<?xml version="1.0" encoding="UTF-8"?>
<testsuite xmlns:xsi="http://www.w3.org/2001/XMLSchema-instance" xsi:noNamespaceSchemaLocation="https://maven.apache.org/surefire/maven-surefire-plugin/xsd/surefire-test-report.xsd" name="org.apache.hadoop.ozone.TestStorageContainerManager" time="390.953" tests="9" errors="1" skipped="0" failures="0">
  <properties>
    <property name="awt.toolkit" value="sun.awt.X11.XToolkit"/>
    <property name="file.encoding.pkg" value="sun.io"/>
    <property name="java.specification.version" value="1.8"/>
    <property name="sun.cpu.isalist" value=""/>
    <property name="sun.jnu.encoding" value="UTF-8"/>
    <property name="java.class.path" value="/workdir/hadoop-ozone/integration-test/target/test-classes:/workdir/hadoop-ozone/integration-test/target/classes:/home/user/.m2/repository/org/apache/hadoop/hadoop-ozone-common/0.5.0-SNAPSHOT/hadoop-ozone-common-0.5.0-SNAPSHOT.jar:/home/user/.m2/repository/org/apache/commons/commons-compress/1.4.1/commons-compress-1.4.1.jar:/home/user/.m2/repository/org/tukaani/xz/1.0/xz-1.0.jar:/home/user/.m2/repository/org/apache/hadoop/hadoop-common/3.2.0/hadoop-common-3.2.0.jar:/home/user/.m2/repository/org/apache/hadoop/hadoop-hdfs/3.2.0/hadoop-hdfs-3.2.0.jar:/home/user/.m2/repository/org/apache/hadoop/hadoop-hdfs-client/3.2.0/hadoop-hdfs-client-3.2.0.jar:/home/user/.m2/repository/com/fasterxml/jackson/core/jackson-annotations/2.9.9/jackson-annotations-2.9.9.jar:/home/user/.m2/repository/org/apache/hadoop/hadoop-hdds-common/0.5.0-SNAPSHOT/hadoop-hdds-common-0.5.0-SNAPSHOT.jar:/home/user/.m2/repository/javax/annotation/javax.annotation-api/1.2/javax.annotation-api-1.2.jar:/home/user/.m2/repository/org/apache/ratis/ratis-server/0.4.0/ratis-server-0.4.0.jar:/home/user/.m2/repository/org/apache/ratis/ratis-thirdparty-misc/0.2.0/ratis-thirdparty-misc-0.2.0.jar:/home/user/.m2/repository/org/apache/ratis/ratis-proto/0.4.0/ratis-proto-0.4.0.jar:/home/user/.m2/repository/org/apache/ratis/ratis-common/0.4.0/ratis-common-0.4.0.jar:/home/user/.m2/repository/org/apache/ratis/ratis-client/0.4.0/ratis-client-0.4.0.jar:/home/user/.m2/repository/org/apache/ratis/ratis-metrics/0.4.0/ratis-metrics-0.4.0.jar:/home/user/.m2/repository/com/github/joshelser/dropwizard-metrics-hadoop-metrics2-reporter/0.1.2/dropwizard-metrics-hadoop-metrics2-reporter-0.1.2.jar:/home/user/.m2/repository/io/dropwizard/metrics/metrics-jvm/3.2.5/metrics-jvm-3.2.5.jar:/home/user/.m2/repository/io/dropwizard/metrics/metrics-ganglia/3.2.5/metrics-ganglia-3.2.5.jar:/home/user/.m2/repository/info/ganglia/gmetric4j/gmetric4j/1.0.7/gmetric4j-1.0.7.jar:/home/user/.m2/repository/org/apache/ratis/ratis-netty/0.4.0/ratis-netty-0.4.0.jar:/home/user/.m2/repository/org/apache/ratis/ratis-grpc/0.4.0/ratis-grpc-0.4.0.jar:/home/user/.m2/repository/org/rocksdb/rocksdbjni/6.0.1/rocksdbjni-6.0.1.jar:/home/user/.m2/repository/org/apache/logging/log4j/log4j-api/2.11.0/log4j-api-2.11.0.jar:/home/user/.m2/repository/org/apache/logging/log4j/log4j-core/2.11.0/log4j-core-2.11.0.jar:/home/user/.m2/repository/com/lmax/disruptor/3.4.2/disruptor-3.4.2.jar:/home/user/.m2/repository/org/apache/commons/commons-pool2/2.6.0/commons-pool2-2.6.0.jar:/home/user/.m2/repository/org/bouncycastle/bcpkix-jdk15on/1.60/bcpkix-jdk15on-1.60.jar:/home/user/.m2/repository/commons-validator/commons-validator/1.6/commons-validator-1.6.jar:/home/user/.m2/repository/commons-digester/commons-digester/1.8.1/commons-digester-1.8.1.jar:/home/user/.m2/repository/io/jaegertracing/jaeger-client/0.34.0/jaeger-client-0.34.0.jar:/home/user/.m2/repository/io/jaegertracing/jaeger-thrift/0.34.0/jaeger-thrift-0.34.0.jar:/home/user/.m2/repository/org/apache/thrift/libthrift/0.12.0/libthrift-0.12.0.jar:/home/user/.m2/repository/com/squareup/okhttp3/okhttp/3.9.0/okhttp-3.9.0.jar:/home/user/.m2/repository/com/squareup/okio/okio/1.13.0/okio-1.13.0.jar:/home/user/.m2/repository/io/jaegertracing/jaeger-core/0.34.0/jaeger-core-0.34.0.jar:/home/user/.m2/repository/io/jaegertracing/jaeger-tracerresolver/0.34.0/jaeger-tracerresolver-0.34.0.jar:/home/user/.m2/repository/io/opentracing/contrib/opentracing-tracerresolver/0.1.5/opentracing-tracerresolver-0.1.5.jar:/home/user/.m2/repository/io/opentracing/opentracing-util/0.31.0/opentracing-util-0.31.0.jar:/home/user/.m2/repository/io/opentracing/opentracing-api/0.31.0/opentracing-api-0.31.0.jar:/home/user/.m2/repository/io/opentracing/opentracing-noop/0.31.0/opentracing-noop-0.31.0.jar:/home/user/.m2/repository/org/apache/hadoop/hadoop-hdds-server-framework/0.5.0-SNAPSHOT/hadoop-hdds-server-framework-0.5.0-SNAPSHOT.jar:/home/user/.m2/repository/org/apache/hadoop/hadoop-hdds-container-service/0.5.0-SNAPSHOT/hadoop-hdds-container-service-0.5.0-SNAPSHOT.jar:/home/user/.m2/repository/org/apache/hadoop/hadoop-hdds-client/0.5.0-SNAPSHOT/hadoop-hdds-client-0.5.0-SNAPSHOT.jar:/home/user/.m2/repository/org/apache/hadoop/hadoop-hdds-tools/0.5.0-SNAPSHOT/hadoop-hdds-tools-0.5.0-SNAPSHOT.jar:/home/user/.m2/repository/org/apache/hadoop/hadoop-hdds-server-scm/0.5.0-SNAPSHOT/hadoop-hdds-server-scm-0.5.0-SNAPSHOT.jar:/home/user/.m2/repository/org/apache/hadoop/hadoop-hdds-docs/0.5.0-SNAPSHOT/hadoop-hdds-docs-0.5.0-SNAPSHOT.jar:/home/user/.m2/repository/io/dropwizard/metrics/metrics-core/3.2.4/metrics-core-3.2.4.jar:/home/user/.m2/repository/org/hamcrest/hamcrest-all/1.3/hamcrest-all-1.3.jar:/home/user/.m2/repository/org/bouncycastle/bcprov-jdk15on/1.60/bcprov-jdk15on-1.60.jar:/home/user/.m2/repository/info/picocli/picocli/3.9.6/picocli-3.9.6.jar:/home/user/.m2/repository/com/google/protobuf/protobuf-java/2.5.0/protobuf-java-2.5.0.jar:/home/user/.m2/repository/com/google/guava/guava/11.0.2/guava-11.0.2.jar:/home/user/.m2/repository/org/apache/hadoop/hadoop-ozone-ozone-manager/0.5.0-SNAPSHOT/hadoop-ozone-ozone-manager-0.5.0-SNAPSHOT.jar:/home/user/.m2/repository/org/apache/hadoop/hadoop-minikdc/3.2.0/hadoop-minikdc-3.2.0.jar:/home/user/.m2/repository/commons-io/commons-io/2.5/commons-io-2.5.jar:/home/user/.m2/repository/org/apache/kerby/kerb-simplekdc/1.0.1/kerb-simplekdc-1.0.1.jar:/home/user/.m2/repository/org/apache/kerby/kerb-client/1.0.1/kerb-client-1.0.1.jar:/home/user/.m2/repository/org/apache/kerby/kerby-config/1.0.1/kerby-config-1.0.1.jar:/home/user/.m2/repository/org/apache/kerby/kerb-core/1.0.1/kerb-core-1.0.1.jar:/home/user/.m2/repository/org/apache/kerby/kerby-pkix/1.0.1/kerby-pkix-1.0.1.jar:/home/user/.m2/repository/org/apache/kerby/kerby-asn1/1.0.1/kerby-asn1-1.0.1.jar:/home/user/.m2/repository/org/apache/kerby/kerby-util/1.0.1/kerby-util-1.0.1.jar:/home/user/.m2/repository/org/apache/kerby/kerb-common/1.0.1/kerb-common-1.0.1.jar:/home/user/.m2/repository/org/apache/kerby/kerb-crypto/1.0.1/kerb-crypto-1.0.1.jar:/home/user/.m2/repository/org/apache/kerby/kerb-util/1.0.1/kerb-util-1.0.1.jar:/home/user/.m2/repository/org/apache/kerby/token-provider/1.0.1/token-provider-1.0.1.jar:/home/user/.m2/repository/org/apache/kerby/kerb-admin/1.0.1/kerb-admin-1.0.1.jar:/home/user/.m2/repository/org/apache/kerby/kerb-server/1.0.1/kerb-server-1.0.1.jar:/home/user/.m2/repository/org/apache/kerby/kerb-identity/1.0.1/kerb-identity-1.0.1.jar:/home/user/.m2/repository/org/apache/kerby/kerby-xdr/1.0.1/kerby-xdr-1.0.1.jar:/home/user/.m2/repository/org/slf4j/slf4j-log4j12/1.7.25/slf4j-log4j12-1.7.25.jar:/home/user/.m2/repository/org/apache/hadoop/hadoop-ozone-s3gateway/0.5.0-SNAPSHOT/hadoop-ozone-s3gateway-0.5.0-SNAPSHOT.jar:/home/user/.m2/repository/org/jboss/weld/servlet/weld-servlet/2.4.7.Final/weld-servlet-2.4.7.Final.jar:/home/user/.m2/repository/org/glassfish/jersey/containers/jersey-container-servlet-core/2.27/jersey-container-servlet-core-2.27.jar:/home/user/.m2/repository/org/glassfish/hk2/external/javax.inject/2.5.0-b42/javax.inject-2.5.0-b42.jar:/home/user/.m2/repository/org/glassfish/jersey/core/jersey-common/2.27/jersey-common-2.27.jar:/home/user/.m2/repository/org/glassfish/hk2/osgi-resource-locator/1.0.1/osgi-resource-locator-1.0.1.jar:/home/user/.m2/repository/javax/ws/rs/javax.ws.rs-api/2.1/javax.ws.rs-api-2.1.jar:/home/user/.m2/repository/org/glassfish/jersey/ext/cdi/jersey-cdi1x/2.27/jersey-cdi1x-2.27.jar:/home/user/.m2/repository/org/glassfish/jersey/inject/jersey-hk2/2.27/jersey-hk2-2.27.jar:/home/user/.m2/repository/org/glassfish/hk2/hk2-locator/2.5.0-b42/hk2-locator-2.5.0-b42.jar:/home/user/.m2/repository/org/javassist/javassist/3.22.0-CR2/javassist-3.22.0-CR2.jar:/home/user/.m2/repository/org/glassfish/hk2/hk2-api/2.5.0/hk2-api-2.5.0.jar:/home/user/.m2/repository/org/glassfish/hk2/external/jakarta.inject/2.5.0/jakarta.inject-2.5.0.jar:/home/user/.m2/repository/org/glassfish/hk2/hk2-utils/2.5.0/hk2-utils-2.5.0.jar:/home/user/.m2/repository/jakarta/annotation/jakarta.annotation-api/1.3.4/jakarta.annotation-api-1.3.4.jar:/home/user/.m2/repository/org/glassfish/hk2/external/aopalliance-repackaged/2.5.0/aopalliance-repackaged-2.5.0.jar:/home/user/.m2/repository/com/fasterxml/jackson/dataformat/jackson-dataformat-xml/2.9.0/jackson-dataformat-xml-2.9.0.jar:/home/user/.m2/repository/com/fasterxml/jackson/core/jackson-core/2.9.9/jackson-core-2.9.9.jar:/home/user/.m2/repository/com/fasterxml/jackson/module/jackson-module-jaxb-annotations/2.9.9/jackson-module-jaxb-annotations-2.9.9.jar:/home/user/.m2/repository/javax/enterprise/cdi-api/1.2/cdi-api-1.2.jar:/home/user/.m2/repository/javax/el/javax.el-api/3.0.0/javax.el-api-3.0.0.jar:/home/user/.m2/repository/javax/interceptor/javax.interceptor-api/1.2/javax.interceptor-api-1.2.jar:/home/user/.m2/repository/javax/inject/javax.inject/1/javax.inject-1.jar:/home/user/.m2/repository/com/sun/xml/bind/jaxb-impl/2.3.0.1/jaxb-impl-2.3.0.1.jar:/home/user/.m2/repository/com/sun/xml/bind/jaxb-core/2.3.0.1/jaxb-core-2.3.0.1.jar:/home/user/.m2/repository/javax/xml/bind/jaxb-api/2.3.0/jaxb-api-2.3.0.jar:/home/user/.m2/repository/javax/activation/activation/1.1.1/activation-1.1.1.jar:/home/user/.m2/repository/org/apache/hadoop/hadoop-ozone-csi/0.5.0-SNAPSHOT/hadoop-ozone-csi-0.5.0-SNAPSHOT.jar:/home/user/.m2/repository/com/google/protobuf/protobuf-java-util/3.5.1/protobuf-java-util-3.5.1.jar:/home/user/.m2/repository/org/apache/hadoop/hadoop-hdds-config/0.5.0-SNAPSHOT/hadoop-hdds-config-0.5.0-SNAPSHOT.jar:/home/user/.m2/repository/io/grpc/grpc-netty/1.17.1/grpc-netty-1.17.1.jar:/home/user/.m2/repository/io/grpc/grpc-core/1.17.1/grpc-core-1.17.1.jar:/home/user/.m2/repository/io/grpc/grpc-context/1.17.1/grpc-context-1.17.1.jar:/home/user/.m2/repository/com/google/errorprone/error_prone_annotations/2.2.0/error_prone_annotations-2.2.0.jar:/home/user/.m2/repository/org/codehaus/mojo/animal-sniffer-annotations/1.17/animal-sniffer-annotations-1.17.jar:/home/user/.m2/repository/io/opencensus/opencensus-api/0.17.0/opencensus-api-0.17.0.jar:/home/user/.m2/repository/io/opencensus/opencensus-contrib-grpc-metrics/0.17.0/opencensus-contrib-grpc-metrics-0.17.0.jar:/home/user/.m2/repository/io/netty/netty-codec-http2/4.1.30.Final/netty-codec-http2-4.1.30.Final.jar:/home/user/.m2/repository/io/netty/netty-codec-http/4.1.30.Final/netty-codec-http-4.1.30.Final.jar:/home/user/.m2/repository/io/netty/netty-codec/4.1.30.Final/netty-codec-4.1.30.Final.jar:/home/user/.m2/repository/io/netty/netty-handler/4.1.30.Final/netty-handler-4.1.30.Final.jar:/home/user/.m2/repository/io/netty/netty-handler-proxy/4.1.30.Final/netty-handler-proxy-4.1.30.Final.jar:/home/user/.m2/repository/io/netty/netty-codec-socks/4.1.30.Final/netty-codec-socks-4.1.30.Final.jar:/home/user/.m2/repository/io/netty/netty-transport-native-epoll/4.1.30.Final/netty-transport-native-epoll-4.1.30.Final.jar:/home/user/.m2/repository/io/netty/netty-common/4.1.30.Final/netty-common-4.1.30.Final.jar:/home/user/.m2/repository/io/netty/netty-buffer/4.1.30.Final/netty-buffer-4.1.30.Final.jar:/home/user/.m2/repository/io/netty/netty-transport/4.1.30.Final/netty-transport-4.1.30.Final.jar:/home/user/.m2/repository/io/netty/netty-resolver/4.1.30.Final/netty-resolver-4.1.30.Final.jar:/home/user/.m2/repository/io/netty/netty-transport-native-unix-common/4.1.30.Final/netty-transport-native-unix-common-4.1.30.Final.jar:/home/user/.m2/repository/io/grpc/grpc-protobuf/1.17.1/grpc-protobuf-1.17.1.jar:/home/user/.m2/repository/com/google/api/grpc/proto-google-common-protos/1.0.0/proto-google-common-protos-1.0.0.jar:/home/user/.m2/repository/io/grpc/grpc-protobuf-lite/1.17.1/grpc-protobuf-lite-1.17.1.jar:/home/user/.m2/repository/io/grpc/grpc-stub/1.17.1/grpc-stub-1.17.1.jar:/home/user/.m2/repository/org/apache/hadoop/hadoop-ozone-recon/0.5.0-SNAPSHOT/hadoop-ozone-recon-0.5.0-SNAPSHOT.jar:/home/user/.m2/repository/org/apache/hadoop/hadoop-ozone-reconcodegen/0.5.0-SNAPSHOT/hadoop-ozone-reconcodegen-0.5.0-SNAPSHOT.jar:/home/user/.m2/repository/com/google/inject/extensions/guice-multibindings/4.0/guice-multibindings-4.0.jar:/home/user/.m2/repository/com/google/inject/guice/4.0/guice-4.0.jar:/home/user/.m2/repository/aopalliance/aopalliance/1.0/aopalliance-1.0.jar:/home/user/.m2/repository/com/google/inject/extensions/guice-servlet/4.0/guice-servlet-4.0.jar:/home/user/.m2/repository/org/glassfish/jersey/containers/jersey-container-servlet/2.27/jersey-container-servlet-2.27.jar:/home/user/.m2/repository/org/glassfish/hk2/guice-bridge/2.5.0/guice-bridge-2.5.0.jar:/home/user/.m2/repository/org/glassfish/jersey/core/jersey-server/2.27/jersey-server-2.27.jar:/home/user/.m2/repository/org/glassfish/jersey/core/jersey-client/2.27/jersey-client-2.27.jar:/home/user/.m2/repository/org/glassfish/jersey/media/jersey-media-jaxb/2.27/jersey-media-jaxb-2.27.jar:/home/user/.m2/repository/javax/validation/validation-api/1.1.0.Final/validation-api-1.1.0.Final.jar:/home/user/.m2/repository/org/glassfish/jersey/media/jersey-media-json-jackson/2.27/jersey-media-json-jackson-2.27.jar:/home/user/.m2/repository/org/glassfish/jersey/ext/jersey-entity-filtering/2.27/jersey-entity-filtering-2.27.jar:/home/user/.m2/repository/com/google/inject/extensions/guice-assistedinject/4.0/guice-assistedinject-4.0.jar:/home/user/.m2/repository/org/jooq/jooq/3.11.10/jooq-3.11.10.jar:/home/user/.m2/repository/org/jooq/jooq-meta/3.11.10/jooq-meta-3.11.10.jar:/home/user/.m2/repository/org/jooq/jooq-codegen/3.11.10/jooq-codegen-3.11.10.jar:/home/user/.m2/repository/com/jolbox/bonecp/0.8.0.RELEASE/bonecp-0.8.0.RELEASE.jar:/home/user/.m2/repository/org/xerial/sqlite-jdbc/3.25.2/sqlite-jdbc-3.25.2.jar:/home/user/.m2/repository/org/springframework/spring-jdbc/5.1.3.RELEASE/spring-jdbc-5.1.3.RELEASE.jar:/home/user/.m2/repository/org/springframework/spring-beans/5.1.3.RELEASE/spring-beans-5.1.3.RELEASE.jar:/home/user/.m2/repository/org/springframework/spring-core/5.1.3.RELEASE/spring-core-5.1.3.RELEASE.jar:/home/user/.m2/repository/org/springframework/spring-jcl/5.1.3.RELEASE/spring-jcl-5.1.3.RELEASE.jar:/home/user/.m2/repository/org/springframework/spring-tx/5.1.3.RELEASE/spring-tx-5.1.3.RELEASE.jar:/home/user/.m2/repository/org/apache/hadoop/hadoop-ozone-client/0.5.0-SNAPSHOT/hadoop-ozone-client-0.5.0-SNAPSHOT.jar:/home/user/.m2/repository/commons-lang/commons-lang/2.6/commons-lang-2.6.jar:/home/user/.m2/repository/org/apache/hadoop/hadoop-ozone-ozone-manager/0.5.0-SNAPSHOT/hadoop-ozone-ozone-manager-0.5.0-SNAPSHOT-tests.jar:/home/user/.m2/repository/junit/junit/4.11/junit-4.11.jar:/home/user/.m2/repository/org/hamcrest/hamcrest-core/1.3/hamcrest-core-1.3.jar:/home/user/.m2/repository/org/openjdk/jmh/jmh-core/1.19/jmh-core-1.19.jar:/home/user/.m2/repository/net/sf/jopt-simple/jopt-simple/4.6/jopt-simple-4.6.jar:/home/user/.m2/repository/org/apache/commons/commons-math3/3.1.1/commons-math3-3.1.1.jar:/home/user/.m2/repository/org/openjdk/jmh/jmh-generator-annprocess/1.19/jmh-generator-annprocess-1.19.jar:/home/user/.m2/repository/org/mockito/mockito-all/1.8.5/mockito-all-1.8.5.jar:/home/user/.m2/repository/org/apache/hadoop/hadoop-kms/3.2.0/hadoop-kms-3.2.0.jar:/home/user/.m2/repository/org/apache/hadoop/hadoop-auth/3.2.0/hadoop-auth-3.2.0.jar:/home/user/.m2/repository/com/nimbusds/nimbus-jose-jwt/4.41.1/nimbus-jose-jwt-4.41.1.jar:/home/user/.m2/repository/com/github/stephenc/jcip/jcip-annotations/1.0-1/jcip-annotations-1.0-1.jar:/home/user/.m2/repository/net/minidev/json-smart/2.3/json-smart-2.3.jar:/home/user/.m2/repository/net/minidev/accessors-smart/1.2/accessors-smart-1.2.jar:/home/user/.m2/repository/org/ow2/asm/asm/5.0.4/asm-5.0.4.jar:/home/user/.m2/repository/org/apache/curator/curator-framework/2.12.0/curator-framework-2.12.0.jar:/home/user/.m2/repository/com/sun/jersey/jersey-core/1.19/jersey-core-1.19.jar:/home/user/.m2/repository/javax/ws/rs/jsr311-api/1.1.1/jsr311-api-1.1.1.jar:/home/user/.m2/repository/com/sun/jersey/jersey-server/1.19/jersey-server-1.19.jar:/home/user/.m2/repository/javax/servlet/javax.servlet-api/3.1.0/javax.servlet-api-3.1.0.jar:/home/user/.m2/repository/org/eclipse/jetty/jetty-server/9.3.25.v20180904/jetty-server-9.3.25.v20180904.jar:/home/user/.m2/repository/org/eclipse/jetty/jetty-http/9.3.25.v20180904/jetty-http-9.3.25.v20180904.jar:/home/user/.m2/repository/org/eclipse/jetty/jetty-io/9.3.25.v20180904/jetty-io-9.3.25.v20180904.jar:/home/user/.m2/repository/org/eclipse/jetty/jetty-webapp/9.3.25.v20180904/jetty-webapp-9.3.25.v20180904.jar:/home/user/.m2/repository/org/eclipse/jetty/jetty-xml/9.3.25.v20180904/jetty-xml-9.3.25.v20180904.jar:/home/user/.m2/repository/log4j/log4j/1.2.17/log4j-1.2.17.jar:/home/user/.m2/repository/org/slf4j/slf4j-api/1.7.25/slf4j-api-1.7.25.jar:/home/user/.m2/repository/org/slf4j/jul-to-slf4j/1.7.25/jul-to-slf4j-1.7.25.jar:/home/user/.m2/repository/org/eclipse/jetty/jetty-util/9.3.25.v20180904/jetty-util-9.3.25.v20180904.jar:/home/user/.m2/repository/com/fasterxml/jackson/core/jackson-databind/2.9.9/jackson-databind-2.9.9.jar:/home/user/.m2/repository/org/apache/hadoop/hadoop-kms/3.2.0/hadoop-kms-3.2.0-tests.jar:/home/user/.m2/repository/org/apache/hadoop/hadoop-hdds-server-scm/0.5.0-SNAPSHOT/hadoop-hdds-server-scm-0.5.0-SNAPSHOT-tests.jar:/home/user/.m2/repository/org/apache/hadoop/hadoop-hdds-container-service/0.5.0-SNAPSHOT/hadoop-hdds-container-service-0.5.0-SNAPSHOT-tests.jar:/home/user/.m2/repository/org/yaml/snakeyaml/1.16/snakeyaml-1.16.jar:/home/user/.m2/repository/org/apache/hadoop/hadoop-common/3.2.0/hadoop-common-3.2.0-tests.jar:/home/user/.m2/repository/org/apache/hadoop/hadoop-annotations/3.2.0/hadoop-annotations-3.2.0.jar:/usr/lib/jvm/java-1.8-openjdk/jre/../lib/tools.jar:/home/user/.m2/repository/commons-cli/commons-cli/1.2/commons-cli-1.2.jar:/home/user/.m2/repository/org/apache/httpcomponents/httpclient/4.5.2/httpclient-4.5.2.jar:/home/user/.m2/repository/org/apache/httpcomponents/httpcore/4.4.4/httpcore-4.4.4.jar:/home/user/.m2/repository/commons-codec/commons-codec/1.11/commons-codec-1.11.jar:/home/user/.m2/repository/commons-net/commons-net/3.6/commons-net-3.6.jar:/home/user/.m2/repository/commons-collections/commons-collections/3.2.2/commons-collections-3.2.2.jar:/home/user/.m2/repository/org/eclipse/jetty/jetty-servlet/9.3.25.v20180904/jetty-servlet-9.3.25.v20180904.jar:/home/user/.m2/repository/org/eclipse/jetty/jetty-security/9.3.25.v20180904/jetty-security-9.3.25.v20180904.jar:/home/user/.m2/repository/javax/servlet/jsp/jsp-api/2.1/jsp-api-2.1.jar:/home/user/.m2/repository/com/sun/jersey/jersey-servlet/1.19/jersey-servlet-1.19.jar:/home/user/.m2/repository/com/sun/jersey/jersey-json/1.19/jersey-json-1.19.jar:/home/user/.m2/repository/org/codehaus/jettison/jettison/1.1/jettison-1.1.jar:/home/user/.m2/repository/org/codehaus/jackson/jackson-core-asl/1.9.13/jackson-core-asl-1.9.13.jar:/home/user/.m2/repository/org/codehaus/jackson/jackson-mapper-asl/1.9.13/jackson-mapper-asl-1.9.13.jar:/home/user/.m2/repository/org/codehaus/jackson/jackson-jaxrs/1.9.13/jackson-jaxrs-1.9.13.jar:/home/user/.m2/repository/org/codehaus/jackson/jackson-xc/1.9.13/jackson-xc-1.9.13.jar:/home/user/.m2/repository/commons-logging/commons-logging/1.1.3/commons-logging-1.1.3.jar:/home/user/.m2/repository/commons-beanutils/commons-beanutils/1.9.4/commons-beanutils-1.9.4.jar:/home/user/.m2/repository/org/apache/commons/commons-configuration2/2.1.1/commons-configuration2-2.1.1.jar:/home/user/.m2/repository/org/apache/commons/commons-lang3/3.7/commons-lang3-3.7.jar:/home/user/.m2/repository/org/apache/commons/commons-text/1.4/commons-text-1.4.jar:/home/user/.m2/repository/org/apache/avro/avro/1.7.7/avro-1.7.7.jar:/home/user/.m2/repository/com/thoughtworks/paranamer/paranamer/2.3/paranamer-2.3.jar:/home/user/.m2/repository/org/xerial/snappy/snappy-java/1.0.5/snappy-java-1.0.5.jar:/home/user/.m2/repository/com/google/re2j/re2j/1.1/re2j-1.1.jar:/home/user/.m2/repository/com/google/code/gson/gson/2.2.4/gson-2.2.4.jar:/home/user/.m2/repository/com/jcraft/jsch/0.1.54/jsch-0.1.54.jar:/home/user/.m2/repository/org/apache/curator/curator-client/2.12.0/curator-client-2.12.0.jar:/home/user/.m2/repository/org/apache/curator/curator-recipes/2.12.0/curator-recipes-2.12.0.jar:/home/user/.m2/repository/com/google/code/findbugs/jsr305/3.0.0/jsr305-3.0.0.jar:/home/user/.m2/repository/org/apache/htrace/htrace-core4/4.1.0-incubating/htrace-core4-4.1.0-incubating.jar:/home/user/.m2/repository/org/apache/zookeeper/zookeeper/3.4.13/zookeeper-3.4.13.jar:/home/user/.m2/repository/jline/jline/0.9.94/jline-0.9.94.jar:/home/user/.m2/repository/org/apache/yetus/audience-annotations/0.5.0/audience-annotations-0.5.0.jar:/home/user/.m2/repository/org/codehaus/woodstox/stax2-api/3.1.4/stax2-api-3.1.4.jar:/home/user/.m2/repository/com/fasterxml/woodstox/woodstox-core/5.0.3/woodstox-core-5.0.3.jar:/home/user/.m2/repository/dnsjava/dnsjava/2.1.7/dnsjava-2.1.7.jar:/home/user/.m2/repository/org/apache/hadoop/hadoop-hdfs/3.2.0/hadoop-hdfs-3.2.0-tests.jar:/home/user/.m2/repository/org/eclipse/jetty/jetty-util-ajax/9.3.25.v20180904/jetty-util-ajax-9.3.25.v20180904.jar:/home/user/.m2/repository/commons-daemon/commons-daemon/1.0.13/commons-daemon-1.0.13.jar:/home/user/.m2/repository/io/netty/netty/3.10.5.Final/netty-3.10.5.Final.jar:/home/user/.m2/repository/io/netty/netty-all/4.0.52.Final/netty-all-4.0.52.Final.jar:/home/user/.m2/repository/org/fusesource/leveldbjni/leveldbjni-all/1.8/leveldbjni-all-1.8.jar:"/>
    <property name="java.vm.vendor" value="IcedTea"/>
    <property name="sun.arch.data.model" value="64"/>
    <property name="test.build.dir" value="/workdir/hadoop-ozone/integration-test/target/test-dir"/>
    <property name="test.cache.data" value=""/>
    <property name="java.vendor.url" value="https://icedtea.classpath.org"/>
    <property name="user.timezone" value=""/>
    <property name="java.vm.specification.version" value="1.8"/>
    <property name="os.name" value="Linux"/>
    <property name="test.build.data" value="/workdir/hadoop-ozone/integration-test/target/test-dir"/>
    <property name="user.country" value="US"/>
    <property name="sun.java.launcher" value="SUN_STANDARD"/>
    <property name="sun.boot.library.path" value="/usr/lib/jvm/java-1.8-openjdk/jre/lib/amd64"/>
    <property name="sun.java.command" value="/workdir/hadoop-ozone/integration-test/target/surefire/surefirebooter2645508055125266907.jar /workdir/hadoop-ozone/integration-test/target/surefire 2019-09-26T14-28-50_291-jvmRun1 surefire8074055910144189809tmp surefire_79953882966387457844tmp"/>
    <property name="test" value="!TestMiniChaosOzoneCluster"/>
    <property name="surefire.test.class.path" value="/workdir/hadoop-ozone/integration-test/target/test-classes:/workdir/hadoop-ozone/integration-test/target/classes:/home/user/.m2/repository/org/apache/hadoop/hadoop-ozone-common/0.5.0-SNAPSHOT/hadoop-ozone-common-0.5.0-SNAPSHOT.jar:/home/user/.m2/repository/org/apache/commons/commons-compress/1.4.1/commons-compress-1.4.1.jar:/home/user/.m2/repository/org/tukaani/xz/1.0/xz-1.0.jar:/home/user/.m2/repository/org/apache/hadoop/hadoop-common/3.2.0/hadoop-common-3.2.0.jar:/home/user/.m2/repository/org/apache/hadoop/hadoop-hdfs/3.2.0/hadoop-hdfs-3.2.0.jar:/home/user/.m2/repository/org/apache/hadoop/hadoop-hdfs-client/3.2.0/hadoop-hdfs-client-3.2.0.jar:/home/user/.m2/repository/com/fasterxml/jackson/core/jackson-annotations/2.9.9/jackson-annotations-2.9.9.jar:/home/user/.m2/repository/org/apache/hadoop/hadoop-hdds-common/0.5.0-SNAPSHOT/hadoop-hdds-common-0.5.0-SNAPSHOT.jar:/home/user/.m2/repository/javax/annotation/javax.annotation-api/1.2/javax.annotation-api-1.2.jar:/home/user/.m2/repository/org/apache/ratis/ratis-server/0.4.0/ratis-server-0.4.0.jar:/home/user/.m2/repository/org/apache/ratis/ratis-thirdparty-misc/0.2.0/ratis-thirdparty-misc-0.2.0.jar:/home/user/.m2/repository/org/apache/ratis/ratis-proto/0.4.0/ratis-proto-0.4.0.jar:/home/user/.m2/repository/org/apache/ratis/ratis-common/0.4.0/ratis-common-0.4.0.jar:/home/user/.m2/repository/org/apache/ratis/ratis-client/0.4.0/ratis-client-0.4.0.jar:/home/user/.m2/repository/org/apache/ratis/ratis-metrics/0.4.0/ratis-metrics-0.4.0.jar:/home/user/.m2/repository/com/github/joshelser/dropwizard-metrics-hadoop-metrics2-reporter/0.1.2/dropwizard-metrics-hadoop-metrics2-reporter-0.1.2.jar:/home/user/.m2/repository/io/dropwizard/metrics/metrics-jvm/3.2.5/metrics-jvm-3.2.5.jar:/home/user/.m2/repository/io/dropwizard/metrics/metrics-ganglia/3.2.5/metrics-ganglia-3.2.5.jar:/home/user/.m2/repository/info/ganglia/gmetric4j/gmetric4j/1.0.7/gmetric4j-1.0.7.jar:/home/user/.m2/repository/org/apache/ratis/ratis-netty/0.4.0/ratis-netty-0.4.0.jar:/home/user/.m2/repository/org/apache/ratis/ratis-grpc/0.4.0/ratis-grpc-0.4.0.jar:/home/user/.m2/repository/org/rocksdb/rocksdbjni/6.0.1/rocksdbjni-6.0.1.jar:/home/user/.m2/repository/org/apache/logging/log4j/log4j-api/2.11.0/log4j-api-2.11.0.jar:/home/user/.m2/repository/org/apache/logging/log4j/log4j-core/2.11.0/log4j-core-2.11.0.jar:/home/user/.m2/repository/com/lmax/disruptor/3.4.2/disruptor-3.4.2.jar:/home/user/.m2/repository/org/apache/commons/commons-pool2/2.6.0/commons-pool2-2.6.0.jar:/home/user/.m2/repository/org/bouncycastle/bcpkix-jdk15on/1.60/bcpkix-jdk15on-1.60.jar:/home/user/.m2/repository/commons-validator/commons-validator/1.6/commons-validator-1.6.jar:/home/user/.m2/repository/commons-digester/commons-digester/1.8.1/commons-digester-1.8.1.jar:/home/user/.m2/repository/io/jaegertracing/jaeger-client/0.34.0/jaeger-client-0.34.0.jar:/home/user/.m2/repository/io/jaegertracing/jaeger-thrift/0.34.0/jaeger-thrift-0.34.0.jar:/home/user/.m2/repository/org/apache/thrift/libthrift/0.12.0/libthrift-0.12.0.jar:/home/user/.m2/repository/com/squareup/okhttp3/okhttp/3.9.0/okhttp-3.9.0.jar:/home/user/.m2/repository/com/squareup/okio/okio/1.13.0/okio-1.13.0.jar:/home/user/.m2/repository/io/jaegertracing/jaeger-core/0.34.0/jaeger-core-0.34.0.jar:/home/user/.m2/repository/io/jaegertracing/jaeger-tracerresolver/0.34.0/jaeger-tracerresolver-0.34.0.jar:/home/user/.m2/repository/io/opentracing/contrib/opentracing-tracerresolver/0.1.5/opentracing-tracerresolver-0.1.5.jar:/home/user/.m2/repository/io/opentracing/opentracing-util/0.31.0/opentracing-util-0.31.0.jar:/home/user/.m2/repository/io/opentracing/opentracing-api/0.31.0/opentracing-api-0.31.0.jar:/home/user/.m2/repository/io/opentracing/opentracing-noop/0.31.0/opentracing-noop-0.31.0.jar:/home/user/.m2/repository/org/apache/hadoop/hadoop-hdds-server-framework/0.5.0-SNAPSHOT/hadoop-hdds-server-framework-0.5.0-SNAPSHOT.jar:/home/user/.m2/repository/org/apache/hadoop/hadoop-hdds-container-service/0.5.0-SNAPSHOT/hadoop-hdds-container-service-0.5.0-SNAPSHOT.jar:/home/user/.m2/repository/org/apache/hadoop/hadoop-hdds-client/0.5.0-SNAPSHOT/hadoop-hdds-client-0.5.0-SNAPSHOT.jar:/home/user/.m2/repository/org/apache/hadoop/hadoop-hdds-tools/0.5.0-SNAPSHOT/hadoop-hdds-tools-0.5.0-SNAPSHOT.jar:/home/user/.m2/repository/org/apache/hadoop/hadoop-hdds-server-scm/0.5.0-SNAPSHOT/hadoop-hdds-server-scm-0.5.0-SNAPSHOT.jar:/home/user/.m2/repository/org/apache/hadoop/hadoop-hdds-docs/0.5.0-SNAPSHOT/hadoop-hdds-docs-0.5.0-SNAPSHOT.jar:/home/user/.m2/repository/io/dropwizard/metrics/metrics-core/3.2.4/metrics-core-3.2.4.jar:/home/user/.m2/repository/org/hamcrest/hamcrest-all/1.3/hamcrest-all-1.3.jar:/home/user/.m2/repository/org/bouncycastle/bcprov-jdk15on/1.60/bcprov-jdk15on-1.60.jar:/home/user/.m2/repository/info/picocli/picocli/3.9.6/picocli-3.9.6.jar:/home/user/.m2/repository/com/google/protobuf/protobuf-java/2.5.0/protobuf-java-2.5.0.jar:/home/user/.m2/repository/com/google/guava/guava/11.0.2/guava-11.0.2.jar:/home/user/.m2/repository/org/apache/hadoop/hadoop-ozone-ozone-manager/0.5.0-SNAPSHOT/hadoop-ozone-ozone-manager-0.5.0-SNAPSHOT.jar:/home/user/.m2/repository/org/apache/hadoop/hadoop-minikdc/3.2.0/hadoop-minikdc-3.2.0.jar:/home/user/.m2/repository/commons-io/commons-io/2.5/commons-io-2.5.jar:/home/user/.m2/repository/org/apache/kerby/kerb-simplekdc/1.0.1/kerb-simplekdc-1.0.1.jar:/home/user/.m2/repository/org/apache/kerby/kerb-client/1.0.1/kerb-client-1.0.1.jar:/home/user/.m2/repository/org/apache/kerby/kerby-config/1.0.1/kerby-config-1.0.1.jar:/home/user/.m2/repository/org/apache/kerby/kerb-core/1.0.1/kerb-core-1.0.1.jar:/home/user/.m2/repository/org/apache/kerby/kerby-pkix/1.0.1/kerby-pkix-1.0.1.jar:/home/user/.m2/repository/org/apache/kerby/kerby-asn1/1.0.1/kerby-asn1-1.0.1.jar:/home/user/.m2/repository/org/apache/kerby/kerby-util/1.0.1/kerby-util-1.0.1.jar:/home/user/.m2/repository/org/apache/kerby/kerb-common/1.0.1/kerb-common-1.0.1.jar:/home/user/.m2/repository/org/apache/kerby/kerb-crypto/1.0.1/kerb-crypto-1.0.1.jar:/home/user/.m2/repository/org/apache/kerby/kerb-util/1.0.1/kerb-util-1.0.1.jar:/home/user/.m2/repository/org/apache/kerby/token-provider/1.0.1/token-provider-1.0.1.jar:/home/user/.m2/repository/org/apache/kerby/kerb-admin/1.0.1/kerb-admin-1.0.1.jar:/home/user/.m2/repository/org/apache/kerby/kerb-server/1.0.1/kerb-server-1.0.1.jar:/home/user/.m2/repository/org/apache/kerby/kerb-identity/1.0.1/kerb-identity-1.0.1.jar:/home/user/.m2/repository/org/apache/kerby/kerby-xdr/1.0.1/kerby-xdr-1.0.1.jar:/home/user/.m2/repository/org/slf4j/slf4j-log4j12/1.7.25/slf4j-log4j12-1.7.25.jar:/home/user/.m2/repository/org/apache/hadoop/hadoop-ozone-s3gateway/0.5.0-SNAPSHOT/hadoop-ozone-s3gateway-0.5.0-SNAPSHOT.jar:/home/user/.m2/repository/org/jboss/weld/servlet/weld-servlet/2.4.7.Final/weld-servlet-2.4.7.Final.jar:/home/user/.m2/repository/org/glassfish/jersey/containers/jersey-container-servlet-core/2.27/jersey-container-servlet-core-2.27.jar:/home/user/.m2/repository/org/glassfish/hk2/external/javax.inject/2.5.0-b42/javax.inject-2.5.0-b42.jar:/home/user/.m2/repository/org/glassfish/jersey/core/jersey-common/2.27/jersey-common-2.27.jar:/home/user/.m2/repository/org/glassfish/hk2/osgi-resource-locator/1.0.1/osgi-resource-locator-1.0.1.jar:/home/user/.m2/repository/javax/ws/rs/javax.ws.rs-api/2.1/javax.ws.rs-api-2.1.jar:/home/user/.m2/repository/org/glassfish/jersey/ext/cdi/jersey-cdi1x/2.27/jersey-cdi1x-2.27.jar:/home/user/.m2/repository/org/glassfish/jersey/inject/jersey-hk2/2.27/jersey-hk2-2.27.jar:/home/user/.m2/repository/org/glassfish/hk2/hk2-locator/2.5.0-b42/hk2-locator-2.5.0-b42.jar:/home/user/.m2/repository/org/javassist/javassist/3.22.0-CR2/javassist-3.22.0-CR2.jar:/home/user/.m2/repository/org/glassfish/hk2/hk2-api/2.5.0/hk2-api-2.5.0.jar:/home/user/.m2/repository/org/glassfish/hk2/external/jakarta.inject/2.5.0/jakarta.inject-2.5.0.jar:/home/user/.m2/repository/org/glassfish/hk2/hk2-utils/2.5.0/hk2-utils-2.5.0.jar:/home/user/.m2/repository/jakarta/annotation/jakarta.annotation-api/1.3.4/jakarta.annotation-api-1.3.4.jar:/home/user/.m2/repository/org/glassfish/hk2/external/aopalliance-repackaged/2.5.0/aopalliance-repackaged-2.5.0.jar:/home/user/.m2/repository/com/fasterxml/jackson/dataformat/jackson-dataformat-xml/2.9.0/jackson-dataformat-xml-2.9.0.jar:/home/user/.m2/repository/com/fasterxml/jackson/core/jackson-core/2.9.9/jackson-core-2.9.9.jar:/home/user/.m2/repository/com/fasterxml/jackson/module/jackson-module-jaxb-annotations/2.9.9/jackson-module-jaxb-annotations-2.9.9.jar:/home/user/.m2/repository/javax/enterprise/cdi-api/1.2/cdi-api-1.2.jar:/home/user/.m2/repository/javax/el/javax.el-api/3.0.0/javax.el-api-3.0.0.jar:/home/user/.m2/repository/javax/interceptor/javax.interceptor-api/1.2/javax.interceptor-api-1.2.jar:/home/user/.m2/repository/javax/inject/javax.inject/1/javax.inject-1.jar:/home/user/.m2/repository/com/sun/xml/bind/jaxb-impl/2.3.0.1/jaxb-impl-2.3.0.1.jar:/home/user/.m2/repository/com/sun/xml/bind/jaxb-core/2.3.0.1/jaxb-core-2.3.0.1.jar:/home/user/.m2/repository/javax/xml/bind/jaxb-api/2.3.0/jaxb-api-2.3.0.jar:/home/user/.m2/repository/javax/activation/activation/1.1.1/activation-1.1.1.jar:/home/user/.m2/repository/org/apache/hadoop/hadoop-ozone-csi/0.5.0-SNAPSHOT/hadoop-ozone-csi-0.5.0-SNAPSHOT.jar:/home/user/.m2/repository/com/google/protobuf/protobuf-java-util/3.5.1/protobuf-java-util-3.5.1.jar:/home/user/.m2/repository/org/apache/hadoop/hadoop-hdds-config/0.5.0-SNAPSHOT/hadoop-hdds-config-0.5.0-SNAPSHOT.jar:/home/user/.m2/repository/io/grpc/grpc-netty/1.17.1/grpc-netty-1.17.1.jar:/home/user/.m2/repository/io/grpc/grpc-core/1.17.1/grpc-core-1.17.1.jar:/home/user/.m2/repository/io/grpc/grpc-context/1.17.1/grpc-context-1.17.1.jar:/home/user/.m2/repository/com/google/errorprone/error_prone_annotations/2.2.0/error_prone_annotations-2.2.0.jar:/home/user/.m2/repository/org/codehaus/mojo/animal-sniffer-annotations/1.17/animal-sniffer-annotations-1.17.jar:/home/user/.m2/repository/io/opencensus/opencensus-api/0.17.0/opencensus-api-0.17.0.jar:/home/user/.m2/repository/io/opencensus/opencensus-contrib-grpc-metrics/0.17.0/opencensus-contrib-grpc-metrics-0.17.0.jar:/home/user/.m2/repository/io/netty/netty-codec-http2/4.1.30.Final/netty-codec-http2-4.1.30.Final.jar:/home/user/.m2/repository/io/netty/netty-codec-http/4.1.30.Final/netty-codec-http-4.1.30.Final.jar:/home/user/.m2/repository/io/netty/netty-codec/4.1.30.Final/netty-codec-4.1.30.Final.jar:/home/user/.m2/repository/io/netty/netty-handler/4.1.30.Final/netty-handler-4.1.30.Final.jar:/home/user/.m2/repository/io/netty/netty-handler-proxy/4.1.30.Final/netty-handler-proxy-4.1.30.Final.jar:/home/user/.m2/repository/io/netty/netty-codec-socks/4.1.30.Final/netty-codec-socks-4.1.30.Final.jar:/home/user/.m2/repository/io/netty/netty-transport-native-epoll/4.1.30.Final/netty-transport-native-epoll-4.1.30.Final.jar:/home/user/.m2/repository/io/netty/netty-common/4.1.30.Final/netty-common-4.1.30.Final.jar:/home/user/.m2/repository/io/netty/netty-buffer/4.1.30.Final/netty-buffer-4.1.30.Final.jar:/home/user/.m2/repository/io/netty/netty-transport/4.1.30.Final/netty-transport-4.1.30.Final.jar:/home/user/.m2/repository/io/netty/netty-resolver/4.1.30.Final/netty-resolver-4.1.30.Final.jar:/home/user/.m2/repository/io/netty/netty-transport-native-unix-common/4.1.30.Final/netty-transport-native-unix-common-4.1.30.Final.jar:/home/user/.m2/repository/io/grpc/grpc-protobuf/1.17.1/grpc-protobuf-1.17.1.jar:/home/user/.m2/repository/com/google/api/grpc/proto-google-common-protos/1.0.0/proto-google-common-protos-1.0.0.jar:/home/user/.m2/repository/io/grpc/grpc-protobuf-lite/1.17.1/grpc-protobuf-lite-1.17.1.jar:/home/user/.m2/repository/io/grpc/grpc-stub/1.17.1/grpc-stub-1.17.1.jar:/home/user/.m2/repository/org/apache/hadoop/hadoop-ozone-recon/0.5.0-SNAPSHOT/hadoop-ozone-recon-0.5.0-SNAPSHOT.jar:/home/user/.m2/repository/org/apache/hadoop/hadoop-ozone-reconcodegen/0.5.0-SNAPSHOT/hadoop-ozone-reconcodegen-0.5.0-SNAPSHOT.jar:/home/user/.m2/repository/com/google/inject/extensions/guice-multibindings/4.0/guice-multibindings-4.0.jar:/home/user/.m2/repository/com/google/inject/guice/4.0/guice-4.0.jar:/home/user/.m2/repository/aopalliance/aopalliance/1.0/aopalliance-1.0.jar:/home/user/.m2/repository/com/google/inject/extensions/guice-servlet/4.0/guice-servlet-4.0.jar:/home/user/.m2/repository/org/glassfish/jersey/containers/jersey-container-servlet/2.27/jersey-container-servlet-2.27.jar:/home/user/.m2/repository/org/glassfish/hk2/guice-bridge/2.5.0/guice-bridge-2.5.0.jar:/home/user/.m2/repository/org/glassfish/jersey/core/jersey-server/2.27/jersey-server-2.27.jar:/home/user/.m2/repository/org/glassfish/jersey/core/jersey-client/2.27/jersey-client-2.27.jar:/home/user/.m2/repository/org/glassfish/jersey/media/jersey-media-jaxb/2.27/jersey-media-jaxb-2.27.jar:/home/user/.m2/repository/javax/validation/validation-api/1.1.0.Final/validation-api-1.1.0.Final.jar:/home/user/.m2/repository/org/glassfish/jersey/media/jersey-media-json-jackson/2.27/jersey-media-json-jackson-2.27.jar:/home/user/.m2/repository/org/glassfish/jersey/ext/jersey-entity-filtering/2.27/jersey-entity-filtering-2.27.jar:/home/user/.m2/repository/com/google/inject/extensions/guice-assistedinject/4.0/guice-assistedinject-4.0.jar:/home/user/.m2/repository/org/jooq/jooq/3.11.10/jooq-3.11.10.jar:/home/user/.m2/repository/org/jooq/jooq-meta/3.11.10/jooq-meta-3.11.10.jar:/home/user/.m2/repository/org/jooq/jooq-codegen/3.11.10/jooq-codegen-3.11.10.jar:/home/user/.m2/repository/com/jolbox/bonecp/0.8.0.RELEASE/bonecp-0.8.0.RELEASE.jar:/home/user/.m2/repository/org/xerial/sqlite-jdbc/3.25.2/sqlite-jdbc-3.25.2.jar:/home/user/.m2/repository/org/springframework/spring-jdbc/5.1.3.RELEASE/spring-jdbc-5.1.3.RELEASE.jar:/home/user/.m2/repository/org/springframework/spring-beans/5.1.3.RELEASE/spring-beans-5.1.3.RELEASE.jar:/home/user/.m2/repository/org/springframework/spring-core/5.1.3.RELEASE/spring-core-5.1.3.RELEASE.jar:/home/user/.m2/repository/org/springframework/spring-jcl/5.1.3.RELEASE/spring-jcl-5.1.3.RELEASE.jar:/home/user/.m2/repository/org/springframework/spring-tx/5.1.3.RELEASE/spring-tx-5.1.3.RELEASE.jar:/home/user/.m2/repository/org/apache/hadoop/hadoop-ozone-client/0.5.0-SNAPSHOT/hadoop-ozone-client-0.5.0-SNAPSHOT.jar:/home/user/.m2/repository/commons-lang/commons-lang/2.6/commons-lang-2.6.jar:/home/user/.m2/repository/org/apache/hadoop/hadoop-ozone-ozone-manager/0.5.0-SNAPSHOT/hadoop-ozone-ozone-manager-0.5.0-SNAPSHOT-tests.jar:/home/user/.m2/repository/junit/junit/4.11/junit-4.11.jar:/home/user/.m2/repository/org/hamcrest/hamcrest-core/1.3/hamcrest-core-1.3.jar:/home/user/.m2/repository/org/openjdk/jmh/jmh-core/1.19/jmh-core-1.19.jar:/home/user/.m2/repository/net/sf/jopt-simple/jopt-simple/4.6/jopt-simple-4.6.jar:/home/user/.m2/repository/org/apache/commons/commons-math3/3.1.1/commons-math3-3.1.1.jar:/home/user/.m2/repository/org/openjdk/jmh/jmh-generator-annprocess/1.19/jmh-generator-annprocess-1.19.jar:/home/user/.m2/repository/org/mockito/mockito-all/1.8.5/mockito-all-1.8.5.jar:/home/user/.m2/repository/org/apache/hadoop/hadoop-kms/3.2.0/hadoop-kms-3.2.0.jar:/home/user/.m2/repository/org/apache/hadoop/hadoop-auth/3.2.0/hadoop-auth-3.2.0.jar:/home/user/.m2/repository/com/nimbusds/nimbus-jose-jwt/4.41.1/nimbus-jose-jwt-4.41.1.jar:/home/user/.m2/repository/com/github/stephenc/jcip/jcip-annotations/1.0-1/jcip-annotations-1.0-1.jar:/home/user/.m2/repository/net/minidev/json-smart/2.3/json-smart-2.3.jar:/home/user/.m2/repository/net/minidev/accessors-smart/1.2/accessors-smart-1.2.jar:/home/user/.m2/repository/org/ow2/asm/asm/5.0.4/asm-5.0.4.jar:/home/user/.m2/repository/org/apache/curator/curator-framework/2.12.0/curator-framework-2.12.0.jar:/home/user/.m2/repository/com/sun/jersey/jersey-core/1.19/jersey-core-1.19.jar:/home/user/.m2/repository/javax/ws/rs/jsr311-api/1.1.1/jsr311-api-1.1.1.jar:/home/user/.m2/repository/com/sun/jersey/jersey-server/1.19/jersey-server-1.19.jar:/home/user/.m2/repository/javax/servlet/javax.servlet-api/3.1.0/javax.servlet-api-3.1.0.jar:/home/user/.m2/repository/org/eclipse/jetty/jetty-server/9.3.25.v20180904/jetty-server-9.3.25.v20180904.jar:/home/user/.m2/repository/org/eclipse/jetty/jetty-http/9.3.25.v20180904/jetty-http-9.3.25.v20180904.jar:/home/user/.m2/repository/org/eclipse/jetty/jetty-io/9.3.25.v20180904/jetty-io-9.3.25.v20180904.jar:/home/user/.m2/repository/org/eclipse/jetty/jetty-webapp/9.3.25.v20180904/jetty-webapp-9.3.25.v20180904.jar:/home/user/.m2/repository/org/eclipse/jetty/jetty-xml/9.3.25.v20180904/jetty-xml-9.3.25.v20180904.jar:/home/user/.m2/repository/log4j/log4j/1.2.17/log4j-1.2.17.jar:/home/user/.m2/repository/org/slf4j/slf4j-api/1.7.25/slf4j-api-1.7.25.jar:/home/user/.m2/repository/org/slf4j/jul-to-slf4j/1.7.25/jul-to-slf4j-1.7.25.jar:/home/user/.m2/repository/org/eclipse/jetty/jetty-util/9.3.25.v20180904/jetty-util-9.3.25.v20180904.jar:/home/user/.m2/repository/com/fasterxml/jackson/core/jackson-databind/2.9.9/jackson-databind-2.9.9.jar:/home/user/.m2/repository/org/apache/hadoop/hadoop-kms/3.2.0/hadoop-kms-3.2.0-tests.jar:/home/user/.m2/repository/org/apache/hadoop/hadoop-hdds-server-scm/0.5.0-SNAPSHOT/hadoop-hdds-server-scm-0.5.0-SNAPSHOT-tests.jar:/home/user/.m2/repository/org/apache/hadoop/hadoop-hdds-container-service/0.5.0-SNAPSHOT/hadoop-hdds-container-service-0.5.0-SNAPSHOT-tests.jar:/home/user/.m2/repository/org/yaml/snakeyaml/1.16/snakeyaml-1.16.jar:/home/user/.m2/repository/org/apache/hadoop/hadoop-common/3.2.0/hadoop-common-3.2.0-tests.jar:/home/user/.m2/repository/org/apache/hadoop/hadoop-annotations/3.2.0/hadoop-annotations-3.2.0.jar:/usr/lib/jvm/java-1.8-openjdk/jre/../lib/tools.jar:/home/user/.m2/repository/commons-cli/commons-cli/1.2/commons-cli-1.2.jar:/home/user/.m2/repository/org/apache/httpcomponents/httpclient/4.5.2/httpclient-4.5.2.jar:/home/user/.m2/repository/org/apache/httpcomponents/httpcore/4.4.4/httpcore-4.4.4.jar:/home/user/.m2/repository/commons-codec/commons-codec/1.11/commons-codec-1.11.jar:/home/user/.m2/repository/commons-net/commons-net/3.6/commons-net-3.6.jar:/home/user/.m2/repository/commons-collections/commons-collections/3.2.2/commons-collections-3.2.2.jar:/home/user/.m2/repository/org/eclipse/jetty/jetty-servlet/9.3.25.v20180904/jetty-servlet-9.3.25.v20180904.jar:/home/user/.m2/repository/org/eclipse/jetty/jetty-security/9.3.25.v20180904/jetty-security-9.3.25.v20180904.jar:/home/user/.m2/repository/javax/servlet/jsp/jsp-api/2.1/jsp-api-2.1.jar:/home/user/.m2/repository/com/sun/jersey/jersey-servlet/1.19/jersey-servlet-1.19.jar:/home/user/.m2/repository/com/sun/jersey/jersey-json/1.19/jersey-json-1.19.jar:/home/user/.m2/repository/org/codehaus/jettison/jettison/1.1/jettison-1.1.jar:/home/user/.m2/repository/org/codehaus/jackson/jackson-core-asl/1.9.13/jackson-core-asl-1.9.13.jar:/home/user/.m2/repository/org/codehaus/jackson/jackson-mapper-asl/1.9.13/jackson-mapper-asl-1.9.13.jar:/home/user/.m2/repository/org/codehaus/jackson/jackson-jaxrs/1.9.13/jackson-jaxrs-1.9.13.jar:/home/user/.m2/repository/org/codehaus/jackson/jackson-xc/1.9.13/jackson-xc-1.9.13.jar:/home/user/.m2/repository/commons-logging/commons-logging/1.1.3/commons-logging-1.1.3.jar:/home/user/.m2/repository/commons-beanutils/commons-beanutils/1.9.4/commons-beanutils-1.9.4.jar:/home/user/.m2/repository/org/apache/commons/commons-configuration2/2.1.1/commons-configuration2-2.1.1.jar:/home/user/.m2/repository/org/apache/commons/commons-lang3/3.7/commons-lang3-3.7.jar:/home/user/.m2/repository/org/apache/commons/commons-text/1.4/commons-text-1.4.jar:/home/user/.m2/repository/org/apache/avro/avro/1.7.7/avro-1.7.7.jar:/home/user/.m2/repository/com/thoughtworks/paranamer/paranamer/2.3/paranamer-2.3.jar:/home/user/.m2/repository/org/xerial/snappy/snappy-java/1.0.5/snappy-java-1.0.5.jar:/home/user/.m2/repository/com/google/re2j/re2j/1.1/re2j-1.1.jar:/home/user/.m2/repository/com/google/code/gson/gson/2.2.4/gson-2.2.4.jar:/home/user/.m2/repository/com/jcraft/jsch/0.1.54/jsch-0.1.54.jar:/home/user/.m2/repository/org/apache/curator/curator-client/2.12.0/curator-client-2.12.0.jar:/home/user/.m2/repository/org/apache/curator/curator-recipes/2.12.0/curator-recipes-2.12.0.jar:/home/user/.m2/repository/com/google/code/findbugs/jsr305/3.0.0/jsr305-3.0.0.jar:/home/user/.m2/repository/org/apache/htrace/htrace-core4/4.1.0-incubating/htrace-core4-4.1.0-incubating.jar:/home/user/.m2/repository/org/apache/zookeeper/zookeeper/3.4.13/zookeeper-3.4.13.jar:/home/user/.m2/repository/jline/jline/0.9.94/jline-0.9.94.jar:/home/user/.m2/repository/org/apache/yetus/audience-annotations/0.5.0/audience-annotations-0.5.0.jar:/home/user/.m2/repository/org/codehaus/woodstox/stax2-api/3.1.4/stax2-api-3.1.4.jar:/home/user/.m2/repository/com/fasterxml/woodstox/woodstox-core/5.0.3/woodstox-core-5.0.3.jar:/home/user/.m2/repository/dnsjava/dnsjava/2.1.7/dnsjava-2.1.7.jar:/home/user/.m2/repository/org/apache/hadoop/hadoop-hdfs/3.2.0/hadoop-hdfs-3.2.0-tests.jar:/home/user/.m2/repository/org/eclipse/jetty/jetty-util-ajax/9.3.25.v20180904/jetty-util-ajax-9.3.25.v20180904.jar:/home/user/.m2/repository/commons-daemon/commons-daemon/1.0.13/commons-daemon-1.0.13.jar:/home/user/.m2/repository/io/netty/netty/3.10.5.Final/netty-3.10.5.Final.jar:/home/user/.m2/repository/io/netty/netty-all/4.0.52.Final/netty-all-4.0.52.Final.jar:/home/user/.m2/repository/org/fusesource/leveldbjni/leveldbjni-all/1.8/leveldbjni-all-1.8.jar:"/>
    <property name="sun.cpu.endian" value="little"/>
    <property name="user.home" value="/home/user"/>
    <property name="user.language" value="en"/>
    <property name="java.specification.vendor" value="Oracle Corporation"/>
    <property name="java.home" value="/usr/lib/jvm/java-1.8-openjdk/jre"/>
    <property name="java.security.krb5.conf" value="/workdir/hadoop-ozone/integration-test/target/test-classes/krb5.conf"/>
    <property name="basedir" value="/workdir/hadoop-ozone/integration-test"/>
    <property name="file.separator" value="/"/>
    <property name="line.separator" value="&#10;"/>
    <property name="java.vm.specification.vendor" value="Oracle Corporation"/>
    <property name="java.specification.name" value="Java Platform API Specification"/>
    <property name="java.awt.graphicsenv" value="sun.awt.X11GraphicsEnvironment"/>
    <property name="surefire.real.class.path" value="/workdir/hadoop-ozone/integration-test/target/surefire/surefirebooter2645508055125266907.jar"/>
    <property name="hadoop.log.dir" value="/workdir/hadoop-ozone/integration-test/target/log"/>
    <property name="sun.boot.class.path" value="/usr/lib/jvm/java-1.8-openjdk/jre/lib/resources.jar:/usr/lib/jvm/java-1.8-openjdk/jre/lib/rt.jar:/usr/lib/jvm/java-1.8-openjdk/jre/lib/sunrsasign.jar:/usr/lib/jvm/java-1.8-openjdk/jre/lib/jsse.jar:/usr/lib/jvm/java-1.8-openjdk/jre/lib/jce.jar:/usr/lib/jvm/java-1.8-openjdk/jre/lib/charsets.jar:/usr/lib/jvm/java-1.8-openjdk/jre/lib/jfr.jar:/usr/lib/jvm/java-1.8-openjdk/jre/classes"/>
    <property name="sun.management.compiler" value="HotSpot 64-Bit Tiered Compilers"/>
    <property name="java.runtime.version" value="1.8.0_212-b04"/>
    <property name="java.net.preferIPv4Stack" value="true"/>
    <property name="user.name" value="jenkins1000"/>
    <property name="path.separator" value=":"/>
    <property name="java.security.egd" value="file:///dev/urandom"/>
    <property name="os.version" value="3.10.0-957.12.2.el7.x86_64"/>
    <property name="java.endorsed.dirs" value="/usr/lib/jvm/java-1.8-openjdk/jre/lib/endorsed"/>
    <property name="java.runtime.name" value="OpenJDK Runtime Environment"/>
    <property name="file.encoding" value="UTF-8"/>
    <property name="java.vm.name" value="OpenJDK 64-Bit Server VM"/>
    <property name="test.build.webapps" value=""/>
    <property name="localRepository" value="/home/user/.m2/repository"/>
    <property name="java.vendor.url.bug" value="https://icedtea.classpath.org/bugzilla"/>
    <property name="java.io.tmpdir" value="/tmp"/>
    <property name="require.test.libhadoop" value=""/>
    <property name="java.version" value="1.8.0_212"/>
    <property name="user.dir" value="/workdir/hadoop-ozone/integration-test"/>
    <property name="os.arch" value="amd64"/>
    <property name="java.vm.specification.name" value="Java Virtual Machine Specification"/>
    <property name="test.build.classes" value="/workdir/hadoop-ozone/integration-test/target/test-classes"/>
    <property name="java.awt.printerjob" value="sun.print.PSPrinterJob"/>
    <property name="sun.os.patch.level" value="unknown"/>
    <property name="hadoop.tmp.dir" value="/workdir/hadoop-ozone/integration-test/target/tmp"/>
    <property name="java.library.path" value="/usr/lib/jvm/java-1.8-openjdk/jre/lib/amd64/server:/usr/lib/jvm/java-1.8-openjdk/jre/lib/amd64:/usr/lib/jvm/java-1.8-openjdk/jre/../lib/amd64:/workdir/hadoop-ozone/integration-test/target/native/target/usr/local/lib:/workdir/hadoop-ozone/integration-test/../../hadoop-common-project/hadoop-common/target/native/target/usr/local/lib:/usr/java/packages/lib/amd64:/usr/lib64:/lib64:/lib:/usr/lib"/>
    <property name="java.vm.info" value="mixed mode"/>
    <property name="java.vendor" value="IcedTea"/>
    <property name="java.vm.version" value="25.212-b04"/>
    <property name="java.ext.dirs" value="/usr/lib/jvm/java-1.8-openjdk/jre/lib/ext:/usr/java/packages/lib/ext"/>
    <property name="sun.io.unicode.encoding" value="UnicodeLittle"/>
    <property name="java.class.version" value="52.0"/>
  </properties>
  <testcase name="testBlockDeletionTransactions" classname="org.apache.hadoop.ozone.TestStorageContainerManager" time="44.834"/>
  <testcase name="testBlockDeletingThrottling" classname="org.apache.hadoop.ozone.TestStorageContainerManager" time="37.673"/>
  <testcase name="testSCMReinitialization" classname="org.apache.hadoop.ozone.TestStorageContainerManager" time="12.288"/>
  <testcase name="testCloseContainerCommandOnRestart" classname="org.apache.hadoop.ozone.TestStorageContainerManager" time="104.587"/>
  <testcase name="testRpcPermission" classname="org.apache.hadoop.ozone.TestStorageContainerManager" time="118.232"/>
  <testcase name="testSCMInitializationFailure" classname="org.apache.hadoop.ozone.TestStorageContainerManager" time="0.051"/>
  <testcase name="testSCMInitialization" classname="org.apache.hadoop.ozone.TestStorageContainerManager" time="0.112"/>
  <testcase name="testScmProcessDatanodeHeartbeat" classname="org.apache.hadoop.ozone.TestStorageContainerManager" time="69.277">
    <error message="test timed out after 60000 milliseconds" type="java.lang.Exception">java.lang.Exception: test timed out after 60000 milliseconds
	at org.apache.log4j.Category.callAppenders(Category.java:204)
	at org.apache.log4j.Category.forcedLog(Category.java:391)
	at org.apache.log4j.Category.log(Category.java:856)
	at org.slf4j.impl.Log4jLoggerAdapter.info(Log4jLoggerAdapter.java:305)
	at org.apache.hadoop.ozone.container.ozoneimpl.OzoneContainer.stop(OzoneContainer.java:231)
	at org.apache.hadoop.ozone.container.common.statemachine.DatanodeStateMachine.close(DatanodeStateMachine.java:270)
	at org.apache.hadoop.ozone.container.common.statemachine.DatanodeStateMachine.stopDaemon(DatanodeStateMachine.java:394)
	at org.apache.hadoop.ozone.HddsDatanodeService.stop(HddsDatanodeService.java:457)
	at org.apache.hadoop.ozone.MiniOzoneClusterImpl.stopDatanode(MiniOzoneClusterImpl.java:385)
	at org.apache.hadoop.ozone.MiniOzoneClusterImpl$$Lambda$534/920691738.accept(Unknown Source)
	at java.util.stream.ForEachOps$ForEachOp$OfRef.accept(ForEachOps.java:184)
	at java.util.ArrayList$ArrayListSpliterator.forEachRemaining(ArrayList.java:1382)
	at java.util.stream.AbstractPipeline.copyInto(AbstractPipeline.java:482)
	at java.util.stream.ForEachOps$ForEachTask.compute(ForEachOps.java:291)
	at java.util.concurrent.CountedCompleter.exec(CountedCompleter.java:731)
	at java.util.concurrent.ForkJoinTask.doExec(ForkJoinTask.java:289)
	at java.util.concurrent.ForkJoinTask.doInvoke(ForkJoinTask.java:401)
	at java.util.concurrent.ForkJoinTask.invoke(ForkJoinTask.java:734)
	at java.util.stream.ForEachOps$ForEachOp.evaluateParallel(ForEachOps.java:160)
	at java.util.stream.ForEachOps$ForEachOp$OfRef.evaluateParallel(ForEachOps.java:174)
	at java.util.stream.AbstractPipeline.evaluate(AbstractPipeline.java:233)
	at java.util.stream.ReferencePipeline.forEach(ReferencePipeline.java:418)
	at java.util.stream.ReferencePipeline$Head.forEach(ReferencePipeline.java:583)
	at org.apache.hadoop.ozone.MiniOzoneClusterImpl.stopDatanodes(MiniOzoneClusterImpl.java:379)
	at org.apache.hadoop.ozone.MiniOzoneClusterImpl.stop(MiniOzoneClusterImpl.java:332)
	at org.apache.hadoop.ozone.MiniOzoneClusterImpl.shutdown(MiniOzoneClusterImpl.java:319)
	at org.apache.hadoop.ozone.TestStorageContainerManager.testScmProcessDatanodeHeartbeat(TestStorageContainerManager.java:559)
	at sun.reflect.NativeMethodAccessorImpl.invoke0(Native Method)
	at sun.reflect.NativeMethodAccessorImpl.invoke(NativeMethodAccessorImpl.java:62)
	at sun.reflect.DelegatingMethodAccessorImpl.invoke(DelegatingMethodAccessorImpl.java:43)
	at java.lang.reflect.Method.invoke(Method.java:498)
	at org.junit.runners.model.FrameworkMethod$1.runReflectiveCall(FrameworkMethod.java:47)
	at org.junit.internal.runners.model.ReflectiveCallable.run(ReflectiveCallable.java:12)
	at org.junit.runners.model.FrameworkMethod.invokeExplosively(FrameworkMethod.java:44)
	at org.junit.internal.runners.statements.InvokeMethod.evaluate(InvokeMethod.java:17)
	at org.junit.internal.runners.statements.FailOnTimeout$StatementThread.run(FailOnTimeout.java:74)
</error>
    <system-out><![CDATA[2019-09-26 19:35:43,615 [Thread-6219] WARN  server.ServerUtils (ServerUtils.java:getScmDbDir(145)) - ozone.scm.db.dirs is not configured. We recommend adding this setting. Falling back to ozone.metadata.dirs instead.
2019-09-26 19:35:43,629 [Thread-6219] WARN  server.ServerUtils (ServerUtils.java:getScmDbDir(145)) - ozone.scm.db.dirs is not configured. We recommend adding this setting. Falling back to ozone.metadata.dirs instead.
2019-09-26 19:35:43,630 [Thread-6219] WARN  server.ServerUtils (ServerUtils.java:getScmDbDir(145)) - ozone.scm.db.dirs is not configured. We recommend adding this setting. Falling back to ozone.metadata.dirs instead.
2019-09-26 19:35:43,630 [Thread-6219] INFO  db.DBStoreBuilder (DBStoreBuilder.java:addTable(110)) - using custom profile for table: deletedBlocks
2019-09-26 19:35:43,630 [Thread-6219] INFO  db.DBStoreBuilder (DBStoreBuilder.java:processTables(161)) - Using default column profile:DBProfile.DISK for Table:deletedBlocks
2019-09-26 19:35:43,631 [Thread-6219] INFO  db.DBStoreBuilder (DBStoreBuilder.java:addTable(110)) - using custom profile for table: validCerts
2019-09-26 19:35:43,631 [Thread-6219] INFO  db.DBStoreBuilder (DBStoreBuilder.java:processTables(161)) - Using default column profile:DBProfile.DISK for Table:validCerts
2019-09-26 19:35:43,631 [Thread-6219] INFO  db.DBStoreBuilder (DBStoreBuilder.java:addTable(110)) - using custom profile for table: revokedCerts
2019-09-26 19:35:43,631 [Thread-6219] INFO  db.DBStoreBuilder (DBStoreBuilder.java:processTables(161)) - Using default column profile:DBProfile.DISK for Table:revokedCerts
2019-09-26 19:35:43,631 [Thread-6219] INFO  db.DBStoreBuilder (DBStoreBuilder.java:addTable(110)) - using custom profile for table: default
2019-09-26 19:35:43,632 [Thread-6219] INFO  db.DBStoreBuilder (DBStoreBuilder.java:processTables(167)) - Using default column profile:DBProfile.DISK for Table:default
2019-09-26 19:35:43,632 [Thread-6219] INFO  db.DBStoreBuilder (DBStoreBuilder.java:getDbProfile(198)) - Using default options. DBProfile.DISK
2019-09-26 19:35:43,813 [Thread-6219] INFO  net.NodeSchemaLoader (NodeSchemaLoader.java:loadSchemaFromFile(125)) - Loading file from sun.misc.CompoundEnumeration@5f223a59
2019-09-26 19:35:43,814 [Thread-6219] INFO  net.NodeSchemaLoader (NodeSchemaLoader.java:loadSchema(171)) - Loading network topology layer schema file
2019-09-26 19:35:43,818 [Thread-6219] WARN  server.ServerUtils (ServerUtils.java:sanitizeUserArgs(70)) - ozone.scm.stale.node.interval value = 300000 is larger than max = 100000 based on the key value of ozone.scm.heartbeat.thread.interval, reset to the max value 100000.
2019-09-26 19:35:43,818 [Thread-6219] WARN  server.ServerUtils (ServerUtils.java:sanitizeUserArgs(70)) - ozone.scm.stale.node.interval value = 300000 is larger than max = 100000 based on the key value of ozone.scm.heartbeat.thread.interval, reset to the max value 100000.
2019-09-26 19:35:43,819 [Thread-6219] INFO  node.SCMNodeManager (SCMNodeManager.java:<init>(114)) - Entering startup safe mode.
2019-09-26 19:35:43,819 [Thread-6219] INFO  Configuration.deprecation (Configuration.java:logDeprecation(1394)) - hadoop.configured.node.mapping is deprecated. Instead, use net.topology.configured.node.mapping
2019-09-26 19:35:43,820 [Thread-6219] INFO  algorithms.ContainerPlacementPolicyFactory (ContainerPlacementPolicyFactory.java:getPolicy(59)) - Create container placement policy of type org.apache.hadoop.hdds.scm.container.placement.algorithms.SCMContainerPlacementRandom
2019-09-26 19:35:43,820 [Thread-6219] WARN  server.ServerUtils (ServerUtils.java:getScmDbDir(145)) - ozone.scm.db.dirs is not configured. We recommend adding this setting. Falling back to ozone.metadata.dirs instead.
2019-09-26 19:35:43,890 [Thread-6219] INFO  pipeline.SCMPipelineManager (SCMPipelineManager.java:initializePipelineState(132)) - No pipeline exists in current db
2019-09-26 19:35:43,890 [Thread-6219] WARN  server.ServerUtils (ServerUtils.java:getScmDbDir(145)) - ozone.scm.db.dirs is not configured. We recommend adding this setting. Falling back to ozone.metadata.dirs instead.
2019-09-26 19:35:43,943 [Thread-6219] WARN  events.EventQueue (EventQueue.java:fireEvent(183)) - No event handler registered for event TypedEvent{payloadType=SafeModeStatus, name='SafeModeStatus'}
2019-09-26 19:35:43,943 [Thread-6219] INFO  ipc.CallQueueManager (CallQueueManager.java:<init>(84)) - Using callQueue: class java.util.concurrent.LinkedBlockingQueue, queueCapacity: 2000, scheduler: class org.apache.hadoop.ipc.DefaultRpcScheduler, ipcBackoff: false.
2019-09-26 19:35:43,944 [Socket Reader #1 for port 35985] INFO  ipc.Server (Server.java:run(1074)) - Starting Socket Reader #1 for port 35985
2019-09-26 19:35:43,953 [Thread-6219] INFO  ipc.CallQueueManager (CallQueueManager.java:<init>(84)) - Using callQueue: class java.util.concurrent.LinkedBlockingQueue, queueCapacity: 2000, scheduler: class org.apache.hadoop.ipc.DefaultRpcScheduler, ipcBackoff: false.
2019-09-26 19:35:43,954 [Socket Reader #1 for port 37711] INFO  ipc.Server (Server.java:run(1074)) - Starting Socket Reader #1 for port 37711
2019-09-26 19:35:43,961 [Thread-6219] INFO  ipc.CallQueueManager (CallQueueManager.java:<init>(84)) - Using callQueue: class java.util.concurrent.LinkedBlockingQueue, queueCapacity: 2000, scheduler: class org.apache.hadoop.ipc.DefaultRpcScheduler, ipcBackoff: false.
2019-09-26 19:35:43,962 [Socket Reader #1 for port 45552] INFO  ipc.Server (Server.java:run(1074)) - Starting Socket Reader #1 for port 45552
2019-09-26 19:35:43,970 [Thread-6219] INFO  hdfs.DFSUtil (DFSUtil.java:httpServerTemplateForNNAndJN(1641)) - Starting Web-server for scm at: http://0.0.0.0:0
2019-09-26 19:35:43,972 [Thread-6219] INFO  server.AuthenticationFilter (AuthenticationFilter.java:constructSecretProvider(240)) - Unable to initialize FileSignerSecretProvider, falling back to use random secrets.
2019-09-26 19:35:43,973 [Thread-6219] WARN  http.HttpRequestLog (HttpRequestLog.java:getRequestLog(97)) - Jetty request log can only be enabled using Log4j
2019-09-26 19:35:43,975 [Thread-6219] INFO  http.HttpServer2 (HttpServer2.java:addGlobalFilter(975)) - Added global filter 'safety' (class=org.apache.hadoop.http.HttpServer2$QuotingInputFilter)
2019-09-26 19:35:43,975 [Thread-6219] INFO  http.HttpServer2 (HttpServer2.java:addFilter(948)) - Added filter static_user_filter (class=org.apache.hadoop.http.lib.StaticUserWebFilter$StaticUserFilter) to context scm
2019-09-26 19:35:43,975 [Thread-6219] INFO  http.HttpServer2 (HttpServer2.java:addFilter(958)) - Added filter static_user_filter (class=org.apache.hadoop.http.lib.StaticUserWebFilter$StaticUserFilter) to context static
2019-09-26 19:35:43,975 [Thread-6219] INFO  http.HttpServer2 (HttpServer2.java:addFilter(958)) - Added filter static_user_filter (class=org.apache.hadoop.http.lib.StaticUserWebFilter$StaticUserFilter) to context logs
2019-09-26 19:35:43,977 [Thread-6219] INFO  server.StorageContainerManager (StorageContainerManager.java:start(770)) - StorageContainerLocationProtocol RPC server is listening at /0.0.0.0:45552
2019-09-26 19:35:43,980 [Thread-6219] WARN  impl.MetricsConfig (MetricsConfig.java:loadFirst(134)) - Cannot locate configuration: tried hadoop-metrics2-storagecontainermanager.properties,hadoop-metrics2.properties
2019-09-26 19:35:43,981 [Thread-6219] INFO  impl.MetricsSystemImpl (MetricsSystemImpl.java:startTimer(374)) - Scheduled Metric snapshot period at 10 second(s).
2019-09-26 19:35:43,981 [Thread-6219] INFO  impl.MetricsSystemImpl (MetricsSystemImpl.java:start(191)) - StorageContainerManager metrics system started
2019-09-26 19:35:44,024 [Thread-6219] WARN  impl.MetricsSystemImpl (MetricsSystemImpl.java:register(276)) - Sink prometheus already exists!
2019-09-26 19:35:46,377 [Thread-6219] INFO  server.SCMClientProtocolServer (SCMClientProtocolServer.java:start(151)) - RPC server for Client  is listening at /0.0.0.0:45552
2019-09-26 19:35:46,377 [IPC Server Responder] INFO  ipc.Server (Server.java:run(1314)) - IPC Server Responder: starting
2019-09-26 19:35:46,377 [IPC Server listener on 45552] INFO  ipc.Server (Server.java:run(1153)) - IPC Server listener on 45552: starting
2019-09-26 19:35:46,401 [Thread-6219] INFO  server.StorageContainerManager (StorageContainerManager.java:start(780)) - ScmBlockLocationProtocol RPC server is listening at /0.0.0.0:37711
2019-09-26 19:35:46,401 [Thread-6219] INFO  server.SCMBlockProtocolServer (SCMBlockProtocolServer.java:start(146)) - RPC server for Block Protocol is listening at /0.0.0.0:37711
2019-09-26 19:35:46,401 [IPC Server Responder] INFO  ipc.Server (Server.java:run(1314)) - IPC Server Responder: starting
2019-09-26 19:35:46,402 [IPC Server listener on 37711] INFO  ipc.Server (Server.java:run(1153)) - IPC Server listener on 37711: starting
2019-09-26 19:35:46,423 [Thread-6219] INFO  server.StorageContainerManager (StorageContainerManager.java:start(784)) - ScmDatanodeProtocl RPC server is listening at /0.0.0.0:35985
2019-09-26 19:35:46,423 [Thread-6219] INFO  server.SCMDatanodeProtocolServer (SCMDatanodeProtocolServer.java:start(191)) - RPC server for DataNodes is listening at /0.0.0.0:35985
2019-09-26 19:35:46,424 [IPC Server Responder] INFO  ipc.Server (Server.java:run(1314)) - IPC Server Responder: starting
2019-09-26 19:35:46,424 [IPC Server listener on 35985] INFO  ipc.Server (Server.java:run(1153)) - IPC Server listener on 35985: starting
2019-09-26 19:35:46,441 [Thread-6219] INFO  http.HttpServer2 (HttpServer2.java:bindListener(1191)) - Jetty bound to port 46562
2019-09-26 19:35:46,441 [Thread-6219] INFO  server.Server (Server.java:doStart(351)) - jetty-9.3.25.v20180904, build timestamp: 2018-09-04T21:11:46Z, git hash: 3ce520221d0240229c862b122d2b06c12a625732
2019-09-26 19:35:46,444 [Thread-6219] INFO  handler.ContextHandler (ContextHandler.java:doStart(781)) - Started o.e.j.s.ServletContextHandler@64e8013{/logs,file:///workdir/hadoop-ozone/integration-test/target/log,AVAILABLE}
2019-09-26 19:35:46,444 [Thread-6219] INFO  handler.ContextHandler (ContextHandler.java:doStart(781)) - Started o.e.j.s.ServletContextHandler@b89c8e1{/static,file:///workdir/hadoop-ozone/integration-test/target/test-classes/webapps/static,AVAILABLE}
2019-09-26 19:35:46,450 [Thread-6219] INFO  handler.ContextHandler (ContextHandler.java:doStart(781)) - Started o.e.j.w.WebAppContext@2a3b9881{/,file:///workdir/hadoop-ozone/integration-test/target/test-classes/webapps/scm/,AVAILABLE}{/scm}
2019-09-26 19:35:46,450 [Thread-6219] INFO  server.AbstractConnector (AbstractConnector.java:doStart(278)) - Started ServerConnector@f30c90c{HTTP/1.1,[http/1.1]}{0.0.0.0:46562}
2019-09-26 19:35:46,455 [Thread-6219] INFO  server.Server (Server.java:doStart(419)) - Started @321462ms
2019-09-26 19:35:46,456 [Thread-6219] WARN  impl.MetricsSystemImpl (MetricsSystemImpl.java:register(276)) - Sink prometheus already exists!
2019-09-26 19:35:46,456 [Thread-6219] INFO  server.BaseHttpServer (BaseHttpServer.java:updateConnectorAddress(215)) - HTTP server of SCM is listening at http://0.0.0.0:46562
2019-09-26 19:35:46,457 [Thread-6219] WARN  server.ServerUtils (ServerUtils.java:getDBPath(222)) - ozone.om.db.dirs is not configured. We recommend adding this setting. Falling back to ozone.metadata.dirs instead.
2019-09-26 19:35:46,462 [org.apache.hadoop.util.JvmPauseMonitor$Monitor@344de4c6] INFO  util.JvmPauseMonitor (JvmPauseMonitor.java:run(188)) - Starting JVM pause monitor
2019-09-26 19:35:46,475 [Thread-6219] WARN  server.ServerUtils (ServerUtils.java:getDBPath(222)) - ozone.om.db.dirs is not configured. We recommend adding this setting. Falling back to ozone.metadata.dirs instead.
2019-09-26 19:35:46,476 [Thread-6219] WARN  server.ServerUtils (ServerUtils.java:getDBPath(222)) - ozone.om.db.dirs is not configured. We recommend adding this setting. Falling back to ozone.metadata.dirs instead.
2019-09-26 19:35:46,476 [Thread-6219] INFO  om.OzoneManager (OzoneManager.java:setOMNodeDetails(652)) - OM Service ID is not set. Setting it to the default ID: omServiceIdDefault
2019-09-26 19:35:46,476 [Thread-6219] INFO  om.OzoneManager (OzoneManager.java:setOMNodeDetails(658)) - OM Node ID is not set. Setting it to the OmStorage's OmID: 95218c86-0b6c-4094-9263-5989e8fd355e
2019-09-26 19:35:46,476 [Thread-6219] INFO  om.OzoneManager (OzoneManager.java:loadOMHAConfigs(609)) - Found matching OM address with OMServiceId: null, OMNodeId: null, RPC Address: localhost:0 and Ratis port: 9872
2019-09-26 19:35:46,497 [Thread-6219] WARN  server.ServerUtils (ServerUtils.java:getDBPath(222)) - ozone.om.db.dirs is not configured. We recommend adding this setting. Falling back to ozone.metadata.dirs instead.
2019-09-26 19:35:46,497 [Thread-6219] INFO  db.DBStoreBuilder (DBStoreBuilder.java:addTable(110)) - using custom profile for table: userTable
2019-09-26 19:35:46,497 [Thread-6219] INFO  db.DBStoreBuilder (DBStoreBuilder.java:processTables(161)) - Using default column profile:DBProfile.DISK for Table:userTable
2019-09-26 19:35:46,498 [Thread-6219] INFO  db.DBStoreBuilder (DBStoreBuilder.java:addTable(110)) - using custom profile for table: volumeTable
2019-09-26 19:35:46,498 [Thread-6219] INFO  db.DBStoreBuilder (DBStoreBuilder.java:processTables(161)) - Using default column profile:DBProfile.DISK for Table:volumeTable
2019-09-26 19:35:46,498 [Thread-6219] INFO  db.DBStoreBuilder (DBStoreBuilder.java:addTable(110)) - using custom profile for table: bucketTable
2019-09-26 19:35:46,498 [Thread-6219] INFO  db.DBStoreBuilder (DBStoreBuilder.java:processTables(161)) - Using default column profile:DBProfile.DISK for Table:bucketTable
2019-09-26 19:35:46,498 [Thread-6219] INFO  db.DBStoreBuilder (DBStoreBuilder.java:addTable(110)) - using custom profile for table: keyTable
2019-09-26 19:35:46,498 [Thread-6219] INFO  db.DBStoreBuilder (DBStoreBuilder.java:processTables(161)) - Using default column profile:DBProfile.DISK for Table:keyTable
2019-09-26 19:35:46,499 [Thread-6219] INFO  db.DBStoreBuilder (DBStoreBuilder.java:addTable(110)) - using custom profile for table: deletedTable
2019-09-26 19:35:46,499 [Thread-6219] INFO  db.DBStoreBuilder (DBStoreBuilder.java:processTables(161)) - Using default column profile:DBProfile.DISK for Table:deletedTable
2019-09-26 19:35:46,499 [Thread-6219] INFO  db.DBStoreBuilder (DBStoreBuilder.java:addTable(110)) - using custom profile for table: openKeyTable
2019-09-26 19:35:46,499 [Thread-6219] INFO  db.DBStoreBuilder (DBStoreBuilder.java:processTables(161)) - Using default column profile:DBProfile.DISK for Table:openKeyTable
2019-09-26 19:35:46,499 [Thread-6219] INFO  db.DBStoreBuilder (DBStoreBuilder.java:addTable(110)) - using custom profile for table: s3Table
2019-09-26 19:35:46,500 [Thread-6219] INFO  db.DBStoreBuilder (DBStoreBuilder.java:processTables(161)) - Using default column profile:DBProfile.DISK for Table:s3Table
2019-09-26 19:35:46,500 [Thread-6219] INFO  db.DBStoreBuilder (DBStoreBuilder.java:addTable(110)) - using custom profile for table: multipartInfoTable
2019-09-26 19:35:46,500 [Thread-6219] INFO  db.DBStoreBuilder (DBStoreBuilder.java:processTables(161)) - Using default column profile:DBProfile.DISK for Table:multipartInfoTable
2019-09-26 19:35:46,500 [Thread-6219] INFO  db.DBStoreBuilder (DBStoreBuilder.java:addTable(110)) - using custom profile for table: dTokenTable
2019-09-26 19:35:46,500 [Thread-6219] INFO  db.DBStoreBuilder (DBStoreBuilder.java:processTables(161)) - Using default column profile:DBProfile.DISK for Table:dTokenTable
2019-09-26 19:35:46,501 [Thread-6219] INFO  db.DBStoreBuilder (DBStoreBuilder.java:addTable(110)) - using custom profile for table: s3SecretTable
2019-09-26 19:35:46,501 [Thread-6219] INFO  db.DBStoreBuilder (DBStoreBuilder.java:processTables(161)) - Using default column profile:DBProfile.DISK for Table:s3SecretTable
2019-09-26 19:35:46,501 [Thread-6219] INFO  db.DBStoreBuilder (DBStoreBuilder.java:addTable(110)) - using custom profile for table: prefixTable
2019-09-26 19:35:46,501 [Thread-6219] INFO  db.DBStoreBuilder (DBStoreBuilder.java:processTables(161)) - Using default column profile:DBProfile.DISK for Table:prefixTable
2019-09-26 19:35:46,501 [Thread-6219] INFO  db.DBStoreBuilder (DBStoreBuilder.java:addTable(110)) - using custom profile for table: default
2019-09-26 19:35:46,501 [Thread-6219] INFO  db.DBStoreBuilder (DBStoreBuilder.java:processTables(167)) - Using default column profile:DBProfile.DISK for Table:default
2019-09-26 19:35:46,502 [Thread-6219] INFO  db.DBStoreBuilder (DBStoreBuilder.java:getDbProfile(198)) - Using default options. DBProfile.DISK
2019-09-26 19:35:47,125 [Thread-6219] INFO  ipc.CallQueueManager (CallQueueManager.java:<init>(84)) - Using callQueue: class java.util.concurrent.LinkedBlockingQueue, queueCapacity: 2000, scheduler: class org.apache.hadoop.ipc.DefaultRpcScheduler, ipcBackoff: false.
2019-09-26 19:35:47,127 [Socket Reader #1 for port 39198] INFO  ipc.Server (Server.java:run(1074)) - Starting Socket Reader #1 for port 39198
2019-09-26 19:35:47,157 [Thread-6219] INFO  om.OzoneManager (OzoneManager.java:start(1243)) - OzoneManager RPC server is listening at localhost/127.0.0.1:39198
2019-09-26 19:35:47,157 [Thread-6219] INFO  impl.MetricsSystemImpl (MetricsSystemImpl.java:init(158)) - OzoneManager metrics system started (again)
2019-09-26 19:35:47,158 [IPC Server Responder] INFO  ipc.Server (Server.java:run(1314)) - IPC Server Responder: starting
2019-09-26 19:35:47,163 [IPC Server listener on 39198] INFO  ipc.Server (Server.java:run(1153)) - IPC Server listener on 39198: starting
2019-09-26 19:35:47,174 [Thread-6219] INFO  hdfs.DFSUtil (DFSUtil.java:httpServerTemplateForNNAndJN(1641)) - Starting Web-server for ozoneManager at: http://0.0.0.0:0
2019-09-26 19:35:47,176 [Thread-6219] INFO  server.AuthenticationFilter (AuthenticationFilter.java:constructSecretProvider(240)) - Unable to initialize FileSignerSecretProvider, falling back to use random secrets.
2019-09-26 19:35:47,176 [Thread-6219] WARN  http.HttpRequestLog (HttpRequestLog.java:getRequestLog(97)) - Jetty request log can only be enabled using Log4j
2019-09-26 19:35:47,178 [Thread-6219] INFO  http.HttpServer2 (HttpServer2.java:addGlobalFilter(975)) - Added global filter 'safety' (class=org.apache.hadoop.http.HttpServer2$QuotingInputFilter)
2019-09-26 19:35:47,179 [Thread-6219] INFO  http.HttpServer2 (HttpServer2.java:addFilter(948)) - Added filter static_user_filter (class=org.apache.hadoop.http.lib.StaticUserWebFilter$StaticUserFilter) to context ozoneManager
2019-09-26 19:35:47,179 [Thread-6219] INFO  http.HttpServer2 (HttpServer2.java:addFilter(958)) - Added filter static_user_filter (class=org.apache.hadoop.http.lib.StaticUserWebFilter$StaticUserFilter) to context static
2019-09-26 19:35:47,179 [Thread-6219] INFO  http.HttpServer2 (HttpServer2.java:addFilter(958)) - Added filter static_user_filter (class=org.apache.hadoop.http.lib.StaticUserWebFilter$StaticUserFilter) to context logs
2019-09-26 19:35:47,180 [Thread-6219] INFO  http.HttpServer2 (HttpServer2.java:bindListener(1191)) - Jetty bound to port 39766
2019-09-26 19:35:47,180 [Thread-6219] INFO  server.Server (Server.java:doStart(351)) - jetty-9.3.25.v20180904, build timestamp: 2018-09-04T21:11:46Z, git hash: 3ce520221d0240229c862b122d2b06c12a625732
2019-09-26 19:35:47,182 [Thread-6219] INFO  handler.ContextHandler (ContextHandler.java:doStart(781)) - Started o.e.j.s.ServletContextHandler@31523f64{/logs,file:///workdir/hadoop-ozone/integration-test/target/log,AVAILABLE}
2019-09-26 19:35:47,183 [Thread-6219] INFO  handler.ContextHandler (ContextHandler.java:doStart(781)) - Started o.e.j.s.ServletContextHandler@4255390{/static,file:///workdir/hadoop-ozone/integration-test/target/test-classes/webapps/static,AVAILABLE}
2019-09-26 19:35:47,187 [Thread-6219] INFO  handler.ContextHandler (ContextHandler.java:doStart(781)) - Started o.e.j.w.WebAppContext@481a97eb{/,file:///workdir/hadoop-ozone/integration-test/target/test-classes/webapps/ozoneManager/,AVAILABLE}{/ozoneManager}
2019-09-26 19:35:47,188 [Thread-6219] INFO  server.AbstractConnector (AbstractConnector.java:doStart(278)) - Started ServerConnector@13d6af6f{HTTP/1.1,[http/1.1]}{0.0.0.0:39766}
2019-09-26 19:35:47,193 [Thread-6219] INFO  server.Server (Server.java:doStart(419)) - Started @322200ms
2019-09-26 19:35:47,193 [Thread-6219] WARN  impl.MetricsSystemImpl (MetricsSystemImpl.java:register(276)) - Sink prometheus already exists!
2019-09-26 19:35:47,194 [Thread-6219] INFO  server.BaseHttpServer (BaseHttpServer.java:updateConnectorAddress(215)) - HTTP server of OZONEMANAGER is listening at http://0.0.0.0:39766
2019-09-26 19:35:47,203 [Thread-6219] INFO  impl.MetricsSystemImpl (MetricsSystemImpl.java:init(158)) - HddsDatanode metrics system started (again)
2019-09-26 19:35:47,322 [Thread-6219] INFO  ozone.HddsDatanodeService (HddsDatanodeService.java:start(184)) - HddsDatanodeService host:pr-hdds-1569-g6sp5-2013761785 ip:192.168.151.99
2019-09-26 19:35:47,342 [Thread-6219] INFO  volume.HddsVolume (HddsVolume.java:<init>(176)) - Creating Volume: /workdir/hadoop-ozone/integration-test/target/test-dir/MiniOzoneClusterImpl-2f79a7d3-d7ae-4963-8370-12bb1e2132d7/datanode-0/data/containers/hdds of  storage type : DISK and capacity : 1482555576320
2019-09-26 19:35:47,343 [Thread-6219] INFO  volume.VolumeSet (VolumeSet.java:initializeVolumeSet(170)) - Added Volume : /workdir/hadoop-ozone/integration-test/target/test-dir/MiniOzoneClusterImpl-2f79a7d3-d7ae-4963-8370-12bb1e2132d7/datanode-0/data/containers/hdds to VolumeSet
2019-09-26 19:35:47,343 [Thread-6219] INFO  volume.ThrottledAsyncChecker (ThrottledAsyncChecker.java:schedule(139)) - Scheduling a check for org.apache.hadoop.ozone.container.common.volume.HddsVolume@3761f14a
2019-09-26 19:35:47,344 [Thread-6219] INFO  volume.HddsVolumeChecker (HddsVolumeChecker.java:checkAllVolumes(202)) - Scheduled health check for volume org.apache.hadoop.ozone.container.common.volume.HddsVolume@3761f14a
2019-09-26 19:35:47,393 [Thread-6219] INFO  impl.RaftServerProxy (ConfUtils.java:logGet(43)) - raft.rpc.type = GRPC (default)
2019-09-26 19:35:47,393 [Thread-6219] INFO  grpc.GrpcFactory (GrpcFactory.java:checkPooledByteBufAllocatorUseCacheForAllThreads(45)) - PERFORMANCE WARNING: useCacheForAllThreads is true that may cause Netty to create a lot garbage objects and, as a result, trigger GC.
	It is recommended to disable useCacheForAllThreads by setting -Dorg.apache.ratis.thirdparty.io.netty.allocator.useCacheForAllThreads=false in command line.
2019-09-26 19:35:47,393 [Thread-6219] INFO  grpc.GrpcConfigKeys$Server (ConfUtils.java:logGet(43)) - raft.grpc.server.port = 0 (default)
2019-09-26 19:35:47,394 [Thread-6219] INFO  server.GrpcService (ConfUtils.java:logGet(43)) - raft.grpc.message.size.max = 33570816 (custom)
2019-09-26 19:35:47,394 [Thread-6219] INFO  server.RaftServerConfigKeys (ConfUtils.java:logGet(43)) - raft.server.log.appender.buffer.byte-limit = 33554432 (custom)
2019-09-26 19:35:47,394 [Thread-6219] INFO  server.GrpcService (ConfUtils.java:logGet(43)) - raft.grpc.flow.control.window = 1MB (=1048576) (default)
2019-09-26 19:35:47,394 [Thread-6219] INFO  server.RaftServerConfigKeys (ConfUtils.java:logGet(43)) - raft.server.rpc.request.timeout = 3000ms (default)
2019-09-26 19:35:47,395 [Thread-6219] INFO  server.RaftServerConfigKeys (ConfUtils.java:logGet(43)) - raft.server.storage.dir = [/workdir/hadoop-ozone/integration-test/target/test-dir/MiniOzoneClusterImpl-2f79a7d3-d7ae-4963-8370-12bb1e2132d7/datanode-0/data/ratis] (custom)
2019-09-26 19:35:47,396 [Thread-6219] INFO  hdfs.DFSUtil (DFSUtil.java:httpServerTemplateForNNAndJN(1641)) - Starting Web-server for hddsDatanode at: http://0.0.0.0:0
2019-09-26 19:35:47,399 [Thread-6219] INFO  server.AuthenticationFilter (AuthenticationFilter.java:constructSecretProvider(240)) - Unable to initialize FileSignerSecretProvider, falling back to use random secrets.
2019-09-26 19:35:47,399 [Thread-6219] WARN  http.HttpRequestLog (HttpRequestLog.java:getRequestLog(97)) - Jetty request log can only be enabled using Log4j
2019-09-26 19:35:47,401 [Thread-6219] INFO  http.HttpServer2 (HttpServer2.java:addGlobalFilter(975)) - Added global filter 'safety' (class=org.apache.hadoop.http.HttpServer2$QuotingInputFilter)
2019-09-26 19:35:47,402 [Thread-6219] INFO  http.HttpServer2 (HttpServer2.java:addFilter(948)) - Added filter static_user_filter (class=org.apache.hadoop.http.lib.StaticUserWebFilter$StaticUserFilter) to context hddsDatanode
2019-09-26 19:35:47,402 [Thread-6219] INFO  http.HttpServer2 (HttpServer2.java:addFilter(958)) - Added filter static_user_filter (class=org.apache.hadoop.http.lib.StaticUserWebFilter$StaticUserFilter) to context static
2019-09-26 19:35:47,403 [Thread-6219] INFO  http.HttpServer2 (HttpServer2.java:addFilter(958)) - Added filter static_user_filter (class=org.apache.hadoop.http.lib.StaticUserWebFilter$StaticUserFilter) to context logs
2019-09-26 19:35:47,403 [Thread-6219] INFO  http.HttpServer2 (HttpServer2.java:bindListener(1191)) - Jetty bound to port 46560
2019-09-26 19:35:47,404 [Thread-6219] INFO  server.Server (Server.java:doStart(351)) - jetty-9.3.25.v20180904, build timestamp: 2018-09-04T21:11:46Z, git hash: 3ce520221d0240229c862b122d2b06c12a625732
2019-09-26 19:35:47,406 [Thread-6219] INFO  handler.ContextHandler (ContextHandler.java:doStart(781)) - Started o.e.j.s.ServletContextHandler@44b85bc5{/logs,file:///workdir/hadoop-ozone/integration-test/target/log,AVAILABLE}
2019-09-26 19:35:47,406 [Thread-6219] INFO  handler.ContextHandler (ContextHandler.java:doStart(781)) - Started o.e.j.s.ServletContextHandler@785de699{/static,jar:file:/home/user/.m2/repository/org/apache/hadoop/hadoop-hdds-container-service/0.5.0-SNAPSHOT/hadoop-hdds-container-service-0.5.0-SNAPSHOT.jar!/webapps/static,AVAILABLE}
2019-09-26 19:35:47,450 [Thread-6219] INFO  handler.ContextHandler (ContextHandler.java:doStart(781)) - Started o.e.j.w.WebAppContext@7b7b8ca2{/,file:///tmp/jetty-0.0.0.0-46560-hddsDatanode-_-any-7160149695357322314.dir/webapp/,AVAILABLE}{/hddsDatanode}
2019-09-26 19:35:47,450 [Thread-6219] INFO  server.AbstractConnector (AbstractConnector.java:doStart(278)) - Started ServerConnector@5f5d4dbe{HTTP/1.1,[http/1.1]}{0.0.0.0:46560}
2019-09-26 19:35:47,458 [Thread-6219] INFO  server.Server (Server.java:doStart(419)) - Started @322465ms
2019-09-26 19:35:47,458 [Thread-6219] WARN  impl.MetricsSystemImpl (MetricsSystemImpl.java:register(276)) - Sink prometheus already exists!
2019-09-26 19:35:47,459 [Thread-6219] INFO  server.BaseHttpServer (BaseHttpServer.java:updateConnectorAddress(215)) - HTTP server of HDDSDATANODE is listening at http://0.0.0.0:46560
2019-09-26 19:35:47,459 [Thread-6219] INFO  impl.MetricsSystemImpl (MetricsSystemImpl.java:init(158)) - HddsDatanode metrics system started (again)
2019-09-26 19:35:47,471 [org.apache.hadoop.util.JvmPauseMonitor$Monitor@5b7530d3] INFO  util.JvmPauseMonitor (JvmPauseMonitor.java:run(188)) - Starting JVM pause monitor
2019-09-26 19:35:47,473 [Datanode State Machine Thread - 0] INFO  datanode.InitDatanodeState (InitDatanodeState.java:persistContainerDatanodeDetails(140)) - DatanodeDetails is persisted to /workdir/hadoop-ozone/integration-test/target/test-dir/MiniOzoneClusterImpl-2f79a7d3-d7ae-4963-8370-12bb1e2132d7/datanode-0/meta/datanode.id
2019-09-26 19:35:47,597 [Thread-6219] INFO  ozone.HddsDatanodeService (HddsDatanodeService.java:start(184)) - HddsDatanodeService host:pr-hdds-1569-g6sp5-2013761785 ip:192.168.151.99
2019-09-26 19:35:47,618 [Thread-6219] INFO  volume.HddsVolume (HddsVolume.java:<init>(176)) - Creating Volume: /workdir/hadoop-ozone/integration-test/target/test-dir/MiniOzoneClusterImpl-2f79a7d3-d7ae-4963-8370-12bb1e2132d7/datanode-1/data/containers/hdds of  storage type : DISK and capacity : 1482555576320
2019-09-26 19:35:47,618 [Thread-6219] INFO  volume.VolumeSet (VolumeSet.java:initializeVolumeSet(170)) - Added Volume : /workdir/hadoop-ozone/integration-test/target/test-dir/MiniOzoneClusterImpl-2f79a7d3-d7ae-4963-8370-12bb1e2132d7/datanode-1/data/containers/hdds to VolumeSet
2019-09-26 19:35:47,619 [Thread-6219] INFO  volume.ThrottledAsyncChecker (ThrottledAsyncChecker.java:schedule(139)) - Scheduling a check for org.apache.hadoop.ozone.container.common.volume.HddsVolume@16c39a1c
2019-09-26 19:35:47,619 [Thread-6219] INFO  volume.HddsVolumeChecker (HddsVolumeChecker.java:checkAllVolumes(202)) - Scheduled health check for volume org.apache.hadoop.ozone.container.common.volume.HddsVolume@16c39a1c
2019-09-26 19:35:47,643 [Thread-6219] INFO  impl.RaftServerProxy (ConfUtils.java:logGet(43)) - raft.rpc.type = GRPC (default)
2019-09-26 19:35:47,643 [Thread-6219] INFO  grpc.GrpcFactory (GrpcFactory.java:checkPooledByteBufAllocatorUseCacheForAllThreads(45)) - PERFORMANCE WARNING: useCacheForAllThreads is true that may cause Netty to create a lot garbage objects and, as a result, trigger GC.
	It is recommended to disable useCacheForAllThreads by setting -Dorg.apache.ratis.thirdparty.io.netty.allocator.useCacheForAllThreads=false in command line.
2019-09-26 19:35:47,644 [Thread-6219] INFO  grpc.GrpcConfigKeys$Server (ConfUtils.java:logGet(43)) - raft.grpc.server.port = 0 (default)
2019-09-26 19:35:47,644 [Thread-6219] INFO  server.GrpcService (ConfUtils.java:logGet(43)) - raft.grpc.message.size.max = 33570816 (custom)
2019-09-26 19:35:47,644 [Thread-6219] INFO  server.RaftServerConfigKeys (ConfUtils.java:logGet(43)) - raft.server.log.appender.buffer.byte-limit = 33554432 (custom)
2019-09-26 19:35:47,644 [Thread-6219] INFO  server.GrpcService (ConfUtils.java:logGet(43)) - raft.grpc.flow.control.window = 1MB (=1048576) (default)
2019-09-26 19:35:47,644 [Thread-6219] INFO  server.RaftServerConfigKeys (ConfUtils.java:logGet(43)) - raft.server.rpc.request.timeout = 3000ms (default)
2019-09-26 19:35:47,645 [Thread-6219] INFO  server.RaftServerConfigKeys (ConfUtils.java:logGet(43)) - raft.server.storage.dir = [/workdir/hadoop-ozone/integration-test/target/test-dir/MiniOzoneClusterImpl-2f79a7d3-d7ae-4963-8370-12bb1e2132d7/datanode-1/data/ratis] (custom)
2019-09-26 19:35:47,647 [Thread-6219] INFO  hdfs.DFSUtil (DFSUtil.java:httpServerTemplateForNNAndJN(1641)) - Starting Web-server for hddsDatanode at: http://0.0.0.0:0
2019-09-26 19:35:47,649 [Thread-6219] INFO  server.AuthenticationFilter (AuthenticationFilter.java:constructSecretProvider(240)) - Unable to initialize FileSignerSecretProvider, falling back to use random secrets.
2019-09-26 19:35:47,649 [Thread-6219] WARN  http.HttpRequestLog (HttpRequestLog.java:getRequestLog(97)) - Jetty request log can only be enabled using Log4j
2019-09-26 19:35:47,652 [Thread-6219] INFO  http.HttpServer2 (HttpServer2.java:addGlobalFilter(975)) - Added global filter 'safety' (class=org.apache.hadoop.http.HttpServer2$QuotingInputFilter)
2019-09-26 19:35:47,653 [Thread-6219] INFO  http.HttpServer2 (HttpServer2.java:addFilter(948)) - Added filter static_user_filter (class=org.apache.hadoop.http.lib.StaticUserWebFilter$StaticUserFilter) to context hddsDatanode
2019-09-26 19:35:47,653 [Thread-6219] INFO  http.HttpServer2 (HttpServer2.java:addFilter(958)) - Added filter static_user_filter (class=org.apache.hadoop.http.lib.StaticUserWebFilter$StaticUserFilter) to context logs
2019-09-26 19:35:47,653 [Thread-6219] INFO  http.HttpServer2 (HttpServer2.java:addFilter(958)) - Added filter static_user_filter (class=org.apache.hadoop.http.lib.StaticUserWebFilter$StaticUserFilter) to context static
2019-09-26 19:35:47,654 [Thread-6219] INFO  http.HttpServer2 (HttpServer2.java:bindListener(1191)) - Jetty bound to port 35521
2019-09-26 19:35:47,654 [Thread-6219] INFO  server.Server (Server.java:doStart(351)) - jetty-9.3.25.v20180904, build timestamp: 2018-09-04T21:11:46Z, git hash: 3ce520221d0240229c862b122d2b06c12a625732
2019-09-26 19:35:47,657 [Thread-6219] INFO  handler.ContextHandler (ContextHandler.java:doStart(781)) - Started o.e.j.s.ServletContextHandler@790a96a2{/logs,file:///workdir/hadoop-ozone/integration-test/target/log,AVAILABLE}
2019-09-26 19:35:47,657 [Thread-6219] INFO  handler.ContextHandler (ContextHandler.java:doStart(781)) - Started o.e.j.s.ServletContextHandler@433047ec{/static,jar:file:/home/user/.m2/repository/org/apache/hadoop/hadoop-hdds-container-service/0.5.0-SNAPSHOT/hadoop-hdds-container-service-0.5.0-SNAPSHOT.jar!/webapps/static,AVAILABLE}
2019-09-26 19:35:47,703 [Thread-6219] INFO  handler.ContextHandler (ContextHandler.java:doStart(781)) - Started o.e.j.w.WebAppContext@54ead5a2{/,file:///tmp/jetty-0.0.0.0-35521-hddsDatanode-_-any-2268863064105883211.dir/webapp/,AVAILABLE}{/hddsDatanode}
2019-09-26 19:35:47,703 [Thread-6219] INFO  server.AbstractConnector (AbstractConnector.java:doStart(278)) - Started ServerConnector@777d404{HTTP/1.1,[http/1.1]}{0.0.0.0:35521}
2019-09-26 19:35:47,712 [Thread-6219] INFO  server.Server (Server.java:doStart(419)) - Started @322719ms
2019-09-26 19:35:47,712 [Thread-6219] WARN  impl.MetricsSystemImpl (MetricsSystemImpl.java:register(276)) - Sink prometheus already exists!
2019-09-26 19:35:47,713 [Thread-6219] INFO  server.BaseHttpServer (BaseHttpServer.java:updateConnectorAddress(215)) - HTTP server of HDDSDATANODE is listening at http://0.0.0.0:35521
2019-09-26 19:35:47,713 [Thread-6219] INFO  impl.MetricsSystemImpl (MetricsSystemImpl.java:init(158)) - HddsDatanode metrics system started (again)
2019-09-26 19:35:47,724 [org.apache.hadoop.util.JvmPauseMonitor$Monitor@688f7909] INFO  util.JvmPauseMonitor (JvmPauseMonitor.java:run(188)) - Starting JVM pause monitor
2019-09-26 19:35:47,726 [Datanode State Machine Thread - 0] INFO  datanode.InitDatanodeState (InitDatanodeState.java:persistContainerDatanodeDetails(140)) - DatanodeDetails is persisted to /workdir/hadoop-ozone/integration-test/target/test-dir/MiniOzoneClusterImpl-2f79a7d3-d7ae-4963-8370-12bb1e2132d7/datanode-1/meta/datanode.id
2019-09-26 19:35:47,852 [Thread-6219] INFO  ozone.HddsDatanodeService (HddsDatanodeService.java:start(184)) - HddsDatanodeService host:pr-hdds-1569-g6sp5-2013761785 ip:192.168.151.99
2019-09-26 19:35:47,875 [Thread-6219] INFO  volume.HddsVolume (HddsVolume.java:<init>(176)) - Creating Volume: /workdir/hadoop-ozone/integration-test/target/test-dir/MiniOzoneClusterImpl-2f79a7d3-d7ae-4963-8370-12bb1e2132d7/datanode-2/data/containers/hdds of  storage type : DISK and capacity : 1482555576320
2019-09-26 19:35:47,875 [Thread-6219] INFO  volume.VolumeSet (VolumeSet.java:initializeVolumeSet(170)) - Added Volume : /workdir/hadoop-ozone/integration-test/target/test-dir/MiniOzoneClusterImpl-2f79a7d3-d7ae-4963-8370-12bb1e2132d7/datanode-2/data/containers/hdds to VolumeSet
2019-09-26 19:35:47,876 [Thread-6219] INFO  volume.ThrottledAsyncChecker (ThrottledAsyncChecker.java:schedule(139)) - Scheduling a check for org.apache.hadoop.ozone.container.common.volume.HddsVolume@31910807
2019-09-26 19:35:47,876 [Thread-6219] INFO  volume.HddsVolumeChecker (HddsVolumeChecker.java:checkAllVolumes(202)) - Scheduled health check for volume org.apache.hadoop.ozone.container.common.volume.HddsVolume@31910807
2019-09-26 19:35:47,899 [Thread-6219] INFO  impl.RaftServerProxy (ConfUtils.java:logGet(43)) - raft.rpc.type = GRPC (default)
2019-09-26 19:35:47,899 [Thread-6219] INFO  grpc.GrpcFactory (GrpcFactory.java:checkPooledByteBufAllocatorUseCacheForAllThreads(45)) - PERFORMANCE WARNING: useCacheForAllThreads is true that may cause Netty to create a lot garbage objects and, as a result, trigger GC.
	It is recommended to disable useCacheForAllThreads by setting -Dorg.apache.ratis.thirdparty.io.netty.allocator.useCacheForAllThreads=false in command line.
2019-09-26 19:35:47,899 [Thread-6219] INFO  grpc.GrpcConfigKeys$Server (ConfUtils.java:logGet(43)) - raft.grpc.server.port = 0 (default)
2019-09-26 19:35:47,899 [Thread-6219] INFO  server.GrpcService (ConfUtils.java:logGet(43)) - raft.grpc.message.size.max = 33570816 (custom)
2019-09-26 19:35:47,900 [Thread-6219] INFO  server.RaftServerConfigKeys (ConfUtils.java:logGet(43)) - raft.server.log.appender.buffer.byte-limit = 33554432 (custom)
2019-09-26 19:35:47,900 [Thread-6219] INFO  server.GrpcService (ConfUtils.java:logGet(43)) - raft.grpc.flow.control.window = 1MB (=1048576) (default)
2019-09-26 19:35:47,900 [Thread-6219] INFO  server.RaftServerConfigKeys (ConfUtils.java:logGet(43)) - raft.server.rpc.request.timeout = 3000ms (default)
2019-09-26 19:35:47,900 [Thread-6219] INFO  server.RaftServerConfigKeys (ConfUtils.java:logGet(43)) - raft.server.storage.dir = [/workdir/hadoop-ozone/integration-test/target/test-dir/MiniOzoneClusterImpl-2f79a7d3-d7ae-4963-8370-12bb1e2132d7/datanode-2/data/ratis] (custom)
2019-09-26 19:35:47,902 [Thread-6219] INFO  hdfs.DFSUtil (DFSUtil.java:httpServerTemplateForNNAndJN(1641)) - Starting Web-server for hddsDatanode at: http://0.0.0.0:0
2019-09-26 19:35:47,904 [Thread-6219] INFO  server.AuthenticationFilter (AuthenticationFilter.java:constructSecretProvider(240)) - Unable to initialize FileSignerSecretProvider, falling back to use random secrets.
2019-09-26 19:35:47,904 [Thread-6219] WARN  http.HttpRequestLog (HttpRequestLog.java:getRequestLog(97)) - Jetty request log can only be enabled using Log4j
2019-09-26 19:35:47,906 [Thread-6219] INFO  http.HttpServer2 (HttpServer2.java:addGlobalFilter(975)) - Added global filter 'safety' (class=org.apache.hadoop.http.HttpServer2$QuotingInputFilter)
2019-09-26 19:35:47,907 [Thread-6219] INFO  http.HttpServer2 (HttpServer2.java:addFilter(948)) - Added filter static_user_filter (class=org.apache.hadoop.http.lib.StaticUserWebFilter$StaticUserFilter) to context hddsDatanode
2019-09-26 19:35:47,907 [Thread-6219] INFO  http.HttpServer2 (HttpServer2.java:addFilter(958)) - Added filter static_user_filter (class=org.apache.hadoop.http.lib.StaticUserWebFilter$StaticUserFilter) to context logs
2019-09-26 19:35:47,907 [Thread-6219] INFO  http.HttpServer2 (HttpServer2.java:addFilter(958)) - Added filter static_user_filter (class=org.apache.hadoop.http.lib.StaticUserWebFilter$StaticUserFilter) to context static
2019-09-26 19:35:47,908 [Thread-6219] INFO  http.HttpServer2 (HttpServer2.java:bindListener(1191)) - Jetty bound to port 41735
2019-09-26 19:35:47,908 [Thread-6219] INFO  server.Server (Server.java:doStart(351)) - jetty-9.3.25.v20180904, build timestamp: 2018-09-04T21:11:46Z, git hash: 3ce520221d0240229c862b122d2b06c12a625732
2019-09-26 19:35:47,910 [Thread-6219] INFO  handler.ContextHandler (ContextHandler.java:doStart(781)) - Started o.e.j.s.ServletContextHandler@1f76b02e{/logs,file:///workdir/hadoop-ozone/integration-test/target/log,AVAILABLE}
2019-09-26 19:35:47,910 [Thread-6219] INFO  handler.ContextHandler (ContextHandler.java:doStart(781)) - Started o.e.j.s.ServletContextHandler@462cbcf2{/static,jar:file:/home/user/.m2/repository/org/apache/hadoop/hadoop-hdds-container-service/0.5.0-SNAPSHOT/hadoop-hdds-container-service-0.5.0-SNAPSHOT.jar!/webapps/static,AVAILABLE}
2019-09-26 19:35:47,944 [Thread-6219] INFO  handler.ContextHandler (ContextHandler.java:doStart(781)) - Started o.e.j.w.WebAppContext@46a1ae25{/,file:///tmp/jetty-0.0.0.0-41735-hddsDatanode-_-any-4040849964197323601.dir/webapp/,AVAILABLE}{/hddsDatanode}
2019-09-26 19:35:47,944 [Thread-6219] INFO  server.AbstractConnector (AbstractConnector.java:doStart(278)) - Started ServerConnector@2c8fd89b{HTTP/1.1,[http/1.1]}{0.0.0.0:41735}
2019-09-26 19:35:47,952 [Thread-6219] INFO  server.Server (Server.java:doStart(419)) - Started @322959ms
2019-09-26 19:35:47,952 [Thread-6219] WARN  impl.MetricsSystemImpl (MetricsSystemImpl.java:register(276)) - Sink prometheus already exists!
2019-09-26 19:35:47,953 [Thread-6219] INFO  server.BaseHttpServer (BaseHttpServer.java:updateConnectorAddress(215)) - HTTP server of HDDSDATANODE is listening at http://0.0.0.0:41735
2019-09-26 19:35:47,953 [Thread-6219] INFO  ozone.MiniOzoneClusterImpl (MiniOzoneClusterImpl.java:lambda$waitForClusterToBeReady$0(147)) - Waiting for cluster to be ready. Got 0 of 3 DN Heartbeats.
2019-09-26 19:35:47,965 [org.apache.hadoop.util.JvmPauseMonitor$Monitor@3cf51fab] INFO  util.JvmPauseMonitor (JvmPauseMonitor.java:run(188)) - Starting JVM pause monitor
2019-09-26 19:35:47,967 [Datanode State Machine Thread - 0] INFO  datanode.InitDatanodeState (InitDatanodeState.java:persistContainerDatanodeDetails(140)) - DatanodeDetails is persisted to /workdir/hadoop-ozone/integration-test/target/test-dir/MiniOzoneClusterImpl-2f79a7d3-d7ae-4963-8370-12bb1e2132d7/datanode-2/meta/datanode.id
2019-09-26 19:35:48,954 [Thread-6219] INFO  ozone.MiniOzoneClusterImpl (MiniOzoneClusterImpl.java:lambda$waitForClusterToBeReady$0(147)) - Waiting for cluster to be ready. Got 0 of 3 DN Heartbeats.
2019-09-26 19:35:49,500 [Datanode State Machine Thread - 0] INFO  ozoneimpl.OzoneContainer (OzoneContainer.java:start(217)) - Attempting to start container services.
2019-09-26 19:35:49,510 [Datanode State Machine Thread - 0] INFO  ozoneimpl.OzoneContainer (OzoneContainer.java:startContainerScrub(179)) - Background container scanner has been disabled.
2019-09-26 19:35:49,511 [Datanode State Machine Thread - 0] INFO  ratis.XceiverServerRatis (XceiverServerRatis.java:start(411)) - Starting XceiverServerRatis 27cb48db-4b88-4c0c-b213-19f9b2fffaff at port 0
2019-09-26 19:35:49,516 [Datanode State Machine Thread - 0] INFO  impl.RaftServerProxy (RaftServerProxy.java:lambda$start$3(299)) - 27cb48db-4b88-4c0c-b213-19f9b2fffaff: start RPC server
2019-09-26 19:35:49,537 [Datanode State Machine Thread - 0] INFO  server.GrpcService (GrpcService.java:startImpl(158)) - 27cb48db-4b88-4c0c-b213-19f9b2fffaff: GrpcService started, listening on 0.0.0.0/0.0.0.0:37457
2019-09-26 19:35:49,537 [Datanode State Machine Thread - 0] INFO  ratis.XceiverServerRatis (XceiverServerRatis.java:start(421)) - XceiverServerRatis 27cb48db-4b88-4c0c-b213-19f9b2fffaff is started using port 37457
2019-09-26 19:35:49,538 [Datanode State Machine Thread - 0] INFO  server.XceiverServerGrpc (XceiverServerGrpc.java:start(149)) - XceiverServerGrpc 27cb48db-4b88-4c0c-b213-19f9b2fffaff is started using port 34055
2019-09-26 19:35:49,746 [Datanode State Machine Thread - 0] INFO  ozoneimpl.OzoneContainer (OzoneContainer.java:start(217)) - Attempting to start container services.
2019-09-26 19:35:49,756 [Datanode State Machine Thread - 0] INFO  ozoneimpl.OzoneContainer (OzoneContainer.java:startContainerScrub(179)) - Background container scanner has been disabled.
2019-09-26 19:35:49,757 [Datanode State Machine Thread - 0] INFO  ratis.XceiverServerRatis (XceiverServerRatis.java:start(411)) - Starting XceiverServerRatis 728ea44c-f097-440a-a87e-c27a68d48f14 at port 0
2019-09-26 19:35:49,762 [Datanode State Machine Thread - 0] INFO  impl.RaftServerProxy (RaftServerProxy.java:lambda$start$3(299)) - 728ea44c-f097-440a-a87e-c27a68d48f14: start RPC server
2019-09-26 19:35:49,763 [Datanode State Machine Thread - 0] INFO  server.GrpcService (GrpcService.java:startImpl(158)) - 728ea44c-f097-440a-a87e-c27a68d48f14: GrpcService started, listening on 0.0.0.0/0.0.0.0:38783
2019-09-26 19:35:49,763 [Datanode State Machine Thread - 0] INFO  ratis.XceiverServerRatis (XceiverServerRatis.java:start(421)) - XceiverServerRatis 728ea44c-f097-440a-a87e-c27a68d48f14 is started using port 38783
2019-09-26 19:35:49,768 [Datanode State Machine Thread - 0] INFO  server.XceiverServerGrpc (XceiverServerGrpc.java:start(149)) - XceiverServerGrpc 728ea44c-f097-440a-a87e-c27a68d48f14 is started using port 35926
2019-09-26 19:35:49,954 [Thread-6219] INFO  ozone.MiniOzoneClusterImpl (MiniOzoneClusterImpl.java:lambda$waitForClusterToBeReady$0(147)) - Waiting for cluster to be ready. Got 0 of 3 DN Heartbeats.
2019-09-26 19:35:49,980 [Datanode State Machine Thread - 0] INFO  ozoneimpl.OzoneContainer (OzoneContainer.java:start(217)) - Attempting to start container services.
2019-09-26 19:35:49,994 [Datanode State Machine Thread - 0] INFO  ozoneimpl.OzoneContainer (OzoneContainer.java:startContainerScrub(179)) - Background container scanner has been disabled.
2019-09-26 19:35:49,994 [Datanode State Machine Thread - 0] INFO  ratis.XceiverServerRatis (XceiverServerRatis.java:start(411)) - Starting XceiverServerRatis 99aa1396-69c4-4985-9b2a-20430cc4a0a7 at port 0
2019-09-26 19:35:50,000 [Datanode State Machine Thread - 0] INFO  impl.RaftServerProxy (RaftServerProxy.java:lambda$start$3(299)) - 99aa1396-69c4-4985-9b2a-20430cc4a0a7: start RPC server
2019-09-26 19:35:50,006 [Datanode State Machine Thread - 0] INFO  server.GrpcService (GrpcService.java:startImpl(158)) - 99aa1396-69c4-4985-9b2a-20430cc4a0a7: GrpcService started, listening on 0.0.0.0/0.0.0.0:40213
2019-09-26 19:35:50,007 [Datanode State Machine Thread - 0] INFO  ratis.XceiverServerRatis (XceiverServerRatis.java:start(421)) - XceiverServerRatis 99aa1396-69c4-4985-9b2a-20430cc4a0a7 is started using port 40213
2019-09-26 19:35:50,035 [Datanode State Machine Thread - 0] INFO  server.XceiverServerGrpc (XceiverServerGrpc.java:start(149)) - XceiverServerGrpc 99aa1396-69c4-4985-9b2a-20430cc4a0a7 is started using port 45139
2019-09-26 19:35:50,955 [Thread-6219] INFO  ozone.MiniOzoneClusterImpl (MiniOzoneClusterImpl.java:lambda$waitForClusterToBeReady$0(147)) - Waiting for cluster to be ready. Got 0 of 3 DN Heartbeats.
2019-09-26 19:35:51,488 [IPC Server handler 0 on 35985] INFO  net.NetworkTopology (NetworkTopologyImpl.java:add(111)) - Added a new node: /rack1/27cb48db-4b88-4c0c-b213-19f9b2fffaff
2019-09-26 19:35:51,504 [IPC Server handler 0 on 35985] INFO  node.SCMNodeManager (SCMNodeManager.java:register(266)) - Registered Data node : 27cb48db-4b88-4c0c-b213-19f9b2fffaff{ip: 192.168.151.99, host: pr-hdds-1569-g6sp5-2013761785, networkLocation: /rack1, certSerialId: null}
2019-09-26 19:35:51,506 [EventQueue-NodeRegistrationContainerReportForDataNodeSafeModeRule] INFO  safemode.SCMSafeModeManager (DataNodeSafeModeRule.java:process(71)) - SCM in safe mode. 1 DataNodes registered, 1 required.
2019-09-26 19:35:51,511 [EventQueue-NodeRegistrationContainerReportForDataNodeSafeModeRule] INFO  safemode.SCMSafeModeManager (SCMSafeModeManager.java:validateSafeModeExitRules(177)) - ScmSafeModeManager, all rules are successfully validated
2019-09-26 19:35:51,511 [EventQueue-NodeRegistrationContainerReportForDataNodeSafeModeRule] INFO  safemode.SCMSafeModeManager (SCMSafeModeManager.java:exitSafeMode(193)) - SCM exiting safe mode.
2019-09-26 19:35:51,523 [grpc-default-executor-4] INFO  impl.RaftServerProxy (RaftServerProxy.java:addNew(89)) - 27cb48db-4b88-4c0c-b213-19f9b2fffaff: addNew group-BA9ADC048FEB:[27cb48db-4b88-4c0c-b213-19f9b2fffaff:192.168.151.99:37457] returns group-BA9ADC048FEB:java.util.concurrent.CompletableFuture@30803e20[Not completed]
2019-09-26 19:35:51,524 [pool-261-thread-1] INFO  impl.RaftServerImpl (RaftServerImpl.java:<init>(95)) - 27cb48db-4b88-4c0c-b213-19f9b2fffaff: new RaftServerImpl for group-BA9ADC048FEB:[27cb48db-4b88-4c0c-b213-19f9b2fffaff:192.168.151.99:37457] with ContainerStateMachine:uninitialized
2019-09-26 19:35:51,530 [pool-261-thread-1] INFO  server.RaftServerConfigKeys (ConfUtils.java:logGet(43)) - raft.server.rpc.timeout.min = 5s (custom)
2019-09-26 19:35:51,530 [pool-261-thread-1] INFO  server.RaftServerConfigKeys (ConfUtils.java:logGet(43)) - raft.server.rpc.timeout.max = 5200ms (custom)
2019-09-26 19:35:51,530 [pool-261-thread-1] INFO  server.RaftServerConfigKeys (ConfUtils.java:logGet(43)) - raft.server.rpcslowness.timeout = 120s (custom)
2019-09-26 19:35:51,530 [pool-261-thread-1] INFO  server.RaftServerConfigKeys (ConfUtils.java:logGet(43)) - raft.server.sleep.deviation.threshold = 300 (default)
2019-09-26 19:35:51,531 [pool-261-thread-1] INFO  server.RaftServerConfigKeys (ConfUtils.java:logGet(43)) - raft.server.log.appender.install.snapshot.enabled = false (custom)
2019-09-26 19:35:51,531 [pool-261-thread-1] INFO  impl.RaftServerImpl (ServerState.java:<init>(103)) - 27cb48db-4b88-4c0c-b213-19f9b2fffaff@group-BA9ADC048FEB: ConfigurationManager, init=-1: [27cb48db-4b88-4c0c-b213-19f9b2fffaff:192.168.151.99:37457], old=null, confs=<EMPTY_MAP>
2019-09-26 19:35:51,531 [pool-261-thread-1] INFO  server.RaftServerConfigKeys (ConfUtils.java:logGet(43)) - raft.server.storage.dir = [/workdir/hadoop-ozone/integration-test/target/test-dir/MiniOzoneClusterImpl-2f79a7d3-d7ae-4963-8370-12bb1e2132d7/datanode-0/data/ratis] (custom)
2019-09-26 19:35:51,531 [pool-261-thread-1] INFO  storage.RaftStorageDirectory (RaftStorageDirectory.java:analyzeStorage(246)) - The storage directory /workdir/hadoop-ozone/integration-test/target/test-dir/MiniOzoneClusterImpl-2f79a7d3-d7ae-4963-8370-12bb1e2132d7/datanode-0/data/ratis/f98f65e7-47cb-415f-a205-ba9adc048feb does not exist. Creating ...
2019-09-26 19:35:51,545 [pool-261-thread-1] INFO  storage.RaftStorageDirectory (RaftStorageDirectory.java:tryLock(328)) - Lock on /workdir/hadoop-ozone/integration-test/target/test-dir/MiniOzoneClusterImpl-2f79a7d3-d7ae-4963-8370-12bb1e2132d7/datanode-0/data/ratis/f98f65e7-47cb-415f-a205-ba9adc048feb/in_use.lock acquired by nodename 17888@pr-hdds-1569-g6sp5-2013761785
2019-09-26 19:35:51,559 [pool-261-thread-1] INFO  storage.RaftStorage (RaftStorage.java:format(72)) - Storage directory /workdir/hadoop-ozone/integration-test/target/test-dir/MiniOzoneClusterImpl-2f79a7d3-d7ae-4963-8370-12bb1e2132d7/datanode-0/data/ratis/f98f65e7-47cb-415f-a205-ba9adc048feb has been successfully formatted.
2019-09-26 19:35:51,559 [pool-261-thread-1] INFO  ratis.ContainerStateMachine (ContainerStateMachine.java:loadSnapshot(230)) - group-BA9ADC048FEB: The snapshot info is null. Setting the last applied indexto:(t:0, i:~)
2019-09-26 19:35:51,559 [pool-261-thread-1] INFO  server.RaftServerConfigKeys (ConfUtils.java:logGet(43)) - raft.server.notification.no-leader.timeout = 120s (custom)
2019-09-26 19:35:51,559 [pool-261-thread-1] INFO  server.RaftServerConfigKeys (ConfUtils.java:logGet(43)) - raft.server.log.use.memory = false (default)
2019-09-26 19:35:51,559 [pool-261-thread-1] INFO  server.RaftServerConfigKeys (ConfUtils.java:logGet(43)) - raft.server.log.purge.gap = 1000000 (custom)
2019-09-26 19:35:51,560 [pool-261-thread-1] INFO  server.RaftServerConfigKeys (ConfUtils.java:logGet(43)) - raft.server.log.appender.buffer.byte-limit = 33554432 (custom)
2019-09-26 19:35:51,560 [pool-261-thread-1] INFO  server.RaftServerConfigKeys (ConfUtils.java:logGet(43)) - raft.server.log.segment.size.max = 1048576 (custom)
2019-09-26 19:35:51,560 [pool-261-thread-1] INFO  server.RaftServerConfigKeys (ConfUtils.java:logGet(43)) - raft.server.log.segment.cache.num.max = 2 (custom)
2019-09-26 19:35:51,560 [pool-261-thread-1] INFO  segmented.SegmentedRaftLogWorker (SegmentedRaftLogWorker.java:<init>(172)) - new 27cb48db-4b88-4c0c-b213-19f9b2fffaff@group-BA9ADC048FEB-SegmentedRaftLogWorker for RaftStorage:Storage Directory /workdir/hadoop-ozone/integration-test/target/test-dir/MiniOzoneClusterImpl-2f79a7d3-d7ae-4963-8370-12bb1e2132d7/datanode-0/data/ratis/f98f65e7-47cb-415f-a205-ba9adc048feb
2019-09-26 19:35:51,562 [pool-261-thread-1] INFO  server.RaftServerConfigKeys (ConfUtils.java:logGet(43)) - raft.server.log.queue.byte-limit = 2147483647 (custom)
2019-09-26 19:35:51,562 [pool-261-thread-1] INFO  server.RaftServerConfigKeys (ConfUtils.java:logGet(43)) - raft.server.log.queue.element-limit = 1024 (custom)
2019-09-26 19:35:51,562 [pool-261-thread-1] INFO  server.RaftServerConfigKeys (ConfUtils.java:logGet(43)) - raft.server.log.segment.size.max = 1048576 (custom)
2019-09-26 19:35:51,563 [pool-261-thread-1] INFO  server.RaftServerConfigKeys (ConfUtils.java:logGet(43)) - raft.server.log.preallocated.size = 16384 (custom)
2019-09-26 19:35:51,563 [pool-261-thread-1] INFO  server.RaftServerConfigKeys (ConfUtils.java:logGet(43)) - raft.server.log.write.buffer.size = 33554432 (custom)
2019-09-26 19:35:51,563 [pool-261-thread-1] INFO  server.RaftServerConfigKeys (ConfUtils.java:logGet(43)) - raft.server.log.force.sync.num = 128 (default)
2019-09-26 19:35:51,563 [pool-261-thread-1] INFO  server.RaftServerConfigKeys (ConfUtils.java:logGet(43)) - raft.server.log.statemachine.data.sync = true (default)
2019-09-26 19:35:51,563 [pool-261-thread-1] INFO  server.RaftServerConfigKeys (ConfUtils.java:logGet(43)) - raft.server.log.statemachine.data.sync.timeout = 10s (default)
2019-09-26 19:35:51,563 [pool-261-thread-1] INFO  server.RaftServerConfigKeys (ConfUtils.java:logGet(43)) - raft.server.log.statemachine.data.sync.timeout.retry = -1 (default)
2019-09-26 19:35:51,564 [pool-261-thread-1] INFO  server.RaftServerConfigKeys (ConfUtils.java:logGet(43)) - raft.server.log.statemachine.data.caching.enabled = true (custom)
2019-09-26 19:35:51,564 [pool-261-thread-1] INFO  segmented.SegmentedRaftLogWorker (SegmentedRaftLogWorker.java:lambda$new$0(132)) - 27cb48db-4b88-4c0c-b213-19f9b2fffaff@group-BA9ADC048FEB-SegmentedRaftLogWorker: flushIndex: setUnconditionally 0 -> -1
2019-09-26 19:35:51,564 [pool-261-thread-1] INFO  server.RaftServerConfigKeys (ConfUtils.java:logGet(43)) - raft.server.snapshot.auto.trigger.enabled = true (custom)
2019-09-26 19:35:51,564 [pool-261-thread-1] INFO  server.RaftServerConfigKeys (ConfUtils.java:logGet(43)) - raft.server.snapshot.auto.trigger.threshold = 10000 (custom)
2019-09-26 19:35:51,565 [pool-261-thread-1] INFO  server.RaftServerConfigKeys (ConfUtils.java:logGet(43)) - raft.server.snapshot.retention.num.files = 5 (custom)
2019-09-26 19:35:51,565 [pool-261-thread-1] INFO  server.RaftServerConfigKeys (ConfUtils.java:logGet(43)) - raft.server.retrycache.expirytime = 600000ms (custom)
2019-09-26 19:35:51,566 [pool-261-thread-1] INFO  impl.RaftServerImpl (RaftServerImpl.java:start(185)) - 27cb48db-4b88-4c0c-b213-19f9b2fffaff@group-BA9ADC048FEB: start as a follower, conf=-1: [27cb48db-4b88-4c0c-b213-19f9b2fffaff:192.168.151.99:37457], old=null
2019-09-26 19:35:51,567 [pool-261-thread-1] INFO  impl.RaftServerImpl (RaftServerImpl.java:setRole(174)) - 27cb48db-4b88-4c0c-b213-19f9b2fffaff@group-BA9ADC048FEB: changes role from      null to FOLLOWER at term 0 for startAsFollower
2019-09-26 19:35:51,567 [pool-261-thread-1] INFO  impl.RoleInfo (RoleInfo.java:updateAndGet(143)) - 27cb48db-4b88-4c0c-b213-19f9b2fffaff: start FollowerState
2019-09-26 19:35:51,567 [pool-261-thread-1] INFO  util.JmxRegister (JmxRegister.java:tryRegister(44)) - Successfully registered JMX Bean with object name Ratis:service=RaftServer,group=group-BA9ADC048FEB,id=27cb48db-4b88-4c0c-b213-19f9b2fffaff
2019-09-26 19:35:51,569 [RatisPipelineUtilsThread] INFO  pipeline.PipelineStateManager (PipelineStateManager.java:addPipeline(56)) - Created pipeline Pipeline[ Id: f98f65e7-47cb-415f-a205-ba9adc048feb, Nodes: 27cb48db-4b88-4c0c-b213-19f9b2fffaff{ip: 192.168.151.99, host: pr-hdds-1569-g6sp5-2013761785, networkLocation: /rack1, certSerialId: null}, Type:RATIS, Factor:ONE, State:OPEN]
2019-09-26 19:35:51,572 [grpc-default-executor-4] INFO  impl.RaftServerProxy (RaftServerProxy.java:addNew(89)) - 27cb48db-4b88-4c0c-b213-19f9b2fffaff: addNew group-8502D39265A6:[27cb48db-4b88-4c0c-b213-19f9b2fffaff:192.168.151.99:37457] returns group-8502D39265A6:java.util.concurrent.CompletableFuture@45293455[Not completed]
2019-09-26 19:35:51,573 [pool-261-thread-1] INFO  impl.RaftServerImpl (RaftServerImpl.java:<init>(95)) - 27cb48db-4b88-4c0c-b213-19f9b2fffaff: new RaftServerImpl for group-8502D39265A6:[27cb48db-4b88-4c0c-b213-19f9b2fffaff:192.168.151.99:37457] with ContainerStateMachine:uninitialized
2019-09-26 19:35:51,573 [pool-261-thread-1] INFO  server.RaftServerConfigKeys (ConfUtils.java:logGet(43)) - raft.server.rpc.timeout.min = 5s (custom)
2019-09-26 19:35:51,573 [pool-261-thread-1] INFO  server.RaftServerConfigKeys (ConfUtils.java:logGet(43)) - raft.server.rpc.timeout.max = 5200ms (custom)
2019-09-26 19:35:51,574 [pool-261-thread-1] INFO  server.RaftServerConfigKeys (ConfUtils.java:logGet(43)) - raft.server.rpcslowness.timeout = 120s (custom)
2019-09-26 19:35:51,574 [pool-261-thread-1] INFO  server.RaftServerConfigKeys (ConfUtils.java:logGet(43)) - raft.server.sleep.deviation.threshold = 300 (default)
2019-09-26 19:35:51,574 [pool-261-thread-1] INFO  server.RaftServerConfigKeys (ConfUtils.java:logGet(43)) - raft.server.log.appender.install.snapshot.enabled = false (custom)
2019-09-26 19:35:51,574 [pool-261-thread-1] INFO  impl.RaftServerImpl (ServerState.java:<init>(103)) - 27cb48db-4b88-4c0c-b213-19f9b2fffaff@group-8502D39265A6: ConfigurationManager, init=-1: [27cb48db-4b88-4c0c-b213-19f9b2fffaff:192.168.151.99:37457], old=null, confs=<EMPTY_MAP>
2019-09-26 19:35:51,574 [pool-261-thread-1] INFO  server.RaftServerConfigKeys (ConfUtils.java:logGet(43)) - raft.server.storage.dir = [/workdir/hadoop-ozone/integration-test/target/test-dir/MiniOzoneClusterImpl-2f79a7d3-d7ae-4963-8370-12bb1e2132d7/datanode-0/data/ratis] (custom)
2019-09-26 19:35:51,574 [pool-261-thread-1] INFO  storage.RaftStorageDirectory (RaftStorageDirectory.java:analyzeStorage(246)) - The storage directory /workdir/hadoop-ozone/integration-test/target/test-dir/MiniOzoneClusterImpl-2f79a7d3-d7ae-4963-8370-12bb1e2132d7/datanode-0/data/ratis/b8a81893-2a54-47bd-b5d3-8502d39265a6 does not exist. Creating ...
2019-09-26 19:35:51,588 [pool-261-thread-1] INFO  storage.RaftStorageDirectory (RaftStorageDirectory.java:tryLock(328)) - Lock on /workdir/hadoop-ozone/integration-test/target/test-dir/MiniOzoneClusterImpl-2f79a7d3-d7ae-4963-8370-12bb1e2132d7/datanode-0/data/ratis/b8a81893-2a54-47bd-b5d3-8502d39265a6/in_use.lock acquired by nodename 17888@pr-hdds-1569-g6sp5-2013761785
2019-09-26 19:35:51,603 [pool-261-thread-1] INFO  storage.RaftStorage (RaftStorage.java:format(72)) - Storage directory /workdir/hadoop-ozone/integration-test/target/test-dir/MiniOzoneClusterImpl-2f79a7d3-d7ae-4963-8370-12bb1e2132d7/datanode-0/data/ratis/b8a81893-2a54-47bd-b5d3-8502d39265a6 has been successfully formatted.
2019-09-26 19:35:51,604 [pool-261-thread-1] INFO  ratis.ContainerStateMachine (ContainerStateMachine.java:loadSnapshot(230)) - group-8502D39265A6: The snapshot info is null. Setting the last applied indexto:(t:0, i:~)
2019-09-26 19:35:51,605 [pool-261-thread-1] INFO  server.RaftServerConfigKeys (ConfUtils.java:logGet(43)) - raft.server.notification.no-leader.timeout = 120s (custom)
2019-09-26 19:35:51,605 [pool-261-thread-1] INFO  server.RaftServerConfigKeys (ConfUtils.java:logGet(43)) - raft.server.log.use.memory = false (default)
2019-09-26 19:35:51,605 [pool-261-thread-1] INFO  server.RaftServerConfigKeys (ConfUtils.java:logGet(43)) - raft.server.log.purge.gap = 1000000 (custom)
2019-09-26 19:35:51,605 [pool-261-thread-1] INFO  server.RaftServerConfigKeys (ConfUtils.java:logGet(43)) - raft.server.log.appender.buffer.byte-limit = 33554432 (custom)
2019-09-26 19:35:51,605 [pool-261-thread-1] INFO  server.RaftServerConfigKeys (ConfUtils.java:logGet(43)) - raft.server.log.segment.size.max = 1048576 (custom)
2019-09-26 19:35:51,606 [pool-261-thread-1] INFO  server.RaftServerConfigKeys (ConfUtils.java:logGet(43)) - raft.server.log.segment.cache.num.max = 2 (custom)
2019-09-26 19:35:51,606 [pool-261-thread-1] INFO  segmented.SegmentedRaftLogWorker (SegmentedRaftLogWorker.java:<init>(172)) - new 27cb48db-4b88-4c0c-b213-19f9b2fffaff@group-8502D39265A6-SegmentedRaftLogWorker for RaftStorage:Storage Directory /workdir/hadoop-ozone/integration-test/target/test-dir/MiniOzoneClusterImpl-2f79a7d3-d7ae-4963-8370-12bb1e2132d7/datanode-0/data/ratis/b8a81893-2a54-47bd-b5d3-8502d39265a6
2019-09-26 19:35:51,606 [pool-261-thread-1] INFO  server.RaftServerConfigKeys (ConfUtils.java:logGet(43)) - raft.server.log.queue.byte-limit = 2147483647 (custom)
2019-09-26 19:35:51,606 [pool-261-thread-1] INFO  server.RaftServerConfigKeys (ConfUtils.java:logGet(43)) - raft.server.log.queue.element-limit = 1024 (custom)
2019-09-26 19:35:51,606 [pool-261-thread-1] INFO  server.RaftServerConfigKeys (ConfUtils.java:logGet(43)) - raft.server.log.segment.size.max = 1048576 (custom)
2019-09-26 19:35:51,606 [pool-261-thread-1] INFO  server.RaftServerConfigKeys (ConfUtils.java:logGet(43)) - raft.server.log.preallocated.size = 16384 (custom)
2019-09-26 19:35:51,607 [pool-261-thread-1] INFO  server.RaftServerConfigKeys (ConfUtils.java:logGet(43)) - raft.server.log.write.buffer.size = 33554432 (custom)
2019-09-26 19:35:51,607 [pool-261-thread-1] INFO  server.RaftServerConfigKeys (ConfUtils.java:logGet(43)) - raft.server.log.force.sync.num = 128 (default)
2019-09-26 19:35:51,607 [pool-261-thread-1] INFO  server.RaftServerConfigKeys (ConfUtils.java:logGet(43)) - raft.server.log.statemachine.data.sync = true (default)
2019-09-26 19:35:51,607 [pool-261-thread-1] INFO  server.RaftServerConfigKeys (ConfUtils.java:logGet(43)) - raft.server.log.statemachine.data.sync.timeout = 10s (default)
2019-09-26 19:35:51,607 [pool-261-thread-1] INFO  server.RaftServerConfigKeys (ConfUtils.java:logGet(43)) - raft.server.log.statemachine.data.sync.timeout.retry = -1 (default)
2019-09-26 19:35:51,607 [pool-261-thread-1] INFO  server.RaftServerConfigKeys (ConfUtils.java:logGet(43)) - raft.server.log.statemachine.data.caching.enabled = true (custom)
2019-09-26 19:35:51,608 [pool-261-thread-1] INFO  segmented.SegmentedRaftLogWorker (SegmentedRaftLogWorker.java:lambda$new$0(132)) - 27cb48db-4b88-4c0c-b213-19f9b2fffaff@group-8502D39265A6-SegmentedRaftLogWorker: flushIndex: setUnconditionally 0 -> -1
2019-09-26 19:35:51,608 [pool-261-thread-1] INFO  server.RaftServerConfigKeys (ConfUtils.java:logGet(43)) - raft.server.snapshot.auto.trigger.enabled = true (custom)
2019-09-26 19:35:51,609 [pool-261-thread-1] INFO  server.RaftServerConfigKeys (ConfUtils.java:logGet(43)) - raft.server.snapshot.auto.trigger.threshold = 10000 (custom)
2019-09-26 19:35:51,609 [pool-261-thread-1] INFO  server.RaftServerConfigKeys (ConfUtils.java:logGet(43)) - raft.server.snapshot.retention.num.files = 5 (custom)
2019-09-26 19:35:51,609 [pool-261-thread-1] INFO  server.RaftServerConfigKeys (ConfUtils.java:logGet(43)) - raft.server.retrycache.expirytime = 600000ms (custom)
2019-09-26 19:35:51,613 [pool-261-thread-1] INFO  impl.RaftServerImpl (RaftServerImpl.java:start(185)) - 27cb48db-4b88-4c0c-b213-19f9b2fffaff@group-8502D39265A6: start as a follower, conf=-1: [27cb48db-4b88-4c0c-b213-19f9b2fffaff:192.168.151.99:37457], old=null
2019-09-26 19:35:51,613 [pool-261-thread-1] INFO  impl.RaftServerImpl (RaftServerImpl.java:setRole(174)) - 27cb48db-4b88-4c0c-b213-19f9b2fffaff@group-8502D39265A6: changes role from      null to FOLLOWER at term 0 for startAsFollower
2019-09-26 19:35:51,613 [pool-261-thread-1] INFO  impl.RoleInfo (RoleInfo.java:updateAndGet(143)) - 27cb48db-4b88-4c0c-b213-19f9b2fffaff: start FollowerState
2019-09-26 19:35:51,613 [pool-261-thread-1] INFO  util.JmxRegister (JmxRegister.java:tryRegister(44)) - Successfully registered JMX Bean with object name Ratis:service=RaftServer,group=group-8502D39265A6,id=27cb48db-4b88-4c0c-b213-19f9b2fffaff
2019-09-26 19:35:51,618 [RatisPipelineUtilsThread] INFO  pipeline.PipelineStateManager (PipelineStateManager.java:addPipeline(56)) - Created pipeline Pipeline[ Id: b8a81893-2a54-47bd-b5d3-8502d39265a6, Nodes: 27cb48db-4b88-4c0c-b213-19f9b2fffaff{ip: 192.168.151.99, host: pr-hdds-1569-g6sp5-2013761785, networkLocation: /rack1, certSerialId: null}, Type:RATIS, Factor:ONE, State:OPEN]
2019-09-26 19:35:51,626 [grpc-default-executor-4] INFO  impl.RaftServerProxy (RaftServerProxy.java:addNew(89)) - 27cb48db-4b88-4c0c-b213-19f9b2fffaff: addNew group-BEF3B2A0D8BC:[27cb48db-4b88-4c0c-b213-19f9b2fffaff:192.168.151.99:37457] returns group-BEF3B2A0D8BC:java.util.concurrent.CompletableFuture@1c8e96a7[Not completed]
2019-09-26 19:35:51,627 [pool-261-thread-1] INFO  impl.RaftServerImpl (RaftServerImpl.java:<init>(95)) - 27cb48db-4b88-4c0c-b213-19f9b2fffaff: new RaftServerImpl for group-BEF3B2A0D8BC:[27cb48db-4b88-4c0c-b213-19f9b2fffaff:192.168.151.99:37457] with ContainerStateMachine:uninitialized
2019-09-26 19:35:51,627 [pool-261-thread-1] INFO  server.RaftServerConfigKeys (ConfUtils.java:logGet(43)) - raft.server.rpc.timeout.min = 5s (custom)
2019-09-26 19:35:51,627 [pool-261-thread-1] INFO  server.RaftServerConfigKeys (ConfUtils.java:logGet(43)) - raft.server.rpc.timeout.max = 5200ms (custom)
2019-09-26 19:35:51,628 [pool-261-thread-1] INFO  server.RaftServerConfigKeys (ConfUtils.java:logGet(43)) - raft.server.rpcslowness.timeout = 120s (custom)
2019-09-26 19:35:51,628 [pool-261-thread-1] INFO  server.RaftServerConfigKeys (ConfUtils.java:logGet(43)) - raft.server.sleep.deviation.threshold = 300 (default)
2019-09-26 19:35:51,628 [pool-261-thread-1] INFO  server.RaftServerConfigKeys (ConfUtils.java:logGet(43)) - raft.server.log.appender.install.snapshot.enabled = false (custom)
2019-09-26 19:35:51,628 [pool-261-thread-1] INFO  impl.RaftServerImpl (ServerState.java:<init>(103)) - 27cb48db-4b88-4c0c-b213-19f9b2fffaff@group-BEF3B2A0D8BC: ConfigurationManager, init=-1: [27cb48db-4b88-4c0c-b213-19f9b2fffaff:192.168.151.99:37457], old=null, confs=<EMPTY_MAP>
2019-09-26 19:35:51,628 [pool-261-thread-1] INFO  server.RaftServerConfigKeys (ConfUtils.java:logGet(43)) - raft.server.storage.dir = [/workdir/hadoop-ozone/integration-test/target/test-dir/MiniOzoneClusterImpl-2f79a7d3-d7ae-4963-8370-12bb1e2132d7/datanode-0/data/ratis] (custom)
2019-09-26 19:35:51,629 [pool-261-thread-1] INFO  storage.RaftStorageDirectory (RaftStorageDirectory.java:analyzeStorage(246)) - The storage directory /workdir/hadoop-ozone/integration-test/target/test-dir/MiniOzoneClusterImpl-2f79a7d3-d7ae-4963-8370-12bb1e2132d7/datanode-0/data/ratis/81c0087e-3c1f-48e2-9488-bef3b2a0d8bc does not exist. Creating ...
2019-09-26 19:35:51,642 [pool-261-thread-1] INFO  storage.RaftStorageDirectory (RaftStorageDirectory.java:tryLock(328)) - Lock on /workdir/hadoop-ozone/integration-test/target/test-dir/MiniOzoneClusterImpl-2f79a7d3-d7ae-4963-8370-12bb1e2132d7/datanode-0/data/ratis/81c0087e-3c1f-48e2-9488-bef3b2a0d8bc/in_use.lock acquired by nodename 17888@pr-hdds-1569-g6sp5-2013761785
2019-09-26 19:35:51,655 [pool-261-thread-1] INFO  storage.RaftStorage (RaftStorage.java:format(72)) - Storage directory /workdir/hadoop-ozone/integration-test/target/test-dir/MiniOzoneClusterImpl-2f79a7d3-d7ae-4963-8370-12bb1e2132d7/datanode-0/data/ratis/81c0087e-3c1f-48e2-9488-bef3b2a0d8bc has been successfully formatted.
2019-09-26 19:35:51,656 [pool-261-thread-1] INFO  ratis.ContainerStateMachine (ContainerStateMachine.java:loadSnapshot(230)) - group-BEF3B2A0D8BC: The snapshot info is null. Setting the last applied indexto:(t:0, i:~)
2019-09-26 19:35:51,656 [pool-261-thread-1] INFO  server.RaftServerConfigKeys (ConfUtils.java:logGet(43)) - raft.server.notification.no-leader.timeout = 120s (custom)
2019-09-26 19:35:51,656 [pool-261-thread-1] INFO  server.RaftServerConfigKeys (ConfUtils.java:logGet(43)) - raft.server.log.use.memory = false (default)
2019-09-26 19:35:51,656 [pool-261-thread-1] INFO  server.RaftServerConfigKeys (ConfUtils.java:logGet(43)) - raft.server.log.purge.gap = 1000000 (custom)
2019-09-26 19:35:51,656 [pool-261-thread-1] INFO  server.RaftServerConfigKeys (ConfUtils.java:logGet(43)) - raft.server.log.appender.buffer.byte-limit = 33554432 (custom)
2019-09-26 19:35:51,656 [pool-261-thread-1] INFO  server.RaftServerConfigKeys (ConfUtils.java:logGet(43)) - raft.server.log.segment.size.max = 1048576 (custom)
2019-09-26 19:35:51,656 [pool-261-thread-1] INFO  server.RaftServerConfigKeys (ConfUtils.java:logGet(43)) - raft.server.log.segment.cache.num.max = 2 (custom)
2019-09-26 19:35:51,656 [pool-261-thread-1] INFO  segmented.SegmentedRaftLogWorker (SegmentedRaftLogWorker.java:<init>(172)) - new 27cb48db-4b88-4c0c-b213-19f9b2fffaff@group-BEF3B2A0D8BC-SegmentedRaftLogWorker for RaftStorage:Storage Directory /workdir/hadoop-ozone/integration-test/target/test-dir/MiniOzoneClusterImpl-2f79a7d3-d7ae-4963-8370-12bb1e2132d7/datanode-0/data/ratis/81c0087e-3c1f-48e2-9488-bef3b2a0d8bc
2019-09-26 19:35:51,657 [pool-261-thread-1] INFO  server.RaftServerConfigKeys (ConfUtils.java:logGet(43)) - raft.server.log.queue.byte-limit = 2147483647 (custom)
2019-09-26 19:35:51,657 [pool-261-thread-1] INFO  server.RaftServerConfigKeys (ConfUtils.java:logGet(43)) - raft.server.log.queue.element-limit = 1024 (custom)
2019-09-26 19:35:51,657 [pool-261-thread-1] INFO  server.RaftServerConfigKeys (ConfUtils.java:logGet(43)) - raft.server.log.segment.size.max = 1048576 (custom)
2019-09-26 19:35:51,657 [pool-261-thread-1] INFO  server.RaftServerConfigKeys (ConfUtils.java:logGet(43)) - raft.server.log.preallocated.size = 16384 (custom)
2019-09-26 19:35:51,657 [pool-261-thread-1] INFO  server.RaftServerConfigKeys (ConfUtils.java:logGet(43)) - raft.server.log.write.buffer.size = 33554432 (custom)
2019-09-26 19:35:51,657 [pool-261-thread-1] INFO  server.RaftServerConfigKeys (ConfUtils.java:logGet(43)) - raft.server.log.force.sync.num = 128 (default)
2019-09-26 19:35:51,657 [pool-261-thread-1] INFO  server.RaftServerConfigKeys (ConfUtils.java:logGet(43)) - raft.server.log.statemachine.data.sync = true (default)
2019-09-26 19:35:51,657 [pool-261-thread-1] INFO  server.RaftServerConfigKeys (ConfUtils.java:logGet(43)) - raft.server.log.statemachine.data.sync.timeout = 10s (default)
2019-09-26 19:35:51,658 [pool-261-thread-1] INFO  server.RaftServerConfigKeys (ConfUtils.java:logGet(43)) - raft.server.log.statemachine.data.sync.timeout.retry = -1 (default)
2019-09-26 19:35:51,658 [pool-261-thread-1] INFO  server.RaftServerConfigKeys (ConfUtils.java:logGet(43)) - raft.server.log.statemachine.data.caching.enabled = true (custom)
2019-09-26 19:35:51,658 [pool-261-thread-1] INFO  segmented.SegmentedRaftLogWorker (SegmentedRaftLogWorker.java:lambda$new$0(132)) - 27cb48db-4b88-4c0c-b213-19f9b2fffaff@group-BEF3B2A0D8BC-SegmentedRaftLogWorker: flushIndex: setUnconditionally 0 -> -1
2019-09-26 19:35:51,658 [pool-261-thread-1] INFO  server.RaftServerConfigKeys (ConfUtils.java:logGet(43)) - raft.server.snapshot.auto.trigger.enabled = true (custom)
2019-09-26 19:35:51,658 [pool-261-thread-1] INFO  server.RaftServerConfigKeys (ConfUtils.java:logGet(43)) - raft.server.snapshot.auto.trigger.threshold = 10000 (custom)
2019-09-26 19:35:51,658 [pool-261-thread-1] INFO  server.RaftServerConfigKeys (ConfUtils.java:logGet(43)) - raft.server.snapshot.retention.num.files = 5 (custom)
2019-09-26 19:35:51,659 [pool-261-thread-1] INFO  server.RaftServerConfigKeys (ConfUtils.java:logGet(43)) - raft.server.retrycache.expirytime = 600000ms (custom)
2019-09-26 19:35:51,660 [pool-261-thread-1] INFO  impl.RaftServerImpl (RaftServerImpl.java:start(185)) - 27cb48db-4b88-4c0c-b213-19f9b2fffaff@group-BEF3B2A0D8BC: start as a follower, conf=-1: [27cb48db-4b88-4c0c-b213-19f9b2fffaff:192.168.151.99:37457], old=null
2019-09-26 19:35:51,660 [pool-261-thread-1] INFO  impl.RaftServerImpl (RaftServerImpl.java:setRole(174)) - 27cb48db-4b88-4c0c-b213-19f9b2fffaff@group-BEF3B2A0D8BC: changes role from      null to FOLLOWER at term 0 for startAsFollower
2019-09-26 19:35:51,660 [pool-261-thread-1] INFO  impl.RoleInfo (RoleInfo.java:updateAndGet(143)) - 27cb48db-4b88-4c0c-b213-19f9b2fffaff: start FollowerState
2019-09-26 19:35:51,661 [pool-261-thread-1] INFO  util.JmxRegister (JmxRegister.java:tryRegister(44)) - Successfully registered JMX Bean with object name Ratis:service=RaftServer,group=group-BEF3B2A0D8BC,id=27cb48db-4b88-4c0c-b213-19f9b2fffaff
2019-09-26 19:35:51,663 [RatisPipelineUtilsThread] INFO  pipeline.PipelineStateManager (PipelineStateManager.java:addPipeline(56)) - Created pipeline Pipeline[ Id: 81c0087e-3c1f-48e2-9488-bef3b2a0d8bc, Nodes: 27cb48db-4b88-4c0c-b213-19f9b2fffaff{ip: 192.168.151.99, host: pr-hdds-1569-g6sp5-2013761785, networkLocation: /rack1, certSerialId: null}, Type:RATIS, Factor:ONE, State:OPEN]
2019-09-26 19:35:51,665 [grpc-default-executor-4] INFO  impl.RaftServerProxy (RaftServerProxy.java:addNew(89)) - 27cb48db-4b88-4c0c-b213-19f9b2fffaff: addNew group-CD5E6EACE70C:[27cb48db-4b88-4c0c-b213-19f9b2fffaff:192.168.151.99:37457] returns group-CD5E6EACE70C:java.util.concurrent.CompletableFuture@6768a966[Not completed]
2019-09-26 19:35:51,666 [pool-261-thread-1] INFO  impl.RaftServerImpl (RaftServerImpl.java:<init>(95)) - 27cb48db-4b88-4c0c-b213-19f9b2fffaff: new RaftServerImpl for group-CD5E6EACE70C:[27cb48db-4b88-4c0c-b213-19f9b2fffaff:192.168.151.99:37457] with ContainerStateMachine:uninitialized
2019-09-26 19:35:51,666 [pool-261-thread-1] INFO  server.RaftServerConfigKeys (ConfUtils.java:logGet(43)) - raft.server.rpc.timeout.min = 5s (custom)
2019-09-26 19:35:51,666 [pool-261-thread-1] INFO  server.RaftServerConfigKeys (ConfUtils.java:logGet(43)) - raft.server.rpc.timeout.max = 5200ms (custom)
2019-09-26 19:35:51,666 [pool-261-thread-1] INFO  server.RaftServerConfigKeys (ConfUtils.java:logGet(43)) - raft.server.rpcslowness.timeout = 120s (custom)
2019-09-26 19:35:51,666 [pool-261-thread-1] INFO  server.RaftServerConfigKeys (ConfUtils.java:logGet(43)) - raft.server.sleep.deviation.threshold = 300 (default)
2019-09-26 19:35:51,666 [pool-261-thread-1] INFO  server.RaftServerConfigKeys (ConfUtils.java:logGet(43)) - raft.server.log.appender.install.snapshot.enabled = false (custom)
2019-09-26 19:35:51,667 [pool-261-thread-1] INFO  impl.RaftServerImpl (ServerState.java:<init>(103)) - 27cb48db-4b88-4c0c-b213-19f9b2fffaff@group-CD5E6EACE70C: ConfigurationManager, init=-1: [27cb48db-4b88-4c0c-b213-19f9b2fffaff:192.168.151.99:37457], old=null, confs=<EMPTY_MAP>
2019-09-26 19:35:51,667 [pool-261-thread-1] INFO  server.RaftServerConfigKeys (ConfUtils.java:logGet(43)) - raft.server.storage.dir = [/workdir/hadoop-ozone/integration-test/target/test-dir/MiniOzoneClusterImpl-2f79a7d3-d7ae-4963-8370-12bb1e2132d7/datanode-0/data/ratis] (custom)
2019-09-26 19:35:51,667 [pool-261-thread-1] INFO  storage.RaftStorageDirectory (RaftStorageDirectory.java:analyzeStorage(246)) - The storage directory /workdir/hadoop-ozone/integration-test/target/test-dir/MiniOzoneClusterImpl-2f79a7d3-d7ae-4963-8370-12bb1e2132d7/datanode-0/data/ratis/ca6b8b99-ff1d-4101-940b-cd5e6eace70c does not exist. Creating ...
2019-09-26 19:35:51,680 [pool-261-thread-1] INFO  storage.RaftStorageDirectory (RaftStorageDirectory.java:tryLock(328)) - Lock on /workdir/hadoop-ozone/integration-test/target/test-dir/MiniOzoneClusterImpl-2f79a7d3-d7ae-4963-8370-12bb1e2132d7/datanode-0/data/ratis/ca6b8b99-ff1d-4101-940b-cd5e6eace70c/in_use.lock acquired by nodename 17888@pr-hdds-1569-g6sp5-2013761785
2019-09-26 19:35:51,693 [pool-261-thread-1] INFO  storage.RaftStorage (RaftStorage.java:format(72)) - Storage directory /workdir/hadoop-ozone/integration-test/target/test-dir/MiniOzoneClusterImpl-2f79a7d3-d7ae-4963-8370-12bb1e2132d7/datanode-0/data/ratis/ca6b8b99-ff1d-4101-940b-cd5e6eace70c has been successfully formatted.
2019-09-26 19:35:51,694 [pool-261-thread-1] INFO  ratis.ContainerStateMachine (ContainerStateMachine.java:loadSnapshot(230)) - group-CD5E6EACE70C: The snapshot info is null. Setting the last applied indexto:(t:0, i:~)
2019-09-26 19:35:51,694 [pool-261-thread-1] INFO  server.RaftServerConfigKeys (ConfUtils.java:logGet(43)) - raft.server.notification.no-leader.timeout = 120s (custom)
2019-09-26 19:35:51,694 [pool-261-thread-1] INFO  server.RaftServerConfigKeys (ConfUtils.java:logGet(43)) - raft.server.log.use.memory = false (default)
2019-09-26 19:35:51,694 [pool-261-thread-1] INFO  server.RaftServerConfigKeys (ConfUtils.java:logGet(43)) - raft.server.log.purge.gap = 1000000 (custom)
2019-09-26 19:35:51,694 [pool-261-thread-1] INFO  server.RaftServerConfigKeys (ConfUtils.java:logGet(43)) - raft.server.log.appender.buffer.byte-limit = 33554432 (custom)
2019-09-26 19:35:51,694 [pool-261-thread-1] INFO  server.RaftServerConfigKeys (ConfUtils.java:logGet(43)) - raft.server.log.segment.size.max = 1048576 (custom)
2019-09-26 19:35:51,694 [pool-261-thread-1] INFO  server.RaftServerConfigKeys (ConfUtils.java:logGet(43)) - raft.server.log.segment.cache.num.max = 2 (custom)
2019-09-26 19:35:51,694 [pool-261-thread-1] INFO  segmented.SegmentedRaftLogWorker (SegmentedRaftLogWorker.java:<init>(172)) - new 27cb48db-4b88-4c0c-b213-19f9b2fffaff@group-CD5E6EACE70C-SegmentedRaftLogWorker for RaftStorage:Storage Directory /workdir/hadoop-ozone/integration-test/target/test-dir/MiniOzoneClusterImpl-2f79a7d3-d7ae-4963-8370-12bb1e2132d7/datanode-0/data/ratis/ca6b8b99-ff1d-4101-940b-cd5e6eace70c
2019-09-26 19:35:51,695 [pool-261-thread-1] INFO  server.RaftServerConfigKeys (ConfUtils.java:logGet(43)) - raft.server.log.queue.byte-limit = 2147483647 (custom)
2019-09-26 19:35:51,695 [pool-261-thread-1] INFO  server.RaftServerConfigKeys (ConfUtils.java:logGet(43)) - raft.server.log.queue.element-limit = 1024 (custom)
2019-09-26 19:35:51,695 [pool-261-thread-1] INFO  server.RaftServerConfigKeys (ConfUtils.java:logGet(43)) - raft.server.log.segment.size.max = 1048576 (custom)
2019-09-26 19:35:51,695 [pool-261-thread-1] INFO  server.RaftServerConfigKeys (ConfUtils.java:logGet(43)) - raft.server.log.preallocated.size = 16384 (custom)
2019-09-26 19:35:51,695 [pool-261-thread-1] INFO  server.RaftServerConfigKeys (ConfUtils.java:logGet(43)) - raft.server.log.write.buffer.size = 33554432 (custom)
2019-09-26 19:35:51,695 [pool-261-thread-1] INFO  server.RaftServerConfigKeys (ConfUtils.java:logGet(43)) - raft.server.log.force.sync.num = 128 (default)
2019-09-26 19:35:51,695 [pool-261-thread-1] INFO  server.RaftServerConfigKeys (ConfUtils.java:logGet(43)) - raft.server.log.statemachine.data.sync = true (default)
2019-09-26 19:35:51,695 [pool-261-thread-1] INFO  server.RaftServerConfigKeys (ConfUtils.java:logGet(43)) - raft.server.log.statemachine.data.sync.timeout = 10s (default)
2019-09-26 19:35:51,696 [pool-261-thread-1] INFO  server.RaftServerConfigKeys (ConfUtils.java:logGet(43)) - raft.server.log.statemachine.data.sync.timeout.retry = -1 (default)
2019-09-26 19:35:51,696 [pool-261-thread-1] INFO  server.RaftServerConfigKeys (ConfUtils.java:logGet(43)) - raft.server.log.statemachine.data.caching.enabled = true (custom)
2019-09-26 19:35:51,696 [pool-261-thread-1] INFO  segmented.SegmentedRaftLogWorker (SegmentedRaftLogWorker.java:lambda$new$0(132)) - 27cb48db-4b88-4c0c-b213-19f9b2fffaff@group-CD5E6EACE70C-SegmentedRaftLogWorker: flushIndex: setUnconditionally 0 -> -1
2019-09-26 19:35:51,696 [pool-261-thread-1] INFO  server.RaftServerConfigKeys (ConfUtils.java:logGet(43)) - raft.server.snapshot.auto.trigger.enabled = true (custom)
2019-09-26 19:35:51,696 [pool-261-thread-1] INFO  server.RaftServerConfigKeys (ConfUtils.java:logGet(43)) - raft.server.snapshot.auto.trigger.threshold = 10000 (custom)
2019-09-26 19:35:51,697 [pool-261-thread-1] INFO  server.RaftServerConfigKeys (ConfUtils.java:logGet(43)) - raft.server.snapshot.retention.num.files = 5 (custom)
2019-09-26 19:35:51,697 [pool-261-thread-1] INFO  server.RaftServerConfigKeys (ConfUtils.java:logGet(43)) - raft.server.retrycache.expirytime = 600000ms (custom)
2019-09-26 19:35:51,698 [pool-261-thread-1] INFO  impl.RaftServerImpl (RaftServerImpl.java:start(185)) - 27cb48db-4b88-4c0c-b213-19f9b2fffaff@group-CD5E6EACE70C: start as a follower, conf=-1: [27cb48db-4b88-4c0c-b213-19f9b2fffaff:192.168.151.99:37457], old=null
2019-09-26 19:35:51,698 [pool-261-thread-1] INFO  impl.RaftServerImpl (RaftServerImpl.java:setRole(174)) - 27cb48db-4b88-4c0c-b213-19f9b2fffaff@group-CD5E6EACE70C: changes role from      null to FOLLOWER at term 0 for startAsFollower
2019-09-26 19:35:51,699 [pool-261-thread-1] INFO  impl.RoleInfo (RoleInfo.java:updateAndGet(143)) - 27cb48db-4b88-4c0c-b213-19f9b2fffaff: start FollowerState
2019-09-26 19:35:51,699 [pool-261-thread-1] INFO  util.JmxRegister (JmxRegister.java:tryRegister(44)) - Successfully registered JMX Bean with object name Ratis:service=RaftServer,group=group-CD5E6EACE70C,id=27cb48db-4b88-4c0c-b213-19f9b2fffaff
2019-09-26 19:35:51,700 [RatisPipelineUtilsThread] INFO  pipeline.PipelineStateManager (PipelineStateManager.java:addPipeline(56)) - Created pipeline Pipeline[ Id: ca6b8b99-ff1d-4101-940b-cd5e6eace70c, Nodes: 27cb48db-4b88-4c0c-b213-19f9b2fffaff{ip: 192.168.151.99, host: pr-hdds-1569-g6sp5-2013761785, networkLocation: /rack1, certSerialId: null}, Type:RATIS, Factor:ONE, State:OPEN]
2019-09-26 19:35:51,703 [grpc-default-executor-4] INFO  impl.RaftServerProxy (RaftServerProxy.java:addNew(89)) - 27cb48db-4b88-4c0c-b213-19f9b2fffaff: addNew group-686B5EE37884:[27cb48db-4b88-4c0c-b213-19f9b2fffaff:192.168.151.99:37457] returns group-686B5EE37884:java.util.concurrent.CompletableFuture@544ec55d[Not completed]
2019-09-26 19:35:51,704 [pool-261-thread-1] INFO  impl.RaftServerImpl (RaftServerImpl.java:<init>(95)) - 27cb48db-4b88-4c0c-b213-19f9b2fffaff: new RaftServerImpl for group-686B5EE37884:[27cb48db-4b88-4c0c-b213-19f9b2fffaff:192.168.151.99:37457] with ContainerStateMachine:uninitialized
2019-09-26 19:35:51,704 [pool-261-thread-1] INFO  server.RaftServerConfigKeys (ConfUtils.java:logGet(43)) - raft.server.rpc.timeout.min = 5s (custom)
2019-09-26 19:35:51,704 [pool-261-thread-1] INFO  server.RaftServerConfigKeys (ConfUtils.java:logGet(43)) - raft.server.rpc.timeout.max = 5200ms (custom)
2019-09-26 19:35:51,704 [pool-261-thread-1] INFO  server.RaftServerConfigKeys (ConfUtils.java:logGet(43)) - raft.server.rpcslowness.timeout = 120s (custom)
2019-09-26 19:35:51,704 [pool-261-thread-1] INFO  server.RaftServerConfigKeys (ConfUtils.java:logGet(43)) - raft.server.sleep.deviation.threshold = 300 (default)
2019-09-26 19:35:51,704 [pool-261-thread-1] INFO  server.RaftServerConfigKeys (ConfUtils.java:logGet(43)) - raft.server.log.appender.install.snapshot.enabled = false (custom)
2019-09-26 19:35:51,704 [pool-261-thread-1] INFO  impl.RaftServerImpl (ServerState.java:<init>(103)) - 27cb48db-4b88-4c0c-b213-19f9b2fffaff@group-686B5EE37884: ConfigurationManager, init=-1: [27cb48db-4b88-4c0c-b213-19f9b2fffaff:192.168.151.99:37457], old=null, confs=<EMPTY_MAP>
2019-09-26 19:35:51,705 [pool-261-thread-1] INFO  server.RaftServerConfigKeys (ConfUtils.java:logGet(43)) - raft.server.storage.dir = [/workdir/hadoop-ozone/integration-test/target/test-dir/MiniOzoneClusterImpl-2f79a7d3-d7ae-4963-8370-12bb1e2132d7/datanode-0/data/ratis] (custom)
2019-09-26 19:35:51,705 [pool-261-thread-1] INFO  storage.RaftStorageDirectory (RaftStorageDirectory.java:analyzeStorage(246)) - The storage directory /workdir/hadoop-ozone/integration-test/target/test-dir/MiniOzoneClusterImpl-2f79a7d3-d7ae-4963-8370-12bb1e2132d7/datanode-0/data/ratis/187fb251-b4bc-4fbd-a1e2-686b5ee37884 does not exist. Creating ...
2019-09-26 19:35:51,717 [pool-261-thread-1] INFO  storage.RaftStorageDirectory (RaftStorageDirectory.java:tryLock(328)) - Lock on /workdir/hadoop-ozone/integration-test/target/test-dir/MiniOzoneClusterImpl-2f79a7d3-d7ae-4963-8370-12bb1e2132d7/datanode-0/data/ratis/187fb251-b4bc-4fbd-a1e2-686b5ee37884/in_use.lock acquired by nodename 17888@pr-hdds-1569-g6sp5-2013761785
2019-09-26 19:35:51,727 [IPC Server handler 1 on 35985] INFO  net.NetworkTopology (NetworkTopologyImpl.java:add(111)) - Added a new node: /rack1/728ea44c-f097-440a-a87e-c27a68d48f14
2019-09-26 19:35:51,727 [IPC Server handler 1 on 35985] INFO  node.SCMNodeManager (SCMNodeManager.java:register(266)) - Registered Data node : 728ea44c-f097-440a-a87e-c27a68d48f14{ip: 192.168.151.99, host: pr-hdds-1569-g6sp5-2013761785, networkLocation: /rack1, certSerialId: null}
2019-09-26 19:35:51,731 [pool-261-thread-1] INFO  storage.RaftStorage (RaftStorage.java:format(72)) - Storage directory /workdir/hadoop-ozone/integration-test/target/test-dir/MiniOzoneClusterImpl-2f79a7d3-d7ae-4963-8370-12bb1e2132d7/datanode-0/data/ratis/187fb251-b4bc-4fbd-a1e2-686b5ee37884 has been successfully formatted.
2019-09-26 19:35:51,731 [pool-261-thread-1] INFO  ratis.ContainerStateMachine (ContainerStateMachine.java:loadSnapshot(230)) - group-686B5EE37884: The snapshot info is null. Setting the last applied indexto:(t:0, i:~)
2019-09-26 19:35:51,732 [pool-261-thread-1] INFO  server.RaftServerConfigKeys (ConfUtils.java:logGet(43)) - raft.server.notification.no-leader.timeout = 120s (custom)
2019-09-26 19:35:51,732 [pool-261-thread-1] INFO  server.RaftServerConfigKeys (ConfUtils.java:logGet(43)) - raft.server.log.use.memory = false (default)
2019-09-26 19:35:51,732 [pool-261-thread-1] INFO  server.RaftServerConfigKeys (ConfUtils.java:logGet(43)) - raft.server.log.purge.gap = 1000000 (custom)
2019-09-26 19:35:51,732 [pool-261-thread-1] INFO  server.RaftServerConfigKeys (ConfUtils.java:logGet(43)) - raft.server.log.appender.buffer.byte-limit = 33554432 (custom)
2019-09-26 19:35:51,732 [pool-261-thread-1] INFO  server.RaftServerConfigKeys (ConfUtils.java:logGet(43)) - raft.server.log.segment.size.max = 1048576 (custom)
2019-09-26 19:35:51,732 [pool-261-thread-1] INFO  server.RaftServerConfigKeys (ConfUtils.java:logGet(43)) - raft.server.log.segment.cache.num.max = 2 (custom)
2019-09-26 19:35:51,732 [pool-261-thread-1] INFO  segmented.SegmentedRaftLogWorker (SegmentedRaftLogWorker.java:<init>(172)) - new 27cb48db-4b88-4c0c-b213-19f9b2fffaff@group-686B5EE37884-SegmentedRaftLogWorker for RaftStorage:Storage Directory /workdir/hadoop-ozone/integration-test/target/test-dir/MiniOzoneClusterImpl-2f79a7d3-d7ae-4963-8370-12bb1e2132d7/datanode-0/data/ratis/187fb251-b4bc-4fbd-a1e2-686b5ee37884
2019-09-26 19:35:51,733 [pool-261-thread-1] INFO  server.RaftServerConfigKeys (ConfUtils.java:logGet(43)) - raft.server.log.queue.byte-limit = 2147483647 (custom)
2019-09-26 19:35:51,733 [pool-261-thread-1] INFO  server.RaftServerConfigKeys (ConfUtils.java:logGet(43)) - raft.server.log.queue.element-limit = 1024 (custom)
2019-09-26 19:35:51,733 [pool-261-thread-1] INFO  server.RaftServerConfigKeys (ConfUtils.java:logGet(43)) - raft.server.log.segment.size.max = 1048576 (custom)
2019-09-26 19:35:51,733 [pool-261-thread-1] INFO  server.RaftServerConfigKeys (ConfUtils.java:logGet(43)) - raft.server.log.preallocated.size = 16384 (custom)
2019-09-26 19:35:51,733 [pool-261-thread-1] INFO  server.RaftServerConfigKeys (ConfUtils.java:logGet(43)) - raft.server.log.write.buffer.size = 33554432 (custom)
2019-09-26 19:35:51,733 [pool-261-thread-1] INFO  server.RaftServerConfigKeys (ConfUtils.java:logGet(43)) - raft.server.log.force.sync.num = 128 (default)
2019-09-26 19:35:51,733 [pool-261-thread-1] INFO  server.RaftServerConfigKeys (ConfUtils.java:logGet(43)) - raft.server.log.statemachine.data.sync = true (default)
2019-09-26 19:35:51,733 [pool-261-thread-1] INFO  server.RaftServerConfigKeys (ConfUtils.java:logGet(43)) - raft.server.log.statemachine.data.sync.timeout = 10s (default)
2019-09-26 19:35:51,734 [pool-261-thread-1] INFO  server.RaftServerConfigKeys (ConfUtils.java:logGet(43)) - raft.server.log.statemachine.data.sync.timeout.retry = -1 (default)
2019-09-26 19:35:51,734 [pool-261-thread-1] INFO  server.RaftServerConfigKeys (ConfUtils.java:logGet(43)) - raft.server.log.statemachine.data.caching.enabled = true (custom)
2019-09-26 19:35:51,734 [pool-261-thread-1] INFO  segmented.SegmentedRaftLogWorker (SegmentedRaftLogWorker.java:lambda$new$0(132)) - 27cb48db-4b88-4c0c-b213-19f9b2fffaff@group-686B5EE37884-SegmentedRaftLogWorker: flushIndex: setUnconditionally 0 -> -1
2019-09-26 19:35:51,734 [pool-261-thread-1] INFO  server.RaftServerConfigKeys (ConfUtils.java:logGet(43)) - raft.server.snapshot.auto.trigger.enabled = true (custom)
2019-09-26 19:35:51,734 [pool-261-thread-1] INFO  server.RaftServerConfigKeys (ConfUtils.java:logGet(43)) - raft.server.snapshot.auto.trigger.threshold = 10000 (custom)
2019-09-26 19:35:51,735 [pool-261-thread-1] INFO  server.RaftServerConfigKeys (ConfUtils.java:logGet(43)) - raft.server.snapshot.retention.num.files = 5 (custom)
2019-09-26 19:35:51,735 [pool-261-thread-1] INFO  server.RaftServerConfigKeys (ConfUtils.java:logGet(43)) - raft.server.retrycache.expirytime = 600000ms (custom)
2019-09-26 19:35:51,736 [pool-261-thread-1] INFO  impl.RaftServerImpl (RaftServerImpl.java:start(185)) - 27cb48db-4b88-4c0c-b213-19f9b2fffaff@group-686B5EE37884: start as a follower, conf=-1: [27cb48db-4b88-4c0c-b213-19f9b2fffaff:192.168.151.99:37457], old=null
2019-09-26 19:35:51,737 [pool-261-thread-1] INFO  impl.RaftServerImpl (RaftServerImpl.java:setRole(174)) - 27cb48db-4b88-4c0c-b213-19f9b2fffaff@group-686B5EE37884: changes role from      null to FOLLOWER at term 0 for startAsFollower
2019-09-26 19:35:51,737 [pool-261-thread-1] INFO  impl.RoleInfo (RoleInfo.java:updateAndGet(143)) - 27cb48db-4b88-4c0c-b213-19f9b2fffaff: start FollowerState
2019-09-26 19:35:51,737 [pool-261-thread-1] INFO  util.JmxRegister (JmxRegister.java:tryRegister(44)) - Successfully registered JMX Bean with object name Ratis:service=RaftServer,group=group-686B5EE37884,id=27cb48db-4b88-4c0c-b213-19f9b2fffaff
2019-09-26 19:35:51,739 [RatisPipelineUtilsThread] INFO  pipeline.PipelineStateManager (PipelineStateManager.java:addPipeline(56)) - Created pipeline Pipeline[ Id: 187fb251-b4bc-4fbd-a1e2-686b5ee37884, Nodes: 27cb48db-4b88-4c0c-b213-19f9b2fffaff{ip: 192.168.151.99, host: pr-hdds-1569-g6sp5-2013761785, networkLocation: /rack1, certSerialId: null}, Type:RATIS, Factor:ONE, State:OPEN]
2019-09-26 19:35:51,745 [grpc-default-executor-4] INFO  impl.RaftServerProxy (RaftServerProxy.java:addNew(89)) - 27cb48db-4b88-4c0c-b213-19f9b2fffaff: addNew group-E5EC31325CD2:[27cb48db-4b88-4c0c-b213-19f9b2fffaff:192.168.151.99:37457] returns group-E5EC31325CD2:java.util.concurrent.CompletableFuture@60a8af0f[Not completed]
2019-09-26 19:35:51,745 [pool-261-thread-1] INFO  impl.RaftServerImpl (RaftServerImpl.java:<init>(95)) - 27cb48db-4b88-4c0c-b213-19f9b2fffaff: new RaftServerImpl for group-E5EC31325CD2:[27cb48db-4b88-4c0c-b213-19f9b2fffaff:192.168.151.99:37457] with ContainerStateMachine:uninitialized
2019-09-26 19:35:51,746 [pool-261-thread-1] INFO  server.RaftServerConfigKeys (ConfUtils.java:logGet(43)) - raft.server.rpc.timeout.min = 5s (custom)
2019-09-26 19:35:51,746 [pool-261-thread-1] INFO  server.RaftServerConfigKeys (ConfUtils.java:logGet(43)) - raft.server.rpc.timeout.max = 5200ms (custom)
2019-09-26 19:35:51,746 [pool-261-thread-1] INFO  server.RaftServerConfigKeys (ConfUtils.java:logGet(43)) - raft.server.rpcslowness.timeout = 120s (custom)
2019-09-26 19:35:51,746 [pool-261-thread-1] INFO  server.RaftServerConfigKeys (ConfUtils.java:logGet(43)) - raft.server.sleep.deviation.threshold = 300 (default)
2019-09-26 19:35:51,746 [pool-261-thread-1] INFO  server.RaftServerConfigKeys (ConfUtils.java:logGet(43)) - raft.server.log.appender.install.snapshot.enabled = false (custom)
2019-09-26 19:35:51,746 [pool-261-thread-1] INFO  impl.RaftServerImpl (ServerState.java:<init>(103)) - 27cb48db-4b88-4c0c-b213-19f9b2fffaff@group-E5EC31325CD2: ConfigurationManager, init=-1: [27cb48db-4b88-4c0c-b213-19f9b2fffaff:192.168.151.99:37457], old=null, confs=<EMPTY_MAP>
2019-09-26 19:35:51,746 [pool-261-thread-1] INFO  server.RaftServerConfigKeys (ConfUtils.java:logGet(43)) - raft.server.storage.dir = [/workdir/hadoop-ozone/integration-test/target/test-dir/MiniOzoneClusterImpl-2f79a7d3-d7ae-4963-8370-12bb1e2132d7/datanode-0/data/ratis] (custom)
2019-09-26 19:35:51,746 [pool-261-thread-1] INFO  storage.RaftStorageDirectory (RaftStorageDirectory.java:analyzeStorage(246)) - The storage directory /workdir/hadoop-ozone/integration-test/target/test-dir/MiniOzoneClusterImpl-2f79a7d3-d7ae-4963-8370-12bb1e2132d7/datanode-0/data/ratis/adce5657-30a3-49e9-8012-e5ec31325cd2 does not exist. Creating ...
2019-09-26 19:35:51,750 [pool-261-thread-1] INFO  storage.RaftStorageDirectory (RaftStorageDirectory.java:tryLock(328)) - Lock on /workdir/hadoop-ozone/integration-test/target/test-dir/MiniOzoneClusterImpl-2f79a7d3-d7ae-4963-8370-12bb1e2132d7/datanode-0/data/ratis/adce5657-30a3-49e9-8012-e5ec31325cd2/in_use.lock acquired by nodename 17888@pr-hdds-1569-g6sp5-2013761785
2019-09-26 19:35:51,754 [pool-261-thread-1] INFO  storage.RaftStorage (RaftStorage.java:format(72)) - Storage directory /workdir/hadoop-ozone/integration-test/target/test-dir/MiniOzoneClusterImpl-2f79a7d3-d7ae-4963-8370-12bb1e2132d7/datanode-0/data/ratis/adce5657-30a3-49e9-8012-e5ec31325cd2 has been successfully formatted.
2019-09-26 19:35:51,755 [pool-261-thread-1] INFO  ratis.ContainerStateMachine (ContainerStateMachine.java:loadSnapshot(230)) - group-E5EC31325CD2: The snapshot info is null. Setting the last applied indexto:(t:0, i:~)
2019-09-26 19:35:51,755 [pool-261-thread-1] INFO  server.RaftServerConfigKeys (ConfUtils.java:logGet(43)) - raft.server.notification.no-leader.timeout = 120s (custom)
2019-09-26 19:35:51,755 [pool-261-thread-1] INFO  server.RaftServerConfigKeys (ConfUtils.java:logGet(43)) - raft.server.log.use.memory = false (default)
2019-09-26 19:35:51,755 [pool-261-thread-1] INFO  server.RaftServerConfigKeys (ConfUtils.java:logGet(43)) - raft.server.log.purge.gap = 1000000 (custom)
2019-09-26 19:35:51,755 [pool-261-thread-1] INFO  server.RaftServerConfigKeys (ConfUtils.java:logGet(43)) - raft.server.log.appender.buffer.byte-limit = 33554432 (custom)
2019-09-26 19:35:51,755 [pool-261-thread-1] INFO  server.RaftServerConfigKeys (ConfUtils.java:logGet(43)) - raft.server.log.segment.size.max = 1048576 (custom)
2019-09-26 19:35:51,756 [pool-261-thread-1] INFO  server.RaftServerConfigKeys (ConfUtils.java:logGet(43)) - raft.server.log.segment.cache.num.max = 2 (custom)
2019-09-26 19:35:51,756 [pool-261-thread-1] INFO  segmented.SegmentedRaftLogWorker (SegmentedRaftLogWorker.java:<init>(172)) - new 27cb48db-4b88-4c0c-b213-19f9b2fffaff@group-E5EC31325CD2-SegmentedRaftLogWorker for RaftStorage:Storage Directory /workdir/hadoop-ozone/integration-test/target/test-dir/MiniOzoneClusterImpl-2f79a7d3-d7ae-4963-8370-12bb1e2132d7/datanode-0/data/ratis/adce5657-30a3-49e9-8012-e5ec31325cd2
2019-09-26 19:35:51,756 [pool-261-thread-1] INFO  server.RaftServerConfigKeys (ConfUtils.java:logGet(43)) - raft.server.log.queue.byte-limit = 2147483647 (custom)
2019-09-26 19:35:51,756 [pool-261-thread-1] INFO  server.RaftServerConfigKeys (ConfUtils.java:logGet(43)) - raft.server.log.queue.element-limit = 1024 (custom)
2019-09-26 19:35:51,756 [pool-261-thread-1] INFO  server.RaftServerConfigKeys (ConfUtils.java:logGet(43)) - raft.server.log.segment.size.max = 1048576 (custom)
2019-09-26 19:35:51,756 [pool-261-thread-1] INFO  server.RaftServerConfigKeys (ConfUtils.java:logGet(43)) - raft.server.log.preallocated.size = 16384 (custom)
2019-09-26 19:35:51,756 [pool-261-thread-1] INFO  server.RaftServerConfigKeys (ConfUtils.java:logGet(43)) - raft.server.log.write.buffer.size = 33554432 (custom)
2019-09-26 19:35:51,756 [pool-261-thread-1] INFO  server.RaftServerConfigKeys (ConfUtils.java:logGet(43)) - raft.server.log.force.sync.num = 128 (default)
2019-09-26 19:35:51,757 [pool-261-thread-1] INFO  server.RaftServerConfigKeys (ConfUtils.java:logGet(43)) - raft.server.log.statemachine.data.sync = true (default)
2019-09-26 19:35:51,757 [pool-261-thread-1] INFO  server.RaftServerConfigKeys (ConfUtils.java:logGet(43)) - raft.server.log.statemachine.data.sync.timeout = 10s (default)
2019-09-26 19:35:51,757 [pool-261-thread-1] INFO  server.RaftServerConfigKeys (ConfUtils.java:logGet(43)) - raft.server.log.statemachine.data.sync.timeout.retry = -1 (default)
2019-09-26 19:35:51,757 [pool-261-thread-1] INFO  server.RaftServerConfigKeys (ConfUtils.java:logGet(43)) - raft.server.log.statemachine.data.caching.enabled = true (custom)
2019-09-26 19:35:51,757 [pool-261-thread-1] INFO  segmented.SegmentedRaftLogWorker (SegmentedRaftLogWorker.java:lambda$new$0(132)) - 27cb48db-4b88-4c0c-b213-19f9b2fffaff@group-E5EC31325CD2-SegmentedRaftLogWorker: flushIndex: setUnconditionally 0 -> -1
2019-09-26 19:35:51,757 [pool-261-thread-1] INFO  server.RaftServerConfigKeys (ConfUtils.java:logGet(43)) - raft.server.snapshot.auto.trigger.enabled = true (custom)
2019-09-26 19:35:51,758 [pool-261-thread-1] INFO  server.RaftServerConfigKeys (ConfUtils.java:logGet(43)) - raft.server.snapshot.auto.trigger.threshold = 10000 (custom)
2019-09-26 19:35:51,758 [pool-261-thread-1] INFO  server.RaftServerConfigKeys (ConfUtils.java:logGet(43)) - raft.server.snapshot.retention.num.files = 5 (custom)
2019-09-26 19:35:51,758 [pool-261-thread-1] INFO  server.RaftServerConfigKeys (ConfUtils.java:logGet(43)) - raft.server.retrycache.expirytime = 600000ms (custom)
2019-09-26 19:35:51,760 [pool-261-thread-1] INFO  impl.RaftServerImpl (RaftServerImpl.java:start(185)) - 27cb48db-4b88-4c0c-b213-19f9b2fffaff@group-E5EC31325CD2: start as a follower, conf=-1: [27cb48db-4b88-4c0c-b213-19f9b2fffaff:192.168.151.99:37457], old=null
2019-09-26 19:35:51,760 [pool-261-thread-1] INFO  impl.RaftServerImpl (RaftServerImpl.java:setRole(174)) - 27cb48db-4b88-4c0c-b213-19f9b2fffaff@group-E5EC31325CD2: changes role from      null to FOLLOWER at term 0 for startAsFollower
2019-09-26 19:35:51,760 [pool-261-thread-1] INFO  impl.RoleInfo (RoleInfo.java:updateAndGet(143)) - 27cb48db-4b88-4c0c-b213-19f9b2fffaff: start FollowerState
2019-09-26 19:35:51,760 [pool-261-thread-1] INFO  util.JmxRegister (JmxRegister.java:tryRegister(44)) - Successfully registered JMX Bean with object name Ratis:service=RaftServer,group=group-E5EC31325CD2,id=27cb48db-4b88-4c0c-b213-19f9b2fffaff
2019-09-26 19:35:51,762 [RatisPipelineUtilsThread] INFO  pipeline.PipelineStateManager (PipelineStateManager.java:addPipeline(56)) - Created pipeline Pipeline[ Id: adce5657-30a3-49e9-8012-e5ec31325cd2, Nodes: 27cb48db-4b88-4c0c-b213-19f9b2fffaff{ip: 192.168.151.99, host: pr-hdds-1569-g6sp5-2013761785, networkLocation: /rack1, certSerialId: null}, Type:RATIS, Factor:ONE, State:OPEN]
2019-09-26 19:35:51,764 [grpc-default-executor-4] INFO  impl.RaftServerProxy (RaftServerProxy.java:addNew(89)) - 27cb48db-4b88-4c0c-b213-19f9b2fffaff: addNew group-5B13DE4C131A:[27cb48db-4b88-4c0c-b213-19f9b2fffaff:192.168.151.99:37457] returns group-5B13DE4C131A:java.util.concurrent.CompletableFuture@149bb009[Not completed]
2019-09-26 19:35:51,765 [pool-261-thread-1] INFO  impl.RaftServerImpl (RaftServerImpl.java:<init>(95)) - 27cb48db-4b88-4c0c-b213-19f9b2fffaff: new RaftServerImpl for group-5B13DE4C131A:[27cb48db-4b88-4c0c-b213-19f9b2fffaff:192.168.151.99:37457] with ContainerStateMachine:uninitialized
2019-09-26 19:35:51,765 [pool-261-thread-1] INFO  server.RaftServerConfigKeys (ConfUtils.java:logGet(43)) - raft.server.rpc.timeout.min = 5s (custom)
2019-09-26 19:35:51,765 [pool-261-thread-1] INFO  server.RaftServerConfigKeys (ConfUtils.java:logGet(43)) - raft.server.rpc.timeout.max = 5200ms (custom)
2019-09-26 19:35:51,765 [pool-261-thread-1] INFO  server.RaftServerConfigKeys (ConfUtils.java:logGet(43)) - raft.server.rpcslowness.timeout = 120s (custom)
2019-09-26 19:35:51,765 [pool-261-thread-1] INFO  server.RaftServerConfigKeys (ConfUtils.java:logGet(43)) - raft.server.sleep.deviation.threshold = 300 (default)
2019-09-26 19:35:51,765 [pool-261-thread-1] INFO  server.RaftServerConfigKeys (ConfUtils.java:logGet(43)) - raft.server.log.appender.install.snapshot.enabled = false (custom)
2019-09-26 19:35:51,765 [pool-261-thread-1] INFO  impl.RaftServerImpl (ServerState.java:<init>(103)) - 27cb48db-4b88-4c0c-b213-19f9b2fffaff@group-5B13DE4C131A: ConfigurationManager, init=-1: [27cb48db-4b88-4c0c-b213-19f9b2fffaff:192.168.151.99:37457], old=null, confs=<EMPTY_MAP>
2019-09-26 19:35:51,765 [pool-261-thread-1] INFO  server.RaftServerConfigKeys (ConfUtils.java:logGet(43)) - raft.server.storage.dir = [/workdir/hadoop-ozone/integration-test/target/test-dir/MiniOzoneClusterImpl-2f79a7d3-d7ae-4963-8370-12bb1e2132d7/datanode-0/data/ratis] (custom)
2019-09-26 19:35:51,766 [pool-261-thread-1] INFO  storage.RaftStorageDirectory (RaftStorageDirectory.java:analyzeStorage(246)) - The storage directory /workdir/hadoop-ozone/integration-test/target/test-dir/MiniOzoneClusterImpl-2f79a7d3-d7ae-4963-8370-12bb1e2132d7/datanode-0/data/ratis/308789fc-b49e-457f-92ce-5b13de4c131a does not exist. Creating ...
2019-09-26 19:35:51,769 [pool-261-thread-1] INFO  storage.RaftStorageDirectory (RaftStorageDirectory.java:tryLock(328)) - Lock on /workdir/hadoop-ozone/integration-test/target/test-dir/MiniOzoneClusterImpl-2f79a7d3-d7ae-4963-8370-12bb1e2132d7/datanode-0/data/ratis/308789fc-b49e-457f-92ce-5b13de4c131a/in_use.lock acquired by nodename 17888@pr-hdds-1569-g6sp5-2013761785
2019-09-26 19:35:51,773 [pool-261-thread-1] INFO  storage.RaftStorage (RaftStorage.java:format(72)) - Storage directory /workdir/hadoop-ozone/integration-test/target/test-dir/MiniOzoneClusterImpl-2f79a7d3-d7ae-4963-8370-12bb1e2132d7/datanode-0/data/ratis/308789fc-b49e-457f-92ce-5b13de4c131a has been successfully formatted.
2019-09-26 19:35:51,773 [pool-261-thread-1] INFO  ratis.ContainerStateMachine (ContainerStateMachine.java:loadSnapshot(230)) - group-5B13DE4C131A: The snapshot info is null. Setting the last applied indexto:(t:0, i:~)
2019-09-26 19:35:51,773 [pool-261-thread-1] INFO  server.RaftServerConfigKeys (ConfUtils.java:logGet(43)) - raft.server.notification.no-leader.timeout = 120s (custom)
2019-09-26 19:35:51,773 [pool-261-thread-1] INFO  server.RaftServerConfigKeys (ConfUtils.java:logGet(43)) - raft.server.log.use.memory = false (default)
2019-09-26 19:35:51,774 [pool-261-thread-1] INFO  server.RaftServerConfigKeys (ConfUtils.java:logGet(43)) - raft.server.log.purge.gap = 1000000 (custom)
2019-09-26 19:35:51,774 [pool-261-thread-1] INFO  server.RaftServerConfigKeys (ConfUtils.java:logGet(43)) - raft.server.log.appender.buffer.byte-limit = 33554432 (custom)
2019-09-26 19:35:51,774 [pool-261-thread-1] INFO  server.RaftServerConfigKeys (ConfUtils.java:logGet(43)) - raft.server.log.segment.size.max = 1048576 (custom)
2019-09-26 19:35:51,774 [pool-261-thread-1] INFO  server.RaftServerConfigKeys (ConfUtils.java:logGet(43)) - raft.server.log.segment.cache.num.max = 2 (custom)
2019-09-26 19:35:51,774 [pool-261-thread-1] INFO  segmented.SegmentedRaftLogWorker (SegmentedRaftLogWorker.java:<init>(172)) - new 27cb48db-4b88-4c0c-b213-19f9b2fffaff@group-5B13DE4C131A-SegmentedRaftLogWorker for RaftStorage:Storage Directory /workdir/hadoop-ozone/integration-test/target/test-dir/MiniOzoneClusterImpl-2f79a7d3-d7ae-4963-8370-12bb1e2132d7/datanode-0/data/ratis/308789fc-b49e-457f-92ce-5b13de4c131a
2019-09-26 19:35:51,775 [pool-261-thread-1] INFO  server.RaftServerConfigKeys (ConfUtils.java:logGet(43)) - raft.server.log.queue.byte-limit = 2147483647 (custom)
2019-09-26 19:35:51,775 [pool-261-thread-1] INFO  server.RaftServerConfigKeys (ConfUtils.java:logGet(43)) - raft.server.log.queue.element-limit = 1024 (custom)
2019-09-26 19:35:51,775 [pool-261-thread-1] INFO  server.RaftServerConfigKeys (ConfUtils.java:logGet(43)) - raft.server.log.segment.size.max = 1048576 (custom)
2019-09-26 19:35:51,775 [pool-261-thread-1] INFO  server.RaftServerConfigKeys (ConfUtils.java:logGet(43)) - raft.server.log.preallocated.size = 16384 (custom)
2019-09-26 19:35:51,775 [pool-261-thread-1] INFO  server.RaftServerConfigKeys (ConfUtils.java:logGet(43)) - raft.server.log.write.buffer.size = 33554432 (custom)
2019-09-26 19:35:51,775 [pool-261-thread-1] INFO  server.RaftServerConfigKeys (ConfUtils.java:logGet(43)) - raft.server.log.force.sync.num = 128 (default)
2019-09-26 19:35:51,775 [pool-261-thread-1] INFO  server.RaftServerConfigKeys (ConfUtils.java:logGet(43)) - raft.server.log.statemachine.data.sync = true (default)
2019-09-26 19:35:51,776 [pool-261-thread-1] INFO  server.RaftServerConfigKeys (ConfUtils.java:logGet(43)) - raft.server.log.statemachine.data.sync.timeout = 10s (default)
2019-09-26 19:35:51,776 [pool-261-thread-1] INFO  server.RaftServerConfigKeys (ConfUtils.java:logGet(43)) - raft.server.log.statemachine.data.sync.timeout.retry = -1 (default)
2019-09-26 19:35:51,776 [pool-261-thread-1] INFO  server.RaftServerConfigKeys (ConfUtils.java:logGet(43)) - raft.server.log.statemachine.data.caching.enabled = true (custom)
2019-09-26 19:35:51,776 [pool-261-thread-1] INFO  segmented.SegmentedRaftLogWorker (SegmentedRaftLogWorker.java:lambda$new$0(132)) - 27cb48db-4b88-4c0c-b213-19f9b2fffaff@group-5B13DE4C131A-SegmentedRaftLogWorker: flushIndex: setUnconditionally 0 -> -1
2019-09-26 19:35:51,777 [pool-261-thread-1] INFO  server.RaftServerConfigKeys (ConfUtils.java:logGet(43)) - raft.server.snapshot.auto.trigger.enabled = true (custom)
2019-09-26 19:35:51,777 [pool-261-thread-1] INFO  server.RaftServerConfigKeys (ConfUtils.java:logGet(43)) - raft.server.snapshot.auto.trigger.threshold = 10000 (custom)
2019-09-26 19:35:51,777 [pool-261-thread-1] INFO  server.RaftServerConfigKeys (ConfUtils.java:logGet(43)) - raft.server.snapshot.retention.num.files = 5 (custom)
2019-09-26 19:35:51,777 [pool-261-thread-1] INFO  server.RaftServerConfigKeys (ConfUtils.java:logGet(43)) - raft.server.retrycache.expirytime = 600000ms (custom)
2019-09-26 19:35:51,779 [pool-261-thread-1] INFO  impl.RaftServerImpl (RaftServerImpl.java:start(185)) - 27cb48db-4b88-4c0c-b213-19f9b2fffaff@group-5B13DE4C131A: start as a follower, conf=-1: [27cb48db-4b88-4c0c-b213-19f9b2fffaff:192.168.151.99:37457], old=null
2019-09-26 19:35:51,779 [pool-261-thread-1] INFO  impl.RaftServerImpl (RaftServerImpl.java:setRole(174)) - 27cb48db-4b88-4c0c-b213-19f9b2fffaff@group-5B13DE4C131A: changes role from      null to FOLLOWER at term 0 for startAsFollower
2019-09-26 19:35:51,779 [pool-261-thread-1] INFO  impl.RoleInfo (RoleInfo.java:updateAndGet(143)) - 27cb48db-4b88-4c0c-b213-19f9b2fffaff: start FollowerState
2019-09-26 19:35:51,779 [pool-261-thread-1] INFO  util.JmxRegister (JmxRegister.java:tryRegister(44)) - Successfully registered JMX Bean with object name Ratis:service=RaftServer,group=group-5B13DE4C131A,id=27cb48db-4b88-4c0c-b213-19f9b2fffaff
2019-09-26 19:35:51,781 [RatisPipelineUtilsThread] INFO  pipeline.PipelineStateManager (PipelineStateManager.java:addPipeline(56)) - Created pipeline Pipeline[ Id: 308789fc-b49e-457f-92ce-5b13de4c131a, Nodes: 27cb48db-4b88-4c0c-b213-19f9b2fffaff{ip: 192.168.151.99, host: pr-hdds-1569-g6sp5-2013761785, networkLocation: /rack1, certSerialId: null}, Type:RATIS, Factor:ONE, State:OPEN]
2019-09-26 19:35:51,783 [grpc-default-executor-4] INFO  impl.RaftServerProxy (RaftServerProxy.java:addNew(89)) - 27cb48db-4b88-4c0c-b213-19f9b2fffaff: addNew group-53CA1E877E21:[27cb48db-4b88-4c0c-b213-19f9b2fffaff:192.168.151.99:37457] returns group-53CA1E877E21:java.util.concurrent.CompletableFuture@3b20c708[Not completed]
2019-09-26 19:35:51,783 [pool-261-thread-1] INFO  impl.RaftServerImpl (RaftServerImpl.java:<init>(95)) - 27cb48db-4b88-4c0c-b213-19f9b2fffaff: new RaftServerImpl for group-53CA1E877E21:[27cb48db-4b88-4c0c-b213-19f9b2fffaff:192.168.151.99:37457] with ContainerStateMachine:uninitialized
2019-09-26 19:35:51,783 [pool-261-thread-1] INFO  server.RaftServerConfigKeys (ConfUtils.java:logGet(43)) - raft.server.rpc.timeout.min = 5s (custom)
2019-09-26 19:35:51,784 [pool-261-thread-1] INFO  server.RaftServerConfigKeys (ConfUtils.java:logGet(43)) - raft.server.rpc.timeout.max = 5200ms (custom)
2019-09-26 19:35:51,784 [pool-261-thread-1] INFO  server.RaftServerConfigKeys (ConfUtils.java:logGet(43)) - raft.server.rpcslowness.timeout = 120s (custom)
2019-09-26 19:35:51,784 [pool-261-thread-1] INFO  server.RaftServerConfigKeys (ConfUtils.java:logGet(43)) - raft.server.sleep.deviation.threshold = 300 (default)
2019-09-26 19:35:51,784 [pool-261-thread-1] INFO  server.RaftServerConfigKeys (ConfUtils.java:logGet(43)) - raft.server.log.appender.install.snapshot.enabled = false (custom)
2019-09-26 19:35:51,784 [pool-261-thread-1] INFO  impl.RaftServerImpl (ServerState.java:<init>(103)) - 27cb48db-4b88-4c0c-b213-19f9b2fffaff@group-53CA1E877E21: ConfigurationManager, init=-1: [27cb48db-4b88-4c0c-b213-19f9b2fffaff:192.168.151.99:37457], old=null, confs=<EMPTY_MAP>
2019-09-26 19:35:51,784 [pool-261-thread-1] INFO  server.RaftServerConfigKeys (ConfUtils.java:logGet(43)) - raft.server.storage.dir = [/workdir/hadoop-ozone/integration-test/target/test-dir/MiniOzoneClusterImpl-2f79a7d3-d7ae-4963-8370-12bb1e2132d7/datanode-0/data/ratis] (custom)
2019-09-26 19:35:51,785 [pool-261-thread-1] INFO  storage.RaftStorageDirectory (RaftStorageDirectory.java:analyzeStorage(246)) - The storage directory /workdir/hadoop-ozone/integration-test/target/test-dir/MiniOzoneClusterImpl-2f79a7d3-d7ae-4963-8370-12bb1e2132d7/datanode-0/data/ratis/8ee6945a-3713-4194-88aa-53ca1e877e21 does not exist. Creating ...
2019-09-26 19:35:51,789 [pool-261-thread-1] INFO  storage.RaftStorageDirectory (RaftStorageDirectory.java:tryLock(328)) - Lock on /workdir/hadoop-ozone/integration-test/target/test-dir/MiniOzoneClusterImpl-2f79a7d3-d7ae-4963-8370-12bb1e2132d7/datanode-0/data/ratis/8ee6945a-3713-4194-88aa-53ca1e877e21/in_use.lock acquired by nodename 17888@pr-hdds-1569-g6sp5-2013761785
2019-09-26 19:35:51,794 [pool-261-thread-1] INFO  storage.RaftStorage (RaftStorage.java:format(72)) - Storage directory /workdir/hadoop-ozone/integration-test/target/test-dir/MiniOzoneClusterImpl-2f79a7d3-d7ae-4963-8370-12bb1e2132d7/datanode-0/data/ratis/8ee6945a-3713-4194-88aa-53ca1e877e21 has been successfully formatted.
2019-09-26 19:35:51,794 [pool-261-thread-1] INFO  ratis.ContainerStateMachine (ContainerStateMachine.java:loadSnapshot(230)) - group-53CA1E877E21: The snapshot info is null. Setting the last applied indexto:(t:0, i:~)
2019-09-26 19:35:51,794 [pool-261-thread-1] INFO  server.RaftServerConfigKeys (ConfUtils.java:logGet(43)) - raft.server.notification.no-leader.timeout = 120s (custom)
2019-09-26 19:35:51,794 [pool-261-thread-1] INFO  server.RaftServerConfigKeys (ConfUtils.java:logGet(43)) - raft.server.log.use.memory = false (default)
2019-09-26 19:35:51,794 [pool-261-thread-1] INFO  server.RaftServerConfigKeys (ConfUtils.java:logGet(43)) - raft.server.log.purge.gap = 1000000 (custom)
2019-09-26 19:35:51,794 [pool-261-thread-1] INFO  server.RaftServerConfigKeys (ConfUtils.java:logGet(43)) - raft.server.log.appender.buffer.byte-limit = 33554432 (custom)
2019-09-26 19:35:51,795 [pool-261-thread-1] INFO  server.RaftServerConfigKeys (ConfUtils.java:logGet(43)) - raft.server.log.segment.size.max = 1048576 (custom)
2019-09-26 19:35:51,795 [pool-261-thread-1] INFO  server.RaftServerConfigKeys (ConfUtils.java:logGet(43)) - raft.server.log.segment.cache.num.max = 2 (custom)
2019-09-26 19:35:51,795 [pool-261-thread-1] INFO  segmented.SegmentedRaftLogWorker (SegmentedRaftLogWorker.java:<init>(172)) - new 27cb48db-4b88-4c0c-b213-19f9b2fffaff@group-53CA1E877E21-SegmentedRaftLogWorker for RaftStorage:Storage Directory /workdir/hadoop-ozone/integration-test/target/test-dir/MiniOzoneClusterImpl-2f79a7d3-d7ae-4963-8370-12bb1e2132d7/datanode-0/data/ratis/8ee6945a-3713-4194-88aa-53ca1e877e21
2019-09-26 19:35:51,795 [pool-261-thread-1] INFO  server.RaftServerConfigKeys (ConfUtils.java:logGet(43)) - raft.server.log.queue.byte-limit = 2147483647 (custom)
2019-09-26 19:35:51,795 [pool-261-thread-1] INFO  server.RaftServerConfigKeys (ConfUtils.java:logGet(43)) - raft.server.log.queue.element-limit = 1024 (custom)
2019-09-26 19:35:51,795 [pool-261-thread-1] INFO  server.RaftServerConfigKeys (ConfUtils.java:logGet(43)) - raft.server.log.segment.size.max = 1048576 (custom)
2019-09-26 19:35:51,795 [pool-261-thread-1] INFO  server.RaftServerConfigKeys (ConfUtils.java:logGet(43)) - raft.server.log.preallocated.size = 16384 (custom)
2019-09-26 19:35:51,795 [pool-261-thread-1] INFO  server.RaftServerConfigKeys (ConfUtils.java:logGet(43)) - raft.server.log.write.buffer.size = 33554432 (custom)
2019-09-26 19:35:51,796 [pool-261-thread-1] INFO  server.RaftServerConfigKeys (ConfUtils.java:logGet(43)) - raft.server.log.force.sync.num = 128 (default)
2019-09-26 19:35:51,796 [pool-261-thread-1] INFO  server.RaftServerConfigKeys (ConfUtils.java:logGet(43)) - raft.server.log.statemachine.data.sync = true (default)
2019-09-26 19:35:51,796 [pool-261-thread-1] INFO  server.RaftServerConfigKeys (ConfUtils.java:logGet(43)) - raft.server.log.statemachine.data.sync.timeout = 10s (default)
2019-09-26 19:35:51,796 [pool-261-thread-1] INFO  server.RaftServerConfigKeys (ConfUtils.java:logGet(43)) - raft.server.log.statemachine.data.sync.timeout.retry = -1 (default)
2019-09-26 19:35:51,796 [pool-261-thread-1] INFO  server.RaftServerConfigKeys (ConfUtils.java:logGet(43)) - raft.server.log.statemachine.data.caching.enabled = true (custom)
2019-09-26 19:35:51,796 [pool-261-thread-1] INFO  segmented.SegmentedRaftLogWorker (SegmentedRaftLogWorker.java:lambda$new$0(132)) - 27cb48db-4b88-4c0c-b213-19f9b2fffaff@group-53CA1E877E21-SegmentedRaftLogWorker: flushIndex: setUnconditionally 0 -> -1
2019-09-26 19:35:51,796 [pool-261-thread-1] INFO  server.RaftServerConfigKeys (ConfUtils.java:logGet(43)) - raft.server.snapshot.auto.trigger.enabled = true (custom)
2019-09-26 19:35:51,797 [pool-261-thread-1] INFO  server.RaftServerConfigKeys (ConfUtils.java:logGet(43)) - raft.server.snapshot.auto.trigger.threshold = 10000 (custom)
2019-09-26 19:35:51,797 [pool-261-thread-1] INFO  server.RaftServerConfigKeys (ConfUtils.java:logGet(43)) - raft.server.snapshot.retention.num.files = 5 (custom)
2019-09-26 19:35:51,797 [pool-261-thread-1] INFO  server.RaftServerConfigKeys (ConfUtils.java:logGet(43)) - raft.server.retrycache.expirytime = 600000ms (custom)
2019-09-26 19:35:51,798 [pool-261-thread-1] INFO  impl.RaftServerImpl (RaftServerImpl.java:start(185)) - 27cb48db-4b88-4c0c-b213-19f9b2fffaff@group-53CA1E877E21: start as a follower, conf=-1: [27cb48db-4b88-4c0c-b213-19f9b2fffaff:192.168.151.99:37457], old=null
2019-09-26 19:35:51,799 [pool-261-thread-1] INFO  impl.RaftServerImpl (RaftServerImpl.java:setRole(174)) - 27cb48db-4b88-4c0c-b213-19f9b2fffaff@group-53CA1E877E21: changes role from      null to FOLLOWER at term 0 for startAsFollower
2019-09-26 19:35:51,799 [pool-261-thread-1] INFO  impl.RoleInfo (RoleInfo.java:updateAndGet(143)) - 27cb48db-4b88-4c0c-b213-19f9b2fffaff: start FollowerState
2019-09-26 19:35:51,799 [pool-261-thread-1] INFO  util.JmxRegister (JmxRegister.java:tryRegister(44)) - Successfully registered JMX Bean with object name Ratis:service=RaftServer,group=group-53CA1E877E21,id=27cb48db-4b88-4c0c-b213-19f9b2fffaff
2019-09-26 19:35:51,801 [RatisPipelineUtilsThread] INFO  pipeline.PipelineStateManager (PipelineStateManager.java:addPipeline(56)) - Created pipeline Pipeline[ Id: 8ee6945a-3713-4194-88aa-53ca1e877e21, Nodes: 27cb48db-4b88-4c0c-b213-19f9b2fffaff{ip: 192.168.151.99, host: pr-hdds-1569-g6sp5-2013761785, networkLocation: /rack1, certSerialId: null}, Type:RATIS, Factor:ONE, State:OPEN]
2019-09-26 19:35:51,803 [grpc-default-executor-4] INFO  impl.RaftServerProxy (RaftServerProxy.java:addNew(89)) - 27cb48db-4b88-4c0c-b213-19f9b2fffaff: addNew group-CF122FDC6C03:[27cb48db-4b88-4c0c-b213-19f9b2fffaff:192.168.151.99:37457] returns group-CF122FDC6C03:java.util.concurrent.CompletableFuture@2b8b701b[Not completed]
2019-09-26 19:35:51,804 [pool-261-thread-1] INFO  impl.RaftServerImpl (RaftServerImpl.java:<init>(95)) - 27cb48db-4b88-4c0c-b213-19f9b2fffaff: new RaftServerImpl for group-CF122FDC6C03:[27cb48db-4b88-4c0c-b213-19f9b2fffaff:192.168.151.99:37457] with ContainerStateMachine:uninitialized
2019-09-26 19:35:51,804 [pool-261-thread-1] INFO  server.RaftServerConfigKeys (ConfUtils.java:logGet(43)) - raft.server.rpc.timeout.min = 5s (custom)
2019-09-26 19:35:51,804 [pool-261-thread-1] INFO  server.RaftServerConfigKeys (ConfUtils.java:logGet(43)) - raft.server.rpc.timeout.max = 5200ms (custom)
2019-09-26 19:35:51,804 [pool-261-thread-1] INFO  server.RaftServerConfigKeys (ConfUtils.java:logGet(43)) - raft.server.rpcslowness.timeout = 120s (custom)
2019-09-26 19:35:51,804 [pool-261-thread-1] INFO  server.RaftServerConfigKeys (ConfUtils.java:logGet(43)) - raft.server.sleep.deviation.threshold = 300 (default)
2019-09-26 19:35:51,804 [pool-261-thread-1] INFO  server.RaftServerConfigKeys (ConfUtils.java:logGet(43)) - raft.server.log.appender.install.snapshot.enabled = false (custom)
2019-09-26 19:35:51,804 [pool-261-thread-1] INFO  impl.RaftServerImpl (ServerState.java:<init>(103)) - 27cb48db-4b88-4c0c-b213-19f9b2fffaff@group-CF122FDC6C03: ConfigurationManager, init=-1: [27cb48db-4b88-4c0c-b213-19f9b2fffaff:192.168.151.99:37457], old=null, confs=<EMPTY_MAP>
2019-09-26 19:35:51,804 [pool-261-thread-1] INFO  server.RaftServerConfigKeys (ConfUtils.java:logGet(43)) - raft.server.storage.dir = [/workdir/hadoop-ozone/integration-test/target/test-dir/MiniOzoneClusterImpl-2f79a7d3-d7ae-4963-8370-12bb1e2132d7/datanode-0/data/ratis] (custom)
2019-09-26 19:35:51,805 [pool-261-thread-1] INFO  storage.RaftStorageDirectory (RaftStorageDirectory.java:analyzeStorage(246)) - The storage directory /workdir/hadoop-ozone/integration-test/target/test-dir/MiniOzoneClusterImpl-2f79a7d3-d7ae-4963-8370-12bb1e2132d7/datanode-0/data/ratis/eea337f0-57c2-4b03-8313-cf122fdc6c03 does not exist. Creating ...
2019-09-26 19:35:51,809 [pool-261-thread-1] INFO  storage.RaftStorageDirectory (RaftStorageDirectory.java:tryLock(328)) - Lock on /workdir/hadoop-ozone/integration-test/target/test-dir/MiniOzoneClusterImpl-2f79a7d3-d7ae-4963-8370-12bb1e2132d7/datanode-0/data/ratis/eea337f0-57c2-4b03-8313-cf122fdc6c03/in_use.lock acquired by nodename 17888@pr-hdds-1569-g6sp5-2013761785
2019-09-26 19:35:51,830 [pool-261-thread-1] INFO  storage.RaftStorage (RaftStorage.java:format(72)) - Storage directory /workdir/hadoop-ozone/integration-test/target/test-dir/MiniOzoneClusterImpl-2f79a7d3-d7ae-4963-8370-12bb1e2132d7/datanode-0/data/ratis/eea337f0-57c2-4b03-8313-cf122fdc6c03 has been successfully formatted.
2019-09-26 19:35:51,830 [pool-261-thread-1] INFO  ratis.ContainerStateMachine (ContainerStateMachine.java:loadSnapshot(230)) - group-CF122FDC6C03: The snapshot info is null. Setting the last applied indexto:(t:0, i:~)
2019-09-26 19:35:51,830 [pool-261-thread-1] INFO  server.RaftServerConfigKeys (ConfUtils.java:logGet(43)) - raft.server.notification.no-leader.timeout = 120s (custom)
2019-09-26 19:35:51,830 [pool-261-thread-1] INFO  server.RaftServerConfigKeys (ConfUtils.java:logGet(43)) - raft.server.log.use.memory = false (default)
2019-09-26 19:35:51,831 [pool-261-thread-1] INFO  server.RaftServerConfigKeys (ConfUtils.java:logGet(43)) - raft.server.log.purge.gap = 1000000 (custom)
2019-09-26 19:35:51,831 [pool-261-thread-1] INFO  server.RaftServerConfigKeys (ConfUtils.java:logGet(43)) - raft.server.log.appender.buffer.byte-limit = 33554432 (custom)
2019-09-26 19:35:51,831 [pool-261-thread-1] INFO  server.RaftServerConfigKeys (ConfUtils.java:logGet(43)) - raft.server.log.segment.size.max = 1048576 (custom)
2019-09-26 19:35:51,831 [pool-261-thread-1] INFO  server.RaftServerConfigKeys (ConfUtils.java:logGet(43)) - raft.server.log.segment.cache.num.max = 2 (custom)
2019-09-26 19:35:51,831 [pool-261-thread-1] INFO  segmented.SegmentedRaftLogWorker (SegmentedRaftLogWorker.java:<init>(172)) - new 27cb48db-4b88-4c0c-b213-19f9b2fffaff@group-CF122FDC6C03-SegmentedRaftLogWorker for RaftStorage:Storage Directory /workdir/hadoop-ozone/integration-test/target/test-dir/MiniOzoneClusterImpl-2f79a7d3-d7ae-4963-8370-12bb1e2132d7/datanode-0/data/ratis/eea337f0-57c2-4b03-8313-cf122fdc6c03
2019-09-26 19:35:51,831 [pool-261-thread-1] INFO  server.RaftServerConfigKeys (ConfUtils.java:logGet(43)) - raft.server.log.queue.byte-limit = 2147483647 (custom)
2019-09-26 19:35:51,831 [pool-261-thread-1] INFO  server.RaftServerConfigKeys (ConfUtils.java:logGet(43)) - raft.server.log.queue.element-limit = 1024 (custom)
2019-09-26 19:35:51,831 [pool-261-thread-1] INFO  server.RaftServerConfigKeys (ConfUtils.java:logGet(43)) - raft.server.log.segment.size.max = 1048576 (custom)
2019-09-26 19:35:51,832 [pool-261-thread-1] INFO  server.RaftServerConfigKeys (ConfUtils.java:logGet(43)) - raft.server.log.preallocated.size = 16384 (custom)
2019-09-26 19:35:51,832 [pool-261-thread-1] INFO  server.RaftServerConfigKeys (ConfUtils.java:logGet(43)) - raft.server.log.write.buffer.size = 33554432 (custom)
2019-09-26 19:35:51,832 [pool-261-thread-1] INFO  server.RaftServerConfigKeys (ConfUtils.java:logGet(43)) - raft.server.log.force.sync.num = 128 (default)
2019-09-26 19:35:51,832 [pool-261-thread-1] INFO  server.RaftServerConfigKeys (ConfUtils.java:logGet(43)) - raft.server.log.statemachine.data.sync = true (default)
2019-09-26 19:35:51,832 [pool-261-thread-1] INFO  server.RaftServerConfigKeys (ConfUtils.java:logGet(43)) - raft.server.log.statemachine.data.sync.timeout = 10s (default)
2019-09-26 19:35:51,832 [pool-261-thread-1] INFO  server.RaftServerConfigKeys (ConfUtils.java:logGet(43)) - raft.server.log.statemachine.data.sync.timeout.retry = -1 (default)
2019-09-26 19:35:51,832 [pool-261-thread-1] INFO  server.RaftServerConfigKeys (ConfUtils.java:logGet(43)) - raft.server.log.statemachine.data.caching.enabled = true (custom)
2019-09-26 19:35:51,832 [pool-261-thread-1] INFO  segmented.SegmentedRaftLogWorker (SegmentedRaftLogWorker.java:lambda$new$0(132)) - 27cb48db-4b88-4c0c-b213-19f9b2fffaff@group-CF122FDC6C03-SegmentedRaftLogWorker: flushIndex: setUnconditionally 0 -> -1
2019-09-26 19:35:51,833 [pool-261-thread-1] INFO  server.RaftServerConfigKeys (ConfUtils.java:logGet(43)) - raft.server.snapshot.auto.trigger.enabled = true (custom)
2019-09-26 19:35:51,833 [pool-261-thread-1] INFO  server.RaftServerConfigKeys (ConfUtils.java:logGet(43)) - raft.server.snapshot.auto.trigger.threshold = 10000 (custom)
2019-09-26 19:35:51,833 [pool-261-thread-1] INFO  server.RaftServerConfigKeys (ConfUtils.java:logGet(43)) - raft.server.snapshot.retention.num.files = 5 (custom)
2019-09-26 19:35:51,833 [pool-261-thread-1] INFO  server.RaftServerConfigKeys (ConfUtils.java:logGet(43)) - raft.server.retrycache.expirytime = 600000ms (custom)
2019-09-26 19:35:51,834 [pool-261-thread-1] INFO  impl.RaftServerImpl (RaftServerImpl.java:start(185)) - 27cb48db-4b88-4c0c-b213-19f9b2fffaff@group-CF122FDC6C03: start as a follower, conf=-1: [27cb48db-4b88-4c0c-b213-19f9b2fffaff:192.168.151.99:37457], old=null
2019-09-26 19:35:51,834 [pool-261-thread-1] INFO  impl.RaftServerImpl (RaftServerImpl.java:setRole(174)) - 27cb48db-4b88-4c0c-b213-19f9b2fffaff@group-CF122FDC6C03: changes role from      null to FOLLOWER at term 0 for startAsFollower
2019-09-26 19:35:51,835 [pool-261-thread-1] INFO  impl.RoleInfo (RoleInfo.java:updateAndGet(143)) - 27cb48db-4b88-4c0c-b213-19f9b2fffaff: start FollowerState
2019-09-26 19:35:51,835 [pool-261-thread-1] INFO  util.JmxRegister (JmxRegister.java:tryRegister(44)) - Successfully registered JMX Bean with object name Ratis:service=RaftServer,group=group-CF122FDC6C03,id=27cb48db-4b88-4c0c-b213-19f9b2fffaff
2019-09-26 19:35:51,837 [RatisPipelineUtilsThread] INFO  pipeline.PipelineStateManager (PipelineStateManager.java:addPipeline(56)) - Created pipeline Pipeline[ Id: eea337f0-57c2-4b03-8313-cf122fdc6c03, Nodes: 27cb48db-4b88-4c0c-b213-19f9b2fffaff{ip: 192.168.151.99, host: pr-hdds-1569-g6sp5-2013761785, networkLocation: /rack1, certSerialId: null}, Type:RATIS, Factor:ONE, State:OPEN]
2019-09-26 19:35:51,846 [grpc-default-executor-4] INFO  impl.RaftServerProxy (RaftServerProxy.java:addNew(89)) - 728ea44c-f097-440a-a87e-c27a68d48f14: addNew group-B46C9A7EAD2D:[728ea44c-f097-440a-a87e-c27a68d48f14:192.168.151.99:38783] returns group-B46C9A7EAD2D:java.util.concurrent.CompletableFuture@8d990ee[Not completed]
2019-09-26 19:35:51,847 [pool-271-thread-1] INFO  impl.RaftServerImpl (RaftServerImpl.java:<init>(95)) - 728ea44c-f097-440a-a87e-c27a68d48f14: new RaftServerImpl for group-B46C9A7EAD2D:[728ea44c-f097-440a-a87e-c27a68d48f14:192.168.151.99:38783] with ContainerStateMachine:uninitialized
2019-09-26 19:35:51,853 [pool-271-thread-1] INFO  server.RaftServerConfigKeys (ConfUtils.java:logGet(43)) - raft.server.rpc.timeout.min = 5s (custom)
2019-09-26 19:35:51,853 [pool-271-thread-1] INFO  server.RaftServerConfigKeys (ConfUtils.java:logGet(43)) - raft.server.rpc.timeout.max = 5200ms (custom)
2019-09-26 19:35:51,853 [pool-271-thread-1] INFO  server.RaftServerConfigKeys (ConfUtils.java:logGet(43)) - raft.server.rpcslowness.timeout = 120s (custom)
2019-09-26 19:35:51,853 [pool-271-thread-1] INFO  server.RaftServerConfigKeys (ConfUtils.java:logGet(43)) - raft.server.sleep.deviation.threshold = 300 (default)
2019-09-26 19:35:51,853 [pool-271-thread-1] INFO  server.RaftServerConfigKeys (ConfUtils.java:logGet(43)) - raft.server.log.appender.install.snapshot.enabled = false (custom)
2019-09-26 19:35:51,854 [pool-271-thread-1] INFO  impl.RaftServerImpl (ServerState.java:<init>(103)) - 728ea44c-f097-440a-a87e-c27a68d48f14@group-B46C9A7EAD2D: ConfigurationManager, init=-1: [728ea44c-f097-440a-a87e-c27a68d48f14:192.168.151.99:38783], old=null, confs=<EMPTY_MAP>
2019-09-26 19:35:51,854 [pool-271-thread-1] INFO  server.RaftServerConfigKeys (ConfUtils.java:logGet(43)) - raft.server.storage.dir = [/workdir/hadoop-ozone/integration-test/target/test-dir/MiniOzoneClusterImpl-2f79a7d3-d7ae-4963-8370-12bb1e2132d7/datanode-1/data/ratis] (custom)
2019-09-26 19:35:51,854 [pool-271-thread-1] INFO  storage.RaftStorageDirectory (RaftStorageDirectory.java:analyzeStorage(246)) - The storage directory /workdir/hadoop-ozone/integration-test/target/test-dir/MiniOzoneClusterImpl-2f79a7d3-d7ae-4963-8370-12bb1e2132d7/datanode-1/data/ratis/bb2a71e3-1022-4c36-93f7-b46c9a7ead2d does not exist. Creating ...
2019-09-26 19:35:51,867 [pool-271-thread-1] INFO  storage.RaftStorageDirectory (RaftStorageDirectory.java:tryLock(328)) - Lock on /workdir/hadoop-ozone/integration-test/target/test-dir/MiniOzoneClusterImpl-2f79a7d3-d7ae-4963-8370-12bb1e2132d7/datanode-1/data/ratis/bb2a71e3-1022-4c36-93f7-b46c9a7ead2d/in_use.lock acquired by nodename 17888@pr-hdds-1569-g6sp5-2013761785
2019-09-26 19:35:51,880 [pool-271-thread-1] INFO  storage.RaftStorage (RaftStorage.java:format(72)) - Storage directory /workdir/hadoop-ozone/integration-test/target/test-dir/MiniOzoneClusterImpl-2f79a7d3-d7ae-4963-8370-12bb1e2132d7/datanode-1/data/ratis/bb2a71e3-1022-4c36-93f7-b46c9a7ead2d has been successfully formatted.
2019-09-26 19:35:51,880 [pool-271-thread-1] INFO  ratis.ContainerStateMachine (ContainerStateMachine.java:loadSnapshot(230)) - group-B46C9A7EAD2D: The snapshot info is null. Setting the last applied indexto:(t:0, i:~)
2019-09-26 19:35:51,881 [pool-271-thread-1] INFO  server.RaftServerConfigKeys (ConfUtils.java:logGet(43)) - raft.server.notification.no-leader.timeout = 120s (custom)
2019-09-26 19:35:51,881 [pool-271-thread-1] INFO  server.RaftServerConfigKeys (ConfUtils.java:logGet(43)) - raft.server.log.use.memory = false (default)
2019-09-26 19:35:51,881 [pool-271-thread-1] INFO  server.RaftServerConfigKeys (ConfUtils.java:logGet(43)) - raft.server.log.purge.gap = 1000000 (custom)
2019-09-26 19:35:51,881 [pool-271-thread-1] INFO  server.RaftServerConfigKeys (ConfUtils.java:logGet(43)) - raft.server.log.appender.buffer.byte-limit = 33554432 (custom)
2019-09-26 19:35:51,881 [pool-271-thread-1] INFO  server.RaftServerConfigKeys (ConfUtils.java:logGet(43)) - raft.server.log.segment.size.max = 1048576 (custom)
2019-09-26 19:35:51,881 [pool-271-thread-1] INFO  server.RaftServerConfigKeys (ConfUtils.java:logGet(43)) - raft.server.log.segment.cache.num.max = 2 (custom)
2019-09-26 19:35:51,881 [pool-271-thread-1] INFO  segmented.SegmentedRaftLogWorker (SegmentedRaftLogWorker.java:<init>(172)) - new 728ea44c-f097-440a-a87e-c27a68d48f14@group-B46C9A7EAD2D-SegmentedRaftLogWorker for RaftStorage:Storage Directory /workdir/hadoop-ozone/integration-test/target/test-dir/MiniOzoneClusterImpl-2f79a7d3-d7ae-4963-8370-12bb1e2132d7/datanode-1/data/ratis/bb2a71e3-1022-4c36-93f7-b46c9a7ead2d
2019-09-26 19:35:51,882 [pool-271-thread-1] INFO  server.RaftServerConfigKeys (ConfUtils.java:logGet(43)) - raft.server.log.queue.byte-limit = 2147483647 (custom)
2019-09-26 19:35:51,883 [pool-271-thread-1] INFO  server.RaftServerConfigKeys (ConfUtils.java:logGet(43)) - raft.server.log.queue.element-limit = 1024 (custom)
2019-09-26 19:35:51,883 [pool-271-thread-1] INFO  server.RaftServerConfigKeys (ConfUtils.java:logGet(43)) - raft.server.log.segment.size.max = 1048576 (custom)
2019-09-26 19:35:51,883 [pool-271-thread-1] INFO  server.RaftServerConfigKeys (ConfUtils.java:logGet(43)) - raft.server.log.preallocated.size = 16384 (custom)
2019-09-26 19:35:51,883 [pool-271-thread-1] INFO  server.RaftServerConfigKeys (ConfUtils.java:logGet(43)) - raft.server.log.write.buffer.size = 33554432 (custom)
2019-09-26 19:35:51,883 [pool-271-thread-1] INFO  server.RaftServerConfigKeys (ConfUtils.java:logGet(43)) - raft.server.log.force.sync.num = 128 (default)
2019-09-26 19:35:51,883 [pool-271-thread-1] INFO  server.RaftServerConfigKeys (ConfUtils.java:logGet(43)) - raft.server.log.statemachine.data.sync = true (default)
2019-09-26 19:35:51,883 [pool-271-thread-1] INFO  server.RaftServerConfigKeys (ConfUtils.java:logGet(43)) - raft.server.log.statemachine.data.sync.timeout = 10s (default)
2019-09-26 19:35:51,883 [pool-271-thread-1] INFO  server.RaftServerConfigKeys (ConfUtils.java:logGet(43)) - raft.server.log.statemachine.data.sync.timeout.retry = -1 (default)
2019-09-26 19:35:51,883 [pool-271-thread-1] INFO  server.RaftServerConfigKeys (ConfUtils.java:logGet(43)) - raft.server.log.statemachine.data.caching.enabled = true (custom)
2019-09-26 19:35:51,884 [pool-271-thread-1] INFO  segmented.SegmentedRaftLogWorker (SegmentedRaftLogWorker.java:lambda$new$0(132)) - 728ea44c-f097-440a-a87e-c27a68d48f14@group-B46C9A7EAD2D-SegmentedRaftLogWorker: flushIndex: setUnconditionally 0 -> -1
2019-09-26 19:35:51,884 [pool-271-thread-1] INFO  server.RaftServerConfigKeys (ConfUtils.java:logGet(43)) - raft.server.snapshot.auto.trigger.enabled = true (custom)
2019-09-26 19:35:51,884 [pool-271-thread-1] INFO  server.RaftServerConfigKeys (ConfUtils.java:logGet(43)) - raft.server.snapshot.auto.trigger.threshold = 10000 (custom)
2019-09-26 19:35:51,884 [pool-271-thread-1] INFO  server.RaftServerConfigKeys (ConfUtils.java:logGet(43)) - raft.server.snapshot.retention.num.files = 5 (custom)
2019-09-26 19:35:51,884 [pool-271-thread-1] INFO  server.RaftServerConfigKeys (ConfUtils.java:logGet(43)) - raft.server.retrycache.expirytime = 600000ms (custom)
2019-09-26 19:35:51,885 [pool-271-thread-1] INFO  impl.RaftServerImpl (RaftServerImpl.java:start(185)) - 728ea44c-f097-440a-a87e-c27a68d48f14@group-B46C9A7EAD2D: start as a follower, conf=-1: [728ea44c-f097-440a-a87e-c27a68d48f14:192.168.151.99:38783], old=null
2019-09-26 19:35:51,885 [pool-271-thread-1] INFO  impl.RaftServerImpl (RaftServerImpl.java:setRole(174)) - 728ea44c-f097-440a-a87e-c27a68d48f14@group-B46C9A7EAD2D: changes role from      null to FOLLOWER at term 0 for startAsFollower
2019-09-26 19:35:51,886 [pool-271-thread-1] INFO  impl.RoleInfo (RoleInfo.java:updateAndGet(143)) - 728ea44c-f097-440a-a87e-c27a68d48f14: start FollowerState
2019-09-26 19:35:51,886 [pool-271-thread-1] INFO  util.JmxRegister (JmxRegister.java:tryRegister(44)) - Successfully registered JMX Bean with object name Ratis:service=RaftServer,group=group-B46C9A7EAD2D,id=728ea44c-f097-440a-a87e-c27a68d48f14
2019-09-26 19:35:51,887 [RatisPipelineUtilsThread] INFO  pipeline.PipelineStateManager (PipelineStateManager.java:addPipeline(56)) - Created pipeline Pipeline[ Id: bb2a71e3-1022-4c36-93f7-b46c9a7ead2d, Nodes: 728ea44c-f097-440a-a87e-c27a68d48f14{ip: 192.168.151.99, host: pr-hdds-1569-g6sp5-2013761785, networkLocation: /rack1, certSerialId: null}, Type:RATIS, Factor:ONE, State:OPEN]
2019-09-26 19:35:51,890 [grpc-default-executor-4] INFO  impl.RaftServerProxy (RaftServerProxy.java:addNew(89)) - 27cb48db-4b88-4c0c-b213-19f9b2fffaff: addNew group-3731B9264D30:[27cb48db-4b88-4c0c-b213-19f9b2fffaff:192.168.151.99:37457] returns group-3731B9264D30:java.util.concurrent.CompletableFuture@52a1a712[Not completed]
2019-09-26 19:35:51,890 [pool-261-thread-1] INFO  impl.RaftServerImpl (RaftServerImpl.java:<init>(95)) - 27cb48db-4b88-4c0c-b213-19f9b2fffaff: new RaftServerImpl for group-3731B9264D30:[27cb48db-4b88-4c0c-b213-19f9b2fffaff:192.168.151.99:37457] with ContainerStateMachine:uninitialized
2019-09-26 19:35:51,890 [pool-261-thread-1] INFO  server.RaftServerConfigKeys (ConfUtils.java:logGet(43)) - raft.server.rpc.timeout.min = 5s (custom)
2019-09-26 19:35:51,890 [pool-261-thread-1] INFO  server.RaftServerConfigKeys (ConfUtils.java:logGet(43)) - raft.server.rpc.timeout.max = 5200ms (custom)
2019-09-26 19:35:51,891 [pool-261-thread-1] INFO  server.RaftServerConfigKeys (ConfUtils.java:logGet(43)) - raft.server.rpcslowness.timeout = 120s (custom)
2019-09-26 19:35:51,891 [pool-261-thread-1] INFO  server.RaftServerConfigKeys (ConfUtils.java:logGet(43)) - raft.server.sleep.deviation.threshold = 300 (default)
2019-09-26 19:35:51,891 [pool-261-thread-1] INFO  server.RaftServerConfigKeys (ConfUtils.java:logGet(43)) - raft.server.log.appender.install.snapshot.enabled = false (custom)
2019-09-26 19:35:51,891 [pool-261-thread-1] INFO  impl.RaftServerImpl (ServerState.java:<init>(103)) - 27cb48db-4b88-4c0c-b213-19f9b2fffaff@group-3731B9264D30: ConfigurationManager, init=-1: [27cb48db-4b88-4c0c-b213-19f9b2fffaff:192.168.151.99:37457], old=null, confs=<EMPTY_MAP>
2019-09-26 19:35:51,891 [pool-261-thread-1] INFO  server.RaftServerConfigKeys (ConfUtils.java:logGet(43)) - raft.server.storage.dir = [/workdir/hadoop-ozone/integration-test/target/test-dir/MiniOzoneClusterImpl-2f79a7d3-d7ae-4963-8370-12bb1e2132d7/datanode-0/data/ratis] (custom)
2019-09-26 19:35:51,891 [pool-261-thread-1] INFO  storage.RaftStorageDirectory (RaftStorageDirectory.java:analyzeStorage(246)) - The storage directory /workdir/hadoop-ozone/integration-test/target/test-dir/MiniOzoneClusterImpl-2f79a7d3-d7ae-4963-8370-12bb1e2132d7/datanode-0/data/ratis/820729eb-251a-42d6-8948-3731b9264d30 does not exist. Creating ...
2019-09-26 19:35:51,904 [pool-261-thread-1] INFO  storage.RaftStorageDirectory (RaftStorageDirectory.java:tryLock(328)) - Lock on /workdir/hadoop-ozone/integration-test/target/test-dir/MiniOzoneClusterImpl-2f79a7d3-d7ae-4963-8370-12bb1e2132d7/datanode-0/data/ratis/820729eb-251a-42d6-8948-3731b9264d30/in_use.lock acquired by nodename 17888@pr-hdds-1569-g6sp5-2013761785
2019-09-26 19:35:51,917 [pool-261-thread-1] INFO  storage.RaftStorage (RaftStorage.java:format(72)) - Storage directory /workdir/hadoop-ozone/integration-test/target/test-dir/MiniOzoneClusterImpl-2f79a7d3-d7ae-4963-8370-12bb1e2132d7/datanode-0/data/ratis/820729eb-251a-42d6-8948-3731b9264d30 has been successfully formatted.
2019-09-26 19:35:51,917 [pool-261-thread-1] INFO  ratis.ContainerStateMachine (ContainerStateMachine.java:loadSnapshot(230)) - group-3731B9264D30: The snapshot info is null. Setting the last applied indexto:(t:0, i:~)
2019-09-26 19:35:51,917 [pool-261-thread-1] INFO  server.RaftServerConfigKeys (ConfUtils.java:logGet(43)) - raft.server.notification.no-leader.timeout = 120s (custom)
2019-09-26 19:35:51,917 [pool-261-thread-1] INFO  server.RaftServerConfigKeys (ConfUtils.java:logGet(43)) - raft.server.log.use.memory = false (default)
2019-09-26 19:35:51,918 [pool-261-thread-1] INFO  server.RaftServerConfigKeys (ConfUtils.java:logGet(43)) - raft.server.log.purge.gap = 1000000 (custom)
2019-09-26 19:35:51,918 [pool-261-thread-1] INFO  server.RaftServerConfigKeys (ConfUtils.java:logGet(43)) - raft.server.log.appender.buffer.byte-limit = 33554432 (custom)
2019-09-26 19:35:51,918 [pool-261-thread-1] INFO  server.RaftServerConfigKeys (ConfUtils.java:logGet(43)) - raft.server.log.segment.size.max = 1048576 (custom)
2019-09-26 19:35:51,918 [pool-261-thread-1] INFO  server.RaftServerConfigKeys (ConfUtils.java:logGet(43)) - raft.server.log.segment.cache.num.max = 2 (custom)
2019-09-26 19:35:51,918 [pool-261-thread-1] INFO  segmented.SegmentedRaftLogWorker (SegmentedRaftLogWorker.java:<init>(172)) - new 27cb48db-4b88-4c0c-b213-19f9b2fffaff@group-3731B9264D30-SegmentedRaftLogWorker for RaftStorage:Storage Directory /workdir/hadoop-ozone/integration-test/target/test-dir/MiniOzoneClusterImpl-2f79a7d3-d7ae-4963-8370-12bb1e2132d7/datanode-0/data/ratis/820729eb-251a-42d6-8948-3731b9264d30
2019-09-26 19:35:51,918 [pool-261-thread-1] INFO  server.RaftServerConfigKeys (ConfUtils.java:logGet(43)) - raft.server.log.queue.byte-limit = 2147483647 (custom)
2019-09-26 19:35:51,918 [pool-261-thread-1] INFO  server.RaftServerConfigKeys (ConfUtils.java:logGet(43)) - raft.server.log.queue.element-limit = 1024 (custom)
2019-09-26 19:35:51,918 [pool-261-thread-1] INFO  server.RaftServerConfigKeys (ConfUtils.java:logGet(43)) - raft.server.log.segment.size.max = 1048576 (custom)
2019-09-26 19:35:51,918 [pool-261-thread-1] INFO  server.RaftServerConfigKeys (ConfUtils.java:logGet(43)) - raft.server.log.preallocated.size = 16384 (custom)
2019-09-26 19:35:51,918 [pool-261-thread-1] INFO  server.RaftServerConfigKeys (ConfUtils.java:logGet(43)) - raft.server.log.write.buffer.size = 33554432 (custom)
2019-09-26 19:35:51,919 [pool-261-thread-1] INFO  server.RaftServerConfigKeys (ConfUtils.java:logGet(43)) - raft.server.log.force.sync.num = 128 (default)
2019-09-26 19:35:51,919 [pool-261-thread-1] INFO  server.RaftServerConfigKeys (ConfUtils.java:logGet(43)) - raft.server.log.statemachine.data.sync = true (default)
2019-09-26 19:35:51,919 [pool-261-thread-1] INFO  server.RaftServerConfigKeys (ConfUtils.java:logGet(43)) - raft.server.log.statemachine.data.sync.timeout = 10s (default)
2019-09-26 19:35:51,919 [pool-261-thread-1] INFO  server.RaftServerConfigKeys (ConfUtils.java:logGet(43)) - raft.server.log.statemachine.data.sync.timeout.retry = -1 (default)
2019-09-26 19:35:51,919 [pool-261-thread-1] INFO  server.RaftServerConfigKeys (ConfUtils.java:logGet(43)) - raft.server.log.statemachine.data.caching.enabled = true (custom)
2019-09-26 19:35:51,919 [pool-261-thread-1] INFO  segmented.SegmentedRaftLogWorker (SegmentedRaftLogWorker.java:lambda$new$0(132)) - 27cb48db-4b88-4c0c-b213-19f9b2fffaff@group-3731B9264D30-SegmentedRaftLogWorker: flushIndex: setUnconditionally 0 -> -1
2019-09-26 19:35:51,919 [pool-261-thread-1] INFO  server.RaftServerConfigKeys (ConfUtils.java:logGet(43)) - raft.server.snapshot.auto.trigger.enabled = true (custom)
2019-09-26 19:35:51,919 [pool-261-thread-1] INFO  server.RaftServerConfigKeys (ConfUtils.java:logGet(43)) - raft.server.snapshot.auto.trigger.threshold = 10000 (custom)
2019-09-26 19:35:51,919 [pool-261-thread-1] INFO  server.RaftServerConfigKeys (ConfUtils.java:logGet(43)) - raft.server.snapshot.retention.num.files = 5 (custom)
2019-09-26 19:35:51,920 [pool-261-thread-1] INFO  server.RaftServerConfigKeys (ConfUtils.java:logGet(43)) - raft.server.retrycache.expirytime = 600000ms (custom)
2019-09-26 19:35:51,921 [pool-261-thread-1] INFO  impl.RaftServerImpl (RaftServerImpl.java:start(185)) - 27cb48db-4b88-4c0c-b213-19f9b2fffaff@group-3731B9264D30: start as a follower, conf=-1: [27cb48db-4b88-4c0c-b213-19f9b2fffaff:192.168.151.99:37457], old=null
2019-09-26 19:35:51,921 [pool-261-thread-1] INFO  impl.RaftServerImpl (RaftServerImpl.java:setRole(174)) - 27cb48db-4b88-4c0c-b213-19f9b2fffaff@group-3731B9264D30: changes role from      null to FOLLOWER at term 0 for startAsFollower
2019-09-26 19:35:51,921 [pool-261-thread-1] INFO  impl.RoleInfo (RoleInfo.java:updateAndGet(143)) - 27cb48db-4b88-4c0c-b213-19f9b2fffaff: start FollowerState
2019-09-26 19:35:51,921 [pool-261-thread-1] INFO  util.JmxRegister (JmxRegister.java:tryRegister(44)) - Successfully registered JMX Bean with object name Ratis:service=RaftServer,group=group-3731B9264D30,id=27cb48db-4b88-4c0c-b213-19f9b2fffaff
2019-09-26 19:35:51,922 [RatisPipelineUtilsThread] INFO  pipeline.PipelineStateManager (PipelineStateManager.java:addPipeline(56)) - Created pipeline Pipeline[ Id: 820729eb-251a-42d6-8948-3731b9264d30, Nodes: 27cb48db-4b88-4c0c-b213-19f9b2fffaff{ip: 192.168.151.99, host: pr-hdds-1569-g6sp5-2013761785, networkLocation: /rack1, certSerialId: null}, Type:RATIS, Factor:ONE, State:OPEN]
2019-09-26 19:35:51,924 [grpc-default-executor-4] INFO  impl.RaftServerProxy (RaftServerProxy.java:addNew(89)) - 27cb48db-4b88-4c0c-b213-19f9b2fffaff: addNew group-656C4891FD7A:[27cb48db-4b88-4c0c-b213-19f9b2fffaff:192.168.151.99:37457] returns group-656C4891FD7A:java.util.concurrent.CompletableFuture@2deb52c3[Not completed]
2019-09-26 19:35:51,925 [pool-261-thread-1] INFO  impl.RaftServerImpl (RaftServerImpl.java:<init>(95)) - 27cb48db-4b88-4c0c-b213-19f9b2fffaff: new RaftServerImpl for group-656C4891FD7A:[27cb48db-4b88-4c0c-b213-19f9b2fffaff:192.168.151.99:37457] with ContainerStateMachine:uninitialized
2019-09-26 19:35:51,925 [pool-261-thread-1] INFO  server.RaftServerConfigKeys (ConfUtils.java:logGet(43)) - raft.server.rpc.timeout.min = 5s (custom)
2019-09-26 19:35:51,925 [pool-261-thread-1] INFO  server.RaftServerConfigKeys (ConfUtils.java:logGet(43)) - raft.server.rpc.timeout.max = 5200ms (custom)
2019-09-26 19:35:51,925 [pool-261-thread-1] INFO  server.RaftServerConfigKeys (ConfUtils.java:logGet(43)) - raft.server.rpcslowness.timeout = 120s (custom)
2019-09-26 19:35:51,925 [pool-261-thread-1] INFO  server.RaftServerConfigKeys (ConfUtils.java:logGet(43)) - raft.server.sleep.deviation.threshold = 300 (default)
2019-09-26 19:35:51,925 [pool-261-thread-1] INFO  server.RaftServerConfigKeys (ConfUtils.java:logGet(43)) - raft.server.log.appender.install.snapshot.enabled = false (custom)
2019-09-26 19:35:51,925 [pool-261-thread-1] INFO  impl.RaftServerImpl (ServerState.java:<init>(103)) - 27cb48db-4b88-4c0c-b213-19f9b2fffaff@group-656C4891FD7A: ConfigurationManager, init=-1: [27cb48db-4b88-4c0c-b213-19f9b2fffaff:192.168.151.99:37457], old=null, confs=<EMPTY_MAP>
2019-09-26 19:35:51,925 [pool-261-thread-1] INFO  server.RaftServerConfigKeys (ConfUtils.java:logGet(43)) - raft.server.storage.dir = [/workdir/hadoop-ozone/integration-test/target/test-dir/MiniOzoneClusterImpl-2f79a7d3-d7ae-4963-8370-12bb1e2132d7/datanode-0/data/ratis] (custom)
2019-09-26 19:35:51,926 [pool-261-thread-1] INFO  storage.RaftStorageDirectory (RaftStorageDirectory.java:analyzeStorage(246)) - The storage directory /workdir/hadoop-ozone/integration-test/target/test-dir/MiniOzoneClusterImpl-2f79a7d3-d7ae-4963-8370-12bb1e2132d7/datanode-0/data/ratis/e9b3f87f-fb2e-43e6-9ddf-656c4891fd7a does not exist. Creating ...
2019-09-26 19:35:51,939 [pool-261-thread-1] INFO  storage.RaftStorageDirectory (RaftStorageDirectory.java:tryLock(328)) - Lock on /workdir/hadoop-ozone/integration-test/target/test-dir/MiniOzoneClusterImpl-2f79a7d3-d7ae-4963-8370-12bb1e2132d7/datanode-0/data/ratis/e9b3f87f-fb2e-43e6-9ddf-656c4891fd7a/in_use.lock acquired by nodename 17888@pr-hdds-1569-g6sp5-2013761785
2019-09-26 19:35:51,951 [pool-261-thread-1] INFO  storage.RaftStorage (RaftStorage.java:format(72)) - Storage directory /workdir/hadoop-ozone/integration-test/target/test-dir/MiniOzoneClusterImpl-2f79a7d3-d7ae-4963-8370-12bb1e2132d7/datanode-0/data/ratis/e9b3f87f-fb2e-43e6-9ddf-656c4891fd7a has been successfully formatted.
2019-09-26 19:35:51,952 [pool-261-thread-1] INFO  ratis.ContainerStateMachine (ContainerStateMachine.java:loadSnapshot(230)) - group-656C4891FD7A: The snapshot info is null. Setting the last applied indexto:(t:0, i:~)
2019-09-26 19:35:51,952 [pool-261-thread-1] INFO  server.RaftServerConfigKeys (ConfUtils.java:logGet(43)) - raft.server.notification.no-leader.timeout = 120s (custom)
2019-09-26 19:35:51,952 [pool-261-thread-1] INFO  server.RaftServerConfigKeys (ConfUtils.java:logGet(43)) - raft.server.log.use.memory = false (default)
2019-09-26 19:35:51,952 [pool-261-thread-1] INFO  server.RaftServerConfigKeys (ConfUtils.java:logGet(43)) - raft.server.log.purge.gap = 1000000 (custom)
2019-09-26 19:35:51,952 [pool-261-thread-1] INFO  server.RaftServerConfigKeys (ConfUtils.java:logGet(43)) - raft.server.log.appender.buffer.byte-limit = 33554432 (custom)
2019-09-26 19:35:51,952 [pool-261-thread-1] INFO  server.RaftServerConfigKeys (ConfUtils.java:logGet(43)) - raft.server.log.segment.size.max = 1048576 (custom)
2019-09-26 19:35:51,952 [pool-261-thread-1] INFO  server.RaftServerConfigKeys (ConfUtils.java:logGet(43)) - raft.server.log.segment.cache.num.max = 2 (custom)
2019-09-26 19:35:51,953 [pool-261-thread-1] INFO  segmented.SegmentedRaftLogWorker (SegmentedRaftLogWorker.java:<init>(172)) - new 27cb48db-4b88-4c0c-b213-19f9b2fffaff@group-656C4891FD7A-SegmentedRaftLogWorker for RaftStorage:Storage Directory /workdir/hadoop-ozone/integration-test/target/test-dir/MiniOzoneClusterImpl-2f79a7d3-d7ae-4963-8370-12bb1e2132d7/datanode-0/data/ratis/e9b3f87f-fb2e-43e6-9ddf-656c4891fd7a
2019-09-26 19:35:51,953 [pool-261-thread-1] INFO  server.RaftServerConfigKeys (ConfUtils.java:logGet(43)) - raft.server.log.queue.byte-limit = 2147483647 (custom)
2019-09-26 19:35:51,953 [pool-261-thread-1] INFO  server.RaftServerConfigKeys (ConfUtils.java:logGet(43)) - raft.server.log.queue.element-limit = 1024 (custom)
2019-09-26 19:35:51,953 [pool-261-thread-1] INFO  server.RaftServerConfigKeys (ConfUtils.java:logGet(43)) - raft.server.log.segment.size.max = 1048576 (custom)
2019-09-26 19:35:51,953 [pool-261-thread-1] INFO  server.RaftServerConfigKeys (ConfUtils.java:logGet(43)) - raft.server.log.preallocated.size = 16384 (custom)
2019-09-26 19:35:51,953 [pool-261-thread-1] INFO  server.RaftServerConfigKeys (ConfUtils.java:logGet(43)) - raft.server.log.write.buffer.size = 33554432 (custom)
2019-09-26 19:35:51,953 [pool-261-thread-1] INFO  server.RaftServerConfigKeys (ConfUtils.java:logGet(43)) - raft.server.log.force.sync.num = 128 (default)
2019-09-26 19:35:51,953 [pool-261-thread-1] INFO  server.RaftServerConfigKeys (ConfUtils.java:logGet(43)) - raft.server.log.statemachine.data.sync = true (default)
2019-09-26 19:35:51,953 [pool-261-thread-1] INFO  server.RaftServerConfigKeys (ConfUtils.java:logGet(43)) - raft.server.log.statemachine.data.sync.timeout = 10s (default)
2019-09-26 19:35:51,954 [pool-261-thread-1] INFO  server.RaftServerConfigKeys (ConfUtils.java:logGet(43)) - raft.server.log.statemachine.data.sync.timeout.retry = -1 (default)
2019-09-26 19:35:51,954 [pool-261-thread-1] INFO  server.RaftServerConfigKeys (ConfUtils.java:logGet(43)) - raft.server.log.statemachine.data.caching.enabled = true (custom)
2019-09-26 19:35:51,954 [pool-261-thread-1] INFO  segmented.SegmentedRaftLogWorker (SegmentedRaftLogWorker.java:lambda$new$0(132)) - 27cb48db-4b88-4c0c-b213-19f9b2fffaff@group-656C4891FD7A-SegmentedRaftLogWorker: flushIndex: setUnconditionally 0 -> -1
2019-09-26 19:35:51,954 [pool-261-thread-1] INFO  server.RaftServerConfigKeys (ConfUtils.java:logGet(43)) - raft.server.snapshot.auto.trigger.enabled = true (custom)
2019-09-26 19:35:51,954 [pool-261-thread-1] INFO  server.RaftServerConfigKeys (ConfUtils.java:logGet(43)) - raft.server.snapshot.auto.trigger.threshold = 10000 (custom)
2019-09-26 19:35:51,955 [pool-261-thread-1] INFO  server.RaftServerConfigKeys (ConfUtils.java:logGet(43)) - raft.server.snapshot.retention.num.files = 5 (custom)
2019-09-26 19:35:51,955 [pool-261-thread-1] INFO  server.RaftServerConfigKeys (ConfUtils.java:logGet(43)) - raft.server.retrycache.expirytime = 600000ms (custom)
2019-09-26 19:35:51,955 [Thread-6219] INFO  ozone.MiniOzoneClusterImpl (MiniOzoneClusterImpl.java:lambda$waitForClusterToBeReady$0(147)) - Waiting for cluster to be ready. Got 2 of 3 DN Heartbeats.
2019-09-26 19:35:51,957 [pool-261-thread-1] INFO  impl.RaftServerImpl (RaftServerImpl.java:start(185)) - 27cb48db-4b88-4c0c-b213-19f9b2fffaff@group-656C4891FD7A: start as a follower, conf=-1: [27cb48db-4b88-4c0c-b213-19f9b2fffaff:192.168.151.99:37457], old=null
2019-09-26 19:35:51,957 [pool-261-thread-1] INFO  impl.RaftServerImpl (RaftServerImpl.java:setRole(174)) - 27cb48db-4b88-4c0c-b213-19f9b2fffaff@group-656C4891FD7A: changes role from      null to FOLLOWER at term 0 for startAsFollower
2019-09-26 19:35:51,957 [pool-261-thread-1] INFO  impl.RoleInfo (RoleInfo.java:updateAndGet(143)) - 27cb48db-4b88-4c0c-b213-19f9b2fffaff: start FollowerState
2019-09-26 19:35:51,957 [pool-261-thread-1] INFO  util.JmxRegister (JmxRegister.java:tryRegister(44)) - Successfully registered JMX Bean with object name Ratis:service=RaftServer,group=group-656C4891FD7A,id=27cb48db-4b88-4c0c-b213-19f9b2fffaff
2019-09-26 19:35:51,959 [RatisPipelineUtilsThread] INFO  pipeline.PipelineStateManager (PipelineStateManager.java:addPipeline(56)) - Created pipeline Pipeline[ Id: e9b3f87f-fb2e-43e6-9ddf-656c4891fd7a, Nodes: 27cb48db-4b88-4c0c-b213-19f9b2fffaff{ip: 192.168.151.99, host: pr-hdds-1569-g6sp5-2013761785, networkLocation: /rack1, certSerialId: null}, Type:RATIS, Factor:ONE, State:OPEN]
2019-09-26 19:35:51,961 [grpc-default-executor-4] INFO  impl.RaftServerProxy (RaftServerProxy.java:addNew(89)) - 27cb48db-4b88-4c0c-b213-19f9b2fffaff: addNew group-A260F6F3F135:[27cb48db-4b88-4c0c-b213-19f9b2fffaff:192.168.151.99:37457] returns group-A260F6F3F135:java.util.concurrent.CompletableFuture@1bf4d399[Not completed]
2019-09-26 19:35:51,962 [pool-261-thread-1] INFO  impl.RaftServerImpl (RaftServerImpl.java:<init>(95)) - 27cb48db-4b88-4c0c-b213-19f9b2fffaff: new RaftServerImpl for group-A260F6F3F135:[27cb48db-4b88-4c0c-b213-19f9b2fffaff:192.168.151.99:37457] with ContainerStateMachine:uninitialized
2019-09-26 19:35:51,963 [pool-261-thread-1] INFO  server.RaftServerConfigKeys (ConfUtils.java:logGet(43)) - raft.server.rpc.timeout.min = 5s (custom)
2019-09-26 19:35:51,963 [pool-261-thread-1] INFO  server.RaftServerConfigKeys (ConfUtils.java:logGet(43)) - raft.server.rpc.timeout.max = 5200ms (custom)
2019-09-26 19:35:51,963 [pool-261-thread-1] INFO  server.RaftServerConfigKeys (ConfUtils.java:logGet(43)) - raft.server.rpcslowness.timeout = 120s (custom)
2019-09-26 19:35:51,963 [pool-261-thread-1] INFO  server.RaftServerConfigKeys (ConfUtils.java:logGet(43)) - raft.server.sleep.deviation.threshold = 300 (default)
2019-09-26 19:35:51,963 [pool-261-thread-1] INFO  server.RaftServerConfigKeys (ConfUtils.java:logGet(43)) - raft.server.log.appender.install.snapshot.enabled = false (custom)
2019-09-26 19:35:51,963 [pool-261-thread-1] INFO  impl.RaftServerImpl (ServerState.java:<init>(103)) - 27cb48db-4b88-4c0c-b213-19f9b2fffaff@group-A260F6F3F135: ConfigurationManager, init=-1: [27cb48db-4b88-4c0c-b213-19f9b2fffaff:192.168.151.99:37457], old=null, confs=<EMPTY_MAP>
2019-09-26 19:35:51,963 [pool-261-thread-1] INFO  server.RaftServerConfigKeys (ConfUtils.java:logGet(43)) - raft.server.storage.dir = [/workdir/hadoop-ozone/integration-test/target/test-dir/MiniOzoneClusterImpl-2f79a7d3-d7ae-4963-8370-12bb1e2132d7/datanode-0/data/ratis] (custom)
2019-09-26 19:35:51,964 [pool-261-thread-1] INFO  storage.RaftStorageDirectory (RaftStorageDirectory.java:analyzeStorage(246)) - The storage directory /workdir/hadoop-ozone/integration-test/target/test-dir/MiniOzoneClusterImpl-2f79a7d3-d7ae-4963-8370-12bb1e2132d7/datanode-0/data/ratis/9a9315ba-e893-4b42-b0e4-a260f6f3f135 does not exist. Creating ...
2019-09-26 19:35:51,967 [IPC Server handler 2 on 35985] INFO  net.NetworkTopology (NetworkTopologyImpl.java:add(111)) - Added a new node: /rack1/99aa1396-69c4-4985-9b2a-20430cc4a0a7
2019-09-26 19:35:51,967 [IPC Server handler 2 on 35985] INFO  node.SCMNodeManager (SCMNodeManager.java:register(266)) - Registered Data node : 99aa1396-69c4-4985-9b2a-20430cc4a0a7{ip: 192.168.151.99, host: pr-hdds-1569-g6sp5-2013761785, networkLocation: /rack1, certSerialId: null}
2019-09-26 19:35:51,977 [pool-261-thread-1] INFO  storage.RaftStorageDirectory (RaftStorageDirectory.java:tryLock(328)) - Lock on /workdir/hadoop-ozone/integration-test/target/test-dir/MiniOzoneClusterImpl-2f79a7d3-d7ae-4963-8370-12bb1e2132d7/datanode-0/data/ratis/9a9315ba-e893-4b42-b0e4-a260f6f3f135/in_use.lock acquired by nodename 17888@pr-hdds-1569-g6sp5-2013761785
2019-09-26 19:35:51,990 [pool-261-thread-1] INFO  storage.RaftStorage (RaftStorage.java:format(72)) - Storage directory /workdir/hadoop-ozone/integration-test/target/test-dir/MiniOzoneClusterImpl-2f79a7d3-d7ae-4963-8370-12bb1e2132d7/datanode-0/data/ratis/9a9315ba-e893-4b42-b0e4-a260f6f3f135 has been successfully formatted.
2019-09-26 19:35:51,990 [pool-261-thread-1] INFO  ratis.ContainerStateMachine (ContainerStateMachine.java:loadSnapshot(230)) - group-A260F6F3F135: The snapshot info is null. Setting the last applied indexto:(t:0, i:~)
2019-09-26 19:35:51,991 [pool-261-thread-1] INFO  server.RaftServerConfigKeys (ConfUtils.java:logGet(43)) - raft.server.notification.no-leader.timeout = 120s (custom)
2019-09-26 19:35:51,991 [pool-261-thread-1] INFO  server.RaftServerConfigKeys (ConfUtils.java:logGet(43)) - raft.server.log.use.memory = false (default)
2019-09-26 19:35:51,991 [pool-261-thread-1] INFO  server.RaftServerConfigKeys (ConfUtils.java:logGet(43)) - raft.server.log.purge.gap = 1000000 (custom)
2019-09-26 19:35:51,991 [pool-261-thread-1] INFO  server.RaftServerConfigKeys (ConfUtils.java:logGet(43)) - raft.server.log.appender.buffer.byte-limit = 33554432 (custom)
2019-09-26 19:35:51,991 [pool-261-thread-1] INFO  server.RaftServerConfigKeys (ConfUtils.java:logGet(43)) - raft.server.log.segment.size.max = 1048576 (custom)
2019-09-26 19:35:51,991 [pool-261-thread-1] INFO  server.RaftServerConfigKeys (ConfUtils.java:logGet(43)) - raft.server.log.segment.cache.num.max = 2 (custom)
2019-09-26 19:35:51,991 [pool-261-thread-1] INFO  segmented.SegmentedRaftLogWorker (SegmentedRaftLogWorker.java:<init>(172)) - new 27cb48db-4b88-4c0c-b213-19f9b2fffaff@group-A260F6F3F135-SegmentedRaftLogWorker for RaftStorage:Storage Directory /workdir/hadoop-ozone/integration-test/target/test-dir/MiniOzoneClusterImpl-2f79a7d3-d7ae-4963-8370-12bb1e2132d7/datanode-0/data/ratis/9a9315ba-e893-4b42-b0e4-a260f6f3f135
2019-09-26 19:35:51,992 [pool-261-thread-1] INFO  server.RaftServerConfigKeys (ConfUtils.java:logGet(43)) - raft.server.log.queue.byte-limit = 2147483647 (custom)
2019-09-26 19:35:51,992 [pool-261-thread-1] INFO  server.RaftServerConfigKeys (ConfUtils.java:logGet(43)) - raft.server.log.queue.element-limit = 1024 (custom)
2019-09-26 19:35:51,992 [pool-261-thread-1] INFO  server.RaftServerConfigKeys (ConfUtils.java:logGet(43)) - raft.server.log.segment.size.max = 1048576 (custom)
2019-09-26 19:35:51,992 [pool-261-thread-1] INFO  server.RaftServerConfigKeys (ConfUtils.java:logGet(43)) - raft.server.log.preallocated.size = 16384 (custom)
2019-09-26 19:35:51,992 [pool-261-thread-1] INFO  server.RaftServerConfigKeys (ConfUtils.java:logGet(43)) - raft.server.log.write.buffer.size = 33554432 (custom)
2019-09-26 19:35:51,992 [pool-261-thread-1] INFO  server.RaftServerConfigKeys (ConfUtils.java:logGet(43)) - raft.server.log.force.sync.num = 128 (default)
2019-09-26 19:35:51,992 [pool-261-thread-1] INFO  server.RaftServerConfigKeys (ConfUtils.java:logGet(43)) - raft.server.log.statemachine.data.sync = true (default)
2019-09-26 19:35:51,992 [pool-261-thread-1] INFO  server.RaftServerConfigKeys (ConfUtils.java:logGet(43)) - raft.server.log.statemachine.data.sync.timeout = 10s (default)
2019-09-26 19:35:51,993 [pool-261-thread-1] INFO  server.RaftServerConfigKeys (ConfUtils.java:logGet(43)) - raft.server.log.statemachine.data.sync.timeout.retry = -1 (default)
2019-09-26 19:35:51,993 [pool-261-thread-1] INFO  server.RaftServerConfigKeys (ConfUtils.java:logGet(43)) - raft.server.log.statemachine.data.caching.enabled = true (custom)
2019-09-26 19:35:51,993 [pool-261-thread-1] INFO  segmented.SegmentedRaftLogWorker (SegmentedRaftLogWorker.java:lambda$new$0(132)) - 27cb48db-4b88-4c0c-b213-19f9b2fffaff@group-A260F6F3F135-SegmentedRaftLogWorker: flushIndex: setUnconditionally 0 -> -1
2019-09-26 19:35:51,993 [pool-261-thread-1] INFO  server.RaftServerConfigKeys (ConfUtils.java:logGet(43)) - raft.server.snapshot.auto.trigger.enabled = true (custom)
2019-09-26 19:35:51,994 [pool-261-thread-1] INFO  server.RaftServerConfigKeys (ConfUtils.java:logGet(43)) - raft.server.snapshot.auto.trigger.threshold = 10000 (custom)
2019-09-26 19:35:51,994 [pool-261-thread-1] INFO  server.RaftServerConfigKeys (ConfUtils.java:logGet(43)) - raft.server.snapshot.retention.num.files = 5 (custom)
2019-09-26 19:35:51,994 [pool-261-thread-1] INFO  server.RaftServerConfigKeys (ConfUtils.java:logGet(43)) - raft.server.retrycache.expirytime = 600000ms (custom)
2019-09-26 19:35:51,996 [pool-261-thread-1] INFO  impl.RaftServerImpl (RaftServerImpl.java:start(185)) - 27cb48db-4b88-4c0c-b213-19f9b2fffaff@group-A260F6F3F135: start as a follower, conf=-1: [27cb48db-4b88-4c0c-b213-19f9b2fffaff:192.168.151.99:37457], old=null
2019-09-26 19:35:51,996 [pool-261-thread-1] INFO  impl.RaftServerImpl (RaftServerImpl.java:setRole(174)) - 27cb48db-4b88-4c0c-b213-19f9b2fffaff@group-A260F6F3F135: changes role from      null to FOLLOWER at term 0 for startAsFollower
2019-09-26 19:35:51,996 [pool-261-thread-1] INFO  impl.RoleInfo (RoleInfo.java:updateAndGet(143)) - 27cb48db-4b88-4c0c-b213-19f9b2fffaff: start FollowerState
2019-09-26 19:35:51,996 [pool-261-thread-1] INFO  util.JmxRegister (JmxRegister.java:tryRegister(44)) - Successfully registered JMX Bean with object name Ratis:service=RaftServer,group=group-A260F6F3F135,id=27cb48db-4b88-4c0c-b213-19f9b2fffaff
2019-09-26 19:35:51,997 [RatisPipelineUtilsThread] INFO  pipeline.PipelineStateManager (PipelineStateManager.java:addPipeline(56)) - Created pipeline Pipeline[ Id: 9a9315ba-e893-4b42-b0e4-a260f6f3f135, Nodes: 27cb48db-4b88-4c0c-b213-19f9b2fffaff{ip: 192.168.151.99, host: pr-hdds-1569-g6sp5-2013761785, networkLocation: /rack1, certSerialId: null}, Type:RATIS, Factor:ONE, State:OPEN]
2019-09-26 19:35:52,000 [grpc-default-executor-4] INFO  impl.RaftServerProxy (RaftServerProxy.java:addNew(89)) - 728ea44c-f097-440a-a87e-c27a68d48f14: addNew group-A248398DF8D6:[728ea44c-f097-440a-a87e-c27a68d48f14:192.168.151.99:38783] returns group-A248398DF8D6:java.util.concurrent.CompletableFuture@ae67f59[Not completed]
2019-09-26 19:35:52,000 [pool-271-thread-1] INFO  impl.RaftServerImpl (RaftServerImpl.java:<init>(95)) - 728ea44c-f097-440a-a87e-c27a68d48f14: new RaftServerImpl for group-A248398DF8D6:[728ea44c-f097-440a-a87e-c27a68d48f14:192.168.151.99:38783] with ContainerStateMachine:uninitialized
2019-09-26 19:35:52,000 [pool-271-thread-1] INFO  server.RaftServerConfigKeys (ConfUtils.java:logGet(43)) - raft.server.rpc.timeout.min = 5s (custom)
2019-09-26 19:35:52,001 [pool-271-thread-1] INFO  server.RaftServerConfigKeys (ConfUtils.java:logGet(43)) - raft.server.rpc.timeout.max = 5200ms (custom)
2019-09-26 19:35:52,001 [pool-271-thread-1] INFO  server.RaftServerConfigKeys (ConfUtils.java:logGet(43)) - raft.server.rpcslowness.timeout = 120s (custom)
2019-09-26 19:35:52,001 [pool-271-thread-1] INFO  server.RaftServerConfigKeys (ConfUtils.java:logGet(43)) - raft.server.sleep.deviation.threshold = 300 (default)
2019-09-26 19:35:52,001 [pool-271-thread-1] INFO  server.RaftServerConfigKeys (ConfUtils.java:logGet(43)) - raft.server.log.appender.install.snapshot.enabled = false (custom)
2019-09-26 19:35:52,001 [pool-271-thread-1] INFO  impl.RaftServerImpl (ServerState.java:<init>(103)) - 728ea44c-f097-440a-a87e-c27a68d48f14@group-A248398DF8D6: ConfigurationManager, init=-1: [728ea44c-f097-440a-a87e-c27a68d48f14:192.168.151.99:38783], old=null, confs=<EMPTY_MAP>
2019-09-26 19:35:52,001 [pool-271-thread-1] INFO  server.RaftServerConfigKeys (ConfUtils.java:logGet(43)) - raft.server.storage.dir = [/workdir/hadoop-ozone/integration-test/target/test-dir/MiniOzoneClusterImpl-2f79a7d3-d7ae-4963-8370-12bb1e2132d7/datanode-1/data/ratis] (custom)
2019-09-26 19:35:52,002 [pool-271-thread-1] INFO  storage.RaftStorageDirectory (RaftStorageDirectory.java:analyzeStorage(246)) - The storage directory /workdir/hadoop-ozone/integration-test/target/test-dir/MiniOzoneClusterImpl-2f79a7d3-d7ae-4963-8370-12bb1e2132d7/datanode-1/data/ratis/2c744640-9ac3-41a0-a464-a248398df8d6 does not exist. Creating ...
2019-09-26 19:35:52,015 [pool-271-thread-1] INFO  storage.RaftStorageDirectory (RaftStorageDirectory.java:tryLock(328)) - Lock on /workdir/hadoop-ozone/integration-test/target/test-dir/MiniOzoneClusterImpl-2f79a7d3-d7ae-4963-8370-12bb1e2132d7/datanode-1/data/ratis/2c744640-9ac3-41a0-a464-a248398df8d6/in_use.lock acquired by nodename 17888@pr-hdds-1569-g6sp5-2013761785
2019-09-26 19:35:52,028 [pool-271-thread-1] INFO  storage.RaftStorage (RaftStorage.java:format(72)) - Storage directory /workdir/hadoop-ozone/integration-test/target/test-dir/MiniOzoneClusterImpl-2f79a7d3-d7ae-4963-8370-12bb1e2132d7/datanode-1/data/ratis/2c744640-9ac3-41a0-a464-a248398df8d6 has been successfully formatted.
2019-09-26 19:35:52,028 [pool-271-thread-1] INFO  ratis.ContainerStateMachine (ContainerStateMachine.java:loadSnapshot(230)) - group-A248398DF8D6: The snapshot info is null. Setting the last applied indexto:(t:0, i:~)
2019-09-26 19:35:52,028 [pool-271-thread-1] INFO  server.RaftServerConfigKeys (ConfUtils.java:logGet(43)) - raft.server.notification.no-leader.timeout = 120s (custom)
2019-09-26 19:35:52,029 [pool-271-thread-1] INFO  server.RaftServerConfigKeys (ConfUtils.java:logGet(43)) - raft.server.log.use.memory = false (default)
2019-09-26 19:35:52,029 [pool-271-thread-1] INFO  server.RaftServerConfigKeys (ConfUtils.java:logGet(43)) - raft.server.log.purge.gap = 1000000 (custom)
2019-09-26 19:35:52,029 [pool-271-thread-1] INFO  server.RaftServerConfigKeys (ConfUtils.java:logGet(43)) - raft.server.log.appender.buffer.byte-limit = 33554432 (custom)
2019-09-26 19:35:52,029 [pool-271-thread-1] INFO  server.RaftServerConfigKeys (ConfUtils.java:logGet(43)) - raft.server.log.segment.size.max = 1048576 (custom)
2019-09-26 19:35:52,029 [pool-271-thread-1] INFO  server.RaftServerConfigKeys (ConfUtils.java:logGet(43)) - raft.server.log.segment.cache.num.max = 2 (custom)
2019-09-26 19:35:52,029 [pool-271-thread-1] INFO  segmented.SegmentedRaftLogWorker (SegmentedRaftLogWorker.java:<init>(172)) - new 728ea44c-f097-440a-a87e-c27a68d48f14@group-A248398DF8D6-SegmentedRaftLogWorker for RaftStorage:Storage Directory /workdir/hadoop-ozone/integration-test/target/test-dir/MiniOzoneClusterImpl-2f79a7d3-d7ae-4963-8370-12bb1e2132d7/datanode-1/data/ratis/2c744640-9ac3-41a0-a464-a248398df8d6
2019-09-26 19:35:52,030 [pool-271-thread-1] INFO  server.RaftServerConfigKeys (ConfUtils.java:logGet(43)) - raft.server.log.queue.byte-limit = 2147483647 (custom)
2019-09-26 19:35:52,030 [pool-271-thread-1] INFO  server.RaftServerConfigKeys (ConfUtils.java:logGet(43)) - raft.server.log.queue.element-limit = 1024 (custom)
2019-09-26 19:35:52,030 [pool-271-thread-1] INFO  server.RaftServerConfigKeys (ConfUtils.java:logGet(43)) - raft.server.log.segment.size.max = 1048576 (custom)
2019-09-26 19:35:52,030 [pool-271-thread-1] INFO  server.RaftServerConfigKeys (ConfUtils.java:logGet(43)) - raft.server.log.preallocated.size = 16384 (custom)
2019-09-26 19:35:52,030 [pool-271-thread-1] INFO  server.RaftServerConfigKeys (ConfUtils.java:logGet(43)) - raft.server.log.write.buffer.size = 33554432 (custom)
2019-09-26 19:35:52,030 [pool-271-thread-1] INFO  server.RaftServerConfigKeys (ConfUtils.java:logGet(43)) - raft.server.log.force.sync.num = 128 (default)
2019-09-26 19:35:52,030 [pool-271-thread-1] INFO  server.RaftServerConfigKeys (ConfUtils.java:logGet(43)) - raft.server.log.statemachine.data.sync = true (default)
2019-09-26 19:35:52,030 [pool-271-thread-1] INFO  server.RaftServerConfigKeys (ConfUtils.java:logGet(43)) - raft.server.log.statemachine.data.sync.timeout = 10s (default)
2019-09-26 19:35:52,031 [pool-271-thread-1] INFO  server.RaftServerConfigKeys (ConfUtils.java:logGet(43)) - raft.server.log.statemachine.data.sync.timeout.retry = -1 (default)
2019-09-26 19:35:52,031 [pool-271-thread-1] INFO  server.RaftServerConfigKeys (ConfUtils.java:logGet(43)) - raft.server.log.statemachine.data.caching.enabled = true (custom)
2019-09-26 19:35:52,031 [pool-271-thread-1] INFO  segmented.SegmentedRaftLogWorker (SegmentedRaftLogWorker.java:lambda$new$0(132)) - 728ea44c-f097-440a-a87e-c27a68d48f14@group-A248398DF8D6-SegmentedRaftLogWorker: flushIndex: setUnconditionally 0 -> -1
2019-09-26 19:35:52,031 [pool-271-thread-1] INFO  server.RaftServerConfigKeys (ConfUtils.java:logGet(43)) - raft.server.snapshot.auto.trigger.enabled = true (custom)
2019-09-26 19:35:52,031 [pool-271-thread-1] INFO  server.RaftServerConfigKeys (ConfUtils.java:logGet(43)) - raft.server.snapshot.auto.trigger.threshold = 10000 (custom)
2019-09-26 19:35:52,031 [pool-271-thread-1] INFO  server.RaftServerConfigKeys (ConfUtils.java:logGet(43)) - raft.server.snapshot.retention.num.files = 5 (custom)
2019-09-26 19:35:52,032 [pool-271-thread-1] INFO  server.RaftServerConfigKeys (ConfUtils.java:logGet(43)) - raft.server.retrycache.expirytime = 600000ms (custom)
2019-09-26 19:35:52,033 [pool-271-thread-1] INFO  impl.RaftServerImpl (RaftServerImpl.java:start(185)) - 728ea44c-f097-440a-a87e-c27a68d48f14@group-A248398DF8D6: start as a follower, conf=-1: [728ea44c-f097-440a-a87e-c27a68d48f14:192.168.151.99:38783], old=null
2019-09-26 19:35:52,033 [pool-271-thread-1] INFO  impl.RaftServerImpl (RaftServerImpl.java:setRole(174)) - 728ea44c-f097-440a-a87e-c27a68d48f14@group-A248398DF8D6: changes role from      null to FOLLOWER at term 0 for startAsFollower
2019-09-26 19:35:52,033 [pool-271-thread-1] INFO  impl.RoleInfo (RoleInfo.java:updateAndGet(143)) - 728ea44c-f097-440a-a87e-c27a68d48f14: start FollowerState
2019-09-26 19:35:52,034 [pool-271-thread-1] INFO  util.JmxRegister (JmxRegister.java:tryRegister(44)) - Successfully registered JMX Bean with object name Ratis:service=RaftServer,group=group-A248398DF8D6,id=728ea44c-f097-440a-a87e-c27a68d48f14
2019-09-26 19:35:52,035 [RatisPipelineUtilsThread] INFO  pipeline.PipelineStateManager (PipelineStateManager.java:addPipeline(56)) - Created pipeline Pipeline[ Id: 2c744640-9ac3-41a0-a464-a248398df8d6, Nodes: 728ea44c-f097-440a-a87e-c27a68d48f14{ip: 192.168.151.99, host: pr-hdds-1569-g6sp5-2013761785, networkLocation: /rack1, certSerialId: null}, Type:RATIS, Factor:ONE, State:OPEN]
2019-09-26 19:35:52,037 [grpc-default-executor-4] INFO  impl.RaftServerProxy (RaftServerProxy.java:addNew(89)) - 27cb48db-4b88-4c0c-b213-19f9b2fffaff: addNew group-2101955D751F:[27cb48db-4b88-4c0c-b213-19f9b2fffaff:192.168.151.99:37457] returns group-2101955D751F:java.util.concurrent.CompletableFuture@607f282d[Not completed]
2019-09-26 19:35:52,038 [pool-261-thread-1] INFO  impl.RaftServerImpl (RaftServerImpl.java:<init>(95)) - 27cb48db-4b88-4c0c-b213-19f9b2fffaff: new RaftServerImpl for group-2101955D751F:[27cb48db-4b88-4c0c-b213-19f9b2fffaff:192.168.151.99:37457] with ContainerStateMachine:uninitialized
2019-09-26 19:35:52,038 [pool-261-thread-1] INFO  server.RaftServerConfigKeys (ConfUtils.java:logGet(43)) - raft.server.rpc.timeout.min = 5s (custom)
2019-09-26 19:35:52,038 [pool-261-thread-1] INFO  server.RaftServerConfigKeys (ConfUtils.java:logGet(43)) - raft.server.rpc.timeout.max = 5200ms (custom)
2019-09-26 19:35:52,038 [pool-261-thread-1] INFO  server.RaftServerConfigKeys (ConfUtils.java:logGet(43)) - raft.server.rpcslowness.timeout = 120s (custom)
2019-09-26 19:35:52,038 [pool-261-thread-1] INFO  server.RaftServerConfigKeys (ConfUtils.java:logGet(43)) - raft.server.sleep.deviation.threshold = 300 (default)
2019-09-26 19:35:52,038 [pool-261-thread-1] INFO  server.RaftServerConfigKeys (ConfUtils.java:logGet(43)) - raft.server.log.appender.install.snapshot.enabled = false (custom)
2019-09-26 19:35:52,038 [pool-261-thread-1] INFO  impl.RaftServerImpl (ServerState.java:<init>(103)) - 27cb48db-4b88-4c0c-b213-19f9b2fffaff@group-2101955D751F: ConfigurationManager, init=-1: [27cb48db-4b88-4c0c-b213-19f9b2fffaff:192.168.151.99:37457], old=null, confs=<EMPTY_MAP>
2019-09-26 19:35:52,038 [pool-261-thread-1] INFO  server.RaftServerConfigKeys (ConfUtils.java:logGet(43)) - raft.server.storage.dir = [/workdir/hadoop-ozone/integration-test/target/test-dir/MiniOzoneClusterImpl-2f79a7d3-d7ae-4963-8370-12bb1e2132d7/datanode-0/data/ratis] (custom)
2019-09-26 19:35:52,039 [pool-261-thread-1] INFO  storage.RaftStorageDirectory (RaftStorageDirectory.java:analyzeStorage(246)) - The storage directory /workdir/hadoop-ozone/integration-test/target/test-dir/MiniOzoneClusterImpl-2f79a7d3-d7ae-4963-8370-12bb1e2132d7/datanode-0/data/ratis/84282431-35b0-4498-a2b9-2101955d751f does not exist. Creating ...
2019-09-26 19:35:52,042 [pool-261-thread-1] INFO  storage.RaftStorageDirectory (RaftStorageDirectory.java:tryLock(328)) - Lock on /workdir/hadoop-ozone/integration-test/target/test-dir/MiniOzoneClusterImpl-2f79a7d3-d7ae-4963-8370-12bb1e2132d7/datanode-0/data/ratis/84282431-35b0-4498-a2b9-2101955d751f/in_use.lock acquired by nodename 17888@pr-hdds-1569-g6sp5-2013761785
2019-09-26 19:35:52,046 [pool-261-thread-1] INFO  storage.RaftStorage (RaftStorage.java:format(72)) - Storage directory /workdir/hadoop-ozone/integration-test/target/test-dir/MiniOzoneClusterImpl-2f79a7d3-d7ae-4963-8370-12bb1e2132d7/datanode-0/data/ratis/84282431-35b0-4498-a2b9-2101955d751f has been successfully formatted.
2019-09-26 19:35:52,046 [pool-261-thread-1] INFO  ratis.ContainerStateMachine (ContainerStateMachine.java:loadSnapshot(230)) - group-2101955D751F: The snapshot info is null. Setting the last applied indexto:(t:0, i:~)
2019-09-26 19:35:52,047 [pool-261-thread-1] INFO  server.RaftServerConfigKeys (ConfUtils.java:logGet(43)) - raft.server.notification.no-leader.timeout = 120s (custom)
2019-09-26 19:35:52,047 [pool-261-thread-1] INFO  server.RaftServerConfigKeys (ConfUtils.java:logGet(43)) - raft.server.log.use.memory = false (default)
2019-09-26 19:35:52,047 [pool-261-thread-1] INFO  server.RaftServerConfigKeys (ConfUtils.java:logGet(43)) - raft.server.log.purge.gap = 1000000 (custom)
2019-09-26 19:35:52,047 [pool-261-thread-1] INFO  server.RaftServerConfigKeys (ConfUtils.java:logGet(43)) - raft.server.log.appender.buffer.byte-limit = 33554432 (custom)
2019-09-26 19:35:52,047 [pool-261-thread-1] INFO  server.RaftServerConfigKeys (ConfUtils.java:logGet(43)) - raft.server.log.segment.size.max = 1048576 (custom)
2019-09-26 19:35:52,047 [pool-261-thread-1] INFO  server.RaftServerConfigKeys (ConfUtils.java:logGet(43)) - raft.server.log.segment.cache.num.max = 2 (custom)
2019-09-26 19:35:52,047 [pool-261-thread-1] INFO  segmented.SegmentedRaftLogWorker (SegmentedRaftLogWorker.java:<init>(172)) - new 27cb48db-4b88-4c0c-b213-19f9b2fffaff@group-2101955D751F-SegmentedRaftLogWorker for RaftStorage:Storage Directory /workdir/hadoop-ozone/integration-test/target/test-dir/MiniOzoneClusterImpl-2f79a7d3-d7ae-4963-8370-12bb1e2132d7/datanode-0/data/ratis/84282431-35b0-4498-a2b9-2101955d751f
2019-09-26 19:35:52,047 [pool-261-thread-1] INFO  server.RaftServerConfigKeys (ConfUtils.java:logGet(43)) - raft.server.log.queue.byte-limit = 2147483647 (custom)
2019-09-26 19:35:52,047 [pool-261-thread-1] INFO  server.RaftServerConfigKeys (ConfUtils.java:logGet(43)) - raft.server.log.queue.element-limit = 1024 (custom)
2019-09-26 19:35:52,047 [pool-261-thread-1] INFO  server.RaftServerConfigKeys (ConfUtils.java:logGet(43)) - raft.server.log.segment.size.max = 1048576 (custom)
2019-09-26 19:35:52,047 [pool-261-thread-1] INFO  server.RaftServerConfigKeys (ConfUtils.java:logGet(43)) - raft.server.log.preallocated.size = 16384 (custom)
2019-09-26 19:35:52,048 [pool-261-thread-1] INFO  server.RaftServerConfigKeys (ConfUtils.java:logGet(43)) - raft.server.log.write.buffer.size = 33554432 (custom)
2019-09-26 19:35:52,048 [pool-261-thread-1] INFO  server.RaftServerConfigKeys (ConfUtils.java:logGet(43)) - raft.server.log.force.sync.num = 128 (default)
2019-09-26 19:35:52,048 [pool-261-thread-1] INFO  server.RaftServerConfigKeys (ConfUtils.java:logGet(43)) - raft.server.log.statemachine.data.sync = true (default)
2019-09-26 19:35:52,048 [pool-261-thread-1] INFO  server.RaftServerConfigKeys (ConfUtils.java:logGet(43)) - raft.server.log.statemachine.data.sync.timeout = 10s (default)
2019-09-26 19:35:52,048 [pool-261-thread-1] INFO  server.RaftServerConfigKeys (ConfUtils.java:logGet(43)) - raft.server.log.statemachine.data.sync.timeout.retry = -1 (default)
2019-09-26 19:35:52,048 [pool-261-thread-1] INFO  server.RaftServerConfigKeys (ConfUtils.java:logGet(43)) - raft.server.log.statemachine.data.caching.enabled = true (custom)
2019-09-26 19:35:52,048 [pool-261-thread-1] INFO  segmented.SegmentedRaftLogWorker (SegmentedRaftLogWorker.java:lambda$new$0(132)) - 27cb48db-4b88-4c0c-b213-19f9b2fffaff@group-2101955D751F-SegmentedRaftLogWorker: flushIndex: setUnconditionally 0 -> -1
2019-09-26 19:35:52,048 [pool-261-thread-1] INFO  server.RaftServerConfigKeys (ConfUtils.java:logGet(43)) - raft.server.snapshot.auto.trigger.enabled = true (custom)
2019-09-26 19:35:52,049 [pool-261-thread-1] INFO  server.RaftServerConfigKeys (ConfUtils.java:logGet(43)) - raft.server.snapshot.auto.trigger.threshold = 10000 (custom)
2019-09-26 19:35:52,049 [pool-261-thread-1] INFO  server.RaftServerConfigKeys (ConfUtils.java:logGet(43)) - raft.server.snapshot.retention.num.files = 5 (custom)
2019-09-26 19:35:52,049 [pool-261-thread-1] INFO  server.RaftServerConfigKeys (ConfUtils.java:logGet(43)) - raft.server.retrycache.expirytime = 600000ms (custom)
2019-09-26 19:35:52,050 [pool-261-thread-1] INFO  impl.RaftServerImpl (RaftServerImpl.java:start(185)) - 27cb48db-4b88-4c0c-b213-19f9b2fffaff@group-2101955D751F: start as a follower, conf=-1: [27cb48db-4b88-4c0c-b213-19f9b2fffaff:192.168.151.99:37457], old=null
2019-09-26 19:35:52,050 [pool-261-thread-1] INFO  impl.RaftServerImpl (RaftServerImpl.java:setRole(174)) - 27cb48db-4b88-4c0c-b213-19f9b2fffaff@group-2101955D751F: changes role from      null to FOLLOWER at term 0 for startAsFollower
2019-09-26 19:35:52,050 [pool-261-thread-1] INFO  impl.RoleInfo (RoleInfo.java:updateAndGet(143)) - 27cb48db-4b88-4c0c-b213-19f9b2fffaff: start FollowerState
2019-09-26 19:35:52,050 [pool-261-thread-1] INFO  util.JmxRegister (JmxRegister.java:tryRegister(44)) - Successfully registered JMX Bean with object name Ratis:service=RaftServer,group=group-2101955D751F,id=27cb48db-4b88-4c0c-b213-19f9b2fffaff
2019-09-26 19:35:52,052 [RatisPipelineUtilsThread] INFO  pipeline.PipelineStateManager (PipelineStateManager.java:addPipeline(56)) - Created pipeline Pipeline[ Id: 84282431-35b0-4498-a2b9-2101955d751f, Nodes: 27cb48db-4b88-4c0c-b213-19f9b2fffaff{ip: 192.168.151.99, host: pr-hdds-1569-g6sp5-2013761785, networkLocation: /rack1, certSerialId: null}, Type:RATIS, Factor:ONE, State:OPEN]
2019-09-26 19:35:52,054 [grpc-default-executor-4] INFO  impl.RaftServerProxy (RaftServerProxy.java:addNew(89)) - 27cb48db-4b88-4c0c-b213-19f9b2fffaff: addNew group-684BA3C5CC11:[27cb48db-4b88-4c0c-b213-19f9b2fffaff:192.168.151.99:37457] returns group-684BA3C5CC11:java.util.concurrent.CompletableFuture@46927878[Not completed]
2019-09-26 19:35:52,055 [pool-261-thread-1] INFO  impl.RaftServerImpl (RaftServerImpl.java:<init>(95)) - 27cb48db-4b88-4c0c-b213-19f9b2fffaff: new RaftServerImpl for group-684BA3C5CC11:[27cb48db-4b88-4c0c-b213-19f9b2fffaff:192.168.151.99:37457] with ContainerStateMachine:uninitialized
2019-09-26 19:35:52,055 [pool-261-thread-1] INFO  server.RaftServerConfigKeys (ConfUtils.java:logGet(43)) - raft.server.rpc.timeout.min = 5s (custom)
2019-09-26 19:35:52,055 [pool-261-thread-1] INFO  server.RaftServerConfigKeys (ConfUtils.java:logGet(43)) - raft.server.rpc.timeout.max = 5200ms (custom)
2019-09-26 19:35:52,055 [pool-261-thread-1] INFO  server.RaftServerConfigKeys (ConfUtils.java:logGet(43)) - raft.server.rpcslowness.timeout = 120s (custom)
2019-09-26 19:35:52,055 [pool-261-thread-1] INFO  server.RaftServerConfigKeys (ConfUtils.java:logGet(43)) - raft.server.sleep.deviation.threshold = 300 (default)
2019-09-26 19:35:52,055 [pool-261-thread-1] INFO  server.RaftServerConfigKeys (ConfUtils.java:logGet(43)) - raft.server.log.appender.install.snapshot.enabled = false (custom)
2019-09-26 19:35:52,055 [pool-261-thread-1] INFO  impl.RaftServerImpl (ServerState.java:<init>(103)) - 27cb48db-4b88-4c0c-b213-19f9b2fffaff@group-684BA3C5CC11: ConfigurationManager, init=-1: [27cb48db-4b88-4c0c-b213-19f9b2fffaff:192.168.151.99:37457], old=null, confs=<EMPTY_MAP>
2019-09-26 19:35:52,055 [pool-261-thread-1] INFO  server.RaftServerConfigKeys (ConfUtils.java:logGet(43)) - raft.server.storage.dir = [/workdir/hadoop-ozone/integration-test/target/test-dir/MiniOzoneClusterImpl-2f79a7d3-d7ae-4963-8370-12bb1e2132d7/datanode-0/data/ratis] (custom)
2019-09-26 19:35:52,055 [pool-261-thread-1] INFO  storage.RaftStorageDirectory (RaftStorageDirectory.java:analyzeStorage(246)) - The storage directory /workdir/hadoop-ozone/integration-test/target/test-dir/MiniOzoneClusterImpl-2f79a7d3-d7ae-4963-8370-12bb1e2132d7/datanode-0/data/ratis/dc50641f-5755-4d47-bf25-684ba3c5cc11 does not exist. Creating ...
2019-09-26 19:35:52,060 [pool-261-thread-1] INFO  storage.RaftStorageDirectory (RaftStorageDirectory.java:tryLock(328)) - Lock on /workdir/hadoop-ozone/integration-test/target/test-dir/MiniOzoneClusterImpl-2f79a7d3-d7ae-4963-8370-12bb1e2132d7/datanode-0/data/ratis/dc50641f-5755-4d47-bf25-684ba3c5cc11/in_use.lock acquired by nodename 17888@pr-hdds-1569-g6sp5-2013761785
2019-09-26 19:35:52,063 [pool-261-thread-1] INFO  storage.RaftStorage (RaftStorage.java:format(72)) - Storage directory /workdir/hadoop-ozone/integration-test/target/test-dir/MiniOzoneClusterImpl-2f79a7d3-d7ae-4963-8370-12bb1e2132d7/datanode-0/data/ratis/dc50641f-5755-4d47-bf25-684ba3c5cc11 has been successfully formatted.
2019-09-26 19:35:52,064 [pool-261-thread-1] INFO  ratis.ContainerStateMachine (ContainerStateMachine.java:loadSnapshot(230)) - group-684BA3C5CC11: The snapshot info is null. Setting the last applied indexto:(t:0, i:~)
2019-09-26 19:35:52,064 [pool-261-thread-1] INFO  server.RaftServerConfigKeys (ConfUtils.java:logGet(43)) - raft.server.notification.no-leader.timeout = 120s (custom)
2019-09-26 19:35:52,064 [pool-261-thread-1] INFO  server.RaftServerConfigKeys (ConfUtils.java:logGet(43)) - raft.server.log.use.memory = false (default)
2019-09-26 19:35:52,064 [pool-261-thread-1] INFO  server.RaftServerConfigKeys (ConfUtils.java:logGet(43)) - raft.server.log.purge.gap = 1000000 (custom)
2019-09-26 19:35:52,064 [pool-261-thread-1] INFO  server.RaftServerConfigKeys (ConfUtils.java:logGet(43)) - raft.server.log.appender.buffer.byte-limit = 33554432 (custom)
2019-09-26 19:35:52,064 [pool-261-thread-1] INFO  server.RaftServerConfigKeys (ConfUtils.java:logGet(43)) - raft.server.log.segment.size.max = 1048576 (custom)
2019-09-26 19:35:52,064 [pool-261-thread-1] INFO  server.RaftServerConfigKeys (ConfUtils.java:logGet(43)) - raft.server.log.segment.cache.num.max = 2 (custom)
2019-09-26 19:35:52,065 [pool-261-thread-1] INFO  segmented.SegmentedRaftLogWorker (SegmentedRaftLogWorker.java:<init>(172)) - new 27cb48db-4b88-4c0c-b213-19f9b2fffaff@group-684BA3C5CC11-SegmentedRaftLogWorker for RaftStorage:Storage Directory /workdir/hadoop-ozone/integration-test/target/test-dir/MiniOzoneClusterImpl-2f79a7d3-d7ae-4963-8370-12bb1e2132d7/datanode-0/data/ratis/dc50641f-5755-4d47-bf25-684ba3c5cc11
2019-09-26 19:35:52,065 [pool-261-thread-1] INFO  server.RaftServerConfigKeys (ConfUtils.java:logGet(43)) - raft.server.log.queue.byte-limit = 2147483647 (custom)
2019-09-26 19:35:52,065 [pool-261-thread-1] INFO  server.RaftServerConfigKeys (ConfUtils.java:logGet(43)) - raft.server.log.queue.element-limit = 1024 (custom)
2019-09-26 19:35:52,065 [pool-261-thread-1] INFO  server.RaftServerConfigKeys (ConfUtils.java:logGet(43)) - raft.server.log.segment.size.max = 1048576 (custom)
2019-09-26 19:35:52,065 [pool-261-thread-1] INFO  server.RaftServerConfigKeys (ConfUtils.java:logGet(43)) - raft.server.log.preallocated.size = 16384 (custom)
2019-09-26 19:35:52,065 [pool-261-thread-1] INFO  server.RaftServerConfigKeys (ConfUtils.java:logGet(43)) - raft.server.log.write.buffer.size = 33554432 (custom)
2019-09-26 19:35:52,065 [pool-261-thread-1] INFO  server.RaftServerConfigKeys (ConfUtils.java:logGet(43)) - raft.server.log.force.sync.num = 128 (default)
2019-09-26 19:35:52,065 [pool-261-thread-1] INFO  server.RaftServerConfigKeys (ConfUtils.java:logGet(43)) - raft.server.log.statemachine.data.sync = true (default)
2019-09-26 19:35:52,066 [pool-261-thread-1] INFO  server.RaftServerConfigKeys (ConfUtils.java:logGet(43)) - raft.server.log.statemachine.data.sync.timeout = 10s (default)
2019-09-26 19:35:52,066 [pool-261-thread-1] INFO  server.RaftServerConfigKeys (ConfUtils.java:logGet(43)) - raft.server.log.statemachine.data.sync.timeout.retry = -1 (default)
2019-09-26 19:35:52,066 [pool-261-thread-1] INFO  server.RaftServerConfigKeys (ConfUtils.java:logGet(43)) - raft.server.log.statemachine.data.caching.enabled = true (custom)
2019-09-26 19:35:52,066 [pool-261-thread-1] INFO  segmented.SegmentedRaftLogWorker (SegmentedRaftLogWorker.java:lambda$new$0(132)) - 27cb48db-4b88-4c0c-b213-19f9b2fffaff@group-684BA3C5CC11-SegmentedRaftLogWorker: flushIndex: setUnconditionally 0 -> -1
2019-09-26 19:35:52,066 [pool-261-thread-1] INFO  server.RaftServerConfigKeys (ConfUtils.java:logGet(43)) - raft.server.snapshot.auto.trigger.enabled = true (custom)
2019-09-26 19:35:52,066 [pool-261-thread-1] INFO  server.RaftServerConfigKeys (ConfUtils.java:logGet(43)) - raft.server.snapshot.auto.trigger.threshold = 10000 (custom)
2019-09-26 19:35:52,067 [pool-261-thread-1] INFO  server.RaftServerConfigKeys (ConfUtils.java:logGet(43)) - raft.server.snapshot.retention.num.files = 5 (custom)
2019-09-26 19:35:52,067 [pool-261-thread-1] INFO  server.RaftServerConfigKeys (ConfUtils.java:logGet(43)) - raft.server.retrycache.expirytime = 600000ms (custom)
2019-09-26 19:35:52,068 [pool-261-thread-1] INFO  impl.RaftServerImpl (RaftServerImpl.java:start(185)) - 27cb48db-4b88-4c0c-b213-19f9b2fffaff@group-684BA3C5CC11: start as a follower, conf=-1: [27cb48db-4b88-4c0c-b213-19f9b2fffaff:192.168.151.99:37457], old=null
2019-09-26 19:35:52,069 [pool-261-thread-1] INFO  impl.RaftServerImpl (RaftServerImpl.java:setRole(174)) - 27cb48db-4b88-4c0c-b213-19f9b2fffaff@group-684BA3C5CC11: changes role from      null to FOLLOWER at term 0 for startAsFollower
2019-09-26 19:35:52,069 [pool-261-thread-1] INFO  impl.RoleInfo (RoleInfo.java:updateAndGet(143)) - 27cb48db-4b88-4c0c-b213-19f9b2fffaff: start FollowerState
2019-09-26 19:35:52,069 [pool-261-thread-1] INFO  util.JmxRegister (JmxRegister.java:tryRegister(44)) - Successfully registered JMX Bean with object name Ratis:service=RaftServer,group=group-684BA3C5CC11,id=27cb48db-4b88-4c0c-b213-19f9b2fffaff
2019-09-26 19:35:52,070 [RatisPipelineUtilsThread] INFO  pipeline.PipelineStateManager (PipelineStateManager.java:addPipeline(56)) - Created pipeline Pipeline[ Id: dc50641f-5755-4d47-bf25-684ba3c5cc11, Nodes: 27cb48db-4b88-4c0c-b213-19f9b2fffaff{ip: 192.168.151.99, host: pr-hdds-1569-g6sp5-2013761785, networkLocation: /rack1, certSerialId: null}, Type:RATIS, Factor:ONE, State:OPEN]
2019-09-26 19:35:52,072 [grpc-default-executor-4] INFO  impl.RaftServerProxy (RaftServerProxy.java:addNew(89)) - 728ea44c-f097-440a-a87e-c27a68d48f14: addNew group-81150C1B35EC:[728ea44c-f097-440a-a87e-c27a68d48f14:192.168.151.99:38783] returns group-81150C1B35EC:java.util.concurrent.CompletableFuture@50102dfb[Not completed]
2019-09-26 19:35:52,073 [pool-271-thread-1] INFO  impl.RaftServerImpl (RaftServerImpl.java:<init>(95)) - 728ea44c-f097-440a-a87e-c27a68d48f14: new RaftServerImpl for group-81150C1B35EC:[728ea44c-f097-440a-a87e-c27a68d48f14:192.168.151.99:38783] with ContainerStateMachine:uninitialized
2019-09-26 19:35:52,073 [pool-271-thread-1] INFO  server.RaftServerConfigKeys (ConfUtils.java:logGet(43)) - raft.server.rpc.timeout.min = 5s (custom)
2019-09-26 19:35:52,073 [pool-271-thread-1] INFO  server.RaftServerConfigKeys (ConfUtils.java:logGet(43)) - raft.server.rpc.timeout.max = 5200ms (custom)
2019-09-26 19:35:52,073 [pool-271-thread-1] INFO  server.RaftServerConfigKeys (ConfUtils.java:logGet(43)) - raft.server.rpcslowness.timeout = 120s (custom)
2019-09-26 19:35:52,073 [pool-271-thread-1] INFO  server.RaftServerConfigKeys (ConfUtils.java:logGet(43)) - raft.server.sleep.deviation.threshold = 300 (default)
2019-09-26 19:35:52,073 [pool-271-thread-1] INFO  server.RaftServerConfigKeys (ConfUtils.java:logGet(43)) - raft.server.log.appender.install.snapshot.enabled = false (custom)
2019-09-26 19:35:52,073 [pool-271-thread-1] INFO  impl.RaftServerImpl (ServerState.java:<init>(103)) - 728ea44c-f097-440a-a87e-c27a68d48f14@group-81150C1B35EC: ConfigurationManager, init=-1: [728ea44c-f097-440a-a87e-c27a68d48f14:192.168.151.99:38783], old=null, confs=<EMPTY_MAP>
2019-09-26 19:35:52,074 [pool-271-thread-1] INFO  server.RaftServerConfigKeys (ConfUtils.java:logGet(43)) - raft.server.storage.dir = [/workdir/hadoop-ozone/integration-test/target/test-dir/MiniOzoneClusterImpl-2f79a7d3-d7ae-4963-8370-12bb1e2132d7/datanode-1/data/ratis] (custom)
2019-09-26 19:35:52,074 [pool-271-thread-1] INFO  storage.RaftStorageDirectory (RaftStorageDirectory.java:analyzeStorage(246)) - The storage directory /workdir/hadoop-ozone/integration-test/target/test-dir/MiniOzoneClusterImpl-2f79a7d3-d7ae-4963-8370-12bb1e2132d7/datanode-1/data/ratis/78be0f7c-ebb9-4869-a65e-81150c1b35ec does not exist. Creating ...
2019-09-26 19:35:52,085 [pool-271-thread-1] INFO  storage.RaftStorageDirectory (RaftStorageDirectory.java:tryLock(328)) - Lock on /workdir/hadoop-ozone/integration-test/target/test-dir/MiniOzoneClusterImpl-2f79a7d3-d7ae-4963-8370-12bb1e2132d7/datanode-1/data/ratis/78be0f7c-ebb9-4869-a65e-81150c1b35ec/in_use.lock acquired by nodename 17888@pr-hdds-1569-g6sp5-2013761785
2019-09-26 19:35:52,099 [pool-271-thread-1] INFO  storage.RaftStorage (RaftStorage.java:format(72)) - Storage directory /workdir/hadoop-ozone/integration-test/target/test-dir/MiniOzoneClusterImpl-2f79a7d3-d7ae-4963-8370-12bb1e2132d7/datanode-1/data/ratis/78be0f7c-ebb9-4869-a65e-81150c1b35ec has been successfully formatted.
2019-09-26 19:35:52,099 [pool-271-thread-1] INFO  ratis.ContainerStateMachine (ContainerStateMachine.java:loadSnapshot(230)) - group-81150C1B35EC: The snapshot info is null. Setting the last applied indexto:(t:0, i:~)
2019-09-26 19:35:52,099 [pool-271-thread-1] INFO  server.RaftServerConfigKeys (ConfUtils.java:logGet(43)) - raft.server.notification.no-leader.timeout = 120s (custom)
2019-09-26 19:35:52,099 [pool-271-thread-1] INFO  server.RaftServerConfigKeys (ConfUtils.java:logGet(43)) - raft.server.log.use.memory = false (default)
2019-09-26 19:35:52,099 [pool-271-thread-1] INFO  server.RaftServerConfigKeys (ConfUtils.java:logGet(43)) - raft.server.log.purge.gap = 1000000 (custom)
2019-09-26 19:35:52,099 [pool-271-thread-1] INFO  server.RaftServerConfigKeys (ConfUtils.java:logGet(43)) - raft.server.log.appender.buffer.byte-limit = 33554432 (custom)
2019-09-26 19:35:52,099 [pool-271-thread-1] INFO  server.RaftServerConfigKeys (ConfUtils.java:logGet(43)) - raft.server.log.segment.size.max = 1048576 (custom)
2019-09-26 19:35:52,099 [pool-271-thread-1] INFO  server.RaftServerConfigKeys (ConfUtils.java:logGet(43)) - raft.server.log.segment.cache.num.max = 2 (custom)
2019-09-26 19:35:52,099 [pool-271-thread-1] INFO  segmented.SegmentedRaftLogWorker (SegmentedRaftLogWorker.java:<init>(172)) - new 728ea44c-f097-440a-a87e-c27a68d48f14@group-81150C1B35EC-SegmentedRaftLogWorker for RaftStorage:Storage Directory /workdir/hadoop-ozone/integration-test/target/test-dir/MiniOzoneClusterImpl-2f79a7d3-d7ae-4963-8370-12bb1e2132d7/datanode-1/data/ratis/78be0f7c-ebb9-4869-a65e-81150c1b35ec
2019-09-26 19:35:52,099 [pool-271-thread-1] INFO  server.RaftServerConfigKeys (ConfUtils.java:logGet(43)) - raft.server.log.queue.byte-limit = 2147483647 (custom)
2019-09-26 19:35:52,100 [pool-271-thread-1] INFO  server.RaftServerConfigKeys (ConfUtils.java:logGet(43)) - raft.server.log.queue.element-limit = 1024 (custom)
2019-09-26 19:35:52,100 [pool-271-thread-1] INFO  server.RaftServerConfigKeys (ConfUtils.java:logGet(43)) - raft.server.log.segment.size.max = 1048576 (custom)
2019-09-26 19:35:52,100 [pool-271-thread-1] INFO  server.RaftServerConfigKeys (ConfUtils.java:logGet(43)) - raft.server.log.preallocated.size = 16384 (custom)
2019-09-26 19:35:52,100 [pool-271-thread-1] INFO  server.RaftServerConfigKeys (ConfUtils.java:logGet(43)) - raft.server.log.write.buffer.size = 33554432 (custom)
2019-09-26 19:35:52,100 [pool-271-thread-1] INFO  server.RaftServerConfigKeys (ConfUtils.java:logGet(43)) - raft.server.log.force.sync.num = 128 (default)
2019-09-26 19:35:52,100 [pool-271-thread-1] INFO  server.RaftServerConfigKeys (ConfUtils.java:logGet(43)) - raft.server.log.statemachine.data.sync = true (default)
2019-09-26 19:35:52,100 [pool-271-thread-1] INFO  server.RaftServerConfigKeys (ConfUtils.java:logGet(43)) - raft.server.log.statemachine.data.sync.timeout = 10s (default)
2019-09-26 19:35:52,100 [pool-271-thread-1] INFO  server.RaftServerConfigKeys (ConfUtils.java:logGet(43)) - raft.server.log.statemachine.data.sync.timeout.retry = -1 (default)
2019-09-26 19:35:52,100 [pool-271-thread-1] INFO  server.RaftServerConfigKeys (ConfUtils.java:logGet(43)) - raft.server.log.statemachine.data.caching.enabled = true (custom)
2019-09-26 19:35:52,100 [pool-271-thread-1] INFO  segmented.SegmentedRaftLogWorker (SegmentedRaftLogWorker.java:lambda$new$0(132)) - 728ea44c-f097-440a-a87e-c27a68d48f14@group-81150C1B35EC-SegmentedRaftLogWorker: flushIndex: setUnconditionally 0 -> -1
2019-09-26 19:35:52,101 [pool-271-thread-1] INFO  server.RaftServerConfigKeys (ConfUtils.java:logGet(43)) - raft.server.snapshot.auto.trigger.enabled = true (custom)
2019-09-26 19:35:52,101 [pool-271-thread-1] INFO  server.RaftServerConfigKeys (ConfUtils.java:logGet(43)) - raft.server.snapshot.auto.trigger.threshold = 10000 (custom)
2019-09-26 19:35:52,101 [pool-271-thread-1] INFO  server.RaftServerConfigKeys (ConfUtils.java:logGet(43)) - raft.server.snapshot.retention.num.files = 5 (custom)
2019-09-26 19:35:52,101 [pool-271-thread-1] INFO  server.RaftServerConfigKeys (ConfUtils.java:logGet(43)) - raft.server.retrycache.expirytime = 600000ms (custom)
2019-09-26 19:35:52,102 [pool-271-thread-1] INFO  impl.RaftServerImpl (RaftServerImpl.java:start(185)) - 728ea44c-f097-440a-a87e-c27a68d48f14@group-81150C1B35EC: start as a follower, conf=-1: [728ea44c-f097-440a-a87e-c27a68d48f14:192.168.151.99:38783], old=null
2019-09-26 19:35:52,102 [pool-271-thread-1] INFO  impl.RaftServerImpl (RaftServerImpl.java:setRole(174)) - 728ea44c-f097-440a-a87e-c27a68d48f14@group-81150C1B35EC: changes role from      null to FOLLOWER at term 0 for startAsFollower
2019-09-26 19:35:52,102 [pool-271-thread-1] INFO  impl.RoleInfo (RoleInfo.java:updateAndGet(143)) - 728ea44c-f097-440a-a87e-c27a68d48f14: start FollowerState
2019-09-26 19:35:52,103 [pool-271-thread-1] INFO  util.JmxRegister (JmxRegister.java:tryRegister(44)) - Successfully registered JMX Bean with object name Ratis:service=RaftServer,group=group-81150C1B35EC,id=728ea44c-f097-440a-a87e-c27a68d48f14
2019-09-26 19:35:52,104 [RatisPipelineUtilsThread] INFO  pipeline.PipelineStateManager (PipelineStateManager.java:addPipeline(56)) - Created pipeline Pipeline[ Id: 78be0f7c-ebb9-4869-a65e-81150c1b35ec, Nodes: 728ea44c-f097-440a-a87e-c27a68d48f14{ip: 192.168.151.99, host: pr-hdds-1569-g6sp5-2013761785, networkLocation: /rack1, certSerialId: null}, Type:RATIS, Factor:ONE, State:OPEN]
2019-09-26 19:35:52,106 [grpc-default-executor-4] INFO  impl.RaftServerProxy (RaftServerProxy.java:addNew(89)) - 27cb48db-4b88-4c0c-b213-19f9b2fffaff: addNew group-9B0E204FFB32:[27cb48db-4b88-4c0c-b213-19f9b2fffaff:192.168.151.99:37457] returns group-9B0E204FFB32:java.util.concurrent.CompletableFuture@4481d4a5[Not completed]
2019-09-26 19:35:52,108 [pool-261-thread-1] INFO  impl.RaftServerImpl (RaftServerImpl.java:<init>(95)) - 27cb48db-4b88-4c0c-b213-19f9b2fffaff: new RaftServerImpl for group-9B0E204FFB32:[27cb48db-4b88-4c0c-b213-19f9b2fffaff:192.168.151.99:37457] with ContainerStateMachine:uninitialized
2019-09-26 19:35:52,108 [pool-261-thread-1] INFO  server.RaftServerConfigKeys (ConfUtils.java:logGet(43)) - raft.server.rpc.timeout.min = 5s (custom)
2019-09-26 19:35:52,108 [pool-261-thread-1] INFO  server.RaftServerConfigKeys (ConfUtils.java:logGet(43)) - raft.server.rpc.timeout.max = 5200ms (custom)
2019-09-26 19:35:52,108 [pool-261-thread-1] INFO  server.RaftServerConfigKeys (ConfUtils.java:logGet(43)) - raft.server.rpcslowness.timeout = 120s (custom)
2019-09-26 19:35:52,108 [pool-261-thread-1] INFO  server.RaftServerConfigKeys (ConfUtils.java:logGet(43)) - raft.server.sleep.deviation.threshold = 300 (default)
2019-09-26 19:35:52,108 [pool-261-thread-1] INFO  server.RaftServerConfigKeys (ConfUtils.java:logGet(43)) - raft.server.log.appender.install.snapshot.enabled = false (custom)
2019-09-26 19:35:52,108 [pool-261-thread-1] INFO  impl.RaftServerImpl (ServerState.java:<init>(103)) - 27cb48db-4b88-4c0c-b213-19f9b2fffaff@group-9B0E204FFB32: ConfigurationManager, init=-1: [27cb48db-4b88-4c0c-b213-19f9b2fffaff:192.168.151.99:37457], old=null, confs=<EMPTY_MAP>
2019-09-26 19:35:52,108 [pool-261-thread-1] INFO  server.RaftServerConfigKeys (ConfUtils.java:logGet(43)) - raft.server.storage.dir = [/workdir/hadoop-ozone/integration-test/target/test-dir/MiniOzoneClusterImpl-2f79a7d3-d7ae-4963-8370-12bb1e2132d7/datanode-0/data/ratis] (custom)
2019-09-26 19:35:52,109 [pool-261-thread-1] INFO  storage.RaftStorageDirectory (RaftStorageDirectory.java:analyzeStorage(246)) - The storage directory /workdir/hadoop-ozone/integration-test/target/test-dir/MiniOzoneClusterImpl-2f79a7d3-d7ae-4963-8370-12bb1e2132d7/datanode-0/data/ratis/b8ed9450-9b50-4b6b-8535-9b0e204ffb32 does not exist. Creating ...
2019-09-26 19:35:52,114 [pool-261-thread-1] INFO  storage.RaftStorageDirectory (RaftStorageDirectory.java:tryLock(328)) - Lock on /workdir/hadoop-ozone/integration-test/target/test-dir/MiniOzoneClusterImpl-2f79a7d3-d7ae-4963-8370-12bb1e2132d7/datanode-0/data/ratis/b8ed9450-9b50-4b6b-8535-9b0e204ffb32/in_use.lock acquired by nodename 17888@pr-hdds-1569-g6sp5-2013761785
2019-09-26 19:35:52,128 [pool-261-thread-1] INFO  storage.RaftStorage (RaftStorage.java:format(72)) - Storage directory /workdir/hadoop-ozone/integration-test/target/test-dir/MiniOzoneClusterImpl-2f79a7d3-d7ae-4963-8370-12bb1e2132d7/datanode-0/data/ratis/b8ed9450-9b50-4b6b-8535-9b0e204ffb32 has been successfully formatted.
2019-09-26 19:35:52,128 [pool-261-thread-1] INFO  ratis.ContainerStateMachine (ContainerStateMachine.java:loadSnapshot(230)) - group-9B0E204FFB32: The snapshot info is null. Setting the last applied indexto:(t:0, i:~)
2019-09-26 19:35:52,128 [pool-261-thread-1] INFO  server.RaftServerConfigKeys (ConfUtils.java:logGet(43)) - raft.server.notification.no-leader.timeout = 120s (custom)
2019-09-26 19:35:52,129 [pool-261-thread-1] INFO  server.RaftServerConfigKeys (ConfUtils.java:logGet(43)) - raft.server.log.use.memory = false (default)
2019-09-26 19:35:52,129 [pool-261-thread-1] INFO  server.RaftServerConfigKeys (ConfUtils.java:logGet(43)) - raft.server.log.purge.gap = 1000000 (custom)
2019-09-26 19:35:52,129 [pool-261-thread-1] INFO  server.RaftServerConfigKeys (ConfUtils.java:logGet(43)) - raft.server.log.appender.buffer.byte-limit = 33554432 (custom)
2019-09-26 19:35:52,129 [pool-261-thread-1] INFO  server.RaftServerConfigKeys (ConfUtils.java:logGet(43)) - raft.server.log.segment.size.max = 1048576 (custom)
2019-09-26 19:35:52,129 [pool-261-thread-1] INFO  server.RaftServerConfigKeys (ConfUtils.java:logGet(43)) - raft.server.log.segment.cache.num.max = 2 (custom)
2019-09-26 19:35:52,129 [pool-261-thread-1] INFO  segmented.SegmentedRaftLogWorker (SegmentedRaftLogWorker.java:<init>(172)) - new 27cb48db-4b88-4c0c-b213-19f9b2fffaff@group-9B0E204FFB32-SegmentedRaftLogWorker for RaftStorage:Storage Directory /workdir/hadoop-ozone/integration-test/target/test-dir/MiniOzoneClusterImpl-2f79a7d3-d7ae-4963-8370-12bb1e2132d7/datanode-0/data/ratis/b8ed9450-9b50-4b6b-8535-9b0e204ffb32
2019-09-26 19:35:52,130 [pool-261-thread-1] INFO  server.RaftServerConfigKeys (ConfUtils.java:logGet(43)) - raft.server.log.queue.byte-limit = 2147483647 (custom)
2019-09-26 19:35:52,130 [pool-261-thread-1] INFO  server.RaftServerConfigKeys (ConfUtils.java:logGet(43)) - raft.server.log.queue.element-limit = 1024 (custom)
2019-09-26 19:35:52,130 [pool-261-thread-1] INFO  server.RaftServerConfigKeys (ConfUtils.java:logGet(43)) - raft.server.log.segment.size.max = 1048576 (custom)
2019-09-26 19:35:52,130 [pool-261-thread-1] INFO  server.RaftServerConfigKeys (ConfUtils.java:logGet(43)) - raft.server.log.preallocated.size = 16384 (custom)
2019-09-26 19:35:52,130 [pool-261-thread-1] INFO  server.RaftServerConfigKeys (ConfUtils.java:logGet(43)) - raft.server.log.write.buffer.size = 33554432 (custom)
2019-09-26 19:35:52,130 [pool-261-thread-1] INFO  server.RaftServerConfigKeys (ConfUtils.java:logGet(43)) - raft.server.log.force.sync.num = 128 (default)
2019-09-26 19:35:52,131 [pool-261-thread-1] INFO  server.RaftServerConfigKeys (ConfUtils.java:logGet(43)) - raft.server.log.statemachine.data.sync = true (default)
2019-09-26 19:35:52,131 [pool-261-thread-1] INFO  server.RaftServerConfigKeys (ConfUtils.java:logGet(43)) - raft.server.log.statemachine.data.sync.timeout = 10s (default)
2019-09-26 19:35:52,131 [pool-261-thread-1] INFO  server.RaftServerConfigKeys (ConfUtils.java:logGet(43)) - raft.server.log.statemachine.data.sync.timeout.retry = -1 (default)
2019-09-26 19:35:52,131 [pool-261-thread-1] INFO  server.RaftServerConfigKeys (ConfUtils.java:logGet(43)) - raft.server.log.statemachine.data.caching.enabled = true (custom)
2019-09-26 19:35:52,131 [pool-261-thread-1] INFO  segmented.SegmentedRaftLogWorker (SegmentedRaftLogWorker.java:lambda$new$0(132)) - 27cb48db-4b88-4c0c-b213-19f9b2fffaff@group-9B0E204FFB32-SegmentedRaftLogWorker: flushIndex: setUnconditionally 0 -> -1
2019-09-26 19:35:52,132 [pool-261-thread-1] INFO  server.RaftServerConfigKeys (ConfUtils.java:logGet(43)) - raft.server.snapshot.auto.trigger.enabled = true (custom)
2019-09-26 19:35:52,132 [pool-261-thread-1] INFO  server.RaftServerConfigKeys (ConfUtils.java:logGet(43)) - raft.server.snapshot.auto.trigger.threshold = 10000 (custom)
2019-09-26 19:35:52,132 [pool-261-thread-1] INFO  server.RaftServerConfigKeys (ConfUtils.java:logGet(43)) - raft.server.snapshot.retention.num.files = 5 (custom)
2019-09-26 19:35:52,132 [pool-261-thread-1] INFO  server.RaftServerConfigKeys (ConfUtils.java:logGet(43)) - raft.server.retrycache.expirytime = 600000ms (custom)
2019-09-26 19:35:52,134 [pool-261-thread-1] INFO  impl.RaftServerImpl (RaftServerImpl.java:start(185)) - 27cb48db-4b88-4c0c-b213-19f9b2fffaff@group-9B0E204FFB32: start as a follower, conf=-1: [27cb48db-4b88-4c0c-b213-19f9b2fffaff:192.168.151.99:37457], old=null
2019-09-26 19:35:52,134 [pool-261-thread-1] INFO  impl.RaftServerImpl (RaftServerImpl.java:setRole(174)) - 27cb48db-4b88-4c0c-b213-19f9b2fffaff@group-9B0E204FFB32: changes role from      null to FOLLOWER at term 0 for startAsFollower
2019-09-26 19:35:52,134 [pool-261-thread-1] INFO  impl.RoleInfo (RoleInfo.java:updateAndGet(143)) - 27cb48db-4b88-4c0c-b213-19f9b2fffaff: start FollowerState
2019-09-26 19:35:52,135 [pool-261-thread-1] INFO  util.JmxRegister (JmxRegister.java:tryRegister(44)) - Successfully registered JMX Bean with object name Ratis:service=RaftServer,group=group-9B0E204FFB32,id=27cb48db-4b88-4c0c-b213-19f9b2fffaff
2019-09-26 19:35:52,136 [RatisPipelineUtilsThread] INFO  pipeline.PipelineStateManager (PipelineStateManager.java:addPipeline(56)) - Created pipeline Pipeline[ Id: b8ed9450-9b50-4b6b-8535-9b0e204ffb32, Nodes: 27cb48db-4b88-4c0c-b213-19f9b2fffaff{ip: 192.168.151.99, host: pr-hdds-1569-g6sp5-2013761785, networkLocation: /rack1, certSerialId: null}, Type:RATIS, Factor:ONE, State:OPEN]
2019-09-26 19:35:52,138 [grpc-default-executor-4] INFO  impl.RaftServerProxy (RaftServerProxy.java:addNew(89)) - 27cb48db-4b88-4c0c-b213-19f9b2fffaff: addNew group-D1BA8AE37FD0:[27cb48db-4b88-4c0c-b213-19f9b2fffaff:192.168.151.99:37457] returns group-D1BA8AE37FD0:java.util.concurrent.CompletableFuture@663e78a3[Not completed]
2019-09-26 19:35:52,138 [pool-261-thread-1] INFO  impl.RaftServerImpl (RaftServerImpl.java:<init>(95)) - 27cb48db-4b88-4c0c-b213-19f9b2fffaff: new RaftServerImpl for group-D1BA8AE37FD0:[27cb48db-4b88-4c0c-b213-19f9b2fffaff:192.168.151.99:37457] with ContainerStateMachine:uninitialized
2019-09-26 19:35:52,139 [pool-261-thread-1] INFO  server.RaftServerConfigKeys (ConfUtils.java:logGet(43)) - raft.server.rpc.timeout.min = 5s (custom)
2019-09-26 19:35:52,139 [pool-261-thread-1] INFO  server.RaftServerConfigKeys (ConfUtils.java:logGet(43)) - raft.server.rpc.timeout.max = 5200ms (custom)
2019-09-26 19:35:52,139 [pool-261-thread-1] INFO  server.RaftServerConfigKeys (ConfUtils.java:logGet(43)) - raft.server.rpcslowness.timeout = 120s (custom)
2019-09-26 19:35:52,139 [pool-261-thread-1] INFO  server.RaftServerConfigKeys (ConfUtils.java:logGet(43)) - raft.server.sleep.deviation.threshold = 300 (default)
2019-09-26 19:35:52,139 [pool-261-thread-1] INFO  server.RaftServerConfigKeys (ConfUtils.java:logGet(43)) - raft.server.log.appender.install.snapshot.enabled = false (custom)
2019-09-26 19:35:52,139 [pool-261-thread-1] INFO  impl.RaftServerImpl (ServerState.java:<init>(103)) - 27cb48db-4b88-4c0c-b213-19f9b2fffaff@group-D1BA8AE37FD0: ConfigurationManager, init=-1: [27cb48db-4b88-4c0c-b213-19f9b2fffaff:192.168.151.99:37457], old=null, confs=<EMPTY_MAP>
2019-09-26 19:35:52,139 [pool-261-thread-1] INFO  server.RaftServerConfigKeys (ConfUtils.java:logGet(43)) - raft.server.storage.dir = [/workdir/hadoop-ozone/integration-test/target/test-dir/MiniOzoneClusterImpl-2f79a7d3-d7ae-4963-8370-12bb1e2132d7/datanode-0/data/ratis] (custom)
2019-09-26 19:35:52,140 [pool-261-thread-1] INFO  storage.RaftStorageDirectory (RaftStorageDirectory.java:analyzeStorage(246)) - The storage directory /workdir/hadoop-ozone/integration-test/target/test-dir/MiniOzoneClusterImpl-2f79a7d3-d7ae-4963-8370-12bb1e2132d7/datanode-0/data/ratis/e056b104-a93b-421c-95f5-d1ba8ae37fd0 does not exist. Creating ...
2019-09-26 19:35:52,152 [pool-261-thread-1] INFO  storage.RaftStorageDirectory (RaftStorageDirectory.java:tryLock(328)) - Lock on /workdir/hadoop-ozone/integration-test/target/test-dir/MiniOzoneClusterImpl-2f79a7d3-d7ae-4963-8370-12bb1e2132d7/datanode-0/data/ratis/e056b104-a93b-421c-95f5-d1ba8ae37fd0/in_use.lock acquired by nodename 17888@pr-hdds-1569-g6sp5-2013761785
2019-09-26 19:35:52,165 [pool-261-thread-1] INFO  storage.RaftStorage (RaftStorage.java:format(72)) - Storage directory /workdir/hadoop-ozone/integration-test/target/test-dir/MiniOzoneClusterImpl-2f79a7d3-d7ae-4963-8370-12bb1e2132d7/datanode-0/data/ratis/e056b104-a93b-421c-95f5-d1ba8ae37fd0 has been successfully formatted.
2019-09-26 19:35:52,166 [pool-261-thread-1] INFO  ratis.ContainerStateMachine (ContainerStateMachine.java:loadSnapshot(230)) - group-D1BA8AE37FD0: The snapshot info is null. Setting the last applied indexto:(t:0, i:~)
2019-09-26 19:35:52,166 [pool-261-thread-1] INFO  server.RaftServerConfigKeys (ConfUtils.java:logGet(43)) - raft.server.notification.no-leader.timeout = 120s (custom)
2019-09-26 19:35:52,166 [pool-261-thread-1] INFO  server.RaftServerConfigKeys (ConfUtils.java:logGet(43)) - raft.server.log.use.memory = false (default)
2019-09-26 19:35:52,166 [pool-261-thread-1] INFO  server.RaftServerConfigKeys (ConfUtils.java:logGet(43)) - raft.server.log.purge.gap = 1000000 (custom)
2019-09-26 19:35:52,166 [pool-261-thread-1] INFO  server.RaftServerConfigKeys (ConfUtils.java:logGet(43)) - raft.server.log.appender.buffer.byte-limit = 33554432 (custom)
2019-09-26 19:35:52,166 [pool-261-thread-1] INFO  server.RaftServerConfigKeys (ConfUtils.java:logGet(43)) - raft.server.log.segment.size.max = 1048576 (custom)
2019-09-26 19:35:52,167 [pool-261-thread-1] INFO  server.RaftServerConfigKeys (ConfUtils.java:logGet(43)) - raft.server.log.segment.cache.num.max = 2 (custom)
2019-09-26 19:35:52,167 [pool-261-thread-1] INFO  segmented.SegmentedRaftLogWorker (SegmentedRaftLogWorker.java:<init>(172)) - new 27cb48db-4b88-4c0c-b213-19f9b2fffaff@group-D1BA8AE37FD0-SegmentedRaftLogWorker for RaftStorage:Storage Directory /workdir/hadoop-ozone/integration-test/target/test-dir/MiniOzoneClusterImpl-2f79a7d3-d7ae-4963-8370-12bb1e2132d7/datanode-0/data/ratis/e056b104-a93b-421c-95f5-d1ba8ae37fd0
2019-09-26 19:35:52,167 [pool-261-thread-1] INFO  server.RaftServerConfigKeys (ConfUtils.java:logGet(43)) - raft.server.log.queue.byte-limit = 2147483647 (custom)
2019-09-26 19:35:52,167 [pool-261-thread-1] INFO  server.RaftServerConfigKeys (ConfUtils.java:logGet(43)) - raft.server.log.queue.element-limit = 1024 (custom)
2019-09-26 19:35:52,167 [pool-261-thread-1] INFO  server.RaftServerConfigKeys (ConfUtils.java:logGet(43)) - raft.server.log.segment.size.max = 1048576 (custom)
2019-09-26 19:35:52,167 [pool-261-thread-1] INFO  server.RaftServerConfigKeys (ConfUtils.java:logGet(43)) - raft.server.log.preallocated.size = 16384 (custom)
2019-09-26 19:35:52,167 [pool-261-thread-1] INFO  server.RaftServerConfigKeys (ConfUtils.java:logGet(43)) - raft.server.log.write.buffer.size = 33554432 (custom)
2019-09-26 19:35:52,167 [pool-261-thread-1] INFO  server.RaftServerConfigKeys (ConfUtils.java:logGet(43)) - raft.server.log.force.sync.num = 128 (default)
2019-09-26 19:35:52,168 [pool-261-thread-1] INFO  server.RaftServerConfigKeys (ConfUtils.java:logGet(43)) - raft.server.log.statemachine.data.sync = true (default)
2019-09-26 19:35:52,168 [pool-261-thread-1] INFO  server.RaftServerConfigKeys (ConfUtils.java:logGet(43)) - raft.server.log.statemachine.data.sync.timeout = 10s (default)
2019-09-26 19:35:52,168 [pool-261-thread-1] INFO  server.RaftServerConfigKeys (ConfUtils.java:logGet(43)) - raft.server.log.statemachine.data.sync.timeout.retry = -1 (default)
2019-09-26 19:35:52,168 [pool-261-thread-1] INFO  server.RaftServerConfigKeys (ConfUtils.java:logGet(43)) - raft.server.log.statemachine.data.caching.enabled = true (custom)
2019-09-26 19:35:52,168 [pool-261-thread-1] INFO  segmented.SegmentedRaftLogWorker (SegmentedRaftLogWorker.java:lambda$new$0(132)) - 27cb48db-4b88-4c0c-b213-19f9b2fffaff@group-D1BA8AE37FD0-SegmentedRaftLogWorker: flushIndex: setUnconditionally 0 -> -1
2019-09-26 19:35:52,169 [pool-261-thread-1] INFO  server.RaftServerConfigKeys (ConfUtils.java:logGet(43)) - raft.server.snapshot.auto.trigger.enabled = true (custom)
2019-09-26 19:35:52,169 [pool-261-thread-1] INFO  server.RaftServerConfigKeys (ConfUtils.java:logGet(43)) - raft.server.snapshot.auto.trigger.threshold = 10000 (custom)
2019-09-26 19:35:52,169 [pool-261-thread-1] INFO  server.RaftServerConfigKeys (ConfUtils.java:logGet(43)) - raft.server.snapshot.retention.num.files = 5 (custom)
2019-09-26 19:35:52,169 [pool-261-thread-1] INFO  server.RaftServerConfigKeys (ConfUtils.java:logGet(43)) - raft.server.retrycache.expirytime = 600000ms (custom)
2019-09-26 19:35:52,171 [pool-261-thread-1] INFO  impl.RaftServerImpl (RaftServerImpl.java:start(185)) - 27cb48db-4b88-4c0c-b213-19f9b2fffaff@group-D1BA8AE37FD0: start as a follower, conf=-1: [27cb48db-4b88-4c0c-b213-19f9b2fffaff:192.168.151.99:37457], old=null
2019-09-26 19:35:52,171 [pool-261-thread-1] INFO  impl.RaftServerImpl (RaftServerImpl.java:setRole(174)) - 27cb48db-4b88-4c0c-b213-19f9b2fffaff@group-D1BA8AE37FD0: changes role from      null to FOLLOWER at term 0 for startAsFollower
2019-09-26 19:35:52,171 [pool-261-thread-1] INFO  impl.RoleInfo (RoleInfo.java:updateAndGet(143)) - 27cb48db-4b88-4c0c-b213-19f9b2fffaff: start FollowerState
2019-09-26 19:35:52,171 [pool-261-thread-1] INFO  util.JmxRegister (JmxRegister.java:tryRegister(44)) - Successfully registered JMX Bean with object name Ratis:service=RaftServer,group=group-D1BA8AE37FD0,id=27cb48db-4b88-4c0c-b213-19f9b2fffaff
2019-09-26 19:35:52,172 [RatisPipelineUtilsThread] INFO  pipeline.PipelineStateManager (PipelineStateManager.java:addPipeline(56)) - Created pipeline Pipeline[ Id: e056b104-a93b-421c-95f5-d1ba8ae37fd0, Nodes: 27cb48db-4b88-4c0c-b213-19f9b2fffaff{ip: 192.168.151.99, host: pr-hdds-1569-g6sp5-2013761785, networkLocation: /rack1, certSerialId: null}, Type:RATIS, Factor:ONE, State:OPEN]
2019-09-26 19:35:52,175 [grpc-default-executor-4] INFO  impl.RaftServerProxy (RaftServerProxy.java:addNew(89)) - 728ea44c-f097-440a-a87e-c27a68d48f14: addNew group-15CFB16C7267:[728ea44c-f097-440a-a87e-c27a68d48f14:192.168.151.99:38783] returns group-15CFB16C7267:java.util.concurrent.CompletableFuture@14174f30[Not completed]
2019-09-26 19:35:52,175 [pool-271-thread-1] INFO  impl.RaftServerImpl (RaftServerImpl.java:<init>(95)) - 728ea44c-f097-440a-a87e-c27a68d48f14: new RaftServerImpl for group-15CFB16C7267:[728ea44c-f097-440a-a87e-c27a68d48f14:192.168.151.99:38783] with ContainerStateMachine:uninitialized
2019-09-26 19:35:52,176 [pool-271-thread-1] INFO  server.RaftServerConfigKeys (ConfUtils.java:logGet(43)) - raft.server.rpc.timeout.min = 5s (custom)
2019-09-26 19:35:52,176 [pool-271-thread-1] INFO  server.RaftServerConfigKeys (ConfUtils.java:logGet(43)) - raft.server.rpc.timeout.max = 5200ms (custom)
2019-09-26 19:35:52,176 [pool-271-thread-1] INFO  server.RaftServerConfigKeys (ConfUtils.java:logGet(43)) - raft.server.rpcslowness.timeout = 120s (custom)
2019-09-26 19:35:52,176 [pool-271-thread-1] INFO  server.RaftServerConfigKeys (ConfUtils.java:logGet(43)) - raft.server.sleep.deviation.threshold = 300 (default)
2019-09-26 19:35:52,176 [pool-271-thread-1] INFO  server.RaftServerConfigKeys (ConfUtils.java:logGet(43)) - raft.server.log.appender.install.snapshot.enabled = false (custom)
2019-09-26 19:35:52,176 [pool-271-thread-1] INFO  impl.RaftServerImpl (ServerState.java:<init>(103)) - 728ea44c-f097-440a-a87e-c27a68d48f14@group-15CFB16C7267: ConfigurationManager, init=-1: [728ea44c-f097-440a-a87e-c27a68d48f14:192.168.151.99:38783], old=null, confs=<EMPTY_MAP>
2019-09-26 19:35:52,176 [pool-271-thread-1] INFO  server.RaftServerConfigKeys (ConfUtils.java:logGet(43)) - raft.server.storage.dir = [/workdir/hadoop-ozone/integration-test/target/test-dir/MiniOzoneClusterImpl-2f79a7d3-d7ae-4963-8370-12bb1e2132d7/datanode-1/data/ratis] (custom)
2019-09-26 19:35:52,177 [pool-271-thread-1] INFO  storage.RaftStorageDirectory (RaftStorageDirectory.java:analyzeStorage(246)) - The storage directory /workdir/hadoop-ozone/integration-test/target/test-dir/MiniOzoneClusterImpl-2f79a7d3-d7ae-4963-8370-12bb1e2132d7/datanode-1/data/ratis/2576f68e-9e93-4302-a21c-15cfb16c7267 does not exist. Creating ...
2019-09-26 19:35:52,190 [pool-271-thread-1] INFO  storage.RaftStorageDirectory (RaftStorageDirectory.java:tryLock(328)) - Lock on /workdir/hadoop-ozone/integration-test/target/test-dir/MiniOzoneClusterImpl-2f79a7d3-d7ae-4963-8370-12bb1e2132d7/datanode-1/data/ratis/2576f68e-9e93-4302-a21c-15cfb16c7267/in_use.lock acquired by nodename 17888@pr-hdds-1569-g6sp5-2013761785
2019-09-26 19:35:52,203 [pool-271-thread-1] INFO  storage.RaftStorage (RaftStorage.java:format(72)) - Storage directory /workdir/hadoop-ozone/integration-test/target/test-dir/MiniOzoneClusterImpl-2f79a7d3-d7ae-4963-8370-12bb1e2132d7/datanode-1/data/ratis/2576f68e-9e93-4302-a21c-15cfb16c7267 has been successfully formatted.
2019-09-26 19:35:52,204 [pool-271-thread-1] INFO  ratis.ContainerStateMachine (ContainerStateMachine.java:loadSnapshot(230)) - group-15CFB16C7267: The snapshot info is null. Setting the last applied indexto:(t:0, i:~)
2019-09-26 19:35:52,204 [pool-271-thread-1] INFO  server.RaftServerConfigKeys (ConfUtils.java:logGet(43)) - raft.server.notification.no-leader.timeout = 120s (custom)
2019-09-26 19:35:52,204 [pool-271-thread-1] INFO  server.RaftServerConfigKeys (ConfUtils.java:logGet(43)) - raft.server.log.use.memory = false (default)
2019-09-26 19:35:52,204 [pool-271-thread-1] INFO  server.RaftServerConfigKeys (ConfUtils.java:logGet(43)) - raft.server.log.purge.gap = 1000000 (custom)
2019-09-26 19:35:52,204 [pool-271-thread-1] INFO  server.RaftServerConfigKeys (ConfUtils.java:logGet(43)) - raft.server.log.appender.buffer.byte-limit = 33554432 (custom)
2019-09-26 19:35:52,204 [pool-271-thread-1] INFO  server.RaftServerConfigKeys (ConfUtils.java:logGet(43)) - raft.server.log.segment.size.max = 1048576 (custom)
2019-09-26 19:35:52,204 [pool-271-thread-1] INFO  server.RaftServerConfigKeys (ConfUtils.java:logGet(43)) - raft.server.log.segment.cache.num.max = 2 (custom)
2019-09-26 19:35:52,204 [pool-271-thread-1] INFO  segmented.SegmentedRaftLogWorker (SegmentedRaftLogWorker.java:<init>(172)) - new 728ea44c-f097-440a-a87e-c27a68d48f14@group-15CFB16C7267-SegmentedRaftLogWorker for RaftStorage:Storage Directory /workdir/hadoop-ozone/integration-test/target/test-dir/MiniOzoneClusterImpl-2f79a7d3-d7ae-4963-8370-12bb1e2132d7/datanode-1/data/ratis/2576f68e-9e93-4302-a21c-15cfb16c7267
2019-09-26 19:35:52,205 [pool-271-thread-1] INFO  server.RaftServerConfigKeys (ConfUtils.java:logGet(43)) - raft.server.log.queue.byte-limit = 2147483647 (custom)
2019-09-26 19:35:52,205 [pool-271-thread-1] INFO  server.RaftServerConfigKeys (ConfUtils.java:logGet(43)) - raft.server.log.queue.element-limit = 1024 (custom)
2019-09-26 19:35:52,205 [pool-271-thread-1] INFO  server.RaftServerConfigKeys (ConfUtils.java:logGet(43)) - raft.server.log.segment.size.max = 1048576 (custom)
2019-09-26 19:35:52,205 [pool-271-thread-1] INFO  server.RaftServerConfigKeys (ConfUtils.java:logGet(43)) - raft.server.log.preallocated.size = 16384 (custom)
2019-09-26 19:35:52,205 [pool-271-thread-1] INFO  server.RaftServerConfigKeys (ConfUtils.java:logGet(43)) - raft.server.log.write.buffer.size = 33554432 (custom)
2019-09-26 19:35:52,205 [pool-271-thread-1] INFO  server.RaftServerConfigKeys (ConfUtils.java:logGet(43)) - raft.server.log.force.sync.num = 128 (default)
2019-09-26 19:35:52,205 [pool-271-thread-1] INFO  server.RaftServerConfigKeys (ConfUtils.java:logGet(43)) - raft.server.log.statemachine.data.sync = true (default)
2019-09-26 19:35:52,205 [pool-271-thread-1] INFO  server.RaftServerConfigKeys (ConfUtils.java:logGet(43)) - raft.server.log.statemachine.data.sync.timeout = 10s (default)
2019-09-26 19:35:52,206 [pool-271-thread-1] INFO  server.RaftServerConfigKeys (ConfUtils.java:logGet(43)) - raft.server.log.statemachine.data.sync.timeout.retry = -1 (default)
2019-09-26 19:35:52,206 [pool-271-thread-1] INFO  server.RaftServerConfigKeys (ConfUtils.java:logGet(43)) - raft.server.log.statemachine.data.caching.enabled = true (custom)
2019-09-26 19:35:52,206 [pool-271-thread-1] INFO  segmented.SegmentedRaftLogWorker (SegmentedRaftLogWorker.java:lambda$new$0(132)) - 728ea44c-f097-440a-a87e-c27a68d48f14@group-15CFB16C7267-SegmentedRaftLogWorker: flushIndex: setUnconditionally 0 -> -1
2019-09-26 19:35:52,206 [pool-271-thread-1] INFO  server.RaftServerConfigKeys (ConfUtils.java:logGet(43)) - raft.server.snapshot.auto.trigger.enabled = true (custom)
2019-09-26 19:35:52,206 [pool-271-thread-1] INFO  server.RaftServerConfigKeys (ConfUtils.java:logGet(43)) - raft.server.snapshot.auto.trigger.threshold = 10000 (custom)
2019-09-26 19:35:52,206 [pool-271-thread-1] INFO  server.RaftServerConfigKeys (ConfUtils.java:logGet(43)) - raft.server.snapshot.retention.num.files = 5 (custom)
2019-09-26 19:35:52,207 [pool-271-thread-1] INFO  server.RaftServerConfigKeys (ConfUtils.java:logGet(43)) - raft.server.retrycache.expirytime = 600000ms (custom)
2019-09-26 19:35:52,208 [pool-271-thread-1] INFO  impl.RaftServerImpl (RaftServerImpl.java:start(185)) - 728ea44c-f097-440a-a87e-c27a68d48f14@group-15CFB16C7267: start as a follower, conf=-1: [728ea44c-f097-440a-a87e-c27a68d48f14:192.168.151.99:38783], old=null
2019-09-26 19:35:52,208 [pool-271-thread-1] INFO  impl.RaftServerImpl (RaftServerImpl.java:setRole(174)) - 728ea44c-f097-440a-a87e-c27a68d48f14@group-15CFB16C7267: changes role from      null to FOLLOWER at term 0 for startAsFollower
2019-09-26 19:35:52,208 [pool-271-thread-1] INFO  impl.RoleInfo (RoleInfo.java:updateAndGet(143)) - 728ea44c-f097-440a-a87e-c27a68d48f14: start FollowerState
2019-09-26 19:35:52,209 [pool-271-thread-1] INFO  util.JmxRegister (JmxRegister.java:tryRegister(44)) - Successfully registered JMX Bean with object name Ratis:service=RaftServer,group=group-15CFB16C7267,id=728ea44c-f097-440a-a87e-c27a68d48f14
2019-09-26 19:35:52,210 [RatisPipelineUtilsThread] INFO  pipeline.PipelineStateManager (PipelineStateManager.java:addPipeline(56)) - Created pipeline Pipeline[ Id: 2576f68e-9e93-4302-a21c-15cfb16c7267, Nodes: 728ea44c-f097-440a-a87e-c27a68d48f14{ip: 192.168.151.99, host: pr-hdds-1569-g6sp5-2013761785, networkLocation: /rack1, certSerialId: null}, Type:RATIS, Factor:ONE, State:OPEN]
2019-09-26 19:35:52,212 [grpc-default-executor-4] INFO  impl.RaftServerProxy (RaftServerProxy.java:addNew(89)) - 728ea44c-f097-440a-a87e-c27a68d48f14: addNew group-2CC0B6AE6D50:[728ea44c-f097-440a-a87e-c27a68d48f14:192.168.151.99:38783] returns group-2CC0B6AE6D50:java.util.concurrent.CompletableFuture@31fb7ca0[Not completed]
2019-09-26 19:35:52,213 [pool-271-thread-1] INFO  impl.RaftServerImpl (RaftServerImpl.java:<init>(95)) - 728ea44c-f097-440a-a87e-c27a68d48f14: new RaftServerImpl for group-2CC0B6AE6D50:[728ea44c-f097-440a-a87e-c27a68d48f14:192.168.151.99:38783] with ContainerStateMachine:uninitialized
2019-09-26 19:35:52,213 [pool-271-thread-1] INFO  server.RaftServerConfigKeys (ConfUtils.java:logGet(43)) - raft.server.rpc.timeout.min = 5s (custom)
2019-09-26 19:35:52,213 [pool-271-thread-1] INFO  server.RaftServerConfigKeys (ConfUtils.java:logGet(43)) - raft.server.rpc.timeout.max = 5200ms (custom)
2019-09-26 19:35:52,213 [pool-271-thread-1] INFO  server.RaftServerConfigKeys (ConfUtils.java:logGet(43)) - raft.server.rpcslowness.timeout = 120s (custom)
2019-09-26 19:35:52,213 [pool-271-thread-1] INFO  server.RaftServerConfigKeys (ConfUtils.java:logGet(43)) - raft.server.sleep.deviation.threshold = 300 (default)
2019-09-26 19:35:52,213 [pool-271-thread-1] INFO  server.RaftServerConfigKeys (ConfUtils.java:logGet(43)) - raft.server.log.appender.install.snapshot.enabled = false (custom)
2019-09-26 19:35:52,214 [pool-271-thread-1] INFO  impl.RaftServerImpl (ServerState.java:<init>(103)) - 728ea44c-f097-440a-a87e-c27a68d48f14@group-2CC0B6AE6D50: ConfigurationManager, init=-1: [728ea44c-f097-440a-a87e-c27a68d48f14:192.168.151.99:38783], old=null, confs=<EMPTY_MAP>
2019-09-26 19:35:52,214 [pool-271-thread-1] INFO  server.RaftServerConfigKeys (ConfUtils.java:logGet(43)) - raft.server.storage.dir = [/workdir/hadoop-ozone/integration-test/target/test-dir/MiniOzoneClusterImpl-2f79a7d3-d7ae-4963-8370-12bb1e2132d7/datanode-1/data/ratis] (custom)
2019-09-26 19:35:52,214 [pool-271-thread-1] INFO  storage.RaftStorageDirectory (RaftStorageDirectory.java:analyzeStorage(246)) - The storage directory /workdir/hadoop-ozone/integration-test/target/test-dir/MiniOzoneClusterImpl-2f79a7d3-d7ae-4963-8370-12bb1e2132d7/datanode-1/data/ratis/4bb35e23-f93b-430f-9682-2cc0b6ae6d50 does not exist. Creating ...
2019-09-26 19:35:52,227 [pool-271-thread-1] INFO  storage.RaftStorageDirectory (RaftStorageDirectory.java:tryLock(328)) - Lock on /workdir/hadoop-ozone/integration-test/target/test-dir/MiniOzoneClusterImpl-2f79a7d3-d7ae-4963-8370-12bb1e2132d7/datanode-1/data/ratis/4bb35e23-f93b-430f-9682-2cc0b6ae6d50/in_use.lock acquired by nodename 17888@pr-hdds-1569-g6sp5-2013761785
2019-09-26 19:35:52,240 [pool-271-thread-1] INFO  storage.RaftStorage (RaftStorage.java:format(72)) - Storage directory /workdir/hadoop-ozone/integration-test/target/test-dir/MiniOzoneClusterImpl-2f79a7d3-d7ae-4963-8370-12bb1e2132d7/datanode-1/data/ratis/4bb35e23-f93b-430f-9682-2cc0b6ae6d50 has been successfully formatted.
2019-09-26 19:35:52,241 [pool-271-thread-1] INFO  ratis.ContainerStateMachine (ContainerStateMachine.java:loadSnapshot(230)) - group-2CC0B6AE6D50: The snapshot info is null. Setting the last applied indexto:(t:0, i:~)
2019-09-26 19:35:52,241 [pool-271-thread-1] INFO  server.RaftServerConfigKeys (ConfUtils.java:logGet(43)) - raft.server.notification.no-leader.timeout = 120s (custom)
2019-09-26 19:35:52,241 [pool-271-thread-1] INFO  server.RaftServerConfigKeys (ConfUtils.java:logGet(43)) - raft.server.log.use.memory = false (default)
2019-09-26 19:35:52,241 [pool-271-thread-1] INFO  server.RaftServerConfigKeys (ConfUtils.java:logGet(43)) - raft.server.log.purge.gap = 1000000 (custom)
2019-09-26 19:35:52,241 [pool-271-thread-1] INFO  server.RaftServerConfigKeys (ConfUtils.java:logGet(43)) - raft.server.log.appender.buffer.byte-limit = 33554432 (custom)
2019-09-26 19:35:52,241 [pool-271-thread-1] INFO  server.RaftServerConfigKeys (ConfUtils.java:logGet(43)) - raft.server.log.segment.size.max = 1048576 (custom)
2019-09-26 19:35:52,241 [pool-271-thread-1] INFO  server.RaftServerConfigKeys (ConfUtils.java:logGet(43)) - raft.server.log.segment.cache.num.max = 2 (custom)
2019-09-26 19:35:52,241 [pool-271-thread-1] INFO  segmented.SegmentedRaftLogWorker (SegmentedRaftLogWorker.java:<init>(172)) - new 728ea44c-f097-440a-a87e-c27a68d48f14@group-2CC0B6AE6D50-SegmentedRaftLogWorker for RaftStorage:Storage Directory /workdir/hadoop-ozone/integration-test/target/test-dir/MiniOzoneClusterImpl-2f79a7d3-d7ae-4963-8370-12bb1e2132d7/datanode-1/data/ratis/4bb35e23-f93b-430f-9682-2cc0b6ae6d50
2019-09-26 19:35:52,241 [pool-271-thread-1] INFO  server.RaftServerConfigKeys (ConfUtils.java:logGet(43)) - raft.server.log.queue.byte-limit = 2147483647 (custom)
2019-09-26 19:35:52,242 [pool-271-thread-1] INFO  server.RaftServerConfigKeys (ConfUtils.java:logGet(43)) - raft.server.log.queue.element-limit = 1024 (custom)
2019-09-26 19:35:52,242 [pool-271-thread-1] INFO  server.RaftServerConfigKeys (ConfUtils.java:logGet(43)) - raft.server.log.segment.size.max = 1048576 (custom)
2019-09-26 19:35:52,242 [pool-271-thread-1] INFO  server.RaftServerConfigKeys (ConfUtils.java:logGet(43)) - raft.server.log.preallocated.size = 16384 (custom)
2019-09-26 19:35:52,242 [pool-271-thread-1] INFO  server.RaftServerConfigKeys (ConfUtils.java:logGet(43)) - raft.server.log.write.buffer.size = 33554432 (custom)
2019-09-26 19:35:52,242 [pool-271-thread-1] INFO  server.RaftServerConfigKeys (ConfUtils.java:logGet(43)) - raft.server.log.force.sync.num = 128 (default)
2019-09-26 19:35:52,242 [pool-271-thread-1] INFO  server.RaftServerConfigKeys (ConfUtils.java:logGet(43)) - raft.server.log.statemachine.data.sync = true (default)
2019-09-26 19:35:52,242 [pool-271-thread-1] INFO  server.RaftServerConfigKeys (ConfUtils.java:logGet(43)) - raft.server.log.statemachine.data.sync.timeout = 10s (default)
2019-09-26 19:35:52,242 [pool-271-thread-1] INFO  server.RaftServerConfigKeys (ConfUtils.java:logGet(43)) - raft.server.log.statemachine.data.sync.timeout.retry = -1 (default)
2019-09-26 19:35:52,243 [pool-271-thread-1] INFO  server.RaftServerConfigKeys (ConfUtils.java:logGet(43)) - raft.server.log.statemachine.data.caching.enabled = true (custom)
2019-09-26 19:35:52,243 [pool-271-thread-1] INFO  segmented.SegmentedRaftLogWorker (SegmentedRaftLogWorker.java:lambda$new$0(132)) - 728ea44c-f097-440a-a87e-c27a68d48f14@group-2CC0B6AE6D50-SegmentedRaftLogWorker: flushIndex: setUnconditionally 0 -> -1
2019-09-26 19:35:52,243 [pool-271-thread-1] INFO  server.RaftServerConfigKeys (ConfUtils.java:logGet(43)) - raft.server.snapshot.auto.trigger.enabled = true (custom)
2019-09-26 19:35:52,243 [pool-271-thread-1] INFO  server.RaftServerConfigKeys (ConfUtils.java:logGet(43)) - raft.server.snapshot.auto.trigger.threshold = 10000 (custom)
2019-09-26 19:35:52,243 [pool-271-thread-1] INFO  server.RaftServerConfigKeys (ConfUtils.java:logGet(43)) - raft.server.snapshot.retention.num.files = 5 (custom)
2019-09-26 19:35:52,243 [pool-271-thread-1] INFO  server.RaftServerConfigKeys (ConfUtils.java:logGet(43)) - raft.server.retrycache.expirytime = 600000ms (custom)
2019-09-26 19:35:52,245 [pool-271-thread-1] INFO  impl.RaftServerImpl (RaftServerImpl.java:start(185)) - 728ea44c-f097-440a-a87e-c27a68d48f14@group-2CC0B6AE6D50: start as a follower, conf=-1: [728ea44c-f097-440a-a87e-c27a68d48f14:192.168.151.99:38783], old=null
2019-09-26 19:35:52,245 [pool-271-thread-1] INFO  impl.RaftServerImpl (RaftServerImpl.java:setRole(174)) - 728ea44c-f097-440a-a87e-c27a68d48f14@group-2CC0B6AE6D50: changes role from      null to FOLLOWER at term 0 for startAsFollower
2019-09-26 19:35:52,245 [pool-271-thread-1] INFO  impl.RoleInfo (RoleInfo.java:updateAndGet(143)) - 728ea44c-f097-440a-a87e-c27a68d48f14: start FollowerState
2019-09-26 19:35:52,245 [pool-271-thread-1] INFO  util.JmxRegister (JmxRegister.java:tryRegister(44)) - Successfully registered JMX Bean with object name Ratis:service=RaftServer,group=group-2CC0B6AE6D50,id=728ea44c-f097-440a-a87e-c27a68d48f14
2019-09-26 19:35:52,246 [RatisPipelineUtilsThread] INFO  pipeline.PipelineStateManager (PipelineStateManager.java:addPipeline(56)) - Created pipeline Pipeline[ Id: 4bb35e23-f93b-430f-9682-2cc0b6ae6d50, Nodes: 728ea44c-f097-440a-a87e-c27a68d48f14{ip: 192.168.151.99, host: pr-hdds-1569-g6sp5-2013761785, networkLocation: /rack1, certSerialId: null}, Type:RATIS, Factor:ONE, State:OPEN]
2019-09-26 19:35:52,249 [grpc-default-executor-4] INFO  impl.RaftServerProxy (RaftServerProxy.java:addNew(89)) - 27cb48db-4b88-4c0c-b213-19f9b2fffaff: addNew group-3B1BD1A60D37:[27cb48db-4b88-4c0c-b213-19f9b2fffaff:192.168.151.99:37457] returns group-3B1BD1A60D37:java.util.concurrent.CompletableFuture@d35ff14[Not completed]
2019-09-26 19:35:52,250 [pool-261-thread-1] INFO  impl.RaftServerImpl (RaftServerImpl.java:<init>(95)) - 27cb48db-4b88-4c0c-b213-19f9b2fffaff: new RaftServerImpl for group-3B1BD1A60D37:[27cb48db-4b88-4c0c-b213-19f9b2fffaff:192.168.151.99:37457] with ContainerStateMachine:uninitialized
2019-09-26 19:35:52,250 [pool-261-thread-1] INFO  server.RaftServerConfigKeys (ConfUtils.java:logGet(43)) - raft.server.rpc.timeout.min = 5s (custom)
2019-09-26 19:35:52,250 [pool-261-thread-1] INFO  server.RaftServerConfigKeys (ConfUtils.java:logGet(43)) - raft.server.rpc.timeout.max = 5200ms (custom)
2019-09-26 19:35:52,250 [pool-261-thread-1] INFO  server.RaftServerConfigKeys (ConfUtils.java:logGet(43)) - raft.server.rpcslowness.timeout = 120s (custom)
2019-09-26 19:35:52,250 [pool-261-thread-1] INFO  server.RaftServerConfigKeys (ConfUtils.java:logGet(43)) - raft.server.sleep.deviation.threshold = 300 (default)
2019-09-26 19:35:52,250 [pool-261-thread-1] INFO  server.RaftServerConfigKeys (ConfUtils.java:logGet(43)) - raft.server.log.appender.install.snapshot.enabled = false (custom)
2019-09-26 19:35:52,251 [pool-261-thread-1] INFO  impl.RaftServerImpl (ServerState.java:<init>(103)) - 27cb48db-4b88-4c0c-b213-19f9b2fffaff@group-3B1BD1A60D37: ConfigurationManager, init=-1: [27cb48db-4b88-4c0c-b213-19f9b2fffaff:192.168.151.99:37457], old=null, confs=<EMPTY_MAP>
2019-09-26 19:35:52,251 [pool-261-thread-1] INFO  server.RaftServerConfigKeys (ConfUtils.java:logGet(43)) - raft.server.storage.dir = [/workdir/hadoop-ozone/integration-test/target/test-dir/MiniOzoneClusterImpl-2f79a7d3-d7ae-4963-8370-12bb1e2132d7/datanode-0/data/ratis] (custom)
2019-09-26 19:35:52,251 [pool-261-thread-1] INFO  storage.RaftStorageDirectory (RaftStorageDirectory.java:analyzeStorage(246)) - The storage directory /workdir/hadoop-ozone/integration-test/target/test-dir/MiniOzoneClusterImpl-2f79a7d3-d7ae-4963-8370-12bb1e2132d7/datanode-0/data/ratis/b9868a3b-61ba-4383-949c-3b1bd1a60d37 does not exist. Creating ...
2019-09-26 19:35:52,264 [pool-261-thread-1] INFO  storage.RaftStorageDirectory (RaftStorageDirectory.java:tryLock(328)) - Lock on /workdir/hadoop-ozone/integration-test/target/test-dir/MiniOzoneClusterImpl-2f79a7d3-d7ae-4963-8370-12bb1e2132d7/datanode-0/data/ratis/b9868a3b-61ba-4383-949c-3b1bd1a60d37/in_use.lock acquired by nodename 17888@pr-hdds-1569-g6sp5-2013761785
2019-09-26 19:35:52,278 [pool-261-thread-1] INFO  storage.RaftStorage (RaftStorage.java:format(72)) - Storage directory /workdir/hadoop-ozone/integration-test/target/test-dir/MiniOzoneClusterImpl-2f79a7d3-d7ae-4963-8370-12bb1e2132d7/datanode-0/data/ratis/b9868a3b-61ba-4383-949c-3b1bd1a60d37 has been successfully formatted.
2019-09-26 19:35:52,278 [pool-261-thread-1] INFO  ratis.ContainerStateMachine (ContainerStateMachine.java:loadSnapshot(230)) - group-3B1BD1A60D37: The snapshot info is null. Setting the last applied indexto:(t:0, i:~)
2019-09-26 19:35:52,278 [pool-261-thread-1] INFO  server.RaftServerConfigKeys (ConfUtils.java:logGet(43)) - raft.server.notification.no-leader.timeout = 120s (custom)
2019-09-26 19:35:52,278 [pool-261-thread-1] INFO  server.RaftServerConfigKeys (ConfUtils.java:logGet(43)) - raft.server.log.use.memory = false (default)
2019-09-26 19:35:52,278 [pool-261-thread-1] INFO  server.RaftServerConfigKeys (ConfUtils.java:logGet(43)) - raft.server.log.purge.gap = 1000000 (custom)
2019-09-26 19:35:52,278 [pool-261-thread-1] INFO  server.RaftServerConfigKeys (ConfUtils.java:logGet(43)) - raft.server.log.appender.buffer.byte-limit = 33554432 (custom)
2019-09-26 19:35:52,278 [pool-261-thread-1] INFO  server.RaftServerConfigKeys (ConfUtils.java:logGet(43)) - raft.server.log.segment.size.max = 1048576 (custom)
2019-09-26 19:35:52,279 [pool-261-thread-1] INFO  server.RaftServerConfigKeys (ConfUtils.java:logGet(43)) - raft.server.log.segment.cache.num.max = 2 (custom)
2019-09-26 19:35:52,279 [pool-261-thread-1] INFO  segmented.SegmentedRaftLogWorker (SegmentedRaftLogWorker.java:<init>(172)) - new 27cb48db-4b88-4c0c-b213-19f9b2fffaff@group-3B1BD1A60D37-SegmentedRaftLogWorker for RaftStorage:Storage Directory /workdir/hadoop-ozone/integration-test/target/test-dir/MiniOzoneClusterImpl-2f79a7d3-d7ae-4963-8370-12bb1e2132d7/datanode-0/data/ratis/b9868a3b-61ba-4383-949c-3b1bd1a60d37
2019-09-26 19:35:52,279 [pool-261-thread-1] INFO  server.RaftServerConfigKeys (ConfUtils.java:logGet(43)) - raft.server.log.queue.byte-limit = 2147483647 (custom)
2019-09-26 19:35:52,279 [pool-261-thread-1] INFO  server.RaftServerConfigKeys (ConfUtils.java:logGet(43)) - raft.server.log.queue.element-limit = 1024 (custom)
2019-09-26 19:35:52,279 [pool-261-thread-1] INFO  server.RaftServerConfigKeys (ConfUtils.java:logGet(43)) - raft.server.log.segment.size.max = 1048576 (custom)
2019-09-26 19:35:52,279 [pool-261-thread-1] INFO  server.RaftServerConfigKeys (ConfUtils.java:logGet(43)) - raft.server.log.preallocated.size = 16384 (custom)
2019-09-26 19:35:52,279 [pool-261-thread-1] INFO  server.RaftServerConfigKeys (ConfUtils.java:logGet(43)) - raft.server.log.write.buffer.size = 33554432 (custom)
2019-09-26 19:35:52,280 [pool-261-thread-1] INFO  server.RaftServerConfigKeys (ConfUtils.java:logGet(43)) - raft.server.log.force.sync.num = 128 (default)
2019-09-26 19:35:52,280 [pool-261-thread-1] INFO  server.RaftServerConfigKeys (ConfUtils.java:logGet(43)) - raft.server.log.statemachine.data.sync = true (default)
2019-09-26 19:35:52,280 [pool-261-thread-1] INFO  server.RaftServerConfigKeys (ConfUtils.java:logGet(43)) - raft.server.log.statemachine.data.sync.timeout = 10s (default)
2019-09-26 19:35:52,280 [pool-261-thread-1] INFO  server.RaftServerConfigKeys (ConfUtils.java:logGet(43)) - raft.server.log.statemachine.data.sync.timeout.retry = -1 (default)
2019-09-26 19:35:52,280 [pool-261-thread-1] INFO  server.RaftServerConfigKeys (ConfUtils.java:logGet(43)) - raft.server.log.statemachine.data.caching.enabled = true (custom)
2019-09-26 19:35:52,280 [pool-261-thread-1] INFO  segmented.SegmentedRaftLogWorker (SegmentedRaftLogWorker.java:lambda$new$0(132)) - 27cb48db-4b88-4c0c-b213-19f9b2fffaff@group-3B1BD1A60D37-SegmentedRaftLogWorker: flushIndex: setUnconditionally 0 -> -1
2019-09-26 19:35:52,281 [pool-261-thread-1] INFO  server.RaftServerConfigKeys (ConfUtils.java:logGet(43)) - raft.server.snapshot.auto.trigger.enabled = true (custom)
2019-09-26 19:35:52,281 [pool-261-thread-1] INFO  server.RaftServerConfigKeys (ConfUtils.java:logGet(43)) - raft.server.snapshot.auto.trigger.threshold = 10000 (custom)
2019-09-26 19:35:52,281 [pool-261-thread-1] INFO  server.RaftServerConfigKeys (ConfUtils.java:logGet(43)) - raft.server.snapshot.retention.num.files = 5 (custom)
2019-09-26 19:35:52,281 [pool-261-thread-1] INFO  server.RaftServerConfigKeys (ConfUtils.java:logGet(43)) - raft.server.retrycache.expirytime = 600000ms (custom)
2019-09-26 19:35:52,283 [pool-261-thread-1] INFO  impl.RaftServerImpl (RaftServerImpl.java:start(185)) - 27cb48db-4b88-4c0c-b213-19f9b2fffaff@group-3B1BD1A60D37: start as a follower, conf=-1: [27cb48db-4b88-4c0c-b213-19f9b2fffaff:192.168.151.99:37457], old=null
2019-09-26 19:35:52,283 [pool-261-thread-1] INFO  impl.RaftServerImpl (RaftServerImpl.java:setRole(174)) - 27cb48db-4b88-4c0c-b213-19f9b2fffaff@group-3B1BD1A60D37: changes role from      null to FOLLOWER at term 0 for startAsFollower
2019-09-26 19:35:52,283 [pool-261-thread-1] INFO  impl.RoleInfo (RoleInfo.java:updateAndGet(143)) - 27cb48db-4b88-4c0c-b213-19f9b2fffaff: start FollowerState
2019-09-26 19:35:52,284 [pool-261-thread-1] INFO  util.JmxRegister (JmxRegister.java:tryRegister(44)) - Successfully registered JMX Bean with object name Ratis:service=RaftServer,group=group-3B1BD1A60D37,id=27cb48db-4b88-4c0c-b213-19f9b2fffaff
2019-09-26 19:35:52,285 [RatisPipelineUtilsThread] INFO  pipeline.PipelineStateManager (PipelineStateManager.java:addPipeline(56)) - Created pipeline Pipeline[ Id: b9868a3b-61ba-4383-949c-3b1bd1a60d37, Nodes: 27cb48db-4b88-4c0c-b213-19f9b2fffaff{ip: 192.168.151.99, host: pr-hdds-1569-g6sp5-2013761785, networkLocation: /rack1, certSerialId: null}, Type:RATIS, Factor:ONE, State:OPEN]
2019-09-26 19:35:52,287 [grpc-default-executor-4] INFO  impl.RaftServerProxy (RaftServerProxy.java:addNew(89)) - 27cb48db-4b88-4c0c-b213-19f9b2fffaff: addNew group-B217E9D278B4:[27cb48db-4b88-4c0c-b213-19f9b2fffaff:192.168.151.99:37457] returns group-B217E9D278B4:java.util.concurrent.CompletableFuture@6c406d32[Not completed]
2019-09-26 19:35:52,289 [pool-261-thread-1] INFO  impl.RaftServerImpl (RaftServerImpl.java:<init>(95)) - 27cb48db-4b88-4c0c-b213-19f9b2fffaff: new RaftServerImpl for group-B217E9D278B4:[27cb48db-4b88-4c0c-b213-19f9b2fffaff:192.168.151.99:37457] with ContainerStateMachine:uninitialized
2019-09-26 19:35:52,289 [pool-261-thread-1] INFO  server.RaftServerConfigKeys (ConfUtils.java:logGet(43)) - raft.server.rpc.timeout.min = 5s (custom)
2019-09-26 19:35:52,289 [pool-261-thread-1] INFO  server.RaftServerConfigKeys (ConfUtils.java:logGet(43)) - raft.server.rpc.timeout.max = 5200ms (custom)
2019-09-26 19:35:52,289 [pool-261-thread-1] INFO  server.RaftServerConfigKeys (ConfUtils.java:logGet(43)) - raft.server.rpcslowness.timeout = 120s (custom)
2019-09-26 19:35:52,289 [pool-261-thread-1] INFO  server.RaftServerConfigKeys (ConfUtils.java:logGet(43)) - raft.server.sleep.deviation.threshold = 300 (default)
2019-09-26 19:35:52,289 [pool-261-thread-1] INFO  server.RaftServerConfigKeys (ConfUtils.java:logGet(43)) - raft.server.log.appender.install.snapshot.enabled = false (custom)
2019-09-26 19:35:52,289 [pool-261-thread-1] INFO  impl.RaftServerImpl (ServerState.java:<init>(103)) - 27cb48db-4b88-4c0c-b213-19f9b2fffaff@group-B217E9D278B4: ConfigurationManager, init=-1: [27cb48db-4b88-4c0c-b213-19f9b2fffaff:192.168.151.99:37457], old=null, confs=<EMPTY_MAP>
2019-09-26 19:35:52,289 [pool-261-thread-1] INFO  server.RaftServerConfigKeys (ConfUtils.java:logGet(43)) - raft.server.storage.dir = [/workdir/hadoop-ozone/integration-test/target/test-dir/MiniOzoneClusterImpl-2f79a7d3-d7ae-4963-8370-12bb1e2132d7/datanode-0/data/ratis] (custom)
2019-09-26 19:35:52,290 [pool-261-thread-1] INFO  storage.RaftStorageDirectory (RaftStorageDirectory.java:analyzeStorage(246)) - The storage directory /workdir/hadoop-ozone/integration-test/target/test-dir/MiniOzoneClusterImpl-2f79a7d3-d7ae-4963-8370-12bb1e2132d7/datanode-0/data/ratis/f805a861-2245-47a4-bf30-b217e9d278b4 does not exist. Creating ...
2019-09-26 19:35:52,303 [pool-261-thread-1] INFO  storage.RaftStorageDirectory (RaftStorageDirectory.java:tryLock(328)) - Lock on /workdir/hadoop-ozone/integration-test/target/test-dir/MiniOzoneClusterImpl-2f79a7d3-d7ae-4963-8370-12bb1e2132d7/datanode-0/data/ratis/f805a861-2245-47a4-bf30-b217e9d278b4/in_use.lock acquired by nodename 17888@pr-hdds-1569-g6sp5-2013761785
2019-09-26 19:35:52,307 [pool-261-thread-1] INFO  storage.RaftStorage (RaftStorage.java:format(72)) - Storage directory /workdir/hadoop-ozone/integration-test/target/test-dir/MiniOzoneClusterImpl-2f79a7d3-d7ae-4963-8370-12bb1e2132d7/datanode-0/data/ratis/f805a861-2245-47a4-bf30-b217e9d278b4 has been successfully formatted.
2019-09-26 19:35:52,308 [pool-261-thread-1] INFO  ratis.ContainerStateMachine (ContainerStateMachine.java:loadSnapshot(230)) - group-B217E9D278B4: The snapshot info is null. Setting the last applied indexto:(t:0, i:~)
2019-09-26 19:35:52,308 [pool-261-thread-1] INFO  server.RaftServerConfigKeys (ConfUtils.java:logGet(43)) - raft.server.notification.no-leader.timeout = 120s (custom)
2019-09-26 19:35:52,308 [pool-261-thread-1] INFO  server.RaftServerConfigKeys (ConfUtils.java:logGet(43)) - raft.server.log.use.memory = false (default)
2019-09-26 19:35:52,308 [pool-261-thread-1] INFO  server.RaftServerConfigKeys (ConfUtils.java:logGet(43)) - raft.server.log.purge.gap = 1000000 (custom)
2019-09-26 19:35:52,308 [pool-261-thread-1] INFO  server.RaftServerConfigKeys (ConfUtils.java:logGet(43)) - raft.server.log.appender.buffer.byte-limit = 33554432 (custom)
2019-09-26 19:35:52,308 [pool-261-thread-1] INFO  server.RaftServerConfigKeys (ConfUtils.java:logGet(43)) - raft.server.log.segment.size.max = 1048576 (custom)
2019-09-26 19:35:52,308 [pool-261-thread-1] INFO  server.RaftServerConfigKeys (ConfUtils.java:logGet(43)) - raft.server.log.segment.cache.num.max = 2 (custom)
2019-09-26 19:35:52,308 [pool-261-thread-1] INFO  segmented.SegmentedRaftLogWorker (SegmentedRaftLogWorker.java:<init>(172)) - new 27cb48db-4b88-4c0c-b213-19f9b2fffaff@group-B217E9D278B4-SegmentedRaftLogWorker for RaftStorage:Storage Directory /workdir/hadoop-ozone/integration-test/target/test-dir/MiniOzoneClusterImpl-2f79a7d3-d7ae-4963-8370-12bb1e2132d7/datanode-0/data/ratis/f805a861-2245-47a4-bf30-b217e9d278b4
2019-09-26 19:35:52,309 [pool-261-thread-1] INFO  server.RaftServerConfigKeys (ConfUtils.java:logGet(43)) - raft.server.log.queue.byte-limit = 2147483647 (custom)
2019-09-26 19:35:52,309 [pool-261-thread-1] INFO  server.RaftServerConfigKeys (ConfUtils.java:logGet(43)) - raft.server.log.queue.element-limit = 1024 (custom)
2019-09-26 19:35:52,309 [pool-261-thread-1] INFO  server.RaftServerConfigKeys (ConfUtils.java:logGet(43)) - raft.server.log.segment.size.max = 1048576 (custom)
2019-09-26 19:35:52,309 [pool-261-thread-1] INFO  server.RaftServerConfigKeys (ConfUtils.java:logGet(43)) - raft.server.log.preallocated.size = 16384 (custom)
2019-09-26 19:35:52,309 [pool-261-thread-1] INFO  server.RaftServerConfigKeys (ConfUtils.java:logGet(43)) - raft.server.log.write.buffer.size = 33554432 (custom)
2019-09-26 19:35:52,309 [pool-261-thread-1] INFO  server.RaftServerConfigKeys (ConfUtils.java:logGet(43)) - raft.server.log.force.sync.num = 128 (default)
2019-09-26 19:35:52,309 [pool-261-thread-1] INFO  server.RaftServerConfigKeys (ConfUtils.java:logGet(43)) - raft.server.log.statemachine.data.sync = true (default)
2019-09-26 19:35:52,309 [pool-261-thread-1] INFO  server.RaftServerConfigKeys (ConfUtils.java:logGet(43)) - raft.server.log.statemachine.data.sync.timeout = 10s (default)
2019-09-26 19:35:52,310 [pool-261-thread-1] INFO  server.RaftServerConfigKeys (ConfUtils.java:logGet(43)) - raft.server.log.statemachine.data.sync.timeout.retry = -1 (default)
2019-09-26 19:35:52,310 [pool-261-thread-1] INFO  server.RaftServerConfigKeys (ConfUtils.java:logGet(43)) - raft.server.log.statemachine.data.caching.enabled = true (custom)
2019-09-26 19:35:52,310 [pool-261-thread-1] INFO  segmented.SegmentedRaftLogWorker (SegmentedRaftLogWorker.java:lambda$new$0(132)) - 27cb48db-4b88-4c0c-b213-19f9b2fffaff@group-B217E9D278B4-SegmentedRaftLogWorker: flushIndex: setUnconditionally 0 -> -1
2019-09-26 19:35:52,310 [pool-261-thread-1] INFO  server.RaftServerConfigKeys (ConfUtils.java:logGet(43)) - raft.server.snapshot.auto.trigger.enabled = true (custom)
2019-09-26 19:35:52,310 [pool-261-thread-1] INFO  server.RaftServerConfigKeys (ConfUtils.java:logGet(43)) - raft.server.snapshot.auto.trigger.threshold = 10000 (custom)
2019-09-26 19:35:52,311 [pool-261-thread-1] INFO  server.RaftServerConfigKeys (ConfUtils.java:logGet(43)) - raft.server.snapshot.retention.num.files = 5 (custom)
2019-09-26 19:35:52,311 [pool-261-thread-1] INFO  server.RaftServerConfigKeys (ConfUtils.java:logGet(43)) - raft.server.retrycache.expirytime = 600000ms (custom)
2019-09-26 19:35:52,313 [pool-261-thread-1] INFO  impl.RaftServerImpl (RaftServerImpl.java:start(185)) - 27cb48db-4b88-4c0c-b213-19f9b2fffaff@group-B217E9D278B4: start as a follower, conf=-1: [27cb48db-4b88-4c0c-b213-19f9b2fffaff:192.168.151.99:37457], old=null
2019-09-26 19:35:52,313 [pool-261-thread-1] INFO  impl.RaftServerImpl (RaftServerImpl.java:setRole(174)) - 27cb48db-4b88-4c0c-b213-19f9b2fffaff@group-B217E9D278B4: changes role from      null to FOLLOWER at term 0 for startAsFollower
2019-09-26 19:35:52,313 [pool-261-thread-1] INFO  impl.RoleInfo (RoleInfo.java:updateAndGet(143)) - 27cb48db-4b88-4c0c-b213-19f9b2fffaff: start FollowerState
2019-09-26 19:35:52,313 [pool-261-thread-1] INFO  util.JmxRegister (JmxRegister.java:tryRegister(44)) - Successfully registered JMX Bean with object name Ratis:service=RaftServer,group=group-B217E9D278B4,id=27cb48db-4b88-4c0c-b213-19f9b2fffaff
2019-09-26 19:35:52,315 [RatisPipelineUtilsThread] INFO  pipeline.PipelineStateManager (PipelineStateManager.java:addPipeline(56)) - Created pipeline Pipeline[ Id: f805a861-2245-47a4-bf30-b217e9d278b4, Nodes: 27cb48db-4b88-4c0c-b213-19f9b2fffaff{ip: 192.168.151.99, host: pr-hdds-1569-g6sp5-2013761785, networkLocation: /rack1, certSerialId: null}, Type:RATIS, Factor:ONE, State:OPEN]
2019-09-26 19:35:52,326 [grpc-default-executor-4] INFO  impl.RaftServerProxy (RaftServerProxy.java:addNew(89)) - 99aa1396-69c4-4985-9b2a-20430cc4a0a7: addNew group-0DB11BCE1CDB:[99aa1396-69c4-4985-9b2a-20430cc4a0a7:192.168.151.99:40213] returns group-0DB11BCE1CDB:java.util.concurrent.CompletableFuture@61ec27ac[Not completed]
2019-09-26 19:35:52,327 [pool-281-thread-1] INFO  impl.RaftServerImpl (RaftServerImpl.java:<init>(95)) - 99aa1396-69c4-4985-9b2a-20430cc4a0a7: new RaftServerImpl for group-0DB11BCE1CDB:[99aa1396-69c4-4985-9b2a-20430cc4a0a7:192.168.151.99:40213] with ContainerStateMachine:uninitialized
2019-09-26 19:35:52,333 [pool-281-thread-1] INFO  server.RaftServerConfigKeys (ConfUtils.java:logGet(43)) - raft.server.rpc.timeout.min = 5s (custom)
2019-09-26 19:35:52,334 [pool-281-thread-1] INFO  server.RaftServerConfigKeys (ConfUtils.java:logGet(43)) - raft.server.rpc.timeout.max = 5200ms (custom)
2019-09-26 19:35:52,334 [pool-281-thread-1] INFO  server.RaftServerConfigKeys (ConfUtils.java:logGet(43)) - raft.server.rpcslowness.timeout = 120s (custom)
2019-09-26 19:35:52,334 [pool-281-thread-1] INFO  server.RaftServerConfigKeys (ConfUtils.java:logGet(43)) - raft.server.sleep.deviation.threshold = 300 (default)
2019-09-26 19:35:52,334 [pool-281-thread-1] INFO  server.RaftServerConfigKeys (ConfUtils.java:logGet(43)) - raft.server.log.appender.install.snapshot.enabled = false (custom)
2019-09-26 19:35:52,334 [pool-281-thread-1] INFO  impl.RaftServerImpl (ServerState.java:<init>(103)) - 99aa1396-69c4-4985-9b2a-20430cc4a0a7@group-0DB11BCE1CDB: ConfigurationManager, init=-1: [99aa1396-69c4-4985-9b2a-20430cc4a0a7:192.168.151.99:40213], old=null, confs=<EMPTY_MAP>
2019-09-26 19:35:52,334 [pool-281-thread-1] INFO  server.RaftServerConfigKeys (ConfUtils.java:logGet(43)) - raft.server.storage.dir = [/workdir/hadoop-ozone/integration-test/target/test-dir/MiniOzoneClusterImpl-2f79a7d3-d7ae-4963-8370-12bb1e2132d7/datanode-2/data/ratis] (custom)
2019-09-26 19:35:52,335 [pool-281-thread-1] INFO  storage.RaftStorageDirectory (RaftStorageDirectory.java:analyzeStorage(246)) - The storage directory /workdir/hadoop-ozone/integration-test/target/test-dir/MiniOzoneClusterImpl-2f79a7d3-d7ae-4963-8370-12bb1e2132d7/datanode-2/data/ratis/efc32560-71b3-4e84-a0bc-0db11bce1cdb does not exist. Creating ...
2019-09-26 19:35:52,362 [pool-281-thread-1] INFO  storage.RaftStorageDirectory (RaftStorageDirectory.java:tryLock(328)) - Lock on /workdir/hadoop-ozone/integration-test/target/test-dir/MiniOzoneClusterImpl-2f79a7d3-d7ae-4963-8370-12bb1e2132d7/datanode-2/data/ratis/efc32560-71b3-4e84-a0bc-0db11bce1cdb/in_use.lock acquired by nodename 17888@pr-hdds-1569-g6sp5-2013761785
2019-09-26 19:35:52,375 [pool-281-thread-1] INFO  storage.RaftStorage (RaftStorage.java:format(72)) - Storage directory /workdir/hadoop-ozone/integration-test/target/test-dir/MiniOzoneClusterImpl-2f79a7d3-d7ae-4963-8370-12bb1e2132d7/datanode-2/data/ratis/efc32560-71b3-4e84-a0bc-0db11bce1cdb has been successfully formatted.
2019-09-26 19:35:52,375 [pool-281-thread-1] INFO  ratis.ContainerStateMachine (ContainerStateMachine.java:loadSnapshot(230)) - group-0DB11BCE1CDB: The snapshot info is null. Setting the last applied indexto:(t:0, i:~)
2019-09-26 19:35:52,376 [pool-281-thread-1] INFO  server.RaftServerConfigKeys (ConfUtils.java:logGet(43)) - raft.server.notification.no-leader.timeout = 120s (custom)
2019-09-26 19:35:52,376 [pool-281-thread-1] INFO  server.RaftServerConfigKeys (ConfUtils.java:logGet(43)) - raft.server.log.use.memory = false (default)
2019-09-26 19:35:52,376 [pool-281-thread-1] INFO  server.RaftServerConfigKeys (ConfUtils.java:logGet(43)) - raft.server.log.purge.gap = 1000000 (custom)
2019-09-26 19:35:52,376 [pool-281-thread-1] INFO  server.RaftServerConfigKeys (ConfUtils.java:logGet(43)) - raft.server.log.appender.buffer.byte-limit = 33554432 (custom)
2019-09-26 19:35:52,376 [pool-281-thread-1] INFO  server.RaftServerConfigKeys (ConfUtils.java:logGet(43)) - raft.server.log.segment.size.max = 1048576 (custom)
2019-09-26 19:35:52,376 [pool-281-thread-1] INFO  server.RaftServerConfigKeys (ConfUtils.java:logGet(43)) - raft.server.log.segment.cache.num.max = 2 (custom)
2019-09-26 19:35:52,376 [pool-281-thread-1] INFO  segmented.SegmentedRaftLogWorker (SegmentedRaftLogWorker.java:<init>(172)) - new 99aa1396-69c4-4985-9b2a-20430cc4a0a7@group-0DB11BCE1CDB-SegmentedRaftLogWorker for RaftStorage:Storage Directory /workdir/hadoop-ozone/integration-test/target/test-dir/MiniOzoneClusterImpl-2f79a7d3-d7ae-4963-8370-12bb1e2132d7/datanode-2/data/ratis/efc32560-71b3-4e84-a0bc-0db11bce1cdb
2019-09-26 19:35:52,378 [pool-281-thread-1] INFO  server.RaftServerConfigKeys (ConfUtils.java:logGet(43)) - raft.server.log.queue.byte-limit = 2147483647 (custom)
2019-09-26 19:35:52,379 [pool-281-thread-1] INFO  server.RaftServerConfigKeys (ConfUtils.java:logGet(43)) - raft.server.log.queue.element-limit = 1024 (custom)
2019-09-26 19:35:52,379 [pool-281-thread-1] INFO  server.RaftServerConfigKeys (ConfUtils.java:logGet(43)) - raft.server.log.segment.size.max = 1048576 (custom)
2019-09-26 19:35:52,379 [pool-281-thread-1] INFO  server.RaftServerConfigKeys (ConfUtils.java:logGet(43)) - raft.server.log.preallocated.size = 16384 (custom)
2019-09-26 19:35:52,379 [pool-281-thread-1] INFO  server.RaftServerConfigKeys (ConfUtils.java:logGet(43)) - raft.server.log.write.buffer.size = 33554432 (custom)
2019-09-26 19:35:52,379 [pool-281-thread-1] INFO  server.RaftServerConfigKeys (ConfUtils.java:logGet(43)) - raft.server.log.force.sync.num = 128 (default)
2019-09-26 19:35:52,379 [pool-281-thread-1] INFO  server.RaftServerConfigKeys (ConfUtils.java:logGet(43)) - raft.server.log.statemachine.data.sync = true (default)
2019-09-26 19:35:52,379 [pool-281-thread-1] INFO  server.RaftServerConfigKeys (ConfUtils.java:logGet(43)) - raft.server.log.statemachine.data.sync.timeout = 10s (default)
2019-09-26 19:35:52,380 [pool-281-thread-1] INFO  server.RaftServerConfigKeys (ConfUtils.java:logGet(43)) - raft.server.log.statemachine.data.sync.timeout.retry = -1 (default)
2019-09-26 19:35:52,380 [pool-281-thread-1] INFO  server.RaftServerConfigKeys (ConfUtils.java:logGet(43)) - raft.server.log.statemachine.data.caching.enabled = true (custom)
2019-09-26 19:35:52,380 [pool-281-thread-1] INFO  segmented.SegmentedRaftLogWorker (SegmentedRaftLogWorker.java:lambda$new$0(132)) - 99aa1396-69c4-4985-9b2a-20430cc4a0a7@group-0DB11BCE1CDB-SegmentedRaftLogWorker: flushIndex: setUnconditionally 0 -> -1
2019-09-26 19:35:52,381 [pool-281-thread-1] INFO  server.RaftServerConfigKeys (ConfUtils.java:logGet(43)) - raft.server.snapshot.auto.trigger.enabled = true (custom)
2019-09-26 19:35:52,381 [pool-281-thread-1] INFO  server.RaftServerConfigKeys (ConfUtils.java:logGet(43)) - raft.server.snapshot.auto.trigger.threshold = 10000 (custom)
2019-09-26 19:35:52,381 [pool-281-thread-1] INFO  server.RaftServerConfigKeys (ConfUtils.java:logGet(43)) - raft.server.snapshot.retention.num.files = 5 (custom)
2019-09-26 19:35:52,381 [pool-281-thread-1] INFO  server.RaftServerConfigKeys (ConfUtils.java:logGet(43)) - raft.server.retrycache.expirytime = 600000ms (custom)
2019-09-26 19:35:52,383 [pool-281-thread-1] INFO  impl.RaftServerImpl (RaftServerImpl.java:start(185)) - 99aa1396-69c4-4985-9b2a-20430cc4a0a7@group-0DB11BCE1CDB: start as a follower, conf=-1: [99aa1396-69c4-4985-9b2a-20430cc4a0a7:192.168.151.99:40213], old=null
2019-09-26 19:35:52,383 [pool-281-thread-1] INFO  impl.RaftServerImpl (RaftServerImpl.java:setRole(174)) - 99aa1396-69c4-4985-9b2a-20430cc4a0a7@group-0DB11BCE1CDB: changes role from      null to FOLLOWER at term 0 for startAsFollower
2019-09-26 19:35:52,383 [pool-281-thread-1] INFO  impl.RoleInfo (RoleInfo.java:updateAndGet(143)) - 99aa1396-69c4-4985-9b2a-20430cc4a0a7: start FollowerState
2019-09-26 19:35:52,384 [pool-281-thread-1] INFO  util.JmxRegister (JmxRegister.java:tryRegister(44)) - Successfully registered JMX Bean with object name Ratis:service=RaftServer,group=group-0DB11BCE1CDB,id=99aa1396-69c4-4985-9b2a-20430cc4a0a7
2019-09-26 19:35:52,385 [RatisPipelineUtilsThread] INFO  pipeline.PipelineStateManager (PipelineStateManager.java:addPipeline(56)) - Created pipeline Pipeline[ Id: efc32560-71b3-4e84-a0bc-0db11bce1cdb, Nodes: 99aa1396-69c4-4985-9b2a-20430cc4a0a7{ip: 192.168.151.99, host: pr-hdds-1569-g6sp5-2013761785, networkLocation: /rack1, certSerialId: null}, Type:RATIS, Factor:ONE, State:OPEN]
2019-09-26 19:35:52,388 [grpc-default-executor-4] INFO  impl.RaftServerProxy (RaftServerProxy.java:addNew(89)) - 27cb48db-4b88-4c0c-b213-19f9b2fffaff: addNew group-C55E6199EF72:[27cb48db-4b88-4c0c-b213-19f9b2fffaff:192.168.151.99:37457] returns group-C55E6199EF72:java.util.concurrent.CompletableFuture@2e7cd30d[Not completed]
2019-09-26 19:35:52,389 [pool-261-thread-1] INFO  impl.RaftServerImpl (RaftServerImpl.java:<init>(95)) - 27cb48db-4b88-4c0c-b213-19f9b2fffaff: new RaftServerImpl for group-C55E6199EF72:[27cb48db-4b88-4c0c-b213-19f9b2fffaff:192.168.151.99:37457] with ContainerStateMachine:uninitialized
2019-09-26 19:35:52,389 [pool-261-thread-1] INFO  server.RaftServerConfigKeys (ConfUtils.java:logGet(43)) - raft.server.rpc.timeout.min = 5s (custom)
2019-09-26 19:35:52,389 [pool-261-thread-1] INFO  server.RaftServerConfigKeys (ConfUtils.java:logGet(43)) - raft.server.rpc.timeout.max = 5200ms (custom)
2019-09-26 19:35:52,389 [pool-261-thread-1] INFO  server.RaftServerConfigKeys (ConfUtils.java:logGet(43)) - raft.server.rpcslowness.timeout = 120s (custom)
2019-09-26 19:35:52,389 [pool-261-thread-1] INFO  server.RaftServerConfigKeys (ConfUtils.java:logGet(43)) - raft.server.sleep.deviation.threshold = 300 (default)
2019-09-26 19:35:52,389 [pool-261-thread-1] INFO  server.RaftServerConfigKeys (ConfUtils.java:logGet(43)) - raft.server.log.appender.install.snapshot.enabled = false (custom)
2019-09-26 19:35:52,390 [pool-261-thread-1] INFO  impl.RaftServerImpl (ServerState.java:<init>(103)) - 27cb48db-4b88-4c0c-b213-19f9b2fffaff@group-C55E6199EF72: ConfigurationManager, init=-1: [27cb48db-4b88-4c0c-b213-19f9b2fffaff:192.168.151.99:37457], old=null, confs=<EMPTY_MAP>
2019-09-26 19:35:52,390 [pool-261-thread-1] INFO  server.RaftServerConfigKeys (ConfUtils.java:logGet(43)) - raft.server.storage.dir = [/workdir/hadoop-ozone/integration-test/target/test-dir/MiniOzoneClusterImpl-2f79a7d3-d7ae-4963-8370-12bb1e2132d7/datanode-0/data/ratis] (custom)
2019-09-26 19:35:52,390 [pool-261-thread-1] INFO  storage.RaftStorageDirectory (RaftStorageDirectory.java:analyzeStorage(246)) - The storage directory /workdir/hadoop-ozone/integration-test/target/test-dir/MiniOzoneClusterImpl-2f79a7d3-d7ae-4963-8370-12bb1e2132d7/datanode-0/data/ratis/841d7108-4296-44b8-8c01-c55e6199ef72 does not exist. Creating ...
2019-09-26 19:35:52,403 [pool-261-thread-1] INFO  storage.RaftStorageDirectory (RaftStorageDirectory.java:tryLock(328)) - Lock on /workdir/hadoop-ozone/integration-test/target/test-dir/MiniOzoneClusterImpl-2f79a7d3-d7ae-4963-8370-12bb1e2132d7/datanode-0/data/ratis/841d7108-4296-44b8-8c01-c55e6199ef72/in_use.lock acquired by nodename 17888@pr-hdds-1569-g6sp5-2013761785
2019-09-26 19:35:52,416 [pool-261-thread-1] INFO  storage.RaftStorage (RaftStorage.java:format(72)) - Storage directory /workdir/hadoop-ozone/integration-test/target/test-dir/MiniOzoneClusterImpl-2f79a7d3-d7ae-4963-8370-12bb1e2132d7/datanode-0/data/ratis/841d7108-4296-44b8-8c01-c55e6199ef72 has been successfully formatted.
2019-09-26 19:35:52,417 [pool-261-thread-1] INFO  ratis.ContainerStateMachine (ContainerStateMachine.java:loadSnapshot(230)) - group-C55E6199EF72: The snapshot info is null. Setting the last applied indexto:(t:0, i:~)
2019-09-26 19:35:52,417 [pool-261-thread-1] INFO  server.RaftServerConfigKeys (ConfUtils.java:logGet(43)) - raft.server.notification.no-leader.timeout = 120s (custom)
2019-09-26 19:35:52,417 [pool-261-thread-1] INFO  server.RaftServerConfigKeys (ConfUtils.java:logGet(43)) - raft.server.log.use.memory = false (default)
2019-09-26 19:35:52,417 [pool-261-thread-1] INFO  server.RaftServerConfigKeys (ConfUtils.java:logGet(43)) - raft.server.log.purge.gap = 1000000 (custom)
2019-09-26 19:35:52,417 [pool-261-thread-1] INFO  server.RaftServerConfigKeys (ConfUtils.java:logGet(43)) - raft.server.log.appender.buffer.byte-limit = 33554432 (custom)
2019-09-26 19:35:52,417 [pool-261-thread-1] INFO  server.RaftServerConfigKeys (ConfUtils.java:logGet(43)) - raft.server.log.segment.size.max = 1048576 (custom)
2019-09-26 19:35:52,417 [pool-261-thread-1] INFO  server.RaftServerConfigKeys (ConfUtils.java:logGet(43)) - raft.server.log.segment.cache.num.max = 2 (custom)
2019-09-26 19:35:52,418 [pool-261-thread-1] INFO  segmented.SegmentedRaftLogWorker (SegmentedRaftLogWorker.java:<init>(172)) - new 27cb48db-4b88-4c0c-b213-19f9b2fffaff@group-C55E6199EF72-SegmentedRaftLogWorker for RaftStorage:Storage Directory /workdir/hadoop-ozone/integration-test/target/test-dir/MiniOzoneClusterImpl-2f79a7d3-d7ae-4963-8370-12bb1e2132d7/datanode-0/data/ratis/841d7108-4296-44b8-8c01-c55e6199ef72
2019-09-26 19:35:52,418 [pool-261-thread-1] INFO  server.RaftServerConfigKeys (ConfUtils.java:logGet(43)) - raft.server.log.queue.byte-limit = 2147483647 (custom)
2019-09-26 19:35:52,418 [pool-261-thread-1] INFO  server.RaftServerConfigKeys (ConfUtils.java:logGet(43)) - raft.server.log.queue.element-limit = 1024 (custom)
2019-09-26 19:35:52,418 [pool-261-thread-1] INFO  server.RaftServerConfigKeys (ConfUtils.java:logGet(43)) - raft.server.log.segment.size.max = 1048576 (custom)
2019-09-26 19:35:52,418 [pool-261-thread-1] INFO  server.RaftServerConfigKeys (ConfUtils.java:logGet(43)) - raft.server.log.preallocated.size = 16384 (custom)
2019-09-26 19:35:52,418 [pool-261-thread-1] INFO  server.RaftServerConfigKeys (ConfUtils.java:logGet(43)) - raft.server.log.write.buffer.size = 33554432 (custom)
2019-09-26 19:35:52,418 [pool-261-thread-1] INFO  server.RaftServerConfigKeys (ConfUtils.java:logGet(43)) - raft.server.log.force.sync.num = 128 (default)
2019-09-26 19:35:52,418 [pool-261-thread-1] INFO  server.RaftServerConfigKeys (ConfUtils.java:logGet(43)) - raft.server.log.statemachine.data.sync = true (default)
2019-09-26 19:35:52,419 [pool-261-thread-1] INFO  server.RaftServerConfigKeys (ConfUtils.java:logGet(43)) - raft.server.log.statemachine.data.sync.timeout = 10s (default)
2019-09-26 19:35:52,419 [pool-261-thread-1] INFO  server.RaftServerConfigKeys (ConfUtils.java:logGet(43)) - raft.server.log.statemachine.data.sync.timeout.retry = -1 (default)
2019-09-26 19:35:52,419 [pool-261-thread-1] INFO  server.RaftServerConfigKeys (ConfUtils.java:logGet(43)) - raft.server.log.statemachine.data.caching.enabled = true (custom)
2019-09-26 19:35:52,419 [pool-261-thread-1] INFO  segmented.SegmentedRaftLogWorker (SegmentedRaftLogWorker.java:lambda$new$0(132)) - 27cb48db-4b88-4c0c-b213-19f9b2fffaff@group-C55E6199EF72-SegmentedRaftLogWorker: flushIndex: setUnconditionally 0 -> -1
2019-09-26 19:35:52,420 [pool-261-thread-1] INFO  server.RaftServerConfigKeys (ConfUtils.java:logGet(43)) - raft.server.snapshot.auto.trigger.enabled = true (custom)
2019-09-26 19:35:52,420 [pool-261-thread-1] INFO  server.RaftServerConfigKeys (ConfUtils.java:logGet(43)) - raft.server.snapshot.auto.trigger.threshold = 10000 (custom)
2019-09-26 19:35:52,420 [pool-261-thread-1] INFO  server.RaftServerConfigKeys (ConfUtils.java:logGet(43)) - raft.server.snapshot.retention.num.files = 5 (custom)
2019-09-26 19:35:52,420 [pool-261-thread-1] INFO  server.RaftServerConfigKeys (ConfUtils.java:logGet(43)) - raft.server.retrycache.expirytime = 600000ms (custom)
2019-09-26 19:35:52,422 [pool-261-thread-1] INFO  impl.RaftServerImpl (RaftServerImpl.java:start(185)) - 27cb48db-4b88-4c0c-b213-19f9b2fffaff@group-C55E6199EF72: start as a follower, conf=-1: [27cb48db-4b88-4c0c-b213-19f9b2fffaff:192.168.151.99:37457], old=null
2019-09-26 19:35:52,423 [pool-261-thread-1] INFO  impl.RaftServerImpl (RaftServerImpl.java:setRole(174)) - 27cb48db-4b88-4c0c-b213-19f9b2fffaff@group-C55E6199EF72: changes role from      null to FOLLOWER at term 0 for startAsFollower
2019-09-26 19:35:52,423 [pool-261-thread-1] INFO  impl.RoleInfo (RoleInfo.java:updateAndGet(143)) - 27cb48db-4b88-4c0c-b213-19f9b2fffaff: start FollowerState
2019-09-26 19:35:52,423 [pool-261-thread-1] INFO  util.JmxRegister (JmxRegister.java:tryRegister(44)) - Successfully registered JMX Bean with object name Ratis:service=RaftServer,group=group-C55E6199EF72,id=27cb48db-4b88-4c0c-b213-19f9b2fffaff
2019-09-26 19:35:52,425 [RatisPipelineUtilsThread] INFO  pipeline.PipelineStateManager (PipelineStateManager.java:addPipeline(56)) - Created pipeline Pipeline[ Id: 841d7108-4296-44b8-8c01-c55e6199ef72, Nodes: 27cb48db-4b88-4c0c-b213-19f9b2fffaff{ip: 192.168.151.99, host: pr-hdds-1569-g6sp5-2013761785, networkLocation: /rack1, certSerialId: null}, Type:RATIS, Factor:ONE, State:OPEN]
2019-09-26 19:35:52,427 [grpc-default-executor-4] INFO  impl.RaftServerProxy (RaftServerProxy.java:addNew(89)) - 728ea44c-f097-440a-a87e-c27a68d48f14: addNew group-92D00FB65796:[728ea44c-f097-440a-a87e-c27a68d48f14:192.168.151.99:38783] returns group-92D00FB65796:java.util.concurrent.CompletableFuture@50bdd16a[Not completed]
2019-09-26 19:35:52,428 [pool-271-thread-1] INFO  impl.RaftServerImpl (RaftServerImpl.java:<init>(95)) - 728ea44c-f097-440a-a87e-c27a68d48f14: new RaftServerImpl for group-92D00FB65796:[728ea44c-f097-440a-a87e-c27a68d48f14:192.168.151.99:38783] with ContainerStateMachine:uninitialized
2019-09-26 19:35:52,428 [pool-271-thread-1] INFO  server.RaftServerConfigKeys (ConfUtils.java:logGet(43)) - raft.server.rpc.timeout.min = 5s (custom)
2019-09-26 19:35:52,428 [pool-271-thread-1] INFO  server.RaftServerConfigKeys (ConfUtils.java:logGet(43)) - raft.server.rpc.timeout.max = 5200ms (custom)
2019-09-26 19:35:52,428 [pool-271-thread-1] INFO  server.RaftServerConfigKeys (ConfUtils.java:logGet(43)) - raft.server.rpcslowness.timeout = 120s (custom)
2019-09-26 19:35:52,429 [pool-271-thread-1] INFO  server.RaftServerConfigKeys (ConfUtils.java:logGet(43)) - raft.server.sleep.deviation.threshold = 300 (default)
2019-09-26 19:35:52,429 [pool-271-thread-1] INFO  server.RaftServerConfigKeys (ConfUtils.java:logGet(43)) - raft.server.log.appender.install.snapshot.enabled = false (custom)
2019-09-26 19:35:52,429 [pool-271-thread-1] INFO  impl.RaftServerImpl (ServerState.java:<init>(103)) - 728ea44c-f097-440a-a87e-c27a68d48f14@group-92D00FB65796: ConfigurationManager, init=-1: [728ea44c-f097-440a-a87e-c27a68d48f14:192.168.151.99:38783], old=null, confs=<EMPTY_MAP>
2019-09-26 19:35:52,429 [pool-271-thread-1] INFO  server.RaftServerConfigKeys (ConfUtils.java:logGet(43)) - raft.server.storage.dir = [/workdir/hadoop-ozone/integration-test/target/test-dir/MiniOzoneClusterImpl-2f79a7d3-d7ae-4963-8370-12bb1e2132d7/datanode-1/data/ratis] (custom)
2019-09-26 19:35:52,429 [pool-271-thread-1] INFO  storage.RaftStorageDirectory (RaftStorageDirectory.java:analyzeStorage(246)) - The storage directory /workdir/hadoop-ozone/integration-test/target/test-dir/MiniOzoneClusterImpl-2f79a7d3-d7ae-4963-8370-12bb1e2132d7/datanode-1/data/ratis/a99fda9e-d5c1-47ab-8396-92d00fb65796 does not exist. Creating ...
2019-09-26 19:35:52,442 [pool-271-thread-1] INFO  storage.RaftStorageDirectory (RaftStorageDirectory.java:tryLock(328)) - Lock on /workdir/hadoop-ozone/integration-test/target/test-dir/MiniOzoneClusterImpl-2f79a7d3-d7ae-4963-8370-12bb1e2132d7/datanode-1/data/ratis/a99fda9e-d5c1-47ab-8396-92d00fb65796/in_use.lock acquired by nodename 17888@pr-hdds-1569-g6sp5-2013761785
2019-09-26 19:35:52,456 [pool-271-thread-1] INFO  storage.RaftStorage (RaftStorage.java:format(72)) - Storage directory /workdir/hadoop-ozone/integration-test/target/test-dir/MiniOzoneClusterImpl-2f79a7d3-d7ae-4963-8370-12bb1e2132d7/datanode-1/data/ratis/a99fda9e-d5c1-47ab-8396-92d00fb65796 has been successfully formatted.
2019-09-26 19:35:52,456 [pool-271-thread-1] INFO  ratis.ContainerStateMachine (ContainerStateMachine.java:loadSnapshot(230)) - group-92D00FB65796: The snapshot info is null. Setting the last applied indexto:(t:0, i:~)
2019-09-26 19:35:52,456 [pool-271-thread-1] INFO  server.RaftServerConfigKeys (ConfUtils.java:logGet(43)) - raft.server.notification.no-leader.timeout = 120s (custom)
2019-09-26 19:35:52,457 [pool-271-thread-1] INFO  server.RaftServerConfigKeys (ConfUtils.java:logGet(43)) - raft.server.log.use.memory = false (default)
2019-09-26 19:35:52,457 [pool-271-thread-1] INFO  server.RaftServerConfigKeys (ConfUtils.java:logGet(43)) - raft.server.log.purge.gap = 1000000 (custom)
2019-09-26 19:35:52,457 [pool-271-thread-1] INFO  server.RaftServerConfigKeys (ConfUtils.java:logGet(43)) - raft.server.log.appender.buffer.byte-limit = 33554432 (custom)
2019-09-26 19:35:52,457 [pool-271-thread-1] INFO  server.RaftServerConfigKeys (ConfUtils.java:logGet(43)) - raft.server.log.segment.size.max = 1048576 (custom)
2019-09-26 19:35:52,457 [pool-271-thread-1] INFO  server.RaftServerConfigKeys (ConfUtils.java:logGet(43)) - raft.server.log.segment.cache.num.max = 2 (custom)
2019-09-26 19:35:52,457 [pool-271-thread-1] INFO  segmented.SegmentedRaftLogWorker (SegmentedRaftLogWorker.java:<init>(172)) - new 728ea44c-f097-440a-a87e-c27a68d48f14@group-92D00FB65796-SegmentedRaftLogWorker for RaftStorage:Storage Directory /workdir/hadoop-ozone/integration-test/target/test-dir/MiniOzoneClusterImpl-2f79a7d3-d7ae-4963-8370-12bb1e2132d7/datanode-1/data/ratis/a99fda9e-d5c1-47ab-8396-92d00fb65796
2019-09-26 19:35:52,457 [pool-271-thread-1] INFO  server.RaftServerConfigKeys (ConfUtils.java:logGet(43)) - raft.server.log.queue.byte-limit = 2147483647 (custom)
2019-09-26 19:35:52,457 [pool-271-thread-1] INFO  server.RaftServerConfigKeys (ConfUtils.java:logGet(43)) - raft.server.log.queue.element-limit = 1024 (custom)
2019-09-26 19:35:52,458 [pool-271-thread-1] INFO  server.RaftServerConfigKeys (ConfUtils.java:logGet(43)) - raft.server.log.segment.size.max = 1048576 (custom)
2019-09-26 19:35:52,458 [pool-271-thread-1] INFO  server.RaftServerConfigKeys (ConfUtils.java:logGet(43)) - raft.server.log.preallocated.size = 16384 (custom)
2019-09-26 19:35:52,458 [pool-271-thread-1] INFO  server.RaftServerConfigKeys (ConfUtils.java:logGet(43)) - raft.server.log.write.buffer.size = 33554432 (custom)
2019-09-26 19:35:52,458 [pool-271-thread-1] INFO  server.RaftServerConfigKeys (ConfUtils.java:logGet(43)) - raft.server.log.force.sync.num = 128 (default)
2019-09-26 19:35:52,458 [pool-271-thread-1] INFO  server.RaftServerConfigKeys (ConfUtils.java:logGet(43)) - raft.server.log.statemachine.data.sync = true (default)
2019-09-26 19:35:52,458 [pool-271-thread-1] INFO  server.RaftServerConfigKeys (ConfUtils.java:logGet(43)) - raft.server.log.statemachine.data.sync.timeout = 10s (default)
2019-09-26 19:35:52,458 [pool-271-thread-1] INFO  server.RaftServerConfigKeys (ConfUtils.java:logGet(43)) - raft.server.log.statemachine.data.sync.timeout.retry = -1 (default)
2019-09-26 19:35:52,458 [pool-271-thread-1] INFO  server.RaftServerConfigKeys (ConfUtils.java:logGet(43)) - raft.server.log.statemachine.data.caching.enabled = true (custom)
2019-09-26 19:35:52,459 [pool-271-thread-1] INFO  segmented.SegmentedRaftLogWorker (SegmentedRaftLogWorker.java:lambda$new$0(132)) - 728ea44c-f097-440a-a87e-c27a68d48f14@group-92D00FB65796-SegmentedRaftLogWorker: flushIndex: setUnconditionally 0 -> -1
2019-09-26 19:35:52,459 [pool-271-thread-1] INFO  server.RaftServerConfigKeys (ConfUtils.java:logGet(43)) - raft.server.snapshot.auto.trigger.enabled = true (custom)
2019-09-26 19:35:52,459 [pool-271-thread-1] INFO  server.RaftServerConfigKeys (ConfUtils.java:logGet(43)) - raft.server.snapshot.auto.trigger.threshold = 10000 (custom)
2019-09-26 19:35:52,459 [pool-271-thread-1] INFO  server.RaftServerConfigKeys (ConfUtils.java:logGet(43)) - raft.server.snapshot.retention.num.files = 5 (custom)
2019-09-26 19:35:52,459 [pool-271-thread-1] INFO  server.RaftServerConfigKeys (ConfUtils.java:logGet(43)) - raft.server.retrycache.expirytime = 600000ms (custom)
2019-09-26 19:35:52,461 [pool-271-thread-1] INFO  impl.RaftServerImpl (RaftServerImpl.java:start(185)) - 728ea44c-f097-440a-a87e-c27a68d48f14@group-92D00FB65796: start as a follower, conf=-1: [728ea44c-f097-440a-a87e-c27a68d48f14:192.168.151.99:38783], old=null
2019-09-26 19:35:52,461 [pool-271-thread-1] INFO  impl.RaftServerImpl (RaftServerImpl.java:setRole(174)) - 728ea44c-f097-440a-a87e-c27a68d48f14@group-92D00FB65796: changes role from      null to FOLLOWER at term 0 for startAsFollower
2019-09-26 19:35:52,461 [pool-271-thread-1] INFO  impl.RoleInfo (RoleInfo.java:updateAndGet(143)) - 728ea44c-f097-440a-a87e-c27a68d48f14: start FollowerState
2019-09-26 19:35:52,461 [pool-271-thread-1] INFO  util.JmxRegister (JmxRegister.java:tryRegister(44)) - Successfully registered JMX Bean with object name Ratis:service=RaftServer,group=group-92D00FB65796,id=728ea44c-f097-440a-a87e-c27a68d48f14
2019-09-26 19:35:52,463 [RatisPipelineUtilsThread] INFO  pipeline.PipelineStateManager (PipelineStateManager.java:addPipeline(56)) - Created pipeline Pipeline[ Id: a99fda9e-d5c1-47ab-8396-92d00fb65796, Nodes: 728ea44c-f097-440a-a87e-c27a68d48f14{ip: 192.168.151.99, host: pr-hdds-1569-g6sp5-2013761785, networkLocation: /rack1, certSerialId: null}, Type:RATIS, Factor:ONE, State:OPEN]
2019-09-26 19:35:52,465 [grpc-default-executor-4] INFO  impl.RaftServerProxy (RaftServerProxy.java:addNew(89)) - 27cb48db-4b88-4c0c-b213-19f9b2fffaff: addNew group-C5FEA7559FC2:[27cb48db-4b88-4c0c-b213-19f9b2fffaff:192.168.151.99:37457] returns group-C5FEA7559FC2:java.util.concurrent.CompletableFuture@4118daac[Not completed]
2019-09-26 19:35:52,466 [pool-261-thread-1] INFO  impl.RaftServerImpl (RaftServerImpl.java:<init>(95)) - 27cb48db-4b88-4c0c-b213-19f9b2fffaff: new RaftServerImpl for group-C5FEA7559FC2:[27cb48db-4b88-4c0c-b213-19f9b2fffaff:192.168.151.99:37457] with ContainerStateMachine:uninitialized
2019-09-26 19:35:52,466 [pool-261-thread-1] INFO  server.RaftServerConfigKeys (ConfUtils.java:logGet(43)) - raft.server.rpc.timeout.min = 5s (custom)
2019-09-26 19:35:52,466 [pool-261-thread-1] INFO  server.RaftServerConfigKeys (ConfUtils.java:logGet(43)) - raft.server.rpc.timeout.max = 5200ms (custom)
2019-09-26 19:35:52,466 [pool-261-thread-1] INFO  server.RaftServerConfigKeys (ConfUtils.java:logGet(43)) - raft.server.rpcslowness.timeout = 120s (custom)
2019-09-26 19:35:52,466 [pool-261-thread-1] INFO  server.RaftServerConfigKeys (ConfUtils.java:logGet(43)) - raft.server.sleep.deviation.threshold = 300 (default)
2019-09-26 19:35:52,467 [pool-261-thread-1] INFO  server.RaftServerConfigKeys (ConfUtils.java:logGet(43)) - raft.server.log.appender.install.snapshot.enabled = false (custom)
2019-09-26 19:35:52,467 [pool-261-thread-1] INFO  impl.RaftServerImpl (ServerState.java:<init>(103)) - 27cb48db-4b88-4c0c-b213-19f9b2fffaff@group-C5FEA7559FC2: ConfigurationManager, init=-1: [27cb48db-4b88-4c0c-b213-19f9b2fffaff:192.168.151.99:37457], old=null, confs=<EMPTY_MAP>
2019-09-26 19:35:52,467 [pool-261-thread-1] INFO  server.RaftServerConfigKeys (ConfUtils.java:logGet(43)) - raft.server.storage.dir = [/workdir/hadoop-ozone/integration-test/target/test-dir/MiniOzoneClusterImpl-2f79a7d3-d7ae-4963-8370-12bb1e2132d7/datanode-0/data/ratis] (custom)
2019-09-26 19:35:52,467 [pool-261-thread-1] INFO  storage.RaftStorageDirectory (RaftStorageDirectory.java:analyzeStorage(246)) - The storage directory /workdir/hadoop-ozone/integration-test/target/test-dir/MiniOzoneClusterImpl-2f79a7d3-d7ae-4963-8370-12bb1e2132d7/datanode-0/data/ratis/4e2edf76-7669-4c7a-b6c5-c5fea7559fc2 does not exist. Creating ...
2019-09-26 19:35:52,480 [pool-261-thread-1] INFO  storage.RaftStorageDirectory (RaftStorageDirectory.java:tryLock(328)) - Lock on /workdir/hadoop-ozone/integration-test/target/test-dir/MiniOzoneClusterImpl-2f79a7d3-d7ae-4963-8370-12bb1e2132d7/datanode-0/data/ratis/4e2edf76-7669-4c7a-b6c5-c5fea7559fc2/in_use.lock acquired by nodename 17888@pr-hdds-1569-g6sp5-2013761785
2019-09-26 19:35:52,494 [pool-261-thread-1] INFO  storage.RaftStorage (RaftStorage.java:format(72)) - Storage directory /workdir/hadoop-ozone/integration-test/target/test-dir/MiniOzoneClusterImpl-2f79a7d3-d7ae-4963-8370-12bb1e2132d7/datanode-0/data/ratis/4e2edf76-7669-4c7a-b6c5-c5fea7559fc2 has been successfully formatted.
2019-09-26 19:35:52,494 [pool-261-thread-1] INFO  ratis.ContainerStateMachine (ContainerStateMachine.java:loadSnapshot(230)) - group-C5FEA7559FC2: The snapshot info is null. Setting the last applied indexto:(t:0, i:~)
2019-09-26 19:35:52,494 [pool-261-thread-1] INFO  server.RaftServerConfigKeys (ConfUtils.java:logGet(43)) - raft.server.notification.no-leader.timeout = 120s (custom)
2019-09-26 19:35:52,494 [pool-261-thread-1] INFO  server.RaftServerConfigKeys (ConfUtils.java:logGet(43)) - raft.server.log.use.memory = false (default)
2019-09-26 19:35:52,494 [pool-261-thread-1] INFO  server.RaftServerConfigKeys (ConfUtils.java:logGet(43)) - raft.server.log.purge.gap = 1000000 (custom)
2019-09-26 19:35:52,494 [pool-261-thread-1] INFO  server.RaftServerConfigKeys (ConfUtils.java:logGet(43)) - raft.server.log.appender.buffer.byte-limit = 33554432 (custom)
2019-09-26 19:35:52,495 [pool-261-thread-1] INFO  server.RaftServerConfigKeys (ConfUtils.java:logGet(43)) - raft.server.log.segment.size.max = 1048576 (custom)
2019-09-26 19:35:52,495 [pool-261-thread-1] INFO  server.RaftServerConfigKeys (ConfUtils.java:logGet(43)) - raft.server.log.segment.cache.num.max = 2 (custom)
2019-09-26 19:35:52,495 [pool-261-thread-1] INFO  segmented.SegmentedRaftLogWorker (SegmentedRaftLogWorker.java:<init>(172)) - new 27cb48db-4b88-4c0c-b213-19f9b2fffaff@group-C5FEA7559FC2-SegmentedRaftLogWorker for RaftStorage:Storage Directory /workdir/hadoop-ozone/integration-test/target/test-dir/MiniOzoneClusterImpl-2f79a7d3-d7ae-4963-8370-12bb1e2132d7/datanode-0/data/ratis/4e2edf76-7669-4c7a-b6c5-c5fea7559fc2
2019-09-26 19:35:52,495 [pool-261-thread-1] INFO  server.RaftServerConfigKeys (ConfUtils.java:logGet(43)) - raft.server.log.queue.byte-limit = 2147483647 (custom)
2019-09-26 19:35:52,495 [pool-261-thread-1] INFO  server.RaftServerConfigKeys (ConfUtils.java:logGet(43)) - raft.server.log.queue.element-limit = 1024 (custom)
2019-09-26 19:35:52,495 [pool-261-thread-1] INFO  server.RaftServerConfigKeys (ConfUtils.java:logGet(43)) - raft.server.log.segment.size.max = 1048576 (custom)
2019-09-26 19:35:52,495 [pool-261-thread-1] INFO  server.RaftServerConfigKeys (ConfUtils.java:logGet(43)) - raft.server.log.preallocated.size = 16384 (custom)
2019-09-26 19:35:52,495 [pool-261-thread-1] INFO  server.RaftServerConfigKeys (ConfUtils.java:logGet(43)) - raft.server.log.write.buffer.size = 33554432 (custom)
2019-09-26 19:35:52,495 [pool-261-thread-1] INFO  server.RaftServerConfigKeys (ConfUtils.java:logGet(43)) - raft.server.log.force.sync.num = 128 (default)
2019-09-26 19:35:52,496 [pool-261-thread-1] INFO  server.RaftServerConfigKeys (ConfUtils.java:logGet(43)) - raft.server.log.statemachine.data.sync = true (default)
2019-09-26 19:35:52,496 [pool-261-thread-1] INFO  server.RaftServerConfigKeys (ConfUtils.java:logGet(43)) - raft.server.log.statemachine.data.sync.timeout = 10s (default)
2019-09-26 19:35:52,496 [pool-261-thread-1] INFO  server.RaftServerConfigKeys (ConfUtils.java:logGet(43)) - raft.server.log.statemachine.data.sync.timeout.retry = -1 (default)
2019-09-26 19:35:52,496 [pool-261-thread-1] INFO  server.RaftServerConfigKeys (ConfUtils.java:logGet(43)) - raft.server.log.statemachine.data.caching.enabled = true (custom)
2019-09-26 19:35:52,496 [pool-261-thread-1] INFO  segmented.SegmentedRaftLogWorker (SegmentedRaftLogWorker.java:lambda$new$0(132)) - 27cb48db-4b88-4c0c-b213-19f9b2fffaff@group-C5FEA7559FC2-SegmentedRaftLogWorker: flushIndex: setUnconditionally 0 -> -1
2019-09-26 19:35:52,496 [pool-261-thread-1] INFO  server.RaftServerConfigKeys (ConfUtils.java:logGet(43)) - raft.server.snapshot.auto.trigger.enabled = true (custom)
2019-09-26 19:35:52,497 [pool-261-thread-1] INFO  server.RaftServerConfigKeys (ConfUtils.java:logGet(43)) - raft.server.snapshot.auto.trigger.threshold = 10000 (custom)
2019-09-26 19:35:52,497 [pool-261-thread-1] INFO  server.RaftServerConfigKeys (ConfUtils.java:logGet(43)) - raft.server.snapshot.retention.num.files = 5 (custom)
2019-09-26 19:35:52,497 [pool-261-thread-1] INFO  server.RaftServerConfigKeys (ConfUtils.java:logGet(43)) - raft.server.retrycache.expirytime = 600000ms (custom)
2019-09-26 19:35:52,498 [pool-261-thread-1] INFO  impl.RaftServerImpl (RaftServerImpl.java:start(185)) - 27cb48db-4b88-4c0c-b213-19f9b2fffaff@group-C5FEA7559FC2: start as a follower, conf=-1: [27cb48db-4b88-4c0c-b213-19f9b2fffaff:192.168.151.99:37457], old=null
2019-09-26 19:35:52,498 [pool-261-thread-1] INFO  impl.RaftServerImpl (RaftServerImpl.java:setRole(174)) - 27cb48db-4b88-4c0c-b213-19f9b2fffaff@group-C5FEA7559FC2: changes role from      null to FOLLOWER at term 0 for startAsFollower
2019-09-26 19:35:52,499 [pool-261-thread-1] INFO  impl.RoleInfo (RoleInfo.java:updateAndGet(143)) - 27cb48db-4b88-4c0c-b213-19f9b2fffaff: start FollowerState
2019-09-26 19:35:52,499 [pool-261-thread-1] INFO  util.JmxRegister (JmxRegister.java:tryRegister(44)) - Successfully registered JMX Bean with object name Ratis:service=RaftServer,group=group-C5FEA7559FC2,id=27cb48db-4b88-4c0c-b213-19f9b2fffaff
2019-09-26 19:35:52,500 [RatisPipelineUtilsThread] INFO  pipeline.PipelineStateManager (PipelineStateManager.java:addPipeline(56)) - Created pipeline Pipeline[ Id: 4e2edf76-7669-4c7a-b6c5-c5fea7559fc2, Nodes: 27cb48db-4b88-4c0c-b213-19f9b2fffaff{ip: 192.168.151.99, host: pr-hdds-1569-g6sp5-2013761785, networkLocation: /rack1, certSerialId: null}, Type:RATIS, Factor:ONE, State:OPEN]
2019-09-26 19:35:52,502 [grpc-default-executor-4] INFO  impl.RaftServerProxy (RaftServerProxy.java:addNew(89)) - 27cb48db-4b88-4c0c-b213-19f9b2fffaff: addNew group-B2A1FD65C529:[27cb48db-4b88-4c0c-b213-19f9b2fffaff:192.168.151.99:37457] returns group-B2A1FD65C529:java.util.concurrent.CompletableFuture@4da246a0[Not completed]
2019-09-26 19:35:52,503 [pool-261-thread-1] INFO  impl.RaftServerImpl (RaftServerImpl.java:<init>(95)) - 27cb48db-4b88-4c0c-b213-19f9b2fffaff: new RaftServerImpl for group-B2A1FD65C529:[27cb48db-4b88-4c0c-b213-19f9b2fffaff:192.168.151.99:37457] with ContainerStateMachine:uninitialized
2019-09-26 19:35:52,503 [pool-261-thread-1] INFO  server.RaftServerConfigKeys (ConfUtils.java:logGet(43)) - raft.server.rpc.timeout.min = 5s (custom)
2019-09-26 19:35:52,503 [pool-261-thread-1] INFO  server.RaftServerConfigKeys (ConfUtils.java:logGet(43)) - raft.server.rpc.timeout.max = 5200ms (custom)
2019-09-26 19:35:52,503 [pool-261-thread-1] INFO  server.RaftServerConfigKeys (ConfUtils.java:logGet(43)) - raft.server.rpcslowness.timeout = 120s (custom)
2019-09-26 19:35:52,503 [pool-261-thread-1] INFO  server.RaftServerConfigKeys (ConfUtils.java:logGet(43)) - raft.server.sleep.deviation.threshold = 300 (default)
2019-09-26 19:35:52,503 [pool-261-thread-1] INFO  server.RaftServerConfigKeys (ConfUtils.java:logGet(43)) - raft.server.log.appender.install.snapshot.enabled = false (custom)
2019-09-26 19:35:52,504 [pool-261-thread-1] INFO  impl.RaftServerImpl (ServerState.java:<init>(103)) - 27cb48db-4b88-4c0c-b213-19f9b2fffaff@group-B2A1FD65C529: ConfigurationManager, init=-1: [27cb48db-4b88-4c0c-b213-19f9b2fffaff:192.168.151.99:37457], old=null, confs=<EMPTY_MAP>
2019-09-26 19:35:52,504 [pool-261-thread-1] INFO  server.RaftServerConfigKeys (ConfUtils.java:logGet(43)) - raft.server.storage.dir = [/workdir/hadoop-ozone/integration-test/target/test-dir/MiniOzoneClusterImpl-2f79a7d3-d7ae-4963-8370-12bb1e2132d7/datanode-0/data/ratis] (custom)
2019-09-26 19:35:52,504 [pool-261-thread-1] INFO  storage.RaftStorageDirectory (RaftStorageDirectory.java:analyzeStorage(246)) - The storage directory /workdir/hadoop-ozone/integration-test/target/test-dir/MiniOzoneClusterImpl-2f79a7d3-d7ae-4963-8370-12bb1e2132d7/datanode-0/data/ratis/5178b94e-bd72-42ff-911d-b2a1fd65c529 does not exist. Creating ...
2019-09-26 19:35:52,517 [pool-261-thread-1] INFO  storage.RaftStorageDirectory (RaftStorageDirectory.java:tryLock(328)) - Lock on /workdir/hadoop-ozone/integration-test/target/test-dir/MiniOzoneClusterImpl-2f79a7d3-d7ae-4963-8370-12bb1e2132d7/datanode-0/data/ratis/5178b94e-bd72-42ff-911d-b2a1fd65c529/in_use.lock acquired by nodename 17888@pr-hdds-1569-g6sp5-2013761785
2019-09-26 19:35:52,531 [pool-261-thread-1] INFO  storage.RaftStorage (RaftStorage.java:format(72)) - Storage directory /workdir/hadoop-ozone/integration-test/target/test-dir/MiniOzoneClusterImpl-2f79a7d3-d7ae-4963-8370-12bb1e2132d7/datanode-0/data/ratis/5178b94e-bd72-42ff-911d-b2a1fd65c529 has been successfully formatted.
2019-09-26 19:35:52,531 [pool-261-thread-1] INFO  ratis.ContainerStateMachine (ContainerStateMachine.java:loadSnapshot(230)) - group-B2A1FD65C529: The snapshot info is null. Setting the last applied indexto:(t:0, i:~)
2019-09-26 19:35:52,531 [pool-261-thread-1] INFO  server.RaftServerConfigKeys (ConfUtils.java:logGet(43)) - raft.server.notification.no-leader.timeout = 120s (custom)
2019-09-26 19:35:52,531 [pool-261-thread-1] INFO  server.RaftServerConfigKeys (ConfUtils.java:logGet(43)) - raft.server.log.use.memory = false (default)
2019-09-26 19:35:52,531 [pool-261-thread-1] INFO  server.RaftServerConfigKeys (ConfUtils.java:logGet(43)) - raft.server.log.purge.gap = 1000000 (custom)
2019-09-26 19:35:52,531 [pool-261-thread-1] INFO  server.RaftServerConfigKeys (ConfUtils.java:logGet(43)) - raft.server.log.appender.buffer.byte-limit = 33554432 (custom)
2019-09-26 19:35:52,531 [pool-261-thread-1] INFO  server.RaftServerConfigKeys (ConfUtils.java:logGet(43)) - raft.server.log.segment.size.max = 1048576 (custom)
2019-09-26 19:35:52,532 [pool-261-thread-1] INFO  server.RaftServerConfigKeys (ConfUtils.java:logGet(43)) - raft.server.log.segment.cache.num.max = 2 (custom)
2019-09-26 19:35:52,532 [pool-261-thread-1] INFO  segmented.SegmentedRaftLogWorker (SegmentedRaftLogWorker.java:<init>(172)) - new 27cb48db-4b88-4c0c-b213-19f9b2fffaff@group-B2A1FD65C529-SegmentedRaftLogWorker for RaftStorage:Storage Directory /workdir/hadoop-ozone/integration-test/target/test-dir/MiniOzoneClusterImpl-2f79a7d3-d7ae-4963-8370-12bb1e2132d7/datanode-0/data/ratis/5178b94e-bd72-42ff-911d-b2a1fd65c529
2019-09-26 19:35:52,532 [pool-261-thread-1] INFO  server.RaftServerConfigKeys (ConfUtils.java:logGet(43)) - raft.server.log.queue.byte-limit = 2147483647 (custom)
2019-09-26 19:35:52,532 [pool-261-thread-1] INFO  server.RaftServerConfigKeys (ConfUtils.java:logGet(43)) - raft.server.log.queue.element-limit = 1024 (custom)
2019-09-26 19:35:52,532 [pool-261-thread-1] INFO  server.RaftServerConfigKeys (ConfUtils.java:logGet(43)) - raft.server.log.segment.size.max = 1048576 (custom)
2019-09-26 19:35:52,532 [pool-261-thread-1] INFO  server.RaftServerConfigKeys (ConfUtils.java:logGet(43)) - raft.server.log.preallocated.size = 16384 (custom)
2019-09-26 19:35:52,532 [pool-261-thread-1] INFO  server.RaftServerConfigKeys (ConfUtils.java:logGet(43)) - raft.server.log.write.buffer.size = 33554432 (custom)
2019-09-26 19:35:52,532 [pool-261-thread-1] INFO  server.RaftServerConfigKeys (ConfUtils.java:logGet(43)) - raft.server.log.force.sync.num = 128 (default)
2019-09-26 19:35:52,533 [pool-261-thread-1] INFO  server.RaftServerConfigKeys (ConfUtils.java:logGet(43)) - raft.server.log.statemachine.data.sync = true (default)
2019-09-26 19:35:52,533 [pool-261-thread-1] INFO  server.RaftServerConfigKeys (ConfUtils.java:logGet(43)) - raft.server.log.statemachine.data.sync.timeout = 10s (default)
2019-09-26 19:35:52,533 [pool-261-thread-1] INFO  server.RaftServerConfigKeys (ConfUtils.java:logGet(43)) - raft.server.log.statemachine.data.sync.timeout.retry = -1 (default)
2019-09-26 19:35:52,533 [pool-261-thread-1] INFO  server.RaftServerConfigKeys (ConfUtils.java:logGet(43)) - raft.server.log.statemachine.data.caching.enabled = true (custom)
2019-09-26 19:35:52,533 [pool-261-thread-1] INFO  segmented.SegmentedRaftLogWorker (SegmentedRaftLogWorker.java:lambda$new$0(132)) - 27cb48db-4b88-4c0c-b213-19f9b2fffaff@group-B2A1FD65C529-SegmentedRaftLogWorker: flushIndex: setUnconditionally 0 -> -1
2019-09-26 19:35:52,533 [pool-261-thread-1] INFO  server.RaftServerConfigKeys (ConfUtils.java:logGet(43)) - raft.server.snapshot.auto.trigger.enabled = true (custom)
2019-09-26 19:35:52,534 [pool-261-thread-1] INFO  server.RaftServerConfigKeys (ConfUtils.java:logGet(43)) - raft.server.snapshot.auto.trigger.threshold = 10000 (custom)
2019-09-26 19:35:52,534 [pool-261-thread-1] INFO  server.RaftServerConfigKeys (ConfUtils.java:logGet(43)) - raft.server.snapshot.retention.num.files = 5 (custom)
2019-09-26 19:35:52,534 [pool-261-thread-1] INFO  server.RaftServerConfigKeys (ConfUtils.java:logGet(43)) - raft.server.retrycache.expirytime = 600000ms (custom)
2019-09-26 19:35:52,535 [pool-261-thread-1] INFO  impl.RaftServerImpl (RaftServerImpl.java:start(185)) - 27cb48db-4b88-4c0c-b213-19f9b2fffaff@group-B2A1FD65C529: start as a follower, conf=-1: [27cb48db-4b88-4c0c-b213-19f9b2fffaff:192.168.151.99:37457], old=null
2019-09-26 19:35:52,536 [pool-261-thread-1] INFO  impl.RaftServerImpl (RaftServerImpl.java:setRole(174)) - 27cb48db-4b88-4c0c-b213-19f9b2fffaff@group-B2A1FD65C529: changes role from      null to FOLLOWER at term 0 for startAsFollower
2019-09-26 19:35:52,536 [pool-261-thread-1] INFO  impl.RoleInfo (RoleInfo.java:updateAndGet(143)) - 27cb48db-4b88-4c0c-b213-19f9b2fffaff: start FollowerState
2019-09-26 19:35:52,536 [pool-261-thread-1] INFO  util.JmxRegister (JmxRegister.java:tryRegister(44)) - Successfully registered JMX Bean with object name Ratis:service=RaftServer,group=group-B2A1FD65C529,id=27cb48db-4b88-4c0c-b213-19f9b2fffaff
2019-09-26 19:35:52,537 [RatisPipelineUtilsThread] INFO  pipeline.PipelineStateManager (PipelineStateManager.java:addPipeline(56)) - Created pipeline Pipeline[ Id: 5178b94e-bd72-42ff-911d-b2a1fd65c529, Nodes: 27cb48db-4b88-4c0c-b213-19f9b2fffaff{ip: 192.168.151.99, host: pr-hdds-1569-g6sp5-2013761785, networkLocation: /rack1, certSerialId: null}, Type:RATIS, Factor:ONE, State:OPEN]
2019-09-26 19:35:52,539 [grpc-default-executor-4] INFO  impl.RaftServerProxy (RaftServerProxy.java:addNew(89)) - 27cb48db-4b88-4c0c-b213-19f9b2fffaff: addNew group-7609BE472F7F:[27cb48db-4b88-4c0c-b213-19f9b2fffaff:192.168.151.99:37457] returns group-7609BE472F7F:java.util.concurrent.CompletableFuture@67d055d9[Not completed]
2019-09-26 19:35:52,540 [pool-261-thread-1] INFO  impl.RaftServerImpl (RaftServerImpl.java:<init>(95)) - 27cb48db-4b88-4c0c-b213-19f9b2fffaff: new RaftServerImpl for group-7609BE472F7F:[27cb48db-4b88-4c0c-b213-19f9b2fffaff:192.168.151.99:37457] with ContainerStateMachine:uninitialized
2019-09-26 19:35:52,540 [pool-261-thread-1] INFO  server.RaftServerConfigKeys (ConfUtils.java:logGet(43)) - raft.server.rpc.timeout.min = 5s (custom)
2019-09-26 19:35:52,540 [pool-261-thread-1] INFO  server.RaftServerConfigKeys (ConfUtils.java:logGet(43)) - raft.server.rpc.timeout.max = 5200ms (custom)
2019-09-26 19:35:52,540 [pool-261-thread-1] INFO  server.RaftServerConfigKeys (ConfUtils.java:logGet(43)) - raft.server.rpcslowness.timeout = 120s (custom)
2019-09-26 19:35:52,541 [pool-261-thread-1] INFO  server.RaftServerConfigKeys (ConfUtils.java:logGet(43)) - raft.server.sleep.deviation.threshold = 300 (default)
2019-09-26 19:35:52,541 [pool-261-thread-1] INFO  server.RaftServerConfigKeys (ConfUtils.java:logGet(43)) - raft.server.log.appender.install.snapshot.enabled = false (custom)
2019-09-26 19:35:52,541 [pool-261-thread-1] INFO  impl.RaftServerImpl (ServerState.java:<init>(103)) - 27cb48db-4b88-4c0c-b213-19f9b2fffaff@group-7609BE472F7F: ConfigurationManager, init=-1: [27cb48db-4b88-4c0c-b213-19f9b2fffaff:192.168.151.99:37457], old=null, confs=<EMPTY_MAP>
2019-09-26 19:35:52,541 [pool-261-thread-1] INFO  server.RaftServerConfigKeys (ConfUtils.java:logGet(43)) - raft.server.storage.dir = [/workdir/hadoop-ozone/integration-test/target/test-dir/MiniOzoneClusterImpl-2f79a7d3-d7ae-4963-8370-12bb1e2132d7/datanode-0/data/ratis] (custom)
2019-09-26 19:35:52,541 [pool-261-thread-1] INFO  storage.RaftStorageDirectory (RaftStorageDirectory.java:analyzeStorage(246)) - The storage directory /workdir/hadoop-ozone/integration-test/target/test-dir/MiniOzoneClusterImpl-2f79a7d3-d7ae-4963-8370-12bb1e2132d7/datanode-0/data/ratis/99f4ef92-f53b-4e99-a6cf-7609be472f7f does not exist. Creating ...
2019-09-26 19:35:52,545 [pool-261-thread-1] INFO  storage.RaftStorageDirectory (RaftStorageDirectory.java:tryLock(328)) - Lock on /workdir/hadoop-ozone/integration-test/target/test-dir/MiniOzoneClusterImpl-2f79a7d3-d7ae-4963-8370-12bb1e2132d7/datanode-0/data/ratis/99f4ef92-f53b-4e99-a6cf-7609be472f7f/in_use.lock acquired by nodename 17888@pr-hdds-1569-g6sp5-2013761785
2019-09-26 19:35:52,550 [pool-261-thread-1] INFO  storage.RaftStorage (RaftStorage.java:format(72)) - Storage directory /workdir/hadoop-ozone/integration-test/target/test-dir/MiniOzoneClusterImpl-2f79a7d3-d7ae-4963-8370-12bb1e2132d7/datanode-0/data/ratis/99f4ef92-f53b-4e99-a6cf-7609be472f7f has been successfully formatted.
2019-09-26 19:35:52,550 [pool-261-thread-1] INFO  ratis.ContainerStateMachine (ContainerStateMachine.java:loadSnapshot(230)) - group-7609BE472F7F: The snapshot info is null. Setting the last applied indexto:(t:0, i:~)
2019-09-26 19:35:52,550 [pool-261-thread-1] INFO  server.RaftServerConfigKeys (ConfUtils.java:logGet(43)) - raft.server.notification.no-leader.timeout = 120s (custom)
2019-09-26 19:35:52,550 [pool-261-thread-1] INFO  server.RaftServerConfigKeys (ConfUtils.java:logGet(43)) - raft.server.log.use.memory = false (default)
2019-09-26 19:35:52,550 [pool-261-thread-1] INFO  server.RaftServerConfigKeys (ConfUtils.java:logGet(43)) - raft.server.log.purge.gap = 1000000 (custom)
2019-09-26 19:35:52,550 [pool-261-thread-1] INFO  server.RaftServerConfigKeys (ConfUtils.java:logGet(43)) - raft.server.log.appender.buffer.byte-limit = 33554432 (custom)
2019-09-26 19:35:52,551 [pool-261-thread-1] INFO  server.RaftServerConfigKeys (ConfUtils.java:logGet(43)) - raft.server.log.segment.size.max = 1048576 (custom)
2019-09-26 19:35:52,551 [pool-261-thread-1] INFO  server.RaftServerConfigKeys (ConfUtils.java:logGet(43)) - raft.server.log.segment.cache.num.max = 2 (custom)
2019-09-26 19:35:52,551 [pool-261-thread-1] INFO  segmented.SegmentedRaftLogWorker (SegmentedRaftLogWorker.java:<init>(172)) - new 27cb48db-4b88-4c0c-b213-19f9b2fffaff@group-7609BE472F7F-SegmentedRaftLogWorker for RaftStorage:Storage Directory /workdir/hadoop-ozone/integration-test/target/test-dir/MiniOzoneClusterImpl-2f79a7d3-d7ae-4963-8370-12bb1e2132d7/datanode-0/data/ratis/99f4ef92-f53b-4e99-a6cf-7609be472f7f
2019-09-26 19:35:52,551 [pool-261-thread-1] INFO  server.RaftServerConfigKeys (ConfUtils.java:logGet(43)) - raft.server.log.queue.byte-limit = 2147483647 (custom)
2019-09-26 19:35:52,551 [pool-261-thread-1] INFO  server.RaftServerConfigKeys (ConfUtils.java:logGet(43)) - raft.server.log.queue.element-limit = 1024 (custom)
2019-09-26 19:35:52,551 [pool-261-thread-1] INFO  server.RaftServerConfigKeys (ConfUtils.java:logGet(43)) - raft.server.log.segment.size.max = 1048576 (custom)
2019-09-26 19:35:52,551 [pool-261-thread-1] INFO  server.RaftServerConfigKeys (ConfUtils.java:logGet(43)) - raft.server.log.preallocated.size = 16384 (custom)
2019-09-26 19:35:52,551 [pool-261-thread-1] INFO  server.RaftServerConfigKeys (ConfUtils.java:logGet(43)) - raft.server.log.write.buffer.size = 33554432 (custom)
2019-09-26 19:35:52,551 [pool-261-thread-1] INFO  server.RaftServerConfigKeys (ConfUtils.java:logGet(43)) - raft.server.log.force.sync.num = 128 (default)
2019-09-26 19:35:52,552 [pool-261-thread-1] INFO  server.RaftServerConfigKeys (ConfUtils.java:logGet(43)) - raft.server.log.statemachine.data.sync = true (default)
2019-09-26 19:35:52,552 [pool-261-thread-1] INFO  server.RaftServerConfigKeys (ConfUtils.java:logGet(43)) - raft.server.log.statemachine.data.sync.timeout = 10s (default)
2019-09-26 19:35:52,552 [pool-261-thread-1] INFO  server.RaftServerConfigKeys (ConfUtils.java:logGet(43)) - raft.server.log.statemachine.data.sync.timeout.retry = -1 (default)
2019-09-26 19:35:52,552 [pool-261-thread-1] INFO  server.RaftServerConfigKeys (ConfUtils.java:logGet(43)) - raft.server.log.statemachine.data.caching.enabled = true (custom)
2019-09-26 19:35:52,552 [pool-261-thread-1] INFO  segmented.SegmentedRaftLogWorker (SegmentedRaftLogWorker.java:lambda$new$0(132)) - 27cb48db-4b88-4c0c-b213-19f9b2fffaff@group-7609BE472F7F-SegmentedRaftLogWorker: flushIndex: setUnconditionally 0 -> -1
2019-09-26 19:35:52,552 [pool-261-thread-1] INFO  server.RaftServerConfigKeys (ConfUtils.java:logGet(43)) - raft.server.snapshot.auto.trigger.enabled = true (custom)
2019-09-26 19:35:52,553 [pool-261-thread-1] INFO  server.RaftServerConfigKeys (ConfUtils.java:logGet(43)) - raft.server.snapshot.auto.trigger.threshold = 10000 (custom)
2019-09-26 19:35:52,553 [pool-261-thread-1] INFO  server.RaftServerConfigKeys (ConfUtils.java:logGet(43)) - raft.server.snapshot.retention.num.files = 5 (custom)
2019-09-26 19:35:52,553 [pool-261-thread-1] INFO  server.RaftServerConfigKeys (ConfUtils.java:logGet(43)) - raft.server.retrycache.expirytime = 600000ms (custom)
2019-09-26 19:35:52,554 [pool-261-thread-1] INFO  impl.RaftServerImpl (RaftServerImpl.java:start(185)) - 27cb48db-4b88-4c0c-b213-19f9b2fffaff@group-7609BE472F7F: start as a follower, conf=-1: [27cb48db-4b88-4c0c-b213-19f9b2fffaff:192.168.151.99:37457], old=null
2019-09-26 19:35:52,554 [pool-261-thread-1] INFO  impl.RaftServerImpl (RaftServerImpl.java:setRole(174)) - 27cb48db-4b88-4c0c-b213-19f9b2fffaff@group-7609BE472F7F: changes role from      null to FOLLOWER at term 0 for startAsFollower
2019-09-26 19:35:52,554 [pool-261-thread-1] INFO  impl.RoleInfo (RoleInfo.java:updateAndGet(143)) - 27cb48db-4b88-4c0c-b213-19f9b2fffaff: start FollowerState
2019-09-26 19:35:52,555 [pool-261-thread-1] INFO  util.JmxRegister (JmxRegister.java:tryRegister(44)) - Successfully registered JMX Bean with object name Ratis:service=RaftServer,group=group-7609BE472F7F,id=27cb48db-4b88-4c0c-b213-19f9b2fffaff
2019-09-26 19:35:52,556 [RatisPipelineUtilsThread] INFO  pipeline.PipelineStateManager (PipelineStateManager.java:addPipeline(56)) - Created pipeline Pipeline[ Id: 99f4ef92-f53b-4e99-a6cf-7609be472f7f, Nodes: 27cb48db-4b88-4c0c-b213-19f9b2fffaff{ip: 192.168.151.99, host: pr-hdds-1569-g6sp5-2013761785, networkLocation: /rack1, certSerialId: null}, Type:RATIS, Factor:ONE, State:OPEN]
2019-09-26 19:35:52,558 [grpc-default-executor-4] INFO  impl.RaftServerProxy (RaftServerProxy.java:addNew(89)) - 27cb48db-4b88-4c0c-b213-19f9b2fffaff: addNew group-DC109FD9A8E9:[27cb48db-4b88-4c0c-b213-19f9b2fffaff:192.168.151.99:37457] returns group-DC109FD9A8E9:java.util.concurrent.CompletableFuture@1c6fdc00[Not completed]
2019-09-26 19:35:52,559 [pool-261-thread-1] INFO  impl.RaftServerImpl (RaftServerImpl.java:<init>(95)) - 27cb48db-4b88-4c0c-b213-19f9b2fffaff: new RaftServerImpl for group-DC109FD9A8E9:[27cb48db-4b88-4c0c-b213-19f9b2fffaff:192.168.151.99:37457] with ContainerStateMachine:uninitialized
2019-09-26 19:35:52,559 [pool-261-thread-1] INFO  server.RaftServerConfigKeys (ConfUtils.java:logGet(43)) - raft.server.rpc.timeout.min = 5s (custom)
2019-09-26 19:35:52,559 [pool-261-thread-1] INFO  server.RaftServerConfigKeys (ConfUtils.java:logGet(43)) - raft.server.rpc.timeout.max = 5200ms (custom)
2019-09-26 19:35:52,559 [pool-261-thread-1] INFO  server.RaftServerConfigKeys (ConfUtils.java:logGet(43)) - raft.server.rpcslowness.timeout = 120s (custom)
2019-09-26 19:35:52,559 [pool-261-thread-1] INFO  server.RaftServerConfigKeys (ConfUtils.java:logGet(43)) - raft.server.sleep.deviation.threshold = 300 (default)
2019-09-26 19:35:52,559 [pool-261-thread-1] INFO  server.RaftServerConfigKeys (ConfUtils.java:logGet(43)) - raft.server.log.appender.install.snapshot.enabled = false (custom)
2019-09-26 19:35:52,560 [pool-261-thread-1] INFO  impl.RaftServerImpl (ServerState.java:<init>(103)) - 27cb48db-4b88-4c0c-b213-19f9b2fffaff@group-DC109FD9A8E9: ConfigurationManager, init=-1: [27cb48db-4b88-4c0c-b213-19f9b2fffaff:192.168.151.99:37457], old=null, confs=<EMPTY_MAP>
2019-09-26 19:35:52,560 [pool-261-thread-1] INFO  server.RaftServerConfigKeys (ConfUtils.java:logGet(43)) - raft.server.storage.dir = [/workdir/hadoop-ozone/integration-test/target/test-dir/MiniOzoneClusterImpl-2f79a7d3-d7ae-4963-8370-12bb1e2132d7/datanode-0/data/ratis] (custom)
2019-09-26 19:35:52,560 [pool-261-thread-1] INFO  storage.RaftStorageDirectory (RaftStorageDirectory.java:analyzeStorage(246)) - The storage directory /workdir/hadoop-ozone/integration-test/target/test-dir/MiniOzoneClusterImpl-2f79a7d3-d7ae-4963-8370-12bb1e2132d7/datanode-0/data/ratis/872e30cb-3c74-48f9-87b7-dc109fd9a8e9 does not exist. Creating ...
2019-09-26 19:35:52,564 [pool-261-thread-1] INFO  storage.RaftStorageDirectory (RaftStorageDirectory.java:tryLock(328)) - Lock on /workdir/hadoop-ozone/integration-test/target/test-dir/MiniOzoneClusterImpl-2f79a7d3-d7ae-4963-8370-12bb1e2132d7/datanode-0/data/ratis/872e30cb-3c74-48f9-87b7-dc109fd9a8e9/in_use.lock acquired by nodename 17888@pr-hdds-1569-g6sp5-2013761785
2019-09-26 19:35:52,568 [pool-261-thread-1] INFO  storage.RaftStorage (RaftStorage.java:format(72)) - Storage directory /workdir/hadoop-ozone/integration-test/target/test-dir/MiniOzoneClusterImpl-2f79a7d3-d7ae-4963-8370-12bb1e2132d7/datanode-0/data/ratis/872e30cb-3c74-48f9-87b7-dc109fd9a8e9 has been successfully formatted.
2019-09-26 19:35:52,568 [pool-261-thread-1] INFO  ratis.ContainerStateMachine (ContainerStateMachine.java:loadSnapshot(230)) - group-DC109FD9A8E9: The snapshot info is null. Setting the last applied indexto:(t:0, i:~)
2019-09-26 19:35:52,568 [pool-261-thread-1] INFO  server.RaftServerConfigKeys (ConfUtils.java:logGet(43)) - raft.server.notification.no-leader.timeout = 120s (custom)
2019-09-26 19:35:52,568 [pool-261-thread-1] INFO  server.RaftServerConfigKeys (ConfUtils.java:logGet(43)) - raft.server.log.use.memory = false (default)
2019-09-26 19:35:52,568 [pool-261-thread-1] INFO  server.RaftServerConfigKeys (ConfUtils.java:logGet(43)) - raft.server.log.purge.gap = 1000000 (custom)
2019-09-26 19:35:52,569 [pool-261-thread-1] INFO  server.RaftServerConfigKeys (ConfUtils.java:logGet(43)) - raft.server.log.appender.buffer.byte-limit = 33554432 (custom)
2019-09-26 19:35:52,569 [pool-261-thread-1] INFO  server.RaftServerConfigKeys (ConfUtils.java:logGet(43)) - raft.server.log.segment.size.max = 1048576 (custom)
2019-09-26 19:35:52,569 [pool-261-thread-1] INFO  server.RaftServerConfigKeys (ConfUtils.java:logGet(43)) - raft.server.log.segment.cache.num.max = 2 (custom)
2019-09-26 19:35:52,569 [pool-261-thread-1] INFO  segmented.SegmentedRaftLogWorker (SegmentedRaftLogWorker.java:<init>(172)) - new 27cb48db-4b88-4c0c-b213-19f9b2fffaff@group-DC109FD9A8E9-SegmentedRaftLogWorker for RaftStorage:Storage Directory /workdir/hadoop-ozone/integration-test/target/test-dir/MiniOzoneClusterImpl-2f79a7d3-d7ae-4963-8370-12bb1e2132d7/datanode-0/data/ratis/872e30cb-3c74-48f9-87b7-dc109fd9a8e9
2019-09-26 19:35:52,569 [pool-261-thread-1] INFO  server.RaftServerConfigKeys (ConfUtils.java:logGet(43)) - raft.server.log.queue.byte-limit = 2147483647 (custom)
2019-09-26 19:35:52,569 [pool-261-thread-1] INFO  server.RaftServerConfigKeys (ConfUtils.java:logGet(43)) - raft.server.log.queue.element-limit = 1024 (custom)
2019-09-26 19:35:52,569 [pool-261-thread-1] INFO  server.RaftServerConfigKeys (ConfUtils.java:logGet(43)) - raft.server.log.segment.size.max = 1048576 (custom)
2019-09-26 19:35:52,569 [pool-261-thread-1] INFO  server.RaftServerConfigKeys (ConfUtils.java:logGet(43)) - raft.server.log.preallocated.size = 16384 (custom)
2019-09-26 19:35:52,569 [pool-261-thread-1] INFO  server.RaftServerConfigKeys (ConfUtils.java:logGet(43)) - raft.server.log.write.buffer.size = 33554432 (custom)
2019-09-26 19:35:52,570 [pool-261-thread-1] INFO  server.RaftServerConfigKeys (ConfUtils.java:logGet(43)) - raft.server.log.force.sync.num = 128 (default)
2019-09-26 19:35:52,570 [pool-261-thread-1] INFO  server.RaftServerConfigKeys (ConfUtils.java:logGet(43)) - raft.server.log.statemachine.data.sync = true (default)
2019-09-26 19:35:52,570 [pool-261-thread-1] INFO  server.RaftServerConfigKeys (ConfUtils.java:logGet(43)) - raft.server.log.statemachine.data.sync.timeout = 10s (default)
2019-09-26 19:35:52,570 [pool-261-thread-1] INFO  server.RaftServerConfigKeys (ConfUtils.java:logGet(43)) - raft.server.log.statemachine.data.sync.timeout.retry = -1 (default)
2019-09-26 19:35:52,570 [pool-261-thread-1] INFO  server.RaftServerConfigKeys (ConfUtils.java:logGet(43)) - raft.server.log.statemachine.data.caching.enabled = true (custom)
2019-09-26 19:35:52,570 [pool-261-thread-1] INFO  segmented.SegmentedRaftLogWorker (SegmentedRaftLogWorker.java:lambda$new$0(132)) - 27cb48db-4b88-4c0c-b213-19f9b2fffaff@group-DC109FD9A8E9-SegmentedRaftLogWorker: flushIndex: setUnconditionally 0 -> -1
2019-09-26 19:35:52,571 [pool-261-thread-1] INFO  server.RaftServerConfigKeys (ConfUtils.java:logGet(43)) - raft.server.snapshot.auto.trigger.enabled = true (custom)
2019-09-26 19:35:52,571 [pool-261-thread-1] INFO  server.RaftServerConfigKeys (ConfUtils.java:logGet(43)) - raft.server.snapshot.auto.trigger.threshold = 10000 (custom)
2019-09-26 19:35:52,571 [pool-261-thread-1] INFO  server.RaftServerConfigKeys (ConfUtils.java:logGet(43)) - raft.server.snapshot.retention.num.files = 5 (custom)
2019-09-26 19:35:52,571 [pool-261-thread-1] INFO  server.RaftServerConfigKeys (ConfUtils.java:logGet(43)) - raft.server.retrycache.expirytime = 600000ms (custom)
2019-09-26 19:35:52,572 [pool-261-thread-1] INFO  impl.RaftServerImpl (RaftServerImpl.java:start(185)) - 27cb48db-4b88-4c0c-b213-19f9b2fffaff@group-DC109FD9A8E9: start as a follower, conf=-1: [27cb48db-4b88-4c0c-b213-19f9b2fffaff:192.168.151.99:37457], old=null
2019-09-26 19:35:52,572 [pool-261-thread-1] INFO  impl.RaftServerImpl (RaftServerImpl.java:setRole(174)) - 27cb48db-4b88-4c0c-b213-19f9b2fffaff@group-DC109FD9A8E9: changes role from      null to FOLLOWER at term 0 for startAsFollower
2019-09-26 19:35:52,572 [pool-261-thread-1] INFO  impl.RoleInfo (RoleInfo.java:updateAndGet(143)) - 27cb48db-4b88-4c0c-b213-19f9b2fffaff: start FollowerState
2019-09-26 19:35:52,573 [pool-261-thread-1] INFO  util.JmxRegister (JmxRegister.java:tryRegister(44)) - Successfully registered JMX Bean with object name Ratis:service=RaftServer,group=group-DC109FD9A8E9,id=27cb48db-4b88-4c0c-b213-19f9b2fffaff
2019-09-26 19:35:52,574 [RatisPipelineUtilsThread] INFO  pipeline.PipelineStateManager (PipelineStateManager.java:addPipeline(56)) - Created pipeline Pipeline[ Id: 872e30cb-3c74-48f9-87b7-dc109fd9a8e9, Nodes: 27cb48db-4b88-4c0c-b213-19f9b2fffaff{ip: 192.168.151.99, host: pr-hdds-1569-g6sp5-2013761785, networkLocation: /rack1, certSerialId: null}, Type:RATIS, Factor:ONE, State:OPEN]
2019-09-26 19:35:52,576 [grpc-default-executor-4] INFO  impl.RaftServerProxy (RaftServerProxy.java:addNew(89)) - 27cb48db-4b88-4c0c-b213-19f9b2fffaff: addNew group-7398F852BF56:[27cb48db-4b88-4c0c-b213-19f9b2fffaff:192.168.151.99:37457] returns group-7398F852BF56:java.util.concurrent.CompletableFuture@48290b7d[Not completed]
2019-09-26 19:35:52,577 [pool-261-thread-1] INFO  impl.RaftServerImpl (RaftServerImpl.java:<init>(95)) - 27cb48db-4b88-4c0c-b213-19f9b2fffaff: new RaftServerImpl for group-7398F852BF56:[27cb48db-4b88-4c0c-b213-19f9b2fffaff:192.168.151.99:37457] with ContainerStateMachine:uninitialized
2019-09-26 19:35:52,577 [pool-261-thread-1] INFO  server.RaftServerConfigKeys (ConfUtils.java:logGet(43)) - raft.server.rpc.timeout.min = 5s (custom)
2019-09-26 19:35:52,577 [pool-261-thread-1] INFO  server.RaftServerConfigKeys (ConfUtils.java:logGet(43)) - raft.server.rpc.timeout.max = 5200ms (custom)
2019-09-26 19:35:52,577 [pool-261-thread-1] INFO  server.RaftServerConfigKeys (ConfUtils.java:logGet(43)) - raft.server.rpcslowness.timeout = 120s (custom)
2019-09-26 19:35:52,577 [pool-261-thread-1] INFO  server.RaftServerConfigKeys (ConfUtils.java:logGet(43)) - raft.server.sleep.deviation.threshold = 300 (default)
2019-09-26 19:35:52,577 [pool-261-thread-1] INFO  server.RaftServerConfigKeys (ConfUtils.java:logGet(43)) - raft.server.log.appender.install.snapshot.enabled = false (custom)
2019-09-26 19:35:52,577 [pool-261-thread-1] INFO  impl.RaftServerImpl (ServerState.java:<init>(103)) - 27cb48db-4b88-4c0c-b213-19f9b2fffaff@group-7398F852BF56: ConfigurationManager, init=-1: [27cb48db-4b88-4c0c-b213-19f9b2fffaff:192.168.151.99:37457], old=null, confs=<EMPTY_MAP>
2019-09-26 19:35:52,577 [pool-261-thread-1] INFO  server.RaftServerConfigKeys (ConfUtils.java:logGet(43)) - raft.server.storage.dir = [/workdir/hadoop-ozone/integration-test/target/test-dir/MiniOzoneClusterImpl-2f79a7d3-d7ae-4963-8370-12bb1e2132d7/datanode-0/data/ratis] (custom)
2019-09-26 19:35:52,578 [pool-261-thread-1] INFO  storage.RaftStorageDirectory (RaftStorageDirectory.java:analyzeStorage(246)) - The storage directory /workdir/hadoop-ozone/integration-test/target/test-dir/MiniOzoneClusterImpl-2f79a7d3-d7ae-4963-8370-12bb1e2132d7/datanode-0/data/ratis/818fa4c3-cfce-4eda-953a-7398f852bf56 does not exist. Creating ...
2019-09-26 19:35:52,596 [pool-261-thread-1] INFO  storage.RaftStorageDirectory (RaftStorageDirectory.java:tryLock(328)) - Lock on /workdir/hadoop-ozone/integration-test/target/test-dir/MiniOzoneClusterImpl-2f79a7d3-d7ae-4963-8370-12bb1e2132d7/datanode-0/data/ratis/818fa4c3-cfce-4eda-953a-7398f852bf56/in_use.lock acquired by nodename 17888@pr-hdds-1569-g6sp5-2013761785
2019-09-26 19:35:52,609 [pool-261-thread-1] INFO  storage.RaftStorage (RaftStorage.java:format(72)) - Storage directory /workdir/hadoop-ozone/integration-test/target/test-dir/MiniOzoneClusterImpl-2f79a7d3-d7ae-4963-8370-12bb1e2132d7/datanode-0/data/ratis/818fa4c3-cfce-4eda-953a-7398f852bf56 has been successfully formatted.
2019-09-26 19:35:52,609 [pool-261-thread-1] INFO  ratis.ContainerStateMachine (ContainerStateMachine.java:loadSnapshot(230)) - group-7398F852BF56: The snapshot info is null. Setting the last applied indexto:(t:0, i:~)
2019-09-26 19:35:52,609 [pool-261-thread-1] INFO  server.RaftServerConfigKeys (ConfUtils.java:logGet(43)) - raft.server.notification.no-leader.timeout = 120s (custom)
2019-09-26 19:35:52,609 [pool-261-thread-1] INFO  server.RaftServerConfigKeys (ConfUtils.java:logGet(43)) - raft.server.log.use.memory = false (default)
2019-09-26 19:35:52,609 [pool-261-thread-1] INFO  server.RaftServerConfigKeys (ConfUtils.java:logGet(43)) - raft.server.log.purge.gap = 1000000 (custom)
2019-09-26 19:35:52,610 [pool-261-thread-1] INFO  server.RaftServerConfigKeys (ConfUtils.java:logGet(43)) - raft.server.log.appender.buffer.byte-limit = 33554432 (custom)
2019-09-26 19:35:52,610 [pool-261-thread-1] INFO  server.RaftServerConfigKeys (ConfUtils.java:logGet(43)) - raft.server.log.segment.size.max = 1048576 (custom)
2019-09-26 19:35:52,610 [pool-261-thread-1] INFO  server.RaftServerConfigKeys (ConfUtils.java:logGet(43)) - raft.server.log.segment.cache.num.max = 2 (custom)
2019-09-26 19:35:52,610 [pool-261-thread-1] INFO  segmented.SegmentedRaftLogWorker (SegmentedRaftLogWorker.java:<init>(172)) - new 27cb48db-4b88-4c0c-b213-19f9b2fffaff@group-7398F852BF56-SegmentedRaftLogWorker for RaftStorage:Storage Directory /workdir/hadoop-ozone/integration-test/target/test-dir/MiniOzoneClusterImpl-2f79a7d3-d7ae-4963-8370-12bb1e2132d7/datanode-0/data/ratis/818fa4c3-cfce-4eda-953a-7398f852bf56
2019-09-26 19:35:52,610 [pool-261-thread-1] INFO  server.RaftServerConfigKeys (ConfUtils.java:logGet(43)) - raft.server.log.queue.byte-limit = 2147483647 (custom)
2019-09-26 19:35:52,610 [pool-261-thread-1] INFO  server.RaftServerConfigKeys (ConfUtils.java:logGet(43)) - raft.server.log.queue.element-limit = 1024 (custom)
2019-09-26 19:35:52,610 [pool-261-thread-1] INFO  server.RaftServerConfigKeys (ConfUtils.java:logGet(43)) - raft.server.log.segment.size.max = 1048576 (custom)
2019-09-26 19:35:52,610 [pool-261-thread-1] INFO  server.RaftServerConfigKeys (ConfUtils.java:logGet(43)) - raft.server.log.preallocated.size = 16384 (custom)
2019-09-26 19:35:52,610 [pool-261-thread-1] INFO  server.RaftServerConfigKeys (ConfUtils.java:logGet(43)) - raft.server.log.write.buffer.size = 33554432 (custom)
2019-09-26 19:35:52,611 [pool-261-thread-1] INFO  server.RaftServerConfigKeys (ConfUtils.java:logGet(43)) - raft.server.log.force.sync.num = 128 (default)
2019-09-26 19:35:52,611 [pool-261-thread-1] INFO  server.RaftServerConfigKeys (ConfUtils.java:logGet(43)) - raft.server.log.statemachine.data.sync = true (default)
2019-09-26 19:35:52,611 [pool-261-thread-1] INFO  server.RaftServerConfigKeys (ConfUtils.java:logGet(43)) - raft.server.log.statemachine.data.sync.timeout = 10s (default)
2019-09-26 19:35:52,611 [pool-261-thread-1] INFO  server.RaftServerConfigKeys (ConfUtils.java:logGet(43)) - raft.server.log.statemachine.data.sync.timeout.retry = -1 (default)
2019-09-26 19:35:52,611 [pool-261-thread-1] INFO  server.RaftServerConfigKeys (ConfUtils.java:logGet(43)) - raft.server.log.statemachine.data.caching.enabled = true (custom)
2019-09-26 19:35:52,611 [pool-261-thread-1] INFO  segmented.SegmentedRaftLogWorker (SegmentedRaftLogWorker.java:lambda$new$0(132)) - 27cb48db-4b88-4c0c-b213-19f9b2fffaff@group-7398F852BF56-SegmentedRaftLogWorker: flushIndex: setUnconditionally 0 -> -1
2019-09-26 19:35:52,611 [pool-261-thread-1] INFO  server.RaftServerConfigKeys (ConfUtils.java:logGet(43)) - raft.server.snapshot.auto.trigger.enabled = true (custom)
2019-09-26 19:35:52,612 [pool-261-thread-1] INFO  server.RaftServerConfigKeys (ConfUtils.java:logGet(43)) - raft.server.snapshot.auto.trigger.threshold = 10000 (custom)
2019-09-26 19:35:52,612 [pool-261-thread-1] INFO  server.RaftServerConfigKeys (ConfUtils.java:logGet(43)) - raft.server.snapshot.retention.num.files = 5 (custom)
2019-09-26 19:35:52,612 [pool-261-thread-1] INFO  server.RaftServerConfigKeys (ConfUtils.java:logGet(43)) - raft.server.retrycache.expirytime = 600000ms (custom)
2019-09-26 19:35:52,613 [pool-261-thread-1] INFO  impl.RaftServerImpl (RaftServerImpl.java:start(185)) - 27cb48db-4b88-4c0c-b213-19f9b2fffaff@group-7398F852BF56: start as a follower, conf=-1: [27cb48db-4b88-4c0c-b213-19f9b2fffaff:192.168.151.99:37457], old=null
2019-09-26 19:35:52,613 [pool-261-thread-1] INFO  impl.RaftServerImpl (RaftServerImpl.java:setRole(174)) - 27cb48db-4b88-4c0c-b213-19f9b2fffaff@group-7398F852BF56: changes role from      null to FOLLOWER at term 0 for startAsFollower
2019-09-26 19:35:52,613 [pool-261-thread-1] INFO  impl.RoleInfo (RoleInfo.java:updateAndGet(143)) - 27cb48db-4b88-4c0c-b213-19f9b2fffaff: start FollowerState
2019-09-26 19:35:52,614 [pool-261-thread-1] INFO  util.JmxRegister (JmxRegister.java:tryRegister(44)) - Successfully registered JMX Bean with object name Ratis:service=RaftServer,group=group-7398F852BF56,id=27cb48db-4b88-4c0c-b213-19f9b2fffaff
2019-09-26 19:35:52,615 [RatisPipelineUtilsThread] INFO  pipeline.PipelineStateManager (PipelineStateManager.java:addPipeline(56)) - Created pipeline Pipeline[ Id: 818fa4c3-cfce-4eda-953a-7398f852bf56, Nodes: 27cb48db-4b88-4c0c-b213-19f9b2fffaff{ip: 192.168.151.99, host: pr-hdds-1569-g6sp5-2013761785, networkLocation: /rack1, certSerialId: null}, Type:RATIS, Factor:ONE, State:OPEN]
2019-09-26 19:35:52,618 [grpc-default-executor-4] INFO  impl.RaftServerProxy (RaftServerProxy.java:addNew(89)) - 728ea44c-f097-440a-a87e-c27a68d48f14: addNew group-00022541A645:[728ea44c-f097-440a-a87e-c27a68d48f14:192.168.151.99:38783] returns group-00022541A645:java.util.concurrent.CompletableFuture@51b4c948[Not completed]
2019-09-26 19:35:52,618 [pool-271-thread-1] INFO  impl.RaftServerImpl (RaftServerImpl.java:<init>(95)) - 728ea44c-f097-440a-a87e-c27a68d48f14: new RaftServerImpl for group-00022541A645:[728ea44c-f097-440a-a87e-c27a68d48f14:192.168.151.99:38783] with ContainerStateMachine:uninitialized
2019-09-26 19:35:52,618 [pool-271-thread-1] INFO  server.RaftServerConfigKeys (ConfUtils.java:logGet(43)) - raft.server.rpc.timeout.min = 5s (custom)
2019-09-26 19:35:52,618 [pool-271-thread-1] INFO  server.RaftServerConfigKeys (ConfUtils.java:logGet(43)) - raft.server.rpc.timeout.max = 5200ms (custom)
2019-09-26 19:35:52,619 [pool-271-thread-1] INFO  server.RaftServerConfigKeys (ConfUtils.java:logGet(43)) - raft.server.rpcslowness.timeout = 120s (custom)
2019-09-26 19:35:52,619 [pool-271-thread-1] INFO  server.RaftServerConfigKeys (ConfUtils.java:logGet(43)) - raft.server.sleep.deviation.threshold = 300 (default)
2019-09-26 19:35:52,619 [pool-271-thread-1] INFO  server.RaftServerConfigKeys (ConfUtils.java:logGet(43)) - raft.server.log.appender.install.snapshot.enabled = false (custom)
2019-09-26 19:35:52,619 [pool-271-thread-1] INFO  impl.RaftServerImpl (ServerState.java:<init>(103)) - 728ea44c-f097-440a-a87e-c27a68d48f14@group-00022541A645: ConfigurationManager, init=-1: [728ea44c-f097-440a-a87e-c27a68d48f14:192.168.151.99:38783], old=null, confs=<EMPTY_MAP>
2019-09-26 19:35:52,619 [pool-271-thread-1] INFO  server.RaftServerConfigKeys (ConfUtils.java:logGet(43)) - raft.server.storage.dir = [/workdir/hadoop-ozone/integration-test/target/test-dir/MiniOzoneClusterImpl-2f79a7d3-d7ae-4963-8370-12bb1e2132d7/datanode-1/data/ratis] (custom)
2019-09-26 19:35:52,619 [pool-271-thread-1] INFO  storage.RaftStorageDirectory (RaftStorageDirectory.java:analyzeStorage(246)) - The storage directory /workdir/hadoop-ozone/integration-test/target/test-dir/MiniOzoneClusterImpl-2f79a7d3-d7ae-4963-8370-12bb1e2132d7/datanode-1/data/ratis/6494a348-5af7-42be-8271-00022541a645 does not exist. Creating ...
2019-09-26 19:35:52,627 [pool-271-thread-1] INFO  storage.RaftStorageDirectory (RaftStorageDirectory.java:tryLock(328)) - Lock on /workdir/hadoop-ozone/integration-test/target/test-dir/MiniOzoneClusterImpl-2f79a7d3-d7ae-4963-8370-12bb1e2132d7/datanode-1/data/ratis/6494a348-5af7-42be-8271-00022541a645/in_use.lock acquired by nodename 17888@pr-hdds-1569-g6sp5-2013761785
2019-09-26 19:35:52,640 [pool-271-thread-1] INFO  storage.RaftStorage (RaftStorage.java:format(72)) - Storage directory /workdir/hadoop-ozone/integration-test/target/test-dir/MiniOzoneClusterImpl-2f79a7d3-d7ae-4963-8370-12bb1e2132d7/datanode-1/data/ratis/6494a348-5af7-42be-8271-00022541a645 has been successfully formatted.
2019-09-26 19:35:52,640 [pool-271-thread-1] INFO  ratis.ContainerStateMachine (ContainerStateMachine.java:loadSnapshot(230)) - group-00022541A645: The snapshot info is null. Setting the last applied indexto:(t:0, i:~)
2019-09-26 19:35:52,641 [pool-271-thread-1] INFO  server.RaftServerConfigKeys (ConfUtils.java:logGet(43)) - raft.server.notification.no-leader.timeout = 120s (custom)
2019-09-26 19:35:52,641 [pool-271-thread-1] INFO  server.RaftServerConfigKeys (ConfUtils.java:logGet(43)) - raft.server.log.use.memory = false (default)
2019-09-26 19:35:52,641 [pool-271-thread-1] INFO  server.RaftServerConfigKeys (ConfUtils.java:logGet(43)) - raft.server.log.purge.gap = 1000000 (custom)
2019-09-26 19:35:52,641 [pool-271-thread-1] INFO  server.RaftServerConfigKeys (ConfUtils.java:logGet(43)) - raft.server.log.appender.buffer.byte-limit = 33554432 (custom)
2019-09-26 19:35:52,641 [pool-271-thread-1] INFO  server.RaftServerConfigKeys (ConfUtils.java:logGet(43)) - raft.server.log.segment.size.max = 1048576 (custom)
2019-09-26 19:35:52,641 [pool-271-thread-1] INFO  server.RaftServerConfigKeys (ConfUtils.java:logGet(43)) - raft.server.log.segment.cache.num.max = 2 (custom)
2019-09-26 19:35:52,641 [pool-271-thread-1] INFO  segmented.SegmentedRaftLogWorker (SegmentedRaftLogWorker.java:<init>(172)) - new 728ea44c-f097-440a-a87e-c27a68d48f14@group-00022541A645-SegmentedRaftLogWorker for RaftStorage:Storage Directory /workdir/hadoop-ozone/integration-test/target/test-dir/MiniOzoneClusterImpl-2f79a7d3-d7ae-4963-8370-12bb1e2132d7/datanode-1/data/ratis/6494a348-5af7-42be-8271-00022541a645
2019-09-26 19:35:52,642 [pool-271-thread-1] INFO  server.RaftServerConfigKeys (ConfUtils.java:logGet(43)) - raft.server.log.queue.byte-limit = 2147483647 (custom)
2019-09-26 19:35:52,642 [pool-271-thread-1] INFO  server.RaftServerConfigKeys (ConfUtils.java:logGet(43)) - raft.server.log.queue.element-limit = 1024 (custom)
2019-09-26 19:35:52,642 [pool-271-thread-1] INFO  server.RaftServerConfigKeys (ConfUtils.java:logGet(43)) - raft.server.log.segment.size.max = 1048576 (custom)
2019-09-26 19:35:52,642 [pool-271-thread-1] INFO  server.RaftServerConfigKeys (ConfUtils.java:logGet(43)) - raft.server.log.preallocated.size = 16384 (custom)
2019-09-26 19:35:52,642 [pool-271-thread-1] INFO  server.RaftServerConfigKeys (ConfUtils.java:logGet(43)) - raft.server.log.write.buffer.size = 33554432 (custom)
2019-09-26 19:35:52,642 [pool-271-thread-1] INFO  server.RaftServerConfigKeys (ConfUtils.java:logGet(43)) - raft.server.log.force.sync.num = 128 (default)
2019-09-26 19:35:52,642 [pool-271-thread-1] INFO  server.RaftServerConfigKeys (ConfUtils.java:logGet(43)) - raft.server.log.statemachine.data.sync = true (default)
2019-09-26 19:35:52,642 [pool-271-thread-1] INFO  server.RaftServerConfigKeys (ConfUtils.java:logGet(43)) - raft.server.log.statemachine.data.sync.timeout = 10s (default)
2019-09-26 19:35:52,643 [pool-271-thread-1] INFO  server.RaftServerConfigKeys (ConfUtils.java:logGet(43)) - raft.server.log.statemachine.data.sync.timeout.retry = -1 (default)
2019-09-26 19:35:52,643 [pool-271-thread-1] INFO  server.RaftServerConfigKeys (ConfUtils.java:logGet(43)) - raft.server.log.statemachine.data.caching.enabled = true (custom)
2019-09-26 19:35:52,643 [pool-271-thread-1] INFO  segmented.SegmentedRaftLogWorker (SegmentedRaftLogWorker.java:lambda$new$0(132)) - 728ea44c-f097-440a-a87e-c27a68d48f14@group-00022541A645-SegmentedRaftLogWorker: flushIndex: setUnconditionally 0 -> -1
2019-09-26 19:35:52,643 [pool-271-thread-1] INFO  server.RaftServerConfigKeys (ConfUtils.java:logGet(43)) - raft.server.snapshot.auto.trigger.enabled = true (custom)
2019-09-26 19:35:52,643 [pool-271-thread-1] INFO  server.RaftServerConfigKeys (ConfUtils.java:logGet(43)) - raft.server.snapshot.auto.trigger.threshold = 10000 (custom)
2019-09-26 19:35:52,643 [pool-271-thread-1] INFO  server.RaftServerConfigKeys (ConfUtils.java:logGet(43)) - raft.server.snapshot.retention.num.files = 5 (custom)
2019-09-26 19:35:52,644 [pool-271-thread-1] INFO  server.RaftServerConfigKeys (ConfUtils.java:logGet(43)) - raft.server.retrycache.expirytime = 600000ms (custom)
2019-09-26 19:35:52,645 [pool-271-thread-1] INFO  impl.RaftServerImpl (RaftServerImpl.java:start(185)) - 728ea44c-f097-440a-a87e-c27a68d48f14@group-00022541A645: start as a follower, conf=-1: [728ea44c-f097-440a-a87e-c27a68d48f14:192.168.151.99:38783], old=null
2019-09-26 19:35:52,645 [pool-271-thread-1] INFO  impl.RaftServerImpl (RaftServerImpl.java:setRole(174)) - 728ea44c-f097-440a-a87e-c27a68d48f14@group-00022541A645: changes role from      null to FOLLOWER at term 0 for startAsFollower
2019-09-26 19:35:52,646 [pool-271-thread-1] INFO  impl.RoleInfo (RoleInfo.java:updateAndGet(143)) - 728ea44c-f097-440a-a87e-c27a68d48f14: start FollowerState
2019-09-26 19:35:52,646 [pool-271-thread-1] INFO  util.JmxRegister (JmxRegister.java:tryRegister(44)) - Successfully registered JMX Bean with object name Ratis:service=RaftServer,group=group-00022541A645,id=728ea44c-f097-440a-a87e-c27a68d48f14
2019-09-26 19:35:52,648 [RatisPipelineUtilsThread] INFO  pipeline.PipelineStateManager (PipelineStateManager.java:addPipeline(56)) - Created pipeline Pipeline[ Id: 6494a348-5af7-42be-8271-00022541a645, Nodes: 728ea44c-f097-440a-a87e-c27a68d48f14{ip: 192.168.151.99, host: pr-hdds-1569-g6sp5-2013761785, networkLocation: /rack1, certSerialId: null}, Type:RATIS, Factor:ONE, State:OPEN]
2019-09-26 19:35:52,650 [grpc-default-executor-4] INFO  impl.RaftServerProxy (RaftServerProxy.java:addNew(89)) - 728ea44c-f097-440a-a87e-c27a68d48f14: addNew group-6DE20CC328A6:[728ea44c-f097-440a-a87e-c27a68d48f14:192.168.151.99:38783] returns group-6DE20CC328A6:java.util.concurrent.CompletableFuture@6ba28410[Not completed]
2019-09-26 19:35:52,651 [pool-271-thread-1] INFO  impl.RaftServerImpl (RaftServerImpl.java:<init>(95)) - 728ea44c-f097-440a-a87e-c27a68d48f14: new RaftServerImpl for group-6DE20CC328A6:[728ea44c-f097-440a-a87e-c27a68d48f14:192.168.151.99:38783] with ContainerStateMachine:uninitialized
2019-09-26 19:35:52,651 [pool-271-thread-1] INFO  server.RaftServerConfigKeys (ConfUtils.java:logGet(43)) - raft.server.rpc.timeout.min = 5s (custom)
2019-09-26 19:35:52,651 [pool-271-thread-1] INFO  server.RaftServerConfigKeys (ConfUtils.java:logGet(43)) - raft.server.rpc.timeout.max = 5200ms (custom)
2019-09-26 19:35:52,651 [pool-271-thread-1] INFO  server.RaftServerConfigKeys (ConfUtils.java:logGet(43)) - raft.server.rpcslowness.timeout = 120s (custom)
2019-09-26 19:35:52,651 [pool-271-thread-1] INFO  server.RaftServerConfigKeys (ConfUtils.java:logGet(43)) - raft.server.sleep.deviation.threshold = 300 (default)
2019-09-26 19:35:52,652 [pool-271-thread-1] INFO  server.RaftServerConfigKeys (ConfUtils.java:logGet(43)) - raft.server.log.appender.install.snapshot.enabled = false (custom)
2019-09-26 19:35:52,652 [pool-271-thread-1] INFO  impl.RaftServerImpl (ServerState.java:<init>(103)) - 728ea44c-f097-440a-a87e-c27a68d48f14@group-6DE20CC328A6: ConfigurationManager, init=-1: [728ea44c-f097-440a-a87e-c27a68d48f14:192.168.151.99:38783], old=null, confs=<EMPTY_MAP>
2019-09-26 19:35:52,652 [pool-271-thread-1] INFO  server.RaftServerConfigKeys (ConfUtils.java:logGet(43)) - raft.server.storage.dir = [/workdir/hadoop-ozone/integration-test/target/test-dir/MiniOzoneClusterImpl-2f79a7d3-d7ae-4963-8370-12bb1e2132d7/datanode-1/data/ratis] (custom)
2019-09-26 19:35:52,652 [pool-271-thread-1] INFO  storage.RaftStorageDirectory (RaftStorageDirectory.java:analyzeStorage(246)) - The storage directory /workdir/hadoop-ozone/integration-test/target/test-dir/MiniOzoneClusterImpl-2f79a7d3-d7ae-4963-8370-12bb1e2132d7/datanode-1/data/ratis/e99e6859-8292-49bb-acf9-6de20cc328a6 does not exist. Creating ...
2019-09-26 19:35:52,665 [pool-271-thread-1] INFO  storage.RaftStorageDirectory (RaftStorageDirectory.java:tryLock(328)) - Lock on /workdir/hadoop-ozone/integration-test/target/test-dir/MiniOzoneClusterImpl-2f79a7d3-d7ae-4963-8370-12bb1e2132d7/datanode-1/data/ratis/e99e6859-8292-49bb-acf9-6de20cc328a6/in_use.lock acquired by nodename 17888@pr-hdds-1569-g6sp5-2013761785
2019-09-26 19:35:52,678 [pool-271-thread-1] INFO  storage.RaftStorage (RaftStorage.java:format(72)) - Storage directory /workdir/hadoop-ozone/integration-test/target/test-dir/MiniOzoneClusterImpl-2f79a7d3-d7ae-4963-8370-12bb1e2132d7/datanode-1/data/ratis/e99e6859-8292-49bb-acf9-6de20cc328a6 has been successfully formatted.
2019-09-26 19:35:52,678 [pool-271-thread-1] INFO  ratis.ContainerStateMachine (ContainerStateMachine.java:loadSnapshot(230)) - group-6DE20CC328A6: The snapshot info is null. Setting the last applied indexto:(t:0, i:~)
2019-09-26 19:35:52,679 [pool-271-thread-1] INFO  server.RaftServerConfigKeys (ConfUtils.java:logGet(43)) - raft.server.notification.no-leader.timeout = 120s (custom)
2019-09-26 19:35:52,679 [pool-271-thread-1] INFO  server.RaftServerConfigKeys (ConfUtils.java:logGet(43)) - raft.server.log.use.memory = false (default)
2019-09-26 19:35:52,679 [pool-271-thread-1] INFO  server.RaftServerConfigKeys (ConfUtils.java:logGet(43)) - raft.server.log.purge.gap = 1000000 (custom)
2019-09-26 19:35:52,679 [pool-271-thread-1] INFO  server.RaftServerConfigKeys (ConfUtils.java:logGet(43)) - raft.server.log.appender.buffer.byte-limit = 33554432 (custom)
2019-09-26 19:35:52,679 [pool-271-thread-1] INFO  server.RaftServerConfigKeys (ConfUtils.java:logGet(43)) - raft.server.log.segment.size.max = 1048576 (custom)
2019-09-26 19:35:52,679 [pool-271-thread-1] INFO  server.RaftServerConfigKeys (ConfUtils.java:logGet(43)) - raft.server.log.segment.cache.num.max = 2 (custom)
2019-09-26 19:35:52,679 [pool-271-thread-1] INFO  segmented.SegmentedRaftLogWorker (SegmentedRaftLogWorker.java:<init>(172)) - new 728ea44c-f097-440a-a87e-c27a68d48f14@group-6DE20CC328A6-SegmentedRaftLogWorker for RaftStorage:Storage Directory /workdir/hadoop-ozone/integration-test/target/test-dir/MiniOzoneClusterImpl-2f79a7d3-d7ae-4963-8370-12bb1e2132d7/datanode-1/data/ratis/e99e6859-8292-49bb-acf9-6de20cc328a6
2019-09-26 19:35:52,679 [pool-271-thread-1] INFO  server.RaftServerConfigKeys (ConfUtils.java:logGet(43)) - raft.server.log.queue.byte-limit = 2147483647 (custom)
2019-09-26 19:35:52,680 [pool-271-thread-1] INFO  server.RaftServerConfigKeys (ConfUtils.java:logGet(43)) - raft.server.log.queue.element-limit = 1024 (custom)
2019-09-26 19:35:52,680 [pool-271-thread-1] INFO  server.RaftServerConfigKeys (ConfUtils.java:logGet(43)) - raft.server.log.segment.size.max = 1048576 (custom)
2019-09-26 19:35:52,680 [pool-271-thread-1] INFO  server.RaftServerConfigKeys (ConfUtils.java:logGet(43)) - raft.server.log.preallocated.size = 16384 (custom)
2019-09-26 19:35:52,680 [pool-271-thread-1] INFO  server.RaftServerConfigKeys (ConfUtils.java:logGet(43)) - raft.server.log.write.buffer.size = 33554432 (custom)
2019-09-26 19:35:52,680 [pool-271-thread-1] INFO  server.RaftServerConfigKeys (ConfUtils.java:logGet(43)) - raft.server.log.force.sync.num = 128 (default)
2019-09-26 19:35:52,680 [pool-271-thread-1] INFO  server.RaftServerConfigKeys (ConfUtils.java:logGet(43)) - raft.server.log.statemachine.data.sync = true (default)
2019-09-26 19:35:52,680 [pool-271-thread-1] INFO  server.RaftServerConfigKeys (ConfUtils.java:logGet(43)) - raft.server.log.statemachine.data.sync.timeout = 10s (default)
2019-09-26 19:35:52,680 [pool-271-thread-1] INFO  server.RaftServerConfigKeys (ConfUtils.java:logGet(43)) - raft.server.log.statemachine.data.sync.timeout.retry = -1 (default)
2019-09-26 19:35:52,680 [pool-271-thread-1] INFO  server.RaftServerConfigKeys (ConfUtils.java:logGet(43)) - raft.server.log.statemachine.data.caching.enabled = true (custom)
2019-09-26 19:35:52,681 [pool-271-thread-1] INFO  segmented.SegmentedRaftLogWorker (SegmentedRaftLogWorker.java:lambda$new$0(132)) - 728ea44c-f097-440a-a87e-c27a68d48f14@group-6DE20CC328A6-SegmentedRaftLogWorker: flushIndex: setUnconditionally 0 -> -1
2019-09-26 19:35:52,681 [pool-271-thread-1] INFO  server.RaftServerConfigKeys (ConfUtils.java:logGet(43)) - raft.server.snapshot.auto.trigger.enabled = true (custom)
2019-09-26 19:35:52,681 [pool-271-thread-1] INFO  server.RaftServerConfigKeys (ConfUtils.java:logGet(43)) - raft.server.snapshot.auto.trigger.threshold = 10000 (custom)
2019-09-26 19:35:52,681 [pool-271-thread-1] INFO  server.RaftServerConfigKeys (ConfUtils.java:logGet(43)) - raft.server.snapshot.retention.num.files = 5 (custom)
2019-09-26 19:35:52,681 [pool-271-thread-1] INFO  server.RaftServerConfigKeys (ConfUtils.java:logGet(43)) - raft.server.retrycache.expirytime = 600000ms (custom)
2019-09-26 19:35:52,683 [pool-271-thread-1] INFO  impl.RaftServerImpl (RaftServerImpl.java:start(185)) - 728ea44c-f097-440a-a87e-c27a68d48f14@group-6DE20CC328A6: start as a follower, conf=-1: [728ea44c-f097-440a-a87e-c27a68d48f14:192.168.151.99:38783], old=null
2019-09-26 19:35:52,683 [pool-271-thread-1] INFO  impl.RaftServerImpl (RaftServerImpl.java:setRole(174)) - 728ea44c-f097-440a-a87e-c27a68d48f14@group-6DE20CC328A6: changes role from      null to FOLLOWER at term 0 for startAsFollower
2019-09-26 19:35:52,683 [pool-271-thread-1] INFO  impl.RoleInfo (RoleInfo.java:updateAndGet(143)) - 728ea44c-f097-440a-a87e-c27a68d48f14: start FollowerState
2019-09-26 19:35:52,683 [pool-271-thread-1] INFO  util.JmxRegister (JmxRegister.java:tryRegister(44)) - Successfully registered JMX Bean with object name Ratis:service=RaftServer,group=group-6DE20CC328A6,id=728ea44c-f097-440a-a87e-c27a68d48f14
2019-09-26 19:35:52,685 [RatisPipelineUtilsThread] INFO  pipeline.PipelineStateManager (PipelineStateManager.java:addPipeline(56)) - Created pipeline Pipeline[ Id: e99e6859-8292-49bb-acf9-6de20cc328a6, Nodes: 728ea44c-f097-440a-a87e-c27a68d48f14{ip: 192.168.151.99, host: pr-hdds-1569-g6sp5-2013761785, networkLocation: /rack1, certSerialId: null}, Type:RATIS, Factor:ONE, State:OPEN]
2019-09-26 19:35:52,688 [grpc-default-executor-4] INFO  impl.RaftServerProxy (RaftServerProxy.java:addNew(89)) - 99aa1396-69c4-4985-9b2a-20430cc4a0a7: addNew group-A023F2631D1E:[99aa1396-69c4-4985-9b2a-20430cc4a0a7:192.168.151.99:40213] returns group-A023F2631D1E:java.util.concurrent.CompletableFuture@63ea36a2[Not completed]
2019-09-26 19:35:52,689 [pool-281-thread-1] INFO  impl.RaftServerImpl (RaftServerImpl.java:<init>(95)) - 99aa1396-69c4-4985-9b2a-20430cc4a0a7: new RaftServerImpl for group-A023F2631D1E:[99aa1396-69c4-4985-9b2a-20430cc4a0a7:192.168.151.99:40213] with ContainerStateMachine:uninitialized
2019-09-26 19:35:52,689 [pool-281-thread-1] INFO  server.RaftServerConfigKeys (ConfUtils.java:logGet(43)) - raft.server.rpc.timeout.min = 5s (custom)
2019-09-26 19:35:52,689 [pool-281-thread-1] INFO  server.RaftServerConfigKeys (ConfUtils.java:logGet(43)) - raft.server.rpc.timeout.max = 5200ms (custom)
2019-09-26 19:35:52,689 [pool-281-thread-1] INFO  server.RaftServerConfigKeys (ConfUtils.java:logGet(43)) - raft.server.rpcslowness.timeout = 120s (custom)
2019-09-26 19:35:52,689 [pool-281-thread-1] INFO  server.RaftServerConfigKeys (ConfUtils.java:logGet(43)) - raft.server.sleep.deviation.threshold = 300 (default)
2019-09-26 19:35:52,690 [pool-281-thread-1] INFO  server.RaftServerConfigKeys (ConfUtils.java:logGet(43)) - raft.server.log.appender.install.snapshot.enabled = false (custom)
2019-09-26 19:35:52,690 [pool-281-thread-1] INFO  impl.RaftServerImpl (ServerState.java:<init>(103)) - 99aa1396-69c4-4985-9b2a-20430cc4a0a7@group-A023F2631D1E: ConfigurationManager, init=-1: [99aa1396-69c4-4985-9b2a-20430cc4a0a7:192.168.151.99:40213], old=null, confs=<EMPTY_MAP>
2019-09-26 19:35:52,690 [pool-281-thread-1] INFO  server.RaftServerConfigKeys (ConfUtils.java:logGet(43)) - raft.server.storage.dir = [/workdir/hadoop-ozone/integration-test/target/test-dir/MiniOzoneClusterImpl-2f79a7d3-d7ae-4963-8370-12bb1e2132d7/datanode-2/data/ratis] (custom)
2019-09-26 19:35:52,690 [pool-281-thread-1] INFO  storage.RaftStorageDirectory (RaftStorageDirectory.java:analyzeStorage(246)) - The storage directory /workdir/hadoop-ozone/integration-test/target/test-dir/MiniOzoneClusterImpl-2f79a7d3-d7ae-4963-8370-12bb1e2132d7/datanode-2/data/ratis/e8844d60-4d15-4c43-a44c-a023f2631d1e does not exist. Creating ...
2019-09-26 19:35:52,703 [pool-281-thread-1] INFO  storage.RaftStorageDirectory (RaftStorageDirectory.java:tryLock(328)) - Lock on /workdir/hadoop-ozone/integration-test/target/test-dir/MiniOzoneClusterImpl-2f79a7d3-d7ae-4963-8370-12bb1e2132d7/datanode-2/data/ratis/e8844d60-4d15-4c43-a44c-a023f2631d1e/in_use.lock acquired by nodename 17888@pr-hdds-1569-g6sp5-2013761785
2019-09-26 19:35:52,717 [pool-281-thread-1] INFO  storage.RaftStorage (RaftStorage.java:format(72)) - Storage directory /workdir/hadoop-ozone/integration-test/target/test-dir/MiniOzoneClusterImpl-2f79a7d3-d7ae-4963-8370-12bb1e2132d7/datanode-2/data/ratis/e8844d60-4d15-4c43-a44c-a023f2631d1e has been successfully formatted.
2019-09-26 19:35:52,717 [pool-281-thread-1] INFO  ratis.ContainerStateMachine (ContainerStateMachine.java:loadSnapshot(230)) - group-A023F2631D1E: The snapshot info is null. Setting the last applied indexto:(t:0, i:~)
2019-09-26 19:35:52,717 [pool-281-thread-1] INFO  server.RaftServerConfigKeys (ConfUtils.java:logGet(43)) - raft.server.notification.no-leader.timeout = 120s (custom)
2019-09-26 19:35:52,717 [pool-281-thread-1] INFO  server.RaftServerConfigKeys (ConfUtils.java:logGet(43)) - raft.server.log.use.memory = false (default)
2019-09-26 19:35:52,717 [pool-281-thread-1] INFO  server.RaftServerConfigKeys (ConfUtils.java:logGet(43)) - raft.server.log.purge.gap = 1000000 (custom)
2019-09-26 19:35:52,718 [pool-281-thread-1] INFO  server.RaftServerConfigKeys (ConfUtils.java:logGet(43)) - raft.server.log.appender.buffer.byte-limit = 33554432 (custom)
2019-09-26 19:35:52,718 [pool-281-thread-1] INFO  server.RaftServerConfigKeys (ConfUtils.java:logGet(43)) - raft.server.log.segment.size.max = 1048576 (custom)
2019-09-26 19:35:52,718 [pool-281-thread-1] INFO  server.RaftServerConfigKeys (ConfUtils.java:logGet(43)) - raft.server.log.segment.cache.num.max = 2 (custom)
2019-09-26 19:35:52,718 [pool-281-thread-1] INFO  segmented.SegmentedRaftLogWorker (SegmentedRaftLogWorker.java:<init>(172)) - new 99aa1396-69c4-4985-9b2a-20430cc4a0a7@group-A023F2631D1E-SegmentedRaftLogWorker for RaftStorage:Storage Directory /workdir/hadoop-ozone/integration-test/target/test-dir/MiniOzoneClusterImpl-2f79a7d3-d7ae-4963-8370-12bb1e2132d7/datanode-2/data/ratis/e8844d60-4d15-4c43-a44c-a023f2631d1e
2019-09-26 19:35:52,718 [pool-281-thread-1] INFO  server.RaftServerConfigKeys (ConfUtils.java:logGet(43)) - raft.server.log.queue.byte-limit = 2147483647 (custom)
2019-09-26 19:35:52,718 [pool-281-thread-1] INFO  server.RaftServerConfigKeys (ConfUtils.java:logGet(43)) - raft.server.log.queue.element-limit = 1024 (custom)
2019-09-26 19:35:52,718 [pool-281-thread-1] INFO  server.RaftServerConfigKeys (ConfUtils.java:logGet(43)) - raft.server.log.segment.size.max = 1048576 (custom)
2019-09-26 19:35:52,718 [pool-281-thread-1] INFO  server.RaftServerConfigKeys (ConfUtils.java:logGet(43)) - raft.server.log.preallocated.size = 16384 (custom)
2019-09-26 19:35:52,719 [pool-281-thread-1] INFO  server.RaftServerConfigKeys (ConfUtils.java:logGet(43)) - raft.server.log.write.buffer.size = 33554432 (custom)
2019-09-26 19:35:52,719 [pool-281-thread-1] INFO  server.RaftServerConfigKeys (ConfUtils.java:logGet(43)) - raft.server.log.force.sync.num = 128 (default)
2019-09-26 19:35:52,719 [pool-281-thread-1] INFO  server.RaftServerConfigKeys (ConfUtils.java:logGet(43)) - raft.server.log.statemachine.data.sync = true (default)
2019-09-26 19:35:52,719 [pool-281-thread-1] INFO  server.RaftServerConfigKeys (ConfUtils.java:logGet(43)) - raft.server.log.statemachine.data.sync.timeout = 10s (default)
2019-09-26 19:35:52,719 [pool-281-thread-1] INFO  server.RaftServerConfigKeys (ConfUtils.java:logGet(43)) - raft.server.log.statemachine.data.sync.timeout.retry = -1 (default)
2019-09-26 19:35:52,719 [pool-281-thread-1] INFO  server.RaftServerConfigKeys (ConfUtils.java:logGet(43)) - raft.server.log.statemachine.data.caching.enabled = true (custom)
2019-09-26 19:35:52,719 [pool-281-thread-1] INFO  segmented.SegmentedRaftLogWorker (SegmentedRaftLogWorker.java:lambda$new$0(132)) - 99aa1396-69c4-4985-9b2a-20430cc4a0a7@group-A023F2631D1E-SegmentedRaftLogWorker: flushIndex: setUnconditionally 0 -> -1
2019-09-26 19:35:52,720 [pool-281-thread-1] INFO  server.RaftServerConfigKeys (ConfUtils.java:logGet(43)) - raft.server.snapshot.auto.trigger.enabled = true (custom)
2019-09-26 19:35:52,720 [pool-281-thread-1] INFO  server.RaftServerConfigKeys (ConfUtils.java:logGet(43)) - raft.server.snapshot.auto.trigger.threshold = 10000 (custom)
2019-09-26 19:35:52,720 [pool-281-thread-1] INFO  server.RaftServerConfigKeys (ConfUtils.java:logGet(43)) - raft.server.snapshot.retention.num.files = 5 (custom)
2019-09-26 19:35:52,720 [pool-281-thread-1] INFO  server.RaftServerConfigKeys (ConfUtils.java:logGet(43)) - raft.server.retrycache.expirytime = 600000ms (custom)
2019-09-26 19:35:52,722 [pool-281-thread-1] INFO  impl.RaftServerImpl (RaftServerImpl.java:start(185)) - 99aa1396-69c4-4985-9b2a-20430cc4a0a7@group-A023F2631D1E: start as a follower, conf=-1: [99aa1396-69c4-4985-9b2a-20430cc4a0a7:192.168.151.99:40213], old=null
2019-09-26 19:35:52,722 [pool-281-thread-1] INFO  impl.RaftServerImpl (RaftServerImpl.java:setRole(174)) - 99aa1396-69c4-4985-9b2a-20430cc4a0a7@group-A023F2631D1E: changes role from      null to FOLLOWER at term 0 for startAsFollower
2019-09-26 19:35:52,722 [pool-281-thread-1] INFO  impl.RoleInfo (RoleInfo.java:updateAndGet(143)) - 99aa1396-69c4-4985-9b2a-20430cc4a0a7: start FollowerState
2019-09-26 19:35:52,723 [pool-281-thread-1] INFO  util.JmxRegister (JmxRegister.java:tryRegister(44)) - Successfully registered JMX Bean with object name Ratis:service=RaftServer,group=group-A023F2631D1E,id=99aa1396-69c4-4985-9b2a-20430cc4a0a7
2019-09-26 19:35:52,724 [RatisPipelineUtilsThread] INFO  pipeline.PipelineStateManager (PipelineStateManager.java:addPipeline(56)) - Created pipeline Pipeline[ Id: e8844d60-4d15-4c43-a44c-a023f2631d1e, Nodes: 99aa1396-69c4-4985-9b2a-20430cc4a0a7{ip: 192.168.151.99, host: pr-hdds-1569-g6sp5-2013761785, networkLocation: /rack1, certSerialId: null}, Type:RATIS, Factor:ONE, State:OPEN]
2019-09-26 19:35:52,726 [grpc-default-executor-4] INFO  impl.RaftServerProxy (RaftServerProxy.java:addNew(89)) - 728ea44c-f097-440a-a87e-c27a68d48f14: addNew group-ABA8D2B5BCFD:[728ea44c-f097-440a-a87e-c27a68d48f14:192.168.151.99:38783] returns group-ABA8D2B5BCFD:java.util.concurrent.CompletableFuture@77eb0205[Not completed]
2019-09-26 19:35:52,727 [pool-271-thread-1] INFO  impl.RaftServerImpl (RaftServerImpl.java:<init>(95)) - 728ea44c-f097-440a-a87e-c27a68d48f14: new RaftServerImpl for group-ABA8D2B5BCFD:[728ea44c-f097-440a-a87e-c27a68d48f14:192.168.151.99:38783] with ContainerStateMachine:uninitialized
2019-09-26 19:35:52,727 [pool-271-thread-1] INFO  server.RaftServerConfigKeys (ConfUtils.java:logGet(43)) - raft.server.rpc.timeout.min = 5s (custom)
2019-09-26 19:35:52,727 [pool-271-thread-1] INFO  server.RaftServerConfigKeys (ConfUtils.java:logGet(43)) - raft.server.rpc.timeout.max = 5200ms (custom)
2019-09-26 19:35:52,727 [pool-271-thread-1] INFO  server.RaftServerConfigKeys (ConfUtils.java:logGet(43)) - raft.server.rpcslowness.timeout = 120s (custom)
2019-09-26 19:35:52,727 [pool-271-thread-1] INFO  server.RaftServerConfigKeys (ConfUtils.java:logGet(43)) - raft.server.sleep.deviation.threshold = 300 (default)
2019-09-26 19:35:52,728 [pool-271-thread-1] INFO  server.RaftServerConfigKeys (ConfUtils.java:logGet(43)) - raft.server.log.appender.install.snapshot.enabled = false (custom)
2019-09-26 19:35:52,728 [pool-271-thread-1] INFO  impl.RaftServerImpl (ServerState.java:<init>(103)) - 728ea44c-f097-440a-a87e-c27a68d48f14@group-ABA8D2B5BCFD: ConfigurationManager, init=-1: [728ea44c-f097-440a-a87e-c27a68d48f14:192.168.151.99:38783], old=null, confs=<EMPTY_MAP>
2019-09-26 19:35:52,728 [pool-271-thread-1] INFO  server.RaftServerConfigKeys (ConfUtils.java:logGet(43)) - raft.server.storage.dir = [/workdir/hadoop-ozone/integration-test/target/test-dir/MiniOzoneClusterImpl-2f79a7d3-d7ae-4963-8370-12bb1e2132d7/datanode-1/data/ratis] (custom)
2019-09-26 19:35:52,728 [pool-271-thread-1] INFO  storage.RaftStorageDirectory (RaftStorageDirectory.java:analyzeStorage(246)) - The storage directory /workdir/hadoop-ozone/integration-test/target/test-dir/MiniOzoneClusterImpl-2f79a7d3-d7ae-4963-8370-12bb1e2132d7/datanode-1/data/ratis/9f93e5c6-6c6b-4cce-bf32-aba8d2b5bcfd does not exist. Creating ...
2019-09-26 19:35:52,741 [pool-271-thread-1] INFO  storage.RaftStorageDirectory (RaftStorageDirectory.java:tryLock(328)) - Lock on /workdir/hadoop-ozone/integration-test/target/test-dir/MiniOzoneClusterImpl-2f79a7d3-d7ae-4963-8370-12bb1e2132d7/datanode-1/data/ratis/9f93e5c6-6c6b-4cce-bf32-aba8d2b5bcfd/in_use.lock acquired by nodename 17888@pr-hdds-1569-g6sp5-2013761785
2019-09-26 19:35:52,754 [pool-271-thread-1] INFO  storage.RaftStorage (RaftStorage.java:format(72)) - Storage directory /workdir/hadoop-ozone/integration-test/target/test-dir/MiniOzoneClusterImpl-2f79a7d3-d7ae-4963-8370-12bb1e2132d7/datanode-1/data/ratis/9f93e5c6-6c6b-4cce-bf32-aba8d2b5bcfd has been successfully formatted.
2019-09-26 19:35:52,755 [pool-271-thread-1] INFO  ratis.ContainerStateMachine (ContainerStateMachine.java:loadSnapshot(230)) - group-ABA8D2B5BCFD: The snapshot info is null. Setting the last applied indexto:(t:0, i:~)
2019-09-26 19:35:52,755 [pool-271-thread-1] INFO  server.RaftServerConfigKeys (ConfUtils.java:logGet(43)) - raft.server.notification.no-leader.timeout = 120s (custom)
2019-09-26 19:35:52,755 [pool-271-thread-1] INFO  server.RaftServerConfigKeys (ConfUtils.java:logGet(43)) - raft.server.log.use.memory = false (default)
2019-09-26 19:35:52,755 [pool-271-thread-1] INFO  server.RaftServerConfigKeys (ConfUtils.java:logGet(43)) - raft.server.log.purge.gap = 1000000 (custom)
2019-09-26 19:35:52,755 [pool-271-thread-1] INFO  server.RaftServerConfigKeys (ConfUtils.java:logGet(43)) - raft.server.log.appender.buffer.byte-limit = 33554432 (custom)
2019-09-26 19:35:52,755 [pool-271-thread-1] INFO  server.RaftServerConfigKeys (ConfUtils.java:logGet(43)) - raft.server.log.segment.size.max = 1048576 (custom)
2019-09-26 19:35:52,755 [pool-271-thread-1] INFO  server.RaftServerConfigKeys (ConfUtils.java:logGet(43)) - raft.server.log.segment.cache.num.max = 2 (custom)
2019-09-26 19:35:52,755 [pool-271-thread-1] INFO  segmented.SegmentedRaftLogWorker (SegmentedRaftLogWorker.java:<init>(172)) - new 728ea44c-f097-440a-a87e-c27a68d48f14@group-ABA8D2B5BCFD-SegmentedRaftLogWorker for RaftStorage:Storage Directory /workdir/hadoop-ozone/integration-test/target/test-dir/MiniOzoneClusterImpl-2f79a7d3-d7ae-4963-8370-12bb1e2132d7/datanode-1/data/ratis/9f93e5c6-6c6b-4cce-bf32-aba8d2b5bcfd
2019-09-26 19:35:52,755 [pool-271-thread-1] INFO  server.RaftServerConfigKeys (ConfUtils.java:logGet(43)) - raft.server.log.queue.byte-limit = 2147483647 (custom)
2019-09-26 19:35:52,756 [pool-271-thread-1] INFO  server.RaftServerConfigKeys (ConfUtils.java:logGet(43)) - raft.server.log.queue.element-limit = 1024 (custom)
2019-09-26 19:35:52,756 [pool-271-thread-1] INFO  server.RaftServerConfigKeys (ConfUtils.java:logGet(43)) - raft.server.log.segment.size.max = 1048576 (custom)
2019-09-26 19:35:52,756 [pool-271-thread-1] INFO  server.RaftServerConfigKeys (ConfUtils.java:logGet(43)) - raft.server.log.preallocated.size = 16384 (custom)
2019-09-26 19:35:52,756 [pool-271-thread-1] INFO  server.RaftServerConfigKeys (ConfUtils.java:logGet(43)) - raft.server.log.write.buffer.size = 33554432 (custom)
2019-09-26 19:35:52,756 [pool-271-thread-1] INFO  server.RaftServerConfigKeys (ConfUtils.java:logGet(43)) - raft.server.log.force.sync.num = 128 (default)
2019-09-26 19:35:52,756 [pool-271-thread-1] INFO  server.RaftServerConfigKeys (ConfUtils.java:logGet(43)) - raft.server.log.statemachine.data.sync = true (default)
2019-09-26 19:35:52,756 [pool-271-thread-1] INFO  server.RaftServerConfigKeys (ConfUtils.java:logGet(43)) - raft.server.log.statemachine.data.sync.timeout = 10s (default)
2019-09-26 19:35:52,756 [pool-271-thread-1] INFO  server.RaftServerConfigKeys (ConfUtils.java:logGet(43)) - raft.server.log.statemachine.data.sync.timeout.retry = -1 (default)
2019-09-26 19:35:52,756 [pool-271-thread-1] INFO  server.RaftServerConfigKeys (ConfUtils.java:logGet(43)) - raft.server.log.statemachine.data.caching.enabled = true (custom)
2019-09-26 19:35:52,757 [pool-271-thread-1] INFO  segmented.SegmentedRaftLogWorker (SegmentedRaftLogWorker.java:lambda$new$0(132)) - 728ea44c-f097-440a-a87e-c27a68d48f14@group-ABA8D2B5BCFD-SegmentedRaftLogWorker: flushIndex: setUnconditionally 0 -> -1
2019-09-26 19:35:52,757 [pool-271-thread-1] INFO  server.RaftServerConfigKeys (ConfUtils.java:logGet(43)) - raft.server.snapshot.auto.trigger.enabled = true (custom)
2019-09-26 19:35:52,757 [pool-271-thread-1] INFO  server.RaftServerConfigKeys (ConfUtils.java:logGet(43)) - raft.server.snapshot.auto.trigger.threshold = 10000 (custom)
2019-09-26 19:35:52,757 [pool-271-thread-1] INFO  server.RaftServerConfigKeys (ConfUtils.java:logGet(43)) - raft.server.snapshot.retention.num.files = 5 (custom)
2019-09-26 19:35:52,757 [pool-271-thread-1] INFO  server.RaftServerConfigKeys (ConfUtils.java:logGet(43)) - raft.server.retrycache.expirytime = 600000ms (custom)
2019-09-26 19:35:52,759 [pool-271-thread-1] INFO  impl.RaftServerImpl (RaftServerImpl.java:start(185)) - 728ea44c-f097-440a-a87e-c27a68d48f14@group-ABA8D2B5BCFD: start as a follower, conf=-1: [728ea44c-f097-440a-a87e-c27a68d48f14:192.168.151.99:38783], old=null
2019-09-26 19:35:52,759 [pool-271-thread-1] INFO  impl.RaftServerImpl (RaftServerImpl.java:setRole(174)) - 728ea44c-f097-440a-a87e-c27a68d48f14@group-ABA8D2B5BCFD: changes role from      null to FOLLOWER at term 0 for startAsFollower
2019-09-26 19:35:52,759 [pool-271-thread-1] INFO  impl.RoleInfo (RoleInfo.java:updateAndGet(143)) - 728ea44c-f097-440a-a87e-c27a68d48f14: start FollowerState
2019-09-26 19:35:52,759 [pool-271-thread-1] INFO  util.JmxRegister (JmxRegister.java:tryRegister(44)) - Successfully registered JMX Bean with object name Ratis:service=RaftServer,group=group-ABA8D2B5BCFD,id=728ea44c-f097-440a-a87e-c27a68d48f14
2019-09-26 19:35:52,760 [RatisPipelineUtilsThread] INFO  pipeline.PipelineStateManager (PipelineStateManager.java:addPipeline(56)) - Created pipeline Pipeline[ Id: 9f93e5c6-6c6b-4cce-bf32-aba8d2b5bcfd, Nodes: 728ea44c-f097-440a-a87e-c27a68d48f14{ip: 192.168.151.99, host: pr-hdds-1569-g6sp5-2013761785, networkLocation: /rack1, certSerialId: null}, Type:RATIS, Factor:ONE, State:OPEN]
2019-09-26 19:35:52,763 [grpc-default-executor-4] INFO  impl.RaftServerProxy (RaftServerProxy.java:addNew(89)) - 27cb48db-4b88-4c0c-b213-19f9b2fffaff: addNew group-54BA70092F96:[27cb48db-4b88-4c0c-b213-19f9b2fffaff:192.168.151.99:37457] returns group-54BA70092F96:java.util.concurrent.CompletableFuture@4bf43d1b[Not completed]
2019-09-26 19:35:52,764 [pool-261-thread-1] INFO  impl.RaftServerImpl (RaftServerImpl.java:<init>(95)) - 27cb48db-4b88-4c0c-b213-19f9b2fffaff: new RaftServerImpl for group-54BA70092F96:[27cb48db-4b88-4c0c-b213-19f9b2fffaff:192.168.151.99:37457] with ContainerStateMachine:uninitialized
2019-09-26 19:35:52,764 [pool-261-thread-1] INFO  server.RaftServerConfigKeys (ConfUtils.java:logGet(43)) - raft.server.rpc.timeout.min = 5s (custom)
2019-09-26 19:35:52,764 [pool-261-thread-1] INFO  server.RaftServerConfigKeys (ConfUtils.java:logGet(43)) - raft.server.rpc.timeout.max = 5200ms (custom)
2019-09-26 19:35:52,764 [pool-261-thread-1] INFO  server.RaftServerConfigKeys (ConfUtils.java:logGet(43)) - raft.server.rpcslowness.timeout = 120s (custom)
2019-09-26 19:35:52,764 [pool-261-thread-1] INFO  server.RaftServerConfigKeys (ConfUtils.java:logGet(43)) - raft.server.sleep.deviation.threshold = 300 (default)
2019-09-26 19:35:52,764 [pool-261-thread-1] INFO  server.RaftServerConfigKeys (ConfUtils.java:logGet(43)) - raft.server.log.appender.install.snapshot.enabled = false (custom)
2019-09-26 19:35:52,764 [pool-261-thread-1] INFO  impl.RaftServerImpl (ServerState.java:<init>(103)) - 27cb48db-4b88-4c0c-b213-19f9b2fffaff@group-54BA70092F96: ConfigurationManager, init=-1: [27cb48db-4b88-4c0c-b213-19f9b2fffaff:192.168.151.99:37457], old=null, confs=<EMPTY_MAP>
2019-09-26 19:35:52,765 [pool-261-thread-1] INFO  server.RaftServerConfigKeys (ConfUtils.java:logGet(43)) - raft.server.storage.dir = [/workdir/hadoop-ozone/integration-test/target/test-dir/MiniOzoneClusterImpl-2f79a7d3-d7ae-4963-8370-12bb1e2132d7/datanode-0/data/ratis] (custom)
2019-09-26 19:35:52,765 [pool-261-thread-1] INFO  storage.RaftStorageDirectory (RaftStorageDirectory.java:analyzeStorage(246)) - The storage directory /workdir/hadoop-ozone/integration-test/target/test-dir/MiniOzoneClusterImpl-2f79a7d3-d7ae-4963-8370-12bb1e2132d7/datanode-0/data/ratis/5e010dee-1ab0-47d4-9fe4-54ba70092f96 does not exist. Creating ...
2019-09-26 19:35:52,778 [pool-261-thread-1] INFO  storage.RaftStorageDirectory (RaftStorageDirectory.java:tryLock(328)) - Lock on /workdir/hadoop-ozone/integration-test/target/test-dir/MiniOzoneClusterImpl-2f79a7d3-d7ae-4963-8370-12bb1e2132d7/datanode-0/data/ratis/5e010dee-1ab0-47d4-9fe4-54ba70092f96/in_use.lock acquired by nodename 17888@pr-hdds-1569-g6sp5-2013761785
2019-09-26 19:35:52,792 [pool-261-thread-1] INFO  storage.RaftStorage (RaftStorage.java:format(72)) - Storage directory /workdir/hadoop-ozone/integration-test/target/test-dir/MiniOzoneClusterImpl-2f79a7d3-d7ae-4963-8370-12bb1e2132d7/datanode-0/data/ratis/5e010dee-1ab0-47d4-9fe4-54ba70092f96 has been successfully formatted.
2019-09-26 19:35:52,792 [pool-261-thread-1] INFO  ratis.ContainerStateMachine (ContainerStateMachine.java:loadSnapshot(230)) - group-54BA70092F96: The snapshot info is null. Setting the last applied indexto:(t:0, i:~)
2019-09-26 19:35:52,792 [pool-261-thread-1] INFO  server.RaftServerConfigKeys (ConfUtils.java:logGet(43)) - raft.server.notification.no-leader.timeout = 120s (custom)
2019-09-26 19:35:52,793 [pool-261-thread-1] INFO  server.RaftServerConfigKeys (ConfUtils.java:logGet(43)) - raft.server.log.use.memory = false (default)
2019-09-26 19:35:52,793 [pool-261-thread-1] INFO  server.RaftServerConfigKeys (ConfUtils.java:logGet(43)) - raft.server.log.purge.gap = 1000000 (custom)
2019-09-26 19:35:52,793 [pool-261-thread-1] INFO  server.RaftServerConfigKeys (ConfUtils.java:logGet(43)) - raft.server.log.appender.buffer.byte-limit = 33554432 (custom)
2019-09-26 19:35:52,793 [pool-261-thread-1] INFO  server.RaftServerConfigKeys (ConfUtils.java:logGet(43)) - raft.server.log.segment.size.max = 1048576 (custom)
2019-09-26 19:35:52,793 [pool-261-thread-1] INFO  server.RaftServerConfigKeys (ConfUtils.java:logGet(43)) - raft.server.log.segment.cache.num.max = 2 (custom)
2019-09-26 19:35:52,793 [pool-261-thread-1] INFO  segmented.SegmentedRaftLogWorker (SegmentedRaftLogWorker.java:<init>(172)) - new 27cb48db-4b88-4c0c-b213-19f9b2fffaff@group-54BA70092F96-SegmentedRaftLogWorker for RaftStorage:Storage Directory /workdir/hadoop-ozone/integration-test/target/test-dir/MiniOzoneClusterImpl-2f79a7d3-d7ae-4963-8370-12bb1e2132d7/datanode-0/data/ratis/5e010dee-1ab0-47d4-9fe4-54ba70092f96
2019-09-26 19:35:52,793 [pool-261-thread-1] INFO  server.RaftServerConfigKeys (ConfUtils.java:logGet(43)) - raft.server.log.queue.byte-limit = 2147483647 (custom)
2019-09-26 19:35:52,794 [pool-261-thread-1] INFO  server.RaftServerConfigKeys (ConfUtils.java:logGet(43)) - raft.server.log.queue.element-limit = 1024 (custom)
2019-09-26 19:35:52,794 [pool-261-thread-1] INFO  server.RaftServerConfigKeys (ConfUtils.java:logGet(43)) - raft.server.log.segment.size.max = 1048576 (custom)
2019-09-26 19:35:52,794 [pool-261-thread-1] INFO  server.RaftServerConfigKeys (ConfUtils.java:logGet(43)) - raft.server.log.preallocated.size = 16384 (custom)
2019-09-26 19:35:52,794 [pool-261-thread-1] INFO  server.RaftServerConfigKeys (ConfUtils.java:logGet(43)) - raft.server.log.write.buffer.size = 33554432 (custom)
2019-09-26 19:35:52,794 [pool-261-thread-1] INFO  server.RaftServerConfigKeys (ConfUtils.java:logGet(43)) - raft.server.log.force.sync.num = 128 (default)
2019-09-26 19:35:52,794 [pool-261-thread-1] INFO  server.RaftServerConfigKeys (ConfUtils.java:logGet(43)) - raft.server.log.statemachine.data.sync = true (default)
2019-09-26 19:35:52,794 [pool-261-thread-1] INFO  server.RaftServerConfigKeys (ConfUtils.java:logGet(43)) - raft.server.log.statemachine.data.sync.timeout = 10s (default)
2019-09-26 19:35:52,794 [pool-261-thread-1] INFO  server.RaftServerConfigKeys (ConfUtils.java:logGet(43)) - raft.server.log.statemachine.data.sync.timeout.retry = -1 (default)
2019-09-26 19:35:52,794 [pool-261-thread-1] INFO  server.RaftServerConfigKeys (ConfUtils.java:logGet(43)) - raft.server.log.statemachine.data.caching.enabled = true (custom)
2019-09-26 19:35:52,795 [pool-261-thread-1] INFO  segmented.SegmentedRaftLogWorker (SegmentedRaftLogWorker.java:lambda$new$0(132)) - 27cb48db-4b88-4c0c-b213-19f9b2fffaff@group-54BA70092F96-SegmentedRaftLogWorker: flushIndex: setUnconditionally 0 -> -1
2019-09-26 19:35:52,795 [pool-261-thread-1] INFO  server.RaftServerConfigKeys (ConfUtils.java:logGet(43)) - raft.server.snapshot.auto.trigger.enabled = true (custom)
2019-09-26 19:35:52,795 [pool-261-thread-1] INFO  server.RaftServerConfigKeys (ConfUtils.java:logGet(43)) - raft.server.snapshot.auto.trigger.threshold = 10000 (custom)
2019-09-26 19:35:52,795 [pool-261-thread-1] INFO  server.RaftServerConfigKeys (ConfUtils.java:logGet(43)) - raft.server.snapshot.retention.num.files = 5 (custom)
2019-09-26 19:35:52,795 [pool-261-thread-1] INFO  server.RaftServerConfigKeys (ConfUtils.java:logGet(43)) - raft.server.retrycache.expirytime = 600000ms (custom)
2019-09-26 19:35:52,797 [pool-261-thread-1] INFO  impl.RaftServerImpl (RaftServerImpl.java:start(185)) - 27cb48db-4b88-4c0c-b213-19f9b2fffaff@group-54BA70092F96: start as a follower, conf=-1: [27cb48db-4b88-4c0c-b213-19f9b2fffaff:192.168.151.99:37457], old=null
2019-09-26 19:35:52,797 [pool-261-thread-1] INFO  impl.RaftServerImpl (RaftServerImpl.java:setRole(174)) - 27cb48db-4b88-4c0c-b213-19f9b2fffaff@group-54BA70092F96: changes role from      null to FOLLOWER at term 0 for startAsFollower
2019-09-26 19:35:52,797 [pool-261-thread-1] INFO  impl.RoleInfo (RoleInfo.java:updateAndGet(143)) - 27cb48db-4b88-4c0c-b213-19f9b2fffaff: start FollowerState
2019-09-26 19:35:52,797 [pool-261-thread-1] INFO  util.JmxRegister (JmxRegister.java:tryRegister(44)) - Successfully registered JMX Bean with object name Ratis:service=RaftServer,group=group-54BA70092F96,id=27cb48db-4b88-4c0c-b213-19f9b2fffaff
2019-09-26 19:35:52,799 [RatisPipelineUtilsThread] INFO  pipeline.PipelineStateManager (PipelineStateManager.java:addPipeline(56)) - Created pipeline Pipeline[ Id: 5e010dee-1ab0-47d4-9fe4-54ba70092f96, Nodes: 27cb48db-4b88-4c0c-b213-19f9b2fffaff{ip: 192.168.151.99, host: pr-hdds-1569-g6sp5-2013761785, networkLocation: /rack1, certSerialId: null}, Type:RATIS, Factor:ONE, State:OPEN]
2019-09-26 19:35:52,801 [grpc-default-executor-4] INFO  impl.RaftServerProxy (RaftServerProxy.java:addNew(89)) - 27cb48db-4b88-4c0c-b213-19f9b2fffaff: addNew group-DE261D7A2ABD:[27cb48db-4b88-4c0c-b213-19f9b2fffaff:192.168.151.99:37457] returns group-DE261D7A2ABD:java.util.concurrent.CompletableFuture@58a2d82a[Not completed]
2019-09-26 19:35:52,802 [pool-261-thread-1] INFO  impl.RaftServerImpl (RaftServerImpl.java:<init>(95)) - 27cb48db-4b88-4c0c-b213-19f9b2fffaff: new RaftServerImpl for group-DE261D7A2ABD:[27cb48db-4b88-4c0c-b213-19f9b2fffaff:192.168.151.99:37457] with ContainerStateMachine:uninitialized
2019-09-26 19:35:52,802 [pool-261-thread-1] INFO  server.RaftServerConfigKeys (ConfUtils.java:logGet(43)) - raft.server.rpc.timeout.min = 5s (custom)
2019-09-26 19:35:52,802 [pool-261-thread-1] INFO  server.RaftServerConfigKeys (ConfUtils.java:logGet(43)) - raft.server.rpc.timeout.max = 5200ms (custom)
2019-09-26 19:35:52,802 [pool-261-thread-1] INFO  server.RaftServerConfigKeys (ConfUtils.java:logGet(43)) - raft.server.rpcslowness.timeout = 120s (custom)
2019-09-26 19:35:52,802 [pool-261-thread-1] INFO  server.RaftServerConfigKeys (ConfUtils.java:logGet(43)) - raft.server.sleep.deviation.threshold = 300 (default)
2019-09-26 19:35:52,802 [pool-261-thread-1] INFO  server.RaftServerConfigKeys (ConfUtils.java:logGet(43)) - raft.server.log.appender.install.snapshot.enabled = false (custom)
2019-09-26 19:35:52,802 [pool-261-thread-1] INFO  impl.RaftServerImpl (ServerState.java:<init>(103)) - 27cb48db-4b88-4c0c-b213-19f9b2fffaff@group-DE261D7A2ABD: ConfigurationManager, init=-1: [27cb48db-4b88-4c0c-b213-19f9b2fffaff:192.168.151.99:37457], old=null, confs=<EMPTY_MAP>
2019-09-26 19:35:52,802 [pool-261-thread-1] INFO  server.RaftServerConfigKeys (ConfUtils.java:logGet(43)) - raft.server.storage.dir = [/workdir/hadoop-ozone/integration-test/target/test-dir/MiniOzoneClusterImpl-2f79a7d3-d7ae-4963-8370-12bb1e2132d7/datanode-0/data/ratis] (custom)
2019-09-26 19:35:52,803 [pool-261-thread-1] INFO  storage.RaftStorageDirectory (RaftStorageDirectory.java:analyzeStorage(246)) - The storage directory /workdir/hadoop-ozone/integration-test/target/test-dir/MiniOzoneClusterImpl-2f79a7d3-d7ae-4963-8370-12bb1e2132d7/datanode-0/data/ratis/d6db9eab-94df-4288-9a54-de261d7a2abd does not exist. Creating ...
2019-09-26 19:35:52,816 [pool-261-thread-1] INFO  storage.RaftStorageDirectory (RaftStorageDirectory.java:tryLock(328)) - Lock on /workdir/hadoop-ozone/integration-test/target/test-dir/MiniOzoneClusterImpl-2f79a7d3-d7ae-4963-8370-12bb1e2132d7/datanode-0/data/ratis/d6db9eab-94df-4288-9a54-de261d7a2abd/in_use.lock acquired by nodename 17888@pr-hdds-1569-g6sp5-2013761785
2019-09-26 19:35:52,839 [pool-261-thread-1] INFO  storage.RaftStorage (RaftStorage.java:format(72)) - Storage directory /workdir/hadoop-ozone/integration-test/target/test-dir/MiniOzoneClusterImpl-2f79a7d3-d7ae-4963-8370-12bb1e2132d7/datanode-0/data/ratis/d6db9eab-94df-4288-9a54-de261d7a2abd has been successfully formatted.
2019-09-26 19:35:52,839 [pool-261-thread-1] INFO  ratis.ContainerStateMachine (ContainerStateMachine.java:loadSnapshot(230)) - group-DE261D7A2ABD: The snapshot info is null. Setting the last applied indexto:(t:0, i:~)
2019-09-26 19:35:52,839 [pool-261-thread-1] INFO  server.RaftServerConfigKeys (ConfUtils.java:logGet(43)) - raft.server.notification.no-leader.timeout = 120s (custom)
2019-09-26 19:35:52,839 [pool-261-thread-1] INFO  server.RaftServerConfigKeys (ConfUtils.java:logGet(43)) - raft.server.log.use.memory = false (default)
2019-09-26 19:35:52,839 [pool-261-thread-1] INFO  server.RaftServerConfigKeys (ConfUtils.java:logGet(43)) - raft.server.log.purge.gap = 1000000 (custom)
2019-09-26 19:35:52,840 [pool-261-thread-1] INFO  server.RaftServerConfigKeys (ConfUtils.java:logGet(43)) - raft.server.log.appender.buffer.byte-limit = 33554432 (custom)
2019-09-26 19:35:52,840 [pool-261-thread-1] INFO  server.RaftServerConfigKeys (ConfUtils.java:logGet(43)) - raft.server.log.segment.size.max = 1048576 (custom)
2019-09-26 19:35:52,840 [pool-261-thread-1] INFO  server.RaftServerConfigKeys (ConfUtils.java:logGet(43)) - raft.server.log.segment.cache.num.max = 2 (custom)
2019-09-26 19:35:52,840 [pool-261-thread-1] INFO  segmented.SegmentedRaftLogWorker (SegmentedRaftLogWorker.java:<init>(172)) - new 27cb48db-4b88-4c0c-b213-19f9b2fffaff@group-DE261D7A2ABD-SegmentedRaftLogWorker for RaftStorage:Storage Directory /workdir/hadoop-ozone/integration-test/target/test-dir/MiniOzoneClusterImpl-2f79a7d3-d7ae-4963-8370-12bb1e2132d7/datanode-0/data/ratis/d6db9eab-94df-4288-9a54-de261d7a2abd
2019-09-26 19:35:52,840 [pool-261-thread-1] INFO  server.RaftServerConfigKeys (ConfUtils.java:logGet(43)) - raft.server.log.queue.byte-limit = 2147483647 (custom)
2019-09-26 19:35:52,840 [pool-261-thread-1] INFO  server.RaftServerConfigKeys (ConfUtils.java:logGet(43)) - raft.server.log.queue.element-limit = 1024 (custom)
2019-09-26 19:35:52,840 [pool-261-thread-1] INFO  server.RaftServerConfigKeys (ConfUtils.java:logGet(43)) - raft.server.log.segment.size.max = 1048576 (custom)
2019-09-26 19:35:52,840 [pool-261-thread-1] INFO  server.RaftServerConfigKeys (ConfUtils.java:logGet(43)) - raft.server.log.preallocated.size = 16384 (custom)
2019-09-26 19:35:52,841 [pool-261-thread-1] INFO  server.RaftServerConfigKeys (ConfUtils.java:logGet(43)) - raft.server.log.write.buffer.size = 33554432 (custom)
2019-09-26 19:35:52,841 [pool-261-thread-1] INFO  server.RaftServerConfigKeys (ConfUtils.java:logGet(43)) - raft.server.log.force.sync.num = 128 (default)
2019-09-26 19:35:52,841 [pool-261-thread-1] INFO  server.RaftServerConfigKeys (ConfUtils.java:logGet(43)) - raft.server.log.statemachine.data.sync = true (default)
2019-09-26 19:35:52,841 [pool-261-thread-1] INFO  server.RaftServerConfigKeys (ConfUtils.java:logGet(43)) - raft.server.log.statemachine.data.sync.timeout = 10s (default)
2019-09-26 19:35:52,841 [pool-261-thread-1] INFO  server.RaftServerConfigKeys (ConfUtils.java:logGet(43)) - raft.server.log.statemachine.data.sync.timeout.retry = -1 (default)
2019-09-26 19:35:52,841 [pool-261-thread-1] INFO  server.RaftServerConfigKeys (ConfUtils.java:logGet(43)) - raft.server.log.statemachine.data.caching.enabled = true (custom)
2019-09-26 19:35:52,841 [pool-261-thread-1] INFO  segmented.SegmentedRaftLogWorker (SegmentedRaftLogWorker.java:lambda$new$0(132)) - 27cb48db-4b88-4c0c-b213-19f9b2fffaff@group-DE261D7A2ABD-SegmentedRaftLogWorker: flushIndex: setUnconditionally 0 -> -1
2019-09-26 19:35:52,842 [pool-261-thread-1] INFO  server.RaftServerConfigKeys (ConfUtils.java:logGet(43)) - raft.server.snapshot.auto.trigger.enabled = true (custom)
2019-09-26 19:35:52,842 [pool-261-thread-1] INFO  server.RaftServerConfigKeys (ConfUtils.java:logGet(43)) - raft.server.snapshot.auto.trigger.threshold = 10000 (custom)
2019-09-26 19:35:52,842 [pool-261-thread-1] INFO  server.RaftServerConfigKeys (ConfUtils.java:logGet(43)) - raft.server.snapshot.retention.num.files = 5 (custom)
2019-09-26 19:35:52,842 [pool-261-thread-1] INFO  server.RaftServerConfigKeys (ConfUtils.java:logGet(43)) - raft.server.retrycache.expirytime = 600000ms (custom)
2019-09-26 19:35:52,844 [pool-261-thread-1] INFO  impl.RaftServerImpl (RaftServerImpl.java:start(185)) - 27cb48db-4b88-4c0c-b213-19f9b2fffaff@group-DE261D7A2ABD: start as a follower, conf=-1: [27cb48db-4b88-4c0c-b213-19f9b2fffaff:192.168.151.99:37457], old=null
2019-09-26 19:35:52,844 [pool-261-thread-1] INFO  impl.RaftServerImpl (RaftServerImpl.java:setRole(174)) - 27cb48db-4b88-4c0c-b213-19f9b2fffaff@group-DE261D7A2ABD: changes role from      null to FOLLOWER at term 0 for startAsFollower
2019-09-26 19:35:52,844 [pool-261-thread-1] INFO  impl.RoleInfo (RoleInfo.java:updateAndGet(143)) - 27cb48db-4b88-4c0c-b213-19f9b2fffaff: start FollowerState
2019-09-26 19:35:52,844 [pool-261-thread-1] INFO  util.JmxRegister (JmxRegister.java:tryRegister(44)) - Successfully registered JMX Bean with object name Ratis:service=RaftServer,group=group-DE261D7A2ABD,id=27cb48db-4b88-4c0c-b213-19f9b2fffaff
2019-09-26 19:35:52,846 [RatisPipelineUtilsThread] INFO  pipeline.PipelineStateManager (PipelineStateManager.java:addPipeline(56)) - Created pipeline Pipeline[ Id: d6db9eab-94df-4288-9a54-de261d7a2abd, Nodes: 27cb48db-4b88-4c0c-b213-19f9b2fffaff{ip: 192.168.151.99, host: pr-hdds-1569-g6sp5-2013761785, networkLocation: /rack1, certSerialId: null}, Type:RATIS, Factor:ONE, State:OPEN]
2019-09-26 19:35:52,848 [grpc-default-executor-4] INFO  impl.RaftServerProxy (RaftServerProxy.java:addNew(89)) - 27cb48db-4b88-4c0c-b213-19f9b2fffaff: addNew group-5FED7D508D86:[27cb48db-4b88-4c0c-b213-19f9b2fffaff:192.168.151.99:37457] returns group-5FED7D508D86:java.util.concurrent.CompletableFuture@1a358ad[Not completed]
2019-09-26 19:35:52,849 [pool-261-thread-1] INFO  impl.RaftServerImpl (RaftServerImpl.java:<init>(95)) - 27cb48db-4b88-4c0c-b213-19f9b2fffaff: new RaftServerImpl for group-5FED7D508D86:[27cb48db-4b88-4c0c-b213-19f9b2fffaff:192.168.151.99:37457] with ContainerStateMachine:uninitialized
2019-09-26 19:35:52,849 [pool-261-thread-1] INFO  server.RaftServerConfigKeys (ConfUtils.java:logGet(43)) - raft.server.rpc.timeout.min = 5s (custom)
2019-09-26 19:35:52,850 [pool-261-thread-1] INFO  server.RaftServerConfigKeys (ConfUtils.java:logGet(43)) - raft.server.rpc.timeout.max = 5200ms (custom)
2019-09-26 19:35:52,850 [pool-261-thread-1] INFO  server.RaftServerConfigKeys (ConfUtils.java:logGet(43)) - raft.server.rpcslowness.timeout = 120s (custom)
2019-09-26 19:35:52,850 [pool-261-thread-1] INFO  server.RaftServerConfigKeys (ConfUtils.java:logGet(43)) - raft.server.sleep.deviation.threshold = 300 (default)
2019-09-26 19:35:52,850 [pool-261-thread-1] INFO  server.RaftServerConfigKeys (ConfUtils.java:logGet(43)) - raft.server.log.appender.install.snapshot.enabled = false (custom)
2019-09-26 19:35:52,850 [pool-261-thread-1] INFO  impl.RaftServerImpl (ServerState.java:<init>(103)) - 27cb48db-4b88-4c0c-b213-19f9b2fffaff@group-5FED7D508D86: ConfigurationManager, init=-1: [27cb48db-4b88-4c0c-b213-19f9b2fffaff:192.168.151.99:37457], old=null, confs=<EMPTY_MAP>
2019-09-26 19:35:52,850 [pool-261-thread-1] INFO  server.RaftServerConfigKeys (ConfUtils.java:logGet(43)) - raft.server.storage.dir = [/workdir/hadoop-ozone/integration-test/target/test-dir/MiniOzoneClusterImpl-2f79a7d3-d7ae-4963-8370-12bb1e2132d7/datanode-0/data/ratis] (custom)
2019-09-26 19:35:52,851 [pool-261-thread-1] INFO  storage.RaftStorageDirectory (RaftStorageDirectory.java:analyzeStorage(246)) - The storage directory /workdir/hadoop-ozone/integration-test/target/test-dir/MiniOzoneClusterImpl-2f79a7d3-d7ae-4963-8370-12bb1e2132d7/datanode-0/data/ratis/c0a9b0af-2fed-4640-8836-5fed7d508d86 does not exist. Creating ...
2019-09-26 19:35:52,875 [pool-261-thread-1] INFO  storage.RaftStorageDirectory (RaftStorageDirectory.java:tryLock(328)) - Lock on /workdir/hadoop-ozone/integration-test/target/test-dir/MiniOzoneClusterImpl-2f79a7d3-d7ae-4963-8370-12bb1e2132d7/datanode-0/data/ratis/c0a9b0af-2fed-4640-8836-5fed7d508d86/in_use.lock acquired by nodename 17888@pr-hdds-1569-g6sp5-2013761785
2019-09-26 19:35:52,888 [pool-261-thread-1] INFO  storage.RaftStorage (RaftStorage.java:format(72)) - Storage directory /workdir/hadoop-ozone/integration-test/target/test-dir/MiniOzoneClusterImpl-2f79a7d3-d7ae-4963-8370-12bb1e2132d7/datanode-0/data/ratis/c0a9b0af-2fed-4640-8836-5fed7d508d86 has been successfully formatted.
2019-09-26 19:35:52,888 [pool-261-thread-1] INFO  ratis.ContainerStateMachine (ContainerStateMachine.java:loadSnapshot(230)) - group-5FED7D508D86: The snapshot info is null. Setting the last applied indexto:(t:0, i:~)
2019-09-26 19:35:52,888 [pool-261-thread-1] INFO  server.RaftServerConfigKeys (ConfUtils.java:logGet(43)) - raft.server.notification.no-leader.timeout = 120s (custom)
2019-09-26 19:35:52,888 [pool-261-thread-1] INFO  server.RaftServerConfigKeys (ConfUtils.java:logGet(43)) - raft.server.log.use.memory = false (default)
2019-09-26 19:35:52,888 [pool-261-thread-1] INFO  server.RaftServerConfigKeys (ConfUtils.java:logGet(43)) - raft.server.log.purge.gap = 1000000 (custom)
2019-09-26 19:35:52,889 [pool-261-thread-1] INFO  server.RaftServerConfigKeys (ConfUtils.java:logGet(43)) - raft.server.log.appender.buffer.byte-limit = 33554432 (custom)
2019-09-26 19:35:52,889 [pool-261-thread-1] INFO  server.RaftServerConfigKeys (ConfUtils.java:logGet(43)) - raft.server.log.segment.size.max = 1048576 (custom)
2019-09-26 19:35:52,889 [pool-261-thread-1] INFO  server.RaftServerConfigKeys (ConfUtils.java:logGet(43)) - raft.server.log.segment.cache.num.max = 2 (custom)
2019-09-26 19:35:52,889 [pool-261-thread-1] INFO  segmented.SegmentedRaftLogWorker (SegmentedRaftLogWorker.java:<init>(172)) - new 27cb48db-4b88-4c0c-b213-19f9b2fffaff@group-5FED7D508D86-SegmentedRaftLogWorker for RaftStorage:Storage Directory /workdir/hadoop-ozone/integration-test/target/test-dir/MiniOzoneClusterImpl-2f79a7d3-d7ae-4963-8370-12bb1e2132d7/datanode-0/data/ratis/c0a9b0af-2fed-4640-8836-5fed7d508d86
2019-09-26 19:35:52,889 [pool-261-thread-1] INFO  server.RaftServerConfigKeys (ConfUtils.java:logGet(43)) - raft.server.log.queue.byte-limit = 2147483647 (custom)
2019-09-26 19:35:52,889 [pool-261-thread-1] INFO  server.RaftServerConfigKeys (ConfUtils.java:logGet(43)) - raft.server.log.queue.element-limit = 1024 (custom)
2019-09-26 19:35:52,889 [pool-261-thread-1] INFO  server.RaftServerConfigKeys (ConfUtils.java:logGet(43)) - raft.server.log.segment.size.max = 1048576 (custom)
2019-09-26 19:35:52,890 [pool-261-thread-1] INFO  server.RaftServerConfigKeys (ConfUtils.java:logGet(43)) - raft.server.log.preallocated.size = 16384 (custom)
2019-09-26 19:35:52,890 [pool-261-thread-1] INFO  server.RaftServerConfigKeys (ConfUtils.java:logGet(43)) - raft.server.log.write.buffer.size = 33554432 (custom)
2019-09-26 19:35:52,890 [pool-261-thread-1] INFO  server.RaftServerConfigKeys (ConfUtils.java:logGet(43)) - raft.server.log.force.sync.num = 128 (default)
2019-09-26 19:35:52,890 [pool-261-thread-1] INFO  server.RaftServerConfigKeys (ConfUtils.java:logGet(43)) - raft.server.log.statemachine.data.sync = true (default)
2019-09-26 19:35:52,890 [pool-261-thread-1] INFO  server.RaftServerConfigKeys (ConfUtils.java:logGet(43)) - raft.server.log.statemachine.data.sync.timeout = 10s (default)
2019-09-26 19:35:52,890 [pool-261-thread-1] INFO  server.RaftServerConfigKeys (ConfUtils.java:logGet(43)) - raft.server.log.statemachine.data.sync.timeout.retry = -1 (default)
2019-09-26 19:35:52,890 [pool-261-thread-1] INFO  server.RaftServerConfigKeys (ConfUtils.java:logGet(43)) - raft.server.log.statemachine.data.caching.enabled = true (custom)
2019-09-26 19:35:52,891 [pool-261-thread-1] INFO  segmented.SegmentedRaftLogWorker (SegmentedRaftLogWorker.java:lambda$new$0(132)) - 27cb48db-4b88-4c0c-b213-19f9b2fffaff@group-5FED7D508D86-SegmentedRaftLogWorker: flushIndex: setUnconditionally 0 -> -1
2019-09-26 19:35:52,891 [pool-261-thread-1] INFO  server.RaftServerConfigKeys (ConfUtils.java:logGet(43)) - raft.server.snapshot.auto.trigger.enabled = true (custom)
2019-09-26 19:35:52,891 [pool-261-thread-1] INFO  server.RaftServerConfigKeys (ConfUtils.java:logGet(43)) - raft.server.snapshot.auto.trigger.threshold = 10000 (custom)
2019-09-26 19:35:52,891 [pool-261-thread-1] INFO  server.RaftServerConfigKeys (ConfUtils.java:logGet(43)) - raft.server.snapshot.retention.num.files = 5 (custom)
2019-09-26 19:35:52,892 [pool-261-thread-1] INFO  server.RaftServerConfigKeys (ConfUtils.java:logGet(43)) - raft.server.retrycache.expirytime = 600000ms (custom)
2019-09-26 19:35:52,893 [pool-261-thread-1] INFO  impl.RaftServerImpl (RaftServerImpl.java:start(185)) - 27cb48db-4b88-4c0c-b213-19f9b2fffaff@group-5FED7D508D86: start as a follower, conf=-1: [27cb48db-4b88-4c0c-b213-19f9b2fffaff:192.168.151.99:37457], old=null
2019-09-26 19:35:52,893 [pool-261-thread-1] INFO  impl.RaftServerImpl (RaftServerImpl.java:setRole(174)) - 27cb48db-4b88-4c0c-b213-19f9b2fffaff@group-5FED7D508D86: changes role from      null to FOLLOWER at term 0 for startAsFollower
2019-09-26 19:35:52,893 [pool-261-thread-1] INFO  impl.RoleInfo (RoleInfo.java:updateAndGet(143)) - 27cb48db-4b88-4c0c-b213-19f9b2fffaff: start FollowerState
2019-09-26 19:35:52,894 [pool-261-thread-1] INFO  util.JmxRegister (JmxRegister.java:tryRegister(44)) - Successfully registered JMX Bean with object name Ratis:service=RaftServer,group=group-5FED7D508D86,id=27cb48db-4b88-4c0c-b213-19f9b2fffaff
2019-09-26 19:35:52,895 [RatisPipelineUtilsThread] INFO  pipeline.PipelineStateManager (PipelineStateManager.java:addPipeline(56)) - Created pipeline Pipeline[ Id: c0a9b0af-2fed-4640-8836-5fed7d508d86, Nodes: 27cb48db-4b88-4c0c-b213-19f9b2fffaff{ip: 192.168.151.99, host: pr-hdds-1569-g6sp5-2013761785, networkLocation: /rack1, certSerialId: null}, Type:RATIS, Factor:ONE, State:OPEN]
2019-09-26 19:35:52,898 [grpc-default-executor-4] INFO  impl.RaftServerProxy (RaftServerProxy.java:addNew(89)) - 27cb48db-4b88-4c0c-b213-19f9b2fffaff: addNew group-1E0EC4C52C06:[27cb48db-4b88-4c0c-b213-19f9b2fffaff:192.168.151.99:37457] returns group-1E0EC4C52C06:java.util.concurrent.CompletableFuture@8803dda[Not completed]
2019-09-26 19:35:52,899 [pool-261-thread-1] INFO  impl.RaftServerImpl (RaftServerImpl.java:<init>(95)) - 27cb48db-4b88-4c0c-b213-19f9b2fffaff: new RaftServerImpl for group-1E0EC4C52C06:[27cb48db-4b88-4c0c-b213-19f9b2fffaff:192.168.151.99:37457] with ContainerStateMachine:uninitialized
2019-09-26 19:35:52,899 [pool-261-thread-1] INFO  server.RaftServerConfigKeys (ConfUtils.java:logGet(43)) - raft.server.rpc.timeout.min = 5s (custom)
2019-09-26 19:35:52,899 [pool-261-thread-1] INFO  server.RaftServerConfigKeys (ConfUtils.java:logGet(43)) - raft.server.rpc.timeout.max = 5200ms (custom)
2019-09-26 19:35:52,899 [pool-261-thread-1] INFO  server.RaftServerConfigKeys (ConfUtils.java:logGet(43)) - raft.server.rpcslowness.timeout = 120s (custom)
2019-09-26 19:35:52,899 [pool-261-thread-1] INFO  server.RaftServerConfigKeys (ConfUtils.java:logGet(43)) - raft.server.sleep.deviation.threshold = 300 (default)
2019-09-26 19:35:52,899 [pool-261-thread-1] INFO  server.RaftServerConfigKeys (ConfUtils.java:logGet(43)) - raft.server.log.appender.install.snapshot.enabled = false (custom)
2019-09-26 19:35:52,899 [pool-261-thread-1] INFO  impl.RaftServerImpl (ServerState.java:<init>(103)) - 27cb48db-4b88-4c0c-b213-19f9b2fffaff@group-1E0EC4C52C06: ConfigurationManager, init=-1: [27cb48db-4b88-4c0c-b213-19f9b2fffaff:192.168.151.99:37457], old=null, confs=<EMPTY_MAP>
2019-09-26 19:35:52,899 [pool-261-thread-1] INFO  server.RaftServerConfigKeys (ConfUtils.java:logGet(43)) - raft.server.storage.dir = [/workdir/hadoop-ozone/integration-test/target/test-dir/MiniOzoneClusterImpl-2f79a7d3-d7ae-4963-8370-12bb1e2132d7/datanode-0/data/ratis] (custom)
2019-09-26 19:35:52,900 [pool-261-thread-1] INFO  storage.RaftStorageDirectory (RaftStorageDirectory.java:analyzeStorage(246)) - The storage directory /workdir/hadoop-ozone/integration-test/target/test-dir/MiniOzoneClusterImpl-2f79a7d3-d7ae-4963-8370-12bb1e2132d7/datanode-0/data/ratis/b997f772-15ca-4852-a4a1-1e0ec4c52c06 does not exist. Creating ...
2019-09-26 19:35:52,912 [pool-261-thread-1] INFO  storage.RaftStorageDirectory (RaftStorageDirectory.java:tryLock(328)) - Lock on /workdir/hadoop-ozone/integration-test/target/test-dir/MiniOzoneClusterImpl-2f79a7d3-d7ae-4963-8370-12bb1e2132d7/datanode-0/data/ratis/b997f772-15ca-4852-a4a1-1e0ec4c52c06/in_use.lock acquired by nodename 17888@pr-hdds-1569-g6sp5-2013761785
2019-09-26 19:35:52,926 [pool-261-thread-1] INFO  storage.RaftStorage (RaftStorage.java:format(72)) - Storage directory /workdir/hadoop-ozone/integration-test/target/test-dir/MiniOzoneClusterImpl-2f79a7d3-d7ae-4963-8370-12bb1e2132d7/datanode-0/data/ratis/b997f772-15ca-4852-a4a1-1e0ec4c52c06 has been successfully formatted.
2019-09-26 19:35:52,926 [pool-261-thread-1] INFO  ratis.ContainerStateMachine (ContainerStateMachine.java:loadSnapshot(230)) - group-1E0EC4C52C06: The snapshot info is null. Setting the last applied indexto:(t:0, i:~)
2019-09-26 19:35:52,926 [pool-261-thread-1] INFO  server.RaftServerConfigKeys (ConfUtils.java:logGet(43)) - raft.server.notification.no-leader.timeout = 120s (custom)
2019-09-26 19:35:52,926 [pool-261-thread-1] INFO  server.RaftServerConfigKeys (ConfUtils.java:logGet(43)) - raft.server.log.use.memory = false (default)
2019-09-26 19:35:52,926 [pool-261-thread-1] INFO  server.RaftServerConfigKeys (ConfUtils.java:logGet(43)) - raft.server.log.purge.gap = 1000000 (custom)
2019-09-26 19:35:52,926 [pool-261-thread-1] INFO  server.RaftServerConfigKeys (ConfUtils.java:logGet(43)) - raft.server.log.appender.buffer.byte-limit = 33554432 (custom)
2019-09-26 19:35:52,926 [pool-261-thread-1] INFO  server.RaftServerConfigKeys (ConfUtils.java:logGet(43)) - raft.server.log.segment.size.max = 1048576 (custom)
2019-09-26 19:35:52,926 [pool-261-thread-1] INFO  server.RaftServerConfigKeys (ConfUtils.java:logGet(43)) - raft.server.log.segment.cache.num.max = 2 (custom)
2019-09-26 19:35:52,927 [pool-261-thread-1] INFO  segmented.SegmentedRaftLogWorker (SegmentedRaftLogWorker.java:<init>(172)) - new 27cb48db-4b88-4c0c-b213-19f9b2fffaff@group-1E0EC4C52C06-SegmentedRaftLogWorker for RaftStorage:Storage Directory /workdir/hadoop-ozone/integration-test/target/test-dir/MiniOzoneClusterImpl-2f79a7d3-d7ae-4963-8370-12bb1e2132d7/datanode-0/data/ratis/b997f772-15ca-4852-a4a1-1e0ec4c52c06
2019-09-26 19:35:52,927 [pool-261-thread-1] INFO  server.RaftServerConfigKeys (ConfUtils.java:logGet(43)) - raft.server.log.queue.byte-limit = 2147483647 (custom)
2019-09-26 19:35:52,927 [pool-261-thread-1] INFO  server.RaftServerConfigKeys (ConfUtils.java:logGet(43)) - raft.server.log.queue.element-limit = 1024 (custom)
2019-09-26 19:35:52,927 [pool-261-thread-1] INFO  server.RaftServerConfigKeys (ConfUtils.java:logGet(43)) - raft.server.log.segment.size.max = 1048576 (custom)
2019-09-26 19:35:52,927 [pool-261-thread-1] INFO  server.RaftServerConfigKeys (ConfUtils.java:logGet(43)) - raft.server.log.preallocated.size = 16384 (custom)
2019-09-26 19:35:52,927 [pool-261-thread-1] INFO  server.RaftServerConfigKeys (ConfUtils.java:logGet(43)) - raft.server.log.write.buffer.size = 33554432 (custom)
2019-09-26 19:35:52,927 [pool-261-thread-1] INFO  server.RaftServerConfigKeys (ConfUtils.java:logGet(43)) - raft.server.log.force.sync.num = 128 (default)
2019-09-26 19:35:52,927 [pool-261-thread-1] INFO  server.RaftServerConfigKeys (ConfUtils.java:logGet(43)) - raft.server.log.statemachine.data.sync = true (default)
2019-09-26 19:35:52,927 [pool-261-thread-1] INFO  server.RaftServerConfigKeys (ConfUtils.java:logGet(43)) - raft.server.log.statemachine.data.sync.timeout = 10s (default)
2019-09-26 19:35:52,927 [pool-261-thread-1] INFO  server.RaftServerConfigKeys (ConfUtils.java:logGet(43)) - raft.server.log.statemachine.data.sync.timeout.retry = -1 (default)
2019-09-26 19:35:52,928 [pool-261-thread-1] INFO  server.RaftServerConfigKeys (ConfUtils.java:logGet(43)) - raft.server.log.statemachine.data.caching.enabled = true (custom)
2019-09-26 19:35:52,928 [pool-261-thread-1] INFO  segmented.SegmentedRaftLogWorker (SegmentedRaftLogWorker.java:lambda$new$0(132)) - 27cb48db-4b88-4c0c-b213-19f9b2fffaff@group-1E0EC4C52C06-SegmentedRaftLogWorker: flushIndex: setUnconditionally 0 -> -1
2019-09-26 19:35:52,928 [pool-261-thread-1] INFO  server.RaftServerConfigKeys (ConfUtils.java:logGet(43)) - raft.server.snapshot.auto.trigger.enabled = true (custom)
2019-09-26 19:35:52,928 [pool-261-thread-1] INFO  server.RaftServerConfigKeys (ConfUtils.java:logGet(43)) - raft.server.snapshot.auto.trigger.threshold = 10000 (custom)
2019-09-26 19:35:52,928 [pool-261-thread-1] INFO  server.RaftServerConfigKeys (ConfUtils.java:logGet(43)) - raft.server.snapshot.retention.num.files = 5 (custom)
2019-09-26 19:35:52,928 [pool-261-thread-1] INFO  server.RaftServerConfigKeys (ConfUtils.java:logGet(43)) - raft.server.retrycache.expirytime = 600000ms (custom)
2019-09-26 19:35:52,930 [pool-261-thread-1] INFO  impl.RaftServerImpl (RaftServerImpl.java:start(185)) - 27cb48db-4b88-4c0c-b213-19f9b2fffaff@group-1E0EC4C52C06: start as a follower, conf=-1: [27cb48db-4b88-4c0c-b213-19f9b2fffaff:192.168.151.99:37457], old=null
2019-09-26 19:35:52,930 [pool-261-thread-1] INFO  impl.RaftServerImpl (RaftServerImpl.java:setRole(174)) - 27cb48db-4b88-4c0c-b213-19f9b2fffaff@group-1E0EC4C52C06: changes role from      null to FOLLOWER at term 0 for startAsFollower
2019-09-26 19:35:52,930 [pool-261-thread-1] INFO  impl.RoleInfo (RoleInfo.java:updateAndGet(143)) - 27cb48db-4b88-4c0c-b213-19f9b2fffaff: start FollowerState
2019-09-26 19:35:52,930 [pool-261-thread-1] INFO  util.JmxRegister (JmxRegister.java:tryRegister(44)) - Successfully registered JMX Bean with object name Ratis:service=RaftServer,group=group-1E0EC4C52C06,id=27cb48db-4b88-4c0c-b213-19f9b2fffaff
2019-09-26 19:35:52,932 [RatisPipelineUtilsThread] INFO  pipeline.PipelineStateManager (PipelineStateManager.java:addPipeline(56)) - Created pipeline Pipeline[ Id: b997f772-15ca-4852-a4a1-1e0ec4c52c06, Nodes: 27cb48db-4b88-4c0c-b213-19f9b2fffaff{ip: 192.168.151.99, host: pr-hdds-1569-g6sp5-2013761785, networkLocation: /rack1, certSerialId: null}, Type:RATIS, Factor:ONE, State:OPEN]
2019-09-26 19:35:52,934 [grpc-default-executor-4] INFO  impl.RaftServerProxy (RaftServerProxy.java:addNew(89)) - 27cb48db-4b88-4c0c-b213-19f9b2fffaff: addNew group-2C08ADDC8FB6:[27cb48db-4b88-4c0c-b213-19f9b2fffaff:192.168.151.99:37457] returns group-2C08ADDC8FB6:java.util.concurrent.CompletableFuture@558f23c4[Not completed]
2019-09-26 19:35:52,934 [pool-261-thread-1] INFO  impl.RaftServerImpl (RaftServerImpl.java:<init>(95)) - 27cb48db-4b88-4c0c-b213-19f9b2fffaff: new RaftServerImpl for group-2C08ADDC8FB6:[27cb48db-4b88-4c0c-b213-19f9b2fffaff:192.168.151.99:37457] with ContainerStateMachine:uninitialized
2019-09-26 19:35:52,934 [pool-261-thread-1] INFO  server.RaftServerConfigKeys (ConfUtils.java:logGet(43)) - raft.server.rpc.timeout.min = 5s (custom)
2019-09-26 19:35:52,935 [pool-261-thread-1] INFO  server.RaftServerConfigKeys (ConfUtils.java:logGet(43)) - raft.server.rpc.timeout.max = 5200ms (custom)
2019-09-26 19:35:52,935 [pool-261-thread-1] INFO  server.RaftServerConfigKeys (ConfUtils.java:logGet(43)) - raft.server.rpcslowness.timeout = 120s (custom)
2019-09-26 19:35:52,935 [pool-261-thread-1] INFO  server.RaftServerConfigKeys (ConfUtils.java:logGet(43)) - raft.server.sleep.deviation.threshold = 300 (default)
2019-09-26 19:35:52,935 [pool-261-thread-1] INFO  server.RaftServerConfigKeys (ConfUtils.java:logGet(43)) - raft.server.log.appender.install.snapshot.enabled = false (custom)
2019-09-26 19:35:52,935 [pool-261-thread-1] INFO  impl.RaftServerImpl (ServerState.java:<init>(103)) - 27cb48db-4b88-4c0c-b213-19f9b2fffaff@group-2C08ADDC8FB6: ConfigurationManager, init=-1: [27cb48db-4b88-4c0c-b213-19f9b2fffaff:192.168.151.99:37457], old=null, confs=<EMPTY_MAP>
2019-09-26 19:35:52,935 [pool-261-thread-1] INFO  server.RaftServerConfigKeys (ConfUtils.java:logGet(43)) - raft.server.storage.dir = [/workdir/hadoop-ozone/integration-test/target/test-dir/MiniOzoneClusterImpl-2f79a7d3-d7ae-4963-8370-12bb1e2132d7/datanode-0/data/ratis] (custom)
2019-09-26 19:35:52,935 [pool-261-thread-1] INFO  storage.RaftStorageDirectory (RaftStorageDirectory.java:analyzeStorage(246)) - The storage directory /workdir/hadoop-ozone/integration-test/target/test-dir/MiniOzoneClusterImpl-2f79a7d3-d7ae-4963-8370-12bb1e2132d7/datanode-0/data/ratis/25006adb-642d-4f13-ab48-2c08addc8fb6 does not exist. Creating ...
2019-09-26 19:35:52,948 [pool-261-thread-1] INFO  storage.RaftStorageDirectory (RaftStorageDirectory.java:tryLock(328)) - Lock on /workdir/hadoop-ozone/integration-test/target/test-dir/MiniOzoneClusterImpl-2f79a7d3-d7ae-4963-8370-12bb1e2132d7/datanode-0/data/ratis/25006adb-642d-4f13-ab48-2c08addc8fb6/in_use.lock acquired by nodename 17888@pr-hdds-1569-g6sp5-2013761785
2019-09-26 19:35:52,955 [Thread-6219] INFO  ozone.MiniOzoneClusterImpl (MiniOzoneClusterImpl.java:lambda$waitForClusterToBeReady$0(147)) - Cluster is ready. Got 3 of 3 DN Heartbeats.
2019-09-26 19:35:52,961 [pool-261-thread-1] INFO  storage.RaftStorage (RaftStorage.java:format(72)) - Storage directory /workdir/hadoop-ozone/integration-test/target/test-dir/MiniOzoneClusterImpl-2f79a7d3-d7ae-4963-8370-12bb1e2132d7/datanode-0/data/ratis/25006adb-642d-4f13-ab48-2c08addc8fb6 has been successfully formatted.
2019-09-26 19:35:52,961 [pool-261-thread-1] INFO  ratis.ContainerStateMachine (ContainerStateMachine.java:loadSnapshot(230)) - group-2C08ADDC8FB6: The snapshot info is null. Setting the last applied indexto:(t:0, i:~)
2019-09-26 19:35:52,961 [pool-261-thread-1] INFO  server.RaftServerConfigKeys (ConfUtils.java:logGet(43)) - raft.server.notification.no-leader.timeout = 120s (custom)
2019-09-26 19:35:52,961 [pool-261-thread-1] INFO  server.RaftServerConfigKeys (ConfUtils.java:logGet(43)) - raft.server.log.use.memory = false (default)
2019-09-26 19:35:52,961 [pool-261-thread-1] INFO  server.RaftServerConfigKeys (ConfUtils.java:logGet(43)) - raft.server.log.purge.gap = 1000000 (custom)
2019-09-26 19:35:52,962 [pool-261-thread-1] INFO  server.RaftServerConfigKeys (ConfUtils.java:logGet(43)) - raft.server.log.appender.buffer.byte-limit = 33554432 (custom)
2019-09-26 19:35:52,962 [pool-261-thread-1] INFO  server.RaftServerConfigKeys (ConfUtils.java:logGet(43)) - raft.server.log.segment.size.max = 1048576 (custom)
2019-09-26 19:35:52,962 [pool-261-thread-1] INFO  server.RaftServerConfigKeys (ConfUtils.java:logGet(43)) - raft.server.log.segment.cache.num.max = 2 (custom)
2019-09-26 19:35:52,962 [pool-261-thread-1] INFO  segmented.SegmentedRaftLogWorker (SegmentedRaftLogWorker.java:<init>(172)) - new 27cb48db-4b88-4c0c-b213-19f9b2fffaff@group-2C08ADDC8FB6-SegmentedRaftLogWorker for RaftStorage:Storage Directory /workdir/hadoop-ozone/integration-test/target/test-dir/MiniOzoneClusterImpl-2f79a7d3-d7ae-4963-8370-12bb1e2132d7/datanode-0/data/ratis/25006adb-642d-4f13-ab48-2c08addc8fb6
2019-09-26 19:35:52,962 [pool-261-thread-1] INFO  server.RaftServerConfigKeys (ConfUtils.java:logGet(43)) - raft.server.log.queue.byte-limit = 2147483647 (custom)
2019-09-26 19:35:52,962 [pool-261-thread-1] INFO  server.RaftServerConfigKeys (ConfUtils.java:logGet(43)) - raft.server.log.queue.element-limit = 1024 (custom)
2019-09-26 19:35:52,962 [pool-261-thread-1] INFO  server.RaftServerConfigKeys (ConfUtils.java:logGet(43)) - raft.server.log.segment.size.max = 1048576 (custom)
2019-09-26 19:35:52,962 [pool-261-thread-1] INFO  server.RaftServerConfigKeys (ConfUtils.java:logGet(43)) - raft.server.log.preallocated.size = 16384 (custom)
2019-09-26 19:35:52,962 [pool-261-thread-1] INFO  server.RaftServerConfigKeys (ConfUtils.java:logGet(43)) - raft.server.log.write.buffer.size = 33554432 (custom)
2019-09-26 19:35:52,962 [pool-261-thread-1] INFO  server.RaftServerConfigKeys (ConfUtils.java:logGet(43)) - raft.server.log.force.sync.num = 128 (default)
2019-09-26 19:35:52,962 [pool-261-thread-1] INFO  server.RaftServerConfigKeys (ConfUtils.java:logGet(43)) - raft.server.log.statemachine.data.sync = true (default)
2019-09-26 19:35:52,963 [pool-261-thread-1] INFO  server.RaftServerConfigKeys (ConfUtils.java:logGet(43)) - raft.server.log.statemachine.data.sync.timeout = 10s (default)
2019-09-26 19:35:52,963 [pool-261-thread-1] INFO  server.RaftServerConfigKeys (ConfUtils.java:logGet(43)) - raft.server.log.statemachine.data.sync.timeout.retry = -1 (default)
2019-09-26 19:35:52,963 [pool-261-thread-1] INFO  server.RaftServerConfigKeys (ConfUtils.java:logGet(43)) - raft.server.log.statemachine.data.caching.enabled = true (custom)
2019-09-26 19:35:52,963 [pool-261-thread-1] INFO  segmented.SegmentedRaftLogWorker (SegmentedRaftLogWorker.java:lambda$new$0(132)) - 27cb48db-4b88-4c0c-b213-19f9b2fffaff@group-2C08ADDC8FB6-SegmentedRaftLogWorker: flushIndex: setUnconditionally 0 -> -1
2019-09-26 19:35:52,963 [pool-261-thread-1] INFO  server.RaftServerConfigKeys (ConfUtils.java:logGet(43)) - raft.server.snapshot.auto.trigger.enabled = true (custom)
2019-09-26 19:35:52,963 [pool-261-thread-1] INFO  server.RaftServerConfigKeys (ConfUtils.java:logGet(43)) - raft.server.snapshot.auto.trigger.threshold = 10000 (custom)
2019-09-26 19:35:52,963 [pool-261-thread-1] INFO  server.RaftServerConfigKeys (ConfUtils.java:logGet(43)) - raft.server.snapshot.retention.num.files = 5 (custom)
2019-09-26 19:35:52,963 [pool-261-thread-1] INFO  server.RaftServerConfigKeys (ConfUtils.java:logGet(43)) - raft.server.retrycache.expirytime = 600000ms (custom)
2019-09-26 19:35:52,964 [pool-261-thread-1] INFO  impl.RaftServerImpl (RaftServerImpl.java:start(185)) - 27cb48db-4b88-4c0c-b213-19f9b2fffaff@group-2C08ADDC8FB6: start as a follower, conf=-1: [27cb48db-4b88-4c0c-b213-19f9b2fffaff:192.168.151.99:37457], old=null
2019-09-26 19:35:52,965 [pool-261-thread-1] INFO  impl.RaftServerImpl (RaftServerImpl.java:setRole(174)) - 27cb48db-4b88-4c0c-b213-19f9b2fffaff@group-2C08ADDC8FB6: changes role from      null to FOLLOWER at term 0 for startAsFollower
2019-09-26 19:35:52,965 [pool-261-thread-1] INFO  impl.RoleInfo (RoleInfo.java:updateAndGet(143)) - 27cb48db-4b88-4c0c-b213-19f9b2fffaff: start FollowerState
2019-09-26 19:35:52,965 [pool-261-thread-1] INFO  util.JmxRegister (JmxRegister.java:tryRegister(44)) - Successfully registered JMX Bean with object name Ratis:service=RaftServer,group=group-2C08ADDC8FB6,id=27cb48db-4b88-4c0c-b213-19f9b2fffaff
2019-09-26 19:35:52,966 [RatisPipelineUtilsThread] INFO  pipeline.PipelineStateManager (PipelineStateManager.java:addPipeline(56)) - Created pipeline Pipeline[ Id: 25006adb-642d-4f13-ab48-2c08addc8fb6, Nodes: 27cb48db-4b88-4c0c-b213-19f9b2fffaff{ip: 192.168.151.99, host: pr-hdds-1569-g6sp5-2013761785, networkLocation: /rack1, certSerialId: null}, Type:RATIS, Factor:ONE, State:OPEN]
2019-09-26 19:35:52,968 [grpc-default-executor-2] INFO  impl.RaftServerProxy (RaftServerProxy.java:addNew(89)) - 27cb48db-4b88-4c0c-b213-19f9b2fffaff: addNew group-A23FB99A743D:[27cb48db-4b88-4c0c-b213-19f9b2fffaff:192.168.151.99:37457] returns group-A23FB99A743D:java.util.concurrent.CompletableFuture@520f73a5[Not completed]
2019-09-26 19:35:52,969 [pool-261-thread-1] INFO  impl.RaftServerImpl (RaftServerImpl.java:<init>(95)) - 27cb48db-4b88-4c0c-b213-19f9b2fffaff: new RaftServerImpl for group-A23FB99A743D:[27cb48db-4b88-4c0c-b213-19f9b2fffaff:192.168.151.99:37457] with ContainerStateMachine:uninitialized
2019-09-26 19:35:52,969 [pool-261-thread-1] INFO  server.RaftServerConfigKeys (ConfUtils.java:logGet(43)) - raft.server.rpc.timeout.min = 5s (custom)
2019-09-26 19:35:52,969 [pool-261-thread-1] INFO  server.RaftServerConfigKeys (ConfUtils.java:logGet(43)) - raft.server.rpc.timeout.max = 5200ms (custom)
2019-09-26 19:35:52,969 [pool-261-thread-1] INFO  server.RaftServerConfigKeys (ConfUtils.java:logGet(43)) - raft.server.rpcslowness.timeout = 120s (custom)
2019-09-26 19:35:52,969 [pool-261-thread-1] INFO  server.RaftServerConfigKeys (ConfUtils.java:logGet(43)) - raft.server.sleep.deviation.threshold = 300 (default)
2019-09-26 19:35:52,969 [pool-261-thread-1] INFO  server.RaftServerConfigKeys (ConfUtils.java:logGet(43)) - raft.server.log.appender.install.snapshot.enabled = false (custom)
2019-09-26 19:35:52,969 [pool-261-thread-1] INFO  impl.RaftServerImpl (ServerState.java:<init>(103)) - 27cb48db-4b88-4c0c-b213-19f9b2fffaff@group-A23FB99A743D: ConfigurationManager, init=-1: [27cb48db-4b88-4c0c-b213-19f9b2fffaff:192.168.151.99:37457], old=null, confs=<EMPTY_MAP>
2019-09-26 19:35:52,970 [pool-261-thread-1] INFO  server.RaftServerConfigKeys (ConfUtils.java:logGet(43)) - raft.server.storage.dir = [/workdir/hadoop-ozone/integration-test/target/test-dir/MiniOzoneClusterImpl-2f79a7d3-d7ae-4963-8370-12bb1e2132d7/datanode-0/data/ratis] (custom)
2019-09-26 19:35:52,970 [pool-261-thread-1] INFO  storage.RaftStorageDirectory (RaftStorageDirectory.java:analyzeStorage(246)) - The storage directory /workdir/hadoop-ozone/integration-test/target/test-dir/MiniOzoneClusterImpl-2f79a7d3-d7ae-4963-8370-12bb1e2132d7/datanode-0/data/ratis/5c178274-1280-4d5d-971e-a23fb99a743d does not exist. Creating ...
2019-09-26 19:35:52,982 [pool-261-thread-1] INFO  storage.RaftStorageDirectory (RaftStorageDirectory.java:tryLock(328)) - Lock on /workdir/hadoop-ozone/integration-test/target/test-dir/MiniOzoneClusterImpl-2f79a7d3-d7ae-4963-8370-12bb1e2132d7/datanode-0/data/ratis/5c178274-1280-4d5d-971e-a23fb99a743d/in_use.lock acquired by nodename 17888@pr-hdds-1569-g6sp5-2013761785
2019-09-26 19:35:52,995 [pool-261-thread-1] INFO  storage.RaftStorage (RaftStorage.java:format(72)) - Storage directory /workdir/hadoop-ozone/integration-test/target/test-dir/MiniOzoneClusterImpl-2f79a7d3-d7ae-4963-8370-12bb1e2132d7/datanode-0/data/ratis/5c178274-1280-4d5d-971e-a23fb99a743d has been successfully formatted.
2019-09-26 19:35:52,996 [pool-261-thread-1] INFO  ratis.ContainerStateMachine (ContainerStateMachine.java:loadSnapshot(230)) - group-A23FB99A743D: The snapshot info is null. Setting the last applied indexto:(t:0, i:~)
2019-09-26 19:35:52,996 [pool-261-thread-1] INFO  server.RaftServerConfigKeys (ConfUtils.java:logGet(43)) - raft.server.notification.no-leader.timeout = 120s (custom)
2019-09-26 19:35:52,996 [pool-261-thread-1] INFO  server.RaftServerConfigKeys (ConfUtils.java:logGet(43)) - raft.server.log.use.memory = false (default)
2019-09-26 19:35:52,996 [pool-261-thread-1] INFO  server.RaftServerConfigKeys (ConfUtils.java:logGet(43)) - raft.server.log.purge.gap = 1000000 (custom)
2019-09-26 19:35:52,996 [pool-261-thread-1] INFO  server.RaftServerConfigKeys (ConfUtils.java:logGet(43)) - raft.server.log.appender.buffer.byte-limit = 33554432 (custom)
2019-09-26 19:35:52,996 [pool-261-thread-1] INFO  server.RaftServerConfigKeys (ConfUtils.java:logGet(43)) - raft.server.log.segment.size.max = 1048576 (custom)
2019-09-26 19:35:52,996 [pool-261-thread-1] INFO  server.RaftServerConfigKeys (ConfUtils.java:logGet(43)) - raft.server.log.segment.cache.num.max = 2 (custom)
2019-09-26 19:35:52,996 [pool-261-thread-1] INFO  segmented.SegmentedRaftLogWorker (SegmentedRaftLogWorker.java:<init>(172)) - new 27cb48db-4b88-4c0c-b213-19f9b2fffaff@group-A23FB99A743D-SegmentedRaftLogWorker for RaftStorage:Storage Directory /workdir/hadoop-ozone/integration-test/target/test-dir/MiniOzoneClusterImpl-2f79a7d3-d7ae-4963-8370-12bb1e2132d7/datanode-0/data/ratis/5c178274-1280-4d5d-971e-a23fb99a743d
2019-09-26 19:35:52,996 [pool-261-thread-1] INFO  server.RaftServerConfigKeys (ConfUtils.java:logGet(43)) - raft.server.log.queue.byte-limit = 2147483647 (custom)
2019-09-26 19:35:52,996 [pool-261-thread-1] INFO  server.RaftServerConfigKeys (ConfUtils.java:logGet(43)) - raft.server.log.queue.element-limit = 1024 (custom)
2019-09-26 19:35:52,996 [pool-261-thread-1] INFO  server.RaftServerConfigKeys (ConfUtils.java:logGet(43)) - raft.server.log.segment.size.max = 1048576 (custom)
2019-09-26 19:35:52,997 [pool-261-thread-1] INFO  server.RaftServerConfigKeys (ConfUtils.java:logGet(43)) - raft.server.log.preallocated.size = 16384 (custom)
2019-09-26 19:35:52,997 [pool-261-thread-1] INFO  server.RaftServerConfigKeys (ConfUtils.java:logGet(43)) - raft.server.log.write.buffer.size = 33554432 (custom)
2019-09-26 19:35:52,997 [pool-261-thread-1] INFO  server.RaftServerConfigKeys (ConfUtils.java:logGet(43)) - raft.server.log.force.sync.num = 128 (default)
2019-09-26 19:35:52,997 [pool-261-thread-1] INFO  server.RaftServerConfigKeys (ConfUtils.java:logGet(43)) - raft.server.log.statemachine.data.sync = true (default)
2019-09-26 19:35:52,997 [pool-261-thread-1] INFO  server.RaftServerConfigKeys (ConfUtils.java:logGet(43)) - raft.server.log.statemachine.data.sync.timeout = 10s (default)
2019-09-26 19:35:52,997 [pool-261-thread-1] INFO  server.RaftServerConfigKeys (ConfUtils.java:logGet(43)) - raft.server.log.statemachine.data.sync.timeout.retry = -1 (default)
2019-09-26 19:35:52,997 [pool-261-thread-1] INFO  server.RaftServerConfigKeys (ConfUtils.java:logGet(43)) - raft.server.log.statemachine.data.caching.enabled = true (custom)
2019-09-26 19:35:52,997 [pool-261-thread-1] INFO  segmented.SegmentedRaftLogWorker (SegmentedRaftLogWorker.java:lambda$new$0(132)) - 27cb48db-4b88-4c0c-b213-19f9b2fffaff@group-A23FB99A743D-SegmentedRaftLogWorker: flushIndex: setUnconditionally 0 -> -1
2019-09-26 19:35:52,997 [pool-261-thread-1] INFO  server.RaftServerConfigKeys (ConfUtils.java:logGet(43)) - raft.server.snapshot.auto.trigger.enabled = true (custom)
2019-09-26 19:35:52,997 [pool-261-thread-1] INFO  server.RaftServerConfigKeys (ConfUtils.java:logGet(43)) - raft.server.snapshot.auto.trigger.threshold = 10000 (custom)
2019-09-26 19:35:52,998 [pool-261-thread-1] INFO  server.RaftServerConfigKeys (ConfUtils.java:logGet(43)) - raft.server.snapshot.retention.num.files = 5 (custom)
2019-09-26 19:35:52,998 [pool-261-thread-1] INFO  server.RaftServerConfigKeys (ConfUtils.java:logGet(43)) - raft.server.retrycache.expirytime = 600000ms (custom)
2019-09-26 19:35:52,999 [pool-261-thread-1] INFO  impl.RaftServerImpl (RaftServerImpl.java:start(185)) - 27cb48db-4b88-4c0c-b213-19f9b2fffaff@group-A23FB99A743D: start as a follower, conf=-1: [27cb48db-4b88-4c0c-b213-19f9b2fffaff:192.168.151.99:37457], old=null
2019-09-26 19:35:52,999 [pool-261-thread-1] INFO  impl.RaftServerImpl (RaftServerImpl.java:setRole(174)) - 27cb48db-4b88-4c0c-b213-19f9b2fffaff@group-A23FB99A743D: changes role from      null to FOLLOWER at term 0 for startAsFollower
2019-09-26 19:35:52,999 [pool-261-thread-1] INFO  impl.RoleInfo (RoleInfo.java:updateAndGet(143)) - 27cb48db-4b88-4c0c-b213-19f9b2fffaff: start FollowerState
2019-09-26 19:35:52,999 [pool-261-thread-1] INFO  util.JmxRegister (JmxRegister.java:tryRegister(44)) - Successfully registered JMX Bean with object name Ratis:service=RaftServer,group=group-A23FB99A743D,id=27cb48db-4b88-4c0c-b213-19f9b2fffaff
2019-09-26 19:35:53,000 [RatisPipelineUtilsThread] INFO  pipeline.PipelineStateManager (PipelineStateManager.java:addPipeline(56)) - Created pipeline Pipeline[ Id: 5c178274-1280-4d5d-971e-a23fb99a743d, Nodes: 27cb48db-4b88-4c0c-b213-19f9b2fffaff{ip: 192.168.151.99, host: pr-hdds-1569-g6sp5-2013761785, networkLocation: /rack1, certSerialId: null}, Type:RATIS, Factor:ONE, State:OPEN]
2019-09-26 19:35:53,002 [grpc-default-executor-2] INFO  impl.RaftServerProxy (RaftServerProxy.java:addNew(89)) - 99aa1396-69c4-4985-9b2a-20430cc4a0a7: addNew group-347C10A7AEE6:[99aa1396-69c4-4985-9b2a-20430cc4a0a7:192.168.151.99:40213] returns group-347C10A7AEE6:java.util.concurrent.CompletableFuture@11b61571[Not completed]
2019-09-26 19:35:53,003 [pool-281-thread-1] INFO  impl.RaftServerImpl (RaftServerImpl.java:<init>(95)) - 99aa1396-69c4-4985-9b2a-20430cc4a0a7: new RaftServerImpl for group-347C10A7AEE6:[99aa1396-69c4-4985-9b2a-20430cc4a0a7:192.168.151.99:40213] with ContainerStateMachine:uninitialized
2019-09-26 19:35:53,003 [pool-281-thread-1] INFO  server.RaftServerConfigKeys (ConfUtils.java:logGet(43)) - raft.server.rpc.timeout.min = 5s (custom)
2019-09-26 19:35:53,004 [pool-281-thread-1] INFO  server.RaftServerConfigKeys (ConfUtils.java:logGet(43)) - raft.server.rpc.timeout.max = 5200ms (custom)
2019-09-26 19:35:53,004 [pool-281-thread-1] INFO  server.RaftServerConfigKeys (ConfUtils.java:logGet(43)) - raft.server.rpcslowness.timeout = 120s (custom)
2019-09-26 19:35:53,004 [pool-281-thread-1] INFO  server.RaftServerConfigKeys (ConfUtils.java:logGet(43)) - raft.server.sleep.deviation.threshold = 300 (default)
2019-09-26 19:35:53,004 [pool-281-thread-1] INFO  server.RaftServerConfigKeys (ConfUtils.java:logGet(43)) - raft.server.log.appender.install.snapshot.enabled = false (custom)
2019-09-26 19:35:53,004 [pool-281-thread-1] INFO  impl.RaftServerImpl (ServerState.java:<init>(103)) - 99aa1396-69c4-4985-9b2a-20430cc4a0a7@group-347C10A7AEE6: ConfigurationManager, init=-1: [99aa1396-69c4-4985-9b2a-20430cc4a0a7:192.168.151.99:40213], old=null, confs=<EMPTY_MAP>
2019-09-26 19:35:53,004 [pool-281-thread-1] INFO  server.RaftServerConfigKeys (ConfUtils.java:logGet(43)) - raft.server.storage.dir = [/workdir/hadoop-ozone/integration-test/target/test-dir/MiniOzoneClusterImpl-2f79a7d3-d7ae-4963-8370-12bb1e2132d7/datanode-2/data/ratis] (custom)
2019-09-26 19:35:53,004 [pool-281-thread-1] INFO  storage.RaftStorageDirectory (RaftStorageDirectory.java:analyzeStorage(246)) - The storage directory /workdir/hadoop-ozone/integration-test/target/test-dir/MiniOzoneClusterImpl-2f79a7d3-d7ae-4963-8370-12bb1e2132d7/datanode-2/data/ratis/4656b2b8-e0e5-48d2-86bd-347c10a7aee6 does not exist. Creating ...
2019-09-26 19:35:53,018 [pool-281-thread-1] INFO  storage.RaftStorageDirectory (RaftStorageDirectory.java:tryLock(328)) - Lock on /workdir/hadoop-ozone/integration-test/target/test-dir/MiniOzoneClusterImpl-2f79a7d3-d7ae-4963-8370-12bb1e2132d7/datanode-2/data/ratis/4656b2b8-e0e5-48d2-86bd-347c10a7aee6/in_use.lock acquired by nodename 17888@pr-hdds-1569-g6sp5-2013761785
2019-09-26 19:35:53,031 [pool-281-thread-1] INFO  storage.RaftStorage (RaftStorage.java:format(72)) - Storage directory /workdir/hadoop-ozone/integration-test/target/test-dir/MiniOzoneClusterImpl-2f79a7d3-d7ae-4963-8370-12bb1e2132d7/datanode-2/data/ratis/4656b2b8-e0e5-48d2-86bd-347c10a7aee6 has been successfully formatted.
2019-09-26 19:35:53,032 [pool-281-thread-1] INFO  ratis.ContainerStateMachine (ContainerStateMachine.java:loadSnapshot(230)) - group-347C10A7AEE6: The snapshot info is null. Setting the last applied indexto:(t:0, i:~)
2019-09-26 19:35:53,032 [pool-281-thread-1] INFO  server.RaftServerConfigKeys (ConfUtils.java:logGet(43)) - raft.server.notification.no-leader.timeout = 120s (custom)
2019-09-26 19:35:53,032 [pool-281-thread-1] INFO  server.RaftServerConfigKeys (ConfUtils.java:logGet(43)) - raft.server.log.use.memory = false (default)
2019-09-26 19:35:53,032 [pool-281-thread-1] INFO  server.RaftServerConfigKeys (ConfUtils.java:logGet(43)) - raft.server.log.purge.gap = 1000000 (custom)
2019-09-26 19:35:53,032 [pool-281-thread-1] INFO  server.RaftServerConfigKeys (ConfUtils.java:logGet(43)) - raft.server.log.appender.buffer.byte-limit = 33554432 (custom)
2019-09-26 19:35:53,032 [pool-281-thread-1] INFO  server.RaftServerConfigKeys (ConfUtils.java:logGet(43)) - raft.server.log.segment.size.max = 1048576 (custom)
2019-09-26 19:35:53,033 [pool-281-thread-1] INFO  server.RaftServerConfigKeys (ConfUtils.java:logGet(43)) - raft.server.log.segment.cache.num.max = 2 (custom)
2019-09-26 19:35:53,033 [pool-281-thread-1] INFO  segmented.SegmentedRaftLogWorker (SegmentedRaftLogWorker.java:<init>(172)) - new 99aa1396-69c4-4985-9b2a-20430cc4a0a7@group-347C10A7AEE6-SegmentedRaftLogWorker for RaftStorage:Storage Directory /workdir/hadoop-ozone/integration-test/target/test-dir/MiniOzoneClusterImpl-2f79a7d3-d7ae-4963-8370-12bb1e2132d7/datanode-2/data/ratis/4656b2b8-e0e5-48d2-86bd-347c10a7aee6
2019-09-26 19:35:53,033 [pool-281-thread-1] INFO  server.RaftServerConfigKeys (ConfUtils.java:logGet(43)) - raft.server.log.queue.byte-limit = 2147483647 (custom)
2019-09-26 19:35:53,033 [pool-281-thread-1] INFO  server.RaftServerConfigKeys (ConfUtils.java:logGet(43)) - raft.server.log.queue.element-limit = 1024 (custom)
2019-09-26 19:35:53,033 [pool-281-thread-1] INFO  server.RaftServerConfigKeys (ConfUtils.java:logGet(43)) - raft.server.log.segment.size.max = 1048576 (custom)
2019-09-26 19:35:53,033 [pool-281-thread-1] INFO  server.RaftServerConfigKeys (ConfUtils.java:logGet(43)) - raft.server.log.preallocated.size = 16384 (custom)
2019-09-26 19:35:53,033 [pool-281-thread-1] INFO  server.RaftServerConfigKeys (ConfUtils.java:logGet(43)) - raft.server.log.write.buffer.size = 33554432 (custom)
2019-09-26 19:35:53,033 [pool-281-thread-1] INFO  server.RaftServerConfigKeys (ConfUtils.java:logGet(43)) - raft.server.log.force.sync.num = 128 (default)
2019-09-26 19:35:53,034 [pool-281-thread-1] INFO  server.RaftServerConfigKeys (ConfUtils.java:logGet(43)) - raft.server.log.statemachine.data.sync = true (default)
2019-09-26 19:35:53,034 [pool-281-thread-1] INFO  server.RaftServerConfigKeys (ConfUtils.java:logGet(43)) - raft.server.log.statemachine.data.sync.timeout = 10s (default)
2019-09-26 19:35:53,034 [pool-281-thread-1] INFO  server.RaftServerConfigKeys (ConfUtils.java:logGet(43)) - raft.server.log.statemachine.data.sync.timeout.retry = -1 (default)
2019-09-26 19:35:53,034 [pool-281-thread-1] INFO  server.RaftServerConfigKeys (ConfUtils.java:logGet(43)) - raft.server.log.statemachine.data.caching.enabled = true (custom)
2019-09-26 19:35:53,034 [pool-281-thread-1] INFO  segmented.SegmentedRaftLogWorker (SegmentedRaftLogWorker.java:lambda$new$0(132)) - 99aa1396-69c4-4985-9b2a-20430cc4a0a7@group-347C10A7AEE6-SegmentedRaftLogWorker: flushIndex: setUnconditionally 0 -> -1
2019-09-26 19:35:53,035 [pool-281-thread-1] INFO  server.RaftServerConfigKeys (ConfUtils.java:logGet(43)) - raft.server.snapshot.auto.trigger.enabled = true (custom)
2019-09-26 19:35:53,035 [pool-281-thread-1] INFO  server.RaftServerConfigKeys (ConfUtils.java:logGet(43)) - raft.server.snapshot.auto.trigger.threshold = 10000 (custom)
2019-09-26 19:35:53,035 [pool-281-thread-1] INFO  server.RaftServerConfigKeys (ConfUtils.java:logGet(43)) - raft.server.snapshot.retention.num.files = 5 (custom)
2019-09-26 19:35:53,035 [pool-281-thread-1] INFO  server.RaftServerConfigKeys (ConfUtils.java:logGet(43)) - raft.server.retrycache.expirytime = 600000ms (custom)
2019-09-26 19:35:53,037 [pool-281-thread-1] INFO  impl.RaftServerImpl (RaftServerImpl.java:start(185)) - 99aa1396-69c4-4985-9b2a-20430cc4a0a7@group-347C10A7AEE6: start as a follower, conf=-1: [99aa1396-69c4-4985-9b2a-20430cc4a0a7:192.168.151.99:40213], old=null
2019-09-26 19:35:53,037 [pool-281-thread-1] INFO  impl.RaftServerImpl (RaftServerImpl.java:setRole(174)) - 99aa1396-69c4-4985-9b2a-20430cc4a0a7@group-347C10A7AEE6: changes role from      null to FOLLOWER at term 0 for startAsFollower
2019-09-26 19:35:53,037 [pool-281-thread-1] INFO  impl.RoleInfo (RoleInfo.java:updateAndGet(143)) - 99aa1396-69c4-4985-9b2a-20430cc4a0a7: start FollowerState
2019-09-26 19:35:53,037 [pool-281-thread-1] INFO  util.JmxRegister (JmxRegister.java:tryRegister(44)) - Successfully registered JMX Bean with object name Ratis:service=RaftServer,group=group-347C10A7AEE6,id=99aa1396-69c4-4985-9b2a-20430cc4a0a7
2019-09-26 19:35:53,039 [RatisPipelineUtilsThread] INFO  pipeline.PipelineStateManager (PipelineStateManager.java:addPipeline(56)) - Created pipeline Pipeline[ Id: 4656b2b8-e0e5-48d2-86bd-347c10a7aee6, Nodes: 99aa1396-69c4-4985-9b2a-20430cc4a0a7{ip: 192.168.151.99, host: pr-hdds-1569-g6sp5-2013761785, networkLocation: /rack1, certSerialId: null}, Type:RATIS, Factor:ONE, State:OPEN]
2019-09-26 19:35:53,041 [grpc-default-executor-2] INFO  impl.RaftServerProxy (RaftServerProxy.java:addNew(89)) - 99aa1396-69c4-4985-9b2a-20430cc4a0a7: addNew group-D671766AC431:[99aa1396-69c4-4985-9b2a-20430cc4a0a7:192.168.151.99:40213] returns group-D671766AC431:java.util.concurrent.CompletableFuture@6f1af832[Not completed]
2019-09-26 19:35:53,041 [pool-281-thread-1] INFO  impl.RaftServerImpl (RaftServerImpl.java:<init>(95)) - 99aa1396-69c4-4985-9b2a-20430cc4a0a7: new RaftServerImpl for group-D671766AC431:[99aa1396-69c4-4985-9b2a-20430cc4a0a7:192.168.151.99:40213] with ContainerStateMachine:uninitialized
2019-09-26 19:35:53,041 [pool-281-thread-1] INFO  server.RaftServerConfigKeys (ConfUtils.java:logGet(43)) - raft.server.rpc.timeout.min = 5s (custom)
2019-09-26 19:35:53,042 [pool-281-thread-1] INFO  server.RaftServerConfigKeys (ConfUtils.java:logGet(43)) - raft.server.rpc.timeout.max = 5200ms (custom)
2019-09-26 19:35:53,042 [pool-281-thread-1] INFO  server.RaftServerConfigKeys (ConfUtils.java:logGet(43)) - raft.server.rpcslowness.timeout = 120s (custom)
2019-09-26 19:35:53,042 [pool-281-thread-1] INFO  server.RaftServerConfigKeys (ConfUtils.java:logGet(43)) - raft.server.sleep.deviation.threshold = 300 (default)
2019-09-26 19:35:53,042 [pool-281-thread-1] INFO  server.RaftServerConfigKeys (ConfUtils.java:logGet(43)) - raft.server.log.appender.install.snapshot.enabled = false (custom)
2019-09-26 19:35:53,042 [pool-281-thread-1] INFO  impl.RaftServerImpl (ServerState.java:<init>(103)) - 99aa1396-69c4-4985-9b2a-20430cc4a0a7@group-D671766AC431: ConfigurationManager, init=-1: [99aa1396-69c4-4985-9b2a-20430cc4a0a7:192.168.151.99:40213], old=null, confs=<EMPTY_MAP>
2019-09-26 19:35:53,042 [pool-281-thread-1] INFO  server.RaftServerConfigKeys (ConfUtils.java:logGet(43)) - raft.server.storage.dir = [/workdir/hadoop-ozone/integration-test/target/test-dir/MiniOzoneClusterImpl-2f79a7d3-d7ae-4963-8370-12bb1e2132d7/datanode-2/data/ratis] (custom)
2019-09-26 19:35:53,043 [pool-281-thread-1] INFO  storage.RaftStorageDirectory (RaftStorageDirectory.java:analyzeStorage(246)) - The storage directory /workdir/hadoop-ozone/integration-test/target/test-dir/MiniOzoneClusterImpl-2f79a7d3-d7ae-4963-8370-12bb1e2132d7/datanode-2/data/ratis/3ca56fc9-fe2f-4c2e-aa12-d671766ac431 does not exist. Creating ...
2019-09-26 19:35:53,046 [pool-281-thread-1] INFO  storage.RaftStorageDirectory (RaftStorageDirectory.java:tryLock(328)) - Lock on /workdir/hadoop-ozone/integration-test/target/test-dir/MiniOzoneClusterImpl-2f79a7d3-d7ae-4963-8370-12bb1e2132d7/datanode-2/data/ratis/3ca56fc9-fe2f-4c2e-aa12-d671766ac431/in_use.lock acquired by nodename 17888@pr-hdds-1569-g6sp5-2013761785
2019-09-26 19:35:53,050 [pool-281-thread-1] INFO  storage.RaftStorage (RaftStorage.java:format(72)) - Storage directory /workdir/hadoop-ozone/integration-test/target/test-dir/MiniOzoneClusterImpl-2f79a7d3-d7ae-4963-8370-12bb1e2132d7/datanode-2/data/ratis/3ca56fc9-fe2f-4c2e-aa12-d671766ac431 has been successfully formatted.
2019-09-26 19:35:53,051 [pool-281-thread-1] INFO  ratis.ContainerStateMachine (ContainerStateMachine.java:loadSnapshot(230)) - group-D671766AC431: The snapshot info is null. Setting the last applied indexto:(t:0, i:~)
2019-09-26 19:35:53,051 [pool-281-thread-1] INFO  server.RaftServerConfigKeys (ConfUtils.java:logGet(43)) - raft.server.notification.no-leader.timeout = 120s (custom)
2019-09-26 19:35:53,051 [pool-281-thread-1] INFO  server.RaftServerConfigKeys (ConfUtils.java:logGet(43)) - raft.server.log.use.memory = false (default)
2019-09-26 19:35:53,051 [pool-281-thread-1] INFO  server.RaftServerConfigKeys (ConfUtils.java:logGet(43)) - raft.server.log.purge.gap = 1000000 (custom)
2019-09-26 19:35:53,051 [pool-281-thread-1] INFO  server.RaftServerConfigKeys (ConfUtils.java:logGet(43)) - raft.server.log.appender.buffer.byte-limit = 33554432 (custom)
2019-09-26 19:35:53,051 [pool-281-thread-1] INFO  server.RaftServerConfigKeys (ConfUtils.java:logGet(43)) - raft.server.log.segment.size.max = 1048576 (custom)
2019-09-26 19:35:53,051 [pool-281-thread-1] INFO  server.RaftServerConfigKeys (ConfUtils.java:logGet(43)) - raft.server.log.segment.cache.num.max = 2 (custom)
2019-09-26 19:35:53,052 [pool-281-thread-1] INFO  segmented.SegmentedRaftLogWorker (SegmentedRaftLogWorker.java:<init>(172)) - new 99aa1396-69c4-4985-9b2a-20430cc4a0a7@group-D671766AC431-SegmentedRaftLogWorker for RaftStorage:Storage Directory /workdir/hadoop-ozone/integration-test/target/test-dir/MiniOzoneClusterImpl-2f79a7d3-d7ae-4963-8370-12bb1e2132d7/datanode-2/data/ratis/3ca56fc9-fe2f-4c2e-aa12-d671766ac431
2019-09-26 19:35:53,052 [pool-281-thread-1] INFO  server.RaftServerConfigKeys (ConfUtils.java:logGet(43)) - raft.server.log.queue.byte-limit = 2147483647 (custom)
2019-09-26 19:35:53,052 [pool-281-thread-1] INFO  server.RaftServerConfigKeys (ConfUtils.java:logGet(43)) - raft.server.log.queue.element-limit = 1024 (custom)
2019-09-26 19:35:53,052 [pool-281-thread-1] INFO  server.RaftServerConfigKeys (ConfUtils.java:logGet(43)) - raft.server.log.segment.size.max = 1048576 (custom)
2019-09-26 19:35:53,052 [pool-281-thread-1] INFO  server.RaftServerConfigKeys (ConfUtils.java:logGet(43)) - raft.server.log.preallocated.size = 16384 (custom)
2019-09-26 19:35:53,052 [pool-281-thread-1] INFO  server.RaftServerConfigKeys (ConfUtils.java:logGet(43)) - raft.server.log.write.buffer.size = 33554432 (custom)
2019-09-26 19:35:53,052 [pool-281-thread-1] INFO  server.RaftServerConfigKeys (ConfUtils.java:logGet(43)) - raft.server.log.force.sync.num = 128 (default)
2019-09-26 19:35:53,053 [pool-281-thread-1] INFO  server.RaftServerConfigKeys (ConfUtils.java:logGet(43)) - raft.server.log.statemachine.data.sync = true (default)
2019-09-26 19:35:53,053 [pool-281-thread-1] INFO  server.RaftServerConfigKeys (ConfUtils.java:logGet(43)) - raft.server.log.statemachine.data.sync.timeout = 10s (default)
2019-09-26 19:35:53,053 [pool-281-thread-1] INFO  server.RaftServerConfigKeys (ConfUtils.java:logGet(43)) - raft.server.log.statemachine.data.sync.timeout.retry = -1 (default)
2019-09-26 19:35:53,053 [pool-281-thread-1] INFO  server.RaftServerConfigKeys (ConfUtils.java:logGet(43)) - raft.server.log.statemachine.data.caching.enabled = true (custom)
2019-09-26 19:35:53,053 [pool-281-thread-1] INFO  segmented.SegmentedRaftLogWorker (SegmentedRaftLogWorker.java:lambda$new$0(132)) - 99aa1396-69c4-4985-9b2a-20430cc4a0a7@group-D671766AC431-SegmentedRaftLogWorker: flushIndex: setUnconditionally 0 -> -1
2019-09-26 19:35:53,053 [pool-281-thread-1] INFO  server.RaftServerConfigKeys (ConfUtils.java:logGet(43)) - raft.server.snapshot.auto.trigger.enabled = true (custom)
2019-09-26 19:35:53,054 [pool-281-thread-1] INFO  server.RaftServerConfigKeys (ConfUtils.java:logGet(43)) - raft.server.snapshot.auto.trigger.threshold = 10000 (custom)
2019-09-26 19:35:53,054 [pool-281-thread-1] INFO  server.RaftServerConfigKeys (ConfUtils.java:logGet(43)) - raft.server.snapshot.retention.num.files = 5 (custom)
2019-09-26 19:35:53,054 [pool-281-thread-1] INFO  server.RaftServerConfigKeys (ConfUtils.java:logGet(43)) - raft.server.retrycache.expirytime = 600000ms (custom)
2019-09-26 19:35:53,056 [pool-281-thread-1] INFO  impl.RaftServerImpl (RaftServerImpl.java:start(185)) - 99aa1396-69c4-4985-9b2a-20430cc4a0a7@group-D671766AC431: start as a follower, conf=-1: [99aa1396-69c4-4985-9b2a-20430cc4a0a7:192.168.151.99:40213], old=null
2019-09-26 19:35:53,056 [pool-281-thread-1] INFO  impl.RaftServerImpl (RaftServerImpl.java:setRole(174)) - 99aa1396-69c4-4985-9b2a-20430cc4a0a7@group-D671766AC431: changes role from      null to FOLLOWER at term 0 for startAsFollower
2019-09-26 19:35:53,056 [pool-281-thread-1] INFO  impl.RoleInfo (RoleInfo.java:updateAndGet(143)) - 99aa1396-69c4-4985-9b2a-20430cc4a0a7: start FollowerState
2019-09-26 19:35:53,056 [pool-281-thread-1] INFO  util.JmxRegister (JmxRegister.java:tryRegister(44)) - Successfully registered JMX Bean with object name Ratis:service=RaftServer,group=group-D671766AC431,id=99aa1396-69c4-4985-9b2a-20430cc4a0a7
2019-09-26 19:35:53,058 [RatisPipelineUtilsThread] INFO  pipeline.PipelineStateManager (PipelineStateManager.java:addPipeline(56)) - Created pipeline Pipeline[ Id: 3ca56fc9-fe2f-4c2e-aa12-d671766ac431, Nodes: 99aa1396-69c4-4985-9b2a-20430cc4a0a7{ip: 192.168.151.99, host: pr-hdds-1569-g6sp5-2013761785, networkLocation: /rack1, certSerialId: null}, Type:RATIS, Factor:ONE, State:OPEN]
2019-09-26 19:35:53,060 [grpc-default-executor-2] INFO  impl.RaftServerProxy (RaftServerProxy.java:addNew(89)) - 728ea44c-f097-440a-a87e-c27a68d48f14: addNew group-68B4F72B1ED7:[728ea44c-f097-440a-a87e-c27a68d48f14:192.168.151.99:38783] returns group-68B4F72B1ED7:java.util.concurrent.CompletableFuture@7da62872[Not completed]
2019-09-26 19:35:53,060 [pool-271-thread-1] INFO  impl.RaftServerImpl (RaftServerImpl.java:<init>(95)) - 728ea44c-f097-440a-a87e-c27a68d48f14: new RaftServerImpl for group-68B4F72B1ED7:[728ea44c-f097-440a-a87e-c27a68d48f14:192.168.151.99:38783] with ContainerStateMachine:uninitialized
2019-09-26 19:35:53,061 [pool-271-thread-1] INFO  server.RaftServerConfigKeys (ConfUtils.java:logGet(43)) - raft.server.rpc.timeout.min = 5s (custom)
2019-09-26 19:35:53,061 [pool-271-thread-1] INFO  server.RaftServerConfigKeys (ConfUtils.java:logGet(43)) - raft.server.rpc.timeout.max = 5200ms (custom)
2019-09-26 19:35:53,061 [pool-271-thread-1] INFO  server.RaftServerConfigKeys (ConfUtils.java:logGet(43)) - raft.server.rpcslowness.timeout = 120s (custom)
2019-09-26 19:35:53,061 [pool-271-thread-1] INFO  server.RaftServerConfigKeys (ConfUtils.java:logGet(43)) - raft.server.sleep.deviation.threshold = 300 (default)
2019-09-26 19:35:53,061 [pool-271-thread-1] INFO  server.RaftServerConfigKeys (ConfUtils.java:logGet(43)) - raft.server.log.appender.install.snapshot.enabled = false (custom)
2019-09-26 19:35:53,061 [pool-271-thread-1] INFO  impl.RaftServerImpl (ServerState.java:<init>(103)) - 728ea44c-f097-440a-a87e-c27a68d48f14@group-68B4F72B1ED7: ConfigurationManager, init=-1: [728ea44c-f097-440a-a87e-c27a68d48f14:192.168.151.99:38783], old=null, confs=<EMPTY_MAP>
2019-09-26 19:35:53,061 [pool-271-thread-1] INFO  server.RaftServerConfigKeys (ConfUtils.java:logGet(43)) - raft.server.storage.dir = [/workdir/hadoop-ozone/integration-test/target/test-dir/MiniOzoneClusterImpl-2f79a7d3-d7ae-4963-8370-12bb1e2132d7/datanode-1/data/ratis] (custom)
2019-09-26 19:35:53,062 [pool-271-thread-1] INFO  storage.RaftStorageDirectory (RaftStorageDirectory.java:analyzeStorage(246)) - The storage directory /workdir/hadoop-ozone/integration-test/target/test-dir/MiniOzoneClusterImpl-2f79a7d3-d7ae-4963-8370-12bb1e2132d7/datanode-1/data/ratis/5215c474-4254-4f9a-948a-68b4f72b1ed7 does not exist. Creating ...
2019-09-26 19:35:53,065 [pool-271-thread-1] INFO  storage.RaftStorageDirectory (RaftStorageDirectory.java:tryLock(328)) - Lock on /workdir/hadoop-ozone/integration-test/target/test-dir/MiniOzoneClusterImpl-2f79a7d3-d7ae-4963-8370-12bb1e2132d7/datanode-1/data/ratis/5215c474-4254-4f9a-948a-68b4f72b1ed7/in_use.lock acquired by nodename 17888@pr-hdds-1569-g6sp5-2013761785
2019-09-26 19:35:53,069 [pool-271-thread-1] INFO  storage.RaftStorage (RaftStorage.java:format(72)) - Storage directory /workdir/hadoop-ozone/integration-test/target/test-dir/MiniOzoneClusterImpl-2f79a7d3-d7ae-4963-8370-12bb1e2132d7/datanode-1/data/ratis/5215c474-4254-4f9a-948a-68b4f72b1ed7 has been successfully formatted.
2019-09-26 19:35:53,069 [pool-271-thread-1] INFO  ratis.ContainerStateMachine (ContainerStateMachine.java:loadSnapshot(230)) - group-68B4F72B1ED7: The snapshot info is null. Setting the last applied indexto:(t:0, i:~)
2019-09-26 19:35:53,070 [pool-271-thread-1] INFO  server.RaftServerConfigKeys (ConfUtils.java:logGet(43)) - raft.server.notification.no-leader.timeout = 120s (custom)
2019-09-26 19:35:53,070 [pool-271-thread-1] INFO  server.RaftServerConfigKeys (ConfUtils.java:logGet(43)) - raft.server.log.use.memory = false (default)
2019-09-26 19:35:53,070 [pool-271-thread-1] INFO  server.RaftServerConfigKeys (ConfUtils.java:logGet(43)) - raft.server.log.purge.gap = 1000000 (custom)
2019-09-26 19:35:53,070 [pool-271-thread-1] INFO  server.RaftServerConfigKeys (ConfUtils.java:logGet(43)) - raft.server.log.appender.buffer.byte-limit = 33554432 (custom)
2019-09-26 19:35:53,070 [pool-271-thread-1] INFO  server.RaftServerConfigKeys (ConfUtils.java:logGet(43)) - raft.server.log.segment.size.max = 1048576 (custom)
2019-09-26 19:35:53,070 [pool-271-thread-1] INFO  server.RaftServerConfigKeys (ConfUtils.java:logGet(43)) - raft.server.log.segment.cache.num.max = 2 (custom)
2019-09-26 19:35:53,070 [pool-271-thread-1] INFO  segmented.SegmentedRaftLogWorker (SegmentedRaftLogWorker.java:<init>(172)) - new 728ea44c-f097-440a-a87e-c27a68d48f14@group-68B4F72B1ED7-SegmentedRaftLogWorker for RaftStorage:Storage Directory /workdir/hadoop-ozone/integration-test/target/test-dir/MiniOzoneClusterImpl-2f79a7d3-d7ae-4963-8370-12bb1e2132d7/datanode-1/data/ratis/5215c474-4254-4f9a-948a-68b4f72b1ed7
2019-09-26 19:35:53,071 [pool-271-thread-1] INFO  server.RaftServerConfigKeys (ConfUtils.java:logGet(43)) - raft.server.log.queue.byte-limit = 2147483647 (custom)
2019-09-26 19:35:53,071 [pool-271-thread-1] INFO  server.RaftServerConfigKeys (ConfUtils.java:logGet(43)) - raft.server.log.queue.element-limit = 1024 (custom)
2019-09-26 19:35:53,071 [pool-271-thread-1] INFO  server.RaftServerConfigKeys (ConfUtils.java:logGet(43)) - raft.server.log.segment.size.max = 1048576 (custom)
2019-09-26 19:35:53,071 [pool-271-thread-1] INFO  server.RaftServerConfigKeys (ConfUtils.java:logGet(43)) - raft.server.log.preallocated.size = 16384 (custom)
2019-09-26 19:35:53,071 [pool-271-thread-1] INFO  server.RaftServerConfigKeys (ConfUtils.java:logGet(43)) - raft.server.log.write.buffer.size = 33554432 (custom)
2019-09-26 19:35:53,071 [pool-271-thread-1] INFO  server.RaftServerConfigKeys (ConfUtils.java:logGet(43)) - raft.server.log.force.sync.num = 128 (default)
2019-09-26 19:35:53,071 [pool-271-thread-1] INFO  server.RaftServerConfigKeys (ConfUtils.java:logGet(43)) - raft.server.log.statemachine.data.sync = true (default)
2019-09-26 19:35:53,071 [pool-271-thread-1] INFO  server.RaftServerConfigKeys (ConfUtils.java:logGet(43)) - raft.server.log.statemachine.data.sync.timeout = 10s (default)
2019-09-26 19:35:53,072 [pool-271-thread-1] INFO  server.RaftServerConfigKeys (ConfUtils.java:logGet(43)) - raft.server.log.statemachine.data.sync.timeout.retry = -1 (default)
2019-09-26 19:35:53,072 [pool-271-thread-1] INFO  server.RaftServerConfigKeys (ConfUtils.java:logGet(43)) - raft.server.log.statemachine.data.caching.enabled = true (custom)
2019-09-26 19:35:53,072 [pool-271-thread-1] INFO  segmented.SegmentedRaftLogWorker (SegmentedRaftLogWorker.java:lambda$new$0(132)) - 728ea44c-f097-440a-a87e-c27a68d48f14@group-68B4F72B1ED7-SegmentedRaftLogWorker: flushIndex: setUnconditionally 0 -> -1
2019-09-26 19:35:53,072 [pool-271-thread-1] INFO  server.RaftServerConfigKeys (ConfUtils.java:logGet(43)) - raft.server.snapshot.auto.trigger.enabled = true (custom)
2019-09-26 19:35:53,072 [pool-271-thread-1] INFO  server.RaftServerConfigKeys (ConfUtils.java:logGet(43)) - raft.server.snapshot.auto.trigger.threshold = 10000 (custom)
2019-09-26 19:35:53,072 [pool-271-thread-1] INFO  server.RaftServerConfigKeys (ConfUtils.java:logGet(43)) - raft.server.snapshot.retention.num.files = 5 (custom)
2019-09-26 19:35:53,073 [pool-271-thread-1] INFO  server.RaftServerConfigKeys (ConfUtils.java:logGet(43)) - raft.server.retrycache.expirytime = 600000ms (custom)
2019-09-26 19:35:53,074 [pool-271-thread-1] INFO  impl.RaftServerImpl (RaftServerImpl.java:start(185)) - 728ea44c-f097-440a-a87e-c27a68d48f14@group-68B4F72B1ED7: start as a follower, conf=-1: [728ea44c-f097-440a-a87e-c27a68d48f14:192.168.151.99:38783], old=null
2019-09-26 19:35:53,074 [pool-271-thread-1] INFO  impl.RaftServerImpl (RaftServerImpl.java:setRole(174)) - 728ea44c-f097-440a-a87e-c27a68d48f14@group-68B4F72B1ED7: changes role from      null to FOLLOWER at term 0 for startAsFollower
2019-09-26 19:35:53,075 [pool-271-thread-1] INFO  impl.RoleInfo (RoleInfo.java:updateAndGet(143)) - 728ea44c-f097-440a-a87e-c27a68d48f14: start FollowerState
2019-09-26 19:35:53,075 [pool-271-thread-1] INFO  util.JmxRegister (JmxRegister.java:tryRegister(44)) - Successfully registered JMX Bean with object name Ratis:service=RaftServer,group=group-68B4F72B1ED7,id=728ea44c-f097-440a-a87e-c27a68d48f14
2019-09-26 19:35:53,077 [RatisPipelineUtilsThread] INFO  pipeline.PipelineStateManager (PipelineStateManager.java:addPipeline(56)) - Created pipeline Pipeline[ Id: 5215c474-4254-4f9a-948a-68b4f72b1ed7, Nodes: 728ea44c-f097-440a-a87e-c27a68d48f14{ip: 192.168.151.99, host: pr-hdds-1569-g6sp5-2013761785, networkLocation: /rack1, certSerialId: null}, Type:RATIS, Factor:ONE, State:OPEN]
2019-09-26 19:35:53,079 [grpc-default-executor-2] INFO  impl.RaftServerProxy (RaftServerProxy.java:addNew(89)) - 728ea44c-f097-440a-a87e-c27a68d48f14: addNew group-B0CC0BB159C2:[728ea44c-f097-440a-a87e-c27a68d48f14:192.168.151.99:38783] returns group-B0CC0BB159C2:java.util.concurrent.CompletableFuture@a6382bd[Not completed]
2019-09-26 19:35:53,079 [pool-271-thread-1] INFO  impl.RaftServerImpl (RaftServerImpl.java:<init>(95)) - 728ea44c-f097-440a-a87e-c27a68d48f14: new RaftServerImpl for group-B0CC0BB159C2:[728ea44c-f097-440a-a87e-c27a68d48f14:192.168.151.99:38783] with ContainerStateMachine:uninitialized
2019-09-26 19:35:53,079 [pool-271-thread-1] INFO  server.RaftServerConfigKeys (ConfUtils.java:logGet(43)) - raft.server.rpc.timeout.min = 5s (custom)
2019-09-26 19:35:53,080 [pool-271-thread-1] INFO  server.RaftServerConfigKeys (ConfUtils.java:logGet(43)) - raft.server.rpc.timeout.max = 5200ms (custom)
2019-09-26 19:35:53,080 [pool-271-thread-1] INFO  server.RaftServerConfigKeys (ConfUtils.java:logGet(43)) - raft.server.rpcslowness.timeout = 120s (custom)
2019-09-26 19:35:53,080 [pool-271-thread-1] INFO  server.RaftServerConfigKeys (ConfUtils.java:logGet(43)) - raft.server.sleep.deviation.threshold = 300 (default)
2019-09-26 19:35:53,080 [pool-271-thread-1] INFO  server.RaftServerConfigKeys (ConfUtils.java:logGet(43)) - raft.server.log.appender.install.snapshot.enabled = false (custom)
2019-09-26 19:35:53,080 [pool-271-thread-1] INFO  impl.RaftServerImpl (ServerState.java:<init>(103)) - 728ea44c-f097-440a-a87e-c27a68d48f14@group-B0CC0BB159C2: ConfigurationManager, init=-1: [728ea44c-f097-440a-a87e-c27a68d48f14:192.168.151.99:38783], old=null, confs=<EMPTY_MAP>
2019-09-26 19:35:53,080 [pool-271-thread-1] INFO  server.RaftServerConfigKeys (ConfUtils.java:logGet(43)) - raft.server.storage.dir = [/workdir/hadoop-ozone/integration-test/target/test-dir/MiniOzoneClusterImpl-2f79a7d3-d7ae-4963-8370-12bb1e2132d7/datanode-1/data/ratis] (custom)
2019-09-26 19:35:53,080 [pool-271-thread-1] INFO  storage.RaftStorageDirectory (RaftStorageDirectory.java:analyzeStorage(246)) - The storage directory /workdir/hadoop-ozone/integration-test/target/test-dir/MiniOzoneClusterImpl-2f79a7d3-d7ae-4963-8370-12bb1e2132d7/datanode-1/data/ratis/754d3332-9889-4c2a-bd4c-b0cc0bb159c2 does not exist. Creating ...
2019-09-26 19:35:53,098 [pool-271-thread-1] INFO  storage.RaftStorageDirectory (RaftStorageDirectory.java:tryLock(328)) - Lock on /workdir/hadoop-ozone/integration-test/target/test-dir/MiniOzoneClusterImpl-2f79a7d3-d7ae-4963-8370-12bb1e2132d7/datanode-1/data/ratis/754d3332-9889-4c2a-bd4c-b0cc0bb159c2/in_use.lock acquired by nodename 17888@pr-hdds-1569-g6sp5-2013761785
2019-09-26 19:35:53,110 [pool-271-thread-1] INFO  storage.RaftStorage (RaftStorage.java:format(72)) - Storage directory /workdir/hadoop-ozone/integration-test/target/test-dir/MiniOzoneClusterImpl-2f79a7d3-d7ae-4963-8370-12bb1e2132d7/datanode-1/data/ratis/754d3332-9889-4c2a-bd4c-b0cc0bb159c2 has been successfully formatted.
2019-09-26 19:35:53,111 [pool-271-thread-1] INFO  ratis.ContainerStateMachine (ContainerStateMachine.java:loadSnapshot(230)) - group-B0CC0BB159C2: The snapshot info is null. Setting the last applied indexto:(t:0, i:~)
2019-09-26 19:35:53,111 [pool-271-thread-1] INFO  server.RaftServerConfigKeys (ConfUtils.java:logGet(43)) - raft.server.notification.no-leader.timeout = 120s (custom)
2019-09-26 19:35:53,111 [pool-271-thread-1] INFO  server.RaftServerConfigKeys (ConfUtils.java:logGet(43)) - raft.server.log.use.memory = false (default)
2019-09-26 19:35:53,111 [pool-271-thread-1] INFO  server.RaftServerConfigKeys (ConfUtils.java:logGet(43)) - raft.server.log.purge.gap = 1000000 (custom)
2019-09-26 19:35:53,111 [pool-271-thread-1] INFO  server.RaftServerConfigKeys (ConfUtils.java:logGet(43)) - raft.server.log.appender.buffer.byte-limit = 33554432 (custom)
2019-09-26 19:35:53,111 [pool-271-thread-1] INFO  server.RaftServerConfigKeys (ConfUtils.java:logGet(43)) - raft.server.log.segment.size.max = 1048576 (custom)
2019-09-26 19:35:53,111 [pool-271-thread-1] INFO  server.RaftServerConfigKeys (ConfUtils.java:logGet(43)) - raft.server.log.segment.cache.num.max = 2 (custom)
2019-09-26 19:35:53,112 [pool-271-thread-1] INFO  segmented.SegmentedRaftLogWorker (SegmentedRaftLogWorker.java:<init>(172)) - new 728ea44c-f097-440a-a87e-c27a68d48f14@group-B0CC0BB159C2-SegmentedRaftLogWorker for RaftStorage:Storage Directory /workdir/hadoop-ozone/integration-test/target/test-dir/MiniOzoneClusterImpl-2f79a7d3-d7ae-4963-8370-12bb1e2132d7/datanode-1/data/ratis/754d3332-9889-4c2a-bd4c-b0cc0bb159c2
2019-09-26 19:35:53,112 [pool-271-thread-1] INFO  server.RaftServerConfigKeys (ConfUtils.java:logGet(43)) - raft.server.log.queue.byte-limit = 2147483647 (custom)
2019-09-26 19:35:53,112 [pool-271-thread-1] INFO  server.RaftServerConfigKeys (ConfUtils.java:logGet(43)) - raft.server.log.queue.element-limit = 1024 (custom)
2019-09-26 19:35:53,112 [pool-271-thread-1] INFO  server.RaftServerConfigKeys (ConfUtils.java:logGet(43)) - raft.server.log.segment.size.max = 1048576 (custom)
2019-09-26 19:35:53,112 [pool-271-thread-1] INFO  server.RaftServerConfigKeys (ConfUtils.java:logGet(43)) - raft.server.log.preallocated.size = 16384 (custom)
2019-09-26 19:35:53,112 [pool-271-thread-1] INFO  server.RaftServerConfigKeys (ConfUtils.java:logGet(43)) - raft.server.log.write.buffer.size = 33554432 (custom)
2019-09-26 19:35:53,112 [pool-271-thread-1] INFO  server.RaftServerConfigKeys (ConfUtils.java:logGet(43)) - raft.server.log.force.sync.num = 128 (default)
2019-09-26 19:35:53,113 [pool-271-thread-1] INFO  server.RaftServerConfigKeys (ConfUtils.java:logGet(43)) - raft.server.log.statemachine.data.sync = true (default)
2019-09-26 19:35:53,113 [pool-271-thread-1] INFO  server.RaftServerConfigKeys (ConfUtils.java:logGet(43)) - raft.server.log.statemachine.data.sync.timeout = 10s (default)
2019-09-26 19:35:53,113 [pool-271-thread-1] INFO  server.RaftServerConfigKeys (ConfUtils.java:logGet(43)) - raft.server.log.statemachine.data.sync.timeout.retry = -1 (default)
2019-09-26 19:35:53,113 [pool-271-thread-1] INFO  server.RaftServerConfigKeys (ConfUtils.java:logGet(43)) - raft.server.log.statemachine.data.caching.enabled = true (custom)
2019-09-26 19:35:53,113 [pool-271-thread-1] INFO  segmented.SegmentedRaftLogWorker (SegmentedRaftLogWorker.java:lambda$new$0(132)) - 728ea44c-f097-440a-a87e-c27a68d48f14@group-B0CC0BB159C2-SegmentedRaftLogWorker: flushIndex: setUnconditionally 0 -> -1
2019-09-26 19:35:53,113 [pool-271-thread-1] INFO  server.RaftServerConfigKeys (ConfUtils.java:logGet(43)) - raft.server.snapshot.auto.trigger.enabled = true (custom)
2019-09-26 19:35:53,114 [pool-271-thread-1] INFO  server.RaftServerConfigKeys (ConfUtils.java:logGet(43)) - raft.server.snapshot.auto.trigger.threshold = 10000 (custom)
2019-09-26 19:35:53,114 [pool-271-thread-1] INFO  server.RaftServerConfigKeys (ConfUtils.java:logGet(43)) - raft.server.snapshot.retention.num.files = 5 (custom)
2019-09-26 19:35:53,114 [pool-271-thread-1] INFO  server.RaftServerConfigKeys (ConfUtils.java:logGet(43)) - raft.server.retrycache.expirytime = 600000ms (custom)
2019-09-26 19:35:53,116 [pool-271-thread-1] INFO  impl.RaftServerImpl (RaftServerImpl.java:start(185)) - 728ea44c-f097-440a-a87e-c27a68d48f14@group-B0CC0BB159C2: start as a follower, conf=-1: [728ea44c-f097-440a-a87e-c27a68d48f14:192.168.151.99:38783], old=null
2019-09-26 19:35:53,116 [pool-271-thread-1] INFO  impl.RaftServerImpl (RaftServerImpl.java:setRole(174)) - 728ea44c-f097-440a-a87e-c27a68d48f14@group-B0CC0BB159C2: changes role from      null to FOLLOWER at term 0 for startAsFollower
2019-09-26 19:35:53,116 [pool-271-thread-1] INFO  impl.RoleInfo (RoleInfo.java:updateAndGet(143)) - 728ea44c-f097-440a-a87e-c27a68d48f14: start FollowerState
2019-09-26 19:35:53,116 [pool-271-thread-1] INFO  util.JmxRegister (JmxRegister.java:tryRegister(44)) - Successfully registered JMX Bean with object name Ratis:service=RaftServer,group=group-B0CC0BB159C2,id=728ea44c-f097-440a-a87e-c27a68d48f14
2019-09-26 19:35:53,117 [RatisPipelineUtilsThread] INFO  pipeline.PipelineStateManager (PipelineStateManager.java:addPipeline(56)) - Created pipeline Pipeline[ Id: 754d3332-9889-4c2a-bd4c-b0cc0bb159c2, Nodes: 728ea44c-f097-440a-a87e-c27a68d48f14{ip: 192.168.151.99, host: pr-hdds-1569-g6sp5-2013761785, networkLocation: /rack1, certSerialId: null}, Type:RATIS, Factor:ONE, State:OPEN]
2019-09-26 19:35:53,120 [grpc-default-executor-2] INFO  impl.RaftServerProxy (RaftServerProxy.java:addNew(89)) - 27cb48db-4b88-4c0c-b213-19f9b2fffaff: addNew group-77423B234E80:[27cb48db-4b88-4c0c-b213-19f9b2fffaff:192.168.151.99:37457] returns group-77423B234E80:java.util.concurrent.CompletableFuture@4f410780[Not completed]
2019-09-26 19:35:53,120 [pool-261-thread-1] INFO  impl.RaftServerImpl (RaftServerImpl.java:<init>(95)) - 27cb48db-4b88-4c0c-b213-19f9b2fffaff: new RaftServerImpl for group-77423B234E80:[27cb48db-4b88-4c0c-b213-19f9b2fffaff:192.168.151.99:37457] with ContainerStateMachine:uninitialized
2019-09-26 19:35:53,121 [pool-261-thread-1] INFO  server.RaftServerConfigKeys (ConfUtils.java:logGet(43)) - raft.server.rpc.timeout.min = 5s (custom)
2019-09-26 19:35:53,121 [pool-261-thread-1] INFO  server.RaftServerConfigKeys (ConfUtils.java:logGet(43)) - raft.server.rpc.timeout.max = 5200ms (custom)
2019-09-26 19:35:53,121 [pool-261-thread-1] INFO  server.RaftServerConfigKeys (ConfUtils.java:logGet(43)) - raft.server.rpcslowness.timeout = 120s (custom)
2019-09-26 19:35:53,121 [pool-261-thread-1] INFO  server.RaftServerConfigKeys (ConfUtils.java:logGet(43)) - raft.server.sleep.deviation.threshold = 300 (default)
2019-09-26 19:35:53,121 [pool-261-thread-1] INFO  server.RaftServerConfigKeys (ConfUtils.java:logGet(43)) - raft.server.log.appender.install.snapshot.enabled = false (custom)
2019-09-26 19:35:53,121 [pool-261-thread-1] INFO  impl.RaftServerImpl (ServerState.java:<init>(103)) - 27cb48db-4b88-4c0c-b213-19f9b2fffaff@group-77423B234E80: ConfigurationManager, init=-1: [27cb48db-4b88-4c0c-b213-19f9b2fffaff:192.168.151.99:37457], old=null, confs=<EMPTY_MAP>
2019-09-26 19:35:53,121 [pool-261-thread-1] INFO  server.RaftServerConfigKeys (ConfUtils.java:logGet(43)) - raft.server.storage.dir = [/workdir/hadoop-ozone/integration-test/target/test-dir/MiniOzoneClusterImpl-2f79a7d3-d7ae-4963-8370-12bb1e2132d7/datanode-0/data/ratis] (custom)
2019-09-26 19:35:53,122 [pool-261-thread-1] INFO  storage.RaftStorageDirectory (RaftStorageDirectory.java:analyzeStorage(246)) - The storage directory /workdir/hadoop-ozone/integration-test/target/test-dir/MiniOzoneClusterImpl-2f79a7d3-d7ae-4963-8370-12bb1e2132d7/datanode-0/data/ratis/80dcf3c7-2577-4207-bdad-77423b234e80 does not exist. Creating ...
2019-09-26 19:35:53,135 [pool-261-thread-1] INFO  storage.RaftStorageDirectory (RaftStorageDirectory.java:tryLock(328)) - Lock on /workdir/hadoop-ozone/integration-test/target/test-dir/MiniOzoneClusterImpl-2f79a7d3-d7ae-4963-8370-12bb1e2132d7/datanode-0/data/ratis/80dcf3c7-2577-4207-bdad-77423b234e80/in_use.lock acquired by nodename 17888@pr-hdds-1569-g6sp5-2013761785
2019-09-26 19:35:53,147 [pool-261-thread-1] INFO  storage.RaftStorage (RaftStorage.java:format(72)) - Storage directory /workdir/hadoop-ozone/integration-test/target/test-dir/MiniOzoneClusterImpl-2f79a7d3-d7ae-4963-8370-12bb1e2132d7/datanode-0/data/ratis/80dcf3c7-2577-4207-bdad-77423b234e80 has been successfully formatted.
2019-09-26 19:35:53,148 [pool-261-thread-1] INFO  ratis.ContainerStateMachine (ContainerStateMachine.java:loadSnapshot(230)) - group-77423B234E80: The snapshot info is null. Setting the last applied indexto:(t:0, i:~)
2019-09-26 19:35:53,148 [pool-261-thread-1] INFO  server.RaftServerConfigKeys (ConfUtils.java:logGet(43)) - raft.server.notification.no-leader.timeout = 120s (custom)
2019-09-26 19:35:53,148 [pool-261-thread-1] INFO  server.RaftServerConfigKeys (ConfUtils.java:logGet(43)) - raft.server.log.use.memory = false (default)
2019-09-26 19:35:53,148 [pool-261-thread-1] INFO  server.RaftServerConfigKeys (ConfUtils.java:logGet(43)) - raft.server.log.purge.gap = 1000000 (custom)
2019-09-26 19:35:53,148 [pool-261-thread-1] INFO  server.RaftServerConfigKeys (ConfUtils.java:logGet(43)) - raft.server.log.appender.buffer.byte-limit = 33554432 (custom)
2019-09-26 19:35:53,148 [pool-261-thread-1] INFO  server.RaftServerConfigKeys (ConfUtils.java:logGet(43)) - raft.server.log.segment.size.max = 1048576 (custom)
2019-09-26 19:35:53,148 [pool-261-thread-1] INFO  server.RaftServerConfigKeys (ConfUtils.java:logGet(43)) - raft.server.log.segment.cache.num.max = 2 (custom)
2019-09-26 19:35:53,148 [pool-261-thread-1] INFO  segmented.SegmentedRaftLogWorker (SegmentedRaftLogWorker.java:<init>(172)) - new 27cb48db-4b88-4c0c-b213-19f9b2fffaff@group-77423B234E80-SegmentedRaftLogWorker for RaftStorage:Storage Directory /workdir/hadoop-ozone/integration-test/target/test-dir/MiniOzoneClusterImpl-2f79a7d3-d7ae-4963-8370-12bb1e2132d7/datanode-0/data/ratis/80dcf3c7-2577-4207-bdad-77423b234e80
2019-09-26 19:35:53,148 [pool-261-thread-1] INFO  server.RaftServerConfigKeys (ConfUtils.java:logGet(43)) - raft.server.log.queue.byte-limit = 2147483647 (custom)
2019-09-26 19:35:53,149 [pool-261-thread-1] INFO  server.RaftServerConfigKeys (ConfUtils.java:logGet(43)) - raft.server.log.queue.element-limit = 1024 (custom)
2019-09-26 19:35:53,149 [pool-261-thread-1] INFO  server.RaftServerConfigKeys (ConfUtils.java:logGet(43)) - raft.server.log.segment.size.max = 1048576 (custom)
2019-09-26 19:35:53,149 [pool-261-thread-1] INFO  server.RaftServerConfigKeys (ConfUtils.java:logGet(43)) - raft.server.log.preallocated.size = 16384 (custom)
2019-09-26 19:35:53,149 [pool-261-thread-1] INFO  server.RaftServerConfigKeys (ConfUtils.java:logGet(43)) - raft.server.log.write.buffer.size = 33554432 (custom)
2019-09-26 19:35:53,149 [pool-261-thread-1] INFO  server.RaftServerConfigKeys (ConfUtils.java:logGet(43)) - raft.server.log.force.sync.num = 128 (default)
2019-09-26 19:35:53,149 [pool-261-thread-1] INFO  server.RaftServerConfigKeys (ConfUtils.java:logGet(43)) - raft.server.log.statemachine.data.sync = true (default)
2019-09-26 19:35:53,149 [pool-261-thread-1] INFO  server.RaftServerConfigKeys (ConfUtils.java:logGet(43)) - raft.server.log.statemachine.data.sync.timeout = 10s (default)
2019-09-26 19:35:53,149 [pool-261-thread-1] INFO  server.RaftServerConfigKeys (ConfUtils.java:logGet(43)) - raft.server.log.statemachine.data.sync.timeout.retry = -1 (default)
2019-09-26 19:35:53,150 [pool-261-thread-1] INFO  server.RaftServerConfigKeys (ConfUtils.java:logGet(43)) - raft.server.log.statemachine.data.caching.enabled = true (custom)
2019-09-26 19:35:53,150 [pool-261-thread-1] INFO  segmented.SegmentedRaftLogWorker (SegmentedRaftLogWorker.java:lambda$new$0(132)) - 27cb48db-4b88-4c0c-b213-19f9b2fffaff@group-77423B234E80-SegmentedRaftLogWorker: flushIndex: setUnconditionally 0 -> -1
2019-09-26 19:35:53,150 [pool-261-thread-1] INFO  server.RaftServerConfigKeys (ConfUtils.java:logGet(43)) - raft.server.snapshot.auto.trigger.enabled = true (custom)
2019-09-26 19:35:53,150 [pool-261-thread-1] INFO  server.RaftServerConfigKeys (ConfUtils.java:logGet(43)) - raft.server.snapshot.auto.trigger.threshold = 10000 (custom)
2019-09-26 19:35:53,150 [pool-261-thread-1] INFO  server.RaftServerConfigKeys (ConfUtils.java:logGet(43)) - raft.server.snapshot.retention.num.files = 5 (custom)
2019-09-26 19:35:53,150 [pool-261-thread-1] INFO  server.RaftServerConfigKeys (ConfUtils.java:logGet(43)) - raft.server.retrycache.expirytime = 600000ms (custom)
2019-09-26 19:35:53,152 [pool-261-thread-1] INFO  impl.RaftServerImpl (RaftServerImpl.java:start(185)) - 27cb48db-4b88-4c0c-b213-19f9b2fffaff@group-77423B234E80: start as a follower, conf=-1: [27cb48db-4b88-4c0c-b213-19f9b2fffaff:192.168.151.99:37457], old=null
2019-09-26 19:35:53,152 [pool-261-thread-1] INFO  impl.RaftServerImpl (RaftServerImpl.java:setRole(174)) - 27cb48db-4b88-4c0c-b213-19f9b2fffaff@group-77423B234E80: changes role from      null to FOLLOWER at term 0 for startAsFollower
2019-09-26 19:35:53,152 [pool-261-thread-1] INFO  impl.RoleInfo (RoleInfo.java:updateAndGet(143)) - 27cb48db-4b88-4c0c-b213-19f9b2fffaff: start FollowerState
2019-09-26 19:35:53,153 [pool-261-thread-1] INFO  util.JmxRegister (JmxRegister.java:tryRegister(44)) - Successfully registered JMX Bean with object name Ratis:service=RaftServer,group=group-77423B234E80,id=27cb48db-4b88-4c0c-b213-19f9b2fffaff
2019-09-26 19:35:53,154 [RatisPipelineUtilsThread] INFO  pipeline.PipelineStateManager (PipelineStateManager.java:addPipeline(56)) - Created pipeline Pipeline[ Id: 80dcf3c7-2577-4207-bdad-77423b234e80, Nodes: 27cb48db-4b88-4c0c-b213-19f9b2fffaff{ip: 192.168.151.99, host: pr-hdds-1569-g6sp5-2013761785, networkLocation: /rack1, certSerialId: null}, Type:RATIS, Factor:ONE, State:OPEN]
2019-09-26 19:35:53,156 [grpc-default-executor-2] INFO  impl.RaftServerProxy (RaftServerProxy.java:addNew(89)) - 27cb48db-4b88-4c0c-b213-19f9b2fffaff: addNew group-E5A1BF22262B:[27cb48db-4b88-4c0c-b213-19f9b2fffaff:192.168.151.99:37457] returns group-E5A1BF22262B:java.util.concurrent.CompletableFuture@6a2faf8e[Not completed]
2019-09-26 19:35:53,157 [pool-261-thread-1] INFO  impl.RaftServerImpl (RaftServerImpl.java:<init>(95)) - 27cb48db-4b88-4c0c-b213-19f9b2fffaff: new RaftServerImpl for group-E5A1BF22262B:[27cb48db-4b88-4c0c-b213-19f9b2fffaff:192.168.151.99:37457] with ContainerStateMachine:uninitialized
2019-09-26 19:35:53,157 [pool-261-thread-1] INFO  server.RaftServerConfigKeys (ConfUtils.java:logGet(43)) - raft.server.rpc.timeout.min = 5s (custom)
2019-09-26 19:35:53,157 [pool-261-thread-1] INFO  server.RaftServerConfigKeys (ConfUtils.java:logGet(43)) - raft.server.rpc.timeout.max = 5200ms (custom)
2019-09-26 19:35:53,157 [pool-261-thread-1] INFO  server.RaftServerConfigKeys (ConfUtils.java:logGet(43)) - raft.server.rpcslowness.timeout = 120s (custom)
2019-09-26 19:35:53,157 [pool-261-thread-1] INFO  server.RaftServerConfigKeys (ConfUtils.java:logGet(43)) - raft.server.sleep.deviation.threshold = 300 (default)
2019-09-26 19:35:53,158 [pool-261-thread-1] INFO  server.RaftServerConfigKeys (ConfUtils.java:logGet(43)) - raft.server.log.appender.install.snapshot.enabled = false (custom)
2019-09-26 19:35:53,158 [pool-261-thread-1] INFO  impl.RaftServerImpl (ServerState.java:<init>(103)) - 27cb48db-4b88-4c0c-b213-19f9b2fffaff@group-E5A1BF22262B: ConfigurationManager, init=-1: [27cb48db-4b88-4c0c-b213-19f9b2fffaff:192.168.151.99:37457], old=null, confs=<EMPTY_MAP>
2019-09-26 19:35:53,158 [pool-261-thread-1] INFO  server.RaftServerConfigKeys (ConfUtils.java:logGet(43)) - raft.server.storage.dir = [/workdir/hadoop-ozone/integration-test/target/test-dir/MiniOzoneClusterImpl-2f79a7d3-d7ae-4963-8370-12bb1e2132d7/datanode-0/data/ratis] (custom)
2019-09-26 19:35:53,158 [pool-261-thread-1] INFO  storage.RaftStorageDirectory (RaftStorageDirectory.java:analyzeStorage(246)) - The storage directory /workdir/hadoop-ozone/integration-test/target/test-dir/MiniOzoneClusterImpl-2f79a7d3-d7ae-4963-8370-12bb1e2132d7/datanode-0/data/ratis/8a826365-010d-4d43-badd-e5a1bf22262b does not exist. Creating ...
2019-09-26 19:35:53,171 [pool-261-thread-1] INFO  storage.RaftStorageDirectory (RaftStorageDirectory.java:tryLock(328)) - Lock on /workdir/hadoop-ozone/integration-test/target/test-dir/MiniOzoneClusterImpl-2f79a7d3-d7ae-4963-8370-12bb1e2132d7/datanode-0/data/ratis/8a826365-010d-4d43-badd-e5a1bf22262b/in_use.lock acquired by nodename 17888@pr-hdds-1569-g6sp5-2013761785
2019-09-26 19:35:53,184 [pool-261-thread-1] INFO  storage.RaftStorage (RaftStorage.java:format(72)) - Storage directory /workdir/hadoop-ozone/integration-test/target/test-dir/MiniOzoneClusterImpl-2f79a7d3-d7ae-4963-8370-12bb1e2132d7/datanode-0/data/ratis/8a826365-010d-4d43-badd-e5a1bf22262b has been successfully formatted.
2019-09-26 19:35:53,184 [pool-261-thread-1] INFO  ratis.ContainerStateMachine (ContainerStateMachine.java:loadSnapshot(230)) - group-E5A1BF22262B: The snapshot info is null. Setting the last applied indexto:(t:0, i:~)
2019-09-26 19:35:53,185 [pool-261-thread-1] INFO  server.RaftServerConfigKeys (ConfUtils.java:logGet(43)) - raft.server.notification.no-leader.timeout = 120s (custom)
2019-09-26 19:35:53,185 [pool-261-thread-1] INFO  server.RaftServerConfigKeys (ConfUtils.java:logGet(43)) - raft.server.log.use.memory = false (default)
2019-09-26 19:35:53,185 [pool-261-thread-1] INFO  server.RaftServerConfigKeys (ConfUtils.java:logGet(43)) - raft.server.log.purge.gap = 1000000 (custom)
2019-09-26 19:35:53,185 [pool-261-thread-1] INFO  server.RaftServerConfigKeys (ConfUtils.java:logGet(43)) - raft.server.log.appender.buffer.byte-limit = 33554432 (custom)
2019-09-26 19:35:53,185 [pool-261-thread-1] INFO  server.RaftServerConfigKeys (ConfUtils.java:logGet(43)) - raft.server.log.segment.size.max = 1048576 (custom)
2019-09-26 19:35:53,185 [pool-261-thread-1] INFO  server.RaftServerConfigKeys (ConfUtils.java:logGet(43)) - raft.server.log.segment.cache.num.max = 2 (custom)
2019-09-26 19:35:53,185 [pool-261-thread-1] INFO  segmented.SegmentedRaftLogWorker (SegmentedRaftLogWorker.java:<init>(172)) - new 27cb48db-4b88-4c0c-b213-19f9b2fffaff@group-E5A1BF22262B-SegmentedRaftLogWorker for RaftStorage:Storage Directory /workdir/hadoop-ozone/integration-test/target/test-dir/MiniOzoneClusterImpl-2f79a7d3-d7ae-4963-8370-12bb1e2132d7/datanode-0/data/ratis/8a826365-010d-4d43-badd-e5a1bf22262b
2019-09-26 19:35:53,186 [pool-261-thread-1] INFO  server.RaftServerConfigKeys (ConfUtils.java:logGet(43)) - raft.server.log.queue.byte-limit = 2147483647 (custom)
2019-09-26 19:35:53,186 [pool-261-thread-1] INFO  server.RaftServerConfigKeys (ConfUtils.java:logGet(43)) - raft.server.log.queue.element-limit = 1024 (custom)
2019-09-26 19:35:53,186 [pool-261-thread-1] INFO  server.RaftServerConfigKeys (ConfUtils.java:logGet(43)) - raft.server.log.segment.size.max = 1048576 (custom)
2019-09-26 19:35:53,186 [pool-261-thread-1] INFO  server.RaftServerConfigKeys (ConfUtils.java:logGet(43)) - raft.server.log.preallocated.size = 16384 (custom)
2019-09-26 19:35:53,186 [pool-261-thread-1] INFO  server.RaftServerConfigKeys (ConfUtils.java:logGet(43)) - raft.server.log.write.buffer.size = 33554432 (custom)
2019-09-26 19:35:53,186 [pool-261-thread-1] INFO  server.RaftServerConfigKeys (ConfUtils.java:logGet(43)) - raft.server.log.force.sync.num = 128 (default)
2019-09-26 19:35:53,186 [pool-261-thread-1] INFO  server.RaftServerConfigKeys (ConfUtils.java:logGet(43)) - raft.server.log.statemachine.data.sync = true (default)
2019-09-26 19:35:53,186 [pool-261-thread-1] INFO  server.RaftServerConfigKeys (ConfUtils.java:logGet(43)) - raft.server.log.statemachine.data.sync.timeout = 10s (default)
2019-09-26 19:35:53,187 [pool-261-thread-1] INFO  server.RaftServerConfigKeys (ConfUtils.java:logGet(43)) - raft.server.log.statemachine.data.sync.timeout.retry = -1 (default)
2019-09-26 19:35:53,187 [pool-261-thread-1] INFO  server.RaftServerConfigKeys (ConfUtils.java:logGet(43)) - raft.server.log.statemachine.data.caching.enabled = true (custom)
2019-09-26 19:35:53,187 [pool-261-thread-1] INFO  segmented.SegmentedRaftLogWorker (SegmentedRaftLogWorker.java:lambda$new$0(132)) - 27cb48db-4b88-4c0c-b213-19f9b2fffaff@group-E5A1BF22262B-SegmentedRaftLogWorker: flushIndex: setUnconditionally 0 -> -1
2019-09-26 19:35:53,187 [pool-261-thread-1] INFO  server.RaftServerConfigKeys (ConfUtils.java:logGet(43)) - raft.server.snapshot.auto.trigger.enabled = true (custom)
2019-09-26 19:35:53,187 [pool-261-thread-1] INFO  server.RaftServerConfigKeys (ConfUtils.java:logGet(43)) - raft.server.snapshot.auto.trigger.threshold = 10000 (custom)
2019-09-26 19:35:53,188 [pool-261-thread-1] INFO  server.RaftServerConfigKeys (ConfUtils.java:logGet(43)) - raft.server.snapshot.retention.num.files = 5 (custom)
2019-09-26 19:35:53,188 [pool-261-thread-1] INFO  server.RaftServerConfigKeys (ConfUtils.java:logGet(43)) - raft.server.retrycache.expirytime = 600000ms (custom)
2019-09-26 19:35:53,189 [pool-261-thread-1] INFO  impl.RaftServerImpl (RaftServerImpl.java:start(185)) - 27cb48db-4b88-4c0c-b213-19f9b2fffaff@group-E5A1BF22262B: start as a follower, conf=-1: [27cb48db-4b88-4c0c-b213-19f9b2fffaff:192.168.151.99:37457], old=null
2019-09-26 19:35:53,189 [pool-261-thread-1] INFO  impl.RaftServerImpl (RaftServerImpl.java:setRole(174)) - 27cb48db-4b88-4c0c-b213-19f9b2fffaff@group-E5A1BF22262B: changes role from      null to FOLLOWER at term 0 for startAsFollower
2019-09-26 19:35:53,190 [pool-261-thread-1] INFO  impl.RoleInfo (RoleInfo.java:updateAndGet(143)) - 27cb48db-4b88-4c0c-b213-19f9b2fffaff: start FollowerState
2019-09-26 19:35:53,190 [pool-261-thread-1] INFO  util.JmxRegister (JmxRegister.java:tryRegister(44)) - Successfully registered JMX Bean with object name Ratis:service=RaftServer,group=group-E5A1BF22262B,id=27cb48db-4b88-4c0c-b213-19f9b2fffaff
2019-09-26 19:35:53,192 [RatisPipelineUtilsThread] INFO  pipeline.PipelineStateManager (PipelineStateManager.java:addPipeline(56)) - Created pipeline Pipeline[ Id: 8a826365-010d-4d43-badd-e5a1bf22262b, Nodes: 27cb48db-4b88-4c0c-b213-19f9b2fffaff{ip: 192.168.151.99, host: pr-hdds-1569-g6sp5-2013761785, networkLocation: /rack1, certSerialId: null}, Type:RATIS, Factor:ONE, State:OPEN]
2019-09-26 19:35:53,194 [grpc-default-executor-2] INFO  impl.RaftServerProxy (RaftServerProxy.java:addNew(89)) - 27cb48db-4b88-4c0c-b213-19f9b2fffaff: addNew group-52028B2BF5D0:[27cb48db-4b88-4c0c-b213-19f9b2fffaff:192.168.151.99:37457] returns group-52028B2BF5D0:java.util.concurrent.CompletableFuture@6ced8663[Not completed]
2019-09-26 19:35:53,195 [pool-261-thread-1] INFO  impl.RaftServerImpl (RaftServerImpl.java:<init>(95)) - 27cb48db-4b88-4c0c-b213-19f9b2fffaff: new RaftServerImpl for group-52028B2BF5D0:[27cb48db-4b88-4c0c-b213-19f9b2fffaff:192.168.151.99:37457] with ContainerStateMachine:uninitialized
2019-09-26 19:35:53,195 [pool-261-thread-1] INFO  server.RaftServerConfigKeys (ConfUtils.java:logGet(43)) - raft.server.rpc.timeout.min = 5s (custom)
2019-09-26 19:35:53,195 [pool-261-thread-1] INFO  server.RaftServerConfigKeys (ConfUtils.java:logGet(43)) - raft.server.rpc.timeout.max = 5200ms (custom)
2019-09-26 19:35:53,195 [pool-261-thread-1] INFO  server.RaftServerConfigKeys (ConfUtils.java:logGet(43)) - raft.server.rpcslowness.timeout = 120s (custom)
2019-09-26 19:35:53,195 [pool-261-thread-1] INFO  server.RaftServerConfigKeys (ConfUtils.java:logGet(43)) - raft.server.sleep.deviation.threshold = 300 (default)
2019-09-26 19:35:53,196 [pool-261-thread-1] INFO  server.RaftServerConfigKeys (ConfUtils.java:logGet(43)) - raft.server.log.appender.install.snapshot.enabled = false (custom)
2019-09-26 19:35:53,196 [pool-261-thread-1] INFO  impl.RaftServerImpl (ServerState.java:<init>(103)) - 27cb48db-4b88-4c0c-b213-19f9b2fffaff@group-52028B2BF5D0: ConfigurationManager, init=-1: [27cb48db-4b88-4c0c-b213-19f9b2fffaff:192.168.151.99:37457], old=null, confs=<EMPTY_MAP>
2019-09-26 19:35:53,196 [pool-261-thread-1] INFO  server.RaftServerConfigKeys (ConfUtils.java:logGet(43)) - raft.server.storage.dir = [/workdir/hadoop-ozone/integration-test/target/test-dir/MiniOzoneClusterImpl-2f79a7d3-d7ae-4963-8370-12bb1e2132d7/datanode-0/data/ratis] (custom)
2019-09-26 19:35:53,196 [pool-261-thread-1] INFO  storage.RaftStorageDirectory (RaftStorageDirectory.java:analyzeStorage(246)) - The storage directory /workdir/hadoop-ozone/integration-test/target/test-dir/MiniOzoneClusterImpl-2f79a7d3-d7ae-4963-8370-12bb1e2132d7/datanode-0/data/ratis/c8b20621-230b-4646-8cde-52028b2bf5d0 does not exist. Creating ...
2019-09-26 19:35:53,209 [pool-261-thread-1] INFO  storage.RaftStorageDirectory (RaftStorageDirectory.java:tryLock(328)) - Lock on /workdir/hadoop-ozone/integration-test/target/test-dir/MiniOzoneClusterImpl-2f79a7d3-d7ae-4963-8370-12bb1e2132d7/datanode-0/data/ratis/c8b20621-230b-4646-8cde-52028b2bf5d0/in_use.lock acquired by nodename 17888@pr-hdds-1569-g6sp5-2013761785
2019-09-26 19:35:53,223 [pool-261-thread-1] INFO  storage.RaftStorage (RaftStorage.java:format(72)) - Storage directory /workdir/hadoop-ozone/integration-test/target/test-dir/MiniOzoneClusterImpl-2f79a7d3-d7ae-4963-8370-12bb1e2132d7/datanode-0/data/ratis/c8b20621-230b-4646-8cde-52028b2bf5d0 has been successfully formatted.
2019-09-26 19:35:53,223 [pool-261-thread-1] INFO  ratis.ContainerStateMachine (ContainerStateMachine.java:loadSnapshot(230)) - group-52028B2BF5D0: The snapshot info is null. Setting the last applied indexto:(t:0, i:~)
2019-09-26 19:35:53,223 [pool-261-thread-1] INFO  server.RaftServerConfigKeys (ConfUtils.java:logGet(43)) - raft.server.notification.no-leader.timeout = 120s (custom)
2019-09-26 19:35:53,224 [pool-261-thread-1] INFO  server.RaftServerConfigKeys (ConfUtils.java:logGet(43)) - raft.server.log.use.memory = false (default)
2019-09-26 19:35:53,224 [pool-261-thread-1] INFO  server.RaftServerConfigKeys (ConfUtils.java:logGet(43)) - raft.server.log.purge.gap = 1000000 (custom)
2019-09-26 19:35:53,224 [pool-261-thread-1] INFO  server.RaftServerConfigKeys (ConfUtils.java:logGet(43)) - raft.server.log.appender.buffer.byte-limit = 33554432 (custom)
2019-09-26 19:35:53,224 [pool-261-thread-1] INFO  server.RaftServerConfigKeys (ConfUtils.java:logGet(43)) - raft.server.log.segment.size.max = 1048576 (custom)
2019-09-26 19:35:53,224 [pool-261-thread-1] INFO  server.RaftServerConfigKeys (ConfUtils.java:logGet(43)) - raft.server.log.segment.cache.num.max = 2 (custom)
2019-09-26 19:35:53,224 [pool-261-thread-1] INFO  segmented.SegmentedRaftLogWorker (SegmentedRaftLogWorker.java:<init>(172)) - new 27cb48db-4b88-4c0c-b213-19f9b2fffaff@group-52028B2BF5D0-SegmentedRaftLogWorker for RaftStorage:Storage Directory /workdir/hadoop-ozone/integration-test/target/test-dir/MiniOzoneClusterImpl-2f79a7d3-d7ae-4963-8370-12bb1e2132d7/datanode-0/data/ratis/c8b20621-230b-4646-8cde-52028b2bf5d0
2019-09-26 19:35:53,224 [pool-261-thread-1] INFO  server.RaftServerConfigKeys (ConfUtils.java:logGet(43)) - raft.server.log.queue.byte-limit = 2147483647 (custom)
2019-09-26 19:35:53,225 [pool-261-thread-1] INFO  server.RaftServerConfigKeys (ConfUtils.java:logGet(43)) - raft.server.log.queue.element-limit = 1024 (custom)
2019-09-26 19:35:53,225 [pool-261-thread-1] INFO  server.RaftServerConfigKeys (ConfUtils.java:logGet(43)) - raft.server.log.segment.size.max = 1048576 (custom)
2019-09-26 19:35:53,225 [pool-261-thread-1] INFO  server.RaftServerConfigKeys (ConfUtils.java:logGet(43)) - raft.server.log.preallocated.size = 16384 (custom)
2019-09-26 19:35:53,225 [pool-261-thread-1] INFO  server.RaftServerConfigKeys (ConfUtils.java:logGet(43)) - raft.server.log.write.buffer.size = 33554432 (custom)
2019-09-26 19:35:53,225 [pool-261-thread-1] INFO  server.RaftServerConfigKeys (ConfUtils.java:logGet(43)) - raft.server.log.force.sync.num = 128 (default)
2019-09-26 19:35:53,225 [pool-261-thread-1] INFO  server.RaftServerConfigKeys (ConfUtils.java:logGet(43)) - raft.server.log.statemachine.data.sync = true (default)
2019-09-26 19:35:53,225 [pool-261-thread-1] INFO  server.RaftServerConfigKeys (ConfUtils.java:logGet(43)) - raft.server.log.statemachine.data.sync.timeout = 10s (default)
2019-09-26 19:35:53,225 [pool-261-thread-1] INFO  server.RaftServerConfigKeys (ConfUtils.java:logGet(43)) - raft.server.log.statemachine.data.sync.timeout.retry = -1 (default)
2019-09-26 19:35:53,226 [pool-261-thread-1] INFO  server.RaftServerConfigKeys (ConfUtils.java:logGet(43)) - raft.server.log.statemachine.data.caching.enabled = true (custom)
2019-09-26 19:35:53,226 [pool-261-thread-1] INFO  segmented.SegmentedRaftLogWorker (SegmentedRaftLogWorker.java:lambda$new$0(132)) - 27cb48db-4b88-4c0c-b213-19f9b2fffaff@group-52028B2BF5D0-SegmentedRaftLogWorker: flushIndex: setUnconditionally 0 -> -1
2019-09-26 19:35:53,226 [pool-261-thread-1] INFO  server.RaftServerConfigKeys (ConfUtils.java:logGet(43)) - raft.server.snapshot.auto.trigger.enabled = true (custom)
2019-09-26 19:35:53,226 [pool-261-thread-1] INFO  server.RaftServerConfigKeys (ConfUtils.java:logGet(43)) - raft.server.snapshot.auto.trigger.threshold = 10000 (custom)
2019-09-26 19:35:53,226 [pool-261-thread-1] INFO  server.RaftServerConfigKeys (ConfUtils.java:logGet(43)) - raft.server.snapshot.retention.num.files = 5 (custom)
2019-09-26 19:35:53,227 [pool-261-thread-1] INFO  server.RaftServerConfigKeys (ConfUtils.java:logGet(43)) - raft.server.retrycache.expirytime = 600000ms (custom)
2019-09-26 19:35:53,228 [pool-261-thread-1] INFO  impl.RaftServerImpl (RaftServerImpl.java:start(185)) - 27cb48db-4b88-4c0c-b213-19f9b2fffaff@group-52028B2BF5D0: start as a follower, conf=-1: [27cb48db-4b88-4c0c-b213-19f9b2fffaff:192.168.151.99:37457], old=null
2019-09-26 19:35:53,229 [pool-261-thread-1] INFO  impl.RaftServerImpl (RaftServerImpl.java:setRole(174)) - 27cb48db-4b88-4c0c-b213-19f9b2fffaff@group-52028B2BF5D0: changes role from      null to FOLLOWER at term 0 for startAsFollower
2019-09-26 19:35:53,229 [pool-261-thread-1] INFO  impl.RoleInfo (RoleInfo.java:updateAndGet(143)) - 27cb48db-4b88-4c0c-b213-19f9b2fffaff: start FollowerState
2019-09-26 19:35:53,229 [pool-261-thread-1] INFO  util.JmxRegister (JmxRegister.java:tryRegister(44)) - Successfully registered JMX Bean with object name Ratis:service=RaftServer,group=group-52028B2BF5D0,id=27cb48db-4b88-4c0c-b213-19f9b2fffaff
2019-09-26 19:35:53,231 [RatisPipelineUtilsThread] INFO  pipeline.PipelineStateManager (PipelineStateManager.java:addPipeline(56)) - Created pipeline Pipeline[ Id: c8b20621-230b-4646-8cde-52028b2bf5d0, Nodes: 27cb48db-4b88-4c0c-b213-19f9b2fffaff{ip: 192.168.151.99, host: pr-hdds-1569-g6sp5-2013761785, networkLocation: /rack1, certSerialId: null}, Type:RATIS, Factor:ONE, State:OPEN]
2019-09-26 19:35:53,234 [grpc-default-executor-2] INFO  impl.RaftServerProxy (RaftServerProxy.java:addNew(89)) - 27cb48db-4b88-4c0c-b213-19f9b2fffaff: addNew group-79CC5FE515D3:[27cb48db-4b88-4c0c-b213-19f9b2fffaff:192.168.151.99:37457] returns group-79CC5FE515D3:java.util.concurrent.CompletableFuture@7a019f6b[Not completed]
2019-09-26 19:35:53,234 [pool-261-thread-1] INFO  impl.RaftServerImpl (RaftServerImpl.java:<init>(95)) - 27cb48db-4b88-4c0c-b213-19f9b2fffaff: new RaftServerImpl for group-79CC5FE515D3:[27cb48db-4b88-4c0c-b213-19f9b2fffaff:192.168.151.99:37457] with ContainerStateMachine:uninitialized
2019-09-26 19:35:53,235 [pool-261-thread-1] INFO  server.RaftServerConfigKeys (ConfUtils.java:logGet(43)) - raft.server.rpc.timeout.min = 5s (custom)
2019-09-26 19:35:53,235 [pool-261-thread-1] INFO  server.RaftServerConfigKeys (ConfUtils.java:logGet(43)) - raft.server.rpc.timeout.max = 5200ms (custom)
2019-09-26 19:35:53,235 [pool-261-thread-1] INFO  server.RaftServerConfigKeys (ConfUtils.java:logGet(43)) - raft.server.rpcslowness.timeout = 120s (custom)
2019-09-26 19:35:53,235 [pool-261-thread-1] INFO  server.RaftServerConfigKeys (ConfUtils.java:logGet(43)) - raft.server.sleep.deviation.threshold = 300 (default)
2019-09-26 19:35:53,235 [pool-261-thread-1] INFO  server.RaftServerConfigKeys (ConfUtils.java:logGet(43)) - raft.server.log.appender.install.snapshot.enabled = false (custom)
2019-09-26 19:35:53,235 [pool-261-thread-1] INFO  impl.RaftServerImpl (ServerState.java:<init>(103)) - 27cb48db-4b88-4c0c-b213-19f9b2fffaff@group-79CC5FE515D3: ConfigurationManager, init=-1: [27cb48db-4b88-4c0c-b213-19f9b2fffaff:192.168.151.99:37457], old=null, confs=<EMPTY_MAP>
2019-09-26 19:35:53,235 [pool-261-thread-1] INFO  server.RaftServerConfigKeys (ConfUtils.java:logGet(43)) - raft.server.storage.dir = [/workdir/hadoop-ozone/integration-test/target/test-dir/MiniOzoneClusterImpl-2f79a7d3-d7ae-4963-8370-12bb1e2132d7/datanode-0/data/ratis] (custom)
2019-09-26 19:35:53,236 [pool-261-thread-1] INFO  storage.RaftStorageDirectory (RaftStorageDirectory.java:analyzeStorage(246)) - The storage directory /workdir/hadoop-ozone/integration-test/target/test-dir/MiniOzoneClusterImpl-2f79a7d3-d7ae-4963-8370-12bb1e2132d7/datanode-0/data/ratis/03657f99-5a01-4ffb-b788-79cc5fe515d3 does not exist. Creating ...
2019-09-26 19:35:53,249 [pool-261-thread-1] INFO  storage.RaftStorageDirectory (RaftStorageDirectory.java:tryLock(328)) - Lock on /workdir/hadoop-ozone/integration-test/target/test-dir/MiniOzoneClusterImpl-2f79a7d3-d7ae-4963-8370-12bb1e2132d7/datanode-0/data/ratis/03657f99-5a01-4ffb-b788-79cc5fe515d3/in_use.lock acquired by nodename 17888@pr-hdds-1569-g6sp5-2013761785
2019-09-26 19:35:53,263 [pool-261-thread-1] INFO  storage.RaftStorage (RaftStorage.java:format(72)) - Storage directory /workdir/hadoop-ozone/integration-test/target/test-dir/MiniOzoneClusterImpl-2f79a7d3-d7ae-4963-8370-12bb1e2132d7/datanode-0/data/ratis/03657f99-5a01-4ffb-b788-79cc5fe515d3 has been successfully formatted.
2019-09-26 19:35:53,263 [pool-261-thread-1] INFO  ratis.ContainerStateMachine (ContainerStateMachine.java:loadSnapshot(230)) - group-79CC5FE515D3: The snapshot info is null. Setting the last applied indexto:(t:0, i:~)
2019-09-26 19:35:53,263 [pool-261-thread-1] INFO  server.RaftServerConfigKeys (ConfUtils.java:logGet(43)) - raft.server.notification.no-leader.timeout = 120s (custom)
2019-09-26 19:35:53,263 [pool-261-thread-1] INFO  server.RaftServerConfigKeys (ConfUtils.java:logGet(43)) - raft.server.log.use.memory = false (default)
2019-09-26 19:35:53,263 [pool-261-thread-1] INFO  server.RaftServerConfigKeys (ConfUtils.java:logGet(43)) - raft.server.log.purge.gap = 1000000 (custom)
2019-09-26 19:35:53,264 [pool-261-thread-1] INFO  server.RaftServerConfigKeys (ConfUtils.java:logGet(43)) - raft.server.log.appender.buffer.byte-limit = 33554432 (custom)
2019-09-26 19:35:53,264 [pool-261-thread-1] INFO  server.RaftServerConfigKeys (ConfUtils.java:logGet(43)) - raft.server.log.segment.size.max = 1048576 (custom)
2019-09-26 19:35:53,264 [pool-261-thread-1] INFO  server.RaftServerConfigKeys (ConfUtils.java:logGet(43)) - raft.server.log.segment.cache.num.max = 2 (custom)
2019-09-26 19:35:53,264 [pool-261-thread-1] INFO  segmented.SegmentedRaftLogWorker (SegmentedRaftLogWorker.java:<init>(172)) - new 27cb48db-4b88-4c0c-b213-19f9b2fffaff@group-79CC5FE515D3-SegmentedRaftLogWorker for RaftStorage:Storage Directory /workdir/hadoop-ozone/integration-test/target/test-dir/MiniOzoneClusterImpl-2f79a7d3-d7ae-4963-8370-12bb1e2132d7/datanode-0/data/ratis/03657f99-5a01-4ffb-b788-79cc5fe515d3
2019-09-26 19:35:53,264 [pool-261-thread-1] INFO  server.RaftServerConfigKeys (ConfUtils.java:logGet(43)) - raft.server.log.queue.byte-limit = 2147483647 (custom)
2019-09-26 19:35:53,264 [pool-261-thread-1] INFO  server.RaftServerConfigKeys (ConfUtils.java:logGet(43)) - raft.server.log.queue.element-limit = 1024 (custom)
2019-09-26 19:35:53,264 [pool-261-thread-1] INFO  server.RaftServerConfigKeys (ConfUtils.java:logGet(43)) - raft.server.log.segment.size.max = 1048576 (custom)
2019-09-26 19:35:53,264 [pool-261-thread-1] INFO  server.RaftServerConfigKeys (ConfUtils.java:logGet(43)) - raft.server.log.preallocated.size = 16384 (custom)
2019-09-26 19:35:53,265 [pool-261-thread-1] INFO  server.RaftServerConfigKeys (ConfUtils.java:logGet(43)) - raft.server.log.write.buffer.size = 33554432 (custom)
2019-09-26 19:35:53,265 [pool-261-thread-1] INFO  server.RaftServerConfigKeys (ConfUtils.java:logGet(43)) - raft.server.log.force.sync.num = 128 (default)
2019-09-26 19:35:53,265 [pool-261-thread-1] INFO  server.RaftServerConfigKeys (ConfUtils.java:logGet(43)) - raft.server.log.statemachine.data.sync = true (default)
2019-09-26 19:35:53,265 [pool-261-thread-1] INFO  server.RaftServerConfigKeys (ConfUtils.java:logGet(43)) - raft.server.log.statemachine.data.sync.timeout = 10s (default)
2019-09-26 19:35:53,265 [pool-261-thread-1] INFO  server.RaftServerConfigKeys (ConfUtils.java:logGet(43)) - raft.server.log.statemachine.data.sync.timeout.retry = -1 (default)
2019-09-26 19:35:53,265 [pool-261-thread-1] INFO  server.RaftServerConfigKeys (ConfUtils.java:logGet(43)) - raft.server.log.statemachine.data.caching.enabled = true (custom)
2019-09-26 19:35:53,265 [pool-261-thread-1] INFO  segmented.SegmentedRaftLogWorker (SegmentedRaftLogWorker.java:lambda$new$0(132)) - 27cb48db-4b88-4c0c-b213-19f9b2fffaff@group-79CC5FE515D3-SegmentedRaftLogWorker: flushIndex: setUnconditionally 0 -> -1
2019-09-26 19:35:53,266 [pool-261-thread-1] INFO  server.RaftServerConfigKeys (ConfUtils.java:logGet(43)) - raft.server.snapshot.auto.trigger.enabled = true (custom)
2019-09-26 19:35:53,266 [pool-261-thread-1] INFO  server.RaftServerConfigKeys (ConfUtils.java:logGet(43)) - raft.server.snapshot.auto.trigger.threshold = 10000 (custom)
2019-09-26 19:35:53,266 [pool-261-thread-1] INFO  server.RaftServerConfigKeys (ConfUtils.java:logGet(43)) - raft.server.snapshot.retention.num.files = 5 (custom)
2019-09-26 19:35:53,266 [pool-261-thread-1] INFO  server.RaftServerConfigKeys (ConfUtils.java:logGet(43)) - raft.server.retrycache.expirytime = 600000ms (custom)
2019-09-26 19:35:53,268 [pool-261-thread-1] INFO  impl.RaftServerImpl (RaftServerImpl.java:start(185)) - 27cb48db-4b88-4c0c-b213-19f9b2fffaff@group-79CC5FE515D3: start as a follower, conf=-1: [27cb48db-4b88-4c0c-b213-19f9b2fffaff:192.168.151.99:37457], old=null
2019-09-26 19:35:53,268 [pool-261-thread-1] INFO  impl.RaftServerImpl (RaftServerImpl.java:setRole(174)) - 27cb48db-4b88-4c0c-b213-19f9b2fffaff@group-79CC5FE515D3: changes role from      null to FOLLOWER at term 0 for startAsFollower
2019-09-26 19:35:53,268 [pool-261-thread-1] INFO  impl.RoleInfo (RoleInfo.java:updateAndGet(143)) - 27cb48db-4b88-4c0c-b213-19f9b2fffaff: start FollowerState
2019-09-26 19:35:53,268 [pool-261-thread-1] INFO  util.JmxRegister (JmxRegister.java:tryRegister(44)) - Successfully registered JMX Bean with object name Ratis:service=RaftServer,group=group-79CC5FE515D3,id=27cb48db-4b88-4c0c-b213-19f9b2fffaff
2019-09-26 19:35:53,270 [RatisPipelineUtilsThread] INFO  pipeline.PipelineStateManager (PipelineStateManager.java:addPipeline(56)) - Created pipeline Pipeline[ Id: 03657f99-5a01-4ffb-b788-79cc5fe515d3, Nodes: 27cb48db-4b88-4c0c-b213-19f9b2fffaff{ip: 192.168.151.99, host: pr-hdds-1569-g6sp5-2013761785, networkLocation: /rack1, certSerialId: null}, Type:RATIS, Factor:ONE, State:OPEN]
2019-09-26 19:35:53,272 [grpc-default-executor-2] INFO  impl.RaftServerProxy (RaftServerProxy.java:addNew(89)) - 728ea44c-f097-440a-a87e-c27a68d48f14: addNew group-C2CB13E64EA4:[728ea44c-f097-440a-a87e-c27a68d48f14:192.168.151.99:38783] returns group-C2CB13E64EA4:java.util.concurrent.CompletableFuture@6e50df90[Not completed]
2019-09-26 19:35:53,273 [pool-271-thread-1] INFO  impl.RaftServerImpl (RaftServerImpl.java:<init>(95)) - 728ea44c-f097-440a-a87e-c27a68d48f14: new RaftServerImpl for group-C2CB13E64EA4:[728ea44c-f097-440a-a87e-c27a68d48f14:192.168.151.99:38783] with ContainerStateMachine:uninitialized
2019-09-26 19:35:53,273 [pool-271-thread-1] INFO  server.RaftServerConfigKeys (ConfUtils.java:logGet(43)) - raft.server.rpc.timeout.min = 5s (custom)
2019-09-26 19:35:53,273 [pool-271-thread-1] INFO  server.RaftServerConfigKeys (ConfUtils.java:logGet(43)) - raft.server.rpc.timeout.max = 5200ms (custom)
2019-09-26 19:35:53,273 [pool-271-thread-1] INFO  server.RaftServerConfigKeys (ConfUtils.java:logGet(43)) - raft.server.rpcslowness.timeout = 120s (custom)
2019-09-26 19:35:53,273 [pool-271-thread-1] INFO  server.RaftServerConfigKeys (ConfUtils.java:logGet(43)) - raft.server.sleep.deviation.threshold = 300 (default)
2019-09-26 19:35:53,274 [pool-271-thread-1] INFO  server.RaftServerConfigKeys (ConfUtils.java:logGet(43)) - raft.server.log.appender.install.snapshot.enabled = false (custom)
2019-09-26 19:35:53,274 [pool-271-thread-1] INFO  impl.RaftServerImpl (ServerState.java:<init>(103)) - 728ea44c-f097-440a-a87e-c27a68d48f14@group-C2CB13E64EA4: ConfigurationManager, init=-1: [728ea44c-f097-440a-a87e-c27a68d48f14:192.168.151.99:38783], old=null, confs=<EMPTY_MAP>
2019-09-26 19:35:53,274 [pool-271-thread-1] INFO  server.RaftServerConfigKeys (ConfUtils.java:logGet(43)) - raft.server.storage.dir = [/workdir/hadoop-ozone/integration-test/target/test-dir/MiniOzoneClusterImpl-2f79a7d3-d7ae-4963-8370-12bb1e2132d7/datanode-1/data/ratis] (custom)
2019-09-26 19:35:53,274 [pool-271-thread-1] INFO  storage.RaftStorageDirectory (RaftStorageDirectory.java:analyzeStorage(246)) - The storage directory /workdir/hadoop-ozone/integration-test/target/test-dir/MiniOzoneClusterImpl-2f79a7d3-d7ae-4963-8370-12bb1e2132d7/datanode-1/data/ratis/559ef293-d6cf-4c77-b7b7-c2cb13e64ea4 does not exist. Creating ...
2019-09-26 19:35:53,287 [pool-271-thread-1] INFO  storage.RaftStorageDirectory (RaftStorageDirectory.java:tryLock(328)) - Lock on /workdir/hadoop-ozone/integration-test/target/test-dir/MiniOzoneClusterImpl-2f79a7d3-d7ae-4963-8370-12bb1e2132d7/datanode-1/data/ratis/559ef293-d6cf-4c77-b7b7-c2cb13e64ea4/in_use.lock acquired by nodename 17888@pr-hdds-1569-g6sp5-2013761785
2019-09-26 19:35:53,301 [pool-271-thread-1] INFO  storage.RaftStorage (RaftStorage.java:format(72)) - Storage directory /workdir/hadoop-ozone/integration-test/target/test-dir/MiniOzoneClusterImpl-2f79a7d3-d7ae-4963-8370-12bb1e2132d7/datanode-1/data/ratis/559ef293-d6cf-4c77-b7b7-c2cb13e64ea4 has been successfully formatted.
2019-09-26 19:35:53,301 [pool-271-thread-1] INFO  ratis.ContainerStateMachine (ContainerStateMachine.java:loadSnapshot(230)) - group-C2CB13E64EA4: The snapshot info is null. Setting the last applied indexto:(t:0, i:~)
2019-09-26 19:35:53,301 [pool-271-thread-1] INFO  server.RaftServerConfigKeys (ConfUtils.java:logGet(43)) - raft.server.notification.no-leader.timeout = 120s (custom)
2019-09-26 19:35:53,301 [pool-271-thread-1] INFO  server.RaftServerConfigKeys (ConfUtils.java:logGet(43)) - raft.server.log.use.memory = false (default)
2019-09-26 19:35:53,301 [pool-271-thread-1] INFO  server.RaftServerConfigKeys (ConfUtils.java:logGet(43)) - raft.server.log.purge.gap = 1000000 (custom)
2019-09-26 19:35:53,301 [pool-271-thread-1] INFO  server.RaftServerConfigKeys (ConfUtils.java:logGet(43)) - raft.server.log.appender.buffer.byte-limit = 33554432 (custom)
2019-09-26 19:35:53,301 [pool-271-thread-1] INFO  server.RaftServerConfigKeys (ConfUtils.java:logGet(43)) - raft.server.log.segment.size.max = 1048576 (custom)
2019-09-26 19:35:53,302 [pool-271-thread-1] INFO  server.RaftServerConfigKeys (ConfUtils.java:logGet(43)) - raft.server.log.segment.cache.num.max = 2 (custom)
2019-09-26 19:35:53,302 [pool-271-thread-1] INFO  segmented.SegmentedRaftLogWorker (SegmentedRaftLogWorker.java:<init>(172)) - new 728ea44c-f097-440a-a87e-c27a68d48f14@group-C2CB13E64EA4-SegmentedRaftLogWorker for RaftStorage:Storage Directory /workdir/hadoop-ozone/integration-test/target/test-dir/MiniOzoneClusterImpl-2f79a7d3-d7ae-4963-8370-12bb1e2132d7/datanode-1/data/ratis/559ef293-d6cf-4c77-b7b7-c2cb13e64ea4
2019-09-26 19:35:53,302 [pool-271-thread-1] INFO  server.RaftServerConfigKeys (ConfUtils.java:logGet(43)) - raft.server.log.queue.byte-limit = 2147483647 (custom)
2019-09-26 19:35:53,302 [pool-271-thread-1] INFO  server.RaftServerConfigKeys (ConfUtils.java:logGet(43)) - raft.server.log.queue.element-limit = 1024 (custom)
2019-09-26 19:35:53,302 [pool-271-thread-1] INFO  server.RaftServerConfigKeys (ConfUtils.java:logGet(43)) - raft.server.log.segment.size.max = 1048576 (custom)
2019-09-26 19:35:53,302 [pool-271-thread-1] INFO  server.RaftServerConfigKeys (ConfUtils.java:logGet(43)) - raft.server.log.preallocated.size = 16384 (custom)
2019-09-26 19:35:53,302 [pool-271-thread-1] INFO  server.RaftServerConfigKeys (ConfUtils.java:logGet(43)) - raft.server.log.write.buffer.size = 33554432 (custom)
2019-09-26 19:35:53,302 [pool-271-thread-1] INFO  server.RaftServerConfigKeys (ConfUtils.java:logGet(43)) - raft.server.log.force.sync.num = 128 (default)
2019-09-26 19:35:53,303 [pool-271-thread-1] INFO  server.RaftServerConfigKeys (ConfUtils.java:logGet(43)) - raft.server.log.statemachine.data.sync = true (default)
2019-09-26 19:35:53,303 [pool-271-thread-1] INFO  server.RaftServerConfigKeys (ConfUtils.java:logGet(43)) - raft.server.log.statemachine.data.sync.timeout = 10s (default)
2019-09-26 19:35:53,303 [pool-271-thread-1] INFO  server.RaftServerConfigKeys (ConfUtils.java:logGet(43)) - raft.server.log.statemachine.data.sync.timeout.retry = -1 (default)
2019-09-26 19:35:53,303 [pool-271-thread-1] INFO  server.RaftServerConfigKeys (ConfUtils.java:logGet(43)) - raft.server.log.statemachine.data.caching.enabled = true (custom)
2019-09-26 19:35:53,303 [pool-271-thread-1] INFO  segmented.SegmentedRaftLogWorker (SegmentedRaftLogWorker.java:lambda$new$0(132)) - 728ea44c-f097-440a-a87e-c27a68d48f14@group-C2CB13E64EA4-SegmentedRaftLogWorker: flushIndex: setUnconditionally 0 -> -1
2019-09-26 19:35:53,303 [pool-271-thread-1] INFO  server.RaftServerConfigKeys (ConfUtils.java:logGet(43)) - raft.server.snapshot.auto.trigger.enabled = true (custom)
2019-09-26 19:35:53,304 [pool-271-thread-1] INFO  server.RaftServerConfigKeys (ConfUtils.java:logGet(43)) - raft.server.snapshot.auto.trigger.threshold = 10000 (custom)
2019-09-26 19:35:53,304 [pool-271-thread-1] INFO  server.RaftServerConfigKeys (ConfUtils.java:logGet(43)) - raft.server.snapshot.retention.num.files = 5 (custom)
2019-09-26 19:35:53,304 [pool-271-thread-1] INFO  server.RaftServerConfigKeys (ConfUtils.java:logGet(43)) - raft.server.retrycache.expirytime = 600000ms (custom)
2019-09-26 19:35:53,305 [pool-271-thread-1] INFO  impl.RaftServerImpl (RaftServerImpl.java:start(185)) - 728ea44c-f097-440a-a87e-c27a68d48f14@group-C2CB13E64EA4: start as a follower, conf=-1: [728ea44c-f097-440a-a87e-c27a68d48f14:192.168.151.99:38783], old=null
2019-09-26 19:35:53,305 [pool-271-thread-1] INFO  impl.RaftServerImpl (RaftServerImpl.java:setRole(174)) - 728ea44c-f097-440a-a87e-c27a68d48f14@group-C2CB13E64EA4: changes role from      null to FOLLOWER at term 0 for startAsFollower
2019-09-26 19:35:53,306 [pool-271-thread-1] INFO  impl.RoleInfo (RoleInfo.java:updateAndGet(143)) - 728ea44c-f097-440a-a87e-c27a68d48f14: start FollowerState
2019-09-26 19:35:53,306 [pool-271-thread-1] INFO  util.JmxRegister (JmxRegister.java:tryRegister(44)) - Successfully registered JMX Bean with object name Ratis:service=RaftServer,group=group-C2CB13E64EA4,id=728ea44c-f097-440a-a87e-c27a68d48f14
2019-09-26 19:35:53,308 [RatisPipelineUtilsThread] INFO  pipeline.PipelineStateManager (PipelineStateManager.java:addPipeline(56)) - Created pipeline Pipeline[ Id: 559ef293-d6cf-4c77-b7b7-c2cb13e64ea4, Nodes: 728ea44c-f097-440a-a87e-c27a68d48f14{ip: 192.168.151.99, host: pr-hdds-1569-g6sp5-2013761785, networkLocation: /rack1, certSerialId: null}, Type:RATIS, Factor:ONE, State:OPEN]
2019-09-26 19:35:53,310 [grpc-default-executor-2] INFO  impl.RaftServerProxy (RaftServerProxy.java:addNew(89)) - 728ea44c-f097-440a-a87e-c27a68d48f14: addNew group-CE1BBB4E941E:[728ea44c-f097-440a-a87e-c27a68d48f14:192.168.151.99:38783] returns group-CE1BBB4E941E:java.util.concurrent.CompletableFuture@5d28d51e[Not completed]
2019-09-26 19:35:53,311 [pool-271-thread-1] INFO  impl.RaftServerImpl (RaftServerImpl.java:<init>(95)) - 728ea44c-f097-440a-a87e-c27a68d48f14: new RaftServerImpl for group-CE1BBB4E941E:[728ea44c-f097-440a-a87e-c27a68d48f14:192.168.151.99:38783] with ContainerStateMachine:uninitialized
2019-09-26 19:35:53,311 [pool-271-thread-1] INFO  server.RaftServerConfigKeys (ConfUtils.java:logGet(43)) - raft.server.rpc.timeout.min = 5s (custom)
2019-09-26 19:35:53,311 [pool-271-thread-1] INFO  server.RaftServerConfigKeys (ConfUtils.java:logGet(43)) - raft.server.rpc.timeout.max = 5200ms (custom)
2019-09-26 19:35:53,311 [pool-271-thread-1] INFO  server.RaftServerConfigKeys (ConfUtils.java:logGet(43)) - raft.server.rpcslowness.timeout = 120s (custom)
2019-09-26 19:35:53,311 [pool-271-thread-1] INFO  server.RaftServerConfigKeys (ConfUtils.java:logGet(43)) - raft.server.sleep.deviation.threshold = 300 (default)
2019-09-26 19:35:53,312 [pool-271-thread-1] INFO  server.RaftServerConfigKeys (ConfUtils.java:logGet(43)) - raft.server.log.appender.install.snapshot.enabled = false (custom)
2019-09-26 19:35:53,312 [pool-271-thread-1] INFO  impl.RaftServerImpl (ServerState.java:<init>(103)) - 728ea44c-f097-440a-a87e-c27a68d48f14@group-CE1BBB4E941E: ConfigurationManager, init=-1: [728ea44c-f097-440a-a87e-c27a68d48f14:192.168.151.99:38783], old=null, confs=<EMPTY_MAP>
2019-09-26 19:35:53,312 [pool-271-thread-1] INFO  server.RaftServerConfigKeys (ConfUtils.java:logGet(43)) - raft.server.storage.dir = [/workdir/hadoop-ozone/integration-test/target/test-dir/MiniOzoneClusterImpl-2f79a7d3-d7ae-4963-8370-12bb1e2132d7/datanode-1/data/ratis] (custom)
2019-09-26 19:35:53,312 [pool-271-thread-1] INFO  storage.RaftStorageDirectory (RaftStorageDirectory.java:analyzeStorage(246)) - The storage directory /workdir/hadoop-ozone/integration-test/target/test-dir/MiniOzoneClusterImpl-2f79a7d3-d7ae-4963-8370-12bb1e2132d7/datanode-1/data/ratis/274850c0-112f-4020-8c62-ce1bbb4e941e does not exist. Creating ...
2019-09-26 19:35:53,316 [pool-271-thread-1] INFO  storage.RaftStorageDirectory (RaftStorageDirectory.java:tryLock(328)) - Lock on /workdir/hadoop-ozone/integration-test/target/test-dir/MiniOzoneClusterImpl-2f79a7d3-d7ae-4963-8370-12bb1e2132d7/datanode-1/data/ratis/274850c0-112f-4020-8c62-ce1bbb4e941e/in_use.lock acquired by nodename 17888@pr-hdds-1569-g6sp5-2013761785
2019-09-26 19:35:53,320 [pool-271-thread-1] INFO  storage.RaftStorage (RaftStorage.java:format(72)) - Storage directory /workdir/hadoop-ozone/integration-test/target/test-dir/MiniOzoneClusterImpl-2f79a7d3-d7ae-4963-8370-12bb1e2132d7/datanode-1/data/ratis/274850c0-112f-4020-8c62-ce1bbb4e941e has been successfully formatted.
2019-09-26 19:35:53,320 [pool-271-thread-1] INFO  ratis.ContainerStateMachine (ContainerStateMachine.java:loadSnapshot(230)) - group-CE1BBB4E941E: The snapshot info is null. Setting the last applied indexto:(t:0, i:~)
2019-09-26 19:35:53,320 [pool-271-thread-1] INFO  server.RaftServerConfigKeys (ConfUtils.java:logGet(43)) - raft.server.notification.no-leader.timeout = 120s (custom)
2019-09-26 19:35:53,320 [pool-271-thread-1] INFO  server.RaftServerConfigKeys (ConfUtils.java:logGet(43)) - raft.server.log.use.memory = false (default)
2019-09-26 19:35:53,321 [pool-271-thread-1] INFO  server.RaftServerConfigKeys (ConfUtils.java:logGet(43)) - raft.server.log.purge.gap = 1000000 (custom)
2019-09-26 19:35:53,321 [pool-271-thread-1] INFO  server.RaftServerConfigKeys (ConfUtils.java:logGet(43)) - raft.server.log.appender.buffer.byte-limit = 33554432 (custom)
2019-09-26 19:35:53,321 [pool-271-thread-1] INFO  server.RaftServerConfigKeys (ConfUtils.java:logGet(43)) - raft.server.log.segment.size.max = 1048576 (custom)
2019-09-26 19:35:53,321 [pool-271-thread-1] INFO  server.RaftServerConfigKeys (ConfUtils.java:logGet(43)) - raft.server.log.segment.cache.num.max = 2 (custom)
2019-09-26 19:35:53,321 [pool-271-thread-1] INFO  segmented.SegmentedRaftLogWorker (SegmentedRaftLogWorker.java:<init>(172)) - new 728ea44c-f097-440a-a87e-c27a68d48f14@group-CE1BBB4E941E-SegmentedRaftLogWorker for RaftStorage:Storage Directory /workdir/hadoop-ozone/integration-test/target/test-dir/MiniOzoneClusterImpl-2f79a7d3-d7ae-4963-8370-12bb1e2132d7/datanode-1/data/ratis/274850c0-112f-4020-8c62-ce1bbb4e941e
2019-09-26 19:35:53,321 [pool-271-thread-1] INFO  server.RaftServerConfigKeys (ConfUtils.java:logGet(43)) - raft.server.log.queue.byte-limit = 2147483647 (custom)
2019-09-26 19:35:53,321 [pool-271-thread-1] INFO  server.RaftServerConfigKeys (ConfUtils.java:logGet(43)) - raft.server.log.queue.element-limit = 1024 (custom)
2019-09-26 19:35:53,322 [pool-271-thread-1] INFO  server.RaftServerConfigKeys (ConfUtils.java:logGet(43)) - raft.server.log.segment.size.max = 1048576 (custom)
2019-09-26 19:35:53,322 [pool-271-thread-1] INFO  server.RaftServerConfigKeys (ConfUtils.java:logGet(43)) - raft.server.log.preallocated.size = 16384 (custom)
2019-09-26 19:35:53,322 [pool-271-thread-1] INFO  server.RaftServerConfigKeys (ConfUtils.java:logGet(43)) - raft.server.log.write.buffer.size = 33554432 (custom)
2019-09-26 19:35:53,322 [pool-271-thread-1] INFO  server.RaftServerConfigKeys (ConfUtils.java:logGet(43)) - raft.server.log.force.sync.num = 128 (default)
2019-09-26 19:35:53,322 [pool-271-thread-1] INFO  server.RaftServerConfigKeys (ConfUtils.java:logGet(43)) - raft.server.log.statemachine.data.sync = true (default)
2019-09-26 19:35:53,322 [pool-271-thread-1] INFO  server.RaftServerConfigKeys (ConfUtils.java:logGet(43)) - raft.server.log.statemachine.data.sync.timeout = 10s (default)
2019-09-26 19:35:53,322 [pool-271-thread-1] INFO  server.RaftServerConfigKeys (ConfUtils.java:logGet(43)) - raft.server.log.statemachine.data.sync.timeout.retry = -1 (default)
2019-09-26 19:35:53,322 [pool-271-thread-1] INFO  server.RaftServerConfigKeys (ConfUtils.java:logGet(43)) - raft.server.log.statemachine.data.caching.enabled = true (custom)
2019-09-26 19:35:53,323 [pool-271-thread-1] INFO  segmented.SegmentedRaftLogWorker (SegmentedRaftLogWorker.java:lambda$new$0(132)) - 728ea44c-f097-440a-a87e-c27a68d48f14@group-CE1BBB4E941E-SegmentedRaftLogWorker: flushIndex: setUnconditionally 0 -> -1
2019-09-26 19:35:53,323 [pool-271-thread-1] INFO  server.RaftServerConfigKeys (ConfUtils.java:logGet(43)) - raft.server.snapshot.auto.trigger.enabled = true (custom)
2019-09-26 19:35:53,323 [pool-271-thread-1] INFO  server.RaftServerConfigKeys (ConfUtils.java:logGet(43)) - raft.server.snapshot.auto.trigger.threshold = 10000 (custom)
2019-09-26 19:35:53,323 [pool-271-thread-1] INFO  server.RaftServerConfigKeys (ConfUtils.java:logGet(43)) - raft.server.snapshot.retention.num.files = 5 (custom)
2019-09-26 19:35:53,323 [pool-271-thread-1] INFO  server.RaftServerConfigKeys (ConfUtils.java:logGet(43)) - raft.server.retrycache.expirytime = 600000ms (custom)
2019-09-26 19:35:53,325 [pool-271-thread-1] INFO  impl.RaftServerImpl (RaftServerImpl.java:start(185)) - 728ea44c-f097-440a-a87e-c27a68d48f14@group-CE1BBB4E941E: start as a follower, conf=-1: [728ea44c-f097-440a-a87e-c27a68d48f14:192.168.151.99:38783], old=null
2019-09-26 19:35:53,325 [pool-271-thread-1] INFO  impl.RaftServerImpl (RaftServerImpl.java:setRole(174)) - 728ea44c-f097-440a-a87e-c27a68d48f14@group-CE1BBB4E941E: changes role from      null to FOLLOWER at term 0 for startAsFollower
2019-09-26 19:35:53,325 [pool-271-thread-1] INFO  impl.RoleInfo (RoleInfo.java:updateAndGet(143)) - 728ea44c-f097-440a-a87e-c27a68d48f14: start FollowerState
2019-09-26 19:35:53,325 [pool-271-thread-1] INFO  util.JmxRegister (JmxRegister.java:tryRegister(44)) - Successfully registered JMX Bean with object name Ratis:service=RaftServer,group=group-CE1BBB4E941E,id=728ea44c-f097-440a-a87e-c27a68d48f14
2019-09-26 19:35:53,327 [RatisPipelineUtilsThread] INFO  pipeline.PipelineStateManager (PipelineStateManager.java:addPipeline(56)) - Created pipeline Pipeline[ Id: 274850c0-112f-4020-8c62-ce1bbb4e941e, Nodes: 728ea44c-f097-440a-a87e-c27a68d48f14{ip: 192.168.151.99, host: pr-hdds-1569-g6sp5-2013761785, networkLocation: /rack1, certSerialId: null}, Type:RATIS, Factor:ONE, State:OPEN]
2019-09-26 19:35:53,330 [grpc-default-executor-2] INFO  impl.RaftServerProxy (RaftServerProxy.java:addNew(89)) - 728ea44c-f097-440a-a87e-c27a68d48f14: addNew group-65B5812EC899:[728ea44c-f097-440a-a87e-c27a68d48f14:192.168.151.99:38783] returns group-65B5812EC899:java.util.concurrent.CompletableFuture@2f6d4c5f[Not completed]
2019-09-26 19:35:53,330 [pool-271-thread-1] INFO  impl.RaftServerImpl (RaftServerImpl.java:<init>(95)) - 728ea44c-f097-440a-a87e-c27a68d48f14: new RaftServerImpl for group-65B5812EC899:[728ea44c-f097-440a-a87e-c27a68d48f14:192.168.151.99:38783] with ContainerStateMachine:uninitialized
2019-09-26 19:35:53,330 [pool-271-thread-1] INFO  server.RaftServerConfigKeys (ConfUtils.java:logGet(43)) - raft.server.rpc.timeout.min = 5s (custom)
2019-09-26 19:35:53,330 [pool-271-thread-1] INFO  server.RaftServerConfigKeys (ConfUtils.java:logGet(43)) - raft.server.rpc.timeout.max = 5200ms (custom)
2019-09-26 19:35:53,331 [pool-271-thread-1] INFO  server.RaftServerConfigKeys (ConfUtils.java:logGet(43)) - raft.server.rpcslowness.timeout = 120s (custom)
2019-09-26 19:35:53,331 [pool-271-thread-1] INFO  server.RaftServerConfigKeys (ConfUtils.java:logGet(43)) - raft.server.sleep.deviation.threshold = 300 (default)
2019-09-26 19:35:53,331 [pool-271-thread-1] INFO  server.RaftServerConfigKeys (ConfUtils.java:logGet(43)) - raft.server.log.appender.install.snapshot.enabled = false (custom)
2019-09-26 19:35:53,331 [pool-271-thread-1] INFO  impl.RaftServerImpl (ServerState.java:<init>(103)) - 728ea44c-f097-440a-a87e-c27a68d48f14@group-65B5812EC899: ConfigurationManager, init=-1: [728ea44c-f097-440a-a87e-c27a68d48f14:192.168.151.99:38783], old=null, confs=<EMPTY_MAP>
2019-09-26 19:35:53,331 [pool-271-thread-1] INFO  server.RaftServerConfigKeys (ConfUtils.java:logGet(43)) - raft.server.storage.dir = [/workdir/hadoop-ozone/integration-test/target/test-dir/MiniOzoneClusterImpl-2f79a7d3-d7ae-4963-8370-12bb1e2132d7/datanode-1/data/ratis] (custom)
2019-09-26 19:35:53,331 [pool-271-thread-1] INFO  storage.RaftStorageDirectory (RaftStorageDirectory.java:analyzeStorage(246)) - The storage directory /workdir/hadoop-ozone/integration-test/target/test-dir/MiniOzoneClusterImpl-2f79a7d3-d7ae-4963-8370-12bb1e2132d7/datanode-1/data/ratis/0db74ad8-13ff-49f3-9034-65b5812ec899 does not exist. Creating ...
2019-09-26 19:35:53,348 [pool-271-thread-1] INFO  storage.RaftStorageDirectory (RaftStorageDirectory.java:tryLock(328)) - Lock on /workdir/hadoop-ozone/integration-test/target/test-dir/MiniOzoneClusterImpl-2f79a7d3-d7ae-4963-8370-12bb1e2132d7/datanode-1/data/ratis/0db74ad8-13ff-49f3-9034-65b5812ec899/in_use.lock acquired by nodename 17888@pr-hdds-1569-g6sp5-2013761785
2019-09-26 19:35:53,363 [pool-271-thread-1] INFO  storage.RaftStorage (RaftStorage.java:format(72)) - Storage directory /workdir/hadoop-ozone/integration-test/target/test-dir/MiniOzoneClusterImpl-2f79a7d3-d7ae-4963-8370-12bb1e2132d7/datanode-1/data/ratis/0db74ad8-13ff-49f3-9034-65b5812ec899 has been successfully formatted.
2019-09-26 19:35:53,363 [pool-271-thread-1] INFO  ratis.ContainerStateMachine (ContainerStateMachine.java:loadSnapshot(230)) - group-65B5812EC899: The snapshot info is null. Setting the last applied indexto:(t:0, i:~)
2019-09-26 19:35:53,363 [pool-271-thread-1] INFO  server.RaftServerConfigKeys (ConfUtils.java:logGet(43)) - raft.server.notification.no-leader.timeout = 120s (custom)
2019-09-26 19:35:53,363 [pool-271-thread-1] INFO  server.RaftServerConfigKeys (ConfUtils.java:logGet(43)) - raft.server.log.use.memory = false (default)
2019-09-26 19:35:53,363 [pool-271-thread-1] INFO  server.RaftServerConfigKeys (ConfUtils.java:logGet(43)) - raft.server.log.purge.gap = 1000000 (custom)
2019-09-26 19:35:53,363 [pool-271-thread-1] INFO  server.RaftServerConfigKeys (ConfUtils.java:logGet(43)) - raft.server.log.appender.buffer.byte-limit = 33554432 (custom)
2019-09-26 19:35:53,363 [pool-271-thread-1] INFO  server.RaftServerConfigKeys (ConfUtils.java:logGet(43)) - raft.server.log.segment.size.max = 1048576 (custom)
2019-09-26 19:35:53,363 [pool-271-thread-1] INFO  server.RaftServerConfigKeys (ConfUtils.java:logGet(43)) - raft.server.log.segment.cache.num.max = 2 (custom)
2019-09-26 19:35:53,364 [pool-271-thread-1] INFO  segmented.SegmentedRaftLogWorker (SegmentedRaftLogWorker.java:<init>(172)) - new 728ea44c-f097-440a-a87e-c27a68d48f14@group-65B5812EC899-SegmentedRaftLogWorker for RaftStorage:Storage Directory /workdir/hadoop-ozone/integration-test/target/test-dir/MiniOzoneClusterImpl-2f79a7d3-d7ae-4963-8370-12bb1e2132d7/datanode-1/data/ratis/0db74ad8-13ff-49f3-9034-65b5812ec899
2019-09-26 19:35:53,364 [pool-271-thread-1] INFO  server.RaftServerConfigKeys (ConfUtils.java:logGet(43)) - raft.server.log.queue.byte-limit = 2147483647 (custom)
2019-09-26 19:35:53,364 [pool-271-thread-1] INFO  server.RaftServerConfigKeys (ConfUtils.java:logGet(43)) - raft.server.log.queue.element-limit = 1024 (custom)
2019-09-26 19:35:53,364 [pool-271-thread-1] INFO  server.RaftServerConfigKeys (ConfUtils.java:logGet(43)) - raft.server.log.segment.size.max = 1048576 (custom)
2019-09-26 19:35:53,364 [pool-271-thread-1] INFO  server.RaftServerConfigKeys (ConfUtils.java:logGet(43)) - raft.server.log.preallocated.size = 16384 (custom)
2019-09-26 19:35:53,364 [pool-271-thread-1] INFO  server.RaftServerConfigKeys (ConfUtils.java:logGet(43)) - raft.server.log.write.buffer.size = 33554432 (custom)
2019-09-26 19:35:53,364 [pool-271-thread-1] INFO  server.RaftServerConfigKeys (ConfUtils.java:logGet(43)) - raft.server.log.force.sync.num = 128 (default)
2019-09-26 19:35:53,364 [pool-271-thread-1] INFO  server.RaftServerConfigKeys (ConfUtils.java:logGet(43)) - raft.server.log.statemachine.data.sync = true (default)
2019-09-26 19:35:53,365 [pool-271-thread-1] INFO  server.RaftServerConfigKeys (ConfUtils.java:logGet(43)) - raft.server.log.statemachine.data.sync.timeout = 10s (default)
2019-09-26 19:35:53,365 [pool-271-thread-1] INFO  server.RaftServerConfigKeys (ConfUtils.java:logGet(43)) - raft.server.log.statemachine.data.sync.timeout.retry = -1 (default)
2019-09-26 19:35:53,365 [pool-271-thread-1] INFO  server.RaftServerConfigKeys (ConfUtils.java:logGet(43)) - raft.server.log.statemachine.data.caching.enabled = true (custom)
2019-09-26 19:35:53,365 [pool-271-thread-1] INFO  segmented.SegmentedRaftLogWorker (SegmentedRaftLogWorker.java:lambda$new$0(132)) - 728ea44c-f097-440a-a87e-c27a68d48f14@group-65B5812EC899-SegmentedRaftLogWorker: flushIndex: setUnconditionally 0 -> -1
2019-09-26 19:35:53,365 [pool-271-thread-1] INFO  server.RaftServerConfigKeys (ConfUtils.java:logGet(43)) - raft.server.snapshot.auto.trigger.enabled = true (custom)
2019-09-26 19:35:53,365 [pool-271-thread-1] INFO  server.RaftServerConfigKeys (ConfUtils.java:logGet(43)) - raft.server.snapshot.auto.trigger.threshold = 10000 (custom)
2019-09-26 19:35:53,366 [pool-271-thread-1] INFO  server.RaftServerConfigKeys (ConfUtils.java:logGet(43)) - raft.server.snapshot.retention.num.files = 5 (custom)
2019-09-26 19:35:53,366 [pool-271-thread-1] INFO  server.RaftServerConfigKeys (ConfUtils.java:logGet(43)) - raft.server.retrycache.expirytime = 600000ms (custom)
2019-09-26 19:35:53,367 [pool-271-thread-1] INFO  impl.RaftServerImpl (RaftServerImpl.java:start(185)) - 728ea44c-f097-440a-a87e-c27a68d48f14@group-65B5812EC899: start as a follower, conf=-1: [728ea44c-f097-440a-a87e-c27a68d48f14:192.168.151.99:38783], old=null
2019-09-26 19:35:53,367 [pool-271-thread-1] INFO  impl.RaftServerImpl (RaftServerImpl.java:setRole(174)) - 728ea44c-f097-440a-a87e-c27a68d48f14@group-65B5812EC899: changes role from      null to FOLLOWER at term 0 for startAsFollower
2019-09-26 19:35:53,367 [pool-271-thread-1] INFO  impl.RoleInfo (RoleInfo.java:updateAndGet(143)) - 728ea44c-f097-440a-a87e-c27a68d48f14: start FollowerState
2019-09-26 19:35:53,368 [pool-271-thread-1] INFO  util.JmxRegister (JmxRegister.java:tryRegister(44)) - Successfully registered JMX Bean with object name Ratis:service=RaftServer,group=group-65B5812EC899,id=728ea44c-f097-440a-a87e-c27a68d48f14
2019-09-26 19:35:53,369 [RatisPipelineUtilsThread] INFO  pipeline.PipelineStateManager (PipelineStateManager.java:addPipeline(56)) - Created pipeline Pipeline[ Id: 0db74ad8-13ff-49f3-9034-65b5812ec899, Nodes: 728ea44c-f097-440a-a87e-c27a68d48f14{ip: 192.168.151.99, host: pr-hdds-1569-g6sp5-2013761785, networkLocation: /rack1, certSerialId: null}, Type:RATIS, Factor:ONE, State:OPEN]
2019-09-26 19:35:53,372 [grpc-default-executor-2] INFO  impl.RaftServerProxy (RaftServerProxy.java:addNew(89)) - 728ea44c-f097-440a-a87e-c27a68d48f14: addNew group-E9D965E06BB9:[728ea44c-f097-440a-a87e-c27a68d48f14:192.168.151.99:38783] returns group-E9D965E06BB9:java.util.concurrent.CompletableFuture@3830ff67[Not completed]
2019-09-26 19:35:53,372 [pool-271-thread-1] INFO  impl.RaftServerImpl (RaftServerImpl.java:<init>(95)) - 728ea44c-f097-440a-a87e-c27a68d48f14: new RaftServerImpl for group-E9D965E06BB9:[728ea44c-f097-440a-a87e-c27a68d48f14:192.168.151.99:38783] with ContainerStateMachine:uninitialized
2019-09-26 19:35:53,373 [pool-271-thread-1] INFO  server.RaftServerConfigKeys (ConfUtils.java:logGet(43)) - raft.server.rpc.timeout.min = 5s (custom)
2019-09-26 19:35:53,373 [pool-271-thread-1] INFO  server.RaftServerConfigKeys (ConfUtils.java:logGet(43)) - raft.server.rpc.timeout.max = 5200ms (custom)
2019-09-26 19:35:53,373 [pool-271-thread-1] INFO  server.RaftServerConfigKeys (ConfUtils.java:logGet(43)) - raft.server.rpcslowness.timeout = 120s (custom)
2019-09-26 19:35:53,373 [pool-271-thread-1] INFO  server.RaftServerConfigKeys (ConfUtils.java:logGet(43)) - raft.server.sleep.deviation.threshold = 300 (default)
2019-09-26 19:35:53,373 [pool-271-thread-1] INFO  server.RaftServerConfigKeys (ConfUtils.java:logGet(43)) - raft.server.log.appender.install.snapshot.enabled = false (custom)
2019-09-26 19:35:53,373 [pool-271-thread-1] INFO  impl.RaftServerImpl (ServerState.java:<init>(103)) - 728ea44c-f097-440a-a87e-c27a68d48f14@group-E9D965E06BB9: ConfigurationManager, init=-1: [728ea44c-f097-440a-a87e-c27a68d48f14:192.168.151.99:38783], old=null, confs=<EMPTY_MAP>
2019-09-26 19:35:53,373 [pool-271-thread-1] INFO  server.RaftServerConfigKeys (ConfUtils.java:logGet(43)) - raft.server.storage.dir = [/workdir/hadoop-ozone/integration-test/target/test-dir/MiniOzoneClusterImpl-2f79a7d3-d7ae-4963-8370-12bb1e2132d7/datanode-1/data/ratis] (custom)
2019-09-26 19:35:53,374 [pool-271-thread-1] INFO  storage.RaftStorageDirectory (RaftStorageDirectory.java:analyzeStorage(246)) - The storage directory /workdir/hadoop-ozone/integration-test/target/test-dir/MiniOzoneClusterImpl-2f79a7d3-d7ae-4963-8370-12bb1e2132d7/datanode-1/data/ratis/a7694877-922b-40e7-bd4e-e9d965e06bb9 does not exist. Creating ...
2019-09-26 19:35:53,420 [pool-271-thread-1] INFO  storage.RaftStorageDirectory (RaftStorageDirectory.java:tryLock(328)) - Lock on /workdir/hadoop-ozone/integration-test/target/test-dir/MiniOzoneClusterImpl-2f79a7d3-d7ae-4963-8370-12bb1e2132d7/datanode-1/data/ratis/a7694877-922b-40e7-bd4e-e9d965e06bb9/in_use.lock acquired by nodename 17888@pr-hdds-1569-g6sp5-2013761785
2019-09-26 19:35:53,433 [pool-271-thread-1] INFO  storage.RaftStorage (RaftStorage.java:format(72)) - Storage directory /workdir/hadoop-ozone/integration-test/target/test-dir/MiniOzoneClusterImpl-2f79a7d3-d7ae-4963-8370-12bb1e2132d7/datanode-1/data/ratis/a7694877-922b-40e7-bd4e-e9d965e06bb9 has been successfully formatted.
2019-09-26 19:35:53,434 [pool-271-thread-1] INFO  ratis.ContainerStateMachine (ContainerStateMachine.java:loadSnapshot(230)) - group-E9D965E06BB9: The snapshot info is null. Setting the last applied indexto:(t:0, i:~)
2019-09-26 19:35:53,434 [pool-271-thread-1] INFO  server.RaftServerConfigKeys (ConfUtils.java:logGet(43)) - raft.server.notification.no-leader.timeout = 120s (custom)
2019-09-26 19:35:53,434 [pool-271-thread-1] INFO  server.RaftServerConfigKeys (ConfUtils.java:logGet(43)) - raft.server.log.use.memory = false (default)
2019-09-26 19:35:53,434 [pool-271-thread-1] INFO  server.RaftServerConfigKeys (ConfUtils.java:logGet(43)) - raft.server.log.purge.gap = 1000000 (custom)
2019-09-26 19:35:53,434 [pool-271-thread-1] INFO  server.RaftServerConfigKeys (ConfUtils.java:logGet(43)) - raft.server.log.appender.buffer.byte-limit = 33554432 (custom)
2019-09-26 19:35:53,434 [pool-271-thread-1] INFO  server.RaftServerConfigKeys (ConfUtils.java:logGet(43)) - raft.server.log.segment.size.max = 1048576 (custom)
2019-09-26 19:35:53,435 [pool-271-thread-1] INFO  server.RaftServerConfigKeys (ConfUtils.java:logGet(43)) - raft.server.log.segment.cache.num.max = 2 (custom)
2019-09-26 19:35:53,435 [pool-271-thread-1] INFO  segmented.SegmentedRaftLogWorker (SegmentedRaftLogWorker.java:<init>(172)) - new 728ea44c-f097-440a-a87e-c27a68d48f14@group-E9D965E06BB9-SegmentedRaftLogWorker for RaftStorage:Storage Directory /workdir/hadoop-ozone/integration-test/target/test-dir/MiniOzoneClusterImpl-2f79a7d3-d7ae-4963-8370-12bb1e2132d7/datanode-1/data/ratis/a7694877-922b-40e7-bd4e-e9d965e06bb9
2019-09-26 19:35:53,435 [pool-271-thread-1] INFO  server.RaftServerConfigKeys (ConfUtils.java:logGet(43)) - raft.server.log.queue.byte-limit = 2147483647 (custom)
2019-09-26 19:35:53,435 [pool-271-thread-1] INFO  server.RaftServerConfigKeys (ConfUtils.java:logGet(43)) - raft.server.log.queue.element-limit = 1024 (custom)
2019-09-26 19:35:53,435 [pool-271-thread-1] INFO  server.RaftServerConfigKeys (ConfUtils.java:logGet(43)) - raft.server.log.segment.size.max = 1048576 (custom)
2019-09-26 19:35:53,435 [pool-271-thread-1] INFO  server.RaftServerConfigKeys (ConfUtils.java:logGet(43)) - raft.server.log.preallocated.size = 16384 (custom)
2019-09-26 19:35:53,435 [pool-271-thread-1] INFO  server.RaftServerConfigKeys (ConfUtils.java:logGet(43)) - raft.server.log.write.buffer.size = 33554432 (custom)
2019-09-26 19:35:53,435 [pool-271-thread-1] INFO  server.RaftServerConfigKeys (ConfUtils.java:logGet(43)) - raft.server.log.force.sync.num = 128 (default)
2019-09-26 19:35:53,435 [pool-271-thread-1] INFO  server.RaftServerConfigKeys (ConfUtils.java:logGet(43)) - raft.server.log.statemachine.data.sync = true (default)
2019-09-26 19:35:53,436 [pool-271-thread-1] INFO  server.RaftServerConfigKeys (ConfUtils.java:logGet(43)) - raft.server.log.statemachine.data.sync.timeout = 10s (default)
2019-09-26 19:35:53,436 [pool-271-thread-1] INFO  server.RaftServerConfigKeys (ConfUtils.java:logGet(43)) - raft.server.log.statemachine.data.sync.timeout.retry = -1 (default)
2019-09-26 19:35:53,436 [pool-271-thread-1] INFO  server.RaftServerConfigKeys (ConfUtils.java:logGet(43)) - raft.server.log.statemachine.data.caching.enabled = true (custom)
2019-09-26 19:35:53,436 [pool-271-thread-1] INFO  segmented.SegmentedRaftLogWorker (SegmentedRaftLogWorker.java:lambda$new$0(132)) - 728ea44c-f097-440a-a87e-c27a68d48f14@group-E9D965E06BB9-SegmentedRaftLogWorker: flushIndex: setUnconditionally 0 -> -1
2019-09-26 19:35:53,436 [pool-271-thread-1] INFO  server.RaftServerConfigKeys (ConfUtils.java:logGet(43)) - raft.server.snapshot.auto.trigger.enabled = true (custom)
2019-09-26 19:35:53,436 [pool-271-thread-1] INFO  server.RaftServerConfigKeys (ConfUtils.java:logGet(43)) - raft.server.snapshot.auto.trigger.threshold = 10000 (custom)
2019-09-26 19:35:53,436 [pool-271-thread-1] INFO  server.RaftServerConfigKeys (ConfUtils.java:logGet(43)) - raft.server.snapshot.retention.num.files = 5 (custom)
2019-09-26 19:35:53,437 [pool-271-thread-1] INFO  server.RaftServerConfigKeys (ConfUtils.java:logGet(43)) - raft.server.retrycache.expirytime = 600000ms (custom)
2019-09-26 19:35:53,438 [pool-271-thread-1] INFO  impl.RaftServerImpl (RaftServerImpl.java:start(185)) - 728ea44c-f097-440a-a87e-c27a68d48f14@group-E9D965E06BB9: start as a follower, conf=-1: [728ea44c-f097-440a-a87e-c27a68d48f14:192.168.151.99:38783], old=null
2019-09-26 19:35:53,438 [pool-271-thread-1] INFO  impl.RaftServerImpl (RaftServerImpl.java:setRole(174)) - 728ea44c-f097-440a-a87e-c27a68d48f14@group-E9D965E06BB9: changes role from      null to FOLLOWER at term 0 for startAsFollower
2019-09-26 19:35:53,438 [pool-271-thread-1] INFO  impl.RoleInfo (RoleInfo.java:updateAndGet(143)) - 728ea44c-f097-440a-a87e-c27a68d48f14: start FollowerState
2019-09-26 19:35:53,439 [pool-271-thread-1] INFO  util.JmxRegister (JmxRegister.java:tryRegister(44)) - Successfully registered JMX Bean with object name Ratis:service=RaftServer,group=group-E9D965E06BB9,id=728ea44c-f097-440a-a87e-c27a68d48f14
2019-09-26 19:35:53,441 [RatisPipelineUtilsThread] INFO  pipeline.PipelineStateManager (PipelineStateManager.java:addPipeline(56)) - Created pipeline Pipeline[ Id: a7694877-922b-40e7-bd4e-e9d965e06bb9, Nodes: 728ea44c-f097-440a-a87e-c27a68d48f14{ip: 192.168.151.99, host: pr-hdds-1569-g6sp5-2013761785, networkLocation: /rack1, certSerialId: null}, Type:RATIS, Factor:ONE, State:OPEN]
2019-09-26 19:35:53,444 [grpc-default-executor-2] INFO  impl.RaftServerProxy (RaftServerProxy.java:addNew(89)) - 27cb48db-4b88-4c0c-b213-19f9b2fffaff: addNew group-3EC97AFE12DC:[27cb48db-4b88-4c0c-b213-19f9b2fffaff:192.168.151.99:37457] returns group-3EC97AFE12DC:java.util.concurrent.CompletableFuture@77e248a5[Not completed]
2019-09-26 19:35:53,445 [pool-261-thread-1] INFO  impl.RaftServerImpl (RaftServerImpl.java:<init>(95)) - 27cb48db-4b88-4c0c-b213-19f9b2fffaff: new RaftServerImpl for group-3EC97AFE12DC:[27cb48db-4b88-4c0c-b213-19f9b2fffaff:192.168.151.99:37457] with ContainerStateMachine:uninitialized
2019-09-26 19:35:53,445 [pool-261-thread-1] INFO  server.RaftServerConfigKeys (ConfUtils.java:logGet(43)) - raft.server.rpc.timeout.min = 5s (custom)
2019-09-26 19:35:53,445 [pool-261-thread-1] INFO  server.RaftServerConfigKeys (ConfUtils.java:logGet(43)) - raft.server.rpc.timeout.max = 5200ms (custom)
2019-09-26 19:35:53,445 [pool-261-thread-1] INFO  server.RaftServerConfigKeys (ConfUtils.java:logGet(43)) - raft.server.rpcslowness.timeout = 120s (custom)
2019-09-26 19:35:53,445 [pool-261-thread-1] INFO  server.RaftServerConfigKeys (ConfUtils.java:logGet(43)) - raft.server.sleep.deviation.threshold = 300 (default)
2019-09-26 19:35:53,445 [pool-261-thread-1] INFO  server.RaftServerConfigKeys (ConfUtils.java:logGet(43)) - raft.server.log.appender.install.snapshot.enabled = false (custom)
2019-09-26 19:35:53,445 [pool-261-thread-1] INFO  impl.RaftServerImpl (ServerState.java:<init>(103)) - 27cb48db-4b88-4c0c-b213-19f9b2fffaff@group-3EC97AFE12DC: ConfigurationManager, init=-1: [27cb48db-4b88-4c0c-b213-19f9b2fffaff:192.168.151.99:37457], old=null, confs=<EMPTY_MAP>
2019-09-26 19:35:53,445 [pool-261-thread-1] INFO  server.RaftServerConfigKeys (ConfUtils.java:logGet(43)) - raft.server.storage.dir = [/workdir/hadoop-ozone/integration-test/target/test-dir/MiniOzoneClusterImpl-2f79a7d3-d7ae-4963-8370-12bb1e2132d7/datanode-0/data/ratis] (custom)
2019-09-26 19:35:53,446 [pool-261-thread-1] INFO  storage.RaftStorageDirectory (RaftStorageDirectory.java:analyzeStorage(246)) - The storage directory /workdir/hadoop-ozone/integration-test/target/test-dir/MiniOzoneClusterImpl-2f79a7d3-d7ae-4963-8370-12bb1e2132d7/datanode-0/data/ratis/c812c2fd-ce78-4ff4-a82e-3ec97afe12dc does not exist. Creating ...
2019-09-26 19:35:53,459 [pool-261-thread-1] INFO  storage.RaftStorageDirectory (RaftStorageDirectory.java:tryLock(328)) - Lock on /workdir/hadoop-ozone/integration-test/target/test-dir/MiniOzoneClusterImpl-2f79a7d3-d7ae-4963-8370-12bb1e2132d7/datanode-0/data/ratis/c812c2fd-ce78-4ff4-a82e-3ec97afe12dc/in_use.lock acquired by nodename 17888@pr-hdds-1569-g6sp5-2013761785
2019-09-26 19:35:53,472 [pool-261-thread-1] INFO  storage.RaftStorage (RaftStorage.java:format(72)) - Storage directory /workdir/hadoop-ozone/integration-test/target/test-dir/MiniOzoneClusterImpl-2f79a7d3-d7ae-4963-8370-12bb1e2132d7/datanode-0/data/ratis/c812c2fd-ce78-4ff4-a82e-3ec97afe12dc has been successfully formatted.
2019-09-26 19:35:53,472 [pool-261-thread-1] INFO  ratis.ContainerStateMachine (ContainerStateMachine.java:loadSnapshot(230)) - group-3EC97AFE12DC: The snapshot info is null. Setting the last applied indexto:(t:0, i:~)
2019-09-26 19:35:53,473 [pool-261-thread-1] INFO  server.RaftServerConfigKeys (ConfUtils.java:logGet(43)) - raft.server.notification.no-leader.timeout = 120s (custom)
2019-09-26 19:35:53,473 [pool-261-thread-1] INFO  server.RaftServerConfigKeys (ConfUtils.java:logGet(43)) - raft.server.log.use.memory = false (default)
2019-09-26 19:35:53,473 [pool-261-thread-1] INFO  server.RaftServerConfigKeys (ConfUtils.java:logGet(43)) - raft.server.log.purge.gap = 1000000 (custom)
2019-09-26 19:35:53,473 [pool-261-thread-1] INFO  server.RaftServerConfigKeys (ConfUtils.java:logGet(43)) - raft.server.log.appender.buffer.byte-limit = 33554432 (custom)
2019-09-26 19:35:53,473 [pool-261-thread-1] INFO  server.RaftServerConfigKeys (ConfUtils.java:logGet(43)) - raft.server.log.segment.size.max = 1048576 (custom)
2019-09-26 19:35:53,473 [pool-261-thread-1] INFO  server.RaftServerConfigKeys (ConfUtils.java:logGet(43)) - raft.server.log.segment.cache.num.max = 2 (custom)
2019-09-26 19:35:53,473 [pool-261-thread-1] INFO  segmented.SegmentedRaftLogWorker (SegmentedRaftLogWorker.java:<init>(172)) - new 27cb48db-4b88-4c0c-b213-19f9b2fffaff@group-3EC97AFE12DC-SegmentedRaftLogWorker for RaftStorage:Storage Directory /workdir/hadoop-ozone/integration-test/target/test-dir/MiniOzoneClusterImpl-2f79a7d3-d7ae-4963-8370-12bb1e2132d7/datanode-0/data/ratis/c812c2fd-ce78-4ff4-a82e-3ec97afe12dc
2019-09-26 19:35:53,473 [pool-261-thread-1] INFO  server.RaftServerConfigKeys (ConfUtils.java:logGet(43)) - raft.server.log.queue.byte-limit = 2147483647 (custom)
2019-09-26 19:35:53,474 [pool-261-thread-1] INFO  server.RaftServerConfigKeys (ConfUtils.java:logGet(43)) - raft.server.log.queue.element-limit = 1024 (custom)
2019-09-26 19:35:53,474 [pool-261-thread-1] INFO  server.RaftServerConfigKeys (ConfUtils.java:logGet(43)) - raft.server.log.segment.size.max = 1048576 (custom)
2019-09-26 19:35:53,474 [pool-261-thread-1] INFO  server.RaftServerConfigKeys (ConfUtils.java:logGet(43)) - raft.server.log.preallocated.size = 16384 (custom)
2019-09-26 19:35:53,474 [pool-261-thread-1] INFO  server.RaftServerConfigKeys (ConfUtils.java:logGet(43)) - raft.server.log.write.buffer.size = 33554432 (custom)
2019-09-26 19:35:53,474 [pool-261-thread-1] INFO  server.RaftServerConfigKeys (ConfUtils.java:logGet(43)) - raft.server.log.force.sync.num = 128 (default)
2019-09-26 19:35:53,474 [pool-261-thread-1] INFO  server.RaftServerConfigKeys (ConfUtils.java:logGet(43)) - raft.server.log.statemachine.data.sync = true (default)
2019-09-26 19:35:53,474 [pool-261-thread-1] INFO  server.RaftServerConfigKeys (ConfUtils.java:logGet(43)) - raft.server.log.statemachine.data.sync.timeout = 10s (default)
2019-09-26 19:35:53,474 [pool-261-thread-1] INFO  server.RaftServerConfigKeys (ConfUtils.java:logGet(43)) - raft.server.log.statemachine.data.sync.timeout.retry = -1 (default)
2019-09-26 19:35:53,475 [pool-261-thread-1] INFO  server.RaftServerConfigKeys (ConfUtils.java:logGet(43)) - raft.server.log.statemachine.data.caching.enabled = true (custom)
2019-09-26 19:35:53,475 [pool-261-thread-1] INFO  segmented.SegmentedRaftLogWorker (SegmentedRaftLogWorker.java:lambda$new$0(132)) - 27cb48db-4b88-4c0c-b213-19f9b2fffaff@group-3EC97AFE12DC-SegmentedRaftLogWorker: flushIndex: setUnconditionally 0 -> -1
2019-09-26 19:35:53,475 [pool-261-thread-1] INFO  server.RaftServerConfigKeys (ConfUtils.java:logGet(43)) - raft.server.snapshot.auto.trigger.enabled = true (custom)
2019-09-26 19:35:53,475 [pool-261-thread-1] INFO  server.RaftServerConfigKeys (ConfUtils.java:logGet(43)) - raft.server.snapshot.auto.trigger.threshold = 10000 (custom)
2019-09-26 19:35:53,475 [pool-261-thread-1] INFO  server.RaftServerConfigKeys (ConfUtils.java:logGet(43)) - raft.server.snapshot.retention.num.files = 5 (custom)
2019-09-26 19:35:53,475 [pool-261-thread-1] INFO  server.RaftServerConfigKeys (ConfUtils.java:logGet(43)) - raft.server.retrycache.expirytime = 600000ms (custom)
2019-09-26 19:35:53,477 [pool-261-thread-1] INFO  impl.RaftServerImpl (RaftServerImpl.java:start(185)) - 27cb48db-4b88-4c0c-b213-19f9b2fffaff@group-3EC97AFE12DC: start as a follower, conf=-1: [27cb48db-4b88-4c0c-b213-19f9b2fffaff:192.168.151.99:37457], old=null
2019-09-26 19:35:53,478 [pool-261-thread-1] INFO  impl.RaftServerImpl (RaftServerImpl.java:setRole(174)) - 27cb48db-4b88-4c0c-b213-19f9b2fffaff@group-3EC97AFE12DC: changes role from      null to FOLLOWER at term 0 for startAsFollower
2019-09-26 19:35:53,478 [pool-261-thread-1] INFO  impl.RoleInfo (RoleInfo.java:updateAndGet(143)) - 27cb48db-4b88-4c0c-b213-19f9b2fffaff: start FollowerState
2019-09-26 19:35:53,478 [pool-261-thread-1] INFO  util.JmxRegister (JmxRegister.java:tryRegister(44)) - Successfully registered JMX Bean with object name Ratis:service=RaftServer,group=group-3EC97AFE12DC,id=27cb48db-4b88-4c0c-b213-19f9b2fffaff
2019-09-26 19:35:53,479 [RatisPipelineUtilsThread] INFO  pipeline.PipelineStateManager (PipelineStateManager.java:addPipeline(56)) - Created pipeline Pipeline[ Id: c812c2fd-ce78-4ff4-a82e-3ec97afe12dc, Nodes: 27cb48db-4b88-4c0c-b213-19f9b2fffaff{ip: 192.168.151.99, host: pr-hdds-1569-g6sp5-2013761785, networkLocation: /rack1, certSerialId: null}, Type:RATIS, Factor:ONE, State:OPEN]
2019-09-26 19:35:53,482 [grpc-default-executor-2] INFO  impl.RaftServerProxy (RaftServerProxy.java:addNew(89)) - 27cb48db-4b88-4c0c-b213-19f9b2fffaff: addNew group-808F1472CAB5:[27cb48db-4b88-4c0c-b213-19f9b2fffaff:192.168.151.99:37457] returns group-808F1472CAB5:java.util.concurrent.CompletableFuture@31b5079e[Not completed]
2019-09-26 19:35:53,483 [pool-261-thread-1] INFO  impl.RaftServerImpl (RaftServerImpl.java:<init>(95)) - 27cb48db-4b88-4c0c-b213-19f9b2fffaff: new RaftServerImpl for group-808F1472CAB5:[27cb48db-4b88-4c0c-b213-19f9b2fffaff:192.168.151.99:37457] with ContainerStateMachine:uninitialized
2019-09-26 19:35:53,483 [pool-261-thread-1] INFO  server.RaftServerConfigKeys (ConfUtils.java:logGet(43)) - raft.server.rpc.timeout.min = 5s (custom)
2019-09-26 19:35:53,483 [pool-261-thread-1] INFO  server.RaftServerConfigKeys (ConfUtils.java:logGet(43)) - raft.server.rpc.timeout.max = 5200ms (custom)
2019-09-26 19:35:53,483 [pool-261-thread-1] INFO  server.RaftServerConfigKeys (ConfUtils.java:logGet(43)) - raft.server.rpcslowness.timeout = 120s (custom)
2019-09-26 19:35:53,483 [pool-261-thread-1] INFO  server.RaftServerConfigKeys (ConfUtils.java:logGet(43)) - raft.server.sleep.deviation.threshold = 300 (default)
2019-09-26 19:35:53,483 [pool-261-thread-1] INFO  server.RaftServerConfigKeys (ConfUtils.java:logGet(43)) - raft.server.log.appender.install.snapshot.enabled = false (custom)
2019-09-26 19:35:53,484 [pool-261-thread-1] INFO  impl.RaftServerImpl (ServerState.java:<init>(103)) - 27cb48db-4b88-4c0c-b213-19f9b2fffaff@group-808F1472CAB5: ConfigurationManager, init=-1: [27cb48db-4b88-4c0c-b213-19f9b2fffaff:192.168.151.99:37457], old=null, confs=<EMPTY_MAP>
2019-09-26 19:35:53,484 [pool-261-thread-1] INFO  server.RaftServerConfigKeys (ConfUtils.java:logGet(43)) - raft.server.storage.dir = [/workdir/hadoop-ozone/integration-test/target/test-dir/MiniOzoneClusterImpl-2f79a7d3-d7ae-4963-8370-12bb1e2132d7/datanode-0/data/ratis] (custom)
2019-09-26 19:35:53,484 [pool-261-thread-1] INFO  storage.RaftStorageDirectory (RaftStorageDirectory.java:analyzeStorage(246)) - The storage directory /workdir/hadoop-ozone/integration-test/target/test-dir/MiniOzoneClusterImpl-2f79a7d3-d7ae-4963-8370-12bb1e2132d7/datanode-0/data/ratis/104142b5-808a-4296-a0d8-808f1472cab5 does not exist. Creating ...
2019-09-26 19:35:53,497 [pool-261-thread-1] INFO  storage.RaftStorageDirectory (RaftStorageDirectory.java:tryLock(328)) - Lock on /workdir/hadoop-ozone/integration-test/target/test-dir/MiniOzoneClusterImpl-2f79a7d3-d7ae-4963-8370-12bb1e2132d7/datanode-0/data/ratis/104142b5-808a-4296-a0d8-808f1472cab5/in_use.lock acquired by nodename 17888@pr-hdds-1569-g6sp5-2013761785
2019-09-26 19:35:53,510 [pool-261-thread-1] INFO  storage.RaftStorage (RaftStorage.java:format(72)) - Storage directory /workdir/hadoop-ozone/integration-test/target/test-dir/MiniOzoneClusterImpl-2f79a7d3-d7ae-4963-8370-12bb1e2132d7/datanode-0/data/ratis/104142b5-808a-4296-a0d8-808f1472cab5 has been successfully formatted.
2019-09-26 19:35:53,511 [pool-261-thread-1] INFO  ratis.ContainerStateMachine (ContainerStateMachine.java:loadSnapshot(230)) - group-808F1472CAB5: The snapshot info is null. Setting the last applied indexto:(t:0, i:~)
2019-09-26 19:35:53,511 [pool-261-thread-1] INFO  server.RaftServerConfigKeys (ConfUtils.java:logGet(43)) - raft.server.notification.no-leader.timeout = 120s (custom)
2019-09-26 19:35:53,511 [pool-261-thread-1] INFO  server.RaftServerConfigKeys (ConfUtils.java:logGet(43)) - raft.server.log.use.memory = false (default)
2019-09-26 19:35:53,511 [pool-261-thread-1] INFO  server.RaftServerConfigKeys (ConfUtils.java:logGet(43)) - raft.server.log.purge.gap = 1000000 (custom)
2019-09-26 19:35:53,511 [pool-261-thread-1] INFO  server.RaftServerConfigKeys (ConfUtils.java:logGet(43)) - raft.server.log.appender.buffer.byte-limit = 33554432 (custom)
2019-09-26 19:35:53,511 [pool-261-thread-1] INFO  server.RaftServerConfigKeys (ConfUtils.java:logGet(43)) - raft.server.log.segment.size.max = 1048576 (custom)
2019-09-26 19:35:53,511 [pool-261-thread-1] INFO  server.RaftServerConfigKeys (ConfUtils.java:logGet(43)) - raft.server.log.segment.cache.num.max = 2 (custom)
2019-09-26 19:35:53,511 [pool-261-thread-1] INFO  segmented.SegmentedRaftLogWorker (SegmentedRaftLogWorker.java:<init>(172)) - new 27cb48db-4b88-4c0c-b213-19f9b2fffaff@group-808F1472CAB5-SegmentedRaftLogWorker for RaftStorage:Storage Directory /workdir/hadoop-ozone/integration-test/target/test-dir/MiniOzoneClusterImpl-2f79a7d3-d7ae-4963-8370-12bb1e2132d7/datanode-0/data/ratis/104142b5-808a-4296-a0d8-808f1472cab5
2019-09-26 19:35:53,512 [pool-261-thread-1] INFO  server.RaftServerConfigKeys (ConfUtils.java:logGet(43)) - raft.server.log.queue.byte-limit = 2147483647 (custom)
2019-09-26 19:35:53,512 [pool-261-thread-1] INFO  server.RaftServerConfigKeys (ConfUtils.java:logGet(43)) - raft.server.log.queue.element-limit = 1024 (custom)
2019-09-26 19:35:53,512 [pool-261-thread-1] INFO  server.RaftServerConfigKeys (ConfUtils.java:logGet(43)) - raft.server.log.segment.size.max = 1048576 (custom)
2019-09-26 19:35:53,512 [pool-261-thread-1] INFO  server.RaftServerConfigKeys (ConfUtils.java:logGet(43)) - raft.server.log.preallocated.size = 16384 (custom)
2019-09-26 19:35:53,512 [pool-261-thread-1] INFO  server.RaftServerConfigKeys (ConfUtils.java:logGet(43)) - raft.server.log.write.buffer.size = 33554432 (custom)
2019-09-26 19:35:53,512 [pool-261-thread-1] INFO  server.RaftServerConfigKeys (ConfUtils.java:logGet(43)) - raft.server.log.force.sync.num = 128 (default)
2019-09-26 19:35:53,512 [pool-261-thread-1] INFO  server.RaftServerConfigKeys (ConfUtils.java:logGet(43)) - raft.server.log.statemachine.data.sync = true (default)
2019-09-26 19:35:53,512 [pool-261-thread-1] INFO  server.RaftServerConfigKeys (ConfUtils.java:logGet(43)) - raft.server.log.statemachine.data.sync.timeout = 10s (default)
2019-09-26 19:35:53,512 [pool-261-thread-1] INFO  server.RaftServerConfigKeys (ConfUtils.java:logGet(43)) - raft.server.log.statemachine.data.sync.timeout.retry = -1 (default)
2019-09-26 19:35:53,513 [pool-261-thread-1] INFO  server.RaftServerConfigKeys (ConfUtils.java:logGet(43)) - raft.server.log.statemachine.data.caching.enabled = true (custom)
2019-09-26 19:35:53,513 [pool-261-thread-1] INFO  segmented.SegmentedRaftLogWorker (SegmentedRaftLogWorker.java:lambda$new$0(132)) - 27cb48db-4b88-4c0c-b213-19f9b2fffaff@group-808F1472CAB5-SegmentedRaftLogWorker: flushIndex: setUnconditionally 0 -> -1
2019-09-26 19:35:53,513 [pool-261-thread-1] INFO  server.RaftServerConfigKeys (ConfUtils.java:logGet(43)) - raft.server.snapshot.auto.trigger.enabled = true (custom)
2019-09-26 19:35:53,513 [pool-261-thread-1] INFO  server.RaftServerConfigKeys (ConfUtils.java:logGet(43)) - raft.server.snapshot.auto.trigger.threshold = 10000 (custom)
2019-09-26 19:35:53,513 [pool-261-thread-1] INFO  server.RaftServerConfigKeys (ConfUtils.java:logGet(43)) - raft.server.snapshot.retention.num.files = 5 (custom)
2019-09-26 19:35:53,513 [pool-261-thread-1] INFO  server.RaftServerConfigKeys (ConfUtils.java:logGet(43)) - raft.server.retrycache.expirytime = 600000ms (custom)
2019-09-26 19:35:53,515 [pool-261-thread-1] INFO  impl.RaftServerImpl (RaftServerImpl.java:start(185)) - 27cb48db-4b88-4c0c-b213-19f9b2fffaff@group-808F1472CAB5: start as a follower, conf=-1: [27cb48db-4b88-4c0c-b213-19f9b2fffaff:192.168.151.99:37457], old=null
2019-09-26 19:35:53,515 [pool-261-thread-1] INFO  impl.RaftServerImpl (RaftServerImpl.java:setRole(174)) - 27cb48db-4b88-4c0c-b213-19f9b2fffaff@group-808F1472CAB5: changes role from      null to FOLLOWER at term 0 for startAsFollower
2019-09-26 19:35:53,515 [pool-261-thread-1] INFO  impl.RoleInfo (RoleInfo.java:updateAndGet(143)) - 27cb48db-4b88-4c0c-b213-19f9b2fffaff: start FollowerState
2019-09-26 19:35:53,515 [pool-261-thread-1] INFO  util.JmxRegister (JmxRegister.java:tryRegister(44)) - Successfully registered JMX Bean with object name Ratis:service=RaftServer,group=group-808F1472CAB5,id=27cb48db-4b88-4c0c-b213-19f9b2fffaff
2019-09-26 19:35:53,517 [RatisPipelineUtilsThread] INFO  pipeline.PipelineStateManager (PipelineStateManager.java:addPipeline(56)) - Created pipeline Pipeline[ Id: 104142b5-808a-4296-a0d8-808f1472cab5, Nodes: 27cb48db-4b88-4c0c-b213-19f9b2fffaff{ip: 192.168.151.99, host: pr-hdds-1569-g6sp5-2013761785, networkLocation: /rack1, certSerialId: null}, Type:RATIS, Factor:ONE, State:OPEN]
2019-09-26 19:35:53,519 [grpc-default-executor-2] INFO  impl.RaftServerProxy (RaftServerProxy.java:addNew(89)) - 27cb48db-4b88-4c0c-b213-19f9b2fffaff: addNew group-972F72A7E5D8:[27cb48db-4b88-4c0c-b213-19f9b2fffaff:192.168.151.99:37457] returns group-972F72A7E5D8:java.util.concurrent.CompletableFuture@2102e3c3[Not completed]
2019-09-26 19:35:53,520 [pool-261-thread-1] INFO  impl.RaftServerImpl (RaftServerImpl.java:<init>(95)) - 27cb48db-4b88-4c0c-b213-19f9b2fffaff: new RaftServerImpl for group-972F72A7E5D8:[27cb48db-4b88-4c0c-b213-19f9b2fffaff:192.168.151.99:37457] with ContainerStateMachine:uninitialized
2019-09-26 19:35:53,520 [pool-261-thread-1] INFO  server.RaftServerConfigKeys (ConfUtils.java:logGet(43)) - raft.server.rpc.timeout.min = 5s (custom)
2019-09-26 19:35:53,520 [pool-261-thread-1] INFO  server.RaftServerConfigKeys (ConfUtils.java:logGet(43)) - raft.server.rpc.timeout.max = 5200ms (custom)
2019-09-26 19:35:53,520 [pool-261-thread-1] INFO  server.RaftServerConfigKeys (ConfUtils.java:logGet(43)) - raft.server.rpcslowness.timeout = 120s (custom)
2019-09-26 19:35:53,520 [pool-261-thread-1] INFO  server.RaftServerConfigKeys (ConfUtils.java:logGet(43)) - raft.server.sleep.deviation.threshold = 300 (default)
2019-09-26 19:35:53,520 [pool-261-thread-1] INFO  server.RaftServerConfigKeys (ConfUtils.java:logGet(43)) - raft.server.log.appender.install.snapshot.enabled = false (custom)
2019-09-26 19:35:53,520 [pool-261-thread-1] INFO  impl.RaftServerImpl (ServerState.java:<init>(103)) - 27cb48db-4b88-4c0c-b213-19f9b2fffaff@group-972F72A7E5D8: ConfigurationManager, init=-1: [27cb48db-4b88-4c0c-b213-19f9b2fffaff:192.168.151.99:37457], old=null, confs=<EMPTY_MAP>
2019-09-26 19:35:53,521 [pool-261-thread-1] INFO  server.RaftServerConfigKeys (ConfUtils.java:logGet(43)) - raft.server.storage.dir = [/workdir/hadoop-ozone/integration-test/target/test-dir/MiniOzoneClusterImpl-2f79a7d3-d7ae-4963-8370-12bb1e2132d7/datanode-0/data/ratis] (custom)
2019-09-26 19:35:53,521 [pool-261-thread-1] INFO  storage.RaftStorageDirectory (RaftStorageDirectory.java:analyzeStorage(246)) - The storage directory /workdir/hadoop-ozone/integration-test/target/test-dir/MiniOzoneClusterImpl-2f79a7d3-d7ae-4963-8370-12bb1e2132d7/datanode-0/data/ratis/6121002f-6570-4c40-9ccc-972f72a7e5d8 does not exist. Creating ...
2019-09-26 19:35:53,534 [pool-261-thread-1] INFO  storage.RaftStorageDirectory (RaftStorageDirectory.java:tryLock(328)) - Lock on /workdir/hadoop-ozone/integration-test/target/test-dir/MiniOzoneClusterImpl-2f79a7d3-d7ae-4963-8370-12bb1e2132d7/datanode-0/data/ratis/6121002f-6570-4c40-9ccc-972f72a7e5d8/in_use.lock acquired by nodename 17888@pr-hdds-1569-g6sp5-2013761785
2019-09-26 19:35:53,547 [pool-261-thread-1] INFO  storage.RaftStorage (RaftStorage.java:format(72)) - Storage directory /workdir/hadoop-ozone/integration-test/target/test-dir/MiniOzoneClusterImpl-2f79a7d3-d7ae-4963-8370-12bb1e2132d7/datanode-0/data/ratis/6121002f-6570-4c40-9ccc-972f72a7e5d8 has been successfully formatted.
2019-09-26 19:35:53,548 [pool-261-thread-1] INFO  ratis.ContainerStateMachine (ContainerStateMachine.java:loadSnapshot(230)) - group-972F72A7E5D8: The snapshot info is null. Setting the last applied indexto:(t:0, i:~)
2019-09-26 19:35:53,548 [pool-261-thread-1] INFO  server.RaftServerConfigKeys (ConfUtils.java:logGet(43)) - raft.server.notification.no-leader.timeout = 120s (custom)
2019-09-26 19:35:53,548 [pool-261-thread-1] INFO  server.RaftServerConfigKeys (ConfUtils.java:logGet(43)) - raft.server.log.use.memory = false (default)
2019-09-26 19:35:53,548 [pool-261-thread-1] INFO  server.RaftServerConfigKeys (ConfUtils.java:logGet(43)) - raft.server.log.purge.gap = 1000000 (custom)
2019-09-26 19:35:53,548 [pool-261-thread-1] INFO  server.RaftServerConfigKeys (ConfUtils.java:logGet(43)) - raft.server.log.appender.buffer.byte-limit = 33554432 (custom)
2019-09-26 19:35:53,548 [pool-261-thread-1] INFO  server.RaftServerConfigKeys (ConfUtils.java:logGet(43)) - raft.server.log.segment.size.max = 1048576 (custom)
2019-09-26 19:35:53,548 [pool-261-thread-1] INFO  server.RaftServerConfigKeys (ConfUtils.java:logGet(43)) - raft.server.log.segment.cache.num.max = 2 (custom)
2019-09-26 19:35:53,549 [pool-261-thread-1] INFO  segmented.SegmentedRaftLogWorker (SegmentedRaftLogWorker.java:<init>(172)) - new 27cb48db-4b88-4c0c-b213-19f9b2fffaff@group-972F72A7E5D8-SegmentedRaftLogWorker for RaftStorage:Storage Directory /workdir/hadoop-ozone/integration-test/target/test-dir/MiniOzoneClusterImpl-2f79a7d3-d7ae-4963-8370-12bb1e2132d7/datanode-0/data/ratis/6121002f-6570-4c40-9ccc-972f72a7e5d8
2019-09-26 19:35:53,549 [pool-261-thread-1] INFO  server.RaftServerConfigKeys (ConfUtils.java:logGet(43)) - raft.server.log.queue.byte-limit = 2147483647 (custom)
2019-09-26 19:35:53,549 [pool-261-thread-1] INFO  server.RaftServerConfigKeys (ConfUtils.java:logGet(43)) - raft.server.log.queue.element-limit = 1024 (custom)
2019-09-26 19:35:53,549 [pool-261-thread-1] INFO  server.RaftServerConfigKeys (ConfUtils.java:logGet(43)) - raft.server.log.segment.size.max = 1048576 (custom)
2019-09-26 19:35:53,549 [pool-261-thread-1] INFO  server.RaftServerConfigKeys (ConfUtils.java:logGet(43)) - raft.server.log.preallocated.size = 16384 (custom)
2019-09-26 19:35:53,549 [pool-261-thread-1] INFO  server.RaftServerConfigKeys (ConfUtils.java:logGet(43)) - raft.server.log.write.buffer.size = 33554432 (custom)
2019-09-26 19:35:53,549 [pool-261-thread-1] INFO  server.RaftServerConfigKeys (ConfUtils.java:logGet(43)) - raft.server.log.force.sync.num = 128 (default)
2019-09-26 19:35:53,550 [pool-261-thread-1] INFO  server.RaftServerConfigKeys (ConfUtils.java:logGet(43)) - raft.server.log.statemachine.data.sync = true (default)
2019-09-26 19:35:53,550 [pool-261-thread-1] INFO  server.RaftServerConfigKeys (ConfUtils.java:logGet(43)) - raft.server.log.statemachine.data.sync.timeout = 10s (default)
2019-09-26 19:35:53,550 [pool-261-thread-1] INFO  server.RaftServerConfigKeys (ConfUtils.java:logGet(43)) - raft.server.log.statemachine.data.sync.timeout.retry = -1 (default)
2019-09-26 19:35:53,550 [pool-261-thread-1] INFO  server.RaftServerConfigKeys (ConfUtils.java:logGet(43)) - raft.server.log.statemachine.data.caching.enabled = true (custom)
2019-09-26 19:35:53,550 [pool-261-thread-1] INFO  segmented.SegmentedRaftLogWorker (SegmentedRaftLogWorker.java:lambda$new$0(132)) - 27cb48db-4b88-4c0c-b213-19f9b2fffaff@group-972F72A7E5D8-SegmentedRaftLogWorker: flushIndex: setUnconditionally 0 -> -1
2019-09-26 19:35:53,551 [pool-261-thread-1] INFO  server.RaftServerConfigKeys (ConfUtils.java:logGet(43)) - raft.server.snapshot.auto.trigger.enabled = true (custom)
2019-09-26 19:35:53,551 [pool-261-thread-1] INFO  server.RaftServerConfigKeys (ConfUtils.java:logGet(43)) - raft.server.snapshot.auto.trigger.threshold = 10000 (custom)
2019-09-26 19:35:53,551 [pool-261-thread-1] INFO  server.RaftServerConfigKeys (ConfUtils.java:logGet(43)) - raft.server.snapshot.retention.num.files = 5 (custom)
2019-09-26 19:35:53,551 [pool-261-thread-1] INFO  server.RaftServerConfigKeys (ConfUtils.java:logGet(43)) - raft.server.retrycache.expirytime = 600000ms (custom)
2019-09-26 19:35:53,553 [pool-261-thread-1] INFO  impl.RaftServerImpl (RaftServerImpl.java:start(185)) - 27cb48db-4b88-4c0c-b213-19f9b2fffaff@group-972F72A7E5D8: start as a follower, conf=-1: [27cb48db-4b88-4c0c-b213-19f9b2fffaff:192.168.151.99:37457], old=null
2019-09-26 19:35:53,553 [pool-261-thread-1] INFO  impl.RaftServerImpl (RaftServerImpl.java:setRole(174)) - 27cb48db-4b88-4c0c-b213-19f9b2fffaff@group-972F72A7E5D8: changes role from      null to FOLLOWER at term 0 for startAsFollower
2019-09-26 19:35:53,553 [pool-261-thread-1] INFO  impl.RoleInfo (RoleInfo.java:updateAndGet(143)) - 27cb48db-4b88-4c0c-b213-19f9b2fffaff: start FollowerState
2019-09-26 19:35:53,553 [pool-261-thread-1] INFO  util.JmxRegister (JmxRegister.java:tryRegister(44)) - Successfully registered JMX Bean with object name Ratis:service=RaftServer,group=group-972F72A7E5D8,id=27cb48db-4b88-4c0c-b213-19f9b2fffaff
2019-09-26 19:35:53,555 [RatisPipelineUtilsThread] INFO  pipeline.PipelineStateManager (PipelineStateManager.java:addPipeline(56)) - Created pipeline Pipeline[ Id: 6121002f-6570-4c40-9ccc-972f72a7e5d8, Nodes: 27cb48db-4b88-4c0c-b213-19f9b2fffaff{ip: 192.168.151.99, host: pr-hdds-1569-g6sp5-2013761785, networkLocation: /rack1, certSerialId: null}, Type:RATIS, Factor:ONE, State:OPEN]
2019-09-26 19:35:53,557 [grpc-default-executor-2] INFO  impl.RaftServerProxy (RaftServerProxy.java:addNew(89)) - 728ea44c-f097-440a-a87e-c27a68d48f14: addNew group-926C491D45D2:[728ea44c-f097-440a-a87e-c27a68d48f14:192.168.151.99:38783] returns group-926C491D45D2:java.util.concurrent.CompletableFuture@3e023124[Not completed]
2019-09-26 19:35:53,557 [pool-271-thread-1] INFO  impl.RaftServerImpl (RaftServerImpl.java:<init>(95)) - 728ea44c-f097-440a-a87e-c27a68d48f14: new RaftServerImpl for group-926C491D45D2:[728ea44c-f097-440a-a87e-c27a68d48f14:192.168.151.99:38783] with ContainerStateMachine:uninitialized
2019-09-26 19:35:53,558 [pool-271-thread-1] INFO  server.RaftServerConfigKeys (ConfUtils.java:logGet(43)) - raft.server.rpc.timeout.min = 5s (custom)
2019-09-26 19:35:53,558 [pool-271-thread-1] INFO  server.RaftServerConfigKeys (ConfUtils.java:logGet(43)) - raft.server.rpc.timeout.max = 5200ms (custom)
2019-09-26 19:35:53,558 [pool-271-thread-1] INFO  server.RaftServerConfigKeys (ConfUtils.java:logGet(43)) - raft.server.rpcslowness.timeout = 120s (custom)
2019-09-26 19:35:53,558 [pool-271-thread-1] INFO  server.RaftServerConfigKeys (ConfUtils.java:logGet(43)) - raft.server.sleep.deviation.threshold = 300 (default)
2019-09-26 19:35:53,558 [pool-271-thread-1] INFO  server.RaftServerConfigKeys (ConfUtils.java:logGet(43)) - raft.server.log.appender.install.snapshot.enabled = false (custom)
2019-09-26 19:35:53,558 [pool-271-thread-1] INFO  impl.RaftServerImpl (ServerState.java:<init>(103)) - 728ea44c-f097-440a-a87e-c27a68d48f14@group-926C491D45D2: ConfigurationManager, init=-1: [728ea44c-f097-440a-a87e-c27a68d48f14:192.168.151.99:38783], old=null, confs=<EMPTY_MAP>
2019-09-26 19:35:53,558 [pool-271-thread-1] INFO  server.RaftServerConfigKeys (ConfUtils.java:logGet(43)) - raft.server.storage.dir = [/workdir/hadoop-ozone/integration-test/target/test-dir/MiniOzoneClusterImpl-2f79a7d3-d7ae-4963-8370-12bb1e2132d7/datanode-1/data/ratis] (custom)
2019-09-26 19:35:53,559 [pool-271-thread-1] INFO  storage.RaftStorageDirectory (RaftStorageDirectory.java:analyzeStorage(246)) - The storage directory /workdir/hadoop-ozone/integration-test/target/test-dir/MiniOzoneClusterImpl-2f79a7d3-d7ae-4963-8370-12bb1e2132d7/datanode-1/data/ratis/7935c395-6414-492a-99dc-926c491d45d2 does not exist. Creating ...
2019-09-26 19:35:53,571 [pool-271-thread-1] INFO  storage.RaftStorageDirectory (RaftStorageDirectory.java:tryLock(328)) - Lock on /workdir/hadoop-ozone/integration-test/target/test-dir/MiniOzoneClusterImpl-2f79a7d3-d7ae-4963-8370-12bb1e2132d7/datanode-1/data/ratis/7935c395-6414-492a-99dc-926c491d45d2/in_use.lock acquired by nodename 17888@pr-hdds-1569-g6sp5-2013761785
2019-09-26 19:35:53,584 [pool-271-thread-1] INFO  storage.RaftStorage (RaftStorage.java:format(72)) - Storage directory /workdir/hadoop-ozone/integration-test/target/test-dir/MiniOzoneClusterImpl-2f79a7d3-d7ae-4963-8370-12bb1e2132d7/datanode-1/data/ratis/7935c395-6414-492a-99dc-926c491d45d2 has been successfully formatted.
2019-09-26 19:35:53,584 [pool-271-thread-1] INFO  ratis.ContainerStateMachine (ContainerStateMachine.java:loadSnapshot(230)) - group-926C491D45D2: The snapshot info is null. Setting the last applied indexto:(t:0, i:~)
2019-09-26 19:35:53,585 [pool-271-thread-1] INFO  server.RaftServerConfigKeys (ConfUtils.java:logGet(43)) - raft.server.notification.no-leader.timeout = 120s (custom)
2019-09-26 19:35:53,585 [pool-271-thread-1] INFO  server.RaftServerConfigKeys (ConfUtils.java:logGet(43)) - raft.server.log.use.memory = false (default)
2019-09-26 19:35:53,585 [pool-271-thread-1] INFO  server.RaftServerConfigKeys (ConfUtils.java:logGet(43)) - raft.server.log.purge.gap = 1000000 (custom)
2019-09-26 19:35:53,585 [pool-271-thread-1] INFO  server.RaftServerConfigKeys (ConfUtils.java:logGet(43)) - raft.server.log.appender.buffer.byte-limit = 33554432 (custom)
2019-09-26 19:35:53,585 [pool-271-thread-1] INFO  server.RaftServerConfigKeys (ConfUtils.java:logGet(43)) - raft.server.log.segment.size.max = 1048576 (custom)
2019-09-26 19:35:53,585 [pool-271-thread-1] INFO  server.RaftServerConfigKeys (ConfUtils.java:logGet(43)) - raft.server.log.segment.cache.num.max = 2 (custom)
2019-09-26 19:35:53,585 [pool-271-thread-1] INFO  segmented.SegmentedRaftLogWorker (SegmentedRaftLogWorker.java:<init>(172)) - new 728ea44c-f097-440a-a87e-c27a68d48f14@group-926C491D45D2-SegmentedRaftLogWorker for RaftStorage:Storage Directory /workdir/hadoop-ozone/integration-test/target/test-dir/MiniOzoneClusterImpl-2f79a7d3-d7ae-4963-8370-12bb1e2132d7/datanode-1/data/ratis/7935c395-6414-492a-99dc-926c491d45d2
2019-09-26 19:35:53,585 [pool-271-thread-1] INFO  server.RaftServerConfigKeys (ConfUtils.java:logGet(43)) - raft.server.log.queue.byte-limit = 2147483647 (custom)
2019-09-26 19:35:53,585 [pool-271-thread-1] INFO  server.RaftServerConfigKeys (ConfUtils.java:logGet(43)) - raft.server.log.queue.element-limit = 1024 (custom)
2019-09-26 19:35:53,586 [pool-271-thread-1] INFO  server.RaftServerConfigKeys (ConfUtils.java:logGet(43)) - raft.server.log.segment.size.max = 1048576 (custom)
2019-09-26 19:35:53,586 [pool-271-thread-1] INFO  server.RaftServerConfigKeys (ConfUtils.java:logGet(43)) - raft.server.log.preallocated.size = 16384 (custom)
2019-09-26 19:35:53,586 [pool-271-thread-1] INFO  server.RaftServerConfigKeys (ConfUtils.java:logGet(43)) - raft.server.log.write.buffer.size = 33554432 (custom)
2019-09-26 19:35:53,586 [pool-271-thread-1] INFO  server.RaftServerConfigKeys (ConfUtils.java:logGet(43)) - raft.server.log.force.sync.num = 128 (default)
2019-09-26 19:35:53,586 [pool-271-thread-1] INFO  server.RaftServerConfigKeys (ConfUtils.java:logGet(43)) - raft.server.log.statemachine.data.sync = true (default)
2019-09-26 19:35:53,586 [pool-271-thread-1] INFO  server.RaftServerConfigKeys (ConfUtils.java:logGet(43)) - raft.server.log.statemachine.data.sync.timeout = 10s (default)
2019-09-26 19:35:53,586 [pool-271-thread-1] INFO  server.RaftServerConfigKeys (ConfUtils.java:logGet(43)) - raft.server.log.statemachine.data.sync.timeout.retry = -1 (default)
2019-09-26 19:35:53,586 [pool-271-thread-1] INFO  server.RaftServerConfigKeys (ConfUtils.java:logGet(43)) - raft.server.log.statemachine.data.caching.enabled = true (custom)
2019-09-26 19:35:53,586 [pool-271-thread-1] INFO  segmented.SegmentedRaftLogWorker (SegmentedRaftLogWorker.java:lambda$new$0(132)) - 728ea44c-f097-440a-a87e-c27a68d48f14@group-926C491D45D2-SegmentedRaftLogWorker: flushIndex: setUnconditionally 0 -> -1
2019-09-26 19:35:53,587 [pool-271-thread-1] INFO  server.RaftServerConfigKeys (ConfUtils.java:logGet(43)) - raft.server.snapshot.auto.trigger.enabled = true (custom)
2019-09-26 19:35:53,587 [pool-271-thread-1] INFO  server.RaftServerConfigKeys (ConfUtils.java:logGet(43)) - raft.server.snapshot.auto.trigger.threshold = 10000 (custom)
2019-09-26 19:35:53,587 [pool-271-thread-1] INFO  server.RaftServerConfigKeys (ConfUtils.java:logGet(43)) - raft.server.snapshot.retention.num.files = 5 (custom)
2019-09-26 19:35:53,587 [pool-271-thread-1] INFO  server.RaftServerConfigKeys (ConfUtils.java:logGet(43)) - raft.server.retrycache.expirytime = 600000ms (custom)
2019-09-26 19:35:53,588 [pool-271-thread-1] INFO  impl.RaftServerImpl (RaftServerImpl.java:start(185)) - 728ea44c-f097-440a-a87e-c27a68d48f14@group-926C491D45D2: start as a follower, conf=-1: [728ea44c-f097-440a-a87e-c27a68d48f14:192.168.151.99:38783], old=null
2019-09-26 19:35:53,588 [pool-271-thread-1] INFO  impl.RaftServerImpl (RaftServerImpl.java:setRole(174)) - 728ea44c-f097-440a-a87e-c27a68d48f14@group-926C491D45D2: changes role from      null to FOLLOWER at term 0 for startAsFollower
2019-09-26 19:35:53,588 [pool-271-thread-1] INFO  impl.RoleInfo (RoleInfo.java:updateAndGet(143)) - 728ea44c-f097-440a-a87e-c27a68d48f14: start FollowerState
2019-09-26 19:35:53,589 [pool-271-thread-1] INFO  util.JmxRegister (JmxRegister.java:tryRegister(44)) - Successfully registered JMX Bean with object name Ratis:service=RaftServer,group=group-926C491D45D2,id=728ea44c-f097-440a-a87e-c27a68d48f14
2019-09-26 19:35:53,590 [RatisPipelineUtilsThread] INFO  pipeline.PipelineStateManager (PipelineStateManager.java:addPipeline(56)) - Created pipeline Pipeline[ Id: 7935c395-6414-492a-99dc-926c491d45d2, Nodes: 728ea44c-f097-440a-a87e-c27a68d48f14{ip: 192.168.151.99, host: pr-hdds-1569-g6sp5-2013761785, networkLocation: /rack1, certSerialId: null}, Type:RATIS, Factor:ONE, State:OPEN]
2019-09-26 19:35:53,592 [grpc-default-executor-2] INFO  impl.RaftServerProxy (RaftServerProxy.java:addNew(89)) - 27cb48db-4b88-4c0c-b213-19f9b2fffaff: addNew group-659EE9345AEF:[27cb48db-4b88-4c0c-b213-19f9b2fffaff:192.168.151.99:37457] returns group-659EE9345AEF:java.util.concurrent.CompletableFuture@4dc9a6e2[Not completed]
2019-09-26 19:35:53,593 [pool-261-thread-1] INFO  impl.RaftServerImpl (RaftServerImpl.java:<init>(95)) - 27cb48db-4b88-4c0c-b213-19f9b2fffaff: new RaftServerImpl for group-659EE9345AEF:[27cb48db-4b88-4c0c-b213-19f9b2fffaff:192.168.151.99:37457] with ContainerStateMachine:uninitialized
2019-09-26 19:35:53,593 [pool-261-thread-1] INFO  server.RaftServerConfigKeys (ConfUtils.java:logGet(43)) - raft.server.rpc.timeout.min = 5s (custom)
2019-09-26 19:35:53,593 [pool-261-thread-1] INFO  server.RaftServerConfigKeys (ConfUtils.java:logGet(43)) - raft.server.rpc.timeout.max = 5200ms (custom)
2019-09-26 19:35:53,593 [pool-261-thread-1] INFO  server.RaftServerConfigKeys (ConfUtils.java:logGet(43)) - raft.server.rpcslowness.timeout = 120s (custom)
2019-09-26 19:35:53,593 [pool-261-thread-1] INFO  server.RaftServerConfigKeys (ConfUtils.java:logGet(43)) - raft.server.sleep.deviation.threshold = 300 (default)
2019-09-26 19:35:53,594 [pool-261-thread-1] INFO  server.RaftServerConfigKeys (ConfUtils.java:logGet(43)) - raft.server.log.appender.install.snapshot.enabled = false (custom)
2019-09-26 19:35:53,594 [pool-261-thread-1] INFO  impl.RaftServerImpl (ServerState.java:<init>(103)) - 27cb48db-4b88-4c0c-b213-19f9b2fffaff@group-659EE9345AEF: ConfigurationManager, init=-1: [27cb48db-4b88-4c0c-b213-19f9b2fffaff:192.168.151.99:37457], old=null, confs=<EMPTY_MAP>
2019-09-26 19:35:53,594 [pool-261-thread-1] INFO  server.RaftServerConfigKeys (ConfUtils.java:logGet(43)) - raft.server.storage.dir = [/workdir/hadoop-ozone/integration-test/target/test-dir/MiniOzoneClusterImpl-2f79a7d3-d7ae-4963-8370-12bb1e2132d7/datanode-0/data/ratis] (custom)
2019-09-26 19:35:53,594 [pool-261-thread-1] INFO  storage.RaftStorageDirectory (RaftStorageDirectory.java:analyzeStorage(246)) - The storage directory /workdir/hadoop-ozone/integration-test/target/test-dir/MiniOzoneClusterImpl-2f79a7d3-d7ae-4963-8370-12bb1e2132d7/datanode-0/data/ratis/5c325276-53f4-450e-a7f7-659ee9345aef does not exist. Creating ...
2019-09-26 19:35:53,605 [pool-261-thread-1] INFO  storage.RaftStorageDirectory (RaftStorageDirectory.java:tryLock(328)) - Lock on /workdir/hadoop-ozone/integration-test/target/test-dir/MiniOzoneClusterImpl-2f79a7d3-d7ae-4963-8370-12bb1e2132d7/datanode-0/data/ratis/5c325276-53f4-450e-a7f7-659ee9345aef/in_use.lock acquired by nodename 17888@pr-hdds-1569-g6sp5-2013761785
2019-09-26 19:35:53,617 [pool-261-thread-1] INFO  storage.RaftStorage (RaftStorage.java:format(72)) - Storage directory /workdir/hadoop-ozone/integration-test/target/test-dir/MiniOzoneClusterImpl-2f79a7d3-d7ae-4963-8370-12bb1e2132d7/datanode-0/data/ratis/5c325276-53f4-450e-a7f7-659ee9345aef has been successfully formatted.
2019-09-26 19:35:53,618 [pool-261-thread-1] INFO  ratis.ContainerStateMachine (ContainerStateMachine.java:loadSnapshot(230)) - group-659EE9345AEF: The snapshot info is null. Setting the last applied indexto:(t:0, i:~)
2019-09-26 19:35:53,618 [pool-261-thread-1] INFO  server.RaftServerConfigKeys (ConfUtils.java:logGet(43)) - raft.server.notification.no-leader.timeout = 120s (custom)
2019-09-26 19:35:53,618 [pool-261-thread-1] INFO  server.RaftServerConfigKeys (ConfUtils.java:logGet(43)) - raft.server.log.use.memory = false (default)
2019-09-26 19:35:53,618 [pool-261-thread-1] INFO  server.RaftServerConfigKeys (ConfUtils.java:logGet(43)) - raft.server.log.purge.gap = 1000000 (custom)
2019-09-26 19:35:53,618 [pool-261-thread-1] INFO  server.RaftServerConfigKeys (ConfUtils.java:logGet(43)) - raft.server.log.appender.buffer.byte-limit = 33554432 (custom)
2019-09-26 19:35:53,618 [pool-261-thread-1] INFO  server.RaftServerConfigKeys (ConfUtils.java:logGet(43)) - raft.server.log.segment.size.max = 1048576 (custom)
2019-09-26 19:35:53,618 [pool-261-thread-1] INFO  server.RaftServerConfigKeys (ConfUtils.java:logGet(43)) - raft.server.log.segment.cache.num.max = 2 (custom)
2019-09-26 19:35:53,618 [pool-261-thread-1] INFO  segmented.SegmentedRaftLogWorker (SegmentedRaftLogWorker.java:<init>(172)) - new 27cb48db-4b88-4c0c-b213-19f9b2fffaff@group-659EE9345AEF-SegmentedRaftLogWorker for RaftStorage:Storage Directory /workdir/hadoop-ozone/integration-test/target/test-dir/MiniOzoneClusterImpl-2f79a7d3-d7ae-4963-8370-12bb1e2132d7/datanode-0/data/ratis/5c325276-53f4-450e-a7f7-659ee9345aef
2019-09-26 19:35:53,619 [pool-261-thread-1] INFO  server.RaftServerConfigKeys (ConfUtils.java:logGet(43)) - raft.server.log.queue.byte-limit = 2147483647 (custom)
2019-09-26 19:35:53,619 [pool-261-thread-1] INFO  server.RaftServerConfigKeys (ConfUtils.java:logGet(43)) - raft.server.log.queue.element-limit = 1024 (custom)
2019-09-26 19:35:53,619 [pool-261-thread-1] INFO  server.RaftServerConfigKeys (ConfUtils.java:logGet(43)) - raft.server.log.segment.size.max = 1048576 (custom)
2019-09-26 19:35:53,619 [pool-261-thread-1] INFO  server.RaftServerConfigKeys (ConfUtils.java:logGet(43)) - raft.server.log.preallocated.size = 16384 (custom)
2019-09-26 19:35:53,619 [pool-261-thread-1] INFO  server.RaftServerConfigKeys (ConfUtils.java:logGet(43)) - raft.server.log.write.buffer.size = 33554432 (custom)
2019-09-26 19:35:53,619 [pool-261-thread-1] INFO  server.RaftServerConfigKeys (ConfUtils.java:logGet(43)) - raft.server.log.force.sync.num = 128 (default)
2019-09-26 19:35:53,619 [pool-261-thread-1] INFO  server.RaftServerConfigKeys (ConfUtils.java:logGet(43)) - raft.server.log.statemachine.data.sync = true (default)
2019-09-26 19:35:53,619 [pool-261-thread-1] INFO  server.RaftServerConfigKeys (ConfUtils.java:logGet(43)) - raft.server.log.statemachine.data.sync.timeout = 10s (default)
2019-09-26 19:35:53,620 [pool-261-thread-1] INFO  server.RaftServerConfigKeys (ConfUtils.java:logGet(43)) - raft.server.log.statemachine.data.sync.timeout.retry = -1 (default)
2019-09-26 19:35:53,620 [pool-261-thread-1] INFO  server.RaftServerConfigKeys (ConfUtils.java:logGet(43)) - raft.server.log.statemachine.data.caching.enabled = true (custom)
2019-09-26 19:35:53,620 [pool-261-thread-1] INFO  segmented.SegmentedRaftLogWorker (SegmentedRaftLogWorker.java:lambda$new$0(132)) - 27cb48db-4b88-4c0c-b213-19f9b2fffaff@group-659EE9345AEF-SegmentedRaftLogWorker: flushIndex: setUnconditionally 0 -> -1
2019-09-26 19:35:53,620 [pool-261-thread-1] INFO  server.RaftServerConfigKeys (ConfUtils.java:logGet(43)) - raft.server.snapshot.auto.trigger.enabled = true (custom)
2019-09-26 19:35:53,620 [pool-261-thread-1] INFO  server.RaftServerConfigKeys (ConfUtils.java:logGet(43)) - raft.server.snapshot.auto.trigger.threshold = 10000 (custom)
2019-09-26 19:35:53,620 [pool-261-thread-1] INFO  server.RaftServerConfigKeys (ConfUtils.java:logGet(43)) - raft.server.snapshot.retention.num.files = 5 (custom)
2019-09-26 19:35:53,621 [pool-261-thread-1] INFO  server.RaftServerConfigKeys (ConfUtils.java:logGet(43)) - raft.server.retrycache.expirytime = 600000ms (custom)
2019-09-26 19:35:53,622 [pool-261-thread-1] INFO  impl.RaftServerImpl (RaftServerImpl.java:start(185)) - 27cb48db-4b88-4c0c-b213-19f9b2fffaff@group-659EE9345AEF: start as a follower, conf=-1: [27cb48db-4b88-4c0c-b213-19f9b2fffaff:192.168.151.99:37457], old=null
2019-09-26 19:35:53,622 [pool-261-thread-1] INFO  impl.RaftServerImpl (RaftServerImpl.java:setRole(174)) - 27cb48db-4b88-4c0c-b213-19f9b2fffaff@group-659EE9345AEF: changes role from      null to FOLLOWER at term 0 for startAsFollower
2019-09-26 19:35:53,622 [pool-261-thread-1] INFO  impl.RoleInfo (RoleInfo.java:updateAndGet(143)) - 27cb48db-4b88-4c0c-b213-19f9b2fffaff: start FollowerState
2019-09-26 19:35:53,623 [pool-261-thread-1] INFO  util.JmxRegister (JmxRegister.java:tryRegister(44)) - Successfully registered JMX Bean with object name Ratis:service=RaftServer,group=group-659EE9345AEF,id=27cb48db-4b88-4c0c-b213-19f9b2fffaff
2019-09-26 19:35:53,624 [RatisPipelineUtilsThread] INFO  pipeline.PipelineStateManager (PipelineStateManager.java:addPipeline(56)) - Created pipeline Pipeline[ Id: 5c325276-53f4-450e-a7f7-659ee9345aef, Nodes: 27cb48db-4b88-4c0c-b213-19f9b2fffaff{ip: 192.168.151.99, host: pr-hdds-1569-g6sp5-2013761785, networkLocation: /rack1, certSerialId: null}, Type:RATIS, Factor:ONE, State:OPEN]
2019-09-26 19:35:53,627 [grpc-default-executor-2] INFO  impl.RaftServerProxy (RaftServerProxy.java:addNew(89)) - 27cb48db-4b88-4c0c-b213-19f9b2fffaff: addNew group-B1574050B134:[27cb48db-4b88-4c0c-b213-19f9b2fffaff:192.168.151.99:37457] returns group-B1574050B134:java.util.concurrent.CompletableFuture@571756f4[Not completed]
2019-09-26 19:35:53,627 [pool-261-thread-1] INFO  impl.RaftServerImpl (RaftServerImpl.java:<init>(95)) - 27cb48db-4b88-4c0c-b213-19f9b2fffaff: new RaftServerImpl for group-B1574050B134:[27cb48db-4b88-4c0c-b213-19f9b2fffaff:192.168.151.99:37457] with ContainerStateMachine:uninitialized
2019-09-26 19:35:53,627 [pool-261-thread-1] INFO  server.RaftServerConfigKeys (ConfUtils.java:logGet(43)) - raft.server.rpc.timeout.min = 5s (custom)
2019-09-26 19:35:53,628 [pool-261-thread-1] INFO  server.RaftServerConfigKeys (ConfUtils.java:logGet(43)) - raft.server.rpc.timeout.max = 5200ms (custom)
2019-09-26 19:35:53,628 [pool-261-thread-1] INFO  server.RaftServerConfigKeys (ConfUtils.java:logGet(43)) - raft.server.rpcslowness.timeout = 120s (custom)
2019-09-26 19:35:53,628 [pool-261-thread-1] INFO  server.RaftServerConfigKeys (ConfUtils.java:logGet(43)) - raft.server.sleep.deviation.threshold = 300 (default)
2019-09-26 19:35:53,628 [pool-261-thread-1] INFO  server.RaftServerConfigKeys (ConfUtils.java:logGet(43)) - raft.server.log.appender.install.snapshot.enabled = false (custom)
2019-09-26 19:35:53,628 [pool-261-thread-1] INFO  impl.RaftServerImpl (ServerState.java:<init>(103)) - 27cb48db-4b88-4c0c-b213-19f9b2fffaff@group-B1574050B134: ConfigurationManager, init=-1: [27cb48db-4b88-4c0c-b213-19f9b2fffaff:192.168.151.99:37457], old=null, confs=<EMPTY_MAP>
2019-09-26 19:35:53,628 [pool-261-thread-1] INFO  server.RaftServerConfigKeys (ConfUtils.java:logGet(43)) - raft.server.storage.dir = [/workdir/hadoop-ozone/integration-test/target/test-dir/MiniOzoneClusterImpl-2f79a7d3-d7ae-4963-8370-12bb1e2132d7/datanode-0/data/ratis] (custom)
2019-09-26 19:35:53,628 [pool-261-thread-1] INFO  storage.RaftStorageDirectory (RaftStorageDirectory.java:analyzeStorage(246)) - The storage directory /workdir/hadoop-ozone/integration-test/target/test-dir/MiniOzoneClusterImpl-2f79a7d3-d7ae-4963-8370-12bb1e2132d7/datanode-0/data/ratis/e0f96763-dcab-4839-b0aa-b1574050b134 does not exist. Creating ...
2019-09-26 19:35:53,636 [pool-261-thread-1] INFO  storage.RaftStorageDirectory (RaftStorageDirectory.java:tryLock(328)) - Lock on /workdir/hadoop-ozone/integration-test/target/test-dir/MiniOzoneClusterImpl-2f79a7d3-d7ae-4963-8370-12bb1e2132d7/datanode-0/data/ratis/e0f96763-dcab-4839-b0aa-b1574050b134/in_use.lock acquired by nodename 17888@pr-hdds-1569-g6sp5-2013761785
2019-09-26 19:35:53,649 [pool-261-thread-1] INFO  storage.RaftStorage (RaftStorage.java:format(72)) - Storage directory /workdir/hadoop-ozone/integration-test/target/test-dir/MiniOzoneClusterImpl-2f79a7d3-d7ae-4963-8370-12bb1e2132d7/datanode-0/data/ratis/e0f96763-dcab-4839-b0aa-b1574050b134 has been successfully formatted.
2019-09-26 19:35:53,649 [pool-261-thread-1] INFO  ratis.ContainerStateMachine (ContainerStateMachine.java:loadSnapshot(230)) - group-B1574050B134: The snapshot info is null. Setting the last applied indexto:(t:0, i:~)
2019-09-26 19:35:53,649 [pool-261-thread-1] INFO  server.RaftServerConfigKeys (ConfUtils.java:logGet(43)) - raft.server.notification.no-leader.timeout = 120s (custom)
2019-09-26 19:35:53,649 [pool-261-thread-1] INFO  server.RaftServerConfigKeys (ConfUtils.java:logGet(43)) - raft.server.log.use.memory = false (default)
2019-09-26 19:35:53,649 [pool-261-thread-1] INFO  server.RaftServerConfigKeys (ConfUtils.java:logGet(43)) - raft.server.log.purge.gap = 1000000 (custom)
2019-09-26 19:35:53,650 [pool-261-thread-1] INFO  server.RaftServerConfigKeys (ConfUtils.java:logGet(43)) - raft.server.log.appender.buffer.byte-limit = 33554432 (custom)
2019-09-26 19:35:53,650 [pool-261-thread-1] INFO  server.RaftServerConfigKeys (ConfUtils.java:logGet(43)) - raft.server.log.segment.size.max = 1048576 (custom)
2019-09-26 19:35:53,650 [pool-261-thread-1] INFO  server.RaftServerConfigKeys (ConfUtils.java:logGet(43)) - raft.server.log.segment.cache.num.max = 2 (custom)
2019-09-26 19:35:53,650 [pool-261-thread-1] INFO  segmented.SegmentedRaftLogWorker (SegmentedRaftLogWorker.java:<init>(172)) - new 27cb48db-4b88-4c0c-b213-19f9b2fffaff@group-B1574050B134-SegmentedRaftLogWorker for RaftStorage:Storage Directory /workdir/hadoop-ozone/integration-test/target/test-dir/MiniOzoneClusterImpl-2f79a7d3-d7ae-4963-8370-12bb1e2132d7/datanode-0/data/ratis/e0f96763-dcab-4839-b0aa-b1574050b134
2019-09-26 19:35:53,650 [pool-261-thread-1] INFO  server.RaftServerConfigKeys (ConfUtils.java:logGet(43)) - raft.server.log.queue.byte-limit = 2147483647 (custom)
2019-09-26 19:35:53,650 [pool-261-thread-1] INFO  server.RaftServerConfigKeys (ConfUtils.java:logGet(43)) - raft.server.log.queue.element-limit = 1024 (custom)
2019-09-26 19:35:53,650 [pool-261-thread-1] INFO  server.RaftServerConfigKeys (ConfUtils.java:logGet(43)) - raft.server.log.segment.size.max = 1048576 (custom)
2019-09-26 19:35:53,651 [pool-261-thread-1] INFO  server.RaftServerConfigKeys (ConfUtils.java:logGet(43)) - raft.server.log.preallocated.size = 16384 (custom)
2019-09-26 19:35:53,651 [pool-261-thread-1] INFO  server.RaftServerConfigKeys (ConfUtils.java:logGet(43)) - raft.server.log.write.buffer.size = 33554432 (custom)
2019-09-26 19:35:53,651 [pool-261-thread-1] INFO  server.RaftServerConfigKeys (ConfUtils.java:logGet(43)) - raft.server.log.force.sync.num = 128 (default)
2019-09-26 19:35:53,651 [pool-261-thread-1] INFO  server.RaftServerConfigKeys (ConfUtils.java:logGet(43)) - raft.server.log.statemachine.data.sync = true (default)
2019-09-26 19:35:53,651 [pool-261-thread-1] INFO  server.RaftServerConfigKeys (ConfUtils.java:logGet(43)) - raft.server.log.statemachine.data.sync.timeout = 10s (default)
2019-09-26 19:35:53,651 [pool-261-thread-1] INFO  server.RaftServerConfigKeys (ConfUtils.java:logGet(43)) - raft.server.log.statemachine.data.sync.timeout.retry = -1 (default)
2019-09-26 19:35:53,652 [pool-261-thread-1] INFO  server.RaftServerConfigKeys (ConfUtils.java:logGet(43)) - raft.server.log.statemachine.data.caching.enabled = true (custom)
2019-09-26 19:35:53,652 [pool-261-thread-1] INFO  segmented.SegmentedRaftLogWorker (SegmentedRaftLogWorker.java:lambda$new$0(132)) - 27cb48db-4b88-4c0c-b213-19f9b2fffaff@group-B1574050B134-SegmentedRaftLogWorker: flushIndex: setUnconditionally 0 -> -1
2019-09-26 19:35:53,652 [pool-261-thread-1] INFO  server.RaftServerConfigKeys (ConfUtils.java:logGet(43)) - raft.server.snapshot.auto.trigger.enabled = true (custom)
2019-09-26 19:35:53,652 [pool-261-thread-1] INFO  server.RaftServerConfigKeys (ConfUtils.java:logGet(43)) - raft.server.snapshot.auto.trigger.threshold = 10000 (custom)
2019-09-26 19:35:53,653 [pool-261-thread-1] INFO  server.RaftServerConfigKeys (ConfUtils.java:logGet(43)) - raft.server.snapshot.retention.num.files = 5 (custom)
2019-09-26 19:35:53,653 [pool-261-thread-1] INFO  server.RaftServerConfigKeys (ConfUtils.java:logGet(43)) - raft.server.retrycache.expirytime = 600000ms (custom)
2019-09-26 19:35:53,654 [pool-261-thread-1] INFO  impl.RaftServerImpl (RaftServerImpl.java:start(185)) - 27cb48db-4b88-4c0c-b213-19f9b2fffaff@group-B1574050B134: start as a follower, conf=-1: [27cb48db-4b88-4c0c-b213-19f9b2fffaff:192.168.151.99:37457], old=null
2019-09-26 19:35:53,655 [pool-261-thread-1] INFO  impl.RaftServerImpl (RaftServerImpl.java:setRole(174)) - 27cb48db-4b88-4c0c-b213-19f9b2fffaff@group-B1574050B134: changes role from      null to FOLLOWER at term 0 for startAsFollower
2019-09-26 19:35:53,655 [pool-261-thread-1] INFO  impl.RoleInfo (RoleInfo.java:updateAndGet(143)) - 27cb48db-4b88-4c0c-b213-19f9b2fffaff: start FollowerState
2019-09-26 19:35:53,655 [pool-261-thread-1] INFO  util.JmxRegister (JmxRegister.java:tryRegister(44)) - Successfully registered JMX Bean with object name Ratis:service=RaftServer,group=group-B1574050B134,id=27cb48db-4b88-4c0c-b213-19f9b2fffaff
2019-09-26 19:35:53,657 [RatisPipelineUtilsThread] INFO  pipeline.PipelineStateManager (PipelineStateManager.java:addPipeline(56)) - Created pipeline Pipeline[ Id: e0f96763-dcab-4839-b0aa-b1574050b134, Nodes: 27cb48db-4b88-4c0c-b213-19f9b2fffaff{ip: 192.168.151.99, host: pr-hdds-1569-g6sp5-2013761785, networkLocation: /rack1, certSerialId: null}, Type:RATIS, Factor:ONE, State:OPEN]
2019-09-26 19:35:53,659 [grpc-default-executor-2] INFO  impl.RaftServerProxy (RaftServerProxy.java:addNew(89)) - 728ea44c-f097-440a-a87e-c27a68d48f14: addNew group-98307C53EE96:[728ea44c-f097-440a-a87e-c27a68d48f14:192.168.151.99:38783] returns group-98307C53EE96:java.util.concurrent.CompletableFuture@369e7a56[Not completed]
2019-09-26 19:35:53,660 [pool-271-thread-1] INFO  impl.RaftServerImpl (RaftServerImpl.java:<init>(95)) - 728ea44c-f097-440a-a87e-c27a68d48f14: new RaftServerImpl for group-98307C53EE96:[728ea44c-f097-440a-a87e-c27a68d48f14:192.168.151.99:38783] with ContainerStateMachine:uninitialized
2019-09-26 19:35:53,660 [pool-271-thread-1] INFO  server.RaftServerConfigKeys (ConfUtils.java:logGet(43)) - raft.server.rpc.timeout.min = 5s (custom)
2019-09-26 19:35:53,660 [pool-271-thread-1] INFO  server.RaftServerConfigKeys (ConfUtils.java:logGet(43)) - raft.server.rpc.timeout.max = 5200ms (custom)
2019-09-26 19:35:53,660 [pool-271-thread-1] INFO  server.RaftServerConfigKeys (ConfUtils.java:logGet(43)) - raft.server.rpcslowness.timeout = 120s (custom)
2019-09-26 19:35:53,660 [pool-271-thread-1] INFO  server.RaftServerConfigKeys (ConfUtils.java:logGet(43)) - raft.server.sleep.deviation.threshold = 300 (default)
2019-09-26 19:35:53,660 [pool-271-thread-1] INFO  server.RaftServerConfigKeys (ConfUtils.java:logGet(43)) - raft.server.log.appender.install.snapshot.enabled = false (custom)
2019-09-26 19:35:53,660 [pool-271-thread-1] INFO  impl.RaftServerImpl (ServerState.java:<init>(103)) - 728ea44c-f097-440a-a87e-c27a68d48f14@group-98307C53EE96: ConfigurationManager, init=-1: [728ea44c-f097-440a-a87e-c27a68d48f14:192.168.151.99:38783], old=null, confs=<EMPTY_MAP>
2019-09-26 19:35:53,660 [pool-271-thread-1] INFO  server.RaftServerConfigKeys (ConfUtils.java:logGet(43)) - raft.server.storage.dir = [/workdir/hadoop-ozone/integration-test/target/test-dir/MiniOzoneClusterImpl-2f79a7d3-d7ae-4963-8370-12bb1e2132d7/datanode-1/data/ratis] (custom)
2019-09-26 19:35:53,660 [pool-271-thread-1] INFO  storage.RaftStorageDirectory (RaftStorageDirectory.java:analyzeStorage(246)) - The storage directory /workdir/hadoop-ozone/integration-test/target/test-dir/MiniOzoneClusterImpl-2f79a7d3-d7ae-4963-8370-12bb1e2132d7/datanode-1/data/ratis/441b9b65-658b-41cc-85aa-98307c53ee96 does not exist. Creating ...
2019-09-26 19:35:53,673 [pool-271-thread-1] INFO  storage.RaftStorageDirectory (RaftStorageDirectory.java:tryLock(328)) - Lock on /workdir/hadoop-ozone/integration-test/target/test-dir/MiniOzoneClusterImpl-2f79a7d3-d7ae-4963-8370-12bb1e2132d7/datanode-1/data/ratis/441b9b65-658b-41cc-85aa-98307c53ee96/in_use.lock acquired by nodename 17888@pr-hdds-1569-g6sp5-2013761785
2019-09-26 19:35:53,686 [pool-271-thread-1] INFO  storage.RaftStorage (RaftStorage.java:format(72)) - Storage directory /workdir/hadoop-ozone/integration-test/target/test-dir/MiniOzoneClusterImpl-2f79a7d3-d7ae-4963-8370-12bb1e2132d7/datanode-1/data/ratis/441b9b65-658b-41cc-85aa-98307c53ee96 has been successfully formatted.
2019-09-26 19:35:53,686 [pool-271-thread-1] INFO  ratis.ContainerStateMachine (ContainerStateMachine.java:loadSnapshot(230)) - group-98307C53EE96: The snapshot info is null. Setting the last applied indexto:(t:0, i:~)
2019-09-26 19:35:53,686 [pool-271-thread-1] INFO  server.RaftServerConfigKeys (ConfUtils.java:logGet(43)) - raft.server.notification.no-leader.timeout = 120s (custom)
2019-09-26 19:35:53,686 [pool-271-thread-1] INFO  server.RaftServerConfigKeys (ConfUtils.java:logGet(43)) - raft.server.log.use.memory = false (default)
2019-09-26 19:35:53,686 [pool-271-thread-1] INFO  server.RaftServerConfigKeys (ConfUtils.java:logGet(43)) - raft.server.log.purge.gap = 1000000 (custom)
2019-09-26 19:35:53,686 [pool-271-thread-1] INFO  server.RaftServerConfigKeys (ConfUtils.java:logGet(43)) - raft.server.log.appender.buffer.byte-limit = 33554432 (custom)
2019-09-26 19:35:53,686 [pool-271-thread-1] INFO  server.RaftServerConfigKeys (ConfUtils.java:logGet(43)) - raft.server.log.segment.size.max = 1048576 (custom)
2019-09-26 19:35:53,686 [pool-271-thread-1] INFO  server.RaftServerConfigKeys (ConfUtils.java:logGet(43)) - raft.server.log.segment.cache.num.max = 2 (custom)
2019-09-26 19:35:53,686 [pool-271-thread-1] INFO  segmented.SegmentedRaftLogWorker (SegmentedRaftLogWorker.java:<init>(172)) - new 728ea44c-f097-440a-a87e-c27a68d48f14@group-98307C53EE96-SegmentedRaftLogWorker for RaftStorage:Storage Directory /workdir/hadoop-ozone/integration-test/target/test-dir/MiniOzoneClusterImpl-2f79a7d3-d7ae-4963-8370-12bb1e2132d7/datanode-1/data/ratis/441b9b65-658b-41cc-85aa-98307c53ee96
2019-09-26 19:35:53,687 [pool-271-thread-1] INFO  server.RaftServerConfigKeys (ConfUtils.java:logGet(43)) - raft.server.log.queue.byte-limit = 2147483647 (custom)
2019-09-26 19:35:53,687 [pool-271-thread-1] INFO  server.RaftServerConfigKeys (ConfUtils.java:logGet(43)) - raft.server.log.queue.element-limit = 1024 (custom)
2019-09-26 19:35:53,687 [pool-271-thread-1] INFO  server.RaftServerConfigKeys (ConfUtils.java:logGet(43)) - raft.server.log.segment.size.max = 1048576 (custom)
2019-09-26 19:35:53,687 [pool-271-thread-1] INFO  server.RaftServerConfigKeys (ConfUtils.java:logGet(43)) - raft.server.log.preallocated.size = 16384 (custom)
2019-09-26 19:35:53,687 [pool-271-thread-1] INFO  server.RaftServerConfigKeys (ConfUtils.java:logGet(43)) - raft.server.log.write.buffer.size = 33554432 (custom)
2019-09-26 19:35:53,687 [pool-271-thread-1] INFO  server.RaftServerConfigKeys (ConfUtils.java:logGet(43)) - raft.server.log.force.sync.num = 128 (default)
2019-09-26 19:35:53,687 [pool-271-thread-1] INFO  server.RaftServerConfigKeys (ConfUtils.java:logGet(43)) - raft.server.log.statemachine.data.sync = true (default)
2019-09-26 19:35:53,687 [pool-271-thread-1] INFO  server.RaftServerConfigKeys (ConfUtils.java:logGet(43)) - raft.server.log.statemachine.data.sync.timeout = 10s (default)
2019-09-26 19:35:53,687 [pool-271-thread-1] INFO  server.RaftServerConfigKeys (ConfUtils.java:logGet(43)) - raft.server.log.statemachine.data.sync.timeout.retry = -1 (default)
2019-09-26 19:35:53,687 [pool-271-thread-1] INFO  server.RaftServerConfigKeys (ConfUtils.java:logGet(43)) - raft.server.log.statemachine.data.caching.enabled = true (custom)
2019-09-26 19:35:53,688 [pool-271-thread-1] INFO  segmented.SegmentedRaftLogWorker (SegmentedRaftLogWorker.java:lambda$new$0(132)) - 728ea44c-f097-440a-a87e-c27a68d48f14@group-98307C53EE96-SegmentedRaftLogWorker: flushIndex: setUnconditionally 0 -> -1
2019-09-26 19:35:53,688 [pool-271-thread-1] INFO  server.RaftServerConfigKeys (ConfUtils.java:logGet(43)) - raft.server.snapshot.auto.trigger.enabled = true (custom)
2019-09-26 19:35:53,688 [pool-271-thread-1] INFO  server.RaftServerConfigKeys (ConfUtils.java:logGet(43)) - raft.server.snapshot.auto.trigger.threshold = 10000 (custom)
2019-09-26 19:35:53,688 [pool-271-thread-1] INFO  server.RaftServerConfigKeys (ConfUtils.java:logGet(43)) - raft.server.snapshot.retention.num.files = 5 (custom)
2019-09-26 19:35:53,688 [pool-271-thread-1] INFO  server.RaftServerConfigKeys (ConfUtils.java:logGet(43)) - raft.server.retrycache.expirytime = 600000ms (custom)
2019-09-26 19:35:53,689 [pool-271-thread-1] INFO  impl.RaftServerImpl (RaftServerImpl.java:start(185)) - 728ea44c-f097-440a-a87e-c27a68d48f14@group-98307C53EE96: start as a follower, conf=-1: [728ea44c-f097-440a-a87e-c27a68d48f14:192.168.151.99:38783], old=null
2019-09-26 19:35:53,689 [pool-271-thread-1] INFO  impl.RaftServerImpl (RaftServerImpl.java:setRole(174)) - 728ea44c-f097-440a-a87e-c27a68d48f14@group-98307C53EE96: changes role from      null to FOLLOWER at term 0 for startAsFollower
2019-09-26 19:35:53,689 [pool-271-thread-1] INFO  impl.RoleInfo (RoleInfo.java:updateAndGet(143)) - 728ea44c-f097-440a-a87e-c27a68d48f14: start FollowerState
2019-09-26 19:35:53,689 [pool-271-thread-1] INFO  util.JmxRegister (JmxRegister.java:tryRegister(44)) - Successfully registered JMX Bean with object name Ratis:service=RaftServer,group=group-98307C53EE96,id=728ea44c-f097-440a-a87e-c27a68d48f14
2019-09-26 19:35:53,691 [RatisPipelineUtilsThread] INFO  pipeline.PipelineStateManager (PipelineStateManager.java:addPipeline(56)) - Created pipeline Pipeline[ Id: 441b9b65-658b-41cc-85aa-98307c53ee96, Nodes: 728ea44c-f097-440a-a87e-c27a68d48f14{ip: 192.168.151.99, host: pr-hdds-1569-g6sp5-2013761785, networkLocation: /rack1, certSerialId: null}, Type:RATIS, Factor:ONE, State:OPEN]
2019-09-26 19:35:53,693 [grpc-default-executor-2] INFO  impl.RaftServerProxy (RaftServerProxy.java:addNew(89)) - 27cb48db-4b88-4c0c-b213-19f9b2fffaff: addNew group-2304116CB40F:[27cb48db-4b88-4c0c-b213-19f9b2fffaff:192.168.151.99:37457] returns group-2304116CB40F:java.util.concurrent.CompletableFuture@3d98e6b1[Not completed]
2019-09-26 19:35:53,694 [pool-261-thread-1] INFO  impl.RaftServerImpl (RaftServerImpl.java:<init>(95)) - 27cb48db-4b88-4c0c-b213-19f9b2fffaff: new RaftServerImpl for group-2304116CB40F:[27cb48db-4b88-4c0c-b213-19f9b2fffaff:192.168.151.99:37457] with ContainerStateMachine:uninitialized
2019-09-26 19:35:53,694 [pool-261-thread-1] INFO  server.RaftServerConfigKeys (ConfUtils.java:logGet(43)) - raft.server.rpc.timeout.min = 5s (custom)
2019-09-26 19:35:53,694 [pool-261-thread-1] INFO  server.RaftServerConfigKeys (ConfUtils.java:logGet(43)) - raft.server.rpc.timeout.max = 5200ms (custom)
2019-09-26 19:35:53,694 [pool-261-thread-1] INFO  server.RaftServerConfigKeys (ConfUtils.java:logGet(43)) - raft.server.rpcslowness.timeout = 120s (custom)
2019-09-26 19:35:53,694 [pool-261-thread-1] INFO  server.RaftServerConfigKeys (ConfUtils.java:logGet(43)) - raft.server.sleep.deviation.threshold = 300 (default)
2019-09-26 19:35:53,694 [pool-261-thread-1] INFO  server.RaftServerConfigKeys (ConfUtils.java:logGet(43)) - raft.server.log.appender.install.snapshot.enabled = false (custom)
2019-09-26 19:35:53,694 [pool-261-thread-1] INFO  impl.RaftServerImpl (ServerState.java:<init>(103)) - 27cb48db-4b88-4c0c-b213-19f9b2fffaff@group-2304116CB40F: ConfigurationManager, init=-1: [27cb48db-4b88-4c0c-b213-19f9b2fffaff:192.168.151.99:37457], old=null, confs=<EMPTY_MAP>
2019-09-26 19:35:53,694 [pool-261-thread-1] INFO  server.RaftServerConfigKeys (ConfUtils.java:logGet(43)) - raft.server.storage.dir = [/workdir/hadoop-ozone/integration-test/target/test-dir/MiniOzoneClusterImpl-2f79a7d3-d7ae-4963-8370-12bb1e2132d7/datanode-0/data/ratis] (custom)
2019-09-26 19:35:53,695 [pool-261-thread-1] INFO  storage.RaftStorageDirectory (RaftStorageDirectory.java:analyzeStorage(246)) - The storage directory /workdir/hadoop-ozone/integration-test/target/test-dir/MiniOzoneClusterImpl-2f79a7d3-d7ae-4963-8370-12bb1e2132d7/datanode-0/data/ratis/22e299bd-11da-4655-bbc6-2304116cb40f does not exist. Creating ...
2019-09-26 19:35:53,708 [pool-261-thread-1] INFO  storage.RaftStorageDirectory (RaftStorageDirectory.java:tryLock(328)) - Lock on /workdir/hadoop-ozone/integration-test/target/test-dir/MiniOzoneClusterImpl-2f79a7d3-d7ae-4963-8370-12bb1e2132d7/datanode-0/data/ratis/22e299bd-11da-4655-bbc6-2304116cb40f/in_use.lock acquired by nodename 17888@pr-hdds-1569-g6sp5-2013761785
2019-09-26 19:35:53,721 [pool-261-thread-1] INFO  storage.RaftStorage (RaftStorage.java:format(72)) - Storage directory /workdir/hadoop-ozone/integration-test/target/test-dir/MiniOzoneClusterImpl-2f79a7d3-d7ae-4963-8370-12bb1e2132d7/datanode-0/data/ratis/22e299bd-11da-4655-bbc6-2304116cb40f has been successfully formatted.
2019-09-26 19:35:53,721 [pool-261-thread-1] INFO  ratis.ContainerStateMachine (ContainerStateMachine.java:loadSnapshot(230)) - group-2304116CB40F: The snapshot info is null. Setting the last applied indexto:(t:0, i:~)
2019-09-26 19:35:53,722 [pool-261-thread-1] INFO  server.RaftServerConfigKeys (ConfUtils.java:logGet(43)) - raft.server.notification.no-leader.timeout = 120s (custom)
2019-09-26 19:35:53,722 [pool-261-thread-1] INFO  server.RaftServerConfigKeys (ConfUtils.java:logGet(43)) - raft.server.log.use.memory = false (default)
2019-09-26 19:35:53,722 [pool-261-thread-1] INFO  server.RaftServerConfigKeys (ConfUtils.java:logGet(43)) - raft.server.log.purge.gap = 1000000 (custom)
2019-09-26 19:35:53,722 [pool-261-thread-1] INFO  server.RaftServerConfigKeys (ConfUtils.java:logGet(43)) - raft.server.log.appender.buffer.byte-limit = 33554432 (custom)
2019-09-26 19:35:53,722 [pool-261-thread-1] INFO  server.RaftServerConfigKeys (ConfUtils.java:logGet(43)) - raft.server.log.segment.size.max = 1048576 (custom)
2019-09-26 19:35:53,722 [pool-261-thread-1] INFO  server.RaftServerConfigKeys (ConfUtils.java:logGet(43)) - raft.server.log.segment.cache.num.max = 2 (custom)
2019-09-26 19:35:53,722 [pool-261-thread-1] INFO  segmented.SegmentedRaftLogWorker (SegmentedRaftLogWorker.java:<init>(172)) - new 27cb48db-4b88-4c0c-b213-19f9b2fffaff@group-2304116CB40F-SegmentedRaftLogWorker for RaftStorage:Storage Directory /workdir/hadoop-ozone/integration-test/target/test-dir/MiniOzoneClusterImpl-2f79a7d3-d7ae-4963-8370-12bb1e2132d7/datanode-0/data/ratis/22e299bd-11da-4655-bbc6-2304116cb40f
2019-09-26 19:35:53,722 [pool-261-thread-1] INFO  server.RaftServerConfigKeys (ConfUtils.java:logGet(43)) - raft.server.log.queue.byte-limit = 2147483647 (custom)
2019-09-26 19:35:53,723 [pool-261-thread-1] INFO  server.RaftServerConfigKeys (ConfUtils.java:logGet(43)) - raft.server.log.queue.element-limit = 1024 (custom)
2019-09-26 19:35:53,723 [pool-261-thread-1] INFO  server.RaftServerConfigKeys (ConfUtils.java:logGet(43)) - raft.server.log.segment.size.max = 1048576 (custom)
2019-09-26 19:35:53,723 [pool-261-thread-1] INFO  server.RaftServerConfigKeys (ConfUtils.java:logGet(43)) - raft.server.log.preallocated.size = 16384 (custom)
2019-09-26 19:35:53,723 [pool-261-thread-1] INFO  server.RaftServerConfigKeys (ConfUtils.java:logGet(43)) - raft.server.log.write.buffer.size = 33554432 (custom)
2019-09-26 19:35:53,723 [pool-261-thread-1] INFO  server.RaftServerConfigKeys (ConfUtils.java:logGet(43)) - raft.server.log.force.sync.num = 128 (default)
2019-09-26 19:35:53,723 [pool-261-thread-1] INFO  server.RaftServerConfigKeys (ConfUtils.java:logGet(43)) - raft.server.log.statemachine.data.sync = true (default)
2019-09-26 19:35:53,723 [pool-261-thread-1] INFO  server.RaftServerConfigKeys (ConfUtils.java:logGet(43)) - raft.server.log.statemachine.data.sync.timeout = 10s (default)
2019-09-26 19:35:53,723 [pool-261-thread-1] INFO  server.RaftServerConfigKeys (ConfUtils.java:logGet(43)) - raft.server.log.statemachine.data.sync.timeout.retry = -1 (default)
2019-09-26 19:35:53,724 [pool-261-thread-1] INFO  server.RaftServerConfigKeys (ConfUtils.java:logGet(43)) - raft.server.log.statemachine.data.caching.enabled = true (custom)
2019-09-26 19:35:53,724 [pool-261-thread-1] INFO  segmented.SegmentedRaftLogWorker (SegmentedRaftLogWorker.java:lambda$new$0(132)) - 27cb48db-4b88-4c0c-b213-19f9b2fffaff@group-2304116CB40F-SegmentedRaftLogWorker: flushIndex: setUnconditionally 0 -> -1
2019-09-26 19:35:53,724 [pool-261-thread-1] INFO  server.RaftServerConfigKeys (ConfUtils.java:logGet(43)) - raft.server.snapshot.auto.trigger.enabled = true (custom)
2019-09-26 19:35:53,724 [pool-261-thread-1] INFO  server.RaftServerConfigKeys (ConfUtils.java:logGet(43)) - raft.server.snapshot.auto.trigger.threshold = 10000 (custom)
2019-09-26 19:35:53,724 [pool-261-thread-1] INFO  server.RaftServerConfigKeys (ConfUtils.java:logGet(43)) - raft.server.snapshot.retention.num.files = 5 (custom)
2019-09-26 19:35:53,724 [pool-261-thread-1] INFO  server.RaftServerConfigKeys (ConfUtils.java:logGet(43)) - raft.server.retrycache.expirytime = 600000ms (custom)
2019-09-26 19:35:53,726 [pool-261-thread-1] INFO  impl.RaftServerImpl (RaftServerImpl.java:start(185)) - 27cb48db-4b88-4c0c-b213-19f9b2fffaff@group-2304116CB40F: start as a follower, conf=-1: [27cb48db-4b88-4c0c-b213-19f9b2fffaff:192.168.151.99:37457], old=null
2019-09-26 19:35:53,726 [pool-261-thread-1] INFO  impl.RaftServerImpl (RaftServerImpl.java:setRole(174)) - 27cb48db-4b88-4c0c-b213-19f9b2fffaff@group-2304116CB40F: changes role from      null to FOLLOWER at term 0 for startAsFollower
2019-09-26 19:35:53,727 [pool-261-thread-1] INFO  impl.RoleInfo (RoleInfo.java:updateAndGet(143)) - 27cb48db-4b88-4c0c-b213-19f9b2fffaff: start FollowerState
2019-09-26 19:35:53,727 [pool-261-thread-1] INFO  util.JmxRegister (JmxRegister.java:tryRegister(44)) - Successfully registered JMX Bean with object name Ratis:service=RaftServer,group=group-2304116CB40F,id=27cb48db-4b88-4c0c-b213-19f9b2fffaff
2019-09-26 19:35:53,728 [RatisPipelineUtilsThread] INFO  pipeline.PipelineStateManager (PipelineStateManager.java:addPipeline(56)) - Created pipeline Pipeline[ Id: 22e299bd-11da-4655-bbc6-2304116cb40f, Nodes: 27cb48db-4b88-4c0c-b213-19f9b2fffaff{ip: 192.168.151.99, host: pr-hdds-1569-g6sp5-2013761785, networkLocation: /rack1, certSerialId: null}, Type:RATIS, Factor:ONE, State:OPEN]
2019-09-26 19:35:53,730 [grpc-default-executor-2] INFO  impl.RaftServerProxy (RaftServerProxy.java:addNew(89)) - 27cb48db-4b88-4c0c-b213-19f9b2fffaff: addNew group-53D2119ECB08:[27cb48db-4b88-4c0c-b213-19f9b2fffaff:192.168.151.99:37457] returns group-53D2119ECB08:java.util.concurrent.CompletableFuture@4fe0e4d9[Not completed]
2019-09-26 19:35:53,731 [pool-261-thread-1] INFO  impl.RaftServerImpl (RaftServerImpl.java:<init>(95)) - 27cb48db-4b88-4c0c-b213-19f9b2fffaff: new RaftServerImpl for group-53D2119ECB08:[27cb48db-4b88-4c0c-b213-19f9b2fffaff:192.168.151.99:37457] with ContainerStateMachine:uninitialized
2019-09-26 19:35:53,731 [pool-261-thread-1] INFO  server.RaftServerConfigKeys (ConfUtils.java:logGet(43)) - raft.server.rpc.timeout.min = 5s (custom)
2019-09-26 19:35:53,731 [pool-261-thread-1] INFO  server.RaftServerConfigKeys (ConfUtils.java:logGet(43)) - raft.server.rpc.timeout.max = 5200ms (custom)
2019-09-26 19:35:53,732 [pool-261-thread-1] INFO  server.RaftServerConfigKeys (ConfUtils.java:logGet(43)) - raft.server.rpcslowness.timeout = 120s (custom)
2019-09-26 19:35:53,732 [pool-261-thread-1] INFO  server.RaftServerConfigKeys (ConfUtils.java:logGet(43)) - raft.server.sleep.deviation.threshold = 300 (default)
2019-09-26 19:35:53,732 [pool-261-thread-1] INFO  server.RaftServerConfigKeys (ConfUtils.java:logGet(43)) - raft.server.log.appender.install.snapshot.enabled = false (custom)
2019-09-26 19:35:53,732 [pool-261-thread-1] INFO  impl.RaftServerImpl (ServerState.java:<init>(103)) - 27cb48db-4b88-4c0c-b213-19f9b2fffaff@group-53D2119ECB08: ConfigurationManager, init=-1: [27cb48db-4b88-4c0c-b213-19f9b2fffaff:192.168.151.99:37457], old=null, confs=<EMPTY_MAP>
2019-09-26 19:35:53,732 [pool-261-thread-1] INFO  server.RaftServerConfigKeys (ConfUtils.java:logGet(43)) - raft.server.storage.dir = [/workdir/hadoop-ozone/integration-test/target/test-dir/MiniOzoneClusterImpl-2f79a7d3-d7ae-4963-8370-12bb1e2132d7/datanode-0/data/ratis] (custom)
2019-09-26 19:35:53,733 [pool-261-thread-1] INFO  storage.RaftStorageDirectory (RaftStorageDirectory.java:analyzeStorage(246)) - The storage directory /workdir/hadoop-ozone/integration-test/target/test-dir/MiniOzoneClusterImpl-2f79a7d3-d7ae-4963-8370-12bb1e2132d7/datanode-0/data/ratis/f00f6598-6e6c-4b58-b056-53d2119ecb08 does not exist. Creating ...
2019-09-26 19:35:53,745 [pool-261-thread-1] INFO  storage.RaftStorageDirectory (RaftStorageDirectory.java:tryLock(328)) - Lock on /workdir/hadoop-ozone/integration-test/target/test-dir/MiniOzoneClusterImpl-2f79a7d3-d7ae-4963-8370-12bb1e2132d7/datanode-0/data/ratis/f00f6598-6e6c-4b58-b056-53d2119ecb08/in_use.lock acquired by nodename 17888@pr-hdds-1569-g6sp5-2013761785
2019-09-26 19:35:53,759 [pool-261-thread-1] INFO  storage.RaftStorage (RaftStorage.java:format(72)) - Storage directory /workdir/hadoop-ozone/integration-test/target/test-dir/MiniOzoneClusterImpl-2f79a7d3-d7ae-4963-8370-12bb1e2132d7/datanode-0/data/ratis/f00f6598-6e6c-4b58-b056-53d2119ecb08 has been successfully formatted.
2019-09-26 19:35:53,760 [pool-261-thread-1] INFO  ratis.ContainerStateMachine (ContainerStateMachine.java:loadSnapshot(230)) - group-53D2119ECB08: The snapshot info is null. Setting the last applied indexto:(t:0, i:~)
2019-09-26 19:35:53,760 [pool-261-thread-1] INFO  server.RaftServerConfigKeys (ConfUtils.java:logGet(43)) - raft.server.notification.no-leader.timeout = 120s (custom)
2019-09-26 19:35:53,760 [pool-261-thread-1] INFO  server.RaftServerConfigKeys (ConfUtils.java:logGet(43)) - raft.server.log.use.memory = false (default)
2019-09-26 19:35:53,760 [pool-261-thread-1] INFO  server.RaftServerConfigKeys (ConfUtils.java:logGet(43)) - raft.server.log.purge.gap = 1000000 (custom)
2019-09-26 19:35:53,760 [pool-261-thread-1] INFO  server.RaftServerConfigKeys (ConfUtils.java:logGet(43)) - raft.server.log.appender.buffer.byte-limit = 33554432 (custom)
2019-09-26 19:35:53,761 [pool-261-thread-1] INFO  server.RaftServerConfigKeys (ConfUtils.java:logGet(43)) - raft.server.log.segment.size.max = 1048576 (custom)
2019-09-26 19:35:53,761 [pool-261-thread-1] INFO  server.RaftServerConfigKeys (ConfUtils.java:logGet(43)) - raft.server.log.segment.cache.num.max = 2 (custom)
2019-09-26 19:35:53,761 [pool-261-thread-1] INFO  segmented.SegmentedRaftLogWorker (SegmentedRaftLogWorker.java:<init>(172)) - new 27cb48db-4b88-4c0c-b213-19f9b2fffaff@group-53D2119ECB08-SegmentedRaftLogWorker for RaftStorage:Storage Directory /workdir/hadoop-ozone/integration-test/target/test-dir/MiniOzoneClusterImpl-2f79a7d3-d7ae-4963-8370-12bb1e2132d7/datanode-0/data/ratis/f00f6598-6e6c-4b58-b056-53d2119ecb08
2019-09-26 19:35:53,761 [pool-261-thread-1] INFO  server.RaftServerConfigKeys (ConfUtils.java:logGet(43)) - raft.server.log.queue.byte-limit = 2147483647 (custom)
2019-09-26 19:35:53,761 [pool-261-thread-1] INFO  server.RaftServerConfigKeys (ConfUtils.java:logGet(43)) - raft.server.log.queue.element-limit = 1024 (custom)
2019-09-26 19:35:53,761 [pool-261-thread-1] INFO  server.RaftServerConfigKeys (ConfUtils.java:logGet(43)) - raft.server.log.segment.size.max = 1048576 (custom)
2019-09-26 19:35:53,761 [pool-261-thread-1] INFO  server.RaftServerConfigKeys (ConfUtils.java:logGet(43)) - raft.server.log.preallocated.size = 16384 (custom)
2019-09-26 19:35:53,761 [pool-261-thread-1] INFO  server.RaftServerConfigKeys (ConfUtils.java:logGet(43)) - raft.server.log.write.buffer.size = 33554432 (custom)
2019-09-26 19:35:53,762 [pool-261-thread-1] INFO  server.RaftServerConfigKeys (ConfUtils.java:logGet(43)) - raft.server.log.force.sync.num = 128 (default)
2019-09-26 19:35:53,762 [pool-261-thread-1] INFO  server.RaftServerConfigKeys (ConfUtils.java:logGet(43)) - raft.server.log.statemachine.data.sync = true (default)
2019-09-26 19:35:53,762 [pool-261-thread-1] INFO  server.RaftServerConfigKeys (ConfUtils.java:logGet(43)) - raft.server.log.statemachine.data.sync.timeout = 10s (default)
2019-09-26 19:35:53,762 [pool-261-thread-1] INFO  server.RaftServerConfigKeys (ConfUtils.java:logGet(43)) - raft.server.log.statemachine.data.sync.timeout.retry = -1 (default)
2019-09-26 19:35:53,762 [pool-261-thread-1] INFO  server.RaftServerConfigKeys (ConfUtils.java:logGet(43)) - raft.server.log.statemachine.data.caching.enabled = true (custom)
2019-09-26 19:35:53,762 [pool-261-thread-1] INFO  segmented.SegmentedRaftLogWorker (SegmentedRaftLogWorker.java:lambda$new$0(132)) - 27cb48db-4b88-4c0c-b213-19f9b2fffaff@group-53D2119ECB08-SegmentedRaftLogWorker: flushIndex: setUnconditionally 0 -> -1
2019-09-26 19:35:53,763 [pool-261-thread-1] INFO  server.RaftServerConfigKeys (ConfUtils.java:logGet(43)) - raft.server.snapshot.auto.trigger.enabled = true (custom)
2019-09-26 19:35:53,763 [pool-261-thread-1] INFO  server.RaftServerConfigKeys (ConfUtils.java:logGet(43)) - raft.server.snapshot.auto.trigger.threshold = 10000 (custom)
2019-09-26 19:35:53,763 [pool-261-thread-1] INFO  server.RaftServerConfigKeys (ConfUtils.java:logGet(43)) - raft.server.snapshot.retention.num.files = 5 (custom)
2019-09-26 19:35:53,763 [pool-261-thread-1] INFO  server.RaftServerConfigKeys (ConfUtils.java:logGet(43)) - raft.server.retrycache.expirytime = 600000ms (custom)
2019-09-26 19:35:53,765 [pool-261-thread-1] INFO  impl.RaftServerImpl (RaftServerImpl.java:start(185)) - 27cb48db-4b88-4c0c-b213-19f9b2fffaff@group-53D2119ECB08: start as a follower, conf=-1: [27cb48db-4b88-4c0c-b213-19f9b2fffaff:192.168.151.99:37457], old=null
2019-09-26 19:35:53,765 [pool-261-thread-1] INFO  impl.RaftServerImpl (RaftServerImpl.java:setRole(174)) - 27cb48db-4b88-4c0c-b213-19f9b2fffaff@group-53D2119ECB08: changes role from      null to FOLLOWER at term 0 for startAsFollower
2019-09-26 19:35:53,765 [pool-261-thread-1] INFO  impl.RoleInfo (RoleInfo.java:updateAndGet(143)) - 27cb48db-4b88-4c0c-b213-19f9b2fffaff: start FollowerState
2019-09-26 19:35:53,765 [pool-261-thread-1] INFO  util.JmxRegister (JmxRegister.java:tryRegister(44)) - Successfully registered JMX Bean with object name Ratis:service=RaftServer,group=group-53D2119ECB08,id=27cb48db-4b88-4c0c-b213-19f9b2fffaff
2019-09-26 19:35:53,767 [RatisPipelineUtilsThread] INFO  pipeline.PipelineStateManager (PipelineStateManager.java:addPipeline(56)) - Created pipeline Pipeline[ Id: f00f6598-6e6c-4b58-b056-53d2119ecb08, Nodes: 27cb48db-4b88-4c0c-b213-19f9b2fffaff{ip: 192.168.151.99, host: pr-hdds-1569-g6sp5-2013761785, networkLocation: /rack1, certSerialId: null}, Type:RATIS, Factor:ONE, State:OPEN]
2019-09-26 19:35:53,769 [grpc-default-executor-2] INFO  impl.RaftServerProxy (RaftServerProxy.java:addNew(89)) - 728ea44c-f097-440a-a87e-c27a68d48f14: addNew group-E1A12D8A50A9:[728ea44c-f097-440a-a87e-c27a68d48f14:192.168.151.99:38783] returns group-E1A12D8A50A9:java.util.concurrent.CompletableFuture@48caca62[Not completed]
2019-09-26 19:35:53,770 [pool-271-thread-1] INFO  impl.RaftServerImpl (RaftServerImpl.java:<init>(95)) - 728ea44c-f097-440a-a87e-c27a68d48f14: new RaftServerImpl for group-E1A12D8A50A9:[728ea44c-f097-440a-a87e-c27a68d48f14:192.168.151.99:38783] with ContainerStateMachine:uninitialized
2019-09-26 19:35:53,770 [pool-271-thread-1] INFO  server.RaftServerConfigKeys (ConfUtils.java:logGet(43)) - raft.server.rpc.timeout.min = 5s (custom)
2019-09-26 19:35:53,770 [pool-271-thread-1] INFO  server.RaftServerConfigKeys (ConfUtils.java:logGet(43)) - raft.server.rpc.timeout.max = 5200ms (custom)
2019-09-26 19:35:53,770 [pool-271-thread-1] INFO  server.RaftServerConfigKeys (ConfUtils.java:logGet(43)) - raft.server.rpcslowness.timeout = 120s (custom)
2019-09-26 19:35:53,770 [pool-271-thread-1] INFO  server.RaftServerConfigKeys (ConfUtils.java:logGet(43)) - raft.server.sleep.deviation.threshold = 300 (default)
2019-09-26 19:35:53,770 [pool-271-thread-1] INFO  server.RaftServerConfigKeys (ConfUtils.java:logGet(43)) - raft.server.log.appender.install.snapshot.enabled = false (custom)
2019-09-26 19:35:53,771 [pool-271-thread-1] INFO  impl.RaftServerImpl (ServerState.java:<init>(103)) - 728ea44c-f097-440a-a87e-c27a68d48f14@group-E1A12D8A50A9: ConfigurationManager, init=-1: [728ea44c-f097-440a-a87e-c27a68d48f14:192.168.151.99:38783], old=null, confs=<EMPTY_MAP>
2019-09-26 19:35:53,771 [pool-271-thread-1] INFO  server.RaftServerConfigKeys (ConfUtils.java:logGet(43)) - raft.server.storage.dir = [/workdir/hadoop-ozone/integration-test/target/test-dir/MiniOzoneClusterImpl-2f79a7d3-d7ae-4963-8370-12bb1e2132d7/datanode-1/data/ratis] (custom)
2019-09-26 19:35:53,771 [pool-271-thread-1] INFO  storage.RaftStorageDirectory (RaftStorageDirectory.java:analyzeStorage(246)) - The storage directory /workdir/hadoop-ozone/integration-test/target/test-dir/MiniOzoneClusterImpl-2f79a7d3-d7ae-4963-8370-12bb1e2132d7/datanode-1/data/ratis/1e893fb8-bd6e-4685-ab0a-e1a12d8a50a9 does not exist. Creating ...
2019-09-26 19:35:53,784 [pool-271-thread-1] INFO  storage.RaftStorageDirectory (RaftStorageDirectory.java:tryLock(328)) - Lock on /workdir/hadoop-ozone/integration-test/target/test-dir/MiniOzoneClusterImpl-2f79a7d3-d7ae-4963-8370-12bb1e2132d7/datanode-1/data/ratis/1e893fb8-bd6e-4685-ab0a-e1a12d8a50a9/in_use.lock acquired by nodename 17888@pr-hdds-1569-g6sp5-2013761785
2019-09-26 19:35:53,796 [pool-271-thread-1] INFO  storage.RaftStorage (RaftStorage.java:format(72)) - Storage directory /workdir/hadoop-ozone/integration-test/target/test-dir/MiniOzoneClusterImpl-2f79a7d3-d7ae-4963-8370-12bb1e2132d7/datanode-1/data/ratis/1e893fb8-bd6e-4685-ab0a-e1a12d8a50a9 has been successfully formatted.
2019-09-26 19:35:53,797 [pool-271-thread-1] INFO  ratis.ContainerStateMachine (ContainerStateMachine.java:loadSnapshot(230)) - group-E1A12D8A50A9: The snapshot info is null. Setting the last applied indexto:(t:0, i:~)
2019-09-26 19:35:53,797 [pool-271-thread-1] INFO  server.RaftServerConfigKeys (ConfUtils.java:logGet(43)) - raft.server.notification.no-leader.timeout = 120s (custom)
2019-09-26 19:35:53,797 [pool-271-thread-1] INFO  server.RaftServerConfigKeys (ConfUtils.java:logGet(43)) - raft.server.log.use.memory = false (default)
2019-09-26 19:35:53,797 [pool-271-thread-1] INFO  server.RaftServerConfigKeys (ConfUtils.java:logGet(43)) - raft.server.log.purge.gap = 1000000 (custom)
2019-09-26 19:35:53,797 [pool-271-thread-1] INFO  server.RaftServerConfigKeys (ConfUtils.java:logGet(43)) - raft.server.log.appender.buffer.byte-limit = 33554432 (custom)
2019-09-26 19:35:53,798 [pool-271-thread-1] INFO  server.RaftServerConfigKeys (ConfUtils.java:logGet(43)) - raft.server.log.segment.size.max = 1048576 (custom)
2019-09-26 19:35:53,798 [pool-271-thread-1] INFO  server.RaftServerConfigKeys (ConfUtils.java:logGet(43)) - raft.server.log.segment.cache.num.max = 2 (custom)
2019-09-26 19:35:53,798 [pool-271-thread-1] INFO  segmented.SegmentedRaftLogWorker (SegmentedRaftLogWorker.java:<init>(172)) - new 728ea44c-f097-440a-a87e-c27a68d48f14@group-E1A12D8A50A9-SegmentedRaftLogWorker for RaftStorage:Storage Directory /workdir/hadoop-ozone/integration-test/target/test-dir/MiniOzoneClusterImpl-2f79a7d3-d7ae-4963-8370-12bb1e2132d7/datanode-1/data/ratis/1e893fb8-bd6e-4685-ab0a-e1a12d8a50a9
2019-09-26 19:35:53,798 [pool-271-thread-1] INFO  server.RaftServerConfigKeys (ConfUtils.java:logGet(43)) - raft.server.log.queue.byte-limit = 2147483647 (custom)
2019-09-26 19:35:53,798 [pool-271-thread-1] INFO  server.RaftServerConfigKeys (ConfUtils.java:logGet(43)) - raft.server.log.queue.element-limit = 1024 (custom)
2019-09-26 19:35:53,798 [pool-271-thread-1] INFO  server.RaftServerConfigKeys (ConfUtils.java:logGet(43)) - raft.server.log.segment.size.max = 1048576 (custom)
2019-09-26 19:35:53,799 [pool-271-thread-1] INFO  server.RaftServerConfigKeys (ConfUtils.java:logGet(43)) - raft.server.log.preallocated.size = 16384 (custom)
2019-09-26 19:35:53,799 [pool-271-thread-1] INFO  server.RaftServerConfigKeys (ConfUtils.java:logGet(43)) - raft.server.log.write.buffer.size = 33554432 (custom)
2019-09-26 19:35:53,799 [pool-271-thread-1] INFO  server.RaftServerConfigKeys (ConfUtils.java:logGet(43)) - raft.server.log.force.sync.num = 128 (default)
2019-09-26 19:35:53,799 [pool-271-thread-1] INFO  server.RaftServerConfigKeys (ConfUtils.java:logGet(43)) - raft.server.log.statemachine.data.sync = true (default)
2019-09-26 19:35:53,799 [pool-271-thread-1] INFO  server.RaftServerConfigKeys (ConfUtils.java:logGet(43)) - raft.server.log.statemachine.data.sync.timeout = 10s (default)
2019-09-26 19:35:53,799 [pool-271-thread-1] INFO  server.RaftServerConfigKeys (ConfUtils.java:logGet(43)) - raft.server.log.statemachine.data.sync.timeout.retry = -1 (default)
2019-09-26 19:35:53,799 [pool-271-thread-1] INFO  server.RaftServerConfigKeys (ConfUtils.java:logGet(43)) - raft.server.log.statemachine.data.caching.enabled = true (custom)
2019-09-26 19:35:53,800 [pool-271-thread-1] INFO  segmented.SegmentedRaftLogWorker (SegmentedRaftLogWorker.java:lambda$new$0(132)) - 728ea44c-f097-440a-a87e-c27a68d48f14@group-E1A12D8A50A9-SegmentedRaftLogWorker: flushIndex: setUnconditionally 0 -> -1
2019-09-26 19:35:53,800 [pool-271-thread-1] INFO  server.RaftServerConfigKeys (ConfUtils.java:logGet(43)) - raft.server.snapshot.auto.trigger.enabled = true (custom)
2019-09-26 19:35:53,800 [pool-271-thread-1] INFO  server.RaftServerConfigKeys (ConfUtils.java:logGet(43)) - raft.server.snapshot.auto.trigger.threshold = 10000 (custom)
2019-09-26 19:35:53,800 [pool-271-thread-1] INFO  server.RaftServerConfigKeys (ConfUtils.java:logGet(43)) - raft.server.snapshot.retention.num.files = 5 (custom)
2019-09-26 19:35:53,800 [pool-271-thread-1] INFO  server.RaftServerConfigKeys (ConfUtils.java:logGet(43)) - raft.server.retrycache.expirytime = 600000ms (custom)
2019-09-26 19:35:53,802 [pool-271-thread-1] INFO  impl.RaftServerImpl (RaftServerImpl.java:start(185)) - 728ea44c-f097-440a-a87e-c27a68d48f14@group-E1A12D8A50A9: start as a follower, conf=-1: [728ea44c-f097-440a-a87e-c27a68d48f14:192.168.151.99:38783], old=null
2019-09-26 19:35:53,802 [pool-271-thread-1] INFO  impl.RaftServerImpl (RaftServerImpl.java:setRole(174)) - 728ea44c-f097-440a-a87e-c27a68d48f14@group-E1A12D8A50A9: changes role from      null to FOLLOWER at term 0 for startAsFollower
2019-09-26 19:35:53,803 [pool-271-thread-1] INFO  impl.RoleInfo (RoleInfo.java:updateAndGet(143)) - 728ea44c-f097-440a-a87e-c27a68d48f14: start FollowerState
2019-09-26 19:35:53,803 [pool-271-thread-1] INFO  util.JmxRegister (JmxRegister.java:tryRegister(44)) - Successfully registered JMX Bean with object name Ratis:service=RaftServer,group=group-E1A12D8A50A9,id=728ea44c-f097-440a-a87e-c27a68d48f14
2019-09-26 19:35:53,804 [RatisPipelineUtilsThread] INFO  pipeline.PipelineStateManager (PipelineStateManager.java:addPipeline(56)) - Created pipeline Pipeline[ Id: 1e893fb8-bd6e-4685-ab0a-e1a12d8a50a9, Nodes: 728ea44c-f097-440a-a87e-c27a68d48f14{ip: 192.168.151.99, host: pr-hdds-1569-g6sp5-2013761785, networkLocation: /rack1, certSerialId: null}, Type:RATIS, Factor:ONE, State:OPEN]
2019-09-26 19:35:53,806 [grpc-default-executor-2] INFO  impl.RaftServerProxy (RaftServerProxy.java:addNew(89)) - 99aa1396-69c4-4985-9b2a-20430cc4a0a7: addNew group-BEEF3679E153:[99aa1396-69c4-4985-9b2a-20430cc4a0a7:192.168.151.99:40213] returns group-BEEF3679E153:java.util.concurrent.CompletableFuture@41f47a1a[Not completed]
2019-09-26 19:35:53,807 [pool-281-thread-1] INFO  impl.RaftServerImpl (RaftServerImpl.java:<init>(95)) - 99aa1396-69c4-4985-9b2a-20430cc4a0a7: new RaftServerImpl for group-BEEF3679E153:[99aa1396-69c4-4985-9b2a-20430cc4a0a7:192.168.151.99:40213] with ContainerStateMachine:uninitialized
2019-09-26 19:35:53,807 [pool-281-thread-1] INFO  server.RaftServerConfigKeys (ConfUtils.java:logGet(43)) - raft.server.rpc.timeout.min = 5s (custom)
2019-09-26 19:35:53,807 [pool-281-thread-1] INFO  server.RaftServerConfigKeys (ConfUtils.java:logGet(43)) - raft.server.rpc.timeout.max = 5200ms (custom)
2019-09-26 19:35:53,807 [pool-281-thread-1] INFO  server.RaftServerConfigKeys (ConfUtils.java:logGet(43)) - raft.server.rpcslowness.timeout = 120s (custom)
2019-09-26 19:35:53,808 [pool-281-thread-1] INFO  server.RaftServerConfigKeys (ConfUtils.java:logGet(43)) - raft.server.sleep.deviation.threshold = 300 (default)
2019-09-26 19:35:53,808 [pool-281-thread-1] INFO  server.RaftServerConfigKeys (ConfUtils.java:logGet(43)) - raft.server.log.appender.install.snapshot.enabled = false (custom)
2019-09-26 19:35:53,808 [pool-281-thread-1] INFO  impl.RaftServerImpl (ServerState.java:<init>(103)) - 99aa1396-69c4-4985-9b2a-20430cc4a0a7@group-BEEF3679E153: ConfigurationManager, init=-1: [99aa1396-69c4-4985-9b2a-20430cc4a0a7:192.168.151.99:40213], old=null, confs=<EMPTY_MAP>
2019-09-26 19:35:53,808 [pool-281-thread-1] INFO  server.RaftServerConfigKeys (ConfUtils.java:logGet(43)) - raft.server.storage.dir = [/workdir/hadoop-ozone/integration-test/target/test-dir/MiniOzoneClusterImpl-2f79a7d3-d7ae-4963-8370-12bb1e2132d7/datanode-2/data/ratis] (custom)
2019-09-26 19:35:53,808 [pool-281-thread-1] INFO  storage.RaftStorageDirectory (RaftStorageDirectory.java:analyzeStorage(246)) - The storage directory /workdir/hadoop-ozone/integration-test/target/test-dir/MiniOzoneClusterImpl-2f79a7d3-d7ae-4963-8370-12bb1e2132d7/datanode-2/data/ratis/24cfc256-65c0-4826-b6df-beef3679e153 does not exist. Creating ...
2019-09-26 19:35:53,821 [pool-281-thread-1] INFO  storage.RaftStorageDirectory (RaftStorageDirectory.java:tryLock(328)) - Lock on /workdir/hadoop-ozone/integration-test/target/test-dir/MiniOzoneClusterImpl-2f79a7d3-d7ae-4963-8370-12bb1e2132d7/datanode-2/data/ratis/24cfc256-65c0-4826-b6df-beef3679e153/in_use.lock acquired by nodename 17888@pr-hdds-1569-g6sp5-2013761785
2019-09-26 19:35:53,841 [pool-281-thread-1] INFO  storage.RaftStorage (RaftStorage.java:format(72)) - Storage directory /workdir/hadoop-ozone/integration-test/target/test-dir/MiniOzoneClusterImpl-2f79a7d3-d7ae-4963-8370-12bb1e2132d7/datanode-2/data/ratis/24cfc256-65c0-4826-b6df-beef3679e153 has been successfully formatted.
2019-09-26 19:35:53,841 [pool-281-thread-1] INFO  ratis.ContainerStateMachine (ContainerStateMachine.java:loadSnapshot(230)) - group-BEEF3679E153: The snapshot info is null. Setting the last applied indexto:(t:0, i:~)
2019-09-26 19:35:53,842 [pool-281-thread-1] INFO  server.RaftServerConfigKeys (ConfUtils.java:logGet(43)) - raft.server.notification.no-leader.timeout = 120s (custom)
2019-09-26 19:35:53,842 [pool-281-thread-1] INFO  server.RaftServerConfigKeys (ConfUtils.java:logGet(43)) - raft.server.log.use.memory = false (default)
2019-09-26 19:35:53,842 [pool-281-thread-1] INFO  server.RaftServerConfigKeys (ConfUtils.java:logGet(43)) - raft.server.log.purge.gap = 1000000 (custom)
2019-09-26 19:35:53,842 [pool-281-thread-1] INFO  server.RaftServerConfigKeys (ConfUtils.java:logGet(43)) - raft.server.log.appender.buffer.byte-limit = 33554432 (custom)
2019-09-26 19:35:53,842 [pool-281-thread-1] INFO  server.RaftServerConfigKeys (ConfUtils.java:logGet(43)) - raft.server.log.segment.size.max = 1048576 (custom)
2019-09-26 19:35:53,842 [pool-281-thread-1] INFO  server.RaftServerConfigKeys (ConfUtils.java:logGet(43)) - raft.server.log.segment.cache.num.max = 2 (custom)
2019-09-26 19:35:53,842 [pool-281-thread-1] INFO  segmented.SegmentedRaftLogWorker (SegmentedRaftLogWorker.java:<init>(172)) - new 99aa1396-69c4-4985-9b2a-20430cc4a0a7@group-BEEF3679E153-SegmentedRaftLogWorker for RaftStorage:Storage Directory /workdir/hadoop-ozone/integration-test/target/test-dir/MiniOzoneClusterImpl-2f79a7d3-d7ae-4963-8370-12bb1e2132d7/datanode-2/data/ratis/24cfc256-65c0-4826-b6df-beef3679e153
2019-09-26 19:35:53,842 [pool-281-thread-1] INFO  server.RaftServerConfigKeys (ConfUtils.java:logGet(43)) - raft.server.log.queue.byte-limit = 2147483647 (custom)
2019-09-26 19:35:53,843 [pool-281-thread-1] INFO  server.RaftServerConfigKeys (ConfUtils.java:logGet(43)) - raft.server.log.queue.element-limit = 1024 (custom)
2019-09-26 19:35:53,843 [pool-281-thread-1] INFO  server.RaftServerConfigKeys (ConfUtils.java:logGet(43)) - raft.server.log.segment.size.max = 1048576 (custom)
2019-09-26 19:35:53,843 [pool-281-thread-1] INFO  server.RaftServerConfigKeys (ConfUtils.java:logGet(43)) - raft.server.log.preallocated.size = 16384 (custom)
2019-09-26 19:35:53,843 [pool-281-thread-1] INFO  server.RaftServerConfigKeys (ConfUtils.java:logGet(43)) - raft.server.log.write.buffer.size = 33554432 (custom)
2019-09-26 19:35:53,843 [pool-281-thread-1] INFO  server.RaftServerConfigKeys (ConfUtils.java:logGet(43)) - raft.server.log.force.sync.num = 128 (default)
2019-09-26 19:35:53,843 [pool-281-thread-1] INFO  server.RaftServerConfigKeys (ConfUtils.java:logGet(43)) - raft.server.log.statemachine.data.sync = true (default)
2019-09-26 19:35:53,843 [pool-281-thread-1] INFO  server.RaftServerConfigKeys (ConfUtils.java:logGet(43)) - raft.server.log.statemachine.data.sync.timeout = 10s (default)
2019-09-26 19:35:53,843 [pool-281-thread-1] INFO  server.RaftServerConfigKeys (ConfUtils.java:logGet(43)) - raft.server.log.statemachine.data.sync.timeout.retry = -1 (default)
2019-09-26 19:35:53,844 [pool-281-thread-1] INFO  server.RaftServerConfigKeys (ConfUtils.java:logGet(43)) - raft.server.log.statemachine.data.caching.enabled = true (custom)
2019-09-26 19:35:53,844 [pool-281-thread-1] INFO  segmented.SegmentedRaftLogWorker (SegmentedRaftLogWorker.java:lambda$new$0(132)) - 99aa1396-69c4-4985-9b2a-20430cc4a0a7@group-BEEF3679E153-SegmentedRaftLogWorker: flushIndex: setUnconditionally 0 -> -1
2019-09-26 19:35:53,844 [pool-281-thread-1] INFO  server.RaftServerConfigKeys (ConfUtils.java:logGet(43)) - raft.server.snapshot.auto.trigger.enabled = true (custom)
2019-09-26 19:35:53,844 [pool-281-thread-1] INFO  server.RaftServerConfigKeys (ConfUtils.java:logGet(43)) - raft.server.snapshot.auto.trigger.threshold = 10000 (custom)
2019-09-26 19:35:53,844 [pool-281-thread-1] INFO  server.RaftServerConfigKeys (ConfUtils.java:logGet(43)) - raft.server.snapshot.retention.num.files = 5 (custom)
2019-09-26 19:35:53,845 [pool-281-thread-1] INFO  server.RaftServerConfigKeys (ConfUtils.java:logGet(43)) - raft.server.retrycache.expirytime = 600000ms (custom)
2019-09-26 19:35:53,846 [pool-281-thread-1] INFO  impl.RaftServerImpl (RaftServerImpl.java:start(185)) - 99aa1396-69c4-4985-9b2a-20430cc4a0a7@group-BEEF3679E153: start as a follower, conf=-1: [99aa1396-69c4-4985-9b2a-20430cc4a0a7:192.168.151.99:40213], old=null
2019-09-26 19:35:53,846 [pool-281-thread-1] INFO  impl.RaftServerImpl (RaftServerImpl.java:setRole(174)) - 99aa1396-69c4-4985-9b2a-20430cc4a0a7@group-BEEF3679E153: changes role from      null to FOLLOWER at term 0 for startAsFollower
2019-09-26 19:35:53,846 [pool-281-thread-1] INFO  impl.RoleInfo (RoleInfo.java:updateAndGet(143)) - 99aa1396-69c4-4985-9b2a-20430cc4a0a7: start FollowerState
2019-09-26 19:35:53,847 [pool-281-thread-1] INFO  util.JmxRegister (JmxRegister.java:tryRegister(44)) - Successfully registered JMX Bean with object name Ratis:service=RaftServer,group=group-BEEF3679E153,id=99aa1396-69c4-4985-9b2a-20430cc4a0a7
2019-09-26 19:35:53,849 [RatisPipelineUtilsThread] INFO  pipeline.PipelineStateManager (PipelineStateManager.java:addPipeline(56)) - Created pipeline Pipeline[ Id: 24cfc256-65c0-4826-b6df-beef3679e153, Nodes: 99aa1396-69c4-4985-9b2a-20430cc4a0a7{ip: 192.168.151.99, host: pr-hdds-1569-g6sp5-2013761785, networkLocation: /rack1, certSerialId: null}, Type:RATIS, Factor:ONE, State:OPEN]
2019-09-26 19:35:53,851 [grpc-default-executor-2] INFO  impl.RaftServerProxy (RaftServerProxy.java:addNew(89)) - 99aa1396-69c4-4985-9b2a-20430cc4a0a7: addNew group-A178365677C1:[99aa1396-69c4-4985-9b2a-20430cc4a0a7:192.168.151.99:40213] returns group-A178365677C1:java.util.concurrent.CompletableFuture@54b3f64[Not completed]
2019-09-26 19:35:53,851 [pool-281-thread-1] INFO  impl.RaftServerImpl (RaftServerImpl.java:<init>(95)) - 99aa1396-69c4-4985-9b2a-20430cc4a0a7: new RaftServerImpl for group-A178365677C1:[99aa1396-69c4-4985-9b2a-20430cc4a0a7:192.168.151.99:40213] with ContainerStateMachine:uninitialized
2019-09-26 19:35:53,852 [pool-281-thread-1] INFO  server.RaftServerConfigKeys (ConfUtils.java:logGet(43)) - raft.server.rpc.timeout.min = 5s (custom)
2019-09-26 19:35:53,852 [pool-281-thread-1] INFO  server.RaftServerConfigKeys (ConfUtils.java:logGet(43)) - raft.server.rpc.timeout.max = 5200ms (custom)
2019-09-26 19:35:53,852 [pool-281-thread-1] INFO  server.RaftServerConfigKeys (ConfUtils.java:logGet(43)) - raft.server.rpcslowness.timeout = 120s (custom)
2019-09-26 19:35:53,852 [pool-281-thread-1] INFO  server.RaftServerConfigKeys (ConfUtils.java:logGet(43)) - raft.server.sleep.deviation.threshold = 300 (default)
2019-09-26 19:35:53,852 [pool-281-thread-1] INFO  server.RaftServerConfigKeys (ConfUtils.java:logGet(43)) - raft.server.log.appender.install.snapshot.enabled = false (custom)
2019-09-26 19:35:53,852 [pool-281-thread-1] INFO  impl.RaftServerImpl (ServerState.java:<init>(103)) - 99aa1396-69c4-4985-9b2a-20430cc4a0a7@group-A178365677C1: ConfigurationManager, init=-1: [99aa1396-69c4-4985-9b2a-20430cc4a0a7:192.168.151.99:40213], old=null, confs=<EMPTY_MAP>
2019-09-26 19:35:53,852 [pool-281-thread-1] INFO  server.RaftServerConfigKeys (ConfUtils.java:logGet(43)) - raft.server.storage.dir = [/workdir/hadoop-ozone/integration-test/target/test-dir/MiniOzoneClusterImpl-2f79a7d3-d7ae-4963-8370-12bb1e2132d7/datanode-2/data/ratis] (custom)
2019-09-26 19:35:53,852 [pool-281-thread-1] INFO  storage.RaftStorageDirectory (RaftStorageDirectory.java:analyzeStorage(246)) - The storage directory /workdir/hadoop-ozone/integration-test/target/test-dir/MiniOzoneClusterImpl-2f79a7d3-d7ae-4963-8370-12bb1e2132d7/datanode-2/data/ratis/a7da5a2d-c532-4ca7-883f-a178365677c1 does not exist. Creating ...
2019-09-26 19:35:53,865 [pool-281-thread-1] INFO  storage.RaftStorageDirectory (RaftStorageDirectory.java:tryLock(328)) - Lock on /workdir/hadoop-ozone/integration-test/target/test-dir/MiniOzoneClusterImpl-2f79a7d3-d7ae-4963-8370-12bb1e2132d7/datanode-2/data/ratis/a7da5a2d-c532-4ca7-883f-a178365677c1/in_use.lock acquired by nodename 17888@pr-hdds-1569-g6sp5-2013761785
2019-09-26 19:35:53,878 [pool-281-thread-1] INFO  storage.RaftStorage (RaftStorage.java:format(72)) - Storage directory /workdir/hadoop-ozone/integration-test/target/test-dir/MiniOzoneClusterImpl-2f79a7d3-d7ae-4963-8370-12bb1e2132d7/datanode-2/data/ratis/a7da5a2d-c532-4ca7-883f-a178365677c1 has been successfully formatted.
2019-09-26 19:35:53,879 [pool-281-thread-1] INFO  ratis.ContainerStateMachine (ContainerStateMachine.java:loadSnapshot(230)) - group-A178365677C1: The snapshot info is null. Setting the last applied indexto:(t:0, i:~)
2019-09-26 19:35:53,879 [pool-281-thread-1] INFO  server.RaftServerConfigKeys (ConfUtils.java:logGet(43)) - raft.server.notification.no-leader.timeout = 120s (custom)
2019-09-26 19:35:53,879 [pool-281-thread-1] INFO  server.RaftServerConfigKeys (ConfUtils.java:logGet(43)) - raft.server.log.use.memory = false (default)
2019-09-26 19:35:53,879 [pool-281-thread-1] INFO  server.RaftServerConfigKeys (ConfUtils.java:logGet(43)) - raft.server.log.purge.gap = 1000000 (custom)
2019-09-26 19:35:53,880 [pool-281-thread-1] INFO  server.RaftServerConfigKeys (ConfUtils.java:logGet(43)) - raft.server.log.appender.buffer.byte-limit = 33554432 (custom)
2019-09-26 19:35:53,880 [pool-281-thread-1] INFO  server.RaftServerConfigKeys (ConfUtils.java:logGet(43)) - raft.server.log.segment.size.max = 1048576 (custom)
2019-09-26 19:35:53,880 [pool-281-thread-1] INFO  server.RaftServerConfigKeys (ConfUtils.java:logGet(43)) - raft.server.log.segment.cache.num.max = 2 (custom)
2019-09-26 19:35:53,880 [pool-281-thread-1] INFO  segmented.SegmentedRaftLogWorker (SegmentedRaftLogWorker.java:<init>(172)) - new 99aa1396-69c4-4985-9b2a-20430cc4a0a7@group-A178365677C1-SegmentedRaftLogWorker for RaftStorage:Storage Directory /workdir/hadoop-ozone/integration-test/target/test-dir/MiniOzoneClusterImpl-2f79a7d3-d7ae-4963-8370-12bb1e2132d7/datanode-2/data/ratis/a7da5a2d-c532-4ca7-883f-a178365677c1
2019-09-26 19:35:53,880 [pool-281-thread-1] INFO  server.RaftServerConfigKeys (ConfUtils.java:logGet(43)) - raft.server.log.queue.byte-limit = 2147483647 (custom)
2019-09-26 19:35:53,880 [pool-281-thread-1] INFO  server.RaftServerConfigKeys (ConfUtils.java:logGet(43)) - raft.server.log.queue.element-limit = 1024 (custom)
2019-09-26 19:35:53,881 [pool-281-thread-1] INFO  server.RaftServerConfigKeys (ConfUtils.java:logGet(43)) - raft.server.log.segment.size.max = 1048576 (custom)
2019-09-26 19:35:53,881 [pool-281-thread-1] INFO  server.RaftServerConfigKeys (ConfUtils.java:logGet(43)) - raft.server.log.preallocated.size = 16384 (custom)
2019-09-26 19:35:53,881 [pool-281-thread-1] INFO  server.RaftServerConfigKeys (ConfUtils.java:logGet(43)) - raft.server.log.write.buffer.size = 33554432 (custom)
2019-09-26 19:35:53,881 [pool-281-thread-1] INFO  server.RaftServerConfigKeys (ConfUtils.java:logGet(43)) - raft.server.log.force.sync.num = 128 (default)
2019-09-26 19:35:53,881 [pool-281-thread-1] INFO  server.RaftServerConfigKeys (ConfUtils.java:logGet(43)) - raft.server.log.statemachine.data.sync = true (default)
2019-09-26 19:35:53,882 [pool-281-thread-1] INFO  server.RaftServerConfigKeys (ConfUtils.java:logGet(43)) - raft.server.log.statemachine.data.sync.timeout = 10s (default)
2019-09-26 19:35:53,882 [pool-281-thread-1] INFO  server.RaftServerConfigKeys (ConfUtils.java:logGet(43)) - raft.server.log.statemachine.data.sync.timeout.retry = -1 (default)
2019-09-26 19:35:53,882 [pool-281-thread-1] INFO  server.RaftServerConfigKeys (ConfUtils.java:logGet(43)) - raft.server.log.statemachine.data.caching.enabled = true (custom)
2019-09-26 19:35:53,882 [pool-281-thread-1] INFO  segmented.SegmentedRaftLogWorker (SegmentedRaftLogWorker.java:lambda$new$0(132)) - 99aa1396-69c4-4985-9b2a-20430cc4a0a7@group-A178365677C1-SegmentedRaftLogWorker: flushIndex: setUnconditionally 0 -> -1
2019-09-26 19:35:53,883 [pool-281-thread-1] INFO  server.RaftServerConfigKeys (ConfUtils.java:logGet(43)) - raft.server.snapshot.auto.trigger.enabled = true (custom)
2019-09-26 19:35:53,883 [pool-281-thread-1] INFO  server.RaftServerConfigKeys (ConfUtils.java:logGet(43)) - raft.server.snapshot.auto.trigger.threshold = 10000 (custom)
2019-09-26 19:35:53,883 [pool-281-thread-1] INFO  server.RaftServerConfigKeys (ConfUtils.java:logGet(43)) - raft.server.snapshot.retention.num.files = 5 (custom)
2019-09-26 19:35:53,883 [pool-281-thread-1] INFO  server.RaftServerConfigKeys (ConfUtils.java:logGet(43)) - raft.server.retrycache.expirytime = 600000ms (custom)
2019-09-26 19:35:53,885 [pool-281-thread-1] INFO  impl.RaftServerImpl (RaftServerImpl.java:start(185)) - 99aa1396-69c4-4985-9b2a-20430cc4a0a7@group-A178365677C1: start as a follower, conf=-1: [99aa1396-69c4-4985-9b2a-20430cc4a0a7:192.168.151.99:40213], old=null
2019-09-26 19:35:53,886 [pool-281-thread-1] INFO  impl.RaftServerImpl (RaftServerImpl.java:setRole(174)) - 99aa1396-69c4-4985-9b2a-20430cc4a0a7@group-A178365677C1: changes role from      null to FOLLOWER at term 0 for startAsFollower
2019-09-26 19:35:53,886 [pool-281-thread-1] INFO  impl.RoleInfo (RoleInfo.java:updateAndGet(143)) - 99aa1396-69c4-4985-9b2a-20430cc4a0a7: start FollowerState
2019-09-26 19:35:53,886 [pool-281-thread-1] INFO  util.JmxRegister (JmxRegister.java:tryRegister(44)) - Successfully registered JMX Bean with object name Ratis:service=RaftServer,group=group-A178365677C1,id=99aa1396-69c4-4985-9b2a-20430cc4a0a7
2019-09-26 19:35:53,888 [RatisPipelineUtilsThread] INFO  pipeline.PipelineStateManager (PipelineStateManager.java:addPipeline(56)) - Created pipeline Pipeline[ Id: a7da5a2d-c532-4ca7-883f-a178365677c1, Nodes: 99aa1396-69c4-4985-9b2a-20430cc4a0a7{ip: 192.168.151.99, host: pr-hdds-1569-g6sp5-2013761785, networkLocation: /rack1, certSerialId: null}, Type:RATIS, Factor:ONE, State:OPEN]
2019-09-26 19:35:53,890 [grpc-default-executor-2] INFO  impl.RaftServerProxy (RaftServerProxy.java:addNew(89)) - 728ea44c-f097-440a-a87e-c27a68d48f14: addNew group-ABC7E5868541:[728ea44c-f097-440a-a87e-c27a68d48f14:192.168.151.99:38783] returns group-ABC7E5868541:java.util.concurrent.CompletableFuture@3aa4cf20[Not completed]
2019-09-26 19:35:53,891 [pool-271-thread-1] INFO  impl.RaftServerImpl (RaftServerImpl.java:<init>(95)) - 728ea44c-f097-440a-a87e-c27a68d48f14: new RaftServerImpl for group-ABC7E5868541:[728ea44c-f097-440a-a87e-c27a68d48f14:192.168.151.99:38783] with ContainerStateMachine:uninitialized
2019-09-26 19:35:53,891 [pool-271-thread-1] INFO  server.RaftServerConfigKeys (ConfUtils.java:logGet(43)) - raft.server.rpc.timeout.min = 5s (custom)
2019-09-26 19:35:53,891 [pool-271-thread-1] INFO  server.RaftServerConfigKeys (ConfUtils.java:logGet(43)) - raft.server.rpc.timeout.max = 5200ms (custom)
2019-09-26 19:35:53,891 [pool-271-thread-1] INFO  server.RaftServerConfigKeys (ConfUtils.java:logGet(43)) - raft.server.rpcslowness.timeout = 120s (custom)
2019-09-26 19:35:53,891 [pool-271-thread-1] INFO  server.RaftServerConfigKeys (ConfUtils.java:logGet(43)) - raft.server.sleep.deviation.threshold = 300 (default)
2019-09-26 19:35:53,891 [pool-271-thread-1] INFO  server.RaftServerConfigKeys (ConfUtils.java:logGet(43)) - raft.server.log.appender.install.snapshot.enabled = false (custom)
2019-09-26 19:35:53,891 [pool-271-thread-1] INFO  impl.RaftServerImpl (ServerState.java:<init>(103)) - 728ea44c-f097-440a-a87e-c27a68d48f14@group-ABC7E5868541: ConfigurationManager, init=-1: [728ea44c-f097-440a-a87e-c27a68d48f14:192.168.151.99:38783], old=null, confs=<EMPTY_MAP>
2019-09-26 19:35:53,891 [pool-271-thread-1] INFO  server.RaftServerConfigKeys (ConfUtils.java:logGet(43)) - raft.server.storage.dir = [/workdir/hadoop-ozone/integration-test/target/test-dir/MiniOzoneClusterImpl-2f79a7d3-d7ae-4963-8370-12bb1e2132d7/datanode-1/data/ratis] (custom)
2019-09-26 19:35:53,892 [pool-271-thread-1] INFO  storage.RaftStorageDirectory (RaftStorageDirectory.java:analyzeStorage(246)) - The storage directory /workdir/hadoop-ozone/integration-test/target/test-dir/MiniOzoneClusterImpl-2f79a7d3-d7ae-4963-8370-12bb1e2132d7/datanode-1/data/ratis/e5191def-d350-4bf9-8ae3-abc7e5868541 does not exist. Creating ...
2019-09-26 19:35:53,904 [pool-271-thread-1] INFO  storage.RaftStorageDirectory (RaftStorageDirectory.java:tryLock(328)) - Lock on /workdir/hadoop-ozone/integration-test/target/test-dir/MiniOzoneClusterImpl-2f79a7d3-d7ae-4963-8370-12bb1e2132d7/datanode-1/data/ratis/e5191def-d350-4bf9-8ae3-abc7e5868541/in_use.lock acquired by nodename 17888@pr-hdds-1569-g6sp5-2013761785
2019-09-26 19:35:53,917 [pool-271-thread-1] INFO  storage.RaftStorage (RaftStorage.java:format(72)) - Storage directory /workdir/hadoop-ozone/integration-test/target/test-dir/MiniOzoneClusterImpl-2f79a7d3-d7ae-4963-8370-12bb1e2132d7/datanode-1/data/ratis/e5191def-d350-4bf9-8ae3-abc7e5868541 has been successfully formatted.
2019-09-26 19:35:53,918 [pool-271-thread-1] INFO  ratis.ContainerStateMachine (ContainerStateMachine.java:loadSnapshot(230)) - group-ABC7E5868541: The snapshot info is null. Setting the last applied indexto:(t:0, i:~)
2019-09-26 19:35:53,918 [pool-271-thread-1] INFO  server.RaftServerConfigKeys (ConfUtils.java:logGet(43)) - raft.server.notification.no-leader.timeout = 120s (custom)
2019-09-26 19:35:53,918 [pool-271-thread-1] INFO  server.RaftServerConfigKeys (ConfUtils.java:logGet(43)) - raft.server.log.use.memory = false (default)
2019-09-26 19:35:53,918 [pool-271-thread-1] INFO  server.RaftServerConfigKeys (ConfUtils.java:logGet(43)) - raft.server.log.purge.gap = 1000000 (custom)
2019-09-26 19:35:53,918 [pool-271-thread-1] INFO  server.RaftServerConfigKeys (ConfUtils.java:logGet(43)) - raft.server.log.appender.buffer.byte-limit = 33554432 (custom)
2019-09-26 19:35:53,918 [pool-271-thread-1] INFO  server.RaftServerConfigKeys (ConfUtils.java:logGet(43)) - raft.server.log.segment.size.max = 1048576 (custom)
2019-09-26 19:35:53,918 [pool-271-thread-1] INFO  server.RaftServerConfigKeys (ConfUtils.java:logGet(43)) - raft.server.log.segment.cache.num.max = 2 (custom)
2019-09-26 19:35:53,918 [pool-271-thread-1] INFO  segmented.SegmentedRaftLogWorker (SegmentedRaftLogWorker.java:<init>(172)) - new 728ea44c-f097-440a-a87e-c27a68d48f14@group-ABC7E5868541-SegmentedRaftLogWorker for RaftStorage:Storage Directory /workdir/hadoop-ozone/integration-test/target/test-dir/MiniOzoneClusterImpl-2f79a7d3-d7ae-4963-8370-12bb1e2132d7/datanode-1/data/ratis/e5191def-d350-4bf9-8ae3-abc7e5868541
2019-09-26 19:35:53,918 [pool-271-thread-1] INFO  server.RaftServerConfigKeys (ConfUtils.java:logGet(43)) - raft.server.log.queue.byte-limit = 2147483647 (custom)
2019-09-26 19:35:53,918 [pool-271-thread-1] INFO  server.RaftServerConfigKeys (ConfUtils.java:logGet(43)) - raft.server.log.queue.element-limit = 1024 (custom)
2019-09-26 19:35:53,919 [pool-271-thread-1] INFO  server.RaftServerConfigKeys (ConfUtils.java:logGet(43)) - raft.server.log.segment.size.max = 1048576 (custom)
2019-09-26 19:35:53,919 [pool-271-thread-1] INFO  server.RaftServerConfigKeys (ConfUtils.java:logGet(43)) - raft.server.log.preallocated.size = 16384 (custom)
2019-09-26 19:35:53,919 [pool-271-thread-1] INFO  server.RaftServerConfigKeys (ConfUtils.java:logGet(43)) - raft.server.log.write.buffer.size = 33554432 (custom)
2019-09-26 19:35:53,919 [pool-271-thread-1] INFO  server.RaftServerConfigKeys (ConfUtils.java:logGet(43)) - raft.server.log.force.sync.num = 128 (default)
2019-09-26 19:35:53,919 [pool-271-thread-1] INFO  server.RaftServerConfigKeys (ConfUtils.java:logGet(43)) - raft.server.log.statemachine.data.sync = true (default)
2019-09-26 19:35:53,919 [pool-271-thread-1] INFO  server.RaftServerConfigKeys (ConfUtils.java:logGet(43)) - raft.server.log.statemachine.data.sync.timeout = 10s (default)
2019-09-26 19:35:53,919 [pool-271-thread-1] INFO  server.RaftServerConfigKeys (ConfUtils.java:logGet(43)) - raft.server.log.statemachine.data.sync.timeout.retry = -1 (default)
2019-09-26 19:35:53,919 [pool-271-thread-1] INFO  server.RaftServerConfigKeys (ConfUtils.java:logGet(43)) - raft.server.log.statemachine.data.caching.enabled = true (custom)
2019-09-26 19:35:53,919 [pool-271-thread-1] INFO  segmented.SegmentedRaftLogWorker (SegmentedRaftLogWorker.java:lambda$new$0(132)) - 728ea44c-f097-440a-a87e-c27a68d48f14@group-ABC7E5868541-SegmentedRaftLogWorker: flushIndex: setUnconditionally 0 -> -1
2019-09-26 19:35:53,919 [pool-271-thread-1] INFO  server.RaftServerConfigKeys (ConfUtils.java:logGet(43)) - raft.server.snapshot.auto.trigger.enabled = true (custom)
2019-09-26 19:35:53,920 [pool-271-thread-1] INFO  server.RaftServerConfigKeys (ConfUtils.java:logGet(43)) - raft.server.snapshot.auto.trigger.threshold = 10000 (custom)
2019-09-26 19:35:53,920 [pool-271-thread-1] INFO  server.RaftServerConfigKeys (ConfUtils.java:logGet(43)) - raft.server.snapshot.retention.num.files = 5 (custom)
2019-09-26 19:35:53,920 [pool-271-thread-1] INFO  server.RaftServerConfigKeys (ConfUtils.java:logGet(43)) - raft.server.retrycache.expirytime = 600000ms (custom)
2019-09-26 19:35:53,921 [pool-271-thread-1] INFO  impl.RaftServerImpl (RaftServerImpl.java:start(185)) - 728ea44c-f097-440a-a87e-c27a68d48f14@group-ABC7E5868541: start as a follower, conf=-1: [728ea44c-f097-440a-a87e-c27a68d48f14:192.168.151.99:38783], old=null
2019-09-26 19:35:53,921 [pool-271-thread-1] INFO  impl.RaftServerImpl (RaftServerImpl.java:setRole(174)) - 728ea44c-f097-440a-a87e-c27a68d48f14@group-ABC7E5868541: changes role from      null to FOLLOWER at term 0 for startAsFollower
2019-09-26 19:35:53,921 [pool-271-thread-1] INFO  impl.RoleInfo (RoleInfo.java:updateAndGet(143)) - 728ea44c-f097-440a-a87e-c27a68d48f14: start FollowerState
2019-09-26 19:35:53,921 [pool-271-thread-1] INFO  util.JmxRegister (JmxRegister.java:tryRegister(44)) - Successfully registered JMX Bean with object name Ratis:service=RaftServer,group=group-ABC7E5868541,id=728ea44c-f097-440a-a87e-c27a68d48f14
2019-09-26 19:35:53,923 [RatisPipelineUtilsThread] INFO  pipeline.PipelineStateManager (PipelineStateManager.java:addPipeline(56)) - Created pipeline Pipeline[ Id: e5191def-d350-4bf9-8ae3-abc7e5868541, Nodes: 728ea44c-f097-440a-a87e-c27a68d48f14{ip: 192.168.151.99, host: pr-hdds-1569-g6sp5-2013761785, networkLocation: /rack1, certSerialId: null}, Type:RATIS, Factor:ONE, State:OPEN]
2019-09-26 19:35:53,925 [grpc-default-executor-2] INFO  impl.RaftServerProxy (RaftServerProxy.java:addNew(89)) - 27cb48db-4b88-4c0c-b213-19f9b2fffaff: addNew group-35F628342D26:[27cb48db-4b88-4c0c-b213-19f9b2fffaff:192.168.151.99:37457] returns group-35F628342D26:java.util.concurrent.CompletableFuture@1e0109a0[Not completed]
2019-09-26 19:35:53,926 [pool-261-thread-1] INFO  impl.RaftServerImpl (RaftServerImpl.java:<init>(95)) - 27cb48db-4b88-4c0c-b213-19f9b2fffaff: new RaftServerImpl for group-35F628342D26:[27cb48db-4b88-4c0c-b213-19f9b2fffaff:192.168.151.99:37457] with ContainerStateMachine:uninitialized
2019-09-26 19:35:53,926 [pool-261-thread-1] INFO  server.RaftServerConfigKeys (ConfUtils.java:logGet(43)) - raft.server.rpc.timeout.min = 5s (custom)
2019-09-26 19:35:53,926 [pool-261-thread-1] INFO  server.RaftServerConfigKeys (ConfUtils.java:logGet(43)) - raft.server.rpc.timeout.max = 5200ms (custom)
2019-09-26 19:35:53,926 [pool-261-thread-1] INFO  server.RaftServerConfigKeys (ConfUtils.java:logGet(43)) - raft.server.rpcslowness.timeout = 120s (custom)
2019-09-26 19:35:53,926 [pool-261-thread-1] INFO  server.RaftServerConfigKeys (ConfUtils.java:logGet(43)) - raft.server.sleep.deviation.threshold = 300 (default)
2019-09-26 19:35:53,926 [pool-261-thread-1] INFO  server.RaftServerConfigKeys (ConfUtils.java:logGet(43)) - raft.server.log.appender.install.snapshot.enabled = false (custom)
2019-09-26 19:35:53,926 [pool-261-thread-1] INFO  impl.RaftServerImpl (ServerState.java:<init>(103)) - 27cb48db-4b88-4c0c-b213-19f9b2fffaff@group-35F628342D26: ConfigurationManager, init=-1: [27cb48db-4b88-4c0c-b213-19f9b2fffaff:192.168.151.99:37457], old=null, confs=<EMPTY_MAP>
2019-09-26 19:35:53,926 [pool-261-thread-1] INFO  server.RaftServerConfigKeys (ConfUtils.java:logGet(43)) - raft.server.storage.dir = [/workdir/hadoop-ozone/integration-test/target/test-dir/MiniOzoneClusterImpl-2f79a7d3-d7ae-4963-8370-12bb1e2132d7/datanode-0/data/ratis] (custom)
2019-09-26 19:35:53,927 [pool-261-thread-1] INFO  storage.RaftStorageDirectory (RaftStorageDirectory.java:analyzeStorage(246)) - The storage directory /workdir/hadoop-ozone/integration-test/target/test-dir/MiniOzoneClusterImpl-2f79a7d3-d7ae-4963-8370-12bb1e2132d7/datanode-0/data/ratis/3b946b3a-63d6-425f-8d2e-35f628342d26 does not exist. Creating ...
2019-09-26 19:35:53,940 [pool-261-thread-1] INFO  storage.RaftStorageDirectory (RaftStorageDirectory.java:tryLock(328)) - Lock on /workdir/hadoop-ozone/integration-test/target/test-dir/MiniOzoneClusterImpl-2f79a7d3-d7ae-4963-8370-12bb1e2132d7/datanode-0/data/ratis/3b946b3a-63d6-425f-8d2e-35f628342d26/in_use.lock acquired by nodename 17888@pr-hdds-1569-g6sp5-2013761785
2019-09-26 19:35:53,953 [pool-261-thread-1] INFO  storage.RaftStorage (RaftStorage.java:format(72)) - Storage directory /workdir/hadoop-ozone/integration-test/target/test-dir/MiniOzoneClusterImpl-2f79a7d3-d7ae-4963-8370-12bb1e2132d7/datanode-0/data/ratis/3b946b3a-63d6-425f-8d2e-35f628342d26 has been successfully formatted.
2019-09-26 19:35:53,953 [pool-261-thread-1] INFO  ratis.ContainerStateMachine (ContainerStateMachine.java:loadSnapshot(230)) - group-35F628342D26: The snapshot info is null. Setting the last applied indexto:(t:0, i:~)
2019-09-26 19:35:53,953 [pool-261-thread-1] INFO  server.RaftServerConfigKeys (ConfUtils.java:logGet(43)) - raft.server.notification.no-leader.timeout = 120s (custom)
2019-09-26 19:35:53,953 [pool-261-thread-1] INFO  server.RaftServerConfigKeys (ConfUtils.java:logGet(43)) - raft.server.log.use.memory = false (default)
2019-09-26 19:35:53,954 [pool-261-thread-1] INFO  server.RaftServerConfigKeys (ConfUtils.java:logGet(43)) - raft.server.log.purge.gap = 1000000 (custom)
2019-09-26 19:35:53,954 [pool-261-thread-1] INFO  server.RaftServerConfigKeys (ConfUtils.java:logGet(43)) - raft.server.log.appender.buffer.byte-limit = 33554432 (custom)
2019-09-26 19:35:53,954 [pool-261-thread-1] INFO  server.RaftServerConfigKeys (ConfUtils.java:logGet(43)) - raft.server.log.segment.size.max = 1048576 (custom)
2019-09-26 19:35:53,954 [pool-261-thread-1] INFO  server.RaftServerConfigKeys (ConfUtils.java:logGet(43)) - raft.server.log.segment.cache.num.max = 2 (custom)
2019-09-26 19:35:53,954 [pool-261-thread-1] INFO  segmented.SegmentedRaftLogWorker (SegmentedRaftLogWorker.java:<init>(172)) - new 27cb48db-4b88-4c0c-b213-19f9b2fffaff@group-35F628342D26-SegmentedRaftLogWorker for RaftStorage:Storage Directory /workdir/hadoop-ozone/integration-test/target/test-dir/MiniOzoneClusterImpl-2f79a7d3-d7ae-4963-8370-12bb1e2132d7/datanode-0/data/ratis/3b946b3a-63d6-425f-8d2e-35f628342d26
2019-09-26 19:35:53,954 [pool-261-thread-1] INFO  server.RaftServerConfigKeys (ConfUtils.java:logGet(43)) - raft.server.log.queue.byte-limit = 2147483647 (custom)
2019-09-26 19:35:53,954 [pool-261-thread-1] INFO  server.RaftServerConfigKeys (ConfUtils.java:logGet(43)) - raft.server.log.queue.element-limit = 1024 (custom)
2019-09-26 19:35:53,954 [pool-261-thread-1] INFO  server.RaftServerConfigKeys (ConfUtils.java:logGet(43)) - raft.server.log.segment.size.max = 1048576 (custom)
2019-09-26 19:35:53,954 [pool-261-thread-1] INFO  server.RaftServerConfigKeys (ConfUtils.java:logGet(43)) - raft.server.log.preallocated.size = 16384 (custom)
2019-09-26 19:35:53,954 [pool-261-thread-1] INFO  server.RaftServerConfigKeys (ConfUtils.java:logGet(43)) - raft.server.log.write.buffer.size = 33554432 (custom)
2019-09-26 19:35:53,955 [pool-261-thread-1] INFO  server.RaftServerConfigKeys (ConfUtils.java:logGet(43)) - raft.server.log.force.sync.num = 128 (default)
2019-09-26 19:35:53,955 [pool-261-thread-1] INFO  server.RaftServerConfigKeys (ConfUtils.java:logGet(43)) - raft.server.log.statemachine.data.sync = true (default)
2019-09-26 19:35:53,955 [pool-261-thread-1] INFO  server.RaftServerConfigKeys (ConfUtils.java:logGet(43)) - raft.server.log.statemachine.data.sync.timeout = 10s (default)
2019-09-26 19:35:53,955 [pool-261-thread-1] INFO  server.RaftServerConfigKeys (ConfUtils.java:logGet(43)) - raft.server.log.statemachine.data.sync.timeout.retry = -1 (default)
2019-09-26 19:35:53,955 [pool-261-thread-1] INFO  server.RaftServerConfigKeys (ConfUtils.java:logGet(43)) - raft.server.log.statemachine.data.caching.enabled = true (custom)
2019-09-26 19:35:53,955 [pool-261-thread-1] INFO  segmented.SegmentedRaftLogWorker (SegmentedRaftLogWorker.java:lambda$new$0(132)) - 27cb48db-4b88-4c0c-b213-19f9b2fffaff@group-35F628342D26-SegmentedRaftLogWorker: flushIndex: setUnconditionally 0 -> -1
2019-09-26 19:35:53,955 [pool-261-thread-1] INFO  server.RaftServerConfigKeys (ConfUtils.java:logGet(43)) - raft.server.snapshot.auto.trigger.enabled = true (custom)
2019-09-26 19:35:53,955 [pool-261-thread-1] INFO  server.RaftServerConfigKeys (ConfUtils.java:logGet(43)) - raft.server.snapshot.auto.trigger.threshold = 10000 (custom)
2019-09-26 19:35:53,956 [pool-261-thread-1] INFO  server.RaftServerConfigKeys (ConfUtils.java:logGet(43)) - raft.server.snapshot.retention.num.files = 5 (custom)
2019-09-26 19:35:53,956 [pool-261-thread-1] INFO  server.RaftServerConfigKeys (ConfUtils.java:logGet(43)) - raft.server.retrycache.expirytime = 600000ms (custom)
2019-09-26 19:35:53,957 [pool-261-thread-1] INFO  impl.RaftServerImpl (RaftServerImpl.java:start(185)) - 27cb48db-4b88-4c0c-b213-19f9b2fffaff@group-35F628342D26: start as a follower, conf=-1: [27cb48db-4b88-4c0c-b213-19f9b2fffaff:192.168.151.99:37457], old=null
2019-09-26 19:35:53,957 [pool-261-thread-1] INFO  impl.RaftServerImpl (RaftServerImpl.java:setRole(174)) - 27cb48db-4b88-4c0c-b213-19f9b2fffaff@group-35F628342D26: changes role from      null to FOLLOWER at term 0 for startAsFollower
2019-09-26 19:35:53,957 [pool-261-thread-1] INFO  impl.RoleInfo (RoleInfo.java:updateAndGet(143)) - 27cb48db-4b88-4c0c-b213-19f9b2fffaff: start FollowerState
2019-09-26 19:35:53,957 [pool-261-thread-1] INFO  util.JmxRegister (JmxRegister.java:tryRegister(44)) - Successfully registered JMX Bean with object name Ratis:service=RaftServer,group=group-35F628342D26,id=27cb48db-4b88-4c0c-b213-19f9b2fffaff
2019-09-26 19:35:53,959 [RatisPipelineUtilsThread] INFO  pipeline.PipelineStateManager (PipelineStateManager.java:addPipeline(56)) - Created pipeline Pipeline[ Id: 3b946b3a-63d6-425f-8d2e-35f628342d26, Nodes: 27cb48db-4b88-4c0c-b213-19f9b2fffaff{ip: 192.168.151.99, host: pr-hdds-1569-g6sp5-2013761785, networkLocation: /rack1, certSerialId: null}, Type:RATIS, Factor:ONE, State:OPEN]
2019-09-26 19:35:53,961 [grpc-default-executor-2] INFO  impl.RaftServerProxy (RaftServerProxy.java:addNew(89)) - 728ea44c-f097-440a-a87e-c27a68d48f14: addNew group-CC96227F08CF:[728ea44c-f097-440a-a87e-c27a68d48f14:192.168.151.99:38783] returns group-CC96227F08CF:java.util.concurrent.CompletableFuture@48bc0e26[Not completed]
2019-09-26 19:35:53,962 [pool-271-thread-1] INFO  impl.RaftServerImpl (RaftServerImpl.java:<init>(95)) - 728ea44c-f097-440a-a87e-c27a68d48f14: new RaftServerImpl for group-CC96227F08CF:[728ea44c-f097-440a-a87e-c27a68d48f14:192.168.151.99:38783] with ContainerStateMachine:uninitialized
2019-09-26 19:35:53,962 [pool-271-thread-1] INFO  server.RaftServerConfigKeys (ConfUtils.java:logGet(43)) - raft.server.rpc.timeout.min = 5s (custom)
2019-09-26 19:35:53,962 [pool-271-thread-1] INFO  server.RaftServerConfigKeys (ConfUtils.java:logGet(43)) - raft.server.rpc.timeout.max = 5200ms (custom)
2019-09-26 19:35:53,962 [pool-271-thread-1] INFO  server.RaftServerConfigKeys (ConfUtils.java:logGet(43)) - raft.server.rpcslowness.timeout = 120s (custom)
2019-09-26 19:35:53,962 [pool-271-thread-1] INFO  server.RaftServerConfigKeys (ConfUtils.java:logGet(43)) - raft.server.sleep.deviation.threshold = 300 (default)
2019-09-26 19:35:53,962 [pool-271-thread-1] INFO  server.RaftServerConfigKeys (ConfUtils.java:logGet(43)) - raft.server.log.appender.install.snapshot.enabled = false (custom)
2019-09-26 19:35:53,962 [pool-271-thread-1] INFO  impl.RaftServerImpl (ServerState.java:<init>(103)) - 728ea44c-f097-440a-a87e-c27a68d48f14@group-CC96227F08CF: ConfigurationManager, init=-1: [728ea44c-f097-440a-a87e-c27a68d48f14:192.168.151.99:38783], old=null, confs=<EMPTY_MAP>
2019-09-26 19:35:53,962 [pool-271-thread-1] INFO  server.RaftServerConfigKeys (ConfUtils.java:logGet(43)) - raft.server.storage.dir = [/workdir/hadoop-ozone/integration-test/target/test-dir/MiniOzoneClusterImpl-2f79a7d3-d7ae-4963-8370-12bb1e2132d7/datanode-1/data/ratis] (custom)
2019-09-26 19:35:53,963 [pool-271-thread-1] INFO  storage.RaftStorageDirectory (RaftStorageDirectory.java:analyzeStorage(246)) - The storage directory /workdir/hadoop-ozone/integration-test/target/test-dir/MiniOzoneClusterImpl-2f79a7d3-d7ae-4963-8370-12bb1e2132d7/datanode-1/data/ratis/05586280-7a06-46c4-b680-cc96227f08cf does not exist. Creating ...
2019-09-26 19:35:53,975 [pool-271-thread-1] INFO  storage.RaftStorageDirectory (RaftStorageDirectory.java:tryLock(328)) - Lock on /workdir/hadoop-ozone/integration-test/target/test-dir/MiniOzoneClusterImpl-2f79a7d3-d7ae-4963-8370-12bb1e2132d7/datanode-1/data/ratis/05586280-7a06-46c4-b680-cc96227f08cf/in_use.lock acquired by nodename 17888@pr-hdds-1569-g6sp5-2013761785
2019-09-26 19:35:53,989 [pool-271-thread-1] INFO  storage.RaftStorage (RaftStorage.java:format(72)) - Storage directory /workdir/hadoop-ozone/integration-test/target/test-dir/MiniOzoneClusterImpl-2f79a7d3-d7ae-4963-8370-12bb1e2132d7/datanode-1/data/ratis/05586280-7a06-46c4-b680-cc96227f08cf has been successfully formatted.
2019-09-26 19:35:53,989 [pool-271-thread-1] INFO  ratis.ContainerStateMachine (ContainerStateMachine.java:loadSnapshot(230)) - group-CC96227F08CF: The snapshot info is null. Setting the last applied indexto:(t:0, i:~)
2019-09-26 19:35:53,989 [pool-271-thread-1] INFO  server.RaftServerConfigKeys (ConfUtils.java:logGet(43)) - raft.server.notification.no-leader.timeout = 120s (custom)
2019-09-26 19:35:53,989 [pool-271-thread-1] INFO  server.RaftServerConfigKeys (ConfUtils.java:logGet(43)) - raft.server.log.use.memory = false (default)
2019-09-26 19:35:53,989 [pool-271-thread-1] INFO  server.RaftServerConfigKeys (ConfUtils.java:logGet(43)) - raft.server.log.purge.gap = 1000000 (custom)
2019-09-26 19:35:53,989 [pool-271-thread-1] INFO  server.RaftServerConfigKeys (ConfUtils.java:logGet(43)) - raft.server.log.appender.buffer.byte-limit = 33554432 (custom)
2019-09-26 19:35:53,990 [pool-271-thread-1] INFO  server.RaftServerConfigKeys (ConfUtils.java:logGet(43)) - raft.server.log.segment.size.max = 1048576 (custom)
2019-09-26 19:35:53,990 [pool-271-thread-1] INFO  server.RaftServerConfigKeys (ConfUtils.java:logGet(43)) - raft.server.log.segment.cache.num.max = 2 (custom)
2019-09-26 19:35:53,990 [pool-271-thread-1] INFO  segmented.SegmentedRaftLogWorker (SegmentedRaftLogWorker.java:<init>(172)) - new 728ea44c-f097-440a-a87e-c27a68d48f14@group-CC96227F08CF-SegmentedRaftLogWorker for RaftStorage:Storage Directory /workdir/hadoop-ozone/integration-test/target/test-dir/MiniOzoneClusterImpl-2f79a7d3-d7ae-4963-8370-12bb1e2132d7/datanode-1/data/ratis/05586280-7a06-46c4-b680-cc96227f08cf
2019-09-26 19:35:53,990 [pool-271-thread-1] INFO  server.RaftServerConfigKeys (ConfUtils.java:logGet(43)) - raft.server.log.queue.byte-limit = 2147483647 (custom)
2019-09-26 19:35:53,990 [pool-271-thread-1] INFO  server.RaftServerConfigKeys (ConfUtils.java:logGet(43)) - raft.server.log.queue.element-limit = 1024 (custom)
2019-09-26 19:35:53,990 [pool-271-thread-1] INFO  server.RaftServerConfigKeys (ConfUtils.java:logGet(43)) - raft.server.log.segment.size.max = 1048576 (custom)
2019-09-26 19:35:53,990 [pool-271-thread-1] INFO  server.RaftServerConfigKeys (ConfUtils.java:logGet(43)) - raft.server.log.preallocated.size = 16384 (custom)
2019-09-26 19:35:53,990 [pool-271-thread-1] INFO  server.RaftServerConfigKeys (ConfUtils.java:logGet(43)) - raft.server.log.write.buffer.size = 33554432 (custom)
2019-09-26 19:35:53,990 [pool-271-thread-1] INFO  server.RaftServerConfigKeys (ConfUtils.java:logGet(43)) - raft.server.log.force.sync.num = 128 (default)
2019-09-26 19:35:53,991 [pool-271-thread-1] INFO  server.RaftServerConfigKeys (ConfUtils.java:logGet(43)) - raft.server.log.statemachine.data.sync = true (default)
2019-09-26 19:35:53,991 [pool-271-thread-1] INFO  server.RaftServerConfigKeys (ConfUtils.java:logGet(43)) - raft.server.log.statemachine.data.sync.timeout = 10s (default)
2019-09-26 19:35:53,991 [pool-271-thread-1] INFO  server.RaftServerConfigKeys (ConfUtils.java:logGet(43)) - raft.server.log.statemachine.data.sync.timeout.retry = -1 (default)
2019-09-26 19:35:53,991 [pool-271-thread-1] INFO  server.RaftServerConfigKeys (ConfUtils.java:logGet(43)) - raft.server.log.statemachine.data.caching.enabled = true (custom)
2019-09-26 19:35:53,991 [pool-271-thread-1] INFO  segmented.SegmentedRaftLogWorker (SegmentedRaftLogWorker.java:lambda$new$0(132)) - 728ea44c-f097-440a-a87e-c27a68d48f14@group-CC96227F08CF-SegmentedRaftLogWorker: flushIndex: setUnconditionally 0 -> -1
2019-09-26 19:35:53,991 [pool-271-thread-1] INFO  server.RaftServerConfigKeys (ConfUtils.java:logGet(43)) - raft.server.snapshot.auto.trigger.enabled = true (custom)
2019-09-26 19:35:53,992 [pool-271-thread-1] INFO  server.RaftServerConfigKeys (ConfUtils.java:logGet(43)) - raft.server.snapshot.auto.trigger.threshold = 10000 (custom)
2019-09-26 19:35:53,992 [pool-271-thread-1] INFO  server.RaftServerConfigKeys (ConfUtils.java:logGet(43)) - raft.server.snapshot.retention.num.files = 5 (custom)
2019-09-26 19:35:53,992 [pool-271-thread-1] INFO  server.RaftServerConfigKeys (ConfUtils.java:logGet(43)) - raft.server.retrycache.expirytime = 600000ms (custom)
2019-09-26 19:35:53,993 [pool-271-thread-1] INFO  impl.RaftServerImpl (RaftServerImpl.java:start(185)) - 728ea44c-f097-440a-a87e-c27a68d48f14@group-CC96227F08CF: start as a follower, conf=-1: [728ea44c-f097-440a-a87e-c27a68d48f14:192.168.151.99:38783], old=null
2019-09-26 19:35:53,993 [pool-271-thread-1] INFO  impl.RaftServerImpl (RaftServerImpl.java:setRole(174)) - 728ea44c-f097-440a-a87e-c27a68d48f14@group-CC96227F08CF: changes role from      null to FOLLOWER at term 0 for startAsFollower
2019-09-26 19:35:53,993 [pool-271-thread-1] INFO  impl.RoleInfo (RoleInfo.java:updateAndGet(143)) - 728ea44c-f097-440a-a87e-c27a68d48f14: start FollowerState
2019-09-26 19:35:53,994 [pool-271-thread-1] INFO  util.JmxRegister (JmxRegister.java:tryRegister(44)) - Successfully registered JMX Bean with object name Ratis:service=RaftServer,group=group-CC96227F08CF,id=728ea44c-f097-440a-a87e-c27a68d48f14
2019-09-26 19:35:53,995 [RatisPipelineUtilsThread] INFO  pipeline.PipelineStateManager (PipelineStateManager.java:addPipeline(56)) - Created pipeline Pipeline[ Id: 05586280-7a06-46c4-b680-cc96227f08cf, Nodes: 728ea44c-f097-440a-a87e-c27a68d48f14{ip: 192.168.151.99, host: pr-hdds-1569-g6sp5-2013761785, networkLocation: /rack1, certSerialId: null}, Type:RATIS, Factor:ONE, State:OPEN]
2019-09-26 19:35:53,998 [grpc-default-executor-2] INFO  impl.RaftServerProxy (RaftServerProxy.java:addNew(89)) - 728ea44c-f097-440a-a87e-c27a68d48f14: addNew group-B3F8A4006BE0:[728ea44c-f097-440a-a87e-c27a68d48f14:192.168.151.99:38783] returns group-B3F8A4006BE0:java.util.concurrent.CompletableFuture@71504961[Not completed]
2019-09-26 19:35:53,998 [pool-271-thread-1] INFO  impl.RaftServerImpl (RaftServerImpl.java:<init>(95)) - 728ea44c-f097-440a-a87e-c27a68d48f14: new RaftServerImpl for group-B3F8A4006BE0:[728ea44c-f097-440a-a87e-c27a68d48f14:192.168.151.99:38783] with ContainerStateMachine:uninitialized
2019-09-26 19:35:53,998 [pool-271-thread-1] INFO  server.RaftServerConfigKeys (ConfUtils.java:logGet(43)) - raft.server.rpc.timeout.min = 5s (custom)
2019-09-26 19:35:53,999 [pool-271-thread-1] INFO  server.RaftServerConfigKeys (ConfUtils.java:logGet(43)) - raft.server.rpc.timeout.max = 5200ms (custom)
2019-09-26 19:35:53,999 [pool-271-thread-1] INFO  server.RaftServerConfigKeys (ConfUtils.java:logGet(43)) - raft.server.rpcslowness.timeout = 120s (custom)
2019-09-26 19:35:53,999 [pool-271-thread-1] INFO  server.RaftServerConfigKeys (ConfUtils.java:logGet(43)) - raft.server.sleep.deviation.threshold = 300 (default)
2019-09-26 19:35:53,999 [pool-271-thread-1] INFO  server.RaftServerConfigKeys (ConfUtils.java:logGet(43)) - raft.server.log.appender.install.snapshot.enabled = false (custom)
2019-09-26 19:35:53,999 [pool-271-thread-1] INFO  impl.RaftServerImpl (ServerState.java:<init>(103)) - 728ea44c-f097-440a-a87e-c27a68d48f14@group-B3F8A4006BE0: ConfigurationManager, init=-1: [728ea44c-f097-440a-a87e-c27a68d48f14:192.168.151.99:38783], old=null, confs=<EMPTY_MAP>
2019-09-26 19:35:53,999 [pool-271-thread-1] INFO  server.RaftServerConfigKeys (ConfUtils.java:logGet(43)) - raft.server.storage.dir = [/workdir/hadoop-ozone/integration-test/target/test-dir/MiniOzoneClusterImpl-2f79a7d3-d7ae-4963-8370-12bb1e2132d7/datanode-1/data/ratis] (custom)
2019-09-26 19:35:53,999 [pool-271-thread-1] INFO  storage.RaftStorageDirectory (RaftStorageDirectory.java:analyzeStorage(246)) - The storage directory /workdir/hadoop-ozone/integration-test/target/test-dir/MiniOzoneClusterImpl-2f79a7d3-d7ae-4963-8370-12bb1e2132d7/datanode-1/data/ratis/762807b6-d40e-4fc5-98ee-b3f8a4006be0 does not exist. Creating ...
2019-09-26 19:35:54,012 [pool-271-thread-1] INFO  storage.RaftStorageDirectory (RaftStorageDirectory.java:tryLock(328)) - Lock on /workdir/hadoop-ozone/integration-test/target/test-dir/MiniOzoneClusterImpl-2f79a7d3-d7ae-4963-8370-12bb1e2132d7/datanode-1/data/ratis/762807b6-d40e-4fc5-98ee-b3f8a4006be0/in_use.lock acquired by nodename 17888@pr-hdds-1569-g6sp5-2013761785
2019-09-26 19:35:54,025 [pool-271-thread-1] INFO  storage.RaftStorage (RaftStorage.java:format(72)) - Storage directory /workdir/hadoop-ozone/integration-test/target/test-dir/MiniOzoneClusterImpl-2f79a7d3-d7ae-4963-8370-12bb1e2132d7/datanode-1/data/ratis/762807b6-d40e-4fc5-98ee-b3f8a4006be0 has been successfully formatted.
2019-09-26 19:35:54,025 [pool-271-thread-1] INFO  ratis.ContainerStateMachine (ContainerStateMachine.java:loadSnapshot(230)) - group-B3F8A4006BE0: The snapshot info is null. Setting the last applied indexto:(t:0, i:~)
2019-09-26 19:35:54,025 [pool-271-thread-1] INFO  server.RaftServerConfigKeys (ConfUtils.java:logGet(43)) - raft.server.notification.no-leader.timeout = 120s (custom)
2019-09-26 19:35:54,025 [pool-271-thread-1] INFO  server.RaftServerConfigKeys (ConfUtils.java:logGet(43)) - raft.server.log.use.memory = false (default)
2019-09-26 19:35:54,025 [pool-271-thread-1] INFO  server.RaftServerConfigKeys (ConfUtils.java:logGet(43)) - raft.server.log.purge.gap = 1000000 (custom)
2019-09-26 19:35:54,026 [pool-271-thread-1] INFO  server.RaftServerConfigKeys (ConfUtils.java:logGet(43)) - raft.server.log.appender.buffer.byte-limit = 33554432 (custom)
2019-09-26 19:35:54,026 [pool-271-thread-1] INFO  server.RaftServerConfigKeys (ConfUtils.java:logGet(43)) - raft.server.log.segment.size.max = 1048576 (custom)
2019-09-26 19:35:54,026 [pool-271-thread-1] INFO  server.RaftServerConfigKeys (ConfUtils.java:logGet(43)) - raft.server.log.segment.cache.num.max = 2 (custom)
2019-09-26 19:35:54,026 [pool-271-thread-1] INFO  segmented.SegmentedRaftLogWorker (SegmentedRaftLogWorker.java:<init>(172)) - new 728ea44c-f097-440a-a87e-c27a68d48f14@group-B3F8A4006BE0-SegmentedRaftLogWorker for RaftStorage:Storage Directory /workdir/hadoop-ozone/integration-test/target/test-dir/MiniOzoneClusterImpl-2f79a7d3-d7ae-4963-8370-12bb1e2132d7/datanode-1/data/ratis/762807b6-d40e-4fc5-98ee-b3f8a4006be0
2019-09-26 19:35:54,026 [pool-271-thread-1] INFO  server.RaftServerConfigKeys (ConfUtils.java:logGet(43)) - raft.server.log.queue.byte-limit = 2147483647 (custom)
2019-09-26 19:35:54,026 [pool-271-thread-1] INFO  server.RaftServerConfigKeys (ConfUtils.java:logGet(43)) - raft.server.log.queue.element-limit = 1024 (custom)
2019-09-26 19:35:54,026 [pool-271-thread-1] INFO  server.RaftServerConfigKeys (ConfUtils.java:logGet(43)) - raft.server.log.segment.size.max = 1048576 (custom)
2019-09-26 19:35:54,026 [pool-271-thread-1] INFO  server.RaftServerConfigKeys (ConfUtils.java:logGet(43)) - raft.server.log.preallocated.size = 16384 (custom)
2019-09-26 19:35:54,027 [pool-271-thread-1] INFO  server.RaftServerConfigKeys (ConfUtils.java:logGet(43)) - raft.server.log.write.buffer.size = 33554432 (custom)
2019-09-26 19:35:54,027 [pool-271-thread-1] INFO  server.RaftServerConfigKeys (ConfUtils.java:logGet(43)) - raft.server.log.force.sync.num = 128 (default)
2019-09-26 19:35:54,027 [pool-271-thread-1] INFO  server.RaftServerConfigKeys (ConfUtils.java:logGet(43)) - raft.server.log.statemachine.data.sync = true (default)
2019-09-26 19:35:54,027 [pool-271-thread-1] INFO  server.RaftServerConfigKeys (ConfUtils.java:logGet(43)) - raft.server.log.statemachine.data.sync.timeout = 10s (default)
2019-09-26 19:35:54,027 [pool-271-thread-1] INFO  server.RaftServerConfigKeys (ConfUtils.java:logGet(43)) - raft.server.log.statemachine.data.sync.timeout.retry = -1 (default)
2019-09-26 19:35:54,027 [pool-271-thread-1] INFO  server.RaftServerConfigKeys (ConfUtils.java:logGet(43)) - raft.server.log.statemachine.data.caching.enabled = true (custom)
2019-09-26 19:35:54,027 [pool-271-thread-1] INFO  segmented.SegmentedRaftLogWorker (SegmentedRaftLogWorker.java:lambda$new$0(132)) - 728ea44c-f097-440a-a87e-c27a68d48f14@group-B3F8A4006BE0-SegmentedRaftLogWorker: flushIndex: setUnconditionally 0 -> -1
2019-09-26 19:35:54,028 [pool-271-thread-1] INFO  server.RaftServerConfigKeys (ConfUtils.java:logGet(43)) - raft.server.snapshot.auto.trigger.enabled = true (custom)
2019-09-26 19:35:54,028 [pool-271-thread-1] INFO  server.RaftServerConfigKeys (ConfUtils.java:logGet(43)) - raft.server.snapshot.auto.trigger.threshold = 10000 (custom)
2019-09-26 19:35:54,028 [pool-271-thread-1] INFO  server.RaftServerConfigKeys (ConfUtils.java:logGet(43)) - raft.server.snapshot.retention.num.files = 5 (custom)
2019-09-26 19:35:54,028 [pool-271-thread-1] INFO  server.RaftServerConfigKeys (ConfUtils.java:logGet(43)) - raft.server.retrycache.expirytime = 600000ms (custom)
2019-09-26 19:35:54,029 [pool-271-thread-1] INFO  impl.RaftServerImpl (RaftServerImpl.java:start(185)) - 728ea44c-f097-440a-a87e-c27a68d48f14@group-B3F8A4006BE0: start as a follower, conf=-1: [728ea44c-f097-440a-a87e-c27a68d48f14:192.168.151.99:38783], old=null
2019-09-26 19:35:54,029 [pool-271-thread-1] INFO  impl.RaftServerImpl (RaftServerImpl.java:setRole(174)) - 728ea44c-f097-440a-a87e-c27a68d48f14@group-B3F8A4006BE0: changes role from      null to FOLLOWER at term 0 for startAsFollower
2019-09-26 19:35:54,029 [pool-271-thread-1] INFO  impl.RoleInfo (RoleInfo.java:updateAndGet(143)) - 728ea44c-f097-440a-a87e-c27a68d48f14: start FollowerState
2019-09-26 19:35:54,030 [pool-271-thread-1] INFO  util.JmxRegister (JmxRegister.java:tryRegister(44)) - Successfully registered JMX Bean with object name Ratis:service=RaftServer,group=group-B3F8A4006BE0,id=728ea44c-f097-440a-a87e-c27a68d48f14
2019-09-26 19:35:54,031 [RatisPipelineUtilsThread] INFO  pipeline.PipelineStateManager (PipelineStateManager.java:addPipeline(56)) - Created pipeline Pipeline[ Id: 762807b6-d40e-4fc5-98ee-b3f8a4006be0, Nodes: 728ea44c-f097-440a-a87e-c27a68d48f14{ip: 192.168.151.99, host: pr-hdds-1569-g6sp5-2013761785, networkLocation: /rack1, certSerialId: null}, Type:RATIS, Factor:ONE, State:OPEN]
2019-09-26 19:35:54,033 [grpc-default-executor-2] INFO  impl.RaftServerProxy (RaftServerProxy.java:addNew(89)) - 728ea44c-f097-440a-a87e-c27a68d48f14: addNew group-479242AB1E57:[728ea44c-f097-440a-a87e-c27a68d48f14:192.168.151.99:38783] returns group-479242AB1E57:java.util.concurrent.CompletableFuture@65c6c487[Not completed]
2019-09-26 19:35:54,034 [pool-271-thread-1] INFO  impl.RaftServerImpl (RaftServerImpl.java:<init>(95)) - 728ea44c-f097-440a-a87e-c27a68d48f14: new RaftServerImpl for group-479242AB1E57:[728ea44c-f097-440a-a87e-c27a68d48f14:192.168.151.99:38783] with ContainerStateMachine:uninitialized
2019-09-26 19:35:54,034 [pool-271-thread-1] INFO  server.RaftServerConfigKeys (ConfUtils.java:logGet(43)) - raft.server.rpc.timeout.min = 5s (custom)
2019-09-26 19:35:54,034 [pool-271-thread-1] INFO  server.RaftServerConfigKeys (ConfUtils.java:logGet(43)) - raft.server.rpc.timeout.max = 5200ms (custom)
2019-09-26 19:35:54,034 [pool-271-thread-1] INFO  server.RaftServerConfigKeys (ConfUtils.java:logGet(43)) - raft.server.rpcslowness.timeout = 120s (custom)
2019-09-26 19:35:54,034 [pool-271-thread-1] INFO  server.RaftServerConfigKeys (ConfUtils.java:logGet(43)) - raft.server.sleep.deviation.threshold = 300 (default)
2019-09-26 19:35:54,034 [pool-271-thread-1] INFO  server.RaftServerConfigKeys (ConfUtils.java:logGet(43)) - raft.server.log.appender.install.snapshot.enabled = false (custom)
2019-09-26 19:35:54,034 [pool-271-thread-1] INFO  impl.RaftServerImpl (ServerState.java:<init>(103)) - 728ea44c-f097-440a-a87e-c27a68d48f14@group-479242AB1E57: ConfigurationManager, init=-1: [728ea44c-f097-440a-a87e-c27a68d48f14:192.168.151.99:38783], old=null, confs=<EMPTY_MAP>
2019-09-26 19:35:54,034 [pool-271-thread-1] INFO  server.RaftServerConfigKeys (ConfUtils.java:logGet(43)) - raft.server.storage.dir = [/workdir/hadoop-ozone/integration-test/target/test-dir/MiniOzoneClusterImpl-2f79a7d3-d7ae-4963-8370-12bb1e2132d7/datanode-1/data/ratis] (custom)
2019-09-26 19:35:54,035 [pool-271-thread-1] INFO  storage.RaftStorageDirectory (RaftStorageDirectory.java:analyzeStorage(246)) - The storage directory /workdir/hadoop-ozone/integration-test/target/test-dir/MiniOzoneClusterImpl-2f79a7d3-d7ae-4963-8370-12bb1e2132d7/datanode-1/data/ratis/3c665eed-5d84-4282-8fd2-479242ab1e57 does not exist. Creating ...
2019-09-26 19:35:54,038 [pool-271-thread-1] INFO  storage.RaftStorageDirectory (RaftStorageDirectory.java:tryLock(328)) - Lock on /workdir/hadoop-ozone/integration-test/target/test-dir/MiniOzoneClusterImpl-2f79a7d3-d7ae-4963-8370-12bb1e2132d7/datanode-1/data/ratis/3c665eed-5d84-4282-8fd2-479242ab1e57/in_use.lock acquired by nodename 17888@pr-hdds-1569-g6sp5-2013761785
2019-09-26 19:35:54,043 [pool-271-thread-1] INFO  storage.RaftStorage (RaftStorage.java:format(72)) - Storage directory /workdir/hadoop-ozone/integration-test/target/test-dir/MiniOzoneClusterImpl-2f79a7d3-d7ae-4963-8370-12bb1e2132d7/datanode-1/data/ratis/3c665eed-5d84-4282-8fd2-479242ab1e57 has been successfully formatted.
2019-09-26 19:35:54,043 [pool-271-thread-1] INFO  ratis.ContainerStateMachine (ContainerStateMachine.java:loadSnapshot(230)) - group-479242AB1E57: The snapshot info is null. Setting the last applied indexto:(t:0, i:~)
2019-09-26 19:35:54,043 [pool-271-thread-1] INFO  server.RaftServerConfigKeys (ConfUtils.java:logGet(43)) - raft.server.notification.no-leader.timeout = 120s (custom)
2019-09-26 19:35:54,043 [pool-271-thread-1] INFO  server.RaftServerConfigKeys (ConfUtils.java:logGet(43)) - raft.server.log.use.memory = false (default)
2019-09-26 19:35:54,043 [pool-271-thread-1] INFO  server.RaftServerConfigKeys (ConfUtils.java:logGet(43)) - raft.server.log.purge.gap = 1000000 (custom)
2019-09-26 19:35:54,043 [pool-271-thread-1] INFO  server.RaftServerConfigKeys (ConfUtils.java:logGet(43)) - raft.server.log.appender.buffer.byte-limit = 33554432 (custom)
2019-09-26 19:35:54,044 [pool-271-thread-1] INFO  server.RaftServerConfigKeys (ConfUtils.java:logGet(43)) - raft.server.log.segment.size.max = 1048576 (custom)
2019-09-26 19:35:54,044 [pool-271-thread-1] INFO  server.RaftServerConfigKeys (ConfUtils.java:logGet(43)) - raft.server.log.segment.cache.num.max = 2 (custom)
2019-09-26 19:35:54,044 [pool-271-thread-1] INFO  segmented.SegmentedRaftLogWorker (SegmentedRaftLogWorker.java:<init>(172)) - new 728ea44c-f097-440a-a87e-c27a68d48f14@group-479242AB1E57-SegmentedRaftLogWorker for RaftStorage:Storage Directory /workdir/hadoop-ozone/integration-test/target/test-dir/MiniOzoneClusterImpl-2f79a7d3-d7ae-4963-8370-12bb1e2132d7/datanode-1/data/ratis/3c665eed-5d84-4282-8fd2-479242ab1e57
2019-09-26 19:35:54,044 [pool-271-thread-1] INFO  server.RaftServerConfigKeys (ConfUtils.java:logGet(43)) - raft.server.log.queue.byte-limit = 2147483647 (custom)
2019-09-26 19:35:54,044 [pool-271-thread-1] INFO  server.RaftServerConfigKeys (ConfUtils.java:logGet(43)) - raft.server.log.queue.element-limit = 1024 (custom)
2019-09-26 19:35:54,044 [pool-271-thread-1] INFO  server.RaftServerConfigKeys (ConfUtils.java:logGet(43)) - raft.server.log.segment.size.max = 1048576 (custom)
2019-09-26 19:35:54,044 [pool-271-thread-1] INFO  server.RaftServerConfigKeys (ConfUtils.java:logGet(43)) - raft.server.log.preallocated.size = 16384 (custom)
2019-09-26 19:35:54,044 [pool-271-thread-1] INFO  server.RaftServerConfigKeys (ConfUtils.java:logGet(43)) - raft.server.log.write.buffer.size = 33554432 (custom)
2019-09-26 19:35:54,045 [pool-271-thread-1] INFO  server.RaftServerConfigKeys (ConfUtils.java:logGet(43)) - raft.server.log.force.sync.num = 128 (default)
2019-09-26 19:35:54,045 [pool-271-thread-1] INFO  server.RaftServerConfigKeys (ConfUtils.java:logGet(43)) - raft.server.log.statemachine.data.sync = true (default)
2019-09-26 19:35:54,045 [pool-271-thread-1] INFO  server.RaftServerConfigKeys (ConfUtils.java:logGet(43)) - raft.server.log.statemachine.data.sync.timeout = 10s (default)
2019-09-26 19:35:54,045 [pool-271-thread-1] INFO  server.RaftServerConfigKeys (ConfUtils.java:logGet(43)) - raft.server.log.statemachine.data.sync.timeout.retry = -1 (default)
2019-09-26 19:35:54,045 [pool-271-thread-1] INFO  server.RaftServerConfigKeys (ConfUtils.java:logGet(43)) - raft.server.log.statemachine.data.caching.enabled = true (custom)
2019-09-26 19:35:54,045 [pool-271-thread-1] INFO  segmented.SegmentedRaftLogWorker (SegmentedRaftLogWorker.java:lambda$new$0(132)) - 728ea44c-f097-440a-a87e-c27a68d48f14@group-479242AB1E57-SegmentedRaftLogWorker: flushIndex: setUnconditionally 0 -> -1
2019-09-26 19:35:54,045 [pool-271-thread-1] INFO  server.RaftServerConfigKeys (ConfUtils.java:logGet(43)) - raft.server.snapshot.auto.trigger.enabled = true (custom)
2019-09-26 19:35:54,045 [pool-271-thread-1] INFO  server.RaftServerConfigKeys (ConfUtils.java:logGet(43)) - raft.server.snapshot.auto.trigger.threshold = 10000 (custom)
2019-09-26 19:35:54,046 [pool-271-thread-1] INFO  server.RaftServerConfigKeys (ConfUtils.java:logGet(43)) - raft.server.snapshot.retention.num.files = 5 (custom)
2019-09-26 19:35:54,046 [pool-271-thread-1] INFO  server.RaftServerConfigKeys (ConfUtils.java:logGet(43)) - raft.server.retrycache.expirytime = 600000ms (custom)
2019-09-26 19:35:54,047 [pool-271-thread-1] INFO  impl.RaftServerImpl (RaftServerImpl.java:start(185)) - 728ea44c-f097-440a-a87e-c27a68d48f14@group-479242AB1E57: start as a follower, conf=-1: [728ea44c-f097-440a-a87e-c27a68d48f14:192.168.151.99:38783], old=null
2019-09-26 19:35:54,047 [pool-271-thread-1] INFO  impl.RaftServerImpl (RaftServerImpl.java:setRole(174)) - 728ea44c-f097-440a-a87e-c27a68d48f14@group-479242AB1E57: changes role from      null to FOLLOWER at term 0 for startAsFollower
2019-09-26 19:35:54,047 [pool-271-thread-1] INFO  impl.RoleInfo (RoleInfo.java:updateAndGet(143)) - 728ea44c-f097-440a-a87e-c27a68d48f14: start FollowerState
2019-09-26 19:35:54,047 [pool-271-thread-1] INFO  util.JmxRegister (JmxRegister.java:tryRegister(44)) - Successfully registered JMX Bean with object name Ratis:service=RaftServer,group=group-479242AB1E57,id=728ea44c-f097-440a-a87e-c27a68d48f14
2019-09-26 19:35:54,049 [RatisPipelineUtilsThread] INFO  pipeline.PipelineStateManager (PipelineStateManager.java:addPipeline(56)) - Created pipeline Pipeline[ Id: 3c665eed-5d84-4282-8fd2-479242ab1e57, Nodes: 728ea44c-f097-440a-a87e-c27a68d48f14{ip: 192.168.151.99, host: pr-hdds-1569-g6sp5-2013761785, networkLocation: /rack1, certSerialId: null}, Type:RATIS, Factor:ONE, State:OPEN]
2019-09-26 19:35:54,050 [grpc-default-executor-2] INFO  impl.RaftServerProxy (RaftServerProxy.java:addNew(89)) - 27cb48db-4b88-4c0c-b213-19f9b2fffaff: addNew group-941E0A5CDC52:[27cb48db-4b88-4c0c-b213-19f9b2fffaff:192.168.151.99:37457] returns group-941E0A5CDC52:java.util.concurrent.CompletableFuture@21925b31[Not completed]
2019-09-26 19:35:54,051 [pool-261-thread-1] INFO  impl.RaftServerImpl (RaftServerImpl.java:<init>(95)) - 27cb48db-4b88-4c0c-b213-19f9b2fffaff: new RaftServerImpl for group-941E0A5CDC52:[27cb48db-4b88-4c0c-b213-19f9b2fffaff:192.168.151.99:37457] with ContainerStateMachine:uninitialized
2019-09-26 19:35:54,051 [pool-261-thread-1] INFO  server.RaftServerConfigKeys (ConfUtils.java:logGet(43)) - raft.server.rpc.timeout.min = 5s (custom)
2019-09-26 19:35:54,051 [pool-261-thread-1] INFO  server.RaftServerConfigKeys (ConfUtils.java:logGet(43)) - raft.server.rpc.timeout.max = 5200ms (custom)
2019-09-26 19:35:54,051 [pool-261-thread-1] INFO  server.RaftServerConfigKeys (ConfUtils.java:logGet(43)) - raft.server.rpcslowness.timeout = 120s (custom)
2019-09-26 19:35:54,051 [pool-261-thread-1] INFO  server.RaftServerConfigKeys (ConfUtils.java:logGet(43)) - raft.server.sleep.deviation.threshold = 300 (default)
2019-09-26 19:35:54,051 [pool-261-thread-1] INFO  server.RaftServerConfigKeys (ConfUtils.java:logGet(43)) - raft.server.log.appender.install.snapshot.enabled = false (custom)
2019-09-26 19:35:54,051 [pool-261-thread-1] INFO  impl.RaftServerImpl (ServerState.java:<init>(103)) - 27cb48db-4b88-4c0c-b213-19f9b2fffaff@group-941E0A5CDC52: ConfigurationManager, init=-1: [27cb48db-4b88-4c0c-b213-19f9b2fffaff:192.168.151.99:37457], old=null, confs=<EMPTY_MAP>
2019-09-26 19:35:54,051 [pool-261-thread-1] INFO  server.RaftServerConfigKeys (ConfUtils.java:logGet(43)) - raft.server.storage.dir = [/workdir/hadoop-ozone/integration-test/target/test-dir/MiniOzoneClusterImpl-2f79a7d3-d7ae-4963-8370-12bb1e2132d7/datanode-0/data/ratis] (custom)
2019-09-26 19:35:54,052 [pool-261-thread-1] INFO  storage.RaftStorageDirectory (RaftStorageDirectory.java:analyzeStorage(246)) - The storage directory /workdir/hadoop-ozone/integration-test/target/test-dir/MiniOzoneClusterImpl-2f79a7d3-d7ae-4963-8370-12bb1e2132d7/datanode-0/data/ratis/e4ba1ab6-bbee-4894-8d1a-941e0a5cdc52 does not exist. Creating ...
2019-09-26 19:35:54,055 [pool-261-thread-1] INFO  storage.RaftStorageDirectory (RaftStorageDirectory.java:tryLock(328)) - Lock on /workdir/hadoop-ozone/integration-test/target/test-dir/MiniOzoneClusterImpl-2f79a7d3-d7ae-4963-8370-12bb1e2132d7/datanode-0/data/ratis/e4ba1ab6-bbee-4894-8d1a-941e0a5cdc52/in_use.lock acquired by nodename 17888@pr-hdds-1569-g6sp5-2013761785
2019-09-26 19:35:54,060 [pool-261-thread-1] INFO  storage.RaftStorage (RaftStorage.java:format(72)) - Storage directory /workdir/hadoop-ozone/integration-test/target/test-dir/MiniOzoneClusterImpl-2f79a7d3-d7ae-4963-8370-12bb1e2132d7/datanode-0/data/ratis/e4ba1ab6-bbee-4894-8d1a-941e0a5cdc52 has been successfully formatted.
2019-09-26 19:35:54,060 [pool-261-thread-1] INFO  ratis.ContainerStateMachine (ContainerStateMachine.java:loadSnapshot(230)) - group-941E0A5CDC52: The snapshot info is null. Setting the last applied indexto:(t:0, i:~)
2019-09-26 19:35:54,060 [pool-261-thread-1] INFO  server.RaftServerConfigKeys (ConfUtils.java:logGet(43)) - raft.server.notification.no-leader.timeout = 120s (custom)
2019-09-26 19:35:54,060 [pool-261-thread-1] INFO  server.RaftServerConfigKeys (ConfUtils.java:logGet(43)) - raft.server.log.use.memory = false (default)
2019-09-26 19:35:54,060 [pool-261-thread-1] INFO  server.RaftServerConfigKeys (ConfUtils.java:logGet(43)) - raft.server.log.purge.gap = 1000000 (custom)
2019-09-26 19:35:54,060 [pool-261-thread-1] INFO  server.RaftServerConfigKeys (ConfUtils.java:logGet(43)) - raft.server.log.appender.buffer.byte-limit = 33554432 (custom)
2019-09-26 19:35:54,060 [pool-261-thread-1] INFO  server.RaftServerConfigKeys (ConfUtils.java:logGet(43)) - raft.server.log.segment.size.max = 1048576 (custom)
2019-09-26 19:35:54,061 [pool-261-thread-1] INFO  server.RaftServerConfigKeys (ConfUtils.java:logGet(43)) - raft.server.log.segment.cache.num.max = 2 (custom)
2019-09-26 19:35:54,061 [pool-261-thread-1] INFO  segmented.SegmentedRaftLogWorker (SegmentedRaftLogWorker.java:<init>(172)) - new 27cb48db-4b88-4c0c-b213-19f9b2fffaff@group-941E0A5CDC52-SegmentedRaftLogWorker for RaftStorage:Storage Directory /workdir/hadoop-ozone/integration-test/target/test-dir/MiniOzoneClusterImpl-2f79a7d3-d7ae-4963-8370-12bb1e2132d7/datanode-0/data/ratis/e4ba1ab6-bbee-4894-8d1a-941e0a5cdc52
2019-09-26 19:35:54,061 [pool-261-thread-1] INFO  server.RaftServerConfigKeys (ConfUtils.java:logGet(43)) - raft.server.log.queue.byte-limit = 2147483647 (custom)
2019-09-26 19:35:54,061 [pool-261-thread-1] INFO  server.RaftServerConfigKeys (ConfUtils.java:logGet(43)) - raft.server.log.queue.element-limit = 1024 (custom)
2019-09-26 19:35:54,061 [pool-261-thread-1] INFO  server.RaftServerConfigKeys (ConfUtils.java:logGet(43)) - raft.server.log.segment.size.max = 1048576 (custom)
2019-09-26 19:35:54,061 [pool-261-thread-1] INFO  server.RaftServerConfigKeys (ConfUtils.java:logGet(43)) - raft.server.log.preallocated.size = 16384 (custom)
2019-09-26 19:35:54,062 [pool-261-thread-1] INFO  server.RaftServerConfigKeys (ConfUtils.java:logGet(43)) - raft.server.log.write.buffer.size = 33554432 (custom)
2019-09-26 19:35:54,062 [pool-261-thread-1] INFO  server.RaftServerConfigKeys (ConfUtils.java:logGet(43)) - raft.server.log.force.sync.num = 128 (default)
2019-09-26 19:35:54,062 [pool-261-thread-1] INFO  server.RaftServerConfigKeys (ConfUtils.java:logGet(43)) - raft.server.log.statemachine.data.sync = true (default)
2019-09-26 19:35:54,062 [pool-261-thread-1] INFO  server.RaftServerConfigKeys (ConfUtils.java:logGet(43)) - raft.server.log.statemachine.data.sync.timeout = 10s (default)
2019-09-26 19:35:54,062 [pool-261-thread-1] INFO  server.RaftServerConfigKeys (ConfUtils.java:logGet(43)) - raft.server.log.statemachine.data.sync.timeout.retry = -1 (default)
2019-09-26 19:35:54,062 [pool-261-thread-1] INFO  server.RaftServerConfigKeys (ConfUtils.java:logGet(43)) - raft.server.log.statemachine.data.caching.enabled = true (custom)
2019-09-26 19:35:54,062 [pool-261-thread-1] INFO  segmented.SegmentedRaftLogWorker (SegmentedRaftLogWorker.java:lambda$new$0(132)) - 27cb48db-4b88-4c0c-b213-19f9b2fffaff@group-941E0A5CDC52-SegmentedRaftLogWorker: flushIndex: setUnconditionally 0 -> -1
2019-09-26 19:35:54,063 [pool-261-thread-1] INFO  server.RaftServerConfigKeys (ConfUtils.java:logGet(43)) - raft.server.snapshot.auto.trigger.enabled = true (custom)
2019-09-26 19:35:54,063 [pool-261-thread-1] INFO  server.RaftServerConfigKeys (ConfUtils.java:logGet(43)) - raft.server.snapshot.auto.trigger.threshold = 10000 (custom)
2019-09-26 19:35:54,063 [pool-261-thread-1] INFO  server.RaftServerConfigKeys (ConfUtils.java:logGet(43)) - raft.server.snapshot.retention.num.files = 5 (custom)
2019-09-26 19:35:54,063 [pool-261-thread-1] INFO  server.RaftServerConfigKeys (ConfUtils.java:logGet(43)) - raft.server.retrycache.expirytime = 600000ms (custom)
2019-09-26 19:35:54,065 [pool-261-thread-1] INFO  impl.RaftServerImpl (RaftServerImpl.java:start(185)) - 27cb48db-4b88-4c0c-b213-19f9b2fffaff@group-941E0A5CDC52: start as a follower, conf=-1: [27cb48db-4b88-4c0c-b213-19f9b2fffaff:192.168.151.99:37457], old=null
2019-09-26 19:35:54,065 [pool-261-thread-1] INFO  impl.RaftServerImpl (RaftServerImpl.java:setRole(174)) - 27cb48db-4b88-4c0c-b213-19f9b2fffaff@group-941E0A5CDC52: changes role from      null to FOLLOWER at term 0 for startAsFollower
2019-09-26 19:35:54,065 [pool-261-thread-1] INFO  impl.RoleInfo (RoleInfo.java:updateAndGet(143)) - 27cb48db-4b88-4c0c-b213-19f9b2fffaff: start FollowerState
2019-09-26 19:35:54,065 [pool-261-thread-1] INFO  util.JmxRegister (JmxRegister.java:tryRegister(44)) - Successfully registered JMX Bean with object name Ratis:service=RaftServer,group=group-941E0A5CDC52,id=27cb48db-4b88-4c0c-b213-19f9b2fffaff
2019-09-26 19:35:54,067 [RatisPipelineUtilsThread] INFO  pipeline.PipelineStateManager (PipelineStateManager.java:addPipeline(56)) - Created pipeline Pipeline[ Id: e4ba1ab6-bbee-4894-8d1a-941e0a5cdc52, Nodes: 27cb48db-4b88-4c0c-b213-19f9b2fffaff{ip: 192.168.151.99, host: pr-hdds-1569-g6sp5-2013761785, networkLocation: /rack1, certSerialId: null}, Type:RATIS, Factor:ONE, State:OPEN]
2019-09-26 19:35:54,068 [grpc-default-executor-2] INFO  impl.RaftServerProxy (RaftServerProxy.java:addNew(89)) - 728ea44c-f097-440a-a87e-c27a68d48f14: addNew group-BA05DBCD694E:[728ea44c-f097-440a-a87e-c27a68d48f14:192.168.151.99:38783] returns group-BA05DBCD694E:java.util.concurrent.CompletableFuture@2625fb17[Not completed]
2019-09-26 19:35:54,069 [pool-271-thread-1] INFO  impl.RaftServerImpl (RaftServerImpl.java:<init>(95)) - 728ea44c-f097-440a-a87e-c27a68d48f14: new RaftServerImpl for group-BA05DBCD694E:[728ea44c-f097-440a-a87e-c27a68d48f14:192.168.151.99:38783] with ContainerStateMachine:uninitialized
2019-09-26 19:35:54,069 [pool-271-thread-1] INFO  server.RaftServerConfigKeys (ConfUtils.java:logGet(43)) - raft.server.rpc.timeout.min = 5s (custom)
2019-09-26 19:35:54,069 [pool-271-thread-1] INFO  server.RaftServerConfigKeys (ConfUtils.java:logGet(43)) - raft.server.rpc.timeout.max = 5200ms (custom)
2019-09-26 19:35:54,069 [pool-271-thread-1] INFO  server.RaftServerConfigKeys (ConfUtils.java:logGet(43)) - raft.server.rpcslowness.timeout = 120s (custom)
2019-09-26 19:35:54,069 [pool-271-thread-1] INFO  server.RaftServerConfigKeys (ConfUtils.java:logGet(43)) - raft.server.sleep.deviation.threshold = 300 (default)
2019-09-26 19:35:54,070 [pool-271-thread-1] INFO  server.RaftServerConfigKeys (ConfUtils.java:logGet(43)) - raft.server.log.appender.install.snapshot.enabled = false (custom)
2019-09-26 19:35:54,070 [pool-271-thread-1] INFO  impl.RaftServerImpl (ServerState.java:<init>(103)) - 728ea44c-f097-440a-a87e-c27a68d48f14@group-BA05DBCD694E: ConfigurationManager, init=-1: [728ea44c-f097-440a-a87e-c27a68d48f14:192.168.151.99:38783], old=null, confs=<EMPTY_MAP>
2019-09-26 19:35:54,070 [pool-271-thread-1] INFO  server.RaftServerConfigKeys (ConfUtils.java:logGet(43)) - raft.server.storage.dir = [/workdir/hadoop-ozone/integration-test/target/test-dir/MiniOzoneClusterImpl-2f79a7d3-d7ae-4963-8370-12bb1e2132d7/datanode-1/data/ratis] (custom)
2019-09-26 19:35:54,070 [pool-271-thread-1] INFO  storage.RaftStorageDirectory (RaftStorageDirectory.java:analyzeStorage(246)) - The storage directory /workdir/hadoop-ozone/integration-test/target/test-dir/MiniOzoneClusterImpl-2f79a7d3-d7ae-4963-8370-12bb1e2132d7/datanode-1/data/ratis/9e912b84-66bc-496d-aa68-ba05dbcd694e does not exist. Creating ...
2019-09-26 19:35:54,075 [pool-271-thread-1] INFO  storage.RaftStorageDirectory (RaftStorageDirectory.java:tryLock(328)) - Lock on /workdir/hadoop-ozone/integration-test/target/test-dir/MiniOzoneClusterImpl-2f79a7d3-d7ae-4963-8370-12bb1e2132d7/datanode-1/data/ratis/9e912b84-66bc-496d-aa68-ba05dbcd694e/in_use.lock acquired by nodename 17888@pr-hdds-1569-g6sp5-2013761785
2019-09-26 19:35:54,117 [pool-271-thread-1] INFO  storage.RaftStorage (RaftStorage.java:format(72)) - Storage directory /workdir/hadoop-ozone/integration-test/target/test-dir/MiniOzoneClusterImpl-2f79a7d3-d7ae-4963-8370-12bb1e2132d7/datanode-1/data/ratis/9e912b84-66bc-496d-aa68-ba05dbcd694e has been successfully formatted.
2019-09-26 19:35:54,117 [pool-271-thread-1] INFO  ratis.ContainerStateMachine (ContainerStateMachine.java:loadSnapshot(230)) - group-BA05DBCD694E: The snapshot info is null. Setting the last applied indexto:(t:0, i:~)
2019-09-26 19:35:54,117 [pool-271-thread-1] INFO  server.RaftServerConfigKeys (ConfUtils.java:logGet(43)) - raft.server.notification.no-leader.timeout = 120s (custom)
2019-09-26 19:35:54,117 [pool-271-thread-1] INFO  server.RaftServerConfigKeys (ConfUtils.java:logGet(43)) - raft.server.log.use.memory = false (default)
2019-09-26 19:35:54,117 [pool-271-thread-1] INFO  server.RaftServerConfigKeys (ConfUtils.java:logGet(43)) - raft.server.log.purge.gap = 1000000 (custom)
2019-09-26 19:35:54,118 [pool-271-thread-1] INFO  server.RaftServerConfigKeys (ConfUtils.java:logGet(43)) - raft.server.log.appender.buffer.byte-limit = 33554432 (custom)
2019-09-26 19:35:54,118 [pool-271-thread-1] INFO  server.RaftServerConfigKeys (ConfUtils.java:logGet(43)) - raft.server.log.segment.size.max = 1048576 (custom)
2019-09-26 19:35:54,118 [pool-271-thread-1] INFO  server.RaftServerConfigKeys (ConfUtils.java:logGet(43)) - raft.server.log.segment.cache.num.max = 2 (custom)
2019-09-26 19:35:54,118 [pool-271-thread-1] INFO  segmented.SegmentedRaftLogWorker (SegmentedRaftLogWorker.java:<init>(172)) - new 728ea44c-f097-440a-a87e-c27a68d48f14@group-BA05DBCD694E-SegmentedRaftLogWorker for RaftStorage:Storage Directory /workdir/hadoop-ozone/integration-test/target/test-dir/MiniOzoneClusterImpl-2f79a7d3-d7ae-4963-8370-12bb1e2132d7/datanode-1/data/ratis/9e912b84-66bc-496d-aa68-ba05dbcd694e
2019-09-26 19:35:54,118 [pool-271-thread-1] INFO  server.RaftServerConfigKeys (ConfUtils.java:logGet(43)) - raft.server.log.queue.byte-limit = 2147483647 (custom)
2019-09-26 19:35:54,118 [pool-271-thread-1] INFO  server.RaftServerConfigKeys (ConfUtils.java:logGet(43)) - raft.server.log.queue.element-limit = 1024 (custom)
2019-09-26 19:35:54,118 [pool-271-thread-1] INFO  server.RaftServerConfigKeys (ConfUtils.java:logGet(43)) - raft.server.log.segment.size.max = 1048576 (custom)
2019-09-26 19:35:54,119 [pool-271-thread-1] INFO  server.RaftServerConfigKeys (ConfUtils.java:logGet(43)) - raft.server.log.preallocated.size = 16384 (custom)
2019-09-26 19:35:54,119 [pool-271-thread-1] INFO  server.RaftServerConfigKeys (ConfUtils.java:logGet(43)) - raft.server.log.write.buffer.size = 33554432 (custom)
2019-09-26 19:35:54,119 [pool-271-thread-1] INFO  server.RaftServerConfigKeys (ConfUtils.java:logGet(43)) - raft.server.log.force.sync.num = 128 (default)
2019-09-26 19:35:54,119 [pool-271-thread-1] INFO  server.RaftServerConfigKeys (ConfUtils.java:logGet(43)) - raft.server.log.statemachine.data.sync = true (default)
2019-09-26 19:35:54,119 [pool-271-thread-1] INFO  server.RaftServerConfigKeys (ConfUtils.java:logGet(43)) - raft.server.log.statemachine.data.sync.timeout = 10s (default)
2019-09-26 19:35:54,119 [pool-271-thread-1] INFO  server.RaftServerConfigKeys (ConfUtils.java:logGet(43)) - raft.server.log.statemachine.data.sync.timeout.retry = -1 (default)
2019-09-26 19:35:54,119 [pool-271-thread-1] INFO  server.RaftServerConfigKeys (ConfUtils.java:logGet(43)) - raft.server.log.statemachine.data.caching.enabled = true (custom)
2019-09-26 19:35:54,120 [pool-271-thread-1] INFO  segmented.SegmentedRaftLogWorker (SegmentedRaftLogWorker.java:lambda$new$0(132)) - 728ea44c-f097-440a-a87e-c27a68d48f14@group-BA05DBCD694E-SegmentedRaftLogWorker: flushIndex: setUnconditionally 0 -> -1
2019-09-26 19:35:54,120 [pool-271-thread-1] INFO  server.RaftServerConfigKeys (ConfUtils.java:logGet(43)) - raft.server.snapshot.auto.trigger.enabled = true (custom)
2019-09-26 19:35:54,120 [pool-271-thread-1] INFO  server.RaftServerConfigKeys (ConfUtils.java:logGet(43)) - raft.server.snapshot.auto.trigger.threshold = 10000 (custom)
2019-09-26 19:35:54,120 [pool-271-thread-1] INFO  server.RaftServerConfigKeys (ConfUtils.java:logGet(43)) - raft.server.snapshot.retention.num.files = 5 (custom)
2019-09-26 19:35:54,120 [pool-271-thread-1] INFO  server.RaftServerConfigKeys (ConfUtils.java:logGet(43)) - raft.server.retrycache.expirytime = 600000ms (custom)
2019-09-26 19:35:54,122 [pool-271-thread-1] INFO  impl.RaftServerImpl (RaftServerImpl.java:start(185)) - 728ea44c-f097-440a-a87e-c27a68d48f14@group-BA05DBCD694E: start as a follower, conf=-1: [728ea44c-f097-440a-a87e-c27a68d48f14:192.168.151.99:38783], old=null
2019-09-26 19:35:54,122 [pool-271-thread-1] INFO  impl.RaftServerImpl (RaftServerImpl.java:setRole(174)) - 728ea44c-f097-440a-a87e-c27a68d48f14@group-BA05DBCD694E: changes role from      null to FOLLOWER at term 0 for startAsFollower
2019-09-26 19:35:54,123 [pool-271-thread-1] INFO  impl.RoleInfo (RoleInfo.java:updateAndGet(143)) - 728ea44c-f097-440a-a87e-c27a68d48f14: start FollowerState
2019-09-26 19:35:54,123 [pool-271-thread-1] INFO  util.JmxRegister (JmxRegister.java:tryRegister(44)) - Successfully registered JMX Bean with object name Ratis:service=RaftServer,group=group-BA05DBCD694E,id=728ea44c-f097-440a-a87e-c27a68d48f14
2019-09-26 19:35:54,124 [RatisPipelineUtilsThread] INFO  pipeline.PipelineStateManager (PipelineStateManager.java:addPipeline(56)) - Created pipeline Pipeline[ Id: 9e912b84-66bc-496d-aa68-ba05dbcd694e, Nodes: 728ea44c-f097-440a-a87e-c27a68d48f14{ip: 192.168.151.99, host: pr-hdds-1569-g6sp5-2013761785, networkLocation: /rack1, certSerialId: null}, Type:RATIS, Factor:ONE, State:OPEN]
2019-09-26 19:35:54,126 [grpc-default-executor-2] INFO  impl.RaftServerProxy (RaftServerProxy.java:addNew(89)) - 27cb48db-4b88-4c0c-b213-19f9b2fffaff: addNew group-00AA9E0C696D:[27cb48db-4b88-4c0c-b213-19f9b2fffaff:192.168.151.99:37457] returns group-00AA9E0C696D:java.util.concurrent.CompletableFuture@17ffa884[Not completed]
2019-09-26 19:35:54,127 [pool-261-thread-1] INFO  impl.RaftServerImpl (RaftServerImpl.java:<init>(95)) - 27cb48db-4b88-4c0c-b213-19f9b2fffaff: new RaftServerImpl for group-00AA9E0C696D:[27cb48db-4b88-4c0c-b213-19f9b2fffaff:192.168.151.99:37457] with ContainerStateMachine:uninitialized
2019-09-26 19:35:54,127 [pool-261-thread-1] INFO  server.RaftServerConfigKeys (ConfUtils.java:logGet(43)) - raft.server.rpc.timeout.min = 5s (custom)
2019-09-26 19:35:54,127 [pool-261-thread-1] INFO  server.RaftServerConfigKeys (ConfUtils.java:logGet(43)) - raft.server.rpc.timeout.max = 5200ms (custom)
2019-09-26 19:35:54,127 [pool-261-thread-1] INFO  server.RaftServerConfigKeys (ConfUtils.java:logGet(43)) - raft.server.rpcslowness.timeout = 120s (custom)
2019-09-26 19:35:54,127 [pool-261-thread-1] INFO  server.RaftServerConfigKeys (ConfUtils.java:logGet(43)) - raft.server.sleep.deviation.threshold = 300 (default)
2019-09-26 19:35:54,128 [pool-261-thread-1] INFO  server.RaftServerConfigKeys (ConfUtils.java:logGet(43)) - raft.server.log.appender.install.snapshot.enabled = false (custom)
2019-09-26 19:35:54,128 [pool-261-thread-1] INFO  impl.RaftServerImpl (ServerState.java:<init>(103)) - 27cb48db-4b88-4c0c-b213-19f9b2fffaff@group-00AA9E0C696D: ConfigurationManager, init=-1: [27cb48db-4b88-4c0c-b213-19f9b2fffaff:192.168.151.99:37457], old=null, confs=<EMPTY_MAP>
2019-09-26 19:35:54,128 [pool-261-thread-1] INFO  server.RaftServerConfigKeys (ConfUtils.java:logGet(43)) - raft.server.storage.dir = [/workdir/hadoop-ozone/integration-test/target/test-dir/MiniOzoneClusterImpl-2f79a7d3-d7ae-4963-8370-12bb1e2132d7/datanode-0/data/ratis] (custom)
2019-09-26 19:35:54,128 [pool-261-thread-1] INFO  storage.RaftStorageDirectory (RaftStorageDirectory.java:analyzeStorage(246)) - The storage directory /workdir/hadoop-ozone/integration-test/target/test-dir/MiniOzoneClusterImpl-2f79a7d3-d7ae-4963-8370-12bb1e2132d7/datanode-0/data/ratis/e81ff793-0515-4272-bf84-00aa9e0c696d does not exist. Creating ...
2019-09-26 19:35:54,135 [pool-261-thread-1] INFO  storage.RaftStorageDirectory (RaftStorageDirectory.java:tryLock(328)) - Lock on /workdir/hadoop-ozone/integration-test/target/test-dir/MiniOzoneClusterImpl-2f79a7d3-d7ae-4963-8370-12bb1e2132d7/datanode-0/data/ratis/e81ff793-0515-4272-bf84-00aa9e0c696d/in_use.lock acquired by nodename 17888@pr-hdds-1569-g6sp5-2013761785
2019-09-26 19:35:54,149 [pool-261-thread-1] INFO  storage.RaftStorage (RaftStorage.java:format(72)) - Storage directory /workdir/hadoop-ozone/integration-test/target/test-dir/MiniOzoneClusterImpl-2f79a7d3-d7ae-4963-8370-12bb1e2132d7/datanode-0/data/ratis/e81ff793-0515-4272-bf84-00aa9e0c696d has been successfully formatted.
2019-09-26 19:35:54,149 [pool-261-thread-1] INFO  ratis.ContainerStateMachine (ContainerStateMachine.java:loadSnapshot(230)) - group-00AA9E0C696D: The snapshot info is null. Setting the last applied indexto:(t:0, i:~)
2019-09-26 19:35:54,149 [pool-261-thread-1] INFO  server.RaftServerConfigKeys (ConfUtils.java:logGet(43)) - raft.server.notification.no-leader.timeout = 120s (custom)
2019-09-26 19:35:54,149 [pool-261-thread-1] INFO  server.RaftServerConfigKeys (ConfUtils.java:logGet(43)) - raft.server.log.use.memory = false (default)
2019-09-26 19:35:54,149 [pool-261-thread-1] INFO  server.RaftServerConfigKeys (ConfUtils.java:logGet(43)) - raft.server.log.purge.gap = 1000000 (custom)
2019-09-26 19:35:54,150 [pool-261-thread-1] INFO  server.RaftServerConfigKeys (ConfUtils.java:logGet(43)) - raft.server.log.appender.buffer.byte-limit = 33554432 (custom)
2019-09-26 19:35:54,150 [pool-261-thread-1] INFO  server.RaftServerConfigKeys (ConfUtils.java:logGet(43)) - raft.server.log.segment.size.max = 1048576 (custom)
2019-09-26 19:35:54,150 [pool-261-thread-1] INFO  server.RaftServerConfigKeys (ConfUtils.java:logGet(43)) - raft.server.log.segment.cache.num.max = 2 (custom)
2019-09-26 19:35:54,150 [pool-261-thread-1] INFO  segmented.SegmentedRaftLogWorker (SegmentedRaftLogWorker.java:<init>(172)) - new 27cb48db-4b88-4c0c-b213-19f9b2fffaff@group-00AA9E0C696D-SegmentedRaftLogWorker for RaftStorage:Storage Directory /workdir/hadoop-ozone/integration-test/target/test-dir/MiniOzoneClusterImpl-2f79a7d3-d7ae-4963-8370-12bb1e2132d7/datanode-0/data/ratis/e81ff793-0515-4272-bf84-00aa9e0c696d
2019-09-26 19:35:54,150 [pool-261-thread-1] INFO  server.RaftServerConfigKeys (ConfUtils.java:logGet(43)) - raft.server.log.queue.byte-limit = 2147483647 (custom)
2019-09-26 19:35:54,150 [pool-261-thread-1] INFO  server.RaftServerConfigKeys (ConfUtils.java:logGet(43)) - raft.server.log.queue.element-limit = 1024 (custom)
2019-09-26 19:35:54,150 [pool-261-thread-1] INFO  server.RaftServerConfigKeys (ConfUtils.java:logGet(43)) - raft.server.log.segment.size.max = 1048576 (custom)
2019-09-26 19:35:54,150 [pool-261-thread-1] INFO  server.RaftServerConfigKeys (ConfUtils.java:logGet(43)) - raft.server.log.preallocated.size = 16384 (custom)
2019-09-26 19:35:54,150 [pool-261-thread-1] INFO  server.RaftServerConfigKeys (ConfUtils.java:logGet(43)) - raft.server.log.write.buffer.size = 33554432 (custom)
2019-09-26 19:35:54,151 [pool-261-thread-1] INFO  server.RaftServerConfigKeys (ConfUtils.java:logGet(43)) - raft.server.log.force.sync.num = 128 (default)
2019-09-26 19:35:54,151 [pool-261-thread-1] INFO  server.RaftServerConfigKeys (ConfUtils.java:logGet(43)) - raft.server.log.statemachine.data.sync = true (default)
2019-09-26 19:35:54,151 [pool-261-thread-1] INFO  server.RaftServerConfigKeys (ConfUtils.java:logGet(43)) - raft.server.log.statemachine.data.sync.timeout = 10s (default)
2019-09-26 19:35:54,151 [pool-261-thread-1] INFO  server.RaftServerConfigKeys (ConfUtils.java:logGet(43)) - raft.server.log.statemachine.data.sync.timeout.retry = -1 (default)
2019-09-26 19:35:54,151 [pool-261-thread-1] INFO  server.RaftServerConfigKeys (ConfUtils.java:logGet(43)) - raft.server.log.statemachine.data.caching.enabled = true (custom)
2019-09-26 19:35:54,151 [pool-261-thread-1] INFO  segmented.SegmentedRaftLogWorker (SegmentedRaftLogWorker.java:lambda$new$0(132)) - 27cb48db-4b88-4c0c-b213-19f9b2fffaff@group-00AA9E0C696D-SegmentedRaftLogWorker: flushIndex: setUnconditionally 0 -> -1
2019-09-26 19:35:54,151 [pool-261-thread-1] INFO  server.RaftServerConfigKeys (ConfUtils.java:logGet(43)) - raft.server.snapshot.auto.trigger.enabled = true (custom)
2019-09-26 19:35:54,152 [pool-261-thread-1] INFO  server.RaftServerConfigKeys (ConfUtils.java:logGet(43)) - raft.server.snapshot.auto.trigger.threshold = 10000 (custom)
2019-09-26 19:35:54,152 [pool-261-thread-1] INFO  server.RaftServerConfigKeys (ConfUtils.java:logGet(43)) - raft.server.snapshot.retention.num.files = 5 (custom)
2019-09-26 19:35:54,152 [pool-261-thread-1] INFO  server.RaftServerConfigKeys (ConfUtils.java:logGet(43)) - raft.server.retrycache.expirytime = 600000ms (custom)
2019-09-26 19:35:54,153 [pool-261-thread-1] INFO  impl.RaftServerImpl (RaftServerImpl.java:start(185)) - 27cb48db-4b88-4c0c-b213-19f9b2fffaff@group-00AA9E0C696D: start as a follower, conf=-1: [27cb48db-4b88-4c0c-b213-19f9b2fffaff:192.168.151.99:37457], old=null
2019-09-26 19:35:54,153 [pool-261-thread-1] INFO  impl.RaftServerImpl (RaftServerImpl.java:setRole(174)) - 27cb48db-4b88-4c0c-b213-19f9b2fffaff@group-00AA9E0C696D: changes role from      null to FOLLOWER at term 0 for startAsFollower
2019-09-26 19:35:54,153 [pool-261-thread-1] INFO  impl.RoleInfo (RoleInfo.java:updateAndGet(143)) - 27cb48db-4b88-4c0c-b213-19f9b2fffaff: start FollowerState
2019-09-26 19:35:54,154 [pool-261-thread-1] INFO  util.JmxRegister (JmxRegister.java:tryRegister(44)) - Successfully registered JMX Bean with object name Ratis:service=RaftServer,group=group-00AA9E0C696D,id=27cb48db-4b88-4c0c-b213-19f9b2fffaff
2019-09-26 19:35:54,155 [RatisPipelineUtilsThread] INFO  pipeline.PipelineStateManager (PipelineStateManager.java:addPipeline(56)) - Created pipeline Pipeline[ Id: e81ff793-0515-4272-bf84-00aa9e0c696d, Nodes: 27cb48db-4b88-4c0c-b213-19f9b2fffaff{ip: 192.168.151.99, host: pr-hdds-1569-g6sp5-2013761785, networkLocation: /rack1, certSerialId: null}, Type:RATIS, Factor:ONE, State:OPEN]
2019-09-26 19:35:54,157 [grpc-default-executor-2] INFO  impl.RaftServerProxy (RaftServerProxy.java:addNew(89)) - 27cb48db-4b88-4c0c-b213-19f9b2fffaff: addNew group-2BF10F1FCFD6:[27cb48db-4b88-4c0c-b213-19f9b2fffaff:192.168.151.99:37457] returns group-2BF10F1FCFD6:java.util.concurrent.CompletableFuture@4c935dc6[Not completed]
2019-09-26 19:35:54,158 [pool-261-thread-1] INFO  impl.RaftServerImpl (RaftServerImpl.java:<init>(95)) - 27cb48db-4b88-4c0c-b213-19f9b2fffaff: new RaftServerImpl for group-2BF10F1FCFD6:[27cb48db-4b88-4c0c-b213-19f9b2fffaff:192.168.151.99:37457] with ContainerStateMachine:uninitialized
2019-09-26 19:35:54,158 [pool-261-thread-1] INFO  server.RaftServerConfigKeys (ConfUtils.java:logGet(43)) - raft.server.rpc.timeout.min = 5s (custom)
2019-09-26 19:35:54,158 [pool-261-thread-1] INFO  server.RaftServerConfigKeys (ConfUtils.java:logGet(43)) - raft.server.rpc.timeout.max = 5200ms (custom)
2019-09-26 19:35:54,158 [pool-261-thread-1] INFO  server.RaftServerConfigKeys (ConfUtils.java:logGet(43)) - raft.server.rpcslowness.timeout = 120s (custom)
2019-09-26 19:35:54,158 [pool-261-thread-1] INFO  server.RaftServerConfigKeys (ConfUtils.java:logGet(43)) - raft.server.sleep.deviation.threshold = 300 (default)
2019-09-26 19:35:54,158 [pool-261-thread-1] INFO  server.RaftServerConfigKeys (ConfUtils.java:logGet(43)) - raft.server.log.appender.install.snapshot.enabled = false (custom)
2019-09-26 19:35:54,158 [pool-261-thread-1] INFO  impl.RaftServerImpl (ServerState.java:<init>(103)) - 27cb48db-4b88-4c0c-b213-19f9b2fffaff@group-2BF10F1FCFD6: ConfigurationManager, init=-1: [27cb48db-4b88-4c0c-b213-19f9b2fffaff:192.168.151.99:37457], old=null, confs=<EMPTY_MAP>
2019-09-26 19:35:54,158 [pool-261-thread-1] INFO  server.RaftServerConfigKeys (ConfUtils.java:logGet(43)) - raft.server.storage.dir = [/workdir/hadoop-ozone/integration-test/target/test-dir/MiniOzoneClusterImpl-2f79a7d3-d7ae-4963-8370-12bb1e2132d7/datanode-0/data/ratis] (custom)
2019-09-26 19:35:54,159 [pool-261-thread-1] INFO  storage.RaftStorageDirectory (RaftStorageDirectory.java:analyzeStorage(246)) - The storage directory /workdir/hadoop-ozone/integration-test/target/test-dir/MiniOzoneClusterImpl-2f79a7d3-d7ae-4963-8370-12bb1e2132d7/datanode-0/data/ratis/b170dd46-7c3f-48fa-9b77-2bf10f1fcfd6 does not exist. Creating ...
2019-09-26 19:35:54,172 [pool-261-thread-1] INFO  storage.RaftStorageDirectory (RaftStorageDirectory.java:tryLock(328)) - Lock on /workdir/hadoop-ozone/integration-test/target/test-dir/MiniOzoneClusterImpl-2f79a7d3-d7ae-4963-8370-12bb1e2132d7/datanode-0/data/ratis/b170dd46-7c3f-48fa-9b77-2bf10f1fcfd6/in_use.lock acquired by nodename 17888@pr-hdds-1569-g6sp5-2013761785
2019-09-26 19:35:54,185 [pool-261-thread-1] INFO  storage.RaftStorage (RaftStorage.java:format(72)) - Storage directory /workdir/hadoop-ozone/integration-test/target/test-dir/MiniOzoneClusterImpl-2f79a7d3-d7ae-4963-8370-12bb1e2132d7/datanode-0/data/ratis/b170dd46-7c3f-48fa-9b77-2bf10f1fcfd6 has been successfully formatted.
2019-09-26 19:35:54,185 [pool-261-thread-1] INFO  ratis.ContainerStateMachine (ContainerStateMachine.java:loadSnapshot(230)) - group-2BF10F1FCFD6: The snapshot info is null. Setting the last applied indexto:(t:0, i:~)
2019-09-26 19:35:54,185 [pool-261-thread-1] INFO  server.RaftServerConfigKeys (ConfUtils.java:logGet(43)) - raft.server.notification.no-leader.timeout = 120s (custom)
2019-09-26 19:35:54,185 [pool-261-thread-1] INFO  server.RaftServerConfigKeys (ConfUtils.java:logGet(43)) - raft.server.log.use.memory = false (default)
2019-09-26 19:35:54,185 [pool-261-thread-1] INFO  server.RaftServerConfigKeys (ConfUtils.java:logGet(43)) - raft.server.log.purge.gap = 1000000 (custom)
2019-09-26 19:35:54,185 [pool-261-thread-1] INFO  server.RaftServerConfigKeys (ConfUtils.java:logGet(43)) - raft.server.log.appender.buffer.byte-limit = 33554432 (custom)
2019-09-26 19:35:54,186 [pool-261-thread-1] INFO  server.RaftServerConfigKeys (ConfUtils.java:logGet(43)) - raft.server.log.segment.size.max = 1048576 (custom)
2019-09-26 19:35:54,186 [pool-261-thread-1] INFO  server.RaftServerConfigKeys (ConfUtils.java:logGet(43)) - raft.server.log.segment.cache.num.max = 2 (custom)
2019-09-26 19:35:54,186 [pool-261-thread-1] INFO  segmented.SegmentedRaftLogWorker (SegmentedRaftLogWorker.java:<init>(172)) - new 27cb48db-4b88-4c0c-b213-19f9b2fffaff@group-2BF10F1FCFD6-SegmentedRaftLogWorker for RaftStorage:Storage Directory /workdir/hadoop-ozone/integration-test/target/test-dir/MiniOzoneClusterImpl-2f79a7d3-d7ae-4963-8370-12bb1e2132d7/datanode-0/data/ratis/b170dd46-7c3f-48fa-9b77-2bf10f1fcfd6
2019-09-26 19:35:54,186 [pool-261-thread-1] INFO  server.RaftServerConfigKeys (ConfUtils.java:logGet(43)) - raft.server.log.queue.byte-limit = 2147483647 (custom)
2019-09-26 19:35:54,186 [pool-261-thread-1] INFO  server.RaftServerConfigKeys (ConfUtils.java:logGet(43)) - raft.server.log.queue.element-limit = 1024 (custom)
2019-09-26 19:35:54,186 [pool-261-thread-1] INFO  server.RaftServerConfigKeys (ConfUtils.java:logGet(43)) - raft.server.log.segment.size.max = 1048576 (custom)
2019-09-26 19:35:54,186 [pool-261-thread-1] INFO  server.RaftServerConfigKeys (ConfUtils.java:logGet(43)) - raft.server.log.preallocated.size = 16384 (custom)
2019-09-26 19:35:54,186 [pool-261-thread-1] INFO  server.RaftServerConfigKeys (ConfUtils.java:logGet(43)) - raft.server.log.write.buffer.size = 33554432 (custom)
2019-09-26 19:35:54,187 [pool-261-thread-1] INFO  server.RaftServerConfigKeys (ConfUtils.java:logGet(43)) - raft.server.log.force.sync.num = 128 (default)
2019-09-26 19:35:54,187 [pool-261-thread-1] INFO  server.RaftServerConfigKeys (ConfUtils.java:logGet(43)) - raft.server.log.statemachine.data.sync = true (default)
2019-09-26 19:35:54,187 [pool-261-thread-1] INFO  server.RaftServerConfigKeys (ConfUtils.java:logGet(43)) - raft.server.log.statemachine.data.sync.timeout = 10s (default)
2019-09-26 19:35:54,187 [pool-261-thread-1] INFO  server.RaftServerConfigKeys (ConfUtils.java:logGet(43)) - raft.server.log.statemachine.data.sync.timeout.retry = -1 (default)
2019-09-26 19:35:54,187 [pool-261-thread-1] INFO  server.RaftServerConfigKeys (ConfUtils.java:logGet(43)) - raft.server.log.statemachine.data.caching.enabled = true (custom)
2019-09-26 19:35:54,187 [pool-261-thread-1] INFO  segmented.SegmentedRaftLogWorker (SegmentedRaftLogWorker.java:lambda$new$0(132)) - 27cb48db-4b88-4c0c-b213-19f9b2fffaff@group-2BF10F1FCFD6-SegmentedRaftLogWorker: flushIndex: setUnconditionally 0 -> -1
2019-09-26 19:35:54,187 [pool-261-thread-1] INFO  server.RaftServerConfigKeys (ConfUtils.java:logGet(43)) - raft.server.snapshot.auto.trigger.enabled = true (custom)
2019-09-26 19:35:54,188 [pool-261-thread-1] INFO  server.RaftServerConfigKeys (ConfUtils.java:logGet(43)) - raft.server.snapshot.auto.trigger.threshold = 10000 (custom)
2019-09-26 19:35:54,188 [pool-261-thread-1] INFO  server.RaftServerConfigKeys (ConfUtils.java:logGet(43)) - raft.server.snapshot.retention.num.files = 5 (custom)
2019-09-26 19:35:54,188 [pool-261-thread-1] INFO  server.RaftServerConfigKeys (ConfUtils.java:logGet(43)) - raft.server.retrycache.expirytime = 600000ms (custom)
2019-09-26 19:35:54,189 [pool-261-thread-1] INFO  impl.RaftServerImpl (RaftServerImpl.java:start(185)) - 27cb48db-4b88-4c0c-b213-19f9b2fffaff@group-2BF10F1FCFD6: start as a follower, conf=-1: [27cb48db-4b88-4c0c-b213-19f9b2fffaff:192.168.151.99:37457], old=null
2019-09-26 19:35:54,190 [pool-261-thread-1] INFO  impl.RaftServerImpl (RaftServerImpl.java:setRole(174)) - 27cb48db-4b88-4c0c-b213-19f9b2fffaff@group-2BF10F1FCFD6: changes role from      null to FOLLOWER at term 0 for startAsFollower
2019-09-26 19:35:54,190 [pool-261-thread-1] INFO  impl.RoleInfo (RoleInfo.java:updateAndGet(143)) - 27cb48db-4b88-4c0c-b213-19f9b2fffaff: start FollowerState
2019-09-26 19:35:54,190 [pool-261-thread-1] INFO  util.JmxRegister (JmxRegister.java:tryRegister(44)) - Successfully registered JMX Bean with object name Ratis:service=RaftServer,group=group-2BF10F1FCFD6,id=27cb48db-4b88-4c0c-b213-19f9b2fffaff
2019-09-26 19:35:54,191 [RatisPipelineUtilsThread] INFO  pipeline.PipelineStateManager (PipelineStateManager.java:addPipeline(56)) - Created pipeline Pipeline[ Id: b170dd46-7c3f-48fa-9b77-2bf10f1fcfd6, Nodes: 27cb48db-4b88-4c0c-b213-19f9b2fffaff{ip: 192.168.151.99, host: pr-hdds-1569-g6sp5-2013761785, networkLocation: /rack1, certSerialId: null}, Type:RATIS, Factor:ONE, State:OPEN]
2019-09-26 19:35:54,193 [grpc-default-executor-2] INFO  impl.RaftServerProxy (RaftServerProxy.java:addNew(89)) - 27cb48db-4b88-4c0c-b213-19f9b2fffaff: addNew group-9B0EE13376C8:[27cb48db-4b88-4c0c-b213-19f9b2fffaff:192.168.151.99:37457] returns group-9B0EE13376C8:java.util.concurrent.CompletableFuture@3b7f498f[Not completed]
2019-09-26 19:35:54,194 [pool-261-thread-1] INFO  impl.RaftServerImpl (RaftServerImpl.java:<init>(95)) - 27cb48db-4b88-4c0c-b213-19f9b2fffaff: new RaftServerImpl for group-9B0EE13376C8:[27cb48db-4b88-4c0c-b213-19f9b2fffaff:192.168.151.99:37457] with ContainerStateMachine:uninitialized
2019-09-26 19:35:54,194 [pool-261-thread-1] INFO  server.RaftServerConfigKeys (ConfUtils.java:logGet(43)) - raft.server.rpc.timeout.min = 5s (custom)
2019-09-26 19:35:54,194 [pool-261-thread-1] INFO  server.RaftServerConfigKeys (ConfUtils.java:logGet(43)) - raft.server.rpc.timeout.max = 5200ms (custom)
2019-09-26 19:35:54,194 [pool-261-thread-1] INFO  server.RaftServerConfigKeys (ConfUtils.java:logGet(43)) - raft.server.rpcslowness.timeout = 120s (custom)
2019-09-26 19:35:54,194 [pool-261-thread-1] INFO  server.RaftServerConfigKeys (ConfUtils.java:logGet(43)) - raft.server.sleep.deviation.threshold = 300 (default)
2019-09-26 19:35:54,194 [pool-261-thread-1] INFO  server.RaftServerConfigKeys (ConfUtils.java:logGet(43)) - raft.server.log.appender.install.snapshot.enabled = false (custom)
2019-09-26 19:35:54,195 [pool-261-thread-1] INFO  impl.RaftServerImpl (ServerState.java:<init>(103)) - 27cb48db-4b88-4c0c-b213-19f9b2fffaff@group-9B0EE13376C8: ConfigurationManager, init=-1: [27cb48db-4b88-4c0c-b213-19f9b2fffaff:192.168.151.99:37457], old=null, confs=<EMPTY_MAP>
2019-09-26 19:35:54,195 [pool-261-thread-1] INFO  server.RaftServerConfigKeys (ConfUtils.java:logGet(43)) - raft.server.storage.dir = [/workdir/hadoop-ozone/integration-test/target/test-dir/MiniOzoneClusterImpl-2f79a7d3-d7ae-4963-8370-12bb1e2132d7/datanode-0/data/ratis] (custom)
2019-09-26 19:35:54,195 [pool-261-thread-1] INFO  storage.RaftStorageDirectory (RaftStorageDirectory.java:analyzeStorage(246)) - The storage directory /workdir/hadoop-ozone/integration-test/target/test-dir/MiniOzoneClusterImpl-2f79a7d3-d7ae-4963-8370-12bb1e2132d7/datanode-0/data/ratis/ae2668d6-79c8-4d37-86cb-9b0ee13376c8 does not exist. Creating ...
2019-09-26 19:35:54,207 [pool-261-thread-1] INFO  storage.RaftStorageDirectory (RaftStorageDirectory.java:tryLock(328)) - Lock on /workdir/hadoop-ozone/integration-test/target/test-dir/MiniOzoneClusterImpl-2f79a7d3-d7ae-4963-8370-12bb1e2132d7/datanode-0/data/ratis/ae2668d6-79c8-4d37-86cb-9b0ee13376c8/in_use.lock acquired by nodename 17888@pr-hdds-1569-g6sp5-2013761785
2019-09-26 19:35:54,220 [pool-261-thread-1] INFO  storage.RaftStorage (RaftStorage.java:format(72)) - Storage directory /workdir/hadoop-ozone/integration-test/target/test-dir/MiniOzoneClusterImpl-2f79a7d3-d7ae-4963-8370-12bb1e2132d7/datanode-0/data/ratis/ae2668d6-79c8-4d37-86cb-9b0ee13376c8 has been successfully formatted.
2019-09-26 19:35:54,220 [pool-261-thread-1] INFO  ratis.ContainerStateMachine (ContainerStateMachine.java:loadSnapshot(230)) - group-9B0EE13376C8: The snapshot info is null. Setting the last applied indexto:(t:0, i:~)
2019-09-26 19:35:54,220 [pool-261-thread-1] INFO  server.RaftServerConfigKeys (ConfUtils.java:logGet(43)) - raft.server.notification.no-leader.timeout = 120s (custom)
2019-09-26 19:35:54,220 [pool-261-thread-1] INFO  server.RaftServerConfigKeys (ConfUtils.java:logGet(43)) - raft.server.log.use.memory = false (default)
2019-09-26 19:35:54,220 [pool-261-thread-1] INFO  server.RaftServerConfigKeys (ConfUtils.java:logGet(43)) - raft.server.log.purge.gap = 1000000 (custom)
2019-09-26 19:35:54,221 [pool-261-thread-1] INFO  server.RaftServerConfigKeys (ConfUtils.java:logGet(43)) - raft.server.log.appender.buffer.byte-limit = 33554432 (custom)
2019-09-26 19:35:54,221 [pool-261-thread-1] INFO  server.RaftServerConfigKeys (ConfUtils.java:logGet(43)) - raft.server.log.segment.size.max = 1048576 (custom)
2019-09-26 19:35:54,221 [pool-261-thread-1] INFO  server.RaftServerConfigKeys (ConfUtils.java:logGet(43)) - raft.server.log.segment.cache.num.max = 2 (custom)
2019-09-26 19:35:54,221 [pool-261-thread-1] INFO  segmented.SegmentedRaftLogWorker (SegmentedRaftLogWorker.java:<init>(172)) - new 27cb48db-4b88-4c0c-b213-19f9b2fffaff@group-9B0EE13376C8-SegmentedRaftLogWorker for RaftStorage:Storage Directory /workdir/hadoop-ozone/integration-test/target/test-dir/MiniOzoneClusterImpl-2f79a7d3-d7ae-4963-8370-12bb1e2132d7/datanode-0/data/ratis/ae2668d6-79c8-4d37-86cb-9b0ee13376c8
2019-09-26 19:35:54,221 [pool-261-thread-1] INFO  server.RaftServerConfigKeys (ConfUtils.java:logGet(43)) - raft.server.log.queue.byte-limit = 2147483647 (custom)
2019-09-26 19:35:54,221 [pool-261-thread-1] INFO  server.RaftServerConfigKeys (ConfUtils.java:logGet(43)) - raft.server.log.queue.element-limit = 1024 (custom)
2019-09-26 19:35:54,221 [pool-261-thread-1] INFO  server.RaftServerConfigKeys (ConfUtils.java:logGet(43)) - raft.server.log.segment.size.max = 1048576 (custom)
2019-09-26 19:35:54,221 [pool-261-thread-1] INFO  server.RaftServerConfigKeys (ConfUtils.java:logGet(43)) - raft.server.log.preallocated.size = 16384 (custom)
2019-09-26 19:35:54,221 [pool-261-thread-1] INFO  server.RaftServerConfigKeys (ConfUtils.java:logGet(43)) - raft.server.log.write.buffer.size = 33554432 (custom)
2019-09-26 19:35:54,222 [pool-261-thread-1] INFO  server.RaftServerConfigKeys (ConfUtils.java:logGet(43)) - raft.server.log.force.sync.num = 128 (default)
2019-09-26 19:35:54,222 [pool-261-thread-1] INFO  server.RaftServerConfigKeys (ConfUtils.java:logGet(43)) - raft.server.log.statemachine.data.sync = true (default)
2019-09-26 19:35:54,222 [pool-261-thread-1] INFO  server.RaftServerConfigKeys (ConfUtils.java:logGet(43)) - raft.server.log.statemachine.data.sync.timeout = 10s (default)
2019-09-26 19:35:54,222 [pool-261-thread-1] INFO  server.RaftServerConfigKeys (ConfUtils.java:logGet(43)) - raft.server.log.statemachine.data.sync.timeout.retry = -1 (default)
2019-09-26 19:35:54,222 [pool-261-thread-1] INFO  server.RaftServerConfigKeys (ConfUtils.java:logGet(43)) - raft.server.log.statemachine.data.caching.enabled = true (custom)
2019-09-26 19:35:54,222 [pool-261-thread-1] INFO  segmented.SegmentedRaftLogWorker (SegmentedRaftLogWorker.java:lambda$new$0(132)) - 27cb48db-4b88-4c0c-b213-19f9b2fffaff@group-9B0EE13376C8-SegmentedRaftLogWorker: flushIndex: setUnconditionally 0 -> -1
2019-09-26 19:35:54,223 [pool-261-thread-1] INFO  server.RaftServerConfigKeys (ConfUtils.java:logGet(43)) - raft.server.snapshot.auto.trigger.enabled = true (custom)
2019-09-26 19:35:54,223 [pool-261-thread-1] INFO  server.RaftServerConfigKeys (ConfUtils.java:logGet(43)) - raft.server.snapshot.auto.trigger.threshold = 10000 (custom)
2019-09-26 19:35:54,223 [pool-261-thread-1] INFO  server.RaftServerConfigKeys (ConfUtils.java:logGet(43)) - raft.server.snapshot.retention.num.files = 5 (custom)
2019-09-26 19:35:54,223 [pool-261-thread-1] INFO  server.RaftServerConfigKeys (ConfUtils.java:logGet(43)) - raft.server.retrycache.expirytime = 600000ms (custom)
2019-09-26 19:35:54,225 [pool-261-thread-1] INFO  impl.RaftServerImpl (RaftServerImpl.java:start(185)) - 27cb48db-4b88-4c0c-b213-19f9b2fffaff@group-9B0EE13376C8: start as a follower, conf=-1: [27cb48db-4b88-4c0c-b213-19f9b2fffaff:192.168.151.99:37457], old=null
2019-09-26 19:35:54,225 [pool-261-thread-1] INFO  impl.RaftServerImpl (RaftServerImpl.java:setRole(174)) - 27cb48db-4b88-4c0c-b213-19f9b2fffaff@group-9B0EE13376C8: changes role from      null to FOLLOWER at term 0 for startAsFollower
2019-09-26 19:35:54,225 [pool-261-thread-1] INFO  impl.RoleInfo (RoleInfo.java:updateAndGet(143)) - 27cb48db-4b88-4c0c-b213-19f9b2fffaff: start FollowerState
2019-09-26 19:35:54,225 [pool-261-thread-1] INFO  util.JmxRegister (JmxRegister.java:tryRegister(44)) - Successfully registered JMX Bean with object name Ratis:service=RaftServer,group=group-9B0EE13376C8,id=27cb48db-4b88-4c0c-b213-19f9b2fffaff
2019-09-26 19:35:54,226 [RatisPipelineUtilsThread] INFO  pipeline.PipelineStateManager (PipelineStateManager.java:addPipeline(56)) - Created pipeline Pipeline[ Id: ae2668d6-79c8-4d37-86cb-9b0ee13376c8, Nodes: 27cb48db-4b88-4c0c-b213-19f9b2fffaff{ip: 192.168.151.99, host: pr-hdds-1569-g6sp5-2013761785, networkLocation: /rack1, certSerialId: null}, Type:RATIS, Factor:ONE, State:OPEN]
2019-09-26 19:35:54,228 [grpc-default-executor-2] INFO  impl.RaftServerProxy (RaftServerProxy.java:addNew(89)) - 27cb48db-4b88-4c0c-b213-19f9b2fffaff: addNew group-0B5797283340:[27cb48db-4b88-4c0c-b213-19f9b2fffaff:192.168.151.99:37457] returns group-0B5797283340:java.util.concurrent.CompletableFuture@17907349[Not completed]
2019-09-26 19:35:54,229 [pool-261-thread-1] INFO  impl.RaftServerImpl (RaftServerImpl.java:<init>(95)) - 27cb48db-4b88-4c0c-b213-19f9b2fffaff: new RaftServerImpl for group-0B5797283340:[27cb48db-4b88-4c0c-b213-19f9b2fffaff:192.168.151.99:37457] with ContainerStateMachine:uninitialized
2019-09-26 19:35:54,229 [pool-261-thread-1] INFO  server.RaftServerConfigKeys (ConfUtils.java:logGet(43)) - raft.server.rpc.timeout.min = 5s (custom)
2019-09-26 19:35:54,229 [pool-261-thread-1] INFO  server.RaftServerConfigKeys (ConfUtils.java:logGet(43)) - raft.server.rpc.timeout.max = 5200ms (custom)
2019-09-26 19:35:54,229 [pool-261-thread-1] INFO  server.RaftServerConfigKeys (ConfUtils.java:logGet(43)) - raft.server.rpcslowness.timeout = 120s (custom)
2019-09-26 19:35:54,229 [pool-261-thread-1] INFO  server.RaftServerConfigKeys (ConfUtils.java:logGet(43)) - raft.server.sleep.deviation.threshold = 300 (default)
2019-09-26 19:35:54,230 [pool-261-thread-1] INFO  server.RaftServerConfigKeys (ConfUtils.java:logGet(43)) - raft.server.log.appender.install.snapshot.enabled = false (custom)
2019-09-26 19:35:54,230 [pool-261-thread-1] INFO  impl.RaftServerImpl (ServerState.java:<init>(103)) - 27cb48db-4b88-4c0c-b213-19f9b2fffaff@group-0B5797283340: ConfigurationManager, init=-1: [27cb48db-4b88-4c0c-b213-19f9b2fffaff:192.168.151.99:37457], old=null, confs=<EMPTY_MAP>
2019-09-26 19:35:54,230 [pool-261-thread-1] INFO  server.RaftServerConfigKeys (ConfUtils.java:logGet(43)) - raft.server.storage.dir = [/workdir/hadoop-ozone/integration-test/target/test-dir/MiniOzoneClusterImpl-2f79a7d3-d7ae-4963-8370-12bb1e2132d7/datanode-0/data/ratis] (custom)
2019-09-26 19:35:54,230 [pool-261-thread-1] INFO  storage.RaftStorageDirectory (RaftStorageDirectory.java:analyzeStorage(246)) - The storage directory /workdir/hadoop-ozone/integration-test/target/test-dir/MiniOzoneClusterImpl-2f79a7d3-d7ae-4963-8370-12bb1e2132d7/datanode-0/data/ratis/911fbe12-2694-4d2d-bb36-0b5797283340 does not exist. Creating ...
2019-09-26 19:35:54,242 [pool-261-thread-1] INFO  storage.RaftStorageDirectory (RaftStorageDirectory.java:tryLock(328)) - Lock on /workdir/hadoop-ozone/integration-test/target/test-dir/MiniOzoneClusterImpl-2f79a7d3-d7ae-4963-8370-12bb1e2132d7/datanode-0/data/ratis/911fbe12-2694-4d2d-bb36-0b5797283340/in_use.lock acquired by nodename 17888@pr-hdds-1569-g6sp5-2013761785
2019-09-26 19:35:54,255 [pool-261-thread-1] INFO  storage.RaftStorage (RaftStorage.java:format(72)) - Storage directory /workdir/hadoop-ozone/integration-test/target/test-dir/MiniOzoneClusterImpl-2f79a7d3-d7ae-4963-8370-12bb1e2132d7/datanode-0/data/ratis/911fbe12-2694-4d2d-bb36-0b5797283340 has been successfully formatted.
2019-09-26 19:35:54,256 [pool-261-thread-1] INFO  ratis.ContainerStateMachine (ContainerStateMachine.java:loadSnapshot(230)) - group-0B5797283340: The snapshot info is null. Setting the last applied indexto:(t:0, i:~)
2019-09-26 19:35:54,256 [pool-261-thread-1] INFO  server.RaftServerConfigKeys (ConfUtils.java:logGet(43)) - raft.server.notification.no-leader.timeout = 120s (custom)
2019-09-26 19:35:54,256 [pool-261-thread-1] INFO  server.RaftServerConfigKeys (ConfUtils.java:logGet(43)) - raft.server.log.use.memory = false (default)
2019-09-26 19:35:54,256 [pool-261-thread-1] INFO  server.RaftServerConfigKeys (ConfUtils.java:logGet(43)) - raft.server.log.purge.gap = 1000000 (custom)
2019-09-26 19:35:54,256 [pool-261-thread-1] INFO  server.RaftServerConfigKeys (ConfUtils.java:logGet(43)) - raft.server.log.appender.buffer.byte-limit = 33554432 (custom)
2019-09-26 19:35:54,256 [pool-261-thread-1] INFO  server.RaftServerConfigKeys (ConfUtils.java:logGet(43)) - raft.server.log.segment.size.max = 1048576 (custom)
2019-09-26 19:35:54,256 [pool-261-thread-1] INFO  server.RaftServerConfigKeys (ConfUtils.java:logGet(43)) - raft.server.log.segment.cache.num.max = 2 (custom)
2019-09-26 19:35:54,257 [pool-261-thread-1] INFO  segmented.SegmentedRaftLogWorker (SegmentedRaftLogWorker.java:<init>(172)) - new 27cb48db-4b88-4c0c-b213-19f9b2fffaff@group-0B5797283340-SegmentedRaftLogWorker for RaftStorage:Storage Directory /workdir/hadoop-ozone/integration-test/target/test-dir/MiniOzoneClusterImpl-2f79a7d3-d7ae-4963-8370-12bb1e2132d7/datanode-0/data/ratis/911fbe12-2694-4d2d-bb36-0b5797283340
2019-09-26 19:35:54,257 [pool-261-thread-1] INFO  server.RaftServerConfigKeys (ConfUtils.java:logGet(43)) - raft.server.log.queue.byte-limit = 2147483647 (custom)
2019-09-26 19:35:54,257 [pool-261-thread-1] INFO  server.RaftServerConfigKeys (ConfUtils.java:logGet(43)) - raft.server.log.queue.element-limit = 1024 (custom)
2019-09-26 19:35:54,257 [pool-261-thread-1] INFO  server.RaftServerConfigKeys (ConfUtils.java:logGet(43)) - raft.server.log.segment.size.max = 1048576 (custom)
2019-09-26 19:35:54,257 [pool-261-thread-1] INFO  server.RaftServerConfigKeys (ConfUtils.java:logGet(43)) - raft.server.log.preallocated.size = 16384 (custom)
2019-09-26 19:35:54,257 [pool-261-thread-1] INFO  server.RaftServerConfigKeys (ConfUtils.java:logGet(43)) - raft.server.log.write.buffer.size = 33554432 (custom)
2019-09-26 19:35:54,257 [pool-261-thread-1] INFO  server.RaftServerConfigKeys (ConfUtils.java:logGet(43)) - raft.server.log.force.sync.num = 128 (default)
2019-09-26 19:35:54,258 [pool-261-thread-1] INFO  server.RaftServerConfigKeys (ConfUtils.java:logGet(43)) - raft.server.log.statemachine.data.sync = true (default)
2019-09-26 19:35:54,258 [pool-261-thread-1] INFO  server.RaftServerConfigKeys (ConfUtils.java:logGet(43)) - raft.server.log.statemachine.data.sync.timeout = 10s (default)
2019-09-26 19:35:54,258 [pool-261-thread-1] INFO  server.RaftServerConfigKeys (ConfUtils.java:logGet(43)) - raft.server.log.statemachine.data.sync.timeout.retry = -1 (default)
2019-09-26 19:35:54,258 [pool-261-thread-1] INFO  server.RaftServerConfigKeys (ConfUtils.java:logGet(43)) - raft.server.log.statemachine.data.caching.enabled = true (custom)
2019-09-26 19:35:54,258 [pool-261-thread-1] INFO  segmented.SegmentedRaftLogWorker (SegmentedRaftLogWorker.java:lambda$new$0(132)) - 27cb48db-4b88-4c0c-b213-19f9b2fffaff@group-0B5797283340-SegmentedRaftLogWorker: flushIndex: setUnconditionally 0 -> -1
2019-09-26 19:35:54,258 [pool-261-thread-1] INFO  server.RaftServerConfigKeys (ConfUtils.java:logGet(43)) - raft.server.snapshot.auto.trigger.enabled = true (custom)
2019-09-26 19:35:54,259 [pool-261-thread-1] INFO  server.RaftServerConfigKeys (ConfUtils.java:logGet(43)) - raft.server.snapshot.auto.trigger.threshold = 10000 (custom)
2019-09-26 19:35:54,259 [pool-261-thread-1] INFO  server.RaftServerConfigKeys (ConfUtils.java:logGet(43)) - raft.server.snapshot.retention.num.files = 5 (custom)
2019-09-26 19:35:54,259 [pool-261-thread-1] INFO  server.RaftServerConfigKeys (ConfUtils.java:logGet(43)) - raft.server.retrycache.expirytime = 600000ms (custom)
2019-09-26 19:35:54,261 [pool-261-thread-1] INFO  impl.RaftServerImpl (RaftServerImpl.java:start(185)) - 27cb48db-4b88-4c0c-b213-19f9b2fffaff@group-0B5797283340: start as a follower, conf=-1: [27cb48db-4b88-4c0c-b213-19f9b2fffaff:192.168.151.99:37457], old=null
2019-09-26 19:35:54,261 [pool-261-thread-1] INFO  impl.RaftServerImpl (RaftServerImpl.java:setRole(174)) - 27cb48db-4b88-4c0c-b213-19f9b2fffaff@group-0B5797283340: changes role from      null to FOLLOWER at term 0 for startAsFollower
2019-09-26 19:35:54,261 [pool-261-thread-1] INFO  impl.RoleInfo (RoleInfo.java:updateAndGet(143)) - 27cb48db-4b88-4c0c-b213-19f9b2fffaff: start FollowerState
2019-09-26 19:35:54,261 [pool-261-thread-1] INFO  util.JmxRegister (JmxRegister.java:tryRegister(44)) - Successfully registered JMX Bean with object name Ratis:service=RaftServer,group=group-0B5797283340,id=27cb48db-4b88-4c0c-b213-19f9b2fffaff
2019-09-26 19:35:54,263 [RatisPipelineUtilsThread] INFO  pipeline.PipelineStateManager (PipelineStateManager.java:addPipeline(56)) - Created pipeline Pipeline[ Id: 911fbe12-2694-4d2d-bb36-0b5797283340, Nodes: 27cb48db-4b88-4c0c-b213-19f9b2fffaff{ip: 192.168.151.99, host: pr-hdds-1569-g6sp5-2013761785, networkLocation: /rack1, certSerialId: null}, Type:RATIS, Factor:ONE, State:OPEN]
2019-09-26 19:35:54,273 [grpc-default-executor-2] INFO  impl.RaftServerProxy (RaftServerProxy.java:addNew(89)) - 27cb48db-4b88-4c0c-b213-19f9b2fffaff: addNew group-236D6EE3A456:[27cb48db-4b88-4c0c-b213-19f9b2fffaff:192.168.151.99:37457] returns group-236D6EE3A456:java.util.concurrent.CompletableFuture@74eb1e50[Not completed]
2019-09-26 19:35:54,275 [pool-261-thread-1] INFO  impl.RaftServerImpl (RaftServerImpl.java:<init>(95)) - 27cb48db-4b88-4c0c-b213-19f9b2fffaff: new RaftServerImpl for group-236D6EE3A456:[27cb48db-4b88-4c0c-b213-19f9b2fffaff:192.168.151.99:37457] with ContainerStateMachine:uninitialized
2019-09-26 19:35:54,275 [pool-261-thread-1] INFO  server.RaftServerConfigKeys (ConfUtils.java:logGet(43)) - raft.server.rpc.timeout.min = 5s (custom)
2019-09-26 19:35:54,275 [pool-261-thread-1] INFO  server.RaftServerConfigKeys (ConfUtils.java:logGet(43)) - raft.server.rpc.timeout.max = 5200ms (custom)
2019-09-26 19:35:54,275 [pool-261-thread-1] INFO  server.RaftServerConfigKeys (ConfUtils.java:logGet(43)) - raft.server.rpcslowness.timeout = 120s (custom)
2019-09-26 19:35:54,275 [pool-261-thread-1] INFO  server.RaftServerConfigKeys (ConfUtils.java:logGet(43)) - raft.server.sleep.deviation.threshold = 300 (default)
2019-09-26 19:35:54,275 [pool-261-thread-1] INFO  server.RaftServerConfigKeys (ConfUtils.java:logGet(43)) - raft.server.log.appender.install.snapshot.enabled = false (custom)
2019-09-26 19:35:54,275 [pool-261-thread-1] INFO  impl.RaftServerImpl (ServerState.java:<init>(103)) - 27cb48db-4b88-4c0c-b213-19f9b2fffaff@group-236D6EE3A456: ConfigurationManager, init=-1: [27cb48db-4b88-4c0c-b213-19f9b2fffaff:192.168.151.99:37457], old=null, confs=<EMPTY_MAP>
2019-09-26 19:35:54,276 [pool-261-thread-1] INFO  server.RaftServerConfigKeys (ConfUtils.java:logGet(43)) - raft.server.storage.dir = [/workdir/hadoop-ozone/integration-test/target/test-dir/MiniOzoneClusterImpl-2f79a7d3-d7ae-4963-8370-12bb1e2132d7/datanode-0/data/ratis] (custom)
2019-09-26 19:35:54,276 [pool-261-thread-1] INFO  storage.RaftStorageDirectory (RaftStorageDirectory.java:analyzeStorage(246)) - The storage directory /workdir/hadoop-ozone/integration-test/target/test-dir/MiniOzoneClusterImpl-2f79a7d3-d7ae-4963-8370-12bb1e2132d7/datanode-0/data/ratis/98e2c0d6-15b5-42f5-bd6d-236d6ee3a456 does not exist. Creating ...
2019-09-26 19:35:54,289 [pool-261-thread-1] INFO  storage.RaftStorageDirectory (RaftStorageDirectory.java:tryLock(328)) - Lock on /workdir/hadoop-ozone/integration-test/target/test-dir/MiniOzoneClusterImpl-2f79a7d3-d7ae-4963-8370-12bb1e2132d7/datanode-0/data/ratis/98e2c0d6-15b5-42f5-bd6d-236d6ee3a456/in_use.lock acquired by nodename 17888@pr-hdds-1569-g6sp5-2013761785
2019-09-26 19:35:54,302 [pool-261-thread-1] INFO  storage.RaftStorage (RaftStorage.java:format(72)) - Storage directory /workdir/hadoop-ozone/integration-test/target/test-dir/MiniOzoneClusterImpl-2f79a7d3-d7ae-4963-8370-12bb1e2132d7/datanode-0/data/ratis/98e2c0d6-15b5-42f5-bd6d-236d6ee3a456 has been successfully formatted.
2019-09-26 19:35:54,302 [pool-261-thread-1] INFO  ratis.ContainerStateMachine (ContainerStateMachine.java:loadSnapshot(230)) - group-236D6EE3A456: The snapshot info is null. Setting the last applied indexto:(t:0, i:~)
2019-09-26 19:35:54,302 [pool-261-thread-1] INFO  server.RaftServerConfigKeys (ConfUtils.java:logGet(43)) - raft.server.notification.no-leader.timeout = 120s (custom)
2019-09-26 19:35:54,302 [pool-261-thread-1] INFO  server.RaftServerConfigKeys (ConfUtils.java:logGet(43)) - raft.server.log.use.memory = false (default)
2019-09-26 19:35:54,302 [pool-261-thread-1] INFO  server.RaftServerConfigKeys (ConfUtils.java:logGet(43)) - raft.server.log.purge.gap = 1000000 (custom)
2019-09-26 19:35:54,302 [pool-261-thread-1] INFO  server.RaftServerConfigKeys (ConfUtils.java:logGet(43)) - raft.server.log.appender.buffer.byte-limit = 33554432 (custom)
2019-09-26 19:35:54,302 [pool-261-thread-1] INFO  server.RaftServerConfigKeys (ConfUtils.java:logGet(43)) - raft.server.log.segment.size.max = 1048576 (custom)
2019-09-26 19:35:54,303 [pool-261-thread-1] INFO  server.RaftServerConfigKeys (ConfUtils.java:logGet(43)) - raft.server.log.segment.cache.num.max = 2 (custom)
2019-09-26 19:35:54,303 [pool-261-thread-1] INFO  segmented.SegmentedRaftLogWorker (SegmentedRaftLogWorker.java:<init>(172)) - new 27cb48db-4b88-4c0c-b213-19f9b2fffaff@group-236D6EE3A456-SegmentedRaftLogWorker for RaftStorage:Storage Directory /workdir/hadoop-ozone/integration-test/target/test-dir/MiniOzoneClusterImpl-2f79a7d3-d7ae-4963-8370-12bb1e2132d7/datanode-0/data/ratis/98e2c0d6-15b5-42f5-bd6d-236d6ee3a456
2019-09-26 19:35:54,303 [pool-261-thread-1] INFO  server.RaftServerConfigKeys (ConfUtils.java:logGet(43)) - raft.server.log.queue.byte-limit = 2147483647 (custom)
2019-09-26 19:35:54,303 [pool-261-thread-1] INFO  server.RaftServerConfigKeys (ConfUtils.java:logGet(43)) - raft.server.log.queue.element-limit = 1024 (custom)
2019-09-26 19:35:54,303 [pool-261-thread-1] INFO  server.RaftServerConfigKeys (ConfUtils.java:logGet(43)) - raft.server.log.segment.size.max = 1048576 (custom)
2019-09-26 19:35:54,303 [pool-261-thread-1] INFO  server.RaftServerConfigKeys (ConfUtils.java:logGet(43)) - raft.server.log.preallocated.size = 16384 (custom)
2019-09-26 19:35:54,303 [pool-261-thread-1] INFO  server.RaftServerConfigKeys (ConfUtils.java:logGet(43)) - raft.server.log.write.buffer.size = 33554432 (custom)
2019-09-26 19:35:54,303 [pool-261-thread-1] INFO  server.RaftServerConfigKeys (ConfUtils.java:logGet(43)) - raft.server.log.force.sync.num = 128 (default)
2019-09-26 19:35:54,303 [pool-261-thread-1] INFO  server.RaftServerConfigKeys (ConfUtils.java:logGet(43)) - raft.server.log.statemachine.data.sync = true (default)
2019-09-26 19:35:54,304 [pool-261-thread-1] INFO  server.RaftServerConfigKeys (ConfUtils.java:logGet(43)) - raft.server.log.statemachine.data.sync.timeout = 10s (default)
2019-09-26 19:35:54,304 [pool-261-thread-1] INFO  server.RaftServerConfigKeys (ConfUtils.java:logGet(43)) - raft.server.log.statemachine.data.sync.timeout.retry = -1 (default)
2019-09-26 19:35:54,304 [pool-261-thread-1] INFO  server.RaftServerConfigKeys (ConfUtils.java:logGet(43)) - raft.server.log.statemachine.data.caching.enabled = true (custom)
2019-09-26 19:35:54,304 [pool-261-thread-1] INFO  segmented.SegmentedRaftLogWorker (SegmentedRaftLogWorker.java:lambda$new$0(132)) - 27cb48db-4b88-4c0c-b213-19f9b2fffaff@group-236D6EE3A456-SegmentedRaftLogWorker: flushIndex: setUnconditionally 0 -> -1
2019-09-26 19:35:54,304 [pool-261-thread-1] INFO  server.RaftServerConfigKeys (ConfUtils.java:logGet(43)) - raft.server.snapshot.auto.trigger.enabled = true (custom)
2019-09-26 19:35:54,304 [pool-261-thread-1] INFO  server.RaftServerConfigKeys (ConfUtils.java:logGet(43)) - raft.server.snapshot.auto.trigger.threshold = 10000 (custom)
2019-09-26 19:35:54,304 [pool-261-thread-1] INFO  server.RaftServerConfigKeys (ConfUtils.java:logGet(43)) - raft.server.snapshot.retention.num.files = 5 (custom)
2019-09-26 19:35:54,305 [pool-261-thread-1] INFO  server.RaftServerConfigKeys (ConfUtils.java:logGet(43)) - raft.server.retrycache.expirytime = 600000ms (custom)
2019-09-26 19:35:54,306 [pool-261-thread-1] INFO  impl.RaftServerImpl (RaftServerImpl.java:start(185)) - 27cb48db-4b88-4c0c-b213-19f9b2fffaff@group-236D6EE3A456: start as a follower, conf=-1: [27cb48db-4b88-4c0c-b213-19f9b2fffaff:192.168.151.99:37457], old=null
2019-09-26 19:35:54,306 [pool-261-thread-1] INFO  impl.RaftServerImpl (RaftServerImpl.java:setRole(174)) - 27cb48db-4b88-4c0c-b213-19f9b2fffaff@group-236D6EE3A456: changes role from      null to FOLLOWER at term 0 for startAsFollower
2019-09-26 19:35:54,306 [pool-261-thread-1] INFO  impl.RoleInfo (RoleInfo.java:updateAndGet(143)) - 27cb48db-4b88-4c0c-b213-19f9b2fffaff: start FollowerState
2019-09-26 19:35:54,306 [pool-261-thread-1] INFO  util.JmxRegister (JmxRegister.java:tryRegister(44)) - Successfully registered JMX Bean with object name Ratis:service=RaftServer,group=group-236D6EE3A456,id=27cb48db-4b88-4c0c-b213-19f9b2fffaff
2019-09-26 19:35:54,308 [RatisPipelineUtilsThread] INFO  pipeline.PipelineStateManager (PipelineStateManager.java:addPipeline(56)) - Created pipeline Pipeline[ Id: 98e2c0d6-15b5-42f5-bd6d-236d6ee3a456, Nodes: 27cb48db-4b88-4c0c-b213-19f9b2fffaff{ip: 192.168.151.99, host: pr-hdds-1569-g6sp5-2013761785, networkLocation: /rack1, certSerialId: null}, Type:RATIS, Factor:ONE, State:OPEN]
2019-09-26 19:35:54,310 [grpc-default-executor-2] INFO  impl.RaftServerProxy (RaftServerProxy.java:addNew(89)) - 99aa1396-69c4-4985-9b2a-20430cc4a0a7: addNew group-94AB5F03E1FC:[99aa1396-69c4-4985-9b2a-20430cc4a0a7:192.168.151.99:40213] returns group-94AB5F03E1FC:java.util.concurrent.CompletableFuture@7a0a1afb[Not completed]
2019-09-26 19:35:54,310 [pool-281-thread-1] INFO  impl.RaftServerImpl (RaftServerImpl.java:<init>(95)) - 99aa1396-69c4-4985-9b2a-20430cc4a0a7: new RaftServerImpl for group-94AB5F03E1FC:[99aa1396-69c4-4985-9b2a-20430cc4a0a7:192.168.151.99:40213] with ContainerStateMachine:uninitialized
2019-09-26 19:35:54,310 [pool-281-thread-1] INFO  server.RaftServerConfigKeys (ConfUtils.java:logGet(43)) - raft.server.rpc.timeout.min = 5s (custom)
2019-09-26 19:35:54,311 [pool-281-thread-1] INFO  server.RaftServerConfigKeys (ConfUtils.java:logGet(43)) - raft.server.rpc.timeout.max = 5200ms (custom)
2019-09-26 19:35:54,311 [pool-281-thread-1] INFO  server.RaftServerConfigKeys (ConfUtils.java:logGet(43)) - raft.server.rpcslowness.timeout = 120s (custom)
2019-09-26 19:35:54,311 [pool-281-thread-1] INFO  server.RaftServerConfigKeys (ConfUtils.java:logGet(43)) - raft.server.sleep.deviation.threshold = 300 (default)
2019-09-26 19:35:54,311 [pool-281-thread-1] INFO  server.RaftServerConfigKeys (ConfUtils.java:logGet(43)) - raft.server.log.appender.install.snapshot.enabled = false (custom)
2019-09-26 19:35:54,311 [pool-281-thread-1] INFO  impl.RaftServerImpl (ServerState.java:<init>(103)) - 99aa1396-69c4-4985-9b2a-20430cc4a0a7@group-94AB5F03E1FC: ConfigurationManager, init=-1: [99aa1396-69c4-4985-9b2a-20430cc4a0a7:192.168.151.99:40213], old=null, confs=<EMPTY_MAP>
2019-09-26 19:35:54,311 [pool-281-thread-1] INFO  server.RaftServerConfigKeys (ConfUtils.java:logGet(43)) - raft.server.storage.dir = [/workdir/hadoop-ozone/integration-test/target/test-dir/MiniOzoneClusterImpl-2f79a7d3-d7ae-4963-8370-12bb1e2132d7/datanode-2/data/ratis] (custom)
2019-09-26 19:35:54,311 [pool-281-thread-1] INFO  storage.RaftStorageDirectory (RaftStorageDirectory.java:analyzeStorage(246)) - The storage directory /workdir/hadoop-ozone/integration-test/target/test-dir/MiniOzoneClusterImpl-2f79a7d3-d7ae-4963-8370-12bb1e2132d7/datanode-2/data/ratis/ab50f54f-ac1a-4c22-96dd-94ab5f03e1fc does not exist. Creating ...
2019-09-26 19:35:54,324 [pool-281-thread-1] INFO  storage.RaftStorageDirectory (RaftStorageDirectory.java:tryLock(328)) - Lock on /workdir/hadoop-ozone/integration-test/target/test-dir/MiniOzoneClusterImpl-2f79a7d3-d7ae-4963-8370-12bb1e2132d7/datanode-2/data/ratis/ab50f54f-ac1a-4c22-96dd-94ab5f03e1fc/in_use.lock acquired by nodename 17888@pr-hdds-1569-g6sp5-2013761785
2019-09-26 19:35:54,328 [pool-281-thread-1] INFO  storage.RaftStorage (RaftStorage.java:format(72)) - Storage directory /workdir/hadoop-ozone/integration-test/target/test-dir/MiniOzoneClusterImpl-2f79a7d3-d7ae-4963-8370-12bb1e2132d7/datanode-2/data/ratis/ab50f54f-ac1a-4c22-96dd-94ab5f03e1fc has been successfully formatted.
2019-09-26 19:35:54,328 [pool-281-thread-1] INFO  ratis.ContainerStateMachine (ContainerStateMachine.java:loadSnapshot(230)) - group-94AB5F03E1FC: The snapshot info is null. Setting the last applied indexto:(t:0, i:~)
2019-09-26 19:35:54,328 [pool-281-thread-1] INFO  server.RaftServerConfigKeys (ConfUtils.java:logGet(43)) - raft.server.notification.no-leader.timeout = 120s (custom)
2019-09-26 19:35:54,328 [pool-281-thread-1] INFO  server.RaftServerConfigKeys (ConfUtils.java:logGet(43)) - raft.server.log.use.memory = false (default)
2019-09-26 19:35:54,328 [pool-281-thread-1] INFO  server.RaftServerConfigKeys (ConfUtils.java:logGet(43)) - raft.server.log.purge.gap = 1000000 (custom)
2019-09-26 19:35:54,328 [pool-281-thread-1] INFO  server.RaftServerConfigKeys (ConfUtils.java:logGet(43)) - raft.server.log.appender.buffer.byte-limit = 33554432 (custom)
2019-09-26 19:35:54,328 [pool-281-thread-1] INFO  server.RaftServerConfigKeys (ConfUtils.java:logGet(43)) - raft.server.log.segment.size.max = 1048576 (custom)
2019-09-26 19:35:54,329 [pool-281-thread-1] INFO  server.RaftServerConfigKeys (ConfUtils.java:logGet(43)) - raft.server.log.segment.cache.num.max = 2 (custom)
2019-09-26 19:35:54,329 [pool-281-thread-1] INFO  segmented.SegmentedRaftLogWorker (SegmentedRaftLogWorker.java:<init>(172)) - new 99aa1396-69c4-4985-9b2a-20430cc4a0a7@group-94AB5F03E1FC-SegmentedRaftLogWorker for RaftStorage:Storage Directory /workdir/hadoop-ozone/integration-test/target/test-dir/MiniOzoneClusterImpl-2f79a7d3-d7ae-4963-8370-12bb1e2132d7/datanode-2/data/ratis/ab50f54f-ac1a-4c22-96dd-94ab5f03e1fc
2019-09-26 19:35:54,329 [pool-281-thread-1] INFO  server.RaftServerConfigKeys (ConfUtils.java:logGet(43)) - raft.server.log.queue.byte-limit = 2147483647 (custom)
2019-09-26 19:35:54,329 [pool-281-thread-1] INFO  server.RaftServerConfigKeys (ConfUtils.java:logGet(43)) - raft.server.log.queue.element-limit = 1024 (custom)
2019-09-26 19:35:54,329 [pool-281-thread-1] INFO  server.RaftServerConfigKeys (ConfUtils.java:logGet(43)) - raft.server.log.segment.size.max = 1048576 (custom)
2019-09-26 19:35:54,329 [pool-281-thread-1] INFO  server.RaftServerConfigKeys (ConfUtils.java:logGet(43)) - raft.server.log.preallocated.size = 16384 (custom)
2019-09-26 19:35:54,329 [pool-281-thread-1] INFO  server.RaftServerConfigKeys (ConfUtils.java:logGet(43)) - raft.server.log.write.buffer.size = 33554432 (custom)
2019-09-26 19:35:54,329 [pool-281-thread-1] INFO  server.RaftServerConfigKeys (ConfUtils.java:logGet(43)) - raft.server.log.force.sync.num = 128 (default)
2019-09-26 19:35:54,329 [pool-281-thread-1] INFO  server.RaftServerConfigKeys (ConfUtils.java:logGet(43)) - raft.server.log.statemachine.data.sync = true (default)
2019-09-26 19:35:54,329 [pool-281-thread-1] INFO  server.RaftServerConfigKeys (ConfUtils.java:logGet(43)) - raft.server.log.statemachine.data.sync.timeout = 10s (default)
2019-09-26 19:35:54,330 [pool-281-thread-1] INFO  server.RaftServerConfigKeys (ConfUtils.java:logGet(43)) - raft.server.log.statemachine.data.sync.timeout.retry = -1 (default)
2019-09-26 19:35:54,330 [pool-281-thread-1] INFO  server.RaftServerConfigKeys (ConfUtils.java:logGet(43)) - raft.server.log.statemachine.data.caching.enabled = true (custom)
2019-09-26 19:35:54,330 [pool-281-thread-1] INFO  segmented.SegmentedRaftLogWorker (SegmentedRaftLogWorker.java:lambda$new$0(132)) - 99aa1396-69c4-4985-9b2a-20430cc4a0a7@group-94AB5F03E1FC-SegmentedRaftLogWorker: flushIndex: setUnconditionally 0 -> -1
2019-09-26 19:35:54,330 [pool-281-thread-1] INFO  server.RaftServerConfigKeys (ConfUtils.java:logGet(43)) - raft.server.snapshot.auto.trigger.enabled = true (custom)
2019-09-26 19:35:54,330 [pool-281-thread-1] INFO  server.RaftServerConfigKeys (ConfUtils.java:logGet(43)) - raft.server.snapshot.auto.trigger.threshold = 10000 (custom)
2019-09-26 19:35:54,330 [pool-281-thread-1] INFO  server.RaftServerConfigKeys (ConfUtils.java:logGet(43)) - raft.server.snapshot.retention.num.files = 5 (custom)
2019-09-26 19:35:54,330 [pool-281-thread-1] INFO  server.RaftServerConfigKeys (ConfUtils.java:logGet(43)) - raft.server.retrycache.expirytime = 600000ms (custom)
2019-09-26 19:35:54,332 [pool-281-thread-1] INFO  impl.RaftServerImpl (RaftServerImpl.java:start(185)) - 99aa1396-69c4-4985-9b2a-20430cc4a0a7@group-94AB5F03E1FC: start as a follower, conf=-1: [99aa1396-69c4-4985-9b2a-20430cc4a0a7:192.168.151.99:40213], old=null
2019-09-26 19:35:54,332 [pool-281-thread-1] INFO  impl.RaftServerImpl (RaftServerImpl.java:setRole(174)) - 99aa1396-69c4-4985-9b2a-20430cc4a0a7@group-94AB5F03E1FC: changes role from      null to FOLLOWER at term 0 for startAsFollower
2019-09-26 19:35:54,332 [pool-281-thread-1] INFO  impl.RoleInfo (RoleInfo.java:updateAndGet(143)) - 99aa1396-69c4-4985-9b2a-20430cc4a0a7: start FollowerState
2019-09-26 19:35:54,332 [pool-281-thread-1] INFO  util.JmxRegister (JmxRegister.java:tryRegister(44)) - Successfully registered JMX Bean with object name Ratis:service=RaftServer,group=group-94AB5F03E1FC,id=99aa1396-69c4-4985-9b2a-20430cc4a0a7
2019-09-26 19:35:54,334 [RatisPipelineUtilsThread] INFO  pipeline.PipelineStateManager (PipelineStateManager.java:addPipeline(56)) - Created pipeline Pipeline[ Id: ab50f54f-ac1a-4c22-96dd-94ab5f03e1fc, Nodes: 99aa1396-69c4-4985-9b2a-20430cc4a0a7{ip: 192.168.151.99, host: pr-hdds-1569-g6sp5-2013761785, networkLocation: /rack1, certSerialId: null}, Type:RATIS, Factor:ONE, State:OPEN]
2019-09-26 19:35:54,336 [grpc-default-executor-2] INFO  impl.RaftServerProxy (RaftServerProxy.java:addNew(89)) - 27cb48db-4b88-4c0c-b213-19f9b2fffaff: addNew group-76F2B4B609CF:[27cb48db-4b88-4c0c-b213-19f9b2fffaff:192.168.151.99:37457] returns group-76F2B4B609CF:java.util.concurrent.CompletableFuture@2b893bac[Not completed]
2019-09-26 19:35:54,336 [pool-261-thread-1] INFO  impl.RaftServerImpl (RaftServerImpl.java:<init>(95)) - 27cb48db-4b88-4c0c-b213-19f9b2fffaff: new RaftServerImpl for group-76F2B4B609CF:[27cb48db-4b88-4c0c-b213-19f9b2fffaff:192.168.151.99:37457] with ContainerStateMachine:uninitialized
2019-09-26 19:35:54,336 [pool-261-thread-1] INFO  server.RaftServerConfigKeys (ConfUtils.java:logGet(43)) - raft.server.rpc.timeout.min = 5s (custom)
2019-09-26 19:35:54,336 [pool-261-thread-1] INFO  server.RaftServerConfigKeys (ConfUtils.java:logGet(43)) - raft.server.rpc.timeout.max = 5200ms (custom)
2019-09-26 19:35:54,336 [pool-261-thread-1] INFO  server.RaftServerConfigKeys (ConfUtils.java:logGet(43)) - raft.server.rpcslowness.timeout = 120s (custom)
2019-09-26 19:35:54,336 [pool-261-thread-1] INFO  server.RaftServerConfigKeys (ConfUtils.java:logGet(43)) - raft.server.sleep.deviation.threshold = 300 (default)
2019-09-26 19:35:54,337 [pool-261-thread-1] INFO  server.RaftServerConfigKeys (ConfUtils.java:logGet(43)) - raft.server.log.appender.install.snapshot.enabled = false (custom)
2019-09-26 19:35:54,337 [pool-261-thread-1] INFO  impl.RaftServerImpl (ServerState.java:<init>(103)) - 27cb48db-4b88-4c0c-b213-19f9b2fffaff@group-76F2B4B609CF: ConfigurationManager, init=-1: [27cb48db-4b88-4c0c-b213-19f9b2fffaff:192.168.151.99:37457], old=null, confs=<EMPTY_MAP>
2019-09-26 19:35:54,337 [pool-261-thread-1] INFO  server.RaftServerConfigKeys (ConfUtils.java:logGet(43)) - raft.server.storage.dir = [/workdir/hadoop-ozone/integration-test/target/test-dir/MiniOzoneClusterImpl-2f79a7d3-d7ae-4963-8370-12bb1e2132d7/datanode-0/data/ratis] (custom)
2019-09-26 19:35:54,337 [pool-261-thread-1] INFO  storage.RaftStorageDirectory (RaftStorageDirectory.java:analyzeStorage(246)) - The storage directory /workdir/hadoop-ozone/integration-test/target/test-dir/MiniOzoneClusterImpl-2f79a7d3-d7ae-4963-8370-12bb1e2132d7/datanode-0/data/ratis/01a59570-1632-4c4d-94ef-76f2b4b609cf does not exist. Creating ...
2019-09-26 19:35:54,348 [pool-261-thread-1] INFO  storage.RaftStorageDirectory (RaftStorageDirectory.java:tryLock(328)) - Lock on /workdir/hadoop-ozone/integration-test/target/test-dir/MiniOzoneClusterImpl-2f79a7d3-d7ae-4963-8370-12bb1e2132d7/datanode-0/data/ratis/01a59570-1632-4c4d-94ef-76f2b4b609cf/in_use.lock acquired by nodename 17888@pr-hdds-1569-g6sp5-2013761785
2019-09-26 19:35:54,366 [pool-261-thread-1] INFO  storage.RaftStorage (RaftStorage.java:format(72)) - Storage directory /workdir/hadoop-ozone/integration-test/target/test-dir/MiniOzoneClusterImpl-2f79a7d3-d7ae-4963-8370-12bb1e2132d7/datanode-0/data/ratis/01a59570-1632-4c4d-94ef-76f2b4b609cf has been successfully formatted.
2019-09-26 19:35:54,366 [pool-261-thread-1] INFO  ratis.ContainerStateMachine (ContainerStateMachine.java:loadSnapshot(230)) - group-76F2B4B609CF: The snapshot info is null. Setting the last applied indexto:(t:0, i:~)
2019-09-26 19:35:54,366 [pool-261-thread-1] INFO  server.RaftServerConfigKeys (ConfUtils.java:logGet(43)) - raft.server.notification.no-leader.timeout = 120s (custom)
2019-09-26 19:35:54,367 [pool-261-thread-1] INFO  server.RaftServerConfigKeys (ConfUtils.java:logGet(43)) - raft.server.log.use.memory = false (default)
2019-09-26 19:35:54,367 [pool-261-thread-1] INFO  server.RaftServerConfigKeys (ConfUtils.java:logGet(43)) - raft.server.log.purge.gap = 1000000 (custom)
2019-09-26 19:35:54,367 [pool-261-thread-1] INFO  server.RaftServerConfigKeys (ConfUtils.java:logGet(43)) - raft.server.log.appender.buffer.byte-limit = 33554432 (custom)
2019-09-26 19:35:54,367 [pool-261-thread-1] INFO  server.RaftServerConfigKeys (ConfUtils.java:logGet(43)) - raft.server.log.segment.size.max = 1048576 (custom)
2019-09-26 19:35:54,367 [pool-261-thread-1] INFO  server.RaftServerConfigKeys (ConfUtils.java:logGet(43)) - raft.server.log.segment.cache.num.max = 2 (custom)
2019-09-26 19:35:54,367 [pool-261-thread-1] INFO  segmented.SegmentedRaftLogWorker (SegmentedRaftLogWorker.java:<init>(172)) - new 27cb48db-4b88-4c0c-b213-19f9b2fffaff@group-76F2B4B609CF-SegmentedRaftLogWorker for RaftStorage:Storage Directory /workdir/hadoop-ozone/integration-test/target/test-dir/MiniOzoneClusterImpl-2f79a7d3-d7ae-4963-8370-12bb1e2132d7/datanode-0/data/ratis/01a59570-1632-4c4d-94ef-76f2b4b609cf
2019-09-26 19:35:54,367 [pool-261-thread-1] INFO  server.RaftServerConfigKeys (ConfUtils.java:logGet(43)) - raft.server.log.queue.byte-limit = 2147483647 (custom)
2019-09-26 19:35:54,367 [pool-261-thread-1] INFO  server.RaftServerConfigKeys (ConfUtils.java:logGet(43)) - raft.server.log.queue.element-limit = 1024 (custom)
2019-09-26 19:35:54,367 [pool-261-thread-1] INFO  server.RaftServerConfigKeys (ConfUtils.java:logGet(43)) - raft.server.log.segment.size.max = 1048576 (custom)
2019-09-26 19:35:54,367 [pool-261-thread-1] INFO  server.RaftServerConfigKeys (ConfUtils.java:logGet(43)) - raft.server.log.preallocated.size = 16384 (custom)
2019-09-26 19:35:54,367 [pool-261-thread-1] INFO  server.RaftServerConfigKeys (ConfUtils.java:logGet(43)) - raft.server.log.write.buffer.size = 33554432 (custom)
2019-09-26 19:35:54,368 [pool-261-thread-1] INFO  server.RaftServerConfigKeys (ConfUtils.java:logGet(43)) - raft.server.log.force.sync.num = 128 (default)
2019-09-26 19:35:54,368 [pool-261-thread-1] INFO  server.RaftServerConfigKeys (ConfUtils.java:logGet(43)) - raft.server.log.statemachine.data.sync = true (default)
2019-09-26 19:35:54,368 [pool-261-thread-1] INFO  server.RaftServerConfigKeys (ConfUtils.java:logGet(43)) - raft.server.log.statemachine.data.sync.timeout = 10s (default)
2019-09-26 19:35:54,368 [pool-261-thread-1] INFO  server.RaftServerConfigKeys (ConfUtils.java:logGet(43)) - raft.server.log.statemachine.data.sync.timeout.retry = -1 (default)
2019-09-26 19:35:54,368 [pool-261-thread-1] INFO  server.RaftServerConfigKeys (ConfUtils.java:logGet(43)) - raft.server.log.statemachine.data.caching.enabled = true (custom)
2019-09-26 19:35:54,368 [pool-261-thread-1] INFO  segmented.SegmentedRaftLogWorker (SegmentedRaftLogWorker.java:lambda$new$0(132)) - 27cb48db-4b88-4c0c-b213-19f9b2fffaff@group-76F2B4B609CF-SegmentedRaftLogWorker: flushIndex: setUnconditionally 0 -> -1
2019-09-26 19:35:54,368 [pool-261-thread-1] INFO  server.RaftServerConfigKeys (ConfUtils.java:logGet(43)) - raft.server.snapshot.auto.trigger.enabled = true (custom)
2019-09-26 19:35:54,368 [pool-261-thread-1] INFO  server.RaftServerConfigKeys (ConfUtils.java:logGet(43)) - raft.server.snapshot.auto.trigger.threshold = 10000 (custom)
2019-09-26 19:35:54,369 [pool-261-thread-1] INFO  server.RaftServerConfigKeys (ConfUtils.java:logGet(43)) - raft.server.snapshot.retention.num.files = 5 (custom)
2019-09-26 19:35:54,369 [pool-261-thread-1] INFO  server.RaftServerConfigKeys (ConfUtils.java:logGet(43)) - raft.server.retrycache.expirytime = 600000ms (custom)
2019-09-26 19:35:54,370 [pool-261-thread-1] INFO  impl.RaftServerImpl (RaftServerImpl.java:start(185)) - 27cb48db-4b88-4c0c-b213-19f9b2fffaff@group-76F2B4B609CF: start as a follower, conf=-1: [27cb48db-4b88-4c0c-b213-19f9b2fffaff:192.168.151.99:37457], old=null
2019-09-26 19:35:54,370 [pool-261-thread-1] INFO  impl.RaftServerImpl (RaftServerImpl.java:setRole(174)) - 27cb48db-4b88-4c0c-b213-19f9b2fffaff@group-76F2B4B609CF: changes role from      null to FOLLOWER at term 0 for startAsFollower
2019-09-26 19:35:54,370 [pool-261-thread-1] INFO  impl.RoleInfo (RoleInfo.java:updateAndGet(143)) - 27cb48db-4b88-4c0c-b213-19f9b2fffaff: start FollowerState
2019-09-26 19:35:54,370 [pool-261-thread-1] INFO  util.JmxRegister (JmxRegister.java:tryRegister(44)) - Successfully registered JMX Bean with object name Ratis:service=RaftServer,group=group-76F2B4B609CF,id=27cb48db-4b88-4c0c-b213-19f9b2fffaff
2019-09-26 19:35:54,372 [RatisPipelineUtilsThread] INFO  pipeline.PipelineStateManager (PipelineStateManager.java:addPipeline(56)) - Created pipeline Pipeline[ Id: 01a59570-1632-4c4d-94ef-76f2b4b609cf, Nodes: 27cb48db-4b88-4c0c-b213-19f9b2fffaff{ip: 192.168.151.99, host: pr-hdds-1569-g6sp5-2013761785, networkLocation: /rack1, certSerialId: null}, Type:RATIS, Factor:ONE, State:OPEN]
2019-09-26 19:35:54,374 [grpc-default-executor-2] INFO  impl.RaftServerProxy (RaftServerProxy.java:addNew(89)) - 99aa1396-69c4-4985-9b2a-20430cc4a0a7: addNew group-45151E1529C8:[99aa1396-69c4-4985-9b2a-20430cc4a0a7:192.168.151.99:40213] returns group-45151E1529C8:java.util.concurrent.CompletableFuture@4e97655d[Not completed]
2019-09-26 19:35:54,374 [pool-281-thread-1] INFO  impl.RaftServerImpl (RaftServerImpl.java:<init>(95)) - 99aa1396-69c4-4985-9b2a-20430cc4a0a7: new RaftServerImpl for group-45151E1529C8:[99aa1396-69c4-4985-9b2a-20430cc4a0a7:192.168.151.99:40213] with ContainerStateMachine:uninitialized
2019-09-26 19:35:54,374 [pool-281-thread-1] INFO  server.RaftServerConfigKeys (ConfUtils.java:logGet(43)) - raft.server.rpc.timeout.min = 5s (custom)
2019-09-26 19:35:54,374 [pool-281-thread-1] INFO  server.RaftServerConfigKeys (ConfUtils.java:logGet(43)) - raft.server.rpc.timeout.max = 5200ms (custom)
2019-09-26 19:35:54,374 [pool-281-thread-1] INFO  server.RaftServerConfigKeys (ConfUtils.java:logGet(43)) - raft.server.rpcslowness.timeout = 120s (custom)
2019-09-26 19:35:54,374 [pool-281-thread-1] INFO  server.RaftServerConfigKeys (ConfUtils.java:logGet(43)) - raft.server.sleep.deviation.threshold = 300 (default)
2019-09-26 19:35:54,375 [pool-281-thread-1] INFO  server.RaftServerConfigKeys (ConfUtils.java:logGet(43)) - raft.server.log.appender.install.snapshot.enabled = false (custom)
2019-09-26 19:35:54,375 [pool-281-thread-1] INFO  impl.RaftServerImpl (ServerState.java:<init>(103)) - 99aa1396-69c4-4985-9b2a-20430cc4a0a7@group-45151E1529C8: ConfigurationManager, init=-1: [99aa1396-69c4-4985-9b2a-20430cc4a0a7:192.168.151.99:40213], old=null, confs=<EMPTY_MAP>
2019-09-26 19:35:54,375 [pool-281-thread-1] INFO  server.RaftServerConfigKeys (ConfUtils.java:logGet(43)) - raft.server.storage.dir = [/workdir/hadoop-ozone/integration-test/target/test-dir/MiniOzoneClusterImpl-2f79a7d3-d7ae-4963-8370-12bb1e2132d7/datanode-2/data/ratis] (custom)
2019-09-26 19:35:54,375 [pool-281-thread-1] INFO  storage.RaftStorageDirectory (RaftStorageDirectory.java:analyzeStorage(246)) - The storage directory /workdir/hadoop-ozone/integration-test/target/test-dir/MiniOzoneClusterImpl-2f79a7d3-d7ae-4963-8370-12bb1e2132d7/datanode-2/data/ratis/20989e95-fd9a-4a8a-833b-45151e1529c8 does not exist. Creating ...
2019-09-26 19:35:54,405 [pool-281-thread-1] INFO  storage.RaftStorageDirectory (RaftStorageDirectory.java:tryLock(328)) - Lock on /workdir/hadoop-ozone/integration-test/target/test-dir/MiniOzoneClusterImpl-2f79a7d3-d7ae-4963-8370-12bb1e2132d7/datanode-2/data/ratis/20989e95-fd9a-4a8a-833b-45151e1529c8/in_use.lock acquired by nodename 17888@pr-hdds-1569-g6sp5-2013761785
2019-09-26 19:35:54,418 [pool-281-thread-1] INFO  storage.RaftStorage (RaftStorage.java:format(72)) - Storage directory /workdir/hadoop-ozone/integration-test/target/test-dir/MiniOzoneClusterImpl-2f79a7d3-d7ae-4963-8370-12bb1e2132d7/datanode-2/data/ratis/20989e95-fd9a-4a8a-833b-45151e1529c8 has been successfully formatted.
2019-09-26 19:35:54,418 [pool-281-thread-1] INFO  ratis.ContainerStateMachine (ContainerStateMachine.java:loadSnapshot(230)) - group-45151E1529C8: The snapshot info is null. Setting the last applied indexto:(t:0, i:~)
2019-09-26 19:35:54,418 [pool-281-thread-1] INFO  server.RaftServerConfigKeys (ConfUtils.java:logGet(43)) - raft.server.notification.no-leader.timeout = 120s (custom)
2019-09-26 19:35:54,418 [pool-281-thread-1] INFO  server.RaftServerConfigKeys (ConfUtils.java:logGet(43)) - raft.server.log.use.memory = false (default)
2019-09-26 19:35:54,418 [pool-281-thread-1] INFO  server.RaftServerConfigKeys (ConfUtils.java:logGet(43)) - raft.server.log.purge.gap = 1000000 (custom)
2019-09-26 19:35:54,418 [pool-281-thread-1] INFO  server.RaftServerConfigKeys (ConfUtils.java:logGet(43)) - raft.server.log.appender.buffer.byte-limit = 33554432 (custom)
2019-09-26 19:35:54,419 [pool-281-thread-1] INFO  server.RaftServerConfigKeys (ConfUtils.java:logGet(43)) - raft.server.log.segment.size.max = 1048576 (custom)
2019-09-26 19:35:54,419 [pool-281-thread-1] INFO  server.RaftServerConfigKeys (ConfUtils.java:logGet(43)) - raft.server.log.segment.cache.num.max = 2 (custom)
2019-09-26 19:35:54,419 [pool-281-thread-1] INFO  segmented.SegmentedRaftLogWorker (SegmentedRaftLogWorker.java:<init>(172)) - new 99aa1396-69c4-4985-9b2a-20430cc4a0a7@group-45151E1529C8-SegmentedRaftLogWorker for RaftStorage:Storage Directory /workdir/hadoop-ozone/integration-test/target/test-dir/MiniOzoneClusterImpl-2f79a7d3-d7ae-4963-8370-12bb1e2132d7/datanode-2/data/ratis/20989e95-fd9a-4a8a-833b-45151e1529c8
2019-09-26 19:35:54,419 [pool-281-thread-1] INFO  server.RaftServerConfigKeys (ConfUtils.java:logGet(43)) - raft.server.log.queue.byte-limit = 2147483647 (custom)
2019-09-26 19:35:54,419 [pool-281-thread-1] INFO  server.RaftServerConfigKeys (ConfUtils.java:logGet(43)) - raft.server.log.queue.element-limit = 1024 (custom)
2019-09-26 19:35:54,419 [pool-281-thread-1] INFO  server.RaftServerConfigKeys (ConfUtils.java:logGet(43)) - raft.server.log.segment.size.max = 1048576 (custom)
2019-09-26 19:35:54,419 [pool-281-thread-1] INFO  server.RaftServerConfigKeys (ConfUtils.java:logGet(43)) - raft.server.log.preallocated.size = 16384 (custom)
2019-09-26 19:35:54,419 [pool-281-thread-1] INFO  server.RaftServerConfigKeys (ConfUtils.java:logGet(43)) - raft.server.log.write.buffer.size = 33554432 (custom)
2019-09-26 19:35:54,419 [pool-281-thread-1] INFO  server.RaftServerConfigKeys (ConfUtils.java:logGet(43)) - raft.server.log.force.sync.num = 128 (default)
2019-09-26 19:35:54,419 [pool-281-thread-1] INFO  server.RaftServerConfigKeys (ConfUtils.java:logGet(43)) - raft.server.log.statemachine.data.sync = true (default)
2019-09-26 19:35:54,419 [pool-281-thread-1] INFO  server.RaftServerConfigKeys (ConfUtils.java:logGet(43)) - raft.server.log.statemachine.data.sync.timeout = 10s (default)
2019-09-26 19:35:54,419 [pool-281-thread-1] INFO  server.RaftServerConfigKeys (ConfUtils.java:logGet(43)) - raft.server.log.statemachine.data.sync.timeout.retry = -1 (default)
2019-09-26 19:35:54,420 [pool-281-thread-1] INFO  server.RaftServerConfigKeys (ConfUtils.java:logGet(43)) - raft.server.log.statemachine.data.caching.enabled = true (custom)
2019-09-26 19:35:54,420 [pool-281-thread-1] INFO  segmented.SegmentedRaftLogWorker (SegmentedRaftLogWorker.java:lambda$new$0(132)) - 99aa1396-69c4-4985-9b2a-20430cc4a0a7@group-45151E1529C8-SegmentedRaftLogWorker: flushIndex: setUnconditionally 0 -> -1
2019-09-26 19:35:54,420 [pool-281-thread-1] INFO  server.RaftServerConfigKeys (ConfUtils.java:logGet(43)) - raft.server.snapshot.auto.trigger.enabled = true (custom)
2019-09-26 19:35:54,420 [pool-281-thread-1] INFO  server.RaftServerConfigKeys (ConfUtils.java:logGet(43)) - raft.server.snapshot.auto.trigger.threshold = 10000 (custom)
2019-09-26 19:35:54,420 [pool-281-thread-1] INFO  server.RaftServerConfigKeys (ConfUtils.java:logGet(43)) - raft.server.snapshot.retention.num.files = 5 (custom)
2019-09-26 19:35:54,420 [pool-281-thread-1] INFO  server.RaftServerConfigKeys (ConfUtils.java:logGet(43)) - raft.server.retrycache.expirytime = 600000ms (custom)
2019-09-26 19:35:54,421 [pool-281-thread-1] INFO  impl.RaftServerImpl (RaftServerImpl.java:start(185)) - 99aa1396-69c4-4985-9b2a-20430cc4a0a7@group-45151E1529C8: start as a follower, conf=-1: [99aa1396-69c4-4985-9b2a-20430cc4a0a7:192.168.151.99:40213], old=null
2019-09-26 19:35:54,421 [pool-281-thread-1] INFO  impl.RaftServerImpl (RaftServerImpl.java:setRole(174)) - 99aa1396-69c4-4985-9b2a-20430cc4a0a7@group-45151E1529C8: changes role from      null to FOLLOWER at term 0 for startAsFollower
2019-09-26 19:35:54,421 [pool-281-thread-1] INFO  impl.RoleInfo (RoleInfo.java:updateAndGet(143)) - 99aa1396-69c4-4985-9b2a-20430cc4a0a7: start FollowerState
2019-09-26 19:35:54,422 [pool-281-thread-1] INFO  util.JmxRegister (JmxRegister.java:tryRegister(44)) - Successfully registered JMX Bean with object name Ratis:service=RaftServer,group=group-45151E1529C8,id=99aa1396-69c4-4985-9b2a-20430cc4a0a7
2019-09-26 19:35:54,423 [RatisPipelineUtilsThread] INFO  pipeline.PipelineStateManager (PipelineStateManager.java:addPipeline(56)) - Created pipeline Pipeline[ Id: 20989e95-fd9a-4a8a-833b-45151e1529c8, Nodes: 99aa1396-69c4-4985-9b2a-20430cc4a0a7{ip: 192.168.151.99, host: pr-hdds-1569-g6sp5-2013761785, networkLocation: /rack1, certSerialId: null}, Type:RATIS, Factor:ONE, State:OPEN]
2019-09-26 19:35:54,425 [grpc-default-executor-2] INFO  impl.RaftServerProxy (RaftServerProxy.java:addNew(89)) - 728ea44c-f097-440a-a87e-c27a68d48f14: addNew group-0F73BEC6CC3F:[728ea44c-f097-440a-a87e-c27a68d48f14:192.168.151.99:38783] returns group-0F73BEC6CC3F:java.util.concurrent.CompletableFuture@4e9bbaec[Not completed]
2019-09-26 19:35:54,426 [pool-271-thread-1] INFO  impl.RaftServerImpl (RaftServerImpl.java:<init>(95)) - 728ea44c-f097-440a-a87e-c27a68d48f14: new RaftServerImpl for group-0F73BEC6CC3F:[728ea44c-f097-440a-a87e-c27a68d48f14:192.168.151.99:38783] with ContainerStateMachine:uninitialized
2019-09-26 19:35:54,426 [pool-271-thread-1] INFO  server.RaftServerConfigKeys (ConfUtils.java:logGet(43)) - raft.server.rpc.timeout.min = 5s (custom)
2019-09-26 19:35:54,426 [pool-271-thread-1] INFO  server.RaftServerConfigKeys (ConfUtils.java:logGet(43)) - raft.server.rpc.timeout.max = 5200ms (custom)
2019-09-26 19:35:54,426 [pool-271-thread-1] INFO  server.RaftServerConfigKeys (ConfUtils.java:logGet(43)) - raft.server.rpcslowness.timeout = 120s (custom)
2019-09-26 19:35:54,426 [pool-271-thread-1] INFO  server.RaftServerConfigKeys (ConfUtils.java:logGet(43)) - raft.server.sleep.deviation.threshold = 300 (default)
2019-09-26 19:35:54,426 [pool-271-thread-1] INFO  server.RaftServerConfigKeys (ConfUtils.java:logGet(43)) - raft.server.log.appender.install.snapshot.enabled = false (custom)
2019-09-26 19:35:54,426 [pool-271-thread-1] INFO  impl.RaftServerImpl (ServerState.java:<init>(103)) - 728ea44c-f097-440a-a87e-c27a68d48f14@group-0F73BEC6CC3F: ConfigurationManager, init=-1: [728ea44c-f097-440a-a87e-c27a68d48f14:192.168.151.99:38783], old=null, confs=<EMPTY_MAP>
2019-09-26 19:35:54,427 [pool-271-thread-1] INFO  server.RaftServerConfigKeys (ConfUtils.java:logGet(43)) - raft.server.storage.dir = [/workdir/hadoop-ozone/integration-test/target/test-dir/MiniOzoneClusterImpl-2f79a7d3-d7ae-4963-8370-12bb1e2132d7/datanode-1/data/ratis] (custom)
2019-09-26 19:35:54,427 [pool-271-thread-1] INFO  storage.RaftStorageDirectory (RaftStorageDirectory.java:analyzeStorage(246)) - The storage directory /workdir/hadoop-ozone/integration-test/target/test-dir/MiniOzoneClusterImpl-2f79a7d3-d7ae-4963-8370-12bb1e2132d7/datanode-1/data/ratis/b3c3cc7e-5987-406b-8843-0f73bec6cc3f does not exist. Creating ...
2019-09-26 19:35:54,440 [pool-271-thread-1] INFO  storage.RaftStorageDirectory (RaftStorageDirectory.java:tryLock(328)) - Lock on /workdir/hadoop-ozone/integration-test/target/test-dir/MiniOzoneClusterImpl-2f79a7d3-d7ae-4963-8370-12bb1e2132d7/datanode-1/data/ratis/b3c3cc7e-5987-406b-8843-0f73bec6cc3f/in_use.lock acquired by nodename 17888@pr-hdds-1569-g6sp5-2013761785
2019-09-26 19:35:54,453 [pool-271-thread-1] INFO  storage.RaftStorage (RaftStorage.java:format(72)) - Storage directory /workdir/hadoop-ozone/integration-test/target/test-dir/MiniOzoneClusterImpl-2f79a7d3-d7ae-4963-8370-12bb1e2132d7/datanode-1/data/ratis/b3c3cc7e-5987-406b-8843-0f73bec6cc3f has been successfully formatted.
2019-09-26 19:35:54,454 [pool-271-thread-1] INFO  ratis.ContainerStateMachine (ContainerStateMachine.java:loadSnapshot(230)) - group-0F73BEC6CC3F: The snapshot info is null. Setting the last applied indexto:(t:0, i:~)
2019-09-26 19:35:54,454 [pool-271-thread-1] INFO  server.RaftServerConfigKeys (ConfUtils.java:logGet(43)) - raft.server.notification.no-leader.timeout = 120s (custom)
2019-09-26 19:35:54,454 [pool-271-thread-1] INFO  server.RaftServerConfigKeys (ConfUtils.java:logGet(43)) - raft.server.log.use.memory = false (default)
2019-09-26 19:35:54,454 [pool-271-thread-1] INFO  server.RaftServerConfigKeys (ConfUtils.java:logGet(43)) - raft.server.log.purge.gap = 1000000 (custom)
2019-09-26 19:35:54,454 [pool-271-thread-1] INFO  server.RaftServerConfigKeys (ConfUtils.java:logGet(43)) - raft.server.log.appender.buffer.byte-limit = 33554432 (custom)
2019-09-26 19:35:54,454 [pool-271-thread-1] INFO  server.RaftServerConfigKeys (ConfUtils.java:logGet(43)) - raft.server.log.segment.size.max = 1048576 (custom)
2019-09-26 19:35:54,454 [pool-271-thread-1] INFO  server.RaftServerConfigKeys (ConfUtils.java:logGet(43)) - raft.server.log.segment.cache.num.max = 2 (custom)
2019-09-26 19:35:54,454 [pool-271-thread-1] INFO  segmented.SegmentedRaftLogWorker (SegmentedRaftLogWorker.java:<init>(172)) - new 728ea44c-f097-440a-a87e-c27a68d48f14@group-0F73BEC6CC3F-SegmentedRaftLogWorker for RaftStorage:Storage Directory /workdir/hadoop-ozone/integration-test/target/test-dir/MiniOzoneClusterImpl-2f79a7d3-d7ae-4963-8370-12bb1e2132d7/datanode-1/data/ratis/b3c3cc7e-5987-406b-8843-0f73bec6cc3f
2019-09-26 19:35:54,454 [pool-271-thread-1] INFO  server.RaftServerConfigKeys (ConfUtils.java:logGet(43)) - raft.server.log.queue.byte-limit = 2147483647 (custom)
2019-09-26 19:35:54,455 [pool-271-thread-1] INFO  server.RaftServerConfigKeys (ConfUtils.java:logGet(43)) - raft.server.log.queue.element-limit = 1024 (custom)
2019-09-26 19:35:54,455 [pool-271-thread-1] INFO  server.RaftServerConfigKeys (ConfUtils.java:logGet(43)) - raft.server.log.segment.size.max = 1048576 (custom)
2019-09-26 19:35:54,455 [pool-271-thread-1] INFO  server.RaftServerConfigKeys (ConfUtils.java:logGet(43)) - raft.server.log.preallocated.size = 16384 (custom)
2019-09-26 19:35:54,455 [pool-271-thread-1] INFO  server.RaftServerConfigKeys (ConfUtils.java:logGet(43)) - raft.server.log.write.buffer.size = 33554432 (custom)
2019-09-26 19:35:54,455 [pool-271-thread-1] INFO  server.RaftServerConfigKeys (ConfUtils.java:logGet(43)) - raft.server.log.force.sync.num = 128 (default)
2019-09-26 19:35:54,455 [pool-271-thread-1] INFO  server.RaftServerConfigKeys (ConfUtils.java:logGet(43)) - raft.server.log.statemachine.data.sync = true (default)
2019-09-26 19:35:54,455 [pool-271-thread-1] INFO  server.RaftServerConfigKeys (ConfUtils.java:logGet(43)) - raft.server.log.statemachine.data.sync.timeout = 10s (default)
2019-09-26 19:35:54,455 [pool-271-thread-1] INFO  server.RaftServerConfigKeys (ConfUtils.java:logGet(43)) - raft.server.log.statemachine.data.sync.timeout.retry = -1 (default)
2019-09-26 19:35:54,456 [pool-271-thread-1] INFO  server.RaftServerConfigKeys (ConfUtils.java:logGet(43)) - raft.server.log.statemachine.data.caching.enabled = true (custom)
2019-09-26 19:35:54,456 [pool-271-thread-1] INFO  segmented.SegmentedRaftLogWorker (SegmentedRaftLogWorker.java:lambda$new$0(132)) - 728ea44c-f097-440a-a87e-c27a68d48f14@group-0F73BEC6CC3F-SegmentedRaftLogWorker: flushIndex: setUnconditionally 0 -> -1
2019-09-26 19:35:54,456 [pool-271-thread-1] INFO  server.RaftServerConfigKeys (ConfUtils.java:logGet(43)) - raft.server.snapshot.auto.trigger.enabled = true (custom)
2019-09-26 19:35:54,456 [pool-271-thread-1] INFO  server.RaftServerConfigKeys (ConfUtils.java:logGet(43)) - raft.server.snapshot.auto.trigger.threshold = 10000 (custom)
2019-09-26 19:35:54,456 [pool-271-thread-1] INFO  server.RaftServerConfigKeys (ConfUtils.java:logGet(43)) - raft.server.snapshot.retention.num.files = 5 (custom)
2019-09-26 19:35:54,456 [pool-271-thread-1] INFO  server.RaftServerConfigKeys (ConfUtils.java:logGet(43)) - raft.server.retrycache.expirytime = 600000ms (custom)
2019-09-26 19:35:54,458 [pool-271-thread-1] INFO  impl.RaftServerImpl (RaftServerImpl.java:start(185)) - 728ea44c-f097-440a-a87e-c27a68d48f14@group-0F73BEC6CC3F: start as a follower, conf=-1: [728ea44c-f097-440a-a87e-c27a68d48f14:192.168.151.99:38783], old=null
2019-09-26 19:35:54,458 [pool-271-thread-1] INFO  impl.RaftServerImpl (RaftServerImpl.java:setRole(174)) - 728ea44c-f097-440a-a87e-c27a68d48f14@group-0F73BEC6CC3F: changes role from      null to FOLLOWER at term 0 for startAsFollower
2019-09-26 19:35:54,458 [pool-271-thread-1] INFO  impl.RoleInfo (RoleInfo.java:updateAndGet(143)) - 728ea44c-f097-440a-a87e-c27a68d48f14: start FollowerState
2019-09-26 19:35:54,458 [pool-271-thread-1] INFO  util.JmxRegister (JmxRegister.java:tryRegister(44)) - Successfully registered JMX Bean with object name Ratis:service=RaftServer,group=group-0F73BEC6CC3F,id=728ea44c-f097-440a-a87e-c27a68d48f14
2019-09-26 19:35:54,460 [RatisPipelineUtilsThread] INFO  pipeline.PipelineStateManager (PipelineStateManager.java:addPipeline(56)) - Created pipeline Pipeline[ Id: b3c3cc7e-5987-406b-8843-0f73bec6cc3f, Nodes: 728ea44c-f097-440a-a87e-c27a68d48f14{ip: 192.168.151.99, host: pr-hdds-1569-g6sp5-2013761785, networkLocation: /rack1, certSerialId: null}, Type:RATIS, Factor:ONE, State:OPEN]
2019-09-26 19:35:54,462 [grpc-default-executor-2] INFO  impl.RaftServerProxy (RaftServerProxy.java:addNew(89)) - 27cb48db-4b88-4c0c-b213-19f9b2fffaff: addNew group-7EAA5414454D:[27cb48db-4b88-4c0c-b213-19f9b2fffaff:192.168.151.99:37457] returns group-7EAA5414454D:java.util.concurrent.CompletableFuture@5ce3e704[Not completed]
2019-09-26 19:35:54,462 [pool-261-thread-1] INFO  impl.RaftServerImpl (RaftServerImpl.java:<init>(95)) - 27cb48db-4b88-4c0c-b213-19f9b2fffaff: new RaftServerImpl for group-7EAA5414454D:[27cb48db-4b88-4c0c-b213-19f9b2fffaff:192.168.151.99:37457] with ContainerStateMachine:uninitialized
2019-09-26 19:35:54,462 [pool-261-thread-1] INFO  server.RaftServerConfigKeys (ConfUtils.java:logGet(43)) - raft.server.rpc.timeout.min = 5s (custom)
2019-09-26 19:35:54,462 [pool-261-thread-1] INFO  server.RaftServerConfigKeys (ConfUtils.java:logGet(43)) - raft.server.rpc.timeout.max = 5200ms (custom)
2019-09-26 19:35:54,462 [pool-261-thread-1] INFO  server.RaftServerConfigKeys (ConfUtils.java:logGet(43)) - raft.server.rpcslowness.timeout = 120s (custom)
2019-09-26 19:35:54,463 [pool-261-thread-1] INFO  server.RaftServerConfigKeys (ConfUtils.java:logGet(43)) - raft.server.sleep.deviation.threshold = 300 (default)
2019-09-26 19:35:54,463 [pool-261-thread-1] INFO  server.RaftServerConfigKeys (ConfUtils.java:logGet(43)) - raft.server.log.appender.install.snapshot.enabled = false (custom)
2019-09-26 19:35:54,463 [pool-261-thread-1] INFO  impl.RaftServerImpl (ServerState.java:<init>(103)) - 27cb48db-4b88-4c0c-b213-19f9b2fffaff@group-7EAA5414454D: ConfigurationManager, init=-1: [27cb48db-4b88-4c0c-b213-19f9b2fffaff:192.168.151.99:37457], old=null, confs=<EMPTY_MAP>
2019-09-26 19:35:54,463 [pool-261-thread-1] INFO  server.RaftServerConfigKeys (ConfUtils.java:logGet(43)) - raft.server.storage.dir = [/workdir/hadoop-ozone/integration-test/target/test-dir/MiniOzoneClusterImpl-2f79a7d3-d7ae-4963-8370-12bb1e2132d7/datanode-0/data/ratis] (custom)
2019-09-26 19:35:54,463 [pool-261-thread-1] INFO  storage.RaftStorageDirectory (RaftStorageDirectory.java:analyzeStorage(246)) - The storage directory /workdir/hadoop-ozone/integration-test/target/test-dir/MiniOzoneClusterImpl-2f79a7d3-d7ae-4963-8370-12bb1e2132d7/datanode-0/data/ratis/b757717f-25ec-48e4-ad2d-7eaa5414454d does not exist. Creating ...
2019-09-26 19:35:54,476 [pool-261-thread-1] INFO  storage.RaftStorageDirectory (RaftStorageDirectory.java:tryLock(328)) - Lock on /workdir/hadoop-ozone/integration-test/target/test-dir/MiniOzoneClusterImpl-2f79a7d3-d7ae-4963-8370-12bb1e2132d7/datanode-0/data/ratis/b757717f-25ec-48e4-ad2d-7eaa5414454d/in_use.lock acquired by nodename 17888@pr-hdds-1569-g6sp5-2013761785
2019-09-26 19:35:54,489 [pool-261-thread-1] INFO  storage.RaftStorage (RaftStorage.java:format(72)) - Storage directory /workdir/hadoop-ozone/integration-test/target/test-dir/MiniOzoneClusterImpl-2f79a7d3-d7ae-4963-8370-12bb1e2132d7/datanode-0/data/ratis/b757717f-25ec-48e4-ad2d-7eaa5414454d has been successfully formatted.
2019-09-26 19:35:54,489 [pool-261-thread-1] INFO  ratis.ContainerStateMachine (ContainerStateMachine.java:loadSnapshot(230)) - group-7EAA5414454D: The snapshot info is null. Setting the last applied indexto:(t:0, i:~)
2019-09-26 19:35:54,489 [pool-261-thread-1] INFO  server.RaftServerConfigKeys (ConfUtils.java:logGet(43)) - raft.server.notification.no-leader.timeout = 120s (custom)
2019-09-26 19:35:54,489 [pool-261-thread-1] INFO  server.RaftServerConfigKeys (ConfUtils.java:logGet(43)) - raft.server.log.use.memory = false (default)
2019-09-26 19:35:54,489 [pool-261-thread-1] INFO  server.RaftServerConfigKeys (ConfUtils.java:logGet(43)) - raft.server.log.purge.gap = 1000000 (custom)
2019-09-26 19:35:54,489 [pool-261-thread-1] INFO  server.RaftServerConfigKeys (ConfUtils.java:logGet(43)) - raft.server.log.appender.buffer.byte-limit = 33554432 (custom)
2019-09-26 19:35:54,489 [pool-261-thread-1] INFO  server.RaftServerConfigKeys (ConfUtils.java:logGet(43)) - raft.server.log.segment.size.max = 1048576 (custom)
2019-09-26 19:35:54,489 [pool-261-thread-1] INFO  server.RaftServerConfigKeys (ConfUtils.java:logGet(43)) - raft.server.log.segment.cache.num.max = 2 (custom)
2019-09-26 19:35:54,489 [pool-261-thread-1] INFO  segmented.SegmentedRaftLogWorker (SegmentedRaftLogWorker.java:<init>(172)) - new 27cb48db-4b88-4c0c-b213-19f9b2fffaff@group-7EAA5414454D-SegmentedRaftLogWorker for RaftStorage:Storage Directory /workdir/hadoop-ozone/integration-test/target/test-dir/MiniOzoneClusterImpl-2f79a7d3-d7ae-4963-8370-12bb1e2132d7/datanode-0/data/ratis/b757717f-25ec-48e4-ad2d-7eaa5414454d
2019-09-26 19:35:54,490 [pool-261-thread-1] INFO  server.RaftServerConfigKeys (ConfUtils.java:logGet(43)) - raft.server.log.queue.byte-limit = 2147483647 (custom)
2019-09-26 19:35:54,490 [pool-261-thread-1] INFO  server.RaftServerConfigKeys (ConfUtils.java:logGet(43)) - raft.server.log.queue.element-limit = 1024 (custom)
2019-09-26 19:35:54,490 [pool-261-thread-1] INFO  server.RaftServerConfigKeys (ConfUtils.java:logGet(43)) - raft.server.log.segment.size.max = 1048576 (custom)
2019-09-26 19:35:54,490 [pool-261-thread-1] INFO  server.RaftServerConfigKeys (ConfUtils.java:logGet(43)) - raft.server.log.preallocated.size = 16384 (custom)
2019-09-26 19:35:54,490 [pool-261-thread-1] INFO  server.RaftServerConfigKeys (ConfUtils.java:logGet(43)) - raft.server.log.write.buffer.size = 33554432 (custom)
2019-09-26 19:35:54,490 [pool-261-thread-1] INFO  server.RaftServerConfigKeys (ConfUtils.java:logGet(43)) - raft.server.log.force.sync.num = 128 (default)
2019-09-26 19:35:54,490 [pool-261-thread-1] INFO  server.RaftServerConfigKeys (ConfUtils.java:logGet(43)) - raft.server.log.statemachine.data.sync = true (default)
2019-09-26 19:35:54,490 [pool-261-thread-1] INFO  server.RaftServerConfigKeys (ConfUtils.java:logGet(43)) - raft.server.log.statemachine.data.sync.timeout = 10s (default)
2019-09-26 19:35:54,490 [pool-261-thread-1] INFO  server.RaftServerConfigKeys (ConfUtils.java:logGet(43)) - raft.server.log.statemachine.data.sync.timeout.retry = -1 (default)
2019-09-26 19:35:54,490 [pool-261-thread-1] INFO  server.RaftServerConfigKeys (ConfUtils.java:logGet(43)) - raft.server.log.statemachine.data.caching.enabled = true (custom)
2019-09-26 19:35:54,490 [pool-261-thread-1] INFO  segmented.SegmentedRaftLogWorker (SegmentedRaftLogWorker.java:lambda$new$0(132)) - 27cb48db-4b88-4c0c-b213-19f9b2fffaff@group-7EAA5414454D-SegmentedRaftLogWorker: flushIndex: setUnconditionally 0 -> -1
2019-09-26 19:35:54,491 [pool-261-thread-1] INFO  server.RaftServerConfigKeys (ConfUtils.java:logGet(43)) - raft.server.snapshot.auto.trigger.enabled = true (custom)
2019-09-26 19:35:54,491 [pool-261-thread-1] INFO  server.RaftServerConfigKeys (ConfUtils.java:logGet(43)) - raft.server.snapshot.auto.trigger.threshold = 10000 (custom)
2019-09-26 19:35:54,491 [pool-261-thread-1] INFO  server.RaftServerConfigKeys (ConfUtils.java:logGet(43)) - raft.server.snapshot.retention.num.files = 5 (custom)
2019-09-26 19:35:54,491 [pool-261-thread-1] INFO  server.RaftServerConfigKeys (ConfUtils.java:logGet(43)) - raft.server.retrycache.expirytime = 600000ms (custom)
2019-09-26 19:35:54,492 [pool-261-thread-1] INFO  impl.RaftServerImpl (RaftServerImpl.java:start(185)) - 27cb48db-4b88-4c0c-b213-19f9b2fffaff@group-7EAA5414454D: start as a follower, conf=-1: [27cb48db-4b88-4c0c-b213-19f9b2fffaff:192.168.151.99:37457], old=null
2019-09-26 19:35:54,492 [pool-261-thread-1] INFO  impl.RaftServerImpl (RaftServerImpl.java:setRole(174)) - 27cb48db-4b88-4c0c-b213-19f9b2fffaff@group-7EAA5414454D: changes role from      null to FOLLOWER at term 0 for startAsFollower
2019-09-26 19:35:54,492 [pool-261-thread-1] INFO  impl.RoleInfo (RoleInfo.java:updateAndGet(143)) - 27cb48db-4b88-4c0c-b213-19f9b2fffaff: start FollowerState
2019-09-26 19:35:54,493 [pool-261-thread-1] INFO  util.JmxRegister (JmxRegister.java:tryRegister(44)) - Successfully registered JMX Bean with object name Ratis:service=RaftServer,group=group-7EAA5414454D,id=27cb48db-4b88-4c0c-b213-19f9b2fffaff
2019-09-26 19:35:54,494 [RatisPipelineUtilsThread] INFO  pipeline.PipelineStateManager (PipelineStateManager.java:addPipeline(56)) - Created pipeline Pipeline[ Id: b757717f-25ec-48e4-ad2d-7eaa5414454d, Nodes: 27cb48db-4b88-4c0c-b213-19f9b2fffaff{ip: 192.168.151.99, host: pr-hdds-1569-g6sp5-2013761785, networkLocation: /rack1, certSerialId: null}, Type:RATIS, Factor:ONE, State:OPEN]
2019-09-26 19:35:54,496 [grpc-default-executor-2] INFO  impl.RaftServerProxy (RaftServerProxy.java:addNew(89)) - 728ea44c-f097-440a-a87e-c27a68d48f14: addNew group-BB69EB22B37E:[728ea44c-f097-440a-a87e-c27a68d48f14:192.168.151.99:38783] returns group-BB69EB22B37E:java.util.concurrent.CompletableFuture@ed41041[Not completed]
2019-09-26 19:35:54,497 [pool-271-thread-1] INFO  impl.RaftServerImpl (RaftServerImpl.java:<init>(95)) - 728ea44c-f097-440a-a87e-c27a68d48f14: new RaftServerImpl for group-BB69EB22B37E:[728ea44c-f097-440a-a87e-c27a68d48f14:192.168.151.99:38783] with ContainerStateMachine:uninitialized
2019-09-26 19:35:54,497 [pool-271-thread-1] INFO  server.RaftServerConfigKeys (ConfUtils.java:logGet(43)) - raft.server.rpc.timeout.min = 5s (custom)
2019-09-26 19:35:54,497 [pool-271-thread-1] INFO  server.RaftServerConfigKeys (ConfUtils.java:logGet(43)) - raft.server.rpc.timeout.max = 5200ms (custom)
2019-09-26 19:35:54,497 [pool-271-thread-1] INFO  server.RaftServerConfigKeys (ConfUtils.java:logGet(43)) - raft.server.rpcslowness.timeout = 120s (custom)
2019-09-26 19:35:54,497 [pool-271-thread-1] INFO  server.RaftServerConfigKeys (ConfUtils.java:logGet(43)) - raft.server.sleep.deviation.threshold = 300 (default)
2019-09-26 19:35:54,497 [pool-271-thread-1] INFO  server.RaftServerConfigKeys (ConfUtils.java:logGet(43)) - raft.server.log.appender.install.snapshot.enabled = false (custom)
2019-09-26 19:35:54,497 [pool-271-thread-1] INFO  impl.RaftServerImpl (ServerState.java:<init>(103)) - 728ea44c-f097-440a-a87e-c27a68d48f14@group-BB69EB22B37E: ConfigurationManager, init=-1: [728ea44c-f097-440a-a87e-c27a68d48f14:192.168.151.99:38783], old=null, confs=<EMPTY_MAP>
2019-09-26 19:35:54,498 [pool-271-thread-1] INFO  server.RaftServerConfigKeys (ConfUtils.java:logGet(43)) - raft.server.storage.dir = [/workdir/hadoop-ozone/integration-test/target/test-dir/MiniOzoneClusterImpl-2f79a7d3-d7ae-4963-8370-12bb1e2132d7/datanode-1/data/ratis] (custom)
2019-09-26 19:35:54,498 [pool-271-thread-1] INFO  storage.RaftStorageDirectory (RaftStorageDirectory.java:analyzeStorage(246)) - The storage directory /workdir/hadoop-ozone/integration-test/target/test-dir/MiniOzoneClusterImpl-2f79a7d3-d7ae-4963-8370-12bb1e2132d7/datanode-1/data/ratis/4ebbb9e3-ca8b-46a1-84dc-bb69eb22b37e does not exist. Creating ...
2019-09-26 19:35:54,510 [pool-271-thread-1] INFO  storage.RaftStorageDirectory (RaftStorageDirectory.java:tryLock(328)) - Lock on /workdir/hadoop-ozone/integration-test/target/test-dir/MiniOzoneClusterImpl-2f79a7d3-d7ae-4963-8370-12bb1e2132d7/datanode-1/data/ratis/4ebbb9e3-ca8b-46a1-84dc-bb69eb22b37e/in_use.lock acquired by nodename 17888@pr-hdds-1569-g6sp5-2013761785
2019-09-26 19:35:54,512 [Thread-6391] INFO  container.ReplicationManager (ReplicationManager.java:start(163)) - Starting Replication Monitor Thread.
2019-09-26 19:35:54,521 [ReplicationMonitor] INFO  container.ReplicationManager (ReplicationManager.java:run(226)) - Replication Monitor Thread took 0 milliseconds for processing 0 containers.
2019-09-26 19:35:54,523 [pool-271-thread-1] INFO  storage.RaftStorage (RaftStorage.java:format(72)) - Storage directory /workdir/hadoop-ozone/integration-test/target/test-dir/MiniOzoneClusterImpl-2f79a7d3-d7ae-4963-8370-12bb1e2132d7/datanode-1/data/ratis/4ebbb9e3-ca8b-46a1-84dc-bb69eb22b37e has been successfully formatted.
2019-09-26 19:35:54,524 [pool-271-thread-1] INFO  ratis.ContainerStateMachine (ContainerStateMachine.java:loadSnapshot(230)) - group-BB69EB22B37E: The snapshot info is null. Setting the last applied indexto:(t:0, i:~)
2019-09-26 19:35:54,524 [pool-271-thread-1] INFO  server.RaftServerConfigKeys (ConfUtils.java:logGet(43)) - raft.server.notification.no-leader.timeout = 120s (custom)
2019-09-26 19:35:54,524 [pool-271-thread-1] INFO  server.RaftServerConfigKeys (ConfUtils.java:logGet(43)) - raft.server.log.use.memory = false (default)
2019-09-26 19:35:54,524 [pool-271-thread-1] INFO  server.RaftServerConfigKeys (ConfUtils.java:logGet(43)) - raft.server.log.purge.gap = 1000000 (custom)
2019-09-26 19:35:54,524 [pool-271-thread-1] INFO  server.RaftServerConfigKeys (ConfUtils.java:logGet(43)) - raft.server.log.appender.buffer.byte-limit = 33554432 (custom)
2019-09-26 19:35:54,524 [pool-271-thread-1] INFO  server.RaftServerConfigKeys (ConfUtils.java:logGet(43)) - raft.server.log.segment.size.max = 1048576 (custom)
2019-09-26 19:35:54,524 [pool-271-thread-1] INFO  server.RaftServerConfigKeys (ConfUtils.java:logGet(43)) - raft.server.log.segment.cache.num.max = 2 (custom)
2019-09-26 19:35:54,524 [pool-271-thread-1] INFO  segmented.SegmentedRaftLogWorker (SegmentedRaftLogWorker.java:<init>(172)) - new 728ea44c-f097-440a-a87e-c27a68d48f14@group-BB69EB22B37E-SegmentedRaftLogWorker for RaftStorage:Storage Directory /workdir/hadoop-ozone/integration-test/target/test-dir/MiniOzoneClusterImpl-2f79a7d3-d7ae-4963-8370-12bb1e2132d7/datanode-1/data/ratis/4ebbb9e3-ca8b-46a1-84dc-bb69eb22b37e
2019-09-26 19:35:54,524 [pool-271-thread-1] INFO  server.RaftServerConfigKeys (ConfUtils.java:logGet(43)) - raft.server.log.queue.byte-limit = 2147483647 (custom)
2019-09-26 19:35:54,524 [pool-271-thread-1] INFO  server.RaftServerConfigKeys (ConfUtils.java:logGet(43)) - raft.server.log.queue.element-limit = 1024 (custom)
2019-09-26 19:35:54,525 [pool-271-thread-1] INFO  server.RaftServerConfigKeys (ConfUtils.java:logGet(43)) - raft.server.log.segment.size.max = 1048576 (custom)
2019-09-26 19:35:54,525 [pool-271-thread-1] INFO  server.RaftServerConfigKeys (ConfUtils.java:logGet(43)) - raft.server.log.preallocated.size = 16384 (custom)
2019-09-26 19:35:54,525 [pool-271-thread-1] INFO  server.RaftServerConfigKeys (ConfUtils.java:logGet(43)) - raft.server.log.write.buffer.size = 33554432 (custom)
2019-09-26 19:35:54,525 [pool-271-thread-1] INFO  server.RaftServerConfigKeys (ConfUtils.java:logGet(43)) - raft.server.log.force.sync.num = 128 (default)
2019-09-26 19:35:54,525 [pool-271-thread-1] INFO  server.RaftServerConfigKeys (ConfUtils.java:logGet(43)) - raft.server.log.statemachine.data.sync = true (default)
2019-09-26 19:35:54,525 [pool-271-thread-1] INFO  server.RaftServerConfigKeys (ConfUtils.java:logGet(43)) - raft.server.log.statemachine.data.sync.timeout = 10s (default)
2019-09-26 19:35:54,525 [pool-271-thread-1] INFO  server.RaftServerConfigKeys (ConfUtils.java:logGet(43)) - raft.server.log.statemachine.data.sync.timeout.retry = -1 (default)
2019-09-26 19:35:54,525 [pool-271-thread-1] INFO  server.RaftServerConfigKeys (ConfUtils.java:logGet(43)) - raft.server.log.statemachine.data.caching.enabled = true (custom)
2019-09-26 19:35:54,526 [pool-271-thread-1] INFO  segmented.SegmentedRaftLogWorker (SegmentedRaftLogWorker.java:lambda$new$0(132)) - 728ea44c-f097-440a-a87e-c27a68d48f14@group-BB69EB22B37E-SegmentedRaftLogWorker: flushIndex: setUnconditionally 0 -> -1
2019-09-26 19:35:54,526 [pool-271-thread-1] INFO  server.RaftServerConfigKeys (ConfUtils.java:logGet(43)) - raft.server.snapshot.auto.trigger.enabled = true (custom)
2019-09-26 19:35:54,526 [pool-271-thread-1] INFO  server.RaftServerConfigKeys (ConfUtils.java:logGet(43)) - raft.server.snapshot.auto.trigger.threshold = 10000 (custom)
2019-09-26 19:35:54,526 [pool-271-thread-1] INFO  server.RaftServerConfigKeys (ConfUtils.java:logGet(43)) - raft.server.snapshot.retention.num.files = 5 (custom)
2019-09-26 19:35:54,526 [pool-271-thread-1] INFO  server.RaftServerConfigKeys (ConfUtils.java:logGet(43)) - raft.server.retrycache.expirytime = 600000ms (custom)
2019-09-26 19:35:54,527 [pool-271-thread-1] INFO  impl.RaftServerImpl (RaftServerImpl.java:start(185)) - 728ea44c-f097-440a-a87e-c27a68d48f14@group-BB69EB22B37E: start as a follower, conf=-1: [728ea44c-f097-440a-a87e-c27a68d48f14:192.168.151.99:38783], old=null
2019-09-26 19:35:54,527 [pool-271-thread-1] INFO  impl.RaftServerImpl (RaftServerImpl.java:setRole(174)) - 728ea44c-f097-440a-a87e-c27a68d48f14@group-BB69EB22B37E: changes role from      null to FOLLOWER at term 0 for startAsFollower
2019-09-26 19:35:54,527 [pool-271-thread-1] INFO  impl.RoleInfo (RoleInfo.java:updateAndGet(143)) - 728ea44c-f097-440a-a87e-c27a68d48f14: start FollowerState
2019-09-26 19:35:54,528 [pool-271-thread-1] INFO  util.JmxRegister (JmxRegister.java:tryRegister(44)) - Successfully registered JMX Bean with object name Ratis:service=RaftServer,group=group-BB69EB22B37E,id=728ea44c-f097-440a-a87e-c27a68d48f14
2019-09-26 19:35:54,529 [RatisPipelineUtilsThread] INFO  pipeline.PipelineStateManager (PipelineStateManager.java:addPipeline(56)) - Created pipeline Pipeline[ Id: 4ebbb9e3-ca8b-46a1-84dc-bb69eb22b37e, Nodes: 728ea44c-f097-440a-a87e-c27a68d48f14{ip: 192.168.151.99, host: pr-hdds-1569-g6sp5-2013761785, networkLocation: /rack1, certSerialId: null}, Type:RATIS, Factor:ONE, State:OPEN]
2019-09-26 19:35:54,531 [grpc-default-executor-2] INFO  impl.RaftServerProxy (RaftServerProxy.java:addNew(89)) - 27cb48db-4b88-4c0c-b213-19f9b2fffaff: addNew group-DB740590083B:[27cb48db-4b88-4c0c-b213-19f9b2fffaff:192.168.151.99:37457] returns group-DB740590083B:java.util.concurrent.CompletableFuture@3a87e4d0[Not completed]
2019-09-26 19:35:54,532 [pool-261-thread-1] INFO  impl.RaftServerImpl (RaftServerImpl.java:<init>(95)) - 27cb48db-4b88-4c0c-b213-19f9b2fffaff: new RaftServerImpl for group-DB740590083B:[27cb48db-4b88-4c0c-b213-19f9b2fffaff:192.168.151.99:37457] with ContainerStateMachine:uninitialized
2019-09-26 19:35:54,532 [pool-261-thread-1] INFO  server.RaftServerConfigKeys (ConfUtils.java:logGet(43)) - raft.server.rpc.timeout.min = 5s (custom)
2019-09-26 19:35:54,532 [pool-261-thread-1] INFO  server.RaftServerConfigKeys (ConfUtils.java:logGet(43)) - raft.server.rpc.timeout.max = 5200ms (custom)
2019-09-26 19:35:54,532 [pool-261-thread-1] INFO  server.RaftServerConfigKeys (ConfUtils.java:logGet(43)) - raft.server.rpcslowness.timeout = 120s (custom)
2019-09-26 19:35:54,533 [pool-261-thread-1] INFO  server.RaftServerConfigKeys (ConfUtils.java:logGet(43)) - raft.server.sleep.deviation.threshold = 300 (default)
2019-09-26 19:35:54,533 [pool-261-thread-1] INFO  server.RaftServerConfigKeys (ConfUtils.java:logGet(43)) - raft.server.log.appender.install.snapshot.enabled = false (custom)
2019-09-26 19:35:54,533 [pool-261-thread-1] INFO  impl.RaftServerImpl (ServerState.java:<init>(103)) - 27cb48db-4b88-4c0c-b213-19f9b2fffaff@group-DB740590083B: ConfigurationManager, init=-1: [27cb48db-4b88-4c0c-b213-19f9b2fffaff:192.168.151.99:37457], old=null, confs=<EMPTY_MAP>
2019-09-26 19:35:54,533 [pool-261-thread-1] INFO  server.RaftServerConfigKeys (ConfUtils.java:logGet(43)) - raft.server.storage.dir = [/workdir/hadoop-ozone/integration-test/target/test-dir/MiniOzoneClusterImpl-2f79a7d3-d7ae-4963-8370-12bb1e2132d7/datanode-0/data/ratis] (custom)
2019-09-26 19:35:54,533 [pool-261-thread-1] INFO  storage.RaftStorageDirectory (RaftStorageDirectory.java:analyzeStorage(246)) - The storage directory /workdir/hadoop-ozone/integration-test/target/test-dir/MiniOzoneClusterImpl-2f79a7d3-d7ae-4963-8370-12bb1e2132d7/datanode-0/data/ratis/b98b2432-a10b-46d3-bc19-db740590083b does not exist. Creating ...
2019-09-26 19:35:54,546 [pool-261-thread-1] INFO  storage.RaftStorageDirectory (RaftStorageDirectory.java:tryLock(328)) - Lock on /workdir/hadoop-ozone/integration-test/target/test-dir/MiniOzoneClusterImpl-2f79a7d3-d7ae-4963-8370-12bb1e2132d7/datanode-0/data/ratis/b98b2432-a10b-46d3-bc19-db740590083b/in_use.lock acquired by nodename 17888@pr-hdds-1569-g6sp5-2013761785
2019-09-26 19:35:54,560 [pool-261-thread-1] INFO  storage.RaftStorage (RaftStorage.java:format(72)) - Storage directory /workdir/hadoop-ozone/integration-test/target/test-dir/MiniOzoneClusterImpl-2f79a7d3-d7ae-4963-8370-12bb1e2132d7/datanode-0/data/ratis/b98b2432-a10b-46d3-bc19-db740590083b has been successfully formatted.
2019-09-26 19:35:54,560 [pool-261-thread-1] INFO  ratis.ContainerStateMachine (ContainerStateMachine.java:loadSnapshot(230)) - group-DB740590083B: The snapshot info is null. Setting the last applied indexto:(t:0, i:~)
2019-09-26 19:35:54,560 [pool-261-thread-1] INFO  server.RaftServerConfigKeys (ConfUtils.java:logGet(43)) - raft.server.notification.no-leader.timeout = 120s (custom)
2019-09-26 19:35:54,560 [pool-261-thread-1] INFO  server.RaftServerConfigKeys (ConfUtils.java:logGet(43)) - raft.server.log.use.memory = false (default)
2019-09-26 19:35:54,560 [pool-261-thread-1] INFO  server.RaftServerConfigKeys (ConfUtils.java:logGet(43)) - raft.server.log.purge.gap = 1000000 (custom)
2019-09-26 19:35:54,560 [pool-261-thread-1] INFO  server.RaftServerConfigKeys (ConfUtils.java:logGet(43)) - raft.server.log.appender.buffer.byte-limit = 33554432 (custom)
2019-09-26 19:35:54,561 [pool-261-thread-1] INFO  server.RaftServerConfigKeys (ConfUtils.java:logGet(43)) - raft.server.log.segment.size.max = 1048576 (custom)
2019-09-26 19:35:54,561 [pool-261-thread-1] INFO  server.RaftServerConfigKeys (ConfUtils.java:logGet(43)) - raft.server.log.segment.cache.num.max = 2 (custom)
2019-09-26 19:35:54,561 [pool-261-thread-1] INFO  segmented.SegmentedRaftLogWorker (SegmentedRaftLogWorker.java:<init>(172)) - new 27cb48db-4b88-4c0c-b213-19f9b2fffaff@group-DB740590083B-SegmentedRaftLogWorker for RaftStorage:Storage Directory /workdir/hadoop-ozone/integration-test/target/test-dir/MiniOzoneClusterImpl-2f79a7d3-d7ae-4963-8370-12bb1e2132d7/datanode-0/data/ratis/b98b2432-a10b-46d3-bc19-db740590083b
2019-09-26 19:35:54,561 [pool-261-thread-1] INFO  server.RaftServerConfigKeys (ConfUtils.java:logGet(43)) - raft.server.log.queue.byte-limit = 2147483647 (custom)
2019-09-26 19:35:54,561 [pool-261-thread-1] INFO  server.RaftServerConfigKeys (ConfUtils.java:logGet(43)) - raft.server.log.queue.element-limit = 1024 (custom)
2019-09-26 19:35:54,562 [pool-261-thread-1] INFO  server.RaftServerConfigKeys (ConfUtils.java:logGet(43)) - raft.server.log.segment.size.max = 1048576 (custom)
2019-09-26 19:35:54,562 [pool-261-thread-1] INFO  server.RaftServerConfigKeys (ConfUtils.java:logGet(43)) - raft.server.log.preallocated.size = 16384 (custom)
2019-09-26 19:35:54,562 [pool-261-thread-1] INFO  server.RaftServerConfigKeys (ConfUtils.java:logGet(43)) - raft.server.log.write.buffer.size = 33554432 (custom)
2019-09-26 19:35:54,562 [pool-261-thread-1] INFO  server.RaftServerConfigKeys (ConfUtils.java:logGet(43)) - raft.server.log.force.sync.num = 128 (default)
2019-09-26 19:35:54,562 [pool-261-thread-1] INFO  server.RaftServerConfigKeys (ConfUtils.java:logGet(43)) - raft.server.log.statemachine.data.sync = true (default)
2019-09-26 19:35:54,562 [pool-261-thread-1] INFO  server.RaftServerConfigKeys (ConfUtils.java:logGet(43)) - raft.server.log.statemachine.data.sync.timeout = 10s (default)
2019-09-26 19:35:54,562 [pool-261-thread-1] INFO  server.RaftServerConfigKeys (ConfUtils.java:logGet(43)) - raft.server.log.statemachine.data.sync.timeout.retry = -1 (default)
2019-09-26 19:35:54,563 [pool-261-thread-1] INFO  server.RaftServerConfigKeys (ConfUtils.java:logGet(43)) - raft.server.log.statemachine.data.caching.enabled = true (custom)
2019-09-26 19:35:54,563 [pool-261-thread-1] INFO  segmented.SegmentedRaftLogWorker (SegmentedRaftLogWorker.java:lambda$new$0(132)) - 27cb48db-4b88-4c0c-b213-19f9b2fffaff@group-DB740590083B-SegmentedRaftLogWorker: flushIndex: setUnconditionally 0 -> -1
2019-09-26 19:35:54,563 [pool-261-thread-1] INFO  server.RaftServerConfigKeys (ConfUtils.java:logGet(43)) - raft.server.snapshot.auto.trigger.enabled = true (custom)
2019-09-26 19:35:54,563 [pool-261-thread-1] INFO  server.RaftServerConfigKeys (ConfUtils.java:logGet(43)) - raft.server.snapshot.auto.trigger.threshold = 10000 (custom)
2019-09-26 19:35:54,563 [pool-261-thread-1] INFO  server.RaftServerConfigKeys (ConfUtils.java:logGet(43)) - raft.server.snapshot.retention.num.files = 5 (custom)
2019-09-26 19:35:54,564 [pool-261-thread-1] INFO  server.RaftServerConfigKeys (ConfUtils.java:logGet(43)) - raft.server.retrycache.expirytime = 600000ms (custom)
2019-09-26 19:35:54,566 [pool-261-thread-1] INFO  impl.RaftServerImpl (RaftServerImpl.java:start(185)) - 27cb48db-4b88-4c0c-b213-19f9b2fffaff@group-DB740590083B: start as a follower, conf=-1: [27cb48db-4b88-4c0c-b213-19f9b2fffaff:192.168.151.99:37457], old=null
2019-09-26 19:35:54,566 [pool-261-thread-1] INFO  impl.RaftServerImpl (RaftServerImpl.java:setRole(174)) - 27cb48db-4b88-4c0c-b213-19f9b2fffaff@group-DB740590083B: changes role from      null to FOLLOWER at term 0 for startAsFollower
2019-09-26 19:35:54,566 [pool-261-thread-1] INFO  impl.RoleInfo (RoleInfo.java:updateAndGet(143)) - 27cb48db-4b88-4c0c-b213-19f9b2fffaff: start FollowerState
2019-09-26 19:35:54,566 [pool-261-thread-1] INFO  util.JmxRegister (JmxRegister.java:tryRegister(44)) - Successfully registered JMX Bean with object name Ratis:service=RaftServer,group=group-DB740590083B,id=27cb48db-4b88-4c0c-b213-19f9b2fffaff
2019-09-26 19:35:54,568 [RatisPipelineUtilsThread] INFO  pipeline.PipelineStateManager (PipelineStateManager.java:addPipeline(56)) - Created pipeline Pipeline[ Id: b98b2432-a10b-46d3-bc19-db740590083b, Nodes: 27cb48db-4b88-4c0c-b213-19f9b2fffaff{ip: 192.168.151.99, host: pr-hdds-1569-g6sp5-2013761785, networkLocation: /rack1, certSerialId: null}, Type:RATIS, Factor:ONE, State:OPEN]
2019-09-26 19:35:54,571 [grpc-default-executor-2] INFO  impl.RaftServerProxy (RaftServerProxy.java:addNew(89)) - 728ea44c-f097-440a-a87e-c27a68d48f14: addNew group-569657D0E72C:[728ea44c-f097-440a-a87e-c27a68d48f14:192.168.151.99:38783] returns group-569657D0E72C:java.util.concurrent.CompletableFuture@551b32d6[Not completed]
2019-09-26 19:35:54,571 [pool-271-thread-1] INFO  impl.RaftServerImpl (RaftServerImpl.java:<init>(95)) - 728ea44c-f097-440a-a87e-c27a68d48f14: new RaftServerImpl for group-569657D0E72C:[728ea44c-f097-440a-a87e-c27a68d48f14:192.168.151.99:38783] with ContainerStateMachine:uninitialized
2019-09-26 19:35:54,571 [pool-271-thread-1] INFO  server.RaftServerConfigKeys (ConfUtils.java:logGet(43)) - raft.server.rpc.timeout.min = 5s (custom)
2019-09-26 19:35:54,572 [pool-271-thread-1] INFO  server.RaftServerConfigKeys (ConfUtils.java:logGet(43)) - raft.server.rpc.timeout.max = 5200ms (custom)
2019-09-26 19:35:54,572 [pool-271-thread-1] INFO  server.RaftServerConfigKeys (ConfUtils.java:logGet(43)) - raft.server.rpcslowness.timeout = 120s (custom)
2019-09-26 19:35:54,572 [pool-271-thread-1] INFO  server.RaftServerConfigKeys (ConfUtils.java:logGet(43)) - raft.server.sleep.deviation.threshold = 300 (default)
2019-09-26 19:35:54,572 [pool-271-thread-1] INFO  server.RaftServerConfigKeys (ConfUtils.java:logGet(43)) - raft.server.log.appender.install.snapshot.enabled = false (custom)
2019-09-26 19:35:54,572 [pool-271-thread-1] INFO  impl.RaftServerImpl (ServerState.java:<init>(103)) - 728ea44c-f097-440a-a87e-c27a68d48f14@group-569657D0E72C: ConfigurationManager, init=-1: [728ea44c-f097-440a-a87e-c27a68d48f14:192.168.151.99:38783], old=null, confs=<EMPTY_MAP>
2019-09-26 19:35:54,572 [pool-271-thread-1] INFO  server.RaftServerConfigKeys (ConfUtils.java:logGet(43)) - raft.server.storage.dir = [/workdir/hadoop-ozone/integration-test/target/test-dir/MiniOzoneClusterImpl-2f79a7d3-d7ae-4963-8370-12bb1e2132d7/datanode-1/data/ratis] (custom)
2019-09-26 19:35:54,573 [pool-271-thread-1] INFO  storage.RaftStorageDirectory (RaftStorageDirectory.java:analyzeStorage(246)) - The storage directory /workdir/hadoop-ozone/integration-test/target/test-dir/MiniOzoneClusterImpl-2f79a7d3-d7ae-4963-8370-12bb1e2132d7/datanode-1/data/ratis/51a31593-af10-488f-b696-569657d0e72c does not exist. Creating ...
2019-09-26 19:35:54,577 [pool-271-thread-1] INFO  storage.RaftStorageDirectory (RaftStorageDirectory.java:tryLock(328)) - Lock on /workdir/hadoop-ozone/integration-test/target/test-dir/MiniOzoneClusterImpl-2f79a7d3-d7ae-4963-8370-12bb1e2132d7/datanode-1/data/ratis/51a31593-af10-488f-b696-569657d0e72c/in_use.lock acquired by nodename 17888@pr-hdds-1569-g6sp5-2013761785
2019-09-26 19:35:54,581 [pool-271-thread-1] INFO  storage.RaftStorage (RaftStorage.java:format(72)) - Storage directory /workdir/hadoop-ozone/integration-test/target/test-dir/MiniOzoneClusterImpl-2f79a7d3-d7ae-4963-8370-12bb1e2132d7/datanode-1/data/ratis/51a31593-af10-488f-b696-569657d0e72c has been successfully formatted.
2019-09-26 19:35:54,581 [pool-271-thread-1] INFO  ratis.ContainerStateMachine (ContainerStateMachine.java:loadSnapshot(230)) - group-569657D0E72C: The snapshot info is null. Setting the last applied indexto:(t:0, i:~)
2019-09-26 19:35:54,581 [pool-271-thread-1] INFO  server.RaftServerConfigKeys (ConfUtils.java:logGet(43)) - raft.server.notification.no-leader.timeout = 120s (custom)
2019-09-26 19:35:54,581 [pool-271-thread-1] INFO  server.RaftServerConfigKeys (ConfUtils.java:logGet(43)) - raft.server.log.use.memory = false (default)
2019-09-26 19:35:54,581 [pool-271-thread-1] INFO  server.RaftServerConfigKeys (ConfUtils.java:logGet(43)) - raft.server.log.purge.gap = 1000000 (custom)
2019-09-26 19:35:54,581 [pool-271-thread-1] INFO  server.RaftServerConfigKeys (ConfUtils.java:logGet(43)) - raft.server.log.appender.buffer.byte-limit = 33554432 (custom)
2019-09-26 19:35:54,582 [pool-271-thread-1] INFO  server.RaftServerConfigKeys (ConfUtils.java:logGet(43)) - raft.server.log.segment.size.max = 1048576 (custom)
2019-09-26 19:35:54,582 [pool-271-thread-1] INFO  server.RaftServerConfigKeys (ConfUtils.java:logGet(43)) - raft.server.log.segment.cache.num.max = 2 (custom)
2019-09-26 19:35:54,582 [pool-271-thread-1] INFO  segmented.SegmentedRaftLogWorker (SegmentedRaftLogWorker.java:<init>(172)) - new 728ea44c-f097-440a-a87e-c27a68d48f14@group-569657D0E72C-SegmentedRaftLogWorker for RaftStorage:Storage Directory /workdir/hadoop-ozone/integration-test/target/test-dir/MiniOzoneClusterImpl-2f79a7d3-d7ae-4963-8370-12bb1e2132d7/datanode-1/data/ratis/51a31593-af10-488f-b696-569657d0e72c
2019-09-26 19:35:54,582 [pool-271-thread-1] INFO  server.RaftServerConfigKeys (ConfUtils.java:logGet(43)) - raft.server.log.queue.byte-limit = 2147483647 (custom)
2019-09-26 19:35:54,582 [pool-271-thread-1] INFO  server.RaftServerConfigKeys (ConfUtils.java:logGet(43)) - raft.server.log.queue.element-limit = 1024 (custom)
2019-09-26 19:35:54,582 [pool-271-thread-1] INFO  server.RaftServerConfigKeys (ConfUtils.java:logGet(43)) - raft.server.log.segment.size.max = 1048576 (custom)
2019-09-26 19:35:54,582 [pool-271-thread-1] INFO  server.RaftServerConfigKeys (ConfUtils.java:logGet(43)) - raft.server.log.preallocated.size = 16384 (custom)
2019-09-26 19:35:54,582 [pool-271-thread-1] INFO  server.RaftServerConfigKeys (ConfUtils.java:logGet(43)) - raft.server.log.write.buffer.size = 33554432 (custom)
2019-09-26 19:35:54,583 [pool-271-thread-1] INFO  server.RaftServerConfigKeys (ConfUtils.java:logGet(43)) - raft.server.log.force.sync.num = 128 (default)
2019-09-26 19:35:54,583 [pool-271-thread-1] INFO  server.RaftServerConfigKeys (ConfUtils.java:logGet(43)) - raft.server.log.statemachine.data.sync = true (default)
2019-09-26 19:35:54,583 [pool-271-thread-1] INFO  server.RaftServerConfigKeys (ConfUtils.java:logGet(43)) - raft.server.log.statemachine.data.sync.timeout = 10s (default)
2019-09-26 19:35:54,583 [pool-271-thread-1] INFO  server.RaftServerConfigKeys (ConfUtils.java:logGet(43)) - raft.server.log.statemachine.data.sync.timeout.retry = -1 (default)
2019-09-26 19:35:54,583 [pool-271-thread-1] INFO  server.RaftServerConfigKeys (ConfUtils.java:logGet(43)) - raft.server.log.statemachine.data.caching.enabled = true (custom)
2019-09-26 19:35:54,583 [pool-271-thread-1] INFO  segmented.SegmentedRaftLogWorker (SegmentedRaftLogWorker.java:lambda$new$0(132)) - 728ea44c-f097-440a-a87e-c27a68d48f14@group-569657D0E72C-SegmentedRaftLogWorker: flushIndex: setUnconditionally 0 -> -1
2019-09-26 19:35:54,583 [pool-271-thread-1] INFO  server.RaftServerConfigKeys (ConfUtils.java:logGet(43)) - raft.server.snapshot.auto.trigger.enabled = true (custom)
2019-09-26 19:35:54,584 [pool-271-thread-1] INFO  server.RaftServerConfigKeys (ConfUtils.java:logGet(43)) - raft.server.snapshot.auto.trigger.threshold = 10000 (custom)
2019-09-26 19:35:54,584 [pool-271-thread-1] INFO  server.RaftServerConfigKeys (ConfUtils.java:logGet(43)) - raft.server.snapshot.retention.num.files = 5 (custom)
2019-09-26 19:35:54,584 [pool-271-thread-1] INFO  server.RaftServerConfigKeys (ConfUtils.java:logGet(43)) - raft.server.retrycache.expirytime = 600000ms (custom)
2019-09-26 19:35:54,585 [pool-271-thread-1] INFO  impl.RaftServerImpl (RaftServerImpl.java:start(185)) - 728ea44c-f097-440a-a87e-c27a68d48f14@group-569657D0E72C: start as a follower, conf=-1: [728ea44c-f097-440a-a87e-c27a68d48f14:192.168.151.99:38783], old=null
2019-09-26 19:35:54,585 [pool-271-thread-1] INFO  impl.RaftServerImpl (RaftServerImpl.java:setRole(174)) - 728ea44c-f097-440a-a87e-c27a68d48f14@group-569657D0E72C: changes role from      null to FOLLOWER at term 0 for startAsFollower
2019-09-26 19:35:54,586 [pool-271-thread-1] INFO  impl.RoleInfo (RoleInfo.java:updateAndGet(143)) - 728ea44c-f097-440a-a87e-c27a68d48f14: start FollowerState
2019-09-26 19:35:54,586 [pool-271-thread-1] INFO  util.JmxRegister (JmxRegister.java:tryRegister(44)) - Successfully registered JMX Bean with object name Ratis:service=RaftServer,group=group-569657D0E72C,id=728ea44c-f097-440a-a87e-c27a68d48f14
2019-09-26 19:35:54,587 [RatisPipelineUtilsThread] INFO  pipeline.PipelineStateManager (PipelineStateManager.java:addPipeline(56)) - Created pipeline Pipeline[ Id: 51a31593-af10-488f-b696-569657d0e72c, Nodes: 728ea44c-f097-440a-a87e-c27a68d48f14{ip: 192.168.151.99, host: pr-hdds-1569-g6sp5-2013761785, networkLocation: /rack1, certSerialId: null}, Type:RATIS, Factor:ONE, State:OPEN]
2019-09-26 19:35:54,590 [grpc-default-executor-2] INFO  impl.RaftServerProxy (RaftServerProxy.java:addNew(89)) - 728ea44c-f097-440a-a87e-c27a68d48f14: addNew group-16EAEE30D2AE:[728ea44c-f097-440a-a87e-c27a68d48f14:192.168.151.99:38783] returns group-16EAEE30D2AE:java.util.concurrent.CompletableFuture@561fb6f1[Not completed]
2019-09-26 19:35:54,590 [pool-271-thread-1] INFO  impl.RaftServerImpl (RaftServerImpl.java:<init>(95)) - 728ea44c-f097-440a-a87e-c27a68d48f14: new RaftServerImpl for group-16EAEE30D2AE:[728ea44c-f097-440a-a87e-c27a68d48f14:192.168.151.99:38783] with ContainerStateMachine:uninitialized
2019-09-26 19:35:54,591 [pool-271-thread-1] INFO  server.RaftServerConfigKeys (ConfUtils.java:logGet(43)) - raft.server.rpc.timeout.min = 5s (custom)
2019-09-26 19:35:54,591 [pool-271-thread-1] INFO  server.RaftServerConfigKeys (ConfUtils.java:logGet(43)) - raft.server.rpc.timeout.max = 5200ms (custom)
2019-09-26 19:35:54,591 [pool-271-thread-1] INFO  server.RaftServerConfigKeys (ConfUtils.java:logGet(43)) - raft.server.rpcslowness.timeout = 120s (custom)
2019-09-26 19:35:54,591 [pool-271-thread-1] INFO  server.RaftServerConfigKeys (ConfUtils.java:logGet(43)) - raft.server.sleep.deviation.threshold = 300 (default)
2019-09-26 19:35:54,591 [pool-271-thread-1] INFO  server.RaftServerConfigKeys (ConfUtils.java:logGet(43)) - raft.server.log.appender.install.snapshot.enabled = false (custom)
2019-09-26 19:35:54,591 [pool-271-thread-1] INFO  impl.RaftServerImpl (ServerState.java:<init>(103)) - 728ea44c-f097-440a-a87e-c27a68d48f14@group-16EAEE30D2AE: ConfigurationManager, init=-1: [728ea44c-f097-440a-a87e-c27a68d48f14:192.168.151.99:38783], old=null, confs=<EMPTY_MAP>
2019-09-26 19:35:54,591 [pool-271-thread-1] INFO  server.RaftServerConfigKeys (ConfUtils.java:logGet(43)) - raft.server.storage.dir = [/workdir/hadoop-ozone/integration-test/target/test-dir/MiniOzoneClusterImpl-2f79a7d3-d7ae-4963-8370-12bb1e2132d7/datanode-1/data/ratis] (custom)
2019-09-26 19:35:54,592 [pool-271-thread-1] INFO  storage.RaftStorageDirectory (RaftStorageDirectory.java:analyzeStorage(246)) - The storage directory /workdir/hadoop-ozone/integration-test/target/test-dir/MiniOzoneClusterImpl-2f79a7d3-d7ae-4963-8370-12bb1e2132d7/datanode-1/data/ratis/34ead798-0051-45a1-b113-16eaee30d2ae does not exist. Creating ...
2019-09-26 19:35:54,600 [pool-271-thread-1] INFO  storage.RaftStorageDirectory (RaftStorageDirectory.java:tryLock(328)) - Lock on /workdir/hadoop-ozone/integration-test/target/test-dir/MiniOzoneClusterImpl-2f79a7d3-d7ae-4963-8370-12bb1e2132d7/datanode-1/data/ratis/34ead798-0051-45a1-b113-16eaee30d2ae/in_use.lock acquired by nodename 17888@pr-hdds-1569-g6sp5-2013761785
2019-09-26 19:35:54,613 [pool-271-thread-1] INFO  storage.RaftStorage (RaftStorage.java:format(72)) - Storage directory /workdir/hadoop-ozone/integration-test/target/test-dir/MiniOzoneClusterImpl-2f79a7d3-d7ae-4963-8370-12bb1e2132d7/datanode-1/data/ratis/34ead798-0051-45a1-b113-16eaee30d2ae has been successfully formatted.
2019-09-26 19:35:54,613 [pool-271-thread-1] INFO  ratis.ContainerStateMachine (ContainerStateMachine.java:loadSnapshot(230)) - group-16EAEE30D2AE: The snapshot info is null. Setting the last applied indexto:(t:0, i:~)
2019-09-26 19:35:54,614 [pool-271-thread-1] INFO  server.RaftServerConfigKeys (ConfUtils.java:logGet(43)) - raft.server.notification.no-leader.timeout = 120s (custom)
2019-09-26 19:35:54,614 [pool-271-thread-1] INFO  server.RaftServerConfigKeys (ConfUtils.java:logGet(43)) - raft.server.log.use.memory = false (default)
2019-09-26 19:35:54,614 [pool-271-thread-1] INFO  server.RaftServerConfigKeys (ConfUtils.java:logGet(43)) - raft.server.log.purge.gap = 1000000 (custom)
2019-09-26 19:35:54,614 [pool-271-thread-1] INFO  server.RaftServerConfigKeys (ConfUtils.java:logGet(43)) - raft.server.log.appender.buffer.byte-limit = 33554432 (custom)
2019-09-26 19:35:54,614 [pool-271-thread-1] INFO  server.RaftServerConfigKeys (ConfUtils.java:logGet(43)) - raft.server.log.segment.size.max = 1048576 (custom)
2019-09-26 19:35:54,614 [pool-271-thread-1] INFO  server.RaftServerConfigKeys (ConfUtils.java:logGet(43)) - raft.server.log.segment.cache.num.max = 2 (custom)
2019-09-26 19:35:54,614 [pool-271-thread-1] INFO  segmented.SegmentedRaftLogWorker (SegmentedRaftLogWorker.java:<init>(172)) - new 728ea44c-f097-440a-a87e-c27a68d48f14@group-16EAEE30D2AE-SegmentedRaftLogWorker for RaftStorage:Storage Directory /workdir/hadoop-ozone/integration-test/target/test-dir/MiniOzoneClusterImpl-2f79a7d3-d7ae-4963-8370-12bb1e2132d7/datanode-1/data/ratis/34ead798-0051-45a1-b113-16eaee30d2ae
2019-09-26 19:35:54,614 [pool-271-thread-1] INFO  server.RaftServerConfigKeys (ConfUtils.java:logGet(43)) - raft.server.log.queue.byte-limit = 2147483647 (custom)
2019-09-26 19:35:54,614 [pool-271-thread-1] INFO  server.RaftServerConfigKeys (ConfUtils.java:logGet(43)) - raft.server.log.queue.element-limit = 1024 (custom)
2019-09-26 19:35:54,615 [pool-271-thread-1] INFO  server.RaftServerConfigKeys (ConfUtils.java:logGet(43)) - raft.server.log.segment.size.max = 1048576 (custom)
2019-09-26 19:35:54,615 [pool-271-thread-1] INFO  server.RaftServerConfigKeys (ConfUtils.java:logGet(43)) - raft.server.log.preallocated.size = 16384 (custom)
2019-09-26 19:35:54,615 [pool-271-thread-1] INFO  server.RaftServerConfigKeys (ConfUtils.java:logGet(43)) - raft.server.log.write.buffer.size = 33554432 (custom)
2019-09-26 19:35:54,615 [pool-271-thread-1] INFO  server.RaftServerConfigKeys (ConfUtils.java:logGet(43)) - raft.server.log.force.sync.num = 128 (default)
2019-09-26 19:35:54,615 [pool-271-thread-1] INFO  server.RaftServerConfigKeys (ConfUtils.java:logGet(43)) - raft.server.log.statemachine.data.sync = true (default)
2019-09-26 19:35:54,615 [pool-271-thread-1] INFO  server.RaftServerConfigKeys (ConfUtils.java:logGet(43)) - raft.server.log.statemachine.data.sync.timeout = 10s (default)
2019-09-26 19:35:54,615 [pool-271-thread-1] INFO  server.RaftServerConfigKeys (ConfUtils.java:logGet(43)) - raft.server.log.statemachine.data.sync.timeout.retry = -1 (default)
2019-09-26 19:35:54,615 [pool-271-thread-1] INFO  server.RaftServerConfigKeys (ConfUtils.java:logGet(43)) - raft.server.log.statemachine.data.caching.enabled = true (custom)
2019-09-26 19:35:54,616 [pool-271-thread-1] INFO  segmented.SegmentedRaftLogWorker (SegmentedRaftLogWorker.java:lambda$new$0(132)) - 728ea44c-f097-440a-a87e-c27a68d48f14@group-16EAEE30D2AE-SegmentedRaftLogWorker: flushIndex: setUnconditionally 0 -> -1
2019-09-26 19:35:54,616 [pool-271-thread-1] INFO  server.RaftServerConfigKeys (ConfUtils.java:logGet(43)) - raft.server.snapshot.auto.trigger.enabled = true (custom)
2019-09-26 19:35:54,616 [pool-271-thread-1] INFO  server.RaftServerConfigKeys (ConfUtils.java:logGet(43)) - raft.server.snapshot.auto.trigger.threshold = 10000 (custom)
2019-09-26 19:35:54,616 [pool-271-thread-1] INFO  server.RaftServerConfigKeys (ConfUtils.java:logGet(43)) - raft.server.snapshot.retention.num.files = 5 (custom)
2019-09-26 19:35:54,616 [pool-271-thread-1] INFO  server.RaftServerConfigKeys (ConfUtils.java:logGet(43)) - raft.server.retrycache.expirytime = 600000ms (custom)
2019-09-26 19:35:54,618 [pool-271-thread-1] INFO  impl.RaftServerImpl (RaftServerImpl.java:start(185)) - 728ea44c-f097-440a-a87e-c27a68d48f14@group-16EAEE30D2AE: start as a follower, conf=-1: [728ea44c-f097-440a-a87e-c27a68d48f14:192.168.151.99:38783], old=null
2019-09-26 19:35:54,618 [pool-271-thread-1] INFO  impl.RaftServerImpl (RaftServerImpl.java:setRole(174)) - 728ea44c-f097-440a-a87e-c27a68d48f14@group-16EAEE30D2AE: changes role from      null to FOLLOWER at term 0 for startAsFollower
2019-09-26 19:35:54,618 [pool-271-thread-1] INFO  impl.RoleInfo (RoleInfo.java:updateAndGet(143)) - 728ea44c-f097-440a-a87e-c27a68d48f14: start FollowerState
2019-09-26 19:35:54,618 [pool-271-thread-1] INFO  util.JmxRegister (JmxRegister.java:tryRegister(44)) - Successfully registered JMX Bean with object name Ratis:service=RaftServer,group=group-16EAEE30D2AE,id=728ea44c-f097-440a-a87e-c27a68d48f14
2019-09-26 19:35:54,620 [RatisPipelineUtilsThread] INFO  pipeline.PipelineStateManager (PipelineStateManager.java:addPipeline(56)) - Created pipeline Pipeline[ Id: 34ead798-0051-45a1-b113-16eaee30d2ae, Nodes: 728ea44c-f097-440a-a87e-c27a68d48f14{ip: 192.168.151.99, host: pr-hdds-1569-g6sp5-2013761785, networkLocation: /rack1, certSerialId: null}, Type:RATIS, Factor:ONE, State:OPEN]
2019-09-26 19:35:54,622 [grpc-default-executor-2] INFO  impl.RaftServerProxy (RaftServerProxy.java:addNew(89)) - 728ea44c-f097-440a-a87e-c27a68d48f14: addNew group-88228B0D7AFD:[728ea44c-f097-440a-a87e-c27a68d48f14:192.168.151.99:38783] returns group-88228B0D7AFD:java.util.concurrent.CompletableFuture@3a82223e[Not completed]
2019-09-26 19:35:54,623 [pool-271-thread-1] INFO  impl.RaftServerImpl (RaftServerImpl.java:<init>(95)) - 728ea44c-f097-440a-a87e-c27a68d48f14: new RaftServerImpl for group-88228B0D7AFD:[728ea44c-f097-440a-a87e-c27a68d48f14:192.168.151.99:38783] with ContainerStateMachine:uninitialized
2019-09-26 19:35:54,623 [pool-271-thread-1] INFO  server.RaftServerConfigKeys (ConfUtils.java:logGet(43)) - raft.server.rpc.timeout.min = 5s (custom)
2019-09-26 19:35:54,623 [pool-271-thread-1] INFO  server.RaftServerConfigKeys (ConfUtils.java:logGet(43)) - raft.server.rpc.timeout.max = 5200ms (custom)
2019-09-26 19:35:54,623 [pool-271-thread-1] INFO  server.RaftServerConfigKeys (ConfUtils.java:logGet(43)) - raft.server.rpcslowness.timeout = 120s (custom)
2019-09-26 19:35:54,623 [pool-271-thread-1] INFO  server.RaftServerConfigKeys (ConfUtils.java:logGet(43)) - raft.server.sleep.deviation.threshold = 300 (default)
2019-09-26 19:35:54,623 [pool-271-thread-1] INFO  server.RaftServerConfigKeys (ConfUtils.java:logGet(43)) - raft.server.log.appender.install.snapshot.enabled = false (custom)
2019-09-26 19:35:54,623 [pool-271-thread-1] INFO  impl.RaftServerImpl (ServerState.java:<init>(103)) - 728ea44c-f097-440a-a87e-c27a68d48f14@group-88228B0D7AFD: ConfigurationManager, init=-1: [728ea44c-f097-440a-a87e-c27a68d48f14:192.168.151.99:38783], old=null, confs=<EMPTY_MAP>
2019-09-26 19:35:54,623 [pool-271-thread-1] INFO  server.RaftServerConfigKeys (ConfUtils.java:logGet(43)) - raft.server.storage.dir = [/workdir/hadoop-ozone/integration-test/target/test-dir/MiniOzoneClusterImpl-2f79a7d3-d7ae-4963-8370-12bb1e2132d7/datanode-1/data/ratis] (custom)
2019-09-26 19:35:54,624 [pool-271-thread-1] INFO  storage.RaftStorageDirectory (RaftStorageDirectory.java:analyzeStorage(246)) - The storage directory /workdir/hadoop-ozone/integration-test/target/test-dir/MiniOzoneClusterImpl-2f79a7d3-d7ae-4963-8370-12bb1e2132d7/datanode-1/data/ratis/230f55a6-a57a-4503-8b5c-88228b0d7afd does not exist. Creating ...
2019-09-26 19:35:54,631 [pool-271-thread-1] INFO  storage.RaftStorageDirectory (RaftStorageDirectory.java:tryLock(328)) - Lock on /workdir/hadoop-ozone/integration-test/target/test-dir/MiniOzoneClusterImpl-2f79a7d3-d7ae-4963-8370-12bb1e2132d7/datanode-1/data/ratis/230f55a6-a57a-4503-8b5c-88228b0d7afd/in_use.lock acquired by nodename 17888@pr-hdds-1569-g6sp5-2013761785
2019-09-26 19:35:54,644 [pool-271-thread-1] INFO  storage.RaftStorage (RaftStorage.java:format(72)) - Storage directory /workdir/hadoop-ozone/integration-test/target/test-dir/MiniOzoneClusterImpl-2f79a7d3-d7ae-4963-8370-12bb1e2132d7/datanode-1/data/ratis/230f55a6-a57a-4503-8b5c-88228b0d7afd has been successfully formatted.
2019-09-26 19:35:54,644 [pool-271-thread-1] INFO  ratis.ContainerStateMachine (ContainerStateMachine.java:loadSnapshot(230)) - group-88228B0D7AFD: The snapshot info is null. Setting the last applied indexto:(t:0, i:~)
2019-09-26 19:35:54,644 [pool-271-thread-1] INFO  server.RaftServerConfigKeys (ConfUtils.java:logGet(43)) - raft.server.notification.no-leader.timeout = 120s (custom)
2019-09-26 19:35:54,644 [pool-271-thread-1] INFO  server.RaftServerConfigKeys (ConfUtils.java:logGet(43)) - raft.server.log.use.memory = false (default)
2019-09-26 19:35:54,644 [pool-271-thread-1] INFO  server.RaftServerConfigKeys (ConfUtils.java:logGet(43)) - raft.server.log.purge.gap = 1000000 (custom)
2019-09-26 19:35:54,645 [pool-271-thread-1] INFO  server.RaftServerConfigKeys (ConfUtils.java:logGet(43)) - raft.server.log.appender.buffer.byte-limit = 33554432 (custom)
2019-09-26 19:35:54,645 [pool-271-thread-1] INFO  server.RaftServerConfigKeys (ConfUtils.java:logGet(43)) - raft.server.log.segment.size.max = 1048576 (custom)
2019-09-26 19:35:54,645 [pool-271-thread-1] INFO  server.RaftServerConfigKeys (ConfUtils.java:logGet(43)) - raft.server.log.segment.cache.num.max = 2 (custom)
2019-09-26 19:35:54,645 [pool-271-thread-1] INFO  segmented.SegmentedRaftLogWorker (SegmentedRaftLogWorker.java:<init>(172)) - new 728ea44c-f097-440a-a87e-c27a68d48f14@group-88228B0D7AFD-SegmentedRaftLogWorker for RaftStorage:Storage Directory /workdir/hadoop-ozone/integration-test/target/test-dir/MiniOzoneClusterImpl-2f79a7d3-d7ae-4963-8370-12bb1e2132d7/datanode-1/data/ratis/230f55a6-a57a-4503-8b5c-88228b0d7afd
2019-09-26 19:35:54,645 [pool-271-thread-1] INFO  server.RaftServerConfigKeys (ConfUtils.java:logGet(43)) - raft.server.log.queue.byte-limit = 2147483647 (custom)
2019-09-26 19:35:54,645 [pool-271-thread-1] INFO  server.RaftServerConfigKeys (ConfUtils.java:logGet(43)) - raft.server.log.queue.element-limit = 1024 (custom)
2019-09-26 19:35:54,645 [pool-271-thread-1] INFO  server.RaftServerConfigKeys (ConfUtils.java:logGet(43)) - raft.server.log.segment.size.max = 1048576 (custom)
2019-09-26 19:35:54,645 [pool-271-thread-1] INFO  server.RaftServerConfigKeys (ConfUtils.java:logGet(43)) - raft.server.log.preallocated.size = 16384 (custom)
2019-09-26 19:35:54,645 [pool-271-thread-1] INFO  server.RaftServerConfigKeys (ConfUtils.java:logGet(43)) - raft.server.log.write.buffer.size = 33554432 (custom)
2019-09-26 19:35:54,646 [pool-271-thread-1] INFO  server.RaftServerConfigKeys (ConfUtils.java:logGet(43)) - raft.server.log.force.sync.num = 128 (default)
2019-09-26 19:35:54,646 [pool-271-thread-1] INFO  server.RaftServerConfigKeys (ConfUtils.java:logGet(43)) - raft.server.log.statemachine.data.sync = true (default)
2019-09-26 19:35:54,646 [pool-271-thread-1] INFO  server.RaftServerConfigKeys (ConfUtils.java:logGet(43)) - raft.server.log.statemachine.data.sync.timeout = 10s (default)
2019-09-26 19:35:54,646 [pool-271-thread-1] INFO  server.RaftServerConfigKeys (ConfUtils.java:logGet(43)) - raft.server.log.statemachine.data.sync.timeout.retry = -1 (default)
2019-09-26 19:35:54,646 [pool-271-thread-1] INFO  server.RaftServerConfigKeys (ConfUtils.java:logGet(43)) - raft.server.log.statemachine.data.caching.enabled = true (custom)
2019-09-26 19:35:54,646 [pool-271-thread-1] INFO  segmented.SegmentedRaftLogWorker (SegmentedRaftLogWorker.java:lambda$new$0(132)) - 728ea44c-f097-440a-a87e-c27a68d48f14@group-88228B0D7AFD-SegmentedRaftLogWorker: flushIndex: setUnconditionally 0 -> -1
2019-09-26 19:35:54,646 [pool-271-thread-1] INFO  server.RaftServerConfigKeys (ConfUtils.java:logGet(43)) - raft.server.snapshot.auto.trigger.enabled = true (custom)
2019-09-26 19:35:54,646 [pool-271-thread-1] INFO  server.RaftServerConfigKeys (ConfUtils.java:logGet(43)) - raft.server.snapshot.auto.trigger.threshold = 10000 (custom)
2019-09-26 19:35:54,647 [pool-271-thread-1] INFO  server.RaftServerConfigKeys (ConfUtils.java:logGet(43)) - raft.server.snapshot.retention.num.files = 5 (custom)
2019-09-26 19:35:54,647 [pool-271-thread-1] INFO  server.RaftServerConfigKeys (ConfUtils.java:logGet(43)) - raft.server.retrycache.expirytime = 600000ms (custom)
2019-09-26 19:35:54,648 [pool-271-thread-1] INFO  impl.RaftServerImpl (RaftServerImpl.java:start(185)) - 728ea44c-f097-440a-a87e-c27a68d48f14@group-88228B0D7AFD: start as a follower, conf=-1: [728ea44c-f097-440a-a87e-c27a68d48f14:192.168.151.99:38783], old=null
2019-09-26 19:35:54,648 [pool-271-thread-1] INFO  impl.RaftServerImpl (RaftServerImpl.java:setRole(174)) - 728ea44c-f097-440a-a87e-c27a68d48f14@group-88228B0D7AFD: changes role from      null to FOLLOWER at term 0 for startAsFollower
2019-09-26 19:35:54,648 [pool-271-thread-1] INFO  impl.RoleInfo (RoleInfo.java:updateAndGet(143)) - 728ea44c-f097-440a-a87e-c27a68d48f14: start FollowerState
2019-09-26 19:35:54,648 [pool-271-thread-1] INFO  util.JmxRegister (JmxRegister.java:tryRegister(44)) - Successfully registered JMX Bean with object name Ratis:service=RaftServer,group=group-88228B0D7AFD,id=728ea44c-f097-440a-a87e-c27a68d48f14
2019-09-26 19:35:54,650 [RatisPipelineUtilsThread] INFO  pipeline.PipelineStateManager (PipelineStateManager.java:addPipeline(56)) - Created pipeline Pipeline[ Id: 230f55a6-a57a-4503-8b5c-88228b0d7afd, Nodes: 728ea44c-f097-440a-a87e-c27a68d48f14{ip: 192.168.151.99, host: pr-hdds-1569-g6sp5-2013761785, networkLocation: /rack1, certSerialId: null}, Type:RATIS, Factor:ONE, State:OPEN]
2019-09-26 19:35:54,653 [grpc-default-executor-2] INFO  impl.RaftServerProxy (RaftServerProxy.java:addNew(89)) - 27cb48db-4b88-4c0c-b213-19f9b2fffaff: addNew group-4286E730C784:[27cb48db-4b88-4c0c-b213-19f9b2fffaff:192.168.151.99:37457] returns group-4286E730C784:java.util.concurrent.CompletableFuture@197b3eb5[Not completed]
2019-09-26 19:35:54,654 [pool-261-thread-1] INFO  impl.RaftServerImpl (RaftServerImpl.java:<init>(95)) - 27cb48db-4b88-4c0c-b213-19f9b2fffaff: new RaftServerImpl for group-4286E730C784:[27cb48db-4b88-4c0c-b213-19f9b2fffaff:192.168.151.99:37457] with ContainerStateMachine:uninitialized
2019-09-26 19:35:54,654 [pool-261-thread-1] INFO  server.RaftServerConfigKeys (ConfUtils.java:logGet(43)) - raft.server.rpc.timeout.min = 5s (custom)
2019-09-26 19:35:54,654 [pool-261-thread-1] INFO  server.RaftServerConfigKeys (ConfUtils.java:logGet(43)) - raft.server.rpc.timeout.max = 5200ms (custom)
2019-09-26 19:35:54,654 [pool-261-thread-1] INFO  server.RaftServerConfigKeys (ConfUtils.java:logGet(43)) - raft.server.rpcslowness.timeout = 120s (custom)
2019-09-26 19:35:54,654 [pool-261-thread-1] INFO  server.RaftServerConfigKeys (ConfUtils.java:logGet(43)) - raft.server.sleep.deviation.threshold = 300 (default)
2019-09-26 19:35:54,654 [pool-261-thread-1] INFO  server.RaftServerConfigKeys (ConfUtils.java:logGet(43)) - raft.server.log.appender.install.snapshot.enabled = false (custom)
2019-09-26 19:35:54,655 [pool-261-thread-1] INFO  impl.RaftServerImpl (ServerState.java:<init>(103)) - 27cb48db-4b88-4c0c-b213-19f9b2fffaff@group-4286E730C784: ConfigurationManager, init=-1: [27cb48db-4b88-4c0c-b213-19f9b2fffaff:192.168.151.99:37457], old=null, confs=<EMPTY_MAP>
2019-09-26 19:35:54,655 [pool-261-thread-1] INFO  server.RaftServerConfigKeys (ConfUtils.java:logGet(43)) - raft.server.storage.dir = [/workdir/hadoop-ozone/integration-test/target/test-dir/MiniOzoneClusterImpl-2f79a7d3-d7ae-4963-8370-12bb1e2132d7/datanode-0/data/ratis] (custom)
2019-09-26 19:35:54,655 [pool-261-thread-1] INFO  storage.RaftStorageDirectory (RaftStorageDirectory.java:analyzeStorage(246)) - The storage directory /workdir/hadoop-ozone/integration-test/target/test-dir/MiniOzoneClusterImpl-2f79a7d3-d7ae-4963-8370-12bb1e2132d7/datanode-0/data/ratis/122e3bc8-a583-4a69-aeb9-4286e730c784 does not exist. Creating ...
2019-09-26 19:35:54,668 [pool-261-thread-1] INFO  storage.RaftStorageDirectory (RaftStorageDirectory.java:tryLock(328)) - Lock on /workdir/hadoop-ozone/integration-test/target/test-dir/MiniOzoneClusterImpl-2f79a7d3-d7ae-4963-8370-12bb1e2132d7/datanode-0/data/ratis/122e3bc8-a583-4a69-aeb9-4286e730c784/in_use.lock acquired by nodename 17888@pr-hdds-1569-g6sp5-2013761785
2019-09-26 19:35:54,681 [pool-261-thread-1] INFO  storage.RaftStorage (RaftStorage.java:format(72)) - Storage directory /workdir/hadoop-ozone/integration-test/target/test-dir/MiniOzoneClusterImpl-2f79a7d3-d7ae-4963-8370-12bb1e2132d7/datanode-0/data/ratis/122e3bc8-a583-4a69-aeb9-4286e730c784 has been successfully formatted.
2019-09-26 19:35:54,681 [pool-261-thread-1] INFO  ratis.ContainerStateMachine (ContainerStateMachine.java:loadSnapshot(230)) - group-4286E730C784: The snapshot info is null. Setting the last applied indexto:(t:0, i:~)
2019-09-26 19:35:54,681 [pool-261-thread-1] INFO  server.RaftServerConfigKeys (ConfUtils.java:logGet(43)) - raft.server.notification.no-leader.timeout = 120s (custom)
2019-09-26 19:35:54,681 [pool-261-thread-1] INFO  server.RaftServerConfigKeys (ConfUtils.java:logGet(43)) - raft.server.log.use.memory = false (default)
2019-09-26 19:35:54,681 [pool-261-thread-1] INFO  server.RaftServerConfigKeys (ConfUtils.java:logGet(43)) - raft.server.log.purge.gap = 1000000 (custom)
2019-09-26 19:35:54,681 [pool-261-thread-1] INFO  server.RaftServerConfigKeys (ConfUtils.java:logGet(43)) - raft.server.log.appender.buffer.byte-limit = 33554432 (custom)
2019-09-26 19:35:54,682 [pool-261-thread-1] INFO  server.RaftServerConfigKeys (ConfUtils.java:logGet(43)) - raft.server.log.segment.size.max = 1048576 (custom)
2019-09-26 19:35:54,682 [pool-261-thread-1] INFO  server.RaftServerConfigKeys (ConfUtils.java:logGet(43)) - raft.server.log.segment.cache.num.max = 2 (custom)
2019-09-26 19:35:54,682 [pool-261-thread-1] INFO  segmented.SegmentedRaftLogWorker (SegmentedRaftLogWorker.java:<init>(172)) - new 27cb48db-4b88-4c0c-b213-19f9b2fffaff@group-4286E730C784-SegmentedRaftLogWorker for RaftStorage:Storage Directory /workdir/hadoop-ozone/integration-test/target/test-dir/MiniOzoneClusterImpl-2f79a7d3-d7ae-4963-8370-12bb1e2132d7/datanode-0/data/ratis/122e3bc8-a583-4a69-aeb9-4286e730c784
2019-09-26 19:35:54,682 [pool-261-thread-1] INFO  server.RaftServerConfigKeys (ConfUtils.java:logGet(43)) - raft.server.log.queue.byte-limit = 2147483647 (custom)
2019-09-26 19:35:54,682 [pool-261-thread-1] INFO  server.RaftServerConfigKeys (ConfUtils.java:logGet(43)) - raft.server.log.queue.element-limit = 1024 (custom)
2019-09-26 19:35:54,682 [pool-261-thread-1] INFO  server.RaftServerConfigKeys (ConfUtils.java:logGet(43)) - raft.server.log.segment.size.max = 1048576 (custom)
2019-09-26 19:35:54,682 [pool-261-thread-1] INFO  server.RaftServerConfigKeys (ConfUtils.java:logGet(43)) - raft.server.log.preallocated.size = 16384 (custom)
2019-09-26 19:35:54,682 [pool-261-thread-1] INFO  server.RaftServerConfigKeys (ConfUtils.java:logGet(43)) - raft.server.log.write.buffer.size = 33554432 (custom)
2019-09-26 19:35:54,682 [pool-261-thread-1] INFO  server.RaftServerConfigKeys (ConfUtils.java:logGet(43)) - raft.server.log.force.sync.num = 128 (default)
2019-09-26 19:35:54,682 [pool-261-thread-1] INFO  server.RaftServerConfigKeys (ConfUtils.java:logGet(43)) - raft.server.log.statemachine.data.sync = true (default)
2019-09-26 19:35:54,683 [pool-261-thread-1] INFO  server.RaftServerConfigKeys (ConfUtils.java:logGet(43)) - raft.server.log.statemachine.data.sync.timeout = 10s (default)
2019-09-26 19:35:54,683 [pool-261-thread-1] INFO  server.RaftServerConfigKeys (ConfUtils.java:logGet(43)) - raft.server.log.statemachine.data.sync.timeout.retry = -1 (default)
2019-09-26 19:35:54,683 [pool-261-thread-1] INFO  server.RaftServerConfigKeys (ConfUtils.java:logGet(43)) - raft.server.log.statemachine.data.caching.enabled = true (custom)
2019-09-26 19:35:54,683 [pool-261-thread-1] INFO  segmented.SegmentedRaftLogWorker (SegmentedRaftLogWorker.java:lambda$new$0(132)) - 27cb48db-4b88-4c0c-b213-19f9b2fffaff@group-4286E730C784-SegmentedRaftLogWorker: flushIndex: setUnconditionally 0 -> -1
2019-09-26 19:35:54,683 [pool-261-thread-1] INFO  server.RaftServerConfigKeys (ConfUtils.java:logGet(43)) - raft.server.snapshot.auto.trigger.enabled = true (custom)
2019-09-26 19:35:54,683 [pool-261-thread-1] INFO  server.RaftServerConfigKeys (ConfUtils.java:logGet(43)) - raft.server.snapshot.auto.trigger.threshold = 10000 (custom)
2019-09-26 19:35:54,683 [pool-261-thread-1] INFO  server.RaftServerConfigKeys (ConfUtils.java:logGet(43)) - raft.server.snapshot.retention.num.files = 5 (custom)
2019-09-26 19:35:54,684 [pool-261-thread-1] INFO  server.RaftServerConfigKeys (ConfUtils.java:logGet(43)) - raft.server.retrycache.expirytime = 600000ms (custom)
2019-09-26 19:35:54,685 [pool-261-thread-1] INFO  impl.RaftServerImpl (RaftServerImpl.java:start(185)) - 27cb48db-4b88-4c0c-b213-19f9b2fffaff@group-4286E730C784: start as a follower, conf=-1: [27cb48db-4b88-4c0c-b213-19f9b2fffaff:192.168.151.99:37457], old=null
2019-09-26 19:35:54,685 [pool-261-thread-1] INFO  impl.RaftServerImpl (RaftServerImpl.java:setRole(174)) - 27cb48db-4b88-4c0c-b213-19f9b2fffaff@group-4286E730C784: changes role from      null to FOLLOWER at term 0 for startAsFollower
2019-09-26 19:35:54,685 [pool-261-thread-1] INFO  impl.RoleInfo (RoleInfo.java:updateAndGet(143)) - 27cb48db-4b88-4c0c-b213-19f9b2fffaff: start FollowerState
2019-09-26 19:35:54,685 [pool-261-thread-1] INFO  util.JmxRegister (JmxRegister.java:tryRegister(44)) - Successfully registered JMX Bean with object name Ratis:service=RaftServer,group=group-4286E730C784,id=27cb48db-4b88-4c0c-b213-19f9b2fffaff
2019-09-26 19:35:54,687 [RatisPipelineUtilsThread] INFO  pipeline.PipelineStateManager (PipelineStateManager.java:addPipeline(56)) - Created pipeline Pipeline[ Id: 122e3bc8-a583-4a69-aeb9-4286e730c784, Nodes: 27cb48db-4b88-4c0c-b213-19f9b2fffaff{ip: 192.168.151.99, host: pr-hdds-1569-g6sp5-2013761785, networkLocation: /rack1, certSerialId: null}, Type:RATIS, Factor:ONE, State:OPEN]
2019-09-26 19:35:54,689 [grpc-default-executor-2] INFO  impl.RaftServerProxy (RaftServerProxy.java:addNew(89)) - 27cb48db-4b88-4c0c-b213-19f9b2fffaff: addNew group-8258851FBC6A:[27cb48db-4b88-4c0c-b213-19f9b2fffaff:192.168.151.99:37457] returns group-8258851FBC6A:java.util.concurrent.CompletableFuture@1d32dff6[Not completed]
2019-09-26 19:35:54,690 [pool-261-thread-1] INFO  impl.RaftServerImpl (RaftServerImpl.java:<init>(95)) - 27cb48db-4b88-4c0c-b213-19f9b2fffaff: new RaftServerImpl for group-8258851FBC6A:[27cb48db-4b88-4c0c-b213-19f9b2fffaff:192.168.151.99:37457] with ContainerStateMachine:uninitialized
2019-09-26 19:35:54,690 [pool-261-thread-1] INFO  server.RaftServerConfigKeys (ConfUtils.java:logGet(43)) - raft.server.rpc.timeout.min = 5s (custom)
2019-09-26 19:35:54,690 [pool-261-thread-1] INFO  server.RaftServerConfigKeys (ConfUtils.java:logGet(43)) - raft.server.rpc.timeout.max = 5200ms (custom)
2019-09-26 19:35:54,690 [pool-261-thread-1] INFO  server.RaftServerConfigKeys (ConfUtils.java:logGet(43)) - raft.server.rpcslowness.timeout = 120s (custom)
2019-09-26 19:35:54,690 [pool-261-thread-1] INFO  server.RaftServerConfigKeys (ConfUtils.java:logGet(43)) - raft.server.sleep.deviation.threshold = 300 (default)
2019-09-26 19:35:54,691 [pool-261-thread-1] INFO  server.RaftServerConfigKeys (ConfUtils.java:logGet(43)) - raft.server.log.appender.install.snapshot.enabled = false (custom)
2019-09-26 19:35:54,691 [pool-261-thread-1] INFO  impl.RaftServerImpl (ServerState.java:<init>(103)) - 27cb48db-4b88-4c0c-b213-19f9b2fffaff@group-8258851FBC6A: ConfigurationManager, init=-1: [27cb48db-4b88-4c0c-b213-19f9b2fffaff:192.168.151.99:37457], old=null, confs=<EMPTY_MAP>
2019-09-26 19:35:54,691 [pool-261-thread-1] INFO  server.RaftServerConfigKeys (ConfUtils.java:logGet(43)) - raft.server.storage.dir = [/workdir/hadoop-ozone/integration-test/target/test-dir/MiniOzoneClusterImpl-2f79a7d3-d7ae-4963-8370-12bb1e2132d7/datanode-0/data/ratis] (custom)
2019-09-26 19:35:54,691 [pool-261-thread-1] INFO  storage.RaftStorageDirectory (RaftStorageDirectory.java:analyzeStorage(246)) - The storage directory /workdir/hadoop-ozone/integration-test/target/test-dir/MiniOzoneClusterImpl-2f79a7d3-d7ae-4963-8370-12bb1e2132d7/datanode-0/data/ratis/7e555ab5-d88f-4463-a64c-8258851fbc6a does not exist. Creating ...
2019-09-26 19:35:54,704 [pool-261-thread-1] INFO  storage.RaftStorageDirectory (RaftStorageDirectory.java:tryLock(328)) - Lock on /workdir/hadoop-ozone/integration-test/target/test-dir/MiniOzoneClusterImpl-2f79a7d3-d7ae-4963-8370-12bb1e2132d7/datanode-0/data/ratis/7e555ab5-d88f-4463-a64c-8258851fbc6a/in_use.lock acquired by nodename 17888@pr-hdds-1569-g6sp5-2013761785
2019-09-26 19:35:54,717 [pool-261-thread-1] INFO  storage.RaftStorage (RaftStorage.java:format(72)) - Storage directory /workdir/hadoop-ozone/integration-test/target/test-dir/MiniOzoneClusterImpl-2f79a7d3-d7ae-4963-8370-12bb1e2132d7/datanode-0/data/ratis/7e555ab5-d88f-4463-a64c-8258851fbc6a has been successfully formatted.
2019-09-26 19:35:54,718 [pool-261-thread-1] INFO  ratis.ContainerStateMachine (ContainerStateMachine.java:loadSnapshot(230)) - group-8258851FBC6A: The snapshot info is null. Setting the last applied indexto:(t:0, i:~)
2019-09-26 19:35:54,718 [pool-261-thread-1] INFO  server.RaftServerConfigKeys (ConfUtils.java:logGet(43)) - raft.server.notification.no-leader.timeout = 120s (custom)
2019-09-26 19:35:54,718 [pool-261-thread-1] INFO  server.RaftServerConfigKeys (ConfUtils.java:logGet(43)) - raft.server.log.use.memory = false (default)
2019-09-26 19:35:54,718 [pool-261-thread-1] INFO  server.RaftServerConfigKeys (ConfUtils.java:logGet(43)) - raft.server.log.purge.gap = 1000000 (custom)
2019-09-26 19:35:54,718 [pool-261-thread-1] INFO  server.RaftServerConfigKeys (ConfUtils.java:logGet(43)) - raft.server.log.appender.buffer.byte-limit = 33554432 (custom)
2019-09-26 19:35:54,718 [pool-261-thread-1] INFO  server.RaftServerConfigKeys (ConfUtils.java:logGet(43)) - raft.server.log.segment.size.max = 1048576 (custom)
2019-09-26 19:35:54,718 [pool-261-thread-1] INFO  server.RaftServerConfigKeys (ConfUtils.java:logGet(43)) - raft.server.log.segment.cache.num.max = 2 (custom)
2019-09-26 19:35:54,719 [pool-261-thread-1] INFO  segmented.SegmentedRaftLogWorker (SegmentedRaftLogWorker.java:<init>(172)) - new 27cb48db-4b88-4c0c-b213-19f9b2fffaff@group-8258851FBC6A-SegmentedRaftLogWorker for RaftStorage:Storage Directory /workdir/hadoop-ozone/integration-test/target/test-dir/MiniOzoneClusterImpl-2f79a7d3-d7ae-4963-8370-12bb1e2132d7/datanode-0/data/ratis/7e555ab5-d88f-4463-a64c-8258851fbc6a
2019-09-26 19:35:54,719 [pool-261-thread-1] INFO  server.RaftServerConfigKeys (ConfUtils.java:logGet(43)) - raft.server.log.queue.byte-limit = 2147483647 (custom)
2019-09-26 19:35:54,719 [pool-261-thread-1] INFO  server.RaftServerConfigKeys (ConfUtils.java:logGet(43)) - raft.server.log.queue.element-limit = 1024 (custom)
2019-09-26 19:35:54,719 [pool-261-thread-1] INFO  server.RaftServerConfigKeys (ConfUtils.java:logGet(43)) - raft.server.log.segment.size.max = 1048576 (custom)
2019-09-26 19:35:54,719 [pool-261-thread-1] INFO  server.RaftServerConfigKeys (ConfUtils.java:logGet(43)) - raft.server.log.preallocated.size = 16384 (custom)
2019-09-26 19:35:54,719 [pool-261-thread-1] INFO  server.RaftServerConfigKeys (ConfUtils.java:logGet(43)) - raft.server.log.write.buffer.size = 33554432 (custom)
2019-09-26 19:35:54,719 [pool-261-thread-1] INFO  server.RaftServerConfigKeys (ConfUtils.java:logGet(43)) - raft.server.log.force.sync.num = 128 (default)
2019-09-26 19:35:54,719 [pool-261-thread-1] INFO  server.RaftServerConfigKeys (ConfUtils.java:logGet(43)) - raft.server.log.statemachine.data.sync = true (default)
2019-09-26 19:35:54,719 [pool-261-thread-1] INFO  server.RaftServerConfigKeys (ConfUtils.java:logGet(43)) - raft.server.log.statemachine.data.sync.timeout = 10s (default)
2019-09-26 19:35:54,720 [pool-261-thread-1] INFO  server.RaftServerConfigKeys (ConfUtils.java:logGet(43)) - raft.server.log.statemachine.data.sync.timeout.retry = -1 (default)
2019-09-26 19:35:54,720 [pool-261-thread-1] INFO  server.RaftServerConfigKeys (ConfUtils.java:logGet(43)) - raft.server.log.statemachine.data.caching.enabled = true (custom)
2019-09-26 19:35:54,720 [pool-261-thread-1] INFO  segmented.SegmentedRaftLogWorker (SegmentedRaftLogWorker.java:lambda$new$0(132)) - 27cb48db-4b88-4c0c-b213-19f9b2fffaff@group-8258851FBC6A-SegmentedRaftLogWorker: flushIndex: setUnconditionally 0 -> -1
2019-09-26 19:35:54,720 [pool-261-thread-1] INFO  server.RaftServerConfigKeys (ConfUtils.java:logGet(43)) - raft.server.snapshot.auto.trigger.enabled = true (custom)
2019-09-26 19:35:54,720 [pool-261-thread-1] INFO  server.RaftServerConfigKeys (ConfUtils.java:logGet(43)) - raft.server.snapshot.auto.trigger.threshold = 10000 (custom)
2019-09-26 19:35:54,720 [pool-261-thread-1] INFO  server.RaftServerConfigKeys (ConfUtils.java:logGet(43)) - raft.server.snapshot.retention.num.files = 5 (custom)
2019-09-26 19:35:54,720 [pool-261-thread-1] INFO  server.RaftServerConfigKeys (ConfUtils.java:logGet(43)) - raft.server.retrycache.expirytime = 600000ms (custom)
2019-09-26 19:35:54,722 [pool-261-thread-1] INFO  impl.RaftServerImpl (RaftServerImpl.java:start(185)) - 27cb48db-4b88-4c0c-b213-19f9b2fffaff@group-8258851FBC6A: start as a follower, conf=-1: [27cb48db-4b88-4c0c-b213-19f9b2fffaff:192.168.151.99:37457], old=null
2019-09-26 19:35:54,722 [pool-261-thread-1] INFO  impl.RaftServerImpl (RaftServerImpl.java:setRole(174)) - 27cb48db-4b88-4c0c-b213-19f9b2fffaff@group-8258851FBC6A: changes role from      null to FOLLOWER at term 0 for startAsFollower
2019-09-26 19:35:54,722 [pool-261-thread-1] INFO  impl.RoleInfo (RoleInfo.java:updateAndGet(143)) - 27cb48db-4b88-4c0c-b213-19f9b2fffaff: start FollowerState
2019-09-26 19:35:54,722 [pool-261-thread-1] INFO  util.JmxRegister (JmxRegister.java:tryRegister(44)) - Successfully registered JMX Bean with object name Ratis:service=RaftServer,group=group-8258851FBC6A,id=27cb48db-4b88-4c0c-b213-19f9b2fffaff
2019-09-26 19:35:54,724 [RatisPipelineUtilsThread] INFO  pipeline.PipelineStateManager (PipelineStateManager.java:addPipeline(56)) - Created pipeline Pipeline[ Id: 7e555ab5-d88f-4463-a64c-8258851fbc6a, Nodes: 27cb48db-4b88-4c0c-b213-19f9b2fffaff{ip: 192.168.151.99, host: pr-hdds-1569-g6sp5-2013761785, networkLocation: /rack1, certSerialId: null}, Type:RATIS, Factor:ONE, State:OPEN]
2019-09-26 19:35:54,727 [grpc-default-executor-2] INFO  impl.RaftServerProxy (RaftServerProxy.java:addNew(89)) - 27cb48db-4b88-4c0c-b213-19f9b2fffaff: addNew group-6067988DFF8F:[27cb48db-4b88-4c0c-b213-19f9b2fffaff:192.168.151.99:37457] returns group-6067988DFF8F:java.util.concurrent.CompletableFuture@2a825689[Not completed]
2019-09-26 19:35:54,727 [pool-261-thread-1] INFO  impl.RaftServerImpl (RaftServerImpl.java:<init>(95)) - 27cb48db-4b88-4c0c-b213-19f9b2fffaff: new RaftServerImpl for group-6067988DFF8F:[27cb48db-4b88-4c0c-b213-19f9b2fffaff:192.168.151.99:37457] with ContainerStateMachine:uninitialized
2019-09-26 19:35:54,727 [pool-261-thread-1] INFO  server.RaftServerConfigKeys (ConfUtils.java:logGet(43)) - raft.server.rpc.timeout.min = 5s (custom)
2019-09-26 19:35:54,727 [pool-261-thread-1] INFO  server.RaftServerConfigKeys (ConfUtils.java:logGet(43)) - raft.server.rpc.timeout.max = 5200ms (custom)
2019-09-26 19:35:54,727 [pool-261-thread-1] INFO  server.RaftServerConfigKeys (ConfUtils.java:logGet(43)) - raft.server.rpcslowness.timeout = 120s (custom)
2019-09-26 19:35:54,728 [pool-261-thread-1] INFO  server.RaftServerConfigKeys (ConfUtils.java:logGet(43)) - raft.server.sleep.deviation.threshold = 300 (default)
2019-09-26 19:35:54,728 [pool-261-thread-1] INFO  server.RaftServerConfigKeys (ConfUtils.java:logGet(43)) - raft.server.log.appender.install.snapshot.enabled = false (custom)
2019-09-26 19:35:54,728 [pool-261-thread-1] INFO  impl.RaftServerImpl (ServerState.java:<init>(103)) - 27cb48db-4b88-4c0c-b213-19f9b2fffaff@group-6067988DFF8F: ConfigurationManager, init=-1: [27cb48db-4b88-4c0c-b213-19f9b2fffaff:192.168.151.99:37457], old=null, confs=<EMPTY_MAP>
2019-09-26 19:35:54,728 [pool-261-thread-1] INFO  server.RaftServerConfigKeys (ConfUtils.java:logGet(43)) - raft.server.storage.dir = [/workdir/hadoop-ozone/integration-test/target/test-dir/MiniOzoneClusterImpl-2f79a7d3-d7ae-4963-8370-12bb1e2132d7/datanode-0/data/ratis] (custom)
2019-09-26 19:35:54,728 [pool-261-thread-1] INFO  storage.RaftStorageDirectory (RaftStorageDirectory.java:analyzeStorage(246)) - The storage directory /workdir/hadoop-ozone/integration-test/target/test-dir/MiniOzoneClusterImpl-2f79a7d3-d7ae-4963-8370-12bb1e2132d7/datanode-0/data/ratis/bf8226b2-9e73-4cc7-89c9-6067988dff8f does not exist. Creating ...
2019-09-26 19:35:54,741 [pool-261-thread-1] INFO  storage.RaftStorageDirectory (RaftStorageDirectory.java:tryLock(328)) - Lock on /workdir/hadoop-ozone/integration-test/target/test-dir/MiniOzoneClusterImpl-2f79a7d3-d7ae-4963-8370-12bb1e2132d7/datanode-0/data/ratis/bf8226b2-9e73-4cc7-89c9-6067988dff8f/in_use.lock acquired by nodename 17888@pr-hdds-1569-g6sp5-2013761785
2019-09-26 19:35:54,754 [pool-261-thread-1] INFO  storage.RaftStorage (RaftStorage.java:format(72)) - Storage directory /workdir/hadoop-ozone/integration-test/target/test-dir/MiniOzoneClusterImpl-2f79a7d3-d7ae-4963-8370-12bb1e2132d7/datanode-0/data/ratis/bf8226b2-9e73-4cc7-89c9-6067988dff8f has been successfully formatted.
2019-09-26 19:35:54,754 [pool-261-thread-1] INFO  ratis.ContainerStateMachine (ContainerStateMachine.java:loadSnapshot(230)) - group-6067988DFF8F: The snapshot info is null. Setting the last applied indexto:(t:0, i:~)
2019-09-26 19:35:54,755 [pool-261-thread-1] INFO  server.RaftServerConfigKeys (ConfUtils.java:logGet(43)) - raft.server.notification.no-leader.timeout = 120s (custom)
2019-09-26 19:35:54,755 [pool-261-thread-1] INFO  server.RaftServerConfigKeys (ConfUtils.java:logGet(43)) - raft.server.log.use.memory = false (default)
2019-09-26 19:35:54,755 [pool-261-thread-1] INFO  server.RaftServerConfigKeys (ConfUtils.java:logGet(43)) - raft.server.log.purge.gap = 1000000 (custom)
2019-09-26 19:35:54,755 [pool-261-thread-1] INFO  server.RaftServerConfigKeys (ConfUtils.java:logGet(43)) - raft.server.log.appender.buffer.byte-limit = 33554432 (custom)
2019-09-26 19:35:54,755 [pool-261-thread-1] INFO  server.RaftServerConfigKeys (ConfUtils.java:logGet(43)) - raft.server.log.segment.size.max = 1048576 (custom)
2019-09-26 19:35:54,755 [pool-261-thread-1] INFO  server.RaftServerConfigKeys (ConfUtils.java:logGet(43)) - raft.server.log.segment.cache.num.max = 2 (custom)
2019-09-26 19:35:54,755 [pool-261-thread-1] INFO  segmented.SegmentedRaftLogWorker (SegmentedRaftLogWorker.java:<init>(172)) - new 27cb48db-4b88-4c0c-b213-19f9b2fffaff@group-6067988DFF8F-SegmentedRaftLogWorker for RaftStorage:Storage Directory /workdir/hadoop-ozone/integration-test/target/test-dir/MiniOzoneClusterImpl-2f79a7d3-d7ae-4963-8370-12bb1e2132d7/datanode-0/data/ratis/bf8226b2-9e73-4cc7-89c9-6067988dff8f
2019-09-26 19:35:54,755 [pool-261-thread-1] INFO  server.RaftServerConfigKeys (ConfUtils.java:logGet(43)) - raft.server.log.queue.byte-limit = 2147483647 (custom)
2019-09-26 19:35:54,755 [pool-261-thread-1] INFO  server.RaftServerConfigKeys (ConfUtils.java:logGet(43)) - raft.server.log.queue.element-limit = 1024 (custom)
2019-09-26 19:35:54,756 [pool-261-thread-1] INFO  server.RaftServerConfigKeys (ConfUtils.java:logGet(43)) - raft.server.log.segment.size.max = 1048576 (custom)
2019-09-26 19:35:54,756 [pool-261-thread-1] INFO  server.RaftServerConfigKeys (ConfUtils.java:logGet(43)) - raft.server.log.preallocated.size = 16384 (custom)
2019-09-26 19:35:54,756 [pool-261-thread-1] INFO  server.RaftServerConfigKeys (ConfUtils.java:logGet(43)) - raft.server.log.write.buffer.size = 33554432 (custom)
2019-09-26 19:35:54,756 [pool-261-thread-1] INFO  server.RaftServerConfigKeys (ConfUtils.java:logGet(43)) - raft.server.log.force.sync.num = 128 (default)
2019-09-26 19:35:54,756 [pool-261-thread-1] INFO  server.RaftServerConfigKeys (ConfUtils.java:logGet(43)) - raft.server.log.statemachine.data.sync = true (default)
2019-09-26 19:35:54,756 [pool-261-thread-1] INFO  server.RaftServerConfigKeys (ConfUtils.java:logGet(43)) - raft.server.log.statemachine.data.sync.timeout = 10s (default)
2019-09-26 19:35:54,756 [pool-261-thread-1] INFO  server.RaftServerConfigKeys (ConfUtils.java:logGet(43)) - raft.server.log.statemachine.data.sync.timeout.retry = -1 (default)
2019-09-26 19:35:54,756 [pool-261-thread-1] INFO  server.RaftServerConfigKeys (ConfUtils.java:logGet(43)) - raft.server.log.statemachine.data.caching.enabled = true (custom)
2019-09-26 19:35:54,756 [pool-261-thread-1] INFO  segmented.SegmentedRaftLogWorker (SegmentedRaftLogWorker.java:lambda$new$0(132)) - 27cb48db-4b88-4c0c-b213-19f9b2fffaff@group-6067988DFF8F-SegmentedRaftLogWorker: flushIndex: setUnconditionally 0 -> -1
2019-09-26 19:35:54,757 [pool-261-thread-1] INFO  server.RaftServerConfigKeys (ConfUtils.java:logGet(43)) - raft.server.snapshot.auto.trigger.enabled = true (custom)
2019-09-26 19:35:54,757 [pool-261-thread-1] INFO  server.RaftServerConfigKeys (ConfUtils.java:logGet(43)) - raft.server.snapshot.auto.trigger.threshold = 10000 (custom)
2019-09-26 19:35:54,757 [pool-261-thread-1] INFO  server.RaftServerConfigKeys (ConfUtils.java:logGet(43)) - raft.server.snapshot.retention.num.files = 5 (custom)
2019-09-26 19:35:54,757 [pool-261-thread-1] INFO  server.RaftServerConfigKeys (ConfUtils.java:logGet(43)) - raft.server.retrycache.expirytime = 600000ms (custom)
2019-09-26 19:35:54,759 [pool-261-thread-1] INFO  impl.RaftServerImpl (RaftServerImpl.java:start(185)) - 27cb48db-4b88-4c0c-b213-19f9b2fffaff@group-6067988DFF8F: start as a follower, conf=-1: [27cb48db-4b88-4c0c-b213-19f9b2fffaff:192.168.151.99:37457], old=null
2019-09-26 19:35:54,759 [pool-261-thread-1] INFO  impl.RaftServerImpl (RaftServerImpl.java:setRole(174)) - 27cb48db-4b88-4c0c-b213-19f9b2fffaff@group-6067988DFF8F: changes role from      null to FOLLOWER at term 0 for startAsFollower
2019-09-26 19:35:54,759 [pool-261-thread-1] INFO  impl.RoleInfo (RoleInfo.java:updateAndGet(143)) - 27cb48db-4b88-4c0c-b213-19f9b2fffaff: start FollowerState
2019-09-26 19:35:54,759 [pool-261-thread-1] INFO  util.JmxRegister (JmxRegister.java:tryRegister(44)) - Successfully registered JMX Bean with object name Ratis:service=RaftServer,group=group-6067988DFF8F,id=27cb48db-4b88-4c0c-b213-19f9b2fffaff
2019-09-26 19:35:54,760 [RatisPipelineUtilsThread] INFO  pipeline.PipelineStateManager (PipelineStateManager.java:addPipeline(56)) - Created pipeline Pipeline[ Id: bf8226b2-9e73-4cc7-89c9-6067988dff8f, Nodes: 27cb48db-4b88-4c0c-b213-19f9b2fffaff{ip: 192.168.151.99, host: pr-hdds-1569-g6sp5-2013761785, networkLocation: /rack1, certSerialId: null}, Type:RATIS, Factor:ONE, State:OPEN]
2019-09-26 19:35:54,763 [grpc-default-executor-2] INFO  impl.RaftServerProxy (RaftServerProxy.java:addNew(89)) - 728ea44c-f097-440a-a87e-c27a68d48f14: addNew group-56EF8E9D7D62:[728ea44c-f097-440a-a87e-c27a68d48f14:192.168.151.99:38783] returns group-56EF8E9D7D62:java.util.concurrent.CompletableFuture@43ea745e[Not completed]
2019-09-26 19:35:54,764 [pool-271-thread-1] INFO  impl.RaftServerImpl (RaftServerImpl.java:<init>(95)) - 728ea44c-f097-440a-a87e-c27a68d48f14: new RaftServerImpl for group-56EF8E9D7D62:[728ea44c-f097-440a-a87e-c27a68d48f14:192.168.151.99:38783] with ContainerStateMachine:uninitialized
2019-09-26 19:35:54,764 [pool-271-thread-1] INFO  server.RaftServerConfigKeys (ConfUtils.java:logGet(43)) - raft.server.rpc.timeout.min = 5s (custom)
2019-09-26 19:35:54,764 [pool-271-thread-1] INFO  server.RaftServerConfigKeys (ConfUtils.java:logGet(43)) - raft.server.rpc.timeout.max = 5200ms (custom)
2019-09-26 19:35:54,764 [pool-271-thread-1] INFO  server.RaftServerConfigKeys (ConfUtils.java:logGet(43)) - raft.server.rpcslowness.timeout = 120s (custom)
2019-09-26 19:35:54,764 [pool-271-thread-1] INFO  server.RaftServerConfigKeys (ConfUtils.java:logGet(43)) - raft.server.sleep.deviation.threshold = 300 (default)
2019-09-26 19:35:54,764 [pool-271-thread-1] INFO  server.RaftServerConfigKeys (ConfUtils.java:logGet(43)) - raft.server.log.appender.install.snapshot.enabled = false (custom)
2019-09-26 19:35:54,765 [pool-271-thread-1] INFO  impl.RaftServerImpl (ServerState.java:<init>(103)) - 728ea44c-f097-440a-a87e-c27a68d48f14@group-56EF8E9D7D62: ConfigurationManager, init=-1: [728ea44c-f097-440a-a87e-c27a68d48f14:192.168.151.99:38783], old=null, confs=<EMPTY_MAP>
2019-09-26 19:35:54,765 [pool-271-thread-1] INFO  server.RaftServerConfigKeys (ConfUtils.java:logGet(43)) - raft.server.storage.dir = [/workdir/hadoop-ozone/integration-test/target/test-dir/MiniOzoneClusterImpl-2f79a7d3-d7ae-4963-8370-12bb1e2132d7/datanode-1/data/ratis] (custom)
2019-09-26 19:35:54,765 [pool-271-thread-1] INFO  storage.RaftStorageDirectory (RaftStorageDirectory.java:analyzeStorage(246)) - The storage directory /workdir/hadoop-ozone/integration-test/target/test-dir/MiniOzoneClusterImpl-2f79a7d3-d7ae-4963-8370-12bb1e2132d7/datanode-1/data/ratis/ca5f64d3-0297-47c6-84de-56ef8e9d7d62 does not exist. Creating ...
2019-09-26 19:35:54,778 [pool-271-thread-1] INFO  storage.RaftStorageDirectory (RaftStorageDirectory.java:tryLock(328)) - Lock on /workdir/hadoop-ozone/integration-test/target/test-dir/MiniOzoneClusterImpl-2f79a7d3-d7ae-4963-8370-12bb1e2132d7/datanode-1/data/ratis/ca5f64d3-0297-47c6-84de-56ef8e9d7d62/in_use.lock acquired by nodename 17888@pr-hdds-1569-g6sp5-2013761785
2019-09-26 19:35:54,791 [pool-271-thread-1] INFO  storage.RaftStorage (RaftStorage.java:format(72)) - Storage directory /workdir/hadoop-ozone/integration-test/target/test-dir/MiniOzoneClusterImpl-2f79a7d3-d7ae-4963-8370-12bb1e2132d7/datanode-1/data/ratis/ca5f64d3-0297-47c6-84de-56ef8e9d7d62 has been successfully formatted.
2019-09-26 19:35:54,791 [pool-271-thread-1] INFO  ratis.ContainerStateMachine (ContainerStateMachine.java:loadSnapshot(230)) - group-56EF8E9D7D62: The snapshot info is null. Setting the last applied indexto:(t:0, i:~)
2019-09-26 19:35:54,792 [pool-271-thread-1] INFO  server.RaftServerConfigKeys (ConfUtils.java:logGet(43)) - raft.server.notification.no-leader.timeout = 120s (custom)
2019-09-26 19:35:54,792 [pool-271-thread-1] INFO  server.RaftServerConfigKeys (ConfUtils.java:logGet(43)) - raft.server.log.use.memory = false (default)
2019-09-26 19:35:54,792 [pool-271-thread-1] INFO  server.RaftServerConfigKeys (ConfUtils.java:logGet(43)) - raft.server.log.purge.gap = 1000000 (custom)
2019-09-26 19:35:54,792 [pool-271-thread-1] INFO  server.RaftServerConfigKeys (ConfUtils.java:logGet(43)) - raft.server.log.appender.buffer.byte-limit = 33554432 (custom)
2019-09-26 19:35:54,792 [pool-271-thread-1] INFO  server.RaftServerConfigKeys (ConfUtils.java:logGet(43)) - raft.server.log.segment.size.max = 1048576 (custom)
2019-09-26 19:35:54,792 [pool-271-thread-1] INFO  server.RaftServerConfigKeys (ConfUtils.java:logGet(43)) - raft.server.log.segment.cache.num.max = 2 (custom)
2019-09-26 19:35:54,792 [pool-271-thread-1] INFO  segmented.SegmentedRaftLogWorker (SegmentedRaftLogWorker.java:<init>(172)) - new 728ea44c-f097-440a-a87e-c27a68d48f14@group-56EF8E9D7D62-SegmentedRaftLogWorker for RaftStorage:Storage Directory /workdir/hadoop-ozone/integration-test/target/test-dir/MiniOzoneClusterImpl-2f79a7d3-d7ae-4963-8370-12bb1e2132d7/datanode-1/data/ratis/ca5f64d3-0297-47c6-84de-56ef8e9d7d62
2019-09-26 19:35:54,792 [pool-271-thread-1] INFO  server.RaftServerConfigKeys (ConfUtils.java:logGet(43)) - raft.server.log.queue.byte-limit = 2147483647 (custom)
2019-09-26 19:35:54,793 [pool-271-thread-1] INFO  server.RaftServerConfigKeys (ConfUtils.java:logGet(43)) - raft.server.log.queue.element-limit = 1024 (custom)
2019-09-26 19:35:54,793 [pool-271-thread-1] INFO  server.RaftServerConfigKeys (ConfUtils.java:logGet(43)) - raft.server.log.segment.size.max = 1048576 (custom)
2019-09-26 19:35:54,793 [pool-271-thread-1] INFO  server.RaftServerConfigKeys (ConfUtils.java:logGet(43)) - raft.server.log.preallocated.size = 16384 (custom)
2019-09-26 19:35:54,793 [pool-271-thread-1] INFO  server.RaftServerConfigKeys (ConfUtils.java:logGet(43)) - raft.server.log.write.buffer.size = 33554432 (custom)
2019-09-26 19:35:54,793 [pool-271-thread-1] INFO  server.RaftServerConfigKeys (ConfUtils.java:logGet(43)) - raft.server.log.force.sync.num = 128 (default)
2019-09-26 19:35:54,793 [pool-271-thread-1] INFO  server.RaftServerConfigKeys (ConfUtils.java:logGet(43)) - raft.server.log.statemachine.data.sync = true (default)
2019-09-26 19:35:54,793 [pool-271-thread-1] INFO  server.RaftServerConfigKeys (ConfUtils.java:logGet(43)) - raft.server.log.statemachine.data.sync.timeout = 10s (default)
2019-09-26 19:35:54,793 [pool-271-thread-1] INFO  server.RaftServerConfigKeys (ConfUtils.java:logGet(43)) - raft.server.log.statemachine.data.sync.timeout.retry = -1 (default)
2019-09-26 19:35:54,794 [pool-271-thread-1] INFO  server.RaftServerConfigKeys (ConfUtils.java:logGet(43)) - raft.server.log.statemachine.data.caching.enabled = true (custom)
2019-09-26 19:35:54,794 [pool-271-thread-1] INFO  segmented.SegmentedRaftLogWorker (SegmentedRaftLogWorker.java:lambda$new$0(132)) - 728ea44c-f097-440a-a87e-c27a68d48f14@group-56EF8E9D7D62-SegmentedRaftLogWorker: flushIndex: setUnconditionally 0 -> -1
2019-09-26 19:35:54,794 [pool-271-thread-1] INFO  server.RaftServerConfigKeys (ConfUtils.java:logGet(43)) - raft.server.snapshot.auto.trigger.enabled = true (custom)
2019-09-26 19:35:54,795 [pool-271-thread-1] INFO  server.RaftServerConfigKeys (ConfUtils.java:logGet(43)) - raft.server.snapshot.auto.trigger.threshold = 10000 (custom)
2019-09-26 19:35:54,795 [pool-271-thread-1] INFO  server.RaftServerConfigKeys (ConfUtils.java:logGet(43)) - raft.server.snapshot.retention.num.files = 5 (custom)
2019-09-26 19:35:54,795 [pool-271-thread-1] INFO  server.RaftServerConfigKeys (ConfUtils.java:logGet(43)) - raft.server.retrycache.expirytime = 600000ms (custom)
2019-09-26 19:35:54,797 [pool-271-thread-1] INFO  impl.RaftServerImpl (RaftServerImpl.java:start(185)) - 728ea44c-f097-440a-a87e-c27a68d48f14@group-56EF8E9D7D62: start as a follower, conf=-1: [728ea44c-f097-440a-a87e-c27a68d48f14:192.168.151.99:38783], old=null
2019-09-26 19:35:54,797 [pool-271-thread-1] INFO  impl.RaftServerImpl (RaftServerImpl.java:setRole(174)) - 728ea44c-f097-440a-a87e-c27a68d48f14@group-56EF8E9D7D62: changes role from      null to FOLLOWER at term 0 for startAsFollower
2019-09-26 19:35:54,797 [pool-271-thread-1] INFO  impl.RoleInfo (RoleInfo.java:updateAndGet(143)) - 728ea44c-f097-440a-a87e-c27a68d48f14: start FollowerState
2019-09-26 19:35:54,797 [pool-271-thread-1] INFO  util.JmxRegister (JmxRegister.java:tryRegister(44)) - Successfully registered JMX Bean with object name Ratis:service=RaftServer,group=group-56EF8E9D7D62,id=728ea44c-f097-440a-a87e-c27a68d48f14
2019-09-26 19:35:54,799 [RatisPipelineUtilsThread] INFO  pipeline.PipelineStateManager (PipelineStateManager.java:addPipeline(56)) - Created pipeline Pipeline[ Id: ca5f64d3-0297-47c6-84de-56ef8e9d7d62, Nodes: 728ea44c-f097-440a-a87e-c27a68d48f14{ip: 192.168.151.99, host: pr-hdds-1569-g6sp5-2013761785, networkLocation: /rack1, certSerialId: null}, Type:RATIS, Factor:ONE, State:OPEN]
2019-09-26 19:35:54,802 [grpc-default-executor-2] INFO  impl.RaftServerProxy (RaftServerProxy.java:addNew(89)) - 728ea44c-f097-440a-a87e-c27a68d48f14: addNew group-AB23A7610A57:[728ea44c-f097-440a-a87e-c27a68d48f14:192.168.151.99:38783] returns group-AB23A7610A57:java.util.concurrent.CompletableFuture@73bf557a[Not completed]
2019-09-26 19:35:54,802 [pool-271-thread-1] INFO  impl.RaftServerImpl (RaftServerImpl.java:<init>(95)) - 728ea44c-f097-440a-a87e-c27a68d48f14: new RaftServerImpl for group-AB23A7610A57:[728ea44c-f097-440a-a87e-c27a68d48f14:192.168.151.99:38783] with ContainerStateMachine:uninitialized
2019-09-26 19:35:54,803 [pool-271-thread-1] INFO  server.RaftServerConfigKeys (ConfUtils.java:logGet(43)) - raft.server.rpc.timeout.min = 5s (custom)
2019-09-26 19:35:54,803 [pool-271-thread-1] INFO  server.RaftServerConfigKeys (ConfUtils.java:logGet(43)) - raft.server.rpc.timeout.max = 5200ms (custom)
2019-09-26 19:35:54,803 [pool-271-thread-1] INFO  server.RaftServerConfigKeys (ConfUtils.java:logGet(43)) - raft.server.rpcslowness.timeout = 120s (custom)
2019-09-26 19:35:54,803 [pool-271-thread-1] INFO  server.RaftServerConfigKeys (ConfUtils.java:logGet(43)) - raft.server.sleep.deviation.threshold = 300 (default)
2019-09-26 19:35:54,803 [pool-271-thread-1] INFO  server.RaftServerConfigKeys (ConfUtils.java:logGet(43)) - raft.server.log.appender.install.snapshot.enabled = false (custom)
2019-09-26 19:35:54,803 [pool-271-thread-1] INFO  impl.RaftServerImpl (ServerState.java:<init>(103)) - 728ea44c-f097-440a-a87e-c27a68d48f14@group-AB23A7610A57: ConfigurationManager, init=-1: [728ea44c-f097-440a-a87e-c27a68d48f14:192.168.151.99:38783], old=null, confs=<EMPTY_MAP>
2019-09-26 19:35:54,803 [pool-271-thread-1] INFO  server.RaftServerConfigKeys (ConfUtils.java:logGet(43)) - raft.server.storage.dir = [/workdir/hadoop-ozone/integration-test/target/test-dir/MiniOzoneClusterImpl-2f79a7d3-d7ae-4963-8370-12bb1e2132d7/datanode-1/data/ratis] (custom)
2019-09-26 19:35:54,804 [pool-271-thread-1] INFO  storage.RaftStorageDirectory (RaftStorageDirectory.java:analyzeStorage(246)) - The storage directory /workdir/hadoop-ozone/integration-test/target/test-dir/MiniOzoneClusterImpl-2f79a7d3-d7ae-4963-8370-12bb1e2132d7/datanode-1/data/ratis/1c9b1fe3-69e1-4519-9096-ab23a7610a57 does not exist. Creating ...
2019-09-26 19:35:54,817 [pool-271-thread-1] INFO  storage.RaftStorageDirectory (RaftStorageDirectory.java:tryLock(328)) - Lock on /workdir/hadoop-ozone/integration-test/target/test-dir/MiniOzoneClusterImpl-2f79a7d3-d7ae-4963-8370-12bb1e2132d7/datanode-1/data/ratis/1c9b1fe3-69e1-4519-9096-ab23a7610a57/in_use.lock acquired by nodename 17888@pr-hdds-1569-g6sp5-2013761785
2019-09-26 19:35:54,820 [pool-271-thread-1] INFO  storage.RaftStorage (RaftStorage.java:format(72)) - Storage directory /workdir/hadoop-ozone/integration-test/target/test-dir/MiniOzoneClusterImpl-2f79a7d3-d7ae-4963-8370-12bb1e2132d7/datanode-1/data/ratis/1c9b1fe3-69e1-4519-9096-ab23a7610a57 has been successfully formatted.
2019-09-26 19:35:54,820 [pool-271-thread-1] INFO  ratis.ContainerStateMachine (ContainerStateMachine.java:loadSnapshot(230)) - group-AB23A7610A57: The snapshot info is null. Setting the last applied indexto:(t:0, i:~)
2019-09-26 19:35:54,820 [pool-271-thread-1] INFO  server.RaftServerConfigKeys (ConfUtils.java:logGet(43)) - raft.server.notification.no-leader.timeout = 120s (custom)
2019-09-26 19:35:54,821 [pool-271-thread-1] INFO  server.RaftServerConfigKeys (ConfUtils.java:logGet(43)) - raft.server.log.use.memory = false (default)
2019-09-26 19:35:54,821 [pool-271-thread-1] INFO  server.RaftServerConfigKeys (ConfUtils.java:logGet(43)) - raft.server.log.purge.gap = 1000000 (custom)
2019-09-26 19:35:54,821 [pool-271-thread-1] INFO  server.RaftServerConfigKeys (ConfUtils.java:logGet(43)) - raft.server.log.appender.buffer.byte-limit = 33554432 (custom)
2019-09-26 19:35:54,821 [pool-271-thread-1] INFO  server.RaftServerConfigKeys (ConfUtils.java:logGet(43)) - raft.server.log.segment.size.max = 1048576 (custom)
2019-09-26 19:35:54,821 [pool-271-thread-1] INFO  server.RaftServerConfigKeys (ConfUtils.java:logGet(43)) - raft.server.log.segment.cache.num.max = 2 (custom)
2019-09-26 19:35:54,821 [pool-271-thread-1] INFO  segmented.SegmentedRaftLogWorker (SegmentedRaftLogWorker.java:<init>(172)) - new 728ea44c-f097-440a-a87e-c27a68d48f14@group-AB23A7610A57-SegmentedRaftLogWorker for RaftStorage:Storage Directory /workdir/hadoop-ozone/integration-test/target/test-dir/MiniOzoneClusterImpl-2f79a7d3-d7ae-4963-8370-12bb1e2132d7/datanode-1/data/ratis/1c9b1fe3-69e1-4519-9096-ab23a7610a57
2019-09-26 19:35:54,821 [pool-271-thread-1] INFO  server.RaftServerConfigKeys (ConfUtils.java:logGet(43)) - raft.server.log.queue.byte-limit = 2147483647 (custom)
2019-09-26 19:35:54,821 [pool-271-thread-1] INFO  server.RaftServerConfigKeys (ConfUtils.java:logGet(43)) - raft.server.log.queue.element-limit = 1024 (custom)
2019-09-26 19:35:54,821 [pool-271-thread-1] INFO  server.RaftServerConfigKeys (ConfUtils.java:logGet(43)) - raft.server.log.segment.size.max = 1048576 (custom)
2019-09-26 19:35:54,822 [pool-271-thread-1] INFO  server.RaftServerConfigKeys (ConfUtils.java:logGet(43)) - raft.server.log.preallocated.size = 16384 (custom)
2019-09-26 19:35:54,822 [pool-271-thread-1] INFO  server.RaftServerConfigKeys (ConfUtils.java:logGet(43)) - raft.server.log.write.buffer.size = 33554432 (custom)
2019-09-26 19:35:54,822 [pool-271-thread-1] INFO  server.RaftServerConfigKeys (ConfUtils.java:logGet(43)) - raft.server.log.force.sync.num = 128 (default)
2019-09-26 19:35:54,822 [pool-271-thread-1] INFO  server.RaftServerConfigKeys (ConfUtils.java:logGet(43)) - raft.server.log.statemachine.data.sync = true (default)
2019-09-26 19:35:54,822 [pool-271-thread-1] INFO  server.RaftServerConfigKeys (ConfUtils.java:logGet(43)) - raft.server.log.statemachine.data.sync.timeout = 10s (default)
2019-09-26 19:35:54,822 [pool-271-thread-1] INFO  server.RaftServerConfigKeys (ConfUtils.java:logGet(43)) - raft.server.log.statemachine.data.sync.timeout.retry = -1 (default)
2019-09-26 19:35:54,822 [pool-271-thread-1] INFO  server.RaftServerConfigKeys (ConfUtils.java:logGet(43)) - raft.server.log.statemachine.data.caching.enabled = true (custom)
2019-09-26 19:35:54,822 [pool-271-thread-1] INFO  segmented.SegmentedRaftLogWorker (SegmentedRaftLogWorker.java:lambda$new$0(132)) - 728ea44c-f097-440a-a87e-c27a68d48f14@group-AB23A7610A57-SegmentedRaftLogWorker: flushIndex: setUnconditionally 0 -> -1
2019-09-26 19:35:54,823 [pool-271-thread-1] INFO  server.RaftServerConfigKeys (ConfUtils.java:logGet(43)) - raft.server.snapshot.auto.trigger.enabled = true (custom)
2019-09-26 19:35:54,823 [pool-271-thread-1] INFO  server.RaftServerConfigKeys (ConfUtils.java:logGet(43)) - raft.server.snapshot.auto.trigger.threshold = 10000 (custom)
2019-09-26 19:35:54,823 [pool-271-thread-1] INFO  server.RaftServerConfigKeys (ConfUtils.java:logGet(43)) - raft.server.snapshot.retention.num.files = 5 (custom)
2019-09-26 19:35:54,823 [pool-271-thread-1] INFO  server.RaftServerConfigKeys (ConfUtils.java:logGet(43)) - raft.server.retrycache.expirytime = 600000ms (custom)
2019-09-26 19:35:54,824 [pool-271-thread-1] INFO  impl.RaftServerImpl (RaftServerImpl.java:start(185)) - 728ea44c-f097-440a-a87e-c27a68d48f14@group-AB23A7610A57: start as a follower, conf=-1: [728ea44c-f097-440a-a87e-c27a68d48f14:192.168.151.99:38783], old=null
2019-09-26 19:35:54,825 [pool-271-thread-1] INFO  impl.RaftServerImpl (RaftServerImpl.java:setRole(174)) - 728ea44c-f097-440a-a87e-c27a68d48f14@group-AB23A7610A57: changes role from      null to FOLLOWER at term 0 for startAsFollower
2019-09-26 19:35:54,825 [pool-271-thread-1] INFO  impl.RoleInfo (RoleInfo.java:updateAndGet(143)) - 728ea44c-f097-440a-a87e-c27a68d48f14: start FollowerState
2019-09-26 19:35:54,825 [pool-271-thread-1] INFO  util.JmxRegister (JmxRegister.java:tryRegister(44)) - Successfully registered JMX Bean with object name Ratis:service=RaftServer,group=group-AB23A7610A57,id=728ea44c-f097-440a-a87e-c27a68d48f14
2019-09-26 19:35:54,826 [RatisPipelineUtilsThread] INFO  pipeline.PipelineStateManager (PipelineStateManager.java:addPipeline(56)) - Created pipeline Pipeline[ Id: 1c9b1fe3-69e1-4519-9096-ab23a7610a57, Nodes: 728ea44c-f097-440a-a87e-c27a68d48f14{ip: 192.168.151.99, host: pr-hdds-1569-g6sp5-2013761785, networkLocation: /rack1, certSerialId: null}, Type:RATIS, Factor:ONE, State:OPEN]
2019-09-26 19:35:54,828 [grpc-default-executor-2] INFO  impl.RaftServerProxy (RaftServerProxy.java:addNew(89)) - 99aa1396-69c4-4985-9b2a-20430cc4a0a7: addNew group-8FC43B8E249F:[99aa1396-69c4-4985-9b2a-20430cc4a0a7:192.168.151.99:40213] returns group-8FC43B8E249F:java.util.concurrent.CompletableFuture@4d1b81f2[Not completed]
2019-09-26 19:35:54,829 [pool-281-thread-1] INFO  impl.RaftServerImpl (RaftServerImpl.java:<init>(95)) - 99aa1396-69c4-4985-9b2a-20430cc4a0a7: new RaftServerImpl for group-8FC43B8E249F:[99aa1396-69c4-4985-9b2a-20430cc4a0a7:192.168.151.99:40213] with ContainerStateMachine:uninitialized
2019-09-26 19:35:54,829 [pool-281-thread-1] INFO  server.RaftServerConfigKeys (ConfUtils.java:logGet(43)) - raft.server.rpc.timeout.min = 5s (custom)
2019-09-26 19:35:54,829 [pool-281-thread-1] INFO  server.RaftServerConfigKeys (ConfUtils.java:logGet(43)) - raft.server.rpc.timeout.max = 5200ms (custom)
2019-09-26 19:35:54,829 [pool-281-thread-1] INFO  server.RaftServerConfigKeys (ConfUtils.java:logGet(43)) - raft.server.rpcslowness.timeout = 120s (custom)
2019-09-26 19:35:54,829 [pool-281-thread-1] INFO  server.RaftServerConfigKeys (ConfUtils.java:logGet(43)) - raft.server.sleep.deviation.threshold = 300 (default)
2019-09-26 19:35:54,829 [pool-281-thread-1] INFO  server.RaftServerConfigKeys (ConfUtils.java:logGet(43)) - raft.server.log.appender.install.snapshot.enabled = false (custom)
2019-09-26 19:35:54,829 [pool-281-thread-1] INFO  impl.RaftServerImpl (ServerState.java:<init>(103)) - 99aa1396-69c4-4985-9b2a-20430cc4a0a7@group-8FC43B8E249F: ConfigurationManager, init=-1: [99aa1396-69c4-4985-9b2a-20430cc4a0a7:192.168.151.99:40213], old=null, confs=<EMPTY_MAP>
2019-09-26 19:35:54,830 [pool-281-thread-1] INFO  server.RaftServerConfigKeys (ConfUtils.java:logGet(43)) - raft.server.storage.dir = [/workdir/hadoop-ozone/integration-test/target/test-dir/MiniOzoneClusterImpl-2f79a7d3-d7ae-4963-8370-12bb1e2132d7/datanode-2/data/ratis] (custom)
2019-09-26 19:35:54,830 [pool-281-thread-1] INFO  storage.RaftStorageDirectory (RaftStorageDirectory.java:analyzeStorage(246)) - The storage directory /workdir/hadoop-ozone/integration-test/target/test-dir/MiniOzoneClusterImpl-2f79a7d3-d7ae-4963-8370-12bb1e2132d7/datanode-2/data/ratis/962a9b92-54bb-4859-b890-8fc43b8e249f does not exist. Creating ...
2019-09-26 19:35:54,834 [pool-281-thread-1] INFO  storage.RaftStorageDirectory (RaftStorageDirectory.java:tryLock(328)) - Lock on /workdir/hadoop-ozone/integration-test/target/test-dir/MiniOzoneClusterImpl-2f79a7d3-d7ae-4963-8370-12bb1e2132d7/datanode-2/data/ratis/962a9b92-54bb-4859-b890-8fc43b8e249f/in_use.lock acquired by nodename 17888@pr-hdds-1569-g6sp5-2013761785
2019-09-26 19:35:54,837 [pool-281-thread-1] INFO  storage.RaftStorage (RaftStorage.java:format(72)) - Storage directory /workdir/hadoop-ozone/integration-test/target/test-dir/MiniOzoneClusterImpl-2f79a7d3-d7ae-4963-8370-12bb1e2132d7/datanode-2/data/ratis/962a9b92-54bb-4859-b890-8fc43b8e249f has been successfully formatted.
2019-09-26 19:35:54,838 [pool-281-thread-1] INFO  ratis.ContainerStateMachine (ContainerStateMachine.java:loadSnapshot(230)) - group-8FC43B8E249F: The snapshot info is null. Setting the last applied indexto:(t:0, i:~)
2019-09-26 19:35:54,838 [pool-281-thread-1] INFO  server.RaftServerConfigKeys (ConfUtils.java:logGet(43)) - raft.server.notification.no-leader.timeout = 120s (custom)
2019-09-26 19:35:54,838 [pool-281-thread-1] INFO  server.RaftServerConfigKeys (ConfUtils.java:logGet(43)) - raft.server.log.use.memory = false (default)
2019-09-26 19:35:54,838 [pool-281-thread-1] INFO  server.RaftServerConfigKeys (ConfUtils.java:logGet(43)) - raft.server.log.purge.gap = 1000000 (custom)
2019-09-26 19:35:54,838 [pool-281-thread-1] INFO  server.RaftServerConfigKeys (ConfUtils.java:logGet(43)) - raft.server.log.appender.buffer.byte-limit = 33554432 (custom)
2019-09-26 19:35:54,838 [pool-281-thread-1] INFO  server.RaftServerConfigKeys (ConfUtils.java:logGet(43)) - raft.server.log.segment.size.max = 1048576 (custom)
2019-09-26 19:35:54,838 [pool-281-thread-1] INFO  server.RaftServerConfigKeys (ConfUtils.java:logGet(43)) - raft.server.log.segment.cache.num.max = 2 (custom)
2019-09-26 19:35:54,838 [pool-281-thread-1] INFO  segmented.SegmentedRaftLogWorker (SegmentedRaftLogWorker.java:<init>(172)) - new 99aa1396-69c4-4985-9b2a-20430cc4a0a7@group-8FC43B8E249F-SegmentedRaftLogWorker for RaftStorage:Storage Directory /workdir/hadoop-ozone/integration-test/target/test-dir/MiniOzoneClusterImpl-2f79a7d3-d7ae-4963-8370-12bb1e2132d7/datanode-2/data/ratis/962a9b92-54bb-4859-b890-8fc43b8e249f
2019-09-26 19:35:54,838 [pool-281-thread-1] INFO  server.RaftServerConfigKeys (ConfUtils.java:logGet(43)) - raft.server.log.queue.byte-limit = 2147483647 (custom)
2019-09-26 19:35:54,839 [pool-281-thread-1] INFO  server.RaftServerConfigKeys (ConfUtils.java:logGet(43)) - raft.server.log.queue.element-limit = 1024 (custom)
2019-09-26 19:35:54,839 [pool-281-thread-1] INFO  server.RaftServerConfigKeys (ConfUtils.java:logGet(43)) - raft.server.log.segment.size.max = 1048576 (custom)
2019-09-26 19:35:54,839 [pool-281-thread-1] INFO  server.RaftServerConfigKeys (ConfUtils.java:logGet(43)) - raft.server.log.preallocated.size = 16384 (custom)
2019-09-26 19:35:54,839 [pool-281-thread-1] INFO  server.RaftServerConfigKeys (ConfUtils.java:logGet(43)) - raft.server.log.write.buffer.size = 33554432 (custom)
2019-09-26 19:35:54,839 [pool-281-thread-1] INFO  server.RaftServerConfigKeys (ConfUtils.java:logGet(43)) - raft.server.log.force.sync.num = 128 (default)
2019-09-26 19:35:54,839 [pool-281-thread-1] INFO  server.RaftServerConfigKeys (ConfUtils.java:logGet(43)) - raft.server.log.statemachine.data.sync = true (default)
2019-09-26 19:35:54,839 [pool-281-thread-1] INFO  server.RaftServerConfigKeys (ConfUtils.java:logGet(43)) - raft.server.log.statemachine.data.sync.timeout = 10s (default)
2019-09-26 19:35:54,839 [pool-281-thread-1] INFO  server.RaftServerConfigKeys (ConfUtils.java:logGet(43)) - raft.server.log.statemachine.data.sync.timeout.retry = -1 (default)
2019-09-26 19:35:54,839 [pool-281-thread-1] INFO  server.RaftServerConfigKeys (ConfUtils.java:logGet(43)) - raft.server.log.statemachine.data.caching.enabled = true (custom)
2019-09-26 19:35:54,839 [pool-281-thread-1] INFO  segmented.SegmentedRaftLogWorker (SegmentedRaftLogWorker.java:lambda$new$0(132)) - 99aa1396-69c4-4985-9b2a-20430cc4a0a7@group-8FC43B8E249F-SegmentedRaftLogWorker: flushIndex: setUnconditionally 0 -> -1
2019-09-26 19:35:54,840 [pool-281-thread-1] INFO  server.RaftServerConfigKeys (ConfUtils.java:logGet(43)) - raft.server.snapshot.auto.trigger.enabled = true (custom)
2019-09-26 19:35:54,840 [pool-281-thread-1] INFO  server.RaftServerConfigKeys (ConfUtils.java:logGet(43)) - raft.server.snapshot.auto.trigger.threshold = 10000 (custom)
2019-09-26 19:35:54,840 [pool-281-thread-1] INFO  server.RaftServerConfigKeys (ConfUtils.java:logGet(43)) - raft.server.snapshot.retention.num.files = 5 (custom)
2019-09-26 19:35:54,840 [pool-281-thread-1] INFO  server.RaftServerConfigKeys (ConfUtils.java:logGet(43)) - raft.server.retrycache.expirytime = 600000ms (custom)
2019-09-26 19:35:54,841 [pool-281-thread-1] INFO  impl.RaftServerImpl (RaftServerImpl.java:start(185)) - 99aa1396-69c4-4985-9b2a-20430cc4a0a7@group-8FC43B8E249F: start as a follower, conf=-1: [99aa1396-69c4-4985-9b2a-20430cc4a0a7:192.168.151.99:40213], old=null
2019-09-26 19:35:54,841 [pool-281-thread-1] INFO  impl.RaftServerImpl (RaftServerImpl.java:setRole(174)) - 99aa1396-69c4-4985-9b2a-20430cc4a0a7@group-8FC43B8E249F: changes role from      null to FOLLOWER at term 0 for startAsFollower
2019-09-26 19:35:54,841 [pool-281-thread-1] INFO  impl.RoleInfo (RoleInfo.java:updateAndGet(143)) - 99aa1396-69c4-4985-9b2a-20430cc4a0a7: start FollowerState
2019-09-26 19:35:54,842 [pool-281-thread-1] INFO  util.JmxRegister (JmxRegister.java:tryRegister(44)) - Successfully registered JMX Bean with object name Ratis:service=RaftServer,group=group-8FC43B8E249F,id=99aa1396-69c4-4985-9b2a-20430cc4a0a7
2019-09-26 19:35:54,843 [RatisPipelineUtilsThread] INFO  pipeline.PipelineStateManager (PipelineStateManager.java:addPipeline(56)) - Created pipeline Pipeline[ Id: 962a9b92-54bb-4859-b890-8fc43b8e249f, Nodes: 99aa1396-69c4-4985-9b2a-20430cc4a0a7{ip: 192.168.151.99, host: pr-hdds-1569-g6sp5-2013761785, networkLocation: /rack1, certSerialId: null}, Type:RATIS, Factor:ONE, State:OPEN]
2019-09-26 19:35:54,845 [grpc-default-executor-2] INFO  impl.RaftServerProxy (RaftServerProxy.java:addNew(89)) - 27cb48db-4b88-4c0c-b213-19f9b2fffaff: addNew group-5C41B557C8F0:[27cb48db-4b88-4c0c-b213-19f9b2fffaff:192.168.151.99:37457] returns group-5C41B557C8F0:java.util.concurrent.CompletableFuture@4d33130[Not completed]
2019-09-26 19:35:54,845 [pool-261-thread-1] INFO  impl.RaftServerImpl (RaftServerImpl.java:<init>(95)) - 27cb48db-4b88-4c0c-b213-19f9b2fffaff: new RaftServerImpl for group-5C41B557C8F0:[27cb48db-4b88-4c0c-b213-19f9b2fffaff:192.168.151.99:37457] with ContainerStateMachine:uninitialized
2019-09-26 19:35:54,846 [pool-261-thread-1] INFO  server.RaftServerConfigKeys (ConfUtils.java:logGet(43)) - raft.server.rpc.timeout.min = 5s (custom)
2019-09-26 19:35:54,846 [pool-261-thread-1] INFO  server.RaftServerConfigKeys (ConfUtils.java:logGet(43)) - raft.server.rpc.timeout.max = 5200ms (custom)
2019-09-26 19:35:54,846 [pool-261-thread-1] INFO  server.RaftServerConfigKeys (ConfUtils.java:logGet(43)) - raft.server.rpcslowness.timeout = 120s (custom)
2019-09-26 19:35:54,846 [pool-261-thread-1] INFO  server.RaftServerConfigKeys (ConfUtils.java:logGet(43)) - raft.server.sleep.deviation.threshold = 300 (default)
2019-09-26 19:35:54,846 [pool-261-thread-1] INFO  server.RaftServerConfigKeys (ConfUtils.java:logGet(43)) - raft.server.log.appender.install.snapshot.enabled = false (custom)
2019-09-26 19:35:54,846 [pool-261-thread-1] INFO  impl.RaftServerImpl (ServerState.java:<init>(103)) - 27cb48db-4b88-4c0c-b213-19f9b2fffaff@group-5C41B557C8F0: ConfigurationManager, init=-1: [27cb48db-4b88-4c0c-b213-19f9b2fffaff:192.168.151.99:37457], old=null, confs=<EMPTY_MAP>
2019-09-26 19:35:54,846 [pool-261-thread-1] INFO  server.RaftServerConfigKeys (ConfUtils.java:logGet(43)) - raft.server.storage.dir = [/workdir/hadoop-ozone/integration-test/target/test-dir/MiniOzoneClusterImpl-2f79a7d3-d7ae-4963-8370-12bb1e2132d7/datanode-0/data/ratis] (custom)
2019-09-26 19:35:54,847 [pool-261-thread-1] INFO  storage.RaftStorageDirectory (RaftStorageDirectory.java:analyzeStorage(246)) - The storage directory /workdir/hadoop-ozone/integration-test/target/test-dir/MiniOzoneClusterImpl-2f79a7d3-d7ae-4963-8370-12bb1e2132d7/datanode-0/data/ratis/80e353e3-35be-4c1d-bdc5-5c41b557c8f0 does not exist. Creating ...
2019-09-26 19:35:54,857 [pool-261-thread-1] INFO  storage.RaftStorageDirectory (RaftStorageDirectory.java:tryLock(328)) - Lock on /workdir/hadoop-ozone/integration-test/target/test-dir/MiniOzoneClusterImpl-2f79a7d3-d7ae-4963-8370-12bb1e2132d7/datanode-0/data/ratis/80e353e3-35be-4c1d-bdc5-5c41b557c8f0/in_use.lock acquired by nodename 17888@pr-hdds-1569-g6sp5-2013761785
2019-09-26 19:35:54,880 [pool-261-thread-1] INFO  storage.RaftStorage (RaftStorage.java:format(72)) - Storage directory /workdir/hadoop-ozone/integration-test/target/test-dir/MiniOzoneClusterImpl-2f79a7d3-d7ae-4963-8370-12bb1e2132d7/datanode-0/data/ratis/80e353e3-35be-4c1d-bdc5-5c41b557c8f0 has been successfully formatted.
2019-09-26 19:35:54,880 [pool-261-thread-1] INFO  ratis.ContainerStateMachine (ContainerStateMachine.java:loadSnapshot(230)) - group-5C41B557C8F0: The snapshot info is null. Setting the last applied indexto:(t:0, i:~)
2019-09-26 19:35:54,880 [pool-261-thread-1] INFO  server.RaftServerConfigKeys (ConfUtils.java:logGet(43)) - raft.server.notification.no-leader.timeout = 120s (custom)
2019-09-26 19:35:54,881 [pool-261-thread-1] INFO  server.RaftServerConfigKeys (ConfUtils.java:logGet(43)) - raft.server.log.use.memory = false (default)
2019-09-26 19:35:54,881 [pool-261-thread-1] INFO  server.RaftServerConfigKeys (ConfUtils.java:logGet(43)) - raft.server.log.purge.gap = 1000000 (custom)
2019-09-26 19:35:54,881 [pool-261-thread-1] INFO  server.RaftServerConfigKeys (ConfUtils.java:logGet(43)) - raft.server.log.appender.buffer.byte-limit = 33554432 (custom)
2019-09-26 19:35:54,881 [pool-261-thread-1] INFO  server.RaftServerConfigKeys (ConfUtils.java:logGet(43)) - raft.server.log.segment.size.max = 1048576 (custom)
2019-09-26 19:35:54,881 [pool-261-thread-1] INFO  server.RaftServerConfigKeys (ConfUtils.java:logGet(43)) - raft.server.log.segment.cache.num.max = 2 (custom)
2019-09-26 19:35:54,881 [pool-261-thread-1] INFO  segmented.SegmentedRaftLogWorker (SegmentedRaftLogWorker.java:<init>(172)) - new 27cb48db-4b88-4c0c-b213-19f9b2fffaff@group-5C41B557C8F0-SegmentedRaftLogWorker for RaftStorage:Storage Directory /workdir/hadoop-ozone/integration-test/target/test-dir/MiniOzoneClusterImpl-2f79a7d3-d7ae-4963-8370-12bb1e2132d7/datanode-0/data/ratis/80e353e3-35be-4c1d-bdc5-5c41b557c8f0
2019-09-26 19:35:54,881 [pool-261-thread-1] INFO  server.RaftServerConfigKeys (ConfUtils.java:logGet(43)) - raft.server.log.queue.byte-limit = 2147483647 (custom)
2019-09-26 19:35:54,881 [pool-261-thread-1] INFO  server.RaftServerConfigKeys (ConfUtils.java:logGet(43)) - raft.server.log.queue.element-limit = 1024 (custom)
2019-09-26 19:35:54,882 [pool-261-thread-1] INFO  server.RaftServerConfigKeys (ConfUtils.java:logGet(43)) - raft.server.log.segment.size.max = 1048576 (custom)
2019-09-26 19:35:54,882 [pool-261-thread-1] INFO  server.RaftServerConfigKeys (ConfUtils.java:logGet(43)) - raft.server.log.preallocated.size = 16384 (custom)
2019-09-26 19:35:54,882 [pool-261-thread-1] INFO  server.RaftServerConfigKeys (ConfUtils.java:logGet(43)) - raft.server.log.write.buffer.size = 33554432 (custom)
2019-09-26 19:35:54,882 [pool-261-thread-1] INFO  server.RaftServerConfigKeys (ConfUtils.java:logGet(43)) - raft.server.log.force.sync.num = 128 (default)
2019-09-26 19:35:54,882 [pool-261-thread-1] INFO  server.RaftServerConfigKeys (ConfUtils.java:logGet(43)) - raft.server.log.statemachine.data.sync = true (default)
2019-09-26 19:35:54,882 [pool-261-thread-1] INFO  server.RaftServerConfigKeys (ConfUtils.java:logGet(43)) - raft.server.log.statemachine.data.sync.timeout = 10s (default)
2019-09-26 19:35:54,882 [pool-261-thread-1] INFO  server.RaftServerConfigKeys (ConfUtils.java:logGet(43)) - raft.server.log.statemachine.data.sync.timeout.retry = -1 (default)
2019-09-26 19:35:54,882 [pool-261-thread-1] INFO  server.RaftServerConfigKeys (ConfUtils.java:logGet(43)) - raft.server.log.statemachine.data.caching.enabled = true (custom)
2019-09-26 19:35:54,883 [pool-261-thread-1] INFO  segmented.SegmentedRaftLogWorker (SegmentedRaftLogWorker.java:lambda$new$0(132)) - 27cb48db-4b88-4c0c-b213-19f9b2fffaff@group-5C41B557C8F0-SegmentedRaftLogWorker: flushIndex: setUnconditionally 0 -> -1
2019-09-26 19:35:54,883 [pool-261-thread-1] INFO  server.RaftServerConfigKeys (ConfUtils.java:logGet(43)) - raft.server.snapshot.auto.trigger.enabled = true (custom)
2019-09-26 19:35:54,883 [pool-261-thread-1] INFO  server.RaftServerConfigKeys (ConfUtils.java:logGet(43)) - raft.server.snapshot.auto.trigger.threshold = 10000 (custom)
2019-09-26 19:35:54,883 [pool-261-thread-1] INFO  server.RaftServerConfigKeys (ConfUtils.java:logGet(43)) - raft.server.snapshot.retention.num.files = 5 (custom)
2019-09-26 19:35:54,883 [pool-261-thread-1] INFO  server.RaftServerConfigKeys (ConfUtils.java:logGet(43)) - raft.server.retrycache.expirytime = 600000ms (custom)
2019-09-26 19:35:54,885 [pool-261-thread-1] INFO  impl.RaftServerImpl (RaftServerImpl.java:start(185)) - 27cb48db-4b88-4c0c-b213-19f9b2fffaff@group-5C41B557C8F0: start as a follower, conf=-1: [27cb48db-4b88-4c0c-b213-19f9b2fffaff:192.168.151.99:37457], old=null
2019-09-26 19:35:54,885 [pool-261-thread-1] INFO  impl.RaftServerImpl (RaftServerImpl.java:setRole(174)) - 27cb48db-4b88-4c0c-b213-19f9b2fffaff@group-5C41B557C8F0: changes role from      null to FOLLOWER at term 0 for startAsFollower
2019-09-26 19:35:54,885 [pool-261-thread-1] INFO  impl.RoleInfo (RoleInfo.java:updateAndGet(143)) - 27cb48db-4b88-4c0c-b213-19f9b2fffaff: start FollowerState
2019-09-26 19:35:54,885 [pool-261-thread-1] INFO  util.JmxRegister (JmxRegister.java:tryRegister(44)) - Successfully registered JMX Bean with object name Ratis:service=RaftServer,group=group-5C41B557C8F0,id=27cb48db-4b88-4c0c-b213-19f9b2fffaff
2019-09-26 19:35:55,144 [RatisPipelineUtilsThread] INFO  pipeline.PipelineStateManager (PipelineStateManager.java:addPipeline(56)) - Created pipeline Pipeline[ Id: 80e353e3-35be-4c1d-bdc5-5c41b557c8f0, Nodes: 27cb48db-4b88-4c0c-b213-19f9b2fffaff{ip: 192.168.151.99, host: pr-hdds-1569-g6sp5-2013761785, networkLocation: /rack1, certSerialId: null}, Type:RATIS, Factor:ONE, State:OPEN]
2019-09-26 19:35:55,146 [grpc-default-executor-2] INFO  impl.RaftServerProxy (RaftServerProxy.java:addNew(89)) - 27cb48db-4b88-4c0c-b213-19f9b2fffaff: addNew group-A2AAB7CD5BAC:[27cb48db-4b88-4c0c-b213-19f9b2fffaff:192.168.151.99:37457] returns group-A2AAB7CD5BAC:java.util.concurrent.CompletableFuture@52e68d63[Not completed]
2019-09-26 19:35:55,147 [pool-261-thread-1] INFO  impl.RaftServerImpl (RaftServerImpl.java:<init>(95)) - 27cb48db-4b88-4c0c-b213-19f9b2fffaff: new RaftServerImpl for group-A2AAB7CD5BAC:[27cb48db-4b88-4c0c-b213-19f9b2fffaff:192.168.151.99:37457] with ContainerStateMachine:uninitialized
2019-09-26 19:35:55,147 [pool-261-thread-1] INFO  server.RaftServerConfigKeys (ConfUtils.java:logGet(43)) - raft.server.rpc.timeout.min = 5s (custom)
2019-09-26 19:35:55,147 [pool-261-thread-1] INFO  server.RaftServerConfigKeys (ConfUtils.java:logGet(43)) - raft.server.rpc.timeout.max = 5200ms (custom)
2019-09-26 19:35:55,147 [pool-261-thread-1] INFO  server.RaftServerConfigKeys (ConfUtils.java:logGet(43)) - raft.server.rpcslowness.timeout = 120s (custom)
2019-09-26 19:35:55,147 [pool-261-thread-1] INFO  server.RaftServerConfigKeys (ConfUtils.java:logGet(43)) - raft.server.sleep.deviation.threshold = 300 (default)
2019-09-26 19:35:55,147 [pool-261-thread-1] INFO  server.RaftServerConfigKeys (ConfUtils.java:logGet(43)) - raft.server.log.appender.install.snapshot.enabled = false (custom)
2019-09-26 19:35:55,147 [pool-261-thread-1] INFO  impl.RaftServerImpl (ServerState.java:<init>(103)) - 27cb48db-4b88-4c0c-b213-19f9b2fffaff@group-A2AAB7CD5BAC: ConfigurationManager, init=-1: [27cb48db-4b88-4c0c-b213-19f9b2fffaff:192.168.151.99:37457], old=null, confs=<EMPTY_MAP>
2019-09-26 19:35:55,148 [pool-261-thread-1] INFO  server.RaftServerConfigKeys (ConfUtils.java:logGet(43)) - raft.server.storage.dir = [/workdir/hadoop-ozone/integration-test/target/test-dir/MiniOzoneClusterImpl-2f79a7d3-d7ae-4963-8370-12bb1e2132d7/datanode-0/data/ratis] (custom)
2019-09-26 19:35:55,148 [pool-261-thread-1] INFO  storage.RaftStorageDirectory (RaftStorageDirectory.java:analyzeStorage(246)) - The storage directory /workdir/hadoop-ozone/integration-test/target/test-dir/MiniOzoneClusterImpl-2f79a7d3-d7ae-4963-8370-12bb1e2132d7/datanode-0/data/ratis/9b057719-0175-46c2-b479-a2aab7cd5bac does not exist. Creating ...
2019-09-26 19:35:55,179 [pool-261-thread-1] INFO  storage.RaftStorageDirectory (RaftStorageDirectory.java:tryLock(328)) - Lock on /workdir/hadoop-ozone/integration-test/target/test-dir/MiniOzoneClusterImpl-2f79a7d3-d7ae-4963-8370-12bb1e2132d7/datanode-0/data/ratis/9b057719-0175-46c2-b479-a2aab7cd5bac/in_use.lock acquired by nodename 17888@pr-hdds-1569-g6sp5-2013761785
2019-09-26 19:35:55,193 [pool-261-thread-1] INFO  storage.RaftStorage (RaftStorage.java:format(72)) - Storage directory /workdir/hadoop-ozone/integration-test/target/test-dir/MiniOzoneClusterImpl-2f79a7d3-d7ae-4963-8370-12bb1e2132d7/datanode-0/data/ratis/9b057719-0175-46c2-b479-a2aab7cd5bac has been successfully formatted.
2019-09-26 19:35:55,193 [pool-261-thread-1] INFO  ratis.ContainerStateMachine (ContainerStateMachine.java:loadSnapshot(230)) - group-A2AAB7CD5BAC: The snapshot info is null. Setting the last applied indexto:(t:0, i:~)
2019-09-26 19:35:55,194 [pool-261-thread-1] INFO  server.RaftServerConfigKeys (ConfUtils.java:logGet(43)) - raft.server.notification.no-leader.timeout = 120s (custom)
2019-09-26 19:35:55,194 [pool-261-thread-1] INFO  server.RaftServerConfigKeys (ConfUtils.java:logGet(43)) - raft.server.log.use.memory = false (default)
2019-09-26 19:35:55,194 [pool-261-thread-1] INFO  server.RaftServerConfigKeys (ConfUtils.java:logGet(43)) - raft.server.log.purge.gap = 1000000 (custom)
2019-09-26 19:35:55,194 [pool-261-thread-1] INFO  server.RaftServerConfigKeys (ConfUtils.java:logGet(43)) - raft.server.log.appender.buffer.byte-limit = 33554432 (custom)
2019-09-26 19:35:55,194 [pool-261-thread-1] INFO  server.RaftServerConfigKeys (ConfUtils.java:logGet(43)) - raft.server.log.segment.size.max = 1048576 (custom)
2019-09-26 19:35:55,194 [pool-261-thread-1] INFO  server.RaftServerConfigKeys (ConfUtils.java:logGet(43)) - raft.server.log.segment.cache.num.max = 2 (custom)
2019-09-26 19:35:55,194 [pool-261-thread-1] INFO  segmented.SegmentedRaftLogWorker (SegmentedRaftLogWorker.java:<init>(172)) - new 27cb48db-4b88-4c0c-b213-19f9b2fffaff@group-A2AAB7CD5BAC-SegmentedRaftLogWorker for RaftStorage:Storage Directory /workdir/hadoop-ozone/integration-test/target/test-dir/MiniOzoneClusterImpl-2f79a7d3-d7ae-4963-8370-12bb1e2132d7/datanode-0/data/ratis/9b057719-0175-46c2-b479-a2aab7cd5bac
2019-09-26 19:35:55,195 [pool-261-thread-1] INFO  server.RaftServerConfigKeys (ConfUtils.java:logGet(43)) - raft.server.log.queue.byte-limit = 2147483647 (custom)
2019-09-26 19:35:55,195 [pool-261-thread-1] INFO  server.RaftServerConfigKeys (ConfUtils.java:logGet(43)) - raft.server.log.queue.element-limit = 1024 (custom)
2019-09-26 19:35:55,195 [pool-261-thread-1] INFO  server.RaftServerConfigKeys (ConfUtils.java:logGet(43)) - raft.server.log.segment.size.max = 1048576 (custom)
2019-09-26 19:35:55,195 [pool-261-thread-1] INFO  server.RaftServerConfigKeys (ConfUtils.java:logGet(43)) - raft.server.log.preallocated.size = 16384 (custom)
2019-09-26 19:35:55,195 [pool-261-thread-1] INFO  server.RaftServerConfigKeys (ConfUtils.java:logGet(43)) - raft.server.log.write.buffer.size = 33554432 (custom)
2019-09-26 19:35:55,195 [pool-261-thread-1] INFO  server.RaftServerConfigKeys (ConfUtils.java:logGet(43)) - raft.server.log.force.sync.num = 128 (default)
2019-09-26 19:35:55,195 [pool-261-thread-1] INFO  server.RaftServerConfigKeys (ConfUtils.java:logGet(43)) - raft.server.log.statemachine.data.sync = true (default)
2019-09-26 19:35:55,196 [pool-261-thread-1] INFO  server.RaftServerConfigKeys (ConfUtils.java:logGet(43)) - raft.server.log.statemachine.data.sync.timeout = 10s (default)
2019-09-26 19:35:55,196 [pool-261-thread-1] INFO  server.RaftServerConfigKeys (ConfUtils.java:logGet(43)) - raft.server.log.statemachine.data.sync.timeout.retry = -1 (default)
2019-09-26 19:35:55,196 [pool-261-thread-1] INFO  server.RaftServerConfigKeys (ConfUtils.java:logGet(43)) - raft.server.log.statemachine.data.caching.enabled = true (custom)
2019-09-26 19:35:55,196 [pool-261-thread-1] INFO  segmented.SegmentedRaftLogWorker (SegmentedRaftLogWorker.java:lambda$new$0(132)) - 27cb48db-4b88-4c0c-b213-19f9b2fffaff@group-A2AAB7CD5BAC-SegmentedRaftLogWorker: flushIndex: setUnconditionally 0 -> -1
2019-09-26 19:35:55,197 [pool-261-thread-1] INFO  server.RaftServerConfigKeys (ConfUtils.java:logGet(43)) - raft.server.snapshot.auto.trigger.enabled = true (custom)
2019-09-26 19:35:55,197 [pool-261-thread-1] INFO  server.RaftServerConfigKeys (ConfUtils.java:logGet(43)) - raft.server.snapshot.auto.trigger.threshold = 10000 (custom)
2019-09-26 19:35:55,197 [pool-261-thread-1] INFO  server.RaftServerConfigKeys (ConfUtils.java:logGet(43)) - raft.server.snapshot.retention.num.files = 5 (custom)
2019-09-26 19:35:55,197 [pool-261-thread-1] INFO  server.RaftServerConfigKeys (ConfUtils.java:logGet(43)) - raft.server.retrycache.expirytime = 600000ms (custom)
2019-09-26 19:35:55,199 [pool-261-thread-1] INFO  impl.RaftServerImpl (RaftServerImpl.java:start(185)) - 27cb48db-4b88-4c0c-b213-19f9b2fffaff@group-A2AAB7CD5BAC: start as a follower, conf=-1: [27cb48db-4b88-4c0c-b213-19f9b2fffaff:192.168.151.99:37457], old=null
2019-09-26 19:35:55,199 [pool-261-thread-1] INFO  impl.RaftServerImpl (RaftServerImpl.java:setRole(174)) - 27cb48db-4b88-4c0c-b213-19f9b2fffaff@group-A2AAB7CD5BAC: changes role from      null to FOLLOWER at term 0 for startAsFollower
2019-09-26 19:35:55,199 [pool-261-thread-1] INFO  impl.RoleInfo (RoleInfo.java:updateAndGet(143)) - 27cb48db-4b88-4c0c-b213-19f9b2fffaff: start FollowerState
2019-09-26 19:35:55,200 [pool-261-thread-1] INFO  util.JmxRegister (JmxRegister.java:tryRegister(44)) - Successfully registered JMX Bean with object name Ratis:service=RaftServer,group=group-A2AAB7CD5BAC,id=27cb48db-4b88-4c0c-b213-19f9b2fffaff
2019-09-26 19:35:55,201 [RatisPipelineUtilsThread] INFO  pipeline.PipelineStateManager (PipelineStateManager.java:addPipeline(56)) - Created pipeline Pipeline[ Id: 9b057719-0175-46c2-b479-a2aab7cd5bac, Nodes: 27cb48db-4b88-4c0c-b213-19f9b2fffaff{ip: 192.168.151.99, host: pr-hdds-1569-g6sp5-2013761785, networkLocation: /rack1, certSerialId: null}, Type:RATIS, Factor:ONE, State:OPEN]
2019-09-26 19:35:55,203 [grpc-default-executor-2] INFO  impl.RaftServerProxy (RaftServerProxy.java:addNew(89)) - 728ea44c-f097-440a-a87e-c27a68d48f14: addNew group-E183B10AB6CB:[728ea44c-f097-440a-a87e-c27a68d48f14:192.168.151.99:38783] returns group-E183B10AB6CB:java.util.concurrent.CompletableFuture@379cbd92[Not completed]
2019-09-26 19:35:55,204 [pool-271-thread-1] INFO  impl.RaftServerImpl (RaftServerImpl.java:<init>(95)) - 728ea44c-f097-440a-a87e-c27a68d48f14: new RaftServerImpl for group-E183B10AB6CB:[728ea44c-f097-440a-a87e-c27a68d48f14:192.168.151.99:38783] with ContainerStateMachine:uninitialized
2019-09-26 19:35:55,204 [pool-271-thread-1] INFO  server.RaftServerConfigKeys (ConfUtils.java:logGet(43)) - raft.server.rpc.timeout.min = 5s (custom)
2019-09-26 19:35:55,204 [pool-271-thread-1] INFO  server.RaftServerConfigKeys (ConfUtils.java:logGet(43)) - raft.server.rpc.timeout.max = 5200ms (custom)
2019-09-26 19:35:55,204 [pool-271-thread-1] INFO  server.RaftServerConfigKeys (ConfUtils.java:logGet(43)) - raft.server.rpcslowness.timeout = 120s (custom)
2019-09-26 19:35:55,204 [pool-271-thread-1] INFO  server.RaftServerConfigKeys (ConfUtils.java:logGet(43)) - raft.server.sleep.deviation.threshold = 300 (default)
2019-09-26 19:35:55,204 [pool-271-thread-1] INFO  server.RaftServerConfigKeys (ConfUtils.java:logGet(43)) - raft.server.log.appender.install.snapshot.enabled = false (custom)
2019-09-26 19:35:55,205 [pool-271-thread-1] INFO  impl.RaftServerImpl (ServerState.java:<init>(103)) - 728ea44c-f097-440a-a87e-c27a68d48f14@group-E183B10AB6CB: ConfigurationManager, init=-1: [728ea44c-f097-440a-a87e-c27a68d48f14:192.168.151.99:38783], old=null, confs=<EMPTY_MAP>
2019-09-26 19:35:55,205 [pool-271-thread-1] INFO  server.RaftServerConfigKeys (ConfUtils.java:logGet(43)) - raft.server.storage.dir = [/workdir/hadoop-ozone/integration-test/target/test-dir/MiniOzoneClusterImpl-2f79a7d3-d7ae-4963-8370-12bb1e2132d7/datanode-1/data/ratis] (custom)
2019-09-26 19:35:55,205 [pool-271-thread-1] INFO  storage.RaftStorageDirectory (RaftStorageDirectory.java:analyzeStorage(246)) - The storage directory /workdir/hadoop-ozone/integration-test/target/test-dir/MiniOzoneClusterImpl-2f79a7d3-d7ae-4963-8370-12bb1e2132d7/datanode-1/data/ratis/1cd2af69-882b-4a03-8099-e183b10ab6cb does not exist. Creating ...
2019-09-26 19:35:55,218 [pool-271-thread-1] INFO  storage.RaftStorageDirectory (RaftStorageDirectory.java:tryLock(328)) - Lock on /workdir/hadoop-ozone/integration-test/target/test-dir/MiniOzoneClusterImpl-2f79a7d3-d7ae-4963-8370-12bb1e2132d7/datanode-1/data/ratis/1cd2af69-882b-4a03-8099-e183b10ab6cb/in_use.lock acquired by nodename 17888@pr-hdds-1569-g6sp5-2013761785
2019-09-26 19:35:55,231 [pool-271-thread-1] INFO  storage.RaftStorage (RaftStorage.java:format(72)) - Storage directory /workdir/hadoop-ozone/integration-test/target/test-dir/MiniOzoneClusterImpl-2f79a7d3-d7ae-4963-8370-12bb1e2132d7/datanode-1/data/ratis/1cd2af69-882b-4a03-8099-e183b10ab6cb has been successfully formatted.
2019-09-26 19:35:55,232 [pool-271-thread-1] INFO  ratis.ContainerStateMachine (ContainerStateMachine.java:loadSnapshot(230)) - group-E183B10AB6CB: The snapshot info is null. Setting the last applied indexto:(t:0, i:~)
2019-09-26 19:35:55,232 [pool-271-thread-1] INFO  server.RaftServerConfigKeys (ConfUtils.java:logGet(43)) - raft.server.notification.no-leader.timeout = 120s (custom)
2019-09-26 19:35:55,232 [pool-271-thread-1] INFO  server.RaftServerConfigKeys (ConfUtils.java:logGet(43)) - raft.server.log.use.memory = false (default)
2019-09-26 19:35:55,232 [pool-271-thread-1] INFO  server.RaftServerConfigKeys (ConfUtils.java:logGet(43)) - raft.server.log.purge.gap = 1000000 (custom)
2019-09-26 19:35:55,232 [pool-271-thread-1] INFO  server.RaftServerConfigKeys (ConfUtils.java:logGet(43)) - raft.server.log.appender.buffer.byte-limit = 33554432 (custom)
2019-09-26 19:35:55,232 [pool-271-thread-1] INFO  server.RaftServerConfigKeys (ConfUtils.java:logGet(43)) - raft.server.log.segment.size.max = 1048576 (custom)
2019-09-26 19:35:55,232 [pool-271-thread-1] INFO  server.RaftServerConfigKeys (ConfUtils.java:logGet(43)) - raft.server.log.segment.cache.num.max = 2 (custom)
2019-09-26 19:35:55,232 [pool-271-thread-1] INFO  segmented.SegmentedRaftLogWorker (SegmentedRaftLogWorker.java:<init>(172)) - new 728ea44c-f097-440a-a87e-c27a68d48f14@group-E183B10AB6CB-SegmentedRaftLogWorker for RaftStorage:Storage Directory /workdir/hadoop-ozone/integration-test/target/test-dir/MiniOzoneClusterImpl-2f79a7d3-d7ae-4963-8370-12bb1e2132d7/datanode-1/data/ratis/1cd2af69-882b-4a03-8099-e183b10ab6cb
2019-09-26 19:35:55,233 [pool-271-thread-1] INFO  server.RaftServerConfigKeys (ConfUtils.java:logGet(43)) - raft.server.log.queue.byte-limit = 2147483647 (custom)
2019-09-26 19:35:55,233 [pool-271-thread-1] INFO  server.RaftServerConfigKeys (ConfUtils.java:logGet(43)) - raft.server.log.queue.element-limit = 1024 (custom)
2019-09-26 19:35:55,233 [pool-271-thread-1] INFO  server.RaftServerConfigKeys (ConfUtils.java:logGet(43)) - raft.server.log.segment.size.max = 1048576 (custom)
2019-09-26 19:35:55,233 [pool-271-thread-1] INFO  server.RaftServerConfigKeys (ConfUtils.java:logGet(43)) - raft.server.log.preallocated.size = 16384 (custom)
2019-09-26 19:35:55,233 [pool-271-thread-1] INFO  server.RaftServerConfigKeys (ConfUtils.java:logGet(43)) - raft.server.log.write.buffer.size = 33554432 (custom)
2019-09-26 19:35:55,233 [pool-271-thread-1] INFO  server.RaftServerConfigKeys (ConfUtils.java:logGet(43)) - raft.server.log.force.sync.num = 128 (default)
2019-09-26 19:35:55,233 [pool-271-thread-1] INFO  server.RaftServerConfigKeys (ConfUtils.java:logGet(43)) - raft.server.log.statemachine.data.sync = true (default)
2019-09-26 19:35:55,233 [pool-271-thread-1] INFO  server.RaftServerConfigKeys (ConfUtils.java:logGet(43)) - raft.server.log.statemachine.data.sync.timeout = 10s (default)
2019-09-26 19:35:55,233 [pool-271-thread-1] INFO  server.RaftServerConfigKeys (ConfUtils.java:logGet(43)) - raft.server.log.statemachine.data.sync.timeout.retry = -1 (default)
2019-09-26 19:35:55,234 [pool-271-thread-1] INFO  server.RaftServerConfigKeys (ConfUtils.java:logGet(43)) - raft.server.log.statemachine.data.caching.enabled = true (custom)
2019-09-26 19:35:55,234 [pool-271-thread-1] INFO  segmented.SegmentedRaftLogWorker (SegmentedRaftLogWorker.java:lambda$new$0(132)) - 728ea44c-f097-440a-a87e-c27a68d48f14@group-E183B10AB6CB-SegmentedRaftLogWorker: flushIndex: setUnconditionally 0 -> -1
2019-09-26 19:35:55,234 [pool-271-thread-1] INFO  server.RaftServerConfigKeys (ConfUtils.java:logGet(43)) - raft.server.snapshot.auto.trigger.enabled = true (custom)
2019-09-26 19:35:55,234 [pool-271-thread-1] INFO  server.RaftServerConfigKeys (ConfUtils.java:logGet(43)) - raft.server.snapshot.auto.trigger.threshold = 10000 (custom)
2019-09-26 19:35:55,234 [pool-271-thread-1] INFO  server.RaftServerConfigKeys (ConfUtils.java:logGet(43)) - raft.server.snapshot.retention.num.files = 5 (custom)
2019-09-26 19:35:55,234 [pool-271-thread-1] INFO  server.RaftServerConfigKeys (ConfUtils.java:logGet(43)) - raft.server.retrycache.expirytime = 600000ms (custom)
2019-09-26 19:35:55,236 [pool-271-thread-1] INFO  impl.RaftServerImpl (RaftServerImpl.java:start(185)) - 728ea44c-f097-440a-a87e-c27a68d48f14@group-E183B10AB6CB: start as a follower, conf=-1: [728ea44c-f097-440a-a87e-c27a68d48f14:192.168.151.99:38783], old=null
2019-09-26 19:35:55,236 [pool-271-thread-1] INFO  impl.RaftServerImpl (RaftServerImpl.java:setRole(174)) - 728ea44c-f097-440a-a87e-c27a68d48f14@group-E183B10AB6CB: changes role from      null to FOLLOWER at term 0 for startAsFollower
2019-09-26 19:35:55,236 [pool-271-thread-1] INFO  impl.RoleInfo (RoleInfo.java:updateAndGet(143)) - 728ea44c-f097-440a-a87e-c27a68d48f14: start FollowerState
2019-09-26 19:35:55,236 [pool-271-thread-1] INFO  util.JmxRegister (JmxRegister.java:tryRegister(44)) - Successfully registered JMX Bean with object name Ratis:service=RaftServer,group=group-E183B10AB6CB,id=728ea44c-f097-440a-a87e-c27a68d48f14
2019-09-26 19:35:55,237 [RatisPipelineUtilsThread] INFO  pipeline.PipelineStateManager (PipelineStateManager.java:addPipeline(56)) - Created pipeline Pipeline[ Id: 1cd2af69-882b-4a03-8099-e183b10ab6cb, Nodes: 728ea44c-f097-440a-a87e-c27a68d48f14{ip: 192.168.151.99, host: pr-hdds-1569-g6sp5-2013761785, networkLocation: /rack1, certSerialId: null}, Type:RATIS, Factor:ONE, State:OPEN]
2019-09-26 19:35:55,239 [grpc-default-executor-2] INFO  impl.RaftServerProxy (RaftServerProxy.java:addNew(89)) - 27cb48db-4b88-4c0c-b213-19f9b2fffaff: addNew group-FB1248EB002D:[27cb48db-4b88-4c0c-b213-19f9b2fffaff:192.168.151.99:37457] returns group-FB1248EB002D:java.util.concurrent.CompletableFuture@e4caa9f[Not completed]
2019-09-26 19:35:55,240 [pool-261-thread-1] INFO  impl.RaftServerImpl (RaftServerImpl.java:<init>(95)) - 27cb48db-4b88-4c0c-b213-19f9b2fffaff: new RaftServerImpl for group-FB1248EB002D:[27cb48db-4b88-4c0c-b213-19f9b2fffaff:192.168.151.99:37457] with ContainerStateMachine:uninitialized
2019-09-26 19:35:55,240 [pool-261-thread-1] INFO  server.RaftServerConfigKeys (ConfUtils.java:logGet(43)) - raft.server.rpc.timeout.min = 5s (custom)
2019-09-26 19:35:55,240 [pool-261-thread-1] INFO  server.RaftServerConfigKeys (ConfUtils.java:logGet(43)) - raft.server.rpc.timeout.max = 5200ms (custom)
2019-09-26 19:35:55,240 [pool-261-thread-1] INFO  server.RaftServerConfigKeys (ConfUtils.java:logGet(43)) - raft.server.rpcslowness.timeout = 120s (custom)
2019-09-26 19:35:55,240 [pool-261-thread-1] INFO  server.RaftServerConfigKeys (ConfUtils.java:logGet(43)) - raft.server.sleep.deviation.threshold = 300 (default)
2019-09-26 19:35:55,240 [pool-261-thread-1] INFO  server.RaftServerConfigKeys (ConfUtils.java:logGet(43)) - raft.server.log.appender.install.snapshot.enabled = false (custom)
2019-09-26 19:35:55,240 [pool-261-thread-1] INFO  impl.RaftServerImpl (ServerState.java:<init>(103)) - 27cb48db-4b88-4c0c-b213-19f9b2fffaff@group-FB1248EB002D: ConfigurationManager, init=-1: [27cb48db-4b88-4c0c-b213-19f9b2fffaff:192.168.151.99:37457], old=null, confs=<EMPTY_MAP>
2019-09-26 19:35:55,240 [pool-261-thread-1] INFO  server.RaftServerConfigKeys (ConfUtils.java:logGet(43)) - raft.server.storage.dir = [/workdir/hadoop-ozone/integration-test/target/test-dir/MiniOzoneClusterImpl-2f79a7d3-d7ae-4963-8370-12bb1e2132d7/datanode-0/data/ratis] (custom)
2019-09-26 19:35:55,241 [pool-261-thread-1] INFO  storage.RaftStorageDirectory (RaftStorageDirectory.java:analyzeStorage(246)) - The storage directory /workdir/hadoop-ozone/integration-test/target/test-dir/MiniOzoneClusterImpl-2f79a7d3-d7ae-4963-8370-12bb1e2132d7/datanode-0/data/ratis/4f421a22-3188-4397-9330-fb1248eb002d does not exist. Creating ...
2019-09-26 19:35:55,254 [pool-261-thread-1] INFO  storage.RaftStorageDirectory (RaftStorageDirectory.java:tryLock(328)) - Lock on /workdir/hadoop-ozone/integration-test/target/test-dir/MiniOzoneClusterImpl-2f79a7d3-d7ae-4963-8370-12bb1e2132d7/datanode-0/data/ratis/4f421a22-3188-4397-9330-fb1248eb002d/in_use.lock acquired by nodename 17888@pr-hdds-1569-g6sp5-2013761785
2019-09-26 19:35:55,267 [pool-261-thread-1] INFO  storage.RaftStorage (RaftStorage.java:format(72)) - Storage directory /workdir/hadoop-ozone/integration-test/target/test-dir/MiniOzoneClusterImpl-2f79a7d3-d7ae-4963-8370-12bb1e2132d7/datanode-0/data/ratis/4f421a22-3188-4397-9330-fb1248eb002d has been successfully formatted.
2019-09-26 19:35:55,267 [pool-261-thread-1] INFO  ratis.ContainerStateMachine (ContainerStateMachine.java:loadSnapshot(230)) - group-FB1248EB002D: The snapshot info is null. Setting the last applied indexto:(t:0, i:~)
2019-09-26 19:35:55,267 [pool-261-thread-1] INFO  server.RaftServerConfigKeys (ConfUtils.java:logGet(43)) - raft.server.notification.no-leader.timeout = 120s (custom)
2019-09-26 19:35:55,267 [pool-261-thread-1] INFO  server.RaftServerConfigKeys (ConfUtils.java:logGet(43)) - raft.server.log.use.memory = false (default)
2019-09-26 19:35:55,267 [pool-261-thread-1] INFO  server.RaftServerConfigKeys (ConfUtils.java:logGet(43)) - raft.server.log.purge.gap = 1000000 (custom)
2019-09-26 19:35:55,267 [pool-261-thread-1] INFO  server.RaftServerConfigKeys (ConfUtils.java:logGet(43)) - raft.server.log.appender.buffer.byte-limit = 33554432 (custom)
2019-09-26 19:35:55,267 [pool-261-thread-1] INFO  server.RaftServerConfigKeys (ConfUtils.java:logGet(43)) - raft.server.log.segment.size.max = 1048576 (custom)
2019-09-26 19:35:55,267 [pool-261-thread-1] INFO  server.RaftServerConfigKeys (ConfUtils.java:logGet(43)) - raft.server.log.segment.cache.num.max = 2 (custom)
2019-09-26 19:35:55,268 [pool-261-thread-1] INFO  segmented.SegmentedRaftLogWorker (SegmentedRaftLogWorker.java:<init>(172)) - new 27cb48db-4b88-4c0c-b213-19f9b2fffaff@group-FB1248EB002D-SegmentedRaftLogWorker for RaftStorage:Storage Directory /workdir/hadoop-ozone/integration-test/target/test-dir/MiniOzoneClusterImpl-2f79a7d3-d7ae-4963-8370-12bb1e2132d7/datanode-0/data/ratis/4f421a22-3188-4397-9330-fb1248eb002d
2019-09-26 19:35:55,268 [pool-261-thread-1] INFO  server.RaftServerConfigKeys (ConfUtils.java:logGet(43)) - raft.server.log.queue.byte-limit = 2147483647 (custom)
2019-09-26 19:35:55,268 [pool-261-thread-1] INFO  server.RaftServerConfigKeys (ConfUtils.java:logGet(43)) - raft.server.log.queue.element-limit = 1024 (custom)
2019-09-26 19:35:55,268 [pool-261-thread-1] INFO  server.RaftServerConfigKeys (ConfUtils.java:logGet(43)) - raft.server.log.segment.size.max = 1048576 (custom)
2019-09-26 19:35:55,268 [pool-261-thread-1] INFO  server.RaftServerConfigKeys (ConfUtils.java:logGet(43)) - raft.server.log.preallocated.size = 16384 (custom)
2019-09-26 19:35:55,268 [pool-261-thread-1] INFO  server.RaftServerConfigKeys (ConfUtils.java:logGet(43)) - raft.server.log.write.buffer.size = 33554432 (custom)
2019-09-26 19:35:55,268 [pool-261-thread-1] INFO  server.RaftServerConfigKeys (ConfUtils.java:logGet(43)) - raft.server.log.force.sync.num = 128 (default)
2019-09-26 19:35:55,268 [pool-261-thread-1] INFO  server.RaftServerConfigKeys (ConfUtils.java:logGet(43)) - raft.server.log.statemachine.data.sync = true (default)
2019-09-26 19:35:55,268 [pool-261-thread-1] INFO  server.RaftServerConfigKeys (ConfUtils.java:logGet(43)) - raft.server.log.statemachine.data.sync.timeout = 10s (default)
2019-09-26 19:35:55,268 [pool-261-thread-1] INFO  server.RaftServerConfigKeys (ConfUtils.java:logGet(43)) - raft.server.log.statemachine.data.sync.timeout.retry = -1 (default)
2019-09-26 19:35:55,268 [pool-261-thread-1] INFO  server.RaftServerConfigKeys (ConfUtils.java:logGet(43)) - raft.server.log.statemachine.data.caching.enabled = true (custom)
2019-09-26 19:35:55,268 [pool-261-thread-1] INFO  segmented.SegmentedRaftLogWorker (SegmentedRaftLogWorker.java:lambda$new$0(132)) - 27cb48db-4b88-4c0c-b213-19f9b2fffaff@group-FB1248EB002D-SegmentedRaftLogWorker: flushIndex: setUnconditionally 0 -> -1
2019-09-26 19:35:55,269 [pool-261-thread-1] INFO  server.RaftServerConfigKeys (ConfUtils.java:logGet(43)) - raft.server.snapshot.auto.trigger.enabled = true (custom)
2019-09-26 19:35:55,269 [pool-261-thread-1] INFO  server.RaftServerConfigKeys (ConfUtils.java:logGet(43)) - raft.server.snapshot.auto.trigger.threshold = 10000 (custom)
2019-09-26 19:35:55,269 [pool-261-thread-1] INFO  server.RaftServerConfigKeys (ConfUtils.java:logGet(43)) - raft.server.snapshot.retention.num.files = 5 (custom)
2019-09-26 19:35:55,269 [pool-261-thread-1] INFO  server.RaftServerConfigKeys (ConfUtils.java:logGet(43)) - raft.server.retrycache.expirytime = 600000ms (custom)
2019-09-26 19:35:55,270 [pool-261-thread-1] INFO  impl.RaftServerImpl (RaftServerImpl.java:start(185)) - 27cb48db-4b88-4c0c-b213-19f9b2fffaff@group-FB1248EB002D: start as a follower, conf=-1: [27cb48db-4b88-4c0c-b213-19f9b2fffaff:192.168.151.99:37457], old=null
2019-09-26 19:35:55,270 [pool-261-thread-1] INFO  impl.RaftServerImpl (RaftServerImpl.java:setRole(174)) - 27cb48db-4b88-4c0c-b213-19f9b2fffaff@group-FB1248EB002D: changes role from      null to FOLLOWER at term 0 for startAsFollower
2019-09-26 19:35:55,270 [pool-261-thread-1] INFO  impl.RoleInfo (RoleInfo.java:updateAndGet(143)) - 27cb48db-4b88-4c0c-b213-19f9b2fffaff: start FollowerState
2019-09-26 19:35:55,270 [pool-261-thread-1] INFO  util.JmxRegister (JmxRegister.java:tryRegister(44)) - Successfully registered JMX Bean with object name Ratis:service=RaftServer,group=group-FB1248EB002D,id=27cb48db-4b88-4c0c-b213-19f9b2fffaff
2019-09-26 19:35:55,271 [RatisPipelineUtilsThread] INFO  pipeline.PipelineStateManager (PipelineStateManager.java:addPipeline(56)) - Created pipeline Pipeline[ Id: 4f421a22-3188-4397-9330-fb1248eb002d, Nodes: 27cb48db-4b88-4c0c-b213-19f9b2fffaff{ip: 192.168.151.99, host: pr-hdds-1569-g6sp5-2013761785, networkLocation: /rack1, certSerialId: null}, Type:RATIS, Factor:ONE, State:OPEN]
2019-09-26 19:35:55,273 [grpc-default-executor-2] INFO  impl.RaftServerProxy (RaftServerProxy.java:addNew(89)) - 728ea44c-f097-440a-a87e-c27a68d48f14: addNew group-5F924A8F8ADB:[728ea44c-f097-440a-a87e-c27a68d48f14:192.168.151.99:38783] returns group-5F924A8F8ADB:java.util.concurrent.CompletableFuture@2c5fbbed[Not completed]
2019-09-26 19:35:55,273 [pool-271-thread-1] INFO  impl.RaftServerImpl (RaftServerImpl.java:<init>(95)) - 728ea44c-f097-440a-a87e-c27a68d48f14: new RaftServerImpl for group-5F924A8F8ADB:[728ea44c-f097-440a-a87e-c27a68d48f14:192.168.151.99:38783] with ContainerStateMachine:uninitialized
2019-09-26 19:35:55,274 [pool-271-thread-1] INFO  server.RaftServerConfigKeys (ConfUtils.java:logGet(43)) - raft.server.rpc.timeout.min = 5s (custom)
2019-09-26 19:35:55,274 [pool-271-thread-1] INFO  server.RaftServerConfigKeys (ConfUtils.java:logGet(43)) - raft.server.rpc.timeout.max = 5200ms (custom)
2019-09-26 19:35:55,274 [pool-271-thread-1] INFO  server.RaftServerConfigKeys (ConfUtils.java:logGet(43)) - raft.server.rpcslowness.timeout = 120s (custom)
2019-09-26 19:35:55,274 [pool-271-thread-1] INFO  server.RaftServerConfigKeys (ConfUtils.java:logGet(43)) - raft.server.sleep.deviation.threshold = 300 (default)
2019-09-26 19:35:55,274 [pool-271-thread-1] INFO  server.RaftServerConfigKeys (ConfUtils.java:logGet(43)) - raft.server.log.appender.install.snapshot.enabled = false (custom)
2019-09-26 19:35:55,274 [pool-271-thread-1] INFO  impl.RaftServerImpl (ServerState.java:<init>(103)) - 728ea44c-f097-440a-a87e-c27a68d48f14@group-5F924A8F8ADB: ConfigurationManager, init=-1: [728ea44c-f097-440a-a87e-c27a68d48f14:192.168.151.99:38783], old=null, confs=<EMPTY_MAP>
2019-09-26 19:35:55,274 [pool-271-thread-1] INFO  server.RaftServerConfigKeys (ConfUtils.java:logGet(43)) - raft.server.storage.dir = [/workdir/hadoop-ozone/integration-test/target/test-dir/MiniOzoneClusterImpl-2f79a7d3-d7ae-4963-8370-12bb1e2132d7/datanode-1/data/ratis] (custom)
2019-09-26 19:35:55,275 [pool-271-thread-1] INFO  storage.RaftStorageDirectory (RaftStorageDirectory.java:analyzeStorage(246)) - The storage directory /workdir/hadoop-ozone/integration-test/target/test-dir/MiniOzoneClusterImpl-2f79a7d3-d7ae-4963-8370-12bb1e2132d7/datanode-1/data/ratis/1758b356-e400-4656-a29e-5f924a8f8adb does not exist. Creating ...
2019-09-26 19:35:55,288 [pool-271-thread-1] INFO  storage.RaftStorageDirectory (RaftStorageDirectory.java:tryLock(328)) - Lock on /workdir/hadoop-ozone/integration-test/target/test-dir/MiniOzoneClusterImpl-2f79a7d3-d7ae-4963-8370-12bb1e2132d7/datanode-1/data/ratis/1758b356-e400-4656-a29e-5f924a8f8adb/in_use.lock acquired by nodename 17888@pr-hdds-1569-g6sp5-2013761785
2019-09-26 19:35:55,301 [pool-271-thread-1] INFO  storage.RaftStorage (RaftStorage.java:format(72)) - Storage directory /workdir/hadoop-ozone/integration-test/target/test-dir/MiniOzoneClusterImpl-2f79a7d3-d7ae-4963-8370-12bb1e2132d7/datanode-1/data/ratis/1758b356-e400-4656-a29e-5f924a8f8adb has been successfully formatted.
2019-09-26 19:35:55,301 [pool-271-thread-1] INFO  ratis.ContainerStateMachine (ContainerStateMachine.java:loadSnapshot(230)) - group-5F924A8F8ADB: The snapshot info is null. Setting the last applied indexto:(t:0, i:~)
2019-09-26 19:35:55,301 [pool-271-thread-1] INFO  server.RaftServerConfigKeys (ConfUtils.java:logGet(43)) - raft.server.notification.no-leader.timeout = 120s (custom)
2019-09-26 19:35:55,301 [pool-271-thread-1] INFO  server.RaftServerConfigKeys (ConfUtils.java:logGet(43)) - raft.server.log.use.memory = false (default)
2019-09-26 19:35:55,301 [pool-271-thread-1] INFO  server.RaftServerConfigKeys (ConfUtils.java:logGet(43)) - raft.server.log.purge.gap = 1000000 (custom)
2019-09-26 19:35:55,301 [pool-271-thread-1] INFO  server.RaftServerConfigKeys (ConfUtils.java:logGet(43)) - raft.server.log.appender.buffer.byte-limit = 33554432 (custom)
2019-09-26 19:35:55,301 [pool-271-thread-1] INFO  server.RaftServerConfigKeys (ConfUtils.java:logGet(43)) - raft.server.log.segment.size.max = 1048576 (custom)
2019-09-26 19:35:55,302 [pool-271-thread-1] INFO  server.RaftServerConfigKeys (ConfUtils.java:logGet(43)) - raft.server.log.segment.cache.num.max = 2 (custom)
2019-09-26 19:35:55,302 [pool-271-thread-1] INFO  segmented.SegmentedRaftLogWorker (SegmentedRaftLogWorker.java:<init>(172)) - new 728ea44c-f097-440a-a87e-c27a68d48f14@group-5F924A8F8ADB-SegmentedRaftLogWorker for RaftStorage:Storage Directory /workdir/hadoop-ozone/integration-test/target/test-dir/MiniOzoneClusterImpl-2f79a7d3-d7ae-4963-8370-12bb1e2132d7/datanode-1/data/ratis/1758b356-e400-4656-a29e-5f924a8f8adb
2019-09-26 19:35:55,302 [pool-271-thread-1] INFO  server.RaftServerConfigKeys (ConfUtils.java:logGet(43)) - raft.server.log.queue.byte-limit = 2147483647 (custom)
2019-09-26 19:35:55,302 [pool-271-thread-1] INFO  server.RaftServerConfigKeys (ConfUtils.java:logGet(43)) - raft.server.log.queue.element-limit = 1024 (custom)
2019-09-26 19:35:55,302 [pool-271-thread-1] INFO  server.RaftServerConfigKeys (ConfUtils.java:logGet(43)) - raft.server.log.segment.size.max = 1048576 (custom)
2019-09-26 19:35:55,302 [pool-271-thread-1] INFO  server.RaftServerConfigKeys (ConfUtils.java:logGet(43)) - raft.server.log.preallocated.size = 16384 (custom)
2019-09-26 19:35:55,302 [pool-271-thread-1] INFO  server.RaftServerConfigKeys (ConfUtils.java:logGet(43)) - raft.server.log.write.buffer.size = 33554432 (custom)
2019-09-26 19:35:55,302 [pool-271-thread-1] INFO  server.RaftServerConfigKeys (ConfUtils.java:logGet(43)) - raft.server.log.force.sync.num = 128 (default)
2019-09-26 19:35:55,302 [pool-271-thread-1] INFO  server.RaftServerConfigKeys (ConfUtils.java:logGet(43)) - raft.server.log.statemachine.data.sync = true (default)
2019-09-26 19:35:55,302 [pool-271-thread-1] INFO  server.RaftServerConfigKeys (ConfUtils.java:logGet(43)) - raft.server.log.statemachine.data.sync.timeout = 10s (default)
2019-09-26 19:35:55,302 [pool-271-thread-1] INFO  server.RaftServerConfigKeys (ConfUtils.java:logGet(43)) - raft.server.log.statemachine.data.sync.timeout.retry = -1 (default)
2019-09-26 19:35:55,303 [pool-271-thread-1] INFO  server.RaftServerConfigKeys (ConfUtils.java:logGet(43)) - raft.server.log.statemachine.data.caching.enabled = true (custom)
2019-09-26 19:35:55,303 [pool-271-thread-1] INFO  segmented.SegmentedRaftLogWorker (SegmentedRaftLogWorker.java:lambda$new$0(132)) - 728ea44c-f097-440a-a87e-c27a68d48f14@group-5F924A8F8ADB-SegmentedRaftLogWorker: flushIndex: setUnconditionally 0 -> -1
2019-09-26 19:35:55,303 [pool-271-thread-1] INFO  server.RaftServerConfigKeys (ConfUtils.java:logGet(43)) - raft.server.snapshot.auto.trigger.enabled = true (custom)
2019-09-26 19:35:55,303 [pool-271-thread-1] INFO  server.RaftServerConfigKeys (ConfUtils.java:logGet(43)) - raft.server.snapshot.auto.trigger.threshold = 10000 (custom)
2019-09-26 19:35:55,303 [pool-271-thread-1] INFO  server.RaftServerConfigKeys (ConfUtils.java:logGet(43)) - raft.server.snapshot.retention.num.files = 5 (custom)
2019-09-26 19:35:55,303 [pool-271-thread-1] INFO  server.RaftServerConfigKeys (ConfUtils.java:logGet(43)) - raft.server.retrycache.expirytime = 600000ms (custom)
2019-09-26 19:35:55,304 [pool-271-thread-1] INFO  impl.RaftServerImpl (RaftServerImpl.java:start(185)) - 728ea44c-f097-440a-a87e-c27a68d48f14@group-5F924A8F8ADB: start as a follower, conf=-1: [728ea44c-f097-440a-a87e-c27a68d48f14:192.168.151.99:38783], old=null
2019-09-26 19:35:55,304 [pool-271-thread-1] INFO  impl.RaftServerImpl (RaftServerImpl.java:setRole(174)) - 728ea44c-f097-440a-a87e-c27a68d48f14@group-5F924A8F8ADB: changes role from      null to FOLLOWER at term 0 for startAsFollower
2019-09-26 19:35:55,304 [pool-271-thread-1] INFO  impl.RoleInfo (RoleInfo.java:updateAndGet(143)) - 728ea44c-f097-440a-a87e-c27a68d48f14: start FollowerState
2019-09-26 19:35:55,304 [pool-271-thread-1] INFO  util.JmxRegister (JmxRegister.java:tryRegister(44)) - Successfully registered JMX Bean with object name Ratis:service=RaftServer,group=group-5F924A8F8ADB,id=728ea44c-f097-440a-a87e-c27a68d48f14
2019-09-26 19:35:55,305 [RatisPipelineUtilsThread] INFO  pipeline.PipelineStateManager (PipelineStateManager.java:addPipeline(56)) - Created pipeline Pipeline[ Id: 1758b356-e400-4656-a29e-5f924a8f8adb, Nodes: 728ea44c-f097-440a-a87e-c27a68d48f14{ip: 192.168.151.99, host: pr-hdds-1569-g6sp5-2013761785, networkLocation: /rack1, certSerialId: null}, Type:RATIS, Factor:ONE, State:OPEN]
2019-09-26 19:35:55,307 [grpc-default-executor-2] INFO  impl.RaftServerProxy (RaftServerProxy.java:addNew(89)) - 27cb48db-4b88-4c0c-b213-19f9b2fffaff: addNew group-606A4401418B:[27cb48db-4b88-4c0c-b213-19f9b2fffaff:192.168.151.99:37457] returns group-606A4401418B:java.util.concurrent.CompletableFuture@1225f0ab[Not completed]
2019-09-26 19:35:55,308 [pool-261-thread-1] INFO  impl.RaftServerImpl (RaftServerImpl.java:<init>(95)) - 27cb48db-4b88-4c0c-b213-19f9b2fffaff: new RaftServerImpl for group-606A4401418B:[27cb48db-4b88-4c0c-b213-19f9b2fffaff:192.168.151.99:37457] with ContainerStateMachine:uninitialized
2019-09-26 19:35:55,308 [pool-261-thread-1] INFO  server.RaftServerConfigKeys (ConfUtils.java:logGet(43)) - raft.server.rpc.timeout.min = 5s (custom)
2019-09-26 19:35:55,308 [pool-261-thread-1] INFO  server.RaftServerConfigKeys (ConfUtils.java:logGet(43)) - raft.server.rpc.timeout.max = 5200ms (custom)
2019-09-26 19:35:55,308 [pool-261-thread-1] INFO  server.RaftServerConfigKeys (ConfUtils.java:logGet(43)) - raft.server.rpcslowness.timeout = 120s (custom)
2019-09-26 19:35:55,308 [pool-261-thread-1] INFO  server.RaftServerConfigKeys (ConfUtils.java:logGet(43)) - raft.server.sleep.deviation.threshold = 300 (default)
2019-09-26 19:35:55,308 [pool-261-thread-1] INFO  server.RaftServerConfigKeys (ConfUtils.java:logGet(43)) - raft.server.log.appender.install.snapshot.enabled = false (custom)
2019-09-26 19:35:55,309 [pool-261-thread-1] INFO  impl.RaftServerImpl (ServerState.java:<init>(103)) - 27cb48db-4b88-4c0c-b213-19f9b2fffaff@group-606A4401418B: ConfigurationManager, init=-1: [27cb48db-4b88-4c0c-b213-19f9b2fffaff:192.168.151.99:37457], old=null, confs=<EMPTY_MAP>
2019-09-26 19:35:55,309 [pool-261-thread-1] INFO  server.RaftServerConfigKeys (ConfUtils.java:logGet(43)) - raft.server.storage.dir = [/workdir/hadoop-ozone/integration-test/target/test-dir/MiniOzoneClusterImpl-2f79a7d3-d7ae-4963-8370-12bb1e2132d7/datanode-0/data/ratis] (custom)
2019-09-26 19:35:55,309 [pool-261-thread-1] INFO  storage.RaftStorageDirectory (RaftStorageDirectory.java:analyzeStorage(246)) - The storage directory /workdir/hadoop-ozone/integration-test/target/test-dir/MiniOzoneClusterImpl-2f79a7d3-d7ae-4963-8370-12bb1e2132d7/datanode-0/data/ratis/2fef28dd-f9e3-48e7-9d42-606a4401418b does not exist. Creating ...
2019-09-26 19:35:55,322 [pool-261-thread-1] INFO  storage.RaftStorageDirectory (RaftStorageDirectory.java:tryLock(328)) - Lock on /workdir/hadoop-ozone/integration-test/target/test-dir/MiniOzoneClusterImpl-2f79a7d3-d7ae-4963-8370-12bb1e2132d7/datanode-0/data/ratis/2fef28dd-f9e3-48e7-9d42-606a4401418b/in_use.lock acquired by nodename 17888@pr-hdds-1569-g6sp5-2013761785
2019-09-26 19:35:55,325 [pool-261-thread-1] INFO  storage.RaftStorage (RaftStorage.java:format(72)) - Storage directory /workdir/hadoop-ozone/integration-test/target/test-dir/MiniOzoneClusterImpl-2f79a7d3-d7ae-4963-8370-12bb1e2132d7/datanode-0/data/ratis/2fef28dd-f9e3-48e7-9d42-606a4401418b has been successfully formatted.
2019-09-26 19:35:55,325 [pool-261-thread-1] INFO  ratis.ContainerStateMachine (ContainerStateMachine.java:loadSnapshot(230)) - group-606A4401418B: The snapshot info is null. Setting the last applied indexto:(t:0, i:~)
2019-09-26 19:35:55,325 [pool-261-thread-1] INFO  server.RaftServerConfigKeys (ConfUtils.java:logGet(43)) - raft.server.notification.no-leader.timeout = 120s (custom)
2019-09-26 19:35:55,325 [pool-261-thread-1] INFO  server.RaftServerConfigKeys (ConfUtils.java:logGet(43)) - raft.server.log.use.memory = false (default)
2019-09-26 19:35:55,325 [pool-261-thread-1] INFO  server.RaftServerConfigKeys (ConfUtils.java:logGet(43)) - raft.server.log.purge.gap = 1000000 (custom)
2019-09-26 19:35:55,325 [pool-261-thread-1] INFO  server.RaftServerConfigKeys (ConfUtils.java:logGet(43)) - raft.server.log.appender.buffer.byte-limit = 33554432 (custom)
2019-09-26 19:35:55,325 [pool-261-thread-1] INFO  server.RaftServerConfigKeys (ConfUtils.java:logGet(43)) - raft.server.log.segment.size.max = 1048576 (custom)
2019-09-26 19:35:55,325 [pool-261-thread-1] INFO  server.RaftServerConfigKeys (ConfUtils.java:logGet(43)) - raft.server.log.segment.cache.num.max = 2 (custom)
2019-09-26 19:35:55,325 [pool-261-thread-1] INFO  segmented.SegmentedRaftLogWorker (SegmentedRaftLogWorker.java:<init>(172)) - new 27cb48db-4b88-4c0c-b213-19f9b2fffaff@group-606A4401418B-SegmentedRaftLogWorker for RaftStorage:Storage Directory /workdir/hadoop-ozone/integration-test/target/test-dir/MiniOzoneClusterImpl-2f79a7d3-d7ae-4963-8370-12bb1e2132d7/datanode-0/data/ratis/2fef28dd-f9e3-48e7-9d42-606a4401418b
2019-09-26 19:35:55,326 [pool-261-thread-1] INFO  server.RaftServerConfigKeys (ConfUtils.java:logGet(43)) - raft.server.log.queue.byte-limit = 2147483647 (custom)
2019-09-26 19:35:55,326 [pool-261-thread-1] INFO  server.RaftServerConfigKeys (ConfUtils.java:logGet(43)) - raft.server.log.queue.element-limit = 1024 (custom)
2019-09-26 19:35:55,326 [pool-261-thread-1] INFO  server.RaftServerConfigKeys (ConfUtils.java:logGet(43)) - raft.server.log.segment.size.max = 1048576 (custom)
2019-09-26 19:35:55,326 [pool-261-thread-1] INFO  server.RaftServerConfigKeys (ConfUtils.java:logGet(43)) - raft.server.log.preallocated.size = 16384 (custom)
2019-09-26 19:35:55,326 [pool-261-thread-1] INFO  server.RaftServerConfigKeys (ConfUtils.java:logGet(43)) - raft.server.log.write.buffer.size = 33554432 (custom)
2019-09-26 19:35:55,326 [pool-261-thread-1] INFO  server.RaftServerConfigKeys (ConfUtils.java:logGet(43)) - raft.server.log.force.sync.num = 128 (default)
2019-09-26 19:35:55,326 [pool-261-thread-1] INFO  server.RaftServerConfigKeys (ConfUtils.java:logGet(43)) - raft.server.log.statemachine.data.sync = true (default)
2019-09-26 19:35:55,326 [pool-261-thread-1] INFO  server.RaftServerConfigKeys (ConfUtils.java:logGet(43)) - raft.server.log.statemachine.data.sync.timeout = 10s (default)
2019-09-26 19:35:55,326 [pool-261-thread-1] INFO  server.RaftServerConfigKeys (ConfUtils.java:logGet(43)) - raft.server.log.statemachine.data.sync.timeout.retry = -1 (default)
2019-09-26 19:35:55,326 [pool-261-thread-1] INFO  server.RaftServerConfigKeys (ConfUtils.java:logGet(43)) - raft.server.log.statemachine.data.caching.enabled = true (custom)
2019-09-26 19:35:55,326 [pool-261-thread-1] INFO  segmented.SegmentedRaftLogWorker (SegmentedRaftLogWorker.java:lambda$new$0(132)) - 27cb48db-4b88-4c0c-b213-19f9b2fffaff@group-606A4401418B-SegmentedRaftLogWorker: flushIndex: setUnconditionally 0 -> -1
2019-09-26 19:35:55,327 [pool-261-thread-1] INFO  server.RaftServerConfigKeys (ConfUtils.java:logGet(43)) - raft.server.snapshot.auto.trigger.enabled = true (custom)
2019-09-26 19:35:55,327 [pool-261-thread-1] INFO  server.RaftServerConfigKeys (ConfUtils.java:logGet(43)) - raft.server.snapshot.auto.trigger.threshold = 10000 (custom)
2019-09-26 19:35:55,327 [pool-261-thread-1] INFO  server.RaftServerConfigKeys (ConfUtils.java:logGet(43)) - raft.server.snapshot.retention.num.files = 5 (custom)
2019-09-26 19:35:55,327 [pool-261-thread-1] INFO  server.RaftServerConfigKeys (ConfUtils.java:logGet(43)) - raft.server.retrycache.expirytime = 600000ms (custom)
2019-09-26 19:35:55,328 [pool-261-thread-1] INFO  impl.RaftServerImpl (RaftServerImpl.java:start(185)) - 27cb48db-4b88-4c0c-b213-19f9b2fffaff@group-606A4401418B: start as a follower, conf=-1: [27cb48db-4b88-4c0c-b213-19f9b2fffaff:192.168.151.99:37457], old=null
2019-09-26 19:35:55,328 [pool-261-thread-1] INFO  impl.RaftServerImpl (RaftServerImpl.java:setRole(174)) - 27cb48db-4b88-4c0c-b213-19f9b2fffaff@group-606A4401418B: changes role from      null to FOLLOWER at term 0 for startAsFollower
2019-09-26 19:35:55,328 [pool-261-thread-1] INFO  impl.RoleInfo (RoleInfo.java:updateAndGet(143)) - 27cb48db-4b88-4c0c-b213-19f9b2fffaff: start FollowerState
2019-09-26 19:35:55,328 [pool-261-thread-1] INFO  util.JmxRegister (JmxRegister.java:tryRegister(44)) - Successfully registered JMX Bean with object name Ratis:service=RaftServer,group=group-606A4401418B,id=27cb48db-4b88-4c0c-b213-19f9b2fffaff
2019-09-26 19:35:55,329 [RatisPipelineUtilsThread] INFO  pipeline.PipelineStateManager (PipelineStateManager.java:addPipeline(56)) - Created pipeline Pipeline[ Id: 2fef28dd-f9e3-48e7-9d42-606a4401418b, Nodes: 27cb48db-4b88-4c0c-b213-19f9b2fffaff{ip: 192.168.151.99, host: pr-hdds-1569-g6sp5-2013761785, networkLocation: /rack1, certSerialId: null}, Type:RATIS, Factor:ONE, State:OPEN]
2019-09-26 19:35:55,331 [grpc-default-executor-2] INFO  impl.RaftServerProxy (RaftServerProxy.java:addNew(89)) - 27cb48db-4b88-4c0c-b213-19f9b2fffaff: addNew group-C17EB1A95973:[27cb48db-4b88-4c0c-b213-19f9b2fffaff:192.168.151.99:37457] returns group-C17EB1A95973:java.util.concurrent.CompletableFuture@5254012d[Not completed]
2019-09-26 19:35:55,331 [pool-261-thread-1] INFO  impl.RaftServerImpl (RaftServerImpl.java:<init>(95)) - 27cb48db-4b88-4c0c-b213-19f9b2fffaff: new RaftServerImpl for group-C17EB1A95973:[27cb48db-4b88-4c0c-b213-19f9b2fffaff:192.168.151.99:37457] with ContainerStateMachine:uninitialized
2019-09-26 19:35:55,331 [pool-261-thread-1] INFO  server.RaftServerConfigKeys (ConfUtils.java:logGet(43)) - raft.server.rpc.timeout.min = 5s (custom)
2019-09-26 19:35:55,331 [pool-261-thread-1] INFO  server.RaftServerConfigKeys (ConfUtils.java:logGet(43)) - raft.server.rpc.timeout.max = 5200ms (custom)
2019-09-26 19:35:55,332 [pool-261-thread-1] INFO  server.RaftServerConfigKeys (ConfUtils.java:logGet(43)) - raft.server.rpcslowness.timeout = 120s (custom)
2019-09-26 19:35:55,332 [pool-261-thread-1] INFO  server.RaftServerConfigKeys (ConfUtils.java:logGet(43)) - raft.server.sleep.deviation.threshold = 300 (default)
2019-09-26 19:35:55,332 [pool-261-thread-1] INFO  server.RaftServerConfigKeys (ConfUtils.java:logGet(43)) - raft.server.log.appender.install.snapshot.enabled = false (custom)
2019-09-26 19:35:55,332 [pool-261-thread-1] INFO  impl.RaftServerImpl (ServerState.java:<init>(103)) - 27cb48db-4b88-4c0c-b213-19f9b2fffaff@group-C17EB1A95973: ConfigurationManager, init=-1: [27cb48db-4b88-4c0c-b213-19f9b2fffaff:192.168.151.99:37457], old=null, confs=<EMPTY_MAP>
2019-09-26 19:35:55,332 [pool-261-thread-1] INFO  server.RaftServerConfigKeys (ConfUtils.java:logGet(43)) - raft.server.storage.dir = [/workdir/hadoop-ozone/integration-test/target/test-dir/MiniOzoneClusterImpl-2f79a7d3-d7ae-4963-8370-12bb1e2132d7/datanode-0/data/ratis] (custom)
2019-09-26 19:35:55,332 [pool-261-thread-1] INFO  storage.RaftStorageDirectory (RaftStorageDirectory.java:analyzeStorage(246)) - The storage directory /workdir/hadoop-ozone/integration-test/target/test-dir/MiniOzoneClusterImpl-2f79a7d3-d7ae-4963-8370-12bb1e2132d7/datanode-0/data/ratis/c58f1b48-04cf-4583-858c-c17eb1a95973 does not exist. Creating ...
2019-09-26 19:35:55,336 [pool-261-thread-1] INFO  storage.RaftStorageDirectory (RaftStorageDirectory.java:tryLock(328)) - Lock on /workdir/hadoop-ozone/integration-test/target/test-dir/MiniOzoneClusterImpl-2f79a7d3-d7ae-4963-8370-12bb1e2132d7/datanode-0/data/ratis/c58f1b48-04cf-4583-858c-c17eb1a95973/in_use.lock acquired by nodename 17888@pr-hdds-1569-g6sp5-2013761785
2019-09-26 19:35:55,339 [pool-261-thread-1] INFO  storage.RaftStorage (RaftStorage.java:format(72)) - Storage directory /workdir/hadoop-ozone/integration-test/target/test-dir/MiniOzoneClusterImpl-2f79a7d3-d7ae-4963-8370-12bb1e2132d7/datanode-0/data/ratis/c58f1b48-04cf-4583-858c-c17eb1a95973 has been successfully formatted.
2019-09-26 19:35:55,339 [pool-261-thread-1] INFO  ratis.ContainerStateMachine (ContainerStateMachine.java:loadSnapshot(230)) - group-C17EB1A95973: The snapshot info is null. Setting the last applied indexto:(t:0, i:~)
2019-09-26 19:35:55,339 [pool-261-thread-1] INFO  server.RaftServerConfigKeys (ConfUtils.java:logGet(43)) - raft.server.notification.no-leader.timeout = 120s (custom)
2019-09-26 19:35:55,339 [pool-261-thread-1] INFO  server.RaftServerConfigKeys (ConfUtils.java:logGet(43)) - raft.server.log.use.memory = false (default)
2019-09-26 19:35:55,340 [pool-261-thread-1] INFO  server.RaftServerConfigKeys (ConfUtils.java:logGet(43)) - raft.server.log.purge.gap = 1000000 (custom)
2019-09-26 19:35:55,340 [pool-261-thread-1] INFO  server.RaftServerConfigKeys (ConfUtils.java:logGet(43)) - raft.server.log.appender.buffer.byte-limit = 33554432 (custom)
2019-09-26 19:35:55,340 [pool-261-thread-1] INFO  server.RaftServerConfigKeys (ConfUtils.java:logGet(43)) - raft.server.log.segment.size.max = 1048576 (custom)
2019-09-26 19:35:55,340 [pool-261-thread-1] INFO  server.RaftServerConfigKeys (ConfUtils.java:logGet(43)) - raft.server.log.segment.cache.num.max = 2 (custom)
2019-09-26 19:35:55,340 [pool-261-thread-1] INFO  segmented.SegmentedRaftLogWorker (SegmentedRaftLogWorker.java:<init>(172)) - new 27cb48db-4b88-4c0c-b213-19f9b2fffaff@group-C17EB1A95973-SegmentedRaftLogWorker for RaftStorage:Storage Directory /workdir/hadoop-ozone/integration-test/target/test-dir/MiniOzoneClusterImpl-2f79a7d3-d7ae-4963-8370-12bb1e2132d7/datanode-0/data/ratis/c58f1b48-04cf-4583-858c-c17eb1a95973
2019-09-26 19:35:55,340 [pool-261-thread-1] INFO  server.RaftServerConfigKeys (ConfUtils.java:logGet(43)) - raft.server.log.queue.byte-limit = 2147483647 (custom)
2019-09-26 19:35:55,340 [pool-261-thread-1] INFO  server.RaftServerConfigKeys (ConfUtils.java:logGet(43)) - raft.server.log.queue.element-limit = 1024 (custom)
2019-09-26 19:35:55,340 [pool-261-thread-1] INFO  server.RaftServerConfigKeys (ConfUtils.java:logGet(43)) - raft.server.log.segment.size.max = 1048576 (custom)
2019-09-26 19:35:55,340 [pool-261-thread-1] INFO  server.RaftServerConfigKeys (ConfUtils.java:logGet(43)) - raft.server.log.preallocated.size = 16384 (custom)
2019-09-26 19:35:55,340 [pool-261-thread-1] INFO  server.RaftServerConfigKeys (ConfUtils.java:logGet(43)) - raft.server.log.write.buffer.size = 33554432 (custom)
2019-09-26 19:35:55,340 [pool-261-thread-1] INFO  server.RaftServerConfigKeys (ConfUtils.java:logGet(43)) - raft.server.log.force.sync.num = 128 (default)
2019-09-26 19:35:55,340 [pool-261-thread-1] INFO  server.RaftServerConfigKeys (ConfUtils.java:logGet(43)) - raft.server.log.statemachine.data.sync = true (default)
2019-09-26 19:35:55,340 [pool-261-thread-1] INFO  server.RaftServerConfigKeys (ConfUtils.java:logGet(43)) - raft.server.log.statemachine.data.sync.timeout = 10s (default)
2019-09-26 19:35:55,341 [pool-261-thread-1] INFO  server.RaftServerConfigKeys (ConfUtils.java:logGet(43)) - raft.server.log.statemachine.data.sync.timeout.retry = -1 (default)
2019-09-26 19:35:55,341 [pool-261-thread-1] INFO  server.RaftServerConfigKeys (ConfUtils.java:logGet(43)) - raft.server.log.statemachine.data.caching.enabled = true (custom)
2019-09-26 19:35:55,341 [pool-261-thread-1] INFO  segmented.SegmentedRaftLogWorker (SegmentedRaftLogWorker.java:lambda$new$0(132)) - 27cb48db-4b88-4c0c-b213-19f9b2fffaff@group-C17EB1A95973-SegmentedRaftLogWorker: flushIndex: setUnconditionally 0 -> -1
2019-09-26 19:35:55,341 [pool-261-thread-1] INFO  server.RaftServerConfigKeys (ConfUtils.java:logGet(43)) - raft.server.snapshot.auto.trigger.enabled = true (custom)
2019-09-26 19:35:55,341 [pool-261-thread-1] INFO  server.RaftServerConfigKeys (ConfUtils.java:logGet(43)) - raft.server.snapshot.auto.trigger.threshold = 10000 (custom)
2019-09-26 19:35:55,341 [pool-261-thread-1] INFO  server.RaftServerConfigKeys (ConfUtils.java:logGet(43)) - raft.server.snapshot.retention.num.files = 5 (custom)
2019-09-26 19:35:55,341 [pool-261-thread-1] INFO  server.RaftServerConfigKeys (ConfUtils.java:logGet(43)) - raft.server.retrycache.expirytime = 600000ms (custom)
2019-09-26 19:35:55,342 [pool-261-thread-1] INFO  impl.RaftServerImpl (RaftServerImpl.java:start(185)) - 27cb48db-4b88-4c0c-b213-19f9b2fffaff@group-C17EB1A95973: start as a follower, conf=-1: [27cb48db-4b88-4c0c-b213-19f9b2fffaff:192.168.151.99:37457], old=null
2019-09-26 19:35:55,342 [pool-261-thread-1] INFO  impl.RaftServerImpl (RaftServerImpl.java:setRole(174)) - 27cb48db-4b88-4c0c-b213-19f9b2fffaff@group-C17EB1A95973: changes role from      null to FOLLOWER at term 0 for startAsFollower
2019-09-26 19:35:55,342 [pool-261-thread-1] INFO  impl.RoleInfo (RoleInfo.java:updateAndGet(143)) - 27cb48db-4b88-4c0c-b213-19f9b2fffaff: start FollowerState
2019-09-26 19:35:55,343 [pool-261-thread-1] INFO  util.JmxRegister (JmxRegister.java:tryRegister(44)) - Successfully registered JMX Bean with object name Ratis:service=RaftServer,group=group-C17EB1A95973,id=27cb48db-4b88-4c0c-b213-19f9b2fffaff
2019-09-26 19:35:55,344 [RatisPipelineUtilsThread] INFO  pipeline.PipelineStateManager (PipelineStateManager.java:addPipeline(56)) - Created pipeline Pipeline[ Id: c58f1b48-04cf-4583-858c-c17eb1a95973, Nodes: 27cb48db-4b88-4c0c-b213-19f9b2fffaff{ip: 192.168.151.99, host: pr-hdds-1569-g6sp5-2013761785, networkLocation: /rack1, certSerialId: null}, Type:RATIS, Factor:ONE, State:OPEN]
2019-09-26 19:35:55,345 [grpc-default-executor-2] INFO  impl.RaftServerProxy (RaftServerProxy.java:addNew(89)) - 27cb48db-4b88-4c0c-b213-19f9b2fffaff: addNew group-2FE92788FEB6:[27cb48db-4b88-4c0c-b213-19f9b2fffaff:192.168.151.99:37457] returns group-2FE92788FEB6:java.util.concurrent.CompletableFuture@2379b921[Not completed]
2019-09-26 19:35:55,346 [pool-261-thread-1] INFO  impl.RaftServerImpl (RaftServerImpl.java:<init>(95)) - 27cb48db-4b88-4c0c-b213-19f9b2fffaff: new RaftServerImpl for group-2FE92788FEB6:[27cb48db-4b88-4c0c-b213-19f9b2fffaff:192.168.151.99:37457] with ContainerStateMachine:uninitialized
2019-09-26 19:35:55,346 [pool-261-thread-1] INFO  server.RaftServerConfigKeys (ConfUtils.java:logGet(43)) - raft.server.rpc.timeout.min = 5s (custom)
2019-09-26 19:35:55,346 [pool-261-thread-1] INFO  server.RaftServerConfigKeys (ConfUtils.java:logGet(43)) - raft.server.rpc.timeout.max = 5200ms (custom)
2019-09-26 19:35:55,346 [pool-261-thread-1] INFO  server.RaftServerConfigKeys (ConfUtils.java:logGet(43)) - raft.server.rpcslowness.timeout = 120s (custom)
2019-09-26 19:35:55,346 [pool-261-thread-1] INFO  server.RaftServerConfigKeys (ConfUtils.java:logGet(43)) - raft.server.sleep.deviation.threshold = 300 (default)
2019-09-26 19:35:55,346 [pool-261-thread-1] INFO  server.RaftServerConfigKeys (ConfUtils.java:logGet(43)) - raft.server.log.appender.install.snapshot.enabled = false (custom)
2019-09-26 19:35:55,346 [pool-261-thread-1] INFO  impl.RaftServerImpl (ServerState.java:<init>(103)) - 27cb48db-4b88-4c0c-b213-19f9b2fffaff@group-2FE92788FEB6: ConfigurationManager, init=-1: [27cb48db-4b88-4c0c-b213-19f9b2fffaff:192.168.151.99:37457], old=null, confs=<EMPTY_MAP>
2019-09-26 19:35:55,346 [pool-261-thread-1] INFO  server.RaftServerConfigKeys (ConfUtils.java:logGet(43)) - raft.server.storage.dir = [/workdir/hadoop-ozone/integration-test/target/test-dir/MiniOzoneClusterImpl-2f79a7d3-d7ae-4963-8370-12bb1e2132d7/datanode-0/data/ratis] (custom)
2019-09-26 19:35:55,346 [pool-261-thread-1] INFO  storage.RaftStorageDirectory (RaftStorageDirectory.java:analyzeStorage(246)) - The storage directory /workdir/hadoop-ozone/integration-test/target/test-dir/MiniOzoneClusterImpl-2f79a7d3-d7ae-4963-8370-12bb1e2132d7/datanode-0/data/ratis/bbaf3987-4a12-411d-9368-2fe92788feb6 does not exist. Creating ...
2019-09-26 19:35:55,350 [pool-261-thread-1] INFO  storage.RaftStorageDirectory (RaftStorageDirectory.java:tryLock(328)) - Lock on /workdir/hadoop-ozone/integration-test/target/test-dir/MiniOzoneClusterImpl-2f79a7d3-d7ae-4963-8370-12bb1e2132d7/datanode-0/data/ratis/bbaf3987-4a12-411d-9368-2fe92788feb6/in_use.lock acquired by nodename 17888@pr-hdds-1569-g6sp5-2013761785
2019-09-26 19:35:55,354 [pool-261-thread-1] INFO  storage.RaftStorage (RaftStorage.java:format(72)) - Storage directory /workdir/hadoop-ozone/integration-test/target/test-dir/MiniOzoneClusterImpl-2f79a7d3-d7ae-4963-8370-12bb1e2132d7/datanode-0/data/ratis/bbaf3987-4a12-411d-9368-2fe92788feb6 has been successfully formatted.
2019-09-26 19:35:55,354 [pool-261-thread-1] INFO  ratis.ContainerStateMachine (ContainerStateMachine.java:loadSnapshot(230)) - group-2FE92788FEB6: The snapshot info is null. Setting the last applied indexto:(t:0, i:~)
2019-09-26 19:35:55,354 [pool-261-thread-1] INFO  server.RaftServerConfigKeys (ConfUtils.java:logGet(43)) - raft.server.notification.no-leader.timeout = 120s (custom)
2019-09-26 19:35:55,354 [pool-261-thread-1] INFO  server.RaftServerConfigKeys (ConfUtils.java:logGet(43)) - raft.server.log.use.memory = false (default)
2019-09-26 19:35:55,354 [pool-261-thread-1] INFO  server.RaftServerConfigKeys (ConfUtils.java:logGet(43)) - raft.server.log.purge.gap = 1000000 (custom)
2019-09-26 19:35:55,354 [pool-261-thread-1] INFO  server.RaftServerConfigKeys (ConfUtils.java:logGet(43)) - raft.server.log.appender.buffer.byte-limit = 33554432 (custom)
2019-09-26 19:35:55,354 [pool-261-thread-1] INFO  server.RaftServerConfigKeys (ConfUtils.java:logGet(43)) - raft.server.log.segment.size.max = 1048576 (custom)
2019-09-26 19:35:55,354 [pool-261-thread-1] INFO  server.RaftServerConfigKeys (ConfUtils.java:logGet(43)) - raft.server.log.segment.cache.num.max = 2 (custom)
2019-09-26 19:35:55,355 [pool-261-thread-1] INFO  segmented.SegmentedRaftLogWorker (SegmentedRaftLogWorker.java:<init>(172)) - new 27cb48db-4b88-4c0c-b213-19f9b2fffaff@group-2FE92788FEB6-SegmentedRaftLogWorker for RaftStorage:Storage Directory /workdir/hadoop-ozone/integration-test/target/test-dir/MiniOzoneClusterImpl-2f79a7d3-d7ae-4963-8370-12bb1e2132d7/datanode-0/data/ratis/bbaf3987-4a12-411d-9368-2fe92788feb6
2019-09-26 19:35:55,355 [pool-261-thread-1] INFO  server.RaftServerConfigKeys (ConfUtils.java:logGet(43)) - raft.server.log.queue.byte-limit = 2147483647 (custom)
2019-09-26 19:35:55,355 [pool-261-thread-1] INFO  server.RaftServerConfigKeys (ConfUtils.java:logGet(43)) - raft.server.log.queue.element-limit = 1024 (custom)
2019-09-26 19:35:55,355 [pool-261-thread-1] INFO  server.RaftServerConfigKeys (ConfUtils.java:logGet(43)) - raft.server.log.segment.size.max = 1048576 (custom)
2019-09-26 19:35:55,355 [pool-261-thread-1] INFO  server.RaftServerConfigKeys (ConfUtils.java:logGet(43)) - raft.server.log.preallocated.size = 16384 (custom)
2019-09-26 19:35:55,355 [pool-261-thread-1] INFO  server.RaftServerConfigKeys (ConfUtils.java:logGet(43)) - raft.server.log.write.buffer.size = 33554432 (custom)
2019-09-26 19:35:55,355 [pool-261-thread-1] INFO  server.RaftServerConfigKeys (ConfUtils.java:logGet(43)) - raft.server.log.force.sync.num = 128 (default)
2019-09-26 19:35:55,355 [pool-261-thread-1] INFO  server.RaftServerConfigKeys (ConfUtils.java:logGet(43)) - raft.server.log.statemachine.data.sync = true (default)
2019-09-26 19:35:55,355 [pool-261-thread-1] INFO  server.RaftServerConfigKeys (ConfUtils.java:logGet(43)) - raft.server.log.statemachine.data.sync.timeout = 10s (default)
2019-09-26 19:35:55,355 [pool-261-thread-1] INFO  server.RaftServerConfigKeys (ConfUtils.java:logGet(43)) - raft.server.log.statemachine.data.sync.timeout.retry = -1 (default)
2019-09-26 19:35:55,355 [pool-261-thread-1] INFO  server.RaftServerConfigKeys (ConfUtils.java:logGet(43)) - raft.server.log.statemachine.data.caching.enabled = true (custom)
2019-09-26 19:35:55,355 [pool-261-thread-1] INFO  segmented.SegmentedRaftLogWorker (SegmentedRaftLogWorker.java:lambda$new$0(132)) - 27cb48db-4b88-4c0c-b213-19f9b2fffaff@group-2FE92788FEB6-SegmentedRaftLogWorker: flushIndex: setUnconditionally 0 -> -1
2019-09-26 19:35:55,356 [pool-261-thread-1] INFO  server.RaftServerConfigKeys (ConfUtils.java:logGet(43)) - raft.server.snapshot.auto.trigger.enabled = true (custom)
2019-09-26 19:35:55,356 [pool-261-thread-1] INFO  server.RaftServerConfigKeys (ConfUtils.java:logGet(43)) - raft.server.snapshot.auto.trigger.threshold = 10000 (custom)
2019-09-26 19:35:55,356 [pool-261-thread-1] INFO  server.RaftServerConfigKeys (ConfUtils.java:logGet(43)) - raft.server.snapshot.retention.num.files = 5 (custom)
2019-09-26 19:35:55,356 [pool-261-thread-1] INFO  server.RaftServerConfigKeys (ConfUtils.java:logGet(43)) - raft.server.retrycache.expirytime = 600000ms (custom)
2019-09-26 19:35:55,357 [pool-261-thread-1] INFO  impl.RaftServerImpl (RaftServerImpl.java:start(185)) - 27cb48db-4b88-4c0c-b213-19f9b2fffaff@group-2FE92788FEB6: start as a follower, conf=-1: [27cb48db-4b88-4c0c-b213-19f9b2fffaff:192.168.151.99:37457], old=null
2019-09-26 19:35:55,357 [pool-261-thread-1] INFO  impl.RaftServerImpl (RaftServerImpl.java:setRole(174)) - 27cb48db-4b88-4c0c-b213-19f9b2fffaff@group-2FE92788FEB6: changes role from      null to FOLLOWER at term 0 for startAsFollower
2019-09-26 19:35:55,357 [pool-261-thread-1] INFO  impl.RoleInfo (RoleInfo.java:updateAndGet(143)) - 27cb48db-4b88-4c0c-b213-19f9b2fffaff: start FollowerState
2019-09-26 19:35:55,357 [pool-261-thread-1] INFO  util.JmxRegister (JmxRegister.java:tryRegister(44)) - Successfully registered JMX Bean with object name Ratis:service=RaftServer,group=group-2FE92788FEB6,id=27cb48db-4b88-4c0c-b213-19f9b2fffaff
2019-09-26 19:35:55,358 [RatisPipelineUtilsThread] INFO  pipeline.PipelineStateManager (PipelineStateManager.java:addPipeline(56)) - Created pipeline Pipeline[ Id: bbaf3987-4a12-411d-9368-2fe92788feb6, Nodes: 27cb48db-4b88-4c0c-b213-19f9b2fffaff{ip: 192.168.151.99, host: pr-hdds-1569-g6sp5-2013761785, networkLocation: /rack1, certSerialId: null}, Type:RATIS, Factor:ONE, State:OPEN]
2019-09-26 19:35:55,360 [grpc-default-executor-2] INFO  impl.RaftServerProxy (RaftServerProxy.java:addNew(89)) - 27cb48db-4b88-4c0c-b213-19f9b2fffaff: addNew group-29622162AE5F:[27cb48db-4b88-4c0c-b213-19f9b2fffaff:192.168.151.99:37457] returns group-29622162AE5F:java.util.concurrent.CompletableFuture@7869547b[Not completed]
2019-09-26 19:35:55,360 [pool-261-thread-1] INFO  impl.RaftServerImpl (RaftServerImpl.java:<init>(95)) - 27cb48db-4b88-4c0c-b213-19f9b2fffaff: new RaftServerImpl for group-29622162AE5F:[27cb48db-4b88-4c0c-b213-19f9b2fffaff:192.168.151.99:37457] with ContainerStateMachine:uninitialized
2019-09-26 19:35:55,360 [pool-261-thread-1] INFO  server.RaftServerConfigKeys (ConfUtils.java:logGet(43)) - raft.server.rpc.timeout.min = 5s (custom)
2019-09-26 19:35:55,360 [pool-261-thread-1] INFO  server.RaftServerConfigKeys (ConfUtils.java:logGet(43)) - raft.server.rpc.timeout.max = 5200ms (custom)
2019-09-26 19:35:55,361 [pool-261-thread-1] INFO  server.RaftServerConfigKeys (ConfUtils.java:logGet(43)) - raft.server.rpcslowness.timeout = 120s (custom)
2019-09-26 19:35:55,361 [pool-261-thread-1] INFO  server.RaftServerConfigKeys (ConfUtils.java:logGet(43)) - raft.server.sleep.deviation.threshold = 300 (default)
2019-09-26 19:35:55,361 [pool-261-thread-1] INFO  server.RaftServerConfigKeys (ConfUtils.java:logGet(43)) - raft.server.log.appender.install.snapshot.enabled = false (custom)
2019-09-26 19:35:55,361 [pool-261-thread-1] INFO  impl.RaftServerImpl (ServerState.java:<init>(103)) - 27cb48db-4b88-4c0c-b213-19f9b2fffaff@group-29622162AE5F: ConfigurationManager, init=-1: [27cb48db-4b88-4c0c-b213-19f9b2fffaff:192.168.151.99:37457], old=null, confs=<EMPTY_MAP>
2019-09-26 19:35:55,361 [pool-261-thread-1] INFO  server.RaftServerConfigKeys (ConfUtils.java:logGet(43)) - raft.server.storage.dir = [/workdir/hadoop-ozone/integration-test/target/test-dir/MiniOzoneClusterImpl-2f79a7d3-d7ae-4963-8370-12bb1e2132d7/datanode-0/data/ratis] (custom)
2019-09-26 19:35:55,361 [pool-261-thread-1] INFO  storage.RaftStorageDirectory (RaftStorageDirectory.java:analyzeStorage(246)) - The storage directory /workdir/hadoop-ozone/integration-test/target/test-dir/MiniOzoneClusterImpl-2f79a7d3-d7ae-4963-8370-12bb1e2132d7/datanode-0/data/ratis/298b0123-b5f5-4741-b55e-29622162ae5f does not exist. Creating ...
2019-09-26 19:35:55,364 [pool-261-thread-1] INFO  storage.RaftStorageDirectory (RaftStorageDirectory.java:tryLock(328)) - Lock on /workdir/hadoop-ozone/integration-test/target/test-dir/MiniOzoneClusterImpl-2f79a7d3-d7ae-4963-8370-12bb1e2132d7/datanode-0/data/ratis/298b0123-b5f5-4741-b55e-29622162ae5f/in_use.lock acquired by nodename 17888@pr-hdds-1569-g6sp5-2013761785
2019-09-26 19:35:55,368 [pool-261-thread-1] INFO  storage.RaftStorage (RaftStorage.java:format(72)) - Storage directory /workdir/hadoop-ozone/integration-test/target/test-dir/MiniOzoneClusterImpl-2f79a7d3-d7ae-4963-8370-12bb1e2132d7/datanode-0/data/ratis/298b0123-b5f5-4741-b55e-29622162ae5f has been successfully formatted.
2019-09-26 19:35:55,368 [pool-261-thread-1] INFO  ratis.ContainerStateMachine (ContainerStateMachine.java:loadSnapshot(230)) - group-29622162AE5F: The snapshot info is null. Setting the last applied indexto:(t:0, i:~)
2019-09-26 19:35:55,368 [pool-261-thread-1] INFO  server.RaftServerConfigKeys (ConfUtils.java:logGet(43)) - raft.server.notification.no-leader.timeout = 120s (custom)
2019-09-26 19:35:55,368 [pool-261-thread-1] INFO  server.RaftServerConfigKeys (ConfUtils.java:logGet(43)) - raft.server.log.use.memory = false (default)
2019-09-26 19:35:55,368 [pool-261-thread-1] INFO  server.RaftServerConfigKeys (ConfUtils.java:logGet(43)) - raft.server.log.purge.gap = 1000000 (custom)
2019-09-26 19:35:55,368 [pool-261-thread-1] INFO  server.RaftServerConfigKeys (ConfUtils.java:logGet(43)) - raft.server.log.appender.buffer.byte-limit = 33554432 (custom)
2019-09-26 19:35:55,368 [pool-261-thread-1] INFO  server.RaftServerConfigKeys (ConfUtils.java:logGet(43)) - raft.server.log.segment.size.max = 1048576 (custom)
2019-09-26 19:35:55,368 [pool-261-thread-1] INFO  server.RaftServerConfigKeys (ConfUtils.java:logGet(43)) - raft.server.log.segment.cache.num.max = 2 (custom)
2019-09-26 19:35:55,368 [pool-261-thread-1] INFO  segmented.SegmentedRaftLogWorker (SegmentedRaftLogWorker.java:<init>(172)) - new 27cb48db-4b88-4c0c-b213-19f9b2fffaff@group-29622162AE5F-SegmentedRaftLogWorker for RaftStorage:Storage Directory /workdir/hadoop-ozone/integration-test/target/test-dir/MiniOzoneClusterImpl-2f79a7d3-d7ae-4963-8370-12bb1e2132d7/datanode-0/data/ratis/298b0123-b5f5-4741-b55e-29622162ae5f
2019-09-26 19:35:55,368 [pool-261-thread-1] INFO  server.RaftServerConfigKeys (ConfUtils.java:logGet(43)) - raft.server.log.queue.byte-limit = 2147483647 (custom)
2019-09-26 19:35:55,369 [pool-261-thread-1] INFO  server.RaftServerConfigKeys (ConfUtils.java:logGet(43)) - raft.server.log.queue.element-limit = 1024 (custom)
2019-09-26 19:35:55,369 [pool-261-thread-1] INFO  server.RaftServerConfigKeys (ConfUtils.java:logGet(43)) - raft.server.log.segment.size.max = 1048576 (custom)
2019-09-26 19:35:55,369 [pool-261-thread-1] INFO  server.RaftServerConfigKeys (ConfUtils.java:logGet(43)) - raft.server.log.preallocated.size = 16384 (custom)
2019-09-26 19:35:55,369 [pool-261-thread-1] INFO  server.RaftServerConfigKeys (ConfUtils.java:logGet(43)) - raft.server.log.write.buffer.size = 33554432 (custom)
2019-09-26 19:35:55,369 [pool-261-thread-1] INFO  server.RaftServerConfigKeys (ConfUtils.java:logGet(43)) - raft.server.log.force.sync.num = 128 (default)
2019-09-26 19:35:55,369 [pool-261-thread-1] INFO  server.RaftServerConfigKeys (ConfUtils.java:logGet(43)) - raft.server.log.statemachine.data.sync = true (default)
2019-09-26 19:35:55,369 [pool-261-thread-1] INFO  server.RaftServerConfigKeys (ConfUtils.java:logGet(43)) - raft.server.log.statemachine.data.sync.timeout = 10s (default)
2019-09-26 19:35:55,369 [pool-261-thread-1] INFO  server.RaftServerConfigKeys (ConfUtils.java:logGet(43)) - raft.server.log.statemachine.data.sync.timeout.retry = -1 (default)
2019-09-26 19:35:55,369 [pool-261-thread-1] INFO  server.RaftServerConfigKeys (ConfUtils.java:logGet(43)) - raft.server.log.statemachine.data.caching.enabled = true (custom)
2019-09-26 19:35:55,369 [pool-261-thread-1] INFO  segmented.SegmentedRaftLogWorker (SegmentedRaftLogWorker.java:lambda$new$0(132)) - 27cb48db-4b88-4c0c-b213-19f9b2fffaff@group-29622162AE5F-SegmentedRaftLogWorker: flushIndex: setUnconditionally 0 -> -1
2019-09-26 19:35:55,369 [pool-261-thread-1] INFO  server.RaftServerConfigKeys (ConfUtils.java:logGet(43)) - raft.server.snapshot.auto.trigger.enabled = true (custom)
2019-09-26 19:35:55,370 [pool-261-thread-1] INFO  server.RaftServerConfigKeys (ConfUtils.java:logGet(43)) - raft.server.snapshot.auto.trigger.threshold = 10000 (custom)
2019-09-26 19:35:55,370 [pool-261-thread-1] INFO  server.RaftServerConfigKeys (ConfUtils.java:logGet(43)) - raft.server.snapshot.retention.num.files = 5 (custom)
2019-09-26 19:35:55,370 [pool-261-thread-1] INFO  server.RaftServerConfigKeys (ConfUtils.java:logGet(43)) - raft.server.retrycache.expirytime = 600000ms (custom)
2019-09-26 19:35:55,371 [pool-261-thread-1] INFO  impl.RaftServerImpl (RaftServerImpl.java:start(185)) - 27cb48db-4b88-4c0c-b213-19f9b2fffaff@group-29622162AE5F: start as a follower, conf=-1: [27cb48db-4b88-4c0c-b213-19f9b2fffaff:192.168.151.99:37457], old=null
2019-09-26 19:35:55,371 [pool-261-thread-1] INFO  impl.RaftServerImpl (RaftServerImpl.java:setRole(174)) - 27cb48db-4b88-4c0c-b213-19f9b2fffaff@group-29622162AE5F: changes role from      null to FOLLOWER at term 0 for startAsFollower
2019-09-26 19:35:55,371 [pool-261-thread-1] INFO  impl.RoleInfo (RoleInfo.java:updateAndGet(143)) - 27cb48db-4b88-4c0c-b213-19f9b2fffaff: start FollowerState
2019-09-26 19:35:55,371 [pool-261-thread-1] INFO  util.JmxRegister (JmxRegister.java:tryRegister(44)) - Successfully registered JMX Bean with object name Ratis:service=RaftServer,group=group-29622162AE5F,id=27cb48db-4b88-4c0c-b213-19f9b2fffaff
2019-09-26 19:35:55,372 [RatisPipelineUtilsThread] INFO  pipeline.PipelineStateManager (PipelineStateManager.java:addPipeline(56)) - Created pipeline Pipeline[ Id: 298b0123-b5f5-4741-b55e-29622162ae5f, Nodes: 27cb48db-4b88-4c0c-b213-19f9b2fffaff{ip: 192.168.151.99, host: pr-hdds-1569-g6sp5-2013761785, networkLocation: /rack1, certSerialId: null}, Type:RATIS, Factor:ONE, State:OPEN]
2019-09-26 19:35:55,374 [grpc-default-executor-2] INFO  impl.RaftServerProxy (RaftServerProxy.java:addNew(89)) - 728ea44c-f097-440a-a87e-c27a68d48f14: addNew group-1ED449F189BF:[728ea44c-f097-440a-a87e-c27a68d48f14:192.168.151.99:38783] returns group-1ED449F189BF:java.util.concurrent.CompletableFuture@2dffe3ae[Not completed]
2019-09-26 19:35:55,374 [pool-271-thread-1] INFO  impl.RaftServerImpl (RaftServerImpl.java:<init>(95)) - 728ea44c-f097-440a-a87e-c27a68d48f14: new RaftServerImpl for group-1ED449F189BF:[728ea44c-f097-440a-a87e-c27a68d48f14:192.168.151.99:38783] with ContainerStateMachine:uninitialized
2019-09-26 19:35:55,375 [pool-271-thread-1] INFO  server.RaftServerConfigKeys (ConfUtils.java:logGet(43)) - raft.server.rpc.timeout.min = 5s (custom)
2019-09-26 19:35:55,375 [pool-271-thread-1] INFO  server.RaftServerConfigKeys (ConfUtils.java:logGet(43)) - raft.server.rpc.timeout.max = 5200ms (custom)
2019-09-26 19:35:55,375 [pool-271-thread-1] INFO  server.RaftServerConfigKeys (ConfUtils.java:logGet(43)) - raft.server.rpcslowness.timeout = 120s (custom)
2019-09-26 19:35:55,375 [pool-271-thread-1] INFO  server.RaftServerConfigKeys (ConfUtils.java:logGet(43)) - raft.server.sleep.deviation.threshold = 300 (default)
2019-09-26 19:35:55,375 [pool-271-thread-1] INFO  server.RaftServerConfigKeys (ConfUtils.java:logGet(43)) - raft.server.log.appender.install.snapshot.enabled = false (custom)
2019-09-26 19:35:55,375 [pool-271-thread-1] INFO  impl.RaftServerImpl (ServerState.java:<init>(103)) - 728ea44c-f097-440a-a87e-c27a68d48f14@group-1ED449F189BF: ConfigurationManager, init=-1: [728ea44c-f097-440a-a87e-c27a68d48f14:192.168.151.99:38783], old=null, confs=<EMPTY_MAP>
2019-09-26 19:35:55,375 [pool-271-thread-1] INFO  server.RaftServerConfigKeys (ConfUtils.java:logGet(43)) - raft.server.storage.dir = [/workdir/hadoop-ozone/integration-test/target/test-dir/MiniOzoneClusterImpl-2f79a7d3-d7ae-4963-8370-12bb1e2132d7/datanode-1/data/ratis] (custom)
2019-09-26 19:35:55,376 [pool-271-thread-1] INFO  storage.RaftStorageDirectory (RaftStorageDirectory.java:analyzeStorage(246)) - The storage directory /workdir/hadoop-ozone/integration-test/target/test-dir/MiniOzoneClusterImpl-2f79a7d3-d7ae-4963-8370-12bb1e2132d7/datanode-1/data/ratis/7cc4c8b7-4556-417b-9333-1ed449f189bf does not exist. Creating ...
2019-09-26 19:35:55,400 [pool-271-thread-1] INFO  storage.RaftStorageDirectory (RaftStorageDirectory.java:tryLock(328)) - Lock on /workdir/hadoop-ozone/integration-test/target/test-dir/MiniOzoneClusterImpl-2f79a7d3-d7ae-4963-8370-12bb1e2132d7/datanode-1/data/ratis/7cc4c8b7-4556-417b-9333-1ed449f189bf/in_use.lock acquired by nodename 17888@pr-hdds-1569-g6sp5-2013761785
2019-09-26 19:35:55,419 [pool-271-thread-1] INFO  storage.RaftStorage (RaftStorage.java:format(72)) - Storage directory /workdir/hadoop-ozone/integration-test/target/test-dir/MiniOzoneClusterImpl-2f79a7d3-d7ae-4963-8370-12bb1e2132d7/datanode-1/data/ratis/7cc4c8b7-4556-417b-9333-1ed449f189bf has been successfully formatted.
2019-09-26 19:35:55,419 [pool-271-thread-1] INFO  ratis.ContainerStateMachine (ContainerStateMachine.java:loadSnapshot(230)) - group-1ED449F189BF: The snapshot info is null. Setting the last applied indexto:(t:0, i:~)
2019-09-26 19:35:55,419 [pool-271-thread-1] INFO  server.RaftServerConfigKeys (ConfUtils.java:logGet(43)) - raft.server.notification.no-leader.timeout = 120s (custom)
2019-09-26 19:35:55,419 [pool-271-thread-1] INFO  server.RaftServerConfigKeys (ConfUtils.java:logGet(43)) - raft.server.log.use.memory = false (default)
2019-09-26 19:35:55,420 [pool-271-thread-1] INFO  server.RaftServerConfigKeys (ConfUtils.java:logGet(43)) - raft.server.log.purge.gap = 1000000 (custom)
2019-09-26 19:35:55,420 [pool-271-thread-1] INFO  server.RaftServerConfigKeys (ConfUtils.java:logGet(43)) - raft.server.log.appender.buffer.byte-limit = 33554432 (custom)
2019-09-26 19:35:55,420 [pool-271-thread-1] INFO  server.RaftServerConfigKeys (ConfUtils.java:logGet(43)) - raft.server.log.segment.size.max = 1048576 (custom)
2019-09-26 19:35:55,420 [pool-271-thread-1] INFO  server.RaftServerConfigKeys (ConfUtils.java:logGet(43)) - raft.server.log.segment.cache.num.max = 2 (custom)
2019-09-26 19:35:55,420 [pool-271-thread-1] INFO  segmented.SegmentedRaftLogWorker (SegmentedRaftLogWorker.java:<init>(172)) - new 728ea44c-f097-440a-a87e-c27a68d48f14@group-1ED449F189BF-SegmentedRaftLogWorker for RaftStorage:Storage Directory /workdir/hadoop-ozone/integration-test/target/test-dir/MiniOzoneClusterImpl-2f79a7d3-d7ae-4963-8370-12bb1e2132d7/datanode-1/data/ratis/7cc4c8b7-4556-417b-9333-1ed449f189bf
2019-09-26 19:35:55,420 [pool-271-thread-1] INFO  server.RaftServerConfigKeys (ConfUtils.java:logGet(43)) - raft.server.log.queue.byte-limit = 2147483647 (custom)
2019-09-26 19:35:55,420 [pool-271-thread-1] INFO  server.RaftServerConfigKeys (ConfUtils.java:logGet(43)) - raft.server.log.queue.element-limit = 1024 (custom)
2019-09-26 19:35:55,420 [pool-271-thread-1] INFO  server.RaftServerConfigKeys (ConfUtils.java:logGet(43)) - raft.server.log.segment.size.max = 1048576 (custom)
2019-09-26 19:35:55,421 [pool-271-thread-1] INFO  server.RaftServerConfigKeys (ConfUtils.java:logGet(43)) - raft.server.log.preallocated.size = 16384 (custom)
2019-09-26 19:35:55,421 [pool-271-thread-1] INFO  server.RaftServerConfigKeys (ConfUtils.java:logGet(43)) - raft.server.log.write.buffer.size = 33554432 (custom)
2019-09-26 19:35:55,421 [pool-271-thread-1] INFO  server.RaftServerConfigKeys (ConfUtils.java:logGet(43)) - raft.server.log.force.sync.num = 128 (default)
2019-09-26 19:35:55,421 [pool-271-thread-1] INFO  server.RaftServerConfigKeys (ConfUtils.java:logGet(43)) - raft.server.log.statemachine.data.sync = true (default)
2019-09-26 19:35:55,421 [pool-271-thread-1] INFO  server.RaftServerConfigKeys (ConfUtils.java:logGet(43)) - raft.server.log.statemachine.data.sync.timeout = 10s (default)
2019-09-26 19:35:55,421 [pool-271-thread-1] INFO  server.RaftServerConfigKeys (ConfUtils.java:logGet(43)) - raft.server.log.statemachine.data.sync.timeout.retry = -1 (default)
2019-09-26 19:35:55,421 [pool-271-thread-1] INFO  server.RaftServerConfigKeys (ConfUtils.java:logGet(43)) - raft.server.log.statemachine.data.caching.enabled = true (custom)
2019-09-26 19:35:55,422 [pool-271-thread-1] INFO  segmented.SegmentedRaftLogWorker (SegmentedRaftLogWorker.java:lambda$new$0(132)) - 728ea44c-f097-440a-a87e-c27a68d48f14@group-1ED449F189BF-SegmentedRaftLogWorker: flushIndex: setUnconditionally 0 -> -1
2019-09-26 19:35:55,422 [pool-271-thread-1] INFO  server.RaftServerConfigKeys (ConfUtils.java:logGet(43)) - raft.server.snapshot.auto.trigger.enabled = true (custom)
2019-09-26 19:35:55,422 [pool-271-thread-1] INFO  server.RaftServerConfigKeys (ConfUtils.java:logGet(43)) - raft.server.snapshot.auto.trigger.threshold = 10000 (custom)
2019-09-26 19:35:55,422 [pool-271-thread-1] INFO  server.RaftServerConfigKeys (ConfUtils.java:logGet(43)) - raft.server.snapshot.retention.num.files = 5 (custom)
2019-09-26 19:35:55,422 [pool-271-thread-1] INFO  server.RaftServerConfigKeys (ConfUtils.java:logGet(43)) - raft.server.retrycache.expirytime = 600000ms (custom)
2019-09-26 19:35:55,424 [pool-271-thread-1] INFO  impl.RaftServerImpl (RaftServerImpl.java:start(185)) - 728ea44c-f097-440a-a87e-c27a68d48f14@group-1ED449F189BF: start as a follower, conf=-1: [728ea44c-f097-440a-a87e-c27a68d48f14:192.168.151.99:38783], old=null
2019-09-26 19:35:55,424 [pool-271-thread-1] INFO  impl.RaftServerImpl (RaftServerImpl.java:setRole(174)) - 728ea44c-f097-440a-a87e-c27a68d48f14@group-1ED449F189BF: changes role from      null to FOLLOWER at term 0 for startAsFollower
2019-09-26 19:35:55,424 [pool-271-thread-1] INFO  impl.RoleInfo (RoleInfo.java:updateAndGet(143)) - 728ea44c-f097-440a-a87e-c27a68d48f14: start FollowerState
2019-09-26 19:35:55,424 [pool-271-thread-1] INFO  util.JmxRegister (JmxRegister.java:tryRegister(44)) - Successfully registered JMX Bean with object name Ratis:service=RaftServer,group=group-1ED449F189BF,id=728ea44c-f097-440a-a87e-c27a68d48f14
2019-09-26 19:35:55,425 [RatisPipelineUtilsThread] INFO  pipeline.PipelineStateManager (PipelineStateManager.java:addPipeline(56)) - Created pipeline Pipeline[ Id: 7cc4c8b7-4556-417b-9333-1ed449f189bf, Nodes: 728ea44c-f097-440a-a87e-c27a68d48f14{ip: 192.168.151.99, host: pr-hdds-1569-g6sp5-2013761785, networkLocation: /rack1, certSerialId: null}, Type:RATIS, Factor:ONE, State:OPEN]
2019-09-26 19:35:55,427 [grpc-default-executor-2] INFO  impl.RaftServerProxy (RaftServerProxy.java:addNew(89)) - 99aa1396-69c4-4985-9b2a-20430cc4a0a7: addNew group-0F0EA66DDF60:[99aa1396-69c4-4985-9b2a-20430cc4a0a7:192.168.151.99:40213] returns group-0F0EA66DDF60:java.util.concurrent.CompletableFuture@26f3b6c9[Not completed]
2019-09-26 19:35:55,428 [pool-281-thread-1] INFO  impl.RaftServerImpl (RaftServerImpl.java:<init>(95)) - 99aa1396-69c4-4985-9b2a-20430cc4a0a7: new RaftServerImpl for group-0F0EA66DDF60:[99aa1396-69c4-4985-9b2a-20430cc4a0a7:192.168.151.99:40213] with ContainerStateMachine:uninitialized
2019-09-26 19:35:55,428 [pool-281-thread-1] INFO  server.RaftServerConfigKeys (ConfUtils.java:logGet(43)) - raft.server.rpc.timeout.min = 5s (custom)
2019-09-26 19:35:55,428 [pool-281-thread-1] INFO  server.RaftServerConfigKeys (ConfUtils.java:logGet(43)) - raft.server.rpc.timeout.max = 5200ms (custom)
2019-09-26 19:35:55,428 [pool-281-thread-1] INFO  server.RaftServerConfigKeys (ConfUtils.java:logGet(43)) - raft.server.rpcslowness.timeout = 120s (custom)
2019-09-26 19:35:55,428 [pool-281-thread-1] INFO  server.RaftServerConfigKeys (ConfUtils.java:logGet(43)) - raft.server.sleep.deviation.threshold = 300 (default)
2019-09-26 19:35:55,428 [pool-281-thread-1] INFO  server.RaftServerConfigKeys (ConfUtils.java:logGet(43)) - raft.server.log.appender.install.snapshot.enabled = false (custom)
2019-09-26 19:35:55,429 [pool-281-thread-1] INFO  impl.RaftServerImpl (ServerState.java:<init>(103)) - 99aa1396-69c4-4985-9b2a-20430cc4a0a7@group-0F0EA66DDF60: ConfigurationManager, init=-1: [99aa1396-69c4-4985-9b2a-20430cc4a0a7:192.168.151.99:40213], old=null, confs=<EMPTY_MAP>
2019-09-26 19:35:55,429 [pool-281-thread-1] INFO  server.RaftServerConfigKeys (ConfUtils.java:logGet(43)) - raft.server.storage.dir = [/workdir/hadoop-ozone/integration-test/target/test-dir/MiniOzoneClusterImpl-2f79a7d3-d7ae-4963-8370-12bb1e2132d7/datanode-2/data/ratis] (custom)
2019-09-26 19:35:55,429 [pool-281-thread-1] INFO  storage.RaftStorageDirectory (RaftStorageDirectory.java:analyzeStorage(246)) - The storage directory /workdir/hadoop-ozone/integration-test/target/test-dir/MiniOzoneClusterImpl-2f79a7d3-d7ae-4963-8370-12bb1e2132d7/datanode-2/data/ratis/37e34437-fe3f-44e4-8210-0f0ea66ddf60 does not exist. Creating ...
2019-09-26 19:35:55,442 [pool-281-thread-1] INFO  storage.RaftStorageDirectory (RaftStorageDirectory.java:tryLock(328)) - Lock on /workdir/hadoop-ozone/integration-test/target/test-dir/MiniOzoneClusterImpl-2f79a7d3-d7ae-4963-8370-12bb1e2132d7/datanode-2/data/ratis/37e34437-fe3f-44e4-8210-0f0ea66ddf60/in_use.lock acquired by nodename 17888@pr-hdds-1569-g6sp5-2013761785
2019-09-26 19:35:55,455 [pool-281-thread-1] INFO  storage.RaftStorage (RaftStorage.java:format(72)) - Storage directory /workdir/hadoop-ozone/integration-test/target/test-dir/MiniOzoneClusterImpl-2f79a7d3-d7ae-4963-8370-12bb1e2132d7/datanode-2/data/ratis/37e34437-fe3f-44e4-8210-0f0ea66ddf60 has been successfully formatted.
2019-09-26 19:35:55,456 [pool-281-thread-1] INFO  ratis.ContainerStateMachine (ContainerStateMachine.java:loadSnapshot(230)) - group-0F0EA66DDF60: The snapshot info is null. Setting the last applied indexto:(t:0, i:~)
2019-09-26 19:35:55,456 [pool-281-thread-1] INFO  server.RaftServerConfigKeys (ConfUtils.java:logGet(43)) - raft.server.notification.no-leader.timeout = 120s (custom)
2019-09-26 19:35:55,456 [pool-281-thread-1] INFO  server.RaftServerConfigKeys (ConfUtils.java:logGet(43)) - raft.server.log.use.memory = false (default)
2019-09-26 19:35:55,456 [pool-281-thread-1] INFO  server.RaftServerConfigKeys (ConfUtils.java:logGet(43)) - raft.server.log.purge.gap = 1000000 (custom)
2019-09-26 19:35:55,456 [pool-281-thread-1] INFO  server.RaftServerConfigKeys (ConfUtils.java:logGet(43)) - raft.server.log.appender.buffer.byte-limit = 33554432 (custom)
2019-09-26 19:35:55,456 [pool-281-thread-1] INFO  server.RaftServerConfigKeys (ConfUtils.java:logGet(43)) - raft.server.log.segment.size.max = 1048576 (custom)
2019-09-26 19:35:55,456 [pool-281-thread-1] INFO  server.RaftServerConfigKeys (ConfUtils.java:logGet(43)) - raft.server.log.segment.cache.num.max = 2 (custom)
2019-09-26 19:35:55,456 [pool-281-thread-1] INFO  segmented.SegmentedRaftLogWorker (SegmentedRaftLogWorker.java:<init>(172)) - new 99aa1396-69c4-4985-9b2a-20430cc4a0a7@group-0F0EA66DDF60-SegmentedRaftLogWorker for RaftStorage:Storage Directory /workdir/hadoop-ozone/integration-test/target/test-dir/MiniOzoneClusterImpl-2f79a7d3-d7ae-4963-8370-12bb1e2132d7/datanode-2/data/ratis/37e34437-fe3f-44e4-8210-0f0ea66ddf60
2019-09-26 19:35:55,456 [pool-281-thread-1] INFO  server.RaftServerConfigKeys (ConfUtils.java:logGet(43)) - raft.server.log.queue.byte-limit = 2147483647 (custom)
2019-09-26 19:35:55,457 [pool-281-thread-1] INFO  server.RaftServerConfigKeys (ConfUtils.java:logGet(43)) - raft.server.log.queue.element-limit = 1024 (custom)
2019-09-26 19:35:55,457 [pool-281-thread-1] INFO  server.RaftServerConfigKeys (ConfUtils.java:logGet(43)) - raft.server.log.segment.size.max = 1048576 (custom)
2019-09-26 19:35:55,457 [pool-281-thread-1] INFO  server.RaftServerConfigKeys (ConfUtils.java:logGet(43)) - raft.server.log.preallocated.size = 16384 (custom)
2019-09-26 19:35:55,457 [pool-281-thread-1] INFO  server.RaftServerConfigKeys (ConfUtils.java:logGet(43)) - raft.server.log.write.buffer.size = 33554432 (custom)
2019-09-26 19:35:55,457 [pool-281-thread-1] INFO  server.RaftServerConfigKeys (ConfUtils.java:logGet(43)) - raft.server.log.force.sync.num = 128 (default)
2019-09-26 19:35:55,457 [pool-281-thread-1] INFO  server.RaftServerConfigKeys (ConfUtils.java:logGet(43)) - raft.server.log.statemachine.data.sync = true (default)
2019-09-26 19:35:55,457 [pool-281-thread-1] INFO  server.RaftServerConfigKeys (ConfUtils.java:logGet(43)) - raft.server.log.statemachine.data.sync.timeout = 10s (default)
2019-09-26 19:35:55,457 [pool-281-thread-1] INFO  server.RaftServerConfigKeys (ConfUtils.java:logGet(43)) - raft.server.log.statemachine.data.sync.timeout.retry = -1 (default)
2019-09-26 19:35:55,457 [pool-281-thread-1] INFO  server.RaftServerConfigKeys (ConfUtils.java:logGet(43)) - raft.server.log.statemachine.data.caching.enabled = true (custom)
2019-09-26 19:35:55,458 [pool-281-thread-1] INFO  segmented.SegmentedRaftLogWorker (SegmentedRaftLogWorker.java:lambda$new$0(132)) - 99aa1396-69c4-4985-9b2a-20430cc4a0a7@group-0F0EA66DDF60-SegmentedRaftLogWorker: flushIndex: setUnconditionally 0 -> -1
2019-09-26 19:35:55,458 [pool-281-thread-1] INFO  server.RaftServerConfigKeys (ConfUtils.java:logGet(43)) - raft.server.snapshot.auto.trigger.enabled = true (custom)
2019-09-26 19:35:55,458 [pool-281-thread-1] INFO  server.RaftServerConfigKeys (ConfUtils.java:logGet(43)) - raft.server.snapshot.auto.trigger.threshold = 10000 (custom)
2019-09-26 19:35:55,458 [pool-281-thread-1] INFO  server.RaftServerConfigKeys (ConfUtils.java:logGet(43)) - raft.server.snapshot.retention.num.files = 5 (custom)
2019-09-26 19:35:55,458 [pool-281-thread-1] INFO  server.RaftServerConfigKeys (ConfUtils.java:logGet(43)) - raft.server.retrycache.expirytime = 600000ms (custom)
2019-09-26 19:35:55,459 [pool-281-thread-1] INFO  impl.RaftServerImpl (RaftServerImpl.java:start(185)) - 99aa1396-69c4-4985-9b2a-20430cc4a0a7@group-0F0EA66DDF60: start as a follower, conf=-1: [99aa1396-69c4-4985-9b2a-20430cc4a0a7:192.168.151.99:40213], old=null
2019-09-26 19:35:55,459 [pool-281-thread-1] INFO  impl.RaftServerImpl (RaftServerImpl.java:setRole(174)) - 99aa1396-69c4-4985-9b2a-20430cc4a0a7@group-0F0EA66DDF60: changes role from      null to FOLLOWER at term 0 for startAsFollower
2019-09-26 19:35:55,459 [pool-281-thread-1] INFO  impl.RoleInfo (RoleInfo.java:updateAndGet(143)) - 99aa1396-69c4-4985-9b2a-20430cc4a0a7: start FollowerState
2019-09-26 19:35:55,460 [pool-281-thread-1] INFO  util.JmxRegister (JmxRegister.java:tryRegister(44)) - Successfully registered JMX Bean with object name Ratis:service=RaftServer,group=group-0F0EA66DDF60,id=99aa1396-69c4-4985-9b2a-20430cc4a0a7
2019-09-26 19:35:55,461 [RatisPipelineUtilsThread] INFO  pipeline.PipelineStateManager (PipelineStateManager.java:addPipeline(56)) - Created pipeline Pipeline[ Id: 37e34437-fe3f-44e4-8210-0f0ea66ddf60, Nodes: 99aa1396-69c4-4985-9b2a-20430cc4a0a7{ip: 192.168.151.99, host: pr-hdds-1569-g6sp5-2013761785, networkLocation: /rack1, certSerialId: null}, Type:RATIS, Factor:ONE, State:OPEN]
2019-09-26 19:35:55,462 [grpc-default-executor-2] INFO  impl.RaftServerProxy (RaftServerProxy.java:addNew(89)) - 27cb48db-4b88-4c0c-b213-19f9b2fffaff: addNew group-DC07AB1829D3:[27cb48db-4b88-4c0c-b213-19f9b2fffaff:192.168.151.99:37457] returns group-DC07AB1829D3:java.util.concurrent.CompletableFuture@38fc8793[Not completed]
2019-09-26 19:35:55,463 [pool-261-thread-1] INFO  impl.RaftServerImpl (RaftServerImpl.java:<init>(95)) - 27cb48db-4b88-4c0c-b213-19f9b2fffaff: new RaftServerImpl for group-DC07AB1829D3:[27cb48db-4b88-4c0c-b213-19f9b2fffaff:192.168.151.99:37457] with ContainerStateMachine:uninitialized
2019-09-26 19:35:55,463 [pool-261-thread-1] INFO  server.RaftServerConfigKeys (ConfUtils.java:logGet(43)) - raft.server.rpc.timeout.min = 5s (custom)
2019-09-26 19:35:55,463 [pool-261-thread-1] INFO  server.RaftServerConfigKeys (ConfUtils.java:logGet(43)) - raft.server.rpc.timeout.max = 5200ms (custom)
2019-09-26 19:35:55,463 [pool-261-thread-1] INFO  server.RaftServerConfigKeys (ConfUtils.java:logGet(43)) - raft.server.rpcslowness.timeout = 120s (custom)
2019-09-26 19:35:55,463 [pool-261-thread-1] INFO  server.RaftServerConfigKeys (ConfUtils.java:logGet(43)) - raft.server.sleep.deviation.threshold = 300 (default)
2019-09-26 19:35:55,463 [pool-261-thread-1] INFO  server.RaftServerConfigKeys (ConfUtils.java:logGet(43)) - raft.server.log.appender.install.snapshot.enabled = false (custom)
2019-09-26 19:35:55,463 [pool-261-thread-1] INFO  impl.RaftServerImpl (ServerState.java:<init>(103)) - 27cb48db-4b88-4c0c-b213-19f9b2fffaff@group-DC07AB1829D3: ConfigurationManager, init=-1: [27cb48db-4b88-4c0c-b213-19f9b2fffaff:192.168.151.99:37457], old=null, confs=<EMPTY_MAP>
2019-09-26 19:35:55,464 [pool-261-thread-1] INFO  server.RaftServerConfigKeys (ConfUtils.java:logGet(43)) - raft.server.storage.dir = [/workdir/hadoop-ozone/integration-test/target/test-dir/MiniOzoneClusterImpl-2f79a7d3-d7ae-4963-8370-12bb1e2132d7/datanode-0/data/ratis] (custom)
2019-09-26 19:35:55,464 [pool-261-thread-1] INFO  storage.RaftStorageDirectory (RaftStorageDirectory.java:analyzeStorage(246)) - The storage directory /workdir/hadoop-ozone/integration-test/target/test-dir/MiniOzoneClusterImpl-2f79a7d3-d7ae-4963-8370-12bb1e2132d7/datanode-0/data/ratis/1652d462-5f1c-4b21-a9f3-dc07ab1829d3 does not exist. Creating ...
2019-09-26 19:35:55,477 [pool-261-thread-1] INFO  storage.RaftStorageDirectory (RaftStorageDirectory.java:tryLock(328)) - Lock on /workdir/hadoop-ozone/integration-test/target/test-dir/MiniOzoneClusterImpl-2f79a7d3-d7ae-4963-8370-12bb1e2132d7/datanode-0/data/ratis/1652d462-5f1c-4b21-a9f3-dc07ab1829d3/in_use.lock acquired by nodename 17888@pr-hdds-1569-g6sp5-2013761785
2019-09-26 19:35:55,489 [pool-261-thread-1] INFO  storage.RaftStorage (RaftStorage.java:format(72)) - Storage directory /workdir/hadoop-ozone/integration-test/target/test-dir/MiniOzoneClusterImpl-2f79a7d3-d7ae-4963-8370-12bb1e2132d7/datanode-0/data/ratis/1652d462-5f1c-4b21-a9f3-dc07ab1829d3 has been successfully formatted.
2019-09-26 19:35:55,489 [pool-261-thread-1] INFO  ratis.ContainerStateMachine (ContainerStateMachine.java:loadSnapshot(230)) - group-DC07AB1829D3: The snapshot info is null. Setting the last applied indexto:(t:0, i:~)
2019-09-26 19:35:55,489 [pool-261-thread-1] INFO  server.RaftServerConfigKeys (ConfUtils.java:logGet(43)) - raft.server.notification.no-leader.timeout = 120s (custom)
2019-09-26 19:35:55,489 [pool-261-thread-1] INFO  server.RaftServerConfigKeys (ConfUtils.java:logGet(43)) - raft.server.log.use.memory = false (default)
2019-09-26 19:35:55,489 [pool-261-thread-1] INFO  server.RaftServerConfigKeys (ConfUtils.java:logGet(43)) - raft.server.log.purge.gap = 1000000 (custom)
2019-09-26 19:35:55,489 [pool-261-thread-1] INFO  server.RaftServerConfigKeys (ConfUtils.java:logGet(43)) - raft.server.log.appender.buffer.byte-limit = 33554432 (custom)
2019-09-26 19:35:55,489 [pool-261-thread-1] INFO  server.RaftServerConfigKeys (ConfUtils.java:logGet(43)) - raft.server.log.segment.size.max = 1048576 (custom)
2019-09-26 19:35:55,490 [pool-261-thread-1] INFO  server.RaftServerConfigKeys (ConfUtils.java:logGet(43)) - raft.server.log.segment.cache.num.max = 2 (custom)
2019-09-26 19:35:55,490 [pool-261-thread-1] INFO  segmented.SegmentedRaftLogWorker (SegmentedRaftLogWorker.java:<init>(172)) - new 27cb48db-4b88-4c0c-b213-19f9b2fffaff@group-DC07AB1829D3-SegmentedRaftLogWorker for RaftStorage:Storage Directory /workdir/hadoop-ozone/integration-test/target/test-dir/MiniOzoneClusterImpl-2f79a7d3-d7ae-4963-8370-12bb1e2132d7/datanode-0/data/ratis/1652d462-5f1c-4b21-a9f3-dc07ab1829d3
2019-09-26 19:35:55,490 [pool-261-thread-1] INFO  server.RaftServerConfigKeys (ConfUtils.java:logGet(43)) - raft.server.log.queue.byte-limit = 2147483647 (custom)
2019-09-26 19:35:55,490 [pool-261-thread-1] INFO  server.RaftServerConfigKeys (ConfUtils.java:logGet(43)) - raft.server.log.queue.element-limit = 1024 (custom)
2019-09-26 19:35:55,490 [pool-261-thread-1] INFO  server.RaftServerConfigKeys (ConfUtils.java:logGet(43)) - raft.server.log.segment.size.max = 1048576 (custom)
2019-09-26 19:35:55,490 [pool-261-thread-1] INFO  server.RaftServerConfigKeys (ConfUtils.java:logGet(43)) - raft.server.log.preallocated.size = 16384 (custom)
2019-09-26 19:35:55,490 [pool-261-thread-1] INFO  server.RaftServerConfigKeys (ConfUtils.java:logGet(43)) - raft.server.log.write.buffer.size = 33554432 (custom)
2019-09-26 19:35:55,490 [pool-261-thread-1] INFO  server.RaftServerConfigKeys (ConfUtils.java:logGet(43)) - raft.server.log.force.sync.num = 128 (default)
2019-09-26 19:35:55,490 [pool-261-thread-1] INFO  server.RaftServerConfigKeys (ConfUtils.java:logGet(43)) - raft.server.log.statemachine.data.sync = true (default)
2019-09-26 19:35:55,490 [pool-261-thread-1] INFO  server.RaftServerConfigKeys (ConfUtils.java:logGet(43)) - raft.server.log.statemachine.data.sync.timeout = 10s (default)
2019-09-26 19:35:55,490 [pool-261-thread-1] INFO  server.RaftServerConfigKeys (ConfUtils.java:logGet(43)) - raft.server.log.statemachine.data.sync.timeout.retry = -1 (default)
2019-09-26 19:35:55,490 [pool-261-thread-1] INFO  server.RaftServerConfigKeys (ConfUtils.java:logGet(43)) - raft.server.log.statemachine.data.caching.enabled = true (custom)
2019-09-26 19:35:55,491 [pool-261-thread-1] INFO  segmented.SegmentedRaftLogWorker (SegmentedRaftLogWorker.java:lambda$new$0(132)) - 27cb48db-4b88-4c0c-b213-19f9b2fffaff@group-DC07AB1829D3-SegmentedRaftLogWorker: flushIndex: setUnconditionally 0 -> -1
2019-09-26 19:35:55,491 [pool-261-thread-1] INFO  server.RaftServerConfigKeys (ConfUtils.java:logGet(43)) - raft.server.snapshot.auto.trigger.enabled = true (custom)
2019-09-26 19:35:55,491 [pool-261-thread-1] INFO  server.RaftServerConfigKeys (ConfUtils.java:logGet(43)) - raft.server.snapshot.auto.trigger.threshold = 10000 (custom)
2019-09-26 19:35:55,491 [pool-261-thread-1] INFO  server.RaftServerConfigKeys (ConfUtils.java:logGet(43)) - raft.server.snapshot.retention.num.files = 5 (custom)
2019-09-26 19:35:55,491 [pool-261-thread-1] INFO  server.RaftServerConfigKeys (ConfUtils.java:logGet(43)) - raft.server.retrycache.expirytime = 600000ms (custom)
2019-09-26 19:35:55,492 [pool-261-thread-1] INFO  impl.RaftServerImpl (RaftServerImpl.java:start(185)) - 27cb48db-4b88-4c0c-b213-19f9b2fffaff@group-DC07AB1829D3: start as a follower, conf=-1: [27cb48db-4b88-4c0c-b213-19f9b2fffaff:192.168.151.99:37457], old=null
2019-09-26 19:35:55,492 [pool-261-thread-1] INFO  impl.RaftServerImpl (RaftServerImpl.java:setRole(174)) - 27cb48db-4b88-4c0c-b213-19f9b2fffaff@group-DC07AB1829D3: changes role from      null to FOLLOWER at term 0 for startAsFollower
2019-09-26 19:35:55,492 [pool-261-thread-1] INFO  impl.RoleInfo (RoleInfo.java:updateAndGet(143)) - 27cb48db-4b88-4c0c-b213-19f9b2fffaff: start FollowerState
2019-09-26 19:35:55,492 [pool-261-thread-1] INFO  util.JmxRegister (JmxRegister.java:tryRegister(44)) - Successfully registered JMX Bean with object name Ratis:service=RaftServer,group=group-DC07AB1829D3,id=27cb48db-4b88-4c0c-b213-19f9b2fffaff
2019-09-26 19:35:55,493 [RatisPipelineUtilsThread] INFO  pipeline.PipelineStateManager (PipelineStateManager.java:addPipeline(56)) - Created pipeline Pipeline[ Id: 1652d462-5f1c-4b21-a9f3-dc07ab1829d3, Nodes: 27cb48db-4b88-4c0c-b213-19f9b2fffaff{ip: 192.168.151.99, host: pr-hdds-1569-g6sp5-2013761785, networkLocation: /rack1, certSerialId: null}, Type:RATIS, Factor:ONE, State:OPEN]
2019-09-26 19:35:55,495 [grpc-default-executor-2] INFO  impl.RaftServerProxy (RaftServerProxy.java:addNew(89)) - 99aa1396-69c4-4985-9b2a-20430cc4a0a7: addNew group-B36985718576:[99aa1396-69c4-4985-9b2a-20430cc4a0a7:192.168.151.99:40213] returns group-B36985718576:java.util.concurrent.CompletableFuture@48d7a1eb[Not completed]
2019-09-26 19:35:55,495 [pool-281-thread-1] INFO  impl.RaftServerImpl (RaftServerImpl.java:<init>(95)) - 99aa1396-69c4-4985-9b2a-20430cc4a0a7: new RaftServerImpl for group-B36985718576:[99aa1396-69c4-4985-9b2a-20430cc4a0a7:192.168.151.99:40213] with ContainerStateMachine:uninitialized
2019-09-26 19:35:55,495 [pool-281-thread-1] INFO  server.RaftServerConfigKeys (ConfUtils.java:logGet(43)) - raft.server.rpc.timeout.min = 5s (custom)
2019-09-26 19:35:55,495 [pool-281-thread-1] INFO  server.RaftServerConfigKeys (ConfUtils.java:logGet(43)) - raft.server.rpc.timeout.max = 5200ms (custom)
2019-09-26 19:35:55,495 [pool-281-thread-1] INFO  server.RaftServerConfigKeys (ConfUtils.java:logGet(43)) - raft.server.rpcslowness.timeout = 120s (custom)
2019-09-26 19:35:55,495 [pool-281-thread-1] INFO  server.RaftServerConfigKeys (ConfUtils.java:logGet(43)) - raft.server.sleep.deviation.threshold = 300 (default)
2019-09-26 19:35:55,495 [pool-281-thread-1] INFO  server.RaftServerConfigKeys (ConfUtils.java:logGet(43)) - raft.server.log.appender.install.snapshot.enabled = false (custom)
2019-09-26 19:35:55,495 [pool-281-thread-1] INFO  impl.RaftServerImpl (ServerState.java:<init>(103)) - 99aa1396-69c4-4985-9b2a-20430cc4a0a7@group-B36985718576: ConfigurationManager, init=-1: [99aa1396-69c4-4985-9b2a-20430cc4a0a7:192.168.151.99:40213], old=null, confs=<EMPTY_MAP>
2019-09-26 19:35:55,495 [pool-281-thread-1] INFO  server.RaftServerConfigKeys (ConfUtils.java:logGet(43)) - raft.server.storage.dir = [/workdir/hadoop-ozone/integration-test/target/test-dir/MiniOzoneClusterImpl-2f79a7d3-d7ae-4963-8370-12bb1e2132d7/datanode-2/data/ratis] (custom)
2019-09-26 19:35:55,496 [pool-281-thread-1] INFO  storage.RaftStorageDirectory (RaftStorageDirectory.java:analyzeStorage(246)) - The storage directory /workdir/hadoop-ozone/integration-test/target/test-dir/MiniOzoneClusterImpl-2f79a7d3-d7ae-4963-8370-12bb1e2132d7/datanode-2/data/ratis/9b4c340a-f94c-4de6-9203-b36985718576 does not exist. Creating ...
2019-09-26 19:35:55,508 [pool-281-thread-1] INFO  storage.RaftStorageDirectory (RaftStorageDirectory.java:tryLock(328)) - Lock on /workdir/hadoop-ozone/integration-test/target/test-dir/MiniOzoneClusterImpl-2f79a7d3-d7ae-4963-8370-12bb1e2132d7/datanode-2/data/ratis/9b4c340a-f94c-4de6-9203-b36985718576/in_use.lock acquired by nodename 17888@pr-hdds-1569-g6sp5-2013761785
2019-09-26 19:35:55,521 [pool-281-thread-1] INFO  storage.RaftStorage (RaftStorage.java:format(72)) - Storage directory /workdir/hadoop-ozone/integration-test/target/test-dir/MiniOzoneClusterImpl-2f79a7d3-d7ae-4963-8370-12bb1e2132d7/datanode-2/data/ratis/9b4c340a-f94c-4de6-9203-b36985718576 has been successfully formatted.
2019-09-26 19:35:55,521 [pool-281-thread-1] INFO  ratis.ContainerStateMachine (ContainerStateMachine.java:loadSnapshot(230)) - group-B36985718576: The snapshot info is null. Setting the last applied indexto:(t:0, i:~)
2019-09-26 19:35:55,521 [pool-281-thread-1] INFO  server.RaftServerConfigKeys (ConfUtils.java:logGet(43)) - raft.server.notification.no-leader.timeout = 120s (custom)
2019-09-26 19:35:55,522 [pool-281-thread-1] INFO  server.RaftServerConfigKeys (ConfUtils.java:logGet(43)) - raft.server.log.use.memory = false (default)
2019-09-26 19:35:55,522 [pool-281-thread-1] INFO  server.RaftServerConfigKeys (ConfUtils.java:logGet(43)) - raft.server.log.purge.gap = 1000000 (custom)
2019-09-26 19:35:55,522 [pool-281-thread-1] INFO  server.RaftServerConfigKeys (ConfUtils.java:logGet(43)) - raft.server.log.appender.buffer.byte-limit = 33554432 (custom)
2019-09-26 19:35:55,522 [pool-281-thread-1] INFO  server.RaftServerConfigKeys (ConfUtils.java:logGet(43)) - raft.server.log.segment.size.max = 1048576 (custom)
2019-09-26 19:35:55,522 [pool-281-thread-1] INFO  server.RaftServerConfigKeys (ConfUtils.java:logGet(43)) - raft.server.log.segment.cache.num.max = 2 (custom)
2019-09-26 19:35:55,522 [pool-281-thread-1] INFO  segmented.SegmentedRaftLogWorker (SegmentedRaftLogWorker.java:<init>(172)) - new 99aa1396-69c4-4985-9b2a-20430cc4a0a7@group-B36985718576-SegmentedRaftLogWorker for RaftStorage:Storage Directory /workdir/hadoop-ozone/integration-test/target/test-dir/MiniOzoneClusterImpl-2f79a7d3-d7ae-4963-8370-12bb1e2132d7/datanode-2/data/ratis/9b4c340a-f94c-4de6-9203-b36985718576
2019-09-26 19:35:55,522 [pool-281-thread-1] INFO  server.RaftServerConfigKeys (ConfUtils.java:logGet(43)) - raft.server.log.queue.byte-limit = 2147483647 (custom)
2019-09-26 19:35:55,522 [pool-281-thread-1] INFO  server.RaftServerConfigKeys (ConfUtils.java:logGet(43)) - raft.server.log.queue.element-limit = 1024 (custom)
2019-09-26 19:35:55,522 [pool-281-thread-1] INFO  server.RaftServerConfigKeys (ConfUtils.java:logGet(43)) - raft.server.log.segment.size.max = 1048576 (custom)
2019-09-26 19:35:55,523 [pool-281-thread-1] INFO  server.RaftServerConfigKeys (ConfUtils.java:logGet(43)) - raft.server.log.preallocated.size = 16384 (custom)
2019-09-26 19:35:55,523 [pool-281-thread-1] INFO  server.RaftServerConfigKeys (ConfUtils.java:logGet(43)) - raft.server.log.write.buffer.size = 33554432 (custom)
2019-09-26 19:35:55,523 [pool-281-thread-1] INFO  server.RaftServerConfigKeys (ConfUtils.java:logGet(43)) - raft.server.log.force.sync.num = 128 (default)
2019-09-26 19:35:55,523 [pool-281-thread-1] INFO  server.RaftServerConfigKeys (ConfUtils.java:logGet(43)) - raft.server.log.statemachine.data.sync = true (default)
2019-09-26 19:35:55,523 [pool-281-thread-1] INFO  server.RaftServerConfigKeys (ConfUtils.java:logGet(43)) - raft.server.log.statemachine.data.sync.timeout = 10s (default)
2019-09-26 19:35:55,523 [pool-281-thread-1] INFO  server.RaftServerConfigKeys (ConfUtils.java:logGet(43)) - raft.server.log.statemachine.data.sync.timeout.retry = -1 (default)
2019-09-26 19:35:55,523 [pool-281-thread-1] INFO  server.RaftServerConfigKeys (ConfUtils.java:logGet(43)) - raft.server.log.statemachine.data.caching.enabled = true (custom)
2019-09-26 19:35:55,523 [pool-281-thread-1] INFO  segmented.SegmentedRaftLogWorker (SegmentedRaftLogWorker.java:lambda$new$0(132)) - 99aa1396-69c4-4985-9b2a-20430cc4a0a7@group-B36985718576-SegmentedRaftLogWorker: flushIndex: setUnconditionally 0 -> -1
2019-09-26 19:35:55,524 [pool-281-thread-1] INFO  server.RaftServerConfigKeys (ConfUtils.java:logGet(43)) - raft.server.snapshot.auto.trigger.enabled = true (custom)
2019-09-26 19:35:55,524 [pool-281-thread-1] INFO  server.RaftServerConfigKeys (ConfUtils.java:logGet(43)) - raft.server.snapshot.auto.trigger.threshold = 10000 (custom)
2019-09-26 19:35:55,524 [pool-281-thread-1] INFO  server.RaftServerConfigKeys (ConfUtils.java:logGet(43)) - raft.server.snapshot.retention.num.files = 5 (custom)
2019-09-26 19:35:55,524 [pool-281-thread-1] INFO  server.RaftServerConfigKeys (ConfUtils.java:logGet(43)) - raft.server.retrycache.expirytime = 600000ms (custom)
2019-09-26 19:35:55,525 [pool-281-thread-1] INFO  impl.RaftServerImpl (RaftServerImpl.java:start(185)) - 99aa1396-69c4-4985-9b2a-20430cc4a0a7@group-B36985718576: start as a follower, conf=-1: [99aa1396-69c4-4985-9b2a-20430cc4a0a7:192.168.151.99:40213], old=null
2019-09-26 19:35:55,525 [pool-281-thread-1] INFO  impl.RaftServerImpl (RaftServerImpl.java:setRole(174)) - 99aa1396-69c4-4985-9b2a-20430cc4a0a7@group-B36985718576: changes role from      null to FOLLOWER at term 0 for startAsFollower
2019-09-26 19:35:55,526 [pool-281-thread-1] INFO  impl.RoleInfo (RoleInfo.java:updateAndGet(143)) - 99aa1396-69c4-4985-9b2a-20430cc4a0a7: start FollowerState
2019-09-26 19:35:55,526 [pool-281-thread-1] INFO  util.JmxRegister (JmxRegister.java:tryRegister(44)) - Successfully registered JMX Bean with object name Ratis:service=RaftServer,group=group-B36985718576,id=99aa1396-69c4-4985-9b2a-20430cc4a0a7
2019-09-26 19:35:55,527 [RatisPipelineUtilsThread] INFO  pipeline.PipelineStateManager (PipelineStateManager.java:addPipeline(56)) - Created pipeline Pipeline[ Id: 9b4c340a-f94c-4de6-9203-b36985718576, Nodes: 99aa1396-69c4-4985-9b2a-20430cc4a0a7{ip: 192.168.151.99, host: pr-hdds-1569-g6sp5-2013761785, networkLocation: /rack1, certSerialId: null}, Type:RATIS, Factor:ONE, State:OPEN]
2019-09-26 19:35:55,529 [grpc-default-executor-2] INFO  impl.RaftServerProxy (RaftServerProxy.java:addNew(89)) - 728ea44c-f097-440a-a87e-c27a68d48f14: addNew group-11D4F4DFACD7:[728ea44c-f097-440a-a87e-c27a68d48f14:192.168.151.99:38783] returns group-11D4F4DFACD7:java.util.concurrent.CompletableFuture@19d5afe0[Not completed]
2019-09-26 19:35:55,529 [pool-271-thread-1] INFO  impl.RaftServerImpl (RaftServerImpl.java:<init>(95)) - 728ea44c-f097-440a-a87e-c27a68d48f14: new RaftServerImpl for group-11D4F4DFACD7:[728ea44c-f097-440a-a87e-c27a68d48f14:192.168.151.99:38783] with ContainerStateMachine:uninitialized
2019-09-26 19:35:55,529 [pool-271-thread-1] INFO  server.RaftServerConfigKeys (ConfUtils.java:logGet(43)) - raft.server.rpc.timeout.min = 5s (custom)
2019-09-26 19:35:55,529 [pool-271-thread-1] INFO  server.RaftServerConfigKeys (ConfUtils.java:logGet(43)) - raft.server.rpc.timeout.max = 5200ms (custom)
2019-09-26 19:35:55,529 [pool-271-thread-1] INFO  server.RaftServerConfigKeys (ConfUtils.java:logGet(43)) - raft.server.rpcslowness.timeout = 120s (custom)
2019-09-26 19:35:55,529 [pool-271-thread-1] INFO  server.RaftServerConfigKeys (ConfUtils.java:logGet(43)) - raft.server.sleep.deviation.threshold = 300 (default)
2019-09-26 19:35:55,530 [pool-271-thread-1] INFO  server.RaftServerConfigKeys (ConfUtils.java:logGet(43)) - raft.server.log.appender.install.snapshot.enabled = false (custom)
2019-09-26 19:35:55,530 [pool-271-thread-1] INFO  impl.RaftServerImpl (ServerState.java:<init>(103)) - 728ea44c-f097-440a-a87e-c27a68d48f14@group-11D4F4DFACD7: ConfigurationManager, init=-1: [728ea44c-f097-440a-a87e-c27a68d48f14:192.168.151.99:38783], old=null, confs=<EMPTY_MAP>
2019-09-26 19:35:55,530 [pool-271-thread-1] INFO  server.RaftServerConfigKeys (ConfUtils.java:logGet(43)) - raft.server.storage.dir = [/workdir/hadoop-ozone/integration-test/target/test-dir/MiniOzoneClusterImpl-2f79a7d3-d7ae-4963-8370-12bb1e2132d7/datanode-1/data/ratis] (custom)
2019-09-26 19:35:55,530 [pool-271-thread-1] INFO  storage.RaftStorageDirectory (RaftStorageDirectory.java:analyzeStorage(246)) - The storage directory /workdir/hadoop-ozone/integration-test/target/test-dir/MiniOzoneClusterImpl-2f79a7d3-d7ae-4963-8370-12bb1e2132d7/datanode-1/data/ratis/f289141c-5f6c-4672-b2c4-11d4f4dfacd7 does not exist. Creating ...
2019-09-26 19:35:55,543 [pool-271-thread-1] INFO  storage.RaftStorageDirectory (RaftStorageDirectory.java:tryLock(328)) - Lock on /workdir/hadoop-ozone/integration-test/target/test-dir/MiniOzoneClusterImpl-2f79a7d3-d7ae-4963-8370-12bb1e2132d7/datanode-1/data/ratis/f289141c-5f6c-4672-b2c4-11d4f4dfacd7/in_use.lock acquired by nodename 17888@pr-hdds-1569-g6sp5-2013761785
2019-09-26 19:35:55,556 [pool-271-thread-1] INFO  storage.RaftStorage (RaftStorage.java:format(72)) - Storage directory /workdir/hadoop-ozone/integration-test/target/test-dir/MiniOzoneClusterImpl-2f79a7d3-d7ae-4963-8370-12bb1e2132d7/datanode-1/data/ratis/f289141c-5f6c-4672-b2c4-11d4f4dfacd7 has been successfully formatted.
2019-09-26 19:35:55,556 [pool-271-thread-1] INFO  ratis.ContainerStateMachine (ContainerStateMachine.java:loadSnapshot(230)) - group-11D4F4DFACD7: The snapshot info is null. Setting the last applied indexto:(t:0, i:~)
2019-09-26 19:35:55,557 [pool-271-thread-1] INFO  server.RaftServerConfigKeys (ConfUtils.java:logGet(43)) - raft.server.notification.no-leader.timeout = 120s (custom)
2019-09-26 19:35:55,557 [pool-271-thread-1] INFO  server.RaftServerConfigKeys (ConfUtils.java:logGet(43)) - raft.server.log.use.memory = false (default)
2019-09-26 19:35:55,557 [pool-271-thread-1] INFO  server.RaftServerConfigKeys (ConfUtils.java:logGet(43)) - raft.server.log.purge.gap = 1000000 (custom)
2019-09-26 19:35:55,557 [pool-271-thread-1] INFO  server.RaftServerConfigKeys (ConfUtils.java:logGet(43)) - raft.server.log.appender.buffer.byte-limit = 33554432 (custom)
2019-09-26 19:35:55,557 [pool-271-thread-1] INFO  server.RaftServerConfigKeys (ConfUtils.java:logGet(43)) - raft.server.log.segment.size.max = 1048576 (custom)
2019-09-26 19:35:55,557 [pool-271-thread-1] INFO  server.RaftServerConfigKeys (ConfUtils.java:logGet(43)) - raft.server.log.segment.cache.num.max = 2 (custom)
2019-09-26 19:35:55,557 [pool-271-thread-1] INFO  segmented.SegmentedRaftLogWorker (SegmentedRaftLogWorker.java:<init>(172)) - new 728ea44c-f097-440a-a87e-c27a68d48f14@group-11D4F4DFACD7-SegmentedRaftLogWorker for RaftStorage:Storage Directory /workdir/hadoop-ozone/integration-test/target/test-dir/MiniOzoneClusterImpl-2f79a7d3-d7ae-4963-8370-12bb1e2132d7/datanode-1/data/ratis/f289141c-5f6c-4672-b2c4-11d4f4dfacd7
2019-09-26 19:35:55,557 [pool-271-thread-1] INFO  server.RaftServerConfigKeys (ConfUtils.java:logGet(43)) - raft.server.log.queue.byte-limit = 2147483647 (custom)
2019-09-26 19:35:55,558 [pool-271-thread-1] INFO  server.RaftServerConfigKeys (ConfUtils.java:logGet(43)) - raft.server.log.queue.element-limit = 1024 (custom)
2019-09-26 19:35:55,558 [pool-271-thread-1] INFO  server.RaftServerConfigKeys (ConfUtils.java:logGet(43)) - raft.server.log.segment.size.max = 1048576 (custom)
2019-09-26 19:35:55,558 [pool-271-thread-1] INFO  server.RaftServerConfigKeys (ConfUtils.java:logGet(43)) - raft.server.log.preallocated.size = 16384 (custom)
2019-09-26 19:35:55,558 [pool-271-thread-1] INFO  server.RaftServerConfigKeys (ConfUtils.java:logGet(43)) - raft.server.log.write.buffer.size = 33554432 (custom)
2019-09-26 19:35:55,558 [pool-271-thread-1] INFO  server.RaftServerConfigKeys (ConfUtils.java:logGet(43)) - raft.server.log.force.sync.num = 128 (default)
2019-09-26 19:35:55,558 [pool-271-thread-1] INFO  server.RaftServerConfigKeys (ConfUtils.java:logGet(43)) - raft.server.log.statemachine.data.sync = true (default)
2019-09-26 19:35:55,558 [pool-271-thread-1] INFO  server.RaftServerConfigKeys (ConfUtils.java:logGet(43)) - raft.server.log.statemachine.data.sync.timeout = 10s (default)
2019-09-26 19:35:55,558 [pool-271-thread-1] INFO  server.RaftServerConfigKeys (ConfUtils.java:logGet(43)) - raft.server.log.statemachine.data.sync.timeout.retry = -1 (default)
2019-09-26 19:35:55,558 [pool-271-thread-1] INFO  server.RaftServerConfigKeys (ConfUtils.java:logGet(43)) - raft.server.log.statemachine.data.caching.enabled = true (custom)
2019-09-26 19:35:55,559 [pool-271-thread-1] INFO  segmented.SegmentedRaftLogWorker (SegmentedRaftLogWorker.java:lambda$new$0(132)) - 728ea44c-f097-440a-a87e-c27a68d48f14@group-11D4F4DFACD7-SegmentedRaftLogWorker: flushIndex: setUnconditionally 0 -> -1
2019-09-26 19:35:55,559 [pool-271-thread-1] INFO  server.RaftServerConfigKeys (ConfUtils.java:logGet(43)) - raft.server.snapshot.auto.trigger.enabled = true (custom)
2019-09-26 19:35:55,559 [pool-271-thread-1] INFO  server.RaftServerConfigKeys (ConfUtils.java:logGet(43)) - raft.server.snapshot.auto.trigger.threshold = 10000 (custom)
2019-09-26 19:35:55,559 [pool-271-thread-1] INFO  server.RaftServerConfigKeys (ConfUtils.java:logGet(43)) - raft.server.snapshot.retention.num.files = 5 (custom)
2019-09-26 19:35:55,559 [pool-271-thread-1] INFO  server.RaftServerConfigKeys (ConfUtils.java:logGet(43)) - raft.server.retrycache.expirytime = 600000ms (custom)
2019-09-26 19:35:55,561 [pool-271-thread-1] INFO  impl.RaftServerImpl (RaftServerImpl.java:start(185)) - 728ea44c-f097-440a-a87e-c27a68d48f14@group-11D4F4DFACD7: start as a follower, conf=-1: [728ea44c-f097-440a-a87e-c27a68d48f14:192.168.151.99:38783], old=null
2019-09-26 19:35:55,561 [pool-271-thread-1] INFO  impl.RaftServerImpl (RaftServerImpl.java:setRole(174)) - 728ea44c-f097-440a-a87e-c27a68d48f14@group-11D4F4DFACD7: changes role from      null to FOLLOWER at term 0 for startAsFollower
2019-09-26 19:35:55,561 [pool-271-thread-1] INFO  impl.RoleInfo (RoleInfo.java:updateAndGet(143)) - 728ea44c-f097-440a-a87e-c27a68d48f14: start FollowerState
2019-09-26 19:35:55,561 [pool-271-thread-1] INFO  util.JmxRegister (JmxRegister.java:tryRegister(44)) - Successfully registered JMX Bean with object name Ratis:service=RaftServer,group=group-11D4F4DFACD7,id=728ea44c-f097-440a-a87e-c27a68d48f14
2019-09-26 19:35:55,562 [RatisPipelineUtilsThread] INFO  pipeline.PipelineStateManager (PipelineStateManager.java:addPipeline(56)) - Created pipeline Pipeline[ Id: f289141c-5f6c-4672-b2c4-11d4f4dfacd7, Nodes: 728ea44c-f097-440a-a87e-c27a68d48f14{ip: 192.168.151.99, host: pr-hdds-1569-g6sp5-2013761785, networkLocation: /rack1, certSerialId: null}, Type:RATIS, Factor:ONE, State:OPEN]
2019-09-26 19:35:55,564 [grpc-default-executor-2] INFO  impl.RaftServerProxy (RaftServerProxy.java:addNew(89)) - 27cb48db-4b88-4c0c-b213-19f9b2fffaff: addNew group-4716D0EACE8F:[27cb48db-4b88-4c0c-b213-19f9b2fffaff:192.168.151.99:37457] returns group-4716D0EACE8F:java.util.concurrent.CompletableFuture@574f5971[Not completed]
2019-09-26 19:35:55,564 [pool-261-thread-1] INFO  impl.RaftServerImpl (RaftServerImpl.java:<init>(95)) - 27cb48db-4b88-4c0c-b213-19f9b2fffaff: new RaftServerImpl for group-4716D0EACE8F:[27cb48db-4b88-4c0c-b213-19f9b2fffaff:192.168.151.99:37457] with ContainerStateMachine:uninitialized
2019-09-26 19:35:55,564 [pool-261-thread-1] INFO  server.RaftServerConfigKeys (ConfUtils.java:logGet(43)) - raft.server.rpc.timeout.min = 5s (custom)
2019-09-26 19:35:55,564 [pool-261-thread-1] INFO  server.RaftServerConfigKeys (ConfUtils.java:logGet(43)) - raft.server.rpc.timeout.max = 5200ms (custom)
2019-09-26 19:35:55,564 [pool-261-thread-1] INFO  server.RaftServerConfigKeys (ConfUtils.java:logGet(43)) - raft.server.rpcslowness.timeout = 120s (custom)
2019-09-26 19:35:55,564 [pool-261-thread-1] INFO  server.RaftServerConfigKeys (ConfUtils.java:logGet(43)) - raft.server.sleep.deviation.threshold = 300 (default)
2019-09-26 19:35:55,564 [pool-261-thread-1] INFO  server.RaftServerConfigKeys (ConfUtils.java:logGet(43)) - raft.server.log.appender.install.snapshot.enabled = false (custom)
2019-09-26 19:35:55,564 [pool-261-thread-1] INFO  impl.RaftServerImpl (ServerState.java:<init>(103)) - 27cb48db-4b88-4c0c-b213-19f9b2fffaff@group-4716D0EACE8F: ConfigurationManager, init=-1: [27cb48db-4b88-4c0c-b213-19f9b2fffaff:192.168.151.99:37457], old=null, confs=<EMPTY_MAP>
2019-09-26 19:35:55,564 [pool-261-thread-1] INFO  server.RaftServerConfigKeys (ConfUtils.java:logGet(43)) - raft.server.storage.dir = [/workdir/hadoop-ozone/integration-test/target/test-dir/MiniOzoneClusterImpl-2f79a7d3-d7ae-4963-8370-12bb1e2132d7/datanode-0/data/ratis] (custom)
2019-09-26 19:35:55,565 [pool-261-thread-1] INFO  storage.RaftStorageDirectory (RaftStorageDirectory.java:analyzeStorage(246)) - The storage directory /workdir/hadoop-ozone/integration-test/target/test-dir/MiniOzoneClusterImpl-2f79a7d3-d7ae-4963-8370-12bb1e2132d7/datanode-0/data/ratis/ffc5f0e3-9b55-4470-b67d-4716d0eace8f does not exist. Creating ...
2019-09-26 19:35:55,577 [pool-261-thread-1] INFO  storage.RaftStorageDirectory (RaftStorageDirectory.java:tryLock(328)) - Lock on /workdir/hadoop-ozone/integration-test/target/test-dir/MiniOzoneClusterImpl-2f79a7d3-d7ae-4963-8370-12bb1e2132d7/datanode-0/data/ratis/ffc5f0e3-9b55-4470-b67d-4716d0eace8f/in_use.lock acquired by nodename 17888@pr-hdds-1569-g6sp5-2013761785
2019-09-26 19:35:55,590 [pool-261-thread-1] INFO  storage.RaftStorage (RaftStorage.java:format(72)) - Storage directory /workdir/hadoop-ozone/integration-test/target/test-dir/MiniOzoneClusterImpl-2f79a7d3-d7ae-4963-8370-12bb1e2132d7/datanode-0/data/ratis/ffc5f0e3-9b55-4470-b67d-4716d0eace8f has been successfully formatted.
2019-09-26 19:35:55,590 [pool-261-thread-1] INFO  ratis.ContainerStateMachine (ContainerStateMachine.java:loadSnapshot(230)) - group-4716D0EACE8F: The snapshot info is null. Setting the last applied indexto:(t:0, i:~)
2019-09-26 19:35:55,591 [pool-261-thread-1] INFO  server.RaftServerConfigKeys (ConfUtils.java:logGet(43)) - raft.server.notification.no-leader.timeout = 120s (custom)
2019-09-26 19:35:55,591 [pool-261-thread-1] INFO  server.RaftServerConfigKeys (ConfUtils.java:logGet(43)) - raft.server.log.use.memory = false (default)
2019-09-26 19:35:55,591 [pool-261-thread-1] INFO  server.RaftServerConfigKeys (ConfUtils.java:logGet(43)) - raft.server.log.purge.gap = 1000000 (custom)
2019-09-26 19:35:55,591 [pool-261-thread-1] INFO  server.RaftServerConfigKeys (ConfUtils.java:logGet(43)) - raft.server.log.appender.buffer.byte-limit = 33554432 (custom)
2019-09-26 19:35:55,591 [pool-261-thread-1] INFO  server.RaftServerConfigKeys (ConfUtils.java:logGet(43)) - raft.server.log.segment.size.max = 1048576 (custom)
2019-09-26 19:35:55,591 [pool-261-thread-1] INFO  server.RaftServerConfigKeys (ConfUtils.java:logGet(43)) - raft.server.log.segment.cache.num.max = 2 (custom)
2019-09-26 19:35:55,591 [pool-261-thread-1] INFO  segmented.SegmentedRaftLogWorker (SegmentedRaftLogWorker.java:<init>(172)) - new 27cb48db-4b88-4c0c-b213-19f9b2fffaff@group-4716D0EACE8F-SegmentedRaftLogWorker for RaftStorage:Storage Directory /workdir/hadoop-ozone/integration-test/target/test-dir/MiniOzoneClusterImpl-2f79a7d3-d7ae-4963-8370-12bb1e2132d7/datanode-0/data/ratis/ffc5f0e3-9b55-4470-b67d-4716d0eace8f
2019-09-26 19:35:55,591 [pool-261-thread-1] INFO  server.RaftServerConfigKeys (ConfUtils.java:logGet(43)) - raft.server.log.queue.byte-limit = 2147483647 (custom)
2019-09-26 19:35:55,591 [pool-261-thread-1] INFO  server.RaftServerConfigKeys (ConfUtils.java:logGet(43)) - raft.server.log.queue.element-limit = 1024 (custom)
2019-09-26 19:35:55,591 [pool-261-thread-1] INFO  server.RaftServerConfigKeys (ConfUtils.java:logGet(43)) - raft.server.log.segment.size.max = 1048576 (custom)
2019-09-26 19:35:55,591 [pool-261-thread-1] INFO  server.RaftServerConfigKeys (ConfUtils.java:logGet(43)) - raft.server.log.preallocated.size = 16384 (custom)
2019-09-26 19:35:55,591 [pool-261-thread-1] INFO  server.RaftServerConfigKeys (ConfUtils.java:logGet(43)) - raft.server.log.write.buffer.size = 33554432 (custom)
2019-09-26 19:35:55,591 [pool-261-thread-1] INFO  server.RaftServerConfigKeys (ConfUtils.java:logGet(43)) - raft.server.log.force.sync.num = 128 (default)
2019-09-26 19:35:55,591 [pool-261-thread-1] INFO  server.RaftServerConfigKeys (ConfUtils.java:logGet(43)) - raft.server.log.statemachine.data.sync = true (default)
2019-09-26 19:35:55,592 [pool-261-thread-1] INFO  server.RaftServerConfigKeys (ConfUtils.java:logGet(43)) - raft.server.log.statemachine.data.sync.timeout = 10s (default)
2019-09-26 19:35:55,592 [pool-261-thread-1] INFO  server.RaftServerConfigKeys (ConfUtils.java:logGet(43)) - raft.server.log.statemachine.data.sync.timeout.retry = -1 (default)
2019-09-26 19:35:55,592 [pool-261-thread-1] INFO  server.RaftServerConfigKeys (ConfUtils.java:logGet(43)) - raft.server.log.statemachine.data.caching.enabled = true (custom)
2019-09-26 19:35:55,592 [pool-261-thread-1] INFO  segmented.SegmentedRaftLogWorker (SegmentedRaftLogWorker.java:lambda$new$0(132)) - 27cb48db-4b88-4c0c-b213-19f9b2fffaff@group-4716D0EACE8F-SegmentedRaftLogWorker: flushIndex: setUnconditionally 0 -> -1
2019-09-26 19:35:55,592 [pool-261-thread-1] INFO  server.RaftServerConfigKeys (ConfUtils.java:logGet(43)) - raft.server.snapshot.auto.trigger.enabled = true (custom)
2019-09-26 19:35:55,592 [pool-261-thread-1] INFO  server.RaftServerConfigKeys (ConfUtils.java:logGet(43)) - raft.server.snapshot.auto.trigger.threshold = 10000 (custom)
2019-09-26 19:35:55,592 [pool-261-thread-1] INFO  server.RaftServerConfigKeys (ConfUtils.java:logGet(43)) - raft.server.snapshot.retention.num.files = 5 (custom)
2019-09-26 19:35:55,592 [pool-261-thread-1] INFO  server.RaftServerConfigKeys (ConfUtils.java:logGet(43)) - raft.server.retrycache.expirytime = 600000ms (custom)
2019-09-26 19:35:55,593 [pool-261-thread-1] INFO  impl.RaftServerImpl (RaftServerImpl.java:start(185)) - 27cb48db-4b88-4c0c-b213-19f9b2fffaff@group-4716D0EACE8F: start as a follower, conf=-1: [27cb48db-4b88-4c0c-b213-19f9b2fffaff:192.168.151.99:37457], old=null
2019-09-26 19:35:55,593 [pool-261-thread-1] INFO  impl.RaftServerImpl (RaftServerImpl.java:setRole(174)) - 27cb48db-4b88-4c0c-b213-19f9b2fffaff@group-4716D0EACE8F: changes role from      null to FOLLOWER at term 0 for startAsFollower
2019-09-26 19:35:55,593 [pool-261-thread-1] INFO  impl.RoleInfo (RoleInfo.java:updateAndGet(143)) - 27cb48db-4b88-4c0c-b213-19f9b2fffaff: start FollowerState
2019-09-26 19:35:55,593 [pool-261-thread-1] INFO  util.JmxRegister (JmxRegister.java:tryRegister(44)) - Successfully registered JMX Bean with object name Ratis:service=RaftServer,group=group-4716D0EACE8F,id=27cb48db-4b88-4c0c-b213-19f9b2fffaff
2019-09-26 19:35:55,594 [RatisPipelineUtilsThread] INFO  pipeline.PipelineStateManager (PipelineStateManager.java:addPipeline(56)) - Created pipeline Pipeline[ Id: ffc5f0e3-9b55-4470-b67d-4716d0eace8f, Nodes: 27cb48db-4b88-4c0c-b213-19f9b2fffaff{ip: 192.168.151.99, host: pr-hdds-1569-g6sp5-2013761785, networkLocation: /rack1, certSerialId: null}, Type:RATIS, Factor:ONE, State:OPEN]
2019-09-26 19:35:55,596 [grpc-default-executor-2] INFO  impl.RaftServerProxy (RaftServerProxy.java:addNew(89)) - 27cb48db-4b88-4c0c-b213-19f9b2fffaff: addNew group-B8BD7675E4F6:[27cb48db-4b88-4c0c-b213-19f9b2fffaff:192.168.151.99:37457] returns group-B8BD7675E4F6:java.util.concurrent.CompletableFuture@6dd0827b[Not completed]
2019-09-26 19:35:55,596 [pool-261-thread-1] INFO  impl.RaftServerImpl (RaftServerImpl.java:<init>(95)) - 27cb48db-4b88-4c0c-b213-19f9b2fffaff: new RaftServerImpl for group-B8BD7675E4F6:[27cb48db-4b88-4c0c-b213-19f9b2fffaff:192.168.151.99:37457] with ContainerStateMachine:uninitialized
2019-09-26 19:35:55,596 [pool-261-thread-1] INFO  server.RaftServerConfigKeys (ConfUtils.java:logGet(43)) - raft.server.rpc.timeout.min = 5s (custom)
2019-09-26 19:35:55,596 [pool-261-thread-1] INFO  server.RaftServerConfigKeys (ConfUtils.java:logGet(43)) - raft.server.rpc.timeout.max = 5200ms (custom)
2019-09-26 19:35:55,596 [pool-261-thread-1] INFO  server.RaftServerConfigKeys (ConfUtils.java:logGet(43)) - raft.server.rpcslowness.timeout = 120s (custom)
2019-09-26 19:35:55,596 [pool-261-thread-1] INFO  server.RaftServerConfigKeys (ConfUtils.java:logGet(43)) - raft.server.sleep.deviation.threshold = 300 (default)
2019-09-26 19:35:55,596 [pool-261-thread-1] INFO  server.RaftServerConfigKeys (ConfUtils.java:logGet(43)) - raft.server.log.appender.install.snapshot.enabled = false (custom)
2019-09-26 19:35:55,596 [pool-261-thread-1] INFO  impl.RaftServerImpl (ServerState.java:<init>(103)) - 27cb48db-4b88-4c0c-b213-19f9b2fffaff@group-B8BD7675E4F6: ConfigurationManager, init=-1: [27cb48db-4b88-4c0c-b213-19f9b2fffaff:192.168.151.99:37457], old=null, confs=<EMPTY_MAP>
2019-09-26 19:35:55,597 [pool-261-thread-1] INFO  server.RaftServerConfigKeys (ConfUtils.java:logGet(43)) - raft.server.storage.dir = [/workdir/hadoop-ozone/integration-test/target/test-dir/MiniOzoneClusterImpl-2f79a7d3-d7ae-4963-8370-12bb1e2132d7/datanode-0/data/ratis] (custom)
2019-09-26 19:35:55,597 [pool-261-thread-1] INFO  storage.RaftStorageDirectory (RaftStorageDirectory.java:analyzeStorage(246)) - The storage directory /workdir/hadoop-ozone/integration-test/target/test-dir/MiniOzoneClusterImpl-2f79a7d3-d7ae-4963-8370-12bb1e2132d7/datanode-0/data/ratis/444c7f34-11fa-4c9d-b434-b8bd7675e4f6 does not exist. Creating ...
2019-09-26 19:35:55,600 [pool-261-thread-1] INFO  storage.RaftStorageDirectory (RaftStorageDirectory.java:tryLock(328)) - Lock on /workdir/hadoop-ozone/integration-test/target/test-dir/MiniOzoneClusterImpl-2f79a7d3-d7ae-4963-8370-12bb1e2132d7/datanode-0/data/ratis/444c7f34-11fa-4c9d-b434-b8bd7675e4f6/in_use.lock acquired by nodename 17888@pr-hdds-1569-g6sp5-2013761785
2019-09-26 19:35:55,603 [pool-261-thread-1] INFO  storage.RaftStorage (RaftStorage.java:format(72)) - Storage directory /workdir/hadoop-ozone/integration-test/target/test-dir/MiniOzoneClusterImpl-2f79a7d3-d7ae-4963-8370-12bb1e2132d7/datanode-0/data/ratis/444c7f34-11fa-4c9d-b434-b8bd7675e4f6 has been successfully formatted.
2019-09-26 19:35:55,603 [pool-261-thread-1] INFO  ratis.ContainerStateMachine (ContainerStateMachine.java:loadSnapshot(230)) - group-B8BD7675E4F6: The snapshot info is null. Setting the last applied indexto:(t:0, i:~)
2019-09-26 19:35:55,603 [pool-261-thread-1] INFO  server.RaftServerConfigKeys (ConfUtils.java:logGet(43)) - raft.server.notification.no-leader.timeout = 120s (custom)
2019-09-26 19:35:55,603 [pool-261-thread-1] INFO  server.RaftServerConfigKeys (ConfUtils.java:logGet(43)) - raft.server.log.use.memory = false (default)
2019-09-26 19:35:55,603 [pool-261-thread-1] INFO  server.RaftServerConfigKeys (ConfUtils.java:logGet(43)) - raft.server.log.purge.gap = 1000000 (custom)
2019-09-26 19:35:55,603 [pool-261-thread-1] INFO  server.RaftServerConfigKeys (ConfUtils.java:logGet(43)) - raft.server.log.appender.buffer.byte-limit = 33554432 (custom)
2019-09-26 19:35:55,603 [pool-261-thread-1] INFO  server.RaftServerConfigKeys (ConfUtils.java:logGet(43)) - raft.server.log.segment.size.max = 1048576 (custom)
2019-09-26 19:35:55,603 [pool-261-thread-1] INFO  server.RaftServerConfigKeys (ConfUtils.java:logGet(43)) - raft.server.log.segment.cache.num.max = 2 (custom)
2019-09-26 19:35:55,603 [pool-261-thread-1] INFO  segmented.SegmentedRaftLogWorker (SegmentedRaftLogWorker.java:<init>(172)) - new 27cb48db-4b88-4c0c-b213-19f9b2fffaff@group-B8BD7675E4F6-SegmentedRaftLogWorker for RaftStorage:Storage Directory /workdir/hadoop-ozone/integration-test/target/test-dir/MiniOzoneClusterImpl-2f79a7d3-d7ae-4963-8370-12bb1e2132d7/datanode-0/data/ratis/444c7f34-11fa-4c9d-b434-b8bd7675e4f6
2019-09-26 19:35:55,603 [pool-261-thread-1] INFO  server.RaftServerConfigKeys (ConfUtils.java:logGet(43)) - raft.server.log.queue.byte-limit = 2147483647 (custom)
2019-09-26 19:35:55,603 [pool-261-thread-1] INFO  server.RaftServerConfigKeys (ConfUtils.java:logGet(43)) - raft.server.log.queue.element-limit = 1024 (custom)
2019-09-26 19:35:55,604 [pool-261-thread-1] INFO  server.RaftServerConfigKeys (ConfUtils.java:logGet(43)) - raft.server.log.segment.size.max = 1048576 (custom)
2019-09-26 19:35:55,604 [pool-261-thread-1] INFO  server.RaftServerConfigKeys (ConfUtils.java:logGet(43)) - raft.server.log.preallocated.size = 16384 (custom)
2019-09-26 19:35:55,604 [pool-261-thread-1] INFO  server.RaftServerConfigKeys (ConfUtils.java:logGet(43)) - raft.server.log.write.buffer.size = 33554432 (custom)
2019-09-26 19:35:55,604 [pool-261-thread-1] INFO  server.RaftServerConfigKeys (ConfUtils.java:logGet(43)) - raft.server.log.force.sync.num = 128 (default)
2019-09-26 19:35:55,604 [pool-261-thread-1] INFO  server.RaftServerConfigKeys (ConfUtils.java:logGet(43)) - raft.server.log.statemachine.data.sync = true (default)
2019-09-26 19:35:55,604 [pool-261-thread-1] INFO  server.RaftServerConfigKeys (ConfUtils.java:logGet(43)) - raft.server.log.statemachine.data.sync.timeout = 10s (default)
2019-09-26 19:35:55,604 [pool-261-thread-1] INFO  server.RaftServerConfigKeys (ConfUtils.java:logGet(43)) - raft.server.log.statemachine.data.sync.timeout.retry = -1 (default)
2019-09-26 19:35:55,604 [pool-261-thread-1] INFO  server.RaftServerConfigKeys (ConfUtils.java:logGet(43)) - raft.server.log.statemachine.data.caching.enabled = true (custom)
2019-09-26 19:35:55,604 [pool-261-thread-1] INFO  segmented.SegmentedRaftLogWorker (SegmentedRaftLogWorker.java:lambda$new$0(132)) - 27cb48db-4b88-4c0c-b213-19f9b2fffaff@group-B8BD7675E4F6-SegmentedRaftLogWorker: flushIndex: setUnconditionally 0 -> -1
2019-09-26 19:35:55,604 [pool-261-thread-1] INFO  server.RaftServerConfigKeys (ConfUtils.java:logGet(43)) - raft.server.snapshot.auto.trigger.enabled = true (custom)
2019-09-26 19:35:55,604 [pool-261-thread-1] INFO  server.RaftServerConfigKeys (ConfUtils.java:logGet(43)) - raft.server.snapshot.auto.trigger.threshold = 10000 (custom)
2019-09-26 19:35:55,604 [pool-261-thread-1] INFO  server.RaftServerConfigKeys (ConfUtils.java:logGet(43)) - raft.server.snapshot.retention.num.files = 5 (custom)
2019-09-26 19:35:55,605 [pool-261-thread-1] INFO  server.RaftServerConfigKeys (ConfUtils.java:logGet(43)) - raft.server.retrycache.expirytime = 600000ms (custom)
2019-09-26 19:35:55,605 [pool-261-thread-1] INFO  impl.RaftServerImpl (RaftServerImpl.java:start(185)) - 27cb48db-4b88-4c0c-b213-19f9b2fffaff@group-B8BD7675E4F6: start as a follower, conf=-1: [27cb48db-4b88-4c0c-b213-19f9b2fffaff:192.168.151.99:37457], old=null
2019-09-26 19:35:55,605 [pool-261-thread-1] INFO  impl.RaftServerImpl (RaftServerImpl.java:setRole(174)) - 27cb48db-4b88-4c0c-b213-19f9b2fffaff@group-B8BD7675E4F6: changes role from      null to FOLLOWER at term 0 for startAsFollower
2019-09-26 19:35:55,605 [pool-261-thread-1] INFO  impl.RoleInfo (RoleInfo.java:updateAndGet(143)) - 27cb48db-4b88-4c0c-b213-19f9b2fffaff: start FollowerState
2019-09-26 19:35:55,606 [pool-261-thread-1] INFO  util.JmxRegister (JmxRegister.java:tryRegister(44)) - Successfully registered JMX Bean with object name Ratis:service=RaftServer,group=group-B8BD7675E4F6,id=27cb48db-4b88-4c0c-b213-19f9b2fffaff
2019-09-26 19:35:55,606 [RatisPipelineUtilsThread] INFO  pipeline.PipelineStateManager (PipelineStateManager.java:addPipeline(56)) - Created pipeline Pipeline[ Id: 444c7f34-11fa-4c9d-b434-b8bd7675e4f6, Nodes: 27cb48db-4b88-4c0c-b213-19f9b2fffaff{ip: 192.168.151.99, host: pr-hdds-1569-g6sp5-2013761785, networkLocation: /rack1, certSerialId: null}, Type:RATIS, Factor:ONE, State:OPEN]
2019-09-26 19:35:55,608 [grpc-default-executor-2] INFO  impl.RaftServerProxy (RaftServerProxy.java:addNew(89)) - 99aa1396-69c4-4985-9b2a-20430cc4a0a7: addNew group-870C395226EC:[99aa1396-69c4-4985-9b2a-20430cc4a0a7:192.168.151.99:40213] returns group-870C395226EC:java.util.concurrent.CompletableFuture@71cbd656[Not completed]
2019-09-26 19:35:55,608 [pool-281-thread-1] INFO  impl.RaftServerImpl (RaftServerImpl.java:<init>(95)) - 99aa1396-69c4-4985-9b2a-20430cc4a0a7: new RaftServerImpl for group-870C395226EC:[99aa1396-69c4-4985-9b2a-20430cc4a0a7:192.168.151.99:40213] with ContainerStateMachine:uninitialized
2019-09-26 19:35:55,609 [pool-281-thread-1] INFO  server.RaftServerConfigKeys (ConfUtils.java:logGet(43)) - raft.server.rpc.timeout.min = 5s (custom)
2019-09-26 19:35:55,609 [pool-281-thread-1] INFO  server.RaftServerConfigKeys (ConfUtils.java:logGet(43)) - raft.server.rpc.timeout.max = 5200ms (custom)
2019-09-26 19:35:55,609 [pool-281-thread-1] INFO  server.RaftServerConfigKeys (ConfUtils.java:logGet(43)) - raft.server.rpcslowness.timeout = 120s (custom)
2019-09-26 19:35:55,609 [pool-281-thread-1] INFO  server.RaftServerConfigKeys (ConfUtils.java:logGet(43)) - raft.server.sleep.deviation.threshold = 300 (default)
2019-09-26 19:35:55,609 [pool-281-thread-1] INFO  server.RaftServerConfigKeys (ConfUtils.java:logGet(43)) - raft.server.log.appender.install.snapshot.enabled = false (custom)
2019-09-26 19:35:55,609 [pool-281-thread-1] INFO  impl.RaftServerImpl (ServerState.java:<init>(103)) - 99aa1396-69c4-4985-9b2a-20430cc4a0a7@group-870C395226EC: ConfigurationManager, init=-1: [99aa1396-69c4-4985-9b2a-20430cc4a0a7:192.168.151.99:40213], old=null, confs=<EMPTY_MAP>
2019-09-26 19:35:55,609 [pool-281-thread-1] INFO  server.RaftServerConfigKeys (ConfUtils.java:logGet(43)) - raft.server.storage.dir = [/workdir/hadoop-ozone/integration-test/target/test-dir/MiniOzoneClusterImpl-2f79a7d3-d7ae-4963-8370-12bb1e2132d7/datanode-2/data/ratis] (custom)
2019-09-26 19:35:55,610 [pool-281-thread-1] INFO  storage.RaftStorageDirectory (RaftStorageDirectory.java:analyzeStorage(246)) - The storage directory /workdir/hadoop-ozone/integration-test/target/test-dir/MiniOzoneClusterImpl-2f79a7d3-d7ae-4963-8370-12bb1e2132d7/datanode-2/data/ratis/ee419241-2a35-48e8-a970-870c395226ec does not exist. Creating ...
2019-09-26 19:35:55,613 [pool-281-thread-1] INFO  storage.RaftStorageDirectory (RaftStorageDirectory.java:tryLock(328)) - Lock on /workdir/hadoop-ozone/integration-test/target/test-dir/MiniOzoneClusterImpl-2f79a7d3-d7ae-4963-8370-12bb1e2132d7/datanode-2/data/ratis/ee419241-2a35-48e8-a970-870c395226ec/in_use.lock acquired by nodename 17888@pr-hdds-1569-g6sp5-2013761785
2019-09-26 19:35:55,617 [pool-281-thread-1] INFO  storage.RaftStorage (RaftStorage.java:format(72)) - Storage directory /workdir/hadoop-ozone/integration-test/target/test-dir/MiniOzoneClusterImpl-2f79a7d3-d7ae-4963-8370-12bb1e2132d7/datanode-2/data/ratis/ee419241-2a35-48e8-a970-870c395226ec has been successfully formatted.
2019-09-26 19:35:55,617 [pool-281-thread-1] INFO  ratis.ContainerStateMachine (ContainerStateMachine.java:loadSnapshot(230)) - group-870C395226EC: The snapshot info is null. Setting the last applied indexto:(t:0, i:~)
2019-09-26 19:35:55,617 [pool-281-thread-1] INFO  server.RaftServerConfigKeys (ConfUtils.java:logGet(43)) - raft.server.notification.no-leader.timeout = 120s (custom)
2019-09-26 19:35:55,617 [pool-281-thread-1] INFO  server.RaftServerConfigKeys (ConfUtils.java:logGet(43)) - raft.server.log.use.memory = false (default)
2019-09-26 19:35:55,617 [pool-281-thread-1] INFO  server.RaftServerConfigKeys (ConfUtils.java:logGet(43)) - raft.server.log.purge.gap = 1000000 (custom)
2019-09-26 19:35:55,617 [pool-281-thread-1] INFO  server.RaftServerConfigKeys (ConfUtils.java:logGet(43)) - raft.server.log.appender.buffer.byte-limit = 33554432 (custom)
2019-09-26 19:35:55,617 [pool-281-thread-1] INFO  server.RaftServerConfigKeys (ConfUtils.java:logGet(43)) - raft.server.log.segment.size.max = 1048576 (custom)
2019-09-26 19:35:55,617 [pool-281-thread-1] INFO  server.RaftServerConfigKeys (ConfUtils.java:logGet(43)) - raft.server.log.segment.cache.num.max = 2 (custom)
2019-09-26 19:35:55,617 [pool-281-thread-1] INFO  segmented.SegmentedRaftLogWorker (SegmentedRaftLogWorker.java:<init>(172)) - new 99aa1396-69c4-4985-9b2a-20430cc4a0a7@group-870C395226EC-SegmentedRaftLogWorker for RaftStorage:Storage Directory /workdir/hadoop-ozone/integration-test/target/test-dir/MiniOzoneClusterImpl-2f79a7d3-d7ae-4963-8370-12bb1e2132d7/datanode-2/data/ratis/ee419241-2a35-48e8-a970-870c395226ec
2019-09-26 19:35:55,618 [pool-281-thread-1] INFO  server.RaftServerConfigKeys (ConfUtils.java:logGet(43)) - raft.server.log.queue.byte-limit = 2147483647 (custom)
2019-09-26 19:35:55,618 [pool-281-thread-1] INFO  server.RaftServerConfigKeys (ConfUtils.java:logGet(43)) - raft.server.log.queue.element-limit = 1024 (custom)
2019-09-26 19:35:55,618 [pool-281-thread-1] INFO  server.RaftServerConfigKeys (ConfUtils.java:logGet(43)) - raft.server.log.segment.size.max = 1048576 (custom)
2019-09-26 19:35:55,618 [pool-281-thread-1] INFO  server.RaftServerConfigKeys (ConfUtils.java:logGet(43)) - raft.server.log.preallocated.size = 16384 (custom)
2019-09-26 19:35:55,618 [pool-281-thread-1] INFO  server.RaftServerConfigKeys (ConfUtils.java:logGet(43)) - raft.server.log.write.buffer.size = 33554432 (custom)
2019-09-26 19:35:55,618 [pool-281-thread-1] INFO  server.RaftServerConfigKeys (ConfUtils.java:logGet(43)) - raft.server.log.force.sync.num = 128 (default)
2019-09-26 19:35:55,618 [pool-281-thread-1] INFO  server.RaftServerConfigKeys (ConfUtils.java:logGet(43)) - raft.server.log.statemachine.data.sync = true (default)
2019-09-26 19:35:55,618 [pool-281-thread-1] INFO  server.RaftServerConfigKeys (ConfUtils.java:logGet(43)) - raft.server.log.statemachine.data.sync.timeout = 10s (default)
2019-09-26 19:35:55,618 [pool-281-thread-1] INFO  server.RaftServerConfigKeys (ConfUtils.java:logGet(43)) - raft.server.log.statemachine.data.sync.timeout.retry = -1 (default)
2019-09-26 19:35:55,618 [pool-281-thread-1] INFO  server.RaftServerConfigKeys (ConfUtils.java:logGet(43)) - raft.server.log.statemachine.data.caching.enabled = true (custom)
2019-09-26 19:35:55,619 [pool-281-thread-1] INFO  segmented.SegmentedRaftLogWorker (SegmentedRaftLogWorker.java:lambda$new$0(132)) - 99aa1396-69c4-4985-9b2a-20430cc4a0a7@group-870C395226EC-SegmentedRaftLogWorker: flushIndex: setUnconditionally 0 -> -1
2019-09-26 19:35:55,619 [pool-281-thread-1] INFO  server.RaftServerConfigKeys (ConfUtils.java:logGet(43)) - raft.server.snapshot.auto.trigger.enabled = true (custom)
2019-09-26 19:35:55,619 [pool-281-thread-1] INFO  server.RaftServerConfigKeys (ConfUtils.java:logGet(43)) - raft.server.snapshot.auto.trigger.threshold = 10000 (custom)
2019-09-26 19:35:55,619 [pool-281-thread-1] INFO  server.RaftServerConfigKeys (ConfUtils.java:logGet(43)) - raft.server.snapshot.retention.num.files = 5 (custom)
2019-09-26 19:35:55,619 [pool-281-thread-1] INFO  server.RaftServerConfigKeys (ConfUtils.java:logGet(43)) - raft.server.retrycache.expirytime = 600000ms (custom)
2019-09-26 19:35:55,620 [pool-281-thread-1] INFO  impl.RaftServerImpl (RaftServerImpl.java:start(185)) - 99aa1396-69c4-4985-9b2a-20430cc4a0a7@group-870C395226EC: start as a follower, conf=-1: [99aa1396-69c4-4985-9b2a-20430cc4a0a7:192.168.151.99:40213], old=null
2019-09-26 19:35:55,620 [pool-281-thread-1] INFO  impl.RaftServerImpl (RaftServerImpl.java:setRole(174)) - 99aa1396-69c4-4985-9b2a-20430cc4a0a7@group-870C395226EC: changes role from      null to FOLLOWER at term 0 for startAsFollower
2019-09-26 19:35:55,620 [pool-281-thread-1] INFO  impl.RoleInfo (RoleInfo.java:updateAndGet(143)) - 99aa1396-69c4-4985-9b2a-20430cc4a0a7: start FollowerState
2019-09-26 19:35:55,621 [pool-281-thread-1] INFO  util.JmxRegister (JmxRegister.java:tryRegister(44)) - Successfully registered JMX Bean with object name Ratis:service=RaftServer,group=group-870C395226EC,id=99aa1396-69c4-4985-9b2a-20430cc4a0a7
2019-09-26 19:35:55,622 [RatisPipelineUtilsThread] INFO  pipeline.PipelineStateManager (PipelineStateManager.java:addPipeline(56)) - Created pipeline Pipeline[ Id: ee419241-2a35-48e8-a970-870c395226ec, Nodes: 99aa1396-69c4-4985-9b2a-20430cc4a0a7{ip: 192.168.151.99, host: pr-hdds-1569-g6sp5-2013761785, networkLocation: /rack1, certSerialId: null}, Type:RATIS, Factor:ONE, State:OPEN]
2019-09-26 19:35:55,623 [grpc-default-executor-2] INFO  impl.RaftServerProxy (RaftServerProxy.java:addNew(89)) - 27cb48db-4b88-4c0c-b213-19f9b2fffaff: addNew group-2F3E80AC4EAF:[27cb48db-4b88-4c0c-b213-19f9b2fffaff:192.168.151.99:37457] returns group-2F3E80AC4EAF:java.util.concurrent.CompletableFuture@3562803e[Not completed]
2019-09-26 19:35:55,623 [pool-261-thread-1] INFO  impl.RaftServerImpl (RaftServerImpl.java:<init>(95)) - 27cb48db-4b88-4c0c-b213-19f9b2fffaff: new RaftServerImpl for group-2F3E80AC4EAF:[27cb48db-4b88-4c0c-b213-19f9b2fffaff:192.168.151.99:37457] with ContainerStateMachine:uninitialized
2019-09-26 19:35:55,624 [pool-261-thread-1] INFO  server.RaftServerConfigKeys (ConfUtils.java:logGet(43)) - raft.server.rpc.timeout.min = 5s (custom)
2019-09-26 19:35:55,624 [pool-261-thread-1] INFO  server.RaftServerConfigKeys (ConfUtils.java:logGet(43)) - raft.server.rpc.timeout.max = 5200ms (custom)
2019-09-26 19:35:55,624 [pool-261-thread-1] INFO  server.RaftServerConfigKeys (ConfUtils.java:logGet(43)) - raft.server.rpcslowness.timeout = 120s (custom)
2019-09-26 19:35:55,624 [pool-261-thread-1] INFO  server.RaftServerConfigKeys (ConfUtils.java:logGet(43)) - raft.server.sleep.deviation.threshold = 300 (default)
2019-09-26 19:35:55,624 [pool-261-thread-1] INFO  server.RaftServerConfigKeys (ConfUtils.java:logGet(43)) - raft.server.log.appender.install.snapshot.enabled = false (custom)
2019-09-26 19:35:55,624 [pool-261-thread-1] INFO  impl.RaftServerImpl (ServerState.java:<init>(103)) - 27cb48db-4b88-4c0c-b213-19f9b2fffaff@group-2F3E80AC4EAF: ConfigurationManager, init=-1: [27cb48db-4b88-4c0c-b213-19f9b2fffaff:192.168.151.99:37457], old=null, confs=<EMPTY_MAP>
2019-09-26 19:35:55,624 [pool-261-thread-1] INFO  server.RaftServerConfigKeys (ConfUtils.java:logGet(43)) - raft.server.storage.dir = [/workdir/hadoop-ozone/integration-test/target/test-dir/MiniOzoneClusterImpl-2f79a7d3-d7ae-4963-8370-12bb1e2132d7/datanode-0/data/ratis] (custom)
2019-09-26 19:35:55,624 [pool-261-thread-1] INFO  storage.RaftStorageDirectory (RaftStorageDirectory.java:analyzeStorage(246)) - The storage directory /workdir/hadoop-ozone/integration-test/target/test-dir/MiniOzoneClusterImpl-2f79a7d3-d7ae-4963-8370-12bb1e2132d7/datanode-0/data/ratis/76e76fab-3875-4fe0-9d37-2f3e80ac4eaf does not exist. Creating ...
2019-09-26 19:35:55,628 [pool-261-thread-1] INFO  storage.RaftStorageDirectory (RaftStorageDirectory.java:tryLock(328)) - Lock on /workdir/hadoop-ozone/integration-test/target/test-dir/MiniOzoneClusterImpl-2f79a7d3-d7ae-4963-8370-12bb1e2132d7/datanode-0/data/ratis/76e76fab-3875-4fe0-9d37-2f3e80ac4eaf/in_use.lock acquired by nodename 17888@pr-hdds-1569-g6sp5-2013761785
2019-09-26 19:35:55,632 [pool-261-thread-1] INFO  storage.RaftStorage (RaftStorage.java:format(72)) - Storage directory /workdir/hadoop-ozone/integration-test/target/test-dir/MiniOzoneClusterImpl-2f79a7d3-d7ae-4963-8370-12bb1e2132d7/datanode-0/data/ratis/76e76fab-3875-4fe0-9d37-2f3e80ac4eaf has been successfully formatted.
2019-09-26 19:35:55,632 [pool-261-thread-1] INFO  ratis.ContainerStateMachine (ContainerStateMachine.java:loadSnapshot(230)) - group-2F3E80AC4EAF: The snapshot info is null. Setting the last applied indexto:(t:0, i:~)
2019-09-26 19:35:55,632 [pool-261-thread-1] INFO  server.RaftServerConfigKeys (ConfUtils.java:logGet(43)) - raft.server.notification.no-leader.timeout = 120s (custom)
2019-09-26 19:35:55,632 [pool-261-thread-1] INFO  server.RaftServerConfigKeys (ConfUtils.java:logGet(43)) - raft.server.log.use.memory = false (default)
2019-09-26 19:35:55,632 [pool-261-thread-1] INFO  server.RaftServerConfigKeys (ConfUtils.java:logGet(43)) - raft.server.log.purge.gap = 1000000 (custom)
2019-09-26 19:35:55,632 [pool-261-thread-1] INFO  server.RaftServerConfigKeys (ConfUtils.java:logGet(43)) - raft.server.log.appender.buffer.byte-limit = 33554432 (custom)
2019-09-26 19:35:55,632 [pool-261-thread-1] INFO  server.RaftServerConfigKeys (ConfUtils.java:logGet(43)) - raft.server.log.segment.size.max = 1048576 (custom)
2019-09-26 19:35:55,632 [pool-261-thread-1] INFO  server.RaftServerConfigKeys (ConfUtils.java:logGet(43)) - raft.server.log.segment.cache.num.max = 2 (custom)
2019-09-26 19:35:55,632 [pool-261-thread-1] INFO  segmented.SegmentedRaftLogWorker (SegmentedRaftLogWorker.java:<init>(172)) - new 27cb48db-4b88-4c0c-b213-19f9b2fffaff@group-2F3E80AC4EAF-SegmentedRaftLogWorker for RaftStorage:Storage Directory /workdir/hadoop-ozone/integration-test/target/test-dir/MiniOzoneClusterImpl-2f79a7d3-d7ae-4963-8370-12bb1e2132d7/datanode-0/data/ratis/76e76fab-3875-4fe0-9d37-2f3e80ac4eaf
2019-09-26 19:35:55,632 [pool-261-thread-1] INFO  server.RaftServerConfigKeys (ConfUtils.java:logGet(43)) - raft.server.log.queue.byte-limit = 2147483647 (custom)
2019-09-26 19:35:55,632 [pool-261-thread-1] INFO  server.RaftServerConfigKeys (ConfUtils.java:logGet(43)) - raft.server.log.queue.element-limit = 1024 (custom)
2019-09-26 19:35:55,632 [pool-261-thread-1] INFO  server.RaftServerConfigKeys (ConfUtils.java:logGet(43)) - raft.server.log.segment.size.max = 1048576 (custom)
2019-09-26 19:35:55,632 [pool-261-thread-1] INFO  server.RaftServerConfigKeys (ConfUtils.java:logGet(43)) - raft.server.log.preallocated.size = 16384 (custom)
2019-09-26 19:35:55,632 [pool-261-thread-1] INFO  server.RaftServerConfigKeys (ConfUtils.java:logGet(43)) - raft.server.log.write.buffer.size = 33554432 (custom)
2019-09-26 19:35:55,633 [pool-261-thread-1] INFO  server.RaftServerConfigKeys (ConfUtils.java:logGet(43)) - raft.server.log.force.sync.num = 128 (default)
2019-09-26 19:35:55,633 [pool-261-thread-1] INFO  server.RaftServerConfigKeys (ConfUtils.java:logGet(43)) - raft.server.log.statemachine.data.sync = true (default)
2019-09-26 19:35:55,633 [pool-261-thread-1] INFO  server.RaftServerConfigKeys (ConfUtils.java:logGet(43)) - raft.server.log.statemachine.data.sync.timeout = 10s (default)
2019-09-26 19:35:55,633 [pool-261-thread-1] INFO  server.RaftServerConfigKeys (ConfUtils.java:logGet(43)) - raft.server.log.statemachine.data.sync.timeout.retry = -1 (default)
2019-09-26 19:35:55,633 [pool-261-thread-1] INFO  server.RaftServerConfigKeys (ConfUtils.java:logGet(43)) - raft.server.log.statemachine.data.caching.enabled = true (custom)
2019-09-26 19:35:55,633 [pool-261-thread-1] INFO  segmented.SegmentedRaftLogWorker (SegmentedRaftLogWorker.java:lambda$new$0(132)) - 27cb48db-4b88-4c0c-b213-19f9b2fffaff@group-2F3E80AC4EAF-SegmentedRaftLogWorker: flushIndex: setUnconditionally 0 -> -1
2019-09-26 19:35:55,633 [pool-261-thread-1] INFO  server.RaftServerConfigKeys (ConfUtils.java:logGet(43)) - raft.server.snapshot.auto.trigger.enabled = true (custom)
2019-09-26 19:35:55,633 [pool-261-thread-1] INFO  server.RaftServerConfigKeys (ConfUtils.java:logGet(43)) - raft.server.snapshot.auto.trigger.threshold = 10000 (custom)
2019-09-26 19:35:55,633 [pool-261-thread-1] INFO  server.RaftServerConfigKeys (ConfUtils.java:logGet(43)) - raft.server.snapshot.retention.num.files = 5 (custom)
2019-09-26 19:35:55,633 [pool-261-thread-1] INFO  server.RaftServerConfigKeys (ConfUtils.java:logGet(43)) - raft.server.retrycache.expirytime = 600000ms (custom)
2019-09-26 19:35:55,634 [pool-261-thread-1] INFO  impl.RaftServerImpl (RaftServerImpl.java:start(185)) - 27cb48db-4b88-4c0c-b213-19f9b2fffaff@group-2F3E80AC4EAF: start as a follower, conf=-1: [27cb48db-4b88-4c0c-b213-19f9b2fffaff:192.168.151.99:37457], old=null
2019-09-26 19:35:55,634 [pool-261-thread-1] INFO  impl.RaftServerImpl (RaftServerImpl.java:setRole(174)) - 27cb48db-4b88-4c0c-b213-19f9b2fffaff@group-2F3E80AC4EAF: changes role from      null to FOLLOWER at term 0 for startAsFollower
2019-09-26 19:35:55,634 [pool-261-thread-1] INFO  impl.RoleInfo (RoleInfo.java:updateAndGet(143)) - 27cb48db-4b88-4c0c-b213-19f9b2fffaff: start FollowerState
2019-09-26 19:35:55,634 [pool-261-thread-1] INFO  util.JmxRegister (JmxRegister.java:tryRegister(44)) - Successfully registered JMX Bean with object name Ratis:service=RaftServer,group=group-2F3E80AC4EAF,id=27cb48db-4b88-4c0c-b213-19f9b2fffaff
2019-09-26 19:35:55,635 [RatisPipelineUtilsThread] INFO  pipeline.PipelineStateManager (PipelineStateManager.java:addPipeline(56)) - Created pipeline Pipeline[ Id: 76e76fab-3875-4fe0-9d37-2f3e80ac4eaf, Nodes: 27cb48db-4b88-4c0c-b213-19f9b2fffaff{ip: 192.168.151.99, host: pr-hdds-1569-g6sp5-2013761785, networkLocation: /rack1, certSerialId: null}, Type:RATIS, Factor:ONE, State:OPEN]
2019-09-26 19:35:55,637 [grpc-default-executor-2] INFO  impl.RaftServerProxy (RaftServerProxy.java:addNew(89)) - 728ea44c-f097-440a-a87e-c27a68d48f14: addNew group-D72684960A38:[728ea44c-f097-440a-a87e-c27a68d48f14:192.168.151.99:38783] returns group-D72684960A38:java.util.concurrent.CompletableFuture@52dd6fb1[Not completed]
2019-09-26 19:35:55,637 [pool-271-thread-1] INFO  impl.RaftServerImpl (RaftServerImpl.java:<init>(95)) - 728ea44c-f097-440a-a87e-c27a68d48f14: new RaftServerImpl for group-D72684960A38:[728ea44c-f097-440a-a87e-c27a68d48f14:192.168.151.99:38783] with ContainerStateMachine:uninitialized
2019-09-26 19:35:55,638 [pool-271-thread-1] INFO  server.RaftServerConfigKeys (ConfUtils.java:logGet(43)) - raft.server.rpc.timeout.min = 5s (custom)
2019-09-26 19:35:55,638 [pool-271-thread-1] INFO  server.RaftServerConfigKeys (ConfUtils.java:logGet(43)) - raft.server.rpc.timeout.max = 5200ms (custom)
2019-09-26 19:35:55,638 [pool-271-thread-1] INFO  server.RaftServerConfigKeys (ConfUtils.java:logGet(43)) - raft.server.rpcslowness.timeout = 120s (custom)
2019-09-26 19:35:55,638 [pool-271-thread-1] INFO  server.RaftServerConfigKeys (ConfUtils.java:logGet(43)) - raft.server.sleep.deviation.threshold = 300 (default)
2019-09-26 19:35:55,638 [pool-271-thread-1] INFO  server.RaftServerConfigKeys (ConfUtils.java:logGet(43)) - raft.server.log.appender.install.snapshot.enabled = false (custom)
2019-09-26 19:35:55,638 [pool-271-thread-1] INFO  impl.RaftServerImpl (ServerState.java:<init>(103)) - 728ea44c-f097-440a-a87e-c27a68d48f14@group-D72684960A38: ConfigurationManager, init=-1: [728ea44c-f097-440a-a87e-c27a68d48f14:192.168.151.99:38783], old=null, confs=<EMPTY_MAP>
2019-09-26 19:35:55,638 [pool-271-thread-1] INFO  server.RaftServerConfigKeys (ConfUtils.java:logGet(43)) - raft.server.storage.dir = [/workdir/hadoop-ozone/integration-test/target/test-dir/MiniOzoneClusterImpl-2f79a7d3-d7ae-4963-8370-12bb1e2132d7/datanode-1/data/ratis] (custom)
2019-09-26 19:35:55,639 [pool-271-thread-1] INFO  storage.RaftStorageDirectory (RaftStorageDirectory.java:analyzeStorage(246)) - The storage directory /workdir/hadoop-ozone/integration-test/target/test-dir/MiniOzoneClusterImpl-2f79a7d3-d7ae-4963-8370-12bb1e2132d7/datanode-1/data/ratis/78a0696d-9bfe-4a16-87f2-d72684960a38 does not exist. Creating ...
2019-09-26 19:35:55,673 [pool-271-thread-1] INFO  storage.RaftStorageDirectory (RaftStorageDirectory.java:tryLock(328)) - Lock on /workdir/hadoop-ozone/integration-test/target/test-dir/MiniOzoneClusterImpl-2f79a7d3-d7ae-4963-8370-12bb1e2132d7/datanode-1/data/ratis/78a0696d-9bfe-4a16-87f2-d72684960a38/in_use.lock acquired by nodename 17888@pr-hdds-1569-g6sp5-2013761785
2019-09-26 19:35:55,687 [pool-271-thread-1] INFO  storage.RaftStorage (RaftStorage.java:format(72)) - Storage directory /workdir/hadoop-ozone/integration-test/target/test-dir/MiniOzoneClusterImpl-2f79a7d3-d7ae-4963-8370-12bb1e2132d7/datanode-1/data/ratis/78a0696d-9bfe-4a16-87f2-d72684960a38 has been successfully formatted.
2019-09-26 19:35:55,687 [pool-271-thread-1] INFO  ratis.ContainerStateMachine (ContainerStateMachine.java:loadSnapshot(230)) - group-D72684960A38: The snapshot info is null. Setting the last applied indexto:(t:0, i:~)
2019-09-26 19:35:55,688 [pool-271-thread-1] INFO  server.RaftServerConfigKeys (ConfUtils.java:logGet(43)) - raft.server.notification.no-leader.timeout = 120s (custom)
2019-09-26 19:35:55,688 [pool-271-thread-1] INFO  server.RaftServerConfigKeys (ConfUtils.java:logGet(43)) - raft.server.log.use.memory = false (default)
2019-09-26 19:35:55,688 [pool-271-thread-1] INFO  server.RaftServerConfigKeys (ConfUtils.java:logGet(43)) - raft.server.log.purge.gap = 1000000 (custom)
2019-09-26 19:35:55,688 [pool-271-thread-1] INFO  server.RaftServerConfigKeys (ConfUtils.java:logGet(43)) - raft.server.log.appender.buffer.byte-limit = 33554432 (custom)
2019-09-26 19:35:55,688 [pool-271-thread-1] INFO  server.RaftServerConfigKeys (ConfUtils.java:logGet(43)) - raft.server.log.segment.size.max = 1048576 (custom)
2019-09-26 19:35:55,688 [pool-271-thread-1] INFO  server.RaftServerConfigKeys (ConfUtils.java:logGet(43)) - raft.server.log.segment.cache.num.max = 2 (custom)
2019-09-26 19:35:55,688 [pool-271-thread-1] INFO  segmented.SegmentedRaftLogWorker (SegmentedRaftLogWorker.java:<init>(172)) - new 728ea44c-f097-440a-a87e-c27a68d48f14@group-D72684960A38-SegmentedRaftLogWorker for RaftStorage:Storage Directory /workdir/hadoop-ozone/integration-test/target/test-dir/MiniOzoneClusterImpl-2f79a7d3-d7ae-4963-8370-12bb1e2132d7/datanode-1/data/ratis/78a0696d-9bfe-4a16-87f2-d72684960a38
2019-09-26 19:35:55,688 [pool-271-thread-1] INFO  server.RaftServerConfigKeys (ConfUtils.java:logGet(43)) - raft.server.log.queue.byte-limit = 2147483647 (custom)
2019-09-26 19:35:55,688 [pool-271-thread-1] INFO  server.RaftServerConfigKeys (ConfUtils.java:logGet(43)) - raft.server.log.queue.element-limit = 1024 (custom)
2019-09-26 19:35:55,689 [pool-271-thread-1] INFO  server.RaftServerConfigKeys (ConfUtils.java:logGet(43)) - raft.server.log.segment.size.max = 1048576 (custom)
2019-09-26 19:35:55,689 [pool-271-thread-1] INFO  server.RaftServerConfigKeys (ConfUtils.java:logGet(43)) - raft.server.log.preallocated.size = 16384 (custom)
2019-09-26 19:35:55,689 [pool-271-thread-1] INFO  server.RaftServerConfigKeys (ConfUtils.java:logGet(43)) - raft.server.log.write.buffer.size = 33554432 (custom)
2019-09-26 19:35:55,689 [pool-271-thread-1] INFO  server.RaftServerConfigKeys (ConfUtils.java:logGet(43)) - raft.server.log.force.sync.num = 128 (default)
2019-09-26 19:35:55,689 [pool-271-thread-1] INFO  server.RaftServerConfigKeys (ConfUtils.java:logGet(43)) - raft.server.log.statemachine.data.sync = true (default)
2019-09-26 19:35:55,689 [pool-271-thread-1] INFO  server.RaftServerConfigKeys (ConfUtils.java:logGet(43)) - raft.server.log.statemachine.data.sync.timeout = 10s (default)
2019-09-26 19:35:55,689 [pool-271-thread-1] INFO  server.RaftServerConfigKeys (ConfUtils.java:logGet(43)) - raft.server.log.statemachine.data.sync.timeout.retry = -1 (default)
2019-09-26 19:35:55,689 [pool-271-thread-1] INFO  server.RaftServerConfigKeys (ConfUtils.java:logGet(43)) - raft.server.log.statemachine.data.caching.enabled = true (custom)
2019-09-26 19:35:55,689 [pool-271-thread-1] INFO  segmented.SegmentedRaftLogWorker (SegmentedRaftLogWorker.java:lambda$new$0(132)) - 728ea44c-f097-440a-a87e-c27a68d48f14@group-D72684960A38-SegmentedRaftLogWorker: flushIndex: setUnconditionally 0 -> -1
2019-09-26 19:35:55,690 [pool-271-thread-1] INFO  server.RaftServerConfigKeys (ConfUtils.java:logGet(43)) - raft.server.snapshot.auto.trigger.enabled = true (custom)
2019-09-26 19:35:55,690 [pool-271-thread-1] INFO  server.RaftServerConfigKeys (ConfUtils.java:logGet(43)) - raft.server.snapshot.auto.trigger.threshold = 10000 (custom)
2019-09-26 19:35:55,690 [pool-271-thread-1] INFO  server.RaftServerConfigKeys (ConfUtils.java:logGet(43)) - raft.server.snapshot.retention.num.files = 5 (custom)
2019-09-26 19:35:55,690 [pool-271-thread-1] INFO  server.RaftServerConfigKeys (ConfUtils.java:logGet(43)) - raft.server.retrycache.expirytime = 600000ms (custom)
2019-09-26 19:35:55,691 [pool-271-thread-1] INFO  impl.RaftServerImpl (RaftServerImpl.java:start(185)) - 728ea44c-f097-440a-a87e-c27a68d48f14@group-D72684960A38: start as a follower, conf=-1: [728ea44c-f097-440a-a87e-c27a68d48f14:192.168.151.99:38783], old=null
2019-09-26 19:35:55,691 [pool-271-thread-1] INFO  impl.RaftServerImpl (RaftServerImpl.java:setRole(174)) - 728ea44c-f097-440a-a87e-c27a68d48f14@group-D72684960A38: changes role from      null to FOLLOWER at term 0 for startAsFollower
2019-09-26 19:35:55,691 [pool-271-thread-1] INFO  impl.RoleInfo (RoleInfo.java:updateAndGet(143)) - 728ea44c-f097-440a-a87e-c27a68d48f14: start FollowerState
2019-09-26 19:35:55,692 [pool-271-thread-1] INFO  util.JmxRegister (JmxRegister.java:tryRegister(44)) - Successfully registered JMX Bean with object name Ratis:service=RaftServer,group=group-D72684960A38,id=728ea44c-f097-440a-a87e-c27a68d48f14
2019-09-26 19:35:55,693 [RatisPipelineUtilsThread] INFO  pipeline.PipelineStateManager (PipelineStateManager.java:addPipeline(56)) - Created pipeline Pipeline[ Id: 78a0696d-9bfe-4a16-87f2-d72684960a38, Nodes: 728ea44c-f097-440a-a87e-c27a68d48f14{ip: 192.168.151.99, host: pr-hdds-1569-g6sp5-2013761785, networkLocation: /rack1, certSerialId: null}, Type:RATIS, Factor:ONE, State:OPEN]
2019-09-26 19:35:55,694 [grpc-default-executor-2] INFO  impl.RaftServerProxy (RaftServerProxy.java:addNew(89)) - 728ea44c-f097-440a-a87e-c27a68d48f14: addNew group-6645935B50E3:[728ea44c-f097-440a-a87e-c27a68d48f14:192.168.151.99:38783] returns group-6645935B50E3:java.util.concurrent.CompletableFuture@6f5f8143[Not completed]
2019-09-26 19:35:55,695 [pool-271-thread-1] INFO  impl.RaftServerImpl (RaftServerImpl.java:<init>(95)) - 728ea44c-f097-440a-a87e-c27a68d48f14: new RaftServerImpl for group-6645935B50E3:[728ea44c-f097-440a-a87e-c27a68d48f14:192.168.151.99:38783] with ContainerStateMachine:uninitialized
2019-09-26 19:35:55,695 [pool-271-thread-1] INFO  server.RaftServerConfigKeys (ConfUtils.java:logGet(43)) - raft.server.rpc.timeout.min = 5s (custom)
2019-09-26 19:35:55,695 [pool-271-thread-1] INFO  server.RaftServerConfigKeys (ConfUtils.java:logGet(43)) - raft.server.rpc.timeout.max = 5200ms (custom)
2019-09-26 19:35:55,695 [pool-271-thread-1] INFO  server.RaftServerConfigKeys (ConfUtils.java:logGet(43)) - raft.server.rpcslowness.timeout = 120s (custom)
2019-09-26 19:35:55,695 [pool-271-thread-1] INFO  server.RaftServerConfigKeys (ConfUtils.java:logGet(43)) - raft.server.sleep.deviation.threshold = 300 (default)
2019-09-26 19:35:55,695 [pool-271-thread-1] INFO  server.RaftServerConfigKeys (ConfUtils.java:logGet(43)) - raft.server.log.appender.install.snapshot.enabled = false (custom)
2019-09-26 19:35:55,695 [pool-271-thread-1] INFO  impl.RaftServerImpl (ServerState.java:<init>(103)) - 728ea44c-f097-440a-a87e-c27a68d48f14@group-6645935B50E3: ConfigurationManager, init=-1: [728ea44c-f097-440a-a87e-c27a68d48f14:192.168.151.99:38783], old=null, confs=<EMPTY_MAP>
2019-09-26 19:35:55,695 [pool-271-thread-1] INFO  server.RaftServerConfigKeys (ConfUtils.java:logGet(43)) - raft.server.storage.dir = [/workdir/hadoop-ozone/integration-test/target/test-dir/MiniOzoneClusterImpl-2f79a7d3-d7ae-4963-8370-12bb1e2132d7/datanode-1/data/ratis] (custom)
2019-09-26 19:35:55,696 [pool-271-thread-1] INFO  storage.RaftStorageDirectory (RaftStorageDirectory.java:analyzeStorage(246)) - The storage directory /workdir/hadoop-ozone/integration-test/target/test-dir/MiniOzoneClusterImpl-2f79a7d3-d7ae-4963-8370-12bb1e2132d7/datanode-1/data/ratis/14ec3c25-641e-40fa-959c-6645935b50e3 does not exist. Creating ...
2019-09-26 19:35:55,706 [pool-271-thread-1] INFO  storage.RaftStorageDirectory (RaftStorageDirectory.java:tryLock(328)) - Lock on /workdir/hadoop-ozone/integration-test/target/test-dir/MiniOzoneClusterImpl-2f79a7d3-d7ae-4963-8370-12bb1e2132d7/datanode-1/data/ratis/14ec3c25-641e-40fa-959c-6645935b50e3/in_use.lock acquired by nodename 17888@pr-hdds-1569-g6sp5-2013761785
2019-09-26 19:35:55,719 [pool-271-thread-1] INFO  storage.RaftStorage (RaftStorage.java:format(72)) - Storage directory /workdir/hadoop-ozone/integration-test/target/test-dir/MiniOzoneClusterImpl-2f79a7d3-d7ae-4963-8370-12bb1e2132d7/datanode-1/data/ratis/14ec3c25-641e-40fa-959c-6645935b50e3 has been successfully formatted.
2019-09-26 19:35:55,719 [pool-271-thread-1] INFO  ratis.ContainerStateMachine (ContainerStateMachine.java:loadSnapshot(230)) - group-6645935B50E3: The snapshot info is null. Setting the last applied indexto:(t:0, i:~)
2019-09-26 19:35:55,720 [pool-271-thread-1] INFO  server.RaftServerConfigKeys (ConfUtils.java:logGet(43)) - raft.server.notification.no-leader.timeout = 120s (custom)
2019-09-26 19:35:55,720 [pool-271-thread-1] INFO  server.RaftServerConfigKeys (ConfUtils.java:logGet(43)) - raft.server.log.use.memory = false (default)
2019-09-26 19:35:55,720 [pool-271-thread-1] INFO  server.RaftServerConfigKeys (ConfUtils.java:logGet(43)) - raft.server.log.purge.gap = 1000000 (custom)
2019-09-26 19:35:55,720 [pool-271-thread-1] INFO  server.RaftServerConfigKeys (ConfUtils.java:logGet(43)) - raft.server.log.appender.buffer.byte-limit = 33554432 (custom)
2019-09-26 19:35:55,720 [pool-271-thread-1] INFO  server.RaftServerConfigKeys (ConfUtils.java:logGet(43)) - raft.server.log.segment.size.max = 1048576 (custom)
2019-09-26 19:35:55,720 [pool-271-thread-1] INFO  server.RaftServerConfigKeys (ConfUtils.java:logGet(43)) - raft.server.log.segment.cache.num.max = 2 (custom)
2019-09-26 19:35:55,720 [pool-271-thread-1] INFO  segmented.SegmentedRaftLogWorker (SegmentedRaftLogWorker.java:<init>(172)) - new 728ea44c-f097-440a-a87e-c27a68d48f14@group-6645935B50E3-SegmentedRaftLogWorker for RaftStorage:Storage Directory /workdir/hadoop-ozone/integration-test/target/test-dir/MiniOzoneClusterImpl-2f79a7d3-d7ae-4963-8370-12bb1e2132d7/datanode-1/data/ratis/14ec3c25-641e-40fa-959c-6645935b50e3
2019-09-26 19:35:55,720 [pool-271-thread-1] INFO  server.RaftServerConfigKeys (ConfUtils.java:logGet(43)) - raft.server.log.queue.byte-limit = 2147483647 (custom)
2019-09-26 19:35:55,720 [pool-271-thread-1] INFO  server.RaftServerConfigKeys (ConfUtils.java:logGet(43)) - raft.server.log.queue.element-limit = 1024 (custom)
2019-09-26 19:35:55,720 [pool-271-thread-1] INFO  server.RaftServerConfigKeys (ConfUtils.java:logGet(43)) - raft.server.log.segment.size.max = 1048576 (custom)
2019-09-26 19:35:55,720 [pool-271-thread-1] INFO  server.RaftServerConfigKeys (ConfUtils.java:logGet(43)) - raft.server.log.preallocated.size = 16384 (custom)
2019-09-26 19:35:55,721 [pool-271-thread-1] INFO  server.RaftServerConfigKeys (ConfUtils.java:logGet(43)) - raft.server.log.write.buffer.size = 33554432 (custom)
2019-09-26 19:35:55,721 [pool-271-thread-1] INFO  server.RaftServerConfigKeys (ConfUtils.java:logGet(43)) - raft.server.log.force.sync.num = 128 (default)
2019-09-26 19:35:55,721 [pool-271-thread-1] INFO  server.RaftServerConfigKeys (ConfUtils.java:logGet(43)) - raft.server.log.statemachine.data.sync = true (default)
2019-09-26 19:35:55,721 [pool-271-thread-1] INFO  server.RaftServerConfigKeys (ConfUtils.java:logGet(43)) - raft.server.log.statemachine.data.sync.timeout = 10s (default)
2019-09-26 19:35:55,721 [pool-271-thread-1] INFO  server.RaftServerConfigKeys (ConfUtils.java:logGet(43)) - raft.server.log.statemachine.data.sync.timeout.retry = -1 (default)
2019-09-26 19:35:55,721 [pool-271-thread-1] INFO  server.RaftServerConfigKeys (ConfUtils.java:logGet(43)) - raft.server.log.statemachine.data.caching.enabled = true (custom)
2019-09-26 19:35:55,721 [pool-271-thread-1] INFO  segmented.SegmentedRaftLogWorker (SegmentedRaftLogWorker.java:lambda$new$0(132)) - 728ea44c-f097-440a-a87e-c27a68d48f14@group-6645935B50E3-SegmentedRaftLogWorker: flushIndex: setUnconditionally 0 -> -1
2019-09-26 19:35:55,721 [pool-271-thread-1] INFO  server.RaftServerConfigKeys (ConfUtils.java:logGet(43)) - raft.server.snapshot.auto.trigger.enabled = true (custom)
2019-09-26 19:35:55,722 [pool-271-thread-1] INFO  server.RaftServerConfigKeys (ConfUtils.java:logGet(43)) - raft.server.snapshot.auto.trigger.threshold = 10000 (custom)
2019-09-26 19:35:55,722 [pool-271-thread-1] INFO  server.RaftServerConfigKeys (ConfUtils.java:logGet(43)) - raft.server.snapshot.retention.num.files = 5 (custom)
2019-09-26 19:35:55,722 [pool-271-thread-1] INFO  server.RaftServerConfigKeys (ConfUtils.java:logGet(43)) - raft.server.retrycache.expirytime = 600000ms (custom)
2019-09-26 19:35:55,723 [pool-271-thread-1] INFO  impl.RaftServerImpl (RaftServerImpl.java:start(185)) - 728ea44c-f097-440a-a87e-c27a68d48f14@group-6645935B50E3: start as a follower, conf=-1: [728ea44c-f097-440a-a87e-c27a68d48f14:192.168.151.99:38783], old=null
2019-09-26 19:35:55,723 [pool-271-thread-1] INFO  impl.RaftServerImpl (RaftServerImpl.java:setRole(174)) - 728ea44c-f097-440a-a87e-c27a68d48f14@group-6645935B50E3: changes role from      null to FOLLOWER at term 0 for startAsFollower
2019-09-26 19:35:55,723 [pool-271-thread-1] INFO  impl.RoleInfo (RoleInfo.java:updateAndGet(143)) - 728ea44c-f097-440a-a87e-c27a68d48f14: start FollowerState
2019-09-26 19:35:55,723 [pool-271-thread-1] INFO  util.JmxRegister (JmxRegister.java:tryRegister(44)) - Successfully registered JMX Bean with object name Ratis:service=RaftServer,group=group-6645935B50E3,id=728ea44c-f097-440a-a87e-c27a68d48f14
2019-09-26 19:35:55,724 [RatisPipelineUtilsThread] INFO  pipeline.PipelineStateManager (PipelineStateManager.java:addPipeline(56)) - Created pipeline Pipeline[ Id: 14ec3c25-641e-40fa-959c-6645935b50e3, Nodes: 728ea44c-f097-440a-a87e-c27a68d48f14{ip: 192.168.151.99, host: pr-hdds-1569-g6sp5-2013761785, networkLocation: /rack1, certSerialId: null}, Type:RATIS, Factor:ONE, State:OPEN]
2019-09-26 19:35:55,726 [grpc-default-executor-2] INFO  impl.RaftServerProxy (RaftServerProxy.java:addNew(89)) - 27cb48db-4b88-4c0c-b213-19f9b2fffaff: addNew group-089574044510:[27cb48db-4b88-4c0c-b213-19f9b2fffaff:192.168.151.99:37457] returns group-089574044510:java.util.concurrent.CompletableFuture@7092cf00[Not completed]
2019-09-26 19:35:55,727 [pool-261-thread-1] INFO  impl.RaftServerImpl (RaftServerImpl.java:<init>(95)) - 27cb48db-4b88-4c0c-b213-19f9b2fffaff: new RaftServerImpl for group-089574044510:[27cb48db-4b88-4c0c-b213-19f9b2fffaff:192.168.151.99:37457] with ContainerStateMachine:uninitialized
2019-09-26 19:35:55,727 [pool-261-thread-1] INFO  server.RaftServerConfigKeys (ConfUtils.java:logGet(43)) - raft.server.rpc.timeout.min = 5s (custom)
2019-09-26 19:35:55,727 [pool-261-thread-1] INFO  server.RaftServerConfigKeys (ConfUtils.java:logGet(43)) - raft.server.rpc.timeout.max = 5200ms (custom)
2019-09-26 19:35:55,727 [pool-261-thread-1] INFO  server.RaftServerConfigKeys (ConfUtils.java:logGet(43)) - raft.server.rpcslowness.timeout = 120s (custom)
2019-09-26 19:35:55,727 [pool-261-thread-1] INFO  server.RaftServerConfigKeys (ConfUtils.java:logGet(43)) - raft.server.sleep.deviation.threshold = 300 (default)
2019-09-26 19:35:55,727 [pool-261-thread-1] INFO  server.RaftServerConfigKeys (ConfUtils.java:logGet(43)) - raft.server.log.appender.install.snapshot.enabled = false (custom)
2019-09-26 19:35:55,727 [pool-261-thread-1] INFO  impl.RaftServerImpl (ServerState.java:<init>(103)) - 27cb48db-4b88-4c0c-b213-19f9b2fffaff@group-089574044510: ConfigurationManager, init=-1: [27cb48db-4b88-4c0c-b213-19f9b2fffaff:192.168.151.99:37457], old=null, confs=<EMPTY_MAP>
2019-09-26 19:35:55,727 [pool-261-thread-1] INFO  server.RaftServerConfigKeys (ConfUtils.java:logGet(43)) - raft.server.storage.dir = [/workdir/hadoop-ozone/integration-test/target/test-dir/MiniOzoneClusterImpl-2f79a7d3-d7ae-4963-8370-12bb1e2132d7/datanode-0/data/ratis] (custom)
2019-09-26 19:35:55,727 [pool-261-thread-1] INFO  storage.RaftStorageDirectory (RaftStorageDirectory.java:analyzeStorage(246)) - The storage directory /workdir/hadoop-ozone/integration-test/target/test-dir/MiniOzoneClusterImpl-2f79a7d3-d7ae-4963-8370-12bb1e2132d7/datanode-0/data/ratis/b2b1ff85-1efc-4980-adac-089574044510 does not exist. Creating ...
2019-09-26 19:35:55,740 [pool-261-thread-1] INFO  storage.RaftStorageDirectory (RaftStorageDirectory.java:tryLock(328)) - Lock on /workdir/hadoop-ozone/integration-test/target/test-dir/MiniOzoneClusterImpl-2f79a7d3-d7ae-4963-8370-12bb1e2132d7/datanode-0/data/ratis/b2b1ff85-1efc-4980-adac-089574044510/in_use.lock acquired by nodename 17888@pr-hdds-1569-g6sp5-2013761785
2019-09-26 19:35:55,753 [pool-261-thread-1] INFO  storage.RaftStorage (RaftStorage.java:format(72)) - Storage directory /workdir/hadoop-ozone/integration-test/target/test-dir/MiniOzoneClusterImpl-2f79a7d3-d7ae-4963-8370-12bb1e2132d7/datanode-0/data/ratis/b2b1ff85-1efc-4980-adac-089574044510 has been successfully formatted.
2019-09-26 19:35:55,753 [pool-261-thread-1] INFO  ratis.ContainerStateMachine (ContainerStateMachine.java:loadSnapshot(230)) - group-089574044510: The snapshot info is null. Setting the last applied indexto:(t:0, i:~)
2019-09-26 19:35:55,753 [pool-261-thread-1] INFO  server.RaftServerConfigKeys (ConfUtils.java:logGet(43)) - raft.server.notification.no-leader.timeout = 120s (custom)
2019-09-26 19:35:55,753 [pool-261-thread-1] INFO  server.RaftServerConfigKeys (ConfUtils.java:logGet(43)) - raft.server.log.use.memory = false (default)
2019-09-26 19:35:55,753 [pool-261-thread-1] INFO  server.RaftServerConfigKeys (ConfUtils.java:logGet(43)) - raft.server.log.purge.gap = 1000000 (custom)
2019-09-26 19:35:55,753 [pool-261-thread-1] INFO  server.RaftServerConfigKeys (ConfUtils.java:logGet(43)) - raft.server.log.appender.buffer.byte-limit = 33554432 (custom)
2019-09-26 19:35:55,753 [pool-261-thread-1] INFO  server.RaftServerConfigKeys (ConfUtils.java:logGet(43)) - raft.server.log.segment.size.max = 1048576 (custom)
2019-09-26 19:35:55,753 [pool-261-thread-1] INFO  server.RaftServerConfigKeys (ConfUtils.java:logGet(43)) - raft.server.log.segment.cache.num.max = 2 (custom)
2019-09-26 19:35:55,753 [pool-261-thread-1] INFO  segmented.SegmentedRaftLogWorker (SegmentedRaftLogWorker.java:<init>(172)) - new 27cb48db-4b88-4c0c-b213-19f9b2fffaff@group-089574044510-SegmentedRaftLogWorker for RaftStorage:Storage Directory /workdir/hadoop-ozone/integration-test/target/test-dir/MiniOzoneClusterImpl-2f79a7d3-d7ae-4963-8370-12bb1e2132d7/datanode-0/data/ratis/b2b1ff85-1efc-4980-adac-089574044510
2019-09-26 19:35:55,753 [pool-261-thread-1] INFO  server.RaftServerConfigKeys (ConfUtils.java:logGet(43)) - raft.server.log.queue.byte-limit = 2147483647 (custom)
2019-09-26 19:35:55,754 [pool-261-thread-1] INFO  server.RaftServerConfigKeys (ConfUtils.java:logGet(43)) - raft.server.log.queue.element-limit = 1024 (custom)
2019-09-26 19:35:55,754 [pool-261-thread-1] INFO  server.RaftServerConfigKeys (ConfUtils.java:logGet(43)) - raft.server.log.segment.size.max = 1048576 (custom)
2019-09-26 19:35:55,754 [pool-261-thread-1] INFO  server.RaftServerConfigKeys (ConfUtils.java:logGet(43)) - raft.server.log.preallocated.size = 16384 (custom)
2019-09-26 19:35:55,754 [pool-261-thread-1] INFO  server.RaftServerConfigKeys (ConfUtils.java:logGet(43)) - raft.server.log.write.buffer.size = 33554432 (custom)
2019-09-26 19:35:55,754 [pool-261-thread-1] INFO  server.RaftServerConfigKeys (ConfUtils.java:logGet(43)) - raft.server.log.force.sync.num = 128 (default)
2019-09-26 19:35:55,754 [pool-261-thread-1] INFO  server.RaftServerConfigKeys (ConfUtils.java:logGet(43)) - raft.server.log.statemachine.data.sync = true (default)
2019-09-26 19:35:55,754 [pool-261-thread-1] INFO  server.RaftServerConfigKeys (ConfUtils.java:logGet(43)) - raft.server.log.statemachine.data.sync.timeout = 10s (default)
2019-09-26 19:35:55,754 [pool-261-thread-1] INFO  server.RaftServerConfigKeys (ConfUtils.java:logGet(43)) - raft.server.log.statemachine.data.sync.timeout.retry = -1 (default)
2019-09-26 19:35:55,754 [pool-261-thread-1] INFO  server.RaftServerConfigKeys (ConfUtils.java:logGet(43)) - raft.server.log.statemachine.data.caching.enabled = true (custom)
2019-09-26 19:35:55,754 [pool-261-thread-1] INFO  segmented.SegmentedRaftLogWorker (SegmentedRaftLogWorker.java:lambda$new$0(132)) - 27cb48db-4b88-4c0c-b213-19f9b2fffaff@group-089574044510-SegmentedRaftLogWorker: flushIndex: setUnconditionally 0 -> -1
2019-09-26 19:35:55,754 [pool-261-thread-1] INFO  server.RaftServerConfigKeys (ConfUtils.java:logGet(43)) - raft.server.snapshot.auto.trigger.enabled = true (custom)
2019-09-26 19:35:55,754 [pool-261-thread-1] INFO  server.RaftServerConfigKeys (ConfUtils.java:logGet(43)) - raft.server.snapshot.auto.trigger.threshold = 10000 (custom)
2019-09-26 19:35:55,755 [pool-261-thread-1] INFO  server.RaftServerConfigKeys (ConfUtils.java:logGet(43)) - raft.server.snapshot.retention.num.files = 5 (custom)
2019-09-26 19:35:55,755 [pool-261-thread-1] INFO  server.RaftServerConfigKeys (ConfUtils.java:logGet(43)) - raft.server.retrycache.expirytime = 600000ms (custom)
2019-09-26 19:35:55,755 [pool-261-thread-1] INFO  impl.RaftServerImpl (RaftServerImpl.java:start(185)) - 27cb48db-4b88-4c0c-b213-19f9b2fffaff@group-089574044510: start as a follower, conf=-1: [27cb48db-4b88-4c0c-b213-19f9b2fffaff:192.168.151.99:37457], old=null
2019-09-26 19:35:55,756 [pool-261-thread-1] INFO  impl.RaftServerImpl (RaftServerImpl.java:setRole(174)) - 27cb48db-4b88-4c0c-b213-19f9b2fffaff@group-089574044510: changes role from      null to FOLLOWER at term 0 for startAsFollower
2019-09-26 19:35:55,756 [pool-261-thread-1] INFO  impl.RoleInfo (RoleInfo.java:updateAndGet(143)) - 27cb48db-4b88-4c0c-b213-19f9b2fffaff: start FollowerState
2019-09-26 19:35:55,756 [pool-261-thread-1] INFO  util.JmxRegister (JmxRegister.java:tryRegister(44)) - Successfully registered JMX Bean with object name Ratis:service=RaftServer,group=group-089574044510,id=27cb48db-4b88-4c0c-b213-19f9b2fffaff
2019-09-26 19:35:55,757 [RatisPipelineUtilsThread] INFO  pipeline.PipelineStateManager (PipelineStateManager.java:addPipeline(56)) - Created pipeline Pipeline[ Id: b2b1ff85-1efc-4980-adac-089574044510, Nodes: 27cb48db-4b88-4c0c-b213-19f9b2fffaff{ip: 192.168.151.99, host: pr-hdds-1569-g6sp5-2013761785, networkLocation: /rack1, certSerialId: null}, Type:RATIS, Factor:ONE, State:OPEN]
2019-09-26 19:35:55,759 [grpc-default-executor-2] INFO  impl.RaftServerProxy (RaftServerProxy.java:addNew(89)) - 27cb48db-4b88-4c0c-b213-19f9b2fffaff: addNew group-15639E0CE94A:[27cb48db-4b88-4c0c-b213-19f9b2fffaff:192.168.151.99:37457] returns group-15639E0CE94A:java.util.concurrent.CompletableFuture@41353fb3[Not completed]
2019-09-26 19:35:55,759 [pool-261-thread-1] INFO  impl.RaftServerImpl (RaftServerImpl.java:<init>(95)) - 27cb48db-4b88-4c0c-b213-19f9b2fffaff: new RaftServerImpl for group-15639E0CE94A:[27cb48db-4b88-4c0c-b213-19f9b2fffaff:192.168.151.99:37457] with ContainerStateMachine:uninitialized
2019-09-26 19:35:55,759 [pool-261-thread-1] INFO  server.RaftServerConfigKeys (ConfUtils.java:logGet(43)) - raft.server.rpc.timeout.min = 5s (custom)
2019-09-26 19:35:55,759 [pool-261-thread-1] INFO  server.RaftServerConfigKeys (ConfUtils.java:logGet(43)) - raft.server.rpc.timeout.max = 5200ms (custom)
2019-09-26 19:35:55,759 [pool-261-thread-1] INFO  server.RaftServerConfigKeys (ConfUtils.java:logGet(43)) - raft.server.rpcslowness.timeout = 120s (custom)
2019-09-26 19:35:55,759 [pool-261-thread-1] INFO  server.RaftServerConfigKeys (ConfUtils.java:logGet(43)) - raft.server.sleep.deviation.threshold = 300 (default)
2019-09-26 19:35:55,759 [pool-261-thread-1] INFO  server.RaftServerConfigKeys (ConfUtils.java:logGet(43)) - raft.server.log.appender.install.snapshot.enabled = false (custom)
2019-09-26 19:35:55,759 [pool-261-thread-1] INFO  impl.RaftServerImpl (ServerState.java:<init>(103)) - 27cb48db-4b88-4c0c-b213-19f9b2fffaff@group-15639E0CE94A: ConfigurationManager, init=-1: [27cb48db-4b88-4c0c-b213-19f9b2fffaff:192.168.151.99:37457], old=null, confs=<EMPTY_MAP>
2019-09-26 19:35:55,760 [pool-261-thread-1] INFO  server.RaftServerConfigKeys (ConfUtils.java:logGet(43)) - raft.server.storage.dir = [/workdir/hadoop-ozone/integration-test/target/test-dir/MiniOzoneClusterImpl-2f79a7d3-d7ae-4963-8370-12bb1e2132d7/datanode-0/data/ratis] (custom)
2019-09-26 19:35:55,760 [pool-261-thread-1] INFO  storage.RaftStorageDirectory (RaftStorageDirectory.java:analyzeStorage(246)) - The storage directory /workdir/hadoop-ozone/integration-test/target/test-dir/MiniOzoneClusterImpl-2f79a7d3-d7ae-4963-8370-12bb1e2132d7/datanode-0/data/ratis/745b179b-41e4-4ca2-a3b8-15639e0ce94a does not exist. Creating ...
2019-09-26 19:35:55,772 [pool-261-thread-1] INFO  storage.RaftStorageDirectory (RaftStorageDirectory.java:tryLock(328)) - Lock on /workdir/hadoop-ozone/integration-test/target/test-dir/MiniOzoneClusterImpl-2f79a7d3-d7ae-4963-8370-12bb1e2132d7/datanode-0/data/ratis/745b179b-41e4-4ca2-a3b8-15639e0ce94a/in_use.lock acquired by nodename 17888@pr-hdds-1569-g6sp5-2013761785
2019-09-26 19:35:55,775 [pool-261-thread-1] INFO  storage.RaftStorage (RaftStorage.java:format(72)) - Storage directory /workdir/hadoop-ozone/integration-test/target/test-dir/MiniOzoneClusterImpl-2f79a7d3-d7ae-4963-8370-12bb1e2132d7/datanode-0/data/ratis/745b179b-41e4-4ca2-a3b8-15639e0ce94a has been successfully formatted.
2019-09-26 19:35:55,775 [pool-261-thread-1] INFO  ratis.ContainerStateMachine (ContainerStateMachine.java:loadSnapshot(230)) - group-15639E0CE94A: The snapshot info is null. Setting the last applied indexto:(t:0, i:~)
2019-09-26 19:35:55,775 [pool-261-thread-1] INFO  server.RaftServerConfigKeys (ConfUtils.java:logGet(43)) - raft.server.notification.no-leader.timeout = 120s (custom)
2019-09-26 19:35:55,775 [pool-261-thread-1] INFO  server.RaftServerConfigKeys (ConfUtils.java:logGet(43)) - raft.server.log.use.memory = false (default)
2019-09-26 19:35:55,775 [pool-261-thread-1] INFO  server.RaftServerConfigKeys (ConfUtils.java:logGet(43)) - raft.server.log.purge.gap = 1000000 (custom)
2019-09-26 19:35:55,775 [pool-261-thread-1] INFO  server.RaftServerConfigKeys (ConfUtils.java:logGet(43)) - raft.server.log.appender.buffer.byte-limit = 33554432 (custom)
2019-09-26 19:35:55,775 [pool-261-thread-1] INFO  server.RaftServerConfigKeys (ConfUtils.java:logGet(43)) - raft.server.log.segment.size.max = 1048576 (custom)
2019-09-26 19:35:55,775 [pool-261-thread-1] INFO  server.RaftServerConfigKeys (ConfUtils.java:logGet(43)) - raft.server.log.segment.cache.num.max = 2 (custom)
2019-09-26 19:35:55,775 [pool-261-thread-1] INFO  segmented.SegmentedRaftLogWorker (SegmentedRaftLogWorker.java:<init>(172)) - new 27cb48db-4b88-4c0c-b213-19f9b2fffaff@group-15639E0CE94A-SegmentedRaftLogWorker for RaftStorage:Storage Directory /workdir/hadoop-ozone/integration-test/target/test-dir/MiniOzoneClusterImpl-2f79a7d3-d7ae-4963-8370-12bb1e2132d7/datanode-0/data/ratis/745b179b-41e4-4ca2-a3b8-15639e0ce94a
2019-09-26 19:35:55,776 [pool-261-thread-1] INFO  server.RaftServerConfigKeys (ConfUtils.java:logGet(43)) - raft.server.log.queue.byte-limit = 2147483647 (custom)
2019-09-26 19:35:55,776 [pool-261-thread-1] INFO  server.RaftServerConfigKeys (ConfUtils.java:logGet(43)) - raft.server.log.queue.element-limit = 1024 (custom)
2019-09-26 19:35:55,776 [pool-261-thread-1] INFO  server.RaftServerConfigKeys (ConfUtils.java:logGet(43)) - raft.server.log.segment.size.max = 1048576 (custom)
2019-09-26 19:35:55,776 [pool-261-thread-1] INFO  server.RaftServerConfigKeys (ConfUtils.java:logGet(43)) - raft.server.log.preallocated.size = 16384 (custom)
2019-09-26 19:35:55,776 [pool-261-thread-1] INFO  server.RaftServerConfigKeys (ConfUtils.java:logGet(43)) - raft.server.log.write.buffer.size = 33554432 (custom)
2019-09-26 19:35:55,776 [pool-261-thread-1] INFO  server.RaftServerConfigKeys (ConfUtils.java:logGet(43)) - raft.server.log.force.sync.num = 128 (default)
2019-09-26 19:35:55,776 [pool-261-thread-1] INFO  server.RaftServerConfigKeys (ConfUtils.java:logGet(43)) - raft.server.log.statemachine.data.sync = true (default)
2019-09-26 19:35:55,776 [pool-261-thread-1] INFO  server.RaftServerConfigKeys (ConfUtils.java:logGet(43)) - raft.server.log.statemachine.data.sync.timeout = 10s (default)
2019-09-26 19:35:55,776 [pool-261-thread-1] INFO  server.RaftServerConfigKeys (ConfUtils.java:logGet(43)) - raft.server.log.statemachine.data.sync.timeout.retry = -1 (default)
2019-09-26 19:35:55,776 [pool-261-thread-1] INFO  server.RaftServerConfigKeys (ConfUtils.java:logGet(43)) - raft.server.log.statemachine.data.caching.enabled = true (custom)
2019-09-26 19:35:55,776 [pool-261-thread-1] INFO  segmented.SegmentedRaftLogWorker (SegmentedRaftLogWorker.java:lambda$new$0(132)) - 27cb48db-4b88-4c0c-b213-19f9b2fffaff@group-15639E0CE94A-SegmentedRaftLogWorker: flushIndex: setUnconditionally 0 -> -1
2019-09-26 19:35:55,776 [pool-261-thread-1] INFO  server.RaftServerConfigKeys (ConfUtils.java:logGet(43)) - raft.server.snapshot.auto.trigger.enabled = true (custom)
2019-09-26 19:35:55,776 [pool-261-thread-1] INFO  server.RaftServerConfigKeys (ConfUtils.java:logGet(43)) - raft.server.snapshot.auto.trigger.threshold = 10000 (custom)
2019-09-26 19:35:55,777 [pool-261-thread-1] INFO  server.RaftServerConfigKeys (ConfUtils.java:logGet(43)) - raft.server.snapshot.retention.num.files = 5 (custom)
2019-09-26 19:35:55,777 [pool-261-thread-1] INFO  server.RaftServerConfigKeys (ConfUtils.java:logGet(43)) - raft.server.retrycache.expirytime = 600000ms (custom)
2019-09-26 19:35:55,777 [pool-261-thread-1] INFO  impl.RaftServerImpl (RaftServerImpl.java:start(185)) - 27cb48db-4b88-4c0c-b213-19f9b2fffaff@group-15639E0CE94A: start as a follower, conf=-1: [27cb48db-4b88-4c0c-b213-19f9b2fffaff:192.168.151.99:37457], old=null
2019-09-26 19:35:55,777 [pool-261-thread-1] INFO  impl.RaftServerImpl (RaftServerImpl.java:setRole(174)) - 27cb48db-4b88-4c0c-b213-19f9b2fffaff@group-15639E0CE94A: changes role from      null to FOLLOWER at term 0 for startAsFollower
2019-09-26 19:35:55,778 [pool-261-thread-1] INFO  impl.RoleInfo (RoleInfo.java:updateAndGet(143)) - 27cb48db-4b88-4c0c-b213-19f9b2fffaff: start FollowerState
2019-09-26 19:35:55,778 [pool-261-thread-1] INFO  util.JmxRegister (JmxRegister.java:tryRegister(44)) - Successfully registered JMX Bean with object name Ratis:service=RaftServer,group=group-15639E0CE94A,id=27cb48db-4b88-4c0c-b213-19f9b2fffaff
2019-09-26 19:35:55,779 [RatisPipelineUtilsThread] INFO  pipeline.PipelineStateManager (PipelineStateManager.java:addPipeline(56)) - Created pipeline Pipeline[ Id: 745b179b-41e4-4ca2-a3b8-15639e0ce94a, Nodes: 27cb48db-4b88-4c0c-b213-19f9b2fffaff{ip: 192.168.151.99, host: pr-hdds-1569-g6sp5-2013761785, networkLocation: /rack1, certSerialId: null}, Type:RATIS, Factor:ONE, State:OPEN]
2019-09-26 19:35:55,781 [grpc-default-executor-2] INFO  impl.RaftServerProxy (RaftServerProxy.java:addNew(89)) - 99aa1396-69c4-4985-9b2a-20430cc4a0a7: addNew group-DD15D4C400D3:[99aa1396-69c4-4985-9b2a-20430cc4a0a7:192.168.151.99:40213] returns group-DD15D4C400D3:java.util.concurrent.CompletableFuture@32aca180[Not completed]
2019-09-26 19:35:55,781 [pool-281-thread-1] INFO  impl.RaftServerImpl (RaftServerImpl.java:<init>(95)) - 99aa1396-69c4-4985-9b2a-20430cc4a0a7: new RaftServerImpl for group-DD15D4C400D3:[99aa1396-69c4-4985-9b2a-20430cc4a0a7:192.168.151.99:40213] with ContainerStateMachine:uninitialized
2019-09-26 19:35:55,781 [pool-281-thread-1] INFO  server.RaftServerConfigKeys (ConfUtils.java:logGet(43)) - raft.server.rpc.timeout.min = 5s (custom)
2019-09-26 19:35:55,781 [pool-281-thread-1] INFO  server.RaftServerConfigKeys (ConfUtils.java:logGet(43)) - raft.server.rpc.timeout.max = 5200ms (custom)
2019-09-26 19:35:55,781 [pool-281-thread-1] INFO  server.RaftServerConfigKeys (ConfUtils.java:logGet(43)) - raft.server.rpcslowness.timeout = 120s (custom)
2019-09-26 19:35:55,781 [pool-281-thread-1] INFO  server.RaftServerConfigKeys (ConfUtils.java:logGet(43)) - raft.server.sleep.deviation.threshold = 300 (default)
2019-09-26 19:35:55,782 [pool-281-thread-1] INFO  server.RaftServerConfigKeys (ConfUtils.java:logGet(43)) - raft.server.log.appender.install.snapshot.enabled = false (custom)
2019-09-26 19:35:55,782 [pool-281-thread-1] INFO  impl.RaftServerImpl (ServerState.java:<init>(103)) - 99aa1396-69c4-4985-9b2a-20430cc4a0a7@group-DD15D4C400D3: ConfigurationManager, init=-1: [99aa1396-69c4-4985-9b2a-20430cc4a0a7:192.168.151.99:40213], old=null, confs=<EMPTY_MAP>
2019-09-26 19:35:55,782 [pool-281-thread-1] INFO  server.RaftServerConfigKeys (ConfUtils.java:logGet(43)) - raft.server.storage.dir = [/workdir/hadoop-ozone/integration-test/target/test-dir/MiniOzoneClusterImpl-2f79a7d3-d7ae-4963-8370-12bb1e2132d7/datanode-2/data/ratis] (custom)
2019-09-26 19:35:55,782 [pool-281-thread-1] INFO  storage.RaftStorageDirectory (RaftStorageDirectory.java:analyzeStorage(246)) - The storage directory /workdir/hadoop-ozone/integration-test/target/test-dir/MiniOzoneClusterImpl-2f79a7d3-d7ae-4963-8370-12bb1e2132d7/datanode-2/data/ratis/2054db00-f98c-4a61-88dd-dd15d4c400d3 does not exist. Creating ...
2019-09-26 19:35:55,795 [pool-281-thread-1] INFO  storage.RaftStorageDirectory (RaftStorageDirectory.java:tryLock(328)) - Lock on /workdir/hadoop-ozone/integration-test/target/test-dir/MiniOzoneClusterImpl-2f79a7d3-d7ae-4963-8370-12bb1e2132d7/datanode-2/data/ratis/2054db00-f98c-4a61-88dd-dd15d4c400d3/in_use.lock acquired by nodename 17888@pr-hdds-1569-g6sp5-2013761785
2019-09-26 19:35:55,808 [pool-281-thread-1] INFO  storage.RaftStorage (RaftStorage.java:format(72)) - Storage directory /workdir/hadoop-ozone/integration-test/target/test-dir/MiniOzoneClusterImpl-2f79a7d3-d7ae-4963-8370-12bb1e2132d7/datanode-2/data/ratis/2054db00-f98c-4a61-88dd-dd15d4c400d3 has been successfully formatted.
2019-09-26 19:35:55,808 [pool-281-thread-1] INFO  ratis.ContainerStateMachine (ContainerStateMachine.java:loadSnapshot(230)) - group-DD15D4C400D3: The snapshot info is null. Setting the last applied indexto:(t:0, i:~)
2019-09-26 19:35:55,808 [pool-281-thread-1] INFO  server.RaftServerConfigKeys (ConfUtils.java:logGet(43)) - raft.server.notification.no-leader.timeout = 120s (custom)
2019-09-26 19:35:55,808 [pool-281-thread-1] INFO  server.RaftServerConfigKeys (ConfUtils.java:logGet(43)) - raft.server.log.use.memory = false (default)
2019-09-26 19:35:55,808 [pool-281-thread-1] INFO  server.RaftServerConfigKeys (ConfUtils.java:logGet(43)) - raft.server.log.purge.gap = 1000000 (custom)
2019-09-26 19:35:55,808 [pool-281-thread-1] INFO  server.RaftServerConfigKeys (ConfUtils.java:logGet(43)) - raft.server.log.appender.buffer.byte-limit = 33554432 (custom)
2019-09-26 19:35:55,808 [pool-281-thread-1] INFO  server.RaftServerConfigKeys (ConfUtils.java:logGet(43)) - raft.server.log.segment.size.max = 1048576 (custom)
2019-09-26 19:35:55,808 [pool-281-thread-1] INFO  server.RaftServerConfigKeys (ConfUtils.java:logGet(43)) - raft.server.log.segment.cache.num.max = 2 (custom)
2019-09-26 19:35:55,808 [pool-281-thread-1] INFO  segmented.SegmentedRaftLogWorker (SegmentedRaftLogWorker.java:<init>(172)) - new 99aa1396-69c4-4985-9b2a-20430cc4a0a7@group-DD15D4C400D3-SegmentedRaftLogWorker for RaftStorage:Storage Directory /workdir/hadoop-ozone/integration-test/target/test-dir/MiniOzoneClusterImpl-2f79a7d3-d7ae-4963-8370-12bb1e2132d7/datanode-2/data/ratis/2054db00-f98c-4a61-88dd-dd15d4c400d3
2019-09-26 19:35:55,808 [pool-281-thread-1] INFO  server.RaftServerConfigKeys (ConfUtils.java:logGet(43)) - raft.server.log.queue.byte-limit = 2147483647 (custom)
2019-09-26 19:35:55,808 [pool-281-thread-1] INFO  server.RaftServerConfigKeys (ConfUtils.java:logGet(43)) - raft.server.log.queue.element-limit = 1024 (custom)
2019-09-26 19:35:55,808 [pool-281-thread-1] INFO  server.RaftServerConfigKeys (ConfUtils.java:logGet(43)) - raft.server.log.segment.size.max = 1048576 (custom)
2019-09-26 19:35:55,809 [pool-281-thread-1] INFO  server.RaftServerConfigKeys (ConfUtils.java:logGet(43)) - raft.server.log.preallocated.size = 16384 (custom)
2019-09-26 19:35:55,809 [pool-281-thread-1] INFO  server.RaftServerConfigKeys (ConfUtils.java:logGet(43)) - raft.server.log.write.buffer.size = 33554432 (custom)
2019-09-26 19:35:55,809 [pool-281-thread-1] INFO  server.RaftServerConfigKeys (ConfUtils.java:logGet(43)) - raft.server.log.force.sync.num = 128 (default)
2019-09-26 19:35:55,809 [pool-281-thread-1] INFO  server.RaftServerConfigKeys (ConfUtils.java:logGet(43)) - raft.server.log.statemachine.data.sync = true (default)
2019-09-26 19:35:55,809 [pool-281-thread-1] INFO  server.RaftServerConfigKeys (ConfUtils.java:logGet(43)) - raft.server.log.statemachine.data.sync.timeout = 10s (default)
2019-09-26 19:35:55,809 [pool-281-thread-1] INFO  server.RaftServerConfigKeys (ConfUtils.java:logGet(43)) - raft.server.log.statemachine.data.sync.timeout.retry = -1 (default)
2019-09-26 19:35:55,809 [pool-281-thread-1] INFO  server.RaftServerConfigKeys (ConfUtils.java:logGet(43)) - raft.server.log.statemachine.data.caching.enabled = true (custom)
2019-09-26 19:35:55,809 [pool-281-thread-1] INFO  segmented.SegmentedRaftLogWorker (SegmentedRaftLogWorker.java:lambda$new$0(132)) - 99aa1396-69c4-4985-9b2a-20430cc4a0a7@group-DD15D4C400D3-SegmentedRaftLogWorker: flushIndex: setUnconditionally 0 -> -1
2019-09-26 19:35:55,809 [pool-281-thread-1] INFO  server.RaftServerConfigKeys (ConfUtils.java:logGet(43)) - raft.server.snapshot.auto.trigger.enabled = true (custom)
2019-09-26 19:35:55,809 [pool-281-thread-1] INFO  server.RaftServerConfigKeys (ConfUtils.java:logGet(43)) - raft.server.snapshot.auto.trigger.threshold = 10000 (custom)
2019-09-26 19:35:55,810 [pool-281-thread-1] INFO  server.RaftServerConfigKeys (ConfUtils.java:logGet(43)) - raft.server.snapshot.retention.num.files = 5 (custom)
2019-09-26 19:35:55,810 [pool-281-thread-1] INFO  server.RaftServerConfigKeys (ConfUtils.java:logGet(43)) - raft.server.retrycache.expirytime = 600000ms (custom)
2019-09-26 19:35:55,811 [pool-281-thread-1] INFO  impl.RaftServerImpl (RaftServerImpl.java:start(185)) - 99aa1396-69c4-4985-9b2a-20430cc4a0a7@group-DD15D4C400D3: start as a follower, conf=-1: [99aa1396-69c4-4985-9b2a-20430cc4a0a7:192.168.151.99:40213], old=null
2019-09-26 19:35:55,811 [pool-281-thread-1] INFO  impl.RaftServerImpl (RaftServerImpl.java:setRole(174)) - 99aa1396-69c4-4985-9b2a-20430cc4a0a7@group-DD15D4C400D3: changes role from      null to FOLLOWER at term 0 for startAsFollower
2019-09-26 19:35:55,811 [pool-281-thread-1] INFO  impl.RoleInfo (RoleInfo.java:updateAndGet(143)) - 99aa1396-69c4-4985-9b2a-20430cc4a0a7: start FollowerState
2019-09-26 19:35:55,811 [pool-281-thread-1] INFO  util.JmxRegister (JmxRegister.java:tryRegister(44)) - Successfully registered JMX Bean with object name Ratis:service=RaftServer,group=group-DD15D4C400D3,id=99aa1396-69c4-4985-9b2a-20430cc4a0a7
2019-09-26 19:35:55,812 [RatisPipelineUtilsThread] INFO  pipeline.PipelineStateManager (PipelineStateManager.java:addPipeline(56)) - Created pipeline Pipeline[ Id: 2054db00-f98c-4a61-88dd-dd15d4c400d3, Nodes: 99aa1396-69c4-4985-9b2a-20430cc4a0a7{ip: 192.168.151.99, host: pr-hdds-1569-g6sp5-2013761785, networkLocation: /rack1, certSerialId: null}, Type:RATIS, Factor:ONE, State:OPEN]
2019-09-26 19:35:55,814 [grpc-default-executor-2] INFO  impl.RaftServerProxy (RaftServerProxy.java:addNew(89)) - 27cb48db-4b88-4c0c-b213-19f9b2fffaff: addNew group-382D4C860C58:[27cb48db-4b88-4c0c-b213-19f9b2fffaff:192.168.151.99:37457] returns group-382D4C860C58:java.util.concurrent.CompletableFuture@17fbac5c[Not completed]
2019-09-26 19:35:55,815 [pool-261-thread-1] INFO  impl.RaftServerImpl (RaftServerImpl.java:<init>(95)) - 27cb48db-4b88-4c0c-b213-19f9b2fffaff: new RaftServerImpl for group-382D4C860C58:[27cb48db-4b88-4c0c-b213-19f9b2fffaff:192.168.151.99:37457] with ContainerStateMachine:uninitialized
2019-09-26 19:35:55,815 [pool-261-thread-1] INFO  server.RaftServerConfigKeys (ConfUtils.java:logGet(43)) - raft.server.rpc.timeout.min = 5s (custom)
2019-09-26 19:35:55,815 [pool-261-thread-1] INFO  server.RaftServerConfigKeys (ConfUtils.java:logGet(43)) - raft.server.rpc.timeout.max = 5200ms (custom)
2019-09-26 19:35:55,815 [pool-261-thread-1] INFO  server.RaftServerConfigKeys (ConfUtils.java:logGet(43)) - raft.server.rpcslowness.timeout = 120s (custom)
2019-09-26 19:35:55,815 [pool-261-thread-1] INFO  server.RaftServerConfigKeys (ConfUtils.java:logGet(43)) - raft.server.sleep.deviation.threshold = 300 (default)
2019-09-26 19:35:55,816 [pool-261-thread-1] INFO  server.RaftServerConfigKeys (ConfUtils.java:logGet(43)) - raft.server.log.appender.install.snapshot.enabled = false (custom)
2019-09-26 19:35:55,816 [pool-261-thread-1] INFO  impl.RaftServerImpl (ServerState.java:<init>(103)) - 27cb48db-4b88-4c0c-b213-19f9b2fffaff@group-382D4C860C58: ConfigurationManager, init=-1: [27cb48db-4b88-4c0c-b213-19f9b2fffaff:192.168.151.99:37457], old=null, confs=<EMPTY_MAP>
2019-09-26 19:35:55,816 [pool-261-thread-1] INFO  server.RaftServerConfigKeys (ConfUtils.java:logGet(43)) - raft.server.storage.dir = [/workdir/hadoop-ozone/integration-test/target/test-dir/MiniOzoneClusterImpl-2f79a7d3-d7ae-4963-8370-12bb1e2132d7/datanode-0/data/ratis] (custom)
2019-09-26 19:35:55,816 [pool-261-thread-1] INFO  storage.RaftStorageDirectory (RaftStorageDirectory.java:analyzeStorage(246)) - The storage directory /workdir/hadoop-ozone/integration-test/target/test-dir/MiniOzoneClusterImpl-2f79a7d3-d7ae-4963-8370-12bb1e2132d7/datanode-0/data/ratis/7691349d-53a7-47dd-b902-382d4c860c58 does not exist. Creating ...
2019-09-26 19:35:55,829 [pool-261-thread-1] INFO  storage.RaftStorageDirectory (RaftStorageDirectory.java:tryLock(328)) - Lock on /workdir/hadoop-ozone/integration-test/target/test-dir/MiniOzoneClusterImpl-2f79a7d3-d7ae-4963-8370-12bb1e2132d7/datanode-0/data/ratis/7691349d-53a7-47dd-b902-382d4c860c58/in_use.lock acquired by nodename 17888@pr-hdds-1569-g6sp5-2013761785
2019-09-26 19:35:55,841 [pool-261-thread-1] INFO  storage.RaftStorage (RaftStorage.java:format(72)) - Storage directory /workdir/hadoop-ozone/integration-test/target/test-dir/MiniOzoneClusterImpl-2f79a7d3-d7ae-4963-8370-12bb1e2132d7/datanode-0/data/ratis/7691349d-53a7-47dd-b902-382d4c860c58 has been successfully formatted.
2019-09-26 19:35:55,842 [pool-261-thread-1] INFO  ratis.ContainerStateMachine (ContainerStateMachine.java:loadSnapshot(230)) - group-382D4C860C58: The snapshot info is null. Setting the last applied indexto:(t:0, i:~)
2019-09-26 19:35:55,842 [pool-261-thread-1] INFO  server.RaftServerConfigKeys (ConfUtils.java:logGet(43)) - raft.server.notification.no-leader.timeout = 120s (custom)
2019-09-26 19:35:55,842 [pool-261-thread-1] INFO  server.RaftServerConfigKeys (ConfUtils.java:logGet(43)) - raft.server.log.use.memory = false (default)
2019-09-26 19:35:55,842 [pool-261-thread-1] INFO  server.RaftServerConfigKeys (ConfUtils.java:logGet(43)) - raft.server.log.purge.gap = 1000000 (custom)
2019-09-26 19:35:55,842 [pool-261-thread-1] INFO  server.RaftServerConfigKeys (ConfUtils.java:logGet(43)) - raft.server.log.appender.buffer.byte-limit = 33554432 (custom)
2019-09-26 19:35:55,842 [pool-261-thread-1] INFO  server.RaftServerConfigKeys (ConfUtils.java:logGet(43)) - raft.server.log.segment.size.max = 1048576 (custom)
2019-09-26 19:35:55,842 [pool-261-thread-1] INFO  server.RaftServerConfigKeys (ConfUtils.java:logGet(43)) - raft.server.log.segment.cache.num.max = 2 (custom)
2019-09-26 19:35:55,842 [pool-261-thread-1] INFO  segmented.SegmentedRaftLogWorker (SegmentedRaftLogWorker.java:<init>(172)) - new 27cb48db-4b88-4c0c-b213-19f9b2fffaff@group-382D4C860C58-SegmentedRaftLogWorker for RaftStorage:Storage Directory /workdir/hadoop-ozone/integration-test/target/test-dir/MiniOzoneClusterImpl-2f79a7d3-d7ae-4963-8370-12bb1e2132d7/datanode-0/data/ratis/7691349d-53a7-47dd-b902-382d4c860c58
2019-09-26 19:35:55,843 [pool-261-thread-1] INFO  server.RaftServerConfigKeys (ConfUtils.java:logGet(43)) - raft.server.log.queue.byte-limit = 2147483647 (custom)
2019-09-26 19:35:55,843 [pool-261-thread-1] INFO  server.RaftServerConfigKeys (ConfUtils.java:logGet(43)) - raft.server.log.queue.element-limit = 1024 (custom)
2019-09-26 19:35:55,843 [pool-261-thread-1] INFO  server.RaftServerConfigKeys (ConfUtils.java:logGet(43)) - raft.server.log.segment.size.max = 1048576 (custom)
2019-09-26 19:35:55,843 [pool-261-thread-1] INFO  server.RaftServerConfigKeys (ConfUtils.java:logGet(43)) - raft.server.log.preallocated.size = 16384 (custom)
2019-09-26 19:35:55,843 [pool-261-thread-1] INFO  server.RaftServerConfigKeys (ConfUtils.java:logGet(43)) - raft.server.log.write.buffer.size = 33554432 (custom)
2019-09-26 19:35:55,843 [pool-261-thread-1] INFO  server.RaftServerConfigKeys (ConfUtils.java:logGet(43)) - raft.server.log.force.sync.num = 128 (default)
2019-09-26 19:35:55,843 [pool-261-thread-1] INFO  server.RaftServerConfigKeys (ConfUtils.java:logGet(43)) - raft.server.log.statemachine.data.sync = true (default)
2019-09-26 19:35:55,843 [pool-261-thread-1] INFO  server.RaftServerConfigKeys (ConfUtils.java:logGet(43)) - raft.server.log.statemachine.data.sync.timeout = 10s (default)
2019-09-26 19:35:55,843 [pool-261-thread-1] INFO  server.RaftServerConfigKeys (ConfUtils.java:logGet(43)) - raft.server.log.statemachine.data.sync.timeout.retry = -1 (default)
2019-09-26 19:35:55,844 [pool-261-thread-1] INFO  server.RaftServerConfigKeys (ConfUtils.java:logGet(43)) - raft.server.log.statemachine.data.caching.enabled = true (custom)
2019-09-26 19:35:55,844 [pool-261-thread-1] INFO  segmented.SegmentedRaftLogWorker (SegmentedRaftLogWorker.java:lambda$new$0(132)) - 27cb48db-4b88-4c0c-b213-19f9b2fffaff@group-382D4C860C58-SegmentedRaftLogWorker: flushIndex: setUnconditionally 0 -> -1
2019-09-26 19:35:55,844 [pool-261-thread-1] INFO  server.RaftServerConfigKeys (ConfUtils.java:logGet(43)) - raft.server.snapshot.auto.trigger.enabled = true (custom)
2019-09-26 19:35:55,844 [pool-261-thread-1] INFO  server.RaftServerConfigKeys (ConfUtils.java:logGet(43)) - raft.server.snapshot.auto.trigger.threshold = 10000 (custom)
2019-09-26 19:35:55,844 [pool-261-thread-1] INFO  server.RaftServerConfigKeys (ConfUtils.java:logGet(43)) - raft.server.snapshot.retention.num.files = 5 (custom)
2019-09-26 19:35:55,844 [pool-261-thread-1] INFO  server.RaftServerConfigKeys (ConfUtils.java:logGet(43)) - raft.server.retrycache.expirytime = 600000ms (custom)
2019-09-26 19:35:55,846 [pool-261-thread-1] INFO  impl.RaftServerImpl (RaftServerImpl.java:start(185)) - 27cb48db-4b88-4c0c-b213-19f9b2fffaff@group-382D4C860C58: start as a follower, conf=-1: [27cb48db-4b88-4c0c-b213-19f9b2fffaff:192.168.151.99:37457], old=null
2019-09-26 19:35:55,846 [pool-261-thread-1] INFO  impl.RaftServerImpl (RaftServerImpl.java:setRole(174)) - 27cb48db-4b88-4c0c-b213-19f9b2fffaff@group-382D4C860C58: changes role from      null to FOLLOWER at term 0 for startAsFollower
2019-09-26 19:35:55,846 [pool-261-thread-1] INFO  impl.RoleInfo (RoleInfo.java:updateAndGet(143)) - 27cb48db-4b88-4c0c-b213-19f9b2fffaff: start FollowerState
2019-09-26 19:35:55,846 [pool-261-thread-1] INFO  util.JmxRegister (JmxRegister.java:tryRegister(44)) - Successfully registered JMX Bean with object name Ratis:service=RaftServer,group=group-382D4C860C58,id=27cb48db-4b88-4c0c-b213-19f9b2fffaff
2019-09-26 19:35:55,848 [RatisPipelineUtilsThread] INFO  pipeline.PipelineStateManager (PipelineStateManager.java:addPipeline(56)) - Created pipeline Pipeline[ Id: 7691349d-53a7-47dd-b902-382d4c860c58, Nodes: 27cb48db-4b88-4c0c-b213-19f9b2fffaff{ip: 192.168.151.99, host: pr-hdds-1569-g6sp5-2013761785, networkLocation: /rack1, certSerialId: null}, Type:RATIS, Factor:ONE, State:OPEN]
2019-09-26 19:35:55,850 [grpc-default-executor-2] INFO  impl.RaftServerProxy (RaftServerProxy.java:addNew(89)) - 728ea44c-f097-440a-a87e-c27a68d48f14: addNew group-BB094026C928:[728ea44c-f097-440a-a87e-c27a68d48f14:192.168.151.99:38783] returns group-BB094026C928:java.util.concurrent.CompletableFuture@100a2760[Not completed]
2019-09-26 19:35:55,850 [pool-271-thread-1] INFO  impl.RaftServerImpl (RaftServerImpl.java:<init>(95)) - 728ea44c-f097-440a-a87e-c27a68d48f14: new RaftServerImpl for group-BB094026C928:[728ea44c-f097-440a-a87e-c27a68d48f14:192.168.151.99:38783] with ContainerStateMachine:uninitialized
2019-09-26 19:35:55,850 [pool-271-thread-1] INFO  server.RaftServerConfigKeys (ConfUtils.java:logGet(43)) - raft.server.rpc.timeout.min = 5s (custom)
2019-09-26 19:35:55,851 [pool-271-thread-1] INFO  server.RaftServerConfigKeys (ConfUtils.java:logGet(43)) - raft.server.rpc.timeout.max = 5200ms (custom)
2019-09-26 19:35:55,851 [pool-271-thread-1] INFO  server.RaftServerConfigKeys (ConfUtils.java:logGet(43)) - raft.server.rpcslowness.timeout = 120s (custom)
2019-09-26 19:35:55,851 [pool-271-thread-1] INFO  server.RaftServerConfigKeys (ConfUtils.java:logGet(43)) - raft.server.sleep.deviation.threshold = 300 (default)
2019-09-26 19:35:55,851 [pool-271-thread-1] INFO  server.RaftServerConfigKeys (ConfUtils.java:logGet(43)) - raft.server.log.appender.install.snapshot.enabled = false (custom)
2019-09-26 19:35:55,851 [pool-271-thread-1] INFO  impl.RaftServerImpl (ServerState.java:<init>(103)) - 728ea44c-f097-440a-a87e-c27a68d48f14@group-BB094026C928: ConfigurationManager, init=-1: [728ea44c-f097-440a-a87e-c27a68d48f14:192.168.151.99:38783], old=null, confs=<EMPTY_MAP>
2019-09-26 19:35:55,851 [pool-271-thread-1] INFO  server.RaftServerConfigKeys (ConfUtils.java:logGet(43)) - raft.server.storage.dir = [/workdir/hadoop-ozone/integration-test/target/test-dir/MiniOzoneClusterImpl-2f79a7d3-d7ae-4963-8370-12bb1e2132d7/datanode-1/data/ratis] (custom)
2019-09-26 19:35:55,852 [pool-271-thread-1] INFO  storage.RaftStorageDirectory (RaftStorageDirectory.java:analyzeStorage(246)) - The storage directory /workdir/hadoop-ozone/integration-test/target/test-dir/MiniOzoneClusterImpl-2f79a7d3-d7ae-4963-8370-12bb1e2132d7/datanode-1/data/ratis/779c86d3-153a-44f2-9d4c-bb094026c928 does not exist. Creating ...
2019-09-26 19:35:55,865 [pool-271-thread-1] INFO  storage.RaftStorageDirectory (RaftStorageDirectory.java:tryLock(328)) - Lock on /workdir/hadoop-ozone/integration-test/target/test-dir/MiniOzoneClusterImpl-2f79a7d3-d7ae-4963-8370-12bb1e2132d7/datanode-1/data/ratis/779c86d3-153a-44f2-9d4c-bb094026c928/in_use.lock acquired by nodename 17888@pr-hdds-1569-g6sp5-2013761785
2019-09-26 19:35:55,878 [pool-271-thread-1] INFO  storage.RaftStorage (RaftStorage.java:format(72)) - Storage directory /workdir/hadoop-ozone/integration-test/target/test-dir/MiniOzoneClusterImpl-2f79a7d3-d7ae-4963-8370-12bb1e2132d7/datanode-1/data/ratis/779c86d3-153a-44f2-9d4c-bb094026c928 has been successfully formatted.
2019-09-26 19:35:55,879 [pool-271-thread-1] INFO  ratis.ContainerStateMachine (ContainerStateMachine.java:loadSnapshot(230)) - group-BB094026C928: The snapshot info is null. Setting the last applied indexto:(t:0, i:~)
2019-09-26 19:35:55,879 [pool-271-thread-1] INFO  server.RaftServerConfigKeys (ConfUtils.java:logGet(43)) - raft.server.notification.no-leader.timeout = 120s (custom)
2019-09-26 19:35:55,879 [pool-271-thread-1] INFO  server.RaftServerConfigKeys (ConfUtils.java:logGet(43)) - raft.server.log.use.memory = false (default)
2019-09-26 19:35:55,879 [pool-271-thread-1] INFO  server.RaftServerConfigKeys (ConfUtils.java:logGet(43)) - raft.server.log.purge.gap = 1000000 (custom)
2019-09-26 19:35:55,879 [pool-271-thread-1] INFO  server.RaftServerConfigKeys (ConfUtils.java:logGet(43)) - raft.server.log.appender.buffer.byte-limit = 33554432 (custom)
2019-09-26 19:35:55,879 [pool-271-thread-1] INFO  server.RaftServerConfigKeys (ConfUtils.java:logGet(43)) - raft.server.log.segment.size.max = 1048576 (custom)
2019-09-26 19:35:55,879 [pool-271-thread-1] INFO  server.RaftServerConfigKeys (ConfUtils.java:logGet(43)) - raft.server.log.segment.cache.num.max = 2 (custom)
2019-09-26 19:35:55,880 [pool-271-thread-1] INFO  segmented.SegmentedRaftLogWorker (SegmentedRaftLogWorker.java:<init>(172)) - new 728ea44c-f097-440a-a87e-c27a68d48f14@group-BB094026C928-SegmentedRaftLogWorker for RaftStorage:Storage Directory /workdir/hadoop-ozone/integration-test/target/test-dir/MiniOzoneClusterImpl-2f79a7d3-d7ae-4963-8370-12bb1e2132d7/datanode-1/data/ratis/779c86d3-153a-44f2-9d4c-bb094026c928
2019-09-26 19:35:55,880 [pool-271-thread-1] INFO  server.RaftServerConfigKeys (ConfUtils.java:logGet(43)) - raft.server.log.queue.byte-limit = 2147483647 (custom)
2019-09-26 19:35:55,880 [pool-271-thread-1] INFO  server.RaftServerConfigKeys (ConfUtils.java:logGet(43)) - raft.server.log.queue.element-limit = 1024 (custom)
2019-09-26 19:35:55,880 [pool-271-thread-1] INFO  server.RaftServerConfigKeys (ConfUtils.java:logGet(43)) - raft.server.log.segment.size.max = 1048576 (custom)
2019-09-26 19:35:55,880 [pool-271-thread-1] INFO  server.RaftServerConfigKeys (ConfUtils.java:logGet(43)) - raft.server.log.preallocated.size = 16384 (custom)
2019-09-26 19:35:55,880 [pool-271-thread-1] INFO  server.RaftServerConfigKeys (ConfUtils.java:logGet(43)) - raft.server.log.write.buffer.size = 33554432 (custom)
2019-09-26 19:35:55,880 [pool-271-thread-1] INFO  server.RaftServerConfigKeys (ConfUtils.java:logGet(43)) - raft.server.log.force.sync.num = 128 (default)
2019-09-26 19:35:55,880 [pool-271-thread-1] INFO  server.RaftServerConfigKeys (ConfUtils.java:logGet(43)) - raft.server.log.statemachine.data.sync = true (default)
2019-09-26 19:35:55,880 [pool-271-thread-1] INFO  server.RaftServerConfigKeys (ConfUtils.java:logGet(43)) - raft.server.log.statemachine.data.sync.timeout = 10s (default)
2019-09-26 19:35:55,881 [pool-271-thread-1] INFO  server.RaftServerConfigKeys (ConfUtils.java:logGet(43)) - raft.server.log.statemachine.data.sync.timeout.retry = -1 (default)
2019-09-26 19:35:55,881 [pool-271-thread-1] INFO  server.RaftServerConfigKeys (ConfUtils.java:logGet(43)) - raft.server.log.statemachine.data.caching.enabled = true (custom)
2019-09-26 19:35:55,881 [pool-271-thread-1] INFO  segmented.SegmentedRaftLogWorker (SegmentedRaftLogWorker.java:lambda$new$0(132)) - 728ea44c-f097-440a-a87e-c27a68d48f14@group-BB094026C928-SegmentedRaftLogWorker: flushIndex: setUnconditionally 0 -> -1
2019-09-26 19:35:55,881 [pool-271-thread-1] INFO  server.RaftServerConfigKeys (ConfUtils.java:logGet(43)) - raft.server.snapshot.auto.trigger.enabled = true (custom)
2019-09-26 19:35:55,881 [pool-271-thread-1] INFO  server.RaftServerConfigKeys (ConfUtils.java:logGet(43)) - raft.server.snapshot.auto.trigger.threshold = 10000 (custom)
2019-09-26 19:35:55,881 [pool-271-thread-1] INFO  server.RaftServerConfigKeys (ConfUtils.java:logGet(43)) - raft.server.snapshot.retention.num.files = 5 (custom)
2019-09-26 19:35:55,882 [pool-271-thread-1] INFO  server.RaftServerConfigKeys (ConfUtils.java:logGet(43)) - raft.server.retrycache.expirytime = 600000ms (custom)
2019-09-26 19:35:55,883 [pool-271-thread-1] INFO  impl.RaftServerImpl (RaftServerImpl.java:start(185)) - 728ea44c-f097-440a-a87e-c27a68d48f14@group-BB094026C928: start as a follower, conf=-1: [728ea44c-f097-440a-a87e-c27a68d48f14:192.168.151.99:38783], old=null
2019-09-26 19:35:55,883 [pool-271-thread-1] INFO  impl.RaftServerImpl (RaftServerImpl.java:setRole(174)) - 728ea44c-f097-440a-a87e-c27a68d48f14@group-BB094026C928: changes role from      null to FOLLOWER at term 0 for startAsFollower
2019-09-26 19:35:55,883 [pool-271-thread-1] INFO  impl.RoleInfo (RoleInfo.java:updateAndGet(143)) - 728ea44c-f097-440a-a87e-c27a68d48f14: start FollowerState
2019-09-26 19:35:55,884 [pool-271-thread-1] INFO  util.JmxRegister (JmxRegister.java:tryRegister(44)) - Successfully registered JMX Bean with object name Ratis:service=RaftServer,group=group-BB094026C928,id=728ea44c-f097-440a-a87e-c27a68d48f14
2019-09-26 19:35:55,885 [RatisPipelineUtilsThread] INFO  pipeline.PipelineStateManager (PipelineStateManager.java:addPipeline(56)) - Created pipeline Pipeline[ Id: 779c86d3-153a-44f2-9d4c-bb094026c928, Nodes: 728ea44c-f097-440a-a87e-c27a68d48f14{ip: 192.168.151.99, host: pr-hdds-1569-g6sp5-2013761785, networkLocation: /rack1, certSerialId: null}, Type:RATIS, Factor:ONE, State:OPEN]
2019-09-26 19:35:55,887 [grpc-default-executor-2] INFO  impl.RaftServerProxy (RaftServerProxy.java:addNew(89)) - 728ea44c-f097-440a-a87e-c27a68d48f14: addNew group-CC0AC654280F:[728ea44c-f097-440a-a87e-c27a68d48f14:192.168.151.99:38783] returns group-CC0AC654280F:java.util.concurrent.CompletableFuture@7b468c24[Not completed]
2019-09-26 19:35:55,887 [pool-271-thread-1] INFO  impl.RaftServerImpl (RaftServerImpl.java:<init>(95)) - 728ea44c-f097-440a-a87e-c27a68d48f14: new RaftServerImpl for group-CC0AC654280F:[728ea44c-f097-440a-a87e-c27a68d48f14:192.168.151.99:38783] with ContainerStateMachine:uninitialized
2019-09-26 19:35:55,888 [pool-271-thread-1] INFO  server.RaftServerConfigKeys (ConfUtils.java:logGet(43)) - raft.server.rpc.timeout.min = 5s (custom)
2019-09-26 19:35:55,888 [pool-271-thread-1] INFO  server.RaftServerConfigKeys (ConfUtils.java:logGet(43)) - raft.server.rpc.timeout.max = 5200ms (custom)
2019-09-26 19:35:55,888 [pool-271-thread-1] INFO  server.RaftServerConfigKeys (ConfUtils.java:logGet(43)) - raft.server.rpcslowness.timeout = 120s (custom)
2019-09-26 19:35:55,888 [pool-271-thread-1] INFO  server.RaftServerConfigKeys (ConfUtils.java:logGet(43)) - raft.server.sleep.deviation.threshold = 300 (default)
2019-09-26 19:35:55,888 [pool-271-thread-1] INFO  server.RaftServerConfigKeys (ConfUtils.java:logGet(43)) - raft.server.log.appender.install.snapshot.enabled = false (custom)
2019-09-26 19:35:55,888 [pool-271-thread-1] INFO  impl.RaftServerImpl (ServerState.java:<init>(103)) - 728ea44c-f097-440a-a87e-c27a68d48f14@group-CC0AC654280F: ConfigurationManager, init=-1: [728ea44c-f097-440a-a87e-c27a68d48f14:192.168.151.99:38783], old=null, confs=<EMPTY_MAP>
2019-09-26 19:35:55,888 [pool-271-thread-1] INFO  server.RaftServerConfigKeys (ConfUtils.java:logGet(43)) - raft.server.storage.dir = [/workdir/hadoop-ozone/integration-test/target/test-dir/MiniOzoneClusterImpl-2f79a7d3-d7ae-4963-8370-12bb1e2132d7/datanode-1/data/ratis] (custom)
2019-09-26 19:35:55,889 [pool-271-thread-1] INFO  storage.RaftStorageDirectory (RaftStorageDirectory.java:analyzeStorage(246)) - The storage directory /workdir/hadoop-ozone/integration-test/target/test-dir/MiniOzoneClusterImpl-2f79a7d3-d7ae-4963-8370-12bb1e2132d7/datanode-1/data/ratis/4b045feb-dd43-451c-b6aa-cc0ac654280f does not exist. Creating ...
2019-09-26 19:35:55,904 [pool-271-thread-1] INFO  storage.RaftStorageDirectory (RaftStorageDirectory.java:tryLock(328)) - Lock on /workdir/hadoop-ozone/integration-test/target/test-dir/MiniOzoneClusterImpl-2f79a7d3-d7ae-4963-8370-12bb1e2132d7/datanode-1/data/ratis/4b045feb-dd43-451c-b6aa-cc0ac654280f/in_use.lock acquired by nodename 17888@pr-hdds-1569-g6sp5-2013761785
2019-09-26 19:35:55,918 [pool-271-thread-1] INFO  storage.RaftStorage (RaftStorage.java:format(72)) - Storage directory /workdir/hadoop-ozone/integration-test/target/test-dir/MiniOzoneClusterImpl-2f79a7d3-d7ae-4963-8370-12bb1e2132d7/datanode-1/data/ratis/4b045feb-dd43-451c-b6aa-cc0ac654280f has been successfully formatted.
2019-09-26 19:35:55,918 [pool-271-thread-1] INFO  ratis.ContainerStateMachine (ContainerStateMachine.java:loadSnapshot(230)) - group-CC0AC654280F: The snapshot info is null. Setting the last applied indexto:(t:0, i:~)
2019-09-26 19:35:55,918 [pool-271-thread-1] INFO  server.RaftServerConfigKeys (ConfUtils.java:logGet(43)) - raft.server.notification.no-leader.timeout = 120s (custom)
2019-09-26 19:35:55,918 [pool-271-thread-1] INFO  server.RaftServerConfigKeys (ConfUtils.java:logGet(43)) - raft.server.log.use.memory = false (default)
2019-09-26 19:35:55,918 [pool-271-thread-1] INFO  server.RaftServerConfigKeys (ConfUtils.java:logGet(43)) - raft.server.log.purge.gap = 1000000 (custom)
2019-09-26 19:35:55,918 [pool-271-thread-1] INFO  server.RaftServerConfigKeys (ConfUtils.java:logGet(43)) - raft.server.log.appender.buffer.byte-limit = 33554432 (custom)
2019-09-26 19:35:55,918 [pool-271-thread-1] INFO  server.RaftServerConfigKeys (ConfUtils.java:logGet(43)) - raft.server.log.segment.size.max = 1048576 (custom)
2019-09-26 19:35:55,918 [pool-271-thread-1] INFO  server.RaftServerConfigKeys (ConfUtils.java:logGet(43)) - raft.server.log.segment.cache.num.max = 2 (custom)
2019-09-26 19:35:55,919 [pool-271-thread-1] INFO  segmented.SegmentedRaftLogWorker (SegmentedRaftLogWorker.java:<init>(172)) - new 728ea44c-f097-440a-a87e-c27a68d48f14@group-CC0AC654280F-SegmentedRaftLogWorker for RaftStorage:Storage Directory /workdir/hadoop-ozone/integration-test/target/test-dir/MiniOzoneClusterImpl-2f79a7d3-d7ae-4963-8370-12bb1e2132d7/datanode-1/data/ratis/4b045feb-dd43-451c-b6aa-cc0ac654280f
2019-09-26 19:35:55,919 [pool-271-thread-1] INFO  server.RaftServerConfigKeys (ConfUtils.java:logGet(43)) - raft.server.log.queue.byte-limit = 2147483647 (custom)
2019-09-26 19:35:55,919 [pool-271-thread-1] INFO  server.RaftServerConfigKeys (ConfUtils.java:logGet(43)) - raft.server.log.queue.element-limit = 1024 (custom)
2019-09-26 19:35:55,919 [pool-271-thread-1] INFO  server.RaftServerConfigKeys (ConfUtils.java:logGet(43)) - raft.server.log.segment.size.max = 1048576 (custom)
2019-09-26 19:35:55,919 [pool-271-thread-1] INFO  server.RaftServerConfigKeys (ConfUtils.java:logGet(43)) - raft.server.log.preallocated.size = 16384 (custom)
2019-09-26 19:35:55,919 [pool-271-thread-1] INFO  server.RaftServerConfigKeys (ConfUtils.java:logGet(43)) - raft.server.log.write.buffer.size = 33554432 (custom)
2019-09-26 19:35:55,919 [pool-271-thread-1] INFO  server.RaftServerConfigKeys (ConfUtils.java:logGet(43)) - raft.server.log.force.sync.num = 128 (default)
2019-09-26 19:35:55,919 [pool-271-thread-1] INFO  server.RaftServerConfigKeys (ConfUtils.java:logGet(43)) - raft.server.log.statemachine.data.sync = true (default)
2019-09-26 19:35:55,919 [pool-271-thread-1] INFO  server.RaftServerConfigKeys (ConfUtils.java:logGet(43)) - raft.server.log.statemachine.data.sync.timeout = 10s (default)
2019-09-26 19:35:55,919 [pool-271-thread-1] INFO  server.RaftServerConfigKeys (ConfUtils.java:logGet(43)) - raft.server.log.statemachine.data.sync.timeout.retry = -1 (default)
2019-09-26 19:35:55,920 [pool-271-thread-1] INFO  server.RaftServerConfigKeys (ConfUtils.java:logGet(43)) - raft.server.log.statemachine.data.caching.enabled = true (custom)
2019-09-26 19:35:55,920 [pool-271-thread-1] INFO  segmented.SegmentedRaftLogWorker (SegmentedRaftLogWorker.java:lambda$new$0(132)) - 728ea44c-f097-440a-a87e-c27a68d48f14@group-CC0AC654280F-SegmentedRaftLogWorker: flushIndex: setUnconditionally 0 -> -1
2019-09-26 19:35:55,920 [pool-271-thread-1] INFO  server.RaftServerConfigKeys (ConfUtils.java:logGet(43)) - raft.server.snapshot.auto.trigger.enabled = true (custom)
2019-09-26 19:35:55,920 [pool-271-thread-1] INFO  server.RaftServerConfigKeys (ConfUtils.java:logGet(43)) - raft.server.snapshot.auto.trigger.threshold = 10000 (custom)
2019-09-26 19:35:55,920 [pool-271-thread-1] INFO  server.RaftServerConfigKeys (ConfUtils.java:logGet(43)) - raft.server.snapshot.retention.num.files = 5 (custom)
2019-09-26 19:35:55,920 [pool-271-thread-1] INFO  server.RaftServerConfigKeys (ConfUtils.java:logGet(43)) - raft.server.retrycache.expirytime = 600000ms (custom)
2019-09-26 19:35:55,921 [pool-271-thread-1] INFO  impl.RaftServerImpl (RaftServerImpl.java:start(185)) - 728ea44c-f097-440a-a87e-c27a68d48f14@group-CC0AC654280F: start as a follower, conf=-1: [728ea44c-f097-440a-a87e-c27a68d48f14:192.168.151.99:38783], old=null
2019-09-26 19:35:55,921 [pool-271-thread-1] INFO  impl.RaftServerImpl (RaftServerImpl.java:setRole(174)) - 728ea44c-f097-440a-a87e-c27a68d48f14@group-CC0AC654280F: changes role from      null to FOLLOWER at term 0 for startAsFollower
2019-09-26 19:35:55,922 [pool-271-thread-1] INFO  impl.RoleInfo (RoleInfo.java:updateAndGet(143)) - 728ea44c-f097-440a-a87e-c27a68d48f14: start FollowerState
2019-09-26 19:35:55,922 [pool-271-thread-1] INFO  util.JmxRegister (JmxRegister.java:tryRegister(44)) - Successfully registered JMX Bean with object name Ratis:service=RaftServer,group=group-CC0AC654280F,id=728ea44c-f097-440a-a87e-c27a68d48f14
2019-09-26 19:35:55,923 [RatisPipelineUtilsThread] INFO  pipeline.PipelineStateManager (PipelineStateManager.java:addPipeline(56)) - Created pipeline Pipeline[ Id: 4b045feb-dd43-451c-b6aa-cc0ac654280f, Nodes: 728ea44c-f097-440a-a87e-c27a68d48f14{ip: 192.168.151.99, host: pr-hdds-1569-g6sp5-2013761785, networkLocation: /rack1, certSerialId: null}, Type:RATIS, Factor:ONE, State:OPEN]
2019-09-26 19:35:55,925 [grpc-default-executor-2] INFO  impl.RaftServerProxy (RaftServerProxy.java:addNew(89)) - 728ea44c-f097-440a-a87e-c27a68d48f14: addNew group-F880E3D0E1B1:[728ea44c-f097-440a-a87e-c27a68d48f14:192.168.151.99:38783] returns group-F880E3D0E1B1:java.util.concurrent.CompletableFuture@149059d7[Not completed]
2019-09-26 19:35:55,925 [pool-271-thread-1] INFO  impl.RaftServerImpl (RaftServerImpl.java:<init>(95)) - 728ea44c-f097-440a-a87e-c27a68d48f14: new RaftServerImpl for group-F880E3D0E1B1:[728ea44c-f097-440a-a87e-c27a68d48f14:192.168.151.99:38783] with ContainerStateMachine:uninitialized
2019-09-26 19:35:55,926 [pool-271-thread-1] INFO  server.RaftServerConfigKeys (ConfUtils.java:logGet(43)) - raft.server.rpc.timeout.min = 5s (custom)
2019-09-26 19:35:55,926 [pool-271-thread-1] INFO  server.RaftServerConfigKeys (ConfUtils.java:logGet(43)) - raft.server.rpc.timeout.max = 5200ms (custom)
2019-09-26 19:35:55,926 [pool-271-thread-1] INFO  server.RaftServerConfigKeys (ConfUtils.java:logGet(43)) - raft.server.rpcslowness.timeout = 120s (custom)
2019-09-26 19:35:55,926 [pool-271-thread-1] INFO  server.RaftServerConfigKeys (ConfUtils.java:logGet(43)) - raft.server.sleep.deviation.threshold = 300 (default)
2019-09-26 19:35:55,926 [pool-271-thread-1] INFO  server.RaftServerConfigKeys (ConfUtils.java:logGet(43)) - raft.server.log.appender.install.snapshot.enabled = false (custom)
2019-09-26 19:35:55,926 [pool-271-thread-1] INFO  impl.RaftServerImpl (ServerState.java:<init>(103)) - 728ea44c-f097-440a-a87e-c27a68d48f14@group-F880E3D0E1B1: ConfigurationManager, init=-1: [728ea44c-f097-440a-a87e-c27a68d48f14:192.168.151.99:38783], old=null, confs=<EMPTY_MAP>
2019-09-26 19:35:55,926 [pool-271-thread-1] INFO  server.RaftServerConfigKeys (ConfUtils.java:logGet(43)) - raft.server.storage.dir = [/workdir/hadoop-ozone/integration-test/target/test-dir/MiniOzoneClusterImpl-2f79a7d3-d7ae-4963-8370-12bb1e2132d7/datanode-1/data/ratis] (custom)
2019-09-26 19:35:55,926 [pool-271-thread-1] INFO  storage.RaftStorageDirectory (RaftStorageDirectory.java:analyzeStorage(246)) - The storage directory /workdir/hadoop-ozone/integration-test/target/test-dir/MiniOzoneClusterImpl-2f79a7d3-d7ae-4963-8370-12bb1e2132d7/datanode-1/data/ratis/b72ca785-b498-48fd-85a9-f880e3d0e1b1 does not exist. Creating ...
2019-09-26 19:35:55,935 [pool-271-thread-1] INFO  storage.RaftStorageDirectory (RaftStorageDirectory.java:tryLock(328)) - Lock on /workdir/hadoop-ozone/integration-test/target/test-dir/MiniOzoneClusterImpl-2f79a7d3-d7ae-4963-8370-12bb1e2132d7/datanode-1/data/ratis/b72ca785-b498-48fd-85a9-f880e3d0e1b1/in_use.lock acquired by nodename 17888@pr-hdds-1569-g6sp5-2013761785
2019-09-26 19:35:55,953 [pool-271-thread-1] INFO  storage.RaftStorage (RaftStorage.java:format(72)) - Storage directory /workdir/hadoop-ozone/integration-test/target/test-dir/MiniOzoneClusterImpl-2f79a7d3-d7ae-4963-8370-12bb1e2132d7/datanode-1/data/ratis/b72ca785-b498-48fd-85a9-f880e3d0e1b1 has been successfully formatted.
2019-09-26 19:35:55,953 [pool-271-thread-1] INFO  ratis.ContainerStateMachine (ContainerStateMachine.java:loadSnapshot(230)) - group-F880E3D0E1B1: The snapshot info is null. Setting the last applied indexto:(t:0, i:~)
2019-09-26 19:35:55,953 [pool-271-thread-1] INFO  server.RaftServerConfigKeys (ConfUtils.java:logGet(43)) - raft.server.notification.no-leader.timeout = 120s (custom)
2019-09-26 19:35:55,953 [pool-271-thread-1] INFO  server.RaftServerConfigKeys (ConfUtils.java:logGet(43)) - raft.server.log.use.memory = false (default)
2019-09-26 19:35:55,954 [pool-271-thread-1] INFO  server.RaftServerConfigKeys (ConfUtils.java:logGet(43)) - raft.server.log.purge.gap = 1000000 (custom)
2019-09-26 19:35:55,954 [pool-271-thread-1] INFO  server.RaftServerConfigKeys (ConfUtils.java:logGet(43)) - raft.server.log.appender.buffer.byte-limit = 33554432 (custom)
2019-09-26 19:35:55,954 [pool-271-thread-1] INFO  server.RaftServerConfigKeys (ConfUtils.java:logGet(43)) - raft.server.log.segment.size.max = 1048576 (custom)
2019-09-26 19:35:55,954 [pool-271-thread-1] INFO  server.RaftServerConfigKeys (ConfUtils.java:logGet(43)) - raft.server.log.segment.cache.num.max = 2 (custom)
2019-09-26 19:35:55,954 [pool-271-thread-1] INFO  segmented.SegmentedRaftLogWorker (SegmentedRaftLogWorker.java:<init>(172)) - new 728ea44c-f097-440a-a87e-c27a68d48f14@group-F880E3D0E1B1-SegmentedRaftLogWorker for RaftStorage:Storage Directory /workdir/hadoop-ozone/integration-test/target/test-dir/MiniOzoneClusterImpl-2f79a7d3-d7ae-4963-8370-12bb1e2132d7/datanode-1/data/ratis/b72ca785-b498-48fd-85a9-f880e3d0e1b1
2019-09-26 19:35:55,954 [pool-271-thread-1] INFO  server.RaftServerConfigKeys (ConfUtils.java:logGet(43)) - raft.server.log.queue.byte-limit = 2147483647 (custom)
2019-09-26 19:35:55,954 [pool-271-thread-1] INFO  server.RaftServerConfigKeys (ConfUtils.java:logGet(43)) - raft.server.log.queue.element-limit = 1024 (custom)
2019-09-26 19:35:55,954 [pool-271-thread-1] INFO  server.RaftServerConfigKeys (ConfUtils.java:logGet(43)) - raft.server.log.segment.size.max = 1048576 (custom)
2019-09-26 19:35:55,954 [pool-271-thread-1] INFO  server.RaftServerConfigKeys (ConfUtils.java:logGet(43)) - raft.server.log.preallocated.size = 16384 (custom)
2019-09-26 19:35:55,954 [pool-271-thread-1] INFO  server.RaftServerConfigKeys (ConfUtils.java:logGet(43)) - raft.server.log.write.buffer.size = 33554432 (custom)
2019-09-26 19:35:55,955 [pool-271-thread-1] INFO  server.RaftServerConfigKeys (ConfUtils.java:logGet(43)) - raft.server.log.force.sync.num = 128 (default)
2019-09-26 19:35:55,955 [pool-271-thread-1] INFO  server.RaftServerConfigKeys (ConfUtils.java:logGet(43)) - raft.server.log.statemachine.data.sync = true (default)
2019-09-26 19:35:55,955 [pool-271-thread-1] INFO  server.RaftServerConfigKeys (ConfUtils.java:logGet(43)) - raft.server.log.statemachine.data.sync.timeout = 10s (default)
2019-09-26 19:35:55,955 [pool-271-thread-1] INFO  server.RaftServerConfigKeys (ConfUtils.java:logGet(43)) - raft.server.log.statemachine.data.sync.timeout.retry = -1 (default)
2019-09-26 19:35:55,955 [pool-271-thread-1] INFO  server.RaftServerConfigKeys (ConfUtils.java:logGet(43)) - raft.server.log.statemachine.data.caching.enabled = true (custom)
2019-09-26 19:35:55,955 [pool-271-thread-1] INFO  segmented.SegmentedRaftLogWorker (SegmentedRaftLogWorker.java:lambda$new$0(132)) - 728ea44c-f097-440a-a87e-c27a68d48f14@group-F880E3D0E1B1-SegmentedRaftLogWorker: flushIndex: setUnconditionally 0 -> -1
2019-09-26 19:35:55,955 [pool-271-thread-1] INFO  server.RaftServerConfigKeys (ConfUtils.java:logGet(43)) - raft.server.snapshot.auto.trigger.enabled = true (custom)
2019-09-26 19:35:55,955 [pool-271-thread-1] INFO  server.RaftServerConfigKeys (ConfUtils.java:logGet(43)) - raft.server.snapshot.auto.trigger.threshold = 10000 (custom)
2019-09-26 19:35:55,956 [pool-271-thread-1] INFO  server.RaftServerConfigKeys (ConfUtils.java:logGet(43)) - raft.server.snapshot.retention.num.files = 5 (custom)
2019-09-26 19:35:55,956 [pool-271-thread-1] INFO  server.RaftServerConfigKeys (ConfUtils.java:logGet(43)) - raft.server.retrycache.expirytime = 600000ms (custom)
2019-09-26 19:35:55,957 [pool-271-thread-1] INFO  impl.RaftServerImpl (RaftServerImpl.java:start(185)) - 728ea44c-f097-440a-a87e-c27a68d48f14@group-F880E3D0E1B1: start as a follower, conf=-1: [728ea44c-f097-440a-a87e-c27a68d48f14:192.168.151.99:38783], old=null
2019-09-26 19:35:55,957 [pool-271-thread-1] INFO  impl.RaftServerImpl (RaftServerImpl.java:setRole(174)) - 728ea44c-f097-440a-a87e-c27a68d48f14@group-F880E3D0E1B1: changes role from      null to FOLLOWER at term 0 for startAsFollower
2019-09-26 19:35:55,957 [pool-271-thread-1] INFO  impl.RoleInfo (RoleInfo.java:updateAndGet(143)) - 728ea44c-f097-440a-a87e-c27a68d48f14: start FollowerState
2019-09-26 19:35:55,957 [pool-271-thread-1] INFO  util.JmxRegister (JmxRegister.java:tryRegister(44)) - Successfully registered JMX Bean with object name Ratis:service=RaftServer,group=group-F880E3D0E1B1,id=728ea44c-f097-440a-a87e-c27a68d48f14
2019-09-26 19:35:55,958 [RatisPipelineUtilsThread] INFO  pipeline.PipelineStateManager (PipelineStateManager.java:addPipeline(56)) - Created pipeline Pipeline[ Id: b72ca785-b498-48fd-85a9-f880e3d0e1b1, Nodes: 728ea44c-f097-440a-a87e-c27a68d48f14{ip: 192.168.151.99, host: pr-hdds-1569-g6sp5-2013761785, networkLocation: /rack1, certSerialId: null}, Type:RATIS, Factor:ONE, State:OPEN]
2019-09-26 19:35:55,960 [grpc-default-executor-2] INFO  impl.RaftServerProxy (RaftServerProxy.java:addNew(89)) - 27cb48db-4b88-4c0c-b213-19f9b2fffaff: addNew group-B1E3039FE9C9:[27cb48db-4b88-4c0c-b213-19f9b2fffaff:192.168.151.99:37457] returns group-B1E3039FE9C9:java.util.concurrent.CompletableFuture@408e4358[Not completed]
2019-09-26 19:35:55,960 [pool-261-thread-1] INFO  impl.RaftServerImpl (RaftServerImpl.java:<init>(95)) - 27cb48db-4b88-4c0c-b213-19f9b2fffaff: new RaftServerImpl for group-B1E3039FE9C9:[27cb48db-4b88-4c0c-b213-19f9b2fffaff:192.168.151.99:37457] with ContainerStateMachine:uninitialized
2019-09-26 19:35:55,960 [pool-261-thread-1] INFO  server.RaftServerConfigKeys (ConfUtils.java:logGet(43)) - raft.server.rpc.timeout.min = 5s (custom)
2019-09-26 19:35:55,961 [pool-261-thread-1] INFO  server.RaftServerConfigKeys (ConfUtils.java:logGet(43)) - raft.server.rpc.timeout.max = 5200ms (custom)
2019-09-26 19:35:55,961 [pool-261-thread-1] INFO  server.RaftServerConfigKeys (ConfUtils.java:logGet(43)) - raft.server.rpcslowness.timeout = 120s (custom)
2019-09-26 19:35:55,961 [pool-261-thread-1] INFO  server.RaftServerConfigKeys (ConfUtils.java:logGet(43)) - raft.server.sleep.deviation.threshold = 300 (default)
2019-09-26 19:35:55,961 [pool-261-thread-1] INFO  server.RaftServerConfigKeys (ConfUtils.java:logGet(43)) - raft.server.log.appender.install.snapshot.enabled = false (custom)
2019-09-26 19:35:55,961 [pool-261-thread-1] INFO  impl.RaftServerImpl (ServerState.java:<init>(103)) - 27cb48db-4b88-4c0c-b213-19f9b2fffaff@group-B1E3039FE9C9: ConfigurationManager, init=-1: [27cb48db-4b88-4c0c-b213-19f9b2fffaff:192.168.151.99:37457], old=null, confs=<EMPTY_MAP>
2019-09-26 19:35:55,961 [pool-261-thread-1] INFO  server.RaftServerConfigKeys (ConfUtils.java:logGet(43)) - raft.server.storage.dir = [/workdir/hadoop-ozone/integration-test/target/test-dir/MiniOzoneClusterImpl-2f79a7d3-d7ae-4963-8370-12bb1e2132d7/datanode-0/data/ratis] (custom)
2019-09-26 19:35:55,962 [pool-261-thread-1] INFO  storage.RaftStorageDirectory (RaftStorageDirectory.java:analyzeStorage(246)) - The storage directory /workdir/hadoop-ozone/integration-test/target/test-dir/MiniOzoneClusterImpl-2f79a7d3-d7ae-4963-8370-12bb1e2132d7/datanode-0/data/ratis/342d7cc6-6741-4f92-8c74-b1e3039fe9c9 does not exist. Creating ...
2019-09-26 19:35:55,975 [pool-261-thread-1] INFO  storage.RaftStorageDirectory (RaftStorageDirectory.java:tryLock(328)) - Lock on /workdir/hadoop-ozone/integration-test/target/test-dir/MiniOzoneClusterImpl-2f79a7d3-d7ae-4963-8370-12bb1e2132d7/datanode-0/data/ratis/342d7cc6-6741-4f92-8c74-b1e3039fe9c9/in_use.lock acquired by nodename 17888@pr-hdds-1569-g6sp5-2013761785
2019-09-26 19:35:55,988 [pool-261-thread-1] INFO  storage.RaftStorage (RaftStorage.java:format(72)) - Storage directory /workdir/hadoop-ozone/integration-test/target/test-dir/MiniOzoneClusterImpl-2f79a7d3-d7ae-4963-8370-12bb1e2132d7/datanode-0/data/ratis/342d7cc6-6741-4f92-8c74-b1e3039fe9c9 has been successfully formatted.
2019-09-26 19:35:55,988 [pool-261-thread-1] INFO  ratis.ContainerStateMachine (ContainerStateMachine.java:loadSnapshot(230)) - group-B1E3039FE9C9: The snapshot info is null. Setting the last applied indexto:(t:0, i:~)
2019-09-26 19:35:55,988 [pool-261-thread-1] INFO  server.RaftServerConfigKeys (ConfUtils.java:logGet(43)) - raft.server.notification.no-leader.timeout = 120s (custom)
2019-09-26 19:35:55,988 [pool-261-thread-1] INFO  server.RaftServerConfigKeys (ConfUtils.java:logGet(43)) - raft.server.log.use.memory = false (default)
2019-09-26 19:35:55,989 [pool-261-thread-1] INFO  server.RaftServerConfigKeys (ConfUtils.java:logGet(43)) - raft.server.log.purge.gap = 1000000 (custom)
2019-09-26 19:35:55,989 [pool-261-thread-1] INFO  server.RaftServerConfigKeys (ConfUtils.java:logGet(43)) - raft.server.log.appender.buffer.byte-limit = 33554432 (custom)
2019-09-26 19:35:55,989 [pool-261-thread-1] INFO  server.RaftServerConfigKeys (ConfUtils.java:logGet(43)) - raft.server.log.segment.size.max = 1048576 (custom)
2019-09-26 19:35:55,989 [pool-261-thread-1] INFO  server.RaftServerConfigKeys (ConfUtils.java:logGet(43)) - raft.server.log.segment.cache.num.max = 2 (custom)
2019-09-26 19:35:55,989 [pool-261-thread-1] INFO  segmented.SegmentedRaftLogWorker (SegmentedRaftLogWorker.java:<init>(172)) - new 27cb48db-4b88-4c0c-b213-19f9b2fffaff@group-B1E3039FE9C9-SegmentedRaftLogWorker for RaftStorage:Storage Directory /workdir/hadoop-ozone/integration-test/target/test-dir/MiniOzoneClusterImpl-2f79a7d3-d7ae-4963-8370-12bb1e2132d7/datanode-0/data/ratis/342d7cc6-6741-4f92-8c74-b1e3039fe9c9
2019-09-26 19:35:55,989 [pool-261-thread-1] INFO  server.RaftServerConfigKeys (ConfUtils.java:logGet(43)) - raft.server.log.queue.byte-limit = 2147483647 (custom)
2019-09-26 19:35:55,989 [pool-261-thread-1] INFO  server.RaftServerConfigKeys (ConfUtils.java:logGet(43)) - raft.server.log.queue.element-limit = 1024 (custom)
2019-09-26 19:35:55,989 [pool-261-thread-1] INFO  server.RaftServerConfigKeys (ConfUtils.java:logGet(43)) - raft.server.log.segment.size.max = 1048576 (custom)
2019-09-26 19:35:55,990 [pool-261-thread-1] INFO  server.RaftServerConfigKeys (ConfUtils.java:logGet(43)) - raft.server.log.preallocated.size = 16384 (custom)
2019-09-26 19:35:55,990 [pool-261-thread-1] INFO  server.RaftServerConfigKeys (ConfUtils.java:logGet(43)) - raft.server.log.write.buffer.size = 33554432 (custom)
2019-09-26 19:35:55,990 [pool-261-thread-1] INFO  server.RaftServerConfigKeys (ConfUtils.java:logGet(43)) - raft.server.log.force.sync.num = 128 (default)
2019-09-26 19:35:55,990 [pool-261-thread-1] INFO  server.RaftServerConfigKeys (ConfUtils.java:logGet(43)) - raft.server.log.statemachine.data.sync = true (default)
2019-09-26 19:35:55,990 [pool-261-thread-1] INFO  server.RaftServerConfigKeys (ConfUtils.java:logGet(43)) - raft.server.log.statemachine.data.sync.timeout = 10s (default)
2019-09-26 19:35:55,990 [pool-261-thread-1] INFO  server.RaftServerConfigKeys (ConfUtils.java:logGet(43)) - raft.server.log.statemachine.data.sync.timeout.retry = -1 (default)
2019-09-26 19:35:55,990 [pool-261-thread-1] INFO  server.RaftServerConfigKeys (ConfUtils.java:logGet(43)) - raft.server.log.statemachine.data.caching.enabled = true (custom)
2019-09-26 19:35:55,991 [pool-261-thread-1] INFO  segmented.SegmentedRaftLogWorker (SegmentedRaftLogWorker.java:lambda$new$0(132)) - 27cb48db-4b88-4c0c-b213-19f9b2fffaff@group-B1E3039FE9C9-SegmentedRaftLogWorker: flushIndex: setUnconditionally 0 -> -1
2019-09-26 19:35:55,991 [pool-261-thread-1] INFO  server.RaftServerConfigKeys (ConfUtils.java:logGet(43)) - raft.server.snapshot.auto.trigger.enabled = true (custom)
2019-09-26 19:35:55,991 [pool-261-thread-1] INFO  server.RaftServerConfigKeys (ConfUtils.java:logGet(43)) - raft.server.snapshot.auto.trigger.threshold = 10000 (custom)
2019-09-26 19:35:55,991 [pool-261-thread-1] INFO  server.RaftServerConfigKeys (ConfUtils.java:logGet(43)) - raft.server.snapshot.retention.num.files = 5 (custom)
2019-09-26 19:35:55,991 [pool-261-thread-1] INFO  server.RaftServerConfigKeys (ConfUtils.java:logGet(43)) - raft.server.retrycache.expirytime = 600000ms (custom)
2019-09-26 19:35:55,993 [pool-261-thread-1] INFO  impl.RaftServerImpl (RaftServerImpl.java:start(185)) - 27cb48db-4b88-4c0c-b213-19f9b2fffaff@group-B1E3039FE9C9: start as a follower, conf=-1: [27cb48db-4b88-4c0c-b213-19f9b2fffaff:192.168.151.99:37457], old=null
2019-09-26 19:35:55,993 [pool-261-thread-1] INFO  impl.RaftServerImpl (RaftServerImpl.java:setRole(174)) - 27cb48db-4b88-4c0c-b213-19f9b2fffaff@group-B1E3039FE9C9: changes role from      null to FOLLOWER at term 0 for startAsFollower
2019-09-26 19:35:55,993 [pool-261-thread-1] INFO  impl.RoleInfo (RoleInfo.java:updateAndGet(143)) - 27cb48db-4b88-4c0c-b213-19f9b2fffaff: start FollowerState
2019-09-26 19:35:55,993 [pool-261-thread-1] INFO  util.JmxRegister (JmxRegister.java:tryRegister(44)) - Successfully registered JMX Bean with object name Ratis:service=RaftServer,group=group-B1E3039FE9C9,id=27cb48db-4b88-4c0c-b213-19f9b2fffaff
2019-09-26 19:35:55,994 [RatisPipelineUtilsThread] INFO  pipeline.PipelineStateManager (PipelineStateManager.java:addPipeline(56)) - Created pipeline Pipeline[ Id: 342d7cc6-6741-4f92-8c74-b1e3039fe9c9, Nodes: 27cb48db-4b88-4c0c-b213-19f9b2fffaff{ip: 192.168.151.99, host: pr-hdds-1569-g6sp5-2013761785, networkLocation: /rack1, certSerialId: null}, Type:RATIS, Factor:ONE, State:OPEN]
2019-09-26 19:35:55,996 [grpc-default-executor-2] INFO  impl.RaftServerProxy (RaftServerProxy.java:addNew(89)) - 728ea44c-f097-440a-a87e-c27a68d48f14: addNew group-40C621A7E37E:[728ea44c-f097-440a-a87e-c27a68d48f14:192.168.151.99:38783] returns group-40C621A7E37E:java.util.concurrent.CompletableFuture@1589a04[Not completed]
2019-09-26 19:35:55,997 [pool-271-thread-1] INFO  impl.RaftServerImpl (RaftServerImpl.java:<init>(95)) - 728ea44c-f097-440a-a87e-c27a68d48f14: new RaftServerImpl for group-40C621A7E37E:[728ea44c-f097-440a-a87e-c27a68d48f14:192.168.151.99:38783] with ContainerStateMachine:uninitialized
2019-09-26 19:35:55,997 [pool-271-thread-1] INFO  server.RaftServerConfigKeys (ConfUtils.java:logGet(43)) - raft.server.rpc.timeout.min = 5s (custom)
2019-09-26 19:35:55,997 [pool-271-thread-1] INFO  server.RaftServerConfigKeys (ConfUtils.java:logGet(43)) - raft.server.rpc.timeout.max = 5200ms (custom)
2019-09-26 19:35:55,997 [pool-271-thread-1] INFO  server.RaftServerConfigKeys (ConfUtils.java:logGet(43)) - raft.server.rpcslowness.timeout = 120s (custom)
2019-09-26 19:35:55,997 [pool-271-thread-1] INFO  server.RaftServerConfigKeys (ConfUtils.java:logGet(43)) - raft.server.sleep.deviation.threshold = 300 (default)
2019-09-26 19:35:55,997 [pool-271-thread-1] INFO  server.RaftServerConfigKeys (ConfUtils.java:logGet(43)) - raft.server.log.appender.install.snapshot.enabled = false (custom)
2019-09-26 19:35:55,998 [pool-271-thread-1] INFO  impl.RaftServerImpl (ServerState.java:<init>(103)) - 728ea44c-f097-440a-a87e-c27a68d48f14@group-40C621A7E37E: ConfigurationManager, init=-1: [728ea44c-f097-440a-a87e-c27a68d48f14:192.168.151.99:38783], old=null, confs=<EMPTY_MAP>
2019-09-26 19:35:55,998 [pool-271-thread-1] INFO  server.RaftServerConfigKeys (ConfUtils.java:logGet(43)) - raft.server.storage.dir = [/workdir/hadoop-ozone/integration-test/target/test-dir/MiniOzoneClusterImpl-2f79a7d3-d7ae-4963-8370-12bb1e2132d7/datanode-1/data/ratis] (custom)
2019-09-26 19:35:55,998 [pool-271-thread-1] INFO  storage.RaftStorageDirectory (RaftStorageDirectory.java:analyzeStorage(246)) - The storage directory /workdir/hadoop-ozone/integration-test/target/test-dir/MiniOzoneClusterImpl-2f79a7d3-d7ae-4963-8370-12bb1e2132d7/datanode-1/data/ratis/ecc9ad7b-67c9-4fa8-8ed3-40c621a7e37e does not exist. Creating ...
2019-09-26 19:35:56,010 [pool-271-thread-1] INFO  storage.RaftStorageDirectory (RaftStorageDirectory.java:tryLock(328)) - Lock on /workdir/hadoop-ozone/integration-test/target/test-dir/MiniOzoneClusterImpl-2f79a7d3-d7ae-4963-8370-12bb1e2132d7/datanode-1/data/ratis/ecc9ad7b-67c9-4fa8-8ed3-40c621a7e37e/in_use.lock acquired by nodename 17888@pr-hdds-1569-g6sp5-2013761785
2019-09-26 19:35:56,024 [pool-271-thread-1] INFO  storage.RaftStorage (RaftStorage.java:format(72)) - Storage directory /workdir/hadoop-ozone/integration-test/target/test-dir/MiniOzoneClusterImpl-2f79a7d3-d7ae-4963-8370-12bb1e2132d7/datanode-1/data/ratis/ecc9ad7b-67c9-4fa8-8ed3-40c621a7e37e has been successfully formatted.
2019-09-26 19:35:56,024 [pool-271-thread-1] INFO  ratis.ContainerStateMachine (ContainerStateMachine.java:loadSnapshot(230)) - group-40C621A7E37E: The snapshot info is null. Setting the last applied indexto:(t:0, i:~)
2019-09-26 19:35:56,024 [pool-271-thread-1] INFO  server.RaftServerConfigKeys (ConfUtils.java:logGet(43)) - raft.server.notification.no-leader.timeout = 120s (custom)
2019-09-26 19:35:56,024 [pool-271-thread-1] INFO  server.RaftServerConfigKeys (ConfUtils.java:logGet(43)) - raft.server.log.use.memory = false (default)
2019-09-26 19:35:56,024 [pool-271-thread-1] INFO  server.RaftServerConfigKeys (ConfUtils.java:logGet(43)) - raft.server.log.purge.gap = 1000000 (custom)
2019-09-26 19:35:56,024 [pool-271-thread-1] INFO  server.RaftServerConfigKeys (ConfUtils.java:logGet(43)) - raft.server.log.appender.buffer.byte-limit = 33554432 (custom)
2019-09-26 19:35:56,024 [pool-271-thread-1] INFO  server.RaftServerConfigKeys (ConfUtils.java:logGet(43)) - raft.server.log.segment.size.max = 1048576 (custom)
2019-09-26 19:35:56,024 [pool-271-thread-1] INFO  server.RaftServerConfigKeys (ConfUtils.java:logGet(43)) - raft.server.log.segment.cache.num.max = 2 (custom)
2019-09-26 19:35:56,024 [pool-271-thread-1] INFO  segmented.SegmentedRaftLogWorker (SegmentedRaftLogWorker.java:<init>(172)) - new 728ea44c-f097-440a-a87e-c27a68d48f14@group-40C621A7E37E-SegmentedRaftLogWorker for RaftStorage:Storage Directory /workdir/hadoop-ozone/integration-test/target/test-dir/MiniOzoneClusterImpl-2f79a7d3-d7ae-4963-8370-12bb1e2132d7/datanode-1/data/ratis/ecc9ad7b-67c9-4fa8-8ed3-40c621a7e37e
2019-09-26 19:35:56,024 [pool-271-thread-1] INFO  server.RaftServerConfigKeys (ConfUtils.java:logGet(43)) - raft.server.log.queue.byte-limit = 2147483647 (custom)
2019-09-26 19:35:56,025 [pool-271-thread-1] INFO  server.RaftServerConfigKeys (ConfUtils.java:logGet(43)) - raft.server.log.queue.element-limit = 1024 (custom)
2019-09-26 19:35:56,025 [pool-271-thread-1] INFO  server.RaftServerConfigKeys (ConfUtils.java:logGet(43)) - raft.server.log.segment.size.max = 1048576 (custom)
2019-09-26 19:35:56,025 [pool-271-thread-1] INFO  server.RaftServerConfigKeys (ConfUtils.java:logGet(43)) - raft.server.log.preallocated.size = 16384 (custom)
2019-09-26 19:35:56,025 [pool-271-thread-1] INFO  server.RaftServerConfigKeys (ConfUtils.java:logGet(43)) - raft.server.log.write.buffer.size = 33554432 (custom)
2019-09-26 19:35:56,025 [pool-271-thread-1] INFO  server.RaftServerConfigKeys (ConfUtils.java:logGet(43)) - raft.server.log.force.sync.num = 128 (default)
2019-09-26 19:35:56,025 [pool-271-thread-1] INFO  server.RaftServerConfigKeys (ConfUtils.java:logGet(43)) - raft.server.log.statemachine.data.sync = true (default)
2019-09-26 19:35:56,025 [pool-271-thread-1] INFO  server.RaftServerConfigKeys (ConfUtils.java:logGet(43)) - raft.server.log.statemachine.data.sync.timeout = 10s (default)
2019-09-26 19:35:56,025 [pool-271-thread-1] INFO  server.RaftServerConfigKeys (ConfUtils.java:logGet(43)) - raft.server.log.statemachine.data.sync.timeout.retry = -1 (default)
2019-09-26 19:35:56,025 [pool-271-thread-1] INFO  server.RaftServerConfigKeys (ConfUtils.java:logGet(43)) - raft.server.log.statemachine.data.caching.enabled = true (custom)
2019-09-26 19:35:56,026 [pool-271-thread-1] INFO  segmented.SegmentedRaftLogWorker (SegmentedRaftLogWorker.java:lambda$new$0(132)) - 728ea44c-f097-440a-a87e-c27a68d48f14@group-40C621A7E37E-SegmentedRaftLogWorker: flushIndex: setUnconditionally 0 -> -1
2019-09-26 19:35:56,026 [pool-271-thread-1] INFO  server.RaftServerConfigKeys (ConfUtils.java:logGet(43)) - raft.server.snapshot.auto.trigger.enabled = true (custom)
2019-09-26 19:35:56,026 [pool-271-thread-1] INFO  server.RaftServerConfigKeys (ConfUtils.java:logGet(43)) - raft.server.snapshot.auto.trigger.threshold = 10000 (custom)
2019-09-26 19:35:56,026 [pool-271-thread-1] INFO  server.RaftServerConfigKeys (ConfUtils.java:logGet(43)) - raft.server.snapshot.retention.num.files = 5 (custom)
2019-09-26 19:35:56,026 [pool-271-thread-1] INFO  server.RaftServerConfigKeys (ConfUtils.java:logGet(43)) - raft.server.retrycache.expirytime = 600000ms (custom)
2019-09-26 19:35:56,027 [pool-271-thread-1] INFO  impl.RaftServerImpl (RaftServerImpl.java:start(185)) - 728ea44c-f097-440a-a87e-c27a68d48f14@group-40C621A7E37E: start as a follower, conf=-1: [728ea44c-f097-440a-a87e-c27a68d48f14:192.168.151.99:38783], old=null
2019-09-26 19:35:56,027 [pool-271-thread-1] INFO  impl.RaftServerImpl (RaftServerImpl.java:setRole(174)) - 728ea44c-f097-440a-a87e-c27a68d48f14@group-40C621A7E37E: changes role from      null to FOLLOWER at term 0 for startAsFollower
2019-09-26 19:35:56,027 [pool-271-thread-1] INFO  impl.RoleInfo (RoleInfo.java:updateAndGet(143)) - 728ea44c-f097-440a-a87e-c27a68d48f14: start FollowerState
2019-09-26 19:35:56,028 [pool-271-thread-1] INFO  util.JmxRegister (JmxRegister.java:tryRegister(44)) - Successfully registered JMX Bean with object name Ratis:service=RaftServer,group=group-40C621A7E37E,id=728ea44c-f097-440a-a87e-c27a68d48f14
2019-09-26 19:35:56,029 [RatisPipelineUtilsThread] INFO  pipeline.PipelineStateManager (PipelineStateManager.java:addPipeline(56)) - Created pipeline Pipeline[ Id: ecc9ad7b-67c9-4fa8-8ed3-40c621a7e37e, Nodes: 728ea44c-f097-440a-a87e-c27a68d48f14{ip: 192.168.151.99, host: pr-hdds-1569-g6sp5-2013761785, networkLocation: /rack1, certSerialId: null}, Type:RATIS, Factor:ONE, State:OPEN]
2019-09-26 19:35:56,031 [grpc-default-executor-2] INFO  impl.RaftServerProxy (RaftServerProxy.java:addNew(89)) - 27cb48db-4b88-4c0c-b213-19f9b2fffaff: addNew group-60CEE626D65C:[27cb48db-4b88-4c0c-b213-19f9b2fffaff:192.168.151.99:37457] returns group-60CEE626D65C:java.util.concurrent.CompletableFuture@a688ce8[Not completed]
2019-09-26 19:35:56,031 [pool-261-thread-1] INFO  impl.RaftServerImpl (RaftServerImpl.java:<init>(95)) - 27cb48db-4b88-4c0c-b213-19f9b2fffaff: new RaftServerImpl for group-60CEE626D65C:[27cb48db-4b88-4c0c-b213-19f9b2fffaff:192.168.151.99:37457] with ContainerStateMachine:uninitialized
2019-09-26 19:35:56,031 [pool-261-thread-1] INFO  server.RaftServerConfigKeys (ConfUtils.java:logGet(43)) - raft.server.rpc.timeout.min = 5s (custom)
2019-09-26 19:35:56,031 [pool-261-thread-1] INFO  server.RaftServerConfigKeys (ConfUtils.java:logGet(43)) - raft.server.rpc.timeout.max = 5200ms (custom)
2019-09-26 19:35:56,032 [pool-261-thread-1] INFO  server.RaftServerConfigKeys (ConfUtils.java:logGet(43)) - raft.server.rpcslowness.timeout = 120s (custom)
2019-09-26 19:35:56,032 [pool-261-thread-1] INFO  server.RaftServerConfigKeys (ConfUtils.java:logGet(43)) - raft.server.sleep.deviation.threshold = 300 (default)
2019-09-26 19:35:56,032 [pool-261-thread-1] INFO  server.RaftServerConfigKeys (ConfUtils.java:logGet(43)) - raft.server.log.appender.install.snapshot.enabled = false (custom)
2019-09-26 19:35:56,032 [pool-261-thread-1] INFO  impl.RaftServerImpl (ServerState.java:<init>(103)) - 27cb48db-4b88-4c0c-b213-19f9b2fffaff@group-60CEE626D65C: ConfigurationManager, init=-1: [27cb48db-4b88-4c0c-b213-19f9b2fffaff:192.168.151.99:37457], old=null, confs=<EMPTY_MAP>
2019-09-26 19:35:56,032 [pool-261-thread-1] INFO  server.RaftServerConfigKeys (ConfUtils.java:logGet(43)) - raft.server.storage.dir = [/workdir/hadoop-ozone/integration-test/target/test-dir/MiniOzoneClusterImpl-2f79a7d3-d7ae-4963-8370-12bb1e2132d7/datanode-0/data/ratis] (custom)
2019-09-26 19:35:56,033 [pool-261-thread-1] INFO  storage.RaftStorageDirectory (RaftStorageDirectory.java:analyzeStorage(246)) - The storage directory /workdir/hadoop-ozone/integration-test/target/test-dir/MiniOzoneClusterImpl-2f79a7d3-d7ae-4963-8370-12bb1e2132d7/datanode-0/data/ratis/611ad21f-9cfe-4394-a514-60cee626d65c does not exist. Creating ...
2019-09-26 19:35:56,045 [pool-261-thread-1] INFO  storage.RaftStorageDirectory (RaftStorageDirectory.java:tryLock(328)) - Lock on /workdir/hadoop-ozone/integration-test/target/test-dir/MiniOzoneClusterImpl-2f79a7d3-d7ae-4963-8370-12bb1e2132d7/datanode-0/data/ratis/611ad21f-9cfe-4394-a514-60cee626d65c/in_use.lock acquired by nodename 17888@pr-hdds-1569-g6sp5-2013761785
2019-09-26 19:35:56,058 [pool-261-thread-1] INFO  storage.RaftStorage (RaftStorage.java:format(72)) - Storage directory /workdir/hadoop-ozone/integration-test/target/test-dir/MiniOzoneClusterImpl-2f79a7d3-d7ae-4963-8370-12bb1e2132d7/datanode-0/data/ratis/611ad21f-9cfe-4394-a514-60cee626d65c has been successfully formatted.
2019-09-26 19:35:56,059 [pool-261-thread-1] INFO  ratis.ContainerStateMachine (ContainerStateMachine.java:loadSnapshot(230)) - group-60CEE626D65C: The snapshot info is null. Setting the last applied indexto:(t:0, i:~)
2019-09-26 19:35:56,059 [pool-261-thread-1] INFO  server.RaftServerConfigKeys (ConfUtils.java:logGet(43)) - raft.server.notification.no-leader.timeout = 120s (custom)
2019-09-26 19:35:56,059 [pool-261-thread-1] INFO  server.RaftServerConfigKeys (ConfUtils.java:logGet(43)) - raft.server.log.use.memory = false (default)
2019-09-26 19:35:56,059 [pool-261-thread-1] INFO  server.RaftServerConfigKeys (ConfUtils.java:logGet(43)) - raft.server.log.purge.gap = 1000000 (custom)
2019-09-26 19:35:56,059 [pool-261-thread-1] INFO  server.RaftServerConfigKeys (ConfUtils.java:logGet(43)) - raft.server.log.appender.buffer.byte-limit = 33554432 (custom)
2019-09-26 19:35:56,059 [pool-261-thread-1] INFO  server.RaftServerConfigKeys (ConfUtils.java:logGet(43)) - raft.server.log.segment.size.max = 1048576 (custom)
2019-09-26 19:35:56,059 [pool-261-thread-1] INFO  server.RaftServerConfigKeys (ConfUtils.java:logGet(43)) - raft.server.log.segment.cache.num.max = 2 (custom)
2019-09-26 19:35:56,059 [pool-261-thread-1] INFO  segmented.SegmentedRaftLogWorker (SegmentedRaftLogWorker.java:<init>(172)) - new 27cb48db-4b88-4c0c-b213-19f9b2fffaff@group-60CEE626D65C-SegmentedRaftLogWorker for RaftStorage:Storage Directory /workdir/hadoop-ozone/integration-test/target/test-dir/MiniOzoneClusterImpl-2f79a7d3-d7ae-4963-8370-12bb1e2132d7/datanode-0/data/ratis/611ad21f-9cfe-4394-a514-60cee626d65c
2019-09-26 19:35:56,060 [pool-261-thread-1] INFO  server.RaftServerConfigKeys (ConfUtils.java:logGet(43)) - raft.server.log.queue.byte-limit = 2147483647 (custom)
2019-09-26 19:35:56,060 [pool-261-thread-1] INFO  server.RaftServerConfigKeys (ConfUtils.java:logGet(43)) - raft.server.log.queue.element-limit = 1024 (custom)
2019-09-26 19:35:56,060 [pool-261-thread-1] INFO  server.RaftServerConfigKeys (ConfUtils.java:logGet(43)) - raft.server.log.segment.size.max = 1048576 (custom)
2019-09-26 19:35:56,060 [pool-261-thread-1] INFO  server.RaftServerConfigKeys (ConfUtils.java:logGet(43)) - raft.server.log.preallocated.size = 16384 (custom)
2019-09-26 19:35:56,060 [pool-261-thread-1] INFO  server.RaftServerConfigKeys (ConfUtils.java:logGet(43)) - raft.server.log.write.buffer.size = 33554432 (custom)
2019-09-26 19:35:56,060 [pool-261-thread-1] INFO  server.RaftServerConfigKeys (ConfUtils.java:logGet(43)) - raft.server.log.force.sync.num = 128 (default)
2019-09-26 19:35:56,060 [pool-261-thread-1] INFO  server.RaftServerConfigKeys (ConfUtils.java:logGet(43)) - raft.server.log.statemachine.data.sync = true (default)
2019-09-26 19:35:56,060 [pool-261-thread-1] INFO  server.RaftServerConfigKeys (ConfUtils.java:logGet(43)) - raft.server.log.statemachine.data.sync.timeout = 10s (default)
2019-09-26 19:35:56,061 [pool-261-thread-1] INFO  server.RaftServerConfigKeys (ConfUtils.java:logGet(43)) - raft.server.log.statemachine.data.sync.timeout.retry = -1 (default)
2019-09-26 19:35:56,061 [pool-261-thread-1] INFO  server.RaftServerConfigKeys (ConfUtils.java:logGet(43)) - raft.server.log.statemachine.data.caching.enabled = true (custom)
2019-09-26 19:35:56,061 [pool-261-thread-1] INFO  segmented.SegmentedRaftLogWorker (SegmentedRaftLogWorker.java:lambda$new$0(132)) - 27cb48db-4b88-4c0c-b213-19f9b2fffaff@group-60CEE626D65C-SegmentedRaftLogWorker: flushIndex: setUnconditionally 0 -> -1
2019-09-26 19:35:56,061 [pool-261-thread-1] INFO  server.RaftServerConfigKeys (ConfUtils.java:logGet(43)) - raft.server.snapshot.auto.trigger.enabled = true (custom)
2019-09-26 19:35:56,061 [pool-261-thread-1] INFO  server.RaftServerConfigKeys (ConfUtils.java:logGet(43)) - raft.server.snapshot.auto.trigger.threshold = 10000 (custom)
2019-09-26 19:35:56,061 [pool-261-thread-1] INFO  server.RaftServerConfigKeys (ConfUtils.java:logGet(43)) - raft.server.snapshot.retention.num.files = 5 (custom)
2019-09-26 19:35:56,062 [pool-261-thread-1] INFO  server.RaftServerConfigKeys (ConfUtils.java:logGet(43)) - raft.server.retrycache.expirytime = 600000ms (custom)
2019-09-26 19:35:56,063 [pool-261-thread-1] INFO  impl.RaftServerImpl (RaftServerImpl.java:start(185)) - 27cb48db-4b88-4c0c-b213-19f9b2fffaff@group-60CEE626D65C: start as a follower, conf=-1: [27cb48db-4b88-4c0c-b213-19f9b2fffaff:192.168.151.99:37457], old=null
2019-09-26 19:35:56,063 [pool-261-thread-1] INFO  impl.RaftServerImpl (RaftServerImpl.java:setRole(174)) - 27cb48db-4b88-4c0c-b213-19f9b2fffaff@group-60CEE626D65C: changes role from      null to FOLLOWER at term 0 for startAsFollower
2019-09-26 19:35:56,063 [pool-261-thread-1] INFO  impl.RoleInfo (RoleInfo.java:updateAndGet(143)) - 27cb48db-4b88-4c0c-b213-19f9b2fffaff: start FollowerState
2019-09-26 19:35:56,063 [pool-261-thread-1] INFO  util.JmxRegister (JmxRegister.java:tryRegister(44)) - Successfully registered JMX Bean with object name Ratis:service=RaftServer,group=group-60CEE626D65C,id=27cb48db-4b88-4c0c-b213-19f9b2fffaff
2019-09-26 19:35:56,065 [RatisPipelineUtilsThread] INFO  pipeline.PipelineStateManager (PipelineStateManager.java:addPipeline(56)) - Created pipeline Pipeline[ Id: 611ad21f-9cfe-4394-a514-60cee626d65c, Nodes: 27cb48db-4b88-4c0c-b213-19f9b2fffaff{ip: 192.168.151.99, host: pr-hdds-1569-g6sp5-2013761785, networkLocation: /rack1, certSerialId: null}, Type:RATIS, Factor:ONE, State:OPEN]
2019-09-26 19:35:56,066 [grpc-default-executor-2] INFO  impl.RaftServerProxy (RaftServerProxy.java:addNew(89)) - 27cb48db-4b88-4c0c-b213-19f9b2fffaff: addNew group-E18203AECDC0:[27cb48db-4b88-4c0c-b213-19f9b2fffaff:192.168.151.99:37457] returns group-E18203AECDC0:java.util.concurrent.CompletableFuture@599d2576[Not completed]
2019-09-26 19:35:56,067 [pool-261-thread-1] INFO  impl.RaftServerImpl (RaftServerImpl.java:<init>(95)) - 27cb48db-4b88-4c0c-b213-19f9b2fffaff: new RaftServerImpl for group-E18203AECDC0:[27cb48db-4b88-4c0c-b213-19f9b2fffaff:192.168.151.99:37457] with ContainerStateMachine:uninitialized
2019-09-26 19:35:56,067 [pool-261-thread-1] INFO  server.RaftServerConfigKeys (ConfUtils.java:logGet(43)) - raft.server.rpc.timeout.min = 5s (custom)
2019-09-26 19:35:56,067 [pool-261-thread-1] INFO  server.RaftServerConfigKeys (ConfUtils.java:logGet(43)) - raft.server.rpc.timeout.max = 5200ms (custom)
2019-09-26 19:35:56,067 [pool-261-thread-1] INFO  server.RaftServerConfigKeys (ConfUtils.java:logGet(43)) - raft.server.rpcslowness.timeout = 120s (custom)
2019-09-26 19:35:56,067 [pool-261-thread-1] INFO  server.RaftServerConfigKeys (ConfUtils.java:logGet(43)) - raft.server.sleep.deviation.threshold = 300 (default)
2019-09-26 19:35:56,067 [pool-261-thread-1] INFO  server.RaftServerConfigKeys (ConfUtils.java:logGet(43)) - raft.server.log.appender.install.snapshot.enabled = false (custom)
2019-09-26 19:35:56,067 [pool-261-thread-1] INFO  impl.RaftServerImpl (ServerState.java:<init>(103)) - 27cb48db-4b88-4c0c-b213-19f9b2fffaff@group-E18203AECDC0: ConfigurationManager, init=-1: [27cb48db-4b88-4c0c-b213-19f9b2fffaff:192.168.151.99:37457], old=null, confs=<EMPTY_MAP>
2019-09-26 19:35:56,068 [pool-261-thread-1] INFO  server.RaftServerConfigKeys (ConfUtils.java:logGet(43)) - raft.server.storage.dir = [/workdir/hadoop-ozone/integration-test/target/test-dir/MiniOzoneClusterImpl-2f79a7d3-d7ae-4963-8370-12bb1e2132d7/datanode-0/data/ratis] (custom)
2019-09-26 19:35:56,068 [pool-261-thread-1] INFO  storage.RaftStorageDirectory (RaftStorageDirectory.java:analyzeStorage(246)) - The storage directory /workdir/hadoop-ozone/integration-test/target/test-dir/MiniOzoneClusterImpl-2f79a7d3-d7ae-4963-8370-12bb1e2132d7/datanode-0/data/ratis/b1ade19a-287f-4ba3-b25e-e18203aecdc0 does not exist. Creating ...
2019-09-26 19:35:56,081 [pool-261-thread-1] INFO  storage.RaftStorageDirectory (RaftStorageDirectory.java:tryLock(328)) - Lock on /workdir/hadoop-ozone/integration-test/target/test-dir/MiniOzoneClusterImpl-2f79a7d3-d7ae-4963-8370-12bb1e2132d7/datanode-0/data/ratis/b1ade19a-287f-4ba3-b25e-e18203aecdc0/in_use.lock acquired by nodename 17888@pr-hdds-1569-g6sp5-2013761785
2019-09-26 19:35:56,093 [pool-261-thread-1] INFO  storage.RaftStorage (RaftStorage.java:format(72)) - Storage directory /workdir/hadoop-ozone/integration-test/target/test-dir/MiniOzoneClusterImpl-2f79a7d3-d7ae-4963-8370-12bb1e2132d7/datanode-0/data/ratis/b1ade19a-287f-4ba3-b25e-e18203aecdc0 has been successfully formatted.
2019-09-26 19:35:56,094 [pool-261-thread-1] INFO  ratis.ContainerStateMachine (ContainerStateMachine.java:loadSnapshot(230)) - group-E18203AECDC0: The snapshot info is null. Setting the last applied indexto:(t:0, i:~)
2019-09-26 19:35:56,094 [pool-261-thread-1] INFO  server.RaftServerConfigKeys (ConfUtils.java:logGet(43)) - raft.server.notification.no-leader.timeout = 120s (custom)
2019-09-26 19:35:56,094 [pool-261-thread-1] INFO  server.RaftServerConfigKeys (ConfUtils.java:logGet(43)) - raft.server.log.use.memory = false (default)
2019-09-26 19:35:56,094 [pool-261-thread-1] INFO  server.RaftServerConfigKeys (ConfUtils.java:logGet(43)) - raft.server.log.purge.gap = 1000000 (custom)
2019-09-26 19:35:56,094 [pool-261-thread-1] INFO  server.RaftServerConfigKeys (ConfUtils.java:logGet(43)) - raft.server.log.appender.buffer.byte-limit = 33554432 (custom)
2019-09-26 19:35:56,094 [pool-261-thread-1] INFO  server.RaftServerConfigKeys (ConfUtils.java:logGet(43)) - raft.server.log.segment.size.max = 1048576 (custom)
2019-09-26 19:35:56,094 [pool-261-thread-1] INFO  server.RaftServerConfigKeys (ConfUtils.java:logGet(43)) - raft.server.log.segment.cache.num.max = 2 (custom)
2019-09-26 19:35:56,095 [pool-261-thread-1] INFO  segmented.SegmentedRaftLogWorker (SegmentedRaftLogWorker.java:<init>(172)) - new 27cb48db-4b88-4c0c-b213-19f9b2fffaff@group-E18203AECDC0-SegmentedRaftLogWorker for RaftStorage:Storage Directory /workdir/hadoop-ozone/integration-test/target/test-dir/MiniOzoneClusterImpl-2f79a7d3-d7ae-4963-8370-12bb1e2132d7/datanode-0/data/ratis/b1ade19a-287f-4ba3-b25e-e18203aecdc0
2019-09-26 19:35:56,095 [pool-261-thread-1] INFO  server.RaftServerConfigKeys (ConfUtils.java:logGet(43)) - raft.server.log.queue.byte-limit = 2147483647 (custom)
2019-09-26 19:35:56,095 [pool-261-thread-1] INFO  server.RaftServerConfigKeys (ConfUtils.java:logGet(43)) - raft.server.log.queue.element-limit = 1024 (custom)
2019-09-26 19:35:56,095 [pool-261-thread-1] INFO  server.RaftServerConfigKeys (ConfUtils.java:logGet(43)) - raft.server.log.segment.size.max = 1048576 (custom)
2019-09-26 19:35:56,095 [pool-261-thread-1] INFO  server.RaftServerConfigKeys (ConfUtils.java:logGet(43)) - raft.server.log.preallocated.size = 16384 (custom)
2019-09-26 19:35:56,095 [pool-261-thread-1] INFO  server.RaftServerConfigKeys (ConfUtils.java:logGet(43)) - raft.server.log.write.buffer.size = 33554432 (custom)
2019-09-26 19:35:56,095 [pool-261-thread-1] INFO  server.RaftServerConfigKeys (ConfUtils.java:logGet(43)) - raft.server.log.force.sync.num = 128 (default)
2019-09-26 19:35:56,095 [pool-261-thread-1] INFO  server.RaftServerConfigKeys (ConfUtils.java:logGet(43)) - raft.server.log.statemachine.data.sync = true (default)
2019-09-26 19:35:56,095 [pool-261-thread-1] INFO  server.RaftServerConfigKeys (ConfUtils.java:logGet(43)) - raft.server.log.statemachine.data.sync.timeout = 10s (default)
2019-09-26 19:35:56,096 [pool-261-thread-1] INFO  server.RaftServerConfigKeys (ConfUtils.java:logGet(43)) - raft.server.log.statemachine.data.sync.timeout.retry = -1 (default)
2019-09-26 19:35:56,096 [pool-261-thread-1] INFO  server.RaftServerConfigKeys (ConfUtils.java:logGet(43)) - raft.server.log.statemachine.data.caching.enabled = true (custom)
2019-09-26 19:35:56,096 [pool-261-thread-1] INFO  segmented.SegmentedRaftLogWorker (SegmentedRaftLogWorker.java:lambda$new$0(132)) - 27cb48db-4b88-4c0c-b213-19f9b2fffaff@group-E18203AECDC0-SegmentedRaftLogWorker: flushIndex: setUnconditionally 0 -> -1
2019-09-26 19:35:56,096 [pool-261-thread-1] INFO  server.RaftServerConfigKeys (ConfUtils.java:logGet(43)) - raft.server.snapshot.auto.trigger.enabled = true (custom)
2019-09-26 19:35:56,096 [pool-261-thread-1] INFO  server.RaftServerConfigKeys (ConfUtils.java:logGet(43)) - raft.server.snapshot.auto.trigger.threshold = 10000 (custom)
2019-09-26 19:35:56,096 [pool-261-thread-1] INFO  server.RaftServerConfigKeys (ConfUtils.java:logGet(43)) - raft.server.snapshot.retention.num.files = 5 (custom)
2019-09-26 19:35:56,096 [pool-261-thread-1] INFO  server.RaftServerConfigKeys (ConfUtils.java:logGet(43)) - raft.server.retrycache.expirytime = 600000ms (custom)
2019-09-26 19:35:56,098 [pool-261-thread-1] INFO  impl.RaftServerImpl (RaftServerImpl.java:start(185)) - 27cb48db-4b88-4c0c-b213-19f9b2fffaff@group-E18203AECDC0: start as a follower, conf=-1: [27cb48db-4b88-4c0c-b213-19f9b2fffaff:192.168.151.99:37457], old=null
2019-09-26 19:35:56,098 [pool-261-thread-1] INFO  impl.RaftServerImpl (RaftServerImpl.java:setRole(174)) - 27cb48db-4b88-4c0c-b213-19f9b2fffaff@group-E18203AECDC0: changes role from      null to FOLLOWER at term 0 for startAsFollower
2019-09-26 19:35:56,098 [pool-261-thread-1] INFO  impl.RoleInfo (RoleInfo.java:updateAndGet(143)) - 27cb48db-4b88-4c0c-b213-19f9b2fffaff: start FollowerState
2019-09-26 19:35:56,098 [pool-261-thread-1] INFO  util.JmxRegister (JmxRegister.java:tryRegister(44)) - Successfully registered JMX Bean with object name Ratis:service=RaftServer,group=group-E18203AECDC0,id=27cb48db-4b88-4c0c-b213-19f9b2fffaff
2019-09-26 19:35:56,099 [RatisPipelineUtilsThread] INFO  pipeline.PipelineStateManager (PipelineStateManager.java:addPipeline(56)) - Created pipeline Pipeline[ Id: b1ade19a-287f-4ba3-b25e-e18203aecdc0, Nodes: 27cb48db-4b88-4c0c-b213-19f9b2fffaff{ip: 192.168.151.99, host: pr-hdds-1569-g6sp5-2013761785, networkLocation: /rack1, certSerialId: null}, Type:RATIS, Factor:ONE, State:OPEN]
2019-09-26 19:35:56,101 [grpc-default-executor-2] INFO  impl.RaftServerProxy (RaftServerProxy.java:addNew(89)) - 728ea44c-f097-440a-a87e-c27a68d48f14: addNew group-A3FDED93FB37:[728ea44c-f097-440a-a87e-c27a68d48f14:192.168.151.99:38783] returns group-A3FDED93FB37:java.util.concurrent.CompletableFuture@5b3f8ca8[Not completed]
2019-09-26 19:35:56,101 [pool-271-thread-1] INFO  impl.RaftServerImpl (RaftServerImpl.java:<init>(95)) - 728ea44c-f097-440a-a87e-c27a68d48f14: new RaftServerImpl for group-A3FDED93FB37:[728ea44c-f097-440a-a87e-c27a68d48f14:192.168.151.99:38783] with ContainerStateMachine:uninitialized
2019-09-26 19:35:56,101 [pool-271-thread-1] INFO  server.RaftServerConfigKeys (ConfUtils.java:logGet(43)) - raft.server.rpc.timeout.min = 5s (custom)
2019-09-26 19:35:56,102 [pool-271-thread-1] INFO  server.RaftServerConfigKeys (ConfUtils.java:logGet(43)) - raft.server.rpc.timeout.max = 5200ms (custom)
2019-09-26 19:35:56,102 [pool-271-thread-1] INFO  server.RaftServerConfigKeys (ConfUtils.java:logGet(43)) - raft.server.rpcslowness.timeout = 120s (custom)
2019-09-26 19:35:56,102 [pool-271-thread-1] INFO  server.RaftServerConfigKeys (ConfUtils.java:logGet(43)) - raft.server.sleep.deviation.threshold = 300 (default)
2019-09-26 19:35:56,102 [pool-271-thread-1] INFO  server.RaftServerConfigKeys (ConfUtils.java:logGet(43)) - raft.server.log.appender.install.snapshot.enabled = false (custom)
2019-09-26 19:35:56,102 [pool-271-thread-1] INFO  impl.RaftServerImpl (ServerState.java:<init>(103)) - 728ea44c-f097-440a-a87e-c27a68d48f14@group-A3FDED93FB37: ConfigurationManager, init=-1: [728ea44c-f097-440a-a87e-c27a68d48f14:192.168.151.99:38783], old=null, confs=<EMPTY_MAP>
2019-09-26 19:35:56,102 [pool-271-thread-1] INFO  server.RaftServerConfigKeys (ConfUtils.java:logGet(43)) - raft.server.storage.dir = [/workdir/hadoop-ozone/integration-test/target/test-dir/MiniOzoneClusterImpl-2f79a7d3-d7ae-4963-8370-12bb1e2132d7/datanode-1/data/ratis] (custom)
2019-09-26 19:35:56,102 [pool-271-thread-1] INFO  storage.RaftStorageDirectory (RaftStorageDirectory.java:analyzeStorage(246)) - The storage directory /workdir/hadoop-ozone/integration-test/target/test-dir/MiniOzoneClusterImpl-2f79a7d3-d7ae-4963-8370-12bb1e2132d7/datanode-1/data/ratis/7ca27083-da19-4c47-8535-a3fded93fb37 does not exist. Creating ...
2019-09-26 19:35:56,115 [pool-271-thread-1] INFO  storage.RaftStorageDirectory (RaftStorageDirectory.java:tryLock(328)) - Lock on /workdir/hadoop-ozone/integration-test/target/test-dir/MiniOzoneClusterImpl-2f79a7d3-d7ae-4963-8370-12bb1e2132d7/datanode-1/data/ratis/7ca27083-da19-4c47-8535-a3fded93fb37/in_use.lock acquired by nodename 17888@pr-hdds-1569-g6sp5-2013761785
2019-09-26 19:35:56,119 [pool-271-thread-1] INFO  storage.RaftStorage (RaftStorage.java:format(72)) - Storage directory /workdir/hadoop-ozone/integration-test/target/test-dir/MiniOzoneClusterImpl-2f79a7d3-d7ae-4963-8370-12bb1e2132d7/datanode-1/data/ratis/7ca27083-da19-4c47-8535-a3fded93fb37 has been successfully formatted.
2019-09-26 19:35:56,119 [pool-271-thread-1] INFO  ratis.ContainerStateMachine (ContainerStateMachine.java:loadSnapshot(230)) - group-A3FDED93FB37: The snapshot info is null. Setting the last applied indexto:(t:0, i:~)
2019-09-26 19:35:56,119 [pool-271-thread-1] INFO  server.RaftServerConfigKeys (ConfUtils.java:logGet(43)) - raft.server.notification.no-leader.timeout = 120s (custom)
2019-09-26 19:35:56,119 [pool-271-thread-1] INFO  server.RaftServerConfigKeys (ConfUtils.java:logGet(43)) - raft.server.log.use.memory = false (default)
2019-09-26 19:35:56,119 [pool-271-thread-1] INFO  server.RaftServerConfigKeys (ConfUtils.java:logGet(43)) - raft.server.log.purge.gap = 1000000 (custom)
2019-09-26 19:35:56,119 [pool-271-thread-1] INFO  server.RaftServerConfigKeys (ConfUtils.java:logGet(43)) - raft.server.log.appender.buffer.byte-limit = 33554432 (custom)
2019-09-26 19:35:56,119 [pool-271-thread-1] INFO  server.RaftServerConfigKeys (ConfUtils.java:logGet(43)) - raft.server.log.segment.size.max = 1048576 (custom)
2019-09-26 19:35:56,119 [pool-271-thread-1] INFO  server.RaftServerConfigKeys (ConfUtils.java:logGet(43)) - raft.server.log.segment.cache.num.max = 2 (custom)
2019-09-26 19:35:56,119 [pool-271-thread-1] INFO  segmented.SegmentedRaftLogWorker (SegmentedRaftLogWorker.java:<init>(172)) - new 728ea44c-f097-440a-a87e-c27a68d48f14@group-A3FDED93FB37-SegmentedRaftLogWorker for RaftStorage:Storage Directory /workdir/hadoop-ozone/integration-test/target/test-dir/MiniOzoneClusterImpl-2f79a7d3-d7ae-4963-8370-12bb1e2132d7/datanode-1/data/ratis/7ca27083-da19-4c47-8535-a3fded93fb37
2019-09-26 19:35:56,119 [pool-271-thread-1] INFO  server.RaftServerConfigKeys (ConfUtils.java:logGet(43)) - raft.server.log.queue.byte-limit = 2147483647 (custom)
2019-09-26 19:35:56,119 [pool-271-thread-1] INFO  server.RaftServerConfigKeys (ConfUtils.java:logGet(43)) - raft.server.log.queue.element-limit = 1024 (custom)
2019-09-26 19:35:56,119 [pool-271-thread-1] INFO  server.RaftServerConfigKeys (ConfUtils.java:logGet(43)) - raft.server.log.segment.size.max = 1048576 (custom)
2019-09-26 19:35:56,120 [pool-271-thread-1] INFO  server.RaftServerConfigKeys (ConfUtils.java:logGet(43)) - raft.server.log.preallocated.size = 16384 (custom)
2019-09-26 19:35:56,120 [pool-271-thread-1] INFO  server.RaftServerConfigKeys (ConfUtils.java:logGet(43)) - raft.server.log.write.buffer.size = 33554432 (custom)
2019-09-26 19:35:56,120 [pool-271-thread-1] INFO  server.RaftServerConfigKeys (ConfUtils.java:logGet(43)) - raft.server.log.force.sync.num = 128 (default)
2019-09-26 19:35:56,120 [pool-271-thread-1] INFO  server.RaftServerConfigKeys (ConfUtils.java:logGet(43)) - raft.server.log.statemachine.data.sync = true (default)
2019-09-26 19:35:56,120 [pool-271-thread-1] INFO  server.RaftServerConfigKeys (ConfUtils.java:logGet(43)) - raft.server.log.statemachine.data.sync.timeout = 10s (default)
2019-09-26 19:35:56,120 [pool-271-thread-1] INFO  server.RaftServerConfigKeys (ConfUtils.java:logGet(43)) - raft.server.log.statemachine.data.sync.timeout.retry = -1 (default)
2019-09-26 19:35:56,120 [pool-271-thread-1] INFO  server.RaftServerConfigKeys (ConfUtils.java:logGet(43)) - raft.server.log.statemachine.data.caching.enabled = true (custom)
2019-09-26 19:35:56,120 [pool-271-thread-1] INFO  segmented.SegmentedRaftLogWorker (SegmentedRaftLogWorker.java:lambda$new$0(132)) - 728ea44c-f097-440a-a87e-c27a68d48f14@group-A3FDED93FB37-SegmentedRaftLogWorker: flushIndex: setUnconditionally 0 -> -1
2019-09-26 19:35:56,120 [pool-271-thread-1] INFO  server.RaftServerConfigKeys (ConfUtils.java:logGet(43)) - raft.server.snapshot.auto.trigger.enabled = true (custom)
2019-09-26 19:35:56,120 [pool-271-thread-1] INFO  server.RaftServerConfigKeys (ConfUtils.java:logGet(43)) - raft.server.snapshot.auto.trigger.threshold = 10000 (custom)
2019-09-26 19:35:56,120 [pool-271-thread-1] INFO  server.RaftServerConfigKeys (ConfUtils.java:logGet(43)) - raft.server.snapshot.retention.num.files = 5 (custom)
2019-09-26 19:35:56,121 [pool-271-thread-1] INFO  server.RaftServerConfigKeys (ConfUtils.java:logGet(43)) - raft.server.retrycache.expirytime = 600000ms (custom)
2019-09-26 19:35:56,122 [pool-271-thread-1] INFO  impl.RaftServerImpl (RaftServerImpl.java:start(185)) - 728ea44c-f097-440a-a87e-c27a68d48f14@group-A3FDED93FB37: start as a follower, conf=-1: [728ea44c-f097-440a-a87e-c27a68d48f14:192.168.151.99:38783], old=null
2019-09-26 19:35:56,122 [pool-271-thread-1] INFO  impl.RaftServerImpl (RaftServerImpl.java:setRole(174)) - 728ea44c-f097-440a-a87e-c27a68d48f14@group-A3FDED93FB37: changes role from      null to FOLLOWER at term 0 for startAsFollower
2019-09-26 19:35:56,122 [pool-271-thread-1] INFO  impl.RoleInfo (RoleInfo.java:updateAndGet(143)) - 728ea44c-f097-440a-a87e-c27a68d48f14: start FollowerState
2019-09-26 19:35:56,122 [pool-271-thread-1] INFO  util.JmxRegister (JmxRegister.java:tryRegister(44)) - Successfully registered JMX Bean with object name Ratis:service=RaftServer,group=group-A3FDED93FB37,id=728ea44c-f097-440a-a87e-c27a68d48f14
2019-09-26 19:35:56,123 [RatisPipelineUtilsThread] INFO  pipeline.PipelineStateManager (PipelineStateManager.java:addPipeline(56)) - Created pipeline Pipeline[ Id: 7ca27083-da19-4c47-8535-a3fded93fb37, Nodes: 728ea44c-f097-440a-a87e-c27a68d48f14{ip: 192.168.151.99, host: pr-hdds-1569-g6sp5-2013761785, networkLocation: /rack1, certSerialId: null}, Type:RATIS, Factor:ONE, State:OPEN]
2019-09-26 19:35:56,125 [grpc-default-executor-2] INFO  impl.RaftServerProxy (RaftServerProxy.java:addNew(89)) - 99aa1396-69c4-4985-9b2a-20430cc4a0a7: addNew group-FB63D571C0D2:[99aa1396-69c4-4985-9b2a-20430cc4a0a7:192.168.151.99:40213] returns group-FB63D571C0D2:java.util.concurrent.CompletableFuture@77d7ca90[Not completed]
2019-09-26 19:35:56,125 [pool-281-thread-1] INFO  impl.RaftServerImpl (RaftServerImpl.java:<init>(95)) - 99aa1396-69c4-4985-9b2a-20430cc4a0a7: new RaftServerImpl for group-FB63D571C0D2:[99aa1396-69c4-4985-9b2a-20430cc4a0a7:192.168.151.99:40213] with ContainerStateMachine:uninitialized
2019-09-26 19:35:56,125 [pool-281-thread-1] INFO  server.RaftServerConfigKeys (ConfUtils.java:logGet(43)) - raft.server.rpc.timeout.min = 5s (custom)
2019-09-26 19:35:56,126 [pool-281-thread-1] INFO  server.RaftServerConfigKeys (ConfUtils.java:logGet(43)) - raft.server.rpc.timeout.max = 5200ms (custom)
2019-09-26 19:35:56,126 [pool-281-thread-1] INFO  server.RaftServerConfigKeys (ConfUtils.java:logGet(43)) - raft.server.rpcslowness.timeout = 120s (custom)
2019-09-26 19:35:56,126 [pool-281-thread-1] INFO  server.RaftServerConfigKeys (ConfUtils.java:logGet(43)) - raft.server.sleep.deviation.threshold = 300 (default)
2019-09-26 19:35:56,126 [pool-281-thread-1] INFO  server.RaftServerConfigKeys (ConfUtils.java:logGet(43)) - raft.server.log.appender.install.snapshot.enabled = false (custom)
2019-09-26 19:35:56,126 [pool-281-thread-1] INFO  impl.RaftServerImpl (ServerState.java:<init>(103)) - 99aa1396-69c4-4985-9b2a-20430cc4a0a7@group-FB63D571C0D2: ConfigurationManager, init=-1: [99aa1396-69c4-4985-9b2a-20430cc4a0a7:192.168.151.99:40213], old=null, confs=<EMPTY_MAP>
2019-09-26 19:35:56,126 [pool-281-thread-1] INFO  server.RaftServerConfigKeys (ConfUtils.java:logGet(43)) - raft.server.storage.dir = [/workdir/hadoop-ozone/integration-test/target/test-dir/MiniOzoneClusterImpl-2f79a7d3-d7ae-4963-8370-12bb1e2132d7/datanode-2/data/ratis] (custom)
2019-09-26 19:35:56,126 [pool-281-thread-1] INFO  storage.RaftStorageDirectory (RaftStorageDirectory.java:analyzeStorage(246)) - The storage directory /workdir/hadoop-ozone/integration-test/target/test-dir/MiniOzoneClusterImpl-2f79a7d3-d7ae-4963-8370-12bb1e2132d7/datanode-2/data/ratis/f5e35219-c2c0-4538-a286-fb63d571c0d2 does not exist. Creating ...
2019-09-26 19:35:56,130 [pool-281-thread-1] INFO  storage.RaftStorageDirectory (RaftStorageDirectory.java:tryLock(328)) - Lock on /workdir/hadoop-ozone/integration-test/target/test-dir/MiniOzoneClusterImpl-2f79a7d3-d7ae-4963-8370-12bb1e2132d7/datanode-2/data/ratis/f5e35219-c2c0-4538-a286-fb63d571c0d2/in_use.lock acquired by nodename 17888@pr-hdds-1569-g6sp5-2013761785
2019-09-26 19:35:56,133 [pool-281-thread-1] INFO  storage.RaftStorage (RaftStorage.java:format(72)) - Storage directory /workdir/hadoop-ozone/integration-test/target/test-dir/MiniOzoneClusterImpl-2f79a7d3-d7ae-4963-8370-12bb1e2132d7/datanode-2/data/ratis/f5e35219-c2c0-4538-a286-fb63d571c0d2 has been successfully formatted.
2019-09-26 19:35:56,133 [pool-281-thread-1] INFO  ratis.ContainerStateMachine (ContainerStateMachine.java:loadSnapshot(230)) - group-FB63D571C0D2: The snapshot info is null. Setting the last applied indexto:(t:0, i:~)
2019-09-26 19:35:56,133 [pool-281-thread-1] INFO  server.RaftServerConfigKeys (ConfUtils.java:logGet(43)) - raft.server.notification.no-leader.timeout = 120s (custom)
2019-09-26 19:35:56,133 [pool-281-thread-1] INFO  server.RaftServerConfigKeys (ConfUtils.java:logGet(43)) - raft.server.log.use.memory = false (default)
2019-09-26 19:35:56,133 [pool-281-thread-1] INFO  server.RaftServerConfigKeys (ConfUtils.java:logGet(43)) - raft.server.log.purge.gap = 1000000 (custom)
2019-09-26 19:35:56,133 [pool-281-thread-1] INFO  server.RaftServerConfigKeys (ConfUtils.java:logGet(43)) - raft.server.log.appender.buffer.byte-limit = 33554432 (custom)
2019-09-26 19:35:56,134 [pool-281-thread-1] INFO  server.RaftServerConfigKeys (ConfUtils.java:logGet(43)) - raft.server.log.segment.size.max = 1048576 (custom)
2019-09-26 19:35:56,134 [pool-281-thread-1] INFO  server.RaftServerConfigKeys (ConfUtils.java:logGet(43)) - raft.server.log.segment.cache.num.max = 2 (custom)
2019-09-26 19:35:56,134 [pool-281-thread-1] INFO  segmented.SegmentedRaftLogWorker (SegmentedRaftLogWorker.java:<init>(172)) - new 99aa1396-69c4-4985-9b2a-20430cc4a0a7@group-FB63D571C0D2-SegmentedRaftLogWorker for RaftStorage:Storage Directory /workdir/hadoop-ozone/integration-test/target/test-dir/MiniOzoneClusterImpl-2f79a7d3-d7ae-4963-8370-12bb1e2132d7/datanode-2/data/ratis/f5e35219-c2c0-4538-a286-fb63d571c0d2
2019-09-26 19:35:56,134 [pool-281-thread-1] INFO  server.RaftServerConfigKeys (ConfUtils.java:logGet(43)) - raft.server.log.queue.byte-limit = 2147483647 (custom)
2019-09-26 19:35:56,134 [pool-281-thread-1] INFO  server.RaftServerConfigKeys (ConfUtils.java:logGet(43)) - raft.server.log.queue.element-limit = 1024 (custom)
2019-09-26 19:35:56,134 [pool-281-thread-1] INFO  server.RaftServerConfigKeys (ConfUtils.java:logGet(43)) - raft.server.log.segment.size.max = 1048576 (custom)
2019-09-26 19:35:56,134 [pool-281-thread-1] INFO  server.RaftServerConfigKeys (ConfUtils.java:logGet(43)) - raft.server.log.preallocated.size = 16384 (custom)
2019-09-26 19:35:56,134 [pool-281-thread-1] INFO  server.RaftServerConfigKeys (ConfUtils.java:logGet(43)) - raft.server.log.write.buffer.size = 33554432 (custom)
2019-09-26 19:35:56,134 [pool-281-thread-1] INFO  server.RaftServerConfigKeys (ConfUtils.java:logGet(43)) - raft.server.log.force.sync.num = 128 (default)
2019-09-26 19:35:56,142 [pool-281-thread-1] INFO  server.RaftServerConfigKeys (ConfUtils.java:logGet(43)) - raft.server.log.statemachine.data.sync = true (default)
2019-09-26 19:35:56,143 [pool-281-thread-1] INFO  server.RaftServerConfigKeys (ConfUtils.java:logGet(43)) - raft.server.log.statemachine.data.sync.timeout = 10s (default)
2019-09-26 19:35:56,143 [pool-281-thread-1] INFO  server.RaftServerConfigKeys (ConfUtils.java:logGet(43)) - raft.server.log.statemachine.data.sync.timeout.retry = -1 (default)
2019-09-26 19:35:56,143 [pool-281-thread-1] INFO  server.RaftServerConfigKeys (ConfUtils.java:logGet(43)) - raft.server.log.statemachine.data.caching.enabled = true (custom)
2019-09-26 19:35:56,143 [pool-281-thread-1] INFO  segmented.SegmentedRaftLogWorker (SegmentedRaftLogWorker.java:lambda$new$0(132)) - 99aa1396-69c4-4985-9b2a-20430cc4a0a7@group-FB63D571C0D2-SegmentedRaftLogWorker: flushIndex: setUnconditionally 0 -> -1
2019-09-26 19:35:56,143 [pool-281-thread-1] INFO  server.RaftServerConfigKeys (ConfUtils.java:logGet(43)) - raft.server.snapshot.auto.trigger.enabled = true (custom)
2019-09-26 19:35:56,143 [pool-281-thread-1] INFO  server.RaftServerConfigKeys (ConfUtils.java:logGet(43)) - raft.server.snapshot.auto.trigger.threshold = 10000 (custom)
2019-09-26 19:35:56,143 [pool-281-thread-1] INFO  server.RaftServerConfigKeys (ConfUtils.java:logGet(43)) - raft.server.snapshot.retention.num.files = 5 (custom)
2019-09-26 19:35:56,144 [pool-281-thread-1] INFO  server.RaftServerConfigKeys (ConfUtils.java:logGet(43)) - raft.server.retrycache.expirytime = 600000ms (custom)
2019-09-26 19:35:56,145 [pool-281-thread-1] INFO  impl.RaftServerImpl (RaftServerImpl.java:start(185)) - 99aa1396-69c4-4985-9b2a-20430cc4a0a7@group-FB63D571C0D2: start as a follower, conf=-1: [99aa1396-69c4-4985-9b2a-20430cc4a0a7:192.168.151.99:40213], old=null
2019-09-26 19:35:56,145 [pool-281-thread-1] INFO  impl.RaftServerImpl (RaftServerImpl.java:setRole(174)) - 99aa1396-69c4-4985-9b2a-20430cc4a0a7@group-FB63D571C0D2: changes role from      null to FOLLOWER at term 0 for startAsFollower
2019-09-26 19:35:56,145 [pool-281-thread-1] INFO  impl.RoleInfo (RoleInfo.java:updateAndGet(143)) - 99aa1396-69c4-4985-9b2a-20430cc4a0a7: start FollowerState
2019-09-26 19:35:56,145 [pool-281-thread-1] INFO  util.JmxRegister (JmxRegister.java:tryRegister(44)) - Successfully registered JMX Bean with object name Ratis:service=RaftServer,group=group-FB63D571C0D2,id=99aa1396-69c4-4985-9b2a-20430cc4a0a7
2019-09-26 19:35:56,146 [RatisPipelineUtilsThread] INFO  pipeline.PipelineStateManager (PipelineStateManager.java:addPipeline(56)) - Created pipeline Pipeline[ Id: f5e35219-c2c0-4538-a286-fb63d571c0d2, Nodes: 99aa1396-69c4-4985-9b2a-20430cc4a0a7{ip: 192.168.151.99, host: pr-hdds-1569-g6sp5-2013761785, networkLocation: /rack1, certSerialId: null}, Type:RATIS, Factor:ONE, State:OPEN]
2019-09-26 19:35:56,148 [grpc-default-executor-2] INFO  impl.RaftServerProxy (RaftServerProxy.java:addNew(89)) - 27cb48db-4b88-4c0c-b213-19f9b2fffaff: addNew group-9EE6F63F4F99:[27cb48db-4b88-4c0c-b213-19f9b2fffaff:192.168.151.99:37457] returns group-9EE6F63F4F99:java.util.concurrent.CompletableFuture@37da027c[Not completed]
2019-09-26 19:35:56,149 [pool-261-thread-1] INFO  impl.RaftServerImpl (RaftServerImpl.java:<init>(95)) - 27cb48db-4b88-4c0c-b213-19f9b2fffaff: new RaftServerImpl for group-9EE6F63F4F99:[27cb48db-4b88-4c0c-b213-19f9b2fffaff:192.168.151.99:37457] with ContainerStateMachine:uninitialized
2019-09-26 19:35:56,149 [pool-261-thread-1] INFO  server.RaftServerConfigKeys (ConfUtils.java:logGet(43)) - raft.server.rpc.timeout.min = 5s (custom)
2019-09-26 19:35:56,149 [pool-261-thread-1] INFO  server.RaftServerConfigKeys (ConfUtils.java:logGet(43)) - raft.server.rpc.timeout.max = 5200ms (custom)
2019-09-26 19:35:56,149 [pool-261-thread-1] INFO  server.RaftServerConfigKeys (ConfUtils.java:logGet(43)) - raft.server.rpcslowness.timeout = 120s (custom)
2019-09-26 19:35:56,149 [pool-261-thread-1] INFO  server.RaftServerConfigKeys (ConfUtils.java:logGet(43)) - raft.server.sleep.deviation.threshold = 300 (default)
2019-09-26 19:35:56,149 [pool-261-thread-1] INFO  server.RaftServerConfigKeys (ConfUtils.java:logGet(43)) - raft.server.log.appender.install.snapshot.enabled = false (custom)
2019-09-26 19:35:56,149 [pool-261-thread-1] INFO  impl.RaftServerImpl (ServerState.java:<init>(103)) - 27cb48db-4b88-4c0c-b213-19f9b2fffaff@group-9EE6F63F4F99: ConfigurationManager, init=-1: [27cb48db-4b88-4c0c-b213-19f9b2fffaff:192.168.151.99:37457], old=null, confs=<EMPTY_MAP>
2019-09-26 19:35:56,150 [pool-261-thread-1] INFO  server.RaftServerConfigKeys (ConfUtils.java:logGet(43)) - raft.server.storage.dir = [/workdir/hadoop-ozone/integration-test/target/test-dir/MiniOzoneClusterImpl-2f79a7d3-d7ae-4963-8370-12bb1e2132d7/datanode-0/data/ratis] (custom)
2019-09-26 19:35:56,150 [pool-261-thread-1] INFO  storage.RaftStorageDirectory (RaftStorageDirectory.java:analyzeStorage(246)) - The storage directory /workdir/hadoop-ozone/integration-test/target/test-dir/MiniOzoneClusterImpl-2f79a7d3-d7ae-4963-8370-12bb1e2132d7/datanode-0/data/ratis/b42931dd-5500-437a-b0ef-9ee6f63f4f99 does not exist. Creating ...
2019-09-26 19:35:56,156 [pool-261-thread-1] INFO  storage.RaftStorageDirectory (RaftStorageDirectory.java:tryLock(328)) - Lock on /workdir/hadoop-ozone/integration-test/target/test-dir/MiniOzoneClusterImpl-2f79a7d3-d7ae-4963-8370-12bb1e2132d7/datanode-0/data/ratis/b42931dd-5500-437a-b0ef-9ee6f63f4f99/in_use.lock acquired by nodename 17888@pr-hdds-1569-g6sp5-2013761785
2019-09-26 19:35:56,170 [pool-261-thread-1] INFO  storage.RaftStorage (RaftStorage.java:format(72)) - Storage directory /workdir/hadoop-ozone/integration-test/target/test-dir/MiniOzoneClusterImpl-2f79a7d3-d7ae-4963-8370-12bb1e2132d7/datanode-0/data/ratis/b42931dd-5500-437a-b0ef-9ee6f63f4f99 has been successfully formatted.
2019-09-26 19:35:56,170 [pool-261-thread-1] INFO  ratis.ContainerStateMachine (ContainerStateMachine.java:loadSnapshot(230)) - group-9EE6F63F4F99: The snapshot info is null. Setting the last applied indexto:(t:0, i:~)
2019-09-26 19:35:56,170 [pool-261-thread-1] INFO  server.RaftServerConfigKeys (ConfUtils.java:logGet(43)) - raft.server.notification.no-leader.timeout = 120s (custom)
2019-09-26 19:35:56,170 [pool-261-thread-1] INFO  server.RaftServerConfigKeys (ConfUtils.java:logGet(43)) - raft.server.log.use.memory = false (default)
2019-09-26 19:35:56,170 [pool-261-thread-1] INFO  server.RaftServerConfigKeys (ConfUtils.java:logGet(43)) - raft.server.log.purge.gap = 1000000 (custom)
2019-09-26 19:35:56,170 [pool-261-thread-1] INFO  server.RaftServerConfigKeys (ConfUtils.java:logGet(43)) - raft.server.log.appender.buffer.byte-limit = 33554432 (custom)
2019-09-26 19:35:56,171 [pool-261-thread-1] INFO  server.RaftServerConfigKeys (ConfUtils.java:logGet(43)) - raft.server.log.segment.size.max = 1048576 (custom)
2019-09-26 19:35:56,171 [pool-261-thread-1] INFO  server.RaftServerConfigKeys (ConfUtils.java:logGet(43)) - raft.server.log.segment.cache.num.max = 2 (custom)
2019-09-26 19:35:56,171 [pool-261-thread-1] INFO  segmented.SegmentedRaftLogWorker (SegmentedRaftLogWorker.java:<init>(172)) - new 27cb48db-4b88-4c0c-b213-19f9b2fffaff@group-9EE6F63F4F99-SegmentedRaftLogWorker for RaftStorage:Storage Directory /workdir/hadoop-ozone/integration-test/target/test-dir/MiniOzoneClusterImpl-2f79a7d3-d7ae-4963-8370-12bb1e2132d7/datanode-0/data/ratis/b42931dd-5500-437a-b0ef-9ee6f63f4f99
2019-09-26 19:35:56,171 [pool-261-thread-1] INFO  server.RaftServerConfigKeys (ConfUtils.java:logGet(43)) - raft.server.log.queue.byte-limit = 2147483647 (custom)
2019-09-26 19:35:56,171 [pool-261-thread-1] INFO  server.RaftServerConfigKeys (ConfUtils.java:logGet(43)) - raft.server.log.queue.element-limit = 1024 (custom)
2019-09-26 19:35:56,171 [pool-261-thread-1] INFO  server.RaftServerConfigKeys (ConfUtils.java:logGet(43)) - raft.server.log.segment.size.max = 1048576 (custom)
2019-09-26 19:35:56,171 [pool-261-thread-1] INFO  server.RaftServerConfigKeys (ConfUtils.java:logGet(43)) - raft.server.log.preallocated.size = 16384 (custom)
2019-09-26 19:35:56,171 [pool-261-thread-1] INFO  server.RaftServerConfigKeys (ConfUtils.java:logGet(43)) - raft.server.log.write.buffer.size = 33554432 (custom)
2019-09-26 19:35:56,171 [pool-261-thread-1] INFO  server.RaftServerConfigKeys (ConfUtils.java:logGet(43)) - raft.server.log.force.sync.num = 128 (default)
2019-09-26 19:35:56,171 [pool-261-thread-1] INFO  server.RaftServerConfigKeys (ConfUtils.java:logGet(43)) - raft.server.log.statemachine.data.sync = true (default)
2019-09-26 19:35:56,172 [pool-261-thread-1] INFO  server.RaftServerConfigKeys (ConfUtils.java:logGet(43)) - raft.server.log.statemachine.data.sync.timeout = 10s (default)
2019-09-26 19:35:56,172 [pool-261-thread-1] INFO  server.RaftServerConfigKeys (ConfUtils.java:logGet(43)) - raft.server.log.statemachine.data.sync.timeout.retry = -1 (default)
2019-09-26 19:35:56,172 [pool-261-thread-1] INFO  server.RaftServerConfigKeys (ConfUtils.java:logGet(43)) - raft.server.log.statemachine.data.caching.enabled = true (custom)
2019-09-26 19:35:56,172 [pool-261-thread-1] INFO  segmented.SegmentedRaftLogWorker (SegmentedRaftLogWorker.java:lambda$new$0(132)) - 27cb48db-4b88-4c0c-b213-19f9b2fffaff@group-9EE6F63F4F99-SegmentedRaftLogWorker: flushIndex: setUnconditionally 0 -> -1
2019-09-26 19:35:56,172 [pool-261-thread-1] INFO  server.RaftServerConfigKeys (ConfUtils.java:logGet(43)) - raft.server.snapshot.auto.trigger.enabled = true (custom)
2019-09-26 19:35:56,172 [pool-261-thread-1] INFO  server.RaftServerConfigKeys (ConfUtils.java:logGet(43)) - raft.server.snapshot.auto.trigger.threshold = 10000 (custom)
2019-09-26 19:35:56,173 [pool-261-thread-1] INFO  server.RaftServerConfigKeys (ConfUtils.java:logGet(43)) - raft.server.snapshot.retention.num.files = 5 (custom)
2019-09-26 19:35:56,173 [pool-261-thread-1] INFO  server.RaftServerConfigKeys (ConfUtils.java:logGet(43)) - raft.server.retrycache.expirytime = 600000ms (custom)
2019-09-26 19:35:56,174 [pool-261-thread-1] INFO  impl.RaftServerImpl (RaftServerImpl.java:start(185)) - 27cb48db-4b88-4c0c-b213-19f9b2fffaff@group-9EE6F63F4F99: start as a follower, conf=-1: [27cb48db-4b88-4c0c-b213-19f9b2fffaff:192.168.151.99:37457], old=null
2019-09-26 19:35:56,174 [pool-261-thread-1] INFO  impl.RaftServerImpl (RaftServerImpl.java:setRole(174)) - 27cb48db-4b88-4c0c-b213-19f9b2fffaff@group-9EE6F63F4F99: changes role from      null to FOLLOWER at term 0 for startAsFollower
2019-09-26 19:35:56,174 [pool-261-thread-1] INFO  impl.RoleInfo (RoleInfo.java:updateAndGet(143)) - 27cb48db-4b88-4c0c-b213-19f9b2fffaff: start FollowerState
2019-09-26 19:35:56,175 [pool-261-thread-1] INFO  util.JmxRegister (JmxRegister.java:tryRegister(44)) - Successfully registered JMX Bean with object name Ratis:service=RaftServer,group=group-9EE6F63F4F99,id=27cb48db-4b88-4c0c-b213-19f9b2fffaff
2019-09-26 19:35:56,176 [RatisPipelineUtilsThread] INFO  pipeline.PipelineStateManager (PipelineStateManager.java:addPipeline(56)) - Created pipeline Pipeline[ Id: b42931dd-5500-437a-b0ef-9ee6f63f4f99, Nodes: 27cb48db-4b88-4c0c-b213-19f9b2fffaff{ip: 192.168.151.99, host: pr-hdds-1569-g6sp5-2013761785, networkLocation: /rack1, certSerialId: null}, Type:RATIS, Factor:ONE, State:OPEN]
2019-09-26 19:35:56,177 [grpc-default-executor-2] INFO  impl.RaftServerProxy (RaftServerProxy.java:addNew(89)) - 27cb48db-4b88-4c0c-b213-19f9b2fffaff: addNew group-B295C7228A94:[27cb48db-4b88-4c0c-b213-19f9b2fffaff:192.168.151.99:37457] returns group-B295C7228A94:java.util.concurrent.CompletableFuture@3605a604[Not completed]
2019-09-26 19:35:56,177 [pool-261-thread-1] INFO  impl.RaftServerImpl (RaftServerImpl.java:<init>(95)) - 27cb48db-4b88-4c0c-b213-19f9b2fffaff: new RaftServerImpl for group-B295C7228A94:[27cb48db-4b88-4c0c-b213-19f9b2fffaff:192.168.151.99:37457] with ContainerStateMachine:uninitialized
2019-09-26 19:35:56,178 [pool-261-thread-1] INFO  server.RaftServerConfigKeys (ConfUtils.java:logGet(43)) - raft.server.rpc.timeout.min = 5s (custom)
2019-09-26 19:35:56,178 [pool-261-thread-1] INFO  server.RaftServerConfigKeys (ConfUtils.java:logGet(43)) - raft.server.rpc.timeout.max = 5200ms (custom)
2019-09-26 19:35:56,178 [pool-261-thread-1] INFO  server.RaftServerConfigKeys (ConfUtils.java:logGet(43)) - raft.server.rpcslowness.timeout = 120s (custom)
2019-09-26 19:35:56,178 [pool-261-thread-1] INFO  server.RaftServerConfigKeys (ConfUtils.java:logGet(43)) - raft.server.sleep.deviation.threshold = 300 (default)
2019-09-26 19:35:56,178 [pool-261-thread-1] INFO  server.RaftServerConfigKeys (ConfUtils.java:logGet(43)) - raft.server.log.appender.install.snapshot.enabled = false (custom)
2019-09-26 19:35:56,178 [pool-261-thread-1] INFO  impl.RaftServerImpl (ServerState.java:<init>(103)) - 27cb48db-4b88-4c0c-b213-19f9b2fffaff@group-B295C7228A94: ConfigurationManager, init=-1: [27cb48db-4b88-4c0c-b213-19f9b2fffaff:192.168.151.99:37457], old=null, confs=<EMPTY_MAP>
2019-09-26 19:35:56,178 [pool-261-thread-1] INFO  server.RaftServerConfigKeys (ConfUtils.java:logGet(43)) - raft.server.storage.dir = [/workdir/hadoop-ozone/integration-test/target/test-dir/MiniOzoneClusterImpl-2f79a7d3-d7ae-4963-8370-12bb1e2132d7/datanode-0/data/ratis] (custom)
2019-09-26 19:35:56,179 [pool-261-thread-1] INFO  storage.RaftStorageDirectory (RaftStorageDirectory.java:analyzeStorage(246)) - The storage directory /workdir/hadoop-ozone/integration-test/target/test-dir/MiniOzoneClusterImpl-2f79a7d3-d7ae-4963-8370-12bb1e2132d7/datanode-0/data/ratis/edcb9f50-4a72-49fa-a68a-b295c7228a94 does not exist. Creating ...
2019-09-26 19:35:56,203 [pool-261-thread-1] INFO  storage.RaftStorageDirectory (RaftStorageDirectory.java:tryLock(328)) - Lock on /workdir/hadoop-ozone/integration-test/target/test-dir/MiniOzoneClusterImpl-2f79a7d3-d7ae-4963-8370-12bb1e2132d7/datanode-0/data/ratis/edcb9f50-4a72-49fa-a68a-b295c7228a94/in_use.lock acquired by nodename 17888@pr-hdds-1569-g6sp5-2013761785
2019-09-26 19:35:56,217 [pool-261-thread-1] INFO  storage.RaftStorage (RaftStorage.java:format(72)) - Storage directory /workdir/hadoop-ozone/integration-test/target/test-dir/MiniOzoneClusterImpl-2f79a7d3-d7ae-4963-8370-12bb1e2132d7/datanode-0/data/ratis/edcb9f50-4a72-49fa-a68a-b295c7228a94 has been successfully formatted.
2019-09-26 19:35:56,217 [pool-261-thread-1] INFO  ratis.ContainerStateMachine (ContainerStateMachine.java:loadSnapshot(230)) - group-B295C7228A94: The snapshot info is null. Setting the last applied indexto:(t:0, i:~)
2019-09-26 19:35:56,217 [pool-261-thread-1] INFO  server.RaftServerConfigKeys (ConfUtils.java:logGet(43)) - raft.server.notification.no-leader.timeout = 120s (custom)
2019-09-26 19:35:56,217 [pool-261-thread-1] INFO  server.RaftServerConfigKeys (ConfUtils.java:logGet(43)) - raft.server.log.use.memory = false (default)
2019-09-26 19:35:56,217 [pool-261-thread-1] INFO  server.RaftServerConfigKeys (ConfUtils.java:logGet(43)) - raft.server.log.purge.gap = 1000000 (custom)
2019-09-26 19:35:56,218 [pool-261-thread-1] INFO  server.RaftServerConfigKeys (ConfUtils.java:logGet(43)) - raft.server.log.appender.buffer.byte-limit = 33554432 (custom)
2019-09-26 19:35:56,218 [pool-261-thread-1] INFO  server.RaftServerConfigKeys (ConfUtils.java:logGet(43)) - raft.server.log.segment.size.max = 1048576 (custom)
2019-09-26 19:35:56,218 [pool-261-thread-1] INFO  server.RaftServerConfigKeys (ConfUtils.java:logGet(43)) - raft.server.log.segment.cache.num.max = 2 (custom)
2019-09-26 19:35:56,218 [pool-261-thread-1] INFO  segmented.SegmentedRaftLogWorker (SegmentedRaftLogWorker.java:<init>(172)) - new 27cb48db-4b88-4c0c-b213-19f9b2fffaff@group-B295C7228A94-SegmentedRaftLogWorker for RaftStorage:Storage Directory /workdir/hadoop-ozone/integration-test/target/test-dir/MiniOzoneClusterImpl-2f79a7d3-d7ae-4963-8370-12bb1e2132d7/datanode-0/data/ratis/edcb9f50-4a72-49fa-a68a-b295c7228a94
2019-09-26 19:35:56,218 [pool-261-thread-1] INFO  server.RaftServerConfigKeys (ConfUtils.java:logGet(43)) - raft.server.log.queue.byte-limit = 2147483647 (custom)
2019-09-26 19:35:56,218 [pool-261-thread-1] INFO  server.RaftServerConfigKeys (ConfUtils.java:logGet(43)) - raft.server.log.queue.element-limit = 1024 (custom)
2019-09-26 19:35:56,218 [pool-261-thread-1] INFO  server.RaftServerConfigKeys (ConfUtils.java:logGet(43)) - raft.server.log.segment.size.max = 1048576 (custom)
2019-09-26 19:35:56,218 [pool-261-thread-1] INFO  server.RaftServerConfigKeys (ConfUtils.java:logGet(43)) - raft.server.log.preallocated.size = 16384 (custom)
2019-09-26 19:35:56,219 [pool-261-thread-1] INFO  server.RaftServerConfigKeys (ConfUtils.java:logGet(43)) - raft.server.log.write.buffer.size = 33554432 (custom)
2019-09-26 19:35:56,219 [pool-261-thread-1] INFO  server.RaftServerConfigKeys (ConfUtils.java:logGet(43)) - raft.server.log.force.sync.num = 128 (default)
2019-09-26 19:35:56,219 [pool-261-thread-1] INFO  server.RaftServerConfigKeys (ConfUtils.java:logGet(43)) - raft.server.log.statemachine.data.sync = true (default)
2019-09-26 19:35:56,219 [pool-261-thread-1] INFO  server.RaftServerConfigKeys (ConfUtils.java:logGet(43)) - raft.server.log.statemachine.data.sync.timeout = 10s (default)
2019-09-26 19:35:56,219 [pool-261-thread-1] INFO  server.RaftServerConfigKeys (ConfUtils.java:logGet(43)) - raft.server.log.statemachine.data.sync.timeout.retry = -1 (default)
2019-09-26 19:35:56,219 [pool-261-thread-1] INFO  server.RaftServerConfigKeys (ConfUtils.java:logGet(43)) - raft.server.log.statemachine.data.caching.enabled = true (custom)
2019-09-26 19:35:56,219 [pool-261-thread-1] INFO  segmented.SegmentedRaftLogWorker (SegmentedRaftLogWorker.java:lambda$new$0(132)) - 27cb48db-4b88-4c0c-b213-19f9b2fffaff@group-B295C7228A94-SegmentedRaftLogWorker: flushIndex: setUnconditionally 0 -> -1
2019-09-26 19:35:56,220 [pool-261-thread-1] INFO  server.RaftServerConfigKeys (ConfUtils.java:logGet(43)) - raft.server.snapshot.auto.trigger.enabled = true (custom)
2019-09-26 19:35:56,220 [pool-261-thread-1] INFO  server.RaftServerConfigKeys (ConfUtils.java:logGet(43)) - raft.server.snapshot.auto.trigger.threshold = 10000 (custom)
2019-09-26 19:35:56,220 [pool-261-thread-1] INFO  server.RaftServerConfigKeys (ConfUtils.java:logGet(43)) - raft.server.snapshot.retention.num.files = 5 (custom)
2019-09-26 19:35:56,220 [pool-261-thread-1] INFO  server.RaftServerConfigKeys (ConfUtils.java:logGet(43)) - raft.server.retrycache.expirytime = 600000ms (custom)
2019-09-26 19:35:56,222 [pool-261-thread-1] INFO  impl.RaftServerImpl (RaftServerImpl.java:start(185)) - 27cb48db-4b88-4c0c-b213-19f9b2fffaff@group-B295C7228A94: start as a follower, conf=-1: [27cb48db-4b88-4c0c-b213-19f9b2fffaff:192.168.151.99:37457], old=null
2019-09-26 19:35:56,222 [pool-261-thread-1] INFO  impl.RaftServerImpl (RaftServerImpl.java:setRole(174)) - 27cb48db-4b88-4c0c-b213-19f9b2fffaff@group-B295C7228A94: changes role from      null to FOLLOWER at term 0 for startAsFollower
2019-09-26 19:35:56,222 [pool-261-thread-1] INFO  impl.RoleInfo (RoleInfo.java:updateAndGet(143)) - 27cb48db-4b88-4c0c-b213-19f9b2fffaff: start FollowerState
2019-09-26 19:35:56,222 [pool-261-thread-1] INFO  util.JmxRegister (JmxRegister.java:tryRegister(44)) - Successfully registered JMX Bean with object name Ratis:service=RaftServer,group=group-B295C7228A94,id=27cb48db-4b88-4c0c-b213-19f9b2fffaff
2019-09-26 19:35:56,223 [RatisPipelineUtilsThread] INFO  pipeline.PipelineStateManager (PipelineStateManager.java:addPipeline(56)) - Created pipeline Pipeline[ Id: edcb9f50-4a72-49fa-a68a-b295c7228a94, Nodes: 27cb48db-4b88-4c0c-b213-19f9b2fffaff{ip: 192.168.151.99, host: pr-hdds-1569-g6sp5-2013761785, networkLocation: /rack1, certSerialId: null}, Type:RATIS, Factor:ONE, State:OPEN]
2019-09-26 19:35:56,225 [grpc-default-executor-2] INFO  impl.RaftServerProxy (RaftServerProxy.java:addNew(89)) - 728ea44c-f097-440a-a87e-c27a68d48f14: addNew group-CE4E9F883499:[728ea44c-f097-440a-a87e-c27a68d48f14:192.168.151.99:38783] returns group-CE4E9F883499:java.util.concurrent.CompletableFuture@7d90e977[Not completed]
2019-09-26 19:35:56,225 [pool-271-thread-1] INFO  impl.RaftServerImpl (RaftServerImpl.java:<init>(95)) - 728ea44c-f097-440a-a87e-c27a68d48f14: new RaftServerImpl for group-CE4E9F883499:[728ea44c-f097-440a-a87e-c27a68d48f14:192.168.151.99:38783] with ContainerStateMachine:uninitialized
2019-09-26 19:35:56,225 [pool-271-thread-1] INFO  server.RaftServerConfigKeys (ConfUtils.java:logGet(43)) - raft.server.rpc.timeout.min = 5s (custom)
2019-09-26 19:35:56,226 [pool-271-thread-1] INFO  server.RaftServerConfigKeys (ConfUtils.java:logGet(43)) - raft.server.rpc.timeout.max = 5200ms (custom)
2019-09-26 19:35:56,226 [pool-271-thread-1] INFO  server.RaftServerConfigKeys (ConfUtils.java:logGet(43)) - raft.server.rpcslowness.timeout = 120s (custom)
2019-09-26 19:35:56,226 [pool-271-thread-1] INFO  server.RaftServerConfigKeys (ConfUtils.java:logGet(43)) - raft.server.sleep.deviation.threshold = 300 (default)
2019-09-26 19:35:56,226 [pool-271-thread-1] INFO  server.RaftServerConfigKeys (ConfUtils.java:logGet(43)) - raft.server.log.appender.install.snapshot.enabled = false (custom)
2019-09-26 19:35:56,226 [pool-271-thread-1] INFO  impl.RaftServerImpl (ServerState.java:<init>(103)) - 728ea44c-f097-440a-a87e-c27a68d48f14@group-CE4E9F883499: ConfigurationManager, init=-1: [728ea44c-f097-440a-a87e-c27a68d48f14:192.168.151.99:38783], old=null, confs=<EMPTY_MAP>
2019-09-26 19:35:56,226 [pool-271-thread-1] INFO  server.RaftServerConfigKeys (ConfUtils.java:logGet(43)) - raft.server.storage.dir = [/workdir/hadoop-ozone/integration-test/target/test-dir/MiniOzoneClusterImpl-2f79a7d3-d7ae-4963-8370-12bb1e2132d7/datanode-1/data/ratis] (custom)
2019-09-26 19:35:56,226 [pool-271-thread-1] INFO  storage.RaftStorageDirectory (RaftStorageDirectory.java:analyzeStorage(246)) - The storage directory /workdir/hadoop-ozone/integration-test/target/test-dir/MiniOzoneClusterImpl-2f79a7d3-d7ae-4963-8370-12bb1e2132d7/datanode-1/data/ratis/3bb972aa-5377-48ea-9e6d-ce4e9f883499 does not exist. Creating ...
2019-09-26 19:35:56,239 [pool-271-thread-1] INFO  storage.RaftStorageDirectory (RaftStorageDirectory.java:tryLock(328)) - Lock on /workdir/hadoop-ozone/integration-test/target/test-dir/MiniOzoneClusterImpl-2f79a7d3-d7ae-4963-8370-12bb1e2132d7/datanode-1/data/ratis/3bb972aa-5377-48ea-9e6d-ce4e9f883499/in_use.lock acquired by nodename 17888@pr-hdds-1569-g6sp5-2013761785
2019-09-26 19:35:56,252 [pool-271-thread-1] INFO  storage.RaftStorage (RaftStorage.java:format(72)) - Storage directory /workdir/hadoop-ozone/integration-test/target/test-dir/MiniOzoneClusterImpl-2f79a7d3-d7ae-4963-8370-12bb1e2132d7/datanode-1/data/ratis/3bb972aa-5377-48ea-9e6d-ce4e9f883499 has been successfully formatted.
2019-09-26 19:35:56,252 [pool-271-thread-1] INFO  ratis.ContainerStateMachine (ContainerStateMachine.java:loadSnapshot(230)) - group-CE4E9F883499: The snapshot info is null. Setting the last applied indexto:(t:0, i:~)
2019-09-26 19:35:56,252 [pool-271-thread-1] INFO  server.RaftServerConfigKeys (ConfUtils.java:logGet(43)) - raft.server.notification.no-leader.timeout = 120s (custom)
2019-09-26 19:35:56,252 [pool-271-thread-1] INFO  server.RaftServerConfigKeys (ConfUtils.java:logGet(43)) - raft.server.log.use.memory = false (default)
2019-09-26 19:35:56,253 [pool-271-thread-1] INFO  server.RaftServerConfigKeys (ConfUtils.java:logGet(43)) - raft.server.log.purge.gap = 1000000 (custom)
2019-09-26 19:35:56,253 [pool-271-thread-1] INFO  server.RaftServerConfigKeys (ConfUtils.java:logGet(43)) - raft.server.log.appender.buffer.byte-limit = 33554432 (custom)
2019-09-26 19:35:56,253 [pool-271-thread-1] INFO  server.RaftServerConfigKeys (ConfUtils.java:logGet(43)) - raft.server.log.segment.size.max = 1048576 (custom)
2019-09-26 19:35:56,253 [pool-271-thread-1] INFO  server.RaftServerConfigKeys (ConfUtils.java:logGet(43)) - raft.server.log.segment.cache.num.max = 2 (custom)
2019-09-26 19:35:56,253 [pool-271-thread-1] INFO  segmented.SegmentedRaftLogWorker (SegmentedRaftLogWorker.java:<init>(172)) - new 728ea44c-f097-440a-a87e-c27a68d48f14@group-CE4E9F883499-SegmentedRaftLogWorker for RaftStorage:Storage Directory /workdir/hadoop-ozone/integration-test/target/test-dir/MiniOzoneClusterImpl-2f79a7d3-d7ae-4963-8370-12bb1e2132d7/datanode-1/data/ratis/3bb972aa-5377-48ea-9e6d-ce4e9f883499
2019-09-26 19:35:56,253 [pool-271-thread-1] INFO  server.RaftServerConfigKeys (ConfUtils.java:logGet(43)) - raft.server.log.queue.byte-limit = 2147483647 (custom)
2019-09-26 19:35:56,253 [pool-271-thread-1] INFO  server.RaftServerConfigKeys (ConfUtils.java:logGet(43)) - raft.server.log.queue.element-limit = 1024 (custom)
2019-09-26 19:35:56,253 [pool-271-thread-1] INFO  server.RaftServerConfigKeys (ConfUtils.java:logGet(43)) - raft.server.log.segment.size.max = 1048576 (custom)
2019-09-26 19:35:56,253 [pool-271-thread-1] INFO  server.RaftServerConfigKeys (ConfUtils.java:logGet(43)) - raft.server.log.preallocated.size = 16384 (custom)
2019-09-26 19:35:56,253 [pool-271-thread-1] INFO  server.RaftServerConfigKeys (ConfUtils.java:logGet(43)) - raft.server.log.write.buffer.size = 33554432 (custom)
2019-09-26 19:35:56,253 [pool-271-thread-1] INFO  server.RaftServerConfigKeys (ConfUtils.java:logGet(43)) - raft.server.log.force.sync.num = 128 (default)
2019-09-26 19:35:56,254 [pool-271-thread-1] INFO  server.RaftServerConfigKeys (ConfUtils.java:logGet(43)) - raft.server.log.statemachine.data.sync = true (default)
2019-09-26 19:35:56,254 [pool-271-thread-1] INFO  server.RaftServerConfigKeys (ConfUtils.java:logGet(43)) - raft.server.log.statemachine.data.sync.timeout = 10s (default)
2019-09-26 19:35:56,254 [pool-271-thread-1] INFO  server.RaftServerConfigKeys (ConfUtils.java:logGet(43)) - raft.server.log.statemachine.data.sync.timeout.retry = -1 (default)
2019-09-26 19:35:56,254 [pool-271-thread-1] INFO  server.RaftServerConfigKeys (ConfUtils.java:logGet(43)) - raft.server.log.statemachine.data.caching.enabled = true (custom)
2019-09-26 19:35:56,254 [pool-271-thread-1] INFO  segmented.SegmentedRaftLogWorker (SegmentedRaftLogWorker.java:lambda$new$0(132)) - 728ea44c-f097-440a-a87e-c27a68d48f14@group-CE4E9F883499-SegmentedRaftLogWorker: flushIndex: setUnconditionally 0 -> -1
2019-09-26 19:35:56,254 [pool-271-thread-1] INFO  server.RaftServerConfigKeys (ConfUtils.java:logGet(43)) - raft.server.snapshot.auto.trigger.enabled = true (custom)
2019-09-26 19:35:56,254 [pool-271-thread-1] INFO  server.RaftServerConfigKeys (ConfUtils.java:logGet(43)) - raft.server.snapshot.auto.trigger.threshold = 10000 (custom)
2019-09-26 19:35:56,254 [pool-271-thread-1] INFO  server.RaftServerConfigKeys (ConfUtils.java:logGet(43)) - raft.server.snapshot.retention.num.files = 5 (custom)
2019-09-26 19:35:56,254 [pool-271-thread-1] INFO  server.RaftServerConfigKeys (ConfUtils.java:logGet(43)) - raft.server.retrycache.expirytime = 600000ms (custom)
2019-09-26 19:35:56,255 [pool-271-thread-1] INFO  impl.RaftServerImpl (RaftServerImpl.java:start(185)) - 728ea44c-f097-440a-a87e-c27a68d48f14@group-CE4E9F883499: start as a follower, conf=-1: [728ea44c-f097-440a-a87e-c27a68d48f14:192.168.151.99:38783], old=null
2019-09-26 19:35:56,255 [pool-271-thread-1] INFO  impl.RaftServerImpl (RaftServerImpl.java:setRole(174)) - 728ea44c-f097-440a-a87e-c27a68d48f14@group-CE4E9F883499: changes role from      null to FOLLOWER at term 0 for startAsFollower
2019-09-26 19:35:56,256 [pool-271-thread-1] INFO  impl.RoleInfo (RoleInfo.java:updateAndGet(143)) - 728ea44c-f097-440a-a87e-c27a68d48f14: start FollowerState
2019-09-26 19:35:56,256 [pool-271-thread-1] INFO  util.JmxRegister (JmxRegister.java:tryRegister(44)) - Successfully registered JMX Bean with object name Ratis:service=RaftServer,group=group-CE4E9F883499,id=728ea44c-f097-440a-a87e-c27a68d48f14
2019-09-26 19:35:56,257 [RatisPipelineUtilsThread] INFO  pipeline.PipelineStateManager (PipelineStateManager.java:addPipeline(56)) - Created pipeline Pipeline[ Id: 3bb972aa-5377-48ea-9e6d-ce4e9f883499, Nodes: 728ea44c-f097-440a-a87e-c27a68d48f14{ip: 192.168.151.99, host: pr-hdds-1569-g6sp5-2013761785, networkLocation: /rack1, certSerialId: null}, Type:RATIS, Factor:ONE, State:OPEN]
2019-09-26 19:35:56,258 [grpc-default-executor-2] INFO  impl.RaftServerProxy (RaftServerProxy.java:addNew(89)) - 27cb48db-4b88-4c0c-b213-19f9b2fffaff: addNew group-9E65EF7B6D20:[27cb48db-4b88-4c0c-b213-19f9b2fffaff:192.168.151.99:37457] returns group-9E65EF7B6D20:java.util.concurrent.CompletableFuture@62f44c83[Not completed]
2019-09-26 19:35:56,259 [pool-261-thread-1] INFO  impl.RaftServerImpl (RaftServerImpl.java:<init>(95)) - 27cb48db-4b88-4c0c-b213-19f9b2fffaff: new RaftServerImpl for group-9E65EF7B6D20:[27cb48db-4b88-4c0c-b213-19f9b2fffaff:192.168.151.99:37457] with ContainerStateMachine:uninitialized
2019-09-26 19:35:56,259 [pool-261-thread-1] INFO  server.RaftServerConfigKeys (ConfUtils.java:logGet(43)) - raft.server.rpc.timeout.min = 5s (custom)
2019-09-26 19:35:56,259 [pool-261-thread-1] INFO  server.RaftServerConfigKeys (ConfUtils.java:logGet(43)) - raft.server.rpc.timeout.max = 5200ms (custom)
2019-09-26 19:35:56,259 [pool-261-thread-1] INFO  server.RaftServerConfigKeys (ConfUtils.java:logGet(43)) - raft.server.rpcslowness.timeout = 120s (custom)
2019-09-26 19:35:56,259 [pool-261-thread-1] INFO  server.RaftServerConfigKeys (ConfUtils.java:logGet(43)) - raft.server.sleep.deviation.threshold = 300 (default)
2019-09-26 19:35:56,260 [pool-261-thread-1] INFO  server.RaftServerConfigKeys (ConfUtils.java:logGet(43)) - raft.server.log.appender.install.snapshot.enabled = false (custom)
2019-09-26 19:35:56,260 [pool-261-thread-1] INFO  impl.RaftServerImpl (ServerState.java:<init>(103)) - 27cb48db-4b88-4c0c-b213-19f9b2fffaff@group-9E65EF7B6D20: ConfigurationManager, init=-1: [27cb48db-4b88-4c0c-b213-19f9b2fffaff:192.168.151.99:37457], old=null, confs=<EMPTY_MAP>
2019-09-26 19:35:56,260 [pool-261-thread-1] INFO  server.RaftServerConfigKeys (ConfUtils.java:logGet(43)) - raft.server.storage.dir = [/workdir/hadoop-ozone/integration-test/target/test-dir/MiniOzoneClusterImpl-2f79a7d3-d7ae-4963-8370-12bb1e2132d7/datanode-0/data/ratis] (custom)
2019-09-26 19:35:56,260 [pool-261-thread-1] INFO  storage.RaftStorageDirectory (RaftStorageDirectory.java:analyzeStorage(246)) - The storage directory /workdir/hadoop-ozone/integration-test/target/test-dir/MiniOzoneClusterImpl-2f79a7d3-d7ae-4963-8370-12bb1e2132d7/datanode-0/data/ratis/42840e05-dbff-4871-83d2-9e65ef7b6d20 does not exist. Creating ...
2019-09-26 19:35:56,273 [pool-261-thread-1] INFO  storage.RaftStorageDirectory (RaftStorageDirectory.java:tryLock(328)) - Lock on /workdir/hadoop-ozone/integration-test/target/test-dir/MiniOzoneClusterImpl-2f79a7d3-d7ae-4963-8370-12bb1e2132d7/datanode-0/data/ratis/42840e05-dbff-4871-83d2-9e65ef7b6d20/in_use.lock acquired by nodename 17888@pr-hdds-1569-g6sp5-2013761785
2019-09-26 19:35:56,287 [pool-261-thread-1] INFO  storage.RaftStorage (RaftStorage.java:format(72)) - Storage directory /workdir/hadoop-ozone/integration-test/target/test-dir/MiniOzoneClusterImpl-2f79a7d3-d7ae-4963-8370-12bb1e2132d7/datanode-0/data/ratis/42840e05-dbff-4871-83d2-9e65ef7b6d20 has been successfully formatted.
2019-09-26 19:35:56,287 [pool-261-thread-1] INFO  ratis.ContainerStateMachine (ContainerStateMachine.java:loadSnapshot(230)) - group-9E65EF7B6D20: The snapshot info is null. Setting the last applied indexto:(t:0, i:~)
2019-09-26 19:35:56,287 [pool-261-thread-1] INFO  server.RaftServerConfigKeys (ConfUtils.java:logGet(43)) - raft.server.notification.no-leader.timeout = 120s (custom)
2019-09-26 19:35:56,287 [pool-261-thread-1] INFO  server.RaftServerConfigKeys (ConfUtils.java:logGet(43)) - raft.server.log.use.memory = false (default)
2019-09-26 19:35:56,287 [pool-261-thread-1] INFO  server.RaftServerConfigKeys (ConfUtils.java:logGet(43)) - raft.server.log.purge.gap = 1000000 (custom)
2019-09-26 19:35:56,287 [pool-261-thread-1] INFO  server.RaftServerConfigKeys (ConfUtils.java:logGet(43)) - raft.server.log.appender.buffer.byte-limit = 33554432 (custom)
2019-09-26 19:35:56,288 [pool-261-thread-1] INFO  server.RaftServerConfigKeys (ConfUtils.java:logGet(43)) - raft.server.log.segment.size.max = 1048576 (custom)
2019-09-26 19:35:56,288 [pool-261-thread-1] INFO  server.RaftServerConfigKeys (ConfUtils.java:logGet(43)) - raft.server.log.segment.cache.num.max = 2 (custom)
2019-09-26 19:35:56,288 [pool-261-thread-1] INFO  segmented.SegmentedRaftLogWorker (SegmentedRaftLogWorker.java:<init>(172)) - new 27cb48db-4b88-4c0c-b213-19f9b2fffaff@group-9E65EF7B6D20-SegmentedRaftLogWorker for RaftStorage:Storage Directory /workdir/hadoop-ozone/integration-test/target/test-dir/MiniOzoneClusterImpl-2f79a7d3-d7ae-4963-8370-12bb1e2132d7/datanode-0/data/ratis/42840e05-dbff-4871-83d2-9e65ef7b6d20
2019-09-26 19:35:56,288 [pool-261-thread-1] INFO  server.RaftServerConfigKeys (ConfUtils.java:logGet(43)) - raft.server.log.queue.byte-limit = 2147483647 (custom)
2019-09-26 19:35:56,288 [pool-261-thread-1] INFO  server.RaftServerConfigKeys (ConfUtils.java:logGet(43)) - raft.server.log.queue.element-limit = 1024 (custom)
2019-09-26 19:35:56,288 [pool-261-thread-1] INFO  server.RaftServerConfigKeys (ConfUtils.java:logGet(43)) - raft.server.log.segment.size.max = 1048576 (custom)
2019-09-26 19:35:56,288 [pool-261-thread-1] INFO  server.RaftServerConfigKeys (ConfUtils.java:logGet(43)) - raft.server.log.preallocated.size = 16384 (custom)
2019-09-26 19:35:56,288 [pool-261-thread-1] INFO  server.RaftServerConfigKeys (ConfUtils.java:logGet(43)) - raft.server.log.write.buffer.size = 33554432 (custom)
2019-09-26 19:35:56,288 [pool-261-thread-1] INFO  server.RaftServerConfigKeys (ConfUtils.java:logGet(43)) - raft.server.log.force.sync.num = 128 (default)
2019-09-26 19:35:56,288 [pool-261-thread-1] INFO  server.RaftServerConfigKeys (ConfUtils.java:logGet(43)) - raft.server.log.statemachine.data.sync = true (default)
2019-09-26 19:35:56,289 [pool-261-thread-1] INFO  server.RaftServerConfigKeys (ConfUtils.java:logGet(43)) - raft.server.log.statemachine.data.sync.timeout = 10s (default)
2019-09-26 19:35:56,289 [pool-261-thread-1] INFO  server.RaftServerConfigKeys (ConfUtils.java:logGet(43)) - raft.server.log.statemachine.data.sync.timeout.retry = -1 (default)
2019-09-26 19:35:56,289 [pool-261-thread-1] INFO  server.RaftServerConfigKeys (ConfUtils.java:logGet(43)) - raft.server.log.statemachine.data.caching.enabled = true (custom)
2019-09-26 19:35:56,289 [pool-261-thread-1] INFO  segmented.SegmentedRaftLogWorker (SegmentedRaftLogWorker.java:lambda$new$0(132)) - 27cb48db-4b88-4c0c-b213-19f9b2fffaff@group-9E65EF7B6D20-SegmentedRaftLogWorker: flushIndex: setUnconditionally 0 -> -1
2019-09-26 19:35:56,289 [pool-261-thread-1] INFO  server.RaftServerConfigKeys (ConfUtils.java:logGet(43)) - raft.server.snapshot.auto.trigger.enabled = true (custom)
2019-09-26 19:35:56,289 [pool-261-thread-1] INFO  server.RaftServerConfigKeys (ConfUtils.java:logGet(43)) - raft.server.snapshot.auto.trigger.threshold = 10000 (custom)
2019-09-26 19:35:56,289 [pool-261-thread-1] INFO  server.RaftServerConfigKeys (ConfUtils.java:logGet(43)) - raft.server.snapshot.retention.num.files = 5 (custom)
2019-09-26 19:35:56,289 [pool-261-thread-1] INFO  server.RaftServerConfigKeys (ConfUtils.java:logGet(43)) - raft.server.retrycache.expirytime = 600000ms (custom)
2019-09-26 19:35:56,290 [pool-261-thread-1] INFO  impl.RaftServerImpl (RaftServerImpl.java:start(185)) - 27cb48db-4b88-4c0c-b213-19f9b2fffaff@group-9E65EF7B6D20: start as a follower, conf=-1: [27cb48db-4b88-4c0c-b213-19f9b2fffaff:192.168.151.99:37457], old=null
2019-09-26 19:35:56,291 [pool-261-thread-1] INFO  impl.RaftServerImpl (RaftServerImpl.java:setRole(174)) - 27cb48db-4b88-4c0c-b213-19f9b2fffaff@group-9E65EF7B6D20: changes role from      null to FOLLOWER at term 0 for startAsFollower
2019-09-26 19:35:56,291 [pool-261-thread-1] INFO  impl.RoleInfo (RoleInfo.java:updateAndGet(143)) - 27cb48db-4b88-4c0c-b213-19f9b2fffaff: start FollowerState
2019-09-26 19:35:56,291 [pool-261-thread-1] INFO  util.JmxRegister (JmxRegister.java:tryRegister(44)) - Successfully registered JMX Bean with object name Ratis:service=RaftServer,group=group-9E65EF7B6D20,id=27cb48db-4b88-4c0c-b213-19f9b2fffaff
2019-09-26 19:35:56,292 [RatisPipelineUtilsThread] INFO  pipeline.PipelineStateManager (PipelineStateManager.java:addPipeline(56)) - Created pipeline Pipeline[ Id: 42840e05-dbff-4871-83d2-9e65ef7b6d20, Nodes: 27cb48db-4b88-4c0c-b213-19f9b2fffaff{ip: 192.168.151.99, host: pr-hdds-1569-g6sp5-2013761785, networkLocation: /rack1, certSerialId: null}, Type:RATIS, Factor:ONE, State:OPEN]
2019-09-26 19:35:56,294 [grpc-default-executor-2] INFO  impl.RaftServerProxy (RaftServerProxy.java:addNew(89)) - 99aa1396-69c4-4985-9b2a-20430cc4a0a7: addNew group-5BC89FBB8EDB:[99aa1396-69c4-4985-9b2a-20430cc4a0a7:192.168.151.99:40213] returns group-5BC89FBB8EDB:java.util.concurrent.CompletableFuture@748ad9b1[Not completed]
2019-09-26 19:35:56,294 [pool-281-thread-1] INFO  impl.RaftServerImpl (RaftServerImpl.java:<init>(95)) - 99aa1396-69c4-4985-9b2a-20430cc4a0a7: new RaftServerImpl for group-5BC89FBB8EDB:[99aa1396-69c4-4985-9b2a-20430cc4a0a7:192.168.151.99:40213] with ContainerStateMachine:uninitialized
2019-09-26 19:35:56,294 [pool-281-thread-1] INFO  server.RaftServerConfigKeys (ConfUtils.java:logGet(43)) - raft.server.rpc.timeout.min = 5s (custom)
2019-09-26 19:35:56,295 [pool-281-thread-1] INFO  server.RaftServerConfigKeys (ConfUtils.java:logGet(43)) - raft.server.rpc.timeout.max = 5200ms (custom)
2019-09-26 19:35:56,295 [pool-281-thread-1] INFO  server.RaftServerConfigKeys (ConfUtils.java:logGet(43)) - raft.server.rpcslowness.timeout = 120s (custom)
2019-09-26 19:35:56,295 [pool-281-thread-1] INFO  server.RaftServerConfigKeys (ConfUtils.java:logGet(43)) - raft.server.sleep.deviation.threshold = 300 (default)
2019-09-26 19:35:56,295 [pool-281-thread-1] INFO  server.RaftServerConfigKeys (ConfUtils.java:logGet(43)) - raft.server.log.appender.install.snapshot.enabled = false (custom)
2019-09-26 19:35:56,295 [pool-281-thread-1] INFO  impl.RaftServerImpl (ServerState.java:<init>(103)) - 99aa1396-69c4-4985-9b2a-20430cc4a0a7@group-5BC89FBB8EDB: ConfigurationManager, init=-1: [99aa1396-69c4-4985-9b2a-20430cc4a0a7:192.168.151.99:40213], old=null, confs=<EMPTY_MAP>
2019-09-26 19:35:56,295 [pool-281-thread-1] INFO  server.RaftServerConfigKeys (ConfUtils.java:logGet(43)) - raft.server.storage.dir = [/workdir/hadoop-ozone/integration-test/target/test-dir/MiniOzoneClusterImpl-2f79a7d3-d7ae-4963-8370-12bb1e2132d7/datanode-2/data/ratis] (custom)
2019-09-26 19:35:56,295 [pool-281-thread-1] INFO  storage.RaftStorageDirectory (RaftStorageDirectory.java:analyzeStorage(246)) - The storage directory /workdir/hadoop-ozone/integration-test/target/test-dir/MiniOzoneClusterImpl-2f79a7d3-d7ae-4963-8370-12bb1e2132d7/datanode-2/data/ratis/a5349100-5544-434b-8336-5bc89fbb8edb does not exist. Creating ...
2019-09-26 19:35:56,308 [pool-281-thread-1] INFO  storage.RaftStorageDirectory (RaftStorageDirectory.java:tryLock(328)) - Lock on /workdir/hadoop-ozone/integration-test/target/test-dir/MiniOzoneClusterImpl-2f79a7d3-d7ae-4963-8370-12bb1e2132d7/datanode-2/data/ratis/a5349100-5544-434b-8336-5bc89fbb8edb/in_use.lock acquired by nodename 17888@pr-hdds-1569-g6sp5-2013761785
2019-09-26 19:35:56,321 [pool-281-thread-1] INFO  storage.RaftStorage (RaftStorage.java:format(72)) - Storage directory /workdir/hadoop-ozone/integration-test/target/test-dir/MiniOzoneClusterImpl-2f79a7d3-d7ae-4963-8370-12bb1e2132d7/datanode-2/data/ratis/a5349100-5544-434b-8336-5bc89fbb8edb has been successfully formatted.
2019-09-26 19:35:56,321 [pool-281-thread-1] INFO  ratis.ContainerStateMachine (ContainerStateMachine.java:loadSnapshot(230)) - group-5BC89FBB8EDB: The snapshot info is null. Setting the last applied indexto:(t:0, i:~)
2019-09-26 19:35:56,321 [pool-281-thread-1] INFO  server.RaftServerConfigKeys (ConfUtils.java:logGet(43)) - raft.server.notification.no-leader.timeout = 120s (custom)
2019-09-26 19:35:56,322 [pool-281-thread-1] INFO  server.RaftServerConfigKeys (ConfUtils.java:logGet(43)) - raft.server.log.use.memory = false (default)
2019-09-26 19:35:56,322 [pool-281-thread-1] INFO  server.RaftServerConfigKeys (ConfUtils.java:logGet(43)) - raft.server.log.purge.gap = 1000000 (custom)
2019-09-26 19:35:56,322 [pool-281-thread-1] INFO  server.RaftServerConfigKeys (ConfUtils.java:logGet(43)) - raft.server.log.appender.buffer.byte-limit = 33554432 (custom)
2019-09-26 19:35:56,322 [pool-281-thread-1] INFO  server.RaftServerConfigKeys (ConfUtils.java:logGet(43)) - raft.server.log.segment.size.max = 1048576 (custom)
2019-09-26 19:35:56,322 [pool-281-thread-1] INFO  server.RaftServerConfigKeys (ConfUtils.java:logGet(43)) - raft.server.log.segment.cache.num.max = 2 (custom)
2019-09-26 19:35:56,322 [pool-281-thread-1] INFO  segmented.SegmentedRaftLogWorker (SegmentedRaftLogWorker.java:<init>(172)) - new 99aa1396-69c4-4985-9b2a-20430cc4a0a7@group-5BC89FBB8EDB-SegmentedRaftLogWorker for RaftStorage:Storage Directory /workdir/hadoop-ozone/integration-test/target/test-dir/MiniOzoneClusterImpl-2f79a7d3-d7ae-4963-8370-12bb1e2132d7/datanode-2/data/ratis/a5349100-5544-434b-8336-5bc89fbb8edb
2019-09-26 19:35:56,322 [pool-281-thread-1] INFO  server.RaftServerConfigKeys (ConfUtils.java:logGet(43)) - raft.server.log.queue.byte-limit = 2147483647 (custom)
2019-09-26 19:35:56,323 [pool-281-thread-1] INFO  server.RaftServerConfigKeys (ConfUtils.java:logGet(43)) - raft.server.log.queue.element-limit = 1024 (custom)
2019-09-26 19:35:56,323 [pool-281-thread-1] INFO  server.RaftServerConfigKeys (ConfUtils.java:logGet(43)) - raft.server.log.segment.size.max = 1048576 (custom)
2019-09-26 19:35:56,323 [pool-281-thread-1] INFO  server.RaftServerConfigKeys (ConfUtils.java:logGet(43)) - raft.server.log.preallocated.size = 16384 (custom)
2019-09-26 19:35:56,323 [pool-281-thread-1] INFO  server.RaftServerConfigKeys (ConfUtils.java:logGet(43)) - raft.server.log.write.buffer.size = 33554432 (custom)
2019-09-26 19:35:56,323 [pool-281-thread-1] INFO  server.RaftServerConfigKeys (ConfUtils.java:logGet(43)) - raft.server.log.force.sync.num = 128 (default)
2019-09-26 19:35:56,323 [pool-281-thread-1] INFO  server.RaftServerConfigKeys (ConfUtils.java:logGet(43)) - raft.server.log.statemachine.data.sync = true (default)
2019-09-26 19:35:56,323 [pool-281-thread-1] INFO  server.RaftServerConfigKeys (ConfUtils.java:logGet(43)) - raft.server.log.statemachine.data.sync.timeout = 10s (default)
2019-09-26 19:35:56,323 [pool-281-thread-1] INFO  server.RaftServerConfigKeys (ConfUtils.java:logGet(43)) - raft.server.log.statemachine.data.sync.timeout.retry = -1 (default)
2019-09-26 19:35:56,324 [pool-281-thread-1] INFO  server.RaftServerConfigKeys (ConfUtils.java:logGet(43)) - raft.server.log.statemachine.data.caching.enabled = true (custom)
2019-09-26 19:35:56,324 [pool-281-thread-1] INFO  segmented.SegmentedRaftLogWorker (SegmentedRaftLogWorker.java:lambda$new$0(132)) - 99aa1396-69c4-4985-9b2a-20430cc4a0a7@group-5BC89FBB8EDB-SegmentedRaftLogWorker: flushIndex: setUnconditionally 0 -> -1
2019-09-26 19:35:56,332 [pool-281-thread-1] INFO  server.RaftServerConfigKeys (ConfUtils.java:logGet(43)) - raft.server.snapshot.auto.trigger.enabled = true (custom)
2019-09-26 19:35:56,332 [pool-281-thread-1] INFO  server.RaftServerConfigKeys (ConfUtils.java:logGet(43)) - raft.server.snapshot.auto.trigger.threshold = 10000 (custom)
2019-09-26 19:35:56,332 [pool-281-thread-1] INFO  server.RaftServerConfigKeys (ConfUtils.java:logGet(43)) - raft.server.snapshot.retention.num.files = 5 (custom)
2019-09-26 19:35:56,332 [pool-281-thread-1] INFO  server.RaftServerConfigKeys (ConfUtils.java:logGet(43)) - raft.server.retrycache.expirytime = 600000ms (custom)
2019-09-26 19:35:56,334 [pool-281-thread-1] INFO  impl.RaftServerImpl (RaftServerImpl.java:start(185)) - 99aa1396-69c4-4985-9b2a-20430cc4a0a7@group-5BC89FBB8EDB: start as a follower, conf=-1: [99aa1396-69c4-4985-9b2a-20430cc4a0a7:192.168.151.99:40213], old=null
2019-09-26 19:35:56,334 [pool-281-thread-1] INFO  impl.RaftServerImpl (RaftServerImpl.java:setRole(174)) - 99aa1396-69c4-4985-9b2a-20430cc4a0a7@group-5BC89FBB8EDB: changes role from      null to FOLLOWER at term 0 for startAsFollower
2019-09-26 19:35:56,334 [pool-281-thread-1] INFO  impl.RoleInfo (RoleInfo.java:updateAndGet(143)) - 99aa1396-69c4-4985-9b2a-20430cc4a0a7: start FollowerState
2019-09-26 19:35:56,334 [pool-281-thread-1] INFO  util.JmxRegister (JmxRegister.java:tryRegister(44)) - Successfully registered JMX Bean with object name Ratis:service=RaftServer,group=group-5BC89FBB8EDB,id=99aa1396-69c4-4985-9b2a-20430cc4a0a7
2019-09-26 19:35:56,336 [RatisPipelineUtilsThread] INFO  pipeline.PipelineStateManager (PipelineStateManager.java:addPipeline(56)) - Created pipeline Pipeline[ Id: a5349100-5544-434b-8336-5bc89fbb8edb, Nodes: 99aa1396-69c4-4985-9b2a-20430cc4a0a7{ip: 192.168.151.99, host: pr-hdds-1569-g6sp5-2013761785, networkLocation: /rack1, certSerialId: null}, Type:RATIS, Factor:ONE, State:OPEN]
2019-09-26 19:35:56,338 [grpc-default-executor-2] INFO  impl.RaftServerProxy (RaftServerProxy.java:addNew(89)) - 728ea44c-f097-440a-a87e-c27a68d48f14: addNew group-D069AE322CB2:[728ea44c-f097-440a-a87e-c27a68d48f14:192.168.151.99:38783] returns group-D069AE322CB2:java.util.concurrent.CompletableFuture@1aaff3b2[Not completed]
2019-09-26 19:35:56,338 [pool-271-thread-1] INFO  impl.RaftServerImpl (RaftServerImpl.java:<init>(95)) - 728ea44c-f097-440a-a87e-c27a68d48f14: new RaftServerImpl for group-D069AE322CB2:[728ea44c-f097-440a-a87e-c27a68d48f14:192.168.151.99:38783] with ContainerStateMachine:uninitialized
2019-09-26 19:35:56,339 [pool-271-thread-1] INFO  server.RaftServerConfigKeys (ConfUtils.java:logGet(43)) - raft.server.rpc.timeout.min = 5s (custom)
2019-09-26 19:35:56,339 [pool-271-thread-1] INFO  server.RaftServerConfigKeys (ConfUtils.java:logGet(43)) - raft.server.rpc.timeout.max = 5200ms (custom)
2019-09-26 19:35:56,339 [pool-271-thread-1] INFO  server.RaftServerConfigKeys (ConfUtils.java:logGet(43)) - raft.server.rpcslowness.timeout = 120s (custom)
2019-09-26 19:35:56,339 [pool-271-thread-1] INFO  server.RaftServerConfigKeys (ConfUtils.java:logGet(43)) - raft.server.sleep.deviation.threshold = 300 (default)
2019-09-26 19:35:56,339 [pool-271-thread-1] INFO  server.RaftServerConfigKeys (ConfUtils.java:logGet(43)) - raft.server.log.appender.install.snapshot.enabled = false (custom)
2019-09-26 19:35:56,339 [pool-271-thread-1] INFO  impl.RaftServerImpl (ServerState.java:<init>(103)) - 728ea44c-f097-440a-a87e-c27a68d48f14@group-D069AE322CB2: ConfigurationManager, init=-1: [728ea44c-f097-440a-a87e-c27a68d48f14:192.168.151.99:38783], old=null, confs=<EMPTY_MAP>
2019-09-26 19:35:56,339 [pool-271-thread-1] INFO  server.RaftServerConfigKeys (ConfUtils.java:logGet(43)) - raft.server.storage.dir = [/workdir/hadoop-ozone/integration-test/target/test-dir/MiniOzoneClusterImpl-2f79a7d3-d7ae-4963-8370-12bb1e2132d7/datanode-1/data/ratis] (custom)
2019-09-26 19:35:56,340 [pool-271-thread-1] INFO  storage.RaftStorageDirectory (RaftStorageDirectory.java:analyzeStorage(246)) - The storage directory /workdir/hadoop-ozone/integration-test/target/test-dir/MiniOzoneClusterImpl-2f79a7d3-d7ae-4963-8370-12bb1e2132d7/datanode-1/data/ratis/4d26a669-bb22-4a67-89dd-d069ae322cb2 does not exist. Creating ...
2019-09-26 19:35:56,353 [pool-271-thread-1] INFO  storage.RaftStorageDirectory (RaftStorageDirectory.java:tryLock(328)) - Lock on /workdir/hadoop-ozone/integration-test/target/test-dir/MiniOzoneClusterImpl-2f79a7d3-d7ae-4963-8370-12bb1e2132d7/datanode-1/data/ratis/4d26a669-bb22-4a67-89dd-d069ae322cb2/in_use.lock acquired by nodename 17888@pr-hdds-1569-g6sp5-2013761785
2019-09-26 19:35:56,365 [pool-271-thread-1] INFO  storage.RaftStorage (RaftStorage.java:format(72)) - Storage directory /workdir/hadoop-ozone/integration-test/target/test-dir/MiniOzoneClusterImpl-2f79a7d3-d7ae-4963-8370-12bb1e2132d7/datanode-1/data/ratis/4d26a669-bb22-4a67-89dd-d069ae322cb2 has been successfully formatted.
2019-09-26 19:35:56,366 [pool-271-thread-1] INFO  ratis.ContainerStateMachine (ContainerStateMachine.java:loadSnapshot(230)) - group-D069AE322CB2: The snapshot info is null. Setting the last applied indexto:(t:0, i:~)
2019-09-26 19:35:56,366 [pool-271-thread-1] INFO  server.RaftServerConfigKeys (ConfUtils.java:logGet(43)) - raft.server.notification.no-leader.timeout = 120s (custom)
2019-09-26 19:35:56,366 [pool-271-thread-1] INFO  server.RaftServerConfigKeys (ConfUtils.java:logGet(43)) - raft.server.log.use.memory = false (default)
2019-09-26 19:35:56,366 [pool-271-thread-1] INFO  server.RaftServerConfigKeys (ConfUtils.java:logGet(43)) - raft.server.log.purge.gap = 1000000 (custom)
2019-09-26 19:35:56,366 [pool-271-thread-1] INFO  server.RaftServerConfigKeys (ConfUtils.java:logGet(43)) - raft.server.log.appender.buffer.byte-limit = 33554432 (custom)
2019-09-26 19:35:56,366 [pool-271-thread-1] INFO  server.RaftServerConfigKeys (ConfUtils.java:logGet(43)) - raft.server.log.segment.size.max = 1048576 (custom)
2019-09-26 19:35:56,366 [pool-271-thread-1] INFO  server.RaftServerConfigKeys (ConfUtils.java:logGet(43)) - raft.server.log.segment.cache.num.max = 2 (custom)
2019-09-26 19:35:56,366 [pool-271-thread-1] INFO  segmented.SegmentedRaftLogWorker (SegmentedRaftLogWorker.java:<init>(172)) - new 728ea44c-f097-440a-a87e-c27a68d48f14@group-D069AE322CB2-SegmentedRaftLogWorker for RaftStorage:Storage Directory /workdir/hadoop-ozone/integration-test/target/test-dir/MiniOzoneClusterImpl-2f79a7d3-d7ae-4963-8370-12bb1e2132d7/datanode-1/data/ratis/4d26a669-bb22-4a67-89dd-d069ae322cb2
2019-09-26 19:35:56,367 [pool-271-thread-1] INFO  server.RaftServerConfigKeys (ConfUtils.java:logGet(43)) - raft.server.log.queue.byte-limit = 2147483647 (custom)
2019-09-26 19:35:56,367 [pool-271-thread-1] INFO  server.RaftServerConfigKeys (ConfUtils.java:logGet(43)) - raft.server.log.queue.element-limit = 1024 (custom)
2019-09-26 19:35:56,367 [pool-271-thread-1] INFO  server.RaftServerConfigKeys (ConfUtils.java:logGet(43)) - raft.server.log.segment.size.max = 1048576 (custom)
2019-09-26 19:35:56,367 [pool-271-thread-1] INFO  server.RaftServerConfigKeys (ConfUtils.java:logGet(43)) - raft.server.log.preallocated.size = 16384 (custom)
2019-09-26 19:35:56,367 [pool-271-thread-1] INFO  server.RaftServerConfigKeys (ConfUtils.java:logGet(43)) - raft.server.log.write.buffer.size = 33554432 (custom)
2019-09-26 19:35:56,367 [pool-271-thread-1] INFO  server.RaftServerConfigKeys (ConfUtils.java:logGet(43)) - raft.server.log.force.sync.num = 128 (default)
2019-09-26 19:35:56,367 [pool-271-thread-1] INFO  server.RaftServerConfigKeys (ConfUtils.java:logGet(43)) - raft.server.log.statemachine.data.sync = true (default)
2019-09-26 19:35:56,367 [pool-271-thread-1] INFO  server.RaftServerConfigKeys (ConfUtils.java:logGet(43)) - raft.server.log.statemachine.data.sync.timeout = 10s (default)
2019-09-26 19:35:56,367 [pool-271-thread-1] INFO  server.RaftServerConfigKeys (ConfUtils.java:logGet(43)) - raft.server.log.statemachine.data.sync.timeout.retry = -1 (default)
2019-09-26 19:35:56,368 [pool-271-thread-1] INFO  server.RaftServerConfigKeys (ConfUtils.java:logGet(43)) - raft.server.log.statemachine.data.caching.enabled = true (custom)
2019-09-26 19:35:56,368 [pool-271-thread-1] INFO  segmented.SegmentedRaftLogWorker (SegmentedRaftLogWorker.java:lambda$new$0(132)) - 728ea44c-f097-440a-a87e-c27a68d48f14@group-D069AE322CB2-SegmentedRaftLogWorker: flushIndex: setUnconditionally 0 -> -1
2019-09-26 19:35:56,368 [pool-271-thread-1] INFO  server.RaftServerConfigKeys (ConfUtils.java:logGet(43)) - raft.server.snapshot.auto.trigger.enabled = true (custom)
2019-09-26 19:35:56,368 [pool-271-thread-1] INFO  server.RaftServerConfigKeys (ConfUtils.java:logGet(43)) - raft.server.snapshot.auto.trigger.threshold = 10000 (custom)
2019-09-26 19:35:56,368 [pool-271-thread-1] INFO  server.RaftServerConfigKeys (ConfUtils.java:logGet(43)) - raft.server.snapshot.retention.num.files = 5 (custom)
2019-09-26 19:35:56,368 [pool-271-thread-1] INFO  server.RaftServerConfigKeys (ConfUtils.java:logGet(43)) - raft.server.retrycache.expirytime = 600000ms (custom)
2019-09-26 19:35:56,370 [pool-271-thread-1] INFO  impl.RaftServerImpl (RaftServerImpl.java:start(185)) - 728ea44c-f097-440a-a87e-c27a68d48f14@group-D069AE322CB2: start as a follower, conf=-1: [728ea44c-f097-440a-a87e-c27a68d48f14:192.168.151.99:38783], old=null
2019-09-26 19:35:56,370 [pool-271-thread-1] INFO  impl.RaftServerImpl (RaftServerImpl.java:setRole(174)) - 728ea44c-f097-440a-a87e-c27a68d48f14@group-D069AE322CB2: changes role from      null to FOLLOWER at term 0 for startAsFollower
2019-09-26 19:35:56,370 [pool-271-thread-1] INFO  impl.RoleInfo (RoleInfo.java:updateAndGet(143)) - 728ea44c-f097-440a-a87e-c27a68d48f14: start FollowerState
2019-09-26 19:35:56,370 [pool-271-thread-1] INFO  util.JmxRegister (JmxRegister.java:tryRegister(44)) - Successfully registered JMX Bean with object name Ratis:service=RaftServer,group=group-D069AE322CB2,id=728ea44c-f097-440a-a87e-c27a68d48f14
2019-09-26 19:35:56,371 [RatisPipelineUtilsThread] INFO  pipeline.PipelineStateManager (PipelineStateManager.java:addPipeline(56)) - Created pipeline Pipeline[ Id: 4d26a669-bb22-4a67-89dd-d069ae322cb2, Nodes: 728ea44c-f097-440a-a87e-c27a68d48f14{ip: 192.168.151.99, host: pr-hdds-1569-g6sp5-2013761785, networkLocation: /rack1, certSerialId: null}, Type:RATIS, Factor:ONE, State:OPEN]
2019-09-26 19:35:56,373 [grpc-default-executor-2] INFO  impl.RaftServerProxy (RaftServerProxy.java:addNew(89)) - 27cb48db-4b88-4c0c-b213-19f9b2fffaff: addNew group-BEB29AE3C17F:[27cb48db-4b88-4c0c-b213-19f9b2fffaff:192.168.151.99:37457] returns group-BEB29AE3C17F:java.util.concurrent.CompletableFuture@6ca714cf[Not completed]
2019-09-26 19:35:56,374 [pool-261-thread-1] INFO  impl.RaftServerImpl (RaftServerImpl.java:<init>(95)) - 27cb48db-4b88-4c0c-b213-19f9b2fffaff: new RaftServerImpl for group-BEB29AE3C17F:[27cb48db-4b88-4c0c-b213-19f9b2fffaff:192.168.151.99:37457] with ContainerStateMachine:uninitialized
2019-09-26 19:35:56,374 [pool-261-thread-1] INFO  server.RaftServerConfigKeys (ConfUtils.java:logGet(43)) - raft.server.rpc.timeout.min = 5s (custom)
2019-09-26 19:35:56,374 [pool-261-thread-1] INFO  server.RaftServerConfigKeys (ConfUtils.java:logGet(43)) - raft.server.rpc.timeout.max = 5200ms (custom)
2019-09-26 19:35:56,374 [pool-261-thread-1] INFO  server.RaftServerConfigKeys (ConfUtils.java:logGet(43)) - raft.server.rpcslowness.timeout = 120s (custom)
2019-09-26 19:35:56,374 [pool-261-thread-1] INFO  server.RaftServerConfigKeys (ConfUtils.java:logGet(43)) - raft.server.sleep.deviation.threshold = 300 (default)
2019-09-26 19:35:56,374 [pool-261-thread-1] INFO  server.RaftServerConfigKeys (ConfUtils.java:logGet(43)) - raft.server.log.appender.install.snapshot.enabled = false (custom)
2019-09-26 19:35:56,374 [pool-261-thread-1] INFO  impl.RaftServerImpl (ServerState.java:<init>(103)) - 27cb48db-4b88-4c0c-b213-19f9b2fffaff@group-BEB29AE3C17F: ConfigurationManager, init=-1: [27cb48db-4b88-4c0c-b213-19f9b2fffaff:192.168.151.99:37457], old=null, confs=<EMPTY_MAP>
2019-09-26 19:35:56,374 [pool-261-thread-1] INFO  server.RaftServerConfigKeys (ConfUtils.java:logGet(43)) - raft.server.storage.dir = [/workdir/hadoop-ozone/integration-test/target/test-dir/MiniOzoneClusterImpl-2f79a7d3-d7ae-4963-8370-12bb1e2132d7/datanode-0/data/ratis] (custom)
2019-09-26 19:35:56,375 [pool-261-thread-1] INFO  storage.RaftStorageDirectory (RaftStorageDirectory.java:analyzeStorage(246)) - The storage directory /workdir/hadoop-ozone/integration-test/target/test-dir/MiniOzoneClusterImpl-2f79a7d3-d7ae-4963-8370-12bb1e2132d7/datanode-0/data/ratis/c304b2ac-9931-4f68-bd80-beb29ae3c17f does not exist. Creating ...
2019-09-26 19:35:56,378 [pool-261-thread-1] INFO  storage.RaftStorageDirectory (RaftStorageDirectory.java:tryLock(328)) - Lock on /workdir/hadoop-ozone/integration-test/target/test-dir/MiniOzoneClusterImpl-2f79a7d3-d7ae-4963-8370-12bb1e2132d7/datanode-0/data/ratis/c304b2ac-9931-4f68-bd80-beb29ae3c17f/in_use.lock acquired by nodename 17888@pr-hdds-1569-g6sp5-2013761785
2019-09-26 19:35:56,381 [pool-261-thread-1] INFO  storage.RaftStorage (RaftStorage.java:format(72)) - Storage directory /workdir/hadoop-ozone/integration-test/target/test-dir/MiniOzoneClusterImpl-2f79a7d3-d7ae-4963-8370-12bb1e2132d7/datanode-0/data/ratis/c304b2ac-9931-4f68-bd80-beb29ae3c17f has been successfully formatted.
2019-09-26 19:35:56,381 [pool-261-thread-1] INFO  ratis.ContainerStateMachine (ContainerStateMachine.java:loadSnapshot(230)) - group-BEB29AE3C17F: The snapshot info is null. Setting the last applied indexto:(t:0, i:~)
2019-09-26 19:35:56,381 [pool-261-thread-1] INFO  server.RaftServerConfigKeys (ConfUtils.java:logGet(43)) - raft.server.notification.no-leader.timeout = 120s (custom)
2019-09-26 19:35:56,381 [pool-261-thread-1] INFO  server.RaftServerConfigKeys (ConfUtils.java:logGet(43)) - raft.server.log.use.memory = false (default)
2019-09-26 19:35:56,382 [pool-261-thread-1] INFO  server.RaftServerConfigKeys (ConfUtils.java:logGet(43)) - raft.server.log.purge.gap = 1000000 (custom)
2019-09-26 19:35:56,382 [pool-261-thread-1] INFO  server.RaftServerConfigKeys (ConfUtils.java:logGet(43)) - raft.server.log.appender.buffer.byte-limit = 33554432 (custom)
2019-09-26 19:35:56,382 [pool-261-thread-1] INFO  server.RaftServerConfigKeys (ConfUtils.java:logGet(43)) - raft.server.log.segment.size.max = 1048576 (custom)
2019-09-26 19:35:56,382 [pool-261-thread-1] INFO  server.RaftServerConfigKeys (ConfUtils.java:logGet(43)) - raft.server.log.segment.cache.num.max = 2 (custom)
2019-09-26 19:35:56,382 [pool-261-thread-1] INFO  segmented.SegmentedRaftLogWorker (SegmentedRaftLogWorker.java:<init>(172)) - new 27cb48db-4b88-4c0c-b213-19f9b2fffaff@group-BEB29AE3C17F-SegmentedRaftLogWorker for RaftStorage:Storage Directory /workdir/hadoop-ozone/integration-test/target/test-dir/MiniOzoneClusterImpl-2f79a7d3-d7ae-4963-8370-12bb1e2132d7/datanode-0/data/ratis/c304b2ac-9931-4f68-bd80-beb29ae3c17f
2019-09-26 19:35:56,382 [pool-261-thread-1] INFO  server.RaftServerConfigKeys (ConfUtils.java:logGet(43)) - raft.server.log.queue.byte-limit = 2147483647 (custom)
2019-09-26 19:35:56,382 [pool-261-thread-1] INFO  server.RaftServerConfigKeys (ConfUtils.java:logGet(43)) - raft.server.log.queue.element-limit = 1024 (custom)
2019-09-26 19:35:56,382 [pool-261-thread-1] INFO  server.RaftServerConfigKeys (ConfUtils.java:logGet(43)) - raft.server.log.segment.size.max = 1048576 (custom)
2019-09-26 19:35:56,382 [pool-261-thread-1] INFO  server.RaftServerConfigKeys (ConfUtils.java:logGet(43)) - raft.server.log.preallocated.size = 16384 (custom)
2019-09-26 19:35:56,382 [pool-261-thread-1] INFO  server.RaftServerConfigKeys (ConfUtils.java:logGet(43)) - raft.server.log.write.buffer.size = 33554432 (custom)
2019-09-26 19:35:56,382 [pool-261-thread-1] INFO  server.RaftServerConfigKeys (ConfUtils.java:logGet(43)) - raft.server.log.force.sync.num = 128 (default)
2019-09-26 19:35:56,382 [pool-261-thread-1] INFO  server.RaftServerConfigKeys (ConfUtils.java:logGet(43)) - raft.server.log.statemachine.data.sync = true (default)
2019-09-26 19:35:56,382 [pool-261-thread-1] INFO  server.RaftServerConfigKeys (ConfUtils.java:logGet(43)) - raft.server.log.statemachine.data.sync.timeout = 10s (default)
2019-09-26 19:35:56,383 [pool-261-thread-1] INFO  server.RaftServerConfigKeys (ConfUtils.java:logGet(43)) - raft.server.log.statemachine.data.sync.timeout.retry = -1 (default)
2019-09-26 19:35:56,383 [pool-261-thread-1] INFO  server.RaftServerConfigKeys (ConfUtils.java:logGet(43)) - raft.server.log.statemachine.data.caching.enabled = true (custom)
2019-09-26 19:35:56,383 [pool-261-thread-1] INFO  segmented.SegmentedRaftLogWorker (SegmentedRaftLogWorker.java:lambda$new$0(132)) - 27cb48db-4b88-4c0c-b213-19f9b2fffaff@group-BEB29AE3C17F-SegmentedRaftLogWorker: flushIndex: setUnconditionally 0 -> -1
2019-09-26 19:35:56,383 [pool-261-thread-1] INFO  server.RaftServerConfigKeys (ConfUtils.java:logGet(43)) - raft.server.snapshot.auto.trigger.enabled = true (custom)
2019-09-26 19:35:56,383 [pool-261-thread-1] INFO  server.RaftServerConfigKeys (ConfUtils.java:logGet(43)) - raft.server.snapshot.auto.trigger.threshold = 10000 (custom)
2019-09-26 19:35:56,383 [pool-261-thread-1] INFO  server.RaftServerConfigKeys (ConfUtils.java:logGet(43)) - raft.server.snapshot.retention.num.files = 5 (custom)
2019-09-26 19:35:56,383 [pool-261-thread-1] INFO  server.RaftServerConfigKeys (ConfUtils.java:logGet(43)) - raft.server.retrycache.expirytime = 600000ms (custom)
2019-09-26 19:35:56,384 [pool-261-thread-1] INFO  impl.RaftServerImpl (RaftServerImpl.java:start(185)) - 27cb48db-4b88-4c0c-b213-19f9b2fffaff@group-BEB29AE3C17F: start as a follower, conf=-1: [27cb48db-4b88-4c0c-b213-19f9b2fffaff:192.168.151.99:37457], old=null
2019-09-26 19:35:56,384 [pool-261-thread-1] INFO  impl.RaftServerImpl (RaftServerImpl.java:setRole(174)) - 27cb48db-4b88-4c0c-b213-19f9b2fffaff@group-BEB29AE3C17F: changes role from      null to FOLLOWER at term 0 for startAsFollower
2019-09-26 19:35:56,384 [pool-261-thread-1] INFO  impl.RoleInfo (RoleInfo.java:updateAndGet(143)) - 27cb48db-4b88-4c0c-b213-19f9b2fffaff: start FollowerState
2019-09-26 19:35:56,384 [pool-261-thread-1] INFO  util.JmxRegister (JmxRegister.java:tryRegister(44)) - Successfully registered JMX Bean with object name Ratis:service=RaftServer,group=group-BEB29AE3C17F,id=27cb48db-4b88-4c0c-b213-19f9b2fffaff
2019-09-26 19:35:56,385 [RatisPipelineUtilsThread] INFO  pipeline.PipelineStateManager (PipelineStateManager.java:addPipeline(56)) - Created pipeline Pipeline[ Id: c304b2ac-9931-4f68-bd80-beb29ae3c17f, Nodes: 27cb48db-4b88-4c0c-b213-19f9b2fffaff{ip: 192.168.151.99, host: pr-hdds-1569-g6sp5-2013761785, networkLocation: /rack1, certSerialId: null}, Type:RATIS, Factor:ONE, State:OPEN]
2019-09-26 19:35:56,387 [grpc-default-executor-2] INFO  impl.RaftServerProxy (RaftServerProxy.java:addNew(89)) - 728ea44c-f097-440a-a87e-c27a68d48f14: addNew group-AF2925BA2B4F:[728ea44c-f097-440a-a87e-c27a68d48f14:192.168.151.99:38783] returns group-AF2925BA2B4F:java.util.concurrent.CompletableFuture@2acda33f[Not completed]
2019-09-26 19:35:56,388 [pool-271-thread-1] INFO  impl.RaftServerImpl (RaftServerImpl.java:<init>(95)) - 728ea44c-f097-440a-a87e-c27a68d48f14: new RaftServerImpl for group-AF2925BA2B4F:[728ea44c-f097-440a-a87e-c27a68d48f14:192.168.151.99:38783] with ContainerStateMachine:uninitialized
2019-09-26 19:35:56,388 [pool-271-thread-1] INFO  server.RaftServerConfigKeys (ConfUtils.java:logGet(43)) - raft.server.rpc.timeout.min = 5s (custom)
2019-09-26 19:35:56,388 [pool-271-thread-1] INFO  server.RaftServerConfigKeys (ConfUtils.java:logGet(43)) - raft.server.rpc.timeout.max = 5200ms (custom)
2019-09-26 19:35:56,388 [pool-271-thread-1] INFO  server.RaftServerConfigKeys (ConfUtils.java:logGet(43)) - raft.server.rpcslowness.timeout = 120s (custom)
2019-09-26 19:35:56,388 [pool-271-thread-1] INFO  server.RaftServerConfigKeys (ConfUtils.java:logGet(43)) - raft.server.sleep.deviation.threshold = 300 (default)
2019-09-26 19:35:56,388 [pool-271-thread-1] INFO  server.RaftServerConfigKeys (ConfUtils.java:logGet(43)) - raft.server.log.appender.install.snapshot.enabled = false (custom)
2019-09-26 19:35:56,388 [pool-271-thread-1] INFO  impl.RaftServerImpl (ServerState.java:<init>(103)) - 728ea44c-f097-440a-a87e-c27a68d48f14@group-AF2925BA2B4F: ConfigurationManager, init=-1: [728ea44c-f097-440a-a87e-c27a68d48f14:192.168.151.99:38783], old=null, confs=<EMPTY_MAP>
2019-09-26 19:35:56,388 [pool-271-thread-1] INFO  server.RaftServerConfigKeys (ConfUtils.java:logGet(43)) - raft.server.storage.dir = [/workdir/hadoop-ozone/integration-test/target/test-dir/MiniOzoneClusterImpl-2f79a7d3-d7ae-4963-8370-12bb1e2132d7/datanode-1/data/ratis] (custom)
2019-09-26 19:35:56,389 [pool-271-thread-1] INFO  storage.RaftStorageDirectory (RaftStorageDirectory.java:analyzeStorage(246)) - The storage directory /workdir/hadoop-ozone/integration-test/target/test-dir/MiniOzoneClusterImpl-2f79a7d3-d7ae-4963-8370-12bb1e2132d7/datanode-1/data/ratis/9a9d90c3-9eda-4331-98da-af2925ba2b4f does not exist. Creating ...
2019-09-26 19:35:56,402 [pool-271-thread-1] INFO  storage.RaftStorageDirectory (RaftStorageDirectory.java:tryLock(328)) - Lock on /workdir/hadoop-ozone/integration-test/target/test-dir/MiniOzoneClusterImpl-2f79a7d3-d7ae-4963-8370-12bb1e2132d7/datanode-1/data/ratis/9a9d90c3-9eda-4331-98da-af2925ba2b4f/in_use.lock acquired by nodename 17888@pr-hdds-1569-g6sp5-2013761785
2019-09-26 19:35:56,416 [pool-271-thread-1] INFO  storage.RaftStorage (RaftStorage.java:format(72)) - Storage directory /workdir/hadoop-ozone/integration-test/target/test-dir/MiniOzoneClusterImpl-2f79a7d3-d7ae-4963-8370-12bb1e2132d7/datanode-1/data/ratis/9a9d90c3-9eda-4331-98da-af2925ba2b4f has been successfully formatted.
2019-09-26 19:35:56,416 [pool-271-thread-1] INFO  ratis.ContainerStateMachine (ContainerStateMachine.java:loadSnapshot(230)) - group-AF2925BA2B4F: The snapshot info is null. Setting the last applied indexto:(t:0, i:~)
2019-09-26 19:35:56,416 [pool-271-thread-1] INFO  server.RaftServerConfigKeys (ConfUtils.java:logGet(43)) - raft.server.notification.no-leader.timeout = 120s (custom)
2019-09-26 19:35:56,416 [pool-271-thread-1] INFO  server.RaftServerConfigKeys (ConfUtils.java:logGet(43)) - raft.server.log.use.memory = false (default)
2019-09-26 19:35:56,416 [pool-271-thread-1] INFO  server.RaftServerConfigKeys (ConfUtils.java:logGet(43)) - raft.server.log.purge.gap = 1000000 (custom)
2019-09-26 19:35:56,416 [pool-271-thread-1] INFO  server.RaftServerConfigKeys (ConfUtils.java:logGet(43)) - raft.server.log.appender.buffer.byte-limit = 33554432 (custom)
2019-09-26 19:35:56,416 [pool-271-thread-1] INFO  server.RaftServerConfigKeys (ConfUtils.java:logGet(43)) - raft.server.log.segment.size.max = 1048576 (custom)
2019-09-26 19:35:56,416 [pool-271-thread-1] INFO  server.RaftServerConfigKeys (ConfUtils.java:logGet(43)) - raft.server.log.segment.cache.num.max = 2 (custom)
2019-09-26 19:35:56,416 [pool-271-thread-1] INFO  segmented.SegmentedRaftLogWorker (SegmentedRaftLogWorker.java:<init>(172)) - new 728ea44c-f097-440a-a87e-c27a68d48f14@group-AF2925BA2B4F-SegmentedRaftLogWorker for RaftStorage:Storage Directory /workdir/hadoop-ozone/integration-test/target/test-dir/MiniOzoneClusterImpl-2f79a7d3-d7ae-4963-8370-12bb1e2132d7/datanode-1/data/ratis/9a9d90c3-9eda-4331-98da-af2925ba2b4f
2019-09-26 19:35:56,417 [pool-271-thread-1] INFO  server.RaftServerConfigKeys (ConfUtils.java:logGet(43)) - raft.server.log.queue.byte-limit = 2147483647 (custom)
2019-09-26 19:35:56,417 [pool-271-thread-1] INFO  server.RaftServerConfigKeys (ConfUtils.java:logGet(43)) - raft.server.log.queue.element-limit = 1024 (custom)
2019-09-26 19:35:56,417 [pool-271-thread-1] INFO  server.RaftServerConfigKeys (ConfUtils.java:logGet(43)) - raft.server.log.segment.size.max = 1048576 (custom)
2019-09-26 19:35:56,417 [pool-271-thread-1] INFO  server.RaftServerConfigKeys (ConfUtils.java:logGet(43)) - raft.server.log.preallocated.size = 16384 (custom)
2019-09-26 19:35:56,417 [pool-271-thread-1] INFO  server.RaftServerConfigKeys (ConfUtils.java:logGet(43)) - raft.server.log.write.buffer.size = 33554432 (custom)
2019-09-26 19:35:56,417 [pool-271-thread-1] INFO  server.RaftServerConfigKeys (ConfUtils.java:logGet(43)) - raft.server.log.force.sync.num = 128 (default)
2019-09-26 19:35:56,417 [pool-271-thread-1] INFO  server.RaftServerConfigKeys (ConfUtils.java:logGet(43)) - raft.server.log.statemachine.data.sync = true (default)
2019-09-26 19:35:56,417 [pool-271-thread-1] INFO  server.RaftServerConfigKeys (ConfUtils.java:logGet(43)) - raft.server.log.statemachine.data.sync.timeout = 10s (default)
2019-09-26 19:35:56,417 [pool-271-thread-1] INFO  server.RaftServerConfigKeys (ConfUtils.java:logGet(43)) - raft.server.log.statemachine.data.sync.timeout.retry = -1 (default)
2019-09-26 19:35:56,418 [pool-271-thread-1] INFO  server.RaftServerConfigKeys (ConfUtils.java:logGet(43)) - raft.server.log.statemachine.data.caching.enabled = true (custom)
2019-09-26 19:35:56,418 [pool-271-thread-1] INFO  segmented.SegmentedRaftLogWorker (SegmentedRaftLogWorker.java:lambda$new$0(132)) - 728ea44c-f097-440a-a87e-c27a68d48f14@group-AF2925BA2B4F-SegmentedRaftLogWorker: flushIndex: setUnconditionally 0 -> -1
2019-09-26 19:35:56,418 [pool-271-thread-1] INFO  server.RaftServerConfigKeys (ConfUtils.java:logGet(43)) - raft.server.snapshot.auto.trigger.enabled = true (custom)
2019-09-26 19:35:56,418 [pool-271-thread-1] INFO  server.RaftServerConfigKeys (ConfUtils.java:logGet(43)) - raft.server.snapshot.auto.trigger.threshold = 10000 (custom)
2019-09-26 19:35:56,418 [pool-271-thread-1] INFO  server.RaftServerConfigKeys (ConfUtils.java:logGet(43)) - raft.server.snapshot.retention.num.files = 5 (custom)
2019-09-26 19:35:56,418 [pool-271-thread-1] INFO  server.RaftServerConfigKeys (ConfUtils.java:logGet(43)) - raft.server.retrycache.expirytime = 600000ms (custom)
2019-09-26 19:35:56,419 [pool-271-thread-1] INFO  impl.RaftServerImpl (RaftServerImpl.java:start(185)) - 728ea44c-f097-440a-a87e-c27a68d48f14@group-AF2925BA2B4F: start as a follower, conf=-1: [728ea44c-f097-440a-a87e-c27a68d48f14:192.168.151.99:38783], old=null
2019-09-26 19:35:56,419 [pool-271-thread-1] INFO  impl.RaftServerImpl (RaftServerImpl.java:setRole(174)) - 728ea44c-f097-440a-a87e-c27a68d48f14@group-AF2925BA2B4F: changes role from      null to FOLLOWER at term 0 for startAsFollower
2019-09-26 19:35:56,420 [pool-271-thread-1] INFO  impl.RoleInfo (RoleInfo.java:updateAndGet(143)) - 728ea44c-f097-440a-a87e-c27a68d48f14: start FollowerState
2019-09-26 19:35:56,420 [pool-271-thread-1] INFO  util.JmxRegister (JmxRegister.java:tryRegister(44)) - Successfully registered JMX Bean with object name Ratis:service=RaftServer,group=group-AF2925BA2B4F,id=728ea44c-f097-440a-a87e-c27a68d48f14
2019-09-26 19:35:56,421 [RatisPipelineUtilsThread] INFO  pipeline.PipelineStateManager (PipelineStateManager.java:addPipeline(56)) - Created pipeline Pipeline[ Id: 9a9d90c3-9eda-4331-98da-af2925ba2b4f, Nodes: 728ea44c-f097-440a-a87e-c27a68d48f14{ip: 192.168.151.99, host: pr-hdds-1569-g6sp5-2013761785, networkLocation: /rack1, certSerialId: null}, Type:RATIS, Factor:ONE, State:OPEN]
2019-09-26 19:35:56,423 [grpc-default-executor-2] INFO  impl.RaftServerProxy (RaftServerProxy.java:addNew(89)) - 27cb48db-4b88-4c0c-b213-19f9b2fffaff: addNew group-B494DA265365:[27cb48db-4b88-4c0c-b213-19f9b2fffaff:192.168.151.99:37457] returns group-B494DA265365:java.util.concurrent.CompletableFuture@20db6b10[Not completed]
2019-09-26 19:35:56,423 [pool-261-thread-1] INFO  impl.RaftServerImpl (RaftServerImpl.java:<init>(95)) - 27cb48db-4b88-4c0c-b213-19f9b2fffaff: new RaftServerImpl for group-B494DA265365:[27cb48db-4b88-4c0c-b213-19f9b2fffaff:192.168.151.99:37457] with ContainerStateMachine:uninitialized
2019-09-26 19:35:56,423 [pool-261-thread-1] INFO  server.RaftServerConfigKeys (ConfUtils.java:logGet(43)) - raft.server.rpc.timeout.min = 5s (custom)
2019-09-26 19:35:56,423 [pool-261-thread-1] INFO  server.RaftServerConfigKeys (ConfUtils.java:logGet(43)) - raft.server.rpc.timeout.max = 5200ms (custom)
2019-09-26 19:35:56,423 [pool-261-thread-1] INFO  server.RaftServerConfigKeys (ConfUtils.java:logGet(43)) - raft.server.rpcslowness.timeout = 120s (custom)
2019-09-26 19:35:56,423 [pool-261-thread-1] INFO  server.RaftServerConfigKeys (ConfUtils.java:logGet(43)) - raft.server.sleep.deviation.threshold = 300 (default)
2019-09-26 19:35:56,423 [pool-261-thread-1] INFO  server.RaftServerConfigKeys (ConfUtils.java:logGet(43)) - raft.server.log.appender.install.snapshot.enabled = false (custom)
2019-09-26 19:35:56,423 [pool-261-thread-1] INFO  impl.RaftServerImpl (ServerState.java:<init>(103)) - 27cb48db-4b88-4c0c-b213-19f9b2fffaff@group-B494DA265365: ConfigurationManager, init=-1: [27cb48db-4b88-4c0c-b213-19f9b2fffaff:192.168.151.99:37457], old=null, confs=<EMPTY_MAP>
2019-09-26 19:35:56,423 [pool-261-thread-1] INFO  server.RaftServerConfigKeys (ConfUtils.java:logGet(43)) - raft.server.storage.dir = [/workdir/hadoop-ozone/integration-test/target/test-dir/MiniOzoneClusterImpl-2f79a7d3-d7ae-4963-8370-12bb1e2132d7/datanode-0/data/ratis] (custom)
2019-09-26 19:35:56,424 [pool-261-thread-1] INFO  storage.RaftStorageDirectory (RaftStorageDirectory.java:analyzeStorage(246)) - The storage directory /workdir/hadoop-ozone/integration-test/target/test-dir/MiniOzoneClusterImpl-2f79a7d3-d7ae-4963-8370-12bb1e2132d7/datanode-0/data/ratis/9542b163-21d8-45fd-b3d0-b494da265365 does not exist. Creating ...
2019-09-26 19:35:56,431 [pool-261-thread-1] INFO  storage.RaftStorageDirectory (RaftStorageDirectory.java:tryLock(328)) - Lock on /workdir/hadoop-ozone/integration-test/target/test-dir/MiniOzoneClusterImpl-2f79a7d3-d7ae-4963-8370-12bb1e2132d7/datanode-0/data/ratis/9542b163-21d8-45fd-b3d0-b494da265365/in_use.lock acquired by nodename 17888@pr-hdds-1569-g6sp5-2013761785
2019-09-26 19:35:56,444 [pool-261-thread-1] INFO  storage.RaftStorage (RaftStorage.java:format(72)) - Storage directory /workdir/hadoop-ozone/integration-test/target/test-dir/MiniOzoneClusterImpl-2f79a7d3-d7ae-4963-8370-12bb1e2132d7/datanode-0/data/ratis/9542b163-21d8-45fd-b3d0-b494da265365 has been successfully formatted.
2019-09-26 19:35:56,444 [pool-261-thread-1] INFO  ratis.ContainerStateMachine (ContainerStateMachine.java:loadSnapshot(230)) - group-B494DA265365: The snapshot info is null. Setting the last applied indexto:(t:0, i:~)
2019-09-26 19:35:56,444 [pool-261-thread-1] INFO  server.RaftServerConfigKeys (ConfUtils.java:logGet(43)) - raft.server.notification.no-leader.timeout = 120s (custom)
2019-09-26 19:35:56,444 [pool-261-thread-1] INFO  server.RaftServerConfigKeys (ConfUtils.java:logGet(43)) - raft.server.log.use.memory = false (default)
2019-09-26 19:35:56,444 [pool-261-thread-1] INFO  server.RaftServerConfigKeys (ConfUtils.java:logGet(43)) - raft.server.log.purge.gap = 1000000 (custom)
2019-09-26 19:35:56,444 [pool-261-thread-1] INFO  server.RaftServerConfigKeys (ConfUtils.java:logGet(43)) - raft.server.log.appender.buffer.byte-limit = 33554432 (custom)
2019-09-26 19:35:56,444 [pool-261-thread-1] INFO  server.RaftServerConfigKeys (ConfUtils.java:logGet(43)) - raft.server.log.segment.size.max = 1048576 (custom)
2019-09-26 19:35:56,444 [pool-261-thread-1] INFO  server.RaftServerConfigKeys (ConfUtils.java:logGet(43)) - raft.server.log.segment.cache.num.max = 2 (custom)
2019-09-26 19:35:56,444 [pool-261-thread-1] INFO  segmented.SegmentedRaftLogWorker (SegmentedRaftLogWorker.java:<init>(172)) - new 27cb48db-4b88-4c0c-b213-19f9b2fffaff@group-B494DA265365-SegmentedRaftLogWorker for RaftStorage:Storage Directory /workdir/hadoop-ozone/integration-test/target/test-dir/MiniOzoneClusterImpl-2f79a7d3-d7ae-4963-8370-12bb1e2132d7/datanode-0/data/ratis/9542b163-21d8-45fd-b3d0-b494da265365
2019-09-26 19:35:56,444 [pool-261-thread-1] INFO  server.RaftServerConfigKeys (ConfUtils.java:logGet(43)) - raft.server.log.queue.byte-limit = 2147483647 (custom)
2019-09-26 19:35:56,445 [pool-261-thread-1] INFO  server.RaftServerConfigKeys (ConfUtils.java:logGet(43)) - raft.server.log.queue.element-limit = 1024 (custom)
2019-09-26 19:35:56,445 [pool-261-thread-1] INFO  server.RaftServerConfigKeys (ConfUtils.java:logGet(43)) - raft.server.log.segment.size.max = 1048576 (custom)
2019-09-26 19:35:56,445 [pool-261-thread-1] INFO  server.RaftServerConfigKeys (ConfUtils.java:logGet(43)) - raft.server.log.preallocated.size = 16384 (custom)
2019-09-26 19:35:56,445 [pool-261-thread-1] INFO  server.RaftServerConfigKeys (ConfUtils.java:logGet(43)) - raft.server.log.write.buffer.size = 33554432 (custom)
2019-09-26 19:35:56,445 [pool-261-thread-1] INFO  server.RaftServerConfigKeys (ConfUtils.java:logGet(43)) - raft.server.log.force.sync.num = 128 (default)
2019-09-26 19:35:56,445 [pool-261-thread-1] INFO  server.RaftServerConfigKeys (ConfUtils.java:logGet(43)) - raft.server.log.statemachine.data.sync = true (default)
2019-09-26 19:35:56,445 [pool-261-thread-1] INFO  server.RaftServerConfigKeys (ConfUtils.java:logGet(43)) - raft.server.log.statemachine.data.sync.timeout = 10s (default)
2019-09-26 19:35:56,445 [pool-261-thread-1] INFO  server.RaftServerConfigKeys (ConfUtils.java:logGet(43)) - raft.server.log.statemachine.data.sync.timeout.retry = -1 (default)
2019-09-26 19:35:56,445 [pool-261-thread-1] INFO  server.RaftServerConfigKeys (ConfUtils.java:logGet(43)) - raft.server.log.statemachine.data.caching.enabled = true (custom)
2019-09-26 19:35:56,446 [pool-261-thread-1] INFO  segmented.SegmentedRaftLogWorker (SegmentedRaftLogWorker.java:lambda$new$0(132)) - 27cb48db-4b88-4c0c-b213-19f9b2fffaff@group-B494DA265365-SegmentedRaftLogWorker: flushIndex: setUnconditionally 0 -> -1
2019-09-26 19:35:56,446 [pool-261-thread-1] INFO  server.RaftServerConfigKeys (ConfUtils.java:logGet(43)) - raft.server.snapshot.auto.trigger.enabled = true (custom)
2019-09-26 19:35:56,446 [pool-261-thread-1] INFO  server.RaftServerConfigKeys (ConfUtils.java:logGet(43)) - raft.server.snapshot.auto.trigger.threshold = 10000 (custom)
2019-09-26 19:35:56,446 [pool-261-thread-1] INFO  server.RaftServerConfigKeys (ConfUtils.java:logGet(43)) - raft.server.snapshot.retention.num.files = 5 (custom)
2019-09-26 19:35:56,446 [pool-261-thread-1] INFO  server.RaftServerConfigKeys (ConfUtils.java:logGet(43)) - raft.server.retrycache.expirytime = 600000ms (custom)
2019-09-26 19:35:56,448 [pool-261-thread-1] INFO  impl.RaftServerImpl (RaftServerImpl.java:start(185)) - 27cb48db-4b88-4c0c-b213-19f9b2fffaff@group-B494DA265365: start as a follower, conf=-1: [27cb48db-4b88-4c0c-b213-19f9b2fffaff:192.168.151.99:37457], old=null
2019-09-26 19:35:56,448 [pool-261-thread-1] INFO  impl.RaftServerImpl (RaftServerImpl.java:setRole(174)) - 27cb48db-4b88-4c0c-b213-19f9b2fffaff@group-B494DA265365: changes role from      null to FOLLOWER at term 0 for startAsFollower
2019-09-26 19:35:56,448 [pool-261-thread-1] INFO  impl.RoleInfo (RoleInfo.java:updateAndGet(143)) - 27cb48db-4b88-4c0c-b213-19f9b2fffaff: start FollowerState
2019-09-26 19:35:56,448 [pool-261-thread-1] INFO  util.JmxRegister (JmxRegister.java:tryRegister(44)) - Successfully registered JMX Bean with object name Ratis:service=RaftServer,group=group-B494DA265365,id=27cb48db-4b88-4c0c-b213-19f9b2fffaff
2019-09-26 19:35:56,449 [RatisPipelineUtilsThread] INFO  pipeline.PipelineStateManager (PipelineStateManager.java:addPipeline(56)) - Created pipeline Pipeline[ Id: 9542b163-21d8-45fd-b3d0-b494da265365, Nodes: 27cb48db-4b88-4c0c-b213-19f9b2fffaff{ip: 192.168.151.99, host: pr-hdds-1569-g6sp5-2013761785, networkLocation: /rack1, certSerialId: null}, Type:RATIS, Factor:ONE, State:OPEN]
2019-09-26 19:35:56,451 [grpc-default-executor-2] INFO  impl.RaftServerProxy (RaftServerProxy.java:addNew(89)) - 728ea44c-f097-440a-a87e-c27a68d48f14: addNew group-E8DCF40579B6:[728ea44c-f097-440a-a87e-c27a68d48f14:192.168.151.99:38783] returns group-E8DCF40579B6:java.util.concurrent.CompletableFuture@7f92a661[Not completed]
2019-09-26 19:35:56,452 [pool-271-thread-1] INFO  impl.RaftServerImpl (RaftServerImpl.java:<init>(95)) - 728ea44c-f097-440a-a87e-c27a68d48f14: new RaftServerImpl for group-E8DCF40579B6:[728ea44c-f097-440a-a87e-c27a68d48f14:192.168.151.99:38783] with ContainerStateMachine:uninitialized
2019-09-26 19:35:56,452 [pool-271-thread-1] INFO  server.RaftServerConfigKeys (ConfUtils.java:logGet(43)) - raft.server.rpc.timeout.min = 5s (custom)
2019-09-26 19:35:56,452 [pool-271-thread-1] INFO  server.RaftServerConfigKeys (ConfUtils.java:logGet(43)) - raft.server.rpc.timeout.max = 5200ms (custom)
2019-09-26 19:35:56,452 [pool-271-thread-1] INFO  server.RaftServerConfigKeys (ConfUtils.java:logGet(43)) - raft.server.rpcslowness.timeout = 120s (custom)
2019-09-26 19:35:56,452 [pool-271-thread-1] INFO  server.RaftServerConfigKeys (ConfUtils.java:logGet(43)) - raft.server.sleep.deviation.threshold = 300 (default)
2019-09-26 19:35:56,452 [pool-271-thread-1] INFO  server.RaftServerConfigKeys (ConfUtils.java:logGet(43)) - raft.server.log.appender.install.snapshot.enabled = false (custom)
2019-09-26 19:35:56,452 [pool-271-thread-1] INFO  impl.RaftServerImpl (ServerState.java:<init>(103)) - 728ea44c-f097-440a-a87e-c27a68d48f14@group-E8DCF40579B6: ConfigurationManager, init=-1: [728ea44c-f097-440a-a87e-c27a68d48f14:192.168.151.99:38783], old=null, confs=<EMPTY_MAP>
2019-09-26 19:35:56,452 [pool-271-thread-1] INFO  server.RaftServerConfigKeys (ConfUtils.java:logGet(43)) - raft.server.storage.dir = [/workdir/hadoop-ozone/integration-test/target/test-dir/MiniOzoneClusterImpl-2f79a7d3-d7ae-4963-8370-12bb1e2132d7/datanode-1/data/ratis] (custom)
2019-09-26 19:35:56,453 [pool-271-thread-1] INFO  storage.RaftStorageDirectory (RaftStorageDirectory.java:analyzeStorage(246)) - The storage directory /workdir/hadoop-ozone/integration-test/target/test-dir/MiniOzoneClusterImpl-2f79a7d3-d7ae-4963-8370-12bb1e2132d7/datanode-1/data/ratis/04921dac-357c-4484-ad43-e8dcf40579b6 does not exist. Creating ...
2019-09-26 19:35:56,465 [pool-271-thread-1] INFO  storage.RaftStorageDirectory (RaftStorageDirectory.java:tryLock(328)) - Lock on /workdir/hadoop-ozone/integration-test/target/test-dir/MiniOzoneClusterImpl-2f79a7d3-d7ae-4963-8370-12bb1e2132d7/datanode-1/data/ratis/04921dac-357c-4484-ad43-e8dcf40579b6/in_use.lock acquired by nodename 17888@pr-hdds-1569-g6sp5-2013761785
2019-09-26 19:35:56,477 [pool-271-thread-1] INFO  storage.RaftStorage (RaftStorage.java:format(72)) - Storage directory /workdir/hadoop-ozone/integration-test/target/test-dir/MiniOzoneClusterImpl-2f79a7d3-d7ae-4963-8370-12bb1e2132d7/datanode-1/data/ratis/04921dac-357c-4484-ad43-e8dcf40579b6 has been successfully formatted.
2019-09-26 19:35:56,477 [pool-271-thread-1] INFO  ratis.ContainerStateMachine (ContainerStateMachine.java:loadSnapshot(230)) - group-E8DCF40579B6: The snapshot info is null. Setting the last applied indexto:(t:0, i:~)
2019-09-26 19:35:56,477 [pool-271-thread-1] INFO  server.RaftServerConfigKeys (ConfUtils.java:logGet(43)) - raft.server.notification.no-leader.timeout = 120s (custom)
2019-09-26 19:35:56,477 [pool-271-thread-1] INFO  server.RaftServerConfigKeys (ConfUtils.java:logGet(43)) - raft.server.log.use.memory = false (default)
2019-09-26 19:35:56,477 [pool-271-thread-1] INFO  server.RaftServerConfigKeys (ConfUtils.java:logGet(43)) - raft.server.log.purge.gap = 1000000 (custom)
2019-09-26 19:35:56,477 [pool-271-thread-1] INFO  server.RaftServerConfigKeys (ConfUtils.java:logGet(43)) - raft.server.log.appender.buffer.byte-limit = 33554432 (custom)
2019-09-26 19:35:56,478 [pool-271-thread-1] INFO  server.RaftServerConfigKeys (ConfUtils.java:logGet(43)) - raft.server.log.segment.size.max = 1048576 (custom)
2019-09-26 19:35:56,478 [pool-271-thread-1] INFO  server.RaftServerConfigKeys (ConfUtils.java:logGet(43)) - raft.server.log.segment.cache.num.max = 2 (custom)
2019-09-26 19:35:56,478 [pool-271-thread-1] INFO  segmented.SegmentedRaftLogWorker (SegmentedRaftLogWorker.java:<init>(172)) - new 728ea44c-f097-440a-a87e-c27a68d48f14@group-E8DCF40579B6-SegmentedRaftLogWorker for RaftStorage:Storage Directory /workdir/hadoop-ozone/integration-test/target/test-dir/MiniOzoneClusterImpl-2f79a7d3-d7ae-4963-8370-12bb1e2132d7/datanode-1/data/ratis/04921dac-357c-4484-ad43-e8dcf40579b6
2019-09-26 19:35:56,478 [pool-271-thread-1] INFO  server.RaftServerConfigKeys (ConfUtils.java:logGet(43)) - raft.server.log.queue.byte-limit = 2147483647 (custom)
2019-09-26 19:35:56,478 [pool-271-thread-1] INFO  server.RaftServerConfigKeys (ConfUtils.java:logGet(43)) - raft.server.log.queue.element-limit = 1024 (custom)
2019-09-26 19:35:56,478 [pool-271-thread-1] INFO  server.RaftServerConfigKeys (ConfUtils.java:logGet(43)) - raft.server.log.segment.size.max = 1048576 (custom)
2019-09-26 19:35:56,478 [pool-271-thread-1] INFO  server.RaftServerConfigKeys (ConfUtils.java:logGet(43)) - raft.server.log.preallocated.size = 16384 (custom)
2019-09-26 19:35:56,478 [pool-271-thread-1] INFO  server.RaftServerConfigKeys (ConfUtils.java:logGet(43)) - raft.server.log.write.buffer.size = 33554432 (custom)
2019-09-26 19:35:56,478 [pool-271-thread-1] INFO  server.RaftServerConfigKeys (ConfUtils.java:logGet(43)) - raft.server.log.force.sync.num = 128 (default)
2019-09-26 19:35:56,478 [pool-271-thread-1] INFO  server.RaftServerConfigKeys (ConfUtils.java:logGet(43)) - raft.server.log.statemachine.data.sync = true (default)
2019-09-26 19:35:56,478 [pool-271-thread-1] INFO  server.RaftServerConfigKeys (ConfUtils.java:logGet(43)) - raft.server.log.statemachine.data.sync.timeout = 10s (default)
2019-09-26 19:35:56,478 [pool-271-thread-1] INFO  server.RaftServerConfigKeys (ConfUtils.java:logGet(43)) - raft.server.log.statemachine.data.sync.timeout.retry = -1 (default)
2019-09-26 19:35:56,479 [pool-271-thread-1] INFO  server.RaftServerConfigKeys (ConfUtils.java:logGet(43)) - raft.server.log.statemachine.data.caching.enabled = true (custom)
2019-09-26 19:35:56,479 [pool-271-thread-1] INFO  segmented.SegmentedRaftLogWorker (SegmentedRaftLogWorker.java:lambda$new$0(132)) - 728ea44c-f097-440a-a87e-c27a68d48f14@group-E8DCF40579B6-SegmentedRaftLogWorker: flushIndex: setUnconditionally 0 -> -1
2019-09-26 19:35:56,479 [pool-271-thread-1] INFO  server.RaftServerConfigKeys (ConfUtils.java:logGet(43)) - raft.server.snapshot.auto.trigger.enabled = true (custom)
2019-09-26 19:35:56,479 [pool-271-thread-1] INFO  server.RaftServerConfigKeys (ConfUtils.java:logGet(43)) - raft.server.snapshot.auto.trigger.threshold = 10000 (custom)
2019-09-26 19:35:56,479 [pool-271-thread-1] INFO  server.RaftServerConfigKeys (ConfUtils.java:logGet(43)) - raft.server.snapshot.retention.num.files = 5 (custom)
2019-09-26 19:35:56,479 [pool-271-thread-1] INFO  server.RaftServerConfigKeys (ConfUtils.java:logGet(43)) - raft.server.retrycache.expirytime = 600000ms (custom)
2019-09-26 19:35:56,480 [pool-271-thread-1] INFO  impl.RaftServerImpl (RaftServerImpl.java:start(185)) - 728ea44c-f097-440a-a87e-c27a68d48f14@group-E8DCF40579B6: start as a follower, conf=-1: [728ea44c-f097-440a-a87e-c27a68d48f14:192.168.151.99:38783], old=null
2019-09-26 19:35:56,480 [pool-271-thread-1] INFO  impl.RaftServerImpl (RaftServerImpl.java:setRole(174)) - 728ea44c-f097-440a-a87e-c27a68d48f14@group-E8DCF40579B6: changes role from      null to FOLLOWER at term 0 for startAsFollower
2019-09-26 19:35:56,480 [pool-271-thread-1] INFO  impl.RoleInfo (RoleInfo.java:updateAndGet(143)) - 728ea44c-f097-440a-a87e-c27a68d48f14: start FollowerState
2019-09-26 19:35:56,481 [pool-271-thread-1] INFO  util.JmxRegister (JmxRegister.java:tryRegister(44)) - Successfully registered JMX Bean with object name Ratis:service=RaftServer,group=group-E8DCF40579B6,id=728ea44c-f097-440a-a87e-c27a68d48f14
2019-09-26 19:35:56,481 [RatisPipelineUtilsThread] INFO  pipeline.PipelineStateManager (PipelineStateManager.java:addPipeline(56)) - Created pipeline Pipeline[ Id: 04921dac-357c-4484-ad43-e8dcf40579b6, Nodes: 728ea44c-f097-440a-a87e-c27a68d48f14{ip: 192.168.151.99, host: pr-hdds-1569-g6sp5-2013761785, networkLocation: /rack1, certSerialId: null}, Type:RATIS, Factor:ONE, State:OPEN]
2019-09-26 19:35:56,483 [grpc-default-executor-2] INFO  impl.RaftServerProxy (RaftServerProxy.java:addNew(89)) - 728ea44c-f097-440a-a87e-c27a68d48f14: addNew group-89DB952C4950:[728ea44c-f097-440a-a87e-c27a68d48f14:192.168.151.99:38783] returns group-89DB952C4950:java.util.concurrent.CompletableFuture@a199a9[Not completed]
2019-09-26 19:35:56,484 [pool-271-thread-1] INFO  impl.RaftServerImpl (RaftServerImpl.java:<init>(95)) - 728ea44c-f097-440a-a87e-c27a68d48f14: new RaftServerImpl for group-89DB952C4950:[728ea44c-f097-440a-a87e-c27a68d48f14:192.168.151.99:38783] with ContainerStateMachine:uninitialized
2019-09-26 19:35:56,484 [pool-271-thread-1] INFO  server.RaftServerConfigKeys (ConfUtils.java:logGet(43)) - raft.server.rpc.timeout.min = 5s (custom)
2019-09-26 19:35:56,484 [pool-271-thread-1] INFO  server.RaftServerConfigKeys (ConfUtils.java:logGet(43)) - raft.server.rpc.timeout.max = 5200ms (custom)
2019-09-26 19:35:56,484 [pool-271-thread-1] INFO  server.RaftServerConfigKeys (ConfUtils.java:logGet(43)) - raft.server.rpcslowness.timeout = 120s (custom)
2019-09-26 19:35:56,484 [pool-271-thread-1] INFO  server.RaftServerConfigKeys (ConfUtils.java:logGet(43)) - raft.server.sleep.deviation.threshold = 300 (default)
2019-09-26 19:35:56,484 [pool-271-thread-1] INFO  server.RaftServerConfigKeys (ConfUtils.java:logGet(43)) - raft.server.log.appender.install.snapshot.enabled = false (custom)
2019-09-26 19:35:56,484 [pool-271-thread-1] INFO  impl.RaftServerImpl (ServerState.java:<init>(103)) - 728ea44c-f097-440a-a87e-c27a68d48f14@group-89DB952C4950: ConfigurationManager, init=-1: [728ea44c-f097-440a-a87e-c27a68d48f14:192.168.151.99:38783], old=null, confs=<EMPTY_MAP>
2019-09-26 19:35:56,484 [pool-271-thread-1] INFO  server.RaftServerConfigKeys (ConfUtils.java:logGet(43)) - raft.server.storage.dir = [/workdir/hadoop-ozone/integration-test/target/test-dir/MiniOzoneClusterImpl-2f79a7d3-d7ae-4963-8370-12bb1e2132d7/datanode-1/data/ratis] (custom)
2019-09-26 19:35:56,484 [pool-271-thread-1] INFO  storage.RaftStorageDirectory (RaftStorageDirectory.java:analyzeStorage(246)) - The storage directory /workdir/hadoop-ozone/integration-test/target/test-dir/MiniOzoneClusterImpl-2f79a7d3-d7ae-4963-8370-12bb1e2132d7/datanode-1/data/ratis/7c69a648-587c-4b39-8031-89db952c4950 does not exist. Creating ...
2019-09-26 19:35:56,497 [pool-271-thread-1] INFO  storage.RaftStorageDirectory (RaftStorageDirectory.java:tryLock(328)) - Lock on /workdir/hadoop-ozone/integration-test/target/test-dir/MiniOzoneClusterImpl-2f79a7d3-d7ae-4963-8370-12bb1e2132d7/datanode-1/data/ratis/7c69a648-587c-4b39-8031-89db952c4950/in_use.lock acquired by nodename 17888@pr-hdds-1569-g6sp5-2013761785
2019-09-26 19:35:56,511 [pool-271-thread-1] INFO  storage.RaftStorage (RaftStorage.java:format(72)) - Storage directory /workdir/hadoop-ozone/integration-test/target/test-dir/MiniOzoneClusterImpl-2f79a7d3-d7ae-4963-8370-12bb1e2132d7/datanode-1/data/ratis/7c69a648-587c-4b39-8031-89db952c4950 has been successfully formatted.
2019-09-26 19:35:56,511 [pool-271-thread-1] INFO  ratis.ContainerStateMachine (ContainerStateMachine.java:loadSnapshot(230)) - group-89DB952C4950: The snapshot info is null. Setting the last applied indexto:(t:0, i:~)
2019-09-26 19:35:56,511 [pool-271-thread-1] INFO  server.RaftServerConfigKeys (ConfUtils.java:logGet(43)) - raft.server.notification.no-leader.timeout = 120s (custom)
2019-09-26 19:35:56,511 [pool-271-thread-1] INFO  server.RaftServerConfigKeys (ConfUtils.java:logGet(43)) - raft.server.log.use.memory = false (default)
2019-09-26 19:35:56,512 [pool-271-thread-1] INFO  server.RaftServerConfigKeys (ConfUtils.java:logGet(43)) - raft.server.log.purge.gap = 1000000 (custom)
2019-09-26 19:35:56,512 [pool-271-thread-1] INFO  server.RaftServerConfigKeys (ConfUtils.java:logGet(43)) - raft.server.log.appender.buffer.byte-limit = 33554432 (custom)
2019-09-26 19:35:56,512 [pool-271-thread-1] INFO  server.RaftServerConfigKeys (ConfUtils.java:logGet(43)) - raft.server.log.segment.size.max = 1048576 (custom)
2019-09-26 19:35:56,512 [pool-271-thread-1] INFO  server.RaftServerConfigKeys (ConfUtils.java:logGet(43)) - raft.server.log.segment.cache.num.max = 2 (custom)
2019-09-26 19:35:56,512 [pool-271-thread-1] INFO  segmented.SegmentedRaftLogWorker (SegmentedRaftLogWorker.java:<init>(172)) - new 728ea44c-f097-440a-a87e-c27a68d48f14@group-89DB952C4950-SegmentedRaftLogWorker for RaftStorage:Storage Directory /workdir/hadoop-ozone/integration-test/target/test-dir/MiniOzoneClusterImpl-2f79a7d3-d7ae-4963-8370-12bb1e2132d7/datanode-1/data/ratis/7c69a648-587c-4b39-8031-89db952c4950
2019-09-26 19:35:56,512 [pool-271-thread-1] INFO  server.RaftServerConfigKeys (ConfUtils.java:logGet(43)) - raft.server.log.queue.byte-limit = 2147483647 (custom)
2019-09-26 19:35:56,512 [pool-271-thread-1] INFO  server.RaftServerConfigKeys (ConfUtils.java:logGet(43)) - raft.server.log.queue.element-limit = 1024 (custom)
2019-09-26 19:35:56,512 [pool-271-thread-1] INFO  server.RaftServerConfigKeys (ConfUtils.java:logGet(43)) - raft.server.log.segment.size.max = 1048576 (custom)
2019-09-26 19:35:56,512 [pool-271-thread-1] INFO  server.RaftServerConfigKeys (ConfUtils.java:logGet(43)) - raft.server.log.preallocated.size = 16384 (custom)
2019-09-26 19:35:56,513 [pool-271-thread-1] INFO  server.RaftServerConfigKeys (ConfUtils.java:logGet(43)) - raft.server.log.write.buffer.size = 33554432 (custom)
2019-09-26 19:35:56,513 [pool-271-thread-1] INFO  server.RaftServerConfigKeys (ConfUtils.java:logGet(43)) - raft.server.log.force.sync.num = 128 (default)
2019-09-26 19:35:56,513 [pool-271-thread-1] INFO  server.RaftServerConfigKeys (ConfUtils.java:logGet(43)) - raft.server.log.statemachine.data.sync = true (default)
2019-09-26 19:35:56,513 [pool-271-thread-1] INFO  server.RaftServerConfigKeys (ConfUtils.java:logGet(43)) - raft.server.log.statemachine.data.sync.timeout = 10s (default)
2019-09-26 19:35:56,513 [pool-271-thread-1] INFO  server.RaftServerConfigKeys (ConfUtils.java:logGet(43)) - raft.server.log.statemachine.data.sync.timeout.retry = -1 (default)
2019-09-26 19:35:56,513 [pool-271-thread-1] INFO  server.RaftServerConfigKeys (ConfUtils.java:logGet(43)) - raft.server.log.statemachine.data.caching.enabled = true (custom)
2019-09-26 19:35:56,513 [pool-271-thread-1] INFO  segmented.SegmentedRaftLogWorker (SegmentedRaftLogWorker.java:lambda$new$0(132)) - 728ea44c-f097-440a-a87e-c27a68d48f14@group-89DB952C4950-SegmentedRaftLogWorker: flushIndex: setUnconditionally 0 -> -1
2019-09-26 19:35:56,514 [pool-271-thread-1] INFO  server.RaftServerConfigKeys (ConfUtils.java:logGet(43)) - raft.server.snapshot.auto.trigger.enabled = true (custom)
2019-09-26 19:35:56,514 [pool-271-thread-1] INFO  server.RaftServerConfigKeys (ConfUtils.java:logGet(43)) - raft.server.snapshot.auto.trigger.threshold = 10000 (custom)
2019-09-26 19:35:56,514 [pool-271-thread-1] INFO  server.RaftServerConfigKeys (ConfUtils.java:logGet(43)) - raft.server.snapshot.retention.num.files = 5 (custom)
2019-09-26 19:35:56,514 [pool-271-thread-1] INFO  server.RaftServerConfigKeys (ConfUtils.java:logGet(43)) - raft.server.retrycache.expirytime = 600000ms (custom)
2019-09-26 19:35:56,516 [pool-271-thread-1] INFO  impl.RaftServerImpl (RaftServerImpl.java:start(185)) - 728ea44c-f097-440a-a87e-c27a68d48f14@group-89DB952C4950: start as a follower, conf=-1: [728ea44c-f097-440a-a87e-c27a68d48f14:192.168.151.99:38783], old=null
2019-09-26 19:35:56,516 [pool-271-thread-1] INFO  impl.RaftServerImpl (RaftServerImpl.java:setRole(174)) - 728ea44c-f097-440a-a87e-c27a68d48f14@group-89DB952C4950: changes role from      null to FOLLOWER at term 0 for startAsFollower
2019-09-26 19:35:56,516 [pool-271-thread-1] INFO  impl.RoleInfo (RoleInfo.java:updateAndGet(143)) - 728ea44c-f097-440a-a87e-c27a68d48f14: start FollowerState
2019-09-26 19:35:56,516 [pool-271-thread-1] INFO  util.JmxRegister (JmxRegister.java:tryRegister(44)) - Successfully registered JMX Bean with object name Ratis:service=RaftServer,group=group-89DB952C4950,id=728ea44c-f097-440a-a87e-c27a68d48f14
2019-09-26 19:35:56,517 [RatisPipelineUtilsThread] INFO  pipeline.PipelineStateManager (PipelineStateManager.java:addPipeline(56)) - Created pipeline Pipeline[ Id: 7c69a648-587c-4b39-8031-89db952c4950, Nodes: 728ea44c-f097-440a-a87e-c27a68d48f14{ip: 192.168.151.99, host: pr-hdds-1569-g6sp5-2013761785, networkLocation: /rack1, certSerialId: null}, Type:RATIS, Factor:ONE, State:OPEN]
2019-09-26 19:35:56,520 [grpc-default-executor-2] INFO  impl.RaftServerProxy (RaftServerProxy.java:addNew(89)) - 27cb48db-4b88-4c0c-b213-19f9b2fffaff: addNew group-D0AE5A240A11:[27cb48db-4b88-4c0c-b213-19f9b2fffaff:192.168.151.99:37457] returns group-D0AE5A240A11:java.util.concurrent.CompletableFuture@5b2a675d[Not completed]
2019-09-26 19:35:56,520 [pool-261-thread-1] INFO  impl.RaftServerImpl (RaftServerImpl.java:<init>(95)) - 27cb48db-4b88-4c0c-b213-19f9b2fffaff: new RaftServerImpl for group-D0AE5A240A11:[27cb48db-4b88-4c0c-b213-19f9b2fffaff:192.168.151.99:37457] with ContainerStateMachine:uninitialized
2019-09-26 19:35:56,521 [pool-261-thread-1] INFO  server.RaftServerConfigKeys (ConfUtils.java:logGet(43)) - raft.server.rpc.timeout.min = 5s (custom)
2019-09-26 19:35:56,521 [pool-261-thread-1] INFO  server.RaftServerConfigKeys (ConfUtils.java:logGet(43)) - raft.server.rpc.timeout.max = 5200ms (custom)
2019-09-26 19:35:56,521 [pool-261-thread-1] INFO  server.RaftServerConfigKeys (ConfUtils.java:logGet(43)) - raft.server.rpcslowness.timeout = 120s (custom)
2019-09-26 19:35:56,521 [pool-261-thread-1] INFO  server.RaftServerConfigKeys (ConfUtils.java:logGet(43)) - raft.server.sleep.deviation.threshold = 300 (default)
2019-09-26 19:35:56,521 [pool-261-thread-1] INFO  server.RaftServerConfigKeys (ConfUtils.java:logGet(43)) - raft.server.log.appender.install.snapshot.enabled = false (custom)
2019-09-26 19:35:56,521 [pool-261-thread-1] INFO  impl.RaftServerImpl (ServerState.java:<init>(103)) - 27cb48db-4b88-4c0c-b213-19f9b2fffaff@group-D0AE5A240A11: ConfigurationManager, init=-1: [27cb48db-4b88-4c0c-b213-19f9b2fffaff:192.168.151.99:37457], old=null, confs=<EMPTY_MAP>
2019-09-26 19:35:56,521 [pool-261-thread-1] INFO  server.RaftServerConfigKeys (ConfUtils.java:logGet(43)) - raft.server.storage.dir = [/workdir/hadoop-ozone/integration-test/target/test-dir/MiniOzoneClusterImpl-2f79a7d3-d7ae-4963-8370-12bb1e2132d7/datanode-0/data/ratis] (custom)
2019-09-26 19:35:56,522 [pool-261-thread-1] INFO  storage.RaftStorageDirectory (RaftStorageDirectory.java:analyzeStorage(246)) - The storage directory /workdir/hadoop-ozone/integration-test/target/test-dir/MiniOzoneClusterImpl-2f79a7d3-d7ae-4963-8370-12bb1e2132d7/datanode-0/data/ratis/45b39cc1-0a53-4247-a582-d0ae5a240a11 does not exist. Creating ...
2019-09-26 19:35:56,534 [pool-261-thread-1] INFO  storage.RaftStorageDirectory (RaftStorageDirectory.java:tryLock(328)) - Lock on /workdir/hadoop-ozone/integration-test/target/test-dir/MiniOzoneClusterImpl-2f79a7d3-d7ae-4963-8370-12bb1e2132d7/datanode-0/data/ratis/45b39cc1-0a53-4247-a582-d0ae5a240a11/in_use.lock acquired by nodename 17888@pr-hdds-1569-g6sp5-2013761785
2019-09-26 19:35:56,547 [pool-261-thread-1] INFO  storage.RaftStorage (RaftStorage.java:format(72)) - Storage directory /workdir/hadoop-ozone/integration-test/target/test-dir/MiniOzoneClusterImpl-2f79a7d3-d7ae-4963-8370-12bb1e2132d7/datanode-0/data/ratis/45b39cc1-0a53-4247-a582-d0ae5a240a11 has been successfully formatted.
2019-09-26 19:35:56,547 [pool-261-thread-1] INFO  ratis.ContainerStateMachine (ContainerStateMachine.java:loadSnapshot(230)) - group-D0AE5A240A11: The snapshot info is null. Setting the last applied indexto:(t:0, i:~)
2019-09-26 19:35:56,548 [pool-261-thread-1] INFO  server.RaftServerConfigKeys (ConfUtils.java:logGet(43)) - raft.server.notification.no-leader.timeout = 120s (custom)
2019-09-26 19:35:56,548 [pool-261-thread-1] INFO  server.RaftServerConfigKeys (ConfUtils.java:logGet(43)) - raft.server.log.use.memory = false (default)
2019-09-26 19:35:56,548 [pool-261-thread-1] INFO  server.RaftServerConfigKeys (ConfUtils.java:logGet(43)) - raft.server.log.purge.gap = 1000000 (custom)
2019-09-26 19:35:56,548 [pool-261-thread-1] INFO  server.RaftServerConfigKeys (ConfUtils.java:logGet(43)) - raft.server.log.appender.buffer.byte-limit = 33554432 (custom)
2019-09-26 19:35:56,548 [pool-261-thread-1] INFO  server.RaftServerConfigKeys (ConfUtils.java:logGet(43)) - raft.server.log.segment.size.max = 1048576 (custom)
2019-09-26 19:35:56,548 [pool-261-thread-1] INFO  server.RaftServerConfigKeys (ConfUtils.java:logGet(43)) - raft.server.log.segment.cache.num.max = 2 (custom)
2019-09-26 19:35:56,549 [pool-261-thread-1] INFO  segmented.SegmentedRaftLogWorker (SegmentedRaftLogWorker.java:<init>(172)) - new 27cb48db-4b88-4c0c-b213-19f9b2fffaff@group-D0AE5A240A11-SegmentedRaftLogWorker for RaftStorage:Storage Directory /workdir/hadoop-ozone/integration-test/target/test-dir/MiniOzoneClusterImpl-2f79a7d3-d7ae-4963-8370-12bb1e2132d7/datanode-0/data/ratis/45b39cc1-0a53-4247-a582-d0ae5a240a11
2019-09-26 19:35:56,549 [pool-261-thread-1] INFO  server.RaftServerConfigKeys (ConfUtils.java:logGet(43)) - raft.server.log.queue.byte-limit = 2147483647 (custom)
2019-09-26 19:35:56,549 [pool-261-thread-1] INFO  server.RaftServerConfigKeys (ConfUtils.java:logGet(43)) - raft.server.log.queue.element-limit = 1024 (custom)
2019-09-26 19:35:56,549 [pool-261-thread-1] INFO  server.RaftServerConfigKeys (ConfUtils.java:logGet(43)) - raft.server.log.segment.size.max = 1048576 (custom)
2019-09-26 19:35:56,549 [pool-261-thread-1] INFO  server.RaftServerConfigKeys (ConfUtils.java:logGet(43)) - raft.server.log.preallocated.size = 16384 (custom)
2019-09-26 19:35:56,549 [pool-261-thread-1] INFO  server.RaftServerConfigKeys (ConfUtils.java:logGet(43)) - raft.server.log.write.buffer.size = 33554432 (custom)
2019-09-26 19:35:56,549 [pool-261-thread-1] INFO  server.RaftServerConfigKeys (ConfUtils.java:logGet(43)) - raft.server.log.force.sync.num = 128 (default)
2019-09-26 19:35:56,549 [pool-261-thread-1] INFO  server.RaftServerConfigKeys (ConfUtils.java:logGet(43)) - raft.server.log.statemachine.data.sync = true (default)
2019-09-26 19:35:56,550 [pool-261-thread-1] INFO  server.RaftServerConfigKeys (ConfUtils.java:logGet(43)) - raft.server.log.statemachine.data.sync.timeout = 10s (default)
2019-09-26 19:35:56,550 [pool-261-thread-1] INFO  server.RaftServerConfigKeys (ConfUtils.java:logGet(43)) - raft.server.log.statemachine.data.sync.timeout.retry = -1 (default)
2019-09-26 19:35:56,550 [pool-261-thread-1] INFO  server.RaftServerConfigKeys (ConfUtils.java:logGet(43)) - raft.server.log.statemachine.data.caching.enabled = true (custom)
2019-09-26 19:35:56,550 [pool-261-thread-1] INFO  segmented.SegmentedRaftLogWorker (SegmentedRaftLogWorker.java:lambda$new$0(132)) - 27cb48db-4b88-4c0c-b213-19f9b2fffaff@group-D0AE5A240A11-SegmentedRaftLogWorker: flushIndex: setUnconditionally 0 -> -1
2019-09-26 19:35:56,550 [pool-261-thread-1] INFO  server.RaftServerConfigKeys (ConfUtils.java:logGet(43)) - raft.server.snapshot.auto.trigger.enabled = true (custom)
2019-09-26 19:35:56,551 [pool-261-thread-1] INFO  server.RaftServerConfigKeys (ConfUtils.java:logGet(43)) - raft.server.snapshot.auto.trigger.threshold = 10000 (custom)
2019-09-26 19:35:56,551 [pool-261-thread-1] INFO  server.RaftServerConfigKeys (ConfUtils.java:logGet(43)) - raft.server.snapshot.retention.num.files = 5 (custom)
2019-09-26 19:35:56,551 [pool-261-thread-1] INFO  server.RaftServerConfigKeys (ConfUtils.java:logGet(43)) - raft.server.retrycache.expirytime = 600000ms (custom)
2019-09-26 19:35:56,553 [pool-261-thread-1] INFO  impl.RaftServerImpl (RaftServerImpl.java:start(185)) - 27cb48db-4b88-4c0c-b213-19f9b2fffaff@group-D0AE5A240A11: start as a follower, conf=-1: [27cb48db-4b88-4c0c-b213-19f9b2fffaff:192.168.151.99:37457], old=null
2019-09-26 19:35:56,553 [pool-261-thread-1] INFO  impl.RaftServerImpl (RaftServerImpl.java:setRole(174)) - 27cb48db-4b88-4c0c-b213-19f9b2fffaff@group-D0AE5A240A11: changes role from      null to FOLLOWER at term 0 for startAsFollower
2019-09-26 19:35:56,553 [pool-261-thread-1] INFO  impl.RoleInfo (RoleInfo.java:updateAndGet(143)) - 27cb48db-4b88-4c0c-b213-19f9b2fffaff: start FollowerState
2019-09-26 19:35:56,553 [pool-261-thread-1] INFO  util.JmxRegister (JmxRegister.java:tryRegister(44)) - Successfully registered JMX Bean with object name Ratis:service=RaftServer,group=group-D0AE5A240A11,id=27cb48db-4b88-4c0c-b213-19f9b2fffaff
2019-09-26 19:35:56,554 [RatisPipelineUtilsThread] INFO  pipeline.PipelineStateManager (PipelineStateManager.java:addPipeline(56)) - Created pipeline Pipeline[ Id: 45b39cc1-0a53-4247-a582-d0ae5a240a11, Nodes: 27cb48db-4b88-4c0c-b213-19f9b2fffaff{ip: 192.168.151.99, host: pr-hdds-1569-g6sp5-2013761785, networkLocation: /rack1, certSerialId: null}, Type:RATIS, Factor:ONE, State:OPEN]
2019-09-26 19:35:56,556 [grpc-default-executor-2] INFO  impl.RaftServerProxy (RaftServerProxy.java:addNew(89)) - 728ea44c-f097-440a-a87e-c27a68d48f14: addNew group-7C646671DC62:[728ea44c-f097-440a-a87e-c27a68d48f14:192.168.151.99:38783] returns group-7C646671DC62:java.util.concurrent.CompletableFuture@63565229[Not completed]
2019-09-26 19:35:56,557 [pool-271-thread-1] INFO  impl.RaftServerImpl (RaftServerImpl.java:<init>(95)) - 728ea44c-f097-440a-a87e-c27a68d48f14: new RaftServerImpl for group-7C646671DC62:[728ea44c-f097-440a-a87e-c27a68d48f14:192.168.151.99:38783] with ContainerStateMachine:uninitialized
2019-09-26 19:35:56,557 [pool-271-thread-1] INFO  server.RaftServerConfigKeys (ConfUtils.java:logGet(43)) - raft.server.rpc.timeout.min = 5s (custom)
2019-09-26 19:35:56,557 [pool-271-thread-1] INFO  server.RaftServerConfigKeys (ConfUtils.java:logGet(43)) - raft.server.rpc.timeout.max = 5200ms (custom)
2019-09-26 19:35:56,557 [pool-271-thread-1] INFO  server.RaftServerConfigKeys (ConfUtils.java:logGet(43)) - raft.server.rpcslowness.timeout = 120s (custom)
2019-09-26 19:35:56,557 [pool-271-thread-1] INFO  server.RaftServerConfigKeys (ConfUtils.java:logGet(43)) - raft.server.sleep.deviation.threshold = 300 (default)
2019-09-26 19:35:56,557 [pool-271-thread-1] INFO  server.RaftServerConfigKeys (ConfUtils.java:logGet(43)) - raft.server.log.appender.install.snapshot.enabled = false (custom)
2019-09-26 19:35:56,557 [pool-271-thread-1] INFO  impl.RaftServerImpl (ServerState.java:<init>(103)) - 728ea44c-f097-440a-a87e-c27a68d48f14@group-7C646671DC62: ConfigurationManager, init=-1: [728ea44c-f097-440a-a87e-c27a68d48f14:192.168.151.99:38783], old=null, confs=<EMPTY_MAP>
2019-09-26 19:35:56,557 [pool-271-thread-1] INFO  server.RaftServerConfigKeys (ConfUtils.java:logGet(43)) - raft.server.storage.dir = [/workdir/hadoop-ozone/integration-test/target/test-dir/MiniOzoneClusterImpl-2f79a7d3-d7ae-4963-8370-12bb1e2132d7/datanode-1/data/ratis] (custom)
2019-09-26 19:35:56,558 [pool-271-thread-1] INFO  storage.RaftStorageDirectory (RaftStorageDirectory.java:analyzeStorage(246)) - The storage directory /workdir/hadoop-ozone/integration-test/target/test-dir/MiniOzoneClusterImpl-2f79a7d3-d7ae-4963-8370-12bb1e2132d7/datanode-1/data/ratis/3690fce1-1068-4a65-b836-7c646671dc62 does not exist. Creating ...
2019-09-26 19:35:56,570 [pool-271-thread-1] INFO  storage.RaftStorageDirectory (RaftStorageDirectory.java:tryLock(328)) - Lock on /workdir/hadoop-ozone/integration-test/target/test-dir/MiniOzoneClusterImpl-2f79a7d3-d7ae-4963-8370-12bb1e2132d7/datanode-1/data/ratis/3690fce1-1068-4a65-b836-7c646671dc62/in_use.lock acquired by nodename 17888@pr-hdds-1569-g6sp5-2013761785
2019-09-26 19:35:56,582 [pool-271-thread-1] INFO  storage.RaftStorage (RaftStorage.java:format(72)) - Storage directory /workdir/hadoop-ozone/integration-test/target/test-dir/MiniOzoneClusterImpl-2f79a7d3-d7ae-4963-8370-12bb1e2132d7/datanode-1/data/ratis/3690fce1-1068-4a65-b836-7c646671dc62 has been successfully formatted.
2019-09-26 19:35:56,582 [pool-271-thread-1] INFO  ratis.ContainerStateMachine (ContainerStateMachine.java:loadSnapshot(230)) - group-7C646671DC62: The snapshot info is null. Setting the last applied indexto:(t:0, i:~)
2019-09-26 19:35:56,583 [pool-271-thread-1] INFO  server.RaftServerConfigKeys (ConfUtils.java:logGet(43)) - raft.server.notification.no-leader.timeout = 120s (custom)
2019-09-26 19:35:56,583 [pool-271-thread-1] INFO  server.RaftServerConfigKeys (ConfUtils.java:logGet(43)) - raft.server.log.use.memory = false (default)
2019-09-26 19:35:56,583 [pool-271-thread-1] INFO  server.RaftServerConfigKeys (ConfUtils.java:logGet(43)) - raft.server.log.purge.gap = 1000000 (custom)
2019-09-26 19:35:56,583 [pool-271-thread-1] INFO  server.RaftServerConfigKeys (ConfUtils.java:logGet(43)) - raft.server.log.appender.buffer.byte-limit = 33554432 (custom)
2019-09-26 19:35:56,583 [pool-271-thread-1] INFO  server.RaftServerConfigKeys (ConfUtils.java:logGet(43)) - raft.server.log.segment.size.max = 1048576 (custom)
2019-09-26 19:35:56,583 [pool-271-thread-1] INFO  server.RaftServerConfigKeys (ConfUtils.java:logGet(43)) - raft.server.log.segment.cache.num.max = 2 (custom)
2019-09-26 19:35:56,583 [pool-271-thread-1] INFO  segmented.SegmentedRaftLogWorker (SegmentedRaftLogWorker.java:<init>(172)) - new 728ea44c-f097-440a-a87e-c27a68d48f14@group-7C646671DC62-SegmentedRaftLogWorker for RaftStorage:Storage Directory /workdir/hadoop-ozone/integration-test/target/test-dir/MiniOzoneClusterImpl-2f79a7d3-d7ae-4963-8370-12bb1e2132d7/datanode-1/data/ratis/3690fce1-1068-4a65-b836-7c646671dc62
2019-09-26 19:35:56,583 [pool-271-thread-1] INFO  server.RaftServerConfigKeys (ConfUtils.java:logGet(43)) - raft.server.log.queue.byte-limit = 2147483647 (custom)
2019-09-26 19:35:56,583 [pool-271-thread-1] INFO  server.RaftServerConfigKeys (ConfUtils.java:logGet(43)) - raft.server.log.queue.element-limit = 1024 (custom)
2019-09-26 19:35:56,583 [pool-271-thread-1] INFO  server.RaftServerConfigKeys (ConfUtils.java:logGet(43)) - raft.server.log.segment.size.max = 1048576 (custom)
2019-09-26 19:35:56,583 [pool-271-thread-1] INFO  server.RaftServerConfigKeys (ConfUtils.java:logGet(43)) - raft.server.log.preallocated.size = 16384 (custom)
2019-09-26 19:35:56,583 [pool-271-thread-1] INFO  server.RaftServerConfigKeys (ConfUtils.java:logGet(43)) - raft.server.log.write.buffer.size = 33554432 (custom)
2019-09-26 19:35:56,584 [pool-271-thread-1] INFO  server.RaftServerConfigKeys (ConfUtils.java:logGet(43)) - raft.server.log.force.sync.num = 128 (default)
2019-09-26 19:35:56,584 [pool-271-thread-1] INFO  server.RaftServerConfigKeys (ConfUtils.java:logGet(43)) - raft.server.log.statemachine.data.sync = true (default)
2019-09-26 19:35:56,584 [pool-271-thread-1] INFO  server.RaftServerConfigKeys (ConfUtils.java:logGet(43)) - raft.server.log.statemachine.data.sync.timeout = 10s (default)
2019-09-26 19:35:56,584 [pool-271-thread-1] INFO  server.RaftServerConfigKeys (ConfUtils.java:logGet(43)) - raft.server.log.statemachine.data.sync.timeout.retry = -1 (default)
2019-09-26 19:35:56,584 [pool-271-thread-1] INFO  server.RaftServerConfigKeys (ConfUtils.java:logGet(43)) - raft.server.log.statemachine.data.caching.enabled = true (custom)
2019-09-26 19:35:56,584 [pool-271-thread-1] INFO  segmented.SegmentedRaftLogWorker (SegmentedRaftLogWorker.java:lambda$new$0(132)) - 728ea44c-f097-440a-a87e-c27a68d48f14@group-7C646671DC62-SegmentedRaftLogWorker: flushIndex: setUnconditionally 0 -> -1
2019-09-26 19:35:56,584 [pool-271-thread-1] INFO  server.RaftServerConfigKeys (ConfUtils.java:logGet(43)) - raft.server.snapshot.auto.trigger.enabled = true (custom)
2019-09-26 19:35:56,584 [pool-271-thread-1] INFO  server.RaftServerConfigKeys (ConfUtils.java:logGet(43)) - raft.server.snapshot.auto.trigger.threshold = 10000 (custom)
2019-09-26 19:35:56,584 [pool-271-thread-1] INFO  server.RaftServerConfigKeys (ConfUtils.java:logGet(43)) - raft.server.snapshot.retention.num.files = 5 (custom)
2019-09-26 19:35:56,584 [pool-271-thread-1] INFO  server.RaftServerConfigKeys (ConfUtils.java:logGet(43)) - raft.server.retrycache.expirytime = 600000ms (custom)
2019-09-26 19:35:56,586 [pool-271-thread-1] INFO  impl.RaftServerImpl (RaftServerImpl.java:start(185)) - 728ea44c-f097-440a-a87e-c27a68d48f14@group-7C646671DC62: start as a follower, conf=-1: [728ea44c-f097-440a-a87e-c27a68d48f14:192.168.151.99:38783], old=null
2019-09-26 19:35:56,586 [pool-271-thread-1] INFO  impl.RaftServerImpl (RaftServerImpl.java:setRole(174)) - 728ea44c-f097-440a-a87e-c27a68d48f14@group-7C646671DC62: changes role from      null to FOLLOWER at term 0 for startAsFollower
2019-09-26 19:35:56,586 [pool-271-thread-1] INFO  impl.RoleInfo (RoleInfo.java:updateAndGet(143)) - 728ea44c-f097-440a-a87e-c27a68d48f14: start FollowerState
2019-09-26 19:35:56,586 [pool-271-thread-1] INFO  util.JmxRegister (JmxRegister.java:tryRegister(44)) - Successfully registered JMX Bean with object name Ratis:service=RaftServer,group=group-7C646671DC62,id=728ea44c-f097-440a-a87e-c27a68d48f14
2019-09-26 19:35:56,587 [RatisPipelineUtilsThread] INFO  pipeline.PipelineStateManager (PipelineStateManager.java:addPipeline(56)) - Created pipeline Pipeline[ Id: 3690fce1-1068-4a65-b836-7c646671dc62, Nodes: 728ea44c-f097-440a-a87e-c27a68d48f14{ip: 192.168.151.99, host: pr-hdds-1569-g6sp5-2013761785, networkLocation: /rack1, certSerialId: null}, Type:RATIS, Factor:ONE, State:OPEN]
2019-09-26 19:35:56,589 [grpc-default-executor-2] INFO  impl.RaftServerProxy (RaftServerProxy.java:addNew(89)) - 27cb48db-4b88-4c0c-b213-19f9b2fffaff: addNew group-F337E4A86832:[27cb48db-4b88-4c0c-b213-19f9b2fffaff:192.168.151.99:37457] returns group-F337E4A86832:java.util.concurrent.CompletableFuture@51e0401e[Not completed]
2019-09-26 19:35:56,589 [pool-261-thread-1] INFO  impl.RaftServerImpl (RaftServerImpl.java:<init>(95)) - 27cb48db-4b88-4c0c-b213-19f9b2fffaff: new RaftServerImpl for group-F337E4A86832:[27cb48db-4b88-4c0c-b213-19f9b2fffaff:192.168.151.99:37457] with ContainerStateMachine:uninitialized
2019-09-26 19:35:56,589 [pool-261-thread-1] INFO  server.RaftServerConfigKeys (ConfUtils.java:logGet(43)) - raft.server.rpc.timeout.min = 5s (custom)
2019-09-26 19:35:56,589 [pool-261-thread-1] INFO  server.RaftServerConfigKeys (ConfUtils.java:logGet(43)) - raft.server.rpc.timeout.max = 5200ms (custom)
2019-09-26 19:35:56,589 [pool-261-thread-1] INFO  server.RaftServerConfigKeys (ConfUtils.java:logGet(43)) - raft.server.rpcslowness.timeout = 120s (custom)
2019-09-26 19:35:56,590 [pool-261-thread-1] INFO  server.RaftServerConfigKeys (ConfUtils.java:logGet(43)) - raft.server.sleep.deviation.threshold = 300 (default)
2019-09-26 19:35:56,590 [pool-261-thread-1] INFO  server.RaftServerConfigKeys (ConfUtils.java:logGet(43)) - raft.server.log.appender.install.snapshot.enabled = false (custom)
2019-09-26 19:35:56,590 [pool-261-thread-1] INFO  impl.RaftServerImpl (ServerState.java:<init>(103)) - 27cb48db-4b88-4c0c-b213-19f9b2fffaff@group-F337E4A86832: ConfigurationManager, init=-1: [27cb48db-4b88-4c0c-b213-19f9b2fffaff:192.168.151.99:37457], old=null, confs=<EMPTY_MAP>
2019-09-26 19:35:56,590 [pool-261-thread-1] INFO  server.RaftServerConfigKeys (ConfUtils.java:logGet(43)) - raft.server.storage.dir = [/workdir/hadoop-ozone/integration-test/target/test-dir/MiniOzoneClusterImpl-2f79a7d3-d7ae-4963-8370-12bb1e2132d7/datanode-0/data/ratis] (custom)
2019-09-26 19:35:56,591 [pool-261-thread-1] INFO  storage.RaftStorageDirectory (RaftStorageDirectory.java:analyzeStorage(246)) - The storage directory /workdir/hadoop-ozone/integration-test/target/test-dir/MiniOzoneClusterImpl-2f79a7d3-d7ae-4963-8370-12bb1e2132d7/datanode-0/data/ratis/b41b2450-1a55-4274-9884-f337e4a86832 does not exist. Creating ...
2019-09-26 19:35:56,603 [pool-261-thread-1] INFO  storage.RaftStorageDirectory (RaftStorageDirectory.java:tryLock(328)) - Lock on /workdir/hadoop-ozone/integration-test/target/test-dir/MiniOzoneClusterImpl-2f79a7d3-d7ae-4963-8370-12bb1e2132d7/datanode-0/data/ratis/b41b2450-1a55-4274-9884-f337e4a86832/in_use.lock acquired by nodename 17888@pr-hdds-1569-g6sp5-2013761785
2019-09-26 19:35:56,607 [pool-261-thread-1] INFO  storage.RaftStorage (RaftStorage.java:format(72)) - Storage directory /workdir/hadoop-ozone/integration-test/target/test-dir/MiniOzoneClusterImpl-2f79a7d3-d7ae-4963-8370-12bb1e2132d7/datanode-0/data/ratis/b41b2450-1a55-4274-9884-f337e4a86832 has been successfully formatted.
2019-09-26 19:35:56,607 [pool-261-thread-1] INFO  ratis.ContainerStateMachine (ContainerStateMachine.java:loadSnapshot(230)) - group-F337E4A86832: The snapshot info is null. Setting the last applied indexto:(t:0, i:~)
2019-09-26 19:35:56,607 [pool-261-thread-1] INFO  server.RaftServerConfigKeys (ConfUtils.java:logGet(43)) - raft.server.notification.no-leader.timeout = 120s (custom)
2019-09-26 19:35:56,607 [pool-261-thread-1] INFO  server.RaftServerConfigKeys (ConfUtils.java:logGet(43)) - raft.server.log.use.memory = false (default)
2019-09-26 19:35:56,607 [pool-261-thread-1] INFO  server.RaftServerConfigKeys (ConfUtils.java:logGet(43)) - raft.server.log.purge.gap = 1000000 (custom)
2019-09-26 19:35:56,608 [pool-261-thread-1] INFO  server.RaftServerConfigKeys (ConfUtils.java:logGet(43)) - raft.server.log.appender.buffer.byte-limit = 33554432 (custom)
2019-09-26 19:35:56,608 [pool-261-thread-1] INFO  server.RaftServerConfigKeys (ConfUtils.java:logGet(43)) - raft.server.log.segment.size.max = 1048576 (custom)
2019-09-26 19:35:56,608 [pool-261-thread-1] INFO  server.RaftServerConfigKeys (ConfUtils.java:logGet(43)) - raft.server.log.segment.cache.num.max = 2 (custom)
2019-09-26 19:35:56,608 [pool-261-thread-1] INFO  segmented.SegmentedRaftLogWorker (SegmentedRaftLogWorker.java:<init>(172)) - new 27cb48db-4b88-4c0c-b213-19f9b2fffaff@group-F337E4A86832-SegmentedRaftLogWorker for RaftStorage:Storage Directory /workdir/hadoop-ozone/integration-test/target/test-dir/MiniOzoneClusterImpl-2f79a7d3-d7ae-4963-8370-12bb1e2132d7/datanode-0/data/ratis/b41b2450-1a55-4274-9884-f337e4a86832
2019-09-26 19:35:56,608 [pool-261-thread-1] INFO  server.RaftServerConfigKeys (ConfUtils.java:logGet(43)) - raft.server.log.queue.byte-limit = 2147483647 (custom)
2019-09-26 19:35:56,608 [pool-261-thread-1] INFO  server.RaftServerConfigKeys (ConfUtils.java:logGet(43)) - raft.server.log.queue.element-limit = 1024 (custom)
2019-09-26 19:35:56,608 [pool-261-thread-1] INFO  server.RaftServerConfigKeys (ConfUtils.java:logGet(43)) - raft.server.log.segment.size.max = 1048576 (custom)
2019-09-26 19:35:56,608 [pool-261-thread-1] INFO  server.RaftServerConfigKeys (ConfUtils.java:logGet(43)) - raft.server.log.preallocated.size = 16384 (custom)
2019-09-26 19:35:56,609 [pool-261-thread-1] INFO  server.RaftServerConfigKeys (ConfUtils.java:logGet(43)) - raft.server.log.write.buffer.size = 33554432 (custom)
2019-09-26 19:35:56,609 [pool-261-thread-1] INFO  server.RaftServerConfigKeys (ConfUtils.java:logGet(43)) - raft.server.log.force.sync.num = 128 (default)
2019-09-26 19:35:56,609 [pool-261-thread-1] INFO  server.RaftServerConfigKeys (ConfUtils.java:logGet(43)) - raft.server.log.statemachine.data.sync = true (default)
2019-09-26 19:35:56,609 [pool-261-thread-1] INFO  server.RaftServerConfigKeys (ConfUtils.java:logGet(43)) - raft.server.log.statemachine.data.sync.timeout = 10s (default)
2019-09-26 19:35:56,609 [pool-261-thread-1] INFO  server.RaftServerConfigKeys (ConfUtils.java:logGet(43)) - raft.server.log.statemachine.data.sync.timeout.retry = -1 (default)
2019-09-26 19:35:56,609 [pool-261-thread-1] INFO  server.RaftServerConfigKeys (ConfUtils.java:logGet(43)) - raft.server.log.statemachine.data.caching.enabled = true (custom)
2019-09-26 19:35:56,609 [pool-261-thread-1] INFO  segmented.SegmentedRaftLogWorker (SegmentedRaftLogWorker.java:lambda$new$0(132)) - 27cb48db-4b88-4c0c-b213-19f9b2fffaff@group-F337E4A86832-SegmentedRaftLogWorker: flushIndex: setUnconditionally 0 -> -1
2019-09-26 19:35:56,610 [pool-261-thread-1] INFO  server.RaftServerConfigKeys (ConfUtils.java:logGet(43)) - raft.server.snapshot.auto.trigger.enabled = true (custom)
2019-09-26 19:35:56,610 [pool-261-thread-1] INFO  server.RaftServerConfigKeys (ConfUtils.java:logGet(43)) - raft.server.snapshot.auto.trigger.threshold = 10000 (custom)
2019-09-26 19:35:56,610 [pool-261-thread-1] INFO  server.RaftServerConfigKeys (ConfUtils.java:logGet(43)) - raft.server.snapshot.retention.num.files = 5 (custom)
2019-09-26 19:35:56,610 [pool-261-thread-1] INFO  server.RaftServerConfigKeys (ConfUtils.java:logGet(43)) - raft.server.retrycache.expirytime = 600000ms (custom)
2019-09-26 19:35:56,612 [pool-261-thread-1] INFO  impl.RaftServerImpl (RaftServerImpl.java:start(185)) - 27cb48db-4b88-4c0c-b213-19f9b2fffaff@group-F337E4A86832: start as a follower, conf=-1: [27cb48db-4b88-4c0c-b213-19f9b2fffaff:192.168.151.99:37457], old=null
2019-09-26 19:35:56,612 [pool-261-thread-1] INFO  impl.RaftServerImpl (RaftServerImpl.java:setRole(174)) - 27cb48db-4b88-4c0c-b213-19f9b2fffaff@group-F337E4A86832: changes role from      null to FOLLOWER at term 0 for startAsFollower
2019-09-26 19:35:56,612 [pool-261-thread-1] INFO  impl.RoleInfo (RoleInfo.java:updateAndGet(143)) - 27cb48db-4b88-4c0c-b213-19f9b2fffaff: start FollowerState
2019-09-26 19:35:56,612 [pool-261-thread-1] INFO  util.JmxRegister (JmxRegister.java:tryRegister(44)) - Successfully registered JMX Bean with object name Ratis:service=RaftServer,group=group-F337E4A86832,id=27cb48db-4b88-4c0c-b213-19f9b2fffaff
2019-09-26 19:35:56,613 [RatisPipelineUtilsThread] INFO  pipeline.PipelineStateManager (PipelineStateManager.java:addPipeline(56)) - Created pipeline Pipeline[ Id: b41b2450-1a55-4274-9884-f337e4a86832, Nodes: 27cb48db-4b88-4c0c-b213-19f9b2fffaff{ip: 192.168.151.99, host: pr-hdds-1569-g6sp5-2013761785, networkLocation: /rack1, certSerialId: null}, Type:RATIS, Factor:ONE, State:OPEN]
2019-09-26 19:35:56,615 [grpc-default-executor-2] INFO  impl.RaftServerProxy (RaftServerProxy.java:addNew(89)) - 27cb48db-4b88-4c0c-b213-19f9b2fffaff: addNew group-FEE7AAE57329:[27cb48db-4b88-4c0c-b213-19f9b2fffaff:192.168.151.99:37457] returns group-FEE7AAE57329:java.util.concurrent.CompletableFuture@588d7f4f[Not completed]
2019-09-26 19:35:56,615 [pool-261-thread-1] INFO  impl.RaftServerImpl (RaftServerImpl.java:<init>(95)) - 27cb48db-4b88-4c0c-b213-19f9b2fffaff: new RaftServerImpl for group-FEE7AAE57329:[27cb48db-4b88-4c0c-b213-19f9b2fffaff:192.168.151.99:37457] with ContainerStateMachine:uninitialized
2019-09-26 19:35:56,616 [pool-261-thread-1] INFO  server.RaftServerConfigKeys (ConfUtils.java:logGet(43)) - raft.server.rpc.timeout.min = 5s (custom)
2019-09-26 19:35:56,616 [pool-261-thread-1] INFO  server.RaftServerConfigKeys (ConfUtils.java:logGet(43)) - raft.server.rpc.timeout.max = 5200ms (custom)
2019-09-26 19:35:56,616 [pool-261-thread-1] INFO  server.RaftServerConfigKeys (ConfUtils.java:logGet(43)) - raft.server.rpcslowness.timeout = 120s (custom)
2019-09-26 19:35:56,616 [pool-261-thread-1] INFO  server.RaftServerConfigKeys (ConfUtils.java:logGet(43)) - raft.server.sleep.deviation.threshold = 300 (default)
2019-09-26 19:35:56,616 [pool-261-thread-1] INFO  server.RaftServerConfigKeys (ConfUtils.java:logGet(43)) - raft.server.log.appender.install.snapshot.enabled = false (custom)
2019-09-26 19:35:56,616 [pool-261-thread-1] INFO  impl.RaftServerImpl (ServerState.java:<init>(103)) - 27cb48db-4b88-4c0c-b213-19f9b2fffaff@group-FEE7AAE57329: ConfigurationManager, init=-1: [27cb48db-4b88-4c0c-b213-19f9b2fffaff:192.168.151.99:37457], old=null, confs=<EMPTY_MAP>
2019-09-26 19:35:56,616 [pool-261-thread-1] INFO  server.RaftServerConfigKeys (ConfUtils.java:logGet(43)) - raft.server.storage.dir = [/workdir/hadoop-ozone/integration-test/target/test-dir/MiniOzoneClusterImpl-2f79a7d3-d7ae-4963-8370-12bb1e2132d7/datanode-0/data/ratis] (custom)
2019-09-26 19:35:56,617 [pool-261-thread-1] INFO  storage.RaftStorageDirectory (RaftStorageDirectory.java:analyzeStorage(246)) - The storage directory /workdir/hadoop-ozone/integration-test/target/test-dir/MiniOzoneClusterImpl-2f79a7d3-d7ae-4963-8370-12bb1e2132d7/datanode-0/data/ratis/a8cec15d-c454-400d-a572-fee7aae57329 does not exist. Creating ...
2019-09-26 19:35:56,620 [pool-261-thread-1] INFO  storage.RaftStorageDirectory (RaftStorageDirectory.java:tryLock(328)) - Lock on /workdir/hadoop-ozone/integration-test/target/test-dir/MiniOzoneClusterImpl-2f79a7d3-d7ae-4963-8370-12bb1e2132d7/datanode-0/data/ratis/a8cec15d-c454-400d-a572-fee7aae57329/in_use.lock acquired by nodename 17888@pr-hdds-1569-g6sp5-2013761785
2019-09-26 19:35:56,624 [pool-261-thread-1] INFO  storage.RaftStorage (RaftStorage.java:format(72)) - Storage directory /workdir/hadoop-ozone/integration-test/target/test-dir/MiniOzoneClusterImpl-2f79a7d3-d7ae-4963-8370-12bb1e2132d7/datanode-0/data/ratis/a8cec15d-c454-400d-a572-fee7aae57329 has been successfully formatted.
2019-09-26 19:35:56,624 [pool-261-thread-1] INFO  ratis.ContainerStateMachine (ContainerStateMachine.java:loadSnapshot(230)) - group-FEE7AAE57329: The snapshot info is null. Setting the last applied indexto:(t:0, i:~)
2019-09-26 19:35:56,624 [pool-261-thread-1] INFO  server.RaftServerConfigKeys (ConfUtils.java:logGet(43)) - raft.server.notification.no-leader.timeout = 120s (custom)
2019-09-26 19:35:56,624 [pool-261-thread-1] INFO  server.RaftServerConfigKeys (ConfUtils.java:logGet(43)) - raft.server.log.use.memory = false (default)
2019-09-26 19:35:56,624 [pool-261-thread-1] INFO  server.RaftServerConfigKeys (ConfUtils.java:logGet(43)) - raft.server.log.purge.gap = 1000000 (custom)
2019-09-26 19:35:56,624 [pool-261-thread-1] INFO  server.RaftServerConfigKeys (ConfUtils.java:logGet(43)) - raft.server.log.appender.buffer.byte-limit = 33554432 (custom)
2019-09-26 19:35:56,625 [pool-261-thread-1] INFO  server.RaftServerConfigKeys (ConfUtils.java:logGet(43)) - raft.server.log.segment.size.max = 1048576 (custom)
2019-09-26 19:35:56,625 [pool-261-thread-1] INFO  server.RaftServerConfigKeys (ConfUtils.java:logGet(43)) - raft.server.log.segment.cache.num.max = 2 (custom)
2019-09-26 19:35:56,625 [pool-261-thread-1] INFO  segmented.SegmentedRaftLogWorker (SegmentedRaftLogWorker.java:<init>(172)) - new 27cb48db-4b88-4c0c-b213-19f9b2fffaff@group-FEE7AAE57329-SegmentedRaftLogWorker for RaftStorage:Storage Directory /workdir/hadoop-ozone/integration-test/target/test-dir/MiniOzoneClusterImpl-2f79a7d3-d7ae-4963-8370-12bb1e2132d7/datanode-0/data/ratis/a8cec15d-c454-400d-a572-fee7aae57329
2019-09-26 19:35:56,625 [pool-261-thread-1] INFO  server.RaftServerConfigKeys (ConfUtils.java:logGet(43)) - raft.server.log.queue.byte-limit = 2147483647 (custom)
2019-09-26 19:35:56,625 [pool-261-thread-1] INFO  server.RaftServerConfigKeys (ConfUtils.java:logGet(43)) - raft.server.log.queue.element-limit = 1024 (custom)
2019-09-26 19:35:56,625 [pool-261-thread-1] INFO  server.RaftServerConfigKeys (ConfUtils.java:logGet(43)) - raft.server.log.segment.size.max = 1048576 (custom)
2019-09-26 19:35:56,625 [pool-261-thread-1] INFO  server.RaftServerConfigKeys (ConfUtils.java:logGet(43)) - raft.server.log.preallocated.size = 16384 (custom)
2019-09-26 19:35:56,625 [pool-261-thread-1] INFO  server.RaftServerConfigKeys (ConfUtils.java:logGet(43)) - raft.server.log.write.buffer.size = 33554432 (custom)
2019-09-26 19:35:56,625 [pool-261-thread-1] INFO  server.RaftServerConfigKeys (ConfUtils.java:logGet(43)) - raft.server.log.force.sync.num = 128 (default)
2019-09-26 19:35:56,626 [pool-261-thread-1] INFO  server.RaftServerConfigKeys (ConfUtils.java:logGet(43)) - raft.server.log.statemachine.data.sync = true (default)
2019-09-26 19:35:56,626 [pool-261-thread-1] INFO  server.RaftServerConfigKeys (ConfUtils.java:logGet(43)) - raft.server.log.statemachine.data.sync.timeout = 10s (default)
2019-09-26 19:35:56,626 [pool-261-thread-1] INFO  server.RaftServerConfigKeys (ConfUtils.java:logGet(43)) - raft.server.log.statemachine.data.sync.timeout.retry = -1 (default)
2019-09-26 19:35:56,626 [pool-261-thread-1] INFO  server.RaftServerConfigKeys (ConfUtils.java:logGet(43)) - raft.server.log.statemachine.data.caching.enabled = true (custom)
2019-09-26 19:35:56,626 [pool-261-thread-1] INFO  segmented.SegmentedRaftLogWorker (SegmentedRaftLogWorker.java:lambda$new$0(132)) - 27cb48db-4b88-4c0c-b213-19f9b2fffaff@group-FEE7AAE57329-SegmentedRaftLogWorker: flushIndex: setUnconditionally 0 -> -1
2019-09-26 19:35:56,626 [pool-261-thread-1] INFO  server.RaftServerConfigKeys (ConfUtils.java:logGet(43)) - raft.server.snapshot.auto.trigger.enabled = true (custom)
2019-09-26 19:35:56,627 [pool-261-thread-1] INFO  server.RaftServerConfigKeys (ConfUtils.java:logGet(43)) - raft.server.snapshot.auto.trigger.threshold = 10000 (custom)
2019-09-26 19:35:56,627 [pool-261-thread-1] INFO  server.RaftServerConfigKeys (ConfUtils.java:logGet(43)) - raft.server.snapshot.retention.num.files = 5 (custom)
2019-09-26 19:35:56,627 [pool-261-thread-1] INFO  server.RaftServerConfigKeys (ConfUtils.java:logGet(43)) - raft.server.retrycache.expirytime = 600000ms (custom)
2019-09-26 19:35:56,628 [pool-261-thread-1] INFO  impl.RaftServerImpl (RaftServerImpl.java:start(185)) - 27cb48db-4b88-4c0c-b213-19f9b2fffaff@group-FEE7AAE57329: start as a follower, conf=-1: [27cb48db-4b88-4c0c-b213-19f9b2fffaff:192.168.151.99:37457], old=null
2019-09-26 19:35:56,628 [pool-261-thread-1] INFO  impl.RaftServerImpl (RaftServerImpl.java:setRole(174)) - 27cb48db-4b88-4c0c-b213-19f9b2fffaff@group-FEE7AAE57329: changes role from      null to FOLLOWER at term 0 for startAsFollower
2019-09-26 19:35:56,628 [pool-261-thread-1] INFO  impl.RoleInfo (RoleInfo.java:updateAndGet(143)) - 27cb48db-4b88-4c0c-b213-19f9b2fffaff: start FollowerState
2019-09-26 19:35:56,629 [pool-261-thread-1] INFO  util.JmxRegister (JmxRegister.java:tryRegister(44)) - Successfully registered JMX Bean with object name Ratis:service=RaftServer,group=group-FEE7AAE57329,id=27cb48db-4b88-4c0c-b213-19f9b2fffaff
2019-09-26 19:35:56,630 [RatisPipelineUtilsThread] INFO  pipeline.PipelineStateManager (PipelineStateManager.java:addPipeline(56)) - Created pipeline Pipeline[ Id: a8cec15d-c454-400d-a572-fee7aae57329, Nodes: 27cb48db-4b88-4c0c-b213-19f9b2fffaff{ip: 192.168.151.99, host: pr-hdds-1569-g6sp5-2013761785, networkLocation: /rack1, certSerialId: null}, Type:RATIS, Factor:ONE, State:OPEN]
2019-09-26 19:35:56,631 [grpc-default-executor-2] INFO  impl.RaftServerProxy (RaftServerProxy.java:addNew(89)) - 728ea44c-f097-440a-a87e-c27a68d48f14: addNew group-CD95CCA6E5DE:[728ea44c-f097-440a-a87e-c27a68d48f14:192.168.151.99:38783] returns group-CD95CCA6E5DE:java.util.concurrent.CompletableFuture@14fe2fa6[Not completed]
2019-09-26 19:35:56,632 [pool-271-thread-1] INFO  impl.RaftServerImpl (RaftServerImpl.java:<init>(95)) - 728ea44c-f097-440a-a87e-c27a68d48f14: new RaftServerImpl for group-CD95CCA6E5DE:[728ea44c-f097-440a-a87e-c27a68d48f14:192.168.151.99:38783] with ContainerStateMachine:uninitialized
2019-09-26 19:35:56,632 [pool-271-thread-1] INFO  server.RaftServerConfigKeys (ConfUtils.java:logGet(43)) - raft.server.rpc.timeout.min = 5s (custom)
2019-09-26 19:35:56,632 [pool-271-thread-1] INFO  server.RaftServerConfigKeys (ConfUtils.java:logGet(43)) - raft.server.rpc.timeout.max = 5200ms (custom)
2019-09-26 19:35:56,632 [pool-271-thread-1] INFO  server.RaftServerConfigKeys (ConfUtils.java:logGet(43)) - raft.server.rpcslowness.timeout = 120s (custom)
2019-09-26 19:35:56,632 [pool-271-thread-1] INFO  server.RaftServerConfigKeys (ConfUtils.java:logGet(43)) - raft.server.sleep.deviation.threshold = 300 (default)
2019-09-26 19:35:56,632 [pool-271-thread-1] INFO  server.RaftServerConfigKeys (ConfUtils.java:logGet(43)) - raft.server.log.appender.install.snapshot.enabled = false (custom)
2019-09-26 19:35:56,633 [pool-271-thread-1] INFO  impl.RaftServerImpl (ServerState.java:<init>(103)) - 728ea44c-f097-440a-a87e-c27a68d48f14@group-CD95CCA6E5DE: ConfigurationManager, init=-1: [728ea44c-f097-440a-a87e-c27a68d48f14:192.168.151.99:38783], old=null, confs=<EMPTY_MAP>
2019-09-26 19:35:56,633 [pool-271-thread-1] INFO  server.RaftServerConfigKeys (ConfUtils.java:logGet(43)) - raft.server.storage.dir = [/workdir/hadoop-ozone/integration-test/target/test-dir/MiniOzoneClusterImpl-2f79a7d3-d7ae-4963-8370-12bb1e2132d7/datanode-1/data/ratis] (custom)
2019-09-26 19:35:56,633 [pool-271-thread-1] INFO  storage.RaftStorageDirectory (RaftStorageDirectory.java:analyzeStorage(246)) - The storage directory /workdir/hadoop-ozone/integration-test/target/test-dir/MiniOzoneClusterImpl-2f79a7d3-d7ae-4963-8370-12bb1e2132d7/datanode-1/data/ratis/623957d3-3d0a-4fc8-b733-cd95cca6e5de does not exist. Creating ...
2019-09-26 19:35:56,637 [pool-271-thread-1] INFO  storage.RaftStorageDirectory (RaftStorageDirectory.java:tryLock(328)) - Lock on /workdir/hadoop-ozone/integration-test/target/test-dir/MiniOzoneClusterImpl-2f79a7d3-d7ae-4963-8370-12bb1e2132d7/datanode-1/data/ratis/623957d3-3d0a-4fc8-b733-cd95cca6e5de/in_use.lock acquired by nodename 17888@pr-hdds-1569-g6sp5-2013761785
2019-09-26 19:35:56,641 [pool-271-thread-1] INFO  storage.RaftStorage (RaftStorage.java:format(72)) - Storage directory /workdir/hadoop-ozone/integration-test/target/test-dir/MiniOzoneClusterImpl-2f79a7d3-d7ae-4963-8370-12bb1e2132d7/datanode-1/data/ratis/623957d3-3d0a-4fc8-b733-cd95cca6e5de has been successfully formatted.
2019-09-26 19:35:56,641 [pool-271-thread-1] INFO  ratis.ContainerStateMachine (ContainerStateMachine.java:loadSnapshot(230)) - group-CD95CCA6E5DE: The snapshot info is null. Setting the last applied indexto:(t:0, i:~)
2019-09-26 19:35:56,641 [pool-271-thread-1] INFO  server.RaftServerConfigKeys (ConfUtils.java:logGet(43)) - raft.server.notification.no-leader.timeout = 120s (custom)
2019-09-26 19:35:56,642 [pool-271-thread-1] INFO  server.RaftServerConfigKeys (ConfUtils.java:logGet(43)) - raft.server.log.use.memory = false (default)
2019-09-26 19:35:56,642 [pool-271-thread-1] INFO  server.RaftServerConfigKeys (ConfUtils.java:logGet(43)) - raft.server.log.purge.gap = 1000000 (custom)
2019-09-26 19:35:56,642 [pool-271-thread-1] INFO  server.RaftServerConfigKeys (ConfUtils.java:logGet(43)) - raft.server.log.appender.buffer.byte-limit = 33554432 (custom)
2019-09-26 19:35:56,642 [pool-271-thread-1] INFO  server.RaftServerConfigKeys (ConfUtils.java:logGet(43)) - raft.server.log.segment.size.max = 1048576 (custom)
2019-09-26 19:35:56,642 [pool-271-thread-1] INFO  server.RaftServerConfigKeys (ConfUtils.java:logGet(43)) - raft.server.log.segment.cache.num.max = 2 (custom)
2019-09-26 19:35:56,642 [pool-271-thread-1] INFO  segmented.SegmentedRaftLogWorker (SegmentedRaftLogWorker.java:<init>(172)) - new 728ea44c-f097-440a-a87e-c27a68d48f14@group-CD95CCA6E5DE-SegmentedRaftLogWorker for RaftStorage:Storage Directory /workdir/hadoop-ozone/integration-test/target/test-dir/MiniOzoneClusterImpl-2f79a7d3-d7ae-4963-8370-12bb1e2132d7/datanode-1/data/ratis/623957d3-3d0a-4fc8-b733-cd95cca6e5de
2019-09-26 19:35:56,642 [pool-271-thread-1] INFO  server.RaftServerConfigKeys (ConfUtils.java:logGet(43)) - raft.server.log.queue.byte-limit = 2147483647 (custom)
2019-09-26 19:35:56,642 [pool-271-thread-1] INFO  server.RaftServerConfigKeys (ConfUtils.java:logGet(43)) - raft.server.log.queue.element-limit = 1024 (custom)
2019-09-26 19:35:56,642 [pool-271-thread-1] INFO  server.RaftServerConfigKeys (ConfUtils.java:logGet(43)) - raft.server.log.segment.size.max = 1048576 (custom)
2019-09-26 19:35:56,643 [pool-271-thread-1] INFO  server.RaftServerConfigKeys (ConfUtils.java:logGet(43)) - raft.server.log.preallocated.size = 16384 (custom)
2019-09-26 19:35:56,643 [pool-271-thread-1] INFO  server.RaftServerConfigKeys (ConfUtils.java:logGet(43)) - raft.server.log.write.buffer.size = 33554432 (custom)
2019-09-26 19:35:56,643 [pool-271-thread-1] INFO  server.RaftServerConfigKeys (ConfUtils.java:logGet(43)) - raft.server.log.force.sync.num = 128 (default)
2019-09-26 19:35:56,643 [pool-271-thread-1] INFO  server.RaftServerConfigKeys (ConfUtils.java:logGet(43)) - raft.server.log.statemachine.data.sync = true (default)
2019-09-26 19:35:56,643 [pool-271-thread-1] INFO  server.RaftServerConfigKeys (ConfUtils.java:logGet(43)) - raft.server.log.statemachine.data.sync.timeout = 10s (default)
2019-09-26 19:35:56,643 [pool-271-thread-1] INFO  server.RaftServerConfigKeys (ConfUtils.java:logGet(43)) - raft.server.log.statemachine.data.sync.timeout.retry = -1 (default)
2019-09-26 19:35:56,643 [pool-271-thread-1] INFO  server.RaftServerConfigKeys (ConfUtils.java:logGet(43)) - raft.server.log.statemachine.data.caching.enabled = true (custom)
2019-09-26 19:35:56,643 [pool-271-thread-1] INFO  segmented.SegmentedRaftLogWorker (SegmentedRaftLogWorker.java:lambda$new$0(132)) - 728ea44c-f097-440a-a87e-c27a68d48f14@group-CD95CCA6E5DE-SegmentedRaftLogWorker: flushIndex: setUnconditionally 0 -> -1
2019-09-26 19:35:56,644 [pool-271-thread-1] INFO  server.RaftServerConfigKeys (ConfUtils.java:logGet(43)) - raft.server.snapshot.auto.trigger.enabled = true (custom)
2019-09-26 19:35:56,644 [pool-271-thread-1] INFO  server.RaftServerConfigKeys (ConfUtils.java:logGet(43)) - raft.server.snapshot.auto.trigger.threshold = 10000 (custom)
2019-09-26 19:35:56,644 [pool-271-thread-1] INFO  server.RaftServerConfigKeys (ConfUtils.java:logGet(43)) - raft.server.snapshot.retention.num.files = 5 (custom)
2019-09-26 19:35:56,644 [pool-271-thread-1] INFO  server.RaftServerConfigKeys (ConfUtils.java:logGet(43)) - raft.server.retrycache.expirytime = 600000ms (custom)
2019-09-26 19:35:56,645 [pool-271-thread-1] INFO  impl.RaftServerImpl (RaftServerImpl.java:start(185)) - 728ea44c-f097-440a-a87e-c27a68d48f14@group-CD95CCA6E5DE: start as a follower, conf=-1: [728ea44c-f097-440a-a87e-c27a68d48f14:192.168.151.99:38783], old=null
2019-09-26 19:35:56,645 [pool-271-thread-1] INFO  impl.RaftServerImpl (RaftServerImpl.java:setRole(174)) - 728ea44c-f097-440a-a87e-c27a68d48f14@group-CD95CCA6E5DE: changes role from      null to FOLLOWER at term 0 for startAsFollower
2019-09-26 19:35:56,645 [pool-271-thread-1] INFO  impl.RoleInfo (RoleInfo.java:updateAndGet(143)) - 728ea44c-f097-440a-a87e-c27a68d48f14: start FollowerState
2019-09-26 19:35:56,646 [pool-271-thread-1] INFO  util.JmxRegister (JmxRegister.java:tryRegister(44)) - Successfully registered JMX Bean with object name Ratis:service=RaftServer,group=group-CD95CCA6E5DE,id=728ea44c-f097-440a-a87e-c27a68d48f14
2019-09-26 19:35:56,647 [RatisPipelineUtilsThread] INFO  pipeline.PipelineStateManager (PipelineStateManager.java:addPipeline(56)) - Created pipeline Pipeline[ Id: 623957d3-3d0a-4fc8-b733-cd95cca6e5de, Nodes: 728ea44c-f097-440a-a87e-c27a68d48f14{ip: 192.168.151.99, host: pr-hdds-1569-g6sp5-2013761785, networkLocation: /rack1, certSerialId: null}, Type:RATIS, Factor:ONE, State:OPEN]
2019-09-26 19:35:56,648 [grpc-default-executor-2] INFO  impl.RaftServerProxy (RaftServerProxy.java:addNew(89)) - 728ea44c-f097-440a-a87e-c27a68d48f14: addNew group-8B20934A7F11:[728ea44c-f097-440a-a87e-c27a68d48f14:192.168.151.99:38783] returns group-8B20934A7F11:java.util.concurrent.CompletableFuture@736f1ff0[Not completed]
2019-09-26 19:35:56,649 [pool-271-thread-1] INFO  impl.RaftServerImpl (RaftServerImpl.java:<init>(95)) - 728ea44c-f097-440a-a87e-c27a68d48f14: new RaftServerImpl for group-8B20934A7F11:[728ea44c-f097-440a-a87e-c27a68d48f14:192.168.151.99:38783] with ContainerStateMachine:uninitialized
2019-09-26 19:35:56,649 [pool-271-thread-1] INFO  server.RaftServerConfigKeys (ConfUtils.java:logGet(43)) - raft.server.rpc.timeout.min = 5s (custom)
2019-09-26 19:35:56,649 [pool-271-thread-1] INFO  server.RaftServerConfigKeys (ConfUtils.java:logGet(43)) - raft.server.rpc.timeout.max = 5200ms (custom)
2019-09-26 19:35:56,649 [pool-271-thread-1] INFO  server.RaftServerConfigKeys (ConfUtils.java:logGet(43)) - raft.server.rpcslowness.timeout = 120s (custom)
2019-09-26 19:35:56,649 [pool-271-thread-1] INFO  server.RaftServerConfigKeys (ConfUtils.java:logGet(43)) - raft.server.sleep.deviation.threshold = 300 (default)
2019-09-26 19:35:56,649 [pool-271-thread-1] INFO  server.RaftServerConfigKeys (ConfUtils.java:logGet(43)) - raft.server.log.appender.install.snapshot.enabled = false (custom)
2019-09-26 19:35:56,649 [pool-271-thread-1] INFO  impl.RaftServerImpl (ServerState.java:<init>(103)) - 728ea44c-f097-440a-a87e-c27a68d48f14@group-8B20934A7F11: ConfigurationManager, init=-1: [728ea44c-f097-440a-a87e-c27a68d48f14:192.168.151.99:38783], old=null, confs=<EMPTY_MAP>
2019-09-26 19:35:56,649 [pool-271-thread-1] INFO  server.RaftServerConfigKeys (ConfUtils.java:logGet(43)) - raft.server.storage.dir = [/workdir/hadoop-ozone/integration-test/target/test-dir/MiniOzoneClusterImpl-2f79a7d3-d7ae-4963-8370-12bb1e2132d7/datanode-1/data/ratis] (custom)
2019-09-26 19:35:56,650 [pool-271-thread-1] INFO  storage.RaftStorageDirectory (RaftStorageDirectory.java:analyzeStorage(246)) - The storage directory /workdir/hadoop-ozone/integration-test/target/test-dir/MiniOzoneClusterImpl-2f79a7d3-d7ae-4963-8370-12bb1e2132d7/datanode-1/data/ratis/e6e63ed1-80c0-4285-a920-8b20934a7f11 does not exist. Creating ...
2019-09-26 19:35:56,669 [pool-271-thread-1] INFO  storage.RaftStorageDirectory (RaftStorageDirectory.java:tryLock(328)) - Lock on /workdir/hadoop-ozone/integration-test/target/test-dir/MiniOzoneClusterImpl-2f79a7d3-d7ae-4963-8370-12bb1e2132d7/datanode-1/data/ratis/e6e63ed1-80c0-4285-a920-8b20934a7f11/in_use.lock acquired by nodename 17888@pr-hdds-1569-g6sp5-2013761785
2019-09-26 19:35:56,682 [pool-271-thread-1] INFO  storage.RaftStorage (RaftStorage.java:format(72)) - Storage directory /workdir/hadoop-ozone/integration-test/target/test-dir/MiniOzoneClusterImpl-2f79a7d3-d7ae-4963-8370-12bb1e2132d7/datanode-1/data/ratis/e6e63ed1-80c0-4285-a920-8b20934a7f11 has been successfully formatted.
2019-09-26 19:35:56,682 [pool-271-thread-1] INFO  ratis.ContainerStateMachine (ContainerStateMachine.java:loadSnapshot(230)) - group-8B20934A7F11: The snapshot info is null. Setting the last applied indexto:(t:0, i:~)
2019-09-26 19:35:56,682 [pool-271-thread-1] INFO  server.RaftServerConfigKeys (ConfUtils.java:logGet(43)) - raft.server.notification.no-leader.timeout = 120s (custom)
2019-09-26 19:35:56,683 [pool-271-thread-1] INFO  server.RaftServerConfigKeys (ConfUtils.java:logGet(43)) - raft.server.log.use.memory = false (default)
2019-09-26 19:35:56,683 [pool-271-thread-1] INFO  server.RaftServerConfigKeys (ConfUtils.java:logGet(43)) - raft.server.log.purge.gap = 1000000 (custom)
2019-09-26 19:35:56,683 [pool-271-thread-1] INFO  server.RaftServerConfigKeys (ConfUtils.java:logGet(43)) - raft.server.log.appender.buffer.byte-limit = 33554432 (custom)
2019-09-26 19:35:56,683 [pool-271-thread-1] INFO  server.RaftServerConfigKeys (ConfUtils.java:logGet(43)) - raft.server.log.segment.size.max = 1048576 (custom)
2019-09-26 19:35:56,683 [pool-271-thread-1] INFO  server.RaftServerConfigKeys (ConfUtils.java:logGet(43)) - raft.server.log.segment.cache.num.max = 2 (custom)
2019-09-26 19:35:56,683 [pool-271-thread-1] INFO  segmented.SegmentedRaftLogWorker (SegmentedRaftLogWorker.java:<init>(172)) - new 728ea44c-f097-440a-a87e-c27a68d48f14@group-8B20934A7F11-SegmentedRaftLogWorker for RaftStorage:Storage Directory /workdir/hadoop-ozone/integration-test/target/test-dir/MiniOzoneClusterImpl-2f79a7d3-d7ae-4963-8370-12bb1e2132d7/datanode-1/data/ratis/e6e63ed1-80c0-4285-a920-8b20934a7f11
2019-09-26 19:35:56,683 [pool-271-thread-1] INFO  server.RaftServerConfigKeys (ConfUtils.java:logGet(43)) - raft.server.log.queue.byte-limit = 2147483647 (custom)
2019-09-26 19:35:56,683 [pool-271-thread-1] INFO  server.RaftServerConfigKeys (ConfUtils.java:logGet(43)) - raft.server.log.queue.element-limit = 1024 (custom)
2019-09-26 19:35:56,683 [pool-271-thread-1] INFO  server.RaftServerConfigKeys (ConfUtils.java:logGet(43)) - raft.server.log.segment.size.max = 1048576 (custom)
2019-09-26 19:35:56,683 [pool-271-thread-1] INFO  server.RaftServerConfigKeys (ConfUtils.java:logGet(43)) - raft.server.log.preallocated.size = 16384 (custom)
2019-09-26 19:35:56,683 [pool-271-thread-1] INFO  server.RaftServerConfigKeys (ConfUtils.java:logGet(43)) - raft.server.log.write.buffer.size = 33554432 (custom)
2019-09-26 19:35:56,684 [pool-271-thread-1] INFO  server.RaftServerConfigKeys (ConfUtils.java:logGet(43)) - raft.server.log.force.sync.num = 128 (default)
2019-09-26 19:35:56,684 [pool-271-thread-1] INFO  server.RaftServerConfigKeys (ConfUtils.java:logGet(43)) - raft.server.log.statemachine.data.sync = true (default)
2019-09-26 19:35:56,684 [pool-271-thread-1] INFO  server.RaftServerConfigKeys (ConfUtils.java:logGet(43)) - raft.server.log.statemachine.data.sync.timeout = 10s (default)
2019-09-26 19:35:56,684 [pool-271-thread-1] INFO  server.RaftServerConfigKeys (ConfUtils.java:logGet(43)) - raft.server.log.statemachine.data.sync.timeout.retry = -1 (default)
2019-09-26 19:35:56,684 [pool-271-thread-1] INFO  server.RaftServerConfigKeys (ConfUtils.java:logGet(43)) - raft.server.log.statemachine.data.caching.enabled = true (custom)
2019-09-26 19:35:56,684 [pool-271-thread-1] INFO  segmented.SegmentedRaftLogWorker (SegmentedRaftLogWorker.java:lambda$new$0(132)) - 728ea44c-f097-440a-a87e-c27a68d48f14@group-8B20934A7F11-SegmentedRaftLogWorker: flushIndex: setUnconditionally 0 -> -1
2019-09-26 19:35:56,684 [pool-271-thread-1] INFO  server.RaftServerConfigKeys (ConfUtils.java:logGet(43)) - raft.server.snapshot.auto.trigger.enabled = true (custom)
2019-09-26 19:35:56,684 [pool-271-thread-1] INFO  server.RaftServerConfigKeys (ConfUtils.java:logGet(43)) - raft.server.snapshot.auto.trigger.threshold = 10000 (custom)
2019-09-26 19:35:56,685 [pool-271-thread-1] INFO  server.RaftServerConfigKeys (ConfUtils.java:logGet(43)) - raft.server.snapshot.retention.num.files = 5 (custom)
2019-09-26 19:35:56,685 [pool-271-thread-1] INFO  server.RaftServerConfigKeys (ConfUtils.java:logGet(43)) - raft.server.retrycache.expirytime = 600000ms (custom)
2019-09-26 19:35:56,686 [pool-271-thread-1] INFO  impl.RaftServerImpl (RaftServerImpl.java:start(185)) - 728ea44c-f097-440a-a87e-c27a68d48f14@group-8B20934A7F11: start as a follower, conf=-1: [728ea44c-f097-440a-a87e-c27a68d48f14:192.168.151.99:38783], old=null
2019-09-26 19:35:56,686 [pool-271-thread-1] INFO  impl.RaftServerImpl (RaftServerImpl.java:setRole(174)) - 728ea44c-f097-440a-a87e-c27a68d48f14@group-8B20934A7F11: changes role from      null to FOLLOWER at term 0 for startAsFollower
2019-09-26 19:35:56,686 [pool-271-thread-1] INFO  impl.RoleInfo (RoleInfo.java:updateAndGet(143)) - 728ea44c-f097-440a-a87e-c27a68d48f14: start FollowerState
2019-09-26 19:35:56,686 [pool-271-thread-1] INFO  util.JmxRegister (JmxRegister.java:tryRegister(44)) - Successfully registered JMX Bean with object name Ratis:service=RaftServer,group=group-8B20934A7F11,id=728ea44c-f097-440a-a87e-c27a68d48f14
2019-09-26 19:35:56,687 [RatisPipelineUtilsThread] INFO  pipeline.PipelineStateManager (PipelineStateManager.java:addPipeline(56)) - Created pipeline Pipeline[ Id: e6e63ed1-80c0-4285-a920-8b20934a7f11, Nodes: 728ea44c-f097-440a-a87e-c27a68d48f14{ip: 192.168.151.99, host: pr-hdds-1569-g6sp5-2013761785, networkLocation: /rack1, certSerialId: null}, Type:RATIS, Factor:ONE, State:OPEN]
2019-09-26 19:35:56,689 [grpc-default-executor-2] INFO  impl.RaftServerProxy (RaftServerProxy.java:addNew(89)) - 27cb48db-4b88-4c0c-b213-19f9b2fffaff: addNew group-96D25400B53D:[27cb48db-4b88-4c0c-b213-19f9b2fffaff:192.168.151.99:37457] returns group-96D25400B53D:java.util.concurrent.CompletableFuture@3ad70b4c[Not completed]
2019-09-26 19:35:56,690 [pool-261-thread-1] INFO  impl.RaftServerImpl (RaftServerImpl.java:<init>(95)) - 27cb48db-4b88-4c0c-b213-19f9b2fffaff: new RaftServerImpl for group-96D25400B53D:[27cb48db-4b88-4c0c-b213-19f9b2fffaff:192.168.151.99:37457] with ContainerStateMachine:uninitialized
2019-09-26 19:35:56,690 [pool-261-thread-1] INFO  server.RaftServerConfigKeys (ConfUtils.java:logGet(43)) - raft.server.rpc.timeout.min = 5s (custom)
2019-09-26 19:35:56,690 [pool-261-thread-1] INFO  server.RaftServerConfigKeys (ConfUtils.java:logGet(43)) - raft.server.rpc.timeout.max = 5200ms (custom)
2019-09-26 19:35:56,690 [pool-261-thread-1] INFO  server.RaftServerConfigKeys (ConfUtils.java:logGet(43)) - raft.server.rpcslowness.timeout = 120s (custom)
2019-09-26 19:35:56,690 [pool-261-thread-1] INFO  server.RaftServerConfigKeys (ConfUtils.java:logGet(43)) - raft.server.sleep.deviation.threshold = 300 (default)
2019-09-26 19:35:56,690 [pool-261-thread-1] INFO  server.RaftServerConfigKeys (ConfUtils.java:logGet(43)) - raft.server.log.appender.install.snapshot.enabled = false (custom)
2019-09-26 19:35:56,690 [pool-261-thread-1] INFO  impl.RaftServerImpl (ServerState.java:<init>(103)) - 27cb48db-4b88-4c0c-b213-19f9b2fffaff@group-96D25400B53D: ConfigurationManager, init=-1: [27cb48db-4b88-4c0c-b213-19f9b2fffaff:192.168.151.99:37457], old=null, confs=<EMPTY_MAP>
2019-09-26 19:35:56,690 [pool-261-thread-1] INFO  server.RaftServerConfigKeys (ConfUtils.java:logGet(43)) - raft.server.storage.dir = [/workdir/hadoop-ozone/integration-test/target/test-dir/MiniOzoneClusterImpl-2f79a7d3-d7ae-4963-8370-12bb1e2132d7/datanode-0/data/ratis] (custom)
2019-09-26 19:35:56,691 [pool-261-thread-1] INFO  storage.RaftStorageDirectory (RaftStorageDirectory.java:analyzeStorage(246)) - The storage directory /workdir/hadoop-ozone/integration-test/target/test-dir/MiniOzoneClusterImpl-2f79a7d3-d7ae-4963-8370-12bb1e2132d7/datanode-0/data/ratis/255063a2-1574-4151-bdd8-96d25400b53d does not exist. Creating ...
2019-09-26 19:35:56,711 [Thread-6399] INFO  impl.FollowerState (FollowerState.java:run(106)) - 27cb48db-4b88-4c0c-b213-19f9b2fffaff:group-BEF3B2A0D8BC changes to CANDIDATE, lastRpcTime:5050, electionTimeout:5050ms
2019-09-26 19:35:56,711 [Thread-6399] INFO  impl.RoleInfo (RoleInfo.java:shutdownFollowerState(121)) - 27cb48db-4b88-4c0c-b213-19f9b2fffaff: shutdown FollowerState
2019-09-26 19:35:56,711 [Thread-6399] INFO  impl.RaftServerImpl (RaftServerImpl.java:setRole(174)) - 27cb48db-4b88-4c0c-b213-19f9b2fffaff@group-BEF3B2A0D8BC: changes role from  FOLLOWER to CANDIDATE at term 0 for changeToCandidate
2019-09-26 19:35:56,711 [Thread-6399] INFO  impl.RoleInfo (RoleInfo.java:updateAndGet(143)) - 27cb48db-4b88-4c0c-b213-19f9b2fffaff: start LeaderElection
2019-09-26 19:35:56,725 [pool-261-thread-1] INFO  storage.RaftStorageDirectory (RaftStorageDirectory.java:tryLock(328)) - Lock on /workdir/hadoop-ozone/integration-test/target/test-dir/MiniOzoneClusterImpl-2f79a7d3-d7ae-4963-8370-12bb1e2132d7/datanode-0/data/ratis/255063a2-1574-4151-bdd8-96d25400b53d/in_use.lock acquired by nodename 17888@pr-hdds-1569-g6sp5-2013761785
2019-09-26 19:35:56,725 [27cb48db-4b88-4c0c-b213-19f9b2fffaff@group-BEF3B2A0D8BC:LeaderElection898] INFO  impl.LeaderElection (LeaderElection.java:askForVotes(182)) - 27cb48db-4b88-4c0c-b213-19f9b2fffaff@group-BEF3B2A0D8BC:LeaderElection898: begin an election at term 1 for -1: [27cb48db-4b88-4c0c-b213-19f9b2fffaff:192.168.151.99:37457], old=null
2019-09-26 19:35:56,725 [27cb48db-4b88-4c0c-b213-19f9b2fffaff@group-BEF3B2A0D8BC:LeaderElection898] INFO  impl.RoleInfo (RoleInfo.java:shutdownLeaderElection(134)) - 27cb48db-4b88-4c0c-b213-19f9b2fffaff: shutdown LeaderElection
2019-09-26 19:35:56,725 [27cb48db-4b88-4c0c-b213-19f9b2fffaff@group-BEF3B2A0D8BC:LeaderElection898] INFO  impl.RaftServerImpl (RaftServerImpl.java:setRole(174)) - 27cb48db-4b88-4c0c-b213-19f9b2fffaff@group-BEF3B2A0D8BC: changes role from CANDIDATE to LEADER at term 1 for changeToLeader
2019-09-26 19:35:56,726 [27cb48db-4b88-4c0c-b213-19f9b2fffaff@group-BEF3B2A0D8BC:LeaderElection898] INFO  impl.RaftServerImpl (ServerState.java:setLeader(253)) - 27cb48db-4b88-4c0c-b213-19f9b2fffaff@group-BEF3B2A0D8BC: change Leader from null to 27cb48db-4b88-4c0c-b213-19f9b2fffaff at term 1 for becomeLeader, leader elected after 5069ms
2019-09-26 19:35:56,726 [27cb48db-4b88-4c0c-b213-19f9b2fffaff@group-BEF3B2A0D8BC:LeaderElection898] INFO  server.RaftServerConfigKeys (ConfUtils.java:logGet(43)) - raft.server.staging.catchup.gap = 1000 (default)
2019-09-26 19:35:56,726 [27cb48db-4b88-4c0c-b213-19f9b2fffaff@group-BEF3B2A0D8BC:LeaderElection898] INFO  server.RaftServerConfigKeys (ConfUtils.java:logGet(43)) - raft.server.rpc.sleep.time = 25ms (default)
2019-09-26 19:35:56,726 [27cb48db-4b88-4c0c-b213-19f9b2fffaff@group-BEF3B2A0D8BC:LeaderElection898] INFO  server.RaftServerConfigKeys (ConfUtils.java:logGet(43)) - raft.server.write.element-limit = 4096 (default)
2019-09-26 19:35:56,726 [27cb48db-4b88-4c0c-b213-19f9b2fffaff@group-BEF3B2A0D8BC:LeaderElection898] INFO  server.RaftServerConfigKeys (ConfUtils.java:logGet(43)) - raft.server.watch.timeout = 10s (default)
2019-09-26 19:35:56,726 [27cb48db-4b88-4c0c-b213-19f9b2fffaff@group-BEF3B2A0D8BC:LeaderElection898] INFO  server.RaftServerConfigKeys (ConfUtils.java:logGet(43)) - raft.server.watch.timeout.denomination = 1s (default)
2019-09-26 19:35:56,726 [27cb48db-4b88-4c0c-b213-19f9b2fffaff@group-BEF3B2A0D8BC:LeaderElection898] INFO  server.RaftServerConfigKeys (ConfUtils.java:logGet(43)) - raft.server.watch.element-limit = 65536 (default)
2019-09-26 19:35:56,727 [27cb48db-4b88-4c0c-b213-19f9b2fffaff@group-BEF3B2A0D8BC:LeaderElection898] INFO  impl.RoleInfo (RoleInfo.java:updateAndGet(143)) - 27cb48db-4b88-4c0c-b213-19f9b2fffaff: start LeaderState
2019-09-26 19:35:56,727 [27cb48db-4b88-4c0c-b213-19f9b2fffaff@group-BEF3B2A0D8BC:LeaderElection898] INFO  segmented.SegmentedRaftLogWorker (SegmentedRaftLogWorker.java:startLogSegment(380)) - 27cb48db-4b88-4c0c-b213-19f9b2fffaff@group-BEF3B2A0D8BC-SegmentedRaftLogWorker: Starting segment from index:0
2019-09-26 19:35:56,728 [27cb48db-4b88-4c0c-b213-19f9b2fffaff@group-BEF3B2A0D8BC:LeaderElection898] INFO  impl.RaftServerImpl (ServerState.java:setRaftConf(354)) - 27cb48db-4b88-4c0c-b213-19f9b2fffaff@group-BEF3B2A0D8BC: set configuration 0: [27cb48db-4b88-4c0c-b213-19f9b2fffaff:192.168.151.99:37457], old=null at 0
2019-09-26 19:35:57,609 [Thread-6477] INFO  impl.FollowerState (FollowerState.java:run(106)) - 27cb48db-4b88-4c0c-b213-19f9b2fffaff:group-7609BE472F7F changes to CANDIDATE, lastRpcTime:5054, electionTimeout:5046ms
2019-09-26 19:35:57,621 [Thread-6468] INFO  impl.FollowerState (FollowerState.java:run(106)) - 728ea44c-f097-440a-a87e-c27a68d48f14:group-92D00FB65796 changes to CANDIDATE, lastRpcTime:5147, electionTimeout:5070ms
2019-09-26 19:35:57,627 [Thread-6432] WARN  util.JavaUtils (JavaUtils.java:sleep(250)) - Unexpected long sleep: sleep(5134ms) actually took 5583ms which is over the threshold 300ms
2019-09-26 19:35:57,622 [Thread-6459] INFO  impl.FollowerState (FollowerState.java:run(106)) - 27cb48db-4b88-4c0c-b213-19f9b2fffaff:group-B217E9D278B4 changes to CANDIDATE, lastRpcTime:5298, electionTimeout:5040ms
2019-09-26 19:35:57,634 [Thread-6447] WARN  util.JavaUtils (JavaUtils.java:sleep(250)) - Unexpected long sleep: sleep(5127ms) actually took 5440ms which is over the threshold 300ms
2019-09-26 19:35:57,621 [Thread-6453] INFO  impl.FollowerState (FollowerState.java:run(106)) - 728ea44c-f097-440a-a87e-c27a68d48f14:group-2CC0B6AE6D50 changes to CANDIDATE, lastRpcTime:5365, electionTimeout:5147ms
2019-09-26 19:35:57,621 [Thread-6465] INFO  impl.FollowerState (FollowerState.java:run(106)) - 27cb48db-4b88-4c0c-b213-19f9b2fffaff:group-C55E6199EF72 changes to CANDIDATE, lastRpcTime:5186, electionTimeout:5157ms
2019-09-26 19:35:57,621 [Thread-6450] INFO  impl.FollowerState (FollowerState.java:run(106)) - 728ea44c-f097-440a-a87e-c27a68d48f14:group-15CFB16C7267 changes to CANDIDATE, lastRpcTime:5402, electionTimeout:5151ms
2019-09-26 19:35:57,621 [Thread-6471] INFO  impl.FollowerState (FollowerState.java:run(106)) - 27cb48db-4b88-4c0c-b213-19f9b2fffaff:group-C5FEA7559FC2 changes to CANDIDATE, lastRpcTime:5110, electionTimeout:5069ms
2019-09-26 19:35:57,653 [Thread-6405] WARN  util.JavaUtils (JavaUtils.java:sleep(250)) - Unexpected long sleep: sleep(5070ms) actually took 5904ms which is over the threshold 300ms
2019-09-26 19:35:57,621 [Thread-6477] INFO  impl.RoleInfo (RoleInfo.java:shutdownFollowerState(121)) - 27cb48db-4b88-4c0c-b213-19f9b2fffaff: shutdown FollowerState
2019-09-26 19:35:57,621 [Thread-6462] INFO  impl.FollowerState (FollowerState.java:run(106)) - 99aa1396-69c4-4985-9b2a-20430cc4a0a7:group-0DB11BCE1CDB changes to CANDIDATE, lastRpcTime:5226, electionTimeout:5039ms
2019-09-26 19:35:57,621 [Thread-6474] INFO  impl.FollowerState (FollowerState.java:run(106)) - 27cb48db-4b88-4c0c-b213-19f9b2fffaff:group-B2A1FD65C529 changes to CANDIDATE, lastRpcTime:5073, electionTimeout:5011ms
2019-09-26 19:35:57,662 [Thread-6480] INFO  impl.FollowerState (FollowerState.java:run(106)) - 27cb48db-4b88-4c0c-b213-19f9b2fffaff:group-DC109FD9A8E9 changes to CANDIDATE, lastRpcTime:5086, electionTimeout:5086ms
2019-09-26 19:35:57,662 [Thread-6414] WARN  util.JavaUtils (JavaUtils.java:sleep(250)) - Unexpected long sleep: sleep(5037ms) actually took 5840ms which is over the threshold 300ms
2019-09-26 19:35:57,657 [Thread-6462] INFO  impl.RoleInfo (RoleInfo.java:shutdownFollowerState(121)) - 99aa1396-69c4-4985-9b2a-20430cc4a0a7: shutdown FollowerState
2019-09-26 19:35:57,653 [Thread-6477] INFO  impl.RaftServerImpl (RaftServerImpl.java:setRole(174)) - 27cb48db-4b88-4c0c-b213-19f9b2fffaff@group-7609BE472F7F: changes role from  FOLLOWER to CANDIDATE at term 0 for changeToCandidate
2019-09-26 19:35:57,653 [Thread-6471] INFO  impl.RoleInfo (RoleInfo.java:shutdownFollowerState(121)) - 27cb48db-4b88-4c0c-b213-19f9b2fffaff: shutdown FollowerState
2019-09-26 19:35:57,648 [Thread-6450] INFO  impl.RoleInfo (RoleInfo.java:shutdownFollowerState(121)) - 728ea44c-f097-440a-a87e-c27a68d48f14: shutdown FollowerState
2019-09-26 19:35:57,644 [Thread-6465] INFO  impl.RoleInfo (RoleInfo.java:shutdownFollowerState(121)) - 27cb48db-4b88-4c0c-b213-19f9b2fffaff: shutdown FollowerState
2019-09-26 19:35:57,668 [Thread-6465] INFO  impl.RaftServerImpl (RaftServerImpl.java:setRole(174)) - 27cb48db-4b88-4c0c-b213-19f9b2fffaff@group-C55E6199EF72: changes role from  FOLLOWER to CANDIDATE at term 0 for changeToCandidate
2019-09-26 19:35:57,644 [Thread-6411] WARN  util.JavaUtils (JavaUtils.java:sleep(250)) - Unexpected long sleep: sleep(5087ms) actually took 5858ms which is over the threshold 300ms
2019-09-26 19:35:57,644 [Thread-6417] WARN  util.JavaUtils (JavaUtils.java:sleep(250)) - Unexpected long sleep: sleep(5128ms) actually took 5797ms which is over the threshold 300ms
2019-09-26 19:35:57,644 [Thread-6426] WARN  util.JavaUtils (JavaUtils.java:sleep(250)) - Unexpected long sleep: sleep(5001ms) actually took 5675ms which is over the threshold 300ms
2019-09-26 19:35:57,644 [Thread-6423] WARN  util.JavaUtils (JavaUtils.java:sleep(250)) - Unexpected long sleep: sleep(5074ms) actually took 5708ms which is over the threshold 300ms
2019-09-26 19:35:57,638 [Thread-6453] INFO  impl.RoleInfo (RoleInfo.java:shutdownFollowerState(121)) - 728ea44c-f097-440a-a87e-c27a68d48f14: shutdown FollowerState
2019-09-26 19:35:57,669 [Thread-6453] INFO  impl.RaftServerImpl (RaftServerImpl.java:setRole(174)) - 728ea44c-f097-440a-a87e-c27a68d48f14@group-2CC0B6AE6D50: changes role from  FOLLOWER to CANDIDATE at term 0 for changeToCandidate
2019-09-26 19:35:57,634 [Thread-6459] INFO  impl.RoleInfo (RoleInfo.java:shutdownFollowerState(121)) - 27cb48db-4b88-4c0c-b213-19f9b2fffaff: shutdown FollowerState
2019-09-26 19:35:57,627 [Thread-6444] WARN  util.JavaUtils (JavaUtils.java:sleep(250)) - Unexpected long sleep: sleep(5107ms) actually took 5477ms which is over the threshold 300ms
2019-09-26 19:35:57,627 [Thread-6468] INFO  impl.RoleInfo (RoleInfo.java:shutdownFollowerState(121)) - 728ea44c-f097-440a-a87e-c27a68d48f14: shutdown FollowerState
2019-09-26 19:35:57,627 [Thread-6429] WARN  util.JavaUtils (JavaUtils.java:sleep(250)) - Unexpected long sleep: sleep(5112ms) actually took 5625ms which is over the threshold 300ms
2019-09-26 19:35:57,627 [Thread-6441] WARN  util.JavaUtils (JavaUtils.java:sleep(250)) - Unexpected long sleep: sleep(5160ms) actually took 5508ms which is over the threshold 300ms
2019-09-26 19:35:57,627 [Thread-6438] WARN  util.JavaUtils (JavaUtils.java:sleep(250)) - Unexpected long sleep: sleep(5024ms) actually took 5554ms which is over the threshold 300ms
2019-09-26 19:35:57,627 [Thread-6435] WARN  util.JavaUtils (JavaUtils.java:sleep(250)) - Unexpected long sleep: sleep(5050ms) actually took 5572ms which is over the threshold 300ms
2019-09-26 19:35:57,627 [Thread-6456] WARN  util.JavaUtils (JavaUtils.java:sleep(250)) - Unexpected long sleep: sleep(5012ms) actually took 5327ms which is over the threshold 300ms
2019-09-26 19:35:57,669 [Thread-6468] INFO  impl.RaftServerImpl (RaftServerImpl.java:setRole(174)) - 728ea44c-f097-440a-a87e-c27a68d48f14@group-92D00FB65796: changes role from  FOLLOWER to CANDIDATE at term 0 for changeToCandidate
2019-09-26 19:35:57,669 [Thread-6459] INFO  impl.RaftServerImpl (RaftServerImpl.java:setRole(174)) - 27cb48db-4b88-4c0c-b213-19f9b2fffaff@group-B217E9D278B4: changes role from  FOLLOWER to CANDIDATE at term 0 for changeToCandidate
2019-09-26 19:35:57,669 [Thread-6453] INFO  impl.RoleInfo (RoleInfo.java:updateAndGet(143)) - 728ea44c-f097-440a-a87e-c27a68d48f14: start LeaderElection
2019-09-26 19:35:57,668 [Thread-6465] INFO  impl.RoleInfo (RoleInfo.java:updateAndGet(143)) - 27cb48db-4b88-4c0c-b213-19f9b2fffaff: start LeaderElection
2019-09-26 19:35:57,668 [Thread-6450] INFO  impl.RaftServerImpl (RaftServerImpl.java:setRole(174)) - 728ea44c-f097-440a-a87e-c27a68d48f14@group-15CFB16C7267: changes role from  FOLLOWER to CANDIDATE at term 0 for changeToCandidate
2019-09-26 19:35:57,668 [Thread-6471] INFO  impl.RaftServerImpl (RaftServerImpl.java:setRole(174)) - 27cb48db-4b88-4c0c-b213-19f9b2fffaff@group-C5FEA7559FC2: changes role from  FOLLOWER to CANDIDATE at term 0 for changeToCandidate
2019-09-26 19:35:57,668 [Thread-6477] INFO  impl.RoleInfo (RoleInfo.java:updateAndGet(143)) - 27cb48db-4b88-4c0c-b213-19f9b2fffaff: start LeaderElection
2019-09-26 19:35:57,668 [Thread-6462] INFO  impl.RaftServerImpl (RaftServerImpl.java:setRole(174)) - 99aa1396-69c4-4985-9b2a-20430cc4a0a7@group-0DB11BCE1CDB: changes role from  FOLLOWER to CANDIDATE at term 0 for changeToCandidate
2019-09-26 19:35:57,667 [Thread-6480] INFO  impl.RoleInfo (RoleInfo.java:shutdownFollowerState(121)) - 27cb48db-4b88-4c0c-b213-19f9b2fffaff: shutdown FollowerState
2019-09-26 19:35:57,670 [Thread-6480] INFO  impl.RaftServerImpl (RaftServerImpl.java:setRole(174)) - 27cb48db-4b88-4c0c-b213-19f9b2fffaff@group-DC109FD9A8E9: changes role from  FOLLOWER to CANDIDATE at term 0 for changeToCandidate
2019-09-26 19:35:57,667 [Thread-6420] WARN  util.JavaUtils (JavaUtils.java:sleep(250)) - Unexpected long sleep: sleep(5071ms) actually took 5746ms which is over the threshold 300ms
2019-09-26 19:35:57,662 [Thread-6474] INFO  impl.RoleInfo (RoleInfo.java:shutdownFollowerState(121)) - 27cb48db-4b88-4c0c-b213-19f9b2fffaff: shutdown FollowerState
2019-09-26 19:35:57,670 [Thread-6459] INFO  impl.RoleInfo (RoleInfo.java:updateAndGet(143)) - 27cb48db-4b88-4c0c-b213-19f9b2fffaff: start LeaderElection
2019-09-26 19:35:57,670 [Thread-6468] INFO  impl.RoleInfo (RoleInfo.java:updateAndGet(143)) - 728ea44c-f097-440a-a87e-c27a68d48f14: start LeaderElection
2019-09-26 19:35:57,671 [Thread-6474] INFO  impl.RaftServerImpl (RaftServerImpl.java:setRole(174)) - 27cb48db-4b88-4c0c-b213-19f9b2fffaff@group-B2A1FD65C529: changes role from  FOLLOWER to CANDIDATE at term 0 for changeToCandidate
2019-09-26 19:35:57,672 [Thread-6393] WARN  util.JavaUtils (JavaUtils.java:sleep(250)) - Unexpected long sleep: sleep(5192ms) actually took 6077ms which is over the threshold 300ms
2019-09-26 19:35:57,672 [Thread-6408] WARN  util.JavaUtils (JavaUtils.java:sleep(250)) - Unexpected long sleep: sleep(5039ms) actually took 5881ms which is over the threshold 300ms
2019-09-26 19:35:57,672 [Thread-6474] INFO  impl.RoleInfo (RoleInfo.java:updateAndGet(143)) - 27cb48db-4b88-4c0c-b213-19f9b2fffaff: start LeaderElection
2019-09-26 19:35:57,679 [pool-261-thread-1] INFO  storage.RaftStorage (RaftStorage.java:format(72)) - Storage directory /workdir/hadoop-ozone/integration-test/target/test-dir/MiniOzoneClusterImpl-2f79a7d3-d7ae-4963-8370-12bb1e2132d7/datanode-0/data/ratis/255063a2-1574-4151-bdd8-96d25400b53d has been successfully formatted.
2019-09-26 19:35:57,679 [pool-261-thread-1] INFO  ratis.ContainerStateMachine (ContainerStateMachine.java:loadSnapshot(230)) - group-96D25400B53D: The snapshot info is null. Setting the last applied indexto:(t:0, i:~)
2019-09-26 19:35:57,680 [pool-261-thread-1] INFO  server.RaftServerConfigKeys (ConfUtils.java:logGet(43)) - raft.server.notification.no-leader.timeout = 120s (custom)
2019-09-26 19:35:57,680 [pool-261-thread-1] INFO  server.RaftServerConfigKeys (ConfUtils.java:logGet(43)) - raft.server.log.use.memory = false (default)
2019-09-26 19:35:57,680 [pool-261-thread-1] INFO  server.RaftServerConfigKeys (ConfUtils.java:logGet(43)) - raft.server.log.purge.gap = 1000000 (custom)
2019-09-26 19:35:57,680 [pool-261-thread-1] INFO  server.RaftServerConfigKeys (ConfUtils.java:logGet(43)) - raft.server.log.appender.buffer.byte-limit = 33554432 (custom)
2019-09-26 19:35:57,680 [pool-261-thread-1] INFO  server.RaftServerConfigKeys (ConfUtils.java:logGet(43)) - raft.server.log.segment.size.max = 1048576 (custom)
2019-09-26 19:35:57,680 [pool-261-thread-1] INFO  server.RaftServerConfigKeys (ConfUtils.java:logGet(43)) - raft.server.log.segment.cache.num.max = 2 (custom)
2019-09-26 19:35:57,680 [pool-261-thread-1] INFO  segmented.SegmentedRaftLogWorker (SegmentedRaftLogWorker.java:<init>(172)) - new 27cb48db-4b88-4c0c-b213-19f9b2fffaff@group-96D25400B53D-SegmentedRaftLogWorker for RaftStorage:Storage Directory /workdir/hadoop-ozone/integration-test/target/test-dir/MiniOzoneClusterImpl-2f79a7d3-d7ae-4963-8370-12bb1e2132d7/datanode-0/data/ratis/255063a2-1574-4151-bdd8-96d25400b53d
2019-09-26 19:35:57,681 [pool-261-thread-1] INFO  server.RaftServerConfigKeys (ConfUtils.java:logGet(43)) - raft.server.log.queue.byte-limit = 2147483647 (custom)
2019-09-26 19:35:57,681 [pool-261-thread-1] INFO  server.RaftServerConfigKeys (ConfUtils.java:logGet(43)) - raft.server.log.queue.element-limit = 1024 (custom)
2019-09-26 19:35:57,681 [pool-261-thread-1] INFO  server.RaftServerConfigKeys (ConfUtils.java:logGet(43)) - raft.server.log.segment.size.max = 1048576 (custom)
2019-09-26 19:35:57,681 [pool-261-thread-1] INFO  server.RaftServerConfigKeys (ConfUtils.java:logGet(43)) - raft.server.log.preallocated.size = 16384 (custom)
2019-09-26 19:35:57,681 [pool-261-thread-1] INFO  server.RaftServerConfigKeys (ConfUtils.java:logGet(43)) - raft.server.log.write.buffer.size = 33554432 (custom)
2019-09-26 19:35:57,681 [pool-261-thread-1] INFO  server.RaftServerConfigKeys (ConfUtils.java:logGet(43)) - raft.server.log.force.sync.num = 128 (default)
2019-09-26 19:35:57,681 [pool-261-thread-1] INFO  server.RaftServerConfigKeys (ConfUtils.java:logGet(43)) - raft.server.log.statemachine.data.sync = true (default)
2019-09-26 19:35:57,682 [pool-261-thread-1] INFO  server.RaftServerConfigKeys (ConfUtils.java:logGet(43)) - raft.server.log.statemachine.data.sync.timeout = 10s (default)
2019-09-26 19:35:57,682 [pool-261-thread-1] INFO  server.RaftServerConfigKeys (ConfUtils.java:logGet(43)) - raft.server.log.statemachine.data.sync.timeout.retry = -1 (default)
2019-09-26 19:35:57,681 [Thread-6396] WARN  util.JavaUtils (JavaUtils.java:sleep(250)) - Unexpected long sleep: sleep(5168ms) actually took 6029ms which is over the threshold 300ms
2019-09-26 19:35:57,682 [Thread-6462] INFO  impl.RoleInfo (RoleInfo.java:updateAndGet(143)) - 99aa1396-69c4-4985-9b2a-20430cc4a0a7: start LeaderElection
2019-09-26 19:35:57,682 [Thread-6480] INFO  impl.RoleInfo (RoleInfo.java:updateAndGet(143)) - 27cb48db-4b88-4c0c-b213-19f9b2fffaff: start LeaderElection
2019-09-26 19:35:57,687 [Thread-6402] WARN  util.JavaUtils (JavaUtils.java:sleep(250)) - Unexpected long sleep: sleep(5093ms) actually took 5943ms which is over the threshold 300ms
2019-09-26 19:35:57,688 [Thread-6471] INFO  impl.RoleInfo (RoleInfo.java:updateAndGet(143)) - 27cb48db-4b88-4c0c-b213-19f9b2fffaff: start LeaderElection
2019-09-26 19:35:57,688 [Thread-6450] INFO  impl.RoleInfo (RoleInfo.java:updateAndGet(143)) - 728ea44c-f097-440a-a87e-c27a68d48f14: start LeaderElection
2019-09-26 19:35:57,693 [Thread-6483] INFO  impl.FollowerState (FollowerState.java:run(106)) - 27cb48db-4b88-4c0c-b213-19f9b2fffaff:group-7398F852BF56 changes to CANDIDATE, lastRpcTime:5075, electionTimeout:5075ms
2019-09-26 19:35:57,699 [Thread-6483] INFO  impl.RoleInfo (RoleInfo.java:shutdownFollowerState(121)) - 27cb48db-4b88-4c0c-b213-19f9b2fffaff: shutdown FollowerState
2019-09-26 19:35:57,699 [Thread-6483] INFO  impl.RaftServerImpl (RaftServerImpl.java:setRole(174)) - 27cb48db-4b88-4c0c-b213-19f9b2fffaff@group-7398F852BF56: changes role from  FOLLOWER to CANDIDATE at term 0 for changeToCandidate
2019-09-26 19:35:57,715 [Thread-6489] INFO  impl.FollowerState (FollowerState.java:run(106)) - 728ea44c-f097-440a-a87e-c27a68d48f14:group-6DE20CC328A6 changes to CANDIDATE, lastRpcTime:5028, electionTimeout:5028ms
2019-09-26 19:35:57,721 [Thread-6489] INFO  impl.RoleInfo (RoleInfo.java:shutdownFollowerState(121)) - 728ea44c-f097-440a-a87e-c27a68d48f14: shutdown FollowerState
2019-09-26 19:35:57,721 [Thread-6489] INFO  impl.RaftServerImpl (RaftServerImpl.java:setRole(174)) - 728ea44c-f097-440a-a87e-c27a68d48f14@group-6DE20CC328A6: changes role from  FOLLOWER to CANDIDATE at term 0 for changeToCandidate
2019-09-26 19:35:57,721 [pool-261-thread-1] INFO  server.RaftServerConfigKeys (ConfUtils.java:logGet(43)) - raft.server.log.statemachine.data.caching.enabled = true (custom)
2019-09-26 19:35:57,721 [pool-261-thread-1] INFO  segmented.SegmentedRaftLogWorker (SegmentedRaftLogWorker.java:lambda$new$0(132)) - 27cb48db-4b88-4c0c-b213-19f9b2fffaff@group-96D25400B53D-SegmentedRaftLogWorker: flushIndex: setUnconditionally 0 -> -1
2019-09-26 19:35:57,723 [728ea44c-f097-440a-a87e-c27a68d48f14@group-92D00FB65796:LeaderElection902] INFO  impl.LeaderElection (LeaderElection.java:askForVotes(182)) - 728ea44c-f097-440a-a87e-c27a68d48f14@group-92D00FB65796:LeaderElection902: begin an election at term 1 for -1: [728ea44c-f097-440a-a87e-c27a68d48f14:192.168.151.99:38783], old=null
2019-09-26 19:35:57,726 [Thread-6486] INFO  impl.FollowerState (FollowerState.java:run(106)) - 728ea44c-f097-440a-a87e-c27a68d48f14:group-00022541A645 changes to CANDIDATE, lastRpcTime:5077, electionTimeout:5077ms
2019-09-26 19:35:57,723 [27cb48db-4b88-4c0c-b213-19f9b2fffaff@group-7609BE472F7F:LeaderElection899] INFO  impl.LeaderElection (LeaderElection.java:askForVotes(182)) - 27cb48db-4b88-4c0c-b213-19f9b2fffaff@group-7609BE472F7F:LeaderElection899: begin an election at term 1 for -1: [27cb48db-4b88-4c0c-b213-19f9b2fffaff:192.168.151.99:37457], old=null
2019-09-26 19:35:57,735 [27cb48db-4b88-4c0c-b213-19f9b2fffaff@group-7609BE472F7F:LeaderElection899] INFO  impl.RoleInfo (RoleInfo.java:shutdownLeaderElection(134)) - 27cb48db-4b88-4c0c-b213-19f9b2fffaff: shutdown LeaderElection
2019-09-26 19:35:57,735 [27cb48db-4b88-4c0c-b213-19f9b2fffaff@group-7609BE472F7F:LeaderElection899] INFO  impl.RaftServerImpl (RaftServerImpl.java:setRole(174)) - 27cb48db-4b88-4c0c-b213-19f9b2fffaff@group-7609BE472F7F: changes role from CANDIDATE to LEADER at term 1 for changeToLeader
2019-09-26 19:35:57,723 [27cb48db-4b88-4c0c-b213-19f9b2fffaff@group-C55E6199EF72:LeaderElection900] INFO  impl.LeaderElection (LeaderElection.java:askForVotes(182)) - 27cb48db-4b88-4c0c-b213-19f9b2fffaff@group-C55E6199EF72:LeaderElection900: begin an election at term 1 for -1: [27cb48db-4b88-4c0c-b213-19f9b2fffaff:192.168.151.99:37457], old=null
2019-09-26 19:35:57,740 [27cb48db-4b88-4c0c-b213-19f9b2fffaff@group-C55E6199EF72:LeaderElection900] INFO  impl.RoleInfo (RoleInfo.java:shutdownLeaderElection(134)) - 27cb48db-4b88-4c0c-b213-19f9b2fffaff: shutdown LeaderElection
2019-09-26 19:35:57,723 [27cb48db-4b88-4c0c-b213-19f9b2fffaff@group-B217E9D278B4:LeaderElection903] INFO  impl.LeaderElection (LeaderElection.java:askForVotes(182)) - 27cb48db-4b88-4c0c-b213-19f9b2fffaff@group-B217E9D278B4:LeaderElection903: begin an election at term 1 for -1: [27cb48db-4b88-4c0c-b213-19f9b2fffaff:192.168.151.99:37457], old=null
2019-09-26 19:35:57,723 [728ea44c-f097-440a-a87e-c27a68d48f14@group-2CC0B6AE6D50:LeaderElection901] INFO  impl.LeaderElection (LeaderElection.java:askForVotes(182)) - 728ea44c-f097-440a-a87e-c27a68d48f14@group-2CC0B6AE6D50:LeaderElection901: begin an election at term 1 for -1: [728ea44c-f097-440a-a87e-c27a68d48f14:192.168.151.99:38783], old=null
2019-09-26 19:35:57,749 [728ea44c-f097-440a-a87e-c27a68d48f14@group-2CC0B6AE6D50:LeaderElection901] INFO  impl.RoleInfo (RoleInfo.java:shutdownLeaderElection(134)) - 728ea44c-f097-440a-a87e-c27a68d48f14: shutdown LeaderElection
2019-09-26 19:35:57,744 [27cb48db-4b88-4c0c-b213-19f9b2fffaff@group-B217E9D278B4:LeaderElection903] INFO  impl.RoleInfo (RoleInfo.java:shutdownLeaderElection(134)) - 27cb48db-4b88-4c0c-b213-19f9b2fffaff: shutdown LeaderElection
2019-09-26 19:35:57,740 [27cb48db-4b88-4c0c-b213-19f9b2fffaff@group-C55E6199EF72:LeaderElection900] INFO  impl.RaftServerImpl (RaftServerImpl.java:setRole(174)) - 27cb48db-4b88-4c0c-b213-19f9b2fffaff@group-C55E6199EF72: changes role from CANDIDATE to LEADER at term 1 for changeToLeader
2019-09-26 19:35:57,739 [99aa1396-69c4-4985-9b2a-20430cc4a0a7@group-0DB11BCE1CDB:LeaderElection906] INFO  impl.LeaderElection (LeaderElection.java:askForVotes(182)) - 99aa1396-69c4-4985-9b2a-20430cc4a0a7@group-0DB11BCE1CDB:LeaderElection906: begin an election at term 1 for -1: [99aa1396-69c4-4985-9b2a-20430cc4a0a7:192.168.151.99:40213], old=null
2019-09-26 19:35:57,753 [99aa1396-69c4-4985-9b2a-20430cc4a0a7@group-0DB11BCE1CDB:LeaderElection906] INFO  impl.RoleInfo (RoleInfo.java:shutdownLeaderElection(134)) - 99aa1396-69c4-4985-9b2a-20430cc4a0a7: shutdown LeaderElection
2019-09-26 19:35:57,739 [27cb48db-4b88-4c0c-b213-19f9b2fffaff@group-B2A1FD65C529:LeaderElection908] INFO  impl.LeaderElection (LeaderElection.java:askForVotes(182)) - 27cb48db-4b88-4c0c-b213-19f9b2fffaff@group-B2A1FD65C529:LeaderElection908: begin an election at term 1 for -1: [27cb48db-4b88-4c0c-b213-19f9b2fffaff:192.168.151.99:37457], old=null
2019-09-26 19:35:57,757 [27cb48db-4b88-4c0c-b213-19f9b2fffaff@group-B2A1FD65C529:LeaderElection908] INFO  impl.RoleInfo (RoleInfo.java:shutdownLeaderElection(134)) - 27cb48db-4b88-4c0c-b213-19f9b2fffaff: shutdown LeaderElection
2019-09-26 19:35:57,738 [27cb48db-4b88-4c0c-b213-19f9b2fffaff@group-DC109FD9A8E9:LeaderElection907] INFO  impl.LeaderElection (LeaderElection.java:askForVotes(182)) - 27cb48db-4b88-4c0c-b213-19f9b2fffaff@group-DC109FD9A8E9:LeaderElection907: begin an election at term 1 for -1: [27cb48db-4b88-4c0c-b213-19f9b2fffaff:192.168.151.99:37457], old=null
2019-09-26 19:35:57,738 [728ea44c-f097-440a-a87e-c27a68d48f14@group-15CFB16C7267:LeaderElection904] INFO  impl.LeaderElection (LeaderElection.java:askForVotes(182)) - 728ea44c-f097-440a-a87e-c27a68d48f14@group-15CFB16C7267:LeaderElection904: begin an election at term 1 for -1: [728ea44c-f097-440a-a87e-c27a68d48f14:192.168.151.99:38783], old=null
2019-09-26 19:35:57,738 [27cb48db-4b88-4c0c-b213-19f9b2fffaff@group-C5FEA7559FC2:LeaderElection905] INFO  impl.LeaderElection (LeaderElection.java:askForVotes(182)) - 27cb48db-4b88-4c0c-b213-19f9b2fffaff@group-C5FEA7559FC2:LeaderElection905: begin an election at term 1 for -1: [27cb48db-4b88-4c0c-b213-19f9b2fffaff:192.168.151.99:37457], old=null
2019-09-26 19:35:57,769 [27cb48db-4b88-4c0c-b213-19f9b2fffaff@group-C5FEA7559FC2:LeaderElection905] INFO  impl.RoleInfo (RoleInfo.java:shutdownLeaderElection(134)) - 27cb48db-4b88-4c0c-b213-19f9b2fffaff: shutdown LeaderElection
2019-09-26 19:35:57,735 [Thread-6483] INFO  impl.RoleInfo (RoleInfo.java:updateAndGet(143)) - 27cb48db-4b88-4c0c-b213-19f9b2fffaff: start LeaderElection
2019-09-26 19:35:57,735 [pool-261-thread-1] INFO  server.RaftServerConfigKeys (ConfUtils.java:logGet(43)) - raft.server.snapshot.auto.trigger.enabled = true (custom)
2019-09-26 19:35:57,735 [27cb48db-4b88-4c0c-b213-19f9b2fffaff@group-7609BE472F7F:LeaderElection899] INFO  impl.RaftServerImpl (ServerState.java:setLeader(253)) - 27cb48db-4b88-4c0c-b213-19f9b2fffaff@group-7609BE472F7F: change Leader from null to 27cb48db-4b88-4c0c-b213-19f9b2fffaff at term 1 for becomeLeader, leader elected after 5185ms
2019-09-26 19:35:57,735 [Thread-6489] INFO  impl.RoleInfo (RoleInfo.java:updateAndGet(143)) - 728ea44c-f097-440a-a87e-c27a68d48f14: start LeaderElection
2019-09-26 19:35:57,730 [Thread-6486] INFO  impl.RoleInfo (RoleInfo.java:shutdownFollowerState(121)) - 728ea44c-f097-440a-a87e-c27a68d48f14: shutdown FollowerState
2019-09-26 19:35:57,726 [728ea44c-f097-440a-a87e-c27a68d48f14@group-92D00FB65796:LeaderElection902] INFO  impl.RoleInfo (RoleInfo.java:shutdownLeaderElection(134)) - 728ea44c-f097-440a-a87e-c27a68d48f14: shutdown LeaderElection
2019-09-26 19:35:57,770 [Thread-6486] INFO  impl.RaftServerImpl (RaftServerImpl.java:setRole(174)) - 728ea44c-f097-440a-a87e-c27a68d48f14@group-00022541A645: changes role from  FOLLOWER to CANDIDATE at term 0 for changeToCandidate
2019-09-26 19:35:57,770 [27cb48db-4b88-4c0c-b213-19f9b2fffaff@group-7609BE472F7F:LeaderElection899] INFO  server.RaftServerConfigKeys (ConfUtils.java:logGet(43)) - raft.server.staging.catchup.gap = 1000 (default)
2019-09-26 19:35:57,770 [pool-261-thread-1] INFO  server.RaftServerConfigKeys (ConfUtils.java:logGet(43)) - raft.server.snapshot.auto.trigger.threshold = 10000 (custom)
2019-09-26 19:35:57,774 [pool-261-thread-1] INFO  server.RaftServerConfigKeys (ConfUtils.java:logGet(43)) - raft.server.snapshot.retention.num.files = 5 (custom)
2019-09-26 19:35:57,770 [27cb48db-4b88-4c0c-b213-19f9b2fffaff@group-C5FEA7559FC2:LeaderElection905] INFO  impl.RaftServerImpl (RaftServerImpl.java:setRole(174)) - 27cb48db-4b88-4c0c-b213-19f9b2fffaff@group-C5FEA7559FC2: changes role from CANDIDATE to LEADER at term 1 for changeToLeader
2019-09-26 19:35:57,774 [27cb48db-4b88-4c0c-b213-19f9b2fffaff@group-C5FEA7559FC2:LeaderElection905] INFO  impl.RaftServerImpl (ServerState.java:setLeader(253)) - 27cb48db-4b88-4c0c-b213-19f9b2fffaff@group-C5FEA7559FC2: change Leader from null to 27cb48db-4b88-4c0c-b213-19f9b2fffaff at term 1 for becomeLeader, leader elected after 5280ms
2019-09-26 19:35:57,765 [728ea44c-f097-440a-a87e-c27a68d48f14@group-15CFB16C7267:LeaderElection904] INFO  impl.RoleInfo (RoleInfo.java:shutdownLeaderElection(134)) - 728ea44c-f097-440a-a87e-c27a68d48f14: shutdown LeaderElection
2019-09-26 19:35:57,761 [27cb48db-4b88-4c0c-b213-19f9b2fffaff@group-DC109FD9A8E9:LeaderElection907] INFO  impl.RoleInfo (RoleInfo.java:shutdownLeaderElection(134)) - 27cb48db-4b88-4c0c-b213-19f9b2fffaff: shutdown LeaderElection
2019-09-26 19:35:57,757 [27cb48db-4b88-4c0c-b213-19f9b2fffaff@group-B2A1FD65C529:LeaderElection908] INFO  impl.RaftServerImpl (RaftServerImpl.java:setRole(174)) - 27cb48db-4b88-4c0c-b213-19f9b2fffaff@group-B2A1FD65C529: changes role from CANDIDATE to LEADER at term 1 for changeToLeader
2019-09-26 19:35:57,775 [27cb48db-4b88-4c0c-b213-19f9b2fffaff@group-B2A1FD65C529:LeaderElection908] INFO  impl.RaftServerImpl (ServerState.java:setLeader(253)) - 27cb48db-4b88-4c0c-b213-19f9b2fffaff@group-B2A1FD65C529: change Leader from null to 27cb48db-4b88-4c0c-b213-19f9b2fffaff at term 1 for becomeLeader, leader elected after 5243ms
2019-09-26 19:35:57,753 [99aa1396-69c4-4985-9b2a-20430cc4a0a7@group-0DB11BCE1CDB:LeaderElection906] INFO  impl.RaftServerImpl (RaftServerImpl.java:setRole(174)) - 99aa1396-69c4-4985-9b2a-20430cc4a0a7@group-0DB11BCE1CDB: changes role from CANDIDATE to LEADER at term 1 for changeToLeader
2019-09-26 19:35:57,749 [27cb48db-4b88-4c0c-b213-19f9b2fffaff@group-C55E6199EF72:LeaderElection900] INFO  impl.RaftServerImpl (ServerState.java:setLeader(253)) - 27cb48db-4b88-4c0c-b213-19f9b2fffaff@group-C55E6199EF72: change Leader from null to 27cb48db-4b88-4c0c-b213-19f9b2fffaff at term 1 for becomeLeader, leader elected after 5332ms
2019-09-26 19:35:57,749 [27cb48db-4b88-4c0c-b213-19f9b2fffaff@group-B217E9D278B4:LeaderElection903] INFO  impl.RaftServerImpl (RaftServerImpl.java:setRole(174)) - 27cb48db-4b88-4c0c-b213-19f9b2fffaff@group-B217E9D278B4: changes role from CANDIDATE to LEADER at term 1 for changeToLeader
2019-09-26 19:35:57,775 [27cb48db-4b88-4c0c-b213-19f9b2fffaff@group-B217E9D278B4:LeaderElection903] INFO  impl.RaftServerImpl (ServerState.java:setLeader(253)) - 27cb48db-4b88-4c0c-b213-19f9b2fffaff@group-B217E9D278B4: change Leader from null to 27cb48db-4b88-4c0c-b213-19f9b2fffaff at term 1 for becomeLeader, leader elected after 5467ms
2019-09-26 19:35:57,749 [728ea44c-f097-440a-a87e-c27a68d48f14@group-2CC0B6AE6D50:LeaderElection901] INFO  impl.RaftServerImpl (RaftServerImpl.java:setRole(174)) - 728ea44c-f097-440a-a87e-c27a68d48f14@group-2CC0B6AE6D50: changes role from CANDIDATE to LEADER at term 1 for changeToLeader
2019-09-26 19:35:57,775 [728ea44c-f097-440a-a87e-c27a68d48f14@group-2CC0B6AE6D50:LeaderElection901] INFO  impl.RaftServerImpl (ServerState.java:setLeader(253)) - 728ea44c-f097-440a-a87e-c27a68d48f14@group-2CC0B6AE6D50: change Leader from null to 728ea44c-f097-440a-a87e-c27a68d48f14 at term 1 for becomeLeader, leader elected after 5534ms
2019-09-26 19:35:57,775 [27cb48db-4b88-4c0c-b213-19f9b2fffaff@group-B217E9D278B4:LeaderElection903] INFO  server.RaftServerConfigKeys (ConfUtils.java:logGet(43)) - raft.server.staging.catchup.gap = 1000 (default)
2019-09-26 19:35:57,775 [27cb48db-4b88-4c0c-b213-19f9b2fffaff@group-C55E6199EF72:LeaderElection900] INFO  server.RaftServerConfigKeys (ConfUtils.java:logGet(43)) - raft.server.staging.catchup.gap = 1000 (default)
2019-09-26 19:35:57,775 [27cb48db-4b88-4c0c-b213-19f9b2fffaff@group-C55E6199EF72:LeaderElection900] INFO  server.RaftServerConfigKeys (ConfUtils.java:logGet(43)) - raft.server.rpc.sleep.time = 25ms (default)
2019-09-26 19:35:57,775 [99aa1396-69c4-4985-9b2a-20430cc4a0a7@group-0DB11BCE1CDB:LeaderElection906] INFO  impl.RaftServerImpl (ServerState.java:setLeader(253)) - 99aa1396-69c4-4985-9b2a-20430cc4a0a7@group-0DB11BCE1CDB: change Leader from null to 99aa1396-69c4-4985-9b2a-20430cc4a0a7 at term 1 for becomeLeader, leader elected after 5399ms
2019-09-26 19:35:57,778 [99aa1396-69c4-4985-9b2a-20430cc4a0a7@group-0DB11BCE1CDB:LeaderElection906] INFO  server.RaftServerConfigKeys (ConfUtils.java:logGet(43)) - raft.server.staging.catchup.gap = 1000 (default)
2019-09-26 19:35:57,775 [27cb48db-4b88-4c0c-b213-19f9b2fffaff@group-B2A1FD65C529:LeaderElection908] INFO  server.RaftServerConfigKeys (ConfUtils.java:logGet(43)) - raft.server.staging.catchup.gap = 1000 (default)
2019-09-26 19:35:57,778 [27cb48db-4b88-4c0c-b213-19f9b2fffaff@group-B2A1FD65C529:LeaderElection908] INFO  server.RaftServerConfigKeys (ConfUtils.java:logGet(43)) - raft.server.rpc.sleep.time = 25ms (default)
2019-09-26 19:35:57,775 [27cb48db-4b88-4c0c-b213-19f9b2fffaff@group-DC109FD9A8E9:LeaderElection907] INFO  impl.RaftServerImpl (RaftServerImpl.java:setRole(174)) - 27cb48db-4b88-4c0c-b213-19f9b2fffaff@group-DC109FD9A8E9: changes role from CANDIDATE to LEADER at term 1 for changeToLeader
2019-09-26 19:35:57,782 [27cb48db-4b88-4c0c-b213-19f9b2fffaff@group-DC109FD9A8E9:LeaderElection907] INFO  impl.RaftServerImpl (ServerState.java:setLeader(253)) - 27cb48db-4b88-4c0c-b213-19f9b2fffaff@group-DC109FD9A8E9: change Leader from null to 27cb48db-4b88-4c0c-b213-19f9b2fffaff at term 1 for becomeLeader, leader elected after 5214ms
2019-09-26 19:35:57,774 [728ea44c-f097-440a-a87e-c27a68d48f14@group-15CFB16C7267:LeaderElection904] INFO  impl.RaftServerImpl (RaftServerImpl.java:setRole(174)) - 728ea44c-f097-440a-a87e-c27a68d48f14@group-15CFB16C7267: changes role from CANDIDATE to LEADER at term 1 for changeToLeader
2019-09-26 19:35:57,783 [728ea44c-f097-440a-a87e-c27a68d48f14@group-15CFB16C7267:LeaderElection904] INFO  impl.RaftServerImpl (ServerState.java:setLeader(253)) - 728ea44c-f097-440a-a87e-c27a68d48f14@group-15CFB16C7267: change Leader from null to 728ea44c-f097-440a-a87e-c27a68d48f14 at term 1 for becomeLeader, leader elected after 5578ms
2019-09-26 19:35:57,774 [27cb48db-4b88-4c0c-b213-19f9b2fffaff@group-C5FEA7559FC2:LeaderElection905] INFO  server.RaftServerConfigKeys (ConfUtils.java:logGet(43)) - raft.server.staging.catchup.gap = 1000 (default)
2019-09-26 19:35:57,774 [27cb48db-4b88-4c0c-b213-19f9b2fffaff@group-7609BE472F7F:LeaderElection899] INFO  server.RaftServerConfigKeys (ConfUtils.java:logGet(43)) - raft.server.rpc.sleep.time = 25ms (default)
2019-09-26 19:35:57,774 [Thread-6486] INFO  impl.RoleInfo (RoleInfo.java:updateAndGet(143)) - 728ea44c-f097-440a-a87e-c27a68d48f14: start LeaderElection
2019-09-26 19:35:57,770 [728ea44c-f097-440a-a87e-c27a68d48f14@group-92D00FB65796:LeaderElection902] INFO  impl.RaftServerImpl (RaftServerImpl.java:setRole(174)) - 728ea44c-f097-440a-a87e-c27a68d48f14@group-92D00FB65796: changes role from CANDIDATE to LEADER at term 1 for changeToLeader
2019-09-26 19:35:57,783 [728ea44c-f097-440a-a87e-c27a68d48f14@group-92D00FB65796:LeaderElection902] INFO  impl.RaftServerImpl (ServerState.java:setLeader(253)) - 728ea44c-f097-440a-a87e-c27a68d48f14@group-92D00FB65796: change Leader from null to 728ea44c-f097-440a-a87e-c27a68d48f14 at term 1 for becomeLeader, leader elected after 5326ms
2019-09-26 19:35:57,783 [27cb48db-4b88-4c0c-b213-19f9b2fffaff@group-7609BE472F7F:LeaderElection899] INFO  server.RaftServerConfigKeys (ConfUtils.java:logGet(43)) - raft.server.write.element-limit = 4096 (default)
2019-09-26 19:35:57,783 [27cb48db-4b88-4c0c-b213-19f9b2fffaff@group-C5FEA7559FC2:LeaderElection905] INFO  server.RaftServerConfigKeys (ConfUtils.java:logGet(43)) - raft.server.rpc.sleep.time = 25ms (default)
2019-09-26 19:35:57,783 [728ea44c-f097-440a-a87e-c27a68d48f14@group-15CFB16C7267:LeaderElection904] INFO  server.RaftServerConfigKeys (ConfUtils.java:logGet(43)) - raft.server.staging.catchup.gap = 1000 (default)
2019-09-26 19:35:57,782 [27cb48db-4b88-4c0c-b213-19f9b2fffaff@group-DC109FD9A8E9:LeaderElection907] INFO  server.RaftServerConfigKeys (ConfUtils.java:logGet(43)) - raft.server.staging.catchup.gap = 1000 (default)
2019-09-26 19:35:57,786 [27cb48db-4b88-4c0c-b213-19f9b2fffaff@group-DC109FD9A8E9:LeaderElection907] INFO  server.RaftServerConfigKeys (ConfUtils.java:logGet(43)) - raft.server.rpc.sleep.time = 25ms (default)
2019-09-26 19:35:57,782 [27cb48db-4b88-4c0c-b213-19f9b2fffaff@group-B2A1FD65C529:LeaderElection908] INFO  server.RaftServerConfigKeys (ConfUtils.java:logGet(43)) - raft.server.write.element-limit = 4096 (default)
2019-09-26 19:35:57,778 [99aa1396-69c4-4985-9b2a-20430cc4a0a7@group-0DB11BCE1CDB:LeaderElection906] INFO  server.RaftServerConfigKeys (ConfUtils.java:logGet(43)) - raft.server.rpc.sleep.time = 25ms (default)
2019-09-26 19:35:57,794 [99aa1396-69c4-4985-9b2a-20430cc4a0a7@group-0DB11BCE1CDB:LeaderElection906] INFO  server.RaftServerConfigKeys (ConfUtils.java:logGet(43)) - raft.server.write.element-limit = 4096 (default)
2019-09-26 19:35:57,778 [pool-261-thread-1] INFO  server.RaftServerConfigKeys (ConfUtils.java:logGet(43)) - raft.server.retrycache.expirytime = 600000ms (custom)
2019-09-26 19:35:57,778 [27cb48db-4b88-4c0c-b213-19f9b2fffaff@group-C55E6199EF72:LeaderElection900] INFO  server.RaftServerConfigKeys (ConfUtils.java:logGet(43)) - raft.server.write.element-limit = 4096 (default)
2019-09-26 19:35:57,775 [27cb48db-4b88-4c0c-b213-19f9b2fffaff@group-B217E9D278B4:LeaderElection903] INFO  server.RaftServerConfigKeys (ConfUtils.java:logGet(43)) - raft.server.rpc.sleep.time = 25ms (default)
2019-09-26 19:35:57,775 [728ea44c-f097-440a-a87e-c27a68d48f14@group-2CC0B6AE6D50:LeaderElection901] INFO  server.RaftServerConfigKeys (ConfUtils.java:logGet(43)) - raft.server.staging.catchup.gap = 1000 (default)
2019-09-26 19:35:57,798 [27cb48db-4b88-4c0c-b213-19f9b2fffaff@group-B217E9D278B4:LeaderElection903] INFO  server.RaftServerConfigKeys (ConfUtils.java:logGet(43)) - raft.server.write.element-limit = 4096 (default)
2019-09-26 19:35:57,798 [27cb48db-4b88-4c0c-b213-19f9b2fffaff@group-B217E9D278B4:LeaderElection903] INFO  server.RaftServerConfigKeys (ConfUtils.java:logGet(43)) - raft.server.watch.timeout = 10s (default)
2019-09-26 19:35:57,795 [27cb48db-4b88-4c0c-b213-19f9b2fffaff@group-C55E6199EF72:LeaderElection900] INFO  server.RaftServerConfigKeys (ConfUtils.java:logGet(43)) - raft.server.watch.timeout = 10s (default)
2019-09-26 19:35:57,799 [27cb48db-4b88-4c0c-b213-19f9b2fffaff@group-C55E6199EF72:LeaderElection900] INFO  server.RaftServerConfigKeys (ConfUtils.java:logGet(43)) - raft.server.watch.timeout.denomination = 1s (default)
2019-09-26 19:35:57,794 [99aa1396-69c4-4985-9b2a-20430cc4a0a7@group-0DB11BCE1CDB:LeaderElection906] INFO  server.RaftServerConfigKeys (ConfUtils.java:logGet(43)) - raft.server.watch.timeout = 10s (default)
2019-09-26 19:35:57,799 [99aa1396-69c4-4985-9b2a-20430cc4a0a7@group-0DB11BCE1CDB:LeaderElection906] INFO  server.RaftServerConfigKeys (ConfUtils.java:logGet(43)) - raft.server.watch.timeout.denomination = 1s (default)
2019-09-26 19:35:57,790 [27cb48db-4b88-4c0c-b213-19f9b2fffaff@group-B2A1FD65C529:LeaderElection908] INFO  server.RaftServerConfigKeys (ConfUtils.java:logGet(43)) - raft.server.watch.timeout = 10s (default)
2019-09-26 19:35:57,790 [27cb48db-4b88-4c0c-b213-19f9b2fffaff@group-DC109FD9A8E9:LeaderElection907] INFO  server.RaftServerConfigKeys (ConfUtils.java:logGet(43)) - raft.server.write.element-limit = 4096 (default)
2019-09-26 19:35:57,786 [728ea44c-f097-440a-a87e-c27a68d48f14@group-15CFB16C7267:LeaderElection904] INFO  server.RaftServerConfigKeys (ConfUtils.java:logGet(43)) - raft.server.rpc.sleep.time = 25ms (default)
2019-09-26 19:35:57,786 [27cb48db-4b88-4c0c-b213-19f9b2fffaff@group-C5FEA7559FC2:LeaderElection905] INFO  server.RaftServerConfigKeys (ConfUtils.java:logGet(43)) - raft.server.write.element-limit = 4096 (default)
2019-09-26 19:35:57,783 [27cb48db-4b88-4c0c-b213-19f9b2fffaff@group-7609BE472F7F:LeaderElection899] INFO  server.RaftServerConfigKeys (ConfUtils.java:logGet(43)) - raft.server.watch.timeout = 10s (default)
2019-09-26 19:35:57,783 [728ea44c-f097-440a-a87e-c27a68d48f14@group-92D00FB65796:LeaderElection902] INFO  server.RaftServerConfigKeys (ConfUtils.java:logGet(43)) - raft.server.staging.catchup.gap = 1000 (default)
2019-09-26 19:35:57,803 [27cb48db-4b88-4c0c-b213-19f9b2fffaff@group-7609BE472F7F:LeaderElection899] INFO  server.RaftServerConfigKeys (ConfUtils.java:logGet(43)) - raft.server.watch.timeout.denomination = 1s (default)
2019-09-26 19:35:57,803 [27cb48db-4b88-4c0c-b213-19f9b2fffaff@group-7609BE472F7F:LeaderElection899] INFO  server.RaftServerConfigKeys (ConfUtils.java:logGet(43)) - raft.server.watch.element-limit = 65536 (default)
2019-09-26 19:35:57,802 [27cb48db-4b88-4c0c-b213-19f9b2fffaff@group-C5FEA7559FC2:LeaderElection905] INFO  server.RaftServerConfigKeys (ConfUtils.java:logGet(43)) - raft.server.watch.timeout = 10s (default)
2019-09-26 19:35:57,803 [27cb48db-4b88-4c0c-b213-19f9b2fffaff@group-C5FEA7559FC2:LeaderElection905] INFO  server.RaftServerConfigKeys (ConfUtils.java:logGet(43)) - raft.server.watch.timeout.denomination = 1s (default)
2019-09-26 19:35:57,803 [27cb48db-4b88-4c0c-b213-19f9b2fffaff@group-C5FEA7559FC2:LeaderElection905] INFO  server.RaftServerConfigKeys (ConfUtils.java:logGet(43)) - raft.server.watch.element-limit = 65536 (default)
2019-09-26 19:35:57,802 [728ea44c-f097-440a-a87e-c27a68d48f14@group-15CFB16C7267:LeaderElection904] INFO  server.RaftServerConfigKeys (ConfUtils.java:logGet(43)) - raft.server.write.element-limit = 4096 (default)
2019-09-26 19:35:57,799 [27cb48db-4b88-4c0c-b213-19f9b2fffaff@group-DC109FD9A8E9:LeaderElection907] INFO  server.RaftServerConfigKeys (ConfUtils.java:logGet(43)) - raft.server.watch.timeout = 10s (default)
2019-09-26 19:35:57,803 [27cb48db-4b88-4c0c-b213-19f9b2fffaff@group-DC109FD9A8E9:LeaderElection907] INFO  server.RaftServerConfigKeys (ConfUtils.java:logGet(43)) - raft.server.watch.timeout.denomination = 1s (default)
2019-09-26 19:35:57,799 [pool-261-thread-1] INFO  impl.RaftServerImpl (RaftServerImpl.java:start(185)) - 27cb48db-4b88-4c0c-b213-19f9b2fffaff@group-96D25400B53D: start as a follower, conf=-1: [27cb48db-4b88-4c0c-b213-19f9b2fffaff:192.168.151.99:37457], old=null
2019-09-26 19:35:57,804 [pool-261-thread-1] INFO  impl.RaftServerImpl (RaftServerImpl.java:setRole(174)) - 27cb48db-4b88-4c0c-b213-19f9b2fffaff@group-96D25400B53D: changes role from      null to FOLLOWER at term 0 for startAsFollower
2019-09-26 19:35:57,799 [27cb48db-4b88-4c0c-b213-19f9b2fffaff@group-B2A1FD65C529:LeaderElection908] INFO  server.RaftServerConfigKeys (ConfUtils.java:logGet(43)) - raft.server.watch.timeout.denomination = 1s (default)
2019-09-26 19:35:57,804 [27cb48db-4b88-4c0c-b213-19f9b2fffaff@group-B2A1FD65C529:LeaderElection908] INFO  server.RaftServerConfigKeys (ConfUtils.java:logGet(43)) - raft.server.watch.element-limit = 65536 (default)
2019-09-26 19:35:57,799 [99aa1396-69c4-4985-9b2a-20430cc4a0a7@group-0DB11BCE1CDB:LeaderElection906] INFO  server.RaftServerConfigKeys (ConfUtils.java:logGet(43)) - raft.server.watch.element-limit = 65536 (default)
2019-09-26 19:35:57,799 [27cb48db-4b88-4c0c-b213-19f9b2fffaff@group-C55E6199EF72:LeaderElection900] INFO  server.RaftServerConfigKeys (ConfUtils.java:logGet(43)) - raft.server.watch.element-limit = 65536 (default)
2019-09-26 19:35:57,799 [27cb48db-4b88-4c0c-b213-19f9b2fffaff@group-B217E9D278B4:LeaderElection903] INFO  server.RaftServerConfigKeys (ConfUtils.java:logGet(43)) - raft.server.watch.timeout.denomination = 1s (default)
2019-09-26 19:35:57,804 [27cb48db-4b88-4c0c-b213-19f9b2fffaff@group-B217E9D278B4:LeaderElection903] INFO  server.RaftServerConfigKeys (ConfUtils.java:logGet(43)) - raft.server.watch.element-limit = 65536 (default)
2019-09-26 19:35:57,798 [728ea44c-f097-440a-a87e-c27a68d48f14@group-2CC0B6AE6D50:LeaderElection901] INFO  server.RaftServerConfigKeys (ConfUtils.java:logGet(43)) - raft.server.rpc.sleep.time = 25ms (default)
2019-09-26 19:35:57,804 [27cb48db-4b88-4c0c-b213-19f9b2fffaff@group-DC109FD9A8E9:LeaderElection907] INFO  server.RaftServerConfigKeys (ConfUtils.java:logGet(43)) - raft.server.watch.element-limit = 65536 (default)
2019-09-26 19:35:57,803 [728ea44c-f097-440a-a87e-c27a68d48f14@group-15CFB16C7267:LeaderElection904] INFO  server.RaftServerConfigKeys (ConfUtils.java:logGet(43)) - raft.server.watch.timeout = 10s (default)
2019-09-26 19:35:57,803 [728ea44c-f097-440a-a87e-c27a68d48f14@group-92D00FB65796:LeaderElection902] INFO  server.RaftServerConfigKeys (ConfUtils.java:logGet(43)) - raft.server.rpc.sleep.time = 25ms (default)
2019-09-26 19:35:57,807 [728ea44c-f097-440a-a87e-c27a68d48f14@group-15CFB16C7267:LeaderElection904] INFO  server.RaftServerConfigKeys (ConfUtils.java:logGet(43)) - raft.server.watch.timeout.denomination = 1s (default)
2019-09-26 19:35:57,807 [728ea44c-f097-440a-a87e-c27a68d48f14@group-15CFB16C7267:LeaderElection904] INFO  server.RaftServerConfigKeys (ConfUtils.java:logGet(43)) - raft.server.watch.element-limit = 65536 (default)
2019-09-26 19:35:57,814 [728ea44c-f097-440a-a87e-c27a68d48f14@group-00022541A645:LeaderElection911] INFO  impl.LeaderElection (LeaderElection.java:askForVotes(182)) - 728ea44c-f097-440a-a87e-c27a68d48f14@group-00022541A645:LeaderElection911: begin an election at term 1 for -1: [728ea44c-f097-440a-a87e-c27a68d48f14:192.168.151.99:38783], old=null
2019-09-26 19:35:57,814 [728ea44c-f097-440a-a87e-c27a68d48f14@group-6DE20CC328A6:LeaderElection910] INFO  impl.LeaderElection (LeaderElection.java:askForVotes(182)) - 728ea44c-f097-440a-a87e-c27a68d48f14@group-6DE20CC328A6:LeaderElection910: begin an election at term 1 for -1: [728ea44c-f097-440a-a87e-c27a68d48f14:192.168.151.99:38783], old=null
2019-09-26 19:35:57,821 [728ea44c-f097-440a-a87e-c27a68d48f14@group-6DE20CC328A6:LeaderElection910] INFO  impl.RoleInfo (RoleInfo.java:shutdownLeaderElection(134)) - 728ea44c-f097-440a-a87e-c27a68d48f14: shutdown LeaderElection
2019-09-26 19:35:57,814 [27cb48db-4b88-4c0c-b213-19f9b2fffaff@group-7398F852BF56:LeaderElection909] INFO  impl.LeaderElection (LeaderElection.java:askForVotes(182)) - 27cb48db-4b88-4c0c-b213-19f9b2fffaff@group-7398F852BF56:LeaderElection909: begin an election at term 1 for -1: [27cb48db-4b88-4c0c-b213-19f9b2fffaff:192.168.151.99:37457], old=null
2019-09-26 19:35:57,824 [27cb48db-4b88-4c0c-b213-19f9b2fffaff@group-7398F852BF56:LeaderElection909] INFO  impl.RoleInfo (RoleInfo.java:shutdownLeaderElection(134)) - 27cb48db-4b88-4c0c-b213-19f9b2fffaff: shutdown LeaderElection
2019-09-26 19:35:57,821 [728ea44c-f097-440a-a87e-c27a68d48f14@group-6DE20CC328A6:LeaderElection910] INFO  impl.RaftServerImpl (RaftServerImpl.java:setRole(174)) - 728ea44c-f097-440a-a87e-c27a68d48f14@group-6DE20CC328A6: changes role from CANDIDATE to LEADER at term 1 for changeToLeader
2019-09-26 19:35:57,816 [728ea44c-f097-440a-a87e-c27a68d48f14@group-00022541A645:LeaderElection911] INFO  impl.RoleInfo (RoleInfo.java:shutdownLeaderElection(134)) - 728ea44c-f097-440a-a87e-c27a68d48f14: shutdown LeaderElection
2019-09-26 19:35:57,824 [728ea44c-f097-440a-a87e-c27a68d48f14@group-6DE20CC328A6:LeaderElection910] INFO  impl.RaftServerImpl (ServerState.java:setLeader(253)) - 728ea44c-f097-440a-a87e-c27a68d48f14@group-6DE20CC328A6: change Leader from null to 728ea44c-f097-440a-a87e-c27a68d48f14 at term 1 for becomeLeader, leader elected after 5145ms
2019-09-26 19:35:57,824 [27cb48db-4b88-4c0c-b213-19f9b2fffaff@group-7398F852BF56:LeaderElection909] INFO  impl.RaftServerImpl (RaftServerImpl.java:setRole(174)) - 27cb48db-4b88-4c0c-b213-19f9b2fffaff@group-7398F852BF56: changes role from CANDIDATE to LEADER at term 1 for changeToLeader
2019-09-26 19:35:57,824 [27cb48db-4b88-4c0c-b213-19f9b2fffaff@group-7398F852BF56:LeaderElection909] INFO  impl.RaftServerImpl (ServerState.java:setLeader(253)) - 27cb48db-4b88-4c0c-b213-19f9b2fffaff@group-7398F852BF56: change Leader from null to 27cb48db-4b88-4c0c-b213-19f9b2fffaff at term 1 for becomeLeader, leader elected after 5214ms
2019-09-26 19:35:57,824 [728ea44c-f097-440a-a87e-c27a68d48f14@group-6DE20CC328A6:LeaderElection910] INFO  server.RaftServerConfigKeys (ConfUtils.java:logGet(43)) - raft.server.staging.catchup.gap = 1000 (default)
2019-09-26 19:35:57,824 [728ea44c-f097-440a-a87e-c27a68d48f14@group-00022541A645:LeaderElection911] INFO  impl.RaftServerImpl (RaftServerImpl.java:setRole(174)) - 728ea44c-f097-440a-a87e-c27a68d48f14@group-00022541A645: changes role from CANDIDATE to LEADER at term 1 for changeToLeader
2019-09-26 19:35:57,824 [728ea44c-f097-440a-a87e-c27a68d48f14@group-6DE20CC328A6:LeaderElection910] INFO  server.RaftServerConfigKeys (ConfUtils.java:logGet(43)) - raft.server.rpc.sleep.time = 25ms (default)
2019-09-26 19:35:57,824 [27cb48db-4b88-4c0c-b213-19f9b2fffaff@group-7398F852BF56:LeaderElection909] INFO  server.RaftServerConfigKeys (ConfUtils.java:logGet(43)) - raft.server.staging.catchup.gap = 1000 (default)
2019-09-26 19:35:57,827 [pool-261-thread-1] INFO  impl.RoleInfo (RoleInfo.java:updateAndGet(143)) - 27cb48db-4b88-4c0c-b213-19f9b2fffaff: start FollowerState
2019-09-26 19:35:57,827 [728ea44c-f097-440a-a87e-c27a68d48f14@group-6DE20CC328A6:LeaderElection910] INFO  server.RaftServerConfigKeys (ConfUtils.java:logGet(43)) - raft.server.write.element-limit = 4096 (default)
2019-09-26 19:35:57,828 [728ea44c-f097-440a-a87e-c27a68d48f14@group-6DE20CC328A6:LeaderElection910] INFO  server.RaftServerConfigKeys (ConfUtils.java:logGet(43)) - raft.server.watch.timeout = 10s (default)
2019-09-26 19:35:57,825 [728ea44c-f097-440a-a87e-c27a68d48f14@group-00022541A645:LeaderElection911] INFO  impl.RaftServerImpl (ServerState.java:setLeader(253)) - 728ea44c-f097-440a-a87e-c27a68d48f14@group-00022541A645: change Leader from null to 728ea44c-f097-440a-a87e-c27a68d48f14 at term 1 for becomeLeader, leader elected after 5183ms
2019-09-26 19:35:57,828 [728ea44c-f097-440a-a87e-c27a68d48f14@group-6DE20CC328A6:LeaderElection910] INFO  server.RaftServerConfigKeys (ConfUtils.java:logGet(43)) - raft.server.watch.timeout.denomination = 1s (default)
2019-09-26 19:35:57,827 [27cb48db-4b88-4c0c-b213-19f9b2fffaff@group-7398F852BF56:LeaderElection909] INFO  server.RaftServerConfigKeys (ConfUtils.java:logGet(43)) - raft.server.rpc.sleep.time = 25ms (default)
2019-09-26 19:35:57,828 [728ea44c-f097-440a-a87e-c27a68d48f14@group-6DE20CC328A6:LeaderElection910] INFO  server.RaftServerConfigKeys (ConfUtils.java:logGet(43)) - raft.server.watch.element-limit = 65536 (default)
2019-09-26 19:35:57,828 [728ea44c-f097-440a-a87e-c27a68d48f14@group-00022541A645:LeaderElection911] INFO  server.RaftServerConfigKeys (ConfUtils.java:logGet(43)) - raft.server.staging.catchup.gap = 1000 (default)
2019-09-26 19:35:57,832 [27cb48db-4b88-4c0c-b213-19f9b2fffaff@group-7398F852BF56:LeaderElection909] INFO  server.RaftServerConfigKeys (ConfUtils.java:logGet(43)) - raft.server.write.element-limit = 4096 (default)
2019-09-26 19:35:57,832 [728ea44c-f097-440a-a87e-c27a68d48f14@group-2CC0B6AE6D50:LeaderElection901] INFO  server.RaftServerConfigKeys (ConfUtils.java:logGet(43)) - raft.server.write.element-limit = 4096 (default)
2019-09-26 19:35:57,832 [728ea44c-f097-440a-a87e-c27a68d48f14@group-92D00FB65796:LeaderElection902] INFO  server.RaftServerConfigKeys (ConfUtils.java:logGet(43)) - raft.server.write.element-limit = 4096 (default)
2019-09-26 19:35:57,832 [728ea44c-f097-440a-a87e-c27a68d48f14@group-2CC0B6AE6D50:LeaderElection901] INFO  server.RaftServerConfigKeys (ConfUtils.java:logGet(43)) - raft.server.watch.timeout = 10s (default)
2019-09-26 19:35:57,835 [728ea44c-f097-440a-a87e-c27a68d48f14@group-2CC0B6AE6D50:LeaderElection901] INFO  server.RaftServerConfigKeys (ConfUtils.java:logGet(43)) - raft.server.watch.timeout.denomination = 1s (default)
2019-09-26 19:35:57,832 [27cb48db-4b88-4c0c-b213-19f9b2fffaff@group-7398F852BF56:LeaderElection909] INFO  server.RaftServerConfigKeys (ConfUtils.java:logGet(43)) - raft.server.watch.timeout = 10s (default)
2019-09-26 19:35:57,832 [728ea44c-f097-440a-a87e-c27a68d48f14@group-00022541A645:LeaderElection911] INFO  server.RaftServerConfigKeys (ConfUtils.java:logGet(43)) - raft.server.rpc.sleep.time = 25ms (default)
2019-09-26 19:35:57,835 [27cb48db-4b88-4c0c-b213-19f9b2fffaff@group-7398F852BF56:LeaderElection909] INFO  server.RaftServerConfigKeys (ConfUtils.java:logGet(43)) - raft.server.watch.timeout.denomination = 1s (default)
2019-09-26 19:35:57,835 [728ea44c-f097-440a-a87e-c27a68d48f14@group-2CC0B6AE6D50:LeaderElection901] INFO  server.RaftServerConfigKeys (ConfUtils.java:logGet(43)) - raft.server.watch.element-limit = 65536 (default)
2019-09-26 19:35:57,835 [728ea44c-f097-440a-a87e-c27a68d48f14@group-92D00FB65796:LeaderElection902] INFO  server.RaftServerConfigKeys (ConfUtils.java:logGet(43)) - raft.server.watch.timeout = 10s (default)
2019-09-26 19:35:57,838 [pool-261-thread-1] INFO  util.JmxRegister (JmxRegister.java:tryRegister(44)) - Successfully registered JMX Bean with object name Ratis:service=RaftServer,group=group-96D25400B53D,id=27cb48db-4b88-4c0c-b213-19f9b2fffaff
2019-09-26 19:35:57,838 [27cb48db-4b88-4c0c-b213-19f9b2fffaff@group-7398F852BF56:LeaderElection909] INFO  server.RaftServerConfigKeys (ConfUtils.java:logGet(43)) - raft.server.watch.element-limit = 65536 (default)
2019-09-26 19:35:57,838 [728ea44c-f097-440a-a87e-c27a68d48f14@group-00022541A645:LeaderElection911] INFO  server.RaftServerConfigKeys (ConfUtils.java:logGet(43)) - raft.server.write.element-limit = 4096 (default)
2019-09-26 19:35:57,839 [728ea44c-f097-440a-a87e-c27a68d48f14@group-00022541A645:LeaderElection911] INFO  server.RaftServerConfigKeys (ConfUtils.java:logGet(43)) - raft.server.watch.timeout = 10s (default)
2019-09-26 19:35:57,839 [728ea44c-f097-440a-a87e-c27a68d48f14@group-00022541A645:LeaderElection911] INFO  server.RaftServerConfigKeys (ConfUtils.java:logGet(43)) - raft.server.watch.timeout.denomination = 1s (default)
2019-09-26 19:35:57,839 [728ea44c-f097-440a-a87e-c27a68d48f14@group-00022541A645:LeaderElection911] INFO  server.RaftServerConfigKeys (ConfUtils.java:logGet(43)) - raft.server.watch.element-limit = 65536 (default)
2019-09-26 19:35:57,839 [728ea44c-f097-440a-a87e-c27a68d48f14@group-92D00FB65796:LeaderElection902] INFO  server.RaftServerConfigKeys (ConfUtils.java:logGet(43)) - raft.server.watch.timeout.denomination = 1s (default)
2019-09-26 19:35:57,839 [728ea44c-f097-440a-a87e-c27a68d48f14@group-92D00FB65796:LeaderElection902] INFO  server.RaftServerConfigKeys (ConfUtils.java:logGet(43)) - raft.server.watch.element-limit = 65536 (default)
2019-09-26 19:35:57,841 [Thread-6495] INFO  impl.FollowerState (FollowerState.java:run(106)) - 728ea44c-f097-440a-a87e-c27a68d48f14:group-ABA8D2B5BCFD changes to CANDIDATE, lastRpcTime:5082, electionTimeout:5082ms
2019-09-26 19:35:57,848 [Thread-6492] INFO  impl.FollowerState (FollowerState.java:run(106)) - 99aa1396-69c4-4985-9b2a-20430cc4a0a7:group-A023F2631D1E changes to CANDIDATE, lastRpcTime:5123, electionTimeout:5123ms
2019-09-26 19:35:57,848 [Thread-6495] INFO  impl.RoleInfo (RoleInfo.java:shutdownFollowerState(121)) - 728ea44c-f097-440a-a87e-c27a68d48f14: shutdown FollowerState
2019-09-26 19:35:57,851 [Thread-6495] INFO  impl.RaftServerImpl (RaftServerImpl.java:setRole(174)) - 728ea44c-f097-440a-a87e-c27a68d48f14@group-ABA8D2B5BCFD: changes role from  FOLLOWER to CANDIDATE at term 0 for changeToCandidate
2019-09-26 19:35:57,851 [Thread-6495] INFO  impl.RoleInfo (RoleInfo.java:updateAndGet(143)) - 728ea44c-f097-440a-a87e-c27a68d48f14: start LeaderElection
2019-09-26 19:35:57,852 [RatisPipelineUtilsThread] INFO  pipeline.PipelineStateManager (PipelineStateManager.java:addPipeline(56)) - Created pipeline Pipeline[ Id: 255063a2-1574-4151-bdd8-96d25400b53d, Nodes: 27cb48db-4b88-4c0c-b213-19f9b2fffaff{ip: 192.168.151.99, host: pr-hdds-1569-g6sp5-2013761785, networkLocation: /rack1, certSerialId: null}, Type:RATIS, Factor:ONE, State:OPEN]
2019-09-26 19:35:57,854 [grpc-default-executor-2] INFO  impl.RaftServerProxy (RaftServerProxy.java:addNew(89)) - 728ea44c-f097-440a-a87e-c27a68d48f14: addNew group-191D7D199588:[728ea44c-f097-440a-a87e-c27a68d48f14:192.168.151.99:38783] returns group-191D7D199588:java.util.concurrent.CompletableFuture@2ac11ee0[Not completed]
2019-09-26 19:35:57,855 [Thread-6492] INFO  impl.RoleInfo (RoleInfo.java:shutdownFollowerState(121)) - 99aa1396-69c4-4985-9b2a-20430cc4a0a7: shutdown FollowerState
2019-09-26 19:35:57,855 [Thread-6492] INFO  impl.RaftServerImpl (RaftServerImpl.java:setRole(174)) - 99aa1396-69c4-4985-9b2a-20430cc4a0a7@group-A023F2631D1E: changes role from  FOLLOWER to CANDIDATE at term 0 for changeToCandidate
2019-09-26 19:35:57,858 [Thread-6492] INFO  impl.RoleInfo (RoleInfo.java:updateAndGet(143)) - 99aa1396-69c4-4985-9b2a-20430cc4a0a7: start LeaderElection
2019-09-26 19:35:57,878 [pool-271-thread-1] INFO  impl.RaftServerImpl (RaftServerImpl.java:<init>(95)) - 728ea44c-f097-440a-a87e-c27a68d48f14: new RaftServerImpl for group-191D7D199588:[728ea44c-f097-440a-a87e-c27a68d48f14:192.168.151.99:38783] with ContainerStateMachine:uninitialized
2019-09-26 19:35:57,878 [pool-271-thread-1] INFO  server.RaftServerConfigKeys (ConfUtils.java:logGet(43)) - raft.server.rpc.timeout.min = 5s (custom)
2019-09-26 19:35:57,878 [pool-271-thread-1] INFO  server.RaftServerConfigKeys (ConfUtils.java:logGet(43)) - raft.server.rpc.timeout.max = 5200ms (custom)
2019-09-26 19:35:57,878 [pool-271-thread-1] INFO  server.RaftServerConfigKeys (ConfUtils.java:logGet(43)) - raft.server.rpcslowness.timeout = 120s (custom)
2019-09-26 19:35:57,878 [pool-271-thread-1] INFO  server.RaftServerConfigKeys (ConfUtils.java:logGet(43)) - raft.server.sleep.deviation.threshold = 300 (default)
2019-09-26 19:35:57,879 [pool-271-thread-1] INFO  server.RaftServerConfigKeys (ConfUtils.java:logGet(43)) - raft.server.log.appender.install.snapshot.enabled = false (custom)
2019-09-26 19:35:57,879 [pool-271-thread-1] INFO  impl.RaftServerImpl (ServerState.java:<init>(103)) - 728ea44c-f097-440a-a87e-c27a68d48f14@group-191D7D199588: ConfigurationManager, init=-1: [728ea44c-f097-440a-a87e-c27a68d48f14:192.168.151.99:38783], old=null, confs=<EMPTY_MAP>
2019-09-26 19:35:57,879 [pool-271-thread-1] INFO  server.RaftServerConfigKeys (ConfUtils.java:logGet(43)) - raft.server.storage.dir = [/workdir/hadoop-ozone/integration-test/target/test-dir/MiniOzoneClusterImpl-2f79a7d3-d7ae-4963-8370-12bb1e2132d7/datanode-1/data/ratis] (custom)
2019-09-26 19:35:57,879 [pool-271-thread-1] INFO  storage.RaftStorageDirectory (RaftStorageDirectory.java:analyzeStorage(246)) - The storage directory /workdir/hadoop-ozone/integration-test/target/test-dir/MiniOzoneClusterImpl-2f79a7d3-d7ae-4963-8370-12bb1e2132d7/datanode-1/data/ratis/a09b43d6-9f41-4d18-b3ee-191d7d199588 does not exist. Creating ...
2019-09-26 19:35:57,901 [pool-271-thread-1] INFO  storage.RaftStorageDirectory (RaftStorageDirectory.java:tryLock(328)) - Lock on /workdir/hadoop-ozone/integration-test/target/test-dir/MiniOzoneClusterImpl-2f79a7d3-d7ae-4963-8370-12bb1e2132d7/datanode-1/data/ratis/a09b43d6-9f41-4d18-b3ee-191d7d199588/in_use.lock acquired by nodename 17888@pr-hdds-1569-g6sp5-2013761785
2019-09-26 19:35:57,901 [728ea44c-f097-440a-a87e-c27a68d48f14@group-ABA8D2B5BCFD:LeaderElection912] INFO  impl.LeaderElection (LeaderElection.java:askForVotes(182)) - 728ea44c-f097-440a-a87e-c27a68d48f14@group-ABA8D2B5BCFD:LeaderElection912: begin an election at term 1 for -1: [728ea44c-f097-440a-a87e-c27a68d48f14:192.168.151.99:38783], old=null
2019-09-26 19:35:57,901 [99aa1396-69c4-4985-9b2a-20430cc4a0a7@group-A023F2631D1E:LeaderElection913] INFO  impl.LeaderElection (LeaderElection.java:askForVotes(182)) - 99aa1396-69c4-4985-9b2a-20430cc4a0a7@group-A023F2631D1E:LeaderElection913: begin an election at term 1 for -1: [99aa1396-69c4-4985-9b2a-20430cc4a0a7:192.168.151.99:40213], old=null
2019-09-26 19:35:57,901 [728ea44c-f097-440a-a87e-c27a68d48f14@group-ABA8D2B5BCFD:LeaderElection912] INFO  impl.RoleInfo (RoleInfo.java:shutdownLeaderElection(134)) - 728ea44c-f097-440a-a87e-c27a68d48f14: shutdown LeaderElection
2019-09-26 19:35:57,901 [99aa1396-69c4-4985-9b2a-20430cc4a0a7@group-A023F2631D1E:LeaderElection913] INFO  impl.RoleInfo (RoleInfo.java:shutdownLeaderElection(134)) - 99aa1396-69c4-4985-9b2a-20430cc4a0a7: shutdown LeaderElection
2019-09-26 19:35:57,901 [728ea44c-f097-440a-a87e-c27a68d48f14@group-ABA8D2B5BCFD:LeaderElection912] INFO  impl.RaftServerImpl (RaftServerImpl.java:setRole(174)) - 728ea44c-f097-440a-a87e-c27a68d48f14@group-ABA8D2B5BCFD: changes role from CANDIDATE to LEADER at term 1 for changeToLeader
2019-09-26 19:35:57,901 [99aa1396-69c4-4985-9b2a-20430cc4a0a7@group-A023F2631D1E:LeaderElection913] INFO  impl.RaftServerImpl (RaftServerImpl.java:setRole(174)) - 99aa1396-69c4-4985-9b2a-20430cc4a0a7@group-A023F2631D1E: changes role from CANDIDATE to LEADER at term 1 for changeToLeader
2019-09-26 19:35:57,901 [728ea44c-f097-440a-a87e-c27a68d48f14@group-ABA8D2B5BCFD:LeaderElection912] INFO  impl.RaftServerImpl (ServerState.java:setLeader(253)) - 728ea44c-f097-440a-a87e-c27a68d48f14@group-ABA8D2B5BCFD: change Leader from null to 728ea44c-f097-440a-a87e-c27a68d48f14 at term 1 for becomeLeader, leader elected after 5146ms
2019-09-26 19:35:57,902 [99aa1396-69c4-4985-9b2a-20430cc4a0a7@group-A023F2631D1E:LeaderElection913] INFO  impl.RaftServerImpl (ServerState.java:setLeader(253)) - 99aa1396-69c4-4985-9b2a-20430cc4a0a7@group-A023F2631D1E: change Leader from null to 99aa1396-69c4-4985-9b2a-20430cc4a0a7 at term 1 for becomeLeader, leader elected after 5184ms
2019-09-26 19:35:57,902 [728ea44c-f097-440a-a87e-c27a68d48f14@group-ABA8D2B5BCFD:LeaderElection912] INFO  server.RaftServerConfigKeys (ConfUtils.java:logGet(43)) - raft.server.staging.catchup.gap = 1000 (default)
2019-09-26 19:35:57,902 [99aa1396-69c4-4985-9b2a-20430cc4a0a7@group-A023F2631D1E:LeaderElection913] INFO  server.RaftServerConfigKeys (ConfUtils.java:logGet(43)) - raft.server.staging.catchup.gap = 1000 (default)
2019-09-26 19:35:57,902 [728ea44c-f097-440a-a87e-c27a68d48f14@group-ABA8D2B5BCFD:LeaderElection912] INFO  server.RaftServerConfigKeys (ConfUtils.java:logGet(43)) - raft.server.rpc.sleep.time = 25ms (default)
2019-09-26 19:35:57,902 [99aa1396-69c4-4985-9b2a-20430cc4a0a7@group-A023F2631D1E:LeaderElection913] INFO  server.RaftServerConfigKeys (ConfUtils.java:logGet(43)) - raft.server.rpc.sleep.time = 25ms (default)
2019-09-26 19:35:57,902 [728ea44c-f097-440a-a87e-c27a68d48f14@group-ABA8D2B5BCFD:LeaderElection912] INFO  server.RaftServerConfigKeys (ConfUtils.java:logGet(43)) - raft.server.write.element-limit = 4096 (default)
2019-09-26 19:35:57,902 [99aa1396-69c4-4985-9b2a-20430cc4a0a7@group-A023F2631D1E:LeaderElection913] INFO  server.RaftServerConfigKeys (ConfUtils.java:logGet(43)) - raft.server.write.element-limit = 4096 (default)
2019-09-26 19:35:57,902 [728ea44c-f097-440a-a87e-c27a68d48f14@group-ABA8D2B5BCFD:LeaderElection912] INFO  server.RaftServerConfigKeys (ConfUtils.java:logGet(43)) - raft.server.watch.timeout = 10s (default)
2019-09-26 19:35:57,902 [99aa1396-69c4-4985-9b2a-20430cc4a0a7@group-A023F2631D1E:LeaderElection913] INFO  server.RaftServerConfigKeys (ConfUtils.java:logGet(43)) - raft.server.watch.timeout = 10s (default)
2019-09-26 19:35:57,902 [728ea44c-f097-440a-a87e-c27a68d48f14@group-ABA8D2B5BCFD:LeaderElection912] INFO  server.RaftServerConfigKeys (ConfUtils.java:logGet(43)) - raft.server.watch.timeout.denomination = 1s (default)
2019-09-26 19:35:57,902 [99aa1396-69c4-4985-9b2a-20430cc4a0a7@group-A023F2631D1E:LeaderElection913] INFO  server.RaftServerConfigKeys (ConfUtils.java:logGet(43)) - raft.server.watch.timeout.denomination = 1s (default)
2019-09-26 19:35:57,903 [728ea44c-f097-440a-a87e-c27a68d48f14@group-ABA8D2B5BCFD:LeaderElection912] INFO  server.RaftServerConfigKeys (ConfUtils.java:logGet(43)) - raft.server.watch.element-limit = 65536 (default)
2019-09-26 19:35:57,903 [99aa1396-69c4-4985-9b2a-20430cc4a0a7@group-A023F2631D1E:LeaderElection913] INFO  server.RaftServerConfigKeys (ConfUtils.java:logGet(43)) - raft.server.watch.element-limit = 65536 (default)
2019-09-26 19:35:57,904 [27cb48db-4b88-4c0c-b213-19f9b2fffaff@group-7609BE472F7F:LeaderElection899] INFO  impl.RoleInfo (RoleInfo.java:updateAndGet(143)) - 27cb48db-4b88-4c0c-b213-19f9b2fffaff: start LeaderState
2019-09-26 19:35:57,905 [27cb48db-4b88-4c0c-b213-19f9b2fffaff@group-7609BE472F7F:LeaderElection899] INFO  segmented.SegmentedRaftLogWorker (SegmentedRaftLogWorker.java:startLogSegment(380)) - 27cb48db-4b88-4c0c-b213-19f9b2fffaff@group-7609BE472F7F-SegmentedRaftLogWorker: Starting segment from index:0
2019-09-26 19:35:57,905 [27cb48db-4b88-4c0c-b213-19f9b2fffaff@group-7609BE472F7F:LeaderElection899] INFO  impl.RaftServerImpl (ServerState.java:setRaftConf(354)) - 27cb48db-4b88-4c0c-b213-19f9b2fffaff@group-7609BE472F7F: set configuration 0: [27cb48db-4b88-4c0c-b213-19f9b2fffaff:192.168.151.99:37457], old=null at 0
2019-09-26 19:35:57,908 [pool-271-thread-1] INFO  storage.RaftStorage (RaftStorage.java:format(72)) - Storage directory /workdir/hadoop-ozone/integration-test/target/test-dir/MiniOzoneClusterImpl-2f79a7d3-d7ae-4963-8370-12bb1e2132d7/datanode-1/data/ratis/a09b43d6-9f41-4d18-b3ee-191d7d199588 has been successfully formatted.
2019-09-26 19:35:57,908 [27cb48db-4b88-4c0c-b213-19f9b2fffaff@group-BEF3B2A0D8BC-SegmentedRaftLogWorker] INFO  segmented.SegmentedRaftLogWorker (SegmentedRaftLogWorker.java:execute(569)) - 27cb48db-4b88-4c0c-b213-19f9b2fffaff@group-BEF3B2A0D8BC-SegmentedRaftLogWorker: created new log segment /workdir/hadoop-ozone/integration-test/target/test-dir/MiniOzoneClusterImpl-2f79a7d3-d7ae-4963-8370-12bb1e2132d7/datanode-0/data/ratis/81c0087e-3c1f-48e2-9488-bef3b2a0d8bc/current/log_inprogress_0
2019-09-26 19:35:57,909 [pool-271-thread-1] INFO  ratis.ContainerStateMachine (ContainerStateMachine.java:loadSnapshot(230)) - group-191D7D199588: The snapshot info is null. Setting the last applied indexto:(t:0, i:~)
2019-09-26 19:35:57,909 [pool-271-thread-1] INFO  server.RaftServerConfigKeys (ConfUtils.java:logGet(43)) - raft.server.notification.no-leader.timeout = 120s (custom)
2019-09-26 19:35:57,909 [pool-271-thread-1] INFO  server.RaftServerConfigKeys (ConfUtils.java:logGet(43)) - raft.server.log.use.memory = false (default)
2019-09-26 19:35:57,909 [pool-271-thread-1] INFO  server.RaftServerConfigKeys (ConfUtils.java:logGet(43)) - raft.server.log.purge.gap = 1000000 (custom)
2019-09-26 19:35:57,909 [pool-271-thread-1] INFO  server.RaftServerConfigKeys (ConfUtils.java:logGet(43)) - raft.server.log.appender.buffer.byte-limit = 33554432 (custom)
2019-09-26 19:35:57,909 [pool-271-thread-1] INFO  server.RaftServerConfigKeys (ConfUtils.java:logGet(43)) - raft.server.log.segment.size.max = 1048576 (custom)
2019-09-26 19:35:57,909 [pool-271-thread-1] INFO  server.RaftServerConfigKeys (ConfUtils.java:logGet(43)) - raft.server.log.segment.cache.num.max = 2 (custom)
2019-09-26 19:35:57,909 [pool-271-thread-1] INFO  segmented.SegmentedRaftLogWorker (SegmentedRaftLogWorker.java:<init>(172)) - new 728ea44c-f097-440a-a87e-c27a68d48f14@group-191D7D199588-SegmentedRaftLogWorker for RaftStorage:Storage Directory /workdir/hadoop-ozone/integration-test/target/test-dir/MiniOzoneClusterImpl-2f79a7d3-d7ae-4963-8370-12bb1e2132d7/datanode-1/data/ratis/a09b43d6-9f41-4d18-b3ee-191d7d199588
2019-09-26 19:35:57,909 [pool-271-thread-1] INFO  server.RaftServerConfigKeys (ConfUtils.java:logGet(43)) - raft.server.log.queue.byte-limit = 2147483647 (custom)
2019-09-26 19:35:57,909 [pool-271-thread-1] INFO  server.RaftServerConfigKeys (ConfUtils.java:logGet(43)) - raft.server.log.queue.element-limit = 1024 (custom)
2019-09-26 19:35:57,909 [pool-271-thread-1] INFO  server.RaftServerConfigKeys (ConfUtils.java:logGet(43)) - raft.server.log.segment.size.max = 1048576 (custom)
2019-09-26 19:35:57,910 [pool-271-thread-1] INFO  server.RaftServerConfigKeys (ConfUtils.java:logGet(43)) - raft.server.log.preallocated.size = 16384 (custom)
2019-09-26 19:35:57,910 [99aa1396-69c4-4985-9b2a-20430cc4a0a7@group-0DB11BCE1CDB:LeaderElection906] INFO  impl.RoleInfo (RoleInfo.java:updateAndGet(143)) - 99aa1396-69c4-4985-9b2a-20430cc4a0a7: start LeaderState
2019-09-26 19:35:57,909 [27cb48db-4b88-4c0c-b213-19f9b2fffaff@group-C55E6199EF72:LeaderElection900] INFO  impl.RoleInfo (RoleInfo.java:updateAndGet(143)) - 27cb48db-4b88-4c0c-b213-19f9b2fffaff: start LeaderState
2019-09-26 19:35:57,909 [27cb48db-4b88-4c0c-b213-19f9b2fffaff@group-B217E9D278B4:LeaderElection903] INFO  impl.RoleInfo (RoleInfo.java:updateAndGet(143)) - 27cb48db-4b88-4c0c-b213-19f9b2fffaff: start LeaderState
2019-09-26 19:35:57,910 [27cb48db-4b88-4c0c-b213-19f9b2fffaff@group-C55E6199EF72:LeaderElection900] INFO  segmented.SegmentedRaftLogWorker (SegmentedRaftLogWorker.java:startLogSegment(380)) - 27cb48db-4b88-4c0c-b213-19f9b2fffaff@group-C55E6199EF72-SegmentedRaftLogWorker: Starting segment from index:0
2019-09-26 19:35:57,910 [99aa1396-69c4-4985-9b2a-20430cc4a0a7@group-0DB11BCE1CDB:LeaderElection906] INFO  segmented.SegmentedRaftLogWorker (SegmentedRaftLogWorker.java:startLogSegment(380)) - 99aa1396-69c4-4985-9b2a-20430cc4a0a7@group-0DB11BCE1CDB-SegmentedRaftLogWorker: Starting segment from index:0
2019-09-26 19:35:57,910 [27cb48db-4b88-4c0c-b213-19f9b2fffaff@group-C5FEA7559FC2:LeaderElection905] INFO  impl.RoleInfo (RoleInfo.java:updateAndGet(143)) - 27cb48db-4b88-4c0c-b213-19f9b2fffaff: start LeaderState
2019-09-26 19:35:57,910 [27cb48db-4b88-4c0c-b213-19f9b2fffaff@group-B2A1FD65C529:LeaderElection908] INFO  impl.RoleInfo (RoleInfo.java:updateAndGet(143)) - 27cb48db-4b88-4c0c-b213-19f9b2fffaff: start LeaderState
2019-09-26 19:35:57,910 [pool-271-thread-1] INFO  server.RaftServerConfigKeys (ConfUtils.java:logGet(43)) - raft.server.log.write.buffer.size = 33554432 (custom)
2019-09-26 19:35:57,910 [728ea44c-f097-440a-a87e-c27a68d48f14@group-15CFB16C7267:LeaderElection904] INFO  impl.RoleInfo (RoleInfo.java:updateAndGet(143)) - 728ea44c-f097-440a-a87e-c27a68d48f14: start LeaderState
2019-09-26 19:35:57,910 [27cb48db-4b88-4c0c-b213-19f9b2fffaff@group-B2A1FD65C529:LeaderElection908] INFO  segmented.SegmentedRaftLogWorker (SegmentedRaftLogWorker.java:startLogSegment(380)) - 27cb48db-4b88-4c0c-b213-19f9b2fffaff@group-B2A1FD65C529-SegmentedRaftLogWorker: Starting segment from index:0
2019-09-26 19:35:57,910 [27cb48db-4b88-4c0c-b213-19f9b2fffaff@group-C5FEA7559FC2:LeaderElection905] INFO  segmented.SegmentedRaftLogWorker (SegmentedRaftLogWorker.java:startLogSegment(380)) - 27cb48db-4b88-4c0c-b213-19f9b2fffaff@group-C5FEA7559FC2-SegmentedRaftLogWorker: Starting segment from index:0
2019-09-26 19:35:57,910 [728ea44c-f097-440a-a87e-c27a68d48f14@group-6DE20CC328A6:LeaderElection910] INFO  impl.RoleInfo (RoleInfo.java:updateAndGet(143)) - 728ea44c-f097-440a-a87e-c27a68d48f14: start LeaderState
2019-09-26 19:35:57,910 [99aa1396-69c4-4985-9b2a-20430cc4a0a7@group-0DB11BCE1CDB:LeaderElection906] INFO  impl.RaftServerImpl (ServerState.java:setRaftConf(354)) - 99aa1396-69c4-4985-9b2a-20430cc4a0a7@group-0DB11BCE1CDB: set configuration 0: [99aa1396-69c4-4985-9b2a-20430cc4a0a7:192.168.151.99:40213], old=null at 0
2019-09-26 19:35:57,910 [27cb48db-4b88-4c0c-b213-19f9b2fffaff@group-C55E6199EF72:LeaderElection900] INFO  impl.RaftServerImpl (ServerState.java:setRaftConf(354)) - 27cb48db-4b88-4c0c-b213-19f9b2fffaff@group-C55E6199EF72: set configuration 0: [27cb48db-4b88-4c0c-b213-19f9b2fffaff:192.168.151.99:37457], old=null at 0
2019-09-26 19:35:57,910 [27cb48db-4b88-4c0c-b213-19f9b2fffaff@group-DC109FD9A8E9:LeaderElection907] INFO  impl.RoleInfo (RoleInfo.java:updateAndGet(143)) - 27cb48db-4b88-4c0c-b213-19f9b2fffaff: start LeaderState
2019-09-26 19:35:57,910 [27cb48db-4b88-4c0c-b213-19f9b2fffaff@group-B217E9D278B4:LeaderElection903] INFO  segmented.SegmentedRaftLogWorker (SegmentedRaftLogWorker.java:startLogSegment(380)) - 27cb48db-4b88-4c0c-b213-19f9b2fffaff@group-B217E9D278B4-SegmentedRaftLogWorker: Starting segment from index:0
2019-09-26 19:35:57,911 [27cb48db-4b88-4c0c-b213-19f9b2fffaff@group-DC109FD9A8E9:LeaderElection907] INFO  segmented.SegmentedRaftLogWorker (SegmentedRaftLogWorker.java:startLogSegment(380)) - 27cb48db-4b88-4c0c-b213-19f9b2fffaff@group-DC109FD9A8E9-SegmentedRaftLogWorker: Starting segment from index:0
2019-09-26 19:35:57,911 [27cb48db-4b88-4c0c-b213-19f9b2fffaff@group-C5FEA7559FC2:LeaderElection905] INFO  impl.RaftServerImpl (ServerState.java:setRaftConf(354)) - 27cb48db-4b88-4c0c-b213-19f9b2fffaff@group-C5FEA7559FC2: set configuration 0: [27cb48db-4b88-4c0c-b213-19f9b2fffaff:192.168.151.99:37457], old=null at 0
2019-09-26 19:35:57,911 [728ea44c-f097-440a-a87e-c27a68d48f14@group-6DE20CC328A6:LeaderElection910] INFO  segmented.SegmentedRaftLogWorker (SegmentedRaftLogWorker.java:startLogSegment(380)) - 728ea44c-f097-440a-a87e-c27a68d48f14@group-6DE20CC328A6-SegmentedRaftLogWorker: Starting segment from index:0
2019-09-26 19:35:57,911 [27cb48db-4b88-4c0c-b213-19f9b2fffaff@group-B2A1FD65C529:LeaderElection908] INFO  impl.RaftServerImpl (ServerState.java:setRaftConf(354)) - 27cb48db-4b88-4c0c-b213-19f9b2fffaff@group-B2A1FD65C529: set configuration 0: [27cb48db-4b88-4c0c-b213-19f9b2fffaff:192.168.151.99:37457], old=null at 0
2019-09-26 19:35:57,911 [27cb48db-4b88-4c0c-b213-19f9b2fffaff@group-7398F852BF56:LeaderElection909] INFO  impl.RoleInfo (RoleInfo.java:updateAndGet(143)) - 27cb48db-4b88-4c0c-b213-19f9b2fffaff: start LeaderState
2019-09-26 19:35:57,911 [728ea44c-f097-440a-a87e-c27a68d48f14@group-00022541A645:LeaderElection911] INFO  impl.RoleInfo (RoleInfo.java:updateAndGet(143)) - 728ea44c-f097-440a-a87e-c27a68d48f14: start LeaderState
2019-09-26 19:35:57,911 [728ea44c-f097-440a-a87e-c27a68d48f14@group-15CFB16C7267:LeaderElection904] INFO  segmented.SegmentedRaftLogWorker (SegmentedRaftLogWorker.java:startLogSegment(380)) - 728ea44c-f097-440a-a87e-c27a68d48f14@group-15CFB16C7267-SegmentedRaftLogWorker: Starting segment from index:0
2019-09-26 19:35:57,910 [728ea44c-f097-440a-a87e-c27a68d48f14@group-92D00FB65796:LeaderElection902] INFO  impl.RoleInfo (RoleInfo.java:updateAndGet(143)) - 728ea44c-f097-440a-a87e-c27a68d48f14: start LeaderState
2019-09-26 19:35:57,910 [pool-271-thread-1] INFO  server.RaftServerConfigKeys (ConfUtils.java:logGet(43)) - raft.server.log.force.sync.num = 128 (default)
2019-09-26 19:35:57,912 [pool-271-thread-1] INFO  server.RaftServerConfigKeys (ConfUtils.java:logGet(43)) - raft.server.log.statemachine.data.sync = true (default)
2019-09-26 19:35:57,912 [728ea44c-f097-440a-a87e-c27a68d48f14@group-92D00FB65796:LeaderElection902] INFO  segmented.SegmentedRaftLogWorker (SegmentedRaftLogWorker.java:startLogSegment(380)) - 728ea44c-f097-440a-a87e-c27a68d48f14@group-92D00FB65796-SegmentedRaftLogWorker: Starting segment from index:0
2019-09-26 19:35:57,912 [728ea44c-f097-440a-a87e-c27a68d48f14@group-6DE20CC328A6:LeaderElection910] INFO  impl.RaftServerImpl (ServerState.java:setRaftConf(354)) - 728ea44c-f097-440a-a87e-c27a68d48f14@group-6DE20CC328A6: set configuration 0: [728ea44c-f097-440a-a87e-c27a68d48f14:192.168.151.99:38783], old=null at 0
2019-09-26 19:35:57,912 [728ea44c-f097-440a-a87e-c27a68d48f14@group-00022541A645:LeaderElection911] INFO  segmented.SegmentedRaftLogWorker (SegmentedRaftLogWorker.java:startLogSegment(380)) - 728ea44c-f097-440a-a87e-c27a68d48f14@group-00022541A645-SegmentedRaftLogWorker: Starting segment from index:0
2019-09-26 19:35:57,912 [27cb48db-4b88-4c0c-b213-19f9b2fffaff@group-DC109FD9A8E9:LeaderElection907] INFO  impl.RaftServerImpl (ServerState.java:setRaftConf(354)) - 27cb48db-4b88-4c0c-b213-19f9b2fffaff@group-DC109FD9A8E9: set configuration 0: [27cb48db-4b88-4c0c-b213-19f9b2fffaff:192.168.151.99:37457], old=null at 0
2019-09-26 19:35:57,912 [27cb48db-4b88-4c0c-b213-19f9b2fffaff@group-7398F852BF56:LeaderElection909] INFO  segmented.SegmentedRaftLogWorker (SegmentedRaftLogWorker.java:startLogSegment(380)) - 27cb48db-4b88-4c0c-b213-19f9b2fffaff@group-7398F852BF56-SegmentedRaftLogWorker: Starting segment from index:0
2019-09-26 19:35:57,912 [99aa1396-69c4-4985-9b2a-20430cc4a0a7@group-A023F2631D1E:LeaderElection913] INFO  impl.RoleInfo (RoleInfo.java:updateAndGet(143)) - 99aa1396-69c4-4985-9b2a-20430cc4a0a7: start LeaderState
2019-09-26 19:35:57,912 [728ea44c-f097-440a-a87e-c27a68d48f14@group-ABA8D2B5BCFD:LeaderElection912] INFO  impl.RoleInfo (RoleInfo.java:updateAndGet(143)) - 728ea44c-f097-440a-a87e-c27a68d48f14: start LeaderState
2019-09-26 19:35:57,913 [728ea44c-f097-440a-a87e-c27a68d48f14@group-92D00FB65796:LeaderElection902] INFO  impl.RaftServerImpl (ServerState.java:setRaftConf(354)) - 728ea44c-f097-440a-a87e-c27a68d48f14@group-92D00FB65796: set configuration 0: [728ea44c-f097-440a-a87e-c27a68d48f14:192.168.151.99:38783], old=null at 0
2019-09-26 19:35:57,912 [27cb48db-4b88-4c0c-b213-19f9b2fffaff@group-B217E9D278B4:LeaderElection903] INFO  impl.RaftServerImpl (ServerState.java:setRaftConf(354)) - 27cb48db-4b88-4c0c-b213-19f9b2fffaff@group-B217E9D278B4: set configuration 0: [27cb48db-4b88-4c0c-b213-19f9b2fffaff:192.168.151.99:37457], old=null at 0
2019-09-26 19:35:57,912 [728ea44c-f097-440a-a87e-c27a68d48f14@group-2CC0B6AE6D50:LeaderElection901] INFO  impl.RoleInfo (RoleInfo.java:updateAndGet(143)) - 728ea44c-f097-440a-a87e-c27a68d48f14: start LeaderState
2019-09-26 19:35:57,914 [27cb48db-4b88-4c0c-b213-19f9b2fffaff@group-7398F852BF56:LeaderElection909] INFO  impl.RaftServerImpl (ServerState.java:setRaftConf(354)) - 27cb48db-4b88-4c0c-b213-19f9b2fffaff@group-7398F852BF56: set configuration 0: [27cb48db-4b88-4c0c-b213-19f9b2fffaff:192.168.151.99:37457], old=null at 0
2019-09-26 19:35:57,913 [728ea44c-f097-440a-a87e-c27a68d48f14@group-ABA8D2B5BCFD:LeaderElection912] INFO  segmented.SegmentedRaftLogWorker (SegmentedRaftLogWorker.java:startLogSegment(380)) - 728ea44c-f097-440a-a87e-c27a68d48f14@group-ABA8D2B5BCFD-SegmentedRaftLogWorker: Starting segment from index:0
2019-09-26 19:35:57,914 [728ea44c-f097-440a-a87e-c27a68d48f14@group-00022541A645:LeaderElection911] INFO  impl.RaftServerImpl (ServerState.java:setRaftConf(354)) - 728ea44c-f097-440a-a87e-c27a68d48f14@group-00022541A645: set configuration 0: [728ea44c-f097-440a-a87e-c27a68d48f14:192.168.151.99:38783], old=null at 0
2019-09-26 19:35:57,913 [99aa1396-69c4-4985-9b2a-20430cc4a0a7@group-A023F2631D1E:LeaderElection913] INFO  segmented.SegmentedRaftLogWorker (SegmentedRaftLogWorker.java:startLogSegment(380)) - 99aa1396-69c4-4985-9b2a-20430cc4a0a7@group-A023F2631D1E-SegmentedRaftLogWorker: Starting segment from index:0
2019-09-26 19:35:57,914 [728ea44c-f097-440a-a87e-c27a68d48f14@group-ABA8D2B5BCFD:LeaderElection912] INFO  impl.RaftServerImpl (ServerState.java:setRaftConf(354)) - 728ea44c-f097-440a-a87e-c27a68d48f14@group-ABA8D2B5BCFD: set configuration 0: [728ea44c-f097-440a-a87e-c27a68d48f14:192.168.151.99:38783], old=null at 0
2019-09-26 19:35:57,913 [pool-271-thread-1] INFO  server.RaftServerConfigKeys (ConfUtils.java:logGet(43)) - raft.server.log.statemachine.data.sync.timeout = 10s (default)
2019-09-26 19:35:57,912 [728ea44c-f097-440a-a87e-c27a68d48f14@group-15CFB16C7267:LeaderElection904] INFO  impl.RaftServerImpl (ServerState.java:setRaftConf(354)) - 728ea44c-f097-440a-a87e-c27a68d48f14@group-15CFB16C7267: set configuration 0: [728ea44c-f097-440a-a87e-c27a68d48f14:192.168.151.99:38783], old=null at 0
2019-09-26 19:35:57,914 [pool-271-thread-1] INFO  server.RaftServerConfigKeys (ConfUtils.java:logGet(43)) - raft.server.log.statemachine.data.sync.timeout.retry = -1 (default)
2019-09-26 19:35:57,914 [728ea44c-f097-440a-a87e-c27a68d48f14@group-2CC0B6AE6D50:LeaderElection901] INFO  segmented.SegmentedRaftLogWorker (SegmentedRaftLogWorker.java:startLogSegment(380)) - 728ea44c-f097-440a-a87e-c27a68d48f14@group-2CC0B6AE6D50-SegmentedRaftLogWorker: Starting segment from index:0
2019-09-26 19:35:57,915 [pool-271-thread-1] INFO  server.RaftServerConfigKeys (ConfUtils.java:logGet(43)) - raft.server.log.statemachine.data.caching.enabled = true (custom)
2019-09-26 19:35:57,914 [99aa1396-69c4-4985-9b2a-20430cc4a0a7@group-A023F2631D1E:LeaderElection913] INFO  impl.RaftServerImpl (ServerState.java:setRaftConf(354)) - 99aa1396-69c4-4985-9b2a-20430cc4a0a7@group-A023F2631D1E: set configuration 0: [99aa1396-69c4-4985-9b2a-20430cc4a0a7:192.168.151.99:40213], old=null at 0
2019-09-26 19:35:57,915 [pool-271-thread-1] INFO  segmented.SegmentedRaftLogWorker (SegmentedRaftLogWorker.java:lambda$new$0(132)) - 728ea44c-f097-440a-a87e-c27a68d48f14@group-191D7D199588-SegmentedRaftLogWorker: flushIndex: setUnconditionally 0 -> -1
2019-09-26 19:35:57,915 [728ea44c-f097-440a-a87e-c27a68d48f14@group-2CC0B6AE6D50:LeaderElection901] INFO  impl.RaftServerImpl (ServerState.java:setRaftConf(354)) - 728ea44c-f097-440a-a87e-c27a68d48f14@group-2CC0B6AE6D50: set configuration 0: [728ea44c-f097-440a-a87e-c27a68d48f14:192.168.151.99:38783], old=null at 0
2019-09-26 19:35:57,915 [pool-271-thread-1] INFO  server.RaftServerConfigKeys (ConfUtils.java:logGet(43)) - raft.server.snapshot.auto.trigger.enabled = true (custom)
2019-09-26 19:35:57,915 [pool-271-thread-1] INFO  server.RaftServerConfigKeys (ConfUtils.java:logGet(43)) - raft.server.snapshot.auto.trigger.threshold = 10000 (custom)
2019-09-26 19:35:57,915 [pool-271-thread-1] INFO  server.RaftServerConfigKeys (ConfUtils.java:logGet(43)) - raft.server.snapshot.retention.num.files = 5 (custom)
2019-09-26 19:35:57,915 [pool-271-thread-1] INFO  server.RaftServerConfigKeys (ConfUtils.java:logGet(43)) - raft.server.retrycache.expirytime = 600000ms (custom)
2019-09-26 19:35:57,916 [pool-271-thread-1] INFO  impl.RaftServerImpl (RaftServerImpl.java:start(185)) - 728ea44c-f097-440a-a87e-c27a68d48f14@group-191D7D199588: start as a follower, conf=-1: [728ea44c-f097-440a-a87e-c27a68d48f14:192.168.151.99:38783], old=null
2019-09-26 19:35:57,917 [pool-271-thread-1] INFO  impl.RaftServerImpl (RaftServerImpl.java:setRole(174)) - 728ea44c-f097-440a-a87e-c27a68d48f14@group-191D7D199588: changes role from      null to FOLLOWER at term 0 for startAsFollower
2019-09-26 19:35:57,917 [pool-271-thread-1] INFO  impl.RoleInfo (RoleInfo.java:updateAndGet(143)) - 728ea44c-f097-440a-a87e-c27a68d48f14: start FollowerState
2019-09-26 19:35:57,917 [pool-271-thread-1] INFO  util.JmxRegister (JmxRegister.java:tryRegister(44)) - Successfully registered JMX Bean with object name Ratis:service=RaftServer,group=group-191D7D199588,id=728ea44c-f097-440a-a87e-c27a68d48f14
2019-09-26 19:35:57,918 [RatisPipelineUtilsThread] INFO  pipeline.PipelineStateManager (PipelineStateManager.java:addPipeline(56)) - Created pipeline Pipeline[ Id: a09b43d6-9f41-4d18-b3ee-191d7d199588, Nodes: 728ea44c-f097-440a-a87e-c27a68d48f14{ip: 192.168.151.99, host: pr-hdds-1569-g6sp5-2013761785, networkLocation: /rack1, certSerialId: null}, Type:RATIS, Factor:ONE, State:OPEN]
2019-09-26 19:35:57,920 [grpc-default-executor-2] INFO  impl.RaftServerProxy (RaftServerProxy.java:addNew(89)) - 27cb48db-4b88-4c0c-b213-19f9b2fffaff: addNew group-7B2272C14AEF:[27cb48db-4b88-4c0c-b213-19f9b2fffaff:192.168.151.99:37457] returns group-7B2272C14AEF:java.util.concurrent.CompletableFuture@7bcc3730[Not completed]
2019-09-26 19:35:57,921 [pool-261-thread-1] INFO  impl.RaftServerImpl (RaftServerImpl.java:<init>(95)) - 27cb48db-4b88-4c0c-b213-19f9b2fffaff: new RaftServerImpl for group-7B2272C14AEF:[27cb48db-4b88-4c0c-b213-19f9b2fffaff:192.168.151.99:37457] with ContainerStateMachine:uninitialized
2019-09-26 19:35:57,921 [pool-261-thread-1] INFO  server.RaftServerConfigKeys (ConfUtils.java:logGet(43)) - raft.server.rpc.timeout.min = 5s (custom)
2019-09-26 19:35:57,921 [pool-261-thread-1] INFO  server.RaftServerConfigKeys (ConfUtils.java:logGet(43)) - raft.server.rpc.timeout.max = 5200ms (custom)
2019-09-26 19:35:57,921 [pool-261-thread-1] INFO  server.RaftServerConfigKeys (ConfUtils.java:logGet(43)) - raft.server.rpcslowness.timeout = 120s (custom)
2019-09-26 19:35:57,922 [pool-261-thread-1] INFO  server.RaftServerConfigKeys (ConfUtils.java:logGet(43)) - raft.server.sleep.deviation.threshold = 300 (default)
2019-09-26 19:35:57,922 [pool-261-thread-1] INFO  server.RaftServerConfigKeys (ConfUtils.java:logGet(43)) - raft.server.log.appender.install.snapshot.enabled = false (custom)
2019-09-26 19:35:57,922 [pool-261-thread-1] INFO  impl.RaftServerImpl (ServerState.java:<init>(103)) - 27cb48db-4b88-4c0c-b213-19f9b2fffaff@group-7B2272C14AEF: ConfigurationManager, init=-1: [27cb48db-4b88-4c0c-b213-19f9b2fffaff:192.168.151.99:37457], old=null, confs=<EMPTY_MAP>
2019-09-26 19:35:57,922 [pool-261-thread-1] INFO  server.RaftServerConfigKeys (ConfUtils.java:logGet(43)) - raft.server.storage.dir = [/workdir/hadoop-ozone/integration-test/target/test-dir/MiniOzoneClusterImpl-2f79a7d3-d7ae-4963-8370-12bb1e2132d7/datanode-0/data/ratis] (custom)
2019-09-26 19:35:57,923 [pool-261-thread-1] INFO  storage.RaftStorageDirectory (RaftStorageDirectory.java:analyzeStorage(246)) - The storage directory /workdir/hadoop-ozone/integration-test/target/test-dir/MiniOzoneClusterImpl-2f79a7d3-d7ae-4963-8370-12bb1e2132d7/datanode-0/data/ratis/a9cde29e-21ba-417c-bcdc-7b2272c14aef does not exist. Creating ...
2019-09-26 19:35:57,933 [pool-261-thread-1] INFO  storage.RaftStorageDirectory (RaftStorageDirectory.java:tryLock(328)) - Lock on /workdir/hadoop-ozone/integration-test/target/test-dir/MiniOzoneClusterImpl-2f79a7d3-d7ae-4963-8370-12bb1e2132d7/datanode-0/data/ratis/a9cde29e-21ba-417c-bcdc-7b2272c14aef/in_use.lock acquired by nodename 17888@pr-hdds-1569-g6sp5-2013761785
2019-09-26 19:35:57,938 [Thread-6504] INFO  impl.FollowerState (FollowerState.java:run(106)) - 27cb48db-4b88-4c0c-b213-19f9b2fffaff:group-5FED7D508D86 changes to CANDIDATE, lastRpcTime:5044, electionTimeout:5044ms
2019-09-26 19:35:57,938 [Thread-6504] INFO  impl.RoleInfo (RoleInfo.java:shutdownFollowerState(121)) - 27cb48db-4b88-4c0c-b213-19f9b2fffaff: shutdown FollowerState
2019-09-26 19:35:57,938 [Thread-6504] INFO  impl.RaftServerImpl (RaftServerImpl.java:setRole(174)) - 27cb48db-4b88-4c0c-b213-19f9b2fffaff@group-5FED7D508D86: changes role from  FOLLOWER to CANDIDATE at term 0 for changeToCandidate
2019-09-26 19:35:57,938 [Thread-6504] INFO  impl.RoleInfo (RoleInfo.java:updateAndGet(143)) - 27cb48db-4b88-4c0c-b213-19f9b2fffaff: start LeaderElection
2019-09-26 19:35:57,943 [pool-261-thread-1] INFO  storage.RaftStorage (RaftStorage.java:format(72)) - Storage directory /workdir/hadoop-ozone/integration-test/target/test-dir/MiniOzoneClusterImpl-2f79a7d3-d7ae-4963-8370-12bb1e2132d7/datanode-0/data/ratis/a9cde29e-21ba-417c-bcdc-7b2272c14aef has been successfully formatted.
2019-09-26 19:35:57,943 [27cb48db-4b88-4c0c-b213-19f9b2fffaff@group-5FED7D508D86:LeaderElection914] INFO  impl.LeaderElection (LeaderElection.java:askForVotes(182)) - 27cb48db-4b88-4c0c-b213-19f9b2fffaff@group-5FED7D508D86:LeaderElection914: begin an election at term 1 for -1: [27cb48db-4b88-4c0c-b213-19f9b2fffaff:192.168.151.99:37457], old=null
2019-09-26 19:35:57,943 [pool-261-thread-1] INFO  ratis.ContainerStateMachine (ContainerStateMachine.java:loadSnapshot(230)) - group-7B2272C14AEF: The snapshot info is null. Setting the last applied indexto:(t:0, i:~)
2019-09-26 19:35:57,944 [27cb48db-4b88-4c0c-b213-19f9b2fffaff@group-5FED7D508D86:LeaderElection914] INFO  impl.RoleInfo (RoleInfo.java:shutdownLeaderElection(134)) - 27cb48db-4b88-4c0c-b213-19f9b2fffaff: shutdown LeaderElection
2019-09-26 19:35:57,944 [pool-261-thread-1] INFO  server.RaftServerConfigKeys (ConfUtils.java:logGet(43)) - raft.server.notification.no-leader.timeout = 120s (custom)
2019-09-26 19:35:57,944 [27cb48db-4b88-4c0c-b213-19f9b2fffaff@group-5FED7D508D86:LeaderElection914] INFO  impl.RaftServerImpl (RaftServerImpl.java:setRole(174)) - 27cb48db-4b88-4c0c-b213-19f9b2fffaff@group-5FED7D508D86: changes role from CANDIDATE to LEADER at term 1 for changeToLeader
2019-09-26 19:35:57,944 [pool-261-thread-1] INFO  server.RaftServerConfigKeys (ConfUtils.java:logGet(43)) - raft.server.log.use.memory = false (default)
2019-09-26 19:35:57,944 [27cb48db-4b88-4c0c-b213-19f9b2fffaff@group-5FED7D508D86:LeaderElection914] INFO  impl.RaftServerImpl (ServerState.java:setLeader(253)) - 27cb48db-4b88-4c0c-b213-19f9b2fffaff@group-5FED7D508D86: change Leader from null to 27cb48db-4b88-4c0c-b213-19f9b2fffaff at term 1 for becomeLeader, leader elected after 5055ms
2019-09-26 19:35:57,944 [pool-261-thread-1] INFO  server.RaftServerConfigKeys (ConfUtils.java:logGet(43)) - raft.server.log.purge.gap = 1000000 (custom)
2019-09-26 19:35:57,944 [27cb48db-4b88-4c0c-b213-19f9b2fffaff@group-5FED7D508D86:LeaderElection914] INFO  server.RaftServerConfigKeys (ConfUtils.java:logGet(43)) - raft.server.staging.catchup.gap = 1000 (default)
2019-09-26 19:35:57,944 [pool-261-thread-1] INFO  server.RaftServerConfigKeys (ConfUtils.java:logGet(43)) - raft.server.log.appender.buffer.byte-limit = 33554432 (custom)
2019-09-26 19:35:57,944 [27cb48db-4b88-4c0c-b213-19f9b2fffaff@group-5FED7D508D86:LeaderElection914] INFO  server.RaftServerConfigKeys (ConfUtils.java:logGet(43)) - raft.server.rpc.sleep.time = 25ms (default)
2019-09-26 19:35:57,944 [pool-261-thread-1] INFO  server.RaftServerConfigKeys (ConfUtils.java:logGet(43)) - raft.server.log.segment.size.max = 1048576 (custom)
2019-09-26 19:35:57,945 [27cb48db-4b88-4c0c-b213-19f9b2fffaff@group-5FED7D508D86:LeaderElection914] INFO  server.RaftServerConfigKeys (ConfUtils.java:logGet(43)) - raft.server.write.element-limit = 4096 (default)
2019-09-26 19:35:57,945 [pool-261-thread-1] INFO  server.RaftServerConfigKeys (ConfUtils.java:logGet(43)) - raft.server.log.segment.cache.num.max = 2 (custom)
2019-09-26 19:35:57,945 [27cb48db-4b88-4c0c-b213-19f9b2fffaff@group-5FED7D508D86:LeaderElection914] INFO  server.RaftServerConfigKeys (ConfUtils.java:logGet(43)) - raft.server.watch.timeout = 10s (default)
2019-09-26 19:35:57,945 [pool-261-thread-1] INFO  segmented.SegmentedRaftLogWorker (SegmentedRaftLogWorker.java:<init>(172)) - new 27cb48db-4b88-4c0c-b213-19f9b2fffaff@group-7B2272C14AEF-SegmentedRaftLogWorker for RaftStorage:Storage Directory /workdir/hadoop-ozone/integration-test/target/test-dir/MiniOzoneClusterImpl-2f79a7d3-d7ae-4963-8370-12bb1e2132d7/datanode-0/data/ratis/a9cde29e-21ba-417c-bcdc-7b2272c14aef
2019-09-26 19:35:57,945 [27cb48db-4b88-4c0c-b213-19f9b2fffaff@group-5FED7D508D86:LeaderElection914] INFO  server.RaftServerConfigKeys (ConfUtils.java:logGet(43)) - raft.server.watch.timeout.denomination = 1s (default)
2019-09-26 19:35:57,945 [pool-261-thread-1] INFO  server.RaftServerConfigKeys (ConfUtils.java:logGet(43)) - raft.server.log.queue.byte-limit = 2147483647 (custom)
2019-09-26 19:35:57,945 [27cb48db-4b88-4c0c-b213-19f9b2fffaff@group-5FED7D508D86:LeaderElection914] INFO  server.RaftServerConfigKeys (ConfUtils.java:logGet(43)) - raft.server.watch.element-limit = 65536 (default)
2019-09-26 19:35:57,945 [pool-261-thread-1] INFO  server.RaftServerConfigKeys (ConfUtils.java:logGet(43)) - raft.server.log.queue.element-limit = 1024 (custom)
2019-09-26 19:35:57,945 [pool-261-thread-1] INFO  server.RaftServerConfigKeys (ConfUtils.java:logGet(43)) - raft.server.log.segment.size.max = 1048576 (custom)
2019-09-26 19:35:57,945 [pool-261-thread-1] INFO  server.RaftServerConfigKeys (ConfUtils.java:logGet(43)) - raft.server.log.preallocated.size = 16384 (custom)
2019-09-26 19:35:57,946 [27cb48db-4b88-4c0c-b213-19f9b2fffaff@group-C5FEA7559FC2-SegmentedRaftLogWorker] INFO  segmented.SegmentedRaftLogWorker (SegmentedRaftLogWorker.java:execute(569)) - 27cb48db-4b88-4c0c-b213-19f9b2fffaff@group-C5FEA7559FC2-SegmentedRaftLogWorker: created new log segment /workdir/hadoop-ozone/integration-test/target/test-dir/MiniOzoneClusterImpl-2f79a7d3-d7ae-4963-8370-12bb1e2132d7/datanode-0/data/ratis/4e2edf76-7669-4c7a-b6c5-c5fea7559fc2/current/log_inprogress_0
2019-09-26 19:35:57,946 [pool-261-thread-1] INFO  server.RaftServerConfigKeys (ConfUtils.java:logGet(43)) - raft.server.log.write.buffer.size = 33554432 (custom)
2019-09-26 19:35:57,946 [pool-261-thread-1] INFO  server.RaftServerConfigKeys (ConfUtils.java:logGet(43)) - raft.server.log.force.sync.num = 128 (default)
2019-09-26 19:35:57,946 [pool-261-thread-1] INFO  server.RaftServerConfigKeys (ConfUtils.java:logGet(43)) - raft.server.log.statemachine.data.sync = true (default)
2019-09-26 19:35:57,946 [pool-261-thread-1] INFO  server.RaftServerConfigKeys (ConfUtils.java:logGet(43)) - raft.server.log.statemachine.data.sync.timeout = 10s (default)
2019-09-26 19:35:57,946 [pool-261-thread-1] INFO  server.RaftServerConfigKeys (ConfUtils.java:logGet(43)) - raft.server.log.statemachine.data.sync.timeout.retry = -1 (default)
2019-09-26 19:35:57,946 [pool-261-thread-1] INFO  server.RaftServerConfigKeys (ConfUtils.java:logGet(43)) - raft.server.log.statemachine.data.caching.enabled = true (custom)
2019-09-26 19:35:57,946 [pool-261-thread-1] INFO  segmented.SegmentedRaftLogWorker (SegmentedRaftLogWorker.java:lambda$new$0(132)) - 27cb48db-4b88-4c0c-b213-19f9b2fffaff@group-7B2272C14AEF-SegmentedRaftLogWorker: flushIndex: setUnconditionally 0 -> -1
2019-09-26 19:35:57,946 [pool-261-thread-1] INFO  server.RaftServerConfigKeys (ConfUtils.java:logGet(43)) - raft.server.snapshot.auto.trigger.enabled = true (custom)
2019-09-26 19:35:57,946 [pool-261-thread-1] INFO  server.RaftServerConfigKeys (ConfUtils.java:logGet(43)) - raft.server.snapshot.auto.trigger.threshold = 10000 (custom)
2019-09-26 19:35:57,946 [pool-261-thread-1] INFO  server.RaftServerConfigKeys (ConfUtils.java:logGet(43)) - raft.server.snapshot.retention.num.files = 5 (custom)
2019-09-26 19:35:57,947 [pool-261-thread-1] INFO  server.RaftServerConfigKeys (ConfUtils.java:logGet(43)) - raft.server.retrycache.expirytime = 600000ms (custom)
2019-09-26 19:35:57,947 [27cb48db-4b88-4c0c-b213-19f9b2fffaff@group-5FED7D508D86:LeaderElection914] INFO  impl.RoleInfo (RoleInfo.java:updateAndGet(143)) - 27cb48db-4b88-4c0c-b213-19f9b2fffaff: start LeaderState
2019-09-26 19:35:57,947 [27cb48db-4b88-4c0c-b213-19f9b2fffaff@group-5FED7D508D86:LeaderElection914] INFO  segmented.SegmentedRaftLogWorker (SegmentedRaftLogWorker.java:startLogSegment(380)) - 27cb48db-4b88-4c0c-b213-19f9b2fffaff@group-5FED7D508D86-SegmentedRaftLogWorker: Starting segment from index:0
2019-09-26 19:35:57,947 [pool-261-thread-1] INFO  impl.RaftServerImpl (RaftServerImpl.java:start(185)) - 27cb48db-4b88-4c0c-b213-19f9b2fffaff@group-7B2272C14AEF: start as a follower, conf=-1: [27cb48db-4b88-4c0c-b213-19f9b2fffaff:192.168.151.99:37457], old=null
2019-09-26 19:35:57,947 [27cb48db-4b88-4c0c-b213-19f9b2fffaff@group-5FED7D508D86:LeaderElection914] INFO  impl.RaftServerImpl (ServerState.java:setRaftConf(354)) - 27cb48db-4b88-4c0c-b213-19f9b2fffaff@group-5FED7D508D86: set configuration 0: [27cb48db-4b88-4c0c-b213-19f9b2fffaff:192.168.151.99:37457], old=null at 0
2019-09-26 19:35:57,947 [pool-261-thread-1] INFO  impl.RaftServerImpl (RaftServerImpl.java:setRole(174)) - 27cb48db-4b88-4c0c-b213-19f9b2fffaff@group-7B2272C14AEF: changes role from      null to FOLLOWER at term 0 for startAsFollower
2019-09-26 19:35:57,948 [pool-261-thread-1] INFO  impl.RoleInfo (RoleInfo.java:updateAndGet(143)) - 27cb48db-4b88-4c0c-b213-19f9b2fffaff: start FollowerState
2019-09-26 19:35:57,948 [pool-261-thread-1] INFO  util.JmxRegister (JmxRegister.java:tryRegister(44)) - Successfully registered JMX Bean with object name Ratis:service=RaftServer,group=group-7B2272C14AEF,id=27cb48db-4b88-4c0c-b213-19f9b2fffaff
2019-09-26 19:35:57,949 [27cb48db-4b88-4c0c-b213-19f9b2fffaff@group-DC109FD9A8E9-SegmentedRaftLogWorker] INFO  segmented.SegmentedRaftLogWorker (SegmentedRaftLogWorker.java:execute(569)) - 27cb48db-4b88-4c0c-b213-19f9b2fffaff@group-DC109FD9A8E9-SegmentedRaftLogWorker: created new log segment /workdir/hadoop-ozone/integration-test/target/test-dir/MiniOzoneClusterImpl-2f79a7d3-d7ae-4963-8370-12bb1e2132d7/datanode-0/data/ratis/872e30cb-3c74-48f9-87b7-dc109fd9a8e9/current/log_inprogress_0
2019-09-26 19:35:57,949 [RatisPipelineUtilsThread] INFO  pipeline.PipelineStateManager (PipelineStateManager.java:addPipeline(56)) - Created pipeline Pipeline[ Id: a9cde29e-21ba-417c-bcdc-7b2272c14aef, Nodes: 27cb48db-4b88-4c0c-b213-19f9b2fffaff{ip: 192.168.151.99, host: pr-hdds-1569-g6sp5-2013761785, networkLocation: /rack1, certSerialId: null}, Type:RATIS, Factor:ONE, State:OPEN]
2019-09-26 19:35:57,951 [grpc-default-executor-2] INFO  impl.RaftServerProxy (RaftServerProxy.java:addNew(89)) - 728ea44c-f097-440a-a87e-c27a68d48f14: addNew group-38F2945183E6:[728ea44c-f097-440a-a87e-c27a68d48f14:192.168.151.99:38783] returns group-38F2945183E6:java.util.concurrent.CompletableFuture@28dec37f[Not completed]
2019-09-26 19:35:57,951 [pool-271-thread-1] INFO  impl.RaftServerImpl (RaftServerImpl.java:<init>(95)) - 728ea44c-f097-440a-a87e-c27a68d48f14: new RaftServerImpl for group-38F2945183E6:[728ea44c-f097-440a-a87e-c27a68d48f14:192.168.151.99:38783] with ContainerStateMachine:uninitialized
2019-09-26 19:35:57,952 [pool-271-thread-1] INFO  server.RaftServerConfigKeys (ConfUtils.java:logGet(43)) - raft.server.rpc.timeout.min = 5s (custom)
2019-09-26 19:35:57,952 [pool-271-thread-1] INFO  server.RaftServerConfigKeys (ConfUtils.java:logGet(43)) - raft.server.rpc.timeout.max = 5200ms (custom)
2019-09-26 19:35:57,952 [pool-271-thread-1] INFO  server.RaftServerConfigKeys (ConfUtils.java:logGet(43)) - raft.server.rpcslowness.timeout = 120s (custom)
2019-09-26 19:35:57,952 [pool-271-thread-1] INFO  server.RaftServerConfigKeys (ConfUtils.java:logGet(43)) - raft.server.sleep.deviation.threshold = 300 (default)
2019-09-26 19:35:57,952 [pool-271-thread-1] INFO  server.RaftServerConfigKeys (ConfUtils.java:logGet(43)) - raft.server.log.appender.install.snapshot.enabled = false (custom)
2019-09-26 19:35:57,952 [pool-271-thread-1] INFO  impl.RaftServerImpl (ServerState.java:<init>(103)) - 728ea44c-f097-440a-a87e-c27a68d48f14@group-38F2945183E6: ConfigurationManager, init=-1: [728ea44c-f097-440a-a87e-c27a68d48f14:192.168.151.99:38783], old=null, confs=<EMPTY_MAP>
2019-09-26 19:35:57,952 [pool-271-thread-1] INFO  server.RaftServerConfigKeys (ConfUtils.java:logGet(43)) - raft.server.storage.dir = [/workdir/hadoop-ozone/integration-test/target/test-dir/MiniOzoneClusterImpl-2f79a7d3-d7ae-4963-8370-12bb1e2132d7/datanode-1/data/ratis] (custom)
2019-09-26 19:35:57,953 [pool-271-thread-1] INFO  storage.RaftStorageDirectory (RaftStorageDirectory.java:analyzeStorage(246)) - The storage directory /workdir/hadoop-ozone/integration-test/target/test-dir/MiniOzoneClusterImpl-2f79a7d3-d7ae-4963-8370-12bb1e2132d7/datanode-1/data/ratis/1c0e2756-8e89-4632-a08f-38f2945183e6 does not exist. Creating ...
2019-09-26 19:35:57,956 [728ea44c-f097-440a-a87e-c27a68d48f14@group-15CFB16C7267-SegmentedRaftLogWorker] INFO  segmented.SegmentedRaftLogWorker (SegmentedRaftLogWorker.java:execute(569)) - 728ea44c-f097-440a-a87e-c27a68d48f14@group-15CFB16C7267-SegmentedRaftLogWorker: created new log segment /workdir/hadoop-ozone/integration-test/target/test-dir/MiniOzoneClusterImpl-2f79a7d3-d7ae-4963-8370-12bb1e2132d7/datanode-1/data/ratis/2576f68e-9e93-4302-a21c-15cfb16c7267/current/log_inprogress_0
2019-09-26 19:35:57,956 [27cb48db-4b88-4c0c-b213-19f9b2fffaff@group-B217E9D278B4-SegmentedRaftLogWorker] INFO  segmented.SegmentedRaftLogWorker (SegmentedRaftLogWorker.java:execute(569)) - 27cb48db-4b88-4c0c-b213-19f9b2fffaff@group-B217E9D278B4-SegmentedRaftLogWorker: created new log segment /workdir/hadoop-ozone/integration-test/target/test-dir/MiniOzoneClusterImpl-2f79a7d3-d7ae-4963-8370-12bb1e2132d7/datanode-0/data/ratis/f805a861-2245-47a4-bf30-b217e9d278b4/current/log_inprogress_0
2019-09-26 19:35:57,961 [pool-271-thread-1] INFO  storage.RaftStorageDirectory (RaftStorageDirectory.java:tryLock(328)) - Lock on /workdir/hadoop-ozone/integration-test/target/test-dir/MiniOzoneClusterImpl-2f79a7d3-d7ae-4963-8370-12bb1e2132d7/datanode-1/data/ratis/1c0e2756-8e89-4632-a08f-38f2945183e6/in_use.lock acquired by nodename 17888@pr-hdds-1569-g6sp5-2013761785
2019-09-26 19:35:57,961 [27cb48db-4b88-4c0c-b213-19f9b2fffaff@group-7609BE472F7F-SegmentedRaftLogWorker] INFO  segmented.SegmentedRaftLogWorker (SegmentedRaftLogWorker.java:execute(569)) - 27cb48db-4b88-4c0c-b213-19f9b2fffaff@group-7609BE472F7F-SegmentedRaftLogWorker: created new log segment /workdir/hadoop-ozone/integration-test/target/test-dir/MiniOzoneClusterImpl-2f79a7d3-d7ae-4963-8370-12bb1e2132d7/datanode-0/data/ratis/99f4ef92-f53b-4e99-a6cf-7609be472f7f/current/log_inprogress_0
2019-09-26 19:35:57,961 [728ea44c-f097-440a-a87e-c27a68d48f14@group-00022541A645-SegmentedRaftLogWorker] INFO  segmented.SegmentedRaftLogWorker (SegmentedRaftLogWorker.java:execute(569)) - 728ea44c-f097-440a-a87e-c27a68d48f14@group-00022541A645-SegmentedRaftLogWorker: created new log segment /workdir/hadoop-ozone/integration-test/target/test-dir/MiniOzoneClusterImpl-2f79a7d3-d7ae-4963-8370-12bb1e2132d7/datanode-1/data/ratis/6494a348-5af7-42be-8271-00022541a645/current/log_inprogress_0
2019-09-26 19:35:57,961 [27cb48db-4b88-4c0c-b213-19f9b2fffaff@group-B2A1FD65C529-SegmentedRaftLogWorker] INFO  segmented.SegmentedRaftLogWorker (SegmentedRaftLogWorker.java:execute(569)) - 27cb48db-4b88-4c0c-b213-19f9b2fffaff@group-B2A1FD65C529-SegmentedRaftLogWorker: created new log segment /workdir/hadoop-ozone/integration-test/target/test-dir/MiniOzoneClusterImpl-2f79a7d3-d7ae-4963-8370-12bb1e2132d7/datanode-0/data/ratis/5178b94e-bd72-42ff-911d-b2a1fd65c529/current/log_inprogress_0
2019-09-26 19:35:57,986 [728ea44c-f097-440a-a87e-c27a68d48f14@group-92D00FB65796-SegmentedRaftLogWorker] INFO  segmented.SegmentedRaftLogWorker (SegmentedRaftLogWorker.java:execute(569)) - 728ea44c-f097-440a-a87e-c27a68d48f14@group-92D00FB65796-SegmentedRaftLogWorker: created new log segment /workdir/hadoop-ozone/integration-test/target/test-dir/MiniOzoneClusterImpl-2f79a7d3-d7ae-4963-8370-12bb1e2132d7/datanode-1/data/ratis/a99fda9e-d5c1-47ab-8396-92d00fb65796/current/log_inprogress_0
2019-09-26 19:35:57,987 [27cb48db-4b88-4c0c-b213-19f9b2fffaff@group-C55E6199EF72-SegmentedRaftLogWorker] INFO  segmented.SegmentedRaftLogWorker (SegmentedRaftLogWorker.java:execute(569)) - 27cb48db-4b88-4c0c-b213-19f9b2fffaff@group-C55E6199EF72-SegmentedRaftLogWorker: created new log segment /workdir/hadoop-ozone/integration-test/target/test-dir/MiniOzoneClusterImpl-2f79a7d3-d7ae-4963-8370-12bb1e2132d7/datanode-0/data/ratis/841d7108-4296-44b8-8c01-c55e6199ef72/current/log_inprogress_0
2019-09-26 19:35:57,986 [99aa1396-69c4-4985-9b2a-20430cc4a0a7@group-0DB11BCE1CDB-SegmentedRaftLogWorker] INFO  segmented.SegmentedRaftLogWorker (SegmentedRaftLogWorker.java:execute(569)) - 99aa1396-69c4-4985-9b2a-20430cc4a0a7@group-0DB11BCE1CDB-SegmentedRaftLogWorker: created new log segment /workdir/hadoop-ozone/integration-test/target/test-dir/MiniOzoneClusterImpl-2f79a7d3-d7ae-4963-8370-12bb1e2132d7/datanode-2/data/ratis/efc32560-71b3-4e84-a0bc-0db11bce1cdb/current/log_inprogress_0
2019-09-26 19:35:57,986 [728ea44c-f097-440a-a87e-c27a68d48f14@group-ABA8D2B5BCFD-SegmentedRaftLogWorker] INFO  segmented.SegmentedRaftLogWorker (SegmentedRaftLogWorker.java:execute(569)) - 728ea44c-f097-440a-a87e-c27a68d48f14@group-ABA8D2B5BCFD-SegmentedRaftLogWorker: created new log segment /workdir/hadoop-ozone/integration-test/target/test-dir/MiniOzoneClusterImpl-2f79a7d3-d7ae-4963-8370-12bb1e2132d7/datanode-1/data/ratis/9f93e5c6-6c6b-4cce-bf32-aba8d2b5bcfd/current/log_inprogress_0
2019-09-26 19:35:57,986 [728ea44c-f097-440a-a87e-c27a68d48f14@group-6DE20CC328A6-SegmentedRaftLogWorker] INFO  segmented.SegmentedRaftLogWorker (SegmentedRaftLogWorker.java:execute(569)) - 728ea44c-f097-440a-a87e-c27a68d48f14@group-6DE20CC328A6-SegmentedRaftLogWorker: created new log segment /workdir/hadoop-ozone/integration-test/target/test-dir/MiniOzoneClusterImpl-2f79a7d3-d7ae-4963-8370-12bb1e2132d7/datanode-1/data/ratis/e99e6859-8292-49bb-acf9-6de20cc328a6/current/log_inprogress_0
2019-09-26 19:35:57,986 [728ea44c-f097-440a-a87e-c27a68d48f14@group-2CC0B6AE6D50-SegmentedRaftLogWorker] INFO  segmented.SegmentedRaftLogWorker (SegmentedRaftLogWorker.java:execute(569)) - 728ea44c-f097-440a-a87e-c27a68d48f14@group-2CC0B6AE6D50-SegmentedRaftLogWorker: created new log segment /workdir/hadoop-ozone/integration-test/target/test-dir/MiniOzoneClusterImpl-2f79a7d3-d7ae-4963-8370-12bb1e2132d7/datanode-1/data/ratis/4bb35e23-f93b-430f-9682-2cc0b6ae6d50/current/log_inprogress_0
2019-09-26 19:35:57,986 [27cb48db-4b88-4c0c-b213-19f9b2fffaff@group-7398F852BF56-SegmentedRaftLogWorker] INFO  segmented.SegmentedRaftLogWorker (SegmentedRaftLogWorker.java:execute(569)) - 27cb48db-4b88-4c0c-b213-19f9b2fffaff@group-7398F852BF56-SegmentedRaftLogWorker: created new log segment /workdir/hadoop-ozone/integration-test/target/test-dir/MiniOzoneClusterImpl-2f79a7d3-d7ae-4963-8370-12bb1e2132d7/datanode-0/data/ratis/818fa4c3-cfce-4eda-953a-7398f852bf56/current/log_inprogress_0
2019-09-26 19:35:57,986 [99aa1396-69c4-4985-9b2a-20430cc4a0a7@group-A023F2631D1E-SegmentedRaftLogWorker] INFO  segmented.SegmentedRaftLogWorker (SegmentedRaftLogWorker.java:execute(569)) - 99aa1396-69c4-4985-9b2a-20430cc4a0a7@group-A023F2631D1E-SegmentedRaftLogWorker: created new log segment /workdir/hadoop-ozone/integration-test/target/test-dir/MiniOzoneClusterImpl-2f79a7d3-d7ae-4963-8370-12bb1e2132d7/datanode-2/data/ratis/e8844d60-4d15-4c43-a44c-a023f2631d1e/current/log_inprogress_0
2019-09-26 19:35:57,990 [27cb48db-4b88-4c0c-b213-19f9b2fffaff@group-5FED7D508D86-SegmentedRaftLogWorker] INFO  segmented.SegmentedRaftLogWorker (SegmentedRaftLogWorker.java:execute(569)) - 27cb48db-4b88-4c0c-b213-19f9b2fffaff@group-5FED7D508D86-SegmentedRaftLogWorker: created new log segment /workdir/hadoop-ozone/integration-test/target/test-dir/MiniOzoneClusterImpl-2f79a7d3-d7ae-4963-8370-12bb1e2132d7/datanode-0/data/ratis/c0a9b0af-2fed-4640-8836-5fed7d508d86/current/log_inprogress_0
2019-09-26 19:35:57,990 [pool-271-thread-1] INFO  storage.RaftStorage (RaftStorage.java:format(72)) - Storage directory /workdir/hadoop-ozone/integration-test/target/test-dir/MiniOzoneClusterImpl-2f79a7d3-d7ae-4963-8370-12bb1e2132d7/datanode-1/data/ratis/1c0e2756-8e89-4632-a08f-38f2945183e6 has been successfully formatted.
2019-09-26 19:35:57,990 [pool-271-thread-1] INFO  ratis.ContainerStateMachine (ContainerStateMachine.java:loadSnapshot(230)) - group-38F2945183E6: The snapshot info is null. Setting the last applied indexto:(t:0, i:~)
2019-09-26 19:35:57,990 [pool-271-thread-1] INFO  server.RaftServerConfigKeys (ConfUtils.java:logGet(43)) - raft.server.notification.no-leader.timeout = 120s (custom)
2019-09-26 19:35:57,991 [pool-271-thread-1] INFO  server.RaftServerConfigKeys (ConfUtils.java:logGet(43)) - raft.server.log.use.memory = false (default)
2019-09-26 19:35:57,991 [pool-271-thread-1] INFO  server.RaftServerConfigKeys (ConfUtils.java:logGet(43)) - raft.server.log.purge.gap = 1000000 (custom)
2019-09-26 19:35:57,991 [pool-271-thread-1] INFO  server.RaftServerConfigKeys (ConfUtils.java:logGet(43)) - raft.server.log.appender.buffer.byte-limit = 33554432 (custom)
2019-09-26 19:35:57,991 [pool-271-thread-1] INFO  server.RaftServerConfigKeys (ConfUtils.java:logGet(43)) - raft.server.log.segment.size.max = 1048576 (custom)
2019-09-26 19:35:57,991 [pool-271-thread-1] INFO  server.RaftServerConfigKeys (ConfUtils.java:logGet(43)) - raft.server.log.segment.cache.num.max = 2 (custom)
2019-09-26 19:35:57,991 [pool-271-thread-1] INFO  segmented.SegmentedRaftLogWorker (SegmentedRaftLogWorker.java:<init>(172)) - new 728ea44c-f097-440a-a87e-c27a68d48f14@group-38F2945183E6-SegmentedRaftLogWorker for RaftStorage:Storage Directory /workdir/hadoop-ozone/integration-test/target/test-dir/MiniOzoneClusterImpl-2f79a7d3-d7ae-4963-8370-12bb1e2132d7/datanode-1/data/ratis/1c0e2756-8e89-4632-a08f-38f2945183e6
2019-09-26 19:35:57,991 [pool-271-thread-1] INFO  server.RaftServerConfigKeys (ConfUtils.java:logGet(43)) - raft.server.log.queue.byte-limit = 2147483647 (custom)
2019-09-26 19:35:57,991 [pool-271-thread-1] INFO  server.RaftServerConfigKeys (ConfUtils.java:logGet(43)) - raft.server.log.queue.element-limit = 1024 (custom)
2019-09-26 19:35:57,991 [pool-271-thread-1] INFO  server.RaftServerConfigKeys (ConfUtils.java:logGet(43)) - raft.server.log.segment.size.max = 1048576 (custom)
2019-09-26 19:35:57,991 [pool-271-thread-1] INFO  server.RaftServerConfigKeys (ConfUtils.java:logGet(43)) - raft.server.log.preallocated.size = 16384 (custom)
2019-09-26 19:35:57,991 [pool-271-thread-1] INFO  server.RaftServerConfigKeys (ConfUtils.java:logGet(43)) - raft.server.log.write.buffer.size = 33554432 (custom)
2019-09-26 19:35:57,991 [pool-271-thread-1] INFO  server.RaftServerConfigKeys (ConfUtils.java:logGet(43)) - raft.server.log.force.sync.num = 128 (default)
2019-09-26 19:35:57,991 [pool-271-thread-1] INFO  server.RaftServerConfigKeys (ConfUtils.java:logGet(43)) - raft.server.log.statemachine.data.sync = true (default)
2019-09-26 19:35:57,992 [pool-271-thread-1] INFO  server.RaftServerConfigKeys (ConfUtils.java:logGet(43)) - raft.server.log.statemachine.data.sync.timeout = 10s (default)
2019-09-26 19:35:57,992 [pool-271-thread-1] INFO  server.RaftServerConfigKeys (ConfUtils.java:logGet(43)) - raft.server.log.statemachine.data.sync.timeout.retry = -1 (default)
2019-09-26 19:35:57,992 [pool-271-thread-1] INFO  server.RaftServerConfigKeys (ConfUtils.java:logGet(43)) - raft.server.log.statemachine.data.caching.enabled = true (custom)
2019-09-26 19:35:57,992 [pool-271-thread-1] INFO  segmented.SegmentedRaftLogWorker (SegmentedRaftLogWorker.java:lambda$new$0(132)) - 728ea44c-f097-440a-a87e-c27a68d48f14@group-38F2945183E6-SegmentedRaftLogWorker: flushIndex: setUnconditionally 0 -> -1
2019-09-26 19:35:57,992 [pool-271-thread-1] INFO  server.RaftServerConfigKeys (ConfUtils.java:logGet(43)) - raft.server.snapshot.auto.trigger.enabled = true (custom)
2019-09-26 19:35:57,992 [pool-271-thread-1] INFO  server.RaftServerConfigKeys (ConfUtils.java:logGet(43)) - raft.server.snapshot.auto.trigger.threshold = 10000 (custom)
2019-09-26 19:35:57,992 [pool-271-thread-1] INFO  server.RaftServerConfigKeys (ConfUtils.java:logGet(43)) - raft.server.snapshot.retention.num.files = 5 (custom)
2019-09-26 19:35:57,992 [pool-271-thread-1] INFO  server.RaftServerConfigKeys (ConfUtils.java:logGet(43)) - raft.server.retrycache.expirytime = 600000ms (custom)
2019-09-26 19:35:57,993 [pool-271-thread-1] INFO  impl.RaftServerImpl (RaftServerImpl.java:start(185)) - 728ea44c-f097-440a-a87e-c27a68d48f14@group-38F2945183E6: start as a follower, conf=-1: [728ea44c-f097-440a-a87e-c27a68d48f14:192.168.151.99:38783], old=null
2019-09-26 19:35:57,993 [pool-271-thread-1] INFO  impl.RaftServerImpl (RaftServerImpl.java:setRole(174)) - 728ea44c-f097-440a-a87e-c27a68d48f14@group-38F2945183E6: changes role from      null to FOLLOWER at term 0 for startAsFollower
2019-09-26 19:35:57,993 [Thread-6498] INFO  impl.FollowerState (FollowerState.java:run(106)) - 27cb48db-4b88-4c0c-b213-19f9b2fffaff:group-54BA70092F96 changes to CANDIDATE, lastRpcTime:5196, electionTimeout:5196ms
2019-09-26 19:35:57,993 [pool-271-thread-1] INFO  impl.RoleInfo (RoleInfo.java:updateAndGet(143)) - 728ea44c-f097-440a-a87e-c27a68d48f14: start FollowerState
2019-09-26 19:35:57,993 [Thread-6498] INFO  impl.RoleInfo (RoleInfo.java:shutdownFollowerState(121)) - 27cb48db-4b88-4c0c-b213-19f9b2fffaff: shutdown FollowerState
2019-09-26 19:35:57,994 [Thread-6498] INFO  impl.RaftServerImpl (RaftServerImpl.java:setRole(174)) - 27cb48db-4b88-4c0c-b213-19f9b2fffaff@group-54BA70092F96: changes role from  FOLLOWER to CANDIDATE at term 0 for changeToCandidate
2019-09-26 19:35:57,994 [pool-271-thread-1] INFO  util.JmxRegister (JmxRegister.java:tryRegister(44)) - Successfully registered JMX Bean with object name Ratis:service=RaftServer,group=group-38F2945183E6,id=728ea44c-f097-440a-a87e-c27a68d48f14
2019-09-26 19:35:57,994 [Thread-6498] INFO  impl.RoleInfo (RoleInfo.java:updateAndGet(143)) - 27cb48db-4b88-4c0c-b213-19f9b2fffaff: start LeaderElection
2019-09-26 19:35:57,995 [RatisPipelineUtilsThread] INFO  pipeline.PipelineStateManager (PipelineStateManager.java:addPipeline(56)) - Created pipeline Pipeline[ Id: 1c0e2756-8e89-4632-a08f-38f2945183e6, Nodes: 728ea44c-f097-440a-a87e-c27a68d48f14{ip: 192.168.151.99, host: pr-hdds-1569-g6sp5-2013761785, networkLocation: /rack1, certSerialId: null}, Type:RATIS, Factor:ONE, State:OPEN]
2019-09-26 19:35:57,997 [grpc-default-executor-2] INFO  impl.RaftServerProxy (RaftServerProxy.java:addNew(89)) - 99aa1396-69c4-4985-9b2a-20430cc4a0a7: addNew group-BA736CDCA3E4:[99aa1396-69c4-4985-9b2a-20430cc4a0a7:192.168.151.99:40213] returns group-BA736CDCA3E4:java.util.concurrent.CompletableFuture@55e4190b[Not completed]
2019-09-26 19:35:57,997 [pool-281-thread-1] INFO  impl.RaftServerImpl (RaftServerImpl.java:<init>(95)) - 99aa1396-69c4-4985-9b2a-20430cc4a0a7: new RaftServerImpl for group-BA736CDCA3E4:[99aa1396-69c4-4985-9b2a-20430cc4a0a7:192.168.151.99:40213] with ContainerStateMachine:uninitialized
2019-09-26 19:35:57,997 [pool-281-thread-1] INFO  server.RaftServerConfigKeys (ConfUtils.java:logGet(43)) - raft.server.rpc.timeout.min = 5s (custom)
2019-09-26 19:35:57,997 [pool-281-thread-1] INFO  server.RaftServerConfigKeys (ConfUtils.java:logGet(43)) - raft.server.rpc.timeout.max = 5200ms (custom)
2019-09-26 19:35:57,998 [pool-281-thread-1] INFO  server.RaftServerConfigKeys (ConfUtils.java:logGet(43)) - raft.server.rpcslowness.timeout = 120s (custom)
2019-09-26 19:35:57,998 [pool-281-thread-1] INFO  server.RaftServerConfigKeys (ConfUtils.java:logGet(43)) - raft.server.sleep.deviation.threshold = 300 (default)
2019-09-26 19:35:57,998 [pool-281-thread-1] INFO  server.RaftServerConfigKeys (ConfUtils.java:logGet(43)) - raft.server.log.appender.install.snapshot.enabled = false (custom)
2019-09-26 19:35:57,998 [pool-281-thread-1] INFO  impl.RaftServerImpl (ServerState.java:<init>(103)) - 99aa1396-69c4-4985-9b2a-20430cc4a0a7@group-BA736CDCA3E4: ConfigurationManager, init=-1: [99aa1396-69c4-4985-9b2a-20430cc4a0a7:192.168.151.99:40213], old=null, confs=<EMPTY_MAP>
2019-09-26 19:35:57,998 [pool-281-thread-1] INFO  server.RaftServerConfigKeys (ConfUtils.java:logGet(43)) - raft.server.storage.dir = [/workdir/hadoop-ozone/integration-test/target/test-dir/MiniOzoneClusterImpl-2f79a7d3-d7ae-4963-8370-12bb1e2132d7/datanode-2/data/ratis] (custom)
2019-09-26 19:35:57,998 [pool-281-thread-1] INFO  storage.RaftStorageDirectory (RaftStorageDirectory.java:analyzeStorage(246)) - The storage directory /workdir/hadoop-ozone/integration-test/target/test-dir/MiniOzoneClusterImpl-2f79a7d3-d7ae-4963-8370-12bb1e2132d7/datanode-2/data/ratis/47d5ae2f-c419-4649-8f28-ba736cdca3e4 does not exist. Creating ...
2019-09-26 19:35:58,003 [Thread-6513] INFO  impl.FollowerState (FollowerState.java:run(106)) - 27cb48db-4b88-4c0c-b213-19f9b2fffaff:group-A23FB99A743D changes to CANDIDATE, lastRpcTime:5004, electionTimeout:5004ms
2019-09-26 19:35:58,003 [Thread-6513] INFO  impl.RoleInfo (RoleInfo.java:shutdownFollowerState(121)) - 27cb48db-4b88-4c0c-b213-19f9b2fffaff: shutdown FollowerState
2019-09-26 19:35:58,004 [Thread-6513] INFO  impl.RaftServerImpl (RaftServerImpl.java:setRole(174)) - 27cb48db-4b88-4c0c-b213-19f9b2fffaff@group-A23FB99A743D: changes role from  FOLLOWER to CANDIDATE at term 0 for changeToCandidate
2019-09-26 19:35:58,004 [Thread-6513] INFO  impl.RoleInfo (RoleInfo.java:updateAndGet(143)) - 27cb48db-4b88-4c0c-b213-19f9b2fffaff: start LeaderElection
2019-09-26 19:35:58,024 [pool-281-thread-1] INFO  storage.RaftStorageDirectory (RaftStorageDirectory.java:tryLock(328)) - Lock on /workdir/hadoop-ozone/integration-test/target/test-dir/MiniOzoneClusterImpl-2f79a7d3-d7ae-4963-8370-12bb1e2132d7/datanode-2/data/ratis/47d5ae2f-c419-4649-8f28-ba736cdca3e4/in_use.lock acquired by nodename 17888@pr-hdds-1569-g6sp5-2013761785
2019-09-26 19:35:58,024 [27cb48db-4b88-4c0c-b213-19f9b2fffaff@group-A23FB99A743D:LeaderElection916] INFO  impl.LeaderElection (LeaderElection.java:askForVotes(182)) - 27cb48db-4b88-4c0c-b213-19f9b2fffaff@group-A23FB99A743D:LeaderElection916: begin an election at term 1 for -1: [27cb48db-4b88-4c0c-b213-19f9b2fffaff:192.168.151.99:37457], old=null
2019-09-26 19:35:58,024 [27cb48db-4b88-4c0c-b213-19f9b2fffaff@group-54BA70092F96:LeaderElection915] INFO  impl.LeaderElection (LeaderElection.java:askForVotes(182)) - 27cb48db-4b88-4c0c-b213-19f9b2fffaff@group-54BA70092F96:LeaderElection915: begin an election at term 1 for -1: [27cb48db-4b88-4c0c-b213-19f9b2fffaff:192.168.151.99:37457], old=null
2019-09-26 19:35:58,024 [27cb48db-4b88-4c0c-b213-19f9b2fffaff@group-A23FB99A743D:LeaderElection916] INFO  impl.RoleInfo (RoleInfo.java:shutdownLeaderElection(134)) - 27cb48db-4b88-4c0c-b213-19f9b2fffaff: shutdown LeaderElection
2019-09-26 19:35:58,024 [27cb48db-4b88-4c0c-b213-19f9b2fffaff@group-54BA70092F96:LeaderElection915] INFO  impl.RoleInfo (RoleInfo.java:shutdownLeaderElection(134)) - 27cb48db-4b88-4c0c-b213-19f9b2fffaff: shutdown LeaderElection
2019-09-26 19:35:58,024 [27cb48db-4b88-4c0c-b213-19f9b2fffaff@group-A23FB99A743D:LeaderElection916] INFO  impl.RaftServerImpl (RaftServerImpl.java:setRole(174)) - 27cb48db-4b88-4c0c-b213-19f9b2fffaff@group-A23FB99A743D: changes role from CANDIDATE to LEADER at term 1 for changeToLeader
2019-09-26 19:35:58,024 [27cb48db-4b88-4c0c-b213-19f9b2fffaff@group-54BA70092F96:LeaderElection915] INFO  impl.RaftServerImpl (RaftServerImpl.java:setRole(174)) - 27cb48db-4b88-4c0c-b213-19f9b2fffaff@group-54BA70092F96: changes role from CANDIDATE to LEADER at term 1 for changeToLeader
2019-09-26 19:35:58,024 [27cb48db-4b88-4c0c-b213-19f9b2fffaff@group-A23FB99A743D:LeaderElection916] INFO  impl.RaftServerImpl (ServerState.java:setLeader(253)) - 27cb48db-4b88-4c0c-b213-19f9b2fffaff@group-A23FB99A743D: change Leader from null to 27cb48db-4b88-4c0c-b213-19f9b2fffaff at term 1 for becomeLeader, leader elected after 5028ms
2019-09-26 19:35:58,024 [27cb48db-4b88-4c0c-b213-19f9b2fffaff@group-54BA70092F96:LeaderElection915] INFO  impl.RaftServerImpl (ServerState.java:setLeader(253)) - 27cb48db-4b88-4c0c-b213-19f9b2fffaff@group-54BA70092F96: change Leader from null to 27cb48db-4b88-4c0c-b213-19f9b2fffaff at term 1 for becomeLeader, leader elected after 5232ms
2019-09-26 19:35:58,025 [Thread-6501] INFO  impl.FollowerState (FollowerState.java:run(106)) - 27cb48db-4b88-4c0c-b213-19f9b2fffaff:group-DE261D7A2ABD changes to CANDIDATE, lastRpcTime:5180, electionTimeout:5180ms
2019-09-26 19:35:58,025 [27cb48db-4b88-4c0c-b213-19f9b2fffaff@group-A23FB99A743D:LeaderElection916] INFO  server.RaftServerConfigKeys (ConfUtils.java:logGet(43)) - raft.server.staging.catchup.gap = 1000 (default)
2019-09-26 19:35:58,025 [Thread-6501] INFO  impl.RoleInfo (RoleInfo.java:shutdownFollowerState(121)) - 27cb48db-4b88-4c0c-b213-19f9b2fffaff: shutdown FollowerState
2019-09-26 19:35:58,025 [27cb48db-4b88-4c0c-b213-19f9b2fffaff@group-54BA70092F96:LeaderElection915] INFO  server.RaftServerConfigKeys (ConfUtils.java:logGet(43)) - raft.server.staging.catchup.gap = 1000 (default)
2019-09-26 19:35:58,025 [27cb48db-4b88-4c0c-b213-19f9b2fffaff@group-54BA70092F96:LeaderElection915] INFO  server.RaftServerConfigKeys (ConfUtils.java:logGet(43)) - raft.server.rpc.sleep.time = 25ms (default)
2019-09-26 19:35:58,025 [Thread-6501] INFO  impl.RaftServerImpl (RaftServerImpl.java:setRole(174)) - 27cb48db-4b88-4c0c-b213-19f9b2fffaff@group-DE261D7A2ABD: changes role from  FOLLOWER to CANDIDATE at term 0 for changeToCandidate
2019-09-26 19:35:58,025 [27cb48db-4b88-4c0c-b213-19f9b2fffaff@group-A23FB99A743D:LeaderElection916] INFO  server.RaftServerConfigKeys (ConfUtils.java:logGet(43)) - raft.server.rpc.sleep.time = 25ms (default)
2019-09-26 19:35:58,025 [Thread-6501] INFO  impl.RoleInfo (RoleInfo.java:updateAndGet(143)) - 27cb48db-4b88-4c0c-b213-19f9b2fffaff: start LeaderElection
2019-09-26 19:35:58,025 [27cb48db-4b88-4c0c-b213-19f9b2fffaff@group-54BA70092F96:LeaderElection915] INFO  server.RaftServerConfigKeys (ConfUtils.java:logGet(43)) - raft.server.write.element-limit = 4096 (default)
2019-09-26 19:35:58,026 [27cb48db-4b88-4c0c-b213-19f9b2fffaff@group-54BA70092F96:LeaderElection915] INFO  server.RaftServerConfigKeys (ConfUtils.java:logGet(43)) - raft.server.watch.timeout = 10s (default)
2019-09-26 19:35:58,026 [27cb48db-4b88-4c0c-b213-19f9b2fffaff@group-54BA70092F96:LeaderElection915] INFO  server.RaftServerConfigKeys (ConfUtils.java:logGet(43)) - raft.server.watch.timeout.denomination = 1s (default)
2019-09-26 19:35:58,025 [27cb48db-4b88-4c0c-b213-19f9b2fffaff@group-A23FB99A743D:LeaderElection916] INFO  server.RaftServerConfigKeys (ConfUtils.java:logGet(43)) - raft.server.write.element-limit = 4096 (default)
2019-09-26 19:35:58,026 [27cb48db-4b88-4c0c-b213-19f9b2fffaff@group-54BA70092F96:LeaderElection915] INFO  server.RaftServerConfigKeys (ConfUtils.java:logGet(43)) - raft.server.watch.element-limit = 65536 (default)
2019-09-26 19:35:58,026 [27cb48db-4b88-4c0c-b213-19f9b2fffaff@group-A23FB99A743D:LeaderElection916] INFO  server.RaftServerConfigKeys (ConfUtils.java:logGet(43)) - raft.server.watch.timeout = 10s (default)
2019-09-26 19:35:58,026 [27cb48db-4b88-4c0c-b213-19f9b2fffaff@group-A23FB99A743D:LeaderElection916] INFO  server.RaftServerConfigKeys (ConfUtils.java:logGet(43)) - raft.server.watch.timeout.denomination = 1s (default)
2019-09-26 19:35:58,026 [27cb48db-4b88-4c0c-b213-19f9b2fffaff@group-A23FB99A743D:LeaderElection916] INFO  server.RaftServerConfigKeys (ConfUtils.java:logGet(43)) - raft.server.watch.element-limit = 65536 (default)
2019-09-26 19:35:58,027 [27cb48db-4b88-4c0c-b213-19f9b2fffaff@group-54BA70092F96:LeaderElection915] INFO  impl.RoleInfo (RoleInfo.java:updateAndGet(143)) - 27cb48db-4b88-4c0c-b213-19f9b2fffaff: start LeaderState
2019-09-26 19:35:58,027 [27cb48db-4b88-4c0c-b213-19f9b2fffaff@group-54BA70092F96:LeaderElection915] INFO  segmented.SegmentedRaftLogWorker (SegmentedRaftLogWorker.java:startLogSegment(380)) - 27cb48db-4b88-4c0c-b213-19f9b2fffaff@group-54BA70092F96-SegmentedRaftLogWorker: Starting segment from index:0
2019-09-26 19:35:58,028 [27cb48db-4b88-4c0c-b213-19f9b2fffaff@group-54BA70092F96:LeaderElection915] INFO  impl.RaftServerImpl (ServerState.java:setRaftConf(354)) - 27cb48db-4b88-4c0c-b213-19f9b2fffaff@group-54BA70092F96: set configuration 0: [27cb48db-4b88-4c0c-b213-19f9b2fffaff:192.168.151.99:37457], old=null at 0
2019-09-26 19:35:58,028 [27cb48db-4b88-4c0c-b213-19f9b2fffaff@group-A23FB99A743D:LeaderElection916] INFO  impl.RoleInfo (RoleInfo.java:updateAndGet(143)) - 27cb48db-4b88-4c0c-b213-19f9b2fffaff: start LeaderState
2019-09-26 19:35:58,028 [27cb48db-4b88-4c0c-b213-19f9b2fffaff@group-A23FB99A743D:LeaderElection916] INFO  segmented.SegmentedRaftLogWorker (SegmentedRaftLogWorker.java:startLogSegment(380)) - 27cb48db-4b88-4c0c-b213-19f9b2fffaff@group-A23FB99A743D-SegmentedRaftLogWorker: Starting segment from index:0
2019-09-26 19:35:58,028 [27cb48db-4b88-4c0c-b213-19f9b2fffaff@group-A23FB99A743D:LeaderElection916] INFO  impl.RaftServerImpl (ServerState.java:setRaftConf(354)) - 27cb48db-4b88-4c0c-b213-19f9b2fffaff@group-A23FB99A743D: set configuration 0: [27cb48db-4b88-4c0c-b213-19f9b2fffaff:192.168.151.99:37457], old=null at 0
2019-09-26 19:35:58,045 [pool-281-thread-1] INFO  storage.RaftStorage (RaftStorage.java:format(72)) - Storage directory /workdir/hadoop-ozone/integration-test/target/test-dir/MiniOzoneClusterImpl-2f79a7d3-d7ae-4963-8370-12bb1e2132d7/datanode-2/data/ratis/47d5ae2f-c419-4649-8f28-ba736cdca3e4 has been successfully formatted.
2019-09-26 19:35:58,045 [27cb48db-4b88-4c0c-b213-19f9b2fffaff@group-DE261D7A2ABD:LeaderElection917] INFO  impl.LeaderElection (LeaderElection.java:askForVotes(182)) - 27cb48db-4b88-4c0c-b213-19f9b2fffaff@group-DE261D7A2ABD:LeaderElection917: begin an election at term 1 for -1: [27cb48db-4b88-4c0c-b213-19f9b2fffaff:192.168.151.99:37457], old=null
2019-09-26 19:35:58,045 [pool-281-thread-1] INFO  ratis.ContainerStateMachine (ContainerStateMachine.java:loadSnapshot(230)) - group-BA736CDCA3E4: The snapshot info is null. Setting the last applied indexto:(t:0, i:~)
2019-09-26 19:35:58,045 [27cb48db-4b88-4c0c-b213-19f9b2fffaff@group-DE261D7A2ABD:LeaderElection917] INFO  impl.RoleInfo (RoleInfo.java:shutdownLeaderElection(134)) - 27cb48db-4b88-4c0c-b213-19f9b2fffaff: shutdown LeaderElection
2019-09-26 19:35:58,046 [pool-281-thread-1] INFO  server.RaftServerConfigKeys (ConfUtils.java:logGet(43)) - raft.server.notification.no-leader.timeout = 120s (custom)
2019-09-26 19:35:58,046 [27cb48db-4b88-4c0c-b213-19f9b2fffaff@group-DE261D7A2ABD:LeaderElection917] INFO  impl.RaftServerImpl (RaftServerImpl.java:setRole(174)) - 27cb48db-4b88-4c0c-b213-19f9b2fffaff@group-DE261D7A2ABD: changes role from CANDIDATE to LEADER at term 1 for changeToLeader
2019-09-26 19:35:58,046 [pool-281-thread-1] INFO  server.RaftServerConfigKeys (ConfUtils.java:logGet(43)) - raft.server.log.use.memory = false (default)
2019-09-26 19:35:58,046 [27cb48db-4b88-4c0c-b213-19f9b2fffaff@group-DE261D7A2ABD:LeaderElection917] INFO  impl.RaftServerImpl (ServerState.java:setLeader(253)) - 27cb48db-4b88-4c0c-b213-19f9b2fffaff@group-DE261D7A2ABD: change Leader from null to 27cb48db-4b88-4c0c-b213-19f9b2fffaff at term 1 for becomeLeader, leader elected after 5206ms
2019-09-26 19:35:58,046 [pool-281-thread-1] INFO  server.RaftServerConfigKeys (ConfUtils.java:logGet(43)) - raft.server.log.purge.gap = 1000000 (custom)
2019-09-26 19:35:58,046 [27cb48db-4b88-4c0c-b213-19f9b2fffaff@group-DE261D7A2ABD:LeaderElection917] INFO  server.RaftServerConfigKeys (ConfUtils.java:logGet(43)) - raft.server.staging.catchup.gap = 1000 (default)
2019-09-26 19:35:58,046 [pool-281-thread-1] INFO  server.RaftServerConfigKeys (ConfUtils.java:logGet(43)) - raft.server.log.appender.buffer.byte-limit = 33554432 (custom)
2019-09-26 19:35:58,046 [27cb48db-4b88-4c0c-b213-19f9b2fffaff@group-DE261D7A2ABD:LeaderElection917] INFO  server.RaftServerConfigKeys (ConfUtils.java:logGet(43)) - raft.server.rpc.sleep.time = 25ms (default)
2019-09-26 19:35:58,046 [pool-281-thread-1] INFO  server.RaftServerConfigKeys (ConfUtils.java:logGet(43)) - raft.server.log.segment.size.max = 1048576 (custom)
2019-09-26 19:35:58,046 [27cb48db-4b88-4c0c-b213-19f9b2fffaff@group-DE261D7A2ABD:LeaderElection917] INFO  server.RaftServerConfigKeys (ConfUtils.java:logGet(43)) - raft.server.write.element-limit = 4096 (default)
2019-09-26 19:35:58,047 [pool-281-thread-1] INFO  server.RaftServerConfigKeys (ConfUtils.java:logGet(43)) - raft.server.log.segment.cache.num.max = 2 (custom)
2019-09-26 19:35:58,047 [27cb48db-4b88-4c0c-b213-19f9b2fffaff@group-DE261D7A2ABD:LeaderElection917] INFO  server.RaftServerConfigKeys (ConfUtils.java:logGet(43)) - raft.server.watch.timeout = 10s (default)
2019-09-26 19:35:58,047 [pool-281-thread-1] INFO  segmented.SegmentedRaftLogWorker (SegmentedRaftLogWorker.java:<init>(172)) - new 99aa1396-69c4-4985-9b2a-20430cc4a0a7@group-BA736CDCA3E4-SegmentedRaftLogWorker for RaftStorage:Storage Directory /workdir/hadoop-ozone/integration-test/target/test-dir/MiniOzoneClusterImpl-2f79a7d3-d7ae-4963-8370-12bb1e2132d7/datanode-2/data/ratis/47d5ae2f-c419-4649-8f28-ba736cdca3e4
2019-09-26 19:35:58,047 [27cb48db-4b88-4c0c-b213-19f9b2fffaff@group-DE261D7A2ABD:LeaderElection917] INFO  server.RaftServerConfigKeys (ConfUtils.java:logGet(43)) - raft.server.watch.timeout.denomination = 1s (default)
2019-09-26 19:35:58,047 [pool-281-thread-1] INFO  server.RaftServerConfigKeys (ConfUtils.java:logGet(43)) - raft.server.log.queue.byte-limit = 2147483647 (custom)
2019-09-26 19:35:58,047 [27cb48db-4b88-4c0c-b213-19f9b2fffaff@group-DE261D7A2ABD:LeaderElection917] INFO  server.RaftServerConfigKeys (ConfUtils.java:logGet(43)) - raft.server.watch.element-limit = 65536 (default)
2019-09-26 19:35:58,047 [pool-281-thread-1] INFO  server.RaftServerConfigKeys (ConfUtils.java:logGet(43)) - raft.server.log.queue.element-limit = 1024 (custom)
2019-09-26 19:35:58,047 [pool-281-thread-1] INFO  server.RaftServerConfigKeys (ConfUtils.java:logGet(43)) - raft.server.log.segment.size.max = 1048576 (custom)
2019-09-26 19:35:58,047 [pool-281-thread-1] INFO  server.RaftServerConfigKeys (ConfUtils.java:logGet(43)) - raft.server.log.preallocated.size = 16384 (custom)
2019-09-26 19:35:58,047 [pool-281-thread-1] INFO  server.RaftServerConfigKeys (ConfUtils.java:logGet(43)) - raft.server.log.write.buffer.size = 33554432 (custom)
2019-09-26 19:35:58,048 [pool-281-thread-1] INFO  server.RaftServerConfigKeys (ConfUtils.java:logGet(43)) - raft.server.log.force.sync.num = 128 (default)
2019-09-26 19:35:58,048 [pool-281-thread-1] INFO  server.RaftServerConfigKeys (ConfUtils.java:logGet(43)) - raft.server.log.statemachine.data.sync = true (default)
2019-09-26 19:35:58,048 [pool-281-thread-1] INFO  server.RaftServerConfigKeys (ConfUtils.java:logGet(43)) - raft.server.log.statemachine.data.sync.timeout = 10s (default)
2019-09-26 19:35:58,048 [pool-281-thread-1] INFO  server.RaftServerConfigKeys (ConfUtils.java:logGet(43)) - raft.server.log.statemachine.data.sync.timeout.retry = -1 (default)
2019-09-26 19:35:58,048 [pool-281-thread-1] INFO  server.RaftServerConfigKeys (ConfUtils.java:logGet(43)) - raft.server.log.statemachine.data.caching.enabled = true (custom)
2019-09-26 19:35:58,048 [27cb48db-4b88-4c0c-b213-19f9b2fffaff@group-DE261D7A2ABD:LeaderElection917] INFO  impl.RoleInfo (RoleInfo.java:updateAndGet(143)) - 27cb48db-4b88-4c0c-b213-19f9b2fffaff: start LeaderState
2019-09-26 19:35:58,048 [pool-281-thread-1] INFO  segmented.SegmentedRaftLogWorker (SegmentedRaftLogWorker.java:lambda$new$0(132)) - 99aa1396-69c4-4985-9b2a-20430cc4a0a7@group-BA736CDCA3E4-SegmentedRaftLogWorker: flushIndex: setUnconditionally 0 -> -1
2019-09-26 19:35:58,048 [27cb48db-4b88-4c0c-b213-19f9b2fffaff@group-DE261D7A2ABD:LeaderElection917] INFO  segmented.SegmentedRaftLogWorker (SegmentedRaftLogWorker.java:startLogSegment(380)) - 27cb48db-4b88-4c0c-b213-19f9b2fffaff@group-DE261D7A2ABD-SegmentedRaftLogWorker: Starting segment from index:0
2019-09-26 19:35:58,048 [pool-281-thread-1] INFO  server.RaftServerConfigKeys (ConfUtils.java:logGet(43)) - raft.server.snapshot.auto.trigger.enabled = true (custom)
2019-09-26 19:35:58,049 [pool-281-thread-1] INFO  server.RaftServerConfigKeys (ConfUtils.java:logGet(43)) - raft.server.snapshot.auto.trigger.threshold = 10000 (custom)
2019-09-26 19:35:58,049 [pool-281-thread-1] INFO  server.RaftServerConfigKeys (ConfUtils.java:logGet(43)) - raft.server.snapshot.retention.num.files = 5 (custom)
2019-09-26 19:35:58,049 [27cb48db-4b88-4c0c-b213-19f9b2fffaff@group-DE261D7A2ABD:LeaderElection917] INFO  impl.RaftServerImpl (ServerState.java:setRaftConf(354)) - 27cb48db-4b88-4c0c-b213-19f9b2fffaff@group-DE261D7A2ABD: set configuration 0: [27cb48db-4b88-4c0c-b213-19f9b2fffaff:192.168.151.99:37457], old=null at 0
2019-09-26 19:35:58,049 [pool-281-thread-1] INFO  server.RaftServerConfigKeys (ConfUtils.java:logGet(43)) - raft.server.retrycache.expirytime = 600000ms (custom)
2019-09-26 19:35:58,050 [pool-281-thread-1] INFO  impl.RaftServerImpl (RaftServerImpl.java:start(185)) - 99aa1396-69c4-4985-9b2a-20430cc4a0a7@group-BA736CDCA3E4: start as a follower, conf=-1: [99aa1396-69c4-4985-9b2a-20430cc4a0a7:192.168.151.99:40213], old=null
2019-09-26 19:35:58,050 [pool-281-thread-1] INFO  impl.RaftServerImpl (RaftServerImpl.java:setRole(174)) - 99aa1396-69c4-4985-9b2a-20430cc4a0a7@group-BA736CDCA3E4: changes role from      null to FOLLOWER at term 0 for startAsFollower
2019-09-26 19:35:58,050 [pool-281-thread-1] INFO  impl.RoleInfo (RoleInfo.java:updateAndGet(143)) - 99aa1396-69c4-4985-9b2a-20430cc4a0a7: start FollowerState
2019-09-26 19:35:58,050 [pool-281-thread-1] INFO  util.JmxRegister (JmxRegister.java:tryRegister(44)) - Successfully registered JMX Bean with object name Ratis:service=RaftServer,group=group-BA736CDCA3E4,id=99aa1396-69c4-4985-9b2a-20430cc4a0a7
2019-09-26 19:35:58,051 [Thread-6510] INFO  impl.FollowerState (FollowerState.java:run(106)) - 27cb48db-4b88-4c0c-b213-19f9b2fffaff:group-2C08ADDC8FB6 changes to CANDIDATE, lastRpcTime:5086, electionTimeout:5086ms
2019-09-26 19:35:58,051 [Thread-6510] INFO  impl.RoleInfo (RoleInfo.java:shutdownFollowerState(121)) - 27cb48db-4b88-4c0c-b213-19f9b2fffaff: shutdown FollowerState
2019-09-26 19:35:58,051 [Thread-6507] INFO  impl.FollowerState (FollowerState.java:run(106)) - 27cb48db-4b88-4c0c-b213-19f9b2fffaff:group-1E0EC4C52C06 changes to CANDIDATE, lastRpcTime:5121, electionTimeout:5121ms
2019-09-26 19:35:58,051 [Thread-6510] INFO  impl.RaftServerImpl (RaftServerImpl.java:setRole(174)) - 27cb48db-4b88-4c0c-b213-19f9b2fffaff@group-2C08ADDC8FB6: changes role from  FOLLOWER to CANDIDATE at term 0 for changeToCandidate
2019-09-26 19:35:58,051 [Thread-6507] INFO  impl.RoleInfo (RoleInfo.java:shutdownFollowerState(121)) - 27cb48db-4b88-4c0c-b213-19f9b2fffaff: shutdown FollowerState
2019-09-26 19:35:58,051 [Thread-6510] INFO  impl.RoleInfo (RoleInfo.java:updateAndGet(143)) - 27cb48db-4b88-4c0c-b213-19f9b2fffaff: start LeaderElection
2019-09-26 19:35:58,052 [Thread-6507] INFO  impl.RaftServerImpl (RaftServerImpl.java:setRole(174)) - 27cb48db-4b88-4c0c-b213-19f9b2fffaff@group-1E0EC4C52C06: changes role from  FOLLOWER to CANDIDATE at term 0 for changeToCandidate
2019-09-26 19:35:58,052 [Thread-6507] INFO  impl.RoleInfo (RoleInfo.java:updateAndGet(143)) - 27cb48db-4b88-4c0c-b213-19f9b2fffaff: start LeaderElection
2019-09-26 19:35:58,052 [RatisPipelineUtilsThread] INFO  pipeline.PipelineStateManager (PipelineStateManager.java:addPipeline(56)) - Created pipeline Pipeline[ Id: 47d5ae2f-c419-4649-8f28-ba736cdca3e4, Nodes: 99aa1396-69c4-4985-9b2a-20430cc4a0a7{ip: 192.168.151.99, host: pr-hdds-1569-g6sp5-2013761785, networkLocation: /rack1, certSerialId: null}, Type:RATIS, Factor:ONE, State:OPEN]
2019-09-26 19:35:58,054 [grpc-default-executor-2] INFO  impl.RaftServerProxy (RaftServerProxy.java:addNew(89)) - 728ea44c-f097-440a-a87e-c27a68d48f14: addNew group-09E478195B44:[728ea44c-f097-440a-a87e-c27a68d48f14:192.168.151.99:38783] returns group-09E478195B44:java.util.concurrent.CompletableFuture@563e5a05[Not completed]
2019-09-26 19:35:58,054 [pool-271-thread-1] INFO  impl.RaftServerImpl (RaftServerImpl.java:<init>(95)) - 728ea44c-f097-440a-a87e-c27a68d48f14: new RaftServerImpl for group-09E478195B44:[728ea44c-f097-440a-a87e-c27a68d48f14:192.168.151.99:38783] with ContainerStateMachine:uninitialized
2019-09-26 19:35:58,055 [pool-271-thread-1] INFO  server.RaftServerConfigKeys (ConfUtils.java:logGet(43)) - raft.server.rpc.timeout.min = 5s (custom)
2019-09-26 19:35:58,055 [pool-271-thread-1] INFO  server.RaftServerConfigKeys (ConfUtils.java:logGet(43)) - raft.server.rpc.timeout.max = 5200ms (custom)
2019-09-26 19:35:58,055 [pool-271-thread-1] INFO  server.RaftServerConfigKeys (ConfUtils.java:logGet(43)) - raft.server.rpcslowness.timeout = 120s (custom)
2019-09-26 19:35:58,055 [pool-271-thread-1] INFO  server.RaftServerConfigKeys (ConfUtils.java:logGet(43)) - raft.server.sleep.deviation.threshold = 300 (default)
2019-09-26 19:35:58,055 [pool-271-thread-1] INFO  server.RaftServerConfigKeys (ConfUtils.java:logGet(43)) - raft.server.log.appender.install.snapshot.enabled = false (custom)
2019-09-26 19:35:58,055 [pool-271-thread-1] INFO  impl.RaftServerImpl (ServerState.java:<init>(103)) - 728ea44c-f097-440a-a87e-c27a68d48f14@group-09E478195B44: ConfigurationManager, init=-1: [728ea44c-f097-440a-a87e-c27a68d48f14:192.168.151.99:38783], old=null, confs=<EMPTY_MAP>
2019-09-26 19:35:58,055 [pool-271-thread-1] INFO  server.RaftServerConfigKeys (ConfUtils.java:logGet(43)) - raft.server.storage.dir = [/workdir/hadoop-ozone/integration-test/target/test-dir/MiniOzoneClusterImpl-2f79a7d3-d7ae-4963-8370-12bb1e2132d7/datanode-1/data/ratis] (custom)
2019-09-26 19:35:58,056 [pool-271-thread-1] INFO  storage.RaftStorageDirectory (RaftStorageDirectory.java:analyzeStorage(246)) - The storage directory /workdir/hadoop-ozone/integration-test/target/test-dir/MiniOzoneClusterImpl-2f79a7d3-d7ae-4963-8370-12bb1e2132d7/datanode-1/data/ratis/7c3e67e3-1ce2-41f8-9d78-09e478195b44 does not exist. Creating ...
2019-09-26 19:35:58,073 [pool-271-thread-1] INFO  storage.RaftStorageDirectory (RaftStorageDirectory.java:tryLock(328)) - Lock on /workdir/hadoop-ozone/integration-test/target/test-dir/MiniOzoneClusterImpl-2f79a7d3-d7ae-4963-8370-12bb1e2132d7/datanode-1/data/ratis/7c3e67e3-1ce2-41f8-9d78-09e478195b44/in_use.lock acquired by nodename 17888@pr-hdds-1569-g6sp5-2013761785
2019-09-26 19:35:58,073 [27cb48db-4b88-4c0c-b213-19f9b2fffaff@group-1E0EC4C52C06:LeaderElection919] INFO  impl.LeaderElection (LeaderElection.java:askForVotes(182)) - 27cb48db-4b88-4c0c-b213-19f9b2fffaff@group-1E0EC4C52C06:LeaderElection919: begin an election at term 1 for -1: [27cb48db-4b88-4c0c-b213-19f9b2fffaff:192.168.151.99:37457], old=null
2019-09-26 19:35:58,073 [27cb48db-4b88-4c0c-b213-19f9b2fffaff@group-54BA70092F96-SegmentedRaftLogWorker] INFO  segmented.SegmentedRaftLogWorker (SegmentedRaftLogWorker.java:execute(569)) - 27cb48db-4b88-4c0c-b213-19f9b2fffaff@group-54BA70092F96-SegmentedRaftLogWorker: created new log segment /workdir/hadoop-ozone/integration-test/target/test-dir/MiniOzoneClusterImpl-2f79a7d3-d7ae-4963-8370-12bb1e2132d7/datanode-0/data/ratis/5e010dee-1ab0-47d4-9fe4-54ba70092f96/current/log_inprogress_0
2019-09-26 19:35:58,073 [27cb48db-4b88-4c0c-b213-19f9b2fffaff@group-A23FB99A743D-SegmentedRaftLogWorker] INFO  segmented.SegmentedRaftLogWorker (SegmentedRaftLogWorker.java:execute(569)) - 27cb48db-4b88-4c0c-b213-19f9b2fffaff@group-A23FB99A743D-SegmentedRaftLogWorker: created new log segment /workdir/hadoop-ozone/integration-test/target/test-dir/MiniOzoneClusterImpl-2f79a7d3-d7ae-4963-8370-12bb1e2132d7/datanode-0/data/ratis/5c178274-1280-4d5d-971e-a23fb99a743d/current/log_inprogress_0
2019-09-26 19:35:58,074 [27cb48db-4b88-4c0c-b213-19f9b2fffaff@group-1E0EC4C52C06:LeaderElection919] INFO  impl.RoleInfo (RoleInfo.java:shutdownLeaderElection(134)) - 27cb48db-4b88-4c0c-b213-19f9b2fffaff: shutdown LeaderElection
2019-09-26 19:35:58,073 [27cb48db-4b88-4c0c-b213-19f9b2fffaff@group-2C08ADDC8FB6:LeaderElection918] INFO  impl.LeaderElection (LeaderElection.java:askForVotes(182)) - 27cb48db-4b88-4c0c-b213-19f9b2fffaff@group-2C08ADDC8FB6:LeaderElection918: begin an election at term 1 for -1: [27cb48db-4b88-4c0c-b213-19f9b2fffaff:192.168.151.99:37457], old=null
2019-09-26 19:35:58,074 [27cb48db-4b88-4c0c-b213-19f9b2fffaff@group-1E0EC4C52C06:LeaderElection919] INFO  impl.RaftServerImpl (RaftServerImpl.java:setRole(174)) - 27cb48db-4b88-4c0c-b213-19f9b2fffaff@group-1E0EC4C52C06: changes role from CANDIDATE to LEADER at term 1 for changeToLeader
2019-09-26 19:35:58,074 [27cb48db-4b88-4c0c-b213-19f9b2fffaff@group-2C08ADDC8FB6:LeaderElection918] INFO  impl.RoleInfo (RoleInfo.java:shutdownLeaderElection(134)) - 27cb48db-4b88-4c0c-b213-19f9b2fffaff: shutdown LeaderElection
2019-09-26 19:35:58,074 [27cb48db-4b88-4c0c-b213-19f9b2fffaff@group-1E0EC4C52C06:LeaderElection919] INFO  impl.RaftServerImpl (ServerState.java:setLeader(253)) - 27cb48db-4b88-4c0c-b213-19f9b2fffaff@group-1E0EC4C52C06: change Leader from null to 27cb48db-4b88-4c0c-b213-19f9b2fffaff at term 1 for becomeLeader, leader elected after 5148ms
2019-09-26 19:35:58,074 [27cb48db-4b88-4c0c-b213-19f9b2fffaff@group-2C08ADDC8FB6:LeaderElection918] INFO  impl.RaftServerImpl (RaftServerImpl.java:setRole(174)) - 27cb48db-4b88-4c0c-b213-19f9b2fffaff@group-2C08ADDC8FB6: changes role from CANDIDATE to LEADER at term 1 for changeToLeader
2019-09-26 19:35:58,074 [27cb48db-4b88-4c0c-b213-19f9b2fffaff@group-1E0EC4C52C06:LeaderElection919] INFO  server.RaftServerConfigKeys (ConfUtils.java:logGet(43)) - raft.server.staging.catchup.gap = 1000 (default)
2019-09-26 19:35:58,074 [27cb48db-4b88-4c0c-b213-19f9b2fffaff@group-2C08ADDC8FB6:LeaderElection918] INFO  impl.RaftServerImpl (ServerState.java:setLeader(253)) - 27cb48db-4b88-4c0c-b213-19f9b2fffaff@group-2C08ADDC8FB6: change Leader from null to 27cb48db-4b88-4c0c-b213-19f9b2fffaff at term 1 for becomeLeader, leader elected after 5113ms
2019-09-26 19:35:58,075 [27cb48db-4b88-4c0c-b213-19f9b2fffaff@group-1E0EC4C52C06:LeaderElection919] INFO  server.RaftServerConfigKeys (ConfUtils.java:logGet(43)) - raft.server.rpc.sleep.time = 25ms (default)
2019-09-26 19:35:58,075 [27cb48db-4b88-4c0c-b213-19f9b2fffaff@group-2C08ADDC8FB6:LeaderElection918] INFO  server.RaftServerConfigKeys (ConfUtils.java:logGet(43)) - raft.server.staging.catchup.gap = 1000 (default)
2019-09-26 19:35:58,075 [27cb48db-4b88-4c0c-b213-19f9b2fffaff@group-1E0EC4C52C06:LeaderElection919] INFO  server.RaftServerConfigKeys (ConfUtils.java:logGet(43)) - raft.server.write.element-limit = 4096 (default)
2019-09-26 19:35:58,075 [27cb48db-4b88-4c0c-b213-19f9b2fffaff@group-2C08ADDC8FB6:LeaderElection918] INFO  server.RaftServerConfigKeys (ConfUtils.java:logGet(43)) - raft.server.rpc.sleep.time = 25ms (default)
2019-09-26 19:35:58,075 [27cb48db-4b88-4c0c-b213-19f9b2fffaff@group-1E0EC4C52C06:LeaderElection919] INFO  server.RaftServerConfigKeys (ConfUtils.java:logGet(43)) - raft.server.watch.timeout = 10s (default)
2019-09-26 19:35:58,075 [27cb48db-4b88-4c0c-b213-19f9b2fffaff@group-2C08ADDC8FB6:LeaderElection918] INFO  server.RaftServerConfigKeys (ConfUtils.java:logGet(43)) - raft.server.write.element-limit = 4096 (default)
2019-09-26 19:35:58,075 [27cb48db-4b88-4c0c-b213-19f9b2fffaff@group-1E0EC4C52C06:LeaderElection919] INFO  server.RaftServerConfigKeys (ConfUtils.java:logGet(43)) - raft.server.watch.timeout.denomination = 1s (default)
2019-09-26 19:35:58,076 [27cb48db-4b88-4c0c-b213-19f9b2fffaff@group-2C08ADDC8FB6:LeaderElection918] INFO  server.RaftServerConfigKeys (ConfUtils.java:logGet(43)) - raft.server.watch.timeout = 10s (default)
2019-09-26 19:35:58,076 [27cb48db-4b88-4c0c-b213-19f9b2fffaff@group-1E0EC4C52C06:LeaderElection919] INFO  server.RaftServerConfigKeys (ConfUtils.java:logGet(43)) - raft.server.watch.element-limit = 65536 (default)
2019-09-26 19:35:58,076 [27cb48db-4b88-4c0c-b213-19f9b2fffaff@group-2C08ADDC8FB6:LeaderElection918] INFO  server.RaftServerConfigKeys (ConfUtils.java:logGet(43)) - raft.server.watch.timeout.denomination = 1s (default)
2019-09-26 19:35:58,076 [27cb48db-4b88-4c0c-b213-19f9b2fffaff@group-2C08ADDC8FB6:LeaderElection918] INFO  server.RaftServerConfigKeys (ConfUtils.java:logGet(43)) - raft.server.watch.element-limit = 65536 (default)
2019-09-26 19:35:58,078 [27cb48db-4b88-4c0c-b213-19f9b2fffaff@group-1E0EC4C52C06:LeaderElection919] INFO  impl.RoleInfo (RoleInfo.java:updateAndGet(143)) - 27cb48db-4b88-4c0c-b213-19f9b2fffaff: start LeaderState
2019-09-26 19:35:58,078 [27cb48db-4b88-4c0c-b213-19f9b2fffaff@group-2C08ADDC8FB6:LeaderElection918] INFO  impl.RoleInfo (RoleInfo.java:updateAndGet(143)) - 27cb48db-4b88-4c0c-b213-19f9b2fffaff: start LeaderState
2019-09-26 19:35:58,078 [27cb48db-4b88-4c0c-b213-19f9b2fffaff@group-1E0EC4C52C06:LeaderElection919] INFO  segmented.SegmentedRaftLogWorker (SegmentedRaftLogWorker.java:startLogSegment(380)) - 27cb48db-4b88-4c0c-b213-19f9b2fffaff@group-1E0EC4C52C06-SegmentedRaftLogWorker: Starting segment from index:0
2019-09-26 19:35:58,078 [27cb48db-4b88-4c0c-b213-19f9b2fffaff@group-2C08ADDC8FB6:LeaderElection918] INFO  segmented.SegmentedRaftLogWorker (SegmentedRaftLogWorker.java:startLogSegment(380)) - 27cb48db-4b88-4c0c-b213-19f9b2fffaff@group-2C08ADDC8FB6-SegmentedRaftLogWorker: Starting segment from index:0
2019-09-26 19:35:58,079 [27cb48db-4b88-4c0c-b213-19f9b2fffaff@group-1E0EC4C52C06:LeaderElection919] INFO  impl.RaftServerImpl (ServerState.java:setRaftConf(354)) - 27cb48db-4b88-4c0c-b213-19f9b2fffaff@group-1E0EC4C52C06: set configuration 0: [27cb48db-4b88-4c0c-b213-19f9b2fffaff:192.168.151.99:37457], old=null at 0
2019-09-26 19:35:58,079 [27cb48db-4b88-4c0c-b213-19f9b2fffaff@group-2C08ADDC8FB6:LeaderElection918] INFO  impl.RaftServerImpl (ServerState.java:setRaftConf(354)) - 27cb48db-4b88-4c0c-b213-19f9b2fffaff@group-2C08ADDC8FB6: set configuration 0: [27cb48db-4b88-4c0c-b213-19f9b2fffaff:192.168.151.99:37457], old=null at 0
2019-09-26 19:35:58,087 [pool-271-thread-1] INFO  storage.RaftStorage (RaftStorage.java:format(72)) - Storage directory /workdir/hadoop-ozone/integration-test/target/test-dir/MiniOzoneClusterImpl-2f79a7d3-d7ae-4963-8370-12bb1e2132d7/datanode-1/data/ratis/7c3e67e3-1ce2-41f8-9d78-09e478195b44 has been successfully formatted.
2019-09-26 19:35:58,087 [27cb48db-4b88-4c0c-b213-19f9b2fffaff@group-DE261D7A2ABD-SegmentedRaftLogWorker] INFO  segmented.SegmentedRaftLogWorker (SegmentedRaftLogWorker.java:execute(569)) - 27cb48db-4b88-4c0c-b213-19f9b2fffaff@group-DE261D7A2ABD-SegmentedRaftLogWorker: created new log segment /workdir/hadoop-ozone/integration-test/target/test-dir/MiniOzoneClusterImpl-2f79a7d3-d7ae-4963-8370-12bb1e2132d7/datanode-0/data/ratis/d6db9eab-94df-4288-9a54-de261d7a2abd/current/log_inprogress_0
2019-09-26 19:35:58,087 [pool-271-thread-1] INFO  ratis.ContainerStateMachine (ContainerStateMachine.java:loadSnapshot(230)) - group-09E478195B44: The snapshot info is null. Setting the last applied indexto:(t:0, i:~)
2019-09-26 19:35:58,087 [pool-271-thread-1] INFO  server.RaftServerConfigKeys (ConfUtils.java:logGet(43)) - raft.server.notification.no-leader.timeout = 120s (custom)
2019-09-26 19:35:58,087 [pool-271-thread-1] INFO  server.RaftServerConfigKeys (ConfUtils.java:logGet(43)) - raft.server.log.use.memory = false (default)
2019-09-26 19:35:58,087 [pool-271-thread-1] INFO  server.RaftServerConfigKeys (ConfUtils.java:logGet(43)) - raft.server.log.purge.gap = 1000000 (custom)
2019-09-26 19:35:58,088 [pool-271-thread-1] INFO  server.RaftServerConfigKeys (ConfUtils.java:logGet(43)) - raft.server.log.appender.buffer.byte-limit = 33554432 (custom)
2019-09-26 19:35:58,088 [pool-271-thread-1] INFO  server.RaftServerConfigKeys (ConfUtils.java:logGet(43)) - raft.server.log.segment.size.max = 1048576 (custom)
2019-09-26 19:35:58,088 [pool-271-thread-1] INFO  server.RaftServerConfigKeys (ConfUtils.java:logGet(43)) - raft.server.log.segment.cache.num.max = 2 (custom)
2019-09-26 19:35:58,088 [pool-271-thread-1] INFO  segmented.SegmentedRaftLogWorker (SegmentedRaftLogWorker.java:<init>(172)) - new 728ea44c-f097-440a-a87e-c27a68d48f14@group-09E478195B44-SegmentedRaftLogWorker for RaftStorage:Storage Directory /workdir/hadoop-ozone/integration-test/target/test-dir/MiniOzoneClusterImpl-2f79a7d3-d7ae-4963-8370-12bb1e2132d7/datanode-1/data/ratis/7c3e67e3-1ce2-41f8-9d78-09e478195b44
2019-09-26 19:35:58,088 [pool-271-thread-1] INFO  server.RaftServerConfigKeys (ConfUtils.java:logGet(43)) - raft.server.log.queue.byte-limit = 2147483647 (custom)
2019-09-26 19:35:58,088 [pool-271-thread-1] INFO  server.RaftServerConfigKeys (ConfUtils.java:logGet(43)) - raft.server.log.queue.element-limit = 1024 (custom)
2019-09-26 19:35:58,088 [pool-271-thread-1] INFO  server.RaftServerConfigKeys (ConfUtils.java:logGet(43)) - raft.server.log.segment.size.max = 1048576 (custom)
2019-09-26 19:35:58,088 [pool-271-thread-1] INFO  server.RaftServerConfigKeys (ConfUtils.java:logGet(43)) - raft.server.log.preallocated.size = 16384 (custom)
2019-09-26 19:35:58,088 [pool-271-thread-1] INFO  server.RaftServerConfigKeys (ConfUtils.java:logGet(43)) - raft.server.log.write.buffer.size = 33554432 (custom)
2019-09-26 19:35:58,088 [pool-271-thread-1] INFO  server.RaftServerConfigKeys (ConfUtils.java:logGet(43)) - raft.server.log.force.sync.num = 128 (default)
2019-09-26 19:35:58,088 [pool-271-thread-1] INFO  server.RaftServerConfigKeys (ConfUtils.java:logGet(43)) - raft.server.log.statemachine.data.sync = true (default)
2019-09-26 19:35:58,088 [pool-271-thread-1] INFO  server.RaftServerConfigKeys (ConfUtils.java:logGet(43)) - raft.server.log.statemachine.data.sync.timeout = 10s (default)
2019-09-26 19:35:58,088 [pool-271-thread-1] INFO  server.RaftServerConfigKeys (ConfUtils.java:logGet(43)) - raft.server.log.statemachine.data.sync.timeout.retry = -1 (default)
2019-09-26 19:35:58,089 [pool-271-thread-1] INFO  server.RaftServerConfigKeys (ConfUtils.java:logGet(43)) - raft.server.log.statemachine.data.caching.enabled = true (custom)
2019-09-26 19:35:58,089 [pool-271-thread-1] INFO  segmented.SegmentedRaftLogWorker (SegmentedRaftLogWorker.java:lambda$new$0(132)) - 728ea44c-f097-440a-a87e-c27a68d48f14@group-09E478195B44-SegmentedRaftLogWorker: flushIndex: setUnconditionally 0 -> -1
2019-09-26 19:35:58,089 [pool-271-thread-1] INFO  server.RaftServerConfigKeys (ConfUtils.java:logGet(43)) - raft.server.snapshot.auto.trigger.enabled = true (custom)
2019-09-26 19:35:58,089 [pool-271-thread-1] INFO  server.RaftServerConfigKeys (ConfUtils.java:logGet(43)) - raft.server.snapshot.auto.trigger.threshold = 10000 (custom)
2019-09-26 19:35:58,089 [pool-271-thread-1] INFO  server.RaftServerConfigKeys (ConfUtils.java:logGet(43)) - raft.server.snapshot.retention.num.files = 5 (custom)
2019-09-26 19:35:58,089 [pool-271-thread-1] INFO  server.RaftServerConfigKeys (ConfUtils.java:logGet(43)) - raft.server.retrycache.expirytime = 600000ms (custom)
2019-09-26 19:35:58,090 [pool-271-thread-1] INFO  impl.RaftServerImpl (RaftServerImpl.java:start(185)) - 728ea44c-f097-440a-a87e-c27a68d48f14@group-09E478195B44: start as a follower, conf=-1: [728ea44c-f097-440a-a87e-c27a68d48f14:192.168.151.99:38783], old=null
2019-09-26 19:35:58,090 [pool-271-thread-1] INFO  impl.RaftServerImpl (RaftServerImpl.java:setRole(174)) - 728ea44c-f097-440a-a87e-c27a68d48f14@group-09E478195B44: changes role from      null to FOLLOWER at term 0 for startAsFollower
2019-09-26 19:35:58,090 [pool-271-thread-1] INFO  impl.RoleInfo (RoleInfo.java:updateAndGet(143)) - 728ea44c-f097-440a-a87e-c27a68d48f14: start FollowerState
2019-09-26 19:35:58,090 [pool-271-thread-1] INFO  util.JmxRegister (JmxRegister.java:tryRegister(44)) - Successfully registered JMX Bean with object name Ratis:service=RaftServer,group=group-09E478195B44,id=728ea44c-f097-440a-a87e-c27a68d48f14
2019-09-26 19:35:58,092 [RatisPipelineUtilsThread] INFO  pipeline.PipelineStateManager (PipelineStateManager.java:addPipeline(56)) - Created pipeline Pipeline[ Id: 7c3e67e3-1ce2-41f8-9d78-09e478195b44, Nodes: 728ea44c-f097-440a-a87e-c27a68d48f14{ip: 192.168.151.99, host: pr-hdds-1569-g6sp5-2013761785, networkLocation: /rack1, certSerialId: null}, Type:RATIS, Factor:ONE, State:OPEN]
2019-09-26 19:35:58,094 [grpc-default-executor-2] INFO  impl.RaftServerProxy (RaftServerProxy.java:addNew(89)) - 27cb48db-4b88-4c0c-b213-19f9b2fffaff: addNew group-9D764B33AD0C:[27cb48db-4b88-4c0c-b213-19f9b2fffaff:192.168.151.99:37457] returns group-9D764B33AD0C:java.util.concurrent.CompletableFuture@32ee97b9[Not completed]
2019-09-26 19:35:58,095 [pool-261-thread-1] INFO  impl.RaftServerImpl (RaftServerImpl.java:<init>(95)) - 27cb48db-4b88-4c0c-b213-19f9b2fffaff: new RaftServerImpl for group-9D764B33AD0C:[27cb48db-4b88-4c0c-b213-19f9b2fffaff:192.168.151.99:37457] with ContainerStateMachine:uninitialized
2019-09-26 19:35:58,095 [pool-261-thread-1] INFO  server.RaftServerConfigKeys (ConfUtils.java:logGet(43)) - raft.server.rpc.timeout.min = 5s (custom)
2019-09-26 19:35:58,095 [pool-261-thread-1] INFO  server.RaftServerConfigKeys (ConfUtils.java:logGet(43)) - raft.server.rpc.timeout.max = 5200ms (custom)
2019-09-26 19:35:58,095 [pool-261-thread-1] INFO  server.RaftServerConfigKeys (ConfUtils.java:logGet(43)) - raft.server.rpcslowness.timeout = 120s (custom)
2019-09-26 19:35:58,095 [pool-261-thread-1] INFO  server.RaftServerConfigKeys (ConfUtils.java:logGet(43)) - raft.server.sleep.deviation.threshold = 300 (default)
2019-09-26 19:35:58,095 [pool-261-thread-1] INFO  server.RaftServerConfigKeys (ConfUtils.java:logGet(43)) - raft.server.log.appender.install.snapshot.enabled = false (custom)
2019-09-26 19:35:58,095 [pool-261-thread-1] INFO  impl.RaftServerImpl (ServerState.java:<init>(103)) - 27cb48db-4b88-4c0c-b213-19f9b2fffaff@group-9D764B33AD0C: ConfigurationManager, init=-1: [27cb48db-4b88-4c0c-b213-19f9b2fffaff:192.168.151.99:37457], old=null, confs=<EMPTY_MAP>
2019-09-26 19:35:58,095 [pool-261-thread-1] INFO  server.RaftServerConfigKeys (ConfUtils.java:logGet(43)) - raft.server.storage.dir = [/workdir/hadoop-ozone/integration-test/target/test-dir/MiniOzoneClusterImpl-2f79a7d3-d7ae-4963-8370-12bb1e2132d7/datanode-0/data/ratis] (custom)
2019-09-26 19:35:58,096 [pool-261-thread-1] INFO  storage.RaftStorageDirectory (RaftStorageDirectory.java:analyzeStorage(246)) - The storage directory /workdir/hadoop-ozone/integration-test/target/test-dir/MiniOzoneClusterImpl-2f79a7d3-d7ae-4963-8370-12bb1e2132d7/datanode-0/data/ratis/d1027440-eccd-48be-a9dd-9d764b33ad0c does not exist. Creating ...
2019-09-26 19:35:58,109 [Thread-6516] INFO  impl.FollowerState (FollowerState.java:run(106)) - 99aa1396-69c4-4985-9b2a-20430cc4a0a7:group-347C10A7AEE6 changes to CANDIDATE, lastRpcTime:5072, electionTimeout:5072ms
2019-09-26 19:35:58,110 [Thread-6516] INFO  impl.RoleInfo (RoleInfo.java:shutdownFollowerState(121)) - 99aa1396-69c4-4985-9b2a-20430cc4a0a7: shutdown FollowerState
2019-09-26 19:35:58,110 [Thread-6516] INFO  impl.RaftServerImpl (RaftServerImpl.java:setRole(174)) - 99aa1396-69c4-4985-9b2a-20430cc4a0a7@group-347C10A7AEE6: changes role from  FOLLOWER to CANDIDATE at term 0 for changeToCandidate
2019-09-26 19:35:58,110 [Thread-6516] INFO  impl.RoleInfo (RoleInfo.java:updateAndGet(143)) - 99aa1396-69c4-4985-9b2a-20430cc4a0a7: start LeaderElection
2019-09-26 19:35:58,114 [pool-261-thread-1] INFO  storage.RaftStorageDirectory (RaftStorageDirectory.java:tryLock(328)) - Lock on /workdir/hadoop-ozone/integration-test/target/test-dir/MiniOzoneClusterImpl-2f79a7d3-d7ae-4963-8370-12bb1e2132d7/datanode-0/data/ratis/d1027440-eccd-48be-a9dd-9d764b33ad0c/in_use.lock acquired by nodename 17888@pr-hdds-1569-g6sp5-2013761785
2019-09-26 19:35:58,114 [99aa1396-69c4-4985-9b2a-20430cc4a0a7@group-347C10A7AEE6:LeaderElection920] INFO  impl.LeaderElection (LeaderElection.java:askForVotes(182)) - 99aa1396-69c4-4985-9b2a-20430cc4a0a7@group-347C10A7AEE6:LeaderElection920: begin an election at term 1 for -1: [99aa1396-69c4-4985-9b2a-20430cc4a0a7:192.168.151.99:40213], old=null
2019-09-26 19:35:58,114 [27cb48db-4b88-4c0c-b213-19f9b2fffaff@group-1E0EC4C52C06-SegmentedRaftLogWorker] INFO  segmented.SegmentedRaftLogWorker (SegmentedRaftLogWorker.java:execute(569)) - 27cb48db-4b88-4c0c-b213-19f9b2fffaff@group-1E0EC4C52C06-SegmentedRaftLogWorker: created new log segment /workdir/hadoop-ozone/integration-test/target/test-dir/MiniOzoneClusterImpl-2f79a7d3-d7ae-4963-8370-12bb1e2132d7/datanode-0/data/ratis/b997f772-15ca-4852-a4a1-1e0ec4c52c06/current/log_inprogress_0
2019-09-26 19:35:58,114 [99aa1396-69c4-4985-9b2a-20430cc4a0a7@group-347C10A7AEE6:LeaderElection920] INFO  impl.RoleInfo (RoleInfo.java:shutdownLeaderElection(134)) - 99aa1396-69c4-4985-9b2a-20430cc4a0a7: shutdown LeaderElection
2019-09-26 19:35:58,114 [99aa1396-69c4-4985-9b2a-20430cc4a0a7@group-347C10A7AEE6:LeaderElection920] INFO  impl.RaftServerImpl (RaftServerImpl.java:setRole(174)) - 99aa1396-69c4-4985-9b2a-20430cc4a0a7@group-347C10A7AEE6: changes role from CANDIDATE to LEADER at term 1 for changeToLeader
2019-09-26 19:35:58,114 [99aa1396-69c4-4985-9b2a-20430cc4a0a7@group-347C10A7AEE6:LeaderElection920] INFO  impl.RaftServerImpl (ServerState.java:setLeader(253)) - 99aa1396-69c4-4985-9b2a-20430cc4a0a7@group-347C10A7AEE6: change Leader from null to 99aa1396-69c4-4985-9b2a-20430cc4a0a7 at term 1 for becomeLeader, leader elected after 5082ms
2019-09-26 19:35:58,114 [99aa1396-69c4-4985-9b2a-20430cc4a0a7@group-347C10A7AEE6:LeaderElection920] INFO  server.RaftServerConfigKeys (ConfUtils.java:logGet(43)) - raft.server.staging.catchup.gap = 1000 (default)
2019-09-26 19:35:58,114 [99aa1396-69c4-4985-9b2a-20430cc4a0a7@group-347C10A7AEE6:LeaderElection920] INFO  server.RaftServerConfigKeys (ConfUtils.java:logGet(43)) - raft.server.rpc.sleep.time = 25ms (default)
2019-09-26 19:35:58,114 [99aa1396-69c4-4985-9b2a-20430cc4a0a7@group-347C10A7AEE6:LeaderElection920] INFO  server.RaftServerConfigKeys (ConfUtils.java:logGet(43)) - raft.server.write.element-limit = 4096 (default)
2019-09-26 19:35:58,114 [99aa1396-69c4-4985-9b2a-20430cc4a0a7@group-347C10A7AEE6:LeaderElection920] INFO  server.RaftServerConfigKeys (ConfUtils.java:logGet(43)) - raft.server.watch.timeout = 10s (default)
2019-09-26 19:35:58,115 [99aa1396-69c4-4985-9b2a-20430cc4a0a7@group-347C10A7AEE6:LeaderElection920] INFO  server.RaftServerConfigKeys (ConfUtils.java:logGet(43)) - raft.server.watch.timeout.denomination = 1s (default)
2019-09-26 19:35:58,115 [99aa1396-69c4-4985-9b2a-20430cc4a0a7@group-347C10A7AEE6:LeaderElection920] INFO  server.RaftServerConfigKeys (ConfUtils.java:logGet(43)) - raft.server.watch.element-limit = 65536 (default)
2019-09-26 19:35:58,116 [99aa1396-69c4-4985-9b2a-20430cc4a0a7@group-347C10A7AEE6:LeaderElection920] INFO  impl.RoleInfo (RoleInfo.java:updateAndGet(143)) - 99aa1396-69c4-4985-9b2a-20430cc4a0a7: start LeaderState
2019-09-26 19:35:58,116 [99aa1396-69c4-4985-9b2a-20430cc4a0a7@group-347C10A7AEE6:LeaderElection920] INFO  segmented.SegmentedRaftLogWorker (SegmentedRaftLogWorker.java:startLogSegment(380)) - 99aa1396-69c4-4985-9b2a-20430cc4a0a7@group-347C10A7AEE6-SegmentedRaftLogWorker: Starting segment from index:0
2019-09-26 19:35:58,116 [99aa1396-69c4-4985-9b2a-20430cc4a0a7@group-347C10A7AEE6:LeaderElection920] INFO  impl.RaftServerImpl (ServerState.java:setRaftConf(354)) - 99aa1396-69c4-4985-9b2a-20430cc4a0a7@group-347C10A7AEE6: set configuration 0: [99aa1396-69c4-4985-9b2a-20430cc4a0a7:192.168.151.99:40213], old=null at 0
2019-09-26 19:35:58,120 [Thread-6519] INFO  impl.FollowerState (FollowerState.java:run(106)) - 99aa1396-69c4-4985-9b2a-20430cc4a0a7:group-D671766AC431 changes to CANDIDATE, lastRpcTime:5064, electionTimeout:5064ms
2019-09-26 19:35:58,120 [Thread-6519] INFO  impl.RoleInfo (RoleInfo.java:shutdownFollowerState(121)) - 99aa1396-69c4-4985-9b2a-20430cc4a0a7: shutdown FollowerState
2019-09-26 19:35:58,120 [Thread-6519] INFO  impl.RaftServerImpl (RaftServerImpl.java:setRole(174)) - 99aa1396-69c4-4985-9b2a-20430cc4a0a7@group-D671766AC431: changes role from  FOLLOWER to CANDIDATE at term 0 for changeToCandidate
2019-09-26 19:35:58,120 [Thread-6519] INFO  impl.RoleInfo (RoleInfo.java:updateAndGet(143)) - 99aa1396-69c4-4985-9b2a-20430cc4a0a7: start LeaderElection
2019-09-26 19:35:58,128 [27cb48db-4b88-4c0c-b213-19f9b2fffaff@group-2C08ADDC8FB6-SegmentedRaftLogWorker] INFO  segmented.SegmentedRaftLogWorker (SegmentedRaftLogWorker.java:execute(569)) - 27cb48db-4b88-4c0c-b213-19f9b2fffaff@group-2C08ADDC8FB6-SegmentedRaftLogWorker: created new log segment /workdir/hadoop-ozone/integration-test/target/test-dir/MiniOzoneClusterImpl-2f79a7d3-d7ae-4963-8370-12bb1e2132d7/datanode-0/data/ratis/25006adb-642d-4f13-ab48-2c08addc8fb6/current/log_inprogress_0
2019-09-26 19:35:58,128 [pool-261-thread-1] INFO  storage.RaftStorage (RaftStorage.java:format(72)) - Storage directory /workdir/hadoop-ozone/integration-test/target/test-dir/MiniOzoneClusterImpl-2f79a7d3-d7ae-4963-8370-12bb1e2132d7/datanode-0/data/ratis/d1027440-eccd-48be-a9dd-9d764b33ad0c has been successfully formatted.
2019-09-26 19:35:58,128 [99aa1396-69c4-4985-9b2a-20430cc4a0a7@group-D671766AC431:LeaderElection921] INFO  impl.LeaderElection (LeaderElection.java:askForVotes(182)) - 99aa1396-69c4-4985-9b2a-20430cc4a0a7@group-D671766AC431:LeaderElection921: begin an election at term 1 for -1: [99aa1396-69c4-4985-9b2a-20430cc4a0a7:192.168.151.99:40213], old=null
2019-09-26 19:35:58,128 [pool-261-thread-1] INFO  ratis.ContainerStateMachine (ContainerStateMachine.java:loadSnapshot(230)) - group-9D764B33AD0C: The snapshot info is null. Setting the last applied indexto:(t:0, i:~)
2019-09-26 19:35:58,128 [99aa1396-69c4-4985-9b2a-20430cc4a0a7@group-D671766AC431:LeaderElection921] INFO  impl.RoleInfo (RoleInfo.java:shutdownLeaderElection(134)) - 99aa1396-69c4-4985-9b2a-20430cc4a0a7: shutdown LeaderElection
2019-09-26 19:35:58,128 [pool-261-thread-1] INFO  server.RaftServerConfigKeys (ConfUtils.java:logGet(43)) - raft.server.notification.no-leader.timeout = 120s (custom)
2019-09-26 19:35:58,128 [99aa1396-69c4-4985-9b2a-20430cc4a0a7@group-D671766AC431:LeaderElection921] INFO  impl.RaftServerImpl (RaftServerImpl.java:setRole(174)) - 99aa1396-69c4-4985-9b2a-20430cc4a0a7@group-D671766AC431: changes role from CANDIDATE to LEADER at term 1 for changeToLeader
2019-09-26 19:35:58,129 [pool-261-thread-1] INFO  server.RaftServerConfigKeys (ConfUtils.java:logGet(43)) - raft.server.log.use.memory = false (default)
2019-09-26 19:35:58,129 [99aa1396-69c4-4985-9b2a-20430cc4a0a7@group-D671766AC431:LeaderElection921] INFO  impl.RaftServerImpl (ServerState.java:setLeader(253)) - 99aa1396-69c4-4985-9b2a-20430cc4a0a7@group-D671766AC431: change Leader from null to 99aa1396-69c4-4985-9b2a-20430cc4a0a7 at term 1 for becomeLeader, leader elected after 5077ms
2019-09-26 19:35:58,129 [pool-261-thread-1] INFO  server.RaftServerConfigKeys (ConfUtils.java:logGet(43)) - raft.server.log.purge.gap = 1000000 (custom)
2019-09-26 19:35:58,129 [99aa1396-69c4-4985-9b2a-20430cc4a0a7@group-D671766AC431:LeaderElection921] INFO  server.RaftServerConfigKeys (ConfUtils.java:logGet(43)) - raft.server.staging.catchup.gap = 1000 (default)
2019-09-26 19:35:58,129 [pool-261-thread-1] INFO  server.RaftServerConfigKeys (ConfUtils.java:logGet(43)) - raft.server.log.appender.buffer.byte-limit = 33554432 (custom)
2019-09-26 19:35:58,129 [99aa1396-69c4-4985-9b2a-20430cc4a0a7@group-D671766AC431:LeaderElection921] INFO  server.RaftServerConfigKeys (ConfUtils.java:logGet(43)) - raft.server.rpc.sleep.time = 25ms (default)
2019-09-26 19:35:58,129 [pool-261-thread-1] INFO  server.RaftServerConfigKeys (ConfUtils.java:logGet(43)) - raft.server.log.segment.size.max = 1048576 (custom)
2019-09-26 19:35:58,129 [99aa1396-69c4-4985-9b2a-20430cc4a0a7@group-D671766AC431:LeaderElection921] INFO  server.RaftServerConfigKeys (ConfUtils.java:logGet(43)) - raft.server.write.element-limit = 4096 (default)
2019-09-26 19:35:58,130 [pool-261-thread-1] INFO  server.RaftServerConfigKeys (ConfUtils.java:logGet(43)) - raft.server.log.segment.cache.num.max = 2 (custom)
2019-09-26 19:35:58,130 [99aa1396-69c4-4985-9b2a-20430cc4a0a7@group-D671766AC431:LeaderElection921] INFO  server.RaftServerConfigKeys (ConfUtils.java:logGet(43)) - raft.server.watch.timeout = 10s (default)
2019-09-26 19:35:58,130 [pool-261-thread-1] INFO  segmented.SegmentedRaftLogWorker (SegmentedRaftLogWorker.java:<init>(172)) - new 27cb48db-4b88-4c0c-b213-19f9b2fffaff@group-9D764B33AD0C-SegmentedRaftLogWorker for RaftStorage:Storage Directory /workdir/hadoop-ozone/integration-test/target/test-dir/MiniOzoneClusterImpl-2f79a7d3-d7ae-4963-8370-12bb1e2132d7/datanode-0/data/ratis/d1027440-eccd-48be-a9dd-9d764b33ad0c
2019-09-26 19:35:58,130 [99aa1396-69c4-4985-9b2a-20430cc4a0a7@group-D671766AC431:LeaderElection921] INFO  server.RaftServerConfigKeys (ConfUtils.java:logGet(43)) - raft.server.watch.timeout.denomination = 1s (default)
2019-09-26 19:35:58,130 [pool-261-thread-1] INFO  server.RaftServerConfigKeys (ConfUtils.java:logGet(43)) - raft.server.log.queue.byte-limit = 2147483647 (custom)
2019-09-26 19:35:58,130 [99aa1396-69c4-4985-9b2a-20430cc4a0a7@group-D671766AC431:LeaderElection921] INFO  server.RaftServerConfigKeys (ConfUtils.java:logGet(43)) - raft.server.watch.element-limit = 65536 (default)
2019-09-26 19:35:58,130 [pool-261-thread-1] INFO  server.RaftServerConfigKeys (ConfUtils.java:logGet(43)) - raft.server.log.queue.element-limit = 1024 (custom)
2019-09-26 19:35:58,131 [pool-261-thread-1] INFO  server.RaftServerConfigKeys (ConfUtils.java:logGet(43)) - raft.server.log.segment.size.max = 1048576 (custom)
2019-09-26 19:35:58,131 [pool-261-thread-1] INFO  server.RaftServerConfigKeys (ConfUtils.java:logGet(43)) - raft.server.log.preallocated.size = 16384 (custom)
2019-09-26 19:35:58,131 [pool-261-thread-1] INFO  server.RaftServerConfigKeys (ConfUtils.java:logGet(43)) - raft.server.log.write.buffer.size = 33554432 (custom)
2019-09-26 19:35:58,131 [pool-261-thread-1] INFO  server.RaftServerConfigKeys (ConfUtils.java:logGet(43)) - raft.server.log.force.sync.num = 128 (default)
2019-09-26 19:35:58,131 [pool-261-thread-1] INFO  server.RaftServerConfigKeys (ConfUtils.java:logGet(43)) - raft.server.log.statemachine.data.sync = true (default)
2019-09-26 19:35:58,131 [pool-261-thread-1] INFO  server.RaftServerConfigKeys (ConfUtils.java:logGet(43)) - raft.server.log.statemachine.data.sync.timeout = 10s (default)
2019-09-26 19:35:58,131 [pool-261-thread-1] INFO  server.RaftServerConfigKeys (ConfUtils.java:logGet(43)) - raft.server.log.statemachine.data.sync.timeout.retry = -1 (default)
2019-09-26 19:35:58,131 [pool-261-thread-1] INFO  server.RaftServerConfigKeys (ConfUtils.java:logGet(43)) - raft.server.log.statemachine.data.caching.enabled = true (custom)
2019-09-26 19:35:58,131 [pool-261-thread-1] INFO  segmented.SegmentedRaftLogWorker (SegmentedRaftLogWorker.java:lambda$new$0(132)) - 27cb48db-4b88-4c0c-b213-19f9b2fffaff@group-9D764B33AD0C-SegmentedRaftLogWorker: flushIndex: setUnconditionally 0 -> -1
2019-09-26 19:35:58,132 [99aa1396-69c4-4985-9b2a-20430cc4a0a7@group-D671766AC431:LeaderElection921] INFO  impl.RoleInfo (RoleInfo.java:updateAndGet(143)) - 99aa1396-69c4-4985-9b2a-20430cc4a0a7: start LeaderState
2019-09-26 19:35:58,132 [pool-261-thread-1] INFO  server.RaftServerConfigKeys (ConfUtils.java:logGet(43)) - raft.server.snapshot.auto.trigger.enabled = true (custom)
2019-09-26 19:35:58,132 [99aa1396-69c4-4985-9b2a-20430cc4a0a7@group-D671766AC431:LeaderElection921] INFO  segmented.SegmentedRaftLogWorker (SegmentedRaftLogWorker.java:startLogSegment(380)) - 99aa1396-69c4-4985-9b2a-20430cc4a0a7@group-D671766AC431-SegmentedRaftLogWorker: Starting segment from index:0
2019-09-26 19:35:58,132 [pool-261-thread-1] INFO  server.RaftServerConfigKeys (ConfUtils.java:logGet(43)) - raft.server.snapshot.auto.trigger.threshold = 10000 (custom)
2019-09-26 19:35:58,132 [pool-261-thread-1] INFO  server.RaftServerConfigKeys (ConfUtils.java:logGet(43)) - raft.server.snapshot.retention.num.files = 5 (custom)
2019-09-26 19:35:58,132 [99aa1396-69c4-4985-9b2a-20430cc4a0a7@group-D671766AC431:LeaderElection921] INFO  impl.RaftServerImpl (ServerState.java:setRaftConf(354)) - 99aa1396-69c4-4985-9b2a-20430cc4a0a7@group-D671766AC431: set configuration 0: [99aa1396-69c4-4985-9b2a-20430cc4a0a7:192.168.151.99:40213], old=null at 0
2019-09-26 19:35:58,132 [pool-261-thread-1] INFO  server.RaftServerConfigKeys (ConfUtils.java:logGet(43)) - raft.server.retrycache.expirytime = 600000ms (custom)
2019-09-26 19:35:58,134 [pool-261-thread-1] INFO  impl.RaftServerImpl (RaftServerImpl.java:start(185)) - 27cb48db-4b88-4c0c-b213-19f9b2fffaff@group-9D764B33AD0C: start as a follower, conf=-1: [27cb48db-4b88-4c0c-b213-19f9b2fffaff:192.168.151.99:37457], old=null
2019-09-26 19:35:58,134 [pool-261-thread-1] INFO  impl.RaftServerImpl (RaftServerImpl.java:setRole(174)) - 27cb48db-4b88-4c0c-b213-19f9b2fffaff@group-9D764B33AD0C: changes role from      null to FOLLOWER at term 0 for startAsFollower
2019-09-26 19:35:58,134 [pool-261-thread-1] INFO  impl.RoleInfo (RoleInfo.java:updateAndGet(143)) - 27cb48db-4b88-4c0c-b213-19f9b2fffaff: start FollowerState
2019-09-26 19:35:58,134 [pool-261-thread-1] INFO  util.JmxRegister (JmxRegister.java:tryRegister(44)) - Successfully registered JMX Bean with object name Ratis:service=RaftServer,group=group-9D764B33AD0C,id=27cb48db-4b88-4c0c-b213-19f9b2fffaff
2019-09-26 19:35:58,135 [RatisPipelineUtilsThread] INFO  pipeline.PipelineStateManager (PipelineStateManager.java:addPipeline(56)) - Created pipeline Pipeline[ Id: d1027440-eccd-48be-a9dd-9d764b33ad0c, Nodes: 27cb48db-4b88-4c0c-b213-19f9b2fffaff{ip: 192.168.151.99, host: pr-hdds-1569-g6sp5-2013761785, networkLocation: /rack1, certSerialId: null}, Type:RATIS, Factor:ONE, State:OPEN]
2019-09-26 19:35:58,138 [grpc-default-executor-2] INFO  impl.RaftServerProxy (RaftServerProxy.java:addNew(89)) - 99aa1396-69c4-4985-9b2a-20430cc4a0a7: addNew group-119644BB2AD2:[99aa1396-69c4-4985-9b2a-20430cc4a0a7:192.168.151.99:40213] returns group-119644BB2AD2:java.util.concurrent.CompletableFuture@330e8da3[Not completed]
2019-09-26 19:35:58,138 [pool-281-thread-1] INFO  impl.RaftServerImpl (RaftServerImpl.java:<init>(95)) - 99aa1396-69c4-4985-9b2a-20430cc4a0a7: new RaftServerImpl for group-119644BB2AD2:[99aa1396-69c4-4985-9b2a-20430cc4a0a7:192.168.151.99:40213] with ContainerStateMachine:uninitialized
2019-09-26 19:35:58,138 [pool-281-thread-1] INFO  server.RaftServerConfigKeys (ConfUtils.java:logGet(43)) - raft.server.rpc.timeout.min = 5s (custom)
2019-09-26 19:35:58,138 [pool-281-thread-1] INFO  server.RaftServerConfigKeys (ConfUtils.java:logGet(43)) - raft.server.rpc.timeout.max = 5200ms (custom)
2019-09-26 19:35:58,138 [pool-281-thread-1] INFO  server.RaftServerConfigKeys (ConfUtils.java:logGet(43)) - raft.server.rpcslowness.timeout = 120s (custom)
2019-09-26 19:35:58,138 [pool-281-thread-1] INFO  server.RaftServerConfigKeys (ConfUtils.java:logGet(43)) - raft.server.sleep.deviation.threshold = 300 (default)
2019-09-26 19:35:58,138 [pool-281-thread-1] INFO  server.RaftServerConfigKeys (ConfUtils.java:logGet(43)) - raft.server.log.appender.install.snapshot.enabled = false (custom)
2019-09-26 19:35:58,138 [pool-281-thread-1] INFO  impl.RaftServerImpl (ServerState.java:<init>(103)) - 99aa1396-69c4-4985-9b2a-20430cc4a0a7@group-119644BB2AD2: ConfigurationManager, init=-1: [99aa1396-69c4-4985-9b2a-20430cc4a0a7:192.168.151.99:40213], old=null, confs=<EMPTY_MAP>
2019-09-26 19:35:58,138 [pool-281-thread-1] INFO  server.RaftServerConfigKeys (ConfUtils.java:logGet(43)) - raft.server.storage.dir = [/workdir/hadoop-ozone/integration-test/target/test-dir/MiniOzoneClusterImpl-2f79a7d3-d7ae-4963-8370-12bb1e2132d7/datanode-2/data/ratis] (custom)
2019-09-26 19:35:58,139 [pool-281-thread-1] INFO  storage.RaftStorageDirectory (RaftStorageDirectory.java:analyzeStorage(246)) - The storage directory /workdir/hadoop-ozone/integration-test/target/test-dir/MiniOzoneClusterImpl-2f79a7d3-d7ae-4963-8370-12bb1e2132d7/datanode-2/data/ratis/9872f6e0-1089-4366-95b5-119644bb2ad2 does not exist. Creating ...
2019-09-26 19:35:58,163 [pool-281-thread-1] INFO  storage.RaftStorageDirectory (RaftStorageDirectory.java:tryLock(328)) - Lock on /workdir/hadoop-ozone/integration-test/target/test-dir/MiniOzoneClusterImpl-2f79a7d3-d7ae-4963-8370-12bb1e2132d7/datanode-2/data/ratis/9872f6e0-1089-4366-95b5-119644bb2ad2/in_use.lock acquired by nodename 17888@pr-hdds-1569-g6sp5-2013761785
2019-09-26 19:35:58,163 [99aa1396-69c4-4985-9b2a-20430cc4a0a7@group-347C10A7AEE6-SegmentedRaftLogWorker] INFO  segmented.SegmentedRaftLogWorker (SegmentedRaftLogWorker.java:execute(569)) - 99aa1396-69c4-4985-9b2a-20430cc4a0a7@group-347C10A7AEE6-SegmentedRaftLogWorker: created new log segment /workdir/hadoop-ozone/integration-test/target/test-dir/MiniOzoneClusterImpl-2f79a7d3-d7ae-4963-8370-12bb1e2132d7/datanode-2/data/ratis/4656b2b8-e0e5-48d2-86bd-347c10a7aee6/current/log_inprogress_0
2019-09-26 19:35:58,164 [Thread-6522] INFO  impl.FollowerState (FollowerState.java:run(106)) - 728ea44c-f097-440a-a87e-c27a68d48f14:group-68B4F72B1ED7 changes to CANDIDATE, lastRpcTime:5089, electionTimeout:5089ms
2019-09-26 19:35:58,164 [Thread-6522] INFO  impl.RoleInfo (RoleInfo.java:shutdownFollowerState(121)) - 728ea44c-f097-440a-a87e-c27a68d48f14: shutdown FollowerState
2019-09-26 19:35:58,164 [Thread-6522] INFO  impl.RaftServerImpl (RaftServerImpl.java:setRole(174)) - 728ea44c-f097-440a-a87e-c27a68d48f14@group-68B4F72B1ED7: changes role from  FOLLOWER to CANDIDATE at term 0 for changeToCandidate
2019-09-26 19:35:58,164 [Thread-6522] INFO  impl.RoleInfo (RoleInfo.java:updateAndGet(143)) - 728ea44c-f097-440a-a87e-c27a68d48f14: start LeaderElection
2019-09-26 19:35:58,166 [99aa1396-69c4-4985-9b2a-20430cc4a0a7@group-D671766AC431-SegmentedRaftLogWorker] INFO  segmented.SegmentedRaftLogWorker (SegmentedRaftLogWorker.java:execute(569)) - 99aa1396-69c4-4985-9b2a-20430cc4a0a7@group-D671766AC431-SegmentedRaftLogWorker: created new log segment /workdir/hadoop-ozone/integration-test/target/test-dir/MiniOzoneClusterImpl-2f79a7d3-d7ae-4963-8370-12bb1e2132d7/datanode-2/data/ratis/3ca56fc9-fe2f-4c2e-aa12-d671766ac431/current/log_inprogress_0
2019-09-26 19:35:58,169 [pool-281-thread-1] INFO  storage.RaftStorage (RaftStorage.java:format(72)) - Storage directory /workdir/hadoop-ozone/integration-test/target/test-dir/MiniOzoneClusterImpl-2f79a7d3-d7ae-4963-8370-12bb1e2132d7/datanode-2/data/ratis/9872f6e0-1089-4366-95b5-119644bb2ad2 has been successfully formatted.
2019-09-26 19:35:58,169 [728ea44c-f097-440a-a87e-c27a68d48f14@group-68B4F72B1ED7:LeaderElection922] INFO  impl.LeaderElection (LeaderElection.java:askForVotes(182)) - 728ea44c-f097-440a-a87e-c27a68d48f14@group-68B4F72B1ED7:LeaderElection922: begin an election at term 1 for -1: [728ea44c-f097-440a-a87e-c27a68d48f14:192.168.151.99:38783], old=null
2019-09-26 19:35:58,169 [pool-281-thread-1] INFO  ratis.ContainerStateMachine (ContainerStateMachine.java:loadSnapshot(230)) - group-119644BB2AD2: The snapshot info is null. Setting the last applied indexto:(t:0, i:~)
2019-09-26 19:35:58,169 [728ea44c-f097-440a-a87e-c27a68d48f14@group-68B4F72B1ED7:LeaderElection922] INFO  impl.RoleInfo (RoleInfo.java:shutdownLeaderElection(134)) - 728ea44c-f097-440a-a87e-c27a68d48f14: shutdown LeaderElection
2019-09-26 19:35:58,169 [pool-281-thread-1] INFO  server.RaftServerConfigKeys (ConfUtils.java:logGet(43)) - raft.server.notification.no-leader.timeout = 120s (custom)
2019-09-26 19:35:58,169 [728ea44c-f097-440a-a87e-c27a68d48f14@group-68B4F72B1ED7:LeaderElection922] INFO  impl.RaftServerImpl (RaftServerImpl.java:setRole(174)) - 728ea44c-f097-440a-a87e-c27a68d48f14@group-68B4F72B1ED7: changes role from CANDIDATE to LEADER at term 1 for changeToLeader
2019-09-26 19:35:58,169 [pool-281-thread-1] INFO  server.RaftServerConfigKeys (ConfUtils.java:logGet(43)) - raft.server.log.use.memory = false (default)
2019-09-26 19:35:58,169 [728ea44c-f097-440a-a87e-c27a68d48f14@group-68B4F72B1ED7:LeaderElection922] INFO  impl.RaftServerImpl (ServerState.java:setLeader(253)) - 728ea44c-f097-440a-a87e-c27a68d48f14@group-68B4F72B1ED7: change Leader from null to 728ea44c-f097-440a-a87e-c27a68d48f14 at term 1 for becomeLeader, leader elected after 5099ms
2019-09-26 19:35:58,169 [pool-281-thread-1] INFO  server.RaftServerConfigKeys (ConfUtils.java:logGet(43)) - raft.server.log.purge.gap = 1000000 (custom)
2019-09-26 19:35:58,170 [728ea44c-f097-440a-a87e-c27a68d48f14@group-68B4F72B1ED7:LeaderElection922] INFO  server.RaftServerConfigKeys (ConfUtils.java:logGet(43)) - raft.server.staging.catchup.gap = 1000 (default)
2019-09-26 19:35:58,170 [pool-281-thread-1] INFO  server.RaftServerConfigKeys (ConfUtils.java:logGet(43)) - raft.server.log.appender.buffer.byte-limit = 33554432 (custom)
2019-09-26 19:35:58,170 [728ea44c-f097-440a-a87e-c27a68d48f14@group-68B4F72B1ED7:LeaderElection922] INFO  server.RaftServerConfigKeys (ConfUtils.java:logGet(43)) - raft.server.rpc.sleep.time = 25ms (default)
2019-09-26 19:35:58,170 [pool-281-thread-1] INFO  server.RaftServerConfigKeys (ConfUtils.java:logGet(43)) - raft.server.log.segment.size.max = 1048576 (custom)
2019-09-26 19:35:58,170 [728ea44c-f097-440a-a87e-c27a68d48f14@group-68B4F72B1ED7:LeaderElection922] INFO  server.RaftServerConfigKeys (ConfUtils.java:logGet(43)) - raft.server.write.element-limit = 4096 (default)
2019-09-26 19:35:58,170 [pool-281-thread-1] INFO  server.RaftServerConfigKeys (ConfUtils.java:logGet(43)) - raft.server.log.segment.cache.num.max = 2 (custom)
2019-09-26 19:35:58,170 [728ea44c-f097-440a-a87e-c27a68d48f14@group-68B4F72B1ED7:LeaderElection922] INFO  server.RaftServerConfigKeys (ConfUtils.java:logGet(43)) - raft.server.watch.timeout = 10s (default)
2019-09-26 19:35:58,170 [pool-281-thread-1] INFO  segmented.SegmentedRaftLogWorker (SegmentedRaftLogWorker.java:<init>(172)) - new 99aa1396-69c4-4985-9b2a-20430cc4a0a7@group-119644BB2AD2-SegmentedRaftLogWorker for RaftStorage:Storage Directory /workdir/hadoop-ozone/integration-test/target/test-dir/MiniOzoneClusterImpl-2f79a7d3-d7ae-4963-8370-12bb1e2132d7/datanode-2/data/ratis/9872f6e0-1089-4366-95b5-119644bb2ad2
2019-09-26 19:35:58,170 [728ea44c-f097-440a-a87e-c27a68d48f14@group-68B4F72B1ED7:LeaderElection922] INFO  server.RaftServerConfigKeys (ConfUtils.java:logGet(43)) - raft.server.watch.timeout.denomination = 1s (default)
2019-09-26 19:35:58,170 [pool-281-thread-1] INFO  server.RaftServerConfigKeys (ConfUtils.java:logGet(43)) - raft.server.log.queue.byte-limit = 2147483647 (custom)
2019-09-26 19:35:58,170 [728ea44c-f097-440a-a87e-c27a68d48f14@group-68B4F72B1ED7:LeaderElection922] INFO  server.RaftServerConfigKeys (ConfUtils.java:logGet(43)) - raft.server.watch.element-limit = 65536 (default)
2019-09-26 19:35:58,171 [pool-281-thread-1] INFO  server.RaftServerConfigKeys (ConfUtils.java:logGet(43)) - raft.server.log.queue.element-limit = 1024 (custom)
2019-09-26 19:35:58,171 [pool-281-thread-1] INFO  server.RaftServerConfigKeys (ConfUtils.java:logGet(43)) - raft.server.log.segment.size.max = 1048576 (custom)
2019-09-26 19:35:58,171 [pool-281-thread-1] INFO  server.RaftServerConfigKeys (ConfUtils.java:logGet(43)) - raft.server.log.preallocated.size = 16384 (custom)
2019-09-26 19:35:58,171 [pool-281-thread-1] INFO  server.RaftServerConfigKeys (ConfUtils.java:logGet(43)) - raft.server.log.write.buffer.size = 33554432 (custom)
2019-09-26 19:35:58,171 [pool-281-thread-1] INFO  server.RaftServerConfigKeys (ConfUtils.java:logGet(43)) - raft.server.log.force.sync.num = 128 (default)
2019-09-26 19:35:58,171 [pool-281-thread-1] INFO  server.RaftServerConfigKeys (ConfUtils.java:logGet(43)) - raft.server.log.statemachine.data.sync = true (default)
2019-09-26 19:35:58,171 [pool-281-thread-1] INFO  server.RaftServerConfigKeys (ConfUtils.java:logGet(43)) - raft.server.log.statemachine.data.sync.timeout = 10s (default)
2019-09-26 19:35:58,171 [pool-281-thread-1] INFO  server.RaftServerConfigKeys (ConfUtils.java:logGet(43)) - raft.server.log.statemachine.data.sync.timeout.retry = -1 (default)
2019-09-26 19:35:58,171 [pool-281-thread-1] INFO  server.RaftServerConfigKeys (ConfUtils.java:logGet(43)) - raft.server.log.statemachine.data.caching.enabled = true (custom)
2019-09-26 19:35:58,171 [pool-281-thread-1] INFO  segmented.SegmentedRaftLogWorker (SegmentedRaftLogWorker.java:lambda$new$0(132)) - 99aa1396-69c4-4985-9b2a-20430cc4a0a7@group-119644BB2AD2-SegmentedRaftLogWorker: flushIndex: setUnconditionally 0 -> -1
2019-09-26 19:35:58,172 [728ea44c-f097-440a-a87e-c27a68d48f14@group-68B4F72B1ED7:LeaderElection922] INFO  impl.RoleInfo (RoleInfo.java:updateAndGet(143)) - 728ea44c-f097-440a-a87e-c27a68d48f14: start LeaderState
2019-09-26 19:35:58,172 [728ea44c-f097-440a-a87e-c27a68d48f14@group-68B4F72B1ED7:LeaderElection922] INFO  segmented.SegmentedRaftLogWorker (SegmentedRaftLogWorker.java:startLogSegment(380)) - 728ea44c-f097-440a-a87e-c27a68d48f14@group-68B4F72B1ED7-SegmentedRaftLogWorker: Starting segment from index:0
2019-09-26 19:35:58,172 [pool-281-thread-1] INFO  server.RaftServerConfigKeys (ConfUtils.java:logGet(43)) - raft.server.snapshot.auto.trigger.enabled = true (custom)
2019-09-26 19:35:58,172 [pool-281-thread-1] INFO  server.RaftServerConfigKeys (ConfUtils.java:logGet(43)) - raft.server.snapshot.auto.trigger.threshold = 10000 (custom)
2019-09-26 19:35:58,172 [728ea44c-f097-440a-a87e-c27a68d48f14@group-68B4F72B1ED7:LeaderElection922] INFO  impl.RaftServerImpl (ServerState.java:setRaftConf(354)) - 728ea44c-f097-440a-a87e-c27a68d48f14@group-68B4F72B1ED7: set configuration 0: [728ea44c-f097-440a-a87e-c27a68d48f14:192.168.151.99:38783], old=null at 0
2019-09-26 19:35:58,172 [pool-281-thread-1] INFO  server.RaftServerConfigKeys (ConfUtils.java:logGet(43)) - raft.server.snapshot.retention.num.files = 5 (custom)
2019-09-26 19:35:58,172 [pool-281-thread-1] INFO  server.RaftServerConfigKeys (ConfUtils.java:logGet(43)) - raft.server.retrycache.expirytime = 600000ms (custom)
2019-09-26 19:35:58,173 [pool-281-thread-1] INFO  impl.RaftServerImpl (RaftServerImpl.java:start(185)) - 99aa1396-69c4-4985-9b2a-20430cc4a0a7@group-119644BB2AD2: start as a follower, conf=-1: [99aa1396-69c4-4985-9b2a-20430cc4a0a7:192.168.151.99:40213], old=null
2019-09-26 19:35:58,173 [pool-281-thread-1] INFO  impl.RaftServerImpl (RaftServerImpl.java:setRole(174)) - 99aa1396-69c4-4985-9b2a-20430cc4a0a7@group-119644BB2AD2: changes role from      null to FOLLOWER at term 0 for startAsFollower
2019-09-26 19:35:58,173 [pool-281-thread-1] INFO  impl.RoleInfo (RoleInfo.java:updateAndGet(143)) - 99aa1396-69c4-4985-9b2a-20430cc4a0a7: start FollowerState
2019-09-26 19:35:58,173 [pool-281-thread-1] INFO  util.JmxRegister (JmxRegister.java:tryRegister(44)) - Successfully registered JMX Bean with object name Ratis:service=RaftServer,group=group-119644BB2AD2,id=99aa1396-69c4-4985-9b2a-20430cc4a0a7
2019-09-26 19:35:58,175 [RatisPipelineUtilsThread] INFO  pipeline.PipelineStateManager (PipelineStateManager.java:addPipeline(56)) - Created pipeline Pipeline[ Id: 9872f6e0-1089-4366-95b5-119644bb2ad2, Nodes: 99aa1396-69c4-4985-9b2a-20430cc4a0a7{ip: 192.168.151.99, host: pr-hdds-1569-g6sp5-2013761785, networkLocation: /rack1, certSerialId: null}, Type:RATIS, Factor:ONE, State:OPEN]
2019-09-26 19:35:58,177 [grpc-default-executor-2] INFO  impl.RaftServerProxy (RaftServerProxy.java:addNew(89)) - 728ea44c-f097-440a-a87e-c27a68d48f14: addNew group-AF87B132B664:[728ea44c-f097-440a-a87e-c27a68d48f14:192.168.151.99:38783] returns group-AF87B132B664:java.util.concurrent.CompletableFuture@dc46381[Not completed]
2019-09-26 19:35:58,177 [pool-271-thread-1] INFO  impl.RaftServerImpl (RaftServerImpl.java:<init>(95)) - 728ea44c-f097-440a-a87e-c27a68d48f14: new RaftServerImpl for group-AF87B132B664:[728ea44c-f097-440a-a87e-c27a68d48f14:192.168.151.99:38783] with ContainerStateMachine:uninitialized
2019-09-26 19:35:58,178 [pool-271-thread-1] INFO  server.RaftServerConfigKeys (ConfUtils.java:logGet(43)) - raft.server.rpc.timeout.min = 5s (custom)
2019-09-26 19:35:58,178 [pool-271-thread-1] INFO  server.RaftServerConfigKeys (ConfUtils.java:logGet(43)) - raft.server.rpc.timeout.max = 5200ms (custom)
2019-09-26 19:35:58,178 [pool-271-thread-1] INFO  server.RaftServerConfigKeys (ConfUtils.java:logGet(43)) - raft.server.rpcslowness.timeout = 120s (custom)
2019-09-26 19:35:58,178 [pool-271-thread-1] INFO  server.RaftServerConfigKeys (ConfUtils.java:logGet(43)) - raft.server.sleep.deviation.threshold = 300 (default)
2019-09-26 19:35:58,178 [pool-271-thread-1] INFO  server.RaftServerConfigKeys (ConfUtils.java:logGet(43)) - raft.server.log.appender.install.snapshot.enabled = false (custom)
2019-09-26 19:35:58,178 [pool-271-thread-1] INFO  impl.RaftServerImpl (ServerState.java:<init>(103)) - 728ea44c-f097-440a-a87e-c27a68d48f14@group-AF87B132B664: ConfigurationManager, init=-1: [728ea44c-f097-440a-a87e-c27a68d48f14:192.168.151.99:38783], old=null, confs=<EMPTY_MAP>
2019-09-26 19:35:58,178 [pool-271-thread-1] INFO  server.RaftServerConfigKeys (ConfUtils.java:logGet(43)) - raft.server.storage.dir = [/workdir/hadoop-ozone/integration-test/target/test-dir/MiniOzoneClusterImpl-2f79a7d3-d7ae-4963-8370-12bb1e2132d7/datanode-1/data/ratis] (custom)
2019-09-26 19:35:58,179 [pool-271-thread-1] INFO  storage.RaftStorageDirectory (RaftStorageDirectory.java:analyzeStorage(246)) - The storage directory /workdir/hadoop-ozone/integration-test/target/test-dir/MiniOzoneClusterImpl-2f79a7d3-d7ae-4963-8370-12bb1e2132d7/datanode-1/data/ratis/889b51df-5c92-44ac-9159-af87b132b664 does not exist. Creating ...
2019-09-26 19:35:58,191 [pool-271-thread-1] INFO  storage.RaftStorageDirectory (RaftStorageDirectory.java:tryLock(328)) - Lock on /workdir/hadoop-ozone/integration-test/target/test-dir/MiniOzoneClusterImpl-2f79a7d3-d7ae-4963-8370-12bb1e2132d7/datanode-1/data/ratis/889b51df-5c92-44ac-9159-af87b132b664/in_use.lock acquired by nodename 17888@pr-hdds-1569-g6sp5-2013761785
2019-09-26 19:35:58,207 [728ea44c-f097-440a-a87e-c27a68d48f14@group-68B4F72B1ED7-SegmentedRaftLogWorker] INFO  segmented.SegmentedRaftLogWorker (SegmentedRaftLogWorker.java:execute(569)) - 728ea44c-f097-440a-a87e-c27a68d48f14@group-68B4F72B1ED7-SegmentedRaftLogWorker: created new log segment /workdir/hadoop-ozone/integration-test/target/test-dir/MiniOzoneClusterImpl-2f79a7d3-d7ae-4963-8370-12bb1e2132d7/datanode-1/data/ratis/5215c474-4254-4f9a-948a-68b4f72b1ed7/current/log_inprogress_0
2019-09-26 19:35:58,207 [pool-271-thread-1] INFO  storage.RaftStorage (RaftStorage.java:format(72)) - Storage directory /workdir/hadoop-ozone/integration-test/target/test-dir/MiniOzoneClusterImpl-2f79a7d3-d7ae-4963-8370-12bb1e2132d7/datanode-1/data/ratis/889b51df-5c92-44ac-9159-af87b132b664 has been successfully formatted.
2019-09-26 19:35:58,207 [pool-271-thread-1] INFO  ratis.ContainerStateMachine (ContainerStateMachine.java:loadSnapshot(230)) - group-AF87B132B664: The snapshot info is null. Setting the last applied indexto:(t:0, i:~)
2019-09-26 19:35:58,207 [pool-271-thread-1] INFO  server.RaftServerConfigKeys (ConfUtils.java:logGet(43)) - raft.server.notification.no-leader.timeout = 120s (custom)
2019-09-26 19:35:58,207 [pool-271-thread-1] INFO  server.RaftServerConfigKeys (ConfUtils.java:logGet(43)) - raft.server.log.use.memory = false (default)
2019-09-26 19:35:58,207 [pool-271-thread-1] INFO  server.RaftServerConfigKeys (ConfUtils.java:logGet(43)) - raft.server.log.purge.gap = 1000000 (custom)
2019-09-26 19:35:58,208 [pool-271-thread-1] INFO  server.RaftServerConfigKeys (ConfUtils.java:logGet(43)) - raft.server.log.appender.buffer.byte-limit = 33554432 (custom)
2019-09-26 19:35:58,208 [pool-271-thread-1] INFO  server.RaftServerConfigKeys (ConfUtils.java:logGet(43)) - raft.server.log.segment.size.max = 1048576 (custom)
2019-09-26 19:35:58,208 [pool-271-thread-1] INFO  server.RaftServerConfigKeys (ConfUtils.java:logGet(43)) - raft.server.log.segment.cache.num.max = 2 (custom)
2019-09-26 19:35:58,208 [pool-271-thread-1] INFO  segmented.SegmentedRaftLogWorker (SegmentedRaftLogWorker.java:<init>(172)) - new 728ea44c-f097-440a-a87e-c27a68d48f14@group-AF87B132B664-SegmentedRaftLogWorker for RaftStorage:Storage Directory /workdir/hadoop-ozone/integration-test/target/test-dir/MiniOzoneClusterImpl-2f79a7d3-d7ae-4963-8370-12bb1e2132d7/datanode-1/data/ratis/889b51df-5c92-44ac-9159-af87b132b664
2019-09-26 19:35:58,208 [pool-271-thread-1] INFO  server.RaftServerConfigKeys (ConfUtils.java:logGet(43)) - raft.server.log.queue.byte-limit = 2147483647 (custom)
2019-09-26 19:35:58,208 [Thread-6525] INFO  impl.FollowerState (FollowerState.java:run(106)) - 728ea44c-f097-440a-a87e-c27a68d48f14:group-B0CC0BB159C2 changes to CANDIDATE, lastRpcTime:5092, electionTimeout:5092ms
2019-09-26 19:35:58,208 [pool-271-thread-1] INFO  server.RaftServerConfigKeys (ConfUtils.java:logGet(43)) - raft.server.log.queue.element-limit = 1024 (custom)
2019-09-26 19:35:58,208 [Thread-6525] INFO  impl.RoleInfo (RoleInfo.java:shutdownFollowerState(121)) - 728ea44c-f097-440a-a87e-c27a68d48f14: shutdown FollowerState
2019-09-26 19:35:58,208 [pool-271-thread-1] INFO  server.RaftServerConfigKeys (ConfUtils.java:logGet(43)) - raft.server.log.segment.size.max = 1048576 (custom)
2019-09-26 19:35:58,208 [Thread-6525] INFO  impl.RaftServerImpl (RaftServerImpl.java:setRole(174)) - 728ea44c-f097-440a-a87e-c27a68d48f14@group-B0CC0BB159C2: changes role from  FOLLOWER to CANDIDATE at term 0 for changeToCandidate
2019-09-26 19:35:58,209 [pool-271-thread-1] INFO  server.RaftServerConfigKeys (ConfUtils.java:logGet(43)) - raft.server.log.preallocated.size = 16384 (custom)
2019-09-26 19:35:58,209 [Thread-6525] INFO  impl.RoleInfo (RoleInfo.java:updateAndGet(143)) - 728ea44c-f097-440a-a87e-c27a68d48f14: start LeaderElection
2019-09-26 19:35:58,209 [pool-271-thread-1] INFO  server.RaftServerConfigKeys (ConfUtils.java:logGet(43)) - raft.server.log.write.buffer.size = 33554432 (custom)
2019-09-26 19:35:58,209 [pool-271-thread-1] INFO  server.RaftServerConfigKeys (ConfUtils.java:logGet(43)) - raft.server.log.force.sync.num = 128 (default)
2019-09-26 19:35:58,209 [pool-271-thread-1] INFO  server.RaftServerConfigKeys (ConfUtils.java:logGet(43)) - raft.server.log.statemachine.data.sync = true (default)
2019-09-26 19:35:58,209 [pool-271-thread-1] INFO  server.RaftServerConfigKeys (ConfUtils.java:logGet(43)) - raft.server.log.statemachine.data.sync.timeout = 10s (default)
2019-09-26 19:35:58,209 [pool-271-thread-1] INFO  server.RaftServerConfigKeys (ConfUtils.java:logGet(43)) - raft.server.log.statemachine.data.sync.timeout.retry = -1 (default)
2019-09-26 19:35:58,209 [pool-271-thread-1] INFO  server.RaftServerConfigKeys (ConfUtils.java:logGet(43)) - raft.server.log.statemachine.data.caching.enabled = true (custom)
2019-09-26 19:35:58,210 [pool-271-thread-1] INFO  segmented.SegmentedRaftLogWorker (SegmentedRaftLogWorker.java:lambda$new$0(132)) - 728ea44c-f097-440a-a87e-c27a68d48f14@group-AF87B132B664-SegmentedRaftLogWorker: flushIndex: setUnconditionally 0 -> -1
2019-09-26 19:35:58,210 [pool-271-thread-1] INFO  server.RaftServerConfigKeys (ConfUtils.java:logGet(43)) - raft.server.snapshot.auto.trigger.enabled = true (custom)
2019-09-26 19:35:58,210 [pool-271-thread-1] INFO  server.RaftServerConfigKeys (ConfUtils.java:logGet(43)) - raft.server.snapshot.auto.trigger.threshold = 10000 (custom)
2019-09-26 19:35:58,210 [pool-271-thread-1] INFO  server.RaftServerConfigKeys (ConfUtils.java:logGet(43)) - raft.server.snapshot.retention.num.files = 5 (custom)
2019-09-26 19:35:58,210 [pool-271-thread-1] INFO  server.RaftServerConfigKeys (ConfUtils.java:logGet(43)) - raft.server.retrycache.expirytime = 600000ms (custom)
2019-09-26 19:35:58,212 [pool-271-thread-1] INFO  impl.RaftServerImpl (RaftServerImpl.java:start(185)) - 728ea44c-f097-440a-a87e-c27a68d48f14@group-AF87B132B664: start as a follower, conf=-1: [728ea44c-f097-440a-a87e-c27a68d48f14:192.168.151.99:38783], old=null
2019-09-26 19:35:58,212 [pool-271-thread-1] INFO  impl.RaftServerImpl (RaftServerImpl.java:setRole(174)) - 728ea44c-f097-440a-a87e-c27a68d48f14@group-AF87B132B664: changes role from      null to FOLLOWER at term 0 for startAsFollower
2019-09-26 19:35:58,212 [pool-271-thread-1] INFO  impl.RoleInfo (RoleInfo.java:updateAndGet(143)) - 728ea44c-f097-440a-a87e-c27a68d48f14: start FollowerState
2019-09-26 19:35:58,212 [pool-271-thread-1] INFO  util.JmxRegister (JmxRegister.java:tryRegister(44)) - Successfully registered JMX Bean with object name Ratis:service=RaftServer,group=group-AF87B132B664,id=728ea44c-f097-440a-a87e-c27a68d48f14
2019-09-26 19:35:58,213 [RatisPipelineUtilsThread] INFO  pipeline.PipelineStateManager (PipelineStateManager.java:addPipeline(56)) - Created pipeline Pipeline[ Id: 889b51df-5c92-44ac-9159-af87b132b664, Nodes: 728ea44c-f097-440a-a87e-c27a68d48f14{ip: 192.168.151.99, host: pr-hdds-1569-g6sp5-2013761785, networkLocation: /rack1, certSerialId: null}, Type:RATIS, Factor:ONE, State:OPEN]
2019-09-26 19:35:58,215 [grpc-default-executor-2] INFO  impl.RaftServerProxy (RaftServerProxy.java:addNew(89)) - 27cb48db-4b88-4c0c-b213-19f9b2fffaff: addNew group-7EC36DED298A:[27cb48db-4b88-4c0c-b213-19f9b2fffaff:192.168.151.99:37457] returns group-7EC36DED298A:java.util.concurrent.CompletableFuture@7d8abd05[Not completed]
2019-09-26 19:35:58,216 [728ea44c-f097-440a-a87e-c27a68d48f14@group-B0CC0BB159C2:LeaderElection923] INFO  impl.LeaderElection (LeaderElection.java:askForVotes(182)) - 728ea44c-f097-440a-a87e-c27a68d48f14@group-B0CC0BB159C2:LeaderElection923: begin an election at term 1 for -1: [728ea44c-f097-440a-a87e-c27a68d48f14:192.168.151.99:38783], old=null
2019-09-26 19:35:58,216 [728ea44c-f097-440a-a87e-c27a68d48f14@group-B0CC0BB159C2:LeaderElection923] INFO  impl.RoleInfo (RoleInfo.java:shutdownLeaderElection(134)) - 728ea44c-f097-440a-a87e-c27a68d48f14: shutdown LeaderElection
2019-09-26 19:35:58,216 [728ea44c-f097-440a-a87e-c27a68d48f14@group-B0CC0BB159C2:LeaderElection923] INFO  impl.RaftServerImpl (RaftServerImpl.java:setRole(174)) - 728ea44c-f097-440a-a87e-c27a68d48f14@group-B0CC0BB159C2: changes role from CANDIDATE to LEADER at term 1 for changeToLeader
2019-09-26 19:35:58,216 [728ea44c-f097-440a-a87e-c27a68d48f14@group-B0CC0BB159C2:LeaderElection923] INFO  impl.RaftServerImpl (ServerState.java:setLeader(253)) - 728ea44c-f097-440a-a87e-c27a68d48f14@group-B0CC0BB159C2: change Leader from null to 728ea44c-f097-440a-a87e-c27a68d48f14 at term 1 for becomeLeader, leader elected after 5105ms
2019-09-26 19:35:58,216 [728ea44c-f097-440a-a87e-c27a68d48f14@group-B0CC0BB159C2:LeaderElection923] INFO  server.RaftServerConfigKeys (ConfUtils.java:logGet(43)) - raft.server.staging.catchup.gap = 1000 (default)
2019-09-26 19:35:58,216 [pool-261-thread-1] INFO  impl.RaftServerImpl (RaftServerImpl.java:<init>(95)) - 27cb48db-4b88-4c0c-b213-19f9b2fffaff: new RaftServerImpl for group-7EC36DED298A:[27cb48db-4b88-4c0c-b213-19f9b2fffaff:192.168.151.99:37457] with ContainerStateMachine:uninitialized
2019-09-26 19:35:58,216 [728ea44c-f097-440a-a87e-c27a68d48f14@group-B0CC0BB159C2:LeaderElection923] INFO  server.RaftServerConfigKeys (ConfUtils.java:logGet(43)) - raft.server.rpc.sleep.time = 25ms (default)
2019-09-26 19:35:58,216 [pool-261-thread-1] INFO  server.RaftServerConfigKeys (ConfUtils.java:logGet(43)) - raft.server.rpc.timeout.min = 5s (custom)
2019-09-26 19:35:58,216 [728ea44c-f097-440a-a87e-c27a68d48f14@group-B0CC0BB159C2:LeaderElection923] INFO  server.RaftServerConfigKeys (ConfUtils.java:logGet(43)) - raft.server.write.element-limit = 4096 (default)
2019-09-26 19:35:58,216 [pool-261-thread-1] INFO  server.RaftServerConfigKeys (ConfUtils.java:logGet(43)) - raft.server.rpc.timeout.max = 5200ms (custom)
2019-09-26 19:35:58,216 [728ea44c-f097-440a-a87e-c27a68d48f14@group-B0CC0BB159C2:LeaderElection923] INFO  server.RaftServerConfigKeys (ConfUtils.java:logGet(43)) - raft.server.watch.timeout = 10s (default)
2019-09-26 19:35:58,217 [pool-261-thread-1] INFO  server.RaftServerConfigKeys (ConfUtils.java:logGet(43)) - raft.server.rpcslowness.timeout = 120s (custom)
2019-09-26 19:35:58,217 [728ea44c-f097-440a-a87e-c27a68d48f14@group-B0CC0BB159C2:LeaderElection923] INFO  server.RaftServerConfigKeys (ConfUtils.java:logGet(43)) - raft.server.watch.timeout.denomination = 1s (default)
2019-09-26 19:35:58,217 [pool-261-thread-1] INFO  server.RaftServerConfigKeys (ConfUtils.java:logGet(43)) - raft.server.sleep.deviation.threshold = 300 (default)
2019-09-26 19:35:58,217 [728ea44c-f097-440a-a87e-c27a68d48f14@group-B0CC0BB159C2:LeaderElection923] INFO  server.RaftServerConfigKeys (ConfUtils.java:logGet(43)) - raft.server.watch.element-limit = 65536 (default)
2019-09-26 19:35:58,217 [pool-261-thread-1] INFO  server.RaftServerConfigKeys (ConfUtils.java:logGet(43)) - raft.server.log.appender.install.snapshot.enabled = false (custom)
2019-09-26 19:35:58,217 [pool-261-thread-1] INFO  impl.RaftServerImpl (ServerState.java:<init>(103)) - 27cb48db-4b88-4c0c-b213-19f9b2fffaff@group-7EC36DED298A: ConfigurationManager, init=-1: [27cb48db-4b88-4c0c-b213-19f9b2fffaff:192.168.151.99:37457], old=null, confs=<EMPTY_MAP>
2019-09-26 19:35:58,217 [pool-261-thread-1] INFO  server.RaftServerConfigKeys (ConfUtils.java:logGet(43)) - raft.server.storage.dir = [/workdir/hadoop-ozone/integration-test/target/test-dir/MiniOzoneClusterImpl-2f79a7d3-d7ae-4963-8370-12bb1e2132d7/datanode-0/data/ratis] (custom)
2019-09-26 19:35:58,218 [728ea44c-f097-440a-a87e-c27a68d48f14@group-B0CC0BB159C2:LeaderElection923] INFO  impl.RoleInfo (RoleInfo.java:updateAndGet(143)) - 728ea44c-f097-440a-a87e-c27a68d48f14: start LeaderState
2019-09-26 19:35:58,218 [728ea44c-f097-440a-a87e-c27a68d48f14@group-B0CC0BB159C2:LeaderElection923] INFO  segmented.SegmentedRaftLogWorker (SegmentedRaftLogWorker.java:startLogSegment(380)) - 728ea44c-f097-440a-a87e-c27a68d48f14@group-B0CC0BB159C2-SegmentedRaftLogWorker: Starting segment from index:0
2019-09-26 19:35:58,218 [pool-261-thread-1] INFO  storage.RaftStorageDirectory (RaftStorageDirectory.java:analyzeStorage(246)) - The storage directory /workdir/hadoop-ozone/integration-test/target/test-dir/MiniOzoneClusterImpl-2f79a7d3-d7ae-4963-8370-12bb1e2132d7/datanode-0/data/ratis/0ac42e9a-9f4e-41cf-8af9-7ec36ded298a does not exist. Creating ...
2019-09-26 19:35:58,218 [728ea44c-f097-440a-a87e-c27a68d48f14@group-B0CC0BB159C2:LeaderElection923] INFO  impl.RaftServerImpl (ServerState.java:setRaftConf(354)) - 728ea44c-f097-440a-a87e-c27a68d48f14@group-B0CC0BB159C2: set configuration 0: [728ea44c-f097-440a-a87e-c27a68d48f14:192.168.151.99:38783], old=null at 0
2019-09-26 19:35:58,227 [pool-261-thread-1] INFO  storage.RaftStorageDirectory (RaftStorageDirectory.java:tryLock(328)) - Lock on /workdir/hadoop-ozone/integration-test/target/test-dir/MiniOzoneClusterImpl-2f79a7d3-d7ae-4963-8370-12bb1e2132d7/datanode-0/data/ratis/0ac42e9a-9f4e-41cf-8af9-7ec36ded298a/in_use.lock acquired by nodename 17888@pr-hdds-1569-g6sp5-2013761785
2019-09-26 19:35:58,231 [Thread-6528] INFO  impl.FollowerState (FollowerState.java:run(106)) - 27cb48db-4b88-4c0c-b213-19f9b2fffaff:group-77423B234E80 changes to CANDIDATE, lastRpcTime:5078, electionTimeout:5078ms
2019-09-26 19:35:58,231 [Thread-6528] INFO  impl.RoleInfo (RoleInfo.java:shutdownFollowerState(121)) - 27cb48db-4b88-4c0c-b213-19f9b2fffaff: shutdown FollowerState
2019-09-26 19:35:58,231 [Thread-6528] INFO  impl.RaftServerImpl (RaftServerImpl.java:setRole(174)) - 27cb48db-4b88-4c0c-b213-19f9b2fffaff@group-77423B234E80: changes role from  FOLLOWER to CANDIDATE at term 0 for changeToCandidate
2019-09-26 19:35:58,231 [Thread-6528] INFO  impl.RoleInfo (RoleInfo.java:updateAndGet(143)) - 27cb48db-4b88-4c0c-b213-19f9b2fffaff: start LeaderElection
2019-09-26 19:35:58,241 [pool-261-thread-1] INFO  storage.RaftStorage (RaftStorage.java:format(72)) - Storage directory /workdir/hadoop-ozone/integration-test/target/test-dir/MiniOzoneClusterImpl-2f79a7d3-d7ae-4963-8370-12bb1e2132d7/datanode-0/data/ratis/0ac42e9a-9f4e-41cf-8af9-7ec36ded298a has been successfully formatted.
2019-09-26 19:35:58,241 [27cb48db-4b88-4c0c-b213-19f9b2fffaff@group-77423B234E80:LeaderElection924] INFO  impl.LeaderElection (LeaderElection.java:askForVotes(182)) - 27cb48db-4b88-4c0c-b213-19f9b2fffaff@group-77423B234E80:LeaderElection924: begin an election at term 1 for -1: [27cb48db-4b88-4c0c-b213-19f9b2fffaff:192.168.151.99:37457], old=null
2019-09-26 19:35:58,241 [pool-261-thread-1] INFO  ratis.ContainerStateMachine (ContainerStateMachine.java:loadSnapshot(230)) - group-7EC36DED298A: The snapshot info is null. Setting the last applied indexto:(t:0, i:~)
2019-09-26 19:35:58,241 [27cb48db-4b88-4c0c-b213-19f9b2fffaff@group-77423B234E80:LeaderElection924] INFO  impl.RoleInfo (RoleInfo.java:shutdownLeaderElection(134)) - 27cb48db-4b88-4c0c-b213-19f9b2fffaff: shutdown LeaderElection
2019-09-26 19:35:58,241 [pool-261-thread-1] INFO  server.RaftServerConfigKeys (ConfUtils.java:logGet(43)) - raft.server.notification.no-leader.timeout = 120s (custom)
2019-09-26 19:35:58,241 [27cb48db-4b88-4c0c-b213-19f9b2fffaff@group-77423B234E80:LeaderElection924] INFO  impl.RaftServerImpl (RaftServerImpl.java:setRole(174)) - 27cb48db-4b88-4c0c-b213-19f9b2fffaff@group-77423B234E80: changes role from CANDIDATE to LEADER at term 1 for changeToLeader
2019-09-26 19:35:58,242 [27cb48db-4b88-4c0c-b213-19f9b2fffaff@group-77423B234E80:LeaderElection924] INFO  impl.RaftServerImpl (ServerState.java:setLeader(253)) - 27cb48db-4b88-4c0c-b213-19f9b2fffaff@group-77423B234E80: change Leader from null to 27cb48db-4b88-4c0c-b213-19f9b2fffaff at term 1 for becomeLeader, leader elected after 5093ms
2019-09-26 19:35:58,242 [pool-261-thread-1] INFO  server.RaftServerConfigKeys (ConfUtils.java:logGet(43)) - raft.server.log.use.memory = false (default)
2019-09-26 19:35:58,242 [27cb48db-4b88-4c0c-b213-19f9b2fffaff@group-77423B234E80:LeaderElection924] INFO  server.RaftServerConfigKeys (ConfUtils.java:logGet(43)) - raft.server.staging.catchup.gap = 1000 (default)
2019-09-26 19:35:58,242 [pool-261-thread-1] INFO  server.RaftServerConfigKeys (ConfUtils.java:logGet(43)) - raft.server.log.purge.gap = 1000000 (custom)
2019-09-26 19:35:58,242 [27cb48db-4b88-4c0c-b213-19f9b2fffaff@group-77423B234E80:LeaderElection924] INFO  server.RaftServerConfigKeys (ConfUtils.java:logGet(43)) - raft.server.rpc.sleep.time = 25ms (default)
2019-09-26 19:35:58,242 [pool-261-thread-1] INFO  server.RaftServerConfigKeys (ConfUtils.java:logGet(43)) - raft.server.log.appender.buffer.byte-limit = 33554432 (custom)
2019-09-26 19:35:58,242 [27cb48db-4b88-4c0c-b213-19f9b2fffaff@group-77423B234E80:LeaderElection924] INFO  server.RaftServerConfigKeys (ConfUtils.java:logGet(43)) - raft.server.write.element-limit = 4096 (default)
2019-09-26 19:35:58,242 [pool-261-thread-1] INFO  server.RaftServerConfigKeys (ConfUtils.java:logGet(43)) - raft.server.log.segment.size.max = 1048576 (custom)
2019-09-26 19:35:58,242 [27cb48db-4b88-4c0c-b213-19f9b2fffaff@group-77423B234E80:LeaderElection924] INFO  server.RaftServerConfigKeys (ConfUtils.java:logGet(43)) - raft.server.watch.timeout = 10s (default)
2019-09-26 19:35:58,243 [pool-261-thread-1] INFO  server.RaftServerConfigKeys (ConfUtils.java:logGet(43)) - raft.server.log.segment.cache.num.max = 2 (custom)
2019-09-26 19:35:58,243 [728ea44c-f097-440a-a87e-c27a68d48f14@group-B0CC0BB159C2-SegmentedRaftLogWorker] INFO  segmented.SegmentedRaftLogWorker (SegmentedRaftLogWorker.java:execute(569)) - 728ea44c-f097-440a-a87e-c27a68d48f14@group-B0CC0BB159C2-SegmentedRaftLogWorker: created new log segment /workdir/hadoop-ozone/integration-test/target/test-dir/MiniOzoneClusterImpl-2f79a7d3-d7ae-4963-8370-12bb1e2132d7/datanode-1/data/ratis/754d3332-9889-4c2a-bd4c-b0cc0bb159c2/current/log_inprogress_0
2019-09-26 19:35:58,243 [27cb48db-4b88-4c0c-b213-19f9b2fffaff@group-77423B234E80:LeaderElection924] INFO  server.RaftServerConfigKeys (ConfUtils.java:logGet(43)) - raft.server.watch.timeout.denomination = 1s (default)
2019-09-26 19:35:58,243 [pool-261-thread-1] INFO  segmented.SegmentedRaftLogWorker (SegmentedRaftLogWorker.java:<init>(172)) - new 27cb48db-4b88-4c0c-b213-19f9b2fffaff@group-7EC36DED298A-SegmentedRaftLogWorker for RaftStorage:Storage Directory /workdir/hadoop-ozone/integration-test/target/test-dir/MiniOzoneClusterImpl-2f79a7d3-d7ae-4963-8370-12bb1e2132d7/datanode-0/data/ratis/0ac42e9a-9f4e-41cf-8af9-7ec36ded298a
2019-09-26 19:35:58,243 [27cb48db-4b88-4c0c-b213-19f9b2fffaff@group-77423B234E80:LeaderElection924] INFO  server.RaftServerConfigKeys (ConfUtils.java:logGet(43)) - raft.server.watch.element-limit = 65536 (default)
2019-09-26 19:35:58,243 [pool-261-thread-1] INFO  server.RaftServerConfigKeys (ConfUtils.java:logGet(43)) - raft.server.log.queue.byte-limit = 2147483647 (custom)
2019-09-26 19:35:58,243 [pool-261-thread-1] INFO  server.RaftServerConfigKeys (ConfUtils.java:logGet(43)) - raft.server.log.queue.element-limit = 1024 (custom)
2019-09-26 19:35:58,244 [pool-261-thread-1] INFO  server.RaftServerConfigKeys (ConfUtils.java:logGet(43)) - raft.server.log.segment.size.max = 1048576 (custom)
2019-09-26 19:35:58,244 [pool-261-thread-1] INFO  server.RaftServerConfigKeys (ConfUtils.java:logGet(43)) - raft.server.log.preallocated.size = 16384 (custom)
2019-09-26 19:35:58,244 [pool-261-thread-1] INFO  server.RaftServerConfigKeys (ConfUtils.java:logGet(43)) - raft.server.log.write.buffer.size = 33554432 (custom)
2019-09-26 19:35:58,244 [pool-261-thread-1] INFO  server.RaftServerConfigKeys (ConfUtils.java:logGet(43)) - raft.server.log.force.sync.num = 128 (default)
2019-09-26 19:35:58,244 [pool-261-thread-1] INFO  server.RaftServerConfigKeys (ConfUtils.java:logGet(43)) - raft.server.log.statemachine.data.sync = true (default)
2019-09-26 19:35:58,244 [pool-261-thread-1] INFO  server.RaftServerConfigKeys (ConfUtils.java:logGet(43)) - raft.server.log.statemachine.data.sync.timeout = 10s (default)
2019-09-26 19:35:58,244 [pool-261-thread-1] INFO  server.RaftServerConfigKeys (ConfUtils.java:logGet(43)) - raft.server.log.statemachine.data.sync.timeout.retry = -1 (default)
2019-09-26 19:35:58,244 [27cb48db-4b88-4c0c-b213-19f9b2fffaff@group-77423B234E80:LeaderElection924] INFO  impl.RoleInfo (RoleInfo.java:updateAndGet(143)) - 27cb48db-4b88-4c0c-b213-19f9b2fffaff: start LeaderState
2019-09-26 19:35:58,244 [pool-261-thread-1] INFO  server.RaftServerConfigKeys (ConfUtils.java:logGet(43)) - raft.server.log.statemachine.data.caching.enabled = true (custom)
2019-09-26 19:35:58,245 [27cb48db-4b88-4c0c-b213-19f9b2fffaff@group-77423B234E80:LeaderElection924] INFO  segmented.SegmentedRaftLogWorker (SegmentedRaftLogWorker.java:startLogSegment(380)) - 27cb48db-4b88-4c0c-b213-19f9b2fffaff@group-77423B234E80-SegmentedRaftLogWorker: Starting segment from index:0
2019-09-26 19:35:58,245 [pool-261-thread-1] INFO  segmented.SegmentedRaftLogWorker (SegmentedRaftLogWorker.java:lambda$new$0(132)) - 27cb48db-4b88-4c0c-b213-19f9b2fffaff@group-7EC36DED298A-SegmentedRaftLogWorker: flushIndex: setUnconditionally 0 -> -1
2019-09-26 19:35:58,245 [27cb48db-4b88-4c0c-b213-19f9b2fffaff@group-77423B234E80:LeaderElection924] INFO  impl.RaftServerImpl (ServerState.java:setRaftConf(354)) - 27cb48db-4b88-4c0c-b213-19f9b2fffaff@group-77423B234E80: set configuration 0: [27cb48db-4b88-4c0c-b213-19f9b2fffaff:192.168.151.99:37457], old=null at 0
2019-09-26 19:35:58,245 [pool-261-thread-1] INFO  server.RaftServerConfigKeys (ConfUtils.java:logGet(43)) - raft.server.snapshot.auto.trigger.enabled = true (custom)
2019-09-26 19:35:58,245 [pool-261-thread-1] INFO  server.RaftServerConfigKeys (ConfUtils.java:logGet(43)) - raft.server.snapshot.auto.trigger.threshold = 10000 (custom)
2019-09-26 19:35:58,245 [pool-261-thread-1] INFO  server.RaftServerConfigKeys (ConfUtils.java:logGet(43)) - raft.server.snapshot.retention.num.files = 5 (custom)
2019-09-26 19:35:58,246 [pool-261-thread-1] INFO  server.RaftServerConfigKeys (ConfUtils.java:logGet(43)) - raft.server.retrycache.expirytime = 600000ms (custom)
2019-09-26 19:35:58,247 [pool-261-thread-1] INFO  impl.RaftServerImpl (RaftServerImpl.java:start(185)) - 27cb48db-4b88-4c0c-b213-19f9b2fffaff@group-7EC36DED298A: start as a follower, conf=-1: [27cb48db-4b88-4c0c-b213-19f9b2fffaff:192.168.151.99:37457], old=null
2019-09-26 19:35:58,247 [pool-261-thread-1] INFO  impl.RaftServerImpl (RaftServerImpl.java:setRole(174)) - 27cb48db-4b88-4c0c-b213-19f9b2fffaff@group-7EC36DED298A: changes role from      null to FOLLOWER at term 0 for startAsFollower
2019-09-26 19:35:58,247 [pool-261-thread-1] INFO  impl.RoleInfo (RoleInfo.java:updateAndGet(143)) - 27cb48db-4b88-4c0c-b213-19f9b2fffaff: start FollowerState
2019-09-26 19:35:58,247 [pool-261-thread-1] INFO  util.JmxRegister (JmxRegister.java:tryRegister(44)) - Successfully registered JMX Bean with object name Ratis:service=RaftServer,group=group-7EC36DED298A,id=27cb48db-4b88-4c0c-b213-19f9b2fffaff
2019-09-26 19:35:58,249 [RatisPipelineUtilsThread] INFO  pipeline.PipelineStateManager (PipelineStateManager.java:addPipeline(56)) - Created pipeline Pipeline[ Id: 0ac42e9a-9f4e-41cf-8af9-7ec36ded298a, Nodes: 27cb48db-4b88-4c0c-b213-19f9b2fffaff{ip: 192.168.151.99, host: pr-hdds-1569-g6sp5-2013761785, networkLocation: /rack1, certSerialId: null}, Type:RATIS, Factor:ONE, State:OPEN]
2019-09-26 19:35:58,251 [grpc-default-executor-2] INFO  impl.RaftServerProxy (RaftServerProxy.java:addNew(89)) - 728ea44c-f097-440a-a87e-c27a68d48f14: addNew group-516E0962CCE3:[728ea44c-f097-440a-a87e-c27a68d48f14:192.168.151.99:38783] returns group-516E0962CCE3:java.util.concurrent.CompletableFuture@13ddf968[Not completed]
2019-09-26 19:35:58,251 [pool-271-thread-1] INFO  impl.RaftServerImpl (RaftServerImpl.java:<init>(95)) - 728ea44c-f097-440a-a87e-c27a68d48f14: new RaftServerImpl for group-516E0962CCE3:[728ea44c-f097-440a-a87e-c27a68d48f14:192.168.151.99:38783] with ContainerStateMachine:uninitialized
2019-09-26 19:35:58,251 [pool-271-thread-1] INFO  server.RaftServerConfigKeys (ConfUtils.java:logGet(43)) - raft.server.rpc.timeout.min = 5s (custom)
2019-09-26 19:35:58,252 [pool-271-thread-1] INFO  server.RaftServerConfigKeys (ConfUtils.java:logGet(43)) - raft.server.rpc.timeout.max = 5200ms (custom)
2019-09-26 19:35:58,252 [pool-271-thread-1] INFO  server.RaftServerConfigKeys (ConfUtils.java:logGet(43)) - raft.server.rpcslowness.timeout = 120s (custom)
2019-09-26 19:35:58,252 [pool-271-thread-1] INFO  server.RaftServerConfigKeys (ConfUtils.java:logGet(43)) - raft.server.sleep.deviation.threshold = 300 (default)
2019-09-26 19:35:58,252 [pool-271-thread-1] INFO  server.RaftServerConfigKeys (ConfUtils.java:logGet(43)) - raft.server.log.appender.install.snapshot.enabled = false (custom)
2019-09-26 19:35:58,252 [pool-271-thread-1] INFO  impl.RaftServerImpl (ServerState.java:<init>(103)) - 728ea44c-f097-440a-a87e-c27a68d48f14@group-516E0962CCE3: ConfigurationManager, init=-1: [728ea44c-f097-440a-a87e-c27a68d48f14:192.168.151.99:38783], old=null, confs=<EMPTY_MAP>
2019-09-26 19:35:58,252 [pool-271-thread-1] INFO  server.RaftServerConfigKeys (ConfUtils.java:logGet(43)) - raft.server.storage.dir = [/workdir/hadoop-ozone/integration-test/target/test-dir/MiniOzoneClusterImpl-2f79a7d3-d7ae-4963-8370-12bb1e2132d7/datanode-1/data/ratis] (custom)
2019-09-26 19:35:58,253 [pool-271-thread-1] INFO  storage.RaftStorageDirectory (RaftStorageDirectory.java:analyzeStorage(246)) - The storage directory /workdir/hadoop-ozone/integration-test/target/test-dir/MiniOzoneClusterImpl-2f79a7d3-d7ae-4963-8370-12bb1e2132d7/datanode-1/data/ratis/154e15a0-4cf9-452f-9bd6-516e0962cce3 does not exist. Creating ...
2019-09-26 19:35:58,260 [pool-271-thread-1] INFO  storage.RaftStorageDirectory (RaftStorageDirectory.java:tryLock(328)) - Lock on /workdir/hadoop-ozone/integration-test/target/test-dir/MiniOzoneClusterImpl-2f79a7d3-d7ae-4963-8370-12bb1e2132d7/datanode-1/data/ratis/154e15a0-4cf9-452f-9bd6-516e0962cce3/in_use.lock acquired by nodename 17888@pr-hdds-1569-g6sp5-2013761785
2019-09-26 19:35:58,274 [27cb48db-4b88-4c0c-b213-19f9b2fffaff@group-77423B234E80-SegmentedRaftLogWorker] INFO  segmented.SegmentedRaftLogWorker (SegmentedRaftLogWorker.java:execute(569)) - 27cb48db-4b88-4c0c-b213-19f9b2fffaff@group-77423B234E80-SegmentedRaftLogWorker: created new log segment /workdir/hadoop-ozone/integration-test/target/test-dir/MiniOzoneClusterImpl-2f79a7d3-d7ae-4963-8370-12bb1e2132d7/datanode-0/data/ratis/80dcf3c7-2577-4207-bdad-77423b234e80/current/log_inprogress_0
2019-09-26 19:35:58,274 [pool-271-thread-1] INFO  storage.RaftStorage (RaftStorage.java:format(72)) - Storage directory /workdir/hadoop-ozone/integration-test/target/test-dir/MiniOzoneClusterImpl-2f79a7d3-d7ae-4963-8370-12bb1e2132d7/datanode-1/data/ratis/154e15a0-4cf9-452f-9bd6-516e0962cce3 has been successfully formatted.
2019-09-26 19:35:58,274 [pool-271-thread-1] INFO  ratis.ContainerStateMachine (ContainerStateMachine.java:loadSnapshot(230)) - group-516E0962CCE3: The snapshot info is null. Setting the last applied indexto:(t:0, i:~)
2019-09-26 19:35:58,274 [pool-271-thread-1] INFO  server.RaftServerConfigKeys (ConfUtils.java:logGet(43)) - raft.server.notification.no-leader.timeout = 120s (custom)
2019-09-26 19:35:58,274 [pool-271-thread-1] INFO  server.RaftServerConfigKeys (ConfUtils.java:logGet(43)) - raft.server.log.use.memory = false (default)
2019-09-26 19:35:58,274 [pool-271-thread-1] INFO  server.RaftServerConfigKeys (ConfUtils.java:logGet(43)) - raft.server.log.purge.gap = 1000000 (custom)
2019-09-26 19:35:58,274 [pool-271-thread-1] INFO  server.RaftServerConfigKeys (ConfUtils.java:logGet(43)) - raft.server.log.appender.buffer.byte-limit = 33554432 (custom)
2019-09-26 19:35:58,275 [pool-271-thread-1] INFO  server.RaftServerConfigKeys (ConfUtils.java:logGet(43)) - raft.server.log.segment.size.max = 1048576 (custom)
2019-09-26 19:35:58,275 [pool-271-thread-1] INFO  server.RaftServerConfigKeys (ConfUtils.java:logGet(43)) - raft.server.log.segment.cache.num.max = 2 (custom)
2019-09-26 19:35:58,275 [pool-271-thread-1] INFO  segmented.SegmentedRaftLogWorker (SegmentedRaftLogWorker.java:<init>(172)) - new 728ea44c-f097-440a-a87e-c27a68d48f14@group-516E0962CCE3-SegmentedRaftLogWorker for RaftStorage:Storage Directory /workdir/hadoop-ozone/integration-test/target/test-dir/MiniOzoneClusterImpl-2f79a7d3-d7ae-4963-8370-12bb1e2132d7/datanode-1/data/ratis/154e15a0-4cf9-452f-9bd6-516e0962cce3
2019-09-26 19:35:58,275 [pool-271-thread-1] INFO  server.RaftServerConfigKeys (ConfUtils.java:logGet(43)) - raft.server.log.queue.byte-limit = 2147483647 (custom)
2019-09-26 19:35:58,275 [pool-271-thread-1] INFO  server.RaftServerConfigKeys (ConfUtils.java:logGet(43)) - raft.server.log.queue.element-limit = 1024 (custom)
2019-09-26 19:35:58,275 [pool-271-thread-1] INFO  server.RaftServerConfigKeys (ConfUtils.java:logGet(43)) - raft.server.log.segment.size.max = 1048576 (custom)
2019-09-26 19:35:58,275 [pool-271-thread-1] INFO  server.RaftServerConfigKeys (ConfUtils.java:logGet(43)) - raft.server.log.preallocated.size = 16384 (custom)
2019-09-26 19:35:58,275 [pool-271-thread-1] INFO  server.RaftServerConfigKeys (ConfUtils.java:logGet(43)) - raft.server.log.write.buffer.size = 33554432 (custom)
2019-09-26 19:35:58,275 [pool-271-thread-1] INFO  server.RaftServerConfigKeys (ConfUtils.java:logGet(43)) - raft.server.log.force.sync.num = 128 (default)
2019-09-26 19:35:58,276 [pool-271-thread-1] INFO  server.RaftServerConfigKeys (ConfUtils.java:logGet(43)) - raft.server.log.statemachine.data.sync = true (default)
2019-09-26 19:35:58,276 [pool-271-thread-1] INFO  server.RaftServerConfigKeys (ConfUtils.java:logGet(43)) - raft.server.log.statemachine.data.sync.timeout = 10s (default)
2019-09-26 19:35:58,276 [pool-271-thread-1] INFO  server.RaftServerConfigKeys (ConfUtils.java:logGet(43)) - raft.server.log.statemachine.data.sync.timeout.retry = -1 (default)
2019-09-26 19:35:58,276 [pool-271-thread-1] INFO  server.RaftServerConfigKeys (ConfUtils.java:logGet(43)) - raft.server.log.statemachine.data.caching.enabled = true (custom)
2019-09-26 19:35:58,276 [pool-271-thread-1] INFO  segmented.SegmentedRaftLogWorker (SegmentedRaftLogWorker.java:lambda$new$0(132)) - 728ea44c-f097-440a-a87e-c27a68d48f14@group-516E0962CCE3-SegmentedRaftLogWorker: flushIndex: setUnconditionally 0 -> -1
2019-09-26 19:35:58,276 [pool-271-thread-1] INFO  server.RaftServerConfigKeys (ConfUtils.java:logGet(43)) - raft.server.snapshot.auto.trigger.enabled = true (custom)
2019-09-26 19:35:58,276 [pool-271-thread-1] INFO  server.RaftServerConfigKeys (ConfUtils.java:logGet(43)) - raft.server.snapshot.auto.trigger.threshold = 10000 (custom)
2019-09-26 19:35:58,277 [pool-271-thread-1] INFO  server.RaftServerConfigKeys (ConfUtils.java:logGet(43)) - raft.server.snapshot.retention.num.files = 5 (custom)
2019-09-26 19:35:58,277 [pool-271-thread-1] INFO  server.RaftServerConfigKeys (ConfUtils.java:logGet(43)) - raft.server.retrycache.expirytime = 600000ms (custom)
2019-09-26 19:35:58,278 [pool-271-thread-1] INFO  impl.RaftServerImpl (RaftServerImpl.java:start(185)) - 728ea44c-f097-440a-a87e-c27a68d48f14@group-516E0962CCE3: start as a follower, conf=-1: [728ea44c-f097-440a-a87e-c27a68d48f14:192.168.151.99:38783], old=null
2019-09-26 19:35:58,278 [pool-271-thread-1] INFO  impl.RaftServerImpl (RaftServerImpl.java:setRole(174)) - 728ea44c-f097-440a-a87e-c27a68d48f14@group-516E0962CCE3: changes role from      null to FOLLOWER at term 0 for startAsFollower
2019-09-26 19:35:58,278 [pool-271-thread-1] INFO  impl.RoleInfo (RoleInfo.java:updateAndGet(143)) - 728ea44c-f097-440a-a87e-c27a68d48f14: start FollowerState
2019-09-26 19:35:58,279 [pool-271-thread-1] INFO  util.JmxRegister (JmxRegister.java:tryRegister(44)) - Successfully registered JMX Bean with object name Ratis:service=RaftServer,group=group-516E0962CCE3,id=728ea44c-f097-440a-a87e-c27a68d48f14
2019-09-26 19:35:58,280 [RatisPipelineUtilsThread] INFO  pipeline.PipelineStateManager (PipelineStateManager.java:addPipeline(56)) - Created pipeline Pipeline[ Id: 154e15a0-4cf9-452f-9bd6-516e0962cce3, Nodes: 728ea44c-f097-440a-a87e-c27a68d48f14{ip: 192.168.151.99, host: pr-hdds-1569-g6sp5-2013761785, networkLocation: /rack1, certSerialId: null}, Type:RATIS, Factor:ONE, State:OPEN]
2019-09-26 19:35:58,282 [grpc-default-executor-2] INFO  impl.RaftServerProxy (RaftServerProxy.java:addNew(89)) - 27cb48db-4b88-4c0c-b213-19f9b2fffaff: addNew group-88A4DF62043E:[27cb48db-4b88-4c0c-b213-19f9b2fffaff:192.168.151.99:37457] returns group-88A4DF62043E:java.util.concurrent.CompletableFuture@739236e2[Not completed]
2019-09-26 19:35:58,282 [pool-261-thread-1] INFO  impl.RaftServerImpl (RaftServerImpl.java:<init>(95)) - 27cb48db-4b88-4c0c-b213-19f9b2fffaff: new RaftServerImpl for group-88A4DF62043E:[27cb48db-4b88-4c0c-b213-19f9b2fffaff:192.168.151.99:37457] with ContainerStateMachine:uninitialized
2019-09-26 19:35:58,282 [pool-261-thread-1] INFO  server.RaftServerConfigKeys (ConfUtils.java:logGet(43)) - raft.server.rpc.timeout.min = 5s (custom)
2019-09-26 19:35:58,282 [pool-261-thread-1] INFO  server.RaftServerConfigKeys (ConfUtils.java:logGet(43)) - raft.server.rpc.timeout.max = 5200ms (custom)
2019-09-26 19:35:58,283 [pool-261-thread-1] INFO  server.RaftServerConfigKeys (ConfUtils.java:logGet(43)) - raft.server.rpcslowness.timeout = 120s (custom)
2019-09-26 19:35:58,283 [pool-261-thread-1] INFO  server.RaftServerConfigKeys (ConfUtils.java:logGet(43)) - raft.server.sleep.deviation.threshold = 300 (default)
2019-09-26 19:35:58,283 [pool-261-thread-1] INFO  server.RaftServerConfigKeys (ConfUtils.java:logGet(43)) - raft.server.log.appender.install.snapshot.enabled = false (custom)
2019-09-26 19:35:58,283 [pool-261-thread-1] INFO  impl.RaftServerImpl (ServerState.java:<init>(103)) - 27cb48db-4b88-4c0c-b213-19f9b2fffaff@group-88A4DF62043E: ConfigurationManager, init=-1: [27cb48db-4b88-4c0c-b213-19f9b2fffaff:192.168.151.99:37457], old=null, confs=<EMPTY_MAP>
2019-09-26 19:35:58,283 [pool-261-thread-1] INFO  server.RaftServerConfigKeys (ConfUtils.java:logGet(43)) - raft.server.storage.dir = [/workdir/hadoop-ozone/integration-test/target/test-dir/MiniOzoneClusterImpl-2f79a7d3-d7ae-4963-8370-12bb1e2132d7/datanode-0/data/ratis] (custom)
2019-09-26 19:35:58,283 [pool-261-thread-1] INFO  storage.RaftStorageDirectory (RaftStorageDirectory.java:analyzeStorage(246)) - The storage directory /workdir/hadoop-ozone/integration-test/target/test-dir/MiniOzoneClusterImpl-2f79a7d3-d7ae-4963-8370-12bb1e2132d7/datanode-0/data/ratis/29c691bd-bf85-4feb-a742-88a4df62043e does not exist. Creating ...
2019-09-26 19:35:58,303 [pool-261-thread-1] INFO  storage.RaftStorageDirectory (RaftStorageDirectory.java:tryLock(328)) - Lock on /workdir/hadoop-ozone/integration-test/target/test-dir/MiniOzoneClusterImpl-2f79a7d3-d7ae-4963-8370-12bb1e2132d7/datanode-0/data/ratis/29c691bd-bf85-4feb-a742-88a4df62043e/in_use.lock acquired by nodename 17888@pr-hdds-1569-g6sp5-2013761785
2019-09-26 19:35:58,316 [pool-261-thread-1] INFO  storage.RaftStorage (RaftStorage.java:format(72)) - Storage directory /workdir/hadoop-ozone/integration-test/target/test-dir/MiniOzoneClusterImpl-2f79a7d3-d7ae-4963-8370-12bb1e2132d7/datanode-0/data/ratis/29c691bd-bf85-4feb-a742-88a4df62043e has been successfully formatted.
2019-09-26 19:35:58,316 [pool-261-thread-1] INFO  ratis.ContainerStateMachine (ContainerStateMachine.java:loadSnapshot(230)) - group-88A4DF62043E: The snapshot info is null. Setting the last applied indexto:(t:0, i:~)
2019-09-26 19:35:58,316 [pool-261-thread-1] INFO  server.RaftServerConfigKeys (ConfUtils.java:logGet(43)) - raft.server.notification.no-leader.timeout = 120s (custom)
2019-09-26 19:35:58,316 [pool-261-thread-1] INFO  server.RaftServerConfigKeys (ConfUtils.java:logGet(43)) - raft.server.log.use.memory = false (default)
2019-09-26 19:35:58,316 [pool-261-thread-1] INFO  server.RaftServerConfigKeys (ConfUtils.java:logGet(43)) - raft.server.log.purge.gap = 1000000 (custom)
2019-09-26 19:35:58,316 [pool-261-thread-1] INFO  server.RaftServerConfigKeys (ConfUtils.java:logGet(43)) - raft.server.log.appender.buffer.byte-limit = 33554432 (custom)
2019-09-26 19:35:58,317 [pool-261-thread-1] INFO  server.RaftServerConfigKeys (ConfUtils.java:logGet(43)) - raft.server.log.segment.size.max = 1048576 (custom)
2019-09-26 19:35:58,317 [pool-261-thread-1] INFO  server.RaftServerConfigKeys (ConfUtils.java:logGet(43)) - raft.server.log.segment.cache.num.max = 2 (custom)
2019-09-26 19:35:58,317 [pool-261-thread-1] INFO  segmented.SegmentedRaftLogWorker (SegmentedRaftLogWorker.java:<init>(172)) - new 27cb48db-4b88-4c0c-b213-19f9b2fffaff@group-88A4DF62043E-SegmentedRaftLogWorker for RaftStorage:Storage Directory /workdir/hadoop-ozone/integration-test/target/test-dir/MiniOzoneClusterImpl-2f79a7d3-d7ae-4963-8370-12bb1e2132d7/datanode-0/data/ratis/29c691bd-bf85-4feb-a742-88a4df62043e
2019-09-26 19:35:58,317 [pool-261-thread-1] INFO  server.RaftServerConfigKeys (ConfUtils.java:logGet(43)) - raft.server.log.queue.byte-limit = 2147483647 (custom)
2019-09-26 19:35:58,317 [pool-261-thread-1] INFO  server.RaftServerConfigKeys (ConfUtils.java:logGet(43)) - raft.server.log.queue.element-limit = 1024 (custom)
2019-09-26 19:35:58,317 [pool-261-thread-1] INFO  server.RaftServerConfigKeys (ConfUtils.java:logGet(43)) - raft.server.log.segment.size.max = 1048576 (custom)
2019-09-26 19:35:58,317 [pool-261-thread-1] INFO  server.RaftServerConfigKeys (ConfUtils.java:logGet(43)) - raft.server.log.preallocated.size = 16384 (custom)
2019-09-26 19:35:58,317 [pool-261-thread-1] INFO  server.RaftServerConfigKeys (ConfUtils.java:logGet(43)) - raft.server.log.write.buffer.size = 33554432 (custom)
2019-09-26 19:35:58,318 [pool-261-thread-1] INFO  server.RaftServerConfigKeys (ConfUtils.java:logGet(43)) - raft.server.log.force.sync.num = 128 (default)
2019-09-26 19:35:58,318 [pool-261-thread-1] INFO  server.RaftServerConfigKeys (ConfUtils.java:logGet(43)) - raft.server.log.statemachine.data.sync = true (default)
2019-09-26 19:35:58,318 [pool-261-thread-1] INFO  server.RaftServerConfigKeys (ConfUtils.java:logGet(43)) - raft.server.log.statemachine.data.sync.timeout = 10s (default)
2019-09-26 19:35:58,318 [pool-261-thread-1] INFO  server.RaftServerConfigKeys (ConfUtils.java:logGet(43)) - raft.server.log.statemachine.data.sync.timeout.retry = -1 (default)
2019-09-26 19:35:58,318 [pool-261-thread-1] INFO  server.RaftServerConfigKeys (ConfUtils.java:logGet(43)) - raft.server.log.statemachine.data.caching.enabled = true (custom)
2019-09-26 19:35:58,318 [pool-261-thread-1] INFO  segmented.SegmentedRaftLogWorker (SegmentedRaftLogWorker.java:lambda$new$0(132)) - 27cb48db-4b88-4c0c-b213-19f9b2fffaff@group-88A4DF62043E-SegmentedRaftLogWorker: flushIndex: setUnconditionally 0 -> -1
2019-09-26 19:35:58,318 [pool-261-thread-1] INFO  server.RaftServerConfigKeys (ConfUtils.java:logGet(43)) - raft.server.snapshot.auto.trigger.enabled = true (custom)
2019-09-26 19:35:58,319 [pool-261-thread-1] INFO  server.RaftServerConfigKeys (ConfUtils.java:logGet(43)) - raft.server.snapshot.auto.trigger.threshold = 10000 (custom)
2019-09-26 19:35:58,319 [pool-261-thread-1] INFO  server.RaftServerConfigKeys (ConfUtils.java:logGet(43)) - raft.server.snapshot.retention.num.files = 5 (custom)
2019-09-26 19:35:58,319 [pool-261-thread-1] INFO  server.RaftServerConfigKeys (ConfUtils.java:logGet(43)) - raft.server.retrycache.expirytime = 600000ms (custom)
2019-09-26 19:35:58,319 [Thread-6534] INFO  impl.FollowerState (FollowerState.java:run(106)) - 27cb48db-4b88-4c0c-b213-19f9b2fffaff:group-52028B2BF5D0 changes to CANDIDATE, lastRpcTime:5090, electionTimeout:5090ms
2019-09-26 19:35:58,319 [Thread-6534] INFO  impl.RoleInfo (RoleInfo.java:shutdownFollowerState(121)) - 27cb48db-4b88-4c0c-b213-19f9b2fffaff: shutdown FollowerState
2019-09-26 19:35:58,320 [Thread-6534] INFO  impl.RaftServerImpl (RaftServerImpl.java:setRole(174)) - 27cb48db-4b88-4c0c-b213-19f9b2fffaff@group-52028B2BF5D0: changes role from  FOLLOWER to CANDIDATE at term 0 for changeToCandidate
2019-09-26 19:35:58,320 [Thread-6534] INFO  impl.RoleInfo (RoleInfo.java:updateAndGet(143)) - 27cb48db-4b88-4c0c-b213-19f9b2fffaff: start LeaderElection
2019-09-26 19:35:58,320 [pool-261-thread-1] INFO  impl.RaftServerImpl (RaftServerImpl.java:start(185)) - 27cb48db-4b88-4c0c-b213-19f9b2fffaff@group-88A4DF62043E: start as a follower, conf=-1: [27cb48db-4b88-4c0c-b213-19f9b2fffaff:192.168.151.99:37457], old=null
2019-09-26 19:35:58,320 [pool-261-thread-1] INFO  impl.RaftServerImpl (RaftServerImpl.java:setRole(174)) - 27cb48db-4b88-4c0c-b213-19f9b2fffaff@group-88A4DF62043E: changes role from      null to FOLLOWER at term 0 for startAsFollower
2019-09-26 19:35:58,320 [pool-261-thread-1] INFO  impl.RoleInfo (RoleInfo.java:updateAndGet(143)) - 27cb48db-4b88-4c0c-b213-19f9b2fffaff: start FollowerState
2019-09-26 19:35:58,321 [pool-261-thread-1] INFO  util.JmxRegister (JmxRegister.java:tryRegister(44)) - Successfully registered JMX Bean with object name Ratis:service=RaftServer,group=group-88A4DF62043E,id=27cb48db-4b88-4c0c-b213-19f9b2fffaff
2019-09-26 19:35:58,322 [RatisPipelineUtilsThread] INFO  pipeline.PipelineStateManager (PipelineStateManager.java:addPipeline(56)) - Created pipeline Pipeline[ Id: 29c691bd-bf85-4feb-a742-88a4df62043e, Nodes: 27cb48db-4b88-4c0c-b213-19f9b2fffaff{ip: 192.168.151.99, host: pr-hdds-1569-g6sp5-2013761785, networkLocation: /rack1, certSerialId: null}, Type:RATIS, Factor:ONE, State:OPEN]
2019-09-26 19:35:58,324 [grpc-default-executor-2] INFO  impl.RaftServerProxy (RaftServerProxy.java:addNew(89)) - 728ea44c-f097-440a-a87e-c27a68d48f14: addNew group-D1445E9B394A:[728ea44c-f097-440a-a87e-c27a68d48f14:192.168.151.99:38783] returns group-D1445E9B394A:java.util.concurrent.CompletableFuture@68dd2215[Not completed]
2019-09-26 19:35:58,324 [pool-271-thread-1] INFO  impl.RaftServerImpl (RaftServerImpl.java:<init>(95)) - 728ea44c-f097-440a-a87e-c27a68d48f14: new RaftServerImpl for group-D1445E9B394A:[728ea44c-f097-440a-a87e-c27a68d48f14:192.168.151.99:38783] with ContainerStateMachine:uninitialized
2019-09-26 19:35:58,325 [pool-271-thread-1] INFO  server.RaftServerConfigKeys (ConfUtils.java:logGet(43)) - raft.server.rpc.timeout.min = 5s (custom)
2019-09-26 19:35:58,325 [pool-271-thread-1] INFO  server.RaftServerConfigKeys (ConfUtils.java:logGet(43)) - raft.server.rpc.timeout.max = 5200ms (custom)
2019-09-26 19:35:58,325 [pool-271-thread-1] INFO  server.RaftServerConfigKeys (ConfUtils.java:logGet(43)) - raft.server.rpcslowness.timeout = 120s (custom)
2019-09-26 19:35:58,325 [pool-271-thread-1] INFO  server.RaftServerConfigKeys (ConfUtils.java:logGet(43)) - raft.server.sleep.deviation.threshold = 300 (default)
2019-09-26 19:35:58,325 [pool-271-thread-1] INFO  server.RaftServerConfigKeys (ConfUtils.java:logGet(43)) - raft.server.log.appender.install.snapshot.enabled = false (custom)
2019-09-26 19:35:58,325 [Thread-6540] INFO  impl.FollowerState (FollowerState.java:run(106)) - 728ea44c-f097-440a-a87e-c27a68d48f14:group-C2CB13E64EA4 changes to CANDIDATE, lastRpcTime:5019, electionTimeout:5019ms
2019-09-26 19:35:58,325 [pool-271-thread-1] INFO  impl.RaftServerImpl (ServerState.java:<init>(103)) - 728ea44c-f097-440a-a87e-c27a68d48f14@group-D1445E9B394A: ConfigurationManager, init=-1: [728ea44c-f097-440a-a87e-c27a68d48f14:192.168.151.99:38783], old=null, confs=<EMPTY_MAP>
2019-09-26 19:35:58,325 [Thread-6540] INFO  impl.RoleInfo (RoleInfo.java:shutdownFollowerState(121)) - 728ea44c-f097-440a-a87e-c27a68d48f14: shutdown FollowerState
2019-09-26 19:35:58,325 [pool-271-thread-1] INFO  server.RaftServerConfigKeys (ConfUtils.java:logGet(43)) - raft.server.storage.dir = [/workdir/hadoop-ozone/integration-test/target/test-dir/MiniOzoneClusterImpl-2f79a7d3-d7ae-4963-8370-12bb1e2132d7/datanode-1/data/ratis] (custom)
2019-09-26 19:35:58,325 [Thread-6540] INFO  impl.RaftServerImpl (RaftServerImpl.java:setRole(174)) - 728ea44c-f097-440a-a87e-c27a68d48f14@group-C2CB13E64EA4: changes role from  FOLLOWER to CANDIDATE at term 0 for changeToCandidate
2019-09-26 19:35:58,326 [Thread-6540] INFO  impl.RoleInfo (RoleInfo.java:updateAndGet(143)) - 728ea44c-f097-440a-a87e-c27a68d48f14: start LeaderElection
2019-09-26 19:35:58,326 [pool-271-thread-1] INFO  storage.RaftStorageDirectory (RaftStorageDirectory.java:analyzeStorage(246)) - The storage directory /workdir/hadoop-ozone/integration-test/target/test-dir/MiniOzoneClusterImpl-2f79a7d3-d7ae-4963-8370-12bb1e2132d7/datanode-1/data/ratis/c7c27efb-b34c-4b49-b668-d1445e9b394a does not exist. Creating ...
2019-09-26 19:35:58,336 [pool-271-thread-1] INFO  storage.RaftStorageDirectory (RaftStorageDirectory.java:tryLock(328)) - Lock on /workdir/hadoop-ozone/integration-test/target/test-dir/MiniOzoneClusterImpl-2f79a7d3-d7ae-4963-8370-12bb1e2132d7/datanode-1/data/ratis/c7c27efb-b34c-4b49-b668-d1445e9b394a/in_use.lock acquired by nodename 17888@pr-hdds-1569-g6sp5-2013761785
2019-09-26 19:35:58,336 [27cb48db-4b88-4c0c-b213-19f9b2fffaff@group-52028B2BF5D0:LeaderElection925] INFO  impl.LeaderElection (LeaderElection.java:askForVotes(182)) - 27cb48db-4b88-4c0c-b213-19f9b2fffaff@group-52028B2BF5D0:LeaderElection925: begin an election at term 1 for -1: [27cb48db-4b88-4c0c-b213-19f9b2fffaff:192.168.151.99:37457], old=null
2019-09-26 19:35:58,336 [728ea44c-f097-440a-a87e-c27a68d48f14@group-C2CB13E64EA4:LeaderElection926] INFO  impl.LeaderElection (LeaderElection.java:askForVotes(182)) - 728ea44c-f097-440a-a87e-c27a68d48f14@group-C2CB13E64EA4:LeaderElection926: begin an election at term 1 for -1: [728ea44c-f097-440a-a87e-c27a68d48f14:192.168.151.99:38783], old=null
2019-09-26 19:35:58,336 [27cb48db-4b88-4c0c-b213-19f9b2fffaff@group-52028B2BF5D0:LeaderElection925] INFO  impl.RoleInfo (RoleInfo.java:shutdownLeaderElection(134)) - 27cb48db-4b88-4c0c-b213-19f9b2fffaff: shutdown LeaderElection
2019-09-26 19:35:58,336 [728ea44c-f097-440a-a87e-c27a68d48f14@group-C2CB13E64EA4:LeaderElection926] INFO  impl.RoleInfo (RoleInfo.java:shutdownLeaderElection(134)) - 728ea44c-f097-440a-a87e-c27a68d48f14: shutdown LeaderElection
2019-09-26 19:35:58,337 [27cb48db-4b88-4c0c-b213-19f9b2fffaff@group-52028B2BF5D0:LeaderElection925] INFO  impl.RaftServerImpl (RaftServerImpl.java:setRole(174)) - 27cb48db-4b88-4c0c-b213-19f9b2fffaff@group-52028B2BF5D0: changes role from CANDIDATE to LEADER at term 1 for changeToLeader
2019-09-26 19:35:58,337 [728ea44c-f097-440a-a87e-c27a68d48f14@group-C2CB13E64EA4:LeaderElection926] INFO  impl.RaftServerImpl (RaftServerImpl.java:setRole(174)) - 728ea44c-f097-440a-a87e-c27a68d48f14@group-C2CB13E64EA4: changes role from CANDIDATE to LEADER at term 1 for changeToLeader
2019-09-26 19:35:58,337 [728ea44c-f097-440a-a87e-c27a68d48f14@group-C2CB13E64EA4:LeaderElection926] INFO  impl.RaftServerImpl (ServerState.java:setLeader(253)) - 728ea44c-f097-440a-a87e-c27a68d48f14@group-C2CB13E64EA4: change Leader from null to 728ea44c-f097-440a-a87e-c27a68d48f14 at term 1 for becomeLeader, leader elected after 5035ms
2019-09-26 19:35:58,337 [27cb48db-4b88-4c0c-b213-19f9b2fffaff@group-52028B2BF5D0:LeaderElection925] INFO  impl.RaftServerImpl (ServerState.java:setLeader(253)) - 27cb48db-4b88-4c0c-b213-19f9b2fffaff@group-52028B2BF5D0: change Leader from null to 27cb48db-4b88-4c0c-b213-19f9b2fffaff at term 1 for becomeLeader, leader elected after 5113ms
2019-09-26 19:35:58,337 [728ea44c-f097-440a-a87e-c27a68d48f14@group-C2CB13E64EA4:LeaderElection926] INFO  server.RaftServerConfigKeys (ConfUtils.java:logGet(43)) - raft.server.staging.catchup.gap = 1000 (default)
2019-09-26 19:35:58,337 [27cb48db-4b88-4c0c-b213-19f9b2fffaff@group-52028B2BF5D0:LeaderElection925] INFO  server.RaftServerConfigKeys (ConfUtils.java:logGet(43)) - raft.server.staging.catchup.gap = 1000 (default)
2019-09-26 19:35:58,337 [728ea44c-f097-440a-a87e-c27a68d48f14@group-C2CB13E64EA4:LeaderElection926] INFO  server.RaftServerConfigKeys (ConfUtils.java:logGet(43)) - raft.server.rpc.sleep.time = 25ms (default)
2019-09-26 19:35:58,337 [27cb48db-4b88-4c0c-b213-19f9b2fffaff@group-52028B2BF5D0:LeaderElection925] INFO  server.RaftServerConfigKeys (ConfUtils.java:logGet(43)) - raft.server.rpc.sleep.time = 25ms (default)
2019-09-26 19:35:58,337 [728ea44c-f097-440a-a87e-c27a68d48f14@group-C2CB13E64EA4:LeaderElection926] INFO  server.RaftServerConfigKeys (ConfUtils.java:logGet(43)) - raft.server.write.element-limit = 4096 (default)
2019-09-26 19:35:58,338 [27cb48db-4b88-4c0c-b213-19f9b2fffaff@group-52028B2BF5D0:LeaderElection925] INFO  server.RaftServerConfigKeys (ConfUtils.java:logGet(43)) - raft.server.write.element-limit = 4096 (default)
2019-09-26 19:35:58,338 [728ea44c-f097-440a-a87e-c27a68d48f14@group-C2CB13E64EA4:LeaderElection926] INFO  server.RaftServerConfigKeys (ConfUtils.java:logGet(43)) - raft.server.watch.timeout = 10s (default)
2019-09-26 19:35:58,338 [27cb48db-4b88-4c0c-b213-19f9b2fffaff@group-52028B2BF5D0:LeaderElection925] INFO  server.RaftServerConfigKeys (ConfUtils.java:logGet(43)) - raft.server.watch.timeout = 10s (default)
2019-09-26 19:35:58,338 [728ea44c-f097-440a-a87e-c27a68d48f14@group-C2CB13E64EA4:LeaderElection926] INFO  server.RaftServerConfigKeys (ConfUtils.java:logGet(43)) - raft.server.watch.timeout.denomination = 1s (default)
2019-09-26 19:35:58,338 [27cb48db-4b88-4c0c-b213-19f9b2fffaff@group-52028B2BF5D0:LeaderElection925] INFO  server.RaftServerConfigKeys (ConfUtils.java:logGet(43)) - raft.server.watch.timeout.denomination = 1s (default)
2019-09-26 19:35:58,338 [728ea44c-f097-440a-a87e-c27a68d48f14@group-C2CB13E64EA4:LeaderElection926] INFO  server.RaftServerConfigKeys (ConfUtils.java:logGet(43)) - raft.server.watch.element-limit = 65536 (default)
2019-09-26 19:35:58,338 [27cb48db-4b88-4c0c-b213-19f9b2fffaff@group-52028B2BF5D0:LeaderElection925] INFO  server.RaftServerConfigKeys (ConfUtils.java:logGet(43)) - raft.server.watch.element-limit = 65536 (default)
2019-09-26 19:35:58,340 [728ea44c-f097-440a-a87e-c27a68d48f14@group-C2CB13E64EA4:LeaderElection926] INFO  impl.RoleInfo (RoleInfo.java:updateAndGet(143)) - 728ea44c-f097-440a-a87e-c27a68d48f14: start LeaderState
2019-09-26 19:35:58,341 [728ea44c-f097-440a-a87e-c27a68d48f14@group-C2CB13E64EA4:LeaderElection926] INFO  segmented.SegmentedRaftLogWorker (SegmentedRaftLogWorker.java:startLogSegment(380)) - 728ea44c-f097-440a-a87e-c27a68d48f14@group-C2CB13E64EA4-SegmentedRaftLogWorker: Starting segment from index:0
2019-09-26 19:35:58,341 [27cb48db-4b88-4c0c-b213-19f9b2fffaff@group-52028B2BF5D0:LeaderElection925] INFO  impl.RoleInfo (RoleInfo.java:updateAndGet(143)) - 27cb48db-4b88-4c0c-b213-19f9b2fffaff: start LeaderState
2019-09-26 19:35:58,341 [27cb48db-4b88-4c0c-b213-19f9b2fffaff@group-52028B2BF5D0:LeaderElection925] INFO  segmented.SegmentedRaftLogWorker (SegmentedRaftLogWorker.java:startLogSegment(380)) - 27cb48db-4b88-4c0c-b213-19f9b2fffaff@group-52028B2BF5D0-SegmentedRaftLogWorker: Starting segment from index:0
2019-09-26 19:35:58,341 [728ea44c-f097-440a-a87e-c27a68d48f14@group-C2CB13E64EA4:LeaderElection926] INFO  impl.RaftServerImpl (ServerState.java:setRaftConf(354)) - 728ea44c-f097-440a-a87e-c27a68d48f14@group-C2CB13E64EA4: set configuration 0: [728ea44c-f097-440a-a87e-c27a68d48f14:192.168.151.99:38783], old=null at 0
2019-09-26 19:35:58,341 [27cb48db-4b88-4c0c-b213-19f9b2fffaff@group-52028B2BF5D0:LeaderElection925] INFO  impl.RaftServerImpl (ServerState.java:setRaftConf(354)) - 27cb48db-4b88-4c0c-b213-19f9b2fffaff@group-52028B2BF5D0: set configuration 0: [27cb48db-4b88-4c0c-b213-19f9b2fffaff:192.168.151.99:37457], old=null at 0
2019-09-26 19:35:58,354 [pool-271-thread-1] INFO  storage.RaftStorage (RaftStorage.java:format(72)) - Storage directory /workdir/hadoop-ozone/integration-test/target/test-dir/MiniOzoneClusterImpl-2f79a7d3-d7ae-4963-8370-12bb1e2132d7/datanode-1/data/ratis/c7c27efb-b34c-4b49-b668-d1445e9b394a has been successfully formatted.
2019-09-26 19:35:58,354 [pool-271-thread-1] INFO  ratis.ContainerStateMachine (ContainerStateMachine.java:loadSnapshot(230)) - group-D1445E9B394A: The snapshot info is null. Setting the last applied indexto:(t:0, i:~)
2019-09-26 19:35:58,354 [pool-271-thread-1] INFO  server.RaftServerConfigKeys (ConfUtils.java:logGet(43)) - raft.server.notification.no-leader.timeout = 120s (custom)
2019-09-26 19:35:58,354 [pool-271-thread-1] INFO  server.RaftServerConfigKeys (ConfUtils.java:logGet(43)) - raft.server.log.use.memory = false (default)
2019-09-26 19:35:58,354 [pool-271-thread-1] INFO  server.RaftServerConfigKeys (ConfUtils.java:logGet(43)) - raft.server.log.purge.gap = 1000000 (custom)
2019-09-26 19:35:58,355 [pool-271-thread-1] INFO  server.RaftServerConfigKeys (ConfUtils.java:logGet(43)) - raft.server.log.appender.buffer.byte-limit = 33554432 (custom)
2019-09-26 19:35:58,355 [pool-271-thread-1] INFO  server.RaftServerConfigKeys (ConfUtils.java:logGet(43)) - raft.server.log.segment.size.max = 1048576 (custom)
2019-09-26 19:35:58,355 [pool-271-thread-1] INFO  server.RaftServerConfigKeys (ConfUtils.java:logGet(43)) - raft.server.log.segment.cache.num.max = 2 (custom)
2019-09-26 19:35:58,355 [pool-271-thread-1] INFO  segmented.SegmentedRaftLogWorker (SegmentedRaftLogWorker.java:<init>(172)) - new 728ea44c-f097-440a-a87e-c27a68d48f14@group-D1445E9B394A-SegmentedRaftLogWorker for RaftStorage:Storage Directory /workdir/hadoop-ozone/integration-test/target/test-dir/MiniOzoneClusterImpl-2f79a7d3-d7ae-4963-8370-12bb1e2132d7/datanode-1/data/ratis/c7c27efb-b34c-4b49-b668-d1445e9b394a
2019-09-26 19:35:58,355 [pool-271-thread-1] INFO  server.RaftServerConfigKeys (ConfUtils.java:logGet(43)) - raft.server.log.queue.byte-limit = 2147483647 (custom)
2019-09-26 19:35:58,355 [pool-271-thread-1] INFO  server.RaftServerConfigKeys (ConfUtils.java:logGet(43)) - raft.server.log.queue.element-limit = 1024 (custom)
2019-09-26 19:35:58,355 [pool-271-thread-1] INFO  server.RaftServerConfigKeys (ConfUtils.java:logGet(43)) - raft.server.log.segment.size.max = 1048576 (custom)
2019-09-26 19:35:58,356 [pool-271-thread-1] INFO  server.RaftServerConfigKeys (ConfUtils.java:logGet(43)) - raft.server.log.preallocated.size = 16384 (custom)
2019-09-26 19:35:58,356 [pool-271-thread-1] INFO  server.RaftServerConfigKeys (ConfUtils.java:logGet(43)) - raft.server.log.write.buffer.size = 33554432 (custom)
2019-09-26 19:35:58,356 [pool-271-thread-1] INFO  server.RaftServerConfigKeys (ConfUtils.java:logGet(43)) - raft.server.log.force.sync.num = 128 (default)
2019-09-26 19:35:58,356 [pool-271-thread-1] INFO  server.RaftServerConfigKeys (ConfUtils.java:logGet(43)) - raft.server.log.statemachine.data.sync = true (default)
2019-09-26 19:35:58,356 [pool-271-thread-1] INFO  server.RaftServerConfigKeys (ConfUtils.java:logGet(43)) - raft.server.log.statemachine.data.sync.timeout = 10s (default)
2019-09-26 19:35:58,356 [pool-271-thread-1] INFO  server.RaftServerConfigKeys (ConfUtils.java:logGet(43)) - raft.server.log.statemachine.data.sync.timeout.retry = -1 (default)
2019-09-26 19:35:58,356 [pool-271-thread-1] INFO  server.RaftServerConfigKeys (ConfUtils.java:logGet(43)) - raft.server.log.statemachine.data.caching.enabled = true (custom)
2019-09-26 19:35:58,357 [pool-271-thread-1] INFO  segmented.SegmentedRaftLogWorker (SegmentedRaftLogWorker.java:lambda$new$0(132)) - 728ea44c-f097-440a-a87e-c27a68d48f14@group-D1445E9B394A-SegmentedRaftLogWorker: flushIndex: setUnconditionally 0 -> -1
2019-09-26 19:35:58,357 [pool-271-thread-1] INFO  server.RaftServerConfigKeys (ConfUtils.java:logGet(43)) - raft.server.snapshot.auto.trigger.enabled = true (custom)
2019-09-26 19:35:58,357 [pool-271-thread-1] INFO  server.RaftServerConfigKeys (ConfUtils.java:logGet(43)) - raft.server.snapshot.auto.trigger.threshold = 10000 (custom)
2019-09-26 19:35:58,357 [pool-271-thread-1] INFO  server.RaftServerConfigKeys (ConfUtils.java:logGet(43)) - raft.server.snapshot.retention.num.files = 5 (custom)
2019-09-26 19:35:58,357 [pool-271-thread-1] INFO  server.RaftServerConfigKeys (ConfUtils.java:logGet(43)) - raft.server.retrycache.expirytime = 600000ms (custom)
2019-09-26 19:35:58,359 [pool-271-thread-1] INFO  impl.RaftServerImpl (RaftServerImpl.java:start(185)) - 728ea44c-f097-440a-a87e-c27a68d48f14@group-D1445E9B394A: start as a follower, conf=-1: [728ea44c-f097-440a-a87e-c27a68d48f14:192.168.151.99:38783], old=null
2019-09-26 19:35:58,359 [pool-271-thread-1] INFO  impl.RaftServerImpl (RaftServerImpl.java:setRole(174)) - 728ea44c-f097-440a-a87e-c27a68d48f14@group-D1445E9B394A: changes role from      null to FOLLOWER at term 0 for startAsFollower
2019-09-26 19:35:58,359 [pool-271-thread-1] INFO  impl.RoleInfo (RoleInfo.java:updateAndGet(143)) - 728ea44c-f097-440a-a87e-c27a68d48f14: start FollowerState
2019-09-26 19:35:58,359 [pool-271-thread-1] INFO  util.JmxRegister (JmxRegister.java:tryRegister(44)) - Successfully registered JMX Bean with object name Ratis:service=RaftServer,group=group-D1445E9B394A,id=728ea44c-f097-440a-a87e-c27a68d48f14
2019-09-26 19:35:58,361 [RatisPipelineUtilsThread] INFO  pipeline.PipelineStateManager (PipelineStateManager.java:addPipeline(56)) - Created pipeline Pipeline[ Id: c7c27efb-b34c-4b49-b668-d1445e9b394a, Nodes: 728ea44c-f097-440a-a87e-c27a68d48f14{ip: 192.168.151.99, host: pr-hdds-1569-g6sp5-2013761785, networkLocation: /rack1, certSerialId: null}, Type:RATIS, Factor:ONE, State:OPEN]
2019-09-26 19:35:58,363 [grpc-default-executor-2] INFO  impl.RaftServerProxy (RaftServerProxy.java:addNew(89)) - 728ea44c-f097-440a-a87e-c27a68d48f14: addNew group-AA65AE2DB801:[728ea44c-f097-440a-a87e-c27a68d48f14:192.168.151.99:38783] returns group-AA65AE2DB801:java.util.concurrent.CompletableFuture@178fb868[Not completed]
2019-09-26 19:35:58,363 [pool-271-thread-1] INFO  impl.RaftServerImpl (RaftServerImpl.java:<init>(95)) - 728ea44c-f097-440a-a87e-c27a68d48f14: new RaftServerImpl for group-AA65AE2DB801:[728ea44c-f097-440a-a87e-c27a68d48f14:192.168.151.99:38783] with ContainerStateMachine:uninitialized
2019-09-26 19:35:58,363 [pool-271-thread-1] INFO  server.RaftServerConfigKeys (ConfUtils.java:logGet(43)) - raft.server.rpc.timeout.min = 5s (custom)
2019-09-26 19:35:58,363 [pool-271-thread-1] INFO  server.RaftServerConfigKeys (ConfUtils.java:logGet(43)) - raft.server.rpc.timeout.max = 5200ms (custom)
2019-09-26 19:35:58,363 [pool-271-thread-1] INFO  server.RaftServerConfigKeys (ConfUtils.java:logGet(43)) - raft.server.rpcslowness.timeout = 120s (custom)
2019-09-26 19:35:58,364 [pool-271-thread-1] INFO  server.RaftServerConfigKeys (ConfUtils.java:logGet(43)) - raft.server.sleep.deviation.threshold = 300 (default)
2019-09-26 19:35:58,364 [pool-271-thread-1] INFO  server.RaftServerConfigKeys (ConfUtils.java:logGet(43)) - raft.server.log.appender.install.snapshot.enabled = false (custom)
2019-09-26 19:35:58,364 [pool-271-thread-1] INFO  impl.RaftServerImpl (ServerState.java:<init>(103)) - 728ea44c-f097-440a-a87e-c27a68d48f14@group-AA65AE2DB801: ConfigurationManager, init=-1: [728ea44c-f097-440a-a87e-c27a68d48f14:192.168.151.99:38783], old=null, confs=<EMPTY_MAP>
2019-09-26 19:35:58,364 [pool-271-thread-1] INFO  server.RaftServerConfigKeys (ConfUtils.java:logGet(43)) - raft.server.storage.dir = [/workdir/hadoop-ozone/integration-test/target/test-dir/MiniOzoneClusterImpl-2f79a7d3-d7ae-4963-8370-12bb1e2132d7/datanode-1/data/ratis] (custom)
2019-09-26 19:35:58,364 [pool-271-thread-1] INFO  storage.RaftStorageDirectory (RaftStorageDirectory.java:analyzeStorage(246)) - The storage directory /workdir/hadoop-ozone/integration-test/target/test-dir/MiniOzoneClusterImpl-2f79a7d3-d7ae-4963-8370-12bb1e2132d7/datanode-1/data/ratis/f968d0e4-cf3d-41d4-ba03-aa65ae2db801 does not exist. Creating ...
2019-09-26 19:35:58,372 [pool-271-thread-1] INFO  storage.RaftStorageDirectory (RaftStorageDirectory.java:tryLock(328)) - Lock on /workdir/hadoop-ozone/integration-test/target/test-dir/MiniOzoneClusterImpl-2f79a7d3-d7ae-4963-8370-12bb1e2132d7/datanode-1/data/ratis/f968d0e4-cf3d-41d4-ba03-aa65ae2db801/in_use.lock acquired by nodename 17888@pr-hdds-1569-g6sp5-2013761785
2019-09-26 19:35:58,372 [728ea44c-f097-440a-a87e-c27a68d48f14@group-C2CB13E64EA4-SegmentedRaftLogWorker] INFO  segmented.SegmentedRaftLogWorker (SegmentedRaftLogWorker.java:execute(569)) - 728ea44c-f097-440a-a87e-c27a68d48f14@group-C2CB13E64EA4-SegmentedRaftLogWorker: created new log segment /workdir/hadoop-ozone/integration-test/target/test-dir/MiniOzoneClusterImpl-2f79a7d3-d7ae-4963-8370-12bb1e2132d7/datanode-1/data/ratis/559ef293-d6cf-4c77-b7b7-c2cb13e64ea4/current/log_inprogress_0
2019-09-26 19:35:58,372 [27cb48db-4b88-4c0c-b213-19f9b2fffaff@group-52028B2BF5D0-SegmentedRaftLogWorker] INFO  segmented.SegmentedRaftLogWorker (SegmentedRaftLogWorker.java:execute(569)) - 27cb48db-4b88-4c0c-b213-19f9b2fffaff@group-52028B2BF5D0-SegmentedRaftLogWorker: created new log segment /workdir/hadoop-ozone/integration-test/target/test-dir/MiniOzoneClusterImpl-2f79a7d3-d7ae-4963-8370-12bb1e2132d7/datanode-0/data/ratis/c8b20621-230b-4646-8cde-52028b2bf5d0/current/log_inprogress_0
2019-09-26 19:35:58,374 [Thread-6531] INFO  impl.FollowerState (FollowerState.java:run(106)) - 27cb48db-4b88-4c0c-b213-19f9b2fffaff:group-E5A1BF22262B changes to CANDIDATE, lastRpcTime:5184, electionTimeout:5184ms
2019-09-26 19:35:58,374 [Thread-6531] INFO  impl.RoleInfo (RoleInfo.java:shutdownFollowerState(121)) - 27cb48db-4b88-4c0c-b213-19f9b2fffaff: shutdown FollowerState
2019-09-26 19:35:58,374 [Thread-6531] INFO  impl.RaftServerImpl (RaftServerImpl.java:setRole(174)) - 27cb48db-4b88-4c0c-b213-19f9b2fffaff@group-E5A1BF22262B: changes role from  FOLLOWER to CANDIDATE at term 0 for changeToCandidate
2019-09-26 19:35:58,374 [Thread-6531] INFO  impl.RoleInfo (RoleInfo.java:updateAndGet(143)) - 27cb48db-4b88-4c0c-b213-19f9b2fffaff: start LeaderElection
2019-09-26 19:35:58,402 [pool-271-thread-1] INFO  storage.RaftStorage (RaftStorage.java:format(72)) - Storage directory /workdir/hadoop-ozone/integration-test/target/test-dir/MiniOzoneClusterImpl-2f79a7d3-d7ae-4963-8370-12bb1e2132d7/datanode-1/data/ratis/f968d0e4-cf3d-41d4-ba03-aa65ae2db801 has been successfully formatted.
2019-09-26 19:35:58,403 [27cb48db-4b88-4c0c-b213-19f9b2fffaff@group-E5A1BF22262B:LeaderElection927] INFO  impl.LeaderElection (LeaderElection.java:askForVotes(182)) - 27cb48db-4b88-4c0c-b213-19f9b2fffaff@group-E5A1BF22262B:LeaderElection927: begin an election at term 1 for -1: [27cb48db-4b88-4c0c-b213-19f9b2fffaff:192.168.151.99:37457], old=null
2019-09-26 19:35:58,403 [pool-271-thread-1] INFO  ratis.ContainerStateMachine (ContainerStateMachine.java:loadSnapshot(230)) - group-AA65AE2DB801: The snapshot info is null. Setting the last applied indexto:(t:0, i:~)
2019-09-26 19:35:58,403 [27cb48db-4b88-4c0c-b213-19f9b2fffaff@group-E5A1BF22262B:LeaderElection927] INFO  impl.RoleInfo (RoleInfo.java:shutdownLeaderElection(134)) - 27cb48db-4b88-4c0c-b213-19f9b2fffaff: shutdown LeaderElection
2019-09-26 19:35:58,403 [pool-271-thread-1] INFO  server.RaftServerConfigKeys (ConfUtils.java:logGet(43)) - raft.server.notification.no-leader.timeout = 120s (custom)
2019-09-26 19:35:58,403 [27cb48db-4b88-4c0c-b213-19f9b2fffaff@group-E5A1BF22262B:LeaderElection927] INFO  impl.RaftServerImpl (RaftServerImpl.java:setRole(174)) - 27cb48db-4b88-4c0c-b213-19f9b2fffaff@group-E5A1BF22262B: changes role from CANDIDATE to LEADER at term 1 for changeToLeader
2019-09-26 19:35:58,403 [pool-271-thread-1] INFO  server.RaftServerConfigKeys (ConfUtils.java:logGet(43)) - raft.server.log.use.memory = false (default)
2019-09-26 19:35:58,403 [27cb48db-4b88-4c0c-b213-19f9b2fffaff@group-E5A1BF22262B:LeaderElection927] INFO  impl.RaftServerImpl (ServerState.java:setLeader(253)) - 27cb48db-4b88-4c0c-b213-19f9b2fffaff@group-E5A1BF22262B: change Leader from null to 27cb48db-4b88-4c0c-b213-19f9b2fffaff at term 1 for becomeLeader, leader elected after 5218ms
2019-09-26 19:35:58,403 [pool-271-thread-1] INFO  server.RaftServerConfigKeys (ConfUtils.java:logGet(43)) - raft.server.log.purge.gap = 1000000 (custom)
2019-09-26 19:35:58,403 [27cb48db-4b88-4c0c-b213-19f9b2fffaff@group-E5A1BF22262B:LeaderElection927] INFO  server.RaftServerConfigKeys (ConfUtils.java:logGet(43)) - raft.server.staging.catchup.gap = 1000 (default)
2019-09-26 19:35:58,404 [pool-271-thread-1] INFO  server.RaftServerConfigKeys (ConfUtils.java:logGet(43)) - raft.server.log.appender.buffer.byte-limit = 33554432 (custom)
2019-09-26 19:35:58,404 [27cb48db-4b88-4c0c-b213-19f9b2fffaff@group-E5A1BF22262B:LeaderElection927] INFO  server.RaftServerConfigKeys (ConfUtils.java:logGet(43)) - raft.server.rpc.sleep.time = 25ms (default)
2019-09-26 19:35:58,404 [pool-271-thread-1] INFO  server.RaftServerConfigKeys (ConfUtils.java:logGet(43)) - raft.server.log.segment.size.max = 1048576 (custom)
2019-09-26 19:35:58,404 [27cb48db-4b88-4c0c-b213-19f9b2fffaff@group-E5A1BF22262B:LeaderElection927] INFO  server.RaftServerConfigKeys (ConfUtils.java:logGet(43)) - raft.server.write.element-limit = 4096 (default)
2019-09-26 19:35:58,404 [pool-271-thread-1] INFO  server.RaftServerConfigKeys (ConfUtils.java:logGet(43)) - raft.server.log.segment.cache.num.max = 2 (custom)
2019-09-26 19:35:58,404 [27cb48db-4b88-4c0c-b213-19f9b2fffaff@group-E5A1BF22262B:LeaderElection927] INFO  server.RaftServerConfigKeys (ConfUtils.java:logGet(43)) - raft.server.watch.timeout = 10s (default)
2019-09-26 19:35:58,404 [pool-271-thread-1] INFO  segmented.SegmentedRaftLogWorker (SegmentedRaftLogWorker.java:<init>(172)) - new 728ea44c-f097-440a-a87e-c27a68d48f14@group-AA65AE2DB801-SegmentedRaftLogWorker for RaftStorage:Storage Directory /workdir/hadoop-ozone/integration-test/target/test-dir/MiniOzoneClusterImpl-2f79a7d3-d7ae-4963-8370-12bb1e2132d7/datanode-1/data/ratis/f968d0e4-cf3d-41d4-ba03-aa65ae2db801
2019-09-26 19:35:58,405 [27cb48db-4b88-4c0c-b213-19f9b2fffaff@group-E5A1BF22262B:LeaderElection927] INFO  server.RaftServerConfigKeys (ConfUtils.java:logGet(43)) - raft.server.watch.timeout.denomination = 1s (default)
2019-09-26 19:35:58,405 [pool-271-thread-1] INFO  server.RaftServerConfigKeys (ConfUtils.java:logGet(43)) - raft.server.log.queue.byte-limit = 2147483647 (custom)
2019-09-26 19:35:58,405 [27cb48db-4b88-4c0c-b213-19f9b2fffaff@group-E5A1BF22262B:LeaderElection927] INFO  server.RaftServerConfigKeys (ConfUtils.java:logGet(43)) - raft.server.watch.element-limit = 65536 (default)
2019-09-26 19:35:58,405 [pool-271-thread-1] INFO  server.RaftServerConfigKeys (ConfUtils.java:logGet(43)) - raft.server.log.queue.element-limit = 1024 (custom)
2019-09-26 19:35:58,405 [pool-271-thread-1] INFO  server.RaftServerConfigKeys (ConfUtils.java:logGet(43)) - raft.server.log.segment.size.max = 1048576 (custom)
2019-09-26 19:35:58,405 [pool-271-thread-1] INFO  server.RaftServerConfigKeys (ConfUtils.java:logGet(43)) - raft.server.log.preallocated.size = 16384 (custom)
2019-09-26 19:35:58,405 [pool-271-thread-1] INFO  server.RaftServerConfigKeys (ConfUtils.java:logGet(43)) - raft.server.log.write.buffer.size = 33554432 (custom)
2019-09-26 19:35:58,405 [pool-271-thread-1] INFO  server.RaftServerConfigKeys (ConfUtils.java:logGet(43)) - raft.server.log.force.sync.num = 128 (default)
2019-09-26 19:35:58,406 [pool-271-thread-1] INFO  server.RaftServerConfigKeys (ConfUtils.java:logGet(43)) - raft.server.log.statemachine.data.sync = true (default)
2019-09-26 19:35:58,406 [pool-271-thread-1] INFO  server.RaftServerConfigKeys (ConfUtils.java:logGet(43)) - raft.server.log.statemachine.data.sync.timeout = 10s (default)
2019-09-26 19:35:58,406 [pool-271-thread-1] INFO  server.RaftServerConfigKeys (ConfUtils.java:logGet(43)) - raft.server.log.statemachine.data.sync.timeout.retry = -1 (default)
2019-09-26 19:35:58,406 [pool-271-thread-1] INFO  server.RaftServerConfigKeys (ConfUtils.java:logGet(43)) - raft.server.log.statemachine.data.caching.enabled = true (custom)
2019-09-26 19:35:58,406 [pool-271-thread-1] INFO  segmented.SegmentedRaftLogWorker (SegmentedRaftLogWorker.java:lambda$new$0(132)) - 728ea44c-f097-440a-a87e-c27a68d48f14@group-AA65AE2DB801-SegmentedRaftLogWorker: flushIndex: setUnconditionally 0 -> -1
2019-09-26 19:35:58,406 [pool-271-thread-1] INFO  server.RaftServerConfigKeys (ConfUtils.java:logGet(43)) - raft.server.snapshot.auto.trigger.enabled = true (custom)
2019-09-26 19:35:58,406 [27cb48db-4b88-4c0c-b213-19f9b2fffaff@group-E5A1BF22262B:LeaderElection927] INFO  impl.RoleInfo (RoleInfo.java:updateAndGet(143)) - 27cb48db-4b88-4c0c-b213-19f9b2fffaff: start LeaderState
2019-09-26 19:35:58,406 [pool-271-thread-1] INFO  server.RaftServerConfigKeys (ConfUtils.java:logGet(43)) - raft.server.snapshot.auto.trigger.threshold = 10000 (custom)
2019-09-26 19:35:58,406 [27cb48db-4b88-4c0c-b213-19f9b2fffaff@group-E5A1BF22262B:LeaderElection927] INFO  segmented.SegmentedRaftLogWorker (SegmentedRaftLogWorker.java:startLogSegment(380)) - 27cb48db-4b88-4c0c-b213-19f9b2fffaff@group-E5A1BF22262B-SegmentedRaftLogWorker: Starting segment from index:0
2019-09-26 19:35:58,407 [pool-271-thread-1] INFO  server.RaftServerConfigKeys (ConfUtils.java:logGet(43)) - raft.server.snapshot.retention.num.files = 5 (custom)
2019-09-26 19:35:58,407 [pool-271-thread-1] INFO  server.RaftServerConfigKeys (ConfUtils.java:logGet(43)) - raft.server.retrycache.expirytime = 600000ms (custom)
2019-09-26 19:35:58,407 [27cb48db-4b88-4c0c-b213-19f9b2fffaff@group-E5A1BF22262B:LeaderElection927] INFO  impl.RaftServerImpl (ServerState.java:setRaftConf(354)) - 27cb48db-4b88-4c0c-b213-19f9b2fffaff@group-E5A1BF22262B: set configuration 0: [27cb48db-4b88-4c0c-b213-19f9b2fffaff:192.168.151.99:37457], old=null at 0
2019-09-26 19:35:58,408 [pool-271-thread-1] INFO  impl.RaftServerImpl (RaftServerImpl.java:start(185)) - 728ea44c-f097-440a-a87e-c27a68d48f14@group-AA65AE2DB801: start as a follower, conf=-1: [728ea44c-f097-440a-a87e-c27a68d48f14:192.168.151.99:38783], old=null
2019-09-26 19:35:58,408 [pool-271-thread-1] INFO  impl.RaftServerImpl (RaftServerImpl.java:setRole(174)) - 728ea44c-f097-440a-a87e-c27a68d48f14@group-AA65AE2DB801: changes role from      null to FOLLOWER at term 0 for startAsFollower
2019-09-26 19:35:58,408 [pool-271-thread-1] INFO  impl.RoleInfo (RoleInfo.java:updateAndGet(143)) - 728ea44c-f097-440a-a87e-c27a68d48f14: start FollowerState
2019-09-26 19:35:58,408 [pool-271-thread-1] INFO  util.JmxRegister (JmxRegister.java:tryRegister(44)) - Successfully registered JMX Bean with object name Ratis:service=RaftServer,group=group-AA65AE2DB801,id=728ea44c-f097-440a-a87e-c27a68d48f14
2019-09-26 19:35:58,410 [RatisPipelineUtilsThread] INFO  pipeline.PipelineStateManager (PipelineStateManager.java:addPipeline(56)) - Created pipeline Pipeline[ Id: f968d0e4-cf3d-41d4-ba03-aa65ae2db801, Nodes: 728ea44c-f097-440a-a87e-c27a68d48f14{ip: 192.168.151.99, host: pr-hdds-1569-g6sp5-2013761785, networkLocation: /rack1, certSerialId: null}, Type:RATIS, Factor:ONE, State:OPEN]
2019-09-26 19:35:58,412 [grpc-default-executor-2] INFO  impl.RaftServerProxy (RaftServerProxy.java:addNew(89)) - 27cb48db-4b88-4c0c-b213-19f9b2fffaff: addNew group-0E7151963C0C:[27cb48db-4b88-4c0c-b213-19f9b2fffaff:192.168.151.99:37457] returns group-0E7151963C0C:java.util.concurrent.CompletableFuture@3e26b826[Not completed]
2019-09-26 19:35:58,412 [pool-261-thread-1] INFO  impl.RaftServerImpl (RaftServerImpl.java:<init>(95)) - 27cb48db-4b88-4c0c-b213-19f9b2fffaff: new RaftServerImpl for group-0E7151963C0C:[27cb48db-4b88-4c0c-b213-19f9b2fffaff:192.168.151.99:37457] with ContainerStateMachine:uninitialized
2019-09-26 19:35:58,412 [pool-261-thread-1] INFO  server.RaftServerConfigKeys (ConfUtils.java:logGet(43)) - raft.server.rpc.timeout.min = 5s (custom)
2019-09-26 19:35:58,412 [pool-261-thread-1] INFO  server.RaftServerConfigKeys (ConfUtils.java:logGet(43)) - raft.server.rpc.timeout.max = 5200ms (custom)
2019-09-26 19:35:58,413 [pool-261-thread-1] INFO  server.RaftServerConfigKeys (ConfUtils.java:logGet(43)) - raft.server.rpcslowness.timeout = 120s (custom)
2019-09-26 19:35:58,413 [pool-261-thread-1] INFO  server.RaftServerConfigKeys (ConfUtils.java:logGet(43)) - raft.server.sleep.deviation.threshold = 300 (default)
2019-09-26 19:35:58,413 [pool-261-thread-1] INFO  server.RaftServerConfigKeys (ConfUtils.java:logGet(43)) - raft.server.log.appender.install.snapshot.enabled = false (custom)
2019-09-26 19:35:58,413 [pool-261-thread-1] INFO  impl.RaftServerImpl (ServerState.java:<init>(103)) - 27cb48db-4b88-4c0c-b213-19f9b2fffaff@group-0E7151963C0C: ConfigurationManager, init=-1: [27cb48db-4b88-4c0c-b213-19f9b2fffaff:192.168.151.99:37457], old=null, confs=<EMPTY_MAP>
2019-09-26 19:35:58,413 [pool-261-thread-1] INFO  server.RaftServerConfigKeys (ConfUtils.java:logGet(43)) - raft.server.storage.dir = [/workdir/hadoop-ozone/integration-test/target/test-dir/MiniOzoneClusterImpl-2f79a7d3-d7ae-4963-8370-12bb1e2132d7/datanode-0/data/ratis] (custom)
2019-09-26 19:35:58,414 [pool-261-thread-1] INFO  storage.RaftStorageDirectory (RaftStorageDirectory.java:analyzeStorage(246)) - The storage directory /workdir/hadoop-ozone/integration-test/target/test-dir/MiniOzoneClusterImpl-2f79a7d3-d7ae-4963-8370-12bb1e2132d7/datanode-0/data/ratis/70871431-97ac-4816-885d-0e7151963c0c does not exist. Creating ...
2019-09-26 19:35:58,421 [pool-261-thread-1] INFO  storage.RaftStorageDirectory (RaftStorageDirectory.java:tryLock(328)) - Lock on /workdir/hadoop-ozone/integration-test/target/test-dir/MiniOzoneClusterImpl-2f79a7d3-d7ae-4963-8370-12bb1e2132d7/datanode-0/data/ratis/70871431-97ac-4816-885d-0e7151963c0c/in_use.lock acquired by nodename 17888@pr-hdds-1569-g6sp5-2013761785
2019-09-26 19:35:58,430 [pool-261-thread-1] INFO  storage.RaftStorage (RaftStorage.java:format(72)) - Storage directory /workdir/hadoop-ozone/integration-test/target/test-dir/MiniOzoneClusterImpl-2f79a7d3-d7ae-4963-8370-12bb1e2132d7/datanode-0/data/ratis/70871431-97ac-4816-885d-0e7151963c0c has been successfully formatted.
2019-09-26 19:35:58,430 [pool-261-thread-1] INFO  ratis.ContainerStateMachine (ContainerStateMachine.java:loadSnapshot(230)) - group-0E7151963C0C: The snapshot info is null. Setting the last applied indexto:(t:0, i:~)
2019-09-26 19:35:58,430 [pool-261-thread-1] INFO  server.RaftServerConfigKeys (ConfUtils.java:logGet(43)) - raft.server.notification.no-leader.timeout = 120s (custom)
2019-09-26 19:35:58,431 [pool-261-thread-1] INFO  server.RaftServerConfigKeys (ConfUtils.java:logGet(43)) - raft.server.log.use.memory = false (default)
2019-09-26 19:35:58,431 [pool-261-thread-1] INFO  server.RaftServerConfigKeys (ConfUtils.java:logGet(43)) - raft.server.log.purge.gap = 1000000 (custom)
2019-09-26 19:35:58,431 [pool-261-thread-1] INFO  server.RaftServerConfigKeys (ConfUtils.java:logGet(43)) - raft.server.log.appender.buffer.byte-limit = 33554432 (custom)
2019-09-26 19:35:58,431 [pool-261-thread-1] INFO  server.RaftServerConfigKeys (ConfUtils.java:logGet(43)) - raft.server.log.segment.size.max = 1048576 (custom)
2019-09-26 19:35:58,431 [pool-261-thread-1] INFO  server.RaftServerConfigKeys (ConfUtils.java:logGet(43)) - raft.server.log.segment.cache.num.max = 2 (custom)
2019-09-26 19:35:58,431 [pool-261-thread-1] INFO  segmented.SegmentedRaftLogWorker (SegmentedRaftLogWorker.java:<init>(172)) - new 27cb48db-4b88-4c0c-b213-19f9b2fffaff@group-0E7151963C0C-SegmentedRaftLogWorker for RaftStorage:Storage Directory /workdir/hadoop-ozone/integration-test/target/test-dir/MiniOzoneClusterImpl-2f79a7d3-d7ae-4963-8370-12bb1e2132d7/datanode-0/data/ratis/70871431-97ac-4816-885d-0e7151963c0c
2019-09-26 19:35:58,431 [pool-261-thread-1] INFO  server.RaftServerConfigKeys (ConfUtils.java:logGet(43)) - raft.server.log.queue.byte-limit = 2147483647 (custom)
2019-09-26 19:35:58,431 [pool-261-thread-1] INFO  server.RaftServerConfigKeys (ConfUtils.java:logGet(43)) - raft.server.log.queue.element-limit = 1024 (custom)
2019-09-26 19:35:58,432 [pool-261-thread-1] INFO  server.RaftServerConfigKeys (ConfUtils.java:logGet(43)) - raft.server.log.segment.size.max = 1048576 (custom)
2019-09-26 19:35:58,432 [pool-261-thread-1] INFO  server.RaftServerConfigKeys (ConfUtils.java:logGet(43)) - raft.server.log.preallocated.size = 16384 (custom)
2019-09-26 19:35:58,432 [pool-261-thread-1] INFO  server.RaftServerConfigKeys (ConfUtils.java:logGet(43)) - raft.server.log.write.buffer.size = 33554432 (custom)
2019-09-26 19:35:58,432 [pool-261-thread-1] INFO  server.RaftServerConfigKeys (ConfUtils.java:logGet(43)) - raft.server.log.force.sync.num = 128 (default)
2019-09-26 19:35:58,432 [pool-261-thread-1] INFO  server.RaftServerConfigKeys (ConfUtils.java:logGet(43)) - raft.server.log.statemachine.data.sync = true (default)
2019-09-26 19:35:58,432 [27cb48db-4b88-4c0c-b213-19f9b2fffaff@group-E5A1BF22262B-SegmentedRaftLogWorker] INFO  segmented.SegmentedRaftLogWorker (SegmentedRaftLogWorker.java:execute(569)) - 27cb48db-4b88-4c0c-b213-19f9b2fffaff@group-E5A1BF22262B-SegmentedRaftLogWorker: created new log segment /workdir/hadoop-ozone/integration-test/target/test-dir/MiniOzoneClusterImpl-2f79a7d3-d7ae-4963-8370-12bb1e2132d7/datanode-0/data/ratis/8a826365-010d-4d43-badd-e5a1bf22262b/current/log_inprogress_0
2019-09-26 19:35:58,432 [pool-261-thread-1] INFO  server.RaftServerConfigKeys (ConfUtils.java:logGet(43)) - raft.server.log.statemachine.data.sync.timeout = 10s (default)
2019-09-26 19:35:58,433 [pool-261-thread-1] INFO  server.RaftServerConfigKeys (ConfUtils.java:logGet(43)) - raft.server.log.statemachine.data.sync.timeout.retry = -1 (default)
2019-09-26 19:35:58,433 [pool-261-thread-1] INFO  server.RaftServerConfigKeys (ConfUtils.java:logGet(43)) - raft.server.log.statemachine.data.caching.enabled = true (custom)
2019-09-26 19:35:58,433 [pool-261-thread-1] INFO  segmented.SegmentedRaftLogWorker (SegmentedRaftLogWorker.java:lambda$new$0(132)) - 27cb48db-4b88-4c0c-b213-19f9b2fffaff@group-0E7151963C0C-SegmentedRaftLogWorker: flushIndex: setUnconditionally 0 -> -1
2019-09-26 19:35:58,433 [pool-261-thread-1] INFO  server.RaftServerConfigKeys (ConfUtils.java:logGet(43)) - raft.server.snapshot.auto.trigger.enabled = true (custom)
2019-09-26 19:35:58,433 [pool-261-thread-1] INFO  server.RaftServerConfigKeys (ConfUtils.java:logGet(43)) - raft.server.snapshot.auto.trigger.threshold = 10000 (custom)
2019-09-26 19:35:58,433 [pool-261-thread-1] INFO  server.RaftServerConfigKeys (ConfUtils.java:logGet(43)) - raft.server.snapshot.retention.num.files = 5 (custom)
2019-09-26 19:35:58,434 [pool-261-thread-1] INFO  server.RaftServerConfigKeys (ConfUtils.java:logGet(43)) - raft.server.retrycache.expirytime = 600000ms (custom)
2019-09-26 19:35:58,435 [pool-261-thread-1] INFO  impl.RaftServerImpl (RaftServerImpl.java:start(185)) - 27cb48db-4b88-4c0c-b213-19f9b2fffaff@group-0E7151963C0C: start as a follower, conf=-1: [27cb48db-4b88-4c0c-b213-19f9b2fffaff:192.168.151.99:37457], old=null
2019-09-26 19:35:58,435 [pool-261-thread-1] INFO  impl.RaftServerImpl (RaftServerImpl.java:setRole(174)) - 27cb48db-4b88-4c0c-b213-19f9b2fffaff@group-0E7151963C0C: changes role from      null to FOLLOWER at term 0 for startAsFollower
2019-09-26 19:35:58,435 [pool-261-thread-1] INFO  impl.RoleInfo (RoleInfo.java:updateAndGet(143)) - 27cb48db-4b88-4c0c-b213-19f9b2fffaff: start FollowerState
2019-09-26 19:35:58,435 [pool-261-thread-1] INFO  util.JmxRegister (JmxRegister.java:tryRegister(44)) - Successfully registered JMX Bean with object name Ratis:service=RaftServer,group=group-0E7151963C0C,id=27cb48db-4b88-4c0c-b213-19f9b2fffaff
2019-09-26 19:35:58,437 [RatisPipelineUtilsThread] INFO  pipeline.PipelineStateManager (PipelineStateManager.java:addPipeline(56)) - Created pipeline Pipeline[ Id: 70871431-97ac-4816-885d-0e7151963c0c, Nodes: 27cb48db-4b88-4c0c-b213-19f9b2fffaff{ip: 192.168.151.99, host: pr-hdds-1569-g6sp5-2013761785, networkLocation: /rack1, certSerialId: null}, Type:RATIS, Factor:ONE, State:OPEN]
2019-09-26 19:35:58,438 [Thread-6546] INFO  impl.FollowerState (FollowerState.java:run(106)) - 728ea44c-f097-440a-a87e-c27a68d48f14:group-65B5812EC899 changes to CANDIDATE, lastRpcTime:5070, electionTimeout:5070ms
2019-09-26 19:35:58,438 [Thread-6546] INFO  impl.RoleInfo (RoleInfo.java:shutdownFollowerState(121)) - 728ea44c-f097-440a-a87e-c27a68d48f14: shutdown FollowerState
2019-09-26 19:35:58,438 [Thread-6546] INFO  impl.RaftServerImpl (RaftServerImpl.java:setRole(174)) - 728ea44c-f097-440a-a87e-c27a68d48f14@group-65B5812EC899: changes role from  FOLLOWER to CANDIDATE at term 0 for changeToCandidate
2019-09-26 19:35:58,438 [Thread-6546] INFO  impl.RoleInfo (RoleInfo.java:updateAndGet(143)) - 728ea44c-f097-440a-a87e-c27a68d48f14: start LeaderElection
2019-09-26 19:35:58,438 [grpc-default-executor-2] INFO  impl.RaftServerProxy (RaftServerProxy.java:addNew(89)) - 27cb48db-4b88-4c0c-b213-19f9b2fffaff: addNew group-B43EFAC2F330:[27cb48db-4b88-4c0c-b213-19f9b2fffaff:192.168.151.99:37457] returns group-B43EFAC2F330:java.util.concurrent.CompletableFuture@64507734[Not completed]
2019-09-26 19:35:58,439 [pool-261-thread-1] INFO  impl.RaftServerImpl (RaftServerImpl.java:<init>(95)) - 27cb48db-4b88-4c0c-b213-19f9b2fffaff: new RaftServerImpl for group-B43EFAC2F330:[27cb48db-4b88-4c0c-b213-19f9b2fffaff:192.168.151.99:37457] with ContainerStateMachine:uninitialized
2019-09-26 19:35:58,439 [pool-261-thread-1] INFO  server.RaftServerConfigKeys (ConfUtils.java:logGet(43)) - raft.server.rpc.timeout.min = 5s (custom)
2019-09-26 19:35:58,439 [pool-261-thread-1] INFO  server.RaftServerConfigKeys (ConfUtils.java:logGet(43)) - raft.server.rpc.timeout.max = 5200ms (custom)
2019-09-26 19:35:58,439 [pool-261-thread-1] INFO  server.RaftServerConfigKeys (ConfUtils.java:logGet(43)) - raft.server.rpcslowness.timeout = 120s (custom)
2019-09-26 19:35:58,439 [pool-261-thread-1] INFO  server.RaftServerConfigKeys (ConfUtils.java:logGet(43)) - raft.server.sleep.deviation.threshold = 300 (default)
2019-09-26 19:35:58,439 [pool-261-thread-1] INFO  server.RaftServerConfigKeys (ConfUtils.java:logGet(43)) - raft.server.log.appender.install.snapshot.enabled = false (custom)
2019-09-26 19:35:58,440 [pool-261-thread-1] INFO  impl.RaftServerImpl (ServerState.java:<init>(103)) - 27cb48db-4b88-4c0c-b213-19f9b2fffaff@group-B43EFAC2F330: ConfigurationManager, init=-1: [27cb48db-4b88-4c0c-b213-19f9b2fffaff:192.168.151.99:37457], old=null, confs=<EMPTY_MAP>
2019-09-26 19:35:58,440 [pool-261-thread-1] INFO  server.RaftServerConfigKeys (ConfUtils.java:logGet(43)) - raft.server.storage.dir = [/workdir/hadoop-ozone/integration-test/target/test-dir/MiniOzoneClusterImpl-2f79a7d3-d7ae-4963-8370-12bb1e2132d7/datanode-0/data/ratis] (custom)
2019-09-26 19:35:58,440 [pool-261-thread-1] INFO  storage.RaftStorageDirectory (RaftStorageDirectory.java:analyzeStorage(246)) - The storage directory /workdir/hadoop-ozone/integration-test/target/test-dir/MiniOzoneClusterImpl-2f79a7d3-d7ae-4963-8370-12bb1e2132d7/datanode-0/data/ratis/197203a3-44bb-43d3-a371-b43efac2f330 does not exist. Creating ...
2019-09-26 19:35:58,445 [pool-261-thread-1] INFO  storage.RaftStorageDirectory (RaftStorageDirectory.java:tryLock(328)) - Lock on /workdir/hadoop-ozone/integration-test/target/test-dir/MiniOzoneClusterImpl-2f79a7d3-d7ae-4963-8370-12bb1e2132d7/datanode-0/data/ratis/197203a3-44bb-43d3-a371-b43efac2f330/in_use.lock acquired by nodename 17888@pr-hdds-1569-g6sp5-2013761785
2019-09-26 19:35:58,445 [728ea44c-f097-440a-a87e-c27a68d48f14@group-65B5812EC899:LeaderElection928] INFO  impl.LeaderElection (LeaderElection.java:askForVotes(182)) - 728ea44c-f097-440a-a87e-c27a68d48f14@group-65B5812EC899:LeaderElection928: begin an election at term 1 for -1: [728ea44c-f097-440a-a87e-c27a68d48f14:192.168.151.99:38783], old=null
2019-09-26 19:35:58,445 [728ea44c-f097-440a-a87e-c27a68d48f14@group-65B5812EC899:LeaderElection928] INFO  impl.RoleInfo (RoleInfo.java:shutdownLeaderElection(134)) - 728ea44c-f097-440a-a87e-c27a68d48f14: shutdown LeaderElection
2019-09-26 19:35:58,445 [728ea44c-f097-440a-a87e-c27a68d48f14@group-65B5812EC899:LeaderElection928] INFO  impl.RaftServerImpl (RaftServerImpl.java:setRole(174)) - 728ea44c-f097-440a-a87e-c27a68d48f14@group-65B5812EC899: changes role from CANDIDATE to LEADER at term 1 for changeToLeader
2019-09-26 19:35:58,445 [728ea44c-f097-440a-a87e-c27a68d48f14@group-65B5812EC899:LeaderElection928] INFO  impl.RaftServerImpl (ServerState.java:setLeader(253)) - 728ea44c-f097-440a-a87e-c27a68d48f14@group-65B5812EC899: change Leader from null to 728ea44c-f097-440a-a87e-c27a68d48f14 at term 1 for becomeLeader, leader elected after 5082ms
2019-09-26 19:35:58,445 [728ea44c-f097-440a-a87e-c27a68d48f14@group-65B5812EC899:LeaderElection928] INFO  server.RaftServerConfigKeys (ConfUtils.java:logGet(43)) - raft.server.staging.catchup.gap = 1000 (default)
2019-09-26 19:35:58,445 [728ea44c-f097-440a-a87e-c27a68d48f14@group-65B5812EC899:LeaderElection928] INFO  server.RaftServerConfigKeys (ConfUtils.java:logGet(43)) - raft.server.rpc.sleep.time = 25ms (default)
2019-09-26 19:35:58,445 [728ea44c-f097-440a-a87e-c27a68d48f14@group-65B5812EC899:LeaderElection928] INFO  server.RaftServerConfigKeys (ConfUtils.java:logGet(43)) - raft.server.write.element-limit = 4096 (default)
2019-09-26 19:35:58,445 [728ea44c-f097-440a-a87e-c27a68d48f14@group-65B5812EC899:LeaderElection928] INFO  server.RaftServerConfigKeys (ConfUtils.java:logGet(43)) - raft.server.watch.timeout = 10s (default)
2019-09-26 19:35:58,446 [728ea44c-f097-440a-a87e-c27a68d48f14@group-65B5812EC899:LeaderElection928] INFO  server.RaftServerConfigKeys (ConfUtils.java:logGet(43)) - raft.server.watch.timeout.denomination = 1s (default)
2019-09-26 19:35:58,446 [728ea44c-f097-440a-a87e-c27a68d48f14@group-65B5812EC899:LeaderElection928] INFO  server.RaftServerConfigKeys (ConfUtils.java:logGet(43)) - raft.server.watch.element-limit = 65536 (default)
2019-09-26 19:35:58,447 [728ea44c-f097-440a-a87e-c27a68d48f14@group-65B5812EC899:LeaderElection928] INFO  impl.RoleInfo (RoleInfo.java:updateAndGet(143)) - 728ea44c-f097-440a-a87e-c27a68d48f14: start LeaderState
2019-09-26 19:35:58,447 [728ea44c-f097-440a-a87e-c27a68d48f14@group-65B5812EC899:LeaderElection928] INFO  segmented.SegmentedRaftLogWorker (SegmentedRaftLogWorker.java:startLogSegment(380)) - 728ea44c-f097-440a-a87e-c27a68d48f14@group-65B5812EC899-SegmentedRaftLogWorker: Starting segment from index:0
2019-09-26 19:35:58,447 [728ea44c-f097-440a-a87e-c27a68d48f14@group-65B5812EC899:LeaderElection928] INFO  impl.RaftServerImpl (ServerState.java:setRaftConf(354)) - 728ea44c-f097-440a-a87e-c27a68d48f14@group-65B5812EC899: set configuration 0: [728ea44c-f097-440a-a87e-c27a68d48f14:192.168.151.99:38783], old=null at 0
2019-09-26 19:35:58,454 [Thread-6537] INFO  impl.FollowerState (FollowerState.java:run(106)) - 27cb48db-4b88-4c0c-b213-19f9b2fffaff:group-79CC5FE515D3 changes to CANDIDATE, lastRpcTime:5186, electionTimeout:5186ms
2019-09-26 19:35:58,455 [Thread-6537] INFO  impl.RoleInfo (RoleInfo.java:shutdownFollowerState(121)) - 27cb48db-4b88-4c0c-b213-19f9b2fffaff: shutdown FollowerState
2019-09-26 19:35:58,455 [Thread-6537] INFO  impl.RaftServerImpl (RaftServerImpl.java:setRole(174)) - 27cb48db-4b88-4c0c-b213-19f9b2fffaff@group-79CC5FE515D3: changes role from  FOLLOWER to CANDIDATE at term 0 for changeToCandidate
2019-09-26 19:35:58,455 [Thread-6537] INFO  impl.RoleInfo (RoleInfo.java:updateAndGet(143)) - 27cb48db-4b88-4c0c-b213-19f9b2fffaff: start LeaderElection
2019-09-26 19:35:58,458 [pool-261-thread-1] INFO  storage.RaftStorage (RaftStorage.java:format(72)) - Storage directory /workdir/hadoop-ozone/integration-test/target/test-dir/MiniOzoneClusterImpl-2f79a7d3-d7ae-4963-8370-12bb1e2132d7/datanode-0/data/ratis/197203a3-44bb-43d3-a371-b43efac2f330 has been successfully formatted.
2019-09-26 19:35:58,458 [27cb48db-4b88-4c0c-b213-19f9b2fffaff@group-79CC5FE515D3:LeaderElection929] INFO  impl.LeaderElection (LeaderElection.java:askForVotes(182)) - 27cb48db-4b88-4c0c-b213-19f9b2fffaff@group-79CC5FE515D3:LeaderElection929: begin an election at term 1 for -1: [27cb48db-4b88-4c0c-b213-19f9b2fffaff:192.168.151.99:37457], old=null
2019-09-26 19:35:58,459 [pool-261-thread-1] INFO  ratis.ContainerStateMachine (ContainerStateMachine.java:loadSnapshot(230)) - group-B43EFAC2F330: The snapshot info is null. Setting the last applied indexto:(t:0, i:~)
2019-09-26 19:35:58,459 [27cb48db-4b88-4c0c-b213-19f9b2fffaff@group-79CC5FE515D3:LeaderElection929] INFO  impl.RoleInfo (RoleInfo.java:shutdownLeaderElection(134)) - 27cb48db-4b88-4c0c-b213-19f9b2fffaff: shutdown LeaderElection
2019-09-26 19:35:58,459 [pool-261-thread-1] INFO  server.RaftServerConfigKeys (ConfUtils.java:logGet(43)) - raft.server.notification.no-leader.timeout = 120s (custom)
2019-09-26 19:35:58,459 [27cb48db-4b88-4c0c-b213-19f9b2fffaff@group-79CC5FE515D3:LeaderElection929] INFO  impl.RaftServerImpl (RaftServerImpl.java:setRole(174)) - 27cb48db-4b88-4c0c-b213-19f9b2fffaff@group-79CC5FE515D3: changes role from CANDIDATE to LEADER at term 1 for changeToLeader
2019-09-26 19:35:58,459 [pool-261-thread-1] INFO  server.RaftServerConfigKeys (ConfUtils.java:logGet(43)) - raft.server.log.use.memory = false (default)
2019-09-26 19:35:58,459 [27cb48db-4b88-4c0c-b213-19f9b2fffaff@group-79CC5FE515D3:LeaderElection929] INFO  impl.RaftServerImpl (ServerState.java:setLeader(253)) - 27cb48db-4b88-4c0c-b213-19f9b2fffaff@group-79CC5FE515D3: change Leader from null to 27cb48db-4b88-4c0c-b213-19f9b2fffaff at term 1 for becomeLeader, leader elected after 5195ms
2019-09-26 19:35:58,459 [pool-261-thread-1] INFO  server.RaftServerConfigKeys (ConfUtils.java:logGet(43)) - raft.server.log.purge.gap = 1000000 (custom)
2019-09-26 19:35:58,459 [27cb48db-4b88-4c0c-b213-19f9b2fffaff@group-79CC5FE515D3:LeaderElection929] INFO  server.RaftServerConfigKeys (ConfUtils.java:logGet(43)) - raft.server.staging.catchup.gap = 1000 (default)
2019-09-26 19:35:58,459 [pool-261-thread-1] INFO  server.RaftServerConfigKeys (ConfUtils.java:logGet(43)) - raft.server.log.appender.buffer.byte-limit = 33554432 (custom)
2019-09-26 19:35:58,459 [27cb48db-4b88-4c0c-b213-19f9b2fffaff@group-79CC5FE515D3:LeaderElection929] INFO  server.RaftServerConfigKeys (ConfUtils.java:logGet(43)) - raft.server.rpc.sleep.time = 25ms (default)
2019-09-26 19:35:58,459 [pool-261-thread-1] INFO  server.RaftServerConfigKeys (ConfUtils.java:logGet(43)) - raft.server.log.segment.size.max = 1048576 (custom)
2019-09-26 19:35:58,459 [27cb48db-4b88-4c0c-b213-19f9b2fffaff@group-79CC5FE515D3:LeaderElection929] INFO  server.RaftServerConfigKeys (ConfUtils.java:logGet(43)) - raft.server.write.element-limit = 4096 (default)
2019-09-26 19:35:58,460 [pool-261-thread-1] INFO  server.RaftServerConfigKeys (ConfUtils.java:logGet(43)) - raft.server.log.segment.cache.num.max = 2 (custom)
2019-09-26 19:35:58,460 [27cb48db-4b88-4c0c-b213-19f9b2fffaff@group-79CC5FE515D3:LeaderElection929] INFO  server.RaftServerConfigKeys (ConfUtils.java:logGet(43)) - raft.server.watch.timeout = 10s (default)
2019-09-26 19:35:58,460 [pool-261-thread-1] INFO  segmented.SegmentedRaftLogWorker (SegmentedRaftLogWorker.java:<init>(172)) - new 27cb48db-4b88-4c0c-b213-19f9b2fffaff@group-B43EFAC2F330-SegmentedRaftLogWorker for RaftStorage:Storage Directory /workdir/hadoop-ozone/integration-test/target/test-dir/MiniOzoneClusterImpl-2f79a7d3-d7ae-4963-8370-12bb1e2132d7/datanode-0/data/ratis/197203a3-44bb-43d3-a371-b43efac2f330
2019-09-26 19:35:58,460 [27cb48db-4b88-4c0c-b213-19f9b2fffaff@group-79CC5FE515D3:LeaderElection929] INFO  server.RaftServerConfigKeys (ConfUtils.java:logGet(43)) - raft.server.watch.timeout.denomination = 1s (default)
2019-09-26 19:35:58,460 [pool-261-thread-1] INFO  server.RaftServerConfigKeys (ConfUtils.java:logGet(43)) - raft.server.log.queue.byte-limit = 2147483647 (custom)
2019-09-26 19:35:58,460 [27cb48db-4b88-4c0c-b213-19f9b2fffaff@group-79CC5FE515D3:LeaderElection929] INFO  server.RaftServerConfigKeys (ConfUtils.java:logGet(43)) - raft.server.watch.element-limit = 65536 (default)
2019-09-26 19:35:58,460 [pool-261-thread-1] INFO  server.RaftServerConfigKeys (ConfUtils.java:logGet(43)) - raft.server.log.queue.element-limit = 1024 (custom)
2019-09-26 19:35:58,460 [pool-261-thread-1] INFO  server.RaftServerConfigKeys (ConfUtils.java:logGet(43)) - raft.server.log.segment.size.max = 1048576 (custom)
2019-09-26 19:35:58,460 [pool-261-thread-1] INFO  server.RaftServerConfigKeys (ConfUtils.java:logGet(43)) - raft.server.log.preallocated.size = 16384 (custom)
2019-09-26 19:35:58,460 [pool-261-thread-1] INFO  server.RaftServerConfigKeys (ConfUtils.java:logGet(43)) - raft.server.log.write.buffer.size = 33554432 (custom)
2019-09-26 19:35:58,460 [pool-261-thread-1] INFO  server.RaftServerConfigKeys (ConfUtils.java:logGet(43)) - raft.server.log.force.sync.num = 128 (default)
2019-09-26 19:35:58,461 [pool-261-thread-1] INFO  server.RaftServerConfigKeys (ConfUtils.java:logGet(43)) - raft.server.log.statemachine.data.sync = true (default)
2019-09-26 19:35:58,461 [pool-261-thread-1] INFO  server.RaftServerConfigKeys (ConfUtils.java:logGet(43)) - raft.server.log.statemachine.data.sync.timeout = 10s (default)
2019-09-26 19:35:58,461 [pool-261-thread-1] INFO  server.RaftServerConfigKeys (ConfUtils.java:logGet(43)) - raft.server.log.statemachine.data.sync.timeout.retry = -1 (default)
2019-09-26 19:35:58,461 [27cb48db-4b88-4c0c-b213-19f9b2fffaff@group-79CC5FE515D3:LeaderElection929] INFO  impl.RoleInfo (RoleInfo.java:updateAndGet(143)) - 27cb48db-4b88-4c0c-b213-19f9b2fffaff: start LeaderState
2019-09-26 19:35:58,461 [pool-261-thread-1] INFO  server.RaftServerConfigKeys (ConfUtils.java:logGet(43)) - raft.server.log.statemachine.data.caching.enabled = true (custom)
2019-09-26 19:35:58,461 [27cb48db-4b88-4c0c-b213-19f9b2fffaff@group-79CC5FE515D3:LeaderElection929] INFO  segmented.SegmentedRaftLogWorker (SegmentedRaftLogWorker.java:startLogSegment(380)) - 27cb48db-4b88-4c0c-b213-19f9b2fffaff@group-79CC5FE515D3-SegmentedRaftLogWorker: Starting segment from index:0
2019-09-26 19:35:58,461 [pool-261-thread-1] INFO  segmented.SegmentedRaftLogWorker (SegmentedRaftLogWorker.java:lambda$new$0(132)) - 27cb48db-4b88-4c0c-b213-19f9b2fffaff@group-B43EFAC2F330-SegmentedRaftLogWorker: flushIndex: setUnconditionally 0 -> -1
2019-09-26 19:35:58,461 [27cb48db-4b88-4c0c-b213-19f9b2fffaff@group-79CC5FE515D3:LeaderElection929] INFO  impl.RaftServerImpl (ServerState.java:setRaftConf(354)) - 27cb48db-4b88-4c0c-b213-19f9b2fffaff@group-79CC5FE515D3: set configuration 0: [27cb48db-4b88-4c0c-b213-19f9b2fffaff:192.168.151.99:37457], old=null at 0
2019-09-26 19:35:58,461 [pool-261-thread-1] INFO  server.RaftServerConfigKeys (ConfUtils.java:logGet(43)) - raft.server.snapshot.auto.trigger.enabled = true (custom)
2019-09-26 19:35:58,462 [pool-261-thread-1] INFO  server.RaftServerConfigKeys (ConfUtils.java:logGet(43)) - raft.server.snapshot.auto.trigger.threshold = 10000 (custom)
2019-09-26 19:35:58,462 [pool-261-thread-1] INFO  server.RaftServerConfigKeys (ConfUtils.java:logGet(43)) - raft.server.snapshot.retention.num.files = 5 (custom)
2019-09-26 19:35:58,462 [pool-261-thread-1] INFO  server.RaftServerConfigKeys (ConfUtils.java:logGet(43)) - raft.server.retrycache.expirytime = 600000ms (custom)
2019-09-26 19:35:58,463 [pool-261-thread-1] INFO  impl.RaftServerImpl (RaftServerImpl.java:start(185)) - 27cb48db-4b88-4c0c-b213-19f9b2fffaff@group-B43EFAC2F330: start as a follower, conf=-1: [27cb48db-4b88-4c0c-b213-19f9b2fffaff:192.168.151.99:37457], old=null
2019-09-26 19:35:58,463 [pool-261-thread-1] INFO  impl.RaftServerImpl (RaftServerImpl.java:setRole(174)) - 27cb48db-4b88-4c0c-b213-19f9b2fffaff@group-B43EFAC2F330: changes role from      null to FOLLOWER at term 0 for startAsFollower
2019-09-26 19:35:58,463 [pool-261-thread-1] INFO  impl.RoleInfo (RoleInfo.java:updateAndGet(143)) - 27cb48db-4b88-4c0c-b213-19f9b2fffaff: start FollowerState
2019-09-26 19:35:58,463 [pool-261-thread-1] INFO  util.JmxRegister (JmxRegister.java:tryRegister(44)) - Successfully registered JMX Bean with object name Ratis:service=RaftServer,group=group-B43EFAC2F330,id=27cb48db-4b88-4c0c-b213-19f9b2fffaff
2019-09-26 19:35:58,464 [RatisPipelineUtilsThread] INFO  pipeline.PipelineStateManager (PipelineStateManager.java:addPipeline(56)) - Created pipeline Pipeline[ Id: 197203a3-44bb-43d3-a371-b43efac2f330, Nodes: 27cb48db-4b88-4c0c-b213-19f9b2fffaff{ip: 192.168.151.99, host: pr-hdds-1569-g6sp5-2013761785, networkLocation: /rack1, certSerialId: null}, Type:RATIS, Factor:ONE, State:OPEN]
2019-09-26 19:35:58,466 [grpc-default-executor-2] INFO  impl.RaftServerProxy (RaftServerProxy.java:addNew(89)) - 27cb48db-4b88-4c0c-b213-19f9b2fffaff: addNew group-AD610815A00B:[27cb48db-4b88-4c0c-b213-19f9b2fffaff:192.168.151.99:37457] returns group-AD610815A00B:java.util.concurrent.CompletableFuture@77c659e[Not completed]
2019-09-26 19:35:58,467 [pool-261-thread-1] INFO  impl.RaftServerImpl (RaftServerImpl.java:<init>(95)) - 27cb48db-4b88-4c0c-b213-19f9b2fffaff: new RaftServerImpl for group-AD610815A00B:[27cb48db-4b88-4c0c-b213-19f9b2fffaff:192.168.151.99:37457] with ContainerStateMachine:uninitialized
2019-09-26 19:35:58,467 [pool-261-thread-1] INFO  server.RaftServerConfigKeys (ConfUtils.java:logGet(43)) - raft.server.rpc.timeout.min = 5s (custom)
2019-09-26 19:35:58,467 [pool-261-thread-1] INFO  server.RaftServerConfigKeys (ConfUtils.java:logGet(43)) - raft.server.rpc.timeout.max = 5200ms (custom)
2019-09-26 19:35:58,467 [pool-261-thread-1] INFO  server.RaftServerConfigKeys (ConfUtils.java:logGet(43)) - raft.server.rpcslowness.timeout = 120s (custom)
2019-09-26 19:35:58,467 [pool-261-thread-1] INFO  server.RaftServerConfigKeys (ConfUtils.java:logGet(43)) - raft.server.sleep.deviation.threshold = 300 (default)
2019-09-26 19:35:58,467 [pool-261-thread-1] INFO  server.RaftServerConfigKeys (ConfUtils.java:logGet(43)) - raft.server.log.appender.install.snapshot.enabled = false (custom)
2019-09-26 19:35:58,467 [pool-261-thread-1] INFO  impl.RaftServerImpl (ServerState.java:<init>(103)) - 27cb48db-4b88-4c0c-b213-19f9b2fffaff@group-AD610815A00B: ConfigurationManager, init=-1: [27cb48db-4b88-4c0c-b213-19f9b2fffaff:192.168.151.99:37457], old=null, confs=<EMPTY_MAP>
2019-09-26 19:35:58,467 [pool-261-thread-1] INFO  server.RaftServerConfigKeys (ConfUtils.java:logGet(43)) - raft.server.storage.dir = [/workdir/hadoop-ozone/integration-test/target/test-dir/MiniOzoneClusterImpl-2f79a7d3-d7ae-4963-8370-12bb1e2132d7/datanode-0/data/ratis] (custom)
2019-09-26 19:35:58,468 [pool-261-thread-1] INFO  storage.RaftStorageDirectory (RaftStorageDirectory.java:analyzeStorage(246)) - The storage directory /workdir/hadoop-ozone/integration-test/target/test-dir/MiniOzoneClusterImpl-2f79a7d3-d7ae-4963-8370-12bb1e2132d7/datanode-0/data/ratis/42cb9eb3-8c0c-4f4d-be7b-ad610815a00b does not exist. Creating ...
2019-09-26 19:35:58,481 [pool-261-thread-1] INFO  storage.RaftStorageDirectory (RaftStorageDirectory.java:tryLock(328)) - Lock on /workdir/hadoop-ozone/integration-test/target/test-dir/MiniOzoneClusterImpl-2f79a7d3-d7ae-4963-8370-12bb1e2132d7/datanode-0/data/ratis/42cb9eb3-8c0c-4f4d-be7b-ad610815a00b/in_use.lock acquired by nodename 17888@pr-hdds-1569-g6sp5-2013761785
2019-09-26 19:35:58,481 [728ea44c-f097-440a-a87e-c27a68d48f14@group-65B5812EC899-SegmentedRaftLogWorker] INFO  segmented.SegmentedRaftLogWorker (SegmentedRaftLogWorker.java:execute(569)) - 728ea44c-f097-440a-a87e-c27a68d48f14@group-65B5812EC899-SegmentedRaftLogWorker: created new log segment /workdir/hadoop-ozone/integration-test/target/test-dir/MiniOzoneClusterImpl-2f79a7d3-d7ae-4963-8370-12bb1e2132d7/datanode-1/data/ratis/0db74ad8-13ff-49f3-9034-65b5812ec899/current/log_inprogress_0
2019-09-26 19:35:58,495 [pool-261-thread-1] INFO  storage.RaftStorage (RaftStorage.java:format(72)) - Storage directory /workdir/hadoop-ozone/integration-test/target/test-dir/MiniOzoneClusterImpl-2f79a7d3-d7ae-4963-8370-12bb1e2132d7/datanode-0/data/ratis/42cb9eb3-8c0c-4f4d-be7b-ad610815a00b has been successfully formatted.
2019-09-26 19:35:58,496 [pool-261-thread-1] INFO  ratis.ContainerStateMachine (ContainerStateMachine.java:loadSnapshot(230)) - group-AD610815A00B: The snapshot info is null. Setting the last applied indexto:(t:0, i:~)
2019-09-26 19:35:58,496 [pool-261-thread-1] INFO  server.RaftServerConfigKeys (ConfUtils.java:logGet(43)) - raft.server.notification.no-leader.timeout = 120s (custom)
2019-09-26 19:35:58,496 [pool-261-thread-1] INFO  server.RaftServerConfigKeys (ConfUtils.java:logGet(43)) - raft.server.log.use.memory = false (default)
2019-09-26 19:35:58,496 [pool-261-thread-1] INFO  server.RaftServerConfigKeys (ConfUtils.java:logGet(43)) - raft.server.log.purge.gap = 1000000 (custom)
2019-09-26 19:35:58,496 [pool-261-thread-1] INFO  server.RaftServerConfigKeys (ConfUtils.java:logGet(43)) - raft.server.log.appender.buffer.byte-limit = 33554432 (custom)
2019-09-26 19:35:58,496 [pool-261-thread-1] INFO  server.RaftServerConfigKeys (ConfUtils.java:logGet(43)) - raft.server.log.segment.size.max = 1048576 (custom)
2019-09-26 19:35:58,496 [pool-261-thread-1] INFO  server.RaftServerConfigKeys (ConfUtils.java:logGet(43)) - raft.server.log.segment.cache.num.max = 2 (custom)
2019-09-26 19:35:58,496 [27cb48db-4b88-4c0c-b213-19f9b2fffaff@group-79CC5FE515D3-SegmentedRaftLogWorker] INFO  segmented.SegmentedRaftLogWorker (SegmentedRaftLogWorker.java:execute(569)) - 27cb48db-4b88-4c0c-b213-19f9b2fffaff@group-79CC5FE515D3-SegmentedRaftLogWorker: created new log segment /workdir/hadoop-ozone/integration-test/target/test-dir/MiniOzoneClusterImpl-2f79a7d3-d7ae-4963-8370-12bb1e2132d7/datanode-0/data/ratis/03657f99-5a01-4ffb-b788-79cc5fe515d3/current/log_inprogress_0
2019-09-26 19:35:58,496 [pool-261-thread-1] INFO  segmented.SegmentedRaftLogWorker (SegmentedRaftLogWorker.java:<init>(172)) - new 27cb48db-4b88-4c0c-b213-19f9b2fffaff@group-AD610815A00B-SegmentedRaftLogWorker for RaftStorage:Storage Directory /workdir/hadoop-ozone/integration-test/target/test-dir/MiniOzoneClusterImpl-2f79a7d3-d7ae-4963-8370-12bb1e2132d7/datanode-0/data/ratis/42cb9eb3-8c0c-4f4d-be7b-ad610815a00b
2019-09-26 19:35:58,497 [pool-261-thread-1] INFO  server.RaftServerConfigKeys (ConfUtils.java:logGet(43)) - raft.server.log.queue.byte-limit = 2147483647 (custom)
2019-09-26 19:35:58,497 [pool-261-thread-1] INFO  server.RaftServerConfigKeys (ConfUtils.java:logGet(43)) - raft.server.log.queue.element-limit = 1024 (custom)
2019-09-26 19:35:58,497 [pool-261-thread-1] INFO  server.RaftServerConfigKeys (ConfUtils.java:logGet(43)) - raft.server.log.segment.size.max = 1048576 (custom)
2019-09-26 19:35:58,497 [pool-261-thread-1] INFO  server.RaftServerConfigKeys (ConfUtils.java:logGet(43)) - raft.server.log.preallocated.size = 16384 (custom)
2019-09-26 19:35:58,497 [pool-261-thread-1] INFO  server.RaftServerConfigKeys (ConfUtils.java:logGet(43)) - raft.server.log.write.buffer.size = 33554432 (custom)
2019-09-26 19:35:58,497 [pool-261-thread-1] INFO  server.RaftServerConfigKeys (ConfUtils.java:logGet(43)) - raft.server.log.force.sync.num = 128 (default)
2019-09-26 19:35:58,497 [pool-261-thread-1] INFO  server.RaftServerConfigKeys (ConfUtils.java:logGet(43)) - raft.server.log.statemachine.data.sync = true (default)
2019-09-26 19:35:58,498 [pool-261-thread-1] INFO  server.RaftServerConfigKeys (ConfUtils.java:logGet(43)) - raft.server.log.statemachine.data.sync.timeout = 10s (default)
2019-09-26 19:35:58,498 [pool-261-thread-1] INFO  server.RaftServerConfigKeys (ConfUtils.java:logGet(43)) - raft.server.log.statemachine.data.sync.timeout.retry = -1 (default)
2019-09-26 19:35:58,498 [pool-261-thread-1] INFO  server.RaftServerConfigKeys (ConfUtils.java:logGet(43)) - raft.server.log.statemachine.data.caching.enabled = true (custom)
2019-09-26 19:35:58,498 [pool-261-thread-1] INFO  segmented.SegmentedRaftLogWorker (SegmentedRaftLogWorker.java:lambda$new$0(132)) - 27cb48db-4b88-4c0c-b213-19f9b2fffaff@group-AD610815A00B-SegmentedRaftLogWorker: flushIndex: setUnconditionally 0 -> -1
2019-09-26 19:35:58,498 [pool-261-thread-1] INFO  server.RaftServerConfigKeys (ConfUtils.java:logGet(43)) - raft.server.snapshot.auto.trigger.enabled = true (custom)
2019-09-26 19:35:58,498 [pool-261-thread-1] INFO  server.RaftServerConfigKeys (ConfUtils.java:logGet(43)) - raft.server.snapshot.auto.trigger.threshold = 10000 (custom)
2019-09-26 19:35:58,499 [pool-261-thread-1] INFO  server.RaftServerConfigKeys (ConfUtils.java:logGet(43)) - raft.server.snapshot.retention.num.files = 5 (custom)
2019-09-26 19:35:58,499 [pool-261-thread-1] INFO  server.RaftServerConfigKeys (ConfUtils.java:logGet(43)) - raft.server.retrycache.expirytime = 600000ms (custom)
2019-09-26 19:35:58,500 [pool-261-thread-1] INFO  impl.RaftServerImpl (RaftServerImpl.java:start(185)) - 27cb48db-4b88-4c0c-b213-19f9b2fffaff@group-AD610815A00B: start as a follower, conf=-1: [27cb48db-4b88-4c0c-b213-19f9b2fffaff:192.168.151.99:37457], old=null
2019-09-26 19:35:58,500 [pool-261-thread-1] INFO  impl.RaftServerImpl (RaftServerImpl.java:setRole(174)) - 27cb48db-4b88-4c0c-b213-19f9b2fffaff@group-AD610815A00B: changes role from      null to FOLLOWER at term 0 for startAsFollower
2019-09-26 19:35:58,500 [pool-261-thread-1] INFO  impl.RoleInfo (RoleInfo.java:updateAndGet(143)) - 27cb48db-4b88-4c0c-b213-19f9b2fffaff: start FollowerState
2019-09-26 19:35:58,500 [pool-261-thread-1] INFO  util.JmxRegister (JmxRegister.java:tryRegister(44)) - Successfully registered JMX Bean with object name Ratis:service=RaftServer,group=group-AD610815A00B,id=27cb48db-4b88-4c0c-b213-19f9b2fffaff
2019-09-26 19:35:58,502 [RatisPipelineUtilsThread] INFO  pipeline.PipelineStateManager (PipelineStateManager.java:addPipeline(56)) - Created pipeline Pipeline[ Id: 42cb9eb3-8c0c-4f4d-be7b-ad610815a00b, Nodes: 27cb48db-4b88-4c0c-b213-19f9b2fffaff{ip: 192.168.151.99, host: pr-hdds-1569-g6sp5-2013761785, networkLocation: /rack1, certSerialId: null}, Type:RATIS, Factor:ONE, State:OPEN]
2019-09-26 19:35:58,502 [Thread-6543] INFO  impl.FollowerState (FollowerState.java:run(106)) - 728ea44c-f097-440a-a87e-c27a68d48f14:group-CE1BBB4E941E changes to CANDIDATE, lastRpcTime:5177, electionTimeout:5177ms
2019-09-26 19:35:58,503 [Thread-6543] INFO  impl.RoleInfo (RoleInfo.java:shutdownFollowerState(121)) - 728ea44c-f097-440a-a87e-c27a68d48f14: shutdown FollowerState
2019-09-26 19:35:58,503 [Thread-6543] INFO  impl.RaftServerImpl (RaftServerImpl.java:setRole(174)) - 728ea44c-f097-440a-a87e-c27a68d48f14@group-CE1BBB4E941E: changes role from  FOLLOWER to CANDIDATE at term 0 for changeToCandidate
2019-09-26 19:35:58,503 [Thread-6543] INFO  impl.RoleInfo (RoleInfo.java:updateAndGet(143)) - 728ea44c-f097-440a-a87e-c27a68d48f14: start LeaderElection
2019-09-26 19:35:58,503 [grpc-default-executor-2] INFO  impl.RaftServerProxy (RaftServerProxy.java:addNew(89)) - 728ea44c-f097-440a-a87e-c27a68d48f14: addNew group-FC289A8C3177:[728ea44c-f097-440a-a87e-c27a68d48f14:192.168.151.99:38783] returns group-FC289A8C3177:java.util.concurrent.CompletableFuture@58afbb1e[Not completed]
2019-09-26 19:35:58,504 [pool-271-thread-1] INFO  impl.RaftServerImpl (RaftServerImpl.java:<init>(95)) - 728ea44c-f097-440a-a87e-c27a68d48f14: new RaftServerImpl for group-FC289A8C3177:[728ea44c-f097-440a-a87e-c27a68d48f14:192.168.151.99:38783] with ContainerStateMachine:uninitialized
2019-09-26 19:35:58,504 [pool-271-thread-1] INFO  server.RaftServerConfigKeys (ConfUtils.java:logGet(43)) - raft.server.rpc.timeout.min = 5s (custom)
2019-09-26 19:35:58,504 [pool-271-thread-1] INFO  server.RaftServerConfigKeys (ConfUtils.java:logGet(43)) - raft.server.rpc.timeout.max = 5200ms (custom)
2019-09-26 19:35:58,504 [pool-271-thread-1] INFO  server.RaftServerConfigKeys (ConfUtils.java:logGet(43)) - raft.server.rpcslowness.timeout = 120s (custom)
2019-09-26 19:35:58,504 [pool-271-thread-1] INFO  server.RaftServerConfigKeys (ConfUtils.java:logGet(43)) - raft.server.sleep.deviation.threshold = 300 (default)
2019-09-26 19:35:58,504 [pool-271-thread-1] INFO  server.RaftServerConfigKeys (ConfUtils.java:logGet(43)) - raft.server.log.appender.install.snapshot.enabled = false (custom)
2019-09-26 19:35:58,504 [pool-271-thread-1] INFO  impl.RaftServerImpl (ServerState.java:<init>(103)) - 728ea44c-f097-440a-a87e-c27a68d48f14@group-FC289A8C3177: ConfigurationManager, init=-1: [728ea44c-f097-440a-a87e-c27a68d48f14:192.168.151.99:38783], old=null, confs=<EMPTY_MAP>
2019-09-26 19:35:58,504 [pool-271-thread-1] INFO  server.RaftServerConfigKeys (ConfUtils.java:logGet(43)) - raft.server.storage.dir = [/workdir/hadoop-ozone/integration-test/target/test-dir/MiniOzoneClusterImpl-2f79a7d3-d7ae-4963-8370-12bb1e2132d7/datanode-1/data/ratis] (custom)
2019-09-26 19:35:58,505 [pool-271-thread-1] INFO  storage.RaftStorageDirectory (RaftStorageDirectory.java:analyzeStorage(246)) - The storage directory /workdir/hadoop-ozone/integration-test/target/test-dir/MiniOzoneClusterImpl-2f79a7d3-d7ae-4963-8370-12bb1e2132d7/datanode-1/data/ratis/7dc58c0b-63b1-4acf-a33c-fc289a8c3177 does not exist. Creating ...
2019-09-26 19:35:58,519 [Thread-6552] INFO  impl.FollowerState (FollowerState.java:run(106)) - 27cb48db-4b88-4c0c-b213-19f9b2fffaff:group-3EC97AFE12DC changes to CANDIDATE, lastRpcTime:5041, electionTimeout:5041ms
2019-09-26 19:35:58,519 [Thread-6552] INFO  impl.RoleInfo (RoleInfo.java:shutdownFollowerState(121)) - 27cb48db-4b88-4c0c-b213-19f9b2fffaff: shutdown FollowerState
2019-09-26 19:35:58,519 [Thread-6552] INFO  impl.RaftServerImpl (RaftServerImpl.java:setRole(174)) - 27cb48db-4b88-4c0c-b213-19f9b2fffaff@group-3EC97AFE12DC: changes role from  FOLLOWER to CANDIDATE at term 0 for changeToCandidate
2019-09-26 19:35:58,519 [Thread-6552] INFO  impl.RoleInfo (RoleInfo.java:updateAndGet(143)) - 27cb48db-4b88-4c0c-b213-19f9b2fffaff: start LeaderElection
2019-09-26 19:35:58,521 [pool-271-thread-1] INFO  storage.RaftStorageDirectory (RaftStorageDirectory.java:tryLock(328)) - Lock on /workdir/hadoop-ozone/integration-test/target/test-dir/MiniOzoneClusterImpl-2f79a7d3-d7ae-4963-8370-12bb1e2132d7/datanode-1/data/ratis/7dc58c0b-63b1-4acf-a33c-fc289a8c3177/in_use.lock acquired by nodename 17888@pr-hdds-1569-g6sp5-2013761785
2019-09-26 19:35:58,521 [728ea44c-f097-440a-a87e-c27a68d48f14@group-CE1BBB4E941E:LeaderElection930] INFO  impl.LeaderElection (LeaderElection.java:askForVotes(182)) - 728ea44c-f097-440a-a87e-c27a68d48f14@group-CE1BBB4E941E:LeaderElection930: begin an election at term 1 for -1: [728ea44c-f097-440a-a87e-c27a68d48f14:192.168.151.99:38783], old=null
2019-09-26 19:35:58,521 [728ea44c-f097-440a-a87e-c27a68d48f14@group-CE1BBB4E941E:LeaderElection930] INFO  impl.RoleInfo (RoleInfo.java:shutdownLeaderElection(134)) - 728ea44c-f097-440a-a87e-c27a68d48f14: shutdown LeaderElection
2019-09-26 19:35:58,521 [728ea44c-f097-440a-a87e-c27a68d48f14@group-CE1BBB4E941E:LeaderElection930] INFO  impl.RaftServerImpl (RaftServerImpl.java:setRole(174)) - 728ea44c-f097-440a-a87e-c27a68d48f14@group-CE1BBB4E941E: changes role from CANDIDATE to LEADER at term 1 for changeToLeader
2019-09-26 19:35:58,521 [728ea44c-f097-440a-a87e-c27a68d48f14@group-CE1BBB4E941E:LeaderElection930] INFO  impl.RaftServerImpl (ServerState.java:setLeader(253)) - 728ea44c-f097-440a-a87e-c27a68d48f14@group-CE1BBB4E941E: change Leader from null to 728ea44c-f097-440a-a87e-c27a68d48f14 at term 1 for becomeLeader, leader elected after 5200ms
2019-09-26 19:35:58,521 [728ea44c-f097-440a-a87e-c27a68d48f14@group-CE1BBB4E941E:LeaderElection930] INFO  server.RaftServerConfigKeys (ConfUtils.java:logGet(43)) - raft.server.staging.catchup.gap = 1000 (default)
2019-09-26 19:35:58,521 [728ea44c-f097-440a-a87e-c27a68d48f14@group-CE1BBB4E941E:LeaderElection930] INFO  server.RaftServerConfigKeys (ConfUtils.java:logGet(43)) - raft.server.rpc.sleep.time = 25ms (default)
2019-09-26 19:35:58,521 [728ea44c-f097-440a-a87e-c27a68d48f14@group-CE1BBB4E941E:LeaderElection930] INFO  server.RaftServerConfigKeys (ConfUtils.java:logGet(43)) - raft.server.write.element-limit = 4096 (default)
2019-09-26 19:35:58,521 [728ea44c-f097-440a-a87e-c27a68d48f14@group-CE1BBB4E941E:LeaderElection930] INFO  server.RaftServerConfigKeys (ConfUtils.java:logGet(43)) - raft.server.watch.timeout = 10s (default)
2019-09-26 19:35:58,521 [728ea44c-f097-440a-a87e-c27a68d48f14@group-CE1BBB4E941E:LeaderElection930] INFO  server.RaftServerConfigKeys (ConfUtils.java:logGet(43)) - raft.server.watch.timeout.denomination = 1s (default)
2019-09-26 19:35:58,521 [728ea44c-f097-440a-a87e-c27a68d48f14@group-CE1BBB4E941E:LeaderElection930] INFO  server.RaftServerConfigKeys (ConfUtils.java:logGet(43)) - raft.server.watch.element-limit = 65536 (default)
2019-09-26 19:35:58,522 [728ea44c-f097-440a-a87e-c27a68d48f14@group-CE1BBB4E941E:LeaderElection930] INFO  impl.RoleInfo (RoleInfo.java:updateAndGet(143)) - 728ea44c-f097-440a-a87e-c27a68d48f14: start LeaderState
2019-09-26 19:35:58,522 [728ea44c-f097-440a-a87e-c27a68d48f14@group-CE1BBB4E941E:LeaderElection930] INFO  segmented.SegmentedRaftLogWorker (SegmentedRaftLogWorker.java:startLogSegment(380)) - 728ea44c-f097-440a-a87e-c27a68d48f14@group-CE1BBB4E941E-SegmentedRaftLogWorker: Starting segment from index:0
2019-09-26 19:35:58,522 [728ea44c-f097-440a-a87e-c27a68d48f14@group-CE1BBB4E941E:LeaderElection930] INFO  impl.RaftServerImpl (ServerState.java:setRaftConf(354)) - 728ea44c-f097-440a-a87e-c27a68d48f14@group-CE1BBB4E941E: set configuration 0: [728ea44c-f097-440a-a87e-c27a68d48f14:192.168.151.99:38783], old=null at 0
2019-09-26 19:35:58,524 [pool-271-thread-1] INFO  storage.RaftStorage (RaftStorage.java:format(72)) - Storage directory /workdir/hadoop-ozone/integration-test/target/test-dir/MiniOzoneClusterImpl-2f79a7d3-d7ae-4963-8370-12bb1e2132d7/datanode-1/data/ratis/7dc58c0b-63b1-4acf-a33c-fc289a8c3177 has been successfully formatted.
2019-09-26 19:35:58,524 [27cb48db-4b88-4c0c-b213-19f9b2fffaff@group-3EC97AFE12DC:LeaderElection931] INFO  impl.LeaderElection (LeaderElection.java:askForVotes(182)) - 27cb48db-4b88-4c0c-b213-19f9b2fffaff@group-3EC97AFE12DC:LeaderElection931: begin an election at term 1 for -1: [27cb48db-4b88-4c0c-b213-19f9b2fffaff:192.168.151.99:37457], old=null
2019-09-26 19:35:58,525 [pool-271-thread-1] INFO  ratis.ContainerStateMachine (ContainerStateMachine.java:loadSnapshot(230)) - group-FC289A8C3177: The snapshot info is null. Setting the last applied indexto:(t:0, i:~)
2019-09-26 19:35:58,525 [27cb48db-4b88-4c0c-b213-19f9b2fffaff@group-3EC97AFE12DC:LeaderElection931] INFO  impl.RoleInfo (RoleInfo.java:shutdownLeaderElection(134)) - 27cb48db-4b88-4c0c-b213-19f9b2fffaff: shutdown LeaderElection
2019-09-26 19:35:58,525 [pool-271-thread-1] INFO  server.RaftServerConfigKeys (ConfUtils.java:logGet(43)) - raft.server.notification.no-leader.timeout = 120s (custom)
2019-09-26 19:35:58,525 [27cb48db-4b88-4c0c-b213-19f9b2fffaff@group-3EC97AFE12DC:LeaderElection931] INFO  impl.RaftServerImpl (RaftServerImpl.java:setRole(174)) - 27cb48db-4b88-4c0c-b213-19f9b2fffaff@group-3EC97AFE12DC: changes role from CANDIDATE to LEADER at term 1 for changeToLeader
2019-09-26 19:35:58,525 [pool-271-thread-1] INFO  server.RaftServerConfigKeys (ConfUtils.java:logGet(43)) - raft.server.log.use.memory = false (default)
2019-09-26 19:35:58,525 [27cb48db-4b88-4c0c-b213-19f9b2fffaff@group-3EC97AFE12DC:LeaderElection931] INFO  impl.RaftServerImpl (ServerState.java:setLeader(253)) - 27cb48db-4b88-4c0c-b213-19f9b2fffaff@group-3EC97AFE12DC: change Leader from null to 27cb48db-4b88-4c0c-b213-19f9b2fffaff at term 1 for becomeLeader, leader elected after 5052ms
2019-09-26 19:35:58,525 [pool-271-thread-1] INFO  server.RaftServerConfigKeys (ConfUtils.java:logGet(43)) - raft.server.log.purge.gap = 1000000 (custom)
2019-09-26 19:35:58,525 [27cb48db-4b88-4c0c-b213-19f9b2fffaff@group-3EC97AFE12DC:LeaderElection931] INFO  server.RaftServerConfigKeys (ConfUtils.java:logGet(43)) - raft.server.staging.catchup.gap = 1000 (default)
2019-09-26 19:35:58,525 [pool-271-thread-1] INFO  server.RaftServerConfigKeys (ConfUtils.java:logGet(43)) - raft.server.log.appender.buffer.byte-limit = 33554432 (custom)
2019-09-26 19:35:58,525 [27cb48db-4b88-4c0c-b213-19f9b2fffaff@group-3EC97AFE12DC:LeaderElection931] INFO  server.RaftServerConfigKeys (ConfUtils.java:logGet(43)) - raft.server.rpc.sleep.time = 25ms (default)
2019-09-26 19:35:58,525 [pool-271-thread-1] INFO  server.RaftServerConfigKeys (ConfUtils.java:logGet(43)) - raft.server.log.segment.size.max = 1048576 (custom)
2019-09-26 19:35:58,526 [27cb48db-4b88-4c0c-b213-19f9b2fffaff@group-3EC97AFE12DC:LeaderElection931] INFO  server.RaftServerConfigKeys (ConfUtils.java:logGet(43)) - raft.server.write.element-limit = 4096 (default)
2019-09-26 19:35:58,526 [pool-271-thread-1] INFO  server.RaftServerConfigKeys (ConfUtils.java:logGet(43)) - raft.server.log.segment.cache.num.max = 2 (custom)
2019-09-26 19:35:58,526 [27cb48db-4b88-4c0c-b213-19f9b2fffaff@group-3EC97AFE12DC:LeaderElection931] INFO  server.RaftServerConfigKeys (ConfUtils.java:logGet(43)) - raft.server.watch.timeout = 10s (default)
2019-09-26 19:35:58,526 [pool-271-thread-1] INFO  segmented.SegmentedRaftLogWorker (SegmentedRaftLogWorker.java:<init>(172)) - new 728ea44c-f097-440a-a87e-c27a68d48f14@group-FC289A8C3177-SegmentedRaftLogWorker for RaftStorage:Storage Directory /workdir/hadoop-ozone/integration-test/target/test-dir/MiniOzoneClusterImpl-2f79a7d3-d7ae-4963-8370-12bb1e2132d7/datanode-1/data/ratis/7dc58c0b-63b1-4acf-a33c-fc289a8c3177
2019-09-26 19:35:58,526 [27cb48db-4b88-4c0c-b213-19f9b2fffaff@group-3EC97AFE12DC:LeaderElection931] INFO  server.RaftServerConfigKeys (ConfUtils.java:logGet(43)) - raft.server.watch.timeout.denomination = 1s (default)
2019-09-26 19:35:58,526 [pool-271-thread-1] INFO  server.RaftServerConfigKeys (ConfUtils.java:logGet(43)) - raft.server.log.queue.byte-limit = 2147483647 (custom)
2019-09-26 19:35:58,526 [27cb48db-4b88-4c0c-b213-19f9b2fffaff@group-3EC97AFE12DC:LeaderElection931] INFO  server.RaftServerConfigKeys (ConfUtils.java:logGet(43)) - raft.server.watch.element-limit = 65536 (default)
2019-09-26 19:35:58,526 [pool-271-thread-1] INFO  server.RaftServerConfigKeys (ConfUtils.java:logGet(43)) - raft.server.log.queue.element-limit = 1024 (custom)
2019-09-26 19:35:58,526 [pool-271-thread-1] INFO  server.RaftServerConfigKeys (ConfUtils.java:logGet(43)) - raft.server.log.segment.size.max = 1048576 (custom)
2019-09-26 19:35:58,526 [pool-271-thread-1] INFO  server.RaftServerConfigKeys (ConfUtils.java:logGet(43)) - raft.server.log.preallocated.size = 16384 (custom)
2019-09-26 19:35:58,527 [pool-271-thread-1] INFO  server.RaftServerConfigKeys (ConfUtils.java:logGet(43)) - raft.server.log.write.buffer.size = 33554432 (custom)
2019-09-26 19:35:58,527 [pool-271-thread-1] INFO  server.RaftServerConfigKeys (ConfUtils.java:logGet(43)) - raft.server.log.force.sync.num = 128 (default)
2019-09-26 19:35:58,527 [pool-271-thread-1] INFO  server.RaftServerConfigKeys (ConfUtils.java:logGet(43)) - raft.server.log.statemachine.data.sync = true (default)
2019-09-26 19:35:58,527 [pool-271-thread-1] INFO  server.RaftServerConfigKeys (ConfUtils.java:logGet(43)) - raft.server.log.statemachine.data.sync.timeout = 10s (default)
2019-09-26 19:35:58,527 [pool-271-thread-1] INFO  server.RaftServerConfigKeys (ConfUtils.java:logGet(43)) - raft.server.log.statemachine.data.sync.timeout.retry = -1 (default)
2019-09-26 19:35:58,527 [pool-271-thread-1] INFO  server.RaftServerConfigKeys (ConfUtils.java:logGet(43)) - raft.server.log.statemachine.data.caching.enabled = true (custom)
2019-09-26 19:35:58,527 [pool-271-thread-1] INFO  segmented.SegmentedRaftLogWorker (SegmentedRaftLogWorker.java:lambda$new$0(132)) - 728ea44c-f097-440a-a87e-c27a68d48f14@group-FC289A8C3177-SegmentedRaftLogWorker: flushIndex: setUnconditionally 0 -> -1
2019-09-26 19:35:58,527 [pool-271-thread-1] INFO  server.RaftServerConfigKeys (ConfUtils.java:logGet(43)) - raft.server.snapshot.auto.trigger.enabled = true (custom)
2019-09-26 19:35:58,527 [pool-271-thread-1] INFO  server.RaftServerConfigKeys (ConfUtils.java:logGet(43)) - raft.server.snapshot.auto.trigger.threshold = 10000 (custom)
2019-09-26 19:35:58,527 [pool-271-thread-1] INFO  server.RaftServerConfigKeys (ConfUtils.java:logGet(43)) - raft.server.snapshot.retention.num.files = 5 (custom)
2019-09-26 19:35:58,527 [pool-271-thread-1] INFO  server.RaftServerConfigKeys (ConfUtils.java:logGet(43)) - raft.server.retrycache.expirytime = 600000ms (custom)
2019-09-26 19:35:58,528 [27cb48db-4b88-4c0c-b213-19f9b2fffaff@group-3EC97AFE12DC:LeaderElection931] INFO  impl.RoleInfo (RoleInfo.java:updateAndGet(143)) - 27cb48db-4b88-4c0c-b213-19f9b2fffaff: start LeaderState
2019-09-26 19:35:58,528 [27cb48db-4b88-4c0c-b213-19f9b2fffaff@group-3EC97AFE12DC:LeaderElection931] INFO  segmented.SegmentedRaftLogWorker (SegmentedRaftLogWorker.java:startLogSegment(380)) - 27cb48db-4b88-4c0c-b213-19f9b2fffaff@group-3EC97AFE12DC-SegmentedRaftLogWorker: Starting segment from index:0
2019-09-26 19:35:58,528 [27cb48db-4b88-4c0c-b213-19f9b2fffaff@group-3EC97AFE12DC:LeaderElection931] INFO  impl.RaftServerImpl (ServerState.java:setRaftConf(354)) - 27cb48db-4b88-4c0c-b213-19f9b2fffaff@group-3EC97AFE12DC: set configuration 0: [27cb48db-4b88-4c0c-b213-19f9b2fffaff:192.168.151.99:37457], old=null at 0
2019-09-26 19:35:58,528 [pool-271-thread-1] INFO  impl.RaftServerImpl (RaftServerImpl.java:start(185)) - 728ea44c-f097-440a-a87e-c27a68d48f14@group-FC289A8C3177: start as a follower, conf=-1: [728ea44c-f097-440a-a87e-c27a68d48f14:192.168.151.99:38783], old=null
2019-09-26 19:35:58,528 [pool-271-thread-1] INFO  impl.RaftServerImpl (RaftServerImpl.java:setRole(174)) - 728ea44c-f097-440a-a87e-c27a68d48f14@group-FC289A8C3177: changes role from      null to FOLLOWER at term 0 for startAsFollower
2019-09-26 19:35:58,528 [pool-271-thread-1] INFO  impl.RoleInfo (RoleInfo.java:updateAndGet(143)) - 728ea44c-f097-440a-a87e-c27a68d48f14: start FollowerState
2019-09-26 19:35:58,529 [pool-271-thread-1] INFO  util.JmxRegister (JmxRegister.java:tryRegister(44)) - Successfully registered JMX Bean with object name Ratis:service=RaftServer,group=group-FC289A8C3177,id=728ea44c-f097-440a-a87e-c27a68d48f14
2019-09-26 19:35:58,529 [RatisPipelineUtilsThread] INFO  pipeline.PipelineStateManager (PipelineStateManager.java:addPipeline(56)) - Created pipeline Pipeline[ Id: 7dc58c0b-63b1-4acf-a33c-fc289a8c3177, Nodes: 728ea44c-f097-440a-a87e-c27a68d48f14{ip: 192.168.151.99, host: pr-hdds-1569-g6sp5-2013761785, networkLocation: /rack1, certSerialId: null}, Type:RATIS, Factor:ONE, State:OPEN]
2019-09-26 19:35:58,531 [grpc-default-executor-2] INFO  impl.RaftServerProxy (RaftServerProxy.java:addNew(89)) - 99aa1396-69c4-4985-9b2a-20430cc4a0a7: addNew group-55CDCD0E7166:[99aa1396-69c4-4985-9b2a-20430cc4a0a7:192.168.151.99:40213] returns group-55CDCD0E7166:java.util.concurrent.CompletableFuture@305ab924[Not completed]
2019-09-26 19:35:58,531 [pool-281-thread-1] INFO  impl.RaftServerImpl (RaftServerImpl.java:<init>(95)) - 99aa1396-69c4-4985-9b2a-20430cc4a0a7: new RaftServerImpl for group-55CDCD0E7166:[99aa1396-69c4-4985-9b2a-20430cc4a0a7:192.168.151.99:40213] with ContainerStateMachine:uninitialized
2019-09-26 19:35:58,531 [pool-281-thread-1] INFO  server.RaftServerConfigKeys (ConfUtils.java:logGet(43)) - raft.server.rpc.timeout.min = 5s (custom)
2019-09-26 19:35:58,532 [pool-281-thread-1] INFO  server.RaftServerConfigKeys (ConfUtils.java:logGet(43)) - raft.server.rpc.timeout.max = 5200ms (custom)
2019-09-26 19:35:58,532 [pool-281-thread-1] INFO  server.RaftServerConfigKeys (ConfUtils.java:logGet(43)) - raft.server.rpcslowness.timeout = 120s (custom)
2019-09-26 19:35:58,532 [pool-281-thread-1] INFO  server.RaftServerConfigKeys (ConfUtils.java:logGet(43)) - raft.server.sleep.deviation.threshold = 300 (default)
2019-09-26 19:35:58,532 [pool-281-thread-1] INFO  server.RaftServerConfigKeys (ConfUtils.java:logGet(43)) - raft.server.log.appender.install.snapshot.enabled = false (custom)
2019-09-26 19:35:58,532 [pool-281-thread-1] INFO  impl.RaftServerImpl (ServerState.java:<init>(103)) - 99aa1396-69c4-4985-9b2a-20430cc4a0a7@group-55CDCD0E7166: ConfigurationManager, init=-1: [99aa1396-69c4-4985-9b2a-20430cc4a0a7:192.168.151.99:40213], old=null, confs=<EMPTY_MAP>
2019-09-26 19:35:58,532 [pool-281-thread-1] INFO  server.RaftServerConfigKeys (ConfUtils.java:logGet(43)) - raft.server.storage.dir = [/workdir/hadoop-ozone/integration-test/target/test-dir/MiniOzoneClusterImpl-2f79a7d3-d7ae-4963-8370-12bb1e2132d7/datanode-2/data/ratis] (custom)
2019-09-26 19:35:58,532 [pool-281-thread-1] INFO  storage.RaftStorageDirectory (RaftStorageDirectory.java:analyzeStorage(246)) - The storage directory /workdir/hadoop-ozone/integration-test/target/test-dir/MiniOzoneClusterImpl-2f79a7d3-d7ae-4963-8370-12bb1e2132d7/datanode-2/data/ratis/2c2c8c3b-f59a-4f57-8c8f-55cdcd0e7166 does not exist. Creating ...
2019-09-26 19:35:58,552 [pool-281-thread-1] INFO  storage.RaftStorageDirectory (RaftStorageDirectory.java:tryLock(328)) - Lock on /workdir/hadoop-ozone/integration-test/target/test-dir/MiniOzoneClusterImpl-2f79a7d3-d7ae-4963-8370-12bb1e2132d7/datanode-2/data/ratis/2c2c8c3b-f59a-4f57-8c8f-55cdcd0e7166/in_use.lock acquired by nodename 17888@pr-hdds-1569-g6sp5-2013761785
2019-09-26 19:35:58,555 [728ea44c-f097-440a-a87e-c27a68d48f14@group-CE1BBB4E941E-SegmentedRaftLogWorker] INFO  segmented.SegmentedRaftLogWorker (SegmentedRaftLogWorker.java:execute(569)) - 728ea44c-f097-440a-a87e-c27a68d48f14@group-CE1BBB4E941E-SegmentedRaftLogWorker: created new log segment /workdir/hadoop-ozone/integration-test/target/test-dir/MiniOzoneClusterImpl-2f79a7d3-d7ae-4963-8370-12bb1e2132d7/datanode-1/data/ratis/274850c0-112f-4020-8c62-ce1bbb4e941e/current/log_inprogress_0
2019-09-26 19:35:58,555 [pool-281-thread-1] INFO  storage.RaftStorage (RaftStorage.java:format(72)) - Storage directory /workdir/hadoop-ozone/integration-test/target/test-dir/MiniOzoneClusterImpl-2f79a7d3-d7ae-4963-8370-12bb1e2132d7/datanode-2/data/ratis/2c2c8c3b-f59a-4f57-8c8f-55cdcd0e7166 has been successfully formatted.
2019-09-26 19:35:58,556 [pool-281-thread-1] INFO  ratis.ContainerStateMachine (ContainerStateMachine.java:loadSnapshot(230)) - group-55CDCD0E7166: The snapshot info is null. Setting the last applied indexto:(t:0, i:~)
2019-09-26 19:35:58,556 [pool-281-thread-1] INFO  server.RaftServerConfigKeys (ConfUtils.java:logGet(43)) - raft.server.notification.no-leader.timeout = 120s (custom)
2019-09-26 19:35:58,556 [pool-281-thread-1] INFO  server.RaftServerConfigKeys (ConfUtils.java:logGet(43)) - raft.server.log.use.memory = false (default)
2019-09-26 19:35:58,556 [pool-281-thread-1] INFO  server.RaftServerConfigKeys (ConfUtils.java:logGet(43)) - raft.server.log.purge.gap = 1000000 (custom)
2019-09-26 19:35:58,556 [pool-281-thread-1] INFO  server.RaftServerConfigKeys (ConfUtils.java:logGet(43)) - raft.server.log.appender.buffer.byte-limit = 33554432 (custom)
2019-09-26 19:35:58,557 [pool-281-thread-1] INFO  server.RaftServerConfigKeys (ConfUtils.java:logGet(43)) - raft.server.log.segment.size.max = 1048576 (custom)
2019-09-26 19:35:58,557 [pool-281-thread-1] INFO  server.RaftServerConfigKeys (ConfUtils.java:logGet(43)) - raft.server.log.segment.cache.num.max = 2 (custom)
2019-09-26 19:35:58,557 [pool-281-thread-1] INFO  segmented.SegmentedRaftLogWorker (SegmentedRaftLogWorker.java:<init>(172)) - new 99aa1396-69c4-4985-9b2a-20430cc4a0a7@group-55CDCD0E7166-SegmentedRaftLogWorker for RaftStorage:Storage Directory /workdir/hadoop-ozone/integration-test/target/test-dir/MiniOzoneClusterImpl-2f79a7d3-d7ae-4963-8370-12bb1e2132d7/datanode-2/data/ratis/2c2c8c3b-f59a-4f57-8c8f-55cdcd0e7166
2019-09-26 19:35:58,557 [pool-281-thread-1] INFO  server.RaftServerConfigKeys (ConfUtils.java:logGet(43)) - raft.server.log.queue.byte-limit = 2147483647 (custom)
2019-09-26 19:35:58,557 [pool-281-thread-1] INFO  server.RaftServerConfigKeys (ConfUtils.java:logGet(43)) - raft.server.log.queue.element-limit = 1024 (custom)
2019-09-26 19:35:58,557 [pool-281-thread-1] INFO  server.RaftServerConfigKeys (ConfUtils.java:logGet(43)) - raft.server.log.segment.size.max = 1048576 (custom)
2019-09-26 19:35:58,557 [27cb48db-4b88-4c0c-b213-19f9b2fffaff@group-3EC97AFE12DC-SegmentedRaftLogWorker] INFO  segmented.SegmentedRaftLogWorker (SegmentedRaftLogWorker.java:execute(569)) - 27cb48db-4b88-4c0c-b213-19f9b2fffaff@group-3EC97AFE12DC-SegmentedRaftLogWorker: created new log segment /workdir/hadoop-ozone/integration-test/target/test-dir/MiniOzoneClusterImpl-2f79a7d3-d7ae-4963-8370-12bb1e2132d7/datanode-0/data/ratis/c812c2fd-ce78-4ff4-a82e-3ec97afe12dc/current/log_inprogress_0
2019-09-26 19:35:58,557 [pool-281-thread-1] INFO  server.RaftServerConfigKeys (ConfUtils.java:logGet(43)) - raft.server.log.preallocated.size = 16384 (custom)
2019-09-26 19:35:58,558 [pool-281-thread-1] INFO  server.RaftServerConfigKeys (ConfUtils.java:logGet(43)) - raft.server.log.write.buffer.size = 33554432 (custom)
2019-09-26 19:35:58,558 [pool-281-thread-1] INFO  server.RaftServerConfigKeys (ConfUtils.java:logGet(43)) - raft.server.log.force.sync.num = 128 (default)
2019-09-26 19:35:58,558 [pool-281-thread-1] INFO  server.RaftServerConfigKeys (ConfUtils.java:logGet(43)) - raft.server.log.statemachine.data.sync = true (default)
2019-09-26 19:35:58,558 [pool-281-thread-1] INFO  server.RaftServerConfigKeys (ConfUtils.java:logGet(43)) - raft.server.log.statemachine.data.sync.timeout = 10s (default)
2019-09-26 19:35:58,558 [pool-281-thread-1] INFO  server.RaftServerConfigKeys (ConfUtils.java:logGet(43)) - raft.server.log.statemachine.data.sync.timeout.retry = -1 (default)
2019-09-26 19:35:58,558 [pool-281-thread-1] INFO  server.RaftServerConfigKeys (ConfUtils.java:logGet(43)) - raft.server.log.statemachine.data.caching.enabled = true (custom)
2019-09-26 19:35:58,558 [pool-281-thread-1] INFO  segmented.SegmentedRaftLogWorker (SegmentedRaftLogWorker.java:lambda$new$0(132)) - 99aa1396-69c4-4985-9b2a-20430cc4a0a7@group-55CDCD0E7166-SegmentedRaftLogWorker: flushIndex: setUnconditionally 0 -> -1
2019-09-26 19:35:58,559 [pool-281-thread-1] INFO  server.RaftServerConfigKeys (ConfUtils.java:logGet(43)) - raft.server.snapshot.auto.trigger.enabled = true (custom)
2019-09-26 19:35:58,559 [pool-281-thread-1] INFO  server.RaftServerConfigKeys (ConfUtils.java:logGet(43)) - raft.server.snapshot.auto.trigger.threshold = 10000 (custom)
2019-09-26 19:35:58,559 [pool-281-thread-1] INFO  server.RaftServerConfigKeys (ConfUtils.java:logGet(43)) - raft.server.snapshot.retention.num.files = 5 (custom)
2019-09-26 19:35:58,559 [pool-281-thread-1] INFO  server.RaftServerConfigKeys (ConfUtils.java:logGet(43)) - raft.server.retrycache.expirytime = 600000ms (custom)
2019-09-26 19:35:58,561 [pool-281-thread-1] INFO  impl.RaftServerImpl (RaftServerImpl.java:start(185)) - 99aa1396-69c4-4985-9b2a-20430cc4a0a7@group-55CDCD0E7166: start as a follower, conf=-1: [99aa1396-69c4-4985-9b2a-20430cc4a0a7:192.168.151.99:40213], old=null
2019-09-26 19:35:58,561 [pool-281-thread-1] INFO  impl.RaftServerImpl (RaftServerImpl.java:setRole(174)) - 99aa1396-69c4-4985-9b2a-20430cc4a0a7@group-55CDCD0E7166: changes role from      null to FOLLOWER at term 0 for startAsFollower
2019-09-26 19:35:58,561 [pool-281-thread-1] INFO  impl.RoleInfo (RoleInfo.java:updateAndGet(143)) - 99aa1396-69c4-4985-9b2a-20430cc4a0a7: start FollowerState
2019-09-26 19:35:58,561 [pool-281-thread-1] INFO  util.JmxRegister (JmxRegister.java:tryRegister(44)) - Successfully registered JMX Bean with object name Ratis:service=RaftServer,group=group-55CDCD0E7166,id=99aa1396-69c4-4985-9b2a-20430cc4a0a7
2019-09-26 19:35:58,562 [RatisPipelineUtilsThread] INFO  pipeline.PipelineStateManager (PipelineStateManager.java:addPipeline(56)) - Created pipeline Pipeline[ Id: 2c2c8c3b-f59a-4f57-8c8f-55cdcd0e7166, Nodes: 99aa1396-69c4-4985-9b2a-20430cc4a0a7{ip: 192.168.151.99, host: pr-hdds-1569-g6sp5-2013761785, networkLocation: /rack1, certSerialId: null}, Type:RATIS, Factor:ONE, State:OPEN]
2019-09-26 19:35:58,564 [grpc-default-executor-2] INFO  impl.RaftServerProxy (RaftServerProxy.java:addNew(89)) - 99aa1396-69c4-4985-9b2a-20430cc4a0a7: addNew group-FEEB0BA2637C:[99aa1396-69c4-4985-9b2a-20430cc4a0a7:192.168.151.99:40213] returns group-FEEB0BA2637C:java.util.concurrent.CompletableFuture@268a7852[Not completed]
2019-09-26 19:35:58,565 [pool-281-thread-1] INFO  impl.RaftServerImpl (RaftServerImpl.java:<init>(95)) - 99aa1396-69c4-4985-9b2a-20430cc4a0a7: new RaftServerImpl for group-FEEB0BA2637C:[99aa1396-69c4-4985-9b2a-20430cc4a0a7:192.168.151.99:40213] with ContainerStateMachine:uninitialized
2019-09-26 19:35:58,565 [pool-281-thread-1] INFO  server.RaftServerConfigKeys (ConfUtils.java:logGet(43)) - raft.server.rpc.timeout.min = 5s (custom)
2019-09-26 19:35:58,565 [pool-281-thread-1] INFO  server.RaftServerConfigKeys (ConfUtils.java:logGet(43)) - raft.server.rpc.timeout.max = 5200ms (custom)
2019-09-26 19:35:58,565 [pool-281-thread-1] INFO  server.RaftServerConfigKeys (ConfUtils.java:logGet(43)) - raft.server.rpcslowness.timeout = 120s (custom)
2019-09-26 19:35:58,565 [pool-281-thread-1] INFO  server.RaftServerConfigKeys (ConfUtils.java:logGet(43)) - raft.server.sleep.deviation.threshold = 300 (default)
2019-09-26 19:35:58,565 [pool-281-thread-1] INFO  server.RaftServerConfigKeys (ConfUtils.java:logGet(43)) - raft.server.log.appender.install.snapshot.enabled = false (custom)
2019-09-26 19:35:58,565 [pool-281-thread-1] INFO  impl.RaftServerImpl (ServerState.java:<init>(103)) - 99aa1396-69c4-4985-9b2a-20430cc4a0a7@group-FEEB0BA2637C: ConfigurationManager, init=-1: [99aa1396-69c4-4985-9b2a-20430cc4a0a7:192.168.151.99:40213], old=null, confs=<EMPTY_MAP>
2019-09-26 19:35:58,565 [pool-281-thread-1] INFO  server.RaftServerConfigKeys (ConfUtils.java:logGet(43)) - raft.server.storage.dir = [/workdir/hadoop-ozone/integration-test/target/test-dir/MiniOzoneClusterImpl-2f79a7d3-d7ae-4963-8370-12bb1e2132d7/datanode-2/data/ratis] (custom)
2019-09-26 19:35:58,566 [pool-281-thread-1] INFO  storage.RaftStorageDirectory (RaftStorageDirectory.java:analyzeStorage(246)) - The storage directory /workdir/hadoop-ozone/integration-test/target/test-dir/MiniOzoneClusterImpl-2f79a7d3-d7ae-4963-8370-12bb1e2132d7/datanode-2/data/ratis/0e0fbc37-6c93-485b-a5fe-feeb0ba2637c does not exist. Creating ...
2019-09-26 19:35:58,574 [Thread-6549] INFO  impl.FollowerState (FollowerState.java:run(106)) - 728ea44c-f097-440a-a87e-c27a68d48f14:group-E9D965E06BB9 changes to CANDIDATE, lastRpcTime:5135, electionTimeout:5135ms
2019-09-26 19:35:58,574 [Thread-6549] INFO  impl.RoleInfo (RoleInfo.java:shutdownFollowerState(121)) - 728ea44c-f097-440a-a87e-c27a68d48f14: shutdown FollowerState
2019-09-26 19:35:58,574 [Thread-6549] INFO  impl.RaftServerImpl (RaftServerImpl.java:setRole(174)) - 728ea44c-f097-440a-a87e-c27a68d48f14@group-E9D965E06BB9: changes role from  FOLLOWER to CANDIDATE at term 0 for changeToCandidate
2019-09-26 19:35:58,574 [Thread-6549] INFO  impl.RoleInfo (RoleInfo.java:updateAndGet(143)) - 728ea44c-f097-440a-a87e-c27a68d48f14: start LeaderElection
2019-09-26 19:35:58,589 [Thread-6558] INFO  impl.FollowerState (FollowerState.java:run(106)) - 27cb48db-4b88-4c0c-b213-19f9b2fffaff:group-972F72A7E5D8 changes to CANDIDATE, lastRpcTime:5036, electionTimeout:5036ms
2019-09-26 19:35:58,590 [Thread-6558] INFO  impl.RoleInfo (RoleInfo.java:shutdownFollowerState(121)) - 27cb48db-4b88-4c0c-b213-19f9b2fffaff: shutdown FollowerState
2019-09-26 19:35:58,590 [Thread-6558] INFO  impl.RaftServerImpl (RaftServerImpl.java:setRole(174)) - 27cb48db-4b88-4c0c-b213-19f9b2fffaff@group-972F72A7E5D8: changes role from  FOLLOWER to CANDIDATE at term 0 for changeToCandidate
2019-09-26 19:35:58,590 [Thread-6558] INFO  impl.RoleInfo (RoleInfo.java:updateAndGet(143)) - 27cb48db-4b88-4c0c-b213-19f9b2fffaff: start LeaderElection
2019-09-26 19:35:58,590 [pool-281-thread-1] INFO  storage.RaftStorageDirectory (RaftStorageDirectory.java:tryLock(328)) - Lock on /workdir/hadoop-ozone/integration-test/target/test-dir/MiniOzoneClusterImpl-2f79a7d3-d7ae-4963-8370-12bb1e2132d7/datanode-2/data/ratis/0e0fbc37-6c93-485b-a5fe-feeb0ba2637c/in_use.lock acquired by nodename 17888@pr-hdds-1569-g6sp5-2013761785
2019-09-26 19:35:58,590 [728ea44c-f097-440a-a87e-c27a68d48f14@group-E9D965E06BB9:LeaderElection932] INFO  impl.LeaderElection (LeaderElection.java:askForVotes(182)) - 728ea44c-f097-440a-a87e-c27a68d48f14@group-E9D965E06BB9:LeaderElection932: begin an election at term 1 for -1: [728ea44c-f097-440a-a87e-c27a68d48f14:192.168.151.99:38783], old=null
2019-09-26 19:35:58,590 [728ea44c-f097-440a-a87e-c27a68d48f14@group-E9D965E06BB9:LeaderElection932] INFO  impl.RoleInfo (RoleInfo.java:shutdownLeaderElection(134)) - 728ea44c-f097-440a-a87e-c27a68d48f14: shutdown LeaderElection
2019-09-26 19:35:58,590 [728ea44c-f097-440a-a87e-c27a68d48f14@group-E9D965E06BB9:LeaderElection932] INFO  impl.RaftServerImpl (RaftServerImpl.java:setRole(174)) - 728ea44c-f097-440a-a87e-c27a68d48f14@group-E9D965E06BB9: changes role from CANDIDATE to LEADER at term 1 for changeToLeader
2019-09-26 19:35:58,591 [728ea44c-f097-440a-a87e-c27a68d48f14@group-E9D965E06BB9:LeaderElection932] INFO  impl.RaftServerImpl (ServerState.java:setLeader(253)) - 728ea44c-f097-440a-a87e-c27a68d48f14@group-E9D965E06BB9: change Leader from null to 728ea44c-f097-440a-a87e-c27a68d48f14 at term 1 for becomeLeader, leader elected after 5156ms
2019-09-26 19:35:58,591 [728ea44c-f097-440a-a87e-c27a68d48f14@group-E9D965E06BB9:LeaderElection932] INFO  server.RaftServerConfigKeys (ConfUtils.java:logGet(43)) - raft.server.staging.catchup.gap = 1000 (default)
2019-09-26 19:35:58,591 [728ea44c-f097-440a-a87e-c27a68d48f14@group-E9D965E06BB9:LeaderElection932] INFO  server.RaftServerConfigKeys (ConfUtils.java:logGet(43)) - raft.server.rpc.sleep.time = 25ms (default)
2019-09-26 19:35:58,591 [728ea44c-f097-440a-a87e-c27a68d48f14@group-E9D965E06BB9:LeaderElection932] INFO  server.RaftServerConfigKeys (ConfUtils.java:logGet(43)) - raft.server.write.element-limit = 4096 (default)
2019-09-26 19:35:58,591 [728ea44c-f097-440a-a87e-c27a68d48f14@group-E9D965E06BB9:LeaderElection932] INFO  server.RaftServerConfigKeys (ConfUtils.java:logGet(43)) - raft.server.watch.timeout = 10s (default)
2019-09-26 19:35:58,591 [728ea44c-f097-440a-a87e-c27a68d48f14@group-E9D965E06BB9:LeaderElection932] INFO  server.RaftServerConfigKeys (ConfUtils.java:logGet(43)) - raft.server.watch.timeout.denomination = 1s (default)
2019-09-26 19:35:58,591 [728ea44c-f097-440a-a87e-c27a68d48f14@group-E9D965E06BB9:LeaderElection932] INFO  server.RaftServerConfigKeys (ConfUtils.java:logGet(43)) - raft.server.watch.element-limit = 65536 (default)
2019-09-26 19:35:58,592 [728ea44c-f097-440a-a87e-c27a68d48f14@group-E9D965E06BB9:LeaderElection932] INFO  impl.RoleInfo (RoleInfo.java:updateAndGet(143)) - 728ea44c-f097-440a-a87e-c27a68d48f14: start LeaderState
2019-09-26 19:35:58,593 [728ea44c-f097-440a-a87e-c27a68d48f14@group-E9D965E06BB9:LeaderElection932] INFO  segmented.SegmentedRaftLogWorker (SegmentedRaftLogWorker.java:startLogSegment(380)) - 728ea44c-f097-440a-a87e-c27a68d48f14@group-E9D965E06BB9-SegmentedRaftLogWorker: Starting segment from index:0
2019-09-26 19:35:58,593 [728ea44c-f097-440a-a87e-c27a68d48f14@group-E9D965E06BB9:LeaderElection932] INFO  impl.RaftServerImpl (ServerState.java:setRaftConf(354)) - 728ea44c-f097-440a-a87e-c27a68d48f14@group-E9D965E06BB9: set configuration 0: [728ea44c-f097-440a-a87e-c27a68d48f14:192.168.151.99:38783], old=null at 0
2019-09-26 19:35:58,604 [pool-281-thread-1] INFO  storage.RaftStorage (RaftStorage.java:format(72)) - Storage directory /workdir/hadoop-ozone/integration-test/target/test-dir/MiniOzoneClusterImpl-2f79a7d3-d7ae-4963-8370-12bb1e2132d7/datanode-2/data/ratis/0e0fbc37-6c93-485b-a5fe-feeb0ba2637c has been successfully formatted.
2019-09-26 19:35:58,604 [27cb48db-4b88-4c0c-b213-19f9b2fffaff@group-972F72A7E5D8:LeaderElection933] INFO  impl.LeaderElection (LeaderElection.java:askForVotes(182)) - 27cb48db-4b88-4c0c-b213-19f9b2fffaff@group-972F72A7E5D8:LeaderElection933: begin an election at term 1 for -1: [27cb48db-4b88-4c0c-b213-19f9b2fffaff:192.168.151.99:37457], old=null
2019-09-26 19:35:58,604 [pool-281-thread-1] INFO  ratis.ContainerStateMachine (ContainerStateMachine.java:loadSnapshot(230)) - group-FEEB0BA2637C: The snapshot info is null. Setting the last applied indexto:(t:0, i:~)
2019-09-26 19:35:58,604 [27cb48db-4b88-4c0c-b213-19f9b2fffaff@group-972F72A7E5D8:LeaderElection933] INFO  impl.RoleInfo (RoleInfo.java:shutdownLeaderElection(134)) - 27cb48db-4b88-4c0c-b213-19f9b2fffaff: shutdown LeaderElection
2019-09-26 19:35:58,604 [pool-281-thread-1] INFO  server.RaftServerConfigKeys (ConfUtils.java:logGet(43)) - raft.server.notification.no-leader.timeout = 120s (custom)
2019-09-26 19:35:58,604 [27cb48db-4b88-4c0c-b213-19f9b2fffaff@group-972F72A7E5D8:LeaderElection933] INFO  impl.RaftServerImpl (RaftServerImpl.java:setRole(174)) - 27cb48db-4b88-4c0c-b213-19f9b2fffaff@group-972F72A7E5D8: changes role from CANDIDATE to LEADER at term 1 for changeToLeader
2019-09-26 19:35:58,604 [27cb48db-4b88-4c0c-b213-19f9b2fffaff@group-972F72A7E5D8:LeaderElection933] INFO  impl.RaftServerImpl (ServerState.java:setLeader(253)) - 27cb48db-4b88-4c0c-b213-19f9b2fffaff@group-972F72A7E5D8: change Leader from null to 27cb48db-4b88-4c0c-b213-19f9b2fffaff at term 1 for becomeLeader, leader elected after 5056ms
2019-09-26 19:35:58,604 [pool-281-thread-1] INFO  server.RaftServerConfigKeys (ConfUtils.java:logGet(43)) - raft.server.log.use.memory = false (default)
2019-09-26 19:35:58,605 [27cb48db-4b88-4c0c-b213-19f9b2fffaff@group-972F72A7E5D8:LeaderElection933] INFO  server.RaftServerConfigKeys (ConfUtils.java:logGet(43)) - raft.server.staging.catchup.gap = 1000 (default)
2019-09-26 19:35:58,605 [pool-281-thread-1] INFO  server.RaftServerConfigKeys (ConfUtils.java:logGet(43)) - raft.server.log.purge.gap = 1000000 (custom)
2019-09-26 19:35:58,605 [27cb48db-4b88-4c0c-b213-19f9b2fffaff@group-972F72A7E5D8:LeaderElection933] INFO  server.RaftServerConfigKeys (ConfUtils.java:logGet(43)) - raft.server.rpc.sleep.time = 25ms (default)
2019-09-26 19:35:58,605 [pool-281-thread-1] INFO  server.RaftServerConfigKeys (ConfUtils.java:logGet(43)) - raft.server.log.appender.buffer.byte-limit = 33554432 (custom)
2019-09-26 19:35:58,605 [27cb48db-4b88-4c0c-b213-19f9b2fffaff@group-972F72A7E5D8:LeaderElection933] INFO  server.RaftServerConfigKeys (ConfUtils.java:logGet(43)) - raft.server.write.element-limit = 4096 (default)
2019-09-26 19:35:58,605 [pool-281-thread-1] INFO  server.RaftServerConfigKeys (ConfUtils.java:logGet(43)) - raft.server.log.segment.size.max = 1048576 (custom)
2019-09-26 19:35:58,605 [27cb48db-4b88-4c0c-b213-19f9b2fffaff@group-972F72A7E5D8:LeaderElection933] INFO  server.RaftServerConfigKeys (ConfUtils.java:logGet(43)) - raft.server.watch.timeout = 10s (default)
2019-09-26 19:35:58,605 [pool-281-thread-1] INFO  server.RaftServerConfigKeys (ConfUtils.java:logGet(43)) - raft.server.log.segment.cache.num.max = 2 (custom)
2019-09-26 19:35:58,606 [27cb48db-4b88-4c0c-b213-19f9b2fffaff@group-972F72A7E5D8:LeaderElection933] INFO  server.RaftServerConfigKeys (ConfUtils.java:logGet(43)) - raft.server.watch.timeout.denomination = 1s (default)
2019-09-26 19:35:58,606 [pool-281-thread-1] INFO  segmented.SegmentedRaftLogWorker (SegmentedRaftLogWorker.java:<init>(172)) - new 99aa1396-69c4-4985-9b2a-20430cc4a0a7@group-FEEB0BA2637C-SegmentedRaftLogWorker for RaftStorage:Storage Directory /workdir/hadoop-ozone/integration-test/target/test-dir/MiniOzoneClusterImpl-2f79a7d3-d7ae-4963-8370-12bb1e2132d7/datanode-2/data/ratis/0e0fbc37-6c93-485b-a5fe-feeb0ba2637c
2019-09-26 19:35:58,606 [27cb48db-4b88-4c0c-b213-19f9b2fffaff@group-972F72A7E5D8:LeaderElection933] INFO  server.RaftServerConfigKeys (ConfUtils.java:logGet(43)) - raft.server.watch.element-limit = 65536 (default)
2019-09-26 19:35:58,606 [pool-281-thread-1] INFO  server.RaftServerConfigKeys (ConfUtils.java:logGet(43)) - raft.server.log.queue.byte-limit = 2147483647 (custom)
2019-09-26 19:35:58,606 [pool-281-thread-1] INFO  server.RaftServerConfigKeys (ConfUtils.java:logGet(43)) - raft.server.log.queue.element-limit = 1024 (custom)
2019-09-26 19:35:58,606 [pool-281-thread-1] INFO  server.RaftServerConfigKeys (ConfUtils.java:logGet(43)) - raft.server.log.segment.size.max = 1048576 (custom)
2019-09-26 19:35:58,606 [pool-281-thread-1] INFO  server.RaftServerConfigKeys (ConfUtils.java:logGet(43)) - raft.server.log.preallocated.size = 16384 (custom)
2019-09-26 19:35:58,606 [pool-281-thread-1] INFO  server.RaftServerConfigKeys (ConfUtils.java:logGet(43)) - raft.server.log.write.buffer.size = 33554432 (custom)
2019-09-26 19:35:58,607 [pool-281-thread-1] INFO  server.RaftServerConfigKeys (ConfUtils.java:logGet(43)) - raft.server.log.force.sync.num = 128 (default)
2019-09-26 19:35:58,607 [pool-281-thread-1] INFO  server.RaftServerConfigKeys (ConfUtils.java:logGet(43)) - raft.server.log.statemachine.data.sync = true (default)
2019-09-26 19:35:58,607 [pool-281-thread-1] INFO  server.RaftServerConfigKeys (ConfUtils.java:logGet(43)) - raft.server.log.statemachine.data.sync.timeout = 10s (default)
2019-09-26 19:35:58,607 [pool-281-thread-1] INFO  server.RaftServerConfigKeys (ConfUtils.java:logGet(43)) - raft.server.log.statemachine.data.sync.timeout.retry = -1 (default)
2019-09-26 19:35:58,607 [27cb48db-4b88-4c0c-b213-19f9b2fffaff@group-972F72A7E5D8:LeaderElection933] INFO  impl.RoleInfo (RoleInfo.java:updateAndGet(143)) - 27cb48db-4b88-4c0c-b213-19f9b2fffaff: start LeaderState
2019-09-26 19:35:58,607 [pool-281-thread-1] INFO  server.RaftServerConfigKeys (ConfUtils.java:logGet(43)) - raft.server.log.statemachine.data.caching.enabled = true (custom)
2019-09-26 19:35:58,607 [27cb48db-4b88-4c0c-b213-19f9b2fffaff@group-972F72A7E5D8:LeaderElection933] INFO  segmented.SegmentedRaftLogWorker (SegmentedRaftLogWorker.java:startLogSegment(380)) - 27cb48db-4b88-4c0c-b213-19f9b2fffaff@group-972F72A7E5D8-SegmentedRaftLogWorker: Starting segment from index:0
2019-09-26 19:35:58,607 [pool-281-thread-1] INFO  segmented.SegmentedRaftLogWorker (SegmentedRaftLogWorker.java:lambda$new$0(132)) - 99aa1396-69c4-4985-9b2a-20430cc4a0a7@group-FEEB0BA2637C-SegmentedRaftLogWorker: flushIndex: setUnconditionally 0 -> -1
2019-09-26 19:35:58,608 [27cb48db-4b88-4c0c-b213-19f9b2fffaff@group-972F72A7E5D8:LeaderElection933] INFO  impl.RaftServerImpl (ServerState.java:setRaftConf(354)) - 27cb48db-4b88-4c0c-b213-19f9b2fffaff@group-972F72A7E5D8: set configuration 0: [27cb48db-4b88-4c0c-b213-19f9b2fffaff:192.168.151.99:37457], old=null at 0
2019-09-26 19:35:58,608 [pool-281-thread-1] INFO  server.RaftServerConfigKeys (ConfUtils.java:logGet(43)) - raft.server.snapshot.auto.trigger.enabled = true (custom)
2019-09-26 19:35:58,608 [pool-281-thread-1] INFO  server.RaftServerConfigKeys (ConfUtils.java:logGet(43)) - raft.server.snapshot.auto.trigger.threshold = 10000 (custom)
2019-09-26 19:35:58,608 [pool-281-thread-1] INFO  server.RaftServerConfigKeys (ConfUtils.java:logGet(43)) - raft.server.snapshot.retention.num.files = 5 (custom)
2019-09-26 19:35:58,608 [pool-281-thread-1] INFO  server.RaftServerConfigKeys (ConfUtils.java:logGet(43)) - raft.server.retrycache.expirytime = 600000ms (custom)
2019-09-26 19:35:58,610 [pool-281-thread-1] INFO  impl.RaftServerImpl (RaftServerImpl.java:start(185)) - 99aa1396-69c4-4985-9b2a-20430cc4a0a7@group-FEEB0BA2637C: start as a follower, conf=-1: [99aa1396-69c4-4985-9b2a-20430cc4a0a7:192.168.151.99:40213], old=null
2019-09-26 19:35:58,610 [pool-281-thread-1] INFO  impl.RaftServerImpl (RaftServerImpl.java:setRole(174)) - 99aa1396-69c4-4985-9b2a-20430cc4a0a7@group-FEEB0BA2637C: changes role from      null to FOLLOWER at term 0 for startAsFollower
2019-09-26 19:35:58,610 [pool-281-thread-1] INFO  impl.RoleInfo (RoleInfo.java:updateAndGet(143)) - 99aa1396-69c4-4985-9b2a-20430cc4a0a7: start FollowerState
2019-09-26 19:35:58,610 [pool-281-thread-1] INFO  util.JmxRegister (JmxRegister.java:tryRegister(44)) - Successfully registered JMX Bean with object name Ratis:service=RaftServer,group=group-FEEB0BA2637C,id=99aa1396-69c4-4985-9b2a-20430cc4a0a7
2019-09-26 19:35:58,612 [RatisPipelineUtilsThread] INFO  pipeline.PipelineStateManager (PipelineStateManager.java:addPipeline(56)) - Created pipeline Pipeline[ Id: 0e0fbc37-6c93-485b-a5fe-feeb0ba2637c, Nodes: 99aa1396-69c4-4985-9b2a-20430cc4a0a7{ip: 192.168.151.99, host: pr-hdds-1569-g6sp5-2013761785, networkLocation: /rack1, certSerialId: null}, Type:RATIS, Factor:ONE, State:OPEN]
2019-09-26 19:35:58,613 [Thread-6555] INFO  impl.FollowerState (FollowerState.java:run(106)) - 27cb48db-4b88-4c0c-b213-19f9b2fffaff:group-808F1472CAB5 changes to CANDIDATE, lastRpcTime:5098, electionTimeout:5098ms
2019-09-26 19:35:58,614 [grpc-default-executor-2] INFO  impl.RaftServerProxy (RaftServerProxy.java:addNew(89)) - 27cb48db-4b88-4c0c-b213-19f9b2fffaff: addNew group-269437B58436:[27cb48db-4b88-4c0c-b213-19f9b2fffaff:192.168.151.99:37457] returns group-269437B58436:java.util.concurrent.CompletableFuture@6400cb54[Not completed]
2019-09-26 19:35:58,614 [Thread-6555] INFO  impl.RoleInfo (RoleInfo.java:shutdownFollowerState(121)) - 27cb48db-4b88-4c0c-b213-19f9b2fffaff: shutdown FollowerState
2019-09-26 19:35:58,614 [Thread-6555] INFO  impl.RaftServerImpl (RaftServerImpl.java:setRole(174)) - 27cb48db-4b88-4c0c-b213-19f9b2fffaff@group-808F1472CAB5: changes role from  FOLLOWER to CANDIDATE at term 0 for changeToCandidate
2019-09-26 19:35:58,614 [Thread-6555] INFO  impl.RoleInfo (RoleInfo.java:updateAndGet(143)) - 27cb48db-4b88-4c0c-b213-19f9b2fffaff: start LeaderElection
2019-09-26 19:35:58,614 [pool-261-thread-1] INFO  impl.RaftServerImpl (RaftServerImpl.java:<init>(95)) - 27cb48db-4b88-4c0c-b213-19f9b2fffaff: new RaftServerImpl for group-269437B58436:[27cb48db-4b88-4c0c-b213-19f9b2fffaff:192.168.151.99:37457] with ContainerStateMachine:uninitialized
2019-09-26 19:35:58,614 [pool-261-thread-1] INFO  server.RaftServerConfigKeys (ConfUtils.java:logGet(43)) - raft.server.rpc.timeout.min = 5s (custom)
2019-09-26 19:35:58,614 [pool-261-thread-1] INFO  server.RaftServerConfigKeys (ConfUtils.java:logGet(43)) - raft.server.rpc.timeout.max = 5200ms (custom)
2019-09-26 19:35:58,614 [pool-261-thread-1] INFO  server.RaftServerConfigKeys (ConfUtils.java:logGet(43)) - raft.server.rpcslowness.timeout = 120s (custom)
2019-09-26 19:35:58,614 [pool-261-thread-1] INFO  server.RaftServerConfigKeys (ConfUtils.java:logGet(43)) - raft.server.sleep.deviation.threshold = 300 (default)
2019-09-26 19:35:58,615 [pool-261-thread-1] INFO  server.RaftServerConfigKeys (ConfUtils.java:logGet(43)) - raft.server.log.appender.install.snapshot.enabled = false (custom)
2019-09-26 19:35:58,615 [pool-261-thread-1] INFO  impl.RaftServerImpl (ServerState.java:<init>(103)) - 27cb48db-4b88-4c0c-b213-19f9b2fffaff@group-269437B58436: ConfigurationManager, init=-1: [27cb48db-4b88-4c0c-b213-19f9b2fffaff:192.168.151.99:37457], old=null, confs=<EMPTY_MAP>
2019-09-26 19:35:58,615 [pool-261-thread-1] INFO  server.RaftServerConfigKeys (ConfUtils.java:logGet(43)) - raft.server.storage.dir = [/workdir/hadoop-ozone/integration-test/target/test-dir/MiniOzoneClusterImpl-2f79a7d3-d7ae-4963-8370-12bb1e2132d7/datanode-0/data/ratis] (custom)
2019-09-26 19:35:58,615 [pool-261-thread-1] INFO  storage.RaftStorageDirectory (RaftStorageDirectory.java:analyzeStorage(246)) - The storage directory /workdir/hadoop-ozone/integration-test/target/test-dir/MiniOzoneClusterImpl-2f79a7d3-d7ae-4963-8370-12bb1e2132d7/datanode-0/data/ratis/5bb189a3-7c43-412f-b99f-269437b58436 does not exist. Creating ...
2019-09-26 19:35:58,628 [pool-261-thread-1] INFO  storage.RaftStorageDirectory (RaftStorageDirectory.java:tryLock(328)) - Lock on /workdir/hadoop-ozone/integration-test/target/test-dir/MiniOzoneClusterImpl-2f79a7d3-d7ae-4963-8370-12bb1e2132d7/datanode-0/data/ratis/5bb189a3-7c43-412f-b99f-269437b58436/in_use.lock acquired by nodename 17888@pr-hdds-1569-g6sp5-2013761785
2019-09-26 19:35:58,628 [27cb48db-4b88-4c0c-b213-19f9b2fffaff@group-808F1472CAB5:LeaderElection934] INFO  impl.LeaderElection (LeaderElection.java:askForVotes(182)) - 27cb48db-4b88-4c0c-b213-19f9b2fffaff@group-808F1472CAB5:LeaderElection934: begin an election at term 1 for -1: [27cb48db-4b88-4c0c-b213-19f9b2fffaff:192.168.151.99:37457], old=null
2019-09-26 19:35:58,628 [728ea44c-f097-440a-a87e-c27a68d48f14@group-E9D965E06BB9-SegmentedRaftLogWorker] INFO  segmented.SegmentedRaftLogWorker (SegmentedRaftLogWorker.java:execute(569)) - 728ea44c-f097-440a-a87e-c27a68d48f14@group-E9D965E06BB9-SegmentedRaftLogWorker: created new log segment /workdir/hadoop-ozone/integration-test/target/test-dir/MiniOzoneClusterImpl-2f79a7d3-d7ae-4963-8370-12bb1e2132d7/datanode-1/data/ratis/a7694877-922b-40e7-bd4e-e9d965e06bb9/current/log_inprogress_0
2019-09-26 19:35:58,628 [27cb48db-4b88-4c0c-b213-19f9b2fffaff@group-808F1472CAB5:LeaderElection934] INFO  impl.RoleInfo (RoleInfo.java:shutdownLeaderElection(134)) - 27cb48db-4b88-4c0c-b213-19f9b2fffaff: shutdown LeaderElection
2019-09-26 19:35:58,628 [27cb48db-4b88-4c0c-b213-19f9b2fffaff@group-808F1472CAB5:LeaderElection934] INFO  impl.RaftServerImpl (RaftServerImpl.java:setRole(174)) - 27cb48db-4b88-4c0c-b213-19f9b2fffaff@group-808F1472CAB5: changes role from CANDIDATE to LEADER at term 1 for changeToLeader
2019-09-26 19:35:58,628 [27cb48db-4b88-4c0c-b213-19f9b2fffaff@group-808F1472CAB5:LeaderElection934] INFO  impl.RaftServerImpl (ServerState.java:setLeader(253)) - 27cb48db-4b88-4c0c-b213-19f9b2fffaff@group-808F1472CAB5: change Leader from null to 27cb48db-4b88-4c0c-b213-19f9b2fffaff at term 1 for becomeLeader, leader elected after 5117ms
2019-09-26 19:35:58,628 [27cb48db-4b88-4c0c-b213-19f9b2fffaff@group-808F1472CAB5:LeaderElection934] INFO  server.RaftServerConfigKeys (ConfUtils.java:logGet(43)) - raft.server.staging.catchup.gap = 1000 (default)
2019-09-26 19:35:58,628 [27cb48db-4b88-4c0c-b213-19f9b2fffaff@group-808F1472CAB5:LeaderElection934] INFO  server.RaftServerConfigKeys (ConfUtils.java:logGet(43)) - raft.server.rpc.sleep.time = 25ms (default)
2019-09-26 19:35:58,628 [27cb48db-4b88-4c0c-b213-19f9b2fffaff@group-808F1472CAB5:LeaderElection934] INFO  server.RaftServerConfigKeys (ConfUtils.java:logGet(43)) - raft.server.write.element-limit = 4096 (default)
2019-09-26 19:35:58,629 [27cb48db-4b88-4c0c-b213-19f9b2fffaff@group-808F1472CAB5:LeaderElection934] INFO  server.RaftServerConfigKeys (ConfUtils.java:logGet(43)) - raft.server.watch.timeout = 10s (default)
2019-09-26 19:35:58,629 [27cb48db-4b88-4c0c-b213-19f9b2fffaff@group-808F1472CAB5:LeaderElection934] INFO  server.RaftServerConfigKeys (ConfUtils.java:logGet(43)) - raft.server.watch.timeout.denomination = 1s (default)
2019-09-26 19:35:58,629 [27cb48db-4b88-4c0c-b213-19f9b2fffaff@group-808F1472CAB5:LeaderElection934] INFO  server.RaftServerConfigKeys (ConfUtils.java:logGet(43)) - raft.server.watch.element-limit = 65536 (default)
2019-09-26 19:35:58,630 [27cb48db-4b88-4c0c-b213-19f9b2fffaff@group-808F1472CAB5:LeaderElection934] INFO  impl.RoleInfo (RoleInfo.java:updateAndGet(143)) - 27cb48db-4b88-4c0c-b213-19f9b2fffaff: start LeaderState
2019-09-26 19:35:58,630 [27cb48db-4b88-4c0c-b213-19f9b2fffaff@group-808F1472CAB5:LeaderElection934] INFO  segmented.SegmentedRaftLogWorker (SegmentedRaftLogWorker.java:startLogSegment(380)) - 27cb48db-4b88-4c0c-b213-19f9b2fffaff@group-808F1472CAB5-SegmentedRaftLogWorker: Starting segment from index:0
2019-09-26 19:35:58,630 [27cb48db-4b88-4c0c-b213-19f9b2fffaff@group-808F1472CAB5:LeaderElection934] INFO  impl.RaftServerImpl (ServerState.java:setRaftConf(354)) - 27cb48db-4b88-4c0c-b213-19f9b2fffaff@group-808F1472CAB5: set configuration 0: [27cb48db-4b88-4c0c-b213-19f9b2fffaff:192.168.151.99:37457], old=null at 0
2019-09-26 19:35:58,641 [27cb48db-4b88-4c0c-b213-19f9b2fffaff@group-972F72A7E5D8-SegmentedRaftLogWorker] INFO  segmented.SegmentedRaftLogWorker (SegmentedRaftLogWorker.java:execute(569)) - 27cb48db-4b88-4c0c-b213-19f9b2fffaff@group-972F72A7E5D8-SegmentedRaftLogWorker: created new log segment /workdir/hadoop-ozone/integration-test/target/test-dir/MiniOzoneClusterImpl-2f79a7d3-d7ae-4963-8370-12bb1e2132d7/datanode-0/data/ratis/6121002f-6570-4c40-9ccc-972f72a7e5d8/current/log_inprogress_0
2019-09-26 19:35:58,641 [pool-261-thread-1] INFO  storage.RaftStorage (RaftStorage.java:format(72)) - Storage directory /workdir/hadoop-ozone/integration-test/target/test-dir/MiniOzoneClusterImpl-2f79a7d3-d7ae-4963-8370-12bb1e2132d7/datanode-0/data/ratis/5bb189a3-7c43-412f-b99f-269437b58436 has been successfully formatted.
2019-09-26 19:35:58,642 [pool-261-thread-1] INFO  ratis.ContainerStateMachine (ContainerStateMachine.java:loadSnapshot(230)) - group-269437B58436: The snapshot info is null. Setting the last applied indexto:(t:0, i:~)
2019-09-26 19:35:58,642 [pool-261-thread-1] INFO  server.RaftServerConfigKeys (ConfUtils.java:logGet(43)) - raft.server.notification.no-leader.timeout = 120s (custom)
2019-09-26 19:35:58,642 [pool-261-thread-1] INFO  server.RaftServerConfigKeys (ConfUtils.java:logGet(43)) - raft.server.log.use.memory = false (default)
2019-09-26 19:35:58,642 [pool-261-thread-1] INFO  server.RaftServerConfigKeys (ConfUtils.java:logGet(43)) - raft.server.log.purge.gap = 1000000 (custom)
2019-09-26 19:35:58,642 [pool-261-thread-1] INFO  server.RaftServerConfigKeys (ConfUtils.java:logGet(43)) - raft.server.log.appender.buffer.byte-limit = 33554432 (custom)
2019-09-26 19:35:58,642 [pool-261-thread-1] INFO  server.RaftServerConfigKeys (ConfUtils.java:logGet(43)) - raft.server.log.segment.size.max = 1048576 (custom)
2019-09-26 19:35:58,642 [pool-261-thread-1] INFO  server.RaftServerConfigKeys (ConfUtils.java:logGet(43)) - raft.server.log.segment.cache.num.max = 2 (custom)
2019-09-26 19:35:58,642 [pool-261-thread-1] INFO  segmented.SegmentedRaftLogWorker (SegmentedRaftLogWorker.java:<init>(172)) - new 27cb48db-4b88-4c0c-b213-19f9b2fffaff@group-269437B58436-SegmentedRaftLogWorker for RaftStorage:Storage Directory /workdir/hadoop-ozone/integration-test/target/test-dir/MiniOzoneClusterImpl-2f79a7d3-d7ae-4963-8370-12bb1e2132d7/datanode-0/data/ratis/5bb189a3-7c43-412f-b99f-269437b58436
2019-09-26 19:35:58,642 [pool-261-thread-1] INFO  server.RaftServerConfigKeys (ConfUtils.java:logGet(43)) - raft.server.log.queue.byte-limit = 2147483647 (custom)
2019-09-26 19:35:58,642 [pool-261-thread-1] INFO  server.RaftServerConfigKeys (ConfUtils.java:logGet(43)) - raft.server.log.queue.element-limit = 1024 (custom)
2019-09-26 19:35:58,643 [pool-261-thread-1] INFO  server.RaftServerConfigKeys (ConfUtils.java:logGet(43)) - raft.server.log.segment.size.max = 1048576 (custom)
2019-09-26 19:35:58,643 [pool-261-thread-1] INFO  server.RaftServerConfigKeys (ConfUtils.java:logGet(43)) - raft.server.log.preallocated.size = 16384 (custom)
2019-09-26 19:35:58,643 [pool-261-thread-1] INFO  server.RaftServerConfigKeys (ConfUtils.java:logGet(43)) - raft.server.log.write.buffer.size = 33554432 (custom)
2019-09-26 19:35:58,643 [pool-261-thread-1] INFO  server.RaftServerConfigKeys (ConfUtils.java:logGet(43)) - raft.server.log.force.sync.num = 128 (default)
2019-09-26 19:35:58,643 [pool-261-thread-1] INFO  server.RaftServerConfigKeys (ConfUtils.java:logGet(43)) - raft.server.log.statemachine.data.sync = true (default)
2019-09-26 19:35:58,643 [pool-261-thread-1] INFO  server.RaftServerConfigKeys (ConfUtils.java:logGet(43)) - raft.server.log.statemachine.data.sync.timeout = 10s (default)
2019-09-26 19:35:58,643 [pool-261-thread-1] INFO  server.RaftServerConfigKeys (ConfUtils.java:logGet(43)) - raft.server.log.statemachine.data.sync.timeout.retry = -1 (default)
2019-09-26 19:35:58,643 [pool-261-thread-1] INFO  server.RaftServerConfigKeys (ConfUtils.java:logGet(43)) - raft.server.log.statemachine.data.caching.enabled = true (custom)
2019-09-26 19:35:58,643 [pool-261-thread-1] INFO  segmented.SegmentedRaftLogWorker (SegmentedRaftLogWorker.java:lambda$new$0(132)) - 27cb48db-4b88-4c0c-b213-19f9b2fffaff@group-269437B58436-SegmentedRaftLogWorker: flushIndex: setUnconditionally 0 -> -1
2019-09-26 19:35:58,643 [pool-261-thread-1] INFO  server.RaftServerConfigKeys (ConfUtils.java:logGet(43)) - raft.server.snapshot.auto.trigger.enabled = true (custom)
2019-09-26 19:35:58,643 [pool-261-thread-1] INFO  server.RaftServerConfigKeys (ConfUtils.java:logGet(43)) - raft.server.snapshot.auto.trigger.threshold = 10000 (custom)
2019-09-26 19:35:58,644 [pool-261-thread-1] INFO  server.RaftServerConfigKeys (ConfUtils.java:logGet(43)) - raft.server.snapshot.retention.num.files = 5 (custom)
2019-09-26 19:35:58,644 [pool-261-thread-1] INFO  server.RaftServerConfigKeys (ConfUtils.java:logGet(43)) - raft.server.retrycache.expirytime = 600000ms (custom)
2019-09-26 19:35:58,645 [pool-261-thread-1] INFO  impl.RaftServerImpl (RaftServerImpl.java:start(185)) - 27cb48db-4b88-4c0c-b213-19f9b2fffaff@group-269437B58436: start as a follower, conf=-1: [27cb48db-4b88-4c0c-b213-19f9b2fffaff:192.168.151.99:37457], old=null
2019-09-26 19:35:58,645 [pool-261-thread-1] INFO  impl.RaftServerImpl (RaftServerImpl.java:setRole(174)) - 27cb48db-4b88-4c0c-b213-19f9b2fffaff@group-269437B58436: changes role from      null to FOLLOWER at term 0 for startAsFollower
2019-09-26 19:35:58,645 [pool-261-thread-1] INFO  impl.RoleInfo (RoleInfo.java:updateAndGet(143)) - 27cb48db-4b88-4c0c-b213-19f9b2fffaff: start FollowerState
2019-09-26 19:35:58,645 [pool-261-thread-1] INFO  util.JmxRegister (JmxRegister.java:tryRegister(44)) - Successfully registered JMX Bean with object name Ratis:service=RaftServer,group=group-269437B58436,id=27cb48db-4b88-4c0c-b213-19f9b2fffaff
2019-09-26 19:35:58,646 [RatisPipelineUtilsThread] INFO  pipeline.PipelineStateManager (PipelineStateManager.java:addPipeline(56)) - Created pipeline Pipeline[ Id: 5bb189a3-7c43-412f-b99f-269437b58436, Nodes: 27cb48db-4b88-4c0c-b213-19f9b2fffaff{ip: 192.168.151.99, host: pr-hdds-1569-g6sp5-2013761785, networkLocation: /rack1, certSerialId: null}, Type:RATIS, Factor:ONE, State:OPEN]
2019-09-26 19:35:58,649 [grpc-default-executor-2] INFO  impl.RaftServerProxy (RaftServerProxy.java:addNew(89)) - 27cb48db-4b88-4c0c-b213-19f9b2fffaff: addNew group-604F6EB72B06:[27cb48db-4b88-4c0c-b213-19f9b2fffaff:192.168.151.99:37457] returns group-604F6EB72B06:java.util.concurrent.CompletableFuture@50072c91[Not completed]
2019-09-26 19:35:58,649 [pool-261-thread-1] INFO  impl.RaftServerImpl (RaftServerImpl.java:<init>(95)) - 27cb48db-4b88-4c0c-b213-19f9b2fffaff: new RaftServerImpl for group-604F6EB72B06:[27cb48db-4b88-4c0c-b213-19f9b2fffaff:192.168.151.99:37457] with ContainerStateMachine:uninitialized
2019-09-26 19:35:58,649 [pool-261-thread-1] INFO  server.RaftServerConfigKeys (ConfUtils.java:logGet(43)) - raft.server.rpc.timeout.min = 5s (custom)
2019-09-26 19:35:58,649 [pool-261-thread-1] INFO  server.RaftServerConfigKeys (ConfUtils.java:logGet(43)) - raft.server.rpc.timeout.max = 5200ms (custom)
2019-09-26 19:35:58,649 [pool-261-thread-1] INFO  server.RaftServerConfigKeys (ConfUtils.java:logGet(43)) - raft.server.rpcslowness.timeout = 120s (custom)
2019-09-26 19:35:58,649 [pool-261-thread-1] INFO  server.RaftServerConfigKeys (ConfUtils.java:logGet(43)) - raft.server.sleep.deviation.threshold = 300 (default)
2019-09-26 19:35:58,649 [pool-261-thread-1] INFO  server.RaftServerConfigKeys (ConfUtils.java:logGet(43)) - raft.server.log.appender.install.snapshot.enabled = false (custom)
2019-09-26 19:35:58,649 [pool-261-thread-1] INFO  impl.RaftServerImpl (ServerState.java:<init>(103)) - 27cb48db-4b88-4c0c-b213-19f9b2fffaff@group-604F6EB72B06: ConfigurationManager, init=-1: [27cb48db-4b88-4c0c-b213-19f9b2fffaff:192.168.151.99:37457], old=null, confs=<EMPTY_MAP>
2019-09-26 19:35:58,649 [pool-261-thread-1] INFO  server.RaftServerConfigKeys (ConfUtils.java:logGet(43)) - raft.server.storage.dir = [/workdir/hadoop-ozone/integration-test/target/test-dir/MiniOzoneClusterImpl-2f79a7d3-d7ae-4963-8370-12bb1e2132d7/datanode-0/data/ratis] (custom)
2019-09-26 19:35:58,650 [pool-261-thread-1] INFO  storage.RaftStorageDirectory (RaftStorageDirectory.java:analyzeStorage(246)) - The storage directory /workdir/hadoop-ozone/integration-test/target/test-dir/MiniOzoneClusterImpl-2f79a7d3-d7ae-4963-8370-12bb1e2132d7/datanode-0/data/ratis/3855b6d1-b54c-4bf5-967e-604f6eb72b06 does not exist. Creating ...
2019-09-26 19:35:58,656 [pool-261-thread-1] INFO  storage.RaftStorageDirectory (RaftStorageDirectory.java:tryLock(328)) - Lock on /workdir/hadoop-ozone/integration-test/target/test-dir/MiniOzoneClusterImpl-2f79a7d3-d7ae-4963-8370-12bb1e2132d7/datanode-0/data/ratis/3855b6d1-b54c-4bf5-967e-604f6eb72b06/in_use.lock acquired by nodename 17888@pr-hdds-1569-g6sp5-2013761785
2019-09-26 19:35:58,669 [27cb48db-4b88-4c0c-b213-19f9b2fffaff@group-808F1472CAB5-SegmentedRaftLogWorker] INFO  segmented.SegmentedRaftLogWorker (SegmentedRaftLogWorker.java:execute(569)) - 27cb48db-4b88-4c0c-b213-19f9b2fffaff@group-808F1472CAB5-SegmentedRaftLogWorker: created new log segment /workdir/hadoop-ozone/integration-test/target/test-dir/MiniOzoneClusterImpl-2f79a7d3-d7ae-4963-8370-12bb1e2132d7/datanode-0/data/ratis/104142b5-808a-4296-a0d8-808f1472cab5/current/log_inprogress_0
2019-09-26 19:35:58,669 [pool-261-thread-1] INFO  storage.RaftStorage (RaftStorage.java:format(72)) - Storage directory /workdir/hadoop-ozone/integration-test/target/test-dir/MiniOzoneClusterImpl-2f79a7d3-d7ae-4963-8370-12bb1e2132d7/datanode-0/data/ratis/3855b6d1-b54c-4bf5-967e-604f6eb72b06 has been successfully formatted.
2019-09-26 19:35:58,670 [pool-261-thread-1] INFO  ratis.ContainerStateMachine (ContainerStateMachine.java:loadSnapshot(230)) - group-604F6EB72B06: The snapshot info is null. Setting the last applied indexto:(t:0, i:~)
2019-09-26 19:35:58,670 [pool-261-thread-1] INFO  server.RaftServerConfigKeys (ConfUtils.java:logGet(43)) - raft.server.notification.no-leader.timeout = 120s (custom)
2019-09-26 19:35:58,670 [pool-261-thread-1] INFO  server.RaftServerConfigKeys (ConfUtils.java:logGet(43)) - raft.server.log.use.memory = false (default)
2019-09-26 19:35:58,670 [pool-261-thread-1] INFO  server.RaftServerConfigKeys (ConfUtils.java:logGet(43)) - raft.server.log.purge.gap = 1000000 (custom)
2019-09-26 19:35:58,670 [pool-261-thread-1] INFO  server.RaftServerConfigKeys (ConfUtils.java:logGet(43)) - raft.server.log.appender.buffer.byte-limit = 33554432 (custom)
2019-09-26 19:35:58,670 [pool-261-thread-1] INFO  server.RaftServerConfigKeys (ConfUtils.java:logGet(43)) - raft.server.log.segment.size.max = 1048576 (custom)
2019-09-26 19:35:58,670 [pool-261-thread-1] INFO  server.RaftServerConfigKeys (ConfUtils.java:logGet(43)) - raft.server.log.segment.cache.num.max = 2 (custom)
2019-09-26 19:35:58,670 [pool-261-thread-1] INFO  segmented.SegmentedRaftLogWorker (SegmentedRaftLogWorker.java:<init>(172)) - new 27cb48db-4b88-4c0c-b213-19f9b2fffaff@group-604F6EB72B06-SegmentedRaftLogWorker for RaftStorage:Storage Directory /workdir/hadoop-ozone/integration-test/target/test-dir/MiniOzoneClusterImpl-2f79a7d3-d7ae-4963-8370-12bb1e2132d7/datanode-0/data/ratis/3855b6d1-b54c-4bf5-967e-604f6eb72b06
2019-09-26 19:35:58,670 [pool-261-thread-1] INFO  server.RaftServerConfigKeys (ConfUtils.java:logGet(43)) - raft.server.log.queue.byte-limit = 2147483647 (custom)
2019-09-26 19:35:58,670 [pool-261-thread-1] INFO  server.RaftServerConfigKeys (ConfUtils.java:logGet(43)) - raft.server.log.queue.element-limit = 1024 (custom)
2019-09-26 19:35:58,670 [pool-261-thread-1] INFO  server.RaftServerConfigKeys (ConfUtils.java:logGet(43)) - raft.server.log.segment.size.max = 1048576 (custom)
2019-09-26 19:35:58,670 [pool-261-thread-1] INFO  server.RaftServerConfigKeys (ConfUtils.java:logGet(43)) - raft.server.log.preallocated.size = 16384 (custom)
2019-09-26 19:35:58,670 [pool-261-thread-1] INFO  server.RaftServerConfigKeys (ConfUtils.java:logGet(43)) - raft.server.log.write.buffer.size = 33554432 (custom)
2019-09-26 19:35:58,671 [pool-261-thread-1] INFO  server.RaftServerConfigKeys (ConfUtils.java:logGet(43)) - raft.server.log.force.sync.num = 128 (default)
2019-09-26 19:35:58,671 [pool-261-thread-1] INFO  server.RaftServerConfigKeys (ConfUtils.java:logGet(43)) - raft.server.log.statemachine.data.sync = true (default)
2019-09-26 19:35:58,671 [pool-261-thread-1] INFO  server.RaftServerConfigKeys (ConfUtils.java:logGet(43)) - raft.server.log.statemachine.data.sync.timeout = 10s (default)
2019-09-26 19:35:58,671 [pool-261-thread-1] INFO  server.RaftServerConfigKeys (ConfUtils.java:logGet(43)) - raft.server.log.statemachine.data.sync.timeout.retry = -1 (default)
2019-09-26 19:35:58,671 [pool-261-thread-1] INFO  server.RaftServerConfigKeys (ConfUtils.java:logGet(43)) - raft.server.log.statemachine.data.caching.enabled = true (custom)
2019-09-26 19:35:58,671 [pool-261-thread-1] INFO  segmented.SegmentedRaftLogWorker (SegmentedRaftLogWorker.java:lambda$new$0(132)) - 27cb48db-4b88-4c0c-b213-19f9b2fffaff@group-604F6EB72B06-SegmentedRaftLogWorker: flushIndex: setUnconditionally 0 -> -1
2019-09-26 19:35:58,671 [pool-261-thread-1] INFO  server.RaftServerConfigKeys (ConfUtils.java:logGet(43)) - raft.server.snapshot.auto.trigger.enabled = true (custom)
2019-09-26 19:35:58,671 [pool-261-thread-1] INFO  server.RaftServerConfigKeys (ConfUtils.java:logGet(43)) - raft.server.snapshot.auto.trigger.threshold = 10000 (custom)
2019-09-26 19:35:58,671 [pool-261-thread-1] INFO  server.RaftServerConfigKeys (ConfUtils.java:logGet(43)) - raft.server.snapshot.retention.num.files = 5 (custom)
2019-09-26 19:35:58,671 [pool-261-thread-1] INFO  server.RaftServerConfigKeys (ConfUtils.java:logGet(43)) - raft.server.retrycache.expirytime = 600000ms (custom)
2019-09-26 19:35:58,672 [pool-261-thread-1] INFO  impl.RaftServerImpl (RaftServerImpl.java:start(185)) - 27cb48db-4b88-4c0c-b213-19f9b2fffaff@group-604F6EB72B06: start as a follower, conf=-1: [27cb48db-4b88-4c0c-b213-19f9b2fffaff:192.168.151.99:37457], old=null
2019-09-26 19:35:58,672 [pool-261-thread-1] INFO  impl.RaftServerImpl (RaftServerImpl.java:setRole(174)) - 27cb48db-4b88-4c0c-b213-19f9b2fffaff@group-604F6EB72B06: changes role from      null to FOLLOWER at term 0 for startAsFollower
2019-09-26 19:35:58,672 [pool-261-thread-1] INFO  impl.RoleInfo (RoleInfo.java:updateAndGet(143)) - 27cb48db-4b88-4c0c-b213-19f9b2fffaff: start FollowerState
2019-09-26 19:35:58,673 [Thread-6561] INFO  impl.FollowerState (FollowerState.java:run(106)) - 728ea44c-f097-440a-a87e-c27a68d48f14:group-926C491D45D2 changes to CANDIDATE, lastRpcTime:5084, electionTimeout:5084ms
2019-09-26 19:35:58,673 [pool-261-thread-1] INFO  util.JmxRegister (JmxRegister.java:tryRegister(44)) - Successfully registered JMX Bean with object name Ratis:service=RaftServer,group=group-604F6EB72B06,id=27cb48db-4b88-4c0c-b213-19f9b2fffaff
2019-09-26 19:35:58,673 [Thread-6561] INFO  impl.RoleInfo (RoleInfo.java:shutdownFollowerState(121)) - 728ea44c-f097-440a-a87e-c27a68d48f14: shutdown FollowerState
2019-09-26 19:35:58,673 [Thread-6561] INFO  impl.RaftServerImpl (RaftServerImpl.java:setRole(174)) - 728ea44c-f097-440a-a87e-c27a68d48f14@group-926C491D45D2: changes role from  FOLLOWER to CANDIDATE at term 0 for changeToCandidate
2019-09-26 19:35:58,673 [Thread-6561] INFO  impl.RoleInfo (RoleInfo.java:updateAndGet(143)) - 728ea44c-f097-440a-a87e-c27a68d48f14: start LeaderElection
2019-09-26 19:35:58,674 [RatisPipelineUtilsThread] INFO  pipeline.PipelineStateManager (PipelineStateManager.java:addPipeline(56)) - Created pipeline Pipeline[ Id: 3855b6d1-b54c-4bf5-967e-604f6eb72b06, Nodes: 27cb48db-4b88-4c0c-b213-19f9b2fffaff{ip: 192.168.151.99, host: pr-hdds-1569-g6sp5-2013761785, networkLocation: /rack1, certSerialId: null}, Type:RATIS, Factor:ONE, State:OPEN]
2019-09-26 19:35:58,676 [grpc-default-executor-2] INFO  impl.RaftServerProxy (RaftServerProxy.java:addNew(89)) - 27cb48db-4b88-4c0c-b213-19f9b2fffaff: addNew group-65EB277B690C:[27cb48db-4b88-4c0c-b213-19f9b2fffaff:192.168.151.99:37457] returns group-65EB277B690C:java.util.concurrent.CompletableFuture@5f00af9[Not completed]
2019-09-26 19:35:58,676 [pool-261-thread-1] INFO  impl.RaftServerImpl (RaftServerImpl.java:<init>(95)) - 27cb48db-4b88-4c0c-b213-19f9b2fffaff: new RaftServerImpl for group-65EB277B690C:[27cb48db-4b88-4c0c-b213-19f9b2fffaff:192.168.151.99:37457] with ContainerStateMachine:uninitialized
2019-09-26 19:35:58,676 [pool-261-thread-1] INFO  server.RaftServerConfigKeys (ConfUtils.java:logGet(43)) - raft.server.rpc.timeout.min = 5s (custom)
2019-09-26 19:35:58,677 [pool-261-thread-1] INFO  server.RaftServerConfigKeys (ConfUtils.java:logGet(43)) - raft.server.rpc.timeout.max = 5200ms (custom)
2019-09-26 19:35:58,677 [pool-261-thread-1] INFO  server.RaftServerConfigKeys (ConfUtils.java:logGet(43)) - raft.server.rpcslowness.timeout = 120s (custom)
2019-09-26 19:35:58,677 [pool-261-thread-1] INFO  server.RaftServerConfigKeys (ConfUtils.java:logGet(43)) - raft.server.sleep.deviation.threshold = 300 (default)
2019-09-26 19:35:58,677 [pool-261-thread-1] INFO  server.RaftServerConfigKeys (ConfUtils.java:logGet(43)) - raft.server.log.appender.install.snapshot.enabled = false (custom)
2019-09-26 19:35:58,677 [pool-261-thread-1] INFO  impl.RaftServerImpl (ServerState.java:<init>(103)) - 27cb48db-4b88-4c0c-b213-19f9b2fffaff@group-65EB277B690C: ConfigurationManager, init=-1: [27cb48db-4b88-4c0c-b213-19f9b2fffaff:192.168.151.99:37457], old=null, confs=<EMPTY_MAP>
2019-09-26 19:35:58,677 [pool-261-thread-1] INFO  server.RaftServerConfigKeys (ConfUtils.java:logGet(43)) - raft.server.storage.dir = [/workdir/hadoop-ozone/integration-test/target/test-dir/MiniOzoneClusterImpl-2f79a7d3-d7ae-4963-8370-12bb1e2132d7/datanode-0/data/ratis] (custom)
2019-09-26 19:35:58,677 [pool-261-thread-1] INFO  storage.RaftStorageDirectory (RaftStorageDirectory.java:analyzeStorage(246)) - The storage directory /workdir/hadoop-ozone/integration-test/target/test-dir/MiniOzoneClusterImpl-2f79a7d3-d7ae-4963-8370-12bb1e2132d7/datanode-0/data/ratis/6d8bf969-3920-4cc2-8baa-65eb277b690c does not exist. Creating ...
2019-09-26 19:35:58,683 [pool-261-thread-1] INFO  storage.RaftStorageDirectory (RaftStorageDirectory.java:tryLock(328)) - Lock on /workdir/hadoop-ozone/integration-test/target/test-dir/MiniOzoneClusterImpl-2f79a7d3-d7ae-4963-8370-12bb1e2132d7/datanode-0/data/ratis/6d8bf969-3920-4cc2-8baa-65eb277b690c/in_use.lock acquired by nodename 17888@pr-hdds-1569-g6sp5-2013761785
2019-09-26 19:35:58,683 [728ea44c-f097-440a-a87e-c27a68d48f14@group-926C491D45D2:LeaderElection935] INFO  impl.LeaderElection (LeaderElection.java:askForVotes(182)) - 728ea44c-f097-440a-a87e-c27a68d48f14@group-926C491D45D2:LeaderElection935: begin an election at term 1 for -1: [728ea44c-f097-440a-a87e-c27a68d48f14:192.168.151.99:38783], old=null
2019-09-26 19:35:58,684 [728ea44c-f097-440a-a87e-c27a68d48f14@group-926C491D45D2:LeaderElection935] INFO  impl.RoleInfo (RoleInfo.java:shutdownLeaderElection(134)) - 728ea44c-f097-440a-a87e-c27a68d48f14: shutdown LeaderElection
2019-09-26 19:35:58,684 [728ea44c-f097-440a-a87e-c27a68d48f14@group-926C491D45D2:LeaderElection935] INFO  impl.RaftServerImpl (RaftServerImpl.java:setRole(174)) - 728ea44c-f097-440a-a87e-c27a68d48f14@group-926C491D45D2: changes role from CANDIDATE to LEADER at term 1 for changeToLeader
2019-09-26 19:35:58,684 [728ea44c-f097-440a-a87e-c27a68d48f14@group-926C491D45D2:LeaderElection935] INFO  impl.RaftServerImpl (ServerState.java:setLeader(253)) - 728ea44c-f097-440a-a87e-c27a68d48f14@group-926C491D45D2: change Leader from null to 728ea44c-f097-440a-a87e-c27a68d48f14 at term 1 for becomeLeader, leader elected after 5099ms
2019-09-26 19:35:58,684 [728ea44c-f097-440a-a87e-c27a68d48f14@group-926C491D45D2:LeaderElection935] INFO  server.RaftServerConfigKeys (ConfUtils.java:logGet(43)) - raft.server.staging.catchup.gap = 1000 (default)
2019-09-26 19:35:58,684 [728ea44c-f097-440a-a87e-c27a68d48f14@group-926C491D45D2:LeaderElection935] INFO  server.RaftServerConfigKeys (ConfUtils.java:logGet(43)) - raft.server.rpc.sleep.time = 25ms (default)
2019-09-26 19:35:58,684 [728ea44c-f097-440a-a87e-c27a68d48f14@group-926C491D45D2:LeaderElection935] INFO  server.RaftServerConfigKeys (ConfUtils.java:logGet(43)) - raft.server.write.element-limit = 4096 (default)
2019-09-26 19:35:58,684 [728ea44c-f097-440a-a87e-c27a68d48f14@group-926C491D45D2:LeaderElection935] INFO  server.RaftServerConfigKeys (ConfUtils.java:logGet(43)) - raft.server.watch.timeout = 10s (default)
2019-09-26 19:35:58,684 [728ea44c-f097-440a-a87e-c27a68d48f14@group-926C491D45D2:LeaderElection935] INFO  server.RaftServerConfigKeys (ConfUtils.java:logGet(43)) - raft.server.watch.timeout.denomination = 1s (default)
2019-09-26 19:35:58,684 [728ea44c-f097-440a-a87e-c27a68d48f14@group-926C491D45D2:LeaderElection935] INFO  server.RaftServerConfigKeys (ConfUtils.java:logGet(43)) - raft.server.watch.element-limit = 65536 (default)
2019-09-26 19:35:58,685 [728ea44c-f097-440a-a87e-c27a68d48f14@group-926C491D45D2:LeaderElection935] INFO  impl.RoleInfo (RoleInfo.java:updateAndGet(143)) - 728ea44c-f097-440a-a87e-c27a68d48f14: start LeaderState
2019-09-26 19:35:58,685 [728ea44c-f097-440a-a87e-c27a68d48f14@group-926C491D45D2:LeaderElection935] INFO  segmented.SegmentedRaftLogWorker (SegmentedRaftLogWorker.java:startLogSegment(380)) - 728ea44c-f097-440a-a87e-c27a68d48f14@group-926C491D45D2-SegmentedRaftLogWorker: Starting segment from index:0
2019-09-26 19:35:58,686 [728ea44c-f097-440a-a87e-c27a68d48f14@group-926C491D45D2:LeaderElection935] INFO  impl.RaftServerImpl (ServerState.java:setRaftConf(354)) - 728ea44c-f097-440a-a87e-c27a68d48f14@group-926C491D45D2: set configuration 0: [728ea44c-f097-440a-a87e-c27a68d48f14:192.168.151.99:38783], old=null at 0
2019-09-26 19:35:58,697 [pool-261-thread-1] INFO  storage.RaftStorage (RaftStorage.java:format(72)) - Storage directory /workdir/hadoop-ozone/integration-test/target/test-dir/MiniOzoneClusterImpl-2f79a7d3-d7ae-4963-8370-12bb1e2132d7/datanode-0/data/ratis/6d8bf969-3920-4cc2-8baa-65eb277b690c has been successfully formatted.
2019-09-26 19:35:58,697 [pool-261-thread-1] INFO  ratis.ContainerStateMachine (ContainerStateMachine.java:loadSnapshot(230)) - group-65EB277B690C: The snapshot info is null. Setting the last applied indexto:(t:0, i:~)
2019-09-26 19:35:58,697 [pool-261-thread-1] INFO  server.RaftServerConfigKeys (ConfUtils.java:logGet(43)) - raft.server.notification.no-leader.timeout = 120s (custom)
2019-09-26 19:35:58,697 [pool-261-thread-1] INFO  server.RaftServerConfigKeys (ConfUtils.java:logGet(43)) - raft.server.log.use.memory = false (default)
2019-09-26 19:35:58,698 [pool-261-thread-1] INFO  server.RaftServerConfigKeys (ConfUtils.java:logGet(43)) - raft.server.log.purge.gap = 1000000 (custom)
2019-09-26 19:35:58,698 [pool-261-thread-1] INFO  server.RaftServerConfigKeys (ConfUtils.java:logGet(43)) - raft.server.log.appender.buffer.byte-limit = 33554432 (custom)
2019-09-26 19:35:58,698 [pool-261-thread-1] INFO  server.RaftServerConfigKeys (ConfUtils.java:logGet(43)) - raft.server.log.segment.size.max = 1048576 (custom)
2019-09-26 19:35:58,698 [pool-261-thread-1] INFO  server.RaftServerConfigKeys (ConfUtils.java:logGet(43)) - raft.server.log.segment.cache.num.max = 2 (custom)
2019-09-26 19:35:58,698 [pool-261-thread-1] INFO  segmented.SegmentedRaftLogWorker (SegmentedRaftLogWorker.java:<init>(172)) - new 27cb48db-4b88-4c0c-b213-19f9b2fffaff@group-65EB277B690C-SegmentedRaftLogWorker for RaftStorage:Storage Directory /workdir/hadoop-ozone/integration-test/target/test-dir/MiniOzoneClusterImpl-2f79a7d3-d7ae-4963-8370-12bb1e2132d7/datanode-0/data/ratis/6d8bf969-3920-4cc2-8baa-65eb277b690c
2019-09-26 19:35:58,698 [Thread-6564] INFO  impl.FollowerState (FollowerState.java:run(106)) - 27cb48db-4b88-4c0c-b213-19f9b2fffaff:group-659EE9345AEF changes to CANDIDATE, lastRpcTime:5075, electionTimeout:5075ms
2019-09-26 19:35:58,698 [pool-261-thread-1] INFO  server.RaftServerConfigKeys (ConfUtils.java:logGet(43)) - raft.server.log.queue.byte-limit = 2147483647 (custom)
2019-09-26 19:35:58,698 [pool-261-thread-1] INFO  server.RaftServerConfigKeys (ConfUtils.java:logGet(43)) - raft.server.log.queue.element-limit = 1024 (custom)
2019-09-26 19:35:58,698 [Thread-6564] INFO  impl.RoleInfo (RoleInfo.java:shutdownFollowerState(121)) - 27cb48db-4b88-4c0c-b213-19f9b2fffaff: shutdown FollowerState
2019-09-26 19:35:58,698 [pool-261-thread-1] INFO  server.RaftServerConfigKeys (ConfUtils.java:logGet(43)) - raft.server.log.segment.size.max = 1048576 (custom)
2019-09-26 19:35:58,698 [pool-261-thread-1] INFO  server.RaftServerConfigKeys (ConfUtils.java:logGet(43)) - raft.server.log.preallocated.size = 16384 (custom)
2019-09-26 19:35:58,699 [pool-261-thread-1] INFO  server.RaftServerConfigKeys (ConfUtils.java:logGet(43)) - raft.server.log.write.buffer.size = 33554432 (custom)
2019-09-26 19:35:58,699 [pool-261-thread-1] INFO  server.RaftServerConfigKeys (ConfUtils.java:logGet(43)) - raft.server.log.force.sync.num = 128 (default)
2019-09-26 19:35:58,699 [pool-261-thread-1] INFO  server.RaftServerConfigKeys (ConfUtils.java:logGet(43)) - raft.server.log.statemachine.data.sync = true (default)
2019-09-26 19:35:58,699 [pool-261-thread-1] INFO  server.RaftServerConfigKeys (ConfUtils.java:logGet(43)) - raft.server.log.statemachine.data.sync.timeout = 10s (default)
2019-09-26 19:35:58,699 [pool-261-thread-1] INFO  server.RaftServerConfigKeys (ConfUtils.java:logGet(43)) - raft.server.log.statemachine.data.sync.timeout.retry = -1 (default)
2019-09-26 19:35:58,698 [Thread-6564] INFO  impl.RaftServerImpl (RaftServerImpl.java:setRole(174)) - 27cb48db-4b88-4c0c-b213-19f9b2fffaff@group-659EE9345AEF: changes role from  FOLLOWER to CANDIDATE at term 0 for changeToCandidate
2019-09-26 19:35:58,699 [pool-261-thread-1] INFO  server.RaftServerConfigKeys (ConfUtils.java:logGet(43)) - raft.server.log.statemachine.data.caching.enabled = true (custom)
2019-09-26 19:35:58,699 [Thread-6564] INFO  impl.RoleInfo (RoleInfo.java:updateAndGet(143)) - 27cb48db-4b88-4c0c-b213-19f9b2fffaff: start LeaderElection
2019-09-26 19:35:58,699 [pool-261-thread-1] INFO  segmented.SegmentedRaftLogWorker (SegmentedRaftLogWorker.java:lambda$new$0(132)) - 27cb48db-4b88-4c0c-b213-19f9b2fffaff@group-65EB277B690C-SegmentedRaftLogWorker: flushIndex: setUnconditionally 0 -> -1
2019-09-26 19:35:58,699 [pool-261-thread-1] INFO  server.RaftServerConfigKeys (ConfUtils.java:logGet(43)) - raft.server.snapshot.auto.trigger.enabled = true (custom)
2019-09-26 19:35:58,700 [pool-261-thread-1] INFO  server.RaftServerConfigKeys (ConfUtils.java:logGet(43)) - raft.server.snapshot.auto.trigger.threshold = 10000 (custom)
2019-09-26 19:35:58,700 [pool-261-thread-1] INFO  server.RaftServerConfigKeys (ConfUtils.java:logGet(43)) - raft.server.snapshot.retention.num.files = 5 (custom)
2019-09-26 19:35:58,700 [pool-261-thread-1] INFO  server.RaftServerConfigKeys (ConfUtils.java:logGet(43)) - raft.server.retrycache.expirytime = 600000ms (custom)
2019-09-26 19:35:58,701 [pool-261-thread-1] INFO  impl.RaftServerImpl (RaftServerImpl.java:start(185)) - 27cb48db-4b88-4c0c-b213-19f9b2fffaff@group-65EB277B690C: start as a follower, conf=-1: [27cb48db-4b88-4c0c-b213-19f9b2fffaff:192.168.151.99:37457], old=null
2019-09-26 19:35:58,701 [pool-261-thread-1] INFO  impl.RaftServerImpl (RaftServerImpl.java:setRole(174)) - 27cb48db-4b88-4c0c-b213-19f9b2fffaff@group-65EB277B690C: changes role from      null to FOLLOWER at term 0 for startAsFollower
2019-09-26 19:35:58,701 [pool-261-thread-1] INFO  impl.RoleInfo (RoleInfo.java:updateAndGet(143)) - 27cb48db-4b88-4c0c-b213-19f9b2fffaff: start FollowerState
2019-09-26 19:35:58,701 [pool-261-thread-1] INFO  util.JmxRegister (JmxRegister.java:tryRegister(44)) - Successfully registered JMX Bean with object name Ratis:service=RaftServer,group=group-65EB277B690C,id=27cb48db-4b88-4c0c-b213-19f9b2fffaff
2019-09-26 19:35:58,702 [RatisPipelineUtilsThread] INFO  pipeline.PipelineStateManager (PipelineStateManager.java:addPipeline(56)) - Created pipeline Pipeline[ Id: 6d8bf969-3920-4cc2-8baa-65eb277b690c, Nodes: 27cb48db-4b88-4c0c-b213-19f9b2fffaff{ip: 192.168.151.99, host: pr-hdds-1569-g6sp5-2013761785, networkLocation: /rack1, certSerialId: null}, Type:RATIS, Factor:ONE, State:OPEN]
2019-09-26 19:35:58,704 [grpc-default-executor-2] INFO  impl.RaftServerProxy (RaftServerProxy.java:addNew(89)) - 728ea44c-f097-440a-a87e-c27a68d48f14: addNew group-C5D49945B174:[728ea44c-f097-440a-a87e-c27a68d48f14:192.168.151.99:38783] returns group-C5D49945B174:java.util.concurrent.CompletableFuture@1d754519[Not completed]
2019-09-26 19:35:58,704 [pool-271-thread-1] INFO  impl.RaftServerImpl (RaftServerImpl.java:<init>(95)) - 728ea44c-f097-440a-a87e-c27a68d48f14: new RaftServerImpl for group-C5D49945B174:[728ea44c-f097-440a-a87e-c27a68d48f14:192.168.151.99:38783] with ContainerStateMachine:uninitialized
2019-09-26 19:35:58,705 [pool-271-thread-1] INFO  server.RaftServerConfigKeys (ConfUtils.java:logGet(43)) - raft.server.rpc.timeout.min = 5s (custom)
2019-09-26 19:35:58,705 [pool-271-thread-1] INFO  server.RaftServerConfigKeys (ConfUtils.java:logGet(43)) - raft.server.rpc.timeout.max = 5200ms (custom)
2019-09-26 19:35:58,705 [pool-271-thread-1] INFO  server.RaftServerConfigKeys (ConfUtils.java:logGet(43)) - raft.server.rpcslowness.timeout = 120s (custom)
2019-09-26 19:35:58,705 [pool-271-thread-1] INFO  server.RaftServerConfigKeys (ConfUtils.java:logGet(43)) - raft.server.sleep.deviation.threshold = 300 (default)
2019-09-26 19:35:58,705 [pool-271-thread-1] INFO  server.RaftServerConfigKeys (ConfUtils.java:logGet(43)) - raft.server.log.appender.install.snapshot.enabled = false (custom)
2019-09-26 19:35:58,705 [pool-271-thread-1] INFO  impl.RaftServerImpl (ServerState.java:<init>(103)) - 728ea44c-f097-440a-a87e-c27a68d48f14@group-C5D49945B174: ConfigurationManager, init=-1: [728ea44c-f097-440a-a87e-c27a68d48f14:192.168.151.99:38783], old=null, confs=<EMPTY_MAP>
2019-09-26 19:35:58,705 [pool-271-thread-1] INFO  server.RaftServerConfigKeys (ConfUtils.java:logGet(43)) - raft.server.storage.dir = [/workdir/hadoop-ozone/integration-test/target/test-dir/MiniOzoneClusterImpl-2f79a7d3-d7ae-4963-8370-12bb1e2132d7/datanode-1/data/ratis] (custom)
2019-09-26 19:35:58,706 [pool-271-thread-1] INFO  storage.RaftStorageDirectory (RaftStorageDirectory.java:analyzeStorage(246)) - The storage directory /workdir/hadoop-ozone/integration-test/target/test-dir/MiniOzoneClusterImpl-2f79a7d3-d7ae-4963-8370-12bb1e2132d7/datanode-1/data/ratis/65d458d3-0202-4683-8b05-c5d49945b174 does not exist. Creating ...
2019-09-26 19:35:58,715 [pool-271-thread-1] INFO  storage.RaftStorageDirectory (RaftStorageDirectory.java:tryLock(328)) - Lock on /workdir/hadoop-ozone/integration-test/target/test-dir/MiniOzoneClusterImpl-2f79a7d3-d7ae-4963-8370-12bb1e2132d7/datanode-1/data/ratis/65d458d3-0202-4683-8b05-c5d49945b174/in_use.lock acquired by nodename 17888@pr-hdds-1569-g6sp5-2013761785
2019-09-26 19:35:58,715 [27cb48db-4b88-4c0c-b213-19f9b2fffaff@group-659EE9345AEF:LeaderElection936] INFO  impl.LeaderElection (LeaderElection.java:askForVotes(182)) - 27cb48db-4b88-4c0c-b213-19f9b2fffaff@group-659EE9345AEF:LeaderElection936: begin an election at term 1 for -1: [27cb48db-4b88-4c0c-b213-19f9b2fffaff:192.168.151.99:37457], old=null
2019-09-26 19:35:58,715 [728ea44c-f097-440a-a87e-c27a68d48f14@group-926C491D45D2-SegmentedRaftLogWorker] INFO  segmented.SegmentedRaftLogWorker (SegmentedRaftLogWorker.java:execute(569)) - 728ea44c-f097-440a-a87e-c27a68d48f14@group-926C491D45D2-SegmentedRaftLogWorker: created new log segment /workdir/hadoop-ozone/integration-test/target/test-dir/MiniOzoneClusterImpl-2f79a7d3-d7ae-4963-8370-12bb1e2132d7/datanode-1/data/ratis/7935c395-6414-492a-99dc-926c491d45d2/current/log_inprogress_0
2019-09-26 19:35:58,715 [27cb48db-4b88-4c0c-b213-19f9b2fffaff@group-659EE9345AEF:LeaderElection936] INFO  impl.RoleInfo (RoleInfo.java:shutdownLeaderElection(134)) - 27cb48db-4b88-4c0c-b213-19f9b2fffaff: shutdown LeaderElection
2019-09-26 19:35:58,715 [27cb48db-4b88-4c0c-b213-19f9b2fffaff@group-659EE9345AEF:LeaderElection936] INFO  impl.RaftServerImpl (RaftServerImpl.java:setRole(174)) - 27cb48db-4b88-4c0c-b213-19f9b2fffaff@group-659EE9345AEF: changes role from CANDIDATE to LEADER at term 1 for changeToLeader
2019-09-26 19:35:58,716 [27cb48db-4b88-4c0c-b213-19f9b2fffaff@group-659EE9345AEF:LeaderElection936] INFO  impl.RaftServerImpl (ServerState.java:setLeader(253)) - 27cb48db-4b88-4c0c-b213-19f9b2fffaff@group-659EE9345AEF: change Leader from null to 27cb48db-4b88-4c0c-b213-19f9b2fffaff at term 1 for becomeLeader, leader elected after 5097ms
2019-09-26 19:35:58,716 [27cb48db-4b88-4c0c-b213-19f9b2fffaff@group-659EE9345AEF:LeaderElection936] INFO  server.RaftServerConfigKeys (ConfUtils.java:logGet(43)) - raft.server.staging.catchup.gap = 1000 (default)
2019-09-26 19:35:58,716 [27cb48db-4b88-4c0c-b213-19f9b2fffaff@group-659EE9345AEF:LeaderElection936] INFO  server.RaftServerConfigKeys (ConfUtils.java:logGet(43)) - raft.server.rpc.sleep.time = 25ms (default)
2019-09-26 19:35:58,716 [27cb48db-4b88-4c0c-b213-19f9b2fffaff@group-659EE9345AEF:LeaderElection936] INFO  server.RaftServerConfigKeys (ConfUtils.java:logGet(43)) - raft.server.write.element-limit = 4096 (default)
2019-09-26 19:35:58,716 [27cb48db-4b88-4c0c-b213-19f9b2fffaff@group-659EE9345AEF:LeaderElection936] INFO  server.RaftServerConfigKeys (ConfUtils.java:logGet(43)) - raft.server.watch.timeout = 10s (default)
2019-09-26 19:35:58,716 [27cb48db-4b88-4c0c-b213-19f9b2fffaff@group-659EE9345AEF:LeaderElection936] INFO  server.RaftServerConfigKeys (ConfUtils.java:logGet(43)) - raft.server.watch.timeout.denomination = 1s (default)
2019-09-26 19:35:58,716 [27cb48db-4b88-4c0c-b213-19f9b2fffaff@group-659EE9345AEF:LeaderElection936] INFO  server.RaftServerConfigKeys (ConfUtils.java:logGet(43)) - raft.server.watch.element-limit = 65536 (default)
2019-09-26 19:35:58,717 [27cb48db-4b88-4c0c-b213-19f9b2fffaff@group-659EE9345AEF:LeaderElection936] INFO  impl.RoleInfo (RoleInfo.java:updateAndGet(143)) - 27cb48db-4b88-4c0c-b213-19f9b2fffaff: start LeaderState
2019-09-26 19:35:58,718 [27cb48db-4b88-4c0c-b213-19f9b2fffaff@group-659EE9345AEF:LeaderElection936] INFO  segmented.SegmentedRaftLogWorker (SegmentedRaftLogWorker.java:startLogSegment(380)) - 27cb48db-4b88-4c0c-b213-19f9b2fffaff@group-659EE9345AEF-SegmentedRaftLogWorker: Starting segment from index:0
2019-09-26 19:35:58,718 [27cb48db-4b88-4c0c-b213-19f9b2fffaff@group-659EE9345AEF:LeaderElection936] INFO  impl.RaftServerImpl (ServerState.java:setRaftConf(354)) - 27cb48db-4b88-4c0c-b213-19f9b2fffaff@group-659EE9345AEF: set configuration 0: [27cb48db-4b88-4c0c-b213-19f9b2fffaff:192.168.151.99:37457], old=null at 0
2019-09-26 19:35:58,729 [pool-271-thread-1] INFO  storage.RaftStorage (RaftStorage.java:format(72)) - Storage directory /workdir/hadoop-ozone/integration-test/target/test-dir/MiniOzoneClusterImpl-2f79a7d3-d7ae-4963-8370-12bb1e2132d7/datanode-1/data/ratis/65d458d3-0202-4683-8b05-c5d49945b174 has been successfully formatted.
2019-09-26 19:35:58,729 [pool-271-thread-1] INFO  ratis.ContainerStateMachine (ContainerStateMachine.java:loadSnapshot(230)) - group-C5D49945B174: The snapshot info is null. Setting the last applied indexto:(t:0, i:~)
2019-09-26 19:35:58,729 [pool-271-thread-1] INFO  server.RaftServerConfigKeys (ConfUtils.java:logGet(43)) - raft.server.notification.no-leader.timeout = 120s (custom)
2019-09-26 19:35:58,729 [pool-271-thread-1] INFO  server.RaftServerConfigKeys (ConfUtils.java:logGet(43)) - raft.server.log.use.memory = false (default)
2019-09-26 19:35:58,729 [pool-271-thread-1] INFO  server.RaftServerConfigKeys (ConfUtils.java:logGet(43)) - raft.server.log.purge.gap = 1000000 (custom)
2019-09-26 19:35:58,729 [pool-271-thread-1] INFO  server.RaftServerConfigKeys (ConfUtils.java:logGet(43)) - raft.server.log.appender.buffer.byte-limit = 33554432 (custom)
2019-09-26 19:35:58,730 [pool-271-thread-1] INFO  server.RaftServerConfigKeys (ConfUtils.java:logGet(43)) - raft.server.log.segment.size.max = 1048576 (custom)
2019-09-26 19:35:58,730 [pool-271-thread-1] INFO  server.RaftServerConfigKeys (ConfUtils.java:logGet(43)) - raft.server.log.segment.cache.num.max = 2 (custom)
2019-09-26 19:35:58,730 [pool-271-thread-1] INFO  segmented.SegmentedRaftLogWorker (SegmentedRaftLogWorker.java:<init>(172)) - new 728ea44c-f097-440a-a87e-c27a68d48f14@group-C5D49945B174-SegmentedRaftLogWorker for RaftStorage:Storage Directory /workdir/hadoop-ozone/integration-test/target/test-dir/MiniOzoneClusterImpl-2f79a7d3-d7ae-4963-8370-12bb1e2132d7/datanode-1/data/ratis/65d458d3-0202-4683-8b05-c5d49945b174
2019-09-26 19:35:58,730 [pool-271-thread-1] INFO  server.RaftServerConfigKeys (ConfUtils.java:logGet(43)) - raft.server.log.queue.byte-limit = 2147483647 (custom)
2019-09-26 19:35:58,730 [pool-271-thread-1] INFO  server.RaftServerConfigKeys (ConfUtils.java:logGet(43)) - raft.server.log.queue.element-limit = 1024 (custom)
2019-09-26 19:35:58,730 [pool-271-thread-1] INFO  server.RaftServerConfigKeys (ConfUtils.java:logGet(43)) - raft.server.log.segment.size.max = 1048576 (custom)
2019-09-26 19:35:58,730 [pool-271-thread-1] INFO  server.RaftServerConfigKeys (ConfUtils.java:logGet(43)) - raft.server.log.preallocated.size = 16384 (custom)
2019-09-26 19:35:58,730 [pool-271-thread-1] INFO  server.RaftServerConfigKeys (ConfUtils.java:logGet(43)) - raft.server.log.write.buffer.size = 33554432 (custom)
2019-09-26 19:35:58,731 [pool-271-thread-1] INFO  server.RaftServerConfigKeys (ConfUtils.java:logGet(43)) - raft.server.log.force.sync.num = 128 (default)
2019-09-26 19:35:58,731 [pool-271-thread-1] INFO  server.RaftServerConfigKeys (ConfUtils.java:logGet(43)) - raft.server.log.statemachine.data.sync = true (default)
2019-09-26 19:35:58,731 [pool-271-thread-1] INFO  server.RaftServerConfigKeys (ConfUtils.java:logGet(43)) - raft.server.log.statemachine.data.sync.timeout = 10s (default)
2019-09-26 19:35:58,731 [pool-271-thread-1] INFO  server.RaftServerConfigKeys (ConfUtils.java:logGet(43)) - raft.server.log.statemachine.data.sync.timeout.retry = -1 (default)
2019-09-26 19:35:58,731 [pool-271-thread-1] INFO  server.RaftServerConfigKeys (ConfUtils.java:logGet(43)) - raft.server.log.statemachine.data.caching.enabled = true (custom)
2019-09-26 19:35:58,731 [pool-271-thread-1] INFO  segmented.SegmentedRaftLogWorker (SegmentedRaftLogWorker.java:lambda$new$0(132)) - 728ea44c-f097-440a-a87e-c27a68d48f14@group-C5D49945B174-SegmentedRaftLogWorker: flushIndex: setUnconditionally 0 -> -1
2019-09-26 19:35:58,732 [pool-271-thread-1] INFO  server.RaftServerConfigKeys (ConfUtils.java:logGet(43)) - raft.server.snapshot.auto.trigger.enabled = true (custom)
2019-09-26 19:35:58,732 [pool-271-thread-1] INFO  server.RaftServerConfigKeys (ConfUtils.java:logGet(43)) - raft.server.snapshot.auto.trigger.threshold = 10000 (custom)
2019-09-26 19:35:58,732 [pool-271-thread-1] INFO  server.RaftServerConfigKeys (ConfUtils.java:logGet(43)) - raft.server.snapshot.retention.num.files = 5 (custom)
2019-09-26 19:35:58,732 [pool-271-thread-1] INFO  server.RaftServerConfigKeys (ConfUtils.java:logGet(43)) - raft.server.retrycache.expirytime = 600000ms (custom)
2019-09-26 19:35:58,734 [pool-271-thread-1] INFO  impl.RaftServerImpl (RaftServerImpl.java:start(185)) - 728ea44c-f097-440a-a87e-c27a68d48f14@group-C5D49945B174: start as a follower, conf=-1: [728ea44c-f097-440a-a87e-c27a68d48f14:192.168.151.99:38783], old=null
2019-09-26 19:35:58,734 [pool-271-thread-1] INFO  impl.RaftServerImpl (RaftServerImpl.java:setRole(174)) - 728ea44c-f097-440a-a87e-c27a68d48f14@group-C5D49945B174: changes role from      null to FOLLOWER at term 0 for startAsFollower
2019-09-26 19:35:58,734 [pool-271-thread-1] INFO  impl.RoleInfo (RoleInfo.java:updateAndGet(143)) - 728ea44c-f097-440a-a87e-c27a68d48f14: start FollowerState
2019-09-26 19:35:58,734 [pool-271-thread-1] INFO  util.JmxRegister (JmxRegister.java:tryRegister(44)) - Successfully registered JMX Bean with object name Ratis:service=RaftServer,group=group-C5D49945B174,id=728ea44c-f097-440a-a87e-c27a68d48f14
2019-09-26 19:35:58,736 [RatisPipelineUtilsThread] INFO  pipeline.PipelineStateManager (PipelineStateManager.java:addPipeline(56)) - Created pipeline Pipeline[ Id: 65d458d3-0202-4683-8b05-c5d49945b174, Nodes: 728ea44c-f097-440a-a87e-c27a68d48f14{ip: 192.168.151.99, host: pr-hdds-1569-g6sp5-2013761785, networkLocation: /rack1, certSerialId: null}, Type:RATIS, Factor:ONE, State:OPEN]
2019-09-26 19:35:58,736 [Thread-6567] INFO  impl.FollowerState (FollowerState.java:run(106)) - 27cb48db-4b88-4c0c-b213-19f9b2fffaff:group-B1574050B134 changes to CANDIDATE, lastRpcTime:5081, electionTimeout:5081ms
2019-09-26 19:35:58,736 [Thread-6567] INFO  impl.RoleInfo (RoleInfo.java:shutdownFollowerState(121)) - 27cb48db-4b88-4c0c-b213-19f9b2fffaff: shutdown FollowerState
2019-09-26 19:35:58,736 [Thread-6567] INFO  impl.RaftServerImpl (RaftServerImpl.java:setRole(174)) - 27cb48db-4b88-4c0c-b213-19f9b2fffaff@group-B1574050B134: changes role from  FOLLOWER to CANDIDATE at term 0 for changeToCandidate
2019-09-26 19:35:58,736 [Thread-6567] INFO  impl.RoleInfo (RoleInfo.java:updateAndGet(143)) - 27cb48db-4b88-4c0c-b213-19f9b2fffaff: start LeaderElection
2019-09-26 19:35:58,738 [grpc-default-executor-2] INFO  impl.RaftServerProxy (RaftServerProxy.java:addNew(89)) - 27cb48db-4b88-4c0c-b213-19f9b2fffaff: addNew group-A59E1FAF9AD8:[27cb48db-4b88-4c0c-b213-19f9b2fffaff:192.168.151.99:37457] returns group-A59E1FAF9AD8:java.util.concurrent.CompletableFuture@3e801a88[Not completed]
2019-09-26 19:35:58,738 [pool-261-thread-1] INFO  impl.RaftServerImpl (RaftServerImpl.java:<init>(95)) - 27cb48db-4b88-4c0c-b213-19f9b2fffaff: new RaftServerImpl for group-A59E1FAF9AD8:[27cb48db-4b88-4c0c-b213-19f9b2fffaff:192.168.151.99:37457] with ContainerStateMachine:uninitialized
2019-09-26 19:35:58,738 [pool-261-thread-1] INFO  server.RaftServerConfigKeys (ConfUtils.java:logGet(43)) - raft.server.rpc.timeout.min = 5s (custom)
2019-09-26 19:35:58,738 [pool-261-thread-1] INFO  server.RaftServerConfigKeys (ConfUtils.java:logGet(43)) - raft.server.rpc.timeout.max = 5200ms (custom)
2019-09-26 19:35:58,738 [pool-261-thread-1] INFO  server.RaftServerConfigKeys (ConfUtils.java:logGet(43)) - raft.server.rpcslowness.timeout = 120s (custom)
2019-09-26 19:35:58,738 [pool-261-thread-1] INFO  server.RaftServerConfigKeys (ConfUtils.java:logGet(43)) - raft.server.sleep.deviation.threshold = 300 (default)
2019-09-26 19:35:58,738 [pool-261-thread-1] INFO  server.RaftServerConfigKeys (ConfUtils.java:logGet(43)) - raft.server.log.appender.install.snapshot.enabled = false (custom)
2019-09-26 19:35:58,739 [pool-261-thread-1] INFO  impl.RaftServerImpl (ServerState.java:<init>(103)) - 27cb48db-4b88-4c0c-b213-19f9b2fffaff@group-A59E1FAF9AD8: ConfigurationManager, init=-1: [27cb48db-4b88-4c0c-b213-19f9b2fffaff:192.168.151.99:37457], old=null, confs=<EMPTY_MAP>
2019-09-26 19:35:58,739 [pool-261-thread-1] INFO  server.RaftServerConfigKeys (ConfUtils.java:logGet(43)) - raft.server.storage.dir = [/workdir/hadoop-ozone/integration-test/target/test-dir/MiniOzoneClusterImpl-2f79a7d3-d7ae-4963-8370-12bb1e2132d7/datanode-0/data/ratis] (custom)
2019-09-26 19:35:58,739 [pool-261-thread-1] INFO  storage.RaftStorageDirectory (RaftStorageDirectory.java:analyzeStorage(246)) - The storage directory /workdir/hadoop-ozone/integration-test/target/test-dir/MiniOzoneClusterImpl-2f79a7d3-d7ae-4963-8370-12bb1e2132d7/datanode-0/data/ratis/1664f244-5f1e-4c12-88a2-a59e1faf9ad8 does not exist. Creating ...
2019-09-26 19:35:58,743 [pool-261-thread-1] INFO  storage.RaftStorageDirectory (RaftStorageDirectory.java:tryLock(328)) - Lock on /workdir/hadoop-ozone/integration-test/target/test-dir/MiniOzoneClusterImpl-2f79a7d3-d7ae-4963-8370-12bb1e2132d7/datanode-0/data/ratis/1664f244-5f1e-4c12-88a2-a59e1faf9ad8/in_use.lock acquired by nodename 17888@pr-hdds-1569-g6sp5-2013761785
2019-09-26 19:35:58,743 [27cb48db-4b88-4c0c-b213-19f9b2fffaff@group-B1574050B134:LeaderElection937] INFO  impl.LeaderElection (LeaderElection.java:askForVotes(182)) - 27cb48db-4b88-4c0c-b213-19f9b2fffaff@group-B1574050B134:LeaderElection937: begin an election at term 1 for -1: [27cb48db-4b88-4c0c-b213-19f9b2fffaff:192.168.151.99:37457], old=null
2019-09-26 19:35:58,743 [27cb48db-4b88-4c0c-b213-19f9b2fffaff@group-B1574050B134:LeaderElection937] INFO  impl.RoleInfo (RoleInfo.java:shutdownLeaderElection(134)) - 27cb48db-4b88-4c0c-b213-19f9b2fffaff: shutdown LeaderElection
2019-09-26 19:35:58,743 [27cb48db-4b88-4c0c-b213-19f9b2fffaff@group-B1574050B134:LeaderElection937] INFO  impl.RaftServerImpl (RaftServerImpl.java:setRole(174)) - 27cb48db-4b88-4c0c-b213-19f9b2fffaff@group-B1574050B134: changes role from CANDIDATE to LEADER at term 1 for changeToLeader
2019-09-26 19:35:58,743 [27cb48db-4b88-4c0c-b213-19f9b2fffaff@group-B1574050B134:LeaderElection937] INFO  impl.RaftServerImpl (ServerState.java:setLeader(253)) - 27cb48db-4b88-4c0c-b213-19f9b2fffaff@group-B1574050B134: change Leader from null to 27cb48db-4b88-4c0c-b213-19f9b2fffaff at term 1 for becomeLeader, leader elected after 5094ms
2019-09-26 19:35:58,744 [27cb48db-4b88-4c0c-b213-19f9b2fffaff@group-B1574050B134:LeaderElection937] INFO  server.RaftServerConfigKeys (ConfUtils.java:logGet(43)) - raft.server.staging.catchup.gap = 1000 (default)
2019-09-26 19:35:58,744 [27cb48db-4b88-4c0c-b213-19f9b2fffaff@group-B1574050B134:LeaderElection937] INFO  server.RaftServerConfigKeys (ConfUtils.java:logGet(43)) - raft.server.rpc.sleep.time = 25ms (default)
2019-09-26 19:35:58,744 [27cb48db-4b88-4c0c-b213-19f9b2fffaff@group-B1574050B134:LeaderElection937] INFO  server.RaftServerConfigKeys (ConfUtils.java:logGet(43)) - raft.server.write.element-limit = 4096 (default)
2019-09-26 19:35:58,744 [27cb48db-4b88-4c0c-b213-19f9b2fffaff@group-B1574050B134:LeaderElection937] INFO  server.RaftServerConfigKeys (ConfUtils.java:logGet(43)) - raft.server.watch.timeout = 10s (default)
2019-09-26 19:35:58,744 [27cb48db-4b88-4c0c-b213-19f9b2fffaff@group-B1574050B134:LeaderElection937] INFO  server.RaftServerConfigKeys (ConfUtils.java:logGet(43)) - raft.server.watch.timeout.denomination = 1s (default)
2019-09-26 19:35:58,744 [27cb48db-4b88-4c0c-b213-19f9b2fffaff@group-B1574050B134:LeaderElection937] INFO  server.RaftServerConfigKeys (ConfUtils.java:logGet(43)) - raft.server.watch.element-limit = 65536 (default)
2019-09-26 19:35:58,745 [27cb48db-4b88-4c0c-b213-19f9b2fffaff@group-B1574050B134:LeaderElection937] INFO  impl.RoleInfo (RoleInfo.java:updateAndGet(143)) - 27cb48db-4b88-4c0c-b213-19f9b2fffaff: start LeaderState
2019-09-26 19:35:58,745 [27cb48db-4b88-4c0c-b213-19f9b2fffaff@group-B1574050B134:LeaderElection937] INFO  segmented.SegmentedRaftLogWorker (SegmentedRaftLogWorker.java:startLogSegment(380)) - 27cb48db-4b88-4c0c-b213-19f9b2fffaff@group-B1574050B134-SegmentedRaftLogWorker: Starting segment from index:0
2019-09-26 19:35:58,745 [27cb48db-4b88-4c0c-b213-19f9b2fffaff@group-B1574050B134:LeaderElection937] INFO  impl.RaftServerImpl (ServerState.java:setRaftConf(354)) - 27cb48db-4b88-4c0c-b213-19f9b2fffaff@group-B1574050B134: set configuration 0: [27cb48db-4b88-4c0c-b213-19f9b2fffaff:192.168.151.99:37457], old=null at 0
2019-09-26 19:35:58,758 [27cb48db-4b88-4c0c-b213-19f9b2fffaff@group-659EE9345AEF-SegmentedRaftLogWorker] INFO  segmented.SegmentedRaftLogWorker (SegmentedRaftLogWorker.java:execute(569)) - 27cb48db-4b88-4c0c-b213-19f9b2fffaff@group-659EE9345AEF-SegmentedRaftLogWorker: created new log segment /workdir/hadoop-ozone/integration-test/target/test-dir/MiniOzoneClusterImpl-2f79a7d3-d7ae-4963-8370-12bb1e2132d7/datanode-0/data/ratis/5c325276-53f4-450e-a7f7-659ee9345aef/current/log_inprogress_0
2019-09-26 19:35:58,758 [pool-261-thread-1] INFO  storage.RaftStorage (RaftStorage.java:format(72)) - Storage directory /workdir/hadoop-ozone/integration-test/target/test-dir/MiniOzoneClusterImpl-2f79a7d3-d7ae-4963-8370-12bb1e2132d7/datanode-0/data/ratis/1664f244-5f1e-4c12-88a2-a59e1faf9ad8 has been successfully formatted.
2019-09-26 19:35:58,758 [pool-261-thread-1] INFO  ratis.ContainerStateMachine (ContainerStateMachine.java:loadSnapshot(230)) - group-A59E1FAF9AD8: The snapshot info is null. Setting the last applied indexto:(t:0, i:~)
2019-09-26 19:35:58,758 [pool-261-thread-1] INFO  server.RaftServerConfigKeys (ConfUtils.java:logGet(43)) - raft.server.notification.no-leader.timeout = 120s (custom)
2019-09-26 19:35:58,758 [pool-261-thread-1] INFO  server.RaftServerConfigKeys (ConfUtils.java:logGet(43)) - raft.server.log.use.memory = false (default)
2019-09-26 19:35:58,758 [pool-261-thread-1] INFO  server.RaftServerConfigKeys (ConfUtils.java:logGet(43)) - raft.server.log.purge.gap = 1000000 (custom)
2019-09-26 19:35:58,758 [pool-261-thread-1] INFO  server.RaftServerConfigKeys (ConfUtils.java:logGet(43)) - raft.server.log.appender.buffer.byte-limit = 33554432 (custom)
2019-09-26 19:35:58,758 [pool-261-thread-1] INFO  server.RaftServerConfigKeys (ConfUtils.java:logGet(43)) - raft.server.log.segment.size.max = 1048576 (custom)
2019-09-26 19:35:58,758 [pool-261-thread-1] INFO  server.RaftServerConfigKeys (ConfUtils.java:logGet(43)) - raft.server.log.segment.cache.num.max = 2 (custom)
2019-09-26 19:35:58,758 [pool-261-thread-1] INFO  segmented.SegmentedRaftLogWorker (SegmentedRaftLogWorker.java:<init>(172)) - new 27cb48db-4b88-4c0c-b213-19f9b2fffaff@group-A59E1FAF9AD8-SegmentedRaftLogWorker for RaftStorage:Storage Directory /workdir/hadoop-ozone/integration-test/target/test-dir/MiniOzoneClusterImpl-2f79a7d3-d7ae-4963-8370-12bb1e2132d7/datanode-0/data/ratis/1664f244-5f1e-4c12-88a2-a59e1faf9ad8
2019-09-26 19:35:58,758 [pool-261-thread-1] INFO  server.RaftServerConfigKeys (ConfUtils.java:logGet(43)) - raft.server.log.queue.byte-limit = 2147483647 (custom)
2019-09-26 19:35:58,759 [pool-261-thread-1] INFO  server.RaftServerConfigKeys (ConfUtils.java:logGet(43)) - raft.server.log.queue.element-limit = 1024 (custom)
2019-09-26 19:35:58,759 [pool-261-thread-1] INFO  server.RaftServerConfigKeys (ConfUtils.java:logGet(43)) - raft.server.log.segment.size.max = 1048576 (custom)
2019-09-26 19:35:58,759 [pool-261-thread-1] INFO  server.RaftServerConfigKeys (ConfUtils.java:logGet(43)) - raft.server.log.preallocated.size = 16384 (custom)
2019-09-26 19:35:58,759 [pool-261-thread-1] INFO  server.RaftServerConfigKeys (ConfUtils.java:logGet(43)) - raft.server.log.write.buffer.size = 33554432 (custom)
2019-09-26 19:35:58,759 [pool-261-thread-1] INFO  server.RaftServerConfigKeys (ConfUtils.java:logGet(43)) - raft.server.log.force.sync.num = 128 (default)
2019-09-26 19:35:58,759 [pool-261-thread-1] INFO  server.RaftServerConfigKeys (ConfUtils.java:logGet(43)) - raft.server.log.statemachine.data.sync = true (default)
2019-09-26 19:35:58,759 [pool-261-thread-1] INFO  server.RaftServerConfigKeys (ConfUtils.java:logGet(43)) - raft.server.log.statemachine.data.sync.timeout = 10s (default)
2019-09-26 19:35:58,759 [pool-261-thread-1] INFO  server.RaftServerConfigKeys (ConfUtils.java:logGet(43)) - raft.server.log.statemachine.data.sync.timeout.retry = -1 (default)
2019-09-26 19:35:58,759 [pool-261-thread-1] INFO  server.RaftServerConfigKeys (ConfUtils.java:logGet(43)) - raft.server.log.statemachine.data.caching.enabled = true (custom)
2019-09-26 19:35:58,759 [pool-261-thread-1] INFO  segmented.SegmentedRaftLogWorker (SegmentedRaftLogWorker.java:lambda$new$0(132)) - 27cb48db-4b88-4c0c-b213-19f9b2fffaff@group-A59E1FAF9AD8-SegmentedRaftLogWorker: flushIndex: setUnconditionally 0 -> -1
2019-09-26 19:35:58,760 [pool-261-thread-1] INFO  server.RaftServerConfigKeys (ConfUtils.java:logGet(43)) - raft.server.snapshot.auto.trigger.enabled = true (custom)
2019-09-26 19:35:58,760 [pool-261-thread-1] INFO  server.RaftServerConfigKeys (ConfUtils.java:logGet(43)) - raft.server.snapshot.auto.trigger.threshold = 10000 (custom)
2019-09-26 19:35:58,760 [pool-261-thread-1] INFO  server.RaftServerConfigKeys (ConfUtils.java:logGet(43)) - raft.server.snapshot.retention.num.files = 5 (custom)
2019-09-26 19:35:58,760 [pool-261-thread-1] INFO  server.RaftServerConfigKeys (ConfUtils.java:logGet(43)) - raft.server.retrycache.expirytime = 600000ms (custom)
2019-09-26 19:35:58,761 [pool-261-thread-1] INFO  impl.RaftServerImpl (RaftServerImpl.java:start(185)) - 27cb48db-4b88-4c0c-b213-19f9b2fffaff@group-A59E1FAF9AD8: start as a follower, conf=-1: [27cb48db-4b88-4c0c-b213-19f9b2fffaff:192.168.151.99:37457], old=null
2019-09-26 19:35:58,761 [pool-261-thread-1] INFO  impl.RaftServerImpl (RaftServerImpl.java:setRole(174)) - 27cb48db-4b88-4c0c-b213-19f9b2fffaff@group-A59E1FAF9AD8: changes role from      null to FOLLOWER at term 0 for startAsFollower
2019-09-26 19:35:58,761 [pool-261-thread-1] INFO  impl.RoleInfo (RoleInfo.java:updateAndGet(143)) - 27cb48db-4b88-4c0c-b213-19f9b2fffaff: start FollowerState
2019-09-26 19:35:58,761 [pool-261-thread-1] INFO  util.JmxRegister (JmxRegister.java:tryRegister(44)) - Successfully registered JMX Bean with object name Ratis:service=RaftServer,group=group-A59E1FAF9AD8,id=27cb48db-4b88-4c0c-b213-19f9b2fffaff
2019-09-26 19:35:58,762 [RatisPipelineUtilsThread] INFO  pipeline.PipelineStateManager (PipelineStateManager.java:addPipeline(56)) - Created pipeline Pipeline[ Id: 1664f244-5f1e-4c12-88a2-a59e1faf9ad8, Nodes: 27cb48db-4b88-4c0c-b213-19f9b2fffaff{ip: 192.168.151.99, host: pr-hdds-1569-g6sp5-2013761785, networkLocation: /rack1, certSerialId: null}, Type:RATIS, Factor:ONE, State:OPEN]
2019-09-26 19:35:58,765 [grpc-default-executor-2] INFO  impl.RaftServerProxy (RaftServerProxy.java:addNew(89)) - 728ea44c-f097-440a-a87e-c27a68d48f14: addNew group-6C6FB6780388:[728ea44c-f097-440a-a87e-c27a68d48f14:192.168.151.99:38783] returns group-6C6FB6780388:java.util.concurrent.CompletableFuture@178d5a9[Not completed]
2019-09-26 19:35:58,765 [pool-271-thread-1] INFO  impl.RaftServerImpl (RaftServerImpl.java:<init>(95)) - 728ea44c-f097-440a-a87e-c27a68d48f14: new RaftServerImpl for group-6C6FB6780388:[728ea44c-f097-440a-a87e-c27a68d48f14:192.168.151.99:38783] with ContainerStateMachine:uninitialized
2019-09-26 19:35:58,765 [pool-271-thread-1] INFO  server.RaftServerConfigKeys (ConfUtils.java:logGet(43)) - raft.server.rpc.timeout.min = 5s (custom)
2019-09-26 19:35:58,766 [pool-271-thread-1] INFO  server.RaftServerConfigKeys (ConfUtils.java:logGet(43)) - raft.server.rpc.timeout.max = 5200ms (custom)
2019-09-26 19:35:58,766 [pool-271-thread-1] INFO  server.RaftServerConfigKeys (ConfUtils.java:logGet(43)) - raft.server.rpcslowness.timeout = 120s (custom)
2019-09-26 19:35:58,766 [pool-271-thread-1] INFO  server.RaftServerConfigKeys (ConfUtils.java:logGet(43)) - raft.server.sleep.deviation.threshold = 300 (default)
2019-09-26 19:35:58,766 [pool-271-thread-1] INFO  server.RaftServerConfigKeys (ConfUtils.java:logGet(43)) - raft.server.log.appender.install.snapshot.enabled = false (custom)
2019-09-26 19:35:58,766 [pool-271-thread-1] INFO  impl.RaftServerImpl (ServerState.java:<init>(103)) - 728ea44c-f097-440a-a87e-c27a68d48f14@group-6C6FB6780388: ConfigurationManager, init=-1: [728ea44c-f097-440a-a87e-c27a68d48f14:192.168.151.99:38783], old=null, confs=<EMPTY_MAP>
2019-09-26 19:35:58,766 [pool-271-thread-1] INFO  server.RaftServerConfigKeys (ConfUtils.java:logGet(43)) - raft.server.storage.dir = [/workdir/hadoop-ozone/integration-test/target/test-dir/MiniOzoneClusterImpl-2f79a7d3-d7ae-4963-8370-12bb1e2132d7/datanode-1/data/ratis] (custom)
2019-09-26 19:35:58,767 [pool-271-thread-1] INFO  storage.RaftStorageDirectory (RaftStorageDirectory.java:analyzeStorage(246)) - The storage directory /workdir/hadoop-ozone/integration-test/target/test-dir/MiniOzoneClusterImpl-2f79a7d3-d7ae-4963-8370-12bb1e2132d7/datanode-1/data/ratis/40467ff3-8a1a-4227-94f6-6c6fb6780388 does not exist. Creating ...
2019-09-26 19:35:58,774 [pool-271-thread-1] INFO  storage.RaftStorageDirectory (RaftStorageDirectory.java:tryLock(328)) - Lock on /workdir/hadoop-ozone/integration-test/target/test-dir/MiniOzoneClusterImpl-2f79a7d3-d7ae-4963-8370-12bb1e2132d7/datanode-1/data/ratis/40467ff3-8a1a-4227-94f6-6c6fb6780388/in_use.lock acquired by nodename 17888@pr-hdds-1569-g6sp5-2013761785
2019-09-26 19:35:58,775 [27cb48db-4b88-4c0c-b213-19f9b2fffaff@group-B1574050B134-SegmentedRaftLogWorker] INFO  segmented.SegmentedRaftLogWorker (SegmentedRaftLogWorker.java:execute(569)) - 27cb48db-4b88-4c0c-b213-19f9b2fffaff@group-B1574050B134-SegmentedRaftLogWorker: created new log segment /workdir/hadoop-ozone/integration-test/target/test-dir/MiniOzoneClusterImpl-2f79a7d3-d7ae-4963-8370-12bb1e2132d7/datanode-0/data/ratis/e0f96763-dcab-4839-b0aa-b1574050b134/current/log_inprogress_0
2019-09-26 19:35:58,778 [pool-271-thread-1] INFO  storage.RaftStorage (RaftStorage.java:format(72)) - Storage directory /workdir/hadoop-ozone/integration-test/target/test-dir/MiniOzoneClusterImpl-2f79a7d3-d7ae-4963-8370-12bb1e2132d7/datanode-1/data/ratis/40467ff3-8a1a-4227-94f6-6c6fb6780388 has been successfully formatted.
2019-09-26 19:35:58,778 [pool-271-thread-1] INFO  ratis.ContainerStateMachine (ContainerStateMachine.java:loadSnapshot(230)) - group-6C6FB6780388: The snapshot info is null. Setting the last applied indexto:(t:0, i:~)
2019-09-26 19:35:58,778 [pool-271-thread-1] INFO  server.RaftServerConfigKeys (ConfUtils.java:logGet(43)) - raft.server.notification.no-leader.timeout = 120s (custom)
2019-09-26 19:35:58,779 [pool-271-thread-1] INFO  server.RaftServerConfigKeys (ConfUtils.java:logGet(43)) - raft.server.log.use.memory = false (default)
2019-09-26 19:35:58,779 [pool-271-thread-1] INFO  server.RaftServerConfigKeys (ConfUtils.java:logGet(43)) - raft.server.log.purge.gap = 1000000 (custom)
2019-09-26 19:35:58,779 [pool-271-thread-1] INFO  server.RaftServerConfigKeys (ConfUtils.java:logGet(43)) - raft.server.log.appender.buffer.byte-limit = 33554432 (custom)
2019-09-26 19:35:58,779 [pool-271-thread-1] INFO  server.RaftServerConfigKeys (ConfUtils.java:logGet(43)) - raft.server.log.segment.size.max = 1048576 (custom)
2019-09-26 19:35:58,779 [pool-271-thread-1] INFO  server.RaftServerConfigKeys (ConfUtils.java:logGet(43)) - raft.server.log.segment.cache.num.max = 2 (custom)
2019-09-26 19:35:58,779 [pool-271-thread-1] INFO  segmented.SegmentedRaftLogWorker (SegmentedRaftLogWorker.java:<init>(172)) - new 728ea44c-f097-440a-a87e-c27a68d48f14@group-6C6FB6780388-SegmentedRaftLogWorker for RaftStorage:Storage Directory /workdir/hadoop-ozone/integration-test/target/test-dir/MiniOzoneClusterImpl-2f79a7d3-d7ae-4963-8370-12bb1e2132d7/datanode-1/data/ratis/40467ff3-8a1a-4227-94f6-6c6fb6780388
2019-09-26 19:35:58,779 [pool-271-thread-1] INFO  server.RaftServerConfigKeys (ConfUtils.java:logGet(43)) - raft.server.log.queue.byte-limit = 2147483647 (custom)
2019-09-26 19:35:58,779 [pool-271-thread-1] INFO  server.RaftServerConfigKeys (ConfUtils.java:logGet(43)) - raft.server.log.queue.element-limit = 1024 (custom)
2019-09-26 19:35:58,780 [pool-271-thread-1] INFO  server.RaftServerConfigKeys (ConfUtils.java:logGet(43)) - raft.server.log.segment.size.max = 1048576 (custom)
2019-09-26 19:35:58,780 [pool-271-thread-1] INFO  server.RaftServerConfigKeys (ConfUtils.java:logGet(43)) - raft.server.log.preallocated.size = 16384 (custom)
2019-09-26 19:35:58,780 [pool-271-thread-1] INFO  server.RaftServerConfigKeys (ConfUtils.java:logGet(43)) - raft.server.log.write.buffer.size = 33554432 (custom)
2019-09-26 19:35:58,780 [pool-271-thread-1] INFO  server.RaftServerConfigKeys (ConfUtils.java:logGet(43)) - raft.server.log.force.sync.num = 128 (default)
2019-09-26 19:35:58,780 [pool-271-thread-1] INFO  server.RaftServerConfigKeys (ConfUtils.java:logGet(43)) - raft.server.log.statemachine.data.sync = true (default)
2019-09-26 19:35:58,780 [pool-271-thread-1] INFO  server.RaftServerConfigKeys (ConfUtils.java:logGet(43)) - raft.server.log.statemachine.data.sync.timeout = 10s (default)
2019-09-26 19:35:58,780 [pool-271-thread-1] INFO  server.RaftServerConfigKeys (ConfUtils.java:logGet(43)) - raft.server.log.statemachine.data.sync.timeout.retry = -1 (default)
2019-09-26 19:35:58,780 [pool-271-thread-1] INFO  server.RaftServerConfigKeys (ConfUtils.java:logGet(43)) - raft.server.log.statemachine.data.caching.enabled = true (custom)
2019-09-26 19:35:58,781 [pool-271-thread-1] INFO  segmented.SegmentedRaftLogWorker (SegmentedRaftLogWorker.java:lambda$new$0(132)) - 728ea44c-f097-440a-a87e-c27a68d48f14@group-6C6FB6780388-SegmentedRaftLogWorker: flushIndex: setUnconditionally 0 -> -1
2019-09-26 19:35:58,781 [pool-271-thread-1] INFO  server.RaftServerConfigKeys (ConfUtils.java:logGet(43)) - raft.server.snapshot.auto.trigger.enabled = true (custom)
2019-09-26 19:35:58,781 [pool-271-thread-1] INFO  server.RaftServerConfigKeys (ConfUtils.java:logGet(43)) - raft.server.snapshot.auto.trigger.threshold = 10000 (custom)
2019-09-26 19:35:58,781 [pool-271-thread-1] INFO  server.RaftServerConfigKeys (ConfUtils.java:logGet(43)) - raft.server.snapshot.retention.num.files = 5 (custom)
2019-09-26 19:35:58,781 [pool-271-thread-1] INFO  server.RaftServerConfigKeys (ConfUtils.java:logGet(43)) - raft.server.retrycache.expirytime = 600000ms (custom)
2019-09-26 19:35:58,783 [pool-271-thread-1] INFO  impl.RaftServerImpl (RaftServerImpl.java:start(185)) - 728ea44c-f097-440a-a87e-c27a68d48f14@group-6C6FB6780388: start as a follower, conf=-1: [728ea44c-f097-440a-a87e-c27a68d48f14:192.168.151.99:38783], old=null
2019-09-26 19:35:58,783 [pool-271-thread-1] INFO  impl.RaftServerImpl (RaftServerImpl.java:setRole(174)) - 728ea44c-f097-440a-a87e-c27a68d48f14@group-6C6FB6780388: changes role from      null to FOLLOWER at term 0 for startAsFollower
2019-09-26 19:35:58,783 [pool-271-thread-1] INFO  impl.RoleInfo (RoleInfo.java:updateAndGet(143)) - 728ea44c-f097-440a-a87e-c27a68d48f14: start FollowerState
2019-09-26 19:35:58,783 [pool-271-thread-1] INFO  util.JmxRegister (JmxRegister.java:tryRegister(44)) - Successfully registered JMX Bean with object name Ratis:service=RaftServer,group=group-6C6FB6780388,id=728ea44c-f097-440a-a87e-c27a68d48f14
2019-09-26 19:35:58,785 [RatisPipelineUtilsThread] INFO  pipeline.PipelineStateManager (PipelineStateManager.java:addPipeline(56)) - Created pipeline Pipeline[ Id: 40467ff3-8a1a-4227-94f6-6c6fb6780388, Nodes: 728ea44c-f097-440a-a87e-c27a68d48f14{ip: 192.168.151.99, host: pr-hdds-1569-g6sp5-2013761785, networkLocation: /rack1, certSerialId: null}, Type:RATIS, Factor:ONE, State:OPEN]
2019-09-26 19:35:58,787 [grpc-default-executor-2] INFO  impl.RaftServerProxy (RaftServerProxy.java:addNew(89)) - 27cb48db-4b88-4c0c-b213-19f9b2fffaff: addNew group-081BA867897B:[27cb48db-4b88-4c0c-b213-19f9b2fffaff:192.168.151.99:37457] returns group-081BA867897B:java.util.concurrent.CompletableFuture@175e7ae5[Not completed]
2019-09-26 19:35:58,787 [pool-261-thread-1] INFO  impl.RaftServerImpl (RaftServerImpl.java:<init>(95)) - 27cb48db-4b88-4c0c-b213-19f9b2fffaff: new RaftServerImpl for group-081BA867897B:[27cb48db-4b88-4c0c-b213-19f9b2fffaff:192.168.151.99:37457] with ContainerStateMachine:uninitialized
2019-09-26 19:35:58,787 [pool-261-thread-1] INFO  server.RaftServerConfigKeys (ConfUtils.java:logGet(43)) - raft.server.rpc.timeout.min = 5s (custom)
2019-09-26 19:35:58,787 [pool-261-thread-1] INFO  server.RaftServerConfigKeys (ConfUtils.java:logGet(43)) - raft.server.rpc.timeout.max = 5200ms (custom)
2019-09-26 19:35:58,787 [pool-261-thread-1] INFO  server.RaftServerConfigKeys (ConfUtils.java:logGet(43)) - raft.server.rpcslowness.timeout = 120s (custom)
2019-09-26 19:35:58,787 [pool-261-thread-1] INFO  server.RaftServerConfigKeys (ConfUtils.java:logGet(43)) - raft.server.sleep.deviation.threshold = 300 (default)
2019-09-26 19:35:58,787 [pool-261-thread-1] INFO  server.RaftServerConfigKeys (ConfUtils.java:logGet(43)) - raft.server.log.appender.install.snapshot.enabled = false (custom)
2019-09-26 19:35:58,787 [pool-261-thread-1] INFO  impl.RaftServerImpl (ServerState.java:<init>(103)) - 27cb48db-4b88-4c0c-b213-19f9b2fffaff@group-081BA867897B: ConfigurationManager, init=-1: [27cb48db-4b88-4c0c-b213-19f9b2fffaff:192.168.151.99:37457], old=null, confs=<EMPTY_MAP>
2019-09-26 19:35:58,788 [pool-261-thread-1] INFO  server.RaftServerConfigKeys (ConfUtils.java:logGet(43)) - raft.server.storage.dir = [/workdir/hadoop-ozone/integration-test/target/test-dir/MiniOzoneClusterImpl-2f79a7d3-d7ae-4963-8370-12bb1e2132d7/datanode-0/data/ratis] (custom)
2019-09-26 19:35:58,788 [pool-261-thread-1] INFO  storage.RaftStorageDirectory (RaftStorageDirectory.java:analyzeStorage(246)) - The storage directory /workdir/hadoop-ozone/integration-test/target/test-dir/MiniOzoneClusterImpl-2f79a7d3-d7ae-4963-8370-12bb1e2132d7/datanode-0/data/ratis/47e23fa0-3748-4c8f-8ae2-081ba867897b does not exist. Creating ...
2019-09-26 19:35:58,794 [pool-261-thread-1] INFO  storage.RaftStorageDirectory (RaftStorageDirectory.java:tryLock(328)) - Lock on /workdir/hadoop-ozone/integration-test/target/test-dir/MiniOzoneClusterImpl-2f79a7d3-d7ae-4963-8370-12bb1e2132d7/datanode-0/data/ratis/47e23fa0-3748-4c8f-8ae2-081ba867897b/in_use.lock acquired by nodename 17888@pr-hdds-1569-g6sp5-2013761785
2019-09-26 19:35:58,807 [pool-261-thread-1] INFO  storage.RaftStorage (RaftStorage.java:format(72)) - Storage directory /workdir/hadoop-ozone/integration-test/target/test-dir/MiniOzoneClusterImpl-2f79a7d3-d7ae-4963-8370-12bb1e2132d7/datanode-0/data/ratis/47e23fa0-3748-4c8f-8ae2-081ba867897b has been successfully formatted.
2019-09-26 19:35:58,807 [pool-261-thread-1] INFO  ratis.ContainerStateMachine (ContainerStateMachine.java:loadSnapshot(230)) - group-081BA867897B: The snapshot info is null. Setting the last applied indexto:(t:0, i:~)
2019-09-26 19:35:58,807 [pool-261-thread-1] INFO  server.RaftServerConfigKeys (ConfUtils.java:logGet(43)) - raft.server.notification.no-leader.timeout = 120s (custom)
2019-09-26 19:35:58,807 [pool-261-thread-1] INFO  server.RaftServerConfigKeys (ConfUtils.java:logGet(43)) - raft.server.log.use.memory = false (default)
2019-09-26 19:35:58,807 [pool-261-thread-1] INFO  server.RaftServerConfigKeys (ConfUtils.java:logGet(43)) - raft.server.log.purge.gap = 1000000 (custom)
2019-09-26 19:35:58,807 [pool-261-thread-1] INFO  server.RaftServerConfigKeys (ConfUtils.java:logGet(43)) - raft.server.log.appender.buffer.byte-limit = 33554432 (custom)
2019-09-26 19:35:58,807 [pool-261-thread-1] INFO  server.RaftServerConfigKeys (ConfUtils.java:logGet(43)) - raft.server.log.segment.size.max = 1048576 (custom)
2019-09-26 19:35:58,807 [pool-261-thread-1] INFO  server.RaftServerConfigKeys (ConfUtils.java:logGet(43)) - raft.server.log.segment.cache.num.max = 2 (custom)
2019-09-26 19:35:58,807 [pool-261-thread-1] INFO  segmented.SegmentedRaftLogWorker (SegmentedRaftLogWorker.java:<init>(172)) - new 27cb48db-4b88-4c0c-b213-19f9b2fffaff@group-081BA867897B-SegmentedRaftLogWorker for RaftStorage:Storage Directory /workdir/hadoop-ozone/integration-test/target/test-dir/MiniOzoneClusterImpl-2f79a7d3-d7ae-4963-8370-12bb1e2132d7/datanode-0/data/ratis/47e23fa0-3748-4c8f-8ae2-081ba867897b
2019-09-26 19:35:58,807 [pool-261-thread-1] INFO  server.RaftServerConfigKeys (ConfUtils.java:logGet(43)) - raft.server.log.queue.byte-limit = 2147483647 (custom)
2019-09-26 19:35:58,808 [pool-261-thread-1] INFO  server.RaftServerConfigKeys (ConfUtils.java:logGet(43)) - raft.server.log.queue.element-limit = 1024 (custom)
2019-09-26 19:35:58,808 [pool-261-thread-1] INFO  server.RaftServerConfigKeys (ConfUtils.java:logGet(43)) - raft.server.log.segment.size.max = 1048576 (custom)
2019-09-26 19:35:58,808 [pool-261-thread-1] INFO  server.RaftServerConfigKeys (ConfUtils.java:logGet(43)) - raft.server.log.preallocated.size = 16384 (custom)
2019-09-26 19:35:58,808 [pool-261-thread-1] INFO  server.RaftServerConfigKeys (ConfUtils.java:logGet(43)) - raft.server.log.write.buffer.size = 33554432 (custom)
2019-09-26 19:35:58,808 [pool-261-thread-1] INFO  server.RaftServerConfigKeys (ConfUtils.java:logGet(43)) - raft.server.log.force.sync.num = 128 (default)
2019-09-26 19:35:58,808 [pool-261-thread-1] INFO  server.RaftServerConfigKeys (ConfUtils.java:logGet(43)) - raft.server.log.statemachine.data.sync = true (default)
2019-09-26 19:35:58,808 [pool-261-thread-1] INFO  server.RaftServerConfigKeys (ConfUtils.java:logGet(43)) - raft.server.log.statemachine.data.sync.timeout = 10s (default)
2019-09-26 19:35:58,808 [pool-261-thread-1] INFO  server.RaftServerConfigKeys (ConfUtils.java:logGet(43)) - raft.server.log.statemachine.data.sync.timeout.retry = -1 (default)
2019-09-26 19:35:58,808 [pool-261-thread-1] INFO  server.RaftServerConfigKeys (ConfUtils.java:logGet(43)) - raft.server.log.statemachine.data.caching.enabled = true (custom)
2019-09-26 19:35:58,808 [pool-261-thread-1] INFO  segmented.SegmentedRaftLogWorker (SegmentedRaftLogWorker.java:lambda$new$0(132)) - 27cb48db-4b88-4c0c-b213-19f9b2fffaff@group-081BA867897B-SegmentedRaftLogWorker: flushIndex: setUnconditionally 0 -> -1
2019-09-26 19:35:58,808 [pool-261-thread-1] INFO  server.RaftServerConfigKeys (ConfUtils.java:logGet(43)) - raft.server.snapshot.auto.trigger.enabled = true (custom)
2019-09-26 19:35:58,809 [pool-261-thread-1] INFO  server.RaftServerConfigKeys (ConfUtils.java:logGet(43)) - raft.server.snapshot.auto.trigger.threshold = 10000 (custom)
2019-09-26 19:35:58,809 [pool-261-thread-1] INFO  server.RaftServerConfigKeys (ConfUtils.java:logGet(43)) - raft.server.snapshot.retention.num.files = 5 (custom)
2019-09-26 19:35:58,809 [pool-261-thread-1] INFO  server.RaftServerConfigKeys (ConfUtils.java:logGet(43)) - raft.server.retrycache.expirytime = 600000ms (custom)
2019-09-26 19:35:58,810 [pool-261-thread-1] INFO  impl.RaftServerImpl (RaftServerImpl.java:start(185)) - 27cb48db-4b88-4c0c-b213-19f9b2fffaff@group-081BA867897B: start as a follower, conf=-1: [27cb48db-4b88-4c0c-b213-19f9b2fffaff:192.168.151.99:37457], old=null
2019-09-26 19:35:58,810 [pool-261-thread-1] INFO  impl.RaftServerImpl (RaftServerImpl.java:setRole(174)) - 27cb48db-4b88-4c0c-b213-19f9b2fffaff@group-081BA867897B: changes role from      null to FOLLOWER at term 0 for startAsFollower
2019-09-26 19:35:58,810 [pool-261-thread-1] INFO  impl.RoleInfo (RoleInfo.java:updateAndGet(143)) - 27cb48db-4b88-4c0c-b213-19f9b2fffaff: start FollowerState
2019-09-26 19:35:58,810 [pool-261-thread-1] INFO  util.JmxRegister (JmxRegister.java:tryRegister(44)) - Successfully registered JMX Bean with object name Ratis:service=RaftServer,group=group-081BA867897B,id=27cb48db-4b88-4c0c-b213-19f9b2fffaff
2019-09-26 19:35:58,811 [RatisPipelineUtilsThread] INFO  pipeline.PipelineStateManager (PipelineStateManager.java:addPipeline(56)) - Created pipeline Pipeline[ Id: 47e23fa0-3748-4c8f-8ae2-081ba867897b, Nodes: 27cb48db-4b88-4c0c-b213-19f9b2fffaff{ip: 192.168.151.99, host: pr-hdds-1569-g6sp5-2013761785, networkLocation: /rack1, certSerialId: null}, Type:RATIS, Factor:ONE, State:OPEN]
2019-09-26 19:35:58,813 [grpc-default-executor-2] INFO  impl.RaftServerProxy (RaftServerProxy.java:addNew(89)) - 728ea44c-f097-440a-a87e-c27a68d48f14: addNew group-FC635B7BAD4C:[728ea44c-f097-440a-a87e-c27a68d48f14:192.168.151.99:38783] returns group-FC635B7BAD4C:java.util.concurrent.CompletableFuture@76e7d080[Not completed]
2019-09-26 19:35:58,814 [pool-271-thread-1] INFO  impl.RaftServerImpl (RaftServerImpl.java:<init>(95)) - 728ea44c-f097-440a-a87e-c27a68d48f14: new RaftServerImpl for group-FC635B7BAD4C:[728ea44c-f097-440a-a87e-c27a68d48f14:192.168.151.99:38783] with ContainerStateMachine:uninitialized
2019-09-26 19:35:58,814 [pool-271-thread-1] INFO  server.RaftServerConfigKeys (ConfUtils.java:logGet(43)) - raft.server.rpc.timeout.min = 5s (custom)
2019-09-26 19:35:58,814 [pool-271-thread-1] INFO  server.RaftServerConfigKeys (ConfUtils.java:logGet(43)) - raft.server.rpc.timeout.max = 5200ms (custom)
2019-09-26 19:35:58,814 [pool-271-thread-1] INFO  server.RaftServerConfigKeys (ConfUtils.java:logGet(43)) - raft.server.rpcslowness.timeout = 120s (custom)
2019-09-26 19:35:58,815 [pool-271-thread-1] INFO  server.RaftServerConfigKeys (ConfUtils.java:logGet(43)) - raft.server.sleep.deviation.threshold = 300 (default)
2019-09-26 19:35:58,815 [pool-271-thread-1] INFO  server.RaftServerConfigKeys (ConfUtils.java:logGet(43)) - raft.server.log.appender.install.snapshot.enabled = false (custom)
2019-09-26 19:35:58,815 [pool-271-thread-1] INFO  impl.RaftServerImpl (ServerState.java:<init>(103)) - 728ea44c-f097-440a-a87e-c27a68d48f14@group-FC635B7BAD4C: ConfigurationManager, init=-1: [728ea44c-f097-440a-a87e-c27a68d48f14:192.168.151.99:38783], old=null, confs=<EMPTY_MAP>
2019-09-26 19:35:58,815 [pool-271-thread-1] INFO  server.RaftServerConfigKeys (ConfUtils.java:logGet(43)) - raft.server.storage.dir = [/workdir/hadoop-ozone/integration-test/target/test-dir/MiniOzoneClusterImpl-2f79a7d3-d7ae-4963-8370-12bb1e2132d7/datanode-1/data/ratis] (custom)
2019-09-26 19:35:58,816 [pool-271-thread-1] INFO  storage.RaftStorageDirectory (RaftStorageDirectory.java:analyzeStorage(246)) - The storage directory /workdir/hadoop-ozone/integration-test/target/test-dir/MiniOzoneClusterImpl-2f79a7d3-d7ae-4963-8370-12bb1e2132d7/datanode-1/data/ratis/763eb152-6341-4593-8018-fc635b7bad4c does not exist. Creating ...
2019-09-26 19:35:58,817 [Thread-6576] INFO  impl.FollowerState (FollowerState.java:run(106)) - 27cb48db-4b88-4c0c-b213-19f9b2fffaff:group-53D2119ECB08 changes to CANDIDATE, lastRpcTime:5051, electionTimeout:5051ms
2019-09-26 19:35:58,817 [Thread-6576] INFO  impl.RoleInfo (RoleInfo.java:shutdownFollowerState(121)) - 27cb48db-4b88-4c0c-b213-19f9b2fffaff: shutdown FollowerState
2019-09-26 19:35:58,817 [Thread-6576] INFO  impl.RaftServerImpl (RaftServerImpl.java:setRole(174)) - 27cb48db-4b88-4c0c-b213-19f9b2fffaff@group-53D2119ECB08: changes role from  FOLLOWER to CANDIDATE at term 0 for changeToCandidate
2019-09-26 19:35:58,817 [Thread-6576] INFO  impl.RoleInfo (RoleInfo.java:updateAndGet(143)) - 27cb48db-4b88-4c0c-b213-19f9b2fffaff: start LeaderElection
2019-09-26 19:35:58,822 [pool-271-thread-1] INFO  storage.RaftStorageDirectory (RaftStorageDirectory.java:tryLock(328)) - Lock on /workdir/hadoop-ozone/integration-test/target/test-dir/MiniOzoneClusterImpl-2f79a7d3-d7ae-4963-8370-12bb1e2132d7/datanode-1/data/ratis/763eb152-6341-4593-8018-fc635b7bad4c/in_use.lock acquired by nodename 17888@pr-hdds-1569-g6sp5-2013761785
2019-09-26 19:35:58,822 [27cb48db-4b88-4c0c-b213-19f9b2fffaff@group-53D2119ECB08:LeaderElection938] INFO  impl.LeaderElection (LeaderElection.java:askForVotes(182)) - 27cb48db-4b88-4c0c-b213-19f9b2fffaff@group-53D2119ECB08:LeaderElection938: begin an election at term 1 for -1: [27cb48db-4b88-4c0c-b213-19f9b2fffaff:192.168.151.99:37457], old=null
2019-09-26 19:35:58,822 [27cb48db-4b88-4c0c-b213-19f9b2fffaff@group-53D2119ECB08:LeaderElection938] INFO  impl.RoleInfo (RoleInfo.java:shutdownLeaderElection(134)) - 27cb48db-4b88-4c0c-b213-19f9b2fffaff: shutdown LeaderElection
2019-09-26 19:35:58,823 [27cb48db-4b88-4c0c-b213-19f9b2fffaff@group-53D2119ECB08:LeaderElection938] INFO  impl.RaftServerImpl (RaftServerImpl.java:setRole(174)) - 27cb48db-4b88-4c0c-b213-19f9b2fffaff@group-53D2119ECB08: changes role from CANDIDATE to LEADER at term 1 for changeToLeader
2019-09-26 19:35:58,823 [27cb48db-4b88-4c0c-b213-19f9b2fffaff@group-53D2119ECB08:LeaderElection938] INFO  impl.RaftServerImpl (ServerState.java:setLeader(253)) - 27cb48db-4b88-4c0c-b213-19f9b2fffaff@group-53D2119ECB08: change Leader from null to 27cb48db-4b88-4c0c-b213-19f9b2fffaff at term 1 for becomeLeader, leader elected after 5062ms
2019-09-26 19:35:58,823 [27cb48db-4b88-4c0c-b213-19f9b2fffaff@group-53D2119ECB08:LeaderElection938] INFO  server.RaftServerConfigKeys (ConfUtils.java:logGet(43)) - raft.server.staging.catchup.gap = 1000 (default)
2019-09-26 19:35:58,823 [27cb48db-4b88-4c0c-b213-19f9b2fffaff@group-53D2119ECB08:LeaderElection938] INFO  server.RaftServerConfigKeys (ConfUtils.java:logGet(43)) - raft.server.rpc.sleep.time = 25ms (default)
2019-09-26 19:35:58,823 [27cb48db-4b88-4c0c-b213-19f9b2fffaff@group-53D2119ECB08:LeaderElection938] INFO  server.RaftServerConfigKeys (ConfUtils.java:logGet(43)) - raft.server.write.element-limit = 4096 (default)
2019-09-26 19:35:58,823 [27cb48db-4b88-4c0c-b213-19f9b2fffaff@group-53D2119ECB08:LeaderElection938] INFO  server.RaftServerConfigKeys (ConfUtils.java:logGet(43)) - raft.server.watch.timeout = 10s (default)
2019-09-26 19:35:58,823 [27cb48db-4b88-4c0c-b213-19f9b2fffaff@group-53D2119ECB08:LeaderElection938] INFO  server.RaftServerConfigKeys (ConfUtils.java:logGet(43)) - raft.server.watch.timeout.denomination = 1s (default)
2019-09-26 19:35:58,823 [27cb48db-4b88-4c0c-b213-19f9b2fffaff@group-53D2119ECB08:LeaderElection938] INFO  server.RaftServerConfigKeys (ConfUtils.java:logGet(43)) - raft.server.watch.element-limit = 65536 (default)
2019-09-26 19:35:58,825 [27cb48db-4b88-4c0c-b213-19f9b2fffaff@group-53D2119ECB08:LeaderElection938] INFO  impl.RoleInfo (RoleInfo.java:updateAndGet(143)) - 27cb48db-4b88-4c0c-b213-19f9b2fffaff: start LeaderState
2019-09-26 19:35:58,825 [27cb48db-4b88-4c0c-b213-19f9b2fffaff@group-53D2119ECB08:LeaderElection938] INFO  segmented.SegmentedRaftLogWorker (SegmentedRaftLogWorker.java:startLogSegment(380)) - 27cb48db-4b88-4c0c-b213-19f9b2fffaff@group-53D2119ECB08-SegmentedRaftLogWorker: Starting segment from index:0
2019-09-26 19:35:58,826 [27cb48db-4b88-4c0c-b213-19f9b2fffaff@group-53D2119ECB08:LeaderElection938] INFO  impl.RaftServerImpl (ServerState.java:setRaftConf(354)) - 27cb48db-4b88-4c0c-b213-19f9b2fffaff@group-53D2119ECB08: set configuration 0: [27cb48db-4b88-4c0c-b213-19f9b2fffaff:192.168.151.99:37457], old=null at 0
2019-09-26 19:35:58,829 [pool-271-thread-1] INFO  storage.RaftStorage (RaftStorage.java:format(72)) - Storage directory /workdir/hadoop-ozone/integration-test/target/test-dir/MiniOzoneClusterImpl-2f79a7d3-d7ae-4963-8370-12bb1e2132d7/datanode-1/data/ratis/763eb152-6341-4593-8018-fc635b7bad4c has been successfully formatted.
2019-09-26 19:35:58,830 [pool-271-thread-1] INFO  ratis.ContainerStateMachine (ContainerStateMachine.java:loadSnapshot(230)) - group-FC635B7BAD4C: The snapshot info is null. Setting the last applied indexto:(t:0, i:~)
2019-09-26 19:35:58,830 [pool-271-thread-1] INFO  server.RaftServerConfigKeys (ConfUtils.java:logGet(43)) - raft.server.notification.no-leader.timeout = 120s (custom)
2019-09-26 19:35:58,830 [pool-271-thread-1] INFO  server.RaftServerConfigKeys (ConfUtils.java:logGet(43)) - raft.server.log.use.memory = false (default)
2019-09-26 19:35:58,830 [pool-271-thread-1] INFO  server.RaftServerConfigKeys (ConfUtils.java:logGet(43)) - raft.server.log.purge.gap = 1000000 (custom)
2019-09-26 19:35:58,830 [pool-271-thread-1] INFO  server.RaftServerConfigKeys (ConfUtils.java:logGet(43)) - raft.server.log.appender.buffer.byte-limit = 33554432 (custom)
2019-09-26 19:35:58,830 [pool-271-thread-1] INFO  server.RaftServerConfigKeys (ConfUtils.java:logGet(43)) - raft.server.log.segment.size.max = 1048576 (custom)
2019-09-26 19:35:58,830 [pool-271-thread-1] INFO  server.RaftServerConfigKeys (ConfUtils.java:logGet(43)) - raft.server.log.segment.cache.num.max = 2 (custom)
2019-09-26 19:35:58,830 [pool-271-thread-1] INFO  segmented.SegmentedRaftLogWorker (SegmentedRaftLogWorker.java:<init>(172)) - new 728ea44c-f097-440a-a87e-c27a68d48f14@group-FC635B7BAD4C-SegmentedRaftLogWorker for RaftStorage:Storage Directory /workdir/hadoop-ozone/integration-test/target/test-dir/MiniOzoneClusterImpl-2f79a7d3-d7ae-4963-8370-12bb1e2132d7/datanode-1/data/ratis/763eb152-6341-4593-8018-fc635b7bad4c
2019-09-26 19:35:58,831 [pool-271-thread-1] INFO  server.RaftServerConfigKeys (ConfUtils.java:logGet(43)) - raft.server.log.queue.byte-limit = 2147483647 (custom)
2019-09-26 19:35:58,831 [pool-271-thread-1] INFO  server.RaftServerConfigKeys (ConfUtils.java:logGet(43)) - raft.server.log.queue.element-limit = 1024 (custom)
2019-09-26 19:35:58,831 [pool-271-thread-1] INFO  server.RaftServerConfigKeys (ConfUtils.java:logGet(43)) - raft.server.log.segment.size.max = 1048576 (custom)
2019-09-26 19:35:58,831 [pool-271-thread-1] INFO  server.RaftServerConfigKeys (ConfUtils.java:logGet(43)) - raft.server.log.preallocated.size = 16384 (custom)
2019-09-26 19:35:58,831 [pool-271-thread-1] INFO  server.RaftServerConfigKeys (ConfUtils.java:logGet(43)) - raft.server.log.write.buffer.size = 33554432 (custom)
2019-09-26 19:35:58,831 [pool-271-thread-1] INFO  server.RaftServerConfigKeys (ConfUtils.java:logGet(43)) - raft.server.log.force.sync.num = 128 (default)
2019-09-26 19:35:58,831 [pool-271-thread-1] INFO  server.RaftServerConfigKeys (ConfUtils.java:logGet(43)) - raft.server.log.statemachine.data.sync = true (default)
2019-09-26 19:35:58,831 [pool-271-thread-1] INFO  server.RaftServerConfigKeys (ConfUtils.java:logGet(43)) - raft.server.log.statemachine.data.sync.timeout = 10s (default)
2019-09-26 19:35:58,832 [pool-271-thread-1] INFO  server.RaftServerConfigKeys (ConfUtils.java:logGet(43)) - raft.server.log.statemachine.data.sync.timeout.retry = -1 (default)
2019-09-26 19:35:58,832 [pool-271-thread-1] INFO  server.RaftServerConfigKeys (ConfUtils.java:logGet(43)) - raft.server.log.statemachine.data.caching.enabled = true (custom)
2019-09-26 19:35:58,832 [pool-271-thread-1] INFO  segmented.SegmentedRaftLogWorker (SegmentedRaftLogWorker.java:lambda$new$0(132)) - 728ea44c-f097-440a-a87e-c27a68d48f14@group-FC635B7BAD4C-SegmentedRaftLogWorker: flushIndex: setUnconditionally 0 -> -1
2019-09-26 19:35:58,832 [pool-271-thread-1] INFO  server.RaftServerConfigKeys (ConfUtils.java:logGet(43)) - raft.server.snapshot.auto.trigger.enabled = true (custom)
2019-09-26 19:35:58,832 [pool-271-thread-1] INFO  server.RaftServerConfigKeys (ConfUtils.java:logGet(43)) - raft.server.snapshot.auto.trigger.threshold = 10000 (custom)
2019-09-26 19:35:58,833 [pool-271-thread-1] INFO  server.RaftServerConfigKeys (ConfUtils.java:logGet(43)) - raft.server.snapshot.retention.num.files = 5 (custom)
2019-09-26 19:35:58,833 [pool-271-thread-1] INFO  server.RaftServerConfigKeys (ConfUtils.java:logGet(43)) - raft.server.retrycache.expirytime = 600000ms (custom)
2019-09-26 19:35:58,834 [pool-271-thread-1] INFO  impl.RaftServerImpl (RaftServerImpl.java:start(185)) - 728ea44c-f097-440a-a87e-c27a68d48f14@group-FC635B7BAD4C: start as a follower, conf=-1: [728ea44c-f097-440a-a87e-c27a68d48f14:192.168.151.99:38783], old=null
2019-09-26 19:35:58,834 [pool-271-thread-1] INFO  impl.RaftServerImpl (RaftServerImpl.java:setRole(174)) - 728ea44c-f097-440a-a87e-c27a68d48f14@group-FC635B7BAD4C: changes role from      null to FOLLOWER at term 0 for startAsFollower
2019-09-26 19:35:58,835 [pool-271-thread-1] INFO  impl.RoleInfo (RoleInfo.java:updateAndGet(143)) - 728ea44c-f097-440a-a87e-c27a68d48f14: start FollowerState
2019-09-26 19:35:58,835 [pool-271-thread-1] INFO  util.JmxRegister (JmxRegister.java:tryRegister(44)) - Successfully registered JMX Bean with object name Ratis:service=RaftServer,group=group-FC635B7BAD4C,id=728ea44c-f097-440a-a87e-c27a68d48f14
2019-09-26 19:35:58,836 [RatisPipelineUtilsThread] INFO  pipeline.PipelineStateManager (PipelineStateManager.java:addPipeline(56)) - Created pipeline Pipeline[ Id: 763eb152-6341-4593-8018-fc635b7bad4c, Nodes: 728ea44c-f097-440a-a87e-c27a68d48f14{ip: 192.168.151.99, host: pr-hdds-1569-g6sp5-2013761785, networkLocation: /rack1, certSerialId: null}, Type:RATIS, Factor:ONE, State:OPEN]
2019-09-26 19:35:58,838 [grpc-default-executor-2] INFO  impl.RaftServerProxy (RaftServerProxy.java:addNew(89)) - 728ea44c-f097-440a-a87e-c27a68d48f14: addNew group-9C47BA7BCBBC:[728ea44c-f097-440a-a87e-c27a68d48f14:192.168.151.99:38783] returns group-9C47BA7BCBBC:java.util.concurrent.CompletableFuture@18bc5f99[Not completed]
2019-09-26 19:35:58,839 [pool-271-thread-1] INFO  impl.RaftServerImpl (RaftServerImpl.java:<init>(95)) - 728ea44c-f097-440a-a87e-c27a68d48f14: new RaftServerImpl for group-9C47BA7BCBBC:[728ea44c-f097-440a-a87e-c27a68d48f14:192.168.151.99:38783] with ContainerStateMachine:uninitialized
2019-09-26 19:35:58,839 [pool-271-thread-1] INFO  server.RaftServerConfigKeys (ConfUtils.java:logGet(43)) - raft.server.rpc.timeout.min = 5s (custom)
2019-09-26 19:35:58,839 [pool-271-thread-1] INFO  server.RaftServerConfigKeys (ConfUtils.java:logGet(43)) - raft.server.rpc.timeout.max = 5200ms (custom)
2019-09-26 19:35:58,839 [pool-271-thread-1] INFO  server.RaftServerConfigKeys (ConfUtils.java:logGet(43)) - raft.server.rpcslowness.timeout = 120s (custom)
2019-09-26 19:35:58,839 [pool-271-thread-1] INFO  server.RaftServerConfigKeys (ConfUtils.java:logGet(43)) - raft.server.sleep.deviation.threshold = 300 (default)
2019-09-26 19:35:58,840 [pool-271-thread-1] INFO  server.RaftServerConfigKeys (ConfUtils.java:logGet(43)) - raft.server.log.appender.install.snapshot.enabled = false (custom)
2019-09-26 19:35:58,840 [pool-271-thread-1] INFO  impl.RaftServerImpl (ServerState.java:<init>(103)) - 728ea44c-f097-440a-a87e-c27a68d48f14@group-9C47BA7BCBBC: ConfigurationManager, init=-1: [728ea44c-f097-440a-a87e-c27a68d48f14:192.168.151.99:38783], old=null, confs=<EMPTY_MAP>
2019-09-26 19:35:58,840 [pool-271-thread-1] INFO  server.RaftServerConfigKeys (ConfUtils.java:logGet(43)) - raft.server.storage.dir = [/workdir/hadoop-ozone/integration-test/target/test-dir/MiniOzoneClusterImpl-2f79a7d3-d7ae-4963-8370-12bb1e2132d7/datanode-1/data/ratis] (custom)
2019-09-26 19:35:58,840 [pool-271-thread-1] INFO  storage.RaftStorageDirectory (RaftStorageDirectory.java:analyzeStorage(246)) - The storage directory /workdir/hadoop-ozone/integration-test/target/test-dir/MiniOzoneClusterImpl-2f79a7d3-d7ae-4963-8370-12bb1e2132d7/datanode-1/data/ratis/50e06f69-de9f-417b-b336-9c47ba7bcbbc does not exist. Creating ...
2019-09-26 19:35:58,849 [Thread-6570] INFO  impl.FollowerState (FollowerState.java:run(106)) - 728ea44c-f097-440a-a87e-c27a68d48f14:group-98307C53EE96 changes to CANDIDATE, lastRpcTime:5159, electionTimeout:5159ms
2019-09-26 19:35:58,849 [Thread-6570] INFO  impl.RoleInfo (RoleInfo.java:shutdownFollowerState(121)) - 728ea44c-f097-440a-a87e-c27a68d48f14: shutdown FollowerState
2019-09-26 19:35:58,849 [Thread-6570] INFO  impl.RaftServerImpl (RaftServerImpl.java:setRole(174)) - 728ea44c-f097-440a-a87e-c27a68d48f14@group-98307C53EE96: changes role from  FOLLOWER to CANDIDATE at term 0 for changeToCandidate
2019-09-26 19:35:58,849 [Thread-6570] INFO  impl.RoleInfo (RoleInfo.java:updateAndGet(143)) - 728ea44c-f097-440a-a87e-c27a68d48f14: start LeaderElection
2019-09-26 19:35:58,850 [Thread-6579] INFO  impl.FollowerState (FollowerState.java:run(106)) - 728ea44c-f097-440a-a87e-c27a68d48f14:group-E1A12D8A50A9 changes to CANDIDATE, lastRpcTime:5047, electionTimeout:5047ms
2019-09-26 19:35:58,850 [Thread-6579] INFO  impl.RoleInfo (RoleInfo.java:shutdownFollowerState(121)) - 728ea44c-f097-440a-a87e-c27a68d48f14: shutdown FollowerState
2019-09-26 19:35:58,850 [Thread-6579] INFO  impl.RaftServerImpl (RaftServerImpl.java:setRole(174)) - 728ea44c-f097-440a-a87e-c27a68d48f14@group-E1A12D8A50A9: changes role from  FOLLOWER to CANDIDATE at term 0 for changeToCandidate
2019-09-26 19:35:58,850 [Thread-6579] INFO  impl.RoleInfo (RoleInfo.java:updateAndGet(143)) - 728ea44c-f097-440a-a87e-c27a68d48f14: start LeaderElection
2019-09-26 19:35:58,856 [pool-271-thread-1] INFO  storage.RaftStorageDirectory (RaftStorageDirectory.java:tryLock(328)) - Lock on /workdir/hadoop-ozone/integration-test/target/test-dir/MiniOzoneClusterImpl-2f79a7d3-d7ae-4963-8370-12bb1e2132d7/datanode-1/data/ratis/50e06f69-de9f-417b-b336-9c47ba7bcbbc/in_use.lock acquired by nodename 17888@pr-hdds-1569-g6sp5-2013761785
2019-09-26 19:35:58,856 [728ea44c-f097-440a-a87e-c27a68d48f14@group-98307C53EE96:LeaderElection939] INFO  impl.LeaderElection (LeaderElection.java:askForVotes(182)) - 728ea44c-f097-440a-a87e-c27a68d48f14@group-98307C53EE96:LeaderElection939: begin an election at term 1 for -1: [728ea44c-f097-440a-a87e-c27a68d48f14:192.168.151.99:38783], old=null
2019-09-26 19:35:58,856 [728ea44c-f097-440a-a87e-c27a68d48f14@group-E1A12D8A50A9:LeaderElection940] INFO  impl.LeaderElection (LeaderElection.java:askForVotes(182)) - 728ea44c-f097-440a-a87e-c27a68d48f14@group-E1A12D8A50A9:LeaderElection940: begin an election at term 1 for -1: [728ea44c-f097-440a-a87e-c27a68d48f14:192.168.151.99:38783], old=null
2019-09-26 19:35:58,856 [728ea44c-f097-440a-a87e-c27a68d48f14@group-98307C53EE96:LeaderElection939] INFO  impl.RoleInfo (RoleInfo.java:shutdownLeaderElection(134)) - 728ea44c-f097-440a-a87e-c27a68d48f14: shutdown LeaderElection
2019-09-26 19:35:58,856 [728ea44c-f097-440a-a87e-c27a68d48f14@group-E1A12D8A50A9:LeaderElection940] INFO  impl.RoleInfo (RoleInfo.java:shutdownLeaderElection(134)) - 728ea44c-f097-440a-a87e-c27a68d48f14: shutdown LeaderElection
2019-09-26 19:35:58,856 [728ea44c-f097-440a-a87e-c27a68d48f14@group-98307C53EE96:LeaderElection939] INFO  impl.RaftServerImpl (RaftServerImpl.java:setRole(174)) - 728ea44c-f097-440a-a87e-c27a68d48f14@group-98307C53EE96: changes role from CANDIDATE to LEADER at term 1 for changeToLeader
2019-09-26 19:35:58,856 [728ea44c-f097-440a-a87e-c27a68d48f14@group-E1A12D8A50A9:LeaderElection940] INFO  impl.RaftServerImpl (RaftServerImpl.java:setRole(174)) - 728ea44c-f097-440a-a87e-c27a68d48f14@group-E1A12D8A50A9: changes role from CANDIDATE to LEADER at term 1 for changeToLeader
2019-09-26 19:35:58,857 [728ea44c-f097-440a-a87e-c27a68d48f14@group-E1A12D8A50A9:LeaderElection940] INFO  impl.RaftServerImpl (ServerState.java:setLeader(253)) - 728ea44c-f097-440a-a87e-c27a68d48f14@group-E1A12D8A50A9: change Leader from null to 728ea44c-f097-440a-a87e-c27a68d48f14 at term 1 for becomeLeader, leader elected after 5059ms
2019-09-26 19:35:58,856 [728ea44c-f097-440a-a87e-c27a68d48f14@group-98307C53EE96:LeaderElection939] INFO  impl.RaftServerImpl (ServerState.java:setLeader(253)) - 728ea44c-f097-440a-a87e-c27a68d48f14@group-98307C53EE96: change Leader from null to 728ea44c-f097-440a-a87e-c27a68d48f14 at term 1 for becomeLeader, leader elected after 5170ms
2019-09-26 19:35:58,857 [728ea44c-f097-440a-a87e-c27a68d48f14@group-E1A12D8A50A9:LeaderElection940] INFO  server.RaftServerConfigKeys (ConfUtils.java:logGet(43)) - raft.server.staging.catchup.gap = 1000 (default)
2019-09-26 19:35:58,857 [728ea44c-f097-440a-a87e-c27a68d48f14@group-98307C53EE96:LeaderElection939] INFO  server.RaftServerConfigKeys (ConfUtils.java:logGet(43)) - raft.server.staging.catchup.gap = 1000 (default)
2019-09-26 19:35:58,857 [728ea44c-f097-440a-a87e-c27a68d48f14@group-E1A12D8A50A9:LeaderElection940] INFO  server.RaftServerConfigKeys (ConfUtils.java:logGet(43)) - raft.server.rpc.sleep.time = 25ms (default)
2019-09-26 19:35:58,857 [728ea44c-f097-440a-a87e-c27a68d48f14@group-98307C53EE96:LeaderElection939] INFO  server.RaftServerConfigKeys (ConfUtils.java:logGet(43)) - raft.server.rpc.sleep.time = 25ms (default)
2019-09-26 19:35:58,857 [728ea44c-f097-440a-a87e-c27a68d48f14@group-E1A12D8A50A9:LeaderElection940] INFO  server.RaftServerConfigKeys (ConfUtils.java:logGet(43)) - raft.server.write.element-limit = 4096 (default)
2019-09-26 19:35:58,857 [728ea44c-f097-440a-a87e-c27a68d48f14@group-98307C53EE96:LeaderElection939] INFO  server.RaftServerConfigKeys (ConfUtils.java:logGet(43)) - raft.server.write.element-limit = 4096 (default)
2019-09-26 19:35:58,857 [728ea44c-f097-440a-a87e-c27a68d48f14@group-E1A12D8A50A9:LeaderElection940] INFO  server.RaftServerConfigKeys (ConfUtils.java:logGet(43)) - raft.server.watch.timeout = 10s (default)
2019-09-26 19:35:58,857 [728ea44c-f097-440a-a87e-c27a68d48f14@group-98307C53EE96:LeaderElection939] INFO  server.RaftServerConfigKeys (ConfUtils.java:logGet(43)) - raft.server.watch.timeout = 10s (default)
2019-09-26 19:35:58,857 [728ea44c-f097-440a-a87e-c27a68d48f14@group-E1A12D8A50A9:LeaderElection940] INFO  server.RaftServerConfigKeys (ConfUtils.java:logGet(43)) - raft.server.watch.timeout.denomination = 1s (default)
2019-09-26 19:35:58,857 [728ea44c-f097-440a-a87e-c27a68d48f14@group-98307C53EE96:LeaderElection939] INFO  server.RaftServerConfigKeys (ConfUtils.java:logGet(43)) - raft.server.watch.timeout.denomination = 1s (default)
2019-09-26 19:35:58,858 [728ea44c-f097-440a-a87e-c27a68d48f14@group-E1A12D8A50A9:LeaderElection940] INFO  server.RaftServerConfigKeys (ConfUtils.java:logGet(43)) - raft.server.watch.element-limit = 65536 (default)
2019-09-26 19:35:58,858 [728ea44c-f097-440a-a87e-c27a68d48f14@group-98307C53EE96:LeaderElection939] INFO  server.RaftServerConfigKeys (ConfUtils.java:logGet(43)) - raft.server.watch.element-limit = 65536 (default)
2019-09-26 19:35:58,859 [728ea44c-f097-440a-a87e-c27a68d48f14@group-E1A12D8A50A9:LeaderElection940] INFO  impl.RoleInfo (RoleInfo.java:updateAndGet(143)) - 728ea44c-f097-440a-a87e-c27a68d48f14: start LeaderState
2019-09-26 19:35:58,859 [728ea44c-f097-440a-a87e-c27a68d48f14@group-E1A12D8A50A9:LeaderElection940] INFO  segmented.SegmentedRaftLogWorker (SegmentedRaftLogWorker.java:startLogSegment(380)) - 728ea44c-f097-440a-a87e-c27a68d48f14@group-E1A12D8A50A9-SegmentedRaftLogWorker: Starting segment from index:0
2019-09-26 19:35:58,859 [728ea44c-f097-440a-a87e-c27a68d48f14@group-98307C53EE96:LeaderElection939] INFO  impl.RoleInfo (RoleInfo.java:updateAndGet(143)) - 728ea44c-f097-440a-a87e-c27a68d48f14: start LeaderState
2019-09-26 19:35:58,860 [728ea44c-f097-440a-a87e-c27a68d48f14@group-E1A12D8A50A9:LeaderElection940] INFO  impl.RaftServerImpl (ServerState.java:setRaftConf(354)) - 728ea44c-f097-440a-a87e-c27a68d48f14@group-E1A12D8A50A9: set configuration 0: [728ea44c-f097-440a-a87e-c27a68d48f14:192.168.151.99:38783], old=null at 0
2019-09-26 19:35:58,860 [728ea44c-f097-440a-a87e-c27a68d48f14@group-98307C53EE96:LeaderElection939] INFO  segmented.SegmentedRaftLogWorker (SegmentedRaftLogWorker.java:startLogSegment(380)) - 728ea44c-f097-440a-a87e-c27a68d48f14@group-98307C53EE96-SegmentedRaftLogWorker: Starting segment from index:0
2019-09-26 19:35:58,860 [728ea44c-f097-440a-a87e-c27a68d48f14@group-98307C53EE96:LeaderElection939] INFO  impl.RaftServerImpl (ServerState.java:setRaftConf(354)) - 728ea44c-f097-440a-a87e-c27a68d48f14@group-98307C53EE96: set configuration 0: [728ea44c-f097-440a-a87e-c27a68d48f14:192.168.151.99:38783], old=null at 0
2019-09-26 19:35:58,867 [pool-271-thread-1] INFO  storage.RaftStorage (RaftStorage.java:format(72)) - Storage directory /workdir/hadoop-ozone/integration-test/target/test-dir/MiniOzoneClusterImpl-2f79a7d3-d7ae-4963-8370-12bb1e2132d7/datanode-1/data/ratis/50e06f69-de9f-417b-b336-9c47ba7bcbbc has been successfully formatted.
2019-09-26 19:35:58,867 [27cb48db-4b88-4c0c-b213-19f9b2fffaff@group-53D2119ECB08-SegmentedRaftLogWorker] INFO  segmented.SegmentedRaftLogWorker (SegmentedRaftLogWorker.java:execute(569)) - 27cb48db-4b88-4c0c-b213-19f9b2fffaff@group-53D2119ECB08-SegmentedRaftLogWorker: created new log segment /workdir/hadoop-ozone/integration-test/target/test-dir/MiniOzoneClusterImpl-2f79a7d3-d7ae-4963-8370-12bb1e2132d7/datanode-0/data/ratis/f00f6598-6e6c-4b58-b056-53d2119ecb08/current/log_inprogress_0
2019-09-26 19:35:58,867 [pool-271-thread-1] INFO  ratis.ContainerStateMachine (ContainerStateMachine.java:loadSnapshot(230)) - group-9C47BA7BCBBC: The snapshot info is null. Setting the last applied indexto:(t:0, i:~)
2019-09-26 19:35:58,868 [pool-271-thread-1] INFO  server.RaftServerConfigKeys (ConfUtils.java:logGet(43)) - raft.server.notification.no-leader.timeout = 120s (custom)
2019-09-26 19:35:58,868 [pool-271-thread-1] INFO  server.RaftServerConfigKeys (ConfUtils.java:logGet(43)) - raft.server.log.use.memory = false (default)
2019-09-26 19:35:58,868 [pool-271-thread-1] INFO  server.RaftServerConfigKeys (ConfUtils.java:logGet(43)) - raft.server.log.purge.gap = 1000000 (custom)
2019-09-26 19:35:58,868 [pool-271-thread-1] INFO  server.RaftServerConfigKeys (ConfUtils.java:logGet(43)) - raft.server.log.appender.buffer.byte-limit = 33554432 (custom)
2019-09-26 19:35:58,868 [pool-271-thread-1] INFO  server.RaftServerConfigKeys (ConfUtils.java:logGet(43)) - raft.server.log.segment.size.max = 1048576 (custom)
2019-09-26 19:35:58,868 [pool-271-thread-1] INFO  server.RaftServerConfigKeys (ConfUtils.java:logGet(43)) - raft.server.log.segment.cache.num.max = 2 (custom)
2019-09-26 19:35:58,868 [pool-271-thread-1] INFO  segmented.SegmentedRaftLogWorker (SegmentedRaftLogWorker.java:<init>(172)) - new 728ea44c-f097-440a-a87e-c27a68d48f14@group-9C47BA7BCBBC-SegmentedRaftLogWorker for RaftStorage:Storage Directory /workdir/hadoop-ozone/integration-test/target/test-dir/MiniOzoneClusterImpl-2f79a7d3-d7ae-4963-8370-12bb1e2132d7/datanode-1/data/ratis/50e06f69-de9f-417b-b336-9c47ba7bcbbc
2019-09-26 19:35:58,869 [pool-271-thread-1] INFO  server.RaftServerConfigKeys (ConfUtils.java:logGet(43)) - raft.server.log.queue.byte-limit = 2147483647 (custom)
2019-09-26 19:35:58,869 [pool-271-thread-1] INFO  server.RaftServerConfigKeys (ConfUtils.java:logGet(43)) - raft.server.log.queue.element-limit = 1024 (custom)
2019-09-26 19:35:58,869 [pool-271-thread-1] INFO  server.RaftServerConfigKeys (ConfUtils.java:logGet(43)) - raft.server.log.segment.size.max = 1048576 (custom)
2019-09-26 19:35:58,869 [pool-271-thread-1] INFO  server.RaftServerConfigKeys (ConfUtils.java:logGet(43)) - raft.server.log.preallocated.size = 16384 (custom)
2019-09-26 19:35:58,869 [pool-271-thread-1] INFO  server.RaftServerConfigKeys (ConfUtils.java:logGet(43)) - raft.server.log.write.buffer.size = 33554432 (custom)
2019-09-26 19:35:58,869 [pool-271-thread-1] INFO  server.RaftServerConfigKeys (ConfUtils.java:logGet(43)) - raft.server.log.force.sync.num = 128 (default)
2019-09-26 19:35:58,869 [pool-271-thread-1] INFO  server.RaftServerConfigKeys (ConfUtils.java:logGet(43)) - raft.server.log.statemachine.data.sync = true (default)
2019-09-26 19:35:58,869 [pool-271-thread-1] INFO  server.RaftServerConfigKeys (ConfUtils.java:logGet(43)) - raft.server.log.statemachine.data.sync.timeout = 10s (default)
2019-09-26 19:35:58,870 [pool-271-thread-1] INFO  server.RaftServerConfigKeys (ConfUtils.java:logGet(43)) - raft.server.log.statemachine.data.sync.timeout.retry = -1 (default)
2019-09-26 19:35:58,870 [pool-271-thread-1] INFO  server.RaftServerConfigKeys (ConfUtils.java:logGet(43)) - raft.server.log.statemachine.data.caching.enabled = true (custom)
2019-09-26 19:35:58,870 [pool-271-thread-1] INFO  segmented.SegmentedRaftLogWorker (SegmentedRaftLogWorker.java:lambda$new$0(132)) - 728ea44c-f097-440a-a87e-c27a68d48f14@group-9C47BA7BCBBC-SegmentedRaftLogWorker: flushIndex: setUnconditionally 0 -> -1
2019-09-26 19:35:58,870 [pool-271-thread-1] INFO  server.RaftServerConfigKeys (ConfUtils.java:logGet(43)) - raft.server.snapshot.auto.trigger.enabled = true (custom)
2019-09-26 19:35:58,870 [pool-271-thread-1] INFO  server.RaftServerConfigKeys (ConfUtils.java:logGet(43)) - raft.server.snapshot.auto.trigger.threshold = 10000 (custom)
2019-09-26 19:35:58,871 [pool-271-thread-1] INFO  server.RaftServerConfigKeys (ConfUtils.java:logGet(43)) - raft.server.snapshot.retention.num.files = 5 (custom)
2019-09-26 19:35:58,871 [pool-271-thread-1] INFO  server.RaftServerConfigKeys (ConfUtils.java:logGet(43)) - raft.server.retrycache.expirytime = 600000ms (custom)
2019-09-26 19:35:58,872 [pool-271-thread-1] INFO  impl.RaftServerImpl (RaftServerImpl.java:start(185)) - 728ea44c-f097-440a-a87e-c27a68d48f14@group-9C47BA7BCBBC: start as a follower, conf=-1: [728ea44c-f097-440a-a87e-c27a68d48f14:192.168.151.99:38783], old=null
2019-09-26 19:35:58,872 [pool-271-thread-1] INFO  impl.RaftServerImpl (RaftServerImpl.java:setRole(174)) - 728ea44c-f097-440a-a87e-c27a68d48f14@group-9C47BA7BCBBC: changes role from      null to FOLLOWER at term 0 for startAsFollower
2019-09-26 19:35:58,873 [pool-271-thread-1] INFO  impl.RoleInfo (RoleInfo.java:updateAndGet(143)) - 728ea44c-f097-440a-a87e-c27a68d48f14: start FollowerState
2019-09-26 19:35:58,873 [pool-271-thread-1] INFO  util.JmxRegister (JmxRegister.java:tryRegister(44)) - Successfully registered JMX Bean with object name Ratis:service=RaftServer,group=group-9C47BA7BCBBC,id=728ea44c-f097-440a-a87e-c27a68d48f14
2019-09-26 19:35:58,874 [Thread-6582] INFO  impl.FollowerState (FollowerState.java:run(106)) - 99aa1396-69c4-4985-9b2a-20430cc4a0a7:group-BEEF3679E153 changes to CANDIDATE, lastRpcTime:5027, electionTimeout:5027ms
2019-09-26 19:35:58,874 [Thread-6582] INFO  impl.RoleInfo (RoleInfo.java:shutdownFollowerState(121)) - 99aa1396-69c4-4985-9b2a-20430cc4a0a7: shutdown FollowerState
2019-09-26 19:35:58,874 [Thread-6582] INFO  impl.RaftServerImpl (RaftServerImpl.java:setRole(174)) - 99aa1396-69c4-4985-9b2a-20430cc4a0a7@group-BEEF3679E153: changes role from  FOLLOWER to CANDIDATE at term 0 for changeToCandidate
2019-09-26 19:35:58,874 [Thread-6582] INFO  impl.RoleInfo (RoleInfo.java:updateAndGet(143)) - 99aa1396-69c4-4985-9b2a-20430cc4a0a7: start LeaderElection
2019-09-26 19:35:58,874 [RatisPipelineUtilsThread] INFO  pipeline.PipelineStateManager (PipelineStateManager.java:addPipeline(56)) - Created pipeline Pipeline[ Id: 50e06f69-de9f-417b-b336-9c47ba7bcbbc, Nodes: 728ea44c-f097-440a-a87e-c27a68d48f14{ip: 192.168.151.99, host: pr-hdds-1569-g6sp5-2013761785, networkLocation: /rack1, certSerialId: null}, Type:RATIS, Factor:ONE, State:OPEN]
2019-09-26 19:35:58,877 [grpc-default-executor-2] INFO  impl.RaftServerProxy (RaftServerProxy.java:addNew(89)) - 728ea44c-f097-440a-a87e-c27a68d48f14: addNew group-F772D0974011:[728ea44c-f097-440a-a87e-c27a68d48f14:192.168.151.99:38783] returns group-F772D0974011:java.util.concurrent.CompletableFuture@4d0bb0ae[Not completed]
2019-09-26 19:35:58,877 [pool-271-thread-1] INFO  impl.RaftServerImpl (RaftServerImpl.java:<init>(95)) - 728ea44c-f097-440a-a87e-c27a68d48f14: new RaftServerImpl for group-F772D0974011:[728ea44c-f097-440a-a87e-c27a68d48f14:192.168.151.99:38783] with ContainerStateMachine:uninitialized
2019-09-26 19:35:58,877 [pool-271-thread-1] INFO  server.RaftServerConfigKeys (ConfUtils.java:logGet(43)) - raft.server.rpc.timeout.min = 5s (custom)
2019-09-26 19:35:58,877 [pool-271-thread-1] INFO  server.RaftServerConfigKeys (ConfUtils.java:logGet(43)) - raft.server.rpc.timeout.max = 5200ms (custom)
2019-09-26 19:35:58,878 [pool-271-thread-1] INFO  server.RaftServerConfigKeys (ConfUtils.java:logGet(43)) - raft.server.rpcslowness.timeout = 120s (custom)
2019-09-26 19:35:58,878 [pool-271-thread-1] INFO  server.RaftServerConfigKeys (ConfUtils.java:logGet(43)) - raft.server.sleep.deviation.threshold = 300 (default)
2019-09-26 19:35:58,878 [pool-271-thread-1] INFO  server.RaftServerConfigKeys (ConfUtils.java:logGet(43)) - raft.server.log.appender.install.snapshot.enabled = false (custom)
2019-09-26 19:35:58,878 [pool-271-thread-1] INFO  impl.RaftServerImpl (ServerState.java:<init>(103)) - 728ea44c-f097-440a-a87e-c27a68d48f14@group-F772D0974011: ConfigurationManager, init=-1: [728ea44c-f097-440a-a87e-c27a68d48f14:192.168.151.99:38783], old=null, confs=<EMPTY_MAP>
2019-09-26 19:35:58,878 [pool-271-thread-1] INFO  server.RaftServerConfigKeys (ConfUtils.java:logGet(43)) - raft.server.storage.dir = [/workdir/hadoop-ozone/integration-test/target/test-dir/MiniOzoneClusterImpl-2f79a7d3-d7ae-4963-8370-12bb1e2132d7/datanode-1/data/ratis] (custom)
2019-09-26 19:35:58,879 [pool-271-thread-1] INFO  storage.RaftStorageDirectory (RaftStorageDirectory.java:analyzeStorage(246)) - The storage directory /workdir/hadoop-ozone/integration-test/target/test-dir/MiniOzoneClusterImpl-2f79a7d3-d7ae-4963-8370-12bb1e2132d7/datanode-1/data/ratis/b1185b9f-d6df-4f17-8407-f772d0974011 does not exist. Creating ...
2019-09-26 19:35:58,881 [99aa1396-69c4-4985-9b2a-20430cc4a0a7@group-BEEF3679E153:LeaderElection941] INFO  impl.LeaderElection (LeaderElection.java:askForVotes(182)) - 99aa1396-69c4-4985-9b2a-20430cc4a0a7@group-BEEF3679E153:LeaderElection941: begin an election at term 1 for -1: [99aa1396-69c4-4985-9b2a-20430cc4a0a7:192.168.151.99:40213], old=null
2019-09-26 19:35:58,881 [99aa1396-69c4-4985-9b2a-20430cc4a0a7@group-BEEF3679E153:LeaderElection941] INFO  impl.RoleInfo (RoleInfo.java:shutdownLeaderElection(134)) - 99aa1396-69c4-4985-9b2a-20430cc4a0a7: shutdown LeaderElection
2019-09-26 19:35:58,881 [99aa1396-69c4-4985-9b2a-20430cc4a0a7@group-BEEF3679E153:LeaderElection941] INFO  impl.RaftServerImpl (RaftServerImpl.java:setRole(174)) - 99aa1396-69c4-4985-9b2a-20430cc4a0a7@group-BEEF3679E153: changes role from CANDIDATE to LEADER at term 1 for changeToLeader
2019-09-26 19:35:58,881 [99aa1396-69c4-4985-9b2a-20430cc4a0a7@group-BEEF3679E153:LeaderElection941] INFO  impl.RaftServerImpl (ServerState.java:setLeader(253)) - 99aa1396-69c4-4985-9b2a-20430cc4a0a7@group-BEEF3679E153: change Leader from null to 99aa1396-69c4-4985-9b2a-20430cc4a0a7 at term 1 for becomeLeader, leader elected after 5039ms
2019-09-26 19:35:58,881 [99aa1396-69c4-4985-9b2a-20430cc4a0a7@group-BEEF3679E153:LeaderElection941] INFO  server.RaftServerConfigKeys (ConfUtils.java:logGet(43)) - raft.server.staging.catchup.gap = 1000 (default)
2019-09-26 19:35:58,881 [99aa1396-69c4-4985-9b2a-20430cc4a0a7@group-BEEF3679E153:LeaderElection941] INFO  server.RaftServerConfigKeys (ConfUtils.java:logGet(43)) - raft.server.rpc.sleep.time = 25ms (default)
2019-09-26 19:35:58,881 [99aa1396-69c4-4985-9b2a-20430cc4a0a7@group-BEEF3679E153:LeaderElection941] INFO  server.RaftServerConfigKeys (ConfUtils.java:logGet(43)) - raft.server.write.element-limit = 4096 (default)
2019-09-26 19:35:58,882 [99aa1396-69c4-4985-9b2a-20430cc4a0a7@group-BEEF3679E153:LeaderElection941] INFO  server.RaftServerConfigKeys (ConfUtils.java:logGet(43)) - raft.server.watch.timeout = 10s (default)
2019-09-26 19:35:58,882 [99aa1396-69c4-4985-9b2a-20430cc4a0a7@group-BEEF3679E153:LeaderElection941] INFO  server.RaftServerConfigKeys (ConfUtils.java:logGet(43)) - raft.server.watch.timeout.denomination = 1s (default)
2019-09-26 19:35:58,882 [99aa1396-69c4-4985-9b2a-20430cc4a0a7@group-BEEF3679E153:LeaderElection941] INFO  server.RaftServerConfigKeys (ConfUtils.java:logGet(43)) - raft.server.watch.element-limit = 65536 (default)
2019-09-26 19:35:58,883 [99aa1396-69c4-4985-9b2a-20430cc4a0a7@group-BEEF3679E153:LeaderElection941] INFO  impl.RoleInfo (RoleInfo.java:updateAndGet(143)) - 99aa1396-69c4-4985-9b2a-20430cc4a0a7: start LeaderState
2019-09-26 19:35:58,883 [99aa1396-69c4-4985-9b2a-20430cc4a0a7@group-BEEF3679E153:LeaderElection941] INFO  segmented.SegmentedRaftLogWorker (SegmentedRaftLogWorker.java:startLogSegment(380)) - 99aa1396-69c4-4985-9b2a-20430cc4a0a7@group-BEEF3679E153-SegmentedRaftLogWorker: Starting segment from index:0
2019-09-26 19:35:58,883 [99aa1396-69c4-4985-9b2a-20430cc4a0a7@group-BEEF3679E153:LeaderElection941] INFO  impl.RaftServerImpl (ServerState.java:setRaftConf(354)) - 99aa1396-69c4-4985-9b2a-20430cc4a0a7@group-BEEF3679E153: set configuration 0: [99aa1396-69c4-4985-9b2a-20430cc4a0a7:192.168.151.99:40213], old=null at 0
2019-09-26 19:35:58,883 [pool-271-thread-1] INFO  storage.RaftStorageDirectory (RaftStorageDirectory.java:tryLock(328)) - Lock on /workdir/hadoop-ozone/integration-test/target/test-dir/MiniOzoneClusterImpl-2f79a7d3-d7ae-4963-8370-12bb1e2132d7/datanode-1/data/ratis/b1185b9f-d6df-4f17-8407-f772d0974011/in_use.lock acquired by nodename 17888@pr-hdds-1569-g6sp5-2013761785
2019-09-26 19:35:58,897 [728ea44c-f097-440a-a87e-c27a68d48f14@group-E1A12D8A50A9-SegmentedRaftLogWorker] INFO  segmented.SegmentedRaftLogWorker (SegmentedRaftLogWorker.java:execute(569)) - 728ea44c-f097-440a-a87e-c27a68d48f14@group-E1A12D8A50A9-SegmentedRaftLogWorker: created new log segment /workdir/hadoop-ozone/integration-test/target/test-dir/MiniOzoneClusterImpl-2f79a7d3-d7ae-4963-8370-12bb1e2132d7/datanode-1/data/ratis/1e893fb8-bd6e-4685-ab0a-e1a12d8a50a9/current/log_inprogress_0
2019-09-26 19:35:58,897 [728ea44c-f097-440a-a87e-c27a68d48f14@group-98307C53EE96-SegmentedRaftLogWorker] INFO  segmented.SegmentedRaftLogWorker (SegmentedRaftLogWorker.java:execute(569)) - 728ea44c-f097-440a-a87e-c27a68d48f14@group-98307C53EE96-SegmentedRaftLogWorker: created new log segment /workdir/hadoop-ozone/integration-test/target/test-dir/MiniOzoneClusterImpl-2f79a7d3-d7ae-4963-8370-12bb1e2132d7/datanode-1/data/ratis/441b9b65-658b-41cc-85aa-98307c53ee96/current/log_inprogress_0
2019-09-26 19:35:58,897 [pool-271-thread-1] INFO  storage.RaftStorage (RaftStorage.java:format(72)) - Storage directory /workdir/hadoop-ozone/integration-test/target/test-dir/MiniOzoneClusterImpl-2f79a7d3-d7ae-4963-8370-12bb1e2132d7/datanode-1/data/ratis/b1185b9f-d6df-4f17-8407-f772d0974011 has been successfully formatted.
2019-09-26 19:35:58,898 [pool-271-thread-1] INFO  ratis.ContainerStateMachine (ContainerStateMachine.java:loadSnapshot(230)) - group-F772D0974011: The snapshot info is null. Setting the last applied indexto:(t:0, i:~)
2019-09-26 19:35:58,898 [pool-271-thread-1] INFO  server.RaftServerConfigKeys (ConfUtils.java:logGet(43)) - raft.server.notification.no-leader.timeout = 120s (custom)
2019-09-26 19:35:58,898 [pool-271-thread-1] INFO  server.RaftServerConfigKeys (ConfUtils.java:logGet(43)) - raft.server.log.use.memory = false (default)
2019-09-26 19:35:58,898 [pool-271-thread-1] INFO  server.RaftServerConfigKeys (ConfUtils.java:logGet(43)) - raft.server.log.purge.gap = 1000000 (custom)
2019-09-26 19:35:58,898 [pool-271-thread-1] INFO  server.RaftServerConfigKeys (ConfUtils.java:logGet(43)) - raft.server.log.appender.buffer.byte-limit = 33554432 (custom)
2019-09-26 19:35:58,898 [pool-271-thread-1] INFO  server.RaftServerConfigKeys (ConfUtils.java:logGet(43)) - raft.server.log.segment.size.max = 1048576 (custom)
2019-09-26 19:35:58,899 [pool-271-thread-1] INFO  server.RaftServerConfigKeys (ConfUtils.java:logGet(43)) - raft.server.log.segment.cache.num.max = 2 (custom)
2019-09-26 19:35:58,899 [pool-271-thread-1] INFO  segmented.SegmentedRaftLogWorker (SegmentedRaftLogWorker.java:<init>(172)) - new 728ea44c-f097-440a-a87e-c27a68d48f14@group-F772D0974011-SegmentedRaftLogWorker for RaftStorage:Storage Directory /workdir/hadoop-ozone/integration-test/target/test-dir/MiniOzoneClusterImpl-2f79a7d3-d7ae-4963-8370-12bb1e2132d7/datanode-1/data/ratis/b1185b9f-d6df-4f17-8407-f772d0974011
2019-09-26 19:35:58,899 [pool-271-thread-1] INFO  server.RaftServerConfigKeys (ConfUtils.java:logGet(43)) - raft.server.log.queue.byte-limit = 2147483647 (custom)
2019-09-26 19:35:58,899 [pool-271-thread-1] INFO  server.RaftServerConfigKeys (ConfUtils.java:logGet(43)) - raft.server.log.queue.element-limit = 1024 (custom)
2019-09-26 19:35:58,899 [pool-271-thread-1] INFO  server.RaftServerConfigKeys (ConfUtils.java:logGet(43)) - raft.server.log.segment.size.max = 1048576 (custom)
2019-09-26 19:35:58,899 [pool-271-thread-1] INFO  server.RaftServerConfigKeys (ConfUtils.java:logGet(43)) - raft.server.log.preallocated.size = 16384 (custom)
2019-09-26 19:35:58,899 [pool-271-thread-1] INFO  server.RaftServerConfigKeys (ConfUtils.java:logGet(43)) - raft.server.log.write.buffer.size = 33554432 (custom)
2019-09-26 19:35:58,899 [pool-271-thread-1] INFO  server.RaftServerConfigKeys (ConfUtils.java:logGet(43)) - raft.server.log.force.sync.num = 128 (default)
2019-09-26 19:35:58,899 [pool-271-thread-1] INFO  server.RaftServerConfigKeys (ConfUtils.java:logGet(43)) - raft.server.log.statemachine.data.sync = true (default)
2019-09-26 19:35:58,900 [pool-271-thread-1] INFO  server.RaftServerConfigKeys (ConfUtils.java:logGet(43)) - raft.server.log.statemachine.data.sync.timeout = 10s (default)
2019-09-26 19:35:58,900 [pool-271-thread-1] INFO  server.RaftServerConfigKeys (ConfUtils.java:logGet(43)) - raft.server.log.statemachine.data.sync.timeout.retry = -1 (default)
2019-09-26 19:35:58,900 [pool-271-thread-1] INFO  server.RaftServerConfigKeys (ConfUtils.java:logGet(43)) - raft.server.log.statemachine.data.caching.enabled = true (custom)
2019-09-26 19:35:58,900 [pool-271-thread-1] INFO  segmented.SegmentedRaftLogWorker (SegmentedRaftLogWorker.java:lambda$new$0(132)) - 728ea44c-f097-440a-a87e-c27a68d48f14@group-F772D0974011-SegmentedRaftLogWorker: flushIndex: setUnconditionally 0 -> -1
2019-09-26 19:35:58,900 [pool-271-thread-1] INFO  server.RaftServerConfigKeys (ConfUtils.java:logGet(43)) - raft.server.snapshot.auto.trigger.enabled = true (custom)
2019-09-26 19:35:58,901 [pool-271-thread-1] INFO  server.RaftServerConfigKeys (ConfUtils.java:logGet(43)) - raft.server.snapshot.auto.trigger.threshold = 10000 (custom)
2019-09-26 19:35:58,901 [pool-271-thread-1] INFO  server.RaftServerConfigKeys (ConfUtils.java:logGet(43)) - raft.server.snapshot.retention.num.files = 5 (custom)
2019-09-26 19:35:58,913 [Thread-6585] INFO  impl.FollowerState (FollowerState.java:run(106)) - 99aa1396-69c4-4985-9b2a-20430cc4a0a7:group-A178365677C1 changes to CANDIDATE, lastRpcTime:5027, electionTimeout:5020ms
2019-09-26 19:35:58,913 [pool-271-thread-1] INFO  server.RaftServerConfigKeys (ConfUtils.java:logGet(43)) - raft.server.retrycache.expirytime = 600000ms (custom)
2019-09-26 19:35:58,913 [Thread-6585] INFO  impl.RoleInfo (RoleInfo.java:shutdownFollowerState(121)) - 99aa1396-69c4-4985-9b2a-20430cc4a0a7: shutdown FollowerState
2019-09-26 19:35:58,914 [Thread-6585] INFO  impl.RaftServerImpl (RaftServerImpl.java:setRole(174)) - 99aa1396-69c4-4985-9b2a-20430cc4a0a7@group-A178365677C1: changes role from  FOLLOWER to CANDIDATE at term 0 for changeToCandidate
2019-09-26 19:35:58,914 [Thread-6585] INFO  impl.RoleInfo (RoleInfo.java:updateAndGet(143)) - 99aa1396-69c4-4985-9b2a-20430cc4a0a7: start LeaderElection
2019-09-26 19:35:58,915 [pool-271-thread-1] INFO  impl.RaftServerImpl (RaftServerImpl.java:start(185)) - 728ea44c-f097-440a-a87e-c27a68d48f14@group-F772D0974011: start as a follower, conf=-1: [728ea44c-f097-440a-a87e-c27a68d48f14:192.168.151.99:38783], old=null
2019-09-26 19:35:58,915 [Thread-6573] INFO  impl.FollowerState (FollowerState.java:run(106)) - 27cb48db-4b88-4c0c-b213-19f9b2fffaff:group-2304116CB40F changes to CANDIDATE, lastRpcTime:5188, electionTimeout:5188ms
2019-09-26 19:35:58,915 [pool-271-thread-1] INFO  impl.RaftServerImpl (RaftServerImpl.java:setRole(174)) - 728ea44c-f097-440a-a87e-c27a68d48f14@group-F772D0974011: changes role from      null to FOLLOWER at term 0 for startAsFollower
2019-09-26 19:35:58,915 [Thread-6573] INFO  impl.RoleInfo (RoleInfo.java:shutdownFollowerState(121)) - 27cb48db-4b88-4c0c-b213-19f9b2fffaff: shutdown FollowerState
2019-09-26 19:35:58,915 [pool-271-thread-1] INFO  impl.RoleInfo (RoleInfo.java:updateAndGet(143)) - 728ea44c-f097-440a-a87e-c27a68d48f14: start FollowerState
2019-09-26 19:35:58,915 [Thread-6573] INFO  impl.RaftServerImpl (RaftServerImpl.java:setRole(174)) - 27cb48db-4b88-4c0c-b213-19f9b2fffaff@group-2304116CB40F: changes role from  FOLLOWER to CANDIDATE at term 0 for changeToCandidate
2019-09-26 19:35:58,916 [Thread-6573] INFO  impl.RoleInfo (RoleInfo.java:updateAndGet(143)) - 27cb48db-4b88-4c0c-b213-19f9b2fffaff: start LeaderElection
2019-09-26 19:35:58,916 [pool-271-thread-1] INFO  util.JmxRegister (JmxRegister.java:tryRegister(44)) - Successfully registered JMX Bean with object name Ratis:service=RaftServer,group=group-F772D0974011,id=728ea44c-f097-440a-a87e-c27a68d48f14
2019-09-26 19:35:58,917 [RatisPipelineUtilsThread] INFO  pipeline.PipelineStateManager (PipelineStateManager.java:addPipeline(56)) - Created pipeline Pipeline[ Id: b1185b9f-d6df-4f17-8407-f772d0974011, Nodes: 728ea44c-f097-440a-a87e-c27a68d48f14{ip: 192.168.151.99, host: pr-hdds-1569-g6sp5-2013761785, networkLocation: /rack1, certSerialId: null}, Type:RATIS, Factor:ONE, State:OPEN]
2019-09-26 19:35:58,919 [grpc-default-executor-2] INFO  impl.RaftServerProxy (RaftServerProxy.java:addNew(89)) - 728ea44c-f097-440a-a87e-c27a68d48f14: addNew group-37AE607E88AE:[728ea44c-f097-440a-a87e-c27a68d48f14:192.168.151.99:38783] returns group-37AE607E88AE:java.util.concurrent.CompletableFuture@474dde30[Not completed]
2019-09-26 19:35:58,920 [pool-271-thread-1] INFO  impl.RaftServerImpl (RaftServerImpl.java:<init>(95)) - 728ea44c-f097-440a-a87e-c27a68d48f14: new RaftServerImpl for group-37AE607E88AE:[728ea44c-f097-440a-a87e-c27a68d48f14:192.168.151.99:38783] with ContainerStateMachine:uninitialized
2019-09-26 19:35:58,920 [pool-271-thread-1] INFO  server.RaftServerConfigKeys (ConfUtils.java:logGet(43)) - raft.server.rpc.timeout.min = 5s (custom)
2019-09-26 19:35:58,920 [pool-271-thread-1] INFO  server.RaftServerConfigKeys (ConfUtils.java:logGet(43)) - raft.server.rpc.timeout.max = 5200ms (custom)
2019-09-26 19:35:58,920 [pool-271-thread-1] INFO  server.RaftServerConfigKeys (ConfUtils.java:logGet(43)) - raft.server.rpcslowness.timeout = 120s (custom)
2019-09-26 19:35:58,920 [pool-271-thread-1] INFO  server.RaftServerConfigKeys (ConfUtils.java:logGet(43)) - raft.server.sleep.deviation.threshold = 300 (default)
2019-09-26 19:35:58,920 [pool-271-thread-1] INFO  server.RaftServerConfigKeys (ConfUtils.java:logGet(43)) - raft.server.log.appender.install.snapshot.enabled = false (custom)
2019-09-26 19:35:58,920 [pool-271-thread-1] INFO  impl.RaftServerImpl (ServerState.java:<init>(103)) - 728ea44c-f097-440a-a87e-c27a68d48f14@group-37AE607E88AE: ConfigurationManager, init=-1: [728ea44c-f097-440a-a87e-c27a68d48f14:192.168.151.99:38783], old=null, confs=<EMPTY_MAP>
2019-09-26 19:35:58,921 [pool-271-thread-1] INFO  server.RaftServerConfigKeys (ConfUtils.java:logGet(43)) - raft.server.storage.dir = [/workdir/hadoop-ozone/integration-test/target/test-dir/MiniOzoneClusterImpl-2f79a7d3-d7ae-4963-8370-12bb1e2132d7/datanode-1/data/ratis] (custom)
2019-09-26 19:35:58,921 [pool-271-thread-1] INFO  storage.RaftStorageDirectory (RaftStorageDirectory.java:analyzeStorage(246)) - The storage directory /workdir/hadoop-ozone/integration-test/target/test-dir/MiniOzoneClusterImpl-2f79a7d3-d7ae-4963-8370-12bb1e2132d7/datanode-1/data/ratis/13f19f27-8d7d-44c1-976d-37ae607e88ae does not exist. Creating ...
2019-09-26 19:35:58,921 [27cb48db-4b88-4c0c-b213-19f9b2fffaff@group-2304116CB40F:LeaderElection943] INFO  impl.LeaderElection (LeaderElection.java:askForVotes(182)) - 27cb48db-4b88-4c0c-b213-19f9b2fffaff@group-2304116CB40F:LeaderElection943: begin an election at term 1 for -1: [27cb48db-4b88-4c0c-b213-19f9b2fffaff:192.168.151.99:37457], old=null
2019-09-26 19:35:58,921 [99aa1396-69c4-4985-9b2a-20430cc4a0a7@group-A178365677C1:LeaderElection942] INFO  impl.LeaderElection (LeaderElection.java:askForVotes(182)) - 99aa1396-69c4-4985-9b2a-20430cc4a0a7@group-A178365677C1:LeaderElection942: begin an election at term 1 for -1: [99aa1396-69c4-4985-9b2a-20430cc4a0a7:192.168.151.99:40213], old=null
2019-09-26 19:35:58,922 [99aa1396-69c4-4985-9b2a-20430cc4a0a7@group-A178365677C1:LeaderElection942] INFO  impl.RoleInfo (RoleInfo.java:shutdownLeaderElection(134)) - 99aa1396-69c4-4985-9b2a-20430cc4a0a7: shutdown LeaderElection
2019-09-26 19:35:58,921 [99aa1396-69c4-4985-9b2a-20430cc4a0a7@group-BEEF3679E153-SegmentedRaftLogWorker] INFO  segmented.SegmentedRaftLogWorker (SegmentedRaftLogWorker.java:execute(569)) - 99aa1396-69c4-4985-9b2a-20430cc4a0a7@group-BEEF3679E153-SegmentedRaftLogWorker: created new log segment /workdir/hadoop-ozone/integration-test/target/test-dir/MiniOzoneClusterImpl-2f79a7d3-d7ae-4963-8370-12bb1e2132d7/datanode-2/data/ratis/24cfc256-65c0-4826-b6df-beef3679e153/current/log_inprogress_0
2019-09-26 19:35:58,922 [99aa1396-69c4-4985-9b2a-20430cc4a0a7@group-A178365677C1:LeaderElection942] INFO  impl.RaftServerImpl (RaftServerImpl.java:setRole(174)) - 99aa1396-69c4-4985-9b2a-20430cc4a0a7@group-A178365677C1: changes role from CANDIDATE to LEADER at term 1 for changeToLeader
2019-09-26 19:35:58,922 [99aa1396-69c4-4985-9b2a-20430cc4a0a7@group-A178365677C1:LeaderElection942] INFO  impl.RaftServerImpl (ServerState.java:setLeader(253)) - 99aa1396-69c4-4985-9b2a-20430cc4a0a7@group-A178365677C1: change Leader from null to 99aa1396-69c4-4985-9b2a-20430cc4a0a7 at term 1 for becomeLeader, leader elected after 5042ms
2019-09-26 19:35:58,921 [27cb48db-4b88-4c0c-b213-19f9b2fffaff@group-2304116CB40F:LeaderElection943] INFO  impl.RoleInfo (RoleInfo.java:shutdownLeaderElection(134)) - 27cb48db-4b88-4c0c-b213-19f9b2fffaff: shutdown LeaderElection
2019-09-26 19:35:58,922 [99aa1396-69c4-4985-9b2a-20430cc4a0a7@group-A178365677C1:LeaderElection942] INFO  server.RaftServerConfigKeys (ConfUtils.java:logGet(43)) - raft.server.staging.catchup.gap = 1000 (default)
2019-09-26 19:35:58,922 [27cb48db-4b88-4c0c-b213-19f9b2fffaff@group-2304116CB40F:LeaderElection943] INFO  impl.RaftServerImpl (RaftServerImpl.java:setRole(174)) - 27cb48db-4b88-4c0c-b213-19f9b2fffaff@group-2304116CB40F: changes role from CANDIDATE to LEADER at term 1 for changeToLeader
2019-09-26 19:35:58,922 [99aa1396-69c4-4985-9b2a-20430cc4a0a7@group-A178365677C1:LeaderElection942] INFO  server.RaftServerConfigKeys (ConfUtils.java:logGet(43)) - raft.server.rpc.sleep.time = 25ms (default)
2019-09-26 19:35:58,922 [27cb48db-4b88-4c0c-b213-19f9b2fffaff@group-2304116CB40F:LeaderElection943] INFO  impl.RaftServerImpl (ServerState.java:setLeader(253)) - 27cb48db-4b88-4c0c-b213-19f9b2fffaff@group-2304116CB40F: change Leader from null to 27cb48db-4b88-4c0c-b213-19f9b2fffaff at term 1 for becomeLeader, leader elected after 5200ms
2019-09-26 19:35:58,922 [99aa1396-69c4-4985-9b2a-20430cc4a0a7@group-A178365677C1:LeaderElection942] INFO  server.RaftServerConfigKeys (ConfUtils.java:logGet(43)) - raft.server.write.element-limit = 4096 (default)
2019-09-26 19:35:58,922 [27cb48db-4b88-4c0c-b213-19f9b2fffaff@group-2304116CB40F:LeaderElection943] INFO  server.RaftServerConfigKeys (ConfUtils.java:logGet(43)) - raft.server.staging.catchup.gap = 1000 (default)
2019-09-26 19:35:58,923 [99aa1396-69c4-4985-9b2a-20430cc4a0a7@group-A178365677C1:LeaderElection942] INFO  server.RaftServerConfigKeys (ConfUtils.java:logGet(43)) - raft.server.watch.timeout = 10s (default)
2019-09-26 19:35:58,923 [27cb48db-4b88-4c0c-b213-19f9b2fffaff@group-2304116CB40F:LeaderElection943] INFO  server.RaftServerConfigKeys (ConfUtils.java:logGet(43)) - raft.server.rpc.sleep.time = 25ms (default)
2019-09-26 19:35:58,923 [99aa1396-69c4-4985-9b2a-20430cc4a0a7@group-A178365677C1:LeaderElection942] INFO  server.RaftServerConfigKeys (ConfUtils.java:logGet(43)) - raft.server.watch.timeout.denomination = 1s (default)
2019-09-26 19:35:58,923 [27cb48db-4b88-4c0c-b213-19f9b2fffaff@group-2304116CB40F:LeaderElection943] INFO  server.RaftServerConfigKeys (ConfUtils.java:logGet(43)) - raft.server.write.element-limit = 4096 (default)
2019-09-26 19:35:58,923 [99aa1396-69c4-4985-9b2a-20430cc4a0a7@group-A178365677C1:LeaderElection942] INFO  server.RaftServerConfigKeys (ConfUtils.java:logGet(43)) - raft.server.watch.element-limit = 65536 (default)
2019-09-26 19:35:58,923 [27cb48db-4b88-4c0c-b213-19f9b2fffaff@group-2304116CB40F:LeaderElection943] INFO  server.RaftServerConfigKeys (ConfUtils.java:logGet(43)) - raft.server.watch.timeout = 10s (default)
2019-09-26 19:35:58,923 [27cb48db-4b88-4c0c-b213-19f9b2fffaff@group-2304116CB40F:LeaderElection943] INFO  server.RaftServerConfigKeys (ConfUtils.java:logGet(43)) - raft.server.watch.timeout.denomination = 1s (default)
2019-09-26 19:35:58,923 [27cb48db-4b88-4c0c-b213-19f9b2fffaff@group-2304116CB40F:LeaderElection943] INFO  server.RaftServerConfigKeys (ConfUtils.java:logGet(43)) - raft.server.watch.element-limit = 65536 (default)
2019-09-26 19:35:58,924 [99aa1396-69c4-4985-9b2a-20430cc4a0a7@group-A178365677C1:LeaderElection942] INFO  impl.RoleInfo (RoleInfo.java:updateAndGet(143)) - 99aa1396-69c4-4985-9b2a-20430cc4a0a7: start LeaderState
2019-09-26 19:35:58,925 [99aa1396-69c4-4985-9b2a-20430cc4a0a7@group-A178365677C1:LeaderElection942] INFO  segmented.SegmentedRaftLogWorker (SegmentedRaftLogWorker.java:startLogSegment(380)) - 99aa1396-69c4-4985-9b2a-20430cc4a0a7@group-A178365677C1-SegmentedRaftLogWorker: Starting segment from index:0
2019-09-26 19:35:58,925 [99aa1396-69c4-4985-9b2a-20430cc4a0a7@group-A178365677C1:LeaderElection942] INFO  impl.RaftServerImpl (ServerState.java:setRaftConf(354)) - 99aa1396-69c4-4985-9b2a-20430cc4a0a7@group-A178365677C1: set configuration 0: [99aa1396-69c4-4985-9b2a-20430cc4a0a7:192.168.151.99:40213], old=null at 0
2019-09-26 19:35:58,925 [27cb48db-4b88-4c0c-b213-19f9b2fffaff@group-2304116CB40F:LeaderElection943] INFO  impl.RoleInfo (RoleInfo.java:updateAndGet(143)) - 27cb48db-4b88-4c0c-b213-19f9b2fffaff: start LeaderState
2019-09-26 19:35:58,925 [27cb48db-4b88-4c0c-b213-19f9b2fffaff@group-2304116CB40F:LeaderElection943] INFO  segmented.SegmentedRaftLogWorker (SegmentedRaftLogWorker.java:startLogSegment(380)) - 27cb48db-4b88-4c0c-b213-19f9b2fffaff@group-2304116CB40F-SegmentedRaftLogWorker: Starting segment from index:0
2019-09-26 19:35:58,925 [27cb48db-4b88-4c0c-b213-19f9b2fffaff@group-2304116CB40F:LeaderElection943] INFO  impl.RaftServerImpl (ServerState.java:setRaftConf(354)) - 27cb48db-4b88-4c0c-b213-19f9b2fffaff@group-2304116CB40F: set configuration 0: [27cb48db-4b88-4c0c-b213-19f9b2fffaff:192.168.151.99:37457], old=null at 0
2019-09-26 19:35:58,935 [pool-271-thread-1] INFO  storage.RaftStorageDirectory (RaftStorageDirectory.java:tryLock(328)) - Lock on /workdir/hadoop-ozone/integration-test/target/test-dir/MiniOzoneClusterImpl-2f79a7d3-d7ae-4963-8370-12bb1e2132d7/datanode-1/data/ratis/13f19f27-8d7d-44c1-976d-37ae607e88ae/in_use.lock acquired by nodename 17888@pr-hdds-1569-g6sp5-2013761785
2019-09-26 19:35:58,949 [pool-271-thread-1] INFO  storage.RaftStorage (RaftStorage.java:format(72)) - Storage directory /workdir/hadoop-ozone/integration-test/target/test-dir/MiniOzoneClusterImpl-2f79a7d3-d7ae-4963-8370-12bb1e2132d7/datanode-1/data/ratis/13f19f27-8d7d-44c1-976d-37ae607e88ae has been successfully formatted.
2019-09-26 19:35:58,950 [pool-271-thread-1] INFO  ratis.ContainerStateMachine (ContainerStateMachine.java:loadSnapshot(230)) - group-37AE607E88AE: The snapshot info is null. Setting the last applied indexto:(t:0, i:~)
2019-09-26 19:35:58,950 [pool-271-thread-1] INFO  server.RaftServerConfigKeys (ConfUtils.java:logGet(43)) - raft.server.notification.no-leader.timeout = 120s (custom)
2019-09-26 19:35:58,950 [pool-271-thread-1] INFO  server.RaftServerConfigKeys (ConfUtils.java:logGet(43)) - raft.server.log.use.memory = false (default)
2019-09-26 19:35:58,950 [pool-271-thread-1] INFO  server.RaftServerConfigKeys (ConfUtils.java:logGet(43)) - raft.server.log.purge.gap = 1000000 (custom)
2019-09-26 19:35:58,950 [pool-271-thread-1] INFO  server.RaftServerConfigKeys (ConfUtils.java:logGet(43)) - raft.server.log.appender.buffer.byte-limit = 33554432 (custom)
2019-09-26 19:35:58,950 [pool-271-thread-1] INFO  server.RaftServerConfigKeys (ConfUtils.java:logGet(43)) - raft.server.log.segment.size.max = 1048576 (custom)
2019-09-26 19:35:58,950 [pool-271-thread-1] INFO  server.RaftServerConfigKeys (ConfUtils.java:logGet(43)) - raft.server.log.segment.cache.num.max = 2 (custom)
2019-09-26 19:35:58,950 [99aa1396-69c4-4985-9b2a-20430cc4a0a7@group-A178365677C1-SegmentedRaftLogWorker] INFO  segmented.SegmentedRaftLogWorker (SegmentedRaftLogWorker.java:execute(569)) - 99aa1396-69c4-4985-9b2a-20430cc4a0a7@group-A178365677C1-SegmentedRaftLogWorker: created new log segment /workdir/hadoop-ozone/integration-test/target/test-dir/MiniOzoneClusterImpl-2f79a7d3-d7ae-4963-8370-12bb1e2132d7/datanode-2/data/ratis/a7da5a2d-c532-4ca7-883f-a178365677c1/current/log_inprogress_0
2019-09-26 19:35:58,950 [pool-271-thread-1] INFO  segmented.SegmentedRaftLogWorker (SegmentedRaftLogWorker.java:<init>(172)) - new 728ea44c-f097-440a-a87e-c27a68d48f14@group-37AE607E88AE-SegmentedRaftLogWorker for RaftStorage:Storage Directory /workdir/hadoop-ozone/integration-test/target/test-dir/MiniOzoneClusterImpl-2f79a7d3-d7ae-4963-8370-12bb1e2132d7/datanode-1/data/ratis/13f19f27-8d7d-44c1-976d-37ae607e88ae
2019-09-26 19:35:58,951 [pool-271-thread-1] INFO  server.RaftServerConfigKeys (ConfUtils.java:logGet(43)) - raft.server.log.queue.byte-limit = 2147483647 (custom)
2019-09-26 19:35:58,951 [pool-271-thread-1] INFO  server.RaftServerConfigKeys (ConfUtils.java:logGet(43)) - raft.server.log.queue.element-limit = 1024 (custom)
2019-09-26 19:35:58,951 [pool-271-thread-1] INFO  server.RaftServerConfigKeys (ConfUtils.java:logGet(43)) - raft.server.log.segment.size.max = 1048576 (custom)
2019-09-26 19:35:58,951 [pool-271-thread-1] INFO  server.RaftServerConfigKeys (ConfUtils.java:logGet(43)) - raft.server.log.preallocated.size = 16384 (custom)
2019-09-26 19:35:58,951 [pool-271-thread-1] INFO  server.RaftServerConfigKeys (ConfUtils.java:logGet(43)) - raft.server.log.write.buffer.size = 33554432 (custom)
2019-09-26 19:35:58,951 [pool-271-thread-1] INFO  server.RaftServerConfigKeys (ConfUtils.java:logGet(43)) - raft.server.log.force.sync.num = 128 (default)
2019-09-26 19:35:58,951 [pool-271-thread-1] INFO  server.RaftServerConfigKeys (ConfUtils.java:logGet(43)) - raft.server.log.statemachine.data.sync = true (default)
2019-09-26 19:35:58,951 [pool-271-thread-1] INFO  server.RaftServerConfigKeys (ConfUtils.java:logGet(43)) - raft.server.log.statemachine.data.sync.timeout = 10s (default)
2019-09-26 19:35:58,952 [pool-271-thread-1] INFO  server.RaftServerConfigKeys (ConfUtils.java:logGet(43)) - raft.server.log.statemachine.data.sync.timeout.retry = -1 (default)
2019-09-26 19:35:58,952 [pool-271-thread-1] INFO  server.RaftServerConfigKeys (ConfUtils.java:logGet(43)) - raft.server.log.statemachine.data.caching.enabled = true (custom)
2019-09-26 19:35:58,952 [pool-271-thread-1] INFO  segmented.SegmentedRaftLogWorker (SegmentedRaftLogWorker.java:lambda$new$0(132)) - 728ea44c-f097-440a-a87e-c27a68d48f14@group-37AE607E88AE-SegmentedRaftLogWorker: flushIndex: setUnconditionally 0 -> -1
2019-09-26 19:35:58,952 [pool-271-thread-1] INFO  server.RaftServerConfigKeys (ConfUtils.java:logGet(43)) - raft.server.snapshot.auto.trigger.enabled = true (custom)
2019-09-26 19:35:58,952 [27cb48db-4b88-4c0c-b213-19f9b2fffaff@group-2304116CB40F-SegmentedRaftLogWorker] INFO  segmented.SegmentedRaftLogWorker (SegmentedRaftLogWorker.java:execute(569)) - 27cb48db-4b88-4c0c-b213-19f9b2fffaff@group-2304116CB40F-SegmentedRaftLogWorker: created new log segment /workdir/hadoop-ozone/integration-test/target/test-dir/MiniOzoneClusterImpl-2f79a7d3-d7ae-4963-8370-12bb1e2132d7/datanode-0/data/ratis/22e299bd-11da-4655-bbc6-2304116cb40f/current/log_inprogress_0
2019-09-26 19:35:58,952 [pool-271-thread-1] INFO  server.RaftServerConfigKeys (ConfUtils.java:logGet(43)) - raft.server.snapshot.auto.trigger.threshold = 10000 (custom)
2019-09-26 19:35:58,953 [pool-271-thread-1] INFO  server.RaftServerConfigKeys (ConfUtils.java:logGet(43)) - raft.server.snapshot.retention.num.files = 5 (custom)
2019-09-26 19:35:58,953 [pool-271-thread-1] INFO  server.RaftServerConfigKeys (ConfUtils.java:logGet(43)) - raft.server.retrycache.expirytime = 600000ms (custom)
2019-09-26 19:35:58,954 [pool-271-thread-1] INFO  impl.RaftServerImpl (RaftServerImpl.java:start(185)) - 728ea44c-f097-440a-a87e-c27a68d48f14@group-37AE607E88AE: start as a follower, conf=-1: [728ea44c-f097-440a-a87e-c27a68d48f14:192.168.151.99:38783], old=null
2019-09-26 19:35:58,954 [pool-271-thread-1] INFO  impl.RaftServerImpl (RaftServerImpl.java:setRole(174)) - 728ea44c-f097-440a-a87e-c27a68d48f14@group-37AE607E88AE: changes role from      null to FOLLOWER at term 0 for startAsFollower
2019-09-26 19:35:58,954 [pool-271-thread-1] INFO  impl.RoleInfo (RoleInfo.java:updateAndGet(143)) - 728ea44c-f097-440a-a87e-c27a68d48f14: start FollowerState
2019-09-26 19:35:58,955 [pool-271-thread-1] INFO  util.JmxRegister (JmxRegister.java:tryRegister(44)) - Successfully registered JMX Bean with object name Ratis:service=RaftServer,group=group-37AE607E88AE,id=728ea44c-f097-440a-a87e-c27a68d48f14
2019-09-26 19:35:58,956 [RatisPipelineUtilsThread] INFO  pipeline.PipelineStateManager (PipelineStateManager.java:addPipeline(56)) - Created pipeline Pipeline[ Id: 13f19f27-8d7d-44c1-976d-37ae607e88ae, Nodes: 728ea44c-f097-440a-a87e-c27a68d48f14{ip: 192.168.151.99, host: pr-hdds-1569-g6sp5-2013761785, networkLocation: /rack1, certSerialId: null}, Type:RATIS, Factor:ONE, State:OPEN]
2019-09-26 19:35:58,958 [grpc-default-executor-2] INFO  impl.RaftServerProxy (RaftServerProxy.java:addNew(89)) - 728ea44c-f097-440a-a87e-c27a68d48f14: addNew group-84AB2ADC60D9:[728ea44c-f097-440a-a87e-c27a68d48f14:192.168.151.99:38783] returns group-84AB2ADC60D9:java.util.concurrent.CompletableFuture@526cf9e0[Not completed]
2019-09-26 19:35:58,958 [pool-271-thread-1] INFO  impl.RaftServerImpl (RaftServerImpl.java:<init>(95)) - 728ea44c-f097-440a-a87e-c27a68d48f14: new RaftServerImpl for group-84AB2ADC60D9:[728ea44c-f097-440a-a87e-c27a68d48f14:192.168.151.99:38783] with ContainerStateMachine:uninitialized
2019-09-26 19:35:58,958 [pool-271-thread-1] INFO  server.RaftServerConfigKeys (ConfUtils.java:logGet(43)) - raft.server.rpc.timeout.min = 5s (custom)
2019-09-26 19:35:58,958 [pool-271-thread-1] INFO  server.RaftServerConfigKeys (ConfUtils.java:logGet(43)) - raft.server.rpc.timeout.max = 5200ms (custom)
2019-09-26 19:35:58,959 [pool-271-thread-1] INFO  server.RaftServerConfigKeys (ConfUtils.java:logGet(43)) - raft.server.rpcslowness.timeout = 120s (custom)
2019-09-26 19:35:58,959 [pool-271-thread-1] INFO  server.RaftServerConfigKeys (ConfUtils.java:logGet(43)) - raft.server.sleep.deviation.threshold = 300 (default)
2019-09-26 19:35:58,959 [pool-271-thread-1] INFO  server.RaftServerConfigKeys (ConfUtils.java:logGet(43)) - raft.server.log.appender.install.snapshot.enabled = false (custom)
2019-09-26 19:35:58,959 [pool-271-thread-1] INFO  impl.RaftServerImpl (ServerState.java:<init>(103)) - 728ea44c-f097-440a-a87e-c27a68d48f14@group-84AB2ADC60D9: ConfigurationManager, init=-1: [728ea44c-f097-440a-a87e-c27a68d48f14:192.168.151.99:38783], old=null, confs=<EMPTY_MAP>
2019-09-26 19:35:58,959 [pool-271-thread-1] INFO  server.RaftServerConfigKeys (ConfUtils.java:logGet(43)) - raft.server.storage.dir = [/workdir/hadoop-ozone/integration-test/target/test-dir/MiniOzoneClusterImpl-2f79a7d3-d7ae-4963-8370-12bb1e2132d7/datanode-1/data/ratis] (custom)
2019-09-26 19:35:58,959 [pool-271-thread-1] INFO  storage.RaftStorageDirectory (RaftStorageDirectory.java:analyzeStorage(246)) - The storage directory /workdir/hadoop-ozone/integration-test/target/test-dir/MiniOzoneClusterImpl-2f79a7d3-d7ae-4963-8370-12bb1e2132d7/datanode-1/data/ratis/ddb7eb70-98b1-4866-9e84-84ab2adc60d9 does not exist. Creating ...
2019-09-26 19:35:58,967 [pool-271-thread-1] INFO  storage.RaftStorageDirectory (RaftStorageDirectory.java:tryLock(328)) - Lock on /workdir/hadoop-ozone/integration-test/target/test-dir/MiniOzoneClusterImpl-2f79a7d3-d7ae-4963-8370-12bb1e2132d7/datanode-1/data/ratis/ddb7eb70-98b1-4866-9e84-84ab2adc60d9/in_use.lock acquired by nodename 17888@pr-hdds-1569-g6sp5-2013761785
2019-09-26 19:35:58,975 [pool-271-thread-1] INFO  storage.RaftStorage (RaftStorage.java:format(72)) - Storage directory /workdir/hadoop-ozone/integration-test/target/test-dir/MiniOzoneClusterImpl-2f79a7d3-d7ae-4963-8370-12bb1e2132d7/datanode-1/data/ratis/ddb7eb70-98b1-4866-9e84-84ab2adc60d9 has been successfully formatted.
2019-09-26 19:35:58,975 [pool-271-thread-1] INFO  ratis.ContainerStateMachine (ContainerStateMachine.java:loadSnapshot(230)) - group-84AB2ADC60D9: The snapshot info is null. Setting the last applied indexto:(t:0, i:~)
2019-09-26 19:35:58,975 [pool-271-thread-1] INFO  server.RaftServerConfigKeys (ConfUtils.java:logGet(43)) - raft.server.notification.no-leader.timeout = 120s (custom)
2019-09-26 19:35:58,975 [pool-271-thread-1] INFO  server.RaftServerConfigKeys (ConfUtils.java:logGet(43)) - raft.server.log.use.memory = false (default)
2019-09-26 19:35:58,975 [pool-271-thread-1] INFO  server.RaftServerConfigKeys (ConfUtils.java:logGet(43)) - raft.server.log.purge.gap = 1000000 (custom)
2019-09-26 19:35:58,975 [pool-271-thread-1] INFO  server.RaftServerConfigKeys (ConfUtils.java:logGet(43)) - raft.server.log.appender.buffer.byte-limit = 33554432 (custom)
2019-09-26 19:35:58,976 [pool-271-thread-1] INFO  server.RaftServerConfigKeys (ConfUtils.java:logGet(43)) - raft.server.log.segment.size.max = 1048576 (custom)
2019-09-26 19:35:58,976 [pool-271-thread-1] INFO  server.RaftServerConfigKeys (ConfUtils.java:logGet(43)) - raft.server.log.segment.cache.num.max = 2 (custom)
2019-09-26 19:35:58,976 [pool-271-thread-1] INFO  segmented.SegmentedRaftLogWorker (SegmentedRaftLogWorker.java:<init>(172)) - new 728ea44c-f097-440a-a87e-c27a68d48f14@group-84AB2ADC60D9-SegmentedRaftLogWorker for RaftStorage:Storage Directory /workdir/hadoop-ozone/integration-test/target/test-dir/MiniOzoneClusterImpl-2f79a7d3-d7ae-4963-8370-12bb1e2132d7/datanode-1/data/ratis/ddb7eb70-98b1-4866-9e84-84ab2adc60d9
2019-09-26 19:35:58,976 [pool-271-thread-1] INFO  server.RaftServerConfigKeys (ConfUtils.java:logGet(43)) - raft.server.log.queue.byte-limit = 2147483647 (custom)
2019-09-26 19:35:58,976 [pool-271-thread-1] INFO  server.RaftServerConfigKeys (ConfUtils.java:logGet(43)) - raft.server.log.queue.element-limit = 1024 (custom)
2019-09-26 19:35:58,976 [pool-271-thread-1] INFO  server.RaftServerConfigKeys (ConfUtils.java:logGet(43)) - raft.server.log.segment.size.max = 1048576 (custom)
2019-09-26 19:35:58,976 [pool-271-thread-1] INFO  server.RaftServerConfigKeys (ConfUtils.java:logGet(43)) - raft.server.log.preallocated.size = 16384 (custom)
2019-09-26 19:35:58,976 [pool-271-thread-1] INFO  server.RaftServerConfigKeys (ConfUtils.java:logGet(43)) - raft.server.log.write.buffer.size = 33554432 (custom)
2019-09-26 19:35:58,977 [pool-271-thread-1] INFO  server.RaftServerConfigKeys (ConfUtils.java:logGet(43)) - raft.server.log.force.sync.num = 128 (default)
2019-09-26 19:35:58,977 [pool-271-thread-1] INFO  server.RaftServerConfigKeys (ConfUtils.java:logGet(43)) - raft.server.log.statemachine.data.sync = true (default)
2019-09-26 19:35:58,977 [pool-271-thread-1] INFO  server.RaftServerConfigKeys (ConfUtils.java:logGet(43)) - raft.server.log.statemachine.data.sync.timeout = 10s (default)
2019-09-26 19:35:58,977 [pool-271-thread-1] INFO  server.RaftServerConfigKeys (ConfUtils.java:logGet(43)) - raft.server.log.statemachine.data.sync.timeout.retry = -1 (default)
2019-09-26 19:35:58,977 [pool-271-thread-1] INFO  server.RaftServerConfigKeys (ConfUtils.java:logGet(43)) - raft.server.log.statemachine.data.caching.enabled = true (custom)
2019-09-26 19:35:58,977 [pool-271-thread-1] INFO  segmented.SegmentedRaftLogWorker (SegmentedRaftLogWorker.java:lambda$new$0(132)) - 728ea44c-f097-440a-a87e-c27a68d48f14@group-84AB2ADC60D9-SegmentedRaftLogWorker: flushIndex: setUnconditionally 0 -> -1
2019-09-26 19:35:58,978 [pool-271-thread-1] INFO  server.RaftServerConfigKeys (ConfUtils.java:logGet(43)) - raft.server.snapshot.auto.trigger.enabled = true (custom)
2019-09-26 19:35:58,978 [pool-271-thread-1] INFO  server.RaftServerConfigKeys (ConfUtils.java:logGet(43)) - raft.server.snapshot.auto.trigger.threshold = 10000 (custom)
2019-09-26 19:35:58,978 [pool-271-thread-1] INFO  server.RaftServerConfigKeys (ConfUtils.java:logGet(43)) - raft.server.snapshot.retention.num.files = 5 (custom)
2019-09-26 19:35:58,978 [pool-271-thread-1] INFO  server.RaftServerConfigKeys (ConfUtils.java:logGet(43)) - raft.server.retrycache.expirytime = 600000ms (custom)
2019-09-26 19:35:58,979 [pool-271-thread-1] INFO  impl.RaftServerImpl (RaftServerImpl.java:start(185)) - 728ea44c-f097-440a-a87e-c27a68d48f14@group-84AB2ADC60D9: start as a follower, conf=-1: [728ea44c-f097-440a-a87e-c27a68d48f14:192.168.151.99:38783], old=null
2019-09-26 19:35:58,979 [pool-271-thread-1] INFO  impl.RaftServerImpl (RaftServerImpl.java:setRole(174)) - 728ea44c-f097-440a-a87e-c27a68d48f14@group-84AB2ADC60D9: changes role from      null to FOLLOWER at term 0 for startAsFollower
2019-09-26 19:35:58,980 [pool-271-thread-1] INFO  impl.RoleInfo (RoleInfo.java:updateAndGet(143)) - 728ea44c-f097-440a-a87e-c27a68d48f14: start FollowerState
2019-09-26 19:35:58,980 [pool-271-thread-1] INFO  util.JmxRegister (JmxRegister.java:tryRegister(44)) - Successfully registered JMX Bean with object name Ratis:service=RaftServer,group=group-84AB2ADC60D9,id=728ea44c-f097-440a-a87e-c27a68d48f14
2019-09-26 19:35:58,981 [RatisPipelineUtilsThread] INFO  pipeline.PipelineStateManager (PipelineStateManager.java:addPipeline(56)) - Created pipeline Pipeline[ Id: ddb7eb70-98b1-4866-9e84-84ab2adc60d9, Nodes: 728ea44c-f097-440a-a87e-c27a68d48f14{ip: 192.168.151.99, host: pr-hdds-1569-g6sp5-2013761785, networkLocation: /rack1, certSerialId: null}, Type:RATIS, Factor:ONE, State:OPEN]
2019-09-26 19:35:58,983 [grpc-default-executor-2] INFO  impl.RaftServerProxy (RaftServerProxy.java:addNew(89)) - 99aa1396-69c4-4985-9b2a-20430cc4a0a7: addNew group-FBCC5E2B6B47:[99aa1396-69c4-4985-9b2a-20430cc4a0a7:192.168.151.99:40213] returns group-FBCC5E2B6B47:java.util.concurrent.CompletableFuture@7eff0630[Not completed]
2019-09-26 19:35:58,983 [pool-281-thread-1] INFO  impl.RaftServerImpl (RaftServerImpl.java:<init>(95)) - 99aa1396-69c4-4985-9b2a-20430cc4a0a7: new RaftServerImpl for group-FBCC5E2B6B47:[99aa1396-69c4-4985-9b2a-20430cc4a0a7:192.168.151.99:40213] with ContainerStateMachine:uninitialized
2019-09-26 19:35:58,983 [pool-281-thread-1] INFO  server.RaftServerConfigKeys (ConfUtils.java:logGet(43)) - raft.server.rpc.timeout.min = 5s (custom)
2019-09-26 19:35:58,983 [pool-281-thread-1] INFO  server.RaftServerConfigKeys (ConfUtils.java:logGet(43)) - raft.server.rpc.timeout.max = 5200ms (custom)
2019-09-26 19:35:58,983 [pool-281-thread-1] INFO  server.RaftServerConfigKeys (ConfUtils.java:logGet(43)) - raft.server.rpcslowness.timeout = 120s (custom)
2019-09-26 19:35:58,983 [pool-281-thread-1] INFO  server.RaftServerConfigKeys (ConfUtils.java:logGet(43)) - raft.server.sleep.deviation.threshold = 300 (default)
2019-09-26 19:35:58,983 [pool-281-thread-1] INFO  server.RaftServerConfigKeys (ConfUtils.java:logGet(43)) - raft.server.log.appender.install.snapshot.enabled = false (custom)
2019-09-26 19:35:58,983 [pool-281-thread-1] INFO  impl.RaftServerImpl (ServerState.java:<init>(103)) - 99aa1396-69c4-4985-9b2a-20430cc4a0a7@group-FBCC5E2B6B47: ConfigurationManager, init=-1: [99aa1396-69c4-4985-9b2a-20430cc4a0a7:192.168.151.99:40213], old=null, confs=<EMPTY_MAP>
2019-09-26 19:35:58,983 [pool-281-thread-1] INFO  server.RaftServerConfigKeys (ConfUtils.java:logGet(43)) - raft.server.storage.dir = [/workdir/hadoop-ozone/integration-test/target/test-dir/MiniOzoneClusterImpl-2f79a7d3-d7ae-4963-8370-12bb1e2132d7/datanode-2/data/ratis] (custom)
2019-09-26 19:35:58,984 [pool-281-thread-1] INFO  storage.RaftStorageDirectory (RaftStorageDirectory.java:analyzeStorage(246)) - The storage directory /workdir/hadoop-ozone/integration-test/target/test-dir/MiniOzoneClusterImpl-2f79a7d3-d7ae-4963-8370-12bb1e2132d7/datanode-2/data/ratis/d4a40acf-fcc5-484e-9f9b-fbcc5e2b6b47 does not exist. Creating ...
2019-09-26 19:35:58,992 [pool-281-thread-1] INFO  storage.RaftStorageDirectory (RaftStorageDirectory.java:tryLock(328)) - Lock on /workdir/hadoop-ozone/integration-test/target/test-dir/MiniOzoneClusterImpl-2f79a7d3-d7ae-4963-8370-12bb1e2132d7/datanode-2/data/ratis/d4a40acf-fcc5-484e-9f9b-fbcc5e2b6b47/in_use.lock acquired by nodename 17888@pr-hdds-1569-g6sp5-2013761785
2019-09-26 19:35:58,995 [pool-281-thread-1] INFO  storage.RaftStorage (RaftStorage.java:format(72)) - Storage directory /workdir/hadoop-ozone/integration-test/target/test-dir/MiniOzoneClusterImpl-2f79a7d3-d7ae-4963-8370-12bb1e2132d7/datanode-2/data/ratis/d4a40acf-fcc5-484e-9f9b-fbcc5e2b6b47 has been successfully formatted.
2019-09-26 19:35:58,995 [pool-281-thread-1] INFO  ratis.ContainerStateMachine (ContainerStateMachine.java:loadSnapshot(230)) - group-FBCC5E2B6B47: The snapshot info is null. Setting the last applied indexto:(t:0, i:~)
2019-09-26 19:35:58,995 [pool-281-thread-1] INFO  server.RaftServerConfigKeys (ConfUtils.java:logGet(43)) - raft.server.notification.no-leader.timeout = 120s (custom)
2019-09-26 19:35:58,995 [pool-281-thread-1] INFO  server.RaftServerConfigKeys (ConfUtils.java:logGet(43)) - raft.server.log.use.memory = false (default)
2019-09-26 19:35:58,995 [pool-281-thread-1] INFO  server.RaftServerConfigKeys (ConfUtils.java:logGet(43)) - raft.server.log.purge.gap = 1000000 (custom)
2019-09-26 19:35:58,995 [pool-281-thread-1] INFO  server.RaftServerConfigKeys (ConfUtils.java:logGet(43)) - raft.server.log.appender.buffer.byte-limit = 33554432 (custom)
2019-09-26 19:35:58,995 [pool-281-thread-1] INFO  server.RaftServerConfigKeys (ConfUtils.java:logGet(43)) - raft.server.log.segment.size.max = 1048576 (custom)
2019-09-26 19:35:58,995 [pool-281-thread-1] INFO  server.RaftServerConfigKeys (ConfUtils.java:logGet(43)) - raft.server.log.segment.cache.num.max = 2 (custom)
2019-09-26 19:35:58,995 [pool-281-thread-1] INFO  segmented.SegmentedRaftLogWorker (SegmentedRaftLogWorker.java:<init>(172)) - new 99aa1396-69c4-4985-9b2a-20430cc4a0a7@group-FBCC5E2B6B47-SegmentedRaftLogWorker for RaftStorage:Storage Directory /workdir/hadoop-ozone/integration-test/target/test-dir/MiniOzoneClusterImpl-2f79a7d3-d7ae-4963-8370-12bb1e2132d7/datanode-2/data/ratis/d4a40acf-fcc5-484e-9f9b-fbcc5e2b6b47
2019-09-26 19:35:58,995 [pool-281-thread-1] INFO  server.RaftServerConfigKeys (ConfUtils.java:logGet(43)) - raft.server.log.queue.byte-limit = 2147483647 (custom)
2019-09-26 19:35:58,996 [pool-281-thread-1] INFO  server.RaftServerConfigKeys (ConfUtils.java:logGet(43)) - raft.server.log.queue.element-limit = 1024 (custom)
2019-09-26 19:35:58,996 [pool-281-thread-1] INFO  server.RaftServerConfigKeys (ConfUtils.java:logGet(43)) - raft.server.log.segment.size.max = 1048576 (custom)
2019-09-26 19:35:58,996 [pool-281-thread-1] INFO  server.RaftServerConfigKeys (ConfUtils.java:logGet(43)) - raft.server.log.preallocated.size = 16384 (custom)
2019-09-26 19:35:58,996 [pool-281-thread-1] INFO  server.RaftServerConfigKeys (ConfUtils.java:logGet(43)) - raft.server.log.write.buffer.size = 33554432 (custom)
2019-09-26 19:35:58,996 [pool-281-thread-1] INFO  server.RaftServerConfigKeys (ConfUtils.java:logGet(43)) - raft.server.log.force.sync.num = 128 (default)
2019-09-26 19:35:58,996 [pool-281-thread-1] INFO  server.RaftServerConfigKeys (ConfUtils.java:logGet(43)) - raft.server.log.statemachine.data.sync = true (default)
2019-09-26 19:35:58,996 [pool-281-thread-1] INFO  server.RaftServerConfigKeys (ConfUtils.java:logGet(43)) - raft.server.log.statemachine.data.sync.timeout = 10s (default)
2019-09-26 19:35:58,996 [pool-281-thread-1] INFO  server.RaftServerConfigKeys (ConfUtils.java:logGet(43)) - raft.server.log.statemachine.data.sync.timeout.retry = -1 (default)
2019-09-26 19:35:58,996 [pool-281-thread-1] INFO  server.RaftServerConfigKeys (ConfUtils.java:logGet(43)) - raft.server.log.statemachine.data.caching.enabled = true (custom)
2019-09-26 19:35:58,996 [pool-281-thread-1] INFO  segmented.SegmentedRaftLogWorker (SegmentedRaftLogWorker.java:lambda$new$0(132)) - 99aa1396-69c4-4985-9b2a-20430cc4a0a7@group-FBCC5E2B6B47-SegmentedRaftLogWorker: flushIndex: setUnconditionally 0 -> -1
2019-09-26 19:35:58,997 [pool-281-thread-1] INFO  server.RaftServerConfigKeys (ConfUtils.java:logGet(43)) - raft.server.snapshot.auto.trigger.enabled = true (custom)
2019-09-26 19:35:58,997 [pool-281-thread-1] INFO  server.RaftServerConfigKeys (ConfUtils.java:logGet(43)) - raft.server.snapshot.auto.trigger.threshold = 10000 (custom)
2019-09-26 19:35:58,997 [pool-281-thread-1] INFO  server.RaftServerConfigKeys (ConfUtils.java:logGet(43)) - raft.server.snapshot.retention.num.files = 5 (custom)
2019-09-26 19:35:58,997 [pool-281-thread-1] INFO  server.RaftServerConfigKeys (ConfUtils.java:logGet(43)) - raft.server.retrycache.expirytime = 600000ms (custom)
2019-09-26 19:35:58,998 [pool-281-thread-1] INFO  impl.RaftServerImpl (RaftServerImpl.java:start(185)) - 99aa1396-69c4-4985-9b2a-20430cc4a0a7@group-FBCC5E2B6B47: start as a follower, conf=-1: [99aa1396-69c4-4985-9b2a-20430cc4a0a7:192.168.151.99:40213], old=null
2019-09-26 19:35:58,998 [pool-281-thread-1] INFO  impl.RaftServerImpl (RaftServerImpl.java:setRole(174)) - 99aa1396-69c4-4985-9b2a-20430cc4a0a7@group-FBCC5E2B6B47: changes role from      null to FOLLOWER at term 0 for startAsFollower
2019-09-26 19:35:58,998 [pool-281-thread-1] INFO  impl.RoleInfo (RoleInfo.java:updateAndGet(143)) - 99aa1396-69c4-4985-9b2a-20430cc4a0a7: start FollowerState
2019-09-26 19:35:58,998 [pool-281-thread-1] INFO  util.JmxRegister (JmxRegister.java:tryRegister(44)) - Successfully registered JMX Bean with object name Ratis:service=RaftServer,group=group-FBCC5E2B6B47,id=99aa1396-69c4-4985-9b2a-20430cc4a0a7
2019-09-26 19:35:58,999 [RatisPipelineUtilsThread] INFO  pipeline.PipelineStateManager (PipelineStateManager.java:addPipeline(56)) - Created pipeline Pipeline[ Id: d4a40acf-fcc5-484e-9f9b-fbcc5e2b6b47, Nodes: 99aa1396-69c4-4985-9b2a-20430cc4a0a7{ip: 192.168.151.99, host: pr-hdds-1569-g6sp5-2013761785, networkLocation: /rack1, certSerialId: null}, Type:RATIS, Factor:ONE, State:OPEN]
2019-09-26 19:35:59,001 [grpc-default-executor-2] INFO  impl.RaftServerProxy (RaftServerProxy.java:addNew(89)) - 27cb48db-4b88-4c0c-b213-19f9b2fffaff: addNew group-A6166F251855:[27cb48db-4b88-4c0c-b213-19f9b2fffaff:192.168.151.99:37457] returns group-A6166F251855:java.util.concurrent.CompletableFuture@1cb2753d[Not completed]
2019-09-26 19:35:59,001 [pool-261-thread-1] INFO  impl.RaftServerImpl (RaftServerImpl.java:<init>(95)) - 27cb48db-4b88-4c0c-b213-19f9b2fffaff: new RaftServerImpl for group-A6166F251855:[27cb48db-4b88-4c0c-b213-19f9b2fffaff:192.168.151.99:37457] with ContainerStateMachine:uninitialized
2019-09-26 19:35:59,001 [pool-261-thread-1] INFO  server.RaftServerConfigKeys (ConfUtils.java:logGet(43)) - raft.server.rpc.timeout.min = 5s (custom)
2019-09-26 19:35:59,001 [pool-261-thread-1] INFO  server.RaftServerConfigKeys (ConfUtils.java:logGet(43)) - raft.server.rpc.timeout.max = 5200ms (custom)
2019-09-26 19:35:59,001 [pool-261-thread-1] INFO  server.RaftServerConfigKeys (ConfUtils.java:logGet(43)) - raft.server.rpcslowness.timeout = 120s (custom)
2019-09-26 19:35:59,001 [pool-261-thread-1] INFO  server.RaftServerConfigKeys (ConfUtils.java:logGet(43)) - raft.server.sleep.deviation.threshold = 300 (default)
2019-09-26 19:35:59,001 [pool-261-thread-1] INFO  server.RaftServerConfigKeys (ConfUtils.java:logGet(43)) - raft.server.log.appender.install.snapshot.enabled = false (custom)
2019-09-26 19:35:59,001 [pool-261-thread-1] INFO  impl.RaftServerImpl (ServerState.java:<init>(103)) - 27cb48db-4b88-4c0c-b213-19f9b2fffaff@group-A6166F251855: ConfigurationManager, init=-1: [27cb48db-4b88-4c0c-b213-19f9b2fffaff:192.168.151.99:37457], old=null, confs=<EMPTY_MAP>
2019-09-26 19:35:59,001 [pool-261-thread-1] INFO  server.RaftServerConfigKeys (ConfUtils.java:logGet(43)) - raft.server.storage.dir = [/workdir/hadoop-ozone/integration-test/target/test-dir/MiniOzoneClusterImpl-2f79a7d3-d7ae-4963-8370-12bb1e2132d7/datanode-0/data/ratis] (custom)
2019-09-26 19:35:59,002 [pool-261-thread-1] INFO  storage.RaftStorageDirectory (RaftStorageDirectory.java:analyzeStorage(246)) - The storage directory /workdir/hadoop-ozone/integration-test/target/test-dir/MiniOzoneClusterImpl-2f79a7d3-d7ae-4963-8370-12bb1e2132d7/datanode-0/data/ratis/b28398c3-78b8-4fc3-8829-a6166f251855 does not exist. Creating ...
2019-09-26 19:35:59,007 [pool-261-thread-1] INFO  storage.RaftStorageDirectory (RaftStorageDirectory.java:tryLock(328)) - Lock on /workdir/hadoop-ozone/integration-test/target/test-dir/MiniOzoneClusterImpl-2f79a7d3-d7ae-4963-8370-12bb1e2132d7/datanode-0/data/ratis/b28398c3-78b8-4fc3-8829-a6166f251855/in_use.lock acquired by nodename 17888@pr-hdds-1569-g6sp5-2013761785
2019-09-26 19:35:59,009 [pool-261-thread-1] INFO  storage.RaftStorage (RaftStorage.java:format(72)) - Storage directory /workdir/hadoop-ozone/integration-test/target/test-dir/MiniOzoneClusterImpl-2f79a7d3-d7ae-4963-8370-12bb1e2132d7/datanode-0/data/ratis/b28398c3-78b8-4fc3-8829-a6166f251855 has been successfully formatted.
2019-09-26 19:35:59,010 [pool-261-thread-1] INFO  ratis.ContainerStateMachine (ContainerStateMachine.java:loadSnapshot(230)) - group-A6166F251855: The snapshot info is null. Setting the last applied indexto:(t:0, i:~)
2019-09-26 19:35:59,010 [pool-261-thread-1] INFO  server.RaftServerConfigKeys (ConfUtils.java:logGet(43)) - raft.server.notification.no-leader.timeout = 120s (custom)
2019-09-26 19:35:59,010 [pool-261-thread-1] INFO  server.RaftServerConfigKeys (ConfUtils.java:logGet(43)) - raft.server.log.use.memory = false (default)
2019-09-26 19:35:59,010 [pool-261-thread-1] INFO  server.RaftServerConfigKeys (ConfUtils.java:logGet(43)) - raft.server.log.purge.gap = 1000000 (custom)
2019-09-26 19:35:59,010 [pool-261-thread-1] INFO  server.RaftServerConfigKeys (ConfUtils.java:logGet(43)) - raft.server.log.appender.buffer.byte-limit = 33554432 (custom)
2019-09-26 19:35:59,010 [pool-261-thread-1] INFO  server.RaftServerConfigKeys (ConfUtils.java:logGet(43)) - raft.server.log.segment.size.max = 1048576 (custom)
2019-09-26 19:35:59,010 [pool-261-thread-1] INFO  server.RaftServerConfigKeys (ConfUtils.java:logGet(43)) - raft.server.log.segment.cache.num.max = 2 (custom)
2019-09-26 19:35:59,010 [pool-261-thread-1] INFO  segmented.SegmentedRaftLogWorker (SegmentedRaftLogWorker.java:<init>(172)) - new 27cb48db-4b88-4c0c-b213-19f9b2fffaff@group-A6166F251855-SegmentedRaftLogWorker for RaftStorage:Storage Directory /workdir/hadoop-ozone/integration-test/target/test-dir/MiniOzoneClusterImpl-2f79a7d3-d7ae-4963-8370-12bb1e2132d7/datanode-0/data/ratis/b28398c3-78b8-4fc3-8829-a6166f251855
2019-09-26 19:35:59,010 [pool-261-thread-1] INFO  server.RaftServerConfigKeys (ConfUtils.java:logGet(43)) - raft.server.log.queue.byte-limit = 2147483647 (custom)
2019-09-26 19:35:59,010 [pool-261-thread-1] INFO  server.RaftServerConfigKeys (ConfUtils.java:logGet(43)) - raft.server.log.queue.element-limit = 1024 (custom)
2019-09-26 19:35:59,010 [pool-261-thread-1] INFO  server.RaftServerConfigKeys (ConfUtils.java:logGet(43)) - raft.server.log.segment.size.max = 1048576 (custom)
2019-09-26 19:35:59,010 [pool-261-thread-1] INFO  server.RaftServerConfigKeys (ConfUtils.java:logGet(43)) - raft.server.log.preallocated.size = 16384 (custom)
2019-09-26 19:35:59,010 [pool-261-thread-1] INFO  server.RaftServerConfigKeys (ConfUtils.java:logGet(43)) - raft.server.log.write.buffer.size = 33554432 (custom)
2019-09-26 19:35:59,011 [pool-261-thread-1] INFO  server.RaftServerConfigKeys (ConfUtils.java:logGet(43)) - raft.server.log.force.sync.num = 128 (default)
2019-09-26 19:35:59,011 [pool-261-thread-1] INFO  server.RaftServerConfigKeys (ConfUtils.java:logGet(43)) - raft.server.log.statemachine.data.sync = true (default)
2019-09-26 19:35:59,011 [pool-261-thread-1] INFO  server.RaftServerConfigKeys (ConfUtils.java:logGet(43)) - raft.server.log.statemachine.data.sync.timeout = 10s (default)
2019-09-26 19:35:59,011 [pool-261-thread-1] INFO  server.RaftServerConfigKeys (ConfUtils.java:logGet(43)) - raft.server.log.statemachine.data.sync.timeout.retry = -1 (default)
2019-09-26 19:35:59,011 [pool-261-thread-1] INFO  server.RaftServerConfigKeys (ConfUtils.java:logGet(43)) - raft.server.log.statemachine.data.caching.enabled = true (custom)
2019-09-26 19:35:59,011 [pool-261-thread-1] INFO  segmented.SegmentedRaftLogWorker (SegmentedRaftLogWorker.java:lambda$new$0(132)) - 27cb48db-4b88-4c0c-b213-19f9b2fffaff@group-A6166F251855-SegmentedRaftLogWorker: flushIndex: setUnconditionally 0 -> -1
2019-09-26 19:35:59,011 [pool-261-thread-1] INFO  server.RaftServerConfigKeys (ConfUtils.java:logGet(43)) - raft.server.snapshot.auto.trigger.enabled = true (custom)
2019-09-26 19:35:59,011 [pool-261-thread-1] INFO  server.RaftServerConfigKeys (ConfUtils.java:logGet(43)) - raft.server.snapshot.auto.trigger.threshold = 10000 (custom)
2019-09-26 19:35:59,011 [pool-261-thread-1] INFO  server.RaftServerConfigKeys (ConfUtils.java:logGet(43)) - raft.server.snapshot.retention.num.files = 5 (custom)
2019-09-26 19:35:59,011 [pool-261-thread-1] INFO  server.RaftServerConfigKeys (ConfUtils.java:logGet(43)) - raft.server.retrycache.expirytime = 600000ms (custom)
2019-09-26 19:35:59,012 [pool-261-thread-1] INFO  impl.RaftServerImpl (RaftServerImpl.java:start(185)) - 27cb48db-4b88-4c0c-b213-19f9b2fffaff@group-A6166F251855: start as a follower, conf=-1: [27cb48db-4b88-4c0c-b213-19f9b2fffaff:192.168.151.99:37457], old=null
2019-09-26 19:35:59,012 [pool-261-thread-1] INFO  impl.RaftServerImpl (RaftServerImpl.java:setRole(174)) - 27cb48db-4b88-4c0c-b213-19f9b2fffaff@group-A6166F251855: changes role from      null to FOLLOWER at term 0 for startAsFollower
2019-09-26 19:35:59,012 [pool-261-thread-1] INFO  impl.RoleInfo (RoleInfo.java:updateAndGet(143)) - 27cb48db-4b88-4c0c-b213-19f9b2fffaff: start FollowerState
2019-09-26 19:35:59,013 [pool-261-thread-1] INFO  util.JmxRegister (JmxRegister.java:tryRegister(44)) - Successfully registered JMX Bean with object name Ratis:service=RaftServer,group=group-A6166F251855,id=27cb48db-4b88-4c0c-b213-19f9b2fffaff
2019-09-26 19:35:59,014 [RatisPipelineUtilsThread] INFO  pipeline.PipelineStateManager (PipelineStateManager.java:addPipeline(56)) - Created pipeline Pipeline[ Id: b28398c3-78b8-4fc3-8829-a6166f251855, Nodes: 27cb48db-4b88-4c0c-b213-19f9b2fffaff{ip: 192.168.151.99, host: pr-hdds-1569-g6sp5-2013761785, networkLocation: /rack1, certSerialId: null}, Type:RATIS, Factor:ONE, State:OPEN]
2019-09-26 19:35:59,015 [grpc-default-executor-2] INFO  impl.RaftServerProxy (RaftServerProxy.java:addNew(89)) - 27cb48db-4b88-4c0c-b213-19f9b2fffaff: addNew group-7C23D55C331C:[27cb48db-4b88-4c0c-b213-19f9b2fffaff:192.168.151.99:37457] returns group-7C23D55C331C:java.util.concurrent.CompletableFuture@1ae554cd[Not completed]
2019-09-26 19:35:59,016 [pool-261-thread-1] INFO  impl.RaftServerImpl (RaftServerImpl.java:<init>(95)) - 27cb48db-4b88-4c0c-b213-19f9b2fffaff: new RaftServerImpl for group-7C23D55C331C:[27cb48db-4b88-4c0c-b213-19f9b2fffaff:192.168.151.99:37457] with ContainerStateMachine:uninitialized
2019-09-26 19:35:59,016 [pool-261-thread-1] INFO  server.RaftServerConfigKeys (ConfUtils.java:logGet(43)) - raft.server.rpc.timeout.min = 5s (custom)
2019-09-26 19:35:59,016 [pool-261-thread-1] INFO  server.RaftServerConfigKeys (ConfUtils.java:logGet(43)) - raft.server.rpc.timeout.max = 5200ms (custom)
2019-09-26 19:35:59,016 [pool-261-thread-1] INFO  server.RaftServerConfigKeys (ConfUtils.java:logGet(43)) - raft.server.rpcslowness.timeout = 120s (custom)
2019-09-26 19:35:59,016 [pool-261-thread-1] INFO  server.RaftServerConfigKeys (ConfUtils.java:logGet(43)) - raft.server.sleep.deviation.threshold = 300 (default)
2019-09-26 19:35:59,016 [pool-261-thread-1] INFO  server.RaftServerConfigKeys (ConfUtils.java:logGet(43)) - raft.server.log.appender.install.snapshot.enabled = false (custom)
2019-09-26 19:35:59,016 [pool-261-thread-1] INFO  impl.RaftServerImpl (ServerState.java:<init>(103)) - 27cb48db-4b88-4c0c-b213-19f9b2fffaff@group-7C23D55C331C: ConfigurationManager, init=-1: [27cb48db-4b88-4c0c-b213-19f9b2fffaff:192.168.151.99:37457], old=null, confs=<EMPTY_MAP>
2019-09-26 19:35:59,016 [pool-261-thread-1] INFO  server.RaftServerConfigKeys (ConfUtils.java:logGet(43)) - raft.server.storage.dir = [/workdir/hadoop-ozone/integration-test/target/test-dir/MiniOzoneClusterImpl-2f79a7d3-d7ae-4963-8370-12bb1e2132d7/datanode-0/data/ratis] (custom)
2019-09-26 19:35:59,017 [pool-261-thread-1] INFO  storage.RaftStorageDirectory (RaftStorageDirectory.java:analyzeStorage(246)) - The storage directory /workdir/hadoop-ozone/integration-test/target/test-dir/MiniOzoneClusterImpl-2f79a7d3-d7ae-4963-8370-12bb1e2132d7/datanode-0/data/ratis/6f9522e4-035a-4d5f-b255-7c23d55c331c does not exist. Creating ...
2019-09-26 19:35:59,019 [Thread-6588] INFO  impl.FollowerState (FollowerState.java:run(106)) - 728ea44c-f097-440a-a87e-c27a68d48f14:group-ABC7E5868541 changes to CANDIDATE, lastRpcTime:5097, electionTimeout:5097ms
2019-09-26 19:35:59,019 [Thread-6588] INFO  impl.RoleInfo (RoleInfo.java:shutdownFollowerState(121)) - 728ea44c-f097-440a-a87e-c27a68d48f14: shutdown FollowerState
2019-09-26 19:35:59,019 [Thread-6588] INFO  impl.RaftServerImpl (RaftServerImpl.java:setRole(174)) - 728ea44c-f097-440a-a87e-c27a68d48f14@group-ABC7E5868541: changes role from  FOLLOWER to CANDIDATE at term 0 for changeToCandidate
2019-09-26 19:35:59,019 [Thread-6588] INFO  impl.RoleInfo (RoleInfo.java:updateAndGet(143)) - 728ea44c-f097-440a-a87e-c27a68d48f14: start LeaderElection
2019-09-26 19:35:59,041 [pool-261-thread-1] INFO  storage.RaftStorageDirectory (RaftStorageDirectory.java:tryLock(328)) - Lock on /workdir/hadoop-ozone/integration-test/target/test-dir/MiniOzoneClusterImpl-2f79a7d3-d7ae-4963-8370-12bb1e2132d7/datanode-0/data/ratis/6f9522e4-035a-4d5f-b255-7c23d55c331c/in_use.lock acquired by nodename 17888@pr-hdds-1569-g6sp5-2013761785
2019-09-26 19:35:59,041 [728ea44c-f097-440a-a87e-c27a68d48f14@group-ABC7E5868541:LeaderElection944] INFO  impl.LeaderElection (LeaderElection.java:askForVotes(182)) - 728ea44c-f097-440a-a87e-c27a68d48f14@group-ABC7E5868541:LeaderElection944: begin an election at term 1 for -1: [728ea44c-f097-440a-a87e-c27a68d48f14:192.168.151.99:38783], old=null
2019-09-26 19:35:59,041 [728ea44c-f097-440a-a87e-c27a68d48f14@group-ABC7E5868541:LeaderElection944] INFO  impl.RoleInfo (RoleInfo.java:shutdownLeaderElection(134)) - 728ea44c-f097-440a-a87e-c27a68d48f14: shutdown LeaderElection
2019-09-26 19:35:59,041 [728ea44c-f097-440a-a87e-c27a68d48f14@group-ABC7E5868541:LeaderElection944] INFO  impl.RaftServerImpl (RaftServerImpl.java:setRole(174)) - 728ea44c-f097-440a-a87e-c27a68d48f14@group-ABC7E5868541: changes role from CANDIDATE to LEADER at term 1 for changeToLeader
2019-09-26 19:35:59,041 [728ea44c-f097-440a-a87e-c27a68d48f14@group-ABC7E5868541:LeaderElection944] INFO  impl.RaftServerImpl (ServerState.java:setLeader(253)) - 728ea44c-f097-440a-a87e-c27a68d48f14@group-ABC7E5868541: change Leader from null to 728ea44c-f097-440a-a87e-c27a68d48f14 at term 1 for becomeLeader, leader elected after 5123ms
2019-09-26 19:35:59,041 [728ea44c-f097-440a-a87e-c27a68d48f14@group-ABC7E5868541:LeaderElection944] INFO  server.RaftServerConfigKeys (ConfUtils.java:logGet(43)) - raft.server.staging.catchup.gap = 1000 (default)
2019-09-26 19:35:59,041 [728ea44c-f097-440a-a87e-c27a68d48f14@group-ABC7E5868541:LeaderElection944] INFO  server.RaftServerConfigKeys (ConfUtils.java:logGet(43)) - raft.server.rpc.sleep.time = 25ms (default)
2019-09-26 19:35:59,041 [728ea44c-f097-440a-a87e-c27a68d48f14@group-ABC7E5868541:LeaderElection944] INFO  server.RaftServerConfigKeys (ConfUtils.java:logGet(43)) - raft.server.write.element-limit = 4096 (default)
2019-09-26 19:35:59,042 [728ea44c-f097-440a-a87e-c27a68d48f14@group-ABC7E5868541:LeaderElection944] INFO  server.RaftServerConfigKeys (ConfUtils.java:logGet(43)) - raft.server.watch.timeout = 10s (default)
2019-09-26 19:35:59,042 [728ea44c-f097-440a-a87e-c27a68d48f14@group-ABC7E5868541:LeaderElection944] INFO  server.RaftServerConfigKeys (ConfUtils.java:logGet(43)) - raft.server.watch.timeout.denomination = 1s (default)
2019-09-26 19:35:59,042 [728ea44c-f097-440a-a87e-c27a68d48f14@group-ABC7E5868541:LeaderElection944] INFO  server.RaftServerConfigKeys (ConfUtils.java:logGet(43)) - raft.server.watch.element-limit = 65536 (default)
2019-09-26 19:35:59,042 [728ea44c-f097-440a-a87e-c27a68d48f14@group-ABC7E5868541:LeaderElection944] INFO  impl.RoleInfo (RoleInfo.java:updateAndGet(143)) - 728ea44c-f097-440a-a87e-c27a68d48f14: start LeaderState
2019-09-26 19:35:59,043 [728ea44c-f097-440a-a87e-c27a68d48f14@group-ABC7E5868541:LeaderElection944] INFO  segmented.SegmentedRaftLogWorker (SegmentedRaftLogWorker.java:startLogSegment(380)) - 728ea44c-f097-440a-a87e-c27a68d48f14@group-ABC7E5868541-SegmentedRaftLogWorker: Starting segment from index:0
2019-09-26 19:35:59,043 [728ea44c-f097-440a-a87e-c27a68d48f14@group-ABC7E5868541:LeaderElection944] INFO  impl.RaftServerImpl (ServerState.java:setRaftConf(354)) - 728ea44c-f097-440a-a87e-c27a68d48f14@group-ABC7E5868541: set configuration 0: [728ea44c-f097-440a-a87e-c27a68d48f14:192.168.151.99:38783], old=null at 0
2019-09-26 19:35:59,046 [Thread-6591] INFO  impl.FollowerState (FollowerState.java:run(106)) - 27cb48db-4b88-4c0c-b213-19f9b2fffaff:group-35F628342D26 changes to CANDIDATE, lastRpcTime:5089, electionTimeout:5089ms
2019-09-26 19:35:59,047 [Thread-6591] INFO  impl.RoleInfo (RoleInfo.java:shutdownFollowerState(121)) - 27cb48db-4b88-4c0c-b213-19f9b2fffaff: shutdown FollowerState
2019-09-26 19:35:59,047 [Thread-6591] INFO  impl.RaftServerImpl (RaftServerImpl.java:setRole(174)) - 27cb48db-4b88-4c0c-b213-19f9b2fffaff@group-35F628342D26: changes role from  FOLLOWER to CANDIDATE at term 0 for changeToCandidate
2019-09-26 19:35:59,047 [Thread-6591] INFO  impl.RoleInfo (RoleInfo.java:updateAndGet(143)) - 27cb48db-4b88-4c0c-b213-19f9b2fffaff: start LeaderElection
2019-09-26 19:35:59,055 [pool-261-thread-1] INFO  storage.RaftStorage (RaftStorage.java:format(72)) - Storage directory /workdir/hadoop-ozone/integration-test/target/test-dir/MiniOzoneClusterImpl-2f79a7d3-d7ae-4963-8370-12bb1e2132d7/datanode-0/data/ratis/6f9522e4-035a-4d5f-b255-7c23d55c331c has been successfully formatted.
2019-09-26 19:35:59,055 [27cb48db-4b88-4c0c-b213-19f9b2fffaff@group-35F628342D26:LeaderElection945] INFO  impl.LeaderElection (LeaderElection.java:askForVotes(182)) - 27cb48db-4b88-4c0c-b213-19f9b2fffaff@group-35F628342D26:LeaderElection945: begin an election at term 1 for -1: [27cb48db-4b88-4c0c-b213-19f9b2fffaff:192.168.151.99:37457], old=null
2019-09-26 19:35:59,055 [pool-261-thread-1] INFO  ratis.ContainerStateMachine (ContainerStateMachine.java:loadSnapshot(230)) - group-7C23D55C331C: The snapshot info is null. Setting the last applied indexto:(t:0, i:~)
2019-09-26 19:35:59,056 [27cb48db-4b88-4c0c-b213-19f9b2fffaff@group-35F628342D26:LeaderElection945] INFO  impl.RoleInfo (RoleInfo.java:shutdownLeaderElection(134)) - 27cb48db-4b88-4c0c-b213-19f9b2fffaff: shutdown LeaderElection
2019-09-26 19:35:59,056 [pool-261-thread-1] INFO  server.RaftServerConfigKeys (ConfUtils.java:logGet(43)) - raft.server.notification.no-leader.timeout = 120s (custom)
2019-09-26 19:35:59,056 [27cb48db-4b88-4c0c-b213-19f9b2fffaff@group-35F628342D26:LeaderElection945] INFO  impl.RaftServerImpl (RaftServerImpl.java:setRole(174)) - 27cb48db-4b88-4c0c-b213-19f9b2fffaff@group-35F628342D26: changes role from CANDIDATE to LEADER at term 1 for changeToLeader
2019-09-26 19:35:59,056 [pool-261-thread-1] INFO  server.RaftServerConfigKeys (ConfUtils.java:logGet(43)) - raft.server.log.use.memory = false (default)
2019-09-26 19:35:59,056 [27cb48db-4b88-4c0c-b213-19f9b2fffaff@group-35F628342D26:LeaderElection945] INFO  impl.RaftServerImpl (ServerState.java:setLeader(253)) - 27cb48db-4b88-4c0c-b213-19f9b2fffaff@group-35F628342D26: change Leader from null to 27cb48db-4b88-4c0c-b213-19f9b2fffaff at term 1 for becomeLeader, leader elected after 5102ms
2019-09-26 19:35:59,056 [pool-261-thread-1] INFO  server.RaftServerConfigKeys (ConfUtils.java:logGet(43)) - raft.server.log.purge.gap = 1000000 (custom)
2019-09-26 19:35:59,056 [27cb48db-4b88-4c0c-b213-19f9b2fffaff@group-35F628342D26:LeaderElection945] INFO  server.RaftServerConfigKeys (ConfUtils.java:logGet(43)) - raft.server.staging.catchup.gap = 1000 (default)
2019-09-26 19:35:59,056 [pool-261-thread-1] INFO  server.RaftServerConfigKeys (ConfUtils.java:logGet(43)) - raft.server.log.appender.buffer.byte-limit = 33554432 (custom)
2019-09-26 19:35:59,057 [27cb48db-4b88-4c0c-b213-19f9b2fffaff@group-35F628342D26:LeaderElection945] INFO  server.RaftServerConfigKeys (ConfUtils.java:logGet(43)) - raft.server.rpc.sleep.time = 25ms (default)
2019-09-26 19:35:59,057 [pool-261-thread-1] INFO  server.RaftServerConfigKeys (ConfUtils.java:logGet(43)) - raft.server.log.segment.size.max = 1048576 (custom)
2019-09-26 19:35:59,057 [27cb48db-4b88-4c0c-b213-19f9b2fffaff@group-35F628342D26:LeaderElection945] INFO  server.RaftServerConfigKeys (ConfUtils.java:logGet(43)) - raft.server.write.element-limit = 4096 (default)
2019-09-26 19:35:59,057 [pool-261-thread-1] INFO  server.RaftServerConfigKeys (ConfUtils.java:logGet(43)) - raft.server.log.segment.cache.num.max = 2 (custom)
2019-09-26 19:35:59,057 [27cb48db-4b88-4c0c-b213-19f9b2fffaff@group-35F628342D26:LeaderElection945] INFO  server.RaftServerConfigKeys (ConfUtils.java:logGet(43)) - raft.server.watch.timeout = 10s (default)
2019-09-26 19:35:59,057 [pool-261-thread-1] INFO  segmented.SegmentedRaftLogWorker (SegmentedRaftLogWorker.java:<init>(172)) - new 27cb48db-4b88-4c0c-b213-19f9b2fffaff@group-7C23D55C331C-SegmentedRaftLogWorker for RaftStorage:Storage Directory /workdir/hadoop-ozone/integration-test/target/test-dir/MiniOzoneClusterImpl-2f79a7d3-d7ae-4963-8370-12bb1e2132d7/datanode-0/data/ratis/6f9522e4-035a-4d5f-b255-7c23d55c331c
2019-09-26 19:35:59,057 [27cb48db-4b88-4c0c-b213-19f9b2fffaff@group-35F628342D26:LeaderElection945] INFO  server.RaftServerConfigKeys (ConfUtils.java:logGet(43)) - raft.server.watch.timeout.denomination = 1s (default)
2019-09-26 19:35:59,057 [pool-261-thread-1] INFO  server.RaftServerConfigKeys (ConfUtils.java:logGet(43)) - raft.server.log.queue.byte-limit = 2147483647 (custom)
2019-09-26 19:35:59,058 [27cb48db-4b88-4c0c-b213-19f9b2fffaff@group-35F628342D26:LeaderElection945] INFO  server.RaftServerConfigKeys (ConfUtils.java:logGet(43)) - raft.server.watch.element-limit = 65536 (default)
2019-09-26 19:35:59,058 [pool-261-thread-1] INFO  server.RaftServerConfigKeys (ConfUtils.java:logGet(43)) - raft.server.log.queue.element-limit = 1024 (custom)
2019-09-26 19:35:59,058 [pool-261-thread-1] INFO  server.RaftServerConfigKeys (ConfUtils.java:logGet(43)) - raft.server.log.segment.size.max = 1048576 (custom)
2019-09-26 19:35:59,058 [pool-261-thread-1] INFO  server.RaftServerConfigKeys (ConfUtils.java:logGet(43)) - raft.server.log.preallocated.size = 16384 (custom)
2019-09-26 19:35:59,058 [pool-261-thread-1] INFO  server.RaftServerConfigKeys (ConfUtils.java:logGet(43)) - raft.server.log.write.buffer.size = 33554432 (custom)
2019-09-26 19:35:59,058 [pool-261-thread-1] INFO  server.RaftServerConfigKeys (ConfUtils.java:logGet(43)) - raft.server.log.force.sync.num = 128 (default)
2019-09-26 19:35:59,058 [pool-261-thread-1] INFO  server.RaftServerConfigKeys (ConfUtils.java:logGet(43)) - raft.server.log.statemachine.data.sync = true (default)
2019-09-26 19:35:59,059 [pool-261-thread-1] INFO  server.RaftServerConfigKeys (ConfUtils.java:logGet(43)) - raft.server.log.statemachine.data.sync.timeout = 10s (default)
2019-09-26 19:35:59,059 [pool-261-thread-1] INFO  server.RaftServerConfigKeys (ConfUtils.java:logGet(43)) - raft.server.log.statemachine.data.sync.timeout.retry = -1 (default)
2019-09-26 19:35:59,059 [pool-261-thread-1] INFO  server.RaftServerConfigKeys (ConfUtils.java:logGet(43)) - raft.server.log.statemachine.data.caching.enabled = true (custom)
2019-09-26 19:35:59,059 [27cb48db-4b88-4c0c-b213-19f9b2fffaff@group-35F628342D26:LeaderElection945] INFO  impl.RoleInfo (RoleInfo.java:updateAndGet(143)) - 27cb48db-4b88-4c0c-b213-19f9b2fffaff: start LeaderState
2019-09-26 19:35:59,059 [pool-261-thread-1] INFO  segmented.SegmentedRaftLogWorker (SegmentedRaftLogWorker.java:lambda$new$0(132)) - 27cb48db-4b88-4c0c-b213-19f9b2fffaff@group-7C23D55C331C-SegmentedRaftLogWorker: flushIndex: setUnconditionally 0 -> -1
2019-09-26 19:35:59,059 [27cb48db-4b88-4c0c-b213-19f9b2fffaff@group-35F628342D26:LeaderElection945] INFO  segmented.SegmentedRaftLogWorker (SegmentedRaftLogWorker.java:startLogSegment(380)) - 27cb48db-4b88-4c0c-b213-19f9b2fffaff@group-35F628342D26-SegmentedRaftLogWorker: Starting segment from index:0
2019-09-26 19:35:59,059 [pool-261-thread-1] INFO  server.RaftServerConfigKeys (ConfUtils.java:logGet(43)) - raft.server.snapshot.auto.trigger.enabled = true (custom)
2019-09-26 19:35:59,060 [pool-261-thread-1] INFO  server.RaftServerConfigKeys (ConfUtils.java:logGet(43)) - raft.server.snapshot.auto.trigger.threshold = 10000 (custom)
2019-09-26 19:35:59,060 [27cb48db-4b88-4c0c-b213-19f9b2fffaff@group-35F628342D26:LeaderElection945] INFO  impl.RaftServerImpl (ServerState.java:setRaftConf(354)) - 27cb48db-4b88-4c0c-b213-19f9b2fffaff@group-35F628342D26: set configuration 0: [27cb48db-4b88-4c0c-b213-19f9b2fffaff:192.168.151.99:37457], old=null at 0
2019-09-26 19:35:59,060 [pool-261-thread-1] INFO  server.RaftServerConfigKeys (ConfUtils.java:logGet(43)) - raft.server.snapshot.retention.num.files = 5 (custom)
2019-09-26 19:35:59,060 [pool-261-thread-1] INFO  server.RaftServerConfigKeys (ConfUtils.java:logGet(43)) - raft.server.retrycache.expirytime = 600000ms (custom)
2019-09-26 19:35:59,061 [pool-261-thread-1] INFO  impl.RaftServerImpl (RaftServerImpl.java:start(185)) - 27cb48db-4b88-4c0c-b213-19f9b2fffaff@group-7C23D55C331C: start as a follower, conf=-1: [27cb48db-4b88-4c0c-b213-19f9b2fffaff:192.168.151.99:37457], old=null
2019-09-26 19:35:59,062 [pool-261-thread-1] INFO  impl.RaftServerImpl (RaftServerImpl.java:setRole(174)) - 27cb48db-4b88-4c0c-b213-19f9b2fffaff@group-7C23D55C331C: changes role from      null to FOLLOWER at term 0 for startAsFollower
2019-09-26 19:35:59,062 [pool-261-thread-1] INFO  impl.RoleInfo (RoleInfo.java:updateAndGet(143)) - 27cb48db-4b88-4c0c-b213-19f9b2fffaff: start FollowerState
2019-09-26 19:35:59,062 [pool-261-thread-1] INFO  util.JmxRegister (JmxRegister.java:tryRegister(44)) - Successfully registered JMX Bean with object name Ratis:service=RaftServer,group=group-7C23D55C331C,id=27cb48db-4b88-4c0c-b213-19f9b2fffaff
2019-09-26 19:35:59,063 [RatisPipelineUtilsThread] INFO  pipeline.PipelineStateManager (PipelineStateManager.java:addPipeline(56)) - Created pipeline Pipeline[ Id: 6f9522e4-035a-4d5f-b255-7c23d55c331c, Nodes: 27cb48db-4b88-4c0c-b213-19f9b2fffaff{ip: 192.168.151.99, host: pr-hdds-1569-g6sp5-2013761785, networkLocation: /rack1, certSerialId: null}, Type:RATIS, Factor:ONE, State:OPEN]
2019-09-26 19:35:59,065 [grpc-default-executor-2] INFO  impl.RaftServerProxy (RaftServerProxy.java:addNew(89)) - 728ea44c-f097-440a-a87e-c27a68d48f14: addNew group-61276961113F:[728ea44c-f097-440a-a87e-c27a68d48f14:192.168.151.99:38783] returns group-61276961113F:java.util.concurrent.CompletableFuture@1d0d8d48[Not completed]
2019-09-26 19:35:59,066 [pool-271-thread-1] INFO  impl.RaftServerImpl (RaftServerImpl.java:<init>(95)) - 728ea44c-f097-440a-a87e-c27a68d48f14: new RaftServerImpl for group-61276961113F:[728ea44c-f097-440a-a87e-c27a68d48f14:192.168.151.99:38783] with ContainerStateMachine:uninitialized
2019-09-26 19:35:59,066 [pool-271-thread-1] INFO  server.RaftServerConfigKeys (ConfUtils.java:logGet(43)) - raft.server.rpc.timeout.min = 5s (custom)
2019-09-26 19:35:59,066 [pool-271-thread-1] INFO  server.RaftServerConfigKeys (ConfUtils.java:logGet(43)) - raft.server.rpc.timeout.max = 5200ms (custom)
2019-09-26 19:35:59,066 [pool-271-thread-1] INFO  server.RaftServerConfigKeys (ConfUtils.java:logGet(43)) - raft.server.rpcslowness.timeout = 120s (custom)
2019-09-26 19:35:59,066 [pool-271-thread-1] INFO  server.RaftServerConfigKeys (ConfUtils.java:logGet(43)) - raft.server.sleep.deviation.threshold = 300 (default)
2019-09-26 19:35:59,067 [pool-271-thread-1] INFO  server.RaftServerConfigKeys (ConfUtils.java:logGet(43)) - raft.server.log.appender.install.snapshot.enabled = false (custom)
2019-09-26 19:35:59,067 [pool-271-thread-1] INFO  impl.RaftServerImpl (ServerState.java:<init>(103)) - 728ea44c-f097-440a-a87e-c27a68d48f14@group-61276961113F: ConfigurationManager, init=-1: [728ea44c-f097-440a-a87e-c27a68d48f14:192.168.151.99:38783], old=null, confs=<EMPTY_MAP>
2019-09-26 19:35:59,067 [pool-271-thread-1] INFO  server.RaftServerConfigKeys (ConfUtils.java:logGet(43)) - raft.server.storage.dir = [/workdir/hadoop-ozone/integration-test/target/test-dir/MiniOzoneClusterImpl-2f79a7d3-d7ae-4963-8370-12bb1e2132d7/datanode-1/data/ratis] (custom)
2019-09-26 19:35:59,067 [pool-271-thread-1] INFO  storage.RaftStorageDirectory (RaftStorageDirectory.java:analyzeStorage(246)) - The storage directory /workdir/hadoop-ozone/integration-test/target/test-dir/MiniOzoneClusterImpl-2f79a7d3-d7ae-4963-8370-12bb1e2132d7/datanode-1/data/ratis/73c7d2e0-9126-4a5b-8e8e-61276961113f does not exist. Creating ...
2019-09-26 19:35:59,094 [pool-271-thread-1] INFO  storage.RaftStorageDirectory (RaftStorageDirectory.java:tryLock(328)) - Lock on /workdir/hadoop-ozone/integration-test/target/test-dir/MiniOzoneClusterImpl-2f79a7d3-d7ae-4963-8370-12bb1e2132d7/datanode-1/data/ratis/73c7d2e0-9126-4a5b-8e8e-61276961113f/in_use.lock acquired by nodename 17888@pr-hdds-1569-g6sp5-2013761785
2019-09-26 19:35:59,094 [728ea44c-f097-440a-a87e-c27a68d48f14@group-ABC7E5868541-SegmentedRaftLogWorker] INFO  segmented.SegmentedRaftLogWorker (SegmentedRaftLogWorker.java:execute(569)) - 728ea44c-f097-440a-a87e-c27a68d48f14@group-ABC7E5868541-SegmentedRaftLogWorker: created new log segment /workdir/hadoop-ozone/integration-test/target/test-dir/MiniOzoneClusterImpl-2f79a7d3-d7ae-4963-8370-12bb1e2132d7/datanode-1/data/ratis/e5191def-d350-4bf9-8ae3-abc7e5868541/current/log_inprogress_0
2019-09-26 19:35:59,094 [27cb48db-4b88-4c0c-b213-19f9b2fffaff@group-35F628342D26-SegmentedRaftLogWorker] INFO  segmented.SegmentedRaftLogWorker (SegmentedRaftLogWorker.java:execute(569)) - 27cb48db-4b88-4c0c-b213-19f9b2fffaff@group-35F628342D26-SegmentedRaftLogWorker: created new log segment /workdir/hadoop-ozone/integration-test/target/test-dir/MiniOzoneClusterImpl-2f79a7d3-d7ae-4963-8370-12bb1e2132d7/datanode-0/data/ratis/3b946b3a-63d6-425f-8d2e-35f628342d26/current/log_inprogress_0
2019-09-26 19:35:59,108 [pool-271-thread-1] INFO  storage.RaftStorage (RaftStorage.java:format(72)) - Storage directory /workdir/hadoop-ozone/integration-test/target/test-dir/MiniOzoneClusterImpl-2f79a7d3-d7ae-4963-8370-12bb1e2132d7/datanode-1/data/ratis/73c7d2e0-9126-4a5b-8e8e-61276961113f has been successfully formatted.
2019-09-26 19:35:59,108 [pool-271-thread-1] INFO  ratis.ContainerStateMachine (ContainerStateMachine.java:loadSnapshot(230)) - group-61276961113F: The snapshot info is null. Setting the last applied indexto:(t:0, i:~)
2019-09-26 19:35:59,108 [pool-271-thread-1] INFO  server.RaftServerConfigKeys (ConfUtils.java:logGet(43)) - raft.server.notification.no-leader.timeout = 120s (custom)
2019-09-26 19:35:59,108 [pool-271-thread-1] INFO  server.RaftServerConfigKeys (ConfUtils.java:logGet(43)) - raft.server.log.use.memory = false (default)
2019-09-26 19:35:59,108 [pool-271-thread-1] INFO  server.RaftServerConfigKeys (ConfUtils.java:logGet(43)) - raft.server.log.purge.gap = 1000000 (custom)
2019-09-26 19:35:59,108 [pool-271-thread-1] INFO  server.RaftServerConfigKeys (ConfUtils.java:logGet(43)) - raft.server.log.appender.buffer.byte-limit = 33554432 (custom)
2019-09-26 19:35:59,109 [pool-271-thread-1] INFO  server.RaftServerConfigKeys (ConfUtils.java:logGet(43)) - raft.server.log.segment.size.max = 1048576 (custom)
2019-09-26 19:35:59,109 [pool-271-thread-1] INFO  server.RaftServerConfigKeys (ConfUtils.java:logGet(43)) - raft.server.log.segment.cache.num.max = 2 (custom)
2019-09-26 19:35:59,109 [pool-271-thread-1] INFO  segmented.SegmentedRaftLogWorker (SegmentedRaftLogWorker.java:<init>(172)) - new 728ea44c-f097-440a-a87e-c27a68d48f14@group-61276961113F-SegmentedRaftLogWorker for RaftStorage:Storage Directory /workdir/hadoop-ozone/integration-test/target/test-dir/MiniOzoneClusterImpl-2f79a7d3-d7ae-4963-8370-12bb1e2132d7/datanode-1/data/ratis/73c7d2e0-9126-4a5b-8e8e-61276961113f
2019-09-26 19:35:59,109 [pool-271-thread-1] INFO  server.RaftServerConfigKeys (ConfUtils.java:logGet(43)) - raft.server.log.queue.byte-limit = 2147483647 (custom)
2019-09-26 19:35:59,109 [pool-271-thread-1] INFO  server.RaftServerConfigKeys (ConfUtils.java:logGet(43)) - raft.server.log.queue.element-limit = 1024 (custom)
2019-09-26 19:35:59,109 [pool-271-thread-1] INFO  server.RaftServerConfigKeys (ConfUtils.java:logGet(43)) - raft.server.log.segment.size.max = 1048576 (custom)
2019-09-26 19:35:59,109 [pool-271-thread-1] INFO  server.RaftServerConfigKeys (ConfUtils.java:logGet(43)) - raft.server.log.preallocated.size = 16384 (custom)
2019-09-26 19:35:59,109 [pool-271-thread-1] INFO  server.RaftServerConfigKeys (ConfUtils.java:logGet(43)) - raft.server.log.write.buffer.size = 33554432 (custom)
2019-09-26 19:35:59,110 [pool-271-thread-1] INFO  server.RaftServerConfigKeys (ConfUtils.java:logGet(43)) - raft.server.log.force.sync.num = 128 (default)
2019-09-26 19:35:59,110 [pool-271-thread-1] INFO  server.RaftServerConfigKeys (ConfUtils.java:logGet(43)) - raft.server.log.statemachine.data.sync = true (default)
2019-09-26 19:35:59,110 [pool-271-thread-1] INFO  server.RaftServerConfigKeys (ConfUtils.java:logGet(43)) - raft.server.log.statemachine.data.sync.timeout = 10s (default)
2019-09-26 19:35:59,110 [pool-271-thread-1] INFO  server.RaftServerConfigKeys (ConfUtils.java:logGet(43)) - raft.server.log.statemachine.data.sync.timeout.retry = -1 (default)
2019-09-26 19:35:59,110 [pool-271-thread-1] INFO  server.RaftServerConfigKeys (ConfUtils.java:logGet(43)) - raft.server.log.statemachine.data.caching.enabled = true (custom)
2019-09-26 19:35:59,110 [pool-271-thread-1] INFO  segmented.SegmentedRaftLogWorker (SegmentedRaftLogWorker.java:lambda$new$0(132)) - 728ea44c-f097-440a-a87e-c27a68d48f14@group-61276961113F-SegmentedRaftLogWorker: flushIndex: setUnconditionally 0 -> -1
2019-09-26 19:35:59,111 [pool-271-thread-1] INFO  server.RaftServerConfigKeys (ConfUtils.java:logGet(43)) - raft.server.snapshot.auto.trigger.enabled = true (custom)
2019-09-26 19:35:59,111 [pool-271-thread-1] INFO  server.RaftServerConfigKeys (ConfUtils.java:logGet(43)) - raft.server.snapshot.auto.trigger.threshold = 10000 (custom)
2019-09-26 19:35:59,111 [pool-271-thread-1] INFO  server.RaftServerConfigKeys (ConfUtils.java:logGet(43)) - raft.server.snapshot.retention.num.files = 5 (custom)
2019-09-26 19:35:59,111 [pool-271-thread-1] INFO  server.RaftServerConfigKeys (ConfUtils.java:logGet(43)) - raft.server.retrycache.expirytime = 600000ms (custom)
2019-09-26 19:35:59,113 [pool-271-thread-1] INFO  impl.RaftServerImpl (RaftServerImpl.java:start(185)) - 728ea44c-f097-440a-a87e-c27a68d48f14@group-61276961113F: start as a follower, conf=-1: [728ea44c-f097-440a-a87e-c27a68d48f14:192.168.151.99:38783], old=null
2019-09-26 19:35:59,113 [pool-271-thread-1] INFO  impl.RaftServerImpl (RaftServerImpl.java:setRole(174)) - 728ea44c-f097-440a-a87e-c27a68d48f14@group-61276961113F: changes role from      null to FOLLOWER at term 0 for startAsFollower
2019-09-26 19:35:59,113 [pool-271-thread-1] INFO  impl.RoleInfo (RoleInfo.java:updateAndGet(143)) - 728ea44c-f097-440a-a87e-c27a68d48f14: start FollowerState
2019-09-26 19:35:59,113 [pool-271-thread-1] INFO  util.JmxRegister (JmxRegister.java:tryRegister(44)) - Successfully registered JMX Bean with object name Ratis:service=RaftServer,group=group-61276961113F,id=728ea44c-f097-440a-a87e-c27a68d48f14
2019-09-26 19:35:59,114 [RatisPipelineUtilsThread] INFO  pipeline.PipelineStateManager (PipelineStateManager.java:addPipeline(56)) - Created pipeline Pipeline[ Id: 73c7d2e0-9126-4a5b-8e8e-61276961113f, Nodes: 728ea44c-f097-440a-a87e-c27a68d48f14{ip: 192.168.151.99, host: pr-hdds-1569-g6sp5-2013761785, networkLocation: /rack1, certSerialId: null}, Type:RATIS, Factor:ONE, State:OPEN]
2019-09-26 19:35:59,116 [grpc-default-executor-2] INFO  impl.RaftServerProxy (RaftServerProxy.java:addNew(89)) - 728ea44c-f097-440a-a87e-c27a68d48f14: addNew group-DB3AFAA8F5B8:[728ea44c-f097-440a-a87e-c27a68d48f14:192.168.151.99:38783] returns group-DB3AFAA8F5B8:java.util.concurrent.CompletableFuture@59d8c13c[Not completed]
2019-09-26 19:35:59,117 [pool-271-thread-1] INFO  impl.RaftServerImpl (RaftServerImpl.java:<init>(95)) - 728ea44c-f097-440a-a87e-c27a68d48f14: new RaftServerImpl for group-DB3AFAA8F5B8:[728ea44c-f097-440a-a87e-c27a68d48f14:192.168.151.99:38783] with ContainerStateMachine:uninitialized
2019-09-26 19:35:59,117 [pool-271-thread-1] INFO  server.RaftServerConfigKeys (ConfUtils.java:logGet(43)) - raft.server.rpc.timeout.min = 5s (custom)
2019-09-26 19:35:59,117 [pool-271-thread-1] INFO  server.RaftServerConfigKeys (ConfUtils.java:logGet(43)) - raft.server.rpc.timeout.max = 5200ms (custom)
2019-09-26 19:35:59,117 [pool-271-thread-1] INFO  server.RaftServerConfigKeys (ConfUtils.java:logGet(43)) - raft.server.rpcslowness.timeout = 120s (custom)
2019-09-26 19:35:59,117 [pool-271-thread-1] INFO  server.RaftServerConfigKeys (ConfUtils.java:logGet(43)) - raft.server.sleep.deviation.threshold = 300 (default)
2019-09-26 19:35:59,117 [pool-271-thread-1] INFO  server.RaftServerConfigKeys (ConfUtils.java:logGet(43)) - raft.server.log.appender.install.snapshot.enabled = false (custom)
2019-09-26 19:35:59,117 [pool-271-thread-1] INFO  impl.RaftServerImpl (ServerState.java:<init>(103)) - 728ea44c-f097-440a-a87e-c27a68d48f14@group-DB3AFAA8F5B8: ConfigurationManager, init=-1: [728ea44c-f097-440a-a87e-c27a68d48f14:192.168.151.99:38783], old=null, confs=<EMPTY_MAP>
2019-09-26 19:35:59,118 [pool-271-thread-1] INFO  server.RaftServerConfigKeys (ConfUtils.java:logGet(43)) - raft.server.storage.dir = [/workdir/hadoop-ozone/integration-test/target/test-dir/MiniOzoneClusterImpl-2f79a7d3-d7ae-4963-8370-12bb1e2132d7/datanode-1/data/ratis] (custom)
2019-09-26 19:35:59,118 [pool-271-thread-1] INFO  storage.RaftStorageDirectory (RaftStorageDirectory.java:analyzeStorage(246)) - The storage directory /workdir/hadoop-ozone/integration-test/target/test-dir/MiniOzoneClusterImpl-2f79a7d3-d7ae-4963-8370-12bb1e2132d7/datanode-1/data/ratis/18e99446-4220-4f45-9b05-db3afaa8f5b8 does not exist. Creating ...
2019-09-26 19:35:59,129 [Thread-6603] INFO  impl.FollowerState (FollowerState.java:run(106)) - 27cb48db-4b88-4c0c-b213-19f9b2fffaff:group-941E0A5CDC52 changes to CANDIDATE, lastRpcTime:5063, electionTimeout:5063ms
2019-09-26 19:35:59,129 [Thread-6603] INFO  impl.RoleInfo (RoleInfo.java:shutdownFollowerState(121)) - 27cb48db-4b88-4c0c-b213-19f9b2fffaff: shutdown FollowerState
2019-09-26 19:35:59,129 [Thread-6603] INFO  impl.RaftServerImpl (RaftServerImpl.java:setRole(174)) - 27cb48db-4b88-4c0c-b213-19f9b2fffaff@group-941E0A5CDC52: changes role from  FOLLOWER to CANDIDATE at term 0 for changeToCandidate
2019-09-26 19:35:59,129 [Thread-6603] INFO  impl.RoleInfo (RoleInfo.java:updateAndGet(143)) - 27cb48db-4b88-4c0c-b213-19f9b2fffaff: start LeaderElection
2019-09-26 19:35:59,134 [Thread-6606] INFO  impl.FollowerState (FollowerState.java:run(106)) - 728ea44c-f097-440a-a87e-c27a68d48f14:group-BA05DBCD694E changes to CANDIDATE, lastRpcTime:5011, electionTimeout:5011ms
2019-09-26 19:35:59,134 [Thread-6606] INFO  impl.RoleInfo (RoleInfo.java:shutdownFollowerState(121)) - 728ea44c-f097-440a-a87e-c27a68d48f14: shutdown FollowerState
2019-09-26 19:35:59,134 [Thread-6606] INFO  impl.RaftServerImpl (RaftServerImpl.java:setRole(174)) - 728ea44c-f097-440a-a87e-c27a68d48f14@group-BA05DBCD694E: changes role from  FOLLOWER to CANDIDATE at term 0 for changeToCandidate
2019-09-26 19:35:59,134 [Thread-6606] INFO  impl.RoleInfo (RoleInfo.java:updateAndGet(143)) - 728ea44c-f097-440a-a87e-c27a68d48f14: start LeaderElection
2019-09-26 19:35:59,139 [pool-271-thread-1] INFO  storage.RaftStorageDirectory (RaftStorageDirectory.java:tryLock(328)) - Lock on /workdir/hadoop-ozone/integration-test/target/test-dir/MiniOzoneClusterImpl-2f79a7d3-d7ae-4963-8370-12bb1e2132d7/datanode-1/data/ratis/18e99446-4220-4f45-9b05-db3afaa8f5b8/in_use.lock acquired by nodename 17888@pr-hdds-1569-g6sp5-2013761785
2019-09-26 19:35:59,139 [27cb48db-4b88-4c0c-b213-19f9b2fffaff@group-941E0A5CDC52:LeaderElection946] INFO  impl.LeaderElection (LeaderElection.java:askForVotes(182)) - 27cb48db-4b88-4c0c-b213-19f9b2fffaff@group-941E0A5CDC52:LeaderElection946: begin an election at term 1 for -1: [27cb48db-4b88-4c0c-b213-19f9b2fffaff:192.168.151.99:37457], old=null
2019-09-26 19:35:59,139 [728ea44c-f097-440a-a87e-c27a68d48f14@group-BA05DBCD694E:LeaderElection947] INFO  impl.LeaderElection (LeaderElection.java:askForVotes(182)) - 728ea44c-f097-440a-a87e-c27a68d48f14@group-BA05DBCD694E:LeaderElection947: begin an election at term 1 for -1: [728ea44c-f097-440a-a87e-c27a68d48f14:192.168.151.99:38783], old=null
2019-09-26 19:35:59,140 [27cb48db-4b88-4c0c-b213-19f9b2fffaff@group-941E0A5CDC52:LeaderElection946] INFO  impl.RoleInfo (RoleInfo.java:shutdownLeaderElection(134)) - 27cb48db-4b88-4c0c-b213-19f9b2fffaff: shutdown LeaderElection
2019-09-26 19:35:59,140 [728ea44c-f097-440a-a87e-c27a68d48f14@group-BA05DBCD694E:LeaderElection947] INFO  impl.RoleInfo (RoleInfo.java:shutdownLeaderElection(134)) - 728ea44c-f097-440a-a87e-c27a68d48f14: shutdown LeaderElection
2019-09-26 19:35:59,140 [27cb48db-4b88-4c0c-b213-19f9b2fffaff@group-941E0A5CDC52:LeaderElection946] INFO  impl.RaftServerImpl (RaftServerImpl.java:setRole(174)) - 27cb48db-4b88-4c0c-b213-19f9b2fffaff@group-941E0A5CDC52: changes role from CANDIDATE to LEADER at term 1 for changeToLeader
2019-09-26 19:35:59,140 [728ea44c-f097-440a-a87e-c27a68d48f14@group-BA05DBCD694E:LeaderElection947] INFO  impl.RaftServerImpl (RaftServerImpl.java:setRole(174)) - 728ea44c-f097-440a-a87e-c27a68d48f14@group-BA05DBCD694E: changes role from CANDIDATE to LEADER at term 1 for changeToLeader
2019-09-26 19:35:59,140 [27cb48db-4b88-4c0c-b213-19f9b2fffaff@group-941E0A5CDC52:LeaderElection946] INFO  impl.RaftServerImpl (ServerState.java:setLeader(253)) - 27cb48db-4b88-4c0c-b213-19f9b2fffaff@group-941E0A5CDC52: change Leader from null to 27cb48db-4b88-4c0c-b213-19f9b2fffaff at term 1 for becomeLeader, leader elected after 5080ms
2019-09-26 19:35:59,140 [728ea44c-f097-440a-a87e-c27a68d48f14@group-BA05DBCD694E:LeaderElection947] INFO  impl.RaftServerImpl (ServerState.java:setLeader(253)) - 728ea44c-f097-440a-a87e-c27a68d48f14@group-BA05DBCD694E: change Leader from null to 728ea44c-f097-440a-a87e-c27a68d48f14 at term 1 for becomeLeader, leader elected after 5022ms
2019-09-26 19:35:59,140 [27cb48db-4b88-4c0c-b213-19f9b2fffaff@group-941E0A5CDC52:LeaderElection946] INFO  server.RaftServerConfigKeys (ConfUtils.java:logGet(43)) - raft.server.staging.catchup.gap = 1000 (default)
2019-09-26 19:35:59,140 [728ea44c-f097-440a-a87e-c27a68d48f14@group-BA05DBCD694E:LeaderElection947] INFO  server.RaftServerConfigKeys (ConfUtils.java:logGet(43)) - raft.server.staging.catchup.gap = 1000 (default)
2019-09-26 19:35:59,141 [27cb48db-4b88-4c0c-b213-19f9b2fffaff@group-941E0A5CDC52:LeaderElection946] INFO  server.RaftServerConfigKeys (ConfUtils.java:logGet(43)) - raft.server.rpc.sleep.time = 25ms (default)
2019-09-26 19:35:59,141 [728ea44c-f097-440a-a87e-c27a68d48f14@group-BA05DBCD694E:LeaderElection947] INFO  server.RaftServerConfigKeys (ConfUtils.java:logGet(43)) - raft.server.rpc.sleep.time = 25ms (default)
2019-09-26 19:35:59,141 [27cb48db-4b88-4c0c-b213-19f9b2fffaff@group-941E0A5CDC52:LeaderElection946] INFO  server.RaftServerConfigKeys (ConfUtils.java:logGet(43)) - raft.server.write.element-limit = 4096 (default)
2019-09-26 19:35:59,141 [728ea44c-f097-440a-a87e-c27a68d48f14@group-BA05DBCD694E:LeaderElection947] INFO  server.RaftServerConfigKeys (ConfUtils.java:logGet(43)) - raft.server.write.element-limit = 4096 (default)
2019-09-26 19:35:59,141 [27cb48db-4b88-4c0c-b213-19f9b2fffaff@group-941E0A5CDC52:LeaderElection946] INFO  server.RaftServerConfigKeys (ConfUtils.java:logGet(43)) - raft.server.watch.timeout = 10s (default)
2019-09-26 19:35:59,141 [728ea44c-f097-440a-a87e-c27a68d48f14@group-BA05DBCD694E:LeaderElection947] INFO  server.RaftServerConfigKeys (ConfUtils.java:logGet(43)) - raft.server.watch.timeout = 10s (default)
2019-09-26 19:35:59,141 [27cb48db-4b88-4c0c-b213-19f9b2fffaff@group-941E0A5CDC52:LeaderElection946] INFO  server.RaftServerConfigKeys (ConfUtils.java:logGet(43)) - raft.server.watch.timeout.denomination = 1s (default)
2019-09-26 19:35:59,141 [728ea44c-f097-440a-a87e-c27a68d48f14@group-BA05DBCD694E:LeaderElection947] INFO  server.RaftServerConfigKeys (ConfUtils.java:logGet(43)) - raft.server.watch.timeout.denomination = 1s (default)
2019-09-26 19:35:59,142 [27cb48db-4b88-4c0c-b213-19f9b2fffaff@group-941E0A5CDC52:LeaderElection946] INFO  server.RaftServerConfigKeys (ConfUtils.java:logGet(43)) - raft.server.watch.element-limit = 65536 (default)
2019-09-26 19:35:59,142 [728ea44c-f097-440a-a87e-c27a68d48f14@group-BA05DBCD694E:LeaderElection947] INFO  server.RaftServerConfigKeys (ConfUtils.java:logGet(43)) - raft.server.watch.element-limit = 65536 (default)
2019-09-26 19:35:59,144 [27cb48db-4b88-4c0c-b213-19f9b2fffaff@group-941E0A5CDC52:LeaderElection946] INFO  impl.RoleInfo (RoleInfo.java:updateAndGet(143)) - 27cb48db-4b88-4c0c-b213-19f9b2fffaff: start LeaderState
2019-09-26 19:35:59,144 [728ea44c-f097-440a-a87e-c27a68d48f14@group-BA05DBCD694E:LeaderElection947] INFO  impl.RoleInfo (RoleInfo.java:updateAndGet(143)) - 728ea44c-f097-440a-a87e-c27a68d48f14: start LeaderState
2019-09-26 19:35:59,144 [27cb48db-4b88-4c0c-b213-19f9b2fffaff@group-941E0A5CDC52:LeaderElection946] INFO  segmented.SegmentedRaftLogWorker (SegmentedRaftLogWorker.java:startLogSegment(380)) - 27cb48db-4b88-4c0c-b213-19f9b2fffaff@group-941E0A5CDC52-SegmentedRaftLogWorker: Starting segment from index:0
2019-09-26 19:35:59,144 [728ea44c-f097-440a-a87e-c27a68d48f14@group-BA05DBCD694E:LeaderElection947] INFO  segmented.SegmentedRaftLogWorker (SegmentedRaftLogWorker.java:startLogSegment(380)) - 728ea44c-f097-440a-a87e-c27a68d48f14@group-BA05DBCD694E-SegmentedRaftLogWorker: Starting segment from index:0
2019-09-26 19:35:59,145 [27cb48db-4b88-4c0c-b213-19f9b2fffaff@group-941E0A5CDC52:LeaderElection946] INFO  impl.RaftServerImpl (ServerState.java:setRaftConf(354)) - 27cb48db-4b88-4c0c-b213-19f9b2fffaff@group-941E0A5CDC52: set configuration 0: [27cb48db-4b88-4c0c-b213-19f9b2fffaff:192.168.151.99:37457], old=null at 0
2019-09-26 19:35:59,145 [728ea44c-f097-440a-a87e-c27a68d48f14@group-BA05DBCD694E:LeaderElection947] INFO  impl.RaftServerImpl (ServerState.java:setRaftConf(354)) - 728ea44c-f097-440a-a87e-c27a68d48f14@group-BA05DBCD694E: set configuration 0: [728ea44c-f097-440a-a87e-c27a68d48f14:192.168.151.99:38783], old=null at 0
2019-09-26 19:35:59,160 [pool-271-thread-1] INFO  storage.RaftStorage (RaftStorage.java:format(72)) - Storage directory /workdir/hadoop-ozone/integration-test/target/test-dir/MiniOzoneClusterImpl-2f79a7d3-d7ae-4963-8370-12bb1e2132d7/datanode-1/data/ratis/18e99446-4220-4f45-9b05-db3afaa8f5b8 has been successfully formatted.
2019-09-26 19:35:59,161 [pool-271-thread-1] INFO  ratis.ContainerStateMachine (ContainerStateMachine.java:loadSnapshot(230)) - group-DB3AFAA8F5B8: The snapshot info is null. Setting the last applied indexto:(t:0, i:~)
2019-09-26 19:35:59,161 [pool-271-thread-1] INFO  server.RaftServerConfigKeys (ConfUtils.java:logGet(43)) - raft.server.notification.no-leader.timeout = 120s (custom)
2019-09-26 19:35:59,161 [pool-271-thread-1] INFO  server.RaftServerConfigKeys (ConfUtils.java:logGet(43)) - raft.server.log.use.memory = false (default)
2019-09-26 19:35:59,161 [pool-271-thread-1] INFO  server.RaftServerConfigKeys (ConfUtils.java:logGet(43)) - raft.server.log.purge.gap = 1000000 (custom)
2019-09-26 19:35:59,161 [pool-271-thread-1] INFO  server.RaftServerConfigKeys (ConfUtils.java:logGet(43)) - raft.server.log.appender.buffer.byte-limit = 33554432 (custom)
2019-09-26 19:35:59,161 [pool-271-thread-1] INFO  server.RaftServerConfigKeys (ConfUtils.java:logGet(43)) - raft.server.log.segment.size.max = 1048576 (custom)
2019-09-26 19:35:59,162 [pool-271-thread-1] INFO  server.RaftServerConfigKeys (ConfUtils.java:logGet(43)) - raft.server.log.segment.cache.num.max = 2 (custom)
2019-09-26 19:35:59,162 [pool-271-thread-1] INFO  segmented.SegmentedRaftLogWorker (SegmentedRaftLogWorker.java:<init>(172)) - new 728ea44c-f097-440a-a87e-c27a68d48f14@group-DB3AFAA8F5B8-SegmentedRaftLogWorker for RaftStorage:Storage Directory /workdir/hadoop-ozone/integration-test/target/test-dir/MiniOzoneClusterImpl-2f79a7d3-d7ae-4963-8370-12bb1e2132d7/datanode-1/data/ratis/18e99446-4220-4f45-9b05-db3afaa8f5b8
2019-09-26 19:35:59,162 [pool-271-thread-1] INFO  server.RaftServerConfigKeys (ConfUtils.java:logGet(43)) - raft.server.log.queue.byte-limit = 2147483647 (custom)
2019-09-26 19:35:59,162 [pool-271-thread-1] INFO  server.RaftServerConfigKeys (ConfUtils.java:logGet(43)) - raft.server.log.queue.element-limit = 1024 (custom)
2019-09-26 19:35:59,162 [pool-271-thread-1] INFO  server.RaftServerConfigKeys (ConfUtils.java:logGet(43)) - raft.server.log.segment.size.max = 1048576 (custom)
2019-09-26 19:35:59,162 [pool-271-thread-1] INFO  server.RaftServerConfigKeys (ConfUtils.java:logGet(43)) - raft.server.log.preallocated.size = 16384 (custom)
2019-09-26 19:35:59,162 [pool-271-thread-1] INFO  server.RaftServerConfigKeys (ConfUtils.java:logGet(43)) - raft.server.log.write.buffer.size = 33554432 (custom)
2019-09-26 19:35:59,162 [pool-271-thread-1] INFO  server.RaftServerConfigKeys (ConfUtils.java:logGet(43)) - raft.server.log.force.sync.num = 128 (default)
2019-09-26 19:35:59,162 [pool-271-thread-1] INFO  server.RaftServerConfigKeys (ConfUtils.java:logGet(43)) - raft.server.log.statemachine.data.sync = true (default)
2019-09-26 19:35:59,162 [pool-271-thread-1] INFO  server.RaftServerConfigKeys (ConfUtils.java:logGet(43)) - raft.server.log.statemachine.data.sync.timeout = 10s (default)
2019-09-26 19:35:59,163 [pool-271-thread-1] INFO  server.RaftServerConfigKeys (ConfUtils.java:logGet(43)) - raft.server.log.statemachine.data.sync.timeout.retry = -1 (default)
2019-09-26 19:35:59,163 [pool-271-thread-1] INFO  server.RaftServerConfigKeys (ConfUtils.java:logGet(43)) - raft.server.log.statemachine.data.caching.enabled = true (custom)
2019-09-26 19:35:59,163 [pool-271-thread-1] INFO  segmented.SegmentedRaftLogWorker (SegmentedRaftLogWorker.java:lambda$new$0(132)) - 728ea44c-f097-440a-a87e-c27a68d48f14@group-DB3AFAA8F5B8-SegmentedRaftLogWorker: flushIndex: setUnconditionally 0 -> -1
2019-09-26 19:35:59,163 [pool-271-thread-1] INFO  server.RaftServerConfigKeys (ConfUtils.java:logGet(43)) - raft.server.snapshot.auto.trigger.enabled = true (custom)
2019-09-26 19:35:59,163 [pool-271-thread-1] INFO  server.RaftServerConfigKeys (ConfUtils.java:logGet(43)) - raft.server.snapshot.auto.trigger.threshold = 10000 (custom)
2019-09-26 19:35:59,163 [pool-271-thread-1] INFO  server.RaftServerConfigKeys (ConfUtils.java:logGet(43)) - raft.server.snapshot.retention.num.files = 5 (custom)
2019-09-26 19:35:59,164 [pool-271-thread-1] INFO  server.RaftServerConfigKeys (ConfUtils.java:logGet(43)) - raft.server.retrycache.expirytime = 600000ms (custom)
2019-09-26 19:35:59,165 [pool-271-thread-1] INFO  impl.RaftServerImpl (RaftServerImpl.java:start(185)) - 728ea44c-f097-440a-a87e-c27a68d48f14@group-DB3AFAA8F5B8: start as a follower, conf=-1: [728ea44c-f097-440a-a87e-c27a68d48f14:192.168.151.99:38783], old=null
2019-09-26 19:35:59,165 [pool-271-thread-1] INFO  impl.RaftServerImpl (RaftServerImpl.java:setRole(174)) - 728ea44c-f097-440a-a87e-c27a68d48f14@group-DB3AFAA8F5B8: changes role from      null to FOLLOWER at term 0 for startAsFollower
2019-09-26 19:35:59,165 [pool-271-thread-1] INFO  impl.RoleInfo (RoleInfo.java:updateAndGet(143)) - 728ea44c-f097-440a-a87e-c27a68d48f14: start FollowerState
2019-09-26 19:35:59,165 [pool-271-thread-1] INFO  util.JmxRegister (JmxRegister.java:tryRegister(44)) - Successfully registered JMX Bean with object name Ratis:service=RaftServer,group=group-DB3AFAA8F5B8,id=728ea44c-f097-440a-a87e-c27a68d48f14
2019-09-26 19:35:59,167 [RatisPipelineUtilsThread] INFO  pipeline.PipelineStateManager (PipelineStateManager.java:addPipeline(56)) - Created pipeline Pipeline[ Id: 18e99446-4220-4f45-9b05-db3afaa8f5b8, Nodes: 728ea44c-f097-440a-a87e-c27a68d48f14{ip: 192.168.151.99, host: pr-hdds-1569-g6sp5-2013761785, networkLocation: /rack1, certSerialId: null}, Type:RATIS, Factor:ONE, State:OPEN]
2019-09-26 19:35:59,168 [Thread-6597] INFO  impl.FollowerState (FollowerState.java:run(106)) - 728ea44c-f097-440a-a87e-c27a68d48f14:group-B3F8A4006BE0 changes to CANDIDATE, lastRpcTime:5138, electionTimeout:5138ms
2019-09-26 19:35:59,168 [Thread-6597] INFO  impl.RoleInfo (RoleInfo.java:shutdownFollowerState(121)) - 728ea44c-f097-440a-a87e-c27a68d48f14: shutdown FollowerState
2019-09-26 19:35:59,168 [Thread-6597] INFO  impl.RaftServerImpl (RaftServerImpl.java:setRole(174)) - 728ea44c-f097-440a-a87e-c27a68d48f14@group-B3F8A4006BE0: changes role from  FOLLOWER to CANDIDATE at term 0 for changeToCandidate
2019-09-26 19:35:59,168 [Thread-6597] INFO  impl.RoleInfo (RoleInfo.java:updateAndGet(143)) - 728ea44c-f097-440a-a87e-c27a68d48f14: start LeaderElection
2019-09-26 19:35:59,169 [grpc-default-executor-2] INFO  impl.RaftServerProxy (RaftServerProxy.java:addNew(89)) - 728ea44c-f097-440a-a87e-c27a68d48f14: addNew group-29C734BE2100:[728ea44c-f097-440a-a87e-c27a68d48f14:192.168.151.99:38783] returns group-29C734BE2100:java.util.concurrent.CompletableFuture@72407592[Not completed]
2019-09-26 19:35:59,170 [pool-271-thread-1] INFO  impl.RaftServerImpl (RaftServerImpl.java:<init>(95)) - 728ea44c-f097-440a-a87e-c27a68d48f14: new RaftServerImpl for group-29C734BE2100:[728ea44c-f097-440a-a87e-c27a68d48f14:192.168.151.99:38783] with ContainerStateMachine:uninitialized
2019-09-26 19:35:59,170 [pool-271-thread-1] INFO  server.RaftServerConfigKeys (ConfUtils.java:logGet(43)) - raft.server.rpc.timeout.min = 5s (custom)
2019-09-26 19:35:59,170 [pool-271-thread-1] INFO  server.RaftServerConfigKeys (ConfUtils.java:logGet(43)) - raft.server.rpc.timeout.max = 5200ms (custom)
2019-09-26 19:35:59,170 [pool-271-thread-1] INFO  server.RaftServerConfigKeys (ConfUtils.java:logGet(43)) - raft.server.rpcslowness.timeout = 120s (custom)
2019-09-26 19:35:59,170 [pool-271-thread-1] INFO  server.RaftServerConfigKeys (ConfUtils.java:logGet(43)) - raft.server.sleep.deviation.threshold = 300 (default)
2019-09-26 19:35:59,170 [pool-271-thread-1] INFO  server.RaftServerConfigKeys (ConfUtils.java:logGet(43)) - raft.server.log.appender.install.snapshot.enabled = false (custom)
2019-09-26 19:35:59,170 [pool-271-thread-1] INFO  impl.RaftServerImpl (ServerState.java:<init>(103)) - 728ea44c-f097-440a-a87e-c27a68d48f14@group-29C734BE2100: ConfigurationManager, init=-1: [728ea44c-f097-440a-a87e-c27a68d48f14:192.168.151.99:38783], old=null, confs=<EMPTY_MAP>
2019-09-26 19:35:59,170 [pool-271-thread-1] INFO  server.RaftServerConfigKeys (ConfUtils.java:logGet(43)) - raft.server.storage.dir = [/workdir/hadoop-ozone/integration-test/target/test-dir/MiniOzoneClusterImpl-2f79a7d3-d7ae-4963-8370-12bb1e2132d7/datanode-1/data/ratis] (custom)
2019-09-26 19:35:59,171 [pool-271-thread-1] INFO  storage.RaftStorageDirectory (RaftStorageDirectory.java:analyzeStorage(246)) - The storage directory /workdir/hadoop-ozone/integration-test/target/test-dir/MiniOzoneClusterImpl-2f79a7d3-d7ae-4963-8370-12bb1e2132d7/datanode-1/data/ratis/25778b87-f76e-42e0-ae78-29c734be2100 does not exist. Creating ...
2019-09-26 19:35:59,174 [Thread-6594] INFO  impl.FollowerState (FollowerState.java:run(106)) - 728ea44c-f097-440a-a87e-c27a68d48f14:group-CC96227F08CF changes to CANDIDATE, lastRpcTime:5180, electionTimeout:5180ms
2019-09-26 19:35:59,174 [Thread-6594] INFO  impl.RoleInfo (RoleInfo.java:shutdownFollowerState(121)) - 728ea44c-f097-440a-a87e-c27a68d48f14: shutdown FollowerState
2019-09-26 19:35:59,174 [Thread-6594] INFO  impl.RaftServerImpl (RaftServerImpl.java:setRole(174)) - 728ea44c-f097-440a-a87e-c27a68d48f14@group-CC96227F08CF: changes role from  FOLLOWER to CANDIDATE at term 0 for changeToCandidate
2019-09-26 19:35:59,174 [Thread-6594] INFO  impl.RoleInfo (RoleInfo.java:updateAndGet(143)) - 728ea44c-f097-440a-a87e-c27a68d48f14: start LeaderElection
2019-09-26 19:35:59,177 [pool-271-thread-1] INFO  storage.RaftStorageDirectory (RaftStorageDirectory.java:tryLock(328)) - Lock on /workdir/hadoop-ozone/integration-test/target/test-dir/MiniOzoneClusterImpl-2f79a7d3-d7ae-4963-8370-12bb1e2132d7/datanode-1/data/ratis/25778b87-f76e-42e0-ae78-29c734be2100/in_use.lock acquired by nodename 17888@pr-hdds-1569-g6sp5-2013761785
2019-09-26 19:35:59,179 [728ea44c-f097-440a-a87e-c27a68d48f14@group-B3F8A4006BE0:LeaderElection948] INFO  impl.LeaderElection (LeaderElection.java:askForVotes(182)) - 728ea44c-f097-440a-a87e-c27a68d48f14@group-B3F8A4006BE0:LeaderElection948: begin an election at term 1 for -1: [728ea44c-f097-440a-a87e-c27a68d48f14:192.168.151.99:38783], old=null
2019-09-26 19:35:59,179 [728ea44c-f097-440a-a87e-c27a68d48f14@group-B3F8A4006BE0:LeaderElection948] INFO  impl.RoleInfo (RoleInfo.java:shutdownLeaderElection(134)) - 728ea44c-f097-440a-a87e-c27a68d48f14: shutdown LeaderElection
2019-09-26 19:35:59,179 [728ea44c-f097-440a-a87e-c27a68d48f14@group-B3F8A4006BE0:LeaderElection948] INFO  impl.RaftServerImpl (RaftServerImpl.java:setRole(174)) - 728ea44c-f097-440a-a87e-c27a68d48f14@group-B3F8A4006BE0: changes role from CANDIDATE to LEADER at term 1 for changeToLeader
2019-09-26 19:35:59,179 [728ea44c-f097-440a-a87e-c27a68d48f14@group-B3F8A4006BE0:LeaderElection948] INFO  impl.RaftServerImpl (ServerState.java:setLeader(253)) - 728ea44c-f097-440a-a87e-c27a68d48f14@group-B3F8A4006BE0: change Leader from null to 728ea44c-f097-440a-a87e-c27a68d48f14 at term 1 for becomeLeader, leader elected after 5154ms
2019-09-26 19:35:59,179 [728ea44c-f097-440a-a87e-c27a68d48f14@group-B3F8A4006BE0:LeaderElection948] INFO  server.RaftServerConfigKeys (ConfUtils.java:logGet(43)) - raft.server.staging.catchup.gap = 1000 (default)
2019-09-26 19:35:59,179 [728ea44c-f097-440a-a87e-c27a68d48f14@group-B3F8A4006BE0:LeaderElection948] INFO  server.RaftServerConfigKeys (ConfUtils.java:logGet(43)) - raft.server.rpc.sleep.time = 25ms (default)
2019-09-26 19:35:59,180 [728ea44c-f097-440a-a87e-c27a68d48f14@group-B3F8A4006BE0:LeaderElection948] INFO  server.RaftServerConfigKeys (ConfUtils.java:logGet(43)) - raft.server.write.element-limit = 4096 (default)
2019-09-26 19:35:59,180 [728ea44c-f097-440a-a87e-c27a68d48f14@group-B3F8A4006BE0:LeaderElection948] INFO  server.RaftServerConfigKeys (ConfUtils.java:logGet(43)) - raft.server.watch.timeout = 10s (default)
2019-09-26 19:35:59,180 [728ea44c-f097-440a-a87e-c27a68d48f14@group-B3F8A4006BE0:LeaderElection948] INFO  server.RaftServerConfigKeys (ConfUtils.java:logGet(43)) - raft.server.watch.timeout.denomination = 1s (default)
2019-09-26 19:35:59,180 [728ea44c-f097-440a-a87e-c27a68d48f14@group-B3F8A4006BE0:LeaderElection948] INFO  server.RaftServerConfigKeys (ConfUtils.java:logGet(43)) - raft.server.watch.element-limit = 65536 (default)
2019-09-26 19:35:59,180 [27cb48db-4b88-4c0c-b213-19f9b2fffaff@group-941E0A5CDC52-SegmentedRaftLogWorker] INFO  segmented.SegmentedRaftLogWorker (SegmentedRaftLogWorker.java:execute(569)) - 27cb48db-4b88-4c0c-b213-19f9b2fffaff@group-941E0A5CDC52-SegmentedRaftLogWorker: created new log segment /workdir/hadoop-ozone/integration-test/target/test-dir/MiniOzoneClusterImpl-2f79a7d3-d7ae-4963-8370-12bb1e2132d7/datanode-0/data/ratis/e4ba1ab6-bbee-4894-8d1a-941e0a5cdc52/current/log_inprogress_0
2019-09-26 19:35:59,181 [728ea44c-f097-440a-a87e-c27a68d48f14@group-B3F8A4006BE0:LeaderElection948] INFO  impl.RoleInfo (RoleInfo.java:updateAndGet(143)) - 728ea44c-f097-440a-a87e-c27a68d48f14: start LeaderState
2019-09-26 19:35:59,181 [728ea44c-f097-440a-a87e-c27a68d48f14@group-B3F8A4006BE0:LeaderElection948] INFO  segmented.SegmentedRaftLogWorker (SegmentedRaftLogWorker.java:startLogSegment(380)) - 728ea44c-f097-440a-a87e-c27a68d48f14@group-B3F8A4006BE0-SegmentedRaftLogWorker: Starting segment from index:0
2019-09-26 19:35:59,181 [728ea44c-f097-440a-a87e-c27a68d48f14@group-B3F8A4006BE0:LeaderElection948] INFO  impl.RaftServerImpl (ServerState.java:setRaftConf(354)) - 728ea44c-f097-440a-a87e-c27a68d48f14@group-B3F8A4006BE0: set configuration 0: [728ea44c-f097-440a-a87e-c27a68d48f14:192.168.151.99:38783], old=null at 0
2019-09-26 19:35:59,182 [728ea44c-f097-440a-a87e-c27a68d48f14@group-CC96227F08CF:LeaderElection949] INFO  impl.LeaderElection (LeaderElection.java:askForVotes(182)) - 728ea44c-f097-440a-a87e-c27a68d48f14@group-CC96227F08CF:LeaderElection949: begin an election at term 1 for -1: [728ea44c-f097-440a-a87e-c27a68d48f14:192.168.151.99:38783], old=null
2019-09-26 19:35:59,182 [728ea44c-f097-440a-a87e-c27a68d48f14@group-CC96227F08CF:LeaderElection949] INFO  impl.RoleInfo (RoleInfo.java:shutdownLeaderElection(134)) - 728ea44c-f097-440a-a87e-c27a68d48f14: shutdown LeaderElection
2019-09-26 19:35:59,182 [728ea44c-f097-440a-a87e-c27a68d48f14@group-CC96227F08CF:LeaderElection949] INFO  impl.RaftServerImpl (RaftServerImpl.java:setRole(174)) - 728ea44c-f097-440a-a87e-c27a68d48f14@group-CC96227F08CF: changes role from CANDIDATE to LEADER at term 1 for changeToLeader
2019-09-26 19:35:59,182 [728ea44c-f097-440a-a87e-c27a68d48f14@group-CC96227F08CF:LeaderElection949] INFO  impl.RaftServerImpl (ServerState.java:setLeader(253)) - 728ea44c-f097-440a-a87e-c27a68d48f14@group-CC96227F08CF: change Leader from null to 728ea44c-f097-440a-a87e-c27a68d48f14 at term 1 for becomeLeader, leader elected after 5192ms
2019-09-26 19:35:59,182 [728ea44c-f097-440a-a87e-c27a68d48f14@group-CC96227F08CF:LeaderElection949] INFO  server.RaftServerConfigKeys (ConfUtils.java:logGet(43)) - raft.server.staging.catchup.gap = 1000 (default)
2019-09-26 19:35:59,182 [728ea44c-f097-440a-a87e-c27a68d48f14@group-CC96227F08CF:LeaderElection949] INFO  server.RaftServerConfigKeys (ConfUtils.java:logGet(43)) - raft.server.rpc.sleep.time = 25ms (default)
2019-09-26 19:35:59,182 [728ea44c-f097-440a-a87e-c27a68d48f14@group-CC96227F08CF:LeaderElection949] INFO  server.RaftServerConfigKeys (ConfUtils.java:logGet(43)) - raft.server.write.element-limit = 4096 (default)
2019-09-26 19:35:59,182 [728ea44c-f097-440a-a87e-c27a68d48f14@group-CC96227F08CF:LeaderElection949] INFO  server.RaftServerConfigKeys (ConfUtils.java:logGet(43)) - raft.server.watch.timeout = 10s (default)
2019-09-26 19:35:59,182 [728ea44c-f097-440a-a87e-c27a68d48f14@group-CC96227F08CF:LeaderElection949] INFO  server.RaftServerConfigKeys (ConfUtils.java:logGet(43)) - raft.server.watch.timeout.denomination = 1s (default)
2019-09-26 19:35:59,182 [728ea44c-f097-440a-a87e-c27a68d48f14@group-CC96227F08CF:LeaderElection949] INFO  server.RaftServerConfigKeys (ConfUtils.java:logGet(43)) - raft.server.watch.element-limit = 65536 (default)
2019-09-26 19:35:59,184 [728ea44c-f097-440a-a87e-c27a68d48f14@group-CC96227F08CF:LeaderElection949] INFO  impl.RoleInfo (RoleInfo.java:updateAndGet(143)) - 728ea44c-f097-440a-a87e-c27a68d48f14: start LeaderState
2019-09-26 19:35:59,184 [728ea44c-f097-440a-a87e-c27a68d48f14@group-CC96227F08CF:LeaderElection949] INFO  segmented.SegmentedRaftLogWorker (SegmentedRaftLogWorker.java:startLogSegment(380)) - 728ea44c-f097-440a-a87e-c27a68d48f14@group-CC96227F08CF-SegmentedRaftLogWorker: Starting segment from index:0
2019-09-26 19:35:59,184 [pool-271-thread-1] INFO  storage.RaftStorage (RaftStorage.java:format(72)) - Storage directory /workdir/hadoop-ozone/integration-test/target/test-dir/MiniOzoneClusterImpl-2f79a7d3-d7ae-4963-8370-12bb1e2132d7/datanode-1/data/ratis/25778b87-f76e-42e0-ae78-29c734be2100 has been successfully formatted.
2019-09-26 19:35:59,184 [728ea44c-f097-440a-a87e-c27a68d48f14@group-BA05DBCD694E-SegmentedRaftLogWorker] INFO  segmented.SegmentedRaftLogWorker (SegmentedRaftLogWorker.java:execute(569)) - 728ea44c-f097-440a-a87e-c27a68d48f14@group-BA05DBCD694E-SegmentedRaftLogWorker: created new log segment /workdir/hadoop-ozone/integration-test/target/test-dir/MiniOzoneClusterImpl-2f79a7d3-d7ae-4963-8370-12bb1e2132d7/datanode-1/data/ratis/9e912b84-66bc-496d-aa68-ba05dbcd694e/current/log_inprogress_0
2019-09-26 19:35:59,184 [pool-271-thread-1] INFO  ratis.ContainerStateMachine (ContainerStateMachine.java:loadSnapshot(230)) - group-29C734BE2100: The snapshot info is null. Setting the last applied indexto:(t:0, i:~)
2019-09-26 19:35:59,184 [728ea44c-f097-440a-a87e-c27a68d48f14@group-CC96227F08CF:LeaderElection949] INFO  impl.RaftServerImpl (ServerState.java:setRaftConf(354)) - 728ea44c-f097-440a-a87e-c27a68d48f14@group-CC96227F08CF: set configuration 0: [728ea44c-f097-440a-a87e-c27a68d48f14:192.168.151.99:38783], old=null at 0
2019-09-26 19:35:59,184 [pool-271-thread-1] INFO  server.RaftServerConfigKeys (ConfUtils.java:logGet(43)) - raft.server.notification.no-leader.timeout = 120s (custom)
2019-09-26 19:35:59,185 [pool-271-thread-1] INFO  server.RaftServerConfigKeys (ConfUtils.java:logGet(43)) - raft.server.log.use.memory = false (default)
2019-09-26 19:35:59,185 [pool-271-thread-1] INFO  server.RaftServerConfigKeys (ConfUtils.java:logGet(43)) - raft.server.log.purge.gap = 1000000 (custom)
2019-09-26 19:35:59,185 [pool-271-thread-1] INFO  server.RaftServerConfigKeys (ConfUtils.java:logGet(43)) - raft.server.log.appender.buffer.byte-limit = 33554432 (custom)
2019-09-26 19:35:59,185 [pool-271-thread-1] INFO  server.RaftServerConfigKeys (ConfUtils.java:logGet(43)) - raft.server.log.segment.size.max = 1048576 (custom)
2019-09-26 19:35:59,185 [pool-271-thread-1] INFO  server.RaftServerConfigKeys (ConfUtils.java:logGet(43)) - raft.server.log.segment.cache.num.max = 2 (custom)
2019-09-26 19:35:59,185 [pool-271-thread-1] INFO  segmented.SegmentedRaftLogWorker (SegmentedRaftLogWorker.java:<init>(172)) - new 728ea44c-f097-440a-a87e-c27a68d48f14@group-29C734BE2100-SegmentedRaftLogWorker for RaftStorage:Storage Directory /workdir/hadoop-ozone/integration-test/target/test-dir/MiniOzoneClusterImpl-2f79a7d3-d7ae-4963-8370-12bb1e2132d7/datanode-1/data/ratis/25778b87-f76e-42e0-ae78-29c734be2100
2019-09-26 19:35:59,185 [pool-271-thread-1] INFO  server.RaftServerConfigKeys (ConfUtils.java:logGet(43)) - raft.server.log.queue.byte-limit = 2147483647 (custom)
2019-09-26 19:35:59,186 [pool-271-thread-1] INFO  server.RaftServerConfigKeys (ConfUtils.java:logGet(43)) - raft.server.log.queue.element-limit = 1024 (custom)
2019-09-26 19:35:59,186 [pool-271-thread-1] INFO  server.RaftServerConfigKeys (ConfUtils.java:logGet(43)) - raft.server.log.segment.size.max = 1048576 (custom)
2019-09-26 19:35:59,186 [pool-271-thread-1] INFO  server.RaftServerConfigKeys (ConfUtils.java:logGet(43)) - raft.server.log.preallocated.size = 16384 (custom)
2019-09-26 19:35:59,186 [pool-271-thread-1] INFO  server.RaftServerConfigKeys (ConfUtils.java:logGet(43)) - raft.server.log.write.buffer.size = 33554432 (custom)
2019-09-26 19:35:59,186 [pool-271-thread-1] INFO  server.RaftServerConfigKeys (ConfUtils.java:logGet(43)) - raft.server.log.force.sync.num = 128 (default)
2019-09-26 19:35:59,186 [pool-271-thread-1] INFO  server.RaftServerConfigKeys (ConfUtils.java:logGet(43)) - raft.server.log.statemachine.data.sync = true (default)
2019-09-26 19:35:59,186 [pool-271-thread-1] INFO  server.RaftServerConfigKeys (ConfUtils.java:logGet(43)) - raft.server.log.statemachine.data.sync.timeout = 10s (default)
2019-09-26 19:35:59,186 [pool-271-thread-1] INFO  server.RaftServerConfigKeys (ConfUtils.java:logGet(43)) - raft.server.log.statemachine.data.sync.timeout.retry = -1 (default)
2019-09-26 19:35:59,186 [pool-271-thread-1] INFO  server.RaftServerConfigKeys (ConfUtils.java:logGet(43)) - raft.server.log.statemachine.data.caching.enabled = true (custom)
2019-09-26 19:35:59,187 [pool-271-thread-1] INFO  segmented.SegmentedRaftLogWorker (SegmentedRaftLogWorker.java:lambda$new$0(132)) - 728ea44c-f097-440a-a87e-c27a68d48f14@group-29C734BE2100-SegmentedRaftLogWorker: flushIndex: setUnconditionally 0 -> -1
2019-09-26 19:35:59,187 [pool-271-thread-1] INFO  server.RaftServerConfigKeys (ConfUtils.java:logGet(43)) - raft.server.snapshot.auto.trigger.enabled = true (custom)
2019-09-26 19:35:59,187 [pool-271-thread-1] INFO  server.RaftServerConfigKeys (ConfUtils.java:logGet(43)) - raft.server.snapshot.auto.trigger.threshold = 10000 (custom)
2019-09-26 19:35:59,187 [pool-271-thread-1] INFO  server.RaftServerConfigKeys (ConfUtils.java:logGet(43)) - raft.server.snapshot.retention.num.files = 5 (custom)
2019-09-26 19:35:59,187 [pool-271-thread-1] INFO  server.RaftServerConfigKeys (ConfUtils.java:logGet(43)) - raft.server.retrycache.expirytime = 600000ms (custom)
2019-09-26 19:35:59,189 [pool-271-thread-1] INFO  impl.RaftServerImpl (RaftServerImpl.java:start(185)) - 728ea44c-f097-440a-a87e-c27a68d48f14@group-29C734BE2100: start as a follower, conf=-1: [728ea44c-f097-440a-a87e-c27a68d48f14:192.168.151.99:38783], old=null
2019-09-26 19:35:59,189 [pool-271-thread-1] INFO  impl.RaftServerImpl (RaftServerImpl.java:setRole(174)) - 728ea44c-f097-440a-a87e-c27a68d48f14@group-29C734BE2100: changes role from      null to FOLLOWER at term 0 for startAsFollower
2019-09-26 19:35:59,189 [pool-271-thread-1] INFO  impl.RoleInfo (RoleInfo.java:updateAndGet(143)) - 728ea44c-f097-440a-a87e-c27a68d48f14: start FollowerState
2019-09-26 19:35:59,189 [pool-271-thread-1] INFO  util.JmxRegister (JmxRegister.java:tryRegister(44)) - Successfully registered JMX Bean with object name Ratis:service=RaftServer,group=group-29C734BE2100,id=728ea44c-f097-440a-a87e-c27a68d48f14
2019-09-26 19:35:59,191 [RatisPipelineUtilsThread] INFO  pipeline.PipelineStateManager (PipelineStateManager.java:addPipeline(56)) - Created pipeline Pipeline[ Id: 25778b87-f76e-42e0-ae78-29c734be2100, Nodes: 728ea44c-f097-440a-a87e-c27a68d48f14{ip: 192.168.151.99, host: pr-hdds-1569-g6sp5-2013761785, networkLocation: /rack1, certSerialId: null}, Type:RATIS, Factor:ONE, State:OPEN]
2019-09-26 19:35:59,193 [grpc-default-executor-2] INFO  impl.RaftServerProxy (RaftServerProxy.java:addNew(89)) - 27cb48db-4b88-4c0c-b213-19f9b2fffaff: addNew group-4E631C9E170A:[27cb48db-4b88-4c0c-b213-19f9b2fffaff:192.168.151.99:37457] returns group-4E631C9E170A:java.util.concurrent.CompletableFuture@598e4494[Not completed]
2019-09-26 19:35:59,193 [pool-261-thread-1] INFO  impl.RaftServerImpl (RaftServerImpl.java:<init>(95)) - 27cb48db-4b88-4c0c-b213-19f9b2fffaff: new RaftServerImpl for group-4E631C9E170A:[27cb48db-4b88-4c0c-b213-19f9b2fffaff:192.168.151.99:37457] with ContainerStateMachine:uninitialized
2019-09-26 19:35:59,193 [pool-261-thread-1] INFO  server.RaftServerConfigKeys (ConfUtils.java:logGet(43)) - raft.server.rpc.timeout.min = 5s (custom)
2019-09-26 19:35:59,193 [pool-261-thread-1] INFO  server.RaftServerConfigKeys (ConfUtils.java:logGet(43)) - raft.server.rpc.timeout.max = 5200ms (custom)
2019-09-26 19:35:59,193 [pool-261-thread-1] INFO  server.RaftServerConfigKeys (ConfUtils.java:logGet(43)) - raft.server.rpcslowness.timeout = 120s (custom)
2019-09-26 19:35:59,193 [pool-261-thread-1] INFO  server.RaftServerConfigKeys (ConfUtils.java:logGet(43)) - raft.server.sleep.deviation.threshold = 300 (default)
2019-09-26 19:35:59,194 [pool-261-thread-1] INFO  server.RaftServerConfigKeys (ConfUtils.java:logGet(43)) - raft.server.log.appender.install.snapshot.enabled = false (custom)
2019-09-26 19:35:59,194 [pool-261-thread-1] INFO  impl.RaftServerImpl (ServerState.java:<init>(103)) - 27cb48db-4b88-4c0c-b213-19f9b2fffaff@group-4E631C9E170A: ConfigurationManager, init=-1: [27cb48db-4b88-4c0c-b213-19f9b2fffaff:192.168.151.99:37457], old=null, confs=<EMPTY_MAP>
2019-09-26 19:35:59,194 [pool-261-thread-1] INFO  server.RaftServerConfigKeys (ConfUtils.java:logGet(43)) - raft.server.storage.dir = [/workdir/hadoop-ozone/integration-test/target/test-dir/MiniOzoneClusterImpl-2f79a7d3-d7ae-4963-8370-12bb1e2132d7/datanode-0/data/ratis] (custom)
2019-09-26 19:35:59,194 [pool-261-thread-1] INFO  storage.RaftStorageDirectory (RaftStorageDirectory.java:analyzeStorage(246)) - The storage directory /workdir/hadoop-ozone/integration-test/target/test-dir/MiniOzoneClusterImpl-2f79a7d3-d7ae-4963-8370-12bb1e2132d7/datanode-0/data/ratis/0ac33a4a-86d2-4020-a71f-4e631c9e170a does not exist. Creating ...
2019-09-26 19:35:59,198 [pool-261-thread-1] INFO  storage.RaftStorageDirectory (RaftStorageDirectory.java:tryLock(328)) - Lock on /workdir/hadoop-ozone/integration-test/target/test-dir/MiniOzoneClusterImpl-2f79a7d3-d7ae-4963-8370-12bb1e2132d7/datanode-0/data/ratis/0ac33a4a-86d2-4020-a71f-4e631c9e170a/in_use.lock acquired by nodename 17888@pr-hdds-1569-g6sp5-2013761785
2019-09-26 19:35:59,211 [pool-261-thread-1] INFO  storage.RaftStorage (RaftStorage.java:format(72)) - Storage directory /workdir/hadoop-ozone/integration-test/target/test-dir/MiniOzoneClusterImpl-2f79a7d3-d7ae-4963-8370-12bb1e2132d7/datanode-0/data/ratis/0ac33a4a-86d2-4020-a71f-4e631c9e170a has been successfully formatted.
2019-09-26 19:35:59,211 [pool-261-thread-1] INFO  ratis.ContainerStateMachine (ContainerStateMachine.java:loadSnapshot(230)) - group-4E631C9E170A: The snapshot info is null. Setting the last applied indexto:(t:0, i:~)
2019-09-26 19:35:59,211 [pool-261-thread-1] INFO  server.RaftServerConfigKeys (ConfUtils.java:logGet(43)) - raft.server.notification.no-leader.timeout = 120s (custom)
2019-09-26 19:35:59,211 [pool-261-thread-1] INFO  server.RaftServerConfigKeys (ConfUtils.java:logGet(43)) - raft.server.log.use.memory = false (default)
2019-09-26 19:35:59,211 [pool-261-thread-1] INFO  server.RaftServerConfigKeys (ConfUtils.java:logGet(43)) - raft.server.log.purge.gap = 1000000 (custom)
2019-09-26 19:35:59,211 [pool-261-thread-1] INFO  server.RaftServerConfigKeys (ConfUtils.java:logGet(43)) - raft.server.log.appender.buffer.byte-limit = 33554432 (custom)
2019-09-26 19:35:59,211 [pool-261-thread-1] INFO  server.RaftServerConfigKeys (ConfUtils.java:logGet(43)) - raft.server.log.segment.size.max = 1048576 (custom)
2019-09-26 19:35:59,211 [pool-261-thread-1] INFO  server.RaftServerConfigKeys (ConfUtils.java:logGet(43)) - raft.server.log.segment.cache.num.max = 2 (custom)
2019-09-26 19:35:59,211 [pool-261-thread-1] INFO  segmented.SegmentedRaftLogWorker (SegmentedRaftLogWorker.java:<init>(172)) - new 27cb48db-4b88-4c0c-b213-19f9b2fffaff@group-4E631C9E170A-SegmentedRaftLogWorker for RaftStorage:Storage Directory /workdir/hadoop-ozone/integration-test/target/test-dir/MiniOzoneClusterImpl-2f79a7d3-d7ae-4963-8370-12bb1e2132d7/datanode-0/data/ratis/0ac33a4a-86d2-4020-a71f-4e631c9e170a
2019-09-26 19:35:59,212 [pool-261-thread-1] INFO  server.RaftServerConfigKeys (ConfUtils.java:logGet(43)) - raft.server.log.queue.byte-limit = 2147483647 (custom)
2019-09-26 19:35:59,212 [pool-261-thread-1] INFO  server.RaftServerConfigKeys (ConfUtils.java:logGet(43)) - raft.server.log.queue.element-limit = 1024 (custom)
2019-09-26 19:35:59,212 [pool-261-thread-1] INFO  server.RaftServerConfigKeys (ConfUtils.java:logGet(43)) - raft.server.log.segment.size.max = 1048576 (custom)
2019-09-26 19:35:59,212 [pool-261-thread-1] INFO  server.RaftServerConfigKeys (ConfUtils.java:logGet(43)) - raft.server.log.preallocated.size = 16384 (custom)
2019-09-26 19:35:59,212 [pool-261-thread-1] INFO  server.RaftServerConfigKeys (ConfUtils.java:logGet(43)) - raft.server.log.write.buffer.size = 33554432 (custom)
2019-09-26 19:35:59,212 [pool-261-thread-1] INFO  server.RaftServerConfigKeys (ConfUtils.java:logGet(43)) - raft.server.log.force.sync.num = 128 (default)
2019-09-26 19:35:59,212 [pool-261-thread-1] INFO  server.RaftServerConfigKeys (ConfUtils.java:logGet(43)) - raft.server.log.statemachine.data.sync = true (default)
2019-09-26 19:35:59,212 [pool-261-thread-1] INFO  server.RaftServerConfigKeys (ConfUtils.java:logGet(43)) - raft.server.log.statemachine.data.sync.timeout = 10s (default)
2019-09-26 19:35:59,212 [pool-261-thread-1] INFO  server.RaftServerConfigKeys (ConfUtils.java:logGet(43)) - raft.server.log.statemachine.data.sync.timeout.retry = -1 (default)
2019-09-26 19:35:59,212 [pool-261-thread-1] INFO  server.RaftServerConfigKeys (ConfUtils.java:logGet(43)) - raft.server.log.statemachine.data.caching.enabled = true (custom)
2019-09-26 19:35:59,212 [pool-261-thread-1] INFO  segmented.SegmentedRaftLogWorker (SegmentedRaftLogWorker.java:lambda$new$0(132)) - 27cb48db-4b88-4c0c-b213-19f9b2fffaff@group-4E631C9E170A-SegmentedRaftLogWorker: flushIndex: setUnconditionally 0 -> -1
2019-09-26 19:35:59,213 [pool-261-thread-1] INFO  server.RaftServerConfigKeys (ConfUtils.java:logGet(43)) - raft.server.snapshot.auto.trigger.enabled = true (custom)
2019-09-26 19:35:59,213 [728ea44c-f097-440a-a87e-c27a68d48f14@group-CC96227F08CF-SegmentedRaftLogWorker] INFO  segmented.SegmentedRaftLogWorker (SegmentedRaftLogWorker.java:execute(569)) - 728ea44c-f097-440a-a87e-c27a68d48f14@group-CC96227F08CF-SegmentedRaftLogWorker: created new log segment /workdir/hadoop-ozone/integration-test/target/test-dir/MiniOzoneClusterImpl-2f79a7d3-d7ae-4963-8370-12bb1e2132d7/datanode-1/data/ratis/05586280-7a06-46c4-b680-cc96227f08cf/current/log_inprogress_0
2019-09-26 19:35:59,215 [pool-261-thread-1] INFO  server.RaftServerConfigKeys (ConfUtils.java:logGet(43)) - raft.server.snapshot.auto.trigger.threshold = 10000 (custom)
2019-09-26 19:35:59,215 [pool-261-thread-1] INFO  server.RaftServerConfigKeys (ConfUtils.java:logGet(43)) - raft.server.snapshot.retention.num.files = 5 (custom)
2019-09-26 19:35:59,215 [pool-261-thread-1] INFO  server.RaftServerConfigKeys (ConfUtils.java:logGet(43)) - raft.server.retrycache.expirytime = 600000ms (custom)
2019-09-26 19:35:59,216 [728ea44c-f097-440a-a87e-c27a68d48f14@group-B3F8A4006BE0-SegmentedRaftLogWorker] INFO  segmented.SegmentedRaftLogWorker (SegmentedRaftLogWorker.java:execute(569)) - 728ea44c-f097-440a-a87e-c27a68d48f14@group-B3F8A4006BE0-SegmentedRaftLogWorker: created new log segment /workdir/hadoop-ozone/integration-test/target/test-dir/MiniOzoneClusterImpl-2f79a7d3-d7ae-4963-8370-12bb1e2132d7/datanode-1/data/ratis/762807b6-d40e-4fc5-98ee-b3f8a4006be0/current/log_inprogress_0
2019-09-26 19:35:59,217 [pool-261-thread-1] INFO  impl.RaftServerImpl (RaftServerImpl.java:start(185)) - 27cb48db-4b88-4c0c-b213-19f9b2fffaff@group-4E631C9E170A: start as a follower, conf=-1: [27cb48db-4b88-4c0c-b213-19f9b2fffaff:192.168.151.99:37457], old=null
2019-09-26 19:35:59,217 [pool-261-thread-1] INFO  impl.RaftServerImpl (RaftServerImpl.java:setRole(174)) - 27cb48db-4b88-4c0c-b213-19f9b2fffaff@group-4E631C9E170A: changes role from      null to FOLLOWER at term 0 for startAsFollower
2019-09-26 19:35:59,217 [pool-261-thread-1] INFO  impl.RoleInfo (RoleInfo.java:updateAndGet(143)) - 27cb48db-4b88-4c0c-b213-19f9b2fffaff: start FollowerState
2019-09-26 19:35:59,217 [pool-261-thread-1] INFO  util.JmxRegister (JmxRegister.java:tryRegister(44)) - Successfully registered JMX Bean with object name Ratis:service=RaftServer,group=group-4E631C9E170A,id=27cb48db-4b88-4c0c-b213-19f9b2fffaff
2019-09-26 19:35:59,219 [RatisPipelineUtilsThread] INFO  pipeline.PipelineStateManager (PipelineStateManager.java:addPipeline(56)) - Created pipeline Pipeline[ Id: 0ac33a4a-86d2-4020-a71f-4e631c9e170a, Nodes: 27cb48db-4b88-4c0c-b213-19f9b2fffaff{ip: 192.168.151.99, host: pr-hdds-1569-g6sp5-2013761785, networkLocation: /rack1, certSerialId: null}, Type:RATIS, Factor:ONE, State:OPEN]
2019-09-26 19:35:59,221 [grpc-default-executor-2] INFO  impl.RaftServerProxy (RaftServerProxy.java:addNew(89)) - 27cb48db-4b88-4c0c-b213-19f9b2fffaff: addNew group-1463C3E88A5D:[27cb48db-4b88-4c0c-b213-19f9b2fffaff:192.168.151.99:37457] returns group-1463C3E88A5D:java.util.concurrent.CompletableFuture@1d0bc18a[Not completed]
2019-09-26 19:35:59,222 [pool-261-thread-1] INFO  impl.RaftServerImpl (RaftServerImpl.java:<init>(95)) - 27cb48db-4b88-4c0c-b213-19f9b2fffaff: new RaftServerImpl for group-1463C3E88A5D:[27cb48db-4b88-4c0c-b213-19f9b2fffaff:192.168.151.99:37457] with ContainerStateMachine:uninitialized
2019-09-26 19:35:59,222 [pool-261-thread-1] INFO  server.RaftServerConfigKeys (ConfUtils.java:logGet(43)) - raft.server.rpc.timeout.min = 5s (custom)
2019-09-26 19:35:59,222 [pool-261-thread-1] INFO  server.RaftServerConfigKeys (ConfUtils.java:logGet(43)) - raft.server.rpc.timeout.max = 5200ms (custom)
2019-09-26 19:35:59,222 [pool-261-thread-1] INFO  server.RaftServerConfigKeys (ConfUtils.java:logGet(43)) - raft.server.rpcslowness.timeout = 120s (custom)
2019-09-26 19:35:59,222 [pool-261-thread-1] INFO  server.RaftServerConfigKeys (ConfUtils.java:logGet(43)) - raft.server.sleep.deviation.threshold = 300 (default)
2019-09-26 19:35:59,222 [pool-261-thread-1] INFO  server.RaftServerConfigKeys (ConfUtils.java:logGet(43)) - raft.server.log.appender.install.snapshot.enabled = false (custom)
2019-09-26 19:35:59,222 [pool-261-thread-1] INFO  impl.RaftServerImpl (ServerState.java:<init>(103)) - 27cb48db-4b88-4c0c-b213-19f9b2fffaff@group-1463C3E88A5D: ConfigurationManager, init=-1: [27cb48db-4b88-4c0c-b213-19f9b2fffaff:192.168.151.99:37457], old=null, confs=<EMPTY_MAP>
2019-09-26 19:35:59,222 [pool-261-thread-1] INFO  server.RaftServerConfigKeys (ConfUtils.java:logGet(43)) - raft.server.storage.dir = [/workdir/hadoop-ozone/integration-test/target/test-dir/MiniOzoneClusterImpl-2f79a7d3-d7ae-4963-8370-12bb1e2132d7/datanode-0/data/ratis] (custom)
2019-09-26 19:35:59,222 [Thread-6600] INFO  impl.FollowerState (FollowerState.java:run(106)) - 728ea44c-f097-440a-a87e-c27a68d48f14:group-479242AB1E57 changes to CANDIDATE, lastRpcTime:5175, electionTimeout:5175ms
2019-09-26 19:35:59,223 [Thread-6600] INFO  impl.RoleInfo (RoleInfo.java:shutdownFollowerState(121)) - 728ea44c-f097-440a-a87e-c27a68d48f14: shutdown FollowerState
2019-09-26 19:35:59,223 [Thread-6600] INFO  impl.RaftServerImpl (RaftServerImpl.java:setRole(174)) - 728ea44c-f097-440a-a87e-c27a68d48f14@group-479242AB1E57: changes role from  FOLLOWER to CANDIDATE at term 0 for changeToCandidate
2019-09-26 19:35:59,223 [pool-261-thread-1] INFO  storage.RaftStorageDirectory (RaftStorageDirectory.java:analyzeStorage(246)) - The storage directory /workdir/hadoop-ozone/integration-test/target/test-dir/MiniOzoneClusterImpl-2f79a7d3-d7ae-4963-8370-12bb1e2132d7/datanode-0/data/ratis/f4a28dfa-3bd9-4218-8af9-1463c3e88a5d does not exist. Creating ...
2019-09-26 19:35:59,223 [Thread-6600] INFO  impl.RoleInfo (RoleInfo.java:updateAndGet(143)) - 728ea44c-f097-440a-a87e-c27a68d48f14: start LeaderElection
2019-09-26 19:35:59,228 [Thread-6609] INFO  impl.FollowerState (FollowerState.java:run(106)) - 27cb48db-4b88-4c0c-b213-19f9b2fffaff:group-00AA9E0C696D changes to CANDIDATE, lastRpcTime:5074, electionTimeout:5074ms
2019-09-26 19:35:59,228 [Thread-6609] INFO  impl.RoleInfo (RoleInfo.java:shutdownFollowerState(121)) - 27cb48db-4b88-4c0c-b213-19f9b2fffaff: shutdown FollowerState
2019-09-26 19:35:59,228 [Thread-6609] INFO  impl.RaftServerImpl (RaftServerImpl.java:setRole(174)) - 27cb48db-4b88-4c0c-b213-19f9b2fffaff@group-00AA9E0C696D: changes role from  FOLLOWER to CANDIDATE at term 0 for changeToCandidate
2019-09-26 19:35:59,228 [Thread-6609] INFO  impl.RoleInfo (RoleInfo.java:updateAndGet(143)) - 27cb48db-4b88-4c0c-b213-19f9b2fffaff: start LeaderElection
2019-09-26 19:35:59,277 [pool-261-thread-1] INFO  storage.RaftStorageDirectory (RaftStorageDirectory.java:tryLock(328)) - Lock on /workdir/hadoop-ozone/integration-test/target/test-dir/MiniOzoneClusterImpl-2f79a7d3-d7ae-4963-8370-12bb1e2132d7/datanode-0/data/ratis/f4a28dfa-3bd9-4218-8af9-1463c3e88a5d/in_use.lock acquired by nodename 17888@pr-hdds-1569-g6sp5-2013761785
2019-09-26 19:35:59,277 [27cb48db-4b88-4c0c-b213-19f9b2fffaff@group-00AA9E0C696D:LeaderElection951] INFO  impl.LeaderElection (LeaderElection.java:askForVotes(182)) - 27cb48db-4b88-4c0c-b213-19f9b2fffaff@group-00AA9E0C696D:LeaderElection951: begin an election at term 1 for -1: [27cb48db-4b88-4c0c-b213-19f9b2fffaff:192.168.151.99:37457], old=null
2019-09-26 19:35:59,277 [728ea44c-f097-440a-a87e-c27a68d48f14@group-479242AB1E57:LeaderElection950] INFO  impl.LeaderElection (LeaderElection.java:askForVotes(182)) - 728ea44c-f097-440a-a87e-c27a68d48f14@group-479242AB1E57:LeaderElection950: begin an election at term 1 for -1: [728ea44c-f097-440a-a87e-c27a68d48f14:192.168.151.99:38783], old=null
2019-09-26 19:35:59,277 [27cb48db-4b88-4c0c-b213-19f9b2fffaff@group-00AA9E0C696D:LeaderElection951] INFO  impl.RoleInfo (RoleInfo.java:shutdownLeaderElection(134)) - 27cb48db-4b88-4c0c-b213-19f9b2fffaff: shutdown LeaderElection
2019-09-26 19:35:59,278 [728ea44c-f097-440a-a87e-c27a68d48f14@group-479242AB1E57:LeaderElection950] INFO  impl.RoleInfo (RoleInfo.java:shutdownLeaderElection(134)) - 728ea44c-f097-440a-a87e-c27a68d48f14: shutdown LeaderElection
2019-09-26 19:35:59,278 [27cb48db-4b88-4c0c-b213-19f9b2fffaff@group-00AA9E0C696D:LeaderElection951] INFO  impl.RaftServerImpl (RaftServerImpl.java:setRole(174)) - 27cb48db-4b88-4c0c-b213-19f9b2fffaff@group-00AA9E0C696D: changes role from CANDIDATE to LEADER at term 1 for changeToLeader
2019-09-26 19:35:59,278 [728ea44c-f097-440a-a87e-c27a68d48f14@group-479242AB1E57:LeaderElection950] INFO  impl.RaftServerImpl (RaftServerImpl.java:setRole(174)) - 728ea44c-f097-440a-a87e-c27a68d48f14@group-479242AB1E57: changes role from CANDIDATE to LEADER at term 1 for changeToLeader
2019-09-26 19:35:59,278 [27cb48db-4b88-4c0c-b213-19f9b2fffaff@group-00AA9E0C696D:LeaderElection951] INFO  impl.RaftServerImpl (ServerState.java:setLeader(253)) - 27cb48db-4b88-4c0c-b213-19f9b2fffaff@group-00AA9E0C696D: change Leader from null to 27cb48db-4b88-4c0c-b213-19f9b2fffaff at term 1 for becomeLeader, leader elected after 5128ms
2019-09-26 19:35:59,278 [728ea44c-f097-440a-a87e-c27a68d48f14@group-479242AB1E57:LeaderElection950] INFO  impl.RaftServerImpl (ServerState.java:setLeader(253)) - 728ea44c-f097-440a-a87e-c27a68d48f14@group-479242AB1E57: change Leader from null to 728ea44c-f097-440a-a87e-c27a68d48f14 at term 1 for becomeLeader, leader elected after 5235ms
2019-09-26 19:35:59,278 [27cb48db-4b88-4c0c-b213-19f9b2fffaff@group-00AA9E0C696D:LeaderElection951] INFO  server.RaftServerConfigKeys (ConfUtils.java:logGet(43)) - raft.server.staging.catchup.gap = 1000 (default)
2019-09-26 19:35:59,278 [728ea44c-f097-440a-a87e-c27a68d48f14@group-479242AB1E57:LeaderElection950] INFO  server.RaftServerConfigKeys (ConfUtils.java:logGet(43)) - raft.server.staging.catchup.gap = 1000 (default)
2019-09-26 19:35:59,278 [27cb48db-4b88-4c0c-b213-19f9b2fffaff@group-00AA9E0C696D:LeaderElection951] INFO  server.RaftServerConfigKeys (ConfUtils.java:logGet(43)) - raft.server.rpc.sleep.time = 25ms (default)
2019-09-26 19:35:59,279 [728ea44c-f097-440a-a87e-c27a68d48f14@group-479242AB1E57:LeaderElection950] INFO  server.RaftServerConfigKeys (ConfUtils.java:logGet(43)) - raft.server.rpc.sleep.time = 25ms (default)
2019-09-26 19:35:59,279 [27cb48db-4b88-4c0c-b213-19f9b2fffaff@group-00AA9E0C696D:LeaderElection951] INFO  server.RaftServerConfigKeys (ConfUtils.java:logGet(43)) - raft.server.write.element-limit = 4096 (default)
2019-09-26 19:35:59,279 [728ea44c-f097-440a-a87e-c27a68d48f14@group-479242AB1E57:LeaderElection950] INFO  server.RaftServerConfigKeys (ConfUtils.java:logGet(43)) - raft.server.write.element-limit = 4096 (default)
2019-09-26 19:35:59,279 [27cb48db-4b88-4c0c-b213-19f9b2fffaff@group-00AA9E0C696D:LeaderElection951] INFO  server.RaftServerConfigKeys (ConfUtils.java:logGet(43)) - raft.server.watch.timeout = 10s (default)
2019-09-26 19:35:59,279 [728ea44c-f097-440a-a87e-c27a68d48f14@group-479242AB1E57:LeaderElection950] INFO  server.RaftServerConfigKeys (ConfUtils.java:logGet(43)) - raft.server.watch.timeout = 10s (default)
2019-09-26 19:35:59,279 [27cb48db-4b88-4c0c-b213-19f9b2fffaff@group-00AA9E0C696D:LeaderElection951] INFO  server.RaftServerConfigKeys (ConfUtils.java:logGet(43)) - raft.server.watch.timeout.denomination = 1s (default)
2019-09-26 19:35:59,279 [728ea44c-f097-440a-a87e-c27a68d48f14@group-479242AB1E57:LeaderElection950] INFO  server.RaftServerConfigKeys (ConfUtils.java:logGet(43)) - raft.server.watch.timeout.denomination = 1s (default)
2019-09-26 19:35:59,279 [27cb48db-4b88-4c0c-b213-19f9b2fffaff@group-00AA9E0C696D:LeaderElection951] INFO  server.RaftServerConfigKeys (ConfUtils.java:logGet(43)) - raft.server.watch.element-limit = 65536 (default)
2019-09-26 19:35:59,279 [728ea44c-f097-440a-a87e-c27a68d48f14@group-479242AB1E57:LeaderElection950] INFO  server.RaftServerConfigKeys (ConfUtils.java:logGet(43)) - raft.server.watch.element-limit = 65536 (default)
2019-09-26 19:35:59,282 [27cb48db-4b88-4c0c-b213-19f9b2fffaff@group-00AA9E0C696D:LeaderElection951] INFO  impl.RoleInfo (RoleInfo.java:updateAndGet(143)) - 27cb48db-4b88-4c0c-b213-19f9b2fffaff: start LeaderState
2019-09-26 19:35:59,282 [27cb48db-4b88-4c0c-b213-19f9b2fffaff@group-00AA9E0C696D:LeaderElection951] INFO  segmented.SegmentedRaftLogWorker (SegmentedRaftLogWorker.java:startLogSegment(380)) - 27cb48db-4b88-4c0c-b213-19f9b2fffaff@group-00AA9E0C696D-SegmentedRaftLogWorker: Starting segment from index:0
2019-09-26 19:35:59,282 [728ea44c-f097-440a-a87e-c27a68d48f14@group-479242AB1E57:LeaderElection950] INFO  impl.RoleInfo (RoleInfo.java:updateAndGet(143)) - 728ea44c-f097-440a-a87e-c27a68d48f14: start LeaderState
2019-09-26 19:35:59,282 [27cb48db-4b88-4c0c-b213-19f9b2fffaff@group-00AA9E0C696D:LeaderElection951] INFO  impl.RaftServerImpl (ServerState.java:setRaftConf(354)) - 27cb48db-4b88-4c0c-b213-19f9b2fffaff@group-00AA9E0C696D: set configuration 0: [27cb48db-4b88-4c0c-b213-19f9b2fffaff:192.168.151.99:37457], old=null at 0
2019-09-26 19:35:59,282 [728ea44c-f097-440a-a87e-c27a68d48f14@group-479242AB1E57:LeaderElection950] INFO  segmented.SegmentedRaftLogWorker (SegmentedRaftLogWorker.java:startLogSegment(380)) - 728ea44c-f097-440a-a87e-c27a68d48f14@group-479242AB1E57-SegmentedRaftLogWorker: Starting segment from index:0
2019-09-26 19:35:59,283 [728ea44c-f097-440a-a87e-c27a68d48f14@group-479242AB1E57:LeaderElection950] INFO  impl.RaftServerImpl (ServerState.java:setRaftConf(354)) - 728ea44c-f097-440a-a87e-c27a68d48f14@group-479242AB1E57: set configuration 0: [728ea44c-f097-440a-a87e-c27a68d48f14:192.168.151.99:38783], old=null at 0
2019-09-26 19:35:59,291 [pool-261-thread-1] INFO  storage.RaftStorage (RaftStorage.java:format(72)) - Storage directory /workdir/hadoop-ozone/integration-test/target/test-dir/MiniOzoneClusterImpl-2f79a7d3-d7ae-4963-8370-12bb1e2132d7/datanode-0/data/ratis/f4a28dfa-3bd9-4218-8af9-1463c3e88a5d has been successfully formatted.
2019-09-26 19:35:59,291 [pool-261-thread-1] INFO  ratis.ContainerStateMachine (ContainerStateMachine.java:loadSnapshot(230)) - group-1463C3E88A5D: The snapshot info is null. Setting the last applied indexto:(t:0, i:~)
2019-09-26 19:35:59,291 [pool-261-thread-1] INFO  server.RaftServerConfigKeys (ConfUtils.java:logGet(43)) - raft.server.notification.no-leader.timeout = 120s (custom)
2019-09-26 19:35:59,291 [pool-261-thread-1] INFO  server.RaftServerConfigKeys (ConfUtils.java:logGet(43)) - raft.server.log.use.memory = false (default)
2019-09-26 19:35:59,292 [pool-261-thread-1] INFO  server.RaftServerConfigKeys (ConfUtils.java:logGet(43)) - raft.server.log.purge.gap = 1000000 (custom)
2019-09-26 19:35:59,292 [pool-261-thread-1] INFO  server.RaftServerConfigKeys (ConfUtils.java:logGet(43)) - raft.server.log.appender.buffer.byte-limit = 33554432 (custom)
2019-09-26 19:35:59,292 [pool-261-thread-1] INFO  server.RaftServerConfigKeys (ConfUtils.java:logGet(43)) - raft.server.log.segment.size.max = 1048576 (custom)
2019-09-26 19:35:59,292 [pool-261-thread-1] INFO  server.RaftServerConfigKeys (ConfUtils.java:logGet(43)) - raft.server.log.segment.cache.num.max = 2 (custom)
2019-09-26 19:35:59,292 [pool-261-thread-1] INFO  segmented.SegmentedRaftLogWorker (SegmentedRaftLogWorker.java:<init>(172)) - new 27cb48db-4b88-4c0c-b213-19f9b2fffaff@group-1463C3E88A5D-SegmentedRaftLogWorker for RaftStorage:Storage Directory /workdir/hadoop-ozone/integration-test/target/test-dir/MiniOzoneClusterImpl-2f79a7d3-d7ae-4963-8370-12bb1e2132d7/datanode-0/data/ratis/f4a28dfa-3bd9-4218-8af9-1463c3e88a5d
2019-09-26 19:35:59,292 [pool-261-thread-1] INFO  server.RaftServerConfigKeys (ConfUtils.java:logGet(43)) - raft.server.log.queue.byte-limit = 2147483647 (custom)
2019-09-26 19:35:59,292 [pool-261-thread-1] INFO  server.RaftServerConfigKeys (ConfUtils.java:logGet(43)) - raft.server.log.queue.element-limit = 1024 (custom)
2019-09-26 19:35:59,293 [pool-261-thread-1] INFO  server.RaftServerConfigKeys (ConfUtils.java:logGet(43)) - raft.server.log.segment.size.max = 1048576 (custom)
2019-09-26 19:35:59,293 [pool-261-thread-1] INFO  server.RaftServerConfigKeys (ConfUtils.java:logGet(43)) - raft.server.log.preallocated.size = 16384 (custom)
2019-09-26 19:35:59,293 [pool-261-thread-1] INFO  server.RaftServerConfigKeys (ConfUtils.java:logGet(43)) - raft.server.log.write.buffer.size = 33554432 (custom)
2019-09-26 19:35:59,293 [pool-261-thread-1] INFO  server.RaftServerConfigKeys (ConfUtils.java:logGet(43)) - raft.server.log.force.sync.num = 128 (default)
2019-09-26 19:35:59,293 [pool-261-thread-1] INFO  server.RaftServerConfigKeys (ConfUtils.java:logGet(43)) - raft.server.log.statemachine.data.sync = true (default)
2019-09-26 19:35:59,293 [Thread-6615] INFO  impl.FollowerState (FollowerState.java:run(106)) - 27cb48db-4b88-4c0c-b213-19f9b2fffaff:group-9B0EE13376C8 changes to CANDIDATE, lastRpcTime:5068, electionTimeout:5068ms
2019-09-26 19:35:59,293 [pool-261-thread-1] INFO  server.RaftServerConfigKeys (ConfUtils.java:logGet(43)) - raft.server.log.statemachine.data.sync.timeout = 10s (default)
2019-09-26 19:35:59,293 [Thread-6618] INFO  impl.FollowerState (FollowerState.java:run(106)) - 27cb48db-4b88-4c0c-b213-19f9b2fffaff:group-0B5797283340 changes to CANDIDATE, lastRpcTime:5032, electionTimeout:5032ms
2019-09-26 19:35:59,293 [Thread-6615] INFO  impl.RoleInfo (RoleInfo.java:shutdownFollowerState(121)) - 27cb48db-4b88-4c0c-b213-19f9b2fffaff: shutdown FollowerState
2019-09-26 19:35:59,293 [Thread-6618] INFO  impl.RoleInfo (RoleInfo.java:shutdownFollowerState(121)) - 27cb48db-4b88-4c0c-b213-19f9b2fffaff: shutdown FollowerState
2019-09-26 19:35:59,293 [pool-261-thread-1] INFO  server.RaftServerConfigKeys (ConfUtils.java:logGet(43)) - raft.server.log.statemachine.data.sync.timeout.retry = -1 (default)
2019-09-26 19:35:59,294 [Thread-6618] INFO  impl.RaftServerImpl (RaftServerImpl.java:setRole(174)) - 27cb48db-4b88-4c0c-b213-19f9b2fffaff@group-0B5797283340: changes role from  FOLLOWER to CANDIDATE at term 0 for changeToCandidate
2019-09-26 19:35:59,294 [Thread-6615] INFO  impl.RaftServerImpl (RaftServerImpl.java:setRole(174)) - 27cb48db-4b88-4c0c-b213-19f9b2fffaff@group-9B0EE13376C8: changes role from  FOLLOWER to CANDIDATE at term 0 for changeToCandidate
2019-09-26 19:35:59,294 [Thread-6618] INFO  impl.RoleInfo (RoleInfo.java:updateAndGet(143)) - 27cb48db-4b88-4c0c-b213-19f9b2fffaff: start LeaderElection
2019-09-26 19:35:59,294 [pool-261-thread-1] INFO  server.RaftServerConfigKeys (ConfUtils.java:logGet(43)) - raft.server.log.statemachine.data.caching.enabled = true (custom)
2019-09-26 19:35:59,294 [Thread-6615] INFO  impl.RoleInfo (RoleInfo.java:updateAndGet(143)) - 27cb48db-4b88-4c0c-b213-19f9b2fffaff: start LeaderElection
2019-09-26 19:35:59,294 [pool-261-thread-1] INFO  segmented.SegmentedRaftLogWorker (SegmentedRaftLogWorker.java:lambda$new$0(132)) - 27cb48db-4b88-4c0c-b213-19f9b2fffaff@group-1463C3E88A5D-SegmentedRaftLogWorker: flushIndex: setUnconditionally 0 -> -1
2019-09-26 19:35:59,295 [pool-261-thread-1] INFO  server.RaftServerConfigKeys (ConfUtils.java:logGet(43)) - raft.server.snapshot.auto.trigger.enabled = true (custom)
2019-09-26 19:35:59,295 [pool-261-thread-1] INFO  server.RaftServerConfigKeys (ConfUtils.java:logGet(43)) - raft.server.snapshot.auto.trigger.threshold = 10000 (custom)
2019-09-26 19:35:59,295 [pool-261-thread-1] INFO  server.RaftServerConfigKeys (ConfUtils.java:logGet(43)) - raft.server.snapshot.retention.num.files = 5 (custom)
2019-09-26 19:35:59,295 [pool-261-thread-1] INFO  server.RaftServerConfigKeys (ConfUtils.java:logGet(43)) - raft.server.retrycache.expirytime = 600000ms (custom)
2019-09-26 19:35:59,297 [pool-261-thread-1] INFO  impl.RaftServerImpl (RaftServerImpl.java:start(185)) - 27cb48db-4b88-4c0c-b213-19f9b2fffaff@group-1463C3E88A5D: start as a follower, conf=-1: [27cb48db-4b88-4c0c-b213-19f9b2fffaff:192.168.151.99:37457], old=null
2019-09-26 19:35:59,297 [pool-261-thread-1] INFO  impl.RaftServerImpl (RaftServerImpl.java:setRole(174)) - 27cb48db-4b88-4c0c-b213-19f9b2fffaff@group-1463C3E88A5D: changes role from      null to FOLLOWER at term 0 for startAsFollower
2019-09-26 19:35:59,297 [pool-261-thread-1] INFO  impl.RoleInfo (RoleInfo.java:updateAndGet(143)) - 27cb48db-4b88-4c0c-b213-19f9b2fffaff: start FollowerState
2019-09-26 19:35:59,298 [pool-261-thread-1] INFO  util.JmxRegister (JmxRegister.java:tryRegister(44)) - Successfully registered JMX Bean with object name Ratis:service=RaftServer,group=group-1463C3E88A5D,id=27cb48db-4b88-4c0c-b213-19f9b2fffaff
2019-09-26 19:35:59,299 [RatisPipelineUtilsThread] INFO  pipeline.PipelineStateManager (PipelineStateManager.java:addPipeline(56)) - Created pipeline Pipeline[ Id: f4a28dfa-3bd9-4218-8af9-1463c3e88a5d, Nodes: 27cb48db-4b88-4c0c-b213-19f9b2fffaff{ip: 192.168.151.99, host: pr-hdds-1569-g6sp5-2013761785, networkLocation: /rack1, certSerialId: null}, Type:RATIS, Factor:ONE, State:OPEN]
2019-09-26 19:35:59,302 [grpc-default-executor-2] INFO  impl.RaftServerProxy (RaftServerProxy.java:addNew(89)) - 27cb48db-4b88-4c0c-b213-19f9b2fffaff: addNew group-03A45304F25E:[27cb48db-4b88-4c0c-b213-19f9b2fffaff:192.168.151.99:37457] returns group-03A45304F25E:java.util.concurrent.CompletableFuture@756b9173[Not completed]
2019-09-26 19:35:59,302 [pool-261-thread-1] INFO  impl.RaftServerImpl (RaftServerImpl.java:<init>(95)) - 27cb48db-4b88-4c0c-b213-19f9b2fffaff: new RaftServerImpl for group-03A45304F25E:[27cb48db-4b88-4c0c-b213-19f9b2fffaff:192.168.151.99:37457] with ContainerStateMachine:uninitialized
2019-09-26 19:35:59,303 [pool-261-thread-1] INFO  server.RaftServerConfigKeys (ConfUtils.java:logGet(43)) - raft.server.rpc.timeout.min = 5s (custom)
2019-09-26 19:35:59,303 [pool-261-thread-1] INFO  server.RaftServerConfigKeys (ConfUtils.java:logGet(43)) - raft.server.rpc.timeout.max = 5200ms (custom)
2019-09-26 19:35:59,303 [pool-261-thread-1] INFO  server.RaftServerConfigKeys (ConfUtils.java:logGet(43)) - raft.server.rpcslowness.timeout = 120s (custom)
2019-09-26 19:35:59,303 [pool-261-thread-1] INFO  server.RaftServerConfigKeys (ConfUtils.java:logGet(43)) - raft.server.sleep.deviation.threshold = 300 (default)
2019-09-26 19:35:59,303 [pool-261-thread-1] INFO  server.RaftServerConfigKeys (ConfUtils.java:logGet(43)) - raft.server.log.appender.install.snapshot.enabled = false (custom)
2019-09-26 19:35:59,303 [pool-261-thread-1] INFO  impl.RaftServerImpl (ServerState.java:<init>(103)) - 27cb48db-4b88-4c0c-b213-19f9b2fffaff@group-03A45304F25E: ConfigurationManager, init=-1: [27cb48db-4b88-4c0c-b213-19f9b2fffaff:192.168.151.99:37457], old=null, confs=<EMPTY_MAP>
2019-09-26 19:35:59,303 [pool-261-thread-1] INFO  server.RaftServerConfigKeys (ConfUtils.java:logGet(43)) - raft.server.storage.dir = [/workdir/hadoop-ozone/integration-test/target/test-dir/MiniOzoneClusterImpl-2f79a7d3-d7ae-4963-8370-12bb1e2132d7/datanode-0/data/ratis] (custom)
2019-09-26 19:35:59,304 [27cb48db-4b88-4c0c-b213-19f9b2fffaff@group-0B5797283340:LeaderElection952] INFO  impl.LeaderElection (LeaderElection.java:askForVotes(182)) - 27cb48db-4b88-4c0c-b213-19f9b2fffaff@group-0B5797283340:LeaderElection952: begin an election at term 1 for -1: [27cb48db-4b88-4c0c-b213-19f9b2fffaff:192.168.151.99:37457], old=null
2019-09-26 19:35:59,304 [27cb48db-4b88-4c0c-b213-19f9b2fffaff@group-9B0EE13376C8:LeaderElection953] INFO  impl.LeaderElection (LeaderElection.java:askForVotes(182)) - 27cb48db-4b88-4c0c-b213-19f9b2fffaff@group-9B0EE13376C8:LeaderElection953: begin an election at term 1 for -1: [27cb48db-4b88-4c0c-b213-19f9b2fffaff:192.168.151.99:37457], old=null
2019-09-26 19:35:59,304 [pool-261-thread-1] INFO  storage.RaftStorageDirectory (RaftStorageDirectory.java:analyzeStorage(246)) - The storage directory /workdir/hadoop-ozone/integration-test/target/test-dir/MiniOzoneClusterImpl-2f79a7d3-d7ae-4963-8370-12bb1e2132d7/datanode-0/data/ratis/38f6e568-f282-42d3-8b24-03a45304f25e does not exist. Creating ...
2019-09-26 19:35:59,304 [27cb48db-4b88-4c0c-b213-19f9b2fffaff@group-9B0EE13376C8:LeaderElection953] INFO  impl.RoleInfo (RoleInfo.java:shutdownLeaderElection(134)) - 27cb48db-4b88-4c0c-b213-19f9b2fffaff: shutdown LeaderElection
2019-09-26 19:35:59,304 [27cb48db-4b88-4c0c-b213-19f9b2fffaff@group-0B5797283340:LeaderElection952] INFO  impl.RoleInfo (RoleInfo.java:shutdownLeaderElection(134)) - 27cb48db-4b88-4c0c-b213-19f9b2fffaff: shutdown LeaderElection
2019-09-26 19:35:59,305 [27cb48db-4b88-4c0c-b213-19f9b2fffaff@group-9B0EE13376C8:LeaderElection953] INFO  impl.RaftServerImpl (RaftServerImpl.java:setRole(174)) - 27cb48db-4b88-4c0c-b213-19f9b2fffaff@group-9B0EE13376C8: changes role from CANDIDATE to LEADER at term 1 for changeToLeader
2019-09-26 19:35:59,305 [27cb48db-4b88-4c0c-b213-19f9b2fffaff@group-0B5797283340:LeaderElection952] INFO  impl.RaftServerImpl (RaftServerImpl.java:setRole(174)) - 27cb48db-4b88-4c0c-b213-19f9b2fffaff@group-0B5797283340: changes role from CANDIDATE to LEADER at term 1 for changeToLeader
2019-09-26 19:35:59,305 [27cb48db-4b88-4c0c-b213-19f9b2fffaff@group-0B5797283340:LeaderElection952] INFO  impl.RaftServerImpl (ServerState.java:setLeader(253)) - 27cb48db-4b88-4c0c-b213-19f9b2fffaff@group-0B5797283340: change Leader from null to 27cb48db-4b88-4c0c-b213-19f9b2fffaff at term 1 for becomeLeader, leader elected after 5049ms
2019-09-26 19:35:59,305 [27cb48db-4b88-4c0c-b213-19f9b2fffaff@group-9B0EE13376C8:LeaderElection953] INFO  impl.RaftServerImpl (ServerState.java:setLeader(253)) - 27cb48db-4b88-4c0c-b213-19f9b2fffaff@group-9B0EE13376C8: change Leader from null to 27cb48db-4b88-4c0c-b213-19f9b2fffaff at term 1 for becomeLeader, leader elected after 5084ms
2019-09-26 19:35:59,305 [27cb48db-4b88-4c0c-b213-19f9b2fffaff@group-0B5797283340:LeaderElection952] INFO  server.RaftServerConfigKeys (ConfUtils.java:logGet(43)) - raft.server.staging.catchup.gap = 1000 (default)
2019-09-26 19:35:59,305 [27cb48db-4b88-4c0c-b213-19f9b2fffaff@group-9B0EE13376C8:LeaderElection953] INFO  server.RaftServerConfigKeys (ConfUtils.java:logGet(43)) - raft.server.staging.catchup.gap = 1000 (default)
2019-09-26 19:35:59,305 [27cb48db-4b88-4c0c-b213-19f9b2fffaff@group-0B5797283340:LeaderElection952] INFO  server.RaftServerConfigKeys (ConfUtils.java:logGet(43)) - raft.server.rpc.sleep.time = 25ms (default)
2019-09-26 19:35:59,305 [27cb48db-4b88-4c0c-b213-19f9b2fffaff@group-9B0EE13376C8:LeaderElection953] INFO  server.RaftServerConfigKeys (ConfUtils.java:logGet(43)) - raft.server.rpc.sleep.time = 25ms (default)
2019-09-26 19:35:59,306 [27cb48db-4b88-4c0c-b213-19f9b2fffaff@group-0B5797283340:LeaderElection952] INFO  server.RaftServerConfigKeys (ConfUtils.java:logGet(43)) - raft.server.write.element-limit = 4096 (default)
2019-09-26 19:35:59,306 [27cb48db-4b88-4c0c-b213-19f9b2fffaff@group-9B0EE13376C8:LeaderElection953] INFO  server.RaftServerConfigKeys (ConfUtils.java:logGet(43)) - raft.server.write.element-limit = 4096 (default)
2019-09-26 19:35:59,306 [27cb48db-4b88-4c0c-b213-19f9b2fffaff@group-0B5797283340:LeaderElection952] INFO  server.RaftServerConfigKeys (ConfUtils.java:logGet(43)) - raft.server.watch.timeout = 10s (default)
2019-09-26 19:35:59,306 [27cb48db-4b88-4c0c-b213-19f9b2fffaff@group-9B0EE13376C8:LeaderElection953] INFO  server.RaftServerConfigKeys (ConfUtils.java:logGet(43)) - raft.server.watch.timeout = 10s (default)
2019-09-26 19:35:59,306 [27cb48db-4b88-4c0c-b213-19f9b2fffaff@group-0B5797283340:LeaderElection952] INFO  server.RaftServerConfigKeys (ConfUtils.java:logGet(43)) - raft.server.watch.timeout.denomination = 1s (default)
2019-09-26 19:35:59,306 [27cb48db-4b88-4c0c-b213-19f9b2fffaff@group-9B0EE13376C8:LeaderElection953] INFO  server.RaftServerConfigKeys (ConfUtils.java:logGet(43)) - raft.server.watch.timeout.denomination = 1s (default)
2019-09-26 19:35:59,306 [27cb48db-4b88-4c0c-b213-19f9b2fffaff@group-0B5797283340:LeaderElection952] INFO  server.RaftServerConfigKeys (ConfUtils.java:logGet(43)) - raft.server.watch.element-limit = 65536 (default)
2019-09-26 19:35:59,306 [27cb48db-4b88-4c0c-b213-19f9b2fffaff@group-9B0EE13376C8:LeaderElection953] INFO  server.RaftServerConfigKeys (ConfUtils.java:logGet(43)) - raft.server.watch.element-limit = 65536 (default)
2019-09-26 19:35:59,309 [27cb48db-4b88-4c0c-b213-19f9b2fffaff@group-0B5797283340:LeaderElection952] INFO  impl.RoleInfo (RoleInfo.java:updateAndGet(143)) - 27cb48db-4b88-4c0c-b213-19f9b2fffaff: start LeaderState
2019-09-26 19:35:59,309 [27cb48db-4b88-4c0c-b213-19f9b2fffaff@group-0B5797283340:LeaderElection952] INFO  segmented.SegmentedRaftLogWorker (SegmentedRaftLogWorker.java:startLogSegment(380)) - 27cb48db-4b88-4c0c-b213-19f9b2fffaff@group-0B5797283340-SegmentedRaftLogWorker: Starting segment from index:0
2019-09-26 19:35:59,309 [27cb48db-4b88-4c0c-b213-19f9b2fffaff@group-9B0EE13376C8:LeaderElection953] INFO  impl.RoleInfo (RoleInfo.java:updateAndGet(143)) - 27cb48db-4b88-4c0c-b213-19f9b2fffaff: start LeaderState
2019-09-26 19:35:59,309 [27cb48db-4b88-4c0c-b213-19f9b2fffaff@group-9B0EE13376C8:LeaderElection953] INFO  segmented.SegmentedRaftLogWorker (SegmentedRaftLogWorker.java:startLogSegment(380)) - 27cb48db-4b88-4c0c-b213-19f9b2fffaff@group-9B0EE13376C8-SegmentedRaftLogWorker: Starting segment from index:0
2019-09-26 19:35:59,309 [27cb48db-4b88-4c0c-b213-19f9b2fffaff@group-0B5797283340:LeaderElection952] INFO  impl.RaftServerImpl (ServerState.java:setRaftConf(354)) - 27cb48db-4b88-4c0c-b213-19f9b2fffaff@group-0B5797283340: set configuration 0: [27cb48db-4b88-4c0c-b213-19f9b2fffaff:192.168.151.99:37457], old=null at 0
2019-09-26 19:35:59,310 [27cb48db-4b88-4c0c-b213-19f9b2fffaff@group-9B0EE13376C8:LeaderElection953] INFO  impl.RaftServerImpl (ServerState.java:setRaftConf(354)) - 27cb48db-4b88-4c0c-b213-19f9b2fffaff@group-9B0EE13376C8: set configuration 0: [27cb48db-4b88-4c0c-b213-19f9b2fffaff:192.168.151.99:37457], old=null at 0
2019-09-26 19:35:59,321 [pool-261-thread-1] INFO  storage.RaftStorageDirectory (RaftStorageDirectory.java:tryLock(328)) - Lock on /workdir/hadoop-ozone/integration-test/target/test-dir/MiniOzoneClusterImpl-2f79a7d3-d7ae-4963-8370-12bb1e2132d7/datanode-0/data/ratis/38f6e568-f282-42d3-8b24-03a45304f25e/in_use.lock acquired by nodename 17888@pr-hdds-1569-g6sp5-2013761785
2019-09-26 19:35:59,321 [728ea44c-f097-440a-a87e-c27a68d48f14@group-479242AB1E57-SegmentedRaftLogWorker] INFO  segmented.SegmentedRaftLogWorker (SegmentedRaftLogWorker.java:execute(569)) - 728ea44c-f097-440a-a87e-c27a68d48f14@group-479242AB1E57-SegmentedRaftLogWorker: created new log segment /workdir/hadoop-ozone/integration-test/target/test-dir/MiniOzoneClusterImpl-2f79a7d3-d7ae-4963-8370-12bb1e2132d7/datanode-1/data/ratis/3c665eed-5d84-4282-8fd2-479242ab1e57/current/log_inprogress_0
2019-09-26 19:35:59,330 [Thread-6612] INFO  impl.FollowerState (FollowerState.java:run(106)) - 27cb48db-4b88-4c0c-b213-19f9b2fffaff:group-2BF10F1FCFD6 changes to CANDIDATE, lastRpcTime:5140, electionTimeout:5140ms
2019-09-26 19:35:59,330 [Thread-6612] INFO  impl.RoleInfo (RoleInfo.java:shutdownFollowerState(121)) - 27cb48db-4b88-4c0c-b213-19f9b2fffaff: shutdown FollowerState
2019-09-26 19:35:59,330 [Thread-6612] INFO  impl.RaftServerImpl (RaftServerImpl.java:setRole(174)) - 27cb48db-4b88-4c0c-b213-19f9b2fffaff@group-2BF10F1FCFD6: changes role from  FOLLOWER to CANDIDATE at term 0 for changeToCandidate
2019-09-26 19:35:59,330 [Thread-6612] INFO  impl.RoleInfo (RoleInfo.java:updateAndGet(143)) - 27cb48db-4b88-4c0c-b213-19f9b2fffaff: start LeaderElection
2019-09-26 19:35:59,335 [27cb48db-4b88-4c0c-b213-19f9b2fffaff@group-00AA9E0C696D-SegmentedRaftLogWorker] INFO  segmented.SegmentedRaftLogWorker (SegmentedRaftLogWorker.java:execute(569)) - 27cb48db-4b88-4c0c-b213-19f9b2fffaff@group-00AA9E0C696D-SegmentedRaftLogWorker: created new log segment /workdir/hadoop-ozone/integration-test/target/test-dir/MiniOzoneClusterImpl-2f79a7d3-d7ae-4963-8370-12bb1e2132d7/datanode-0/data/ratis/e81ff793-0515-4272-bf84-00aa9e0c696d/current/log_inprogress_0
2019-09-26 19:35:59,336 [27cb48db-4b88-4c0c-b213-19f9b2fffaff@group-2BF10F1FCFD6:LeaderElection954] INFO  impl.LeaderElection (LeaderElection.java:askForVotes(182)) - 27cb48db-4b88-4c0c-b213-19f9b2fffaff@group-2BF10F1FCFD6:LeaderElection954: begin an election at term 1 for -1: [27cb48db-4b88-4c0c-b213-19f9b2fffaff:192.168.151.99:37457], old=null
2019-09-26 19:35:59,335 [pool-261-thread-1] INFO  storage.RaftStorage (RaftStorage.java:format(72)) - Storage directory /workdir/hadoop-ozone/integration-test/target/test-dir/MiniOzoneClusterImpl-2f79a7d3-d7ae-4963-8370-12bb1e2132d7/datanode-0/data/ratis/38f6e568-f282-42d3-8b24-03a45304f25e has been successfully formatted.
2019-09-26 19:35:59,336 [27cb48db-4b88-4c0c-b213-19f9b2fffaff@group-2BF10F1FCFD6:LeaderElection954] INFO  impl.RoleInfo (RoleInfo.java:shutdownLeaderElection(134)) - 27cb48db-4b88-4c0c-b213-19f9b2fffaff: shutdown LeaderElection
2019-09-26 19:35:59,336 [27cb48db-4b88-4c0c-b213-19f9b2fffaff@group-2BF10F1FCFD6:LeaderElection954] INFO  impl.RaftServerImpl (RaftServerImpl.java:setRole(174)) - 27cb48db-4b88-4c0c-b213-19f9b2fffaff@group-2BF10F1FCFD6: changes role from CANDIDATE to LEADER at term 1 for changeToLeader
2019-09-26 19:35:59,336 [pool-261-thread-1] INFO  ratis.ContainerStateMachine (ContainerStateMachine.java:loadSnapshot(230)) - group-03A45304F25E: The snapshot info is null. Setting the last applied indexto:(t:0, i:~)
2019-09-26 19:35:59,336 [27cb48db-4b88-4c0c-b213-19f9b2fffaff@group-2BF10F1FCFD6:LeaderElection954] INFO  impl.RaftServerImpl (ServerState.java:setLeader(253)) - 27cb48db-4b88-4c0c-b213-19f9b2fffaff@group-2BF10F1FCFD6: change Leader from null to 27cb48db-4b88-4c0c-b213-19f9b2fffaff at term 1 for becomeLeader, leader elected after 5150ms
2019-09-26 19:35:59,336 [pool-261-thread-1] INFO  server.RaftServerConfigKeys (ConfUtils.java:logGet(43)) - raft.server.notification.no-leader.timeout = 120s (custom)
2019-09-26 19:35:59,336 [27cb48db-4b88-4c0c-b213-19f9b2fffaff@group-2BF10F1FCFD6:LeaderElection954] INFO  server.RaftServerConfigKeys (ConfUtils.java:logGet(43)) - raft.server.staging.catchup.gap = 1000 (default)
2019-09-26 19:35:59,336 [pool-261-thread-1] INFO  server.RaftServerConfigKeys (ConfUtils.java:logGet(43)) - raft.server.log.use.memory = false (default)
2019-09-26 19:35:59,336 [27cb48db-4b88-4c0c-b213-19f9b2fffaff@group-2BF10F1FCFD6:LeaderElection954] INFO  server.RaftServerConfigKeys (ConfUtils.java:logGet(43)) - raft.server.rpc.sleep.time = 25ms (default)
2019-09-26 19:35:59,336 [pool-261-thread-1] INFO  server.RaftServerConfigKeys (ConfUtils.java:logGet(43)) - raft.server.log.purge.gap = 1000000 (custom)
2019-09-26 19:35:59,337 [27cb48db-4b88-4c0c-b213-19f9b2fffaff@group-2BF10F1FCFD6:LeaderElection954] INFO  server.RaftServerConfigKeys (ConfUtils.java:logGet(43)) - raft.server.write.element-limit = 4096 (default)
2019-09-26 19:35:59,337 [pool-261-thread-1] INFO  server.RaftServerConfigKeys (ConfUtils.java:logGet(43)) - raft.server.log.appender.buffer.byte-limit = 33554432 (custom)
2019-09-26 19:35:59,337 [27cb48db-4b88-4c0c-b213-19f9b2fffaff@group-2BF10F1FCFD6:LeaderElection954] INFO  server.RaftServerConfigKeys (ConfUtils.java:logGet(43)) - raft.server.watch.timeout = 10s (default)
2019-09-26 19:35:59,337 [pool-261-thread-1] INFO  server.RaftServerConfigKeys (ConfUtils.java:logGet(43)) - raft.server.log.segment.size.max = 1048576 (custom)
2019-09-26 19:35:59,337 [27cb48db-4b88-4c0c-b213-19f9b2fffaff@group-2BF10F1FCFD6:LeaderElection954] INFO  server.RaftServerConfigKeys (ConfUtils.java:logGet(43)) - raft.server.watch.timeout.denomination = 1s (default)
2019-09-26 19:35:59,337 [pool-261-thread-1] INFO  server.RaftServerConfigKeys (ConfUtils.java:logGet(43)) - raft.server.log.segment.cache.num.max = 2 (custom)
2019-09-26 19:35:59,337 [27cb48db-4b88-4c0c-b213-19f9b2fffaff@group-2BF10F1FCFD6:LeaderElection954] INFO  server.RaftServerConfigKeys (ConfUtils.java:logGet(43)) - raft.server.watch.element-limit = 65536 (default)
2019-09-26 19:35:59,337 [pool-261-thread-1] INFO  segmented.SegmentedRaftLogWorker (SegmentedRaftLogWorker.java:<init>(172)) - new 27cb48db-4b88-4c0c-b213-19f9b2fffaff@group-03A45304F25E-SegmentedRaftLogWorker for RaftStorage:Storage Directory /workdir/hadoop-ozone/integration-test/target/test-dir/MiniOzoneClusterImpl-2f79a7d3-d7ae-4963-8370-12bb1e2132d7/datanode-0/data/ratis/38f6e568-f282-42d3-8b24-03a45304f25e
2019-09-26 19:35:59,337 [pool-261-thread-1] INFO  server.RaftServerConfigKeys (ConfUtils.java:logGet(43)) - raft.server.log.queue.byte-limit = 2147483647 (custom)
2019-09-26 19:35:59,337 [pool-261-thread-1] INFO  server.RaftServerConfigKeys (ConfUtils.java:logGet(43)) - raft.server.log.queue.element-limit = 1024 (custom)
2019-09-26 19:35:59,337 [pool-261-thread-1] INFO  server.RaftServerConfigKeys (ConfUtils.java:logGet(43)) - raft.server.log.segment.size.max = 1048576 (custom)
2019-09-26 19:35:59,338 [pool-261-thread-1] INFO  server.RaftServerConfigKeys (ConfUtils.java:logGet(43)) - raft.server.log.preallocated.size = 16384 (custom)
2019-09-26 19:35:59,338 [pool-261-thread-1] INFO  server.RaftServerConfigKeys (ConfUtils.java:logGet(43)) - raft.server.log.write.buffer.size = 33554432 (custom)
2019-09-26 19:35:59,338 [pool-261-thread-1] INFO  server.RaftServerConfigKeys (ConfUtils.java:logGet(43)) - raft.server.log.force.sync.num = 128 (default)
2019-09-26 19:35:59,338 [pool-261-thread-1] INFO  server.RaftServerConfigKeys (ConfUtils.java:logGet(43)) - raft.server.log.statemachine.data.sync = true (default)
2019-09-26 19:35:59,338 [pool-261-thread-1] INFO  server.RaftServerConfigKeys (ConfUtils.java:logGet(43)) - raft.server.log.statemachine.data.sync.timeout = 10s (default)
2019-09-26 19:35:59,338 [pool-261-thread-1] INFO  server.RaftServerConfigKeys (ConfUtils.java:logGet(43)) - raft.server.log.statemachine.data.sync.timeout.retry = -1 (default)
2019-09-26 19:35:59,338 [pool-261-thread-1] INFO  server.RaftServerConfigKeys (ConfUtils.java:logGet(43)) - raft.server.log.statemachine.data.caching.enabled = true (custom)
2019-09-26 19:35:59,338 [27cb48db-4b88-4c0c-b213-19f9b2fffaff@group-2BF10F1FCFD6:LeaderElection954] INFO  impl.RoleInfo (RoleInfo.java:updateAndGet(143)) - 27cb48db-4b88-4c0c-b213-19f9b2fffaff: start LeaderState
2019-09-26 19:35:59,338 [pool-261-thread-1] INFO  segmented.SegmentedRaftLogWorker (SegmentedRaftLogWorker.java:lambda$new$0(132)) - 27cb48db-4b88-4c0c-b213-19f9b2fffaff@group-03A45304F25E-SegmentedRaftLogWorker: flushIndex: setUnconditionally 0 -> -1
2019-09-26 19:35:59,338 [27cb48db-4b88-4c0c-b213-19f9b2fffaff@group-2BF10F1FCFD6:LeaderElection954] INFO  segmented.SegmentedRaftLogWorker (SegmentedRaftLogWorker.java:startLogSegment(380)) - 27cb48db-4b88-4c0c-b213-19f9b2fffaff@group-2BF10F1FCFD6-SegmentedRaftLogWorker: Starting segment from index:0
2019-09-26 19:35:59,339 [pool-261-thread-1] INFO  server.RaftServerConfigKeys (ConfUtils.java:logGet(43)) - raft.server.snapshot.auto.trigger.enabled = true (custom)
2019-09-26 19:35:59,339 [pool-261-thread-1] INFO  server.RaftServerConfigKeys (ConfUtils.java:logGet(43)) - raft.server.snapshot.auto.trigger.threshold = 10000 (custom)
2019-09-26 19:35:59,339 [pool-261-thread-1] INFO  server.RaftServerConfigKeys (ConfUtils.java:logGet(43)) - raft.server.snapshot.retention.num.files = 5 (custom)
2019-09-26 19:35:59,339 [27cb48db-4b88-4c0c-b213-19f9b2fffaff@group-2BF10F1FCFD6:LeaderElection954] INFO  impl.RaftServerImpl (ServerState.java:setRaftConf(354)) - 27cb48db-4b88-4c0c-b213-19f9b2fffaff@group-2BF10F1FCFD6: set configuration 0: [27cb48db-4b88-4c0c-b213-19f9b2fffaff:192.168.151.99:37457], old=null at 0
2019-09-26 19:35:59,339 [pool-261-thread-1] INFO  server.RaftServerConfigKeys (ConfUtils.java:logGet(43)) - raft.server.retrycache.expirytime = 600000ms (custom)
2019-09-26 19:35:59,340 [pool-261-thread-1] INFO  impl.RaftServerImpl (RaftServerImpl.java:start(185)) - 27cb48db-4b88-4c0c-b213-19f9b2fffaff@group-03A45304F25E: start as a follower, conf=-1: [27cb48db-4b88-4c0c-b213-19f9b2fffaff:192.168.151.99:37457], old=null
2019-09-26 19:35:59,340 [pool-261-thread-1] INFO  impl.RaftServerImpl (RaftServerImpl.java:setRole(174)) - 27cb48db-4b88-4c0c-b213-19f9b2fffaff@group-03A45304F25E: changes role from      null to FOLLOWER at term 0 for startAsFollower
2019-09-26 19:35:59,341 [pool-261-thread-1] INFO  impl.RoleInfo (RoleInfo.java:updateAndGet(143)) - 27cb48db-4b88-4c0c-b213-19f9b2fffaff: start FollowerState
2019-09-26 19:35:59,341 [pool-261-thread-1] INFO  util.JmxRegister (JmxRegister.java:tryRegister(44)) - Successfully registered JMX Bean with object name Ratis:service=RaftServer,group=group-03A45304F25E,id=27cb48db-4b88-4c0c-b213-19f9b2fffaff
2019-09-26 19:35:59,342 [RatisPipelineUtilsThread] INFO  pipeline.PipelineStateManager (PipelineStateManager.java:addPipeline(56)) - Created pipeline Pipeline[ Id: 38f6e568-f282-42d3-8b24-03a45304f25e, Nodes: 27cb48db-4b88-4c0c-b213-19f9b2fffaff{ip: 192.168.151.99, host: pr-hdds-1569-g6sp5-2013761785, networkLocation: /rack1, certSerialId: null}, Type:RATIS, Factor:ONE, State:OPEN]
2019-09-26 19:35:59,344 [grpc-default-executor-2] INFO  impl.RaftServerProxy (RaftServerProxy.java:addNew(89)) - 27cb48db-4b88-4c0c-b213-19f9b2fffaff: addNew group-9295D37557FA:[27cb48db-4b88-4c0c-b213-19f9b2fffaff:192.168.151.99:37457] returns group-9295D37557FA:java.util.concurrent.CompletableFuture@6cc89c66[Not completed]
2019-09-26 19:35:59,345 [pool-261-thread-1] INFO  impl.RaftServerImpl (RaftServerImpl.java:<init>(95)) - 27cb48db-4b88-4c0c-b213-19f9b2fffaff: new RaftServerImpl for group-9295D37557FA:[27cb48db-4b88-4c0c-b213-19f9b2fffaff:192.168.151.99:37457] with ContainerStateMachine:uninitialized
2019-09-26 19:35:59,345 [pool-261-thread-1] INFO  server.RaftServerConfigKeys (ConfUtils.java:logGet(43)) - raft.server.rpc.timeout.min = 5s (custom)
2019-09-26 19:35:59,345 [pool-261-thread-1] INFO  server.RaftServerConfigKeys (ConfUtils.java:logGet(43)) - raft.server.rpc.timeout.max = 5200ms (custom)
2019-09-26 19:35:59,345 [pool-261-thread-1] INFO  server.RaftServerConfigKeys (ConfUtils.java:logGet(43)) - raft.server.rpcslowness.timeout = 120s (custom)
2019-09-26 19:35:59,345 [pool-261-thread-1] INFO  server.RaftServerConfigKeys (ConfUtils.java:logGet(43)) - raft.server.sleep.deviation.threshold = 300 (default)
2019-09-26 19:35:59,345 [pool-261-thread-1] INFO  server.RaftServerConfigKeys (ConfUtils.java:logGet(43)) - raft.server.log.appender.install.snapshot.enabled = false (custom)
2019-09-26 19:35:59,345 [pool-261-thread-1] INFO  impl.RaftServerImpl (ServerState.java:<init>(103)) - 27cb48db-4b88-4c0c-b213-19f9b2fffaff@group-9295D37557FA: ConfigurationManager, init=-1: [27cb48db-4b88-4c0c-b213-19f9b2fffaff:192.168.151.99:37457], old=null, confs=<EMPTY_MAP>
2019-09-26 19:35:59,345 [pool-261-thread-1] INFO  server.RaftServerConfigKeys (ConfUtils.java:logGet(43)) - raft.server.storage.dir = [/workdir/hadoop-ozone/integration-test/target/test-dir/MiniOzoneClusterImpl-2f79a7d3-d7ae-4963-8370-12bb1e2132d7/datanode-0/data/ratis] (custom)
2019-09-26 19:35:59,345 [pool-261-thread-1] INFO  storage.RaftStorageDirectory (RaftStorageDirectory.java:analyzeStorage(246)) - The storage directory /workdir/hadoop-ozone/integration-test/target/test-dir/MiniOzoneClusterImpl-2f79a7d3-d7ae-4963-8370-12bb1e2132d7/datanode-0/data/ratis/b3f85131-d3bc-46bc-8cc6-9295d37557fa does not exist. Creating ...
2019-09-26 19:35:59,350 [pool-261-thread-1] INFO  storage.RaftStorageDirectory (RaftStorageDirectory.java:tryLock(328)) - Lock on /workdir/hadoop-ozone/integration-test/target/test-dir/MiniOzoneClusterImpl-2f79a7d3-d7ae-4963-8370-12bb1e2132d7/datanode-0/data/ratis/b3f85131-d3bc-46bc-8cc6-9295d37557fa/in_use.lock acquired by nodename 17888@pr-hdds-1569-g6sp5-2013761785
2019-09-26 19:35:59,350 [27cb48db-4b88-4c0c-b213-19f9b2fffaff@group-9B0EE13376C8-SegmentedRaftLogWorker] INFO  segmented.SegmentedRaftLogWorker (SegmentedRaftLogWorker.java:execute(569)) - 27cb48db-4b88-4c0c-b213-19f9b2fffaff@group-9B0EE13376C8-SegmentedRaftLogWorker: created new log segment /workdir/hadoop-ozone/integration-test/target/test-dir/MiniOzoneClusterImpl-2f79a7d3-d7ae-4963-8370-12bb1e2132d7/datanode-0/data/ratis/ae2668d6-79c8-4d37-86cb-9b0ee13376c8/current/log_inprogress_0
2019-09-26 19:35:59,350 [27cb48db-4b88-4c0c-b213-19f9b2fffaff@group-0B5797283340-SegmentedRaftLogWorker] INFO  segmented.SegmentedRaftLogWorker (SegmentedRaftLogWorker.java:execute(569)) - 27cb48db-4b88-4c0c-b213-19f9b2fffaff@group-0B5797283340-SegmentedRaftLogWorker: created new log segment /workdir/hadoop-ozone/integration-test/target/test-dir/MiniOzoneClusterImpl-2f79a7d3-d7ae-4963-8370-12bb1e2132d7/datanode-0/data/ratis/911fbe12-2694-4d2d-bb36-0b5797283340/current/log_inprogress_0
2019-09-26 19:35:59,353 [pool-261-thread-1] INFO  storage.RaftStorage (RaftStorage.java:format(72)) - Storage directory /workdir/hadoop-ozone/integration-test/target/test-dir/MiniOzoneClusterImpl-2f79a7d3-d7ae-4963-8370-12bb1e2132d7/datanode-0/data/ratis/b3f85131-d3bc-46bc-8cc6-9295d37557fa has been successfully formatted.
2019-09-26 19:35:59,353 [pool-261-thread-1] INFO  ratis.ContainerStateMachine (ContainerStateMachine.java:loadSnapshot(230)) - group-9295D37557FA: The snapshot info is null. Setting the last applied indexto:(t:0, i:~)
2019-09-26 19:35:59,353 [pool-261-thread-1] INFO  server.RaftServerConfigKeys (ConfUtils.java:logGet(43)) - raft.server.notification.no-leader.timeout = 120s (custom)
2019-09-26 19:35:59,353 [pool-261-thread-1] INFO  server.RaftServerConfigKeys (ConfUtils.java:logGet(43)) - raft.server.log.use.memory = false (default)
2019-09-26 19:35:59,353 [pool-261-thread-1] INFO  server.RaftServerConfigKeys (ConfUtils.java:logGet(43)) - raft.server.log.purge.gap = 1000000 (custom)
2019-09-26 19:35:59,353 [pool-261-thread-1] INFO  server.RaftServerConfigKeys (ConfUtils.java:logGet(43)) - raft.server.log.appender.buffer.byte-limit = 33554432 (custom)
2019-09-26 19:35:59,353 [pool-261-thread-1] INFO  server.RaftServerConfigKeys (ConfUtils.java:logGet(43)) - raft.server.log.segment.size.max = 1048576 (custom)
2019-09-26 19:35:59,354 [pool-261-thread-1] INFO  server.RaftServerConfigKeys (ConfUtils.java:logGet(43)) - raft.server.log.segment.cache.num.max = 2 (custom)
2019-09-26 19:35:59,354 [pool-261-thread-1] INFO  segmented.SegmentedRaftLogWorker (SegmentedRaftLogWorker.java:<init>(172)) - new 27cb48db-4b88-4c0c-b213-19f9b2fffaff@group-9295D37557FA-SegmentedRaftLogWorker for RaftStorage:Storage Directory /workdir/hadoop-ozone/integration-test/target/test-dir/MiniOzoneClusterImpl-2f79a7d3-d7ae-4963-8370-12bb1e2132d7/datanode-0/data/ratis/b3f85131-d3bc-46bc-8cc6-9295d37557fa
2019-09-26 19:35:59,354 [pool-261-thread-1] INFO  server.RaftServerConfigKeys (ConfUtils.java:logGet(43)) - raft.server.log.queue.byte-limit = 2147483647 (custom)
2019-09-26 19:35:59,354 [pool-261-thread-1] INFO  server.RaftServerConfigKeys (ConfUtils.java:logGet(43)) - raft.server.log.queue.element-limit = 1024 (custom)
2019-09-26 19:35:59,354 [pool-261-thread-1] INFO  server.RaftServerConfigKeys (ConfUtils.java:logGet(43)) - raft.server.log.segment.size.max = 1048576 (custom)
2019-09-26 19:35:59,354 [pool-261-thread-1] INFO  server.RaftServerConfigKeys (ConfUtils.java:logGet(43)) - raft.server.log.preallocated.size = 16384 (custom)
2019-09-26 19:35:59,354 [pool-261-thread-1] INFO  server.RaftServerConfigKeys (ConfUtils.java:logGet(43)) - raft.server.log.write.buffer.size = 33554432 (custom)
2019-09-26 19:35:59,354 [pool-261-thread-1] INFO  server.RaftServerConfigKeys (ConfUtils.java:logGet(43)) - raft.server.log.force.sync.num = 128 (default)
2019-09-26 19:35:59,354 [pool-261-thread-1] INFO  server.RaftServerConfigKeys (ConfUtils.java:logGet(43)) - raft.server.log.statemachine.data.sync = true (default)
2019-09-26 19:35:59,354 [pool-261-thread-1] INFO  server.RaftServerConfigKeys (ConfUtils.java:logGet(43)) - raft.server.log.statemachine.data.sync.timeout = 10s (default)
2019-09-26 19:35:59,354 [pool-261-thread-1] INFO  server.RaftServerConfigKeys (ConfUtils.java:logGet(43)) - raft.server.log.statemachine.data.sync.timeout.retry = -1 (default)
2019-09-26 19:35:59,354 [pool-261-thread-1] INFO  server.RaftServerConfigKeys (ConfUtils.java:logGet(43)) - raft.server.log.statemachine.data.caching.enabled = true (custom)
2019-09-26 19:35:59,355 [pool-261-thread-1] INFO  segmented.SegmentedRaftLogWorker (SegmentedRaftLogWorker.java:lambda$new$0(132)) - 27cb48db-4b88-4c0c-b213-19f9b2fffaff@group-9295D37557FA-SegmentedRaftLogWorker: flushIndex: setUnconditionally 0 -> -1
2019-09-26 19:35:59,355 [pool-261-thread-1] INFO  server.RaftServerConfigKeys (ConfUtils.java:logGet(43)) - raft.server.snapshot.auto.trigger.enabled = true (custom)
2019-09-26 19:35:59,355 [pool-261-thread-1] INFO  server.RaftServerConfigKeys (ConfUtils.java:logGet(43)) - raft.server.snapshot.auto.trigger.threshold = 10000 (custom)
2019-09-26 19:35:59,355 [pool-261-thread-1] INFO  server.RaftServerConfigKeys (ConfUtils.java:logGet(43)) - raft.server.snapshot.retention.num.files = 5 (custom)
2019-09-26 19:35:59,355 [pool-261-thread-1] INFO  server.RaftServerConfigKeys (ConfUtils.java:logGet(43)) - raft.server.retrycache.expirytime = 600000ms (custom)
2019-09-26 19:35:59,356 [pool-261-thread-1] INFO  impl.RaftServerImpl (RaftServerImpl.java:start(185)) - 27cb48db-4b88-4c0c-b213-19f9b2fffaff@group-9295D37557FA: start as a follower, conf=-1: [27cb48db-4b88-4c0c-b213-19f9b2fffaff:192.168.151.99:37457], old=null
2019-09-26 19:35:59,356 [pool-261-thread-1] INFO  impl.RaftServerImpl (RaftServerImpl.java:setRole(174)) - 27cb48db-4b88-4c0c-b213-19f9b2fffaff@group-9295D37557FA: changes role from      null to FOLLOWER at term 0 for startAsFollower
2019-09-26 19:35:59,357 [pool-261-thread-1] INFO  impl.RoleInfo (RoleInfo.java:updateAndGet(143)) - 27cb48db-4b88-4c0c-b213-19f9b2fffaff: start FollowerState
2019-09-26 19:35:59,357 [pool-261-thread-1] INFO  util.JmxRegister (JmxRegister.java:tryRegister(44)) - Successfully registered JMX Bean with object name Ratis:service=RaftServer,group=group-9295D37557FA,id=27cb48db-4b88-4c0c-b213-19f9b2fffaff
2019-09-26 19:35:59,358 [RatisPipelineUtilsThread] INFO  pipeline.PipelineStateManager (PipelineStateManager.java:addPipeline(56)) - Created pipeline Pipeline[ Id: b3f85131-d3bc-46bc-8cc6-9295d37557fa, Nodes: 27cb48db-4b88-4c0c-b213-19f9b2fffaff{ip: 192.168.151.99, host: pr-hdds-1569-g6sp5-2013761785, networkLocation: /rack1, certSerialId: null}, Type:RATIS, Factor:ONE, State:OPEN]
2019-09-26 19:35:59,360 [grpc-default-executor-2] INFO  impl.RaftServerProxy (RaftServerProxy.java:addNew(89)) - 728ea44c-f097-440a-a87e-c27a68d48f14: addNew group-90BE910BC776:[728ea44c-f097-440a-a87e-c27a68d48f14:192.168.151.99:38783] returns group-90BE910BC776:java.util.concurrent.CompletableFuture@4d451cee[Not completed]
2019-09-26 19:35:59,361 [pool-271-thread-1] INFO  impl.RaftServerImpl (RaftServerImpl.java:<init>(95)) - 728ea44c-f097-440a-a87e-c27a68d48f14: new RaftServerImpl for group-90BE910BC776:[728ea44c-f097-440a-a87e-c27a68d48f14:192.168.151.99:38783] with ContainerStateMachine:uninitialized
2019-09-26 19:35:59,361 [pool-271-thread-1] INFO  server.RaftServerConfigKeys (ConfUtils.java:logGet(43)) - raft.server.rpc.timeout.min = 5s (custom)
2019-09-26 19:35:59,361 [pool-271-thread-1] INFO  server.RaftServerConfigKeys (ConfUtils.java:logGet(43)) - raft.server.rpc.timeout.max = 5200ms (custom)
2019-09-26 19:35:59,361 [pool-271-thread-1] INFO  server.RaftServerConfigKeys (ConfUtils.java:logGet(43)) - raft.server.rpcslowness.timeout = 120s (custom)
2019-09-26 19:35:59,362 [pool-271-thread-1] INFO  server.RaftServerConfigKeys (ConfUtils.java:logGet(43)) - raft.server.sleep.deviation.threshold = 300 (default)
2019-09-26 19:35:59,362 [pool-271-thread-1] INFO  server.RaftServerConfigKeys (ConfUtils.java:logGet(43)) - raft.server.log.appender.install.snapshot.enabled = false (custom)
2019-09-26 19:35:59,362 [pool-271-thread-1] INFO  impl.RaftServerImpl (ServerState.java:<init>(103)) - 728ea44c-f097-440a-a87e-c27a68d48f14@group-90BE910BC776: ConfigurationManager, init=-1: [728ea44c-f097-440a-a87e-c27a68d48f14:192.168.151.99:38783], old=null, confs=<EMPTY_MAP>
2019-09-26 19:35:59,362 [pool-271-thread-1] INFO  server.RaftServerConfigKeys (ConfUtils.java:logGet(43)) - raft.server.storage.dir = [/workdir/hadoop-ozone/integration-test/target/test-dir/MiniOzoneClusterImpl-2f79a7d3-d7ae-4963-8370-12bb1e2132d7/datanode-1/data/ratis] (custom)
2019-09-26 19:35:59,362 [pool-271-thread-1] INFO  storage.RaftStorageDirectory (RaftStorageDirectory.java:analyzeStorage(246)) - The storage directory /workdir/hadoop-ozone/integration-test/target/test-dir/MiniOzoneClusterImpl-2f79a7d3-d7ae-4963-8370-12bb1e2132d7/datanode-1/data/ratis/30e80d62-e9c5-4dce-ab9e-90be910bc776 does not exist. Creating ...
2019-09-26 19:35:59,372 [pool-271-thread-1] INFO  storage.RaftStorageDirectory (RaftStorageDirectory.java:tryLock(328)) - Lock on /workdir/hadoop-ozone/integration-test/target/test-dir/MiniOzoneClusterImpl-2f79a7d3-d7ae-4963-8370-12bb1e2132d7/datanode-1/data/ratis/30e80d62-e9c5-4dce-ab9e-90be910bc776/in_use.lock acquired by nodename 17888@pr-hdds-1569-g6sp5-2013761785
2019-09-26 19:35:59,372 [27cb48db-4b88-4c0c-b213-19f9b2fffaff@group-2BF10F1FCFD6-SegmentedRaftLogWorker] INFO  segmented.SegmentedRaftLogWorker (SegmentedRaftLogWorker.java:execute(569)) - 27cb48db-4b88-4c0c-b213-19f9b2fffaff@group-2BF10F1FCFD6-SegmentedRaftLogWorker: created new log segment /workdir/hadoop-ozone/integration-test/target/test-dir/MiniOzoneClusterImpl-2f79a7d3-d7ae-4963-8370-12bb1e2132d7/datanode-0/data/ratis/b170dd46-7c3f-48fa-9b77-2bf10f1fcfd6/current/log_inprogress_0
2019-09-26 19:35:59,386 [pool-271-thread-1] INFO  storage.RaftStorage (RaftStorage.java:format(72)) - Storage directory /workdir/hadoop-ozone/integration-test/target/test-dir/MiniOzoneClusterImpl-2f79a7d3-d7ae-4963-8370-12bb1e2132d7/datanode-1/data/ratis/30e80d62-e9c5-4dce-ab9e-90be910bc776 has been successfully formatted.
2019-09-26 19:35:59,387 [pool-271-thread-1] INFO  ratis.ContainerStateMachine (ContainerStateMachine.java:loadSnapshot(230)) - group-90BE910BC776: The snapshot info is null. Setting the last applied indexto:(t:0, i:~)
2019-09-26 19:35:59,387 [pool-271-thread-1] INFO  server.RaftServerConfigKeys (ConfUtils.java:logGet(43)) - raft.server.notification.no-leader.timeout = 120s (custom)
2019-09-26 19:35:59,387 [pool-271-thread-1] INFO  server.RaftServerConfigKeys (ConfUtils.java:logGet(43)) - raft.server.log.use.memory = false (default)
2019-09-26 19:35:59,387 [pool-271-thread-1] INFO  server.RaftServerConfigKeys (ConfUtils.java:logGet(43)) - raft.server.log.purge.gap = 1000000 (custom)
2019-09-26 19:35:59,387 [pool-271-thread-1] INFO  server.RaftServerConfigKeys (ConfUtils.java:logGet(43)) - raft.server.log.appender.buffer.byte-limit = 33554432 (custom)
2019-09-26 19:35:59,387 [pool-271-thread-1] INFO  server.RaftServerConfigKeys (ConfUtils.java:logGet(43)) - raft.server.log.segment.size.max = 1048576 (custom)
2019-09-26 19:35:59,388 [pool-271-thread-1] INFO  server.RaftServerConfigKeys (ConfUtils.java:logGet(43)) - raft.server.log.segment.cache.num.max = 2 (custom)
2019-09-26 19:35:59,388 [pool-271-thread-1] INFO  segmented.SegmentedRaftLogWorker (SegmentedRaftLogWorker.java:<init>(172)) - new 728ea44c-f097-440a-a87e-c27a68d48f14@group-90BE910BC776-SegmentedRaftLogWorker for RaftStorage:Storage Directory /workdir/hadoop-ozone/integration-test/target/test-dir/MiniOzoneClusterImpl-2f79a7d3-d7ae-4963-8370-12bb1e2132d7/datanode-1/data/ratis/30e80d62-e9c5-4dce-ab9e-90be910bc776
2019-09-26 19:35:59,388 [pool-271-thread-1] INFO  server.RaftServerConfigKeys (ConfUtils.java:logGet(43)) - raft.server.log.queue.byte-limit = 2147483647 (custom)
2019-09-26 19:35:59,388 [pool-271-thread-1] INFO  server.RaftServerConfigKeys (ConfUtils.java:logGet(43)) - raft.server.log.queue.element-limit = 1024 (custom)
2019-09-26 19:35:59,388 [pool-271-thread-1] INFO  server.RaftServerConfigKeys (ConfUtils.java:logGet(43)) - raft.server.log.segment.size.max = 1048576 (custom)
2019-09-26 19:35:59,388 [pool-271-thread-1] INFO  server.RaftServerConfigKeys (ConfUtils.java:logGet(43)) - raft.server.log.preallocated.size = 16384 (custom)
2019-09-26 19:35:59,388 [pool-271-thread-1] INFO  server.RaftServerConfigKeys (ConfUtils.java:logGet(43)) - raft.server.log.write.buffer.size = 33554432 (custom)
2019-09-26 19:35:59,389 [pool-271-thread-1] INFO  server.RaftServerConfigKeys (ConfUtils.java:logGet(43)) - raft.server.log.force.sync.num = 128 (default)
2019-09-26 19:35:59,389 [pool-271-thread-1] INFO  server.RaftServerConfigKeys (ConfUtils.java:logGet(43)) - raft.server.log.statemachine.data.sync = true (default)
2019-09-26 19:35:59,389 [pool-271-thread-1] INFO  server.RaftServerConfigKeys (ConfUtils.java:logGet(43)) - raft.server.log.statemachine.data.sync.timeout = 10s (default)
2019-09-26 19:35:59,389 [pool-271-thread-1] INFO  server.RaftServerConfigKeys (ConfUtils.java:logGet(43)) - raft.server.log.statemachine.data.sync.timeout.retry = -1 (default)
2019-09-26 19:35:59,389 [pool-271-thread-1] INFO  server.RaftServerConfigKeys (ConfUtils.java:logGet(43)) - raft.server.log.statemachine.data.caching.enabled = true (custom)
2019-09-26 19:35:59,389 [pool-271-thread-1] INFO  segmented.SegmentedRaftLogWorker (SegmentedRaftLogWorker.java:lambda$new$0(132)) - 728ea44c-f097-440a-a87e-c27a68d48f14@group-90BE910BC776-SegmentedRaftLogWorker: flushIndex: setUnconditionally 0 -> -1
2019-09-26 19:35:59,390 [pool-271-thread-1] INFO  server.RaftServerConfigKeys (ConfUtils.java:logGet(43)) - raft.server.snapshot.auto.trigger.enabled = true (custom)
2019-09-26 19:35:59,390 [pool-271-thread-1] INFO  server.RaftServerConfigKeys (ConfUtils.java:logGet(43)) - raft.server.snapshot.auto.trigger.threshold = 10000 (custom)
2019-09-26 19:35:59,390 [pool-271-thread-1] INFO  server.RaftServerConfigKeys (ConfUtils.java:logGet(43)) - raft.server.snapshot.retention.num.files = 5 (custom)
2019-09-26 19:35:59,390 [pool-271-thread-1] INFO  server.RaftServerConfigKeys (ConfUtils.java:logGet(43)) - raft.server.retrycache.expirytime = 600000ms (custom)
2019-09-26 19:35:59,392 [pool-271-thread-1] INFO  impl.RaftServerImpl (RaftServerImpl.java:start(185)) - 728ea44c-f097-440a-a87e-c27a68d48f14@group-90BE910BC776: start as a follower, conf=-1: [728ea44c-f097-440a-a87e-c27a68d48f14:192.168.151.99:38783], old=null
2019-09-26 19:35:59,392 [pool-271-thread-1] INFO  impl.RaftServerImpl (RaftServerImpl.java:setRole(174)) - 728ea44c-f097-440a-a87e-c27a68d48f14@group-90BE910BC776: changes role from      null to FOLLOWER at term 0 for startAsFollower
2019-09-26 19:35:59,392 [pool-271-thread-1] INFO  impl.RoleInfo (RoleInfo.java:updateAndGet(143)) - 728ea44c-f097-440a-a87e-c27a68d48f14: start FollowerState
2019-09-26 19:35:59,393 [pool-271-thread-1] INFO  util.JmxRegister (JmxRegister.java:tryRegister(44)) - Successfully registered JMX Bean with object name Ratis:service=RaftServer,group=group-90BE910BC776,id=728ea44c-f097-440a-a87e-c27a68d48f14
2019-09-26 19:35:59,393 [Thread-6621] INFO  impl.FollowerState (FollowerState.java:run(106)) - 27cb48db-4b88-4c0c-b213-19f9b2fffaff:group-236D6EE3A456 changes to CANDIDATE, lastRpcTime:5087, electionTimeout:5087ms
2019-09-26 19:35:59,394 [Thread-6621] INFO  impl.RoleInfo (RoleInfo.java:shutdownFollowerState(121)) - 27cb48db-4b88-4c0c-b213-19f9b2fffaff: shutdown FollowerState
2019-09-26 19:35:59,394 [Thread-6621] INFO  impl.RaftServerImpl (RaftServerImpl.java:setRole(174)) - 27cb48db-4b88-4c0c-b213-19f9b2fffaff@group-236D6EE3A456: changes role from  FOLLOWER to CANDIDATE at term 0 for changeToCandidate
2019-09-26 19:35:59,394 [Thread-6621] INFO  impl.RoleInfo (RoleInfo.java:updateAndGet(143)) - 27cb48db-4b88-4c0c-b213-19f9b2fffaff: start LeaderElection
2019-09-26 19:35:59,394 [RatisPipelineUtilsThread] INFO  pipeline.PipelineStateManager (PipelineStateManager.java:addPipeline(56)) - Created pipeline Pipeline[ Id: 30e80d62-e9c5-4dce-ab9e-90be910bc776, Nodes: 728ea44c-f097-440a-a87e-c27a68d48f14{ip: 192.168.151.99, host: pr-hdds-1569-g6sp5-2013761785, networkLocation: /rack1, certSerialId: null}, Type:RATIS, Factor:ONE, State:OPEN]
2019-09-26 19:35:59,396 [grpc-default-executor-2] INFO  impl.RaftServerProxy (RaftServerProxy.java:addNew(89)) - 27cb48db-4b88-4c0c-b213-19f9b2fffaff: addNew group-CEE4714DA134:[27cb48db-4b88-4c0c-b213-19f9b2fffaff:192.168.151.99:37457] returns group-CEE4714DA134:java.util.concurrent.CompletableFuture@2af90d30[Not completed]
2019-09-26 19:35:59,396 [pool-261-thread-1] INFO  impl.RaftServerImpl (RaftServerImpl.java:<init>(95)) - 27cb48db-4b88-4c0c-b213-19f9b2fffaff: new RaftServerImpl for group-CEE4714DA134:[27cb48db-4b88-4c0c-b213-19f9b2fffaff:192.168.151.99:37457] with ContainerStateMachine:uninitialized
2019-09-26 19:35:59,396 [pool-261-thread-1] INFO  server.RaftServerConfigKeys (ConfUtils.java:logGet(43)) - raft.server.rpc.timeout.min = 5s (custom)
2019-09-26 19:35:59,397 [pool-261-thread-1] INFO  server.RaftServerConfigKeys (ConfUtils.java:logGet(43)) - raft.server.rpc.timeout.max = 5200ms (custom)
2019-09-26 19:35:59,397 [pool-261-thread-1] INFO  server.RaftServerConfigKeys (ConfUtils.java:logGet(43)) - raft.server.rpcslowness.timeout = 120s (custom)
2019-09-26 19:35:59,397 [pool-261-thread-1] INFO  server.RaftServerConfigKeys (ConfUtils.java:logGet(43)) - raft.server.sleep.deviation.threshold = 300 (default)
2019-09-26 19:35:59,397 [pool-261-thread-1] INFO  server.RaftServerConfigKeys (ConfUtils.java:logGet(43)) - raft.server.log.appender.install.snapshot.enabled = false (custom)
2019-09-26 19:35:59,397 [pool-261-thread-1] INFO  impl.RaftServerImpl (ServerState.java:<init>(103)) - 27cb48db-4b88-4c0c-b213-19f9b2fffaff@group-CEE4714DA134: ConfigurationManager, init=-1: [27cb48db-4b88-4c0c-b213-19f9b2fffaff:192.168.151.99:37457], old=null, confs=<EMPTY_MAP>
2019-09-26 19:35:59,397 [pool-261-thread-1] INFO  server.RaftServerConfigKeys (ConfUtils.java:logGet(43)) - raft.server.storage.dir = [/workdir/hadoop-ozone/integration-test/target/test-dir/MiniOzoneClusterImpl-2f79a7d3-d7ae-4963-8370-12bb1e2132d7/datanode-0/data/ratis] (custom)
2019-09-26 19:35:59,398 [pool-261-thread-1] INFO  storage.RaftStorageDirectory (RaftStorageDirectory.java:analyzeStorage(246)) - The storage directory /workdir/hadoop-ozone/integration-test/target/test-dir/MiniOzoneClusterImpl-2f79a7d3-d7ae-4963-8370-12bb1e2132d7/datanode-0/data/ratis/54f5ab6a-e977-4737-88d7-cee4714da134 does not exist. Creating ...
2019-09-26 19:35:59,413 [pool-261-thread-1] INFO  storage.RaftStorageDirectory (RaftStorageDirectory.java:tryLock(328)) - Lock on /workdir/hadoop-ozone/integration-test/target/test-dir/MiniOzoneClusterImpl-2f79a7d3-d7ae-4963-8370-12bb1e2132d7/datanode-0/data/ratis/54f5ab6a-e977-4737-88d7-cee4714da134/in_use.lock acquired by nodename 17888@pr-hdds-1569-g6sp5-2013761785
2019-09-26 19:35:59,413 [27cb48db-4b88-4c0c-b213-19f9b2fffaff@group-236D6EE3A456:LeaderElection955] INFO  impl.LeaderElection (LeaderElection.java:askForVotes(182)) - 27cb48db-4b88-4c0c-b213-19f9b2fffaff@group-236D6EE3A456:LeaderElection955: begin an election at term 1 for -1: [27cb48db-4b88-4c0c-b213-19f9b2fffaff:192.168.151.99:37457], old=null
2019-09-26 19:35:59,413 [27cb48db-4b88-4c0c-b213-19f9b2fffaff@group-236D6EE3A456:LeaderElection955] INFO  impl.RoleInfo (RoleInfo.java:shutdownLeaderElection(134)) - 27cb48db-4b88-4c0c-b213-19f9b2fffaff: shutdown LeaderElection
2019-09-26 19:35:59,413 [27cb48db-4b88-4c0c-b213-19f9b2fffaff@group-236D6EE3A456:LeaderElection955] INFO  impl.RaftServerImpl (RaftServerImpl.java:setRole(174)) - 27cb48db-4b88-4c0c-b213-19f9b2fffaff@group-236D6EE3A456: changes role from CANDIDATE to LEADER at term 1 for changeToLeader
2019-09-26 19:35:59,413 [27cb48db-4b88-4c0c-b213-19f9b2fffaff@group-236D6EE3A456:LeaderElection955] INFO  impl.RaftServerImpl (ServerState.java:setLeader(253)) - 27cb48db-4b88-4c0c-b213-19f9b2fffaff@group-236D6EE3A456: change Leader from null to 27cb48db-4b88-4c0c-b213-19f9b2fffaff at term 1 for becomeLeader, leader elected after 5111ms
2019-09-26 19:35:59,413 [27cb48db-4b88-4c0c-b213-19f9b2fffaff@group-236D6EE3A456:LeaderElection955] INFO  server.RaftServerConfigKeys (ConfUtils.java:logGet(43)) - raft.server.staging.catchup.gap = 1000 (default)
2019-09-26 19:35:59,413 [27cb48db-4b88-4c0c-b213-19f9b2fffaff@group-236D6EE3A456:LeaderElection955] INFO  server.RaftServerConfigKeys (ConfUtils.java:logGet(43)) - raft.server.rpc.sleep.time = 25ms (default)
2019-09-26 19:35:59,414 [27cb48db-4b88-4c0c-b213-19f9b2fffaff@group-236D6EE3A456:LeaderElection955] INFO  server.RaftServerConfigKeys (ConfUtils.java:logGet(43)) - raft.server.write.element-limit = 4096 (default)
2019-09-26 19:35:59,414 [27cb48db-4b88-4c0c-b213-19f9b2fffaff@group-236D6EE3A456:LeaderElection955] INFO  server.RaftServerConfigKeys (ConfUtils.java:logGet(43)) - raft.server.watch.timeout = 10s (default)
2019-09-26 19:35:59,414 [27cb48db-4b88-4c0c-b213-19f9b2fffaff@group-236D6EE3A456:LeaderElection955] INFO  server.RaftServerConfigKeys (ConfUtils.java:logGet(43)) - raft.server.watch.timeout.denomination = 1s (default)
2019-09-26 19:35:59,414 [27cb48db-4b88-4c0c-b213-19f9b2fffaff@group-236D6EE3A456:LeaderElection955] INFO  server.RaftServerConfigKeys (ConfUtils.java:logGet(43)) - raft.server.watch.element-limit = 65536 (default)
2019-09-26 19:35:59,415 [27cb48db-4b88-4c0c-b213-19f9b2fffaff@group-236D6EE3A456:LeaderElection955] INFO  impl.RoleInfo (RoleInfo.java:updateAndGet(143)) - 27cb48db-4b88-4c0c-b213-19f9b2fffaff: start LeaderState
2019-09-26 19:35:59,415 [27cb48db-4b88-4c0c-b213-19f9b2fffaff@group-236D6EE3A456:LeaderElection955] INFO  segmented.SegmentedRaftLogWorker (SegmentedRaftLogWorker.java:startLogSegment(380)) - 27cb48db-4b88-4c0c-b213-19f9b2fffaff@group-236D6EE3A456-SegmentedRaftLogWorker: Starting segment from index:0
2019-09-26 19:35:59,415 [27cb48db-4b88-4c0c-b213-19f9b2fffaff@group-236D6EE3A456:LeaderElection955] INFO  impl.RaftServerImpl (ServerState.java:setRaftConf(354)) - 27cb48db-4b88-4c0c-b213-19f9b2fffaff@group-236D6EE3A456: set configuration 0: [27cb48db-4b88-4c0c-b213-19f9b2fffaff:192.168.151.99:37457], old=null at 0
2019-09-26 19:35:59,428 [pool-261-thread-1] INFO  storage.RaftStorage (RaftStorage.java:format(72)) - Storage directory /workdir/hadoop-ozone/integration-test/target/test-dir/MiniOzoneClusterImpl-2f79a7d3-d7ae-4963-8370-12bb1e2132d7/datanode-0/data/ratis/54f5ab6a-e977-4737-88d7-cee4714da134 has been successfully formatted.
2019-09-26 19:35:59,428 [pool-261-thread-1] INFO  ratis.ContainerStateMachine (ContainerStateMachine.java:loadSnapshot(230)) - group-CEE4714DA134: The snapshot info is null. Setting the last applied indexto:(t:0, i:~)
2019-09-26 19:35:59,428 [pool-261-thread-1] INFO  server.RaftServerConfigKeys (ConfUtils.java:logGet(43)) - raft.server.notification.no-leader.timeout = 120s (custom)
2019-09-26 19:35:59,428 [pool-261-thread-1] INFO  server.RaftServerConfigKeys (ConfUtils.java:logGet(43)) - raft.server.log.use.memory = false (default)
2019-09-26 19:35:59,429 [pool-261-thread-1] INFO  server.RaftServerConfigKeys (ConfUtils.java:logGet(43)) - raft.server.log.purge.gap = 1000000 (custom)
2019-09-26 19:35:59,429 [pool-261-thread-1] INFO  server.RaftServerConfigKeys (ConfUtils.java:logGet(43)) - raft.server.log.appender.buffer.byte-limit = 33554432 (custom)
2019-09-26 19:35:59,429 [pool-261-thread-1] INFO  server.RaftServerConfigKeys (ConfUtils.java:logGet(43)) - raft.server.log.segment.size.max = 1048576 (custom)
2019-09-26 19:35:59,429 [pool-261-thread-1] INFO  server.RaftServerConfigKeys (ConfUtils.java:logGet(43)) - raft.server.log.segment.cache.num.max = 2 (custom)
2019-09-26 19:35:59,429 [pool-261-thread-1] INFO  segmented.SegmentedRaftLogWorker (SegmentedRaftLogWorker.java:<init>(172)) - new 27cb48db-4b88-4c0c-b213-19f9b2fffaff@group-CEE4714DA134-SegmentedRaftLogWorker for RaftStorage:Storage Directory /workdir/hadoop-ozone/integration-test/target/test-dir/MiniOzoneClusterImpl-2f79a7d3-d7ae-4963-8370-12bb1e2132d7/datanode-0/data/ratis/54f5ab6a-e977-4737-88d7-cee4714da134
2019-09-26 19:35:59,429 [pool-261-thread-1] INFO  server.RaftServerConfigKeys (ConfUtils.java:logGet(43)) - raft.server.log.queue.byte-limit = 2147483647 (custom)
2019-09-26 19:35:59,429 [pool-261-thread-1] INFO  server.RaftServerConfigKeys (ConfUtils.java:logGet(43)) - raft.server.log.queue.element-limit = 1024 (custom)
2019-09-26 19:35:59,429 [pool-261-thread-1] INFO  server.RaftServerConfigKeys (ConfUtils.java:logGet(43)) - raft.server.log.segment.size.max = 1048576 (custom)
2019-09-26 19:35:59,429 [pool-261-thread-1] INFO  server.RaftServerConfigKeys (ConfUtils.java:logGet(43)) - raft.server.log.preallocated.size = 16384 (custom)
2019-09-26 19:35:59,429 [pool-261-thread-1] INFO  server.RaftServerConfigKeys (ConfUtils.java:logGet(43)) - raft.server.log.write.buffer.size = 33554432 (custom)
2019-09-26 19:35:59,429 [pool-261-thread-1] INFO  server.RaftServerConfigKeys (ConfUtils.java:logGet(43)) - raft.server.log.force.sync.num = 128 (default)
2019-09-26 19:35:59,429 [pool-261-thread-1] INFO  server.RaftServerConfigKeys (ConfUtils.java:logGet(43)) - raft.server.log.statemachine.data.sync = true (default)
2019-09-26 19:35:59,430 [pool-261-thread-1] INFO  server.RaftServerConfigKeys (ConfUtils.java:logGet(43)) - raft.server.log.statemachine.data.sync.timeout = 10s (default)
2019-09-26 19:35:59,430 [pool-261-thread-1] INFO  server.RaftServerConfigKeys (ConfUtils.java:logGet(43)) - raft.server.log.statemachine.data.sync.timeout.retry = -1 (default)
2019-09-26 19:35:59,430 [pool-261-thread-1] INFO  server.RaftServerConfigKeys (ConfUtils.java:logGet(43)) - raft.server.log.statemachine.data.caching.enabled = true (custom)
2019-09-26 19:35:59,430 [pool-261-thread-1] INFO  segmented.SegmentedRaftLogWorker (SegmentedRaftLogWorker.java:lambda$new$0(132)) - 27cb48db-4b88-4c0c-b213-19f9b2fffaff@group-CEE4714DA134-SegmentedRaftLogWorker: flushIndex: setUnconditionally 0 -> -1
2019-09-26 19:35:59,430 [pool-261-thread-1] INFO  server.RaftServerConfigKeys (ConfUtils.java:logGet(43)) - raft.server.snapshot.auto.trigger.enabled = true (custom)
2019-09-26 19:35:59,430 [pool-261-thread-1] INFO  server.RaftServerConfigKeys (ConfUtils.java:logGet(43)) - raft.server.snapshot.auto.trigger.threshold = 10000 (custom)
2019-09-26 19:35:59,430 [pool-261-thread-1] INFO  server.RaftServerConfigKeys (ConfUtils.java:logGet(43)) - raft.server.snapshot.retention.num.files = 5 (custom)
2019-09-26 19:35:59,430 [pool-261-thread-1] INFO  server.RaftServerConfigKeys (ConfUtils.java:logGet(43)) - raft.server.retrycache.expirytime = 600000ms (custom)
2019-09-26 19:35:59,431 [pool-261-thread-1] INFO  impl.RaftServerImpl (RaftServerImpl.java:start(185)) - 27cb48db-4b88-4c0c-b213-19f9b2fffaff@group-CEE4714DA134: start as a follower, conf=-1: [27cb48db-4b88-4c0c-b213-19f9b2fffaff:192.168.151.99:37457], old=null
2019-09-26 19:35:59,431 [pool-261-thread-1] INFO  impl.RaftServerImpl (RaftServerImpl.java:setRole(174)) - 27cb48db-4b88-4c0c-b213-19f9b2fffaff@group-CEE4714DA134: changes role from      null to FOLLOWER at term 0 for startAsFollower
2019-09-26 19:35:59,432 [pool-261-thread-1] INFO  impl.RoleInfo (RoleInfo.java:updateAndGet(143)) - 27cb48db-4b88-4c0c-b213-19f9b2fffaff: start FollowerState
2019-09-26 19:35:59,432 [pool-261-thread-1] INFO  util.JmxRegister (JmxRegister.java:tryRegister(44)) - Successfully registered JMX Bean with object name Ratis:service=RaftServer,group=group-CEE4714DA134,id=27cb48db-4b88-4c0c-b213-19f9b2fffaff
2019-09-26 19:35:59,433 [RatisPipelineUtilsThread] INFO  pipeline.PipelineStateManager (PipelineStateManager.java:addPipeline(56)) - Created pipeline Pipeline[ Id: 54f5ab6a-e977-4737-88d7-cee4714da134, Nodes: 27cb48db-4b88-4c0c-b213-19f9b2fffaff{ip: 192.168.151.99, host: pr-hdds-1569-g6sp5-2013761785, networkLocation: /rack1, certSerialId: null}, Type:RATIS, Factor:ONE, State:OPEN]
2019-09-26 19:35:59,435 [grpc-default-executor-2] INFO  impl.RaftServerProxy (RaftServerProxy.java:addNew(89)) - 27cb48db-4b88-4c0c-b213-19f9b2fffaff: addNew group-65C693C3A0E2:[27cb48db-4b88-4c0c-b213-19f9b2fffaff:192.168.151.99:37457] returns group-65C693C3A0E2:java.util.concurrent.CompletableFuture@4c79560e[Not completed]
2019-09-26 19:35:59,435 [pool-261-thread-1] INFO  impl.RaftServerImpl (RaftServerImpl.java:<init>(95)) - 27cb48db-4b88-4c0c-b213-19f9b2fffaff: new RaftServerImpl for group-65C693C3A0E2:[27cb48db-4b88-4c0c-b213-19f9b2fffaff:192.168.151.99:37457] with ContainerStateMachine:uninitialized
2019-09-26 19:35:59,435 [pool-261-thread-1] INFO  server.RaftServerConfigKeys (ConfUtils.java:logGet(43)) - raft.server.rpc.timeout.min = 5s (custom)
2019-09-26 19:35:59,435 [pool-261-thread-1] INFO  server.RaftServerConfigKeys (ConfUtils.java:logGet(43)) - raft.server.rpc.timeout.max = 5200ms (custom)
2019-09-26 19:35:59,435 [pool-261-thread-1] INFO  server.RaftServerConfigKeys (ConfUtils.java:logGet(43)) - raft.server.rpcslowness.timeout = 120s (custom)
2019-09-26 19:35:59,435 [pool-261-thread-1] INFO  server.RaftServerConfigKeys (ConfUtils.java:logGet(43)) - raft.server.sleep.deviation.threshold = 300 (default)
2019-09-26 19:35:59,435 [pool-261-thread-1] INFO  server.RaftServerConfigKeys (ConfUtils.java:logGet(43)) - raft.server.log.appender.install.snapshot.enabled = false (custom)
2019-09-26 19:35:59,436 [pool-261-thread-1] INFO  impl.RaftServerImpl (ServerState.java:<init>(103)) - 27cb48db-4b88-4c0c-b213-19f9b2fffaff@group-65C693C3A0E2: ConfigurationManager, init=-1: [27cb48db-4b88-4c0c-b213-19f9b2fffaff:192.168.151.99:37457], old=null, confs=<EMPTY_MAP>
2019-09-26 19:35:59,436 [pool-261-thread-1] INFO  server.RaftServerConfigKeys (ConfUtils.java:logGet(43)) - raft.server.storage.dir = [/workdir/hadoop-ozone/integration-test/target/test-dir/MiniOzoneClusterImpl-2f79a7d3-d7ae-4963-8370-12bb1e2132d7/datanode-0/data/ratis] (custom)
2019-09-26 19:35:59,436 [pool-261-thread-1] INFO  storage.RaftStorageDirectory (RaftStorageDirectory.java:analyzeStorage(246)) - The storage directory /workdir/hadoop-ozone/integration-test/target/test-dir/MiniOzoneClusterImpl-2f79a7d3-d7ae-4963-8370-12bb1e2132d7/datanode-0/data/ratis/781fb64a-c787-4bda-beaf-65c693c3a0e2 does not exist. Creating ...
2019-09-26 19:35:59,450 [pool-261-thread-1] INFO  storage.RaftStorageDirectory (RaftStorageDirectory.java:tryLock(328)) - Lock on /workdir/hadoop-ozone/integration-test/target/test-dir/MiniOzoneClusterImpl-2f79a7d3-d7ae-4963-8370-12bb1e2132d7/datanode-0/data/ratis/781fb64a-c787-4bda-beaf-65c693c3a0e2/in_use.lock acquired by nodename 17888@pr-hdds-1569-g6sp5-2013761785
2019-09-26 19:35:59,451 [27cb48db-4b88-4c0c-b213-19f9b2fffaff@group-236D6EE3A456-SegmentedRaftLogWorker] INFO  segmented.SegmentedRaftLogWorker (SegmentedRaftLogWorker.java:execute(569)) - 27cb48db-4b88-4c0c-b213-19f9b2fffaff@group-236D6EE3A456-SegmentedRaftLogWorker: created new log segment /workdir/hadoop-ozone/integration-test/target/test-dir/MiniOzoneClusterImpl-2f79a7d3-d7ae-4963-8370-12bb1e2132d7/datanode-0/data/ratis/98e2c0d6-15b5-42f5-bd6d-236d6ee3a456/current/log_inprogress_0
2019-09-26 19:35:59,454 [pool-261-thread-1] INFO  storage.RaftStorage (RaftStorage.java:format(72)) - Storage directory /workdir/hadoop-ozone/integration-test/target/test-dir/MiniOzoneClusterImpl-2f79a7d3-d7ae-4963-8370-12bb1e2132d7/datanode-0/data/ratis/781fb64a-c787-4bda-beaf-65c693c3a0e2 has been successfully formatted.
2019-09-26 19:35:59,454 [pool-261-thread-1] INFO  ratis.ContainerStateMachine (ContainerStateMachine.java:loadSnapshot(230)) - group-65C693C3A0E2: The snapshot info is null. Setting the last applied indexto:(t:0, i:~)
2019-09-26 19:35:59,454 [pool-261-thread-1] INFO  server.RaftServerConfigKeys (ConfUtils.java:logGet(43)) - raft.server.notification.no-leader.timeout = 120s (custom)
2019-09-26 19:35:59,454 [pool-261-thread-1] INFO  server.RaftServerConfigKeys (ConfUtils.java:logGet(43)) - raft.server.log.use.memory = false (default)
2019-09-26 19:35:59,454 [pool-261-thread-1] INFO  server.RaftServerConfigKeys (ConfUtils.java:logGet(43)) - raft.server.log.purge.gap = 1000000 (custom)
2019-09-26 19:35:59,454 [pool-261-thread-1] INFO  server.RaftServerConfigKeys (ConfUtils.java:logGet(43)) - raft.server.log.appender.buffer.byte-limit = 33554432 (custom)
2019-09-26 19:35:59,454 [pool-261-thread-1] INFO  server.RaftServerConfigKeys (ConfUtils.java:logGet(43)) - raft.server.log.segment.size.max = 1048576 (custom)
2019-09-26 19:35:59,454 [pool-261-thread-1] INFO  server.RaftServerConfigKeys (ConfUtils.java:logGet(43)) - raft.server.log.segment.cache.num.max = 2 (custom)
2019-09-26 19:35:59,454 [pool-261-thread-1] INFO  segmented.SegmentedRaftLogWorker (SegmentedRaftLogWorker.java:<init>(172)) - new 27cb48db-4b88-4c0c-b213-19f9b2fffaff@group-65C693C3A0E2-SegmentedRaftLogWorker for RaftStorage:Storage Directory /workdir/hadoop-ozone/integration-test/target/test-dir/MiniOzoneClusterImpl-2f79a7d3-d7ae-4963-8370-12bb1e2132d7/datanode-0/data/ratis/781fb64a-c787-4bda-beaf-65c693c3a0e2
2019-09-26 19:35:59,454 [pool-261-thread-1] INFO  server.RaftServerConfigKeys (ConfUtils.java:logGet(43)) - raft.server.log.queue.byte-limit = 2147483647 (custom)
2019-09-26 19:35:59,455 [pool-261-thread-1] INFO  server.RaftServerConfigKeys (ConfUtils.java:logGet(43)) - raft.server.log.queue.element-limit = 1024 (custom)
2019-09-26 19:35:59,455 [pool-261-thread-1] INFO  server.RaftServerConfigKeys (ConfUtils.java:logGet(43)) - raft.server.log.segment.size.max = 1048576 (custom)
2019-09-26 19:35:59,455 [pool-261-thread-1] INFO  server.RaftServerConfigKeys (ConfUtils.java:logGet(43)) - raft.server.log.preallocated.size = 16384 (custom)
2019-09-26 19:35:59,455 [pool-261-thread-1] INFO  server.RaftServerConfigKeys (ConfUtils.java:logGet(43)) - raft.server.log.write.buffer.size = 33554432 (custom)
2019-09-26 19:35:59,455 [pool-261-thread-1] INFO  server.RaftServerConfigKeys (ConfUtils.java:logGet(43)) - raft.server.log.force.sync.num = 128 (default)
2019-09-26 19:35:59,455 [pool-261-thread-1] INFO  server.RaftServerConfigKeys (ConfUtils.java:logGet(43)) - raft.server.log.statemachine.data.sync = true (default)
2019-09-26 19:35:59,455 [pool-261-thread-1] INFO  server.RaftServerConfigKeys (ConfUtils.java:logGet(43)) - raft.server.log.statemachine.data.sync.timeout = 10s (default)
2019-09-26 19:35:59,455 [pool-261-thread-1] INFO  server.RaftServerConfigKeys (ConfUtils.java:logGet(43)) - raft.server.log.statemachine.data.sync.timeout.retry = -1 (default)
2019-09-26 19:35:59,455 [pool-261-thread-1] INFO  server.RaftServerConfigKeys (ConfUtils.java:logGet(43)) - raft.server.log.statemachine.data.caching.enabled = true (custom)
2019-09-26 19:35:59,455 [pool-261-thread-1] INFO  segmented.SegmentedRaftLogWorker (SegmentedRaftLogWorker.java:lambda$new$0(132)) - 27cb48db-4b88-4c0c-b213-19f9b2fffaff@group-65C693C3A0E2-SegmentedRaftLogWorker: flushIndex: setUnconditionally 0 -> -1
2019-09-26 19:35:59,455 [pool-261-thread-1] INFO  server.RaftServerConfigKeys (ConfUtils.java:logGet(43)) - raft.server.snapshot.auto.trigger.enabled = true (custom)
2019-09-26 19:35:59,456 [pool-261-thread-1] INFO  server.RaftServerConfigKeys (ConfUtils.java:logGet(43)) - raft.server.snapshot.auto.trigger.threshold = 10000 (custom)
2019-09-26 19:35:59,456 [pool-261-thread-1] INFO  server.RaftServerConfigKeys (ConfUtils.java:logGet(43)) - raft.server.snapshot.retention.num.files = 5 (custom)
2019-09-26 19:35:59,456 [pool-261-thread-1] INFO  server.RaftServerConfigKeys (ConfUtils.java:logGet(43)) - raft.server.retrycache.expirytime = 600000ms (custom)
2019-09-26 19:35:59,457 [pool-261-thread-1] INFO  impl.RaftServerImpl (RaftServerImpl.java:start(185)) - 27cb48db-4b88-4c0c-b213-19f9b2fffaff@group-65C693C3A0E2: start as a follower, conf=-1: [27cb48db-4b88-4c0c-b213-19f9b2fffaff:192.168.151.99:37457], old=null
2019-09-26 19:35:59,457 [pool-261-thread-1] INFO  impl.RaftServerImpl (RaftServerImpl.java:setRole(174)) - 27cb48db-4b88-4c0c-b213-19f9b2fffaff@group-65C693C3A0E2: changes role from      null to FOLLOWER at term 0 for startAsFollower
2019-09-26 19:35:59,457 [pool-261-thread-1] INFO  impl.RoleInfo (RoleInfo.java:updateAndGet(143)) - 27cb48db-4b88-4c0c-b213-19f9b2fffaff: start FollowerState
2019-09-26 19:35:59,457 [pool-261-thread-1] INFO  util.JmxRegister (JmxRegister.java:tryRegister(44)) - Successfully registered JMX Bean with object name Ratis:service=RaftServer,group=group-65C693C3A0E2,id=27cb48db-4b88-4c0c-b213-19f9b2fffaff
2019-09-26 19:35:59,458 [RatisPipelineUtilsThread] INFO  pipeline.PipelineStateManager (PipelineStateManager.java:addPipeline(56)) - Created pipeline Pipeline[ Id: 781fb64a-c787-4bda-beaf-65c693c3a0e2, Nodes: 27cb48db-4b88-4c0c-b213-19f9b2fffaff{ip: 192.168.151.99, host: pr-hdds-1569-g6sp5-2013761785, networkLocation: /rack1, certSerialId: null}, Type:RATIS, Factor:ONE, State:OPEN]
2019-09-26 19:35:59,460 [grpc-default-executor-2] INFO  impl.RaftServerProxy (RaftServerProxy.java:addNew(89)) - 99aa1396-69c4-4985-9b2a-20430cc4a0a7: addNew group-A669BF675AA0:[99aa1396-69c4-4985-9b2a-20430cc4a0a7:192.168.151.99:40213] returns group-A669BF675AA0:java.util.concurrent.CompletableFuture@78725c7b[Not completed]
2019-09-26 19:35:59,460 [pool-281-thread-1] INFO  impl.RaftServerImpl (RaftServerImpl.java:<init>(95)) - 99aa1396-69c4-4985-9b2a-20430cc4a0a7: new RaftServerImpl for group-A669BF675AA0:[99aa1396-69c4-4985-9b2a-20430cc4a0a7:192.168.151.99:40213] with ContainerStateMachine:uninitialized
2019-09-26 19:35:59,460 [pool-281-thread-1] INFO  server.RaftServerConfigKeys (ConfUtils.java:logGet(43)) - raft.server.rpc.timeout.min = 5s (custom)
2019-09-26 19:35:59,460 [pool-281-thread-1] INFO  server.RaftServerConfigKeys (ConfUtils.java:logGet(43)) - raft.server.rpc.timeout.max = 5200ms (custom)
2019-09-26 19:35:59,460 [pool-281-thread-1] INFO  server.RaftServerConfigKeys (ConfUtils.java:logGet(43)) - raft.server.rpcslowness.timeout = 120s (custom)
2019-09-26 19:35:59,460 [pool-281-thread-1] INFO  server.RaftServerConfigKeys (ConfUtils.java:logGet(43)) - raft.server.sleep.deviation.threshold = 300 (default)
2019-09-26 19:35:59,461 [pool-281-thread-1] INFO  server.RaftServerConfigKeys (ConfUtils.java:logGet(43)) - raft.server.log.appender.install.snapshot.enabled = false (custom)
2019-09-26 19:35:59,461 [pool-281-thread-1] INFO  impl.RaftServerImpl (ServerState.java:<init>(103)) - 99aa1396-69c4-4985-9b2a-20430cc4a0a7@group-A669BF675AA0: ConfigurationManager, init=-1: [99aa1396-69c4-4985-9b2a-20430cc4a0a7:192.168.151.99:40213], old=null, confs=<EMPTY_MAP>
2019-09-26 19:35:59,461 [pool-281-thread-1] INFO  server.RaftServerConfigKeys (ConfUtils.java:logGet(43)) - raft.server.storage.dir = [/workdir/hadoop-ozone/integration-test/target/test-dir/MiniOzoneClusterImpl-2f79a7d3-d7ae-4963-8370-12bb1e2132d7/datanode-2/data/ratis] (custom)
2019-09-26 19:35:59,461 [pool-281-thread-1] INFO  storage.RaftStorageDirectory (RaftStorageDirectory.java:analyzeStorage(246)) - The storage directory /workdir/hadoop-ozone/integration-test/target/test-dir/MiniOzoneClusterImpl-2f79a7d3-d7ae-4963-8370-12bb1e2132d7/datanode-2/data/ratis/6a1c97fe-f80e-4962-acd2-a669bf675aa0 does not exist. Creating ...
2019-09-26 19:35:59,473 [pool-281-thread-1] INFO  storage.RaftStorageDirectory (RaftStorageDirectory.java:tryLock(328)) - Lock on /workdir/hadoop-ozone/integration-test/target/test-dir/MiniOzoneClusterImpl-2f79a7d3-d7ae-4963-8370-12bb1e2132d7/datanode-2/data/ratis/6a1c97fe-f80e-4962-acd2-a669bf675aa0/in_use.lock acquired by nodename 17888@pr-hdds-1569-g6sp5-2013761785
2019-09-26 19:35:59,473 [Thread-6633] INFO  impl.FollowerState (FollowerState.java:run(106)) - 728ea44c-f097-440a-a87e-c27a68d48f14:group-0F73BEC6CC3F changes to CANDIDATE, lastRpcTime:5015, electionTimeout:5015ms
2019-09-26 19:35:59,474 [Thread-6633] INFO  impl.RoleInfo (RoleInfo.java:shutdownFollowerState(121)) - 728ea44c-f097-440a-a87e-c27a68d48f14: shutdown FollowerState
2019-09-26 19:35:59,474 [Thread-6633] INFO  impl.RaftServerImpl (RaftServerImpl.java:setRole(174)) - 728ea44c-f097-440a-a87e-c27a68d48f14@group-0F73BEC6CC3F: changes role from  FOLLOWER to CANDIDATE at term 0 for changeToCandidate
2019-09-26 19:35:59,474 [Thread-6633] INFO  impl.RoleInfo (RoleInfo.java:updateAndGet(143)) - 728ea44c-f097-440a-a87e-c27a68d48f14: start LeaderElection
2019-09-26 19:35:59,478 [Thread-6624] INFO  impl.FollowerState (FollowerState.java:run(106)) - 99aa1396-69c4-4985-9b2a-20430cc4a0a7:group-94AB5F03E1FC changes to CANDIDATE, lastRpcTime:5146, electionTimeout:5146ms
2019-09-26 19:35:59,478 [Thread-6624] INFO  impl.RoleInfo (RoleInfo.java:shutdownFollowerState(121)) - 99aa1396-69c4-4985-9b2a-20430cc4a0a7: shutdown FollowerState
2019-09-26 19:35:59,479 [Thread-6624] INFO  impl.RaftServerImpl (RaftServerImpl.java:setRole(174)) - 99aa1396-69c4-4985-9b2a-20430cc4a0a7@group-94AB5F03E1FC: changes role from  FOLLOWER to CANDIDATE at term 0 for changeToCandidate
2019-09-26 19:35:59,479 [Thread-6624] INFO  impl.RoleInfo (RoleInfo.java:updateAndGet(143)) - 99aa1396-69c4-4985-9b2a-20430cc4a0a7: start LeaderElection
2019-09-26 19:35:59,486 [pool-281-thread-1] INFO  storage.RaftStorage (RaftStorage.java:format(72)) - Storage directory /workdir/hadoop-ozone/integration-test/target/test-dir/MiniOzoneClusterImpl-2f79a7d3-d7ae-4963-8370-12bb1e2132d7/datanode-2/data/ratis/6a1c97fe-f80e-4962-acd2-a669bf675aa0 has been successfully formatted.
2019-09-26 19:35:59,486 [99aa1396-69c4-4985-9b2a-20430cc4a0a7@group-94AB5F03E1FC:LeaderElection957] INFO  impl.LeaderElection (LeaderElection.java:askForVotes(182)) - 99aa1396-69c4-4985-9b2a-20430cc4a0a7@group-94AB5F03E1FC:LeaderElection957: begin an election at term 1 for -1: [99aa1396-69c4-4985-9b2a-20430cc4a0a7:192.168.151.99:40213], old=null
2019-09-26 19:35:59,486 [728ea44c-f097-440a-a87e-c27a68d48f14@group-0F73BEC6CC3F:LeaderElection956] INFO  impl.LeaderElection (LeaderElection.java:askForVotes(182)) - 728ea44c-f097-440a-a87e-c27a68d48f14@group-0F73BEC6CC3F:LeaderElection956: begin an election at term 1 for -1: [728ea44c-f097-440a-a87e-c27a68d48f14:192.168.151.99:38783], old=null
2019-09-26 19:35:59,486 [99aa1396-69c4-4985-9b2a-20430cc4a0a7@group-94AB5F03E1FC:LeaderElection957] INFO  impl.RoleInfo (RoleInfo.java:shutdownLeaderElection(134)) - 99aa1396-69c4-4985-9b2a-20430cc4a0a7: shutdown LeaderElection
2019-09-26 19:35:59,486 [pool-281-thread-1] INFO  ratis.ContainerStateMachine (ContainerStateMachine.java:loadSnapshot(230)) - group-A669BF675AA0: The snapshot info is null. Setting the last applied indexto:(t:0, i:~)
2019-09-26 19:35:59,486 [99aa1396-69c4-4985-9b2a-20430cc4a0a7@group-94AB5F03E1FC:LeaderElection957] INFO  impl.RaftServerImpl (RaftServerImpl.java:setRole(174)) - 99aa1396-69c4-4985-9b2a-20430cc4a0a7@group-94AB5F03E1FC: changes role from CANDIDATE to LEADER at term 1 for changeToLeader
2019-09-26 19:35:59,487 [99aa1396-69c4-4985-9b2a-20430cc4a0a7@group-94AB5F03E1FC:LeaderElection957] INFO  impl.RaftServerImpl (ServerState.java:setLeader(253)) - 99aa1396-69c4-4985-9b2a-20430cc4a0a7@group-94AB5F03E1FC: change Leader from null to 99aa1396-69c4-4985-9b2a-20430cc4a0a7 at term 1 for becomeLeader, leader elected after 5158ms
2019-09-26 19:35:59,486 [728ea44c-f097-440a-a87e-c27a68d48f14@group-0F73BEC6CC3F:LeaderElection956] INFO  impl.RoleInfo (RoleInfo.java:shutdownLeaderElection(134)) - 728ea44c-f097-440a-a87e-c27a68d48f14: shutdown LeaderElection
2019-09-26 19:35:59,487 [99aa1396-69c4-4985-9b2a-20430cc4a0a7@group-94AB5F03E1FC:LeaderElection957] INFO  server.RaftServerConfigKeys (ConfUtils.java:logGet(43)) - raft.server.staging.catchup.gap = 1000 (default)
2019-09-26 19:35:59,487 [pool-281-thread-1] INFO  server.RaftServerConfigKeys (ConfUtils.java:logGet(43)) - raft.server.notification.no-leader.timeout = 120s (custom)
2019-09-26 19:35:59,487 [99aa1396-69c4-4985-9b2a-20430cc4a0a7@group-94AB5F03E1FC:LeaderElection957] INFO  server.RaftServerConfigKeys (ConfUtils.java:logGet(43)) - raft.server.rpc.sleep.time = 25ms (default)
2019-09-26 19:35:59,487 [728ea44c-f097-440a-a87e-c27a68d48f14@group-0F73BEC6CC3F:LeaderElection956] INFO  impl.RaftServerImpl (RaftServerImpl.java:setRole(174)) - 728ea44c-f097-440a-a87e-c27a68d48f14@group-0F73BEC6CC3F: changes role from CANDIDATE to LEADER at term 1 for changeToLeader
2019-09-26 19:35:59,487 [99aa1396-69c4-4985-9b2a-20430cc4a0a7@group-94AB5F03E1FC:LeaderElection957] INFO  server.RaftServerConfigKeys (ConfUtils.java:logGet(43)) - raft.server.write.element-limit = 4096 (default)
2019-09-26 19:35:59,487 [pool-281-thread-1] INFO  server.RaftServerConfigKeys (ConfUtils.java:logGet(43)) - raft.server.log.use.memory = false (default)
2019-09-26 19:35:59,487 [99aa1396-69c4-4985-9b2a-20430cc4a0a7@group-94AB5F03E1FC:LeaderElection957] INFO  server.RaftServerConfigKeys (ConfUtils.java:logGet(43)) - raft.server.watch.timeout = 10s (default)
2019-09-26 19:35:59,487 [728ea44c-f097-440a-a87e-c27a68d48f14@group-0F73BEC6CC3F:LeaderElection956] INFO  impl.RaftServerImpl (ServerState.java:setLeader(253)) - 728ea44c-f097-440a-a87e-c27a68d48f14@group-0F73BEC6CC3F: change Leader from null to 728ea44c-f097-440a-a87e-c27a68d48f14 at term 1 for becomeLeader, leader elected after 5033ms
2019-09-26 19:35:59,487 [99aa1396-69c4-4985-9b2a-20430cc4a0a7@group-94AB5F03E1FC:LeaderElection957] INFO  server.RaftServerConfigKeys (ConfUtils.java:logGet(43)) - raft.server.watch.timeout.denomination = 1s (default)
2019-09-26 19:35:59,487 [pool-281-thread-1] INFO  server.RaftServerConfigKeys (ConfUtils.java:logGet(43)) - raft.server.log.purge.gap = 1000000 (custom)
2019-09-26 19:35:59,487 [99aa1396-69c4-4985-9b2a-20430cc4a0a7@group-94AB5F03E1FC:LeaderElection957] INFO  server.RaftServerConfigKeys (ConfUtils.java:logGet(43)) - raft.server.watch.element-limit = 65536 (default)
2019-09-26 19:35:59,487 [728ea44c-f097-440a-a87e-c27a68d48f14@group-0F73BEC6CC3F:LeaderElection956] INFO  server.RaftServerConfigKeys (ConfUtils.java:logGet(43)) - raft.server.staging.catchup.gap = 1000 (default)
2019-09-26 19:35:59,488 [pool-281-thread-1] INFO  server.RaftServerConfigKeys (ConfUtils.java:logGet(43)) - raft.server.log.appender.buffer.byte-limit = 33554432 (custom)
2019-09-26 19:35:59,488 [728ea44c-f097-440a-a87e-c27a68d48f14@group-0F73BEC6CC3F:LeaderElection956] INFO  server.RaftServerConfigKeys (ConfUtils.java:logGet(43)) - raft.server.rpc.sleep.time = 25ms (default)
2019-09-26 19:35:59,488 [pool-281-thread-1] INFO  server.RaftServerConfigKeys (ConfUtils.java:logGet(43)) - raft.server.log.segment.size.max = 1048576 (custom)
2019-09-26 19:35:59,488 [pool-281-thread-1] INFO  server.RaftServerConfigKeys (ConfUtils.java:logGet(43)) - raft.server.log.segment.cache.num.max = 2 (custom)
2019-09-26 19:35:59,488 [728ea44c-f097-440a-a87e-c27a68d48f14@group-0F73BEC6CC3F:LeaderElection956] INFO  server.RaftServerConfigKeys (ConfUtils.java:logGet(43)) - raft.server.write.element-limit = 4096 (default)
2019-09-26 19:35:59,488 [pool-281-thread-1] INFO  segmented.SegmentedRaftLogWorker (SegmentedRaftLogWorker.java:<init>(172)) - new 99aa1396-69c4-4985-9b2a-20430cc4a0a7@group-A669BF675AA0-SegmentedRaftLogWorker for RaftStorage:Storage Directory /workdir/hadoop-ozone/integration-test/target/test-dir/MiniOzoneClusterImpl-2f79a7d3-d7ae-4963-8370-12bb1e2132d7/datanode-2/data/ratis/6a1c97fe-f80e-4962-acd2-a669bf675aa0
2019-09-26 19:35:59,488 [728ea44c-f097-440a-a87e-c27a68d48f14@group-0F73BEC6CC3F:LeaderElection956] INFO  server.RaftServerConfigKeys (ConfUtils.java:logGet(43)) - raft.server.watch.timeout = 10s (default)
2019-09-26 19:35:59,488 [pool-281-thread-1] INFO  server.RaftServerConfigKeys (ConfUtils.java:logGet(43)) - raft.server.log.queue.byte-limit = 2147483647 (custom)
2019-09-26 19:35:59,488 [728ea44c-f097-440a-a87e-c27a68d48f14@group-0F73BEC6CC3F:LeaderElection956] INFO  server.RaftServerConfigKeys (ConfUtils.java:logGet(43)) - raft.server.watch.timeout.denomination = 1s (default)
2019-09-26 19:35:59,488 [pool-281-thread-1] INFO  server.RaftServerConfigKeys (ConfUtils.java:logGet(43)) - raft.server.log.queue.element-limit = 1024 (custom)
2019-09-26 19:35:59,488 [728ea44c-f097-440a-a87e-c27a68d48f14@group-0F73BEC6CC3F:LeaderElection956] INFO  server.RaftServerConfigKeys (ConfUtils.java:logGet(43)) - raft.server.watch.element-limit = 65536 (default)
2019-09-26 19:35:59,489 [99aa1396-69c4-4985-9b2a-20430cc4a0a7@group-94AB5F03E1FC:LeaderElection957] INFO  impl.RoleInfo (RoleInfo.java:updateAndGet(143)) - 99aa1396-69c4-4985-9b2a-20430cc4a0a7: start LeaderState
2019-09-26 19:35:59,488 [pool-281-thread-1] INFO  server.RaftServerConfigKeys (ConfUtils.java:logGet(43)) - raft.server.log.segment.size.max = 1048576 (custom)
2019-09-26 19:35:59,489 [99aa1396-69c4-4985-9b2a-20430cc4a0a7@group-94AB5F03E1FC:LeaderElection957] INFO  segmented.SegmentedRaftLogWorker (SegmentedRaftLogWorker.java:startLogSegment(380)) - 99aa1396-69c4-4985-9b2a-20430cc4a0a7@group-94AB5F03E1FC-SegmentedRaftLogWorker: Starting segment from index:0
2019-09-26 19:35:59,489 [pool-281-thread-1] INFO  server.RaftServerConfigKeys (ConfUtils.java:logGet(43)) - raft.server.log.preallocated.size = 16384 (custom)
2019-09-26 19:35:59,489 [pool-281-thread-1] INFO  server.RaftServerConfigKeys (ConfUtils.java:logGet(43)) - raft.server.log.write.buffer.size = 33554432 (custom)
2019-09-26 19:35:59,489 [99aa1396-69c4-4985-9b2a-20430cc4a0a7@group-94AB5F03E1FC:LeaderElection957] INFO  impl.RaftServerImpl (ServerState.java:setRaftConf(354)) - 99aa1396-69c4-4985-9b2a-20430cc4a0a7@group-94AB5F03E1FC: set configuration 0: [99aa1396-69c4-4985-9b2a-20430cc4a0a7:192.168.151.99:40213], old=null at 0
2019-09-26 19:35:59,489 [pool-281-thread-1] INFO  server.RaftServerConfigKeys (ConfUtils.java:logGet(43)) - raft.server.log.force.sync.num = 128 (default)
2019-09-26 19:35:59,489 [pool-281-thread-1] INFO  server.RaftServerConfigKeys (ConfUtils.java:logGet(43)) - raft.server.log.statemachine.data.sync = true (default)
2019-09-26 19:35:59,489 [pool-281-thread-1] INFO  server.RaftServerConfigKeys (ConfUtils.java:logGet(43)) - raft.server.log.statemachine.data.sync.timeout = 10s (default)
2019-09-26 19:35:59,489 [pool-281-thread-1] INFO  server.RaftServerConfigKeys (ConfUtils.java:logGet(43)) - raft.server.log.statemachine.data.sync.timeout.retry = -1 (default)
2019-09-26 19:35:59,489 [pool-281-thread-1] INFO  server.RaftServerConfigKeys (ConfUtils.java:logGet(43)) - raft.server.log.statemachine.data.caching.enabled = true (custom)
2019-09-26 19:35:59,489 [728ea44c-f097-440a-a87e-c27a68d48f14@group-0F73BEC6CC3F:LeaderElection956] INFO  impl.RoleInfo (RoleInfo.java:updateAndGet(143)) - 728ea44c-f097-440a-a87e-c27a68d48f14: start LeaderState
2019-09-26 19:35:59,490 [pool-281-thread-1] INFO  segmented.SegmentedRaftLogWorker (SegmentedRaftLogWorker.java:lambda$new$0(132)) - 99aa1396-69c4-4985-9b2a-20430cc4a0a7@group-A669BF675AA0-SegmentedRaftLogWorker: flushIndex: setUnconditionally 0 -> -1
2019-09-26 19:35:59,490 [728ea44c-f097-440a-a87e-c27a68d48f14@group-0F73BEC6CC3F:LeaderElection956] INFO  segmented.SegmentedRaftLogWorker (SegmentedRaftLogWorker.java:startLogSegment(380)) - 728ea44c-f097-440a-a87e-c27a68d48f14@group-0F73BEC6CC3F-SegmentedRaftLogWorker: Starting segment from index:0
2019-09-26 19:35:59,490 [pool-281-thread-1] INFO  server.RaftServerConfigKeys (ConfUtils.java:logGet(43)) - raft.server.snapshot.auto.trigger.enabled = true (custom)
2019-09-26 19:35:59,490 [pool-281-thread-1] INFO  server.RaftServerConfigKeys (ConfUtils.java:logGet(43)) - raft.server.snapshot.auto.trigger.threshold = 10000 (custom)
2019-09-26 19:35:59,490 [pool-281-thread-1] INFO  server.RaftServerConfigKeys (ConfUtils.java:logGet(43)) - raft.server.snapshot.retention.num.files = 5 (custom)
2019-09-26 19:35:59,490 [728ea44c-f097-440a-a87e-c27a68d48f14@group-0F73BEC6CC3F:LeaderElection956] INFO  impl.RaftServerImpl (ServerState.java:setRaftConf(354)) - 728ea44c-f097-440a-a87e-c27a68d48f14@group-0F73BEC6CC3F: set configuration 0: [728ea44c-f097-440a-a87e-c27a68d48f14:192.168.151.99:38783], old=null at 0
2019-09-26 19:35:59,490 [pool-281-thread-1] INFO  server.RaftServerConfigKeys (ConfUtils.java:logGet(43)) - raft.server.retrycache.expirytime = 600000ms (custom)
2019-09-26 19:35:59,491 [pool-281-thread-1] INFO  impl.RaftServerImpl (RaftServerImpl.java:start(185)) - 99aa1396-69c4-4985-9b2a-20430cc4a0a7@group-A669BF675AA0: start as a follower, conf=-1: [99aa1396-69c4-4985-9b2a-20430cc4a0a7:192.168.151.99:40213], old=null
2019-09-26 19:35:59,491 [pool-281-thread-1] INFO  impl.RaftServerImpl (RaftServerImpl.java:setRole(174)) - 99aa1396-69c4-4985-9b2a-20430cc4a0a7@group-A669BF675AA0: changes role from      null to FOLLOWER at term 0 for startAsFollower
2019-09-26 19:35:59,491 [pool-281-thread-1] INFO  impl.RoleInfo (RoleInfo.java:updateAndGet(143)) - 99aa1396-69c4-4985-9b2a-20430cc4a0a7: start FollowerState
2019-09-26 19:35:59,491 [pool-281-thread-1] INFO  util.JmxRegister (JmxRegister.java:tryRegister(44)) - Successfully registered JMX Bean with object name Ratis:service=RaftServer,group=group-A669BF675AA0,id=99aa1396-69c4-4985-9b2a-20430cc4a0a7
2019-09-26 19:35:59,493 [RatisPipelineUtilsThread] INFO  pipeline.PipelineStateManager (PipelineStateManager.java:addPipeline(56)) - Created pipeline Pipeline[ Id: 6a1c97fe-f80e-4962-acd2-a669bf675aa0, Nodes: 99aa1396-69c4-4985-9b2a-20430cc4a0a7{ip: 192.168.151.99, host: pr-hdds-1569-g6sp5-2013761785, networkLocation: /rack1, certSerialId: null}, Type:RATIS, Factor:ONE, State:OPEN]
2019-09-26 19:35:59,494 [grpc-default-executor-2] INFO  impl.RaftServerProxy (RaftServerProxy.java:addNew(89)) - 728ea44c-f097-440a-a87e-c27a68d48f14: addNew group-6729514BE427:[728ea44c-f097-440a-a87e-c27a68d48f14:192.168.151.99:38783] returns group-6729514BE427:java.util.concurrent.CompletableFuture@23b3be1c[Not completed]
2019-09-26 19:35:59,495 [pool-271-thread-1] INFO  impl.RaftServerImpl (RaftServerImpl.java:<init>(95)) - 728ea44c-f097-440a-a87e-c27a68d48f14: new RaftServerImpl for group-6729514BE427:[728ea44c-f097-440a-a87e-c27a68d48f14:192.168.151.99:38783] with ContainerStateMachine:uninitialized
2019-09-26 19:35:59,495 [pool-271-thread-1] INFO  server.RaftServerConfigKeys (ConfUtils.java:logGet(43)) - raft.server.rpc.timeout.min = 5s (custom)
2019-09-26 19:35:59,495 [pool-271-thread-1] INFO  server.RaftServerConfigKeys (ConfUtils.java:logGet(43)) - raft.server.rpc.timeout.max = 5200ms (custom)
2019-09-26 19:35:59,495 [pool-271-thread-1] INFO  server.RaftServerConfigKeys (ConfUtils.java:logGet(43)) - raft.server.rpcslowness.timeout = 120s (custom)
2019-09-26 19:35:59,495 [pool-271-thread-1] INFO  server.RaftServerConfigKeys (ConfUtils.java:logGet(43)) - raft.server.sleep.deviation.threshold = 300 (default)
2019-09-26 19:35:59,495 [pool-271-thread-1] INFO  server.RaftServerConfigKeys (ConfUtils.java:logGet(43)) - raft.server.log.appender.install.snapshot.enabled = false (custom)
2019-09-26 19:35:59,495 [pool-271-thread-1] INFO  impl.RaftServerImpl (ServerState.java:<init>(103)) - 728ea44c-f097-440a-a87e-c27a68d48f14@group-6729514BE427: ConfigurationManager, init=-1: [728ea44c-f097-440a-a87e-c27a68d48f14:192.168.151.99:38783], old=null, confs=<EMPTY_MAP>
2019-09-26 19:35:59,496 [pool-271-thread-1] INFO  server.RaftServerConfigKeys (ConfUtils.java:logGet(43)) - raft.server.storage.dir = [/workdir/hadoop-ozone/integration-test/target/test-dir/MiniOzoneClusterImpl-2f79a7d3-d7ae-4963-8370-12bb1e2132d7/datanode-1/data/ratis] (custom)
2019-09-26 19:35:59,496 [pool-271-thread-1] INFO  storage.RaftStorageDirectory (RaftStorageDirectory.java:analyzeStorage(246)) - The storage directory /workdir/hadoop-ozone/integration-test/target/test-dir/MiniOzoneClusterImpl-2f79a7d3-d7ae-4963-8370-12bb1e2132d7/datanode-1/data/ratis/ffcbbeb7-a102-4be4-8db5-6729514be427 does not exist. Creating ...
2019-09-26 19:35:59,508 [pool-271-thread-1] INFO  storage.RaftStorageDirectory (RaftStorageDirectory.java:tryLock(328)) - Lock on /workdir/hadoop-ozone/integration-test/target/test-dir/MiniOzoneClusterImpl-2f79a7d3-d7ae-4963-8370-12bb1e2132d7/datanode-1/data/ratis/ffcbbeb7-a102-4be4-8db5-6729514be427/in_use.lock acquired by nodename 17888@pr-hdds-1569-g6sp5-2013761785
2019-09-26 19:35:59,521 [99aa1396-69c4-4985-9b2a-20430cc4a0a7@group-94AB5F03E1FC-SegmentedRaftLogWorker] INFO  segmented.SegmentedRaftLogWorker (SegmentedRaftLogWorker.java:execute(569)) - 99aa1396-69c4-4985-9b2a-20430cc4a0a7@group-94AB5F03E1FC-SegmentedRaftLogWorker: created new log segment /workdir/hadoop-ozone/integration-test/target/test-dir/MiniOzoneClusterImpl-2f79a7d3-d7ae-4963-8370-12bb1e2132d7/datanode-2/data/ratis/ab50f54f-ac1a-4c22-96dd-94ab5f03e1fc/current/log_inprogress_0
2019-09-26 19:35:59,521 [pool-271-thread-1] INFO  storage.RaftStorage (RaftStorage.java:format(72)) - Storage directory /workdir/hadoop-ozone/integration-test/target/test-dir/MiniOzoneClusterImpl-2f79a7d3-d7ae-4963-8370-12bb1e2132d7/datanode-1/data/ratis/ffcbbeb7-a102-4be4-8db5-6729514be427 has been successfully formatted.
2019-09-26 19:35:59,521 [728ea44c-f097-440a-a87e-c27a68d48f14@group-0F73BEC6CC3F-SegmentedRaftLogWorker] INFO  segmented.SegmentedRaftLogWorker (SegmentedRaftLogWorker.java:execute(569)) - 728ea44c-f097-440a-a87e-c27a68d48f14@group-0F73BEC6CC3F-SegmentedRaftLogWorker: created new log segment /workdir/hadoop-ozone/integration-test/target/test-dir/MiniOzoneClusterImpl-2f79a7d3-d7ae-4963-8370-12bb1e2132d7/datanode-1/data/ratis/b3c3cc7e-5987-406b-8843-0f73bec6cc3f/current/log_inprogress_0
2019-09-26 19:35:59,522 [pool-271-thread-1] INFO  ratis.ContainerStateMachine (ContainerStateMachine.java:loadSnapshot(230)) - group-6729514BE427: The snapshot info is null. Setting the last applied indexto:(t:0, i:~)
2019-09-26 19:35:59,522 [pool-271-thread-1] INFO  server.RaftServerConfigKeys (ConfUtils.java:logGet(43)) - raft.server.notification.no-leader.timeout = 120s (custom)
2019-09-26 19:35:59,522 [pool-271-thread-1] INFO  server.RaftServerConfigKeys (ConfUtils.java:logGet(43)) - raft.server.log.use.memory = false (default)
2019-09-26 19:35:59,522 [pool-271-thread-1] INFO  server.RaftServerConfigKeys (ConfUtils.java:logGet(43)) - raft.server.log.purge.gap = 1000000 (custom)
2019-09-26 19:35:59,522 [pool-271-thread-1] INFO  server.RaftServerConfigKeys (ConfUtils.java:logGet(43)) - raft.server.log.appender.buffer.byte-limit = 33554432 (custom)
2019-09-26 19:35:59,522 [pool-271-thread-1] INFO  server.RaftServerConfigKeys (ConfUtils.java:logGet(43)) - raft.server.log.segment.size.max = 1048576 (custom)
2019-09-26 19:35:59,522 [pool-271-thread-1] INFO  server.RaftServerConfigKeys (ConfUtils.java:logGet(43)) - raft.server.log.segment.cache.num.max = 2 (custom)
2019-09-26 19:35:59,522 [pool-271-thread-1] INFO  segmented.SegmentedRaftLogWorker (SegmentedRaftLogWorker.java:<init>(172)) - new 728ea44c-f097-440a-a87e-c27a68d48f14@group-6729514BE427-SegmentedRaftLogWorker for RaftStorage:Storage Directory /workdir/hadoop-ozone/integration-test/target/test-dir/MiniOzoneClusterImpl-2f79a7d3-d7ae-4963-8370-12bb1e2132d7/datanode-1/data/ratis/ffcbbeb7-a102-4be4-8db5-6729514be427
2019-09-26 19:35:59,522 [pool-271-thread-1] INFO  server.RaftServerConfigKeys (ConfUtils.java:logGet(43)) - raft.server.log.queue.byte-limit = 2147483647 (custom)
2019-09-26 19:35:59,523 [pool-271-thread-1] INFO  server.RaftServerConfigKeys (ConfUtils.java:logGet(43)) - raft.server.log.queue.element-limit = 1024 (custom)
2019-09-26 19:35:59,523 [pool-271-thread-1] INFO  server.RaftServerConfigKeys (ConfUtils.java:logGet(43)) - raft.server.log.segment.size.max = 1048576 (custom)
2019-09-26 19:35:59,523 [pool-271-thread-1] INFO  server.RaftServerConfigKeys (ConfUtils.java:logGet(43)) - raft.server.log.preallocated.size = 16384 (custom)
2019-09-26 19:35:59,523 [pool-271-thread-1] INFO  server.RaftServerConfigKeys (ConfUtils.java:logGet(43)) - raft.server.log.write.buffer.size = 33554432 (custom)
2019-09-26 19:35:59,523 [pool-271-thread-1] INFO  server.RaftServerConfigKeys (ConfUtils.java:logGet(43)) - raft.server.log.force.sync.num = 128 (default)
2019-09-26 19:35:59,523 [pool-271-thread-1] INFO  server.RaftServerConfigKeys (ConfUtils.java:logGet(43)) - raft.server.log.statemachine.data.sync = true (default)
2019-09-26 19:35:59,523 [pool-271-thread-1] INFO  server.RaftServerConfigKeys (ConfUtils.java:logGet(43)) - raft.server.log.statemachine.data.sync.timeout = 10s (default)
2019-09-26 19:35:59,523 [pool-271-thread-1] INFO  server.RaftServerConfigKeys (ConfUtils.java:logGet(43)) - raft.server.log.statemachine.data.sync.timeout.retry = -1 (default)
2019-09-26 19:35:59,523 [pool-271-thread-1] INFO  server.RaftServerConfigKeys (ConfUtils.java:logGet(43)) - raft.server.log.statemachine.data.caching.enabled = true (custom)
2019-09-26 19:35:59,523 [pool-271-thread-1] INFO  segmented.SegmentedRaftLogWorker (SegmentedRaftLogWorker.java:lambda$new$0(132)) - 728ea44c-f097-440a-a87e-c27a68d48f14@group-6729514BE427-SegmentedRaftLogWorker: flushIndex: setUnconditionally 0 -> -1
2019-09-26 19:35:59,524 [pool-271-thread-1] INFO  server.RaftServerConfigKeys (ConfUtils.java:logGet(43)) - raft.server.snapshot.auto.trigger.enabled = true (custom)
2019-09-26 19:35:59,524 [pool-271-thread-1] INFO  server.RaftServerConfigKeys (ConfUtils.java:logGet(43)) - raft.server.snapshot.auto.trigger.threshold = 10000 (custom)
2019-09-26 19:35:59,524 [pool-271-thread-1] INFO  server.RaftServerConfigKeys (ConfUtils.java:logGet(43)) - raft.server.snapshot.retention.num.files = 5 (custom)
2019-09-26 19:35:59,524 [pool-271-thread-1] INFO  server.RaftServerConfigKeys (ConfUtils.java:logGet(43)) - raft.server.retrycache.expirytime = 600000ms (custom)
2019-09-26 19:35:59,525 [pool-271-thread-1] INFO  impl.RaftServerImpl (RaftServerImpl.java:start(185)) - 728ea44c-f097-440a-a87e-c27a68d48f14@group-6729514BE427: start as a follower, conf=-1: [728ea44c-f097-440a-a87e-c27a68d48f14:192.168.151.99:38783], old=null
2019-09-26 19:35:59,525 [pool-271-thread-1] INFO  impl.RaftServerImpl (RaftServerImpl.java:setRole(174)) - 728ea44c-f097-440a-a87e-c27a68d48f14@group-6729514BE427: changes role from      null to FOLLOWER at term 0 for startAsFollower
2019-09-26 19:35:59,525 [pool-271-thread-1] INFO  impl.RoleInfo (RoleInfo.java:updateAndGet(143)) - 728ea44c-f097-440a-a87e-c27a68d48f14: start FollowerState
2019-09-26 19:35:59,525 [pool-271-thread-1] INFO  util.JmxRegister (JmxRegister.java:tryRegister(44)) - Successfully registered JMX Bean with object name Ratis:service=RaftServer,group=group-6729514BE427,id=728ea44c-f097-440a-a87e-c27a68d48f14
2019-09-26 19:35:59,526 [RatisPipelineUtilsThread] INFO  pipeline.PipelineStateManager (PipelineStateManager.java:addPipeline(56)) - Created pipeline Pipeline[ Id: ffcbbeb7-a102-4be4-8db5-6729514be427, Nodes: 728ea44c-f097-440a-a87e-c27a68d48f14{ip: 192.168.151.99, host: pr-hdds-1569-g6sp5-2013761785, networkLocation: /rack1, certSerialId: null}, Type:RATIS, Factor:ONE, State:OPEN]
2019-09-26 19:35:59,528 [grpc-default-executor-2] INFO  impl.RaftServerProxy (RaftServerProxy.java:addNew(89)) - 27cb48db-4b88-4c0c-b213-19f9b2fffaff: addNew group-71E8ECDACFBB:[27cb48db-4b88-4c0c-b213-19f9b2fffaff:192.168.151.99:37457] returns group-71E8ECDACFBB:java.util.concurrent.CompletableFuture@51c44e06[Not completed]
2019-09-26 19:35:59,529 [pool-261-thread-1] INFO  impl.RaftServerImpl (RaftServerImpl.java:<init>(95)) - 27cb48db-4b88-4c0c-b213-19f9b2fffaff: new RaftServerImpl for group-71E8ECDACFBB:[27cb48db-4b88-4c0c-b213-19f9b2fffaff:192.168.151.99:37457] with ContainerStateMachine:uninitialized
2019-09-26 19:35:59,529 [pool-261-thread-1] INFO  server.RaftServerConfigKeys (ConfUtils.java:logGet(43)) - raft.server.rpc.timeout.min = 5s (custom)
2019-09-26 19:35:59,529 [pool-261-thread-1] INFO  server.RaftServerConfigKeys (ConfUtils.java:logGet(43)) - raft.server.rpc.timeout.max = 5200ms (custom)
2019-09-26 19:35:59,529 [pool-261-thread-1] INFO  server.RaftServerConfigKeys (ConfUtils.java:logGet(43)) - raft.server.rpcslowness.timeout = 120s (custom)
2019-09-26 19:35:59,529 [pool-261-thread-1] INFO  server.RaftServerConfigKeys (ConfUtils.java:logGet(43)) - raft.server.sleep.deviation.threshold = 300 (default)
2019-09-26 19:35:59,530 [pool-261-thread-1] INFO  server.RaftServerConfigKeys (ConfUtils.java:logGet(43)) - raft.server.log.appender.install.snapshot.enabled = false (custom)
2019-09-26 19:35:59,530 [pool-261-thread-1] INFO  impl.RaftServerImpl (ServerState.java:<init>(103)) - 27cb48db-4b88-4c0c-b213-19f9b2fffaff@group-71E8ECDACFBB: ConfigurationManager, init=-1: [27cb48db-4b88-4c0c-b213-19f9b2fffaff:192.168.151.99:37457], old=null, confs=<EMPTY_MAP>
2019-09-26 19:35:59,530 [pool-261-thread-1] INFO  server.RaftServerConfigKeys (ConfUtils.java:logGet(43)) - raft.server.storage.dir = [/workdir/hadoop-ozone/integration-test/target/test-dir/MiniOzoneClusterImpl-2f79a7d3-d7ae-4963-8370-12bb1e2132d7/datanode-0/data/ratis] (custom)
2019-09-26 19:35:59,531 [pool-261-thread-1] INFO  storage.RaftStorageDirectory (RaftStorageDirectory.java:analyzeStorage(246)) - The storage directory /workdir/hadoop-ozone/integration-test/target/test-dir/MiniOzoneClusterImpl-2f79a7d3-d7ae-4963-8370-12bb1e2132d7/datanode-0/data/ratis/9b2374e2-0ff6-4daa-bcaf-71e8ecdacfbb does not exist. Creating ...
2019-09-26 19:35:59,555 [pool-261-thread-1] INFO  storage.RaftStorageDirectory (RaftStorageDirectory.java:tryLock(328)) - Lock on /workdir/hadoop-ozone/integration-test/target/test-dir/MiniOzoneClusterImpl-2f79a7d3-d7ae-4963-8370-12bb1e2132d7/datanode-0/data/ratis/9b2374e2-0ff6-4daa-bcaf-71e8ecdacfbb/in_use.lock acquired by nodename 17888@pr-hdds-1569-g6sp5-2013761785
2019-09-26 19:35:59,557 [Thread-6627] INFO  impl.FollowerState (FollowerState.java:run(106)) - 27cb48db-4b88-4c0c-b213-19f9b2fffaff:group-76F2B4B609CF changes to CANDIDATE, lastRpcTime:5187, electionTimeout:5187ms
2019-09-26 19:35:59,558 [Thread-6627] INFO  impl.RoleInfo (RoleInfo.java:shutdownFollowerState(121)) - 27cb48db-4b88-4c0c-b213-19f9b2fffaff: shutdown FollowerState
2019-09-26 19:35:59,558 [Thread-6627] INFO  impl.RaftServerImpl (RaftServerImpl.java:setRole(174)) - 27cb48db-4b88-4c0c-b213-19f9b2fffaff@group-76F2B4B609CF: changes role from  FOLLOWER to CANDIDATE at term 0 for changeToCandidate
2019-09-26 19:35:59,558 [Thread-6627] INFO  impl.RoleInfo (RoleInfo.java:updateAndGet(143)) - 27cb48db-4b88-4c0c-b213-19f9b2fffaff: start LeaderElection
2019-09-26 19:35:59,569 [pool-261-thread-1] INFO  storage.RaftStorage (RaftStorage.java:format(72)) - Storage directory /workdir/hadoop-ozone/integration-test/target/test-dir/MiniOzoneClusterImpl-2f79a7d3-d7ae-4963-8370-12bb1e2132d7/datanode-0/data/ratis/9b2374e2-0ff6-4daa-bcaf-71e8ecdacfbb has been successfully formatted.
2019-09-26 19:35:59,569 [27cb48db-4b88-4c0c-b213-19f9b2fffaff@group-76F2B4B609CF:LeaderElection958] INFO  impl.LeaderElection (LeaderElection.java:askForVotes(182)) - 27cb48db-4b88-4c0c-b213-19f9b2fffaff@group-76F2B4B609CF:LeaderElection958: begin an election at term 1 for -1: [27cb48db-4b88-4c0c-b213-19f9b2fffaff:192.168.151.99:37457], old=null
2019-09-26 19:35:59,569 [pool-261-thread-1] INFO  ratis.ContainerStateMachine (ContainerStateMachine.java:loadSnapshot(230)) - group-71E8ECDACFBB: The snapshot info is null. Setting the last applied indexto:(t:0, i:~)
2019-09-26 19:35:59,569 [27cb48db-4b88-4c0c-b213-19f9b2fffaff@group-76F2B4B609CF:LeaderElection958] INFO  impl.RoleInfo (RoleInfo.java:shutdownLeaderElection(134)) - 27cb48db-4b88-4c0c-b213-19f9b2fffaff: shutdown LeaderElection
2019-09-26 19:35:59,569 [pool-261-thread-1] INFO  server.RaftServerConfigKeys (ConfUtils.java:logGet(43)) - raft.server.notification.no-leader.timeout = 120s (custom)
2019-09-26 19:35:59,569 [27cb48db-4b88-4c0c-b213-19f9b2fffaff@group-76F2B4B609CF:LeaderElection958] INFO  impl.RaftServerImpl (RaftServerImpl.java:setRole(174)) - 27cb48db-4b88-4c0c-b213-19f9b2fffaff@group-76F2B4B609CF: changes role from CANDIDATE to LEADER at term 1 for changeToLeader
2019-09-26 19:35:59,570 [pool-261-thread-1] INFO  server.RaftServerConfigKeys (ConfUtils.java:logGet(43)) - raft.server.log.use.memory = false (default)
2019-09-26 19:35:59,570 [27cb48db-4b88-4c0c-b213-19f9b2fffaff@group-76F2B4B609CF:LeaderElection958] INFO  impl.RaftServerImpl (ServerState.java:setLeader(253)) - 27cb48db-4b88-4c0c-b213-19f9b2fffaff@group-76F2B4B609CF: change Leader from null to 27cb48db-4b88-4c0c-b213-19f9b2fffaff at term 1 for becomeLeader, leader elected after 5203ms
2019-09-26 19:35:59,570 [pool-261-thread-1] INFO  server.RaftServerConfigKeys (ConfUtils.java:logGet(43)) - raft.server.log.purge.gap = 1000000 (custom)
2019-09-26 19:35:59,570 [27cb48db-4b88-4c0c-b213-19f9b2fffaff@group-76F2B4B609CF:LeaderElection958] INFO  server.RaftServerConfigKeys (ConfUtils.java:logGet(43)) - raft.server.staging.catchup.gap = 1000 (default)
2019-09-26 19:35:59,570 [pool-261-thread-1] INFO  server.RaftServerConfigKeys (ConfUtils.java:logGet(43)) - raft.server.log.appender.buffer.byte-limit = 33554432 (custom)
2019-09-26 19:35:59,570 [27cb48db-4b88-4c0c-b213-19f9b2fffaff@group-76F2B4B609CF:LeaderElection958] INFO  server.RaftServerConfigKeys (ConfUtils.java:logGet(43)) - raft.server.rpc.sleep.time = 25ms (default)
2019-09-26 19:35:59,570 [pool-261-thread-1] INFO  server.RaftServerConfigKeys (ConfUtils.java:logGet(43)) - raft.server.log.segment.size.max = 1048576 (custom)
2019-09-26 19:35:59,570 [27cb48db-4b88-4c0c-b213-19f9b2fffaff@group-76F2B4B609CF:LeaderElection958] INFO  server.RaftServerConfigKeys (ConfUtils.java:logGet(43)) - raft.server.write.element-limit = 4096 (default)
2019-09-26 19:35:59,570 [27cb48db-4b88-4c0c-b213-19f9b2fffaff@group-76F2B4B609CF:LeaderElection958] INFO  server.RaftServerConfigKeys (ConfUtils.java:logGet(43)) - raft.server.watch.timeout = 10s (default)
2019-09-26 19:35:59,570 [pool-261-thread-1] INFO  server.RaftServerConfigKeys (ConfUtils.java:logGet(43)) - raft.server.log.segment.cache.num.max = 2 (custom)
2019-09-26 19:35:59,570 [27cb48db-4b88-4c0c-b213-19f9b2fffaff@group-76F2B4B609CF:LeaderElection958] INFO  server.RaftServerConfigKeys (ConfUtils.java:logGet(43)) - raft.server.watch.timeout.denomination = 1s (default)
2019-09-26 19:35:59,571 [pool-261-thread-1] INFO  segmented.SegmentedRaftLogWorker (SegmentedRaftLogWorker.java:<init>(172)) - new 27cb48db-4b88-4c0c-b213-19f9b2fffaff@group-71E8ECDACFBB-SegmentedRaftLogWorker for RaftStorage:Storage Directory /workdir/hadoop-ozone/integration-test/target/test-dir/MiniOzoneClusterImpl-2f79a7d3-d7ae-4963-8370-12bb1e2132d7/datanode-0/data/ratis/9b2374e2-0ff6-4daa-bcaf-71e8ecdacfbb
2019-09-26 19:35:59,571 [27cb48db-4b88-4c0c-b213-19f9b2fffaff@group-76F2B4B609CF:LeaderElection958] INFO  server.RaftServerConfigKeys (ConfUtils.java:logGet(43)) - raft.server.watch.element-limit = 65536 (default)
2019-09-26 19:35:59,571 [pool-261-thread-1] INFO  server.RaftServerConfigKeys (ConfUtils.java:logGet(43)) - raft.server.log.queue.byte-limit = 2147483647 (custom)
2019-09-26 19:35:59,571 [pool-261-thread-1] INFO  server.RaftServerConfigKeys (ConfUtils.java:logGet(43)) - raft.server.log.queue.element-limit = 1024 (custom)
2019-09-26 19:35:59,571 [pool-261-thread-1] INFO  server.RaftServerConfigKeys (ConfUtils.java:logGet(43)) - raft.server.log.segment.size.max = 1048576 (custom)
2019-09-26 19:35:59,571 [pool-261-thread-1] INFO  server.RaftServerConfigKeys (ConfUtils.java:logGet(43)) - raft.server.log.preallocated.size = 16384 (custom)
2019-09-26 19:35:59,571 [pool-261-thread-1] INFO  server.RaftServerConfigKeys (ConfUtils.java:logGet(43)) - raft.server.log.write.buffer.size = 33554432 (custom)
2019-09-26 19:35:59,571 [pool-261-thread-1] INFO  server.RaftServerConfigKeys (ConfUtils.java:logGet(43)) - raft.server.log.force.sync.num = 128 (default)
2019-09-26 19:35:59,571 [pool-261-thread-1] INFO  server.RaftServerConfigKeys (ConfUtils.java:logGet(43)) - raft.server.log.statemachine.data.sync = true (default)
2019-09-26 19:35:59,571 [pool-261-thread-1] INFO  server.RaftServerConfigKeys (ConfUtils.java:logGet(43)) - raft.server.log.statemachine.data.sync.timeout = 10s (default)
2019-09-26 19:35:59,571 [pool-261-thread-1] INFO  server.RaftServerConfigKeys (ConfUtils.java:logGet(43)) - raft.server.log.statemachine.data.sync.timeout.retry = -1 (default)
2019-09-26 19:35:59,571 [pool-261-thread-1] INFO  server.RaftServerConfigKeys (ConfUtils.java:logGet(43)) - raft.server.log.statemachine.data.caching.enabled = true (custom)
2019-09-26 19:35:59,572 [pool-261-thread-1] INFO  segmented.SegmentedRaftLogWorker (SegmentedRaftLogWorker.java:lambda$new$0(132)) - 27cb48db-4b88-4c0c-b213-19f9b2fffaff@group-71E8ECDACFBB-SegmentedRaftLogWorker: flushIndex: setUnconditionally 0 -> -1
2019-09-26 19:35:59,572 [27cb48db-4b88-4c0c-b213-19f9b2fffaff@group-76F2B4B609CF:LeaderElection958] INFO  impl.RoleInfo (RoleInfo.java:updateAndGet(143)) - 27cb48db-4b88-4c0c-b213-19f9b2fffaff: start LeaderState
2019-09-26 19:35:59,572 [27cb48db-4b88-4c0c-b213-19f9b2fffaff@group-76F2B4B609CF:LeaderElection958] INFO  segmented.SegmentedRaftLogWorker (SegmentedRaftLogWorker.java:startLogSegment(380)) - 27cb48db-4b88-4c0c-b213-19f9b2fffaff@group-76F2B4B609CF-SegmentedRaftLogWorker: Starting segment from index:0
2019-09-26 19:35:59,572 [pool-261-thread-1] INFO  server.RaftServerConfigKeys (ConfUtils.java:logGet(43)) - raft.server.snapshot.auto.trigger.enabled = true (custom)
2019-09-26 19:35:59,572 [pool-261-thread-1] INFO  server.RaftServerConfigKeys (ConfUtils.java:logGet(43)) - raft.server.snapshot.auto.trigger.threshold = 10000 (custom)
2019-09-26 19:35:59,572 [27cb48db-4b88-4c0c-b213-19f9b2fffaff@group-76F2B4B609CF:LeaderElection958] INFO  impl.RaftServerImpl (ServerState.java:setRaftConf(354)) - 27cb48db-4b88-4c0c-b213-19f9b2fffaff@group-76F2B4B609CF: set configuration 0: [27cb48db-4b88-4c0c-b213-19f9b2fffaff:192.168.151.99:37457], old=null at 0
2019-09-26 19:35:59,572 [pool-261-thread-1] INFO  server.RaftServerConfigKeys (ConfUtils.java:logGet(43)) - raft.server.snapshot.retention.num.files = 5 (custom)
2019-09-26 19:35:59,572 [pool-261-thread-1] INFO  server.RaftServerConfigKeys (ConfUtils.java:logGet(43)) - raft.server.retrycache.expirytime = 600000ms (custom)
2019-09-26 19:35:59,573 [pool-261-thread-1] INFO  impl.RaftServerImpl (RaftServerImpl.java:start(185)) - 27cb48db-4b88-4c0c-b213-19f9b2fffaff@group-71E8ECDACFBB: start as a follower, conf=-1: [27cb48db-4b88-4c0c-b213-19f9b2fffaff:192.168.151.99:37457], old=null
2019-09-26 19:35:59,573 [pool-261-thread-1] INFO  impl.RaftServerImpl (RaftServerImpl.java:setRole(174)) - 27cb48db-4b88-4c0c-b213-19f9b2fffaff@group-71E8ECDACFBB: changes role from      null to FOLLOWER at term 0 for startAsFollower
2019-09-26 19:35:59,573 [pool-261-thread-1] INFO  impl.RoleInfo (RoleInfo.java:updateAndGet(143)) - 27cb48db-4b88-4c0c-b213-19f9b2fffaff: start FollowerState
2019-09-26 19:35:59,573 [pool-261-thread-1] INFO  util.JmxRegister (JmxRegister.java:tryRegister(44)) - Successfully registered JMX Bean with object name Ratis:service=RaftServer,group=group-71E8ECDACFBB,id=27cb48db-4b88-4c0c-b213-19f9b2fffaff
2019-09-26 19:35:59,574 [RatisPipelineUtilsThread] INFO  pipeline.PipelineStateManager (PipelineStateManager.java:addPipeline(56)) - Created pipeline Pipeline[ Id: 9b2374e2-0ff6-4daa-bcaf-71e8ecdacfbb, Nodes: 27cb48db-4b88-4c0c-b213-19f9b2fffaff{ip: 192.168.151.99, host: pr-hdds-1569-g6sp5-2013761785, networkLocation: /rack1, certSerialId: null}, Type:RATIS, Factor:ONE, State:OPEN]
2019-09-26 19:35:59,576 [grpc-default-executor-2] INFO  impl.RaftServerProxy (RaftServerProxy.java:addNew(89)) - 27cb48db-4b88-4c0c-b213-19f9b2fffaff: addNew group-4BF804B3BA25:[27cb48db-4b88-4c0c-b213-19f9b2fffaff:192.168.151.99:37457] returns group-4BF804B3BA25:java.util.concurrent.CompletableFuture@28ae9620[Not completed]
2019-09-26 19:35:59,576 [pool-261-thread-1] INFO  impl.RaftServerImpl (RaftServerImpl.java:<init>(95)) - 27cb48db-4b88-4c0c-b213-19f9b2fffaff: new RaftServerImpl for group-4BF804B3BA25:[27cb48db-4b88-4c0c-b213-19f9b2fffaff:192.168.151.99:37457] with ContainerStateMachine:uninitialized
2019-09-26 19:35:59,576 [pool-261-thread-1] INFO  server.RaftServerConfigKeys (ConfUtils.java:logGet(43)) - raft.server.rpc.timeout.min = 5s (custom)
2019-09-26 19:35:59,577 [pool-261-thread-1] INFO  server.RaftServerConfigKeys (ConfUtils.java:logGet(43)) - raft.server.rpc.timeout.max = 5200ms (custom)
2019-09-26 19:35:59,577 [pool-261-thread-1] INFO  server.RaftServerConfigKeys (ConfUtils.java:logGet(43)) - raft.server.rpcslowness.timeout = 120s (custom)
2019-09-26 19:35:59,577 [pool-261-thread-1] INFO  server.RaftServerConfigKeys (ConfUtils.java:logGet(43)) - raft.server.sleep.deviation.threshold = 300 (default)
2019-09-26 19:35:59,577 [pool-261-thread-1] INFO  server.RaftServerConfigKeys (ConfUtils.java:logGet(43)) - raft.server.log.appender.install.snapshot.enabled = false (custom)
2019-09-26 19:35:59,577 [pool-261-thread-1] INFO  impl.RaftServerImpl (ServerState.java:<init>(103)) - 27cb48db-4b88-4c0c-b213-19f9b2fffaff@group-4BF804B3BA25: ConfigurationManager, init=-1: [27cb48db-4b88-4c0c-b213-19f9b2fffaff:192.168.151.99:37457], old=null, confs=<EMPTY_MAP>
2019-09-26 19:35:59,577 [pool-261-thread-1] INFO  server.RaftServerConfigKeys (ConfUtils.java:logGet(43)) - raft.server.storage.dir = [/workdir/hadoop-ozone/integration-test/target/test-dir/MiniOzoneClusterImpl-2f79a7d3-d7ae-4963-8370-12bb1e2132d7/datanode-0/data/ratis] (custom)
2019-09-26 19:35:59,577 [pool-261-thread-1] INFO  storage.RaftStorageDirectory (RaftStorageDirectory.java:analyzeStorage(246)) - The storage directory /workdir/hadoop-ozone/integration-test/target/test-dir/MiniOzoneClusterImpl-2f79a7d3-d7ae-4963-8370-12bb1e2132d7/datanode-0/data/ratis/c78822ab-35e4-4928-bdc3-4bf804b3ba25 does not exist. Creating ...
2019-09-26 19:35:59,584 [pool-261-thread-1] INFO  storage.RaftStorageDirectory (RaftStorageDirectory.java:tryLock(328)) - Lock on /workdir/hadoop-ozone/integration-test/target/test-dir/MiniOzoneClusterImpl-2f79a7d3-d7ae-4963-8370-12bb1e2132d7/datanode-0/data/ratis/c78822ab-35e4-4928-bdc3-4bf804b3ba25/in_use.lock acquired by nodename 17888@pr-hdds-1569-g6sp5-2013761785
2019-09-26 19:35:59,597 [pool-261-thread-1] INFO  storage.RaftStorage (RaftStorage.java:format(72)) - Storage directory /workdir/hadoop-ozone/integration-test/target/test-dir/MiniOzoneClusterImpl-2f79a7d3-d7ae-4963-8370-12bb1e2132d7/datanode-0/data/ratis/c78822ab-35e4-4928-bdc3-4bf804b3ba25 has been successfully formatted.
2019-09-26 19:35:59,597 [pool-261-thread-1] INFO  ratis.ContainerStateMachine (ContainerStateMachine.java:loadSnapshot(230)) - group-4BF804B3BA25: The snapshot info is null. Setting the last applied indexto:(t:0, i:~)
2019-09-26 19:35:59,597 [pool-261-thread-1] INFO  server.RaftServerConfigKeys (ConfUtils.java:logGet(43)) - raft.server.notification.no-leader.timeout = 120s (custom)
2019-09-26 19:35:59,597 [pool-261-thread-1] INFO  server.RaftServerConfigKeys (ConfUtils.java:logGet(43)) - raft.server.log.use.memory = false (default)
2019-09-26 19:35:59,597 [pool-261-thread-1] INFO  server.RaftServerConfigKeys (ConfUtils.java:logGet(43)) - raft.server.log.purge.gap = 1000000 (custom)
2019-09-26 19:35:59,597 [pool-261-thread-1] INFO  server.RaftServerConfigKeys (ConfUtils.java:logGet(43)) - raft.server.log.appender.buffer.byte-limit = 33554432 (custom)
2019-09-26 19:35:59,597 [pool-261-thread-1] INFO  server.RaftServerConfigKeys (ConfUtils.java:logGet(43)) - raft.server.log.segment.size.max = 1048576 (custom)
2019-09-26 19:35:59,597 [pool-261-thread-1] INFO  server.RaftServerConfigKeys (ConfUtils.java:logGet(43)) - raft.server.log.segment.cache.num.max = 2 (custom)
2019-09-26 19:35:59,597 [pool-261-thread-1] INFO  segmented.SegmentedRaftLogWorker (SegmentedRaftLogWorker.java:<init>(172)) - new 27cb48db-4b88-4c0c-b213-19f9b2fffaff@group-4BF804B3BA25-SegmentedRaftLogWorker for RaftStorage:Storage Directory /workdir/hadoop-ozone/integration-test/target/test-dir/MiniOzoneClusterImpl-2f79a7d3-d7ae-4963-8370-12bb1e2132d7/datanode-0/data/ratis/c78822ab-35e4-4928-bdc3-4bf804b3ba25
2019-09-26 19:35:59,597 [pool-261-thread-1] INFO  server.RaftServerConfigKeys (ConfUtils.java:logGet(43)) - raft.server.log.queue.byte-limit = 2147483647 (custom)
2019-09-26 19:35:59,597 [pool-261-thread-1] INFO  server.RaftServerConfigKeys (ConfUtils.java:logGet(43)) - raft.server.log.queue.element-limit = 1024 (custom)
2019-09-26 19:35:59,597 [pool-261-thread-1] INFO  server.RaftServerConfigKeys (ConfUtils.java:logGet(43)) - raft.server.log.segment.size.max = 1048576 (custom)
2019-09-26 19:35:59,598 [pool-261-thread-1] INFO  server.RaftServerConfigKeys (ConfUtils.java:logGet(43)) - raft.server.log.preallocated.size = 16384 (custom)
2019-09-26 19:35:59,598 [pool-261-thread-1] INFO  server.RaftServerConfigKeys (ConfUtils.java:logGet(43)) - raft.server.log.write.buffer.size = 33554432 (custom)
2019-09-26 19:35:59,598 [pool-261-thread-1] INFO  server.RaftServerConfigKeys (ConfUtils.java:logGet(43)) - raft.server.log.force.sync.num = 128 (default)
2019-09-26 19:35:59,598 [pool-261-thread-1] INFO  server.RaftServerConfigKeys (ConfUtils.java:logGet(43)) - raft.server.log.statemachine.data.sync = true (default)
2019-09-26 19:35:59,598 [pool-261-thread-1] INFO  server.RaftServerConfigKeys (ConfUtils.java:logGet(43)) - raft.server.log.statemachine.data.sync.timeout = 10s (default)
2019-09-26 19:35:59,598 [pool-261-thread-1] INFO  server.RaftServerConfigKeys (ConfUtils.java:logGet(43)) - raft.server.log.statemachine.data.sync.timeout.retry = -1 (default)
2019-09-26 19:35:59,598 [pool-261-thread-1] INFO  server.RaftServerConfigKeys (ConfUtils.java:logGet(43)) - raft.server.log.statemachine.data.caching.enabled = true (custom)
2019-09-26 19:35:59,598 [pool-261-thread-1] INFO  segmented.SegmentedRaftLogWorker (SegmentedRaftLogWorker.java:lambda$new$0(132)) - 27cb48db-4b88-4c0c-b213-19f9b2fffaff@group-4BF804B3BA25-SegmentedRaftLogWorker: flushIndex: setUnconditionally 0 -> -1
2019-09-26 19:35:59,598 [pool-261-thread-1] INFO  server.RaftServerConfigKeys (ConfUtils.java:logGet(43)) - raft.server.snapshot.auto.trigger.enabled = true (custom)
2019-09-26 19:35:59,598 [pool-261-thread-1] INFO  server.RaftServerConfigKeys (ConfUtils.java:logGet(43)) - raft.server.snapshot.auto.trigger.threshold = 10000 (custom)
2019-09-26 19:35:59,598 [pool-261-thread-1] INFO  server.RaftServerConfigKeys (ConfUtils.java:logGet(43)) - raft.server.snapshot.retention.num.files = 5 (custom)
2019-09-26 19:35:59,599 [pool-261-thread-1] INFO  server.RaftServerConfigKeys (ConfUtils.java:logGet(43)) - raft.server.retrycache.expirytime = 600000ms (custom)
2019-09-26 19:35:59,599 [pool-261-thread-1] INFO  impl.RaftServerImpl (RaftServerImpl.java:start(185)) - 27cb48db-4b88-4c0c-b213-19f9b2fffaff@group-4BF804B3BA25: start as a follower, conf=-1: [27cb48db-4b88-4c0c-b213-19f9b2fffaff:192.168.151.99:37457], old=null
2019-09-26 19:35:59,600 [pool-261-thread-1] INFO  impl.RaftServerImpl (RaftServerImpl.java:setRole(174)) - 27cb48db-4b88-4c0c-b213-19f9b2fffaff@group-4BF804B3BA25: changes role from      null to FOLLOWER at term 0 for startAsFollower
2019-09-26 19:35:59,600 [pool-261-thread-1] INFO  impl.RoleInfo (RoleInfo.java:updateAndGet(143)) - 27cb48db-4b88-4c0c-b213-19f9b2fffaff: start FollowerState
2019-09-26 19:35:59,600 [pool-261-thread-1] INFO  util.JmxRegister (JmxRegister.java:tryRegister(44)) - Successfully registered JMX Bean with object name Ratis:service=RaftServer,group=group-4BF804B3BA25,id=27cb48db-4b88-4c0c-b213-19f9b2fffaff
2019-09-26 19:35:59,601 [RatisPipelineUtilsThread] INFO  pipeline.PipelineStateManager (PipelineStateManager.java:addPipeline(56)) - Created pipeline Pipeline[ Id: c78822ab-35e4-4928-bdc3-4bf804b3ba25, Nodes: 27cb48db-4b88-4c0c-b213-19f9b2fffaff{ip: 192.168.151.99, host: pr-hdds-1569-g6sp5-2013761785, networkLocation: /rack1, certSerialId: null}, Type:RATIS, Factor:ONE, State:OPEN]
2019-09-26 19:35:59,602 [Thread-6630] INFO  impl.FollowerState (FollowerState.java:run(106)) - 99aa1396-69c4-4985-9b2a-20430cc4a0a7:group-45151E1529C8 changes to CANDIDATE, lastRpcTime:5180, electionTimeout:5180ms
2019-09-26 19:35:59,602 [Thread-6630] INFO  impl.RoleInfo (RoleInfo.java:shutdownFollowerState(121)) - 99aa1396-69c4-4985-9b2a-20430cc4a0a7: shutdown FollowerState
2019-09-26 19:35:59,602 [Thread-6630] INFO  impl.RaftServerImpl (RaftServerImpl.java:setRole(174)) - 99aa1396-69c4-4985-9b2a-20430cc4a0a7@group-45151E1529C8: changes role from  FOLLOWER to CANDIDATE at term 0 for changeToCandidate
2019-09-26 19:35:59,602 [Thread-6630] INFO  impl.RoleInfo (RoleInfo.java:updateAndGet(143)) - 99aa1396-69c4-4985-9b2a-20430cc4a0a7: start LeaderElection
2019-09-26 19:35:59,604 [grpc-default-executor-2] INFO  impl.RaftServerProxy (RaftServerProxy.java:addNew(89)) - 27cb48db-4b88-4c0c-b213-19f9b2fffaff: addNew group-09D99E8196D1:[27cb48db-4b88-4c0c-b213-19f9b2fffaff:192.168.151.99:37457] returns group-09D99E8196D1:java.util.concurrent.CompletableFuture@1af3b3d9[Not completed]
2019-09-26 19:35:59,604 [pool-261-thread-1] INFO  impl.RaftServerImpl (RaftServerImpl.java:<init>(95)) - 27cb48db-4b88-4c0c-b213-19f9b2fffaff: new RaftServerImpl for group-09D99E8196D1:[27cb48db-4b88-4c0c-b213-19f9b2fffaff:192.168.151.99:37457] with ContainerStateMachine:uninitialized
2019-09-26 19:35:59,604 [pool-261-thread-1] INFO  server.RaftServerConfigKeys (ConfUtils.java:logGet(43)) - raft.server.rpc.timeout.min = 5s (custom)
2019-09-26 19:35:59,604 [pool-261-thread-1] INFO  server.RaftServerConfigKeys (ConfUtils.java:logGet(43)) - raft.server.rpc.timeout.max = 5200ms (custom)
2019-09-26 19:35:59,604 [pool-261-thread-1] INFO  server.RaftServerConfigKeys (ConfUtils.java:logGet(43)) - raft.server.rpcslowness.timeout = 120s (custom)
2019-09-26 19:35:59,604 [pool-261-thread-1] INFO  server.RaftServerConfigKeys (ConfUtils.java:logGet(43)) - raft.server.sleep.deviation.threshold = 300 (default)
2019-09-26 19:35:59,604 [pool-261-thread-1] INFO  server.RaftServerConfigKeys (ConfUtils.java:logGet(43)) - raft.server.log.appender.install.snapshot.enabled = false (custom)
2019-09-26 19:35:59,605 [pool-261-thread-1] INFO  impl.RaftServerImpl (ServerState.java:<init>(103)) - 27cb48db-4b88-4c0c-b213-19f9b2fffaff@group-09D99E8196D1: ConfigurationManager, init=-1: [27cb48db-4b88-4c0c-b213-19f9b2fffaff:192.168.151.99:37457], old=null, confs=<EMPTY_MAP>
2019-09-26 19:35:59,605 [pool-261-thread-1] INFO  server.RaftServerConfigKeys (ConfUtils.java:logGet(43)) - raft.server.storage.dir = [/workdir/hadoop-ozone/integration-test/target/test-dir/MiniOzoneClusterImpl-2f79a7d3-d7ae-4963-8370-12bb1e2132d7/datanode-0/data/ratis] (custom)
2019-09-26 19:35:59,605 [pool-261-thread-1] INFO  storage.RaftStorageDirectory (RaftStorageDirectory.java:analyzeStorage(246)) - The storage directory /workdir/hadoop-ozone/integration-test/target/test-dir/MiniOzoneClusterImpl-2f79a7d3-d7ae-4963-8370-12bb1e2132d7/datanode-0/data/ratis/66166e17-dff2-435c-ac1d-09d99e8196d1 does not exist. Creating ...
2019-09-26 19:35:59,611 [Thread-6646] INFO  impl.FollowerState (FollowerState.java:run(106)) - 728ea44c-f097-440a-a87e-c27a68d48f14:group-569657D0E72C changes to CANDIDATE, lastRpcTime:5025, electionTimeout:5025ms
2019-09-26 19:35:59,611 [Thread-6646] INFO  impl.RoleInfo (RoleInfo.java:shutdownFollowerState(121)) - 728ea44c-f097-440a-a87e-c27a68d48f14: shutdown FollowerState
2019-09-26 19:35:59,611 [Thread-6646] INFO  impl.RaftServerImpl (RaftServerImpl.java:setRole(174)) - 728ea44c-f097-440a-a87e-c27a68d48f14@group-569657D0E72C: changes role from  FOLLOWER to CANDIDATE at term 0 for changeToCandidate
2019-09-26 19:35:59,611 [Thread-6646] INFO  impl.RoleInfo (RoleInfo.java:updateAndGet(143)) - 728ea44c-f097-440a-a87e-c27a68d48f14: start LeaderElection
2019-09-26 19:35:59,614 [pool-261-thread-1] INFO  storage.RaftStorageDirectory (RaftStorageDirectory.java:tryLock(328)) - Lock on /workdir/hadoop-ozone/integration-test/target/test-dir/MiniOzoneClusterImpl-2f79a7d3-d7ae-4963-8370-12bb1e2132d7/datanode-0/data/ratis/66166e17-dff2-435c-ac1d-09d99e8196d1/in_use.lock acquired by nodename 17888@pr-hdds-1569-g6sp5-2013761785
2019-09-26 19:35:59,614 [99aa1396-69c4-4985-9b2a-20430cc4a0a7@group-45151E1529C8:LeaderElection959] INFO  impl.LeaderElection (LeaderElection.java:askForVotes(182)) - 99aa1396-69c4-4985-9b2a-20430cc4a0a7@group-45151E1529C8:LeaderElection959: begin an election at term 1 for -1: [99aa1396-69c4-4985-9b2a-20430cc4a0a7:192.168.151.99:40213], old=null
2019-09-26 19:35:59,614 [27cb48db-4b88-4c0c-b213-19f9b2fffaff@group-76F2B4B609CF-SegmentedRaftLogWorker] INFO  segmented.SegmentedRaftLogWorker (SegmentedRaftLogWorker.java:execute(569)) - 27cb48db-4b88-4c0c-b213-19f9b2fffaff@group-76F2B4B609CF-SegmentedRaftLogWorker: created new log segment /workdir/hadoop-ozone/integration-test/target/test-dir/MiniOzoneClusterImpl-2f79a7d3-d7ae-4963-8370-12bb1e2132d7/datanode-0/data/ratis/01a59570-1632-4c4d-94ef-76f2b4b609cf/current/log_inprogress_0
2019-09-26 19:35:59,614 [99aa1396-69c4-4985-9b2a-20430cc4a0a7@group-45151E1529C8:LeaderElection959] INFO  impl.RoleInfo (RoleInfo.java:shutdownLeaderElection(134)) - 99aa1396-69c4-4985-9b2a-20430cc4a0a7: shutdown LeaderElection
2019-09-26 19:35:59,614 [99aa1396-69c4-4985-9b2a-20430cc4a0a7@group-45151E1529C8:LeaderElection959] INFO  impl.RaftServerImpl (RaftServerImpl.java:setRole(174)) - 99aa1396-69c4-4985-9b2a-20430cc4a0a7@group-45151E1529C8: changes role from CANDIDATE to LEADER at term 1 for changeToLeader
2019-09-26 19:35:59,614 [99aa1396-69c4-4985-9b2a-20430cc4a0a7@group-45151E1529C8:LeaderElection959] INFO  impl.RaftServerImpl (ServerState.java:setLeader(253)) - 99aa1396-69c4-4985-9b2a-20430cc4a0a7@group-45151E1529C8: change Leader from null to 99aa1396-69c4-4985-9b2a-20430cc4a0a7 at term 1 for becomeLeader, leader elected after 5195ms
2019-09-26 19:35:59,614 [99aa1396-69c4-4985-9b2a-20430cc4a0a7@group-45151E1529C8:LeaderElection959] INFO  server.RaftServerConfigKeys (ConfUtils.java:logGet(43)) - raft.server.staging.catchup.gap = 1000 (default)
2019-09-26 19:35:59,614 [99aa1396-69c4-4985-9b2a-20430cc4a0a7@group-45151E1529C8:LeaderElection959] INFO  server.RaftServerConfigKeys (ConfUtils.java:logGet(43)) - raft.server.rpc.sleep.time = 25ms (default)
2019-09-26 19:35:59,614 [99aa1396-69c4-4985-9b2a-20430cc4a0a7@group-45151E1529C8:LeaderElection959] INFO  server.RaftServerConfigKeys (ConfUtils.java:logGet(43)) - raft.server.write.element-limit = 4096 (default)
2019-09-26 19:35:59,614 [99aa1396-69c4-4985-9b2a-20430cc4a0a7@group-45151E1529C8:LeaderElection959] INFO  server.RaftServerConfigKeys (ConfUtils.java:logGet(43)) - raft.server.watch.timeout = 10s (default)
2019-09-26 19:35:59,614 [99aa1396-69c4-4985-9b2a-20430cc4a0a7@group-45151E1529C8:LeaderElection959] INFO  server.RaftServerConfigKeys (ConfUtils.java:logGet(43)) - raft.server.watch.timeout.denomination = 1s (default)
2019-09-26 19:35:59,614 [99aa1396-69c4-4985-9b2a-20430cc4a0a7@group-45151E1529C8:LeaderElection959] INFO  server.RaftServerConfigKeys (ConfUtils.java:logGet(43)) - raft.server.watch.element-limit = 65536 (default)
2019-09-26 19:35:59,615 [99aa1396-69c4-4985-9b2a-20430cc4a0a7@group-45151E1529C8:LeaderElection959] INFO  impl.RoleInfo (RoleInfo.java:updateAndGet(143)) - 99aa1396-69c4-4985-9b2a-20430cc4a0a7: start LeaderState
2019-09-26 19:35:59,615 [99aa1396-69c4-4985-9b2a-20430cc4a0a7@group-45151E1529C8:LeaderElection959] INFO  segmented.SegmentedRaftLogWorker (SegmentedRaftLogWorker.java:startLogSegment(380)) - 99aa1396-69c4-4985-9b2a-20430cc4a0a7@group-45151E1529C8-SegmentedRaftLogWorker: Starting segment from index:0
2019-09-26 19:35:59,616 [99aa1396-69c4-4985-9b2a-20430cc4a0a7@group-45151E1529C8:LeaderElection959] INFO  impl.RaftServerImpl (ServerState.java:setRaftConf(354)) - 99aa1396-69c4-4985-9b2a-20430cc4a0a7@group-45151E1529C8: set configuration 0: [99aa1396-69c4-4985-9b2a-20430cc4a0a7:192.168.151.99:40213], old=null at 0
2019-09-26 19:36:00,242 [Thread-6676] INFO  impl.FollowerState (FollowerState.java:run(106)) - 27cb48db-4b88-4c0c-b213-19f9b2fffaff:group-A2AAB7CD5BAC changes to CANDIDATE, lastRpcTime:5042, electionTimeout:5021ms
2019-09-26 19:36:00,242 [Thread-6676] INFO  impl.RoleInfo (RoleInfo.java:shutdownFollowerState(121)) - 27cb48db-4b88-4c0c-b213-19f9b2fffaff: shutdown FollowerState
2019-09-26 19:36:00,242 [Thread-6676] INFO  impl.RaftServerImpl (RaftServerImpl.java:setRole(174)) - 27cb48db-4b88-4c0c-b213-19f9b2fffaff@group-A2AAB7CD5BAC: changes role from  FOLLOWER to CANDIDATE at term 0 for changeToCandidate
2019-09-26 19:36:00,243 [Thread-6676] INFO  impl.RoleInfo (RoleInfo.java:updateAndGet(143)) - 27cb48db-4b88-4c0c-b213-19f9b2fffaff: start LeaderElection
2019-09-26 19:36:00,258 [27cb48db-4b88-4c0c-b213-19f9b2fffaff@group-A2AAB7CD5BAC:LeaderElection961] INFO  impl.LeaderElection (LeaderElection.java:askForVotes(182)) - 27cb48db-4b88-4c0c-b213-19f9b2fffaff@group-A2AAB7CD5BAC:LeaderElection961: begin an election at term 1 for -1: [27cb48db-4b88-4c0c-b213-19f9b2fffaff:192.168.151.99:37457], old=null
2019-09-26 19:36:00,258 [27cb48db-4b88-4c0c-b213-19f9b2fffaff@group-A2AAB7CD5BAC:LeaderElection961] INFO  impl.RoleInfo (RoleInfo.java:shutdownLeaderElection(134)) - 27cb48db-4b88-4c0c-b213-19f9b2fffaff: shutdown LeaderElection
2019-09-26 19:36:00,258 [27cb48db-4b88-4c0c-b213-19f9b2fffaff@group-A2AAB7CD5BAC:LeaderElection961] INFO  impl.RaftServerImpl (RaftServerImpl.java:setRole(174)) - 27cb48db-4b88-4c0c-b213-19f9b2fffaff@group-A2AAB7CD5BAC: changes role from CANDIDATE to LEADER at term 1 for changeToLeader
2019-09-26 19:36:00,258 [27cb48db-4b88-4c0c-b213-19f9b2fffaff@group-A2AAB7CD5BAC:LeaderElection961] INFO  impl.RaftServerImpl (ServerState.java:setLeader(253)) - 27cb48db-4b88-4c0c-b213-19f9b2fffaff@group-A2AAB7CD5BAC: change Leader from null to 27cb48db-4b88-4c0c-b213-19f9b2fffaff at term 1 for becomeLeader, leader elected after 5064ms
2019-09-26 19:36:00,258 [27cb48db-4b88-4c0c-b213-19f9b2fffaff@group-A2AAB7CD5BAC:LeaderElection961] INFO  server.RaftServerConfigKeys (ConfUtils.java:logGet(43)) - raft.server.staging.catchup.gap = 1000 (default)
2019-09-26 19:36:00,259 [27cb48db-4b88-4c0c-b213-19f9b2fffaff@group-A2AAB7CD5BAC:LeaderElection961] INFO  server.RaftServerConfigKeys (ConfUtils.java:logGet(43)) - raft.server.rpc.sleep.time = 25ms (default)
2019-09-26 19:36:00,259 [27cb48db-4b88-4c0c-b213-19f9b2fffaff@group-A2AAB7CD5BAC:LeaderElection961] INFO  server.RaftServerConfigKeys (ConfUtils.java:logGet(43)) - raft.server.write.element-limit = 4096 (default)
2019-09-26 19:36:00,259 [27cb48db-4b88-4c0c-b213-19f9b2fffaff@group-A2AAB7CD5BAC:LeaderElection961] INFO  server.RaftServerConfigKeys (ConfUtils.java:logGet(43)) - raft.server.watch.timeout = 10s (default)
2019-09-26 19:36:00,259 [27cb48db-4b88-4c0c-b213-19f9b2fffaff@group-A2AAB7CD5BAC:LeaderElection961] INFO  server.RaftServerConfigKeys (ConfUtils.java:logGet(43)) - raft.server.watch.timeout.denomination = 1s (default)
2019-09-26 19:36:00,259 [27cb48db-4b88-4c0c-b213-19f9b2fffaff@group-A2AAB7CD5BAC:LeaderElection961] INFO  server.RaftServerConfigKeys (ConfUtils.java:logGet(43)) - raft.server.watch.element-limit = 65536 (default)
2019-09-26 19:36:00,260 [27cb48db-4b88-4c0c-b213-19f9b2fffaff@group-A2AAB7CD5BAC:LeaderElection961] INFO  impl.RoleInfo (RoleInfo.java:updateAndGet(143)) - 27cb48db-4b88-4c0c-b213-19f9b2fffaff: start LeaderState
2019-09-26 19:36:00,260 [27cb48db-4b88-4c0c-b213-19f9b2fffaff@group-A2AAB7CD5BAC:LeaderElection961] INFO  segmented.SegmentedRaftLogWorker (SegmentedRaftLogWorker.java:startLogSegment(380)) - 27cb48db-4b88-4c0c-b213-19f9b2fffaff@group-A2AAB7CD5BAC-SegmentedRaftLogWorker: Starting segment from index:0
2019-09-26 19:36:00,261 [27cb48db-4b88-4c0c-b213-19f9b2fffaff@group-A2AAB7CD5BAC:LeaderElection961] INFO  impl.RaftServerImpl (ServerState.java:setRaftConf(354)) - 27cb48db-4b88-4c0c-b213-19f9b2fffaff@group-A2AAB7CD5BAC: set configuration 0: [27cb48db-4b88-4c0c-b213-19f9b2fffaff:192.168.151.99:37457], old=null at 0
2019-09-26 19:36:00,784 [Thread-6688] WARN  util.JavaUtils (JavaUtils.java:sleep(250)) - Unexpected long sleep: sleep(5047ms) actually took 5455ms which is over the threshold 300ms
2019-09-26 19:36:00,784 [Thread-6682] WARN  util.JavaUtils (JavaUtils.java:sleep(250)) - Unexpected long sleep: sleep(5118ms) actually took 5513ms which is over the threshold 300ms
2019-09-26 19:36:00,784 [Thread-6685] WARN  util.JavaUtils (JavaUtils.java:sleep(250)) - Unexpected long sleep: sleep(5087ms) actually took 5479ms which is over the threshold 300ms
2019-09-26 19:36:00,784 [Thread-6697] WARN  util.JavaUtils (JavaUtils.java:sleep(250)) - Unexpected long sleep: sleep(5040ms) actually took 5413ms which is over the threshold 300ms
2019-09-26 19:36:00,784 [Thread-6691] WARN  util.JavaUtils (JavaUtils.java:sleep(250)) - Unexpected long sleep: sleep(5073ms) actually took 5441ms which is over the threshold 300ms
2019-09-26 19:36:00,784 [Thread-6679] WARN  util.JavaUtils (JavaUtils.java:sleep(250)) - Unexpected long sleep: sleep(5184ms) actually took 5547ms which is over the threshold 300ms
2019-09-26 19:36:00,783 [Thread-6694] WARN  util.JavaUtils (JavaUtils.java:sleep(250)) - Unexpected long sleep: sleep(5107ms) actually took 5426ms which is over the threshold 300ms
2019-09-26 19:36:00,777 [Thread-6709] INFO  impl.FollowerState (FollowerState.java:run(106)) - 99aa1396-69c4-4985-9b2a-20430cc4a0a7:group-B36985718576 changes to CANDIDATE, lastRpcTime:5251, electionTimeout:5019ms
2019-09-26 19:36:00,775 [Thread-6700] INFO  impl.FollowerState (FollowerState.java:run(106)) - 728ea44c-f097-440a-a87e-c27a68d48f14:group-1ED449F189BF changes to CANDIDATE, lastRpcTime:5351, electionTimeout:5151ms
2019-09-26 19:36:00,774 [Thread-6706] INFO  impl.FollowerState (FollowerState.java:run(106)) - 27cb48db-4b88-4c0c-b213-19f9b2fffaff:group-DC07AB1829D3 changes to CANDIDATE, lastRpcTime:5282, electionTimeout:5099ms
2019-09-26 19:36:00,771 [Thread-6703] INFO  impl.FollowerState (FollowerState.java:run(106)) - 99aa1396-69c4-4985-9b2a-20430cc4a0a7:group-0F0EA66DDF60 changes to CANDIDATE, lastRpcTime:5311, electionTimeout:5162ms
2019-09-26 19:36:00,771 [Thread-6712] INFO  impl.FollowerState (FollowerState.java:run(106)) - 728ea44c-f097-440a-a87e-c27a68d48f14:group-11D4F4DFACD7 changes to CANDIDATE, lastRpcTime:5210, electionTimeout:5065ms
2019-09-26 19:36:00,771 [728ea44c-f097-440a-a87e-c27a68d48f14@group-569657D0E72C:LeaderElection960] INFO  impl.LeaderElection (LeaderElection.java:askForVotes(182)) - 728ea44c-f097-440a-a87e-c27a68d48f14@group-569657D0E72C:LeaderElection960: begin an election at term 1 for -1: [728ea44c-f097-440a-a87e-c27a68d48f14:192.168.151.99:38783], old=null
2019-09-26 19:36:00,771 [pool-261-thread-1] INFO  storage.RaftStorage (RaftStorage.java:format(72)) - Storage directory /workdir/hadoop-ozone/integration-test/target/test-dir/MiniOzoneClusterImpl-2f79a7d3-d7ae-4963-8370-12bb1e2132d7/datanode-0/data/ratis/66166e17-dff2-435c-ac1d-09d99e8196d1 has been successfully formatted.
2019-09-26 19:36:00,771 [org.apache.hadoop.util.JvmPauseMonitor$Monitor@344de4c6] INFO  util.JvmPauseMonitor (JvmPauseMonitor.java:run(205)) - Detected pause in JVM or host machine (eg GC): pause of approximately 1151ms
GC pool 'PS MarkSweep' had collection(s): count=2 time=997ms
GC pool 'PS Scavenge' had collection(s): count=2 time=79ms
2019-09-26 19:36:00,786 [pool-261-thread-1] INFO  ratis.ContainerStateMachine (ContainerStateMachine.java:loadSnapshot(230)) - group-09D99E8196D1: The snapshot info is null. Setting the last applied indexto:(t:0, i:~)
2019-09-26 19:36:00,771 [org.apache.hadoop.util.JvmPauseMonitor$Monitor@3cf51fab] INFO  util.JvmPauseMonitor (JvmPauseMonitor.java:run(205)) - Detected pause in JVM or host machine (eg GC): pause of approximately 1151ms
GC pool 'PS MarkSweep' had collection(s): count=2 time=997ms
GC pool 'PS Scavenge' had collection(s): count=2 time=79ms
2019-09-26 19:36:00,770 [org.apache.hadoop.util.JvmPauseMonitor$Monitor@5b7530d3] INFO  util.JvmPauseMonitor (JvmPauseMonitor.java:run(205)) - Detected pause in JVM or host machine (eg GC): pause of approximately 1141ms
GC pool 'PS MarkSweep' had collection(s): count=2 time=997ms
GC pool 'PS Scavenge' had collection(s): count=2 time=79ms
2019-09-26 19:36:00,770 [Thread-6636] WARN  util.JavaUtils (JavaUtils.java:sleep(250)) - Unexpected long sleep: sleep(5138ms) actually took 6277ms which is over the threshold 300ms
2019-09-26 19:36:00,767 [Thread-6640] WARN  util.JavaUtils (JavaUtils.java:sleep(250)) - Unexpected long sleep: sleep(5135ms) actually took 6239ms which is over the threshold 300ms
2019-09-26 19:36:00,767 [Thread-6643] WARN  util.JavaUtils (JavaUtils.java:sleep(250)) - Unexpected long sleep: sleep(5099ms) actually took 6200ms which is over the threshold 300ms
2019-09-26 19:36:00,764 [Thread-6649] WARN  util.JavaUtils (JavaUtils.java:sleep(250)) - Unexpected long sleep: sleep(5096ms) actually took 6145ms which is over the threshold 300ms
2019-09-26 19:36:00,760 [Thread-6652] WARN  util.JavaUtils (JavaUtils.java:sleep(250)) - Unexpected long sleep: sleep(5103ms) actually took 6112ms which is over the threshold 300ms
2019-09-26 19:36:00,757 [Thread-6715] INFO  impl.FollowerState (FollowerState.java:run(106)) - 27cb48db-4b88-4c0c-b213-19f9b2fffaff:group-4716D0EACE8F changes to CANDIDATE, lastRpcTime:5164, electionTimeout:5164ms
2019-09-26 19:36:00,753 [Thread-6655] WARN  util.JavaUtils (JavaUtils.java:sleep(250)) - Unexpected long sleep: sleep(5148ms) actually took 6068ms which is over the threshold 300ms
2019-09-26 19:36:00,752 [Thread-6658] WARN  util.JavaUtils (JavaUtils.java:sleep(250)) - Unexpected long sleep: sleep(5127ms) actually took 6029ms which is over the threshold 300ms
2019-09-26 19:36:00,751 [Thread-6664] WARN  util.JavaUtils (JavaUtils.java:sleep(250)) - Unexpected long sleep: sleep(5060ms) actually took 5953ms which is over the threshold 300ms
2019-09-26 19:36:00,748 [Thread-6724] INFO  impl.FollowerState (FollowerState.java:run(106)) - 27cb48db-4b88-4c0c-b213-19f9b2fffaff:group-2F3E80AC4EAF changes to CANDIDATE, lastRpcTime:5114, electionTimeout:5114ms
2019-09-26 19:36:00,747 [Thread-6673] WARN  util.JavaUtils (JavaUtils.java:sleep(250)) - Unexpected long sleep: sleep(5003ms) actually took 5861ms which is over the threshold 300ms
2019-09-26 19:36:00,746 [Thread-6667] WARN  util.JavaUtils (JavaUtils.java:sleep(250)) - Unexpected long sleep: sleep(5074ms) actually took 5921ms which is over the threshold 300ms
2019-09-26 19:36:00,746 [Thread-6670] WARN  util.JavaUtils (JavaUtils.java:sleep(250)) - Unexpected long sleep: sleep(5058ms) actually took 5904ms which is over the threshold 300ms
2019-09-26 19:36:00,743 [Thread-6661] WARN  util.JavaUtils (JavaUtils.java:sleep(250)) - Unexpected long sleep: sleep(5164ms) actually took 5983ms which is over the threshold 300ms
2019-09-26 19:36:00,788 [Thread-6724] INFO  impl.RoleInfo (RoleInfo.java:shutdownFollowerState(121)) - 27cb48db-4b88-4c0c-b213-19f9b2fffaff: shutdown FollowerState
2019-09-26 19:36:00,787 [Thread-6715] INFO  impl.RoleInfo (RoleInfo.java:shutdownFollowerState(121)) - 27cb48db-4b88-4c0c-b213-19f9b2fffaff: shutdown FollowerState
2019-09-26 19:36:00,787 [Thread-6718] INFO  impl.FollowerState (FollowerState.java:run(106)) - 27cb48db-4b88-4c0c-b213-19f9b2fffaff:group-B8BD7675E4F6 changes to CANDIDATE, lastRpcTime:5181, electionTimeout:5181ms
2019-09-26 19:36:00,788 [Thread-6718] INFO  impl.RoleInfo (RoleInfo.java:shutdownFollowerState(121)) - 27cb48db-4b88-4c0c-b213-19f9b2fffaff: shutdown FollowerState
2019-09-26 19:36:00,786 [pool-261-thread-1] INFO  server.RaftServerConfigKeys (ConfUtils.java:logGet(43)) - raft.server.notification.no-leader.timeout = 120s (custom)
2019-09-26 19:36:00,786 [728ea44c-f097-440a-a87e-c27a68d48f14@group-569657D0E72C:LeaderElection960] INFO  impl.RoleInfo (RoleInfo.java:shutdownLeaderElection(134)) - 728ea44c-f097-440a-a87e-c27a68d48f14: shutdown LeaderElection
2019-09-26 19:36:00,786 [Thread-6712] INFO  impl.RoleInfo (RoleInfo.java:shutdownFollowerState(121)) - 728ea44c-f097-440a-a87e-c27a68d48f14: shutdown FollowerState
2019-09-26 19:36:00,789 [Thread-6712] INFO  impl.RaftServerImpl (RaftServerImpl.java:setRole(174)) - 728ea44c-f097-440a-a87e-c27a68d48f14@group-11D4F4DFACD7: changes role from  FOLLOWER to CANDIDATE at term 0 for changeToCandidate
2019-09-26 19:36:00,786 [Thread-6703] INFO  impl.RoleInfo (RoleInfo.java:shutdownFollowerState(121)) - 99aa1396-69c4-4985-9b2a-20430cc4a0a7: shutdown FollowerState
2019-09-26 19:36:00,786 [Thread-6706] INFO  impl.RoleInfo (RoleInfo.java:shutdownFollowerState(121)) - 27cb48db-4b88-4c0c-b213-19f9b2fffaff: shutdown FollowerState
2019-09-26 19:36:00,786 [Thread-6700] INFO  impl.RoleInfo (RoleInfo.java:shutdownFollowerState(121)) - 728ea44c-f097-440a-a87e-c27a68d48f14: shutdown FollowerState
2019-09-26 19:36:00,785 [Thread-6709] INFO  impl.RoleInfo (RoleInfo.java:shutdownFollowerState(121)) - 99aa1396-69c4-4985-9b2a-20430cc4a0a7: shutdown FollowerState
2019-09-26 19:36:00,789 [Thread-6700] INFO  impl.RaftServerImpl (RaftServerImpl.java:setRole(174)) - 728ea44c-f097-440a-a87e-c27a68d48f14@group-1ED449F189BF: changes role from  FOLLOWER to CANDIDATE at term 0 for changeToCandidate
2019-09-26 19:36:00,789 [Thread-6706] INFO  impl.RaftServerImpl (RaftServerImpl.java:setRole(174)) - 27cb48db-4b88-4c0c-b213-19f9b2fffaff@group-DC07AB1829D3: changes role from  FOLLOWER to CANDIDATE at term 0 for changeToCandidate
2019-09-26 19:36:00,789 [Thread-6703] INFO  impl.RaftServerImpl (RaftServerImpl.java:setRole(174)) - 99aa1396-69c4-4985-9b2a-20430cc4a0a7@group-0F0EA66DDF60: changes role from  FOLLOWER to CANDIDATE at term 0 for changeToCandidate
2019-09-26 19:36:00,789 [Thread-6712] INFO  impl.RoleInfo (RoleInfo.java:updateAndGet(143)) - 728ea44c-f097-440a-a87e-c27a68d48f14: start LeaderElection
2019-09-26 19:36:00,789 [728ea44c-f097-440a-a87e-c27a68d48f14@group-569657D0E72C:LeaderElection960] INFO  impl.RaftServerImpl (RaftServerImpl.java:setRole(174)) - 728ea44c-f097-440a-a87e-c27a68d48f14@group-569657D0E72C: changes role from CANDIDATE to LEADER at term 1 for changeToLeader
2019-09-26 19:36:00,790 [728ea44c-f097-440a-a87e-c27a68d48f14@group-569657D0E72C:LeaderElection960] INFO  impl.RaftServerImpl (ServerState.java:setLeader(253)) - 728ea44c-f097-440a-a87e-c27a68d48f14@group-569657D0E72C: change Leader from null to 728ea44c-f097-440a-a87e-c27a68d48f14 at term 1 for becomeLeader, leader elected after 6208ms
2019-09-26 19:36:00,789 [pool-261-thread-1] INFO  server.RaftServerConfigKeys (ConfUtils.java:logGet(43)) - raft.server.log.use.memory = false (default)
2019-09-26 19:36:00,788 [Thread-6718] INFO  impl.RaftServerImpl (RaftServerImpl.java:setRole(174)) - 27cb48db-4b88-4c0c-b213-19f9b2fffaff@group-B8BD7675E4F6: changes role from  FOLLOWER to CANDIDATE at term 0 for changeToCandidate
2019-09-26 19:36:00,788 [Thread-6715] INFO  impl.RaftServerImpl (RaftServerImpl.java:setRole(174)) - 27cb48db-4b88-4c0c-b213-19f9b2fffaff@group-4716D0EACE8F: changes role from  FOLLOWER to CANDIDATE at term 0 for changeToCandidate
2019-09-26 19:36:00,788 [Thread-6724] INFO  impl.RaftServerImpl (RaftServerImpl.java:setRole(174)) - 27cb48db-4b88-4c0c-b213-19f9b2fffaff@group-2F3E80AC4EAF: changes role from  FOLLOWER to CANDIDATE at term 0 for changeToCandidate
2019-09-26 19:36:00,790 [Thread-6715] INFO  impl.RoleInfo (RoleInfo.java:updateAndGet(143)) - 27cb48db-4b88-4c0c-b213-19f9b2fffaff: start LeaderElection
2019-09-26 19:36:00,790 [Thread-6718] INFO  impl.RoleInfo (RoleInfo.java:updateAndGet(143)) - 27cb48db-4b88-4c0c-b213-19f9b2fffaff: start LeaderElection
2019-09-26 19:36:00,790 [pool-261-thread-1] INFO  server.RaftServerConfigKeys (ConfUtils.java:logGet(43)) - raft.server.log.purge.gap = 1000000 (custom)
2019-09-26 19:36:00,790 [728ea44c-f097-440a-a87e-c27a68d48f14@group-569657D0E72C:LeaderElection960] INFO  server.RaftServerConfigKeys (ConfUtils.java:logGet(43)) - raft.server.staging.catchup.gap = 1000 (default)
2019-09-26 19:36:00,790 [Thread-6703] INFO  impl.RoleInfo (RoleInfo.java:updateAndGet(143)) - 99aa1396-69c4-4985-9b2a-20430cc4a0a7: start LeaderElection
2019-09-26 19:36:00,789 [Thread-6706] INFO  impl.RoleInfo (RoleInfo.java:updateAndGet(143)) - 27cb48db-4b88-4c0c-b213-19f9b2fffaff: start LeaderElection
2019-09-26 19:36:00,789 [Thread-6700] INFO  impl.RoleInfo (RoleInfo.java:updateAndGet(143)) - 728ea44c-f097-440a-a87e-c27a68d48f14: start LeaderElection
2019-09-26 19:36:00,789 [Thread-6709] INFO  impl.RaftServerImpl (RaftServerImpl.java:setRole(174)) - 99aa1396-69c4-4985-9b2a-20430cc4a0a7@group-B36985718576: changes role from  FOLLOWER to CANDIDATE at term 0 for changeToCandidate
2019-09-26 19:36:00,791 [728ea44c-f097-440a-a87e-c27a68d48f14@group-569657D0E72C:LeaderElection960] INFO  server.RaftServerConfigKeys (ConfUtils.java:logGet(43)) - raft.server.rpc.sleep.time = 25ms (default)
2019-09-26 19:36:00,791 [pool-261-thread-1] INFO  server.RaftServerConfigKeys (ConfUtils.java:logGet(43)) - raft.server.log.appender.buffer.byte-limit = 33554432 (custom)
2019-09-26 19:36:00,790 [Thread-6724] INFO  impl.RoleInfo (RoleInfo.java:updateAndGet(143)) - 27cb48db-4b88-4c0c-b213-19f9b2fffaff: start LeaderElection
2019-09-26 19:36:00,791 [pool-261-thread-1] INFO  server.RaftServerConfigKeys (ConfUtils.java:logGet(43)) - raft.server.log.segment.size.max = 1048576 (custom)
2019-09-26 19:36:00,791 [728ea44c-f097-440a-a87e-c27a68d48f14@group-569657D0E72C:LeaderElection960] INFO  server.RaftServerConfigKeys (ConfUtils.java:logGet(43)) - raft.server.write.element-limit = 4096 (default)
2019-09-26 19:36:00,791 [Thread-6709] INFO  impl.RoleInfo (RoleInfo.java:updateAndGet(143)) - 99aa1396-69c4-4985-9b2a-20430cc4a0a7: start LeaderElection
2019-09-26 19:36:00,792 [728ea44c-f097-440a-a87e-c27a68d48f14@group-569657D0E72C:LeaderElection960] INFO  server.RaftServerConfigKeys (ConfUtils.java:logGet(43)) - raft.server.watch.timeout = 10s (default)
2019-09-26 19:36:00,792 [pool-261-thread-1] INFO  server.RaftServerConfigKeys (ConfUtils.java:logGet(43)) - raft.server.log.segment.cache.num.max = 2 (custom)
2019-09-26 19:36:00,792 [728ea44c-f097-440a-a87e-c27a68d48f14@group-569657D0E72C:LeaderElection960] INFO  server.RaftServerConfigKeys (ConfUtils.java:logGet(43)) - raft.server.watch.timeout.denomination = 1s (default)
2019-09-26 19:36:00,792 [pool-261-thread-1] INFO  segmented.SegmentedRaftLogWorker (SegmentedRaftLogWorker.java:<init>(172)) - new 27cb48db-4b88-4c0c-b213-19f9b2fffaff@group-09D99E8196D1-SegmentedRaftLogWorker for RaftStorage:Storage Directory /workdir/hadoop-ozone/integration-test/target/test-dir/MiniOzoneClusterImpl-2f79a7d3-d7ae-4963-8370-12bb1e2132d7/datanode-0/data/ratis/66166e17-dff2-435c-ac1d-09d99e8196d1
2019-09-26 19:36:00,792 [728ea44c-f097-440a-a87e-c27a68d48f14@group-569657D0E72C:LeaderElection960] INFO  server.RaftServerConfigKeys (ConfUtils.java:logGet(43)) - raft.server.watch.element-limit = 65536 (default)
2019-09-26 19:36:00,792 [pool-261-thread-1] INFO  server.RaftServerConfigKeys (ConfUtils.java:logGet(43)) - raft.server.log.queue.byte-limit = 2147483647 (custom)
2019-09-26 19:36:00,793 [pool-261-thread-1] INFO  server.RaftServerConfigKeys (ConfUtils.java:logGet(43)) - raft.server.log.queue.element-limit = 1024 (custom)
2019-09-26 19:36:00,793 [pool-261-thread-1] INFO  server.RaftServerConfigKeys (ConfUtils.java:logGet(43)) - raft.server.log.segment.size.max = 1048576 (custom)
2019-09-26 19:36:00,793 [pool-261-thread-1] INFO  server.RaftServerConfigKeys (ConfUtils.java:logGet(43)) - raft.server.log.preallocated.size = 16384 (custom)
2019-09-26 19:36:00,793 [pool-261-thread-1] INFO  server.RaftServerConfigKeys (ConfUtils.java:logGet(43)) - raft.server.log.write.buffer.size = 33554432 (custom)
2019-09-26 19:36:00,793 [pool-261-thread-1] INFO  server.RaftServerConfigKeys (ConfUtils.java:logGet(43)) - raft.server.log.force.sync.num = 128 (default)
2019-09-26 19:36:00,793 [pool-261-thread-1] INFO  server.RaftServerConfigKeys (ConfUtils.java:logGet(43)) - raft.server.log.statemachine.data.sync = true (default)
2019-09-26 19:36:00,793 [pool-261-thread-1] INFO  server.RaftServerConfigKeys (ConfUtils.java:logGet(43)) - raft.server.log.statemachine.data.sync.timeout = 10s (default)
2019-09-26 19:36:00,793 [pool-261-thread-1] INFO  server.RaftServerConfigKeys (ConfUtils.java:logGet(43)) - raft.server.log.statemachine.data.sync.timeout.retry = -1 (default)
2019-09-26 19:36:00,794 [pool-261-thread-1] INFO  server.RaftServerConfigKeys (ConfUtils.java:logGet(43)) - raft.server.log.statemachine.data.caching.enabled = true (custom)
2019-09-26 19:36:00,794 [pool-261-thread-1] INFO  segmented.SegmentedRaftLogWorker (SegmentedRaftLogWorker.java:lambda$new$0(132)) - 27cb48db-4b88-4c0c-b213-19f9b2fffaff@group-09D99E8196D1-SegmentedRaftLogWorker: flushIndex: setUnconditionally 0 -> -1
2019-09-26 19:36:00,794 [pool-261-thread-1] INFO  server.RaftServerConfigKeys (ConfUtils.java:logGet(43)) - raft.server.snapshot.auto.trigger.enabled = true (custom)
2019-09-26 19:36:00,794 [728ea44c-f097-440a-a87e-c27a68d48f14@group-569657D0E72C:LeaderElection960] INFO  impl.RoleInfo (RoleInfo.java:updateAndGet(143)) - 728ea44c-f097-440a-a87e-c27a68d48f14: start LeaderState
2019-09-26 19:36:00,794 [pool-261-thread-1] INFO  server.RaftServerConfigKeys (ConfUtils.java:logGet(43)) - raft.server.snapshot.auto.trigger.threshold = 10000 (custom)
2019-09-26 19:36:00,794 [728ea44c-f097-440a-a87e-c27a68d48f14@group-569657D0E72C:LeaderElection960] INFO  segmented.SegmentedRaftLogWorker (SegmentedRaftLogWorker.java:startLogSegment(380)) - 728ea44c-f097-440a-a87e-c27a68d48f14@group-569657D0E72C-SegmentedRaftLogWorker: Starting segment from index:0
2019-09-26 19:36:00,794 [pool-261-thread-1] INFO  server.RaftServerConfigKeys (ConfUtils.java:logGet(43)) - raft.server.snapshot.retention.num.files = 5 (custom)
2019-09-26 19:36:00,795 [pool-261-thread-1] INFO  server.RaftServerConfigKeys (ConfUtils.java:logGet(43)) - raft.server.retrycache.expirytime = 600000ms (custom)
2019-09-26 19:36:01,277 [Thread-6727] WARN  util.JavaUtils (JavaUtils.java:sleep(250)) - Unexpected long sleep: sleep(5110ms) actually took 5585ms which is over the threshold 300ms
2019-09-26 19:36:01,277 [27cb48db-4b88-4c0c-b213-19f9b2fffaff@group-4716D0EACE8F:LeaderElection967] INFO  impl.LeaderElection (LeaderElection.java:askForVotes(182)) - 27cb48db-4b88-4c0c-b213-19f9b2fffaff@group-4716D0EACE8F:LeaderElection967: begin an election at term 1 for -1: [27cb48db-4b88-4c0c-b213-19f9b2fffaff:192.168.151.99:37457], old=null
2019-09-26 19:36:01,277 [99aa1396-69c4-4985-9b2a-20430cc4a0a7@group-B36985718576:LeaderElection969] INFO  impl.LeaderElection (LeaderElection.java:askForVotes(182)) - 99aa1396-69c4-4985-9b2a-20430cc4a0a7@group-B36985718576:LeaderElection969: begin an election at term 1 for -1: [99aa1396-69c4-4985-9b2a-20430cc4a0a7:192.168.151.99:40213], old=null
2019-09-26 19:36:01,277 [27cb48db-4b88-4c0c-b213-19f9b2fffaff@group-B8BD7675E4F6:LeaderElection966] INFO  impl.LeaderElection (LeaderElection.java:askForVotes(182)) - 27cb48db-4b88-4c0c-b213-19f9b2fffaff@group-B8BD7675E4F6:LeaderElection966: begin an election at term 1 for -1: [27cb48db-4b88-4c0c-b213-19f9b2fffaff:192.168.151.99:37457], old=null
2019-09-26 19:36:01,277 [27cb48db-4b88-4c0c-b213-19f9b2fffaff@group-2F3E80AC4EAF:LeaderElection968] INFO  impl.LeaderElection (LeaderElection.java:askForVotes(182)) - 27cb48db-4b88-4c0c-b213-19f9b2fffaff@group-2F3E80AC4EAF:LeaderElection968: begin an election at term 1 for -1: [27cb48db-4b88-4c0c-b213-19f9b2fffaff:192.168.151.99:37457], old=null
2019-09-26 19:36:01,277 [27cb48db-4b88-4c0c-b213-19f9b2fffaff@group-DC07AB1829D3:LeaderElection964] INFO  impl.LeaderElection (LeaderElection.java:askForVotes(182)) - 27cb48db-4b88-4c0c-b213-19f9b2fffaff@group-DC07AB1829D3:LeaderElection964: begin an election at term 1 for -1: [27cb48db-4b88-4c0c-b213-19f9b2fffaff:192.168.151.99:37457], old=null
2019-09-26 19:36:01,277 [728ea44c-f097-440a-a87e-c27a68d48f14@group-1ED449F189BF:LeaderElection963] INFO  impl.LeaderElection (LeaderElection.java:askForVotes(182)) - 728ea44c-f097-440a-a87e-c27a68d48f14@group-1ED449F189BF:LeaderElection963: begin an election at term 1 for -1: [728ea44c-f097-440a-a87e-c27a68d48f14:192.168.151.99:38783], old=null
2019-09-26 19:36:01,278 [728ea44c-f097-440a-a87e-c27a68d48f14@group-1ED449F189BF:LeaderElection963] INFO  impl.RoleInfo (RoleInfo.java:shutdownLeaderElection(134)) - 728ea44c-f097-440a-a87e-c27a68d48f14: shutdown LeaderElection
2019-09-26 19:36:01,277 [99aa1396-69c4-4985-9b2a-20430cc4a0a7@group-0F0EA66DDF60:LeaderElection965] INFO  impl.LeaderElection (LeaderElection.java:askForVotes(182)) - 99aa1396-69c4-4985-9b2a-20430cc4a0a7@group-0F0EA66DDF60:LeaderElection965: begin an election at term 1 for -1: [99aa1396-69c4-4985-9b2a-20430cc4a0a7:192.168.151.99:40213], old=null
2019-09-26 19:36:01,277 [728ea44c-f097-440a-a87e-c27a68d48f14@group-11D4F4DFACD7:LeaderElection962] INFO  impl.LeaderElection (LeaderElection.java:askForVotes(182)) - 728ea44c-f097-440a-a87e-c27a68d48f14@group-11D4F4DFACD7:LeaderElection962: begin an election at term 1 for -1: [728ea44c-f097-440a-a87e-c27a68d48f14:192.168.151.99:38783], old=null
2019-09-26 19:36:01,279 [728ea44c-f097-440a-a87e-c27a68d48f14@group-11D4F4DFACD7:LeaderElection962] INFO  impl.RoleInfo (RoleInfo.java:shutdownLeaderElection(134)) - 728ea44c-f097-440a-a87e-c27a68d48f14: shutdown LeaderElection
2019-09-26 19:36:01,276 [Thread-6721] WARN  util.JavaUtils (JavaUtils.java:sleep(250)) - Unexpected long sleep: sleep(5184ms) actually took 5655ms which is over the threshold 300ms
2019-09-26 19:36:01,271 [Thread-6739] WARN  util.JavaUtils (JavaUtils.java:sleep(250)) - Unexpected long sleep: sleep(5067ms) actually took 5460ms which is over the threshold 300ms
2019-09-26 19:36:01,270 [Thread-6730] WARN  util.JavaUtils (JavaUtils.java:sleep(250)) - Unexpected long sleep: sleep(5169ms) actually took 5547ms which is over the threshold 300ms
2019-09-26 19:36:01,270 [Thread-6736] WARN  util.JavaUtils (JavaUtils.java:sleep(250)) - Unexpected long sleep: sleep(5122ms) actually took 5492ms which is over the threshold 300ms
2019-09-26 19:36:01,270 [Thread-6733] WARN  util.JavaUtils (JavaUtils.java:sleep(250)) - Unexpected long sleep: sleep(5148ms) actually took 5513ms which is over the threshold 300ms
2019-09-26 19:36:01,269 [Thread-6742] WARN  util.JavaUtils (JavaUtils.java:sleep(250)) - Unexpected long sleep: sleep(5070ms) actually took 5422ms which is over the threshold 300ms
2019-09-26 19:36:01,266 [Thread-6751] WARN  util.JavaUtils (JavaUtils.java:sleep(250)) - Unexpected long sleep: sleep(5000ms) actually took 5309ms which is over the threshold 300ms
2019-09-26 19:36:01,260 [Thread-6748] INFO  impl.FollowerState (FollowerState.java:run(106)) - 728ea44c-f097-440a-a87e-c27a68d48f14:group-CC0AC654280F changes to CANDIDATE, lastRpcTime:5338, electionTimeout:5113ms
2019-09-26 19:36:01,260 [Thread-6745] INFO  impl.FollowerState (FollowerState.java:run(106)) - 728ea44c-f097-440a-a87e-c27a68d48f14:group-BB094026C928 changes to CANDIDATE, lastRpcTime:5376, electionTimeout:5152ms
2019-09-26 19:36:01,279 [Thread-6745] INFO  impl.RoleInfo (RoleInfo.java:shutdownFollowerState(121)) - 728ea44c-f097-440a-a87e-c27a68d48f14: shutdown FollowerState
2019-09-26 19:36:01,258 [Thread-6754] INFO  impl.FollowerState (FollowerState.java:run(106)) - 27cb48db-4b88-4c0c-b213-19f9b2fffaff:group-B1E3039FE9C9 changes to CANDIDATE, lastRpcTime:5265, electionTimeout:5069ms
2019-09-26 19:36:01,253 [Thread-6766] INFO  impl.FollowerState (FollowerState.java:run(106)) - 728ea44c-f097-440a-a87e-c27a68d48f14:group-A3FDED93FB37 changes to CANDIDATE, lastRpcTime:5131, electionTimeout:5015ms
2019-09-26 19:36:01,252 [Thread-6757] INFO  impl.FollowerState (FollowerState.java:run(106)) - 728ea44c-f097-440a-a87e-c27a68d48f14:group-40C621A7E37E changes to CANDIDATE, lastRpcTime:5224, electionTimeout:5122ms
2019-09-26 19:36:01,251 [Thread-6760] INFO  impl.FollowerState (FollowerState.java:run(106)) - 27cb48db-4b88-4c0c-b213-19f9b2fffaff:group-60CEE626D65C changes to CANDIDATE, lastRpcTime:5187, electionTimeout:5103ms
2019-09-26 19:36:01,249 [Thread-6763] INFO  impl.FollowerState (FollowerState.java:run(106)) - 27cb48db-4b88-4c0c-b213-19f9b2fffaff:group-E18203AECDC0 changes to CANDIDATE, lastRpcTime:5151, electionTimeout:5151ms
2019-09-26 19:36:01,249 [Thread-6769] INFO  impl.FollowerState (FollowerState.java:run(106)) - 99aa1396-69c4-4985-9b2a-20430cc4a0a7:group-FB63D571C0D2 changes to CANDIDATE, lastRpcTime:5103, electionTimeout:5043ms
2019-09-26 19:36:01,247 [Thread-6772] INFO  impl.FollowerState (FollowerState.java:run(106)) - 27cb48db-4b88-4c0c-b213-19f9b2fffaff:group-9EE6F63F4F99 changes to CANDIDATE, lastRpcTime:5072, electionTimeout:5044ms
2019-09-26 19:36:01,246 [Thread-6775] INFO  impl.FollowerState (FollowerState.java:run(106)) - 27cb48db-4b88-4c0c-b213-19f9b2fffaff:group-B295C7228A94 changes to CANDIDATE, lastRpcTime:5024, electionTimeout:5004ms
2019-09-26 19:36:00,795 [728ea44c-f097-440a-a87e-c27a68d48f14@group-569657D0E72C:LeaderElection960] INFO  impl.RaftServerImpl (ServerState.java:setRaftConf(354)) - 728ea44c-f097-440a-a87e-c27a68d48f14@group-569657D0E72C: set configuration 0: [728ea44c-f097-440a-a87e-c27a68d48f14:192.168.151.99:38783], old=null at 0
2019-09-26 19:36:01,280 [Thread-6775] INFO  impl.RoleInfo (RoleInfo.java:shutdownFollowerState(121)) - 27cb48db-4b88-4c0c-b213-19f9b2fffaff: shutdown FollowerState
2019-09-26 19:36:01,280 [Thread-6772] INFO  impl.RoleInfo (RoleInfo.java:shutdownFollowerState(121)) - 27cb48db-4b88-4c0c-b213-19f9b2fffaff: shutdown FollowerState
2019-09-26 19:36:01,281 [Thread-6772] INFO  impl.RaftServerImpl (RaftServerImpl.java:setRole(174)) - 27cb48db-4b88-4c0c-b213-19f9b2fffaff@group-9EE6F63F4F99: changes role from  FOLLOWER to CANDIDATE at term 0 for changeToCandidate
2019-09-26 19:36:01,280 [Thread-6769] INFO  impl.RoleInfo (RoleInfo.java:shutdownFollowerState(121)) - 99aa1396-69c4-4985-9b2a-20430cc4a0a7: shutdown FollowerState
2019-09-26 19:36:01,281 [Thread-6769] INFO  impl.RaftServerImpl (RaftServerImpl.java:setRole(174)) - 99aa1396-69c4-4985-9b2a-20430cc4a0a7@group-FB63D571C0D2: changes role from  FOLLOWER to CANDIDATE at term 0 for changeToCandidate
2019-09-26 19:36:01,280 [Thread-6763] INFO  impl.RoleInfo (RoleInfo.java:shutdownFollowerState(121)) - 27cb48db-4b88-4c0c-b213-19f9b2fffaff: shutdown FollowerState
2019-09-26 19:36:01,280 [Thread-6760] INFO  impl.RoleInfo (RoleInfo.java:shutdownFollowerState(121)) - 27cb48db-4b88-4c0c-b213-19f9b2fffaff: shutdown FollowerState
2019-09-26 19:36:01,280 [Thread-6757] INFO  impl.RoleInfo (RoleInfo.java:shutdownFollowerState(121)) - 728ea44c-f097-440a-a87e-c27a68d48f14: shutdown FollowerState
2019-09-26 19:36:01,280 [Thread-6766] INFO  impl.RoleInfo (RoleInfo.java:shutdownFollowerState(121)) - 728ea44c-f097-440a-a87e-c27a68d48f14: shutdown FollowerState
2019-09-26 19:36:01,281 [Thread-6766] INFO  impl.RaftServerImpl (RaftServerImpl.java:setRole(174)) - 728ea44c-f097-440a-a87e-c27a68d48f14@group-A3FDED93FB37: changes role from  FOLLOWER to CANDIDATE at term 0 for changeToCandidate
2019-09-26 19:36:01,280 [Thread-6754] INFO  impl.RoleInfo (RoleInfo.java:shutdownFollowerState(121)) - 27cb48db-4b88-4c0c-b213-19f9b2fffaff: shutdown FollowerState
2019-09-26 19:36:01,280 [Thread-6745] INFO  impl.RaftServerImpl (RaftServerImpl.java:setRole(174)) - 728ea44c-f097-440a-a87e-c27a68d48f14@group-BB094026C928: changes role from  FOLLOWER to CANDIDATE at term 0 for changeToCandidate
2019-09-26 19:36:01,279 [Thread-6748] INFO  impl.RoleInfo (RoleInfo.java:shutdownFollowerState(121)) - 728ea44c-f097-440a-a87e-c27a68d48f14: shutdown FollowerState
2019-09-26 19:36:01,282 [Thread-6748] INFO  impl.RaftServerImpl (RaftServerImpl.java:setRole(174)) - 728ea44c-f097-440a-a87e-c27a68d48f14@group-CC0AC654280F: changes role from  FOLLOWER to CANDIDATE at term 0 for changeToCandidate
2019-09-26 19:36:01,279 [728ea44c-f097-440a-a87e-c27a68d48f14@group-11D4F4DFACD7:LeaderElection962] INFO  impl.RaftServerImpl (RaftServerImpl.java:setRole(174)) - 728ea44c-f097-440a-a87e-c27a68d48f14@group-11D4F4DFACD7: changes role from CANDIDATE to LEADER at term 1 for changeToLeader
2019-09-26 19:36:01,282 [728ea44c-f097-440a-a87e-c27a68d48f14@group-11D4F4DFACD7:LeaderElection962] INFO  impl.RaftServerImpl (ServerState.java:setLeader(253)) - 728ea44c-f097-440a-a87e-c27a68d48f14@group-11D4F4DFACD7: change Leader from null to 728ea44c-f097-440a-a87e-c27a68d48f14 at term 1 for becomeLeader, leader elected after 5725ms
2019-09-26 19:36:01,278 [99aa1396-69c4-4985-9b2a-20430cc4a0a7@group-0F0EA66DDF60:LeaderElection965] INFO  impl.RoleInfo (RoleInfo.java:shutdownLeaderElection(134)) - 99aa1396-69c4-4985-9b2a-20430cc4a0a7: shutdown LeaderElection
2019-09-26 19:36:01,278 [pool-261-thread-1] INFO  impl.RaftServerImpl (RaftServerImpl.java:start(185)) - 27cb48db-4b88-4c0c-b213-19f9b2fffaff@group-09D99E8196D1: start as a follower, conf=-1: [27cb48db-4b88-4c0c-b213-19f9b2fffaff:192.168.151.99:37457], old=null
2019-09-26 19:36:01,282 [pool-261-thread-1] INFO  impl.RaftServerImpl (RaftServerImpl.java:setRole(174)) - 27cb48db-4b88-4c0c-b213-19f9b2fffaff@group-09D99E8196D1: changes role from      null to FOLLOWER at term 0 for startAsFollower
2019-09-26 19:36:01,278 [728ea44c-f097-440a-a87e-c27a68d48f14@group-1ED449F189BF:LeaderElection963] INFO  impl.RaftServerImpl (RaftServerImpl.java:setRole(174)) - 728ea44c-f097-440a-a87e-c27a68d48f14@group-1ED449F189BF: changes role from CANDIDATE to LEADER at term 1 for changeToLeader
2019-09-26 19:36:01,282 [728ea44c-f097-440a-a87e-c27a68d48f14@group-1ED449F189BF:LeaderElection963] INFO  impl.RaftServerImpl (ServerState.java:setLeader(253)) - 728ea44c-f097-440a-a87e-c27a68d48f14@group-1ED449F189BF: change Leader from null to 728ea44c-f097-440a-a87e-c27a68d48f14 at term 1 for becomeLeader, leader elected after 5862ms
2019-09-26 19:36:01,278 [27cb48db-4b88-4c0c-b213-19f9b2fffaff@group-DC07AB1829D3:LeaderElection964] INFO  impl.RoleInfo (RoleInfo.java:shutdownLeaderElection(134)) - 27cb48db-4b88-4c0c-b213-19f9b2fffaff: shutdown LeaderElection
2019-09-26 19:36:01,278 [27cb48db-4b88-4c0c-b213-19f9b2fffaff@group-2F3E80AC4EAF:LeaderElection968] INFO  impl.RoleInfo (RoleInfo.java:shutdownLeaderElection(134)) - 27cb48db-4b88-4c0c-b213-19f9b2fffaff: shutdown LeaderElection
2019-09-26 19:36:01,282 [27cb48db-4b88-4c0c-b213-19f9b2fffaff@group-2F3E80AC4EAF:LeaderElection968] INFO  impl.RaftServerImpl (RaftServerImpl.java:setRole(174)) - 27cb48db-4b88-4c0c-b213-19f9b2fffaff@group-2F3E80AC4EAF: changes role from CANDIDATE to LEADER at term 1 for changeToLeader
2019-09-26 19:36:01,278 [27cb48db-4b88-4c0c-b213-19f9b2fffaff@group-B8BD7675E4F6:LeaderElection966] INFO  impl.RoleInfo (RoleInfo.java:shutdownLeaderElection(134)) - 27cb48db-4b88-4c0c-b213-19f9b2fffaff: shutdown LeaderElection
2019-09-26 19:36:01,278 [99aa1396-69c4-4985-9b2a-20430cc4a0a7@group-B36985718576:LeaderElection969] INFO  impl.RoleInfo (RoleInfo.java:shutdownLeaderElection(134)) - 99aa1396-69c4-4985-9b2a-20430cc4a0a7: shutdown LeaderElection
2019-09-26 19:36:01,278 [27cb48db-4b88-4c0c-b213-19f9b2fffaff@group-4716D0EACE8F:LeaderElection967] INFO  impl.RoleInfo (RoleInfo.java:shutdownLeaderElection(134)) - 27cb48db-4b88-4c0c-b213-19f9b2fffaff: shutdown LeaderElection
2019-09-26 19:36:01,283 [99aa1396-69c4-4985-9b2a-20430cc4a0a7@group-B36985718576:LeaderElection969] INFO  impl.RaftServerImpl (RaftServerImpl.java:setRole(174)) - 99aa1396-69c4-4985-9b2a-20430cc4a0a7@group-B36985718576: changes role from CANDIDATE to LEADER at term 1 for changeToLeader
2019-09-26 19:36:01,283 [99aa1396-69c4-4985-9b2a-20430cc4a0a7@group-B36985718576:LeaderElection969] INFO  impl.RaftServerImpl (ServerState.java:setLeader(253)) - 99aa1396-69c4-4985-9b2a-20430cc4a0a7@group-B36985718576: change Leader from null to 99aa1396-69c4-4985-9b2a-20430cc4a0a7 at term 1 for becomeLeader, leader elected after 5761ms
2019-09-26 19:36:01,283 [27cb48db-4b88-4c0c-b213-19f9b2fffaff@group-B8BD7675E4F6:LeaderElection966] INFO  impl.RaftServerImpl (RaftServerImpl.java:setRole(174)) - 27cb48db-4b88-4c0c-b213-19f9b2fffaff@group-B8BD7675E4F6: changes role from CANDIDATE to LEADER at term 1 for changeToLeader
2019-09-26 19:36:01,283 [27cb48db-4b88-4c0c-b213-19f9b2fffaff@group-B8BD7675E4F6:LeaderElection966] INFO  impl.RaftServerImpl (ServerState.java:setLeader(253)) - 27cb48db-4b88-4c0c-b213-19f9b2fffaff@group-B8BD7675E4F6: change Leader from null to 27cb48db-4b88-4c0c-b213-19f9b2fffaff at term 1 for becomeLeader, leader elected after 5680ms
2019-09-26 19:36:01,283 [27cb48db-4b88-4c0c-b213-19f9b2fffaff@group-2F3E80AC4EAF:LeaderElection968] INFO  impl.RaftServerImpl (ServerState.java:setLeader(253)) - 27cb48db-4b88-4c0c-b213-19f9b2fffaff@group-2F3E80AC4EAF: change Leader from null to 27cb48db-4b88-4c0c-b213-19f9b2fffaff at term 1 for becomeLeader, leader elected after 5650ms
2019-09-26 19:36:01,283 [27cb48db-4b88-4c0c-b213-19f9b2fffaff@group-2F3E80AC4EAF:LeaderElection968] INFO  server.RaftServerConfigKeys (ConfUtils.java:logGet(43)) - raft.server.staging.catchup.gap = 1000 (default)
2019-09-26 19:36:01,282 [27cb48db-4b88-4c0c-b213-19f9b2fffaff@group-DC07AB1829D3:LeaderElection964] INFO  impl.RaftServerImpl (RaftServerImpl.java:setRole(174)) - 27cb48db-4b88-4c0c-b213-19f9b2fffaff@group-DC07AB1829D3: changes role from CANDIDATE to LEADER at term 1 for changeToLeader
2019-09-26 19:36:01,284 [27cb48db-4b88-4c0c-b213-19f9b2fffaff@group-DC07AB1829D3:LeaderElection964] INFO  impl.RaftServerImpl (ServerState.java:setLeader(253)) - 27cb48db-4b88-4c0c-b213-19f9b2fffaff@group-DC07AB1829D3: change Leader from null to 27cb48db-4b88-4c0c-b213-19f9b2fffaff at term 1 for becomeLeader, leader elected after 5794ms
2019-09-26 19:36:01,282 [728ea44c-f097-440a-a87e-c27a68d48f14@group-1ED449F189BF:LeaderElection963] INFO  server.RaftServerConfigKeys (ConfUtils.java:logGet(43)) - raft.server.staging.catchup.gap = 1000 (default)
2019-09-26 19:36:01,282 [pool-261-thread-1] INFO  impl.RoleInfo (RoleInfo.java:updateAndGet(143)) - 27cb48db-4b88-4c0c-b213-19f9b2fffaff: start FollowerState
2019-09-26 19:36:01,282 [99aa1396-69c4-4985-9b2a-20430cc4a0a7@group-0F0EA66DDF60:LeaderElection965] INFO  impl.RaftServerImpl (RaftServerImpl.java:setRole(174)) - 99aa1396-69c4-4985-9b2a-20430cc4a0a7@group-0F0EA66DDF60: changes role from CANDIDATE to LEADER at term 1 for changeToLeader
2019-09-26 19:36:01,284 [99aa1396-69c4-4985-9b2a-20430cc4a0a7@group-0F0EA66DDF60:LeaderElection965] INFO  impl.RaftServerImpl (ServerState.java:setLeader(253)) - 99aa1396-69c4-4985-9b2a-20430cc4a0a7@group-0F0EA66DDF60: change Leader from null to 99aa1396-69c4-4985-9b2a-20430cc4a0a7 at term 1 for becomeLeader, leader elected after 5828ms
2019-09-26 19:36:01,282 [728ea44c-f097-440a-a87e-c27a68d48f14@group-11D4F4DFACD7:LeaderElection962] INFO  server.RaftServerConfigKeys (ConfUtils.java:logGet(43)) - raft.server.staging.catchup.gap = 1000 (default)
2019-09-26 19:36:01,282 [Thread-6748] INFO  impl.RoleInfo (RoleInfo.java:updateAndGet(143)) - 728ea44c-f097-440a-a87e-c27a68d48f14: start LeaderElection
2019-09-26 19:36:01,281 [Thread-6745] INFO  impl.RoleInfo (RoleInfo.java:updateAndGet(143)) - 728ea44c-f097-440a-a87e-c27a68d48f14: start LeaderElection
2019-09-26 19:36:01,281 [Thread-6754] INFO  impl.RaftServerImpl (RaftServerImpl.java:setRole(174)) - 27cb48db-4b88-4c0c-b213-19f9b2fffaff@group-B1E3039FE9C9: changes role from  FOLLOWER to CANDIDATE at term 0 for changeToCandidate
2019-09-26 19:36:01,281 [Thread-6766] INFO  impl.RoleInfo (RoleInfo.java:updateAndGet(143)) - 728ea44c-f097-440a-a87e-c27a68d48f14: start LeaderElection
2019-09-26 19:36:01,281 [Thread-6757] INFO  impl.RaftServerImpl (RaftServerImpl.java:setRole(174)) - 728ea44c-f097-440a-a87e-c27a68d48f14@group-40C621A7E37E: changes role from  FOLLOWER to CANDIDATE at term 0 for changeToCandidate
2019-09-26 19:36:01,281 [Thread-6760] INFO  impl.RaftServerImpl (RaftServerImpl.java:setRole(174)) - 27cb48db-4b88-4c0c-b213-19f9b2fffaff@group-60CEE626D65C: changes role from  FOLLOWER to CANDIDATE at term 0 for changeToCandidate
2019-09-26 19:36:01,281 [Thread-6763] INFO  impl.RaftServerImpl (RaftServerImpl.java:setRole(174)) - 27cb48db-4b88-4c0c-b213-19f9b2fffaff@group-E18203AECDC0: changes role from  FOLLOWER to CANDIDATE at term 0 for changeToCandidate
2019-09-26 19:36:01,281 [Thread-6769] INFO  impl.RoleInfo (RoleInfo.java:updateAndGet(143)) - 99aa1396-69c4-4985-9b2a-20430cc4a0a7: start LeaderElection
2019-09-26 19:36:01,281 [Thread-6772] INFO  impl.RoleInfo (RoleInfo.java:updateAndGet(143)) - 27cb48db-4b88-4c0c-b213-19f9b2fffaff: start LeaderElection
2019-09-26 19:36:01,281 [Thread-6775] INFO  impl.RaftServerImpl (RaftServerImpl.java:setRole(174)) - 27cb48db-4b88-4c0c-b213-19f9b2fffaff@group-B295C7228A94: changes role from  FOLLOWER to CANDIDATE at term 0 for changeToCandidate
2019-09-26 19:36:01,285 [Thread-6763] INFO  impl.RoleInfo (RoleInfo.java:updateAndGet(143)) - 27cb48db-4b88-4c0c-b213-19f9b2fffaff: start LeaderElection
2019-09-26 19:36:01,285 [Thread-6760] INFO  impl.RoleInfo (RoleInfo.java:updateAndGet(143)) - 27cb48db-4b88-4c0c-b213-19f9b2fffaff: start LeaderElection
2019-09-26 19:36:01,285 [Thread-6757] INFO  impl.RoleInfo (RoleInfo.java:updateAndGet(143)) - 728ea44c-f097-440a-a87e-c27a68d48f14: start LeaderElection
2019-09-26 19:36:01,285 [Thread-6754] INFO  impl.RoleInfo (RoleInfo.java:updateAndGet(143)) - 27cb48db-4b88-4c0c-b213-19f9b2fffaff: start LeaderElection
2019-09-26 19:36:01,284 [728ea44c-f097-440a-a87e-c27a68d48f14@group-11D4F4DFACD7:LeaderElection962] INFO  server.RaftServerConfigKeys (ConfUtils.java:logGet(43)) - raft.server.rpc.sleep.time = 25ms (default)
2019-09-26 19:36:01,284 [99aa1396-69c4-4985-9b2a-20430cc4a0a7@group-0F0EA66DDF60:LeaderElection965] INFO  server.RaftServerConfigKeys (ConfUtils.java:logGet(43)) - raft.server.staging.catchup.gap = 1000 (default)
2019-09-26 19:36:01,284 [pool-261-thread-1] INFO  util.JmxRegister (JmxRegister.java:tryRegister(44)) - Successfully registered JMX Bean with object name Ratis:service=RaftServer,group=group-09D99E8196D1,id=27cb48db-4b88-4c0c-b213-19f9b2fffaff
2019-09-26 19:36:01,284 [728ea44c-f097-440a-a87e-c27a68d48f14@group-1ED449F189BF:LeaderElection963] INFO  server.RaftServerConfigKeys (ConfUtils.java:logGet(43)) - raft.server.rpc.sleep.time = 25ms (default)
2019-09-26 19:36:01,284 [27cb48db-4b88-4c0c-b213-19f9b2fffaff@group-DC07AB1829D3:LeaderElection964] INFO  server.RaftServerConfigKeys (ConfUtils.java:logGet(43)) - raft.server.staging.catchup.gap = 1000 (default)
2019-09-26 19:36:01,284 [27cb48db-4b88-4c0c-b213-19f9b2fffaff@group-2F3E80AC4EAF:LeaderElection968] INFO  server.RaftServerConfigKeys (ConfUtils.java:logGet(43)) - raft.server.rpc.sleep.time = 25ms (default)
2019-09-26 19:36:01,287 [728ea44c-f097-440a-a87e-c27a68d48f14@group-1ED449F189BF:LeaderElection963] INFO  server.RaftServerConfigKeys (ConfUtils.java:logGet(43)) - raft.server.write.element-limit = 4096 (default)
2019-09-26 19:36:01,283 [27cb48db-4b88-4c0c-b213-19f9b2fffaff@group-B8BD7675E4F6:LeaderElection966] INFO  server.RaftServerConfigKeys (ConfUtils.java:logGet(43)) - raft.server.staging.catchup.gap = 1000 (default)
2019-09-26 19:36:01,287 [27cb48db-4b88-4c0c-b213-19f9b2fffaff@group-B8BD7675E4F6:LeaderElection966] INFO  server.RaftServerConfigKeys (ConfUtils.java:logGet(43)) - raft.server.rpc.sleep.time = 25ms (default)
2019-09-26 19:36:01,283 [99aa1396-69c4-4985-9b2a-20430cc4a0a7@group-B36985718576:LeaderElection969] INFO  server.RaftServerConfigKeys (ConfUtils.java:logGet(43)) - raft.server.staging.catchup.gap = 1000 (default)
2019-09-26 19:36:01,283 [27cb48db-4b88-4c0c-b213-19f9b2fffaff@group-4716D0EACE8F:LeaderElection967] INFO  impl.RaftServerImpl (RaftServerImpl.java:setRole(174)) - 27cb48db-4b88-4c0c-b213-19f9b2fffaff@group-4716D0EACE8F: changes role from CANDIDATE to LEADER at term 1 for changeToLeader
2019-09-26 19:36:01,287 [99aa1396-69c4-4985-9b2a-20430cc4a0a7@group-B36985718576:LeaderElection969] INFO  server.RaftServerConfigKeys (ConfUtils.java:logGet(43)) - raft.server.rpc.sleep.time = 25ms (default)
2019-09-26 19:36:01,287 [99aa1396-69c4-4985-9b2a-20430cc4a0a7@group-B36985718576:LeaderElection969] INFO  server.RaftServerConfigKeys (ConfUtils.java:logGet(43)) - raft.server.write.element-limit = 4096 (default)
2019-09-26 19:36:01,287 [27cb48db-4b88-4c0c-b213-19f9b2fffaff@group-B8BD7675E4F6:LeaderElection966] INFO  server.RaftServerConfigKeys (ConfUtils.java:logGet(43)) - raft.server.write.element-limit = 4096 (default)
2019-09-26 19:36:01,287 [728ea44c-f097-440a-a87e-c27a68d48f14@group-1ED449F189BF:LeaderElection963] INFO  server.RaftServerConfigKeys (ConfUtils.java:logGet(43)) - raft.server.watch.timeout = 10s (default)
2019-09-26 19:36:01,288 [728ea44c-f097-440a-a87e-c27a68d48f14@group-1ED449F189BF:LeaderElection963] INFO  server.RaftServerConfigKeys (ConfUtils.java:logGet(43)) - raft.server.watch.timeout.denomination = 1s (default)
2019-09-26 19:36:01,287 [27cb48db-4b88-4c0c-b213-19f9b2fffaff@group-2F3E80AC4EAF:LeaderElection968] INFO  server.RaftServerConfigKeys (ConfUtils.java:logGet(43)) - raft.server.write.element-limit = 4096 (default)
2019-09-26 19:36:01,287 [27cb48db-4b88-4c0c-b213-19f9b2fffaff@group-DC07AB1829D3:LeaderElection964] INFO  server.RaftServerConfigKeys (ConfUtils.java:logGet(43)) - raft.server.rpc.sleep.time = 25ms (default)
2019-09-26 19:36:01,286 [99aa1396-69c4-4985-9b2a-20430cc4a0a7@group-0F0EA66DDF60:LeaderElection965] INFO  server.RaftServerConfigKeys (ConfUtils.java:logGet(43)) - raft.server.rpc.sleep.time = 25ms (default)
2019-09-26 19:36:01,286 [728ea44c-f097-440a-a87e-c27a68d48f14@group-11D4F4DFACD7:LeaderElection962] INFO  server.RaftServerConfigKeys (ConfUtils.java:logGet(43)) - raft.server.write.element-limit = 4096 (default)
2019-09-26 19:36:01,285 [Thread-6775] INFO  impl.RoleInfo (RoleInfo.java:updateAndGet(143)) - 27cb48db-4b88-4c0c-b213-19f9b2fffaff: start LeaderElection
2019-09-26 19:36:01,288 [728ea44c-f097-440a-a87e-c27a68d48f14@group-11D4F4DFACD7:LeaderElection962] INFO  server.RaftServerConfigKeys (ConfUtils.java:logGet(43)) - raft.server.watch.timeout = 10s (default)
2019-09-26 19:36:01,288 [728ea44c-f097-440a-a87e-c27a68d48f14@group-11D4F4DFACD7:LeaderElection962] INFO  server.RaftServerConfigKeys (ConfUtils.java:logGet(43)) - raft.server.watch.timeout.denomination = 1s (default)
2019-09-26 19:36:01,288 [99aa1396-69c4-4985-9b2a-20430cc4a0a7@group-0F0EA66DDF60:LeaderElection965] INFO  server.RaftServerConfigKeys (ConfUtils.java:logGet(43)) - raft.server.write.element-limit = 4096 (default)
2019-09-26 19:36:01,288 [27cb48db-4b88-4c0c-b213-19f9b2fffaff@group-DC07AB1829D3:LeaderElection964] INFO  server.RaftServerConfigKeys (ConfUtils.java:logGet(43)) - raft.server.write.element-limit = 4096 (default)
2019-09-26 19:36:01,289 [27cb48db-4b88-4c0c-b213-19f9b2fffaff@group-DC07AB1829D3:LeaderElection964] INFO  server.RaftServerConfigKeys (ConfUtils.java:logGet(43)) - raft.server.watch.timeout = 10s (default)
2019-09-26 19:36:01,288 [27cb48db-4b88-4c0c-b213-19f9b2fffaff@group-2F3E80AC4EAF:LeaderElection968] INFO  server.RaftServerConfigKeys (ConfUtils.java:logGet(43)) - raft.server.watch.timeout = 10s (default)
2019-09-26 19:36:01,288 [728ea44c-f097-440a-a87e-c27a68d48f14@group-1ED449F189BF:LeaderElection963] INFO  server.RaftServerConfigKeys (ConfUtils.java:logGet(43)) - raft.server.watch.element-limit = 65536 (default)
2019-09-26 19:36:01,288 [27cb48db-4b88-4c0c-b213-19f9b2fffaff@group-B8BD7675E4F6:LeaderElection966] INFO  server.RaftServerConfigKeys (ConfUtils.java:logGet(43)) - raft.server.watch.timeout = 10s (default)
2019-09-26 19:36:01,289 [27cb48db-4b88-4c0c-b213-19f9b2fffaff@group-B8BD7675E4F6:LeaderElection966] INFO  server.RaftServerConfigKeys (ConfUtils.java:logGet(43)) - raft.server.watch.timeout.denomination = 1s (default)
2019-09-26 19:36:01,289 [27cb48db-4b88-4c0c-b213-19f9b2fffaff@group-B8BD7675E4F6:LeaderElection966] INFO  server.RaftServerConfigKeys (ConfUtils.java:logGet(43)) - raft.server.watch.element-limit = 65536 (default)
2019-09-26 19:36:01,288 [99aa1396-69c4-4985-9b2a-20430cc4a0a7@group-B36985718576:LeaderElection969] INFO  server.RaftServerConfigKeys (ConfUtils.java:logGet(43)) - raft.server.watch.timeout = 10s (default)
2019-09-26 19:36:01,287 [RatisPipelineUtilsThread] INFO  pipeline.PipelineStateManager (PipelineStateManager.java:addPipeline(56)) - Created pipeline Pipeline[ Id: 66166e17-dff2-435c-ac1d-09d99e8196d1, Nodes: 27cb48db-4b88-4c0c-b213-19f9b2fffaff{ip: 192.168.151.99, host: pr-hdds-1569-g6sp5-2013761785, networkLocation: /rack1, certSerialId: null}, Type:RATIS, Factor:ONE, State:OPEN]
2019-09-26 19:36:01,287 [27cb48db-4b88-4c0c-b213-19f9b2fffaff@group-4716D0EACE8F:LeaderElection967] INFO  impl.RaftServerImpl (ServerState.java:setLeader(253)) - 27cb48db-4b88-4c0c-b213-19f9b2fffaff@group-4716D0EACE8F: change Leader from null to 27cb48db-4b88-4c0c-b213-19f9b2fffaff at term 1 for becomeLeader, leader elected after 5696ms
2019-09-26 19:36:01,290 [99aa1396-69c4-4985-9b2a-20430cc4a0a7@group-B36985718576:LeaderElection969] INFO  server.RaftServerConfigKeys (ConfUtils.java:logGet(43)) - raft.server.watch.timeout.denomination = 1s (default)
2019-09-26 19:36:01,289 [27cb48db-4b88-4c0c-b213-19f9b2fffaff@group-2F3E80AC4EAF:LeaderElection968] INFO  server.RaftServerConfigKeys (ConfUtils.java:logGet(43)) - raft.server.watch.timeout.denomination = 1s (default)
2019-09-26 19:36:01,290 [27cb48db-4b88-4c0c-b213-19f9b2fffaff@group-2F3E80AC4EAF:LeaderElection968] INFO  server.RaftServerConfigKeys (ConfUtils.java:logGet(43)) - raft.server.watch.element-limit = 65536 (default)
2019-09-26 19:36:01,289 [27cb48db-4b88-4c0c-b213-19f9b2fffaff@group-DC07AB1829D3:LeaderElection964] INFO  server.RaftServerConfigKeys (ConfUtils.java:logGet(43)) - raft.server.watch.timeout.denomination = 1s (default)
2019-09-26 19:36:01,290 [27cb48db-4b88-4c0c-b213-19f9b2fffaff@group-DC07AB1829D3:LeaderElection964] INFO  server.RaftServerConfigKeys (ConfUtils.java:logGet(43)) - raft.server.watch.element-limit = 65536 (default)
2019-09-26 19:36:01,289 [99aa1396-69c4-4985-9b2a-20430cc4a0a7@group-0F0EA66DDF60:LeaderElection965] INFO  server.RaftServerConfigKeys (ConfUtils.java:logGet(43)) - raft.server.watch.timeout = 10s (default)
2019-09-26 19:36:01,289 [728ea44c-f097-440a-a87e-c27a68d48f14@group-11D4F4DFACD7:LeaderElection962] INFO  server.RaftServerConfigKeys (ConfUtils.java:logGet(43)) - raft.server.watch.element-limit = 65536 (default)
2019-09-26 19:36:01,290 [99aa1396-69c4-4985-9b2a-20430cc4a0a7@group-0F0EA66DDF60:LeaderElection965] INFO  server.RaftServerConfigKeys (ConfUtils.java:logGet(43)) - raft.server.watch.timeout.denomination = 1s (default)
2019-09-26 19:36:01,290 [99aa1396-69c4-4985-9b2a-20430cc4a0a7@group-B36985718576:LeaderElection969] INFO  server.RaftServerConfigKeys (ConfUtils.java:logGet(43)) - raft.server.watch.element-limit = 65536 (default)
2019-09-26 19:36:01,290 [27cb48db-4b88-4c0c-b213-19f9b2fffaff@group-4716D0EACE8F:LeaderElection967] INFO  server.RaftServerConfigKeys (ConfUtils.java:logGet(43)) - raft.server.staging.catchup.gap = 1000 (default)
2019-09-26 19:36:01,291 [99aa1396-69c4-4985-9b2a-20430cc4a0a7@group-0F0EA66DDF60:LeaderElection965] INFO  server.RaftServerConfigKeys (ConfUtils.java:logGet(43)) - raft.server.watch.element-limit = 65536 (default)
2019-09-26 19:36:01,291 [728ea44c-f097-440a-a87e-c27a68d48f14@group-1ED449F189BF:LeaderElection963] INFO  impl.RoleInfo (RoleInfo.java:updateAndGet(143)) - 728ea44c-f097-440a-a87e-c27a68d48f14: start LeaderState
2019-09-26 19:36:01,291 [27cb48db-4b88-4c0c-b213-19f9b2fffaff@group-4716D0EACE8F:LeaderElection967] INFO  server.RaftServerConfigKeys (ConfUtils.java:logGet(43)) - raft.server.rpc.sleep.time = 25ms (default)
2019-09-26 19:36:01,291 [728ea44c-f097-440a-a87e-c27a68d48f14@group-1ED449F189BF:LeaderElection963] INFO  segmented.SegmentedRaftLogWorker (SegmentedRaftLogWorker.java:startLogSegment(380)) - 728ea44c-f097-440a-a87e-c27a68d48f14@group-1ED449F189BF-SegmentedRaftLogWorker: Starting segment from index:0
2019-09-26 19:36:01,291 [27cb48db-4b88-4c0c-b213-19f9b2fffaff@group-4716D0EACE8F:LeaderElection967] INFO  server.RaftServerConfigKeys (ConfUtils.java:logGet(43)) - raft.server.write.element-limit = 4096 (default)
2019-09-26 19:36:01,292 [grpc-default-executor-2] INFO  impl.RaftServerProxy (RaftServerProxy.java:addNew(89)) - 728ea44c-f097-440a-a87e-c27a68d48f14: addNew group-CD4A2BA5F1A2:[728ea44c-f097-440a-a87e-c27a68d48f14:192.168.151.99:38783] returns group-CD4A2BA5F1A2:java.util.concurrent.CompletableFuture@4ca4fc5c[Not completed]
2019-09-26 19:36:01,872 [728ea44c-f097-440a-a87e-c27a68d48f14@group-1ED449F189BF:LeaderElection963] INFO  impl.RaftServerImpl (ServerState.java:setRaftConf(354)) - 728ea44c-f097-440a-a87e-c27a68d48f14@group-1ED449F189BF: set configuration 0: [728ea44c-f097-440a-a87e-c27a68d48f14:192.168.151.99:38783], old=null at 0
2019-09-26 19:36:01,871 [27cb48db-4b88-4c0c-b213-19f9b2fffaff@group-E18203AECDC0:LeaderElection978] INFO  impl.LeaderElection (LeaderElection.java:askForVotes(182)) - 27cb48db-4b88-4c0c-b213-19f9b2fffaff@group-E18203AECDC0:LeaderElection978: begin an election at term 1 for -1: [27cb48db-4b88-4c0c-b213-19f9b2fffaff:192.168.151.99:37457], old=null
2019-09-26 19:36:01,871 [27cb48db-4b88-4c0c-b213-19f9b2fffaff@group-B1E3039FE9C9:LeaderElection975] INFO  impl.LeaderElection (LeaderElection.java:askForVotes(182)) - 27cb48db-4b88-4c0c-b213-19f9b2fffaff@group-B1E3039FE9C9:LeaderElection975: begin an election at term 1 for -1: [27cb48db-4b88-4c0c-b213-19f9b2fffaff:192.168.151.99:37457], old=null
2019-09-26 19:36:01,872 [27cb48db-4b88-4c0c-b213-19f9b2fffaff@group-B1E3039FE9C9:LeaderElection975] INFO  impl.RoleInfo (RoleInfo.java:shutdownLeaderElection(134)) - 27cb48db-4b88-4c0c-b213-19f9b2fffaff: shutdown LeaderElection
2019-09-26 19:36:01,871 [27cb48db-4b88-4c0c-b213-19f9b2fffaff@group-B295C7228A94:LeaderElection979] INFO  impl.LeaderElection (LeaderElection.java:askForVotes(182)) - 27cb48db-4b88-4c0c-b213-19f9b2fffaff@group-B295C7228A94:LeaderElection979: begin an election at term 1 for -1: [27cb48db-4b88-4c0c-b213-19f9b2fffaff:192.168.151.99:37457], old=null
2019-09-26 19:36:01,871 [728ea44c-f097-440a-a87e-c27a68d48f14@group-A3FDED93FB37:LeaderElection972] INFO  impl.LeaderElection (LeaderElection.java:askForVotes(182)) - 728ea44c-f097-440a-a87e-c27a68d48f14@group-A3FDED93FB37:LeaderElection972: begin an election at term 1 for -1: [728ea44c-f097-440a-a87e-c27a68d48f14:192.168.151.99:38783], old=null
2019-09-26 19:36:01,871 [99aa1396-69c4-4985-9b2a-20430cc4a0a7@group-FB63D571C0D2:LeaderElection971] INFO  impl.LeaderElection (LeaderElection.java:askForVotes(182)) - 99aa1396-69c4-4985-9b2a-20430cc4a0a7@group-FB63D571C0D2:LeaderElection971: begin an election at term 1 for -1: [99aa1396-69c4-4985-9b2a-20430cc4a0a7:192.168.151.99:40213], old=null
2019-09-26 19:36:01,871 [27cb48db-4b88-4c0c-b213-19f9b2fffaff@group-9EE6F63F4F99:LeaderElection970] INFO  impl.LeaderElection (LeaderElection.java:askForVotes(182)) - 27cb48db-4b88-4c0c-b213-19f9b2fffaff@group-9EE6F63F4F99:LeaderElection970: begin an election at term 1 for -1: [27cb48db-4b88-4c0c-b213-19f9b2fffaff:192.168.151.99:37457], old=null
2019-09-26 19:36:01,871 [728ea44c-f097-440a-a87e-c27a68d48f14@group-40C621A7E37E:LeaderElection976] INFO  impl.LeaderElection (LeaderElection.java:askForVotes(182)) - 728ea44c-f097-440a-a87e-c27a68d48f14@group-40C621A7E37E:LeaderElection976: begin an election at term 1 for -1: [728ea44c-f097-440a-a87e-c27a68d48f14:192.168.151.99:38783], old=null
2019-09-26 19:36:01,871 [27cb48db-4b88-4c0c-b213-19f9b2fffaff@group-60CEE626D65C:LeaderElection977] INFO  impl.LeaderElection (LeaderElection.java:askForVotes(182)) - 27cb48db-4b88-4c0c-b213-19f9b2fffaff@group-60CEE626D65C:LeaderElection977: begin an election at term 1 for -1: [27cb48db-4b88-4c0c-b213-19f9b2fffaff:192.168.151.99:37457], old=null
2019-09-26 19:36:01,871 [728ea44c-f097-440a-a87e-c27a68d48f14@group-BB094026C928:LeaderElection973] INFO  impl.LeaderElection (LeaderElection.java:askForVotes(182)) - 728ea44c-f097-440a-a87e-c27a68d48f14@group-BB094026C928:LeaderElection973: begin an election at term 1 for -1: [728ea44c-f097-440a-a87e-c27a68d48f14:192.168.151.99:38783], old=null
2019-09-26 19:36:01,871 [728ea44c-f097-440a-a87e-c27a68d48f14@group-CC0AC654280F:LeaderElection974] INFO  impl.LeaderElection (LeaderElection.java:askForVotes(182)) - 728ea44c-f097-440a-a87e-c27a68d48f14@group-CC0AC654280F:LeaderElection974: begin an election at term 1 for -1: [728ea44c-f097-440a-a87e-c27a68d48f14:192.168.151.99:38783], old=null
2019-09-26 19:36:01,867 [Thread-6778] WARN  util.JavaUtils (JavaUtils.java:sleep(250)) - Unexpected long sleep: sleep(5108ms) actually took 5611ms which is over the threshold 300ms
2019-09-26 19:36:01,863 [Thread-6793] WARN  util.JavaUtils (JavaUtils.java:sleep(250)) - Unexpected long sleep: sleep(5018ms) actually took 5442ms which is over the threshold 300ms
2019-09-26 19:36:01,862 [Thread-6787] WARN  util.JavaUtils (JavaUtils.java:sleep(250)) - Unexpected long sleep: sleep(5074ms) actually took 5492ms which is over the threshold 300ms
2019-09-26 19:36:01,862 [Thread-6781] WARN  util.JavaUtils (JavaUtils.java:sleep(250)) - Unexpected long sleep: sleep(5166ms) actually took 5570ms which is over the threshold 300ms
2019-09-26 19:36:01,861 [Thread-6784] WARN  util.JavaUtils (JavaUtils.java:sleep(250)) - Unexpected long sleep: sleep(5128ms) actually took 5526ms which is over the threshold 300ms
2019-09-26 19:36:01,861 [Thread-6796] WARN  util.JavaUtils (JavaUtils.java:sleep(250)) - Unexpected long sleep: sleep(5023ms) actually took 5412ms which is over the threshold 300ms
2019-09-26 19:36:01,859 [Thread-6799] WARN  util.JavaUtils (JavaUtils.java:sleep(250)) - Unexpected long sleep: sleep(5015ms) actually took 5378ms which is over the threshold 300ms
2019-09-26 19:36:01,854 [Thread-6790] INFO  impl.FollowerState (FollowerState.java:run(106)) - 27cb48db-4b88-4c0c-b213-19f9b2fffaff:group-BEB29AE3C17F changes to CANDIDATE, lastRpcTime:5470, electionTimeout:5174ms
2019-09-26 19:36:01,851 [Thread-6802] INFO  impl.FollowerState (FollowerState.java:run(106)) - 728ea44c-f097-440a-a87e-c27a68d48f14:group-89DB952C4950 changes to CANDIDATE, lastRpcTime:5335, electionTimeout:5096ms
2019-09-26 19:36:01,848 [Thread-6805] INFO  impl.FollowerState (FollowerState.java:run(106)) - 27cb48db-4b88-4c0c-b213-19f9b2fffaff:group-D0AE5A240A11 changes to CANDIDATE, lastRpcTime:5295, electionTimeout:5109ms
2019-09-26 19:36:01,848 [Thread-6808] INFO  impl.FollowerState (FollowerState.java:run(106)) - 728ea44c-f097-440a-a87e-c27a68d48f14:group-7C646671DC62 changes to CANDIDATE, lastRpcTime:5262, electionTimeout:5083ms
2019-09-26 19:36:01,846 [Thread-6820] INFO  impl.FollowerState (FollowerState.java:run(106)) - 728ea44c-f097-440a-a87e-c27a68d48f14:group-8B20934A7F11 changes to CANDIDATE, lastRpcTime:5159, electionTimeout:5022ms
2019-09-26 19:36:01,874 [Thread-6805] INFO  impl.RoleInfo (RoleInfo.java:shutdownFollowerState(121)) - 27cb48db-4b88-4c0c-b213-19f9b2fffaff: shutdown FollowerState
2019-09-26 19:36:01,845 [Thread-6811] INFO  impl.FollowerState (FollowerState.java:run(106)) - 27cb48db-4b88-4c0c-b213-19f9b2fffaff:group-F337E4A86832 changes to CANDIDATE, lastRpcTime:5232, electionTimeout:5119ms
2019-09-26 19:36:01,843 [Thread-6817] INFO  impl.FollowerState (FollowerState.java:run(106)) - 728ea44c-f097-440a-a87e-c27a68d48f14:group-CD95CCA6E5DE changes to CANDIDATE, lastRpcTime:5198, electionTimeout:5102ms
2019-09-26 19:36:01,835 [Thread-6814] INFO  impl.FollowerState (FollowerState.java:run(106)) - 27cb48db-4b88-4c0c-b213-19f9b2fffaff:group-FEE7AAE57329 changes to CANDIDATE, lastRpcTime:5207, electionTimeout:5190ms
2019-09-26 19:36:01,292 [27cb48db-4b88-4c0c-b213-19f9b2fffaff@group-4716D0EACE8F:LeaderElection967] INFO  server.RaftServerConfigKeys (ConfUtils.java:logGet(43)) - raft.server.watch.timeout = 10s (default)
2019-09-26 19:36:01,874 [Thread-6814] INFO  impl.RoleInfo (RoleInfo.java:shutdownFollowerState(121)) - 27cb48db-4b88-4c0c-b213-19f9b2fffaff: shutdown FollowerState
2019-09-26 19:36:01,874 [Thread-6817] INFO  impl.RoleInfo (RoleInfo.java:shutdownFollowerState(121)) - 728ea44c-f097-440a-a87e-c27a68d48f14: shutdown FollowerState
2019-09-26 19:36:01,874 [Thread-6811] INFO  impl.RoleInfo (RoleInfo.java:shutdownFollowerState(121)) - 27cb48db-4b88-4c0c-b213-19f9b2fffaff: shutdown FollowerState
2019-09-26 19:36:01,874 [Thread-6820] INFO  impl.RoleInfo (RoleInfo.java:shutdownFollowerState(121)) - 728ea44c-f097-440a-a87e-c27a68d48f14: shutdown FollowerState
2019-09-26 19:36:01,874 [Thread-6805] INFO  impl.RaftServerImpl (RaftServerImpl.java:setRole(174)) - 27cb48db-4b88-4c0c-b213-19f9b2fffaff@group-D0AE5A240A11: changes role from  FOLLOWER to CANDIDATE at term 0 for changeToCandidate
2019-09-26 19:36:01,874 [Thread-6808] INFO  impl.RoleInfo (RoleInfo.java:shutdownFollowerState(121)) - 728ea44c-f097-440a-a87e-c27a68d48f14: shutdown FollowerState
2019-09-26 19:36:01,874 [Thread-6802] INFO  impl.RoleInfo (RoleInfo.java:shutdownFollowerState(121)) - 728ea44c-f097-440a-a87e-c27a68d48f14: shutdown FollowerState
2019-09-26 19:36:01,874 [Thread-6790] INFO  impl.RoleInfo (RoleInfo.java:shutdownFollowerState(121)) - 27cb48db-4b88-4c0c-b213-19f9b2fffaff: shutdown FollowerState
2019-09-26 19:36:01,874 [27cb48db-4b88-4c0c-b213-19f9b2fffaff@group-B8BD7675E4F6:LeaderElection966] INFO  impl.RoleInfo (RoleInfo.java:updateAndGet(143)) - 27cb48db-4b88-4c0c-b213-19f9b2fffaff: start LeaderState
2019-09-26 19:36:01,873 [728ea44c-f097-440a-a87e-c27a68d48f14@group-CC0AC654280F:LeaderElection974] INFO  impl.RoleInfo (RoleInfo.java:shutdownLeaderElection(134)) - 728ea44c-f097-440a-a87e-c27a68d48f14: shutdown LeaderElection
2019-09-26 19:36:01,875 [728ea44c-f097-440a-a87e-c27a68d48f14@group-CC0AC654280F:LeaderElection974] INFO  impl.RaftServerImpl (RaftServerImpl.java:setRole(174)) - 728ea44c-f097-440a-a87e-c27a68d48f14@group-CC0AC654280F: changes role from CANDIDATE to LEADER at term 1 for changeToLeader
2019-09-26 19:36:01,873 [728ea44c-f097-440a-a87e-c27a68d48f14@group-BB094026C928:LeaderElection973] INFO  impl.RoleInfo (RoleInfo.java:shutdownLeaderElection(134)) - 728ea44c-f097-440a-a87e-c27a68d48f14: shutdown LeaderElection
2019-09-26 19:36:01,873 [27cb48db-4b88-4c0c-b213-19f9b2fffaff@group-60CEE626D65C:LeaderElection977] INFO  impl.RoleInfo (RoleInfo.java:shutdownLeaderElection(134)) - 27cb48db-4b88-4c0c-b213-19f9b2fffaff: shutdown LeaderElection
2019-09-26 19:36:01,873 [728ea44c-f097-440a-a87e-c27a68d48f14@group-40C621A7E37E:LeaderElection976] INFO  impl.RoleInfo (RoleInfo.java:shutdownLeaderElection(134)) - 728ea44c-f097-440a-a87e-c27a68d48f14: shutdown LeaderElection
2019-09-26 19:36:01,873 [27cb48db-4b88-4c0c-b213-19f9b2fffaff@group-9EE6F63F4F99:LeaderElection970] INFO  impl.RoleInfo (RoleInfo.java:shutdownLeaderElection(134)) - 27cb48db-4b88-4c0c-b213-19f9b2fffaff: shutdown LeaderElection
2019-09-26 19:36:01,875 [27cb48db-4b88-4c0c-b213-19f9b2fffaff@group-9EE6F63F4F99:LeaderElection970] INFO  impl.RaftServerImpl (RaftServerImpl.java:setRole(174)) - 27cb48db-4b88-4c0c-b213-19f9b2fffaff@group-9EE6F63F4F99: changes role from CANDIDATE to LEADER at term 1 for changeToLeader
2019-09-26 19:36:01,876 [27cb48db-4b88-4c0c-b213-19f9b2fffaff@group-9EE6F63F4F99:LeaderElection970] INFO  impl.RaftServerImpl (ServerState.java:setLeader(253)) - 27cb48db-4b88-4c0c-b213-19f9b2fffaff@group-9EE6F63F4F99: change Leader from null to 27cb48db-4b88-4c0c-b213-19f9b2fffaff at term 1 for becomeLeader, leader elected after 5705ms
2019-09-26 19:36:01,873 [99aa1396-69c4-4985-9b2a-20430cc4a0a7@group-FB63D571C0D2:LeaderElection971] INFO  impl.RoleInfo (RoleInfo.java:shutdownLeaderElection(134)) - 99aa1396-69c4-4985-9b2a-20430cc4a0a7: shutdown LeaderElection
2019-09-26 19:36:01,872 [728ea44c-f097-440a-a87e-c27a68d48f14@group-A3FDED93FB37:LeaderElection972] INFO  impl.RoleInfo (RoleInfo.java:shutdownLeaderElection(134)) - 728ea44c-f097-440a-a87e-c27a68d48f14: shutdown LeaderElection
2019-09-26 19:36:01,872 [27cb48db-4b88-4c0c-b213-19f9b2fffaff@group-B295C7228A94:LeaderElection979] INFO  impl.RoleInfo (RoleInfo.java:shutdownLeaderElection(134)) - 27cb48db-4b88-4c0c-b213-19f9b2fffaff: shutdown LeaderElection
2019-09-26 19:36:01,872 [27cb48db-4b88-4c0c-b213-19f9b2fffaff@group-B1E3039FE9C9:LeaderElection975] INFO  impl.RaftServerImpl (RaftServerImpl.java:setRole(174)) - 27cb48db-4b88-4c0c-b213-19f9b2fffaff@group-B1E3039FE9C9: changes role from CANDIDATE to LEADER at term 1 for changeToLeader
2019-09-26 19:36:01,872 [pool-271-thread-1] INFO  impl.RaftServerImpl (RaftServerImpl.java:<init>(95)) - 728ea44c-f097-440a-a87e-c27a68d48f14: new RaftServerImpl for group-CD4A2BA5F1A2:[728ea44c-f097-440a-a87e-c27a68d48f14:192.168.151.99:38783] with ContainerStateMachine:uninitialized
2019-09-26 19:36:01,876 [pool-271-thread-1] INFO  server.RaftServerConfigKeys (ConfUtils.java:logGet(43)) - raft.server.rpc.timeout.min = 5s (custom)
2019-09-26 19:36:01,872 [27cb48db-4b88-4c0c-b213-19f9b2fffaff@group-E18203AECDC0:LeaderElection978] INFO  impl.RoleInfo (RoleInfo.java:shutdownLeaderElection(134)) - 27cb48db-4b88-4c0c-b213-19f9b2fffaff: shutdown LeaderElection
2019-09-26 19:36:01,876 [pool-271-thread-1] INFO  server.RaftServerConfigKeys (ConfUtils.java:logGet(43)) - raft.server.rpc.timeout.max = 5200ms (custom)
2019-09-26 19:36:01,876 [pool-271-thread-1] INFO  server.RaftServerConfigKeys (ConfUtils.java:logGet(43)) - raft.server.rpcslowness.timeout = 120s (custom)
2019-09-26 19:36:01,876 [27cb48db-4b88-4c0c-b213-19f9b2fffaff@group-B1E3039FE9C9:LeaderElection975] INFO  impl.RaftServerImpl (ServerState.java:setLeader(253)) - 27cb48db-4b88-4c0c-b213-19f9b2fffaff@group-B1E3039FE9C9: change Leader from null to 27cb48db-4b88-4c0c-b213-19f9b2fffaff at term 1 for becomeLeader, leader elected after 5887ms
2019-09-26 19:36:01,876 [27cb48db-4b88-4c0c-b213-19f9b2fffaff@group-B295C7228A94:LeaderElection979] INFO  impl.RaftServerImpl (RaftServerImpl.java:setRole(174)) - 27cb48db-4b88-4c0c-b213-19f9b2fffaff@group-B295C7228A94: changes role from CANDIDATE to LEADER at term 1 for changeToLeader
2019-09-26 19:36:01,877 [27cb48db-4b88-4c0c-b213-19f9b2fffaff@group-DC07AB1829D3:LeaderElection964] INFO  impl.RoleInfo (RoleInfo.java:updateAndGet(143)) - 27cb48db-4b88-4c0c-b213-19f9b2fffaff: start LeaderState
2019-09-26 19:36:01,877 [728ea44c-f097-440a-a87e-c27a68d48f14@group-11D4F4DFACD7:LeaderElection962] INFO  impl.RoleInfo (RoleInfo.java:updateAndGet(143)) - 728ea44c-f097-440a-a87e-c27a68d48f14: start LeaderState
2019-09-26 19:36:01,876 [728ea44c-f097-440a-a87e-c27a68d48f14@group-A3FDED93FB37:LeaderElection972] INFO  impl.RaftServerImpl (RaftServerImpl.java:setRole(174)) - 728ea44c-f097-440a-a87e-c27a68d48f14@group-A3FDED93FB37: changes role from CANDIDATE to LEADER at term 1 for changeToLeader
2019-09-26 19:36:01,876 [99aa1396-69c4-4985-9b2a-20430cc4a0a7@group-FB63D571C0D2:LeaderElection971] INFO  impl.RaftServerImpl (RaftServerImpl.java:setRole(174)) - 99aa1396-69c4-4985-9b2a-20430cc4a0a7@group-FB63D571C0D2: changes role from CANDIDATE to LEADER at term 1 for changeToLeader
2019-09-26 19:36:01,876 [27cb48db-4b88-4c0c-b213-19f9b2fffaff@group-9EE6F63F4F99:LeaderElection970] INFO  server.RaftServerConfigKeys (ConfUtils.java:logGet(43)) - raft.server.staging.catchup.gap = 1000 (default)
2019-09-26 19:36:01,877 [27cb48db-4b88-4c0c-b213-19f9b2fffaff@group-9EE6F63F4F99:LeaderElection970] INFO  server.RaftServerConfigKeys (ConfUtils.java:logGet(43)) - raft.server.rpc.sleep.time = 25ms (default)
2019-09-26 19:36:01,875 [728ea44c-f097-440a-a87e-c27a68d48f14@group-40C621A7E37E:LeaderElection976] INFO  impl.RaftServerImpl (RaftServerImpl.java:setRole(174)) - 728ea44c-f097-440a-a87e-c27a68d48f14@group-40C621A7E37E: changes role from CANDIDATE to LEADER at term 1 for changeToLeader
2019-09-26 19:36:01,877 [728ea44c-f097-440a-a87e-c27a68d48f14@group-40C621A7E37E:LeaderElection976] INFO  impl.RaftServerImpl (ServerState.java:setLeader(253)) - 728ea44c-f097-440a-a87e-c27a68d48f14@group-40C621A7E37E: change Leader from null to 728ea44c-f097-440a-a87e-c27a68d48f14 at term 1 for becomeLeader, leader elected after 5853ms
2019-09-26 19:36:01,875 [27cb48db-4b88-4c0c-b213-19f9b2fffaff@group-60CEE626D65C:LeaderElection977] INFO  impl.RaftServerImpl (RaftServerImpl.java:setRole(174)) - 27cb48db-4b88-4c0c-b213-19f9b2fffaff@group-60CEE626D65C: changes role from CANDIDATE to LEADER at term 1 for changeToLeader
2019-09-26 19:36:01,875 [728ea44c-f097-440a-a87e-c27a68d48f14@group-BB094026C928:LeaderElection973] INFO  impl.RaftServerImpl (RaftServerImpl.java:setRole(174)) - 728ea44c-f097-440a-a87e-c27a68d48f14@group-BB094026C928: changes role from CANDIDATE to LEADER at term 1 for changeToLeader
2019-09-26 19:36:01,875 [728ea44c-f097-440a-a87e-c27a68d48f14@group-CC0AC654280F:LeaderElection974] INFO  impl.RaftServerImpl (ServerState.java:setLeader(253)) - 728ea44c-f097-440a-a87e-c27a68d48f14@group-CC0AC654280F: change Leader from null to 728ea44c-f097-440a-a87e-c27a68d48f14 at term 1 for becomeLeader, leader elected after 5957ms
2019-09-26 19:36:01,875 [27cb48db-4b88-4c0c-b213-19f9b2fffaff@group-B8BD7675E4F6:LeaderElection966] INFO  segmented.SegmentedRaftLogWorker (SegmentedRaftLogWorker.java:startLogSegment(380)) - 27cb48db-4b88-4c0c-b213-19f9b2fffaff@group-B8BD7675E4F6-SegmentedRaftLogWorker: Starting segment from index:0
2019-09-26 19:36:01,875 [Thread-6790] INFO  impl.RaftServerImpl (RaftServerImpl.java:setRole(174)) - 27cb48db-4b88-4c0c-b213-19f9b2fffaff@group-BEB29AE3C17F: changes role from  FOLLOWER to CANDIDATE at term 0 for changeToCandidate
2019-09-26 19:36:01,875 [Thread-6802] INFO  impl.RaftServerImpl (RaftServerImpl.java:setRole(174)) - 728ea44c-f097-440a-a87e-c27a68d48f14@group-89DB952C4950: changes role from  FOLLOWER to CANDIDATE at term 0 for changeToCandidate
2019-09-26 19:36:01,875 [Thread-6808] INFO  impl.RaftServerImpl (RaftServerImpl.java:setRole(174)) - 728ea44c-f097-440a-a87e-c27a68d48f14@group-7C646671DC62: changes role from  FOLLOWER to CANDIDATE at term 0 for changeToCandidate
2019-09-26 19:36:01,875 [Thread-6805] INFO  impl.RoleInfo (RoleInfo.java:updateAndGet(143)) - 27cb48db-4b88-4c0c-b213-19f9b2fffaff: start LeaderElection
2019-09-26 19:36:01,875 [Thread-6820] INFO  impl.RaftServerImpl (RaftServerImpl.java:setRole(174)) - 728ea44c-f097-440a-a87e-c27a68d48f14@group-8B20934A7F11: changes role from  FOLLOWER to CANDIDATE at term 0 for changeToCandidate
2019-09-26 19:36:01,875 [Thread-6811] INFO  impl.RaftServerImpl (RaftServerImpl.java:setRole(174)) - 27cb48db-4b88-4c0c-b213-19f9b2fffaff@group-F337E4A86832: changes role from  FOLLOWER to CANDIDATE at term 0 for changeToCandidate
2019-09-26 19:36:01,874 [Thread-6817] INFO  impl.RaftServerImpl (RaftServerImpl.java:setRole(174)) - 728ea44c-f097-440a-a87e-c27a68d48f14@group-CD95CCA6E5DE: changes role from  FOLLOWER to CANDIDATE at term 0 for changeToCandidate
2019-09-26 19:36:01,874 [Thread-6814] INFO  impl.RaftServerImpl (RaftServerImpl.java:setRole(174)) - 27cb48db-4b88-4c0c-b213-19f9b2fffaff@group-FEE7AAE57329: changes role from  FOLLOWER to CANDIDATE at term 0 for changeToCandidate
2019-09-26 19:36:01,874 [27cb48db-4b88-4c0c-b213-19f9b2fffaff@group-4716D0EACE8F:LeaderElection967] INFO  server.RaftServerConfigKeys (ConfUtils.java:logGet(43)) - raft.server.watch.timeout.denomination = 1s (default)
2019-09-26 19:36:02,370 [Thread-6814] INFO  impl.RoleInfo (RoleInfo.java:updateAndGet(143)) - 27cb48db-4b88-4c0c-b213-19f9b2fffaff: start LeaderElection
2019-09-26 19:36:02,370 [Thread-6817] INFO  impl.RoleInfo (RoleInfo.java:updateAndGet(143)) - 728ea44c-f097-440a-a87e-c27a68d48f14: start LeaderElection
2019-09-26 19:36:02,370 [Thread-6820] INFO  impl.RoleInfo (RoleInfo.java:updateAndGet(143)) - 728ea44c-f097-440a-a87e-c27a68d48f14: start LeaderElection
2019-09-26 19:36:02,370 [Thread-6811] INFO  impl.RoleInfo (RoleInfo.java:updateAndGet(143)) - 27cb48db-4b88-4c0c-b213-19f9b2fffaff: start LeaderElection
2019-09-26 19:36:01,878 [Thread-6808] INFO  impl.RoleInfo (RoleInfo.java:updateAndGet(143)) - 728ea44c-f097-440a-a87e-c27a68d48f14: start LeaderElection
2019-09-26 19:36:01,878 [Thread-6802] INFO  impl.RoleInfo (RoleInfo.java:updateAndGet(143)) - 728ea44c-f097-440a-a87e-c27a68d48f14: start LeaderElection
2019-09-26 19:36:01,878 [27cb48db-4b88-4c0c-b213-19f9b2fffaff@group-B8BD7675E4F6:LeaderElection966] INFO  impl.RaftServerImpl (ServerState.java:setRaftConf(354)) - 27cb48db-4b88-4c0c-b213-19f9b2fffaff@group-B8BD7675E4F6: set configuration 0: [27cb48db-4b88-4c0c-b213-19f9b2fffaff:192.168.151.99:37457], old=null at 0
2019-09-26 19:36:01,878 [Thread-6790] INFO  impl.RoleInfo (RoleInfo.java:updateAndGet(143)) - 27cb48db-4b88-4c0c-b213-19f9b2fffaff: start LeaderElection
2019-09-26 19:36:01,878 [728ea44c-f097-440a-a87e-c27a68d48f14@group-CC0AC654280F:LeaderElection974] INFO  server.RaftServerConfigKeys (ConfUtils.java:logGet(43)) - raft.server.staging.catchup.gap = 1000 (default)
2019-09-26 19:36:01,877 [728ea44c-f097-440a-a87e-c27a68d48f14@group-BB094026C928:LeaderElection973] INFO  impl.RaftServerImpl (ServerState.java:setLeader(253)) - 728ea44c-f097-440a-a87e-c27a68d48f14@group-BB094026C928: change Leader from null to 728ea44c-f097-440a-a87e-c27a68d48f14 at term 1 for becomeLeader, leader elected after 5998ms
2019-09-26 19:36:01,877 [27cb48db-4b88-4c0c-b213-19f9b2fffaff@group-60CEE626D65C:LeaderElection977] INFO  impl.RaftServerImpl (ServerState.java:setLeader(253)) - 27cb48db-4b88-4c0c-b213-19f9b2fffaff@group-60CEE626D65C: change Leader from null to 27cb48db-4b88-4c0c-b213-19f9b2fffaff at term 1 for becomeLeader, leader elected after 5818ms
2019-09-26 19:36:01,877 [728ea44c-f097-440a-a87e-c27a68d48f14@group-40C621A7E37E:LeaderElection976] INFO  server.RaftServerConfigKeys (ConfUtils.java:logGet(43)) - raft.server.staging.catchup.gap = 1000 (default)
2019-09-26 19:36:01,877 [27cb48db-4b88-4c0c-b213-19f9b2fffaff@group-9EE6F63F4F99:LeaderElection970] INFO  server.RaftServerConfigKeys (ConfUtils.java:logGet(43)) - raft.server.write.element-limit = 4096 (default)
2019-09-26 19:36:02,372 [27cb48db-4b88-4c0c-b213-19f9b2fffaff@group-9EE6F63F4F99:LeaderElection970] INFO  server.RaftServerConfigKeys (ConfUtils.java:logGet(43)) - raft.server.watch.timeout = 10s (default)
2019-09-26 19:36:01,877 [99aa1396-69c4-4985-9b2a-20430cc4a0a7@group-FB63D571C0D2:LeaderElection971] INFO  impl.RaftServerImpl (ServerState.java:setLeader(253)) - 99aa1396-69c4-4985-9b2a-20430cc4a0a7@group-FB63D571C0D2: change Leader from null to 99aa1396-69c4-4985-9b2a-20430cc4a0a7 at term 1 for becomeLeader, leader elected after 5743ms
2019-09-26 19:36:01,877 [728ea44c-f097-440a-a87e-c27a68d48f14@group-A3FDED93FB37:LeaderElection972] INFO  impl.RaftServerImpl (ServerState.java:setLeader(253)) - 728ea44c-f097-440a-a87e-c27a68d48f14@group-A3FDED93FB37: change Leader from null to 728ea44c-f097-440a-a87e-c27a68d48f14 at term 1 for becomeLeader, leader elected after 5758ms
2019-09-26 19:36:02,373 [728ea44c-f097-440a-a87e-c27a68d48f14@group-A3FDED93FB37:LeaderElection972] INFO  server.RaftServerConfigKeys (ConfUtils.java:logGet(43)) - raft.server.staging.catchup.gap = 1000 (default)
2019-09-26 19:36:02,373 [728ea44c-f097-440a-a87e-c27a68d48f14@group-A3FDED93FB37:LeaderElection972] INFO  server.RaftServerConfigKeys (ConfUtils.java:logGet(43)) - raft.server.rpc.sleep.time = 25ms (default)
2019-09-26 19:36:01,877 [99aa1396-69c4-4985-9b2a-20430cc4a0a7@group-0F0EA66DDF60:LeaderElection965] INFO  impl.RoleInfo (RoleInfo.java:updateAndGet(143)) - 99aa1396-69c4-4985-9b2a-20430cc4a0a7: start LeaderState
2019-09-26 19:36:01,877 [728ea44c-f097-440a-a87e-c27a68d48f14@group-11D4F4DFACD7:LeaderElection962] INFO  segmented.SegmentedRaftLogWorker (SegmentedRaftLogWorker.java:startLogSegment(380)) - 728ea44c-f097-440a-a87e-c27a68d48f14@group-11D4F4DFACD7-SegmentedRaftLogWorker: Starting segment from index:0
2019-09-26 19:36:01,877 [99aa1396-69c4-4985-9b2a-20430cc4a0a7@group-B36985718576:LeaderElection969] INFO  impl.RoleInfo (RoleInfo.java:updateAndGet(143)) - 99aa1396-69c4-4985-9b2a-20430cc4a0a7: start LeaderState
2019-09-26 19:36:01,877 [27cb48db-4b88-4c0c-b213-19f9b2fffaff@group-DC07AB1829D3:LeaderElection964] INFO  segmented.SegmentedRaftLogWorker (SegmentedRaftLogWorker.java:startLogSegment(380)) - 27cb48db-4b88-4c0c-b213-19f9b2fffaff@group-DC07AB1829D3-SegmentedRaftLogWorker: Starting segment from index:0
2019-09-26 19:36:01,877 [27cb48db-4b88-4c0c-b213-19f9b2fffaff@group-B295C7228A94:LeaderElection979] INFO  impl.RaftServerImpl (ServerState.java:setLeader(253)) - 27cb48db-4b88-4c0c-b213-19f9b2fffaff@group-B295C7228A94: change Leader from null to 27cb48db-4b88-4c0c-b213-19f9b2fffaff at term 1 for becomeLeader, leader elected after 5659ms
2019-09-26 19:36:02,875 [27cb48db-4b88-4c0c-b213-19f9b2fffaff@group-B295C7228A94:LeaderElection979] INFO  server.RaftServerConfigKeys (ConfUtils.java:logGet(43)) - raft.server.staging.catchup.gap = 1000 (default)
2019-09-26 19:36:01,877 [27cb48db-4b88-4c0c-b213-19f9b2fffaff@group-B1E3039FE9C9:LeaderElection975] INFO  server.RaftServerConfigKeys (ConfUtils.java:logGet(43)) - raft.server.staging.catchup.gap = 1000 (default)
2019-09-26 19:36:03,333 [27cb48db-4b88-4c0c-b213-19f9b2fffaff@group-B1E3039FE9C9:LeaderElection975] INFO  server.RaftServerConfigKeys (ConfUtils.java:logGet(43)) - raft.server.rpc.sleep.time = 25ms (default)
2019-09-26 19:36:01,876 [pool-271-thread-1] INFO  server.RaftServerConfigKeys (ConfUtils.java:logGet(43)) - raft.server.sleep.deviation.threshold = 300 (default)
2019-09-26 19:36:01,876 [27cb48db-4b88-4c0c-b213-19f9b2fffaff@group-E18203AECDC0:LeaderElection978] INFO  impl.RaftServerImpl (RaftServerImpl.java:setRole(174)) - 27cb48db-4b88-4c0c-b213-19f9b2fffaff@group-E18203AECDC0: changes role from CANDIDATE to LEADER at term 1 for changeToLeader
2019-09-26 19:36:03,333 [27cb48db-4b88-4c0c-b213-19f9b2fffaff@group-E18203AECDC0:LeaderElection978] INFO  impl.RaftServerImpl (ServerState.java:setLeader(253)) - 27cb48db-4b88-4c0c-b213-19f9b2fffaff@group-E18203AECDC0: change Leader from null to 27cb48db-4b88-4c0c-b213-19f9b2fffaff at term 1 for becomeLeader, leader elected after 7239ms
2019-09-26 19:36:01,876 [27cb48db-4b88-4c0c-b213-19f9b2fffaff@group-2F3E80AC4EAF:LeaderElection968] INFO  impl.RoleInfo (RoleInfo.java:updateAndGet(143)) - 27cb48db-4b88-4c0c-b213-19f9b2fffaff: start LeaderState
2019-09-26 19:36:03,333 [27cb48db-4b88-4c0c-b213-19f9b2fffaff@group-E18203AECDC0:LeaderElection978] INFO  server.RaftServerConfigKeys (ConfUtils.java:logGet(43)) - raft.server.staging.catchup.gap = 1000 (default)
2019-09-26 19:36:03,333 [pool-271-thread-1] INFO  server.RaftServerConfigKeys (ConfUtils.java:logGet(43)) - raft.server.log.appender.install.snapshot.enabled = false (custom)
2019-09-26 19:36:03,333 [27cb48db-4b88-4c0c-b213-19f9b2fffaff@group-B1E3039FE9C9:LeaderElection975] INFO  server.RaftServerConfigKeys (ConfUtils.java:logGet(43)) - raft.server.write.element-limit = 4096 (default)
2019-09-26 19:36:03,333 [27cb48db-4b88-4c0c-b213-19f9b2fffaff@group-B295C7228A94:LeaderElection979] INFO  server.RaftServerConfigKeys (ConfUtils.java:logGet(43)) - raft.server.rpc.sleep.time = 25ms (default)
2019-09-26 19:36:03,329 [Thread-6858] WARN  util.JavaUtils (JavaUtils.java:sleep(250)) - Unexpected long sleep: sleep(5007ms) actually took 5411ms which is over the threshold 300ms
2019-09-26 19:36:03,326 [Thread-6907] INFO  impl.FollowerState (FollowerState.java:run(106)) - 728ea44c-f097-440a-a87e-c27a68d48f14:group-516E0962CCE3 changes to CANDIDATE, lastRpcTime:5047, electionTimeout:5047ms
2019-09-26 19:36:03,322 [Thread-6846] WARN  util.JavaUtils (JavaUtils.java:sleep(250)) - Unexpected long sleep: sleep(5169ms) actually took 5480ms which is over the threshold 300ms
2019-09-26 19:36:03,317 [Thread-6863] INFO  impl.FollowerState (FollowerState.java:run(106)) - 27cb48db-4b88-4c0c-b213-19f9b2fffaff:group-7B2272C14AEF changes to CANDIDATE, lastRpcTime:5369, electionTimeout:5123ms
2019-09-26 19:36:03,334 [Thread-6863] INFO  impl.RoleInfo (RoleInfo.java:shutdownFollowerState(121)) - 27cb48db-4b88-4c0c-b213-19f9b2fffaff: shutdown FollowerState
2019-09-26 19:36:03,315 [Thread-6866] INFO  impl.FollowerState (FollowerState.java:run(106)) - 728ea44c-f097-440a-a87e-c27a68d48f14:group-38F2945183E6 changes to CANDIDATE, lastRpcTime:5322, electionTimeout:5098ms
2019-09-26 19:36:03,313 [728ea44c-f097-440a-a87e-c27a68d48f14@group-569657D0E72C-SegmentedRaftLogWorker] ERROR segmented.SegmentedRaftLogWorker (SegmentedRaftLogWorker.java:run(323)) - 728ea44c-f097-440a-a87e-c27a68d48f14@group-569657D0E72C-SegmentedRaftLogWorker hit exception
java.lang.OutOfMemoryError: Direct buffer memory
	at java.nio.Bits.reserveMemory(Bits.java:666)
	at java.nio.DirectByteBuffer.<init>(DirectByteBuffer.java:123)
	at java.nio.ByteBuffer.allocateDirect(ByteBuffer.java:311)
	at org.apache.ratis.server.raftlog.segmented.BufferedWriteChannel.<init>(BufferedWriteChannel.java:41)
	at org.apache.ratis.server.raftlog.segmented.SegmentedRaftLogOutputStream.<init>(SegmentedRaftLogOutputStream.java:72)
	at org.apache.ratis.server.raftlog.segmented.SegmentedRaftLogWorker$StartLogSegment.execute(SegmentedRaftLogWorker.java:566)
	at org.apache.ratis.server.raftlog.segmented.SegmentedRaftLogWorker.run(SegmentedRaftLogWorker.java:289)
	at java.lang.Thread.run(Thread.java:748)
2019-09-26 19:36:03,310 [Thread-6875] INFO  impl.FollowerState (FollowerState.java:run(106)) - 99aa1396-69c4-4985-9b2a-20430cc4a0a7:group-BA736CDCA3E4 changes to CANDIDATE, lastRpcTime:5259, electionTimeout:5108ms
2019-09-26 19:36:03,307 [Thread-6889] INFO  impl.FollowerState (FollowerState.java:run(106)) - 27cb48db-4b88-4c0c-b213-19f9b2fffaff:group-9D764B33AD0C changes to CANDIDATE, lastRpcTime:5172, electionTimeout:5060ms
2019-09-26 19:36:03,307 [Thread-6894] INFO  impl.FollowerState (FollowerState.java:run(106)) - 99aa1396-69c4-4985-9b2a-20430cc4a0a7:group-119644BB2AD2 changes to CANDIDATE, lastRpcTime:5133, electionTimeout:5025ms
2019-09-26 19:36:03,304 [Thread-6882] INFO  impl.FollowerState (FollowerState.java:run(106)) - 728ea44c-f097-440a-a87e-c27a68d48f14:group-09E478195B44 changes to CANDIDATE, lastRpcTime:5213, electionTimeout:5140ms
2019-09-26 19:36:03,335 [Thread-6882] INFO  impl.RoleInfo (RoleInfo.java:shutdownFollowerState(121)) - 728ea44c-f097-440a-a87e-c27a68d48f14: shutdown FollowerState
2019-09-26 19:36:02,875 [27cb48db-4b88-4c0c-b213-19f9b2fffaff@group-DC07AB1829D3:LeaderElection964] INFO  impl.RaftServerImpl (ServerState.java:setRaftConf(354)) - 27cb48db-4b88-4c0c-b213-19f9b2fffaff@group-DC07AB1829D3: set configuration 0: [27cb48db-4b88-4c0c-b213-19f9b2fffaff:192.168.151.99:37457], old=null at 0
2019-09-26 19:36:02,373 [728ea44c-f097-440a-a87e-c27a68d48f14@group-11D4F4DFACD7:LeaderElection962] INFO  impl.RaftServerImpl (ServerState.java:setRaftConf(354)) - 728ea44c-f097-440a-a87e-c27a68d48f14@group-11D4F4DFACD7: set configuration 0: [728ea44c-f097-440a-a87e-c27a68d48f14:192.168.151.99:38783], old=null at 0
2019-09-26 19:36:02,873 [728ea44c-f097-440a-a87e-c27a68d48f14@group-CD95CCA6E5DE:LeaderElection986] INFO  impl.LeaderElection (LeaderElection.java:askForVotes(182)) - 728ea44c-f097-440a-a87e-c27a68d48f14@group-CD95CCA6E5DE:LeaderElection986: begin an election at term 1 for -1: [728ea44c-f097-440a-a87e-c27a68d48f14:192.168.151.99:38783], old=null
2019-09-26 19:36:03,336 [728ea44c-f097-440a-a87e-c27a68d48f14@group-CD95CCA6E5DE:LeaderElection986] INFO  impl.RoleInfo (RoleInfo.java:shutdownLeaderElection(134)) - 728ea44c-f097-440a-a87e-c27a68d48f14: shutdown LeaderElection
2019-09-26 19:36:02,873 [27cb48db-4b88-4c0c-b213-19f9b2fffaff@group-FEE7AAE57329:LeaderElection987] INFO  impl.LeaderElection (LeaderElection.java:askForVotes(182)) - 27cb48db-4b88-4c0c-b213-19f9b2fffaff@group-FEE7AAE57329:LeaderElection987: begin an election at term 1 for -1: [27cb48db-4b88-4c0c-b213-19f9b2fffaff:192.168.151.99:37457], old=null
2019-09-26 19:36:03,336 [27cb48db-4b88-4c0c-b213-19f9b2fffaff@group-FEE7AAE57329:LeaderElection987] INFO  impl.RoleInfo (RoleInfo.java:shutdownLeaderElection(134)) - 27cb48db-4b88-4c0c-b213-19f9b2fffaff: shutdown LeaderElection
2019-09-26 19:36:02,873 [728ea44c-f097-440a-a87e-c27a68d48f14@group-7C646671DC62:LeaderElection983] INFO  impl.LeaderElection (LeaderElection.java:askForVotes(182)) - 728ea44c-f097-440a-a87e-c27a68d48f14@group-7C646671DC62:LeaderElection983: begin an election at term 1 for -1: [728ea44c-f097-440a-a87e-c27a68d48f14:192.168.151.99:38783], old=null
2019-09-26 19:36:02,873 [728ea44c-f097-440a-a87e-c27a68d48f14@group-89DB952C4950:LeaderElection982] INFO  impl.LeaderElection (LeaderElection.java:askForVotes(182)) - 728ea44c-f097-440a-a87e-c27a68d48f14@group-89DB952C4950:LeaderElection982: begin an election at term 1 for -1: [728ea44c-f097-440a-a87e-c27a68d48f14:192.168.151.99:38783], old=null
2019-09-26 19:36:02,873 [27cb48db-4b88-4c0c-b213-19f9b2fffaff@group-F337E4A86832:LeaderElection985] INFO  impl.LeaderElection (LeaderElection.java:askForVotes(182)) - 27cb48db-4b88-4c0c-b213-19f9b2fffaff@group-F337E4A86832:LeaderElection985: begin an election at term 1 for -1: [27cb48db-4b88-4c0c-b213-19f9b2fffaff:192.168.151.99:37457], old=null
2019-09-26 19:36:03,336 [27cb48db-4b88-4c0c-b213-19f9b2fffaff@group-F337E4A86832:LeaderElection985] INFO  impl.RoleInfo (RoleInfo.java:shutdownLeaderElection(134)) - 27cb48db-4b88-4c0c-b213-19f9b2fffaff: shutdown LeaderElection
2019-09-26 19:36:02,873 [728ea44c-f097-440a-a87e-c27a68d48f14@group-8B20934A7F11:LeaderElection984] INFO  impl.LeaderElection (LeaderElection.java:askForVotes(182)) - 728ea44c-f097-440a-a87e-c27a68d48f14@group-8B20934A7F11:LeaderElection984: begin an election at term 1 for -1: [728ea44c-f097-440a-a87e-c27a68d48f14:192.168.151.99:38783], old=null
2019-09-26 19:36:02,873 [27cb48db-4b88-4c0c-b213-19f9b2fffaff@group-BEB29AE3C17F:LeaderElection981] INFO  impl.LeaderElection (LeaderElection.java:askForVotes(182)) - 27cb48db-4b88-4c0c-b213-19f9b2fffaff@group-BEB29AE3C17F:LeaderElection981: begin an election at term 1 for -1: [27cb48db-4b88-4c0c-b213-19f9b2fffaff:192.168.151.99:37457], old=null
2019-09-26 19:36:03,337 [27cb48db-4b88-4c0c-b213-19f9b2fffaff@group-BEB29AE3C17F:LeaderElection981] INFO  impl.RoleInfo (RoleInfo.java:shutdownLeaderElection(134)) - 27cb48db-4b88-4c0c-b213-19f9b2fffaff: shutdown LeaderElection
2019-09-26 19:36:02,873 [27cb48db-4b88-4c0c-b213-19f9b2fffaff@group-D0AE5A240A11:LeaderElection980] INFO  impl.LeaderElection (LeaderElection.java:askForVotes(182)) - 27cb48db-4b88-4c0c-b213-19f9b2fffaff@group-D0AE5A240A11:LeaderElection980: begin an election at term 1 for -1: [27cb48db-4b88-4c0c-b213-19f9b2fffaff:192.168.151.99:37457], old=null
2019-09-26 19:36:03,337 [27cb48db-4b88-4c0c-b213-19f9b2fffaff@group-D0AE5A240A11:LeaderElection980] INFO  impl.RoleInfo (RoleInfo.java:shutdownLeaderElection(134)) - 27cb48db-4b88-4c0c-b213-19f9b2fffaff: shutdown LeaderElection
2019-09-26 19:36:02,863 [Thread-6444] INFO  impl.FollowerState (FollowerState.java:run(106)) - 27cb48db-4b88-4c0c-b213-19f9b2fffaff:group-9B0E204FFB32 changes to CANDIDATE, lastRpcTime:10728, electionTimeout:5194ms
2019-09-26 19:36:03,337 [Thread-6444] INFO  impl.RoleInfo (RoleInfo.java:shutdownFollowerState(121)) - 27cb48db-4b88-4c0c-b213-19f9b2fffaff: shutdown FollowerState
2019-09-26 19:36:02,859 [99aa1396-69c4-4985-9b2a-20430cc4a0a7@group-45151E1529C8-SegmentedRaftLogWorker] ERROR segmented.SegmentedRaftLogWorker (SegmentedRaftLogWorker.java:run(323)) - 99aa1396-69c4-4985-9b2a-20430cc4a0a7@group-45151E1529C8-SegmentedRaftLogWorker hit exception
java.lang.OutOfMemoryError: Direct buffer memory
	at java.nio.Bits.reserveMemory(Bits.java:666)
	at java.nio.DirectByteBuffer.<init>(DirectByteBuffer.java:123)
	at java.nio.ByteBuffer.allocateDirect(ByteBuffer.java:311)
	at org.apache.ratis.server.raftlog.segmented.BufferedWriteChannel.<init>(BufferedWriteChannel.java:41)
	at org.apache.ratis.server.raftlog.segmented.SegmentedRaftLogOutputStream.<init>(SegmentedRaftLogOutputStream.java:72)
	at org.apache.ratis.server.raftlog.segmented.SegmentedRaftLogWorker$StartLogSegment.execute(SegmentedRaftLogWorker.java:566)
	at org.apache.ratis.server.raftlog.segmented.SegmentedRaftLogWorker.run(SegmentedRaftLogWorker.java:289)
	at java.lang.Thread.run(Thread.java:748)
2019-09-26 19:36:03,337 [99aa1396-69c4-4985-9b2a-20430cc4a0a7@group-45151E1529C8-SegmentedRaftLogWorker] INFO  impl.RaftServerImpl (RaftServerImpl.java:lambda$shutdown$3(251)) - 99aa1396-69c4-4985-9b2a-20430cc4a0a7@group-45151E1529C8: shutdown
2019-09-26 19:36:02,859 [27cb48db-4b88-4c0c-b213-19f9b2fffaff@group-A2AAB7CD5BAC-SegmentedRaftLogWorker] ERROR segmented.SegmentedRaftLogWorker (SegmentedRaftLogWorker.java:run(323)) - 27cb48db-4b88-4c0c-b213-19f9b2fffaff@group-A2AAB7CD5BAC-SegmentedRaftLogWorker hit exception
java.lang.OutOfMemoryError: Direct buffer memory
	at java.nio.Bits.reserveMemory(Bits.java:666)
	at java.nio.DirectByteBuffer.<init>(DirectByteBuffer.java:123)
	at java.nio.ByteBuffer.allocateDirect(ByteBuffer.java:311)
	at org.apache.ratis.server.raftlog.segmented.BufferedWriteChannel.<init>(BufferedWriteChannel.java:41)
	at org.apache.ratis.server.raftlog.segmented.SegmentedRaftLogOutputStream.<init>(SegmentedRaftLogOutputStream.java:72)
	at org.apache.ratis.server.raftlog.segmented.SegmentedRaftLogWorker$StartLogSegment.execute(SegmentedRaftLogWorker.java:566)
	at org.apache.ratis.server.raftlog.segmented.SegmentedRaftLogWorker.run(SegmentedRaftLogWorker.java:289)
	at java.lang.Thread.run(Thread.java:748)
2019-09-26 19:36:03,338 [27cb48db-4b88-4c0c-b213-19f9b2fffaff@group-A2AAB7CD5BAC-SegmentedRaftLogWorker] INFO  impl.RaftServerImpl (RaftServerImpl.java:lambda$shutdown$3(251)) - 27cb48db-4b88-4c0c-b213-19f9b2fffaff@group-A2AAB7CD5BAC: shutdown
2019-09-26 19:36:02,858 [Thread-6429] INFO  impl.FollowerState (FollowerState.java:run(106)) - 27cb48db-4b88-4c0c-b213-19f9b2fffaff:group-A260F6F3F135 changes to CANDIDATE, lastRpcTime:10862, electionTimeout:5189ms
2019-09-26 19:36:03,338 [Thread-6429] INFO  impl.RoleInfo (RoleInfo.java:shutdownFollowerState(121)) - 27cb48db-4b88-4c0c-b213-19f9b2fffaff: shutdown FollowerState
2019-09-26 19:36:02,858 [Thread-6426] INFO  impl.FollowerState (FollowerState.java:run(106)) - 27cb48db-4b88-4c0c-b213-19f9b2fffaff:group-656C4891FD7A changes to CANDIDATE, lastRpcTime:10900, electionTimeout:5189ms
2019-09-26 19:36:03,338 [Thread-6426] INFO  impl.RoleInfo (RoleInfo.java:shutdownFollowerState(121)) - 27cb48db-4b88-4c0c-b213-19f9b2fffaff: shutdown FollowerState
2019-09-26 19:36:02,856 [Thread-6396] INFO  impl.FollowerState (FollowerState.java:run(106)) - 27cb48db-4b88-4c0c-b213-19f9b2fffaff:group-8502D39265A6 changes to CANDIDATE, lastRpcTime:11243, electionTimeout:5174ms
2019-09-26 19:36:02,854 [Thread-6432] INFO  impl.FollowerState (FollowerState.java:run(106)) - 728ea44c-f097-440a-a87e-c27a68d48f14:group-A248398DF8D6 changes to CANDIDATE, lastRpcTime:10820, electionTimeout:5050ms
2019-09-26 19:36:02,853 [Thread-6408] INFO  impl.FollowerState (FollowerState.java:run(106)) - 27cb48db-4b88-4c0c-b213-19f9b2fffaff:group-E5EC31325CD2 changes to CANDIDATE, lastRpcTime:11093, electionTimeout:5014ms
2019-09-26 19:36:02,853 [Thread-6441] INFO  impl.FollowerState (FollowerState.java:run(106)) - 728ea44c-f097-440a-a87e-c27a68d48f14:group-81150C1B35EC changes to CANDIDATE, lastRpcTime:10750, electionTimeout:5184ms
2019-09-26 19:36:03,339 [Thread-6441] INFO  impl.RoleInfo (RoleInfo.java:shutdownFollowerState(121)) - 728ea44c-f097-440a-a87e-c27a68d48f14: shutdown FollowerState
2019-09-26 19:36:02,853 [Thread-6414] INFO  impl.FollowerState (FollowerState.java:run(106)) - 27cb48db-4b88-4c0c-b213-19f9b2fffaff:group-53CA1E877E21 changes to CANDIDATE, lastRpcTime:11054, electionTimeout:5025ms
2019-09-26 19:36:03,339 [Thread-6414] INFO  impl.RoleInfo (RoleInfo.java:shutdownFollowerState(121)) - 27cb48db-4b88-4c0c-b213-19f9b2fffaff: shutdown FollowerState
2019-09-26 19:36:02,853 [Thread-6447] INFO  impl.FollowerState (FollowerState.java:run(106)) - 27cb48db-4b88-4c0c-b213-19f9b2fffaff:group-D1BA8AE37FD0 changes to CANDIDATE, lastRpcTime:10681, electionTimeout:5059ms
2019-09-26 19:36:02,851 [Thread-6402] INFO  impl.FollowerState (FollowerState.java:run(106)) - 27cb48db-4b88-4c0c-b213-19f9b2fffaff:group-CD5E6EACE70C changes to CANDIDATE, lastRpcTime:11152, electionTimeout:5033ms
2019-09-26 19:36:02,848 [Thread-6417] INFO  impl.FollowerState (FollowerState.java:run(106)) - 27cb48db-4b88-4c0c-b213-19f9b2fffaff:group-CF122FDC6C03 changes to CANDIDATE, lastRpcTime:11013, electionTimeout:5102ms
2019-09-26 19:36:02,846 [Thread-6420] INFO  impl.FollowerState (FollowerState.java:run(106)) - 728ea44c-f097-440a-a87e-c27a68d48f14:group-B46C9A7EAD2D changes to CANDIDATE, lastRpcTime:10960, electionTimeout:5114ms
2019-09-26 19:36:02,845 [Thread-6411] INFO  impl.FollowerState (FollowerState.java:run(106)) - 27cb48db-4b88-4c0c-b213-19f9b2fffaff:group-5B13DE4C131A changes to CANDIDATE, lastRpcTime:11066, electionTimeout:5129ms
2019-09-26 19:36:02,845 [Thread-6456] INFO  impl.FollowerState (FollowerState.java:run(106)) - 27cb48db-4b88-4c0c-b213-19f9b2fffaff:group-3B1BD1A60D37 changes to CANDIDATE, lastRpcTime:10561, electionTimeout:5130ms
2019-09-26 19:36:02,844 [Thread-6438] INFO  impl.FollowerState (FollowerState.java:run(106)) - 27cb48db-4b88-4c0c-b213-19f9b2fffaff:group-684BA3C5CC11 changes to CANDIDATE, lastRpcTime:10775, electionTimeout:5134ms
2019-09-26 19:36:02,843 [Thread-6435] INFO  impl.FollowerState (FollowerState.java:run(106)) - 27cb48db-4b88-4c0c-b213-19f9b2fffaff:group-2101955D751F changes to CANDIDATE, lastRpcTime:10793, electionTimeout:5151ms
2019-09-26 19:36:03,340 [Thread-6435] INFO  impl.RoleInfo (RoleInfo.java:shutdownFollowerState(121)) - 27cb48db-4b88-4c0c-b213-19f9b2fffaff: shutdown FollowerState
2019-09-26 19:36:02,843 [Thread-6393] INFO  impl.FollowerState (FollowerState.java:run(106)) - 27cb48db-4b88-4c0c-b213-19f9b2fffaff:group-BA9ADC048FEB changes to CANDIDATE, lastRpcTime:11275, electionTimeout:5157ms
2019-09-26 19:36:02,841 [Thread-6405] INFO  impl.FollowerState (FollowerState.java:run(106)) - 27cb48db-4b88-4c0c-b213-19f9b2fffaff:group-686B5EE37884 changes to CANDIDATE, lastRpcTime:11104, electionTimeout:5188ms
2019-09-26 19:36:03,340 [Thread-6405] INFO  impl.RoleInfo (RoleInfo.java:shutdownFollowerState(121)) - 27cb48db-4b88-4c0c-b213-19f9b2fffaff: shutdown FollowerState
2019-09-26 19:36:02,841 [Thread-6423] INFO  impl.FollowerState (FollowerState.java:run(106)) - 27cb48db-4b88-4c0c-b213-19f9b2fffaff:group-3731B9264D30 changes to CANDIDATE, lastRpcTime:10919, electionTimeout:5172ms
2019-09-26 19:36:02,373 [99aa1396-69c4-4985-9b2a-20430cc4a0a7@group-B36985718576:LeaderElection969] INFO  segmented.SegmentedRaftLogWorker (SegmentedRaftLogWorker.java:startLogSegment(380)) - 99aa1396-69c4-4985-9b2a-20430cc4a0a7@group-B36985718576-SegmentedRaftLogWorker: Starting segment from index:0
2019-09-26 19:36:02,373 [99aa1396-69c4-4985-9b2a-20430cc4a0a7@group-0F0EA66DDF60:LeaderElection965] INFO  segmented.SegmentedRaftLogWorker (SegmentedRaftLogWorker.java:startLogSegment(380)) - 99aa1396-69c4-4985-9b2a-20430cc4a0a7@group-0F0EA66DDF60-SegmentedRaftLogWorker: Starting segment from index:0
2019-09-26 19:36:03,341 [99aa1396-69c4-4985-9b2a-20430cc4a0a7@group-B36985718576:LeaderElection969] INFO  impl.RaftServerImpl (ServerState.java:setRaftConf(354)) - 99aa1396-69c4-4985-9b2a-20430cc4a0a7@group-B36985718576: set configuration 0: [99aa1396-69c4-4985-9b2a-20430cc4a0a7:192.168.151.99:40213], old=null at 0
2019-09-26 19:36:02,373 [728ea44c-f097-440a-a87e-c27a68d48f14@group-A3FDED93FB37:LeaderElection972] INFO  server.RaftServerConfigKeys (ConfUtils.java:logGet(43)) - raft.server.write.element-limit = 4096 (default)
2019-09-26 19:36:03,341 [99aa1396-69c4-4985-9b2a-20430cc4a0a7@group-0F0EA66DDF60:LeaderElection965] INFO  impl.RaftServerImpl (ServerState.java:setRaftConf(354)) - 99aa1396-69c4-4985-9b2a-20430cc4a0a7@group-0F0EA66DDF60: set configuration 0: [99aa1396-69c4-4985-9b2a-20430cc4a0a7:192.168.151.99:40213], old=null at 0
2019-09-26 19:36:02,372 [99aa1396-69c4-4985-9b2a-20430cc4a0a7@group-FB63D571C0D2:LeaderElection971] INFO  server.RaftServerConfigKeys (ConfUtils.java:logGet(43)) - raft.server.staging.catchup.gap = 1000 (default)
2019-09-26 19:36:02,372 [27cb48db-4b88-4c0c-b213-19f9b2fffaff@group-9EE6F63F4F99:LeaderElection970] INFO  server.RaftServerConfigKeys (ConfUtils.java:logGet(43)) - raft.server.watch.timeout.denomination = 1s (default)
2019-09-26 19:36:02,372 [728ea44c-f097-440a-a87e-c27a68d48f14@group-40C621A7E37E:LeaderElection976] INFO  server.RaftServerConfigKeys (ConfUtils.java:logGet(43)) - raft.server.rpc.sleep.time = 25ms (default)
2019-09-26 19:36:02,372 [27cb48db-4b88-4c0c-b213-19f9b2fffaff@group-60CEE626D65C:LeaderElection977] INFO  server.RaftServerConfigKeys (ConfUtils.java:logGet(43)) - raft.server.staging.catchup.gap = 1000 (default)
2019-09-26 19:36:02,372 [728ea44c-f097-440a-a87e-c27a68d48f14@group-BB094026C928:LeaderElection973] INFO  server.RaftServerConfigKeys (ConfUtils.java:logGet(43)) - raft.server.staging.catchup.gap = 1000 (default)
2019-09-26 19:36:02,371 [728ea44c-f097-440a-a87e-c27a68d48f14@group-CC0AC654280F:LeaderElection974] INFO  server.RaftServerConfigKeys (ConfUtils.java:logGet(43)) - raft.server.rpc.sleep.time = 25ms (default)
2019-09-26 19:36:02,370 [27cb48db-4b88-4c0c-b213-19f9b2fffaff@group-4716D0EACE8F:LeaderElection967] INFO  server.RaftServerConfigKeys (ConfUtils.java:logGet(43)) - raft.server.watch.element-limit = 65536 (default)
2019-09-26 19:36:03,832 [728ea44c-f097-440a-a87e-c27a68d48f14@group-CC0AC654280F:LeaderElection974] INFO  server.RaftServerConfigKeys (ConfUtils.java:logGet(43)) - raft.server.write.element-limit = 4096 (default)
2019-09-26 19:36:03,832 [728ea44c-f097-440a-a87e-c27a68d48f14@group-BB094026C928:LeaderElection973] INFO  server.RaftServerConfigKeys (ConfUtils.java:logGet(43)) - raft.server.rpc.sleep.time = 25ms (default)
2019-09-26 19:36:03,832 [27cb48db-4b88-4c0c-b213-19f9b2fffaff@group-60CEE626D65C:LeaderElection977] INFO  server.RaftServerConfigKeys (ConfUtils.java:logGet(43)) - raft.server.rpc.sleep.time = 25ms (default)
2019-09-26 19:36:03,832 [728ea44c-f097-440a-a87e-c27a68d48f14@group-40C621A7E37E:LeaderElection976] INFO  server.RaftServerConfigKeys (ConfUtils.java:logGet(43)) - raft.server.write.element-limit = 4096 (default)
2019-09-26 19:36:03,832 [27cb48db-4b88-4c0c-b213-19f9b2fffaff@group-9EE6F63F4F99:LeaderElection970] INFO  server.RaftServerConfigKeys (ConfUtils.java:logGet(43)) - raft.server.watch.element-limit = 65536 (default)
2019-09-26 19:36:03,831 [99aa1396-69c4-4985-9b2a-20430cc4a0a7@group-FB63D571C0D2:LeaderElection971] INFO  server.RaftServerConfigKeys (ConfUtils.java:logGet(43)) - raft.server.rpc.sleep.time = 25ms (default)
2019-09-26 19:36:03,829 [Thread-6917] WARN  util.JavaUtils (JavaUtils.java:sleep(250)) - Unexpected long sleep: sleep(5009ms) actually took 5469ms which is over the threshold 300ms
2019-09-26 19:36:03,826 [Thread-6898] WARN  util.JavaUtils (JavaUtils.java:sleep(250)) - Unexpected long sleep: sleep(5188ms) actually took 5614ms which is over the threshold 300ms
2019-09-26 19:36:03,823 [Thread-6904] WARN  util.JavaUtils (JavaUtils.java:sleep(250)) - Unexpected long sleep: sleep(5197ms) actually took 5575ms which is over the threshold 300ms
2019-09-26 19:36:03,821 [Thread-6932] WARN  util.JavaUtils (JavaUtils.java:sleep(250)) - Unexpected long sleep: sleep(5013ms) actually took 5357ms which is over the threshold 300ms
2019-09-26 19:36:03,821 [Thread-6911] WARN  util.JavaUtils (JavaUtils.java:sleep(250)) - Unexpected long sleep: sleep(5155ms) actually took 5500ms which is over the threshold 300ms
2019-09-26 19:36:03,820 [Thread-6925] WARN  util.JavaUtils (JavaUtils.java:sleep(250)) - Unexpected long sleep: sleep(5049ms) actually took 5384ms which is over the threshold 300ms
2019-09-26 19:36:03,819 [Thread-6922] WARN  util.JavaUtils (JavaUtils.java:sleep(250)) - Unexpected long sleep: sleep(5082ms) actually took 5411ms which is over the threshold 300ms
2019-09-26 19:36:03,819 [Thread-6981] INFO  impl.FollowerState (FollowerState.java:run(106)) - 27cb48db-4b88-4c0c-b213-19f9b2fffaff:group-081BA867897B changes to CANDIDATE, lastRpcTime:5009, electionTimeout:5009ms
2019-09-26 19:36:03,814 [Thread-6942] INFO  impl.FollowerState (FollowerState.java:run(106)) - 728ea44c-f097-440a-a87e-c27a68d48f14:group-FC289A8C3177 changes to CANDIDATE, lastRpcTime:5285, electionTimeout:5037ms
2019-09-26 19:36:03,814 [Thread-6935] INFO  impl.FollowerState (FollowerState.java:run(106)) - 27cb48db-4b88-4c0c-b213-19f9b2fffaff:group-AD610815A00B changes to CANDIDATE, lastRpcTime:5313, electionTimeout:5070ms
2019-09-26 19:36:03,813 [728ea44c-f097-440a-a87e-c27a68d48f14@group-1ED449F189BF-SegmentedRaftLogWorker] ERROR segmented.SegmentedRaftLogWorker (SegmentedRaftLogWorker.java:run(323)) - 728ea44c-f097-440a-a87e-c27a68d48f14@group-1ED449F189BF-SegmentedRaftLogWorker hit exception
java.lang.OutOfMemoryError: Direct buffer memory
	at java.nio.Bits.reserveMemory(Bits.java:666)
	at java.nio.DirectByteBuffer.<init>(DirectByteBuffer.java:123)
	at java.nio.ByteBuffer.allocateDirect(ByteBuffer.java:311)
	at org.apache.ratis.server.raftlog.segmented.BufferedWriteChannel.<init>(BufferedWriteChannel.java:41)
	at org.apache.ratis.server.raftlog.segmented.SegmentedRaftLogOutputStream.<init>(SegmentedRaftLogOutputStream.java:72)
	at org.apache.ratis.server.raftlog.segmented.SegmentedRaftLogWorker$StartLogSegment.execute(SegmentedRaftLogWorker.java:566)
	at org.apache.ratis.server.raftlog.segmented.SegmentedRaftLogWorker.run(SegmentedRaftLogWorker.java:289)
	at java.lang.Thread.run(Thread.java:748)
2019-09-26 19:36:03,807 [Thread-6945] INFO  impl.FollowerState (FollowerState.java:run(106)) - 99aa1396-69c4-4985-9b2a-20430cc4a0a7:group-55CDCD0E7166 changes to CANDIDATE, lastRpcTime:5245, electionTimeout:5112ms
2019-09-26 19:36:03,804 [Thread-6957] INFO  impl.FollowerState (FollowerState.java:run(106)) - 27cb48db-4b88-4c0c-b213-19f9b2fffaff:group-269437B58436 changes to CANDIDATE, lastRpcTime:5159, electionTimeout:5072ms
2019-09-26 19:36:03,803 [Thread-6966] INFO  impl.FollowerState (FollowerState.java:run(106)) - 27cb48db-4b88-4c0c-b213-19f9b2fffaff:group-65EB277B690C changes to CANDIDATE, lastRpcTime:5102, electionTimeout:5027ms
2019-09-26 19:36:03,803 [Thread-6960] INFO  impl.FollowerState (FollowerState.java:run(106)) - 27cb48db-4b88-4c0c-b213-19f9b2fffaff:group-604F6EB72B06 changes to CANDIDATE, lastRpcTime:5130, electionTimeout:5061ms
2019-09-26 19:36:03,801 [Thread-6970] INFO  impl.FollowerState (FollowerState.java:run(106)) - 728ea44c-f097-440a-a87e-c27a68d48f14:group-C5D49945B174 changes to CANDIDATE, lastRpcTime:5067, electionTimeout:5067ms
2019-09-26 19:36:03,801 [Thread-6952] INFO  impl.FollowerState (FollowerState.java:run(106)) - 99aa1396-69c4-4985-9b2a-20430cc4a0a7:group-FEEB0BA2637C changes to CANDIDATE, lastRpcTime:5190, electionTimeout:5153ms
2019-09-26 19:36:03,799 [Thread-6975] INFO  impl.FollowerState (FollowerState.java:run(106)) - 27cb48db-4b88-4c0c-b213-19f9b2fffaff:group-A59E1FAF9AD8 changes to CANDIDATE, lastRpcTime:5037, electionTimeout:5023ms
2019-09-26 19:36:03,341 [728ea44c-f097-440a-a87e-c27a68d48f14@group-A3FDED93FB37:LeaderElection972] INFO  server.RaftServerConfigKeys (ConfUtils.java:logGet(43)) - raft.server.watch.timeout = 10s (default)
2019-09-26 19:36:03,340 [Thread-6423] INFO  impl.RoleInfo (RoleInfo.java:shutdownFollowerState(121)) - 27cb48db-4b88-4c0c-b213-19f9b2fffaff: shutdown FollowerState
2019-09-26 19:36:03,340 [Thread-6405] INFO  impl.RaftServerImpl (RaftServerImpl.java:setRole(174)) - 27cb48db-4b88-4c0c-b213-19f9b2fffaff@group-686B5EE37884: changes role from  FOLLOWER to CANDIDATE at term 0 for changeToCandidate
2019-09-26 19:36:03,340 [Thread-6393] INFO  impl.RoleInfo (RoleInfo.java:shutdownFollowerState(121)) - 27cb48db-4b88-4c0c-b213-19f9b2fffaff: shutdown FollowerState
2019-09-26 19:36:03,835 [Thread-6393] INFO  impl.RaftServerImpl (RaftServerImpl.java:setRole(174)) - 27cb48db-4b88-4c0c-b213-19f9b2fffaff@group-BA9ADC048FEB: changes role from  FOLLOWER to CANDIDATE at term 0 for changeToCandidate
2019-09-26 19:36:03,340 [Thread-6435] INFO  impl.RaftServerImpl (RaftServerImpl.java:setRole(174)) - 27cb48db-4b88-4c0c-b213-19f9b2fffaff@group-2101955D751F: changes role from  FOLLOWER to CANDIDATE at term 0 for changeToCandidate
2019-09-26 19:36:03,835 [Thread-6435] INFO  impl.RoleInfo (RoleInfo.java:updateAndGet(143)) - 27cb48db-4b88-4c0c-b213-19f9b2fffaff: start LeaderElection
2019-09-26 19:36:03,340 [Thread-6438] INFO  impl.RoleInfo (RoleInfo.java:shutdownFollowerState(121)) - 27cb48db-4b88-4c0c-b213-19f9b2fffaff: shutdown FollowerState
2019-09-26 19:36:03,340 [Thread-6456] INFO  impl.RoleInfo (RoleInfo.java:shutdownFollowerState(121)) - 27cb48db-4b88-4c0c-b213-19f9b2fffaff: shutdown FollowerState
2019-09-26 19:36:03,339 [Thread-6411] INFO  impl.RoleInfo (RoleInfo.java:shutdownFollowerState(121)) - 27cb48db-4b88-4c0c-b213-19f9b2fffaff: shutdown FollowerState
2019-09-26 19:36:03,339 [Thread-6420] INFO  impl.RoleInfo (RoleInfo.java:shutdownFollowerState(121)) - 728ea44c-f097-440a-a87e-c27a68d48f14: shutdown FollowerState
2019-09-26 19:36:03,339 [Thread-6417] INFO  impl.RoleInfo (RoleInfo.java:shutdownFollowerState(121)) - 27cb48db-4b88-4c0c-b213-19f9b2fffaff: shutdown FollowerState
2019-09-26 19:36:03,339 [Thread-6402] INFO  impl.RoleInfo (RoleInfo.java:shutdownFollowerState(121)) - 27cb48db-4b88-4c0c-b213-19f9b2fffaff: shutdown FollowerState
2019-09-26 19:36:03,836 [Thread-6402] INFO  impl.RaftServerImpl (RaftServerImpl.java:setRole(174)) - 27cb48db-4b88-4c0c-b213-19f9b2fffaff@group-CD5E6EACE70C: changes role from  FOLLOWER to CANDIDATE at term 0 for changeToCandidate
2019-09-26 19:36:03,339 [Thread-6447] INFO  impl.RoleInfo (RoleInfo.java:shutdownFollowerState(121)) - 27cb48db-4b88-4c0c-b213-19f9b2fffaff: shutdown FollowerState
2019-09-26 19:36:03,339 [Thread-6414] INFO  impl.RaftServerImpl (RaftServerImpl.java:setRole(174)) - 27cb48db-4b88-4c0c-b213-19f9b2fffaff@group-53CA1E877E21: changes role from  FOLLOWER to CANDIDATE at term 0 for changeToCandidate
2019-09-26 19:36:03,339 [Thread-6441] INFO  impl.RaftServerImpl (RaftServerImpl.java:setRole(174)) - 728ea44c-f097-440a-a87e-c27a68d48f14@group-81150C1B35EC: changes role from  FOLLOWER to CANDIDATE at term 0 for changeToCandidate
2019-09-26 19:36:03,837 [Thread-6441] INFO  impl.RoleInfo (RoleInfo.java:updateAndGet(143)) - 728ea44c-f097-440a-a87e-c27a68d48f14: start LeaderElection
2019-09-26 19:36:03,339 [Thread-6408] INFO  impl.RoleInfo (RoleInfo.java:shutdownFollowerState(121)) - 27cb48db-4b88-4c0c-b213-19f9b2fffaff: shutdown FollowerState
2019-09-26 19:36:03,837 [Thread-6408] INFO  impl.RaftServerImpl (RaftServerImpl.java:setRole(174)) - 27cb48db-4b88-4c0c-b213-19f9b2fffaff@group-E5EC31325CD2: changes role from  FOLLOWER to CANDIDATE at term 0 for changeToCandidate
2019-09-26 19:36:03,338 [Thread-6432] INFO  impl.RoleInfo (RoleInfo.java:shutdownFollowerState(121)) - 728ea44c-f097-440a-a87e-c27a68d48f14: shutdown FollowerState
2019-09-26 19:36:03,338 [Thread-6396] INFO  impl.RoleInfo (RoleInfo.java:shutdownFollowerState(121)) - 27cb48db-4b88-4c0c-b213-19f9b2fffaff: shutdown FollowerState
2019-09-26 19:36:03,338 [Thread-6426] INFO  impl.RaftServerImpl (RaftServerImpl.java:setRole(174)) - 27cb48db-4b88-4c0c-b213-19f9b2fffaff@group-656C4891FD7A: changes role from  FOLLOWER to CANDIDATE at term 0 for changeToCandidate
2019-09-26 19:36:03,338 [Thread-6429] INFO  impl.RaftServerImpl (RaftServerImpl.java:setRole(174)) - 27cb48db-4b88-4c0c-b213-19f9b2fffaff@group-A260F6F3F135: changes role from  FOLLOWER to CANDIDATE at term 0 for changeToCandidate
2019-09-26 19:36:03,338 [27cb48db-4b88-4c0c-b213-19f9b2fffaff@group-A2AAB7CD5BAC-SegmentedRaftLogWorker] INFO  util.JmxRegister (JmxRegister.java:unregister(73)) - Successfully un-registered JMX Bean with object name Ratis:service=RaftServer,group=group-A2AAB7CD5BAC,id=27cb48db-4b88-4c0c-b213-19f9b2fffaff
2019-09-26 19:36:03,837 [27cb48db-4b88-4c0c-b213-19f9b2fffaff@group-A2AAB7CD5BAC-SegmentedRaftLogWorker] INFO  impl.RoleInfo (RoleInfo.java:shutdownLeaderState(104)) - 27cb48db-4b88-4c0c-b213-19f9b2fffaff: shutdown LeaderState
2019-09-26 19:36:03,338 [99aa1396-69c4-4985-9b2a-20430cc4a0a7@group-45151E1529C8-SegmentedRaftLogWorker] INFO  util.JmxRegister (JmxRegister.java:unregister(73)) - Successfully un-registered JMX Bean with object name Ratis:service=RaftServer,group=group-45151E1529C8,id=99aa1396-69c4-4985-9b2a-20430cc4a0a7
2019-09-26 19:36:03,838 [99aa1396-69c4-4985-9b2a-20430cc4a0a7@group-45151E1529C8-SegmentedRaftLogWorker] INFO  impl.RoleInfo (RoleInfo.java:shutdownLeaderState(104)) - 99aa1396-69c4-4985-9b2a-20430cc4a0a7: shutdown LeaderState
2019-09-26 19:36:03,337 [Thread-6444] INFO  impl.RaftServerImpl (RaftServerImpl.java:setRole(174)) - 27cb48db-4b88-4c0c-b213-19f9b2fffaff@group-9B0E204FFB32: changes role from  FOLLOWER to CANDIDATE at term 0 for changeToCandidate
2019-09-26 19:36:03,838 [Thread-6444] INFO  impl.RoleInfo (RoleInfo.java:updateAndGet(143)) - 27cb48db-4b88-4c0c-b213-19f9b2fffaff: start LeaderElection
2019-09-26 19:36:03,337 [27cb48db-4b88-4c0c-b213-19f9b2fffaff@group-D0AE5A240A11:LeaderElection980] INFO  impl.RaftServerImpl (RaftServerImpl.java:setRole(174)) - 27cb48db-4b88-4c0c-b213-19f9b2fffaff@group-D0AE5A240A11: changes role from CANDIDATE to LEADER at term 1 for changeToLeader
2019-09-26 19:36:03,337 [27cb48db-4b88-4c0c-b213-19f9b2fffaff@group-BEB29AE3C17F:LeaderElection981] INFO  impl.RaftServerImpl (RaftServerImpl.java:setRole(174)) - 27cb48db-4b88-4c0c-b213-19f9b2fffaff@group-BEB29AE3C17F: changes role from CANDIDATE to LEADER at term 1 for changeToLeader
2019-09-26 19:36:03,838 [27cb48db-4b88-4c0c-b213-19f9b2fffaff@group-BEB29AE3C17F:LeaderElection981] INFO  impl.RaftServerImpl (ServerState.java:setLeader(253)) - 27cb48db-4b88-4c0c-b213-19f9b2fffaff@group-BEB29AE3C17F: change Leader from null to 27cb48db-4b88-4c0c-b213-19f9b2fffaff at term 1 for becomeLeader, leader elected after 7456ms
2019-09-26 19:36:03,337 [728ea44c-f097-440a-a87e-c27a68d48f14@group-8B20934A7F11:LeaderElection984] INFO  impl.RoleInfo (RoleInfo.java:shutdownLeaderElection(134)) - 728ea44c-f097-440a-a87e-c27a68d48f14: shutdown LeaderElection
2019-09-26 19:36:03,838 [728ea44c-f097-440a-a87e-c27a68d48f14@group-8B20934A7F11:LeaderElection984] INFO  impl.RaftServerImpl (RaftServerImpl.java:setRole(174)) - 728ea44c-f097-440a-a87e-c27a68d48f14@group-8B20934A7F11: changes role from CANDIDATE to LEADER at term 1 for changeToLeader
2019-09-26 19:36:03,336 [27cb48db-4b88-4c0c-b213-19f9b2fffaff@group-F337E4A86832:LeaderElection985] INFO  impl.RaftServerImpl (RaftServerImpl.java:setRole(174)) - 27cb48db-4b88-4c0c-b213-19f9b2fffaff@group-F337E4A86832: changes role from CANDIDATE to LEADER at term 1 for changeToLeader
2019-09-26 19:36:03,838 [27cb48db-4b88-4c0c-b213-19f9b2fffaff@group-F337E4A86832:LeaderElection985] INFO  impl.RaftServerImpl (ServerState.java:setLeader(253)) - 27cb48db-4b88-4c0c-b213-19f9b2fffaff@group-F337E4A86832: change Leader from null to 27cb48db-4b88-4c0c-b213-19f9b2fffaff at term 1 for becomeLeader, leader elected after 7231ms
2019-09-26 19:36:03,336 [728ea44c-f097-440a-a87e-c27a68d48f14@group-89DB952C4950:LeaderElection982] INFO  impl.RoleInfo (RoleInfo.java:shutdownLeaderElection(134)) - 728ea44c-f097-440a-a87e-c27a68d48f14: shutdown LeaderElection
2019-09-26 19:36:03,336 [728ea44c-f097-440a-a87e-c27a68d48f14@group-7C646671DC62:LeaderElection983] INFO  impl.RoleInfo (RoleInfo.java:shutdownLeaderElection(134)) - 728ea44c-f097-440a-a87e-c27a68d48f14: shutdown LeaderElection
2019-09-26 19:36:03,336 [27cb48db-4b88-4c0c-b213-19f9b2fffaff@group-FEE7AAE57329:LeaderElection987] INFO  impl.RaftServerImpl (RaftServerImpl.java:setRole(174)) - 27cb48db-4b88-4c0c-b213-19f9b2fffaff@group-FEE7AAE57329: changes role from CANDIDATE to LEADER at term 1 for changeToLeader
2019-09-26 19:36:03,839 [27cb48db-4b88-4c0c-b213-19f9b2fffaff@group-FEE7AAE57329:LeaderElection987] INFO  impl.RaftServerImpl (ServerState.java:setLeader(253)) - 27cb48db-4b88-4c0c-b213-19f9b2fffaff@group-FEE7AAE57329: change Leader from null to 27cb48db-4b88-4c0c-b213-19f9b2fffaff at term 1 for becomeLeader, leader elected after 7214ms
2019-09-26 19:36:03,336 [728ea44c-f097-440a-a87e-c27a68d48f14@group-CD95CCA6E5DE:LeaderElection986] INFO  impl.RaftServerImpl (RaftServerImpl.java:setRole(174)) - 728ea44c-f097-440a-a87e-c27a68d48f14@group-CD95CCA6E5DE: changes role from CANDIDATE to LEADER at term 1 for changeToLeader
2019-09-26 19:36:03,839 [728ea44c-f097-440a-a87e-c27a68d48f14@group-CD95CCA6E5DE:LeaderElection986] INFO  impl.RaftServerImpl (ServerState.java:setLeader(253)) - 728ea44c-f097-440a-a87e-c27a68d48f14@group-CD95CCA6E5DE: change Leader from null to 728ea44c-f097-440a-a87e-c27a68d48f14 at term 1 for becomeLeader, leader elected after 7197ms
2019-09-26 19:36:03,335 [Thread-6882] INFO  impl.RaftServerImpl (RaftServerImpl.java:setRole(174)) - 728ea44c-f097-440a-a87e-c27a68d48f14@group-09E478195B44: changes role from  FOLLOWER to CANDIDATE at term 0 for changeToCandidate
2019-09-26 19:36:03,839 [Thread-6882] INFO  impl.RoleInfo (RoleInfo.java:updateAndGet(143)) - 728ea44c-f097-440a-a87e-c27a68d48f14: start LeaderElection
2019-09-26 19:36:03,335 [Thread-6894] INFO  impl.RoleInfo (RoleInfo.java:shutdownFollowerState(121)) - 99aa1396-69c4-4985-9b2a-20430cc4a0a7: shutdown FollowerState
2019-09-26 19:36:03,335 [Thread-6889] INFO  impl.RoleInfo (RoleInfo.java:shutdownFollowerState(121)) - 27cb48db-4b88-4c0c-b213-19f9b2fffaff: shutdown FollowerState
2019-09-26 19:36:03,335 [Thread-6875] INFO  impl.RoleInfo (RoleInfo.java:shutdownFollowerState(121)) - 99aa1396-69c4-4985-9b2a-20430cc4a0a7: shutdown FollowerState
2019-09-26 19:36:03,335 [728ea44c-f097-440a-a87e-c27a68d48f14@group-569657D0E72C-SegmentedRaftLogWorker] INFO  impl.RaftServerImpl (RaftServerImpl.java:lambda$shutdown$3(251)) - 728ea44c-f097-440a-a87e-c27a68d48f14@group-569657D0E72C: shutdown
2019-09-26 19:36:03,335 [Thread-6866] INFO  impl.RoleInfo (RoleInfo.java:shutdownFollowerState(121)) - 728ea44c-f097-440a-a87e-c27a68d48f14: shutdown FollowerState
2019-09-26 19:36:03,334 [Thread-6863] INFO  impl.RaftServerImpl (RaftServerImpl.java:setRole(174)) - 27cb48db-4b88-4c0c-b213-19f9b2fffaff@group-7B2272C14AEF: changes role from  FOLLOWER to CANDIDATE at term 0 for changeToCandidate
2019-09-26 19:36:03,334 [Thread-6907] INFO  impl.RoleInfo (RoleInfo.java:shutdownFollowerState(121)) - 728ea44c-f097-440a-a87e-c27a68d48f14: shutdown FollowerState
2019-09-26 19:36:03,334 [27cb48db-4b88-4c0c-b213-19f9b2fffaff@group-B295C7228A94:LeaderElection979] INFO  server.RaftServerConfigKeys (ConfUtils.java:logGet(43)) - raft.server.write.element-limit = 4096 (default)
2019-09-26 19:36:03,334 [27cb48db-4b88-4c0c-b213-19f9b2fffaff@group-B1E3039FE9C9:LeaderElection975] INFO  server.RaftServerConfigKeys (ConfUtils.java:logGet(43)) - raft.server.watch.timeout = 10s (default)
2019-09-26 19:36:03,840 [27cb48db-4b88-4c0c-b213-19f9b2fffaff@group-B1E3039FE9C9:LeaderElection975] INFO  server.RaftServerConfigKeys (ConfUtils.java:logGet(43)) - raft.server.watch.timeout.denomination = 1s (default)
2019-09-26 19:36:03,334 [pool-271-thread-1] INFO  impl.RaftServerImpl (ServerState.java:<init>(103)) - 728ea44c-f097-440a-a87e-c27a68d48f14@group-CD4A2BA5F1A2: ConfigurationManager, init=-1: [728ea44c-f097-440a-a87e-c27a68d48f14:192.168.151.99:38783], old=null, confs=<EMPTY_MAP>
2019-09-26 19:36:03,334 [27cb48db-4b88-4c0c-b213-19f9b2fffaff@group-E18203AECDC0:LeaderElection978] INFO  server.RaftServerConfigKeys (ConfUtils.java:logGet(43)) - raft.server.rpc.sleep.time = 25ms (default)
2019-09-26 19:36:03,333 [27cb48db-4b88-4c0c-b213-19f9b2fffaff@group-2F3E80AC4EAF:LeaderElection968] INFO  segmented.SegmentedRaftLogWorker (SegmentedRaftLogWorker.java:startLogSegment(380)) - 27cb48db-4b88-4c0c-b213-19f9b2fffaff@group-2F3E80AC4EAF-SegmentedRaftLogWorker: Starting segment from index:0
2019-09-26 19:36:03,840 [27cb48db-4b88-4c0c-b213-19f9b2fffaff@group-E18203AECDC0:LeaderElection978] INFO  server.RaftServerConfigKeys (ConfUtils.java:logGet(43)) - raft.server.write.element-limit = 4096 (default)
2019-09-26 19:36:03,840 [pool-271-thread-1] INFO  server.RaftServerConfigKeys (ConfUtils.java:logGet(43)) - raft.server.storage.dir = [/workdir/hadoop-ozone/integration-test/target/test-dir/MiniOzoneClusterImpl-2f79a7d3-d7ae-4963-8370-12bb1e2132d7/datanode-1/data/ratis] (custom)
2019-09-26 19:36:03,840 [27cb48db-4b88-4c0c-b213-19f9b2fffaff@group-B1E3039FE9C9:LeaderElection975] INFO  server.RaftServerConfigKeys (ConfUtils.java:logGet(43)) - raft.server.watch.element-limit = 65536 (default)
2019-09-26 19:36:03,840 [27cb48db-4b88-4c0c-b213-19f9b2fffaff@group-B295C7228A94:LeaderElection979] INFO  server.RaftServerConfigKeys (ConfUtils.java:logGet(43)) - raft.server.watch.timeout = 10s (default)
2019-09-26 19:36:04,329 [pool-271-thread-1] INFO  storage.RaftStorageDirectory (RaftStorageDirectory.java:analyzeStorage(246)) - The storage directory /workdir/hadoop-ozone/integration-test/target/test-dir/MiniOzoneClusterImpl-2f79a7d3-d7ae-4963-8370-12bb1e2132d7/datanode-1/data/ratis/cf93ead3-d49f-423d-b332-cd4a2ba5f1a2 does not exist. Creating ...
2019-09-26 19:36:03,840 [Thread-6907] INFO  impl.RaftServerImpl (RaftServerImpl.java:setRole(174)) - 728ea44c-f097-440a-a87e-c27a68d48f14@group-516E0962CCE3: changes role from  FOLLOWER to CANDIDATE at term 0 for changeToCandidate
2019-09-26 19:36:03,840 [Thread-6863] INFO  impl.RoleInfo (RoleInfo.java:updateAndGet(143)) - 27cb48db-4b88-4c0c-b213-19f9b2fffaff: start LeaderElection
2019-09-26 19:36:03,840 [Thread-6866] INFO  impl.RaftServerImpl (RaftServerImpl.java:setRole(174)) - 728ea44c-f097-440a-a87e-c27a68d48f14@group-38F2945183E6: changes role from  FOLLOWER to CANDIDATE at term 0 for changeToCandidate
2019-09-26 19:36:03,840 [728ea44c-f097-440a-a87e-c27a68d48f14@group-569657D0E72C-SegmentedRaftLogWorker] INFO  util.JmxRegister (JmxRegister.java:unregister(73)) - Successfully un-registered JMX Bean with object name Ratis:service=RaftServer,group=group-569657D0E72C,id=728ea44c-f097-440a-a87e-c27a68d48f14
2019-09-26 19:36:03,839 [Thread-6875] INFO  impl.RaftServerImpl (RaftServerImpl.java:setRole(174)) - 99aa1396-69c4-4985-9b2a-20430cc4a0a7@group-BA736CDCA3E4: changes role from  FOLLOWER to CANDIDATE at term 0 for changeToCandidate
2019-09-26 19:36:03,839 [Thread-6889] INFO  impl.RaftServerImpl (RaftServerImpl.java:setRole(174)) - 27cb48db-4b88-4c0c-b213-19f9b2fffaff@group-9D764B33AD0C: changes role from  FOLLOWER to CANDIDATE at term 0 for changeToCandidate
2019-09-26 19:36:03,839 [Thread-6894] INFO  impl.RaftServerImpl (RaftServerImpl.java:setRole(174)) - 99aa1396-69c4-4985-9b2a-20430cc4a0a7@group-119644BB2AD2: changes role from  FOLLOWER to CANDIDATE at term 0 for changeToCandidate
2019-09-26 19:36:03,839 [728ea44c-f097-440a-a87e-c27a68d48f14@group-CD95CCA6E5DE:LeaderElection986] INFO  server.RaftServerConfigKeys (ConfUtils.java:logGet(43)) - raft.server.staging.catchup.gap = 1000 (default)
2019-09-26 19:36:03,839 [27cb48db-4b88-4c0c-b213-19f9b2fffaff@group-FEE7AAE57329:LeaderElection987] INFO  server.RaftServerConfigKeys (ConfUtils.java:logGet(43)) - raft.server.staging.catchup.gap = 1000 (default)
2019-09-26 19:36:03,839 [728ea44c-f097-440a-a87e-c27a68d48f14@group-7C646671DC62:LeaderElection983] INFO  impl.RaftServerImpl (RaftServerImpl.java:setRole(174)) - 728ea44c-f097-440a-a87e-c27a68d48f14@group-7C646671DC62: changes role from CANDIDATE to LEADER at term 1 for changeToLeader
2019-09-26 19:36:03,839 [728ea44c-f097-440a-a87e-c27a68d48f14@group-89DB952C4950:LeaderElection982] INFO  impl.RaftServerImpl (RaftServerImpl.java:setRole(174)) - 728ea44c-f097-440a-a87e-c27a68d48f14@group-89DB952C4950: changes role from CANDIDATE to LEADER at term 1 for changeToLeader
2019-09-26 19:36:03,838 [27cb48db-4b88-4c0c-b213-19f9b2fffaff@group-F337E4A86832:LeaderElection985] INFO  server.RaftServerConfigKeys (ConfUtils.java:logGet(43)) - raft.server.staging.catchup.gap = 1000 (default)
2019-09-26 19:36:03,838 [728ea44c-f097-440a-a87e-c27a68d48f14@group-8B20934A7F11:LeaderElection984] INFO  impl.RaftServerImpl (ServerState.java:setLeader(253)) - 728ea44c-f097-440a-a87e-c27a68d48f14@group-8B20934A7F11: change Leader from null to 728ea44c-f097-440a-a87e-c27a68d48f14 at term 1 for becomeLeader, leader elected after 7155ms
2019-09-26 19:36:03,838 [27cb48db-4b88-4c0c-b213-19f9b2fffaff@group-BEB29AE3C17F:LeaderElection981] INFO  server.RaftServerConfigKeys (ConfUtils.java:logGet(43)) - raft.server.staging.catchup.gap = 1000 (default)
2019-09-26 19:36:03,838 [27cb48db-4b88-4c0c-b213-19f9b2fffaff@group-D0AE5A240A11:LeaderElection980] INFO  impl.RaftServerImpl (ServerState.java:setLeader(253)) - 27cb48db-4b88-4c0c-b213-19f9b2fffaff@group-D0AE5A240A11: change Leader from null to 27cb48db-4b88-4c0c-b213-19f9b2fffaff at term 1 for becomeLeader, leader elected after 7290ms
2019-09-26 19:36:03,838 [99aa1396-69c4-4985-9b2a-20430cc4a0a7@group-45151E1529C8-SegmentedRaftLogWorker] INFO  impl.PendingRequests (PendingRequests.java:sendNotLeaderResponses(202)) - 99aa1396-69c4-4985-9b2a-20430cc4a0a7-PendingRequests: sendNotLeaderResponses
2019-09-26 19:36:03,837 [27cb48db-4b88-4c0c-b213-19f9b2fffaff@group-A2AAB7CD5BAC-SegmentedRaftLogWorker] INFO  impl.PendingRequests (PendingRequests.java:sendNotLeaderResponses(202)) - 27cb48db-4b88-4c0c-b213-19f9b2fffaff-PendingRequests: sendNotLeaderResponses
2019-09-26 19:36:03,837 [Thread-6429] INFO  impl.RoleInfo (RoleInfo.java:updateAndGet(143)) - 27cb48db-4b88-4c0c-b213-19f9b2fffaff: start LeaderElection
2019-09-26 19:36:03,837 [Thread-6426] INFO  impl.RoleInfo (RoleInfo.java:updateAndGet(143)) - 27cb48db-4b88-4c0c-b213-19f9b2fffaff: start LeaderElection
2019-09-26 19:36:03,837 [Thread-6396] INFO  impl.RaftServerImpl (RaftServerImpl.java:setRole(174)) - 27cb48db-4b88-4c0c-b213-19f9b2fffaff@group-8502D39265A6: changes role from  FOLLOWER to CANDIDATE at term 0 for changeToCandidate
2019-09-26 19:36:03,837 [Thread-6432] INFO  impl.RaftServerImpl (RaftServerImpl.java:setRole(174)) - 728ea44c-f097-440a-a87e-c27a68d48f14@group-A248398DF8D6: changes role from  FOLLOWER to CANDIDATE at term 0 for changeToCandidate
2019-09-26 19:36:03,837 [Thread-6408] INFO  impl.RoleInfo (RoleInfo.java:updateAndGet(143)) - 27cb48db-4b88-4c0c-b213-19f9b2fffaff: start LeaderElection
2019-09-26 19:36:03,837 [Thread-6414] INFO  impl.RoleInfo (RoleInfo.java:updateAndGet(143)) - 27cb48db-4b88-4c0c-b213-19f9b2fffaff: start LeaderElection
2019-09-26 19:36:03,836 [Thread-6447] INFO  impl.RaftServerImpl (RaftServerImpl.java:setRole(174)) - 27cb48db-4b88-4c0c-b213-19f9b2fffaff@group-D1BA8AE37FD0: changes role from  FOLLOWER to CANDIDATE at term 0 for changeToCandidate
2019-09-26 19:36:03,836 [Thread-6402] INFO  impl.RoleInfo (RoleInfo.java:updateAndGet(143)) - 27cb48db-4b88-4c0c-b213-19f9b2fffaff: start LeaderElection
2019-09-26 19:36:03,836 [Thread-6417] INFO  impl.RaftServerImpl (RaftServerImpl.java:setRole(174)) - 27cb48db-4b88-4c0c-b213-19f9b2fffaff@group-CF122FDC6C03: changes role from  FOLLOWER to CANDIDATE at term 0 for changeToCandidate
2019-09-26 19:36:03,836 [Thread-6420] INFO  impl.RaftServerImpl (RaftServerImpl.java:setRole(174)) - 728ea44c-f097-440a-a87e-c27a68d48f14@group-B46C9A7EAD2D: changes role from  FOLLOWER to CANDIDATE at term 0 for changeToCandidate
2019-09-26 19:36:03,836 [Thread-6411] INFO  impl.RaftServerImpl (RaftServerImpl.java:setRole(174)) - 27cb48db-4b88-4c0c-b213-19f9b2fffaff@group-5B13DE4C131A: changes role from  FOLLOWER to CANDIDATE at term 0 for changeToCandidate
2019-09-26 19:36:03,836 [Thread-6456] INFO  impl.RaftServerImpl (RaftServerImpl.java:setRole(174)) - 27cb48db-4b88-4c0c-b213-19f9b2fffaff@group-3B1BD1A60D37: changes role from  FOLLOWER to CANDIDATE at term 0 for changeToCandidate
2019-09-26 19:36:03,836 [Thread-6438] INFO  impl.RaftServerImpl (RaftServerImpl.java:setRole(174)) - 27cb48db-4b88-4c0c-b213-19f9b2fffaff@group-684BA3C5CC11: changes role from  FOLLOWER to CANDIDATE at term 0 for changeToCandidate
2019-09-26 19:36:04,334 [Thread-6456] INFO  impl.RoleInfo (RoleInfo.java:updateAndGet(143)) - 27cb48db-4b88-4c0c-b213-19f9b2fffaff: start LeaderElection
2019-09-26 19:36:03,835 [Thread-6393] INFO  impl.RoleInfo (RoleInfo.java:updateAndGet(143)) - 27cb48db-4b88-4c0c-b213-19f9b2fffaff: start LeaderElection
2019-09-26 19:36:03,835 [Thread-6405] INFO  impl.RoleInfo (RoleInfo.java:updateAndGet(143)) - 27cb48db-4b88-4c0c-b213-19f9b2fffaff: start LeaderElection
2019-09-26 19:36:03,835 [Thread-6423] INFO  impl.RaftServerImpl (RaftServerImpl.java:setRole(174)) - 27cb48db-4b88-4c0c-b213-19f9b2fffaff@group-3731B9264D30: changes role from  FOLLOWER to CANDIDATE at term 0 for changeToCandidate
2019-09-26 19:36:03,835 [728ea44c-f097-440a-a87e-c27a68d48f14@group-A3FDED93FB37:LeaderElection972] INFO  server.RaftServerConfigKeys (ConfUtils.java:logGet(43)) - raft.server.watch.timeout.denomination = 1s (default)
2019-09-26 19:36:03,835 [Thread-6975] INFO  impl.RoleInfo (RoleInfo.java:shutdownFollowerState(121)) - 27cb48db-4b88-4c0c-b213-19f9b2fffaff: shutdown FollowerState
2019-09-26 19:36:03,835 [Thread-6952] INFO  impl.RoleInfo (RoleInfo.java:shutdownFollowerState(121)) - 99aa1396-69c4-4985-9b2a-20430cc4a0a7: shutdown FollowerState
2019-09-26 19:36:03,835 [Thread-6970] INFO  impl.RoleInfo (RoleInfo.java:shutdownFollowerState(121)) - 728ea44c-f097-440a-a87e-c27a68d48f14: shutdown FollowerState
2019-09-26 19:36:03,834 [Thread-6960] INFO  impl.RoleInfo (RoleInfo.java:shutdownFollowerState(121)) - 27cb48db-4b88-4c0c-b213-19f9b2fffaff: shutdown FollowerState
2019-09-26 19:36:03,834 [Thread-6966] INFO  impl.RoleInfo (RoleInfo.java:shutdownFollowerState(121)) - 27cb48db-4b88-4c0c-b213-19f9b2fffaff: shutdown FollowerState
2019-09-26 19:36:03,834 [Thread-6957] INFO  impl.RoleInfo (RoleInfo.java:shutdownFollowerState(121)) - 27cb48db-4b88-4c0c-b213-19f9b2fffaff: shutdown FollowerState
2019-09-26 19:36:03,834 [Thread-6945] INFO  impl.RoleInfo (RoleInfo.java:shutdownFollowerState(121)) - 99aa1396-69c4-4985-9b2a-20430cc4a0a7: shutdown FollowerState
2019-09-26 19:36:03,834 [27cb48db-4b88-4c0c-b213-19f9b2fffaff@group-9EE6F63F4F99:LeaderElection970] INFO  impl.RoleInfo (RoleInfo.java:updateAndGet(143)) - 27cb48db-4b88-4c0c-b213-19f9b2fffaff: start LeaderState
2019-09-26 19:36:03,834 [728ea44c-f097-440a-a87e-c27a68d48f14@group-1ED449F189BF-SegmentedRaftLogWorker] INFO  impl.RaftServerImpl (RaftServerImpl.java:lambda$shutdown$3(251)) - 728ea44c-f097-440a-a87e-c27a68d48f14@group-1ED449F189BF: shutdown
2019-09-26 19:36:03,834 [Thread-6935] INFO  impl.RoleInfo (RoleInfo.java:shutdownFollowerState(121)) - 27cb48db-4b88-4c0c-b213-19f9b2fffaff: shutdown FollowerState
2019-09-26 19:36:03,834 [Thread-6942] INFO  impl.RoleInfo (RoleInfo.java:shutdownFollowerState(121)) - 728ea44c-f097-440a-a87e-c27a68d48f14: shutdown FollowerState
2019-09-26 19:36:03,834 [Thread-6981] INFO  impl.RoleInfo (RoleInfo.java:shutdownFollowerState(121)) - 27cb48db-4b88-4c0c-b213-19f9b2fffaff: shutdown FollowerState
2019-09-26 19:36:03,834 [27cb48db-4b88-4c0c-b213-19f9b2fffaff@group-4716D0EACE8F:LeaderElection967] INFO  impl.RoleInfo (RoleInfo.java:updateAndGet(143)) - 27cb48db-4b88-4c0c-b213-19f9b2fffaff: start LeaderState
2019-09-26 19:36:03,833 [99aa1396-69c4-4985-9b2a-20430cc4a0a7@group-FB63D571C0D2:LeaderElection971] INFO  server.RaftServerConfigKeys (ConfUtils.java:logGet(43)) - raft.server.write.element-limit = 4096 (default)
2019-09-26 19:36:03,833 [728ea44c-f097-440a-a87e-c27a68d48f14@group-40C621A7E37E:LeaderElection976] INFO  server.RaftServerConfigKeys (ConfUtils.java:logGet(43)) - raft.server.watch.timeout = 10s (default)
2019-09-26 19:36:04,336 [728ea44c-f097-440a-a87e-c27a68d48f14@group-40C621A7E37E:LeaderElection976] INFO  server.RaftServerConfigKeys (ConfUtils.java:logGet(43)) - raft.server.watch.timeout.denomination = 1s (default)
2019-09-26 19:36:03,833 [27cb48db-4b88-4c0c-b213-19f9b2fffaff@group-60CEE626D65C:LeaderElection977] INFO  server.RaftServerConfigKeys (ConfUtils.java:logGet(43)) - raft.server.write.element-limit = 4096 (default)
2019-09-26 19:36:03,833 [728ea44c-f097-440a-a87e-c27a68d48f14@group-BB094026C928:LeaderElection973] INFO  server.RaftServerConfigKeys (ConfUtils.java:logGet(43)) - raft.server.write.element-limit = 4096 (default)
2019-09-26 19:36:03,832 [728ea44c-f097-440a-a87e-c27a68d48f14@group-CC0AC654280F:LeaderElection974] INFO  server.RaftServerConfigKeys (ConfUtils.java:logGet(43)) - raft.server.watch.timeout = 10s (default)
2019-09-26 19:36:04,336 [728ea44c-f097-440a-a87e-c27a68d48f14@group-BB094026C928:LeaderElection973] INFO  server.RaftServerConfigKeys (ConfUtils.java:logGet(43)) - raft.server.watch.timeout = 10s (default)
2019-09-26 19:36:04,336 [27cb48db-4b88-4c0c-b213-19f9b2fffaff@group-60CEE626D65C:LeaderElection977] INFO  server.RaftServerConfigKeys (ConfUtils.java:logGet(43)) - raft.server.watch.timeout = 10s (default)
2019-09-26 19:36:04,336 [728ea44c-f097-440a-a87e-c27a68d48f14@group-40C621A7E37E:LeaderElection976] INFO  server.RaftServerConfigKeys (ConfUtils.java:logGet(43)) - raft.server.watch.element-limit = 65536 (default)
2019-09-26 19:36:04,336 [99aa1396-69c4-4985-9b2a-20430cc4a0a7@group-FB63D571C0D2:LeaderElection971] INFO  server.RaftServerConfigKeys (ConfUtils.java:logGet(43)) - raft.server.watch.timeout = 10s (default)
2019-09-26 19:36:04,336 [27cb48db-4b88-4c0c-b213-19f9b2fffaff@group-4716D0EACE8F:LeaderElection967] INFO  segmented.SegmentedRaftLogWorker (SegmentedRaftLogWorker.java:startLogSegment(380)) - 27cb48db-4b88-4c0c-b213-19f9b2fffaff@group-4716D0EACE8F-SegmentedRaftLogWorker: Starting segment from index:0
2019-09-26 19:36:04,336 [Thread-6981] INFO  impl.RaftServerImpl (RaftServerImpl.java:setRole(174)) - 27cb48db-4b88-4c0c-b213-19f9b2fffaff@group-081BA867897B: changes role from  FOLLOWER to CANDIDATE at term 0 for changeToCandidate
2019-09-26 19:36:04,336 [Thread-6942] INFO  impl.RaftServerImpl (RaftServerImpl.java:setRole(174)) - 728ea44c-f097-440a-a87e-c27a68d48f14@group-FC289A8C3177: changes role from  FOLLOWER to CANDIDATE at term 0 for changeToCandidate
2019-09-26 19:36:04,336 [Thread-6935] INFO  impl.RaftServerImpl (RaftServerImpl.java:setRole(174)) - 27cb48db-4b88-4c0c-b213-19f9b2fffaff@group-AD610815A00B: changes role from  FOLLOWER to CANDIDATE at term 0 for changeToCandidate
2019-09-26 19:36:04,335 [728ea44c-f097-440a-a87e-c27a68d48f14@group-1ED449F189BF-SegmentedRaftLogWorker] INFO  util.JmxRegister (JmxRegister.java:unregister(73)) - Successfully un-registered JMX Bean with object name Ratis:service=RaftServer,group=group-1ED449F189BF,id=728ea44c-f097-440a-a87e-c27a68d48f14
2019-09-26 19:36:04,837 [728ea44c-f097-440a-a87e-c27a68d48f14@group-1ED449F189BF-SegmentedRaftLogWorker] INFO  impl.RoleInfo (RoleInfo.java:shutdownLeaderState(104)) - 728ea44c-f097-440a-a87e-c27a68d48f14: shutdown LeaderState
2019-09-26 19:36:04,335 [27cb48db-4b88-4c0c-b213-19f9b2fffaff@group-9EE6F63F4F99:LeaderElection970] INFO  segmented.SegmentedRaftLogWorker (SegmentedRaftLogWorker.java:startLogSegment(380)) - 27cb48db-4b88-4c0c-b213-19f9b2fffaff@group-9EE6F63F4F99-SegmentedRaftLogWorker: Starting segment from index:0
2019-09-26 19:36:04,335 [Thread-6945] INFO  impl.RaftServerImpl (RaftServerImpl.java:setRole(174)) - 99aa1396-69c4-4985-9b2a-20430cc4a0a7@group-55CDCD0E7166: changes role from  FOLLOWER to CANDIDATE at term 0 for changeToCandidate
2019-09-26 19:36:04,335 [Thread-6957] INFO  impl.RaftServerImpl (RaftServerImpl.java:setRole(174)) - 27cb48db-4b88-4c0c-b213-19f9b2fffaff@group-269437B58436: changes role from  FOLLOWER to CANDIDATE at term 0 for changeToCandidate
2019-09-26 19:36:04,335 [Thread-6423] INFO  impl.RoleInfo (RoleInfo.java:updateAndGet(143)) - 27cb48db-4b88-4c0c-b213-19f9b2fffaff: start LeaderElection
2019-09-26 19:36:04,335 [Thread-6966] INFO  impl.RaftServerImpl (RaftServerImpl.java:setRole(174)) - 27cb48db-4b88-4c0c-b213-19f9b2fffaff@group-65EB277B690C: changes role from  FOLLOWER to CANDIDATE at term 0 for changeToCandidate
2019-09-26 19:36:04,335 [Thread-6960] INFO  impl.RaftServerImpl (RaftServerImpl.java:setRole(174)) - 27cb48db-4b88-4c0c-b213-19f9b2fffaff@group-604F6EB72B06: changes role from  FOLLOWER to CANDIDATE at term 0 for changeToCandidate
2019-09-26 19:36:04,335 [Thread-6970] INFO  impl.RaftServerImpl (RaftServerImpl.java:setRole(174)) - 728ea44c-f097-440a-a87e-c27a68d48f14@group-C5D49945B174: changes role from  FOLLOWER to CANDIDATE at term 0 for changeToCandidate
2019-09-26 19:36:04,335 [Thread-6952] INFO  impl.RaftServerImpl (RaftServerImpl.java:setRole(174)) - 99aa1396-69c4-4985-9b2a-20430cc4a0a7@group-FEEB0BA2637C: changes role from  FOLLOWER to CANDIDATE at term 0 for changeToCandidate
2019-09-26 19:36:04,335 [Thread-6975] INFO  impl.RaftServerImpl (RaftServerImpl.java:setRole(174)) - 27cb48db-4b88-4c0c-b213-19f9b2fffaff@group-A59E1FAF9AD8: changes role from  FOLLOWER to CANDIDATE at term 0 for changeToCandidate
2019-09-26 19:36:04,334 [728ea44c-f097-440a-a87e-c27a68d48f14@group-A3FDED93FB37:LeaderElection972] INFO  server.RaftServerConfigKeys (ConfUtils.java:logGet(43)) - raft.server.watch.element-limit = 65536 (default)
2019-09-26 19:36:04,334 [Thread-6420] INFO  impl.RoleInfo (RoleInfo.java:updateAndGet(143)) - 728ea44c-f097-440a-a87e-c27a68d48f14: start LeaderElection
2019-09-26 19:36:04,334 [Thread-6411] INFO  impl.RoleInfo (RoleInfo.java:updateAndGet(143)) - 27cb48db-4b88-4c0c-b213-19f9b2fffaff: start LeaderElection
2019-09-26 19:36:04,334 [Thread-6438] INFO  impl.RoleInfo (RoleInfo.java:updateAndGet(143)) - 27cb48db-4b88-4c0c-b213-19f9b2fffaff: start LeaderElection
2019-09-26 19:36:04,333 [Thread-6447] INFO  impl.RoleInfo (RoleInfo.java:updateAndGet(143)) - 27cb48db-4b88-4c0c-b213-19f9b2fffaff: start LeaderElection
2019-09-26 19:36:04,333 [Thread-6417] INFO  impl.RoleInfo (RoleInfo.java:updateAndGet(143)) - 27cb48db-4b88-4c0c-b213-19f9b2fffaff: start LeaderElection
2019-09-26 19:36:04,333 [Thread-6432] INFO  impl.RoleInfo (RoleInfo.java:updateAndGet(143)) - 728ea44c-f097-440a-a87e-c27a68d48f14: start LeaderElection
2019-09-26 19:36:04,333 [Thread-6396] INFO  impl.RoleInfo (RoleInfo.java:updateAndGet(143)) - 27cb48db-4b88-4c0c-b213-19f9b2fffaff: start LeaderElection
2019-09-26 19:36:04,332 [27cb48db-4b88-4c0c-b213-19f9b2fffaff@group-A2AAB7CD5BAC-SegmentedRaftLogWorker] INFO  impl.StateMachineUpdater (StateMachineUpdater.java:stopAndJoin(125)) - 27cb48db-4b88-4c0c-b213-19f9b2fffaff@group-A2AAB7CD5BAC-StateMachineUpdater: set stopIndex = -1
2019-09-26 19:36:04,332 [99aa1396-69c4-4985-9b2a-20430cc4a0a7@group-45151E1529C8-SegmentedRaftLogWorker] INFO  impl.StateMachineUpdater (StateMachineUpdater.java:stopAndJoin(125)) - 99aa1396-69c4-4985-9b2a-20430cc4a0a7@group-45151E1529C8-StateMachineUpdater: set stopIndex = -1
2019-09-26 19:36:04,331 [27cb48db-4b88-4c0c-b213-19f9b2fffaff@group-D0AE5A240A11:LeaderElection980] INFO  server.RaftServerConfigKeys (ConfUtils.java:logGet(43)) - raft.server.staging.catchup.gap = 1000 (default)
2019-09-26 19:36:04,331 [27cb48db-4b88-4c0c-b213-19f9b2fffaff@group-B1E3039FE9C9:LeaderElection975] INFO  impl.RoleInfo (RoleInfo.java:updateAndGet(143)) - 27cb48db-4b88-4c0c-b213-19f9b2fffaff: start LeaderState
2019-09-26 19:36:04,331 [27cb48db-4b88-4c0c-b213-19f9b2fffaff@group-BEB29AE3C17F:LeaderElection981] INFO  server.RaftServerConfigKeys (ConfUtils.java:logGet(43)) - raft.server.rpc.sleep.time = 25ms (default)
2019-09-26 19:36:04,331 [728ea44c-f097-440a-a87e-c27a68d48f14@group-8B20934A7F11:LeaderElection984] INFO  server.RaftServerConfigKeys (ConfUtils.java:logGet(43)) - raft.server.staging.catchup.gap = 1000 (default)
2019-09-26 19:36:04,331 [27cb48db-4b88-4c0c-b213-19f9b2fffaff@group-F337E4A86832:LeaderElection985] INFO  server.RaftServerConfigKeys (ConfUtils.java:logGet(43)) - raft.server.rpc.sleep.time = 25ms (default)
2019-09-26 19:36:04,331 [728ea44c-f097-440a-a87e-c27a68d48f14@group-89DB952C4950:LeaderElection982] INFO  impl.RaftServerImpl (ServerState.java:setLeader(253)) - 728ea44c-f097-440a-a87e-c27a68d48f14@group-89DB952C4950: change Leader from null to 728ea44c-f097-440a-a87e-c27a68d48f14 at term 1 for becomeLeader, leader elected after 7819ms
2019-09-26 19:36:04,331 [728ea44c-f097-440a-a87e-c27a68d48f14@group-7C646671DC62:LeaderElection983] INFO  impl.RaftServerImpl (ServerState.java:setLeader(253)) - 728ea44c-f097-440a-a87e-c27a68d48f14@group-7C646671DC62: change Leader from null to 728ea44c-f097-440a-a87e-c27a68d48f14 at term 1 for becomeLeader, leader elected after 7747ms
2019-09-26 19:36:04,330 [27cb48db-4b88-4c0c-b213-19f9b2fffaff@group-FEE7AAE57329:LeaderElection987] INFO  server.RaftServerConfigKeys (ConfUtils.java:logGet(43)) - raft.server.rpc.sleep.time = 25ms (default)
2019-09-26 19:36:04,330 [728ea44c-f097-440a-a87e-c27a68d48f14@group-CD95CCA6E5DE:LeaderElection986] INFO  server.RaftServerConfigKeys (ConfUtils.java:logGet(43)) - raft.server.rpc.sleep.time = 25ms (default)
2019-09-26 19:36:04,330 [Thread-6894] INFO  impl.RoleInfo (RoleInfo.java:updateAndGet(143)) - 99aa1396-69c4-4985-9b2a-20430cc4a0a7: start LeaderElection
2019-09-26 19:36:04,330 [Thread-6889] INFO  impl.RoleInfo (RoleInfo.java:updateAndGet(143)) - 27cb48db-4b88-4c0c-b213-19f9b2fffaff: start LeaderElection
2019-09-26 19:36:04,330 [Thread-6875] INFO  impl.RoleInfo (RoleInfo.java:updateAndGet(143)) - 99aa1396-69c4-4985-9b2a-20430cc4a0a7: start LeaderElection
2019-09-26 19:36:04,330 [728ea44c-f097-440a-a87e-c27a68d48f14@group-569657D0E72C-SegmentedRaftLogWorker] INFO  impl.RoleInfo (RoleInfo.java:shutdownLeaderState(104)) - 728ea44c-f097-440a-a87e-c27a68d48f14: shutdown LeaderState
2019-09-26 19:36:04,330 [Thread-6866] INFO  impl.RoleInfo (RoleInfo.java:updateAndGet(143)) - 728ea44c-f097-440a-a87e-c27a68d48f14: start LeaderElection
2019-09-26 19:36:04,330 [Thread-6907] INFO  impl.RoleInfo (RoleInfo.java:updateAndGet(143)) - 728ea44c-f097-440a-a87e-c27a68d48f14: start LeaderElection
2019-09-26 19:36:04,329 [27cb48db-4b88-4c0c-b213-19f9b2fffaff@group-B295C7228A94:LeaderElection979] INFO  server.RaftServerConfigKeys (ConfUtils.java:logGet(43)) - raft.server.watch.timeout.denomination = 1s (default)
2019-09-26 19:36:04,327 [728ea44c-f097-440a-a87e-c27a68d48f14@group-81150C1B35EC:LeaderElection993] INFO  impl.LeaderElection (LeaderElection.java:askForVotes(182)) - 728ea44c-f097-440a-a87e-c27a68d48f14@group-81150C1B35EC:LeaderElection993: begin an election at term 1 for -1: [728ea44c-f097-440a-a87e-c27a68d48f14:192.168.151.99:38783], old=null
2019-09-26 19:36:05,291 [728ea44c-f097-440a-a87e-c27a68d48f14@group-81150C1B35EC:LeaderElection993] INFO  impl.RoleInfo (RoleInfo.java:shutdownLeaderElection(134)) - 728ea44c-f097-440a-a87e-c27a68d48f14: shutdown LeaderElection
2019-09-26 19:36:04,327 [27cb48db-4b88-4c0c-b213-19f9b2fffaff@group-9B0E204FFB32:LeaderElection997] INFO  impl.LeaderElection (LeaderElection.java:askForVotes(182)) - 27cb48db-4b88-4c0c-b213-19f9b2fffaff@group-9B0E204FFB32:LeaderElection997: begin an election at term 1 for -1: [27cb48db-4b88-4c0c-b213-19f9b2fffaff:192.168.151.99:37457], old=null
2019-09-26 19:36:05,292 [27cb48db-4b88-4c0c-b213-19f9b2fffaff@group-9B0E204FFB32:LeaderElection997] INFO  impl.RoleInfo (RoleInfo.java:shutdownLeaderElection(134)) - 27cb48db-4b88-4c0c-b213-19f9b2fffaff: shutdown LeaderElection
2019-09-26 19:36:04,327 [728ea44c-f097-440a-a87e-c27a68d48f14@group-09E478195B44:LeaderElection998] INFO  impl.LeaderElection (LeaderElection.java:askForVotes(182)) - 728ea44c-f097-440a-a87e-c27a68d48f14@group-09E478195B44:LeaderElection998: begin an election at term 1 for -1: [728ea44c-f097-440a-a87e-c27a68d48f14:192.168.151.99:38783], old=null
2019-09-26 19:36:04,327 [27cb48db-4b88-4c0c-b213-19f9b2fffaff@group-2101955D751F:LeaderElection990] INFO  impl.LeaderElection (LeaderElection.java:askForVotes(182)) - 27cb48db-4b88-4c0c-b213-19f9b2fffaff@group-2101955D751F:LeaderElection990: begin an election at term 1 for -1: [27cb48db-4b88-4c0c-b213-19f9b2fffaff:192.168.151.99:37457], old=null
2019-09-26 19:36:04,326 [Thread-6986] WARN  util.JavaUtils (JavaUtils.java:sleep(250)) - Unexpected long sleep: sleep(5019ms) actually took 5491ms which is over the threshold 300ms
2019-09-26 19:36:04,324 [Thread-6978] WARN  util.JavaUtils (JavaUtils.java:sleep(250)) - Unexpected long sleep: sleep(5125ms) actually took 5540ms which is over the threshold 300ms
2019-09-26 19:36:04,324 [Thread-6993] WARN  util.JavaUtils (JavaUtils.java:sleep(250)) - Unexpected long sleep: sleep(5040ms) actually took 5450ms which is over the threshold 300ms
2019-09-26 19:36:04,323 [Thread-6999] WARN  util.JavaUtils (JavaUtils.java:sleep(250)) - Unexpected long sleep: sleep(5008ms) actually took 5406ms which is over the threshold 300ms
2019-09-26 19:36:04,317 [Thread-7008] WARN  util.JavaUtils (JavaUtils.java:sleep(250)) - Unexpected long sleep: sleep(5033ms) actually took 5337ms which is over the threshold 300ms
2019-09-26 19:36:04,317 [Thread-7005] WARN  util.JavaUtils (JavaUtils.java:sleep(250)) - Unexpected long sleep: sleep(5060ms) actually took 5362ms which is over the threshold 300ms
2019-09-26 19:36:04,313 [27cb48db-4b88-4c0c-b213-19f9b2fffaff@group-B8BD7675E4F6-SegmentedRaftLogWorker] ERROR segmented.SegmentedRaftLogWorker (SegmentedRaftLogWorker.java:run(323)) - 27cb48db-4b88-4c0c-b213-19f9b2fffaff@group-B8BD7675E4F6-SegmentedRaftLogWorker hit exception
java.lang.OutOfMemoryError: Direct buffer memory
	at java.nio.Bits.reserveMemory(Bits.java:666)
	at java.nio.DirectByteBuffer.<init>(DirectByteBuffer.java:123)
	at java.nio.ByteBuffer.allocateDirect(ByteBuffer.java:311)
	at org.apache.ratis.server.raftlog.segmented.BufferedWriteChannel.<init>(BufferedWriteChannel.java:41)
	at org.apache.ratis.server.raftlog.segmented.SegmentedRaftLogOutputStream.<init>(SegmentedRaftLogOutputStream.java:72)
	at org.apache.ratis.server.raftlog.segmented.SegmentedRaftLogWorker$StartLogSegment.execute(SegmentedRaftLogWorker.java:566)
	at org.apache.ratis.server.raftlog.segmented.SegmentedRaftLogWorker.run(SegmentedRaftLogWorker.java:289)
	at java.lang.Thread.run(Thread.java:748)
2019-09-26 19:36:05,293 [27cb48db-4b88-4c0c-b213-19f9b2fffaff@group-B8BD7675E4F6-SegmentedRaftLogWorker] INFO  impl.RaftServerImpl (RaftServerImpl.java:lambda$shutdown$3(251)) - 27cb48db-4b88-4c0c-b213-19f9b2fffaff@group-B8BD7675E4F6: shutdown
2019-09-26 19:36:04,313 [Thread-7021] INFO  impl.FollowerState (FollowerState.java:run(106)) - 27cb48db-4b88-4c0c-b213-19f9b2fffaff:group-7C23D55C331C changes to CANDIDATE, lastRpcTime:5250, electionTimeout:5027ms
2019-09-26 19:36:04,312 [Thread-7011] INFO  impl.FollowerState (FollowerState.java:run(106)) - 99aa1396-69c4-4985-9b2a-20430cc4a0a7:group-FBCC5E2B6B47 changes to CANDIDATE, lastRpcTime:5313, electionTimeout:5111ms
2019-09-26 19:36:04,308 [Thread-7031] INFO  impl.FollowerState (FollowerState.java:run(106)) - 728ea44c-f097-440a-a87e-c27a68d48f14:group-DB3AFAA8F5B8 changes to CANDIDATE, lastRpcTime:5142, electionTimeout:5012ms
2019-09-26 19:36:04,307 [Thread-7014] INFO  impl.FollowerState (FollowerState.java:run(106)) - 27cb48db-4b88-4c0c-b213-19f9b2fffaff:group-A6166F251855 changes to CANDIDATE, lastRpcTime:5294, electionTimeout:5178ms
2019-09-26 19:36:04,305 [Thread-7038] INFO  impl.FollowerState (FollowerState.java:run(106)) - 728ea44c-f097-440a-a87e-c27a68d48f14:group-29C734BE2100 changes to CANDIDATE, lastRpcTime:5115, electionTimeout:5044ms
2019-09-26 19:36:04,302 [RATISCREATEPIPELINE1] ERROR pipeline.RatisPipelineProvider (RatisPipelineProvider.java:lambda$null$2(175)) - Failed invoke Ratis rpc org.apache.hadoop.hdds.scm.pipeline.RatisPipelineProvider$$Lambda$170/203113788@3957cf2c for 728ea44c-f097-440a-a87e-c27a68d48f14
org.apache.ratis.protocol.TimeoutIOException: deadline exceeded after 2999927055ns
	at org.apache.ratis.grpc.GrpcUtil.tryUnwrapException(GrpcUtil.java:82)
	at org.apache.ratis.grpc.GrpcUtil.unwrapException(GrpcUtil.java:75)
	at org.apache.ratis.grpc.client.GrpcClientProtocolClient.blockingCall(GrpcClientProtocolClient.java:178)
	at org.apache.ratis.grpc.client.GrpcClientProtocolClient.groupAdd(GrpcClientProtocolClient.java:147)
	at org.apache.ratis.grpc.client.GrpcClientRpc.sendRequest(GrpcClientRpc.java:94)
	at org.apache.ratis.client.impl.RaftClientImpl.sendRequest(RaftClientImpl.java:278)
	at org.apache.ratis.client.impl.RaftClientImpl.groupAdd(RaftClientImpl.java:205)
	at org.apache.hadoop.hdds.scm.pipeline.RatisPipelineProvider.lambda$initializePipeline$1(RatisPipelineProvider.java:136)
	at org.apache.hadoop.hdds.scm.pipeline.RatisPipelineProvider.lambda$null$2(RatisPipelineProvider.java:171)
	at java.util.stream.ForEachOps$ForEachOp$OfRef.accept(ForEachOps.java:184)
	at java.util.ArrayList$ArrayListSpliterator.forEachRemaining(ArrayList.java:1382)
	at java.util.stream.AbstractPipeline.copyInto(AbstractPipeline.java:482)
	at java.util.stream.ForEachOps$ForEachTask.compute(ForEachOps.java:291)
	at java.util.concurrent.CountedCompleter.exec(CountedCompleter.java:731)
	at java.util.concurrent.ForkJoinTask.doExec(ForkJoinTask.java:289)
	at java.util.concurrent.ForkJoinTask.doInvoke(ForkJoinTask.java:401)
	at java.util.concurrent.ForkJoinTask.invoke(ForkJoinTask.java:734)
	at java.util.stream.ForEachOps$ForEachOp.evaluateParallel(ForEachOps.java:160)
	at java.util.stream.ForEachOps$ForEachOp$OfRef.evaluateParallel(ForEachOps.java:174)
	at java.util.stream.AbstractPipeline.evaluate(AbstractPipeline.java:233)
	at java.util.stream.ReferencePipeline.forEach(ReferencePipeline.java:418)
	at java.util.stream.ReferencePipeline$Head.forEach(ReferencePipeline.java:583)
	at org.apache.hadoop.hdds.scm.pipeline.RatisPipelineProvider.lambda$callRatisRpc$3(RatisPipelineProvider.java:165)
	at java.util.concurrent.ForkJoinTask$AdaptedRunnableAction.exec(ForkJoinTask.java:1386)
	at java.util.concurrent.ForkJoinTask.doExec(ForkJoinTask.java:289)
	at java.util.concurrent.ForkJoinPool$WorkQueue.runTask(ForkJoinPool.java:1056)
	at java.util.concurrent.ForkJoinPool.runWorker(ForkJoinPool.java:1692)
	at java.util.concurrent.ForkJoinWorkerThread.run(ForkJoinWorkerThread.java:157)
Caused by: org.apache.ratis.thirdparty.io.grpc.StatusRuntimeException: DEADLINE_EXCEEDED: deadline exceeded after 2999927055ns
	at org.apache.ratis.thirdparty.io.grpc.stub.ClientCalls.toStatusRuntimeException(ClientCalls.java:233)
	at org.apache.ratis.thirdparty.io.grpc.stub.ClientCalls.getUnchecked(ClientCalls.java:214)
	at org.apache.ratis.thirdparty.io.grpc.stub.ClientCalls.blockingUnaryCall(ClientCalls.java:139)
	at org.apache.ratis.proto.grpc.AdminProtocolServiceGrpc$AdminProtocolServiceBlockingStub.groupManagement(AdminProtocolServiceGrpc.java:274)
	at org.apache.ratis.grpc.client.GrpcClientProtocolClient.lambda$groupAdd$3(GrpcClientProtocolClient.java:149)
	at org.apache.ratis.grpc.client.GrpcClientProtocolClient.blockingCall(GrpcClientProtocolClient.java:176)
	... 25 more
2019-09-26 19:36:04,301 [Thread-7024] INFO  impl.FollowerState (FollowerState.java:run(106)) - 728ea44c-f097-440a-a87e-c27a68d48f14:group-61276961113F changes to CANDIDATE, lastRpcTime:5188, electionTimeout:5179ms
2019-09-26 19:36:03,841 [27cb48db-4b88-4c0c-b213-19f9b2fffaff@group-2F3E80AC4EAF:LeaderElection968] INFO  impl.RaftServerImpl (ServerState.java:setRaftConf(354)) - 27cb48db-4b88-4c0c-b213-19f9b2fffaff@group-2F3E80AC4EAF: set configuration 0: [27cb48db-4b88-4c0c-b213-19f9b2fffaff:192.168.151.99:37457], old=null at 0
2019-09-26 19:36:03,841 [27cb48db-4b88-4c0c-b213-19f9b2fffaff@group-E18203AECDC0:LeaderElection978] INFO  server.RaftServerConfigKeys (ConfUtils.java:logGet(43)) - raft.server.watch.timeout = 10s (default)
2019-09-26 19:36:05,294 [Thread-7024] INFO  impl.RoleInfo (RoleInfo.java:shutdownFollowerState(121)) - 728ea44c-f097-440a-a87e-c27a68d48f14: shutdown FollowerState
2019-09-26 19:36:05,294 [RatisPipelineUtilsThread] ERROR pipeline.SCMPipelineManager (SCMPipelineManager.java:createPipeline(167)) - Pipeline creation failed.
java.io.IOException: Failed invoke Ratis rpc org.apache.hadoop.hdds.scm.pipeline.RatisPipelineProvider$$Lambda$170/203113788@3957cf2c for 728ea44c-f097-440a-a87e-c27a68d48f14
	at org.apache.hadoop.hdds.scm.pipeline.RatisPipelineProvider.lambda$null$2(RatisPipelineProvider.java:176)
	at java.util.stream.ForEachOps$ForEachOp$OfRef.accept(ForEachOps.java:184)
	at java.util.ArrayList$ArrayListSpliterator.forEachRemaining(ArrayList.java:1382)
	at java.util.stream.AbstractPipeline.copyInto(AbstractPipeline.java:482)
	at java.util.stream.ForEachOps$ForEachTask.compute(ForEachOps.java:291)
	at java.util.concurrent.CountedCompleter.exec(CountedCompleter.java:731)
	at java.util.concurrent.ForkJoinTask.doExec(ForkJoinTask.java:289)
	at java.util.concurrent.ForkJoinTask.doInvoke(ForkJoinTask.java:401)
	at java.util.concurrent.ForkJoinTask.invoke(ForkJoinTask.java:734)
	at java.util.stream.ForEachOps$ForEachOp.evaluateParallel(ForEachOps.java:160)
	at java.util.stream.ForEachOps$ForEachOp$OfRef.evaluateParallel(ForEachOps.java:174)
	at java.util.stream.AbstractPipeline.evaluate(AbstractPipeline.java:233)
	at java.util.stream.ReferencePipeline.forEach(ReferencePipeline.java:418)
	at java.util.stream.ReferencePipeline$Head.forEach(ReferencePipeline.java:583)
	at org.apache.hadoop.hdds.scm.pipeline.RatisPipelineProvider.lambda$callRatisRpc$3(RatisPipelineProvider.java:165)
	at java.util.concurrent.ForkJoinTask$AdaptedRunnableAction.exec(ForkJoinTask.java:1386)
	at java.util.concurrent.ForkJoinTask.doExec(ForkJoinTask.java:289)
	at java.util.concurrent.ForkJoinPool$WorkQueue.runTask(ForkJoinPool.java:1056)
	at java.util.concurrent.ForkJoinPool.runWorker(ForkJoinPool.java:1692)
	at java.util.concurrent.ForkJoinWorkerThread.run(ForkJoinWorkerThread.java:157)
Caused by: org.apache.ratis.protocol.TimeoutIOException: deadline exceeded after 2999927055ns
	at org.apache.ratis.grpc.GrpcUtil.tryUnwrapException(GrpcUtil.java:82)
	at org.apache.ratis.grpc.GrpcUtil.unwrapException(GrpcUtil.java:75)
	at org.apache.ratis.grpc.client.GrpcClientProtocolClient.blockingCall(GrpcClientProtocolClient.java:178)
	at org.apache.ratis.grpc.client.GrpcClientProtocolClient.groupAdd(GrpcClientProtocolClient.java:147)
	at org.apache.ratis.grpc.client.GrpcClientRpc.sendRequest(GrpcClientRpc.java:94)
	at org.apache.ratis.client.impl.RaftClientImpl.sendRequest(RaftClientImpl.java:278)
	at org.apache.ratis.client.impl.RaftClientImpl.groupAdd(RaftClientImpl.java:205)
	at org.apache.hadoop.hdds.scm.pipeline.RatisPipelineProvider.lambda$initializePipeline$1(RatisPipelineProvider.java:136)
	at org.apache.hadoop.hdds.scm.pipeline.RatisPipelineProvider.lambda$null$2(RatisPipelineProvider.java:171)
	... 19 more
Caused by: org.apache.ratis.thirdparty.io.grpc.StatusRuntimeException: DEADLINE_EXCEEDED: deadline exceeded after 2999927055ns
	at org.apache.ratis.thirdparty.io.grpc.stub.ClientCalls.toStatusRuntimeException(ClientCalls.java:233)
	at org.apache.ratis.thirdparty.io.grpc.stub.ClientCalls.getUnchecked(ClientCalls.java:214)
	at org.apache.ratis.thirdparty.io.grpc.stub.ClientCalls.blockingUnaryCall(ClientCalls.java:139)
	at org.apache.ratis.proto.grpc.AdminProtocolServiceGrpc$AdminProtocolServiceBlockingStub.groupManagement(AdminProtocolServiceGrpc.java:274)
	at org.apache.ratis.grpc.client.GrpcClientProtocolClient.lambda$groupAdd$3(GrpcClientProtocolClient.java:149)
	at org.apache.ratis.grpc.client.GrpcClientProtocolClient.blockingCall(GrpcClientProtocolClient.java:176)
	... 25 more
2019-09-26 19:36:05,293 [Thread-7038] INFO  impl.RoleInfo (RoleInfo.java:shutdownFollowerState(121)) - 728ea44c-f097-440a-a87e-c27a68d48f14: shutdown FollowerState
2019-09-26 19:36:05,294 [Thread-7038] INFO  impl.RaftServerImpl (RaftServerImpl.java:setRole(174)) - 728ea44c-f097-440a-a87e-c27a68d48f14@group-29C734BE2100: changes role from  FOLLOWER to CANDIDATE at term 0 for changeToCandidate
2019-09-26 19:36:05,293 [Thread-7014] INFO  impl.RoleInfo (RoleInfo.java:shutdownFollowerState(121)) - 27cb48db-4b88-4c0c-b213-19f9b2fffaff: shutdown FollowerState
2019-09-26 19:36:05,293 [Thread-7031] INFO  impl.RoleInfo (RoleInfo.java:shutdownFollowerState(121)) - 728ea44c-f097-440a-a87e-c27a68d48f14: shutdown FollowerState
2019-09-26 19:36:05,295 [Thread-7031] INFO  impl.RaftServerImpl (RaftServerImpl.java:setRole(174)) - 728ea44c-f097-440a-a87e-c27a68d48f14@group-DB3AFAA8F5B8: changes role from  FOLLOWER to CANDIDATE at term 0 for changeToCandidate
2019-09-26 19:36:05,293 [Thread-7011] INFO  impl.RoleInfo (RoleInfo.java:shutdownFollowerState(121)) - 99aa1396-69c4-4985-9b2a-20430cc4a0a7: shutdown FollowerState
2019-09-26 19:36:05,293 [Thread-7021] INFO  impl.RoleInfo (RoleInfo.java:shutdownFollowerState(121)) - 27cb48db-4b88-4c0c-b213-19f9b2fffaff: shutdown FollowerState
2019-09-26 19:36:05,293 [27cb48db-4b88-4c0c-b213-19f9b2fffaff@group-B8BD7675E4F6-SegmentedRaftLogWorker] INFO  util.JmxRegister (JmxRegister.java:unregister(73)) - Successfully un-registered JMX Bean with object name Ratis:service=RaftServer,group=group-B8BD7675E4F6,id=27cb48db-4b88-4c0c-b213-19f9b2fffaff
2019-09-26 19:36:05,292 [27cb48db-4b88-4c0c-b213-19f9b2fffaff@group-2101955D751F:LeaderElection990] INFO  impl.RoleInfo (RoleInfo.java:shutdownLeaderElection(134)) - 27cb48db-4b88-4c0c-b213-19f9b2fffaff: shutdown LeaderElection
2019-09-26 19:36:05,295 [27cb48db-4b88-4c0c-b213-19f9b2fffaff@group-2101955D751F:LeaderElection990] INFO  impl.RaftServerImpl (RaftServerImpl.java:setRole(174)) - 27cb48db-4b88-4c0c-b213-19f9b2fffaff@group-2101955D751F: changes role from CANDIDATE to LEADER at term 1 for changeToLeader
2019-09-26 19:36:05,311 [27cb48db-4b88-4c0c-b213-19f9b2fffaff@group-2101955D751F:LeaderElection990] INFO  impl.RaftServerImpl (ServerState.java:setLeader(253)) - 27cb48db-4b88-4c0c-b213-19f9b2fffaff@group-2101955D751F: change Leader from null to 27cb48db-4b88-4c0c-b213-19f9b2fffaff at term 1 for becomeLeader, leader elected after 13264ms
2019-09-26 19:36:05,292 [728ea44c-f097-440a-a87e-c27a68d48f14@group-09E478195B44:LeaderElection998] INFO  impl.RoleInfo (RoleInfo.java:shutdownLeaderElection(134)) - 728ea44c-f097-440a-a87e-c27a68d48f14: shutdown LeaderElection
2019-09-26 19:36:05,292 [27cb48db-4b88-4c0c-b213-19f9b2fffaff@group-9B0E204FFB32:LeaderElection997] INFO  impl.RaftServerImpl (RaftServerImpl.java:setRole(174)) - 27cb48db-4b88-4c0c-b213-19f9b2fffaff@group-9B0E204FFB32: changes role from CANDIDATE to LEADER at term 1 for changeToLeader
2019-09-26 19:36:05,311 [27cb48db-4b88-4c0c-b213-19f9b2fffaff@group-9B0E204FFB32:LeaderElection997] INFO  impl.RaftServerImpl (ServerState.java:setLeader(253)) - 27cb48db-4b88-4c0c-b213-19f9b2fffaff@group-9B0E204FFB32: change Leader from null to 27cb48db-4b88-4c0c-b213-19f9b2fffaff at term 1 for becomeLeader, leader elected after 13182ms
2019-09-26 19:36:05,291 [728ea44c-f097-440a-a87e-c27a68d48f14@group-81150C1B35EC:LeaderElection993] INFO  impl.RaftServerImpl (RaftServerImpl.java:setRole(174)) - 728ea44c-f097-440a-a87e-c27a68d48f14@group-81150C1B35EC: changes role from CANDIDATE to LEADER at term 1 for changeToLeader
2019-09-26 19:36:05,312 [728ea44c-f097-440a-a87e-c27a68d48f14@group-81150C1B35EC:LeaderElection993] INFO  impl.RaftServerImpl (ServerState.java:setLeader(253)) - 728ea44c-f097-440a-a87e-c27a68d48f14@group-81150C1B35EC: change Leader from null to 728ea44c-f097-440a-a87e-c27a68d48f14 at term 1 for becomeLeader, leader elected after 13212ms
2019-09-26 19:36:05,291 [27cb48db-4b88-4c0c-b213-19f9b2fffaff@group-B295C7228A94:LeaderElection979] INFO  server.RaftServerConfigKeys (ConfUtils.java:logGet(43)) - raft.server.watch.element-limit = 65536 (default)
2019-09-26 19:36:05,291 [728ea44c-f097-440a-a87e-c27a68d48f14@group-569657D0E72C-SegmentedRaftLogWorker] INFO  impl.PendingRequests (PendingRequests.java:sendNotLeaderResponses(202)) - 728ea44c-f097-440a-a87e-c27a68d48f14-PendingRequests: sendNotLeaderResponses
2019-09-26 19:36:05,290 [728ea44c-f097-440a-a87e-c27a68d48f14@group-CD95CCA6E5DE:LeaderElection986] INFO  server.RaftServerConfigKeys (ConfUtils.java:logGet(43)) - raft.server.write.element-limit = 4096 (default)
2019-09-26 19:36:05,290 [27cb48db-4b88-4c0c-b213-19f9b2fffaff@group-FEE7AAE57329:LeaderElection987] INFO  server.RaftServerConfigKeys (ConfUtils.java:logGet(43)) - raft.server.write.element-limit = 4096 (default)
2019-09-26 19:36:05,290 [728ea44c-f097-440a-a87e-c27a68d48f14@group-7C646671DC62:LeaderElection983] INFO  server.RaftServerConfigKeys (ConfUtils.java:logGet(43)) - raft.server.staging.catchup.gap = 1000 (default)
2019-09-26 19:36:05,320 [728ea44c-f097-440a-a87e-c27a68d48f14@group-7C646671DC62:LeaderElection983] INFO  server.RaftServerConfigKeys (ConfUtils.java:logGet(43)) - raft.server.rpc.sleep.time = 25ms (default)
2019-09-26 19:36:05,290 [728ea44c-f097-440a-a87e-c27a68d48f14@group-89DB952C4950:LeaderElection982] INFO  server.RaftServerConfigKeys (ConfUtils.java:logGet(43)) - raft.server.staging.catchup.gap = 1000 (default)
2019-09-26 19:36:05,290 [728ea44c-f097-440a-a87e-c27a68d48f14@group-A3FDED93FB37:LeaderElection972] INFO  impl.RoleInfo (RoleInfo.java:updateAndGet(143)) - 728ea44c-f097-440a-a87e-c27a68d48f14: start LeaderState
2019-09-26 19:36:05,290 [27cb48db-4b88-4c0c-b213-19f9b2fffaff@group-F337E4A86832:LeaderElection985] INFO  server.RaftServerConfigKeys (ConfUtils.java:logGet(43)) - raft.server.write.element-limit = 4096 (default)
2019-09-26 19:36:05,290 [728ea44c-f097-440a-a87e-c27a68d48f14@group-8B20934A7F11:LeaderElection984] INFO  server.RaftServerConfigKeys (ConfUtils.java:logGet(43)) - raft.server.rpc.sleep.time = 25ms (default)
2019-09-26 19:36:05,290 [27cb48db-4b88-4c0c-b213-19f9b2fffaff@group-BEB29AE3C17F:LeaderElection981] INFO  server.RaftServerConfigKeys (ConfUtils.java:logGet(43)) - raft.server.write.element-limit = 4096 (default)
2019-09-26 19:36:05,290 [27cb48db-4b88-4c0c-b213-19f9b2fffaff@group-B1E3039FE9C9:LeaderElection975] INFO  segmented.SegmentedRaftLogWorker (SegmentedRaftLogWorker.java:startLogSegment(380)) - 27cb48db-4b88-4c0c-b213-19f9b2fffaff@group-B1E3039FE9C9-SegmentedRaftLogWorker: Starting segment from index:0
2019-09-26 19:36:05,289 [27cb48db-4b88-4c0c-b213-19f9b2fffaff@group-D0AE5A240A11:LeaderElection980] INFO  server.RaftServerConfigKeys (ConfUtils.java:logGet(43)) - raft.server.rpc.sleep.time = 25ms (default)
2019-09-26 19:36:05,289 [99aa1396-69c4-4985-9b2a-20430cc4a0a7@group-45151E1529C8-SegmentedRaftLogWorker] INFO  impl.RaftServerImpl (ServerState.java:close(385)) - 99aa1396-69c4-4985-9b2a-20430cc4a0a7@group-45151E1529C8: closes. applyIndex: -1
2019-09-26 19:36:05,289 [27cb48db-4b88-4c0c-b213-19f9b2fffaff@group-A2AAB7CD5BAC-SegmentedRaftLogWorker] INFO  impl.RaftServerImpl (ServerState.java:close(385)) - 27cb48db-4b88-4c0c-b213-19f9b2fffaff@group-A2AAB7CD5BAC: closes. applyIndex: -1
2019-09-26 19:36:05,288 [Thread-6975] INFO  impl.RoleInfo (RoleInfo.java:updateAndGet(143)) - 27cb48db-4b88-4c0c-b213-19f9b2fffaff: start LeaderElection
2019-09-26 19:36:05,288 [Thread-6952] INFO  impl.RoleInfo (RoleInfo.java:updateAndGet(143)) - 99aa1396-69c4-4985-9b2a-20430cc4a0a7: start LeaderElection
2019-09-26 19:36:05,288 [Thread-6970] INFO  impl.RoleInfo (RoleInfo.java:updateAndGet(143)) - 728ea44c-f097-440a-a87e-c27a68d48f14: start LeaderElection
2019-09-26 19:36:05,288 [Thread-6960] INFO  impl.RoleInfo (RoleInfo.java:updateAndGet(143)) - 27cb48db-4b88-4c0c-b213-19f9b2fffaff: start LeaderElection
2019-09-26 19:36:05,271 [27cb48db-4b88-4c0c-b213-19f9b2fffaff@group-DC07AB1829D3-SegmentedRaftLogWorker] ERROR segmented.SegmentedRaftLogWorker (SegmentedRaftLogWorker.java:run(323)) - 27cb48db-4b88-4c0c-b213-19f9b2fffaff@group-DC07AB1829D3-SegmentedRaftLogWorker hit exception
java.lang.OutOfMemoryError: Direct buffer memory
	at java.nio.Bits.reserveMemory(Bits.java:666)
	at java.nio.DirectByteBuffer.<init>(DirectByteBuffer.java:123)
	at java.nio.ByteBuffer.allocateDirect(ByteBuffer.java:311)
	at org.apache.ratis.server.raftlog.segmented.BufferedWriteChannel.<init>(BufferedWriteChannel.java:41)
	at org.apache.ratis.server.raftlog.segmented.SegmentedRaftLogOutputStream.<init>(SegmentedRaftLogOutputStream.java:72)
	at org.apache.ratis.server.raftlog.segmented.SegmentedRaftLogWorker$StartLogSegment.execute(SegmentedRaftLogWorker.java:566)
	at org.apache.ratis.server.raftlog.segmented.SegmentedRaftLogWorker.run(SegmentedRaftLogWorker.java:289)
	at java.lang.Thread.run(Thread.java:748)
2019-09-26 19:36:04,838 [Thread-6966] INFO  impl.RoleInfo (RoleInfo.java:updateAndGet(143)) - 27cb48db-4b88-4c0c-b213-19f9b2fffaff: start LeaderElection
2019-09-26 19:36:04,838 [Thread-6957] INFO  impl.RoleInfo (RoleInfo.java:updateAndGet(143)) - 27cb48db-4b88-4c0c-b213-19f9b2fffaff: start LeaderElection
2019-09-26 19:36:04,838 [27cb48db-4b88-4c0c-b213-19f9b2fffaff@group-9EE6F63F4F99:LeaderElection970] INFO  impl.RaftServerImpl (ServerState.java:setRaftConf(354)) - 27cb48db-4b88-4c0c-b213-19f9b2fffaff@group-9EE6F63F4F99: set configuration 0: [27cb48db-4b88-4c0c-b213-19f9b2fffaff:192.168.151.99:37457], old=null at 0
2019-09-26 19:36:04,838 [728ea44c-f097-440a-a87e-c27a68d48f14@group-40C621A7E37E:LeaderElection976] INFO  impl.RoleInfo (RoleInfo.java:updateAndGet(143)) - 728ea44c-f097-440a-a87e-c27a68d48f14: start LeaderState
2019-09-26 19:36:04,838 [Thread-6945] INFO  impl.RoleInfo (RoleInfo.java:updateAndGet(143)) - 99aa1396-69c4-4985-9b2a-20430cc4a0a7: start LeaderElection
2019-09-26 19:36:04,838 [728ea44c-f097-440a-a87e-c27a68d48f14@group-1ED449F189BF-SegmentedRaftLogWorker] INFO  impl.PendingRequests (PendingRequests.java:sendNotLeaderResponses(202)) - 728ea44c-f097-440a-a87e-c27a68d48f14-PendingRequests: sendNotLeaderResponses
2019-09-26 19:36:04,837 [Thread-6935] INFO  impl.RoleInfo (RoleInfo.java:updateAndGet(143)) - 27cb48db-4b88-4c0c-b213-19f9b2fffaff: start LeaderElection
2019-09-26 19:36:04,837 [Thread-6942] INFO  impl.RoleInfo (RoleInfo.java:updateAndGet(143)) - 728ea44c-f097-440a-a87e-c27a68d48f14: start LeaderElection
2019-09-26 19:36:04,837 [27cb48db-4b88-4c0c-b213-19f9b2fffaff@group-4716D0EACE8F:LeaderElection967] INFO  impl.RaftServerImpl (ServerState.java:setRaftConf(354)) - 27cb48db-4b88-4c0c-b213-19f9b2fffaff@group-4716D0EACE8F: set configuration 0: [27cb48db-4b88-4c0c-b213-19f9b2fffaff:192.168.151.99:37457], old=null at 0
2019-09-26 19:36:04,836 [27cb48db-4b88-4c0c-b213-19f9b2fffaff@group-656C4891FD7A:LeaderElection995] INFO  impl.LeaderElection (LeaderElection.java:askForVotes(182)) - 27cb48db-4b88-4c0c-b213-19f9b2fffaff@group-656C4891FD7A:LeaderElection995: begin an election at term 1 for -1: [27cb48db-4b88-4c0c-b213-19f9b2fffaff:192.168.151.99:37457], old=null
2019-09-26 19:36:04,836 [27cb48db-4b88-4c0c-b213-19f9b2fffaff@group-BA9ADC048FEB:LeaderElection989] INFO  impl.LeaderElection (LeaderElection.java:askForVotes(182)) - 27cb48db-4b88-4c0c-b213-19f9b2fffaff@group-BA9ADC048FEB:LeaderElection989: begin an election at term 1 for -1: [27cb48db-4b88-4c0c-b213-19f9b2fffaff:192.168.151.99:37457], old=null
2019-09-26 19:36:04,836 [27cb48db-4b88-4c0c-b213-19f9b2fffaff@group-3B1BD1A60D37:LeaderElection1011] INFO  impl.LeaderElection (LeaderElection.java:askForVotes(182)) - 27cb48db-4b88-4c0c-b213-19f9b2fffaff@group-3B1BD1A60D37:LeaderElection1011: begin an election at term 1 for -1: [27cb48db-4b88-4c0c-b213-19f9b2fffaff:192.168.151.99:37457], old=null
2019-09-26 19:36:04,836 [27cb48db-4b88-4c0c-b213-19f9b2fffaff@group-A260F6F3F135:LeaderElection996] INFO  impl.LeaderElection (LeaderElection.java:askForVotes(182)) - 27cb48db-4b88-4c0c-b213-19f9b2fffaff@group-A260F6F3F135:LeaderElection996: begin an election at term 1 for -1: [27cb48db-4b88-4c0c-b213-19f9b2fffaff:192.168.151.99:37457], old=null
2019-09-26 19:36:04,836 [27cb48db-4b88-4c0c-b213-19f9b2fffaff@group-53CA1E877E21:LeaderElection992] INFO  impl.LeaderElection (LeaderElection.java:askForVotes(182)) - 27cb48db-4b88-4c0c-b213-19f9b2fffaff@group-53CA1E877E21:LeaderElection992: begin an election at term 1 for -1: [27cb48db-4b88-4c0c-b213-19f9b2fffaff:192.168.151.99:37457], old=null
2019-09-26 19:36:06,032 [27cb48db-4b88-4c0c-b213-19f9b2fffaff@group-53CA1E877E21:LeaderElection992] INFO  impl.RoleInfo (RoleInfo.java:shutdownLeaderElection(134)) - 27cb48db-4b88-4c0c-b213-19f9b2fffaff: shutdown LeaderElection
2019-09-26 19:36:04,836 [27cb48db-4b88-4c0c-b213-19f9b2fffaff@group-CD5E6EACE70C:LeaderElection991] INFO  impl.LeaderElection (LeaderElection.java:askForVotes(182)) - 27cb48db-4b88-4c0c-b213-19f9b2fffaff@group-CD5E6EACE70C:LeaderElection991: begin an election at term 1 for -1: [27cb48db-4b88-4c0c-b213-19f9b2fffaff:192.168.151.99:37457], old=null
2019-09-26 19:36:04,836 [27cb48db-4b88-4c0c-b213-19f9b2fffaff@group-E5EC31325CD2:LeaderElection994] INFO  impl.LeaderElection (LeaderElection.java:askForVotes(182)) - 27cb48db-4b88-4c0c-b213-19f9b2fffaff@group-E5EC31325CD2:LeaderElection994: begin an election at term 1 for -1: [27cb48db-4b88-4c0c-b213-19f9b2fffaff:192.168.151.99:37457], old=null
2019-09-26 19:36:06,032 [27cb48db-4b88-4c0c-b213-19f9b2fffaff@group-E5EC31325CD2:LeaderElection994] INFO  impl.RoleInfo (RoleInfo.java:shutdownLeaderElection(134)) - 27cb48db-4b88-4c0c-b213-19f9b2fffaff: shutdown LeaderElection
2019-09-26 19:36:04,836 [27cb48db-4b88-4c0c-b213-19f9b2fffaff@group-7B2272C14AEF:LeaderElection999] INFO  impl.LeaderElection (LeaderElection.java:askForVotes(182)) - 27cb48db-4b88-4c0c-b213-19f9b2fffaff@group-7B2272C14AEF:LeaderElection999: begin an election at term 1 for -1: [27cb48db-4b88-4c0c-b213-19f9b2fffaff:192.168.151.99:37457], old=null
2019-09-26 19:36:04,836 [27cb48db-4b88-4c0c-b213-19f9b2fffaff@group-686B5EE37884:LeaderElection988] INFO  impl.LeaderElection (LeaderElection.java:askForVotes(182)) - 27cb48db-4b88-4c0c-b213-19f9b2fffaff@group-686B5EE37884:LeaderElection988: begin an election at term 1 for -1: [27cb48db-4b88-4c0c-b213-19f9b2fffaff:192.168.151.99:37457], old=null
2019-09-26 19:36:04,836 [pool-271-thread-1] INFO  storage.RaftStorageDirectory (RaftStorageDirectory.java:tryLock(328)) - Lock on /workdir/hadoop-ozone/integration-test/target/test-dir/MiniOzoneClusterImpl-2f79a7d3-d7ae-4963-8370-12bb1e2132d7/datanode-1/data/ratis/cf93ead3-d49f-423d-b332-cd4a2ba5f1a2/in_use.lock acquired by nodename 17888@pr-hdds-1569-g6sp5-2013761785
2019-09-26 19:36:04,833 [Thread-7041] WARN  util.JavaUtils (JavaUtils.java:sleep(250)) - Unexpected long sleep: sleep(5166ms) actually took 5616ms which is over the threshold 300ms
2019-09-26 19:36:04,832 [Thread-7050] WARN  util.JavaUtils (JavaUtils.java:sleep(250)) - Unexpected long sleep: sleep(5104ms) actually took 5534ms which is over the threshold 300ms
2019-09-26 19:36:04,831 [Thread-7057] WARN  util.JavaUtils (JavaUtils.java:sleep(250)) - Unexpected long sleep: sleep(5082ms) actually took 5490ms which is over the threshold 300ms
2019-09-26 19:36:04,829 [Thread-7060] WARN  util.JavaUtils (JavaUtils.java:sleep(250)) - Unexpected long sleep: sleep(5089ms) actually took 5472ms which is over the threshold 300ms
2019-09-26 19:36:04,826 [Thread-7063] WARN  util.JavaUtils (JavaUtils.java:sleep(250)) - Unexpected long sleep: sleep(5097ms) actually took 5433ms which is over the threshold 300ms
2019-09-26 19:36:04,820 [Thread-7068] INFO  impl.FollowerState (FollowerState.java:run(106)) - 27cb48db-4b88-4c0c-b213-19f9b2fffaff:group-CEE4714DA134 changes to CANDIDATE, lastRpcTime:5388, electionTimeout:5137ms
2019-09-26 19:36:04,820 [728ea44c-f097-440a-a87e-c27a68d48f14@group-11D4F4DFACD7-SegmentedRaftLogWorker] ERROR segmented.SegmentedRaftLogWorker (SegmentedRaftLogWorker.java:run(323)) - 728ea44c-f097-440a-a87e-c27a68d48f14@group-11D4F4DFACD7-SegmentedRaftLogWorker hit exception
java.lang.OutOfMemoryError: Direct buffer memory
	at java.nio.Bits.reserveMemory(Bits.java:666)
	at java.nio.DirectByteBuffer.<init>(DirectByteBuffer.java:123)
	at java.nio.ByteBuffer.allocateDirect(ByteBuffer.java:311)
	at org.apache.ratis.server.raftlog.segmented.BufferedWriteChannel.<init>(BufferedWriteChannel.java:41)
	at org.apache.ratis.server.raftlog.segmented.SegmentedRaftLogOutputStream.<init>(SegmentedRaftLogOutputStream.java:72)
	at org.apache.ratis.server.raftlog.segmented.SegmentedRaftLogWorker$StartLogSegment.execute(SegmentedRaftLogWorker.java:566)
	at org.apache.ratis.server.raftlog.segmented.SegmentedRaftLogWorker.run(SegmentedRaftLogWorker.java:289)
	at java.lang.Thread.run(Thread.java:748)
2019-09-26 19:36:06,034 [728ea44c-f097-440a-a87e-c27a68d48f14@group-11D4F4DFACD7-SegmentedRaftLogWorker] INFO  impl.RaftServerImpl (RaftServerImpl.java:lambda$shutdown$3(251)) - 728ea44c-f097-440a-a87e-c27a68d48f14@group-11D4F4DFACD7: shutdown
2019-09-26 19:36:04,818 [Thread-7078] INFO  impl.FollowerState (FollowerState.java:run(106)) - 99aa1396-69c4-4985-9b2a-20430cc4a0a7:group-A669BF675AA0 changes to CANDIDATE, lastRpcTime:5326, electionTimeout:5120ms
2019-09-26 19:36:04,817 [Thread-7081] INFO  impl.FollowerState (FollowerState.java:run(106)) - 728ea44c-f097-440a-a87e-c27a68d48f14:group-6729514BE427 changes to CANDIDATE, lastRpcTime:5292, electionTimeout:5092ms
2019-09-26 19:36:04,816 [Thread-7086] INFO  impl.FollowerState (FollowerState.java:run(106)) - 27cb48db-4b88-4c0c-b213-19f9b2fffaff:group-71E8ECDACFBB changes to CANDIDATE, lastRpcTime:5242, electionTimeout:5067ms
2019-09-26 19:36:04,816 [Thread-7071] INFO  impl.FollowerState (FollowerState.java:run(106)) - 27cb48db-4b88-4c0c-b213-19f9b2fffaff:group-65C693C3A0E2 changes to CANDIDATE, lastRpcTime:5358, electionTimeout:5188ms
2019-09-26 19:36:06,034 [Thread-7071] INFO  impl.RoleInfo (RoleInfo.java:shutdownFollowerState(121)) - 27cb48db-4b88-4c0c-b213-19f9b2fffaff: shutdown FollowerState
2019-09-26 19:36:04,813 [Thread-7089] INFO  impl.FollowerState (FollowerState.java:run(106)) - 27cb48db-4b88-4c0c-b213-19f9b2fffaff:group-4BF804B3BA25 changes to CANDIDATE, lastRpcTime:5213, electionTimeout:5085ms
2019-09-26 19:36:04,804 [Thread-6981] INFO  impl.RoleInfo (RoleInfo.java:updateAndGet(143)) - 27cb48db-4b88-4c0c-b213-19f9b2fffaff: start LeaderElection
2019-09-26 19:36:04,337 [99aa1396-69c4-4985-9b2a-20430cc4a0a7@group-FB63D571C0D2:LeaderElection971] INFO  server.RaftServerConfigKeys (ConfUtils.java:logGet(43)) - raft.server.watch.timeout.denomination = 1s (default)
2019-09-26 19:36:04,337 [27cb48db-4b88-4c0c-b213-19f9b2fffaff@group-60CEE626D65C:LeaderElection977] INFO  server.RaftServerConfigKeys (ConfUtils.java:logGet(43)) - raft.server.watch.timeout.denomination = 1s (default)
2019-09-26 19:36:06,035 [27cb48db-4b88-4c0c-b213-19f9b2fffaff@group-60CEE626D65C:LeaderElection977] INFO  server.RaftServerConfigKeys (ConfUtils.java:logGet(43)) - raft.server.watch.element-limit = 65536 (default)
2019-09-26 19:36:04,337 [728ea44c-f097-440a-a87e-c27a68d48f14@group-BB094026C928:LeaderElection973] INFO  server.RaftServerConfigKeys (ConfUtils.java:logGet(43)) - raft.server.watch.timeout.denomination = 1s (default)
2019-09-26 19:36:04,337 [728ea44c-f097-440a-a87e-c27a68d48f14@group-CC0AC654280F:LeaderElection974] INFO  server.RaftServerConfigKeys (ConfUtils.java:logGet(43)) - raft.server.watch.timeout.denomination = 1s (default)
2019-09-26 19:36:06,035 [728ea44c-f097-440a-a87e-c27a68d48f14@group-BB094026C928:LeaderElection973] INFO  server.RaftServerConfigKeys (ConfUtils.java:logGet(43)) - raft.server.watch.element-limit = 65536 (default)
2019-09-26 19:36:06,035 [99aa1396-69c4-4985-9b2a-20430cc4a0a7@group-FB63D571C0D2:LeaderElection971] INFO  server.RaftServerConfigKeys (ConfUtils.java:logGet(43)) - raft.server.watch.element-limit = 65536 (default)
2019-09-26 19:36:06,035 [Thread-7089] INFO  impl.RoleInfo (RoleInfo.java:shutdownFollowerState(121)) - 27cb48db-4b88-4c0c-b213-19f9b2fffaff: shutdown FollowerState
2019-09-26 19:36:06,034 [Thread-7071] INFO  impl.RaftServerImpl (RaftServerImpl.java:setRole(174)) - 27cb48db-4b88-4c0c-b213-19f9b2fffaff@group-65C693C3A0E2: changes role from  FOLLOWER to CANDIDATE at term 0 for changeToCandidate
2019-09-26 19:36:06,034 [Thread-7086] INFO  impl.RoleInfo (RoleInfo.java:shutdownFollowerState(121)) - 27cb48db-4b88-4c0c-b213-19f9b2fffaff: shutdown FollowerState
2019-09-26 19:36:06,034 [Thread-7081] INFO  impl.RoleInfo (RoleInfo.java:shutdownFollowerState(121)) - 728ea44c-f097-440a-a87e-c27a68d48f14: shutdown FollowerState
2019-09-26 19:36:06,034 [Thread-7078] INFO  impl.RoleInfo (RoleInfo.java:shutdownFollowerState(121)) - 99aa1396-69c4-4985-9b2a-20430cc4a0a7: shutdown FollowerState
2019-09-26 19:36:06,034 [728ea44c-f097-440a-a87e-c27a68d48f14@group-11D4F4DFACD7-SegmentedRaftLogWorker] INFO  util.JmxRegister (JmxRegister.java:unregister(73)) - Successfully un-registered JMX Bean with object name Ratis:service=RaftServer,group=group-11D4F4DFACD7,id=728ea44c-f097-440a-a87e-c27a68d48f14
2019-09-26 19:36:06,034 [Thread-7068] INFO  impl.RoleInfo (RoleInfo.java:shutdownFollowerState(121)) - 27cb48db-4b88-4c0c-b213-19f9b2fffaff: shutdown FollowerState
2019-09-26 19:36:06,033 [27cb48db-4b88-4c0c-b213-19f9b2fffaff@group-686B5EE37884:LeaderElection988] INFO  impl.RoleInfo (RoleInfo.java:shutdownLeaderElection(134)) - 27cb48db-4b88-4c0c-b213-19f9b2fffaff: shutdown LeaderElection
2019-09-26 19:36:06,032 [27cb48db-4b88-4c0c-b213-19f9b2fffaff@group-7B2272C14AEF:LeaderElection999] INFO  impl.RoleInfo (RoleInfo.java:shutdownLeaderElection(134)) - 27cb48db-4b88-4c0c-b213-19f9b2fffaff: shutdown LeaderElection
2019-09-26 19:36:06,032 [27cb48db-4b88-4c0c-b213-19f9b2fffaff@group-E5EC31325CD2:LeaderElection994] INFO  impl.RaftServerImpl (RaftServerImpl.java:setRole(174)) - 27cb48db-4b88-4c0c-b213-19f9b2fffaff@group-E5EC31325CD2: changes role from CANDIDATE to LEADER at term 1 for changeToLeader
2019-09-26 19:36:06,032 [27cb48db-4b88-4c0c-b213-19f9b2fffaff@group-CD5E6EACE70C:LeaderElection991] INFO  impl.RoleInfo (RoleInfo.java:shutdownLeaderElection(134)) - 27cb48db-4b88-4c0c-b213-19f9b2fffaff: shutdown LeaderElection
2019-09-26 19:36:06,032 [27cb48db-4b88-4c0c-b213-19f9b2fffaff@group-53CA1E877E21:LeaderElection992] INFO  impl.RaftServerImpl (RaftServerImpl.java:setRole(174)) - 27cb48db-4b88-4c0c-b213-19f9b2fffaff@group-53CA1E877E21: changes role from CANDIDATE to LEADER at term 1 for changeToLeader
2019-09-26 19:36:06,032 [27cb48db-4b88-4c0c-b213-19f9b2fffaff@group-A260F6F3F135:LeaderElection996] INFO  impl.RoleInfo (RoleInfo.java:shutdownLeaderElection(134)) - 27cb48db-4b88-4c0c-b213-19f9b2fffaff: shutdown LeaderElection
2019-09-26 19:36:06,032 [27cb48db-4b88-4c0c-b213-19f9b2fffaff@group-3B1BD1A60D37:LeaderElection1011] INFO  impl.RoleInfo (RoleInfo.java:shutdownLeaderElection(134)) - 27cb48db-4b88-4c0c-b213-19f9b2fffaff: shutdown LeaderElection
2019-09-26 19:36:06,032 [27cb48db-4b88-4c0c-b213-19f9b2fffaff@group-BA9ADC048FEB:LeaderElection989] INFO  impl.RoleInfo (RoleInfo.java:shutdownLeaderElection(134)) - 27cb48db-4b88-4c0c-b213-19f9b2fffaff: shutdown LeaderElection
2019-09-26 19:36:06,031 [27cb48db-4b88-4c0c-b213-19f9b2fffaff@group-656C4891FD7A:LeaderElection995] INFO  impl.RoleInfo (RoleInfo.java:shutdownLeaderElection(134)) - 27cb48db-4b88-4c0c-b213-19f9b2fffaff: shutdown LeaderElection
2019-09-26 19:36:06,030 [728ea44c-f097-440a-a87e-c27a68d48f14@group-1ED449F189BF-SegmentedRaftLogWorker] INFO  impl.StateMachineUpdater (StateMachineUpdater.java:stopAndJoin(125)) - 728ea44c-f097-440a-a87e-c27a68d48f14@group-1ED449F189BF-StateMachineUpdater: set stopIndex = -1
2019-09-26 19:36:06,038 [728ea44c-f097-440a-a87e-c27a68d48f14@group-1ED449F189BF-SegmentedRaftLogWorker] INFO  impl.RaftServerImpl (ServerState.java:close(385)) - 728ea44c-f097-440a-a87e-c27a68d48f14@group-1ED449F189BF: closes. applyIndex: -1
2019-09-26 19:36:06,030 [728ea44c-f097-440a-a87e-c27a68d48f14@group-40C621A7E37E:LeaderElection976] INFO  segmented.SegmentedRaftLogWorker (SegmentedRaftLogWorker.java:startLogSegment(380)) - 728ea44c-f097-440a-a87e-c27a68d48f14@group-40C621A7E37E-SegmentedRaftLogWorker: Starting segment from index:0
2019-09-26 19:36:06,029 [27cb48db-4b88-4c0c-b213-19f9b2fffaff@group-DC07AB1829D3-SegmentedRaftLogWorker] INFO  impl.RaftServerImpl (RaftServerImpl.java:lambda$shutdown$3(251)) - 27cb48db-4b88-4c0c-b213-19f9b2fffaff@group-DC07AB1829D3: shutdown
2019-09-26 19:36:06,028 [pool-261-thread-1] INFO  impl.RaftServerImpl (RaftServerImpl.java:<init>(95)) - 27cb48db-4b88-4c0c-b213-19f9b2fffaff: new RaftServerImpl for group-5A8A56B7D313:[728ea44c-f097-440a-a87e-c27a68d48f14:192.168.151.99:38783, 27cb48db-4b88-4c0c-b213-19f9b2fffaff:192.168.151.99:37457, 99aa1396-69c4-4985-9b2a-20430cc4a0a7:192.168.151.99:40213] with ContainerStateMachine:uninitialized
2019-09-26 19:36:06,028 [Thread-6219] INFO  ozone.MiniOzoneClusterImpl (MiniOzoneClusterImpl.java:shutdown(314)) - Shutting down the Mini Ozone Cluster
2019-09-26 19:36:06,028 [27cb48db-4b88-4c0c-b213-19f9b2fffaff@group-A2AAB7CD5BAC-SegmentedRaftLogWorker] INFO  segmented.SegmentedRaftLogWorker (SegmentedRaftLogWorker.java:close(228)) - 27cb48db-4b88-4c0c-b213-19f9b2fffaff@group-A2AAB7CD5BAC-SegmentedRaftLogWorker close()
2019-09-26 19:36:06,028 [99aa1396-69c4-4985-9b2a-20430cc4a0a7@group-45151E1529C8-SegmentedRaftLogWorker] INFO  segmented.SegmentedRaftLogWorker (SegmentedRaftLogWorker.java:close(228)) - 99aa1396-69c4-4985-9b2a-20430cc4a0a7@group-45151E1529C8-SegmentedRaftLogWorker close()
2019-09-26 19:36:06,010 [99aa1396-69c4-4985-9b2a-20430cc4a0a7@group-B36985718576-SegmentedRaftLogWorker] ERROR segmented.SegmentedRaftLogWorker (SegmentedRaftLogWorker.java:run(323)) - 99aa1396-69c4-4985-9b2a-20430cc4a0a7@group-B36985718576-SegmentedRaftLogWorker hit exception
java.lang.OutOfMemoryError: Direct buffer memory
	at java.nio.Bits.reserveMemory(Bits.java:666)
	at java.nio.DirectByteBuffer.<init>(DirectByteBuffer.java:123)
	at java.nio.ByteBuffer.allocateDirect(ByteBuffer.java:311)
	at org.apache.ratis.server.raftlog.segmented.BufferedWriteChannel.<init>(BufferedWriteChannel.java:41)
	at org.apache.ratis.server.raftlog.segmented.SegmentedRaftLogOutputStream.<init>(SegmentedRaftLogOutputStream.java:72)
	at org.apache.ratis.server.raftlog.segmented.SegmentedRaftLogWorker$StartLogSegment.execute(SegmentedRaftLogWorker.java:566)
	at org.apache.ratis.server.raftlog.segmented.SegmentedRaftLogWorker.run(SegmentedRaftLogWorker.java:289)
	at java.lang.Thread.run(Thread.java:748)
2019-09-26 19:36:06,010 [99aa1396-69c4-4985-9b2a-20430cc4a0a7@group-0F0EA66DDF60-SegmentedRaftLogWorker] ERROR segmented.SegmentedRaftLogWorker (SegmentedRaftLogWorker.java:run(323)) - 99aa1396-69c4-4985-9b2a-20430cc4a0a7@group-0F0EA66DDF60-SegmentedRaftLogWorker hit exception
java.lang.OutOfMemoryError: Direct buffer memory
	at java.nio.Bits.reserveMemory(Bits.java:666)
	at java.nio.DirectByteBuffer.<init>(DirectByteBuffer.java:123)
	at java.nio.ByteBuffer.allocateDirect(ByteBuffer.java:311)
	at org.apache.ratis.server.raftlog.segmented.BufferedWriteChannel.<init>(BufferedWriteChannel.java:41)
	at org.apache.ratis.server.raftlog.segmented.SegmentedRaftLogOutputStream.<init>(SegmentedRaftLogOutputStream.java:72)
	at org.apache.ratis.server.raftlog.segmented.SegmentedRaftLogWorker$StartLogSegment.execute(SegmentedRaftLogWorker.java:566)
	at org.apache.ratis.server.raftlog.segmented.SegmentedRaftLogWorker.run(SegmentedRaftLogWorker.java:289)
	at java.lang.Thread.run(Thread.java:748)
2019-09-26 19:36:06,690 [99aa1396-69c4-4985-9b2a-20430cc4a0a7@group-0F0EA66DDF60-SegmentedRaftLogWorker] INFO  impl.RaftServerImpl (RaftServerImpl.java:lambda$shutdown$3(251)) - 99aa1396-69c4-4985-9b2a-20430cc4a0a7@group-0F0EA66DDF60: shutdown
2019-09-26 19:36:05,993 [Thread-6679] INFO  impl.FollowerState (FollowerState.java:run(106)) - 728ea44c-f097-440a-a87e-c27a68d48f14:group-E183B10AB6CB changes to CANDIDATE, lastRpcTime:10757, electionTimeout:5002ms
2019-09-26 19:36:06,690 [99aa1396-69c4-4985-9b2a-20430cc4a0a7@group-0F0EA66DDF60-SegmentedRaftLogWorker] INFO  util.JmxRegister (JmxRegister.java:unregister(73)) - Successfully un-registered JMX Bean with object name Ratis:service=RaftServer,group=group-0F0EA66DDF60,id=99aa1396-69c4-4985-9b2a-20430cc4a0a7
2019-09-26 19:36:05,992 [Thread-6685] INFO  impl.FollowerState (FollowerState.java:run(106)) - 728ea44c-f097-440a-a87e-c27a68d48f14:group-5F924A8F8ADB changes to CANDIDATE, lastRpcTime:10687, electionTimeout:5024ms
2019-09-26 19:36:05,991 [Thread-6640] INFO  impl.FollowerState (FollowerState.java:run(106)) - 728ea44c-f097-440a-a87e-c27a68d48f14:group-BB69EB22B37E changes to CANDIDATE, lastRpcTime:11463, electionTimeout:5036ms
2019-09-26 19:36:05,991 [Thread-6655] INFO  impl.FollowerState (FollowerState.java:run(106)) - 27cb48db-4b88-4c0c-b213-19f9b2fffaff:group-4286E730C784 changes to CANDIDATE, lastRpcTime:11305, electionTimeout:5038ms
2019-09-26 19:36:05,991 [Thread-6661] INFO  impl.FollowerState (FollowerState.java:run(106)) - 27cb48db-4b88-4c0c-b213-19f9b2fffaff:group-6067988DFF8F changes to CANDIDATE, lastRpcTime:11231, electionTimeout:5038ms
2019-09-26 19:36:05,989 [Thread-6682] INFO  impl.FollowerState (FollowerState.java:run(106)) - 27cb48db-4b88-4c0c-b213-19f9b2fffaff:group-FB1248EB002D changes to CANDIDATE, lastRpcTime:10719, electionTimeout:5072ms
2019-09-26 19:36:05,989 [Thread-6643] INFO  impl.FollowerState (FollowerState.java:run(106)) - 27cb48db-4b88-4c0c-b213-19f9b2fffaff:group-DB740590083B changes to CANDIDATE, lastRpcTime:11423, electionTimeout:5072ms
2019-09-26 19:36:06,691 [Thread-6643] INFO  impl.RoleInfo (RoleInfo.java:shutdownFollowerState(121)) - 27cb48db-4b88-4c0c-b213-19f9b2fffaff: shutdown FollowerState
2019-09-26 19:36:05,989 [Thread-6670] INFO  impl.FollowerState (FollowerState.java:run(106)) - 99aa1396-69c4-4985-9b2a-20430cc4a0a7:group-8FC43B8E249F changes to CANDIDATE, lastRpcTime:11148, electionTimeout:5080ms
2019-09-26 19:36:05,989 [Thread-6664] INFO  impl.FollowerState (FollowerState.java:run(106)) - 728ea44c-f097-440a-a87e-c27a68d48f14:group-56EF8E9D7D62 changes to CANDIDATE, lastRpcTime:11192, electionTimeout:5084ms
2019-09-26 19:36:05,989 [Thread-6667] INFO  impl.FollowerState (FollowerState.java:run(106)) - 728ea44c-f097-440a-a87e-c27a68d48f14:group-AB23A7610A57 changes to CANDIDATE, lastRpcTime:11164, electionTimeout:5089ms
2019-09-26 19:36:05,989 [Thread-6691] INFO  impl.FollowerState (FollowerState.java:run(106)) - 27cb48db-4b88-4c0c-b213-19f9b2fffaff:group-C17EB1A95973 changes to CANDIDATE, lastRpcTime:10646, electionTimeout:5113ms
2019-09-26 19:36:05,989 [Thread-6673] INFO  impl.FollowerState (FollowerState.java:run(106)) - 27cb48db-4b88-4c0c-b213-19f9b2fffaff:group-5C41B557C8F0 changes to CANDIDATE, lastRpcTime:11104, electionTimeout:5123ms
2019-09-26 19:36:05,989 [Thread-6636] INFO  impl.FollowerState (FollowerState.java:run(106)) - 27cb48db-4b88-4c0c-b213-19f9b2fffaff:group-7EAA5414454D changes to CANDIDATE, lastRpcTime:11496, electionTimeout:5112ms
2019-09-26 19:36:05,989 [Thread-6697] INFO  impl.FollowerState (FollowerState.java:run(106)) - 27cb48db-4b88-4c0c-b213-19f9b2fffaff:group-29622162AE5F changes to CANDIDATE, lastRpcTime:10618, electionTimeout:5144ms
2019-09-26 19:36:05,989 [Thread-6649] INFO  impl.FollowerState (FollowerState.java:run(106)) - 728ea44c-f097-440a-a87e-c27a68d48f14:group-16EAEE30D2AE changes to CANDIDATE, lastRpcTime:11371, electionTimeout:5147ms
2019-09-26 19:36:05,989 [Thread-6652] INFO  impl.FollowerState (FollowerState.java:run(106)) - 728ea44c-f097-440a-a87e-c27a68d48f14:group-88228B0D7AFD changes to CANDIDATE, lastRpcTime:11340, electionTimeout:5158ms
2019-09-26 19:36:05,989 [Thread-6658] INFO  impl.FollowerState (FollowerState.java:run(106)) - 27cb48db-4b88-4c0c-b213-19f9b2fffaff:group-8258851FBC6A changes to CANDIDATE, lastRpcTime:11266, electionTimeout:5184ms
2019-09-26 19:36:05,989 [Thread-6688] INFO  impl.FollowerState (FollowerState.java:run(106)) - 27cb48db-4b88-4c0c-b213-19f9b2fffaff:group-606A4401418B changes to CANDIDATE, lastRpcTime:10661, electionTimeout:5162ms
2019-09-26 19:36:05,989 [Thread-6694] INFO  impl.FollowerState (FollowerState.java:run(106)) - 27cb48db-4b88-4c0c-b213-19f9b2fffaff:group-2FE92788FEB6 changes to CANDIDATE, lastRpcTime:10632, electionTimeout:5195ms
2019-09-26 19:36:05,321 [27cb48db-4b88-4c0c-b213-19f9b2fffaff@group-B1E3039FE9C9:LeaderElection975] INFO  impl.RaftServerImpl (ServerState.java:setRaftConf(354)) - 27cb48db-4b88-4c0c-b213-19f9b2fffaff@group-B1E3039FE9C9: set configuration 0: [27cb48db-4b88-4c0c-b213-19f9b2fffaff:192.168.151.99:37457], old=null at 0
2019-09-26 19:36:05,321 [27cb48db-4b88-4c0c-b213-19f9b2fffaff@group-D0AE5A240A11:LeaderElection980] INFO  server.RaftServerConfigKeys (ConfUtils.java:logGet(43)) - raft.server.write.element-limit = 4096 (default)
2019-09-26 19:36:05,321 [grpc-default-executor-5] INFO  impl.RaftServerProxy (RaftServerProxy.java:addNew(89)) - 27cb48db-4b88-4c0c-b213-19f9b2fffaff: addNew group-5A8A56B7D313:[728ea44c-f097-440a-a87e-c27a68d48f14:192.168.151.99:38783, 27cb48db-4b88-4c0c-b213-19f9b2fffaff:192.168.151.99:37457, 99aa1396-69c4-4985-9b2a-20430cc4a0a7:192.168.151.99:40213] returns group-5A8A56B7D313:java.util.concurrent.CompletableFuture@3d604bee[Not completed]
2019-09-26 19:36:05,321 [27cb48db-4b88-4c0c-b213-19f9b2fffaff@group-BEB29AE3C17F:LeaderElection981] INFO  server.RaftServerConfigKeys (ConfUtils.java:logGet(43)) - raft.server.watch.timeout = 10s (default)
2019-09-26 19:36:05,321 [728ea44c-f097-440a-a87e-c27a68d48f14@group-8B20934A7F11:LeaderElection984] INFO  server.RaftServerConfigKeys (ConfUtils.java:logGet(43)) - raft.server.write.element-limit = 4096 (default)
2019-09-26 19:36:05,321 [pool-281-thread-1] INFO  impl.RaftServerImpl (RaftServerImpl.java:<init>(95)) - 99aa1396-69c4-4985-9b2a-20430cc4a0a7: new RaftServerImpl for group-5A8A56B7D313:[728ea44c-f097-440a-a87e-c27a68d48f14:192.168.151.99:38783, 27cb48db-4b88-4c0c-b213-19f9b2fffaff:192.168.151.99:37457, 99aa1396-69c4-4985-9b2a-20430cc4a0a7:192.168.151.99:40213] with ContainerStateMachine:uninitialized
2019-09-26 19:36:05,321 [27cb48db-4b88-4c0c-b213-19f9b2fffaff@group-B295C7228A94:LeaderElection979] INFO  impl.RoleInfo (RoleInfo.java:updateAndGet(143)) - 27cb48db-4b88-4c0c-b213-19f9b2fffaff: start LeaderState
2019-09-26 19:36:05,321 [27cb48db-4b88-4c0c-b213-19f9b2fffaff@group-F337E4A86832:LeaderElection985] INFO  server.RaftServerConfigKeys (ConfUtils.java:logGet(43)) - raft.server.watch.timeout = 10s (default)
2019-09-26 19:36:05,321 [728ea44c-f097-440a-a87e-c27a68d48f14@group-A3FDED93FB37:LeaderElection972] INFO  segmented.SegmentedRaftLogWorker (SegmentedRaftLogWorker.java:startLogSegment(380)) - 728ea44c-f097-440a-a87e-c27a68d48f14@group-A3FDED93FB37-SegmentedRaftLogWorker: Starting segment from index:0
2019-09-26 19:36:05,320 [728ea44c-f097-440a-a87e-c27a68d48f14@group-89DB952C4950:LeaderElection982] INFO  server.RaftServerConfigKeys (ConfUtils.java:logGet(43)) - raft.server.rpc.sleep.time = 25ms (default)
2019-09-26 19:36:05,320 [grpc-default-executor-2] INFO  impl.RaftServerProxy (RaftServerProxy.java:addNew(89)) - 99aa1396-69c4-4985-9b2a-20430cc4a0a7: addNew group-5A8A56B7D313:[728ea44c-f097-440a-a87e-c27a68d48f14:192.168.151.99:38783, 27cb48db-4b88-4c0c-b213-19f9b2fffaff:192.168.151.99:37457, 99aa1396-69c4-4985-9b2a-20430cc4a0a7:192.168.151.99:40213] returns group-5A8A56B7D313:java.util.concurrent.CompletableFuture@194af6e[Not completed]
2019-09-26 19:36:06,694 [728ea44c-f097-440a-a87e-c27a68d48f14@group-89DB952C4950:LeaderElection982] INFO  server.RaftServerConfigKeys (ConfUtils.java:logGet(43)) - raft.server.write.element-limit = 4096 (default)
2019-09-26 19:36:05,320 [728ea44c-f097-440a-a87e-c27a68d48f14@group-7C646671DC62:LeaderElection983] INFO  server.RaftServerConfigKeys (ConfUtils.java:logGet(43)) - raft.server.write.element-limit = 4096 (default)
2019-09-26 19:36:05,320 [27cb48db-4b88-4c0c-b213-19f9b2fffaff@group-FEE7AAE57329:LeaderElection987] INFO  server.RaftServerConfigKeys (ConfUtils.java:logGet(43)) - raft.server.watch.timeout = 10s (default)
2019-09-26 19:36:05,320 [728ea44c-f097-440a-a87e-c27a68d48f14@group-CD95CCA6E5DE:LeaderElection986] INFO  server.RaftServerConfigKeys (ConfUtils.java:logGet(43)) - raft.server.watch.timeout = 10s (default)
2019-09-26 19:36:05,320 [grpc-default-executor-4] INFO  impl.RaftServerProxy (RaftServerProxy.java:addNew(89)) - 728ea44c-f097-440a-a87e-c27a68d48f14: addNew group-5A8A56B7D313:[728ea44c-f097-440a-a87e-c27a68d48f14:192.168.151.99:38783, 27cb48db-4b88-4c0c-b213-19f9b2fffaff:192.168.151.99:37457, 99aa1396-69c4-4985-9b2a-20430cc4a0a7:192.168.151.99:40213] returns group-5A8A56B7D313:java.util.concurrent.CompletableFuture@56e10cb[Not completed]
2019-09-26 19:36:05,320 [728ea44c-f097-440a-a87e-c27a68d48f14@group-569657D0E72C-SegmentedRaftLogWorker] INFO  impl.StateMachineUpdater (StateMachineUpdater.java:stopAndJoin(125)) - 728ea44c-f097-440a-a87e-c27a68d48f14@group-569657D0E72C-StateMachineUpdater: set stopIndex = -1
2019-09-26 19:36:07,158 [728ea44c-f097-440a-a87e-c27a68d48f14@group-569657D0E72C-SegmentedRaftLogWorker] INFO  impl.RaftServerImpl (ServerState.java:close(385)) - 728ea44c-f097-440a-a87e-c27a68d48f14@group-569657D0E72C: closes. applyIndex: -1
2019-09-26 19:36:05,320 [27cb48db-4b88-4c0c-b213-19f9b2fffaff@group-8502D39265A6:LeaderElection1005] INFO  impl.LeaderElection (LeaderElection.java:askForVotes(182)) - 27cb48db-4b88-4c0c-b213-19f9b2fffaff@group-8502D39265A6:LeaderElection1005: begin an election at term 1 for -1: [27cb48db-4b88-4c0c-b213-19f9b2fffaff:192.168.151.99:37457], old=null
2019-09-26 19:36:05,320 [728ea44c-f097-440a-a87e-c27a68d48f14@group-A248398DF8D6:LeaderElection1006] INFO  impl.LeaderElection (LeaderElection.java:askForVotes(182)) - 728ea44c-f097-440a-a87e-c27a68d48f14@group-A248398DF8D6:LeaderElection1006: begin an election at term 1 for -1: [728ea44c-f097-440a-a87e-c27a68d48f14:192.168.151.99:38783], old=null
2019-09-26 19:36:05,320 [27cb48db-4b88-4c0c-b213-19f9b2fffaff@group-D1BA8AE37FD0:LeaderElection1007] INFO  impl.LeaderElection (LeaderElection.java:askForVotes(182)) - 27cb48db-4b88-4c0c-b213-19f9b2fffaff@group-D1BA8AE37FD0:LeaderElection1007: begin an election at term 1 for -1: [27cb48db-4b88-4c0c-b213-19f9b2fffaff:192.168.151.99:37457], old=null
2019-09-26 19:36:05,320 [728ea44c-f097-440a-a87e-c27a68d48f14@group-B46C9A7EAD2D:LeaderElection1009] INFO  impl.LeaderElection (LeaderElection.java:askForVotes(182)) - 728ea44c-f097-440a-a87e-c27a68d48f14@group-B46C9A7EAD2D:LeaderElection1009: begin an election at term 1 for -1: [728ea44c-f097-440a-a87e-c27a68d48f14:192.168.151.99:38783], old=null
2019-09-26 19:36:05,320 [99aa1396-69c4-4985-9b2a-20430cc4a0a7@group-119644BB2AD2:LeaderElection1004] INFO  impl.LeaderElection (LeaderElection.java:askForVotes(182)) - 99aa1396-69c4-4985-9b2a-20430cc4a0a7@group-119644BB2AD2:LeaderElection1004: begin an election at term 1 for -1: [99aa1396-69c4-4985-9b2a-20430cc4a0a7:192.168.151.99:40213], old=null
2019-09-26 19:36:05,320 [27cb48db-4b88-4c0c-b213-19f9b2fffaff@group-684BA3C5CC11:LeaderElection1012] INFO  impl.LeaderElection (LeaderElection.java:askForVotes(182)) - 27cb48db-4b88-4c0c-b213-19f9b2fffaff@group-684BA3C5CC11:LeaderElection1012: begin an election at term 1 for -1: [27cb48db-4b88-4c0c-b213-19f9b2fffaff:192.168.151.99:37457], old=null
2019-09-26 19:36:07,159 [27cb48db-4b88-4c0c-b213-19f9b2fffaff@group-684BA3C5CC11:LeaderElection1012] INFO  impl.RoleInfo (RoleInfo.java:shutdownLeaderElection(134)) - 27cb48db-4b88-4c0c-b213-19f9b2fffaff: shutdown LeaderElection
2019-09-26 19:36:05,320 [728ea44c-f097-440a-a87e-c27a68d48f14@group-516E0962CCE3:LeaderElection1000] INFO  impl.LeaderElection (LeaderElection.java:askForVotes(182)) - 728ea44c-f097-440a-a87e-c27a68d48f14@group-516E0962CCE3:LeaderElection1000: begin an election at term 1 for -1: [728ea44c-f097-440a-a87e-c27a68d48f14:192.168.151.99:38783], old=null
2019-09-26 19:36:05,320 [27cb48db-4b88-4c0c-b213-19f9b2fffaff@group-CF122FDC6C03:LeaderElection1008] INFO  impl.LeaderElection (LeaderElection.java:askForVotes(182)) - 27cb48db-4b88-4c0c-b213-19f9b2fffaff@group-CF122FDC6C03:LeaderElection1008: begin an election at term 1 for -1: [27cb48db-4b88-4c0c-b213-19f9b2fffaff:192.168.151.99:37457], old=null
2019-09-26 19:36:07,159 [27cb48db-4b88-4c0c-b213-19f9b2fffaff@group-CF122FDC6C03:LeaderElection1008] INFO  impl.RoleInfo (RoleInfo.java:shutdownLeaderElection(134)) - 27cb48db-4b88-4c0c-b213-19f9b2fffaff: shutdown LeaderElection
2019-09-26 19:36:05,320 [27cb48db-4b88-4c0c-b213-19f9b2fffaff@group-5B13DE4C131A:LeaderElection1010] INFO  impl.LeaderElection (LeaderElection.java:askForVotes(182)) - 27cb48db-4b88-4c0c-b213-19f9b2fffaff@group-5B13DE4C131A:LeaderElection1010: begin an election at term 1 for -1: [27cb48db-4b88-4c0c-b213-19f9b2fffaff:192.168.151.99:37457], old=null
2019-09-26 19:36:05,320 [27cb48db-4b88-4c0c-b213-19f9b2fffaff@group-9D764B33AD0C:LeaderElection1003] INFO  impl.LeaderElection (LeaderElection.java:askForVotes(182)) - 27cb48db-4b88-4c0c-b213-19f9b2fffaff@group-9D764B33AD0C:LeaderElection1003: begin an election at term 1 for -1: [27cb48db-4b88-4c0c-b213-19f9b2fffaff:192.168.151.99:37457], old=null
2019-09-26 19:36:07,159 [27cb48db-4b88-4c0c-b213-19f9b2fffaff@group-9D764B33AD0C:LeaderElection1003] INFO  impl.RoleInfo (RoleInfo.java:shutdownLeaderElection(134)) - 27cb48db-4b88-4c0c-b213-19f9b2fffaff: shutdown LeaderElection
2019-09-26 19:36:05,320 [728ea44c-f097-440a-a87e-c27a68d48f14@group-38F2945183E6:LeaderElection1001] INFO  impl.LeaderElection (LeaderElection.java:askForVotes(182)) - 728ea44c-f097-440a-a87e-c27a68d48f14@group-38F2945183E6:LeaderElection1001: begin an election at term 1 for -1: [728ea44c-f097-440a-a87e-c27a68d48f14:192.168.151.99:38783], old=null
2019-09-26 19:36:05,320 [27cb48db-4b88-4c0c-b213-19f9b2fffaff@group-3731B9264D30:LeaderElection1013] INFO  impl.LeaderElection (LeaderElection.java:askForVotes(182)) - 27cb48db-4b88-4c0c-b213-19f9b2fffaff@group-3731B9264D30:LeaderElection1013: begin an election at term 1 for -1: [27cb48db-4b88-4c0c-b213-19f9b2fffaff:192.168.151.99:37457], old=null
2019-09-26 19:36:05,320 [99aa1396-69c4-4985-9b2a-20430cc4a0a7@group-BA736CDCA3E4:LeaderElection1002] INFO  impl.LeaderElection (LeaderElection.java:askForVotes(182)) - 99aa1396-69c4-4985-9b2a-20430cc4a0a7@group-BA736CDCA3E4:LeaderElection1002: begin an election at term 1 for -1: [99aa1396-69c4-4985-9b2a-20430cc4a0a7:192.168.151.99:40213], old=null
2019-09-26 19:36:05,312 [728ea44c-f097-440a-a87e-c27a68d48f14@group-81150C1B35EC:LeaderElection993] INFO  server.RaftServerConfigKeys (ConfUtils.java:logGet(43)) - raft.server.staging.catchup.gap = 1000 (default)
2019-09-26 19:36:05,311 [27cb48db-4b88-4c0c-b213-19f9b2fffaff@group-9B0E204FFB32:LeaderElection997] INFO  server.RaftServerConfigKeys (ConfUtils.java:logGet(43)) - raft.server.staging.catchup.gap = 1000 (default)
2019-09-26 19:36:07,160 [27cb48db-4b88-4c0c-b213-19f9b2fffaff@group-9B0E204FFB32:LeaderElection997] INFO  server.RaftServerConfigKeys (ConfUtils.java:logGet(43)) - raft.server.rpc.sleep.time = 25ms (default)
2019-09-26 19:36:05,311 [728ea44c-f097-440a-a87e-c27a68d48f14@group-09E478195B44:LeaderElection998] INFO  impl.RaftServerImpl (RaftServerImpl.java:setRole(174)) - 728ea44c-f097-440a-a87e-c27a68d48f14@group-09E478195B44: changes role from CANDIDATE to LEADER at term 1 for changeToLeader
2019-09-26 19:36:07,160 [728ea44c-f097-440a-a87e-c27a68d48f14@group-09E478195B44:LeaderElection998] INFO  impl.RaftServerImpl (ServerState.java:setLeader(253)) - 728ea44c-f097-440a-a87e-c27a68d48f14@group-09E478195B44: change Leader from null to 728ea44c-f097-440a-a87e-c27a68d48f14 at term 1 for becomeLeader, leader elected after 9072ms
2019-09-26 19:36:05,311 [27cb48db-4b88-4c0c-b213-19f9b2fffaff@group-2101955D751F:LeaderElection990] INFO  server.RaftServerConfigKeys (ConfUtils.java:logGet(43)) - raft.server.staging.catchup.gap = 1000 (default)
2019-09-26 19:36:05,295 [27cb48db-4b88-4c0c-b213-19f9b2fffaff@group-B8BD7675E4F6-SegmentedRaftLogWorker] INFO  impl.RoleInfo (RoleInfo.java:shutdownLeaderState(104)) - 27cb48db-4b88-4c0c-b213-19f9b2fffaff: shutdown LeaderState
2019-09-26 19:36:05,295 [Thread-7021] INFO  impl.RaftServerImpl (RaftServerImpl.java:setRole(174)) - 27cb48db-4b88-4c0c-b213-19f9b2fffaff@group-7C23D55C331C: changes role from  FOLLOWER to CANDIDATE at term 0 for changeToCandidate
2019-09-26 19:36:05,295 [Thread-7011] INFO  impl.RaftServerImpl (RaftServerImpl.java:setRole(174)) - 99aa1396-69c4-4985-9b2a-20430cc4a0a7@group-FBCC5E2B6B47: changes role from  FOLLOWER to CANDIDATE at term 0 for changeToCandidate
2019-09-26 19:36:05,295 [Thread-7031] INFO  impl.RoleInfo (RoleInfo.java:updateAndGet(143)) - 728ea44c-f097-440a-a87e-c27a68d48f14: start LeaderElection
2019-09-26 19:36:05,295 [Thread-7014] INFO  impl.RaftServerImpl (RaftServerImpl.java:setRole(174)) - 27cb48db-4b88-4c0c-b213-19f9b2fffaff@group-A6166F251855: changes role from  FOLLOWER to CANDIDATE at term 0 for changeToCandidate
2019-09-26 19:36:05,294 [Thread-7038] INFO  impl.RoleInfo (RoleInfo.java:updateAndGet(143)) - 728ea44c-f097-440a-a87e-c27a68d48f14: start LeaderElection
2019-09-26 19:36:05,294 [Thread-7024] INFO  impl.RaftServerImpl (RaftServerImpl.java:setRole(174)) - 728ea44c-f097-440a-a87e-c27a68d48f14@group-61276961113F: changes role from  FOLLOWER to CANDIDATE at term 0 for changeToCandidate
2019-09-26 19:36:05,294 [27cb48db-4b88-4c0c-b213-19f9b2fffaff@group-E18203AECDC0:LeaderElection978] INFO  server.RaftServerConfigKeys (ConfUtils.java:logGet(43)) - raft.server.watch.timeout.denomination = 1s (default)
2019-09-26 19:36:07,161 [Thread-7024] INFO  impl.RoleInfo (RoleInfo.java:updateAndGet(143)) - 728ea44c-f097-440a-a87e-c27a68d48f14: start LeaderElection
2019-09-26 19:36:07,161 [Thread-7014] INFO  impl.RoleInfo (RoleInfo.java:updateAndGet(143)) - 27cb48db-4b88-4c0c-b213-19f9b2fffaff: start LeaderElection
2019-09-26 19:36:07,160 [Thread-7011] INFO  impl.RoleInfo (RoleInfo.java:updateAndGet(143)) - 99aa1396-69c4-4985-9b2a-20430cc4a0a7: start LeaderElection
2019-09-26 19:36:07,160 [Thread-7021] INFO  impl.RoleInfo (RoleInfo.java:updateAndGet(143)) - 27cb48db-4b88-4c0c-b213-19f9b2fffaff: start LeaderElection
2019-09-26 19:36:07,160 [27cb48db-4b88-4c0c-b213-19f9b2fffaff@group-B8BD7675E4F6-SegmentedRaftLogWorker] INFO  impl.PendingRequests (PendingRequests.java:sendNotLeaderResponses(202)) - 27cb48db-4b88-4c0c-b213-19f9b2fffaff-PendingRequests: sendNotLeaderResponses
2019-09-26 19:36:07,160 [27cb48db-4b88-4c0c-b213-19f9b2fffaff@group-2101955D751F:LeaderElection990] INFO  server.RaftServerConfigKeys (ConfUtils.java:logGet(43)) - raft.server.rpc.sleep.time = 25ms (default)
2019-09-26 19:36:07,160 [728ea44c-f097-440a-a87e-c27a68d48f14@group-09E478195B44:LeaderElection998] INFO  server.RaftServerConfigKeys (ConfUtils.java:logGet(43)) - raft.server.staging.catchup.gap = 1000 (default)
2019-09-26 19:36:07,160 [27cb48db-4b88-4c0c-b213-19f9b2fffaff@group-9B0E204FFB32:LeaderElection997] INFO  server.RaftServerConfigKeys (ConfUtils.java:logGet(43)) - raft.server.write.element-limit = 4096 (default)
2019-09-26 19:36:07,160 [728ea44c-f097-440a-a87e-c27a68d48f14@group-81150C1B35EC:LeaderElection993] INFO  server.RaftServerConfigKeys (ConfUtils.java:logGet(43)) - raft.server.rpc.sleep.time = 25ms (default)
2019-09-26 19:36:07,160 [99aa1396-69c4-4985-9b2a-20430cc4a0a7@group-BA736CDCA3E4:LeaderElection1002] INFO  impl.RoleInfo (RoleInfo.java:shutdownLeaderElection(134)) - 99aa1396-69c4-4985-9b2a-20430cc4a0a7: shutdown LeaderElection
2019-09-26 19:36:07,160 [27cb48db-4b88-4c0c-b213-19f9b2fffaff@group-3731B9264D30:LeaderElection1013] INFO  impl.RoleInfo (RoleInfo.java:shutdownLeaderElection(134)) - 27cb48db-4b88-4c0c-b213-19f9b2fffaff: shutdown LeaderElection
2019-09-26 19:36:07,159 [728ea44c-f097-440a-a87e-c27a68d48f14@group-38F2945183E6:LeaderElection1001] INFO  impl.RoleInfo (RoleInfo.java:shutdownLeaderElection(134)) - 728ea44c-f097-440a-a87e-c27a68d48f14: shutdown LeaderElection
2019-09-26 19:36:07,162 [728ea44c-f097-440a-a87e-c27a68d48f14@group-38F2945183E6:LeaderElection1001] INFO  impl.RaftServerImpl (RaftServerImpl.java:setRole(174)) - 728ea44c-f097-440a-a87e-c27a68d48f14@group-38F2945183E6: changes role from CANDIDATE to LEADER at term 1 for changeToLeader
2019-09-26 19:36:07,159 [27cb48db-4b88-4c0c-b213-19f9b2fffaff@group-9D764B33AD0C:LeaderElection1003] INFO  impl.RaftServerImpl (RaftServerImpl.java:setRole(174)) - 27cb48db-4b88-4c0c-b213-19f9b2fffaff@group-9D764B33AD0C: changes role from CANDIDATE to LEADER at term 1 for changeToLeader
2019-09-26 19:36:07,159 [27cb48db-4b88-4c0c-b213-19f9b2fffaff@group-5B13DE4C131A:LeaderElection1010] INFO  impl.RoleInfo (RoleInfo.java:shutdownLeaderElection(134)) - 27cb48db-4b88-4c0c-b213-19f9b2fffaff: shutdown LeaderElection
2019-09-26 19:36:07,159 [27cb48db-4b88-4c0c-b213-19f9b2fffaff@group-CF122FDC6C03:LeaderElection1008] INFO  impl.RaftServerImpl (RaftServerImpl.java:setRole(174)) - 27cb48db-4b88-4c0c-b213-19f9b2fffaff@group-CF122FDC6C03: changes role from CANDIDATE to LEADER at term 1 for changeToLeader
2019-09-26 19:36:07,159 [728ea44c-f097-440a-a87e-c27a68d48f14@group-516E0962CCE3:LeaderElection1000] INFO  impl.RoleInfo (RoleInfo.java:shutdownLeaderElection(134)) - 728ea44c-f097-440a-a87e-c27a68d48f14: shutdown LeaderElection
2019-09-26 19:36:07,159 [27cb48db-4b88-4c0c-b213-19f9b2fffaff@group-684BA3C5CC11:LeaderElection1012] INFO  impl.RaftServerImpl (RaftServerImpl.java:setRole(174)) - 27cb48db-4b88-4c0c-b213-19f9b2fffaff@group-684BA3C5CC11: changes role from CANDIDATE to LEADER at term 1 for changeToLeader
2019-09-26 19:36:07,158 [99aa1396-69c4-4985-9b2a-20430cc4a0a7@group-119644BB2AD2:LeaderElection1004] INFO  impl.RoleInfo (RoleInfo.java:shutdownLeaderElection(134)) - 99aa1396-69c4-4985-9b2a-20430cc4a0a7: shutdown LeaderElection
2019-09-26 19:36:07,158 [728ea44c-f097-440a-a87e-c27a68d48f14@group-B46C9A7EAD2D:LeaderElection1009] INFO  impl.RoleInfo (RoleInfo.java:shutdownLeaderElection(134)) - 728ea44c-f097-440a-a87e-c27a68d48f14: shutdown LeaderElection
2019-09-26 19:36:07,163 [728ea44c-f097-440a-a87e-c27a68d48f14@group-B46C9A7EAD2D:LeaderElection1009] INFO  impl.RaftServerImpl (RaftServerImpl.java:setRole(174)) - 728ea44c-f097-440a-a87e-c27a68d48f14@group-B46C9A7EAD2D: changes role from CANDIDATE to LEADER at term 1 for changeToLeader
2019-09-26 19:36:07,163 [728ea44c-f097-440a-a87e-c27a68d48f14@group-B46C9A7EAD2D:LeaderElection1009] INFO  impl.RaftServerImpl (ServerState.java:setLeader(253)) - 728ea44c-f097-440a-a87e-c27a68d48f14@group-B46C9A7EAD2D: change Leader from null to 728ea44c-f097-440a-a87e-c27a68d48f14 at term 1 for becomeLeader, leader elected after 15282ms
2019-09-26 19:36:07,158 [27cb48db-4b88-4c0c-b213-19f9b2fffaff@group-D1BA8AE37FD0:LeaderElection1007] INFO  impl.RoleInfo (RoleInfo.java:shutdownLeaderElection(134)) - 27cb48db-4b88-4c0c-b213-19f9b2fffaff: shutdown LeaderElection
2019-09-26 19:36:07,158 [728ea44c-f097-440a-a87e-c27a68d48f14@group-A248398DF8D6:LeaderElection1006] INFO  impl.RoleInfo (RoleInfo.java:shutdownLeaderElection(134)) - 728ea44c-f097-440a-a87e-c27a68d48f14: shutdown LeaderElection
2019-09-26 19:36:07,158 [27cb48db-4b88-4c0c-b213-19f9b2fffaff@group-8502D39265A6:LeaderElection1005] INFO  impl.RoleInfo (RoleInfo.java:shutdownLeaderElection(134)) - 27cb48db-4b88-4c0c-b213-19f9b2fffaff: shutdown LeaderElection
2019-09-26 19:36:07,163 [27cb48db-4b88-4c0c-b213-19f9b2fffaff@group-8502D39265A6:LeaderElection1005] INFO  impl.RaftServerImpl (RaftServerImpl.java:setRole(174)) - 27cb48db-4b88-4c0c-b213-19f9b2fffaff@group-8502D39265A6: changes role from CANDIDATE to LEADER at term 1 for changeToLeader
2019-09-26 19:36:07,158 [728ea44c-f097-440a-a87e-c27a68d48f14@group-569657D0E72C-SegmentedRaftLogWorker] INFO  segmented.SegmentedRaftLogWorker (SegmentedRaftLogWorker.java:close(228)) - 728ea44c-f097-440a-a87e-c27a68d48f14@group-569657D0E72C-SegmentedRaftLogWorker close()
2019-09-26 19:36:07,157 [728ea44c-f097-440a-a87e-c27a68d48f14@group-CD95CCA6E5DE:LeaderElection986] INFO  server.RaftServerConfigKeys (ConfUtils.java:logGet(43)) - raft.server.watch.timeout.denomination = 1s (default)
2019-09-26 19:36:07,157 [27cb48db-4b88-4c0c-b213-19f9b2fffaff@group-FEE7AAE57329:LeaderElection987] INFO  server.RaftServerConfigKeys (ConfUtils.java:logGet(43)) - raft.server.watch.timeout.denomination = 1s (default)
2019-09-26 19:36:07,157 [728ea44c-f097-440a-a87e-c27a68d48f14@group-7C646671DC62:LeaderElection983] INFO  server.RaftServerConfigKeys (ConfUtils.java:logGet(43)) - raft.server.watch.timeout = 10s (default)
2019-09-26 19:36:07,157 [728ea44c-f097-440a-a87e-c27a68d48f14@group-89DB952C4950:LeaderElection982] INFO  server.RaftServerConfigKeys (ConfUtils.java:logGet(43)) - raft.server.watch.timeout = 10s (default)
2019-09-26 19:36:07,145 [27cb48db-4b88-4c0c-b213-19f9b2fffaff@group-4716D0EACE8F-SegmentedRaftLogWorker] ERROR segmented.SegmentedRaftLogWorker (SegmentedRaftLogWorker.java:run(323)) - 27cb48db-4b88-4c0c-b213-19f9b2fffaff@group-4716D0EACE8F-SegmentedRaftLogWorker hit exception
java.lang.OutOfMemoryError: Direct buffer memory
	at java.nio.Bits.reserveMemory(Bits.java:666)
	at java.nio.DirectByteBuffer.<init>(DirectByteBuffer.java:123)
	at java.nio.ByteBuffer.allocateDirect(ByteBuffer.java:311)
	at org.apache.ratis.server.raftlog.segmented.BufferedWriteChannel.<init>(BufferedWriteChannel.java:41)
	at org.apache.ratis.server.raftlog.segmented.SegmentedRaftLogOutputStream.<init>(SegmentedRaftLogOutputStream.java:72)
	at org.apache.ratis.server.raftlog.segmented.SegmentedRaftLogWorker$StartLogSegment.execute(SegmentedRaftLogWorker.java:566)
	at org.apache.ratis.server.raftlog.segmented.SegmentedRaftLogWorker.run(SegmentedRaftLogWorker.java:289)
	at java.lang.Thread.run(Thread.java:748)
2019-09-26 19:36:07,178 [27cb48db-4b88-4c0c-b213-19f9b2fffaff@group-4716D0EACE8F-SegmentedRaftLogWorker] INFO  impl.RaftServerImpl (RaftServerImpl.java:lambda$shutdown$3(251)) - 27cb48db-4b88-4c0c-b213-19f9b2fffaff@group-4716D0EACE8F: shutdown
2019-09-26 19:36:07,143 [Thread-6793] INFO  impl.FollowerState (FollowerState.java:run(106)) - 728ea44c-f097-440a-a87e-c27a68d48f14:group-AF2925BA2B4F changes to CANDIDATE, lastRpcTime:10723, electionTimeout:5063ms
2019-09-26 19:36:07,142 [Thread-6778] INFO  impl.FollowerState (FollowerState.java:run(106)) - 728ea44c-f097-440a-a87e-c27a68d48f14:group-CE4E9F883499 changes to CANDIDATE, lastRpcTime:10886, electionTimeout:5092ms
2019-09-26 19:36:07,142 [Thread-6799] INFO  impl.FollowerState (FollowerState.java:run(106)) - 728ea44c-f097-440a-a87e-c27a68d48f14:group-E8DCF40579B6 changes to CANDIDATE, lastRpcTime:10661, electionTimeout:5093ms
2019-09-26 19:36:07,141 [Thread-6784] INFO  impl.FollowerState (FollowerState.java:run(106)) - 99aa1396-69c4-4985-9b2a-20430cc4a0a7:group-5BC89FBB8EDB changes to CANDIDATE, lastRpcTime:10806, electionTimeout:5100ms
2019-09-26 19:36:07,140 [Thread-6796] INFO  impl.FollowerState (FollowerState.java:run(106)) - 27cb48db-4b88-4c0c-b213-19f9b2fffaff:group-B494DA265365 changes to CANDIDATE, lastRpcTime:10691, electionTimeout:5114ms
2019-09-26 19:36:07,138 [Thread-6781] INFO  impl.FollowerState (FollowerState.java:run(106)) - 27cb48db-4b88-4c0c-b213-19f9b2fffaff:group-9E65EF7B6D20 changes to CANDIDATE, lastRpcTime:10847, electionTimeout:5133ms
2019-09-26 19:36:07,134 [Thread-6787] INFO  impl.FollowerState (FollowerState.java:run(106)) - 728ea44c-f097-440a-a87e-c27a68d48f14:group-D069AE322CB2 changes to CANDIDATE, lastRpcTime:10763, electionTimeout:5164ms
2019-09-26 19:36:06,694 [728ea44c-f097-440a-a87e-c27a68d48f14@group-A3FDED93FB37:LeaderElection972] INFO  impl.RaftServerImpl (ServerState.java:setRaftConf(354)) - 728ea44c-f097-440a-a87e-c27a68d48f14@group-A3FDED93FB37: set configuration 0: [728ea44c-f097-440a-a87e-c27a68d48f14:192.168.151.99:38783], old=null at 0
2019-09-26 19:36:06,693 [27cb48db-4b88-4c0c-b213-19f9b2fffaff@group-F337E4A86832:LeaderElection985] INFO  server.RaftServerConfigKeys (ConfUtils.java:logGet(43)) - raft.server.watch.timeout.denomination = 1s (default)
2019-09-26 19:36:07,179 [27cb48db-4b88-4c0c-b213-19f9b2fffaff@group-F337E4A86832:LeaderElection985] INFO  server.RaftServerConfigKeys (ConfUtils.java:logGet(43)) - raft.server.watch.element-limit = 65536 (default)
2019-09-26 19:36:06,693 [27cb48db-4b88-4c0c-b213-19f9b2fffaff@group-B295C7228A94:LeaderElection979] INFO  segmented.SegmentedRaftLogWorker (SegmentedRaftLogWorker.java:startLogSegment(380)) - 27cb48db-4b88-4c0c-b213-19f9b2fffaff@group-B295C7228A94-SegmentedRaftLogWorker: Starting segment from index:0
2019-09-26 19:36:06,693 [pool-281-thread-1] INFO  server.RaftServerConfigKeys (ConfUtils.java:logGet(43)) - raft.server.rpc.timeout.min = 5s (custom)
2019-09-26 19:36:06,693 [728ea44c-f097-440a-a87e-c27a68d48f14@group-8B20934A7F11:LeaderElection984] INFO  server.RaftServerConfigKeys (ConfUtils.java:logGet(43)) - raft.server.watch.timeout = 10s (default)
2019-09-26 19:36:06,693 [27cb48db-4b88-4c0c-b213-19f9b2fffaff@group-BEB29AE3C17F:LeaderElection981] INFO  server.RaftServerConfigKeys (ConfUtils.java:logGet(43)) - raft.server.watch.timeout.denomination = 1s (default)
2019-09-26 19:36:06,692 [27cb48db-4b88-4c0c-b213-19f9b2fffaff@group-D0AE5A240A11:LeaderElection980] INFO  server.RaftServerConfigKeys (ConfUtils.java:logGet(43)) - raft.server.watch.timeout = 10s (default)
2019-09-26 19:36:06,692 [Thread-6694] INFO  impl.RoleInfo (RoleInfo.java:shutdownFollowerState(121)) - 27cb48db-4b88-4c0c-b213-19f9b2fffaff: shutdown FollowerState
2019-09-26 19:36:06,692 [Thread-6688] INFO  impl.RoleInfo (RoleInfo.java:shutdownFollowerState(121)) - 27cb48db-4b88-4c0c-b213-19f9b2fffaff: shutdown FollowerState
2019-09-26 19:36:06,692 [Thread-6658] INFO  impl.RoleInfo (RoleInfo.java:shutdownFollowerState(121)) - 27cb48db-4b88-4c0c-b213-19f9b2fffaff: shutdown FollowerState
2019-09-26 19:36:07,180 [Thread-6658] INFO  impl.RaftServerImpl (RaftServerImpl.java:setRole(174)) - 27cb48db-4b88-4c0c-b213-19f9b2fffaff@group-8258851FBC6A: changes role from  FOLLOWER to CANDIDATE at term 0 for changeToCandidate
2019-09-26 19:36:06,692 [Thread-6652] INFO  impl.RoleInfo (RoleInfo.java:shutdownFollowerState(121)) - 728ea44c-f097-440a-a87e-c27a68d48f14: shutdown FollowerState
2019-09-26 19:36:06,692 [Thread-6649] INFO  impl.RoleInfo (RoleInfo.java:shutdownFollowerState(121)) - 728ea44c-f097-440a-a87e-c27a68d48f14: shutdown FollowerState
2019-09-26 19:36:07,180 [Thread-6649] INFO  impl.RaftServerImpl (RaftServerImpl.java:setRole(174)) - 728ea44c-f097-440a-a87e-c27a68d48f14@group-16EAEE30D2AE: changes role from  FOLLOWER to CANDIDATE at term 0 for changeToCandidate
2019-09-26 19:36:06,692 [Thread-6697] INFO  impl.RoleInfo (RoleInfo.java:shutdownFollowerState(121)) - 27cb48db-4b88-4c0c-b213-19f9b2fffaff: shutdown FollowerState
2019-09-26 19:36:06,692 [Thread-6636] INFO  impl.RoleInfo (RoleInfo.java:shutdownFollowerState(121)) - 27cb48db-4b88-4c0c-b213-19f9b2fffaff: shutdown FollowerState
2019-09-26 19:36:07,180 [Thread-6636] INFO  impl.RaftServerImpl (RaftServerImpl.java:setRole(174)) - 27cb48db-4b88-4c0c-b213-19f9b2fffaff@group-7EAA5414454D: changes role from  FOLLOWER to CANDIDATE at term 0 for changeToCandidate
2019-09-26 19:36:06,691 [Thread-6673] INFO  impl.RoleInfo (RoleInfo.java:shutdownFollowerState(121)) - 27cb48db-4b88-4c0c-b213-19f9b2fffaff: shutdown FollowerState
2019-09-26 19:36:07,181 [Thread-6673] INFO  impl.RaftServerImpl (RaftServerImpl.java:setRole(174)) - 27cb48db-4b88-4c0c-b213-19f9b2fffaff@group-5C41B557C8F0: changes role from  FOLLOWER to CANDIDATE at term 0 for changeToCandidate
2019-09-26 19:36:06,691 [Thread-6691] INFO  impl.RoleInfo (RoleInfo.java:shutdownFollowerState(121)) - 27cb48db-4b88-4c0c-b213-19f9b2fffaff: shutdown FollowerState
2019-09-26 19:36:07,181 [Thread-6691] INFO  impl.RaftServerImpl (RaftServerImpl.java:setRole(174)) - 27cb48db-4b88-4c0c-b213-19f9b2fffaff@group-C17EB1A95973: changes role from  FOLLOWER to CANDIDATE at term 0 for changeToCandidate
2019-09-26 19:36:06,691 [Thread-6667] INFO  impl.RoleInfo (RoleInfo.java:shutdownFollowerState(121)) - 728ea44c-f097-440a-a87e-c27a68d48f14: shutdown FollowerState
2019-09-26 19:36:07,181 [Thread-6667] INFO  impl.RaftServerImpl (RaftServerImpl.java:setRole(174)) - 728ea44c-f097-440a-a87e-c27a68d48f14@group-AB23A7610A57: changes role from  FOLLOWER to CANDIDATE at term 0 for changeToCandidate
2019-09-26 19:36:06,691 [Thread-6664] INFO  impl.RoleInfo (RoleInfo.java:shutdownFollowerState(121)) - 728ea44c-f097-440a-a87e-c27a68d48f14: shutdown FollowerState
2019-09-26 19:36:07,181 [Thread-6664] INFO  impl.RaftServerImpl (RaftServerImpl.java:setRole(174)) - 728ea44c-f097-440a-a87e-c27a68d48f14@group-56EF8E9D7D62: changes role from  FOLLOWER to CANDIDATE at term 0 for changeToCandidate
2019-09-26 19:36:06,691 [Thread-6670] INFO  impl.RoleInfo (RoleInfo.java:shutdownFollowerState(121)) - 99aa1396-69c4-4985-9b2a-20430cc4a0a7: shutdown FollowerState
2019-09-26 19:36:06,691 [Thread-6643] INFO  impl.RaftServerImpl (RaftServerImpl.java:setRole(174)) - 27cb48db-4b88-4c0c-b213-19f9b2fffaff@group-DB740590083B: changes role from  FOLLOWER to CANDIDATE at term 0 for changeToCandidate
2019-09-26 19:36:06,691 [Thread-6682] INFO  impl.RoleInfo (RoleInfo.java:shutdownFollowerState(121)) - 27cb48db-4b88-4c0c-b213-19f9b2fffaff: shutdown FollowerState
2019-09-26 19:36:06,691 [Thread-6661] INFO  impl.RoleInfo (RoleInfo.java:shutdownFollowerState(121)) - 27cb48db-4b88-4c0c-b213-19f9b2fffaff: shutdown FollowerState
2019-09-26 19:36:07,181 [Thread-6661] INFO  impl.RaftServerImpl (RaftServerImpl.java:setRole(174)) - 27cb48db-4b88-4c0c-b213-19f9b2fffaff@group-6067988DFF8F: changes role from  FOLLOWER to CANDIDATE at term 0 for changeToCandidate
2019-09-26 19:36:06,691 [99aa1396-69c4-4985-9b2a-20430cc4a0a7@group-FB63D571C0D2:LeaderElection971] INFO  impl.RoleInfo (RoleInfo.java:updateAndGet(143)) - 99aa1396-69c4-4985-9b2a-20430cc4a0a7: start LeaderState
2019-09-26 19:36:06,691 [Thread-6655] INFO  impl.RoleInfo (RoleInfo.java:shutdownFollowerState(121)) - 27cb48db-4b88-4c0c-b213-19f9b2fffaff: shutdown FollowerState
2019-09-26 19:36:07,182 [Thread-6655] INFO  impl.RaftServerImpl (RaftServerImpl.java:setRole(174)) - 27cb48db-4b88-4c0c-b213-19f9b2fffaff@group-4286E730C784: changes role from  FOLLOWER to CANDIDATE at term 0 for changeToCandidate
2019-09-26 19:36:06,690 [Thread-6640] INFO  impl.RoleInfo (RoleInfo.java:shutdownFollowerState(121)) - 728ea44c-f097-440a-a87e-c27a68d48f14: shutdown FollowerState
2019-09-26 19:36:06,690 [27cb48db-4b88-4c0c-b213-19f9b2fffaff@group-60CEE626D65C:LeaderElection977] INFO  impl.RoleInfo (RoleInfo.java:updateAndGet(143)) - 27cb48db-4b88-4c0c-b213-19f9b2fffaff: start LeaderState
2019-09-26 19:36:06,690 [Thread-6685] INFO  impl.RoleInfo (RoleInfo.java:shutdownFollowerState(121)) - 728ea44c-f097-440a-a87e-c27a68d48f14: shutdown FollowerState
2019-09-26 19:36:06,690 [728ea44c-f097-440a-a87e-c27a68d48f14@group-BB094026C928:LeaderElection973] INFO  impl.RoleInfo (RoleInfo.java:updateAndGet(143)) - 728ea44c-f097-440a-a87e-c27a68d48f14: start LeaderState
2019-09-26 19:36:06,690 [99aa1396-69c4-4985-9b2a-20430cc4a0a7@group-0F0EA66DDF60-SegmentedRaftLogWorker] INFO  impl.RoleInfo (RoleInfo.java:shutdownLeaderState(104)) - 99aa1396-69c4-4985-9b2a-20430cc4a0a7: shutdown LeaderState
2019-09-26 19:36:06,690 [Thread-6679] INFO  impl.RoleInfo (RoleInfo.java:shutdownFollowerState(121)) - 728ea44c-f097-440a-a87e-c27a68d48f14: shutdown FollowerState
2019-09-26 19:36:06,690 [99aa1396-69c4-4985-9b2a-20430cc4a0a7@group-B36985718576-SegmentedRaftLogWorker] INFO  impl.RaftServerImpl (RaftServerImpl.java:lambda$shutdown$3(251)) - 99aa1396-69c4-4985-9b2a-20430cc4a0a7@group-B36985718576: shutdown
2019-09-26 19:36:06,660 [Thread-6219] INFO  ozone.MiniOzoneClusterImpl (MiniOzoneClusterImpl.java:stop(330)) - Stopping the Mini Ozone Cluster
2019-09-26 19:36:07,183 [Thread-6219] INFO  ozone.MiniOzoneClusterImpl (MiniOzoneClusterImpl.java:stopOM(400)) - Stopping the OzoneManager
2019-09-26 19:36:06,660 [pool-261-thread-1] INFO  server.RaftServerConfigKeys (ConfUtils.java:logGet(43)) - raft.server.rpc.timeout.min = 5s (custom)
2019-09-26 19:36:06,660 [27cb48db-4b88-4c0c-b213-19f9b2fffaff@group-DC07AB1829D3-SegmentedRaftLogWorker] INFO  util.JmxRegister (JmxRegister.java:unregister(73)) - Successfully un-registered JMX Bean with object name Ratis:service=RaftServer,group=group-DC07AB1829D3,id=27cb48db-4b88-4c0c-b213-19f9b2fffaff
2019-09-26 19:36:07,190 [27cb48db-4b88-4c0c-b213-19f9b2fffaff@group-DC07AB1829D3-SegmentedRaftLogWorker] INFO  impl.RoleInfo (RoleInfo.java:shutdownLeaderState(104)) - 27cb48db-4b88-4c0c-b213-19f9b2fffaff: shutdown LeaderState
2019-09-26 19:36:06,660 [728ea44c-f097-440a-a87e-c27a68d48f14@group-40C621A7E37E:LeaderElection976] INFO  impl.RaftServerImpl (ServerState.java:setRaftConf(354)) - 728ea44c-f097-440a-a87e-c27a68d48f14@group-40C621A7E37E: set configuration 0: [728ea44c-f097-440a-a87e-c27a68d48f14:192.168.151.99:38783], old=null at 0
2019-09-26 19:36:06,656 [27cb48db-4b88-4c0c-b213-19f9b2fffaff@group-65EB277B690C:LeaderElection1019] INFO  impl.LeaderElection (LeaderElection.java:askForVotes(182)) - 27cb48db-4b88-4c0c-b213-19f9b2fffaff@group-65EB277B690C:LeaderElection1019: begin an election at term 1 for -1: [27cb48db-4b88-4c0c-b213-19f9b2fffaff:192.168.151.99:37457], old=null
2019-09-26 19:36:07,190 [27cb48db-4b88-4c0c-b213-19f9b2fffaff@group-65EB277B690C:LeaderElection1019] INFO  impl.RoleInfo (RoleInfo.java:shutdownLeaderElection(134)) - 27cb48db-4b88-4c0c-b213-19f9b2fffaff: shutdown LeaderElection
2019-09-26 19:36:06,656 [728ea44c-f097-440a-a87e-c27a68d48f14@group-FC289A8C3177:LeaderElection1015] INFO  impl.LeaderElection (LeaderElection.java:askForVotes(182)) - 728ea44c-f097-440a-a87e-c27a68d48f14@group-FC289A8C3177:LeaderElection1015: begin an election at term 1 for -1: [728ea44c-f097-440a-a87e-c27a68d48f14:192.168.151.99:38783], old=null
2019-09-26 19:36:07,190 [728ea44c-f097-440a-a87e-c27a68d48f14@group-FC289A8C3177:LeaderElection1015] INFO  impl.RoleInfo (RoleInfo.java:shutdownLeaderElection(134)) - 728ea44c-f097-440a-a87e-c27a68d48f14: shutdown LeaderElection
2019-09-26 19:36:06,656 [99aa1396-69c4-4985-9b2a-20430cc4a0a7@group-FEEB0BA2637C:LeaderElection1022] INFO  impl.LeaderElection (LeaderElection.java:askForVotes(182)) - 99aa1396-69c4-4985-9b2a-20430cc4a0a7@group-FEEB0BA2637C:LeaderElection1022: begin an election at term 1 for -1: [99aa1396-69c4-4985-9b2a-20430cc4a0a7:192.168.151.99:40213], old=null
2019-09-26 19:36:06,656 [99aa1396-69c4-4985-9b2a-20430cc4a0a7@group-55CDCD0E7166:LeaderElection1017] INFO  impl.LeaderElection (LeaderElection.java:askForVotes(182)) - 99aa1396-69c4-4985-9b2a-20430cc4a0a7@group-55CDCD0E7166:LeaderElection1017: begin an election at term 1 for -1: [99aa1396-69c4-4985-9b2a-20430cc4a0a7:192.168.151.99:40213], old=null
2019-09-26 19:36:07,191 [99aa1396-69c4-4985-9b2a-20430cc4a0a7@group-55CDCD0E7166:LeaderElection1017] INFO  impl.RoleInfo (RoleInfo.java:shutdownLeaderElection(134)) - 99aa1396-69c4-4985-9b2a-20430cc4a0a7: shutdown LeaderElection
2019-09-26 19:36:06,656 [728ea44c-f097-440a-a87e-c27a68d48f14@group-C5D49945B174:LeaderElection1021] INFO  impl.LeaderElection (LeaderElection.java:askForVotes(182)) - 728ea44c-f097-440a-a87e-c27a68d48f14@group-C5D49945B174:LeaderElection1021: begin an election at term 1 for -1: [728ea44c-f097-440a-a87e-c27a68d48f14:192.168.151.99:38783], old=null
2019-09-26 19:36:06,656 [27cb48db-4b88-4c0c-b213-19f9b2fffaff@group-081BA867897B:LeaderElection1014] INFO  impl.LeaderElection (LeaderElection.java:askForVotes(182)) - 27cb48db-4b88-4c0c-b213-19f9b2fffaff@group-081BA867897B:LeaderElection1014: begin an election at term 1 for -1: [27cb48db-4b88-4c0c-b213-19f9b2fffaff:192.168.151.99:37457], old=null
2019-09-26 19:36:07,191 [27cb48db-4b88-4c0c-b213-19f9b2fffaff@group-081BA867897B:LeaderElection1014] INFO  impl.RoleInfo (RoleInfo.java:shutdownLeaderElection(134)) - 27cb48db-4b88-4c0c-b213-19f9b2fffaff: shutdown LeaderElection
2019-09-26 19:36:06,656 [27cb48db-4b88-4c0c-b213-19f9b2fffaff@group-A59E1FAF9AD8:LeaderElection1023] INFO  impl.LeaderElection (LeaderElection.java:askForVotes(182)) - 27cb48db-4b88-4c0c-b213-19f9b2fffaff@group-A59E1FAF9AD8:LeaderElection1023: begin an election at term 1 for -1: [27cb48db-4b88-4c0c-b213-19f9b2fffaff:192.168.151.99:37457], old=null
2019-09-26 19:36:06,656 [27cb48db-4b88-4c0c-b213-19f9b2fffaff@group-269437B58436:LeaderElection1018] INFO  impl.LeaderElection (LeaderElection.java:askForVotes(182)) - 27cb48db-4b88-4c0c-b213-19f9b2fffaff@group-269437B58436:LeaderElection1018: begin an election at term 1 for -1: [27cb48db-4b88-4c0c-b213-19f9b2fffaff:192.168.151.99:37457], old=null
2019-09-26 19:36:07,191 [27cb48db-4b88-4c0c-b213-19f9b2fffaff@group-269437B58436:LeaderElection1018] INFO  impl.RoleInfo (RoleInfo.java:shutdownLeaderElection(134)) - 27cb48db-4b88-4c0c-b213-19f9b2fffaff: shutdown LeaderElection
2019-09-26 19:36:06,656 [27cb48db-4b88-4c0c-b213-19f9b2fffaff@group-AD610815A00B:LeaderElection1016] INFO  impl.LeaderElection (LeaderElection.java:askForVotes(182)) - 27cb48db-4b88-4c0c-b213-19f9b2fffaff@group-AD610815A00B:LeaderElection1016: begin an election at term 1 for -1: [27cb48db-4b88-4c0c-b213-19f9b2fffaff:192.168.151.99:37457], old=null
2019-09-26 19:36:07,191 [27cb48db-4b88-4c0c-b213-19f9b2fffaff@group-AD610815A00B:LeaderElection1016] INFO  impl.RoleInfo (RoleInfo.java:shutdownLeaderElection(134)) - 27cb48db-4b88-4c0c-b213-19f9b2fffaff: shutdown LeaderElection
2019-09-26 19:36:06,656 [27cb48db-4b88-4c0c-b213-19f9b2fffaff@group-604F6EB72B06:LeaderElection1020] INFO  impl.LeaderElection (LeaderElection.java:askForVotes(182)) - 27cb48db-4b88-4c0c-b213-19f9b2fffaff@group-604F6EB72B06:LeaderElection1020: begin an election at term 1 for -1: [27cb48db-4b88-4c0c-b213-19f9b2fffaff:192.168.151.99:37457], old=null
2019-09-26 19:36:07,192 [27cb48db-4b88-4c0c-b213-19f9b2fffaff@group-604F6EB72B06:LeaderElection1020] INFO  impl.RoleInfo (RoleInfo.java:shutdownLeaderElection(134)) - 27cb48db-4b88-4c0c-b213-19f9b2fffaff: shutdown LeaderElection
2019-09-26 19:36:06,656 [pool-271-thread-1] INFO  storage.RaftStorage (RaftStorage.java:format(72)) - Storage directory /workdir/hadoop-ozone/integration-test/target/test-dir/MiniOzoneClusterImpl-2f79a7d3-d7ae-4963-8370-12bb1e2132d7/datanode-1/data/ratis/cf93ead3-d49f-423d-b332-cd4a2ba5f1a2 has been successfully formatted.
2019-09-26 19:36:06,645 [27cb48db-4b88-4c0c-b213-19f9b2fffaff@group-2F3E80AC4EAF-SegmentedRaftLogWorker] ERROR segmented.SegmentedRaftLogWorker (SegmentedRaftLogWorker.java:run(323)) - 27cb48db-4b88-4c0c-b213-19f9b2fffaff@group-2F3E80AC4EAF-SegmentedRaftLogWorker hit exception
java.lang.OutOfMemoryError: Direct buffer memory
	at java.nio.Bits.reserveMemory(Bits.java:666)
	at java.nio.DirectByteBuffer.<init>(DirectByteBuffer.java:123)
	at java.nio.ByteBuffer.allocateDirect(ByteBuffer.java:311)
	at org.apache.ratis.server.raftlog.segmented.BufferedWriteChannel.<init>(BufferedWriteChannel.java:41)
	at org.apache.ratis.server.raftlog.segmented.SegmentedRaftLogOutputStream.<init>(SegmentedRaftLogOutputStream.java:72)
	at org.apache.ratis.server.raftlog.segmented.SegmentedRaftLogWorker$StartLogSegment.execute(SegmentedRaftLogWorker.java:566)
	at org.apache.ratis.server.raftlog.segmented.SegmentedRaftLogWorker.run(SegmentedRaftLogWorker.java:289)
	at java.lang.Thread.run(Thread.java:748)
2019-09-26 19:36:07,192 [27cb48db-4b88-4c0c-b213-19f9b2fffaff@group-2F3E80AC4EAF-SegmentedRaftLogWorker] INFO  impl.RaftServerImpl (RaftServerImpl.java:lambda$shutdown$3(251)) - 27cb48db-4b88-4c0c-b213-19f9b2fffaff@group-2F3E80AC4EAF: shutdown
2019-09-26 19:36:06,644 [Thread-6736] WARN  util.JavaUtils (JavaUtils.java:sleep(250)) - Unexpected long sleep: sleep(5004ms) actually took 5365ms which is over the threshold 300ms
2019-09-26 19:36:06,642 [Thread-6730] WARN  util.JavaUtils (JavaUtils.java:sleep(250)) - Unexpected long sleep: sleep(5033ms) actually took 5362ms which is over the threshold 300ms
2019-09-26 19:36:06,640 [Thread-6742] WARN  util.JavaUtils (JavaUtils.java:sleep(250)) - Unexpected long sleep: sleep(5056ms) actually took 5360ms which is over the threshold 300ms
2019-09-26 19:36:06,637 [Thread-6727] INFO  impl.FollowerState (FollowerState.java:run(106)) - 728ea44c-f097-440a-a87e-c27a68d48f14:group-D72684960A38 changes to CANDIDATE, lastRpcTime:10945, electionTimeout:5103ms
2019-09-26 19:36:07,192 [Thread-6727] INFO  impl.RoleInfo (RoleInfo.java:shutdownFollowerState(121)) - 728ea44c-f097-440a-a87e-c27a68d48f14: shutdown FollowerState
2019-09-26 19:36:06,636 [Thread-6721] INFO  impl.FollowerState (FollowerState.java:run(106)) - 99aa1396-69c4-4985-9b2a-20430cc4a0a7:group-870C395226EC changes to CANDIDATE, lastRpcTime:11015, electionTimeout:5107ms
2019-09-26 19:36:06,636 [Thread-6739] INFO  impl.FollowerState (FollowerState.java:run(106)) - 99aa1396-69c4-4985-9b2a-20430cc4a0a7:group-DD15D4C400D3 changes to CANDIDATE, lastRpcTime:10824, electionTimeout:5116ms
2019-09-26 19:36:06,636 [Thread-6733] INFO  impl.FollowerState (FollowerState.java:run(106)) - 27cb48db-4b88-4c0c-b213-19f9b2fffaff:group-089574044510 changes to CANDIDATE, lastRpcTime:10880, electionTimeout:5116ms
2019-09-26 19:36:06,636 [Thread-7111] INFO  impl.FollowerState (FollowerState.java:run(106)) - 27cb48db-4b88-4c0c-b213-19f9b2fffaff:group-09D99E8196D1 changes to CANDIDATE, lastRpcTime:5353, electionTimeout:5112ms
2019-09-26 19:36:06,632 [Thread-6751] INFO  impl.FollowerState (FollowerState.java:run(106)) - 728ea44c-f097-440a-a87e-c27a68d48f14:group-F880E3D0E1B1 changes to CANDIDATE, lastRpcTime:10675, electionTimeout:5169ms
2019-09-26 19:36:06,038 [728ea44c-f097-440a-a87e-c27a68d48f14@group-1ED449F189BF-SegmentedRaftLogWorker] INFO  segmented.SegmentedRaftLogWorker (SegmentedRaftLogWorker.java:close(228)) - 728ea44c-f097-440a-a87e-c27a68d48f14@group-1ED449F189BF-SegmentedRaftLogWorker close()
2019-09-26 19:36:06,037 [27cb48db-4b88-4c0c-b213-19f9b2fffaff@group-656C4891FD7A:LeaderElection995] INFO  impl.RaftServerImpl (RaftServerImpl.java:setRole(174)) - 27cb48db-4b88-4c0c-b213-19f9b2fffaff@group-656C4891FD7A: changes role from CANDIDATE to LEADER at term 1 for changeToLeader
2019-09-26 19:36:06,037 [27cb48db-4b88-4c0c-b213-19f9b2fffaff@group-BA9ADC048FEB:LeaderElection989] INFO  impl.RaftServerImpl (RaftServerImpl.java:setRole(174)) - 27cb48db-4b88-4c0c-b213-19f9b2fffaff@group-BA9ADC048FEB: changes role from CANDIDATE to LEADER at term 1 for changeToLeader
2019-09-26 19:36:06,037 [27cb48db-4b88-4c0c-b213-19f9b2fffaff@group-3B1BD1A60D37:LeaderElection1011] INFO  impl.RaftServerImpl (RaftServerImpl.java:setRole(174)) - 27cb48db-4b88-4c0c-b213-19f9b2fffaff@group-3B1BD1A60D37: changes role from CANDIDATE to LEADER at term 1 for changeToLeader
2019-09-26 19:36:06,037 [27cb48db-4b88-4c0c-b213-19f9b2fffaff@group-A260F6F3F135:LeaderElection996] INFO  impl.RaftServerImpl (RaftServerImpl.java:setRole(174)) - 27cb48db-4b88-4c0c-b213-19f9b2fffaff@group-A260F6F3F135: changes role from CANDIDATE to LEADER at term 1 for changeToLeader
2019-09-26 19:36:07,203 [27cb48db-4b88-4c0c-b213-19f9b2fffaff@group-A260F6F3F135:LeaderElection996] INFO  impl.RaftServerImpl (ServerState.java:setLeader(253)) - 27cb48db-4b88-4c0c-b213-19f9b2fffaff@group-A260F6F3F135: change Leader from null to 27cb48db-4b88-4c0c-b213-19f9b2fffaff at term 1 for becomeLeader, leader elected after 15212ms
2019-09-26 19:36:06,037 [27cb48db-4b88-4c0c-b213-19f9b2fffaff@group-53CA1E877E21:LeaderElection992] INFO  impl.RaftServerImpl (ServerState.java:setLeader(253)) - 27cb48db-4b88-4c0c-b213-19f9b2fffaff@group-53CA1E877E21: change Leader from null to 27cb48db-4b88-4c0c-b213-19f9b2fffaff at term 1 for becomeLeader, leader elected after 14242ms
2019-09-26 19:36:06,037 [27cb48db-4b88-4c0c-b213-19f9b2fffaff@group-CD5E6EACE70C:LeaderElection991] INFO  impl.RaftServerImpl (RaftServerImpl.java:setRole(174)) - 27cb48db-4b88-4c0c-b213-19f9b2fffaff@group-CD5E6EACE70C: changes role from CANDIDATE to LEADER at term 1 for changeToLeader
2019-09-26 19:36:06,037 [27cb48db-4b88-4c0c-b213-19f9b2fffaff@group-E5EC31325CD2:LeaderElection994] INFO  impl.RaftServerImpl (ServerState.java:setLeader(253)) - 27cb48db-4b88-4c0c-b213-19f9b2fffaff@group-E5EC31325CD2: change Leader from null to 27cb48db-4b88-4c0c-b213-19f9b2fffaff at term 1 for becomeLeader, leader elected after 14281ms
2019-09-26 19:36:07,204 [27cb48db-4b88-4c0c-b213-19f9b2fffaff@group-E5EC31325CD2:LeaderElection994] INFO  server.RaftServerConfigKeys (ConfUtils.java:logGet(43)) - raft.server.staging.catchup.gap = 1000 (default)
2019-09-26 19:36:06,037 [27cb48db-4b88-4c0c-b213-19f9b2fffaff@group-7B2272C14AEF:LeaderElection999] INFO  impl.RaftServerImpl (RaftServerImpl.java:setRole(174)) - 27cb48db-4b88-4c0c-b213-19f9b2fffaff@group-7B2272C14AEF: changes role from CANDIDATE to LEADER at term 1 for changeToLeader
2019-09-26 19:36:06,037 [27cb48db-4b88-4c0c-b213-19f9b2fffaff@group-686B5EE37884:LeaderElection988] INFO  impl.RaftServerImpl (RaftServerImpl.java:setRole(174)) - 27cb48db-4b88-4c0c-b213-19f9b2fffaff@group-686B5EE37884: changes role from CANDIDATE to LEADER at term 1 for changeToLeader
2019-09-26 19:36:07,204 [27cb48db-4b88-4c0c-b213-19f9b2fffaff@group-686B5EE37884:LeaderElection988] INFO  impl.RaftServerImpl (ServerState.java:setLeader(253)) - 27cb48db-4b88-4c0c-b213-19f9b2fffaff@group-686B5EE37884: change Leader from null to 27cb48db-4b88-4c0c-b213-19f9b2fffaff at term 1 for becomeLeader, leader elected after 15472ms
2019-09-26 19:36:06,037 [Thread-7068] INFO  impl.RaftServerImpl (RaftServerImpl.java:setRole(174)) - 27cb48db-4b88-4c0c-b213-19f9b2fffaff@group-CEE4714DA134: changes role from  FOLLOWER to CANDIDATE at term 0 for changeToCandidate
2019-09-26 19:36:07,204 [Thread-7068] INFO  impl.RoleInfo (RoleInfo.java:updateAndGet(143)) - 27cb48db-4b88-4c0c-b213-19f9b2fffaff: start LeaderElection
2019-09-26 19:36:06,036 [728ea44c-f097-440a-a87e-c27a68d48f14@group-11D4F4DFACD7-SegmentedRaftLogWorker] INFO  impl.RoleInfo (RoleInfo.java:shutdownLeaderState(104)) - 728ea44c-f097-440a-a87e-c27a68d48f14: shutdown LeaderState
2019-09-26 19:36:07,205 [728ea44c-f097-440a-a87e-c27a68d48f14@group-11D4F4DFACD7-SegmentedRaftLogWorker] INFO  impl.PendingRequests (PendingRequests.java:sendNotLeaderResponses(202)) - 728ea44c-f097-440a-a87e-c27a68d48f14-PendingRequests: sendNotLeaderResponses
2019-09-26 19:36:06,036 [Thread-7078] INFO  impl.RaftServerImpl (RaftServerImpl.java:setRole(174)) - 99aa1396-69c4-4985-9b2a-20430cc4a0a7@group-A669BF675AA0: changes role from  FOLLOWER to CANDIDATE at term 0 for changeToCandidate
2019-09-26 19:36:06,036 [Thread-7081] INFO  impl.RaftServerImpl (RaftServerImpl.java:setRole(174)) - 728ea44c-f097-440a-a87e-c27a68d48f14@group-6729514BE427: changes role from  FOLLOWER to CANDIDATE at term 0 for changeToCandidate
2019-09-26 19:36:06,036 [Thread-7086] INFO  impl.RaftServerImpl (RaftServerImpl.java:setRole(174)) - 27cb48db-4b88-4c0c-b213-19f9b2fffaff@group-71E8ECDACFBB: changes role from  FOLLOWER to CANDIDATE at term 0 for changeToCandidate
2019-09-26 19:36:06,036 [Thread-7071] INFO  impl.RoleInfo (RoleInfo.java:updateAndGet(143)) - 27cb48db-4b88-4c0c-b213-19f9b2fffaff: start LeaderElection
2019-09-26 19:36:06,036 [Thread-7089] INFO  impl.RaftServerImpl (RaftServerImpl.java:setRole(174)) - 27cb48db-4b88-4c0c-b213-19f9b2fffaff@group-4BF804B3BA25: changes role from  FOLLOWER to CANDIDATE at term 0 for changeToCandidate
2019-09-26 19:36:06,036 [728ea44c-f097-440a-a87e-c27a68d48f14@group-CC0AC654280F:LeaderElection974] INFO  server.RaftServerConfigKeys (ConfUtils.java:logGet(43)) - raft.server.watch.element-limit = 65536 (default)
2019-09-26 19:36:07,205 [Thread-7089] INFO  impl.RoleInfo (RoleInfo.java:updateAndGet(143)) - 27cb48db-4b88-4c0c-b213-19f9b2fffaff: start LeaderElection
2019-09-26 19:36:07,205 [Thread-7086] INFO  impl.RoleInfo (RoleInfo.java:updateAndGet(143)) - 27cb48db-4b88-4c0c-b213-19f9b2fffaff: start LeaderElection
2019-09-26 19:36:07,205 [Thread-7081] INFO  impl.RoleInfo (RoleInfo.java:updateAndGet(143)) - 728ea44c-f097-440a-a87e-c27a68d48f14: start LeaderElection
2019-09-26 19:36:07,205 [Thread-7078] INFO  impl.RoleInfo (RoleInfo.java:updateAndGet(143)) - 99aa1396-69c4-4985-9b2a-20430cc4a0a7: start LeaderElection
2019-09-26 19:36:07,205 [728ea44c-f097-440a-a87e-c27a68d48f14@group-11D4F4DFACD7-SegmentedRaftLogWorker] INFO  impl.StateMachineUpdater (StateMachineUpdater.java:stopAndJoin(125)) - 728ea44c-f097-440a-a87e-c27a68d48f14@group-11D4F4DFACD7-StateMachineUpdater: set stopIndex = -1
2019-09-26 19:36:07,204 [27cb48db-4b88-4c0c-b213-19f9b2fffaff@group-686B5EE37884:LeaderElection988] INFO  server.RaftServerConfigKeys (ConfUtils.java:logGet(43)) - raft.server.staging.catchup.gap = 1000 (default)
2019-09-26 19:36:07,204 [27cb48db-4b88-4c0c-b213-19f9b2fffaff@group-7B2272C14AEF:LeaderElection999] INFO  impl.RaftServerImpl (ServerState.java:setLeader(253)) - 27cb48db-4b88-4c0c-b213-19f9b2fffaff@group-7B2272C14AEF: change Leader from null to 27cb48db-4b88-4c0c-b213-19f9b2fffaff at term 1 for becomeLeader, leader elected after 9260ms
2019-09-26 19:36:07,204 [27cb48db-4b88-4c0c-b213-19f9b2fffaff@group-E5EC31325CD2:LeaderElection994] INFO  server.RaftServerConfigKeys (ConfUtils.java:logGet(43)) - raft.server.rpc.sleep.time = 25ms (default)
2019-09-26 19:36:07,206 [27cb48db-4b88-4c0c-b213-19f9b2fffaff@group-7B2272C14AEF:LeaderElection999] INFO  server.RaftServerConfigKeys (ConfUtils.java:logGet(43)) - raft.server.staging.catchup.gap = 1000 (default)
2019-09-26 19:36:07,204 [27cb48db-4b88-4c0c-b213-19f9b2fffaff@group-CD5E6EACE70C:LeaderElection991] INFO  impl.RaftServerImpl (ServerState.java:setLeader(253)) - 27cb48db-4b88-4c0c-b213-19f9b2fffaff@group-CD5E6EACE70C: change Leader from null to 27cb48db-4b88-4c0c-b213-19f9b2fffaff at term 1 for becomeLeader, leader elected after 15510ms
2019-09-26 19:36:07,204 [27cb48db-4b88-4c0c-b213-19f9b2fffaff@group-53CA1E877E21:LeaderElection992] INFO  server.RaftServerConfigKeys (ConfUtils.java:logGet(43)) - raft.server.staging.catchup.gap = 1000 (default)
2019-09-26 19:36:07,207 [27cb48db-4b88-4c0c-b213-19f9b2fffaff@group-53CA1E877E21:LeaderElection992] INFO  server.RaftServerConfigKeys (ConfUtils.java:logGet(43)) - raft.server.rpc.sleep.time = 25ms (default)
2019-09-26 19:36:07,204 [27cb48db-4b88-4c0c-b213-19f9b2fffaff@group-A260F6F3F135:LeaderElection996] INFO  server.RaftServerConfigKeys (ConfUtils.java:logGet(43)) - raft.server.staging.catchup.gap = 1000 (default)
2019-09-26 19:36:07,203 [27cb48db-4b88-4c0c-b213-19f9b2fffaff@group-3B1BD1A60D37:LeaderElection1011] INFO  impl.RaftServerImpl (ServerState.java:setLeader(253)) - 27cb48db-4b88-4c0c-b213-19f9b2fffaff@group-3B1BD1A60D37: change Leader from null to 27cb48db-4b88-4c0c-b213-19f9b2fffaff at term 1 for becomeLeader, leader elected after 14925ms
2019-09-26 19:36:07,203 [27cb48db-4b88-4c0c-b213-19f9b2fffaff@group-BA9ADC048FEB:LeaderElection989] INFO  impl.RaftServerImpl (ServerState.java:setLeader(253)) - 27cb48db-4b88-4c0c-b213-19f9b2fffaff@group-BA9ADC048FEB: change Leader from null to 27cb48db-4b88-4c0c-b213-19f9b2fffaff at term 1 for becomeLeader, leader elected after 15644ms
2019-09-26 19:36:07,203 [27cb48db-4b88-4c0c-b213-19f9b2fffaff@group-656C4891FD7A:LeaderElection995] INFO  impl.RaftServerImpl (ServerState.java:setLeader(253)) - 27cb48db-4b88-4c0c-b213-19f9b2fffaff@group-656C4891FD7A: change Leader from null to 27cb48db-4b88-4c0c-b213-19f9b2fffaff at term 1 for becomeLeader, leader elected after 15251ms
2019-09-26 19:36:07,207 [27cb48db-4b88-4c0c-b213-19f9b2fffaff@group-656C4891FD7A:LeaderElection995] INFO  server.RaftServerConfigKeys (ConfUtils.java:logGet(43)) - raft.server.staging.catchup.gap = 1000 (default)
2019-09-26 19:36:07,193 [Thread-6751] INFO  impl.RoleInfo (RoleInfo.java:shutdownFollowerState(121)) - 728ea44c-f097-440a-a87e-c27a68d48f14: shutdown FollowerState
2019-09-26 19:36:07,193 [Thread-7111] INFO  impl.RoleInfo (RoleInfo.java:shutdownFollowerState(121)) - 27cb48db-4b88-4c0c-b213-19f9b2fffaff: shutdown FollowerState
2019-09-26 19:36:07,208 [Thread-7111] INFO  impl.RaftServerImpl (RaftServerImpl.java:setRole(174)) - 27cb48db-4b88-4c0c-b213-19f9b2fffaff@group-09D99E8196D1: changes role from  FOLLOWER to CANDIDATE at term 0 for changeToCandidate
2019-09-26 19:36:07,193 [Thread-6733] INFO  impl.RoleInfo (RoleInfo.java:shutdownFollowerState(121)) - 27cb48db-4b88-4c0c-b213-19f9b2fffaff: shutdown FollowerState
2019-09-26 19:36:07,193 [Thread-6739] INFO  impl.RoleInfo (RoleInfo.java:shutdownFollowerState(121)) - 99aa1396-69c4-4985-9b2a-20430cc4a0a7: shutdown FollowerState
2019-09-26 19:36:07,193 [Thread-6721] INFO  impl.RoleInfo (RoleInfo.java:shutdownFollowerState(121)) - 99aa1396-69c4-4985-9b2a-20430cc4a0a7: shutdown FollowerState
2019-09-26 19:36:07,192 [Thread-6727] INFO  impl.RaftServerImpl (RaftServerImpl.java:setRole(174)) - 728ea44c-f097-440a-a87e-c27a68d48f14@group-D72684960A38: changes role from  FOLLOWER to CANDIDATE at term 0 for changeToCandidate
2019-09-26 19:36:07,192 [27cb48db-4b88-4c0c-b213-19f9b2fffaff@group-2F3E80AC4EAF-SegmentedRaftLogWorker] INFO  util.JmxRegister (JmxRegister.java:unregister(73)) - Successfully un-registered JMX Bean with object name Ratis:service=RaftServer,group=group-2F3E80AC4EAF,id=27cb48db-4b88-4c0c-b213-19f9b2fffaff
2019-09-26 19:36:07,208 [27cb48db-4b88-4c0c-b213-19f9b2fffaff@group-2F3E80AC4EAF-SegmentedRaftLogWorker] INFO  impl.RoleInfo (RoleInfo.java:shutdownLeaderState(104)) - 27cb48db-4b88-4c0c-b213-19f9b2fffaff: shutdown LeaderState
2019-09-26 19:36:07,192 [27cb48db-4b88-4c0c-b213-19f9b2fffaff@group-604F6EB72B06:LeaderElection1020] INFO  impl.RaftServerImpl (RaftServerImpl.java:setRole(174)) - 27cb48db-4b88-4c0c-b213-19f9b2fffaff@group-604F6EB72B06: changes role from CANDIDATE to LEADER at term 1 for changeToLeader
2019-09-26 19:36:07,208 [27cb48db-4b88-4c0c-b213-19f9b2fffaff@group-604F6EB72B06:LeaderElection1020] INFO  impl.RaftServerImpl (ServerState.java:setLeader(253)) - 27cb48db-4b88-4c0c-b213-19f9b2fffaff@group-604F6EB72B06: change Leader from null to 27cb48db-4b88-4c0c-b213-19f9b2fffaff at term 1 for becomeLeader, leader elected after 8538ms
2019-09-26 19:36:07,191 [27cb48db-4b88-4c0c-b213-19f9b2fffaff@group-AD610815A00B:LeaderElection1016] INFO  impl.RaftServerImpl (RaftServerImpl.java:setRole(174)) - 27cb48db-4b88-4c0c-b213-19f9b2fffaff@group-AD610815A00B: changes role from CANDIDATE to LEADER at term 1 for changeToLeader
2019-09-26 19:36:07,191 [27cb48db-4b88-4c0c-b213-19f9b2fffaff@group-269437B58436:LeaderElection1018] INFO  impl.RaftServerImpl (RaftServerImpl.java:setRole(174)) - 27cb48db-4b88-4c0c-b213-19f9b2fffaff@group-269437B58436: changes role from CANDIDATE to LEADER at term 1 for changeToLeader
2019-09-26 19:36:07,191 [27cb48db-4b88-4c0c-b213-19f9b2fffaff@group-A59E1FAF9AD8:LeaderElection1023] INFO  impl.RoleInfo (RoleInfo.java:shutdownLeaderElection(134)) - 27cb48db-4b88-4c0c-b213-19f9b2fffaff: shutdown LeaderElection
2019-09-26 19:36:07,191 [27cb48db-4b88-4c0c-b213-19f9b2fffaff@group-081BA867897B:LeaderElection1014] INFO  impl.RaftServerImpl (RaftServerImpl.java:setRole(174)) - 27cb48db-4b88-4c0c-b213-19f9b2fffaff@group-081BA867897B: changes role from CANDIDATE to LEADER at term 1 for changeToLeader
2019-09-26 19:36:07,191 [728ea44c-f097-440a-a87e-c27a68d48f14@group-C5D49945B174:LeaderElection1021] INFO  impl.RoleInfo (RoleInfo.java:shutdownLeaderElection(134)) - 728ea44c-f097-440a-a87e-c27a68d48f14: shutdown LeaderElection
2019-09-26 19:36:07,191 [99aa1396-69c4-4985-9b2a-20430cc4a0a7@group-55CDCD0E7166:LeaderElection1017] INFO  impl.RaftServerImpl (RaftServerImpl.java:setRole(174)) - 99aa1396-69c4-4985-9b2a-20430cc4a0a7@group-55CDCD0E7166: changes role from CANDIDATE to LEADER at term 1 for changeToLeader
2019-09-26 19:36:07,190 [99aa1396-69c4-4985-9b2a-20430cc4a0a7@group-FEEB0BA2637C:LeaderElection1022] INFO  impl.RoleInfo (RoleInfo.java:shutdownLeaderElection(134)) - 99aa1396-69c4-4985-9b2a-20430cc4a0a7: shutdown LeaderElection
2019-09-26 19:36:07,190 [728ea44c-f097-440a-a87e-c27a68d48f14@group-FC289A8C3177:LeaderElection1015] INFO  impl.RaftServerImpl (RaftServerImpl.java:setRole(174)) - 728ea44c-f097-440a-a87e-c27a68d48f14@group-FC289A8C3177: changes role from CANDIDATE to LEADER at term 1 for changeToLeader
2019-09-26 19:36:07,209 [728ea44c-f097-440a-a87e-c27a68d48f14@group-FC289A8C3177:LeaderElection1015] INFO  impl.RaftServerImpl (ServerState.java:setLeader(253)) - 728ea44c-f097-440a-a87e-c27a68d48f14@group-FC289A8C3177: change Leader from null to 728ea44c-f097-440a-a87e-c27a68d48f14 at term 1 for becomeLeader, leader elected after 8684ms
2019-09-26 19:36:07,190 [27cb48db-4b88-4c0c-b213-19f9b2fffaff@group-65EB277B690C:LeaderElection1019] INFO  impl.RaftServerImpl (RaftServerImpl.java:setRole(174)) - 27cb48db-4b88-4c0c-b213-19f9b2fffaff@group-65EB277B690C: changes role from CANDIDATE to LEADER at term 1 for changeToLeader
2019-09-26 19:36:07,209 [27cb48db-4b88-4c0c-b213-19f9b2fffaff@group-65EB277B690C:LeaderElection1019] INFO  impl.RaftServerImpl (ServerState.java:setLeader(253)) - 27cb48db-4b88-4c0c-b213-19f9b2fffaff@group-65EB277B690C: change Leader from null to 27cb48db-4b88-4c0c-b213-19f9b2fffaff at term 1 for becomeLeader, leader elected after 8511ms
2019-09-26 19:36:07,190 [27cb48db-4b88-4c0c-b213-19f9b2fffaff@group-DC07AB1829D3-SegmentedRaftLogWorker] INFO  impl.PendingRequests (PendingRequests.java:sendNotLeaderResponses(202)) - 27cb48db-4b88-4c0c-b213-19f9b2fffaff-PendingRequests: sendNotLeaderResponses
2019-09-26 19:36:07,183 [pool-261-thread-1] INFO  server.RaftServerConfigKeys (ConfUtils.java:logGet(43)) - raft.server.rpc.timeout.max = 5200ms (custom)
2019-09-26 19:36:07,210 [pool-261-thread-1] INFO  server.RaftServerConfigKeys (ConfUtils.java:logGet(43)) - raft.server.rpcslowness.timeout = 120s (custom)
2019-09-26 19:36:07,183 [Thread-6219] INFO  ipc.Server (Server.java:stop(3082)) - Stopping server on 39198
2019-09-26 19:36:07,183 [99aa1396-69c4-4985-9b2a-20430cc4a0a7@group-B36985718576-SegmentedRaftLogWorker] INFO  util.JmxRegister (JmxRegister.java:unregister(73)) - Successfully un-registered JMX Bean with object name Ratis:service=RaftServer,group=group-B36985718576,id=99aa1396-69c4-4985-9b2a-20430cc4a0a7
2019-09-26 19:36:07,210 [99aa1396-69c4-4985-9b2a-20430cc4a0a7@group-B36985718576-SegmentedRaftLogWorker] INFO  impl.RoleInfo (RoleInfo.java:shutdownLeaderState(104)) - 99aa1396-69c4-4985-9b2a-20430cc4a0a7: shutdown LeaderState
2019-09-26 19:36:07,182 [Thread-6679] INFO  impl.RaftServerImpl (RaftServerImpl.java:setRole(174)) - 728ea44c-f097-440a-a87e-c27a68d48f14@group-E183B10AB6CB: changes role from  FOLLOWER to CANDIDATE at term 0 for changeToCandidate
2019-09-26 19:36:07,182 [99aa1396-69c4-4985-9b2a-20430cc4a0a7@group-0F0EA66DDF60-SegmentedRaftLogWorker] INFO  impl.PendingRequests (PendingRequests.java:sendNotLeaderResponses(202)) - 99aa1396-69c4-4985-9b2a-20430cc4a0a7-PendingRequests: sendNotLeaderResponses
2019-09-26 19:36:07,182 [728ea44c-f097-440a-a87e-c27a68d48f14@group-BB094026C928:LeaderElection973] INFO  segmented.SegmentedRaftLogWorker (SegmentedRaftLogWorker.java:startLogSegment(380)) - 728ea44c-f097-440a-a87e-c27a68d48f14@group-BB094026C928-SegmentedRaftLogWorker: Starting segment from index:0
2019-09-26 19:36:07,182 [Thread-6685] INFO  impl.RaftServerImpl (RaftServerImpl.java:setRole(174)) - 728ea44c-f097-440a-a87e-c27a68d48f14@group-5F924A8F8ADB: changes role from  FOLLOWER to CANDIDATE at term 0 for changeToCandidate
2019-09-26 19:36:07,182 [27cb48db-4b88-4c0c-b213-19f9b2fffaff@group-60CEE626D65C:LeaderElection977] INFO  segmented.SegmentedRaftLogWorker (SegmentedRaftLogWorker.java:startLogSegment(380)) - 27cb48db-4b88-4c0c-b213-19f9b2fffaff@group-60CEE626D65C-SegmentedRaftLogWorker: Starting segment from index:0
2019-09-26 19:36:07,182 [Thread-6640] INFO  impl.RaftServerImpl (RaftServerImpl.java:setRole(174)) - 728ea44c-f097-440a-a87e-c27a68d48f14@group-BB69EB22B37E: changes role from  FOLLOWER to CANDIDATE at term 0 for changeToCandidate
2019-09-26 19:36:07,182 [Thread-6655] INFO  impl.RoleInfo (RoleInfo.java:updateAndGet(143)) - 27cb48db-4b88-4c0c-b213-19f9b2fffaff: start LeaderElection
2019-09-26 19:36:07,182 [99aa1396-69c4-4985-9b2a-20430cc4a0a7@group-FB63D571C0D2:LeaderElection971] INFO  segmented.SegmentedRaftLogWorker (SegmentedRaftLogWorker.java:startLogSegment(380)) - 99aa1396-69c4-4985-9b2a-20430cc4a0a7@group-FB63D571C0D2-SegmentedRaftLogWorker: Starting segment from index:0
2019-09-26 19:36:07,182 [Thread-6661] INFO  impl.RoleInfo (RoleInfo.java:updateAndGet(143)) - 27cb48db-4b88-4c0c-b213-19f9b2fffaff: start LeaderElection
2019-09-26 19:36:07,181 [Thread-6682] INFO  impl.RaftServerImpl (RaftServerImpl.java:setRole(174)) - 27cb48db-4b88-4c0c-b213-19f9b2fffaff@group-FB1248EB002D: changes role from  FOLLOWER to CANDIDATE at term 0 for changeToCandidate
2019-09-26 19:36:07,181 [Thread-6643] INFO  impl.RoleInfo (RoleInfo.java:updateAndGet(143)) - 27cb48db-4b88-4c0c-b213-19f9b2fffaff: start LeaderElection
2019-09-26 19:36:07,181 [Thread-6670] INFO  impl.RaftServerImpl (RaftServerImpl.java:setRole(174)) - 99aa1396-69c4-4985-9b2a-20430cc4a0a7@group-8FC43B8E249F: changes role from  FOLLOWER to CANDIDATE at term 0 for changeToCandidate
2019-09-26 19:36:08,108 [Thread-6670] INFO  impl.RoleInfo (RoleInfo.java:updateAndGet(143)) - 99aa1396-69c4-4985-9b2a-20430cc4a0a7: start LeaderElection
2019-09-26 19:36:07,181 [Thread-6664] INFO  impl.RoleInfo (RoleInfo.java:updateAndGet(143)) - 728ea44c-f097-440a-a87e-c27a68d48f14: start LeaderElection
2019-09-26 19:36:07,181 [Thread-6667] INFO  impl.RoleInfo (RoleInfo.java:updateAndGet(143)) - 728ea44c-f097-440a-a87e-c27a68d48f14: start LeaderElection
2019-09-26 19:36:07,181 [Thread-6691] INFO  impl.RoleInfo (RoleInfo.java:updateAndGet(143)) - 27cb48db-4b88-4c0c-b213-19f9b2fffaff: start LeaderElection
2019-09-26 19:36:07,181 [Thread-6673] INFO  impl.RoleInfo (RoleInfo.java:updateAndGet(143)) - 27cb48db-4b88-4c0c-b213-19f9b2fffaff: start LeaderElection
2019-09-26 19:36:07,180 [Thread-6636] INFO  impl.RoleInfo (RoleInfo.java:updateAndGet(143)) - 27cb48db-4b88-4c0c-b213-19f9b2fffaff: start LeaderElection
2019-09-26 19:36:07,180 [Thread-6697] INFO  impl.RaftServerImpl (RaftServerImpl.java:setRole(174)) - 27cb48db-4b88-4c0c-b213-19f9b2fffaff@group-29622162AE5F: changes role from  FOLLOWER to CANDIDATE at term 0 for changeToCandidate
2019-09-26 19:36:07,180 [Thread-6649] INFO  impl.RoleInfo (RoleInfo.java:updateAndGet(143)) - 728ea44c-f097-440a-a87e-c27a68d48f14: start LeaderElection
2019-09-26 19:36:07,180 [Thread-6652] INFO  impl.RaftServerImpl (RaftServerImpl.java:setRole(174)) - 728ea44c-f097-440a-a87e-c27a68d48f14@group-88228B0D7AFD: changes role from  FOLLOWER to CANDIDATE at term 0 for changeToCandidate
2019-09-26 19:36:07,180 [Thread-6658] INFO  impl.RoleInfo (RoleInfo.java:updateAndGet(143)) - 27cb48db-4b88-4c0c-b213-19f9b2fffaff: start LeaderElection
2019-09-26 19:36:07,180 [27cb48db-4b88-4c0c-b213-19f9b2fffaff@group-F337E4A86832:LeaderElection985] INFO  impl.RoleInfo (RoleInfo.java:updateAndGet(143)) - 27cb48db-4b88-4c0c-b213-19f9b2fffaff: start LeaderState
2019-09-26 19:36:07,180 [Thread-6688] INFO  impl.RaftServerImpl (RaftServerImpl.java:setRole(174)) - 27cb48db-4b88-4c0c-b213-19f9b2fffaff@group-606A4401418B: changes role from  FOLLOWER to CANDIDATE at term 0 for changeToCandidate
2019-09-26 19:36:07,180 [Thread-6694] INFO  impl.RaftServerImpl (RaftServerImpl.java:setRole(174)) - 27cb48db-4b88-4c0c-b213-19f9b2fffaff@group-2FE92788FEB6: changes role from  FOLLOWER to CANDIDATE at term 0 for changeToCandidate
2019-09-26 19:36:07,180 [27cb48db-4b88-4c0c-b213-19f9b2fffaff@group-D0AE5A240A11:LeaderElection980] INFO  server.RaftServerConfigKeys (ConfUtils.java:logGet(43)) - raft.server.watch.timeout.denomination = 1s (default)
2019-09-26 19:36:07,180 [27cb48db-4b88-4c0c-b213-19f9b2fffaff@group-BEB29AE3C17F:LeaderElection981] INFO  server.RaftServerConfigKeys (ConfUtils.java:logGet(43)) - raft.server.watch.element-limit = 65536 (default)
2019-09-26 19:36:07,179 [27cb48db-4b88-4c0c-b213-19f9b2fffaff@group-B295C7228A94:LeaderElection979] INFO  impl.RaftServerImpl (ServerState.java:setRaftConf(354)) - 27cb48db-4b88-4c0c-b213-19f9b2fffaff@group-B295C7228A94: set configuration 0: [27cb48db-4b88-4c0c-b213-19f9b2fffaff:192.168.151.99:37457], old=null at 0
2019-09-26 19:36:07,179 [728ea44c-f097-440a-a87e-c27a68d48f14@group-8B20934A7F11:LeaderElection984] INFO  server.RaftServerConfigKeys (ConfUtils.java:logGet(43)) - raft.server.watch.timeout.denomination = 1s (default)
2019-09-26 19:36:08,110 [728ea44c-f097-440a-a87e-c27a68d48f14@group-8B20934A7F11:LeaderElection984] INFO  server.RaftServerConfigKeys (ConfUtils.java:logGet(43)) - raft.server.watch.element-limit = 65536 (default)
2019-09-26 19:36:07,179 [pool-281-thread-1] INFO  server.RaftServerConfigKeys (ConfUtils.java:logGet(43)) - raft.server.rpc.timeout.max = 5200ms (custom)
2019-09-26 19:36:07,179 [Thread-6787] INFO  impl.RoleInfo (RoleInfo.java:shutdownFollowerState(121)) - 728ea44c-f097-440a-a87e-c27a68d48f14: shutdown FollowerState
2019-09-26 19:36:07,179 [Thread-6781] INFO  impl.RoleInfo (RoleInfo.java:shutdownFollowerState(121)) - 27cb48db-4b88-4c0c-b213-19f9b2fffaff: shutdown FollowerState
2019-09-26 19:36:07,178 [Thread-6796] INFO  impl.RoleInfo (RoleInfo.java:shutdownFollowerState(121)) - 27cb48db-4b88-4c0c-b213-19f9b2fffaff: shutdown FollowerState
2019-09-26 19:36:08,110 [Thread-6796] INFO  impl.RaftServerImpl (RaftServerImpl.java:setRole(174)) - 27cb48db-4b88-4c0c-b213-19f9b2fffaff@group-B494DA265365: changes role from  FOLLOWER to CANDIDATE at term 0 for changeToCandidate
2019-09-26 19:36:07,178 [Thread-6784] INFO  impl.RoleInfo (RoleInfo.java:shutdownFollowerState(121)) - 99aa1396-69c4-4985-9b2a-20430cc4a0a7: shutdown FollowerState
2019-09-26 19:36:07,178 [Thread-6799] INFO  impl.RoleInfo (RoleInfo.java:shutdownFollowerState(121)) - 728ea44c-f097-440a-a87e-c27a68d48f14: shutdown FollowerState
2019-09-26 19:36:07,178 [Thread-6778] INFO  impl.RoleInfo (RoleInfo.java:shutdownFollowerState(121)) - 728ea44c-f097-440a-a87e-c27a68d48f14: shutdown FollowerState
2019-09-26 19:36:07,178 [Thread-6793] INFO  impl.RoleInfo (RoleInfo.java:shutdownFollowerState(121)) - 728ea44c-f097-440a-a87e-c27a68d48f14: shutdown FollowerState
2019-09-26 19:36:07,178 [27cb48db-4b88-4c0c-b213-19f9b2fffaff@group-4716D0EACE8F-SegmentedRaftLogWorker] INFO  util.JmxRegister (JmxRegister.java:unregister(73)) - Successfully un-registered JMX Bean with object name Ratis:service=RaftServer,group=group-4716D0EACE8F,id=27cb48db-4b88-4c0c-b213-19f9b2fffaff
2019-09-26 19:36:07,178 [728ea44c-f097-440a-a87e-c27a68d48f14@group-89DB952C4950:LeaderElection982] INFO  server.RaftServerConfigKeys (ConfUtils.java:logGet(43)) - raft.server.watch.timeout.denomination = 1s (default)
2019-09-26 19:36:07,177 [728ea44c-f097-440a-a87e-c27a68d48f14@group-7C646671DC62:LeaderElection983] INFO  server.RaftServerConfigKeys (ConfUtils.java:logGet(43)) - raft.server.watch.timeout.denomination = 1s (default)
2019-09-26 19:36:07,177 [27cb48db-4b88-4c0c-b213-19f9b2fffaff@group-FEE7AAE57329:LeaderElection987] INFO  server.RaftServerConfigKeys (ConfUtils.java:logGet(43)) - raft.server.watch.element-limit = 65536 (default)
2019-09-26 19:36:07,177 [728ea44c-f097-440a-a87e-c27a68d48f14@group-CD95CCA6E5DE:LeaderElection986] INFO  server.RaftServerConfigKeys (ConfUtils.java:logGet(43)) - raft.server.watch.element-limit = 65536 (default)
2019-09-26 19:36:07,164 [27cb48db-4b88-4c0c-b213-19f9b2fffaff@group-8502D39265A6:LeaderElection1005] INFO  impl.RaftServerImpl (ServerState.java:setLeader(253)) - 27cb48db-4b88-4c0c-b213-19f9b2fffaff@group-8502D39265A6: change Leader from null to 27cb48db-4b88-4c0c-b213-19f9b2fffaff at term 1 for becomeLeader, leader elected after 15559ms
2019-09-26 19:36:07,163 [728ea44c-f097-440a-a87e-c27a68d48f14@group-A248398DF8D6:LeaderElection1006] INFO  impl.RaftServerImpl (RaftServerImpl.java:setRole(174)) - 728ea44c-f097-440a-a87e-c27a68d48f14@group-A248398DF8D6: changes role from CANDIDATE to LEADER at term 1 for changeToLeader
2019-09-26 19:36:08,112 [728ea44c-f097-440a-a87e-c27a68d48f14@group-A248398DF8D6:LeaderElection1006] INFO  impl.RaftServerImpl (ServerState.java:setLeader(253)) - 728ea44c-f097-440a-a87e-c27a68d48f14@group-A248398DF8D6: change Leader from null to 728ea44c-f097-440a-a87e-c27a68d48f14 at term 1 for becomeLeader, leader elected after 16083ms
2019-09-26 19:36:07,163 [27cb48db-4b88-4c0c-b213-19f9b2fffaff@group-D1BA8AE37FD0:LeaderElection1007] INFO  impl.RaftServerImpl (RaftServerImpl.java:setRole(174)) - 27cb48db-4b88-4c0c-b213-19f9b2fffaff@group-D1BA8AE37FD0: changes role from CANDIDATE to LEADER at term 1 for changeToLeader
2019-09-26 19:36:07,163 [728ea44c-f097-440a-a87e-c27a68d48f14@group-B46C9A7EAD2D:LeaderElection1009] INFO  server.RaftServerConfigKeys (ConfUtils.java:logGet(43)) - raft.server.staging.catchup.gap = 1000 (default)
2019-09-26 19:36:07,163 [99aa1396-69c4-4985-9b2a-20430cc4a0a7@group-119644BB2AD2:LeaderElection1004] INFO  impl.RaftServerImpl (RaftServerImpl.java:setRole(174)) - 99aa1396-69c4-4985-9b2a-20430cc4a0a7@group-119644BB2AD2: changes role from CANDIDATE to LEADER at term 1 for changeToLeader
2019-09-26 19:36:07,163 [27cb48db-4b88-4c0c-b213-19f9b2fffaff@group-684BA3C5CC11:LeaderElection1012] INFO  impl.RaftServerImpl (ServerState.java:setLeader(253)) - 27cb48db-4b88-4c0c-b213-19f9b2fffaff@group-684BA3C5CC11: change Leader from null to 27cb48db-4b88-4c0c-b213-19f9b2fffaff at term 1 for becomeLeader, leader elected after 15099ms
2019-09-26 19:36:07,163 [728ea44c-f097-440a-a87e-c27a68d48f14@group-516E0962CCE3:LeaderElection1000] INFO  impl.RaftServerImpl (RaftServerImpl.java:setRole(174)) - 728ea44c-f097-440a-a87e-c27a68d48f14@group-516E0962CCE3: changes role from CANDIDATE to LEADER at term 1 for changeToLeader
2019-09-26 19:36:07,163 [27cb48db-4b88-4c0c-b213-19f9b2fffaff@group-CF122FDC6C03:LeaderElection1008] INFO  impl.RaftServerImpl (ServerState.java:setLeader(253)) - 27cb48db-4b88-4c0c-b213-19f9b2fffaff@group-CF122FDC6C03: change Leader from null to 27cb48db-4b88-4c0c-b213-19f9b2fffaff at term 1 for becomeLeader, leader elected after 15332ms
2019-09-26 19:36:07,163 [27cb48db-4b88-4c0c-b213-19f9b2fffaff@group-5B13DE4C131A:LeaderElection1010] INFO  impl.RaftServerImpl (RaftServerImpl.java:setRole(174)) - 27cb48db-4b88-4c0c-b213-19f9b2fffaff@group-5B13DE4C131A: changes role from CANDIDATE to LEADER at term 1 for changeToLeader
2019-09-26 19:36:07,163 [27cb48db-4b88-4c0c-b213-19f9b2fffaff@group-9D764B33AD0C:LeaderElection1003] INFO  impl.RaftServerImpl (ServerState.java:setLeader(253)) - 27cb48db-4b88-4c0c-b213-19f9b2fffaff@group-9D764B33AD0C: change Leader from null to 27cb48db-4b88-4c0c-b213-19f9b2fffaff at term 1 for becomeLeader, leader elected after 9034ms
2019-09-26 19:36:07,162 [728ea44c-f097-440a-a87e-c27a68d48f14@group-38F2945183E6:LeaderElection1001] INFO  impl.RaftServerImpl (ServerState.java:setLeader(253)) - 728ea44c-f097-440a-a87e-c27a68d48f14@group-38F2945183E6: change Leader from null to 728ea44c-f097-440a-a87e-c27a68d48f14 at term 1 for becomeLeader, leader elected after 9171ms
2019-09-26 19:36:07,162 [27cb48db-4b88-4c0c-b213-19f9b2fffaff@group-3731B9264D30:LeaderElection1013] INFO  impl.RaftServerImpl (RaftServerImpl.java:setRole(174)) - 27cb48db-4b88-4c0c-b213-19f9b2fffaff@group-3731B9264D30: changes role from CANDIDATE to LEADER at term 1 for changeToLeader
2019-09-26 19:36:08,113 [27cb48db-4b88-4c0c-b213-19f9b2fffaff@group-3731B9264D30:LeaderElection1013] INFO  impl.RaftServerImpl (ServerState.java:setLeader(253)) - 27cb48db-4b88-4c0c-b213-19f9b2fffaff@group-3731B9264D30: change Leader from null to 27cb48db-4b88-4c0c-b213-19f9b2fffaff at term 1 for becomeLeader, leader elected after 16195ms
2019-09-26 19:36:07,162 [99aa1396-69c4-4985-9b2a-20430cc4a0a7@group-BA736CDCA3E4:LeaderElection1002] INFO  impl.RaftServerImpl (RaftServerImpl.java:setRole(174)) - 99aa1396-69c4-4985-9b2a-20430cc4a0a7@group-BA736CDCA3E4: changes role from CANDIDATE to LEADER at term 1 for changeToLeader
2019-09-26 19:36:08,114 [99aa1396-69c4-4985-9b2a-20430cc4a0a7@group-BA736CDCA3E4:LeaderElection1002] INFO  impl.RaftServerImpl (ServerState.java:setLeader(253)) - 99aa1396-69c4-4985-9b2a-20430cc4a0a7@group-BA736CDCA3E4: change Leader from null to 99aa1396-69c4-4985-9b2a-20430cc4a0a7 at term 1 for becomeLeader, leader elected after 10067ms
2019-09-26 19:36:07,162 [728ea44c-f097-440a-a87e-c27a68d48f14@group-81150C1B35EC:LeaderElection993] INFO  server.RaftServerConfigKeys (ConfUtils.java:logGet(43)) - raft.server.write.element-limit = 4096 (default)
2019-09-26 19:36:07,162 [27cb48db-4b88-4c0c-b213-19f9b2fffaff@group-9B0E204FFB32:LeaderElection997] INFO  server.RaftServerConfigKeys (ConfUtils.java:logGet(43)) - raft.server.watch.timeout = 10s (default)
2019-09-26 19:36:08,114 [728ea44c-f097-440a-a87e-c27a68d48f14@group-CD95CCA6E5DE:LeaderElection986] INFO  impl.RoleInfo (RoleInfo.java:updateAndGet(143)) - 728ea44c-f097-440a-a87e-c27a68d48f14: start LeaderState
2019-09-26 19:36:07,162 [27cb48db-4b88-4c0c-b213-19f9b2fffaff@group-2101955D751F:LeaderElection990] INFO  server.RaftServerConfigKeys (ConfUtils.java:logGet(43)) - raft.server.write.element-limit = 4096 (default)
2019-09-26 19:36:07,162 [728ea44c-f097-440a-a87e-c27a68d48f14@group-09E478195B44:LeaderElection998] INFO  server.RaftServerConfigKeys (ConfUtils.java:logGet(43)) - raft.server.rpc.sleep.time = 25ms (default)
2019-09-26 19:36:07,162 [27cb48db-4b88-4c0c-b213-19f9b2fffaff@group-B8BD7675E4F6-SegmentedRaftLogWorker] INFO  impl.StateMachineUpdater (StateMachineUpdater.java:stopAndJoin(125)) - 27cb48db-4b88-4c0c-b213-19f9b2fffaff@group-B8BD7675E4F6-StateMachineUpdater: set stopIndex = -1
2019-09-26 19:36:07,161 [27cb48db-4b88-4c0c-b213-19f9b2fffaff@group-E18203AECDC0:LeaderElection978] INFO  server.RaftServerConfigKeys (ConfUtils.java:logGet(43)) - raft.server.watch.element-limit = 65536 (default)
2019-09-26 19:36:08,114 [27cb48db-4b88-4c0c-b213-19f9b2fffaff@group-B8BD7675E4F6-SegmentedRaftLogWorker] INFO  impl.RaftServerImpl (ServerState.java:close(385)) - 27cb48db-4b88-4c0c-b213-19f9b2fffaff@group-B8BD7675E4F6: closes. applyIndex: -1
2019-09-26 19:36:08,114 [728ea44c-f097-440a-a87e-c27a68d48f14@group-09E478195B44:LeaderElection998] INFO  server.RaftServerConfigKeys (ConfUtils.java:logGet(43)) - raft.server.write.element-limit = 4096 (default)
2019-09-26 19:36:08,114 [27cb48db-4b88-4c0c-b213-19f9b2fffaff@group-2101955D751F:LeaderElection990] INFO  server.RaftServerConfigKeys (ConfUtils.java:logGet(43)) - raft.server.watch.timeout = 10s (default)
2019-09-26 19:36:08,114 [728ea44c-f097-440a-a87e-c27a68d48f14@group-CD95CCA6E5DE:LeaderElection986] INFO  segmented.SegmentedRaftLogWorker (SegmentedRaftLogWorker.java:startLogSegment(380)) - 728ea44c-f097-440a-a87e-c27a68d48f14@group-CD95CCA6E5DE-SegmentedRaftLogWorker: Starting segment from index:0
2019-09-26 19:36:08,114 [27cb48db-4b88-4c0c-b213-19f9b2fffaff@group-9B0E204FFB32:LeaderElection997] INFO  server.RaftServerConfigKeys (ConfUtils.java:logGet(43)) - raft.server.watch.timeout.denomination = 1s (default)
2019-09-26 19:36:08,114 [27cb48db-4b88-4c0c-b213-19f9b2fffaff@group-FEE7AAE57329:LeaderElection987] INFO  impl.RoleInfo (RoleInfo.java:updateAndGet(143)) - 27cb48db-4b88-4c0c-b213-19f9b2fffaff: start LeaderState
2019-09-26 19:36:08,114 [728ea44c-f097-440a-a87e-c27a68d48f14@group-81150C1B35EC:LeaderElection993] INFO  server.RaftServerConfigKeys (ConfUtils.java:logGet(43)) - raft.server.watch.timeout = 10s (default)
2019-09-26 19:36:08,114 [99aa1396-69c4-4985-9b2a-20430cc4a0a7@group-BA736CDCA3E4:LeaderElection1002] INFO  server.RaftServerConfigKeys (ConfUtils.java:logGet(43)) - raft.server.staging.catchup.gap = 1000 (default)
2019-09-26 19:36:08,116 [99aa1396-69c4-4985-9b2a-20430cc4a0a7@group-BA736CDCA3E4:LeaderElection1002] INFO  server.RaftServerConfigKeys (ConfUtils.java:logGet(43)) - raft.server.rpc.sleep.time = 25ms (default)
2019-09-26 19:36:08,113 [27cb48db-4b88-4c0c-b213-19f9b2fffaff@group-3731B9264D30:LeaderElection1013] INFO  server.RaftServerConfigKeys (ConfUtils.java:logGet(43)) - raft.server.staging.catchup.gap = 1000 (default)
2019-09-26 19:36:08,116 [27cb48db-4b88-4c0c-b213-19f9b2fffaff@group-3731B9264D30:LeaderElection1013] INFO  server.RaftServerConfigKeys (ConfUtils.java:logGet(43)) - raft.server.rpc.sleep.time = 25ms (default)
2019-09-26 19:36:08,113 [728ea44c-f097-440a-a87e-c27a68d48f14@group-38F2945183E6:LeaderElection1001] INFO  server.RaftServerConfigKeys (ConfUtils.java:logGet(43)) - raft.server.staging.catchup.gap = 1000 (default)
2019-09-26 19:36:08,113 [27cb48db-4b88-4c0c-b213-19f9b2fffaff@group-9D764B33AD0C:LeaderElection1003] INFO  server.RaftServerConfigKeys (ConfUtils.java:logGet(43)) - raft.server.staging.catchup.gap = 1000 (default)
2019-09-26 19:36:08,113 [27cb48db-4b88-4c0c-b213-19f9b2fffaff@group-5B13DE4C131A:LeaderElection1010] INFO  impl.RaftServerImpl (ServerState.java:setLeader(253)) - 27cb48db-4b88-4c0c-b213-19f9b2fffaff@group-5B13DE4C131A: change Leader from null to 27cb48db-4b88-4c0c-b213-19f9b2fffaff at term 1 for becomeLeader, leader elected after 16339ms
2019-09-26 19:36:08,113 [27cb48db-4b88-4c0c-b213-19f9b2fffaff@group-CF122FDC6C03:LeaderElection1008] INFO  server.RaftServerConfigKeys (ConfUtils.java:logGet(43)) - raft.server.staging.catchup.gap = 1000 (default)
2019-09-26 19:36:08,113 [728ea44c-f097-440a-a87e-c27a68d48f14@group-516E0962CCE3:LeaderElection1000] INFO  impl.RaftServerImpl (ServerState.java:setLeader(253)) - 728ea44c-f097-440a-a87e-c27a68d48f14@group-516E0962CCE3: change Leader from null to 728ea44c-f097-440a-a87e-c27a68d48f14 at term 1 for becomeLeader, leader elected after 9838ms
2019-09-26 19:36:08,113 [27cb48db-4b88-4c0c-b213-19f9b2fffaff@group-684BA3C5CC11:LeaderElection1012] INFO  server.RaftServerConfigKeys (ConfUtils.java:logGet(43)) - raft.server.staging.catchup.gap = 1000 (default)
2019-09-26 19:36:08,117 [27cb48db-4b88-4c0c-b213-19f9b2fffaff@group-684BA3C5CC11:LeaderElection1012] INFO  server.RaftServerConfigKeys (ConfUtils.java:logGet(43)) - raft.server.rpc.sleep.time = 25ms (default)
2019-09-26 19:36:08,113 [99aa1396-69c4-4985-9b2a-20430cc4a0a7@group-119644BB2AD2:LeaderElection1004] INFO  impl.RaftServerImpl (ServerState.java:setLeader(253)) - 99aa1396-69c4-4985-9b2a-20430cc4a0a7@group-119644BB2AD2: change Leader from null to 99aa1396-69c4-4985-9b2a-20430cc4a0a7 at term 1 for becomeLeader, leader elected after 9943ms
2019-09-26 19:36:08,112 [728ea44c-f097-440a-a87e-c27a68d48f14@group-B46C9A7EAD2D:LeaderElection1009] INFO  server.RaftServerConfigKeys (ConfUtils.java:logGet(43)) - raft.server.rpc.sleep.time = 25ms (default)
2019-09-26 19:36:08,112 [27cb48db-4b88-4c0c-b213-19f9b2fffaff@group-D1BA8AE37FD0:LeaderElection1007] INFO  impl.RaftServerImpl (ServerState.java:setLeader(253)) - 27cb48db-4b88-4c0c-b213-19f9b2fffaff@group-D1BA8AE37FD0: change Leader from null to 27cb48db-4b88-4c0c-b213-19f9b2fffaff at term 1 for becomeLeader, leader elected after 15946ms
2019-09-26 19:36:08,112 [728ea44c-f097-440a-a87e-c27a68d48f14@group-A248398DF8D6:LeaderElection1006] INFO  server.RaftServerConfigKeys (ConfUtils.java:logGet(43)) - raft.server.staging.catchup.gap = 1000 (default)
2019-09-26 19:36:08,112 [27cb48db-4b88-4c0c-b213-19f9b2fffaff@group-8502D39265A6:LeaderElection1005] INFO  server.RaftServerConfigKeys (ConfUtils.java:logGet(43)) - raft.server.staging.catchup.gap = 1000 (default)
2019-09-26 19:36:08,112 [728ea44c-f097-440a-a87e-c27a68d48f14@group-7C646671DC62:LeaderElection983] INFO  server.RaftServerConfigKeys (ConfUtils.java:logGet(43)) - raft.server.watch.element-limit = 65536 (default)
2019-09-26 19:36:08,112 [728ea44c-f097-440a-a87e-c27a68d48f14@group-8B20934A7F11:LeaderElection984] INFO  impl.RoleInfo (RoleInfo.java:updateAndGet(143)) - 728ea44c-f097-440a-a87e-c27a68d48f14: start LeaderState
2019-09-26 19:36:08,112 [27cb48db-4b88-4c0c-b213-19f9b2fffaff@group-BEB29AE3C17F:LeaderElection981] INFO  impl.RoleInfo (RoleInfo.java:updateAndGet(143)) - 27cb48db-4b88-4c0c-b213-19f9b2fffaff: start LeaderState
2019-09-26 19:36:08,111 [728ea44c-f097-440a-a87e-c27a68d48f14@group-89DB952C4950:LeaderElection982] INFO  server.RaftServerConfigKeys (ConfUtils.java:logGet(43)) - raft.server.watch.element-limit = 65536 (default)
2019-09-26 19:36:08,111 [27cb48db-4b88-4c0c-b213-19f9b2fffaff@group-4716D0EACE8F-SegmentedRaftLogWorker] INFO  impl.RoleInfo (RoleInfo.java:shutdownLeaderState(104)) - 27cb48db-4b88-4c0c-b213-19f9b2fffaff: shutdown LeaderState
2019-09-26 19:36:08,111 [Thread-6793] INFO  impl.RaftServerImpl (RaftServerImpl.java:setRole(174)) - 728ea44c-f097-440a-a87e-c27a68d48f14@group-AF2925BA2B4F: changes role from  FOLLOWER to CANDIDATE at term 0 for changeToCandidate
2019-09-26 19:36:08,111 [Thread-6778] INFO  impl.RaftServerImpl (RaftServerImpl.java:setRole(174)) - 728ea44c-f097-440a-a87e-c27a68d48f14@group-CE4E9F883499: changes role from  FOLLOWER to CANDIDATE at term 0 for changeToCandidate
2019-09-26 19:36:08,111 [Thread-6799] INFO  impl.RaftServerImpl (RaftServerImpl.java:setRole(174)) - 728ea44c-f097-440a-a87e-c27a68d48f14@group-E8DCF40579B6: changes role from  FOLLOWER to CANDIDATE at term 0 for changeToCandidate
2019-09-26 19:36:08,111 [Thread-6784] INFO  impl.RaftServerImpl (RaftServerImpl.java:setRole(174)) - 99aa1396-69c4-4985-9b2a-20430cc4a0a7@group-5BC89FBB8EDB: changes role from  FOLLOWER to CANDIDATE at term 0 for changeToCandidate
2019-09-26 19:36:08,111 [Thread-6796] INFO  impl.RoleInfo (RoleInfo.java:updateAndGet(143)) - 27cb48db-4b88-4c0c-b213-19f9b2fffaff: start LeaderElection
2019-09-26 19:36:08,110 [Thread-6781] INFO  impl.RaftServerImpl (RaftServerImpl.java:setRole(174)) - 27cb48db-4b88-4c0c-b213-19f9b2fffaff@group-9E65EF7B6D20: changes role from  FOLLOWER to CANDIDATE at term 0 for changeToCandidate
2019-09-26 19:36:08,110 [Thread-6787] INFO  impl.RaftServerImpl (RaftServerImpl.java:setRole(174)) - 728ea44c-f097-440a-a87e-c27a68d48f14@group-D069AE322CB2: changes role from  FOLLOWER to CANDIDATE at term 0 for changeToCandidate
2019-09-26 19:36:08,110 [pool-281-thread-1] INFO  server.RaftServerConfigKeys (ConfUtils.java:logGet(43)) - raft.server.rpcslowness.timeout = 120s (custom)
2019-09-26 19:36:08,110 [27cb48db-4b88-4c0c-b213-19f9b2fffaff@group-D0AE5A240A11:LeaderElection980] INFO  server.RaftServerConfigKeys (ConfUtils.java:logGet(43)) - raft.server.watch.element-limit = 65536 (default)
2019-09-26 19:36:08,109 [Thread-6694] INFO  impl.RoleInfo (RoleInfo.java:updateAndGet(143)) - 27cb48db-4b88-4c0c-b213-19f9b2fffaff: start LeaderElection
2019-09-26 19:36:08,109 [Thread-6688] INFO  impl.RoleInfo (RoleInfo.java:updateAndGet(143)) - 27cb48db-4b88-4c0c-b213-19f9b2fffaff: start LeaderElection
2019-09-26 19:36:08,109 [27cb48db-4b88-4c0c-b213-19f9b2fffaff@group-F337E4A86832:LeaderElection985] INFO  segmented.SegmentedRaftLogWorker (SegmentedRaftLogWorker.java:startLogSegment(380)) - 27cb48db-4b88-4c0c-b213-19f9b2fffaff@group-F337E4A86832-SegmentedRaftLogWorker: Starting segment from index:0
2019-09-26 19:36:08,109 [Thread-6652] INFO  impl.RoleInfo (RoleInfo.java:updateAndGet(143)) - 728ea44c-f097-440a-a87e-c27a68d48f14: start LeaderElection
2019-09-26 19:36:08,109 [Thread-6697] INFO  impl.RoleInfo (RoleInfo.java:updateAndGet(143)) - 27cb48db-4b88-4c0c-b213-19f9b2fffaff: start LeaderElection
2019-09-26 19:36:08,107 [Thread-6640] INFO  impl.RoleInfo (RoleInfo.java:updateAndGet(143)) - 728ea44c-f097-440a-a87e-c27a68d48f14: start LeaderElection
2019-09-26 19:36:08,107 [Thread-6685] INFO  impl.RoleInfo (RoleInfo.java:updateAndGet(143)) - 728ea44c-f097-440a-a87e-c27a68d48f14: start LeaderElection
2019-09-26 19:36:08,107 [27cb48db-4b88-4c0c-b213-19f9b2fffaff@group-60CEE626D65C:LeaderElection977] INFO  impl.RaftServerImpl (ServerState.java:setRaftConf(354)) - 27cb48db-4b88-4c0c-b213-19f9b2fffaff@group-60CEE626D65C: set configuration 0: [27cb48db-4b88-4c0c-b213-19f9b2fffaff:192.168.151.99:37457], old=null at 0
2019-09-26 19:36:08,107 [728ea44c-f097-440a-a87e-c27a68d48f14@group-BB094026C928:LeaderElection973] INFO  impl.RaftServerImpl (ServerState.java:setRaftConf(354)) - 728ea44c-f097-440a-a87e-c27a68d48f14@group-BB094026C928: set configuration 0: [728ea44c-f097-440a-a87e-c27a68d48f14:192.168.151.99:38783], old=null at 0
2019-09-26 19:36:07,654 [pool-271-thread-1] INFO  ratis.ContainerStateMachine (ContainerStateMachine.java:loadSnapshot(230)) - group-CD4A2BA5F1A2: The snapshot info is null. Setting the last applied indexto:(t:0, i:~)
2019-09-26 19:36:07,645 [27cb48db-4b88-4c0c-b213-19f9b2fffaff@group-9EE6F63F4F99-SegmentedRaftLogWorker] ERROR segmented.SegmentedRaftLogWorker (SegmentedRaftLogWorker.java:run(323)) - 27cb48db-4b88-4c0c-b213-19f9b2fffaff@group-9EE6F63F4F99-SegmentedRaftLogWorker hit exception
java.lang.OutOfMemoryError: Direct buffer memory
	at java.nio.Bits.reserveMemory(Bits.java:666)
	at java.nio.DirectByteBuffer.<init>(DirectByteBuffer.java:123)
	at java.nio.ByteBuffer.allocateDirect(ByteBuffer.java:311)
	at org.apache.ratis.server.raftlog.segmented.BufferedWriteChannel.<init>(BufferedWriteChannel.java:41)
	at org.apache.ratis.server.raftlog.segmented.SegmentedRaftLogOutputStream.<init>(SegmentedRaftLogOutputStream.java:72)
	at org.apache.ratis.server.raftlog.segmented.SegmentedRaftLogWorker$StartLogSegment.execute(SegmentedRaftLogWorker.java:566)
	at org.apache.ratis.server.raftlog.segmented.SegmentedRaftLogWorker.run(SegmentedRaftLogWorker.java:289)
	at java.lang.Thread.run(Thread.java:748)
2019-09-26 19:36:07,644 [99aa1396-69c4-4985-9b2a-20430cc4a0a7@group-FBCC5E2B6B47:LeaderElection1028] INFO  impl.LeaderElection (LeaderElection.java:askForVotes(182)) - 99aa1396-69c4-4985-9b2a-20430cc4a0a7@group-FBCC5E2B6B47:LeaderElection1028: begin an election at term 1 for -1: [99aa1396-69c4-4985-9b2a-20430cc4a0a7:192.168.151.99:40213], old=null
2019-09-26 19:36:07,644 [728ea44c-f097-440a-a87e-c27a68d48f14@group-61276961113F:LeaderElection1030] INFO  impl.LeaderElection (LeaderElection.java:askForVotes(182)) - 728ea44c-f097-440a-a87e-c27a68d48f14@group-61276961113F:LeaderElection1030: begin an election at term 1 for -1: [728ea44c-f097-440a-a87e-c27a68d48f14:192.168.151.99:38783], old=null
2019-09-26 19:36:07,644 [27cb48db-4b88-4c0c-b213-19f9b2fffaff@group-7C23D55C331C:LeaderElection1027] INFO  impl.LeaderElection (LeaderElection.java:askForVotes(182)) - 27cb48db-4b88-4c0c-b213-19f9b2fffaff@group-7C23D55C331C:LeaderElection1027: begin an election at term 1 for -1: [27cb48db-4b88-4c0c-b213-19f9b2fffaff:192.168.151.99:37457], old=null
2019-09-26 19:36:08,121 [27cb48db-4b88-4c0c-b213-19f9b2fffaff@group-7C23D55C331C:LeaderElection1027] INFO  impl.RoleInfo (RoleInfo.java:shutdownLeaderElection(134)) - 27cb48db-4b88-4c0c-b213-19f9b2fffaff: shutdown LeaderElection
2019-09-26 19:36:08,121 [27cb48db-4b88-4c0c-b213-19f9b2fffaff@group-7C23D55C331C:LeaderElection1027] INFO  impl.RaftServerImpl (RaftServerImpl.java:setRole(174)) - 27cb48db-4b88-4c0c-b213-19f9b2fffaff@group-7C23D55C331C: changes role from CANDIDATE to LEADER at term 1 for changeToLeader
2019-09-26 19:36:07,644 [728ea44c-f097-440a-a87e-c27a68d48f14@group-29C734BE2100:LeaderElection1024] INFO  impl.LeaderElection (LeaderElection.java:askForVotes(182)) - 728ea44c-f097-440a-a87e-c27a68d48f14@group-29C734BE2100:LeaderElection1024: begin an election at term 1 for -1: [728ea44c-f097-440a-a87e-c27a68d48f14:192.168.151.99:38783], old=null
2019-09-26 19:36:07,644 [27cb48db-4b88-4c0c-b213-19f9b2fffaff@group-A6166F251855:LeaderElection1029] INFO  impl.LeaderElection (LeaderElection.java:askForVotes(182)) - 27cb48db-4b88-4c0c-b213-19f9b2fffaff@group-A6166F251855:LeaderElection1029: begin an election at term 1 for -1: [27cb48db-4b88-4c0c-b213-19f9b2fffaff:192.168.151.99:37457], old=null
2019-09-26 19:36:07,644 [728ea44c-f097-440a-a87e-c27a68d48f14@group-DB3AFAA8F5B8:LeaderElection1025] INFO  impl.LeaderElection (LeaderElection.java:askForVotes(182)) - 728ea44c-f097-440a-a87e-c27a68d48f14@group-DB3AFAA8F5B8:LeaderElection1025: begin an election at term 1 for -1: [728ea44c-f097-440a-a87e-c27a68d48f14:192.168.151.99:38783], old=null
2019-09-26 19:36:07,631 [IPC Server Responder] INFO  ipc.Server (Server.java:run(1319)) - Stopping IPC Server Responder
2019-09-26 19:36:07,631 [Thread-6219] INFO  ratis.OzoneManagerDoubleBuffer (OzoneManagerDoubleBuffer.java:stop(248)) - Stopping OMDoubleBuffer flush thread
2019-09-26 19:36:07,631 [IPC Server listener on 39198] INFO  ipc.Server (Server.java:run(1185)) - Stopping IPC Server listener on 39198
2019-09-26 19:36:07,210 [99aa1396-69c4-4985-9b2a-20430cc4a0a7@group-0F0EA66DDF60-SegmentedRaftLogWorker] INFO  impl.StateMachineUpdater (StateMachineUpdater.java:stopAndJoin(125)) - 99aa1396-69c4-4985-9b2a-20430cc4a0a7@group-0F0EA66DDF60-StateMachineUpdater: set stopIndex = -1
2019-09-26 19:36:08,121 [99aa1396-69c4-4985-9b2a-20430cc4a0a7@group-0F0EA66DDF60-SegmentedRaftLogWorker] INFO  impl.RaftServerImpl (ServerState.java:close(385)) - 99aa1396-69c4-4985-9b2a-20430cc4a0a7@group-0F0EA66DDF60: closes. applyIndex: -1
2019-09-26 19:36:07,210 [Thread-6679] INFO  impl.RoleInfo (RoleInfo.java:updateAndGet(143)) - 728ea44c-f097-440a-a87e-c27a68d48f14: start LeaderElection
2019-09-26 19:36:08,122 [99aa1396-69c4-4985-9b2a-20430cc4a0a7@group-0F0EA66DDF60-SegmentedRaftLogWorker] INFO  segmented.SegmentedRaftLogWorker (SegmentedRaftLogWorker.java:close(228)) - 99aa1396-69c4-4985-9b2a-20430cc4a0a7@group-0F0EA66DDF60-SegmentedRaftLogWorker close()
2019-09-26 19:36:07,210 [99aa1396-69c4-4985-9b2a-20430cc4a0a7@group-B36985718576-SegmentedRaftLogWorker] INFO  impl.PendingRequests (PendingRequests.java:sendNotLeaderResponses(202)) - 99aa1396-69c4-4985-9b2a-20430cc4a0a7-PendingRequests: sendNotLeaderResponses
2019-09-26 19:36:07,210 [pool-261-thread-1] INFO  server.RaftServerConfigKeys (ConfUtils.java:logGet(43)) - raft.server.sleep.deviation.threshold = 300 (default)
2019-09-26 19:36:08,122 [pool-261-thread-1] INFO  server.RaftServerConfigKeys (ConfUtils.java:logGet(43)) - raft.server.log.appender.install.snapshot.enabled = false (custom)
2019-09-26 19:36:07,209 [27cb48db-4b88-4c0c-b213-19f9b2fffaff@group-DC07AB1829D3-SegmentedRaftLogWorker] INFO  impl.StateMachineUpdater (StateMachineUpdater.java:stopAndJoin(125)) - 27cb48db-4b88-4c0c-b213-19f9b2fffaff@group-DC07AB1829D3-StateMachineUpdater: set stopIndex = -1
2019-09-26 19:36:07,209 [27cb48db-4b88-4c0c-b213-19f9b2fffaff@group-65EB277B690C:LeaderElection1019] INFO  server.RaftServerConfigKeys (ConfUtils.java:logGet(43)) - raft.server.staging.catchup.gap = 1000 (default)
2019-09-26 19:36:07,209 [728ea44c-f097-440a-a87e-c27a68d48f14@group-FC289A8C3177:LeaderElection1015] INFO  server.RaftServerConfigKeys (ConfUtils.java:logGet(43)) - raft.server.staging.catchup.gap = 1000 (default)
2019-09-26 19:36:08,122 [728ea44c-f097-440a-a87e-c27a68d48f14@group-FC289A8C3177:LeaderElection1015] INFO  server.RaftServerConfigKeys (ConfUtils.java:logGet(43)) - raft.server.rpc.sleep.time = 25ms (default)
2019-09-26 19:36:07,209 [99aa1396-69c4-4985-9b2a-20430cc4a0a7@group-FEEB0BA2637C:LeaderElection1022] INFO  impl.RaftServerImpl (RaftServerImpl.java:setRole(174)) - 99aa1396-69c4-4985-9b2a-20430cc4a0a7@group-FEEB0BA2637C: changes role from CANDIDATE to LEADER at term 1 for changeToLeader
2019-09-26 19:36:08,123 [27cb48db-4b88-4c0c-b213-19f9b2fffaff@group-B1E3039FE9C9-SegmentedRaftLogWorker] ERROR segmented.SegmentedRaftLogWorker (SegmentedRaftLogWorker.java:run(323)) - 27cb48db-4b88-4c0c-b213-19f9b2fffaff@group-B1E3039FE9C9-SegmentedRaftLogWorker hit exception
java.lang.OutOfMemoryError: Direct buffer memory
	at java.nio.Bits.reserveMemory(Bits.java:666)
	at java.nio.DirectByteBuffer.<init>(DirectByteBuffer.java:123)
	at java.nio.ByteBuffer.allocateDirect(ByteBuffer.java:311)
	at org.apache.ratis.server.raftlog.segmented.BufferedWriteChannel.<init>(BufferedWriteChannel.java:41)
	at org.apache.ratis.server.raftlog.segmented.SegmentedRaftLogOutputStream.<init>(SegmentedRaftLogOutputStream.java:72)
	at org.apache.ratis.server.raftlog.segmented.SegmentedRaftLogWorker$StartLogSegment.execute(SegmentedRaftLogWorker.java:566)
	at org.apache.ratis.server.raftlog.segmented.SegmentedRaftLogWorker.run(SegmentedRaftLogWorker.java:289)
	at java.lang.Thread.run(Thread.java:748)
2019-09-26 19:36:07,209 [99aa1396-69c4-4985-9b2a-20430cc4a0a7@group-55CDCD0E7166:LeaderElection1017] INFO  impl.RaftServerImpl (ServerState.java:setLeader(253)) - 99aa1396-69c4-4985-9b2a-20430cc4a0a7@group-55CDCD0E7166: change Leader from null to 99aa1396-69c4-4985-9b2a-20430cc4a0a7 at term 1 for becomeLeader, leader elected after 8652ms
2019-09-26 19:36:07,209 [728ea44c-f097-440a-a87e-c27a68d48f14@group-C5D49945B174:LeaderElection1021] INFO  impl.RaftServerImpl (RaftServerImpl.java:setRole(174)) - 728ea44c-f097-440a-a87e-c27a68d48f14@group-C5D49945B174: changes role from CANDIDATE to LEADER at term 1 for changeToLeader
2019-09-26 19:36:08,123 [728ea44c-f097-440a-a87e-c27a68d48f14@group-C5D49945B174:LeaderElection1021] INFO  impl.RaftServerImpl (ServerState.java:setLeader(253)) - 728ea44c-f097-440a-a87e-c27a68d48f14@group-C5D49945B174: change Leader from null to 728ea44c-f097-440a-a87e-c27a68d48f14 at term 1 for becomeLeader, leader elected after 9393ms
2019-09-26 19:36:07,209 [27cb48db-4b88-4c0c-b213-19f9b2fffaff@group-081BA867897B:LeaderElection1014] INFO  impl.RaftServerImpl (ServerState.java:setLeader(253)) - 27cb48db-4b88-4c0c-b213-19f9b2fffaff@group-081BA867897B: change Leader from null to 27cb48db-4b88-4c0c-b213-19f9b2fffaff at term 1 for becomeLeader, leader elected after 8401ms
2019-09-26 19:36:07,209 [27cb48db-4b88-4c0c-b213-19f9b2fffaff@group-A59E1FAF9AD8:LeaderElection1023] INFO  impl.RaftServerImpl (RaftServerImpl.java:setRole(174)) - 27cb48db-4b88-4c0c-b213-19f9b2fffaff@group-A59E1FAF9AD8: changes role from CANDIDATE to LEADER at term 1 for changeToLeader
2019-09-26 19:36:07,208 [27cb48db-4b88-4c0c-b213-19f9b2fffaff@group-269437B58436:LeaderElection1018] INFO  impl.RaftServerImpl (ServerState.java:setLeader(253)) - 27cb48db-4b88-4c0c-b213-19f9b2fffaff@group-269437B58436: change Leader from null to 27cb48db-4b88-4c0c-b213-19f9b2fffaff at term 1 for becomeLeader, leader elected after 8566ms
2019-09-26 19:36:07,208 [27cb48db-4b88-4c0c-b213-19f9b2fffaff@group-AD610815A00B:LeaderElection1016] INFO  impl.RaftServerImpl (ServerState.java:setLeader(253)) - 27cb48db-4b88-4c0c-b213-19f9b2fffaff@group-AD610815A00B: change Leader from null to 27cb48db-4b88-4c0c-b213-19f9b2fffaff at term 1 for becomeLeader, leader elected after 8712ms
2019-09-26 19:36:07,208 [27cb48db-4b88-4c0c-b213-19f9b2fffaff@group-604F6EB72B06:LeaderElection1020] INFO  server.RaftServerConfigKeys (ConfUtils.java:logGet(43)) - raft.server.staging.catchup.gap = 1000 (default)
2019-09-26 19:36:07,208 [27cb48db-4b88-4c0c-b213-19f9b2fffaff@group-2F3E80AC4EAF-SegmentedRaftLogWorker] INFO  impl.PendingRequests (PendingRequests.java:sendNotLeaderResponses(202)) - 27cb48db-4b88-4c0c-b213-19f9b2fffaff-PendingRequests: sendNotLeaderResponses
2019-09-26 19:36:07,208 [Thread-6727] INFO  impl.RoleInfo (RoleInfo.java:updateAndGet(143)) - 728ea44c-f097-440a-a87e-c27a68d48f14: start LeaderElection
2019-09-26 19:36:07,208 [Thread-6721] INFO  impl.RaftServerImpl (RaftServerImpl.java:setRole(174)) - 99aa1396-69c4-4985-9b2a-20430cc4a0a7@group-870C395226EC: changes role from  FOLLOWER to CANDIDATE at term 0 for changeToCandidate
2019-09-26 19:36:07,208 [Thread-6739] INFO  impl.RaftServerImpl (RaftServerImpl.java:setRole(174)) - 99aa1396-69c4-4985-9b2a-20430cc4a0a7@group-DD15D4C400D3: changes role from  FOLLOWER to CANDIDATE at term 0 for changeToCandidate
2019-09-26 19:36:07,208 [Thread-6733] INFO  impl.RaftServerImpl (RaftServerImpl.java:setRole(174)) - 27cb48db-4b88-4c0c-b213-19f9b2fffaff@group-089574044510: changes role from  FOLLOWER to CANDIDATE at term 0 for changeToCandidate
2019-09-26 19:36:07,208 [Thread-7111] INFO  impl.RoleInfo (RoleInfo.java:updateAndGet(143)) - 27cb48db-4b88-4c0c-b213-19f9b2fffaff: start LeaderElection
2019-09-26 19:36:07,207 [Thread-6751] INFO  impl.RaftServerImpl (RaftServerImpl.java:setRole(174)) - 728ea44c-f097-440a-a87e-c27a68d48f14@group-F880E3D0E1B1: changes role from  FOLLOWER to CANDIDATE at term 0 for changeToCandidate
2019-09-26 19:36:07,207 [27cb48db-4b88-4c0c-b213-19f9b2fffaff@group-656C4891FD7A:LeaderElection995] INFO  server.RaftServerConfigKeys (ConfUtils.java:logGet(43)) - raft.server.rpc.sleep.time = 25ms (default)
2019-09-26 19:36:07,207 [728ea44c-f097-440a-a87e-c27a68d48f14@group-CC0AC654280F:LeaderElection974] INFO  impl.RoleInfo (RoleInfo.java:updateAndGet(143)) - 728ea44c-f097-440a-a87e-c27a68d48f14: start LeaderState
2019-09-26 19:36:07,207 [27cb48db-4b88-4c0c-b213-19f9b2fffaff@group-BA9ADC048FEB:LeaderElection989] INFO  server.RaftServerConfigKeys (ConfUtils.java:logGet(43)) - raft.server.staging.catchup.gap = 1000 (default)
2019-09-26 19:36:07,207 [27cb48db-4b88-4c0c-b213-19f9b2fffaff@group-3B1BD1A60D37:LeaderElection1011] INFO  server.RaftServerConfigKeys (ConfUtils.java:logGet(43)) - raft.server.staging.catchup.gap = 1000 (default)
2019-09-26 19:36:07,207 [27cb48db-4b88-4c0c-b213-19f9b2fffaff@group-A260F6F3F135:LeaderElection996] INFO  server.RaftServerConfigKeys (ConfUtils.java:logGet(43)) - raft.server.rpc.sleep.time = 25ms (default)
2019-09-26 19:36:07,207 [27cb48db-4b88-4c0c-b213-19f9b2fffaff@group-53CA1E877E21:LeaderElection992] INFO  server.RaftServerConfigKeys (ConfUtils.java:logGet(43)) - raft.server.write.element-limit = 4096 (default)
2019-09-26 19:36:07,207 [27cb48db-4b88-4c0c-b213-19f9b2fffaff@group-CD5E6EACE70C:LeaderElection991] INFO  server.RaftServerConfigKeys (ConfUtils.java:logGet(43)) - raft.server.staging.catchup.gap = 1000 (default)
2019-09-26 19:36:07,207 [27cb48db-4b88-4c0c-b213-19f9b2fffaff@group-7B2272C14AEF:LeaderElection999] INFO  server.RaftServerConfigKeys (ConfUtils.java:logGet(43)) - raft.server.rpc.sleep.time = 25ms (default)
2019-09-26 19:36:07,206 [27cb48db-4b88-4c0c-b213-19f9b2fffaff@group-E5EC31325CD2:LeaderElection994] INFO  server.RaftServerConfigKeys (ConfUtils.java:logGet(43)) - raft.server.write.element-limit = 4096 (default)
2019-09-26 19:36:07,206 [27cb48db-4b88-4c0c-b213-19f9b2fffaff@group-686B5EE37884:LeaderElection988] INFO  server.RaftServerConfigKeys (ConfUtils.java:logGet(43)) - raft.server.rpc.sleep.time = 25ms (default)
2019-09-26 19:36:07,206 [728ea44c-f097-440a-a87e-c27a68d48f14@group-11D4F4DFACD7-SegmentedRaftLogWorker] INFO  impl.RaftServerImpl (ServerState.java:close(385)) - 728ea44c-f097-440a-a87e-c27a68d48f14@group-11D4F4DFACD7: closes. applyIndex: -1
2019-09-26 19:36:08,126 [27cb48db-4b88-4c0c-b213-19f9b2fffaff@group-686B5EE37884:LeaderElection988] INFO  server.RaftServerConfigKeys (ConfUtils.java:logGet(43)) - raft.server.write.element-limit = 4096 (default)
2019-09-26 19:36:08,126 [27cb48db-4b88-4c0c-b213-19f9b2fffaff@group-E5EC31325CD2:LeaderElection994] INFO  server.RaftServerConfigKeys (ConfUtils.java:logGet(43)) - raft.server.watch.timeout = 10s (default)
2019-09-26 19:36:08,125 [27cb48db-4b88-4c0c-b213-19f9b2fffaff@group-7B2272C14AEF:LeaderElection999] INFO  server.RaftServerConfigKeys (ConfUtils.java:logGet(43)) - raft.server.write.element-limit = 4096 (default)
2019-09-26 19:36:08,125 [27cb48db-4b88-4c0c-b213-19f9b2fffaff@group-CD5E6EACE70C:LeaderElection991] INFO  server.RaftServerConfigKeys (ConfUtils.java:logGet(43)) - raft.server.rpc.sleep.time = 25ms (default)
2019-09-26 19:36:08,125 [27cb48db-4b88-4c0c-b213-19f9b2fffaff@group-53CA1E877E21:LeaderElection992] INFO  server.RaftServerConfigKeys (ConfUtils.java:logGet(43)) - raft.server.watch.timeout = 10s (default)
2019-09-26 19:36:08,126 [27cb48db-4b88-4c0c-b213-19f9b2fffaff@group-53CA1E877E21:LeaderElection992] INFO  server.RaftServerConfigKeys (ConfUtils.java:logGet(43)) - raft.server.watch.timeout.denomination = 1s (default)
2019-09-26 19:36:08,125 [27cb48db-4b88-4c0c-b213-19f9b2fffaff@group-A260F6F3F135:LeaderElection996] INFO  server.RaftServerConfigKeys (ConfUtils.java:logGet(43)) - raft.server.write.element-limit = 4096 (default)
2019-09-26 19:36:08,127 [27cb48db-4b88-4c0c-b213-19f9b2fffaff@group-A260F6F3F135:LeaderElection996] INFO  server.RaftServerConfigKeys (ConfUtils.java:logGet(43)) - raft.server.watch.timeout = 10s (default)
2019-09-26 19:36:08,125 [27cb48db-4b88-4c0c-b213-19f9b2fffaff@group-3B1BD1A60D37:LeaderElection1011] INFO  server.RaftServerConfigKeys (ConfUtils.java:logGet(43)) - raft.server.rpc.sleep.time = 25ms (default)
2019-09-26 19:36:08,125 [27cb48db-4b88-4c0c-b213-19f9b2fffaff@group-BA9ADC048FEB:LeaderElection989] INFO  server.RaftServerConfigKeys (ConfUtils.java:logGet(43)) - raft.server.rpc.sleep.time = 25ms (default)
2019-09-26 19:36:08,125 [728ea44c-f097-440a-a87e-c27a68d48f14@group-CC0AC654280F:LeaderElection974] INFO  segmented.SegmentedRaftLogWorker (SegmentedRaftLogWorker.java:startLogSegment(380)) - 728ea44c-f097-440a-a87e-c27a68d48f14@group-CC0AC654280F-SegmentedRaftLogWorker: Starting segment from index:0
2019-09-26 19:36:08,125 [27cb48db-4b88-4c0c-b213-19f9b2fffaff@group-656C4891FD7A:LeaderElection995] INFO  server.RaftServerConfigKeys (ConfUtils.java:logGet(43)) - raft.server.write.element-limit = 4096 (default)
2019-09-26 19:36:08,125 [Thread-6751] INFO  impl.RoleInfo (RoleInfo.java:updateAndGet(143)) - 728ea44c-f097-440a-a87e-c27a68d48f14: start LeaderElection
2019-09-26 19:36:08,124 [Thread-6733] INFO  impl.RoleInfo (RoleInfo.java:updateAndGet(143)) - 27cb48db-4b88-4c0c-b213-19f9b2fffaff: start LeaderElection
2019-09-26 19:36:08,124 [Thread-6739] INFO  impl.RoleInfo (RoleInfo.java:updateAndGet(143)) - 99aa1396-69c4-4985-9b2a-20430cc4a0a7: start LeaderElection
2019-09-26 19:36:08,124 [Thread-6721] INFO  impl.RoleInfo (RoleInfo.java:updateAndGet(143)) - 99aa1396-69c4-4985-9b2a-20430cc4a0a7: start LeaderElection
2019-09-26 19:36:08,124 [27cb48db-4b88-4c0c-b213-19f9b2fffaff@group-2F3E80AC4EAF-SegmentedRaftLogWorker] INFO  impl.StateMachineUpdater (StateMachineUpdater.java:stopAndJoin(125)) - 27cb48db-4b88-4c0c-b213-19f9b2fffaff@group-2F3E80AC4EAF-StateMachineUpdater: set stopIndex = -1
2019-09-26 19:36:08,124 [27cb48db-4b88-4c0c-b213-19f9b2fffaff@group-604F6EB72B06:LeaderElection1020] INFO  server.RaftServerConfigKeys (ConfUtils.java:logGet(43)) - raft.server.rpc.sleep.time = 25ms (default)
2019-09-26 19:36:08,124 [27cb48db-4b88-4c0c-b213-19f9b2fffaff@group-AD610815A00B:LeaderElection1016] INFO  server.RaftServerConfigKeys (ConfUtils.java:logGet(43)) - raft.server.staging.catchup.gap = 1000 (default)
2019-09-26 19:36:08,123 [27cb48db-4b88-4c0c-b213-19f9b2fffaff@group-269437B58436:LeaderElection1018] INFO  server.RaftServerConfigKeys (ConfUtils.java:logGet(43)) - raft.server.staging.catchup.gap = 1000 (default)
2019-09-26 19:36:08,123 [27cb48db-4b88-4c0c-b213-19f9b2fffaff@group-A59E1FAF9AD8:LeaderElection1023] INFO  impl.RaftServerImpl (ServerState.java:setLeader(253)) - 27cb48db-4b88-4c0c-b213-19f9b2fffaff@group-A59E1FAF9AD8: change Leader from null to 27cb48db-4b88-4c0c-b213-19f9b2fffaff at term 1 for becomeLeader, leader elected after 9365ms
2019-09-26 19:36:08,128 [27cb48db-4b88-4c0c-b213-19f9b2fffaff@group-A59E1FAF9AD8:LeaderElection1023] INFO  server.RaftServerConfigKeys (ConfUtils.java:logGet(43)) - raft.server.staging.catchup.gap = 1000 (default)
2019-09-26 19:36:08,123 [27cb48db-4b88-4c0c-b213-19f9b2fffaff@group-081BA867897B:LeaderElection1014] INFO  server.RaftServerConfigKeys (ConfUtils.java:logGet(43)) - raft.server.staging.catchup.gap = 1000 (default)
2019-09-26 19:36:08,123 [728ea44c-f097-440a-a87e-c27a68d48f14@group-C5D49945B174:LeaderElection1021] INFO  server.RaftServerConfigKeys (ConfUtils.java:logGet(43)) - raft.server.staging.catchup.gap = 1000 (default)
2019-09-26 19:36:08,123 [99aa1396-69c4-4985-9b2a-20430cc4a0a7@group-55CDCD0E7166:LeaderElection1017] INFO  server.RaftServerConfigKeys (ConfUtils.java:logGet(43)) - raft.server.staging.catchup.gap = 1000 (default)
2019-09-26 19:36:08,123 [27cb48db-4b88-4c0c-b213-19f9b2fffaff@group-B1E3039FE9C9-SegmentedRaftLogWorker] INFO  impl.RaftServerImpl (RaftServerImpl.java:lambda$shutdown$3(251)) - 27cb48db-4b88-4c0c-b213-19f9b2fffaff@group-B1E3039FE9C9: shutdown
2019-09-26 19:36:08,123 [99aa1396-69c4-4985-9b2a-20430cc4a0a7@group-FEEB0BA2637C:LeaderElection1022] INFO  impl.RaftServerImpl (ServerState.java:setLeader(253)) - 99aa1396-69c4-4985-9b2a-20430cc4a0a7@group-FEEB0BA2637C: change Leader from null to 99aa1396-69c4-4985-9b2a-20430cc4a0a7 at term 1 for becomeLeader, leader elected after 9518ms
2019-09-26 19:36:08,122 [728ea44c-f097-440a-a87e-c27a68d48f14@group-40C621A7E37E-SegmentedRaftLogWorker] ERROR segmented.SegmentedRaftLogWorker (SegmentedRaftLogWorker.java:run(323)) - 728ea44c-f097-440a-a87e-c27a68d48f14@group-40C621A7E37E-SegmentedRaftLogWorker hit exception
java.lang.OutOfMemoryError: Direct buffer memory
	at java.nio.Bits.reserveMemory(Bits.java:666)
	at java.nio.DirectByteBuffer.<init>(DirectByteBuffer.java:123)
	at java.nio.ByteBuffer.allocateDirect(ByteBuffer.java:311)
	at org.apache.ratis.server.raftlog.segmented.BufferedWriteChannel.<init>(BufferedWriteChannel.java:41)
	at org.apache.ratis.server.raftlog.segmented.SegmentedRaftLogOutputStream.<init>(SegmentedRaftLogOutputStream.java:72)
	at org.apache.ratis.server.raftlog.segmented.SegmentedRaftLogWorker$StartLogSegment.execute(SegmentedRaftLogWorker.java:566)
	at org.apache.ratis.server.raftlog.segmented.SegmentedRaftLogWorker.run(SegmentedRaftLogWorker.java:289)
	at java.lang.Thread.run(Thread.java:748)
2019-09-26 19:36:08,129 [728ea44c-f097-440a-a87e-c27a68d48f14@group-40C621A7E37E-SegmentedRaftLogWorker] INFO  impl.RaftServerImpl (RaftServerImpl.java:lambda$shutdown$3(251)) - 728ea44c-f097-440a-a87e-c27a68d48f14@group-40C621A7E37E: shutdown
2019-09-26 19:36:08,122 [728ea44c-f097-440a-a87e-c27a68d48f14@group-FC289A8C3177:LeaderElection1015] INFO  server.RaftServerConfigKeys (ConfUtils.java:logGet(43)) - raft.server.write.element-limit = 4096 (default)
2019-09-26 19:36:08,122 [27cb48db-4b88-4c0c-b213-19f9b2fffaff@group-65EB277B690C:LeaderElection1019] INFO  server.RaftServerConfigKeys (ConfUtils.java:logGet(43)) - raft.server.rpc.sleep.time = 25ms (default)
2019-09-26 19:36:08,122 [27cb48db-4b88-4c0c-b213-19f9b2fffaff@group-DC07AB1829D3-SegmentedRaftLogWorker] INFO  impl.RaftServerImpl (ServerState.java:close(385)) - 27cb48db-4b88-4c0c-b213-19f9b2fffaff@group-DC07AB1829D3: closes. applyIndex: -1
2019-09-26 19:36:08,122 [pool-261-thread-1] INFO  impl.RaftServerImpl (ServerState.java:<init>(103)) - 27cb48db-4b88-4c0c-b213-19f9b2fffaff@group-5A8A56B7D313: ConfigurationManager, init=-1: [728ea44c-f097-440a-a87e-c27a68d48f14:192.168.151.99:38783, 27cb48db-4b88-4c0c-b213-19f9b2fffaff:192.168.151.99:37457, 99aa1396-69c4-4985-9b2a-20430cc4a0a7:192.168.151.99:40213], old=null, confs=<EMPTY_MAP>
2019-09-26 19:36:08,122 [99aa1396-69c4-4985-9b2a-20430cc4a0a7@group-B36985718576-SegmentedRaftLogWorker] INFO  impl.StateMachineUpdater (StateMachineUpdater.java:stopAndJoin(125)) - 99aa1396-69c4-4985-9b2a-20430cc4a0a7@group-B36985718576-StateMachineUpdater: set stopIndex = -1
2019-09-26 19:36:08,121 [728ea44c-f097-440a-a87e-c27a68d48f14@group-DB3AFAA8F5B8:LeaderElection1025] INFO  impl.RoleInfo (RoleInfo.java:shutdownLeaderElection(134)) - 728ea44c-f097-440a-a87e-c27a68d48f14: shutdown LeaderElection
2019-09-26 19:36:08,130 [728ea44c-f097-440a-a87e-c27a68d48f14@group-DB3AFAA8F5B8:LeaderElection1025] INFO  impl.RaftServerImpl (RaftServerImpl.java:setRole(174)) - 728ea44c-f097-440a-a87e-c27a68d48f14@group-DB3AFAA8F5B8: changes role from CANDIDATE to LEADER at term 1 for changeToLeader
2019-09-26 19:36:08,121 [27cb48db-4b88-4c0c-b213-19f9b2fffaff@group-A6166F251855:LeaderElection1029] INFO  impl.RoleInfo (RoleInfo.java:shutdownLeaderElection(134)) - 27cb48db-4b88-4c0c-b213-19f9b2fffaff: shutdown LeaderElection
2019-09-26 19:36:08,121 [728ea44c-f097-440a-a87e-c27a68d48f14@group-29C734BE2100:LeaderElection1024] INFO  impl.RoleInfo (RoleInfo.java:shutdownLeaderElection(134)) - 728ea44c-f097-440a-a87e-c27a68d48f14: shutdown LeaderElection
2019-09-26 19:36:08,121 [27cb48db-4b88-4c0c-b213-19f9b2fffaff@group-7C23D55C331C:LeaderElection1027] INFO  impl.RaftServerImpl (ServerState.java:setLeader(253)) - 27cb48db-4b88-4c0c-b213-19f9b2fffaff@group-7C23D55C331C: change Leader from null to 27cb48db-4b88-4c0c-b213-19f9b2fffaff at term 1 for becomeLeader, leader elected after 9065ms
2019-09-26 19:36:08,120 [728ea44c-f097-440a-a87e-c27a68d48f14@group-61276961113F:LeaderElection1030] INFO  impl.RoleInfo (RoleInfo.java:shutdownLeaderElection(134)) - 728ea44c-f097-440a-a87e-c27a68d48f14: shutdown LeaderElection
2019-09-26 19:36:08,120 [99aa1396-69c4-4985-9b2a-20430cc4a0a7@group-FBCC5E2B6B47:LeaderElection1028] INFO  impl.RoleInfo (RoleInfo.java:shutdownLeaderElection(134)) - 99aa1396-69c4-4985-9b2a-20430cc4a0a7: shutdown LeaderElection
2019-09-26 19:36:08,120 [27cb48db-4b88-4c0c-b213-19f9b2fffaff@group-9EE6F63F4F99-SegmentedRaftLogWorker] INFO  impl.RaftServerImpl (RaftServerImpl.java:lambda$shutdown$3(251)) - 27cb48db-4b88-4c0c-b213-19f9b2fffaff@group-9EE6F63F4F99: shutdown
2019-09-26 19:36:08,120 [pool-271-thread-1] INFO  server.RaftServerConfigKeys (ConfUtils.java:logGet(43)) - raft.server.notification.no-leader.timeout = 120s (custom)
2019-09-26 19:36:08,119 [27cb48db-4b88-4c0c-b213-19f9b2fffaff@group-F337E4A86832:LeaderElection985] INFO  impl.RaftServerImpl (ServerState.java:setRaftConf(354)) - 27cb48db-4b88-4c0c-b213-19f9b2fffaff@group-F337E4A86832: set configuration 0: [27cb48db-4b88-4c0c-b213-19f9b2fffaff:192.168.151.99:37457], old=null at 0
2019-09-26 19:36:08,119 [pool-281-thread-1] INFO  server.RaftServerConfigKeys (ConfUtils.java:logGet(43)) - raft.server.sleep.deviation.threshold = 300 (default)
2019-09-26 19:36:08,119 [Thread-6787] INFO  impl.RoleInfo (RoleInfo.java:updateAndGet(143)) - 728ea44c-f097-440a-a87e-c27a68d48f14: start LeaderElection
2019-09-26 19:36:08,119 [Thread-6781] INFO  impl.RoleInfo (RoleInfo.java:updateAndGet(143)) - 27cb48db-4b88-4c0c-b213-19f9b2fffaff: start LeaderElection
2019-09-26 19:36:08,118 [Thread-6784] INFO  impl.RoleInfo (RoleInfo.java:updateAndGet(143)) - 99aa1396-69c4-4985-9b2a-20430cc4a0a7: start LeaderElection
2019-09-26 19:36:08,118 [Thread-6799] INFO  impl.RoleInfo (RoleInfo.java:updateAndGet(143)) - 728ea44c-f097-440a-a87e-c27a68d48f14: start LeaderElection
2019-09-26 19:36:08,118 [Thread-6778] INFO  impl.RoleInfo (RoleInfo.java:updateAndGet(143)) - 728ea44c-f097-440a-a87e-c27a68d48f14: start LeaderElection
2019-09-26 19:36:08,118 [27cb48db-4b88-4c0c-b213-19f9b2fffaff@group-4716D0EACE8F-SegmentedRaftLogWorker] INFO  impl.PendingRequests (PendingRequests.java:sendNotLeaderResponses(202)) - 27cb48db-4b88-4c0c-b213-19f9b2fffaff-PendingRequests: sendNotLeaderResponses
2019-09-26 19:36:08,118 [27cb48db-4b88-4c0c-b213-19f9b2fffaff@group-BEB29AE3C17F:LeaderElection981] INFO  segmented.SegmentedRaftLogWorker (SegmentedRaftLogWorker.java:startLogSegment(380)) - 27cb48db-4b88-4c0c-b213-19f9b2fffaff@group-BEB29AE3C17F-SegmentedRaftLogWorker: Starting segment from index:0
2019-09-26 19:36:08,118 [728ea44c-f097-440a-a87e-c27a68d48f14@group-8B20934A7F11:LeaderElection984] INFO  segmented.SegmentedRaftLogWorker (SegmentedRaftLogWorker.java:startLogSegment(380)) - 728ea44c-f097-440a-a87e-c27a68d48f14@group-8B20934A7F11-SegmentedRaftLogWorker: Starting segment from index:0
2019-09-26 19:36:08,117 [27cb48db-4b88-4c0c-b213-19f9b2fffaff@group-8502D39265A6:LeaderElection1005] INFO  server.RaftServerConfigKeys (ConfUtils.java:logGet(43)) - raft.server.rpc.sleep.time = 25ms (default)
2019-09-26 19:36:08,117 [728ea44c-f097-440a-a87e-c27a68d48f14@group-A248398DF8D6:LeaderElection1006] INFO  server.RaftServerConfigKeys (ConfUtils.java:logGet(43)) - raft.server.rpc.sleep.time = 25ms (default)
2019-09-26 19:36:08,117 [27cb48db-4b88-4c0c-b213-19f9b2fffaff@group-D1BA8AE37FD0:LeaderElection1007] INFO  server.RaftServerConfigKeys (ConfUtils.java:logGet(43)) - raft.server.staging.catchup.gap = 1000 (default)
2019-09-26 19:36:08,132 [27cb48db-4b88-4c0c-b213-19f9b2fffaff@group-D1BA8AE37FD0:LeaderElection1007] INFO  server.RaftServerConfigKeys (ConfUtils.java:logGet(43)) - raft.server.rpc.sleep.time = 25ms (default)
2019-09-26 19:36:08,117 [728ea44c-f097-440a-a87e-c27a68d48f14@group-B46C9A7EAD2D:LeaderElection1009] INFO  server.RaftServerConfigKeys (ConfUtils.java:logGet(43)) - raft.server.write.element-limit = 4096 (default)
2019-09-26 19:36:08,117 [99aa1396-69c4-4985-9b2a-20430cc4a0a7@group-119644BB2AD2:LeaderElection1004] INFO  server.RaftServerConfigKeys (ConfUtils.java:logGet(43)) - raft.server.staging.catchup.gap = 1000 (default)
2019-09-26 19:36:08,117 [27cb48db-4b88-4c0c-b213-19f9b2fffaff@group-684BA3C5CC11:LeaderElection1012] INFO  server.RaftServerConfigKeys (ConfUtils.java:logGet(43)) - raft.server.write.element-limit = 4096 (default)
2019-09-26 19:36:08,117 [728ea44c-f097-440a-a87e-c27a68d48f14@group-516E0962CCE3:LeaderElection1000] INFO  server.RaftServerConfigKeys (ConfUtils.java:logGet(43)) - raft.server.staging.catchup.gap = 1000 (default)
2019-09-26 19:36:08,116 [27cb48db-4b88-4c0c-b213-19f9b2fffaff@group-CF122FDC6C03:LeaderElection1008] INFO  server.RaftServerConfigKeys (ConfUtils.java:logGet(43)) - raft.server.rpc.sleep.time = 25ms (default)
2019-09-26 19:36:08,116 [27cb48db-4b88-4c0c-b213-19f9b2fffaff@group-5B13DE4C131A:LeaderElection1010] INFO  server.RaftServerConfigKeys (ConfUtils.java:logGet(43)) - raft.server.staging.catchup.gap = 1000 (default)
2019-09-26 19:36:08,133 [27cb48db-4b88-4c0c-b213-19f9b2fffaff@group-5B13DE4C131A:LeaderElection1010] INFO  server.RaftServerConfigKeys (ConfUtils.java:logGet(43)) - raft.server.rpc.sleep.time = 25ms (default)
2019-09-26 19:36:08,116 [27cb48db-4b88-4c0c-b213-19f9b2fffaff@group-9D764B33AD0C:LeaderElection1003] INFO  server.RaftServerConfigKeys (ConfUtils.java:logGet(43)) - raft.server.rpc.sleep.time = 25ms (default)
2019-09-26 19:36:08,116 [728ea44c-f097-440a-a87e-c27a68d48f14@group-38F2945183E6:LeaderElection1001] INFO  server.RaftServerConfigKeys (ConfUtils.java:logGet(43)) - raft.server.rpc.sleep.time = 25ms (default)
2019-09-26 19:36:08,116 [27cb48db-4b88-4c0c-b213-19f9b2fffaff@group-3731B9264D30:LeaderElection1013] INFO  server.RaftServerConfigKeys (ConfUtils.java:logGet(43)) - raft.server.write.element-limit = 4096 (default)
2019-09-26 19:36:08,116 [99aa1396-69c4-4985-9b2a-20430cc4a0a7@group-BA736CDCA3E4:LeaderElection1002] INFO  server.RaftServerConfigKeys (ConfUtils.java:logGet(43)) - raft.server.write.element-limit = 4096 (default)
2019-09-26 19:36:08,115 [728ea44c-f097-440a-a87e-c27a68d48f14@group-81150C1B35EC:LeaderElection993] INFO  server.RaftServerConfigKeys (ConfUtils.java:logGet(43)) - raft.server.watch.timeout.denomination = 1s (default)
2019-09-26 19:36:08,115 [27cb48db-4b88-4c0c-b213-19f9b2fffaff@group-FEE7AAE57329:LeaderElection987] INFO  segmented.SegmentedRaftLogWorker (SegmentedRaftLogWorker.java:startLogSegment(380)) - 27cb48db-4b88-4c0c-b213-19f9b2fffaff@group-FEE7AAE57329-SegmentedRaftLogWorker: Starting segment from index:0
2019-09-26 19:36:08,115 [728ea44c-f097-440a-a87e-c27a68d48f14@group-CD95CCA6E5DE:LeaderElection986] INFO  impl.RaftServerImpl (ServerState.java:setRaftConf(354)) - 728ea44c-f097-440a-a87e-c27a68d48f14@group-CD95CCA6E5DE: set configuration 0: [728ea44c-f097-440a-a87e-c27a68d48f14:192.168.151.99:38783], old=null at 0
2019-09-26 19:36:08,115 [27cb48db-4b88-4c0c-b213-19f9b2fffaff@group-E18203AECDC0:LeaderElection978] INFO  impl.RoleInfo (RoleInfo.java:updateAndGet(143)) - 27cb48db-4b88-4c0c-b213-19f9b2fffaff: start LeaderState
2019-09-26 19:36:08,115 [27cb48db-4b88-4c0c-b213-19f9b2fffaff@group-9B0E204FFB32:LeaderElection997] INFO  server.RaftServerConfigKeys (ConfUtils.java:logGet(43)) - raft.server.watch.element-limit = 65536 (default)
2019-09-26 19:36:08,115 [27cb48db-4b88-4c0c-b213-19f9b2fffaff@group-2101955D751F:LeaderElection990] INFO  server.RaftServerConfigKeys (ConfUtils.java:logGet(43)) - raft.server.watch.timeout.denomination = 1s (default)
2019-09-26 19:36:08,115 [728ea44c-f097-440a-a87e-c27a68d48f14@group-09E478195B44:LeaderElection998] INFO  server.RaftServerConfigKeys (ConfUtils.java:logGet(43)) - raft.server.watch.timeout = 10s (default)
2019-09-26 19:36:08,115 [27cb48db-4b88-4c0c-b213-19f9b2fffaff@group-B8BD7675E4F6-SegmentedRaftLogWorker] INFO  segmented.SegmentedRaftLogWorker (SegmentedRaftLogWorker.java:close(228)) - 27cb48db-4b88-4c0c-b213-19f9b2fffaff@group-B8BD7675E4F6-SegmentedRaftLogWorker close()
2019-09-26 19:36:08,135 [728ea44c-f097-440a-a87e-c27a68d48f14@group-09E478195B44:LeaderElection998] INFO  server.RaftServerConfigKeys (ConfUtils.java:logGet(43)) - raft.server.watch.timeout.denomination = 1s (default)
2019-09-26 19:36:08,134 [27cb48db-4b88-4c0c-b213-19f9b2fffaff@group-2101955D751F:LeaderElection990] INFO  server.RaftServerConfigKeys (ConfUtils.java:logGet(43)) - raft.server.watch.element-limit = 65536 (default)
2019-09-26 19:36:08,134 [27cb48db-4b88-4c0c-b213-19f9b2fffaff@group-E18203AECDC0:LeaderElection978] INFO  segmented.SegmentedRaftLogWorker (SegmentedRaftLogWorker.java:startLogSegment(380)) - 27cb48db-4b88-4c0c-b213-19f9b2fffaff@group-E18203AECDC0-SegmentedRaftLogWorker: Starting segment from index:0
2019-09-26 19:36:08,134 [27cb48db-4b88-4c0c-b213-19f9b2fffaff@group-FEE7AAE57329:LeaderElection987] INFO  impl.RaftServerImpl (ServerState.java:setRaftConf(354)) - 27cb48db-4b88-4c0c-b213-19f9b2fffaff@group-FEE7AAE57329: set configuration 0: [27cb48db-4b88-4c0c-b213-19f9b2fffaff:192.168.151.99:37457], old=null at 0
2019-09-26 19:36:08,134 [728ea44c-f097-440a-a87e-c27a68d48f14@group-81150C1B35EC:LeaderElection993] INFO  server.RaftServerConfigKeys (ConfUtils.java:logGet(43)) - raft.server.watch.element-limit = 65536 (default)
2019-09-26 19:36:08,134 [99aa1396-69c4-4985-9b2a-20430cc4a0a7@group-BA736CDCA3E4:LeaderElection1002] INFO  server.RaftServerConfigKeys (ConfUtils.java:logGet(43)) - raft.server.watch.timeout = 10s (default)
2019-09-26 19:36:08,134 [27cb48db-4b88-4c0c-b213-19f9b2fffaff@group-3731B9264D30:LeaderElection1013] INFO  server.RaftServerConfigKeys (ConfUtils.java:logGet(43)) - raft.server.watch.timeout = 10s (default)
2019-09-26 19:36:08,133 [728ea44c-f097-440a-a87e-c27a68d48f14@group-38F2945183E6:LeaderElection1001] INFO  server.RaftServerConfigKeys (ConfUtils.java:logGet(43)) - raft.server.write.element-limit = 4096 (default)
2019-09-26 19:36:08,133 [27cb48db-4b88-4c0c-b213-19f9b2fffaff@group-9D764B33AD0C:LeaderElection1003] INFO  server.RaftServerConfigKeys (ConfUtils.java:logGet(43)) - raft.server.write.element-limit = 4096 (default)
2019-09-26 19:36:08,133 [27cb48db-4b88-4c0c-b213-19f9b2fffaff@group-5B13DE4C131A:LeaderElection1010] INFO  server.RaftServerConfigKeys (ConfUtils.java:logGet(43)) - raft.server.write.element-limit = 4096 (default)
2019-09-26 19:36:08,133 [27cb48db-4b88-4c0c-b213-19f9b2fffaff@group-CF122FDC6C03:LeaderElection1008] INFO  server.RaftServerConfigKeys (ConfUtils.java:logGet(43)) - raft.server.write.element-limit = 4096 (default)
2019-09-26 19:36:08,133 [728ea44c-f097-440a-a87e-c27a68d48f14@group-516E0962CCE3:LeaderElection1000] INFO  server.RaftServerConfigKeys (ConfUtils.java:logGet(43)) - raft.server.rpc.sleep.time = 25ms (default)
2019-09-26 19:36:08,133 [27cb48db-4b88-4c0c-b213-19f9b2fffaff@group-684BA3C5CC11:LeaderElection1012] INFO  server.RaftServerConfigKeys (ConfUtils.java:logGet(43)) - raft.server.watch.timeout = 10s (default)
2019-09-26 19:36:08,133 [99aa1396-69c4-4985-9b2a-20430cc4a0a7@group-119644BB2AD2:LeaderElection1004] INFO  server.RaftServerConfigKeys (ConfUtils.java:logGet(43)) - raft.server.rpc.sleep.time = 25ms (default)
2019-09-26 19:36:08,136 [99aa1396-69c4-4985-9b2a-20430cc4a0a7@group-119644BB2AD2:LeaderElection1004] INFO  server.RaftServerConfigKeys (ConfUtils.java:logGet(43)) - raft.server.write.element-limit = 4096 (default)
2019-09-26 19:36:08,133 [728ea44c-f097-440a-a87e-c27a68d48f14@group-B46C9A7EAD2D:LeaderElection1009] INFO  server.RaftServerConfigKeys (ConfUtils.java:logGet(43)) - raft.server.watch.timeout = 10s (default)
2019-09-26 19:36:08,132 [27cb48db-4b88-4c0c-b213-19f9b2fffaff@group-D1BA8AE37FD0:LeaderElection1007] INFO  server.RaftServerConfigKeys (ConfUtils.java:logGet(43)) - raft.server.write.element-limit = 4096 (default)
2019-09-26 19:36:08,132 [728ea44c-f097-440a-a87e-c27a68d48f14@group-A248398DF8D6:LeaderElection1006] INFO  server.RaftServerConfigKeys (ConfUtils.java:logGet(43)) - raft.server.write.element-limit = 4096 (default)
2019-09-26 19:36:08,132 [728ea44c-f097-440a-a87e-c27a68d48f14@group-8B20934A7F11:LeaderElection984] INFO  impl.RaftServerImpl (ServerState.java:setRaftConf(354)) - 728ea44c-f097-440a-a87e-c27a68d48f14@group-8B20934A7F11: set configuration 0: [728ea44c-f097-440a-a87e-c27a68d48f14:192.168.151.99:38783], old=null at 0
2019-09-26 19:36:08,132 [27cb48db-4b88-4c0c-b213-19f9b2fffaff@group-8502D39265A6:LeaderElection1005] INFO  server.RaftServerConfigKeys (ConfUtils.java:logGet(43)) - raft.server.write.element-limit = 4096 (default)
2019-09-26 19:36:08,132 [27cb48db-4b88-4c0c-b213-19f9b2fffaff@group-4716D0EACE8F-SegmentedRaftLogWorker] INFO  impl.StateMachineUpdater (StateMachineUpdater.java:stopAndJoin(125)) - 27cb48db-4b88-4c0c-b213-19f9b2fffaff@group-4716D0EACE8F-StateMachineUpdater: set stopIndex = -1
2019-09-26 19:36:08,131 [pool-281-thread-1] INFO  server.RaftServerConfigKeys (ConfUtils.java:logGet(43)) - raft.server.log.appender.install.snapshot.enabled = false (custom)
2019-09-26 19:36:08,131 [pool-271-thread-1] INFO  server.RaftServerConfigKeys (ConfUtils.java:logGet(43)) - raft.server.log.use.memory = false (default)
2019-09-26 19:36:08,131 [99aa1396-69c4-4985-9b2a-20430cc4a0a7@group-FBCC5E2B6B47:LeaderElection1028] INFO  impl.RaftServerImpl (RaftServerImpl.java:setRole(174)) - 99aa1396-69c4-4985-9b2a-20430cc4a0a7@group-FBCC5E2B6B47: changes role from CANDIDATE to LEADER at term 1 for changeToLeader
2019-09-26 19:36:08,131 [728ea44c-f097-440a-a87e-c27a68d48f14@group-61276961113F:LeaderElection1030] INFO  impl.RaftServerImpl (RaftServerImpl.java:setRole(174)) - 728ea44c-f097-440a-a87e-c27a68d48f14@group-61276961113F: changes role from CANDIDATE to LEADER at term 1 for changeToLeader
2019-09-26 19:36:08,130 [27cb48db-4b88-4c0c-b213-19f9b2fffaff@group-7C23D55C331C:LeaderElection1027] INFO  server.RaftServerConfigKeys (ConfUtils.java:logGet(43)) - raft.server.staging.catchup.gap = 1000 (default)
2019-09-26 19:36:08,130 [728ea44c-f097-440a-a87e-c27a68d48f14@group-29C734BE2100:LeaderElection1024] INFO  impl.RaftServerImpl (RaftServerImpl.java:setRole(174)) - 728ea44c-f097-440a-a87e-c27a68d48f14@group-29C734BE2100: changes role from CANDIDATE to LEADER at term 1 for changeToLeader
2019-09-26 19:36:08,130 [27cb48db-4b88-4c0c-b213-19f9b2fffaff@group-A6166F251855:LeaderElection1029] INFO  impl.RaftServerImpl (RaftServerImpl.java:setRole(174)) - 27cb48db-4b88-4c0c-b213-19f9b2fffaff@group-A6166F251855: changes role from CANDIDATE to LEADER at term 1 for changeToLeader
2019-09-26 19:36:08,130 [728ea44c-f097-440a-a87e-c27a68d48f14@group-DB3AFAA8F5B8:LeaderElection1025] INFO  impl.RaftServerImpl (ServerState.java:setLeader(253)) - 728ea44c-f097-440a-a87e-c27a68d48f14@group-DB3AFAA8F5B8: change Leader from null to 728ea44c-f097-440a-a87e-c27a68d48f14 at term 1 for becomeLeader, leader elected after 8969ms
2019-09-26 19:36:08,130 [99aa1396-69c4-4985-9b2a-20430cc4a0a7@group-B36985718576-SegmentedRaftLogWorker] INFO  impl.RaftServerImpl (ServerState.java:close(385)) - 99aa1396-69c4-4985-9b2a-20430cc4a0a7@group-B36985718576: closes. applyIndex: -1
2019-09-26 19:36:08,130 [pool-261-thread-1] INFO  server.RaftServerConfigKeys (ConfUtils.java:logGet(43)) - raft.server.storage.dir = [/workdir/hadoop-ozone/integration-test/target/test-dir/MiniOzoneClusterImpl-2f79a7d3-d7ae-4963-8370-12bb1e2132d7/datanode-0/data/ratis] (custom)
2019-09-26 19:36:08,130 [27cb48db-4b88-4c0c-b213-19f9b2fffaff@group-DC07AB1829D3-SegmentedRaftLogWorker] INFO  segmented.SegmentedRaftLogWorker (SegmentedRaftLogWorker.java:close(228)) - 27cb48db-4b88-4c0c-b213-19f9b2fffaff@group-DC07AB1829D3-SegmentedRaftLogWorker close()
2019-09-26 19:36:08,130 [27cb48db-4b88-4c0c-b213-19f9b2fffaff@group-65EB277B690C:LeaderElection1019] INFO  server.RaftServerConfigKeys (ConfUtils.java:logGet(43)) - raft.server.write.element-limit = 4096 (default)
2019-09-26 19:36:08,130 [728ea44c-f097-440a-a87e-c27a68d48f14@group-FC289A8C3177:LeaderElection1015] INFO  server.RaftServerConfigKeys (ConfUtils.java:logGet(43)) - raft.server.watch.timeout = 10s (default)
2019-09-26 19:36:08,129 [99aa1396-69c4-4985-9b2a-20430cc4a0a7@group-FEEB0BA2637C:LeaderElection1022] INFO  server.RaftServerConfigKeys (ConfUtils.java:logGet(43)) - raft.server.staging.catchup.gap = 1000 (default)
2019-09-26 19:36:08,129 [99aa1396-69c4-4985-9b2a-20430cc4a0a7@group-55CDCD0E7166:LeaderElection1017] INFO  server.RaftServerConfigKeys (ConfUtils.java:logGet(43)) - raft.server.rpc.sleep.time = 25ms (default)
2019-09-26 19:36:08,129 [728ea44c-f097-440a-a87e-c27a68d48f14@group-C5D49945B174:LeaderElection1021] INFO  server.RaftServerConfigKeys (ConfUtils.java:logGet(43)) - raft.server.rpc.sleep.time = 25ms (default)
2019-09-26 19:36:08,129 [27cb48db-4b88-4c0c-b213-19f9b2fffaff@group-081BA867897B:LeaderElection1014] INFO  server.RaftServerConfigKeys (ConfUtils.java:logGet(43)) - raft.server.rpc.sleep.time = 25ms (default)
2019-09-26 19:36:08,129 [27cb48db-4b88-4c0c-b213-19f9b2fffaff@group-A59E1FAF9AD8:LeaderElection1023] INFO  server.RaftServerConfigKeys (ConfUtils.java:logGet(43)) - raft.server.rpc.sleep.time = 25ms (default)
2019-09-26 19:36:08,128 [27cb48db-4b88-4c0c-b213-19f9b2fffaff@group-269437B58436:LeaderElection1018] INFO  server.RaftServerConfigKeys (ConfUtils.java:logGet(43)) - raft.server.rpc.sleep.time = 25ms (default)
2019-09-26 19:36:08,128 [27cb48db-4b88-4c0c-b213-19f9b2fffaff@group-AD610815A00B:LeaderElection1016] INFO  server.RaftServerConfigKeys (ConfUtils.java:logGet(43)) - raft.server.rpc.sleep.time = 25ms (default)
2019-09-26 19:36:08,128 [27cb48db-4b88-4c0c-b213-19f9b2fffaff@group-604F6EB72B06:LeaderElection1020] INFO  server.RaftServerConfigKeys (ConfUtils.java:logGet(43)) - raft.server.write.element-limit = 4096 (default)
2019-09-26 19:36:08,128 [27cb48db-4b88-4c0c-b213-19f9b2fffaff@group-2F3E80AC4EAF-SegmentedRaftLogWorker] INFO  impl.RaftServerImpl (ServerState.java:close(385)) - 27cb48db-4b88-4c0c-b213-19f9b2fffaff@group-2F3E80AC4EAF: closes. applyIndex: -1
2019-09-26 19:36:08,128 [728ea44c-f097-440a-a87e-c27a68d48f14@group-CC0AC654280F:LeaderElection974] INFO  impl.RaftServerImpl (ServerState.java:setRaftConf(354)) - 728ea44c-f097-440a-a87e-c27a68d48f14@group-CC0AC654280F: set configuration 0: [728ea44c-f097-440a-a87e-c27a68d48f14:192.168.151.99:38783], old=null at 0
2019-09-26 19:36:08,661 [27cb48db-4b88-4c0c-b213-19f9b2fffaff@group-2F3E80AC4EAF-SegmentedRaftLogWorker] INFO  segmented.SegmentedRaftLogWorker (SegmentedRaftLogWorker.java:close(228)) - 27cb48db-4b88-4c0c-b213-19f9b2fffaff@group-2F3E80AC4EAF-SegmentedRaftLogWorker close()
2019-09-26 19:36:08,127 [27cb48db-4b88-4c0c-b213-19f9b2fffaff@group-656C4891FD7A:LeaderElection995] INFO  server.RaftServerConfigKeys (ConfUtils.java:logGet(43)) - raft.server.watch.timeout = 10s (default)
2019-09-26 19:36:08,127 [27cb48db-4b88-4c0c-b213-19f9b2fffaff@group-BA9ADC048FEB:LeaderElection989] INFO  server.RaftServerConfigKeys (ConfUtils.java:logGet(43)) - raft.server.write.element-limit = 4096 (default)
2019-09-26 19:36:08,677 [27cb48db-4b88-4c0c-b213-19f9b2fffaff@group-BA9ADC048FEB:LeaderElection989] INFO  server.RaftServerConfigKeys (ConfUtils.java:logGet(43)) - raft.server.watch.timeout = 10s (default)
2019-09-26 19:36:08,127 [27cb48db-4b88-4c0c-b213-19f9b2fffaff@group-3B1BD1A60D37:LeaderElection1011] INFO  server.RaftServerConfigKeys (ConfUtils.java:logGet(43)) - raft.server.write.element-limit = 4096 (default)
2019-09-26 19:36:08,127 [27cb48db-4b88-4c0c-b213-19f9b2fffaff@group-A260F6F3F135:LeaderElection996] INFO  server.RaftServerConfigKeys (ConfUtils.java:logGet(43)) - raft.server.watch.timeout.denomination = 1s (default)
2019-09-26 19:36:08,127 [27cb48db-4b88-4c0c-b213-19f9b2fffaff@group-53CA1E877E21:LeaderElection992] INFO  server.RaftServerConfigKeys (ConfUtils.java:logGet(43)) - raft.server.watch.element-limit = 65536 (default)
2019-09-26 19:36:08,126 [27cb48db-4b88-4c0c-b213-19f9b2fffaff@group-CD5E6EACE70C:LeaderElection991] INFO  server.RaftServerConfigKeys (ConfUtils.java:logGet(43)) - raft.server.write.element-limit = 4096 (default)
2019-09-26 19:36:12,245 [Thread-6986] WARN  util.JavaUtils (JavaUtils.java:sleep(250)) - Unexpected long sleep: sleep(5178ms) actually took 6953ms which is over the threshold 300ms
2019-09-26 19:36:08,126 [27cb48db-4b88-4c0c-b213-19f9b2fffaff@group-7B2272C14AEF:LeaderElection999] INFO  server.RaftServerConfigKeys (ConfUtils.java:logGet(43)) - raft.server.watch.timeout = 10s (default)
2019-09-26 19:36:08,126 [27cb48db-4b88-4c0c-b213-19f9b2fffaff@group-E5EC31325CD2:LeaderElection994] INFO  server.RaftServerConfigKeys (ConfUtils.java:logGet(43)) - raft.server.watch.timeout.denomination = 1s (default)
2019-09-26 19:36:08,126 [27cb48db-4b88-4c0c-b213-19f9b2fffaff@group-686B5EE37884:LeaderElection988] INFO  server.RaftServerConfigKeys (ConfUtils.java:logGet(43)) - raft.server.watch.timeout = 10s (default)
2019-09-26 19:36:08,126 [728ea44c-f097-440a-a87e-c27a68d48f14@group-11D4F4DFACD7-SegmentedRaftLogWorker] INFO  segmented.SegmentedRaftLogWorker (SegmentedRaftLogWorker.java:close(228)) - 728ea44c-f097-440a-a87e-c27a68d48f14@group-11D4F4DFACD7-SegmentedRaftLogWorker close()
2019-09-26 19:36:12,246 [27cb48db-4b88-4c0c-b213-19f9b2fffaff@group-686B5EE37884:LeaderElection988] INFO  server.RaftServerConfigKeys (ConfUtils.java:logGet(43)) - raft.server.watch.timeout.denomination = 1s (default)
2019-09-26 19:36:12,246 [27cb48db-4b88-4c0c-b213-19f9b2fffaff@group-E5EC31325CD2:LeaderElection994] INFO  server.RaftServerConfigKeys (ConfUtils.java:logGet(43)) - raft.server.watch.element-limit = 65536 (default)
2019-09-26 19:36:12,245 [27cb48db-4b88-4c0c-b213-19f9b2fffaff@group-7B2272C14AEF:LeaderElection999] INFO  server.RaftServerConfigKeys (ConfUtils.java:logGet(43)) - raft.server.watch.timeout.denomination = 1s (default)
2019-09-26 19:36:12,245 [Thread-6730] INFO  impl.FollowerState (FollowerState.java:run(106)) - 728ea44c-f097-440a-a87e-c27a68d48f14:group-6645935B50E3 changes to CANDIDATE, lastRpcTime:16522, electionTimeout:5053ms
2019-09-26 19:36:12,245 [Thread-6999] WARN  util.JavaUtils (JavaUtils.java:sleep(250)) - Unexpected long sleep: sleep(5008ms) actually took 6953ms which is over the threshold 300ms
2019-09-26 19:36:12,245 [Thread-6993] WARN  util.JavaUtils (JavaUtils.java:sleep(250)) - Unexpected long sleep: sleep(5055ms) actually took 6953ms which is over the threshold 300ms
2019-09-26 19:36:12,245 [Thread-7008] WARN  util.JavaUtils (JavaUtils.java:sleep(250)) - Unexpected long sleep: sleep(5042ms) actually took 6952ms which is over the threshold 300ms
2019-09-26 19:36:12,245 [Thread-6978] WARN  util.JavaUtils (JavaUtils.java:sleep(250)) - Unexpected long sleep: sleep(5091ms) actually took 6953ms which is over the threshold 300ms
2019-09-26 19:36:12,245 [27cb48db-4b88-4c0c-b213-19f9b2fffaff@group-CD5E6EACE70C:LeaderElection991] INFO  server.RaftServerConfigKeys (ConfUtils.java:logGet(43)) - raft.server.watch.timeout = 10s (default)
2019-09-26 19:36:12,245 [Thread-7005] WARN  util.JavaUtils (JavaUtils.java:sleep(250)) - Unexpected long sleep: sleep(5192ms) actually took 6952ms which is over the threshold 300ms
2019-09-26 19:36:12,245 [Thread-7063] WARN  util.JavaUtils (JavaUtils.java:sleep(250)) - Unexpected long sleep: sleep(5031ms) actually took 6211ms which is over the threshold 300ms
2019-09-26 19:36:12,245 [Thread-7050] WARN  util.JavaUtils (JavaUtils.java:sleep(250)) - Unexpected long sleep: sleep(5053ms) actually took 6211ms which is over the threshold 300ms
2019-09-26 19:36:12,245 [Thread-7057] WARN  util.JavaUtils (JavaUtils.java:sleep(250)) - Unexpected long sleep: sleep(5057ms) actually took 6211ms which is over the threshold 300ms
2019-09-26 19:36:12,245 [Thread-7041] WARN  util.JavaUtils (JavaUtils.java:sleep(250)) - Unexpected long sleep: sleep(5102ms) actually took 6211ms which is over the threshold 300ms
2019-09-26 19:36:12,245 [27cb48db-4b88-4c0c-b213-19f9b2fffaff@group-A260F6F3F135:LeaderElection996] INFO  server.RaftServerConfigKeys (ConfUtils.java:logGet(43)) - raft.server.watch.element-limit = 65536 (default)
2019-09-26 19:36:12,245 [Thread-7060] WARN  util.JavaUtils (JavaUtils.java:sleep(250)) - Unexpected long sleep: sleep(5194ms) actually took 6211ms which is over the threshold 300ms
2019-09-26 19:36:12,244 [27cb48db-4b88-4c0c-b213-19f9b2fffaff@group-3B1BD1A60D37:LeaderElection1011] INFO  server.RaftServerConfigKeys (ConfUtils.java:logGet(43)) - raft.server.watch.timeout = 10s (default)
2019-09-26 19:36:12,241 [27cb48db-4b88-4c0c-b213-19f9b2fffaff@group-2FE92788FEB6:LeaderElection1056] INFO  impl.LeaderElection (LeaderElection.java:askForVotes(182)) - 27cb48db-4b88-4c0c-b213-19f9b2fffaff@group-2FE92788FEB6:LeaderElection1056: begin an election at term 1 for -1: [27cb48db-4b88-4c0c-b213-19f9b2fffaff:192.168.151.99:37457], old=null
2019-09-26 19:36:12,240 [728ea44c-f097-440a-a87e-c27a68d48f14@group-5F924A8F8ADB:LeaderElection1049] INFO  impl.LeaderElection (LeaderElection.java:askForVotes(182)) - 728ea44c-f097-440a-a87e-c27a68d48f14@group-5F924A8F8ADB:LeaderElection1049: begin an election at term 1 for -1: [728ea44c-f097-440a-a87e-c27a68d48f14:192.168.151.99:38783], old=null
2019-09-26 19:36:12,240 [27cb48db-4b88-4c0c-b213-19f9b2fffaff@group-29622162AE5F:LeaderElection1053] INFO  impl.LeaderElection (LeaderElection.java:askForVotes(182)) - 27cb48db-4b88-4c0c-b213-19f9b2fffaff@group-29622162AE5F:LeaderElection1053: begin an election at term 1 for -1: [27cb48db-4b88-4c0c-b213-19f9b2fffaff:192.168.151.99:37457], old=null
2019-09-26 19:36:12,240 [728ea44c-f097-440a-a87e-c27a68d48f14@group-BB69EB22B37E:LeaderElection1050] INFO  impl.LeaderElection (LeaderElection.java:askForVotes(182)) - 728ea44c-f097-440a-a87e-c27a68d48f14@group-BB69EB22B37E:LeaderElection1050: begin an election at term 1 for -1: [728ea44c-f097-440a-a87e-c27a68d48f14:192.168.151.99:38783], old=null
2019-09-26 19:36:12,275 [728ea44c-f097-440a-a87e-c27a68d48f14@group-BB69EB22B37E:LeaderElection1050] INFO  impl.RoleInfo (RoleInfo.java:shutdownLeaderElection(134)) - 728ea44c-f097-440a-a87e-c27a68d48f14: shutdown LeaderElection
2019-09-26 19:36:12,221 [Thread-6742] INFO  impl.FollowerState (FollowerState.java:run(106)) - 27cb48db-4b88-4c0c-b213-19f9b2fffaff:group-382D4C860C58 changes to CANDIDATE, lastRpcTime:16375, electionTimeout:5029ms
2019-09-26 19:36:09,196 [728ea44c-f097-440a-a87e-c27a68d48f14@group-A3FDED93FB37-SegmentedRaftLogWorker] ERROR segmented.SegmentedRaftLogWorker (SegmentedRaftLogWorker.java:run(323)) - 728ea44c-f097-440a-a87e-c27a68d48f14@group-A3FDED93FB37-SegmentedRaftLogWorker hit exception
java.lang.OutOfMemoryError: Direct buffer memory
	at java.nio.Bits.reserveMemory(Bits.java:666)
	at java.nio.DirectByteBuffer.<init>(DirectByteBuffer.java:123)
	at java.nio.ByteBuffer.allocateDirect(ByteBuffer.java:311)
	at org.apache.ratis.server.raftlog.segmented.BufferedWriteChannel.<init>(BufferedWriteChannel.java:41)
	at org.apache.ratis.server.raftlog.segmented.SegmentedRaftLogOutputStream.<init>(SegmentedRaftLogOutputStream.java:72)
	at org.apache.ratis.server.raftlog.segmented.SegmentedRaftLogWorker$StartLogSegment.execute(SegmentedRaftLogWorker.java:566)
	at org.apache.ratis.server.raftlog.segmented.SegmentedRaftLogWorker.run(SegmentedRaftLogWorker.java:289)
	at java.lang.Thread.run(Thread.java:748)
2019-09-26 19:36:12,276 [728ea44c-f097-440a-a87e-c27a68d48f14@group-A3FDED93FB37-SegmentedRaftLogWorker] INFO  impl.RaftServerImpl (RaftServerImpl.java:lambda$shutdown$3(251)) - 728ea44c-f097-440a-a87e-c27a68d48f14@group-A3FDED93FB37: shutdown
2019-09-26 19:36:09,196 [Thread-6932] WARN  util.JavaUtils (JavaUtils.java:sleep(250)) - Unexpected long sleep: sleep(5047ms) actually took 5362ms which is over the threshold 300ms
2019-09-26 19:36:09,193 [Thread-6917] INFO  impl.FollowerState (FollowerState.java:run(106)) - 728ea44c-f097-440a-a87e-c27a68d48f14:group-D1445E9B394A changes to CANDIDATE, lastRpcTime:10833, electionTimeout:5110ms
2019-09-26 19:36:09,193 [Thread-6904] INFO  impl.FollowerState (FollowerState.java:run(106)) - 27cb48db-4b88-4c0c-b213-19f9b2fffaff:group-7EC36DED298A changes to CANDIDATE, lastRpcTime:10945, electionTimeout:5114ms
2019-09-26 19:36:09,192 [Thread-6898] INFO  impl.FollowerState (FollowerState.java:run(106)) - 728ea44c-f097-440a-a87e-c27a68d48f14:group-AF87B132B664 changes to CANDIDATE, lastRpcTime:10980, electionTimeout:5116ms
2019-09-26 19:36:09,191 [Thread-6925] INFO  impl.FollowerState (FollowerState.java:run(106)) - 27cb48db-4b88-4c0c-b213-19f9b2fffaff:group-0E7151963C0C changes to CANDIDATE, lastRpcTime:10755, electionTimeout:5139ms
2019-09-26 19:36:09,191 [Thread-6922] INFO  impl.FollowerState (FollowerState.java:run(106)) - 728ea44c-f097-440a-a87e-c27a68d48f14:group-AA65AE2DB801 changes to CANDIDATE, lastRpcTime:10782, electionTimeout:5143ms
2019-09-26 19:36:12,276 [Thread-6898] INFO  impl.RoleInfo (RoleInfo.java:shutdownFollowerState(121)) - 728ea44c-f097-440a-a87e-c27a68d48f14: shutdown FollowerState
2019-09-26 19:36:12,276 [Thread-6925] INFO  impl.RoleInfo (RoleInfo.java:shutdownFollowerState(121)) - 27cb48db-4b88-4c0c-b213-19f9b2fffaff: shutdown FollowerState
2019-09-26 19:36:09,190 [Thread-6911] INFO  impl.FollowerState (FollowerState.java:run(106)) - 27cb48db-4b88-4c0c-b213-19f9b2fffaff:group-88A4DF62043E changes to CANDIDATE, lastRpcTime:10869, electionTimeout:5154ms
2019-09-26 19:36:08,677 [27cb48db-4b88-4c0c-b213-19f9b2fffaff@group-BA9ADC048FEB:LeaderElection989] INFO  server.RaftServerConfigKeys (ConfUtils.java:logGet(43)) - raft.server.watch.timeout.denomination = 1s (default)
2019-09-26 19:36:08,677 [27cb48db-4b88-4c0c-b213-19f9b2fffaff@group-656C4891FD7A:LeaderElection995] INFO  server.RaftServerConfigKeys (ConfUtils.java:logGet(43)) - raft.server.watch.timeout.denomination = 1s (default)
2019-09-26 19:36:08,676 [27cb48db-4b88-4c0c-b213-19f9b2fffaff@group-BEB29AE3C17F:LeaderElection981] INFO  impl.RaftServerImpl (ServerState.java:setRaftConf(354)) - 27cb48db-4b88-4c0c-b213-19f9b2fffaff@group-BEB29AE3C17F: set configuration 0: [27cb48db-4b88-4c0c-b213-19f9b2fffaff:192.168.151.99:37457], old=null at 0
2019-09-26 19:36:08,676 [99aa1396-69c4-4985-9b2a-20430cc4a0a7@group-55CDCD0E7166:LeaderElection1017] INFO  server.RaftServerConfigKeys (ConfUtils.java:logGet(43)) - raft.server.write.element-limit = 4096 (default)
2019-09-26 19:36:08,675 [728ea44c-f097-440a-a87e-c27a68d48f14@group-C5D49945B174:LeaderElection1021] INFO  server.RaftServerConfigKeys (ConfUtils.java:logGet(43)) - raft.server.write.element-limit = 4096 (default)
2019-09-26 19:36:08,675 [27cb48db-4b88-4c0c-b213-19f9b2fffaff@group-A59E1FAF9AD8:LeaderElection1023] INFO  server.RaftServerConfigKeys (ConfUtils.java:logGet(43)) - raft.server.write.element-limit = 4096 (default)
2019-09-26 19:36:08,675 [99aa1396-69c4-4985-9b2a-20430cc4a0a7@group-FB63D571C0D2:LeaderElection971] INFO  impl.RaftServerImpl (ServerState.java:setRaftConf(354)) - 99aa1396-69c4-4985-9b2a-20430cc4a0a7@group-FB63D571C0D2: set configuration 0: [99aa1396-69c4-4985-9b2a-20430cc4a0a7:192.168.151.99:40213], old=null at 0
2019-09-26 19:36:08,675 [27cb48db-4b88-4c0c-b213-19f9b2fffaff@group-269437B58436:LeaderElection1018] INFO  server.RaftServerConfigKeys (ConfUtils.java:logGet(43)) - raft.server.write.element-limit = 4096 (default)
2019-09-26 19:36:08,661 [pool-261-thread-1] INFO  storage.RaftStorageDirectory (RaftStorageDirectory.java:analyzeStorage(246)) - The storage directory /workdir/hadoop-ozone/integration-test/target/test-dir/MiniOzoneClusterImpl-2f79a7d3-d7ae-4963-8370-12bb1e2132d7/datanode-0/data/ratis/56d3ef1b-bb39-4f9b-8fd2-5a8a56b7d313 does not exist. Creating ...
2019-09-26 19:36:08,660 [27cb48db-4b88-4c0c-b213-19f9b2fffaff@group-604F6EB72B06:LeaderElection1020] INFO  server.RaftServerConfigKeys (ConfUtils.java:logGet(43)) - raft.server.watch.timeout = 10s (default)
2019-09-26 19:36:08,660 [27cb48db-4b88-4c0c-b213-19f9b2fffaff@group-AD610815A00B:LeaderElection1016] INFO  server.RaftServerConfigKeys (ConfUtils.java:logGet(43)) - raft.server.write.element-limit = 4096 (default)
2019-09-26 19:36:08,659 [27cb48db-4b88-4c0c-b213-19f9b2fffaff@group-4BF804B3BA25:LeaderElection1045] INFO  impl.LeaderElection (LeaderElection.java:askForVotes(182)) - 27cb48db-4b88-4c0c-b213-19f9b2fffaff@group-4BF804B3BA25:LeaderElection1045: begin an election at term 1 for -1: [27cb48db-4b88-4c0c-b213-19f9b2fffaff:192.168.151.99:37457], old=null
2019-09-26 19:36:08,657 [728ea44c-f097-440a-a87e-c27a68d48f14@group-16EAEE30D2AE:LeaderElection1032] INFO  impl.LeaderElection (LeaderElection.java:askForVotes(182)) - 728ea44c-f097-440a-a87e-c27a68d48f14@group-16EAEE30D2AE:LeaderElection1032: begin an election at term 1 for -1: [728ea44c-f097-440a-a87e-c27a68d48f14:192.168.151.99:38783], old=null
2019-09-26 19:36:12,278 [728ea44c-f097-440a-a87e-c27a68d48f14@group-16EAEE30D2AE:LeaderElection1032] INFO  impl.RoleInfo (RoleInfo.java:shutdownLeaderElection(134)) - 728ea44c-f097-440a-a87e-c27a68d48f14: shutdown LeaderElection
2019-09-26 19:36:08,656 [27cb48db-4b88-4c0c-b213-19f9b2fffaff@group-5C41B557C8F0:LeaderElection1034] INFO  impl.LeaderElection (LeaderElection.java:askForVotes(182)) - 27cb48db-4b88-4c0c-b213-19f9b2fffaff@group-5C41B557C8F0:LeaderElection1034: begin an election at term 1 for -1: [27cb48db-4b88-4c0c-b213-19f9b2fffaff:192.168.151.99:37457], old=null
2019-09-26 19:36:08,656 [99aa1396-69c4-4985-9b2a-20430cc4a0a7@group-8FC43B8E249F:LeaderElection1052] INFO  impl.LeaderElection (LeaderElection.java:askForVotes(182)) - 99aa1396-69c4-4985-9b2a-20430cc4a0a7@group-8FC43B8E249F:LeaderElection1052: begin an election at term 1 for -1: [99aa1396-69c4-4985-9b2a-20430cc4a0a7:192.168.151.99:40213], old=null
2019-09-26 19:36:12,278 [99aa1396-69c4-4985-9b2a-20430cc4a0a7@group-8FC43B8E249F:LeaderElection1052] INFO  impl.RoleInfo (RoleInfo.java:shutdownLeaderElection(134)) - 99aa1396-69c4-4985-9b2a-20430cc4a0a7: shutdown LeaderElection
2019-09-26 19:36:08,656 [27cb48db-4b88-4c0c-b213-19f9b2fffaff@group-4286E730C784:LeaderElection1040] INFO  impl.LeaderElection (LeaderElection.java:askForVotes(182)) - 27cb48db-4b88-4c0c-b213-19f9b2fffaff@group-4286E730C784:LeaderElection1040: begin an election at term 1 for -1: [27cb48db-4b88-4c0c-b213-19f9b2fffaff:192.168.151.99:37457], old=null
2019-09-26 19:36:08,656 [27cb48db-4b88-4c0c-b213-19f9b2fffaff@group-8258851FBC6A:LeaderElection1031] INFO  impl.LeaderElection (LeaderElection.java:askForVotes(182)) - 27cb48db-4b88-4c0c-b213-19f9b2fffaff@group-8258851FBC6A:LeaderElection1031: begin an election at term 1 for -1: [27cb48db-4b88-4c0c-b213-19f9b2fffaff:192.168.151.99:37457], old=null
2019-09-26 19:36:08,656 [27cb48db-4b88-4c0c-b213-19f9b2fffaff@group-7EAA5414454D:LeaderElection1033] INFO  impl.LeaderElection (LeaderElection.java:askForVotes(182)) - 27cb48db-4b88-4c0c-b213-19f9b2fffaff@group-7EAA5414454D:LeaderElection1033: begin an election at term 1 for -1: [27cb48db-4b88-4c0c-b213-19f9b2fffaff:192.168.151.99:37457], old=null
2019-09-26 19:36:08,656 [27cb48db-4b88-4c0c-b213-19f9b2fffaff@group-6067988DFF8F:LeaderElection1039] INFO  impl.LeaderElection (LeaderElection.java:askForVotes(182)) - 27cb48db-4b88-4c0c-b213-19f9b2fffaff@group-6067988DFF8F:LeaderElection1039: begin an election at term 1 for -1: [27cb48db-4b88-4c0c-b213-19f9b2fffaff:192.168.151.99:37457], old=null
2019-09-26 19:36:08,656 [728ea44c-f097-440a-a87e-c27a68d48f14@group-AB23A7610A57:LeaderElection1036] INFO  impl.LeaderElection (LeaderElection.java:askForVotes(182)) - 728ea44c-f097-440a-a87e-c27a68d48f14@group-AB23A7610A57:LeaderElection1036: begin an election at term 1 for -1: [728ea44c-f097-440a-a87e-c27a68d48f14:192.168.151.99:38783], old=null
2019-09-26 19:36:08,656 [728ea44c-f097-440a-a87e-c27a68d48f14@group-56EF8E9D7D62:LeaderElection1037] INFO  impl.LeaderElection (LeaderElection.java:askForVotes(182)) - 728ea44c-f097-440a-a87e-c27a68d48f14@group-56EF8E9D7D62:LeaderElection1037: begin an election at term 1 for -1: [728ea44c-f097-440a-a87e-c27a68d48f14:192.168.151.99:38783], old=null
2019-09-26 19:36:08,656 [27cb48db-4b88-4c0c-b213-19f9b2fffaff@group-71E8ECDACFBB:LeaderElection1044] INFO  impl.LeaderElection (LeaderElection.java:askForVotes(182)) - 27cb48db-4b88-4c0c-b213-19f9b2fffaff@group-71E8ECDACFBB:LeaderElection1044: begin an election at term 1 for -1: [27cb48db-4b88-4c0c-b213-19f9b2fffaff:192.168.151.99:37457], old=null
2019-09-26 19:36:08,656 [27cb48db-4b88-4c0c-b213-19f9b2fffaff@group-CEE4714DA134:LeaderElection1041] INFO  impl.LeaderElection (LeaderElection.java:askForVotes(182)) - 27cb48db-4b88-4c0c-b213-19f9b2fffaff@group-CEE4714DA134:LeaderElection1041: begin an election at term 1 for -1: [27cb48db-4b88-4c0c-b213-19f9b2fffaff:192.168.151.99:37457], old=null
2019-09-26 19:36:08,656 [27cb48db-4b88-4c0c-b213-19f9b2fffaff@group-65C693C3A0E2:LeaderElection1026] INFO  impl.LeaderElection (LeaderElection.java:askForVotes(182)) - 27cb48db-4b88-4c0c-b213-19f9b2fffaff@group-65C693C3A0E2:LeaderElection1026: begin an election at term 1 for -1: [27cb48db-4b88-4c0c-b213-19f9b2fffaff:192.168.151.99:37457], old=null
2019-09-26 19:36:08,656 [27cb48db-4b88-4c0c-b213-19f9b2fffaff@group-B494DA265365:LeaderElection1057] INFO  impl.LeaderElection (LeaderElection.java:askForVotes(182)) - 27cb48db-4b88-4c0c-b213-19f9b2fffaff@group-B494DA265365:LeaderElection1057: begin an election at term 1 for -1: [27cb48db-4b88-4c0c-b213-19f9b2fffaff:192.168.151.99:37457], old=null
2019-09-26 19:36:08,656 [99aa1396-69c4-4985-9b2a-20430cc4a0a7@group-A669BF675AA0:LeaderElection1042] INFO  impl.LeaderElection (LeaderElection.java:askForVotes(182)) - 99aa1396-69c4-4985-9b2a-20430cc4a0a7@group-A669BF675AA0:LeaderElection1042: begin an election at term 1 for -1: [99aa1396-69c4-4985-9b2a-20430cc4a0a7:192.168.151.99:40213], old=null
2019-09-26 19:36:08,656 [728ea44c-f097-440a-a87e-c27a68d48f14@group-6729514BE427:LeaderElection1043] INFO  impl.LeaderElection (LeaderElection.java:askForVotes(182)) - 728ea44c-f097-440a-a87e-c27a68d48f14@group-6729514BE427:LeaderElection1043: begin an election at term 1 for -1: [728ea44c-f097-440a-a87e-c27a68d48f14:192.168.151.99:38783], old=null
2019-09-26 19:36:08,651 [RATISCREATEPIPELINE2] ERROR pipeline.RatisPipelineProvider (RatisPipelineProvider.java:lambda$null$2(175)) - Failed invoke Ratis rpc org.apache.hadoop.hdds.scm.pipeline.RatisPipelineProvider$$Lambda$170/203113788@607b9faa for 728ea44c-f097-440a-a87e-c27a68d48f14
org.apache.ratis.protocol.TimeoutIOException: deadline exceeded after 2999920687ns
	at org.apache.ratis.grpc.GrpcUtil.tryUnwrapException(GrpcUtil.java:82)
	at org.apache.ratis.grpc.GrpcUtil.unwrapException(GrpcUtil.java:75)
	at org.apache.ratis.grpc.client.GrpcClientProtocolClient.blockingCall(GrpcClientProtocolClient.java:178)
	at org.apache.ratis.grpc.client.GrpcClientProtocolClient.groupAdd(GrpcClientProtocolClient.java:147)
	at org.apache.ratis.grpc.client.GrpcClientRpc.sendRequest(GrpcClientRpc.java:94)
	at org.apache.ratis.client.impl.RaftClientImpl.sendRequest(RaftClientImpl.java:278)
	at org.apache.ratis.client.impl.RaftClientImpl.groupAdd(RaftClientImpl.java:205)
	at org.apache.hadoop.hdds.scm.pipeline.RatisPipelineProvider.lambda$initializePipeline$1(RatisPipelineProvider.java:136)
	at org.apache.hadoop.hdds.scm.pipeline.RatisPipelineProvider.lambda$null$2(RatisPipelineProvider.java:171)
	at java.util.stream.ForEachOps$ForEachOp$OfRef.accept(ForEachOps.java:184)
	at java.util.ArrayList$ArrayListSpliterator.forEachRemaining(ArrayList.java:1382)
	at java.util.stream.AbstractPipeline.copyInto(AbstractPipeline.java:482)
	at java.util.stream.ForEachOps$ForEachTask.compute(ForEachOps.java:291)
	at java.util.concurrent.CountedCompleter.exec(CountedCompleter.java:731)
	at java.util.concurrent.ForkJoinTask.doExec(ForkJoinTask.java:289)
	at java.util.concurrent.ForkJoinPool$WorkQueue.runTask(ForkJoinPool.java:1056)
	at java.util.concurrent.ForkJoinPool.runWorker(ForkJoinPool.java:1692)
	at java.util.concurrent.ForkJoinWorkerThread.run(ForkJoinWorkerThread.java:157)
Caused by: org.apache.ratis.thirdparty.io.grpc.StatusRuntimeException: DEADLINE_EXCEEDED: deadline exceeded after 2999920687ns
	at org.apache.ratis.thirdparty.io.grpc.stub.ClientCalls.toStatusRuntimeException(ClientCalls.java:233)
	at org.apache.ratis.thirdparty.io.grpc.stub.ClientCalls.getUnchecked(ClientCalls.java:214)
	at org.apache.ratis.thirdparty.io.grpc.stub.ClientCalls.blockingUnaryCall(ClientCalls.java:139)
	at org.apache.ratis.proto.grpc.AdminProtocolServiceGrpc$AdminProtocolServiceBlockingStub.groupManagement(AdminProtocolServiceGrpc.java:274)
	at org.apache.ratis.grpc.client.GrpcClientProtocolClient.lambda$groupAdd$3(GrpcClientProtocolClient.java:149)
	at org.apache.ratis.grpc.client.GrpcClientProtocolClient.blockingCall(GrpcClientProtocolClient.java:176)
	... 15 more
2019-09-26 19:36:08,651 [RATISCREATEPIPELINE3] ERROR pipeline.RatisPipelineProvider (RatisPipelineProvider.java:lambda$null$2(175)) - Failed invoke Ratis rpc org.apache.hadoop.hdds.scm.pipeline.RatisPipelineProvider$$Lambda$170/203113788@607b9faa for 27cb48db-4b88-4c0c-b213-19f9b2fffaff
org.apache.ratis.protocol.TimeoutIOException: deadline exceeded after 2990307115ns
	at org.apache.ratis.grpc.GrpcUtil.tryUnwrapException(GrpcUtil.java:82)
	at org.apache.ratis.grpc.GrpcUtil.unwrapException(GrpcUtil.java:75)
	at org.apache.ratis.grpc.client.GrpcClientProtocolClient.blockingCall(GrpcClientProtocolClient.java:178)
	at org.apache.ratis.grpc.client.GrpcClientProtocolClient.groupAdd(GrpcClientProtocolClient.java:147)
	at org.apache.ratis.grpc.client.GrpcClientRpc.sendRequest(GrpcClientRpc.java:94)
	at org.apache.ratis.client.impl.RaftClientImpl.sendRequest(RaftClientImpl.java:278)
	at org.apache.ratis.client.impl.RaftClientImpl.groupAdd(RaftClientImpl.java:205)
	at org.apache.hadoop.hdds.scm.pipeline.RatisPipelineProvider.lambda$initializePipeline$1(RatisPipelineProvider.java:136)
	at org.apache.hadoop.hdds.scm.pipeline.RatisPipelineProvider.lambda$null$2(RatisPipelineProvider.java:171)
	at java.util.stream.ForEachOps$ForEachOp$OfRef.accept(ForEachOps.java:184)
	at java.util.ArrayList$ArrayListSpliterator.forEachRemaining(ArrayList.java:1382)
	at java.util.stream.AbstractPipeline.copyInto(AbstractPipeline.java:482)
	at java.util.stream.ForEachOps$ForEachTask.compute(ForEachOps.java:291)
	at java.util.concurrent.CountedCompleter.exec(CountedCompleter.java:731)
	at java.util.concurrent.ForkJoinTask.doExec(ForkJoinTask.java:289)
	at java.util.concurrent.ForkJoinPool$WorkQueue.runTask(ForkJoinPool.java:1056)
	at java.util.concurrent.ForkJoinPool.runWorker(ForkJoinPool.java:1692)
	at java.util.concurrent.ForkJoinWorkerThread.run(ForkJoinWorkerThread.java:157)
Caused by: org.apache.ratis.thirdparty.io.grpc.StatusRuntimeException: DEADLINE_EXCEEDED: deadline exceeded after 2990307115ns
	at org.apache.ratis.thirdparty.io.grpc.stub.ClientCalls.toStatusRuntimeException(ClientCalls.java:233)
	at org.apache.ratis.thirdparty.io.grpc.stub.ClientCalls.getUnchecked(ClientCalls.java:214)
	at org.apache.ratis.thirdparty.io.grpc.stub.ClientCalls.blockingUnaryCall(ClientCalls.java:139)
	at org.apache.ratis.proto.grpc.AdminProtocolServiceGrpc$AdminProtocolServiceBlockingStub.groupManagement(AdminProtocolServiceGrpc.java:274)
	at org.apache.ratis.grpc.client.GrpcClientProtocolClient.lambda$groupAdd$3(GrpcClientProtocolClient.java:149)
	at org.apache.ratis.grpc.client.GrpcClientProtocolClient.blockingCall(GrpcClientProtocolClient.java:176)
	... 15 more
2019-09-26 19:36:08,651 [RATISCREATEPIPELINE1] ERROR pipeline.RatisPipelineProvider (RatisPipelineProvider.java:lambda$null$2(175)) - Failed invoke Ratis rpc org.apache.hadoop.hdds.scm.pipeline.RatisPipelineProvider$$Lambda$170/203113788@607b9faa for 99aa1396-69c4-4985-9b2a-20430cc4a0a7
org.apache.ratis.protocol.TimeoutIOException: deadline exceeded after 2990323077ns
	at org.apache.ratis.grpc.GrpcUtil.tryUnwrapException(GrpcUtil.java:82)
	at org.apache.ratis.grpc.GrpcUtil.unwrapException(GrpcUtil.java:75)
	at org.apache.ratis.grpc.client.GrpcClientProtocolClient.blockingCall(GrpcClientProtocolClient.java:178)
	at org.apache.ratis.grpc.client.GrpcClientProtocolClient.groupAdd(GrpcClientProtocolClient.java:147)
	at org.apache.ratis.grpc.client.GrpcClientRpc.sendRequest(GrpcClientRpc.java:94)
	at org.apache.ratis.client.impl.RaftClientImpl.sendRequest(RaftClientImpl.java:278)
	at org.apache.ratis.client.impl.RaftClientImpl.groupAdd(RaftClientImpl.java:205)
	at org.apache.hadoop.hdds.scm.pipeline.RatisPipelineProvider.lambda$initializePipeline$1(RatisPipelineProvider.java:136)
	at org.apache.hadoop.hdds.scm.pipeline.RatisPipelineProvider.lambda$null$2(RatisPipelineProvider.java:171)
	at java.util.stream.ForEachOps$ForEachOp$OfRef.accept(ForEachOps.java:184)
	at java.util.ArrayList$ArrayListSpliterator.forEachRemaining(ArrayList.java:1382)
	at java.util.stream.AbstractPipeline.copyInto(AbstractPipeline.java:482)
	at java.util.stream.ForEachOps$ForEachTask.compute(ForEachOps.java:291)
	at java.util.concurrent.CountedCompleter.exec(CountedCompleter.java:731)
	at java.util.concurrent.ForkJoinTask.doExec(ForkJoinTask.java:289)
	at java.util.concurrent.ForkJoinTask.doInvoke(ForkJoinTask.java:401)
	at java.util.concurrent.ForkJoinTask.invoke(ForkJoinTask.java:734)
	at java.util.stream.ForEachOps$ForEachOp.evaluateParallel(ForEachOps.java:160)
	at java.util.stream.ForEachOps$ForEachOp$OfRef.evaluateParallel(ForEachOps.java:174)
	at java.util.stream.AbstractPipeline.evaluate(AbstractPipeline.java:233)
	at java.util.stream.ReferencePipeline.forEach(ReferencePipeline.java:418)
	at java.util.stream.ReferencePipeline$Head.forEach(ReferencePipeline.java:583)
	at org.apache.hadoop.hdds.scm.pipeline.RatisPipelineProvider.lambda$callRatisRpc$3(RatisPipelineProvider.java:165)
	at java.util.concurrent.ForkJoinTask$AdaptedRunnableAction.exec(ForkJoinTask.java:1386)
	at java.util.concurrent.ForkJoinTask.doExec(ForkJoinTask.java:289)
	at java.util.concurrent.ForkJoinPool$WorkQueue.runTask(ForkJoinPool.java:1056)
	at java.util.concurrent.ForkJoinPool.runWorker(ForkJoinPool.java:1692)
	at java.util.concurrent.ForkJoinWorkerThread.run(ForkJoinWorkerThread.java:157)
Caused by: org.apache.ratis.thirdparty.io.grpc.StatusRuntimeException: DEADLINE_EXCEEDED: deadline exceeded after 2990323077ns
	at org.apache.ratis.thirdparty.io.grpc.stub.ClientCalls.toStatusRuntimeException(ClientCalls.java:233)
	at org.apache.ratis.thirdparty.io.grpc.stub.ClientCalls.getUnchecked(ClientCalls.java:214)
	at org.apache.ratis.thirdparty.io.grpc.stub.ClientCalls.blockingUnaryCall(ClientCalls.java:139)
	at org.apache.ratis.proto.grpc.AdminProtocolServiceGrpc$AdminProtocolServiceBlockingStub.groupManagement(AdminProtocolServiceGrpc.java:274)
	at org.apache.ratis.grpc.client.GrpcClientProtocolClient.lambda$groupAdd$3(GrpcClientProtocolClient.java:149)
	at org.apache.ratis.grpc.client.GrpcClientProtocolClient.blockingCall(GrpcClientProtocolClient.java:176)
	... 25 more
2019-09-26 19:36:08,645 [Thread-6846] INFO  impl.FollowerState (FollowerState.java:run(106)) - 27cb48db-4b88-4c0c-b213-19f9b2fffaff:group-96D25400B53D changes to CANDIDATE, lastRpcTime:10817, electionTimeout:5050ms
2019-09-26 19:36:08,638 [Thread-6858] INFO  impl.FollowerState (FollowerState.java:run(106)) - 728ea44c-f097-440a-a87e-c27a68d48f14:group-191D7D199588 changes to CANDIDATE, lastRpcTime:10720, electionTimeout:5163ms
2019-09-26 19:36:12,281 [RatisPipelineUtilsThread] ERROR pipeline.SCMPipelineManager (SCMPipelineManager.java:createPipeline(167)) - Pipeline creation failed.
org.apache.hadoop.io.MultipleIOException: 3 exceptions [java.io.IOException: Failed invoke Ratis rpc org.apache.hadoop.hdds.scm.pipeline.RatisPipelineProvider$$Lambda$170/203113788@607b9faa for 728ea44c-f097-440a-a87e-c27a68d48f14, java.io.IOException: Failed invoke Ratis rpc org.apache.hadoop.hdds.scm.pipeline.RatisPipelineProvider$$Lambda$170/203113788@607b9faa for 27cb48db-4b88-4c0c-b213-19f9b2fffaff, java.io.IOException: Failed invoke Ratis rpc org.apache.hadoop.hdds.scm.pipeline.RatisPipelineProvider$$Lambda$170/203113788@607b9faa for 99aa1396-69c4-4985-9b2a-20430cc4a0a7]
	at org.apache.hadoop.io.MultipleIOException.createIOException(MultipleIOException.java:53)
	at org.apache.hadoop.hdds.scm.pipeline.RatisPipelineProvider.callRatisRpc(RatisPipelineProvider.java:191)
	at org.apache.hadoop.hdds.scm.pipeline.RatisPipelineProvider.initializePipeline(RatisPipelineProvider.java:134)
	at org.apache.hadoop.hdds.scm.pipeline.RatisPipelineProvider.create(RatisPipelineProvider.java:103)
	at org.apache.hadoop.hdds.scm.pipeline.PipelineFactory.create(PipelineFactory.java:58)
	at org.apache.hadoop.hdds.scm.pipeline.SCMPipelineManager.createPipeline(SCMPipelineManager.java:155)
	at org.apache.hadoop.hdds.scm.pipeline.BackgroundPipelineCreator.createPipelines(BackgroundPipelineCreator.java:99)
	at java.util.concurrent.Executors$RunnableAdapter.call(Executors.java:511)
	at java.util.concurrent.FutureTask.run(FutureTask.java:266)
	at java.util.concurrent.ScheduledThreadPoolExecutor$ScheduledFutureTask.access$201(ScheduledThreadPoolExecutor.java:180)
	at java.util.concurrent.ScheduledThreadPoolExecutor$ScheduledFutureTask.run(ScheduledThreadPoolExecutor.java:293)
	at java.util.concurrent.ThreadPoolExecutor.runWorker(ThreadPoolExecutor.java:1149)
	at java.util.concurrent.ThreadPoolExecutor$Worker.run(ThreadPoolExecutor.java:624)
	at java.lang.Thread.run(Thread.java:748)
2019-09-26 19:36:08,139 [Thread-6682] INFO  impl.RoleInfo (RoleInfo.java:updateAndGet(143)) - 27cb48db-4b88-4c0c-b213-19f9b2fffaff: start LeaderElection
2019-09-26 19:36:08,139 [27cb48db-4b88-4c0c-b213-19f9b2fffaff@group-081BA867897B:LeaderElection1014] INFO  server.RaftServerConfigKeys (ConfUtils.java:logGet(43)) - raft.server.write.element-limit = 4096 (default)
2019-09-26 19:36:08,139 [Thread-6793] INFO  impl.RoleInfo (RoleInfo.java:updateAndGet(143)) - 728ea44c-f097-440a-a87e-c27a68d48f14: start LeaderElection
2019-09-26 19:36:08,139 [OMDoubleBufferFlushThread] INFO  ratis.OzoneManagerDoubleBuffer (OzoneManagerDoubleBuffer.java:flushTransactions(191)) - OMDoubleBuffer flush thread OMDoubleBufferFlushThread is interrupted and will exit. OMDoubleBufferFlushThread
2019-09-26 19:36:08,139 [99aa1396-69c4-4985-9b2a-20430cc4a0a7@group-FEEB0BA2637C:LeaderElection1022] INFO  server.RaftServerConfigKeys (ConfUtils.java:logGet(43)) - raft.server.rpc.sleep.time = 25ms (default)
2019-09-26 19:36:08,139 [728ea44c-f097-440a-a87e-c27a68d48f14@group-FC289A8C3177:LeaderElection1015] INFO  server.RaftServerConfigKeys (ConfUtils.java:logGet(43)) - raft.server.watch.timeout.denomination = 1s (default)
2019-09-26 19:36:08,138 [27cb48db-4b88-4c0c-b213-19f9b2fffaff@group-65EB277B690C:LeaderElection1019] INFO  server.RaftServerConfigKeys (ConfUtils.java:logGet(43)) - raft.server.watch.timeout = 10s (default)
2019-09-26 19:36:08,138 [99aa1396-69c4-4985-9b2a-20430cc4a0a7@group-B36985718576-SegmentedRaftLogWorker] INFO  segmented.SegmentedRaftLogWorker (SegmentedRaftLogWorker.java:close(228)) - 99aa1396-69c4-4985-9b2a-20430cc4a0a7@group-B36985718576-SegmentedRaftLogWorker close()
2019-09-26 19:36:08,138 [728ea44c-f097-440a-a87e-c27a68d48f14@group-DB3AFAA8F5B8:LeaderElection1025] INFO  server.RaftServerConfigKeys (ConfUtils.java:logGet(43)) - raft.server.staging.catchup.gap = 1000 (default)
2019-09-26 19:36:12,297 [Thread-6219] INFO  utils.BackgroundService (BackgroundService.java:shutdown(148)) - Shutting down service KeyDeletingService
2019-09-26 19:36:08,138 [27cb48db-4b88-4c0c-b213-19f9b2fffaff@group-A6166F251855:LeaderElection1029] INFO  impl.RaftServerImpl (ServerState.java:setLeader(253)) - 27cb48db-4b88-4c0c-b213-19f9b2fffaff@group-A6166F251855: change Leader from null to 27cb48db-4b88-4c0c-b213-19f9b2fffaff at term 1 for becomeLeader, leader elected after 9128ms
2019-09-26 19:36:08,138 [728ea44c-f097-440a-a87e-c27a68d48f14@group-29C734BE2100:LeaderElection1024] INFO  impl.RaftServerImpl (ServerState.java:setLeader(253)) - 728ea44c-f097-440a-a87e-c27a68d48f14@group-29C734BE2100: change Leader from null to 728ea44c-f097-440a-a87e-c27a68d48f14 at term 1 for becomeLeader, leader elected after 8953ms
2019-09-26 19:36:08,138 [27cb48db-4b88-4c0c-b213-19f9b2fffaff@group-7C23D55C331C:LeaderElection1027] INFO  server.RaftServerConfigKeys (ConfUtils.java:logGet(43)) - raft.server.rpc.sleep.time = 25ms (default)
2019-09-26 19:36:08,137 [728ea44c-f097-440a-a87e-c27a68d48f14@group-61276961113F:LeaderElection1030] INFO  impl.RaftServerImpl (ServerState.java:setLeader(253)) - 728ea44c-f097-440a-a87e-c27a68d48f14@group-61276961113F: change Leader from null to 728ea44c-f097-440a-a87e-c27a68d48f14 at term 1 for becomeLeader, leader elected after 9029ms
2019-09-26 19:36:08,137 [99aa1396-69c4-4985-9b2a-20430cc4a0a7@group-FBCC5E2B6B47:LeaderElection1028] INFO  impl.RaftServerImpl (ServerState.java:setLeader(253)) - 99aa1396-69c4-4985-9b2a-20430cc4a0a7@group-FBCC5E2B6B47: change Leader from null to 99aa1396-69c4-4985-9b2a-20430cc4a0a7 at term 1 for becomeLeader, leader elected after 9142ms
2019-09-26 19:36:08,137 [pool-271-thread-1] INFO  server.RaftServerConfigKeys (ConfUtils.java:logGet(43)) - raft.server.log.purge.gap = 1000000 (custom)
2019-09-26 19:36:08,137 [pool-281-thread-1] INFO  impl.RaftServerImpl (ServerState.java:<init>(103)) - 99aa1396-69c4-4985-9b2a-20430cc4a0a7@group-5A8A56B7D313: ConfigurationManager, init=-1: [728ea44c-f097-440a-a87e-c27a68d48f14:192.168.151.99:38783, 27cb48db-4b88-4c0c-b213-19f9b2fffaff:192.168.151.99:37457, 99aa1396-69c4-4985-9b2a-20430cc4a0a7:192.168.151.99:40213], old=null, confs=<EMPTY_MAP>
2019-09-26 19:36:08,137 [27cb48db-4b88-4c0c-b213-19f9b2fffaff@group-4716D0EACE8F-SegmentedRaftLogWorker] INFO  impl.RaftServerImpl (ServerState.java:close(385)) - 27cb48db-4b88-4c0c-b213-19f9b2fffaff@group-4716D0EACE8F: closes. applyIndex: -1
2019-09-26 19:36:08,137 [27cb48db-4b88-4c0c-b213-19f9b2fffaff@group-8502D39265A6:LeaderElection1005] INFO  server.RaftServerConfigKeys (ConfUtils.java:logGet(43)) - raft.server.watch.timeout = 10s (default)
2019-09-26 19:36:08,137 [728ea44c-f097-440a-a87e-c27a68d48f14@group-A248398DF8D6:LeaderElection1006] INFO  server.RaftServerConfigKeys (ConfUtils.java:logGet(43)) - raft.server.watch.timeout = 10s (default)
2019-09-26 19:36:08,136 [27cb48db-4b88-4c0c-b213-19f9b2fffaff@group-D1BA8AE37FD0:LeaderElection1007] INFO  server.RaftServerConfigKeys (ConfUtils.java:logGet(43)) - raft.server.watch.timeout = 10s (default)
2019-09-26 19:36:08,136 [728ea44c-f097-440a-a87e-c27a68d48f14@group-B46C9A7EAD2D:LeaderElection1009] INFO  server.RaftServerConfigKeys (ConfUtils.java:logGet(43)) - raft.server.watch.timeout.denomination = 1s (default)
2019-09-26 19:36:08,136 [99aa1396-69c4-4985-9b2a-20430cc4a0a7@group-119644BB2AD2:LeaderElection1004] INFO  server.RaftServerConfigKeys (ConfUtils.java:logGet(43)) - raft.server.watch.timeout = 10s (default)
2019-09-26 19:36:08,136 [27cb48db-4b88-4c0c-b213-19f9b2fffaff@group-684BA3C5CC11:LeaderElection1012] INFO  server.RaftServerConfigKeys (ConfUtils.java:logGet(43)) - raft.server.watch.timeout.denomination = 1s (default)
2019-09-26 19:36:08,136 [728ea44c-f097-440a-a87e-c27a68d48f14@group-516E0962CCE3:LeaderElection1000] INFO  server.RaftServerConfigKeys (ConfUtils.java:logGet(43)) - raft.server.write.element-limit = 4096 (default)
2019-09-26 19:36:08,136 [27cb48db-4b88-4c0c-b213-19f9b2fffaff@group-CF122FDC6C03:LeaderElection1008] INFO  server.RaftServerConfigKeys (ConfUtils.java:logGet(43)) - raft.server.watch.timeout = 10s (default)
2019-09-26 19:36:08,136 [27cb48db-4b88-4c0c-b213-19f9b2fffaff@group-5B13DE4C131A:LeaderElection1010] INFO  server.RaftServerConfigKeys (ConfUtils.java:logGet(43)) - raft.server.watch.timeout = 10s (default)
2019-09-26 19:36:08,136 [27cb48db-4b88-4c0c-b213-19f9b2fffaff@group-9D764B33AD0C:LeaderElection1003] INFO  server.RaftServerConfigKeys (ConfUtils.java:logGet(43)) - raft.server.watch.timeout = 10s (default)
2019-09-26 19:36:08,135 [728ea44c-f097-440a-a87e-c27a68d48f14@group-38F2945183E6:LeaderElection1001] INFO  server.RaftServerConfigKeys (ConfUtils.java:logGet(43)) - raft.server.watch.timeout = 10s (default)
2019-09-26 19:36:08,135 [27cb48db-4b88-4c0c-b213-19f9b2fffaff@group-3731B9264D30:LeaderElection1013] INFO  server.RaftServerConfigKeys (ConfUtils.java:logGet(43)) - raft.server.watch.timeout.denomination = 1s (default)
2019-09-26 19:36:08,135 [99aa1396-69c4-4985-9b2a-20430cc4a0a7@group-BA736CDCA3E4:LeaderElection1002] INFO  server.RaftServerConfigKeys (ConfUtils.java:logGet(43)) - raft.server.watch.timeout.denomination = 1s (default)
2019-09-26 19:36:08,135 [27cb48db-4b88-4c0c-b213-19f9b2fffaff@group-E18203AECDC0:LeaderElection978] INFO  impl.RaftServerImpl (ServerState.java:setRaftConf(354)) - 27cb48db-4b88-4c0c-b213-19f9b2fffaff@group-E18203AECDC0: set configuration 0: [27cb48db-4b88-4c0c-b213-19f9b2fffaff:192.168.151.99:37457], old=null at 0
2019-09-26 19:36:08,135 [728ea44c-f097-440a-a87e-c27a68d48f14@group-09E478195B44:LeaderElection998] INFO  server.RaftServerConfigKeys (ConfUtils.java:logGet(43)) - raft.server.watch.element-limit = 65536 (default)
2019-09-26 19:36:12,300 [99aa1396-69c4-4985-9b2a-20430cc4a0a7@group-BA736CDCA3E4:LeaderElection1002] INFO  server.RaftServerConfigKeys (ConfUtils.java:logGet(43)) - raft.server.watch.element-limit = 65536 (default)
2019-09-26 19:36:12,300 [27cb48db-4b88-4c0c-b213-19f9b2fffaff@group-3731B9264D30:LeaderElection1013] INFO  server.RaftServerConfigKeys (ConfUtils.java:logGet(43)) - raft.server.watch.element-limit = 65536 (default)
2019-09-26 19:36:12,300 [728ea44c-f097-440a-a87e-c27a68d48f14@group-38F2945183E6:LeaderElection1001] INFO  server.RaftServerConfigKeys (ConfUtils.java:logGet(43)) - raft.server.watch.timeout.denomination = 1s (default)
2019-09-26 19:36:12,300 [27cb48db-4b88-4c0c-b213-19f9b2fffaff@group-9D764B33AD0C:LeaderElection1003] INFO  server.RaftServerConfigKeys (ConfUtils.java:logGet(43)) - raft.server.watch.timeout.denomination = 1s (default)
2019-09-26 19:36:12,300 [27cb48db-4b88-4c0c-b213-19f9b2fffaff@group-5B13DE4C131A:LeaderElection1010] INFO  server.RaftServerConfigKeys (ConfUtils.java:logGet(43)) - raft.server.watch.timeout.denomination = 1s (default)
2019-09-26 19:36:12,300 [27cb48db-4b88-4c0c-b213-19f9b2fffaff@group-CF122FDC6C03:LeaderElection1008] INFO  server.RaftServerConfigKeys (ConfUtils.java:logGet(43)) - raft.server.watch.timeout.denomination = 1s (default)
2019-09-26 19:36:12,300 [728ea44c-f097-440a-a87e-c27a68d48f14@group-516E0962CCE3:LeaderElection1000] INFO  server.RaftServerConfigKeys (ConfUtils.java:logGet(43)) - raft.server.watch.timeout = 10s (default)
2019-09-26 19:36:12,299 [27cb48db-4b88-4c0c-b213-19f9b2fffaff@group-684BA3C5CC11:LeaderElection1012] INFO  server.RaftServerConfigKeys (ConfUtils.java:logGet(43)) - raft.server.watch.element-limit = 65536 (default)
2019-09-26 19:36:12,299 [99aa1396-69c4-4985-9b2a-20430cc4a0a7@group-119644BB2AD2:LeaderElection1004] INFO  server.RaftServerConfigKeys (ConfUtils.java:logGet(43)) - raft.server.watch.timeout.denomination = 1s (default)
2019-09-26 19:36:12,299 [728ea44c-f097-440a-a87e-c27a68d48f14@group-B46C9A7EAD2D:LeaderElection1009] INFO  server.RaftServerConfigKeys (ConfUtils.java:logGet(43)) - raft.server.watch.element-limit = 65536 (default)
2019-09-26 19:36:12,299 [27cb48db-4b88-4c0c-b213-19f9b2fffaff@group-A260F6F3F135:LeaderElection996] INFO  impl.RoleInfo (RoleInfo.java:updateAndGet(143)) - 27cb48db-4b88-4c0c-b213-19f9b2fffaff: start LeaderState
2019-09-26 19:36:12,299 [27cb48db-4b88-4c0c-b213-19f9b2fffaff@group-53CA1E877E21:LeaderElection992] INFO  impl.RoleInfo (RoleInfo.java:updateAndGet(143)) - 27cb48db-4b88-4c0c-b213-19f9b2fffaff: start LeaderState
2019-09-26 19:36:12,299 [27cb48db-4b88-4c0c-b213-19f9b2fffaff@group-E5EC31325CD2:LeaderElection994] INFO  impl.RoleInfo (RoleInfo.java:updateAndGet(143)) - 27cb48db-4b88-4c0c-b213-19f9b2fffaff: start LeaderState
2019-09-26 19:36:12,299 [27cb48db-4b88-4c0c-b213-19f9b2fffaff@group-D1BA8AE37FD0:LeaderElection1007] INFO  server.RaftServerConfigKeys (ConfUtils.java:logGet(43)) - raft.server.watch.timeout.denomination = 1s (default)
2019-09-26 19:36:12,299 [27cb48db-4b88-4c0c-b213-19f9b2fffaff@group-9B0E204FFB32:LeaderElection997] INFO  impl.RoleInfo (RoleInfo.java:updateAndGet(143)) - 27cb48db-4b88-4c0c-b213-19f9b2fffaff: start LeaderState
2019-09-26 19:36:12,299 [728ea44c-f097-440a-a87e-c27a68d48f14@group-A248398DF8D6:LeaderElection1006] INFO  server.RaftServerConfigKeys (ConfUtils.java:logGet(43)) - raft.server.watch.timeout.denomination = 1s (default)
2019-09-26 19:36:12,299 [27cb48db-4b88-4c0c-b213-19f9b2fffaff@group-2101955D751F:LeaderElection990] INFO  impl.RoleInfo (RoleInfo.java:updateAndGet(143)) - 27cb48db-4b88-4c0c-b213-19f9b2fffaff: start LeaderState
2019-09-26 19:36:12,299 [grpc-default-executor-5] INFO  impl.RaftServerProxy (RaftServerProxy.java:addNew(89)) - 27cb48db-4b88-4c0c-b213-19f9b2fffaff: addNew group-61FDA19C7DD2:[27cb48db-4b88-4c0c-b213-19f9b2fffaff:192.168.151.99:37457] returns group-61FDA19C7DD2:java.util.concurrent.CompletableFuture@3798209e[Not completed]
2019-09-26 19:36:12,299 [27cb48db-4b88-4c0c-b213-19f9b2fffaff@group-8502D39265A6:LeaderElection1005] INFO  server.RaftServerConfigKeys (ConfUtils.java:logGet(43)) - raft.server.watch.timeout.denomination = 1s (default)
2019-09-26 19:36:12,299 [27cb48db-4b88-4c0c-b213-19f9b2fffaff@group-4716D0EACE8F-SegmentedRaftLogWorker] INFO  segmented.SegmentedRaftLogWorker (SegmentedRaftLogWorker.java:close(228)) - 27cb48db-4b88-4c0c-b213-19f9b2fffaff@group-4716D0EACE8F-SegmentedRaftLogWorker close()
2019-09-26 19:36:12,299 [Thread-6219] INFO  handler.ContextHandler (ContextHandler.java:doStop(910)) - Stopped o.e.j.w.WebAppContext@481a97eb{/,null,UNAVAILABLE}{/ozoneManager}
2019-09-26 19:36:12,299 [pool-281-thread-1] INFO  server.RaftServerConfigKeys (ConfUtils.java:logGet(43)) - raft.server.storage.dir = [/workdir/hadoop-ozone/integration-test/target/test-dir/MiniOzoneClusterImpl-2f79a7d3-d7ae-4963-8370-12bb1e2132d7/datanode-2/data/ratis] (custom)
2019-09-26 19:36:12,298 [pool-271-thread-1] INFO  server.RaftServerConfigKeys (ConfUtils.java:logGet(43)) - raft.server.log.appender.buffer.byte-limit = 33554432 (custom)
2019-09-26 19:36:12,298 [728ea44c-f097-440a-a87e-c27a68d48f14@group-81150C1B35EC:LeaderElection993] INFO  impl.RoleInfo (RoleInfo.java:updateAndGet(143)) - 728ea44c-f097-440a-a87e-c27a68d48f14: start LeaderState
2019-09-26 19:36:12,298 [99aa1396-69c4-4985-9b2a-20430cc4a0a7@group-FBCC5E2B6B47:LeaderElection1028] INFO  server.RaftServerConfigKeys (ConfUtils.java:logGet(43)) - raft.server.staging.catchup.gap = 1000 (default)
2019-09-26 19:36:12,298 [728ea44c-f097-440a-a87e-c27a68d48f14@group-61276961113F:LeaderElection1030] INFO  server.RaftServerConfigKeys (ConfUtils.java:logGet(43)) - raft.server.staging.catchup.gap = 1000 (default)
2019-09-26 19:36:12,298 [27cb48db-4b88-4c0c-b213-19f9b2fffaff@group-7C23D55C331C:LeaderElection1027] INFO  server.RaftServerConfigKeys (ConfUtils.java:logGet(43)) - raft.server.write.element-limit = 4096 (default)
2019-09-26 19:36:12,298 [728ea44c-f097-440a-a87e-c27a68d48f14@group-29C734BE2100:LeaderElection1024] INFO  server.RaftServerConfigKeys (ConfUtils.java:logGet(43)) - raft.server.staging.catchup.gap = 1000 (default)
2019-09-26 19:36:12,298 [27cb48db-4b88-4c0c-b213-19f9b2fffaff@group-D0AE5A240A11:LeaderElection980] INFO  impl.RoleInfo (RoleInfo.java:updateAndGet(143)) - 27cb48db-4b88-4c0c-b213-19f9b2fffaff: start LeaderState
2019-09-26 19:36:12,298 [27cb48db-4b88-4c0c-b213-19f9b2fffaff@group-A6166F251855:LeaderElection1029] INFO  server.RaftServerConfigKeys (ConfUtils.java:logGet(43)) - raft.server.staging.catchup.gap = 1000 (default)
2019-09-26 19:36:12,297 [728ea44c-f097-440a-a87e-c27a68d48f14@group-DB3AFAA8F5B8:LeaderElection1025] INFO  server.RaftServerConfigKeys (ConfUtils.java:logGet(43)) - raft.server.rpc.sleep.time = 25ms (default)
2019-09-26 19:36:12,282 [27cb48db-4b88-4c0c-b213-19f9b2fffaff@group-65EB277B690C:LeaderElection1019] INFO  server.RaftServerConfigKeys (ConfUtils.java:logGet(43)) - raft.server.watch.timeout.denomination = 1s (default)
2019-09-26 19:36:12,282 [728ea44c-f097-440a-a87e-c27a68d48f14@group-FC289A8C3177:LeaderElection1015] INFO  server.RaftServerConfigKeys (ConfUtils.java:logGet(43)) - raft.server.watch.element-limit = 65536 (default)
2019-09-26 19:36:12,282 [99aa1396-69c4-4985-9b2a-20430cc4a0a7@group-FEEB0BA2637C:LeaderElection1022] INFO  server.RaftServerConfigKeys (ConfUtils.java:logGet(43)) - raft.server.write.element-limit = 4096 (default)
2019-09-26 19:36:12,281 [27cb48db-4b88-4c0c-b213-19f9b2fffaff@group-081BA867897B:LeaderElection1014] INFO  server.RaftServerConfigKeys (ConfUtils.java:logGet(43)) - raft.server.watch.timeout = 10s (default)
2019-09-26 19:36:12,322 [27cb48db-4b88-4c0c-b213-19f9b2fffaff@group-081BA867897B:LeaderElection1014] INFO  server.RaftServerConfigKeys (ConfUtils.java:logGet(43)) - raft.server.watch.timeout.denomination = 1s (default)
2019-09-26 19:36:12,281 [Thread-6858] INFO  impl.RoleInfo (RoleInfo.java:shutdownFollowerState(121)) - 728ea44c-f097-440a-a87e-c27a68d48f14: shutdown FollowerState
2019-09-26 19:36:12,281 [Thread-6846] INFO  impl.RoleInfo (RoleInfo.java:shutdownFollowerState(121)) - 27cb48db-4b88-4c0c-b213-19f9b2fffaff: shutdown FollowerState
2019-09-26 19:36:12,280 [728ea44c-f097-440a-a87e-c27a68d48f14@group-6729514BE427:LeaderElection1043] INFO  impl.RoleInfo (RoleInfo.java:shutdownLeaderElection(134)) - 728ea44c-f097-440a-a87e-c27a68d48f14: shutdown LeaderElection
2019-09-26 19:36:12,280 [99aa1396-69c4-4985-9b2a-20430cc4a0a7@group-A669BF675AA0:LeaderElection1042] INFO  impl.RoleInfo (RoleInfo.java:shutdownLeaderElection(134)) - 99aa1396-69c4-4985-9b2a-20430cc4a0a7: shutdown LeaderElection
2019-09-26 19:36:12,279 [27cb48db-4b88-4c0c-b213-19f9b2fffaff@group-B494DA265365:LeaderElection1057] INFO  impl.RoleInfo (RoleInfo.java:shutdownLeaderElection(134)) - 27cb48db-4b88-4c0c-b213-19f9b2fffaff: shutdown LeaderElection
2019-09-26 19:36:12,279 [27cb48db-4b88-4c0c-b213-19f9b2fffaff@group-65C693C3A0E2:LeaderElection1026] INFO  impl.RoleInfo (RoleInfo.java:shutdownLeaderElection(134)) - 27cb48db-4b88-4c0c-b213-19f9b2fffaff: shutdown LeaderElection
2019-09-26 19:36:12,322 [27cb48db-4b88-4c0c-b213-19f9b2fffaff@group-65C693C3A0E2:LeaderElection1026] INFO  impl.RaftServerImpl (RaftServerImpl.java:setRole(174)) - 27cb48db-4b88-4c0c-b213-19f9b2fffaff@group-65C693C3A0E2: changes role from CANDIDATE to LEADER at term 1 for changeToLeader
2019-09-26 19:36:12,279 [728ea44c-f097-440a-a87e-c27a68d48f14@group-89DB952C4950:LeaderElection982] INFO  impl.RoleInfo (RoleInfo.java:updateAndGet(143)) - 728ea44c-f097-440a-a87e-c27a68d48f14: start LeaderState
2019-09-26 19:36:12,279 [27cb48db-4b88-4c0c-b213-19f9b2fffaff@group-CEE4714DA134:LeaderElection1041] INFO  impl.RoleInfo (RoleInfo.java:shutdownLeaderElection(134)) - 27cb48db-4b88-4c0c-b213-19f9b2fffaff: shutdown LeaderElection
2019-09-26 19:36:12,279 [27cb48db-4b88-4c0c-b213-19f9b2fffaff@group-71E8ECDACFBB:LeaderElection1044] INFO  impl.RoleInfo (RoleInfo.java:shutdownLeaderElection(134)) - 27cb48db-4b88-4c0c-b213-19f9b2fffaff: shutdown LeaderElection
2019-09-26 19:36:12,279 [728ea44c-f097-440a-a87e-c27a68d48f14@group-56EF8E9D7D62:LeaderElection1037] INFO  impl.RoleInfo (RoleInfo.java:shutdownLeaderElection(134)) - 728ea44c-f097-440a-a87e-c27a68d48f14: shutdown LeaderElection
2019-09-26 19:36:12,323 [728ea44c-f097-440a-a87e-c27a68d48f14@group-56EF8E9D7D62:LeaderElection1037] INFO  impl.RaftServerImpl (RaftServerImpl.java:setRole(174)) - 728ea44c-f097-440a-a87e-c27a68d48f14@group-56EF8E9D7D62: changes role from CANDIDATE to LEADER at term 1 for changeToLeader
2019-09-26 19:36:12,323 [728ea44c-f097-440a-a87e-c27a68d48f14@group-56EF8E9D7D62:LeaderElection1037] INFO  impl.RaftServerImpl (ServerState.java:setLeader(253)) - 728ea44c-f097-440a-a87e-c27a68d48f14@group-56EF8E9D7D62: change Leader from null to 728ea44c-f097-440a-a87e-c27a68d48f14 at term 1 for becomeLeader, leader elected after 17531ms
2019-09-26 19:36:12,279 [728ea44c-f097-440a-a87e-c27a68d48f14@group-AB23A7610A57:LeaderElection1036] INFO  impl.RoleInfo (RoleInfo.java:shutdownLeaderElection(134)) - 728ea44c-f097-440a-a87e-c27a68d48f14: shutdown LeaderElection
2019-09-26 19:36:12,279 [27cb48db-4b88-4c0c-b213-19f9b2fffaff@group-6067988DFF8F:LeaderElection1039] INFO  impl.RoleInfo (RoleInfo.java:shutdownLeaderElection(134)) - 27cb48db-4b88-4c0c-b213-19f9b2fffaff: shutdown LeaderElection
2019-09-26 19:36:12,279 [27cb48db-4b88-4c0c-b213-19f9b2fffaff@group-7EAA5414454D:LeaderElection1033] INFO  impl.RoleInfo (RoleInfo.java:shutdownLeaderElection(134)) - 27cb48db-4b88-4c0c-b213-19f9b2fffaff: shutdown LeaderElection
2019-09-26 19:36:12,279 [27cb48db-4b88-4c0c-b213-19f9b2fffaff@group-8258851FBC6A:LeaderElection1031] INFO  impl.RoleInfo (RoleInfo.java:shutdownLeaderElection(134)) - 27cb48db-4b88-4c0c-b213-19f9b2fffaff: shutdown LeaderElection
2019-09-26 19:36:12,279 [27cb48db-4b88-4c0c-b213-19f9b2fffaff@group-4286E730C784:LeaderElection1040] INFO  impl.RoleInfo (RoleInfo.java:shutdownLeaderElection(134)) - 27cb48db-4b88-4c0c-b213-19f9b2fffaff: shutdown LeaderElection
2019-09-26 19:36:12,323 [27cb48db-4b88-4c0c-b213-19f9b2fffaff@group-4286E730C784:LeaderElection1040] INFO  impl.RaftServerImpl (RaftServerImpl.java:setRole(174)) - 27cb48db-4b88-4c0c-b213-19f9b2fffaff@group-4286E730C784: changes role from CANDIDATE to LEADER at term 1 for changeToLeader
2019-09-26 19:36:12,278 [99aa1396-69c4-4985-9b2a-20430cc4a0a7@group-8FC43B8E249F:LeaderElection1052] INFO  impl.RaftServerImpl (RaftServerImpl.java:setRole(174)) - 99aa1396-69c4-4985-9b2a-20430cc4a0a7@group-8FC43B8E249F: changes role from CANDIDATE to LEADER at term 1 for changeToLeader
2019-09-26 19:36:12,278 [27cb48db-4b88-4c0c-b213-19f9b2fffaff@group-5C41B557C8F0:LeaderElection1034] INFO  impl.RoleInfo (RoleInfo.java:shutdownLeaderElection(134)) - 27cb48db-4b88-4c0c-b213-19f9b2fffaff: shutdown LeaderElection
2019-09-26 19:36:12,323 [27cb48db-4b88-4c0c-b213-19f9b2fffaff@group-5C41B557C8F0:LeaderElection1034] INFO  impl.RaftServerImpl (RaftServerImpl.java:setRole(174)) - 27cb48db-4b88-4c0c-b213-19f9b2fffaff@group-5C41B557C8F0: changes role from CANDIDATE to LEADER at term 1 for changeToLeader
2019-09-26 19:36:12,278 [728ea44c-f097-440a-a87e-c27a68d48f14@group-16EAEE30D2AE:LeaderElection1032] INFO  impl.RaftServerImpl (RaftServerImpl.java:setRole(174)) - 728ea44c-f097-440a-a87e-c27a68d48f14@group-16EAEE30D2AE: changes role from CANDIDATE to LEADER at term 1 for changeToLeader
2019-09-26 19:36:12,278 [27cb48db-4b88-4c0c-b213-19f9b2fffaff@group-4BF804B3BA25:LeaderElection1045] INFO  impl.RoleInfo (RoleInfo.java:shutdownLeaderElection(134)) - 27cb48db-4b88-4c0c-b213-19f9b2fffaff: shutdown LeaderElection
2019-09-26 19:36:12,278 [27cb48db-4b88-4c0c-b213-19f9b2fffaff@group-AD610815A00B:LeaderElection1016] INFO  server.RaftServerConfigKeys (ConfUtils.java:logGet(43)) - raft.server.watch.timeout = 10s (default)
2019-09-26 19:36:12,278 [27cb48db-4b88-4c0c-b213-19f9b2fffaff@group-604F6EB72B06:LeaderElection1020] INFO  server.RaftServerConfigKeys (ConfUtils.java:logGet(43)) - raft.server.watch.timeout.denomination = 1s (default)
2019-09-26 19:36:12,277 [27cb48db-4b88-4c0c-b213-19f9b2fffaff@group-269437B58436:LeaderElection1018] INFO  server.RaftServerConfigKeys (ConfUtils.java:logGet(43)) - raft.server.watch.timeout = 10s (default)
2019-09-26 19:36:12,324 [27cb48db-4b88-4c0c-b213-19f9b2fffaff@group-269437B58436:LeaderElection1018] INFO  server.RaftServerConfigKeys (ConfUtils.java:logGet(43)) - raft.server.watch.timeout.denomination = 1s (default)
2019-09-26 19:36:12,277 [27cb48db-4b88-4c0c-b213-19f9b2fffaff@group-A59E1FAF9AD8:LeaderElection1023] INFO  server.RaftServerConfigKeys (ConfUtils.java:logGet(43)) - raft.server.watch.timeout = 10s (default)
2019-09-26 19:36:12,277 [728ea44c-f097-440a-a87e-c27a68d48f14@group-C5D49945B174:LeaderElection1021] INFO  server.RaftServerConfigKeys (ConfUtils.java:logGet(43)) - raft.server.watch.timeout = 10s (default)
2019-09-26 19:36:12,277 [99aa1396-69c4-4985-9b2a-20430cc4a0a7@group-55CDCD0E7166:LeaderElection1017] INFO  server.RaftServerConfigKeys (ConfUtils.java:logGet(43)) - raft.server.watch.timeout = 10s (default)
2019-09-26 19:36:12,324 [99aa1396-69c4-4985-9b2a-20430cc4a0a7@group-55CDCD0E7166:LeaderElection1017] INFO  server.RaftServerConfigKeys (ConfUtils.java:logGet(43)) - raft.server.watch.timeout.denomination = 1s (default)
2019-09-26 19:36:12,277 [27cb48db-4b88-4c0c-b213-19f9b2fffaff@group-656C4891FD7A:LeaderElection995] INFO  server.RaftServerConfigKeys (ConfUtils.java:logGet(43)) - raft.server.watch.element-limit = 65536 (default)
2019-09-26 19:36:12,277 [Thread-6911] INFO  impl.RoleInfo (RoleInfo.java:shutdownFollowerState(121)) - 27cb48db-4b88-4c0c-b213-19f9b2fffaff: shutdown FollowerState
2019-09-26 19:36:12,277 [27cb48db-4b88-4c0c-b213-19f9b2fffaff@group-BA9ADC048FEB:LeaderElection989] INFO  server.RaftServerConfigKeys (ConfUtils.java:logGet(43)) - raft.server.watch.element-limit = 65536 (default)
2019-09-26 19:36:12,277 [Thread-6925] INFO  impl.RaftServerImpl (RaftServerImpl.java:setRole(174)) - 27cb48db-4b88-4c0c-b213-19f9b2fffaff@group-0E7151963C0C: changes role from  FOLLOWER to CANDIDATE at term 0 for changeToCandidate
2019-09-26 19:36:12,277 [Thread-6922] INFO  impl.RoleInfo (RoleInfo.java:shutdownFollowerState(121)) - 728ea44c-f097-440a-a87e-c27a68d48f14: shutdown FollowerState
2019-09-26 19:36:12,325 [Thread-6922] INFO  impl.RaftServerImpl (RaftServerImpl.java:setRole(174)) - 728ea44c-f097-440a-a87e-c27a68d48f14@group-AA65AE2DB801: changes role from  FOLLOWER to CANDIDATE at term 0 for changeToCandidate
2019-09-26 19:36:12,276 [Thread-6898] INFO  impl.RaftServerImpl (RaftServerImpl.java:setRole(174)) - 728ea44c-f097-440a-a87e-c27a68d48f14@group-AF87B132B664: changes role from  FOLLOWER to CANDIDATE at term 0 for changeToCandidate
2019-09-26 19:36:12,325 [Thread-6922] INFO  impl.RoleInfo (RoleInfo.java:updateAndGet(143)) - 728ea44c-f097-440a-a87e-c27a68d48f14: start LeaderElection
2019-09-26 19:36:12,276 [Thread-6904] INFO  impl.RoleInfo (RoleInfo.java:shutdownFollowerState(121)) - 27cb48db-4b88-4c0c-b213-19f9b2fffaff: shutdown FollowerState
2019-09-26 19:36:12,276 [Thread-6917] INFO  impl.RoleInfo (RoleInfo.java:shutdownFollowerState(121)) - 728ea44c-f097-440a-a87e-c27a68d48f14: shutdown FollowerState
2019-09-26 19:36:12,325 [Thread-6917] INFO  impl.RaftServerImpl (RaftServerImpl.java:setRole(174)) - 728ea44c-f097-440a-a87e-c27a68d48f14@group-D1445E9B394A: changes role from  FOLLOWER to CANDIDATE at term 0 for changeToCandidate
2019-09-26 19:36:12,276 [728ea44c-f097-440a-a87e-c27a68d48f14@group-A3FDED93FB37-SegmentedRaftLogWorker] INFO  util.JmxRegister (JmxRegister.java:unregister(73)) - Successfully un-registered JMX Bean with object name Ratis:service=RaftServer,group=group-A3FDED93FB37,id=728ea44c-f097-440a-a87e-c27a68d48f14
2019-09-26 19:36:12,276 [728ea44c-f097-440a-a87e-c27a68d48f14@group-7C646671DC62:LeaderElection983] INFO  impl.RoleInfo (RoleInfo.java:updateAndGet(143)) - 728ea44c-f097-440a-a87e-c27a68d48f14: start LeaderState
2019-09-26 19:36:12,276 [Thread-6742] INFO  impl.RoleInfo (RoleInfo.java:shutdownFollowerState(121)) - 27cb48db-4b88-4c0c-b213-19f9b2fffaff: shutdown FollowerState
2019-09-26 19:36:12,275 [728ea44c-f097-440a-a87e-c27a68d48f14@group-BB69EB22B37E:LeaderElection1050] INFO  impl.RaftServerImpl (RaftServerImpl.java:setRole(174)) - 728ea44c-f097-440a-a87e-c27a68d48f14@group-BB69EB22B37E: changes role from CANDIDATE to LEADER at term 1 for changeToLeader
2019-09-26 19:36:12,275 [27cb48db-4b88-4c0c-b213-19f9b2fffaff@group-29622162AE5F:LeaderElection1053] INFO  impl.RoleInfo (RoleInfo.java:shutdownLeaderElection(134)) - 27cb48db-4b88-4c0c-b213-19f9b2fffaff: shutdown LeaderElection
2019-09-26 19:36:12,275 [728ea44c-f097-440a-a87e-c27a68d48f14@group-5F924A8F8ADB:LeaderElection1049] INFO  impl.RoleInfo (RoleInfo.java:shutdownLeaderElection(134)) - 728ea44c-f097-440a-a87e-c27a68d48f14: shutdown LeaderElection
2019-09-26 19:36:12,275 [27cb48db-4b88-4c0c-b213-19f9b2fffaff@group-2FE92788FEB6:LeaderElection1056] INFO  impl.RoleInfo (RoleInfo.java:shutdownLeaderElection(134)) - 27cb48db-4b88-4c0c-b213-19f9b2fffaff: shutdown LeaderElection
2019-09-26 19:36:12,275 [27cb48db-4b88-4c0c-b213-19f9b2fffaff@group-3B1BD1A60D37:LeaderElection1011] INFO  server.RaftServerConfigKeys (ConfUtils.java:logGet(43)) - raft.server.watch.timeout.denomination = 1s (default)
2019-09-26 19:36:12,274 [27cb48db-4b88-4c0c-b213-19f9b2fffaff@group-CD5E6EACE70C:LeaderElection991] INFO  server.RaftServerConfigKeys (ConfUtils.java:logGet(43)) - raft.server.watch.timeout.denomination = 1s (default)
2019-09-26 19:36:12,326 [27cb48db-4b88-4c0c-b213-19f9b2fffaff@group-CD5E6EACE70C:LeaderElection991] INFO  server.RaftServerConfigKeys (ConfUtils.java:logGet(43)) - raft.server.watch.element-limit = 65536 (default)
2019-09-26 19:36:12,274 [Thread-6730] INFO  impl.RoleInfo (RoleInfo.java:shutdownFollowerState(121)) - 728ea44c-f097-440a-a87e-c27a68d48f14: shutdown FollowerState
2019-09-26 19:36:12,274 [27cb48db-4b88-4c0c-b213-19f9b2fffaff@group-9EE6F63F4F99-SegmentedRaftLogWorker] INFO  util.JmxRegister (JmxRegister.java:unregister(73)) - Successfully un-registered JMX Bean with object name Ratis:service=RaftServer,group=group-9EE6F63F4F99,id=27cb48db-4b88-4c0c-b213-19f9b2fffaff
2019-09-26 19:36:12,274 [728ea44c-f097-440a-a87e-c27a68d48f14@group-40C621A7E37E-SegmentedRaftLogWorker] INFO  util.JmxRegister (JmxRegister.java:unregister(73)) - Successfully un-registered JMX Bean with object name Ratis:service=RaftServer,group=group-40C621A7E37E,id=728ea44c-f097-440a-a87e-c27a68d48f14
2019-09-26 19:36:12,326 [728ea44c-f097-440a-a87e-c27a68d48f14@group-40C621A7E37E-SegmentedRaftLogWorker] INFO  impl.RoleInfo (RoleInfo.java:shutdownLeaderState(104)) - 728ea44c-f097-440a-a87e-c27a68d48f14: shutdown LeaderState
2019-09-26 19:36:12,274 [27cb48db-4b88-4c0c-b213-19f9b2fffaff@group-B1E3039FE9C9-SegmentedRaftLogWorker] INFO  util.JmxRegister (JmxRegister.java:unregister(73)) - Successfully un-registered JMX Bean with object name Ratis:service=RaftServer,group=group-B1E3039FE9C9,id=27cb48db-4b88-4c0c-b213-19f9b2fffaff
2019-09-26 19:36:12,273 [27cb48db-4b88-4c0c-b213-19f9b2fffaff@group-7B2272C14AEF:LeaderElection999] INFO  server.RaftServerConfigKeys (ConfUtils.java:logGet(43)) - raft.server.watch.element-limit = 65536 (default)
2019-09-26 19:36:12,273 [27cb48db-4b88-4c0c-b213-19f9b2fffaff@group-686B5EE37884:LeaderElection988] INFO  server.RaftServerConfigKeys (ConfUtils.java:logGet(43)) - raft.server.watch.element-limit = 65536 (default)
2019-09-26 19:36:12,268 [org.apache.hadoop.util.JvmPauseMonitor$Monitor@3cf51fab] INFO  util.JvmPauseMonitor (JvmPauseMonitor.java:run(205)) - Detected pause in JVM or host machine (eg GC): pause of approximately 2586ms
GC pool 'PS MarkSweep' had collection(s): count=7 time=2827ms
GC pool 'PS Scavenge' had collection(s): count=7 time=109ms
2019-09-26 19:36:12,268 [org.apache.hadoop.util.JvmPauseMonitor$Monitor@5b7530d3] INFO  util.JvmPauseMonitor (JvmPauseMonitor.java:run(205)) - Detected pause in JVM or host machine (eg GC): pause of approximately 2586ms
GC pool 'PS MarkSweep' had collection(s): count=7 time=2827ms
GC pool 'PS Scavenge' had collection(s): count=7 time=109ms
2019-09-26 19:36:12,268 [org.apache.hadoop.util.JvmPauseMonitor$Monitor@344de4c6] INFO  util.JvmPauseMonitor (JvmPauseMonitor.java:run(205)) - Detected pause in JVM or host machine (eg GC): pause of approximately 2586ms
GC pool 'PS MarkSweep' had collection(s): count=7 time=2827ms
GC pool 'PS Scavenge' had collection(s): count=7 time=109ms
2019-09-26 19:36:12,268 [org.apache.hadoop.util.JvmPauseMonitor$Monitor@688f7909] INFO  util.JvmPauseMonitor (JvmPauseMonitor.java:run(205)) - Detected pause in JVM or host machine (eg GC): pause of approximately 2586ms
GC pool 'PS MarkSweep' had collection(s): count=7 time=2827ms
GC pool 'PS Scavenge' had collection(s): count=7 time=109ms
2019-09-26 19:36:12,327 [27cb48db-4b88-4c0c-b213-19f9b2fffaff@group-B1E3039FE9C9-SegmentedRaftLogWorker] INFO  impl.RoleInfo (RoleInfo.java:shutdownLeaderState(104)) - 27cb48db-4b88-4c0c-b213-19f9b2fffaff: shutdown LeaderState
2019-09-26 19:36:12,327 [728ea44c-f097-440a-a87e-c27a68d48f14@group-40C621A7E37E-SegmentedRaftLogWorker] INFO  impl.PendingRequests (PendingRequests.java:sendNotLeaderResponses(202)) - 728ea44c-f097-440a-a87e-c27a68d48f14-PendingRequests: sendNotLeaderResponses
2019-09-26 19:36:12,326 [27cb48db-4b88-4c0c-b213-19f9b2fffaff@group-9EE6F63F4F99-SegmentedRaftLogWorker] INFO  impl.RoleInfo (RoleInfo.java:shutdownLeaderState(104)) - 27cb48db-4b88-4c0c-b213-19f9b2fffaff: shutdown LeaderState
2019-09-26 19:36:12,326 [Thread-6730] INFO  impl.RaftServerImpl (RaftServerImpl.java:setRole(174)) - 728ea44c-f097-440a-a87e-c27a68d48f14@group-6645935B50E3: changes role from  FOLLOWER to CANDIDATE at term 0 for changeToCandidate
2019-09-26 19:36:12,328 [27cb48db-4b88-4c0c-b213-19f9b2fffaff@group-656C4891FD7A:LeaderElection995] INFO  impl.RoleInfo (RoleInfo.java:updateAndGet(143)) - 27cb48db-4b88-4c0c-b213-19f9b2fffaff: start LeaderState
2019-09-26 19:36:12,326 [27cb48db-4b88-4c0c-b213-19f9b2fffaff@group-3B1BD1A60D37:LeaderElection1011] INFO  server.RaftServerConfigKeys (ConfUtils.java:logGet(43)) - raft.server.watch.element-limit = 65536 (default)
2019-09-26 19:36:12,326 [27cb48db-4b88-4c0c-b213-19f9b2fffaff@group-2FE92788FEB6:LeaderElection1056] INFO  impl.RaftServerImpl (RaftServerImpl.java:setRole(174)) - 27cb48db-4b88-4c0c-b213-19f9b2fffaff@group-2FE92788FEB6: changes role from CANDIDATE to LEADER at term 1 for changeToLeader
2019-09-26 19:36:12,326 [728ea44c-f097-440a-a87e-c27a68d48f14@group-5F924A8F8ADB:LeaderElection1049] INFO  impl.RaftServerImpl (RaftServerImpl.java:setRole(174)) - 728ea44c-f097-440a-a87e-c27a68d48f14@group-5F924A8F8ADB: changes role from CANDIDATE to LEADER at term 1 for changeToLeader
2019-09-26 19:36:12,326 [27cb48db-4b88-4c0c-b213-19f9b2fffaff@group-29622162AE5F:LeaderElection1053] INFO  impl.RaftServerImpl (RaftServerImpl.java:setRole(174)) - 27cb48db-4b88-4c0c-b213-19f9b2fffaff@group-29622162AE5F: changes role from CANDIDATE to LEADER at term 1 for changeToLeader
2019-09-26 19:36:12,326 [728ea44c-f097-440a-a87e-c27a68d48f14@group-BB69EB22B37E:LeaderElection1050] INFO  impl.RaftServerImpl (ServerState.java:setLeader(253)) - 728ea44c-f097-440a-a87e-c27a68d48f14@group-BB69EB22B37E: change Leader from null to 728ea44c-f097-440a-a87e-c27a68d48f14 at term 1 for becomeLeader, leader elected after 17802ms
2019-09-26 19:36:12,326 [Thread-6742] INFO  impl.RaftServerImpl (RaftServerImpl.java:setRole(174)) - 27cb48db-4b88-4c0c-b213-19f9b2fffaff@group-382D4C860C58: changes role from  FOLLOWER to CANDIDATE at term 0 for changeToCandidate
2019-09-26 19:36:12,326 [728ea44c-f097-440a-a87e-c27a68d48f14@group-7C646671DC62:LeaderElection983] INFO  segmented.SegmentedRaftLogWorker (SegmentedRaftLogWorker.java:startLogSegment(380)) - 728ea44c-f097-440a-a87e-c27a68d48f14@group-7C646671DC62-SegmentedRaftLogWorker: Starting segment from index:0
2019-09-26 19:36:12,326 [728ea44c-f097-440a-a87e-c27a68d48f14@group-A3FDED93FB37-SegmentedRaftLogWorker] INFO  impl.RoleInfo (RoleInfo.java:shutdownLeaderState(104)) - 728ea44c-f097-440a-a87e-c27a68d48f14: shutdown LeaderState
2019-09-26 19:36:12,325 [Thread-6917] INFO  impl.RoleInfo (RoleInfo.java:updateAndGet(143)) - 728ea44c-f097-440a-a87e-c27a68d48f14: start LeaderElection
2019-09-26 19:36:12,325 [Thread-6904] INFO  impl.RaftServerImpl (RaftServerImpl.java:setRole(174)) - 27cb48db-4b88-4c0c-b213-19f9b2fffaff@group-7EC36DED298A: changes role from  FOLLOWER to CANDIDATE at term 0 for changeToCandidate
2019-09-26 19:36:12,325 [Thread-6898] INFO  impl.RoleInfo (RoleInfo.java:updateAndGet(143)) - 728ea44c-f097-440a-a87e-c27a68d48f14: start LeaderElection
2019-09-26 19:36:12,329 [Thread-6904] INFO  impl.RoleInfo (RoleInfo.java:updateAndGet(143)) - 27cb48db-4b88-4c0c-b213-19f9b2fffaff: start LeaderElection
2019-09-26 19:36:12,325 [Thread-6925] INFO  impl.RoleInfo (RoleInfo.java:updateAndGet(143)) - 27cb48db-4b88-4c0c-b213-19f9b2fffaff: start LeaderElection
2019-09-26 19:36:12,325 [728ea44c-f097-440a-a87e-c27a68d48f14@group-FC289A8C3177:LeaderElection1015] INFO  impl.RoleInfo (RoleInfo.java:updateAndGet(143)) - 728ea44c-f097-440a-a87e-c27a68d48f14: start LeaderState
2019-09-26 19:36:12,325 [Thread-6911] INFO  impl.RaftServerImpl (RaftServerImpl.java:setRole(174)) - 27cb48db-4b88-4c0c-b213-19f9b2fffaff@group-88A4DF62043E: changes role from  FOLLOWER to CANDIDATE at term 0 for changeToCandidate
2019-09-26 19:36:12,324 [728ea44c-f097-440a-a87e-c27a68d48f14@group-B46C9A7EAD2D:LeaderElection1009] INFO  impl.RoleInfo (RoleInfo.java:updateAndGet(143)) - 728ea44c-f097-440a-a87e-c27a68d48f14: start LeaderState
2019-09-26 19:36:12,324 [99aa1396-69c4-4985-9b2a-20430cc4a0a7@group-55CDCD0E7166:LeaderElection1017] INFO  server.RaftServerConfigKeys (ConfUtils.java:logGet(43)) - raft.server.watch.element-limit = 65536 (default)
2019-09-26 19:36:12,324 [27cb48db-4b88-4c0c-b213-19f9b2fffaff@group-684BA3C5CC11:LeaderElection1012] INFO  impl.RoleInfo (RoleInfo.java:updateAndGet(143)) - 27cb48db-4b88-4c0c-b213-19f9b2fffaff: start LeaderState
2019-09-26 19:36:12,324 [728ea44c-f097-440a-a87e-c27a68d48f14@group-C5D49945B174:LeaderElection1021] INFO  server.RaftServerConfigKeys (ConfUtils.java:logGet(43)) - raft.server.watch.timeout.denomination = 1s (default)
2019-09-26 19:36:12,324 [27cb48db-4b88-4c0c-b213-19f9b2fffaff@group-A59E1FAF9AD8:LeaderElection1023] INFO  server.RaftServerConfigKeys (ConfUtils.java:logGet(43)) - raft.server.watch.timeout.denomination = 1s (default)
2019-09-26 19:36:12,324 [27cb48db-4b88-4c0c-b213-19f9b2fffaff@group-3731B9264D30:LeaderElection1013] INFO  impl.RoleInfo (RoleInfo.java:updateAndGet(143)) - 27cb48db-4b88-4c0c-b213-19f9b2fffaff: start LeaderState
2019-09-26 19:36:12,324 [99aa1396-69c4-4985-9b2a-20430cc4a0a7@group-BA736CDCA3E4:LeaderElection1002] INFO  impl.RoleInfo (RoleInfo.java:updateAndGet(143)) - 99aa1396-69c4-4985-9b2a-20430cc4a0a7: start LeaderState
2019-09-26 19:36:12,324 [27cb48db-4b88-4c0c-b213-19f9b2fffaff@group-269437B58436:LeaderElection1018] INFO  server.RaftServerConfigKeys (ConfUtils.java:logGet(43)) - raft.server.watch.element-limit = 65536 (default)
2019-09-26 19:36:12,324 [27cb48db-4b88-4c0c-b213-19f9b2fffaff@group-604F6EB72B06:LeaderElection1020] INFO  server.RaftServerConfigKeys (ConfUtils.java:logGet(43)) - raft.server.watch.element-limit = 65536 (default)
2019-09-26 19:36:12,324 [27cb48db-4b88-4c0c-b213-19f9b2fffaff@group-AD610815A00B:LeaderElection1016] INFO  server.RaftServerConfigKeys (ConfUtils.java:logGet(43)) - raft.server.watch.timeout.denomination = 1s (default)
2019-09-26 19:36:12,324 [27cb48db-4b88-4c0c-b213-19f9b2fffaff@group-4BF804B3BA25:LeaderElection1045] INFO  impl.RaftServerImpl (RaftServerImpl.java:setRole(174)) - 27cb48db-4b88-4c0c-b213-19f9b2fffaff@group-4BF804B3BA25: changes role from CANDIDATE to LEADER at term 1 for changeToLeader
2019-09-26 19:36:12,323 [728ea44c-f097-440a-a87e-c27a68d48f14@group-16EAEE30D2AE:LeaderElection1032] INFO  impl.RaftServerImpl (ServerState.java:setLeader(253)) - 728ea44c-f097-440a-a87e-c27a68d48f14@group-16EAEE30D2AE: change Leader from null to 728ea44c-f097-440a-a87e-c27a68d48f14 at term 1 for becomeLeader, leader elected after 17709ms
2019-09-26 19:36:12,323 [728ea44c-f097-440a-a87e-c27a68d48f14@group-09E478195B44:LeaderElection998] INFO  impl.RoleInfo (RoleInfo.java:updateAndGet(143)) - 728ea44c-f097-440a-a87e-c27a68d48f14: start LeaderState
2019-09-26 19:36:12,323 [27cb48db-4b88-4c0c-b213-19f9b2fffaff@group-5C41B557C8F0:LeaderElection1034] INFO  impl.RaftServerImpl (ServerState.java:setLeader(253)) - 27cb48db-4b88-4c0c-b213-19f9b2fffaff@group-5C41B557C8F0: change Leader from null to 27cb48db-4b88-4c0c-b213-19f9b2fffaff at term 1 for becomeLeader, leader elected after 17443ms
2019-09-26 19:36:12,323 [99aa1396-69c4-4985-9b2a-20430cc4a0a7@group-8FC43B8E249F:LeaderElection1052] INFO  impl.RaftServerImpl (ServerState.java:setLeader(253)) - 99aa1396-69c4-4985-9b2a-20430cc4a0a7@group-8FC43B8E249F: change Leader from null to 99aa1396-69c4-4985-9b2a-20430cc4a0a7 at term 1 for becomeLeader, leader elected after 17485ms
2019-09-26 19:36:12,323 [27cb48db-4b88-4c0c-b213-19f9b2fffaff@group-4286E730C784:LeaderElection1040] INFO  impl.RaftServerImpl (ServerState.java:setLeader(253)) - 27cb48db-4b88-4c0c-b213-19f9b2fffaff@group-4286E730C784: change Leader from null to 27cb48db-4b88-4c0c-b213-19f9b2fffaff at term 1 for becomeLeader, leader elected after 17642ms
2019-09-26 19:36:12,323 [27cb48db-4b88-4c0c-b213-19f9b2fffaff@group-8258851FBC6A:LeaderElection1031] INFO  impl.RaftServerImpl (RaftServerImpl.java:setRole(174)) - 27cb48db-4b88-4c0c-b213-19f9b2fffaff@group-8258851FBC6A: changes role from CANDIDATE to LEADER at term 1 for changeToLeader
2019-09-26 19:36:12,330 [27cb48db-4b88-4c0c-b213-19f9b2fffaff@group-8258851FBC6A:LeaderElection1031] INFO  impl.RaftServerImpl (ServerState.java:setLeader(253)) - 27cb48db-4b88-4c0c-b213-19f9b2fffaff@group-8258851FBC6A: change Leader from null to 27cb48db-4b88-4c0c-b213-19f9b2fffaff at term 1 for becomeLeader, leader elected after 17612ms
2019-09-26 19:36:12,323 [27cb48db-4b88-4c0c-b213-19f9b2fffaff@group-7EAA5414454D:LeaderElection1033] INFO  impl.RaftServerImpl (RaftServerImpl.java:setRole(174)) - 27cb48db-4b88-4c0c-b213-19f9b2fffaff@group-7EAA5414454D: changes role from CANDIDATE to LEADER at term 1 for changeToLeader
2019-09-26 19:36:12,323 [27cb48db-4b88-4c0c-b213-19f9b2fffaff@group-6067988DFF8F:LeaderElection1039] INFO  impl.RaftServerImpl (RaftServerImpl.java:setRole(174)) - 27cb48db-4b88-4c0c-b213-19f9b2fffaff@group-6067988DFF8F: changes role from CANDIDATE to LEADER at term 1 for changeToLeader
2019-09-26 19:36:12,331 [27cb48db-4b88-4c0c-b213-19f9b2fffaff@group-6067988DFF8F:LeaderElection1039] INFO  impl.RaftServerImpl (ServerState.java:setLeader(253)) - 27cb48db-4b88-4c0c-b213-19f9b2fffaff@group-6067988DFF8F: change Leader from null to 27cb48db-4b88-4c0c-b213-19f9b2fffaff at term 1 for becomeLeader, leader elected after 17576ms
2019-09-26 19:36:12,323 [728ea44c-f097-440a-a87e-c27a68d48f14@group-AB23A7610A57:LeaderElection1036] INFO  impl.RaftServerImpl (RaftServerImpl.java:setRole(174)) - 728ea44c-f097-440a-a87e-c27a68d48f14@group-AB23A7610A57: changes role from CANDIDATE to LEADER at term 1 for changeToLeader
2019-09-26 19:36:12,331 [728ea44c-f097-440a-a87e-c27a68d48f14@group-AB23A7610A57:LeaderElection1036] INFO  impl.RaftServerImpl (ServerState.java:setLeader(253)) - 728ea44c-f097-440a-a87e-c27a68d48f14@group-AB23A7610A57: change Leader from null to 728ea44c-f097-440a-a87e-c27a68d48f14 at term 1 for becomeLeader, leader elected after 17510ms
2019-09-26 19:36:12,323 [728ea44c-f097-440a-a87e-c27a68d48f14@group-56EF8E9D7D62:LeaderElection1037] INFO  server.RaftServerConfigKeys (ConfUtils.java:logGet(43)) - raft.server.staging.catchup.gap = 1000 (default)
2019-09-26 19:36:12,322 [27cb48db-4b88-4c0c-b213-19f9b2fffaff@group-71E8ECDACFBB:LeaderElection1044] INFO  impl.RaftServerImpl (RaftServerImpl.java:setRole(174)) - 27cb48db-4b88-4c0c-b213-19f9b2fffaff@group-71E8ECDACFBB: changes role from CANDIDATE to LEADER at term 1 for changeToLeader
2019-09-26 19:36:12,331 [27cb48db-4b88-4c0c-b213-19f9b2fffaff@group-71E8ECDACFBB:LeaderElection1044] INFO  impl.RaftServerImpl (ServerState.java:setLeader(253)) - 27cb48db-4b88-4c0c-b213-19f9b2fffaff@group-71E8ECDACFBB: change Leader from null to 27cb48db-4b88-4c0c-b213-19f9b2fffaff at term 1 for becomeLeader, leader elected after 12761ms
2019-09-26 19:36:12,322 [27cb48db-4b88-4c0c-b213-19f9b2fffaff@group-CEE4714DA134:LeaderElection1041] INFO  impl.RaftServerImpl (RaftServerImpl.java:setRole(174)) - 27cb48db-4b88-4c0c-b213-19f9b2fffaff@group-CEE4714DA134: changes role from CANDIDATE to LEADER at term 1 for changeToLeader
2019-09-26 19:36:12,322 [728ea44c-f097-440a-a87e-c27a68d48f14@group-89DB952C4950:LeaderElection982] INFO  segmented.SegmentedRaftLogWorker (SegmentedRaftLogWorker.java:startLogSegment(380)) - 728ea44c-f097-440a-a87e-c27a68d48f14@group-89DB952C4950-SegmentedRaftLogWorker: Starting segment from index:0
2019-09-26 19:36:12,322 [27cb48db-4b88-4c0c-b213-19f9b2fffaff@group-65C693C3A0E2:LeaderElection1026] INFO  impl.RaftServerImpl (ServerState.java:setLeader(253)) - 27cb48db-4b88-4c0c-b213-19f9b2fffaff@group-65C693C3A0E2: change Leader from null to 27cb48db-4b88-4c0c-b213-19f9b2fffaff at term 1 for becomeLeader, leader elected after 12868ms
2019-09-26 19:36:12,322 [27cb48db-4b88-4c0c-b213-19f9b2fffaff@group-B494DA265365:LeaderElection1057] INFO  impl.RaftServerImpl (RaftServerImpl.java:setRole(174)) - 27cb48db-4b88-4c0c-b213-19f9b2fffaff@group-B494DA265365: changes role from CANDIDATE to LEADER at term 1 for changeToLeader
2019-09-26 19:36:12,322 [99aa1396-69c4-4985-9b2a-20430cc4a0a7@group-A669BF675AA0:LeaderElection1042] INFO  impl.RaftServerImpl (RaftServerImpl.java:setRole(174)) - 99aa1396-69c4-4985-9b2a-20430cc4a0a7@group-A669BF675AA0: changes role from CANDIDATE to LEADER at term 1 for changeToLeader
2019-09-26 19:36:12,322 [728ea44c-f097-440a-a87e-c27a68d48f14@group-6729514BE427:LeaderElection1043] INFO  impl.RaftServerImpl (RaftServerImpl.java:setRole(174)) - 728ea44c-f097-440a-a87e-c27a68d48f14@group-6729514BE427: changes role from CANDIDATE to LEADER at term 1 for changeToLeader
2019-09-26 19:36:12,331 [728ea44c-f097-440a-a87e-c27a68d48f14@group-6729514BE427:LeaderElection1043] INFO  impl.RaftServerImpl (ServerState.java:setLeader(253)) - 728ea44c-f097-440a-a87e-c27a68d48f14@group-6729514BE427: change Leader from null to 728ea44c-f097-440a-a87e-c27a68d48f14 at term 1 for becomeLeader, leader elected after 12809ms
2019-09-26 19:36:12,322 [Thread-6846] INFO  impl.RaftServerImpl (RaftServerImpl.java:setRole(174)) - 27cb48db-4b88-4c0c-b213-19f9b2fffaff@group-96D25400B53D: changes role from  FOLLOWER to CANDIDATE at term 0 for changeToCandidate
2019-09-26 19:36:12,322 [Thread-6858] INFO  impl.RaftServerImpl (RaftServerImpl.java:setRole(174)) - 728ea44c-f097-440a-a87e-c27a68d48f14@group-191D7D199588: changes role from  FOLLOWER to CANDIDATE at term 0 for changeToCandidate
2019-09-26 19:36:12,322 [27cb48db-4b88-4c0c-b213-19f9b2fffaff@group-081BA867897B:LeaderElection1014] INFO  server.RaftServerConfigKeys (ConfUtils.java:logGet(43)) - raft.server.watch.element-limit = 65536 (default)
2019-09-26 19:36:12,321 [99aa1396-69c4-4985-9b2a-20430cc4a0a7@group-FEEB0BA2637C:LeaderElection1022] INFO  server.RaftServerConfigKeys (ConfUtils.java:logGet(43)) - raft.server.watch.timeout = 10s (default)
2019-09-26 19:36:12,321 [27cb48db-4b88-4c0c-b213-19f9b2fffaff@group-65EB277B690C:LeaderElection1019] INFO  server.RaftServerConfigKeys (ConfUtils.java:logGet(43)) - raft.server.watch.element-limit = 65536 (default)
2019-09-26 19:36:12,321 [728ea44c-f097-440a-a87e-c27a68d48f14@group-DB3AFAA8F5B8:LeaderElection1025] INFO  server.RaftServerConfigKeys (ConfUtils.java:logGet(43)) - raft.server.write.element-limit = 4096 (default)
2019-09-26 19:36:12,321 [27cb48db-4b88-4c0c-b213-19f9b2fffaff@group-A6166F251855:LeaderElection1029] INFO  server.RaftServerConfigKeys (ConfUtils.java:logGet(43)) - raft.server.rpc.sleep.time = 25ms (default)
2019-09-26 19:36:12,321 [27cb48db-4b88-4c0c-b213-19f9b2fffaff@group-D0AE5A240A11:LeaderElection980] INFO  segmented.SegmentedRaftLogWorker (SegmentedRaftLogWorker.java:startLogSegment(380)) - 27cb48db-4b88-4c0c-b213-19f9b2fffaff@group-D0AE5A240A11-SegmentedRaftLogWorker: Starting segment from index:0
2019-09-26 19:36:12,321 [728ea44c-f097-440a-a87e-c27a68d48f14@group-29C734BE2100:LeaderElection1024] INFO  server.RaftServerConfigKeys (ConfUtils.java:logGet(43)) - raft.server.rpc.sleep.time = 25ms (default)
2019-09-26 19:36:12,321 [27cb48db-4b88-4c0c-b213-19f9b2fffaff@group-7C23D55C331C:LeaderElection1027] INFO  server.RaftServerConfigKeys (ConfUtils.java:logGet(43)) - raft.server.watch.timeout = 10s (default)
2019-09-26 19:36:12,320 [728ea44c-f097-440a-a87e-c27a68d48f14@group-61276961113F:LeaderElection1030] INFO  server.RaftServerConfigKeys (ConfUtils.java:logGet(43)) - raft.server.rpc.sleep.time = 25ms (default)
2019-09-26 19:36:12,333 [27cb48db-4b88-4c0c-b213-19f9b2fffaff@group-686B5EE37884:LeaderElection988] INFO  impl.RoleInfo (RoleInfo.java:updateAndGet(143)) - 27cb48db-4b88-4c0c-b213-19f9b2fffaff: start LeaderState
2019-09-26 19:36:12,320 [99aa1396-69c4-4985-9b2a-20430cc4a0a7@group-FBCC5E2B6B47:LeaderElection1028] INFO  server.RaftServerConfigKeys (ConfUtils.java:logGet(43)) - raft.server.rpc.sleep.time = 25ms (default)
2019-09-26 19:36:12,320 [Thread-6219] INFO  server.AbstractConnector (AbstractConnector.java:doStop(318)) - Stopped ServerConnector@13d6af6f{HTTP/1.1,[http/1.1]}{0.0.0.0:0}
2019-09-26 19:36:12,320 [728ea44c-f097-440a-a87e-c27a68d48f14@group-81150C1B35EC:LeaderElection993] INFO  segmented.SegmentedRaftLogWorker (SegmentedRaftLogWorker.java:startLogSegment(380)) - 728ea44c-f097-440a-a87e-c27a68d48f14@group-81150C1B35EC-SegmentedRaftLogWorker: Starting segment from index:0
2019-09-26 19:36:12,320 [pool-271-thread-1] INFO  server.RaftServerConfigKeys (ConfUtils.java:logGet(43)) - raft.server.log.segment.size.max = 1048576 (custom)
2019-09-26 19:36:12,333 [728ea44c-f097-440a-a87e-c27a68d48f14@group-81150C1B35EC:LeaderElection993] INFO  impl.RaftServerImpl (ServerState.java:setRaftConf(354)) - 728ea44c-f097-440a-a87e-c27a68d48f14@group-81150C1B35EC: set configuration 0: [728ea44c-f097-440a-a87e-c27a68d48f14:192.168.151.99:38783], old=null at 0
2019-09-26 19:36:12,319 [Thread-6736] INFO  impl.FollowerState (FollowerState.java:run(106)) - 27cb48db-4b88-4c0c-b213-19f9b2fffaff:group-15639E0CE94A changes to CANDIDATE, lastRpcTime:16541, electionTimeout:5118ms
2019-09-26 19:36:12,302 [27cb48db-4b88-4c0c-b213-19f9b2fffaff@group-8502D39265A6:LeaderElection1005] INFO  server.RaftServerConfigKeys (ConfUtils.java:logGet(43)) - raft.server.watch.element-limit = 65536 (default)
2019-09-26 19:36:12,302 [27cb48db-4b88-4c0c-b213-19f9b2fffaff@group-2101955D751F:LeaderElection990] INFO  segmented.SegmentedRaftLogWorker (SegmentedRaftLogWorker.java:startLogSegment(380)) - 27cb48db-4b88-4c0c-b213-19f9b2fffaff@group-2101955D751F-SegmentedRaftLogWorker: Starting segment from index:0
2019-09-26 19:36:12,302 [728ea44c-f097-440a-a87e-c27a68d48f14@group-A248398DF8D6:LeaderElection1006] INFO  server.RaftServerConfigKeys (ConfUtils.java:logGet(43)) - raft.server.watch.element-limit = 65536 (default)
2019-09-26 19:36:12,302 [27cb48db-4b88-4c0c-b213-19f9b2fffaff@group-9B0E204FFB32:LeaderElection997] INFO  segmented.SegmentedRaftLogWorker (SegmentedRaftLogWorker.java:startLogSegment(380)) - 27cb48db-4b88-4c0c-b213-19f9b2fffaff@group-9B0E204FFB32-SegmentedRaftLogWorker: Starting segment from index:0
2019-09-26 19:36:12,302 [27cb48db-4b88-4c0c-b213-19f9b2fffaff@group-D1BA8AE37FD0:LeaderElection1007] INFO  server.RaftServerConfigKeys (ConfUtils.java:logGet(43)) - raft.server.watch.element-limit = 65536 (default)
2019-09-26 19:36:12,302 [27cb48db-4b88-4c0c-b213-19f9b2fffaff@group-E5EC31325CD2:LeaderElection994] INFO  segmented.SegmentedRaftLogWorker (SegmentedRaftLogWorker.java:startLogSegment(380)) - 27cb48db-4b88-4c0c-b213-19f9b2fffaff@group-E5EC31325CD2-SegmentedRaftLogWorker: Starting segment from index:0
2019-09-26 19:36:12,302 [27cb48db-4b88-4c0c-b213-19f9b2fffaff@group-53CA1E877E21:LeaderElection992] INFO  segmented.SegmentedRaftLogWorker (SegmentedRaftLogWorker.java:startLogSegment(380)) - 27cb48db-4b88-4c0c-b213-19f9b2fffaff@group-53CA1E877E21-SegmentedRaftLogWorker: Starting segment from index:0
2019-09-26 19:36:12,301 [27cb48db-4b88-4c0c-b213-19f9b2fffaff@group-A260F6F3F135:LeaderElection996] INFO  segmented.SegmentedRaftLogWorker (SegmentedRaftLogWorker.java:startLogSegment(380)) - 27cb48db-4b88-4c0c-b213-19f9b2fffaff@group-A260F6F3F135-SegmentedRaftLogWorker: Starting segment from index:0
2019-09-26 19:36:12,301 [99aa1396-69c4-4985-9b2a-20430cc4a0a7@group-119644BB2AD2:LeaderElection1004] INFO  server.RaftServerConfigKeys (ConfUtils.java:logGet(43)) - raft.server.watch.element-limit = 65536 (default)
2019-09-26 19:36:12,301 [728ea44c-f097-440a-a87e-c27a68d48f14@group-516E0962CCE3:LeaderElection1000] INFO  server.RaftServerConfigKeys (ConfUtils.java:logGet(43)) - raft.server.watch.timeout.denomination = 1s (default)
2019-09-26 19:36:12,301 [27cb48db-4b88-4c0c-b213-19f9b2fffaff@group-CF122FDC6C03:LeaderElection1008] INFO  server.RaftServerConfigKeys (ConfUtils.java:logGet(43)) - raft.server.watch.element-limit = 65536 (default)
2019-09-26 19:36:12,301 [27cb48db-4b88-4c0c-b213-19f9b2fffaff@group-5B13DE4C131A:LeaderElection1010] INFO  server.RaftServerConfigKeys (ConfUtils.java:logGet(43)) - raft.server.watch.element-limit = 65536 (default)
2019-09-26 19:36:12,301 [27cb48db-4b88-4c0c-b213-19f9b2fffaff@group-9D764B33AD0C:LeaderElection1003] INFO  server.RaftServerConfigKeys (ConfUtils.java:logGet(43)) - raft.server.watch.element-limit = 65536 (default)
2019-09-26 19:36:12,301 [728ea44c-f097-440a-a87e-c27a68d48f14@group-38F2945183E6:LeaderElection1001] INFO  server.RaftServerConfigKeys (ConfUtils.java:logGet(43)) - raft.server.watch.element-limit = 65536 (default)
2019-09-26 19:36:12,334 [728ea44c-f097-440a-a87e-c27a68d48f14@group-516E0962CCE3:LeaderElection1000] INFO  server.RaftServerConfigKeys (ConfUtils.java:logGet(43)) - raft.server.watch.element-limit = 65536 (default)
2019-09-26 19:36:12,334 [27cb48db-4b88-4c0c-b213-19f9b2fffaff@group-A260F6F3F135:LeaderElection996] INFO  impl.RaftServerImpl (ServerState.java:setRaftConf(354)) - 27cb48db-4b88-4c0c-b213-19f9b2fffaff@group-A260F6F3F135: set configuration 0: [27cb48db-4b88-4c0c-b213-19f9b2fffaff:192.168.151.99:37457], old=null at 0
2019-09-26 19:36:12,334 [27cb48db-4b88-4c0c-b213-19f9b2fffaff@group-53CA1E877E21:LeaderElection992] INFO  impl.RaftServerImpl (ServerState.java:setRaftConf(354)) - 27cb48db-4b88-4c0c-b213-19f9b2fffaff@group-53CA1E877E21: set configuration 0: [27cb48db-4b88-4c0c-b213-19f9b2fffaff:192.168.151.99:37457], old=null at 0
2019-09-26 19:36:12,334 [27cb48db-4b88-4c0c-b213-19f9b2fffaff@group-E5EC31325CD2:LeaderElection994] INFO  impl.RaftServerImpl (ServerState.java:setRaftConf(354)) - 27cb48db-4b88-4c0c-b213-19f9b2fffaff@group-E5EC31325CD2: set configuration 0: [27cb48db-4b88-4c0c-b213-19f9b2fffaff:192.168.151.99:37457], old=null at 0
2019-09-26 19:36:12,334 [27cb48db-4b88-4c0c-b213-19f9b2fffaff@group-9B0E204FFB32:LeaderElection997] INFO  impl.RaftServerImpl (ServerState.java:setRaftConf(354)) - 27cb48db-4b88-4c0c-b213-19f9b2fffaff@group-9B0E204FFB32: set configuration 0: [27cb48db-4b88-4c0c-b213-19f9b2fffaff:192.168.151.99:37457], old=null at 0
2019-09-26 19:36:12,334 [27cb48db-4b88-4c0c-b213-19f9b2fffaff@group-2101955D751F:LeaderElection990] INFO  impl.RaftServerImpl (ServerState.java:setRaftConf(354)) - 27cb48db-4b88-4c0c-b213-19f9b2fffaff@group-2101955D751F: set configuration 0: [27cb48db-4b88-4c0c-b213-19f9b2fffaff:192.168.151.99:37457], old=null at 0
2019-09-26 19:36:12,334 [27cb48db-4b88-4c0c-b213-19f9b2fffaff@group-3B1BD1A60D37:LeaderElection1011] INFO  impl.RoleInfo (RoleInfo.java:updateAndGet(143)) - 27cb48db-4b88-4c0c-b213-19f9b2fffaff: start LeaderState
2019-09-26 19:36:12,333 [Thread-6736] INFO  impl.RoleInfo (RoleInfo.java:shutdownFollowerState(121)) - 27cb48db-4b88-4c0c-b213-19f9b2fffaff: shutdown FollowerState
2019-09-26 19:36:12,333 [pool-271-thread-1] INFO  server.RaftServerConfigKeys (ConfUtils.java:logGet(43)) - raft.server.log.segment.cache.num.max = 2 (custom)
2019-09-26 19:36:12,333 [Thread-6219] INFO  handler.ContextHandler (ContextHandler.java:doStop(910)) - Stopped o.e.j.s.ServletContextHandler@4255390{/static,file:///workdir/hadoop-ozone/integration-test/target/test-classes/webapps/static,UNAVAILABLE}
2019-09-26 19:36:12,333 [99aa1396-69c4-4985-9b2a-20430cc4a0a7@group-FBCC5E2B6B47:LeaderElection1028] INFO  server.RaftServerConfigKeys (ConfUtils.java:logGet(43)) - raft.server.write.element-limit = 4096 (default)
2019-09-26 19:36:12,333 [27cb48db-4b88-4c0c-b213-19f9b2fffaff@group-686B5EE37884:LeaderElection988] INFO  segmented.SegmentedRaftLogWorker (SegmentedRaftLogWorker.java:startLogSegment(380)) - 27cb48db-4b88-4c0c-b213-19f9b2fffaff@group-686B5EE37884-SegmentedRaftLogWorker: Starting segment from index:0
2019-09-26 19:36:12,333 [728ea44c-f097-440a-a87e-c27a68d48f14@group-61276961113F:LeaderElection1030] INFO  server.RaftServerConfigKeys (ConfUtils.java:logGet(43)) - raft.server.write.element-limit = 4096 (default)
2019-09-26 19:36:12,333 [27cb48db-4b88-4c0c-b213-19f9b2fffaff@group-D0AE5A240A11:LeaderElection980] INFO  impl.RaftServerImpl (ServerState.java:setRaftConf(354)) - 27cb48db-4b88-4c0c-b213-19f9b2fffaff@group-D0AE5A240A11: set configuration 0: [27cb48db-4b88-4c0c-b213-19f9b2fffaff:192.168.151.99:37457], old=null at 0
2019-09-26 19:36:12,333 [27cb48db-4b88-4c0c-b213-19f9b2fffaff@group-7C23D55C331C:LeaderElection1027] INFO  server.RaftServerConfigKeys (ConfUtils.java:logGet(43)) - raft.server.watch.timeout.denomination = 1s (default)
2019-09-26 19:36:12,332 [728ea44c-f097-440a-a87e-c27a68d48f14@group-29C734BE2100:LeaderElection1024] INFO  server.RaftServerConfigKeys (ConfUtils.java:logGet(43)) - raft.server.write.element-limit = 4096 (default)
2019-09-26 19:36:12,332 [27cb48db-4b88-4c0c-b213-19f9b2fffaff@group-7B2272C14AEF:LeaderElection999] INFO  impl.RoleInfo (RoleInfo.java:updateAndGet(143)) - 27cb48db-4b88-4c0c-b213-19f9b2fffaff: start LeaderState
2019-09-26 19:36:12,332 [27cb48db-4b88-4c0c-b213-19f9b2fffaff@group-A6166F251855:LeaderElection1029] INFO  server.RaftServerConfigKeys (ConfUtils.java:logGet(43)) - raft.server.write.element-limit = 4096 (default)
2019-09-26 19:36:12,332 [728ea44c-f097-440a-a87e-c27a68d48f14@group-DB3AFAA8F5B8:LeaderElection1025] INFO  server.RaftServerConfigKeys (ConfUtils.java:logGet(43)) - raft.server.watch.timeout = 10s (default)
2019-09-26 19:36:12,332 [99aa1396-69c4-4985-9b2a-20430cc4a0a7@group-FEEB0BA2637C:LeaderElection1022] INFO  server.RaftServerConfigKeys (ConfUtils.java:logGet(43)) - raft.server.watch.timeout.denomination = 1s (default)
2019-09-26 19:36:12,332 [Thread-6858] INFO  impl.RoleInfo (RoleInfo.java:updateAndGet(143)) - 728ea44c-f097-440a-a87e-c27a68d48f14: start LeaderElection
2019-09-26 19:36:12,332 [Thread-6846] INFO  impl.RoleInfo (RoleInfo.java:updateAndGet(143)) - 27cb48db-4b88-4c0c-b213-19f9b2fffaff: start LeaderElection
2019-09-26 19:36:12,332 [728ea44c-f097-440a-a87e-c27a68d48f14@group-6729514BE427:LeaderElection1043] INFO  server.RaftServerConfigKeys (ConfUtils.java:logGet(43)) - raft.server.staging.catchup.gap = 1000 (default)
2019-09-26 19:36:12,331 [99aa1396-69c4-4985-9b2a-20430cc4a0a7@group-A669BF675AA0:LeaderElection1042] INFO  impl.RaftServerImpl (ServerState.java:setLeader(253)) - 99aa1396-69c4-4985-9b2a-20430cc4a0a7@group-A669BF675AA0: change Leader from null to 99aa1396-69c4-4985-9b2a-20430cc4a0a7 at term 1 for becomeLeader, leader elected after 12844ms
2019-09-26 19:36:12,331 [27cb48db-4b88-4c0c-b213-19f9b2fffaff@group-CD5E6EACE70C:LeaderElection991] INFO  impl.RoleInfo (RoleInfo.java:updateAndGet(143)) - 27cb48db-4b88-4c0c-b213-19f9b2fffaff: start LeaderState
2019-09-26 19:36:12,331 [27cb48db-4b88-4c0c-b213-19f9b2fffaff@group-B494DA265365:LeaderElection1057] INFO  impl.RaftServerImpl (ServerState.java:setLeader(253)) - 27cb48db-4b88-4c0c-b213-19f9b2fffaff@group-B494DA265365: change Leader from null to 27cb48db-4b88-4c0c-b213-19f9b2fffaff at term 1 for becomeLeader, leader elected after 15887ms
2019-09-26 19:36:12,331 [728ea44c-f097-440a-a87e-c27a68d48f14@group-89DB952C4950:LeaderElection982] INFO  impl.RaftServerImpl (ServerState.java:setRaftConf(354)) - 728ea44c-f097-440a-a87e-c27a68d48f14@group-89DB952C4950: set configuration 0: [728ea44c-f097-440a-a87e-c27a68d48f14:192.168.151.99:38783], old=null at 0
2019-09-26 19:36:12,338 [27cb48db-4b88-4c0c-b213-19f9b2fffaff@group-B494DA265365:LeaderElection1057] INFO  server.RaftServerConfigKeys (ConfUtils.java:logGet(43)) - raft.server.staging.catchup.gap = 1000 (default)
2019-09-26 19:36:12,331 [27cb48db-4b88-4c0c-b213-19f9b2fffaff@group-65C693C3A0E2:LeaderElection1026] INFO  server.RaftServerConfigKeys (ConfUtils.java:logGet(43)) - raft.server.staging.catchup.gap = 1000 (default)
2019-09-26 19:36:12,331 [27cb48db-4b88-4c0c-b213-19f9b2fffaff@group-CEE4714DA134:LeaderElection1041] INFO  impl.RaftServerImpl (ServerState.java:setLeader(253)) - 27cb48db-4b88-4c0c-b213-19f9b2fffaff@group-CEE4714DA134: change Leader from null to 27cb48db-4b88-4c0c-b213-19f9b2fffaff at term 1 for becomeLeader, leader elected after 12902ms
2019-09-26 19:36:12,331 [27cb48db-4b88-4c0c-b213-19f9b2fffaff@group-71E8ECDACFBB:LeaderElection1044] INFO  server.RaftServerConfigKeys (ConfUtils.java:logGet(43)) - raft.server.staging.catchup.gap = 1000 (default)
2019-09-26 19:36:12,331 [728ea44c-f097-440a-a87e-c27a68d48f14@group-56EF8E9D7D62:LeaderElection1037] INFO  server.RaftServerConfigKeys (ConfUtils.java:logGet(43)) - raft.server.rpc.sleep.time = 25ms (default)
2019-09-26 19:36:12,331 [728ea44c-f097-440a-a87e-c27a68d48f14@group-AB23A7610A57:LeaderElection1036] INFO  server.RaftServerConfigKeys (ConfUtils.java:logGet(43)) - raft.server.staging.catchup.gap = 1000 (default)
2019-09-26 19:36:12,331 [27cb48db-4b88-4c0c-b213-19f9b2fffaff@group-6067988DFF8F:LeaderElection1039] INFO  server.RaftServerConfigKeys (ConfUtils.java:logGet(43)) - raft.server.staging.catchup.gap = 1000 (default)
2019-09-26 19:36:12,331 [27cb48db-4b88-4c0c-b213-19f9b2fffaff@group-7EAA5414454D:LeaderElection1033] INFO  impl.RaftServerImpl (ServerState.java:setLeader(253)) - 27cb48db-4b88-4c0c-b213-19f9b2fffaff@group-7EAA5414454D: change Leader from null to 27cb48db-4b88-4c0c-b213-19f9b2fffaff at term 1 for becomeLeader, leader elected after 17841ms
2019-09-26 19:36:12,330 [27cb48db-4b88-4c0c-b213-19f9b2fffaff@group-8258851FBC6A:LeaderElection1031] INFO  server.RaftServerConfigKeys (ConfUtils.java:logGet(43)) - raft.server.staging.catchup.gap = 1000 (default)
2019-09-26 19:36:12,330 [27cb48db-4b88-4c0c-b213-19f9b2fffaff@group-4286E730C784:LeaderElection1040] INFO  server.RaftServerConfigKeys (ConfUtils.java:logGet(43)) - raft.server.staging.catchup.gap = 1000 (default)
2019-09-26 19:36:12,330 [99aa1396-69c4-4985-9b2a-20430cc4a0a7@group-8FC43B8E249F:LeaderElection1052] INFO  server.RaftServerConfigKeys (ConfUtils.java:logGet(43)) - raft.server.staging.catchup.gap = 1000 (default)
2019-09-26 19:36:16,710 [99aa1396-69c4-4985-9b2a-20430cc4a0a7@group-8FC43B8E249F:LeaderElection1052] INFO  server.RaftServerConfigKeys (ConfUtils.java:logGet(43)) - raft.server.rpc.sleep.time = 25ms (default)
2019-09-26 19:36:12,330 [27cb48db-4b88-4c0c-b213-19f9b2fffaff@group-5C41B557C8F0:LeaderElection1034] INFO  server.RaftServerConfigKeys (ConfUtils.java:logGet(43)) - raft.server.staging.catchup.gap = 1000 (default)
2019-09-26 19:36:12,330 [728ea44c-f097-440a-a87e-c27a68d48f14@group-09E478195B44:LeaderElection998] INFO  segmented.SegmentedRaftLogWorker (SegmentedRaftLogWorker.java:startLogSegment(380)) - 728ea44c-f097-440a-a87e-c27a68d48f14@group-09E478195B44-SegmentedRaftLogWorker: Starting segment from index:0
2019-09-26 19:36:12,330 [728ea44c-f097-440a-a87e-c27a68d48f14@group-16EAEE30D2AE:LeaderElection1032] INFO  server.RaftServerConfigKeys (ConfUtils.java:logGet(43)) - raft.server.staging.catchup.gap = 1000 (default)
2019-09-26 19:36:12,330 [27cb48db-4b88-4c0c-b213-19f9b2fffaff@group-4BF804B3BA25:LeaderElection1045] INFO  impl.RaftServerImpl (ServerState.java:setLeader(253)) - 27cb48db-4b88-4c0c-b213-19f9b2fffaff@group-4BF804B3BA25: change Leader from null to 27cb48db-4b88-4c0c-b213-19f9b2fffaff at term 1 for becomeLeader, leader elected after 12733ms
2019-09-26 19:36:12,330 [27cb48db-4b88-4c0c-b213-19f9b2fffaff@group-AD610815A00B:LeaderElection1016] INFO  server.RaftServerConfigKeys (ConfUtils.java:logGet(43)) - raft.server.watch.element-limit = 65536 (default)
2019-09-26 19:36:12,330 [99aa1396-69c4-4985-9b2a-20430cc4a0a7@group-BA736CDCA3E4:LeaderElection1002] INFO  segmented.SegmentedRaftLogWorker (SegmentedRaftLogWorker.java:startLogSegment(380)) - 99aa1396-69c4-4985-9b2a-20430cc4a0a7@group-BA736CDCA3E4-SegmentedRaftLogWorker: Starting segment from index:0
2019-09-26 19:36:12,330 [27cb48db-4b88-4c0c-b213-19f9b2fffaff@group-3731B9264D30:LeaderElection1013] INFO  segmented.SegmentedRaftLogWorker (SegmentedRaftLogWorker.java:startLogSegment(380)) - 27cb48db-4b88-4c0c-b213-19f9b2fffaff@group-3731B9264D30-SegmentedRaftLogWorker: Starting segment from index:0
2019-09-26 19:36:12,329 [27cb48db-4b88-4c0c-b213-19f9b2fffaff@group-A59E1FAF9AD8:LeaderElection1023] INFO  server.RaftServerConfigKeys (ConfUtils.java:logGet(43)) - raft.server.watch.element-limit = 65536 (default)
2019-09-26 19:36:12,329 [728ea44c-f097-440a-a87e-c27a68d48f14@group-C5D49945B174:LeaderElection1021] INFO  server.RaftServerConfigKeys (ConfUtils.java:logGet(43)) - raft.server.watch.element-limit = 65536 (default)
2019-09-26 19:36:12,329 [27cb48db-4b88-4c0c-b213-19f9b2fffaff@group-684BA3C5CC11:LeaderElection1012] INFO  segmented.SegmentedRaftLogWorker (SegmentedRaftLogWorker.java:startLogSegment(380)) - 27cb48db-4b88-4c0c-b213-19f9b2fffaff@group-684BA3C5CC11-SegmentedRaftLogWorker: Starting segment from index:0
2019-09-26 19:36:12,329 [728ea44c-f097-440a-a87e-c27a68d48f14@group-B46C9A7EAD2D:LeaderElection1009] INFO  segmented.SegmentedRaftLogWorker (SegmentedRaftLogWorker.java:startLogSegment(380)) - 728ea44c-f097-440a-a87e-c27a68d48f14@group-B46C9A7EAD2D-SegmentedRaftLogWorker: Starting segment from index:0
2019-09-26 19:36:12,329 [Thread-6911] INFO  impl.RoleInfo (RoleInfo.java:updateAndGet(143)) - 27cb48db-4b88-4c0c-b213-19f9b2fffaff: start LeaderElection
2019-09-26 19:36:12,329 [728ea44c-f097-440a-a87e-c27a68d48f14@group-FC289A8C3177:LeaderElection1015] INFO  segmented.SegmentedRaftLogWorker (SegmentedRaftLogWorker.java:startLogSegment(380)) - 728ea44c-f097-440a-a87e-c27a68d48f14@group-FC289A8C3177-SegmentedRaftLogWorker: Starting segment from index:0
2019-09-26 19:36:12,328 [728ea44c-f097-440a-a87e-c27a68d48f14@group-7C646671DC62:LeaderElection983] INFO  impl.RaftServerImpl (ServerState.java:setRaftConf(354)) - 728ea44c-f097-440a-a87e-c27a68d48f14@group-7C646671DC62: set configuration 0: [728ea44c-f097-440a-a87e-c27a68d48f14:192.168.151.99:38783], old=null at 0
2019-09-26 19:36:12,328 [728ea44c-f097-440a-a87e-c27a68d48f14@group-A3FDED93FB37-SegmentedRaftLogWorker] INFO  impl.PendingRequests (PendingRequests.java:sendNotLeaderResponses(202)) - 728ea44c-f097-440a-a87e-c27a68d48f14-PendingRequests: sendNotLeaderResponses
2019-09-26 19:36:16,713 [27cb48db-4b88-4c0c-b213-19f9b2fffaff@group-96D25400B53D:LeaderElection1076] INFO  impl.LeaderElection (LeaderElection.java:askForVotes(182)) - 27cb48db-4b88-4c0c-b213-19f9b2fffaff@group-96D25400B53D:LeaderElection1076: begin an election at term 1 for -1: [27cb48db-4b88-4c0c-b213-19f9b2fffaff:192.168.151.99:37457], old=null
2019-09-26 19:36:12,328 [Thread-6742] INFO  impl.RoleInfo (RoleInfo.java:updateAndGet(143)) - 27cb48db-4b88-4c0c-b213-19f9b2fffaff: start LeaderElection
2019-09-26 19:36:12,328 [27cb48db-4b88-4c0c-b213-19f9b2fffaff@group-BA9ADC048FEB:LeaderElection989] INFO  impl.RoleInfo (RoleInfo.java:updateAndGet(143)) - 27cb48db-4b88-4c0c-b213-19f9b2fffaff: start LeaderState
2019-09-26 19:36:12,328 [728ea44c-f097-440a-a87e-c27a68d48f14@group-BB69EB22B37E:LeaderElection1050] INFO  server.RaftServerConfigKeys (ConfUtils.java:logGet(43)) - raft.server.staging.catchup.gap = 1000 (default)
2019-09-26 19:36:12,328 [27cb48db-4b88-4c0c-b213-19f9b2fffaff@group-29622162AE5F:LeaderElection1053] INFO  impl.RaftServerImpl (ServerState.java:setLeader(253)) - 27cb48db-4b88-4c0c-b213-19f9b2fffaff@group-29622162AE5F: change Leader from null to 27cb48db-4b88-4c0c-b213-19f9b2fffaff at term 1 for becomeLeader, leader elected after 16960ms
2019-09-26 19:36:12,328 [728ea44c-f097-440a-a87e-c27a68d48f14@group-5F924A8F8ADB:LeaderElection1049] INFO  impl.RaftServerImpl (ServerState.java:setLeader(253)) - 728ea44c-f097-440a-a87e-c27a68d48f14@group-5F924A8F8ADB: change Leader from null to 728ea44c-f097-440a-a87e-c27a68d48f14 at term 1 for becomeLeader, leader elected after 17026ms
2019-09-26 19:36:12,328 [27cb48db-4b88-4c0c-b213-19f9b2fffaff@group-2FE92788FEB6:LeaderElection1056] INFO  impl.RaftServerImpl (ServerState.java:setLeader(253)) - 27cb48db-4b88-4c0c-b213-19f9b2fffaff@group-2FE92788FEB6: change Leader from null to 27cb48db-4b88-4c0c-b213-19f9b2fffaff at term 1 for becomeLeader, leader elected after 16973ms
2019-09-26 19:36:12,328 [27cb48db-4b88-4c0c-b213-19f9b2fffaff@group-656C4891FD7A:LeaderElection995] INFO  segmented.SegmentedRaftLogWorker (SegmentedRaftLogWorker.java:startLogSegment(380)) - 27cb48db-4b88-4c0c-b213-19f9b2fffaff@group-656C4891FD7A-SegmentedRaftLogWorker: Starting segment from index:0
2019-09-26 19:36:12,328 [Thread-6730] INFO  impl.RoleInfo (RoleInfo.java:updateAndGet(143)) - 728ea44c-f097-440a-a87e-c27a68d48f14: start LeaderElection
2019-09-26 19:36:12,327 [27cb48db-4b88-4c0c-b213-19f9b2fffaff@group-9EE6F63F4F99-SegmentedRaftLogWorker] INFO  impl.PendingRequests (PendingRequests.java:sendNotLeaderResponses(202)) - 27cb48db-4b88-4c0c-b213-19f9b2fffaff-PendingRequests: sendNotLeaderResponses
2019-09-26 19:36:12,327 [728ea44c-f097-440a-a87e-c27a68d48f14@group-40C621A7E37E-SegmentedRaftLogWorker] INFO  impl.StateMachineUpdater (StateMachineUpdater.java:stopAndJoin(125)) - 728ea44c-f097-440a-a87e-c27a68d48f14@group-40C621A7E37E-StateMachineUpdater: set stopIndex = -1
2019-09-26 19:36:12,327 [27cb48db-4b88-4c0c-b213-19f9b2fffaff@group-B1E3039FE9C9-SegmentedRaftLogWorker] INFO  impl.PendingRequests (PendingRequests.java:sendNotLeaderResponses(202)) - 27cb48db-4b88-4c0c-b213-19f9b2fffaff-PendingRequests: sendNotLeaderResponses
2019-09-26 19:36:19,493 [728ea44c-f097-440a-a87e-c27a68d48f14@group-40C621A7E37E-SegmentedRaftLogWorker] INFO  impl.RaftServerImpl (ServerState.java:close(385)) - 728ea44c-f097-440a-a87e-c27a68d48f14@group-40C621A7E37E: closes. applyIndex: -1
2019-09-26 19:36:19,493 [27cb48db-4b88-4c0c-b213-19f9b2fffaff@group-9EE6F63F4F99-SegmentedRaftLogWorker] INFO  impl.StateMachineUpdater (StateMachineUpdater.java:stopAndJoin(125)) - 27cb48db-4b88-4c0c-b213-19f9b2fffaff@group-9EE6F63F4F99-StateMachineUpdater: set stopIndex = -1
2019-09-26 19:36:19,493 [27cb48db-4b88-4c0c-b213-19f9b2fffaff@group-9EE6F63F4F99-SegmentedRaftLogWorker] INFO  impl.RaftServerImpl (ServerState.java:close(385)) - 27cb48db-4b88-4c0c-b213-19f9b2fffaff@group-9EE6F63F4F99: closes. applyIndex: -1
2019-09-26 19:36:19,492 [27cb48db-4b88-4c0c-b213-19f9b2fffaff@group-656C4891FD7A:LeaderElection995] INFO  impl.RaftServerImpl (ServerState.java:setRaftConf(354)) - 27cb48db-4b88-4c0c-b213-19f9b2fffaff@group-656C4891FD7A: set configuration 0: [27cb48db-4b88-4c0c-b213-19f9b2fffaff:192.168.151.99:37457], old=null at 0
2019-09-26 19:36:19,493 [27cb48db-4b88-4c0c-b213-19f9b2fffaff@group-9EE6F63F4F99-SegmentedRaftLogWorker] INFO  segmented.SegmentedRaftLogWorker (SegmentedRaftLogWorker.java:close(228)) - 27cb48db-4b88-4c0c-b213-19f9b2fffaff@group-9EE6F63F4F99-SegmentedRaftLogWorker close()
2019-09-26 19:36:19,492 [27cb48db-4b88-4c0c-b213-19f9b2fffaff@group-2FE92788FEB6:LeaderElection1056] INFO  server.RaftServerConfigKeys (ConfUtils.java:logGet(43)) - raft.server.staging.catchup.gap = 1000 (default)
2019-09-26 19:36:19,492 [728ea44c-f097-440a-a87e-c27a68d48f14@group-5F924A8F8ADB:LeaderElection1049] INFO  server.RaftServerConfigKeys (ConfUtils.java:logGet(43)) - raft.server.staging.catchup.gap = 1000 (default)
2019-09-26 19:36:19,492 [27cb48db-4b88-4c0c-b213-19f9b2fffaff@group-29622162AE5F:LeaderElection1053] INFO  server.RaftServerConfigKeys (ConfUtils.java:logGet(43)) - raft.server.staging.catchup.gap = 1000 (default)
2019-09-26 19:36:19,492 [728ea44c-f097-440a-a87e-c27a68d48f14@group-BB69EB22B37E:LeaderElection1050] INFO  server.RaftServerConfigKeys (ConfUtils.java:logGet(43)) - raft.server.rpc.sleep.time = 25ms (default)
2019-09-26 19:36:19,492 [27cb48db-4b88-4c0c-b213-19f9b2fffaff@group-BA9ADC048FEB:LeaderElection989] INFO  segmented.SegmentedRaftLogWorker (SegmentedRaftLogWorker.java:startLogSegment(380)) - 27cb48db-4b88-4c0c-b213-19f9b2fffaff@group-BA9ADC048FEB-SegmentedRaftLogWorker: Starting segment from index:0
2019-09-26 19:36:19,481 [728ea44c-f097-440a-a87e-c27a68d48f14@group-C5D49945B174:LeaderElection1021] INFO  impl.RoleInfo (RoleInfo.java:updateAndGet(143)) - 728ea44c-f097-440a-a87e-c27a68d48f14: start LeaderState
2019-09-26 19:36:19,481 [27cb48db-4b88-4c0c-b213-19f9b2fffaff@group-A59E1FAF9AD8:LeaderElection1023] INFO  impl.RoleInfo (RoleInfo.java:updateAndGet(143)) - 27cb48db-4b88-4c0c-b213-19f9b2fffaff: start LeaderState
2019-09-26 19:36:19,480 [27cb48db-4b88-4c0c-b213-19f9b2fffaff@group-AD610815A00B:LeaderElection1016] INFO  impl.RoleInfo (RoleInfo.java:updateAndGet(143)) - 27cb48db-4b88-4c0c-b213-19f9b2fffaff: start LeaderState
2019-09-26 19:36:19,480 [27cb48db-4b88-4c0c-b213-19f9b2fffaff@group-5B13DE4C131A:LeaderElection1010] INFO  impl.RoleInfo (RoleInfo.java:updateAndGet(143)) - 27cb48db-4b88-4c0c-b213-19f9b2fffaff: start LeaderState
2019-09-26 19:36:19,480 [27cb48db-4b88-4c0c-b213-19f9b2fffaff@group-9D764B33AD0C:LeaderElection1003] INFO  impl.RoleInfo (RoleInfo.java:updateAndGet(143)) - 27cb48db-4b88-4c0c-b213-19f9b2fffaff: start LeaderState
2019-09-26 19:36:19,480 [728ea44c-f097-440a-a87e-c27a68d48f14@group-38F2945183E6:LeaderElection1001] INFO  impl.RoleInfo (RoleInfo.java:updateAndGet(143)) - 728ea44c-f097-440a-a87e-c27a68d48f14: start LeaderState
2019-09-26 19:36:19,479 [728ea44c-f097-440a-a87e-c27a68d48f14@group-516E0962CCE3:LeaderElection1000] INFO  impl.RoleInfo (RoleInfo.java:updateAndGet(143)) - 728ea44c-f097-440a-a87e-c27a68d48f14: start LeaderState
2019-09-26 19:36:19,479 [27cb48db-4b88-4c0c-b213-19f9b2fffaff@group-CF122FDC6C03:LeaderElection1008] INFO  impl.RoleInfo (RoleInfo.java:updateAndGet(143)) - 27cb48db-4b88-4c0c-b213-19f9b2fffaff: start LeaderState
2019-09-26 19:36:19,479 [99aa1396-69c4-4985-9b2a-20430cc4a0a7@group-119644BB2AD2:LeaderElection1004] INFO  impl.RoleInfo (RoleInfo.java:updateAndGet(143)) - 99aa1396-69c4-4985-9b2a-20430cc4a0a7: start LeaderState
2019-09-26 19:36:19,478 [27cb48db-4b88-4c0c-b213-19f9b2fffaff@group-D1BA8AE37FD0:LeaderElection1007] INFO  impl.RoleInfo (RoleInfo.java:updateAndGet(143)) - 27cb48db-4b88-4c0c-b213-19f9b2fffaff: start LeaderState
2019-09-26 19:36:19,478 [728ea44c-f097-440a-a87e-c27a68d48f14@group-CC0AC654280F-SegmentedRaftLogWorker] ERROR segmented.SegmentedRaftLogWorker (SegmentedRaftLogWorker.java:run(323)) - 728ea44c-f097-440a-a87e-c27a68d48f14@group-CC0AC654280F-SegmentedRaftLogWorker hit exception
java.lang.OutOfMemoryError: Direct buffer memory
	at java.nio.Bits.reserveMemory(Bits.java:666)
	at java.nio.DirectByteBuffer.<init>(DirectByteBuffer.java:123)
	at java.nio.ByteBuffer.allocateDirect(ByteBuffer.java:311)
	at org.apache.ratis.server.raftlog.segmented.BufferedWriteChannel.<init>(BufferedWriteChannel.java:41)
	at org.apache.ratis.server.raftlog.segmented.SegmentedRaftLogOutputStream.<init>(SegmentedRaftLogOutputStream.java:72)
	at org.apache.ratis.server.raftlog.segmented.SegmentedRaftLogWorker$StartLogSegment.execute(SegmentedRaftLogWorker.java:566)
	at org.apache.ratis.server.raftlog.segmented.SegmentedRaftLogWorker.run(SegmentedRaftLogWorker.java:289)
	at java.lang.Thread.run(Thread.java:748)
2019-09-26 19:36:20,490 [728ea44c-f097-440a-a87e-c27a68d48f14@group-CC0AC654280F-SegmentedRaftLogWorker] INFO  impl.RaftServerImpl (RaftServerImpl.java:lambda$shutdown$3(251)) - 728ea44c-f097-440a-a87e-c27a68d48f14@group-CC0AC654280F: shutdown
2019-09-26 19:36:19,478 [728ea44c-f097-440a-a87e-c27a68d48f14@group-A248398DF8D6:LeaderElection1006] INFO  impl.RoleInfo (RoleInfo.java:updateAndGet(143)) - 728ea44c-f097-440a-a87e-c27a68d48f14: start LeaderState
2019-09-26 19:36:19,478 [27cb48db-4b88-4c0c-b213-19f9b2fffaff@group-8502D39265A6:LeaderElection1005] INFO  impl.RoleInfo (RoleInfo.java:updateAndGet(143)) - 27cb48db-4b88-4c0c-b213-19f9b2fffaff: start LeaderState
2019-09-26 19:36:19,474 [27cb48db-4b88-4c0c-b213-19f9b2fffaff@group-65EB277B690C:LeaderElection1019] INFO  impl.RoleInfo (RoleInfo.java:updateAndGet(143)) - 27cb48db-4b88-4c0c-b213-19f9b2fffaff: start LeaderState
2019-09-26 19:36:19,473 [27cb48db-4b88-4c0c-b213-19f9b2fffaff@group-081BA867897B:LeaderElection1014] INFO  impl.RoleInfo (RoleInfo.java:updateAndGet(143)) - 27cb48db-4b88-4c0c-b213-19f9b2fffaff: start LeaderState
2019-09-26 19:36:20,490 [27cb48db-4b88-4c0c-b213-19f9b2fffaff@group-081BA867897B:LeaderElection1014] INFO  segmented.SegmentedRaftLogWorker (SegmentedRaftLogWorker.java:startLogSegment(380)) - 27cb48db-4b88-4c0c-b213-19f9b2fffaff@group-081BA867897B-SegmentedRaftLogWorker: Starting segment from index:0
2019-09-26 19:36:19,054 [27cb48db-4b88-4c0c-b213-19f9b2fffaff@group-FB1248EB002D:LeaderElection1051] INFO  impl.LeaderElection (LeaderElection.java:askForVotes(182)) - 27cb48db-4b88-4c0c-b213-19f9b2fffaff@group-FB1248EB002D:LeaderElection1051: begin an election at term 1 for -1: [27cb48db-4b88-4c0c-b213-19f9b2fffaff:192.168.151.99:37457], old=null
2019-09-26 19:36:19,054 [27cb48db-4b88-4c0c-b213-19f9b2fffaff@group-606A4401418B:LeaderElection1055] INFO  impl.LeaderElection (LeaderElection.java:askForVotes(182)) - 27cb48db-4b88-4c0c-b213-19f9b2fffaff@group-606A4401418B:LeaderElection1055: begin an election at term 1 for -1: [27cb48db-4b88-4c0c-b213-19f9b2fffaff:192.168.151.99:37457], old=null
2019-09-26 19:36:19,054 [728ea44c-f097-440a-a87e-c27a68d48f14@group-88228B0D7AFD:LeaderElection1054] INFO  impl.LeaderElection (LeaderElection.java:askForVotes(182)) - 728ea44c-f097-440a-a87e-c27a68d48f14@group-88228B0D7AFD:LeaderElection1054: begin an election at term 1 for -1: [728ea44c-f097-440a-a87e-c27a68d48f14:192.168.151.99:38783], old=null
2019-09-26 19:36:19,054 [27cb48db-4b88-4c0c-b213-19f9b2fffaff@group-089574044510:LeaderElection1066] INFO  impl.LeaderElection (LeaderElection.java:askForVotes(182)) - 27cb48db-4b88-4c0c-b213-19f9b2fffaff@group-089574044510:LeaderElection1066: begin an election at term 1 for -1: [27cb48db-4b88-4c0c-b213-19f9b2fffaff:192.168.151.99:37457], old=null
2019-09-26 19:36:19,054 [27cb48db-4b88-4c0c-b213-19f9b2fffaff@group-C17EB1A95973:LeaderElection1035] INFO  impl.LeaderElection (LeaderElection.java:askForVotes(182)) - 27cb48db-4b88-4c0c-b213-19f9b2fffaff@group-C17EB1A95973:LeaderElection1035: begin an election at term 1 for -1: [27cb48db-4b88-4c0c-b213-19f9b2fffaff:192.168.151.99:37457], old=null
2019-09-26 19:36:20,976 [27cb48db-4b88-4c0c-b213-19f9b2fffaff@group-C17EB1A95973:LeaderElection1035] INFO  impl.RoleInfo (RoleInfo.java:shutdownLeaderElection(134)) - 27cb48db-4b88-4c0c-b213-19f9b2fffaff: shutdown LeaderElection
2019-09-26 19:36:19,054 [99aa1396-69c4-4985-9b2a-20430cc4a0a7@group-870C395226EC:LeaderElection1064] INFO  impl.LeaderElection (LeaderElection.java:askForVotes(182)) - 99aa1396-69c4-4985-9b2a-20430cc4a0a7@group-870C395226EC:LeaderElection1064: begin an election at term 1 for -1: [99aa1396-69c4-4985-9b2a-20430cc4a0a7:192.168.151.99:40213], old=null
2019-09-26 19:36:19,054 [27cb48db-4b88-4c0c-b213-19f9b2fffaff@group-96D25400B53D:LeaderElection1076] INFO  impl.RoleInfo (RoleInfo.java:shutdownLeaderElection(134)) - 27cb48db-4b88-4c0c-b213-19f9b2fffaff: shutdown LeaderElection
2019-09-26 19:36:16,713 [728ea44c-f097-440a-a87e-c27a68d48f14@group-A3FDED93FB37-SegmentedRaftLogWorker] INFO  impl.StateMachineUpdater (StateMachineUpdater.java:stopAndJoin(125)) - 728ea44c-f097-440a-a87e-c27a68d48f14@group-A3FDED93FB37-StateMachineUpdater: set stopIndex = -1
2019-09-26 19:36:20,977 [728ea44c-f097-440a-a87e-c27a68d48f14@group-A3FDED93FB37-SegmentedRaftLogWorker] INFO  impl.RaftServerImpl (ServerState.java:close(385)) - 728ea44c-f097-440a-a87e-c27a68d48f14@group-A3FDED93FB37: closes. applyIndex: -1
2019-09-26 19:36:19,036 [728ea44c-f097-440a-a87e-c27a68d48f14@group-8B20934A7F11-SegmentedRaftLogWorker] ERROR segmented.SegmentedRaftLogWorker (SegmentedRaftLogWorker.java:run(323)) - 728ea44c-f097-440a-a87e-c27a68d48f14@group-8B20934A7F11-SegmentedRaftLogWorker hit exception
java.lang.OutOfMemoryError: Direct buffer memory
	at java.nio.Bits.reserveMemory(Bits.java:666)
	at java.nio.DirectByteBuffer.<init>(DirectByteBuffer.java:123)
	at java.nio.ByteBuffer.allocateDirect(ByteBuffer.java:311)
	at org.apache.ratis.server.raftlog.segmented.BufferedWriteChannel.<init>(BufferedWriteChannel.java:41)
	at org.apache.ratis.server.raftlog.segmented.SegmentedRaftLogOutputStream.<init>(SegmentedRaftLogOutputStream.java:72)
	at org.apache.ratis.server.raftlog.segmented.SegmentedRaftLogWorker$StartLogSegment.execute(SegmentedRaftLogWorker.java:566)
	at org.apache.ratis.server.raftlog.segmented.SegmentedRaftLogWorker.run(SegmentedRaftLogWorker.java:289)
	at java.lang.Thread.run(Thread.java:748)
2019-09-26 19:36:20,977 [728ea44c-f097-440a-a87e-c27a68d48f14@group-8B20934A7F11-SegmentedRaftLogWorker] INFO  impl.RaftServerImpl (RaftServerImpl.java:lambda$shutdown$3(251)) - 728ea44c-f097-440a-a87e-c27a68d48f14@group-8B20934A7F11: shutdown
2019-09-26 19:36:19,035 [27cb48db-4b88-4c0c-b213-19f9b2fffaff@group-E18203AECDC0-SegmentedRaftLogWorker] ERROR segmented.SegmentedRaftLogWorker (SegmentedRaftLogWorker.java:run(323)) - 27cb48db-4b88-4c0c-b213-19f9b2fffaff@group-E18203AECDC0-SegmentedRaftLogWorker hit exception
java.lang.OutOfMemoryError: Direct buffer memory
	at java.nio.Bits.reserveMemory(Bits.java:666)
	at java.nio.DirectByteBuffer.<init>(DirectByteBuffer.java:123)
	at java.nio.ByteBuffer.allocateDirect(ByteBuffer.java:311)
	at org.apache.ratis.server.raftlog.segmented.BufferedWriteChannel.<init>(BufferedWriteChannel.java:41)
	at org.apache.ratis.server.raftlog.segmented.SegmentedRaftLogOutputStream.<init>(SegmentedRaftLogOutputStream.java:72)
	at org.apache.ratis.server.raftlog.segmented.SegmentedRaftLogWorker$StartLogSegment.execute(SegmentedRaftLogWorker.java:566)
	at org.apache.ratis.server.raftlog.segmented.SegmentedRaftLogWorker.run(SegmentedRaftLogWorker.java:289)
	at java.lang.Thread.run(Thread.java:748)
2019-09-26 19:36:20,977 [27cb48db-4b88-4c0c-b213-19f9b2fffaff@group-E18203AECDC0-SegmentedRaftLogWorker] INFO  impl.RaftServerImpl (RaftServerImpl.java:lambda$shutdown$3(251)) - 27cb48db-4b88-4c0c-b213-19f9b2fffaff@group-E18203AECDC0: shutdown
2019-09-26 19:36:19,035 [27cb48db-4b88-4c0c-b213-19f9b2fffaff@group-F337E4A86832-SegmentedRaftLogWorker] ERROR segmented.SegmentedRaftLogWorker (SegmentedRaftLogWorker.java:run(323)) - 27cb48db-4b88-4c0c-b213-19f9b2fffaff@group-F337E4A86832-SegmentedRaftLogWorker hit exception
java.lang.OutOfMemoryError: Direct buffer memory
	at java.nio.Bits.reserveMemory(Bits.java:666)
	at java.nio.DirectByteBuffer.<init>(DirectByteBuffer.java:123)
	at java.nio.ByteBuffer.allocateDirect(ByteBuffer.java:311)
	at org.apache.ratis.server.raftlog.segmented.BufferedWriteChannel.<init>(BufferedWriteChannel.java:41)
	at org.apache.ratis.server.raftlog.segmented.SegmentedRaftLogOutputStream.<init>(SegmentedRaftLogOutputStream.java:72)
	at org.apache.ratis.server.raftlog.segmented.SegmentedRaftLogWorker$StartLogSegment.execute(SegmentedRaftLogWorker.java:566)
	at org.apache.ratis.server.raftlog.segmented.SegmentedRaftLogWorker.run(SegmentedRaftLogWorker.java:289)
	at java.lang.Thread.run(Thread.java:748)
2019-09-26 19:36:20,978 [27cb48db-4b88-4c0c-b213-19f9b2fffaff@group-F337E4A86832-SegmentedRaftLogWorker] INFO  impl.RaftServerImpl (RaftServerImpl.java:lambda$shutdown$3(251)) - 27cb48db-4b88-4c0c-b213-19f9b2fffaff@group-F337E4A86832: shutdown
2019-09-26 19:36:19,035 [27cb48db-4b88-4c0c-b213-19f9b2fffaff@group-FEE7AAE57329-SegmentedRaftLogWorker] ERROR segmented.SegmentedRaftLogWorker (SegmentedRaftLogWorker.java:run(323)) - 27cb48db-4b88-4c0c-b213-19f9b2fffaff@group-FEE7AAE57329-SegmentedRaftLogWorker hit exception
java.lang.OutOfMemoryError: Direct buffer memory
	at java.nio.Bits.reserveMemory(Bits.java:666)
	at java.nio.DirectByteBuffer.<init>(DirectByteBuffer.java:123)
	at java.nio.ByteBuffer.allocateDirect(ByteBuffer.java:311)
	at org.apache.ratis.server.raftlog.segmented.BufferedWriteChannel.<init>(BufferedWriteChannel.java:41)
	at org.apache.ratis.server.raftlog.segmented.SegmentedRaftLogOutputStream.<init>(SegmentedRaftLogOutputStream.java:72)
	at org.apache.ratis.server.raftlog.segmented.SegmentedRaftLogWorker$StartLogSegment.execute(SegmentedRaftLogWorker.java:566)
	at org.apache.ratis.server.raftlog.segmented.SegmentedRaftLogWorker.run(SegmentedRaftLogWorker.java:289)
	at java.lang.Thread.run(Thread.java:748)
2019-09-26 19:36:20,978 [27cb48db-4b88-4c0c-b213-19f9b2fffaff@group-FEE7AAE57329-SegmentedRaftLogWorker] INFO  impl.RaftServerImpl (RaftServerImpl.java:lambda$shutdown$3(251)) - 27cb48db-4b88-4c0c-b213-19f9b2fffaff@group-FEE7AAE57329: shutdown
2019-09-26 19:36:19,035 [27cb48db-4b88-4c0c-b213-19f9b2fffaff@group-BEB29AE3C17F-SegmentedRaftLogWorker] ERROR segmented.SegmentedRaftLogWorker (SegmentedRaftLogWorker.java:run(323)) - 27cb48db-4b88-4c0c-b213-19f9b2fffaff@group-BEB29AE3C17F-SegmentedRaftLogWorker hit exception
java.lang.OutOfMemoryError: Direct buffer memory
	at java.nio.Bits.reserveMemory(Bits.java:666)
	at java.nio.DirectByteBuffer.<init>(DirectByteBuffer.java:123)
	at java.nio.ByteBuffer.allocateDirect(ByteBuffer.java:311)
	at org.apache.ratis.server.raftlog.segmented.BufferedWriteChannel.<init>(BufferedWriteChannel.java:41)
	at org.apache.ratis.server.raftlog.segmented.SegmentedRaftLogOutputStream.<init>(SegmentedRaftLogOutputStream.java:72)
	at org.apache.ratis.server.raftlog.segmented.SegmentedRaftLogWorker$StartLogSegment.execute(SegmentedRaftLogWorker.java:566)
	at org.apache.ratis.server.raftlog.segmented.SegmentedRaftLogWorker.run(SegmentedRaftLogWorker.java:289)
	at java.lang.Thread.run(Thread.java:748)
2019-09-26 19:36:20,978 [27cb48db-4b88-4c0c-b213-19f9b2fffaff@group-BEB29AE3C17F-SegmentedRaftLogWorker] INFO  impl.RaftServerImpl (RaftServerImpl.java:lambda$shutdown$3(251)) - 27cb48db-4b88-4c0c-b213-19f9b2fffaff@group-BEB29AE3C17F: shutdown
2019-09-26 19:36:19,035 [728ea44c-f097-440a-a87e-c27a68d48f14@group-CD95CCA6E5DE-SegmentedRaftLogWorker] ERROR segmented.SegmentedRaftLogWorker (SegmentedRaftLogWorker.java:run(323)) - 728ea44c-f097-440a-a87e-c27a68d48f14@group-CD95CCA6E5DE-SegmentedRaftLogWorker hit exception
java.lang.OutOfMemoryError: Direct buffer memory
	at java.nio.Bits.reserveMemory(Bits.java:666)
	at java.nio.DirectByteBuffer.<init>(DirectByteBuffer.java:123)
	at java.nio.ByteBuffer.allocateDirect(ByteBuffer.java:311)
	at org.apache.ratis.server.raftlog.segmented.BufferedWriteChannel.<init>(BufferedWriteChannel.java:41)
	at org.apache.ratis.server.raftlog.segmented.SegmentedRaftLogOutputStream.<init>(SegmentedRaftLogOutputStream.java:72)
	at org.apache.ratis.server.raftlog.segmented.SegmentedRaftLogWorker$StartLogSegment.execute(SegmentedRaftLogWorker.java:566)
	at org.apache.ratis.server.raftlog.segmented.SegmentedRaftLogWorker.run(SegmentedRaftLogWorker.java:289)
	at java.lang.Thread.run(Thread.java:748)
2019-09-26 19:36:20,978 [728ea44c-f097-440a-a87e-c27a68d48f14@group-CD95CCA6E5DE-SegmentedRaftLogWorker] INFO  impl.RaftServerImpl (RaftServerImpl.java:lambda$shutdown$3(251)) - 728ea44c-f097-440a-a87e-c27a68d48f14@group-CD95CCA6E5DE: shutdown
2019-09-26 19:36:19,035 [99aa1396-69c4-4985-9b2a-20430cc4a0a7@group-FB63D571C0D2-SegmentedRaftLogWorker] ERROR segmented.SegmentedRaftLogWorker (SegmentedRaftLogWorker.java:run(323)) - 99aa1396-69c4-4985-9b2a-20430cc4a0a7@group-FB63D571C0D2-SegmentedRaftLogWorker hit exception
java.lang.OutOfMemoryError: Direct buffer memory
	at java.nio.Bits.reserveMemory(Bits.java:666)
	at java.nio.DirectByteBuffer.<init>(DirectByteBuffer.java:123)
	at java.nio.ByteBuffer.allocateDirect(ByteBuffer.java:311)
	at org.apache.ratis.server.raftlog.segmented.BufferedWriteChannel.<init>(BufferedWriteChannel.java:41)
	at org.apache.ratis.server.raftlog.segmented.SegmentedRaftLogOutputStream.<init>(SegmentedRaftLogOutputStream.java:72)
	at org.apache.ratis.server.raftlog.segmented.SegmentedRaftLogWorker$StartLogSegment.execute(SegmentedRaftLogWorker.java:566)
	at org.apache.ratis.server.raftlog.segmented.SegmentedRaftLogWorker.run(SegmentedRaftLogWorker.java:289)
	at java.lang.Thread.run(Thread.java:748)
2019-09-26 19:36:20,979 [99aa1396-69c4-4985-9b2a-20430cc4a0a7@group-FB63D571C0D2-SegmentedRaftLogWorker] INFO  impl.RaftServerImpl (RaftServerImpl.java:lambda$shutdown$3(251)) - 99aa1396-69c4-4985-9b2a-20430cc4a0a7@group-FB63D571C0D2: shutdown
2019-09-26 19:36:17,284 [Thread-6986] INFO  impl.FollowerState (FollowerState.java:run(106)) - 728ea44c-f097-440a-a87e-c27a68d48f14:group-FC635B7BAD4C changes to CANDIDATE, lastRpcTime:18449, electionTimeout:5024ms
2019-09-26 19:36:16,713 [728ea44c-f097-440a-a87e-c27a68d48f14@group-191D7D199588:LeaderElection1077] INFO  impl.LeaderElection (LeaderElection.java:askForVotes(182)) - 728ea44c-f097-440a-a87e-c27a68d48f14@group-191D7D199588:LeaderElection1077: begin an election at term 1 for -1: [728ea44c-f097-440a-a87e-c27a68d48f14:192.168.151.99:38783], old=null
2019-09-26 19:36:16,713 [728ea44c-f097-440a-a87e-c27a68d48f14@group-FC289A8C3177:LeaderElection1015] INFO  impl.RaftServerImpl (ServerState.java:setRaftConf(354)) - 728ea44c-f097-440a-a87e-c27a68d48f14@group-FC289A8C3177: set configuration 0: [728ea44c-f097-440a-a87e-c27a68d48f14:192.168.151.99:38783], old=null at 0
2019-09-26 19:36:16,713 [27cb48db-4b88-4c0c-b213-19f9b2fffaff@group-7EC36DED298A:LeaderElection1074] INFO  impl.LeaderElection (LeaderElection.java:askForVotes(182)) - 27cb48db-4b88-4c0c-b213-19f9b2fffaff@group-7EC36DED298A:LeaderElection1074: begin an election at term 1 for -1: [27cb48db-4b88-4c0c-b213-19f9b2fffaff:192.168.151.99:37457], old=null
2019-09-26 19:36:20,979 [27cb48db-4b88-4c0c-b213-19f9b2fffaff@group-7EC36DED298A:LeaderElection1074] INFO  impl.RoleInfo (RoleInfo.java:shutdownLeaderElection(134)) - 27cb48db-4b88-4c0c-b213-19f9b2fffaff: shutdown LeaderElection
2019-09-26 19:36:16,713 [728ea44c-f097-440a-a87e-c27a68d48f14@group-B46C9A7EAD2D:LeaderElection1009] INFO  impl.RaftServerImpl (ServerState.java:setRaftConf(354)) - 728ea44c-f097-440a-a87e-c27a68d48f14@group-B46C9A7EAD2D: set configuration 0: [728ea44c-f097-440a-a87e-c27a68d48f14:192.168.151.99:38783], old=null at 0
2019-09-26 19:36:16,713 [27cb48db-4b88-4c0c-b213-19f9b2fffaff@group-684BA3C5CC11:LeaderElection1012] INFO  impl.RaftServerImpl (ServerState.java:setRaftConf(354)) - 27cb48db-4b88-4c0c-b213-19f9b2fffaff@group-684BA3C5CC11: set configuration 0: [27cb48db-4b88-4c0c-b213-19f9b2fffaff:192.168.151.99:37457], old=null at 0
2019-09-26 19:36:16,712 [27cb48db-4b88-4c0c-b213-19f9b2fffaff@group-3731B9264D30:LeaderElection1013] INFO  impl.RaftServerImpl (ServerState.java:setRaftConf(354)) - 27cb48db-4b88-4c0c-b213-19f9b2fffaff@group-3731B9264D30: set configuration 0: [27cb48db-4b88-4c0c-b213-19f9b2fffaff:192.168.151.99:37457], old=null at 0
2019-09-26 19:36:16,712 [99aa1396-69c4-4985-9b2a-20430cc4a0a7@group-BA736CDCA3E4:LeaderElection1002] INFO  impl.RaftServerImpl (ServerState.java:setRaftConf(354)) - 99aa1396-69c4-4985-9b2a-20430cc4a0a7@group-BA736CDCA3E4: set configuration 0: [99aa1396-69c4-4985-9b2a-20430cc4a0a7:192.168.151.99:40213], old=null at 0
2019-09-26 19:36:16,711 [27cb48db-4b88-4c0c-b213-19f9b2fffaff@group-4BF804B3BA25:LeaderElection1045] INFO  server.RaftServerConfigKeys (ConfUtils.java:logGet(43)) - raft.server.staging.catchup.gap = 1000 (default)
2019-09-26 19:36:16,711 [728ea44c-f097-440a-a87e-c27a68d48f14@group-09E478195B44:LeaderElection998] INFO  impl.RaftServerImpl (ServerState.java:setRaftConf(354)) - 728ea44c-f097-440a-a87e-c27a68d48f14@group-09E478195B44: set configuration 0: [728ea44c-f097-440a-a87e-c27a68d48f14:192.168.151.99:38783], old=null at 0
2019-09-26 19:36:16,711 [728ea44c-f097-440a-a87e-c27a68d48f14@group-16EAEE30D2AE:LeaderElection1032] INFO  server.RaftServerConfigKeys (ConfUtils.java:logGet(43)) - raft.server.rpc.sleep.time = 25ms (default)
2019-09-26 19:36:16,711 [27cb48db-4b88-4c0c-b213-19f9b2fffaff@group-5C41B557C8F0:LeaderElection1034] INFO  server.RaftServerConfigKeys (ConfUtils.java:logGet(43)) - raft.server.rpc.sleep.time = 25ms (default)
2019-09-26 19:36:20,980 [27cb48db-4b88-4c0c-b213-19f9b2fffaff@group-5C41B557C8F0:LeaderElection1034] INFO  server.RaftServerConfigKeys (ConfUtils.java:logGet(43)) - raft.server.write.element-limit = 4096 (default)
2019-09-26 19:36:16,711 [99aa1396-69c4-4985-9b2a-20430cc4a0a7@group-8FC43B8E249F:LeaderElection1052] INFO  server.RaftServerConfigKeys (ConfUtils.java:logGet(43)) - raft.server.write.element-limit = 4096 (default)
2019-09-26 19:36:16,710 [728ea44c-f097-440a-a87e-c27a68d48f14@group-AF87B132B664:LeaderElection1070] INFO  impl.LeaderElection (LeaderElection.java:askForVotes(182)) - 728ea44c-f097-440a-a87e-c27a68d48f14@group-AF87B132B664:LeaderElection1070: begin an election at term 1 for -1: [728ea44c-f097-440a-a87e-c27a68d48f14:192.168.151.99:38783], old=null
2019-09-26 19:36:16,710 [99aa1396-69c4-4985-9b2a-20430cc4a0a7@group-DD15D4C400D3:LeaderElection1065] INFO  impl.LeaderElection (LeaderElection.java:askForVotes(182)) - 99aa1396-69c4-4985-9b2a-20430cc4a0a7@group-DD15D4C400D3:LeaderElection1065: begin an election at term 1 for -1: [99aa1396-69c4-4985-9b2a-20430cc4a0a7:192.168.151.99:40213], old=null
2019-09-26 19:36:20,981 [99aa1396-69c4-4985-9b2a-20430cc4a0a7@group-DD15D4C400D3:LeaderElection1065] INFO  impl.RoleInfo (RoleInfo.java:shutdownLeaderElection(134)) - 99aa1396-69c4-4985-9b2a-20430cc4a0a7: shutdown LeaderElection
2019-09-26 19:36:16,710 [27cb48db-4b88-4c0c-b213-19f9b2fffaff@group-604F6EB72B06:LeaderElection1020] INFO  impl.RoleInfo (RoleInfo.java:updateAndGet(143)) - 27cb48db-4b88-4c0c-b213-19f9b2fffaff: start LeaderState
2019-09-26 19:36:16,710 [27cb48db-4b88-4c0c-b213-19f9b2fffaff@group-4286E730C784:LeaderElection1040] INFO  server.RaftServerConfigKeys (ConfUtils.java:logGet(43)) - raft.server.rpc.sleep.time = 25ms (default)
2019-09-26 19:36:16,710 [27cb48db-4b88-4c0c-b213-19f9b2fffaff@group-8258851FBC6A:LeaderElection1031] INFO  server.RaftServerConfigKeys (ConfUtils.java:logGet(43)) - raft.server.rpc.sleep.time = 25ms (default)
2019-09-26 19:36:16,710 [27cb48db-4b88-4c0c-b213-19f9b2fffaff@group-7EAA5414454D:LeaderElection1033] INFO  server.RaftServerConfigKeys (ConfUtils.java:logGet(43)) - raft.server.staging.catchup.gap = 1000 (default)
2019-09-26 19:36:16,710 [27cb48db-4b88-4c0c-b213-19f9b2fffaff@group-6067988DFF8F:LeaderElection1039] INFO  server.RaftServerConfigKeys (ConfUtils.java:logGet(43)) - raft.server.rpc.sleep.time = 25ms (default)
2019-09-26 19:36:16,710 [728ea44c-f097-440a-a87e-c27a68d48f14@group-AB23A7610A57:LeaderElection1036] INFO  server.RaftServerConfigKeys (ConfUtils.java:logGet(43)) - raft.server.rpc.sleep.time = 25ms (default)
2019-09-26 19:36:16,709 [728ea44c-f097-440a-a87e-c27a68d48f14@group-56EF8E9D7D62:LeaderElection1037] INFO  server.RaftServerConfigKeys (ConfUtils.java:logGet(43)) - raft.server.write.element-limit = 4096 (default)
2019-09-26 19:36:16,709 [27cb48db-4b88-4c0c-b213-19f9b2fffaff@group-269437B58436:LeaderElection1018] INFO  impl.RoleInfo (RoleInfo.java:updateAndGet(143)) - 27cb48db-4b88-4c0c-b213-19f9b2fffaff: start LeaderState
2019-09-26 19:36:16,709 [pool-281-thread-1] INFO  storage.RaftStorageDirectory (RaftStorageDirectory.java:analyzeStorage(246)) - The storage directory /workdir/hadoop-ozone/integration-test/target/test-dir/MiniOzoneClusterImpl-2f79a7d3-d7ae-4963-8370-12bb1e2132d7/datanode-2/data/ratis/56d3ef1b-bb39-4f9b-8fd2-5a8a56b7d313 does not exist. Creating ...
2019-09-26 19:36:16,708 [728ea44c-f097-440a-a87e-c27a68d48f14@group-AF2925BA2B4F:LeaderElection1058] INFO  impl.LeaderElection (LeaderElection.java:askForVotes(182)) - 728ea44c-f097-440a-a87e-c27a68d48f14@group-AF2925BA2B4F:LeaderElection1058: begin an election at term 1 for -1: [728ea44c-f097-440a-a87e-c27a68d48f14:192.168.151.99:38783], old=null
2019-09-26 19:36:16,708 [728ea44c-f097-440a-a87e-c27a68d48f14@group-D069AE322CB2:LeaderElection1063] INFO  impl.LeaderElection (LeaderElection.java:askForVotes(182)) - 728ea44c-f097-440a-a87e-c27a68d48f14@group-D069AE322CB2:LeaderElection1063: begin an election at term 1 for -1: [728ea44c-f097-440a-a87e-c27a68d48f14:192.168.151.99:38783], old=null
2019-09-26 19:36:16,708 [27cb48db-4b88-4c0c-b213-19f9b2fffaff@group-0E7151963C0C:LeaderElection1068] INFO  impl.LeaderElection (LeaderElection.java:askForVotes(182)) - 27cb48db-4b88-4c0c-b213-19f9b2fffaff@group-0E7151963C0C:LeaderElection1068: begin an election at term 1 for -1: [27cb48db-4b88-4c0c-b213-19f9b2fffaff:192.168.151.99:37457], old=null
2019-09-26 19:36:20,982 [27cb48db-4b88-4c0c-b213-19f9b2fffaff@group-0E7151963C0C:LeaderElection1068] INFO  impl.RoleInfo (RoleInfo.java:shutdownLeaderElection(134)) - 27cb48db-4b88-4c0c-b213-19f9b2fffaff: shutdown LeaderElection
2019-09-26 19:36:16,708 [728ea44c-f097-440a-a87e-c27a68d48f14@group-D1445E9B394A:LeaderElection1071] INFO  impl.LeaderElection (LeaderElection.java:askForVotes(182)) - 728ea44c-f097-440a-a87e-c27a68d48f14@group-D1445E9B394A:LeaderElection1071: begin an election at term 1 for -1: [728ea44c-f097-440a-a87e-c27a68d48f14:192.168.151.99:38783], old=null
2019-09-26 19:36:16,708 [728ea44c-f097-440a-a87e-c27a68d48f14@group-E8DCF40579B6:LeaderElection1060] INFO  impl.LeaderElection (LeaderElection.java:askForVotes(182)) - 728ea44c-f097-440a-a87e-c27a68d48f14@group-E8DCF40579B6:LeaderElection1060: begin an election at term 1 for -1: [728ea44c-f097-440a-a87e-c27a68d48f14:192.168.151.99:38783], old=null
2019-09-26 19:36:16,708 [99aa1396-69c4-4985-9b2a-20430cc4a0a7@group-5BC89FBB8EDB:LeaderElection1061] INFO  impl.LeaderElection (LeaderElection.java:askForVotes(182)) - 99aa1396-69c4-4985-9b2a-20430cc4a0a7@group-5BC89FBB8EDB:LeaderElection1061: begin an election at term 1 for -1: [99aa1396-69c4-4985-9b2a-20430cc4a0a7:192.168.151.99:40213], old=null
2019-09-26 19:36:20,983 [99aa1396-69c4-4985-9b2a-20430cc4a0a7@group-5BC89FBB8EDB:LeaderElection1061] INFO  impl.RoleInfo (RoleInfo.java:shutdownLeaderElection(134)) - 99aa1396-69c4-4985-9b2a-20430cc4a0a7: shutdown LeaderElection
2019-09-26 19:36:16,708 [728ea44c-f097-440a-a87e-c27a68d48f14@group-CE4E9F883499:LeaderElection1059] INFO  impl.LeaderElection (LeaderElection.java:askForVotes(182)) - 728ea44c-f097-440a-a87e-c27a68d48f14@group-CE4E9F883499:LeaderElection1059: begin an election at term 1 for -1: [728ea44c-f097-440a-a87e-c27a68d48f14:192.168.151.99:38783], old=null
2019-09-26 19:36:20,983 [728ea44c-f097-440a-a87e-c27a68d48f14@group-CE4E9F883499:LeaderElection1059] INFO  impl.RoleInfo (RoleInfo.java:shutdownLeaderElection(134)) - 728ea44c-f097-440a-a87e-c27a68d48f14: shutdown LeaderElection
2019-09-26 19:36:16,708 [27cb48db-4b88-4c0c-b213-19f9b2fffaff@group-9E65EF7B6D20:LeaderElection1062] INFO  impl.LeaderElection (LeaderElection.java:askForVotes(182)) - 27cb48db-4b88-4c0c-b213-19f9b2fffaff@group-9E65EF7B6D20:LeaderElection1062: begin an election at term 1 for -1: [27cb48db-4b88-4c0c-b213-19f9b2fffaff:192.168.151.99:37457], old=null
2019-09-26 19:36:16,708 [728ea44c-f097-440a-a87e-c27a68d48f14@group-AA65AE2DB801:LeaderElection1069] INFO  impl.LeaderElection (LeaderElection.java:askForVotes(182)) - 728ea44c-f097-440a-a87e-c27a68d48f14@group-AA65AE2DB801:LeaderElection1069: begin an election at term 1 for -1: [728ea44c-f097-440a-a87e-c27a68d48f14:192.168.151.99:38783], old=null
2019-09-26 19:36:16,688 [27cb48db-4b88-4c0c-b213-19f9b2fffaff@group-DB740590083B:LeaderElection1038] INFO  impl.LeaderElection (LeaderElection.java:askForVotes(182)) - 27cb48db-4b88-4c0c-b213-19f9b2fffaff@group-DB740590083B:LeaderElection1038: begin an election at term 1 for -1: [27cb48db-4b88-4c0c-b213-19f9b2fffaff:192.168.151.99:37457], old=null
2019-09-26 19:36:20,983 [27cb48db-4b88-4c0c-b213-19f9b2fffaff@group-DB740590083B:LeaderElection1038] INFO  impl.RoleInfo (RoleInfo.java:shutdownLeaderElection(134)) - 27cb48db-4b88-4c0c-b213-19f9b2fffaff: shutdown LeaderElection
2019-09-26 19:36:16,680 [27cb48db-4b88-4c0c-b213-19f9b2fffaff@group-60CEE626D65C-SegmentedRaftLogWorker] ERROR segmented.SegmentedRaftLogWorker (SegmentedRaftLogWorker.java:run(323)) - 27cb48db-4b88-4c0c-b213-19f9b2fffaff@group-60CEE626D65C-SegmentedRaftLogWorker hit exception
java.lang.OutOfMemoryError: Direct buffer memory
	at java.nio.Bits.reserveMemory(Bits.java:666)
	at java.nio.DirectByteBuffer.<init>(DirectByteBuffer.java:123)
	at java.nio.ByteBuffer.allocateDirect(ByteBuffer.java:311)
	at org.apache.ratis.server.raftlog.segmented.BufferedWriteChannel.<init>(BufferedWriteChannel.java:41)
	at org.apache.ratis.server.raftlog.segmented.SegmentedRaftLogOutputStream.<init>(SegmentedRaftLogOutputStream.java:72)
	at org.apache.ratis.server.raftlog.segmented.SegmentedRaftLogWorker$StartLogSegment.execute(SegmentedRaftLogWorker.java:566)
	at org.apache.ratis.server.raftlog.segmented.SegmentedRaftLogWorker.run(SegmentedRaftLogWorker.java:289)
	at java.lang.Thread.run(Thread.java:748)
2019-09-26 19:36:20,984 [27cb48db-4b88-4c0c-b213-19f9b2fffaff@group-60CEE626D65C-SegmentedRaftLogWorker] INFO  impl.RaftServerImpl (RaftServerImpl.java:lambda$shutdown$3(251)) - 27cb48db-4b88-4c0c-b213-19f9b2fffaff@group-60CEE626D65C: shutdown
2019-09-26 19:36:16,680 [27cb48db-4b88-4c0c-b213-19f9b2fffaff@group-B295C7228A94-SegmentedRaftLogWorker] ERROR segmented.SegmentedRaftLogWorker (SegmentedRaftLogWorker.java:run(323)) - 27cb48db-4b88-4c0c-b213-19f9b2fffaff@group-B295C7228A94-SegmentedRaftLogWorker hit exception
java.lang.OutOfMemoryError: Direct buffer memory
	at java.nio.Bits.reserveMemory(Bits.java:666)
	at java.nio.DirectByteBuffer.<init>(DirectByteBuffer.java:123)
	at java.nio.ByteBuffer.allocateDirect(ByteBuffer.java:311)
	at org.apache.ratis.server.raftlog.segmented.BufferedWriteChannel.<init>(BufferedWriteChannel.java:41)
	at org.apache.ratis.server.raftlog.segmented.SegmentedRaftLogOutputStream.<init>(SegmentedRaftLogOutputStream.java:72)
	at org.apache.ratis.server.raftlog.segmented.SegmentedRaftLogWorker$StartLogSegment.execute(SegmentedRaftLogWorker.java:566)
	at org.apache.ratis.server.raftlog.segmented.SegmentedRaftLogWorker.run(SegmentedRaftLogWorker.java:289)
	at java.lang.Thread.run(Thread.java:748)
2019-09-26 19:36:20,984 [27cb48db-4b88-4c0c-b213-19f9b2fffaff@group-B295C7228A94-SegmentedRaftLogWorker] INFO  impl.RaftServerImpl (RaftServerImpl.java:lambda$shutdown$3(251)) - 27cb48db-4b88-4c0c-b213-19f9b2fffaff@group-B295C7228A94: shutdown
2019-09-26 19:36:16,680 [728ea44c-f097-440a-a87e-c27a68d48f14@group-BB094026C928-SegmentedRaftLogWorker] ERROR segmented.SegmentedRaftLogWorker (SegmentedRaftLogWorker.java:run(323)) - 728ea44c-f097-440a-a87e-c27a68d48f14@group-BB094026C928-SegmentedRaftLogWorker hit exception
java.lang.OutOfMemoryError: Direct buffer memory
	at java.nio.Bits.reserveMemory(Bits.java:666)
	at java.nio.DirectByteBuffer.<init>(DirectByteBuffer.java:123)
	at java.nio.ByteBuffer.allocateDirect(ByteBuffer.java:311)
	at org.apache.ratis.server.raftlog.segmented.BufferedWriteChannel.<init>(BufferedWriteChannel.java:41)
	at org.apache.ratis.server.raftlog.segmented.SegmentedRaftLogOutputStream.<init>(SegmentedRaftLogOutputStream.java:72)
	at org.apache.ratis.server.raftlog.segmented.SegmentedRaftLogWorker$StartLogSegment.execute(SegmentedRaftLogWorker.java:566)
	at org.apache.ratis.server.raftlog.segmented.SegmentedRaftLogWorker.run(SegmentedRaftLogWorker.java:289)
	at java.lang.Thread.run(Thread.java:748)
2019-09-26 19:36:20,984 [728ea44c-f097-440a-a87e-c27a68d48f14@group-BB094026C928-SegmentedRaftLogWorker] INFO  impl.RaftServerImpl (RaftServerImpl.java:lambda$shutdown$3(251)) - 728ea44c-f097-440a-a87e-c27a68d48f14@group-BB094026C928: shutdown
2019-09-26 19:36:16,219 [org.apache.hadoop.util.JvmPauseMonitor$Monitor@688f7909] INFO  util.JvmPauseMonitor (JvmPauseMonitor.java:run(205)) - Detected pause in JVM or host machine (eg GC): pause of approximately 2018ms
GC pool 'PS MarkSweep' had collection(s): count=6 time=2300ms
GC pool 'PS Scavenge' had collection(s): count=6 time=110ms
2019-09-26 19:36:16,219 [org.apache.hadoop.util.JvmPauseMonitor$Monitor@3cf51fab] INFO  util.JvmPauseMonitor (JvmPauseMonitor.java:run(205)) - Detected pause in JVM or host machine (eg GC): pause of approximately 2017ms
GC pool 'PS MarkSweep' had collection(s): count=6 time=2300ms
GC pool 'PS Scavenge' had collection(s): count=6 time=110ms
2019-09-26 19:36:16,219 [org.apache.hadoop.util.JvmPauseMonitor$Monitor@344de4c6] INFO  util.JvmPauseMonitor (JvmPauseMonitor.java:run(205)) - Detected pause in JVM or host machine (eg GC): pause of approximately 2018ms
GC pool 'PS MarkSweep' had collection(s): count=6 time=2300ms
GC pool 'PS Scavenge' had collection(s): count=6 time=110ms
2019-09-26 19:36:16,219 [org.apache.hadoop.util.JvmPauseMonitor$Monitor@5b7530d3] INFO  util.JvmPauseMonitor (JvmPauseMonitor.java:run(205)) - Detected pause in JVM or host machine (eg GC): pause of approximately 2018ms
GC pool 'PS MarkSweep' had collection(s): count=6 time=2300ms
GC pool 'PS Scavenge' had collection(s): count=6 time=110ms
2019-09-26 19:36:16,215 [RATISCREATEPIPELINE1] ERROR pipeline.RatisPipelineProvider (RatisPipelineProvider.java:lambda$null$2(175)) - Failed invoke Ratis rpc org.apache.hadoop.hdds.scm.pipeline.RatisPipelineProvider$$Lambda$170/203113788@12ea7497 for 27cb48db-4b88-4c0c-b213-19f9b2fffaff
org.apache.ratis.protocol.TimeoutIOException: deadline exceeded after 2999933116ns
	at org.apache.ratis.grpc.GrpcUtil.tryUnwrapException(GrpcUtil.java:82)
	at org.apache.ratis.grpc.GrpcUtil.unwrapException(GrpcUtil.java:75)
	at org.apache.ratis.grpc.client.GrpcClientProtocolClient.blockingCall(GrpcClientProtocolClient.java:178)
	at org.apache.ratis.grpc.client.GrpcClientProtocolClient.groupAdd(GrpcClientProtocolClient.java:147)
	at org.apache.ratis.grpc.client.GrpcClientRpc.sendRequest(GrpcClientRpc.java:94)
	at org.apache.ratis.client.impl.RaftClientImpl.sendRequest(RaftClientImpl.java:278)
	at org.apache.ratis.client.impl.RaftClientImpl.groupAdd(RaftClientImpl.java:205)
	at org.apache.hadoop.hdds.scm.pipeline.RatisPipelineProvider.lambda$initializePipeline$1(RatisPipelineProvider.java:136)
	at org.apache.hadoop.hdds.scm.pipeline.RatisPipelineProvider.lambda$null$2(RatisPipelineProvider.java:171)
	at java.util.stream.ForEachOps$ForEachOp$OfRef.accept(ForEachOps.java:184)
	at java.util.ArrayList$ArrayListSpliterator.forEachRemaining(ArrayList.java:1382)
	at java.util.stream.AbstractPipeline.copyInto(AbstractPipeline.java:482)
	at java.util.stream.ForEachOps$ForEachTask.compute(ForEachOps.java:291)
	at java.util.concurrent.CountedCompleter.exec(CountedCompleter.java:731)
	at java.util.concurrent.ForkJoinTask.doExec(ForkJoinTask.java:289)
	at java.util.concurrent.ForkJoinTask.doInvoke(ForkJoinTask.java:401)
	at java.util.concurrent.ForkJoinTask.invoke(ForkJoinTask.java:734)
	at java.util.stream.ForEachOps$ForEachOp.evaluateParallel(ForEachOps.java:160)
	at java.util.stream.ForEachOps$ForEachOp$OfRef.evaluateParallel(ForEachOps.java:174)
	at java.util.stream.AbstractPipeline.evaluate(AbstractPipeline.java:233)
	at java.util.stream.ReferencePipeline.forEach(ReferencePipeline.java:418)
	at java.util.stream.ReferencePipeline$Head.forEach(ReferencePipeline.java:583)
	at org.apache.hadoop.hdds.scm.pipeline.RatisPipelineProvider.lambda$callRatisRpc$3(RatisPipelineProvider.java:165)
	at java.util.concurrent.ForkJoinTask$AdaptedRunnableAction.exec(ForkJoinTask.java:1386)
	at java.util.concurrent.ForkJoinTask.doExec(ForkJoinTask.java:289)
	at java.util.concurrent.ForkJoinPool$WorkQueue.runTask(ForkJoinPool.java:1056)
	at java.util.concurrent.ForkJoinPool.runWorker(ForkJoinPool.java:1692)
	at java.util.concurrent.ForkJoinWorkerThread.run(ForkJoinWorkerThread.java:157)
Caused by: org.apache.ratis.thirdparty.io.grpc.StatusRuntimeException: DEADLINE_EXCEEDED: deadline exceeded after 2999933116ns
	at org.apache.ratis.thirdparty.io.grpc.stub.ClientCalls.toStatusRuntimeException(ClientCalls.java:233)
	at org.apache.ratis.thirdparty.io.grpc.stub.ClientCalls.getUnchecked(ClientCalls.java:214)
	at org.apache.ratis.thirdparty.io.grpc.stub.ClientCalls.blockingUnaryCall(ClientCalls.java:139)
	at org.apache.ratis.proto.grpc.AdminProtocolServiceGrpc$AdminProtocolServiceBlockingStub.groupManagement(AdminProtocolServiceGrpc.java:274)
	at org.apache.ratis.grpc.client.GrpcClientProtocolClient.lambda$groupAdd$3(GrpcClientProtocolClient.java:149)
	at org.apache.ratis.grpc.client.GrpcClientProtocolClient.blockingCall(GrpcClientProtocolClient.java:176)
	... 25 more
2019-09-26 19:36:16,214 [pool-261-thread-1] INFO  storage.RaftStorageDirectory (RaftStorageDirectory.java:tryLock(328)) - Lock on /workdir/hadoop-ozone/integration-test/target/test-dir/MiniOzoneClusterImpl-2f79a7d3-d7ae-4963-8370-12bb1e2132d7/datanode-0/data/ratis/56d3ef1b-bb39-4f9b-8fd2-5a8a56b7d313/in_use.lock acquired by nodename 17888@pr-hdds-1569-g6sp5-2013761785
2019-09-26 19:36:13,725 [728ea44c-f097-440a-a87e-c27a68d48f14@group-D72684960A38:LeaderElection1047] INFO  impl.LeaderElection (LeaderElection.java:askForVotes(182)) - 728ea44c-f097-440a-a87e-c27a68d48f14@group-D72684960A38:LeaderElection1047: begin an election at term 1 for -1: [728ea44c-f097-440a-a87e-c27a68d48f14:192.168.151.99:38783], old=null
2019-09-26 19:36:20,986 [728ea44c-f097-440a-a87e-c27a68d48f14@group-D72684960A38:LeaderElection1047] INFO  impl.RoleInfo (RoleInfo.java:shutdownLeaderElection(134)) - 728ea44c-f097-440a-a87e-c27a68d48f14: shutdown LeaderElection
2019-09-26 19:36:13,725 [27cb48db-4b88-4c0c-b213-19f9b2fffaff@group-09D99E8196D1:LeaderElection1046] INFO  impl.LeaderElection (LeaderElection.java:askForVotes(182)) - 27cb48db-4b88-4c0c-b213-19f9b2fffaff@group-09D99E8196D1:LeaderElection1046: begin an election at term 1 for -1: [27cb48db-4b88-4c0c-b213-19f9b2fffaff:192.168.151.99:37457], old=null
2019-09-26 19:36:13,725 [728ea44c-f097-440a-a87e-c27a68d48f14@group-E183B10AB6CB:LeaderElection1048] INFO  impl.LeaderElection (LeaderElection.java:askForVotes(182)) - 728ea44c-f097-440a-a87e-c27a68d48f14@group-E183B10AB6CB:LeaderElection1048: begin an election at term 1 for -1: [728ea44c-f097-440a-a87e-c27a68d48f14:192.168.151.99:38783], old=null
2019-09-26 19:36:20,986 [728ea44c-f097-440a-a87e-c27a68d48f14@group-E183B10AB6CB:LeaderElection1048] INFO  impl.RoleInfo (RoleInfo.java:shutdownLeaderElection(134)) - 728ea44c-f097-440a-a87e-c27a68d48f14: shutdown LeaderElection
2019-09-26 19:36:13,725 [728ea44c-f097-440a-a87e-c27a68d48f14@group-F880E3D0E1B1:LeaderElection1067] INFO  impl.LeaderElection (LeaderElection.java:askForVotes(182)) - 728ea44c-f097-440a-a87e-c27a68d48f14@group-F880E3D0E1B1:LeaderElection1067: begin an election at term 1 for -1: [728ea44c-f097-440a-a87e-c27a68d48f14:192.168.151.99:38783], old=null
2019-09-26 19:36:20,986 [728ea44c-f097-440a-a87e-c27a68d48f14@group-F880E3D0E1B1:LeaderElection1067] INFO  impl.RoleInfo (RoleInfo.java:shutdownLeaderElection(134)) - 728ea44c-f097-440a-a87e-c27a68d48f14: shutdown LeaderElection
2019-09-26 19:36:12,338 [27cb48db-4b88-4c0c-b213-19f9b2fffaff@group-71E8ECDACFBB:LeaderElection1044] INFO  server.RaftServerConfigKeys (ConfUtils.java:logGet(43)) - raft.server.rpc.sleep.time = 25ms (default)
2019-09-26 19:36:12,338 [27cb48db-4b88-4c0c-b213-19f9b2fffaff@group-CEE4714DA134:LeaderElection1041] INFO  server.RaftServerConfigKeys (ConfUtils.java:logGet(43)) - raft.server.staging.catchup.gap = 1000 (default)
2019-09-26 19:36:12,338 [27cb48db-4b88-4c0c-b213-19f9b2fffaff@group-65C693C3A0E2:LeaderElection1026] INFO  server.RaftServerConfigKeys (ConfUtils.java:logGet(43)) - raft.server.rpc.sleep.time = 25ms (default)
2019-09-26 19:36:12,338 [27cb48db-4b88-4c0c-b213-19f9b2fffaff@group-B494DA265365:LeaderElection1057] INFO  server.RaftServerConfigKeys (ConfUtils.java:logGet(43)) - raft.server.rpc.sleep.time = 25ms (default)
2019-09-26 19:36:12,338 [27cb48db-4b88-4c0c-b213-19f9b2fffaff@group-CD5E6EACE70C:LeaderElection991] INFO  segmented.SegmentedRaftLogWorker (SegmentedRaftLogWorker.java:startLogSegment(380)) - 27cb48db-4b88-4c0c-b213-19f9b2fffaff@group-CD5E6EACE70C-SegmentedRaftLogWorker: Starting segment from index:0
2019-09-26 19:36:12,337 [99aa1396-69c4-4985-9b2a-20430cc4a0a7@group-A669BF675AA0:LeaderElection1042] INFO  server.RaftServerConfigKeys (ConfUtils.java:logGet(43)) - raft.server.staging.catchup.gap = 1000 (default)
2019-09-26 19:36:12,337 [728ea44c-f097-440a-a87e-c27a68d48f14@group-6729514BE427:LeaderElection1043] INFO  server.RaftServerConfigKeys (ConfUtils.java:logGet(43)) - raft.server.rpc.sleep.time = 25ms (default)
2019-09-26 19:36:12,337 [99aa1396-69c4-4985-9b2a-20430cc4a0a7@group-FEEB0BA2637C:LeaderElection1022] INFO  server.RaftServerConfigKeys (ConfUtils.java:logGet(43)) - raft.server.watch.element-limit = 65536 (default)
2019-09-26 19:36:12,337 [728ea44c-f097-440a-a87e-c27a68d48f14@group-DB3AFAA8F5B8:LeaderElection1025] INFO  server.RaftServerConfigKeys (ConfUtils.java:logGet(43)) - raft.server.watch.timeout.denomination = 1s (default)
2019-09-26 19:36:12,337 [27cb48db-4b88-4c0c-b213-19f9b2fffaff@group-A6166F251855:LeaderElection1029] INFO  server.RaftServerConfigKeys (ConfUtils.java:logGet(43)) - raft.server.watch.timeout = 10s (default)
2019-09-26 19:36:12,337 [27cb48db-4b88-4c0c-b213-19f9b2fffaff@group-7B2272C14AEF:LeaderElection999] INFO  segmented.SegmentedRaftLogWorker (SegmentedRaftLogWorker.java:startLogSegment(380)) - 27cb48db-4b88-4c0c-b213-19f9b2fffaff@group-7B2272C14AEF-SegmentedRaftLogWorker: Starting segment from index:0
2019-09-26 19:36:12,337 [728ea44c-f097-440a-a87e-c27a68d48f14@group-29C734BE2100:LeaderElection1024] INFO  server.RaftServerConfigKeys (ConfUtils.java:logGet(43)) - raft.server.watch.timeout = 10s (default)
2019-09-26 19:36:21,486 [728ea44c-f097-440a-a87e-c27a68d48f14@group-29C734BE2100:LeaderElection1024] INFO  server.RaftServerConfigKeys (ConfUtils.java:logGet(43)) - raft.server.watch.timeout.denomination = 1s (default)
2019-09-26 19:36:12,337 [27cb48db-4b88-4c0c-b213-19f9b2fffaff@group-7C23D55C331C:LeaderElection1027] INFO  server.RaftServerConfigKeys (ConfUtils.java:logGet(43)) - raft.server.watch.element-limit = 65536 (default)
2019-09-26 19:36:12,336 [27cb48db-4b88-4c0c-b213-19f9b2fffaff@group-686B5EE37884:LeaderElection988] INFO  impl.RaftServerImpl (ServerState.java:setRaftConf(354)) - 27cb48db-4b88-4c0c-b213-19f9b2fffaff@group-686B5EE37884: set configuration 0: [27cb48db-4b88-4c0c-b213-19f9b2fffaff:192.168.151.99:37457], old=null at 0
2019-09-26 19:36:12,336 [728ea44c-f097-440a-a87e-c27a68d48f14@group-61276961113F:LeaderElection1030] INFO  server.RaftServerConfigKeys (ConfUtils.java:logGet(43)) - raft.server.watch.timeout = 10s (default)
2019-09-26 19:36:12,336 [Thread-6219] INFO  handler.ContextHandler (ContextHandler.java:doStop(910)) - Stopped o.e.j.s.ServletContextHandler@31523f64{/logs,file:///workdir/hadoop-ozone/integration-test/target/log,UNAVAILABLE}
2019-09-26 19:36:12,336 [99aa1396-69c4-4985-9b2a-20430cc4a0a7@group-FBCC5E2B6B47:LeaderElection1028] INFO  server.RaftServerConfigKeys (ConfUtils.java:logGet(43)) - raft.server.watch.timeout = 10s (default)
2019-09-26 19:36:12,336 [99aa1396-69c4-4985-9b2a-20430cc4a0a7@group-55CDCD0E7166:LeaderElection1017] INFO  impl.RoleInfo (RoleInfo.java:updateAndGet(143)) - 99aa1396-69c4-4985-9b2a-20430cc4a0a7: start LeaderState
2019-09-26 19:36:12,336 [pool-271-thread-1] INFO  segmented.SegmentedRaftLogWorker (SegmentedRaftLogWorker.java:<init>(172)) - new 728ea44c-f097-440a-a87e-c27a68d48f14@group-CD4A2BA5F1A2-SegmentedRaftLogWorker for RaftStorage:Storage Directory /workdir/hadoop-ozone/integration-test/target/test-dir/MiniOzoneClusterImpl-2f79a7d3-d7ae-4963-8370-12bb1e2132d7/datanode-1/data/ratis/cf93ead3-d49f-423d-b332-cd4a2ba5f1a2
2019-09-26 19:36:12,336 [Thread-6736] INFO  impl.RaftServerImpl (RaftServerImpl.java:setRole(174)) - 27cb48db-4b88-4c0c-b213-19f9b2fffaff@group-15639E0CE94A: changes role from  FOLLOWER to CANDIDATE at term 0 for changeToCandidate
2019-09-26 19:36:12,336 [27cb48db-4b88-4c0c-b213-19f9b2fffaff@group-3B1BD1A60D37:LeaderElection1011] INFO  segmented.SegmentedRaftLogWorker (SegmentedRaftLogWorker.java:startLogSegment(380)) - 27cb48db-4b88-4c0c-b213-19f9b2fffaff@group-3B1BD1A60D37-SegmentedRaftLogWorker: Starting segment from index:0
2019-09-26 19:36:21,488 [Thread-6736] INFO  impl.RoleInfo (RoleInfo.java:updateAndGet(143)) - 27cb48db-4b88-4c0c-b213-19f9b2fffaff: start LeaderElection
2019-09-26 19:36:21,488 [pool-271-thread-1] INFO  server.RaftServerConfigKeys (ConfUtils.java:logGet(43)) - raft.server.log.queue.byte-limit = 2147483647 (custom)
2019-09-26 19:36:21,488 [pool-271-thread-1] INFO  server.RaftServerConfigKeys (ConfUtils.java:logGet(43)) - raft.server.log.queue.element-limit = 1024 (custom)
2019-09-26 19:36:21,487 [99aa1396-69c4-4985-9b2a-20430cc4a0a7@group-55CDCD0E7166:LeaderElection1017] INFO  segmented.SegmentedRaftLogWorker (SegmentedRaftLogWorker.java:startLogSegment(380)) - 99aa1396-69c4-4985-9b2a-20430cc4a0a7@group-55CDCD0E7166-SegmentedRaftLogWorker: Starting segment from index:0
2019-09-26 19:36:21,487 [99aa1396-69c4-4985-9b2a-20430cc4a0a7@group-FBCC5E2B6B47:LeaderElection1028] INFO  server.RaftServerConfigKeys (ConfUtils.java:logGet(43)) - raft.server.watch.timeout.denomination = 1s (default)
2019-09-26 19:36:21,489 [99aa1396-69c4-4985-9b2a-20430cc4a0a7@group-FBCC5E2B6B47:LeaderElection1028] INFO  server.RaftServerConfigKeys (ConfUtils.java:logGet(43)) - raft.server.watch.element-limit = 65536 (default)
2019-09-26 19:36:21,487 [728ea44c-f097-440a-a87e-c27a68d48f14@group-61276961113F:LeaderElection1030] INFO  server.RaftServerConfigKeys (ConfUtils.java:logGet(43)) - raft.server.watch.timeout.denomination = 1s (default)
2019-09-26 19:36:21,487 [99aa1396-69c4-4985-9b2a-20430cc4a0a7@group-FEEB0BA2637C:LeaderElection1022] INFO  impl.RoleInfo (RoleInfo.java:updateAndGet(143)) - 99aa1396-69c4-4985-9b2a-20430cc4a0a7: start LeaderState
2019-09-26 19:36:21,486 [728ea44c-f097-440a-a87e-c27a68d48f14@group-29C734BE2100:LeaderElection1024] INFO  server.RaftServerConfigKeys (ConfUtils.java:logGet(43)) - raft.server.watch.element-limit = 65536 (default)
2019-09-26 19:36:21,486 [27cb48db-4b88-4c0c-b213-19f9b2fffaff@group-7B2272C14AEF:LeaderElection999] INFO  impl.RaftServerImpl (ServerState.java:setRaftConf(354)) - 27cb48db-4b88-4c0c-b213-19f9b2fffaff@group-7B2272C14AEF: set configuration 0: [27cb48db-4b88-4c0c-b213-19f9b2fffaff:192.168.151.99:37457], old=null at 0
2019-09-26 19:36:21,486 [27cb48db-4b88-4c0c-b213-19f9b2fffaff@group-A6166F251855:LeaderElection1029] INFO  server.RaftServerConfigKeys (ConfUtils.java:logGet(43)) - raft.server.watch.timeout.denomination = 1s (default)
2019-09-26 19:36:21,490 [27cb48db-4b88-4c0c-b213-19f9b2fffaff@group-A6166F251855:LeaderElection1029] INFO  server.RaftServerConfigKeys (ConfUtils.java:logGet(43)) - raft.server.watch.element-limit = 65536 (default)
2019-09-26 19:36:21,486 [728ea44c-f097-440a-a87e-c27a68d48f14@group-DB3AFAA8F5B8:LeaderElection1025] INFO  server.RaftServerConfigKeys (ConfUtils.java:logGet(43)) - raft.server.watch.element-limit = 65536 (default)
2019-09-26 19:36:20,987 [728ea44c-f097-440a-a87e-c27a68d48f14@group-6729514BE427:LeaderElection1043] INFO  server.RaftServerConfigKeys (ConfUtils.java:logGet(43)) - raft.server.write.element-limit = 4096 (default)
2019-09-26 19:36:20,987 [27cb48db-4b88-4c0c-b213-19f9b2fffaff@group-CD5E6EACE70C:LeaderElection991] INFO  impl.RaftServerImpl (ServerState.java:setRaftConf(354)) - 27cb48db-4b88-4c0c-b213-19f9b2fffaff@group-CD5E6EACE70C: set configuration 0: [27cb48db-4b88-4c0c-b213-19f9b2fffaff:192.168.151.99:37457], old=null at 0
2019-09-26 19:36:21,470 [728ea44c-f097-440a-a87e-c27a68d48f14@group-7C646671DC62-SegmentedRaftLogWorker] ERROR segmented.SegmentedRaftLogWorker (SegmentedRaftLogWorker.java:run(323)) - 728ea44c-f097-440a-a87e-c27a68d48f14@group-7C646671DC62-SegmentedRaftLogWorker hit exception
java.lang.OutOfMemoryError: Direct buffer memory
	at java.nio.Bits.reserveMemory(Bits.java:666)
	at java.nio.DirectByteBuffer.<init>(DirectByteBuffer.java:123)
	at java.nio.ByteBuffer.allocateDirect(ByteBuffer.java:311)
	at org.apache.ratis.server.raftlog.segmented.BufferedWriteChannel.<init>(BufferedWriteChannel.java:41)
	at org.apache.ratis.server.raftlog.segmented.SegmentedRaftLogOutputStream.<init>(SegmentedRaftLogOutputStream.java:72)
	at org.apache.ratis.server.raftlog.segmented.SegmentedRaftLogWorker$StartLogSegment.execute(SegmentedRaftLogWorker.java:566)
	at org.apache.ratis.server.raftlog.segmented.SegmentedRaftLogWorker.run(SegmentedRaftLogWorker.java:289)
	at java.lang.Thread.run(Thread.java:748)
2019-09-26 19:36:21,491 [728ea44c-f097-440a-a87e-c27a68d48f14@group-7C646671DC62-SegmentedRaftLogWorker] INFO  impl.RaftServerImpl (RaftServerImpl.java:lambda$shutdown$3(251)) - 728ea44c-f097-440a-a87e-c27a68d48f14@group-7C646671DC62: shutdown
2019-09-26 19:36:21,470 [728ea44c-f097-440a-a87e-c27a68d48f14@group-89DB952C4950-SegmentedRaftLogWorker] ERROR segmented.SegmentedRaftLogWorker (SegmentedRaftLogWorker.java:run(323)) - 728ea44c-f097-440a-a87e-c27a68d48f14@group-89DB952C4950-SegmentedRaftLogWorker hit exception
java.lang.OutOfMemoryError: Direct buffer memory
	at java.nio.Bits.reserveMemory(Bits.java:666)
	at java.nio.DirectByteBuffer.<init>(DirectByteBuffer.java:123)
	at java.nio.ByteBuffer.allocateDirect(ByteBuffer.java:311)
	at org.apache.ratis.server.raftlog.segmented.BufferedWriteChannel.<init>(BufferedWriteChannel.java:41)
	at org.apache.ratis.server.raftlog.segmented.SegmentedRaftLogOutputStream.<init>(SegmentedRaftLogOutputStream.java:72)
	at org.apache.ratis.server.raftlog.segmented.SegmentedRaftLogWorker$StartLogSegment.execute(SegmentedRaftLogWorker.java:566)
	at org.apache.ratis.server.raftlog.segmented.SegmentedRaftLogWorker.run(SegmentedRaftLogWorker.java:289)
	at java.lang.Thread.run(Thread.java:748)
2019-09-26 19:36:21,491 [728ea44c-f097-440a-a87e-c27a68d48f14@group-89DB952C4950-SegmentedRaftLogWorker] INFO  impl.RaftServerImpl (RaftServerImpl.java:lambda$shutdown$3(251)) - 728ea44c-f097-440a-a87e-c27a68d48f14@group-89DB952C4950: shutdown
2019-09-26 19:36:21,470 [27cb48db-4b88-4c0c-b213-19f9b2fffaff@group-9B0E204FFB32-SegmentedRaftLogWorker] ERROR segmented.SegmentedRaftLogWorker (SegmentedRaftLogWorker.java:run(323)) - 27cb48db-4b88-4c0c-b213-19f9b2fffaff@group-9B0E204FFB32-SegmentedRaftLogWorker hit exception
java.lang.OutOfMemoryError: Direct buffer memory
	at java.nio.Bits.reserveMemory(Bits.java:666)
	at java.nio.DirectByteBuffer.<init>(DirectByteBuffer.java:123)
	at java.nio.ByteBuffer.allocateDirect(ByteBuffer.java:311)
	at org.apache.ratis.server.raftlog.segmented.BufferedWriteChannel.<init>(BufferedWriteChannel.java:41)
	at org.apache.ratis.server.raftlog.segmented.SegmentedRaftLogOutputStream.<init>(SegmentedRaftLogOutputStream.java:72)
	at org.apache.ratis.server.raftlog.segmented.SegmentedRaftLogWorker$StartLogSegment.execute(SegmentedRaftLogWorker.java:566)
	at org.apache.ratis.server.raftlog.segmented.SegmentedRaftLogWorker.run(SegmentedRaftLogWorker.java:289)
	at java.lang.Thread.run(Thread.java:748)
2019-09-26 19:36:21,491 [27cb48db-4b88-4c0c-b213-19f9b2fffaff@group-9B0E204FFB32-SegmentedRaftLogWorker] INFO  impl.RaftServerImpl (RaftServerImpl.java:lambda$shutdown$3(251)) - 27cb48db-4b88-4c0c-b213-19f9b2fffaff@group-9B0E204FFB32: shutdown
2019-09-26 19:36:21,492 [728ea44c-f097-440a-a87e-c27a68d48f14@group-89DB952C4950-SegmentedRaftLogWorker] INFO  util.JmxRegister (JmxRegister.java:unregister(73)) - Successfully un-registered JMX Bean with object name Ratis:service=RaftServer,group=group-89DB952C4950,id=728ea44c-f097-440a-a87e-c27a68d48f14
2019-09-26 19:36:21,492 [27cb48db-4b88-4c0c-b213-19f9b2fffaff@group-9B0E204FFB32-SegmentedRaftLogWorker] INFO  util.JmxRegister (JmxRegister.java:unregister(73)) - Successfully un-registered JMX Bean with object name Ratis:service=RaftServer,group=group-9B0E204FFB32,id=27cb48db-4b88-4c0c-b213-19f9b2fffaff
2019-09-26 19:36:21,492 [27cb48db-4b88-4c0c-b213-19f9b2fffaff@group-9B0E204FFB32-SegmentedRaftLogWorker] INFO  impl.RoleInfo (RoleInfo.java:shutdownLeaderState(104)) - 27cb48db-4b88-4c0c-b213-19f9b2fffaff: shutdown LeaderState
2019-09-26 19:36:20,987 [99aa1396-69c4-4985-9b2a-20430cc4a0a7@group-A669BF675AA0:LeaderElection1042] INFO  server.RaftServerConfigKeys (ConfUtils.java:logGet(43)) - raft.server.rpc.sleep.time = 25ms (default)
2019-09-26 19:36:20,987 [27cb48db-4b88-4c0c-b213-19f9b2fffaff@group-B494DA265365:LeaderElection1057] INFO  server.RaftServerConfigKeys (ConfUtils.java:logGet(43)) - raft.server.write.element-limit = 4096 (default)
2019-09-26 19:36:21,492 [27cb48db-4b88-4c0c-b213-19f9b2fffaff@group-B494DA265365:LeaderElection1057] INFO  server.RaftServerConfigKeys (ConfUtils.java:logGet(43)) - raft.server.watch.timeout = 10s (default)
2019-09-26 19:36:20,987 [27cb48db-4b88-4c0c-b213-19f9b2fffaff@group-65C693C3A0E2:LeaderElection1026] INFO  server.RaftServerConfigKeys (ConfUtils.java:logGet(43)) - raft.server.write.element-limit = 4096 (default)
2019-09-26 19:36:20,987 [27cb48db-4b88-4c0c-b213-19f9b2fffaff@group-CEE4714DA134:LeaderElection1041] INFO  server.RaftServerConfigKeys (ConfUtils.java:logGet(43)) - raft.server.rpc.sleep.time = 25ms (default)
2019-09-26 19:36:20,987 [27cb48db-4b88-4c0c-b213-19f9b2fffaff@group-71E8ECDACFBB:LeaderElection1044] INFO  server.RaftServerConfigKeys (ConfUtils.java:logGet(43)) - raft.server.write.element-limit = 4096 (default)
2019-09-26 19:36:20,986 [728ea44c-f097-440a-a87e-c27a68d48f14@group-F880E3D0E1B1:LeaderElection1067] INFO  impl.RaftServerImpl (RaftServerImpl.java:setRole(174)) - 728ea44c-f097-440a-a87e-c27a68d48f14@group-F880E3D0E1B1: changes role from CANDIDATE to LEADER at term 1 for changeToLeader
2019-09-26 19:36:20,986 [728ea44c-f097-440a-a87e-c27a68d48f14@group-E183B10AB6CB:LeaderElection1048] INFO  impl.RaftServerImpl (RaftServerImpl.java:setRole(174)) - 728ea44c-f097-440a-a87e-c27a68d48f14@group-E183B10AB6CB: changes role from CANDIDATE to LEADER at term 1 for changeToLeader
2019-09-26 19:36:20,986 [27cb48db-4b88-4c0c-b213-19f9b2fffaff@group-09D99E8196D1:LeaderElection1046] INFO  impl.RoleInfo (RoleInfo.java:shutdownLeaderElection(134)) - 27cb48db-4b88-4c0c-b213-19f9b2fffaff: shutdown LeaderElection
2019-09-26 19:36:20,986 [728ea44c-f097-440a-a87e-c27a68d48f14@group-D72684960A38:LeaderElection1047] INFO  impl.RaftServerImpl (RaftServerImpl.java:setRole(174)) - 728ea44c-f097-440a-a87e-c27a68d48f14@group-D72684960A38: changes role from CANDIDATE to LEADER at term 1 for changeToLeader
2019-09-26 19:36:20,985 [RatisPipelineUtilsThread] ERROR pipeline.SCMPipelineManager (SCMPipelineManager.java:createPipeline(167)) - Pipeline creation failed.
java.io.IOException: Failed invoke Ratis rpc org.apache.hadoop.hdds.scm.pipeline.RatisPipelineProvider$$Lambda$170/203113788@12ea7497 for 27cb48db-4b88-4c0c-b213-19f9b2fffaff
	at org.apache.hadoop.hdds.scm.pipeline.RatisPipelineProvider.lambda$null$2(RatisPipelineProvider.java:176)
	at java.util.stream.ForEachOps$ForEachOp$OfRef.accept(ForEachOps.java:184)
	at java.util.ArrayList$ArrayListSpliterator.forEachRemaining(ArrayList.java:1382)
	at java.util.stream.AbstractPipeline.copyInto(AbstractPipeline.java:482)
	at java.util.stream.ForEachOps$ForEachTask.compute(ForEachOps.java:291)
	at java.util.concurrent.CountedCompleter.exec(CountedCompleter.java:731)
	at java.util.concurrent.ForkJoinTask.doExec(ForkJoinTask.java:289)
	at java.util.concurrent.ForkJoinTask.doInvoke(ForkJoinTask.java:401)
	at java.util.concurrent.ForkJoinTask.invoke(ForkJoinTask.java:734)
	at java.util.stream.ForEachOps$ForEachOp.evaluateParallel(ForEachOps.java:160)
	at java.util.stream.ForEachOps$ForEachOp$OfRef.evaluateParallel(ForEachOps.java:174)
	at java.util.stream.AbstractPipeline.evaluate(AbstractPipeline.java:233)
	at java.util.stream.ReferencePipeline.forEach(ReferencePipeline.java:418)
	at java.util.stream.ReferencePipeline$Head.forEach(ReferencePipeline.java:583)
	at org.apache.hadoop.hdds.scm.pipeline.RatisPipelineProvider.lambda$callRatisRpc$3(RatisPipelineProvider.java:165)
	at java.util.concurrent.ForkJoinTask$AdaptedRunnableAction.exec(ForkJoinTask.java:1386)
	at java.util.concurrent.ForkJoinTask.doExec(ForkJoinTask.java:289)
	at java.util.concurrent.ForkJoinPool$WorkQueue.runTask(ForkJoinPool.java:1056)
	at java.util.concurrent.ForkJoinPool.runWorker(ForkJoinPool.java:1692)
	at java.util.concurrent.ForkJoinWorkerThread.run(ForkJoinWorkerThread.java:157)
Caused by: org.apache.ratis.protocol.TimeoutIOException: deadline exceeded after 2999933116ns
	at org.apache.ratis.grpc.GrpcUtil.tryUnwrapException(GrpcUtil.java:82)
	at org.apache.ratis.grpc.GrpcUtil.unwrapException(GrpcUtil.java:75)
	at org.apache.ratis.grpc.client.GrpcClientProtocolClient.blockingCall(GrpcClientProtocolClient.java:178)
	at org.apache.ratis.grpc.client.GrpcClientProtocolClient.groupAdd(GrpcClientProtocolClient.java:147)
	at org.apache.ratis.grpc.client.GrpcClientRpc.sendRequest(GrpcClientRpc.java:94)
	at org.apache.ratis.client.impl.RaftClientImpl.sendRequest(RaftClientImpl.java:278)
	at org.apache.ratis.client.impl.RaftClientImpl.groupAdd(RaftClientImpl.java:205)
	at org.apache.hadoop.hdds.scm.pipeline.RatisPipelineProvider.lambda$initializePipeline$1(RatisPipelineProvider.java:136)
	at org.apache.hadoop.hdds.scm.pipeline.RatisPipelineProvider.lambda$null$2(RatisPipelineProvider.java:171)
	... 19 more
Caused by: org.apache.ratis.thirdparty.io.grpc.StatusRuntimeException: DEADLINE_EXCEEDED: deadline exceeded after 2999933116ns
	at org.apache.ratis.thirdparty.io.grpc.stub.ClientCalls.toStatusRuntimeException(ClientCalls.java:233)
	at org.apache.ratis.thirdparty.io.grpc.stub.ClientCalls.getUnchecked(ClientCalls.java:214)
	at org.apache.ratis.thirdparty.io.grpc.stub.ClientCalls.blockingUnaryCall(ClientCalls.java:139)
	at org.apache.ratis.proto.grpc.AdminProtocolServiceGrpc$AdminProtocolServiceBlockingStub.groupManagement(AdminProtocolServiceGrpc.java:274)
	at org.apache.ratis.grpc.client.GrpcClientProtocolClient.lambda$groupAdd$3(GrpcClientProtocolClient.java:149)
	at org.apache.ratis.grpc.client.GrpcClientProtocolClient.blockingCall(GrpcClientProtocolClient.java:176)
	... 25 more
2019-09-26 19:36:20,984 [728ea44c-f097-440a-a87e-c27a68d48f14@group-BB094026C928-SegmentedRaftLogWorker] INFO  util.JmxRegister (JmxRegister.java:unregister(73)) - Successfully un-registered JMX Bean with object name Ratis:service=RaftServer,group=group-BB094026C928,id=728ea44c-f097-440a-a87e-c27a68d48f14
2019-09-26 19:36:21,495 [728ea44c-f097-440a-a87e-c27a68d48f14@group-BB094026C928-SegmentedRaftLogWorker] INFO  impl.RoleInfo (RoleInfo.java:shutdownLeaderState(104)) - 728ea44c-f097-440a-a87e-c27a68d48f14: shutdown LeaderState
2019-09-26 19:36:20,984 [27cb48db-4b88-4c0c-b213-19f9b2fffaff@group-B295C7228A94-SegmentedRaftLogWorker] INFO  util.JmxRegister (JmxRegister.java:unregister(73)) - Successfully un-registered JMX Bean with object name Ratis:service=RaftServer,group=group-B295C7228A94,id=27cb48db-4b88-4c0c-b213-19f9b2fffaff
2019-09-26 19:36:21,496 [27cb48db-4b88-4c0c-b213-19f9b2fffaff@group-B295C7228A94-SegmentedRaftLogWorker] INFO  impl.RoleInfo (RoleInfo.java:shutdownLeaderState(104)) - 27cb48db-4b88-4c0c-b213-19f9b2fffaff: shutdown LeaderState
2019-09-26 19:36:20,984 [27cb48db-4b88-4c0c-b213-19f9b2fffaff@group-60CEE626D65C-SegmentedRaftLogWorker] INFO  util.JmxRegister (JmxRegister.java:unregister(73)) - Successfully un-registered JMX Bean with object name Ratis:service=RaftServer,group=group-60CEE626D65C,id=27cb48db-4b88-4c0c-b213-19f9b2fffaff
2019-09-26 19:36:20,983 [27cb48db-4b88-4c0c-b213-19f9b2fffaff@group-DB740590083B:LeaderElection1038] INFO  impl.RaftServerImpl (RaftServerImpl.java:setRole(174)) - 27cb48db-4b88-4c0c-b213-19f9b2fffaff@group-DB740590083B: changes role from CANDIDATE to LEADER at term 1 for changeToLeader
2019-09-26 19:36:20,983 [728ea44c-f097-440a-a87e-c27a68d48f14@group-AA65AE2DB801:LeaderElection1069] INFO  impl.RoleInfo (RoleInfo.java:shutdownLeaderElection(134)) - 728ea44c-f097-440a-a87e-c27a68d48f14: shutdown LeaderElection
2019-09-26 19:36:20,983 [27cb48db-4b88-4c0c-b213-19f9b2fffaff@group-9E65EF7B6D20:LeaderElection1062] INFO  impl.RoleInfo (RoleInfo.java:shutdownLeaderElection(134)) - 27cb48db-4b88-4c0c-b213-19f9b2fffaff: shutdown LeaderElection
2019-09-26 19:36:20,983 [728ea44c-f097-440a-a87e-c27a68d48f14@group-CE4E9F883499:LeaderElection1059] INFO  impl.RaftServerImpl (RaftServerImpl.java:setRole(174)) - 728ea44c-f097-440a-a87e-c27a68d48f14@group-CE4E9F883499: changes role from CANDIDATE to LEADER at term 1 for changeToLeader
2019-09-26 19:36:20,983 [99aa1396-69c4-4985-9b2a-20430cc4a0a7@group-5BC89FBB8EDB:LeaderElection1061] INFO  impl.RaftServerImpl (RaftServerImpl.java:setRole(174)) - 99aa1396-69c4-4985-9b2a-20430cc4a0a7@group-5BC89FBB8EDB: changes role from CANDIDATE to LEADER at term 1 for changeToLeader
2019-09-26 19:36:21,506 [99aa1396-69c4-4985-9b2a-20430cc4a0a7@group-5BC89FBB8EDB:LeaderElection1061] INFO  impl.RaftServerImpl (ServerState.java:setLeader(253)) - 99aa1396-69c4-4985-9b2a-20430cc4a0a7@group-5BC89FBB8EDB: change Leader from null to 99aa1396-69c4-4985-9b2a-20430cc4a0a7 at term 1 for becomeLeader, leader elected after 25184ms
2019-09-26 19:36:20,983 [728ea44c-f097-440a-a87e-c27a68d48f14@group-E8DCF40579B6:LeaderElection1060] INFO  impl.RoleInfo (RoleInfo.java:shutdownLeaderElection(134)) - 728ea44c-f097-440a-a87e-c27a68d48f14: shutdown LeaderElection
2019-09-26 19:36:20,982 [728ea44c-f097-440a-a87e-c27a68d48f14@group-D1445E9B394A:LeaderElection1071] INFO  impl.RoleInfo (RoleInfo.java:shutdownLeaderElection(134)) - 728ea44c-f097-440a-a87e-c27a68d48f14: shutdown LeaderElection
2019-09-26 19:36:20,982 [27cb48db-4b88-4c0c-b213-19f9b2fffaff@group-0E7151963C0C:LeaderElection1068] INFO  impl.RaftServerImpl (RaftServerImpl.java:setRole(174)) - 27cb48db-4b88-4c0c-b213-19f9b2fffaff@group-0E7151963C0C: changes role from CANDIDATE to LEADER at term 1 for changeToLeader
2019-09-26 19:36:20,982 [728ea44c-f097-440a-a87e-c27a68d48f14@group-D069AE322CB2:LeaderElection1063] INFO  impl.RoleInfo (RoleInfo.java:shutdownLeaderElection(134)) - 728ea44c-f097-440a-a87e-c27a68d48f14: shutdown LeaderElection
2019-09-26 19:36:20,982 [728ea44c-f097-440a-a87e-c27a68d48f14@group-AF2925BA2B4F:LeaderElection1058] INFO  impl.RoleInfo (RoleInfo.java:shutdownLeaderElection(134)) - 728ea44c-f097-440a-a87e-c27a68d48f14: shutdown LeaderElection
2019-09-26 19:36:21,507 [grpc-default-executor-5] INFO  impl.RaftServerProxy (RaftServerProxy.java:addNew(89)) - 728ea44c-f097-440a-a87e-c27a68d48f14: addNew group-76A130E69E0C:[728ea44c-f097-440a-a87e-c27a68d48f14:192.168.151.99:38783, 27cb48db-4b88-4c0c-b213-19f9b2fffaff:192.168.151.99:37457, 99aa1396-69c4-4985-9b2a-20430cc4a0a7:192.168.151.99:40213] returns group-76A130E69E0C:java.util.concurrent.CompletableFuture@4d1aa28f[Not completed]
2019-09-26 19:36:20,982 [27cb48db-4b88-4c0c-b213-19f9b2fffaff@group-269437B58436:LeaderElection1018] INFO  segmented.SegmentedRaftLogWorker (SegmentedRaftLogWorker.java:startLogSegment(380)) - 27cb48db-4b88-4c0c-b213-19f9b2fffaff@group-269437B58436-SegmentedRaftLogWorker: Starting segment from index:0
2019-09-26 19:36:20,982 [728ea44c-f097-440a-a87e-c27a68d48f14@group-56EF8E9D7D62:LeaderElection1037] INFO  server.RaftServerConfigKeys (ConfUtils.java:logGet(43)) - raft.server.watch.timeout = 10s (default)
2019-09-26 19:36:20,982 [728ea44c-f097-440a-a87e-c27a68d48f14@group-AB23A7610A57:LeaderElection1036] INFO  server.RaftServerConfigKeys (ConfUtils.java:logGet(43)) - raft.server.write.element-limit = 4096 (default)
2019-09-26 19:36:20,981 [27cb48db-4b88-4c0c-b213-19f9b2fffaff@group-6067988DFF8F:LeaderElection1039] INFO  server.RaftServerConfigKeys (ConfUtils.java:logGet(43)) - raft.server.write.element-limit = 4096 (default)
2019-09-26 19:36:21,508 [27cb48db-4b88-4c0c-b213-19f9b2fffaff@group-6067988DFF8F:LeaderElection1039] INFO  server.RaftServerConfigKeys (ConfUtils.java:logGet(43)) - raft.server.watch.timeout = 10s (default)
2019-09-26 19:36:20,981 [27cb48db-4b88-4c0c-b213-19f9b2fffaff@group-7EAA5414454D:LeaderElection1033] INFO  server.RaftServerConfigKeys (ConfUtils.java:logGet(43)) - raft.server.rpc.sleep.time = 25ms (default)
2019-09-26 19:36:20,981 [27cb48db-4b88-4c0c-b213-19f9b2fffaff@group-8258851FBC6A:LeaderElection1031] INFO  server.RaftServerConfigKeys (ConfUtils.java:logGet(43)) - raft.server.write.element-limit = 4096 (default)
2019-09-26 19:36:20,981 [27cb48db-4b88-4c0c-b213-19f9b2fffaff@group-4286E730C784:LeaderElection1040] INFO  server.RaftServerConfigKeys (ConfUtils.java:logGet(43)) - raft.server.write.element-limit = 4096 (default)
2019-09-26 19:36:20,981 [27cb48db-4b88-4c0c-b213-19f9b2fffaff@group-604F6EB72B06:LeaderElection1020] INFO  segmented.SegmentedRaftLogWorker (SegmentedRaftLogWorker.java:startLogSegment(380)) - 27cb48db-4b88-4c0c-b213-19f9b2fffaff@group-604F6EB72B06-SegmentedRaftLogWorker: Starting segment from index:0
2019-09-26 19:36:20,981 [99aa1396-69c4-4985-9b2a-20430cc4a0a7@group-DD15D4C400D3:LeaderElection1065] INFO  impl.RaftServerImpl (RaftServerImpl.java:setRole(174)) - 99aa1396-69c4-4985-9b2a-20430cc4a0a7@group-DD15D4C400D3: changes role from CANDIDATE to LEADER at term 1 for changeToLeader
2019-09-26 19:36:20,981 [728ea44c-f097-440a-a87e-c27a68d48f14@group-AF87B132B664:LeaderElection1070] INFO  impl.RoleInfo (RoleInfo.java:shutdownLeaderElection(134)) - 728ea44c-f097-440a-a87e-c27a68d48f14: shutdown LeaderElection
2019-09-26 19:36:20,980 [99aa1396-69c4-4985-9b2a-20430cc4a0a7@group-8FC43B8E249F:LeaderElection1052] INFO  server.RaftServerConfigKeys (ConfUtils.java:logGet(43)) - raft.server.watch.timeout = 10s (default)
2019-09-26 19:36:21,509 [99aa1396-69c4-4985-9b2a-20430cc4a0a7@group-8FC43B8E249F:LeaderElection1052] INFO  server.RaftServerConfigKeys (ConfUtils.java:logGet(43)) - raft.server.watch.timeout.denomination = 1s (default)
2019-09-26 19:36:20,980 [27cb48db-4b88-4c0c-b213-19f9b2fffaff@group-5C41B557C8F0:LeaderElection1034] INFO  server.RaftServerConfigKeys (ConfUtils.java:logGet(43)) - raft.server.watch.timeout = 10s (default)
2019-09-26 19:36:20,980 [728ea44c-f097-440a-a87e-c27a68d48f14@group-16EAEE30D2AE:LeaderElection1032] INFO  server.RaftServerConfigKeys (ConfUtils.java:logGet(43)) - raft.server.write.element-limit = 4096 (default)
2019-09-26 19:36:21,509 [728ea44c-f097-440a-a87e-c27a68d48f14@group-16EAEE30D2AE:LeaderElection1032] INFO  server.RaftServerConfigKeys (ConfUtils.java:logGet(43)) - raft.server.watch.timeout = 10s (default)
2019-09-26 19:36:20,980 [27cb48db-4b88-4c0c-b213-19f9b2fffaff@group-4BF804B3BA25:LeaderElection1045] INFO  server.RaftServerConfigKeys (ConfUtils.java:logGet(43)) - raft.server.rpc.sleep.time = 25ms (default)
2019-09-26 19:36:20,979 [27cb48db-4b88-4c0c-b213-19f9b2fffaff@group-7EC36DED298A:LeaderElection1074] INFO  impl.RaftServerImpl (RaftServerImpl.java:setRole(174)) - 27cb48db-4b88-4c0c-b213-19f9b2fffaff@group-7EC36DED298A: changes role from CANDIDATE to LEADER at term 1 for changeToLeader
2019-09-26 19:36:21,510 [27cb48db-4b88-4c0c-b213-19f9b2fffaff@group-7EC36DED298A:LeaderElection1074] INFO  impl.RaftServerImpl (ServerState.java:setLeader(253)) - 27cb48db-4b88-4c0c-b213-19f9b2fffaff@group-7EC36DED298A: change Leader from null to 27cb48db-4b88-4c0c-b213-19f9b2fffaff at term 1 for becomeLeader, leader elected after 23268ms
2019-09-26 19:36:20,979 [728ea44c-f097-440a-a87e-c27a68d48f14@group-191D7D199588:LeaderElection1077] INFO  impl.RoleInfo (RoleInfo.java:shutdownLeaderElection(134)) - 728ea44c-f097-440a-a87e-c27a68d48f14: shutdown LeaderElection
2019-09-26 19:36:20,979 [Thread-6986] INFO  impl.RoleInfo (RoleInfo.java:shutdownFollowerState(121)) - 728ea44c-f097-440a-a87e-c27a68d48f14: shutdown FollowerState
2019-09-26 19:36:21,510 [Thread-6986] INFO  impl.RaftServerImpl (RaftServerImpl.java:setRole(174)) - 728ea44c-f097-440a-a87e-c27a68d48f14@group-FC635B7BAD4C: changes role from  FOLLOWER to CANDIDATE at term 0 for changeToCandidate
2019-09-26 19:36:20,979 [99aa1396-69c4-4985-9b2a-20430cc4a0a7@group-FB63D571C0D2-SegmentedRaftLogWorker] INFO  util.JmxRegister (JmxRegister.java:unregister(73)) - Successfully un-registered JMX Bean with object name Ratis:service=RaftServer,group=group-FB63D571C0D2,id=99aa1396-69c4-4985-9b2a-20430cc4a0a7
2019-09-26 19:36:21,510 [99aa1396-69c4-4985-9b2a-20430cc4a0a7@group-FB63D571C0D2-SegmentedRaftLogWorker] INFO  impl.RoleInfo (RoleInfo.java:shutdownLeaderState(104)) - 99aa1396-69c4-4985-9b2a-20430cc4a0a7: shutdown LeaderState
2019-09-26 19:36:20,978 [728ea44c-f097-440a-a87e-c27a68d48f14@group-CD95CCA6E5DE-SegmentedRaftLogWorker] INFO  util.JmxRegister (JmxRegister.java:unregister(73)) - Successfully un-registered JMX Bean with object name Ratis:service=RaftServer,group=group-CD95CCA6E5DE,id=728ea44c-f097-440a-a87e-c27a68d48f14
2019-09-26 19:36:21,510 [728ea44c-f097-440a-a87e-c27a68d48f14@group-CD95CCA6E5DE-SegmentedRaftLogWorker] INFO  impl.RoleInfo (RoleInfo.java:shutdownLeaderState(104)) - 728ea44c-f097-440a-a87e-c27a68d48f14: shutdown LeaderState
2019-09-26 19:36:20,978 [27cb48db-4b88-4c0c-b213-19f9b2fffaff@group-BEB29AE3C17F-SegmentedRaftLogWorker] INFO  util.JmxRegister (JmxRegister.java:unregister(73)) - Successfully un-registered JMX Bean with object name Ratis:service=RaftServer,group=group-BEB29AE3C17F,id=27cb48db-4b88-4c0c-b213-19f9b2fffaff
2019-09-26 19:36:20,978 [27cb48db-4b88-4c0c-b213-19f9b2fffaff@group-FEE7AAE57329-SegmentedRaftLogWorker] INFO  util.JmxRegister (JmxRegister.java:unregister(73)) - Successfully un-registered JMX Bean with object name Ratis:service=RaftServer,group=group-FEE7AAE57329,id=27cb48db-4b88-4c0c-b213-19f9b2fffaff
2019-09-26 19:36:21,511 [27cb48db-4b88-4c0c-b213-19f9b2fffaff@group-FEE7AAE57329-SegmentedRaftLogWorker] INFO  impl.RoleInfo (RoleInfo.java:shutdownLeaderState(104)) - 27cb48db-4b88-4c0c-b213-19f9b2fffaff: shutdown LeaderState
2019-09-26 19:36:20,978 [27cb48db-4b88-4c0c-b213-19f9b2fffaff@group-F337E4A86832-SegmentedRaftLogWorker] INFO  util.JmxRegister (JmxRegister.java:unregister(73)) - Successfully un-registered JMX Bean with object name Ratis:service=RaftServer,group=group-F337E4A86832,id=27cb48db-4b88-4c0c-b213-19f9b2fffaff
2019-09-26 19:36:21,511 [27cb48db-4b88-4c0c-b213-19f9b2fffaff@group-F337E4A86832-SegmentedRaftLogWorker] INFO  impl.RoleInfo (RoleInfo.java:shutdownLeaderState(104)) - 27cb48db-4b88-4c0c-b213-19f9b2fffaff: shutdown LeaderState
2019-09-26 19:36:20,978 [27cb48db-4b88-4c0c-b213-19f9b2fffaff@group-E18203AECDC0-SegmentedRaftLogWorker] INFO  util.JmxRegister (JmxRegister.java:unregister(73)) - Successfully un-registered JMX Bean with object name Ratis:service=RaftServer,group=group-E18203AECDC0,id=27cb48db-4b88-4c0c-b213-19f9b2fffaff
2019-09-26 19:36:21,511 [27cb48db-4b88-4c0c-b213-19f9b2fffaff@group-E18203AECDC0-SegmentedRaftLogWorker] INFO  impl.RoleInfo (RoleInfo.java:shutdownLeaderState(104)) - 27cb48db-4b88-4c0c-b213-19f9b2fffaff: shutdown LeaderState
2019-09-26 19:36:20,977 [728ea44c-f097-440a-a87e-c27a68d48f14@group-8B20934A7F11-SegmentedRaftLogWorker] INFO  util.JmxRegister (JmxRegister.java:unregister(73)) - Successfully un-registered JMX Bean with object name Ratis:service=RaftServer,group=group-8B20934A7F11,id=728ea44c-f097-440a-a87e-c27a68d48f14
2019-09-26 19:36:21,512 [728ea44c-f097-440a-a87e-c27a68d48f14@group-8B20934A7F11-SegmentedRaftLogWorker] INFO  impl.RoleInfo (RoleInfo.java:shutdownLeaderState(104)) - 728ea44c-f097-440a-a87e-c27a68d48f14: shutdown LeaderState
2019-09-26 19:36:20,977 [728ea44c-f097-440a-a87e-c27a68d48f14@group-A3FDED93FB37-SegmentedRaftLogWorker] INFO  segmented.SegmentedRaftLogWorker (SegmentedRaftLogWorker.java:close(228)) - 728ea44c-f097-440a-a87e-c27a68d48f14@group-A3FDED93FB37-SegmentedRaftLogWorker close()
2019-09-26 19:36:20,977 [27cb48db-4b88-4c0c-b213-19f9b2fffaff@group-96D25400B53D:LeaderElection1076] INFO  impl.RaftServerImpl (RaftServerImpl.java:setRole(174)) - 27cb48db-4b88-4c0c-b213-19f9b2fffaff@group-96D25400B53D: changes role from CANDIDATE to LEADER at term 1 for changeToLeader
2019-09-26 19:36:20,976 [99aa1396-69c4-4985-9b2a-20430cc4a0a7@group-870C395226EC:LeaderElection1064] INFO  impl.RoleInfo (RoleInfo.java:shutdownLeaderElection(134)) - 99aa1396-69c4-4985-9b2a-20430cc4a0a7: shutdown LeaderElection
2019-09-26 19:36:21,526 [99aa1396-69c4-4985-9b2a-20430cc4a0a7@group-870C395226EC:LeaderElection1064] INFO  impl.RaftServerImpl (RaftServerImpl.java:setRole(174)) - 99aa1396-69c4-4985-9b2a-20430cc4a0a7@group-870C395226EC: changes role from CANDIDATE to LEADER at term 1 for changeToLeader
2019-09-26 19:36:20,976 [27cb48db-4b88-4c0c-b213-19f9b2fffaff@group-C17EB1A95973:LeaderElection1035] INFO  impl.RaftServerImpl (RaftServerImpl.java:setRole(174)) - 27cb48db-4b88-4c0c-b213-19f9b2fffaff@group-C17EB1A95973: changes role from CANDIDATE to LEADER at term 1 for changeToLeader
2019-09-26 19:36:20,976 [27cb48db-4b88-4c0c-b213-19f9b2fffaff@group-089574044510:LeaderElection1066] INFO  impl.RoleInfo (RoleInfo.java:shutdownLeaderElection(134)) - 27cb48db-4b88-4c0c-b213-19f9b2fffaff: shutdown LeaderElection
2019-09-26 19:36:20,976 [728ea44c-f097-440a-a87e-c27a68d48f14@group-88228B0D7AFD:LeaderElection1054] INFO  impl.RoleInfo (RoleInfo.java:shutdownLeaderElection(134)) - 728ea44c-f097-440a-a87e-c27a68d48f14: shutdown LeaderElection
2019-09-26 19:36:20,958 [27cb48db-4b88-4c0c-b213-19f9b2fffaff@group-E5EC31325CD2-SegmentedRaftLogWorker] ERROR segmented.SegmentedRaftLogWorker (SegmentedRaftLogWorker.java:run(323)) - 27cb48db-4b88-4c0c-b213-19f9b2fffaff@group-E5EC31325CD2-SegmentedRaftLogWorker hit exception
java.lang.OutOfMemoryError: Direct buffer memory
	at java.nio.Bits.reserveMemory(Bits.java:666)
	at java.nio.DirectByteBuffer.<init>(DirectByteBuffer.java:123)
	at java.nio.ByteBuffer.allocateDirect(ByteBuffer.java:311)
	at org.apache.ratis.server.raftlog.segmented.BufferedWriteChannel.<init>(BufferedWriteChannel.java:41)
	at org.apache.ratis.server.raftlog.segmented.SegmentedRaftLogOutputStream.<init>(SegmentedRaftLogOutputStream.java:72)
	at org.apache.ratis.server.raftlog.segmented.SegmentedRaftLogWorker$StartLogSegment.execute(SegmentedRaftLogWorker.java:566)
	at org.apache.ratis.server.raftlog.segmented.SegmentedRaftLogWorker.run(SegmentedRaftLogWorker.java:289)
	at java.lang.Thread.run(Thread.java:748)
2019-09-26 19:36:21,527 [27cb48db-4b88-4c0c-b213-19f9b2fffaff@group-E5EC31325CD2-SegmentedRaftLogWorker] INFO  impl.RaftServerImpl (RaftServerImpl.java:lambda$shutdown$3(251)) - 27cb48db-4b88-4c0c-b213-19f9b2fffaff@group-E5EC31325CD2: shutdown
2019-09-26 19:36:20,958 [27cb48db-4b88-4c0c-b213-19f9b2fffaff@group-686B5EE37884-SegmentedRaftLogWorker] ERROR segmented.SegmentedRaftLogWorker (SegmentedRaftLogWorker.java:run(323)) - 27cb48db-4b88-4c0c-b213-19f9b2fffaff@group-686B5EE37884-SegmentedRaftLogWorker hit exception
java.lang.OutOfMemoryError: Direct buffer memory
	at java.nio.Bits.reserveMemory(Bits.java:666)
	at java.nio.DirectByteBuffer.<init>(DirectByteBuffer.java:123)
	at java.nio.ByteBuffer.allocateDirect(ByteBuffer.java:311)
	at org.apache.ratis.server.raftlog.segmented.BufferedWriteChannel.<init>(BufferedWriteChannel.java:41)
	at org.apache.ratis.server.raftlog.segmented.SegmentedRaftLogOutputStream.<init>(SegmentedRaftLogOutputStream.java:72)
	at org.apache.ratis.server.raftlog.segmented.SegmentedRaftLogWorker$StartLogSegment.execute(SegmentedRaftLogWorker.java:566)
	at org.apache.ratis.server.raftlog.segmented.SegmentedRaftLogWorker.run(SegmentedRaftLogWorker.java:289)
	at java.lang.Thread.run(Thread.java:748)
2019-09-26 19:36:21,527 [27cb48db-4b88-4c0c-b213-19f9b2fffaff@group-686B5EE37884-SegmentedRaftLogWorker] INFO  impl.RaftServerImpl (RaftServerImpl.java:lambda$shutdown$3(251)) - 27cb48db-4b88-4c0c-b213-19f9b2fffaff@group-686B5EE37884: shutdown
2019-09-26 19:36:20,958 [27cb48db-4b88-4c0c-b213-19f9b2fffaff@group-A260F6F3F135-SegmentedRaftLogWorker] ERROR segmented.SegmentedRaftLogWorker (SegmentedRaftLogWorker.java:run(323)) - 27cb48db-4b88-4c0c-b213-19f9b2fffaff@group-A260F6F3F135-SegmentedRaftLogWorker hit exception
java.lang.OutOfMemoryError: Direct buffer memory
	at java.nio.Bits.reserveMemory(Bits.java:666)
	at java.nio.DirectByteBuffer.<init>(DirectByteBuffer.java:123)
	at java.nio.ByteBuffer.allocateDirect(ByteBuffer.java:311)
	at org.apache.ratis.server.raftlog.segmented.BufferedWriteChannel.<init>(BufferedWriteChannel.java:41)
	at org.apache.ratis.server.raftlog.segmented.SegmentedRaftLogOutputStream.<init>(SegmentedRaftLogOutputStream.java:72)
	at org.apache.ratis.server.raftlog.segmented.SegmentedRaftLogWorker$StartLogSegment.execute(SegmentedRaftLogWorker.java:566)
	at org.apache.ratis.server.raftlog.segmented.SegmentedRaftLogWorker.run(SegmentedRaftLogWorker.java:289)
	at java.lang.Thread.run(Thread.java:748)
2019-09-26 19:36:21,527 [27cb48db-4b88-4c0c-b213-19f9b2fffaff@group-A260F6F3F135-SegmentedRaftLogWorker] INFO  impl.RaftServerImpl (RaftServerImpl.java:lambda$shutdown$3(251)) - 27cb48db-4b88-4c0c-b213-19f9b2fffaff@group-A260F6F3F135: shutdown
2019-09-26 19:36:20,958 [728ea44c-f097-440a-a87e-c27a68d48f14@group-B46C9A7EAD2D-SegmentedRaftLogWorker] ERROR segmented.SegmentedRaftLogWorker (SegmentedRaftLogWorker.java:run(323)) - 728ea44c-f097-440a-a87e-c27a68d48f14@group-B46C9A7EAD2D-SegmentedRaftLogWorker hit exception
java.lang.OutOfMemoryError: Direct buffer memory
	at java.nio.Bits.reserveMemory(Bits.java:666)
	at java.nio.DirectByteBuffer.<init>(DirectByteBuffer.java:123)
	at java.nio.ByteBuffer.allocateDirect(ByteBuffer.java:311)
	at org.apache.ratis.server.raftlog.segmented.BufferedWriteChannel.<init>(BufferedWriteChannel.java:41)
	at org.apache.ratis.server.raftlog.segmented.SegmentedRaftLogOutputStream.<init>(SegmentedRaftLogOutputStream.java:72)
	at org.apache.ratis.server.raftlog.segmented.SegmentedRaftLogWorker$StartLogSegment.execute(SegmentedRaftLogWorker.java:566)
	at org.apache.ratis.server.raftlog.segmented.SegmentedRaftLogWorker.run(SegmentedRaftLogWorker.java:289)
	at java.lang.Thread.run(Thread.java:748)
2019-09-26 19:36:21,528 [728ea44c-f097-440a-a87e-c27a68d48f14@group-B46C9A7EAD2D-SegmentedRaftLogWorker] INFO  impl.RaftServerImpl (RaftServerImpl.java:lambda$shutdown$3(251)) - 728ea44c-f097-440a-a87e-c27a68d48f14@group-B46C9A7EAD2D: shutdown
2019-09-26 19:36:20,958 [728ea44c-f097-440a-a87e-c27a68d48f14@group-81150C1B35EC-SegmentedRaftLogWorker] ERROR segmented.SegmentedRaftLogWorker (SegmentedRaftLogWorker.java:run(323)) - 728ea44c-f097-440a-a87e-c27a68d48f14@group-81150C1B35EC-SegmentedRaftLogWorker hit exception
java.lang.OutOfMemoryError: Direct buffer memory
	at java.nio.Bits.reserveMemory(Bits.java:666)
	at java.nio.DirectByteBuffer.<init>(DirectByteBuffer.java:123)
	at java.nio.ByteBuffer.allocateDirect(ByteBuffer.java:311)
	at org.apache.ratis.server.raftlog.segmented.BufferedWriteChannel.<init>(BufferedWriteChannel.java:41)
	at org.apache.ratis.server.raftlog.segmented.SegmentedRaftLogOutputStream.<init>(SegmentedRaftLogOutputStream.java:72)
	at org.apache.ratis.server.raftlog.segmented.SegmentedRaftLogWorker$StartLogSegment.execute(SegmentedRaftLogWorker.java:566)
	at org.apache.ratis.server.raftlog.segmented.SegmentedRaftLogWorker.run(SegmentedRaftLogWorker.java:289)
	at java.lang.Thread.run(Thread.java:748)
2019-09-26 19:36:21,528 [728ea44c-f097-440a-a87e-c27a68d48f14@group-81150C1B35EC-SegmentedRaftLogWorker] INFO  impl.RaftServerImpl (RaftServerImpl.java:lambda$shutdown$3(251)) - 728ea44c-f097-440a-a87e-c27a68d48f14@group-81150C1B35EC: shutdown
2019-09-26 19:36:20,491 [27cb48db-4b88-4c0c-b213-19f9b2fffaff@group-606A4401418B:LeaderElection1055] INFO  impl.RoleInfo (RoleInfo.java:shutdownLeaderElection(134)) - 27cb48db-4b88-4c0c-b213-19f9b2fffaff: shutdown LeaderElection
2019-09-26 19:36:21,528 [27cb48db-4b88-4c0c-b213-19f9b2fffaff@group-606A4401418B:LeaderElection1055] INFO  impl.RaftServerImpl (RaftServerImpl.java:setRole(174)) - 27cb48db-4b88-4c0c-b213-19f9b2fffaff@group-606A4401418B: changes role from CANDIDATE to LEADER at term 1 for changeToLeader
2019-09-26 19:36:20,491 [27cb48db-4b88-4c0c-b213-19f9b2fffaff@group-081BA867897B:LeaderElection1014] INFO  impl.RaftServerImpl (ServerState.java:setRaftConf(354)) - 27cb48db-4b88-4c0c-b213-19f9b2fffaff@group-081BA867897B: set configuration 0: [27cb48db-4b88-4c0c-b213-19f9b2fffaff:192.168.151.99:37457], old=null at 0
2019-09-26 19:36:20,491 [27cb48db-4b88-4c0c-b213-19f9b2fffaff@group-FB1248EB002D:LeaderElection1051] INFO  impl.RoleInfo (RoleInfo.java:shutdownLeaderElection(134)) - 27cb48db-4b88-4c0c-b213-19f9b2fffaff: shutdown LeaderElection
2019-09-26 19:36:20,490 [27cb48db-4b88-4c0c-b213-19f9b2fffaff@group-65EB277B690C:LeaderElection1019] INFO  segmented.SegmentedRaftLogWorker (SegmentedRaftLogWorker.java:startLogSegment(380)) - 27cb48db-4b88-4c0c-b213-19f9b2fffaff@group-65EB277B690C-SegmentedRaftLogWorker: Starting segment from index:0
2019-09-26 19:36:20,490 [27cb48db-4b88-4c0c-b213-19f9b2fffaff@group-8502D39265A6:LeaderElection1005] INFO  segmented.SegmentedRaftLogWorker (SegmentedRaftLogWorker.java:startLogSegment(380)) - 27cb48db-4b88-4c0c-b213-19f9b2fffaff@group-8502D39265A6-SegmentedRaftLogWorker: Starting segment from index:0
2019-09-26 19:36:20,490 [728ea44c-f097-440a-a87e-c27a68d48f14@group-A248398DF8D6:LeaderElection1006] INFO  segmented.SegmentedRaftLogWorker (SegmentedRaftLogWorker.java:startLogSegment(380)) - 728ea44c-f097-440a-a87e-c27a68d48f14@group-A248398DF8D6-SegmentedRaftLogWorker: Starting segment from index:0
2019-09-26 19:36:21,529 [27cb48db-4b88-4c0c-b213-19f9b2fffaff@group-8502D39265A6:LeaderElection1005] INFO  impl.RaftServerImpl (ServerState.java:setRaftConf(354)) - 27cb48db-4b88-4c0c-b213-19f9b2fffaff@group-8502D39265A6: set configuration 0: [27cb48db-4b88-4c0c-b213-19f9b2fffaff:192.168.151.99:37457], old=null at 0
2019-09-26 19:36:20,490 [728ea44c-f097-440a-a87e-c27a68d48f14@group-CC0AC654280F-SegmentedRaftLogWorker] INFO  util.JmxRegister (JmxRegister.java:unregister(73)) - Successfully un-registered JMX Bean with object name Ratis:service=RaftServer,group=group-CC0AC654280F,id=728ea44c-f097-440a-a87e-c27a68d48f14
2019-09-26 19:36:21,529 [728ea44c-f097-440a-a87e-c27a68d48f14@group-CC0AC654280F-SegmentedRaftLogWorker] INFO  impl.RoleInfo (RoleInfo.java:shutdownLeaderState(104)) - 728ea44c-f097-440a-a87e-c27a68d48f14: shutdown LeaderState
2019-09-26 19:36:20,489 [27cb48db-4b88-4c0c-b213-19f9b2fffaff@group-D1BA8AE37FD0:LeaderElection1007] INFO  segmented.SegmentedRaftLogWorker (SegmentedRaftLogWorker.java:startLogSegment(380)) - 27cb48db-4b88-4c0c-b213-19f9b2fffaff@group-D1BA8AE37FD0-SegmentedRaftLogWorker: Starting segment from index:0
2019-09-26 19:36:20,489 [99aa1396-69c4-4985-9b2a-20430cc4a0a7@group-119644BB2AD2:LeaderElection1004] INFO  segmented.SegmentedRaftLogWorker (SegmentedRaftLogWorker.java:startLogSegment(380)) - 99aa1396-69c4-4985-9b2a-20430cc4a0a7@group-119644BB2AD2-SegmentedRaftLogWorker: Starting segment from index:0
2019-09-26 19:36:20,489 [27cb48db-4b88-4c0c-b213-19f9b2fffaff@group-CF122FDC6C03:LeaderElection1008] INFO  segmented.SegmentedRaftLogWorker (SegmentedRaftLogWorker.java:startLogSegment(380)) - 27cb48db-4b88-4c0c-b213-19f9b2fffaff@group-CF122FDC6C03-SegmentedRaftLogWorker: Starting segment from index:0
2019-09-26 19:36:20,489 [728ea44c-f097-440a-a87e-c27a68d48f14@group-516E0962CCE3:LeaderElection1000] INFO  segmented.SegmentedRaftLogWorker (SegmentedRaftLogWorker.java:startLogSegment(380)) - 728ea44c-f097-440a-a87e-c27a68d48f14@group-516E0962CCE3-SegmentedRaftLogWorker: Starting segment from index:0
2019-09-26 19:36:20,489 [728ea44c-f097-440a-a87e-c27a68d48f14@group-38F2945183E6:LeaderElection1001] INFO  segmented.SegmentedRaftLogWorker (SegmentedRaftLogWorker.java:startLogSegment(380)) - 728ea44c-f097-440a-a87e-c27a68d48f14@group-38F2945183E6-SegmentedRaftLogWorker: Starting segment from index:0
2019-09-26 19:36:20,489 [27cb48db-4b88-4c0c-b213-19f9b2fffaff@group-9D764B33AD0C:LeaderElection1003] INFO  segmented.SegmentedRaftLogWorker (SegmentedRaftLogWorker.java:startLogSegment(380)) - 27cb48db-4b88-4c0c-b213-19f9b2fffaff@group-9D764B33AD0C-SegmentedRaftLogWorker: Starting segment from index:0
2019-09-26 19:36:20,489 [27cb48db-4b88-4c0c-b213-19f9b2fffaff@group-5B13DE4C131A:LeaderElection1010] INFO  segmented.SegmentedRaftLogWorker (SegmentedRaftLogWorker.java:startLogSegment(380)) - 27cb48db-4b88-4c0c-b213-19f9b2fffaff@group-5B13DE4C131A-SegmentedRaftLogWorker: Starting segment from index:0
2019-09-26 19:36:20,489 [27cb48db-4b88-4c0c-b213-19f9b2fffaff@group-AD610815A00B:LeaderElection1016] INFO  segmented.SegmentedRaftLogWorker (SegmentedRaftLogWorker.java:startLogSegment(380)) - 27cb48db-4b88-4c0c-b213-19f9b2fffaff@group-AD610815A00B-SegmentedRaftLogWorker: Starting segment from index:0
2019-09-26 19:36:20,488 [27cb48db-4b88-4c0c-b213-19f9b2fffaff@group-A59E1FAF9AD8:LeaderElection1023] INFO  segmented.SegmentedRaftLogWorker (SegmentedRaftLogWorker.java:startLogSegment(380)) - 27cb48db-4b88-4c0c-b213-19f9b2fffaff@group-A59E1FAF9AD8-SegmentedRaftLogWorker: Starting segment from index:0
2019-09-26 19:36:19,997 [728ea44c-f097-440a-a87e-c27a68d48f14@group-C5D49945B174:LeaderElection1021] INFO  segmented.SegmentedRaftLogWorker (SegmentedRaftLogWorker.java:startLogSegment(380)) - 728ea44c-f097-440a-a87e-c27a68d48f14@group-C5D49945B174-SegmentedRaftLogWorker: Starting segment from index:0
2019-09-26 19:36:20,488 [27cb48db-4b88-4c0c-b213-19f9b2fffaff@group-BA9ADC048FEB:LeaderElection989] INFO  impl.RaftServerImpl (ServerState.java:setRaftConf(354)) - 27cb48db-4b88-4c0c-b213-19f9b2fffaff@group-BA9ADC048FEB: set configuration 0: [27cb48db-4b88-4c0c-b213-19f9b2fffaff:192.168.151.99:37457], old=null at 0
2019-09-26 19:36:21,532 [728ea44c-f097-440a-a87e-c27a68d48f14@group-C5D49945B174:LeaderElection1021] INFO  impl.RaftServerImpl (ServerState.java:setRaftConf(354)) - 728ea44c-f097-440a-a87e-c27a68d48f14@group-C5D49945B174: set configuration 0: [728ea44c-f097-440a-a87e-c27a68d48f14:192.168.151.99:38783], old=null at 0
2019-09-26 19:36:20,472 [27cb48db-4b88-4c0c-b213-19f9b2fffaff@group-53CA1E877E21-SegmentedRaftLogWorker] ERROR segmented.SegmentedRaftLogWorker (SegmentedRaftLogWorker.java:run(323)) - 27cb48db-4b88-4c0c-b213-19f9b2fffaff@group-53CA1E877E21-SegmentedRaftLogWorker hit exception
java.lang.OutOfMemoryError: Direct buffer memory
	at java.nio.Bits.reserveMemory(Bits.java:666)
	at java.nio.DirectByteBuffer.<init>(DirectByteBuffer.java:123)
	at java.nio.ByteBuffer.allocateDirect(ByteBuffer.java:311)
	at org.apache.ratis.server.raftlog.segmented.BufferedWriteChannel.<init>(BufferedWriteChannel.java:41)
	at org.apache.ratis.server.raftlog.segmented.SegmentedRaftLogOutputStream.<init>(SegmentedRaftLogOutputStream.java:72)
	at org.apache.ratis.server.raftlog.segmented.SegmentedRaftLogWorker$StartLogSegment.execute(SegmentedRaftLogWorker.java:566)
	at org.apache.ratis.server.raftlog.segmented.SegmentedRaftLogWorker.run(SegmentedRaftLogWorker.java:289)
	at java.lang.Thread.run(Thread.java:748)
2019-09-26 19:36:21,532 [27cb48db-4b88-4c0c-b213-19f9b2fffaff@group-53CA1E877E21-SegmentedRaftLogWorker] INFO  impl.RaftServerImpl (RaftServerImpl.java:lambda$shutdown$3(251)) - 27cb48db-4b88-4c0c-b213-19f9b2fffaff@group-53CA1E877E21: shutdown
2019-09-26 19:36:20,472 [27cb48db-4b88-4c0c-b213-19f9b2fffaff@group-2101955D751F-SegmentedRaftLogWorker] ERROR segmented.SegmentedRaftLogWorker (SegmentedRaftLogWorker.java:run(323)) - 27cb48db-4b88-4c0c-b213-19f9b2fffaff@group-2101955D751F-SegmentedRaftLogWorker hit exception
java.lang.OutOfMemoryError: Direct buffer memory
	at java.nio.Bits.reserveMemory(Bits.java:666)
	at java.nio.DirectByteBuffer.<init>(DirectByteBuffer.java:123)
	at java.nio.ByteBuffer.allocateDirect(ByteBuffer.java:311)
	at org.apache.ratis.server.raftlog.segmented.BufferedWriteChannel.<init>(BufferedWriteChannel.java:41)
	at org.apache.ratis.server.raftlog.segmented.SegmentedRaftLogOutputStream.<init>(SegmentedRaftLogOutputStream.java:72)
	at org.apache.ratis.server.raftlog.segmented.SegmentedRaftLogWorker$StartLogSegment.execute(SegmentedRaftLogWorker.java:566)
	at org.apache.ratis.server.raftlog.segmented.SegmentedRaftLogWorker.run(SegmentedRaftLogWorker.java:289)
	at java.lang.Thread.run(Thread.java:748)
2019-09-26 19:36:21,532 [27cb48db-4b88-4c0c-b213-19f9b2fffaff@group-2101955D751F-SegmentedRaftLogWorker] INFO  impl.RaftServerImpl (RaftServerImpl.java:lambda$shutdown$3(251)) - 27cb48db-4b88-4c0c-b213-19f9b2fffaff@group-2101955D751F: shutdown
2019-09-26 19:36:19,997 [728ea44c-f097-440a-a87e-c27a68d48f14@group-BB69EB22B37E:LeaderElection1050] INFO  server.RaftServerConfigKeys (ConfUtils.java:logGet(43)) - raft.server.write.element-limit = 4096 (default)
2019-09-26 19:36:21,533 [728ea44c-f097-440a-a87e-c27a68d48f14@group-BB69EB22B37E:LeaderElection1050] INFO  server.RaftServerConfigKeys (ConfUtils.java:logGet(43)) - raft.server.watch.timeout = 10s (default)
2019-09-26 19:36:21,533 [728ea44c-f097-440a-a87e-c27a68d48f14@group-BB69EB22B37E:LeaderElection1050] INFO  server.RaftServerConfigKeys (ConfUtils.java:logGet(43)) - raft.server.watch.timeout.denomination = 1s (default)
2019-09-26 19:36:21,533 [728ea44c-f097-440a-a87e-c27a68d48f14@group-BB69EB22B37E:LeaderElection1050] INFO  server.RaftServerConfigKeys (ConfUtils.java:logGet(43)) - raft.server.watch.element-limit = 65536 (default)
2019-09-26 19:36:19,997 [27cb48db-4b88-4c0c-b213-19f9b2fffaff@group-29622162AE5F:LeaderElection1053] INFO  server.RaftServerConfigKeys (ConfUtils.java:logGet(43)) - raft.server.rpc.sleep.time = 25ms (default)
2019-09-26 19:36:19,997 [728ea44c-f097-440a-a87e-c27a68d48f14@group-5F924A8F8ADB:LeaderElection1049] INFO  server.RaftServerConfigKeys (ConfUtils.java:logGet(43)) - raft.server.rpc.sleep.time = 25ms (default)
2019-09-26 19:36:21,533 [728ea44c-f097-440a-a87e-c27a68d48f14@group-5F924A8F8ADB:LeaderElection1049] INFO  server.RaftServerConfigKeys (ConfUtils.java:logGet(43)) - raft.server.write.element-limit = 4096 (default)
2019-09-26 19:36:19,997 [27cb48db-4b88-4c0c-b213-19f9b2fffaff@group-2FE92788FEB6:LeaderElection1056] INFO  server.RaftServerConfigKeys (ConfUtils.java:logGet(43)) - raft.server.rpc.sleep.time = 25ms (default)
2019-09-26 19:36:19,963 [Thread-7041] WARN  util.JavaUtils (JavaUtils.java:sleep(250)) - Unexpected long sleep: sleep(5043ms) actually took 7688ms which is over the threshold 300ms
2019-09-26 19:36:19,963 [Thread-7005] WARN  util.JavaUtils (JavaUtils.java:sleep(250)) - Unexpected long sleep: sleep(5049ms) actually took 7689ms which is over the threshold 300ms
2019-09-26 19:36:19,963 [Thread-7050] WARN  util.JavaUtils (JavaUtils.java:sleep(250)) - Unexpected long sleep: sleep(5078ms) actually took 7689ms which is over the threshold 300ms
2019-09-26 19:36:19,963 [Thread-7008] WARN  util.JavaUtils (JavaUtils.java:sleep(250)) - Unexpected long sleep: sleep(5095ms) actually took 7689ms which is over the threshold 300ms
2019-09-26 19:36:19,963 [Thread-6978] WARN  util.JavaUtils (JavaUtils.java:sleep(250)) - Unexpected long sleep: sleep(5118ms) actually took 7689ms which is over the threshold 300ms
2019-09-26 19:36:19,963 [Thread-6932] WARN  util.JavaUtils (JavaUtils.java:sleep(250)) - Unexpected long sleep: sleep(5124ms) actually took 7687ms which is over the threshold 300ms
2019-09-26 19:36:19,963 [Thread-7057] WARN  util.JavaUtils (JavaUtils.java:sleep(250)) - Unexpected long sleep: sleep(5139ms) actually took 7688ms which is over the threshold 300ms
2019-09-26 19:36:19,963 [Thread-6999] WARN  util.JavaUtils (JavaUtils.java:sleep(250)) - Unexpected long sleep: sleep(5162ms) actually took 7689ms which is over the threshold 300ms
2019-09-26 19:36:19,963 [Thread-7060] WARN  util.JavaUtils (JavaUtils.java:sleep(250)) - Unexpected long sleep: sleep(5164ms) actually took 7688ms which is over the threshold 300ms
2019-09-26 19:36:19,963 [Thread-7063] WARN  util.JavaUtils (JavaUtils.java:sleep(250)) - Unexpected long sleep: sleep(5179ms) actually took 7688ms which is over the threshold 300ms
2019-09-26 19:36:19,963 [Thread-6993] WARN  util.JavaUtils (JavaUtils.java:sleep(250)) - Unexpected long sleep: sleep(5183ms) actually took 7689ms which is over the threshold 300ms
2019-09-26 19:36:19,493 [728ea44c-f097-440a-a87e-c27a68d48f14@group-40C621A7E37E-SegmentedRaftLogWorker] INFO  segmented.SegmentedRaftLogWorker (SegmentedRaftLogWorker.java:close(228)) - 728ea44c-f097-440a-a87e-c27a68d48f14@group-40C621A7E37E-SegmentedRaftLogWorker close()
2019-09-26 19:36:19,493 [27cb48db-4b88-4c0c-b213-19f9b2fffaff@group-B1E3039FE9C9-SegmentedRaftLogWorker] INFO  impl.StateMachineUpdater (StateMachineUpdater.java:stopAndJoin(125)) - 27cb48db-4b88-4c0c-b213-19f9b2fffaff@group-B1E3039FE9C9-StateMachineUpdater: set stopIndex = -1
2019-09-26 19:36:21,535 [728ea44c-f097-440a-a87e-c27a68d48f14@group-BB69EB22B37E:LeaderElection1050] INFO  impl.RoleInfo (RoleInfo.java:updateAndGet(143)) - 728ea44c-f097-440a-a87e-c27a68d48f14: start LeaderState
2019-09-26 19:36:21,533 [27cb48db-4b88-4c0c-b213-19f9b2fffaff@group-2FE92788FEB6:LeaderElection1056] INFO  server.RaftServerConfigKeys (ConfUtils.java:logGet(43)) - raft.server.write.element-limit = 4096 (default)
2019-09-26 19:36:21,547 [27cb48db-4b88-4c0c-b213-19f9b2fffaff@group-2FE92788FEB6:LeaderElection1056] INFO  server.RaftServerConfigKeys (ConfUtils.java:logGet(43)) - raft.server.watch.timeout = 10s (default)
2019-09-26 19:36:21,533 [728ea44c-f097-440a-a87e-c27a68d48f14@group-5F924A8F8ADB:LeaderElection1049] INFO  server.RaftServerConfigKeys (ConfUtils.java:logGet(43)) - raft.server.watch.timeout = 10s (default)
2019-09-26 19:36:21,533 [27cb48db-4b88-4c0c-b213-19f9b2fffaff@group-29622162AE5F:LeaderElection1053] INFO  server.RaftServerConfigKeys (ConfUtils.java:logGet(43)) - raft.server.write.element-limit = 4096 (default)
2019-09-26 19:36:21,532 [27cb48db-4b88-4c0c-b213-19f9b2fffaff@group-2101955D751F-SegmentedRaftLogWorker] INFO  util.JmxRegister (JmxRegister.java:unregister(73)) - Successfully un-registered JMX Bean with object name Ratis:service=RaftServer,group=group-2101955D751F,id=27cb48db-4b88-4c0c-b213-19f9b2fffaff
2019-09-26 19:36:21,532 [27cb48db-4b88-4c0c-b213-19f9b2fffaff@group-53CA1E877E21-SegmentedRaftLogWorker] INFO  util.JmxRegister (JmxRegister.java:unregister(73)) - Successfully un-registered JMX Bean with object name Ratis:service=RaftServer,group=group-53CA1E877E21,id=27cb48db-4b88-4c0c-b213-19f9b2fffaff
2019-09-26 19:36:21,548 [27cb48db-4b88-4c0c-b213-19f9b2fffaff@group-53CA1E877E21-SegmentedRaftLogWorker] INFO  impl.RoleInfo (RoleInfo.java:shutdownLeaderState(104)) - 27cb48db-4b88-4c0c-b213-19f9b2fffaff: shutdown LeaderState
2019-09-26 19:36:21,531 [27cb48db-4b88-4c0c-b213-19f9b2fffaff@group-A59E1FAF9AD8:LeaderElection1023] INFO  impl.RaftServerImpl (ServerState.java:setRaftConf(354)) - 27cb48db-4b88-4c0c-b213-19f9b2fffaff@group-A59E1FAF9AD8: set configuration 0: [27cb48db-4b88-4c0c-b213-19f9b2fffaff:192.168.151.99:37457], old=null at 0
2019-09-26 19:36:21,531 [27cb48db-4b88-4c0c-b213-19f9b2fffaff@group-AD610815A00B:LeaderElection1016] INFO  impl.RaftServerImpl (ServerState.java:setRaftConf(354)) - 27cb48db-4b88-4c0c-b213-19f9b2fffaff@group-AD610815A00B: set configuration 0: [27cb48db-4b88-4c0c-b213-19f9b2fffaff:192.168.151.99:37457], old=null at 0
2019-09-26 19:36:21,531 [27cb48db-4b88-4c0c-b213-19f9b2fffaff@group-5B13DE4C131A:LeaderElection1010] INFO  impl.RaftServerImpl (ServerState.java:setRaftConf(354)) - 27cb48db-4b88-4c0c-b213-19f9b2fffaff@group-5B13DE4C131A: set configuration 0: [27cb48db-4b88-4c0c-b213-19f9b2fffaff:192.168.151.99:37457], old=null at 0
2019-09-26 19:36:21,531 [27cb48db-4b88-4c0c-b213-19f9b2fffaff@group-9D764B33AD0C:LeaderElection1003] INFO  impl.RaftServerImpl (ServerState.java:setRaftConf(354)) - 27cb48db-4b88-4c0c-b213-19f9b2fffaff@group-9D764B33AD0C: set configuration 0: [27cb48db-4b88-4c0c-b213-19f9b2fffaff:192.168.151.99:37457], old=null at 0
2019-09-26 19:36:21,531 [728ea44c-f097-440a-a87e-c27a68d48f14@group-38F2945183E6:LeaderElection1001] INFO  impl.RaftServerImpl (ServerState.java:setRaftConf(354)) - 728ea44c-f097-440a-a87e-c27a68d48f14@group-38F2945183E6: set configuration 0: [728ea44c-f097-440a-a87e-c27a68d48f14:192.168.151.99:38783], old=null at 0
2019-09-26 19:36:21,530 [728ea44c-f097-440a-a87e-c27a68d48f14@group-516E0962CCE3:LeaderElection1000] INFO  impl.RaftServerImpl (ServerState.java:setRaftConf(354)) - 728ea44c-f097-440a-a87e-c27a68d48f14@group-516E0962CCE3: set configuration 0: [728ea44c-f097-440a-a87e-c27a68d48f14:192.168.151.99:38783], old=null at 0
2019-09-26 19:36:21,530 [27cb48db-4b88-4c0c-b213-19f9b2fffaff@group-CF122FDC6C03:LeaderElection1008] INFO  impl.RaftServerImpl (ServerState.java:setRaftConf(354)) - 27cb48db-4b88-4c0c-b213-19f9b2fffaff@group-CF122FDC6C03: set configuration 0: [27cb48db-4b88-4c0c-b213-19f9b2fffaff:192.168.151.99:37457], old=null at 0
2019-09-26 19:36:21,530 [99aa1396-69c4-4985-9b2a-20430cc4a0a7@group-119644BB2AD2:LeaderElection1004] INFO  impl.RaftServerImpl (ServerState.java:setRaftConf(354)) - 99aa1396-69c4-4985-9b2a-20430cc4a0a7@group-119644BB2AD2: set configuration 0: [99aa1396-69c4-4985-9b2a-20430cc4a0a7:192.168.151.99:40213], old=null at 0
2019-09-26 19:36:21,530 [27cb48db-4b88-4c0c-b213-19f9b2fffaff@group-D1BA8AE37FD0:LeaderElection1007] INFO  impl.RaftServerImpl (ServerState.java:setRaftConf(354)) - 27cb48db-4b88-4c0c-b213-19f9b2fffaff@group-D1BA8AE37FD0: set configuration 0: [27cb48db-4b88-4c0c-b213-19f9b2fffaff:192.168.151.99:37457], old=null at 0
2019-09-26 19:36:21,529 [728ea44c-f097-440a-a87e-c27a68d48f14@group-CC0AC654280F-SegmentedRaftLogWorker] INFO  impl.PendingRequests (PendingRequests.java:sendNotLeaderResponses(202)) - 728ea44c-f097-440a-a87e-c27a68d48f14-PendingRequests: sendNotLeaderResponses
2019-09-26 19:36:21,529 [728ea44c-f097-440a-a87e-c27a68d48f14@group-A248398DF8D6:LeaderElection1006] INFO  impl.RaftServerImpl (ServerState.java:setRaftConf(354)) - 728ea44c-f097-440a-a87e-c27a68d48f14@group-A248398DF8D6: set configuration 0: [728ea44c-f097-440a-a87e-c27a68d48f14:192.168.151.99:38783], old=null at 0
2019-09-26 19:36:21,529 [27cb48db-4b88-4c0c-b213-19f9b2fffaff@group-65EB277B690C:LeaderElection1019] INFO  impl.RaftServerImpl (ServerState.java:setRaftConf(354)) - 27cb48db-4b88-4c0c-b213-19f9b2fffaff@group-65EB277B690C: set configuration 0: [27cb48db-4b88-4c0c-b213-19f9b2fffaff:192.168.151.99:37457], old=null at 0
2019-09-26 19:36:21,529 [27cb48db-4b88-4c0c-b213-19f9b2fffaff@group-FB1248EB002D:LeaderElection1051] INFO  impl.RaftServerImpl (RaftServerImpl.java:setRole(174)) - 27cb48db-4b88-4c0c-b213-19f9b2fffaff@group-FB1248EB002D: changes role from CANDIDATE to LEADER at term 1 for changeToLeader
2019-09-26 19:36:21,528 [27cb48db-4b88-4c0c-b213-19f9b2fffaff@group-606A4401418B:LeaderElection1055] INFO  impl.RaftServerImpl (ServerState.java:setLeader(253)) - 27cb48db-4b88-4c0c-b213-19f9b2fffaff@group-606A4401418B: change Leader from null to 27cb48db-4b88-4c0c-b213-19f9b2fffaff at term 1 for becomeLeader, leader elected after 26203ms
2019-09-26 19:36:21,528 [728ea44c-f097-440a-a87e-c27a68d48f14@group-81150C1B35EC-SegmentedRaftLogWorker] INFO  util.JmxRegister (JmxRegister.java:unregister(73)) - Successfully un-registered JMX Bean with object name Ratis:service=RaftServer,group=group-81150C1B35EC,id=728ea44c-f097-440a-a87e-c27a68d48f14
2019-09-26 19:36:21,550 [728ea44c-f097-440a-a87e-c27a68d48f14@group-81150C1B35EC-SegmentedRaftLogWorker] INFO  impl.RoleInfo (RoleInfo.java:shutdownLeaderState(104)) - 728ea44c-f097-440a-a87e-c27a68d48f14: shutdown LeaderState
2019-09-26 19:36:21,528 [728ea44c-f097-440a-a87e-c27a68d48f14@group-B46C9A7EAD2D-SegmentedRaftLogWorker] INFO  util.JmxRegister (JmxRegister.java:unregister(73)) - Successfully un-registered JMX Bean with object name Ratis:service=RaftServer,group=group-B46C9A7EAD2D,id=728ea44c-f097-440a-a87e-c27a68d48f14
2019-09-26 19:36:21,550 [728ea44c-f097-440a-a87e-c27a68d48f14@group-B46C9A7EAD2D-SegmentedRaftLogWorker] INFO  impl.RoleInfo (RoleInfo.java:shutdownLeaderState(104)) - 728ea44c-f097-440a-a87e-c27a68d48f14: shutdown LeaderState
2019-09-26 19:36:21,528 [27cb48db-4b88-4c0c-b213-19f9b2fffaff@group-A260F6F3F135-SegmentedRaftLogWorker] INFO  util.JmxRegister (JmxRegister.java:unregister(73)) - Successfully un-registered JMX Bean with object name Ratis:service=RaftServer,group=group-A260F6F3F135,id=27cb48db-4b88-4c0c-b213-19f9b2fffaff
2019-09-26 19:36:21,550 [27cb48db-4b88-4c0c-b213-19f9b2fffaff@group-A260F6F3F135-SegmentedRaftLogWorker] INFO  impl.RoleInfo (RoleInfo.java:shutdownLeaderState(104)) - 27cb48db-4b88-4c0c-b213-19f9b2fffaff: shutdown LeaderState
2019-09-26 19:36:21,527 [27cb48db-4b88-4c0c-b213-19f9b2fffaff@group-686B5EE37884-SegmentedRaftLogWorker] INFO  util.JmxRegister (JmxRegister.java:unregister(73)) - Successfully un-registered JMX Bean with object name Ratis:service=RaftServer,group=group-686B5EE37884,id=27cb48db-4b88-4c0c-b213-19f9b2fffaff
2019-09-26 19:36:21,550 [27cb48db-4b88-4c0c-b213-19f9b2fffaff@group-686B5EE37884-SegmentedRaftLogWorker] INFO  impl.RoleInfo (RoleInfo.java:shutdownLeaderState(104)) - 27cb48db-4b88-4c0c-b213-19f9b2fffaff: shutdown LeaderState
2019-09-26 19:36:21,527 [27cb48db-4b88-4c0c-b213-19f9b2fffaff@group-E5EC31325CD2-SegmentedRaftLogWorker] INFO  util.JmxRegister (JmxRegister.java:unregister(73)) - Successfully un-registered JMX Bean with object name Ratis:service=RaftServer,group=group-E5EC31325CD2,id=27cb48db-4b88-4c0c-b213-19f9b2fffaff
2019-09-26 19:36:21,526 [728ea44c-f097-440a-a87e-c27a68d48f14@group-88228B0D7AFD:LeaderElection1054] INFO  impl.RaftServerImpl (RaftServerImpl.java:setRole(174)) - 728ea44c-f097-440a-a87e-c27a68d48f14@group-88228B0D7AFD: changes role from CANDIDATE to LEADER at term 1 for changeToLeader
2019-09-26 19:36:21,526 [27cb48db-4b88-4c0c-b213-19f9b2fffaff@group-089574044510:LeaderElection1066] INFO  impl.RaftServerImpl (RaftServerImpl.java:setRole(174)) - 27cb48db-4b88-4c0c-b213-19f9b2fffaff@group-089574044510: changes role from CANDIDATE to LEADER at term 1 for changeToLeader
2019-09-26 19:36:21,526 [27cb48db-4b88-4c0c-b213-19f9b2fffaff@group-C17EB1A95973:LeaderElection1035] INFO  impl.RaftServerImpl (ServerState.java:setLeader(253)) - 27cb48db-4b88-4c0c-b213-19f9b2fffaff@group-C17EB1A95973: change Leader from null to 27cb48db-4b88-4c0c-b213-19f9b2fffaff at term 1 for becomeLeader, leader elected after 26186ms
2019-09-26 19:36:21,526 [99aa1396-69c4-4985-9b2a-20430cc4a0a7@group-870C395226EC:LeaderElection1064] INFO  impl.RaftServerImpl (ServerState.java:setLeader(253)) - 99aa1396-69c4-4985-9b2a-20430cc4a0a7@group-870C395226EC: change Leader from null to 99aa1396-69c4-4985-9b2a-20430cc4a0a7 at term 1 for becomeLeader, leader elected after 25909ms
2019-09-26 19:36:21,526 [27cb48db-4b88-4c0c-b213-19f9b2fffaff@group-96D25400B53D:LeaderElection1076] INFO  impl.RaftServerImpl (ServerState.java:setLeader(253)) - 27cb48db-4b88-4c0c-b213-19f9b2fffaff@group-96D25400B53D: change Leader from null to 27cb48db-4b88-4c0c-b213-19f9b2fffaff at term 1 for becomeLeader, leader elected after 23846ms
2019-09-26 19:36:21,512 [728ea44c-f097-440a-a87e-c27a68d48f14@group-8B20934A7F11-SegmentedRaftLogWorker] INFO  impl.PendingRequests (PendingRequests.java:sendNotLeaderResponses(202)) - 728ea44c-f097-440a-a87e-c27a68d48f14-PendingRequests: sendNotLeaderResponses
2019-09-26 19:36:21,511 [27cb48db-4b88-4c0c-b213-19f9b2fffaff@group-E18203AECDC0-SegmentedRaftLogWorker] INFO  impl.PendingRequests (PendingRequests.java:sendNotLeaderResponses(202)) - 27cb48db-4b88-4c0c-b213-19f9b2fffaff-PendingRequests: sendNotLeaderResponses
2019-09-26 19:36:21,511 [27cb48db-4b88-4c0c-b213-19f9b2fffaff@group-F337E4A86832-SegmentedRaftLogWorker] INFO  impl.PendingRequests (PendingRequests.java:sendNotLeaderResponses(202)) - 27cb48db-4b88-4c0c-b213-19f9b2fffaff-PendingRequests: sendNotLeaderResponses
2019-09-26 19:36:21,511 [27cb48db-4b88-4c0c-b213-19f9b2fffaff@group-FEE7AAE57329-SegmentedRaftLogWorker] INFO  impl.PendingRequests (PendingRequests.java:sendNotLeaderResponses(202)) - 27cb48db-4b88-4c0c-b213-19f9b2fffaff-PendingRequests: sendNotLeaderResponses
2019-09-26 19:36:21,511 [27cb48db-4b88-4c0c-b213-19f9b2fffaff@group-BEB29AE3C17F-SegmentedRaftLogWorker] INFO  impl.RoleInfo (RoleInfo.java:shutdownLeaderState(104)) - 27cb48db-4b88-4c0c-b213-19f9b2fffaff: shutdown LeaderState
2019-09-26 19:36:21,552 [27cb48db-4b88-4c0c-b213-19f9b2fffaff@group-BEB29AE3C17F-SegmentedRaftLogWorker] INFO  impl.PendingRequests (PendingRequests.java:sendNotLeaderResponses(202)) - 27cb48db-4b88-4c0c-b213-19f9b2fffaff-PendingRequests: sendNotLeaderResponses
2019-09-26 19:36:21,511 [728ea44c-f097-440a-a87e-c27a68d48f14@group-CD95CCA6E5DE-SegmentedRaftLogWorker] INFO  impl.PendingRequests (PendingRequests.java:sendNotLeaderResponses(202)) - 728ea44c-f097-440a-a87e-c27a68d48f14-PendingRequests: sendNotLeaderResponses
2019-09-26 19:36:21,510 [99aa1396-69c4-4985-9b2a-20430cc4a0a7@group-FB63D571C0D2-SegmentedRaftLogWorker] INFO  impl.PendingRequests (PendingRequests.java:sendNotLeaderResponses(202)) - 99aa1396-69c4-4985-9b2a-20430cc4a0a7-PendingRequests: sendNotLeaderResponses
2019-09-26 19:36:21,510 [Thread-6986] INFO  impl.RoleInfo (RoleInfo.java:updateAndGet(143)) - 728ea44c-f097-440a-a87e-c27a68d48f14: start LeaderElection
2019-09-26 19:36:21,510 [728ea44c-f097-440a-a87e-c27a68d48f14@group-191D7D199588:LeaderElection1077] INFO  impl.RaftServerImpl (RaftServerImpl.java:setRole(174)) - 728ea44c-f097-440a-a87e-c27a68d48f14@group-191D7D199588: changes role from CANDIDATE to LEADER at term 1 for changeToLeader
2019-09-26 19:36:21,552 [728ea44c-f097-440a-a87e-c27a68d48f14@group-191D7D199588:LeaderElection1077] INFO  impl.RaftServerImpl (ServerState.java:setLeader(253)) - 728ea44c-f097-440a-a87e-c27a68d48f14@group-191D7D199588: change Leader from null to 728ea44c-f097-440a-a87e-c27a68d48f14 at term 1 for becomeLeader, leader elected after 23643ms
2019-09-26 19:36:21,510 [27cb48db-4b88-4c0c-b213-19f9b2fffaff@group-7EC36DED298A:LeaderElection1074] INFO  server.RaftServerConfigKeys (ConfUtils.java:logGet(43)) - raft.server.staging.catchup.gap = 1000 (default)
2019-09-26 19:36:21,553 [27cb48db-4b88-4c0c-b213-19f9b2fffaff@group-7EC36DED298A:LeaderElection1074] INFO  server.RaftServerConfigKeys (ConfUtils.java:logGet(43)) - raft.server.rpc.sleep.time = 25ms (default)
2019-09-26 19:36:21,510 [27cb48db-4b88-4c0c-b213-19f9b2fffaff@group-4BF804B3BA25:LeaderElection1045] INFO  server.RaftServerConfigKeys (ConfUtils.java:logGet(43)) - raft.server.write.element-limit = 4096 (default)
2019-09-26 19:36:21,509 [728ea44c-f097-440a-a87e-c27a68d48f14@group-16EAEE30D2AE:LeaderElection1032] INFO  server.RaftServerConfigKeys (ConfUtils.java:logGet(43)) - raft.server.watch.timeout.denomination = 1s (default)
2019-09-26 19:36:21,509 [27cb48db-4b88-4c0c-b213-19f9b2fffaff@group-5C41B557C8F0:LeaderElection1034] INFO  server.RaftServerConfigKeys (ConfUtils.java:logGet(43)) - raft.server.watch.timeout.denomination = 1s (default)
2019-09-26 19:36:21,553 [27cb48db-4b88-4c0c-b213-19f9b2fffaff@group-5C41B557C8F0:LeaderElection1034] INFO  server.RaftServerConfigKeys (ConfUtils.java:logGet(43)) - raft.server.watch.element-limit = 65536 (default)
2019-09-26 19:36:21,509 [99aa1396-69c4-4985-9b2a-20430cc4a0a7@group-8FC43B8E249F:LeaderElection1052] INFO  server.RaftServerConfigKeys (ConfUtils.java:logGet(43)) - raft.server.watch.element-limit = 65536 (default)
2019-09-26 19:36:21,509 [728ea44c-f097-440a-a87e-c27a68d48f14@group-AF87B132B664:LeaderElection1070] INFO  impl.RaftServerImpl (RaftServerImpl.java:setRole(174)) - 728ea44c-f097-440a-a87e-c27a68d48f14@group-AF87B132B664: changes role from CANDIDATE to LEADER at term 1 for changeToLeader
2019-09-26 19:36:21,553 [728ea44c-f097-440a-a87e-c27a68d48f14@group-AF87B132B664:LeaderElection1070] INFO  impl.RaftServerImpl (ServerState.java:setLeader(253)) - 728ea44c-f097-440a-a87e-c27a68d48f14@group-AF87B132B664: change Leader from null to 728ea44c-f097-440a-a87e-c27a68d48f14 at term 1 for becomeLeader, leader elected after 23346ms
2019-09-26 19:36:21,509 [27cb48db-4b88-4c0c-b213-19f9b2fffaff@group-604F6EB72B06:LeaderElection1020] INFO  impl.RaftServerImpl (ServerState.java:setRaftConf(354)) - 27cb48db-4b88-4c0c-b213-19f9b2fffaff@group-604F6EB72B06: set configuration 0: [27cb48db-4b88-4c0c-b213-19f9b2fffaff:192.168.151.99:37457], old=null at 0
2019-09-26 19:36:21,509 [99aa1396-69c4-4985-9b2a-20430cc4a0a7@group-DD15D4C400D3:LeaderElection1065] INFO  impl.RaftServerImpl (ServerState.java:setLeader(253)) - 99aa1396-69c4-4985-9b2a-20430cc4a0a7@group-DD15D4C400D3: change Leader from null to 99aa1396-69c4-4985-9b2a-20430cc4a0a7 at term 1 for becomeLeader, leader elected after 25700ms
2019-09-26 19:36:21,508 [27cb48db-4b88-4c0c-b213-19f9b2fffaff@group-4286E730C784:LeaderElection1040] INFO  server.RaftServerConfigKeys (ConfUtils.java:logGet(43)) - raft.server.watch.timeout = 10s (default)
2019-09-26 19:36:21,508 [27cb48db-4b88-4c0c-b213-19f9b2fffaff@group-8258851FBC6A:LeaderElection1031] INFO  server.RaftServerConfigKeys (ConfUtils.java:logGet(43)) - raft.server.watch.timeout = 10s (default)
2019-09-26 19:36:21,508 [27cb48db-4b88-4c0c-b213-19f9b2fffaff@group-7EAA5414454D:LeaderElection1033] INFO  server.RaftServerConfigKeys (ConfUtils.java:logGet(43)) - raft.server.write.element-limit = 4096 (default)
2019-09-26 19:36:21,508 [27cb48db-4b88-4c0c-b213-19f9b2fffaff@group-6067988DFF8F:LeaderElection1039] INFO  server.RaftServerConfigKeys (ConfUtils.java:logGet(43)) - raft.server.watch.timeout.denomination = 1s (default)
2019-09-26 19:36:21,554 [27cb48db-4b88-4c0c-b213-19f9b2fffaff@group-6067988DFF8F:LeaderElection1039] INFO  server.RaftServerConfigKeys (ConfUtils.java:logGet(43)) - raft.server.watch.element-limit = 65536 (default)
2019-09-26 19:36:21,507 [728ea44c-f097-440a-a87e-c27a68d48f14@group-AB23A7610A57:LeaderElection1036] INFO  server.RaftServerConfigKeys (ConfUtils.java:logGet(43)) - raft.server.watch.timeout = 10s (default)
2019-09-26 19:36:21,555 [728ea44c-f097-440a-a87e-c27a68d48f14@group-AB23A7610A57:LeaderElection1036] INFO  server.RaftServerConfigKeys (ConfUtils.java:logGet(43)) - raft.server.watch.timeout.denomination = 1s (default)
2019-09-26 19:36:21,507 [27cb48db-4b88-4c0c-b213-19f9b2fffaff@group-269437B58436:LeaderElection1018] INFO  impl.RaftServerImpl (ServerState.java:setRaftConf(354)) - 27cb48db-4b88-4c0c-b213-19f9b2fffaff@group-269437B58436: set configuration 0: [27cb48db-4b88-4c0c-b213-19f9b2fffaff:192.168.151.99:37457], old=null at 0
2019-09-26 19:36:21,507 [728ea44c-f097-440a-a87e-c27a68d48f14@group-56EF8E9D7D62:LeaderElection1037] INFO  server.RaftServerConfigKeys (ConfUtils.java:logGet(43)) - raft.server.watch.timeout.denomination = 1s (default)
2019-09-26 19:36:21,507 [728ea44c-f097-440a-a87e-c27a68d48f14@group-AF2925BA2B4F:LeaderElection1058] INFO  impl.RaftServerImpl (RaftServerImpl.java:setRole(174)) - 728ea44c-f097-440a-a87e-c27a68d48f14@group-AF2925BA2B4F: changes role from CANDIDATE to LEADER at term 1 for changeToLeader
2019-09-26 19:36:21,555 [728ea44c-f097-440a-a87e-c27a68d48f14@group-AF2925BA2B4F:LeaderElection1058] INFO  impl.RaftServerImpl (ServerState.java:setLeader(253)) - 728ea44c-f097-440a-a87e-c27a68d48f14@group-AF2925BA2B4F: change Leader from null to 728ea44c-f097-440a-a87e-c27a68d48f14 at term 1 for becomeLeader, leader elected after 25139ms
2019-09-26 19:36:21,507 [728ea44c-f097-440a-a87e-c27a68d48f14@group-D069AE322CB2:LeaderElection1063] INFO  impl.RaftServerImpl (RaftServerImpl.java:setRole(174)) - 728ea44c-f097-440a-a87e-c27a68d48f14@group-D069AE322CB2: changes role from CANDIDATE to LEADER at term 1 for changeToLeader
2019-09-26 19:36:21,555 [728ea44c-f097-440a-a87e-c27a68d48f14@group-D069AE322CB2:LeaderElection1063] INFO  impl.RaftServerImpl (ServerState.java:setLeader(253)) - 728ea44c-f097-440a-a87e-c27a68d48f14@group-D069AE322CB2: change Leader from null to 728ea44c-f097-440a-a87e-c27a68d48f14 at term 1 for becomeLeader, leader elected after 25189ms
2019-09-26 19:36:21,506 [27cb48db-4b88-4c0c-b213-19f9b2fffaff@group-0E7151963C0C:LeaderElection1068] INFO  impl.RaftServerImpl (ServerState.java:setLeader(253)) - 27cb48db-4b88-4c0c-b213-19f9b2fffaff@group-0E7151963C0C: change Leader from null to 27cb48db-4b88-4c0c-b213-19f9b2fffaff at term 1 for becomeLeader, leader elected after 23076ms
2019-09-26 19:36:21,506 [grpc-default-executor-2] INFO  impl.RaftServerProxy (RaftServerProxy.java:addNew(89)) - 99aa1396-69c4-4985-9b2a-20430cc4a0a7: addNew group-76A130E69E0C:[728ea44c-f097-440a-a87e-c27a68d48f14:192.168.151.99:38783, 27cb48db-4b88-4c0c-b213-19f9b2fffaff:192.168.151.99:37457, 99aa1396-69c4-4985-9b2a-20430cc4a0a7:192.168.151.99:40213] returns group-76A130E69E0C:java.util.concurrent.CompletableFuture@41ca6ff1[Not completed]
2019-09-26 19:36:21,506 [728ea44c-f097-440a-a87e-c27a68d48f14@group-D1445E9B394A:LeaderElection1071] INFO  impl.RaftServerImpl (RaftServerImpl.java:setRole(174)) - 728ea44c-f097-440a-a87e-c27a68d48f14@group-D1445E9B394A: changes role from CANDIDATE to LEADER at term 1 for changeToLeader
2019-09-26 19:36:21,506 [728ea44c-f097-440a-a87e-c27a68d48f14@group-E8DCF40579B6:LeaderElection1060] INFO  impl.RaftServerImpl (RaftServerImpl.java:setRole(174)) - 728ea44c-f097-440a-a87e-c27a68d48f14@group-E8DCF40579B6: changes role from CANDIDATE to LEADER at term 1 for changeToLeader
2019-09-26 19:36:21,556 [728ea44c-f097-440a-a87e-c27a68d48f14@group-E8DCF40579B6:LeaderElection1060] INFO  impl.RaftServerImpl (ServerState.java:setLeader(253)) - 728ea44c-f097-440a-a87e-c27a68d48f14@group-E8DCF40579B6: change Leader from null to 728ea44c-f097-440a-a87e-c27a68d48f14 at term 1 for becomeLeader, leader elected after 25078ms
2019-09-26 19:36:21,506 [99aa1396-69c4-4985-9b2a-20430cc4a0a7@group-5BC89FBB8EDB:LeaderElection1061] INFO  server.RaftServerConfigKeys (ConfUtils.java:logGet(43)) - raft.server.staging.catchup.gap = 1000 (default)
2019-09-26 19:36:21,506 [grpc-default-executor-4] INFO  impl.RaftServerProxy (RaftServerProxy.java:addNew(89)) - 27cb48db-4b88-4c0c-b213-19f9b2fffaff: addNew group-76A130E69E0C:[728ea44c-f097-440a-a87e-c27a68d48f14:192.168.151.99:38783, 27cb48db-4b88-4c0c-b213-19f9b2fffaff:192.168.151.99:37457, 99aa1396-69c4-4985-9b2a-20430cc4a0a7:192.168.151.99:40213] returns group-76A130E69E0C:java.util.concurrent.CompletableFuture@30584f67[Not completed]
2019-09-26 19:36:21,506 [728ea44c-f097-440a-a87e-c27a68d48f14@group-CE4E9F883499:LeaderElection1059] INFO  impl.RaftServerImpl (ServerState.java:setLeader(253)) - 728ea44c-f097-440a-a87e-c27a68d48f14@group-CE4E9F883499: change Leader from null to 728ea44c-f097-440a-a87e-c27a68d48f14 at term 1 for becomeLeader, leader elected after 25253ms
2019-09-26 19:36:21,496 [27cb48db-4b88-4c0c-b213-19f9b2fffaff@group-9E65EF7B6D20:LeaderElection1062] INFO  impl.RaftServerImpl (RaftServerImpl.java:setRole(174)) - 27cb48db-4b88-4c0c-b213-19f9b2fffaff@group-9E65EF7B6D20: changes role from CANDIDATE to LEADER at term 1 for changeToLeader
2019-09-26 19:36:21,556 [27cb48db-4b88-4c0c-b213-19f9b2fffaff@group-9E65EF7B6D20:LeaderElection1062] INFO  impl.RaftServerImpl (ServerState.java:setLeader(253)) - 27cb48db-4b88-4c0c-b213-19f9b2fffaff@group-9E65EF7B6D20: change Leader from null to 27cb48db-4b88-4c0c-b213-19f9b2fffaff at term 1 for becomeLeader, leader elected after 25269ms
2019-09-26 19:36:21,496 [728ea44c-f097-440a-a87e-c27a68d48f14@group-AA65AE2DB801:LeaderElection1069] INFO  impl.RaftServerImpl (RaftServerImpl.java:setRole(174)) - 728ea44c-f097-440a-a87e-c27a68d48f14@group-AA65AE2DB801: changes role from CANDIDATE to LEADER at term 1 for changeToLeader
2019-09-26 19:36:21,556 [728ea44c-f097-440a-a87e-c27a68d48f14@group-AA65AE2DB801:LeaderElection1069] INFO  impl.RaftServerImpl (ServerState.java:setLeader(253)) - 728ea44c-f097-440a-a87e-c27a68d48f14@group-AA65AE2DB801: change Leader from null to 728ea44c-f097-440a-a87e-c27a68d48f14 at term 1 for becomeLeader, leader elected after 23153ms
2019-09-26 19:36:21,496 [27cb48db-4b88-4c0c-b213-19f9b2fffaff@group-DB740590083B:LeaderElection1038] INFO  impl.RaftServerImpl (ServerState.java:setLeader(253)) - 27cb48db-4b88-4c0c-b213-19f9b2fffaff@group-DB740590083B: change Leader from null to 27cb48db-4b88-4c0c-b213-19f9b2fffaff at term 1 for becomeLeader, leader elected after 26935ms
2019-09-26 19:36:21,557 [27cb48db-4b88-4c0c-b213-19f9b2fffaff@group-DB740590083B:LeaderElection1038] INFO  server.RaftServerConfigKeys (ConfUtils.java:logGet(43)) - raft.server.staging.catchup.gap = 1000 (default)
2019-09-26 19:36:21,496 [27cb48db-4b88-4c0c-b213-19f9b2fffaff@group-60CEE626D65C-SegmentedRaftLogWorker] INFO  impl.RoleInfo (RoleInfo.java:shutdownLeaderState(104)) - 27cb48db-4b88-4c0c-b213-19f9b2fffaff: shutdown LeaderState
2019-09-26 19:36:21,496 [27cb48db-4b88-4c0c-b213-19f9b2fffaff@group-B295C7228A94-SegmentedRaftLogWorker] INFO  impl.PendingRequests (PendingRequests.java:sendNotLeaderResponses(202)) - 27cb48db-4b88-4c0c-b213-19f9b2fffaff-PendingRequests: sendNotLeaderResponses
2019-09-26 19:36:21,496 [728ea44c-f097-440a-a87e-c27a68d48f14@group-BB094026C928-SegmentedRaftLogWorker] INFO  impl.PendingRequests (PendingRequests.java:sendNotLeaderResponses(202)) - 728ea44c-f097-440a-a87e-c27a68d48f14-PendingRequests: sendNotLeaderResponses
2019-09-26 19:36:21,495 [728ea44c-f097-440a-a87e-c27a68d48f14@group-D72684960A38:LeaderElection1047] INFO  impl.RaftServerImpl (ServerState.java:setLeader(253)) - 728ea44c-f097-440a-a87e-c27a68d48f14@group-D72684960A38: change Leader from null to 728ea44c-f097-440a-a87e-c27a68d48f14 at term 1 for becomeLeader, leader elected after 25807ms
2019-09-26 19:36:21,495 [27cb48db-4b88-4c0c-b213-19f9b2fffaff@group-09D99E8196D1:LeaderElection1046] INFO  impl.RaftServerImpl (RaftServerImpl.java:setRole(174)) - 27cb48db-4b88-4c0c-b213-19f9b2fffaff@group-09D99E8196D1: changes role from CANDIDATE to LEADER at term 1 for changeToLeader
2019-09-26 19:36:21,495 [728ea44c-f097-440a-a87e-c27a68d48f14@group-E183B10AB6CB:LeaderElection1048] INFO  impl.RaftServerImpl (ServerState.java:setLeader(253)) - 728ea44c-f097-440a-a87e-c27a68d48f14@group-E183B10AB6CB: change Leader from null to 728ea44c-f097-440a-a87e-c27a68d48f14 at term 1 for becomeLeader, leader elected after 26262ms
2019-09-26 19:36:21,494 [728ea44c-f097-440a-a87e-c27a68d48f14@group-DB3AFAA8F5B8:LeaderElection1025] INFO  impl.RoleInfo (RoleInfo.java:updateAndGet(143)) - 728ea44c-f097-440a-a87e-c27a68d48f14: start LeaderState
2019-09-26 19:36:21,494 [27cb48db-4b88-4c0c-b213-19f9b2fffaff@group-A6166F251855:LeaderElection1029] INFO  impl.RoleInfo (RoleInfo.java:updateAndGet(143)) - 27cb48db-4b88-4c0c-b213-19f9b2fffaff: start LeaderState
2019-09-26 19:36:21,493 [728ea44c-f097-440a-a87e-c27a68d48f14@group-F880E3D0E1B1:LeaderElection1067] INFO  impl.RaftServerImpl (ServerState.java:setLeader(253)) - 728ea44c-f097-440a-a87e-c27a68d48f14@group-F880E3D0E1B1: change Leader from null to 728ea44c-f097-440a-a87e-c27a68d48f14 at term 1 for becomeLeader, leader elected after 25540ms
2019-09-26 19:36:21,558 [728ea44c-f097-440a-a87e-c27a68d48f14@group-F880E3D0E1B1:LeaderElection1067] INFO  server.RaftServerConfigKeys (ConfUtils.java:logGet(43)) - raft.server.staging.catchup.gap = 1000 (default)
2019-09-26 19:36:21,493 [27cb48db-4b88-4c0c-b213-19f9b2fffaff@group-71E8ECDACFBB:LeaderElection1044] INFO  server.RaftServerConfigKeys (ConfUtils.java:logGet(43)) - raft.server.watch.timeout = 10s (default)
2019-09-26 19:36:21,493 [728ea44c-f097-440a-a87e-c27a68d48f14@group-29C734BE2100:LeaderElection1024] INFO  impl.RoleInfo (RoleInfo.java:updateAndGet(143)) - 728ea44c-f097-440a-a87e-c27a68d48f14: start LeaderState
2019-09-26 19:36:21,493 [27cb48db-4b88-4c0c-b213-19f9b2fffaff@group-CEE4714DA134:LeaderElection1041] INFO  server.RaftServerConfigKeys (ConfUtils.java:logGet(43)) - raft.server.write.element-limit = 4096 (default)
2019-09-26 19:36:21,493 [27cb48db-4b88-4c0c-b213-19f9b2fffaff@group-65C693C3A0E2:LeaderElection1026] INFO  server.RaftServerConfigKeys (ConfUtils.java:logGet(43)) - raft.server.watch.timeout = 10s (default)
2019-09-26 19:36:21,558 [27cb48db-4b88-4c0c-b213-19f9b2fffaff@group-65C693C3A0E2:LeaderElection1026] INFO  server.RaftServerConfigKeys (ConfUtils.java:logGet(43)) - raft.server.watch.timeout.denomination = 1s (default)
2019-09-26 19:36:21,492 [27cb48db-4b88-4c0c-b213-19f9b2fffaff@group-B494DA265365:LeaderElection1057] INFO  server.RaftServerConfigKeys (ConfUtils.java:logGet(43)) - raft.server.watch.timeout.denomination = 1s (default)
2019-09-26 19:36:21,492 [99aa1396-69c4-4985-9b2a-20430cc4a0a7@group-A669BF675AA0:LeaderElection1042] INFO  server.RaftServerConfigKeys (ConfUtils.java:logGet(43)) - raft.server.write.element-limit = 4096 (default)
2019-09-26 19:36:21,492 [27cb48db-4b88-4c0c-b213-19f9b2fffaff@group-9B0E204FFB32-SegmentedRaftLogWorker] INFO  impl.PendingRequests (PendingRequests.java:sendNotLeaderResponses(202)) - 27cb48db-4b88-4c0c-b213-19f9b2fffaff-PendingRequests: sendNotLeaderResponses
2019-09-26 19:36:21,492 [728ea44c-f097-440a-a87e-c27a68d48f14@group-89DB952C4950-SegmentedRaftLogWorker] INFO  impl.RoleInfo (RoleInfo.java:shutdownLeaderState(104)) - 728ea44c-f097-440a-a87e-c27a68d48f14: shutdown LeaderState
2019-09-26 19:36:21,491 [728ea44c-f097-440a-a87e-c27a68d48f14@group-7C646671DC62-SegmentedRaftLogWorker] INFO  util.JmxRegister (JmxRegister.java:unregister(73)) - Successfully un-registered JMX Bean with object name Ratis:service=RaftServer,group=group-7C646671DC62,id=728ea44c-f097-440a-a87e-c27a68d48f14
2019-09-26 19:36:21,559 [728ea44c-f097-440a-a87e-c27a68d48f14@group-7C646671DC62-SegmentedRaftLogWorker] INFO  impl.RoleInfo (RoleInfo.java:shutdownLeaderState(104)) - 728ea44c-f097-440a-a87e-c27a68d48f14: shutdown LeaderState
2019-09-26 19:36:21,490 [99aa1396-69c4-4985-9b2a-20430cc4a0a7@group-FBCC5E2B6B47:LeaderElection1028] INFO  impl.RoleInfo (RoleInfo.java:updateAndGet(143)) - 99aa1396-69c4-4985-9b2a-20430cc4a0a7: start LeaderState
2019-09-26 19:36:21,559 [99aa1396-69c4-4985-9b2a-20430cc4a0a7@group-FBCC5E2B6B47:LeaderElection1028] INFO  segmented.SegmentedRaftLogWorker (SegmentedRaftLogWorker.java:startLogSegment(380)) - 99aa1396-69c4-4985-9b2a-20430cc4a0a7@group-FBCC5E2B6B47-SegmentedRaftLogWorker: Starting segment from index:0
2019-09-26 19:36:21,490 [728ea44c-f097-440a-a87e-c27a68d48f14@group-6729514BE427:LeaderElection1043] INFO  server.RaftServerConfigKeys (ConfUtils.java:logGet(43)) - raft.server.watch.timeout = 10s (default)
2019-09-26 19:36:21,489 [99aa1396-69c4-4985-9b2a-20430cc4a0a7@group-FEEB0BA2637C:LeaderElection1022] INFO  segmented.SegmentedRaftLogWorker (SegmentedRaftLogWorker.java:startLogSegment(380)) - 99aa1396-69c4-4985-9b2a-20430cc4a0a7@group-FEEB0BA2637C-SegmentedRaftLogWorker: Starting segment from index:0
2019-09-26 19:36:21,489 [728ea44c-f097-440a-a87e-c27a68d48f14@group-61276961113F:LeaderElection1030] INFO  server.RaftServerConfigKeys (ConfUtils.java:logGet(43)) - raft.server.watch.element-limit = 65536 (default)
2019-09-26 19:36:21,489 [99aa1396-69c4-4985-9b2a-20430cc4a0a7@group-55CDCD0E7166:LeaderElection1017] INFO  impl.RaftServerImpl (ServerState.java:setRaftConf(354)) - 99aa1396-69c4-4985-9b2a-20430cc4a0a7@group-55CDCD0E7166: set configuration 0: [99aa1396-69c4-4985-9b2a-20430cc4a0a7:192.168.151.99:40213], old=null at 0
2019-09-26 19:36:21,488 [pool-271-thread-1] INFO  server.RaftServerConfigKeys (ConfUtils.java:logGet(43)) - raft.server.log.segment.size.max = 1048576 (custom)
2019-09-26 19:36:21,488 [27cb48db-4b88-4c0c-b213-19f9b2fffaff@group-3B1BD1A60D37:LeaderElection1011] INFO  impl.RaftServerImpl (ServerState.java:setRaftConf(354)) - 27cb48db-4b88-4c0c-b213-19f9b2fffaff@group-3B1BD1A60D37: set configuration 0: [27cb48db-4b88-4c0c-b213-19f9b2fffaff:192.168.151.99:37457], old=null at 0
2019-09-26 19:36:21,488 [27cb48db-4b88-4c0c-b213-19f9b2fffaff@group-7C23D55C331C:LeaderElection1027] INFO  impl.RoleInfo (RoleInfo.java:updateAndGet(143)) - 27cb48db-4b88-4c0c-b213-19f9b2fffaff: start LeaderState
2019-09-26 19:36:21,560 [pool-271-thread-1] INFO  server.RaftServerConfigKeys (ConfUtils.java:logGet(43)) - raft.server.log.preallocated.size = 16384 (custom)
2019-09-26 19:36:21,560 [99aa1396-69c4-4985-9b2a-20430cc4a0a7@group-FEEB0BA2637C:LeaderElection1022] INFO  impl.RaftServerImpl (ServerState.java:setRaftConf(354)) - 99aa1396-69c4-4985-9b2a-20430cc4a0a7@group-FEEB0BA2637C: set configuration 0: [99aa1396-69c4-4985-9b2a-20430cc4a0a7:192.168.151.99:40213], old=null at 0
2019-09-26 19:36:21,559 [99aa1396-69c4-4985-9b2a-20430cc4a0a7@group-FBCC5E2B6B47:LeaderElection1028] INFO  impl.RaftServerImpl (ServerState.java:setRaftConf(354)) - 99aa1396-69c4-4985-9b2a-20430cc4a0a7@group-FBCC5E2B6B47: set configuration 0: [99aa1396-69c4-4985-9b2a-20430cc4a0a7:192.168.151.99:40213], old=null at 0
2019-09-26 19:36:21,559 [728ea44c-f097-440a-a87e-c27a68d48f14@group-6729514BE427:LeaderElection1043] INFO  server.RaftServerConfigKeys (ConfUtils.java:logGet(43)) - raft.server.watch.timeout.denomination = 1s (default)
2019-09-26 19:36:21,559 [728ea44c-f097-440a-a87e-c27a68d48f14@group-7C646671DC62-SegmentedRaftLogWorker] INFO  impl.PendingRequests (PendingRequests.java:sendNotLeaderResponses(202)) - 728ea44c-f097-440a-a87e-c27a68d48f14-PendingRequests: sendNotLeaderResponses
2019-09-26 19:36:21,559 [728ea44c-f097-440a-a87e-c27a68d48f14@group-89DB952C4950-SegmentedRaftLogWorker] INFO  impl.PendingRequests (PendingRequests.java:sendNotLeaderResponses(202)) - 728ea44c-f097-440a-a87e-c27a68d48f14-PendingRequests: sendNotLeaderResponses
2019-09-26 19:36:21,559 [27cb48db-4b88-4c0c-b213-19f9b2fffaff@group-9B0E204FFB32-SegmentedRaftLogWorker] INFO  impl.StateMachineUpdater (StateMachineUpdater.java:stopAndJoin(125)) - 27cb48db-4b88-4c0c-b213-19f9b2fffaff@group-9B0E204FFB32-StateMachineUpdater: set stopIndex = -1
2019-09-26 19:36:21,559 [99aa1396-69c4-4985-9b2a-20430cc4a0a7@group-A669BF675AA0:LeaderElection1042] INFO  server.RaftServerConfigKeys (ConfUtils.java:logGet(43)) - raft.server.watch.timeout = 10s (default)
2019-09-26 19:36:21,561 [99aa1396-69c4-4985-9b2a-20430cc4a0a7@group-A669BF675AA0:LeaderElection1042] INFO  server.RaftServerConfigKeys (ConfUtils.java:logGet(43)) - raft.server.watch.timeout.denomination = 1s (default)
2019-09-26 19:36:21,559 [27cb48db-4b88-4c0c-b213-19f9b2fffaff@group-B494DA265365:LeaderElection1057] INFO  server.RaftServerConfigKeys (ConfUtils.java:logGet(43)) - raft.server.watch.element-limit = 65536 (default)
2019-09-26 19:36:21,558 [27cb48db-4b88-4c0c-b213-19f9b2fffaff@group-65C693C3A0E2:LeaderElection1026] INFO  server.RaftServerConfigKeys (ConfUtils.java:logGet(43)) - raft.server.watch.element-limit = 65536 (default)
2019-09-26 19:36:21,558 [27cb48db-4b88-4c0c-b213-19f9b2fffaff@group-CEE4714DA134:LeaderElection1041] INFO  server.RaftServerConfigKeys (ConfUtils.java:logGet(43)) - raft.server.watch.timeout = 10s (default)
2019-09-26 19:36:21,558 [728ea44c-f097-440a-a87e-c27a68d48f14@group-29C734BE2100:LeaderElection1024] INFO  segmented.SegmentedRaftLogWorker (SegmentedRaftLogWorker.java:startLogSegment(380)) - 728ea44c-f097-440a-a87e-c27a68d48f14@group-29C734BE2100-SegmentedRaftLogWorker: Starting segment from index:0
2019-09-26 19:36:21,558 [27cb48db-4b88-4c0c-b213-19f9b2fffaff@group-71E8ECDACFBB:LeaderElection1044] INFO  server.RaftServerConfigKeys (ConfUtils.java:logGet(43)) - raft.server.watch.timeout.denomination = 1s (default)
2019-09-26 19:36:21,558 [728ea44c-f097-440a-a87e-c27a68d48f14@group-F880E3D0E1B1:LeaderElection1067] INFO  server.RaftServerConfigKeys (ConfUtils.java:logGet(43)) - raft.server.rpc.sleep.time = 25ms (default)
2019-09-26 19:36:21,558 [27cb48db-4b88-4c0c-b213-19f9b2fffaff@group-A6166F251855:LeaderElection1029] INFO  segmented.SegmentedRaftLogWorker (SegmentedRaftLogWorker.java:startLogSegment(380)) - 27cb48db-4b88-4c0c-b213-19f9b2fffaff@group-A6166F251855-SegmentedRaftLogWorker: Starting segment from index:0
2019-09-26 19:36:21,558 [728ea44c-f097-440a-a87e-c27a68d48f14@group-DB3AFAA8F5B8:LeaderElection1025] INFO  segmented.SegmentedRaftLogWorker (SegmentedRaftLogWorker.java:startLogSegment(380)) - 728ea44c-f097-440a-a87e-c27a68d48f14@group-DB3AFAA8F5B8-SegmentedRaftLogWorker: Starting segment from index:0
2019-09-26 19:36:21,557 [728ea44c-f097-440a-a87e-c27a68d48f14@group-E183B10AB6CB:LeaderElection1048] INFO  server.RaftServerConfigKeys (ConfUtils.java:logGet(43)) - raft.server.staging.catchup.gap = 1000 (default)
2019-09-26 19:36:21,557 [27cb48db-4b88-4c0c-b213-19f9b2fffaff@group-09D99E8196D1:LeaderElection1046] INFO  impl.RaftServerImpl (ServerState.java:setLeader(253)) - 27cb48db-4b88-4c0c-b213-19f9b2fffaff@group-09D99E8196D1: change Leader from null to 27cb48db-4b88-4c0c-b213-19f9b2fffaff at term 1 for becomeLeader, leader elected after 20770ms
2019-09-26 19:36:21,557 [728ea44c-f097-440a-a87e-c27a68d48f14@group-D72684960A38:LeaderElection1047] INFO  server.RaftServerConfigKeys (ConfUtils.java:logGet(43)) - raft.server.staging.catchup.gap = 1000 (default)
2019-09-26 19:36:21,563 [728ea44c-f097-440a-a87e-c27a68d48f14@group-D72684960A38:LeaderElection1047] INFO  server.RaftServerConfigKeys (ConfUtils.java:logGet(43)) - raft.server.rpc.sleep.time = 25ms (default)
2019-09-26 19:36:21,557 [728ea44c-f097-440a-a87e-c27a68d48f14@group-BB094026C928-SegmentedRaftLogWorker] INFO  impl.StateMachineUpdater (StateMachineUpdater.java:stopAndJoin(125)) - 728ea44c-f097-440a-a87e-c27a68d48f14@group-BB094026C928-StateMachineUpdater: set stopIndex = -1
2019-09-26 19:36:21,557 [27cb48db-4b88-4c0c-b213-19f9b2fffaff@group-B295C7228A94-SegmentedRaftLogWorker] INFO  impl.StateMachineUpdater (StateMachineUpdater.java:stopAndJoin(125)) - 27cb48db-4b88-4c0c-b213-19f9b2fffaff@group-B295C7228A94-StateMachineUpdater: set stopIndex = -1
2019-09-26 19:36:21,563 [27cb48db-4b88-4c0c-b213-19f9b2fffaff@group-B295C7228A94-SegmentedRaftLogWorker] INFO  impl.RaftServerImpl (ServerState.java:close(385)) - 27cb48db-4b88-4c0c-b213-19f9b2fffaff@group-B295C7228A94: closes. applyIndex: -1
2019-09-26 19:36:21,557 [27cb48db-4b88-4c0c-b213-19f9b2fffaff@group-60CEE626D65C-SegmentedRaftLogWorker] INFO  impl.PendingRequests (PendingRequests.java:sendNotLeaderResponses(202)) - 27cb48db-4b88-4c0c-b213-19f9b2fffaff-PendingRequests: sendNotLeaderResponses
2019-09-26 19:36:21,557 [27cb48db-4b88-4c0c-b213-19f9b2fffaff@group-DB740590083B:LeaderElection1038] INFO  server.RaftServerConfigKeys (ConfUtils.java:logGet(43)) - raft.server.rpc.sleep.time = 25ms (default)
2019-09-26 19:36:21,557 [27cb48db-4b88-4c0c-b213-19f9b2fffaff@group-6067988DFF8F:LeaderElection1039] INFO  impl.RoleInfo (RoleInfo.java:updateAndGet(143)) - 27cb48db-4b88-4c0c-b213-19f9b2fffaff: start LeaderState
2019-09-26 19:36:21,557 [728ea44c-f097-440a-a87e-c27a68d48f14@group-AA65AE2DB801:LeaderElection1069] INFO  server.RaftServerConfigKeys (ConfUtils.java:logGet(43)) - raft.server.staging.catchup.gap = 1000 (default)
2019-09-26 19:36:21,556 [27cb48db-4b88-4c0c-b213-19f9b2fffaff@group-9E65EF7B6D20:LeaderElection1062] INFO  server.RaftServerConfigKeys (ConfUtils.java:logGet(43)) - raft.server.staging.catchup.gap = 1000 (default)
2019-09-26 19:36:21,564 [27cb48db-4b88-4c0c-b213-19f9b2fffaff@group-9E65EF7B6D20:LeaderElection1062] INFO  server.RaftServerConfigKeys (ConfUtils.java:logGet(43)) - raft.server.rpc.sleep.time = 25ms (default)
2019-09-26 19:36:21,556 [99aa1396-69c4-4985-9b2a-20430cc4a0a7@group-8FC43B8E249F:LeaderElection1052] INFO  impl.RoleInfo (RoleInfo.java:updateAndGet(143)) - 99aa1396-69c4-4985-9b2a-20430cc4a0a7: start LeaderState
2019-09-26 19:36:21,556 [728ea44c-f097-440a-a87e-c27a68d48f14@group-CE4E9F883499:LeaderElection1059] INFO  server.RaftServerConfigKeys (ConfUtils.java:logGet(43)) - raft.server.staging.catchup.gap = 1000 (default)
2019-09-26 19:36:21,564 [728ea44c-f097-440a-a87e-c27a68d48f14@group-CE4E9F883499:LeaderElection1059] INFO  server.RaftServerConfigKeys (ConfUtils.java:logGet(43)) - raft.server.rpc.sleep.time = 25ms (default)
2019-09-26 19:36:21,556 [27cb48db-4b88-4c0c-b213-19f9b2fffaff@group-5C41B557C8F0:LeaderElection1034] INFO  impl.RoleInfo (RoleInfo.java:updateAndGet(143)) - 27cb48db-4b88-4c0c-b213-19f9b2fffaff: start LeaderState
2019-09-26 19:36:21,556 [99aa1396-69c4-4985-9b2a-20430cc4a0a7@group-5BC89FBB8EDB:LeaderElection1061] INFO  server.RaftServerConfigKeys (ConfUtils.java:logGet(43)) - raft.server.rpc.sleep.time = 25ms (default)
2019-09-26 19:36:21,556 [728ea44c-f097-440a-a87e-c27a68d48f14@group-E8DCF40579B6:LeaderElection1060] INFO  server.RaftServerConfigKeys (ConfUtils.java:logGet(43)) - raft.server.staging.catchup.gap = 1000 (default)
2019-09-26 19:36:21,556 [728ea44c-f097-440a-a87e-c27a68d48f14@group-D1445E9B394A:LeaderElection1071] INFO  impl.RaftServerImpl (ServerState.java:setLeader(253)) - 728ea44c-f097-440a-a87e-c27a68d48f14@group-D1445E9B394A: change Leader from null to 728ea44c-f097-440a-a87e-c27a68d48f14 at term 1 for becomeLeader, leader elected after 23201ms
2019-09-26 19:36:21,555 [27cb48db-4b88-4c0c-b213-19f9b2fffaff@group-0E7151963C0C:LeaderElection1068] INFO  server.RaftServerConfigKeys (ConfUtils.java:logGet(43)) - raft.server.staging.catchup.gap = 1000 (default)
2019-09-26 19:36:21,565 [27cb48db-4b88-4c0c-b213-19f9b2fffaff@group-0E7151963C0C:LeaderElection1068] INFO  server.RaftServerConfigKeys (ConfUtils.java:logGet(43)) - raft.server.rpc.sleep.time = 25ms (default)
2019-09-26 19:36:21,555 [728ea44c-f097-440a-a87e-c27a68d48f14@group-D069AE322CB2:LeaderElection1063] INFO  server.RaftServerConfigKeys (ConfUtils.java:logGet(43)) - raft.server.staging.catchup.gap = 1000 (default)
2019-09-26 19:36:21,555 [728ea44c-f097-440a-a87e-c27a68d48f14@group-AF2925BA2B4F:LeaderElection1058] INFO  server.RaftServerConfigKeys (ConfUtils.java:logGet(43)) - raft.server.staging.catchup.gap = 1000 (default)
2019-09-26 19:36:21,565 [728ea44c-f097-440a-a87e-c27a68d48f14@group-AF2925BA2B4F:LeaderElection1058] INFO  server.RaftServerConfigKeys (ConfUtils.java:logGet(43)) - raft.server.rpc.sleep.time = 25ms (default)
2019-09-26 19:36:21,555 [728ea44c-f097-440a-a87e-c27a68d48f14@group-56EF8E9D7D62:LeaderElection1037] INFO  server.RaftServerConfigKeys (ConfUtils.java:logGet(43)) - raft.server.watch.element-limit = 65536 (default)
2019-09-26 19:36:21,555 [728ea44c-f097-440a-a87e-c27a68d48f14@group-AB23A7610A57:LeaderElection1036] INFO  server.RaftServerConfigKeys (ConfUtils.java:logGet(43)) - raft.server.watch.element-limit = 65536 (default)
2019-09-26 19:36:21,554 [27cb48db-4b88-4c0c-b213-19f9b2fffaff@group-7EAA5414454D:LeaderElection1033] INFO  server.RaftServerConfigKeys (ConfUtils.java:logGet(43)) - raft.server.watch.timeout = 10s (default)
2019-09-26 19:36:21,554 [27cb48db-4b88-4c0c-b213-19f9b2fffaff@group-8258851FBC6A:LeaderElection1031] INFO  server.RaftServerConfigKeys (ConfUtils.java:logGet(43)) - raft.server.watch.timeout.denomination = 1s (default)
2019-09-26 19:36:21,554 [27cb48db-4b88-4c0c-b213-19f9b2fffaff@group-4286E730C784:LeaderElection1040] INFO  server.RaftServerConfigKeys (ConfUtils.java:logGet(43)) - raft.server.watch.timeout.denomination = 1s (default)
2019-09-26 19:36:21,566 [27cb48db-4b88-4c0c-b213-19f9b2fffaff@group-4286E730C784:LeaderElection1040] INFO  server.RaftServerConfigKeys (ConfUtils.java:logGet(43)) - raft.server.watch.element-limit = 65536 (default)
2019-09-26 19:36:21,554 [99aa1396-69c4-4985-9b2a-20430cc4a0a7@group-DD15D4C400D3:LeaderElection1065] INFO  server.RaftServerConfigKeys (ConfUtils.java:logGet(43)) - raft.server.staging.catchup.gap = 1000 (default)
2019-09-26 19:36:21,554 [728ea44c-f097-440a-a87e-c27a68d48f14@group-AF87B132B664:LeaderElection1070] INFO  server.RaftServerConfigKeys (ConfUtils.java:logGet(43)) - raft.server.staging.catchup.gap = 1000 (default)
2019-09-26 19:36:21,553 [728ea44c-f097-440a-a87e-c27a68d48f14@group-16EAEE30D2AE:LeaderElection1032] INFO  server.RaftServerConfigKeys (ConfUtils.java:logGet(43)) - raft.server.watch.element-limit = 65536 (default)
2019-09-26 19:36:21,553 [27cb48db-4b88-4c0c-b213-19f9b2fffaff@group-4BF804B3BA25:LeaderElection1045] INFO  server.RaftServerConfigKeys (ConfUtils.java:logGet(43)) - raft.server.watch.timeout = 10s (default)
2019-09-26 19:36:21,553 [27cb48db-4b88-4c0c-b213-19f9b2fffaff@group-7EC36DED298A:LeaderElection1074] INFO  server.RaftServerConfigKeys (ConfUtils.java:logGet(43)) - raft.server.write.element-limit = 4096 (default)
2019-09-26 19:36:21,553 [728ea44c-f097-440a-a87e-c27a68d48f14@group-191D7D199588:LeaderElection1077] INFO  server.RaftServerConfigKeys (ConfUtils.java:logGet(43)) - raft.server.staging.catchup.gap = 1000 (default)
2019-09-26 19:36:21,552 [99aa1396-69c4-4985-9b2a-20430cc4a0a7@group-FB63D571C0D2-SegmentedRaftLogWorker] INFO  impl.StateMachineUpdater (StateMachineUpdater.java:stopAndJoin(125)) - 99aa1396-69c4-4985-9b2a-20430cc4a0a7@group-FB63D571C0D2-StateMachineUpdater: set stopIndex = -1
2019-09-26 19:36:21,566 [99aa1396-69c4-4985-9b2a-20430cc4a0a7@group-FB63D571C0D2-SegmentedRaftLogWorker] INFO  impl.RaftServerImpl (ServerState.java:close(385)) - 99aa1396-69c4-4985-9b2a-20430cc4a0a7@group-FB63D571C0D2: closes. applyIndex: -1
2019-09-26 19:36:21,552 [728ea44c-f097-440a-a87e-c27a68d48f14@group-CD95CCA6E5DE-SegmentedRaftLogWorker] INFO  impl.StateMachineUpdater (StateMachineUpdater.java:stopAndJoin(125)) - 728ea44c-f097-440a-a87e-c27a68d48f14@group-CD95CCA6E5DE-StateMachineUpdater: set stopIndex = -1
2019-09-26 19:36:21,567 [728ea44c-f097-440a-a87e-c27a68d48f14@group-CD95CCA6E5DE-SegmentedRaftLogWorker] INFO  impl.RaftServerImpl (ServerState.java:close(385)) - 728ea44c-f097-440a-a87e-c27a68d48f14@group-CD95CCA6E5DE: closes. applyIndex: -1
2019-09-26 19:36:21,552 [27cb48db-4b88-4c0c-b213-19f9b2fffaff@group-BEB29AE3C17F-SegmentedRaftLogWorker] INFO  impl.StateMachineUpdater (StateMachineUpdater.java:stopAndJoin(125)) - 27cb48db-4b88-4c0c-b213-19f9b2fffaff@group-BEB29AE3C17F-StateMachineUpdater: set stopIndex = -1
2019-09-26 19:36:21,552 [27cb48db-4b88-4c0c-b213-19f9b2fffaff@group-FEE7AAE57329-SegmentedRaftLogWorker] INFO  impl.StateMachineUpdater (StateMachineUpdater.java:stopAndJoin(125)) - 27cb48db-4b88-4c0c-b213-19f9b2fffaff@group-FEE7AAE57329-StateMachineUpdater: set stopIndex = -1
2019-09-26 19:36:21,552 [27cb48db-4b88-4c0c-b213-19f9b2fffaff@group-F337E4A86832-SegmentedRaftLogWorker] INFO  impl.StateMachineUpdater (StateMachineUpdater.java:stopAndJoin(125)) - 27cb48db-4b88-4c0c-b213-19f9b2fffaff@group-F337E4A86832-StateMachineUpdater: set stopIndex = -1
2019-09-26 19:36:21,551 [27cb48db-4b88-4c0c-b213-19f9b2fffaff@group-E18203AECDC0-SegmentedRaftLogWorker] INFO  impl.StateMachineUpdater (StateMachineUpdater.java:stopAndJoin(125)) - 27cb48db-4b88-4c0c-b213-19f9b2fffaff@group-E18203AECDC0-StateMachineUpdater: set stopIndex = -1
2019-09-26 19:36:21,567 [27cb48db-4b88-4c0c-b213-19f9b2fffaff@group-E18203AECDC0-SegmentedRaftLogWorker] INFO  impl.RaftServerImpl (ServerState.java:close(385)) - 27cb48db-4b88-4c0c-b213-19f9b2fffaff@group-E18203AECDC0: closes. applyIndex: -1
2019-09-26 19:36:21,551 [728ea44c-f097-440a-a87e-c27a68d48f14@group-8B20934A7F11-SegmentedRaftLogWorker] INFO  impl.StateMachineUpdater (StateMachineUpdater.java:stopAndJoin(125)) - 728ea44c-f097-440a-a87e-c27a68d48f14@group-8B20934A7F11-StateMachineUpdater: set stopIndex = -1
2019-09-26 19:36:21,567 [728ea44c-f097-440a-a87e-c27a68d48f14@group-8B20934A7F11-SegmentedRaftLogWorker] INFO  impl.RaftServerImpl (ServerState.java:close(385)) - 728ea44c-f097-440a-a87e-c27a68d48f14@group-8B20934A7F11: closes. applyIndex: -1
2019-09-26 19:36:21,551 [27cb48db-4b88-4c0c-b213-19f9b2fffaff@group-96D25400B53D:LeaderElection1076] INFO  server.RaftServerConfigKeys (ConfUtils.java:logGet(43)) - raft.server.staging.catchup.gap = 1000 (default)
2019-09-26 19:36:21,551 [99aa1396-69c4-4985-9b2a-20430cc4a0a7@group-870C395226EC:LeaderElection1064] INFO  server.RaftServerConfigKeys (ConfUtils.java:logGet(43)) - raft.server.staging.catchup.gap = 1000 (default)
2019-09-26 19:36:21,567 [99aa1396-69c4-4985-9b2a-20430cc4a0a7@group-870C395226EC:LeaderElection1064] INFO  server.RaftServerConfigKeys (ConfUtils.java:logGet(43)) - raft.server.rpc.sleep.time = 25ms (default)
2019-09-26 19:36:21,551 [27cb48db-4b88-4c0c-b213-19f9b2fffaff@group-C17EB1A95973:LeaderElection1035] INFO  server.RaftServerConfigKeys (ConfUtils.java:logGet(43)) - raft.server.staging.catchup.gap = 1000 (default)
2019-09-26 19:36:21,551 [27cb48db-4b88-4c0c-b213-19f9b2fffaff@group-089574044510:LeaderElection1066] INFO  impl.RaftServerImpl (ServerState.java:setLeader(253)) - 27cb48db-4b88-4c0c-b213-19f9b2fffaff@group-089574044510: change Leader from null to 27cb48db-4b88-4c0c-b213-19f9b2fffaff at term 1 for becomeLeader, leader elected after 25797ms
2019-09-26 19:36:21,551 [728ea44c-f097-440a-a87e-c27a68d48f14@group-88228B0D7AFD:LeaderElection1054] INFO  impl.RaftServerImpl (ServerState.java:setLeader(253)) - 728ea44c-f097-440a-a87e-c27a68d48f14@group-88228B0D7AFD: change Leader from null to 728ea44c-f097-440a-a87e-c27a68d48f14 at term 1 for becomeLeader, leader elected after 26906ms
2019-09-26 19:36:21,551 [27cb48db-4b88-4c0c-b213-19f9b2fffaff@group-E5EC31325CD2-SegmentedRaftLogWorker] INFO  impl.RoleInfo (RoleInfo.java:shutdownLeaderState(104)) - 27cb48db-4b88-4c0c-b213-19f9b2fffaff: shutdown LeaderState
2019-09-26 19:36:21,568 [27cb48db-4b88-4c0c-b213-19f9b2fffaff@group-E5EC31325CD2-SegmentedRaftLogWorker] INFO  impl.PendingRequests (PendingRequests.java:sendNotLeaderResponses(202)) - 27cb48db-4b88-4c0c-b213-19f9b2fffaff-PendingRequests: sendNotLeaderResponses
2019-09-26 19:36:21,551 [27cb48db-4b88-4c0c-b213-19f9b2fffaff@group-686B5EE37884-SegmentedRaftLogWorker] INFO  impl.PendingRequests (PendingRequests.java:sendNotLeaderResponses(202)) - 27cb48db-4b88-4c0c-b213-19f9b2fffaff-PendingRequests: sendNotLeaderResponses
2019-09-26 19:36:21,550 [27cb48db-4b88-4c0c-b213-19f9b2fffaff@group-A260F6F3F135-SegmentedRaftLogWorker] INFO  impl.PendingRequests (PendingRequests.java:sendNotLeaderResponses(202)) - 27cb48db-4b88-4c0c-b213-19f9b2fffaff-PendingRequests: sendNotLeaderResponses
2019-09-26 19:36:21,550 [728ea44c-f097-440a-a87e-c27a68d48f14@group-B46C9A7EAD2D-SegmentedRaftLogWorker] INFO  impl.PendingRequests (PendingRequests.java:sendNotLeaderResponses(202)) - 728ea44c-f097-440a-a87e-c27a68d48f14-PendingRequests: sendNotLeaderResponses
2019-09-26 19:36:21,550 [728ea44c-f097-440a-a87e-c27a68d48f14@group-81150C1B35EC-SegmentedRaftLogWorker] INFO  impl.PendingRequests (PendingRequests.java:sendNotLeaderResponses(202)) - 728ea44c-f097-440a-a87e-c27a68d48f14-PendingRequests: sendNotLeaderResponses
2019-09-26 19:36:21,550 [27cb48db-4b88-4c0c-b213-19f9b2fffaff@group-606A4401418B:LeaderElection1055] INFO  server.RaftServerConfigKeys (ConfUtils.java:logGet(43)) - raft.server.staging.catchup.gap = 1000 (default)
2019-09-26 19:36:21,550 [27cb48db-4b88-4c0c-b213-19f9b2fffaff@group-FB1248EB002D:LeaderElection1051] INFO  impl.RaftServerImpl (ServerState.java:setLeader(253)) - 27cb48db-4b88-4c0c-b213-19f9b2fffaff@group-FB1248EB002D: change Leader from null to 27cb48db-4b88-4c0c-b213-19f9b2fffaff at term 1 for becomeLeader, leader elected after 26282ms
2019-09-26 19:36:21,549 [728ea44c-f097-440a-a87e-c27a68d48f14@group-CC0AC654280F-SegmentedRaftLogWorker] INFO  impl.StateMachineUpdater (StateMachineUpdater.java:stopAndJoin(125)) - 728ea44c-f097-440a-a87e-c27a68d48f14@group-CC0AC654280F-StateMachineUpdater: set stopIndex = -1
2019-09-26 19:36:21,569 [728ea44c-f097-440a-a87e-c27a68d48f14@group-CC0AC654280F-SegmentedRaftLogWorker] INFO  impl.RaftServerImpl (ServerState.java:close(385)) - 728ea44c-f097-440a-a87e-c27a68d48f14@group-CC0AC654280F: closes. applyIndex: -1
2019-09-26 19:36:21,569 [728ea44c-f097-440a-a87e-c27a68d48f14@group-56EF8E9D7D62:LeaderElection1037] INFO  impl.RoleInfo (RoleInfo.java:updateAndGet(143)) - 728ea44c-f097-440a-a87e-c27a68d48f14: start LeaderState
2019-09-26 19:36:21,548 [27cb48db-4b88-4c0c-b213-19f9b2fffaff@group-53CA1E877E21-SegmentedRaftLogWorker] INFO  impl.PendingRequests (PendingRequests.java:sendNotLeaderResponses(202)) - 27cb48db-4b88-4c0c-b213-19f9b2fffaff-PendingRequests: sendNotLeaderResponses
2019-09-26 19:36:21,548 [27cb48db-4b88-4c0c-b213-19f9b2fffaff@group-2101955D751F-SegmentedRaftLogWorker] INFO  impl.RoleInfo (RoleInfo.java:shutdownLeaderState(104)) - 27cb48db-4b88-4c0c-b213-19f9b2fffaff: shutdown LeaderState
2019-09-26 19:36:21,548 [27cb48db-4b88-4c0c-b213-19f9b2fffaff@group-29622162AE5F:LeaderElection1053] INFO  server.RaftServerConfigKeys (ConfUtils.java:logGet(43)) - raft.server.watch.timeout = 10s (default)
2019-09-26 19:36:21,569 [27cb48db-4b88-4c0c-b213-19f9b2fffaff@group-29622162AE5F:LeaderElection1053] INFO  server.RaftServerConfigKeys (ConfUtils.java:logGet(43)) - raft.server.watch.timeout.denomination = 1s (default)
2019-09-26 19:36:21,548 [728ea44c-f097-440a-a87e-c27a68d48f14@group-5F924A8F8ADB:LeaderElection1049] INFO  server.RaftServerConfigKeys (ConfUtils.java:logGet(43)) - raft.server.watch.timeout.denomination = 1s (default)
2019-09-26 19:36:21,570 [728ea44c-f097-440a-a87e-c27a68d48f14@group-5F924A8F8ADB:LeaderElection1049] INFO  server.RaftServerConfigKeys (ConfUtils.java:logGet(43)) - raft.server.watch.element-limit = 65536 (default)
2019-09-26 19:36:21,547 [27cb48db-4b88-4c0c-b213-19f9b2fffaff@group-2FE92788FEB6:LeaderElection1056] INFO  server.RaftServerConfigKeys (ConfUtils.java:logGet(43)) - raft.server.watch.timeout.denomination = 1s (default)
2019-09-26 19:36:21,547 [728ea44c-f097-440a-a87e-c27a68d48f14@group-BB69EB22B37E:LeaderElection1050] INFO  segmented.SegmentedRaftLogWorker (SegmentedRaftLogWorker.java:startLogSegment(380)) - 728ea44c-f097-440a-a87e-c27a68d48f14@group-BB69EB22B37E-SegmentedRaftLogWorker: Starting segment from index:0
2019-09-26 19:36:21,547 [27cb48db-4b88-4c0c-b213-19f9b2fffaff@group-B1E3039FE9C9-SegmentedRaftLogWorker] INFO  impl.RaftServerImpl (ServerState.java:close(385)) - 27cb48db-4b88-4c0c-b213-19f9b2fffaff@group-B1E3039FE9C9: closes. applyIndex: -1
2019-09-26 19:36:21,570 [27cb48db-4b88-4c0c-b213-19f9b2fffaff@group-2FE92788FEB6:LeaderElection1056] INFO  server.RaftServerConfigKeys (ConfUtils.java:logGet(43)) - raft.server.watch.element-limit = 65536 (default)
2019-09-26 19:36:21,570 [728ea44c-f097-440a-a87e-c27a68d48f14@group-16EAEE30D2AE:LeaderElection1032] INFO  impl.RoleInfo (RoleInfo.java:updateAndGet(143)) - 728ea44c-f097-440a-a87e-c27a68d48f14: start LeaderState
2019-09-26 19:36:21,570 [27cb48db-4b88-4c0c-b213-19f9b2fffaff@group-4286E730C784:LeaderElection1040] INFO  impl.RoleInfo (RoleInfo.java:updateAndGet(143)) - 27cb48db-4b88-4c0c-b213-19f9b2fffaff: start LeaderState
2019-09-26 19:36:21,570 [27cb48db-4b88-4c0c-b213-19f9b2fffaff@group-29622162AE5F:LeaderElection1053] INFO  server.RaftServerConfigKeys (ConfUtils.java:logGet(43)) - raft.server.watch.element-limit = 65536 (default)
2019-09-26 19:36:21,569 [27cb48db-4b88-4c0c-b213-19f9b2fffaff@group-2101955D751F-SegmentedRaftLogWorker] INFO  impl.PendingRequests (PendingRequests.java:sendNotLeaderResponses(202)) - 27cb48db-4b88-4c0c-b213-19f9b2fffaff-PendingRequests: sendNotLeaderResponses
2019-09-26 19:36:21,569 [728ea44c-f097-440a-a87e-c27a68d48f14@group-AB23A7610A57:LeaderElection1036] INFO  impl.RoleInfo (RoleInfo.java:updateAndGet(143)) - 728ea44c-f097-440a-a87e-c27a68d48f14: start LeaderState
2019-09-26 19:36:21,569 [27cb48db-4b88-4c0c-b213-19f9b2fffaff@group-53CA1E877E21-SegmentedRaftLogWorker] INFO  impl.StateMachineUpdater (StateMachineUpdater.java:stopAndJoin(125)) - 27cb48db-4b88-4c0c-b213-19f9b2fffaff@group-53CA1E877E21-StateMachineUpdater: set stopIndex = -1
2019-09-26 19:36:21,571 [27cb48db-4b88-4c0c-b213-19f9b2fffaff@group-53CA1E877E21-SegmentedRaftLogWorker] INFO  impl.RaftServerImpl (ServerState.java:close(385)) - 27cb48db-4b88-4c0c-b213-19f9b2fffaff@group-53CA1E877E21: closes. applyIndex: -1
2019-09-26 19:36:21,569 [728ea44c-f097-440a-a87e-c27a68d48f14@group-56EF8E9D7D62:LeaderElection1037] INFO  segmented.SegmentedRaftLogWorker (SegmentedRaftLogWorker.java:startLogSegment(380)) - 728ea44c-f097-440a-a87e-c27a68d48f14@group-56EF8E9D7D62-SegmentedRaftLogWorker: Starting segment from index:0
2019-09-26 19:36:21,569 [728ea44c-f097-440a-a87e-c27a68d48f14@group-CC0AC654280F-SegmentedRaftLogWorker] INFO  segmented.SegmentedRaftLogWorker (SegmentedRaftLogWorker.java:close(228)) - 728ea44c-f097-440a-a87e-c27a68d48f14@group-CC0AC654280F-SegmentedRaftLogWorker close()
2019-09-26 19:36:21,569 [27cb48db-4b88-4c0c-b213-19f9b2fffaff@group-FB1248EB002D:LeaderElection1051] INFO  server.RaftServerConfigKeys (ConfUtils.java:logGet(43)) - raft.server.staging.catchup.gap = 1000 (default)
2019-09-26 19:36:21,569 [27cb48db-4b88-4c0c-b213-19f9b2fffaff@group-606A4401418B:LeaderElection1055] INFO  server.RaftServerConfigKeys (ConfUtils.java:logGet(43)) - raft.server.rpc.sleep.time = 25ms (default)
2019-09-26 19:36:21,569 [728ea44c-f097-440a-a87e-c27a68d48f14@group-81150C1B35EC-SegmentedRaftLogWorker] INFO  impl.StateMachineUpdater (StateMachineUpdater.java:stopAndJoin(125)) - 728ea44c-f097-440a-a87e-c27a68d48f14@group-81150C1B35EC-StateMachineUpdater: set stopIndex = -1
2019-09-26 19:36:21,569 [728ea44c-f097-440a-a87e-c27a68d48f14@group-B46C9A7EAD2D-SegmentedRaftLogWorker] INFO  impl.StateMachineUpdater (StateMachineUpdater.java:stopAndJoin(125)) - 728ea44c-f097-440a-a87e-c27a68d48f14@group-B46C9A7EAD2D-StateMachineUpdater: set stopIndex = -1
2019-09-26 19:36:21,586 [728ea44c-f097-440a-a87e-c27a68d48f14@group-B46C9A7EAD2D-SegmentedRaftLogWorker] INFO  impl.RaftServerImpl (ServerState.java:close(385)) - 728ea44c-f097-440a-a87e-c27a68d48f14@group-B46C9A7EAD2D: closes. applyIndex: -1
2019-09-26 19:36:21,568 [27cb48db-4b88-4c0c-b213-19f9b2fffaff@group-A260F6F3F135-SegmentedRaftLogWorker] INFO  impl.StateMachineUpdater (StateMachineUpdater.java:stopAndJoin(125)) - 27cb48db-4b88-4c0c-b213-19f9b2fffaff@group-A260F6F3F135-StateMachineUpdater: set stopIndex = -1
2019-09-26 19:36:21,568 [27cb48db-4b88-4c0c-b213-19f9b2fffaff@group-686B5EE37884-SegmentedRaftLogWorker] INFO  impl.StateMachineUpdater (StateMachineUpdater.java:stopAndJoin(125)) - 27cb48db-4b88-4c0c-b213-19f9b2fffaff@group-686B5EE37884-StateMachineUpdater: set stopIndex = -1
2019-09-26 19:36:21,586 [27cb48db-4b88-4c0c-b213-19f9b2fffaff@group-686B5EE37884-SegmentedRaftLogWorker] INFO  impl.RaftServerImpl (ServerState.java:close(385)) - 27cb48db-4b88-4c0c-b213-19f9b2fffaff@group-686B5EE37884: closes. applyIndex: -1
2019-09-26 19:36:21,568 [27cb48db-4b88-4c0c-b213-19f9b2fffaff@group-E5EC31325CD2-SegmentedRaftLogWorker] INFO  impl.StateMachineUpdater (StateMachineUpdater.java:stopAndJoin(125)) - 27cb48db-4b88-4c0c-b213-19f9b2fffaff@group-E5EC31325CD2-StateMachineUpdater: set stopIndex = -1
2019-09-26 19:36:21,568 [728ea44c-f097-440a-a87e-c27a68d48f14@group-88228B0D7AFD:LeaderElection1054] INFO  server.RaftServerConfigKeys (ConfUtils.java:logGet(43)) - raft.server.staging.catchup.gap = 1000 (default)
2019-09-26 19:36:21,586 [728ea44c-f097-440a-a87e-c27a68d48f14@group-88228B0D7AFD:LeaderElection1054] INFO  server.RaftServerConfigKeys (ConfUtils.java:logGet(43)) - raft.server.rpc.sleep.time = 25ms (default)
2019-09-26 19:36:21,568 [27cb48db-4b88-4c0c-b213-19f9b2fffaff@group-089574044510:LeaderElection1066] INFO  server.RaftServerConfigKeys (ConfUtils.java:logGet(43)) - raft.server.staging.catchup.gap = 1000 (default)
2019-09-26 19:36:21,587 [27cb48db-4b88-4c0c-b213-19f9b2fffaff@group-089574044510:LeaderElection1066] INFO  server.RaftServerConfigKeys (ConfUtils.java:logGet(43)) - raft.server.rpc.sleep.time = 25ms (default)
2019-09-26 19:36:21,568 [27cb48db-4b88-4c0c-b213-19f9b2fffaff@group-C17EB1A95973:LeaderElection1035] INFO  server.RaftServerConfigKeys (ConfUtils.java:logGet(43)) - raft.server.rpc.sleep.time = 25ms (default)
2019-09-26 19:36:21,568 [99aa1396-69c4-4985-9b2a-20430cc4a0a7@group-870C395226EC:LeaderElection1064] INFO  server.RaftServerConfigKeys (ConfUtils.java:logGet(43)) - raft.server.write.element-limit = 4096 (default)
2019-09-26 19:36:21,567 [27cb48db-4b88-4c0c-b213-19f9b2fffaff@group-96D25400B53D:LeaderElection1076] INFO  server.RaftServerConfigKeys (ConfUtils.java:logGet(43)) - raft.server.rpc.sleep.time = 25ms (default)
2019-09-26 19:36:21,567 [728ea44c-f097-440a-a87e-c27a68d48f14@group-8B20934A7F11-SegmentedRaftLogWorker] INFO  segmented.SegmentedRaftLogWorker (SegmentedRaftLogWorker.java:close(228)) - 728ea44c-f097-440a-a87e-c27a68d48f14@group-8B20934A7F11-SegmentedRaftLogWorker close()
2019-09-26 19:36:21,567 [27cb48db-4b88-4c0c-b213-19f9b2fffaff@group-E18203AECDC0-SegmentedRaftLogWorker] INFO  segmented.SegmentedRaftLogWorker (SegmentedRaftLogWorker.java:close(228)) - 27cb48db-4b88-4c0c-b213-19f9b2fffaff@group-E18203AECDC0-SegmentedRaftLogWorker close()
2019-09-26 19:36:21,567 [27cb48db-4b88-4c0c-b213-19f9b2fffaff@group-F337E4A86832-SegmentedRaftLogWorker] INFO  impl.RaftServerImpl (ServerState.java:close(385)) - 27cb48db-4b88-4c0c-b213-19f9b2fffaff@group-F337E4A86832: closes. applyIndex: -1
2019-09-26 19:36:21,567 [27cb48db-4b88-4c0c-b213-19f9b2fffaff@group-FEE7AAE57329-SegmentedRaftLogWorker] INFO  impl.RaftServerImpl (ServerState.java:close(385)) - 27cb48db-4b88-4c0c-b213-19f9b2fffaff@group-FEE7AAE57329: closes. applyIndex: -1
2019-09-26 19:36:21,567 [27cb48db-4b88-4c0c-b213-19f9b2fffaff@group-BEB29AE3C17F-SegmentedRaftLogWorker] INFO  impl.RaftServerImpl (ServerState.java:close(385)) - 27cb48db-4b88-4c0c-b213-19f9b2fffaff@group-BEB29AE3C17F: closes. applyIndex: -1
2019-09-26 19:36:21,567 [728ea44c-f097-440a-a87e-c27a68d48f14@group-CD95CCA6E5DE-SegmentedRaftLogWorker] INFO  segmented.SegmentedRaftLogWorker (SegmentedRaftLogWorker.java:close(228)) - 728ea44c-f097-440a-a87e-c27a68d48f14@group-CD95CCA6E5DE-SegmentedRaftLogWorker close()
2019-09-26 19:36:21,566 [99aa1396-69c4-4985-9b2a-20430cc4a0a7@group-FB63D571C0D2-SegmentedRaftLogWorker] INFO  segmented.SegmentedRaftLogWorker (SegmentedRaftLogWorker.java:close(228)) - 99aa1396-69c4-4985-9b2a-20430cc4a0a7@group-FB63D571C0D2-SegmentedRaftLogWorker close()
2019-09-26 19:36:21,566 [728ea44c-f097-440a-a87e-c27a68d48f14@group-191D7D199588:LeaderElection1077] INFO  server.RaftServerConfigKeys (ConfUtils.java:logGet(43)) - raft.server.rpc.sleep.time = 25ms (default)
2019-09-26 19:36:21,566 [27cb48db-4b88-4c0c-b213-19f9b2fffaff@group-7EC36DED298A:LeaderElection1074] INFO  server.RaftServerConfigKeys (ConfUtils.java:logGet(43)) - raft.server.watch.timeout = 10s (default)
2019-09-26 19:36:21,633 [27cb48db-4b88-4c0c-b213-19f9b2fffaff@group-7EC36DED298A:LeaderElection1074] INFO  server.RaftServerConfigKeys (ConfUtils.java:logGet(43)) - raft.server.watch.timeout.denomination = 1s (default)
2019-09-26 19:36:21,566 [27cb48db-4b88-4c0c-b213-19f9b2fffaff@group-4BF804B3BA25:LeaderElection1045] INFO  server.RaftServerConfigKeys (ConfUtils.java:logGet(43)) - raft.server.watch.timeout.denomination = 1s (default)
2019-09-26 19:36:21,566 [728ea44c-f097-440a-a87e-c27a68d48f14@group-AF87B132B664:LeaderElection1070] INFO  server.RaftServerConfigKeys (ConfUtils.java:logGet(43)) - raft.server.rpc.sleep.time = 25ms (default)
2019-09-26 19:36:21,566 [99aa1396-69c4-4985-9b2a-20430cc4a0a7@group-DD15D4C400D3:LeaderElection1065] INFO  server.RaftServerConfigKeys (ConfUtils.java:logGet(43)) - raft.server.rpc.sleep.time = 25ms (default)
2019-09-26 19:36:21,565 [27cb48db-4b88-4c0c-b213-19f9b2fffaff@group-8258851FBC6A:LeaderElection1031] INFO  server.RaftServerConfigKeys (ConfUtils.java:logGet(43)) - raft.server.watch.element-limit = 65536 (default)
2019-09-26 19:36:21,565 [27cb48db-4b88-4c0c-b213-19f9b2fffaff@group-7EAA5414454D:LeaderElection1033] INFO  server.RaftServerConfigKeys (ConfUtils.java:logGet(43)) - raft.server.watch.timeout.denomination = 1s (default)
2019-09-26 19:36:21,565 [728ea44c-f097-440a-a87e-c27a68d48f14@group-AF2925BA2B4F:LeaderElection1058] INFO  server.RaftServerConfigKeys (ConfUtils.java:logGet(43)) - raft.server.write.element-limit = 4096 (default)
2019-09-26 19:36:21,634 [728ea44c-f097-440a-a87e-c27a68d48f14@group-AF2925BA2B4F:LeaderElection1058] INFO  server.RaftServerConfigKeys (ConfUtils.java:logGet(43)) - raft.server.watch.timeout = 10s (default)
2019-09-26 19:36:21,565 [728ea44c-f097-440a-a87e-c27a68d48f14@group-D069AE322CB2:LeaderElection1063] INFO  server.RaftServerConfigKeys (ConfUtils.java:logGet(43)) - raft.server.rpc.sleep.time = 25ms (default)
2019-09-26 19:36:21,565 [27cb48db-4b88-4c0c-b213-19f9b2fffaff@group-0E7151963C0C:LeaderElection1068] INFO  server.RaftServerConfigKeys (ConfUtils.java:logGet(43)) - raft.server.write.element-limit = 4096 (default)
2019-09-26 19:36:21,635 [27cb48db-4b88-4c0c-b213-19f9b2fffaff@group-0E7151963C0C:LeaderElection1068] INFO  server.RaftServerConfigKeys (ConfUtils.java:logGet(43)) - raft.server.watch.timeout = 10s (default)
2019-09-26 19:36:21,564 [728ea44c-f097-440a-a87e-c27a68d48f14@group-D1445E9B394A:LeaderElection1071] INFO  server.RaftServerConfigKeys (ConfUtils.java:logGet(43)) - raft.server.staging.catchup.gap = 1000 (default)
2019-09-26 19:36:21,564 [728ea44c-f097-440a-a87e-c27a68d48f14@group-E8DCF40579B6:LeaderElection1060] INFO  server.RaftServerConfigKeys (ConfUtils.java:logGet(43)) - raft.server.rpc.sleep.time = 25ms (default)
2019-09-26 19:36:21,635 [728ea44c-f097-440a-a87e-c27a68d48f14@group-E8DCF40579B6:LeaderElection1060] INFO  server.RaftServerConfigKeys (ConfUtils.java:logGet(43)) - raft.server.write.element-limit = 4096 (default)
2019-09-26 19:36:21,564 [99aa1396-69c4-4985-9b2a-20430cc4a0a7@group-5BC89FBB8EDB:LeaderElection1061] INFO  server.RaftServerConfigKeys (ConfUtils.java:logGet(43)) - raft.server.write.element-limit = 4096 (default)
2019-09-26 19:36:21,636 [99aa1396-69c4-4985-9b2a-20430cc4a0a7@group-5BC89FBB8EDB:LeaderElection1061] INFO  server.RaftServerConfigKeys (ConfUtils.java:logGet(43)) - raft.server.watch.timeout = 10s (default)
2019-09-26 19:36:21,564 [27cb48db-4b88-4c0c-b213-19f9b2fffaff@group-5C41B557C8F0:LeaderElection1034] INFO  segmented.SegmentedRaftLogWorker (SegmentedRaftLogWorker.java:startLogSegment(380)) - 27cb48db-4b88-4c0c-b213-19f9b2fffaff@group-5C41B557C8F0-SegmentedRaftLogWorker: Starting segment from index:0
2019-09-26 19:36:21,564 [728ea44c-f097-440a-a87e-c27a68d48f14@group-CE4E9F883499:LeaderElection1059] INFO  server.RaftServerConfigKeys (ConfUtils.java:logGet(43)) - raft.server.write.element-limit = 4096 (default)
2019-09-26 19:36:21,636 [728ea44c-f097-440a-a87e-c27a68d48f14@group-CE4E9F883499:LeaderElection1059] INFO  server.RaftServerConfigKeys (ConfUtils.java:logGet(43)) - raft.server.watch.timeout = 10s (default)
2019-09-26 19:36:21,564 [27cb48db-4b88-4c0c-b213-19f9b2fffaff@group-65C693C3A0E2:LeaderElection1026] INFO  impl.RoleInfo (RoleInfo.java:updateAndGet(143)) - 27cb48db-4b88-4c0c-b213-19f9b2fffaff: start LeaderState
2019-09-26 19:36:21,564 [27cb48db-4b88-4c0c-b213-19f9b2fffaff@group-B494DA265365:LeaderElection1057] INFO  impl.RoleInfo (RoleInfo.java:updateAndGet(143)) - 27cb48db-4b88-4c0c-b213-19f9b2fffaff: start LeaderState
2019-09-26 19:36:21,564 [99aa1396-69c4-4985-9b2a-20430cc4a0a7@group-8FC43B8E249F:LeaderElection1052] INFO  segmented.SegmentedRaftLogWorker (SegmentedRaftLogWorker.java:startLogSegment(380)) - 99aa1396-69c4-4985-9b2a-20430cc4a0a7@group-8FC43B8E249F-SegmentedRaftLogWorker: Starting segment from index:0
2019-09-26 19:36:21,564 [27cb48db-4b88-4c0c-b213-19f9b2fffaff@group-9E65EF7B6D20:LeaderElection1062] INFO  server.RaftServerConfigKeys (ConfUtils.java:logGet(43)) - raft.server.write.element-limit = 4096 (default)
2019-09-26 19:36:21,564 [728ea44c-f097-440a-a87e-c27a68d48f14@group-AA65AE2DB801:LeaderElection1069] INFO  server.RaftServerConfigKeys (ConfUtils.java:logGet(43)) - raft.server.rpc.sleep.time = 25ms (default)
2019-09-26 19:36:21,563 [27cb48db-4b88-4c0c-b213-19f9b2fffaff@group-6067988DFF8F:LeaderElection1039] INFO  segmented.SegmentedRaftLogWorker (SegmentedRaftLogWorker.java:startLogSegment(380)) - 27cb48db-4b88-4c0c-b213-19f9b2fffaff@group-6067988DFF8F-SegmentedRaftLogWorker: Starting segment from index:0
2019-09-26 19:36:21,563 [27cb48db-4b88-4c0c-b213-19f9b2fffaff@group-DB740590083B:LeaderElection1038] INFO  server.RaftServerConfigKeys (ConfUtils.java:logGet(43)) - raft.server.write.element-limit = 4096 (default)
2019-09-26 19:36:21,563 [27cb48db-4b88-4c0c-b213-19f9b2fffaff@group-60CEE626D65C-SegmentedRaftLogWorker] INFO  impl.StateMachineUpdater (StateMachineUpdater.java:stopAndJoin(125)) - 27cb48db-4b88-4c0c-b213-19f9b2fffaff@group-60CEE626D65C-StateMachineUpdater: set stopIndex = -1
2019-09-26 19:36:21,637 [27cb48db-4b88-4c0c-b213-19f9b2fffaff@group-60CEE626D65C-SegmentedRaftLogWorker] INFO  impl.RaftServerImpl (ServerState.java:close(385)) - 27cb48db-4b88-4c0c-b213-19f9b2fffaff@group-60CEE626D65C: closes. applyIndex: -1
2019-09-26 19:36:21,563 [27cb48db-4b88-4c0c-b213-19f9b2fffaff@group-B295C7228A94-SegmentedRaftLogWorker] INFO  segmented.SegmentedRaftLogWorker (SegmentedRaftLogWorker.java:close(228)) - 27cb48db-4b88-4c0c-b213-19f9b2fffaff@group-B295C7228A94-SegmentedRaftLogWorker close()
2019-09-26 19:36:21,563 [728ea44c-f097-440a-a87e-c27a68d48f14@group-BB094026C928-SegmentedRaftLogWorker] INFO  impl.RaftServerImpl (ServerState.java:close(385)) - 728ea44c-f097-440a-a87e-c27a68d48f14@group-BB094026C928: closes. applyIndex: -1
2019-09-26 19:36:21,563 [728ea44c-f097-440a-a87e-c27a68d48f14@group-D72684960A38:LeaderElection1047] INFO  server.RaftServerConfigKeys (ConfUtils.java:logGet(43)) - raft.server.write.element-limit = 4096 (default)
2019-09-26 19:36:21,563 [27cb48db-4b88-4c0c-b213-19f9b2fffaff@group-09D99E8196D1:LeaderElection1046] INFO  server.RaftServerConfigKeys (ConfUtils.java:logGet(43)) - raft.server.staging.catchup.gap = 1000 (default)
2019-09-26 19:36:21,563 [728ea44c-f097-440a-a87e-c27a68d48f14@group-DB3AFAA8F5B8:LeaderElection1025] INFO  impl.RaftServerImpl (ServerState.java:setRaftConf(354)) - 728ea44c-f097-440a-a87e-c27a68d48f14@group-DB3AFAA8F5B8: set configuration 0: [728ea44c-f097-440a-a87e-c27a68d48f14:192.168.151.99:38783], old=null at 0
2019-09-26 19:36:21,562 [728ea44c-f097-440a-a87e-c27a68d48f14@group-E183B10AB6CB:LeaderElection1048] INFO  server.RaftServerConfigKeys (ConfUtils.java:logGet(43)) - raft.server.rpc.sleep.time = 25ms (default)
2019-09-26 19:36:21,562 [27cb48db-4b88-4c0c-b213-19f9b2fffaff@group-A6166F251855:LeaderElection1029] INFO  impl.RaftServerImpl (ServerState.java:setRaftConf(354)) - 27cb48db-4b88-4c0c-b213-19f9b2fffaff@group-A6166F251855: set configuration 0: [27cb48db-4b88-4c0c-b213-19f9b2fffaff:192.168.151.99:37457], old=null at 0
2019-09-26 19:36:21,562 [728ea44c-f097-440a-a87e-c27a68d48f14@group-F880E3D0E1B1:LeaderElection1067] INFO  server.RaftServerConfigKeys (ConfUtils.java:logGet(43)) - raft.server.write.element-limit = 4096 (default)
2019-09-26 19:36:21,562 [728ea44c-f097-440a-a87e-c27a68d48f14@group-29C734BE2100:LeaderElection1024] INFO  impl.RaftServerImpl (ServerState.java:setRaftConf(354)) - 728ea44c-f097-440a-a87e-c27a68d48f14@group-29C734BE2100: set configuration 0: [728ea44c-f097-440a-a87e-c27a68d48f14:192.168.151.99:38783], old=null at 0
2019-09-26 19:36:21,562 [27cb48db-4b88-4c0c-b213-19f9b2fffaff@group-71E8ECDACFBB:LeaderElection1044] INFO  server.RaftServerConfigKeys (ConfUtils.java:logGet(43)) - raft.server.watch.element-limit = 65536 (default)
2019-09-26 19:36:21,562 [27cb48db-4b88-4c0c-b213-19f9b2fffaff@group-CEE4714DA134:LeaderElection1041] INFO  server.RaftServerConfigKeys (ConfUtils.java:logGet(43)) - raft.server.watch.timeout.denomination = 1s (default)
2019-09-26 19:36:21,562 [728ea44c-f097-440a-a87e-c27a68d48f14@group-61276961113F:LeaderElection1030] INFO  impl.RoleInfo (RoleInfo.java:updateAndGet(143)) - 728ea44c-f097-440a-a87e-c27a68d48f14: start LeaderState
2019-09-26 19:36:21,561 [99aa1396-69c4-4985-9b2a-20430cc4a0a7@group-A669BF675AA0:LeaderElection1042] INFO  server.RaftServerConfigKeys (ConfUtils.java:logGet(43)) - raft.server.watch.element-limit = 65536 (default)
2019-09-26 19:36:21,561 [27cb48db-4b88-4c0c-b213-19f9b2fffaff@group-9B0E204FFB32-SegmentedRaftLogWorker] INFO  impl.RaftServerImpl (ServerState.java:close(385)) - 27cb48db-4b88-4c0c-b213-19f9b2fffaff@group-9B0E204FFB32: closes. applyIndex: -1
2019-09-26 19:36:21,561 [728ea44c-f097-440a-a87e-c27a68d48f14@group-89DB952C4950-SegmentedRaftLogWorker] INFO  impl.StateMachineUpdater (StateMachineUpdater.java:stopAndJoin(125)) - 728ea44c-f097-440a-a87e-c27a68d48f14@group-89DB952C4950-StateMachineUpdater: set stopIndex = -1
2019-09-26 19:36:21,715 [728ea44c-f097-440a-a87e-c27a68d48f14@group-89DB952C4950-SegmentedRaftLogWorker] INFO  impl.RaftServerImpl (ServerState.java:close(385)) - 728ea44c-f097-440a-a87e-c27a68d48f14@group-89DB952C4950: closes. applyIndex: -1
2019-09-26 19:36:21,561 [728ea44c-f097-440a-a87e-c27a68d48f14@group-7C646671DC62-SegmentedRaftLogWorker] INFO  impl.StateMachineUpdater (StateMachineUpdater.java:stopAndJoin(125)) - 728ea44c-f097-440a-a87e-c27a68d48f14@group-7C646671DC62-StateMachineUpdater: set stopIndex = -1
2019-09-26 19:36:21,715 [728ea44c-f097-440a-a87e-c27a68d48f14@group-7C646671DC62-SegmentedRaftLogWorker] INFO  impl.RaftServerImpl (ServerState.java:close(385)) - 728ea44c-f097-440a-a87e-c27a68d48f14@group-7C646671DC62: closes. applyIndex: -1
2019-09-26 19:36:21,561 [728ea44c-f097-440a-a87e-c27a68d48f14@group-6729514BE427:LeaderElection1043] INFO  server.RaftServerConfigKeys (ConfUtils.java:logGet(43)) - raft.server.watch.element-limit = 65536 (default)
2019-09-26 19:36:21,560 [pool-271-thread-1] INFO  server.RaftServerConfigKeys (ConfUtils.java:logGet(43)) - raft.server.log.write.buffer.size = 33554432 (custom)
2019-09-26 19:36:21,560 [27cb48db-4b88-4c0c-b213-19f9b2fffaff@group-7C23D55C331C:LeaderElection1027] INFO  segmented.SegmentedRaftLogWorker (SegmentedRaftLogWorker.java:startLogSegment(380)) - 27cb48db-4b88-4c0c-b213-19f9b2fffaff@group-7C23D55C331C-SegmentedRaftLogWorker: Starting segment from index:0
2019-09-26 19:36:21,715 [pool-271-thread-1] INFO  server.RaftServerConfigKeys (ConfUtils.java:logGet(43)) - raft.server.log.force.sync.num = 128 (default)
2019-09-26 19:36:21,715 [728ea44c-f097-440a-a87e-c27a68d48f14@group-7C646671DC62-SegmentedRaftLogWorker] INFO  segmented.SegmentedRaftLogWorker (SegmentedRaftLogWorker.java:close(228)) - 728ea44c-f097-440a-a87e-c27a68d48f14@group-7C646671DC62-SegmentedRaftLogWorker close()
2019-09-26 19:36:21,715 [728ea44c-f097-440a-a87e-c27a68d48f14@group-89DB952C4950-SegmentedRaftLogWorker] INFO  segmented.SegmentedRaftLogWorker (SegmentedRaftLogWorker.java:close(228)) - 728ea44c-f097-440a-a87e-c27a68d48f14@group-89DB952C4950-SegmentedRaftLogWorker close()
2019-09-26 19:36:21,715 [27cb48db-4b88-4c0c-b213-19f9b2fffaff@group-9B0E204FFB32-SegmentedRaftLogWorker] INFO  segmented.SegmentedRaftLogWorker (SegmentedRaftLogWorker.java:close(228)) - 27cb48db-4b88-4c0c-b213-19f9b2fffaff@group-9B0E204FFB32-SegmentedRaftLogWorker close()
2019-09-26 19:36:21,714 [728ea44c-f097-440a-a87e-c27a68d48f14@group-61276961113F:LeaderElection1030] INFO  segmented.SegmentedRaftLogWorker (SegmentedRaftLogWorker.java:startLogSegment(380)) - 728ea44c-f097-440a-a87e-c27a68d48f14@group-61276961113F-SegmentedRaftLogWorker: Starting segment from index:0
2019-09-26 19:36:21,714 [27cb48db-4b88-4c0c-b213-19f9b2fffaff@group-CEE4714DA134:LeaderElection1041] INFO  server.RaftServerConfigKeys (ConfUtils.java:logGet(43)) - raft.server.watch.element-limit = 65536 (default)
2019-09-26 19:36:21,713 [728ea44c-f097-440a-a87e-c27a68d48f14@group-F880E3D0E1B1:LeaderElection1067] INFO  server.RaftServerConfigKeys (ConfUtils.java:logGet(43)) - raft.server.watch.timeout = 10s (default)
2019-09-26 19:36:21,713 [728ea44c-f097-440a-a87e-c27a68d48f14@group-E183B10AB6CB:LeaderElection1048] INFO  server.RaftServerConfigKeys (ConfUtils.java:logGet(43)) - raft.server.write.element-limit = 4096 (default)
2019-09-26 19:36:21,713 [27cb48db-4b88-4c0c-b213-19f9b2fffaff@group-09D99E8196D1:LeaderElection1046] INFO  server.RaftServerConfigKeys (ConfUtils.java:logGet(43)) - raft.server.rpc.sleep.time = 25ms (default)
2019-09-26 19:36:21,713 [728ea44c-f097-440a-a87e-c27a68d48f14@group-D72684960A38:LeaderElection1047] INFO  server.RaftServerConfigKeys (ConfUtils.java:logGet(43)) - raft.server.watch.timeout = 10s (default)
2019-09-26 19:36:21,712 [728ea44c-f097-440a-a87e-c27a68d48f14@group-BB094026C928-SegmentedRaftLogWorker] INFO  segmented.SegmentedRaftLogWorker (SegmentedRaftLogWorker.java:close(228)) - 728ea44c-f097-440a-a87e-c27a68d48f14@group-BB094026C928-SegmentedRaftLogWorker close()
2019-09-26 19:36:21,637 [27cb48db-4b88-4c0c-b213-19f9b2fffaff@group-60CEE626D65C-SegmentedRaftLogWorker] INFO  segmented.SegmentedRaftLogWorker (SegmentedRaftLogWorker.java:close(228)) - 27cb48db-4b88-4c0c-b213-19f9b2fffaff@group-60CEE626D65C-SegmentedRaftLogWorker close()
2019-09-26 19:36:21,637 [27cb48db-4b88-4c0c-b213-19f9b2fffaff@group-DB740590083B:LeaderElection1038] INFO  server.RaftServerConfigKeys (ConfUtils.java:logGet(43)) - raft.server.watch.timeout = 10s (default)
2019-09-26 19:36:21,637 [27cb48db-4b88-4c0c-b213-19f9b2fffaff@group-6067988DFF8F:LeaderElection1039] INFO  impl.RaftServerImpl (ServerState.java:setRaftConf(354)) - 27cb48db-4b88-4c0c-b213-19f9b2fffaff@group-6067988DFF8F: set configuration 0: [27cb48db-4b88-4c0c-b213-19f9b2fffaff:192.168.151.99:37457], old=null at 0
2019-09-26 19:36:21,637 [728ea44c-f097-440a-a87e-c27a68d48f14@group-AA65AE2DB801:LeaderElection1069] INFO  server.RaftServerConfigKeys (ConfUtils.java:logGet(43)) - raft.server.write.element-limit = 4096 (default)
2019-09-26 19:36:21,637 [27cb48db-4b88-4c0c-b213-19f9b2fffaff@group-9E65EF7B6D20:LeaderElection1062] INFO  server.RaftServerConfigKeys (ConfUtils.java:logGet(43)) - raft.server.watch.timeout = 10s (default)
2019-09-26 19:36:21,637 [99aa1396-69c4-4985-9b2a-20430cc4a0a7@group-8FC43B8E249F:LeaderElection1052] INFO  impl.RaftServerImpl (ServerState.java:setRaftConf(354)) - 99aa1396-69c4-4985-9b2a-20430cc4a0a7@group-8FC43B8E249F: set configuration 0: [99aa1396-69c4-4985-9b2a-20430cc4a0a7:192.168.151.99:40213], old=null at 0
2019-09-26 19:36:21,637 [27cb48db-4b88-4c0c-b213-19f9b2fffaff@group-B494DA265365:LeaderElection1057] INFO  segmented.SegmentedRaftLogWorker (SegmentedRaftLogWorker.java:startLogSegment(380)) - 27cb48db-4b88-4c0c-b213-19f9b2fffaff@group-B494DA265365-SegmentedRaftLogWorker: Starting segment from index:0
2019-09-26 19:36:21,636 [27cb48db-4b88-4c0c-b213-19f9b2fffaff@group-65C693C3A0E2:LeaderElection1026] INFO  segmented.SegmentedRaftLogWorker (SegmentedRaftLogWorker.java:startLogSegment(380)) - 27cb48db-4b88-4c0c-b213-19f9b2fffaff@group-65C693C3A0E2-SegmentedRaftLogWorker: Starting segment from index:0
2019-09-26 19:36:21,636 [728ea44c-f097-440a-a87e-c27a68d48f14@group-CE4E9F883499:LeaderElection1059] INFO  server.RaftServerConfigKeys (ConfUtils.java:logGet(43)) - raft.server.watch.timeout.denomination = 1s (default)
2019-09-26 19:36:21,636 [27cb48db-4b88-4c0c-b213-19f9b2fffaff@group-5C41B557C8F0:LeaderElection1034] INFO  impl.RaftServerImpl (ServerState.java:setRaftConf(354)) - 27cb48db-4b88-4c0c-b213-19f9b2fffaff@group-5C41B557C8F0: set configuration 0: [27cb48db-4b88-4c0c-b213-19f9b2fffaff:192.168.151.99:37457], old=null at 0
2019-09-26 19:36:21,636 [99aa1396-69c4-4985-9b2a-20430cc4a0a7@group-5BC89FBB8EDB:LeaderElection1061] INFO  server.RaftServerConfigKeys (ConfUtils.java:logGet(43)) - raft.server.watch.timeout.denomination = 1s (default)
2019-09-26 19:36:21,635 [728ea44c-f097-440a-a87e-c27a68d48f14@group-E8DCF40579B6:LeaderElection1060] INFO  server.RaftServerConfigKeys (ConfUtils.java:logGet(43)) - raft.server.watch.timeout = 10s (default)
2019-09-26 19:36:21,635 [27cb48db-4b88-4c0c-b213-19f9b2fffaff@group-8258851FBC6A:LeaderElection1031] INFO  impl.RoleInfo (RoleInfo.java:updateAndGet(143)) - 27cb48db-4b88-4c0c-b213-19f9b2fffaff: start LeaderState
2019-09-26 19:36:21,635 [728ea44c-f097-440a-a87e-c27a68d48f14@group-D1445E9B394A:LeaderElection1071] INFO  server.RaftServerConfigKeys (ConfUtils.java:logGet(43)) - raft.server.rpc.sleep.time = 25ms (default)
2019-09-26 19:36:21,635 [27cb48db-4b88-4c0c-b213-19f9b2fffaff@group-0E7151963C0C:LeaderElection1068] INFO  server.RaftServerConfigKeys (ConfUtils.java:logGet(43)) - raft.server.watch.timeout.denomination = 1s (default)
2019-09-26 19:36:21,635 [728ea44c-f097-440a-a87e-c27a68d48f14@group-D069AE322CB2:LeaderElection1063] INFO  server.RaftServerConfigKeys (ConfUtils.java:logGet(43)) - raft.server.write.element-limit = 4096 (default)
2019-09-26 19:36:21,634 [728ea44c-f097-440a-a87e-c27a68d48f14@group-AF2925BA2B4F:LeaderElection1058] INFO  server.RaftServerConfigKeys (ConfUtils.java:logGet(43)) - raft.server.watch.timeout.denomination = 1s (default)
2019-09-26 19:36:21,634 [27cb48db-4b88-4c0c-b213-19f9b2fffaff@group-7EAA5414454D:LeaderElection1033] INFO  server.RaftServerConfigKeys (ConfUtils.java:logGet(43)) - raft.server.watch.element-limit = 65536 (default)
2019-09-26 19:36:21,634 [99aa1396-69c4-4985-9b2a-20430cc4a0a7@group-DD15D4C400D3:LeaderElection1065] INFO  server.RaftServerConfigKeys (ConfUtils.java:logGet(43)) - raft.server.write.element-limit = 4096 (default)
2019-09-26 19:36:21,634 [728ea44c-f097-440a-a87e-c27a68d48f14@group-AF87B132B664:LeaderElection1070] INFO  server.RaftServerConfigKeys (ConfUtils.java:logGet(43)) - raft.server.write.element-limit = 4096 (default)
2019-09-26 19:36:21,634 [27cb48db-4b88-4c0c-b213-19f9b2fffaff@group-4BF804B3BA25:LeaderElection1045] INFO  server.RaftServerConfigKeys (ConfUtils.java:logGet(43)) - raft.server.watch.element-limit = 65536 (default)
2019-09-26 19:36:21,633 [27cb48db-4b88-4c0c-b213-19f9b2fffaff@group-7EC36DED298A:LeaderElection1074] INFO  server.RaftServerConfigKeys (ConfUtils.java:logGet(43)) - raft.server.watch.element-limit = 65536 (default)
2019-09-26 19:36:21,633 [728ea44c-f097-440a-a87e-c27a68d48f14@group-191D7D199588:LeaderElection1077] INFO  server.RaftServerConfigKeys (ConfUtils.java:logGet(43)) - raft.server.write.element-limit = 4096 (default)
2019-09-26 19:36:21,609 [27cb48db-4b88-4c0c-b213-19f9b2fffaff@group-BEB29AE3C17F-SegmentedRaftLogWorker] INFO  segmented.SegmentedRaftLogWorker (SegmentedRaftLogWorker.java:close(228)) - 27cb48db-4b88-4c0c-b213-19f9b2fffaff@group-BEB29AE3C17F-SegmentedRaftLogWorker close()
2019-09-26 19:36:21,609 [27cb48db-4b88-4c0c-b213-19f9b2fffaff@group-FEE7AAE57329-SegmentedRaftLogWorker] INFO  segmented.SegmentedRaftLogWorker (SegmentedRaftLogWorker.java:close(228)) - 27cb48db-4b88-4c0c-b213-19f9b2fffaff@group-FEE7AAE57329-SegmentedRaftLogWorker close()
2019-09-26 19:36:21,609 [27cb48db-4b88-4c0c-b213-19f9b2fffaff@group-F337E4A86832-SegmentedRaftLogWorker] INFO  segmented.SegmentedRaftLogWorker (SegmentedRaftLogWorker.java:close(228)) - 27cb48db-4b88-4c0c-b213-19f9b2fffaff@group-F337E4A86832-SegmentedRaftLogWorker close()
2019-09-26 19:36:21,609 [27cb48db-4b88-4c0c-b213-19f9b2fffaff@group-29622162AE5F:LeaderElection1053] INFO  impl.RoleInfo (RoleInfo.java:updateAndGet(143)) - 27cb48db-4b88-4c0c-b213-19f9b2fffaff: start LeaderState
2019-09-26 19:36:21,587 [27cb48db-4b88-4c0c-b213-19f9b2fffaff@group-2FE92788FEB6:LeaderElection1056] INFO  impl.RoleInfo (RoleInfo.java:updateAndGet(143)) - 27cb48db-4b88-4c0c-b213-19f9b2fffaff: start LeaderState
2019-09-26 19:36:21,587 [27cb48db-4b88-4c0c-b213-19f9b2fffaff@group-96D25400B53D:LeaderElection1076] INFO  server.RaftServerConfigKeys (ConfUtils.java:logGet(43)) - raft.server.write.element-limit = 4096 (default)
2019-09-26 19:36:21,722 [27cb48db-4b88-4c0c-b213-19f9b2fffaff@group-96D25400B53D:LeaderElection1076] INFO  server.RaftServerConfigKeys (ConfUtils.java:logGet(43)) - raft.server.watch.timeout = 10s (default)
2019-09-26 19:36:21,587 [99aa1396-69c4-4985-9b2a-20430cc4a0a7@group-870C395226EC:LeaderElection1064] INFO  server.RaftServerConfigKeys (ConfUtils.java:logGet(43)) - raft.server.watch.timeout = 10s (default)
2019-09-26 19:36:21,587 [27cb48db-4b88-4c0c-b213-19f9b2fffaff@group-C17EB1A95973:LeaderElection1035] INFO  server.RaftServerConfigKeys (ConfUtils.java:logGet(43)) - raft.server.write.element-limit = 4096 (default)
2019-09-26 19:36:21,587 [27cb48db-4b88-4c0c-b213-19f9b2fffaff@group-089574044510:LeaderElection1066] INFO  server.RaftServerConfigKeys (ConfUtils.java:logGet(43)) - raft.server.write.element-limit = 4096 (default)
2019-09-26 19:36:21,587 [728ea44c-f097-440a-a87e-c27a68d48f14@group-88228B0D7AFD:LeaderElection1054] INFO  server.RaftServerConfigKeys (ConfUtils.java:logGet(43)) - raft.server.write.element-limit = 4096 (default)
2019-09-26 19:36:21,586 [728ea44c-f097-440a-a87e-c27a68d48f14@group-5F924A8F8ADB:LeaderElection1049] INFO  impl.RoleInfo (RoleInfo.java:updateAndGet(143)) - 728ea44c-f097-440a-a87e-c27a68d48f14: start LeaderState
2019-09-26 19:36:21,586 [27cb48db-4b88-4c0c-b213-19f9b2fffaff@group-E5EC31325CD2-SegmentedRaftLogWorker] INFO  impl.RaftServerImpl (ServerState.java:close(385)) - 27cb48db-4b88-4c0c-b213-19f9b2fffaff@group-E5EC31325CD2: closes. applyIndex: -1
2019-09-26 19:36:21,586 [27cb48db-4b88-4c0c-b213-19f9b2fffaff@group-686B5EE37884-SegmentedRaftLogWorker] INFO  segmented.SegmentedRaftLogWorker (SegmentedRaftLogWorker.java:close(228)) - 27cb48db-4b88-4c0c-b213-19f9b2fffaff@group-686B5EE37884-SegmentedRaftLogWorker close()
2019-09-26 19:36:21,586 [27cb48db-4b88-4c0c-b213-19f9b2fffaff@group-A260F6F3F135-SegmentedRaftLogWorker] INFO  impl.RaftServerImpl (ServerState.java:close(385)) - 27cb48db-4b88-4c0c-b213-19f9b2fffaff@group-A260F6F3F135: closes. applyIndex: -1
2019-09-26 19:36:21,586 [728ea44c-f097-440a-a87e-c27a68d48f14@group-B46C9A7EAD2D-SegmentedRaftLogWorker] INFO  segmented.SegmentedRaftLogWorker (SegmentedRaftLogWorker.java:close(228)) - 728ea44c-f097-440a-a87e-c27a68d48f14@group-B46C9A7EAD2D-SegmentedRaftLogWorker close()
2019-09-26 19:36:21,586 [728ea44c-f097-440a-a87e-c27a68d48f14@group-81150C1B35EC-SegmentedRaftLogWorker] INFO  impl.RaftServerImpl (ServerState.java:close(385)) - 728ea44c-f097-440a-a87e-c27a68d48f14@group-81150C1B35EC: closes. applyIndex: -1
2019-09-26 19:36:21,586 [27cb48db-4b88-4c0c-b213-19f9b2fffaff@group-606A4401418B:LeaderElection1055] INFO  server.RaftServerConfigKeys (ConfUtils.java:logGet(43)) - raft.server.write.element-limit = 4096 (default)
2019-09-26 19:36:21,586 [27cb48db-4b88-4c0c-b213-19f9b2fffaff@group-FB1248EB002D:LeaderElection1051] INFO  server.RaftServerConfigKeys (ConfUtils.java:logGet(43)) - raft.server.rpc.sleep.time = 25ms (default)
2019-09-26 19:36:21,586 [728ea44c-f097-440a-a87e-c27a68d48f14@group-56EF8E9D7D62:LeaderElection1037] INFO  impl.RaftServerImpl (ServerState.java:setRaftConf(354)) - 728ea44c-f097-440a-a87e-c27a68d48f14@group-56EF8E9D7D62: set configuration 0: [728ea44c-f097-440a-a87e-c27a68d48f14:192.168.151.99:38783], old=null at 0
2019-09-26 19:36:21,571 [27cb48db-4b88-4c0c-b213-19f9b2fffaff@group-53CA1E877E21-SegmentedRaftLogWorker] INFO  segmented.SegmentedRaftLogWorker (SegmentedRaftLogWorker.java:close(228)) - 27cb48db-4b88-4c0c-b213-19f9b2fffaff@group-53CA1E877E21-SegmentedRaftLogWorker close()
2019-09-26 19:36:21,571 [728ea44c-f097-440a-a87e-c27a68d48f14@group-AB23A7610A57:LeaderElection1036] INFO  segmented.SegmentedRaftLogWorker (SegmentedRaftLogWorker.java:startLogSegment(380)) - 728ea44c-f097-440a-a87e-c27a68d48f14@group-AB23A7610A57-SegmentedRaftLogWorker: Starting segment from index:0
2019-09-26 19:36:21,571 [27cb48db-4b88-4c0c-b213-19f9b2fffaff@group-2101955D751F-SegmentedRaftLogWorker] INFO  impl.StateMachineUpdater (StateMachineUpdater.java:stopAndJoin(125)) - 27cb48db-4b88-4c0c-b213-19f9b2fffaff@group-2101955D751F-StateMachineUpdater: set stopIndex = -1
2019-09-26 19:36:21,725 [27cb48db-4b88-4c0c-b213-19f9b2fffaff@group-2101955D751F-SegmentedRaftLogWorker] INFO  impl.RaftServerImpl (ServerState.java:close(385)) - 27cb48db-4b88-4c0c-b213-19f9b2fffaff@group-2101955D751F: closes. applyIndex: -1
2019-09-26 19:36:21,570 [27cb48db-4b88-4c0c-b213-19f9b2fffaff@group-4286E730C784:LeaderElection1040] INFO  segmented.SegmentedRaftLogWorker (SegmentedRaftLogWorker.java:startLogSegment(380)) - 27cb48db-4b88-4c0c-b213-19f9b2fffaff@group-4286E730C784-SegmentedRaftLogWorker: Starting segment from index:0
2019-09-26 19:36:21,570 [728ea44c-f097-440a-a87e-c27a68d48f14@group-16EAEE30D2AE:LeaderElection1032] INFO  segmented.SegmentedRaftLogWorker (SegmentedRaftLogWorker.java:startLogSegment(380)) - 728ea44c-f097-440a-a87e-c27a68d48f14@group-16EAEE30D2AE-SegmentedRaftLogWorker: Starting segment from index:0
2019-09-26 19:36:21,570 [728ea44c-f097-440a-a87e-c27a68d48f14@group-BB69EB22B37E:LeaderElection1050] INFO  impl.RaftServerImpl (ServerState.java:setRaftConf(354)) - 728ea44c-f097-440a-a87e-c27a68d48f14@group-BB69EB22B37E: set configuration 0: [728ea44c-f097-440a-a87e-c27a68d48f14:192.168.151.99:38783], old=null at 0
2019-09-26 19:36:21,570 [27cb48db-4b88-4c0c-b213-19f9b2fffaff@group-B1E3039FE9C9-SegmentedRaftLogWorker] INFO  segmented.SegmentedRaftLogWorker (SegmentedRaftLogWorker.java:close(228)) - 27cb48db-4b88-4c0c-b213-19f9b2fffaff@group-B1E3039FE9C9-SegmentedRaftLogWorker close()
2019-09-26 19:36:21,725 [728ea44c-f097-440a-a87e-c27a68d48f14@group-16EAEE30D2AE:LeaderElection1032] INFO  impl.RaftServerImpl (ServerState.java:setRaftConf(354)) - 728ea44c-f097-440a-a87e-c27a68d48f14@group-16EAEE30D2AE: set configuration 0: [728ea44c-f097-440a-a87e-c27a68d48f14:192.168.151.99:38783], old=null at 0
2019-09-26 19:36:21,725 [27cb48db-4b88-4c0c-b213-19f9b2fffaff@group-7EC36DED298A:LeaderElection1074] INFO  impl.RoleInfo (RoleInfo.java:updateAndGet(143)) - 27cb48db-4b88-4c0c-b213-19f9b2fffaff: start LeaderState
2019-09-26 19:36:21,725 [27cb48db-4b88-4c0c-b213-19f9b2fffaff@group-4BF804B3BA25:LeaderElection1045] INFO  impl.RoleInfo (RoleInfo.java:updateAndGet(143)) - 27cb48db-4b88-4c0c-b213-19f9b2fffaff: start LeaderState
2019-09-26 19:36:21,725 [27cb48db-4b88-4c0c-b213-19f9b2fffaff@group-4286E730C784:LeaderElection1040] INFO  impl.RaftServerImpl (ServerState.java:setRaftConf(354)) - 27cb48db-4b88-4c0c-b213-19f9b2fffaff@group-4286E730C784: set configuration 0: [27cb48db-4b88-4c0c-b213-19f9b2fffaff:192.168.151.99:37457], old=null at 0
2019-09-26 19:36:21,725 [27cb48db-4b88-4c0c-b213-19f9b2fffaff@group-2101955D751F-SegmentedRaftLogWorker] INFO  segmented.SegmentedRaftLogWorker (SegmentedRaftLogWorker.java:close(228)) - 27cb48db-4b88-4c0c-b213-19f9b2fffaff@group-2101955D751F-SegmentedRaftLogWorker close()
2019-09-26 19:36:21,725 [728ea44c-f097-440a-a87e-c27a68d48f14@group-AB23A7610A57:LeaderElection1036] INFO  impl.RaftServerImpl (ServerState.java:setRaftConf(354)) - 728ea44c-f097-440a-a87e-c27a68d48f14@group-AB23A7610A57: set configuration 0: [728ea44c-f097-440a-a87e-c27a68d48f14:192.168.151.99:38783], old=null at 0
2019-09-26 19:36:21,724 [27cb48db-4b88-4c0c-b213-19f9b2fffaff@group-7EAA5414454D:LeaderElection1033] INFO  impl.RoleInfo (RoleInfo.java:updateAndGet(143)) - 27cb48db-4b88-4c0c-b213-19f9b2fffaff: start LeaderState
2019-09-26 19:36:21,724 [27cb48db-4b88-4c0c-b213-19f9b2fffaff@group-FB1248EB002D:LeaderElection1051] INFO  server.RaftServerConfigKeys (ConfUtils.java:logGet(43)) - raft.server.write.element-limit = 4096 (default)
2019-09-26 19:36:21,724 [27cb48db-4b88-4c0c-b213-19f9b2fffaff@group-606A4401418B:LeaderElection1055] INFO  server.RaftServerConfigKeys (ConfUtils.java:logGet(43)) - raft.server.watch.timeout = 10s (default)
2019-09-26 19:36:21,726 [27cb48db-4b88-4c0c-b213-19f9b2fffaff@group-606A4401418B:LeaderElection1055] INFO  server.RaftServerConfigKeys (ConfUtils.java:logGet(43)) - raft.server.watch.timeout.denomination = 1s (default)
2019-09-26 19:36:21,724 [728ea44c-f097-440a-a87e-c27a68d48f14@group-81150C1B35EC-SegmentedRaftLogWorker] INFO  segmented.SegmentedRaftLogWorker (SegmentedRaftLogWorker.java:close(228)) - 728ea44c-f097-440a-a87e-c27a68d48f14@group-81150C1B35EC-SegmentedRaftLogWorker close()
2019-09-26 19:36:21,723 [27cb48db-4b88-4c0c-b213-19f9b2fffaff@group-A260F6F3F135-SegmentedRaftLogWorker] INFO  segmented.SegmentedRaftLogWorker (SegmentedRaftLogWorker.java:close(228)) - 27cb48db-4b88-4c0c-b213-19f9b2fffaff@group-A260F6F3F135-SegmentedRaftLogWorker close()
2019-09-26 19:36:21,723 [27cb48db-4b88-4c0c-b213-19f9b2fffaff@group-E5EC31325CD2-SegmentedRaftLogWorker] INFO  segmented.SegmentedRaftLogWorker (SegmentedRaftLogWorker.java:close(228)) - 27cb48db-4b88-4c0c-b213-19f9b2fffaff@group-E5EC31325CD2-SegmentedRaftLogWorker close()
2019-09-26 19:36:21,723 [728ea44c-f097-440a-a87e-c27a68d48f14@group-5F924A8F8ADB:LeaderElection1049] INFO  segmented.SegmentedRaftLogWorker (SegmentedRaftLogWorker.java:startLogSegment(380)) - 728ea44c-f097-440a-a87e-c27a68d48f14@group-5F924A8F8ADB-SegmentedRaftLogWorker: Starting segment from index:0
2019-09-26 19:36:21,723 [728ea44c-f097-440a-a87e-c27a68d48f14@group-88228B0D7AFD:LeaderElection1054] INFO  server.RaftServerConfigKeys (ConfUtils.java:logGet(43)) - raft.server.watch.timeout = 10s (default)
2019-09-26 19:36:21,723 [27cb48db-4b88-4c0c-b213-19f9b2fffaff@group-089574044510:LeaderElection1066] INFO  server.RaftServerConfigKeys (ConfUtils.java:logGet(43)) - raft.server.watch.timeout = 10s (default)
2019-09-26 19:36:21,723 [27cb48db-4b88-4c0c-b213-19f9b2fffaff@group-C17EB1A95973:LeaderElection1035] INFO  server.RaftServerConfigKeys (ConfUtils.java:logGet(43)) - raft.server.watch.timeout = 10s (default)
2019-09-26 19:36:21,722 [99aa1396-69c4-4985-9b2a-20430cc4a0a7@group-870C395226EC:LeaderElection1064] INFO  server.RaftServerConfigKeys (ConfUtils.java:logGet(43)) - raft.server.watch.timeout.denomination = 1s (default)
2019-09-26 19:36:21,722 [27cb48db-4b88-4c0c-b213-19f9b2fffaff@group-96D25400B53D:LeaderElection1076] INFO  server.RaftServerConfigKeys (ConfUtils.java:logGet(43)) - raft.server.watch.timeout.denomination = 1s (default)
2019-09-26 19:36:21,722 [27cb48db-4b88-4c0c-b213-19f9b2fffaff@group-2FE92788FEB6:LeaderElection1056] INFO  segmented.SegmentedRaftLogWorker (SegmentedRaftLogWorker.java:startLogSegment(380)) - 27cb48db-4b88-4c0c-b213-19f9b2fffaff@group-2FE92788FEB6-SegmentedRaftLogWorker: Starting segment from index:0
2019-09-26 19:36:21,722 [27cb48db-4b88-4c0c-b213-19f9b2fffaff@group-29622162AE5F:LeaderElection1053] INFO  segmented.SegmentedRaftLogWorker (SegmentedRaftLogWorker.java:startLogSegment(380)) - 27cb48db-4b88-4c0c-b213-19f9b2fffaff@group-29622162AE5F-SegmentedRaftLogWorker: Starting segment from index:0
2019-09-26 19:36:21,721 [728ea44c-f097-440a-a87e-c27a68d48f14@group-191D7D199588:LeaderElection1077] INFO  server.RaftServerConfigKeys (ConfUtils.java:logGet(43)) - raft.server.watch.timeout = 10s (default)
2019-09-26 19:36:21,721 [728ea44c-f097-440a-a87e-c27a68d48f14@group-AF87B132B664:LeaderElection1070] INFO  server.RaftServerConfigKeys (ConfUtils.java:logGet(43)) - raft.server.watch.timeout = 10s (default)
2019-09-26 19:36:21,721 [99aa1396-69c4-4985-9b2a-20430cc4a0a7@group-DD15D4C400D3:LeaderElection1065] INFO  server.RaftServerConfigKeys (ConfUtils.java:logGet(43)) - raft.server.watch.timeout = 10s (default)
2019-09-26 19:36:21,720 [728ea44c-f097-440a-a87e-c27a68d48f14@group-AF2925BA2B4F:LeaderElection1058] INFO  server.RaftServerConfigKeys (ConfUtils.java:logGet(43)) - raft.server.watch.element-limit = 65536 (default)
2019-09-26 19:36:21,720 [27cb48db-4b88-4c0c-b213-19f9b2fffaff@group-CEE4714DA134:LeaderElection1041] INFO  impl.RoleInfo (RoleInfo.java:updateAndGet(143)) - 27cb48db-4b88-4c0c-b213-19f9b2fffaff: start LeaderState
2019-09-26 19:36:21,729 [27cb48db-4b88-4c0c-b213-19f9b2fffaff@group-CEE4714DA134:LeaderElection1041] INFO  segmented.SegmentedRaftLogWorker (SegmentedRaftLogWorker.java:startLogSegment(380)) - 27cb48db-4b88-4c0c-b213-19f9b2fffaff@group-CEE4714DA134-SegmentedRaftLogWorker: Starting segment from index:0
2019-09-26 19:36:21,720 [728ea44c-f097-440a-a87e-c27a68d48f14@group-D069AE322CB2:LeaderElection1063] INFO  server.RaftServerConfigKeys (ConfUtils.java:logGet(43)) - raft.server.watch.timeout = 10s (default)
2019-09-26 19:36:21,720 [27cb48db-4b88-4c0c-b213-19f9b2fffaff@group-0E7151963C0C:LeaderElection1068] INFO  server.RaftServerConfigKeys (ConfUtils.java:logGet(43)) - raft.server.watch.element-limit = 65536 (default)
2019-09-26 19:36:21,720 [728ea44c-f097-440a-a87e-c27a68d48f14@group-6729514BE427:LeaderElection1043] INFO  impl.RoleInfo (RoleInfo.java:updateAndGet(143)) - 728ea44c-f097-440a-a87e-c27a68d48f14: start LeaderState
2019-09-26 19:36:21,720 [728ea44c-f097-440a-a87e-c27a68d48f14@group-D1445E9B394A:LeaderElection1071] INFO  server.RaftServerConfigKeys (ConfUtils.java:logGet(43)) - raft.server.write.element-limit = 4096 (default)
2019-09-26 19:36:21,720 [27cb48db-4b88-4c0c-b213-19f9b2fffaff@group-8258851FBC6A:LeaderElection1031] INFO  segmented.SegmentedRaftLogWorker (SegmentedRaftLogWorker.java:startLogSegment(380)) - 27cb48db-4b88-4c0c-b213-19f9b2fffaff@group-8258851FBC6A-SegmentedRaftLogWorker: Starting segment from index:0
2019-09-26 19:36:21,719 [728ea44c-f097-440a-a87e-c27a68d48f14@group-E8DCF40579B6:LeaderElection1060] INFO  server.RaftServerConfigKeys (ConfUtils.java:logGet(43)) - raft.server.watch.timeout.denomination = 1s (default)
2019-09-26 19:36:21,730 [728ea44c-f097-440a-a87e-c27a68d48f14@group-E8DCF40579B6:LeaderElection1060] INFO  server.RaftServerConfigKeys (ConfUtils.java:logGet(43)) - raft.server.watch.element-limit = 65536 (default)
2019-09-26 19:36:21,719 [99aa1396-69c4-4985-9b2a-20430cc4a0a7@group-5BC89FBB8EDB:LeaderElection1061] INFO  server.RaftServerConfigKeys (ConfUtils.java:logGet(43)) - raft.server.watch.element-limit = 65536 (default)
2019-09-26 19:36:21,719 [99aa1396-69c4-4985-9b2a-20430cc4a0a7@group-A669BF675AA0:LeaderElection1042] INFO  impl.RoleInfo (RoleInfo.java:updateAndGet(143)) - 99aa1396-69c4-4985-9b2a-20430cc4a0a7: start LeaderState
2019-09-26 19:36:21,719 [27cb48db-4b88-4c0c-b213-19f9b2fffaff@group-65C693C3A0E2:LeaderElection1026] INFO  impl.RaftServerImpl (ServerState.java:setRaftConf(354)) - 27cb48db-4b88-4c0c-b213-19f9b2fffaff@group-65C693C3A0E2: set configuration 0: [27cb48db-4b88-4c0c-b213-19f9b2fffaff:192.168.151.99:37457], old=null at 0
2019-09-26 19:36:21,719 [728ea44c-f097-440a-a87e-c27a68d48f14@group-CE4E9F883499:LeaderElection1059] INFO  server.RaftServerConfigKeys (ConfUtils.java:logGet(43)) - raft.server.watch.element-limit = 65536 (default)
2019-09-26 19:36:21,719 [27cb48db-4b88-4c0c-b213-19f9b2fffaff@group-B494DA265365:LeaderElection1057] INFO  impl.RaftServerImpl (ServerState.java:setRaftConf(354)) - 27cb48db-4b88-4c0c-b213-19f9b2fffaff@group-B494DA265365: set configuration 0: [27cb48db-4b88-4c0c-b213-19f9b2fffaff:192.168.151.99:37457], old=null at 0
2019-09-26 19:36:21,718 [27cb48db-4b88-4c0c-b213-19f9b2fffaff@group-9E65EF7B6D20:LeaderElection1062] INFO  server.RaftServerConfigKeys (ConfUtils.java:logGet(43)) - raft.server.watch.timeout.denomination = 1s (default)
2019-09-26 19:36:21,718 [728ea44c-f097-440a-a87e-c27a68d48f14@group-AA65AE2DB801:LeaderElection1069] INFO  server.RaftServerConfigKeys (ConfUtils.java:logGet(43)) - raft.server.watch.timeout = 10s (default)
2019-09-26 19:36:21,718 [27cb48db-4b88-4c0c-b213-19f9b2fffaff@group-71E8ECDACFBB:LeaderElection1044] INFO  impl.RoleInfo (RoleInfo.java:updateAndGet(143)) - 27cb48db-4b88-4c0c-b213-19f9b2fffaff: start LeaderState
2019-09-26 19:36:21,718 [27cb48db-4b88-4c0c-b213-19f9b2fffaff@group-DB740590083B:LeaderElection1038] INFO  server.RaftServerConfigKeys (ConfUtils.java:logGet(43)) - raft.server.watch.timeout.denomination = 1s (default)
2019-09-26 19:36:21,717 [728ea44c-f097-440a-a87e-c27a68d48f14@group-D72684960A38:LeaderElection1047] INFO  server.RaftServerConfigKeys (ConfUtils.java:logGet(43)) - raft.server.watch.timeout.denomination = 1s (default)
2019-09-26 19:36:21,717 [27cb48db-4b88-4c0c-b213-19f9b2fffaff@group-09D99E8196D1:LeaderElection1046] INFO  server.RaftServerConfigKeys (ConfUtils.java:logGet(43)) - raft.server.write.element-limit = 4096 (default)
2019-09-26 19:36:21,717 [728ea44c-f097-440a-a87e-c27a68d48f14@group-E183B10AB6CB:LeaderElection1048] INFO  server.RaftServerConfigKeys (ConfUtils.java:logGet(43)) - raft.server.watch.timeout = 10s (default)
2019-09-26 19:36:21,717 [728ea44c-f097-440a-a87e-c27a68d48f14@group-F880E3D0E1B1:LeaderElection1067] INFO  server.RaftServerConfigKeys (ConfUtils.java:logGet(43)) - raft.server.watch.timeout.denomination = 1s (default)
2019-09-26 19:36:21,717 [728ea44c-f097-440a-a87e-c27a68d48f14@group-61276961113F:LeaderElection1030] INFO  impl.RaftServerImpl (ServerState.java:setRaftConf(354)) - 728ea44c-f097-440a-a87e-c27a68d48f14@group-61276961113F: set configuration 0: [728ea44c-f097-440a-a87e-c27a68d48f14:192.168.151.99:38783], old=null at 0
2019-09-26 19:36:21,716 [27cb48db-4b88-4c0c-b213-19f9b2fffaff@group-7C23D55C331C:LeaderElection1027] INFO  impl.RaftServerImpl (ServerState.java:setRaftConf(354)) - 27cb48db-4b88-4c0c-b213-19f9b2fffaff@group-7C23D55C331C: set configuration 0: [27cb48db-4b88-4c0c-b213-19f9b2fffaff:192.168.151.99:37457], old=null at 0
2019-09-26 19:36:21,716 [pool-271-thread-1] INFO  server.RaftServerConfigKeys (ConfUtils.java:logGet(43)) - raft.server.log.statemachine.data.sync = true (default)
2019-09-26 19:36:21,732 [728ea44c-f097-440a-a87e-c27a68d48f14@group-F880E3D0E1B1:LeaderElection1067] INFO  server.RaftServerConfigKeys (ConfUtils.java:logGet(43)) - raft.server.watch.element-limit = 65536 (default)
2019-09-26 19:36:21,732 [728ea44c-f097-440a-a87e-c27a68d48f14@group-E183B10AB6CB:LeaderElection1048] INFO  server.RaftServerConfigKeys (ConfUtils.java:logGet(43)) - raft.server.watch.timeout.denomination = 1s (default)
2019-09-26 19:36:21,732 [27cb48db-4b88-4c0c-b213-19f9b2fffaff@group-09D99E8196D1:LeaderElection1046] INFO  server.RaftServerConfigKeys (ConfUtils.java:logGet(43)) - raft.server.watch.timeout = 10s (default)
2019-09-26 19:36:21,732 [728ea44c-f097-440a-a87e-c27a68d48f14@group-D72684960A38:LeaderElection1047] INFO  server.RaftServerConfigKeys (ConfUtils.java:logGet(43)) - raft.server.watch.element-limit = 65536 (default)
2019-09-26 19:36:21,731 [27cb48db-4b88-4c0c-b213-19f9b2fffaff@group-DB740590083B:LeaderElection1038] INFO  server.RaftServerConfigKeys (ConfUtils.java:logGet(43)) - raft.server.watch.element-limit = 65536 (default)
2019-09-26 19:36:21,731 [27cb48db-4b88-4c0c-b213-19f9b2fffaff@group-71E8ECDACFBB:LeaderElection1044] INFO  segmented.SegmentedRaftLogWorker (SegmentedRaftLogWorker.java:startLogSegment(380)) - 27cb48db-4b88-4c0c-b213-19f9b2fffaff@group-71E8ECDACFBB-SegmentedRaftLogWorker: Starting segment from index:0
2019-09-26 19:36:21,731 [728ea44c-f097-440a-a87e-c27a68d48f14@group-AA65AE2DB801:LeaderElection1069] INFO  server.RaftServerConfigKeys (ConfUtils.java:logGet(43)) - raft.server.watch.timeout.denomination = 1s (default)
2019-09-26 19:36:21,731 [27cb48db-4b88-4c0c-b213-19f9b2fffaff@group-9E65EF7B6D20:LeaderElection1062] INFO  server.RaftServerConfigKeys (ConfUtils.java:logGet(43)) - raft.server.watch.element-limit = 65536 (default)
2019-09-26 19:36:21,730 [99aa1396-69c4-4985-9b2a-20430cc4a0a7@group-A669BF675AA0:LeaderElection1042] INFO  segmented.SegmentedRaftLogWorker (SegmentedRaftLogWorker.java:startLogSegment(380)) - 99aa1396-69c4-4985-9b2a-20430cc4a0a7@group-A669BF675AA0-SegmentedRaftLogWorker: Starting segment from index:0
2019-09-26 19:36:21,730 [27cb48db-4b88-4c0c-b213-19f9b2fffaff@group-8258851FBC6A:LeaderElection1031] INFO  impl.RaftServerImpl (ServerState.java:setRaftConf(354)) - 27cb48db-4b88-4c0c-b213-19f9b2fffaff@group-8258851FBC6A: set configuration 0: [27cb48db-4b88-4c0c-b213-19f9b2fffaff:192.168.151.99:37457], old=null at 0
2019-09-26 19:36:21,730 [728ea44c-f097-440a-a87e-c27a68d48f14@group-D1445E9B394A:LeaderElection1071] INFO  server.RaftServerConfigKeys (ConfUtils.java:logGet(43)) - raft.server.watch.timeout = 10s (default)
2019-09-26 19:36:21,730 [728ea44c-f097-440a-a87e-c27a68d48f14@group-6729514BE427:LeaderElection1043] INFO  segmented.SegmentedRaftLogWorker (SegmentedRaftLogWorker.java:startLogSegment(380)) - 728ea44c-f097-440a-a87e-c27a68d48f14@group-6729514BE427-SegmentedRaftLogWorker: Starting segment from index:0
2019-09-26 19:36:21,734 [27cb48db-4b88-4c0c-b213-19f9b2fffaff@group-D0AE5A240A11-SegmentedRaftLogWorker] ERROR segmented.SegmentedRaftLogWorker (SegmentedRaftLogWorker.java:run(323)) - 27cb48db-4b88-4c0c-b213-19f9b2fffaff@group-D0AE5A240A11-SegmentedRaftLogWorker hit exception
java.lang.OutOfMemoryError: Direct buffer memory
	at java.nio.Bits.reserveMemory(Bits.java:666)
	at java.nio.DirectByteBuffer.<init>(DirectByteBuffer.java:123)
	at java.nio.ByteBuffer.allocateDirect(ByteBuffer.java:311)
	at org.apache.ratis.server.raftlog.segmented.BufferedWriteChannel.<init>(BufferedWriteChannel.java:41)
	at org.apache.ratis.server.raftlog.segmented.SegmentedRaftLogOutputStream.<init>(SegmentedRaftLogOutputStream.java:72)
	at org.apache.ratis.server.raftlog.segmented.SegmentedRaftLogWorker$StartLogSegment.execute(SegmentedRaftLogWorker.java:566)
	at org.apache.ratis.server.raftlog.segmented.SegmentedRaftLogWorker.run(SegmentedRaftLogWorker.java:289)
	at java.lang.Thread.run(Thread.java:748)
2019-09-26 19:36:21,734 [27cb48db-4b88-4c0c-b213-19f9b2fffaff@group-D0AE5A240A11-SegmentedRaftLogWorker] INFO  impl.RaftServerImpl (RaftServerImpl.java:lambda$shutdown$3(251)) - 27cb48db-4b88-4c0c-b213-19f9b2fffaff@group-D0AE5A240A11: shutdown
2019-09-26 19:36:21,729 [27cb48db-4b88-4c0c-b213-19f9b2fffaff@group-CEE4714DA134:LeaderElection1041] INFO  impl.RaftServerImpl (ServerState.java:setRaftConf(354)) - 27cb48db-4b88-4c0c-b213-19f9b2fffaff@group-CEE4714DA134: set configuration 0: [27cb48db-4b88-4c0c-b213-19f9b2fffaff:192.168.151.99:37457], old=null at 0
2019-09-26 19:36:21,729 [728ea44c-f097-440a-a87e-c27a68d48f14@group-D069AE322CB2:LeaderElection1063] INFO  server.RaftServerConfigKeys (ConfUtils.java:logGet(43)) - raft.server.watch.timeout.denomination = 1s (default)
2019-09-26 19:36:21,729 [99aa1396-69c4-4985-9b2a-20430cc4a0a7@group-DD15D4C400D3:LeaderElection1065] INFO  server.RaftServerConfigKeys (ConfUtils.java:logGet(43)) - raft.server.watch.timeout.denomination = 1s (default)
2019-09-26 19:36:21,728 [728ea44c-f097-440a-a87e-c27a68d48f14@group-AF87B132B664:LeaderElection1070] INFO  server.RaftServerConfigKeys (ConfUtils.java:logGet(43)) - raft.server.watch.timeout.denomination = 1s (default)
2019-09-26 19:36:21,728 [728ea44c-f097-440a-a87e-c27a68d48f14@group-191D7D199588:LeaderElection1077] INFO  server.RaftServerConfigKeys (ConfUtils.java:logGet(43)) - raft.server.watch.timeout.denomination = 1s (default)
2019-09-26 19:36:21,728 [27cb48db-4b88-4c0c-b213-19f9b2fffaff@group-29622162AE5F:LeaderElection1053] INFO  impl.RaftServerImpl (ServerState.java:setRaftConf(354)) - 27cb48db-4b88-4c0c-b213-19f9b2fffaff@group-29622162AE5F: set configuration 0: [27cb48db-4b88-4c0c-b213-19f9b2fffaff:192.168.151.99:37457], old=null at 0
2019-09-26 19:36:21,728 [27cb48db-4b88-4c0c-b213-19f9b2fffaff@group-2FE92788FEB6:LeaderElection1056] INFO  impl.RaftServerImpl (ServerState.java:setRaftConf(354)) - 27cb48db-4b88-4c0c-b213-19f9b2fffaff@group-2FE92788FEB6: set configuration 0: [27cb48db-4b88-4c0c-b213-19f9b2fffaff:192.168.151.99:37457], old=null at 0
2019-09-26 19:36:21,728 [27cb48db-4b88-4c0c-b213-19f9b2fffaff@group-96D25400B53D:LeaderElection1076] INFO  server.RaftServerConfigKeys (ConfUtils.java:logGet(43)) - raft.server.watch.element-limit = 65536 (default)
2019-09-26 19:36:21,728 [99aa1396-69c4-4985-9b2a-20430cc4a0a7@group-870C395226EC:LeaderElection1064] INFO  server.RaftServerConfigKeys (ConfUtils.java:logGet(43)) - raft.server.watch.element-limit = 65536 (default)
2019-09-26 19:36:21,728 [27cb48db-4b88-4c0c-b213-19f9b2fffaff@group-C17EB1A95973:LeaderElection1035] INFO  server.RaftServerConfigKeys (ConfUtils.java:logGet(43)) - raft.server.watch.timeout.denomination = 1s (default)
2019-09-26 19:36:21,727 [27cb48db-4b88-4c0c-b213-19f9b2fffaff@group-089574044510:LeaderElection1066] INFO  server.RaftServerConfigKeys (ConfUtils.java:logGet(43)) - raft.server.watch.timeout.denomination = 1s (default)
2019-09-26 19:36:21,727 [728ea44c-f097-440a-a87e-c27a68d48f14@group-5F924A8F8ADB:LeaderElection1049] INFO  impl.RaftServerImpl (ServerState.java:setRaftConf(354)) - 728ea44c-f097-440a-a87e-c27a68d48f14@group-5F924A8F8ADB: set configuration 0: [728ea44c-f097-440a-a87e-c27a68d48f14:192.168.151.99:38783], old=null at 0
2019-09-26 19:36:21,727 [728ea44c-f097-440a-a87e-c27a68d48f14@group-88228B0D7AFD:LeaderElection1054] INFO  server.RaftServerConfigKeys (ConfUtils.java:logGet(43)) - raft.server.watch.timeout.denomination = 1s (default)
2019-09-26 19:36:21,736 [728ea44c-f097-440a-a87e-c27a68d48f14@group-88228B0D7AFD:LeaderElection1054] INFO  server.RaftServerConfigKeys (ConfUtils.java:logGet(43)) - raft.server.watch.element-limit = 65536 (default)
2019-09-26 19:36:21,727 [27cb48db-4b88-4c0c-b213-19f9b2fffaff@group-606A4401418B:LeaderElection1055] INFO  server.RaftServerConfigKeys (ConfUtils.java:logGet(43)) - raft.server.watch.element-limit = 65536 (default)
2019-09-26 19:36:21,726 [27cb48db-4b88-4c0c-b213-19f9b2fffaff@group-FB1248EB002D:LeaderElection1051] INFO  server.RaftServerConfigKeys (ConfUtils.java:logGet(43)) - raft.server.watch.timeout = 10s (default)
2019-09-26 19:36:21,726 [27cb48db-4b88-4c0c-b213-19f9b2fffaff@group-7EAA5414454D:LeaderElection1033] INFO  segmented.SegmentedRaftLogWorker (SegmentedRaftLogWorker.java:startLogSegment(380)) - 27cb48db-4b88-4c0c-b213-19f9b2fffaff@group-7EAA5414454D-SegmentedRaftLogWorker: Starting segment from index:0
2019-09-26 19:36:21,726 [27cb48db-4b88-4c0c-b213-19f9b2fffaff@group-4BF804B3BA25:LeaderElection1045] INFO  segmented.SegmentedRaftLogWorker (SegmentedRaftLogWorker.java:startLogSegment(380)) - 27cb48db-4b88-4c0c-b213-19f9b2fffaff@group-4BF804B3BA25-SegmentedRaftLogWorker: Starting segment from index:0
2019-09-26 19:36:21,726 [27cb48db-4b88-4c0c-b213-19f9b2fffaff@group-7EC36DED298A:LeaderElection1074] INFO  segmented.SegmentedRaftLogWorker (SegmentedRaftLogWorker.java:startLogSegment(380)) - 27cb48db-4b88-4c0c-b213-19f9b2fffaff@group-7EC36DED298A-SegmentedRaftLogWorker: Starting segment from index:0
2019-09-26 19:36:21,737 [27cb48db-4b88-4c0c-b213-19f9b2fffaff@group-7EAA5414454D:LeaderElection1033] INFO  impl.RaftServerImpl (ServerState.java:setRaftConf(354)) - 27cb48db-4b88-4c0c-b213-19f9b2fffaff@group-7EAA5414454D: set configuration 0: [27cb48db-4b88-4c0c-b213-19f9b2fffaff:192.168.151.99:37457], old=null at 0
2019-09-26 19:36:21,737 [27cb48db-4b88-4c0c-b213-19f9b2fffaff@group-4BF804B3BA25:LeaderElection1045] INFO  impl.RaftServerImpl (ServerState.java:setRaftConf(354)) - 27cb48db-4b88-4c0c-b213-19f9b2fffaff@group-4BF804B3BA25: set configuration 0: [27cb48db-4b88-4c0c-b213-19f9b2fffaff:192.168.151.99:37457], old=null at 0
2019-09-26 19:36:21,737 [27cb48db-4b88-4c0c-b213-19f9b2fffaff@group-FB1248EB002D:LeaderElection1051] INFO  server.RaftServerConfigKeys (ConfUtils.java:logGet(43)) - raft.server.watch.timeout.denomination = 1s (default)
2019-09-26 19:36:21,737 [27cb48db-4b88-4c0c-b213-19f9b2fffaff@group-FB1248EB002D:LeaderElection1051] INFO  server.RaftServerConfigKeys (ConfUtils.java:logGet(43)) - raft.server.watch.element-limit = 65536 (default)
2019-09-26 19:36:21,736 [27cb48db-4b88-4c0c-b213-19f9b2fffaff@group-0E7151963C0C:LeaderElection1068] INFO  impl.RoleInfo (RoleInfo.java:updateAndGet(143)) - 27cb48db-4b88-4c0c-b213-19f9b2fffaff: start LeaderState
2019-09-26 19:36:21,736 [27cb48db-4b88-4c0c-b213-19f9b2fffaff@group-089574044510:LeaderElection1066] INFO  server.RaftServerConfigKeys (ConfUtils.java:logGet(43)) - raft.server.watch.element-limit = 65536 (default)
2019-09-26 19:36:21,736 [27cb48db-4b88-4c0c-b213-19f9b2fffaff@group-C17EB1A95973:LeaderElection1035] INFO  server.RaftServerConfigKeys (ConfUtils.java:logGet(43)) - raft.server.watch.element-limit = 65536 (default)
2019-09-26 19:36:21,735 [728ea44c-f097-440a-a87e-c27a68d48f14@group-191D7D199588:LeaderElection1077] INFO  server.RaftServerConfigKeys (ConfUtils.java:logGet(43)) - raft.server.watch.element-limit = 65536 (default)
2019-09-26 19:36:21,735 [728ea44c-f097-440a-a87e-c27a68d48f14@group-AF87B132B664:LeaderElection1070] INFO  server.RaftServerConfigKeys (ConfUtils.java:logGet(43)) - raft.server.watch.element-limit = 65536 (default)
2019-09-26 19:36:21,735 [99aa1396-69c4-4985-9b2a-20430cc4a0a7@group-DD15D4C400D3:LeaderElection1065] INFO  server.RaftServerConfigKeys (ConfUtils.java:logGet(43)) - raft.server.watch.element-limit = 65536 (default)
2019-09-26 19:36:21,735 [27cb48db-4b88-4c0c-b213-19f9b2fffaff@group-D0AE5A240A11-SegmentedRaftLogWorker] INFO  util.JmxRegister (JmxRegister.java:unregister(73)) - Successfully un-registered JMX Bean with object name Ratis:service=RaftServer,group=group-D0AE5A240A11,id=27cb48db-4b88-4c0c-b213-19f9b2fffaff
2019-09-26 19:36:21,738 [27cb48db-4b88-4c0c-b213-19f9b2fffaff@group-D0AE5A240A11-SegmentedRaftLogWorker] INFO  impl.RoleInfo (RoleInfo.java:shutdownLeaderState(104)) - 27cb48db-4b88-4c0c-b213-19f9b2fffaff: shutdown LeaderState
2019-09-26 19:36:21,735 [728ea44c-f097-440a-a87e-c27a68d48f14@group-D069AE322CB2:LeaderElection1063] INFO  server.RaftServerConfigKeys (ConfUtils.java:logGet(43)) - raft.server.watch.element-limit = 65536 (default)
2019-09-26 19:36:21,734 [728ea44c-f097-440a-a87e-c27a68d48f14@group-6729514BE427:LeaderElection1043] INFO  impl.RaftServerImpl (ServerState.java:setRaftConf(354)) - 728ea44c-f097-440a-a87e-c27a68d48f14@group-6729514BE427: set configuration 0: [728ea44c-f097-440a-a87e-c27a68d48f14:192.168.151.99:38783], old=null at 0
2019-09-26 19:36:21,734 [728ea44c-f097-440a-a87e-c27a68d48f14@group-09E478195B44-SegmentedRaftLogWorker] ERROR segmented.SegmentedRaftLogWorker (SegmentedRaftLogWorker.java:run(323)) - 728ea44c-f097-440a-a87e-c27a68d48f14@group-09E478195B44-SegmentedRaftLogWorker hit exception
java.lang.OutOfMemoryError: Direct buffer memory
	at java.nio.Bits.reserveMemory(Bits.java:666)
	at java.nio.DirectByteBuffer.<init>(DirectByteBuffer.java:123)
	at java.nio.ByteBuffer.allocateDirect(ByteBuffer.java:311)
	at org.apache.ratis.server.raftlog.segmented.BufferedWriteChannel.<init>(BufferedWriteChannel.java:41)
	at org.apache.ratis.server.raftlog.segmented.SegmentedRaftLogOutputStream.<init>(SegmentedRaftLogOutputStream.java:72)
	at org.apache.ratis.server.raftlog.segmented.SegmentedRaftLogWorker$StartLogSegment.execute(SegmentedRaftLogWorker.java:566)
	at org.apache.ratis.server.raftlog.segmented.SegmentedRaftLogWorker.run(SegmentedRaftLogWorker.java:289)
	at java.lang.Thread.run(Thread.java:748)
2019-09-26 19:36:21,734 [27cb48db-4b88-4c0c-b213-19f9b2fffaff@group-656C4891FD7A-SegmentedRaftLogWorker] ERROR segmented.SegmentedRaftLogWorker (SegmentedRaftLogWorker.java:run(323)) - 27cb48db-4b88-4c0c-b213-19f9b2fffaff@group-656C4891FD7A-SegmentedRaftLogWorker hit exception
java.lang.OutOfMemoryError: Direct buffer memory
	at java.nio.Bits.reserveMemory(Bits.java:666)
	at java.nio.DirectByteBuffer.<init>(DirectByteBuffer.java:123)
	at java.nio.ByteBuffer.allocateDirect(ByteBuffer.java:311)
	at org.apache.ratis.server.raftlog.segmented.BufferedWriteChannel.<init>(BufferedWriteChannel.java:41)
	at org.apache.ratis.server.raftlog.segmented.SegmentedRaftLogOutputStream.<init>(SegmentedRaftLogOutputStream.java:72)
	at org.apache.ratis.server.raftlog.segmented.SegmentedRaftLogWorker$StartLogSegment.execute(SegmentedRaftLogWorker.java:566)
	at org.apache.ratis.server.raftlog.segmented.SegmentedRaftLogWorker.run(SegmentedRaftLogWorker.java:289)
	at java.lang.Thread.run(Thread.java:748)
2019-09-26 19:36:21,739 [27cb48db-4b88-4c0c-b213-19f9b2fffaff@group-656C4891FD7A-SegmentedRaftLogWorker] INFO  impl.RaftServerImpl (RaftServerImpl.java:lambda$shutdown$3(251)) - 27cb48db-4b88-4c0c-b213-19f9b2fffaff@group-656C4891FD7A: shutdown
2019-09-26 19:36:21,734 [99aa1396-69c4-4985-9b2a-20430cc4a0a7@group-BA736CDCA3E4-SegmentedRaftLogWorker] ERROR segmented.SegmentedRaftLogWorker (SegmentedRaftLogWorker.java:run(323)) - 99aa1396-69c4-4985-9b2a-20430cc4a0a7@group-BA736CDCA3E4-SegmentedRaftLogWorker hit exception
java.lang.OutOfMemoryError: Direct buffer memory
	at java.nio.Bits.reserveMemory(Bits.java:666)
	at java.nio.DirectByteBuffer.<init>(DirectByteBuffer.java:123)
	at java.nio.ByteBuffer.allocateDirect(ByteBuffer.java:311)
	at org.apache.ratis.server.raftlog.segmented.BufferedWriteChannel.<init>(BufferedWriteChannel.java:41)
	at org.apache.ratis.server.raftlog.segmented.SegmentedRaftLogOutputStream.<init>(SegmentedRaftLogOutputStream.java:72)
	at org.apache.ratis.server.raftlog.segmented.SegmentedRaftLogWorker$StartLogSegment.execute(SegmentedRaftLogWorker.java:566)
	at org.apache.ratis.server.raftlog.segmented.SegmentedRaftLogWorker.run(SegmentedRaftLogWorker.java:289)
	at java.lang.Thread.run(Thread.java:748)
2019-09-26 19:36:21,740 [99aa1396-69c4-4985-9b2a-20430cc4a0a7@group-BA736CDCA3E4-SegmentedRaftLogWorker] INFO  impl.RaftServerImpl (RaftServerImpl.java:lambda$shutdown$3(251)) - 99aa1396-69c4-4985-9b2a-20430cc4a0a7@group-BA736CDCA3E4: shutdown
2019-09-26 19:36:21,734 [99aa1396-69c4-4985-9b2a-20430cc4a0a7@group-A669BF675AA0:LeaderElection1042] INFO  impl.RaftServerImpl (ServerState.java:setRaftConf(354)) - 99aa1396-69c4-4985-9b2a-20430cc4a0a7@group-A669BF675AA0: set configuration 0: [99aa1396-69c4-4985-9b2a-20430cc4a0a7:192.168.151.99:40213], old=null at 0
2019-09-26 19:36:21,734 [728ea44c-f097-440a-a87e-c27a68d48f14@group-D1445E9B394A:LeaderElection1071] INFO  server.RaftServerConfigKeys (ConfUtils.java:logGet(43)) - raft.server.watch.timeout.denomination = 1s (default)
2019-09-26 19:36:21,733 [27cb48db-4b88-4c0c-b213-19f9b2fffaff@group-71E8ECDACFBB:LeaderElection1044] INFO  impl.RaftServerImpl (ServerState.java:setRaftConf(354)) - 27cb48db-4b88-4c0c-b213-19f9b2fffaff@group-71E8ECDACFBB: set configuration 0: [27cb48db-4b88-4c0c-b213-19f9b2fffaff:192.168.151.99:37457], old=null at 0
2019-09-26 19:36:21,733 [728ea44c-f097-440a-a87e-c27a68d48f14@group-AA65AE2DB801:LeaderElection1069] INFO  server.RaftServerConfigKeys (ConfUtils.java:logGet(43)) - raft.server.watch.element-limit = 65536 (default)
2019-09-26 19:36:21,733 [728ea44c-f097-440a-a87e-c27a68d48f14@group-AF2925BA2B4F:LeaderElection1058] INFO  impl.RoleInfo (RoleInfo.java:updateAndGet(143)) - 728ea44c-f097-440a-a87e-c27a68d48f14: start LeaderState
2019-09-26 19:36:21,733 [27cb48db-4b88-4c0c-b213-19f9b2fffaff@group-09D99E8196D1:LeaderElection1046] INFO  server.RaftServerConfigKeys (ConfUtils.java:logGet(43)) - raft.server.watch.timeout.denomination = 1s (default)
2019-09-26 19:36:21,733 [728ea44c-f097-440a-a87e-c27a68d48f14@group-E183B10AB6CB:LeaderElection1048] INFO  server.RaftServerConfigKeys (ConfUtils.java:logGet(43)) - raft.server.watch.element-limit = 65536 (default)
2019-09-26 19:36:21,732 [pool-271-thread-1] INFO  server.RaftServerConfigKeys (ConfUtils.java:logGet(43)) - raft.server.log.statemachine.data.sync.timeout = 10s (default)
2019-09-26 19:36:21,741 [99aa1396-69c4-4985-9b2a-20430cc4a0a7@group-BA736CDCA3E4-SegmentedRaftLogWorker] INFO  util.JmxRegister (JmxRegister.java:unregister(73)) - Successfully un-registered JMX Bean with object name Ratis:service=RaftServer,group=group-BA736CDCA3E4,id=99aa1396-69c4-4985-9b2a-20430cc4a0a7
2019-09-26 19:36:21,741 [27cb48db-4b88-4c0c-b213-19f9b2fffaff@group-09D99E8196D1:LeaderElection1046] INFO  server.RaftServerConfigKeys (ConfUtils.java:logGet(43)) - raft.server.watch.element-limit = 65536 (default)
2019-09-26 19:36:21,740 [728ea44c-f097-440a-a87e-c27a68d48f14@group-AF2925BA2B4F:LeaderElection1058] INFO  segmented.SegmentedRaftLogWorker (SegmentedRaftLogWorker.java:startLogSegment(380)) - 728ea44c-f097-440a-a87e-c27a68d48f14@group-AF2925BA2B4F-SegmentedRaftLogWorker: Starting segment from index:0
2019-09-26 19:36:21,740 [27cb48db-4b88-4c0c-b213-19f9b2fffaff@group-656C4891FD7A-SegmentedRaftLogWorker] INFO  util.JmxRegister (JmxRegister.java:unregister(73)) - Successfully un-registered JMX Bean with object name Ratis:service=RaftServer,group=group-656C4891FD7A,id=27cb48db-4b88-4c0c-b213-19f9b2fffaff
2019-09-26 19:36:21,741 [27cb48db-4b88-4c0c-b213-19f9b2fffaff@group-656C4891FD7A-SegmentedRaftLogWorker] INFO  impl.RoleInfo (RoleInfo.java:shutdownLeaderState(104)) - 27cb48db-4b88-4c0c-b213-19f9b2fffaff: shutdown LeaderState
2019-09-26 19:36:21,740 [728ea44c-f097-440a-a87e-c27a68d48f14@group-D1445E9B394A:LeaderElection1071] INFO  server.RaftServerConfigKeys (ConfUtils.java:logGet(43)) - raft.server.watch.element-limit = 65536 (default)
2019-09-26 19:36:21,739 [728ea44c-f097-440a-a87e-c27a68d48f14@group-09E478195B44-SegmentedRaftLogWorker] INFO  impl.RaftServerImpl (RaftServerImpl.java:lambda$shutdown$3(251)) - 728ea44c-f097-440a-a87e-c27a68d48f14@group-09E478195B44: shutdown
2019-09-26 19:36:21,739 [27cb48db-4b88-4c0c-b213-19f9b2fffaff@group-D0AE5A240A11-SegmentedRaftLogWorker] INFO  impl.PendingRequests (PendingRequests.java:sendNotLeaderResponses(202)) - 27cb48db-4b88-4c0c-b213-19f9b2fffaff-PendingRequests: sendNotLeaderResponses
2019-09-26 19:36:21,738 [27cb48db-4b88-4c0c-b213-19f9b2fffaff@group-0E7151963C0C:LeaderElection1068] INFO  segmented.SegmentedRaftLogWorker (SegmentedRaftLogWorker.java:startLogSegment(380)) - 27cb48db-4b88-4c0c-b213-19f9b2fffaff@group-0E7151963C0C-SegmentedRaftLogWorker: Starting segment from index:0
2019-09-26 19:36:21,737 [27cb48db-4b88-4c0c-b213-19f9b2fffaff@group-7EC36DED298A:LeaderElection1074] INFO  impl.RaftServerImpl (ServerState.java:setRaftConf(354)) - 27cb48db-4b88-4c0c-b213-19f9b2fffaff@group-7EC36DED298A: set configuration 0: [27cb48db-4b88-4c0c-b213-19f9b2fffaff:192.168.151.99:37457], old=null at 0
2019-09-26 19:36:21,742 [27cb48db-4b88-4c0c-b213-19f9b2fffaff@group-D0AE5A240A11-SegmentedRaftLogWorker] INFO  impl.StateMachineUpdater (StateMachineUpdater.java:stopAndJoin(125)) - 27cb48db-4b88-4c0c-b213-19f9b2fffaff@group-D0AE5A240A11-StateMachineUpdater: set stopIndex = -1
2019-09-26 19:36:21,741 [27cb48db-4b88-4c0c-b213-19f9b2fffaff@group-656C4891FD7A-SegmentedRaftLogWorker] INFO  impl.PendingRequests (PendingRequests.java:sendNotLeaderResponses(202)) - 27cb48db-4b88-4c0c-b213-19f9b2fffaff-PendingRequests: sendNotLeaderResponses
2019-09-26 19:36:21,741 [728ea44c-f097-440a-a87e-c27a68d48f14@group-AF2925BA2B4F:LeaderElection1058] INFO  impl.RaftServerImpl (ServerState.java:setRaftConf(354)) - 728ea44c-f097-440a-a87e-c27a68d48f14@group-AF2925BA2B4F: set configuration 0: [728ea44c-f097-440a-a87e-c27a68d48f14:192.168.151.99:38783], old=null at 0
2019-09-26 19:36:21,741 [99aa1396-69c4-4985-9b2a-20430cc4a0a7@group-BA736CDCA3E4-SegmentedRaftLogWorker] INFO  impl.RoleInfo (RoleInfo.java:shutdownLeaderState(104)) - 99aa1396-69c4-4985-9b2a-20430cc4a0a7: shutdown LeaderState
2019-09-26 19:36:21,741 [pool-271-thread-1] INFO  server.RaftServerConfigKeys (ConfUtils.java:logGet(43)) - raft.server.log.statemachine.data.sync.timeout.retry = -1 (default)
2019-09-26 19:36:21,743 [99aa1396-69c4-4985-9b2a-20430cc4a0a7@group-BA736CDCA3E4-SegmentedRaftLogWorker] INFO  impl.PendingRequests (PendingRequests.java:sendNotLeaderResponses(202)) - 99aa1396-69c4-4985-9b2a-20430cc4a0a7-PendingRequests: sendNotLeaderResponses
2019-09-26 19:36:21,742 [27cb48db-4b88-4c0c-b213-19f9b2fffaff@group-656C4891FD7A-SegmentedRaftLogWorker] INFO  impl.StateMachineUpdater (StateMachineUpdater.java:stopAndJoin(125)) - 27cb48db-4b88-4c0c-b213-19f9b2fffaff@group-656C4891FD7A-StateMachineUpdater: set stopIndex = -1
2019-09-26 19:36:21,742 [27cb48db-4b88-4c0c-b213-19f9b2fffaff@group-D0AE5A240A11-SegmentedRaftLogWorker] INFO  impl.RaftServerImpl (ServerState.java:close(385)) - 27cb48db-4b88-4c0c-b213-19f9b2fffaff@group-D0AE5A240A11: closes. applyIndex: -1
2019-09-26 19:36:21,742 [27cb48db-4b88-4c0c-b213-19f9b2fffaff@group-0E7151963C0C:LeaderElection1068] INFO  impl.RaftServerImpl (ServerState.java:setRaftConf(354)) - 27cb48db-4b88-4c0c-b213-19f9b2fffaff@group-0E7151963C0C: set configuration 0: [27cb48db-4b88-4c0c-b213-19f9b2fffaff:192.168.151.99:37457], old=null at 0
2019-09-26 19:36:21,743 [27cb48db-4b88-4c0c-b213-19f9b2fffaff@group-D0AE5A240A11-SegmentedRaftLogWorker] INFO  segmented.SegmentedRaftLogWorker (SegmentedRaftLogWorker.java:close(228)) - 27cb48db-4b88-4c0c-b213-19f9b2fffaff@group-D0AE5A240A11-SegmentedRaftLogWorker close()
2019-09-26 19:36:21,743 [27cb48db-4b88-4c0c-b213-19f9b2fffaff@group-656C4891FD7A-SegmentedRaftLogWorker] INFO  impl.RaftServerImpl (ServerState.java:close(385)) - 27cb48db-4b88-4c0c-b213-19f9b2fffaff@group-656C4891FD7A: closes. applyIndex: -1
2019-09-26 19:36:21,743 [99aa1396-69c4-4985-9b2a-20430cc4a0a7@group-BA736CDCA3E4-SegmentedRaftLogWorker] INFO  impl.StateMachineUpdater (StateMachineUpdater.java:stopAndJoin(125)) - 99aa1396-69c4-4985-9b2a-20430cc4a0a7@group-BA736CDCA3E4-StateMachineUpdater: set stopIndex = -1
2019-09-26 19:36:21,743 [728ea44c-f097-440a-a87e-c27a68d48f14@group-09E478195B44-SegmentedRaftLogWorker] INFO  util.JmxRegister (JmxRegister.java:unregister(73)) - Successfully un-registered JMX Bean with object name Ratis:service=RaftServer,group=group-09E478195B44,id=728ea44c-f097-440a-a87e-c27a68d48f14
2019-09-26 19:36:21,743 [pool-271-thread-1] INFO  server.RaftServerConfigKeys (ConfUtils.java:logGet(43)) - raft.server.log.statemachine.data.caching.enabled = true (custom)
2019-09-26 19:36:21,744 [728ea44c-f097-440a-a87e-c27a68d48f14@group-09E478195B44-SegmentedRaftLogWorker] INFO  impl.RoleInfo (RoleInfo.java:shutdownLeaderState(104)) - 728ea44c-f097-440a-a87e-c27a68d48f14: shutdown LeaderState
2019-09-26 19:36:21,744 [99aa1396-69c4-4985-9b2a-20430cc4a0a7@group-BA736CDCA3E4-SegmentedRaftLogWorker] INFO  impl.RaftServerImpl (ServerState.java:close(385)) - 99aa1396-69c4-4985-9b2a-20430cc4a0a7@group-BA736CDCA3E4: closes. applyIndex: -1
2019-09-26 19:36:21,744 [27cb48db-4b88-4c0c-b213-19f9b2fffaff@group-656C4891FD7A-SegmentedRaftLogWorker] INFO  segmented.SegmentedRaftLogWorker (SegmentedRaftLogWorker.java:close(228)) - 27cb48db-4b88-4c0c-b213-19f9b2fffaff@group-656C4891FD7A-SegmentedRaftLogWorker close()
2019-09-26 19:36:21,744 [99aa1396-69c4-4985-9b2a-20430cc4a0a7@group-BA736CDCA3E4-SegmentedRaftLogWorker] INFO  segmented.SegmentedRaftLogWorker (SegmentedRaftLogWorker.java:close(228)) - 99aa1396-69c4-4985-9b2a-20430cc4a0a7@group-BA736CDCA3E4-SegmentedRaftLogWorker close()
2019-09-26 19:36:21,744 [728ea44c-f097-440a-a87e-c27a68d48f14@group-09E478195B44-SegmentedRaftLogWorker] INFO  impl.PendingRequests (PendingRequests.java:sendNotLeaderResponses(202)) - 728ea44c-f097-440a-a87e-c27a68d48f14-PendingRequests: sendNotLeaderResponses
2019-09-26 19:36:21,744 [pool-271-thread-1] INFO  segmented.SegmentedRaftLogWorker (SegmentedRaftLogWorker.java:lambda$new$0(132)) - 728ea44c-f097-440a-a87e-c27a68d48f14@group-CD4A2BA5F1A2-SegmentedRaftLogWorker: flushIndex: setUnconditionally 0 -> -1
2019-09-26 19:36:21,744 [728ea44c-f097-440a-a87e-c27a68d48f14@group-09E478195B44-SegmentedRaftLogWorker] INFO  impl.StateMachineUpdater (StateMachineUpdater.java:stopAndJoin(125)) - 728ea44c-f097-440a-a87e-c27a68d48f14@group-09E478195B44-StateMachineUpdater: set stopIndex = -1
2019-09-26 19:36:21,745 [728ea44c-f097-440a-a87e-c27a68d48f14@group-09E478195B44-SegmentedRaftLogWorker] INFO  impl.RaftServerImpl (ServerState.java:close(385)) - 728ea44c-f097-440a-a87e-c27a68d48f14@group-09E478195B44: closes. applyIndex: -1
2019-09-26 19:36:21,745 [pool-271-thread-1] INFO  server.RaftServerConfigKeys (ConfUtils.java:logGet(43)) - raft.server.snapshot.auto.trigger.enabled = true (custom)
2019-09-26 19:36:21,745 [728ea44c-f097-440a-a87e-c27a68d48f14@group-09E478195B44-SegmentedRaftLogWorker] INFO  segmented.SegmentedRaftLogWorker (SegmentedRaftLogWorker.java:close(228)) - 728ea44c-f097-440a-a87e-c27a68d48f14@group-09E478195B44-SegmentedRaftLogWorker close()
2019-09-26 19:36:21,745 [728ea44c-f097-440a-a87e-c27a68d48f14@group-E8DCF40579B6:LeaderElection1060] INFO  impl.RoleInfo (RoleInfo.java:updateAndGet(143)) - 728ea44c-f097-440a-a87e-c27a68d48f14: start LeaderState
2019-09-26 19:36:21,745 [pool-271-thread-1] INFO  server.RaftServerConfigKeys (ConfUtils.java:logGet(43)) - raft.server.snapshot.auto.trigger.threshold = 10000 (custom)
2019-09-26 19:36:21,745 [728ea44c-f097-440a-a87e-c27a68d48f14@group-E8DCF40579B6:LeaderElection1060] INFO  segmented.SegmentedRaftLogWorker (SegmentedRaftLogWorker.java:startLogSegment(380)) - 728ea44c-f097-440a-a87e-c27a68d48f14@group-E8DCF40579B6-SegmentedRaftLogWorker: Starting segment from index:0
2019-09-26 19:36:21,745 [pool-271-thread-1] INFO  server.RaftServerConfigKeys (ConfUtils.java:logGet(43)) - raft.server.snapshot.retention.num.files = 5 (custom)
2019-09-26 19:36:21,745 [728ea44c-f097-440a-a87e-c27a68d48f14@group-E8DCF40579B6:LeaderElection1060] INFO  impl.RaftServerImpl (ServerState.java:setRaftConf(354)) - 728ea44c-f097-440a-a87e-c27a68d48f14@group-E8DCF40579B6: set configuration 0: [728ea44c-f097-440a-a87e-c27a68d48f14:192.168.151.99:38783], old=null at 0
2019-09-26 19:36:21,746 [pool-271-thread-1] INFO  server.RaftServerConfigKeys (ConfUtils.java:logGet(43)) - raft.server.retrycache.expirytime = 600000ms (custom)
2019-09-26 19:36:21,746 [99aa1396-69c4-4985-9b2a-20430cc4a0a7@group-5BC89FBB8EDB:LeaderElection1061] INFO  impl.RoleInfo (RoleInfo.java:updateAndGet(143)) - 99aa1396-69c4-4985-9b2a-20430cc4a0a7: start LeaderState
2019-09-26 19:36:21,746 [99aa1396-69c4-4985-9b2a-20430cc4a0a7@group-5BC89FBB8EDB:LeaderElection1061] INFO  segmented.SegmentedRaftLogWorker (SegmentedRaftLogWorker.java:startLogSegment(380)) - 99aa1396-69c4-4985-9b2a-20430cc4a0a7@group-5BC89FBB8EDB-SegmentedRaftLogWorker: Starting segment from index:0
2019-09-26 19:36:21,747 [99aa1396-69c4-4985-9b2a-20430cc4a0a7@group-5BC89FBB8EDB:LeaderElection1061] INFO  impl.RaftServerImpl (ServerState.java:setRaftConf(354)) - 99aa1396-69c4-4985-9b2a-20430cc4a0a7@group-5BC89FBB8EDB: set configuration 0: [99aa1396-69c4-4985-9b2a-20430cc4a0a7:192.168.151.99:40213], old=null at 0
2019-09-26 19:36:21,748 [728ea44c-f097-440a-a87e-c27a68d48f14@group-CE4E9F883499:LeaderElection1059] INFO  impl.RoleInfo (RoleInfo.java:updateAndGet(143)) - 728ea44c-f097-440a-a87e-c27a68d48f14: start LeaderState
2019-09-26 19:36:21,748 [728ea44c-f097-440a-a87e-c27a68d48f14@group-CE4E9F883499:LeaderElection1059] INFO  segmented.SegmentedRaftLogWorker (SegmentedRaftLogWorker.java:startLogSegment(380)) - 728ea44c-f097-440a-a87e-c27a68d48f14@group-CE4E9F883499-SegmentedRaftLogWorker: Starting segment from index:0
2019-09-26 19:36:21,748 [728ea44c-f097-440a-a87e-c27a68d48f14@group-CE4E9F883499:LeaderElection1059] INFO  impl.RaftServerImpl (ServerState.java:setRaftConf(354)) - 728ea44c-f097-440a-a87e-c27a68d48f14@group-CE4E9F883499: set configuration 0: [728ea44c-f097-440a-a87e-c27a68d48f14:192.168.151.99:38783], old=null at 0
2019-09-26 19:36:21,755 [728ea44c-f097-440a-a87e-c27a68d48f14@group-F880E3D0E1B1:LeaderElection1067] INFO  impl.RoleInfo (RoleInfo.java:updateAndGet(143)) - 728ea44c-f097-440a-a87e-c27a68d48f14: start LeaderState
2019-09-26 19:36:21,755 [728ea44c-f097-440a-a87e-c27a68d48f14@group-F880E3D0E1B1:LeaderElection1067] INFO  segmented.SegmentedRaftLogWorker (SegmentedRaftLogWorker.java:startLogSegment(380)) - 728ea44c-f097-440a-a87e-c27a68d48f14@group-F880E3D0E1B1-SegmentedRaftLogWorker: Starting segment from index:0
2019-09-26 19:36:21,756 [728ea44c-f097-440a-a87e-c27a68d48f14@group-F880E3D0E1B1:LeaderElection1067] INFO  impl.RaftServerImpl (ServerState.java:setRaftConf(354)) - 728ea44c-f097-440a-a87e-c27a68d48f14@group-F880E3D0E1B1: set configuration 0: [728ea44c-f097-440a-a87e-c27a68d48f14:192.168.151.99:38783], old=null at 0
2019-09-26 19:36:21,756 [728ea44c-f097-440a-a87e-c27a68d48f14@group-D72684960A38:LeaderElection1047] INFO  impl.RoleInfo (RoleInfo.java:updateAndGet(143)) - 728ea44c-f097-440a-a87e-c27a68d48f14: start LeaderState
2019-09-26 19:36:21,756 [728ea44c-f097-440a-a87e-c27a68d48f14@group-D72684960A38:LeaderElection1047] INFO  segmented.SegmentedRaftLogWorker (SegmentedRaftLogWorker.java:startLogSegment(380)) - 728ea44c-f097-440a-a87e-c27a68d48f14@group-D72684960A38-SegmentedRaftLogWorker: Starting segment from index:0
2019-09-26 19:36:21,757 [728ea44c-f097-440a-a87e-c27a68d48f14@group-D72684960A38:LeaderElection1047] INFO  impl.RaftServerImpl (ServerState.java:setRaftConf(354)) - 728ea44c-f097-440a-a87e-c27a68d48f14@group-D72684960A38: set configuration 0: [728ea44c-f097-440a-a87e-c27a68d48f14:192.168.151.99:38783], old=null at 0
2019-09-26 19:36:21,758 [27cb48db-4b88-4c0c-b213-19f9b2fffaff@group-DB740590083B:LeaderElection1038] INFO  impl.RoleInfo (RoleInfo.java:updateAndGet(143)) - 27cb48db-4b88-4c0c-b213-19f9b2fffaff: start LeaderState
2019-09-26 19:36:21,758 [27cb48db-4b88-4c0c-b213-19f9b2fffaff@group-DB740590083B:LeaderElection1038] INFO  segmented.SegmentedRaftLogWorker (SegmentedRaftLogWorker.java:startLogSegment(380)) - 27cb48db-4b88-4c0c-b213-19f9b2fffaff@group-DB740590083B-SegmentedRaftLogWorker: Starting segment from index:0
2019-09-26 19:36:21,758 [27cb48db-4b88-4c0c-b213-19f9b2fffaff@group-DB740590083B:LeaderElection1038] INFO  impl.RaftServerImpl (ServerState.java:setRaftConf(354)) - 27cb48db-4b88-4c0c-b213-19f9b2fffaff@group-DB740590083B: set configuration 0: [27cb48db-4b88-4c0c-b213-19f9b2fffaff:192.168.151.99:37457], old=null at 0
2019-09-26 19:36:21,758 [27cb48db-4b88-4c0c-b213-19f9b2fffaff@group-9E65EF7B6D20:LeaderElection1062] INFO  impl.RoleInfo (RoleInfo.java:updateAndGet(143)) - 27cb48db-4b88-4c0c-b213-19f9b2fffaff: start LeaderState
2019-09-26 19:36:21,758 [27cb48db-4b88-4c0c-b213-19f9b2fffaff@group-9E65EF7B6D20:LeaderElection1062] INFO  segmented.SegmentedRaftLogWorker (SegmentedRaftLogWorker.java:startLogSegment(380)) - 27cb48db-4b88-4c0c-b213-19f9b2fffaff@group-9E65EF7B6D20-SegmentedRaftLogWorker: Starting segment from index:0
2019-09-26 19:36:21,759 [27cb48db-4b88-4c0c-b213-19f9b2fffaff@group-9E65EF7B6D20:LeaderElection1062] INFO  impl.RaftServerImpl (ServerState.java:setRaftConf(354)) - 27cb48db-4b88-4c0c-b213-19f9b2fffaff@group-9E65EF7B6D20: set configuration 0: [27cb48db-4b88-4c0c-b213-19f9b2fffaff:192.168.151.99:37457], old=null at 0
2019-09-26 19:36:21,762 [27cb48db-4b88-4c0c-b213-19f9b2fffaff@group-96D25400B53D:LeaderElection1076] INFO  impl.RoleInfo (RoleInfo.java:updateAndGet(143)) - 27cb48db-4b88-4c0c-b213-19f9b2fffaff: start LeaderState
2019-09-26 19:36:21,762 [27cb48db-4b88-4c0c-b213-19f9b2fffaff@group-96D25400B53D:LeaderElection1076] INFO  segmented.SegmentedRaftLogWorker (SegmentedRaftLogWorker.java:startLogSegment(380)) - 27cb48db-4b88-4c0c-b213-19f9b2fffaff@group-96D25400B53D-SegmentedRaftLogWorker: Starting segment from index:0
2019-09-26 19:36:21,763 [99aa1396-69c4-4985-9b2a-20430cc4a0a7@group-870C395226EC:LeaderElection1064] INFO  impl.RoleInfo (RoleInfo.java:updateAndGet(143)) - 99aa1396-69c4-4985-9b2a-20430cc4a0a7: start LeaderState
2019-09-26 19:36:21,763 [27cb48db-4b88-4c0c-b213-19f9b2fffaff@group-96D25400B53D:LeaderElection1076] INFO  impl.RaftServerImpl (ServerState.java:setRaftConf(354)) - 27cb48db-4b88-4c0c-b213-19f9b2fffaff@group-96D25400B53D: set configuration 0: [27cb48db-4b88-4c0c-b213-19f9b2fffaff:192.168.151.99:37457], old=null at 0
2019-09-26 19:36:21,763 [99aa1396-69c4-4985-9b2a-20430cc4a0a7@group-870C395226EC:LeaderElection1064] INFO  segmented.SegmentedRaftLogWorker (SegmentedRaftLogWorker.java:startLogSegment(380)) - 99aa1396-69c4-4985-9b2a-20430cc4a0a7@group-870C395226EC-SegmentedRaftLogWorker: Starting segment from index:0
2019-09-26 19:36:21,763 [99aa1396-69c4-4985-9b2a-20430cc4a0a7@group-870C395226EC:LeaderElection1064] INFO  impl.RaftServerImpl (ServerState.java:setRaftConf(354)) - 99aa1396-69c4-4985-9b2a-20430cc4a0a7@group-870C395226EC: set configuration 0: [99aa1396-69c4-4985-9b2a-20430cc4a0a7:192.168.151.99:40213], old=null at 0
2019-09-26 19:36:21,764 [728ea44c-f097-440a-a87e-c27a68d48f14@group-88228B0D7AFD:LeaderElection1054] INFO  impl.RoleInfo (RoleInfo.java:updateAndGet(143)) - 728ea44c-f097-440a-a87e-c27a68d48f14: start LeaderState
2019-09-26 19:36:21,764 [728ea44c-f097-440a-a87e-c27a68d48f14@group-88228B0D7AFD:LeaderElection1054] INFO  segmented.SegmentedRaftLogWorker (SegmentedRaftLogWorker.java:startLogSegment(380)) - 728ea44c-f097-440a-a87e-c27a68d48f14@group-88228B0D7AFD-SegmentedRaftLogWorker: Starting segment from index:0
2019-09-26 19:36:21,764 [728ea44c-f097-440a-a87e-c27a68d48f14@group-88228B0D7AFD:LeaderElection1054] INFO  impl.RaftServerImpl (ServerState.java:setRaftConf(354)) - 728ea44c-f097-440a-a87e-c27a68d48f14@group-88228B0D7AFD: set configuration 0: [728ea44c-f097-440a-a87e-c27a68d48f14:192.168.151.99:38783], old=null at 0
2019-09-26 19:36:21,764 [27cb48db-4b88-4c0c-b213-19f9b2fffaff@group-606A4401418B:LeaderElection1055] INFO  impl.RoleInfo (RoleInfo.java:updateAndGet(143)) - 27cb48db-4b88-4c0c-b213-19f9b2fffaff: start LeaderState
2019-09-26 19:36:21,764 [27cb48db-4b88-4c0c-b213-19f9b2fffaff@group-606A4401418B:LeaderElection1055] INFO  segmented.SegmentedRaftLogWorker (SegmentedRaftLogWorker.java:startLogSegment(380)) - 27cb48db-4b88-4c0c-b213-19f9b2fffaff@group-606A4401418B-SegmentedRaftLogWorker: Starting segment from index:0
2019-09-26 19:36:21,765 [27cb48db-4b88-4c0c-b213-19f9b2fffaff@group-606A4401418B:LeaderElection1055] INFO  impl.RaftServerImpl (ServerState.java:setRaftConf(354)) - 27cb48db-4b88-4c0c-b213-19f9b2fffaff@group-606A4401418B: set configuration 0: [27cb48db-4b88-4c0c-b213-19f9b2fffaff:192.168.151.99:37457], old=null at 0
2019-09-26 19:36:21,765 [27cb48db-4b88-4c0c-b213-19f9b2fffaff@group-FB1248EB002D:LeaderElection1051] INFO  impl.RoleInfo (RoleInfo.java:updateAndGet(143)) - 27cb48db-4b88-4c0c-b213-19f9b2fffaff: start LeaderState
2019-09-26 19:36:21,765 [27cb48db-4b88-4c0c-b213-19f9b2fffaff@group-FB1248EB002D:LeaderElection1051] INFO  segmented.SegmentedRaftLogWorker (SegmentedRaftLogWorker.java:startLogSegment(380)) - 27cb48db-4b88-4c0c-b213-19f9b2fffaff@group-FB1248EB002D-SegmentedRaftLogWorker: Starting segment from index:0
2019-09-26 19:36:21,765 [27cb48db-4b88-4c0c-b213-19f9b2fffaff@group-089574044510:LeaderElection1066] INFO  impl.RoleInfo (RoleInfo.java:updateAndGet(143)) - 27cb48db-4b88-4c0c-b213-19f9b2fffaff: start LeaderState
2019-09-26 19:36:21,765 [27cb48db-4b88-4c0c-b213-19f9b2fffaff@group-FB1248EB002D:LeaderElection1051] INFO  impl.RaftServerImpl (ServerState.java:setRaftConf(354)) - 27cb48db-4b88-4c0c-b213-19f9b2fffaff@group-FB1248EB002D: set configuration 0: [27cb48db-4b88-4c0c-b213-19f9b2fffaff:192.168.151.99:37457], old=null at 0
2019-09-26 19:36:21,765 [27cb48db-4b88-4c0c-b213-19f9b2fffaff@group-089574044510:LeaderElection1066] INFO  segmented.SegmentedRaftLogWorker (SegmentedRaftLogWorker.java:startLogSegment(380)) - 27cb48db-4b88-4c0c-b213-19f9b2fffaff@group-089574044510-SegmentedRaftLogWorker: Starting segment from index:0
2019-09-26 19:36:21,766 [99aa1396-69c4-4985-9b2a-20430cc4a0a7@group-DD15D4C400D3:LeaderElection1065] INFO  impl.RoleInfo (RoleInfo.java:updateAndGet(143)) - 99aa1396-69c4-4985-9b2a-20430cc4a0a7: start LeaderState
2019-09-26 19:36:21,766 [27cb48db-4b88-4c0c-b213-19f9b2fffaff@group-089574044510:LeaderElection1066] INFO  impl.RaftServerImpl (ServerState.java:setRaftConf(354)) - 27cb48db-4b88-4c0c-b213-19f9b2fffaff@group-089574044510: set configuration 0: [27cb48db-4b88-4c0c-b213-19f9b2fffaff:192.168.151.99:37457], old=null at 0
2019-09-26 19:36:21,766 [99aa1396-69c4-4985-9b2a-20430cc4a0a7@group-DD15D4C400D3:LeaderElection1065] INFO  segmented.SegmentedRaftLogWorker (SegmentedRaftLogWorker.java:startLogSegment(380)) - 99aa1396-69c4-4985-9b2a-20430cc4a0a7@group-DD15D4C400D3-SegmentedRaftLogWorker: Starting segment from index:0
2019-09-26 19:36:21,766 [728ea44c-f097-440a-a87e-c27a68d48f14@group-AF87B132B664:LeaderElection1070] INFO  impl.RoleInfo (RoleInfo.java:updateAndGet(143)) - 728ea44c-f097-440a-a87e-c27a68d48f14: start LeaderState
2019-09-26 19:36:21,766 [728ea44c-f097-440a-a87e-c27a68d48f14@group-AF87B132B664:LeaderElection1070] INFO  segmented.SegmentedRaftLogWorker (SegmentedRaftLogWorker.java:startLogSegment(380)) - 728ea44c-f097-440a-a87e-c27a68d48f14@group-AF87B132B664-SegmentedRaftLogWorker: Starting segment from index:0
2019-09-26 19:36:21,766 [99aa1396-69c4-4985-9b2a-20430cc4a0a7@group-DD15D4C400D3:LeaderElection1065] INFO  impl.RaftServerImpl (ServerState.java:setRaftConf(354)) - 99aa1396-69c4-4985-9b2a-20430cc4a0a7@group-DD15D4C400D3: set configuration 0: [99aa1396-69c4-4985-9b2a-20430cc4a0a7:192.168.151.99:40213], old=null at 0
2019-09-26 19:36:21,766 [728ea44c-f097-440a-a87e-c27a68d48f14@group-191D7D199588:LeaderElection1077] INFO  impl.RoleInfo (RoleInfo.java:updateAndGet(143)) - 728ea44c-f097-440a-a87e-c27a68d48f14: start LeaderState
2019-09-26 19:36:21,766 [728ea44c-f097-440a-a87e-c27a68d48f14@group-191D7D199588:LeaderElection1077] INFO  segmented.SegmentedRaftLogWorker (SegmentedRaftLogWorker.java:startLogSegment(380)) - 728ea44c-f097-440a-a87e-c27a68d48f14@group-191D7D199588-SegmentedRaftLogWorker: Starting segment from index:0
2019-09-26 19:36:21,766 [27cb48db-4b88-4c0c-b213-19f9b2fffaff@group-C17EB1A95973:LeaderElection1035] INFO  impl.RoleInfo (RoleInfo.java:updateAndGet(143)) - 27cb48db-4b88-4c0c-b213-19f9b2fffaff: start LeaderState
2019-09-26 19:36:21,766 [728ea44c-f097-440a-a87e-c27a68d48f14@group-AF87B132B664:LeaderElection1070] INFO  impl.RaftServerImpl (ServerState.java:setRaftConf(354)) - 728ea44c-f097-440a-a87e-c27a68d48f14@group-AF87B132B664: set configuration 0: [728ea44c-f097-440a-a87e-c27a68d48f14:192.168.151.99:38783], old=null at 0
2019-09-26 19:36:21,767 [728ea44c-f097-440a-a87e-c27a68d48f14@group-AA65AE2DB801:LeaderElection1069] INFO  impl.RoleInfo (RoleInfo.java:updateAndGet(143)) - 728ea44c-f097-440a-a87e-c27a68d48f14: start LeaderState
2019-09-26 19:36:21,767 [728ea44c-f097-440a-a87e-c27a68d48f14@group-191D7D199588:LeaderElection1077] INFO  impl.RaftServerImpl (ServerState.java:setRaftConf(354)) - 728ea44c-f097-440a-a87e-c27a68d48f14@group-191D7D199588: set configuration 0: [728ea44c-f097-440a-a87e-c27a68d48f14:192.168.151.99:38783], old=null at 0
2019-09-26 19:36:21,767 [27cb48db-4b88-4c0c-b213-19f9b2fffaff@group-C17EB1A95973:LeaderElection1035] INFO  segmented.SegmentedRaftLogWorker (SegmentedRaftLogWorker.java:startLogSegment(380)) - 27cb48db-4b88-4c0c-b213-19f9b2fffaff@group-C17EB1A95973-SegmentedRaftLogWorker: Starting segment from index:0
2019-09-26 19:36:21,767 [728ea44c-f097-440a-a87e-c27a68d48f14@group-D1445E9B394A:LeaderElection1071] INFO  impl.RoleInfo (RoleInfo.java:updateAndGet(143)) - 728ea44c-f097-440a-a87e-c27a68d48f14: start LeaderState
2019-09-26 19:36:21,767 [728ea44c-f097-440a-a87e-c27a68d48f14@group-E183B10AB6CB:LeaderElection1048] INFO  impl.RoleInfo (RoleInfo.java:updateAndGet(143)) - 728ea44c-f097-440a-a87e-c27a68d48f14: start LeaderState
2019-09-26 19:36:21,767 [728ea44c-f097-440a-a87e-c27a68d48f14@group-D069AE322CB2:LeaderElection1063] INFO  impl.RoleInfo (RoleInfo.java:updateAndGet(143)) - 728ea44c-f097-440a-a87e-c27a68d48f14: start LeaderState
2019-09-26 19:36:21,767 [728ea44c-f097-440a-a87e-c27a68d48f14@group-AA65AE2DB801:LeaderElection1069] INFO  segmented.SegmentedRaftLogWorker (SegmentedRaftLogWorker.java:startLogSegment(380)) - 728ea44c-f097-440a-a87e-c27a68d48f14@group-AA65AE2DB801-SegmentedRaftLogWorker: Starting segment from index:0
2019-09-26 19:36:21,767 [728ea44c-f097-440a-a87e-c27a68d48f14@group-D069AE322CB2:LeaderElection1063] INFO  segmented.SegmentedRaftLogWorker (SegmentedRaftLogWorker.java:startLogSegment(380)) - 728ea44c-f097-440a-a87e-c27a68d48f14@group-D069AE322CB2-SegmentedRaftLogWorker: Starting segment from index:0
2019-09-26 19:36:21,767 [728ea44c-f097-440a-a87e-c27a68d48f14@group-E183B10AB6CB:LeaderElection1048] INFO  segmented.SegmentedRaftLogWorker (SegmentedRaftLogWorker.java:startLogSegment(380)) - 728ea44c-f097-440a-a87e-c27a68d48f14@group-E183B10AB6CB-SegmentedRaftLogWorker: Starting segment from index:0
2019-09-26 19:36:21,767 [27cb48db-4b88-4c0c-b213-19f9b2fffaff@group-C17EB1A95973:LeaderElection1035] INFO  impl.RaftServerImpl (ServerState.java:setRaftConf(354)) - 27cb48db-4b88-4c0c-b213-19f9b2fffaff@group-C17EB1A95973: set configuration 0: [27cb48db-4b88-4c0c-b213-19f9b2fffaff:192.168.151.99:37457], old=null at 0
2019-09-26 19:36:21,767 [728ea44c-f097-440a-a87e-c27a68d48f14@group-D1445E9B394A:LeaderElection1071] INFO  segmented.SegmentedRaftLogWorker (SegmentedRaftLogWorker.java:startLogSegment(380)) - 728ea44c-f097-440a-a87e-c27a68d48f14@group-D1445E9B394A-SegmentedRaftLogWorker: Starting segment from index:0
2019-09-26 19:36:21,767 [27cb48db-4b88-4c0c-b213-19f9b2fffaff@group-09D99E8196D1:LeaderElection1046] INFO  impl.RoleInfo (RoleInfo.java:updateAndGet(143)) - 27cb48db-4b88-4c0c-b213-19f9b2fffaff: start LeaderState
2019-09-26 19:36:21,768 [pool-271-thread-1] INFO  impl.RaftServerImpl (RaftServerImpl.java:<init>(95)) - 728ea44c-f097-440a-a87e-c27a68d48f14: new RaftServerImpl for group-5A8A56B7D313:[728ea44c-f097-440a-a87e-c27a68d48f14:192.168.151.99:38783, 27cb48db-4b88-4c0c-b213-19f9b2fffaff:192.168.151.99:37457, 99aa1396-69c4-4985-9b2a-20430cc4a0a7:192.168.151.99:40213] with ContainerStateMachine:uninitialized
2019-09-26 19:36:21,768 [728ea44c-f097-440a-a87e-c27a68d48f14@group-E183B10AB6CB:LeaderElection1048] INFO  impl.RaftServerImpl (ServerState.java:setRaftConf(354)) - 728ea44c-f097-440a-a87e-c27a68d48f14@group-E183B10AB6CB: set configuration 0: [728ea44c-f097-440a-a87e-c27a68d48f14:192.168.151.99:38783], old=null at 0
2019-09-26 19:36:21,768 [728ea44c-f097-440a-a87e-c27a68d48f14@group-D069AE322CB2:LeaderElection1063] INFO  impl.RaftServerImpl (ServerState.java:setRaftConf(354)) - 728ea44c-f097-440a-a87e-c27a68d48f14@group-D069AE322CB2: set configuration 0: [728ea44c-f097-440a-a87e-c27a68d48f14:192.168.151.99:38783], old=null at 0
2019-09-26 19:36:21,768 [728ea44c-f097-440a-a87e-c27a68d48f14@group-AA65AE2DB801:LeaderElection1069] INFO  impl.RaftServerImpl (ServerState.java:setRaftConf(354)) - 728ea44c-f097-440a-a87e-c27a68d48f14@group-AA65AE2DB801: set configuration 0: [728ea44c-f097-440a-a87e-c27a68d48f14:192.168.151.99:38783], old=null at 0
2019-09-26 19:36:21,768 [pool-271-thread-1] INFO  server.RaftServerConfigKeys (ConfUtils.java:logGet(43)) - raft.server.rpc.timeout.min = 5s (custom)
2019-09-26 19:36:21,768 [728ea44c-f097-440a-a87e-c27a68d48f14@group-D1445E9B394A:LeaderElection1071] INFO  impl.RaftServerImpl (ServerState.java:setRaftConf(354)) - 728ea44c-f097-440a-a87e-c27a68d48f14@group-D1445E9B394A: set configuration 0: [728ea44c-f097-440a-a87e-c27a68d48f14:192.168.151.99:38783], old=null at 0
2019-09-26 19:36:21,768 [27cb48db-4b88-4c0c-b213-19f9b2fffaff@group-09D99E8196D1:LeaderElection1046] INFO  segmented.SegmentedRaftLogWorker (SegmentedRaftLogWorker.java:startLogSegment(380)) - 27cb48db-4b88-4c0c-b213-19f9b2fffaff@group-09D99E8196D1-SegmentedRaftLogWorker: Starting segment from index:0
2019-09-26 19:36:21,769 [pool-271-thread-1] INFO  server.RaftServerConfigKeys (ConfUtils.java:logGet(43)) - raft.server.rpc.timeout.max = 5200ms (custom)
2019-09-26 19:36:21,769 [pool-271-thread-1] INFO  server.RaftServerConfigKeys (ConfUtils.java:logGet(43)) - raft.server.rpcslowness.timeout = 120s (custom)
2019-09-26 19:36:21,769 [27cb48db-4b88-4c0c-b213-19f9b2fffaff@group-09D99E8196D1:LeaderElection1046] INFO  impl.RaftServerImpl (ServerState.java:setRaftConf(354)) - 27cb48db-4b88-4c0c-b213-19f9b2fffaff@group-09D99E8196D1: set configuration 0: [27cb48db-4b88-4c0c-b213-19f9b2fffaff:192.168.151.99:37457], old=null at 0
2019-09-26 19:36:21,769 [pool-271-thread-1] INFO  server.RaftServerConfigKeys (ConfUtils.java:logGet(43)) - raft.server.sleep.deviation.threshold = 300 (default)
2019-09-26 19:36:21,769 [pool-271-thread-1] INFO  server.RaftServerConfigKeys (ConfUtils.java:logGet(43)) - raft.server.log.appender.install.snapshot.enabled = false (custom)
2019-09-26 19:36:21,769 [pool-271-thread-1] INFO  impl.RaftServerImpl (ServerState.java:<init>(103)) - 728ea44c-f097-440a-a87e-c27a68d48f14@group-5A8A56B7D313: ConfigurationManager, init=-1: [728ea44c-f097-440a-a87e-c27a68d48f14:192.168.151.99:38783, 27cb48db-4b88-4c0c-b213-19f9b2fffaff:192.168.151.99:37457, 99aa1396-69c4-4985-9b2a-20430cc4a0a7:192.168.151.99:40213], old=null, confs=<EMPTY_MAP>
2019-09-26 19:36:21,769 [pool-271-thread-1] INFO  server.RaftServerConfigKeys (ConfUtils.java:logGet(43)) - raft.server.storage.dir = [/workdir/hadoop-ozone/integration-test/target/test-dir/MiniOzoneClusterImpl-2f79a7d3-d7ae-4963-8370-12bb1e2132d7/datanode-1/data/ratis] (custom)
2019-09-26 19:36:21,770 [pool-271-thread-1] INFO  storage.RaftStorageDirectory (RaftStorageDirectory.java:analyzeStorage(246)) - The storage directory /workdir/hadoop-ozone/integration-test/target/test-dir/MiniOzoneClusterImpl-2f79a7d3-d7ae-4963-8370-12bb1e2132d7/datanode-1/data/ratis/56d3ef1b-bb39-4f9b-8fd2-5a8a56b7d313 does not exist. Creating ...
2019-09-26 19:36:21,878 [27cb48db-4b88-4c0c-b213-19f9b2fffaff@group-BA9ADC048FEB-SegmentedRaftLogWorker] ERROR segmented.SegmentedRaftLogWorker (SegmentedRaftLogWorker.java:run(323)) - 27cb48db-4b88-4c0c-b213-19f9b2fffaff@group-BA9ADC048FEB-SegmentedRaftLogWorker hit exception
java.lang.OutOfMemoryError: Direct buffer memory
	at java.nio.Bits.reserveMemory(Bits.java:666)
	at java.nio.DirectByteBuffer.<init>(DirectByteBuffer.java:123)
	at java.nio.ByteBuffer.allocateDirect(ByteBuffer.java:311)
	at org.apache.ratis.server.raftlog.segmented.BufferedWriteChannel.<init>(BufferedWriteChannel.java:41)
	at org.apache.ratis.server.raftlog.segmented.SegmentedRaftLogOutputStream.<init>(SegmentedRaftLogOutputStream.java:72)
	at org.apache.ratis.server.raftlog.segmented.SegmentedRaftLogWorker$StartLogSegment.execute(SegmentedRaftLogWorker.java:566)
	at org.apache.ratis.server.raftlog.segmented.SegmentedRaftLogWorker.run(SegmentedRaftLogWorker.java:289)
	at java.lang.Thread.run(Thread.java:748)
2019-09-26 19:36:21,878 [27cb48db-4b88-4c0c-b213-19f9b2fffaff@group-BA9ADC048FEB-SegmentedRaftLogWorker] INFO  impl.RaftServerImpl (RaftServerImpl.java:lambda$shutdown$3(251)) - 27cb48db-4b88-4c0c-b213-19f9b2fffaff@group-BA9ADC048FEB: shutdown
2019-09-26 19:36:21,878 [27cb48db-4b88-4c0c-b213-19f9b2fffaff@group-BA9ADC048FEB-SegmentedRaftLogWorker] INFO  util.JmxRegister (JmxRegister.java:unregister(73)) - Successfully un-registered JMX Bean with object name Ratis:service=RaftServer,group=group-BA9ADC048FEB,id=27cb48db-4b88-4c0c-b213-19f9b2fffaff
2019-09-26 19:36:21,878 [27cb48db-4b88-4c0c-b213-19f9b2fffaff@group-BA9ADC048FEB-SegmentedRaftLogWorker] INFO  impl.RoleInfo (RoleInfo.java:shutdownLeaderState(104)) - 27cb48db-4b88-4c0c-b213-19f9b2fffaff: shutdown LeaderState
2019-09-26 19:36:21,878 [27cb48db-4b88-4c0c-b213-19f9b2fffaff@group-BA9ADC048FEB-SegmentedRaftLogWorker] INFO  impl.PendingRequests (PendingRequests.java:sendNotLeaderResponses(202)) - 27cb48db-4b88-4c0c-b213-19f9b2fffaff-PendingRequests: sendNotLeaderResponses
2019-09-26 19:36:21,879 [27cb48db-4b88-4c0c-b213-19f9b2fffaff@group-BA9ADC048FEB-SegmentedRaftLogWorker] INFO  impl.StateMachineUpdater (StateMachineUpdater.java:stopAndJoin(125)) - 27cb48db-4b88-4c0c-b213-19f9b2fffaff@group-BA9ADC048FEB-StateMachineUpdater: set stopIndex = -1
2019-09-26 19:36:21,879 [27cb48db-4b88-4c0c-b213-19f9b2fffaff@group-BA9ADC048FEB-SegmentedRaftLogWorker] INFO  impl.RaftServerImpl (ServerState.java:close(385)) - 27cb48db-4b88-4c0c-b213-19f9b2fffaff@group-BA9ADC048FEB: closes. applyIndex: -1
2019-09-26 19:36:21,879 [27cb48db-4b88-4c0c-b213-19f9b2fffaff@group-BA9ADC048FEB-SegmentedRaftLogWorker] INFO  segmented.SegmentedRaftLogWorker (SegmentedRaftLogWorker.java:close(228)) - 27cb48db-4b88-4c0c-b213-19f9b2fffaff@group-BA9ADC048FEB-SegmentedRaftLogWorker close()
2019-09-26 19:36:21,965 [27cb48db-4b88-4c0c-b213-19f9b2fffaff@group-081BA867897B-SegmentedRaftLogWorker] ERROR segmented.SegmentedRaftLogWorker (SegmentedRaftLogWorker.java:run(323)) - 27cb48db-4b88-4c0c-b213-19f9b2fffaff@group-081BA867897B-SegmentedRaftLogWorker hit exception
java.lang.OutOfMemoryError: Direct buffer memory
	at java.nio.Bits.reserveMemory(Bits.java:666)
	at java.nio.DirectByteBuffer.<init>(DirectByteBuffer.java:123)
	at java.nio.ByteBuffer.allocateDirect(ByteBuffer.java:311)
	at org.apache.ratis.server.raftlog.segmented.BufferedWriteChannel.<init>(BufferedWriteChannel.java:41)
	at org.apache.ratis.server.raftlog.segmented.SegmentedRaftLogOutputStream.<init>(SegmentedRaftLogOutputStream.java:72)
	at org.apache.ratis.server.raftlog.segmented.SegmentedRaftLogWorker$StartLogSegment.execute(SegmentedRaftLogWorker.java:566)
	at org.apache.ratis.server.raftlog.segmented.SegmentedRaftLogWorker.run(SegmentedRaftLogWorker.java:289)
	at java.lang.Thread.run(Thread.java:748)
2019-09-26 19:36:21,966 [27cb48db-4b88-4c0c-b213-19f9b2fffaff@group-081BA867897B-SegmentedRaftLogWorker] INFO  impl.RaftServerImpl (RaftServerImpl.java:lambda$shutdown$3(251)) - 27cb48db-4b88-4c0c-b213-19f9b2fffaff@group-081BA867897B: shutdown
2019-09-26 19:36:21,966 [27cb48db-4b88-4c0c-b213-19f9b2fffaff@group-081BA867897B-SegmentedRaftLogWorker] INFO  util.JmxRegister (JmxRegister.java:unregister(73)) - Successfully un-registered JMX Bean with object name Ratis:service=RaftServer,group=group-081BA867897B,id=27cb48db-4b88-4c0c-b213-19f9b2fffaff
2019-09-26 19:36:21,966 [27cb48db-4b88-4c0c-b213-19f9b2fffaff@group-081BA867897B-SegmentedRaftLogWorker] INFO  impl.RoleInfo (RoleInfo.java:shutdownLeaderState(104)) - 27cb48db-4b88-4c0c-b213-19f9b2fffaff: shutdown LeaderState
2019-09-26 19:36:21,966 [27cb48db-4b88-4c0c-b213-19f9b2fffaff@group-081BA867897B-SegmentedRaftLogWorker] INFO  impl.PendingRequests (PendingRequests.java:sendNotLeaderResponses(202)) - 27cb48db-4b88-4c0c-b213-19f9b2fffaff-PendingRequests: sendNotLeaderResponses
2019-09-26 19:36:21,966 [27cb48db-4b88-4c0c-b213-19f9b2fffaff@group-081BA867897B-SegmentedRaftLogWorker] INFO  impl.StateMachineUpdater (StateMachineUpdater.java:stopAndJoin(125)) - 27cb48db-4b88-4c0c-b213-19f9b2fffaff@group-081BA867897B-StateMachineUpdater: set stopIndex = -1
2019-09-26 19:36:21,966 [27cb48db-4b88-4c0c-b213-19f9b2fffaff@group-081BA867897B-SegmentedRaftLogWorker] INFO  impl.RaftServerImpl (ServerState.java:close(385)) - 27cb48db-4b88-4c0c-b213-19f9b2fffaff@group-081BA867897B: closes. applyIndex: -1
2019-09-26 19:36:21,967 [27cb48db-4b88-4c0c-b213-19f9b2fffaff@group-081BA867897B-SegmentedRaftLogWorker] INFO  segmented.SegmentedRaftLogWorker (SegmentedRaftLogWorker.java:close(228)) - 27cb48db-4b88-4c0c-b213-19f9b2fffaff@group-081BA867897B-SegmentedRaftLogWorker close()
2019-09-26 19:36:21,970 [27cb48db-4b88-4c0c-b213-19f9b2fffaff@group-684BA3C5CC11-SegmentedRaftLogWorker] ERROR segmented.SegmentedRaftLogWorker (SegmentedRaftLogWorker.java:run(323)) - 27cb48db-4b88-4c0c-b213-19f9b2fffaff@group-684BA3C5CC11-SegmentedRaftLogWorker hit exception
java.lang.OutOfMemoryError: Direct buffer memory
	at java.nio.Bits.reserveMemory(Bits.java:666)
	at java.nio.DirectByteBuffer.<init>(DirectByteBuffer.java:123)
	at java.nio.ByteBuffer.allocateDirect(ByteBuffer.java:311)
	at org.apache.ratis.server.raftlog.segmented.BufferedWriteChannel.<init>(BufferedWriteChannel.java:41)
	at org.apache.ratis.server.raftlog.segmented.SegmentedRaftLogOutputStream.<init>(SegmentedRaftLogOutputStream.java:72)
	at org.apache.ratis.server.raftlog.segmented.SegmentedRaftLogWorker$StartLogSegment.execute(SegmentedRaftLogWorker.java:566)
	at org.apache.ratis.server.raftlog.segmented.SegmentedRaftLogWorker.run(SegmentedRaftLogWorker.java:289)
	at java.lang.Thread.run(Thread.java:748)
2019-09-26 19:36:21,970 [27cb48db-4b88-4c0c-b213-19f9b2fffaff@group-684BA3C5CC11-SegmentedRaftLogWorker] INFO  impl.RaftServerImpl (RaftServerImpl.java:lambda$shutdown$3(251)) - 27cb48db-4b88-4c0c-b213-19f9b2fffaff@group-684BA3C5CC11: shutdown
2019-09-26 19:36:21,970 [27cb48db-4b88-4c0c-b213-19f9b2fffaff@group-684BA3C5CC11-SegmentedRaftLogWorker] INFO  util.JmxRegister (JmxRegister.java:unregister(73)) - Successfully un-registered JMX Bean with object name Ratis:service=RaftServer,group=group-684BA3C5CC11,id=27cb48db-4b88-4c0c-b213-19f9b2fffaff
2019-09-26 19:36:21,970 [27cb48db-4b88-4c0c-b213-19f9b2fffaff@group-684BA3C5CC11-SegmentedRaftLogWorker] INFO  impl.RoleInfo (RoleInfo.java:shutdownLeaderState(104)) - 27cb48db-4b88-4c0c-b213-19f9b2fffaff: shutdown LeaderState
2019-09-26 19:36:21,970 [27cb48db-4b88-4c0c-b213-19f9b2fffaff@group-684BA3C5CC11-SegmentedRaftLogWorker] INFO  impl.PendingRequests (PendingRequests.java:sendNotLeaderResponses(202)) - 27cb48db-4b88-4c0c-b213-19f9b2fffaff-PendingRequests: sendNotLeaderResponses
2019-09-26 19:36:21,971 [27cb48db-4b88-4c0c-b213-19f9b2fffaff@group-684BA3C5CC11-SegmentedRaftLogWorker] INFO  impl.StateMachineUpdater (StateMachineUpdater.java:stopAndJoin(125)) - 27cb48db-4b88-4c0c-b213-19f9b2fffaff@group-684BA3C5CC11-StateMachineUpdater: set stopIndex = -1
2019-09-26 19:36:21,971 [27cb48db-4b88-4c0c-b213-19f9b2fffaff@group-684BA3C5CC11-SegmentedRaftLogWorker] INFO  impl.RaftServerImpl (ServerState.java:close(385)) - 27cb48db-4b88-4c0c-b213-19f9b2fffaff@group-684BA3C5CC11: closes. applyIndex: -1
2019-09-26 19:36:21,971 [27cb48db-4b88-4c0c-b213-19f9b2fffaff@group-684BA3C5CC11-SegmentedRaftLogWorker] INFO  segmented.SegmentedRaftLogWorker (SegmentedRaftLogWorker.java:close(228)) - 27cb48db-4b88-4c0c-b213-19f9b2fffaff@group-684BA3C5CC11-SegmentedRaftLogWorker close()
2019-09-26 19:36:21,982 [27cb48db-4b88-4c0c-b213-19f9b2fffaff@group-CD5E6EACE70C-SegmentedRaftLogWorker] ERROR segmented.SegmentedRaftLogWorker (SegmentedRaftLogWorker.java:run(323)) - 27cb48db-4b88-4c0c-b213-19f9b2fffaff@group-CD5E6EACE70C-SegmentedRaftLogWorker hit exception
java.lang.OutOfMemoryError: Direct buffer memory
	at java.nio.Bits.reserveMemory(Bits.java:666)
	at java.nio.DirectByteBuffer.<init>(DirectByteBuffer.java:123)
	at java.nio.ByteBuffer.allocateDirect(ByteBuffer.java:311)
	at org.apache.ratis.server.raftlog.segmented.BufferedWriteChannel.<init>(BufferedWriteChannel.java:41)
	at org.apache.ratis.server.raftlog.segmented.SegmentedRaftLogOutputStream.<init>(SegmentedRaftLogOutputStream.java:72)
	at org.apache.ratis.server.raftlog.segmented.SegmentedRaftLogWorker$StartLogSegment.execute(SegmentedRaftLogWorker.java:566)
	at org.apache.ratis.server.raftlog.segmented.SegmentedRaftLogWorker.run(SegmentedRaftLogWorker.java:289)
	at java.lang.Thread.run(Thread.java:748)
2019-09-26 19:36:21,982 [27cb48db-4b88-4c0c-b213-19f9b2fffaff@group-CD5E6EACE70C-SegmentedRaftLogWorker] INFO  impl.RaftServerImpl (RaftServerImpl.java:lambda$shutdown$3(251)) - 27cb48db-4b88-4c0c-b213-19f9b2fffaff@group-CD5E6EACE70C: shutdown
2019-09-26 19:36:21,982 [27cb48db-4b88-4c0c-b213-19f9b2fffaff@group-3731B9264D30-SegmentedRaftLogWorker] ERROR segmented.SegmentedRaftLogWorker (SegmentedRaftLogWorker.java:run(323)) - 27cb48db-4b88-4c0c-b213-19f9b2fffaff@group-3731B9264D30-SegmentedRaftLogWorker hit exception
java.lang.OutOfMemoryError: Direct buffer memory
	at java.nio.Bits.reserveMemory(Bits.java:666)
	at java.nio.DirectByteBuffer.<init>(DirectByteBuffer.java:123)
	at java.nio.ByteBuffer.allocateDirect(ByteBuffer.java:311)
	at org.apache.ratis.server.raftlog.segmented.BufferedWriteChannel.<init>(BufferedWriteChannel.java:41)
	at org.apache.ratis.server.raftlog.segmented.SegmentedRaftLogOutputStream.<init>(SegmentedRaftLogOutputStream.java:72)
	at org.apache.ratis.server.raftlog.segmented.SegmentedRaftLogWorker$StartLogSegment.execute(SegmentedRaftLogWorker.java:566)
	at org.apache.ratis.server.raftlog.segmented.SegmentedRaftLogWorker.run(SegmentedRaftLogWorker.java:289)
	at java.lang.Thread.run(Thread.java:748)
2019-09-26 19:36:21,983 [27cb48db-4b88-4c0c-b213-19f9b2fffaff@group-3731B9264D30-SegmentedRaftLogWorker] INFO  impl.RaftServerImpl (RaftServerImpl.java:lambda$shutdown$3(251)) - 27cb48db-4b88-4c0c-b213-19f9b2fffaff@group-3731B9264D30: shutdown
2019-09-26 19:36:21,982 [728ea44c-f097-440a-a87e-c27a68d48f14@group-FC289A8C3177-SegmentedRaftLogWorker] ERROR segmented.SegmentedRaftLogWorker (SegmentedRaftLogWorker.java:run(323)) - 728ea44c-f097-440a-a87e-c27a68d48f14@group-FC289A8C3177-SegmentedRaftLogWorker hit exception
java.lang.OutOfMemoryError: Direct buffer memory
	at java.nio.Bits.reserveMemory(Bits.java:666)
	at java.nio.DirectByteBuffer.<init>(DirectByteBuffer.java:123)
	at java.nio.ByteBuffer.allocateDirect(ByteBuffer.java:311)
	at org.apache.ratis.server.raftlog.segmented.BufferedWriteChannel.<init>(BufferedWriteChannel.java:41)
	at org.apache.ratis.server.raftlog.segmented.SegmentedRaftLogOutputStream.<init>(SegmentedRaftLogOutputStream.java:72)
	at org.apache.ratis.server.raftlog.segmented.SegmentedRaftLogWorker$StartLogSegment.execute(SegmentedRaftLogWorker.java:566)
	at org.apache.ratis.server.raftlog.segmented.SegmentedRaftLogWorker.run(SegmentedRaftLogWorker.java:289)
	at java.lang.Thread.run(Thread.java:748)
2019-09-26 19:36:21,983 [728ea44c-f097-440a-a87e-c27a68d48f14@group-FC289A8C3177-SegmentedRaftLogWorker] INFO  impl.RaftServerImpl (RaftServerImpl.java:lambda$shutdown$3(251)) - 728ea44c-f097-440a-a87e-c27a68d48f14@group-FC289A8C3177: shutdown
2019-09-26 19:36:21,983 [27cb48db-4b88-4c0c-b213-19f9b2fffaff@group-3731B9264D30-SegmentedRaftLogWorker] INFO  util.JmxRegister (JmxRegister.java:unregister(73)) - Successfully un-registered JMX Bean with object name Ratis:service=RaftServer,group=group-3731B9264D30,id=27cb48db-4b88-4c0c-b213-19f9b2fffaff
2019-09-26 19:36:21,982 [27cb48db-4b88-4c0c-b213-19f9b2fffaff@group-CD5E6EACE70C-SegmentedRaftLogWorker] INFO  util.JmxRegister (JmxRegister.java:unregister(73)) - Successfully un-registered JMX Bean with object name Ratis:service=RaftServer,group=group-CD5E6EACE70C,id=27cb48db-4b88-4c0c-b213-19f9b2fffaff
2019-09-26 19:36:21,983 [27cb48db-4b88-4c0c-b213-19f9b2fffaff@group-3731B9264D30-SegmentedRaftLogWorker] INFO  impl.RoleInfo (RoleInfo.java:shutdownLeaderState(104)) - 27cb48db-4b88-4c0c-b213-19f9b2fffaff: shutdown LeaderState
2019-09-26 19:36:21,983 [728ea44c-f097-440a-a87e-c27a68d48f14@group-FC289A8C3177-SegmentedRaftLogWorker] INFO  util.JmxRegister (JmxRegister.java:unregister(73)) - Successfully un-registered JMX Bean with object name Ratis:service=RaftServer,group=group-FC289A8C3177,id=728ea44c-f097-440a-a87e-c27a68d48f14
2019-09-26 19:36:21,984 [27cb48db-4b88-4c0c-b213-19f9b2fffaff@group-3731B9264D30-SegmentedRaftLogWorker] INFO  impl.PendingRequests (PendingRequests.java:sendNotLeaderResponses(202)) - 27cb48db-4b88-4c0c-b213-19f9b2fffaff-PendingRequests: sendNotLeaderResponses
2019-09-26 19:36:21,983 [27cb48db-4b88-4c0c-b213-19f9b2fffaff@group-CD5E6EACE70C-SegmentedRaftLogWorker] INFO  impl.RoleInfo (RoleInfo.java:shutdownLeaderState(104)) - 27cb48db-4b88-4c0c-b213-19f9b2fffaff: shutdown LeaderState
2019-09-26 19:36:21,984 [27cb48db-4b88-4c0c-b213-19f9b2fffaff@group-3731B9264D30-SegmentedRaftLogWorker] INFO  impl.StateMachineUpdater (StateMachineUpdater.java:stopAndJoin(125)) - 27cb48db-4b88-4c0c-b213-19f9b2fffaff@group-3731B9264D30-StateMachineUpdater: set stopIndex = -1
2019-09-26 19:36:21,984 [27cb48db-4b88-4c0c-b213-19f9b2fffaff@group-3731B9264D30-SegmentedRaftLogWorker] INFO  impl.RaftServerImpl (ServerState.java:close(385)) - 27cb48db-4b88-4c0c-b213-19f9b2fffaff@group-3731B9264D30: closes. applyIndex: -1
2019-09-26 19:36:21,984 [728ea44c-f097-440a-a87e-c27a68d48f14@group-FC289A8C3177-SegmentedRaftLogWorker] INFO  impl.RoleInfo (RoleInfo.java:shutdownLeaderState(104)) - 728ea44c-f097-440a-a87e-c27a68d48f14: shutdown LeaderState
2019-09-26 19:36:21,984 [27cb48db-4b88-4c0c-b213-19f9b2fffaff@group-3731B9264D30-SegmentedRaftLogWorker] INFO  segmented.SegmentedRaftLogWorker (SegmentedRaftLogWorker.java:close(228)) - 27cb48db-4b88-4c0c-b213-19f9b2fffaff@group-3731B9264D30-SegmentedRaftLogWorker close()
2019-09-26 19:36:21,984 [27cb48db-4b88-4c0c-b213-19f9b2fffaff@group-CD5E6EACE70C-SegmentedRaftLogWorker] INFO  impl.PendingRequests (PendingRequests.java:sendNotLeaderResponses(202)) - 27cb48db-4b88-4c0c-b213-19f9b2fffaff-PendingRequests: sendNotLeaderResponses
2019-09-26 19:36:21,984 [728ea44c-f097-440a-a87e-c27a68d48f14@group-FC289A8C3177-SegmentedRaftLogWorker] INFO  impl.PendingRequests (PendingRequests.java:sendNotLeaderResponses(202)) - 728ea44c-f097-440a-a87e-c27a68d48f14-PendingRequests: sendNotLeaderResponses
2019-09-26 19:36:21,984 [27cb48db-4b88-4c0c-b213-19f9b2fffaff@group-CD5E6EACE70C-SegmentedRaftLogWorker] INFO  impl.StateMachineUpdater (StateMachineUpdater.java:stopAndJoin(125)) - 27cb48db-4b88-4c0c-b213-19f9b2fffaff@group-CD5E6EACE70C-StateMachineUpdater: set stopIndex = -1
2019-09-26 19:36:21,985 [27cb48db-4b88-4c0c-b213-19f9b2fffaff@group-CD5E6EACE70C-SegmentedRaftLogWorker] INFO  impl.RaftServerImpl (ServerState.java:close(385)) - 27cb48db-4b88-4c0c-b213-19f9b2fffaff@group-CD5E6EACE70C: closes. applyIndex: -1
2019-09-26 19:36:21,985 [728ea44c-f097-440a-a87e-c27a68d48f14@group-FC289A8C3177-SegmentedRaftLogWorker] INFO  impl.StateMachineUpdater (StateMachineUpdater.java:stopAndJoin(125)) - 728ea44c-f097-440a-a87e-c27a68d48f14@group-FC289A8C3177-StateMachineUpdater: set stopIndex = -1
2019-09-26 19:36:21,985 [728ea44c-f097-440a-a87e-c27a68d48f14@group-FC289A8C3177-SegmentedRaftLogWorker] INFO  impl.RaftServerImpl (ServerState.java:close(385)) - 728ea44c-f097-440a-a87e-c27a68d48f14@group-FC289A8C3177: closes. applyIndex: -1
2019-09-26 19:36:21,985 [27cb48db-4b88-4c0c-b213-19f9b2fffaff@group-CD5E6EACE70C-SegmentedRaftLogWorker] INFO  segmented.SegmentedRaftLogWorker (SegmentedRaftLogWorker.java:close(228)) - 27cb48db-4b88-4c0c-b213-19f9b2fffaff@group-CD5E6EACE70C-SegmentedRaftLogWorker close()
2019-09-26 19:36:21,985 [728ea44c-f097-440a-a87e-c27a68d48f14@group-FC289A8C3177-SegmentedRaftLogWorker] INFO  segmented.SegmentedRaftLogWorker (SegmentedRaftLogWorker.java:close(228)) - 728ea44c-f097-440a-a87e-c27a68d48f14@group-FC289A8C3177-SegmentedRaftLogWorker close()
2019-09-26 19:36:22,035 [Thread-6219] INFO  ozone.MiniOzoneClusterImpl (MiniOzoneClusterImpl.java:stopDatanodes(377)) - Stopping the HddsDatanodes
2019-09-26 19:36:36,447 [27cb48db-4b88-4c0c-b213-19f9b2fffaff@group-88A4DF62043E:LeaderElection1075] INFO  impl.LeaderElection (LeaderElection.java:askForVotes(182)) - 27cb48db-4b88-4c0c-b213-19f9b2fffaff@group-88A4DF62043E:LeaderElection1075: begin an election at term 1 for -1: [27cb48db-4b88-4c0c-b213-19f9b2fffaff:192.168.151.99:37457], old=null
2019-09-26 19:36:49,495 [ForkJoinPool.commonPool-worker-1] INFO  ozoneimpl.OzoneContainer (OzoneContainer.java:stop(231)) - Attempting to stop container services.
2019-09-26 19:36:49,495 [RATISCREATEPIPELINE1] ERROR pipeline.RatisPipelineProvider (RatisPipelineProvider.java:lambda$null$2(175)) - Failed invoke Ratis rpc org.apache.hadoop.hdds.scm.pipeline.RatisPipelineProvider$$Lambda$170/203113788@70ea1646 for 728ea44c-f097-440a-a87e-c27a68d48f14
org.apache.ratis.protocol.TimeoutIOException: deadline exceeded after 2999940516ns
	at org.apache.ratis.grpc.GrpcUtil.tryUnwrapException(GrpcUtil.java:82)
	at org.apache.ratis.grpc.GrpcUtil.unwrapException(GrpcUtil.java:75)
	at org.apache.ratis.grpc.client.GrpcClientProtocolClient.blockingCall(GrpcClientProtocolClient.java:178)
	at org.apache.ratis.grpc.client.GrpcClientProtocolClient.groupAdd(GrpcClientProtocolClient.java:147)
	at org.apache.ratis.grpc.client.GrpcClientRpc.sendRequest(GrpcClientRpc.java:94)
	at org.apache.ratis.client.impl.RaftClientImpl.sendRequest(RaftClientImpl.java:278)
	at org.apache.ratis.client.impl.RaftClientImpl.groupAdd(RaftClientImpl.java:205)
	at org.apache.hadoop.hdds.scm.pipeline.RatisPipelineProvider.lambda$initializePipeline$1(RatisPipelineProvider.java:136)
	at org.apache.hadoop.hdds.scm.pipeline.RatisPipelineProvider.lambda$null$2(RatisPipelineProvider.java:171)
	at java.util.stream.ForEachOps$ForEachOp$OfRef.accept(ForEachOps.java:184)
	at java.util.ArrayList$ArrayListSpliterator.forEachRemaining(ArrayList.java:1382)
	at java.util.stream.AbstractPipeline.copyInto(AbstractPipeline.java:482)
	at java.util.stream.ForEachOps$ForEachTask.compute(ForEachOps.java:291)
	at java.util.concurrent.CountedCompleter.exec(CountedCompleter.java:731)
	at java.util.concurrent.ForkJoinTask.doExec(ForkJoinTask.java:289)
	at java.util.concurrent.ForkJoinTask.doInvoke(ForkJoinTask.java:401)
	at java.util.concurrent.ForkJoinTask.invoke(ForkJoinTask.java:734)
	at java.util.stream.ForEachOps$ForEachOp.evaluateParallel(ForEachOps.java:160)
	at java.util.stream.ForEachOps$ForEachOp$OfRef.evaluateParallel(ForEachOps.java:174)
	at java.util.stream.AbstractPipeline.evaluate(AbstractPipeline.java:233)
	at java.util.stream.ReferencePipeline.forEach(ReferencePipeline.java:418)
	at java.util.stream.ReferencePipeline$Head.forEach(ReferencePipeline.java:583)
	at org.apache.hadoop.hdds.scm.pipeline.RatisPipelineProvider.lambda$callRatisRpc$3(RatisPipelineProvider.java:165)
	at java.util.concurrent.ForkJoinTask$AdaptedRunnableAction.exec(ForkJoinTask.java:1386)
	at java.util.concurrent.ForkJoinTask.doExec(ForkJoinTask.java:289)
	at java.util.concurrent.ForkJoinPool$WorkQueue.runTask(ForkJoinPool.java:1056)
	at java.util.concurrent.ForkJoinPool.runWorker(ForkJoinPool.java:1692)
	at java.util.concurrent.ForkJoinWorkerThread.run(ForkJoinWorkerThread.java:157)
Caused by: org.apache.ratis.thirdparty.io.grpc.StatusRuntimeException: DEADLINE_EXCEEDED: deadline exceeded after 2999940516ns
	at org.apache.ratis.thirdparty.io.grpc.stub.ClientCalls.toStatusRuntimeException(ClientCalls.java:233)
	at org.apache.ratis.thirdparty.io.grpc.stub.ClientCalls.getUnchecked(ClientCalls.java:214)
	at org.apache.ratis.thirdparty.io.grpc.stub.ClientCalls.blockingUnaryCall(ClientCalls.java:139)
	at org.apache.ratis.proto.grpc.AdminProtocolServiceGrpc$AdminProtocolServiceBlockingStub.groupManagement(AdminProtocolServiceGrpc.java:274)
	at org.apache.ratis.grpc.client.GrpcClientProtocolClient.lambda$groupAdd$3(GrpcClientProtocolClient.java:149)
	at org.apache.ratis.grpc.client.GrpcClientProtocolClient.blockingCall(GrpcClientProtocolClient.java:176)
	... 25 more
2019-09-26 19:36:49,495 [RATISCREATEPIPELINE2] ERROR pipeline.RatisPipelineProvider (RatisPipelineProvider.java:lambda$null$2(175)) - Failed invoke Ratis rpc org.apache.hadoop.hdds.scm.pipeline.RatisPipelineProvider$$Lambda$170/203113788@70ea1646 for 27cb48db-4b88-4c0c-b213-19f9b2fffaff
org.apache.ratis.protocol.TimeoutIOException: deadline exceeded after 2999935973ns
	at org.apache.ratis.grpc.GrpcUtil.tryUnwrapException(GrpcUtil.java:82)
	at org.apache.ratis.grpc.GrpcUtil.unwrapException(GrpcUtil.java:75)
	at org.apache.ratis.grpc.client.GrpcClientProtocolClient.blockingCall(GrpcClientProtocolClient.java:178)
	at org.apache.ratis.grpc.client.GrpcClientProtocolClient.groupAdd(GrpcClientProtocolClient.java:147)
	at org.apache.ratis.grpc.client.GrpcClientRpc.sendRequest(GrpcClientRpc.java:94)
	at org.apache.ratis.client.impl.RaftClientImpl.sendRequest(RaftClientImpl.java:278)
	at org.apache.ratis.client.impl.RaftClientImpl.groupAdd(RaftClientImpl.java:205)
	at org.apache.hadoop.hdds.scm.pipeline.RatisPipelineProvider.lambda$initializePipeline$1(RatisPipelineProvider.java:136)
	at org.apache.hadoop.hdds.scm.pipeline.RatisPipelineProvider.lambda$null$2(RatisPipelineProvider.java:171)
	at java.util.stream.ForEachOps$ForEachOp$OfRef.accept(ForEachOps.java:184)
	at java.util.ArrayList$ArrayListSpliterator.forEachRemaining(ArrayList.java:1382)
	at java.util.stream.AbstractPipeline.copyInto(AbstractPipeline.java:482)
	at java.util.stream.ForEachOps$ForEachTask.compute(ForEachOps.java:291)
	at java.util.concurrent.CountedCompleter.exec(CountedCompleter.java:731)
	at java.util.concurrent.ForkJoinTask.doExec(ForkJoinTask.java:289)
	at java.util.concurrent.ForkJoinPool$WorkQueue.runTask(ForkJoinPool.java:1056)
	at java.util.concurrent.ForkJoinPool.runWorker(ForkJoinPool.java:1692)
	at java.util.concurrent.ForkJoinWorkerThread.run(ForkJoinWorkerThread.java:157)
Caused by: org.apache.ratis.thirdparty.io.grpc.StatusRuntimeException: DEADLINE_EXCEEDED: deadline exceeded after 2999935973ns
	at org.apache.ratis.thirdparty.io.grpc.stub.ClientCalls.toStatusRuntimeException(ClientCalls.java:233)
	at org.apache.ratis.thirdparty.io.grpc.stub.ClientCalls.getUnchecked(ClientCalls.java:214)
	at org.apache.ratis.thirdparty.io.grpc.stub.ClientCalls.blockingUnaryCall(ClientCalls.java:139)
	at org.apache.ratis.proto.grpc.AdminProtocolServiceGrpc$AdminProtocolServiceBlockingStub.groupManagement(AdminProtocolServiceGrpc.java:274)
	at org.apache.ratis.grpc.client.GrpcClientProtocolClient.lambda$groupAdd$3(GrpcClientProtocolClient.java:149)
	at org.apache.ratis.grpc.client.GrpcClientProtocolClient.blockingCall(GrpcClientProtocolClient.java:176)
	... 15 more
2019-09-26 19:36:49,495 [RATISCREATEPIPELINE3] ERROR pipeline.RatisPipelineProvider (RatisPipelineProvider.java:lambda$null$2(175)) - Failed invoke Ratis rpc org.apache.hadoop.hdds.scm.pipeline.RatisPipelineProvider$$Lambda$170/203113788@70ea1646 for 99aa1396-69c4-4985-9b2a-20430cc4a0a7
org.apache.ratis.protocol.TimeoutIOException: deadline exceeded after 2999937929ns
	at org.apache.ratis.grpc.GrpcUtil.tryUnwrapException(GrpcUtil.java:82)
	at org.apache.ratis.grpc.GrpcUtil.unwrapException(GrpcUtil.java:75)
	at org.apache.ratis.grpc.client.GrpcClientProtocolClient.blockingCall(GrpcClientProtocolClient.java:178)
	at org.apache.ratis.grpc.client.GrpcClientProtocolClient.groupAdd(GrpcClientProtocolClient.java:147)
	at org.apache.ratis.grpc.client.GrpcClientRpc.sendRequest(GrpcClientRpc.java:94)
	at org.apache.ratis.client.impl.RaftClientImpl.sendRequest(RaftClientImpl.java:278)
	at org.apache.ratis.client.impl.RaftClientImpl.groupAdd(RaftClientImpl.java:205)
	at org.apache.hadoop.hdds.scm.pipeline.RatisPipelineProvider.lambda$initializePipeline$1(RatisPipelineProvider.java:136)
	at org.apache.hadoop.hdds.scm.pipeline.RatisPipelineProvider.lambda$null$2(RatisPipelineProvider.java:171)
	at java.util.stream.ForEachOps$ForEachOp$OfRef.accept(ForEachOps.java:184)
	at java.util.ArrayList$ArrayListSpliterator.forEachRemaining(ArrayList.java:1382)
	at java.util.stream.AbstractPipeline.copyInto(AbstractPipeline.java:482)
	at java.util.stream.ForEachOps$ForEachTask.compute(ForEachOps.java:291)
	at java.util.concurrent.CountedCompleter.exec(CountedCompleter.java:731)
	at java.util.concurrent.ForkJoinTask.doExec(ForkJoinTask.java:289)
	at java.util.concurrent.ForkJoinPool$WorkQueue.runTask(ForkJoinPool.java:1056)
	at java.util.concurrent.ForkJoinPool.runWorker(ForkJoinPool.java:1692)
	at java.util.concurrent.ForkJoinWorkerThread.run(ForkJoinWorkerThread.java:157)
Caused by: org.apache.ratis.thirdparty.io.grpc.StatusRuntimeException: DEADLINE_EXCEEDED: deadline exceeded after 2999937929ns
	at org.apache.ratis.thirdparty.io.grpc.stub.ClientCalls.toStatusRuntimeException(ClientCalls.java:233)
	at org.apache.ratis.thirdparty.io.grpc.stub.ClientCalls.getUnchecked(ClientCalls.java:214)
	at org.apache.ratis.thirdparty.io.grpc.stub.ClientCalls.blockingUnaryCall(ClientCalls.java:139)
	at org.apache.ratis.proto.grpc.AdminProtocolServiceGrpc$AdminProtocolServiceBlockingStub.groupManagement(AdminProtocolServiceGrpc.java:274)
	at org.apache.ratis.grpc.client.GrpcClientProtocolClient.lambda$groupAdd$3(GrpcClientProtocolClient.java:149)
	at org.apache.ratis.grpc.client.GrpcClientProtocolClient.blockingCall(GrpcClientProtocolClient.java:176)
	... 15 more
2019-09-26 19:36:49,451 [Datanode State Machine Thread - 0] INFO  statemachine.DatanodeStateMachine (DatanodeStateMachine.java:lambda$startDaemon$0(350)) - Ozone container server started.
2019-09-26 19:36:49,450 [Datanode State Machine Thread - 0] INFO  statemachine.DatanodeStateMachine (DatanodeStateMachine.java:lambda$startDaemon$0(350)) - Ozone container server started.
2019-09-26 19:36:52,835 [RatisPipelineUtilsThread] ERROR pipeline.SCMPipelineManager (SCMPipelineManager.java:createPipeline(167)) - Pipeline creation failed.
org.apache.hadoop.io.MultipleIOException: 3 exceptions [java.io.IOException: Failed invoke Ratis rpc org.apache.hadoop.hdds.scm.pipeline.RatisPipelineProvider$$Lambda$170/203113788@70ea1646 for 728ea44c-f097-440a-a87e-c27a68d48f14, java.io.IOException: Failed invoke Ratis rpc org.apache.hadoop.hdds.scm.pipeline.RatisPipelineProvider$$Lambda$170/203113788@70ea1646 for 27cb48db-4b88-4c0c-b213-19f9b2fffaff, java.io.IOException: Failed invoke Ratis rpc org.apache.hadoop.hdds.scm.pipeline.RatisPipelineProvider$$Lambda$170/203113788@70ea1646 for 99aa1396-69c4-4985-9b2a-20430cc4a0a7]
	at org.apache.hadoop.io.MultipleIOException.createIOException(MultipleIOException.java:53)
	at org.apache.hadoop.hdds.scm.pipeline.RatisPipelineProvider.callRatisRpc(RatisPipelineProvider.java:191)
	at org.apache.hadoop.hdds.scm.pipeline.RatisPipelineProvider.initializePipeline(RatisPipelineProvider.java:134)
	at org.apache.hadoop.hdds.scm.pipeline.RatisPipelineProvider.create(RatisPipelineProvider.java:103)
	at org.apache.hadoop.hdds.scm.pipeline.PipelineFactory.create(PipelineFactory.java:58)
	at org.apache.hadoop.hdds.scm.pipeline.SCMPipelineManager.createPipeline(SCMPipelineManager.java:155)
	at org.apache.hadoop.hdds.scm.pipeline.BackgroundPipelineCreator.createPipelines(BackgroundPipelineCreator.java:99)
	at org.apache.hadoop.hdds.scm.pipeline.BackgroundPipelineCreator.lambda$startFixedIntervalPipelineCreator$0(BackgroundPipelineCreator.java:70)
	at java.util.concurrent.Executors$RunnableAdapter.call(Executors.java:511)
	at java.util.concurrent.FutureTask.runAndReset(FutureTask.java:308)
	at java.util.concurrent.ScheduledThreadPoolExecutor$ScheduledFutureTask.access$301(ScheduledThreadPoolExecutor.java:180)
	at java.util.concurrent.ScheduledThreadPoolExecutor$ScheduledFutureTask.run(ScheduledThreadPoolExecutor.java:294)
	at java.util.concurrent.ThreadPoolExecutor.runWorker(ThreadPoolExecutor.java:1149)
	at java.util.concurrent.ThreadPoolExecutor$Worker.run(ThreadPoolExecutor.java:624)
	at java.lang.Thread.run(Thread.java:748)
2019-09-26 19:36:48,553 [728ea44c-f097-440a-a87e-c27a68d48f14@group-6645935B50E3:LeaderElection1072] INFO  impl.LeaderElection (LeaderElection.java:askForVotes(182)) - 728ea44c-f097-440a-a87e-c27a68d48f14@group-6645935B50E3:LeaderElection1072: begin an election at term 1 for -1: [728ea44c-f097-440a-a87e-c27a68d48f14:192.168.151.99:38783], old=null
2019-09-26 19:36:48,553 [pool-261-thread-1] INFO  storage.RaftStorage (RaftStorage.java:format(72)) - Storage directory /workdir/hadoop-ozone/integration-test/target/test-dir/MiniOzoneClusterImpl-2f79a7d3-d7ae-4963-8370-12bb1e2132d7/datanode-0/data/ratis/56d3ef1b-bb39-4f9b-8fd2-5a8a56b7d313 has been successfully formatted.
2019-09-26 19:36:48,552 [pool-281-thread-1] INFO  storage.RaftStorageDirectory (RaftStorageDirectory.java:tryLock(328)) - Lock on /workdir/hadoop-ozone/integration-test/target/test-dir/MiniOzoneClusterImpl-2f79a7d3-d7ae-4963-8370-12bb1e2132d7/datanode-2/data/ratis/56d3ef1b-bb39-4f9b-8fd2-5a8a56b7d313/in_use.lock acquired by nodename 17888@pr-hdds-1569-g6sp5-2013761785
2019-09-26 19:36:44,011 [org.apache.hadoop.util.JvmPauseMonitor$Monitor@5b7530d3] WARN  util.JvmPauseMonitor (JvmPauseMonitor.java:run(201)) - Detected pause in JVM or host machine (eg GC): pause of approximately 20459ms
GC pool 'PS MarkSweep' had collection(s): count=48 time=19675ms
GC pool 'PS Scavenge' had collection(s): count=48 time=742ms
2019-09-26 19:36:44,011 [org.apache.hadoop.util.JvmPauseMonitor$Monitor@3cf51fab] WARN  util.JvmPauseMonitor (JvmPauseMonitor.java:run(201)) - Detected pause in JVM or host machine (eg GC): pause of approximately 20458ms
GC pool 'PS MarkSweep' had collection(s): count=48 time=19675ms
GC pool 'PS Scavenge' had collection(s): count=48 time=742ms
2019-09-26 19:36:44,011 [org.apache.hadoop.util.JvmPauseMonitor$Monitor@344de4c6] WARN  util.JvmPauseMonitor (JvmPauseMonitor.java:run(201)) - Detected pause in JVM or host machine (eg GC): pause of approximately 20459ms
GC pool 'PS MarkSweep' had collection(s): count=48 time=19675ms
GC pool 'PS Scavenge' had collection(s): count=48 time=742ms
2019-09-26 19:36:44,011 [org.apache.hadoop.util.JvmPauseMonitor$Monitor@688f7909] WARN  util.JvmPauseMonitor (JvmPauseMonitor.java:run(201)) - Detected pause in JVM or host machine (eg GC): pause of approximately 20458ms
GC pool 'PS MarkSweep' had collection(s): count=48 time=19675ms
GC pool 'PS Scavenge' had collection(s): count=48 time=742ms
2019-09-26 19:36:43,553 [pool-271-thread-1] INFO  storage.RaftStorageDirectory (RaftStorageDirectory.java:tryLock(328)) - Lock on /workdir/hadoop-ozone/integration-test/target/test-dir/MiniOzoneClusterImpl-2f79a7d3-d7ae-4963-8370-12bb1e2132d7/datanode-1/data/ratis/56d3ef1b-bb39-4f9b-8fd2-5a8a56b7d313/in_use.lock acquired by nodename 17888@pr-hdds-1569-g6sp5-2013761785
2019-09-26 19:36:41,786 [Thread-7060] WARN  util.JavaUtils (JavaUtils.java:sleep(250)) - Unexpected long sleep: sleep(5043ms) actually took 20252ms which is over the threshold 300ms
2019-09-26 19:36:41,786 [Thread-7041] WARN  util.JavaUtils (JavaUtils.java:sleep(250)) - Unexpected long sleep: sleep(5062ms) actually took 20252ms which is over the threshold 300ms
2019-09-26 19:36:41,786 [Thread-7057] WARN  util.JavaUtils (JavaUtils.java:sleep(250)) - Unexpected long sleep: sleep(5076ms) actually took 20252ms which is over the threshold 300ms
2019-09-26 19:36:41,786 [Thread-7008] WARN  util.JavaUtils (JavaUtils.java:sleep(250)) - Unexpected long sleep: sleep(5122ms) actually took 20251ms which is over the threshold 300ms
2019-09-26 19:36:41,786 [Thread-7005] WARN  util.JavaUtils (JavaUtils.java:sleep(250)) - Unexpected long sleep: sleep(5123ms) actually took 20251ms which is over the threshold 300ms
2019-09-26 19:36:41,785 [Thread-6993] WARN  util.JavaUtils (JavaUtils.java:sleep(250)) - Unexpected long sleep: sleep(5151ms) actually took 20250ms which is over the threshold 300ms
2019-09-26 19:36:41,785 [Thread-6932] WARN  util.JavaUtils (JavaUtils.java:sleep(250)) - Unexpected long sleep: sleep(5136ms) actually took 20251ms which is over the threshold 300ms
2019-09-26 19:36:41,785 [Thread-6999] WARN  util.JavaUtils (JavaUtils.java:sleep(250)) - Unexpected long sleep: sleep(5161ms) actually took 20250ms which is over the threshold 300ms
2019-09-26 19:36:41,785 [Thread-7050] WARN  util.JavaUtils (JavaUtils.java:sleep(250)) - Unexpected long sleep: sleep(5158ms) actually took 20251ms which is over the threshold 300ms
2019-09-26 19:36:41,785 [Thread-6978] WARN  util.JavaUtils (JavaUtils.java:sleep(250)) - Unexpected long sleep: sleep(5189ms) actually took 20250ms which is over the threshold 300ms
2019-09-26 19:36:41,784 [Thread-7063] WARN  util.JavaUtils (JavaUtils.java:sleep(250)) - Unexpected long sleep: sleep(5198ms) actually took 20249ms which is over the threshold 300ms
2019-09-26 19:36:41,314 [Thread-6219] INFO  ozoneimpl.OzoneContainer (OzoneContainer.java:stop(231)) - Attempting to stop container services.
2019-09-26 19:36:36,922 [27cb48db-4b88-4c0c-b213-19f9b2fffaff@group-382D4C860C58:LeaderElection1073] INFO  impl.LeaderElection (LeaderElection.java:askForVotes(182)) - 27cb48db-4b88-4c0c-b213-19f9b2fffaff@group-382D4C860C58:LeaderElection1073: begin an election at term 1 for -1: [27cb48db-4b88-4c0c-b213-19f9b2fffaff:192.168.151.99:37457], old=null
2019-09-26 19:36:52,836 [pool-261-thread-1] INFO  ratis.ContainerStateMachine (ContainerStateMachine.java:loadSnapshot(230)) - group-5A8A56B7D313: The snapshot info is null. Setting the last applied indexto:(t:0, i:~)
2019-09-26 19:36:52,836 [728ea44c-f097-440a-a87e-c27a68d48f14@group-6645935B50E3:LeaderElection1072] INFO  impl.RoleInfo (RoleInfo.java:shutdownLeaderElection(134)) - 728ea44c-f097-440a-a87e-c27a68d48f14: shutdown LeaderElection
2019-09-26 19:36:52,824 [728ea44c-f097-440a-a87e-c27a68d48f14@group-FC635B7BAD4C:LeaderElection1079] INFO  impl.LeaderElection (LeaderElection.java:askForVotes(182)) - 728ea44c-f097-440a-a87e-c27a68d48f14@group-FC635B7BAD4C:LeaderElection1079: begin an election at term 1 for -1: [728ea44c-f097-440a-a87e-c27a68d48f14:192.168.151.99:38783], old=null
2019-09-26 19:36:52,809 [27cb48db-4b88-4c0c-b213-19f9b2fffaff@group-15639E0CE94A:LeaderElection1078] INFO  impl.LeaderElection (LeaderElection.java:askForVotes(182)) - 27cb48db-4b88-4c0c-b213-19f9b2fffaff@group-15639E0CE94A:LeaderElection1078: begin an election at term 1 for -1: [27cb48db-4b88-4c0c-b213-19f9b2fffaff:192.168.151.99:37457], old=null
2019-09-26 19:36:52,854 [27cb48db-4b88-4c0c-b213-19f9b2fffaff@group-15639E0CE94A:LeaderElection1078] INFO  impl.RoleInfo (RoleInfo.java:shutdownLeaderElection(134)) - 27cb48db-4b88-4c0c-b213-19f9b2fffaff: shutdown LeaderElection
2019-09-26 19:36:49,496 [27cb48db-4b88-4c0c-b213-19f9b2fffaff@group-88A4DF62043E:LeaderElection1075] INFO  impl.RoleInfo (RoleInfo.java:shutdownLeaderElection(134)) - 27cb48db-4b88-4c0c-b213-19f9b2fffaff: shutdown LeaderElection
2019-09-26 19:36:52,854 [27cb48db-4b88-4c0c-b213-19f9b2fffaff@group-15639E0CE94A:LeaderElection1078] INFO  impl.RaftServerImpl (RaftServerImpl.java:setRole(174)) - 27cb48db-4b88-4c0c-b213-19f9b2fffaff@group-15639E0CE94A: changes role from CANDIDATE to LEADER at term 1 for changeToLeader
2019-09-26 19:36:52,854 [728ea44c-f097-440a-a87e-c27a68d48f14@group-FC635B7BAD4C:LeaderElection1079] INFO  impl.RoleInfo (RoleInfo.java:shutdownLeaderElection(134)) - 728ea44c-f097-440a-a87e-c27a68d48f14: shutdown LeaderElection
2019-09-26 19:36:52,855 [728ea44c-f097-440a-a87e-c27a68d48f14@group-FC635B7BAD4C:LeaderElection1079] INFO  impl.RaftServerImpl (RaftServerImpl.java:setRole(174)) - 728ea44c-f097-440a-a87e-c27a68d48f14@group-FC635B7BAD4C: changes role from CANDIDATE to LEADER at term 1 for changeToLeader
2019-09-26 19:36:52,854 [728ea44c-f097-440a-a87e-c27a68d48f14@group-6645935B50E3:LeaderElection1072] INFO  impl.RaftServerImpl (RaftServerImpl.java:setRole(174)) - 728ea44c-f097-440a-a87e-c27a68d48f14@group-6645935B50E3: changes role from CANDIDATE to LEADER at term 1 for changeToLeader
2019-09-26 19:36:52,854 [pool-261-thread-1] INFO  server.RaftServerConfigKeys (ConfUtils.java:logGet(43)) - raft.server.notification.no-leader.timeout = 120s (custom)
2019-09-26 19:36:52,854 [Thread-6219] WARN  impl.RaftServerProxy (RaftServerProxy.java:close(310)) - 728ea44c-f097-440a-a87e-c27a68d48f14: Failed to shutdown GRPC server
2019-09-26 19:36:52,854 [27cb48db-4b88-4c0c-b213-19f9b2fffaff@group-382D4C860C58:LeaderElection1073] INFO  impl.RoleInfo (RoleInfo.java:shutdownLeaderElection(134)) - 27cb48db-4b88-4c0c-b213-19f9b2fffaff: shutdown LeaderElection
2019-09-26 19:36:52,855 [Thread-6219] INFO  impl.RaftServerProxy (RaftServerProxy.java:lambda$close$4(314)) - 728ea44c-f097-440a-a87e-c27a68d48f14: close
2019-09-26 19:36:52,855 [pool-261-thread-1] INFO  server.RaftServerConfigKeys (ConfUtils.java:logGet(43)) - raft.server.log.use.memory = false (default)
2019-09-26 19:36:52,855 [728ea44c-f097-440a-a87e-c27a68d48f14@group-6645935B50E3:LeaderElection1072] INFO  impl.RaftServerImpl (ServerState.java:setLeader(253)) - 728ea44c-f097-440a-a87e-c27a68d48f14@group-6645935B50E3: change Leader from null to 728ea44c-f097-440a-a87e-c27a68d48f14 at term 1 for becomeLeader, leader elected after 57135ms
2019-09-26 19:36:52,855 [728ea44c-f097-440a-a87e-c27a68d48f14@group-FC635B7BAD4C:LeaderElection1079] INFO  impl.RaftServerImpl (ServerState.java:setLeader(253)) - 728ea44c-f097-440a-a87e-c27a68d48f14@group-FC635B7BAD4C: change Leader from null to 728ea44c-f097-440a-a87e-c27a68d48f14 at term 1 for becomeLeader, leader elected after 54024ms
2019-09-26 19:36:52,854 [27cb48db-4b88-4c0c-b213-19f9b2fffaff@group-15639E0CE94A:LeaderElection1078] INFO  impl.RaftServerImpl (ServerState.java:setLeader(253)) - 27cb48db-4b88-4c0c-b213-19f9b2fffaff@group-15639E0CE94A: change Leader from null to 27cb48db-4b88-4c0c-b213-19f9b2fffaff at term 1 for becomeLeader, leader elected after 57079ms
2019-09-26 19:36:52,854 [27cb48db-4b88-4c0c-b213-19f9b2fffaff@group-88A4DF62043E:LeaderElection1075] INFO  impl.RaftServerImpl (RaftServerImpl.java:setRole(174)) - 27cb48db-4b88-4c0c-b213-19f9b2fffaff@group-88A4DF62043E: changes role from CANDIDATE to LEADER at term 1 for changeToLeader
2019-09-26 19:36:52,856 [27cb48db-4b88-4c0c-b213-19f9b2fffaff@group-15639E0CE94A:LeaderElection1078] INFO  server.RaftServerConfigKeys (ConfUtils.java:logGet(43)) - raft.server.staging.catchup.gap = 1000 (default)
2019-09-26 19:36:52,856 [728ea44c-f097-440a-a87e-c27a68d48f14@group-FC635B7BAD4C:LeaderElection1079] INFO  server.RaftServerConfigKeys (ConfUtils.java:logGet(43)) - raft.server.staging.catchup.gap = 1000 (default)
2019-09-26 19:36:52,856 [728ea44c-f097-440a-a87e-c27a68d48f14@group-FC635B7BAD4C:LeaderElection1079] INFO  server.RaftServerConfigKeys (ConfUtils.java:logGet(43)) - raft.server.rpc.sleep.time = 25ms (default)
2019-09-26 19:36:52,856 [728ea44c-f097-440a-a87e-c27a68d48f14@group-6645935B50E3:LeaderElection1072] INFO  server.RaftServerConfigKeys (ConfUtils.java:logGet(43)) - raft.server.staging.catchup.gap = 1000 (default)
2019-09-26 19:36:52,855 [pool-261-thread-1] INFO  server.RaftServerConfigKeys (ConfUtils.java:logGet(43)) - raft.server.log.purge.gap = 1000000 (custom)
2019-09-26 19:36:52,855 [Thread-6219] INFO  impl.RaftServerImpl (RaftServerImpl.java:lambda$shutdown$3(251)) - 728ea44c-f097-440a-a87e-c27a68d48f14@group-A248398DF8D6: shutdown
2019-09-26 19:36:52,855 [27cb48db-4b88-4c0c-b213-19f9b2fffaff@group-382D4C860C58:LeaderElection1073] INFO  impl.RaftServerImpl (RaftServerImpl.java:setRole(174)) - 27cb48db-4b88-4c0c-b213-19f9b2fffaff@group-382D4C860C58: changes role from CANDIDATE to LEADER at term 1 for changeToLeader
2019-09-26 19:36:52,857 [Thread-6219] INFO  util.JmxRegister (JmxRegister.java:unregister(73)) - Successfully un-registered JMX Bean with object name Ratis:service=RaftServer,group=group-A248398DF8D6,id=728ea44c-f097-440a-a87e-c27a68d48f14
2019-09-26 19:36:52,857 [Thread-6219] INFO  impl.RoleInfo (RoleInfo.java:shutdownLeaderState(104)) - 728ea44c-f097-440a-a87e-c27a68d48f14: shutdown LeaderState
2019-09-26 19:36:52,856 [pool-261-thread-1] INFO  server.RaftServerConfigKeys (ConfUtils.java:logGet(43)) - raft.server.log.appender.buffer.byte-limit = 33554432 (custom)
2019-09-26 19:36:52,856 [728ea44c-f097-440a-a87e-c27a68d48f14@group-6645935B50E3:LeaderElection1072] INFO  server.RaftServerConfigKeys (ConfUtils.java:logGet(43)) - raft.server.rpc.sleep.time = 25ms (default)
2019-09-26 19:36:52,856 [728ea44c-f097-440a-a87e-c27a68d48f14@group-FC635B7BAD4C:LeaderElection1079] INFO  server.RaftServerConfigKeys (ConfUtils.java:logGet(43)) - raft.server.write.element-limit = 4096 (default)
2019-09-26 19:36:52,856 [27cb48db-4b88-4c0c-b213-19f9b2fffaff@group-15639E0CE94A:LeaderElection1078] INFO  server.RaftServerConfigKeys (ConfUtils.java:logGet(43)) - raft.server.rpc.sleep.time = 25ms (default)
2019-09-26 19:36:52,856 [27cb48db-4b88-4c0c-b213-19f9b2fffaff@group-88A4DF62043E:LeaderElection1075] INFO  impl.RaftServerImpl (ServerState.java:setLeader(253)) - 27cb48db-4b88-4c0c-b213-19f9b2fffaff@group-88A4DF62043E: change Leader from null to 27cb48db-4b88-4c0c-b213-19f9b2fffaff at term 1 for becomeLeader, leader elected after 54539ms
2019-09-26 19:36:52,865 [27cb48db-4b88-4c0c-b213-19f9b2fffaff@group-15639E0CE94A:LeaderElection1078] INFO  server.RaftServerConfigKeys (ConfUtils.java:logGet(43)) - raft.server.write.element-limit = 4096 (default)
2019-09-26 19:36:52,865 [728ea44c-f097-440a-a87e-c27a68d48f14@group-FC635B7BAD4C:LeaderElection1079] INFO  server.RaftServerConfigKeys (ConfUtils.java:logGet(43)) - raft.server.watch.timeout = 10s (default)
2019-09-26 19:36:52,864 [728ea44c-f097-440a-a87e-c27a68d48f14@group-6645935B50E3:LeaderElection1072] INFO  server.RaftServerConfigKeys (ConfUtils.java:logGet(43)) - raft.server.write.element-limit = 4096 (default)
2019-09-26 19:36:52,865 [728ea44c-f097-440a-a87e-c27a68d48f14@group-6645935B50E3:LeaderElection1072] INFO  server.RaftServerConfigKeys (ConfUtils.java:logGet(43)) - raft.server.watch.timeout = 10s (default)
2019-09-26 19:36:52,864 [pool-261-thread-1] INFO  server.RaftServerConfigKeys (ConfUtils.java:logGet(43)) - raft.server.log.segment.size.max = 1048576 (custom)
2019-09-26 19:36:52,864 [Thread-6219] INFO  impl.PendingRequests (PendingRequests.java:sendNotLeaderResponses(202)) - 728ea44c-f097-440a-a87e-c27a68d48f14-PendingRequests: sendNotLeaderResponses
2019-09-26 19:36:52,857 [27cb48db-4b88-4c0c-b213-19f9b2fffaff@group-382D4C860C58:LeaderElection1073] INFO  impl.RaftServerImpl (ServerState.java:setLeader(253)) - 27cb48db-4b88-4c0c-b213-19f9b2fffaff@group-382D4C860C58: change Leader from null to 27cb48db-4b88-4c0c-b213-19f9b2fffaff at term 1 for becomeLeader, leader elected after 57014ms
2019-09-26 19:36:52,866 [Thread-6219] INFO  impl.StateMachineUpdater (StateMachineUpdater.java:stopAndJoin(125)) - 728ea44c-f097-440a-a87e-c27a68d48f14@group-A248398DF8D6-StateMachineUpdater: set stopIndex = -1
2019-09-26 19:36:52,866 [Thread-6219] INFO  impl.RaftServerImpl (ServerState.java:close(385)) - 728ea44c-f097-440a-a87e-c27a68d48f14@group-A248398DF8D6: closes. applyIndex: -1
2019-09-26 19:36:52,865 [pool-261-thread-1] INFO  server.RaftServerConfigKeys (ConfUtils.java:logGet(43)) - raft.server.log.segment.cache.num.max = 2 (custom)
2019-09-26 19:36:52,865 [728ea44c-f097-440a-a87e-c27a68d48f14@group-6645935B50E3:LeaderElection1072] INFO  server.RaftServerConfigKeys (ConfUtils.java:logGet(43)) - raft.server.watch.timeout.denomination = 1s (default)
2019-09-26 19:36:52,865 [728ea44c-f097-440a-a87e-c27a68d48f14@group-FC635B7BAD4C:LeaderElection1079] INFO  server.RaftServerConfigKeys (ConfUtils.java:logGet(43)) - raft.server.watch.timeout.denomination = 1s (default)
2019-09-26 19:36:52,866 [728ea44c-f097-440a-a87e-c27a68d48f14@group-FC635B7BAD4C:LeaderElection1079] INFO  server.RaftServerConfigKeys (ConfUtils.java:logGet(43)) - raft.server.watch.element-limit = 65536 (default)
2019-09-26 19:36:52,865 [27cb48db-4b88-4c0c-b213-19f9b2fffaff@group-15639E0CE94A:LeaderElection1078] INFO  server.RaftServerConfigKeys (ConfUtils.java:logGet(43)) - raft.server.watch.timeout = 10s (default)
2019-09-26 19:36:52,865 [27cb48db-4b88-4c0c-b213-19f9b2fffaff@group-88A4DF62043E:LeaderElection1075] INFO  server.RaftServerConfigKeys (ConfUtils.java:logGet(43)) - raft.server.staging.catchup.gap = 1000 (default)
2019-09-26 19:36:52,867 [27cb48db-4b88-4c0c-b213-19f9b2fffaff@group-15639E0CE94A:LeaderElection1078] INFO  server.RaftServerConfigKeys (ConfUtils.java:logGet(43)) - raft.server.watch.timeout.denomination = 1s (default)
2019-09-26 19:36:52,867 [27cb48db-4b88-4c0c-b213-19f9b2fffaff@group-15639E0CE94A:LeaderElection1078] INFO  server.RaftServerConfigKeys (ConfUtils.java:logGet(43)) - raft.server.watch.element-limit = 65536 (default)
]]></system-out>
  </testcase>
  <testcase name="testScmInfo" classname="org.apache.hadoop.ozone.TestStorageContainerManager" time="3.414"/>
</testsuite>