<?xml version="1.0" encoding="UTF-8"?>
<testsuite xmlns:xsi="http://www.w3.org/2001/XMLSchema-instance" xsi:noNamespaceSchemaLocation="https://maven.apache.org/surefire/maven-surefire-plugin/xsd/surefire-test-report.xsd" name="org.apache.hadoop.ozone.scm.TestContainerSmallFile" time="251.009" tests="4" errors="1" skipped="0" failures="0">
  <properties>
    <property name="awt.toolkit" value="sun.awt.X11.XToolkit"/>
    <property name="file.encoding.pkg" value="sun.io"/>
    <property name="java.specification.version" value="1.8"/>
    <property name="sun.cpu.isalist" value=""/>
    <property name="sun.jnu.encoding" value="UTF-8"/>
    <property name="java.class.path" value="/workdir/hadoop-ozone/integration-test/target/test-classes:/workdir/hadoop-ozone/integration-test/target/classes:/home/user/.m2/repository/org/apache/hadoop/hadoop-ozone-common/0.5.0-SNAPSHOT/hadoop-ozone-common-0.5.0-SNAPSHOT.jar:/home/user/.m2/repository/org/apache/commons/commons-compress/1.4.1/commons-compress-1.4.1.jar:/home/user/.m2/repository/org/tukaani/xz/1.0/xz-1.0.jar:/home/user/.m2/repository/org/apache/hadoop/hadoop-common/3.2.0/hadoop-common-3.2.0.jar:/home/user/.m2/repository/org/apache/hadoop/hadoop-hdfs/3.2.0/hadoop-hdfs-3.2.0.jar:/home/user/.m2/repository/org/apache/hadoop/hadoop-hdfs-client/3.2.0/hadoop-hdfs-client-3.2.0.jar:/home/user/.m2/repository/com/fasterxml/jackson/core/jackson-annotations/2.9.9/jackson-annotations-2.9.9.jar:/home/user/.m2/repository/org/apache/hadoop/hadoop-hdds-common/0.5.0-SNAPSHOT/hadoop-hdds-common-0.5.0-SNAPSHOT.jar:/home/user/.m2/repository/javax/annotation/javax.annotation-api/1.2/javax.annotation-api-1.2.jar:/home/user/.m2/repository/org/apache/ratis/ratis-server/0.4.0/ratis-server-0.4.0.jar:/home/user/.m2/repository/org/apache/ratis/ratis-thirdparty-misc/0.2.0/ratis-thirdparty-misc-0.2.0.jar:/home/user/.m2/repository/org/apache/ratis/ratis-proto/0.4.0/ratis-proto-0.4.0.jar:/home/user/.m2/repository/org/apache/ratis/ratis-common/0.4.0/ratis-common-0.4.0.jar:/home/user/.m2/repository/org/apache/ratis/ratis-client/0.4.0/ratis-client-0.4.0.jar:/home/user/.m2/repository/org/apache/ratis/ratis-metrics/0.4.0/ratis-metrics-0.4.0.jar:/home/user/.m2/repository/com/github/joshelser/dropwizard-metrics-hadoop-metrics2-reporter/0.1.2/dropwizard-metrics-hadoop-metrics2-reporter-0.1.2.jar:/home/user/.m2/repository/io/dropwizard/metrics/metrics-jvm/3.2.5/metrics-jvm-3.2.5.jar:/home/user/.m2/repository/io/dropwizard/metrics/metrics-ganglia/3.2.5/metrics-ganglia-3.2.5.jar:/home/user/.m2/repository/info/ganglia/gmetric4j/gmetric4j/1.0.7/gmetric4j-1.0.7.jar:/home/user/.m2/repository/org/apache/ratis/ratis-netty/0.4.0/ratis-netty-0.4.0.jar:/home/user/.m2/repository/org/apache/ratis/ratis-grpc/0.4.0/ratis-grpc-0.4.0.jar:/home/user/.m2/repository/org/rocksdb/rocksdbjni/6.0.1/rocksdbjni-6.0.1.jar:/home/user/.m2/repository/org/apache/logging/log4j/log4j-api/2.11.0/log4j-api-2.11.0.jar:/home/user/.m2/repository/org/apache/logging/log4j/log4j-core/2.11.0/log4j-core-2.11.0.jar:/home/user/.m2/repository/com/lmax/disruptor/3.4.2/disruptor-3.4.2.jar:/home/user/.m2/repository/org/apache/commons/commons-pool2/2.6.0/commons-pool2-2.6.0.jar:/home/user/.m2/repository/org/bouncycastle/bcpkix-jdk15on/1.60/bcpkix-jdk15on-1.60.jar:/home/user/.m2/repository/commons-validator/commons-validator/1.6/commons-validator-1.6.jar:/home/user/.m2/repository/commons-digester/commons-digester/1.8.1/commons-digester-1.8.1.jar:/home/user/.m2/repository/io/jaegertracing/jaeger-client/0.34.0/jaeger-client-0.34.0.jar:/home/user/.m2/repository/io/jaegertracing/jaeger-thrift/0.34.0/jaeger-thrift-0.34.0.jar:/home/user/.m2/repository/org/apache/thrift/libthrift/0.12.0/libthrift-0.12.0.jar:/home/user/.m2/repository/com/squareup/okhttp3/okhttp/3.9.0/okhttp-3.9.0.jar:/home/user/.m2/repository/com/squareup/okio/okio/1.13.0/okio-1.13.0.jar:/home/user/.m2/repository/io/jaegertracing/jaeger-core/0.34.0/jaeger-core-0.34.0.jar:/home/user/.m2/repository/io/jaegertracing/jaeger-tracerresolver/0.34.0/jaeger-tracerresolver-0.34.0.jar:/home/user/.m2/repository/io/opentracing/contrib/opentracing-tracerresolver/0.1.5/opentracing-tracerresolver-0.1.5.jar:/home/user/.m2/repository/io/opentracing/opentracing-util/0.31.0/opentracing-util-0.31.0.jar:/home/user/.m2/repository/io/opentracing/opentracing-api/0.31.0/opentracing-api-0.31.0.jar:/home/user/.m2/repository/io/opentracing/opentracing-noop/0.31.0/opentracing-noop-0.31.0.jar:/home/user/.m2/repository/org/apache/hadoop/hadoop-hdds-server-framework/0.5.0-SNAPSHOT/hadoop-hdds-server-framework-0.5.0-SNAPSHOT.jar:/home/user/.m2/repository/org/apache/hadoop/hadoop-hdds-container-service/0.5.0-SNAPSHOT/hadoop-hdds-container-service-0.5.0-SNAPSHOT.jar:/home/user/.m2/repository/org/apache/hadoop/hadoop-hdds-client/0.5.0-SNAPSHOT/hadoop-hdds-client-0.5.0-SNAPSHOT.jar:/home/user/.m2/repository/org/apache/hadoop/hadoop-hdds-tools/0.5.0-SNAPSHOT/hadoop-hdds-tools-0.5.0-SNAPSHOT.jar:/home/user/.m2/repository/org/apache/hadoop/hadoop-hdds-server-scm/0.5.0-SNAPSHOT/hadoop-hdds-server-scm-0.5.0-SNAPSHOT.jar:/home/user/.m2/repository/org/apache/hadoop/hadoop-hdds-docs/0.5.0-SNAPSHOT/hadoop-hdds-docs-0.5.0-SNAPSHOT.jar:/home/user/.m2/repository/io/dropwizard/metrics/metrics-core/3.2.4/metrics-core-3.2.4.jar:/home/user/.m2/repository/org/hamcrest/hamcrest-all/1.3/hamcrest-all-1.3.jar:/home/user/.m2/repository/org/bouncycastle/bcprov-jdk15on/1.60/bcprov-jdk15on-1.60.jar:/home/user/.m2/repository/info/picocli/picocli/3.9.6/picocli-3.9.6.jar:/home/user/.m2/repository/com/google/protobuf/protobuf-java/2.5.0/protobuf-java-2.5.0.jar:/home/user/.m2/repository/com/google/guava/guava/11.0.2/guava-11.0.2.jar:/home/user/.m2/repository/org/apache/hadoop/hadoop-ozone-ozone-manager/0.5.0-SNAPSHOT/hadoop-ozone-ozone-manager-0.5.0-SNAPSHOT.jar:/home/user/.m2/repository/org/apache/hadoop/hadoop-minikdc/3.2.0/hadoop-minikdc-3.2.0.jar:/home/user/.m2/repository/commons-io/commons-io/2.5/commons-io-2.5.jar:/home/user/.m2/repository/org/apache/kerby/kerb-simplekdc/1.0.1/kerb-simplekdc-1.0.1.jar:/home/user/.m2/repository/org/apache/kerby/kerb-client/1.0.1/kerb-client-1.0.1.jar:/home/user/.m2/repository/org/apache/kerby/kerby-config/1.0.1/kerby-config-1.0.1.jar:/home/user/.m2/repository/org/apache/kerby/kerb-core/1.0.1/kerb-core-1.0.1.jar:/home/user/.m2/repository/org/apache/kerby/kerby-pkix/1.0.1/kerby-pkix-1.0.1.jar:/home/user/.m2/repository/org/apache/kerby/kerby-asn1/1.0.1/kerby-asn1-1.0.1.jar:/home/user/.m2/repository/org/apache/kerby/kerby-util/1.0.1/kerby-util-1.0.1.jar:/home/user/.m2/repository/org/apache/kerby/kerb-common/1.0.1/kerb-common-1.0.1.jar:/home/user/.m2/repository/org/apache/kerby/kerb-crypto/1.0.1/kerb-crypto-1.0.1.jar:/home/user/.m2/repository/org/apache/kerby/kerb-util/1.0.1/kerb-util-1.0.1.jar:/home/user/.m2/repository/org/apache/kerby/token-provider/1.0.1/token-provider-1.0.1.jar:/home/user/.m2/repository/org/apache/kerby/kerb-admin/1.0.1/kerb-admin-1.0.1.jar:/home/user/.m2/repository/org/apache/kerby/kerb-server/1.0.1/kerb-server-1.0.1.jar:/home/user/.m2/repository/org/apache/kerby/kerb-identity/1.0.1/kerb-identity-1.0.1.jar:/home/user/.m2/repository/org/apache/kerby/kerby-xdr/1.0.1/kerby-xdr-1.0.1.jar:/home/user/.m2/repository/org/slf4j/slf4j-log4j12/1.7.25/slf4j-log4j12-1.7.25.jar:/home/user/.m2/repository/org/apache/hadoop/hadoop-ozone-s3gateway/0.5.0-SNAPSHOT/hadoop-ozone-s3gateway-0.5.0-SNAPSHOT.jar:/home/user/.m2/repository/org/jboss/weld/servlet/weld-servlet/2.4.7.Final/weld-servlet-2.4.7.Final.jar:/home/user/.m2/repository/org/glassfish/jersey/containers/jersey-container-servlet-core/2.27/jersey-container-servlet-core-2.27.jar:/home/user/.m2/repository/org/glassfish/hk2/external/javax.inject/2.5.0-b42/javax.inject-2.5.0-b42.jar:/home/user/.m2/repository/org/glassfish/jersey/core/jersey-common/2.27/jersey-common-2.27.jar:/home/user/.m2/repository/org/glassfish/hk2/osgi-resource-locator/1.0.1/osgi-resource-locator-1.0.1.jar:/home/user/.m2/repository/javax/ws/rs/javax.ws.rs-api/2.1/javax.ws.rs-api-2.1.jar:/home/user/.m2/repository/org/glassfish/jersey/ext/cdi/jersey-cdi1x/2.27/jersey-cdi1x-2.27.jar:/home/user/.m2/repository/org/glassfish/jersey/inject/jersey-hk2/2.27/jersey-hk2-2.27.jar:/home/user/.m2/repository/org/glassfish/hk2/hk2-locator/2.5.0-b42/hk2-locator-2.5.0-b42.jar:/home/user/.m2/repository/org/javassist/javassist/3.22.0-CR2/javassist-3.22.0-CR2.jar:/home/user/.m2/repository/org/glassfish/hk2/hk2-api/2.5.0/hk2-api-2.5.0.jar:/home/user/.m2/repository/org/glassfish/hk2/external/jakarta.inject/2.5.0/jakarta.inject-2.5.0.jar:/home/user/.m2/repository/org/glassfish/hk2/hk2-utils/2.5.0/hk2-utils-2.5.0.jar:/home/user/.m2/repository/jakarta/annotation/jakarta.annotation-api/1.3.4/jakarta.annotation-api-1.3.4.jar:/home/user/.m2/repository/org/glassfish/hk2/external/aopalliance-repackaged/2.5.0/aopalliance-repackaged-2.5.0.jar:/home/user/.m2/repository/com/fasterxml/jackson/dataformat/jackson-dataformat-xml/2.9.0/jackson-dataformat-xml-2.9.0.jar:/home/user/.m2/repository/com/fasterxml/jackson/core/jackson-core/2.9.9/jackson-core-2.9.9.jar:/home/user/.m2/repository/com/fasterxml/jackson/module/jackson-module-jaxb-annotations/2.9.9/jackson-module-jaxb-annotations-2.9.9.jar:/home/user/.m2/repository/javax/enterprise/cdi-api/1.2/cdi-api-1.2.jar:/home/user/.m2/repository/javax/el/javax.el-api/3.0.0/javax.el-api-3.0.0.jar:/home/user/.m2/repository/javax/interceptor/javax.interceptor-api/1.2/javax.interceptor-api-1.2.jar:/home/user/.m2/repository/javax/inject/javax.inject/1/javax.inject-1.jar:/home/user/.m2/repository/com/sun/xml/bind/jaxb-impl/2.3.0.1/jaxb-impl-2.3.0.1.jar:/home/user/.m2/repository/com/sun/xml/bind/jaxb-core/2.3.0.1/jaxb-core-2.3.0.1.jar:/home/user/.m2/repository/javax/xml/bind/jaxb-api/2.3.0/jaxb-api-2.3.0.jar:/home/user/.m2/repository/javax/activation/activation/1.1.1/activation-1.1.1.jar:/home/user/.m2/repository/org/apache/hadoop/hadoop-ozone-csi/0.5.0-SNAPSHOT/hadoop-ozone-csi-0.5.0-SNAPSHOT.jar:/home/user/.m2/repository/com/google/protobuf/protobuf-java-util/3.5.1/protobuf-java-util-3.5.1.jar:/home/user/.m2/repository/org/apache/hadoop/hadoop-hdds-config/0.5.0-SNAPSHOT/hadoop-hdds-config-0.5.0-SNAPSHOT.jar:/home/user/.m2/repository/io/grpc/grpc-netty/1.17.1/grpc-netty-1.17.1.jar:/home/user/.m2/repository/io/grpc/grpc-core/1.17.1/grpc-core-1.17.1.jar:/home/user/.m2/repository/io/grpc/grpc-context/1.17.1/grpc-context-1.17.1.jar:/home/user/.m2/repository/com/google/errorprone/error_prone_annotations/2.2.0/error_prone_annotations-2.2.0.jar:/home/user/.m2/repository/org/codehaus/mojo/animal-sniffer-annotations/1.17/animal-sniffer-annotations-1.17.jar:/home/user/.m2/repository/io/opencensus/opencensus-api/0.17.0/opencensus-api-0.17.0.jar:/home/user/.m2/repository/io/opencensus/opencensus-contrib-grpc-metrics/0.17.0/opencensus-contrib-grpc-metrics-0.17.0.jar:/home/user/.m2/repository/io/netty/netty-codec-http2/4.1.30.Final/netty-codec-http2-4.1.30.Final.jar:/home/user/.m2/repository/io/netty/netty-codec-http/4.1.30.Final/netty-codec-http-4.1.30.Final.jar:/home/user/.m2/repository/io/netty/netty-codec/4.1.30.Final/netty-codec-4.1.30.Final.jar:/home/user/.m2/repository/io/netty/netty-handler/4.1.30.Final/netty-handler-4.1.30.Final.jar:/home/user/.m2/repository/io/netty/netty-handler-proxy/4.1.30.Final/netty-handler-proxy-4.1.30.Final.jar:/home/user/.m2/repository/io/netty/netty-codec-socks/4.1.30.Final/netty-codec-socks-4.1.30.Final.jar:/home/user/.m2/repository/io/netty/netty-transport-native-epoll/4.1.30.Final/netty-transport-native-epoll-4.1.30.Final.jar:/home/user/.m2/repository/io/netty/netty-common/4.1.30.Final/netty-common-4.1.30.Final.jar:/home/user/.m2/repository/io/netty/netty-buffer/4.1.30.Final/netty-buffer-4.1.30.Final.jar:/home/user/.m2/repository/io/netty/netty-transport/4.1.30.Final/netty-transport-4.1.30.Final.jar:/home/user/.m2/repository/io/netty/netty-resolver/4.1.30.Final/netty-resolver-4.1.30.Final.jar:/home/user/.m2/repository/io/netty/netty-transport-native-unix-common/4.1.30.Final/netty-transport-native-unix-common-4.1.30.Final.jar:/home/user/.m2/repository/io/grpc/grpc-protobuf/1.17.1/grpc-protobuf-1.17.1.jar:/home/user/.m2/repository/com/google/api/grpc/proto-google-common-protos/1.0.0/proto-google-common-protos-1.0.0.jar:/home/user/.m2/repository/io/grpc/grpc-protobuf-lite/1.17.1/grpc-protobuf-lite-1.17.1.jar:/home/user/.m2/repository/io/grpc/grpc-stub/1.17.1/grpc-stub-1.17.1.jar:/home/user/.m2/repository/org/apache/hadoop/hadoop-ozone-recon/0.5.0-SNAPSHOT/hadoop-ozone-recon-0.5.0-SNAPSHOT.jar:/home/user/.m2/repository/org/apache/hadoop/hadoop-ozone-reconcodegen/0.5.0-SNAPSHOT/hadoop-ozone-reconcodegen-0.5.0-SNAPSHOT.jar:/home/user/.m2/repository/com/google/inject/extensions/guice-multibindings/4.0/guice-multibindings-4.0.jar:/home/user/.m2/repository/com/google/inject/guice/4.0/guice-4.0.jar:/home/user/.m2/repository/aopalliance/aopalliance/1.0/aopalliance-1.0.jar:/home/user/.m2/repository/com/google/inject/extensions/guice-servlet/4.0/guice-servlet-4.0.jar:/home/user/.m2/repository/org/glassfish/jersey/containers/jersey-container-servlet/2.27/jersey-container-servlet-2.27.jar:/home/user/.m2/repository/org/glassfish/hk2/guice-bridge/2.5.0/guice-bridge-2.5.0.jar:/home/user/.m2/repository/org/glassfish/jersey/core/jersey-server/2.27/jersey-server-2.27.jar:/home/user/.m2/repository/org/glassfish/jersey/core/jersey-client/2.27/jersey-client-2.27.jar:/home/user/.m2/repository/org/glassfish/jersey/media/jersey-media-jaxb/2.27/jersey-media-jaxb-2.27.jar:/home/user/.m2/repository/javax/validation/validation-api/1.1.0.Final/validation-api-1.1.0.Final.jar:/home/user/.m2/repository/org/glassfish/jersey/media/jersey-media-json-jackson/2.27/jersey-media-json-jackson-2.27.jar:/home/user/.m2/repository/org/glassfish/jersey/ext/jersey-entity-filtering/2.27/jersey-entity-filtering-2.27.jar:/home/user/.m2/repository/com/google/inject/extensions/guice-assistedinject/4.0/guice-assistedinject-4.0.jar:/home/user/.m2/repository/org/jooq/jooq/3.11.10/jooq-3.11.10.jar:/home/user/.m2/repository/org/jooq/jooq-meta/3.11.10/jooq-meta-3.11.10.jar:/home/user/.m2/repository/org/jooq/jooq-codegen/3.11.10/jooq-codegen-3.11.10.jar:/home/user/.m2/repository/com/jolbox/bonecp/0.8.0.RELEASE/bonecp-0.8.0.RELEASE.jar:/home/user/.m2/repository/org/xerial/sqlite-jdbc/3.25.2/sqlite-jdbc-3.25.2.jar:/home/user/.m2/repository/org/springframework/spring-jdbc/5.1.3.RELEASE/spring-jdbc-5.1.3.RELEASE.jar:/home/user/.m2/repository/org/springframework/spring-beans/5.1.3.RELEASE/spring-beans-5.1.3.RELEASE.jar:/home/user/.m2/repository/org/springframework/spring-core/5.1.3.RELEASE/spring-core-5.1.3.RELEASE.jar:/home/user/.m2/repository/org/springframework/spring-jcl/5.1.3.RELEASE/spring-jcl-5.1.3.RELEASE.jar:/home/user/.m2/repository/org/springframework/spring-tx/5.1.3.RELEASE/spring-tx-5.1.3.RELEASE.jar:/home/user/.m2/repository/org/apache/hadoop/hadoop-ozone-client/0.5.0-SNAPSHOT/hadoop-ozone-client-0.5.0-SNAPSHOT.jar:/home/user/.m2/repository/commons-lang/commons-lang/2.6/commons-lang-2.6.jar:/home/user/.m2/repository/org/apache/hadoop/hadoop-ozone-ozone-manager/0.5.0-SNAPSHOT/hadoop-ozone-ozone-manager-0.5.0-SNAPSHOT-tests.jar:/home/user/.m2/repository/junit/junit/4.11/junit-4.11.jar:/home/user/.m2/repository/org/hamcrest/hamcrest-core/1.3/hamcrest-core-1.3.jar:/home/user/.m2/repository/org/openjdk/jmh/jmh-core/1.19/jmh-core-1.19.jar:/home/user/.m2/repository/net/sf/jopt-simple/jopt-simple/4.6/jopt-simple-4.6.jar:/home/user/.m2/repository/org/apache/commons/commons-math3/3.1.1/commons-math3-3.1.1.jar:/home/user/.m2/repository/org/openjdk/jmh/jmh-generator-annprocess/1.19/jmh-generator-annprocess-1.19.jar:/home/user/.m2/repository/org/mockito/mockito-all/1.8.5/mockito-all-1.8.5.jar:/home/user/.m2/repository/org/apache/hadoop/hadoop-kms/3.2.0/hadoop-kms-3.2.0.jar:/home/user/.m2/repository/org/apache/hadoop/hadoop-auth/3.2.0/hadoop-auth-3.2.0.jar:/home/user/.m2/repository/com/nimbusds/nimbus-jose-jwt/4.41.1/nimbus-jose-jwt-4.41.1.jar:/home/user/.m2/repository/com/github/stephenc/jcip/jcip-annotations/1.0-1/jcip-annotations-1.0-1.jar:/home/user/.m2/repository/net/minidev/json-smart/2.3/json-smart-2.3.jar:/home/user/.m2/repository/net/minidev/accessors-smart/1.2/accessors-smart-1.2.jar:/home/user/.m2/repository/org/ow2/asm/asm/5.0.4/asm-5.0.4.jar:/home/user/.m2/repository/org/apache/curator/curator-framework/2.12.0/curator-framework-2.12.0.jar:/home/user/.m2/repository/com/sun/jersey/jersey-core/1.19/jersey-core-1.19.jar:/home/user/.m2/repository/javax/ws/rs/jsr311-api/1.1.1/jsr311-api-1.1.1.jar:/home/user/.m2/repository/com/sun/jersey/jersey-server/1.19/jersey-server-1.19.jar:/home/user/.m2/repository/javax/servlet/javax.servlet-api/3.1.0/javax.servlet-api-3.1.0.jar:/home/user/.m2/repository/org/eclipse/jetty/jetty-server/9.3.25.v20180904/jetty-server-9.3.25.v20180904.jar:/home/user/.m2/repository/org/eclipse/jetty/jetty-http/9.3.25.v20180904/jetty-http-9.3.25.v20180904.jar:/home/user/.m2/repository/org/eclipse/jetty/jetty-io/9.3.25.v20180904/jetty-io-9.3.25.v20180904.jar:/home/user/.m2/repository/org/eclipse/jetty/jetty-webapp/9.3.25.v20180904/jetty-webapp-9.3.25.v20180904.jar:/home/user/.m2/repository/org/eclipse/jetty/jetty-xml/9.3.25.v20180904/jetty-xml-9.3.25.v20180904.jar:/home/user/.m2/repository/log4j/log4j/1.2.17/log4j-1.2.17.jar:/home/user/.m2/repository/org/slf4j/slf4j-api/1.7.25/slf4j-api-1.7.25.jar:/home/user/.m2/repository/org/slf4j/jul-to-slf4j/1.7.25/jul-to-slf4j-1.7.25.jar:/home/user/.m2/repository/org/eclipse/jetty/jetty-util/9.3.25.v20180904/jetty-util-9.3.25.v20180904.jar:/home/user/.m2/repository/com/fasterxml/jackson/core/jackson-databind/2.9.9/jackson-databind-2.9.9.jar:/home/user/.m2/repository/org/apache/hadoop/hadoop-kms/3.2.0/hadoop-kms-3.2.0-tests.jar:/home/user/.m2/repository/org/apache/hadoop/hadoop-hdds-server-scm/0.5.0-SNAPSHOT/hadoop-hdds-server-scm-0.5.0-SNAPSHOT-tests.jar:/home/user/.m2/repository/org/apache/hadoop/hadoop-hdds-container-service/0.5.0-SNAPSHOT/hadoop-hdds-container-service-0.5.0-SNAPSHOT-tests.jar:/home/user/.m2/repository/org/yaml/snakeyaml/1.16/snakeyaml-1.16.jar:/home/user/.m2/repository/org/apache/hadoop/hadoop-common/3.2.0/hadoop-common-3.2.0-tests.jar:/home/user/.m2/repository/org/apache/hadoop/hadoop-annotations/3.2.0/hadoop-annotations-3.2.0.jar:/usr/lib/jvm/java-1.8-openjdk/jre/../lib/tools.jar:/home/user/.m2/repository/commons-cli/commons-cli/1.2/commons-cli-1.2.jar:/home/user/.m2/repository/org/apache/httpcomponents/httpclient/4.5.2/httpclient-4.5.2.jar:/home/user/.m2/repository/org/apache/httpcomponents/httpcore/4.4.4/httpcore-4.4.4.jar:/home/user/.m2/repository/commons-codec/commons-codec/1.11/commons-codec-1.11.jar:/home/user/.m2/repository/commons-net/commons-net/3.6/commons-net-3.6.jar:/home/user/.m2/repository/commons-collections/commons-collections/3.2.2/commons-collections-3.2.2.jar:/home/user/.m2/repository/org/eclipse/jetty/jetty-servlet/9.3.25.v20180904/jetty-servlet-9.3.25.v20180904.jar:/home/user/.m2/repository/org/eclipse/jetty/jetty-security/9.3.25.v20180904/jetty-security-9.3.25.v20180904.jar:/home/user/.m2/repository/javax/servlet/jsp/jsp-api/2.1/jsp-api-2.1.jar:/home/user/.m2/repository/com/sun/jersey/jersey-servlet/1.19/jersey-servlet-1.19.jar:/home/user/.m2/repository/com/sun/jersey/jersey-json/1.19/jersey-json-1.19.jar:/home/user/.m2/repository/org/codehaus/jettison/jettison/1.1/jettison-1.1.jar:/home/user/.m2/repository/org/codehaus/jackson/jackson-core-asl/1.9.13/jackson-core-asl-1.9.13.jar:/home/user/.m2/repository/org/codehaus/jackson/jackson-mapper-asl/1.9.13/jackson-mapper-asl-1.9.13.jar:/home/user/.m2/repository/org/codehaus/jackson/jackson-jaxrs/1.9.13/jackson-jaxrs-1.9.13.jar:/home/user/.m2/repository/org/codehaus/jackson/jackson-xc/1.9.13/jackson-xc-1.9.13.jar:/home/user/.m2/repository/commons-logging/commons-logging/1.1.3/commons-logging-1.1.3.jar:/home/user/.m2/repository/commons-beanutils/commons-beanutils/1.9.4/commons-beanutils-1.9.4.jar:/home/user/.m2/repository/org/apache/commons/commons-configuration2/2.1.1/commons-configuration2-2.1.1.jar:/home/user/.m2/repository/org/apache/commons/commons-lang3/3.7/commons-lang3-3.7.jar:/home/user/.m2/repository/org/apache/commons/commons-text/1.4/commons-text-1.4.jar:/home/user/.m2/repository/org/apache/avro/avro/1.7.7/avro-1.7.7.jar:/home/user/.m2/repository/com/thoughtworks/paranamer/paranamer/2.3/paranamer-2.3.jar:/home/user/.m2/repository/org/xerial/snappy/snappy-java/1.0.5/snappy-java-1.0.5.jar:/home/user/.m2/repository/com/google/re2j/re2j/1.1/re2j-1.1.jar:/home/user/.m2/repository/com/google/code/gson/gson/2.2.4/gson-2.2.4.jar:/home/user/.m2/repository/com/jcraft/jsch/0.1.54/jsch-0.1.54.jar:/home/user/.m2/repository/org/apache/curator/curator-client/2.12.0/curator-client-2.12.0.jar:/home/user/.m2/repository/org/apache/curator/curator-recipes/2.12.0/curator-recipes-2.12.0.jar:/home/user/.m2/repository/com/google/code/findbugs/jsr305/3.0.0/jsr305-3.0.0.jar:/home/user/.m2/repository/org/apache/htrace/htrace-core4/4.1.0-incubating/htrace-core4-4.1.0-incubating.jar:/home/user/.m2/repository/org/apache/zookeeper/zookeeper/3.4.13/zookeeper-3.4.13.jar:/home/user/.m2/repository/jline/jline/0.9.94/jline-0.9.94.jar:/home/user/.m2/repository/org/apache/yetus/audience-annotations/0.5.0/audience-annotations-0.5.0.jar:/home/user/.m2/repository/org/codehaus/woodstox/stax2-api/3.1.4/stax2-api-3.1.4.jar:/home/user/.m2/repository/com/fasterxml/woodstox/woodstox-core/5.0.3/woodstox-core-5.0.3.jar:/home/user/.m2/repository/dnsjava/dnsjava/2.1.7/dnsjava-2.1.7.jar:/home/user/.m2/repository/org/apache/hadoop/hadoop-hdfs/3.2.0/hadoop-hdfs-3.2.0-tests.jar:/home/user/.m2/repository/org/eclipse/jetty/jetty-util-ajax/9.3.25.v20180904/jetty-util-ajax-9.3.25.v20180904.jar:/home/user/.m2/repository/commons-daemon/commons-daemon/1.0.13/commons-daemon-1.0.13.jar:/home/user/.m2/repository/io/netty/netty/3.10.5.Final/netty-3.10.5.Final.jar:/home/user/.m2/repository/io/netty/netty-all/4.0.52.Final/netty-all-4.0.52.Final.jar:/home/user/.m2/repository/org/fusesource/leveldbjni/leveldbjni-all/1.8/leveldbjni-all-1.8.jar:"/>
    <property name="java.vm.vendor" value="IcedTea"/>
    <property name="sun.arch.data.model" value="64"/>
    <property name="test.build.dir" value="/workdir/hadoop-ozone/integration-test/target/test-dir"/>
    <property name="test.cache.data" value=""/>
    <property name="java.vendor.url" value="https://icedtea.classpath.org"/>
    <property name="user.timezone" value=""/>
    <property name="java.vm.specification.version" value="1.8"/>
    <property name="os.name" value="Linux"/>
    <property name="test.build.data" value="/workdir/hadoop-ozone/integration-test/target/test-dir"/>
    <property name="user.country" value="US"/>
    <property name="sun.java.launcher" value="SUN_STANDARD"/>
    <property name="sun.boot.library.path" value="/usr/lib/jvm/java-1.8-openjdk/jre/lib/amd64"/>
    <property name="sun.java.command" value="/workdir/hadoop-ozone/integration-test/target/surefire/surefirebooter7745588709082595022.jar /workdir/hadoop-ozone/integration-test/target/surefire 2019-09-26T14-28-50_291-jvmRun1 surefire5310449327017121463tmp surefire_23797469124876350505tmp"/>
    <property name="test" value="!TestMiniChaosOzoneCluster"/>
    <property name="surefire.test.class.path" value="/workdir/hadoop-ozone/integration-test/target/test-classes:/workdir/hadoop-ozone/integration-test/target/classes:/home/user/.m2/repository/org/apache/hadoop/hadoop-ozone-common/0.5.0-SNAPSHOT/hadoop-ozone-common-0.5.0-SNAPSHOT.jar:/home/user/.m2/repository/org/apache/commons/commons-compress/1.4.1/commons-compress-1.4.1.jar:/home/user/.m2/repository/org/tukaani/xz/1.0/xz-1.0.jar:/home/user/.m2/repository/org/apache/hadoop/hadoop-common/3.2.0/hadoop-common-3.2.0.jar:/home/user/.m2/repository/org/apache/hadoop/hadoop-hdfs/3.2.0/hadoop-hdfs-3.2.0.jar:/home/user/.m2/repository/org/apache/hadoop/hadoop-hdfs-client/3.2.0/hadoop-hdfs-client-3.2.0.jar:/home/user/.m2/repository/com/fasterxml/jackson/core/jackson-annotations/2.9.9/jackson-annotations-2.9.9.jar:/home/user/.m2/repository/org/apache/hadoop/hadoop-hdds-common/0.5.0-SNAPSHOT/hadoop-hdds-common-0.5.0-SNAPSHOT.jar:/home/user/.m2/repository/javax/annotation/javax.annotation-api/1.2/javax.annotation-api-1.2.jar:/home/user/.m2/repository/org/apache/ratis/ratis-server/0.4.0/ratis-server-0.4.0.jar:/home/user/.m2/repository/org/apache/ratis/ratis-thirdparty-misc/0.2.0/ratis-thirdparty-misc-0.2.0.jar:/home/user/.m2/repository/org/apache/ratis/ratis-proto/0.4.0/ratis-proto-0.4.0.jar:/home/user/.m2/repository/org/apache/ratis/ratis-common/0.4.0/ratis-common-0.4.0.jar:/home/user/.m2/repository/org/apache/ratis/ratis-client/0.4.0/ratis-client-0.4.0.jar:/home/user/.m2/repository/org/apache/ratis/ratis-metrics/0.4.0/ratis-metrics-0.4.0.jar:/home/user/.m2/repository/com/github/joshelser/dropwizard-metrics-hadoop-metrics2-reporter/0.1.2/dropwizard-metrics-hadoop-metrics2-reporter-0.1.2.jar:/home/user/.m2/repository/io/dropwizard/metrics/metrics-jvm/3.2.5/metrics-jvm-3.2.5.jar:/home/user/.m2/repository/io/dropwizard/metrics/metrics-ganglia/3.2.5/metrics-ganglia-3.2.5.jar:/home/user/.m2/repository/info/ganglia/gmetric4j/gmetric4j/1.0.7/gmetric4j-1.0.7.jar:/home/user/.m2/repository/org/apache/ratis/ratis-netty/0.4.0/ratis-netty-0.4.0.jar:/home/user/.m2/repository/org/apache/ratis/ratis-grpc/0.4.0/ratis-grpc-0.4.0.jar:/home/user/.m2/repository/org/rocksdb/rocksdbjni/6.0.1/rocksdbjni-6.0.1.jar:/home/user/.m2/repository/org/apache/logging/log4j/log4j-api/2.11.0/log4j-api-2.11.0.jar:/home/user/.m2/repository/org/apache/logging/log4j/log4j-core/2.11.0/log4j-core-2.11.0.jar:/home/user/.m2/repository/com/lmax/disruptor/3.4.2/disruptor-3.4.2.jar:/home/user/.m2/repository/org/apache/commons/commons-pool2/2.6.0/commons-pool2-2.6.0.jar:/home/user/.m2/repository/org/bouncycastle/bcpkix-jdk15on/1.60/bcpkix-jdk15on-1.60.jar:/home/user/.m2/repository/commons-validator/commons-validator/1.6/commons-validator-1.6.jar:/home/user/.m2/repository/commons-digester/commons-digester/1.8.1/commons-digester-1.8.1.jar:/home/user/.m2/repository/io/jaegertracing/jaeger-client/0.34.0/jaeger-client-0.34.0.jar:/home/user/.m2/repository/io/jaegertracing/jaeger-thrift/0.34.0/jaeger-thrift-0.34.0.jar:/home/user/.m2/repository/org/apache/thrift/libthrift/0.12.0/libthrift-0.12.0.jar:/home/user/.m2/repository/com/squareup/okhttp3/okhttp/3.9.0/okhttp-3.9.0.jar:/home/user/.m2/repository/com/squareup/okio/okio/1.13.0/okio-1.13.0.jar:/home/user/.m2/repository/io/jaegertracing/jaeger-core/0.34.0/jaeger-core-0.34.0.jar:/home/user/.m2/repository/io/jaegertracing/jaeger-tracerresolver/0.34.0/jaeger-tracerresolver-0.34.0.jar:/home/user/.m2/repository/io/opentracing/contrib/opentracing-tracerresolver/0.1.5/opentracing-tracerresolver-0.1.5.jar:/home/user/.m2/repository/io/opentracing/opentracing-util/0.31.0/opentracing-util-0.31.0.jar:/home/user/.m2/repository/io/opentracing/opentracing-api/0.31.0/opentracing-api-0.31.0.jar:/home/user/.m2/repository/io/opentracing/opentracing-noop/0.31.0/opentracing-noop-0.31.0.jar:/home/user/.m2/repository/org/apache/hadoop/hadoop-hdds-server-framework/0.5.0-SNAPSHOT/hadoop-hdds-server-framework-0.5.0-SNAPSHOT.jar:/home/user/.m2/repository/org/apache/hadoop/hadoop-hdds-container-service/0.5.0-SNAPSHOT/hadoop-hdds-container-service-0.5.0-SNAPSHOT.jar:/home/user/.m2/repository/org/apache/hadoop/hadoop-hdds-client/0.5.0-SNAPSHOT/hadoop-hdds-client-0.5.0-SNAPSHOT.jar:/home/user/.m2/repository/org/apache/hadoop/hadoop-hdds-tools/0.5.0-SNAPSHOT/hadoop-hdds-tools-0.5.0-SNAPSHOT.jar:/home/user/.m2/repository/org/apache/hadoop/hadoop-hdds-server-scm/0.5.0-SNAPSHOT/hadoop-hdds-server-scm-0.5.0-SNAPSHOT.jar:/home/user/.m2/repository/org/apache/hadoop/hadoop-hdds-docs/0.5.0-SNAPSHOT/hadoop-hdds-docs-0.5.0-SNAPSHOT.jar:/home/user/.m2/repository/io/dropwizard/metrics/metrics-core/3.2.4/metrics-core-3.2.4.jar:/home/user/.m2/repository/org/hamcrest/hamcrest-all/1.3/hamcrest-all-1.3.jar:/home/user/.m2/repository/org/bouncycastle/bcprov-jdk15on/1.60/bcprov-jdk15on-1.60.jar:/home/user/.m2/repository/info/picocli/picocli/3.9.6/picocli-3.9.6.jar:/home/user/.m2/repository/com/google/protobuf/protobuf-java/2.5.0/protobuf-java-2.5.0.jar:/home/user/.m2/repository/com/google/guava/guava/11.0.2/guava-11.0.2.jar:/home/user/.m2/repository/org/apache/hadoop/hadoop-ozone-ozone-manager/0.5.0-SNAPSHOT/hadoop-ozone-ozone-manager-0.5.0-SNAPSHOT.jar:/home/user/.m2/repository/org/apache/hadoop/hadoop-minikdc/3.2.0/hadoop-minikdc-3.2.0.jar:/home/user/.m2/repository/commons-io/commons-io/2.5/commons-io-2.5.jar:/home/user/.m2/repository/org/apache/kerby/kerb-simplekdc/1.0.1/kerb-simplekdc-1.0.1.jar:/home/user/.m2/repository/org/apache/kerby/kerb-client/1.0.1/kerb-client-1.0.1.jar:/home/user/.m2/repository/org/apache/kerby/kerby-config/1.0.1/kerby-config-1.0.1.jar:/home/user/.m2/repository/org/apache/kerby/kerb-core/1.0.1/kerb-core-1.0.1.jar:/home/user/.m2/repository/org/apache/kerby/kerby-pkix/1.0.1/kerby-pkix-1.0.1.jar:/home/user/.m2/repository/org/apache/kerby/kerby-asn1/1.0.1/kerby-asn1-1.0.1.jar:/home/user/.m2/repository/org/apache/kerby/kerby-util/1.0.1/kerby-util-1.0.1.jar:/home/user/.m2/repository/org/apache/kerby/kerb-common/1.0.1/kerb-common-1.0.1.jar:/home/user/.m2/repository/org/apache/kerby/kerb-crypto/1.0.1/kerb-crypto-1.0.1.jar:/home/user/.m2/repository/org/apache/kerby/kerb-util/1.0.1/kerb-util-1.0.1.jar:/home/user/.m2/repository/org/apache/kerby/token-provider/1.0.1/token-provider-1.0.1.jar:/home/user/.m2/repository/org/apache/kerby/kerb-admin/1.0.1/kerb-admin-1.0.1.jar:/home/user/.m2/repository/org/apache/kerby/kerb-server/1.0.1/kerb-server-1.0.1.jar:/home/user/.m2/repository/org/apache/kerby/kerb-identity/1.0.1/kerb-identity-1.0.1.jar:/home/user/.m2/repository/org/apache/kerby/kerby-xdr/1.0.1/kerby-xdr-1.0.1.jar:/home/user/.m2/repository/org/slf4j/slf4j-log4j12/1.7.25/slf4j-log4j12-1.7.25.jar:/home/user/.m2/repository/org/apache/hadoop/hadoop-ozone-s3gateway/0.5.0-SNAPSHOT/hadoop-ozone-s3gateway-0.5.0-SNAPSHOT.jar:/home/user/.m2/repository/org/jboss/weld/servlet/weld-servlet/2.4.7.Final/weld-servlet-2.4.7.Final.jar:/home/user/.m2/repository/org/glassfish/jersey/containers/jersey-container-servlet-core/2.27/jersey-container-servlet-core-2.27.jar:/home/user/.m2/repository/org/glassfish/hk2/external/javax.inject/2.5.0-b42/javax.inject-2.5.0-b42.jar:/home/user/.m2/repository/org/glassfish/jersey/core/jersey-common/2.27/jersey-common-2.27.jar:/home/user/.m2/repository/org/glassfish/hk2/osgi-resource-locator/1.0.1/osgi-resource-locator-1.0.1.jar:/home/user/.m2/repository/javax/ws/rs/javax.ws.rs-api/2.1/javax.ws.rs-api-2.1.jar:/home/user/.m2/repository/org/glassfish/jersey/ext/cdi/jersey-cdi1x/2.27/jersey-cdi1x-2.27.jar:/home/user/.m2/repository/org/glassfish/jersey/inject/jersey-hk2/2.27/jersey-hk2-2.27.jar:/home/user/.m2/repository/org/glassfish/hk2/hk2-locator/2.5.0-b42/hk2-locator-2.5.0-b42.jar:/home/user/.m2/repository/org/javassist/javassist/3.22.0-CR2/javassist-3.22.0-CR2.jar:/home/user/.m2/repository/org/glassfish/hk2/hk2-api/2.5.0/hk2-api-2.5.0.jar:/home/user/.m2/repository/org/glassfish/hk2/external/jakarta.inject/2.5.0/jakarta.inject-2.5.0.jar:/home/user/.m2/repository/org/glassfish/hk2/hk2-utils/2.5.0/hk2-utils-2.5.0.jar:/home/user/.m2/repository/jakarta/annotation/jakarta.annotation-api/1.3.4/jakarta.annotation-api-1.3.4.jar:/home/user/.m2/repository/org/glassfish/hk2/external/aopalliance-repackaged/2.5.0/aopalliance-repackaged-2.5.0.jar:/home/user/.m2/repository/com/fasterxml/jackson/dataformat/jackson-dataformat-xml/2.9.0/jackson-dataformat-xml-2.9.0.jar:/home/user/.m2/repository/com/fasterxml/jackson/core/jackson-core/2.9.9/jackson-core-2.9.9.jar:/home/user/.m2/repository/com/fasterxml/jackson/module/jackson-module-jaxb-annotations/2.9.9/jackson-module-jaxb-annotations-2.9.9.jar:/home/user/.m2/repository/javax/enterprise/cdi-api/1.2/cdi-api-1.2.jar:/home/user/.m2/repository/javax/el/javax.el-api/3.0.0/javax.el-api-3.0.0.jar:/home/user/.m2/repository/javax/interceptor/javax.interceptor-api/1.2/javax.interceptor-api-1.2.jar:/home/user/.m2/repository/javax/inject/javax.inject/1/javax.inject-1.jar:/home/user/.m2/repository/com/sun/xml/bind/jaxb-impl/2.3.0.1/jaxb-impl-2.3.0.1.jar:/home/user/.m2/repository/com/sun/xml/bind/jaxb-core/2.3.0.1/jaxb-core-2.3.0.1.jar:/home/user/.m2/repository/javax/xml/bind/jaxb-api/2.3.0/jaxb-api-2.3.0.jar:/home/user/.m2/repository/javax/activation/activation/1.1.1/activation-1.1.1.jar:/home/user/.m2/repository/org/apache/hadoop/hadoop-ozone-csi/0.5.0-SNAPSHOT/hadoop-ozone-csi-0.5.0-SNAPSHOT.jar:/home/user/.m2/repository/com/google/protobuf/protobuf-java-util/3.5.1/protobuf-java-util-3.5.1.jar:/home/user/.m2/repository/org/apache/hadoop/hadoop-hdds-config/0.5.0-SNAPSHOT/hadoop-hdds-config-0.5.0-SNAPSHOT.jar:/home/user/.m2/repository/io/grpc/grpc-netty/1.17.1/grpc-netty-1.17.1.jar:/home/user/.m2/repository/io/grpc/grpc-core/1.17.1/grpc-core-1.17.1.jar:/home/user/.m2/repository/io/grpc/grpc-context/1.17.1/grpc-context-1.17.1.jar:/home/user/.m2/repository/com/google/errorprone/error_prone_annotations/2.2.0/error_prone_annotations-2.2.0.jar:/home/user/.m2/repository/org/codehaus/mojo/animal-sniffer-annotations/1.17/animal-sniffer-annotations-1.17.jar:/home/user/.m2/repository/io/opencensus/opencensus-api/0.17.0/opencensus-api-0.17.0.jar:/home/user/.m2/repository/io/opencensus/opencensus-contrib-grpc-metrics/0.17.0/opencensus-contrib-grpc-metrics-0.17.0.jar:/home/user/.m2/repository/io/netty/netty-codec-http2/4.1.30.Final/netty-codec-http2-4.1.30.Final.jar:/home/user/.m2/repository/io/netty/netty-codec-http/4.1.30.Final/netty-codec-http-4.1.30.Final.jar:/home/user/.m2/repository/io/netty/netty-codec/4.1.30.Final/netty-codec-4.1.30.Final.jar:/home/user/.m2/repository/io/netty/netty-handler/4.1.30.Final/netty-handler-4.1.30.Final.jar:/home/user/.m2/repository/io/netty/netty-handler-proxy/4.1.30.Final/netty-handler-proxy-4.1.30.Final.jar:/home/user/.m2/repository/io/netty/netty-codec-socks/4.1.30.Final/netty-codec-socks-4.1.30.Final.jar:/home/user/.m2/repository/io/netty/netty-transport-native-epoll/4.1.30.Final/netty-transport-native-epoll-4.1.30.Final.jar:/home/user/.m2/repository/io/netty/netty-common/4.1.30.Final/netty-common-4.1.30.Final.jar:/home/user/.m2/repository/io/netty/netty-buffer/4.1.30.Final/netty-buffer-4.1.30.Final.jar:/home/user/.m2/repository/io/netty/netty-transport/4.1.30.Final/netty-transport-4.1.30.Final.jar:/home/user/.m2/repository/io/netty/netty-resolver/4.1.30.Final/netty-resolver-4.1.30.Final.jar:/home/user/.m2/repository/io/netty/netty-transport-native-unix-common/4.1.30.Final/netty-transport-native-unix-common-4.1.30.Final.jar:/home/user/.m2/repository/io/grpc/grpc-protobuf/1.17.1/grpc-protobuf-1.17.1.jar:/home/user/.m2/repository/com/google/api/grpc/proto-google-common-protos/1.0.0/proto-google-common-protos-1.0.0.jar:/home/user/.m2/repository/io/grpc/grpc-protobuf-lite/1.17.1/grpc-protobuf-lite-1.17.1.jar:/home/user/.m2/repository/io/grpc/grpc-stub/1.17.1/grpc-stub-1.17.1.jar:/home/user/.m2/repository/org/apache/hadoop/hadoop-ozone-recon/0.5.0-SNAPSHOT/hadoop-ozone-recon-0.5.0-SNAPSHOT.jar:/home/user/.m2/repository/org/apache/hadoop/hadoop-ozone-reconcodegen/0.5.0-SNAPSHOT/hadoop-ozone-reconcodegen-0.5.0-SNAPSHOT.jar:/home/user/.m2/repository/com/google/inject/extensions/guice-multibindings/4.0/guice-multibindings-4.0.jar:/home/user/.m2/repository/com/google/inject/guice/4.0/guice-4.0.jar:/home/user/.m2/repository/aopalliance/aopalliance/1.0/aopalliance-1.0.jar:/home/user/.m2/repository/com/google/inject/extensions/guice-servlet/4.0/guice-servlet-4.0.jar:/home/user/.m2/repository/org/glassfish/jersey/containers/jersey-container-servlet/2.27/jersey-container-servlet-2.27.jar:/home/user/.m2/repository/org/glassfish/hk2/guice-bridge/2.5.0/guice-bridge-2.5.0.jar:/home/user/.m2/repository/org/glassfish/jersey/core/jersey-server/2.27/jersey-server-2.27.jar:/home/user/.m2/repository/org/glassfish/jersey/core/jersey-client/2.27/jersey-client-2.27.jar:/home/user/.m2/repository/org/glassfish/jersey/media/jersey-media-jaxb/2.27/jersey-media-jaxb-2.27.jar:/home/user/.m2/repository/javax/validation/validation-api/1.1.0.Final/validation-api-1.1.0.Final.jar:/home/user/.m2/repository/org/glassfish/jersey/media/jersey-media-json-jackson/2.27/jersey-media-json-jackson-2.27.jar:/home/user/.m2/repository/org/glassfish/jersey/ext/jersey-entity-filtering/2.27/jersey-entity-filtering-2.27.jar:/home/user/.m2/repository/com/google/inject/extensions/guice-assistedinject/4.0/guice-assistedinject-4.0.jar:/home/user/.m2/repository/org/jooq/jooq/3.11.10/jooq-3.11.10.jar:/home/user/.m2/repository/org/jooq/jooq-meta/3.11.10/jooq-meta-3.11.10.jar:/home/user/.m2/repository/org/jooq/jooq-codegen/3.11.10/jooq-codegen-3.11.10.jar:/home/user/.m2/repository/com/jolbox/bonecp/0.8.0.RELEASE/bonecp-0.8.0.RELEASE.jar:/home/user/.m2/repository/org/xerial/sqlite-jdbc/3.25.2/sqlite-jdbc-3.25.2.jar:/home/user/.m2/repository/org/springframework/spring-jdbc/5.1.3.RELEASE/spring-jdbc-5.1.3.RELEASE.jar:/home/user/.m2/repository/org/springframework/spring-beans/5.1.3.RELEASE/spring-beans-5.1.3.RELEASE.jar:/home/user/.m2/repository/org/springframework/spring-core/5.1.3.RELEASE/spring-core-5.1.3.RELEASE.jar:/home/user/.m2/repository/org/springframework/spring-jcl/5.1.3.RELEASE/spring-jcl-5.1.3.RELEASE.jar:/home/user/.m2/repository/org/springframework/spring-tx/5.1.3.RELEASE/spring-tx-5.1.3.RELEASE.jar:/home/user/.m2/repository/org/apache/hadoop/hadoop-ozone-client/0.5.0-SNAPSHOT/hadoop-ozone-client-0.5.0-SNAPSHOT.jar:/home/user/.m2/repository/commons-lang/commons-lang/2.6/commons-lang-2.6.jar:/home/user/.m2/repository/org/apache/hadoop/hadoop-ozone-ozone-manager/0.5.0-SNAPSHOT/hadoop-ozone-ozone-manager-0.5.0-SNAPSHOT-tests.jar:/home/user/.m2/repository/junit/junit/4.11/junit-4.11.jar:/home/user/.m2/repository/org/hamcrest/hamcrest-core/1.3/hamcrest-core-1.3.jar:/home/user/.m2/repository/org/openjdk/jmh/jmh-core/1.19/jmh-core-1.19.jar:/home/user/.m2/repository/net/sf/jopt-simple/jopt-simple/4.6/jopt-simple-4.6.jar:/home/user/.m2/repository/org/apache/commons/commons-math3/3.1.1/commons-math3-3.1.1.jar:/home/user/.m2/repository/org/openjdk/jmh/jmh-generator-annprocess/1.19/jmh-generator-annprocess-1.19.jar:/home/user/.m2/repository/org/mockito/mockito-all/1.8.5/mockito-all-1.8.5.jar:/home/user/.m2/repository/org/apache/hadoop/hadoop-kms/3.2.0/hadoop-kms-3.2.0.jar:/home/user/.m2/repository/org/apache/hadoop/hadoop-auth/3.2.0/hadoop-auth-3.2.0.jar:/home/user/.m2/repository/com/nimbusds/nimbus-jose-jwt/4.41.1/nimbus-jose-jwt-4.41.1.jar:/home/user/.m2/repository/com/github/stephenc/jcip/jcip-annotations/1.0-1/jcip-annotations-1.0-1.jar:/home/user/.m2/repository/net/minidev/json-smart/2.3/json-smart-2.3.jar:/home/user/.m2/repository/net/minidev/accessors-smart/1.2/accessors-smart-1.2.jar:/home/user/.m2/repository/org/ow2/asm/asm/5.0.4/asm-5.0.4.jar:/home/user/.m2/repository/org/apache/curator/curator-framework/2.12.0/curator-framework-2.12.0.jar:/home/user/.m2/repository/com/sun/jersey/jersey-core/1.19/jersey-core-1.19.jar:/home/user/.m2/repository/javax/ws/rs/jsr311-api/1.1.1/jsr311-api-1.1.1.jar:/home/user/.m2/repository/com/sun/jersey/jersey-server/1.19/jersey-server-1.19.jar:/home/user/.m2/repository/javax/servlet/javax.servlet-api/3.1.0/javax.servlet-api-3.1.0.jar:/home/user/.m2/repository/org/eclipse/jetty/jetty-server/9.3.25.v20180904/jetty-server-9.3.25.v20180904.jar:/home/user/.m2/repository/org/eclipse/jetty/jetty-http/9.3.25.v20180904/jetty-http-9.3.25.v20180904.jar:/home/user/.m2/repository/org/eclipse/jetty/jetty-io/9.3.25.v20180904/jetty-io-9.3.25.v20180904.jar:/home/user/.m2/repository/org/eclipse/jetty/jetty-webapp/9.3.25.v20180904/jetty-webapp-9.3.25.v20180904.jar:/home/user/.m2/repository/org/eclipse/jetty/jetty-xml/9.3.25.v20180904/jetty-xml-9.3.25.v20180904.jar:/home/user/.m2/repository/log4j/log4j/1.2.17/log4j-1.2.17.jar:/home/user/.m2/repository/org/slf4j/slf4j-api/1.7.25/slf4j-api-1.7.25.jar:/home/user/.m2/repository/org/slf4j/jul-to-slf4j/1.7.25/jul-to-slf4j-1.7.25.jar:/home/user/.m2/repository/org/eclipse/jetty/jetty-util/9.3.25.v20180904/jetty-util-9.3.25.v20180904.jar:/home/user/.m2/repository/com/fasterxml/jackson/core/jackson-databind/2.9.9/jackson-databind-2.9.9.jar:/home/user/.m2/repository/org/apache/hadoop/hadoop-kms/3.2.0/hadoop-kms-3.2.0-tests.jar:/home/user/.m2/repository/org/apache/hadoop/hadoop-hdds-server-scm/0.5.0-SNAPSHOT/hadoop-hdds-server-scm-0.5.0-SNAPSHOT-tests.jar:/home/user/.m2/repository/org/apache/hadoop/hadoop-hdds-container-service/0.5.0-SNAPSHOT/hadoop-hdds-container-service-0.5.0-SNAPSHOT-tests.jar:/home/user/.m2/repository/org/yaml/snakeyaml/1.16/snakeyaml-1.16.jar:/home/user/.m2/repository/org/apache/hadoop/hadoop-common/3.2.0/hadoop-common-3.2.0-tests.jar:/home/user/.m2/repository/org/apache/hadoop/hadoop-annotations/3.2.0/hadoop-annotations-3.2.0.jar:/usr/lib/jvm/java-1.8-openjdk/jre/../lib/tools.jar:/home/user/.m2/repository/commons-cli/commons-cli/1.2/commons-cli-1.2.jar:/home/user/.m2/repository/org/apache/httpcomponents/httpclient/4.5.2/httpclient-4.5.2.jar:/home/user/.m2/repository/org/apache/httpcomponents/httpcore/4.4.4/httpcore-4.4.4.jar:/home/user/.m2/repository/commons-codec/commons-codec/1.11/commons-codec-1.11.jar:/home/user/.m2/repository/commons-net/commons-net/3.6/commons-net-3.6.jar:/home/user/.m2/repository/commons-collections/commons-collections/3.2.2/commons-collections-3.2.2.jar:/home/user/.m2/repository/org/eclipse/jetty/jetty-servlet/9.3.25.v20180904/jetty-servlet-9.3.25.v20180904.jar:/home/user/.m2/repository/org/eclipse/jetty/jetty-security/9.3.25.v20180904/jetty-security-9.3.25.v20180904.jar:/home/user/.m2/repository/javax/servlet/jsp/jsp-api/2.1/jsp-api-2.1.jar:/home/user/.m2/repository/com/sun/jersey/jersey-servlet/1.19/jersey-servlet-1.19.jar:/home/user/.m2/repository/com/sun/jersey/jersey-json/1.19/jersey-json-1.19.jar:/home/user/.m2/repository/org/codehaus/jettison/jettison/1.1/jettison-1.1.jar:/home/user/.m2/repository/org/codehaus/jackson/jackson-core-asl/1.9.13/jackson-core-asl-1.9.13.jar:/home/user/.m2/repository/org/codehaus/jackson/jackson-mapper-asl/1.9.13/jackson-mapper-asl-1.9.13.jar:/home/user/.m2/repository/org/codehaus/jackson/jackson-jaxrs/1.9.13/jackson-jaxrs-1.9.13.jar:/home/user/.m2/repository/org/codehaus/jackson/jackson-xc/1.9.13/jackson-xc-1.9.13.jar:/home/user/.m2/repository/commons-logging/commons-logging/1.1.3/commons-logging-1.1.3.jar:/home/user/.m2/repository/commons-beanutils/commons-beanutils/1.9.4/commons-beanutils-1.9.4.jar:/home/user/.m2/repository/org/apache/commons/commons-configuration2/2.1.1/commons-configuration2-2.1.1.jar:/home/user/.m2/repository/org/apache/commons/commons-lang3/3.7/commons-lang3-3.7.jar:/home/user/.m2/repository/org/apache/commons/commons-text/1.4/commons-text-1.4.jar:/home/user/.m2/repository/org/apache/avro/avro/1.7.7/avro-1.7.7.jar:/home/user/.m2/repository/com/thoughtworks/paranamer/paranamer/2.3/paranamer-2.3.jar:/home/user/.m2/repository/org/xerial/snappy/snappy-java/1.0.5/snappy-java-1.0.5.jar:/home/user/.m2/repository/com/google/re2j/re2j/1.1/re2j-1.1.jar:/home/user/.m2/repository/com/google/code/gson/gson/2.2.4/gson-2.2.4.jar:/home/user/.m2/repository/com/jcraft/jsch/0.1.54/jsch-0.1.54.jar:/home/user/.m2/repository/org/apache/curator/curator-client/2.12.0/curator-client-2.12.0.jar:/home/user/.m2/repository/org/apache/curator/curator-recipes/2.12.0/curator-recipes-2.12.0.jar:/home/user/.m2/repository/com/google/code/findbugs/jsr305/3.0.0/jsr305-3.0.0.jar:/home/user/.m2/repository/org/apache/htrace/htrace-core4/4.1.0-incubating/htrace-core4-4.1.0-incubating.jar:/home/user/.m2/repository/org/apache/zookeeper/zookeeper/3.4.13/zookeeper-3.4.13.jar:/home/user/.m2/repository/jline/jline/0.9.94/jline-0.9.94.jar:/home/user/.m2/repository/org/apache/yetus/audience-annotations/0.5.0/audience-annotations-0.5.0.jar:/home/user/.m2/repository/org/codehaus/woodstox/stax2-api/3.1.4/stax2-api-3.1.4.jar:/home/user/.m2/repository/com/fasterxml/woodstox/woodstox-core/5.0.3/woodstox-core-5.0.3.jar:/home/user/.m2/repository/dnsjava/dnsjava/2.1.7/dnsjava-2.1.7.jar:/home/user/.m2/repository/org/apache/hadoop/hadoop-hdfs/3.2.0/hadoop-hdfs-3.2.0-tests.jar:/home/user/.m2/repository/org/eclipse/jetty/jetty-util-ajax/9.3.25.v20180904/jetty-util-ajax-9.3.25.v20180904.jar:/home/user/.m2/repository/commons-daemon/commons-daemon/1.0.13/commons-daemon-1.0.13.jar:/home/user/.m2/repository/io/netty/netty/3.10.5.Final/netty-3.10.5.Final.jar:/home/user/.m2/repository/io/netty/netty-all/4.0.52.Final/netty-all-4.0.52.Final.jar:/home/user/.m2/repository/org/fusesource/leveldbjni/leveldbjni-all/1.8/leveldbjni-all-1.8.jar:"/>
    <property name="sun.cpu.endian" value="little"/>
    <property name="user.home" value="/home/user"/>
    <property name="user.language" value="en"/>
    <property name="java.specification.vendor" value="Oracle Corporation"/>
    <property name="java.home" value="/usr/lib/jvm/java-1.8-openjdk/jre"/>
    <property name="java.security.krb5.conf" value="/workdir/hadoop-ozone/integration-test/target/test-classes/krb5.conf"/>
    <property name="basedir" value="/workdir/hadoop-ozone/integration-test"/>
    <property name="file.separator" value="/"/>
    <property name="line.separator" value="&#10;"/>
    <property name="java.vm.specification.vendor" value="Oracle Corporation"/>
    <property name="java.specification.name" value="Java Platform API Specification"/>
    <property name="java.awt.graphicsenv" value="sun.awt.X11GraphicsEnvironment"/>
    <property name="surefire.real.class.path" value="/workdir/hadoop-ozone/integration-test/target/surefire/surefirebooter7745588709082595022.jar"/>
    <property name="hadoop.log.dir" value="/workdir/hadoop-ozone/integration-test/target/log"/>
    <property name="sun.boot.class.path" value="/usr/lib/jvm/java-1.8-openjdk/jre/lib/resources.jar:/usr/lib/jvm/java-1.8-openjdk/jre/lib/rt.jar:/usr/lib/jvm/java-1.8-openjdk/jre/lib/sunrsasign.jar:/usr/lib/jvm/java-1.8-openjdk/jre/lib/jsse.jar:/usr/lib/jvm/java-1.8-openjdk/jre/lib/jce.jar:/usr/lib/jvm/java-1.8-openjdk/jre/lib/charsets.jar:/usr/lib/jvm/java-1.8-openjdk/jre/lib/jfr.jar:/usr/lib/jvm/java-1.8-openjdk/jre/classes"/>
    <property name="sun.management.compiler" value="HotSpot 64-Bit Tiered Compilers"/>
    <property name="java.runtime.version" value="1.8.0_212-b04"/>
    <property name="java.net.preferIPv4Stack" value="true"/>
    <property name="user.name" value="jenkins1000"/>
    <property name="path.separator" value=":"/>
    <property name="java.security.egd" value="file:///dev/urandom"/>
    <property name="os.version" value="3.10.0-957.12.2.el7.x86_64"/>
    <property name="java.endorsed.dirs" value="/usr/lib/jvm/java-1.8-openjdk/jre/lib/endorsed"/>
    <property name="java.runtime.name" value="OpenJDK Runtime Environment"/>
    <property name="file.encoding" value="UTF-8"/>
    <property name="java.vm.name" value="OpenJDK 64-Bit Server VM"/>
    <property name="test.build.webapps" value=""/>
    <property name="localRepository" value="/home/user/.m2/repository"/>
    <property name="java.vendor.url.bug" value="https://icedtea.classpath.org/bugzilla"/>
    <property name="java.io.tmpdir" value="/tmp"/>
    <property name="require.test.libhadoop" value=""/>
    <property name="java.version" value="1.8.0_212"/>
    <property name="user.dir" value="/workdir/hadoop-ozone/integration-test"/>
    <property name="os.arch" value="amd64"/>
    <property name="java.vm.specification.name" value="Java Virtual Machine Specification"/>
    <property name="test.build.classes" value="/workdir/hadoop-ozone/integration-test/target/test-classes"/>
    <property name="java.awt.printerjob" value="sun.print.PSPrinterJob"/>
    <property name="sun.os.patch.level" value="unknown"/>
    <property name="hadoop.tmp.dir" value="/workdir/hadoop-ozone/integration-test/target/tmp"/>
    <property name="java.library.path" value="/usr/lib/jvm/java-1.8-openjdk/jre/lib/amd64/server:/usr/lib/jvm/java-1.8-openjdk/jre/lib/amd64:/usr/lib/jvm/java-1.8-openjdk/jre/../lib/amd64:/workdir/hadoop-ozone/integration-test/target/native/target/usr/local/lib:/workdir/hadoop-ozone/integration-test/../../hadoop-common-project/hadoop-common/target/native/target/usr/local/lib:/usr/java/packages/lib/amd64:/usr/lib64:/lib64:/lib:/usr/lib"/>
    <property name="java.vm.info" value="mixed mode"/>
    <property name="java.vendor" value="IcedTea"/>
    <property name="java.vm.version" value="25.212-b04"/>
    <property name="java.ext.dirs" value="/usr/lib/jvm/java-1.8-openjdk/jre/lib/ext:/usr/java/packages/lib/ext"/>
    <property name="sun.io.unicode.encoding" value="UnicodeLittle"/>
    <property name="java.class.version" value="52.0"/>
  </properties>
  <testcase name="testInvalidBlockRead" classname="org.apache.hadoop.ozone.scm.TestContainerSmallFile" time="26.029"/>
  <testcase name="testInvalidContainerRead" classname="org.apache.hadoop.ozone.scm.TestContainerSmallFile" time="0.454"/>
  <testcase name="testAllocateWrite" classname="org.apache.hadoop.ozone.scm.TestContainerSmallFile" time="0.142"/>
  <testcase name="testReadWriteWithBCSId" classname="org.apache.hadoop.ozone.scm.TestContainerSmallFile" time="193.256">
    <error message="Failed to command cmdType: CreateContainer&#10;containerID: 4&#10;datanodeUuid: &quot;b3e939fd-eb36-468b-9efe-5d0a1fdaa172&quot;&#10;createContainer {&#10;  containerType: KeyValueContainer&#10;}&#10;" type="java.io.IOException">java.io.IOException: 
Failed to command cmdType: CreateContainer
containerID: 4
datanodeUuid: "b3e939fd-eb36-468b-9efe-5d0a1fdaa172"
createContainer {
  containerType: KeyValueContainer
}

	at org.apache.hadoop.hdds.scm.XceiverClientSpi.sendCommand(XceiverClientSpi.java:137)
	at org.apache.hadoop.hdds.scm.storage.ContainerProtocolCalls.createContainer(ContainerProtocolCalls.java:398)
	at org.apache.hadoop.ozone.scm.TestContainerSmallFile.testReadWriteWithBCSId(TestContainerSmallFile.java:158)
	at sun.reflect.NativeMethodAccessorImpl.invoke0(Native Method)
	at sun.reflect.NativeMethodAccessorImpl.invoke(NativeMethodAccessorImpl.java:62)
	at sun.reflect.DelegatingMethodAccessorImpl.invoke(DelegatingMethodAccessorImpl.java:43)
	at java.lang.reflect.Method.invoke(Method.java:498)
	at org.junit.runners.model.FrameworkMethod$1.runReflectiveCall(FrameworkMethod.java:47)
	at org.junit.internal.runners.model.ReflectiveCallable.run(ReflectiveCallable.java:12)
	at org.junit.runners.model.FrameworkMethod.invokeExplosively(FrameworkMethod.java:44)
	at org.junit.internal.runners.statements.InvokeMethod.evaluate(InvokeMethod.java:17)
	at org.junit.rules.ExpectedException$ExpectedExceptionStatement.evaluate(ExpectedException.java:168)
	at org.junit.rules.RunRules.evaluate(RunRules.java:20)
	at org.junit.runners.ParentRunner.runLeaf(ParentRunner.java:271)
	at org.junit.runners.BlockJUnit4ClassRunner.runChild(BlockJUnit4ClassRunner.java:70)
	at org.junit.runners.BlockJUnit4ClassRunner.runChild(BlockJUnit4ClassRunner.java:50)
	at org.junit.runners.ParentRunner$3.run(ParentRunner.java:238)
	at org.junit.runners.ParentRunner$1.schedule(ParentRunner.java:63)
	at org.junit.runners.ParentRunner.runChildren(ParentRunner.java:236)
	at org.junit.runners.ParentRunner.access$000(ParentRunner.java:53)
	at org.junit.runners.ParentRunner$2.evaluate(ParentRunner.java:229)
	at org.junit.internal.runners.statements.RunBefores.evaluate(RunBefores.java:26)
	at org.junit.internal.runners.statements.RunAfters.evaluate(RunAfters.java:27)
	at org.junit.runners.ParentRunner.run(ParentRunner.java:309)
	at org.apache.maven.surefire.junit4.JUnit4Provider.execute(JUnit4Provider.java:365)
	at org.apache.maven.surefire.junit4.JUnit4Provider.executeWithRerun(JUnit4Provider.java:273)
	at org.apache.maven.surefire.junit4.JUnit4Provider.executeTestSet(JUnit4Provider.java:238)
	at org.apache.maven.surefire.junit4.JUnit4Provider.invoke(JUnit4Provider.java:159)
	at org.apache.maven.surefire.booter.ForkedBooter.invokeProviderInSameClassLoader(ForkedBooter.java:384)
	at org.apache.maven.surefire.booter.ForkedBooter.runSuitesInProcess(ForkedBooter.java:345)
	at org.apache.maven.surefire.booter.ForkedBooter.execute(ForkedBooter.java:126)
	at org.apache.maven.surefire.booter.ForkedBooter.main(ForkedBooter.java:418)
Caused by: java.util.concurrent.ExecutionException: org.apache.ratis.protocol.RaftRetryFailureException: Failed RaftClientRequest:client-A15523E17513->b3e939fd-eb36-468b-9efe-5d0a1fdaa172@group-1EAF5A0F6957, cid=170, seq=1*, RW, org.apache.hadoop.hdds.scm.XceiverClientRatis$$Lambda$457/480943798@4bfc2c42 for 180 attempts with RetryLimited(maxAttempts=180, sleepTime=1000ms)
	at java.util.concurrent.CompletableFuture.reportGet(CompletableFuture.java:357)
	at java.util.concurrent.CompletableFuture.get(CompletableFuture.java:1895)
	at org.apache.hadoop.hdds.scm.XceiverClientSpi.sendCommand(XceiverClientSpi.java:131)
	... 31 more
Caused by: org.apache.ratis.protocol.RaftRetryFailureException: Failed RaftClientRequest:client-A15523E17513->b3e939fd-eb36-468b-9efe-5d0a1fdaa172@group-1EAF5A0F6957, cid=170, seq=1*, RW, org.apache.hadoop.hdds.scm.XceiverClientRatis$$Lambda$457/480943798@4bfc2c42 for 180 attempts with RetryLimited(maxAttempts=180, sleepTime=1000ms)
	at org.apache.ratis.client.impl.RaftClientImpl.noMoreRetries(RaftClientImpl.java:271)
	at org.apache.ratis.client.impl.OrderedAsync.handleAsyncRetryFailure(OrderedAsync.java:138)
	at org.apache.ratis.client.impl.OrderedAsync.lambda$sendRequest$10(OrderedAsync.java:230)
	at java.util.concurrent.CompletableFuture.uniExceptionally(CompletableFuture.java:870)
	at java.util.concurrent.CompletableFuture.uniExceptionallyStage(CompletableFuture.java:884)
	at java.util.concurrent.CompletableFuture.exceptionally(CompletableFuture.java:2196)
	at org.apache.ratis.client.impl.OrderedAsync.sendRequest(OrderedAsync.java:221)
	at org.apache.ratis.client.impl.OrderedAsync.sendRequestWithRetry(OrderedAsync.java:169)
	at org.apache.ratis.util.SlidingWindow$Client.sendOrDelayRequest(SlidingWindow.java:278)
	at org.apache.ratis.util.SlidingWindow$Client.retry(SlidingWindow.java:294)
	at org.apache.ratis.client.impl.OrderedAsync.lambda$scheduleWithTimeout$7(OrderedAsync.java:195)
	at org.apache.ratis.util.TimeoutScheduler.lambda$onTimeout$0(TimeoutScheduler.java:113)
	at org.apache.ratis.util.TimeoutScheduler.lambda$onTimeout$1(TimeoutScheduler.java:133)
	at org.apache.ratis.util.LogUtils.runAndLog(LogUtils.java:50)
	at org.apache.ratis.util.LogUtils$1.run(LogUtils.java:91)
	at java.util.concurrent.Executors$RunnableAdapter.call(Executors.java:511)
	at java.util.concurrent.FutureTask.run(FutureTask.java:266)
	at java.util.concurrent.ScheduledThreadPoolExecutor$ScheduledFutureTask.access$201(ScheduledThreadPoolExecutor.java:180)
	at java.util.concurrent.ScheduledThreadPoolExecutor$ScheduledFutureTask.run(ScheduledThreadPoolExecutor.java:293)
	at java.util.concurrent.ThreadPoolExecutor.runWorker(ThreadPoolExecutor.java:1149)
	at java.util.concurrent.ThreadPoolExecutor$Worker.run(ThreadPoolExecutor.java:624)
	at java.lang.Thread.run(Thread.java:748)
Caused by: org.apache.ratis.protocol.AlreadyClosedException: client-A15523E17513->b3e939fd-eb36-468b-9efe-5d0a1fdaa172 is closed.
	at org.apache.ratis.grpc.client.GrpcClientProtocolClient$AsyncStreamObservers.onNext(GrpcClientProtocolClient.java:301)
	at org.apache.ratis.grpc.client.GrpcClientRpc.sendRequestAsync(GrpcClientRpc.java:68)
	at org.apache.ratis.client.impl.OrderedAsync.sendRequest(OrderedAsync.java:208)
	... 15 more
</error>
    <system-out><![CDATA[2019-09-26 15:11:30,876 [grpc-default-executor-0] INFO  impl.RaftServerProxy (RaftServerProxy.java:addNew(89)) - b3e939fd-eb36-468b-9efe-5d0a1fdaa172: addNew group-1EAF5A0F6957:[b3e939fd-eb36-468b-9efe-5d0a1fdaa172:192.168.151.99:45433] returns group-1EAF5A0F6957:java.util.concurrent.CompletableFuture@51012a4f[Not completed]
2019-09-26 15:11:30,878 [pool-27-thread-1] INFO  impl.RaftServerImpl (RaftServerImpl.java:<init>(95)) - b3e939fd-eb36-468b-9efe-5d0a1fdaa172: new RaftServerImpl for group-1EAF5A0F6957:[b3e939fd-eb36-468b-9efe-5d0a1fdaa172:192.168.151.99:45433] with ContainerStateMachine:uninitialized
2019-09-26 15:11:30,878 [pool-27-thread-1] INFO  server.RaftServerConfigKeys (ConfUtils.java:logGet(43)) - raft.server.rpc.timeout.min = 5s (custom)
2019-09-26 15:11:30,878 [pool-27-thread-1] INFO  server.RaftServerConfigKeys (ConfUtils.java:logGet(43)) - raft.server.rpc.timeout.max = 5200ms (custom)
2019-09-26 15:11:30,878 [pool-27-thread-1] INFO  server.RaftServerConfigKeys (ConfUtils.java:logGet(43)) - raft.server.rpcslowness.timeout = 120s (custom)
2019-09-26 15:11:30,878 [pool-27-thread-1] INFO  server.RaftServerConfigKeys (ConfUtils.java:logGet(43)) - raft.server.sleep.deviation.threshold = 300 (default)
2019-09-26 15:11:30,878 [pool-27-thread-1] INFO  server.RaftServerConfigKeys (ConfUtils.java:logGet(43)) - raft.server.log.appender.install.snapshot.enabled = false (custom)
2019-09-26 15:11:30,878 [pool-27-thread-1] INFO  impl.RaftServerImpl (ServerState.java:<init>(103)) - b3e939fd-eb36-468b-9efe-5d0a1fdaa172@group-1EAF5A0F6957: ConfigurationManager, init=-1: [b3e939fd-eb36-468b-9efe-5d0a1fdaa172:192.168.151.99:45433], old=null, confs=<EMPTY_MAP>
2019-09-26 15:11:30,878 [pool-27-thread-1] INFO  server.RaftServerConfigKeys (ConfUtils.java:logGet(43)) - raft.server.storage.dir = [/workdir/hadoop-ozone/integration-test/target/test-dir/MiniOzoneClusterImpl-7e2f4b2f-6763-4a45-9ec4-264c2cef7c61/datanode-0/data/ratis] (custom)
2019-09-26 15:11:30,879 [pool-27-thread-1] INFO  storage.RaftStorageDirectory (RaftStorageDirectory.java:analyzeStorage(246)) - The storage directory /workdir/hadoop-ozone/integration-test/target/test-dir/MiniOzoneClusterImpl-7e2f4b2f-6763-4a45-9ec4-264c2cef7c61/datanode-0/data/ratis/7ce8caa3-23a4-43e2-8fae-1eaf5a0f6957 does not exist. Creating ...
2019-09-26 15:11:30,884 [pool-27-thread-1] INFO  storage.RaftStorageDirectory (RaftStorageDirectory.java:tryLock(328)) - Lock on /workdir/hadoop-ozone/integration-test/target/test-dir/MiniOzoneClusterImpl-7e2f4b2f-6763-4a45-9ec4-264c2cef7c61/datanode-0/data/ratis/7ce8caa3-23a4-43e2-8fae-1eaf5a0f6957/in_use.lock acquired by nodename 11803@pr-hdds-1569-g6sp5-2013761785
2019-09-26 15:11:30,897 [pool-27-thread-1] INFO  storage.RaftStorage (RaftStorage.java:format(72)) - Storage directory /workdir/hadoop-ozone/integration-test/target/test-dir/MiniOzoneClusterImpl-7e2f4b2f-6763-4a45-9ec4-264c2cef7c61/datanode-0/data/ratis/7ce8caa3-23a4-43e2-8fae-1eaf5a0f6957 has been successfully formatted.
2019-09-26 15:11:30,897 [pool-27-thread-1] INFO  ratis.ContainerStateMachine (ContainerStateMachine.java:loadSnapshot(230)) - group-1EAF5A0F6957: The snapshot info is null. Setting the last applied indexto:(t:0, i:~)
2019-09-26 15:11:30,897 [pool-27-thread-1] INFO  server.RaftServerConfigKeys (ConfUtils.java:logGet(43)) - raft.server.notification.no-leader.timeout = 120s (custom)
2019-09-26 15:11:30,897 [pool-27-thread-1] INFO  server.RaftServerConfigKeys (ConfUtils.java:logGet(43)) - raft.server.log.use.memory = false (default)
2019-09-26 15:11:30,897 [pool-27-thread-1] INFO  server.RaftServerConfigKeys (ConfUtils.java:logGet(43)) - raft.server.log.purge.gap = 1000000 (custom)
2019-09-26 15:11:30,897 [pool-27-thread-1] INFO  server.RaftServerConfigKeys (ConfUtils.java:logGet(43)) - raft.server.log.appender.buffer.byte-limit = 33554432 (custom)
2019-09-26 15:11:30,898 [pool-27-thread-1] INFO  server.RaftServerConfigKeys (ConfUtils.java:logGet(43)) - raft.server.log.segment.size.max = 1048576 (custom)
2019-09-26 15:11:30,898 [pool-27-thread-1] INFO  server.RaftServerConfigKeys (ConfUtils.java:logGet(43)) - raft.server.log.segment.cache.num.max = 2 (custom)
2019-09-26 15:11:30,898 [pool-27-thread-1] INFO  segmented.SegmentedRaftLogWorker (SegmentedRaftLogWorker.java:<init>(172)) - new b3e939fd-eb36-468b-9efe-5d0a1fdaa172@group-1EAF5A0F6957-SegmentedRaftLogWorker for RaftStorage:Storage Directory /workdir/hadoop-ozone/integration-test/target/test-dir/MiniOzoneClusterImpl-7e2f4b2f-6763-4a45-9ec4-264c2cef7c61/datanode-0/data/ratis/7ce8caa3-23a4-43e2-8fae-1eaf5a0f6957
2019-09-26 15:11:30,898 [pool-27-thread-1] INFO  server.RaftServerConfigKeys (ConfUtils.java:logGet(43)) - raft.server.log.queue.byte-limit = 2147483647 (custom)
2019-09-26 15:11:30,898 [pool-27-thread-1] INFO  server.RaftServerConfigKeys (ConfUtils.java:logGet(43)) - raft.server.log.queue.element-limit = 1024 (custom)
2019-09-26 15:11:30,898 [pool-27-thread-1] INFO  server.RaftServerConfigKeys (ConfUtils.java:logGet(43)) - raft.server.log.segment.size.max = 1048576 (custom)
2019-09-26 15:11:30,898 [pool-27-thread-1] INFO  server.RaftServerConfigKeys (ConfUtils.java:logGet(43)) - raft.server.log.preallocated.size = 16384 (custom)
2019-09-26 15:11:30,898 [pool-27-thread-1] INFO  server.RaftServerConfigKeys (ConfUtils.java:logGet(43)) - raft.server.log.write.buffer.size = 33554432 (custom)
2019-09-26 15:11:30,898 [pool-27-thread-1] INFO  server.RaftServerConfigKeys (ConfUtils.java:logGet(43)) - raft.server.log.force.sync.num = 128 (default)
2019-09-26 15:11:30,899 [pool-27-thread-1] INFO  server.RaftServerConfigKeys (ConfUtils.java:logGet(43)) - raft.server.log.statemachine.data.sync = true (default)
2019-09-26 15:11:30,899 [pool-27-thread-1] INFO  server.RaftServerConfigKeys (ConfUtils.java:logGet(43)) - raft.server.log.statemachine.data.sync.timeout = 10s (default)
2019-09-26 15:11:30,899 [pool-27-thread-1] INFO  server.RaftServerConfigKeys (ConfUtils.java:logGet(43)) - raft.server.log.statemachine.data.sync.timeout.retry = -1 (default)
2019-09-26 15:11:30,899 [pool-27-thread-1] INFO  server.RaftServerConfigKeys (ConfUtils.java:logGet(43)) - raft.server.log.statemachine.data.caching.enabled = true (custom)
2019-09-26 15:11:30,899 [pool-27-thread-1] INFO  segmented.SegmentedRaftLogWorker (SegmentedRaftLogWorker.java:lambda$new$0(132)) - b3e939fd-eb36-468b-9efe-5d0a1fdaa172@group-1EAF5A0F6957-SegmentedRaftLogWorker: flushIndex: setUnconditionally 0 -> -1
2019-09-26 15:11:30,899 [pool-27-thread-1] INFO  server.RaftServerConfigKeys (ConfUtils.java:logGet(43)) - raft.server.snapshot.auto.trigger.enabled = true (custom)
2019-09-26 15:11:30,899 [pool-27-thread-1] INFO  server.RaftServerConfigKeys (ConfUtils.java:logGet(43)) - raft.server.snapshot.auto.trigger.threshold = 10000 (custom)
2019-09-26 15:11:30,900 [pool-27-thread-1] INFO  server.RaftServerConfigKeys (ConfUtils.java:logGet(43)) - raft.server.snapshot.retention.num.files = 5 (custom)
2019-09-26 15:11:30,900 [pool-27-thread-1] INFO  server.RaftServerConfigKeys (ConfUtils.java:logGet(43)) - raft.server.retrycache.expirytime = 600000ms (custom)
2019-09-26 15:11:30,901 [pool-27-thread-1] INFO  impl.RaftServerImpl (RaftServerImpl.java:start(185)) - b3e939fd-eb36-468b-9efe-5d0a1fdaa172@group-1EAF5A0F6957: start as a follower, conf=-1: [b3e939fd-eb36-468b-9efe-5d0a1fdaa172:192.168.151.99:45433], old=null
2019-09-26 15:11:30,901 [pool-27-thread-1] INFO  impl.RaftServerImpl (RaftServerImpl.java:setRole(174)) - b3e939fd-eb36-468b-9efe-5d0a1fdaa172@group-1EAF5A0F6957: changes role from      null to FOLLOWER at term 0 for startAsFollower
2019-09-26 15:11:30,901 [pool-27-thread-1] INFO  impl.RoleInfo (RoleInfo.java:updateAndGet(143)) - b3e939fd-eb36-468b-9efe-5d0a1fdaa172: start FollowerState
2019-09-26 15:11:30,901 [pool-27-thread-1] INFO  util.JmxRegister (JmxRegister.java:tryRegister(44)) - Successfully registered JMX Bean with object name Ratis:service=RaftServer,group=group-1EAF5A0F6957,id=b3e939fd-eb36-468b-9efe-5d0a1fdaa172
2019-09-26 15:11:30,904 [IPC Server handler 0 on 45090] INFO  pipeline.PipelineStateManager (PipelineStateManager.java:addPipeline(56)) - Created pipeline Pipeline[ Id: 7ce8caa3-23a4-43e2-8fae-1eaf5a0f6957, Nodes: b3e939fd-eb36-468b-9efe-5d0a1fdaa172{ip: 192.168.151.99, host: pr-hdds-1569-g6sp5-2013761785, networkLocation: /default-rack, certSerialId: null}, Type:RATIS, Factor:ONE, State:OPEN]
2019-09-26 15:11:35,114 [Thread-990] INFO  impl.FollowerState (FollowerState.java:run(106)) - b3e939fd-eb36-468b-9efe-5d0a1fdaa172:group-6E282D9F3CA4 changes to CANDIDATE, lastRpcTime:5157, electionTimeout:5157ms
2019-09-26 15:11:35,115 [Thread-990] INFO  impl.RoleInfo (RoleInfo.java:shutdownFollowerState(121)) - b3e939fd-eb36-468b-9efe-5d0a1fdaa172: shutdown FollowerState
2019-09-26 15:11:35,115 [Thread-990] INFO  impl.RaftServerImpl (RaftServerImpl.java:setRole(174)) - b3e939fd-eb36-468b-9efe-5d0a1fdaa172@group-6E282D9F3CA4: changes role from  FOLLOWER to CANDIDATE at term 0 for changeToCandidate
2019-09-26 15:11:35,115 [Thread-990] INFO  impl.RoleInfo (RoleInfo.java:updateAndGet(143)) - b3e939fd-eb36-468b-9efe-5d0a1fdaa172: start LeaderElection
2019-09-26 15:11:35,143 [b3e939fd-eb36-468b-9efe-5d0a1fdaa172@group-6E282D9F3CA4:LeaderElection168] INFO  impl.LeaderElection (LeaderElection.java:askForVotes(182)) - b3e939fd-eb36-468b-9efe-5d0a1fdaa172@group-6E282D9F3CA4:LeaderElection168: begin an election at term 1 for -1: [b3e939fd-eb36-468b-9efe-5d0a1fdaa172:192.168.151.99:45433], old=null
2019-09-26 15:11:35,143 [b3e939fd-eb36-468b-9efe-5d0a1fdaa172@group-6E282D9F3CA4:LeaderElection168] INFO  impl.RoleInfo (RoleInfo.java:shutdownLeaderElection(134)) - b3e939fd-eb36-468b-9efe-5d0a1fdaa172: shutdown LeaderElection
2019-09-26 15:11:35,143 [b3e939fd-eb36-468b-9efe-5d0a1fdaa172@group-6E282D9F3CA4:LeaderElection168] INFO  impl.RaftServerImpl (RaftServerImpl.java:setRole(174)) - b3e939fd-eb36-468b-9efe-5d0a1fdaa172@group-6E282D9F3CA4: changes role from CANDIDATE to LEADER at term 1 for changeToLeader
2019-09-26 15:11:35,143 [b3e939fd-eb36-468b-9efe-5d0a1fdaa172@group-6E282D9F3CA4:LeaderElection168] INFO  impl.RaftServerImpl (ServerState.java:setLeader(253)) - b3e939fd-eb36-468b-9efe-5d0a1fdaa172@group-6E282D9F3CA4: change Leader from null to b3e939fd-eb36-468b-9efe-5d0a1fdaa172 at term 1 for becomeLeader, leader elected after 5191ms
2019-09-26 15:11:35,143 [b3e939fd-eb36-468b-9efe-5d0a1fdaa172@group-6E282D9F3CA4:LeaderElection168] INFO  server.RaftServerConfigKeys (ConfUtils.java:logGet(43)) - raft.server.staging.catchup.gap = 1000 (default)
2019-09-26 15:11:35,143 [b3e939fd-eb36-468b-9efe-5d0a1fdaa172@group-6E282D9F3CA4:LeaderElection168] INFO  server.RaftServerConfigKeys (ConfUtils.java:logGet(43)) - raft.server.rpc.sleep.time = 25ms (default)
2019-09-26 15:11:35,143 [b3e939fd-eb36-468b-9efe-5d0a1fdaa172@group-6E282D9F3CA4:LeaderElection168] INFO  server.RaftServerConfigKeys (ConfUtils.java:logGet(43)) - raft.server.write.element-limit = 4096 (default)
2019-09-26 15:11:35,143 [b3e939fd-eb36-468b-9efe-5d0a1fdaa172@group-6E282D9F3CA4:LeaderElection168] INFO  server.RaftServerConfigKeys (ConfUtils.java:logGet(43)) - raft.server.watch.timeout = 10s (default)
2019-09-26 15:11:35,143 [b3e939fd-eb36-468b-9efe-5d0a1fdaa172@group-6E282D9F3CA4:LeaderElection168] INFO  server.RaftServerConfigKeys (ConfUtils.java:logGet(43)) - raft.server.watch.timeout.denomination = 1s (default)
2019-09-26 15:11:35,143 [b3e939fd-eb36-468b-9efe-5d0a1fdaa172@group-6E282D9F3CA4:LeaderElection168] INFO  server.RaftServerConfigKeys (ConfUtils.java:logGet(43)) - raft.server.watch.element-limit = 65536 (default)
2019-09-26 15:11:35,145 [b3e939fd-eb36-468b-9efe-5d0a1fdaa172@group-6E282D9F3CA4:LeaderElection168] INFO  impl.RoleInfo (RoleInfo.java:updateAndGet(143)) - b3e939fd-eb36-468b-9efe-5d0a1fdaa172: start LeaderState
2019-09-26 15:11:35,145 [b3e939fd-eb36-468b-9efe-5d0a1fdaa172@group-6E282D9F3CA4:LeaderElection168] INFO  segmented.SegmentedRaftLogWorker (SegmentedRaftLogWorker.java:startLogSegment(380)) - b3e939fd-eb36-468b-9efe-5d0a1fdaa172@group-6E282D9F3CA4-SegmentedRaftLogWorker: Starting segment from index:0
2019-09-26 15:11:35,145 [b3e939fd-eb36-468b-9efe-5d0a1fdaa172@group-6E282D9F3CA4:LeaderElection168] INFO  impl.RaftServerImpl (ServerState.java:setRaftConf(354)) - b3e939fd-eb36-468b-9efe-5d0a1fdaa172@group-6E282D9F3CA4: set configuration 0: [b3e939fd-eb36-468b-9efe-5d0a1fdaa172:192.168.151.99:45433], old=null at 0
2019-09-26 15:11:35,477 [Thread-988] WARN  util.JavaUtils (JavaUtils.java:sleep(250)) - Unexpected long sleep: sleep(5197ms) actually took 5520ms which is over the threshold 300ms
2019-09-26 15:11:35,986 [b3e939fd-eb36-468b-9efe-5d0a1fdaa172@group-6E282D9F3CA4-SegmentedRaftLogWorker] ERROR segmented.SegmentedRaftLogWorker (SegmentedRaftLogWorker.java:run(323)) - b3e939fd-eb36-468b-9efe-5d0a1fdaa172@group-6E282D9F3CA4-SegmentedRaftLogWorker hit exception
java.lang.OutOfMemoryError: Direct buffer memory
	at java.nio.Bits.reserveMemory(Bits.java:666)
	at java.nio.DirectByteBuffer.<init>(DirectByteBuffer.java:123)
	at java.nio.ByteBuffer.allocateDirect(ByteBuffer.java:311)
	at org.apache.ratis.server.raftlog.segmented.BufferedWriteChannel.<init>(BufferedWriteChannel.java:41)
	at org.apache.ratis.server.raftlog.segmented.SegmentedRaftLogOutputStream.<init>(SegmentedRaftLogOutputStream.java:72)
	at org.apache.ratis.server.raftlog.segmented.SegmentedRaftLogWorker$StartLogSegment.execute(SegmentedRaftLogWorker.java:566)
	at org.apache.ratis.server.raftlog.segmented.SegmentedRaftLogWorker.run(SegmentedRaftLogWorker.java:289)
	at java.lang.Thread.run(Thread.java:748)
2019-09-26 15:11:35,987 [b3e939fd-eb36-468b-9efe-5d0a1fdaa172@group-6E282D9F3CA4-SegmentedRaftLogWorker] INFO  impl.RaftServerImpl (RaftServerImpl.java:lambda$shutdown$3(251)) - b3e939fd-eb36-468b-9efe-5d0a1fdaa172@group-6E282D9F3CA4: shutdown
2019-09-26 15:11:35,987 [b3e939fd-eb36-468b-9efe-5d0a1fdaa172@group-6E282D9F3CA4-SegmentedRaftLogWorker] INFO  util.JmxRegister (JmxRegister.java:unregister(73)) - Successfully un-registered JMX Bean with object name Ratis:service=RaftServer,group=group-6E282D9F3CA4,id=b3e939fd-eb36-468b-9efe-5d0a1fdaa172
2019-09-26 15:11:35,987 [b3e939fd-eb36-468b-9efe-5d0a1fdaa172@group-6E282D9F3CA4-SegmentedRaftLogWorker] INFO  impl.RoleInfo (RoleInfo.java:shutdownLeaderState(104)) - b3e939fd-eb36-468b-9efe-5d0a1fdaa172: shutdown LeaderState
2019-09-26 15:11:35,987 [b3e939fd-eb36-468b-9efe-5d0a1fdaa172@group-6E282D9F3CA4-SegmentedRaftLogWorker] INFO  impl.PendingRequests (PendingRequests.java:sendNotLeaderResponses(202)) - b3e939fd-eb36-468b-9efe-5d0a1fdaa172-PendingRequests: sendNotLeaderResponses
2019-09-26 15:11:35,988 [b3e939fd-eb36-468b-9efe-5d0a1fdaa172@group-6E282D9F3CA4-SegmentedRaftLogWorker] INFO  impl.StateMachineUpdater (StateMachineUpdater.java:stopAndJoin(125)) - b3e939fd-eb36-468b-9efe-5d0a1fdaa172@group-6E282D9F3CA4-StateMachineUpdater: set stopIndex = -1
2019-09-26 15:11:35,988 [b3e939fd-eb36-468b-9efe-5d0a1fdaa172@group-6E282D9F3CA4-SegmentedRaftLogWorker] INFO  impl.RaftServerImpl (ServerState.java:close(385)) - b3e939fd-eb36-468b-9efe-5d0a1fdaa172@group-6E282D9F3CA4: closes. applyIndex: -1
2019-09-26 15:11:35,988 [b3e939fd-eb36-468b-9efe-5d0a1fdaa172@group-6E282D9F3CA4-SegmentedRaftLogWorker] INFO  segmented.SegmentedRaftLogWorker (SegmentedRaftLogWorker.java:close(228)) - b3e939fd-eb36-468b-9efe-5d0a1fdaa172@group-6E282D9F3CA4-SegmentedRaftLogWorker close()
2019-09-26 15:11:35,990 [Thread-995] INFO  impl.FollowerState (FollowerState.java:run(106)) - b3e939fd-eb36-468b-9efe-5d0a1fdaa172:group-1EAF5A0F6957 changes to CANDIDATE, lastRpcTime:5089, electionTimeout:5087ms
2019-09-26 15:11:35,991 [Thread-995] INFO  impl.RoleInfo (RoleInfo.java:shutdownFollowerState(121)) - b3e939fd-eb36-468b-9efe-5d0a1fdaa172: shutdown FollowerState
2019-09-26 15:11:35,991 [Thread-995] INFO  impl.RaftServerImpl (RaftServerImpl.java:setRole(174)) - b3e939fd-eb36-468b-9efe-5d0a1fdaa172@group-1EAF5A0F6957: changes role from  FOLLOWER to CANDIDATE at term 0 for changeToCandidate
2019-09-26 15:11:35,991 [Thread-995] INFO  impl.RoleInfo (RoleInfo.java:updateAndGet(143)) - b3e939fd-eb36-468b-9efe-5d0a1fdaa172: start LeaderElection
2019-09-26 15:11:36,000 [b3e939fd-eb36-468b-9efe-5d0a1fdaa172@group-1EAF5A0F6957:LeaderElection169] INFO  impl.LeaderElection (LeaderElection.java:askForVotes(182)) - b3e939fd-eb36-468b-9efe-5d0a1fdaa172@group-1EAF5A0F6957:LeaderElection169: begin an election at term 1 for -1: [b3e939fd-eb36-468b-9efe-5d0a1fdaa172:192.168.151.99:45433], old=null
2019-09-26 15:11:36,000 [b3e939fd-eb36-468b-9efe-5d0a1fdaa172@group-1EAF5A0F6957:LeaderElection169] INFO  impl.RoleInfo (RoleInfo.java:shutdownLeaderElection(134)) - b3e939fd-eb36-468b-9efe-5d0a1fdaa172: shutdown LeaderElection
2019-09-26 15:11:36,000 [b3e939fd-eb36-468b-9efe-5d0a1fdaa172@group-1EAF5A0F6957:LeaderElection169] INFO  impl.RaftServerImpl (RaftServerImpl.java:setRole(174)) - b3e939fd-eb36-468b-9efe-5d0a1fdaa172@group-1EAF5A0F6957: changes role from CANDIDATE to LEADER at term 1 for changeToLeader
2019-09-26 15:11:36,000 [b3e939fd-eb36-468b-9efe-5d0a1fdaa172@group-1EAF5A0F6957:LeaderElection169] INFO  impl.RaftServerImpl (ServerState.java:setLeader(253)) - b3e939fd-eb36-468b-9efe-5d0a1fdaa172@group-1EAF5A0F6957: change Leader from null to b3e939fd-eb36-468b-9efe-5d0a1fdaa172 at term 1 for becomeLeader, leader elected after 5103ms
2019-09-26 15:11:36,000 [b3e939fd-eb36-468b-9efe-5d0a1fdaa172@group-1EAF5A0F6957:LeaderElection169] INFO  server.RaftServerConfigKeys (ConfUtils.java:logGet(43)) - raft.server.staging.catchup.gap = 1000 (default)
2019-09-26 15:11:36,001 [b3e939fd-eb36-468b-9efe-5d0a1fdaa172@group-1EAF5A0F6957:LeaderElection169] INFO  server.RaftServerConfigKeys (ConfUtils.java:logGet(43)) - raft.server.rpc.sleep.time = 25ms (default)
2019-09-26 15:11:36,001 [b3e939fd-eb36-468b-9efe-5d0a1fdaa172@group-1EAF5A0F6957:LeaderElection169] INFO  server.RaftServerConfigKeys (ConfUtils.java:logGet(43)) - raft.server.write.element-limit = 4096 (default)
2019-09-26 15:11:36,001 [b3e939fd-eb36-468b-9efe-5d0a1fdaa172@group-1EAF5A0F6957:LeaderElection169] INFO  server.RaftServerConfigKeys (ConfUtils.java:logGet(43)) - raft.server.watch.timeout = 10s (default)
2019-09-26 15:11:36,001 [b3e939fd-eb36-468b-9efe-5d0a1fdaa172@group-1EAF5A0F6957:LeaderElection169] INFO  server.RaftServerConfigKeys (ConfUtils.java:logGet(43)) - raft.server.watch.timeout.denomination = 1s (default)
2019-09-26 15:11:36,001 [b3e939fd-eb36-468b-9efe-5d0a1fdaa172@group-1EAF5A0F6957:LeaderElection169] INFO  server.RaftServerConfigKeys (ConfUtils.java:logGet(43)) - raft.server.watch.element-limit = 65536 (default)
2019-09-26 15:11:36,003 [b3e939fd-eb36-468b-9efe-5d0a1fdaa172@group-1EAF5A0F6957:LeaderElection169] INFO  impl.RoleInfo (RoleInfo.java:updateAndGet(143)) - b3e939fd-eb36-468b-9efe-5d0a1fdaa172: start LeaderState
2019-09-26 15:11:36,003 [b3e939fd-eb36-468b-9efe-5d0a1fdaa172@group-1EAF5A0F6957:LeaderElection169] INFO  segmented.SegmentedRaftLogWorker (SegmentedRaftLogWorker.java:startLogSegment(380)) - b3e939fd-eb36-468b-9efe-5d0a1fdaa172@group-1EAF5A0F6957-SegmentedRaftLogWorker: Starting segment from index:0
2019-09-26 15:11:36,003 [b3e939fd-eb36-468b-9efe-5d0a1fdaa172@group-1EAF5A0F6957:LeaderElection169] INFO  impl.RaftServerImpl (ServerState.java:setRaftConf(354)) - b3e939fd-eb36-468b-9efe-5d0a1fdaa172@group-1EAF5A0F6957: set configuration 0: [b3e939fd-eb36-468b-9efe-5d0a1fdaa172:192.168.151.99:45433], old=null at 0
2019-09-26 15:11:36,719 [b3e939fd-eb36-468b-9efe-5d0a1fdaa172@group-1EAF5A0F6957-SegmentedRaftLogWorker] ERROR segmented.SegmentedRaftLogWorker (SegmentedRaftLogWorker.java:run(323)) - b3e939fd-eb36-468b-9efe-5d0a1fdaa172@group-1EAF5A0F6957-SegmentedRaftLogWorker hit exception
java.lang.OutOfMemoryError: Direct buffer memory
	at java.nio.Bits.reserveMemory(Bits.java:666)
	at java.nio.DirectByteBuffer.<init>(DirectByteBuffer.java:123)
	at java.nio.ByteBuffer.allocateDirect(ByteBuffer.java:311)
	at org.apache.ratis.server.raftlog.segmented.BufferedWriteChannel.<init>(BufferedWriteChannel.java:41)
	at org.apache.ratis.server.raftlog.segmented.SegmentedRaftLogOutputStream.<init>(SegmentedRaftLogOutputStream.java:72)
	at org.apache.ratis.server.raftlog.segmented.SegmentedRaftLogWorker$StartLogSegment.execute(SegmentedRaftLogWorker.java:566)
	at org.apache.ratis.server.raftlog.segmented.SegmentedRaftLogWorker.run(SegmentedRaftLogWorker.java:289)
	at java.lang.Thread.run(Thread.java:748)
2019-09-26 15:11:36,720 [b3e939fd-eb36-468b-9efe-5d0a1fdaa172@group-1EAF5A0F6957-SegmentedRaftLogWorker] INFO  impl.RaftServerImpl (RaftServerImpl.java:lambda$shutdown$3(251)) - b3e939fd-eb36-468b-9efe-5d0a1fdaa172@group-1EAF5A0F6957: shutdown
2019-09-26 15:11:36,720 [b3e939fd-eb36-468b-9efe-5d0a1fdaa172@group-1EAF5A0F6957-SegmentedRaftLogWorker] INFO  util.JmxRegister (JmxRegister.java:unregister(73)) - Successfully un-registered JMX Bean with object name Ratis:service=RaftServer,group=group-1EAF5A0F6957,id=b3e939fd-eb36-468b-9efe-5d0a1fdaa172
2019-09-26 15:11:36,720 [b3e939fd-eb36-468b-9efe-5d0a1fdaa172@group-1EAF5A0F6957-SegmentedRaftLogWorker] INFO  impl.RoleInfo (RoleInfo.java:shutdownLeaderState(104)) - b3e939fd-eb36-468b-9efe-5d0a1fdaa172: shutdown LeaderState
2019-09-26 15:11:36,720 [b3e939fd-eb36-468b-9efe-5d0a1fdaa172@group-1EAF5A0F6957-SegmentedRaftLogWorker] INFO  impl.PendingRequests (PendingRequests.java:sendNotLeaderResponses(202)) - b3e939fd-eb36-468b-9efe-5d0a1fdaa172-PendingRequests: sendNotLeaderResponses
2019-09-26 15:11:36,720 [b3e939fd-eb36-468b-9efe-5d0a1fdaa172@group-1EAF5A0F6957-SegmentedRaftLogWorker] INFO  impl.StateMachineUpdater (StateMachineUpdater.java:stopAndJoin(125)) - b3e939fd-eb36-468b-9efe-5d0a1fdaa172@group-1EAF5A0F6957-StateMachineUpdater: set stopIndex = -1
2019-09-26 15:11:36,721 [b3e939fd-eb36-468b-9efe-5d0a1fdaa172@group-1EAF5A0F6957-SegmentedRaftLogWorker] INFO  impl.RaftServerImpl (ServerState.java:close(385)) - b3e939fd-eb36-468b-9efe-5d0a1fdaa172@group-1EAF5A0F6957: closes. applyIndex: -1
2019-09-26 15:11:36,721 [b3e939fd-eb36-468b-9efe-5d0a1fdaa172@group-1EAF5A0F6957-SegmentedRaftLogWorker] INFO  segmented.SegmentedRaftLogWorker (SegmentedRaftLogWorker.java:close(228)) - b3e939fd-eb36-468b-9efe-5d0a1fdaa172@group-1EAF5A0F6957-SegmentedRaftLogWorker close()
2019-09-26 15:11:40,678 [Thread-988] INFO  impl.FollowerState (FollowerState.java:run(106)) - b3e939fd-eb36-468b-9efe-5d0a1fdaa172:group-41B56DBBC522 changes to CANDIDATE, lastRpcTime:10721, electionTimeout:5200ms
2019-09-26 15:11:40,679 [Thread-988] INFO  impl.RoleInfo (RoleInfo.java:shutdownFollowerState(121)) - b3e939fd-eb36-468b-9efe-5d0a1fdaa172: shutdown FollowerState
2019-09-26 15:11:40,679 [Thread-988] INFO  impl.RaftServerImpl (RaftServerImpl.java:setRole(174)) - b3e939fd-eb36-468b-9efe-5d0a1fdaa172@group-41B56DBBC522: changes role from  FOLLOWER to CANDIDATE at term 0 for changeToCandidate
2019-09-26 15:11:40,679 [Thread-988] INFO  impl.RoleInfo (RoleInfo.java:updateAndGet(143)) - b3e939fd-eb36-468b-9efe-5d0a1fdaa172: start LeaderElection
2019-09-26 15:11:40,693 [b3e939fd-eb36-468b-9efe-5d0a1fdaa172@group-41B56DBBC522:LeaderElection170] INFO  impl.LeaderElection (LeaderElection.java:askForVotes(182)) - b3e939fd-eb36-468b-9efe-5d0a1fdaa172@group-41B56DBBC522:LeaderElection170: begin an election at term 1 for -1: [b3e939fd-eb36-468b-9efe-5d0a1fdaa172:192.168.151.99:45433], old=null
2019-09-26 15:11:40,694 [b3e939fd-eb36-468b-9efe-5d0a1fdaa172@group-41B56DBBC522:LeaderElection170] INFO  impl.RoleInfo (RoleInfo.java:shutdownLeaderElection(134)) - b3e939fd-eb36-468b-9efe-5d0a1fdaa172: shutdown LeaderElection
2019-09-26 15:11:40,694 [b3e939fd-eb36-468b-9efe-5d0a1fdaa172@group-41B56DBBC522:LeaderElection170] INFO  impl.RaftServerImpl (RaftServerImpl.java:setRole(174)) - b3e939fd-eb36-468b-9efe-5d0a1fdaa172@group-41B56DBBC522: changes role from CANDIDATE to LEADER at term 1 for changeToLeader
2019-09-26 15:11:40,694 [b3e939fd-eb36-468b-9efe-5d0a1fdaa172@group-41B56DBBC522:LeaderElection170] INFO  impl.RaftServerImpl (ServerState.java:setLeader(253)) - b3e939fd-eb36-468b-9efe-5d0a1fdaa172@group-41B56DBBC522: change Leader from null to b3e939fd-eb36-468b-9efe-5d0a1fdaa172 at term 1 for becomeLeader, leader elected after 25584ms
2019-09-26 15:11:40,694 [b3e939fd-eb36-468b-9efe-5d0a1fdaa172@group-41B56DBBC522:LeaderElection170] INFO  server.RaftServerConfigKeys (ConfUtils.java:logGet(43)) - raft.server.staging.catchup.gap = 1000 (default)
2019-09-26 15:11:40,694 [b3e939fd-eb36-468b-9efe-5d0a1fdaa172@group-41B56DBBC522:LeaderElection170] INFO  server.RaftServerConfigKeys (ConfUtils.java:logGet(43)) - raft.server.rpc.sleep.time = 25ms (default)
2019-09-26 15:11:40,695 [b3e939fd-eb36-468b-9efe-5d0a1fdaa172@group-41B56DBBC522:LeaderElection170] INFO  server.RaftServerConfigKeys (ConfUtils.java:logGet(43)) - raft.server.write.element-limit = 4096 (default)
2019-09-26 15:11:40,695 [b3e939fd-eb36-468b-9efe-5d0a1fdaa172@group-41B56DBBC522:LeaderElection170] INFO  server.RaftServerConfigKeys (ConfUtils.java:logGet(43)) - raft.server.watch.timeout = 10s (default)
2019-09-26 15:11:40,695 [b3e939fd-eb36-468b-9efe-5d0a1fdaa172@group-41B56DBBC522:LeaderElection170] INFO  server.RaftServerConfigKeys (ConfUtils.java:logGet(43)) - raft.server.watch.timeout.denomination = 1s (default)
2019-09-26 15:11:40,695 [b3e939fd-eb36-468b-9efe-5d0a1fdaa172@group-41B56DBBC522:LeaderElection170] INFO  server.RaftServerConfigKeys (ConfUtils.java:logGet(43)) - raft.server.watch.element-limit = 65536 (default)
2019-09-26 15:11:40,697 [b3e939fd-eb36-468b-9efe-5d0a1fdaa172@group-41B56DBBC522:LeaderElection170] INFO  impl.RoleInfo (RoleInfo.java:updateAndGet(143)) - b3e939fd-eb36-468b-9efe-5d0a1fdaa172: start LeaderState
2019-09-26 15:11:40,697 [b3e939fd-eb36-468b-9efe-5d0a1fdaa172@group-41B56DBBC522:LeaderElection170] INFO  segmented.SegmentedRaftLogWorker (SegmentedRaftLogWorker.java:startLogSegment(380)) - b3e939fd-eb36-468b-9efe-5d0a1fdaa172@group-41B56DBBC522-SegmentedRaftLogWorker: Starting segment from index:0
2019-09-26 15:11:41,000 [b3e939fd-eb36-468b-9efe-5d0a1fdaa172@group-41B56DBBC522:LeaderElection170] INFO  impl.RaftServerImpl (ServerState.java:setRaftConf(354)) - b3e939fd-eb36-468b-9efe-5d0a1fdaa172@group-41B56DBBC522: set configuration 0: [b3e939fd-eb36-468b-9efe-5d0a1fdaa172:192.168.151.99:45433], old=null at 0
2019-09-26 15:11:41,507 [b3e939fd-eb36-468b-9efe-5d0a1fdaa172@group-41B56DBBC522-SegmentedRaftLogWorker] ERROR segmented.SegmentedRaftLogWorker (SegmentedRaftLogWorker.java:run(323)) - b3e939fd-eb36-468b-9efe-5d0a1fdaa172@group-41B56DBBC522-SegmentedRaftLogWorker hit exception
java.lang.OutOfMemoryError: Direct buffer memory
	at java.nio.Bits.reserveMemory(Bits.java:666)
	at java.nio.DirectByteBuffer.<init>(DirectByteBuffer.java:123)
	at java.nio.ByteBuffer.allocateDirect(ByteBuffer.java:311)
	at org.apache.ratis.server.raftlog.segmented.BufferedWriteChannel.<init>(BufferedWriteChannel.java:41)
	at org.apache.ratis.server.raftlog.segmented.SegmentedRaftLogOutputStream.<init>(SegmentedRaftLogOutputStream.java:72)
	at org.apache.ratis.server.raftlog.segmented.SegmentedRaftLogWorker$StartLogSegment.execute(SegmentedRaftLogWorker.java:566)
	at org.apache.ratis.server.raftlog.segmented.SegmentedRaftLogWorker.run(SegmentedRaftLogWorker.java:289)
	at java.lang.Thread.run(Thread.java:748)
2019-09-26 15:11:41,507 [b3e939fd-eb36-468b-9efe-5d0a1fdaa172@group-41B56DBBC522-SegmentedRaftLogWorker] INFO  impl.RaftServerImpl (RaftServerImpl.java:lambda$shutdown$3(251)) - b3e939fd-eb36-468b-9efe-5d0a1fdaa172@group-41B56DBBC522: shutdown
2019-09-26 15:11:41,507 [b3e939fd-eb36-468b-9efe-5d0a1fdaa172@group-41B56DBBC522-SegmentedRaftLogWorker] INFO  util.JmxRegister (JmxRegister.java:unregister(73)) - Successfully un-registered JMX Bean with object name Ratis:service=RaftServer,group=group-41B56DBBC522,id=b3e939fd-eb36-468b-9efe-5d0a1fdaa172
2019-09-26 15:11:41,507 [b3e939fd-eb36-468b-9efe-5d0a1fdaa172@group-41B56DBBC522-SegmentedRaftLogWorker] INFO  impl.RoleInfo (RoleInfo.java:shutdownLeaderState(104)) - b3e939fd-eb36-468b-9efe-5d0a1fdaa172: shutdown LeaderState
2019-09-26 15:11:41,508 [b3e939fd-eb36-468b-9efe-5d0a1fdaa172@group-41B56DBBC522-SegmentedRaftLogWorker] INFO  impl.PendingRequests (PendingRequests.java:sendNotLeaderResponses(202)) - b3e939fd-eb36-468b-9efe-5d0a1fdaa172-PendingRequests: sendNotLeaderResponses
2019-09-26 15:11:41,508 [b3e939fd-eb36-468b-9efe-5d0a1fdaa172@group-41B56DBBC522-SegmentedRaftLogWorker] INFO  impl.StateMachineUpdater (StateMachineUpdater.java:stopAndJoin(125)) - b3e939fd-eb36-468b-9efe-5d0a1fdaa172@group-41B56DBBC522-StateMachineUpdater: set stopIndex = -1
2019-09-26 15:11:41,508 [b3e939fd-eb36-468b-9efe-5d0a1fdaa172@group-41B56DBBC522-SegmentedRaftLogWorker] INFO  impl.RaftServerImpl (ServerState.java:close(385)) - b3e939fd-eb36-468b-9efe-5d0a1fdaa172@group-41B56DBBC522: closes. applyIndex: -1
2019-09-26 15:11:41,508 [b3e939fd-eb36-468b-9efe-5d0a1fdaa172@group-41B56DBBC522-SegmentedRaftLogWorker] INFO  segmented.SegmentedRaftLogWorker (SegmentedRaftLogWorker.java:close(228)) - b3e939fd-eb36-468b-9efe-5d0a1fdaa172@group-41B56DBBC522-SegmentedRaftLogWorker close()
2019-09-26 15:12:36,025 [grpc-default-executor-0] INFO  impl.RaftServerProxy (RaftServerProxy.java:remove(95)) - b3e939fd-eb36-468b-9efe-5d0a1fdaa172: remove    LEADER b3e939fd-eb36-468b-9efe-5d0a1fdaa172@group-6E282D9F3CA4:t1, leader=b3e939fd-eb36-468b-9efe-5d0a1fdaa172, voted=b3e939fd-eb36-468b-9efe-5d0a1fdaa172, raftlog=b3e939fd-eb36-468b-9efe-5d0a1fdaa172@group-6E282D9F3CA4-SegmentedRaftLog:CLOSED:c-1, conf=0: [b3e939fd-eb36-468b-9efe-5d0a1fdaa172:192.168.151.99:45433], old=null CLOSED
2019-09-26 15:12:36,038 [grpc-default-executor-0] INFO  impl.RaftServerProxy (RaftServerProxy.java:remove(95)) - b3e939fd-eb36-468b-9efe-5d0a1fdaa172: remove    LEADER b3e939fd-eb36-468b-9efe-5d0a1fdaa172@group-41B56DBBC522:t1, leader=b3e939fd-eb36-468b-9efe-5d0a1fdaa172, voted=b3e939fd-eb36-468b-9efe-5d0a1fdaa172, raftlog=b3e939fd-eb36-468b-9efe-5d0a1fdaa172@group-41B56DBBC522-SegmentedRaftLog:CLOSED:c-1, conf=0: [b3e939fd-eb36-468b-9efe-5d0a1fdaa172:192.168.151.99:45433], old=null CLOSED
2019-09-26 15:13:26,751 [grpc-default-executor-0] INFO  impl.RaftServerProxy (RaftServerProxy.java:addNew(89)) - b3e939fd-eb36-468b-9efe-5d0a1fdaa172: addNew group-A69ABA2706CB:[b3e939fd-eb36-468b-9efe-5d0a1fdaa172:192.168.151.99:45433] returns group-A69ABA2706CB:java.util.concurrent.CompletableFuture@2c742f97[Not completed]
2019-09-26 15:13:26,753 [pool-27-thread-1] INFO  impl.RaftServerImpl (RaftServerImpl.java:<init>(95)) - b3e939fd-eb36-468b-9efe-5d0a1fdaa172: new RaftServerImpl for group-A69ABA2706CB:[b3e939fd-eb36-468b-9efe-5d0a1fdaa172:192.168.151.99:45433] with ContainerStateMachine:uninitialized
2019-09-26 15:13:26,753 [pool-27-thread-1] INFO  server.RaftServerConfigKeys (ConfUtils.java:logGet(43)) - raft.server.rpc.timeout.min = 5s (custom)
2019-09-26 15:13:26,753 [pool-27-thread-1] INFO  server.RaftServerConfigKeys (ConfUtils.java:logGet(43)) - raft.server.rpc.timeout.max = 5200ms (custom)
2019-09-26 15:13:26,753 [pool-27-thread-1] INFO  server.RaftServerConfigKeys (ConfUtils.java:logGet(43)) - raft.server.rpcslowness.timeout = 120s (custom)
2019-09-26 15:13:26,754 [pool-27-thread-1] INFO  server.RaftServerConfigKeys (ConfUtils.java:logGet(43)) - raft.server.sleep.deviation.threshold = 300 (default)
2019-09-26 15:13:26,754 [pool-27-thread-1] INFO  server.RaftServerConfigKeys (ConfUtils.java:logGet(43)) - raft.server.log.appender.install.snapshot.enabled = false (custom)
2019-09-26 15:13:26,754 [pool-27-thread-1] INFO  impl.RaftServerImpl (ServerState.java:<init>(103)) - b3e939fd-eb36-468b-9efe-5d0a1fdaa172@group-A69ABA2706CB: ConfigurationManager, init=-1: [b3e939fd-eb36-468b-9efe-5d0a1fdaa172:192.168.151.99:45433], old=null, confs=<EMPTY_MAP>
2019-09-26 15:13:26,754 [pool-27-thread-1] INFO  server.RaftServerConfigKeys (ConfUtils.java:logGet(43)) - raft.server.storage.dir = [/workdir/hadoop-ozone/integration-test/target/test-dir/MiniOzoneClusterImpl-7e2f4b2f-6763-4a45-9ec4-264c2cef7c61/datanode-0/data/ratis] (custom)
2019-09-26 15:13:26,755 [pool-27-thread-1] INFO  storage.RaftStorageDirectory (RaftStorageDirectory.java:analyzeStorage(246)) - The storage directory /workdir/hadoop-ozone/integration-test/target/test-dir/MiniOzoneClusterImpl-7e2f4b2f-6763-4a45-9ec4-264c2cef7c61/datanode-0/data/ratis/e9218e78-24ae-46a3-b31a-a69aba2706cb does not exist. Creating ...
2019-09-26 15:13:26,778 [pool-27-thread-1] INFO  storage.RaftStorageDirectory (RaftStorageDirectory.java:tryLock(328)) - Lock on /workdir/hadoop-ozone/integration-test/target/test-dir/MiniOzoneClusterImpl-7e2f4b2f-6763-4a45-9ec4-264c2cef7c61/datanode-0/data/ratis/e9218e78-24ae-46a3-b31a-a69aba2706cb/in_use.lock acquired by nodename 11803@pr-hdds-1569-g6sp5-2013761785
2019-09-26 15:13:26,792 [pool-27-thread-1] INFO  storage.RaftStorage (RaftStorage.java:format(72)) - Storage directory /workdir/hadoop-ozone/integration-test/target/test-dir/MiniOzoneClusterImpl-7e2f4b2f-6763-4a45-9ec4-264c2cef7c61/datanode-0/data/ratis/e9218e78-24ae-46a3-b31a-a69aba2706cb has been successfully formatted.
2019-09-26 15:13:26,792 [pool-27-thread-1] INFO  ratis.ContainerStateMachine (ContainerStateMachine.java:loadSnapshot(230)) - group-A69ABA2706CB: The snapshot info is null. Setting the last applied indexto:(t:0, i:~)
2019-09-26 15:13:26,792 [pool-27-thread-1] INFO  server.RaftServerConfigKeys (ConfUtils.java:logGet(43)) - raft.server.notification.no-leader.timeout = 120s (custom)
2019-09-26 15:13:26,792 [pool-27-thread-1] INFO  server.RaftServerConfigKeys (ConfUtils.java:logGet(43)) - raft.server.log.use.memory = false (default)
2019-09-26 15:13:26,793 [pool-27-thread-1] INFO  server.RaftServerConfigKeys (ConfUtils.java:logGet(43)) - raft.server.log.purge.gap = 1000000 (custom)
2019-09-26 15:13:26,793 [pool-27-thread-1] INFO  server.RaftServerConfigKeys (ConfUtils.java:logGet(43)) - raft.server.log.appender.buffer.byte-limit = 33554432 (custom)
2019-09-26 15:13:26,793 [pool-27-thread-1] INFO  server.RaftServerConfigKeys (ConfUtils.java:logGet(43)) - raft.server.log.segment.size.max = 1048576 (custom)
2019-09-26 15:13:26,793 [pool-27-thread-1] INFO  server.RaftServerConfigKeys (ConfUtils.java:logGet(43)) - raft.server.log.segment.cache.num.max = 2 (custom)
2019-09-26 15:13:26,793 [pool-27-thread-1] INFO  segmented.SegmentedRaftLogWorker (SegmentedRaftLogWorker.java:<init>(172)) - new b3e939fd-eb36-468b-9efe-5d0a1fdaa172@group-A69ABA2706CB-SegmentedRaftLogWorker for RaftStorage:Storage Directory /workdir/hadoop-ozone/integration-test/target/test-dir/MiniOzoneClusterImpl-7e2f4b2f-6763-4a45-9ec4-264c2cef7c61/datanode-0/data/ratis/e9218e78-24ae-46a3-b31a-a69aba2706cb
2019-09-26 15:13:26,793 [pool-27-thread-1] INFO  server.RaftServerConfigKeys (ConfUtils.java:logGet(43)) - raft.server.log.queue.byte-limit = 2147483647 (custom)
2019-09-26 15:13:26,793 [pool-27-thread-1] INFO  server.RaftServerConfigKeys (ConfUtils.java:logGet(43)) - raft.server.log.queue.element-limit = 1024 (custom)
2019-09-26 15:13:26,793 [pool-27-thread-1] INFO  server.RaftServerConfigKeys (ConfUtils.java:logGet(43)) - raft.server.log.segment.size.max = 1048576 (custom)
2019-09-26 15:13:26,794 [pool-27-thread-1] INFO  server.RaftServerConfigKeys (ConfUtils.java:logGet(43)) - raft.server.log.preallocated.size = 16384 (custom)
2019-09-26 15:13:26,794 [pool-27-thread-1] INFO  server.RaftServerConfigKeys (ConfUtils.java:logGet(43)) - raft.server.log.write.buffer.size = 33554432 (custom)
2019-09-26 15:13:26,794 [pool-27-thread-1] INFO  server.RaftServerConfigKeys (ConfUtils.java:logGet(43)) - raft.server.log.force.sync.num = 128 (default)
2019-09-26 15:13:26,794 [pool-27-thread-1] INFO  server.RaftServerConfigKeys (ConfUtils.java:logGet(43)) - raft.server.log.statemachine.data.sync = true (default)
2019-09-26 15:13:26,794 [pool-27-thread-1] INFO  server.RaftServerConfigKeys (ConfUtils.java:logGet(43)) - raft.server.log.statemachine.data.sync.timeout = 10s (default)
2019-09-26 15:13:26,794 [pool-27-thread-1] INFO  server.RaftServerConfigKeys (ConfUtils.java:logGet(43)) - raft.server.log.statemachine.data.sync.timeout.retry = -1 (default)
2019-09-26 15:13:26,794 [pool-27-thread-1] INFO  server.RaftServerConfigKeys (ConfUtils.java:logGet(43)) - raft.server.log.statemachine.data.caching.enabled = true (custom)
2019-09-26 15:13:26,794 [pool-27-thread-1] INFO  segmented.SegmentedRaftLogWorker (SegmentedRaftLogWorker.java:lambda$new$0(132)) - b3e939fd-eb36-468b-9efe-5d0a1fdaa172@group-A69ABA2706CB-SegmentedRaftLogWorker: flushIndex: setUnconditionally 0 -> -1
2019-09-26 15:13:26,795 [pool-27-thread-1] INFO  server.RaftServerConfigKeys (ConfUtils.java:logGet(43)) - raft.server.snapshot.auto.trigger.enabled = true (custom)
2019-09-26 15:13:26,795 [pool-27-thread-1] INFO  server.RaftServerConfigKeys (ConfUtils.java:logGet(43)) - raft.server.snapshot.auto.trigger.threshold = 10000 (custom)
2019-09-26 15:13:26,795 [pool-27-thread-1] INFO  server.RaftServerConfigKeys (ConfUtils.java:logGet(43)) - raft.server.snapshot.retention.num.files = 5 (custom)
2019-09-26 15:13:26,795 [pool-27-thread-1] INFO  server.RaftServerConfigKeys (ConfUtils.java:logGet(43)) - raft.server.retrycache.expirytime = 600000ms (custom)
2019-09-26 15:13:26,797 [pool-27-thread-1] INFO  impl.RaftServerImpl (RaftServerImpl.java:start(185)) - b3e939fd-eb36-468b-9efe-5d0a1fdaa172@group-A69ABA2706CB: start as a follower, conf=-1: [b3e939fd-eb36-468b-9efe-5d0a1fdaa172:192.168.151.99:45433], old=null
2019-09-26 15:13:26,797 [pool-27-thread-1] INFO  impl.RaftServerImpl (RaftServerImpl.java:setRole(174)) - b3e939fd-eb36-468b-9efe-5d0a1fdaa172@group-A69ABA2706CB: changes role from      null to FOLLOWER at term 0 for startAsFollower
2019-09-26 15:13:26,797 [pool-27-thread-1] INFO  impl.RoleInfo (RoleInfo.java:updateAndGet(143)) - b3e939fd-eb36-468b-9efe-5d0a1fdaa172: start FollowerState
2019-09-26 15:13:26,797 [pool-27-thread-1] INFO  util.JmxRegister (JmxRegister.java:tryRegister(44)) - Successfully registered JMX Bean with object name Ratis:service=RaftServer,group=group-A69ABA2706CB,id=b3e939fd-eb36-468b-9efe-5d0a1fdaa172
2019-09-26 15:13:26,802 [RatisPipelineUtilsThread] INFO  pipeline.PipelineStateManager (PipelineStateManager.java:addPipeline(56)) - Created pipeline Pipeline[ Id: e9218e78-24ae-46a3-b31a-a69aba2706cb, Nodes: b3e939fd-eb36-468b-9efe-5d0a1fdaa172{ip: 192.168.151.99, host: pr-hdds-1569-g6sp5-2013761785, networkLocation: /default-rack, certSerialId: null}, Type:RATIS, Factor:ONE, State:OPEN]
2019-09-26 15:13:26,807 [grpc-default-executor-0] INFO  impl.RaftServerProxy (RaftServerProxy.java:addNew(89)) - b3e939fd-eb36-468b-9efe-5d0a1fdaa172: addNew group-05D02A6E9E31:[b3e939fd-eb36-468b-9efe-5d0a1fdaa172:192.168.151.99:45433] returns group-05D02A6E9E31:java.util.concurrent.CompletableFuture@4dd802b9[Not completed]
2019-09-26 15:13:26,808 [pool-27-thread-1] INFO  impl.RaftServerImpl (RaftServerImpl.java:<init>(95)) - b3e939fd-eb36-468b-9efe-5d0a1fdaa172: new RaftServerImpl for group-05D02A6E9E31:[b3e939fd-eb36-468b-9efe-5d0a1fdaa172:192.168.151.99:45433] with ContainerStateMachine:uninitialized
2019-09-26 15:13:26,809 [pool-27-thread-1] INFO  server.RaftServerConfigKeys (ConfUtils.java:logGet(43)) - raft.server.rpc.timeout.min = 5s (custom)
2019-09-26 15:13:26,809 [pool-27-thread-1] INFO  server.RaftServerConfigKeys (ConfUtils.java:logGet(43)) - raft.server.rpc.timeout.max = 5200ms (custom)
2019-09-26 15:13:26,809 [pool-27-thread-1] INFO  server.RaftServerConfigKeys (ConfUtils.java:logGet(43)) - raft.server.rpcslowness.timeout = 120s (custom)
2019-09-26 15:13:26,809 [pool-27-thread-1] INFO  server.RaftServerConfigKeys (ConfUtils.java:logGet(43)) - raft.server.sleep.deviation.threshold = 300 (default)
2019-09-26 15:13:26,809 [pool-27-thread-1] INFO  server.RaftServerConfigKeys (ConfUtils.java:logGet(43)) - raft.server.log.appender.install.snapshot.enabled = false (custom)
2019-09-26 15:13:26,809 [pool-27-thread-1] INFO  impl.RaftServerImpl (ServerState.java:<init>(103)) - b3e939fd-eb36-468b-9efe-5d0a1fdaa172@group-05D02A6E9E31: ConfigurationManager, init=-1: [b3e939fd-eb36-468b-9efe-5d0a1fdaa172:192.168.151.99:45433], old=null, confs=<EMPTY_MAP>
2019-09-26 15:13:26,809 [pool-27-thread-1] INFO  server.RaftServerConfigKeys (ConfUtils.java:logGet(43)) - raft.server.storage.dir = [/workdir/hadoop-ozone/integration-test/target/test-dir/MiniOzoneClusterImpl-7e2f4b2f-6763-4a45-9ec4-264c2cef7c61/datanode-0/data/ratis] (custom)
2019-09-26 15:13:26,810 [pool-27-thread-1] INFO  storage.RaftStorageDirectory (RaftStorageDirectory.java:analyzeStorage(246)) - The storage directory /workdir/hadoop-ozone/integration-test/target/test-dir/MiniOzoneClusterImpl-7e2f4b2f-6763-4a45-9ec4-264c2cef7c61/datanode-0/data/ratis/41df2a1d-5b13-4362-8ea3-05d02a6e9e31 does not exist. Creating ...
2019-09-26 15:13:26,823 [pool-27-thread-1] INFO  storage.RaftStorageDirectory (RaftStorageDirectory.java:tryLock(328)) - Lock on /workdir/hadoop-ozone/integration-test/target/test-dir/MiniOzoneClusterImpl-7e2f4b2f-6763-4a45-9ec4-264c2cef7c61/datanode-0/data/ratis/41df2a1d-5b13-4362-8ea3-05d02a6e9e31/in_use.lock acquired by nodename 11803@pr-hdds-1569-g6sp5-2013761785
2019-09-26 15:13:26,836 [pool-27-thread-1] INFO  storage.RaftStorage (RaftStorage.java:format(72)) - Storage directory /workdir/hadoop-ozone/integration-test/target/test-dir/MiniOzoneClusterImpl-7e2f4b2f-6763-4a45-9ec4-264c2cef7c61/datanode-0/data/ratis/41df2a1d-5b13-4362-8ea3-05d02a6e9e31 has been successfully formatted.
2019-09-26 15:13:26,836 [pool-27-thread-1] INFO  ratis.ContainerStateMachine (ContainerStateMachine.java:loadSnapshot(230)) - group-05D02A6E9E31: The snapshot info is null. Setting the last applied indexto:(t:0, i:~)
2019-09-26 15:13:26,836 [pool-27-thread-1] INFO  server.RaftServerConfigKeys (ConfUtils.java:logGet(43)) - raft.server.notification.no-leader.timeout = 120s (custom)
2019-09-26 15:13:26,836 [pool-27-thread-1] INFO  server.RaftServerConfigKeys (ConfUtils.java:logGet(43)) - raft.server.log.use.memory = false (default)
2019-09-26 15:13:26,837 [pool-27-thread-1] INFO  server.RaftServerConfigKeys (ConfUtils.java:logGet(43)) - raft.server.log.purge.gap = 1000000 (custom)
2019-09-26 15:13:26,837 [pool-27-thread-1] INFO  server.RaftServerConfigKeys (ConfUtils.java:logGet(43)) - raft.server.log.appender.buffer.byte-limit = 33554432 (custom)
2019-09-26 15:13:26,837 [pool-27-thread-1] INFO  server.RaftServerConfigKeys (ConfUtils.java:logGet(43)) - raft.server.log.segment.size.max = 1048576 (custom)
2019-09-26 15:13:26,838 [pool-27-thread-1] INFO  server.RaftServerConfigKeys (ConfUtils.java:logGet(43)) - raft.server.log.segment.cache.num.max = 2 (custom)
2019-09-26 15:13:26,838 [pool-27-thread-1] INFO  segmented.SegmentedRaftLogWorker (SegmentedRaftLogWorker.java:<init>(172)) - new b3e939fd-eb36-468b-9efe-5d0a1fdaa172@group-05D02A6E9E31-SegmentedRaftLogWorker for RaftStorage:Storage Directory /workdir/hadoop-ozone/integration-test/target/test-dir/MiniOzoneClusterImpl-7e2f4b2f-6763-4a45-9ec4-264c2cef7c61/datanode-0/data/ratis/41df2a1d-5b13-4362-8ea3-05d02a6e9e31
2019-09-26 15:13:26,838 [pool-27-thread-1] INFO  server.RaftServerConfigKeys (ConfUtils.java:logGet(43)) - raft.server.log.queue.byte-limit = 2147483647 (custom)
2019-09-26 15:13:26,838 [pool-27-thread-1] INFO  server.RaftServerConfigKeys (ConfUtils.java:logGet(43)) - raft.server.log.queue.element-limit = 1024 (custom)
2019-09-26 15:13:26,839 [pool-27-thread-1] INFO  server.RaftServerConfigKeys (ConfUtils.java:logGet(43)) - raft.server.log.segment.size.max = 1048576 (custom)
2019-09-26 15:13:26,839 [pool-27-thread-1] INFO  server.RaftServerConfigKeys (ConfUtils.java:logGet(43)) - raft.server.log.preallocated.size = 16384 (custom)
2019-09-26 15:13:26,839 [pool-27-thread-1] INFO  server.RaftServerConfigKeys (ConfUtils.java:logGet(43)) - raft.server.log.write.buffer.size = 33554432 (custom)
2019-09-26 15:13:26,839 [pool-27-thread-1] INFO  server.RaftServerConfigKeys (ConfUtils.java:logGet(43)) - raft.server.log.force.sync.num = 128 (default)
2019-09-26 15:13:26,839 [pool-27-thread-1] INFO  server.RaftServerConfigKeys (ConfUtils.java:logGet(43)) - raft.server.log.statemachine.data.sync = true (default)
2019-09-26 15:13:26,840 [pool-27-thread-1] INFO  server.RaftServerConfigKeys (ConfUtils.java:logGet(43)) - raft.server.log.statemachine.data.sync.timeout = 10s (default)
2019-09-26 15:13:26,840 [pool-27-thread-1] INFO  server.RaftServerConfigKeys (ConfUtils.java:logGet(43)) - raft.server.log.statemachine.data.sync.timeout.retry = -1 (default)
2019-09-26 15:13:26,840 [pool-27-thread-1] INFO  server.RaftServerConfigKeys (ConfUtils.java:logGet(43)) - raft.server.log.statemachine.data.caching.enabled = true (custom)
2019-09-26 15:13:26,841 [pool-27-thread-1] INFO  segmented.SegmentedRaftLogWorker (SegmentedRaftLogWorker.java:lambda$new$0(132)) - b3e939fd-eb36-468b-9efe-5d0a1fdaa172@group-05D02A6E9E31-SegmentedRaftLogWorker: flushIndex: setUnconditionally 0 -> -1
2019-09-26 15:13:26,841 [pool-27-thread-1] INFO  server.RaftServerConfigKeys (ConfUtils.java:logGet(43)) - raft.server.snapshot.auto.trigger.enabled = true (custom)
2019-09-26 15:13:26,841 [pool-27-thread-1] INFO  server.RaftServerConfigKeys (ConfUtils.java:logGet(43)) - raft.server.snapshot.auto.trigger.threshold = 10000 (custom)
2019-09-26 15:13:26,842 [pool-27-thread-1] INFO  server.RaftServerConfigKeys (ConfUtils.java:logGet(43)) - raft.server.snapshot.retention.num.files = 5 (custom)
2019-09-26 15:13:26,842 [pool-27-thread-1] INFO  server.RaftServerConfigKeys (ConfUtils.java:logGet(43)) - raft.server.retrycache.expirytime = 600000ms (custom)
2019-09-26 15:13:26,845 [pool-27-thread-1] INFO  impl.RaftServerImpl (RaftServerImpl.java:start(185)) - b3e939fd-eb36-468b-9efe-5d0a1fdaa172@group-05D02A6E9E31: start as a follower, conf=-1: [b3e939fd-eb36-468b-9efe-5d0a1fdaa172:192.168.151.99:45433], old=null
2019-09-26 15:13:26,845 [pool-27-thread-1] INFO  impl.RaftServerImpl (RaftServerImpl.java:setRole(174)) - b3e939fd-eb36-468b-9efe-5d0a1fdaa172@group-05D02A6E9E31: changes role from      null to FOLLOWER at term 0 for startAsFollower
2019-09-26 15:13:26,846 [pool-27-thread-1] INFO  impl.RoleInfo (RoleInfo.java:updateAndGet(143)) - b3e939fd-eb36-468b-9efe-5d0a1fdaa172: start FollowerState
2019-09-26 15:13:26,846 [pool-27-thread-1] INFO  util.JmxRegister (JmxRegister.java:tryRegister(44)) - Successfully registered JMX Bean with object name Ratis:service=RaftServer,group=group-05D02A6E9E31,id=b3e939fd-eb36-468b-9efe-5d0a1fdaa172
2019-09-26 15:13:26,849 [RatisPipelineUtilsThread] INFO  pipeline.PipelineStateManager (PipelineStateManager.java:addPipeline(56)) - Created pipeline Pipeline[ Id: 41df2a1d-5b13-4362-8ea3-05d02a6e9e31, Nodes: b3e939fd-eb36-468b-9efe-5d0a1fdaa172{ip: 192.168.151.99, host: pr-hdds-1569-g6sp5-2013761785, networkLocation: /default-rack, certSerialId: null}, Type:RATIS, Factor:ONE, State:OPEN]
2019-09-26 15:13:26,854 [grpc-default-executor-0] INFO  impl.RaftServerProxy (RaftServerProxy.java:addNew(89)) - b3e939fd-eb36-468b-9efe-5d0a1fdaa172: addNew group-FD4703A36E0D:[b3e939fd-eb36-468b-9efe-5d0a1fdaa172:192.168.151.99:45433] returns group-FD4703A36E0D:java.util.concurrent.CompletableFuture@2b90e1fc[Not completed]
2019-09-26 15:13:26,857 [pool-27-thread-1] INFO  impl.RaftServerImpl (RaftServerImpl.java:<init>(95)) - b3e939fd-eb36-468b-9efe-5d0a1fdaa172: new RaftServerImpl for group-FD4703A36E0D:[b3e939fd-eb36-468b-9efe-5d0a1fdaa172:192.168.151.99:45433] with ContainerStateMachine:uninitialized
2019-09-26 15:13:26,857 [pool-27-thread-1] INFO  server.RaftServerConfigKeys (ConfUtils.java:logGet(43)) - raft.server.rpc.timeout.min = 5s (custom)
2019-09-26 15:13:26,858 [pool-27-thread-1] INFO  server.RaftServerConfigKeys (ConfUtils.java:logGet(43)) - raft.server.rpc.timeout.max = 5200ms (custom)
2019-09-26 15:13:26,858 [pool-27-thread-1] INFO  server.RaftServerConfigKeys (ConfUtils.java:logGet(43)) - raft.server.rpcslowness.timeout = 120s (custom)
2019-09-26 15:13:26,858 [pool-27-thread-1] INFO  server.RaftServerConfigKeys (ConfUtils.java:logGet(43)) - raft.server.sleep.deviation.threshold = 300 (default)
2019-09-26 15:13:26,858 [pool-27-thread-1] INFO  server.RaftServerConfigKeys (ConfUtils.java:logGet(43)) - raft.server.log.appender.install.snapshot.enabled = false (custom)
2019-09-26 15:13:26,858 [pool-27-thread-1] INFO  impl.RaftServerImpl (ServerState.java:<init>(103)) - b3e939fd-eb36-468b-9efe-5d0a1fdaa172@group-FD4703A36E0D: ConfigurationManager, init=-1: [b3e939fd-eb36-468b-9efe-5d0a1fdaa172:192.168.151.99:45433], old=null, confs=<EMPTY_MAP>
2019-09-26 15:13:26,859 [pool-27-thread-1] INFO  server.RaftServerConfigKeys (ConfUtils.java:logGet(43)) - raft.server.storage.dir = [/workdir/hadoop-ozone/integration-test/target/test-dir/MiniOzoneClusterImpl-7e2f4b2f-6763-4a45-9ec4-264c2cef7c61/datanode-0/data/ratis] (custom)
2019-09-26 15:13:26,860 [pool-27-thread-1] INFO  storage.RaftStorageDirectory (RaftStorageDirectory.java:analyzeStorage(246)) - The storage directory /workdir/hadoop-ozone/integration-test/target/test-dir/MiniOzoneClusterImpl-7e2f4b2f-6763-4a45-9ec4-264c2cef7c61/datanode-0/data/ratis/eaf824a2-0870-4711-a762-fd4703a36e0d does not exist. Creating ...
2019-09-26 15:13:26,864 [pool-27-thread-1] INFO  storage.RaftStorageDirectory (RaftStorageDirectory.java:tryLock(328)) - Lock on /workdir/hadoop-ozone/integration-test/target/test-dir/MiniOzoneClusterImpl-7e2f4b2f-6763-4a45-9ec4-264c2cef7c61/datanode-0/data/ratis/eaf824a2-0870-4711-a762-fd4703a36e0d/in_use.lock acquired by nodename 11803@pr-hdds-1569-g6sp5-2013761785
2019-09-26 15:13:26,867 [pool-27-thread-1] INFO  storage.RaftStorage (RaftStorage.java:format(72)) - Storage directory /workdir/hadoop-ozone/integration-test/target/test-dir/MiniOzoneClusterImpl-7e2f4b2f-6763-4a45-9ec4-264c2cef7c61/datanode-0/data/ratis/eaf824a2-0870-4711-a762-fd4703a36e0d has been successfully formatted.
2019-09-26 15:13:26,867 [pool-27-thread-1] INFO  ratis.ContainerStateMachine (ContainerStateMachine.java:loadSnapshot(230)) - group-FD4703A36E0D: The snapshot info is null. Setting the last applied indexto:(t:0, i:~)
2019-09-26 15:13:26,868 [pool-27-thread-1] INFO  server.RaftServerConfigKeys (ConfUtils.java:logGet(43)) - raft.server.notification.no-leader.timeout = 120s (custom)
2019-09-26 15:13:26,868 [pool-27-thread-1] INFO  server.RaftServerConfigKeys (ConfUtils.java:logGet(43)) - raft.server.log.use.memory = false (default)
2019-09-26 15:13:26,868 [pool-27-thread-1] INFO  server.RaftServerConfigKeys (ConfUtils.java:logGet(43)) - raft.server.log.purge.gap = 1000000 (custom)
2019-09-26 15:13:26,868 [pool-27-thread-1] INFO  server.RaftServerConfigKeys (ConfUtils.java:logGet(43)) - raft.server.log.appender.buffer.byte-limit = 33554432 (custom)
2019-09-26 15:13:26,869 [pool-27-thread-1] INFO  server.RaftServerConfigKeys (ConfUtils.java:logGet(43)) - raft.server.log.segment.size.max = 1048576 (custom)
2019-09-26 15:13:26,869 [pool-27-thread-1] INFO  server.RaftServerConfigKeys (ConfUtils.java:logGet(43)) - raft.server.log.segment.cache.num.max = 2 (custom)
2019-09-26 15:13:26,869 [pool-27-thread-1] INFO  segmented.SegmentedRaftLogWorker (SegmentedRaftLogWorker.java:<init>(172)) - new b3e939fd-eb36-468b-9efe-5d0a1fdaa172@group-FD4703A36E0D-SegmentedRaftLogWorker for RaftStorage:Storage Directory /workdir/hadoop-ozone/integration-test/target/test-dir/MiniOzoneClusterImpl-7e2f4b2f-6763-4a45-9ec4-264c2cef7c61/datanode-0/data/ratis/eaf824a2-0870-4711-a762-fd4703a36e0d
2019-09-26 15:13:26,869 [pool-27-thread-1] INFO  server.RaftServerConfigKeys (ConfUtils.java:logGet(43)) - raft.server.log.queue.byte-limit = 2147483647 (custom)
2019-09-26 15:13:26,870 [pool-27-thread-1] INFO  server.RaftServerConfigKeys (ConfUtils.java:logGet(43)) - raft.server.log.queue.element-limit = 1024 (custom)
2019-09-26 15:13:26,870 [pool-27-thread-1] INFO  server.RaftServerConfigKeys (ConfUtils.java:logGet(43)) - raft.server.log.segment.size.max = 1048576 (custom)
2019-09-26 15:13:26,870 [pool-27-thread-1] INFO  server.RaftServerConfigKeys (ConfUtils.java:logGet(43)) - raft.server.log.preallocated.size = 16384 (custom)
2019-09-26 15:13:26,870 [pool-27-thread-1] INFO  server.RaftServerConfigKeys (ConfUtils.java:logGet(43)) - raft.server.log.write.buffer.size = 33554432 (custom)
2019-09-26 15:13:26,871 [pool-27-thread-1] INFO  server.RaftServerConfigKeys (ConfUtils.java:logGet(43)) - raft.server.log.force.sync.num = 128 (default)
2019-09-26 15:13:26,871 [pool-27-thread-1] INFO  server.RaftServerConfigKeys (ConfUtils.java:logGet(43)) - raft.server.log.statemachine.data.sync = true (default)
2019-09-26 15:13:26,871 [pool-27-thread-1] INFO  server.RaftServerConfigKeys (ConfUtils.java:logGet(43)) - raft.server.log.statemachine.data.sync.timeout = 10s (default)
2019-09-26 15:13:26,871 [pool-27-thread-1] INFO  server.RaftServerConfigKeys (ConfUtils.java:logGet(43)) - raft.server.log.statemachine.data.sync.timeout.retry = -1 (default)
2019-09-26 15:13:26,872 [pool-27-thread-1] INFO  server.RaftServerConfigKeys (ConfUtils.java:logGet(43)) - raft.server.log.statemachine.data.caching.enabled = true (custom)
2019-09-26 15:13:26,872 [pool-27-thread-1] INFO  segmented.SegmentedRaftLogWorker (SegmentedRaftLogWorker.java:lambda$new$0(132)) - b3e939fd-eb36-468b-9efe-5d0a1fdaa172@group-FD4703A36E0D-SegmentedRaftLogWorker: flushIndex: setUnconditionally 0 -> -1
2019-09-26 15:13:26,872 [pool-27-thread-1] INFO  server.RaftServerConfigKeys (ConfUtils.java:logGet(43)) - raft.server.snapshot.auto.trigger.enabled = true (custom)
2019-09-26 15:13:26,873 [pool-27-thread-1] INFO  server.RaftServerConfigKeys (ConfUtils.java:logGet(43)) - raft.server.snapshot.auto.trigger.threshold = 10000 (custom)
2019-09-26 15:13:26,873 [pool-27-thread-1] INFO  server.RaftServerConfigKeys (ConfUtils.java:logGet(43)) - raft.server.snapshot.retention.num.files = 5 (custom)
2019-09-26 15:13:26,873 [pool-27-thread-1] INFO  server.RaftServerConfigKeys (ConfUtils.java:logGet(43)) - raft.server.retrycache.expirytime = 600000ms (custom)
2019-09-26 15:13:26,876 [pool-27-thread-1] INFO  impl.RaftServerImpl (RaftServerImpl.java:start(185)) - b3e939fd-eb36-468b-9efe-5d0a1fdaa172@group-FD4703A36E0D: start as a follower, conf=-1: [b3e939fd-eb36-468b-9efe-5d0a1fdaa172:192.168.151.99:45433], old=null
2019-09-26 15:13:26,876 [pool-27-thread-1] INFO  impl.RaftServerImpl (RaftServerImpl.java:setRole(174)) - b3e939fd-eb36-468b-9efe-5d0a1fdaa172@group-FD4703A36E0D: changes role from      null to FOLLOWER at term 0 for startAsFollower
2019-09-26 15:13:26,876 [pool-27-thread-1] INFO  impl.RoleInfo (RoleInfo.java:updateAndGet(143)) - b3e939fd-eb36-468b-9efe-5d0a1fdaa172: start FollowerState
2019-09-26 15:13:26,877 [pool-27-thread-1] INFO  util.JmxRegister (JmxRegister.java:tryRegister(44)) - Successfully registered JMX Bean with object name Ratis:service=RaftServer,group=group-FD4703A36E0D,id=b3e939fd-eb36-468b-9efe-5d0a1fdaa172
2019-09-26 15:13:26,879 [RatisPipelineUtilsThread] INFO  pipeline.PipelineStateManager (PipelineStateManager.java:addPipeline(56)) - Created pipeline Pipeline[ Id: eaf824a2-0870-4711-a762-fd4703a36e0d, Nodes: b3e939fd-eb36-468b-9efe-5d0a1fdaa172{ip: 192.168.151.99, host: pr-hdds-1569-g6sp5-2013761785, networkLocation: /default-rack, certSerialId: null}, Type:RATIS, Factor:ONE, State:OPEN]
2019-09-26 15:13:26,883 [grpc-default-executor-0] INFO  impl.RaftServerProxy (RaftServerProxy.java:addNew(89)) - b3e939fd-eb36-468b-9efe-5d0a1fdaa172: addNew group-7C3112672CFD:[b3e939fd-eb36-468b-9efe-5d0a1fdaa172:192.168.151.99:45433] returns group-7C3112672CFD:java.util.concurrent.CompletableFuture@10e27ea8[Not completed]
2019-09-26 15:13:26,885 [pool-27-thread-1] INFO  impl.RaftServerImpl (RaftServerImpl.java:<init>(95)) - b3e939fd-eb36-468b-9efe-5d0a1fdaa172: new RaftServerImpl for group-7C3112672CFD:[b3e939fd-eb36-468b-9efe-5d0a1fdaa172:192.168.151.99:45433] with ContainerStateMachine:uninitialized
2019-09-26 15:13:26,885 [pool-27-thread-1] INFO  server.RaftServerConfigKeys (ConfUtils.java:logGet(43)) - raft.server.rpc.timeout.min = 5s (custom)
2019-09-26 15:13:26,886 [pool-27-thread-1] INFO  server.RaftServerConfigKeys (ConfUtils.java:logGet(43)) - raft.server.rpc.timeout.max = 5200ms (custom)
2019-09-26 15:13:26,886 [pool-27-thread-1] INFO  server.RaftServerConfigKeys (ConfUtils.java:logGet(43)) - raft.server.rpcslowness.timeout = 120s (custom)
2019-09-26 15:13:26,886 [pool-27-thread-1] INFO  server.RaftServerConfigKeys (ConfUtils.java:logGet(43)) - raft.server.sleep.deviation.threshold = 300 (default)
2019-09-26 15:13:26,886 [pool-27-thread-1] INFO  server.RaftServerConfigKeys (ConfUtils.java:logGet(43)) - raft.server.log.appender.install.snapshot.enabled = false (custom)
2019-09-26 15:13:26,886 [pool-27-thread-1] INFO  impl.RaftServerImpl (ServerState.java:<init>(103)) - b3e939fd-eb36-468b-9efe-5d0a1fdaa172@group-7C3112672CFD: ConfigurationManager, init=-1: [b3e939fd-eb36-468b-9efe-5d0a1fdaa172:192.168.151.99:45433], old=null, confs=<EMPTY_MAP>
2019-09-26 15:13:26,887 [pool-27-thread-1] INFO  server.RaftServerConfigKeys (ConfUtils.java:logGet(43)) - raft.server.storage.dir = [/workdir/hadoop-ozone/integration-test/target/test-dir/MiniOzoneClusterImpl-7e2f4b2f-6763-4a45-9ec4-264c2cef7c61/datanode-0/data/ratis] (custom)
2019-09-26 15:13:26,888 [pool-27-thread-1] INFO  storage.RaftStorageDirectory (RaftStorageDirectory.java:analyzeStorage(246)) - The storage directory /workdir/hadoop-ozone/integration-test/target/test-dir/MiniOzoneClusterImpl-7e2f4b2f-6763-4a45-9ec4-264c2cef7c61/datanode-0/data/ratis/2b512a86-47fb-4c60-a5aa-7c3112672cfd does not exist. Creating ...
2019-09-26 15:13:26,892 [pool-27-thread-1] INFO  storage.RaftStorageDirectory (RaftStorageDirectory.java:tryLock(328)) - Lock on /workdir/hadoop-ozone/integration-test/target/test-dir/MiniOzoneClusterImpl-7e2f4b2f-6763-4a45-9ec4-264c2cef7c61/datanode-0/data/ratis/2b512a86-47fb-4c60-a5aa-7c3112672cfd/in_use.lock acquired by nodename 11803@pr-hdds-1569-g6sp5-2013761785
2019-09-26 15:13:26,895 [pool-27-thread-1] INFO  storage.RaftStorage (RaftStorage.java:format(72)) - Storage directory /workdir/hadoop-ozone/integration-test/target/test-dir/MiniOzoneClusterImpl-7e2f4b2f-6763-4a45-9ec4-264c2cef7c61/datanode-0/data/ratis/2b512a86-47fb-4c60-a5aa-7c3112672cfd has been successfully formatted.
2019-09-26 15:13:26,895 [pool-27-thread-1] INFO  ratis.ContainerStateMachine (ContainerStateMachine.java:loadSnapshot(230)) - group-7C3112672CFD: The snapshot info is null. Setting the last applied indexto:(t:0, i:~)
2019-09-26 15:13:26,896 [pool-27-thread-1] INFO  server.RaftServerConfigKeys (ConfUtils.java:logGet(43)) - raft.server.notification.no-leader.timeout = 120s (custom)
2019-09-26 15:13:26,896 [pool-27-thread-1] INFO  server.RaftServerConfigKeys (ConfUtils.java:logGet(43)) - raft.server.log.use.memory = false (default)
2019-09-26 15:13:26,896 [pool-27-thread-1] INFO  server.RaftServerConfigKeys (ConfUtils.java:logGet(43)) - raft.server.log.purge.gap = 1000000 (custom)
2019-09-26 15:13:26,896 [pool-27-thread-1] INFO  server.RaftServerConfigKeys (ConfUtils.java:logGet(43)) - raft.server.log.appender.buffer.byte-limit = 33554432 (custom)
2019-09-26 15:13:26,896 [pool-27-thread-1] INFO  server.RaftServerConfigKeys (ConfUtils.java:logGet(43)) - raft.server.log.segment.size.max = 1048576 (custom)
2019-09-26 15:13:26,896 [pool-27-thread-1] INFO  server.RaftServerConfigKeys (ConfUtils.java:logGet(43)) - raft.server.log.segment.cache.num.max = 2 (custom)
2019-09-26 15:13:26,896 [pool-27-thread-1] INFO  segmented.SegmentedRaftLogWorker (SegmentedRaftLogWorker.java:<init>(172)) - new b3e939fd-eb36-468b-9efe-5d0a1fdaa172@group-7C3112672CFD-SegmentedRaftLogWorker for RaftStorage:Storage Directory /workdir/hadoop-ozone/integration-test/target/test-dir/MiniOzoneClusterImpl-7e2f4b2f-6763-4a45-9ec4-264c2cef7c61/datanode-0/data/ratis/2b512a86-47fb-4c60-a5aa-7c3112672cfd
2019-09-26 15:13:26,896 [pool-27-thread-1] INFO  server.RaftServerConfigKeys (ConfUtils.java:logGet(43)) - raft.server.log.queue.byte-limit = 2147483647 (custom)
2019-09-26 15:13:26,896 [pool-27-thread-1] INFO  server.RaftServerConfigKeys (ConfUtils.java:logGet(43)) - raft.server.log.queue.element-limit = 1024 (custom)
2019-09-26 15:13:26,899 [pool-27-thread-1] INFO  server.RaftServerConfigKeys (ConfUtils.java:logGet(43)) - raft.server.log.segment.size.max = 1048576 (custom)
2019-09-26 15:13:26,899 [pool-27-thread-1] INFO  server.RaftServerConfigKeys (ConfUtils.java:logGet(43)) - raft.server.log.preallocated.size = 16384 (custom)
2019-09-26 15:13:26,899 [pool-27-thread-1] INFO  server.RaftServerConfigKeys (ConfUtils.java:logGet(43)) - raft.server.log.write.buffer.size = 33554432 (custom)
2019-09-26 15:13:26,899 [pool-27-thread-1] INFO  server.RaftServerConfigKeys (ConfUtils.java:logGet(43)) - raft.server.log.force.sync.num = 128 (default)
2019-09-26 15:13:26,899 [pool-27-thread-1] INFO  server.RaftServerConfigKeys (ConfUtils.java:logGet(43)) - raft.server.log.statemachine.data.sync = true (default)
2019-09-26 15:13:26,899 [pool-27-thread-1] INFO  server.RaftServerConfigKeys (ConfUtils.java:logGet(43)) - raft.server.log.statemachine.data.sync.timeout = 10s (default)
2019-09-26 15:13:26,899 [pool-27-thread-1] INFO  server.RaftServerConfigKeys (ConfUtils.java:logGet(43)) - raft.server.log.statemachine.data.sync.timeout.retry = -1 (default)
2019-09-26 15:13:26,899 [pool-27-thread-1] INFO  server.RaftServerConfigKeys (ConfUtils.java:logGet(43)) - raft.server.log.statemachine.data.caching.enabled = true (custom)
2019-09-26 15:13:26,900 [pool-27-thread-1] INFO  segmented.SegmentedRaftLogWorker (SegmentedRaftLogWorker.java:lambda$new$0(132)) - b3e939fd-eb36-468b-9efe-5d0a1fdaa172@group-7C3112672CFD-SegmentedRaftLogWorker: flushIndex: setUnconditionally 0 -> -1
2019-09-26 15:13:26,900 [pool-27-thread-1] INFO  server.RaftServerConfigKeys (ConfUtils.java:logGet(43)) - raft.server.snapshot.auto.trigger.enabled = true (custom)
2019-09-26 15:13:26,900 [pool-27-thread-1] INFO  server.RaftServerConfigKeys (ConfUtils.java:logGet(43)) - raft.server.snapshot.auto.trigger.threshold = 10000 (custom)
2019-09-26 15:13:26,900 [pool-27-thread-1] INFO  server.RaftServerConfigKeys (ConfUtils.java:logGet(43)) - raft.server.snapshot.retention.num.files = 5 (custom)
2019-09-26 15:13:26,900 [pool-27-thread-1] INFO  server.RaftServerConfigKeys (ConfUtils.java:logGet(43)) - raft.server.retrycache.expirytime = 600000ms (custom)
2019-09-26 15:13:26,902 [pool-27-thread-1] INFO  impl.RaftServerImpl (RaftServerImpl.java:start(185)) - b3e939fd-eb36-468b-9efe-5d0a1fdaa172@group-7C3112672CFD: start as a follower, conf=-1: [b3e939fd-eb36-468b-9efe-5d0a1fdaa172:192.168.151.99:45433], old=null
2019-09-26 15:13:26,902 [pool-27-thread-1] INFO  impl.RaftServerImpl (RaftServerImpl.java:setRole(174)) - b3e939fd-eb36-468b-9efe-5d0a1fdaa172@group-7C3112672CFD: changes role from      null to FOLLOWER at term 0 for startAsFollower
2019-09-26 15:13:26,902 [pool-27-thread-1] INFO  impl.RoleInfo (RoleInfo.java:updateAndGet(143)) - b3e939fd-eb36-468b-9efe-5d0a1fdaa172: start FollowerState
2019-09-26 15:13:26,902 [pool-27-thread-1] INFO  util.JmxRegister (JmxRegister.java:tryRegister(44)) - Successfully registered JMX Bean with object name Ratis:service=RaftServer,group=group-7C3112672CFD,id=b3e939fd-eb36-468b-9efe-5d0a1fdaa172
2019-09-26 15:13:26,904 [RatisPipelineUtilsThread] INFO  pipeline.PipelineStateManager (PipelineStateManager.java:addPipeline(56)) - Created pipeline Pipeline[ Id: 2b512a86-47fb-4c60-a5aa-7c3112672cfd, Nodes: b3e939fd-eb36-468b-9efe-5d0a1fdaa172{ip: 192.168.151.99, host: pr-hdds-1569-g6sp5-2013761785, networkLocation: /default-rack, certSerialId: null}, Type:RATIS, Factor:ONE, State:OPEN]
2019-09-26 15:13:26,907 [grpc-default-executor-0] INFO  impl.RaftServerProxy (RaftServerProxy.java:addNew(89)) - b3e939fd-eb36-468b-9efe-5d0a1fdaa172: addNew group-5B658C392D0A:[b3e939fd-eb36-468b-9efe-5d0a1fdaa172:192.168.151.99:45433] returns group-5B658C392D0A:java.util.concurrent.CompletableFuture@3118bf48[Not completed]
2019-09-26 15:13:26,909 [pool-27-thread-1] INFO  impl.RaftServerImpl (RaftServerImpl.java:<init>(95)) - b3e939fd-eb36-468b-9efe-5d0a1fdaa172: new RaftServerImpl for group-5B658C392D0A:[b3e939fd-eb36-468b-9efe-5d0a1fdaa172:192.168.151.99:45433] with ContainerStateMachine:uninitialized
2019-09-26 15:13:26,909 [pool-27-thread-1] INFO  server.RaftServerConfigKeys (ConfUtils.java:logGet(43)) - raft.server.rpc.timeout.min = 5s (custom)
2019-09-26 15:13:26,909 [pool-27-thread-1] INFO  server.RaftServerConfigKeys (ConfUtils.java:logGet(43)) - raft.server.rpc.timeout.max = 5200ms (custom)
2019-09-26 15:13:26,910 [pool-27-thread-1] INFO  server.RaftServerConfigKeys (ConfUtils.java:logGet(43)) - raft.server.rpcslowness.timeout = 120s (custom)
2019-09-26 15:13:26,910 [pool-27-thread-1] INFO  server.RaftServerConfigKeys (ConfUtils.java:logGet(43)) - raft.server.sleep.deviation.threshold = 300 (default)
2019-09-26 15:13:26,910 [pool-27-thread-1] INFO  server.RaftServerConfigKeys (ConfUtils.java:logGet(43)) - raft.server.log.appender.install.snapshot.enabled = false (custom)
2019-09-26 15:13:26,910 [pool-27-thread-1] INFO  impl.RaftServerImpl (ServerState.java:<init>(103)) - b3e939fd-eb36-468b-9efe-5d0a1fdaa172@group-5B658C392D0A: ConfigurationManager, init=-1: [b3e939fd-eb36-468b-9efe-5d0a1fdaa172:192.168.151.99:45433], old=null, confs=<EMPTY_MAP>
2019-09-26 15:13:26,910 [pool-27-thread-1] INFO  server.RaftServerConfigKeys (ConfUtils.java:logGet(43)) - raft.server.storage.dir = [/workdir/hadoop-ozone/integration-test/target/test-dir/MiniOzoneClusterImpl-7e2f4b2f-6763-4a45-9ec4-264c2cef7c61/datanode-0/data/ratis] (custom)
2019-09-26 15:13:26,912 [pool-27-thread-1] INFO  storage.RaftStorageDirectory (RaftStorageDirectory.java:analyzeStorage(246)) - The storage directory /workdir/hadoop-ozone/integration-test/target/test-dir/MiniOzoneClusterImpl-7e2f4b2f-6763-4a45-9ec4-264c2cef7c61/datanode-0/data/ratis/d09ce731-b301-4e8a-9b35-5b658c392d0a does not exist. Creating ...
2019-09-26 15:13:26,916 [pool-27-thread-1] INFO  storage.RaftStorageDirectory (RaftStorageDirectory.java:tryLock(328)) - Lock on /workdir/hadoop-ozone/integration-test/target/test-dir/MiniOzoneClusterImpl-7e2f4b2f-6763-4a45-9ec4-264c2cef7c61/datanode-0/data/ratis/d09ce731-b301-4e8a-9b35-5b658c392d0a/in_use.lock acquired by nodename 11803@pr-hdds-1569-g6sp5-2013761785
2019-09-26 15:13:26,919 [pool-27-thread-1] INFO  storage.RaftStorage (RaftStorage.java:format(72)) - Storage directory /workdir/hadoop-ozone/integration-test/target/test-dir/MiniOzoneClusterImpl-7e2f4b2f-6763-4a45-9ec4-264c2cef7c61/datanode-0/data/ratis/d09ce731-b301-4e8a-9b35-5b658c392d0a has been successfully formatted.
2019-09-26 15:13:26,919 [pool-27-thread-1] INFO  ratis.ContainerStateMachine (ContainerStateMachine.java:loadSnapshot(230)) - group-5B658C392D0A: The snapshot info is null. Setting the last applied indexto:(t:0, i:~)
2019-09-26 15:13:26,920 [pool-27-thread-1] INFO  server.RaftServerConfigKeys (ConfUtils.java:logGet(43)) - raft.server.notification.no-leader.timeout = 120s (custom)
2019-09-26 15:13:26,920 [pool-27-thread-1] INFO  server.RaftServerConfigKeys (ConfUtils.java:logGet(43)) - raft.server.log.use.memory = false (default)
2019-09-26 15:13:26,920 [pool-27-thread-1] INFO  server.RaftServerConfigKeys (ConfUtils.java:logGet(43)) - raft.server.log.purge.gap = 1000000 (custom)
2019-09-26 15:13:26,920 [pool-27-thread-1] INFO  server.RaftServerConfigKeys (ConfUtils.java:logGet(43)) - raft.server.log.appender.buffer.byte-limit = 33554432 (custom)
2019-09-26 15:13:26,920 [pool-27-thread-1] INFO  server.RaftServerConfigKeys (ConfUtils.java:logGet(43)) - raft.server.log.segment.size.max = 1048576 (custom)
2019-09-26 15:13:26,920 [pool-27-thread-1] INFO  server.RaftServerConfigKeys (ConfUtils.java:logGet(43)) - raft.server.log.segment.cache.num.max = 2 (custom)
2019-09-26 15:13:26,921 [pool-27-thread-1] INFO  segmented.SegmentedRaftLogWorker (SegmentedRaftLogWorker.java:<init>(172)) - new b3e939fd-eb36-468b-9efe-5d0a1fdaa172@group-5B658C392D0A-SegmentedRaftLogWorker for RaftStorage:Storage Directory /workdir/hadoop-ozone/integration-test/target/test-dir/MiniOzoneClusterImpl-7e2f4b2f-6763-4a45-9ec4-264c2cef7c61/datanode-0/data/ratis/d09ce731-b301-4e8a-9b35-5b658c392d0a
2019-09-26 15:13:26,921 [pool-27-thread-1] INFO  server.RaftServerConfigKeys (ConfUtils.java:logGet(43)) - raft.server.log.queue.byte-limit = 2147483647 (custom)
2019-09-26 15:13:26,921 [pool-27-thread-1] INFO  server.RaftServerConfigKeys (ConfUtils.java:logGet(43)) - raft.server.log.queue.element-limit = 1024 (custom)
2019-09-26 15:13:26,921 [pool-27-thread-1] INFO  server.RaftServerConfigKeys (ConfUtils.java:logGet(43)) - raft.server.log.segment.size.max = 1048576 (custom)
2019-09-26 15:13:26,921 [pool-27-thread-1] INFO  server.RaftServerConfigKeys (ConfUtils.java:logGet(43)) - raft.server.log.preallocated.size = 16384 (custom)
2019-09-26 15:13:26,921 [pool-27-thread-1] INFO  server.RaftServerConfigKeys (ConfUtils.java:logGet(43)) - raft.server.log.write.buffer.size = 33554432 (custom)
2019-09-26 15:13:26,921 [pool-27-thread-1] INFO  server.RaftServerConfigKeys (ConfUtils.java:logGet(43)) - raft.server.log.force.sync.num = 128 (default)
2019-09-26 15:13:26,922 [pool-27-thread-1] INFO  server.RaftServerConfigKeys (ConfUtils.java:logGet(43)) - raft.server.log.statemachine.data.sync = true (default)
2019-09-26 15:13:26,922 [pool-27-thread-1] INFO  server.RaftServerConfigKeys (ConfUtils.java:logGet(43)) - raft.server.log.statemachine.data.sync.timeout = 10s (default)
2019-09-26 15:13:26,922 [pool-27-thread-1] INFO  server.RaftServerConfigKeys (ConfUtils.java:logGet(43)) - raft.server.log.statemachine.data.sync.timeout.retry = -1 (default)
2019-09-26 15:13:26,922 [pool-27-thread-1] INFO  server.RaftServerConfigKeys (ConfUtils.java:logGet(43)) - raft.server.log.statemachine.data.caching.enabled = true (custom)
2019-09-26 15:13:26,922 [pool-27-thread-1] INFO  segmented.SegmentedRaftLogWorker (SegmentedRaftLogWorker.java:lambda$new$0(132)) - b3e939fd-eb36-468b-9efe-5d0a1fdaa172@group-5B658C392D0A-SegmentedRaftLogWorker: flushIndex: setUnconditionally 0 -> -1
2019-09-26 15:13:26,923 [pool-27-thread-1] INFO  server.RaftServerConfigKeys (ConfUtils.java:logGet(43)) - raft.server.snapshot.auto.trigger.enabled = true (custom)
2019-09-26 15:13:26,923 [pool-27-thread-1] INFO  server.RaftServerConfigKeys (ConfUtils.java:logGet(43)) - raft.server.snapshot.auto.trigger.threshold = 10000 (custom)
2019-09-26 15:13:26,923 [pool-27-thread-1] INFO  server.RaftServerConfigKeys (ConfUtils.java:logGet(43)) - raft.server.snapshot.retention.num.files = 5 (custom)
2019-09-26 15:13:26,923 [pool-27-thread-1] INFO  server.RaftServerConfigKeys (ConfUtils.java:logGet(43)) - raft.server.retrycache.expirytime = 600000ms (custom)
2019-09-26 15:13:26,925 [pool-27-thread-1] INFO  impl.RaftServerImpl (RaftServerImpl.java:start(185)) - b3e939fd-eb36-468b-9efe-5d0a1fdaa172@group-5B658C392D0A: start as a follower, conf=-1: [b3e939fd-eb36-468b-9efe-5d0a1fdaa172:192.168.151.99:45433], old=null
2019-09-26 15:13:26,925 [pool-27-thread-1] INFO  impl.RaftServerImpl (RaftServerImpl.java:setRole(174)) - b3e939fd-eb36-468b-9efe-5d0a1fdaa172@group-5B658C392D0A: changes role from      null to FOLLOWER at term 0 for startAsFollower
2019-09-26 15:13:26,925 [pool-27-thread-1] INFO  impl.RoleInfo (RoleInfo.java:updateAndGet(143)) - b3e939fd-eb36-468b-9efe-5d0a1fdaa172: start FollowerState
2019-09-26 15:13:26,926 [pool-27-thread-1] INFO  util.JmxRegister (JmxRegister.java:tryRegister(44)) - Successfully registered JMX Bean with object name Ratis:service=RaftServer,group=group-5B658C392D0A,id=b3e939fd-eb36-468b-9efe-5d0a1fdaa172
2019-09-26 15:13:26,927 [RatisPipelineUtilsThread] INFO  pipeline.PipelineStateManager (PipelineStateManager.java:addPipeline(56)) - Created pipeline Pipeline[ Id: d09ce731-b301-4e8a-9b35-5b658c392d0a, Nodes: b3e939fd-eb36-468b-9efe-5d0a1fdaa172{ip: 192.168.151.99, host: pr-hdds-1569-g6sp5-2013761785, networkLocation: /default-rack, certSerialId: null}, Type:RATIS, Factor:ONE, State:OPEN]
2019-09-26 15:13:26,930 [grpc-default-executor-0] INFO  impl.RaftServerProxy (RaftServerProxy.java:addNew(89)) - b3e939fd-eb36-468b-9efe-5d0a1fdaa172: addNew group-B8A18754ECB2:[b3e939fd-eb36-468b-9efe-5d0a1fdaa172:192.168.151.99:45433] returns group-B8A18754ECB2:java.util.concurrent.CompletableFuture@3c7364ec[Not completed]
2019-09-26 15:13:26,931 [pool-27-thread-1] INFO  impl.RaftServerImpl (RaftServerImpl.java:<init>(95)) - b3e939fd-eb36-468b-9efe-5d0a1fdaa172: new RaftServerImpl for group-B8A18754ECB2:[b3e939fd-eb36-468b-9efe-5d0a1fdaa172:192.168.151.99:45433] with ContainerStateMachine:uninitialized
2019-09-26 15:13:26,931 [pool-27-thread-1] INFO  server.RaftServerConfigKeys (ConfUtils.java:logGet(43)) - raft.server.rpc.timeout.min = 5s (custom)
2019-09-26 15:13:26,931 [pool-27-thread-1] INFO  server.RaftServerConfigKeys (ConfUtils.java:logGet(43)) - raft.server.rpc.timeout.max = 5200ms (custom)
2019-09-26 15:13:26,931 [pool-27-thread-1] INFO  server.RaftServerConfigKeys (ConfUtils.java:logGet(43)) - raft.server.rpcslowness.timeout = 120s (custom)
2019-09-26 15:13:26,932 [pool-27-thread-1] INFO  server.RaftServerConfigKeys (ConfUtils.java:logGet(43)) - raft.server.sleep.deviation.threshold = 300 (default)
2019-09-26 15:13:26,932 [pool-27-thread-1] INFO  server.RaftServerConfigKeys (ConfUtils.java:logGet(43)) - raft.server.log.appender.install.snapshot.enabled = false (custom)
2019-09-26 15:13:26,932 [pool-27-thread-1] INFO  impl.RaftServerImpl (ServerState.java:<init>(103)) - b3e939fd-eb36-468b-9efe-5d0a1fdaa172@group-B8A18754ECB2: ConfigurationManager, init=-1: [b3e939fd-eb36-468b-9efe-5d0a1fdaa172:192.168.151.99:45433], old=null, confs=<EMPTY_MAP>
2019-09-26 15:13:26,932 [pool-27-thread-1] INFO  server.RaftServerConfigKeys (ConfUtils.java:logGet(43)) - raft.server.storage.dir = [/workdir/hadoop-ozone/integration-test/target/test-dir/MiniOzoneClusterImpl-7e2f4b2f-6763-4a45-9ec4-264c2cef7c61/datanode-0/data/ratis] (custom)
2019-09-26 15:13:26,932 [pool-27-thread-1] INFO  storage.RaftStorageDirectory (RaftStorageDirectory.java:analyzeStorage(246)) - The storage directory /workdir/hadoop-ozone/integration-test/target/test-dir/MiniOzoneClusterImpl-7e2f4b2f-6763-4a45-9ec4-264c2cef7c61/datanode-0/data/ratis/3405948d-ffdb-4fb3-80eb-b8a18754ecb2 does not exist. Creating ...
2019-09-26 15:13:26,936 [pool-27-thread-1] INFO  storage.RaftStorageDirectory (RaftStorageDirectory.java:tryLock(328)) - Lock on /workdir/hadoop-ozone/integration-test/target/test-dir/MiniOzoneClusterImpl-7e2f4b2f-6763-4a45-9ec4-264c2cef7c61/datanode-0/data/ratis/3405948d-ffdb-4fb3-80eb-b8a18754ecb2/in_use.lock acquired by nodename 11803@pr-hdds-1569-g6sp5-2013761785
2019-09-26 15:13:26,938 [pool-27-thread-1] INFO  storage.RaftStorage (RaftStorage.java:format(72)) - Storage directory /workdir/hadoop-ozone/integration-test/target/test-dir/MiniOzoneClusterImpl-7e2f4b2f-6763-4a45-9ec4-264c2cef7c61/datanode-0/data/ratis/3405948d-ffdb-4fb3-80eb-b8a18754ecb2 has been successfully formatted.
2019-09-26 15:13:26,939 [pool-27-thread-1] INFO  ratis.ContainerStateMachine (ContainerStateMachine.java:loadSnapshot(230)) - group-B8A18754ECB2: The snapshot info is null. Setting the last applied indexto:(t:0, i:~)
2019-09-26 15:13:26,939 [pool-27-thread-1] INFO  server.RaftServerConfigKeys (ConfUtils.java:logGet(43)) - raft.server.notification.no-leader.timeout = 120s (custom)
2019-09-26 15:13:26,939 [pool-27-thread-1] INFO  server.RaftServerConfigKeys (ConfUtils.java:logGet(43)) - raft.server.log.use.memory = false (default)
2019-09-26 15:13:26,939 [pool-27-thread-1] INFO  server.RaftServerConfigKeys (ConfUtils.java:logGet(43)) - raft.server.log.purge.gap = 1000000 (custom)
2019-09-26 15:13:26,939 [pool-27-thread-1] INFO  server.RaftServerConfigKeys (ConfUtils.java:logGet(43)) - raft.server.log.appender.buffer.byte-limit = 33554432 (custom)
2019-09-26 15:13:26,939 [pool-27-thread-1] INFO  server.RaftServerConfigKeys (ConfUtils.java:logGet(43)) - raft.server.log.segment.size.max = 1048576 (custom)
2019-09-26 15:13:26,939 [pool-27-thread-1] INFO  server.RaftServerConfigKeys (ConfUtils.java:logGet(43)) - raft.server.log.segment.cache.num.max = 2 (custom)
2019-09-26 15:13:26,939 [pool-27-thread-1] INFO  segmented.SegmentedRaftLogWorker (SegmentedRaftLogWorker.java:<init>(172)) - new b3e939fd-eb36-468b-9efe-5d0a1fdaa172@group-B8A18754ECB2-SegmentedRaftLogWorker for RaftStorage:Storage Directory /workdir/hadoop-ozone/integration-test/target/test-dir/MiniOzoneClusterImpl-7e2f4b2f-6763-4a45-9ec4-264c2cef7c61/datanode-0/data/ratis/3405948d-ffdb-4fb3-80eb-b8a18754ecb2
2019-09-26 15:13:26,939 [pool-27-thread-1] INFO  server.RaftServerConfigKeys (ConfUtils.java:logGet(43)) - raft.server.log.queue.byte-limit = 2147483647 (custom)
2019-09-26 15:13:26,939 [pool-27-thread-1] INFO  server.RaftServerConfigKeys (ConfUtils.java:logGet(43)) - raft.server.log.queue.element-limit = 1024 (custom)
2019-09-26 15:13:26,939 [pool-27-thread-1] INFO  server.RaftServerConfigKeys (ConfUtils.java:logGet(43)) - raft.server.log.segment.size.max = 1048576 (custom)
2019-09-26 15:13:26,940 [pool-27-thread-1] INFO  server.RaftServerConfigKeys (ConfUtils.java:logGet(43)) - raft.server.log.preallocated.size = 16384 (custom)
2019-09-26 15:13:26,940 [pool-27-thread-1] INFO  server.RaftServerConfigKeys (ConfUtils.java:logGet(43)) - raft.server.log.write.buffer.size = 33554432 (custom)
2019-09-26 15:13:26,940 [pool-27-thread-1] INFO  server.RaftServerConfigKeys (ConfUtils.java:logGet(43)) - raft.server.log.force.sync.num = 128 (default)
2019-09-26 15:13:26,940 [pool-27-thread-1] INFO  server.RaftServerConfigKeys (ConfUtils.java:logGet(43)) - raft.server.log.statemachine.data.sync = true (default)
2019-09-26 15:13:26,940 [pool-27-thread-1] INFO  server.RaftServerConfigKeys (ConfUtils.java:logGet(43)) - raft.server.log.statemachine.data.sync.timeout = 10s (default)
2019-09-26 15:13:26,940 [pool-27-thread-1] INFO  server.RaftServerConfigKeys (ConfUtils.java:logGet(43)) - raft.server.log.statemachine.data.sync.timeout.retry = -1 (default)
2019-09-26 15:13:26,940 [pool-27-thread-1] INFO  server.RaftServerConfigKeys (ConfUtils.java:logGet(43)) - raft.server.log.statemachine.data.caching.enabled = true (custom)
2019-09-26 15:13:26,940 [pool-27-thread-1] INFO  segmented.SegmentedRaftLogWorker (SegmentedRaftLogWorker.java:lambda$new$0(132)) - b3e939fd-eb36-468b-9efe-5d0a1fdaa172@group-B8A18754ECB2-SegmentedRaftLogWorker: flushIndex: setUnconditionally 0 -> -1
2019-09-26 15:13:26,940 [pool-27-thread-1] INFO  server.RaftServerConfigKeys (ConfUtils.java:logGet(43)) - raft.server.snapshot.auto.trigger.enabled = true (custom)
2019-09-26 15:13:26,940 [pool-27-thread-1] INFO  server.RaftServerConfigKeys (ConfUtils.java:logGet(43)) - raft.server.snapshot.auto.trigger.threshold = 10000 (custom)
2019-09-26 15:13:26,941 [pool-27-thread-1] INFO  server.RaftServerConfigKeys (ConfUtils.java:logGet(43)) - raft.server.snapshot.retention.num.files = 5 (custom)
2019-09-26 15:13:26,941 [pool-27-thread-1] INFO  server.RaftServerConfigKeys (ConfUtils.java:logGet(43)) - raft.server.retrycache.expirytime = 600000ms (custom)
2019-09-26 15:13:26,942 [pool-27-thread-1] INFO  impl.RaftServerImpl (RaftServerImpl.java:start(185)) - b3e939fd-eb36-468b-9efe-5d0a1fdaa172@group-B8A18754ECB2: start as a follower, conf=-1: [b3e939fd-eb36-468b-9efe-5d0a1fdaa172:192.168.151.99:45433], old=null
2019-09-26 15:13:26,942 [pool-27-thread-1] INFO  impl.RaftServerImpl (RaftServerImpl.java:setRole(174)) - b3e939fd-eb36-468b-9efe-5d0a1fdaa172@group-B8A18754ECB2: changes role from      null to FOLLOWER at term 0 for startAsFollower
2019-09-26 15:13:26,942 [pool-27-thread-1] INFO  impl.RoleInfo (RoleInfo.java:updateAndGet(143)) - b3e939fd-eb36-468b-9efe-5d0a1fdaa172: start FollowerState
2019-09-26 15:13:26,942 [pool-27-thread-1] INFO  util.JmxRegister (JmxRegister.java:tryRegister(44)) - Successfully registered JMX Bean with object name Ratis:service=RaftServer,group=group-B8A18754ECB2,id=b3e939fd-eb36-468b-9efe-5d0a1fdaa172
2019-09-26 15:13:26,944 [RatisPipelineUtilsThread] INFO  pipeline.PipelineStateManager (PipelineStateManager.java:addPipeline(56)) - Created pipeline Pipeline[ Id: 3405948d-ffdb-4fb3-80eb-b8a18754ecb2, Nodes: b3e939fd-eb36-468b-9efe-5d0a1fdaa172{ip: 192.168.151.99, host: pr-hdds-1569-g6sp5-2013761785, networkLocation: /default-rack, certSerialId: null}, Type:RATIS, Factor:ONE, State:OPEN]
2019-09-26 15:13:26,946 [grpc-default-executor-0] INFO  impl.RaftServerProxy (RaftServerProxy.java:addNew(89)) - b3e939fd-eb36-468b-9efe-5d0a1fdaa172: addNew group-84D1E06F87C5:[b3e939fd-eb36-468b-9efe-5d0a1fdaa172:192.168.151.99:45433] returns group-84D1E06F87C5:java.util.concurrent.CompletableFuture@c9ae8e6[Not completed]
2019-09-26 15:13:26,947 [pool-27-thread-1] INFO  impl.RaftServerImpl (RaftServerImpl.java:<init>(95)) - b3e939fd-eb36-468b-9efe-5d0a1fdaa172: new RaftServerImpl for group-84D1E06F87C5:[b3e939fd-eb36-468b-9efe-5d0a1fdaa172:192.168.151.99:45433] with ContainerStateMachine:uninitialized
2019-09-26 15:13:26,947 [pool-27-thread-1] INFO  server.RaftServerConfigKeys (ConfUtils.java:logGet(43)) - raft.server.rpc.timeout.min = 5s (custom)
2019-09-26 15:13:26,947 [pool-27-thread-1] INFO  server.RaftServerConfigKeys (ConfUtils.java:logGet(43)) - raft.server.rpc.timeout.max = 5200ms (custom)
2019-09-26 15:13:26,947 [pool-27-thread-1] INFO  server.RaftServerConfigKeys (ConfUtils.java:logGet(43)) - raft.server.rpcslowness.timeout = 120s (custom)
2019-09-26 15:13:26,947 [pool-27-thread-1] INFO  server.RaftServerConfigKeys (ConfUtils.java:logGet(43)) - raft.server.sleep.deviation.threshold = 300 (default)
2019-09-26 15:13:26,947 [pool-27-thread-1] INFO  server.RaftServerConfigKeys (ConfUtils.java:logGet(43)) - raft.server.log.appender.install.snapshot.enabled = false (custom)
2019-09-26 15:13:26,947 [pool-27-thread-1] INFO  impl.RaftServerImpl (ServerState.java:<init>(103)) - b3e939fd-eb36-468b-9efe-5d0a1fdaa172@group-84D1E06F87C5: ConfigurationManager, init=-1: [b3e939fd-eb36-468b-9efe-5d0a1fdaa172:192.168.151.99:45433], old=null, confs=<EMPTY_MAP>
2019-09-26 15:13:26,948 [pool-27-thread-1] INFO  server.RaftServerConfigKeys (ConfUtils.java:logGet(43)) - raft.server.storage.dir = [/workdir/hadoop-ozone/integration-test/target/test-dir/MiniOzoneClusterImpl-7e2f4b2f-6763-4a45-9ec4-264c2cef7c61/datanode-0/data/ratis] (custom)
2019-09-26 15:13:26,948 [pool-27-thread-1] INFO  storage.RaftStorageDirectory (RaftStorageDirectory.java:analyzeStorage(246)) - The storage directory /workdir/hadoop-ozone/integration-test/target/test-dir/MiniOzoneClusterImpl-7e2f4b2f-6763-4a45-9ec4-264c2cef7c61/datanode-0/data/ratis/2c436261-e132-464c-aca7-84d1e06f87c5 does not exist. Creating ...
2019-09-26 15:13:26,952 [pool-27-thread-1] INFO  storage.RaftStorageDirectory (RaftStorageDirectory.java:tryLock(328)) - Lock on /workdir/hadoop-ozone/integration-test/target/test-dir/MiniOzoneClusterImpl-7e2f4b2f-6763-4a45-9ec4-264c2cef7c61/datanode-0/data/ratis/2c436261-e132-464c-aca7-84d1e06f87c5/in_use.lock acquired by nodename 11803@pr-hdds-1569-g6sp5-2013761785
2019-09-26 15:13:26,956 [pool-27-thread-1] INFO  storage.RaftStorage (RaftStorage.java:format(72)) - Storage directory /workdir/hadoop-ozone/integration-test/target/test-dir/MiniOzoneClusterImpl-7e2f4b2f-6763-4a45-9ec4-264c2cef7c61/datanode-0/data/ratis/2c436261-e132-464c-aca7-84d1e06f87c5 has been successfully formatted.
2019-09-26 15:13:26,956 [pool-27-thread-1] INFO  ratis.ContainerStateMachine (ContainerStateMachine.java:loadSnapshot(230)) - group-84D1E06F87C5: The snapshot info is null. Setting the last applied indexto:(t:0, i:~)
2019-09-26 15:13:26,956 [pool-27-thread-1] INFO  server.RaftServerConfigKeys (ConfUtils.java:logGet(43)) - raft.server.notification.no-leader.timeout = 120s (custom)
2019-09-26 15:13:26,956 [pool-27-thread-1] INFO  server.RaftServerConfigKeys (ConfUtils.java:logGet(43)) - raft.server.log.use.memory = false (default)
2019-09-26 15:13:26,956 [pool-27-thread-1] INFO  server.RaftServerConfigKeys (ConfUtils.java:logGet(43)) - raft.server.log.purge.gap = 1000000 (custom)
2019-09-26 15:13:26,956 [pool-27-thread-1] INFO  server.RaftServerConfigKeys (ConfUtils.java:logGet(43)) - raft.server.log.appender.buffer.byte-limit = 33554432 (custom)
2019-09-26 15:13:26,956 [pool-27-thread-1] INFO  server.RaftServerConfigKeys (ConfUtils.java:logGet(43)) - raft.server.log.segment.size.max = 1048576 (custom)
2019-09-26 15:13:26,956 [pool-27-thread-1] INFO  server.RaftServerConfigKeys (ConfUtils.java:logGet(43)) - raft.server.log.segment.cache.num.max = 2 (custom)
2019-09-26 15:13:26,956 [pool-27-thread-1] INFO  segmented.SegmentedRaftLogWorker (SegmentedRaftLogWorker.java:<init>(172)) - new b3e939fd-eb36-468b-9efe-5d0a1fdaa172@group-84D1E06F87C5-SegmentedRaftLogWorker for RaftStorage:Storage Directory /workdir/hadoop-ozone/integration-test/target/test-dir/MiniOzoneClusterImpl-7e2f4b2f-6763-4a45-9ec4-264c2cef7c61/datanode-0/data/ratis/2c436261-e132-464c-aca7-84d1e06f87c5
2019-09-26 15:13:26,956 [pool-27-thread-1] INFO  server.RaftServerConfigKeys (ConfUtils.java:logGet(43)) - raft.server.log.queue.byte-limit = 2147483647 (custom)
2019-09-26 15:13:26,956 [pool-27-thread-1] INFO  server.RaftServerConfigKeys (ConfUtils.java:logGet(43)) - raft.server.log.queue.element-limit = 1024 (custom)
2019-09-26 15:13:26,957 [pool-27-thread-1] INFO  server.RaftServerConfigKeys (ConfUtils.java:logGet(43)) - raft.server.log.segment.size.max = 1048576 (custom)
2019-09-26 15:13:26,957 [pool-27-thread-1] INFO  server.RaftServerConfigKeys (ConfUtils.java:logGet(43)) - raft.server.log.preallocated.size = 16384 (custom)
2019-09-26 15:13:26,957 [pool-27-thread-1] INFO  server.RaftServerConfigKeys (ConfUtils.java:logGet(43)) - raft.server.log.write.buffer.size = 33554432 (custom)
2019-09-26 15:13:26,957 [pool-27-thread-1] INFO  server.RaftServerConfigKeys (ConfUtils.java:logGet(43)) - raft.server.log.force.sync.num = 128 (default)
2019-09-26 15:13:26,957 [pool-27-thread-1] INFO  server.RaftServerConfigKeys (ConfUtils.java:logGet(43)) - raft.server.log.statemachine.data.sync = true (default)
2019-09-26 15:13:26,957 [pool-27-thread-1] INFO  server.RaftServerConfigKeys (ConfUtils.java:logGet(43)) - raft.server.log.statemachine.data.sync.timeout = 10s (default)
2019-09-26 15:13:26,957 [pool-27-thread-1] INFO  server.RaftServerConfigKeys (ConfUtils.java:logGet(43)) - raft.server.log.statemachine.data.sync.timeout.retry = -1 (default)
2019-09-26 15:13:26,957 [pool-27-thread-1] INFO  server.RaftServerConfigKeys (ConfUtils.java:logGet(43)) - raft.server.log.statemachine.data.caching.enabled = true (custom)
2019-09-26 15:13:26,957 [pool-27-thread-1] INFO  segmented.SegmentedRaftLogWorker (SegmentedRaftLogWorker.java:lambda$new$0(132)) - b3e939fd-eb36-468b-9efe-5d0a1fdaa172@group-84D1E06F87C5-SegmentedRaftLogWorker: flushIndex: setUnconditionally 0 -> -1
2019-09-26 15:13:26,958 [pool-27-thread-1] INFO  server.RaftServerConfigKeys (ConfUtils.java:logGet(43)) - raft.server.snapshot.auto.trigger.enabled = true (custom)
2019-09-26 15:13:26,958 [pool-27-thread-1] INFO  server.RaftServerConfigKeys (ConfUtils.java:logGet(43)) - raft.server.snapshot.auto.trigger.threshold = 10000 (custom)
2019-09-26 15:13:26,958 [pool-27-thread-1] INFO  server.RaftServerConfigKeys (ConfUtils.java:logGet(43)) - raft.server.snapshot.retention.num.files = 5 (custom)
2019-09-26 15:13:26,958 [pool-27-thread-1] INFO  server.RaftServerConfigKeys (ConfUtils.java:logGet(43)) - raft.server.retrycache.expirytime = 600000ms (custom)
2019-09-26 15:13:26,959 [pool-27-thread-1] INFO  impl.RaftServerImpl (RaftServerImpl.java:start(185)) - b3e939fd-eb36-468b-9efe-5d0a1fdaa172@group-84D1E06F87C5: start as a follower, conf=-1: [b3e939fd-eb36-468b-9efe-5d0a1fdaa172:192.168.151.99:45433], old=null
2019-09-26 15:13:26,959 [pool-27-thread-1] INFO  impl.RaftServerImpl (RaftServerImpl.java:setRole(174)) - b3e939fd-eb36-468b-9efe-5d0a1fdaa172@group-84D1E06F87C5: changes role from      null to FOLLOWER at term 0 for startAsFollower
2019-09-26 15:13:26,959 [pool-27-thread-1] INFO  impl.RoleInfo (RoleInfo.java:updateAndGet(143)) - b3e939fd-eb36-468b-9efe-5d0a1fdaa172: start FollowerState
2019-09-26 15:13:26,959 [pool-27-thread-1] INFO  util.JmxRegister (JmxRegister.java:tryRegister(44)) - Successfully registered JMX Bean with object name Ratis:service=RaftServer,group=group-84D1E06F87C5,id=b3e939fd-eb36-468b-9efe-5d0a1fdaa172
2019-09-26 15:13:26,961 [RatisPipelineUtilsThread] INFO  pipeline.PipelineStateManager (PipelineStateManager.java:addPipeline(56)) - Created pipeline Pipeline[ Id: 2c436261-e132-464c-aca7-84d1e06f87c5, Nodes: b3e939fd-eb36-468b-9efe-5d0a1fdaa172{ip: 192.168.151.99, host: pr-hdds-1569-g6sp5-2013761785, networkLocation: /default-rack, certSerialId: null}, Type:RATIS, Factor:ONE, State:OPEN]
2019-09-26 15:13:26,965 [grpc-default-executor-0] INFO  impl.RaftServerProxy (RaftServerProxy.java:addNew(89)) - b3e939fd-eb36-468b-9efe-5d0a1fdaa172: addNew group-7F4E2958F83B:[b3e939fd-eb36-468b-9efe-5d0a1fdaa172:192.168.151.99:45433] returns group-7F4E2958F83B:java.util.concurrent.CompletableFuture@2edff154[Not completed]
2019-09-26 15:13:26,965 [pool-27-thread-1] INFO  impl.RaftServerImpl (RaftServerImpl.java:<init>(95)) - b3e939fd-eb36-468b-9efe-5d0a1fdaa172: new RaftServerImpl for group-7F4E2958F83B:[b3e939fd-eb36-468b-9efe-5d0a1fdaa172:192.168.151.99:45433] with ContainerStateMachine:uninitialized
2019-09-26 15:13:26,965 [pool-27-thread-1] INFO  server.RaftServerConfigKeys (ConfUtils.java:logGet(43)) - raft.server.rpc.timeout.min = 5s (custom)
2019-09-26 15:13:26,965 [pool-27-thread-1] INFO  server.RaftServerConfigKeys (ConfUtils.java:logGet(43)) - raft.server.rpc.timeout.max = 5200ms (custom)
2019-09-26 15:13:26,965 [pool-27-thread-1] INFO  server.RaftServerConfigKeys (ConfUtils.java:logGet(43)) - raft.server.rpcslowness.timeout = 120s (custom)
2019-09-26 15:13:26,965 [pool-27-thread-1] INFO  server.RaftServerConfigKeys (ConfUtils.java:logGet(43)) - raft.server.sleep.deviation.threshold = 300 (default)
2019-09-26 15:13:26,966 [pool-27-thread-1] INFO  server.RaftServerConfigKeys (ConfUtils.java:logGet(43)) - raft.server.log.appender.install.snapshot.enabled = false (custom)
2019-09-26 15:13:26,966 [pool-27-thread-1] INFO  impl.RaftServerImpl (ServerState.java:<init>(103)) - b3e939fd-eb36-468b-9efe-5d0a1fdaa172@group-7F4E2958F83B: ConfigurationManager, init=-1: [b3e939fd-eb36-468b-9efe-5d0a1fdaa172:192.168.151.99:45433], old=null, confs=<EMPTY_MAP>
2019-09-26 15:13:26,966 [pool-27-thread-1] INFO  server.RaftServerConfigKeys (ConfUtils.java:logGet(43)) - raft.server.storage.dir = [/workdir/hadoop-ozone/integration-test/target/test-dir/MiniOzoneClusterImpl-7e2f4b2f-6763-4a45-9ec4-264c2cef7c61/datanode-0/data/ratis] (custom)
2019-09-26 15:13:26,966 [pool-27-thread-1] INFO  storage.RaftStorageDirectory (RaftStorageDirectory.java:analyzeStorage(246)) - The storage directory /workdir/hadoop-ozone/integration-test/target/test-dir/MiniOzoneClusterImpl-7e2f4b2f-6763-4a45-9ec4-264c2cef7c61/datanode-0/data/ratis/eeafa37d-c3d2-4cd6-ba7c-7f4e2958f83b does not exist. Creating ...
2019-09-26 15:13:26,970 [pool-27-thread-1] INFO  storage.RaftStorageDirectory (RaftStorageDirectory.java:tryLock(328)) - Lock on /workdir/hadoop-ozone/integration-test/target/test-dir/MiniOzoneClusterImpl-7e2f4b2f-6763-4a45-9ec4-264c2cef7c61/datanode-0/data/ratis/eeafa37d-c3d2-4cd6-ba7c-7f4e2958f83b/in_use.lock acquired by nodename 11803@pr-hdds-1569-g6sp5-2013761785
2019-09-26 15:13:26,973 [pool-27-thread-1] INFO  storage.RaftStorage (RaftStorage.java:format(72)) - Storage directory /workdir/hadoop-ozone/integration-test/target/test-dir/MiniOzoneClusterImpl-7e2f4b2f-6763-4a45-9ec4-264c2cef7c61/datanode-0/data/ratis/eeafa37d-c3d2-4cd6-ba7c-7f4e2958f83b has been successfully formatted.
2019-09-26 15:13:26,973 [pool-27-thread-1] INFO  ratis.ContainerStateMachine (ContainerStateMachine.java:loadSnapshot(230)) - group-7F4E2958F83B: The snapshot info is null. Setting the last applied indexto:(t:0, i:~)
2019-09-26 15:13:26,973 [pool-27-thread-1] INFO  server.RaftServerConfigKeys (ConfUtils.java:logGet(43)) - raft.server.notification.no-leader.timeout = 120s (custom)
2019-09-26 15:13:26,973 [pool-27-thread-1] INFO  server.RaftServerConfigKeys (ConfUtils.java:logGet(43)) - raft.server.log.use.memory = false (default)
2019-09-26 15:13:26,973 [pool-27-thread-1] INFO  server.RaftServerConfigKeys (ConfUtils.java:logGet(43)) - raft.server.log.purge.gap = 1000000 (custom)
2019-09-26 15:13:26,973 [pool-27-thread-1] INFO  server.RaftServerConfigKeys (ConfUtils.java:logGet(43)) - raft.server.log.appender.buffer.byte-limit = 33554432 (custom)
2019-09-26 15:13:26,974 [pool-27-thread-1] INFO  server.RaftServerConfigKeys (ConfUtils.java:logGet(43)) - raft.server.log.segment.size.max = 1048576 (custom)
2019-09-26 15:13:26,974 [pool-27-thread-1] INFO  server.RaftServerConfigKeys (ConfUtils.java:logGet(43)) - raft.server.log.segment.cache.num.max = 2 (custom)
2019-09-26 15:13:26,974 [pool-27-thread-1] INFO  segmented.SegmentedRaftLogWorker (SegmentedRaftLogWorker.java:<init>(172)) - new b3e939fd-eb36-468b-9efe-5d0a1fdaa172@group-7F4E2958F83B-SegmentedRaftLogWorker for RaftStorage:Storage Directory /workdir/hadoop-ozone/integration-test/target/test-dir/MiniOzoneClusterImpl-7e2f4b2f-6763-4a45-9ec4-264c2cef7c61/datanode-0/data/ratis/eeafa37d-c3d2-4cd6-ba7c-7f4e2958f83b
2019-09-26 15:13:26,974 [pool-27-thread-1] INFO  server.RaftServerConfigKeys (ConfUtils.java:logGet(43)) - raft.server.log.queue.byte-limit = 2147483647 (custom)
2019-09-26 15:13:26,974 [pool-27-thread-1] INFO  server.RaftServerConfigKeys (ConfUtils.java:logGet(43)) - raft.server.log.queue.element-limit = 1024 (custom)
2019-09-26 15:13:26,974 [pool-27-thread-1] INFO  server.RaftServerConfigKeys (ConfUtils.java:logGet(43)) - raft.server.log.segment.size.max = 1048576 (custom)
2019-09-26 15:13:26,974 [pool-27-thread-1] INFO  server.RaftServerConfigKeys (ConfUtils.java:logGet(43)) - raft.server.log.preallocated.size = 16384 (custom)
2019-09-26 15:13:26,974 [pool-27-thread-1] INFO  server.RaftServerConfigKeys (ConfUtils.java:logGet(43)) - raft.server.log.write.buffer.size = 33554432 (custom)
2019-09-26 15:13:26,974 [pool-27-thread-1] INFO  server.RaftServerConfigKeys (ConfUtils.java:logGet(43)) - raft.server.log.force.sync.num = 128 (default)
2019-09-26 15:13:26,974 [pool-27-thread-1] INFO  server.RaftServerConfigKeys (ConfUtils.java:logGet(43)) - raft.server.log.statemachine.data.sync = true (default)
2019-09-26 15:13:26,974 [pool-27-thread-1] INFO  server.RaftServerConfigKeys (ConfUtils.java:logGet(43)) - raft.server.log.statemachine.data.sync.timeout = 10s (default)
2019-09-26 15:13:26,974 [pool-27-thread-1] INFO  server.RaftServerConfigKeys (ConfUtils.java:logGet(43)) - raft.server.log.statemachine.data.sync.timeout.retry = -1 (default)
2019-09-26 15:13:26,975 [pool-27-thread-1] INFO  server.RaftServerConfigKeys (ConfUtils.java:logGet(43)) - raft.server.log.statemachine.data.caching.enabled = true (custom)
2019-09-26 15:13:26,975 [pool-27-thread-1] INFO  segmented.SegmentedRaftLogWorker (SegmentedRaftLogWorker.java:lambda$new$0(132)) - b3e939fd-eb36-468b-9efe-5d0a1fdaa172@group-7F4E2958F83B-SegmentedRaftLogWorker: flushIndex: setUnconditionally 0 -> -1
2019-09-26 15:13:26,975 [pool-27-thread-1] INFO  server.RaftServerConfigKeys (ConfUtils.java:logGet(43)) - raft.server.snapshot.auto.trigger.enabled = true (custom)
2019-09-26 15:13:26,975 [pool-27-thread-1] INFO  server.RaftServerConfigKeys (ConfUtils.java:logGet(43)) - raft.server.snapshot.auto.trigger.threshold = 10000 (custom)
2019-09-26 15:13:26,975 [pool-27-thread-1] INFO  server.RaftServerConfigKeys (ConfUtils.java:logGet(43)) - raft.server.snapshot.retention.num.files = 5 (custom)
2019-09-26 15:13:26,975 [pool-27-thread-1] INFO  server.RaftServerConfigKeys (ConfUtils.java:logGet(43)) - raft.server.retrycache.expirytime = 600000ms (custom)
2019-09-26 15:13:26,976 [pool-27-thread-1] INFO  impl.RaftServerImpl (RaftServerImpl.java:start(185)) - b3e939fd-eb36-468b-9efe-5d0a1fdaa172@group-7F4E2958F83B: start as a follower, conf=-1: [b3e939fd-eb36-468b-9efe-5d0a1fdaa172:192.168.151.99:45433], old=null
2019-09-26 15:13:26,977 [pool-27-thread-1] INFO  impl.RaftServerImpl (RaftServerImpl.java:setRole(174)) - b3e939fd-eb36-468b-9efe-5d0a1fdaa172@group-7F4E2958F83B: changes role from      null to FOLLOWER at term 0 for startAsFollower
2019-09-26 15:13:26,977 [pool-27-thread-1] INFO  impl.RoleInfo (RoleInfo.java:updateAndGet(143)) - b3e939fd-eb36-468b-9efe-5d0a1fdaa172: start FollowerState
2019-09-26 15:13:26,977 [pool-27-thread-1] INFO  util.JmxRegister (JmxRegister.java:tryRegister(44)) - Successfully registered JMX Bean with object name Ratis:service=RaftServer,group=group-7F4E2958F83B,id=b3e939fd-eb36-468b-9efe-5d0a1fdaa172
2019-09-26 15:13:26,979 [RatisPipelineUtilsThread] INFO  pipeline.PipelineStateManager (PipelineStateManager.java:addPipeline(56)) - Created pipeline Pipeline[ Id: eeafa37d-c3d2-4cd6-ba7c-7f4e2958f83b, Nodes: b3e939fd-eb36-468b-9efe-5d0a1fdaa172{ip: 192.168.151.99, host: pr-hdds-1569-g6sp5-2013761785, networkLocation: /default-rack, certSerialId: null}, Type:RATIS, Factor:ONE, State:OPEN]
2019-09-26 15:13:26,982 [grpc-default-executor-0] INFO  impl.RaftServerProxy (RaftServerProxy.java:addNew(89)) - b3e939fd-eb36-468b-9efe-5d0a1fdaa172: addNew group-A329D7889155:[b3e939fd-eb36-468b-9efe-5d0a1fdaa172:192.168.151.99:45433] returns group-A329D7889155:java.util.concurrent.CompletableFuture@6a185338[Not completed]
2019-09-26 15:13:26,983 [pool-27-thread-1] INFO  impl.RaftServerImpl (RaftServerImpl.java:<init>(95)) - b3e939fd-eb36-468b-9efe-5d0a1fdaa172: new RaftServerImpl for group-A329D7889155:[b3e939fd-eb36-468b-9efe-5d0a1fdaa172:192.168.151.99:45433] with ContainerStateMachine:uninitialized
2019-09-26 15:13:26,983 [pool-27-thread-1] INFO  server.RaftServerConfigKeys (ConfUtils.java:logGet(43)) - raft.server.rpc.timeout.min = 5s (custom)
2019-09-26 15:13:26,983 [pool-27-thread-1] INFO  server.RaftServerConfigKeys (ConfUtils.java:logGet(43)) - raft.server.rpc.timeout.max = 5200ms (custom)
2019-09-26 15:13:26,983 [pool-27-thread-1] INFO  server.RaftServerConfigKeys (ConfUtils.java:logGet(43)) - raft.server.rpcslowness.timeout = 120s (custom)
2019-09-26 15:13:26,983 [pool-27-thread-1] INFO  server.RaftServerConfigKeys (ConfUtils.java:logGet(43)) - raft.server.sleep.deviation.threshold = 300 (default)
2019-09-26 15:13:26,983 [pool-27-thread-1] INFO  server.RaftServerConfigKeys (ConfUtils.java:logGet(43)) - raft.server.log.appender.install.snapshot.enabled = false (custom)
2019-09-26 15:13:26,984 [pool-27-thread-1] INFO  impl.RaftServerImpl (ServerState.java:<init>(103)) - b3e939fd-eb36-468b-9efe-5d0a1fdaa172@group-A329D7889155: ConfigurationManager, init=-1: [b3e939fd-eb36-468b-9efe-5d0a1fdaa172:192.168.151.99:45433], old=null, confs=<EMPTY_MAP>
2019-09-26 15:13:26,984 [pool-27-thread-1] INFO  server.RaftServerConfigKeys (ConfUtils.java:logGet(43)) - raft.server.storage.dir = [/workdir/hadoop-ozone/integration-test/target/test-dir/MiniOzoneClusterImpl-7e2f4b2f-6763-4a45-9ec4-264c2cef7c61/datanode-0/data/ratis] (custom)
2019-09-26 15:13:26,984 [pool-27-thread-1] INFO  storage.RaftStorageDirectory (RaftStorageDirectory.java:analyzeStorage(246)) - The storage directory /workdir/hadoop-ozone/integration-test/target/test-dir/MiniOzoneClusterImpl-7e2f4b2f-6763-4a45-9ec4-264c2cef7c61/datanode-0/data/ratis/05fbdad9-cdc9-477c-84b7-a329d7889155 does not exist. Creating ...
2019-09-26 15:13:26,988 [pool-27-thread-1] INFO  storage.RaftStorageDirectory (RaftStorageDirectory.java:tryLock(328)) - Lock on /workdir/hadoop-ozone/integration-test/target/test-dir/MiniOzoneClusterImpl-7e2f4b2f-6763-4a45-9ec4-264c2cef7c61/datanode-0/data/ratis/05fbdad9-cdc9-477c-84b7-a329d7889155/in_use.lock acquired by nodename 11803@pr-hdds-1569-g6sp5-2013761785
2019-09-26 15:13:26,991 [pool-27-thread-1] INFO  storage.RaftStorage (RaftStorage.java:format(72)) - Storage directory /workdir/hadoop-ozone/integration-test/target/test-dir/MiniOzoneClusterImpl-7e2f4b2f-6763-4a45-9ec4-264c2cef7c61/datanode-0/data/ratis/05fbdad9-cdc9-477c-84b7-a329d7889155 has been successfully formatted.
2019-09-26 15:13:26,992 [pool-27-thread-1] INFO  ratis.ContainerStateMachine (ContainerStateMachine.java:loadSnapshot(230)) - group-A329D7889155: The snapshot info is null. Setting the last applied indexto:(t:0, i:~)
2019-09-26 15:13:26,992 [pool-27-thread-1] INFO  server.RaftServerConfigKeys (ConfUtils.java:logGet(43)) - raft.server.notification.no-leader.timeout = 120s (custom)
2019-09-26 15:13:26,992 [pool-27-thread-1] INFO  server.RaftServerConfigKeys (ConfUtils.java:logGet(43)) - raft.server.log.use.memory = false (default)
2019-09-26 15:13:26,992 [pool-27-thread-1] INFO  server.RaftServerConfigKeys (ConfUtils.java:logGet(43)) - raft.server.log.purge.gap = 1000000 (custom)
2019-09-26 15:13:26,992 [pool-27-thread-1] INFO  server.RaftServerConfigKeys (ConfUtils.java:logGet(43)) - raft.server.log.appender.buffer.byte-limit = 33554432 (custom)
2019-09-26 15:13:26,992 [pool-27-thread-1] INFO  server.RaftServerConfigKeys (ConfUtils.java:logGet(43)) - raft.server.log.segment.size.max = 1048576 (custom)
2019-09-26 15:13:26,992 [pool-27-thread-1] INFO  server.RaftServerConfigKeys (ConfUtils.java:logGet(43)) - raft.server.log.segment.cache.num.max = 2 (custom)
2019-09-26 15:13:26,992 [pool-27-thread-1] INFO  segmented.SegmentedRaftLogWorker (SegmentedRaftLogWorker.java:<init>(172)) - new b3e939fd-eb36-468b-9efe-5d0a1fdaa172@group-A329D7889155-SegmentedRaftLogWorker for RaftStorage:Storage Directory /workdir/hadoop-ozone/integration-test/target/test-dir/MiniOzoneClusterImpl-7e2f4b2f-6763-4a45-9ec4-264c2cef7c61/datanode-0/data/ratis/05fbdad9-cdc9-477c-84b7-a329d7889155
2019-09-26 15:13:26,992 [pool-27-thread-1] INFO  server.RaftServerConfigKeys (ConfUtils.java:logGet(43)) - raft.server.log.queue.byte-limit = 2147483647 (custom)
2019-09-26 15:13:26,993 [pool-27-thread-1] INFO  server.RaftServerConfigKeys (ConfUtils.java:logGet(43)) - raft.server.log.queue.element-limit = 1024 (custom)
2019-09-26 15:13:26,993 [pool-27-thread-1] INFO  server.RaftServerConfigKeys (ConfUtils.java:logGet(43)) - raft.server.log.segment.size.max = 1048576 (custom)
2019-09-26 15:13:26,993 [pool-27-thread-1] INFO  server.RaftServerConfigKeys (ConfUtils.java:logGet(43)) - raft.server.log.preallocated.size = 16384 (custom)
2019-09-26 15:13:26,993 [pool-27-thread-1] INFO  server.RaftServerConfigKeys (ConfUtils.java:logGet(43)) - raft.server.log.write.buffer.size = 33554432 (custom)
2019-09-26 15:13:26,993 [pool-27-thread-1] INFO  server.RaftServerConfigKeys (ConfUtils.java:logGet(43)) - raft.server.log.force.sync.num = 128 (default)
2019-09-26 15:13:26,993 [pool-27-thread-1] INFO  server.RaftServerConfigKeys (ConfUtils.java:logGet(43)) - raft.server.log.statemachine.data.sync = true (default)
2019-09-26 15:13:26,993 [pool-27-thread-1] INFO  server.RaftServerConfigKeys (ConfUtils.java:logGet(43)) - raft.server.log.statemachine.data.sync.timeout = 10s (default)
2019-09-26 15:13:26,993 [pool-27-thread-1] INFO  server.RaftServerConfigKeys (ConfUtils.java:logGet(43)) - raft.server.log.statemachine.data.sync.timeout.retry = -1 (default)
2019-09-26 15:13:26,993 [pool-27-thread-1] INFO  server.RaftServerConfigKeys (ConfUtils.java:logGet(43)) - raft.server.log.statemachine.data.caching.enabled = true (custom)
2019-09-26 15:13:26,994 [pool-27-thread-1] INFO  segmented.SegmentedRaftLogWorker (SegmentedRaftLogWorker.java:lambda$new$0(132)) - b3e939fd-eb36-468b-9efe-5d0a1fdaa172@group-A329D7889155-SegmentedRaftLogWorker: flushIndex: setUnconditionally 0 -> -1
2019-09-26 15:13:26,994 [pool-27-thread-1] INFO  server.RaftServerConfigKeys (ConfUtils.java:logGet(43)) - raft.server.snapshot.auto.trigger.enabled = true (custom)
2019-09-26 15:13:26,994 [pool-27-thread-1] INFO  server.RaftServerConfigKeys (ConfUtils.java:logGet(43)) - raft.server.snapshot.auto.trigger.threshold = 10000 (custom)
2019-09-26 15:13:26,994 [pool-27-thread-1] INFO  server.RaftServerConfigKeys (ConfUtils.java:logGet(43)) - raft.server.snapshot.retention.num.files = 5 (custom)
2019-09-26 15:13:26,994 [pool-27-thread-1] INFO  server.RaftServerConfigKeys (ConfUtils.java:logGet(43)) - raft.server.retrycache.expirytime = 600000ms (custom)
2019-09-26 15:13:26,996 [pool-27-thread-1] INFO  impl.RaftServerImpl (RaftServerImpl.java:start(185)) - b3e939fd-eb36-468b-9efe-5d0a1fdaa172@group-A329D7889155: start as a follower, conf=-1: [b3e939fd-eb36-468b-9efe-5d0a1fdaa172:192.168.151.99:45433], old=null
2019-09-26 15:13:26,996 [pool-27-thread-1] INFO  impl.RaftServerImpl (RaftServerImpl.java:setRole(174)) - b3e939fd-eb36-468b-9efe-5d0a1fdaa172@group-A329D7889155: changes role from      null to FOLLOWER at term 0 for startAsFollower
2019-09-26 15:13:26,996 [pool-27-thread-1] INFO  impl.RoleInfo (RoleInfo.java:updateAndGet(143)) - b3e939fd-eb36-468b-9efe-5d0a1fdaa172: start FollowerState
2019-09-26 15:13:26,996 [pool-27-thread-1] INFO  util.JmxRegister (JmxRegister.java:tryRegister(44)) - Successfully registered JMX Bean with object name Ratis:service=RaftServer,group=group-A329D7889155,id=b3e939fd-eb36-468b-9efe-5d0a1fdaa172
2019-09-26 15:13:26,998 [RatisPipelineUtilsThread] INFO  pipeline.PipelineStateManager (PipelineStateManager.java:addPipeline(56)) - Created pipeline Pipeline[ Id: 05fbdad9-cdc9-477c-84b7-a329d7889155, Nodes: b3e939fd-eb36-468b-9efe-5d0a1fdaa172{ip: 192.168.151.99, host: pr-hdds-1569-g6sp5-2013761785, networkLocation: /default-rack, certSerialId: null}, Type:RATIS, Factor:ONE, State:OPEN]
2019-09-26 15:13:27,001 [grpc-default-executor-0] INFO  impl.RaftServerProxy (RaftServerProxy.java:addNew(89)) - b3e939fd-eb36-468b-9efe-5d0a1fdaa172: addNew group-336DB84C1351:[b3e939fd-eb36-468b-9efe-5d0a1fdaa172:192.168.151.99:45433] returns group-336DB84C1351:java.util.concurrent.CompletableFuture@57581a44[Not completed]
2019-09-26 15:13:27,002 [pool-27-thread-1] INFO  impl.RaftServerImpl (RaftServerImpl.java:<init>(95)) - b3e939fd-eb36-468b-9efe-5d0a1fdaa172: new RaftServerImpl for group-336DB84C1351:[b3e939fd-eb36-468b-9efe-5d0a1fdaa172:192.168.151.99:45433] with ContainerStateMachine:uninitialized
2019-09-26 15:13:27,002 [pool-27-thread-1] INFO  server.RaftServerConfigKeys (ConfUtils.java:logGet(43)) - raft.server.rpc.timeout.min = 5s (custom)
2019-09-26 15:13:27,002 [pool-27-thread-1] INFO  server.RaftServerConfigKeys (ConfUtils.java:logGet(43)) - raft.server.rpc.timeout.max = 5200ms (custom)
2019-09-26 15:13:27,002 [pool-27-thread-1] INFO  server.RaftServerConfigKeys (ConfUtils.java:logGet(43)) - raft.server.rpcslowness.timeout = 120s (custom)
2019-09-26 15:13:27,003 [pool-27-thread-1] INFO  server.RaftServerConfigKeys (ConfUtils.java:logGet(43)) - raft.server.sleep.deviation.threshold = 300 (default)
2019-09-26 15:13:27,003 [pool-27-thread-1] INFO  server.RaftServerConfigKeys (ConfUtils.java:logGet(43)) - raft.server.log.appender.install.snapshot.enabled = false (custom)
2019-09-26 15:13:27,003 [pool-27-thread-1] INFO  impl.RaftServerImpl (ServerState.java:<init>(103)) - b3e939fd-eb36-468b-9efe-5d0a1fdaa172@group-336DB84C1351: ConfigurationManager, init=-1: [b3e939fd-eb36-468b-9efe-5d0a1fdaa172:192.168.151.99:45433], old=null, confs=<EMPTY_MAP>
2019-09-26 15:13:27,003 [pool-27-thread-1] INFO  server.RaftServerConfigKeys (ConfUtils.java:logGet(43)) - raft.server.storage.dir = [/workdir/hadoop-ozone/integration-test/target/test-dir/MiniOzoneClusterImpl-7e2f4b2f-6763-4a45-9ec4-264c2cef7c61/datanode-0/data/ratis] (custom)
2019-09-26 15:13:27,004 [pool-27-thread-1] INFO  storage.RaftStorageDirectory (RaftStorageDirectory.java:analyzeStorage(246)) - The storage directory /workdir/hadoop-ozone/integration-test/target/test-dir/MiniOzoneClusterImpl-7e2f4b2f-6763-4a45-9ec4-264c2cef7c61/datanode-0/data/ratis/48ba68f1-f308-4e7a-b06e-336db84c1351 does not exist. Creating ...
2019-09-26 15:13:27,007 [pool-27-thread-1] INFO  storage.RaftStorageDirectory (RaftStorageDirectory.java:tryLock(328)) - Lock on /workdir/hadoop-ozone/integration-test/target/test-dir/MiniOzoneClusterImpl-7e2f4b2f-6763-4a45-9ec4-264c2cef7c61/datanode-0/data/ratis/48ba68f1-f308-4e7a-b06e-336db84c1351/in_use.lock acquired by nodename 11803@pr-hdds-1569-g6sp5-2013761785
2019-09-26 15:13:27,012 [pool-27-thread-1] INFO  storage.RaftStorage (RaftStorage.java:format(72)) - Storage directory /workdir/hadoop-ozone/integration-test/target/test-dir/MiniOzoneClusterImpl-7e2f4b2f-6763-4a45-9ec4-264c2cef7c61/datanode-0/data/ratis/48ba68f1-f308-4e7a-b06e-336db84c1351 has been successfully formatted.
2019-09-26 15:13:27,012 [pool-27-thread-1] INFO  ratis.ContainerStateMachine (ContainerStateMachine.java:loadSnapshot(230)) - group-336DB84C1351: The snapshot info is null. Setting the last applied indexto:(t:0, i:~)
2019-09-26 15:13:27,012 [pool-27-thread-1] INFO  server.RaftServerConfigKeys (ConfUtils.java:logGet(43)) - raft.server.notification.no-leader.timeout = 120s (custom)
2019-09-26 15:13:27,012 [pool-27-thread-1] INFO  server.RaftServerConfigKeys (ConfUtils.java:logGet(43)) - raft.server.log.use.memory = false (default)
2019-09-26 15:13:27,012 [pool-27-thread-1] INFO  server.RaftServerConfigKeys (ConfUtils.java:logGet(43)) - raft.server.log.purge.gap = 1000000 (custom)
2019-09-26 15:13:27,012 [pool-27-thread-1] INFO  server.RaftServerConfigKeys (ConfUtils.java:logGet(43)) - raft.server.log.appender.buffer.byte-limit = 33554432 (custom)
2019-09-26 15:13:27,012 [pool-27-thread-1] INFO  server.RaftServerConfigKeys (ConfUtils.java:logGet(43)) - raft.server.log.segment.size.max = 1048576 (custom)
2019-09-26 15:13:27,013 [pool-27-thread-1] INFO  server.RaftServerConfigKeys (ConfUtils.java:logGet(43)) - raft.server.log.segment.cache.num.max = 2 (custom)
2019-09-26 15:13:27,013 [pool-27-thread-1] INFO  segmented.SegmentedRaftLogWorker (SegmentedRaftLogWorker.java:<init>(172)) - new b3e939fd-eb36-468b-9efe-5d0a1fdaa172@group-336DB84C1351-SegmentedRaftLogWorker for RaftStorage:Storage Directory /workdir/hadoop-ozone/integration-test/target/test-dir/MiniOzoneClusterImpl-7e2f4b2f-6763-4a45-9ec4-264c2cef7c61/datanode-0/data/ratis/48ba68f1-f308-4e7a-b06e-336db84c1351
2019-09-26 15:13:27,013 [pool-27-thread-1] INFO  server.RaftServerConfigKeys (ConfUtils.java:logGet(43)) - raft.server.log.queue.byte-limit = 2147483647 (custom)
2019-09-26 15:13:27,013 [pool-27-thread-1] INFO  server.RaftServerConfigKeys (ConfUtils.java:logGet(43)) - raft.server.log.queue.element-limit = 1024 (custom)
2019-09-26 15:13:27,013 [pool-27-thread-1] INFO  server.RaftServerConfigKeys (ConfUtils.java:logGet(43)) - raft.server.log.segment.size.max = 1048576 (custom)
2019-09-26 15:13:27,013 [pool-27-thread-1] INFO  server.RaftServerConfigKeys (ConfUtils.java:logGet(43)) - raft.server.log.preallocated.size = 16384 (custom)
2019-09-26 15:13:27,013 [pool-27-thread-1] INFO  server.RaftServerConfigKeys (ConfUtils.java:logGet(43)) - raft.server.log.write.buffer.size = 33554432 (custom)
2019-09-26 15:13:27,013 [pool-27-thread-1] INFO  server.RaftServerConfigKeys (ConfUtils.java:logGet(43)) - raft.server.log.force.sync.num = 128 (default)
2019-09-26 15:13:27,013 [pool-27-thread-1] INFO  server.RaftServerConfigKeys (ConfUtils.java:logGet(43)) - raft.server.log.statemachine.data.sync = true (default)
2019-09-26 15:13:27,014 [pool-27-thread-1] INFO  server.RaftServerConfigKeys (ConfUtils.java:logGet(43)) - raft.server.log.statemachine.data.sync.timeout = 10s (default)
2019-09-26 15:13:27,014 [pool-27-thread-1] INFO  server.RaftServerConfigKeys (ConfUtils.java:logGet(43)) - raft.server.log.statemachine.data.sync.timeout.retry = -1 (default)
2019-09-26 15:13:27,014 [pool-27-thread-1] INFO  server.RaftServerConfigKeys (ConfUtils.java:logGet(43)) - raft.server.log.statemachine.data.caching.enabled = true (custom)
2019-09-26 15:13:27,014 [pool-27-thread-1] INFO  segmented.SegmentedRaftLogWorker (SegmentedRaftLogWorker.java:lambda$new$0(132)) - b3e939fd-eb36-468b-9efe-5d0a1fdaa172@group-336DB84C1351-SegmentedRaftLogWorker: flushIndex: setUnconditionally 0 -> -1
2019-09-26 15:13:27,014 [pool-27-thread-1] INFO  server.RaftServerConfigKeys (ConfUtils.java:logGet(43)) - raft.server.snapshot.auto.trigger.enabled = true (custom)
2019-09-26 15:13:27,015 [pool-27-thread-1] INFO  server.RaftServerConfigKeys (ConfUtils.java:logGet(43)) - raft.server.snapshot.auto.trigger.threshold = 10000 (custom)
2019-09-26 15:13:27,015 [pool-27-thread-1] INFO  server.RaftServerConfigKeys (ConfUtils.java:logGet(43)) - raft.server.snapshot.retention.num.files = 5 (custom)
2019-09-26 15:13:27,015 [pool-27-thread-1] INFO  server.RaftServerConfigKeys (ConfUtils.java:logGet(43)) - raft.server.retrycache.expirytime = 600000ms (custom)
2019-09-26 15:13:27,016 [pool-27-thread-1] INFO  impl.RaftServerImpl (RaftServerImpl.java:start(185)) - b3e939fd-eb36-468b-9efe-5d0a1fdaa172@group-336DB84C1351: start as a follower, conf=-1: [b3e939fd-eb36-468b-9efe-5d0a1fdaa172:192.168.151.99:45433], old=null
2019-09-26 15:13:27,016 [pool-27-thread-1] INFO  impl.RaftServerImpl (RaftServerImpl.java:setRole(174)) - b3e939fd-eb36-468b-9efe-5d0a1fdaa172@group-336DB84C1351: changes role from      null to FOLLOWER at term 0 for startAsFollower
2019-09-26 15:13:27,016 [pool-27-thread-1] INFO  impl.RoleInfo (RoleInfo.java:updateAndGet(143)) - b3e939fd-eb36-468b-9efe-5d0a1fdaa172: start FollowerState
2019-09-26 15:13:27,017 [pool-27-thread-1] INFO  util.JmxRegister (JmxRegister.java:tryRegister(44)) - Successfully registered JMX Bean with object name Ratis:service=RaftServer,group=group-336DB84C1351,id=b3e939fd-eb36-468b-9efe-5d0a1fdaa172
2019-09-26 15:13:27,018 [RatisPipelineUtilsThread] INFO  pipeline.PipelineStateManager (PipelineStateManager.java:addPipeline(56)) - Created pipeline Pipeline[ Id: 48ba68f1-f308-4e7a-b06e-336db84c1351, Nodes: b3e939fd-eb36-468b-9efe-5d0a1fdaa172{ip: 192.168.151.99, host: pr-hdds-1569-g6sp5-2013761785, networkLocation: /default-rack, certSerialId: null}, Type:RATIS, Factor:ONE, State:OPEN]
2019-09-26 15:13:27,021 [grpc-default-executor-0] INFO  impl.RaftServerProxy (RaftServerProxy.java:addNew(89)) - b3e939fd-eb36-468b-9efe-5d0a1fdaa172: addNew group-898D87100B2B:[b3e939fd-eb36-468b-9efe-5d0a1fdaa172:192.168.151.99:45433] returns group-898D87100B2B:java.util.concurrent.CompletableFuture@3c2d7749[Not completed]
2019-09-26 15:13:27,022 [pool-27-thread-1] INFO  impl.RaftServerImpl (RaftServerImpl.java:<init>(95)) - b3e939fd-eb36-468b-9efe-5d0a1fdaa172: new RaftServerImpl for group-898D87100B2B:[b3e939fd-eb36-468b-9efe-5d0a1fdaa172:192.168.151.99:45433] with ContainerStateMachine:uninitialized
2019-09-26 15:13:27,022 [pool-27-thread-1] INFO  server.RaftServerConfigKeys (ConfUtils.java:logGet(43)) - raft.server.rpc.timeout.min = 5s (custom)
2019-09-26 15:13:27,022 [pool-27-thread-1] INFO  server.RaftServerConfigKeys (ConfUtils.java:logGet(43)) - raft.server.rpc.timeout.max = 5200ms (custom)
2019-09-26 15:13:27,022 [pool-27-thread-1] INFO  server.RaftServerConfigKeys (ConfUtils.java:logGet(43)) - raft.server.rpcslowness.timeout = 120s (custom)
2019-09-26 15:13:27,022 [pool-27-thread-1] INFO  server.RaftServerConfigKeys (ConfUtils.java:logGet(43)) - raft.server.sleep.deviation.threshold = 300 (default)
2019-09-26 15:13:27,022 [pool-27-thread-1] INFO  server.RaftServerConfigKeys (ConfUtils.java:logGet(43)) - raft.server.log.appender.install.snapshot.enabled = false (custom)
2019-09-26 15:13:27,023 [pool-27-thread-1] INFO  impl.RaftServerImpl (ServerState.java:<init>(103)) - b3e939fd-eb36-468b-9efe-5d0a1fdaa172@group-898D87100B2B: ConfigurationManager, init=-1: [b3e939fd-eb36-468b-9efe-5d0a1fdaa172:192.168.151.99:45433], old=null, confs=<EMPTY_MAP>
2019-09-26 15:13:27,023 [pool-27-thread-1] INFO  server.RaftServerConfigKeys (ConfUtils.java:logGet(43)) - raft.server.storage.dir = [/workdir/hadoop-ozone/integration-test/target/test-dir/MiniOzoneClusterImpl-7e2f4b2f-6763-4a45-9ec4-264c2cef7c61/datanode-0/data/ratis] (custom)
2019-09-26 15:13:27,024 [pool-27-thread-1] INFO  storage.RaftStorageDirectory (RaftStorageDirectory.java:analyzeStorage(246)) - The storage directory /workdir/hadoop-ozone/integration-test/target/test-dir/MiniOzoneClusterImpl-7e2f4b2f-6763-4a45-9ec4-264c2cef7c61/datanode-0/data/ratis/d7e3c0c3-0a25-4922-a580-898d87100b2b does not exist. Creating ...
2019-09-26 15:13:27,027 [pool-27-thread-1] INFO  storage.RaftStorageDirectory (RaftStorageDirectory.java:tryLock(328)) - Lock on /workdir/hadoop-ozone/integration-test/target/test-dir/MiniOzoneClusterImpl-7e2f4b2f-6763-4a45-9ec4-264c2cef7c61/datanode-0/data/ratis/d7e3c0c3-0a25-4922-a580-898d87100b2b/in_use.lock acquired by nodename 11803@pr-hdds-1569-g6sp5-2013761785
2019-09-26 15:13:27,030 [pool-27-thread-1] INFO  storage.RaftStorage (RaftStorage.java:format(72)) - Storage directory /workdir/hadoop-ozone/integration-test/target/test-dir/MiniOzoneClusterImpl-7e2f4b2f-6763-4a45-9ec4-264c2cef7c61/datanode-0/data/ratis/d7e3c0c3-0a25-4922-a580-898d87100b2b has been successfully formatted.
2019-09-26 15:13:27,030 [pool-27-thread-1] INFO  ratis.ContainerStateMachine (ContainerStateMachine.java:loadSnapshot(230)) - group-898D87100B2B: The snapshot info is null. Setting the last applied indexto:(t:0, i:~)
2019-09-26 15:13:27,030 [pool-27-thread-1] INFO  server.RaftServerConfigKeys (ConfUtils.java:logGet(43)) - raft.server.notification.no-leader.timeout = 120s (custom)
2019-09-26 15:13:27,030 [pool-27-thread-1] INFO  server.RaftServerConfigKeys (ConfUtils.java:logGet(43)) - raft.server.log.use.memory = false (default)
2019-09-26 15:13:27,030 [pool-27-thread-1] INFO  server.RaftServerConfigKeys (ConfUtils.java:logGet(43)) - raft.server.log.purge.gap = 1000000 (custom)
2019-09-26 15:13:27,030 [pool-27-thread-1] INFO  server.RaftServerConfigKeys (ConfUtils.java:logGet(43)) - raft.server.log.appender.buffer.byte-limit = 33554432 (custom)
2019-09-26 15:13:27,030 [pool-27-thread-1] INFO  server.RaftServerConfigKeys (ConfUtils.java:logGet(43)) - raft.server.log.segment.size.max = 1048576 (custom)
2019-09-26 15:13:27,031 [pool-27-thread-1] INFO  server.RaftServerConfigKeys (ConfUtils.java:logGet(43)) - raft.server.log.segment.cache.num.max = 2 (custom)
2019-09-26 15:13:27,031 [pool-27-thread-1] INFO  segmented.SegmentedRaftLogWorker (SegmentedRaftLogWorker.java:<init>(172)) - new b3e939fd-eb36-468b-9efe-5d0a1fdaa172@group-898D87100B2B-SegmentedRaftLogWorker for RaftStorage:Storage Directory /workdir/hadoop-ozone/integration-test/target/test-dir/MiniOzoneClusterImpl-7e2f4b2f-6763-4a45-9ec4-264c2cef7c61/datanode-0/data/ratis/d7e3c0c3-0a25-4922-a580-898d87100b2b
2019-09-26 15:13:27,031 [pool-27-thread-1] INFO  server.RaftServerConfigKeys (ConfUtils.java:logGet(43)) - raft.server.log.queue.byte-limit = 2147483647 (custom)
2019-09-26 15:13:27,031 [pool-27-thread-1] INFO  server.RaftServerConfigKeys (ConfUtils.java:logGet(43)) - raft.server.log.queue.element-limit = 1024 (custom)
2019-09-26 15:13:27,031 [pool-27-thread-1] INFO  server.RaftServerConfigKeys (ConfUtils.java:logGet(43)) - raft.server.log.segment.size.max = 1048576 (custom)
2019-09-26 15:13:27,031 [pool-27-thread-1] INFO  server.RaftServerConfigKeys (ConfUtils.java:logGet(43)) - raft.server.log.preallocated.size = 16384 (custom)
2019-09-26 15:13:27,031 [pool-27-thread-1] INFO  server.RaftServerConfigKeys (ConfUtils.java:logGet(43)) - raft.server.log.write.buffer.size = 33554432 (custom)
2019-09-26 15:13:27,031 [pool-27-thread-1] INFO  server.RaftServerConfigKeys (ConfUtils.java:logGet(43)) - raft.server.log.force.sync.num = 128 (default)
2019-09-26 15:13:27,031 [pool-27-thread-1] INFO  server.RaftServerConfigKeys (ConfUtils.java:logGet(43)) - raft.server.log.statemachine.data.sync = true (default)
2019-09-26 15:13:27,031 [pool-27-thread-1] INFO  server.RaftServerConfigKeys (ConfUtils.java:logGet(43)) - raft.server.log.statemachine.data.sync.timeout = 10s (default)
2019-09-26 15:13:27,031 [pool-27-thread-1] INFO  server.RaftServerConfigKeys (ConfUtils.java:logGet(43)) - raft.server.log.statemachine.data.sync.timeout.retry = -1 (default)
2019-09-26 15:13:27,031 [pool-27-thread-1] INFO  server.RaftServerConfigKeys (ConfUtils.java:logGet(43)) - raft.server.log.statemachine.data.caching.enabled = true (custom)
2019-09-26 15:13:27,032 [pool-27-thread-1] INFO  segmented.SegmentedRaftLogWorker (SegmentedRaftLogWorker.java:lambda$new$0(132)) - b3e939fd-eb36-468b-9efe-5d0a1fdaa172@group-898D87100B2B-SegmentedRaftLogWorker: flushIndex: setUnconditionally 0 -> -1
2019-09-26 15:13:27,032 [pool-27-thread-1] INFO  server.RaftServerConfigKeys (ConfUtils.java:logGet(43)) - raft.server.snapshot.auto.trigger.enabled = true (custom)
2019-09-26 15:13:27,032 [pool-27-thread-1] INFO  server.RaftServerConfigKeys (ConfUtils.java:logGet(43)) - raft.server.snapshot.auto.trigger.threshold = 10000 (custom)
2019-09-26 15:13:27,032 [pool-27-thread-1] INFO  server.RaftServerConfigKeys (ConfUtils.java:logGet(43)) - raft.server.snapshot.retention.num.files = 5 (custom)
2019-09-26 15:13:27,032 [pool-27-thread-1] INFO  server.RaftServerConfigKeys (ConfUtils.java:logGet(43)) - raft.server.retrycache.expirytime = 600000ms (custom)
2019-09-26 15:13:27,033 [pool-27-thread-1] INFO  impl.RaftServerImpl (RaftServerImpl.java:start(185)) - b3e939fd-eb36-468b-9efe-5d0a1fdaa172@group-898D87100B2B: start as a follower, conf=-1: [b3e939fd-eb36-468b-9efe-5d0a1fdaa172:192.168.151.99:45433], old=null
2019-09-26 15:13:27,033 [pool-27-thread-1] INFO  impl.RaftServerImpl (RaftServerImpl.java:setRole(174)) - b3e939fd-eb36-468b-9efe-5d0a1fdaa172@group-898D87100B2B: changes role from      null to FOLLOWER at term 0 for startAsFollower
2019-09-26 15:13:27,033 [pool-27-thread-1] INFO  impl.RoleInfo (RoleInfo.java:updateAndGet(143)) - b3e939fd-eb36-468b-9efe-5d0a1fdaa172: start FollowerState
2019-09-26 15:13:27,033 [pool-27-thread-1] INFO  util.JmxRegister (JmxRegister.java:tryRegister(44)) - Successfully registered JMX Bean with object name Ratis:service=RaftServer,group=group-898D87100B2B,id=b3e939fd-eb36-468b-9efe-5d0a1fdaa172
2019-09-26 15:13:27,035 [RatisPipelineUtilsThread] INFO  pipeline.PipelineStateManager (PipelineStateManager.java:addPipeline(56)) - Created pipeline Pipeline[ Id: d7e3c0c3-0a25-4922-a580-898d87100b2b, Nodes: b3e939fd-eb36-468b-9efe-5d0a1fdaa172{ip: 192.168.151.99, host: pr-hdds-1569-g6sp5-2013761785, networkLocation: /default-rack, certSerialId: null}, Type:RATIS, Factor:ONE, State:OPEN]
2019-09-26 15:13:27,038 [grpc-default-executor-0] INFO  impl.RaftServerProxy (RaftServerProxy.java:addNew(89)) - b3e939fd-eb36-468b-9efe-5d0a1fdaa172: addNew group-D46EF446A86F:[b3e939fd-eb36-468b-9efe-5d0a1fdaa172:192.168.151.99:45433] returns group-D46EF446A86F:java.util.concurrent.CompletableFuture@4dfebd2a[Not completed]
2019-09-26 15:13:27,038 [pool-27-thread-1] INFO  impl.RaftServerImpl (RaftServerImpl.java:<init>(95)) - b3e939fd-eb36-468b-9efe-5d0a1fdaa172: new RaftServerImpl for group-D46EF446A86F:[b3e939fd-eb36-468b-9efe-5d0a1fdaa172:192.168.151.99:45433] with ContainerStateMachine:uninitialized
2019-09-26 15:13:27,038 [pool-27-thread-1] INFO  server.RaftServerConfigKeys (ConfUtils.java:logGet(43)) - raft.server.rpc.timeout.min = 5s (custom)
2019-09-26 15:13:27,038 [pool-27-thread-1] INFO  server.RaftServerConfigKeys (ConfUtils.java:logGet(43)) - raft.server.rpc.timeout.max = 5200ms (custom)
2019-09-26 15:13:27,038 [pool-27-thread-1] INFO  server.RaftServerConfigKeys (ConfUtils.java:logGet(43)) - raft.server.rpcslowness.timeout = 120s (custom)
2019-09-26 15:13:27,038 [pool-27-thread-1] INFO  server.RaftServerConfigKeys (ConfUtils.java:logGet(43)) - raft.server.sleep.deviation.threshold = 300 (default)
2019-09-26 15:13:27,038 [pool-27-thread-1] INFO  server.RaftServerConfigKeys (ConfUtils.java:logGet(43)) - raft.server.log.appender.install.snapshot.enabled = false (custom)
2019-09-26 15:13:27,039 [pool-27-thread-1] INFO  impl.RaftServerImpl (ServerState.java:<init>(103)) - b3e939fd-eb36-468b-9efe-5d0a1fdaa172@group-D46EF446A86F: ConfigurationManager, init=-1: [b3e939fd-eb36-468b-9efe-5d0a1fdaa172:192.168.151.99:45433], old=null, confs=<EMPTY_MAP>
2019-09-26 15:13:27,039 [pool-27-thread-1] INFO  server.RaftServerConfigKeys (ConfUtils.java:logGet(43)) - raft.server.storage.dir = [/workdir/hadoop-ozone/integration-test/target/test-dir/MiniOzoneClusterImpl-7e2f4b2f-6763-4a45-9ec4-264c2cef7c61/datanode-0/data/ratis] (custom)
2019-09-26 15:13:27,039 [pool-27-thread-1] INFO  storage.RaftStorageDirectory (RaftStorageDirectory.java:analyzeStorage(246)) - The storage directory /workdir/hadoop-ozone/integration-test/target/test-dir/MiniOzoneClusterImpl-7e2f4b2f-6763-4a45-9ec4-264c2cef7c61/datanode-0/data/ratis/b076851b-52a4-483e-905f-d46ef446a86f does not exist. Creating ...
2019-09-26 15:13:27,050 [pool-27-thread-1] INFO  storage.RaftStorageDirectory (RaftStorageDirectory.java:tryLock(328)) - Lock on /workdir/hadoop-ozone/integration-test/target/test-dir/MiniOzoneClusterImpl-7e2f4b2f-6763-4a45-9ec4-264c2cef7c61/datanode-0/data/ratis/b076851b-52a4-483e-905f-d46ef446a86f/in_use.lock acquired by nodename 11803@pr-hdds-1569-g6sp5-2013761785
2019-09-26 15:13:27,062 [pool-27-thread-1] INFO  storage.RaftStorage (RaftStorage.java:format(72)) - Storage directory /workdir/hadoop-ozone/integration-test/target/test-dir/MiniOzoneClusterImpl-7e2f4b2f-6763-4a45-9ec4-264c2cef7c61/datanode-0/data/ratis/b076851b-52a4-483e-905f-d46ef446a86f has been successfully formatted.
2019-09-26 15:13:27,063 [pool-27-thread-1] INFO  ratis.ContainerStateMachine (ContainerStateMachine.java:loadSnapshot(230)) - group-D46EF446A86F: The snapshot info is null. Setting the last applied indexto:(t:0, i:~)
2019-09-26 15:13:27,063 [pool-27-thread-1] INFO  server.RaftServerConfigKeys (ConfUtils.java:logGet(43)) - raft.server.notification.no-leader.timeout = 120s (custom)
2019-09-26 15:13:27,063 [pool-27-thread-1] INFO  server.RaftServerConfigKeys (ConfUtils.java:logGet(43)) - raft.server.log.use.memory = false (default)
2019-09-26 15:13:27,063 [pool-27-thread-1] INFO  server.RaftServerConfigKeys (ConfUtils.java:logGet(43)) - raft.server.log.purge.gap = 1000000 (custom)
2019-09-26 15:13:27,063 [pool-27-thread-1] INFO  server.RaftServerConfigKeys (ConfUtils.java:logGet(43)) - raft.server.log.appender.buffer.byte-limit = 33554432 (custom)
2019-09-26 15:13:27,063 [pool-27-thread-1] INFO  server.RaftServerConfigKeys (ConfUtils.java:logGet(43)) - raft.server.log.segment.size.max = 1048576 (custom)
2019-09-26 15:13:27,063 [pool-27-thread-1] INFO  server.RaftServerConfigKeys (ConfUtils.java:logGet(43)) - raft.server.log.segment.cache.num.max = 2 (custom)
2019-09-26 15:13:27,063 [pool-27-thread-1] INFO  segmented.SegmentedRaftLogWorker (SegmentedRaftLogWorker.java:<init>(172)) - new b3e939fd-eb36-468b-9efe-5d0a1fdaa172@group-D46EF446A86F-SegmentedRaftLogWorker for RaftStorage:Storage Directory /workdir/hadoop-ozone/integration-test/target/test-dir/MiniOzoneClusterImpl-7e2f4b2f-6763-4a45-9ec4-264c2cef7c61/datanode-0/data/ratis/b076851b-52a4-483e-905f-d46ef446a86f
2019-09-26 15:13:27,063 [pool-27-thread-1] INFO  server.RaftServerConfigKeys (ConfUtils.java:logGet(43)) - raft.server.log.queue.byte-limit = 2147483647 (custom)
2019-09-26 15:13:27,063 [pool-27-thread-1] INFO  server.RaftServerConfigKeys (ConfUtils.java:logGet(43)) - raft.server.log.queue.element-limit = 1024 (custom)
2019-09-26 15:13:27,063 [pool-27-thread-1] INFO  server.RaftServerConfigKeys (ConfUtils.java:logGet(43)) - raft.server.log.segment.size.max = 1048576 (custom)
2019-09-26 15:13:27,064 [pool-27-thread-1] INFO  server.RaftServerConfigKeys (ConfUtils.java:logGet(43)) - raft.server.log.preallocated.size = 16384 (custom)
2019-09-26 15:13:27,064 [pool-27-thread-1] INFO  server.RaftServerConfigKeys (ConfUtils.java:logGet(43)) - raft.server.log.write.buffer.size = 33554432 (custom)
2019-09-26 15:13:27,064 [pool-27-thread-1] INFO  server.RaftServerConfigKeys (ConfUtils.java:logGet(43)) - raft.server.log.force.sync.num = 128 (default)
2019-09-26 15:13:27,064 [pool-27-thread-1] INFO  server.RaftServerConfigKeys (ConfUtils.java:logGet(43)) - raft.server.log.statemachine.data.sync = true (default)
2019-09-26 15:13:27,064 [pool-27-thread-1] INFO  server.RaftServerConfigKeys (ConfUtils.java:logGet(43)) - raft.server.log.statemachine.data.sync.timeout = 10s (default)
2019-09-26 15:13:27,064 [pool-27-thread-1] INFO  server.RaftServerConfigKeys (ConfUtils.java:logGet(43)) - raft.server.log.statemachine.data.sync.timeout.retry = -1 (default)
2019-09-26 15:13:27,064 [pool-27-thread-1] INFO  server.RaftServerConfigKeys (ConfUtils.java:logGet(43)) - raft.server.log.statemachine.data.caching.enabled = true (custom)
2019-09-26 15:13:27,064 [pool-27-thread-1] INFO  segmented.SegmentedRaftLogWorker (SegmentedRaftLogWorker.java:lambda$new$0(132)) - b3e939fd-eb36-468b-9efe-5d0a1fdaa172@group-D46EF446A86F-SegmentedRaftLogWorker: flushIndex: setUnconditionally 0 -> -1
2019-09-26 15:13:27,064 [pool-27-thread-1] INFO  server.RaftServerConfigKeys (ConfUtils.java:logGet(43)) - raft.server.snapshot.auto.trigger.enabled = true (custom)
2019-09-26 15:13:27,064 [pool-27-thread-1] INFO  server.RaftServerConfigKeys (ConfUtils.java:logGet(43)) - raft.server.snapshot.auto.trigger.threshold = 10000 (custom)
2019-09-26 15:13:27,064 [pool-27-thread-1] INFO  server.RaftServerConfigKeys (ConfUtils.java:logGet(43)) - raft.server.snapshot.retention.num.files = 5 (custom)
2019-09-26 15:13:27,065 [pool-27-thread-1] INFO  server.RaftServerConfigKeys (ConfUtils.java:logGet(43)) - raft.server.retrycache.expirytime = 600000ms (custom)
2019-09-26 15:13:27,066 [pool-27-thread-1] INFO  impl.RaftServerImpl (RaftServerImpl.java:start(185)) - b3e939fd-eb36-468b-9efe-5d0a1fdaa172@group-D46EF446A86F: start as a follower, conf=-1: [b3e939fd-eb36-468b-9efe-5d0a1fdaa172:192.168.151.99:45433], old=null
2019-09-26 15:13:27,066 [pool-27-thread-1] INFO  impl.RaftServerImpl (RaftServerImpl.java:setRole(174)) - b3e939fd-eb36-468b-9efe-5d0a1fdaa172@group-D46EF446A86F: changes role from      null to FOLLOWER at term 0 for startAsFollower
2019-09-26 15:13:27,066 [pool-27-thread-1] INFO  impl.RoleInfo (RoleInfo.java:updateAndGet(143)) - b3e939fd-eb36-468b-9efe-5d0a1fdaa172: start FollowerState
2019-09-26 15:13:27,066 [pool-27-thread-1] INFO  util.JmxRegister (JmxRegister.java:tryRegister(44)) - Successfully registered JMX Bean with object name Ratis:service=RaftServer,group=group-D46EF446A86F,id=b3e939fd-eb36-468b-9efe-5d0a1fdaa172
2019-09-26 15:13:27,068 [RatisPipelineUtilsThread] INFO  pipeline.PipelineStateManager (PipelineStateManager.java:addPipeline(56)) - Created pipeline Pipeline[ Id: b076851b-52a4-483e-905f-d46ef446a86f, Nodes: b3e939fd-eb36-468b-9efe-5d0a1fdaa172{ip: 192.168.151.99, host: pr-hdds-1569-g6sp5-2013761785, networkLocation: /default-rack, certSerialId: null}, Type:RATIS, Factor:ONE, State:OPEN]
2019-09-26 15:13:27,071 [grpc-default-executor-0] INFO  impl.RaftServerProxy (RaftServerProxy.java:addNew(89)) - b3e939fd-eb36-468b-9efe-5d0a1fdaa172: addNew group-CB05FC8C1EB7:[b3e939fd-eb36-468b-9efe-5d0a1fdaa172:192.168.151.99:45433] returns group-CB05FC8C1EB7:java.util.concurrent.CompletableFuture@2d36db38[Not completed]
2019-09-26 15:13:27,071 [pool-27-thread-1] INFO  impl.RaftServerImpl (RaftServerImpl.java:<init>(95)) - b3e939fd-eb36-468b-9efe-5d0a1fdaa172: new RaftServerImpl for group-CB05FC8C1EB7:[b3e939fd-eb36-468b-9efe-5d0a1fdaa172:192.168.151.99:45433] with ContainerStateMachine:uninitialized
2019-09-26 15:13:27,071 [pool-27-thread-1] INFO  server.RaftServerConfigKeys (ConfUtils.java:logGet(43)) - raft.server.rpc.timeout.min = 5s (custom)
2019-09-26 15:13:27,071 [pool-27-thread-1] INFO  server.RaftServerConfigKeys (ConfUtils.java:logGet(43)) - raft.server.rpc.timeout.max = 5200ms (custom)
2019-09-26 15:13:27,071 [pool-27-thread-1] INFO  server.RaftServerConfigKeys (ConfUtils.java:logGet(43)) - raft.server.rpcslowness.timeout = 120s (custom)
2019-09-26 15:13:27,071 [pool-27-thread-1] INFO  server.RaftServerConfigKeys (ConfUtils.java:logGet(43)) - raft.server.sleep.deviation.threshold = 300 (default)
2019-09-26 15:13:27,071 [pool-27-thread-1] INFO  server.RaftServerConfigKeys (ConfUtils.java:logGet(43)) - raft.server.log.appender.install.snapshot.enabled = false (custom)
2019-09-26 15:13:27,072 [pool-27-thread-1] INFO  impl.RaftServerImpl (ServerState.java:<init>(103)) - b3e939fd-eb36-468b-9efe-5d0a1fdaa172@group-CB05FC8C1EB7: ConfigurationManager, init=-1: [b3e939fd-eb36-468b-9efe-5d0a1fdaa172:192.168.151.99:45433], old=null, confs=<EMPTY_MAP>
2019-09-26 15:13:27,072 [pool-27-thread-1] INFO  server.RaftServerConfigKeys (ConfUtils.java:logGet(43)) - raft.server.storage.dir = [/workdir/hadoop-ozone/integration-test/target/test-dir/MiniOzoneClusterImpl-7e2f4b2f-6763-4a45-9ec4-264c2cef7c61/datanode-0/data/ratis] (custom)
2019-09-26 15:13:27,072 [pool-27-thread-1] INFO  storage.RaftStorageDirectory (RaftStorageDirectory.java:analyzeStorage(246)) - The storage directory /workdir/hadoop-ozone/integration-test/target/test-dir/MiniOzoneClusterImpl-7e2f4b2f-6763-4a45-9ec4-264c2cef7c61/datanode-0/data/ratis/83ce6cba-2607-4662-b0c0-cb05fc8c1eb7 does not exist. Creating ...
2019-09-26 15:13:27,081 [pool-27-thread-1] INFO  storage.RaftStorageDirectory (RaftStorageDirectory.java:tryLock(328)) - Lock on /workdir/hadoop-ozone/integration-test/target/test-dir/MiniOzoneClusterImpl-7e2f4b2f-6763-4a45-9ec4-264c2cef7c61/datanode-0/data/ratis/83ce6cba-2607-4662-b0c0-cb05fc8c1eb7/in_use.lock acquired by nodename 11803@pr-hdds-1569-g6sp5-2013761785
2019-09-26 15:13:27,093 [pool-27-thread-1] INFO  storage.RaftStorage (RaftStorage.java:format(72)) - Storage directory /workdir/hadoop-ozone/integration-test/target/test-dir/MiniOzoneClusterImpl-7e2f4b2f-6763-4a45-9ec4-264c2cef7c61/datanode-0/data/ratis/83ce6cba-2607-4662-b0c0-cb05fc8c1eb7 has been successfully formatted.
2019-09-26 15:13:27,093 [pool-27-thread-1] INFO  ratis.ContainerStateMachine (ContainerStateMachine.java:loadSnapshot(230)) - group-CB05FC8C1EB7: The snapshot info is null. Setting the last applied indexto:(t:0, i:~)
2019-09-26 15:13:27,094 [pool-27-thread-1] INFO  server.RaftServerConfigKeys (ConfUtils.java:logGet(43)) - raft.server.notification.no-leader.timeout = 120s (custom)
2019-09-26 15:13:27,094 [pool-27-thread-1] INFO  server.RaftServerConfigKeys (ConfUtils.java:logGet(43)) - raft.server.log.use.memory = false (default)
2019-09-26 15:13:27,094 [pool-27-thread-1] INFO  server.RaftServerConfigKeys (ConfUtils.java:logGet(43)) - raft.server.log.purge.gap = 1000000 (custom)
2019-09-26 15:13:27,094 [pool-27-thread-1] INFO  server.RaftServerConfigKeys (ConfUtils.java:logGet(43)) - raft.server.log.appender.buffer.byte-limit = 33554432 (custom)
2019-09-26 15:13:27,094 [pool-27-thread-1] INFO  server.RaftServerConfigKeys (ConfUtils.java:logGet(43)) - raft.server.log.segment.size.max = 1048576 (custom)
2019-09-26 15:13:27,094 [pool-27-thread-1] INFO  server.RaftServerConfigKeys (ConfUtils.java:logGet(43)) - raft.server.log.segment.cache.num.max = 2 (custom)
2019-09-26 15:13:27,094 [pool-27-thread-1] INFO  segmented.SegmentedRaftLogWorker (SegmentedRaftLogWorker.java:<init>(172)) - new b3e939fd-eb36-468b-9efe-5d0a1fdaa172@group-CB05FC8C1EB7-SegmentedRaftLogWorker for RaftStorage:Storage Directory /workdir/hadoop-ozone/integration-test/target/test-dir/MiniOzoneClusterImpl-7e2f4b2f-6763-4a45-9ec4-264c2cef7c61/datanode-0/data/ratis/83ce6cba-2607-4662-b0c0-cb05fc8c1eb7
2019-09-26 15:13:27,094 [pool-27-thread-1] INFO  server.RaftServerConfigKeys (ConfUtils.java:logGet(43)) - raft.server.log.queue.byte-limit = 2147483647 (custom)
2019-09-26 15:13:27,094 [pool-27-thread-1] INFO  server.RaftServerConfigKeys (ConfUtils.java:logGet(43)) - raft.server.log.queue.element-limit = 1024 (custom)
2019-09-26 15:13:27,094 [pool-27-thread-1] INFO  server.RaftServerConfigKeys (ConfUtils.java:logGet(43)) - raft.server.log.segment.size.max = 1048576 (custom)
2019-09-26 15:13:27,094 [pool-27-thread-1] INFO  server.RaftServerConfigKeys (ConfUtils.java:logGet(43)) - raft.server.log.preallocated.size = 16384 (custom)
2019-09-26 15:13:27,094 [pool-27-thread-1] INFO  server.RaftServerConfigKeys (ConfUtils.java:logGet(43)) - raft.server.log.write.buffer.size = 33554432 (custom)
2019-09-26 15:13:27,095 [pool-27-thread-1] INFO  server.RaftServerConfigKeys (ConfUtils.java:logGet(43)) - raft.server.log.force.sync.num = 128 (default)
2019-09-26 15:13:27,095 [pool-27-thread-1] INFO  server.RaftServerConfigKeys (ConfUtils.java:logGet(43)) - raft.server.log.statemachine.data.sync = true (default)
2019-09-26 15:13:27,095 [pool-27-thread-1] INFO  server.RaftServerConfigKeys (ConfUtils.java:logGet(43)) - raft.server.log.statemachine.data.sync.timeout = 10s (default)
2019-09-26 15:13:27,095 [pool-27-thread-1] INFO  server.RaftServerConfigKeys (ConfUtils.java:logGet(43)) - raft.server.log.statemachine.data.sync.timeout.retry = -1 (default)
2019-09-26 15:13:27,095 [pool-27-thread-1] INFO  server.RaftServerConfigKeys (ConfUtils.java:logGet(43)) - raft.server.log.statemachine.data.caching.enabled = true (custom)
2019-09-26 15:13:27,095 [pool-27-thread-1] INFO  segmented.SegmentedRaftLogWorker (SegmentedRaftLogWorker.java:lambda$new$0(132)) - b3e939fd-eb36-468b-9efe-5d0a1fdaa172@group-CB05FC8C1EB7-SegmentedRaftLogWorker: flushIndex: setUnconditionally 0 -> -1
2019-09-26 15:13:27,095 [pool-27-thread-1] INFO  server.RaftServerConfigKeys (ConfUtils.java:logGet(43)) - raft.server.snapshot.auto.trigger.enabled = true (custom)
2019-09-26 15:13:27,095 [pool-27-thread-1] INFO  server.RaftServerConfigKeys (ConfUtils.java:logGet(43)) - raft.server.snapshot.auto.trigger.threshold = 10000 (custom)
2019-09-26 15:13:27,095 [pool-27-thread-1] INFO  server.RaftServerConfigKeys (ConfUtils.java:logGet(43)) - raft.server.snapshot.retention.num.files = 5 (custom)
2019-09-26 15:13:27,095 [pool-27-thread-1] INFO  server.RaftServerConfigKeys (ConfUtils.java:logGet(43)) - raft.server.retrycache.expirytime = 600000ms (custom)
2019-09-26 15:13:27,096 [pool-27-thread-1] INFO  impl.RaftServerImpl (RaftServerImpl.java:start(185)) - b3e939fd-eb36-468b-9efe-5d0a1fdaa172@group-CB05FC8C1EB7: start as a follower, conf=-1: [b3e939fd-eb36-468b-9efe-5d0a1fdaa172:192.168.151.99:45433], old=null
2019-09-26 15:13:27,097 [pool-27-thread-1] INFO  impl.RaftServerImpl (RaftServerImpl.java:setRole(174)) - b3e939fd-eb36-468b-9efe-5d0a1fdaa172@group-CB05FC8C1EB7: changes role from      null to FOLLOWER at term 0 for startAsFollower
2019-09-26 15:13:27,097 [pool-27-thread-1] INFO  impl.RoleInfo (RoleInfo.java:updateAndGet(143)) - b3e939fd-eb36-468b-9efe-5d0a1fdaa172: start FollowerState
2019-09-26 15:13:27,097 [pool-27-thread-1] INFO  util.JmxRegister (JmxRegister.java:tryRegister(44)) - Successfully registered JMX Bean with object name Ratis:service=RaftServer,group=group-CB05FC8C1EB7,id=b3e939fd-eb36-468b-9efe-5d0a1fdaa172
2019-09-26 15:13:27,099 [RatisPipelineUtilsThread] INFO  pipeline.PipelineStateManager (PipelineStateManager.java:addPipeline(56)) - Created pipeline Pipeline[ Id: 83ce6cba-2607-4662-b0c0-cb05fc8c1eb7, Nodes: b3e939fd-eb36-468b-9efe-5d0a1fdaa172{ip: 192.168.151.99, host: pr-hdds-1569-g6sp5-2013761785, networkLocation: /default-rack, certSerialId: null}, Type:RATIS, Factor:ONE, State:OPEN]
2019-09-26 15:13:27,102 [grpc-default-executor-0] INFO  impl.RaftServerProxy (RaftServerProxy.java:addNew(89)) - b3e939fd-eb36-468b-9efe-5d0a1fdaa172: addNew group-368EEDBBC63A:[b3e939fd-eb36-468b-9efe-5d0a1fdaa172:192.168.151.99:45433] returns group-368EEDBBC63A:java.util.concurrent.CompletableFuture@57083c73[Not completed]
2019-09-26 15:13:27,102 [pool-27-thread-1] INFO  impl.RaftServerImpl (RaftServerImpl.java:<init>(95)) - b3e939fd-eb36-468b-9efe-5d0a1fdaa172: new RaftServerImpl for group-368EEDBBC63A:[b3e939fd-eb36-468b-9efe-5d0a1fdaa172:192.168.151.99:45433] with ContainerStateMachine:uninitialized
2019-09-26 15:13:27,102 [pool-27-thread-1] INFO  server.RaftServerConfigKeys (ConfUtils.java:logGet(43)) - raft.server.rpc.timeout.min = 5s (custom)
2019-09-26 15:13:27,102 [pool-27-thread-1] INFO  server.RaftServerConfigKeys (ConfUtils.java:logGet(43)) - raft.server.rpc.timeout.max = 5200ms (custom)
2019-09-26 15:13:27,102 [pool-27-thread-1] INFO  server.RaftServerConfigKeys (ConfUtils.java:logGet(43)) - raft.server.rpcslowness.timeout = 120s (custom)
2019-09-26 15:13:27,103 [pool-27-thread-1] INFO  server.RaftServerConfigKeys (ConfUtils.java:logGet(43)) - raft.server.sleep.deviation.threshold = 300 (default)
2019-09-26 15:13:27,103 [pool-27-thread-1] INFO  server.RaftServerConfigKeys (ConfUtils.java:logGet(43)) - raft.server.log.appender.install.snapshot.enabled = false (custom)
2019-09-26 15:13:27,103 [pool-27-thread-1] INFO  impl.RaftServerImpl (ServerState.java:<init>(103)) - b3e939fd-eb36-468b-9efe-5d0a1fdaa172@group-368EEDBBC63A: ConfigurationManager, init=-1: [b3e939fd-eb36-468b-9efe-5d0a1fdaa172:192.168.151.99:45433], old=null, confs=<EMPTY_MAP>
2019-09-26 15:13:27,103 [pool-27-thread-1] INFO  server.RaftServerConfigKeys (ConfUtils.java:logGet(43)) - raft.server.storage.dir = [/workdir/hadoop-ozone/integration-test/target/test-dir/MiniOzoneClusterImpl-7e2f4b2f-6763-4a45-9ec4-264c2cef7c61/datanode-0/data/ratis] (custom)
2019-09-26 15:13:27,103 [pool-27-thread-1] INFO  storage.RaftStorageDirectory (RaftStorageDirectory.java:analyzeStorage(246)) - The storage directory /workdir/hadoop-ozone/integration-test/target/test-dir/MiniOzoneClusterImpl-7e2f4b2f-6763-4a45-9ec4-264c2cef7c61/datanode-0/data/ratis/21cd3e61-db69-4241-8474-368eedbbc63a does not exist. Creating ...
2019-09-26 15:13:27,116 [pool-27-thread-1] INFO  storage.RaftStorageDirectory (RaftStorageDirectory.java:tryLock(328)) - Lock on /workdir/hadoop-ozone/integration-test/target/test-dir/MiniOzoneClusterImpl-7e2f4b2f-6763-4a45-9ec4-264c2cef7c61/datanode-0/data/ratis/21cd3e61-db69-4241-8474-368eedbbc63a/in_use.lock acquired by nodename 11803@pr-hdds-1569-g6sp5-2013761785
2019-09-26 15:13:27,118 [pool-27-thread-1] INFO  storage.RaftStorage (RaftStorage.java:format(72)) - Storage directory /workdir/hadoop-ozone/integration-test/target/test-dir/MiniOzoneClusterImpl-7e2f4b2f-6763-4a45-9ec4-264c2cef7c61/datanode-0/data/ratis/21cd3e61-db69-4241-8474-368eedbbc63a has been successfully formatted.
2019-09-26 15:13:27,118 [pool-27-thread-1] INFO  ratis.ContainerStateMachine (ContainerStateMachine.java:loadSnapshot(230)) - group-368EEDBBC63A: The snapshot info is null. Setting the last applied indexto:(t:0, i:~)
2019-09-26 15:13:27,118 [pool-27-thread-1] INFO  server.RaftServerConfigKeys (ConfUtils.java:logGet(43)) - raft.server.notification.no-leader.timeout = 120s (custom)
2019-09-26 15:13:27,118 [pool-27-thread-1] INFO  server.RaftServerConfigKeys (ConfUtils.java:logGet(43)) - raft.server.log.use.memory = false (default)
2019-09-26 15:13:27,119 [pool-27-thread-1] INFO  server.RaftServerConfigKeys (ConfUtils.java:logGet(43)) - raft.server.log.purge.gap = 1000000 (custom)
2019-09-26 15:13:27,119 [pool-27-thread-1] INFO  server.RaftServerConfigKeys (ConfUtils.java:logGet(43)) - raft.server.log.appender.buffer.byte-limit = 33554432 (custom)
2019-09-26 15:13:27,119 [pool-27-thread-1] INFO  server.RaftServerConfigKeys (ConfUtils.java:logGet(43)) - raft.server.log.segment.size.max = 1048576 (custom)
2019-09-26 15:13:27,119 [pool-27-thread-1] INFO  server.RaftServerConfigKeys (ConfUtils.java:logGet(43)) - raft.server.log.segment.cache.num.max = 2 (custom)
2019-09-26 15:13:27,119 [pool-27-thread-1] INFO  segmented.SegmentedRaftLogWorker (SegmentedRaftLogWorker.java:<init>(172)) - new b3e939fd-eb36-468b-9efe-5d0a1fdaa172@group-368EEDBBC63A-SegmentedRaftLogWorker for RaftStorage:Storage Directory /workdir/hadoop-ozone/integration-test/target/test-dir/MiniOzoneClusterImpl-7e2f4b2f-6763-4a45-9ec4-264c2cef7c61/datanode-0/data/ratis/21cd3e61-db69-4241-8474-368eedbbc63a
2019-09-26 15:13:27,119 [pool-27-thread-1] INFO  server.RaftServerConfigKeys (ConfUtils.java:logGet(43)) - raft.server.log.queue.byte-limit = 2147483647 (custom)
2019-09-26 15:13:27,119 [pool-27-thread-1] INFO  server.RaftServerConfigKeys (ConfUtils.java:logGet(43)) - raft.server.log.queue.element-limit = 1024 (custom)
2019-09-26 15:13:27,119 [pool-27-thread-1] INFO  server.RaftServerConfigKeys (ConfUtils.java:logGet(43)) - raft.server.log.segment.size.max = 1048576 (custom)
2019-09-26 15:13:27,119 [pool-27-thread-1] INFO  server.RaftServerConfigKeys (ConfUtils.java:logGet(43)) - raft.server.log.preallocated.size = 16384 (custom)
2019-09-26 15:13:27,119 [pool-27-thread-1] INFO  server.RaftServerConfigKeys (ConfUtils.java:logGet(43)) - raft.server.log.write.buffer.size = 33554432 (custom)
2019-09-26 15:13:27,119 [pool-27-thread-1] INFO  server.RaftServerConfigKeys (ConfUtils.java:logGet(43)) - raft.server.log.force.sync.num = 128 (default)
2019-09-26 15:13:27,119 [pool-27-thread-1] INFO  server.RaftServerConfigKeys (ConfUtils.java:logGet(43)) - raft.server.log.statemachine.data.sync = true (default)
2019-09-26 15:13:27,119 [pool-27-thread-1] INFO  server.RaftServerConfigKeys (ConfUtils.java:logGet(43)) - raft.server.log.statemachine.data.sync.timeout = 10s (default)
2019-09-26 15:13:27,120 [pool-27-thread-1] INFO  server.RaftServerConfigKeys (ConfUtils.java:logGet(43)) - raft.server.log.statemachine.data.sync.timeout.retry = -1 (default)
2019-09-26 15:13:27,120 [pool-27-thread-1] INFO  server.RaftServerConfigKeys (ConfUtils.java:logGet(43)) - raft.server.log.statemachine.data.caching.enabled = true (custom)
2019-09-26 15:13:27,120 [pool-27-thread-1] INFO  segmented.SegmentedRaftLogWorker (SegmentedRaftLogWorker.java:lambda$new$0(132)) - b3e939fd-eb36-468b-9efe-5d0a1fdaa172@group-368EEDBBC63A-SegmentedRaftLogWorker: flushIndex: setUnconditionally 0 -> -1
2019-09-26 15:13:27,120 [pool-27-thread-1] INFO  server.RaftServerConfigKeys (ConfUtils.java:logGet(43)) - raft.server.snapshot.auto.trigger.enabled = true (custom)
2019-09-26 15:13:27,120 [pool-27-thread-1] INFO  server.RaftServerConfigKeys (ConfUtils.java:logGet(43)) - raft.server.snapshot.auto.trigger.threshold = 10000 (custom)
2019-09-26 15:13:27,120 [pool-27-thread-1] INFO  server.RaftServerConfigKeys (ConfUtils.java:logGet(43)) - raft.server.snapshot.retention.num.files = 5 (custom)
2019-09-26 15:13:27,120 [pool-27-thread-1] INFO  server.RaftServerConfigKeys (ConfUtils.java:logGet(43)) - raft.server.retrycache.expirytime = 600000ms (custom)
2019-09-26 15:13:27,121 [pool-27-thread-1] INFO  impl.RaftServerImpl (RaftServerImpl.java:start(185)) - b3e939fd-eb36-468b-9efe-5d0a1fdaa172@group-368EEDBBC63A: start as a follower, conf=-1: [b3e939fd-eb36-468b-9efe-5d0a1fdaa172:192.168.151.99:45433], old=null
2019-09-26 15:13:27,121 [pool-27-thread-1] INFO  impl.RaftServerImpl (RaftServerImpl.java:setRole(174)) - b3e939fd-eb36-468b-9efe-5d0a1fdaa172@group-368EEDBBC63A: changes role from      null to FOLLOWER at term 0 for startAsFollower
2019-09-26 15:13:27,121 [pool-27-thread-1] INFO  impl.RoleInfo (RoleInfo.java:updateAndGet(143)) - b3e939fd-eb36-468b-9efe-5d0a1fdaa172: start FollowerState
2019-09-26 15:13:27,121 [pool-27-thread-1] INFO  util.JmxRegister (JmxRegister.java:tryRegister(44)) - Successfully registered JMX Bean with object name Ratis:service=RaftServer,group=group-368EEDBBC63A,id=b3e939fd-eb36-468b-9efe-5d0a1fdaa172
2019-09-26 15:13:27,124 [RatisPipelineUtilsThread] INFO  pipeline.PipelineStateManager (PipelineStateManager.java:addPipeline(56)) - Created pipeline Pipeline[ Id: 21cd3e61-db69-4241-8474-368eedbbc63a, Nodes: b3e939fd-eb36-468b-9efe-5d0a1fdaa172{ip: 192.168.151.99, host: pr-hdds-1569-g6sp5-2013761785, networkLocation: /default-rack, certSerialId: null}, Type:RATIS, Factor:ONE, State:OPEN]
2019-09-26 15:13:27,126 [grpc-default-executor-0] INFO  impl.RaftServerProxy (RaftServerProxy.java:addNew(89)) - b3e939fd-eb36-468b-9efe-5d0a1fdaa172: addNew group-62721CB6E9BE:[b3e939fd-eb36-468b-9efe-5d0a1fdaa172:192.168.151.99:45433] returns group-62721CB6E9BE:java.util.concurrent.CompletableFuture@5a33b07[Not completed]
2019-09-26 15:13:27,127 [pool-27-thread-1] INFO  impl.RaftServerImpl (RaftServerImpl.java:<init>(95)) - b3e939fd-eb36-468b-9efe-5d0a1fdaa172: new RaftServerImpl for group-62721CB6E9BE:[b3e939fd-eb36-468b-9efe-5d0a1fdaa172:192.168.151.99:45433] with ContainerStateMachine:uninitialized
2019-09-26 15:13:27,127 [pool-27-thread-1] INFO  server.RaftServerConfigKeys (ConfUtils.java:logGet(43)) - raft.server.rpc.timeout.min = 5s (custom)
2019-09-26 15:13:27,127 [pool-27-thread-1] INFO  server.RaftServerConfigKeys (ConfUtils.java:logGet(43)) - raft.server.rpc.timeout.max = 5200ms (custom)
2019-09-26 15:13:27,127 [pool-27-thread-1] INFO  server.RaftServerConfigKeys (ConfUtils.java:logGet(43)) - raft.server.rpcslowness.timeout = 120s (custom)
2019-09-26 15:13:27,127 [pool-27-thread-1] INFO  server.RaftServerConfigKeys (ConfUtils.java:logGet(43)) - raft.server.sleep.deviation.threshold = 300 (default)
2019-09-26 15:13:27,127 [pool-27-thread-1] INFO  server.RaftServerConfigKeys (ConfUtils.java:logGet(43)) - raft.server.log.appender.install.snapshot.enabled = false (custom)
2019-09-26 15:13:27,127 [pool-27-thread-1] INFO  impl.RaftServerImpl (ServerState.java:<init>(103)) - b3e939fd-eb36-468b-9efe-5d0a1fdaa172@group-62721CB6E9BE: ConfigurationManager, init=-1: [b3e939fd-eb36-468b-9efe-5d0a1fdaa172:192.168.151.99:45433], old=null, confs=<EMPTY_MAP>
2019-09-26 15:13:27,127 [pool-27-thread-1] INFO  server.RaftServerConfigKeys (ConfUtils.java:logGet(43)) - raft.server.storage.dir = [/workdir/hadoop-ozone/integration-test/target/test-dir/MiniOzoneClusterImpl-7e2f4b2f-6763-4a45-9ec4-264c2cef7c61/datanode-0/data/ratis] (custom)
2019-09-26 15:13:27,128 [pool-27-thread-1] INFO  storage.RaftStorageDirectory (RaftStorageDirectory.java:analyzeStorage(246)) - The storage directory /workdir/hadoop-ozone/integration-test/target/test-dir/MiniOzoneClusterImpl-7e2f4b2f-6763-4a45-9ec4-264c2cef7c61/datanode-0/data/ratis/da81c13e-d46d-4cde-82d1-62721cb6e9be does not exist. Creating ...
2019-09-26 15:13:27,140 [pool-27-thread-1] INFO  storage.RaftStorageDirectory (RaftStorageDirectory.java:tryLock(328)) - Lock on /workdir/hadoop-ozone/integration-test/target/test-dir/MiniOzoneClusterImpl-7e2f4b2f-6763-4a45-9ec4-264c2cef7c61/datanode-0/data/ratis/da81c13e-d46d-4cde-82d1-62721cb6e9be/in_use.lock acquired by nodename 11803@pr-hdds-1569-g6sp5-2013761785
2019-09-26 15:13:27,143 [pool-27-thread-1] INFO  storage.RaftStorage (RaftStorage.java:format(72)) - Storage directory /workdir/hadoop-ozone/integration-test/target/test-dir/MiniOzoneClusterImpl-7e2f4b2f-6763-4a45-9ec4-264c2cef7c61/datanode-0/data/ratis/da81c13e-d46d-4cde-82d1-62721cb6e9be has been successfully formatted.
2019-09-26 15:13:27,143 [pool-27-thread-1] INFO  ratis.ContainerStateMachine (ContainerStateMachine.java:loadSnapshot(230)) - group-62721CB6E9BE: The snapshot info is null. Setting the last applied indexto:(t:0, i:~)
2019-09-26 15:13:27,143 [pool-27-thread-1] INFO  server.RaftServerConfigKeys (ConfUtils.java:logGet(43)) - raft.server.notification.no-leader.timeout = 120s (custom)
2019-09-26 15:13:27,143 [pool-27-thread-1] INFO  server.RaftServerConfigKeys (ConfUtils.java:logGet(43)) - raft.server.log.use.memory = false (default)
2019-09-26 15:13:27,144 [pool-27-thread-1] INFO  server.RaftServerConfigKeys (ConfUtils.java:logGet(43)) - raft.server.log.purge.gap = 1000000 (custom)
2019-09-26 15:13:27,144 [pool-27-thread-1] INFO  server.RaftServerConfigKeys (ConfUtils.java:logGet(43)) - raft.server.log.appender.buffer.byte-limit = 33554432 (custom)
2019-09-26 15:13:27,144 [pool-27-thread-1] INFO  server.RaftServerConfigKeys (ConfUtils.java:logGet(43)) - raft.server.log.segment.size.max = 1048576 (custom)
2019-09-26 15:13:27,144 [pool-27-thread-1] INFO  server.RaftServerConfigKeys (ConfUtils.java:logGet(43)) - raft.server.log.segment.cache.num.max = 2 (custom)
2019-09-26 15:13:27,144 [pool-27-thread-1] INFO  segmented.SegmentedRaftLogWorker (SegmentedRaftLogWorker.java:<init>(172)) - new b3e939fd-eb36-468b-9efe-5d0a1fdaa172@group-62721CB6E9BE-SegmentedRaftLogWorker for RaftStorage:Storage Directory /workdir/hadoop-ozone/integration-test/target/test-dir/MiniOzoneClusterImpl-7e2f4b2f-6763-4a45-9ec4-264c2cef7c61/datanode-0/data/ratis/da81c13e-d46d-4cde-82d1-62721cb6e9be
2019-09-26 15:13:27,144 [pool-27-thread-1] INFO  server.RaftServerConfigKeys (ConfUtils.java:logGet(43)) - raft.server.log.queue.byte-limit = 2147483647 (custom)
2019-09-26 15:13:27,144 [pool-27-thread-1] INFO  server.RaftServerConfigKeys (ConfUtils.java:logGet(43)) - raft.server.log.queue.element-limit = 1024 (custom)
2019-09-26 15:13:27,144 [pool-27-thread-1] INFO  server.RaftServerConfigKeys (ConfUtils.java:logGet(43)) - raft.server.log.segment.size.max = 1048576 (custom)
2019-09-26 15:13:27,144 [pool-27-thread-1] INFO  server.RaftServerConfigKeys (ConfUtils.java:logGet(43)) - raft.server.log.preallocated.size = 16384 (custom)
2019-09-26 15:13:27,144 [pool-27-thread-1] INFO  server.RaftServerConfigKeys (ConfUtils.java:logGet(43)) - raft.server.log.write.buffer.size = 33554432 (custom)
2019-09-26 15:13:27,144 [pool-27-thread-1] INFO  server.RaftServerConfigKeys (ConfUtils.java:logGet(43)) - raft.server.log.force.sync.num = 128 (default)
2019-09-26 15:13:27,144 [pool-27-thread-1] INFO  server.RaftServerConfigKeys (ConfUtils.java:logGet(43)) - raft.server.log.statemachine.data.sync = true (default)
2019-09-26 15:13:27,144 [pool-27-thread-1] INFO  server.RaftServerConfigKeys (ConfUtils.java:logGet(43)) - raft.server.log.statemachine.data.sync.timeout = 10s (default)
2019-09-26 15:13:27,145 [pool-27-thread-1] INFO  server.RaftServerConfigKeys (ConfUtils.java:logGet(43)) - raft.server.log.statemachine.data.sync.timeout.retry = -1 (default)
2019-09-26 15:13:27,145 [pool-27-thread-1] INFO  server.RaftServerConfigKeys (ConfUtils.java:logGet(43)) - raft.server.log.statemachine.data.caching.enabled = true (custom)
2019-09-26 15:13:27,145 [pool-27-thread-1] INFO  segmented.SegmentedRaftLogWorker (SegmentedRaftLogWorker.java:lambda$new$0(132)) - b3e939fd-eb36-468b-9efe-5d0a1fdaa172@group-62721CB6E9BE-SegmentedRaftLogWorker: flushIndex: setUnconditionally 0 -> -1
2019-09-26 15:13:27,145 [pool-27-thread-1] INFO  server.RaftServerConfigKeys (ConfUtils.java:logGet(43)) - raft.server.snapshot.auto.trigger.enabled = true (custom)
2019-09-26 15:13:27,145 [pool-27-thread-1] INFO  server.RaftServerConfigKeys (ConfUtils.java:logGet(43)) - raft.server.snapshot.auto.trigger.threshold = 10000 (custom)
2019-09-26 15:13:27,145 [pool-27-thread-1] INFO  server.RaftServerConfigKeys (ConfUtils.java:logGet(43)) - raft.server.snapshot.retention.num.files = 5 (custom)
2019-09-26 15:13:27,145 [pool-27-thread-1] INFO  server.RaftServerConfigKeys (ConfUtils.java:logGet(43)) - raft.server.retrycache.expirytime = 600000ms (custom)
2019-09-26 15:13:27,146 [pool-27-thread-1] INFO  impl.RaftServerImpl (RaftServerImpl.java:start(185)) - b3e939fd-eb36-468b-9efe-5d0a1fdaa172@group-62721CB6E9BE: start as a follower, conf=-1: [b3e939fd-eb36-468b-9efe-5d0a1fdaa172:192.168.151.99:45433], old=null
2019-09-26 15:13:27,146 [pool-27-thread-1] INFO  impl.RaftServerImpl (RaftServerImpl.java:setRole(174)) - b3e939fd-eb36-468b-9efe-5d0a1fdaa172@group-62721CB6E9BE: changes role from      null to FOLLOWER at term 0 for startAsFollower
2019-09-26 15:13:27,146 [pool-27-thread-1] INFO  impl.RoleInfo (RoleInfo.java:updateAndGet(143)) - b3e939fd-eb36-468b-9efe-5d0a1fdaa172: start FollowerState
2019-09-26 15:13:27,146 [pool-27-thread-1] INFO  util.JmxRegister (JmxRegister.java:tryRegister(44)) - Successfully registered JMX Bean with object name Ratis:service=RaftServer,group=group-62721CB6E9BE,id=b3e939fd-eb36-468b-9efe-5d0a1fdaa172
2019-09-26 15:13:27,148 [RatisPipelineUtilsThread] INFO  pipeline.PipelineStateManager (PipelineStateManager.java:addPipeline(56)) - Created pipeline Pipeline[ Id: da81c13e-d46d-4cde-82d1-62721cb6e9be, Nodes: b3e939fd-eb36-468b-9efe-5d0a1fdaa172{ip: 192.168.151.99, host: pr-hdds-1569-g6sp5-2013761785, networkLocation: /default-rack, certSerialId: null}, Type:RATIS, Factor:ONE, State:OPEN]
2019-09-26 15:13:27,151 [grpc-default-executor-0] INFO  impl.RaftServerProxy (RaftServerProxy.java:addNew(89)) - b3e939fd-eb36-468b-9efe-5d0a1fdaa172: addNew group-9BC164364327:[b3e939fd-eb36-468b-9efe-5d0a1fdaa172:192.168.151.99:45433] returns group-9BC164364327:java.util.concurrent.CompletableFuture@427248ee[Not completed]
2019-09-26 15:13:27,151 [pool-27-thread-1] INFO  impl.RaftServerImpl (RaftServerImpl.java:<init>(95)) - b3e939fd-eb36-468b-9efe-5d0a1fdaa172: new RaftServerImpl for group-9BC164364327:[b3e939fd-eb36-468b-9efe-5d0a1fdaa172:192.168.151.99:45433] with ContainerStateMachine:uninitialized
2019-09-26 15:13:27,151 [pool-27-thread-1] INFO  server.RaftServerConfigKeys (ConfUtils.java:logGet(43)) - raft.server.rpc.timeout.min = 5s (custom)
2019-09-26 15:13:27,151 [pool-27-thread-1] INFO  server.RaftServerConfigKeys (ConfUtils.java:logGet(43)) - raft.server.rpc.timeout.max = 5200ms (custom)
2019-09-26 15:13:27,151 [pool-27-thread-1] INFO  server.RaftServerConfigKeys (ConfUtils.java:logGet(43)) - raft.server.rpcslowness.timeout = 120s (custom)
2019-09-26 15:13:27,151 [pool-27-thread-1] INFO  server.RaftServerConfigKeys (ConfUtils.java:logGet(43)) - raft.server.sleep.deviation.threshold = 300 (default)
2019-09-26 15:13:27,151 [pool-27-thread-1] INFO  server.RaftServerConfigKeys (ConfUtils.java:logGet(43)) - raft.server.log.appender.install.snapshot.enabled = false (custom)
2019-09-26 15:13:27,152 [pool-27-thread-1] INFO  impl.RaftServerImpl (ServerState.java:<init>(103)) - b3e939fd-eb36-468b-9efe-5d0a1fdaa172@group-9BC164364327: ConfigurationManager, init=-1: [b3e939fd-eb36-468b-9efe-5d0a1fdaa172:192.168.151.99:45433], old=null, confs=<EMPTY_MAP>
2019-09-26 15:13:27,152 [pool-27-thread-1] INFO  server.RaftServerConfigKeys (ConfUtils.java:logGet(43)) - raft.server.storage.dir = [/workdir/hadoop-ozone/integration-test/target/test-dir/MiniOzoneClusterImpl-7e2f4b2f-6763-4a45-9ec4-264c2cef7c61/datanode-0/data/ratis] (custom)
2019-09-26 15:13:27,152 [pool-27-thread-1] INFO  storage.RaftStorageDirectory (RaftStorageDirectory.java:analyzeStorage(246)) - The storage directory /workdir/hadoop-ozone/integration-test/target/test-dir/MiniOzoneClusterImpl-7e2f4b2f-6763-4a45-9ec4-264c2cef7c61/datanode-0/data/ratis/b6eac067-8a0d-4dae-978d-9bc164364327 does not exist. Creating ...
2019-09-26 15:13:27,165 [pool-27-thread-1] INFO  storage.RaftStorageDirectory (RaftStorageDirectory.java:tryLock(328)) - Lock on /workdir/hadoop-ozone/integration-test/target/test-dir/MiniOzoneClusterImpl-7e2f4b2f-6763-4a45-9ec4-264c2cef7c61/datanode-0/data/ratis/b6eac067-8a0d-4dae-978d-9bc164364327/in_use.lock acquired by nodename 11803@pr-hdds-1569-g6sp5-2013761785
2019-09-26 15:13:27,178 [pool-27-thread-1] INFO  storage.RaftStorage (RaftStorage.java:format(72)) - Storage directory /workdir/hadoop-ozone/integration-test/target/test-dir/MiniOzoneClusterImpl-7e2f4b2f-6763-4a45-9ec4-264c2cef7c61/datanode-0/data/ratis/b6eac067-8a0d-4dae-978d-9bc164364327 has been successfully formatted.
2019-09-26 15:13:27,178 [pool-27-thread-1] INFO  ratis.ContainerStateMachine (ContainerStateMachine.java:loadSnapshot(230)) - group-9BC164364327: The snapshot info is null. Setting the last applied indexto:(t:0, i:~)
2019-09-26 15:13:27,178 [pool-27-thread-1] INFO  server.RaftServerConfigKeys (ConfUtils.java:logGet(43)) - raft.server.notification.no-leader.timeout = 120s (custom)
2019-09-26 15:13:27,178 [pool-27-thread-1] INFO  server.RaftServerConfigKeys (ConfUtils.java:logGet(43)) - raft.server.log.use.memory = false (default)
2019-09-26 15:13:27,178 [pool-27-thread-1] INFO  server.RaftServerConfigKeys (ConfUtils.java:logGet(43)) - raft.server.log.purge.gap = 1000000 (custom)
2019-09-26 15:13:27,178 [pool-27-thread-1] INFO  server.RaftServerConfigKeys (ConfUtils.java:logGet(43)) - raft.server.log.appender.buffer.byte-limit = 33554432 (custom)
2019-09-26 15:13:27,179 [pool-27-thread-1] INFO  server.RaftServerConfigKeys (ConfUtils.java:logGet(43)) - raft.server.log.segment.size.max = 1048576 (custom)
2019-09-26 15:13:27,179 [pool-27-thread-1] INFO  server.RaftServerConfigKeys (ConfUtils.java:logGet(43)) - raft.server.log.segment.cache.num.max = 2 (custom)
2019-09-26 15:13:27,179 [pool-27-thread-1] INFO  segmented.SegmentedRaftLogWorker (SegmentedRaftLogWorker.java:<init>(172)) - new b3e939fd-eb36-468b-9efe-5d0a1fdaa172@group-9BC164364327-SegmentedRaftLogWorker for RaftStorage:Storage Directory /workdir/hadoop-ozone/integration-test/target/test-dir/MiniOzoneClusterImpl-7e2f4b2f-6763-4a45-9ec4-264c2cef7c61/datanode-0/data/ratis/b6eac067-8a0d-4dae-978d-9bc164364327
2019-09-26 15:13:27,179 [pool-27-thread-1] INFO  server.RaftServerConfigKeys (ConfUtils.java:logGet(43)) - raft.server.log.queue.byte-limit = 2147483647 (custom)
2019-09-26 15:13:27,179 [pool-27-thread-1] INFO  server.RaftServerConfigKeys (ConfUtils.java:logGet(43)) - raft.server.log.queue.element-limit = 1024 (custom)
2019-09-26 15:13:27,179 [pool-27-thread-1] INFO  server.RaftServerConfigKeys (ConfUtils.java:logGet(43)) - raft.server.log.segment.size.max = 1048576 (custom)
2019-09-26 15:13:27,179 [pool-27-thread-1] INFO  server.RaftServerConfigKeys (ConfUtils.java:logGet(43)) - raft.server.log.preallocated.size = 16384 (custom)
2019-09-26 15:13:27,179 [pool-27-thread-1] INFO  server.RaftServerConfigKeys (ConfUtils.java:logGet(43)) - raft.server.log.write.buffer.size = 33554432 (custom)
2019-09-26 15:13:27,179 [pool-27-thread-1] INFO  server.RaftServerConfigKeys (ConfUtils.java:logGet(43)) - raft.server.log.force.sync.num = 128 (default)
2019-09-26 15:13:27,179 [pool-27-thread-1] INFO  server.RaftServerConfigKeys (ConfUtils.java:logGet(43)) - raft.server.log.statemachine.data.sync = true (default)
2019-09-26 15:13:27,179 [pool-27-thread-1] INFO  server.RaftServerConfigKeys (ConfUtils.java:logGet(43)) - raft.server.log.statemachine.data.sync.timeout = 10s (default)
2019-09-26 15:13:27,179 [pool-27-thread-1] INFO  server.RaftServerConfigKeys (ConfUtils.java:logGet(43)) - raft.server.log.statemachine.data.sync.timeout.retry = -1 (default)
2019-09-26 15:13:27,180 [pool-27-thread-1] INFO  server.RaftServerConfigKeys (ConfUtils.java:logGet(43)) - raft.server.log.statemachine.data.caching.enabled = true (custom)
2019-09-26 15:13:27,180 [pool-27-thread-1] INFO  segmented.SegmentedRaftLogWorker (SegmentedRaftLogWorker.java:lambda$new$0(132)) - b3e939fd-eb36-468b-9efe-5d0a1fdaa172@group-9BC164364327-SegmentedRaftLogWorker: flushIndex: setUnconditionally 0 -> -1
2019-09-26 15:13:27,180 [pool-27-thread-1] INFO  server.RaftServerConfigKeys (ConfUtils.java:logGet(43)) - raft.server.snapshot.auto.trigger.enabled = true (custom)
2019-09-26 15:13:27,180 [pool-27-thread-1] INFO  server.RaftServerConfigKeys (ConfUtils.java:logGet(43)) - raft.server.snapshot.auto.trigger.threshold = 10000 (custom)
2019-09-26 15:13:27,180 [pool-27-thread-1] INFO  server.RaftServerConfigKeys (ConfUtils.java:logGet(43)) - raft.server.snapshot.retention.num.files = 5 (custom)
2019-09-26 15:13:27,180 [pool-27-thread-1] INFO  server.RaftServerConfigKeys (ConfUtils.java:logGet(43)) - raft.server.retrycache.expirytime = 600000ms (custom)
2019-09-26 15:13:27,181 [pool-27-thread-1] INFO  impl.RaftServerImpl (RaftServerImpl.java:start(185)) - b3e939fd-eb36-468b-9efe-5d0a1fdaa172@group-9BC164364327: start as a follower, conf=-1: [b3e939fd-eb36-468b-9efe-5d0a1fdaa172:192.168.151.99:45433], old=null
2019-09-26 15:13:27,181 [pool-27-thread-1] INFO  impl.RaftServerImpl (RaftServerImpl.java:setRole(174)) - b3e939fd-eb36-468b-9efe-5d0a1fdaa172@group-9BC164364327: changes role from      null to FOLLOWER at term 0 for startAsFollower
2019-09-26 15:13:27,181 [pool-27-thread-1] INFO  impl.RoleInfo (RoleInfo.java:updateAndGet(143)) - b3e939fd-eb36-468b-9efe-5d0a1fdaa172: start FollowerState
2019-09-26 15:13:27,182 [pool-27-thread-1] INFO  util.JmxRegister (JmxRegister.java:tryRegister(44)) - Successfully registered JMX Bean with object name Ratis:service=RaftServer,group=group-9BC164364327,id=b3e939fd-eb36-468b-9efe-5d0a1fdaa172
2019-09-26 15:13:27,184 [RatisPipelineUtilsThread] INFO  pipeline.PipelineStateManager (PipelineStateManager.java:addPipeline(56)) - Created pipeline Pipeline[ Id: b6eac067-8a0d-4dae-978d-9bc164364327, Nodes: b3e939fd-eb36-468b-9efe-5d0a1fdaa172{ip: 192.168.151.99, host: pr-hdds-1569-g6sp5-2013761785, networkLocation: /default-rack, certSerialId: null}, Type:RATIS, Factor:ONE, State:OPEN]
2019-09-26 15:13:27,187 [grpc-default-executor-0] INFO  impl.RaftServerProxy (RaftServerProxy.java:addNew(89)) - b3e939fd-eb36-468b-9efe-5d0a1fdaa172: addNew group-CF8139000EF1:[b3e939fd-eb36-468b-9efe-5d0a1fdaa172:192.168.151.99:45433] returns group-CF8139000EF1:java.util.concurrent.CompletableFuture@7e0528ba[Not completed]
2019-09-26 15:13:27,187 [pool-27-thread-1] INFO  impl.RaftServerImpl (RaftServerImpl.java:<init>(95)) - b3e939fd-eb36-468b-9efe-5d0a1fdaa172: new RaftServerImpl for group-CF8139000EF1:[b3e939fd-eb36-468b-9efe-5d0a1fdaa172:192.168.151.99:45433] with ContainerStateMachine:uninitialized
2019-09-26 15:13:27,187 [pool-27-thread-1] INFO  server.RaftServerConfigKeys (ConfUtils.java:logGet(43)) - raft.server.rpc.timeout.min = 5s (custom)
2019-09-26 15:13:27,187 [pool-27-thread-1] INFO  server.RaftServerConfigKeys (ConfUtils.java:logGet(43)) - raft.server.rpc.timeout.max = 5200ms (custom)
2019-09-26 15:13:27,187 [pool-27-thread-1] INFO  server.RaftServerConfigKeys (ConfUtils.java:logGet(43)) - raft.server.rpcslowness.timeout = 120s (custom)
2019-09-26 15:13:27,187 [pool-27-thread-1] INFO  server.RaftServerConfigKeys (ConfUtils.java:logGet(43)) - raft.server.sleep.deviation.threshold = 300 (default)
2019-09-26 15:13:27,187 [pool-27-thread-1] INFO  server.RaftServerConfigKeys (ConfUtils.java:logGet(43)) - raft.server.log.appender.install.snapshot.enabled = false (custom)
2019-09-26 15:13:27,188 [pool-27-thread-1] INFO  impl.RaftServerImpl (ServerState.java:<init>(103)) - b3e939fd-eb36-468b-9efe-5d0a1fdaa172@group-CF8139000EF1: ConfigurationManager, init=-1: [b3e939fd-eb36-468b-9efe-5d0a1fdaa172:192.168.151.99:45433], old=null, confs=<EMPTY_MAP>
2019-09-26 15:13:27,188 [pool-27-thread-1] INFO  server.RaftServerConfigKeys (ConfUtils.java:logGet(43)) - raft.server.storage.dir = [/workdir/hadoop-ozone/integration-test/target/test-dir/MiniOzoneClusterImpl-7e2f4b2f-6763-4a45-9ec4-264c2cef7c61/datanode-0/data/ratis] (custom)
2019-09-26 15:13:27,188 [pool-27-thread-1] INFO  storage.RaftStorageDirectory (RaftStorageDirectory.java:analyzeStorage(246)) - The storage directory /workdir/hadoop-ozone/integration-test/target/test-dir/MiniOzoneClusterImpl-7e2f4b2f-6763-4a45-9ec4-264c2cef7c61/datanode-0/data/ratis/7f5e36bf-c4de-4d63-bcd4-cf8139000ef1 does not exist. Creating ...
2019-09-26 15:13:27,200 [pool-27-thread-1] INFO  storage.RaftStorageDirectory (RaftStorageDirectory.java:tryLock(328)) - Lock on /workdir/hadoop-ozone/integration-test/target/test-dir/MiniOzoneClusterImpl-7e2f4b2f-6763-4a45-9ec4-264c2cef7c61/datanode-0/data/ratis/7f5e36bf-c4de-4d63-bcd4-cf8139000ef1/in_use.lock acquired by nodename 11803@pr-hdds-1569-g6sp5-2013761785
2019-09-26 15:13:27,213 [pool-27-thread-1] INFO  storage.RaftStorage (RaftStorage.java:format(72)) - Storage directory /workdir/hadoop-ozone/integration-test/target/test-dir/MiniOzoneClusterImpl-7e2f4b2f-6763-4a45-9ec4-264c2cef7c61/datanode-0/data/ratis/7f5e36bf-c4de-4d63-bcd4-cf8139000ef1 has been successfully formatted.
2019-09-26 15:13:27,213 [pool-27-thread-1] INFO  ratis.ContainerStateMachine (ContainerStateMachine.java:loadSnapshot(230)) - group-CF8139000EF1: The snapshot info is null. Setting the last applied indexto:(t:0, i:~)
2019-09-26 15:13:27,213 [pool-27-thread-1] INFO  server.RaftServerConfigKeys (ConfUtils.java:logGet(43)) - raft.server.notification.no-leader.timeout = 120s (custom)
2019-09-26 15:13:27,213 [pool-27-thread-1] INFO  server.RaftServerConfigKeys (ConfUtils.java:logGet(43)) - raft.server.log.use.memory = false (default)
2019-09-26 15:13:27,213 [pool-27-thread-1] INFO  server.RaftServerConfigKeys (ConfUtils.java:logGet(43)) - raft.server.log.purge.gap = 1000000 (custom)
2019-09-26 15:13:27,213 [pool-27-thread-1] INFO  server.RaftServerConfigKeys (ConfUtils.java:logGet(43)) - raft.server.log.appender.buffer.byte-limit = 33554432 (custom)
2019-09-26 15:13:27,213 [pool-27-thread-1] INFO  server.RaftServerConfigKeys (ConfUtils.java:logGet(43)) - raft.server.log.segment.size.max = 1048576 (custom)
2019-09-26 15:13:27,214 [pool-27-thread-1] INFO  server.RaftServerConfigKeys (ConfUtils.java:logGet(43)) - raft.server.log.segment.cache.num.max = 2 (custom)
2019-09-26 15:13:27,214 [pool-27-thread-1] INFO  segmented.SegmentedRaftLogWorker (SegmentedRaftLogWorker.java:<init>(172)) - new b3e939fd-eb36-468b-9efe-5d0a1fdaa172@group-CF8139000EF1-SegmentedRaftLogWorker for RaftStorage:Storage Directory /workdir/hadoop-ozone/integration-test/target/test-dir/MiniOzoneClusterImpl-7e2f4b2f-6763-4a45-9ec4-264c2cef7c61/datanode-0/data/ratis/7f5e36bf-c4de-4d63-bcd4-cf8139000ef1
2019-09-26 15:13:27,214 [pool-27-thread-1] INFO  server.RaftServerConfigKeys (ConfUtils.java:logGet(43)) - raft.server.log.queue.byte-limit = 2147483647 (custom)
2019-09-26 15:13:27,214 [pool-27-thread-1] INFO  server.RaftServerConfigKeys (ConfUtils.java:logGet(43)) - raft.server.log.queue.element-limit = 1024 (custom)
2019-09-26 15:13:27,214 [pool-27-thread-1] INFO  server.RaftServerConfigKeys (ConfUtils.java:logGet(43)) - raft.server.log.segment.size.max = 1048576 (custom)
2019-09-26 15:13:27,214 [pool-27-thread-1] INFO  server.RaftServerConfigKeys (ConfUtils.java:logGet(43)) - raft.server.log.preallocated.size = 16384 (custom)
2019-09-26 15:13:27,214 [pool-27-thread-1] INFO  server.RaftServerConfigKeys (ConfUtils.java:logGet(43)) - raft.server.log.write.buffer.size = 33554432 (custom)
2019-09-26 15:13:27,214 [pool-27-thread-1] INFO  server.RaftServerConfigKeys (ConfUtils.java:logGet(43)) - raft.server.log.force.sync.num = 128 (default)
2019-09-26 15:13:27,214 [pool-27-thread-1] INFO  server.RaftServerConfigKeys (ConfUtils.java:logGet(43)) - raft.server.log.statemachine.data.sync = true (default)
2019-09-26 15:13:27,214 [pool-27-thread-1] INFO  server.RaftServerConfigKeys (ConfUtils.java:logGet(43)) - raft.server.log.statemachine.data.sync.timeout = 10s (default)
2019-09-26 15:13:27,214 [pool-27-thread-1] INFO  server.RaftServerConfigKeys (ConfUtils.java:logGet(43)) - raft.server.log.statemachine.data.sync.timeout.retry = -1 (default)
2019-09-26 15:13:27,214 [pool-27-thread-1] INFO  server.RaftServerConfigKeys (ConfUtils.java:logGet(43)) - raft.server.log.statemachine.data.caching.enabled = true (custom)
2019-09-26 15:13:27,215 [pool-27-thread-1] INFO  segmented.SegmentedRaftLogWorker (SegmentedRaftLogWorker.java:lambda$new$0(132)) - b3e939fd-eb36-468b-9efe-5d0a1fdaa172@group-CF8139000EF1-SegmentedRaftLogWorker: flushIndex: setUnconditionally 0 -> -1
2019-09-26 15:13:27,215 [pool-27-thread-1] INFO  server.RaftServerConfigKeys (ConfUtils.java:logGet(43)) - raft.server.snapshot.auto.trigger.enabled = true (custom)
2019-09-26 15:13:27,215 [pool-27-thread-1] INFO  server.RaftServerConfigKeys (ConfUtils.java:logGet(43)) - raft.server.snapshot.auto.trigger.threshold = 10000 (custom)
2019-09-26 15:13:27,215 [pool-27-thread-1] INFO  server.RaftServerConfigKeys (ConfUtils.java:logGet(43)) - raft.server.snapshot.retention.num.files = 5 (custom)
2019-09-26 15:13:27,215 [pool-27-thread-1] INFO  server.RaftServerConfigKeys (ConfUtils.java:logGet(43)) - raft.server.retrycache.expirytime = 600000ms (custom)
2019-09-26 15:13:27,216 [pool-27-thread-1] INFO  impl.RaftServerImpl (RaftServerImpl.java:start(185)) - b3e939fd-eb36-468b-9efe-5d0a1fdaa172@group-CF8139000EF1: start as a follower, conf=-1: [b3e939fd-eb36-468b-9efe-5d0a1fdaa172:192.168.151.99:45433], old=null
2019-09-26 15:13:27,216 [pool-27-thread-1] INFO  impl.RaftServerImpl (RaftServerImpl.java:setRole(174)) - b3e939fd-eb36-468b-9efe-5d0a1fdaa172@group-CF8139000EF1: changes role from      null to FOLLOWER at term 0 for startAsFollower
2019-09-26 15:13:27,216 [pool-27-thread-1] INFO  impl.RoleInfo (RoleInfo.java:updateAndGet(143)) - b3e939fd-eb36-468b-9efe-5d0a1fdaa172: start FollowerState
2019-09-26 15:13:27,216 [pool-27-thread-1] INFO  util.JmxRegister (JmxRegister.java:tryRegister(44)) - Successfully registered JMX Bean with object name Ratis:service=RaftServer,group=group-CF8139000EF1,id=b3e939fd-eb36-468b-9efe-5d0a1fdaa172
2019-09-26 15:13:27,218 [RatisPipelineUtilsThread] INFO  pipeline.PipelineStateManager (PipelineStateManager.java:addPipeline(56)) - Created pipeline Pipeline[ Id: 7f5e36bf-c4de-4d63-bcd4-cf8139000ef1, Nodes: b3e939fd-eb36-468b-9efe-5d0a1fdaa172{ip: 192.168.151.99, host: pr-hdds-1569-g6sp5-2013761785, networkLocation: /default-rack, certSerialId: null}, Type:RATIS, Factor:ONE, State:OPEN]
2019-09-26 15:13:27,222 [grpc-default-executor-0] INFO  impl.RaftServerProxy (RaftServerProxy.java:addNew(89)) - b3e939fd-eb36-468b-9efe-5d0a1fdaa172: addNew group-9F3011231373:[b3e939fd-eb36-468b-9efe-5d0a1fdaa172:192.168.151.99:45433] returns group-9F3011231373:java.util.concurrent.CompletableFuture@2ae0f00[Not completed]
2019-09-26 15:13:27,222 [pool-27-thread-1] INFO  impl.RaftServerImpl (RaftServerImpl.java:<init>(95)) - b3e939fd-eb36-468b-9efe-5d0a1fdaa172: new RaftServerImpl for group-9F3011231373:[b3e939fd-eb36-468b-9efe-5d0a1fdaa172:192.168.151.99:45433] with ContainerStateMachine:uninitialized
2019-09-26 15:13:27,222 [pool-27-thread-1] INFO  server.RaftServerConfigKeys (ConfUtils.java:logGet(43)) - raft.server.rpc.timeout.min = 5s (custom)
2019-09-26 15:13:27,223 [pool-27-thread-1] INFO  server.RaftServerConfigKeys (ConfUtils.java:logGet(43)) - raft.server.rpc.timeout.max = 5200ms (custom)
2019-09-26 15:13:27,223 [pool-27-thread-1] INFO  server.RaftServerConfigKeys (ConfUtils.java:logGet(43)) - raft.server.rpcslowness.timeout = 120s (custom)
2019-09-26 15:13:27,223 [pool-27-thread-1] INFO  server.RaftServerConfigKeys (ConfUtils.java:logGet(43)) - raft.server.sleep.deviation.threshold = 300 (default)
2019-09-26 15:13:27,223 [pool-27-thread-1] INFO  server.RaftServerConfigKeys (ConfUtils.java:logGet(43)) - raft.server.log.appender.install.snapshot.enabled = false (custom)
2019-09-26 15:13:27,223 [pool-27-thread-1] INFO  impl.RaftServerImpl (ServerState.java:<init>(103)) - b3e939fd-eb36-468b-9efe-5d0a1fdaa172@group-9F3011231373: ConfigurationManager, init=-1: [b3e939fd-eb36-468b-9efe-5d0a1fdaa172:192.168.151.99:45433], old=null, confs=<EMPTY_MAP>
2019-09-26 15:13:27,223 [pool-27-thread-1] INFO  server.RaftServerConfigKeys (ConfUtils.java:logGet(43)) - raft.server.storage.dir = [/workdir/hadoop-ozone/integration-test/target/test-dir/MiniOzoneClusterImpl-7e2f4b2f-6763-4a45-9ec4-264c2cef7c61/datanode-0/data/ratis] (custom)
2019-09-26 15:13:27,224 [pool-27-thread-1] INFO  storage.RaftStorageDirectory (RaftStorageDirectory.java:analyzeStorage(246)) - The storage directory /workdir/hadoop-ozone/integration-test/target/test-dir/MiniOzoneClusterImpl-7e2f4b2f-6763-4a45-9ec4-264c2cef7c61/datanode-0/data/ratis/0b44b7ce-734e-4896-b90f-9f3011231373 does not exist. Creating ...
2019-09-26 15:13:27,236 [pool-27-thread-1] INFO  storage.RaftStorageDirectory (RaftStorageDirectory.java:tryLock(328)) - Lock on /workdir/hadoop-ozone/integration-test/target/test-dir/MiniOzoneClusterImpl-7e2f4b2f-6763-4a45-9ec4-264c2cef7c61/datanode-0/data/ratis/0b44b7ce-734e-4896-b90f-9f3011231373/in_use.lock acquired by nodename 11803@pr-hdds-1569-g6sp5-2013761785
2019-09-26 15:13:27,248 [pool-27-thread-1] INFO  storage.RaftStorage (RaftStorage.java:format(72)) - Storage directory /workdir/hadoop-ozone/integration-test/target/test-dir/MiniOzoneClusterImpl-7e2f4b2f-6763-4a45-9ec4-264c2cef7c61/datanode-0/data/ratis/0b44b7ce-734e-4896-b90f-9f3011231373 has been successfully formatted.
2019-09-26 15:13:27,248 [pool-27-thread-1] INFO  ratis.ContainerStateMachine (ContainerStateMachine.java:loadSnapshot(230)) - group-9F3011231373: The snapshot info is null. Setting the last applied indexto:(t:0, i:~)
2019-09-26 15:13:27,249 [pool-27-thread-1] INFO  server.RaftServerConfigKeys (ConfUtils.java:logGet(43)) - raft.server.notification.no-leader.timeout = 120s (custom)
2019-09-26 15:13:27,249 [pool-27-thread-1] INFO  server.RaftServerConfigKeys (ConfUtils.java:logGet(43)) - raft.server.log.use.memory = false (default)
2019-09-26 15:13:27,249 [pool-27-thread-1] INFO  server.RaftServerConfigKeys (ConfUtils.java:logGet(43)) - raft.server.log.purge.gap = 1000000 (custom)
2019-09-26 15:13:27,249 [pool-27-thread-1] INFO  server.RaftServerConfigKeys (ConfUtils.java:logGet(43)) - raft.server.log.appender.buffer.byte-limit = 33554432 (custom)
2019-09-26 15:13:27,249 [pool-27-thread-1] INFO  server.RaftServerConfigKeys (ConfUtils.java:logGet(43)) - raft.server.log.segment.size.max = 1048576 (custom)
2019-09-26 15:13:27,249 [pool-27-thread-1] INFO  server.RaftServerConfigKeys (ConfUtils.java:logGet(43)) - raft.server.log.segment.cache.num.max = 2 (custom)
2019-09-26 15:13:27,249 [pool-27-thread-1] INFO  segmented.SegmentedRaftLogWorker (SegmentedRaftLogWorker.java:<init>(172)) - new b3e939fd-eb36-468b-9efe-5d0a1fdaa172@group-9F3011231373-SegmentedRaftLogWorker for RaftStorage:Storage Directory /workdir/hadoop-ozone/integration-test/target/test-dir/MiniOzoneClusterImpl-7e2f4b2f-6763-4a45-9ec4-264c2cef7c61/datanode-0/data/ratis/0b44b7ce-734e-4896-b90f-9f3011231373
2019-09-26 15:13:27,249 [pool-27-thread-1] INFO  server.RaftServerConfigKeys (ConfUtils.java:logGet(43)) - raft.server.log.queue.byte-limit = 2147483647 (custom)
2019-09-26 15:13:27,249 [pool-27-thread-1] INFO  server.RaftServerConfigKeys (ConfUtils.java:logGet(43)) - raft.server.log.queue.element-limit = 1024 (custom)
2019-09-26 15:13:27,250 [pool-27-thread-1] INFO  server.RaftServerConfigKeys (ConfUtils.java:logGet(43)) - raft.server.log.segment.size.max = 1048576 (custom)
2019-09-26 15:13:27,250 [pool-27-thread-1] INFO  server.RaftServerConfigKeys (ConfUtils.java:logGet(43)) - raft.server.log.preallocated.size = 16384 (custom)
2019-09-26 15:13:27,250 [pool-27-thread-1] INFO  server.RaftServerConfigKeys (ConfUtils.java:logGet(43)) - raft.server.log.write.buffer.size = 33554432 (custom)
2019-09-26 15:13:27,250 [pool-27-thread-1] INFO  server.RaftServerConfigKeys (ConfUtils.java:logGet(43)) - raft.server.log.force.sync.num = 128 (default)
2019-09-26 15:13:27,250 [pool-27-thread-1] INFO  server.RaftServerConfigKeys (ConfUtils.java:logGet(43)) - raft.server.log.statemachine.data.sync = true (default)
2019-09-26 15:13:27,250 [pool-27-thread-1] INFO  server.RaftServerConfigKeys (ConfUtils.java:logGet(43)) - raft.server.log.statemachine.data.sync.timeout = 10s (default)
2019-09-26 15:13:27,250 [pool-27-thread-1] INFO  server.RaftServerConfigKeys (ConfUtils.java:logGet(43)) - raft.server.log.statemachine.data.sync.timeout.retry = -1 (default)
2019-09-26 15:13:27,250 [pool-27-thread-1] INFO  server.RaftServerConfigKeys (ConfUtils.java:logGet(43)) - raft.server.log.statemachine.data.caching.enabled = true (custom)
2019-09-26 15:13:27,251 [pool-27-thread-1] INFO  segmented.SegmentedRaftLogWorker (SegmentedRaftLogWorker.java:lambda$new$0(132)) - b3e939fd-eb36-468b-9efe-5d0a1fdaa172@group-9F3011231373-SegmentedRaftLogWorker: flushIndex: setUnconditionally 0 -> -1
2019-09-26 15:13:27,251 [pool-27-thread-1] INFO  server.RaftServerConfigKeys (ConfUtils.java:logGet(43)) - raft.server.snapshot.auto.trigger.enabled = true (custom)
2019-09-26 15:13:27,251 [pool-27-thread-1] INFO  server.RaftServerConfigKeys (ConfUtils.java:logGet(43)) - raft.server.snapshot.auto.trigger.threshold = 10000 (custom)
2019-09-26 15:13:27,251 [pool-27-thread-1] INFO  server.RaftServerConfigKeys (ConfUtils.java:logGet(43)) - raft.server.snapshot.retention.num.files = 5 (custom)
2019-09-26 15:13:27,251 [pool-27-thread-1] INFO  server.RaftServerConfigKeys (ConfUtils.java:logGet(43)) - raft.server.retrycache.expirytime = 600000ms (custom)
2019-09-26 15:13:27,253 [pool-27-thread-1] INFO  impl.RaftServerImpl (RaftServerImpl.java:start(185)) - b3e939fd-eb36-468b-9efe-5d0a1fdaa172@group-9F3011231373: start as a follower, conf=-1: [b3e939fd-eb36-468b-9efe-5d0a1fdaa172:192.168.151.99:45433], old=null
2019-09-26 15:13:27,253 [pool-27-thread-1] INFO  impl.RaftServerImpl (RaftServerImpl.java:setRole(174)) - b3e939fd-eb36-468b-9efe-5d0a1fdaa172@group-9F3011231373: changes role from      null to FOLLOWER at term 0 for startAsFollower
2019-09-26 15:13:27,253 [pool-27-thread-1] INFO  impl.RoleInfo (RoleInfo.java:updateAndGet(143)) - b3e939fd-eb36-468b-9efe-5d0a1fdaa172: start FollowerState
2019-09-26 15:13:27,253 [pool-27-thread-1] INFO  util.JmxRegister (JmxRegister.java:tryRegister(44)) - Successfully registered JMX Bean with object name Ratis:service=RaftServer,group=group-9F3011231373,id=b3e939fd-eb36-468b-9efe-5d0a1fdaa172
2019-09-26 15:13:27,255 [RatisPipelineUtilsThread] INFO  pipeline.PipelineStateManager (PipelineStateManager.java:addPipeline(56)) - Created pipeline Pipeline[ Id: 0b44b7ce-734e-4896-b90f-9f3011231373, Nodes: b3e939fd-eb36-468b-9efe-5d0a1fdaa172{ip: 192.168.151.99, host: pr-hdds-1569-g6sp5-2013761785, networkLocation: /default-rack, certSerialId: null}, Type:RATIS, Factor:ONE, State:OPEN]
2019-09-26 15:13:27,258 [grpc-default-executor-0] INFO  impl.RaftServerProxy (RaftServerProxy.java:addNew(89)) - b3e939fd-eb36-468b-9efe-5d0a1fdaa172: addNew group-D829294084A7:[b3e939fd-eb36-468b-9efe-5d0a1fdaa172:192.168.151.99:45433] returns group-D829294084A7:java.util.concurrent.CompletableFuture@25cc70f2[Not completed]
2019-09-26 15:13:27,259 [pool-27-thread-1] INFO  impl.RaftServerImpl (RaftServerImpl.java:<init>(95)) - b3e939fd-eb36-468b-9efe-5d0a1fdaa172: new RaftServerImpl for group-D829294084A7:[b3e939fd-eb36-468b-9efe-5d0a1fdaa172:192.168.151.99:45433] with ContainerStateMachine:uninitialized
2019-09-26 15:13:27,259 [pool-27-thread-1] INFO  server.RaftServerConfigKeys (ConfUtils.java:logGet(43)) - raft.server.rpc.timeout.min = 5s (custom)
2019-09-26 15:13:27,260 [pool-27-thread-1] INFO  server.RaftServerConfigKeys (ConfUtils.java:logGet(43)) - raft.server.rpc.timeout.max = 5200ms (custom)
2019-09-26 15:13:27,260 [pool-27-thread-1] INFO  server.RaftServerConfigKeys (ConfUtils.java:logGet(43)) - raft.server.rpcslowness.timeout = 120s (custom)
2019-09-26 15:13:27,260 [pool-27-thread-1] INFO  server.RaftServerConfigKeys (ConfUtils.java:logGet(43)) - raft.server.sleep.deviation.threshold = 300 (default)
2019-09-26 15:13:27,260 [pool-27-thread-1] INFO  server.RaftServerConfigKeys (ConfUtils.java:logGet(43)) - raft.server.log.appender.install.snapshot.enabled = false (custom)
2019-09-26 15:13:27,260 [pool-27-thread-1] INFO  impl.RaftServerImpl (ServerState.java:<init>(103)) - b3e939fd-eb36-468b-9efe-5d0a1fdaa172@group-D829294084A7: ConfigurationManager, init=-1: [b3e939fd-eb36-468b-9efe-5d0a1fdaa172:192.168.151.99:45433], old=null, confs=<EMPTY_MAP>
2019-09-26 15:13:27,260 [pool-27-thread-1] INFO  server.RaftServerConfigKeys (ConfUtils.java:logGet(43)) - raft.server.storage.dir = [/workdir/hadoop-ozone/integration-test/target/test-dir/MiniOzoneClusterImpl-7e2f4b2f-6763-4a45-9ec4-264c2cef7c61/datanode-0/data/ratis] (custom)
2019-09-26 15:13:27,261 [pool-27-thread-1] INFO  storage.RaftStorageDirectory (RaftStorageDirectory.java:analyzeStorage(246)) - The storage directory /workdir/hadoop-ozone/integration-test/target/test-dir/MiniOzoneClusterImpl-7e2f4b2f-6763-4a45-9ec4-264c2cef7c61/datanode-0/data/ratis/cd399d73-babc-4cec-b38a-d829294084a7 does not exist. Creating ...
2019-09-26 15:13:27,274 [pool-27-thread-1] INFO  storage.RaftStorageDirectory (RaftStorageDirectory.java:tryLock(328)) - Lock on /workdir/hadoop-ozone/integration-test/target/test-dir/MiniOzoneClusterImpl-7e2f4b2f-6763-4a45-9ec4-264c2cef7c61/datanode-0/data/ratis/cd399d73-babc-4cec-b38a-d829294084a7/in_use.lock acquired by nodename 11803@pr-hdds-1569-g6sp5-2013761785
2019-09-26 15:13:27,278 [pool-27-thread-1] INFO  storage.RaftStorage (RaftStorage.java:format(72)) - Storage directory /workdir/hadoop-ozone/integration-test/target/test-dir/MiniOzoneClusterImpl-7e2f4b2f-6763-4a45-9ec4-264c2cef7c61/datanode-0/data/ratis/cd399d73-babc-4cec-b38a-d829294084a7 has been successfully formatted.
2019-09-26 15:13:27,278 [pool-27-thread-1] INFO  ratis.ContainerStateMachine (ContainerStateMachine.java:loadSnapshot(230)) - group-D829294084A7: The snapshot info is null. Setting the last applied indexto:(t:0, i:~)
2019-09-26 15:13:27,278 [pool-27-thread-1] INFO  server.RaftServerConfigKeys (ConfUtils.java:logGet(43)) - raft.server.notification.no-leader.timeout = 120s (custom)
2019-09-26 15:13:27,278 [pool-27-thread-1] INFO  server.RaftServerConfigKeys (ConfUtils.java:logGet(43)) - raft.server.log.use.memory = false (default)
2019-09-26 15:13:27,278 [pool-27-thread-1] INFO  server.RaftServerConfigKeys (ConfUtils.java:logGet(43)) - raft.server.log.purge.gap = 1000000 (custom)
2019-09-26 15:13:27,278 [pool-27-thread-1] INFO  server.RaftServerConfigKeys (ConfUtils.java:logGet(43)) - raft.server.log.appender.buffer.byte-limit = 33554432 (custom)
2019-09-26 15:13:27,278 [pool-27-thread-1] INFO  server.RaftServerConfigKeys (ConfUtils.java:logGet(43)) - raft.server.log.segment.size.max = 1048576 (custom)
2019-09-26 15:13:27,278 [pool-27-thread-1] INFO  server.RaftServerConfigKeys (ConfUtils.java:logGet(43)) - raft.server.log.segment.cache.num.max = 2 (custom)
2019-09-26 15:13:27,279 [pool-27-thread-1] INFO  segmented.SegmentedRaftLogWorker (SegmentedRaftLogWorker.java:<init>(172)) - new b3e939fd-eb36-468b-9efe-5d0a1fdaa172@group-D829294084A7-SegmentedRaftLogWorker for RaftStorage:Storage Directory /workdir/hadoop-ozone/integration-test/target/test-dir/MiniOzoneClusterImpl-7e2f4b2f-6763-4a45-9ec4-264c2cef7c61/datanode-0/data/ratis/cd399d73-babc-4cec-b38a-d829294084a7
2019-09-26 15:13:27,279 [pool-27-thread-1] INFO  server.RaftServerConfigKeys (ConfUtils.java:logGet(43)) - raft.server.log.queue.byte-limit = 2147483647 (custom)
2019-09-26 15:13:27,279 [pool-27-thread-1] INFO  server.RaftServerConfigKeys (ConfUtils.java:logGet(43)) - raft.server.log.queue.element-limit = 1024 (custom)
2019-09-26 15:13:27,279 [pool-27-thread-1] INFO  server.RaftServerConfigKeys (ConfUtils.java:logGet(43)) - raft.server.log.segment.size.max = 1048576 (custom)
2019-09-26 15:13:27,279 [pool-27-thread-1] INFO  server.RaftServerConfigKeys (ConfUtils.java:logGet(43)) - raft.server.log.preallocated.size = 16384 (custom)
2019-09-26 15:13:27,279 [pool-27-thread-1] INFO  server.RaftServerConfigKeys (ConfUtils.java:logGet(43)) - raft.server.log.write.buffer.size = 33554432 (custom)
2019-09-26 15:13:27,279 [pool-27-thread-1] INFO  server.RaftServerConfigKeys (ConfUtils.java:logGet(43)) - raft.server.log.force.sync.num = 128 (default)
2019-09-26 15:13:27,279 [pool-27-thread-1] INFO  server.RaftServerConfigKeys (ConfUtils.java:logGet(43)) - raft.server.log.statemachine.data.sync = true (default)
2019-09-26 15:13:27,279 [pool-27-thread-1] INFO  server.RaftServerConfigKeys (ConfUtils.java:logGet(43)) - raft.server.log.statemachine.data.sync.timeout = 10s (default)
2019-09-26 15:13:27,279 [pool-27-thread-1] INFO  server.RaftServerConfigKeys (ConfUtils.java:logGet(43)) - raft.server.log.statemachine.data.sync.timeout.retry = -1 (default)
2019-09-26 15:13:27,279 [pool-27-thread-1] INFO  server.RaftServerConfigKeys (ConfUtils.java:logGet(43)) - raft.server.log.statemachine.data.caching.enabled = true (custom)
2019-09-26 15:13:27,280 [pool-27-thread-1] INFO  segmented.SegmentedRaftLogWorker (SegmentedRaftLogWorker.java:lambda$new$0(132)) - b3e939fd-eb36-468b-9efe-5d0a1fdaa172@group-D829294084A7-SegmentedRaftLogWorker: flushIndex: setUnconditionally 0 -> -1
2019-09-26 15:13:27,280 [pool-27-thread-1] INFO  server.RaftServerConfigKeys (ConfUtils.java:logGet(43)) - raft.server.snapshot.auto.trigger.enabled = true (custom)
2019-09-26 15:13:27,280 [pool-27-thread-1] INFO  server.RaftServerConfigKeys (ConfUtils.java:logGet(43)) - raft.server.snapshot.auto.trigger.threshold = 10000 (custom)
2019-09-26 15:13:27,280 [pool-27-thread-1] INFO  server.RaftServerConfigKeys (ConfUtils.java:logGet(43)) - raft.server.snapshot.retention.num.files = 5 (custom)
2019-09-26 15:13:27,280 [pool-27-thread-1] INFO  server.RaftServerConfigKeys (ConfUtils.java:logGet(43)) - raft.server.retrycache.expirytime = 600000ms (custom)
2019-09-26 15:13:27,282 [pool-27-thread-1] INFO  impl.RaftServerImpl (RaftServerImpl.java:start(185)) - b3e939fd-eb36-468b-9efe-5d0a1fdaa172@group-D829294084A7: start as a follower, conf=-1: [b3e939fd-eb36-468b-9efe-5d0a1fdaa172:192.168.151.99:45433], old=null
2019-09-26 15:13:27,282 [pool-27-thread-1] INFO  impl.RaftServerImpl (RaftServerImpl.java:setRole(174)) - b3e939fd-eb36-468b-9efe-5d0a1fdaa172@group-D829294084A7: changes role from      null to FOLLOWER at term 0 for startAsFollower
2019-09-26 15:13:27,282 [pool-27-thread-1] INFO  impl.RoleInfo (RoleInfo.java:updateAndGet(143)) - b3e939fd-eb36-468b-9efe-5d0a1fdaa172: start FollowerState
2019-09-26 15:13:27,282 [pool-27-thread-1] INFO  util.JmxRegister (JmxRegister.java:tryRegister(44)) - Successfully registered JMX Bean with object name Ratis:service=RaftServer,group=group-D829294084A7,id=b3e939fd-eb36-468b-9efe-5d0a1fdaa172
2019-09-26 15:13:27,284 [RatisPipelineUtilsThread] INFO  pipeline.PipelineStateManager (PipelineStateManager.java:addPipeline(56)) - Created pipeline Pipeline[ Id: cd399d73-babc-4cec-b38a-d829294084a7, Nodes: b3e939fd-eb36-468b-9efe-5d0a1fdaa172{ip: 192.168.151.99, host: pr-hdds-1569-g6sp5-2013761785, networkLocation: /default-rack, certSerialId: null}, Type:RATIS, Factor:ONE, State:OPEN]
2019-09-26 15:13:27,286 [grpc-default-executor-0] INFO  impl.RaftServerProxy (RaftServerProxy.java:addNew(89)) - b3e939fd-eb36-468b-9efe-5d0a1fdaa172: addNew group-B8BD40BC5605:[b3e939fd-eb36-468b-9efe-5d0a1fdaa172:192.168.151.99:45433] returns group-B8BD40BC5605:java.util.concurrent.CompletableFuture@5d6dd742[Not completed]
2019-09-26 15:13:27,287 [pool-27-thread-1] INFO  impl.RaftServerImpl (RaftServerImpl.java:<init>(95)) - b3e939fd-eb36-468b-9efe-5d0a1fdaa172: new RaftServerImpl for group-B8BD40BC5605:[b3e939fd-eb36-468b-9efe-5d0a1fdaa172:192.168.151.99:45433] with ContainerStateMachine:uninitialized
2019-09-26 15:13:27,287 [pool-27-thread-1] INFO  server.RaftServerConfigKeys (ConfUtils.java:logGet(43)) - raft.server.rpc.timeout.min = 5s (custom)
2019-09-26 15:13:27,287 [pool-27-thread-1] INFO  server.RaftServerConfigKeys (ConfUtils.java:logGet(43)) - raft.server.rpc.timeout.max = 5200ms (custom)
2019-09-26 15:13:27,287 [pool-27-thread-1] INFO  server.RaftServerConfigKeys (ConfUtils.java:logGet(43)) - raft.server.rpcslowness.timeout = 120s (custom)
2019-09-26 15:13:27,287 [pool-27-thread-1] INFO  server.RaftServerConfigKeys (ConfUtils.java:logGet(43)) - raft.server.sleep.deviation.threshold = 300 (default)
2019-09-26 15:13:27,287 [pool-27-thread-1] INFO  server.RaftServerConfigKeys (ConfUtils.java:logGet(43)) - raft.server.log.appender.install.snapshot.enabled = false (custom)
2019-09-26 15:13:27,287 [pool-27-thread-1] INFO  impl.RaftServerImpl (ServerState.java:<init>(103)) - b3e939fd-eb36-468b-9efe-5d0a1fdaa172@group-B8BD40BC5605: ConfigurationManager, init=-1: [b3e939fd-eb36-468b-9efe-5d0a1fdaa172:192.168.151.99:45433], old=null, confs=<EMPTY_MAP>
2019-09-26 15:13:27,288 [pool-27-thread-1] INFO  server.RaftServerConfigKeys (ConfUtils.java:logGet(43)) - raft.server.storage.dir = [/workdir/hadoop-ozone/integration-test/target/test-dir/MiniOzoneClusterImpl-7e2f4b2f-6763-4a45-9ec4-264c2cef7c61/datanode-0/data/ratis] (custom)
2019-09-26 15:13:27,288 [pool-27-thread-1] INFO  storage.RaftStorageDirectory (RaftStorageDirectory.java:analyzeStorage(246)) - The storage directory /workdir/hadoop-ozone/integration-test/target/test-dir/MiniOzoneClusterImpl-7e2f4b2f-6763-4a45-9ec4-264c2cef7c61/datanode-0/data/ratis/d178edc9-df7d-4451-a24e-b8bd40bc5605 does not exist. Creating ...
2019-09-26 15:13:27,301 [pool-27-thread-1] INFO  storage.RaftStorageDirectory (RaftStorageDirectory.java:tryLock(328)) - Lock on /workdir/hadoop-ozone/integration-test/target/test-dir/MiniOzoneClusterImpl-7e2f4b2f-6763-4a45-9ec4-264c2cef7c61/datanode-0/data/ratis/d178edc9-df7d-4451-a24e-b8bd40bc5605/in_use.lock acquired by nodename 11803@pr-hdds-1569-g6sp5-2013761785
2019-09-26 15:13:27,314 [pool-27-thread-1] INFO  storage.RaftStorage (RaftStorage.java:format(72)) - Storage directory /workdir/hadoop-ozone/integration-test/target/test-dir/MiniOzoneClusterImpl-7e2f4b2f-6763-4a45-9ec4-264c2cef7c61/datanode-0/data/ratis/d178edc9-df7d-4451-a24e-b8bd40bc5605 has been successfully formatted.
2019-09-26 15:13:27,314 [pool-27-thread-1] INFO  ratis.ContainerStateMachine (ContainerStateMachine.java:loadSnapshot(230)) - group-B8BD40BC5605: The snapshot info is null. Setting the last applied indexto:(t:0, i:~)
2019-09-26 15:13:27,314 [pool-27-thread-1] INFO  server.RaftServerConfigKeys (ConfUtils.java:logGet(43)) - raft.server.notification.no-leader.timeout = 120s (custom)
2019-09-26 15:13:27,314 [pool-27-thread-1] INFO  server.RaftServerConfigKeys (ConfUtils.java:logGet(43)) - raft.server.log.use.memory = false (default)
2019-09-26 15:13:27,314 [pool-27-thread-1] INFO  server.RaftServerConfigKeys (ConfUtils.java:logGet(43)) - raft.server.log.purge.gap = 1000000 (custom)
2019-09-26 15:13:27,314 [pool-27-thread-1] INFO  server.RaftServerConfigKeys (ConfUtils.java:logGet(43)) - raft.server.log.appender.buffer.byte-limit = 33554432 (custom)
2019-09-26 15:13:27,314 [pool-27-thread-1] INFO  server.RaftServerConfigKeys (ConfUtils.java:logGet(43)) - raft.server.log.segment.size.max = 1048576 (custom)
2019-09-26 15:13:27,314 [pool-27-thread-1] INFO  server.RaftServerConfigKeys (ConfUtils.java:logGet(43)) - raft.server.log.segment.cache.num.max = 2 (custom)
2019-09-26 15:13:27,314 [pool-27-thread-1] INFO  segmented.SegmentedRaftLogWorker (SegmentedRaftLogWorker.java:<init>(172)) - new b3e939fd-eb36-468b-9efe-5d0a1fdaa172@group-B8BD40BC5605-SegmentedRaftLogWorker for RaftStorage:Storage Directory /workdir/hadoop-ozone/integration-test/target/test-dir/MiniOzoneClusterImpl-7e2f4b2f-6763-4a45-9ec4-264c2cef7c61/datanode-0/data/ratis/d178edc9-df7d-4451-a24e-b8bd40bc5605
2019-09-26 15:13:27,315 [pool-27-thread-1] INFO  server.RaftServerConfigKeys (ConfUtils.java:logGet(43)) - raft.server.log.queue.byte-limit = 2147483647 (custom)
2019-09-26 15:13:27,315 [pool-27-thread-1] INFO  server.RaftServerConfigKeys (ConfUtils.java:logGet(43)) - raft.server.log.queue.element-limit = 1024 (custom)
2019-09-26 15:13:27,315 [pool-27-thread-1] INFO  server.RaftServerConfigKeys (ConfUtils.java:logGet(43)) - raft.server.log.segment.size.max = 1048576 (custom)
2019-09-26 15:13:27,315 [pool-27-thread-1] INFO  server.RaftServerConfigKeys (ConfUtils.java:logGet(43)) - raft.server.log.preallocated.size = 16384 (custom)
2019-09-26 15:13:27,315 [pool-27-thread-1] INFO  server.RaftServerConfigKeys (ConfUtils.java:logGet(43)) - raft.server.log.write.buffer.size = 33554432 (custom)
2019-09-26 15:13:27,315 [pool-27-thread-1] INFO  server.RaftServerConfigKeys (ConfUtils.java:logGet(43)) - raft.server.log.force.sync.num = 128 (default)
2019-09-26 15:13:27,315 [pool-27-thread-1] INFO  server.RaftServerConfigKeys (ConfUtils.java:logGet(43)) - raft.server.log.statemachine.data.sync = true (default)
2019-09-26 15:13:27,315 [pool-27-thread-1] INFO  server.RaftServerConfigKeys (ConfUtils.java:logGet(43)) - raft.server.log.statemachine.data.sync.timeout = 10s (default)
2019-09-26 15:13:27,315 [pool-27-thread-1] INFO  server.RaftServerConfigKeys (ConfUtils.java:logGet(43)) - raft.server.log.statemachine.data.sync.timeout.retry = -1 (default)
2019-09-26 15:13:27,315 [pool-27-thread-1] INFO  server.RaftServerConfigKeys (ConfUtils.java:logGet(43)) - raft.server.log.statemachine.data.caching.enabled = true (custom)
2019-09-26 15:13:27,316 [pool-27-thread-1] INFO  segmented.SegmentedRaftLogWorker (SegmentedRaftLogWorker.java:lambda$new$0(132)) - b3e939fd-eb36-468b-9efe-5d0a1fdaa172@group-B8BD40BC5605-SegmentedRaftLogWorker: flushIndex: setUnconditionally 0 -> -1
2019-09-26 15:13:27,316 [pool-27-thread-1] INFO  server.RaftServerConfigKeys (ConfUtils.java:logGet(43)) - raft.server.snapshot.auto.trigger.enabled = true (custom)
2019-09-26 15:13:27,316 [pool-27-thread-1] INFO  server.RaftServerConfigKeys (ConfUtils.java:logGet(43)) - raft.server.snapshot.auto.trigger.threshold = 10000 (custom)
2019-09-26 15:13:27,316 [pool-27-thread-1] INFO  server.RaftServerConfigKeys (ConfUtils.java:logGet(43)) - raft.server.snapshot.retention.num.files = 5 (custom)
2019-09-26 15:13:27,316 [pool-27-thread-1] INFO  server.RaftServerConfigKeys (ConfUtils.java:logGet(43)) - raft.server.retrycache.expirytime = 600000ms (custom)
2019-09-26 15:13:27,317 [pool-27-thread-1] INFO  impl.RaftServerImpl (RaftServerImpl.java:start(185)) - b3e939fd-eb36-468b-9efe-5d0a1fdaa172@group-B8BD40BC5605: start as a follower, conf=-1: [b3e939fd-eb36-468b-9efe-5d0a1fdaa172:192.168.151.99:45433], old=null
2019-09-26 15:13:27,317 [pool-27-thread-1] INFO  impl.RaftServerImpl (RaftServerImpl.java:setRole(174)) - b3e939fd-eb36-468b-9efe-5d0a1fdaa172@group-B8BD40BC5605: changes role from      null to FOLLOWER at term 0 for startAsFollower
2019-09-26 15:13:27,317 [pool-27-thread-1] INFO  impl.RoleInfo (RoleInfo.java:updateAndGet(143)) - b3e939fd-eb36-468b-9efe-5d0a1fdaa172: start FollowerState
2019-09-26 15:13:27,318 [pool-27-thread-1] INFO  util.JmxRegister (JmxRegister.java:tryRegister(44)) - Successfully registered JMX Bean with object name Ratis:service=RaftServer,group=group-B8BD40BC5605,id=b3e939fd-eb36-468b-9efe-5d0a1fdaa172
2019-09-26 15:13:27,319 [RatisPipelineUtilsThread] INFO  pipeline.PipelineStateManager (PipelineStateManager.java:addPipeline(56)) - Created pipeline Pipeline[ Id: d178edc9-df7d-4451-a24e-b8bd40bc5605, Nodes: b3e939fd-eb36-468b-9efe-5d0a1fdaa172{ip: 192.168.151.99, host: pr-hdds-1569-g6sp5-2013761785, networkLocation: /default-rack, certSerialId: null}, Type:RATIS, Factor:ONE, State:OPEN]
2019-09-26 15:13:27,322 [grpc-default-executor-0] INFO  impl.RaftServerProxy (RaftServerProxy.java:addNew(89)) - b3e939fd-eb36-468b-9efe-5d0a1fdaa172: addNew group-3B7C4B923211:[b3e939fd-eb36-468b-9efe-5d0a1fdaa172:192.168.151.99:45433] returns group-3B7C4B923211:java.util.concurrent.CompletableFuture@37201bad[Not completed]
2019-09-26 15:13:27,323 [pool-27-thread-1] INFO  impl.RaftServerImpl (RaftServerImpl.java:<init>(95)) - b3e939fd-eb36-468b-9efe-5d0a1fdaa172: new RaftServerImpl for group-3B7C4B923211:[b3e939fd-eb36-468b-9efe-5d0a1fdaa172:192.168.151.99:45433] with ContainerStateMachine:uninitialized
2019-09-26 15:13:27,323 [pool-27-thread-1] INFO  server.RaftServerConfigKeys (ConfUtils.java:logGet(43)) - raft.server.rpc.timeout.min = 5s (custom)
2019-09-26 15:13:27,323 [pool-27-thread-1] INFO  server.RaftServerConfigKeys (ConfUtils.java:logGet(43)) - raft.server.rpc.timeout.max = 5200ms (custom)
2019-09-26 15:13:27,323 [pool-27-thread-1] INFO  server.RaftServerConfigKeys (ConfUtils.java:logGet(43)) - raft.server.rpcslowness.timeout = 120s (custom)
2019-09-26 15:13:27,323 [pool-27-thread-1] INFO  server.RaftServerConfigKeys (ConfUtils.java:logGet(43)) - raft.server.sleep.deviation.threshold = 300 (default)
2019-09-26 15:13:27,323 [pool-27-thread-1] INFO  server.RaftServerConfigKeys (ConfUtils.java:logGet(43)) - raft.server.log.appender.install.snapshot.enabled = false (custom)
2019-09-26 15:13:27,323 [pool-27-thread-1] INFO  impl.RaftServerImpl (ServerState.java:<init>(103)) - b3e939fd-eb36-468b-9efe-5d0a1fdaa172@group-3B7C4B923211: ConfigurationManager, init=-1: [b3e939fd-eb36-468b-9efe-5d0a1fdaa172:192.168.151.99:45433], old=null, confs=<EMPTY_MAP>
2019-09-26 15:13:27,323 [pool-27-thread-1] INFO  server.RaftServerConfigKeys (ConfUtils.java:logGet(43)) - raft.server.storage.dir = [/workdir/hadoop-ozone/integration-test/target/test-dir/MiniOzoneClusterImpl-7e2f4b2f-6763-4a45-9ec4-264c2cef7c61/datanode-0/data/ratis] (custom)
2019-09-26 15:13:27,324 [pool-27-thread-1] INFO  storage.RaftStorageDirectory (RaftStorageDirectory.java:analyzeStorage(246)) - The storage directory /workdir/hadoop-ozone/integration-test/target/test-dir/MiniOzoneClusterImpl-7e2f4b2f-6763-4a45-9ec4-264c2cef7c61/datanode-0/data/ratis/cbac7752-8c34-4bde-a7b0-3b7c4b923211 does not exist. Creating ...
2019-09-26 15:13:27,329 [pool-27-thread-1] INFO  storage.RaftStorageDirectory (RaftStorageDirectory.java:tryLock(328)) - Lock on /workdir/hadoop-ozone/integration-test/target/test-dir/MiniOzoneClusterImpl-7e2f4b2f-6763-4a45-9ec4-264c2cef7c61/datanode-0/data/ratis/cbac7752-8c34-4bde-a7b0-3b7c4b923211/in_use.lock acquired by nodename 11803@pr-hdds-1569-g6sp5-2013761785
2019-09-26 15:13:27,342 [pool-27-thread-1] INFO  storage.RaftStorage (RaftStorage.java:format(72)) - Storage directory /workdir/hadoop-ozone/integration-test/target/test-dir/MiniOzoneClusterImpl-7e2f4b2f-6763-4a45-9ec4-264c2cef7c61/datanode-0/data/ratis/cbac7752-8c34-4bde-a7b0-3b7c4b923211 has been successfully formatted.
2019-09-26 15:13:27,342 [pool-27-thread-1] INFO  ratis.ContainerStateMachine (ContainerStateMachine.java:loadSnapshot(230)) - group-3B7C4B923211: The snapshot info is null. Setting the last applied indexto:(t:0, i:~)
2019-09-26 15:13:27,342 [pool-27-thread-1] INFO  server.RaftServerConfigKeys (ConfUtils.java:logGet(43)) - raft.server.notification.no-leader.timeout = 120s (custom)
2019-09-26 15:13:27,342 [pool-27-thread-1] INFO  server.RaftServerConfigKeys (ConfUtils.java:logGet(43)) - raft.server.log.use.memory = false (default)
2019-09-26 15:13:27,342 [pool-27-thread-1] INFO  server.RaftServerConfigKeys (ConfUtils.java:logGet(43)) - raft.server.log.purge.gap = 1000000 (custom)
2019-09-26 15:13:27,342 [pool-27-thread-1] INFO  server.RaftServerConfigKeys (ConfUtils.java:logGet(43)) - raft.server.log.appender.buffer.byte-limit = 33554432 (custom)
2019-09-26 15:13:27,342 [pool-27-thread-1] INFO  server.RaftServerConfigKeys (ConfUtils.java:logGet(43)) - raft.server.log.segment.size.max = 1048576 (custom)
2019-09-26 15:13:27,342 [pool-27-thread-1] INFO  server.RaftServerConfigKeys (ConfUtils.java:logGet(43)) - raft.server.log.segment.cache.num.max = 2 (custom)
2019-09-26 15:13:27,343 [pool-27-thread-1] INFO  segmented.SegmentedRaftLogWorker (SegmentedRaftLogWorker.java:<init>(172)) - new b3e939fd-eb36-468b-9efe-5d0a1fdaa172@group-3B7C4B923211-SegmentedRaftLogWorker for RaftStorage:Storage Directory /workdir/hadoop-ozone/integration-test/target/test-dir/MiniOzoneClusterImpl-7e2f4b2f-6763-4a45-9ec4-264c2cef7c61/datanode-0/data/ratis/cbac7752-8c34-4bde-a7b0-3b7c4b923211
2019-09-26 15:13:27,343 [pool-27-thread-1] INFO  server.RaftServerConfigKeys (ConfUtils.java:logGet(43)) - raft.server.log.queue.byte-limit = 2147483647 (custom)
2019-09-26 15:13:27,343 [pool-27-thread-1] INFO  server.RaftServerConfigKeys (ConfUtils.java:logGet(43)) - raft.server.log.queue.element-limit = 1024 (custom)
2019-09-26 15:13:27,343 [pool-27-thread-1] INFO  server.RaftServerConfigKeys (ConfUtils.java:logGet(43)) - raft.server.log.segment.size.max = 1048576 (custom)
2019-09-26 15:13:27,343 [pool-27-thread-1] INFO  server.RaftServerConfigKeys (ConfUtils.java:logGet(43)) - raft.server.log.preallocated.size = 16384 (custom)
2019-09-26 15:13:27,343 [pool-27-thread-1] INFO  server.RaftServerConfigKeys (ConfUtils.java:logGet(43)) - raft.server.log.write.buffer.size = 33554432 (custom)
2019-09-26 15:13:27,343 [pool-27-thread-1] INFO  server.RaftServerConfigKeys (ConfUtils.java:logGet(43)) - raft.server.log.force.sync.num = 128 (default)
2019-09-26 15:13:27,343 [pool-27-thread-1] INFO  server.RaftServerConfigKeys (ConfUtils.java:logGet(43)) - raft.server.log.statemachine.data.sync = true (default)
2019-09-26 15:13:27,343 [pool-27-thread-1] INFO  server.RaftServerConfigKeys (ConfUtils.java:logGet(43)) - raft.server.log.statemachine.data.sync.timeout = 10s (default)
2019-09-26 15:13:27,343 [pool-27-thread-1] INFO  server.RaftServerConfigKeys (ConfUtils.java:logGet(43)) - raft.server.log.statemachine.data.sync.timeout.retry = -1 (default)
2019-09-26 15:13:27,343 [pool-27-thread-1] INFO  server.RaftServerConfigKeys (ConfUtils.java:logGet(43)) - raft.server.log.statemachine.data.caching.enabled = true (custom)
2019-09-26 15:13:27,344 [pool-27-thread-1] INFO  segmented.SegmentedRaftLogWorker (SegmentedRaftLogWorker.java:lambda$new$0(132)) - b3e939fd-eb36-468b-9efe-5d0a1fdaa172@group-3B7C4B923211-SegmentedRaftLogWorker: flushIndex: setUnconditionally 0 -> -1
2019-09-26 15:13:27,344 [pool-27-thread-1] INFO  server.RaftServerConfigKeys (ConfUtils.java:logGet(43)) - raft.server.snapshot.auto.trigger.enabled = true (custom)
2019-09-26 15:13:27,344 [pool-27-thread-1] INFO  server.RaftServerConfigKeys (ConfUtils.java:logGet(43)) - raft.server.snapshot.auto.trigger.threshold = 10000 (custom)
2019-09-26 15:13:27,344 [pool-27-thread-1] INFO  server.RaftServerConfigKeys (ConfUtils.java:logGet(43)) - raft.server.snapshot.retention.num.files = 5 (custom)
2019-09-26 15:13:27,344 [pool-27-thread-1] INFO  server.RaftServerConfigKeys (ConfUtils.java:logGet(43)) - raft.server.retrycache.expirytime = 600000ms (custom)
2019-09-26 15:13:27,345 [pool-27-thread-1] INFO  impl.RaftServerImpl (RaftServerImpl.java:start(185)) - b3e939fd-eb36-468b-9efe-5d0a1fdaa172@group-3B7C4B923211: start as a follower, conf=-1: [b3e939fd-eb36-468b-9efe-5d0a1fdaa172:192.168.151.99:45433], old=null
2019-09-26 15:13:27,345 [pool-27-thread-1] INFO  impl.RaftServerImpl (RaftServerImpl.java:setRole(174)) - b3e939fd-eb36-468b-9efe-5d0a1fdaa172@group-3B7C4B923211: changes role from      null to FOLLOWER at term 0 for startAsFollower
2019-09-26 15:13:27,345 [pool-27-thread-1] INFO  impl.RoleInfo (RoleInfo.java:updateAndGet(143)) - b3e939fd-eb36-468b-9efe-5d0a1fdaa172: start FollowerState
2019-09-26 15:13:27,346 [pool-27-thread-1] INFO  util.JmxRegister (JmxRegister.java:tryRegister(44)) - Successfully registered JMX Bean with object name Ratis:service=RaftServer,group=group-3B7C4B923211,id=b3e939fd-eb36-468b-9efe-5d0a1fdaa172
2019-09-26 15:13:27,348 [RatisPipelineUtilsThread] INFO  pipeline.PipelineStateManager (PipelineStateManager.java:addPipeline(56)) - Created pipeline Pipeline[ Id: cbac7752-8c34-4bde-a7b0-3b7c4b923211, Nodes: b3e939fd-eb36-468b-9efe-5d0a1fdaa172{ip: 192.168.151.99, host: pr-hdds-1569-g6sp5-2013761785, networkLocation: /default-rack, certSerialId: null}, Type:RATIS, Factor:ONE, State:OPEN]
2019-09-26 15:13:27,351 [grpc-default-executor-0] INFO  impl.RaftServerProxy (RaftServerProxy.java:addNew(89)) - b3e939fd-eb36-468b-9efe-5d0a1fdaa172: addNew group-C91B064953F8:[b3e939fd-eb36-468b-9efe-5d0a1fdaa172:192.168.151.99:45433] returns group-C91B064953F8:java.util.concurrent.CompletableFuture@63b7b859[Not completed]
2019-09-26 15:13:27,351 [pool-27-thread-1] INFO  impl.RaftServerImpl (RaftServerImpl.java:<init>(95)) - b3e939fd-eb36-468b-9efe-5d0a1fdaa172: new RaftServerImpl for group-C91B064953F8:[b3e939fd-eb36-468b-9efe-5d0a1fdaa172:192.168.151.99:45433] with ContainerStateMachine:uninitialized
2019-09-26 15:13:27,352 [pool-27-thread-1] INFO  server.RaftServerConfigKeys (ConfUtils.java:logGet(43)) - raft.server.rpc.timeout.min = 5s (custom)
2019-09-26 15:13:27,352 [pool-27-thread-1] INFO  server.RaftServerConfigKeys (ConfUtils.java:logGet(43)) - raft.server.rpc.timeout.max = 5200ms (custom)
2019-09-26 15:13:27,352 [pool-27-thread-1] INFO  server.RaftServerConfigKeys (ConfUtils.java:logGet(43)) - raft.server.rpcslowness.timeout = 120s (custom)
2019-09-26 15:13:27,352 [pool-27-thread-1] INFO  server.RaftServerConfigKeys (ConfUtils.java:logGet(43)) - raft.server.sleep.deviation.threshold = 300 (default)
2019-09-26 15:13:27,352 [pool-27-thread-1] INFO  server.RaftServerConfigKeys (ConfUtils.java:logGet(43)) - raft.server.log.appender.install.snapshot.enabled = false (custom)
2019-09-26 15:13:27,352 [pool-27-thread-1] INFO  impl.RaftServerImpl (ServerState.java:<init>(103)) - b3e939fd-eb36-468b-9efe-5d0a1fdaa172@group-C91B064953F8: ConfigurationManager, init=-1: [b3e939fd-eb36-468b-9efe-5d0a1fdaa172:192.168.151.99:45433], old=null, confs=<EMPTY_MAP>
2019-09-26 15:13:27,352 [pool-27-thread-1] INFO  server.RaftServerConfigKeys (ConfUtils.java:logGet(43)) - raft.server.storage.dir = [/workdir/hadoop-ozone/integration-test/target/test-dir/MiniOzoneClusterImpl-7e2f4b2f-6763-4a45-9ec4-264c2cef7c61/datanode-0/data/ratis] (custom)
2019-09-26 15:13:27,353 [pool-27-thread-1] INFO  storage.RaftStorageDirectory (RaftStorageDirectory.java:analyzeStorage(246)) - The storage directory /workdir/hadoop-ozone/integration-test/target/test-dir/MiniOzoneClusterImpl-7e2f4b2f-6763-4a45-9ec4-264c2cef7c61/datanode-0/data/ratis/202ff1ff-553d-4cca-bf98-c91b064953f8 does not exist. Creating ...
2019-09-26 15:13:27,365 [pool-27-thread-1] INFO  storage.RaftStorageDirectory (RaftStorageDirectory.java:tryLock(328)) - Lock on /workdir/hadoop-ozone/integration-test/target/test-dir/MiniOzoneClusterImpl-7e2f4b2f-6763-4a45-9ec4-264c2cef7c61/datanode-0/data/ratis/202ff1ff-553d-4cca-bf98-c91b064953f8/in_use.lock acquired by nodename 11803@pr-hdds-1569-g6sp5-2013761785
2019-09-26 15:13:27,378 [pool-27-thread-1] INFO  storage.RaftStorage (RaftStorage.java:format(72)) - Storage directory /workdir/hadoop-ozone/integration-test/target/test-dir/MiniOzoneClusterImpl-7e2f4b2f-6763-4a45-9ec4-264c2cef7c61/datanode-0/data/ratis/202ff1ff-553d-4cca-bf98-c91b064953f8 has been successfully formatted.
2019-09-26 15:13:27,379 [pool-27-thread-1] INFO  ratis.ContainerStateMachine (ContainerStateMachine.java:loadSnapshot(230)) - group-C91B064953F8: The snapshot info is null. Setting the last applied indexto:(t:0, i:~)
2019-09-26 15:13:27,379 [pool-27-thread-1] INFO  server.RaftServerConfigKeys (ConfUtils.java:logGet(43)) - raft.server.notification.no-leader.timeout = 120s (custom)
2019-09-26 15:13:27,379 [pool-27-thread-1] INFO  server.RaftServerConfigKeys (ConfUtils.java:logGet(43)) - raft.server.log.use.memory = false (default)
2019-09-26 15:13:27,379 [pool-27-thread-1] INFO  server.RaftServerConfigKeys (ConfUtils.java:logGet(43)) - raft.server.log.purge.gap = 1000000 (custom)
2019-09-26 15:13:27,380 [pool-27-thread-1] INFO  server.RaftServerConfigKeys (ConfUtils.java:logGet(43)) - raft.server.log.appender.buffer.byte-limit = 33554432 (custom)
2019-09-26 15:13:27,380 [pool-27-thread-1] INFO  server.RaftServerConfigKeys (ConfUtils.java:logGet(43)) - raft.server.log.segment.size.max = 1048576 (custom)
2019-09-26 15:13:27,380 [pool-27-thread-1] INFO  server.RaftServerConfigKeys (ConfUtils.java:logGet(43)) - raft.server.log.segment.cache.num.max = 2 (custom)
2019-09-26 15:13:27,380 [pool-27-thread-1] INFO  segmented.SegmentedRaftLogWorker (SegmentedRaftLogWorker.java:<init>(172)) - new b3e939fd-eb36-468b-9efe-5d0a1fdaa172@group-C91B064953F8-SegmentedRaftLogWorker for RaftStorage:Storage Directory /workdir/hadoop-ozone/integration-test/target/test-dir/MiniOzoneClusterImpl-7e2f4b2f-6763-4a45-9ec4-264c2cef7c61/datanode-0/data/ratis/202ff1ff-553d-4cca-bf98-c91b064953f8
2019-09-26 15:13:27,380 [pool-27-thread-1] INFO  server.RaftServerConfigKeys (ConfUtils.java:logGet(43)) - raft.server.log.queue.byte-limit = 2147483647 (custom)
2019-09-26 15:13:27,380 [pool-27-thread-1] INFO  server.RaftServerConfigKeys (ConfUtils.java:logGet(43)) - raft.server.log.queue.element-limit = 1024 (custom)
2019-09-26 15:13:27,380 [pool-27-thread-1] INFO  server.RaftServerConfigKeys (ConfUtils.java:logGet(43)) - raft.server.log.segment.size.max = 1048576 (custom)
2019-09-26 15:13:27,380 [pool-27-thread-1] INFO  server.RaftServerConfigKeys (ConfUtils.java:logGet(43)) - raft.server.log.preallocated.size = 16384 (custom)
2019-09-26 15:13:27,381 [pool-27-thread-1] INFO  server.RaftServerConfigKeys (ConfUtils.java:logGet(43)) - raft.server.log.write.buffer.size = 33554432 (custom)
2019-09-26 15:13:27,381 [pool-27-thread-1] INFO  server.RaftServerConfigKeys (ConfUtils.java:logGet(43)) - raft.server.log.force.sync.num = 128 (default)
2019-09-26 15:13:27,381 [pool-27-thread-1] INFO  server.RaftServerConfigKeys (ConfUtils.java:logGet(43)) - raft.server.log.statemachine.data.sync = true (default)
2019-09-26 15:13:27,381 [pool-27-thread-1] INFO  server.RaftServerConfigKeys (ConfUtils.java:logGet(43)) - raft.server.log.statemachine.data.sync.timeout = 10s (default)
2019-09-26 15:13:27,381 [pool-27-thread-1] INFO  server.RaftServerConfigKeys (ConfUtils.java:logGet(43)) - raft.server.log.statemachine.data.sync.timeout.retry = -1 (default)
2019-09-26 15:13:27,381 [pool-27-thread-1] INFO  server.RaftServerConfigKeys (ConfUtils.java:logGet(43)) - raft.server.log.statemachine.data.caching.enabled = true (custom)
2019-09-26 15:13:27,382 [pool-27-thread-1] INFO  segmented.SegmentedRaftLogWorker (SegmentedRaftLogWorker.java:lambda$new$0(132)) - b3e939fd-eb36-468b-9efe-5d0a1fdaa172@group-C91B064953F8-SegmentedRaftLogWorker: flushIndex: setUnconditionally 0 -> -1
2019-09-26 15:13:27,382 [pool-27-thread-1] INFO  server.RaftServerConfigKeys (ConfUtils.java:logGet(43)) - raft.server.snapshot.auto.trigger.enabled = true (custom)
2019-09-26 15:13:27,382 [pool-27-thread-1] INFO  server.RaftServerConfigKeys (ConfUtils.java:logGet(43)) - raft.server.snapshot.auto.trigger.threshold = 10000 (custom)
2019-09-26 15:13:27,382 [pool-27-thread-1] INFO  server.RaftServerConfigKeys (ConfUtils.java:logGet(43)) - raft.server.snapshot.retention.num.files = 5 (custom)
2019-09-26 15:13:27,382 [pool-27-thread-1] INFO  server.RaftServerConfigKeys (ConfUtils.java:logGet(43)) - raft.server.retrycache.expirytime = 600000ms (custom)
2019-09-26 15:13:27,384 [pool-27-thread-1] INFO  impl.RaftServerImpl (RaftServerImpl.java:start(185)) - b3e939fd-eb36-468b-9efe-5d0a1fdaa172@group-C91B064953F8: start as a follower, conf=-1: [b3e939fd-eb36-468b-9efe-5d0a1fdaa172:192.168.151.99:45433], old=null
2019-09-26 15:13:27,384 [pool-27-thread-1] INFO  impl.RaftServerImpl (RaftServerImpl.java:setRole(174)) - b3e939fd-eb36-468b-9efe-5d0a1fdaa172@group-C91B064953F8: changes role from      null to FOLLOWER at term 0 for startAsFollower
2019-09-26 15:13:27,384 [pool-27-thread-1] INFO  impl.RoleInfo (RoleInfo.java:updateAndGet(143)) - b3e939fd-eb36-468b-9efe-5d0a1fdaa172: start FollowerState
2019-09-26 15:13:27,384 [pool-27-thread-1] INFO  util.JmxRegister (JmxRegister.java:tryRegister(44)) - Successfully registered JMX Bean with object name Ratis:service=RaftServer,group=group-C91B064953F8,id=b3e939fd-eb36-468b-9efe-5d0a1fdaa172
2019-09-26 15:13:27,386 [RatisPipelineUtilsThread] INFO  pipeline.PipelineStateManager (PipelineStateManager.java:addPipeline(56)) - Created pipeline Pipeline[ Id: 202ff1ff-553d-4cca-bf98-c91b064953f8, Nodes: b3e939fd-eb36-468b-9efe-5d0a1fdaa172{ip: 192.168.151.99, host: pr-hdds-1569-g6sp5-2013761785, networkLocation: /default-rack, certSerialId: null}, Type:RATIS, Factor:ONE, State:OPEN]
2019-09-26 15:13:27,390 [grpc-default-executor-0] INFO  impl.RaftServerProxy (RaftServerProxy.java:addNew(89)) - b3e939fd-eb36-468b-9efe-5d0a1fdaa172: addNew group-8152E6A19D97:[b3e939fd-eb36-468b-9efe-5d0a1fdaa172:192.168.151.99:45433] returns group-8152E6A19D97:java.util.concurrent.CompletableFuture@483802fb[Not completed]
2019-09-26 15:13:27,391 [pool-27-thread-1] INFO  impl.RaftServerImpl (RaftServerImpl.java:<init>(95)) - b3e939fd-eb36-468b-9efe-5d0a1fdaa172: new RaftServerImpl for group-8152E6A19D97:[b3e939fd-eb36-468b-9efe-5d0a1fdaa172:192.168.151.99:45433] with ContainerStateMachine:uninitialized
2019-09-26 15:13:27,391 [pool-27-thread-1] INFO  server.RaftServerConfigKeys (ConfUtils.java:logGet(43)) - raft.server.rpc.timeout.min = 5s (custom)
2019-09-26 15:13:27,391 [pool-27-thread-1] INFO  server.RaftServerConfigKeys (ConfUtils.java:logGet(43)) - raft.server.rpc.timeout.max = 5200ms (custom)
2019-09-26 15:13:27,392 [pool-27-thread-1] INFO  server.RaftServerConfigKeys (ConfUtils.java:logGet(43)) - raft.server.rpcslowness.timeout = 120s (custom)
2019-09-26 15:13:27,392 [pool-27-thread-1] INFO  server.RaftServerConfigKeys (ConfUtils.java:logGet(43)) - raft.server.sleep.deviation.threshold = 300 (default)
2019-09-26 15:13:27,392 [pool-27-thread-1] INFO  server.RaftServerConfigKeys (ConfUtils.java:logGet(43)) - raft.server.log.appender.install.snapshot.enabled = false (custom)
2019-09-26 15:13:27,392 [pool-27-thread-1] INFO  impl.RaftServerImpl (ServerState.java:<init>(103)) - b3e939fd-eb36-468b-9efe-5d0a1fdaa172@group-8152E6A19D97: ConfigurationManager, init=-1: [b3e939fd-eb36-468b-9efe-5d0a1fdaa172:192.168.151.99:45433], old=null, confs=<EMPTY_MAP>
2019-09-26 15:13:27,392 [pool-27-thread-1] INFO  server.RaftServerConfigKeys (ConfUtils.java:logGet(43)) - raft.server.storage.dir = [/workdir/hadoop-ozone/integration-test/target/test-dir/MiniOzoneClusterImpl-7e2f4b2f-6763-4a45-9ec4-264c2cef7c61/datanode-0/data/ratis] (custom)
2019-09-26 15:13:27,393 [pool-27-thread-1] INFO  storage.RaftStorageDirectory (RaftStorageDirectory.java:analyzeStorage(246)) - The storage directory /workdir/hadoop-ozone/integration-test/target/test-dir/MiniOzoneClusterImpl-7e2f4b2f-6763-4a45-9ec4-264c2cef7c61/datanode-0/data/ratis/5f52d2c4-4da3-4b01-b636-8152e6a19d97 does not exist. Creating ...
2019-09-26 15:13:27,405 [pool-27-thread-1] INFO  storage.RaftStorageDirectory (RaftStorageDirectory.java:tryLock(328)) - Lock on /workdir/hadoop-ozone/integration-test/target/test-dir/MiniOzoneClusterImpl-7e2f4b2f-6763-4a45-9ec4-264c2cef7c61/datanode-0/data/ratis/5f52d2c4-4da3-4b01-b636-8152e6a19d97/in_use.lock acquired by nodename 11803@pr-hdds-1569-g6sp5-2013761785
2019-09-26 15:13:27,418 [pool-27-thread-1] INFO  storage.RaftStorage (RaftStorage.java:format(72)) - Storage directory /workdir/hadoop-ozone/integration-test/target/test-dir/MiniOzoneClusterImpl-7e2f4b2f-6763-4a45-9ec4-264c2cef7c61/datanode-0/data/ratis/5f52d2c4-4da3-4b01-b636-8152e6a19d97 has been successfully formatted.
2019-09-26 15:13:27,419 [pool-27-thread-1] INFO  ratis.ContainerStateMachine (ContainerStateMachine.java:loadSnapshot(230)) - group-8152E6A19D97: The snapshot info is null. Setting the last applied indexto:(t:0, i:~)
2019-09-26 15:13:27,419 [pool-27-thread-1] INFO  server.RaftServerConfigKeys (ConfUtils.java:logGet(43)) - raft.server.notification.no-leader.timeout = 120s (custom)
2019-09-26 15:13:27,419 [pool-27-thread-1] INFO  server.RaftServerConfigKeys (ConfUtils.java:logGet(43)) - raft.server.log.use.memory = false (default)
2019-09-26 15:13:27,419 [pool-27-thread-1] INFO  server.RaftServerConfigKeys (ConfUtils.java:logGet(43)) - raft.server.log.purge.gap = 1000000 (custom)
2019-09-26 15:13:27,419 [pool-27-thread-1] INFO  server.RaftServerConfigKeys (ConfUtils.java:logGet(43)) - raft.server.log.appender.buffer.byte-limit = 33554432 (custom)
2019-09-26 15:13:27,419 [pool-27-thread-1] INFO  server.RaftServerConfigKeys (ConfUtils.java:logGet(43)) - raft.server.log.segment.size.max = 1048576 (custom)
2019-09-26 15:13:27,419 [pool-27-thread-1] INFO  server.RaftServerConfigKeys (ConfUtils.java:logGet(43)) - raft.server.log.segment.cache.num.max = 2 (custom)
2019-09-26 15:13:27,419 [pool-27-thread-1] INFO  segmented.SegmentedRaftLogWorker (SegmentedRaftLogWorker.java:<init>(172)) - new b3e939fd-eb36-468b-9efe-5d0a1fdaa172@group-8152E6A19D97-SegmentedRaftLogWorker for RaftStorage:Storage Directory /workdir/hadoop-ozone/integration-test/target/test-dir/MiniOzoneClusterImpl-7e2f4b2f-6763-4a45-9ec4-264c2cef7c61/datanode-0/data/ratis/5f52d2c4-4da3-4b01-b636-8152e6a19d97
2019-09-26 15:13:27,419 [pool-27-thread-1] INFO  server.RaftServerConfigKeys (ConfUtils.java:logGet(43)) - raft.server.log.queue.byte-limit = 2147483647 (custom)
2019-09-26 15:13:27,419 [pool-27-thread-1] INFO  server.RaftServerConfigKeys (ConfUtils.java:logGet(43)) - raft.server.log.queue.element-limit = 1024 (custom)
2019-09-26 15:13:27,419 [pool-27-thread-1] INFO  server.RaftServerConfigKeys (ConfUtils.java:logGet(43)) - raft.server.log.segment.size.max = 1048576 (custom)
2019-09-26 15:13:27,419 [pool-27-thread-1] INFO  server.RaftServerConfigKeys (ConfUtils.java:logGet(43)) - raft.server.log.preallocated.size = 16384 (custom)
2019-09-26 15:13:27,420 [pool-27-thread-1] INFO  server.RaftServerConfigKeys (ConfUtils.java:logGet(43)) - raft.server.log.write.buffer.size = 33554432 (custom)
2019-09-26 15:13:27,420 [pool-27-thread-1] INFO  server.RaftServerConfigKeys (ConfUtils.java:logGet(43)) - raft.server.log.force.sync.num = 128 (default)
2019-09-26 15:13:27,420 [pool-27-thread-1] INFO  server.RaftServerConfigKeys (ConfUtils.java:logGet(43)) - raft.server.log.statemachine.data.sync = true (default)
2019-09-26 15:13:27,420 [pool-27-thread-1] INFO  server.RaftServerConfigKeys (ConfUtils.java:logGet(43)) - raft.server.log.statemachine.data.sync.timeout = 10s (default)
2019-09-26 15:13:27,420 [pool-27-thread-1] INFO  server.RaftServerConfigKeys (ConfUtils.java:logGet(43)) - raft.server.log.statemachine.data.sync.timeout.retry = -1 (default)
2019-09-26 15:13:27,420 [pool-27-thread-1] INFO  server.RaftServerConfigKeys (ConfUtils.java:logGet(43)) - raft.server.log.statemachine.data.caching.enabled = true (custom)
2019-09-26 15:13:27,420 [pool-27-thread-1] INFO  segmented.SegmentedRaftLogWorker (SegmentedRaftLogWorker.java:lambda$new$0(132)) - b3e939fd-eb36-468b-9efe-5d0a1fdaa172@group-8152E6A19D97-SegmentedRaftLogWorker: flushIndex: setUnconditionally 0 -> -1
2019-09-26 15:13:27,420 [pool-27-thread-1] INFO  server.RaftServerConfigKeys (ConfUtils.java:logGet(43)) - raft.server.snapshot.auto.trigger.enabled = true (custom)
2019-09-26 15:13:27,420 [pool-27-thread-1] INFO  server.RaftServerConfigKeys (ConfUtils.java:logGet(43)) - raft.server.snapshot.auto.trigger.threshold = 10000 (custom)
2019-09-26 15:13:27,420 [pool-27-thread-1] INFO  server.RaftServerConfigKeys (ConfUtils.java:logGet(43)) - raft.server.snapshot.retention.num.files = 5 (custom)
2019-09-26 15:13:27,421 [pool-27-thread-1] INFO  server.RaftServerConfigKeys (ConfUtils.java:logGet(43)) - raft.server.retrycache.expirytime = 600000ms (custom)
2019-09-26 15:13:27,422 [pool-27-thread-1] INFO  impl.RaftServerImpl (RaftServerImpl.java:start(185)) - b3e939fd-eb36-468b-9efe-5d0a1fdaa172@group-8152E6A19D97: start as a follower, conf=-1: [b3e939fd-eb36-468b-9efe-5d0a1fdaa172:192.168.151.99:45433], old=null
2019-09-26 15:13:27,422 [pool-27-thread-1] INFO  impl.RaftServerImpl (RaftServerImpl.java:setRole(174)) - b3e939fd-eb36-468b-9efe-5d0a1fdaa172@group-8152E6A19D97: changes role from      null to FOLLOWER at term 0 for startAsFollower
2019-09-26 15:13:27,422 [pool-27-thread-1] INFO  impl.RoleInfo (RoleInfo.java:updateAndGet(143)) - b3e939fd-eb36-468b-9efe-5d0a1fdaa172: start FollowerState
2019-09-26 15:13:27,422 [pool-27-thread-1] INFO  util.JmxRegister (JmxRegister.java:tryRegister(44)) - Successfully registered JMX Bean with object name Ratis:service=RaftServer,group=group-8152E6A19D97,id=b3e939fd-eb36-468b-9efe-5d0a1fdaa172
2019-09-26 15:13:27,423 [RatisPipelineUtilsThread] INFO  pipeline.PipelineStateManager (PipelineStateManager.java:addPipeline(56)) - Created pipeline Pipeline[ Id: 5f52d2c4-4da3-4b01-b636-8152e6a19d97, Nodes: b3e939fd-eb36-468b-9efe-5d0a1fdaa172{ip: 192.168.151.99, host: pr-hdds-1569-g6sp5-2013761785, networkLocation: /default-rack, certSerialId: null}, Type:RATIS, Factor:ONE, State:OPEN]
2019-09-26 15:13:27,427 [grpc-default-executor-0] INFO  impl.RaftServerProxy (RaftServerProxy.java:addNew(89)) - b3e939fd-eb36-468b-9efe-5d0a1fdaa172: addNew group-5D100605878C:[b3e939fd-eb36-468b-9efe-5d0a1fdaa172:192.168.151.99:45433] returns group-5D100605878C:java.util.concurrent.CompletableFuture@5b1b49a7[Not completed]
2019-09-26 15:13:27,430 [pool-27-thread-1] INFO  impl.RaftServerImpl (RaftServerImpl.java:<init>(95)) - b3e939fd-eb36-468b-9efe-5d0a1fdaa172: new RaftServerImpl for group-5D100605878C:[b3e939fd-eb36-468b-9efe-5d0a1fdaa172:192.168.151.99:45433] with ContainerStateMachine:uninitialized
2019-09-26 15:13:27,430 [pool-27-thread-1] INFO  server.RaftServerConfigKeys (ConfUtils.java:logGet(43)) - raft.server.rpc.timeout.min = 5s (custom)
2019-09-26 15:13:27,430 [pool-27-thread-1] INFO  server.RaftServerConfigKeys (ConfUtils.java:logGet(43)) - raft.server.rpc.timeout.max = 5200ms (custom)
2019-09-26 15:13:27,431 [pool-27-thread-1] INFO  server.RaftServerConfigKeys (ConfUtils.java:logGet(43)) - raft.server.rpcslowness.timeout = 120s (custom)
2019-09-26 15:13:27,431 [pool-27-thread-1] INFO  server.RaftServerConfigKeys (ConfUtils.java:logGet(43)) - raft.server.sleep.deviation.threshold = 300 (default)
2019-09-26 15:13:27,431 [pool-27-thread-1] INFO  server.RaftServerConfigKeys (ConfUtils.java:logGet(43)) - raft.server.log.appender.install.snapshot.enabled = false (custom)
2019-09-26 15:13:27,431 [pool-27-thread-1] INFO  impl.RaftServerImpl (ServerState.java:<init>(103)) - b3e939fd-eb36-468b-9efe-5d0a1fdaa172@group-5D100605878C: ConfigurationManager, init=-1: [b3e939fd-eb36-468b-9efe-5d0a1fdaa172:192.168.151.99:45433], old=null, confs=<EMPTY_MAP>
2019-09-26 15:13:27,431 [pool-27-thread-1] INFO  server.RaftServerConfigKeys (ConfUtils.java:logGet(43)) - raft.server.storage.dir = [/workdir/hadoop-ozone/integration-test/target/test-dir/MiniOzoneClusterImpl-7e2f4b2f-6763-4a45-9ec4-264c2cef7c61/datanode-0/data/ratis] (custom)
2019-09-26 15:13:27,432 [pool-27-thread-1] INFO  storage.RaftStorageDirectory (RaftStorageDirectory.java:analyzeStorage(246)) - The storage directory /workdir/hadoop-ozone/integration-test/target/test-dir/MiniOzoneClusterImpl-7e2f4b2f-6763-4a45-9ec4-264c2cef7c61/datanode-0/data/ratis/d16e900d-2014-41f3-b9d3-5d100605878c does not exist. Creating ...
2019-09-26 15:13:27,444 [pool-27-thread-1] INFO  storage.RaftStorageDirectory (RaftStorageDirectory.java:tryLock(328)) - Lock on /workdir/hadoop-ozone/integration-test/target/test-dir/MiniOzoneClusterImpl-7e2f4b2f-6763-4a45-9ec4-264c2cef7c61/datanode-0/data/ratis/d16e900d-2014-41f3-b9d3-5d100605878c/in_use.lock acquired by nodename 11803@pr-hdds-1569-g6sp5-2013761785
2019-09-26 15:13:27,456 [pool-27-thread-1] INFO  storage.RaftStorage (RaftStorage.java:format(72)) - Storage directory /workdir/hadoop-ozone/integration-test/target/test-dir/MiniOzoneClusterImpl-7e2f4b2f-6763-4a45-9ec4-264c2cef7c61/datanode-0/data/ratis/d16e900d-2014-41f3-b9d3-5d100605878c has been successfully formatted.
2019-09-26 15:13:27,457 [pool-27-thread-1] INFO  ratis.ContainerStateMachine (ContainerStateMachine.java:loadSnapshot(230)) - group-5D100605878C: The snapshot info is null. Setting the last applied indexto:(t:0, i:~)
2019-09-26 15:13:27,457 [pool-27-thread-1] INFO  server.RaftServerConfigKeys (ConfUtils.java:logGet(43)) - raft.server.notification.no-leader.timeout = 120s (custom)
2019-09-26 15:13:27,457 [pool-27-thread-1] INFO  server.RaftServerConfigKeys (ConfUtils.java:logGet(43)) - raft.server.log.use.memory = false (default)
2019-09-26 15:13:27,457 [pool-27-thread-1] INFO  server.RaftServerConfigKeys (ConfUtils.java:logGet(43)) - raft.server.log.purge.gap = 1000000 (custom)
2019-09-26 15:13:27,457 [pool-27-thread-1] INFO  server.RaftServerConfigKeys (ConfUtils.java:logGet(43)) - raft.server.log.appender.buffer.byte-limit = 33554432 (custom)
2019-09-26 15:13:27,457 [pool-27-thread-1] INFO  server.RaftServerConfigKeys (ConfUtils.java:logGet(43)) - raft.server.log.segment.size.max = 1048576 (custom)
2019-09-26 15:13:27,457 [pool-27-thread-1] INFO  server.RaftServerConfigKeys (ConfUtils.java:logGet(43)) - raft.server.log.segment.cache.num.max = 2 (custom)
2019-09-26 15:13:27,457 [pool-27-thread-1] INFO  segmented.SegmentedRaftLogWorker (SegmentedRaftLogWorker.java:<init>(172)) - new b3e939fd-eb36-468b-9efe-5d0a1fdaa172@group-5D100605878C-SegmentedRaftLogWorker for RaftStorage:Storage Directory /workdir/hadoop-ozone/integration-test/target/test-dir/MiniOzoneClusterImpl-7e2f4b2f-6763-4a45-9ec4-264c2cef7c61/datanode-0/data/ratis/d16e900d-2014-41f3-b9d3-5d100605878c
2019-09-26 15:13:27,457 [pool-27-thread-1] INFO  server.RaftServerConfigKeys (ConfUtils.java:logGet(43)) - raft.server.log.queue.byte-limit = 2147483647 (custom)
2019-09-26 15:13:27,457 [pool-27-thread-1] INFO  server.RaftServerConfigKeys (ConfUtils.java:logGet(43)) - raft.server.log.queue.element-limit = 1024 (custom)
2019-09-26 15:13:27,457 [pool-27-thread-1] INFO  server.RaftServerConfigKeys (ConfUtils.java:logGet(43)) - raft.server.log.segment.size.max = 1048576 (custom)
2019-09-26 15:13:27,457 [pool-27-thread-1] INFO  server.RaftServerConfigKeys (ConfUtils.java:logGet(43)) - raft.server.log.preallocated.size = 16384 (custom)
2019-09-26 15:13:27,457 [pool-27-thread-1] INFO  server.RaftServerConfigKeys (ConfUtils.java:logGet(43)) - raft.server.log.write.buffer.size = 33554432 (custom)
2019-09-26 15:13:27,458 [pool-27-thread-1] INFO  server.RaftServerConfigKeys (ConfUtils.java:logGet(43)) - raft.server.log.force.sync.num = 128 (default)
2019-09-26 15:13:27,458 [pool-27-thread-1] INFO  server.RaftServerConfigKeys (ConfUtils.java:logGet(43)) - raft.server.log.statemachine.data.sync = true (default)
2019-09-26 15:13:27,458 [pool-27-thread-1] INFO  server.RaftServerConfigKeys (ConfUtils.java:logGet(43)) - raft.server.log.statemachine.data.sync.timeout = 10s (default)
2019-09-26 15:13:27,458 [pool-27-thread-1] INFO  server.RaftServerConfigKeys (ConfUtils.java:logGet(43)) - raft.server.log.statemachine.data.sync.timeout.retry = -1 (default)
2019-09-26 15:13:27,458 [pool-27-thread-1] INFO  server.RaftServerConfigKeys (ConfUtils.java:logGet(43)) - raft.server.log.statemachine.data.caching.enabled = true (custom)
2019-09-26 15:13:27,458 [pool-27-thread-1] INFO  segmented.SegmentedRaftLogWorker (SegmentedRaftLogWorker.java:lambda$new$0(132)) - b3e939fd-eb36-468b-9efe-5d0a1fdaa172@group-5D100605878C-SegmentedRaftLogWorker: flushIndex: setUnconditionally 0 -> -1
2019-09-26 15:13:27,458 [pool-27-thread-1] INFO  server.RaftServerConfigKeys (ConfUtils.java:logGet(43)) - raft.server.snapshot.auto.trigger.enabled = true (custom)
2019-09-26 15:13:27,458 [pool-27-thread-1] INFO  server.RaftServerConfigKeys (ConfUtils.java:logGet(43)) - raft.server.snapshot.auto.trigger.threshold = 10000 (custom)
2019-09-26 15:13:27,458 [pool-27-thread-1] INFO  server.RaftServerConfigKeys (ConfUtils.java:logGet(43)) - raft.server.snapshot.retention.num.files = 5 (custom)
2019-09-26 15:13:27,458 [pool-27-thread-1] INFO  server.RaftServerConfigKeys (ConfUtils.java:logGet(43)) - raft.server.retrycache.expirytime = 600000ms (custom)
2019-09-26 15:13:27,459 [pool-27-thread-1] INFO  impl.RaftServerImpl (RaftServerImpl.java:start(185)) - b3e939fd-eb36-468b-9efe-5d0a1fdaa172@group-5D100605878C: start as a follower, conf=-1: [b3e939fd-eb36-468b-9efe-5d0a1fdaa172:192.168.151.99:45433], old=null
2019-09-26 15:13:27,459 [pool-27-thread-1] INFO  impl.RaftServerImpl (RaftServerImpl.java:setRole(174)) - b3e939fd-eb36-468b-9efe-5d0a1fdaa172@group-5D100605878C: changes role from      null to FOLLOWER at term 0 for startAsFollower
2019-09-26 15:13:27,459 [pool-27-thread-1] INFO  impl.RoleInfo (RoleInfo.java:updateAndGet(143)) - b3e939fd-eb36-468b-9efe-5d0a1fdaa172: start FollowerState
2019-09-26 15:13:27,460 [pool-27-thread-1] INFO  util.JmxRegister (JmxRegister.java:tryRegister(44)) - Successfully registered JMX Bean with object name Ratis:service=RaftServer,group=group-5D100605878C,id=b3e939fd-eb36-468b-9efe-5d0a1fdaa172
2019-09-26 15:13:27,462 [RatisPipelineUtilsThread] INFO  pipeline.PipelineStateManager (PipelineStateManager.java:addPipeline(56)) - Created pipeline Pipeline[ Id: d16e900d-2014-41f3-b9d3-5d100605878c, Nodes: b3e939fd-eb36-468b-9efe-5d0a1fdaa172{ip: 192.168.151.99, host: pr-hdds-1569-g6sp5-2013761785, networkLocation: /default-rack, certSerialId: null}, Type:RATIS, Factor:ONE, State:OPEN]
2019-09-26 15:13:27,465 [grpc-default-executor-0] INFO  impl.RaftServerProxy (RaftServerProxy.java:addNew(89)) - b3e939fd-eb36-468b-9efe-5d0a1fdaa172: addNew group-0D1607784BB5:[b3e939fd-eb36-468b-9efe-5d0a1fdaa172:192.168.151.99:45433] returns group-0D1607784BB5:java.util.concurrent.CompletableFuture@383b96f6[Not completed]
2019-09-26 15:13:27,465 [pool-27-thread-1] INFO  impl.RaftServerImpl (RaftServerImpl.java:<init>(95)) - b3e939fd-eb36-468b-9efe-5d0a1fdaa172: new RaftServerImpl for group-0D1607784BB5:[b3e939fd-eb36-468b-9efe-5d0a1fdaa172:192.168.151.99:45433] with ContainerStateMachine:uninitialized
2019-09-26 15:13:27,465 [pool-27-thread-1] INFO  server.RaftServerConfigKeys (ConfUtils.java:logGet(43)) - raft.server.rpc.timeout.min = 5s (custom)
2019-09-26 15:13:27,465 [pool-27-thread-1] INFO  server.RaftServerConfigKeys (ConfUtils.java:logGet(43)) - raft.server.rpc.timeout.max = 5200ms (custom)
2019-09-26 15:13:27,466 [pool-27-thread-1] INFO  server.RaftServerConfigKeys (ConfUtils.java:logGet(43)) - raft.server.rpcslowness.timeout = 120s (custom)
2019-09-26 15:13:27,466 [pool-27-thread-1] INFO  server.RaftServerConfigKeys (ConfUtils.java:logGet(43)) - raft.server.sleep.deviation.threshold = 300 (default)
2019-09-26 15:13:27,466 [pool-27-thread-1] INFO  server.RaftServerConfigKeys (ConfUtils.java:logGet(43)) - raft.server.log.appender.install.snapshot.enabled = false (custom)
2019-09-26 15:13:27,466 [pool-27-thread-1] INFO  impl.RaftServerImpl (ServerState.java:<init>(103)) - b3e939fd-eb36-468b-9efe-5d0a1fdaa172@group-0D1607784BB5: ConfigurationManager, init=-1: [b3e939fd-eb36-468b-9efe-5d0a1fdaa172:192.168.151.99:45433], old=null, confs=<EMPTY_MAP>
2019-09-26 15:13:27,466 [pool-27-thread-1] INFO  server.RaftServerConfigKeys (ConfUtils.java:logGet(43)) - raft.server.storage.dir = [/workdir/hadoop-ozone/integration-test/target/test-dir/MiniOzoneClusterImpl-7e2f4b2f-6763-4a45-9ec4-264c2cef7c61/datanode-0/data/ratis] (custom)
2019-09-26 15:13:27,466 [pool-27-thread-1] INFO  storage.RaftStorageDirectory (RaftStorageDirectory.java:analyzeStorage(246)) - The storage directory /workdir/hadoop-ozone/integration-test/target/test-dir/MiniOzoneClusterImpl-7e2f4b2f-6763-4a45-9ec4-264c2cef7c61/datanode-0/data/ratis/e410e9a4-d589-483a-b2cd-0d1607784bb5 does not exist. Creating ...
2019-09-26 15:13:27,479 [pool-27-thread-1] INFO  storage.RaftStorageDirectory (RaftStorageDirectory.java:tryLock(328)) - Lock on /workdir/hadoop-ozone/integration-test/target/test-dir/MiniOzoneClusterImpl-7e2f4b2f-6763-4a45-9ec4-264c2cef7c61/datanode-0/data/ratis/e410e9a4-d589-483a-b2cd-0d1607784bb5/in_use.lock acquired by nodename 11803@pr-hdds-1569-g6sp5-2013761785
2019-09-26 15:13:27,492 [pool-27-thread-1] INFO  storage.RaftStorage (RaftStorage.java:format(72)) - Storage directory /workdir/hadoop-ozone/integration-test/target/test-dir/MiniOzoneClusterImpl-7e2f4b2f-6763-4a45-9ec4-264c2cef7c61/datanode-0/data/ratis/e410e9a4-d589-483a-b2cd-0d1607784bb5 has been successfully formatted.
2019-09-26 15:13:27,492 [pool-27-thread-1] INFO  ratis.ContainerStateMachine (ContainerStateMachine.java:loadSnapshot(230)) - group-0D1607784BB5: The snapshot info is null. Setting the last applied indexto:(t:0, i:~)
2019-09-26 15:13:27,492 [pool-27-thread-1] INFO  server.RaftServerConfigKeys (ConfUtils.java:logGet(43)) - raft.server.notification.no-leader.timeout = 120s (custom)
2019-09-26 15:13:27,492 [pool-27-thread-1] INFO  server.RaftServerConfigKeys (ConfUtils.java:logGet(43)) - raft.server.log.use.memory = false (default)
2019-09-26 15:13:27,492 [pool-27-thread-1] INFO  server.RaftServerConfigKeys (ConfUtils.java:logGet(43)) - raft.server.log.purge.gap = 1000000 (custom)
2019-09-26 15:13:27,492 [pool-27-thread-1] INFO  server.RaftServerConfigKeys (ConfUtils.java:logGet(43)) - raft.server.log.appender.buffer.byte-limit = 33554432 (custom)
2019-09-26 15:13:27,492 [pool-27-thread-1] INFO  server.RaftServerConfigKeys (ConfUtils.java:logGet(43)) - raft.server.log.segment.size.max = 1048576 (custom)
2019-09-26 15:13:27,492 [pool-27-thread-1] INFO  server.RaftServerConfigKeys (ConfUtils.java:logGet(43)) - raft.server.log.segment.cache.num.max = 2 (custom)
2019-09-26 15:13:27,492 [pool-27-thread-1] INFO  segmented.SegmentedRaftLogWorker (SegmentedRaftLogWorker.java:<init>(172)) - new b3e939fd-eb36-468b-9efe-5d0a1fdaa172@group-0D1607784BB5-SegmentedRaftLogWorker for RaftStorage:Storage Directory /workdir/hadoop-ozone/integration-test/target/test-dir/MiniOzoneClusterImpl-7e2f4b2f-6763-4a45-9ec4-264c2cef7c61/datanode-0/data/ratis/e410e9a4-d589-483a-b2cd-0d1607784bb5
2019-09-26 15:13:27,492 [pool-27-thread-1] INFO  server.RaftServerConfigKeys (ConfUtils.java:logGet(43)) - raft.server.log.queue.byte-limit = 2147483647 (custom)
2019-09-26 15:13:27,493 [pool-27-thread-1] INFO  server.RaftServerConfigKeys (ConfUtils.java:logGet(43)) - raft.server.log.queue.element-limit = 1024 (custom)
2019-09-26 15:13:27,493 [pool-27-thread-1] INFO  server.RaftServerConfigKeys (ConfUtils.java:logGet(43)) - raft.server.log.segment.size.max = 1048576 (custom)
2019-09-26 15:13:27,493 [pool-27-thread-1] INFO  server.RaftServerConfigKeys (ConfUtils.java:logGet(43)) - raft.server.log.preallocated.size = 16384 (custom)
2019-09-26 15:13:27,493 [pool-27-thread-1] INFO  server.RaftServerConfigKeys (ConfUtils.java:logGet(43)) - raft.server.log.write.buffer.size = 33554432 (custom)
2019-09-26 15:13:27,493 [pool-27-thread-1] INFO  server.RaftServerConfigKeys (ConfUtils.java:logGet(43)) - raft.server.log.force.sync.num = 128 (default)
2019-09-26 15:13:27,493 [pool-27-thread-1] INFO  server.RaftServerConfigKeys (ConfUtils.java:logGet(43)) - raft.server.log.statemachine.data.sync = true (default)
2019-09-26 15:13:27,493 [pool-27-thread-1] INFO  server.RaftServerConfigKeys (ConfUtils.java:logGet(43)) - raft.server.log.statemachine.data.sync.timeout = 10s (default)
2019-09-26 15:13:27,493 [pool-27-thread-1] INFO  server.RaftServerConfigKeys (ConfUtils.java:logGet(43)) - raft.server.log.statemachine.data.sync.timeout.retry = -1 (default)
2019-09-26 15:13:27,493 [pool-27-thread-1] INFO  server.RaftServerConfigKeys (ConfUtils.java:logGet(43)) - raft.server.log.statemachine.data.caching.enabled = true (custom)
2019-09-26 15:13:27,493 [pool-27-thread-1] INFO  segmented.SegmentedRaftLogWorker (SegmentedRaftLogWorker.java:lambda$new$0(132)) - b3e939fd-eb36-468b-9efe-5d0a1fdaa172@group-0D1607784BB5-SegmentedRaftLogWorker: flushIndex: setUnconditionally 0 -> -1
2019-09-26 15:13:27,493 [pool-27-thread-1] INFO  server.RaftServerConfigKeys (ConfUtils.java:logGet(43)) - raft.server.snapshot.auto.trigger.enabled = true (custom)
2019-09-26 15:13:27,494 [pool-27-thread-1] INFO  server.RaftServerConfigKeys (ConfUtils.java:logGet(43)) - raft.server.snapshot.auto.trigger.threshold = 10000 (custom)
2019-09-26 15:13:27,494 [pool-27-thread-1] INFO  server.RaftServerConfigKeys (ConfUtils.java:logGet(43)) - raft.server.snapshot.retention.num.files = 5 (custom)
2019-09-26 15:13:27,494 [pool-27-thread-1] INFO  server.RaftServerConfigKeys (ConfUtils.java:logGet(43)) - raft.server.retrycache.expirytime = 600000ms (custom)
2019-09-26 15:13:27,495 [pool-27-thread-1] INFO  impl.RaftServerImpl (RaftServerImpl.java:start(185)) - b3e939fd-eb36-468b-9efe-5d0a1fdaa172@group-0D1607784BB5: start as a follower, conf=-1: [b3e939fd-eb36-468b-9efe-5d0a1fdaa172:192.168.151.99:45433], old=null
2019-09-26 15:13:27,495 [pool-27-thread-1] INFO  impl.RaftServerImpl (RaftServerImpl.java:setRole(174)) - b3e939fd-eb36-468b-9efe-5d0a1fdaa172@group-0D1607784BB5: changes role from      null to FOLLOWER at term 0 for startAsFollower
2019-09-26 15:13:27,495 [pool-27-thread-1] INFO  impl.RoleInfo (RoleInfo.java:updateAndGet(143)) - b3e939fd-eb36-468b-9efe-5d0a1fdaa172: start FollowerState
2019-09-26 15:13:27,495 [pool-27-thread-1] INFO  util.JmxRegister (JmxRegister.java:tryRegister(44)) - Successfully registered JMX Bean with object name Ratis:service=RaftServer,group=group-0D1607784BB5,id=b3e939fd-eb36-468b-9efe-5d0a1fdaa172
2019-09-26 15:13:27,497 [RatisPipelineUtilsThread] INFO  pipeline.PipelineStateManager (PipelineStateManager.java:addPipeline(56)) - Created pipeline Pipeline[ Id: e410e9a4-d589-483a-b2cd-0d1607784bb5, Nodes: b3e939fd-eb36-468b-9efe-5d0a1fdaa172{ip: 192.168.151.99, host: pr-hdds-1569-g6sp5-2013761785, networkLocation: /default-rack, certSerialId: null}, Type:RATIS, Factor:ONE, State:OPEN]
2019-09-26 15:13:27,500 [grpc-default-executor-0] INFO  impl.RaftServerProxy (RaftServerProxy.java:addNew(89)) - b3e939fd-eb36-468b-9efe-5d0a1fdaa172: addNew group-EDB6546B42A1:[b3e939fd-eb36-468b-9efe-5d0a1fdaa172:192.168.151.99:45433] returns group-EDB6546B42A1:java.util.concurrent.CompletableFuture@3eba7c6e[Not completed]
2019-09-26 15:13:27,500 [pool-27-thread-1] INFO  impl.RaftServerImpl (RaftServerImpl.java:<init>(95)) - b3e939fd-eb36-468b-9efe-5d0a1fdaa172: new RaftServerImpl for group-EDB6546B42A1:[b3e939fd-eb36-468b-9efe-5d0a1fdaa172:192.168.151.99:45433] with ContainerStateMachine:uninitialized
2019-09-26 15:13:27,500 [pool-27-thread-1] INFO  server.RaftServerConfigKeys (ConfUtils.java:logGet(43)) - raft.server.rpc.timeout.min = 5s (custom)
2019-09-26 15:13:27,500 [pool-27-thread-1] INFO  server.RaftServerConfigKeys (ConfUtils.java:logGet(43)) - raft.server.rpc.timeout.max = 5200ms (custom)
2019-09-26 15:13:27,500 [pool-27-thread-1] INFO  server.RaftServerConfigKeys (ConfUtils.java:logGet(43)) - raft.server.rpcslowness.timeout = 120s (custom)
2019-09-26 15:13:27,500 [pool-27-thread-1] INFO  server.RaftServerConfigKeys (ConfUtils.java:logGet(43)) - raft.server.sleep.deviation.threshold = 300 (default)
2019-09-26 15:13:27,501 [pool-27-thread-1] INFO  server.RaftServerConfigKeys (ConfUtils.java:logGet(43)) - raft.server.log.appender.install.snapshot.enabled = false (custom)
2019-09-26 15:13:27,501 [pool-27-thread-1] INFO  impl.RaftServerImpl (ServerState.java:<init>(103)) - b3e939fd-eb36-468b-9efe-5d0a1fdaa172@group-EDB6546B42A1: ConfigurationManager, init=-1: [b3e939fd-eb36-468b-9efe-5d0a1fdaa172:192.168.151.99:45433], old=null, confs=<EMPTY_MAP>
2019-09-26 15:13:27,501 [pool-27-thread-1] INFO  server.RaftServerConfigKeys (ConfUtils.java:logGet(43)) - raft.server.storage.dir = [/workdir/hadoop-ozone/integration-test/target/test-dir/MiniOzoneClusterImpl-7e2f4b2f-6763-4a45-9ec4-264c2cef7c61/datanode-0/data/ratis] (custom)
2019-09-26 15:13:27,501 [pool-27-thread-1] INFO  storage.RaftStorageDirectory (RaftStorageDirectory.java:analyzeStorage(246)) - The storage directory /workdir/hadoop-ozone/integration-test/target/test-dir/MiniOzoneClusterImpl-7e2f4b2f-6763-4a45-9ec4-264c2cef7c61/datanode-0/data/ratis/8bdc36c3-c541-49d2-aca0-edb6546b42a1 does not exist. Creating ...
2019-09-26 15:13:27,514 [pool-27-thread-1] INFO  storage.RaftStorageDirectory (RaftStorageDirectory.java:tryLock(328)) - Lock on /workdir/hadoop-ozone/integration-test/target/test-dir/MiniOzoneClusterImpl-7e2f4b2f-6763-4a45-9ec4-264c2cef7c61/datanode-0/data/ratis/8bdc36c3-c541-49d2-aca0-edb6546b42a1/in_use.lock acquired by nodename 11803@pr-hdds-1569-g6sp5-2013761785
2019-09-26 15:13:27,517 [pool-27-thread-1] INFO  storage.RaftStorage (RaftStorage.java:format(72)) - Storage directory /workdir/hadoop-ozone/integration-test/target/test-dir/MiniOzoneClusterImpl-7e2f4b2f-6763-4a45-9ec4-264c2cef7c61/datanode-0/data/ratis/8bdc36c3-c541-49d2-aca0-edb6546b42a1 has been successfully formatted.
2019-09-26 15:13:27,518 [pool-27-thread-1] INFO  ratis.ContainerStateMachine (ContainerStateMachine.java:loadSnapshot(230)) - group-EDB6546B42A1: The snapshot info is null. Setting the last applied indexto:(t:0, i:~)
2019-09-26 15:13:27,518 [pool-27-thread-1] INFO  server.RaftServerConfigKeys (ConfUtils.java:logGet(43)) - raft.server.notification.no-leader.timeout = 120s (custom)
2019-09-26 15:13:27,518 [pool-27-thread-1] INFO  server.RaftServerConfigKeys (ConfUtils.java:logGet(43)) - raft.server.log.use.memory = false (default)
2019-09-26 15:13:27,518 [pool-27-thread-1] INFO  server.RaftServerConfigKeys (ConfUtils.java:logGet(43)) - raft.server.log.purge.gap = 1000000 (custom)
2019-09-26 15:13:27,518 [pool-27-thread-1] INFO  server.RaftServerConfigKeys (ConfUtils.java:logGet(43)) - raft.server.log.appender.buffer.byte-limit = 33554432 (custom)
2019-09-26 15:13:27,518 [pool-27-thread-1] INFO  server.RaftServerConfigKeys (ConfUtils.java:logGet(43)) - raft.server.log.segment.size.max = 1048576 (custom)
2019-09-26 15:13:27,518 [pool-27-thread-1] INFO  server.RaftServerConfigKeys (ConfUtils.java:logGet(43)) - raft.server.log.segment.cache.num.max = 2 (custom)
2019-09-26 15:13:27,518 [pool-27-thread-1] INFO  segmented.SegmentedRaftLogWorker (SegmentedRaftLogWorker.java:<init>(172)) - new b3e939fd-eb36-468b-9efe-5d0a1fdaa172@group-EDB6546B42A1-SegmentedRaftLogWorker for RaftStorage:Storage Directory /workdir/hadoop-ozone/integration-test/target/test-dir/MiniOzoneClusterImpl-7e2f4b2f-6763-4a45-9ec4-264c2cef7c61/datanode-0/data/ratis/8bdc36c3-c541-49d2-aca0-edb6546b42a1
2019-09-26 15:13:27,518 [pool-27-thread-1] INFO  server.RaftServerConfigKeys (ConfUtils.java:logGet(43)) - raft.server.log.queue.byte-limit = 2147483647 (custom)
2019-09-26 15:13:27,518 [pool-27-thread-1] INFO  server.RaftServerConfigKeys (ConfUtils.java:logGet(43)) - raft.server.log.queue.element-limit = 1024 (custom)
2019-09-26 15:13:27,518 [pool-27-thread-1] INFO  server.RaftServerConfigKeys (ConfUtils.java:logGet(43)) - raft.server.log.segment.size.max = 1048576 (custom)
2019-09-26 15:13:27,518 [pool-27-thread-1] INFO  server.RaftServerConfigKeys (ConfUtils.java:logGet(43)) - raft.server.log.preallocated.size = 16384 (custom)
2019-09-26 15:13:27,518 [pool-27-thread-1] INFO  server.RaftServerConfigKeys (ConfUtils.java:logGet(43)) - raft.server.log.write.buffer.size = 33554432 (custom)
2019-09-26 15:13:27,519 [pool-27-thread-1] INFO  server.RaftServerConfigKeys (ConfUtils.java:logGet(43)) - raft.server.log.force.sync.num = 128 (default)
2019-09-26 15:13:27,519 [pool-27-thread-1] INFO  server.RaftServerConfigKeys (ConfUtils.java:logGet(43)) - raft.server.log.statemachine.data.sync = true (default)
2019-09-26 15:13:27,519 [pool-27-thread-1] INFO  server.RaftServerConfigKeys (ConfUtils.java:logGet(43)) - raft.server.log.statemachine.data.sync.timeout = 10s (default)
2019-09-26 15:13:27,519 [pool-27-thread-1] INFO  server.RaftServerConfigKeys (ConfUtils.java:logGet(43)) - raft.server.log.statemachine.data.sync.timeout.retry = -1 (default)
2019-09-26 15:13:27,519 [pool-27-thread-1] INFO  server.RaftServerConfigKeys (ConfUtils.java:logGet(43)) - raft.server.log.statemachine.data.caching.enabled = true (custom)
2019-09-26 15:13:27,519 [pool-27-thread-1] INFO  segmented.SegmentedRaftLogWorker (SegmentedRaftLogWorker.java:lambda$new$0(132)) - b3e939fd-eb36-468b-9efe-5d0a1fdaa172@group-EDB6546B42A1-SegmentedRaftLogWorker: flushIndex: setUnconditionally 0 -> -1
2019-09-26 15:13:27,519 [pool-27-thread-1] INFO  server.RaftServerConfigKeys (ConfUtils.java:logGet(43)) - raft.server.snapshot.auto.trigger.enabled = true (custom)
2019-09-26 15:13:27,519 [pool-27-thread-1] INFO  server.RaftServerConfigKeys (ConfUtils.java:logGet(43)) - raft.server.snapshot.auto.trigger.threshold = 10000 (custom)
2019-09-26 15:13:27,519 [pool-27-thread-1] INFO  server.RaftServerConfigKeys (ConfUtils.java:logGet(43)) - raft.server.snapshot.retention.num.files = 5 (custom)
2019-09-26 15:13:27,519 [pool-27-thread-1] INFO  server.RaftServerConfigKeys (ConfUtils.java:logGet(43)) - raft.server.retrycache.expirytime = 600000ms (custom)
2019-09-26 15:13:27,520 [pool-27-thread-1] INFO  impl.RaftServerImpl (RaftServerImpl.java:start(185)) - b3e939fd-eb36-468b-9efe-5d0a1fdaa172@group-EDB6546B42A1: start as a follower, conf=-1: [b3e939fd-eb36-468b-9efe-5d0a1fdaa172:192.168.151.99:45433], old=null
2019-09-26 15:13:27,520 [pool-27-thread-1] INFO  impl.RaftServerImpl (RaftServerImpl.java:setRole(174)) - b3e939fd-eb36-468b-9efe-5d0a1fdaa172@group-EDB6546B42A1: changes role from      null to FOLLOWER at term 0 for startAsFollower
2019-09-26 15:13:27,520 [pool-27-thread-1] INFO  impl.RoleInfo (RoleInfo.java:updateAndGet(143)) - b3e939fd-eb36-468b-9efe-5d0a1fdaa172: start FollowerState
2019-09-26 15:13:27,521 [pool-27-thread-1] INFO  util.JmxRegister (JmxRegister.java:tryRegister(44)) - Successfully registered JMX Bean with object name Ratis:service=RaftServer,group=group-EDB6546B42A1,id=b3e939fd-eb36-468b-9efe-5d0a1fdaa172
2019-09-26 15:13:27,522 [RatisPipelineUtilsThread] INFO  pipeline.PipelineStateManager (PipelineStateManager.java:addPipeline(56)) - Created pipeline Pipeline[ Id: 8bdc36c3-c541-49d2-aca0-edb6546b42a1, Nodes: b3e939fd-eb36-468b-9efe-5d0a1fdaa172{ip: 192.168.151.99, host: pr-hdds-1569-g6sp5-2013761785, networkLocation: /default-rack, certSerialId: null}, Type:RATIS, Factor:ONE, State:OPEN]
2019-09-26 15:13:27,525 [grpc-default-executor-0] INFO  impl.RaftServerProxy (RaftServerProxy.java:addNew(89)) - b3e939fd-eb36-468b-9efe-5d0a1fdaa172: addNew group-8B05B049A6AC:[b3e939fd-eb36-468b-9efe-5d0a1fdaa172:192.168.151.99:45433] returns group-8B05B049A6AC:java.util.concurrent.CompletableFuture@9333b53[Not completed]
2019-09-26 15:13:27,525 [pool-27-thread-1] INFO  impl.RaftServerImpl (RaftServerImpl.java:<init>(95)) - b3e939fd-eb36-468b-9efe-5d0a1fdaa172: new RaftServerImpl for group-8B05B049A6AC:[b3e939fd-eb36-468b-9efe-5d0a1fdaa172:192.168.151.99:45433] with ContainerStateMachine:uninitialized
2019-09-26 15:13:27,526 [pool-27-thread-1] INFO  server.RaftServerConfigKeys (ConfUtils.java:logGet(43)) - raft.server.rpc.timeout.min = 5s (custom)
2019-09-26 15:13:27,526 [pool-27-thread-1] INFO  server.RaftServerConfigKeys (ConfUtils.java:logGet(43)) - raft.server.rpc.timeout.max = 5200ms (custom)
2019-09-26 15:13:27,526 [pool-27-thread-1] INFO  server.RaftServerConfigKeys (ConfUtils.java:logGet(43)) - raft.server.rpcslowness.timeout = 120s (custom)
2019-09-26 15:13:27,526 [pool-27-thread-1] INFO  server.RaftServerConfigKeys (ConfUtils.java:logGet(43)) - raft.server.sleep.deviation.threshold = 300 (default)
2019-09-26 15:13:27,526 [pool-27-thread-1] INFO  server.RaftServerConfigKeys (ConfUtils.java:logGet(43)) - raft.server.log.appender.install.snapshot.enabled = false (custom)
2019-09-26 15:13:27,526 [pool-27-thread-1] INFO  impl.RaftServerImpl (ServerState.java:<init>(103)) - b3e939fd-eb36-468b-9efe-5d0a1fdaa172@group-8B05B049A6AC: ConfigurationManager, init=-1: [b3e939fd-eb36-468b-9efe-5d0a1fdaa172:192.168.151.99:45433], old=null, confs=<EMPTY_MAP>
2019-09-26 15:13:27,526 [pool-27-thread-1] INFO  server.RaftServerConfigKeys (ConfUtils.java:logGet(43)) - raft.server.storage.dir = [/workdir/hadoop-ozone/integration-test/target/test-dir/MiniOzoneClusterImpl-7e2f4b2f-6763-4a45-9ec4-264c2cef7c61/datanode-0/data/ratis] (custom)
2019-09-26 15:13:27,527 [pool-27-thread-1] INFO  storage.RaftStorageDirectory (RaftStorageDirectory.java:analyzeStorage(246)) - The storage directory /workdir/hadoop-ozone/integration-test/target/test-dir/MiniOzoneClusterImpl-7e2f4b2f-6763-4a45-9ec4-264c2cef7c61/datanode-0/data/ratis/cbea5f09-4c90-4930-afe9-8b05b049a6ac does not exist. Creating ...
2019-09-26 15:13:27,529 [pool-27-thread-1] INFO  storage.RaftStorageDirectory (RaftStorageDirectory.java:tryLock(328)) - Lock on /workdir/hadoop-ozone/integration-test/target/test-dir/MiniOzoneClusterImpl-7e2f4b2f-6763-4a45-9ec4-264c2cef7c61/datanode-0/data/ratis/cbea5f09-4c90-4930-afe9-8b05b049a6ac/in_use.lock acquired by nodename 11803@pr-hdds-1569-g6sp5-2013761785
2019-09-26 15:13:27,534 [pool-27-thread-1] INFO  storage.RaftStorage (RaftStorage.java:format(72)) - Storage directory /workdir/hadoop-ozone/integration-test/target/test-dir/MiniOzoneClusterImpl-7e2f4b2f-6763-4a45-9ec4-264c2cef7c61/datanode-0/data/ratis/cbea5f09-4c90-4930-afe9-8b05b049a6ac has been successfully formatted.
2019-09-26 15:13:27,534 [pool-27-thread-1] INFO  ratis.ContainerStateMachine (ContainerStateMachine.java:loadSnapshot(230)) - group-8B05B049A6AC: The snapshot info is null. Setting the last applied indexto:(t:0, i:~)
2019-09-26 15:13:27,534 [pool-27-thread-1] INFO  server.RaftServerConfigKeys (ConfUtils.java:logGet(43)) - raft.server.notification.no-leader.timeout = 120s (custom)
2019-09-26 15:13:27,534 [pool-27-thread-1] INFO  server.RaftServerConfigKeys (ConfUtils.java:logGet(43)) - raft.server.log.use.memory = false (default)
2019-09-26 15:13:27,534 [pool-27-thread-1] INFO  server.RaftServerConfigKeys (ConfUtils.java:logGet(43)) - raft.server.log.purge.gap = 1000000 (custom)
2019-09-26 15:13:27,534 [pool-27-thread-1] INFO  server.RaftServerConfigKeys (ConfUtils.java:logGet(43)) - raft.server.log.appender.buffer.byte-limit = 33554432 (custom)
2019-09-26 15:13:27,535 [pool-27-thread-1] INFO  server.RaftServerConfigKeys (ConfUtils.java:logGet(43)) - raft.server.log.segment.size.max = 1048576 (custom)
2019-09-26 15:13:27,535 [pool-27-thread-1] INFO  server.RaftServerConfigKeys (ConfUtils.java:logGet(43)) - raft.server.log.segment.cache.num.max = 2 (custom)
2019-09-26 15:13:27,535 [pool-27-thread-1] INFO  segmented.SegmentedRaftLogWorker (SegmentedRaftLogWorker.java:<init>(172)) - new b3e939fd-eb36-468b-9efe-5d0a1fdaa172@group-8B05B049A6AC-SegmentedRaftLogWorker for RaftStorage:Storage Directory /workdir/hadoop-ozone/integration-test/target/test-dir/MiniOzoneClusterImpl-7e2f4b2f-6763-4a45-9ec4-264c2cef7c61/datanode-0/data/ratis/cbea5f09-4c90-4930-afe9-8b05b049a6ac
2019-09-26 15:13:27,535 [pool-27-thread-1] INFO  server.RaftServerConfigKeys (ConfUtils.java:logGet(43)) - raft.server.log.queue.byte-limit = 2147483647 (custom)
2019-09-26 15:13:27,535 [pool-27-thread-1] INFO  server.RaftServerConfigKeys (ConfUtils.java:logGet(43)) - raft.server.log.queue.element-limit = 1024 (custom)
2019-09-26 15:13:27,535 [pool-27-thread-1] INFO  server.RaftServerConfigKeys (ConfUtils.java:logGet(43)) - raft.server.log.segment.size.max = 1048576 (custom)
2019-09-26 15:13:27,535 [pool-27-thread-1] INFO  server.RaftServerConfigKeys (ConfUtils.java:logGet(43)) - raft.server.log.preallocated.size = 16384 (custom)
2019-09-26 15:13:27,535 [pool-27-thread-1] INFO  server.RaftServerConfigKeys (ConfUtils.java:logGet(43)) - raft.server.log.write.buffer.size = 33554432 (custom)
2019-09-26 15:13:27,535 [pool-27-thread-1] INFO  server.RaftServerConfigKeys (ConfUtils.java:logGet(43)) - raft.server.log.force.sync.num = 128 (default)
2019-09-26 15:13:27,535 [pool-27-thread-1] INFO  server.RaftServerConfigKeys (ConfUtils.java:logGet(43)) - raft.server.log.statemachine.data.sync = true (default)
2019-09-26 15:13:27,535 [pool-27-thread-1] INFO  server.RaftServerConfigKeys (ConfUtils.java:logGet(43)) - raft.server.log.statemachine.data.sync.timeout = 10s (default)
2019-09-26 15:13:27,535 [pool-27-thread-1] INFO  server.RaftServerConfigKeys (ConfUtils.java:logGet(43)) - raft.server.log.statemachine.data.sync.timeout.retry = -1 (default)
2019-09-26 15:13:27,535 [pool-27-thread-1] INFO  server.RaftServerConfigKeys (ConfUtils.java:logGet(43)) - raft.server.log.statemachine.data.caching.enabled = true (custom)
2019-09-26 15:13:27,536 [pool-27-thread-1] INFO  segmented.SegmentedRaftLogWorker (SegmentedRaftLogWorker.java:lambda$new$0(132)) - b3e939fd-eb36-468b-9efe-5d0a1fdaa172@group-8B05B049A6AC-SegmentedRaftLogWorker: flushIndex: setUnconditionally 0 -> -1
2019-09-26 15:13:27,536 [pool-27-thread-1] INFO  server.RaftServerConfigKeys (ConfUtils.java:logGet(43)) - raft.server.snapshot.auto.trigger.enabled = true (custom)
2019-09-26 15:13:27,536 [pool-27-thread-1] INFO  server.RaftServerConfigKeys (ConfUtils.java:logGet(43)) - raft.server.snapshot.auto.trigger.threshold = 10000 (custom)
2019-09-26 15:13:27,536 [pool-27-thread-1] INFO  server.RaftServerConfigKeys (ConfUtils.java:logGet(43)) - raft.server.snapshot.retention.num.files = 5 (custom)
2019-09-26 15:13:27,536 [pool-27-thread-1] INFO  server.RaftServerConfigKeys (ConfUtils.java:logGet(43)) - raft.server.retrycache.expirytime = 600000ms (custom)
2019-09-26 15:13:27,537 [pool-27-thread-1] INFO  impl.RaftServerImpl (RaftServerImpl.java:start(185)) - b3e939fd-eb36-468b-9efe-5d0a1fdaa172@group-8B05B049A6AC: start as a follower, conf=-1: [b3e939fd-eb36-468b-9efe-5d0a1fdaa172:192.168.151.99:45433], old=null
2019-09-26 15:13:27,537 [pool-27-thread-1] INFO  impl.RaftServerImpl (RaftServerImpl.java:setRole(174)) - b3e939fd-eb36-468b-9efe-5d0a1fdaa172@group-8B05B049A6AC: changes role from      null to FOLLOWER at term 0 for startAsFollower
2019-09-26 15:13:27,537 [pool-27-thread-1] INFO  impl.RoleInfo (RoleInfo.java:updateAndGet(143)) - b3e939fd-eb36-468b-9efe-5d0a1fdaa172: start FollowerState
2019-09-26 15:13:27,537 [pool-27-thread-1] INFO  util.JmxRegister (JmxRegister.java:tryRegister(44)) - Successfully registered JMX Bean with object name Ratis:service=RaftServer,group=group-8B05B049A6AC,id=b3e939fd-eb36-468b-9efe-5d0a1fdaa172
2019-09-26 15:13:27,539 [RatisPipelineUtilsThread] INFO  pipeline.PipelineStateManager (PipelineStateManager.java:addPipeline(56)) - Created pipeline Pipeline[ Id: cbea5f09-4c90-4930-afe9-8b05b049a6ac, Nodes: b3e939fd-eb36-468b-9efe-5d0a1fdaa172{ip: 192.168.151.99, host: pr-hdds-1569-g6sp5-2013761785, networkLocation: /default-rack, certSerialId: null}, Type:RATIS, Factor:ONE, State:OPEN]
2019-09-26 15:13:27,542 [grpc-default-executor-0] INFO  impl.RaftServerProxy (RaftServerProxy.java:addNew(89)) - b3e939fd-eb36-468b-9efe-5d0a1fdaa172: addNew group-8ABA77F86B69:[b3e939fd-eb36-468b-9efe-5d0a1fdaa172:192.168.151.99:45433] returns group-8ABA77F86B69:java.util.concurrent.CompletableFuture@315d9f3b[Not completed]
2019-09-26 15:13:27,542 [pool-27-thread-1] INFO  impl.RaftServerImpl (RaftServerImpl.java:<init>(95)) - b3e939fd-eb36-468b-9efe-5d0a1fdaa172: new RaftServerImpl for group-8ABA77F86B69:[b3e939fd-eb36-468b-9efe-5d0a1fdaa172:192.168.151.99:45433] with ContainerStateMachine:uninitialized
2019-09-26 15:13:27,542 [pool-27-thread-1] INFO  server.RaftServerConfigKeys (ConfUtils.java:logGet(43)) - raft.server.rpc.timeout.min = 5s (custom)
2019-09-26 15:13:27,542 [pool-27-thread-1] INFO  server.RaftServerConfigKeys (ConfUtils.java:logGet(43)) - raft.server.rpc.timeout.max = 5200ms (custom)
2019-09-26 15:13:27,542 [pool-27-thread-1] INFO  server.RaftServerConfigKeys (ConfUtils.java:logGet(43)) - raft.server.rpcslowness.timeout = 120s (custom)
2019-09-26 15:13:27,542 [pool-27-thread-1] INFO  server.RaftServerConfigKeys (ConfUtils.java:logGet(43)) - raft.server.sleep.deviation.threshold = 300 (default)
2019-09-26 15:13:27,542 [pool-27-thread-1] INFO  server.RaftServerConfigKeys (ConfUtils.java:logGet(43)) - raft.server.log.appender.install.snapshot.enabled = false (custom)
2019-09-26 15:13:27,543 [pool-27-thread-1] INFO  impl.RaftServerImpl (ServerState.java:<init>(103)) - b3e939fd-eb36-468b-9efe-5d0a1fdaa172@group-8ABA77F86B69: ConfigurationManager, init=-1: [b3e939fd-eb36-468b-9efe-5d0a1fdaa172:192.168.151.99:45433], old=null, confs=<EMPTY_MAP>
2019-09-26 15:13:27,543 [pool-27-thread-1] INFO  server.RaftServerConfigKeys (ConfUtils.java:logGet(43)) - raft.server.storage.dir = [/workdir/hadoop-ozone/integration-test/target/test-dir/MiniOzoneClusterImpl-7e2f4b2f-6763-4a45-9ec4-264c2cef7c61/datanode-0/data/ratis] (custom)
2019-09-26 15:13:27,543 [pool-27-thread-1] INFO  storage.RaftStorageDirectory (RaftStorageDirectory.java:analyzeStorage(246)) - The storage directory /workdir/hadoop-ozone/integration-test/target/test-dir/MiniOzoneClusterImpl-7e2f4b2f-6763-4a45-9ec4-264c2cef7c61/datanode-0/data/ratis/e7d87595-5186-4e5d-8fe5-8aba77f86b69 does not exist. Creating ...
2019-09-26 15:13:27,553 [pool-27-thread-1] INFO  storage.RaftStorageDirectory (RaftStorageDirectory.java:tryLock(328)) - Lock on /workdir/hadoop-ozone/integration-test/target/test-dir/MiniOzoneClusterImpl-7e2f4b2f-6763-4a45-9ec4-264c2cef7c61/datanode-0/data/ratis/e7d87595-5186-4e5d-8fe5-8aba77f86b69/in_use.lock acquired by nodename 11803@pr-hdds-1569-g6sp5-2013761785
2019-09-26 15:13:27,566 [pool-27-thread-1] INFO  storage.RaftStorage (RaftStorage.java:format(72)) - Storage directory /workdir/hadoop-ozone/integration-test/target/test-dir/MiniOzoneClusterImpl-7e2f4b2f-6763-4a45-9ec4-264c2cef7c61/datanode-0/data/ratis/e7d87595-5186-4e5d-8fe5-8aba77f86b69 has been successfully formatted.
2019-09-26 15:13:27,566 [pool-27-thread-1] INFO  ratis.ContainerStateMachine (ContainerStateMachine.java:loadSnapshot(230)) - group-8ABA77F86B69: The snapshot info is null. Setting the last applied indexto:(t:0, i:~)
2019-09-26 15:13:27,566 [pool-27-thread-1] INFO  server.RaftServerConfigKeys (ConfUtils.java:logGet(43)) - raft.server.notification.no-leader.timeout = 120s (custom)
2019-09-26 15:13:27,566 [pool-27-thread-1] INFO  server.RaftServerConfigKeys (ConfUtils.java:logGet(43)) - raft.server.log.use.memory = false (default)
2019-09-26 15:13:27,567 [pool-27-thread-1] INFO  server.RaftServerConfigKeys (ConfUtils.java:logGet(43)) - raft.server.log.purge.gap = 1000000 (custom)
2019-09-26 15:13:27,567 [pool-27-thread-1] INFO  server.RaftServerConfigKeys (ConfUtils.java:logGet(43)) - raft.server.log.appender.buffer.byte-limit = 33554432 (custom)
2019-09-26 15:13:27,567 [pool-27-thread-1] INFO  server.RaftServerConfigKeys (ConfUtils.java:logGet(43)) - raft.server.log.segment.size.max = 1048576 (custom)
2019-09-26 15:13:27,567 [pool-27-thread-1] INFO  server.RaftServerConfigKeys (ConfUtils.java:logGet(43)) - raft.server.log.segment.cache.num.max = 2 (custom)
2019-09-26 15:13:27,567 [pool-27-thread-1] INFO  segmented.SegmentedRaftLogWorker (SegmentedRaftLogWorker.java:<init>(172)) - new b3e939fd-eb36-468b-9efe-5d0a1fdaa172@group-8ABA77F86B69-SegmentedRaftLogWorker for RaftStorage:Storage Directory /workdir/hadoop-ozone/integration-test/target/test-dir/MiniOzoneClusterImpl-7e2f4b2f-6763-4a45-9ec4-264c2cef7c61/datanode-0/data/ratis/e7d87595-5186-4e5d-8fe5-8aba77f86b69
2019-09-26 15:13:27,567 [pool-27-thread-1] INFO  server.RaftServerConfigKeys (ConfUtils.java:logGet(43)) - raft.server.log.queue.byte-limit = 2147483647 (custom)
2019-09-26 15:13:27,567 [pool-27-thread-1] INFO  server.RaftServerConfigKeys (ConfUtils.java:logGet(43)) - raft.server.log.queue.element-limit = 1024 (custom)
2019-09-26 15:13:27,567 [pool-27-thread-1] INFO  server.RaftServerConfigKeys (ConfUtils.java:logGet(43)) - raft.server.log.segment.size.max = 1048576 (custom)
2019-09-26 15:13:27,567 [pool-27-thread-1] INFO  server.RaftServerConfigKeys (ConfUtils.java:logGet(43)) - raft.server.log.preallocated.size = 16384 (custom)
2019-09-26 15:13:27,567 [pool-27-thread-1] INFO  server.RaftServerConfigKeys (ConfUtils.java:logGet(43)) - raft.server.log.write.buffer.size = 33554432 (custom)
2019-09-26 15:13:27,567 [pool-27-thread-1] INFO  server.RaftServerConfigKeys (ConfUtils.java:logGet(43)) - raft.server.log.force.sync.num = 128 (default)
2019-09-26 15:13:27,567 [pool-27-thread-1] INFO  server.RaftServerConfigKeys (ConfUtils.java:logGet(43)) - raft.server.log.statemachine.data.sync = true (default)
2019-09-26 15:13:27,567 [pool-27-thread-1] INFO  server.RaftServerConfigKeys (ConfUtils.java:logGet(43)) - raft.server.log.statemachine.data.sync.timeout = 10s (default)
2019-09-26 15:13:27,568 [pool-27-thread-1] INFO  server.RaftServerConfigKeys (ConfUtils.java:logGet(43)) - raft.server.log.statemachine.data.sync.timeout.retry = -1 (default)
2019-09-26 15:13:27,568 [pool-27-thread-1] INFO  server.RaftServerConfigKeys (ConfUtils.java:logGet(43)) - raft.server.log.statemachine.data.caching.enabled = true (custom)
2019-09-26 15:13:27,568 [pool-27-thread-1] INFO  segmented.SegmentedRaftLogWorker (SegmentedRaftLogWorker.java:lambda$new$0(132)) - b3e939fd-eb36-468b-9efe-5d0a1fdaa172@group-8ABA77F86B69-SegmentedRaftLogWorker: flushIndex: setUnconditionally 0 -> -1
2019-09-26 15:13:27,568 [pool-27-thread-1] INFO  server.RaftServerConfigKeys (ConfUtils.java:logGet(43)) - raft.server.snapshot.auto.trigger.enabled = true (custom)
2019-09-26 15:13:27,568 [pool-27-thread-1] INFO  server.RaftServerConfigKeys (ConfUtils.java:logGet(43)) - raft.server.snapshot.auto.trigger.threshold = 10000 (custom)
2019-09-26 15:13:27,568 [pool-27-thread-1] INFO  server.RaftServerConfigKeys (ConfUtils.java:logGet(43)) - raft.server.snapshot.retention.num.files = 5 (custom)
2019-09-26 15:13:27,568 [pool-27-thread-1] INFO  server.RaftServerConfigKeys (ConfUtils.java:logGet(43)) - raft.server.retrycache.expirytime = 600000ms (custom)
2019-09-26 15:13:27,569 [pool-27-thread-1] INFO  impl.RaftServerImpl (RaftServerImpl.java:start(185)) - b3e939fd-eb36-468b-9efe-5d0a1fdaa172@group-8ABA77F86B69: start as a follower, conf=-1: [b3e939fd-eb36-468b-9efe-5d0a1fdaa172:192.168.151.99:45433], old=null
2019-09-26 15:13:27,569 [pool-27-thread-1] INFO  impl.RaftServerImpl (RaftServerImpl.java:setRole(174)) - b3e939fd-eb36-468b-9efe-5d0a1fdaa172@group-8ABA77F86B69: changes role from      null to FOLLOWER at term 0 for startAsFollower
2019-09-26 15:13:27,569 [pool-27-thread-1] INFO  impl.RoleInfo (RoleInfo.java:updateAndGet(143)) - b3e939fd-eb36-468b-9efe-5d0a1fdaa172: start FollowerState
2019-09-26 15:13:27,570 [pool-27-thread-1] INFO  util.JmxRegister (JmxRegister.java:tryRegister(44)) - Successfully registered JMX Bean with object name Ratis:service=RaftServer,group=group-8ABA77F86B69,id=b3e939fd-eb36-468b-9efe-5d0a1fdaa172
2019-09-26 15:13:27,571 [RatisPipelineUtilsThread] INFO  pipeline.PipelineStateManager (PipelineStateManager.java:addPipeline(56)) - Created pipeline Pipeline[ Id: e7d87595-5186-4e5d-8fe5-8aba77f86b69, Nodes: b3e939fd-eb36-468b-9efe-5d0a1fdaa172{ip: 192.168.151.99, host: pr-hdds-1569-g6sp5-2013761785, networkLocation: /default-rack, certSerialId: null}, Type:RATIS, Factor:ONE, State:OPEN]
2019-09-26 15:13:27,574 [grpc-default-executor-0] INFO  impl.RaftServerProxy (RaftServerProxy.java:addNew(89)) - b3e939fd-eb36-468b-9efe-5d0a1fdaa172: addNew group-28CF379EBB19:[b3e939fd-eb36-468b-9efe-5d0a1fdaa172:192.168.151.99:45433] returns group-28CF379EBB19:java.util.concurrent.CompletableFuture@102f258e[Not completed]
2019-09-26 15:13:27,575 [pool-27-thread-1] INFO  impl.RaftServerImpl (RaftServerImpl.java:<init>(95)) - b3e939fd-eb36-468b-9efe-5d0a1fdaa172: new RaftServerImpl for group-28CF379EBB19:[b3e939fd-eb36-468b-9efe-5d0a1fdaa172:192.168.151.99:45433] with ContainerStateMachine:uninitialized
2019-09-26 15:13:27,575 [pool-27-thread-1] INFO  server.RaftServerConfigKeys (ConfUtils.java:logGet(43)) - raft.server.rpc.timeout.min = 5s (custom)
2019-09-26 15:13:27,575 [pool-27-thread-1] INFO  server.RaftServerConfigKeys (ConfUtils.java:logGet(43)) - raft.server.rpc.timeout.max = 5200ms (custom)
2019-09-26 15:13:27,575 [pool-27-thread-1] INFO  server.RaftServerConfigKeys (ConfUtils.java:logGet(43)) - raft.server.rpcslowness.timeout = 120s (custom)
2019-09-26 15:13:27,575 [pool-27-thread-1] INFO  server.RaftServerConfigKeys (ConfUtils.java:logGet(43)) - raft.server.sleep.deviation.threshold = 300 (default)
2019-09-26 15:13:27,575 [pool-27-thread-1] INFO  server.RaftServerConfigKeys (ConfUtils.java:logGet(43)) - raft.server.log.appender.install.snapshot.enabled = false (custom)
2019-09-26 15:13:27,575 [pool-27-thread-1] INFO  impl.RaftServerImpl (ServerState.java:<init>(103)) - b3e939fd-eb36-468b-9efe-5d0a1fdaa172@group-28CF379EBB19: ConfigurationManager, init=-1: [b3e939fd-eb36-468b-9efe-5d0a1fdaa172:192.168.151.99:45433], old=null, confs=<EMPTY_MAP>
2019-09-26 15:13:27,575 [pool-27-thread-1] INFO  server.RaftServerConfigKeys (ConfUtils.java:logGet(43)) - raft.server.storage.dir = [/workdir/hadoop-ozone/integration-test/target/test-dir/MiniOzoneClusterImpl-7e2f4b2f-6763-4a45-9ec4-264c2cef7c61/datanode-0/data/ratis] (custom)
2019-09-26 15:13:27,576 [pool-27-thread-1] INFO  storage.RaftStorageDirectory (RaftStorageDirectory.java:analyzeStorage(246)) - The storage directory /workdir/hadoop-ozone/integration-test/target/test-dir/MiniOzoneClusterImpl-7e2f4b2f-6763-4a45-9ec4-264c2cef7c61/datanode-0/data/ratis/e075c239-a128-410c-92ca-28cf379ebb19 does not exist. Creating ...
2019-09-26 15:13:27,581 [pool-27-thread-1] INFO  storage.RaftStorageDirectory (RaftStorageDirectory.java:tryLock(328)) - Lock on /workdir/hadoop-ozone/integration-test/target/test-dir/MiniOzoneClusterImpl-7e2f4b2f-6763-4a45-9ec4-264c2cef7c61/datanode-0/data/ratis/e075c239-a128-410c-92ca-28cf379ebb19/in_use.lock acquired by nodename 11803@pr-hdds-1569-g6sp5-2013761785
2019-09-26 15:13:27,594 [pool-27-thread-1] INFO  storage.RaftStorage (RaftStorage.java:format(72)) - Storage directory /workdir/hadoop-ozone/integration-test/target/test-dir/MiniOzoneClusterImpl-7e2f4b2f-6763-4a45-9ec4-264c2cef7c61/datanode-0/data/ratis/e075c239-a128-410c-92ca-28cf379ebb19 has been successfully formatted.
2019-09-26 15:13:27,594 [pool-27-thread-1] INFO  ratis.ContainerStateMachine (ContainerStateMachine.java:loadSnapshot(230)) - group-28CF379EBB19: The snapshot info is null. Setting the last applied indexto:(t:0, i:~)
2019-09-26 15:13:27,594 [pool-27-thread-1] INFO  server.RaftServerConfigKeys (ConfUtils.java:logGet(43)) - raft.server.notification.no-leader.timeout = 120s (custom)
2019-09-26 15:13:27,594 [pool-27-thread-1] INFO  server.RaftServerConfigKeys (ConfUtils.java:logGet(43)) - raft.server.log.use.memory = false (default)
2019-09-26 15:13:27,594 [pool-27-thread-1] INFO  server.RaftServerConfigKeys (ConfUtils.java:logGet(43)) - raft.server.log.purge.gap = 1000000 (custom)
2019-09-26 15:13:27,594 [pool-27-thread-1] INFO  server.RaftServerConfigKeys (ConfUtils.java:logGet(43)) - raft.server.log.appender.buffer.byte-limit = 33554432 (custom)
2019-09-26 15:13:27,594 [pool-27-thread-1] INFO  server.RaftServerConfigKeys (ConfUtils.java:logGet(43)) - raft.server.log.segment.size.max = 1048576 (custom)
2019-09-26 15:13:27,595 [pool-27-thread-1] INFO  server.RaftServerConfigKeys (ConfUtils.java:logGet(43)) - raft.server.log.segment.cache.num.max = 2 (custom)
2019-09-26 15:13:27,595 [pool-27-thread-1] INFO  segmented.SegmentedRaftLogWorker (SegmentedRaftLogWorker.java:<init>(172)) - new b3e939fd-eb36-468b-9efe-5d0a1fdaa172@group-28CF379EBB19-SegmentedRaftLogWorker for RaftStorage:Storage Directory /workdir/hadoop-ozone/integration-test/target/test-dir/MiniOzoneClusterImpl-7e2f4b2f-6763-4a45-9ec4-264c2cef7c61/datanode-0/data/ratis/e075c239-a128-410c-92ca-28cf379ebb19
2019-09-26 15:13:27,595 [pool-27-thread-1] INFO  server.RaftServerConfigKeys (ConfUtils.java:logGet(43)) - raft.server.log.queue.byte-limit = 2147483647 (custom)
2019-09-26 15:13:27,595 [pool-27-thread-1] INFO  server.RaftServerConfigKeys (ConfUtils.java:logGet(43)) - raft.server.log.queue.element-limit = 1024 (custom)
2019-09-26 15:13:27,595 [pool-27-thread-1] INFO  server.RaftServerConfigKeys (ConfUtils.java:logGet(43)) - raft.server.log.segment.size.max = 1048576 (custom)
2019-09-26 15:13:27,595 [pool-27-thread-1] INFO  server.RaftServerConfigKeys (ConfUtils.java:logGet(43)) - raft.server.log.preallocated.size = 16384 (custom)
2019-09-26 15:13:27,595 [pool-27-thread-1] INFO  server.RaftServerConfigKeys (ConfUtils.java:logGet(43)) - raft.server.log.write.buffer.size = 33554432 (custom)
2019-09-26 15:13:27,595 [pool-27-thread-1] INFO  server.RaftServerConfigKeys (ConfUtils.java:logGet(43)) - raft.server.log.force.sync.num = 128 (default)
2019-09-26 15:13:27,595 [pool-27-thread-1] INFO  server.RaftServerConfigKeys (ConfUtils.java:logGet(43)) - raft.server.log.statemachine.data.sync = true (default)
2019-09-26 15:13:27,595 [pool-27-thread-1] INFO  server.RaftServerConfigKeys (ConfUtils.java:logGet(43)) - raft.server.log.statemachine.data.sync.timeout = 10s (default)
2019-09-26 15:13:27,595 [pool-27-thread-1] INFO  server.RaftServerConfigKeys (ConfUtils.java:logGet(43)) - raft.server.log.statemachine.data.sync.timeout.retry = -1 (default)
2019-09-26 15:13:27,595 [pool-27-thread-1] INFO  server.RaftServerConfigKeys (ConfUtils.java:logGet(43)) - raft.server.log.statemachine.data.caching.enabled = true (custom)
2019-09-26 15:13:27,596 [pool-27-thread-1] INFO  segmented.SegmentedRaftLogWorker (SegmentedRaftLogWorker.java:lambda$new$0(132)) - b3e939fd-eb36-468b-9efe-5d0a1fdaa172@group-28CF379EBB19-SegmentedRaftLogWorker: flushIndex: setUnconditionally 0 -> -1
2019-09-26 15:13:27,596 [pool-27-thread-1] INFO  server.RaftServerConfigKeys (ConfUtils.java:logGet(43)) - raft.server.snapshot.auto.trigger.enabled = true (custom)
2019-09-26 15:13:27,596 [pool-27-thread-1] INFO  server.RaftServerConfigKeys (ConfUtils.java:logGet(43)) - raft.server.snapshot.auto.trigger.threshold = 10000 (custom)
2019-09-26 15:13:27,596 [pool-27-thread-1] INFO  server.RaftServerConfigKeys (ConfUtils.java:logGet(43)) - raft.server.snapshot.retention.num.files = 5 (custom)
2019-09-26 15:13:27,596 [pool-27-thread-1] INFO  server.RaftServerConfigKeys (ConfUtils.java:logGet(43)) - raft.server.retrycache.expirytime = 600000ms (custom)
2019-09-26 15:13:27,597 [pool-27-thread-1] INFO  impl.RaftServerImpl (RaftServerImpl.java:start(185)) - b3e939fd-eb36-468b-9efe-5d0a1fdaa172@group-28CF379EBB19: start as a follower, conf=-1: [b3e939fd-eb36-468b-9efe-5d0a1fdaa172:192.168.151.99:45433], old=null
2019-09-26 15:13:27,597 [pool-27-thread-1] INFO  impl.RaftServerImpl (RaftServerImpl.java:setRole(174)) - b3e939fd-eb36-468b-9efe-5d0a1fdaa172@group-28CF379EBB19: changes role from      null to FOLLOWER at term 0 for startAsFollower
2019-09-26 15:13:27,597 [pool-27-thread-1] INFO  impl.RoleInfo (RoleInfo.java:updateAndGet(143)) - b3e939fd-eb36-468b-9efe-5d0a1fdaa172: start FollowerState
2019-09-26 15:13:27,597 [pool-27-thread-1] INFO  util.JmxRegister (JmxRegister.java:tryRegister(44)) - Successfully registered JMX Bean with object name Ratis:service=RaftServer,group=group-28CF379EBB19,id=b3e939fd-eb36-468b-9efe-5d0a1fdaa172
2019-09-26 15:13:27,599 [RatisPipelineUtilsThread] INFO  pipeline.PipelineStateManager (PipelineStateManager.java:addPipeline(56)) - Created pipeline Pipeline[ Id: e075c239-a128-410c-92ca-28cf379ebb19, Nodes: b3e939fd-eb36-468b-9efe-5d0a1fdaa172{ip: 192.168.151.99, host: pr-hdds-1569-g6sp5-2013761785, networkLocation: /default-rack, certSerialId: null}, Type:RATIS, Factor:ONE, State:OPEN]
2019-09-26 15:13:27,602 [grpc-default-executor-0] INFO  impl.RaftServerProxy (RaftServerProxy.java:addNew(89)) - b3e939fd-eb36-468b-9efe-5d0a1fdaa172: addNew group-D8D26DDCCD10:[b3e939fd-eb36-468b-9efe-5d0a1fdaa172:192.168.151.99:45433] returns group-D8D26DDCCD10:java.util.concurrent.CompletableFuture@5f23c289[Not completed]
2019-09-26 15:13:27,603 [pool-27-thread-1] INFO  impl.RaftServerImpl (RaftServerImpl.java:<init>(95)) - b3e939fd-eb36-468b-9efe-5d0a1fdaa172: new RaftServerImpl for group-D8D26DDCCD10:[b3e939fd-eb36-468b-9efe-5d0a1fdaa172:192.168.151.99:45433] with ContainerStateMachine:uninitialized
2019-09-26 15:13:27,603 [pool-27-thread-1] INFO  server.RaftServerConfigKeys (ConfUtils.java:logGet(43)) - raft.server.rpc.timeout.min = 5s (custom)
2019-09-26 15:13:27,603 [pool-27-thread-1] INFO  server.RaftServerConfigKeys (ConfUtils.java:logGet(43)) - raft.server.rpc.timeout.max = 5200ms (custom)
2019-09-26 15:13:27,603 [pool-27-thread-1] INFO  server.RaftServerConfigKeys (ConfUtils.java:logGet(43)) - raft.server.rpcslowness.timeout = 120s (custom)
2019-09-26 15:13:27,603 [pool-27-thread-1] INFO  server.RaftServerConfigKeys (ConfUtils.java:logGet(43)) - raft.server.sleep.deviation.threshold = 300 (default)
2019-09-26 15:13:27,603 [pool-27-thread-1] INFO  server.RaftServerConfigKeys (ConfUtils.java:logGet(43)) - raft.server.log.appender.install.snapshot.enabled = false (custom)
2019-09-26 15:13:27,603 [pool-27-thread-1] INFO  impl.RaftServerImpl (ServerState.java:<init>(103)) - b3e939fd-eb36-468b-9efe-5d0a1fdaa172@group-D8D26DDCCD10: ConfigurationManager, init=-1: [b3e939fd-eb36-468b-9efe-5d0a1fdaa172:192.168.151.99:45433], old=null, confs=<EMPTY_MAP>
2019-09-26 15:13:27,603 [pool-27-thread-1] INFO  server.RaftServerConfigKeys (ConfUtils.java:logGet(43)) - raft.server.storage.dir = [/workdir/hadoop-ozone/integration-test/target/test-dir/MiniOzoneClusterImpl-7e2f4b2f-6763-4a45-9ec4-264c2cef7c61/datanode-0/data/ratis] (custom)
2019-09-26 15:13:27,604 [pool-27-thread-1] INFO  storage.RaftStorageDirectory (RaftStorageDirectory.java:analyzeStorage(246)) - The storage directory /workdir/hadoop-ozone/integration-test/target/test-dir/MiniOzoneClusterImpl-7e2f4b2f-6763-4a45-9ec4-264c2cef7c61/datanode-0/data/ratis/64867a04-e25b-4606-9185-d8d26ddccd10 does not exist. Creating ...
2019-09-26 15:13:27,616 [pool-27-thread-1] INFO  storage.RaftStorageDirectory (RaftStorageDirectory.java:tryLock(328)) - Lock on /workdir/hadoop-ozone/integration-test/target/test-dir/MiniOzoneClusterImpl-7e2f4b2f-6763-4a45-9ec4-264c2cef7c61/datanode-0/data/ratis/64867a04-e25b-4606-9185-d8d26ddccd10/in_use.lock acquired by nodename 11803@pr-hdds-1569-g6sp5-2013761785
2019-09-26 15:13:27,629 [pool-27-thread-1] INFO  storage.RaftStorage (RaftStorage.java:format(72)) - Storage directory /workdir/hadoop-ozone/integration-test/target/test-dir/MiniOzoneClusterImpl-7e2f4b2f-6763-4a45-9ec4-264c2cef7c61/datanode-0/data/ratis/64867a04-e25b-4606-9185-d8d26ddccd10 has been successfully formatted.
2019-09-26 15:13:27,629 [pool-27-thread-1] INFO  ratis.ContainerStateMachine (ContainerStateMachine.java:loadSnapshot(230)) - group-D8D26DDCCD10: The snapshot info is null. Setting the last applied indexto:(t:0, i:~)
2019-09-26 15:13:27,629 [pool-27-thread-1] INFO  server.RaftServerConfigKeys (ConfUtils.java:logGet(43)) - raft.server.notification.no-leader.timeout = 120s (custom)
2019-09-26 15:13:27,629 [pool-27-thread-1] INFO  server.RaftServerConfigKeys (ConfUtils.java:logGet(43)) - raft.server.log.use.memory = false (default)
2019-09-26 15:13:27,630 [pool-27-thread-1] INFO  server.RaftServerConfigKeys (ConfUtils.java:logGet(43)) - raft.server.log.purge.gap = 1000000 (custom)
2019-09-26 15:13:27,630 [pool-27-thread-1] INFO  server.RaftServerConfigKeys (ConfUtils.java:logGet(43)) - raft.server.log.appender.buffer.byte-limit = 33554432 (custom)
2019-09-26 15:13:27,630 [pool-27-thread-1] INFO  server.RaftServerConfigKeys (ConfUtils.java:logGet(43)) - raft.server.log.segment.size.max = 1048576 (custom)
2019-09-26 15:13:27,630 [pool-27-thread-1] INFO  server.RaftServerConfigKeys (ConfUtils.java:logGet(43)) - raft.server.log.segment.cache.num.max = 2 (custom)
2019-09-26 15:13:27,630 [pool-27-thread-1] INFO  segmented.SegmentedRaftLogWorker (SegmentedRaftLogWorker.java:<init>(172)) - new b3e939fd-eb36-468b-9efe-5d0a1fdaa172@group-D8D26DDCCD10-SegmentedRaftLogWorker for RaftStorage:Storage Directory /workdir/hadoop-ozone/integration-test/target/test-dir/MiniOzoneClusterImpl-7e2f4b2f-6763-4a45-9ec4-264c2cef7c61/datanode-0/data/ratis/64867a04-e25b-4606-9185-d8d26ddccd10
2019-09-26 15:13:27,630 [pool-27-thread-1] INFO  server.RaftServerConfigKeys (ConfUtils.java:logGet(43)) - raft.server.log.queue.byte-limit = 2147483647 (custom)
2019-09-26 15:13:27,630 [pool-27-thread-1] INFO  server.RaftServerConfigKeys (ConfUtils.java:logGet(43)) - raft.server.log.queue.element-limit = 1024 (custom)
2019-09-26 15:13:27,630 [pool-27-thread-1] INFO  server.RaftServerConfigKeys (ConfUtils.java:logGet(43)) - raft.server.log.segment.size.max = 1048576 (custom)
2019-09-26 15:13:27,630 [pool-27-thread-1] INFO  server.RaftServerConfigKeys (ConfUtils.java:logGet(43)) - raft.server.log.preallocated.size = 16384 (custom)
2019-09-26 15:13:27,630 [pool-27-thread-1] INFO  server.RaftServerConfigKeys (ConfUtils.java:logGet(43)) - raft.server.log.write.buffer.size = 33554432 (custom)
2019-09-26 15:13:27,630 [pool-27-thread-1] INFO  server.RaftServerConfigKeys (ConfUtils.java:logGet(43)) - raft.server.log.force.sync.num = 128 (default)
2019-09-26 15:13:27,630 [pool-27-thread-1] INFO  server.RaftServerConfigKeys (ConfUtils.java:logGet(43)) - raft.server.log.statemachine.data.sync = true (default)
2019-09-26 15:13:27,630 [pool-27-thread-1] INFO  server.RaftServerConfigKeys (ConfUtils.java:logGet(43)) - raft.server.log.statemachine.data.sync.timeout = 10s (default)
2019-09-26 15:13:27,630 [pool-27-thread-1] INFO  server.RaftServerConfigKeys (ConfUtils.java:logGet(43)) - raft.server.log.statemachine.data.sync.timeout.retry = -1 (default)
2019-09-26 15:13:27,631 [pool-27-thread-1] INFO  server.RaftServerConfigKeys (ConfUtils.java:logGet(43)) - raft.server.log.statemachine.data.caching.enabled = true (custom)
2019-09-26 15:13:27,631 [pool-27-thread-1] INFO  segmented.SegmentedRaftLogWorker (SegmentedRaftLogWorker.java:lambda$new$0(132)) - b3e939fd-eb36-468b-9efe-5d0a1fdaa172@group-D8D26DDCCD10-SegmentedRaftLogWorker: flushIndex: setUnconditionally 0 -> -1
2019-09-26 15:13:27,631 [pool-27-thread-1] INFO  server.RaftServerConfigKeys (ConfUtils.java:logGet(43)) - raft.server.snapshot.auto.trigger.enabled = true (custom)
2019-09-26 15:13:27,631 [pool-27-thread-1] INFO  server.RaftServerConfigKeys (ConfUtils.java:logGet(43)) - raft.server.snapshot.auto.trigger.threshold = 10000 (custom)
2019-09-26 15:13:27,631 [pool-27-thread-1] INFO  server.RaftServerConfigKeys (ConfUtils.java:logGet(43)) - raft.server.snapshot.retention.num.files = 5 (custom)
2019-09-26 15:13:27,631 [pool-27-thread-1] INFO  server.RaftServerConfigKeys (ConfUtils.java:logGet(43)) - raft.server.retrycache.expirytime = 600000ms (custom)
2019-09-26 15:13:27,632 [pool-27-thread-1] INFO  impl.RaftServerImpl (RaftServerImpl.java:start(185)) - b3e939fd-eb36-468b-9efe-5d0a1fdaa172@group-D8D26DDCCD10: start as a follower, conf=-1: [b3e939fd-eb36-468b-9efe-5d0a1fdaa172:192.168.151.99:45433], old=null
2019-09-26 15:13:27,632 [pool-27-thread-1] INFO  impl.RaftServerImpl (RaftServerImpl.java:setRole(174)) - b3e939fd-eb36-468b-9efe-5d0a1fdaa172@group-D8D26DDCCD10: changes role from      null to FOLLOWER at term 0 for startAsFollower
2019-09-26 15:13:27,632 [pool-27-thread-1] INFO  impl.RoleInfo (RoleInfo.java:updateAndGet(143)) - b3e939fd-eb36-468b-9efe-5d0a1fdaa172: start FollowerState
2019-09-26 15:13:27,633 [pool-27-thread-1] INFO  util.JmxRegister (JmxRegister.java:tryRegister(44)) - Successfully registered JMX Bean with object name Ratis:service=RaftServer,group=group-D8D26DDCCD10,id=b3e939fd-eb36-468b-9efe-5d0a1fdaa172
2019-09-26 15:13:27,634 [RatisPipelineUtilsThread] INFO  pipeline.PipelineStateManager (PipelineStateManager.java:addPipeline(56)) - Created pipeline Pipeline[ Id: 64867a04-e25b-4606-9185-d8d26ddccd10, Nodes: b3e939fd-eb36-468b-9efe-5d0a1fdaa172{ip: 192.168.151.99, host: pr-hdds-1569-g6sp5-2013761785, networkLocation: /default-rack, certSerialId: null}, Type:RATIS, Factor:ONE, State:OPEN]
2019-09-26 15:13:27,637 [grpc-default-executor-0] INFO  impl.RaftServerProxy (RaftServerProxy.java:addNew(89)) - b3e939fd-eb36-468b-9efe-5d0a1fdaa172: addNew group-4282880CA77F:[b3e939fd-eb36-468b-9efe-5d0a1fdaa172:192.168.151.99:45433] returns group-4282880CA77F:java.util.concurrent.CompletableFuture@5d7e00a[Not completed]
2019-09-26 15:13:27,638 [pool-27-thread-1] INFO  impl.RaftServerImpl (RaftServerImpl.java:<init>(95)) - b3e939fd-eb36-468b-9efe-5d0a1fdaa172: new RaftServerImpl for group-4282880CA77F:[b3e939fd-eb36-468b-9efe-5d0a1fdaa172:192.168.151.99:45433] with ContainerStateMachine:uninitialized
2019-09-26 15:13:27,638 [pool-27-thread-1] INFO  server.RaftServerConfigKeys (ConfUtils.java:logGet(43)) - raft.server.rpc.timeout.min = 5s (custom)
2019-09-26 15:13:27,638 [pool-27-thread-1] INFO  server.RaftServerConfigKeys (ConfUtils.java:logGet(43)) - raft.server.rpc.timeout.max = 5200ms (custom)
2019-09-26 15:13:27,638 [pool-27-thread-1] INFO  server.RaftServerConfigKeys (ConfUtils.java:logGet(43)) - raft.server.rpcslowness.timeout = 120s (custom)
2019-09-26 15:13:27,638 [pool-27-thread-1] INFO  server.RaftServerConfigKeys (ConfUtils.java:logGet(43)) - raft.server.sleep.deviation.threshold = 300 (default)
2019-09-26 15:13:27,638 [pool-27-thread-1] INFO  server.RaftServerConfigKeys (ConfUtils.java:logGet(43)) - raft.server.log.appender.install.snapshot.enabled = false (custom)
2019-09-26 15:13:27,638 [pool-27-thread-1] INFO  impl.RaftServerImpl (ServerState.java:<init>(103)) - b3e939fd-eb36-468b-9efe-5d0a1fdaa172@group-4282880CA77F: ConfigurationManager, init=-1: [b3e939fd-eb36-468b-9efe-5d0a1fdaa172:192.168.151.99:45433], old=null, confs=<EMPTY_MAP>
2019-09-26 15:13:27,638 [pool-27-thread-1] INFO  server.RaftServerConfigKeys (ConfUtils.java:logGet(43)) - raft.server.storage.dir = [/workdir/hadoop-ozone/integration-test/target/test-dir/MiniOzoneClusterImpl-7e2f4b2f-6763-4a45-9ec4-264c2cef7c61/datanode-0/data/ratis] (custom)
2019-09-26 15:13:27,639 [pool-27-thread-1] INFO  storage.RaftStorageDirectory (RaftStorageDirectory.java:analyzeStorage(246)) - The storage directory /workdir/hadoop-ozone/integration-test/target/test-dir/MiniOzoneClusterImpl-7e2f4b2f-6763-4a45-9ec4-264c2cef7c61/datanode-0/data/ratis/b6f9f3e0-f2f2-43eb-914d-4282880ca77f does not exist. Creating ...
2019-09-26 15:13:27,652 [pool-27-thread-1] INFO  storage.RaftStorageDirectory (RaftStorageDirectory.java:tryLock(328)) - Lock on /workdir/hadoop-ozone/integration-test/target/test-dir/MiniOzoneClusterImpl-7e2f4b2f-6763-4a45-9ec4-264c2cef7c61/datanode-0/data/ratis/b6f9f3e0-f2f2-43eb-914d-4282880ca77f/in_use.lock acquired by nodename 11803@pr-hdds-1569-g6sp5-2013761785
2019-09-26 15:13:27,664 [pool-27-thread-1] INFO  storage.RaftStorage (RaftStorage.java:format(72)) - Storage directory /workdir/hadoop-ozone/integration-test/target/test-dir/MiniOzoneClusterImpl-7e2f4b2f-6763-4a45-9ec4-264c2cef7c61/datanode-0/data/ratis/b6f9f3e0-f2f2-43eb-914d-4282880ca77f has been successfully formatted.
2019-09-26 15:13:27,665 [pool-27-thread-1] INFO  ratis.ContainerStateMachine (ContainerStateMachine.java:loadSnapshot(230)) - group-4282880CA77F: The snapshot info is null. Setting the last applied indexto:(t:0, i:~)
2019-09-26 15:13:27,665 [pool-27-thread-1] INFO  server.RaftServerConfigKeys (ConfUtils.java:logGet(43)) - raft.server.notification.no-leader.timeout = 120s (custom)
2019-09-26 15:13:27,665 [pool-27-thread-1] INFO  server.RaftServerConfigKeys (ConfUtils.java:logGet(43)) - raft.server.log.use.memory = false (default)
2019-09-26 15:13:27,665 [pool-27-thread-1] INFO  server.RaftServerConfigKeys (ConfUtils.java:logGet(43)) - raft.server.log.purge.gap = 1000000 (custom)
2019-09-26 15:13:27,665 [pool-27-thread-1] INFO  server.RaftServerConfigKeys (ConfUtils.java:logGet(43)) - raft.server.log.appender.buffer.byte-limit = 33554432 (custom)
2019-09-26 15:13:27,665 [pool-27-thread-1] INFO  server.RaftServerConfigKeys (ConfUtils.java:logGet(43)) - raft.server.log.segment.size.max = 1048576 (custom)
2019-09-26 15:13:27,665 [pool-27-thread-1] INFO  server.RaftServerConfigKeys (ConfUtils.java:logGet(43)) - raft.server.log.segment.cache.num.max = 2 (custom)
2019-09-26 15:13:27,665 [pool-27-thread-1] INFO  segmented.SegmentedRaftLogWorker (SegmentedRaftLogWorker.java:<init>(172)) - new b3e939fd-eb36-468b-9efe-5d0a1fdaa172@group-4282880CA77F-SegmentedRaftLogWorker for RaftStorage:Storage Directory /workdir/hadoop-ozone/integration-test/target/test-dir/MiniOzoneClusterImpl-7e2f4b2f-6763-4a45-9ec4-264c2cef7c61/datanode-0/data/ratis/b6f9f3e0-f2f2-43eb-914d-4282880ca77f
2019-09-26 15:13:27,665 [pool-27-thread-1] INFO  server.RaftServerConfigKeys (ConfUtils.java:logGet(43)) - raft.server.log.queue.byte-limit = 2147483647 (custom)
2019-09-26 15:13:27,665 [pool-27-thread-1] INFO  server.RaftServerConfigKeys (ConfUtils.java:logGet(43)) - raft.server.log.queue.element-limit = 1024 (custom)
2019-09-26 15:13:27,665 [pool-27-thread-1] INFO  server.RaftServerConfigKeys (ConfUtils.java:logGet(43)) - raft.server.log.segment.size.max = 1048576 (custom)
2019-09-26 15:13:27,665 [pool-27-thread-1] INFO  server.RaftServerConfigKeys (ConfUtils.java:logGet(43)) - raft.server.log.preallocated.size = 16384 (custom)
2019-09-26 15:13:27,666 [pool-27-thread-1] INFO  server.RaftServerConfigKeys (ConfUtils.java:logGet(43)) - raft.server.log.write.buffer.size = 33554432 (custom)
2019-09-26 15:13:27,666 [pool-27-thread-1] INFO  server.RaftServerConfigKeys (ConfUtils.java:logGet(43)) - raft.server.log.force.sync.num = 128 (default)
2019-09-26 15:13:27,666 [pool-27-thread-1] INFO  server.RaftServerConfigKeys (ConfUtils.java:logGet(43)) - raft.server.log.statemachine.data.sync = true (default)
2019-09-26 15:13:27,666 [pool-27-thread-1] INFO  server.RaftServerConfigKeys (ConfUtils.java:logGet(43)) - raft.server.log.statemachine.data.sync.timeout = 10s (default)
2019-09-26 15:13:27,666 [pool-27-thread-1] INFO  server.RaftServerConfigKeys (ConfUtils.java:logGet(43)) - raft.server.log.statemachine.data.sync.timeout.retry = -1 (default)
2019-09-26 15:13:27,666 [pool-27-thread-1] INFO  server.RaftServerConfigKeys (ConfUtils.java:logGet(43)) - raft.server.log.statemachine.data.caching.enabled = true (custom)
2019-09-26 15:13:27,666 [pool-27-thread-1] INFO  segmented.SegmentedRaftLogWorker (SegmentedRaftLogWorker.java:lambda$new$0(132)) - b3e939fd-eb36-468b-9efe-5d0a1fdaa172@group-4282880CA77F-SegmentedRaftLogWorker: flushIndex: setUnconditionally 0 -> -1
2019-09-26 15:13:27,666 [pool-27-thread-1] INFO  server.RaftServerConfigKeys (ConfUtils.java:logGet(43)) - raft.server.snapshot.auto.trigger.enabled = true (custom)
2019-09-26 15:13:27,666 [pool-27-thread-1] INFO  server.RaftServerConfigKeys (ConfUtils.java:logGet(43)) - raft.server.snapshot.auto.trigger.threshold = 10000 (custom)
2019-09-26 15:13:27,666 [pool-27-thread-1] INFO  server.RaftServerConfigKeys (ConfUtils.java:logGet(43)) - raft.server.snapshot.retention.num.files = 5 (custom)
2019-09-26 15:13:27,667 [pool-27-thread-1] INFO  server.RaftServerConfigKeys (ConfUtils.java:logGet(43)) - raft.server.retrycache.expirytime = 600000ms (custom)
2019-09-26 15:13:27,668 [pool-27-thread-1] INFO  impl.RaftServerImpl (RaftServerImpl.java:start(185)) - b3e939fd-eb36-468b-9efe-5d0a1fdaa172@group-4282880CA77F: start as a follower, conf=-1: [b3e939fd-eb36-468b-9efe-5d0a1fdaa172:192.168.151.99:45433], old=null
2019-09-26 15:13:27,668 [pool-27-thread-1] INFO  impl.RaftServerImpl (RaftServerImpl.java:setRole(174)) - b3e939fd-eb36-468b-9efe-5d0a1fdaa172@group-4282880CA77F: changes role from      null to FOLLOWER at term 0 for startAsFollower
2019-09-26 15:13:27,668 [pool-27-thread-1] INFO  impl.RoleInfo (RoleInfo.java:updateAndGet(143)) - b3e939fd-eb36-468b-9efe-5d0a1fdaa172: start FollowerState
2019-09-26 15:13:27,668 [pool-27-thread-1] INFO  util.JmxRegister (JmxRegister.java:tryRegister(44)) - Successfully registered JMX Bean with object name Ratis:service=RaftServer,group=group-4282880CA77F,id=b3e939fd-eb36-468b-9efe-5d0a1fdaa172
2019-09-26 15:13:27,670 [RatisPipelineUtilsThread] INFO  pipeline.PipelineStateManager (PipelineStateManager.java:addPipeline(56)) - Created pipeline Pipeline[ Id: b6f9f3e0-f2f2-43eb-914d-4282880ca77f, Nodes: b3e939fd-eb36-468b-9efe-5d0a1fdaa172{ip: 192.168.151.99, host: pr-hdds-1569-g6sp5-2013761785, networkLocation: /default-rack, certSerialId: null}, Type:RATIS, Factor:ONE, State:OPEN]
2019-09-26 15:13:27,673 [grpc-default-executor-0] INFO  impl.RaftServerProxy (RaftServerProxy.java:addNew(89)) - b3e939fd-eb36-468b-9efe-5d0a1fdaa172: addNew group-17591B66EB53:[b3e939fd-eb36-468b-9efe-5d0a1fdaa172:192.168.151.99:45433] returns group-17591B66EB53:java.util.concurrent.CompletableFuture@17254186[Not completed]
2019-09-26 15:13:27,674 [pool-27-thread-1] INFO  impl.RaftServerImpl (RaftServerImpl.java:<init>(95)) - b3e939fd-eb36-468b-9efe-5d0a1fdaa172: new RaftServerImpl for group-17591B66EB53:[b3e939fd-eb36-468b-9efe-5d0a1fdaa172:192.168.151.99:45433] with ContainerStateMachine:uninitialized
2019-09-26 15:13:27,674 [pool-27-thread-1] INFO  server.RaftServerConfigKeys (ConfUtils.java:logGet(43)) - raft.server.rpc.timeout.min = 5s (custom)
2019-09-26 15:13:27,674 [pool-27-thread-1] INFO  server.RaftServerConfigKeys (ConfUtils.java:logGet(43)) - raft.server.rpc.timeout.max = 5200ms (custom)
2019-09-26 15:13:27,674 [pool-27-thread-1] INFO  server.RaftServerConfigKeys (ConfUtils.java:logGet(43)) - raft.server.rpcslowness.timeout = 120s (custom)
2019-09-26 15:13:27,674 [pool-27-thread-1] INFO  server.RaftServerConfigKeys (ConfUtils.java:logGet(43)) - raft.server.sleep.deviation.threshold = 300 (default)
2019-09-26 15:13:27,674 [pool-27-thread-1] INFO  server.RaftServerConfigKeys (ConfUtils.java:logGet(43)) - raft.server.log.appender.install.snapshot.enabled = false (custom)
2019-09-26 15:13:27,674 [pool-27-thread-1] INFO  impl.RaftServerImpl (ServerState.java:<init>(103)) - b3e939fd-eb36-468b-9efe-5d0a1fdaa172@group-17591B66EB53: ConfigurationManager, init=-1: [b3e939fd-eb36-468b-9efe-5d0a1fdaa172:192.168.151.99:45433], old=null, confs=<EMPTY_MAP>
2019-09-26 15:13:27,674 [pool-27-thread-1] INFO  server.RaftServerConfigKeys (ConfUtils.java:logGet(43)) - raft.server.storage.dir = [/workdir/hadoop-ozone/integration-test/target/test-dir/MiniOzoneClusterImpl-7e2f4b2f-6763-4a45-9ec4-264c2cef7c61/datanode-0/data/ratis] (custom)
2019-09-26 15:13:27,675 [pool-27-thread-1] INFO  storage.RaftStorageDirectory (RaftStorageDirectory.java:analyzeStorage(246)) - The storage directory /workdir/hadoop-ozone/integration-test/target/test-dir/MiniOzoneClusterImpl-7e2f4b2f-6763-4a45-9ec4-264c2cef7c61/datanode-0/data/ratis/b032846f-b06f-4ee2-bab8-17591b66eb53 does not exist. Creating ...
2019-09-26 15:13:27,687 [pool-27-thread-1] INFO  storage.RaftStorageDirectory (RaftStorageDirectory.java:tryLock(328)) - Lock on /workdir/hadoop-ozone/integration-test/target/test-dir/MiniOzoneClusterImpl-7e2f4b2f-6763-4a45-9ec4-264c2cef7c61/datanode-0/data/ratis/b032846f-b06f-4ee2-bab8-17591b66eb53/in_use.lock acquired by nodename 11803@pr-hdds-1569-g6sp5-2013761785
2019-09-26 15:13:27,689 [pool-27-thread-1] INFO  storage.RaftStorage (RaftStorage.java:format(72)) - Storage directory /workdir/hadoop-ozone/integration-test/target/test-dir/MiniOzoneClusterImpl-7e2f4b2f-6763-4a45-9ec4-264c2cef7c61/datanode-0/data/ratis/b032846f-b06f-4ee2-bab8-17591b66eb53 has been successfully formatted.
2019-09-26 15:13:27,689 [pool-27-thread-1] INFO  ratis.ContainerStateMachine (ContainerStateMachine.java:loadSnapshot(230)) - group-17591B66EB53: The snapshot info is null. Setting the last applied indexto:(t:0, i:~)
2019-09-26 15:13:27,689 [pool-27-thread-1] INFO  server.RaftServerConfigKeys (ConfUtils.java:logGet(43)) - raft.server.notification.no-leader.timeout = 120s (custom)
2019-09-26 15:13:27,689 [pool-27-thread-1] INFO  server.RaftServerConfigKeys (ConfUtils.java:logGet(43)) - raft.server.log.use.memory = false (default)
2019-09-26 15:13:27,689 [pool-27-thread-1] INFO  server.RaftServerConfigKeys (ConfUtils.java:logGet(43)) - raft.server.log.purge.gap = 1000000 (custom)
2019-09-26 15:13:27,689 [pool-27-thread-1] INFO  server.RaftServerConfigKeys (ConfUtils.java:logGet(43)) - raft.server.log.appender.buffer.byte-limit = 33554432 (custom)
2019-09-26 15:13:27,689 [pool-27-thread-1] INFO  server.RaftServerConfigKeys (ConfUtils.java:logGet(43)) - raft.server.log.segment.size.max = 1048576 (custom)
2019-09-26 15:13:27,689 [pool-27-thread-1] INFO  server.RaftServerConfigKeys (ConfUtils.java:logGet(43)) - raft.server.log.segment.cache.num.max = 2 (custom)
2019-09-26 15:13:27,690 [pool-27-thread-1] INFO  segmented.SegmentedRaftLogWorker (SegmentedRaftLogWorker.java:<init>(172)) - new b3e939fd-eb36-468b-9efe-5d0a1fdaa172@group-17591B66EB53-SegmentedRaftLogWorker for RaftStorage:Storage Directory /workdir/hadoop-ozone/integration-test/target/test-dir/MiniOzoneClusterImpl-7e2f4b2f-6763-4a45-9ec4-264c2cef7c61/datanode-0/data/ratis/b032846f-b06f-4ee2-bab8-17591b66eb53
2019-09-26 15:13:27,690 [pool-27-thread-1] INFO  server.RaftServerConfigKeys (ConfUtils.java:logGet(43)) - raft.server.log.queue.byte-limit = 2147483647 (custom)
2019-09-26 15:13:27,690 [pool-27-thread-1] INFO  server.RaftServerConfigKeys (ConfUtils.java:logGet(43)) - raft.server.log.queue.element-limit = 1024 (custom)
2019-09-26 15:13:27,690 [pool-27-thread-1] INFO  server.RaftServerConfigKeys (ConfUtils.java:logGet(43)) - raft.server.log.segment.size.max = 1048576 (custom)
2019-09-26 15:13:27,690 [pool-27-thread-1] INFO  server.RaftServerConfigKeys (ConfUtils.java:logGet(43)) - raft.server.log.preallocated.size = 16384 (custom)
2019-09-26 15:13:27,690 [pool-27-thread-1] INFO  server.RaftServerConfigKeys (ConfUtils.java:logGet(43)) - raft.server.log.write.buffer.size = 33554432 (custom)
2019-09-26 15:13:27,690 [pool-27-thread-1] INFO  server.RaftServerConfigKeys (ConfUtils.java:logGet(43)) - raft.server.log.force.sync.num = 128 (default)
2019-09-26 15:13:27,690 [pool-27-thread-1] INFO  server.RaftServerConfigKeys (ConfUtils.java:logGet(43)) - raft.server.log.statemachine.data.sync = true (default)
2019-09-26 15:13:27,690 [pool-27-thread-1] INFO  server.RaftServerConfigKeys (ConfUtils.java:logGet(43)) - raft.server.log.statemachine.data.sync.timeout = 10s (default)
2019-09-26 15:13:27,690 [pool-27-thread-1] INFO  server.RaftServerConfigKeys (ConfUtils.java:logGet(43)) - raft.server.log.statemachine.data.sync.timeout.retry = -1 (default)
2019-09-26 15:13:27,690 [pool-27-thread-1] INFO  server.RaftServerConfigKeys (ConfUtils.java:logGet(43)) - raft.server.log.statemachine.data.caching.enabled = true (custom)
2019-09-26 15:13:27,690 [pool-27-thread-1] INFO  segmented.SegmentedRaftLogWorker (SegmentedRaftLogWorker.java:lambda$new$0(132)) - b3e939fd-eb36-468b-9efe-5d0a1fdaa172@group-17591B66EB53-SegmentedRaftLogWorker: flushIndex: setUnconditionally 0 -> -1
2019-09-26 15:13:27,691 [pool-27-thread-1] INFO  server.RaftServerConfigKeys (ConfUtils.java:logGet(43)) - raft.server.snapshot.auto.trigger.enabled = true (custom)
2019-09-26 15:13:27,691 [pool-27-thread-1] INFO  server.RaftServerConfigKeys (ConfUtils.java:logGet(43)) - raft.server.snapshot.auto.trigger.threshold = 10000 (custom)
2019-09-26 15:13:27,691 [pool-27-thread-1] INFO  server.RaftServerConfigKeys (ConfUtils.java:logGet(43)) - raft.server.snapshot.retention.num.files = 5 (custom)
2019-09-26 15:13:27,691 [pool-27-thread-1] INFO  server.RaftServerConfigKeys (ConfUtils.java:logGet(43)) - raft.server.retrycache.expirytime = 600000ms (custom)
2019-09-26 15:13:27,692 [pool-27-thread-1] INFO  impl.RaftServerImpl (RaftServerImpl.java:start(185)) - b3e939fd-eb36-468b-9efe-5d0a1fdaa172@group-17591B66EB53: start as a follower, conf=-1: [b3e939fd-eb36-468b-9efe-5d0a1fdaa172:192.168.151.99:45433], old=null
2019-09-26 15:13:27,692 [pool-27-thread-1] INFO  impl.RaftServerImpl (RaftServerImpl.java:setRole(174)) - b3e939fd-eb36-468b-9efe-5d0a1fdaa172@group-17591B66EB53: changes role from      null to FOLLOWER at term 0 for startAsFollower
2019-09-26 15:13:27,692 [pool-27-thread-1] INFO  impl.RoleInfo (RoleInfo.java:updateAndGet(143)) - b3e939fd-eb36-468b-9efe-5d0a1fdaa172: start FollowerState
2019-09-26 15:13:27,692 [pool-27-thread-1] INFO  util.JmxRegister (JmxRegister.java:tryRegister(44)) - Successfully registered JMX Bean with object name Ratis:service=RaftServer,group=group-17591B66EB53,id=b3e939fd-eb36-468b-9efe-5d0a1fdaa172
2019-09-26 15:13:27,694 [RatisPipelineUtilsThread] INFO  pipeline.PipelineStateManager (PipelineStateManager.java:addPipeline(56)) - Created pipeline Pipeline[ Id: b032846f-b06f-4ee2-bab8-17591b66eb53, Nodes: b3e939fd-eb36-468b-9efe-5d0a1fdaa172{ip: 192.168.151.99, host: pr-hdds-1569-g6sp5-2013761785, networkLocation: /default-rack, certSerialId: null}, Type:RATIS, Factor:ONE, State:OPEN]
2019-09-26 15:13:27,696 [grpc-default-executor-0] INFO  impl.RaftServerProxy (RaftServerProxy.java:addNew(89)) - b3e939fd-eb36-468b-9efe-5d0a1fdaa172: addNew group-F26566D6F0FB:[b3e939fd-eb36-468b-9efe-5d0a1fdaa172:192.168.151.99:45433] returns group-F26566D6F0FB:java.util.concurrent.CompletableFuture@2c2e5a5d[Not completed]
2019-09-26 15:13:27,697 [pool-27-thread-1] INFO  impl.RaftServerImpl (RaftServerImpl.java:<init>(95)) - b3e939fd-eb36-468b-9efe-5d0a1fdaa172: new RaftServerImpl for group-F26566D6F0FB:[b3e939fd-eb36-468b-9efe-5d0a1fdaa172:192.168.151.99:45433] with ContainerStateMachine:uninitialized
2019-09-26 15:13:27,697 [pool-27-thread-1] INFO  server.RaftServerConfigKeys (ConfUtils.java:logGet(43)) - raft.server.rpc.timeout.min = 5s (custom)
2019-09-26 15:13:27,697 [pool-27-thread-1] INFO  server.RaftServerConfigKeys (ConfUtils.java:logGet(43)) - raft.server.rpc.timeout.max = 5200ms (custom)
2019-09-26 15:13:27,697 [pool-27-thread-1] INFO  server.RaftServerConfigKeys (ConfUtils.java:logGet(43)) - raft.server.rpcslowness.timeout = 120s (custom)
2019-09-26 15:13:27,697 [pool-27-thread-1] INFO  server.RaftServerConfigKeys (ConfUtils.java:logGet(43)) - raft.server.sleep.deviation.threshold = 300 (default)
2019-09-26 15:13:27,697 [pool-27-thread-1] INFO  server.RaftServerConfigKeys (ConfUtils.java:logGet(43)) - raft.server.log.appender.install.snapshot.enabled = false (custom)
2019-09-26 15:13:27,697 [pool-27-thread-1] INFO  impl.RaftServerImpl (ServerState.java:<init>(103)) - b3e939fd-eb36-468b-9efe-5d0a1fdaa172@group-F26566D6F0FB: ConfigurationManager, init=-1: [b3e939fd-eb36-468b-9efe-5d0a1fdaa172:192.168.151.99:45433], old=null, confs=<EMPTY_MAP>
2019-09-26 15:13:27,697 [pool-27-thread-1] INFO  server.RaftServerConfigKeys (ConfUtils.java:logGet(43)) - raft.server.storage.dir = [/workdir/hadoop-ozone/integration-test/target/test-dir/MiniOzoneClusterImpl-7e2f4b2f-6763-4a45-9ec4-264c2cef7c61/datanode-0/data/ratis] (custom)
2019-09-26 15:13:27,698 [pool-27-thread-1] INFO  storage.RaftStorageDirectory (RaftStorageDirectory.java:analyzeStorage(246)) - The storage directory /workdir/hadoop-ozone/integration-test/target/test-dir/MiniOzoneClusterImpl-7e2f4b2f-6763-4a45-9ec4-264c2cef7c61/datanode-0/data/ratis/76c53d1b-2914-468e-9957-f26566d6f0fb does not exist. Creating ...
2019-09-26 15:13:27,710 [pool-27-thread-1] INFO  storage.RaftStorageDirectory (RaftStorageDirectory.java:tryLock(328)) - Lock on /workdir/hadoop-ozone/integration-test/target/test-dir/MiniOzoneClusterImpl-7e2f4b2f-6763-4a45-9ec4-264c2cef7c61/datanode-0/data/ratis/76c53d1b-2914-468e-9957-f26566d6f0fb/in_use.lock acquired by nodename 11803@pr-hdds-1569-g6sp5-2013761785
2019-09-26 15:13:27,713 [pool-27-thread-1] INFO  storage.RaftStorage (RaftStorage.java:format(72)) - Storage directory /workdir/hadoop-ozone/integration-test/target/test-dir/MiniOzoneClusterImpl-7e2f4b2f-6763-4a45-9ec4-264c2cef7c61/datanode-0/data/ratis/76c53d1b-2914-468e-9957-f26566d6f0fb has been successfully formatted.
2019-09-26 15:13:27,713 [pool-27-thread-1] INFO  ratis.ContainerStateMachine (ContainerStateMachine.java:loadSnapshot(230)) - group-F26566D6F0FB: The snapshot info is null. Setting the last applied indexto:(t:0, i:~)
2019-09-26 15:13:27,713 [pool-27-thread-1] INFO  server.RaftServerConfigKeys (ConfUtils.java:logGet(43)) - raft.server.notification.no-leader.timeout = 120s (custom)
2019-09-26 15:13:27,713 [pool-27-thread-1] INFO  server.RaftServerConfigKeys (ConfUtils.java:logGet(43)) - raft.server.log.use.memory = false (default)
2019-09-26 15:13:27,713 [pool-27-thread-1] INFO  server.RaftServerConfigKeys (ConfUtils.java:logGet(43)) - raft.server.log.purge.gap = 1000000 (custom)
2019-09-26 15:13:27,713 [pool-27-thread-1] INFO  server.RaftServerConfigKeys (ConfUtils.java:logGet(43)) - raft.server.log.appender.buffer.byte-limit = 33554432 (custom)
2019-09-26 15:13:27,713 [pool-27-thread-1] INFO  server.RaftServerConfigKeys (ConfUtils.java:logGet(43)) - raft.server.log.segment.size.max = 1048576 (custom)
2019-09-26 15:13:27,713 [pool-27-thread-1] INFO  server.RaftServerConfigKeys (ConfUtils.java:logGet(43)) - raft.server.log.segment.cache.num.max = 2 (custom)
2019-09-26 15:13:27,713 [pool-27-thread-1] INFO  segmented.SegmentedRaftLogWorker (SegmentedRaftLogWorker.java:<init>(172)) - new b3e939fd-eb36-468b-9efe-5d0a1fdaa172@group-F26566D6F0FB-SegmentedRaftLogWorker for RaftStorage:Storage Directory /workdir/hadoop-ozone/integration-test/target/test-dir/MiniOzoneClusterImpl-7e2f4b2f-6763-4a45-9ec4-264c2cef7c61/datanode-0/data/ratis/76c53d1b-2914-468e-9957-f26566d6f0fb
2019-09-26 15:13:27,713 [pool-27-thread-1] INFO  server.RaftServerConfigKeys (ConfUtils.java:logGet(43)) - raft.server.log.queue.byte-limit = 2147483647 (custom)
2019-09-26 15:13:27,713 [pool-27-thread-1] INFO  server.RaftServerConfigKeys (ConfUtils.java:logGet(43)) - raft.server.log.queue.element-limit = 1024 (custom)
2019-09-26 15:13:27,714 [pool-27-thread-1] INFO  server.RaftServerConfigKeys (ConfUtils.java:logGet(43)) - raft.server.log.segment.size.max = 1048576 (custom)
2019-09-26 15:13:27,714 [pool-27-thread-1] INFO  server.RaftServerConfigKeys (ConfUtils.java:logGet(43)) - raft.server.log.preallocated.size = 16384 (custom)
2019-09-26 15:13:27,714 [pool-27-thread-1] INFO  server.RaftServerConfigKeys (ConfUtils.java:logGet(43)) - raft.server.log.write.buffer.size = 33554432 (custom)
2019-09-26 15:13:27,714 [pool-27-thread-1] INFO  server.RaftServerConfigKeys (ConfUtils.java:logGet(43)) - raft.server.log.force.sync.num = 128 (default)
2019-09-26 15:13:27,714 [pool-27-thread-1] INFO  server.RaftServerConfigKeys (ConfUtils.java:logGet(43)) - raft.server.log.statemachine.data.sync = true (default)
2019-09-26 15:13:27,714 [pool-27-thread-1] INFO  server.RaftServerConfigKeys (ConfUtils.java:logGet(43)) - raft.server.log.statemachine.data.sync.timeout = 10s (default)
2019-09-26 15:13:27,714 [pool-27-thread-1] INFO  server.RaftServerConfigKeys (ConfUtils.java:logGet(43)) - raft.server.log.statemachine.data.sync.timeout.retry = -1 (default)
2019-09-26 15:13:27,714 [pool-27-thread-1] INFO  server.RaftServerConfigKeys (ConfUtils.java:logGet(43)) - raft.server.log.statemachine.data.caching.enabled = true (custom)
2019-09-26 15:13:27,714 [pool-27-thread-1] INFO  segmented.SegmentedRaftLogWorker (SegmentedRaftLogWorker.java:lambda$new$0(132)) - b3e939fd-eb36-468b-9efe-5d0a1fdaa172@group-F26566D6F0FB-SegmentedRaftLogWorker: flushIndex: setUnconditionally 0 -> -1
2019-09-26 15:13:27,714 [pool-27-thread-1] INFO  server.RaftServerConfigKeys (ConfUtils.java:logGet(43)) - raft.server.snapshot.auto.trigger.enabled = true (custom)
2019-09-26 15:13:27,714 [pool-27-thread-1] INFO  server.RaftServerConfigKeys (ConfUtils.java:logGet(43)) - raft.server.snapshot.auto.trigger.threshold = 10000 (custom)
2019-09-26 15:13:27,715 [pool-27-thread-1] INFO  server.RaftServerConfigKeys (ConfUtils.java:logGet(43)) - raft.server.snapshot.retention.num.files = 5 (custom)
2019-09-26 15:13:27,715 [pool-27-thread-1] INFO  server.RaftServerConfigKeys (ConfUtils.java:logGet(43)) - raft.server.retrycache.expirytime = 600000ms (custom)
2019-09-26 15:13:27,716 [pool-27-thread-1] INFO  impl.RaftServerImpl (RaftServerImpl.java:start(185)) - b3e939fd-eb36-468b-9efe-5d0a1fdaa172@group-F26566D6F0FB: start as a follower, conf=-1: [b3e939fd-eb36-468b-9efe-5d0a1fdaa172:192.168.151.99:45433], old=null
2019-09-26 15:13:27,716 [pool-27-thread-1] INFO  impl.RaftServerImpl (RaftServerImpl.java:setRole(174)) - b3e939fd-eb36-468b-9efe-5d0a1fdaa172@group-F26566D6F0FB: changes role from      null to FOLLOWER at term 0 for startAsFollower
2019-09-26 15:13:27,716 [pool-27-thread-1] INFO  impl.RoleInfo (RoleInfo.java:updateAndGet(143)) - b3e939fd-eb36-468b-9efe-5d0a1fdaa172: start FollowerState
2019-09-26 15:13:27,716 [pool-27-thread-1] INFO  util.JmxRegister (JmxRegister.java:tryRegister(44)) - Successfully registered JMX Bean with object name Ratis:service=RaftServer,group=group-F26566D6F0FB,id=b3e939fd-eb36-468b-9efe-5d0a1fdaa172
2019-09-26 15:13:27,718 [RatisPipelineUtilsThread] INFO  pipeline.PipelineStateManager (PipelineStateManager.java:addPipeline(56)) - Created pipeline Pipeline[ Id: 76c53d1b-2914-468e-9957-f26566d6f0fb, Nodes: b3e939fd-eb36-468b-9efe-5d0a1fdaa172{ip: 192.168.151.99, host: pr-hdds-1569-g6sp5-2013761785, networkLocation: /default-rack, certSerialId: null}, Type:RATIS, Factor:ONE, State:OPEN]
2019-09-26 15:13:27,720 [grpc-default-executor-0] INFO  impl.RaftServerProxy (RaftServerProxy.java:addNew(89)) - b3e939fd-eb36-468b-9efe-5d0a1fdaa172: addNew group-270C29ADC77F:[b3e939fd-eb36-468b-9efe-5d0a1fdaa172:192.168.151.99:45433] returns group-270C29ADC77F:java.util.concurrent.CompletableFuture@581274ce[Not completed]
2019-09-26 15:13:27,721 [pool-27-thread-1] INFO  impl.RaftServerImpl (RaftServerImpl.java:<init>(95)) - b3e939fd-eb36-468b-9efe-5d0a1fdaa172: new RaftServerImpl for group-270C29ADC77F:[b3e939fd-eb36-468b-9efe-5d0a1fdaa172:192.168.151.99:45433] with ContainerStateMachine:uninitialized
2019-09-26 15:13:27,721 [pool-27-thread-1] INFO  server.RaftServerConfigKeys (ConfUtils.java:logGet(43)) - raft.server.rpc.timeout.min = 5s (custom)
2019-09-26 15:13:27,721 [pool-27-thread-1] INFO  server.RaftServerConfigKeys (ConfUtils.java:logGet(43)) - raft.server.rpc.timeout.max = 5200ms (custom)
2019-09-26 15:13:27,721 [pool-27-thread-1] INFO  server.RaftServerConfigKeys (ConfUtils.java:logGet(43)) - raft.server.rpcslowness.timeout = 120s (custom)
2019-09-26 15:13:27,721 [pool-27-thread-1] INFO  server.RaftServerConfigKeys (ConfUtils.java:logGet(43)) - raft.server.sleep.deviation.threshold = 300 (default)
2019-09-26 15:13:27,721 [pool-27-thread-1] INFO  server.RaftServerConfigKeys (ConfUtils.java:logGet(43)) - raft.server.log.appender.install.snapshot.enabled = false (custom)
2019-09-26 15:13:27,721 [pool-27-thread-1] INFO  impl.RaftServerImpl (ServerState.java:<init>(103)) - b3e939fd-eb36-468b-9efe-5d0a1fdaa172@group-270C29ADC77F: ConfigurationManager, init=-1: [b3e939fd-eb36-468b-9efe-5d0a1fdaa172:192.168.151.99:45433], old=null, confs=<EMPTY_MAP>
2019-09-26 15:13:27,721 [pool-27-thread-1] INFO  server.RaftServerConfigKeys (ConfUtils.java:logGet(43)) - raft.server.storage.dir = [/workdir/hadoop-ozone/integration-test/target/test-dir/MiniOzoneClusterImpl-7e2f4b2f-6763-4a45-9ec4-264c2cef7c61/datanode-0/data/ratis] (custom)
2019-09-26 15:13:27,722 [pool-27-thread-1] INFO  storage.RaftStorageDirectory (RaftStorageDirectory.java:analyzeStorage(246)) - The storage directory /workdir/hadoop-ozone/integration-test/target/test-dir/MiniOzoneClusterImpl-7e2f4b2f-6763-4a45-9ec4-264c2cef7c61/datanode-0/data/ratis/663a0411-ffbc-4bbb-bef7-270c29adc77f does not exist. Creating ...
2019-09-26 15:13:27,734 [pool-27-thread-1] INFO  storage.RaftStorageDirectory (RaftStorageDirectory.java:tryLock(328)) - Lock on /workdir/hadoop-ozone/integration-test/target/test-dir/MiniOzoneClusterImpl-7e2f4b2f-6763-4a45-9ec4-264c2cef7c61/datanode-0/data/ratis/663a0411-ffbc-4bbb-bef7-270c29adc77f/in_use.lock acquired by nodename 11803@pr-hdds-1569-g6sp5-2013761785
2019-09-26 15:13:27,747 [pool-27-thread-1] INFO  storage.RaftStorage (RaftStorage.java:format(72)) - Storage directory /workdir/hadoop-ozone/integration-test/target/test-dir/MiniOzoneClusterImpl-7e2f4b2f-6763-4a45-9ec4-264c2cef7c61/datanode-0/data/ratis/663a0411-ffbc-4bbb-bef7-270c29adc77f has been successfully formatted.
2019-09-26 15:13:27,747 [pool-27-thread-1] INFO  ratis.ContainerStateMachine (ContainerStateMachine.java:loadSnapshot(230)) - group-270C29ADC77F: The snapshot info is null. Setting the last applied indexto:(t:0, i:~)
2019-09-26 15:13:27,747 [pool-27-thread-1] INFO  server.RaftServerConfigKeys (ConfUtils.java:logGet(43)) - raft.server.notification.no-leader.timeout = 120s (custom)
2019-09-26 15:13:27,747 [pool-27-thread-1] INFO  server.RaftServerConfigKeys (ConfUtils.java:logGet(43)) - raft.server.log.use.memory = false (default)
2019-09-26 15:13:27,747 [pool-27-thread-1] INFO  server.RaftServerConfigKeys (ConfUtils.java:logGet(43)) - raft.server.log.purge.gap = 1000000 (custom)
2019-09-26 15:13:27,747 [pool-27-thread-1] INFO  server.RaftServerConfigKeys (ConfUtils.java:logGet(43)) - raft.server.log.appender.buffer.byte-limit = 33554432 (custom)
2019-09-26 15:13:27,747 [pool-27-thread-1] INFO  server.RaftServerConfigKeys (ConfUtils.java:logGet(43)) - raft.server.log.segment.size.max = 1048576 (custom)
2019-09-26 15:13:27,747 [pool-27-thread-1] INFO  server.RaftServerConfigKeys (ConfUtils.java:logGet(43)) - raft.server.log.segment.cache.num.max = 2 (custom)
2019-09-26 15:13:27,747 [pool-27-thread-1] INFO  segmented.SegmentedRaftLogWorker (SegmentedRaftLogWorker.java:<init>(172)) - new b3e939fd-eb36-468b-9efe-5d0a1fdaa172@group-270C29ADC77F-SegmentedRaftLogWorker for RaftStorage:Storage Directory /workdir/hadoop-ozone/integration-test/target/test-dir/MiniOzoneClusterImpl-7e2f4b2f-6763-4a45-9ec4-264c2cef7c61/datanode-0/data/ratis/663a0411-ffbc-4bbb-bef7-270c29adc77f
2019-09-26 15:13:27,747 [pool-27-thread-1] INFO  server.RaftServerConfigKeys (ConfUtils.java:logGet(43)) - raft.server.log.queue.byte-limit = 2147483647 (custom)
2019-09-26 15:13:27,748 [pool-27-thread-1] INFO  server.RaftServerConfigKeys (ConfUtils.java:logGet(43)) - raft.server.log.queue.element-limit = 1024 (custom)
2019-09-26 15:13:27,748 [pool-27-thread-1] INFO  server.RaftServerConfigKeys (ConfUtils.java:logGet(43)) - raft.server.log.segment.size.max = 1048576 (custom)
2019-09-26 15:13:27,748 [pool-27-thread-1] INFO  server.RaftServerConfigKeys (ConfUtils.java:logGet(43)) - raft.server.log.preallocated.size = 16384 (custom)
2019-09-26 15:13:27,748 [pool-27-thread-1] INFO  server.RaftServerConfigKeys (ConfUtils.java:logGet(43)) - raft.server.log.write.buffer.size = 33554432 (custom)
2019-09-26 15:13:27,748 [pool-27-thread-1] INFO  server.RaftServerConfigKeys (ConfUtils.java:logGet(43)) - raft.server.log.force.sync.num = 128 (default)
2019-09-26 15:13:27,748 [pool-27-thread-1] INFO  server.RaftServerConfigKeys (ConfUtils.java:logGet(43)) - raft.server.log.statemachine.data.sync = true (default)
2019-09-26 15:13:27,748 [pool-27-thread-1] INFO  server.RaftServerConfigKeys (ConfUtils.java:logGet(43)) - raft.server.log.statemachine.data.sync.timeout = 10s (default)
2019-09-26 15:13:27,748 [pool-27-thread-1] INFO  server.RaftServerConfigKeys (ConfUtils.java:logGet(43)) - raft.server.log.statemachine.data.sync.timeout.retry = -1 (default)
2019-09-26 15:13:27,748 [pool-27-thread-1] INFO  server.RaftServerConfigKeys (ConfUtils.java:logGet(43)) - raft.server.log.statemachine.data.caching.enabled = true (custom)
2019-09-26 15:13:27,748 [pool-27-thread-1] INFO  segmented.SegmentedRaftLogWorker (SegmentedRaftLogWorker.java:lambda$new$0(132)) - b3e939fd-eb36-468b-9efe-5d0a1fdaa172@group-270C29ADC77F-SegmentedRaftLogWorker: flushIndex: setUnconditionally 0 -> -1
2019-09-26 15:13:27,748 [pool-27-thread-1] INFO  server.RaftServerConfigKeys (ConfUtils.java:logGet(43)) - raft.server.snapshot.auto.trigger.enabled = true (custom)
2019-09-26 15:13:27,748 [pool-27-thread-1] INFO  server.RaftServerConfigKeys (ConfUtils.java:logGet(43)) - raft.server.snapshot.auto.trigger.threshold = 10000 (custom)
2019-09-26 15:13:27,749 [pool-27-thread-1] INFO  server.RaftServerConfigKeys (ConfUtils.java:logGet(43)) - raft.server.snapshot.retention.num.files = 5 (custom)
2019-09-26 15:13:27,749 [pool-27-thread-1] INFO  server.RaftServerConfigKeys (ConfUtils.java:logGet(43)) - raft.server.retrycache.expirytime = 600000ms (custom)
2019-09-26 15:13:27,750 [pool-27-thread-1] INFO  impl.RaftServerImpl (RaftServerImpl.java:start(185)) - b3e939fd-eb36-468b-9efe-5d0a1fdaa172@group-270C29ADC77F: start as a follower, conf=-1: [b3e939fd-eb36-468b-9efe-5d0a1fdaa172:192.168.151.99:45433], old=null
2019-09-26 15:13:27,750 [pool-27-thread-1] INFO  impl.RaftServerImpl (RaftServerImpl.java:setRole(174)) - b3e939fd-eb36-468b-9efe-5d0a1fdaa172@group-270C29ADC77F: changes role from      null to FOLLOWER at term 0 for startAsFollower
2019-09-26 15:13:27,750 [pool-27-thread-1] INFO  impl.RoleInfo (RoleInfo.java:updateAndGet(143)) - b3e939fd-eb36-468b-9efe-5d0a1fdaa172: start FollowerState
2019-09-26 15:13:27,750 [pool-27-thread-1] INFO  util.JmxRegister (JmxRegister.java:tryRegister(44)) - Successfully registered JMX Bean with object name Ratis:service=RaftServer,group=group-270C29ADC77F,id=b3e939fd-eb36-468b-9efe-5d0a1fdaa172
2019-09-26 15:13:27,752 [RatisPipelineUtilsThread] INFO  pipeline.PipelineStateManager (PipelineStateManager.java:addPipeline(56)) - Created pipeline Pipeline[ Id: 663a0411-ffbc-4bbb-bef7-270c29adc77f, Nodes: b3e939fd-eb36-468b-9efe-5d0a1fdaa172{ip: 192.168.151.99, host: pr-hdds-1569-g6sp5-2013761785, networkLocation: /default-rack, certSerialId: null}, Type:RATIS, Factor:ONE, State:OPEN]
2019-09-26 15:13:27,754 [grpc-default-executor-0] INFO  impl.RaftServerProxy (RaftServerProxy.java:addNew(89)) - b3e939fd-eb36-468b-9efe-5d0a1fdaa172: addNew group-726852ADE118:[b3e939fd-eb36-468b-9efe-5d0a1fdaa172:192.168.151.99:45433] returns group-726852ADE118:java.util.concurrent.CompletableFuture@90546af[Not completed]
2019-09-26 15:13:27,755 [pool-27-thread-1] INFO  impl.RaftServerImpl (RaftServerImpl.java:<init>(95)) - b3e939fd-eb36-468b-9efe-5d0a1fdaa172: new RaftServerImpl for group-726852ADE118:[b3e939fd-eb36-468b-9efe-5d0a1fdaa172:192.168.151.99:45433] with ContainerStateMachine:uninitialized
2019-09-26 15:13:27,755 [pool-27-thread-1] INFO  server.RaftServerConfigKeys (ConfUtils.java:logGet(43)) - raft.server.rpc.timeout.min = 5s (custom)
2019-09-26 15:13:27,755 [pool-27-thread-1] INFO  server.RaftServerConfigKeys (ConfUtils.java:logGet(43)) - raft.server.rpc.timeout.max = 5200ms (custom)
2019-09-26 15:13:27,755 [pool-27-thread-1] INFO  server.RaftServerConfigKeys (ConfUtils.java:logGet(43)) - raft.server.rpcslowness.timeout = 120s (custom)
2019-09-26 15:13:27,755 [pool-27-thread-1] INFO  server.RaftServerConfigKeys (ConfUtils.java:logGet(43)) - raft.server.sleep.deviation.threshold = 300 (default)
2019-09-26 15:13:27,755 [pool-27-thread-1] INFO  server.RaftServerConfigKeys (ConfUtils.java:logGet(43)) - raft.server.log.appender.install.snapshot.enabled = false (custom)
2019-09-26 15:13:27,755 [pool-27-thread-1] INFO  impl.RaftServerImpl (ServerState.java:<init>(103)) - b3e939fd-eb36-468b-9efe-5d0a1fdaa172@group-726852ADE118: ConfigurationManager, init=-1: [b3e939fd-eb36-468b-9efe-5d0a1fdaa172:192.168.151.99:45433], old=null, confs=<EMPTY_MAP>
2019-09-26 15:13:27,755 [pool-27-thread-1] INFO  server.RaftServerConfigKeys (ConfUtils.java:logGet(43)) - raft.server.storage.dir = [/workdir/hadoop-ozone/integration-test/target/test-dir/MiniOzoneClusterImpl-7e2f4b2f-6763-4a45-9ec4-264c2cef7c61/datanode-0/data/ratis] (custom)
2019-09-26 15:13:27,756 [pool-27-thread-1] INFO  storage.RaftStorageDirectory (RaftStorageDirectory.java:analyzeStorage(246)) - The storage directory /workdir/hadoop-ozone/integration-test/target/test-dir/MiniOzoneClusterImpl-7e2f4b2f-6763-4a45-9ec4-264c2cef7c61/datanode-0/data/ratis/7a502803-849b-4409-bed2-726852ade118 does not exist. Creating ...
2019-09-26 15:13:27,769 [pool-27-thread-1] INFO  storage.RaftStorageDirectory (RaftStorageDirectory.java:tryLock(328)) - Lock on /workdir/hadoop-ozone/integration-test/target/test-dir/MiniOzoneClusterImpl-7e2f4b2f-6763-4a45-9ec4-264c2cef7c61/datanode-0/data/ratis/7a502803-849b-4409-bed2-726852ade118/in_use.lock acquired by nodename 11803@pr-hdds-1569-g6sp5-2013761785
2019-09-26 15:13:27,772 [pool-27-thread-1] INFO  storage.RaftStorage (RaftStorage.java:format(72)) - Storage directory /workdir/hadoop-ozone/integration-test/target/test-dir/MiniOzoneClusterImpl-7e2f4b2f-6763-4a45-9ec4-264c2cef7c61/datanode-0/data/ratis/7a502803-849b-4409-bed2-726852ade118 has been successfully formatted.
2019-09-26 15:13:27,772 [pool-27-thread-1] INFO  ratis.ContainerStateMachine (ContainerStateMachine.java:loadSnapshot(230)) - group-726852ADE118: The snapshot info is null. Setting the last applied indexto:(t:0, i:~)
2019-09-26 15:13:27,772 [pool-27-thread-1] INFO  server.RaftServerConfigKeys (ConfUtils.java:logGet(43)) - raft.server.notification.no-leader.timeout = 120s (custom)
2019-09-26 15:13:27,772 [pool-27-thread-1] INFO  server.RaftServerConfigKeys (ConfUtils.java:logGet(43)) - raft.server.log.use.memory = false (default)
2019-09-26 15:13:27,772 [pool-27-thread-1] INFO  server.RaftServerConfigKeys (ConfUtils.java:logGet(43)) - raft.server.log.purge.gap = 1000000 (custom)
2019-09-26 15:13:27,772 [pool-27-thread-1] INFO  server.RaftServerConfigKeys (ConfUtils.java:logGet(43)) - raft.server.log.appender.buffer.byte-limit = 33554432 (custom)
2019-09-26 15:13:27,772 [pool-27-thread-1] INFO  server.RaftServerConfigKeys (ConfUtils.java:logGet(43)) - raft.server.log.segment.size.max = 1048576 (custom)
2019-09-26 15:13:27,772 [pool-27-thread-1] INFO  server.RaftServerConfigKeys (ConfUtils.java:logGet(43)) - raft.server.log.segment.cache.num.max = 2 (custom)
2019-09-26 15:13:27,773 [pool-27-thread-1] INFO  segmented.SegmentedRaftLogWorker (SegmentedRaftLogWorker.java:<init>(172)) - new b3e939fd-eb36-468b-9efe-5d0a1fdaa172@group-726852ADE118-SegmentedRaftLogWorker for RaftStorage:Storage Directory /workdir/hadoop-ozone/integration-test/target/test-dir/MiniOzoneClusterImpl-7e2f4b2f-6763-4a45-9ec4-264c2cef7c61/datanode-0/data/ratis/7a502803-849b-4409-bed2-726852ade118
2019-09-26 15:13:27,773 [pool-27-thread-1] INFO  server.RaftServerConfigKeys (ConfUtils.java:logGet(43)) - raft.server.log.queue.byte-limit = 2147483647 (custom)
2019-09-26 15:13:27,773 [pool-27-thread-1] INFO  server.RaftServerConfigKeys (ConfUtils.java:logGet(43)) - raft.server.log.queue.element-limit = 1024 (custom)
2019-09-26 15:13:27,773 [pool-27-thread-1] INFO  server.RaftServerConfigKeys (ConfUtils.java:logGet(43)) - raft.server.log.segment.size.max = 1048576 (custom)
2019-09-26 15:13:27,773 [pool-27-thread-1] INFO  server.RaftServerConfigKeys (ConfUtils.java:logGet(43)) - raft.server.log.preallocated.size = 16384 (custom)
2019-09-26 15:13:27,773 [pool-27-thread-1] INFO  server.RaftServerConfigKeys (ConfUtils.java:logGet(43)) - raft.server.log.write.buffer.size = 33554432 (custom)
2019-09-26 15:13:27,773 [pool-27-thread-1] INFO  server.RaftServerConfigKeys (ConfUtils.java:logGet(43)) - raft.server.log.force.sync.num = 128 (default)
2019-09-26 15:13:27,773 [pool-27-thread-1] INFO  server.RaftServerConfigKeys (ConfUtils.java:logGet(43)) - raft.server.log.statemachine.data.sync = true (default)
2019-09-26 15:13:27,773 [pool-27-thread-1] INFO  server.RaftServerConfigKeys (ConfUtils.java:logGet(43)) - raft.server.log.statemachine.data.sync.timeout = 10s (default)
2019-09-26 15:13:27,773 [pool-27-thread-1] INFO  server.RaftServerConfigKeys (ConfUtils.java:logGet(43)) - raft.server.log.statemachine.data.sync.timeout.retry = -1 (default)
2019-09-26 15:13:27,773 [pool-27-thread-1] INFO  server.RaftServerConfigKeys (ConfUtils.java:logGet(43)) - raft.server.log.statemachine.data.caching.enabled = true (custom)
2019-09-26 15:13:27,773 [pool-27-thread-1] INFO  segmented.SegmentedRaftLogWorker (SegmentedRaftLogWorker.java:lambda$new$0(132)) - b3e939fd-eb36-468b-9efe-5d0a1fdaa172@group-726852ADE118-SegmentedRaftLogWorker: flushIndex: setUnconditionally 0 -> -1
2019-09-26 15:13:27,774 [pool-27-thread-1] INFO  server.RaftServerConfigKeys (ConfUtils.java:logGet(43)) - raft.server.snapshot.auto.trigger.enabled = true (custom)
2019-09-26 15:13:27,774 [pool-27-thread-1] INFO  server.RaftServerConfigKeys (ConfUtils.java:logGet(43)) - raft.server.snapshot.auto.trigger.threshold = 10000 (custom)
2019-09-26 15:13:27,774 [pool-27-thread-1] INFO  server.RaftServerConfigKeys (ConfUtils.java:logGet(43)) - raft.server.snapshot.retention.num.files = 5 (custom)
2019-09-26 15:13:27,774 [pool-27-thread-1] INFO  server.RaftServerConfigKeys (ConfUtils.java:logGet(43)) - raft.server.retrycache.expirytime = 600000ms (custom)
2019-09-26 15:13:27,775 [pool-27-thread-1] INFO  impl.RaftServerImpl (RaftServerImpl.java:start(185)) - b3e939fd-eb36-468b-9efe-5d0a1fdaa172@group-726852ADE118: start as a follower, conf=-1: [b3e939fd-eb36-468b-9efe-5d0a1fdaa172:192.168.151.99:45433], old=null
2019-09-26 15:13:27,775 [pool-27-thread-1] INFO  impl.RaftServerImpl (RaftServerImpl.java:setRole(174)) - b3e939fd-eb36-468b-9efe-5d0a1fdaa172@group-726852ADE118: changes role from      null to FOLLOWER at term 0 for startAsFollower
2019-09-26 15:13:27,775 [pool-27-thread-1] INFO  impl.RoleInfo (RoleInfo.java:updateAndGet(143)) - b3e939fd-eb36-468b-9efe-5d0a1fdaa172: start FollowerState
2019-09-26 15:13:27,775 [pool-27-thread-1] INFO  util.JmxRegister (JmxRegister.java:tryRegister(44)) - Successfully registered JMX Bean with object name Ratis:service=RaftServer,group=group-726852ADE118,id=b3e939fd-eb36-468b-9efe-5d0a1fdaa172
2019-09-26 15:13:27,776 [RatisPipelineUtilsThread] INFO  pipeline.PipelineStateManager (PipelineStateManager.java:addPipeline(56)) - Created pipeline Pipeline[ Id: 7a502803-849b-4409-bed2-726852ade118, Nodes: b3e939fd-eb36-468b-9efe-5d0a1fdaa172{ip: 192.168.151.99, host: pr-hdds-1569-g6sp5-2013761785, networkLocation: /default-rack, certSerialId: null}, Type:RATIS, Factor:ONE, State:OPEN]
2019-09-26 15:13:27,779 [grpc-default-executor-0] INFO  impl.RaftServerProxy (RaftServerProxy.java:addNew(89)) - b3e939fd-eb36-468b-9efe-5d0a1fdaa172: addNew group-36CD4F2BB7F5:[b3e939fd-eb36-468b-9efe-5d0a1fdaa172:192.168.151.99:45433] returns group-36CD4F2BB7F5:java.util.concurrent.CompletableFuture@16ac960e[Not completed]
2019-09-26 15:13:27,779 [pool-27-thread-1] INFO  impl.RaftServerImpl (RaftServerImpl.java:<init>(95)) - b3e939fd-eb36-468b-9efe-5d0a1fdaa172: new RaftServerImpl for group-36CD4F2BB7F5:[b3e939fd-eb36-468b-9efe-5d0a1fdaa172:192.168.151.99:45433] with ContainerStateMachine:uninitialized
2019-09-26 15:13:27,779 [pool-27-thread-1] INFO  server.RaftServerConfigKeys (ConfUtils.java:logGet(43)) - raft.server.rpc.timeout.min = 5s (custom)
2019-09-26 15:13:27,779 [pool-27-thread-1] INFO  server.RaftServerConfigKeys (ConfUtils.java:logGet(43)) - raft.server.rpc.timeout.max = 5200ms (custom)
2019-09-26 15:13:27,779 [pool-27-thread-1] INFO  server.RaftServerConfigKeys (ConfUtils.java:logGet(43)) - raft.server.rpcslowness.timeout = 120s (custom)
2019-09-26 15:13:27,780 [pool-27-thread-1] INFO  server.RaftServerConfigKeys (ConfUtils.java:logGet(43)) - raft.server.sleep.deviation.threshold = 300 (default)
2019-09-26 15:13:27,780 [pool-27-thread-1] INFO  server.RaftServerConfigKeys (ConfUtils.java:logGet(43)) - raft.server.log.appender.install.snapshot.enabled = false (custom)
2019-09-26 15:13:27,780 [pool-27-thread-1] INFO  impl.RaftServerImpl (ServerState.java:<init>(103)) - b3e939fd-eb36-468b-9efe-5d0a1fdaa172@group-36CD4F2BB7F5: ConfigurationManager, init=-1: [b3e939fd-eb36-468b-9efe-5d0a1fdaa172:192.168.151.99:45433], old=null, confs=<EMPTY_MAP>
2019-09-26 15:13:27,780 [pool-27-thread-1] INFO  server.RaftServerConfigKeys (ConfUtils.java:logGet(43)) - raft.server.storage.dir = [/workdir/hadoop-ozone/integration-test/target/test-dir/MiniOzoneClusterImpl-7e2f4b2f-6763-4a45-9ec4-264c2cef7c61/datanode-0/data/ratis] (custom)
2019-09-26 15:13:27,780 [pool-27-thread-1] INFO  storage.RaftStorageDirectory (RaftStorageDirectory.java:analyzeStorage(246)) - The storage directory /workdir/hadoop-ozone/integration-test/target/test-dir/MiniOzoneClusterImpl-7e2f4b2f-6763-4a45-9ec4-264c2cef7c61/datanode-0/data/ratis/ff97217f-0789-47b5-ad98-36cd4f2bb7f5 does not exist. Creating ...
2019-09-26 15:13:27,783 [pool-27-thread-1] INFO  storage.RaftStorageDirectory (RaftStorageDirectory.java:tryLock(328)) - Lock on /workdir/hadoop-ozone/integration-test/target/test-dir/MiniOzoneClusterImpl-7e2f4b2f-6763-4a45-9ec4-264c2cef7c61/datanode-0/data/ratis/ff97217f-0789-47b5-ad98-36cd4f2bb7f5/in_use.lock acquired by nodename 11803@pr-hdds-1569-g6sp5-2013761785
2019-09-26 15:13:27,786 [pool-27-thread-1] INFO  storage.RaftStorage (RaftStorage.java:format(72)) - Storage directory /workdir/hadoop-ozone/integration-test/target/test-dir/MiniOzoneClusterImpl-7e2f4b2f-6763-4a45-9ec4-264c2cef7c61/datanode-0/data/ratis/ff97217f-0789-47b5-ad98-36cd4f2bb7f5 has been successfully formatted.
2019-09-26 15:13:27,786 [pool-27-thread-1] INFO  ratis.ContainerStateMachine (ContainerStateMachine.java:loadSnapshot(230)) - group-36CD4F2BB7F5: The snapshot info is null. Setting the last applied indexto:(t:0, i:~)
2019-09-26 15:13:27,786 [pool-27-thread-1] INFO  server.RaftServerConfigKeys (ConfUtils.java:logGet(43)) - raft.server.notification.no-leader.timeout = 120s (custom)
2019-09-26 15:13:27,786 [pool-27-thread-1] INFO  server.RaftServerConfigKeys (ConfUtils.java:logGet(43)) - raft.server.log.use.memory = false (default)
2019-09-26 15:13:27,786 [pool-27-thread-1] INFO  server.RaftServerConfigKeys (ConfUtils.java:logGet(43)) - raft.server.log.purge.gap = 1000000 (custom)
2019-09-26 15:13:27,787 [pool-27-thread-1] INFO  server.RaftServerConfigKeys (ConfUtils.java:logGet(43)) - raft.server.log.appender.buffer.byte-limit = 33554432 (custom)
2019-09-26 15:13:27,787 [pool-27-thread-1] INFO  server.RaftServerConfigKeys (ConfUtils.java:logGet(43)) - raft.server.log.segment.size.max = 1048576 (custom)
2019-09-26 15:13:27,787 [pool-27-thread-1] INFO  server.RaftServerConfigKeys (ConfUtils.java:logGet(43)) - raft.server.log.segment.cache.num.max = 2 (custom)
2019-09-26 15:13:27,787 [pool-27-thread-1] INFO  segmented.SegmentedRaftLogWorker (SegmentedRaftLogWorker.java:<init>(172)) - new b3e939fd-eb36-468b-9efe-5d0a1fdaa172@group-36CD4F2BB7F5-SegmentedRaftLogWorker for RaftStorage:Storage Directory /workdir/hadoop-ozone/integration-test/target/test-dir/MiniOzoneClusterImpl-7e2f4b2f-6763-4a45-9ec4-264c2cef7c61/datanode-0/data/ratis/ff97217f-0789-47b5-ad98-36cd4f2bb7f5
2019-09-26 15:13:27,787 [pool-27-thread-1] INFO  server.RaftServerConfigKeys (ConfUtils.java:logGet(43)) - raft.server.log.queue.byte-limit = 2147483647 (custom)
2019-09-26 15:13:27,787 [pool-27-thread-1] INFO  server.RaftServerConfigKeys (ConfUtils.java:logGet(43)) - raft.server.log.queue.element-limit = 1024 (custom)
2019-09-26 15:13:27,787 [pool-27-thread-1] INFO  server.RaftServerConfigKeys (ConfUtils.java:logGet(43)) - raft.server.log.segment.size.max = 1048576 (custom)
2019-09-26 15:13:27,787 [pool-27-thread-1] INFO  server.RaftServerConfigKeys (ConfUtils.java:logGet(43)) - raft.server.log.preallocated.size = 16384 (custom)
2019-09-26 15:13:27,787 [pool-27-thread-1] INFO  server.RaftServerConfigKeys (ConfUtils.java:logGet(43)) - raft.server.log.write.buffer.size = 33554432 (custom)
2019-09-26 15:13:27,787 [pool-27-thread-1] INFO  server.RaftServerConfigKeys (ConfUtils.java:logGet(43)) - raft.server.log.force.sync.num = 128 (default)
2019-09-26 15:13:27,787 [pool-27-thread-1] INFO  server.RaftServerConfigKeys (ConfUtils.java:logGet(43)) - raft.server.log.statemachine.data.sync = true (default)
2019-09-26 15:13:27,787 [pool-27-thread-1] INFO  server.RaftServerConfigKeys (ConfUtils.java:logGet(43)) - raft.server.log.statemachine.data.sync.timeout = 10s (default)
2019-09-26 15:13:27,787 [pool-27-thread-1] INFO  server.RaftServerConfigKeys (ConfUtils.java:logGet(43)) - raft.server.log.statemachine.data.sync.timeout.retry = -1 (default)
2019-09-26 15:13:27,787 [pool-27-thread-1] INFO  server.RaftServerConfigKeys (ConfUtils.java:logGet(43)) - raft.server.log.statemachine.data.caching.enabled = true (custom)
2019-09-26 15:13:27,788 [pool-27-thread-1] INFO  segmented.SegmentedRaftLogWorker (SegmentedRaftLogWorker.java:lambda$new$0(132)) - b3e939fd-eb36-468b-9efe-5d0a1fdaa172@group-36CD4F2BB7F5-SegmentedRaftLogWorker: flushIndex: setUnconditionally 0 -> -1
2019-09-26 15:13:27,788 [pool-27-thread-1] INFO  server.RaftServerConfigKeys (ConfUtils.java:logGet(43)) - raft.server.snapshot.auto.trigger.enabled = true (custom)
2019-09-26 15:13:27,788 [pool-27-thread-1] INFO  server.RaftServerConfigKeys (ConfUtils.java:logGet(43)) - raft.server.snapshot.auto.trigger.threshold = 10000 (custom)
2019-09-26 15:13:27,788 [pool-27-thread-1] INFO  server.RaftServerConfigKeys (ConfUtils.java:logGet(43)) - raft.server.snapshot.retention.num.files = 5 (custom)
2019-09-26 15:13:27,788 [pool-27-thread-1] INFO  server.RaftServerConfigKeys (ConfUtils.java:logGet(43)) - raft.server.retrycache.expirytime = 600000ms (custom)
2019-09-26 15:13:27,789 [pool-27-thread-1] INFO  impl.RaftServerImpl (RaftServerImpl.java:start(185)) - b3e939fd-eb36-468b-9efe-5d0a1fdaa172@group-36CD4F2BB7F5: start as a follower, conf=-1: [b3e939fd-eb36-468b-9efe-5d0a1fdaa172:192.168.151.99:45433], old=null
2019-09-26 15:13:27,789 [pool-27-thread-1] INFO  impl.RaftServerImpl (RaftServerImpl.java:setRole(174)) - b3e939fd-eb36-468b-9efe-5d0a1fdaa172@group-36CD4F2BB7F5: changes role from      null to FOLLOWER at term 0 for startAsFollower
2019-09-26 15:13:27,789 [pool-27-thread-1] INFO  impl.RoleInfo (RoleInfo.java:updateAndGet(143)) - b3e939fd-eb36-468b-9efe-5d0a1fdaa172: start FollowerState
2019-09-26 15:13:27,789 [pool-27-thread-1] INFO  util.JmxRegister (JmxRegister.java:tryRegister(44)) - Successfully registered JMX Bean with object name Ratis:service=RaftServer,group=group-36CD4F2BB7F5,id=b3e939fd-eb36-468b-9efe-5d0a1fdaa172
2019-09-26 15:13:27,791 [RatisPipelineUtilsThread] INFO  pipeline.PipelineStateManager (PipelineStateManager.java:addPipeline(56)) - Created pipeline Pipeline[ Id: ff97217f-0789-47b5-ad98-36cd4f2bb7f5, Nodes: b3e939fd-eb36-468b-9efe-5d0a1fdaa172{ip: 192.168.151.99, host: pr-hdds-1569-g6sp5-2013761785, networkLocation: /default-rack, certSerialId: null}, Type:RATIS, Factor:ONE, State:OPEN]
2019-09-26 15:13:27,794 [grpc-default-executor-0] INFO  impl.RaftServerProxy (RaftServerProxy.java:addNew(89)) - b3e939fd-eb36-468b-9efe-5d0a1fdaa172: addNew group-AFE7DB0113F1:[b3e939fd-eb36-468b-9efe-5d0a1fdaa172:192.168.151.99:45433] returns group-AFE7DB0113F1:java.util.concurrent.CompletableFuture@5ae20562[Not completed]
2019-09-26 15:13:27,799 [pool-27-thread-1] INFO  impl.RaftServerImpl (RaftServerImpl.java:<init>(95)) - b3e939fd-eb36-468b-9efe-5d0a1fdaa172: new RaftServerImpl for group-AFE7DB0113F1:[b3e939fd-eb36-468b-9efe-5d0a1fdaa172:192.168.151.99:45433] with ContainerStateMachine:uninitialized
2019-09-26 15:13:27,799 [pool-27-thread-1] INFO  server.RaftServerConfigKeys (ConfUtils.java:logGet(43)) - raft.server.rpc.timeout.min = 5s (custom)
2019-09-26 15:13:27,799 [pool-27-thread-1] INFO  server.RaftServerConfigKeys (ConfUtils.java:logGet(43)) - raft.server.rpc.timeout.max = 5200ms (custom)
2019-09-26 15:13:27,800 [pool-27-thread-1] INFO  server.RaftServerConfigKeys (ConfUtils.java:logGet(43)) - raft.server.rpcslowness.timeout = 120s (custom)
2019-09-26 15:13:27,800 [pool-27-thread-1] INFO  server.RaftServerConfigKeys (ConfUtils.java:logGet(43)) - raft.server.sleep.deviation.threshold = 300 (default)
2019-09-26 15:13:27,800 [pool-27-thread-1] INFO  server.RaftServerConfigKeys (ConfUtils.java:logGet(43)) - raft.server.log.appender.install.snapshot.enabled = false (custom)
2019-09-26 15:13:27,800 [pool-27-thread-1] INFO  impl.RaftServerImpl (ServerState.java:<init>(103)) - b3e939fd-eb36-468b-9efe-5d0a1fdaa172@group-AFE7DB0113F1: ConfigurationManager, init=-1: [b3e939fd-eb36-468b-9efe-5d0a1fdaa172:192.168.151.99:45433], old=null, confs=<EMPTY_MAP>
2019-09-26 15:13:27,800 [pool-27-thread-1] INFO  server.RaftServerConfigKeys (ConfUtils.java:logGet(43)) - raft.server.storage.dir = [/workdir/hadoop-ozone/integration-test/target/test-dir/MiniOzoneClusterImpl-7e2f4b2f-6763-4a45-9ec4-264c2cef7c61/datanode-0/data/ratis] (custom)
2019-09-26 15:13:27,801 [pool-27-thread-1] INFO  storage.RaftStorageDirectory (RaftStorageDirectory.java:analyzeStorage(246)) - The storage directory /workdir/hadoop-ozone/integration-test/target/test-dir/MiniOzoneClusterImpl-7e2f4b2f-6763-4a45-9ec4-264c2cef7c61/datanode-0/data/ratis/333214fb-76c9-4abd-9188-afe7db0113f1 does not exist. Creating ...
2019-09-26 15:13:27,806 [pool-27-thread-1] INFO  storage.RaftStorageDirectory (RaftStorageDirectory.java:tryLock(328)) - Lock on /workdir/hadoop-ozone/integration-test/target/test-dir/MiniOzoneClusterImpl-7e2f4b2f-6763-4a45-9ec4-264c2cef7c61/datanode-0/data/ratis/333214fb-76c9-4abd-9188-afe7db0113f1/in_use.lock acquired by nodename 11803@pr-hdds-1569-g6sp5-2013761785
2019-09-26 15:13:27,820 [pool-27-thread-1] INFO  storage.RaftStorage (RaftStorage.java:format(72)) - Storage directory /workdir/hadoop-ozone/integration-test/target/test-dir/MiniOzoneClusterImpl-7e2f4b2f-6763-4a45-9ec4-264c2cef7c61/datanode-0/data/ratis/333214fb-76c9-4abd-9188-afe7db0113f1 has been successfully formatted.
2019-09-26 15:13:27,820 [pool-27-thread-1] INFO  ratis.ContainerStateMachine (ContainerStateMachine.java:loadSnapshot(230)) - group-AFE7DB0113F1: The snapshot info is null. Setting the last applied indexto:(t:0, i:~)
2019-09-26 15:13:27,820 [pool-27-thread-1] INFO  server.RaftServerConfigKeys (ConfUtils.java:logGet(43)) - raft.server.notification.no-leader.timeout = 120s (custom)
2019-09-26 15:13:27,820 [pool-27-thread-1] INFO  server.RaftServerConfigKeys (ConfUtils.java:logGet(43)) - raft.server.log.use.memory = false (default)
2019-09-26 15:13:27,820 [pool-27-thread-1] INFO  server.RaftServerConfigKeys (ConfUtils.java:logGet(43)) - raft.server.log.purge.gap = 1000000 (custom)
2019-09-26 15:13:27,820 [pool-27-thread-1] INFO  server.RaftServerConfigKeys (ConfUtils.java:logGet(43)) - raft.server.log.appender.buffer.byte-limit = 33554432 (custom)
2019-09-26 15:13:27,820 [pool-27-thread-1] INFO  server.RaftServerConfigKeys (ConfUtils.java:logGet(43)) - raft.server.log.segment.size.max = 1048576 (custom)
2019-09-26 15:13:27,820 [pool-27-thread-1] INFO  server.RaftServerConfigKeys (ConfUtils.java:logGet(43)) - raft.server.log.segment.cache.num.max = 2 (custom)
2019-09-26 15:13:27,820 [pool-27-thread-1] INFO  segmented.SegmentedRaftLogWorker (SegmentedRaftLogWorker.java:<init>(172)) - new b3e939fd-eb36-468b-9efe-5d0a1fdaa172@group-AFE7DB0113F1-SegmentedRaftLogWorker for RaftStorage:Storage Directory /workdir/hadoop-ozone/integration-test/target/test-dir/MiniOzoneClusterImpl-7e2f4b2f-6763-4a45-9ec4-264c2cef7c61/datanode-0/data/ratis/333214fb-76c9-4abd-9188-afe7db0113f1
2019-09-26 15:13:27,820 [pool-27-thread-1] INFO  server.RaftServerConfigKeys (ConfUtils.java:logGet(43)) - raft.server.log.queue.byte-limit = 2147483647 (custom)
2019-09-26 15:13:27,821 [pool-27-thread-1] INFO  server.RaftServerConfigKeys (ConfUtils.java:logGet(43)) - raft.server.log.queue.element-limit = 1024 (custom)
2019-09-26 15:13:27,821 [pool-27-thread-1] INFO  server.RaftServerConfigKeys (ConfUtils.java:logGet(43)) - raft.server.log.segment.size.max = 1048576 (custom)
2019-09-26 15:13:27,821 [pool-27-thread-1] INFO  server.RaftServerConfigKeys (ConfUtils.java:logGet(43)) - raft.server.log.preallocated.size = 16384 (custom)
2019-09-26 15:13:27,821 [pool-27-thread-1] INFO  server.RaftServerConfigKeys (ConfUtils.java:logGet(43)) - raft.server.log.write.buffer.size = 33554432 (custom)
2019-09-26 15:13:27,821 [pool-27-thread-1] INFO  server.RaftServerConfigKeys (ConfUtils.java:logGet(43)) - raft.server.log.force.sync.num = 128 (default)
2019-09-26 15:13:27,821 [pool-27-thread-1] INFO  server.RaftServerConfigKeys (ConfUtils.java:logGet(43)) - raft.server.log.statemachine.data.sync = true (default)
2019-09-26 15:13:27,821 [pool-27-thread-1] INFO  server.RaftServerConfigKeys (ConfUtils.java:logGet(43)) - raft.server.log.statemachine.data.sync.timeout = 10s (default)
2019-09-26 15:13:27,821 [pool-27-thread-1] INFO  server.RaftServerConfigKeys (ConfUtils.java:logGet(43)) - raft.server.log.statemachine.data.sync.timeout.retry = -1 (default)
2019-09-26 15:13:27,821 [pool-27-thread-1] INFO  server.RaftServerConfigKeys (ConfUtils.java:logGet(43)) - raft.server.log.statemachine.data.caching.enabled = true (custom)
2019-09-26 15:13:27,821 [pool-27-thread-1] INFO  segmented.SegmentedRaftLogWorker (SegmentedRaftLogWorker.java:lambda$new$0(132)) - b3e939fd-eb36-468b-9efe-5d0a1fdaa172@group-AFE7DB0113F1-SegmentedRaftLogWorker: flushIndex: setUnconditionally 0 -> -1
2019-09-26 15:13:27,822 [pool-27-thread-1] INFO  server.RaftServerConfigKeys (ConfUtils.java:logGet(43)) - raft.server.snapshot.auto.trigger.enabled = true (custom)
2019-09-26 15:13:27,822 [pool-27-thread-1] INFO  server.RaftServerConfigKeys (ConfUtils.java:logGet(43)) - raft.server.snapshot.auto.trigger.threshold = 10000 (custom)
2019-09-26 15:13:27,822 [pool-27-thread-1] INFO  server.RaftServerConfigKeys (ConfUtils.java:logGet(43)) - raft.server.snapshot.retention.num.files = 5 (custom)
2019-09-26 15:13:27,822 [pool-27-thread-1] INFO  server.RaftServerConfigKeys (ConfUtils.java:logGet(43)) - raft.server.retrycache.expirytime = 600000ms (custom)
2019-09-26 15:13:27,823 [pool-27-thread-1] INFO  impl.RaftServerImpl (RaftServerImpl.java:start(185)) - b3e939fd-eb36-468b-9efe-5d0a1fdaa172@group-AFE7DB0113F1: start as a follower, conf=-1: [b3e939fd-eb36-468b-9efe-5d0a1fdaa172:192.168.151.99:45433], old=null
2019-09-26 15:13:27,823 [pool-27-thread-1] INFO  impl.RaftServerImpl (RaftServerImpl.java:setRole(174)) - b3e939fd-eb36-468b-9efe-5d0a1fdaa172@group-AFE7DB0113F1: changes role from      null to FOLLOWER at term 0 for startAsFollower
2019-09-26 15:13:27,823 [pool-27-thread-1] INFO  impl.RoleInfo (RoleInfo.java:updateAndGet(143)) - b3e939fd-eb36-468b-9efe-5d0a1fdaa172: start FollowerState
2019-09-26 15:13:27,823 [pool-27-thread-1] INFO  util.JmxRegister (JmxRegister.java:tryRegister(44)) - Successfully registered JMX Bean with object name Ratis:service=RaftServer,group=group-AFE7DB0113F1,id=b3e939fd-eb36-468b-9efe-5d0a1fdaa172
2019-09-26 15:13:27,825 [RatisPipelineUtilsThread] INFO  pipeline.PipelineStateManager (PipelineStateManager.java:addPipeline(56)) - Created pipeline Pipeline[ Id: 333214fb-76c9-4abd-9188-afe7db0113f1, Nodes: b3e939fd-eb36-468b-9efe-5d0a1fdaa172{ip: 192.168.151.99, host: pr-hdds-1569-g6sp5-2013761785, networkLocation: /default-rack, certSerialId: null}, Type:RATIS, Factor:ONE, State:OPEN]
2019-09-26 15:13:27,828 [grpc-default-executor-0] INFO  impl.RaftServerProxy (RaftServerProxy.java:addNew(89)) - b3e939fd-eb36-468b-9efe-5d0a1fdaa172: addNew group-3A19C25E34FC:[b3e939fd-eb36-468b-9efe-5d0a1fdaa172:192.168.151.99:45433] returns group-3A19C25E34FC:java.util.concurrent.CompletableFuture@6c7082a6[Not completed]
2019-09-26 15:13:27,828 [pool-27-thread-1] INFO  impl.RaftServerImpl (RaftServerImpl.java:<init>(95)) - b3e939fd-eb36-468b-9efe-5d0a1fdaa172: new RaftServerImpl for group-3A19C25E34FC:[b3e939fd-eb36-468b-9efe-5d0a1fdaa172:192.168.151.99:45433] with ContainerStateMachine:uninitialized
2019-09-26 15:13:27,828 [pool-27-thread-1] INFO  server.RaftServerConfigKeys (ConfUtils.java:logGet(43)) - raft.server.rpc.timeout.min = 5s (custom)
2019-09-26 15:13:27,828 [pool-27-thread-1] INFO  server.RaftServerConfigKeys (ConfUtils.java:logGet(43)) - raft.server.rpc.timeout.max = 5200ms (custom)
2019-09-26 15:13:27,828 [pool-27-thread-1] INFO  server.RaftServerConfigKeys (ConfUtils.java:logGet(43)) - raft.server.rpcslowness.timeout = 120s (custom)
2019-09-26 15:13:27,829 [pool-27-thread-1] INFO  server.RaftServerConfigKeys (ConfUtils.java:logGet(43)) - raft.server.sleep.deviation.threshold = 300 (default)
2019-09-26 15:13:27,829 [pool-27-thread-1] INFO  server.RaftServerConfigKeys (ConfUtils.java:logGet(43)) - raft.server.log.appender.install.snapshot.enabled = false (custom)
2019-09-26 15:13:27,829 [pool-27-thread-1] INFO  impl.RaftServerImpl (ServerState.java:<init>(103)) - b3e939fd-eb36-468b-9efe-5d0a1fdaa172@group-3A19C25E34FC: ConfigurationManager, init=-1: [b3e939fd-eb36-468b-9efe-5d0a1fdaa172:192.168.151.99:45433], old=null, confs=<EMPTY_MAP>
2019-09-26 15:13:27,829 [pool-27-thread-1] INFO  server.RaftServerConfigKeys (ConfUtils.java:logGet(43)) - raft.server.storage.dir = [/workdir/hadoop-ozone/integration-test/target/test-dir/MiniOzoneClusterImpl-7e2f4b2f-6763-4a45-9ec4-264c2cef7c61/datanode-0/data/ratis] (custom)
2019-09-26 15:13:27,829 [pool-27-thread-1] INFO  storage.RaftStorageDirectory (RaftStorageDirectory.java:analyzeStorage(246)) - The storage directory /workdir/hadoop-ozone/integration-test/target/test-dir/MiniOzoneClusterImpl-7e2f4b2f-6763-4a45-9ec4-264c2cef7c61/datanode-0/data/ratis/d11d2bae-2a2f-4d9d-a9a5-3a19c25e34fc does not exist. Creating ...
2019-09-26 15:13:27,860 [pool-27-thread-1] INFO  storage.RaftStorageDirectory (RaftStorageDirectory.java:tryLock(328)) - Lock on /workdir/hadoop-ozone/integration-test/target/test-dir/MiniOzoneClusterImpl-7e2f4b2f-6763-4a45-9ec4-264c2cef7c61/datanode-0/data/ratis/d11d2bae-2a2f-4d9d-a9a5-3a19c25e34fc/in_use.lock acquired by nodename 11803@pr-hdds-1569-g6sp5-2013761785
2019-09-26 15:13:27,872 [pool-27-thread-1] INFO  storage.RaftStorage (RaftStorage.java:format(72)) - Storage directory /workdir/hadoop-ozone/integration-test/target/test-dir/MiniOzoneClusterImpl-7e2f4b2f-6763-4a45-9ec4-264c2cef7c61/datanode-0/data/ratis/d11d2bae-2a2f-4d9d-a9a5-3a19c25e34fc has been successfully formatted.
2019-09-26 15:13:27,873 [pool-27-thread-1] INFO  ratis.ContainerStateMachine (ContainerStateMachine.java:loadSnapshot(230)) - group-3A19C25E34FC: The snapshot info is null. Setting the last applied indexto:(t:0, i:~)
2019-09-26 15:13:27,873 [pool-27-thread-1] INFO  server.RaftServerConfigKeys (ConfUtils.java:logGet(43)) - raft.server.notification.no-leader.timeout = 120s (custom)
2019-09-26 15:13:27,873 [pool-27-thread-1] INFO  server.RaftServerConfigKeys (ConfUtils.java:logGet(43)) - raft.server.log.use.memory = false (default)
2019-09-26 15:13:27,873 [pool-27-thread-1] INFO  server.RaftServerConfigKeys (ConfUtils.java:logGet(43)) - raft.server.log.purge.gap = 1000000 (custom)
2019-09-26 15:13:27,873 [pool-27-thread-1] INFO  server.RaftServerConfigKeys (ConfUtils.java:logGet(43)) - raft.server.log.appender.buffer.byte-limit = 33554432 (custom)
2019-09-26 15:13:27,873 [pool-27-thread-1] INFO  server.RaftServerConfigKeys (ConfUtils.java:logGet(43)) - raft.server.log.segment.size.max = 1048576 (custom)
2019-09-26 15:13:27,873 [pool-27-thread-1] INFO  server.RaftServerConfigKeys (ConfUtils.java:logGet(43)) - raft.server.log.segment.cache.num.max = 2 (custom)
2019-09-26 15:13:27,873 [pool-27-thread-1] INFO  segmented.SegmentedRaftLogWorker (SegmentedRaftLogWorker.java:<init>(172)) - new b3e939fd-eb36-468b-9efe-5d0a1fdaa172@group-3A19C25E34FC-SegmentedRaftLogWorker for RaftStorage:Storage Directory /workdir/hadoop-ozone/integration-test/target/test-dir/MiniOzoneClusterImpl-7e2f4b2f-6763-4a45-9ec4-264c2cef7c61/datanode-0/data/ratis/d11d2bae-2a2f-4d9d-a9a5-3a19c25e34fc
2019-09-26 15:13:27,873 [pool-27-thread-1] INFO  server.RaftServerConfigKeys (ConfUtils.java:logGet(43)) - raft.server.log.queue.byte-limit = 2147483647 (custom)
2019-09-26 15:13:27,873 [pool-27-thread-1] INFO  server.RaftServerConfigKeys (ConfUtils.java:logGet(43)) - raft.server.log.queue.element-limit = 1024 (custom)
2019-09-26 15:13:27,873 [pool-27-thread-1] INFO  server.RaftServerConfigKeys (ConfUtils.java:logGet(43)) - raft.server.log.segment.size.max = 1048576 (custom)
2019-09-26 15:13:27,873 [pool-27-thread-1] INFO  server.RaftServerConfigKeys (ConfUtils.java:logGet(43)) - raft.server.log.preallocated.size = 16384 (custom)
2019-09-26 15:13:27,873 [pool-27-thread-1] INFO  server.RaftServerConfigKeys (ConfUtils.java:logGet(43)) - raft.server.log.write.buffer.size = 33554432 (custom)
2019-09-26 15:13:27,873 [pool-27-thread-1] INFO  server.RaftServerConfigKeys (ConfUtils.java:logGet(43)) - raft.server.log.force.sync.num = 128 (default)
2019-09-26 15:13:27,874 [pool-27-thread-1] INFO  server.RaftServerConfigKeys (ConfUtils.java:logGet(43)) - raft.server.log.statemachine.data.sync = true (default)
2019-09-26 15:13:27,874 [pool-27-thread-1] INFO  server.RaftServerConfigKeys (ConfUtils.java:logGet(43)) - raft.server.log.statemachine.data.sync.timeout = 10s (default)
2019-09-26 15:13:27,874 [pool-27-thread-1] INFO  server.RaftServerConfigKeys (ConfUtils.java:logGet(43)) - raft.server.log.statemachine.data.sync.timeout.retry = -1 (default)
2019-09-26 15:13:27,874 [pool-27-thread-1] INFO  server.RaftServerConfigKeys (ConfUtils.java:logGet(43)) - raft.server.log.statemachine.data.caching.enabled = true (custom)
2019-09-26 15:13:27,874 [pool-27-thread-1] INFO  segmented.SegmentedRaftLogWorker (SegmentedRaftLogWorker.java:lambda$new$0(132)) - b3e939fd-eb36-468b-9efe-5d0a1fdaa172@group-3A19C25E34FC-SegmentedRaftLogWorker: flushIndex: setUnconditionally 0 -> -1
2019-09-26 15:13:27,874 [pool-27-thread-1] INFO  server.RaftServerConfigKeys (ConfUtils.java:logGet(43)) - raft.server.snapshot.auto.trigger.enabled = true (custom)
2019-09-26 15:13:27,874 [pool-27-thread-1] INFO  server.RaftServerConfigKeys (ConfUtils.java:logGet(43)) - raft.server.snapshot.auto.trigger.threshold = 10000 (custom)
2019-09-26 15:13:27,874 [pool-27-thread-1] INFO  server.RaftServerConfigKeys (ConfUtils.java:logGet(43)) - raft.server.snapshot.retention.num.files = 5 (custom)
2019-09-26 15:13:27,874 [pool-27-thread-1] INFO  server.RaftServerConfigKeys (ConfUtils.java:logGet(43)) - raft.server.retrycache.expirytime = 600000ms (custom)
2019-09-26 15:13:27,875 [pool-27-thread-1] INFO  impl.RaftServerImpl (RaftServerImpl.java:start(185)) - b3e939fd-eb36-468b-9efe-5d0a1fdaa172@group-3A19C25E34FC: start as a follower, conf=-1: [b3e939fd-eb36-468b-9efe-5d0a1fdaa172:192.168.151.99:45433], old=null
2019-09-26 15:13:27,875 [pool-27-thread-1] INFO  impl.RaftServerImpl (RaftServerImpl.java:setRole(174)) - b3e939fd-eb36-468b-9efe-5d0a1fdaa172@group-3A19C25E34FC: changes role from      null to FOLLOWER at term 0 for startAsFollower
2019-09-26 15:13:27,875 [pool-27-thread-1] INFO  impl.RoleInfo (RoleInfo.java:updateAndGet(143)) - b3e939fd-eb36-468b-9efe-5d0a1fdaa172: start FollowerState
2019-09-26 15:13:27,876 [pool-27-thread-1] INFO  util.JmxRegister (JmxRegister.java:tryRegister(44)) - Successfully registered JMX Bean with object name Ratis:service=RaftServer,group=group-3A19C25E34FC,id=b3e939fd-eb36-468b-9efe-5d0a1fdaa172
2019-09-26 15:13:27,877 [RatisPipelineUtilsThread] INFO  pipeline.PipelineStateManager (PipelineStateManager.java:addPipeline(56)) - Created pipeline Pipeline[ Id: d11d2bae-2a2f-4d9d-a9a5-3a19c25e34fc, Nodes: b3e939fd-eb36-468b-9efe-5d0a1fdaa172{ip: 192.168.151.99, host: pr-hdds-1569-g6sp5-2013761785, networkLocation: /default-rack, certSerialId: null}, Type:RATIS, Factor:ONE, State:OPEN]
2019-09-26 15:13:27,880 [grpc-default-executor-0] INFO  impl.RaftServerProxy (RaftServerProxy.java:addNew(89)) - b3e939fd-eb36-468b-9efe-5d0a1fdaa172: addNew group-E8E63C574F52:[b3e939fd-eb36-468b-9efe-5d0a1fdaa172:192.168.151.99:45433] returns group-E8E63C574F52:java.util.concurrent.CompletableFuture@57d5fbd4[Not completed]
2019-09-26 15:13:27,880 [pool-27-thread-1] INFO  impl.RaftServerImpl (RaftServerImpl.java:<init>(95)) - b3e939fd-eb36-468b-9efe-5d0a1fdaa172: new RaftServerImpl for group-E8E63C574F52:[b3e939fd-eb36-468b-9efe-5d0a1fdaa172:192.168.151.99:45433] with ContainerStateMachine:uninitialized
2019-09-26 15:13:27,881 [pool-27-thread-1] INFO  server.RaftServerConfigKeys (ConfUtils.java:logGet(43)) - raft.server.rpc.timeout.min = 5s (custom)
2019-09-26 15:13:27,881 [pool-27-thread-1] INFO  server.RaftServerConfigKeys (ConfUtils.java:logGet(43)) - raft.server.rpc.timeout.max = 5200ms (custom)
2019-09-26 15:13:27,881 [pool-27-thread-1] INFO  server.RaftServerConfigKeys (ConfUtils.java:logGet(43)) - raft.server.rpcslowness.timeout = 120s (custom)
2019-09-26 15:13:27,881 [pool-27-thread-1] INFO  server.RaftServerConfigKeys (ConfUtils.java:logGet(43)) - raft.server.sleep.deviation.threshold = 300 (default)
2019-09-26 15:13:27,881 [pool-27-thread-1] INFO  server.RaftServerConfigKeys (ConfUtils.java:logGet(43)) - raft.server.log.appender.install.snapshot.enabled = false (custom)
2019-09-26 15:13:27,881 [pool-27-thread-1] INFO  impl.RaftServerImpl (ServerState.java:<init>(103)) - b3e939fd-eb36-468b-9efe-5d0a1fdaa172@group-E8E63C574F52: ConfigurationManager, init=-1: [b3e939fd-eb36-468b-9efe-5d0a1fdaa172:192.168.151.99:45433], old=null, confs=<EMPTY_MAP>
2019-09-26 15:13:27,881 [pool-27-thread-1] INFO  server.RaftServerConfigKeys (ConfUtils.java:logGet(43)) - raft.server.storage.dir = [/workdir/hadoop-ozone/integration-test/target/test-dir/MiniOzoneClusterImpl-7e2f4b2f-6763-4a45-9ec4-264c2cef7c61/datanode-0/data/ratis] (custom)
2019-09-26 15:13:27,882 [pool-27-thread-1] INFO  storage.RaftStorageDirectory (RaftStorageDirectory.java:analyzeStorage(246)) - The storage directory /workdir/hadoop-ozone/integration-test/target/test-dir/MiniOzoneClusterImpl-7e2f4b2f-6763-4a45-9ec4-264c2cef7c61/datanode-0/data/ratis/965aeeed-f2fd-4025-b408-e8e63c574f52 does not exist. Creating ...
2019-09-26 15:13:27,894 [pool-27-thread-1] INFO  storage.RaftStorageDirectory (RaftStorageDirectory.java:tryLock(328)) - Lock on /workdir/hadoop-ozone/integration-test/target/test-dir/MiniOzoneClusterImpl-7e2f4b2f-6763-4a45-9ec4-264c2cef7c61/datanode-0/data/ratis/965aeeed-f2fd-4025-b408-e8e63c574f52/in_use.lock acquired by nodename 11803@pr-hdds-1569-g6sp5-2013761785
2019-09-26 15:13:27,897 [pool-27-thread-1] INFO  storage.RaftStorage (RaftStorage.java:format(72)) - Storage directory /workdir/hadoop-ozone/integration-test/target/test-dir/MiniOzoneClusterImpl-7e2f4b2f-6763-4a45-9ec4-264c2cef7c61/datanode-0/data/ratis/965aeeed-f2fd-4025-b408-e8e63c574f52 has been successfully formatted.
2019-09-26 15:13:27,897 [pool-27-thread-1] INFO  ratis.ContainerStateMachine (ContainerStateMachine.java:loadSnapshot(230)) - group-E8E63C574F52: The snapshot info is null. Setting the last applied indexto:(t:0, i:~)
2019-09-26 15:13:27,897 [pool-27-thread-1] INFO  server.RaftServerConfigKeys (ConfUtils.java:logGet(43)) - raft.server.notification.no-leader.timeout = 120s (custom)
2019-09-26 15:13:27,897 [pool-27-thread-1] INFO  server.RaftServerConfigKeys (ConfUtils.java:logGet(43)) - raft.server.log.use.memory = false (default)
2019-09-26 15:13:27,897 [pool-27-thread-1] INFO  server.RaftServerConfigKeys (ConfUtils.java:logGet(43)) - raft.server.log.purge.gap = 1000000 (custom)
2019-09-26 15:13:27,897 [pool-27-thread-1] INFO  server.RaftServerConfigKeys (ConfUtils.java:logGet(43)) - raft.server.log.appender.buffer.byte-limit = 33554432 (custom)
2019-09-26 15:13:27,897 [pool-27-thread-1] INFO  server.RaftServerConfigKeys (ConfUtils.java:logGet(43)) - raft.server.log.segment.size.max = 1048576 (custom)
2019-09-26 15:13:27,897 [pool-27-thread-1] INFO  server.RaftServerConfigKeys (ConfUtils.java:logGet(43)) - raft.server.log.segment.cache.num.max = 2 (custom)
2019-09-26 15:13:27,897 [pool-27-thread-1] INFO  segmented.SegmentedRaftLogWorker (SegmentedRaftLogWorker.java:<init>(172)) - new b3e939fd-eb36-468b-9efe-5d0a1fdaa172@group-E8E63C574F52-SegmentedRaftLogWorker for RaftStorage:Storage Directory /workdir/hadoop-ozone/integration-test/target/test-dir/MiniOzoneClusterImpl-7e2f4b2f-6763-4a45-9ec4-264c2cef7c61/datanode-0/data/ratis/965aeeed-f2fd-4025-b408-e8e63c574f52
2019-09-26 15:13:27,897 [pool-27-thread-1] INFO  server.RaftServerConfigKeys (ConfUtils.java:logGet(43)) - raft.server.log.queue.byte-limit = 2147483647 (custom)
2019-09-26 15:13:27,898 [pool-27-thread-1] INFO  server.RaftServerConfigKeys (ConfUtils.java:logGet(43)) - raft.server.log.queue.element-limit = 1024 (custom)
2019-09-26 15:13:27,898 [pool-27-thread-1] INFO  server.RaftServerConfigKeys (ConfUtils.java:logGet(43)) - raft.server.log.segment.size.max = 1048576 (custom)
2019-09-26 15:13:27,898 [pool-27-thread-1] INFO  server.RaftServerConfigKeys (ConfUtils.java:logGet(43)) - raft.server.log.preallocated.size = 16384 (custom)
2019-09-26 15:13:27,898 [pool-27-thread-1] INFO  server.RaftServerConfigKeys (ConfUtils.java:logGet(43)) - raft.server.log.write.buffer.size = 33554432 (custom)
2019-09-26 15:13:27,898 [pool-27-thread-1] INFO  server.RaftServerConfigKeys (ConfUtils.java:logGet(43)) - raft.server.log.force.sync.num = 128 (default)
2019-09-26 15:13:27,898 [pool-27-thread-1] INFO  server.RaftServerConfigKeys (ConfUtils.java:logGet(43)) - raft.server.log.statemachine.data.sync = true (default)
2019-09-26 15:13:27,898 [pool-27-thread-1] INFO  server.RaftServerConfigKeys (ConfUtils.java:logGet(43)) - raft.server.log.statemachine.data.sync.timeout = 10s (default)
2019-09-26 15:13:27,898 [pool-27-thread-1] INFO  server.RaftServerConfigKeys (ConfUtils.java:logGet(43)) - raft.server.log.statemachine.data.sync.timeout.retry = -1 (default)
2019-09-26 15:13:27,898 [pool-27-thread-1] INFO  server.RaftServerConfigKeys (ConfUtils.java:logGet(43)) - raft.server.log.statemachine.data.caching.enabled = true (custom)
2019-09-26 15:13:27,898 [pool-27-thread-1] INFO  segmented.SegmentedRaftLogWorker (SegmentedRaftLogWorker.java:lambda$new$0(132)) - b3e939fd-eb36-468b-9efe-5d0a1fdaa172@group-E8E63C574F52-SegmentedRaftLogWorker: flushIndex: setUnconditionally 0 -> -1
2019-09-26 15:13:27,898 [pool-27-thread-1] INFO  server.RaftServerConfigKeys (ConfUtils.java:logGet(43)) - raft.server.snapshot.auto.trigger.enabled = true (custom)
2019-09-26 15:13:27,899 [pool-27-thread-1] INFO  server.RaftServerConfigKeys (ConfUtils.java:logGet(43)) - raft.server.snapshot.auto.trigger.threshold = 10000 (custom)
2019-09-26 15:13:27,899 [pool-27-thread-1] INFO  server.RaftServerConfigKeys (ConfUtils.java:logGet(43)) - raft.server.snapshot.retention.num.files = 5 (custom)
2019-09-26 15:13:27,899 [pool-27-thread-1] INFO  server.RaftServerConfigKeys (ConfUtils.java:logGet(43)) - raft.server.retrycache.expirytime = 600000ms (custom)
2019-09-26 15:13:27,900 [pool-27-thread-1] INFO  impl.RaftServerImpl (RaftServerImpl.java:start(185)) - b3e939fd-eb36-468b-9efe-5d0a1fdaa172@group-E8E63C574F52: start as a follower, conf=-1: [b3e939fd-eb36-468b-9efe-5d0a1fdaa172:192.168.151.99:45433], old=null
2019-09-26 15:13:27,900 [pool-27-thread-1] INFO  impl.RaftServerImpl (RaftServerImpl.java:setRole(174)) - b3e939fd-eb36-468b-9efe-5d0a1fdaa172@group-E8E63C574F52: changes role from      null to FOLLOWER at term 0 for startAsFollower
2019-09-26 15:13:27,900 [pool-27-thread-1] INFO  impl.RoleInfo (RoleInfo.java:updateAndGet(143)) - b3e939fd-eb36-468b-9efe-5d0a1fdaa172: start FollowerState
2019-09-26 15:13:27,900 [pool-27-thread-1] INFO  util.JmxRegister (JmxRegister.java:tryRegister(44)) - Successfully registered JMX Bean with object name Ratis:service=RaftServer,group=group-E8E63C574F52,id=b3e939fd-eb36-468b-9efe-5d0a1fdaa172
2019-09-26 15:13:27,902 [RatisPipelineUtilsThread] INFO  pipeline.PipelineStateManager (PipelineStateManager.java:addPipeline(56)) - Created pipeline Pipeline[ Id: 965aeeed-f2fd-4025-b408-e8e63c574f52, Nodes: b3e939fd-eb36-468b-9efe-5d0a1fdaa172{ip: 192.168.151.99, host: pr-hdds-1569-g6sp5-2013761785, networkLocation: /default-rack, certSerialId: null}, Type:RATIS, Factor:ONE, State:OPEN]
2019-09-26 15:13:27,907 [grpc-default-executor-0] INFO  impl.RaftServerProxy (RaftServerProxy.java:addNew(89)) - b3e939fd-eb36-468b-9efe-5d0a1fdaa172: addNew group-2969446FDAA8:[b3e939fd-eb36-468b-9efe-5d0a1fdaa172:192.168.151.99:45433] returns group-2969446FDAA8:java.util.concurrent.CompletableFuture@41c4089f[Not completed]
2019-09-26 15:13:27,907 [pool-27-thread-1] INFO  impl.RaftServerImpl (RaftServerImpl.java:<init>(95)) - b3e939fd-eb36-468b-9efe-5d0a1fdaa172: new RaftServerImpl for group-2969446FDAA8:[b3e939fd-eb36-468b-9efe-5d0a1fdaa172:192.168.151.99:45433] with ContainerStateMachine:uninitialized
2019-09-26 15:13:27,907 [pool-27-thread-1] INFO  server.RaftServerConfigKeys (ConfUtils.java:logGet(43)) - raft.server.rpc.timeout.min = 5s (custom)
2019-09-26 15:13:27,907 [pool-27-thread-1] INFO  server.RaftServerConfigKeys (ConfUtils.java:logGet(43)) - raft.server.rpc.timeout.max = 5200ms (custom)
2019-09-26 15:13:27,908 [pool-27-thread-1] INFO  server.RaftServerConfigKeys (ConfUtils.java:logGet(43)) - raft.server.rpcslowness.timeout = 120s (custom)
2019-09-26 15:13:27,908 [pool-27-thread-1] INFO  server.RaftServerConfigKeys (ConfUtils.java:logGet(43)) - raft.server.sleep.deviation.threshold = 300 (default)
2019-09-26 15:13:27,908 [pool-27-thread-1] INFO  server.RaftServerConfigKeys (ConfUtils.java:logGet(43)) - raft.server.log.appender.install.snapshot.enabled = false (custom)
2019-09-26 15:13:27,908 [pool-27-thread-1] INFO  impl.RaftServerImpl (ServerState.java:<init>(103)) - b3e939fd-eb36-468b-9efe-5d0a1fdaa172@group-2969446FDAA8: ConfigurationManager, init=-1: [b3e939fd-eb36-468b-9efe-5d0a1fdaa172:192.168.151.99:45433], old=null, confs=<EMPTY_MAP>
2019-09-26 15:13:27,908 [pool-27-thread-1] INFO  server.RaftServerConfigKeys (ConfUtils.java:logGet(43)) - raft.server.storage.dir = [/workdir/hadoop-ozone/integration-test/target/test-dir/MiniOzoneClusterImpl-7e2f4b2f-6763-4a45-9ec4-264c2cef7c61/datanode-0/data/ratis] (custom)
2019-09-26 15:13:27,908 [pool-27-thread-1] INFO  storage.RaftStorageDirectory (RaftStorageDirectory.java:analyzeStorage(246)) - The storage directory /workdir/hadoop-ozone/integration-test/target/test-dir/MiniOzoneClusterImpl-7e2f4b2f-6763-4a45-9ec4-264c2cef7c61/datanode-0/data/ratis/dc99437f-fae2-465d-985b-2969446fdaa8 does not exist. Creating ...
2019-09-26 15:13:27,921 [pool-27-thread-1] INFO  storage.RaftStorageDirectory (RaftStorageDirectory.java:tryLock(328)) - Lock on /workdir/hadoop-ozone/integration-test/target/test-dir/MiniOzoneClusterImpl-7e2f4b2f-6763-4a45-9ec4-264c2cef7c61/datanode-0/data/ratis/dc99437f-fae2-465d-985b-2969446fdaa8/in_use.lock acquired by nodename 11803@pr-hdds-1569-g6sp5-2013761785
2019-09-26 15:13:27,934 [pool-27-thread-1] INFO  storage.RaftStorage (RaftStorage.java:format(72)) - Storage directory /workdir/hadoop-ozone/integration-test/target/test-dir/MiniOzoneClusterImpl-7e2f4b2f-6763-4a45-9ec4-264c2cef7c61/datanode-0/data/ratis/dc99437f-fae2-465d-985b-2969446fdaa8 has been successfully formatted.
2019-09-26 15:13:27,934 [pool-27-thread-1] INFO  ratis.ContainerStateMachine (ContainerStateMachine.java:loadSnapshot(230)) - group-2969446FDAA8: The snapshot info is null. Setting the last applied indexto:(t:0, i:~)
2019-09-26 15:13:27,934 [pool-27-thread-1] INFO  server.RaftServerConfigKeys (ConfUtils.java:logGet(43)) - raft.server.notification.no-leader.timeout = 120s (custom)
2019-09-26 15:13:27,934 [pool-27-thread-1] INFO  server.RaftServerConfigKeys (ConfUtils.java:logGet(43)) - raft.server.log.use.memory = false (default)
2019-09-26 15:13:27,935 [pool-27-thread-1] INFO  server.RaftServerConfigKeys (ConfUtils.java:logGet(43)) - raft.server.log.purge.gap = 1000000 (custom)
2019-09-26 15:13:27,935 [pool-27-thread-1] INFO  server.RaftServerConfigKeys (ConfUtils.java:logGet(43)) - raft.server.log.appender.buffer.byte-limit = 33554432 (custom)
2019-09-26 15:13:27,935 [pool-27-thread-1] INFO  server.RaftServerConfigKeys (ConfUtils.java:logGet(43)) - raft.server.log.segment.size.max = 1048576 (custom)
2019-09-26 15:13:27,935 [pool-27-thread-1] INFO  server.RaftServerConfigKeys (ConfUtils.java:logGet(43)) - raft.server.log.segment.cache.num.max = 2 (custom)
2019-09-26 15:13:27,935 [pool-27-thread-1] INFO  segmented.SegmentedRaftLogWorker (SegmentedRaftLogWorker.java:<init>(172)) - new b3e939fd-eb36-468b-9efe-5d0a1fdaa172@group-2969446FDAA8-SegmentedRaftLogWorker for RaftStorage:Storage Directory /workdir/hadoop-ozone/integration-test/target/test-dir/MiniOzoneClusterImpl-7e2f4b2f-6763-4a45-9ec4-264c2cef7c61/datanode-0/data/ratis/dc99437f-fae2-465d-985b-2969446fdaa8
2019-09-26 15:13:27,935 [pool-27-thread-1] INFO  server.RaftServerConfigKeys (ConfUtils.java:logGet(43)) - raft.server.log.queue.byte-limit = 2147483647 (custom)
2019-09-26 15:13:27,935 [pool-27-thread-1] INFO  server.RaftServerConfigKeys (ConfUtils.java:logGet(43)) - raft.server.log.queue.element-limit = 1024 (custom)
2019-09-26 15:13:27,935 [pool-27-thread-1] INFO  server.RaftServerConfigKeys (ConfUtils.java:logGet(43)) - raft.server.log.segment.size.max = 1048576 (custom)
2019-09-26 15:13:27,935 [pool-27-thread-1] INFO  server.RaftServerConfigKeys (ConfUtils.java:logGet(43)) - raft.server.log.preallocated.size = 16384 (custom)
2019-09-26 15:13:27,935 [pool-27-thread-1] INFO  server.RaftServerConfigKeys (ConfUtils.java:logGet(43)) - raft.server.log.write.buffer.size = 33554432 (custom)
2019-09-26 15:13:27,935 [pool-27-thread-1] INFO  server.RaftServerConfigKeys (ConfUtils.java:logGet(43)) - raft.server.log.force.sync.num = 128 (default)
2019-09-26 15:13:27,935 [pool-27-thread-1] INFO  server.RaftServerConfigKeys (ConfUtils.java:logGet(43)) - raft.server.log.statemachine.data.sync = true (default)
2019-09-26 15:13:27,935 [pool-27-thread-1] INFO  server.RaftServerConfigKeys (ConfUtils.java:logGet(43)) - raft.server.log.statemachine.data.sync.timeout = 10s (default)
2019-09-26 15:13:27,936 [pool-27-thread-1] INFO  server.RaftServerConfigKeys (ConfUtils.java:logGet(43)) - raft.server.log.statemachine.data.sync.timeout.retry = -1 (default)
2019-09-26 15:13:27,936 [pool-27-thread-1] INFO  server.RaftServerConfigKeys (ConfUtils.java:logGet(43)) - raft.server.log.statemachine.data.caching.enabled = true (custom)
2019-09-26 15:13:27,936 [pool-27-thread-1] INFO  segmented.SegmentedRaftLogWorker (SegmentedRaftLogWorker.java:lambda$new$0(132)) - b3e939fd-eb36-468b-9efe-5d0a1fdaa172@group-2969446FDAA8-SegmentedRaftLogWorker: flushIndex: setUnconditionally 0 -> -1
2019-09-26 15:13:27,936 [pool-27-thread-1] INFO  server.RaftServerConfigKeys (ConfUtils.java:logGet(43)) - raft.server.snapshot.auto.trigger.enabled = true (custom)
2019-09-26 15:13:27,936 [pool-27-thread-1] INFO  server.RaftServerConfigKeys (ConfUtils.java:logGet(43)) - raft.server.snapshot.auto.trigger.threshold = 10000 (custom)
2019-09-26 15:13:27,936 [pool-27-thread-1] INFO  server.RaftServerConfigKeys (ConfUtils.java:logGet(43)) - raft.server.snapshot.retention.num.files = 5 (custom)
2019-09-26 15:13:27,936 [pool-27-thread-1] INFO  server.RaftServerConfigKeys (ConfUtils.java:logGet(43)) - raft.server.retrycache.expirytime = 600000ms (custom)
2019-09-26 15:13:27,937 [pool-27-thread-1] INFO  impl.RaftServerImpl (RaftServerImpl.java:start(185)) - b3e939fd-eb36-468b-9efe-5d0a1fdaa172@group-2969446FDAA8: start as a follower, conf=-1: [b3e939fd-eb36-468b-9efe-5d0a1fdaa172:192.168.151.99:45433], old=null
2019-09-26 15:13:27,937 [pool-27-thread-1] INFO  impl.RaftServerImpl (RaftServerImpl.java:setRole(174)) - b3e939fd-eb36-468b-9efe-5d0a1fdaa172@group-2969446FDAA8: changes role from      null to FOLLOWER at term 0 for startAsFollower
2019-09-26 15:13:27,937 [pool-27-thread-1] INFO  impl.RoleInfo (RoleInfo.java:updateAndGet(143)) - b3e939fd-eb36-468b-9efe-5d0a1fdaa172: start FollowerState
2019-09-26 15:13:27,938 [pool-27-thread-1] INFO  util.JmxRegister (JmxRegister.java:tryRegister(44)) - Successfully registered JMX Bean with object name Ratis:service=RaftServer,group=group-2969446FDAA8,id=b3e939fd-eb36-468b-9efe-5d0a1fdaa172
2019-09-26 15:13:27,939 [RatisPipelineUtilsThread] INFO  pipeline.PipelineStateManager (PipelineStateManager.java:addPipeline(56)) - Created pipeline Pipeline[ Id: dc99437f-fae2-465d-985b-2969446fdaa8, Nodes: b3e939fd-eb36-468b-9efe-5d0a1fdaa172{ip: 192.168.151.99, host: pr-hdds-1569-g6sp5-2013761785, networkLocation: /default-rack, certSerialId: null}, Type:RATIS, Factor:ONE, State:OPEN]
2019-09-26 15:13:27,942 [grpc-default-executor-0] INFO  impl.RaftServerProxy (RaftServerProxy.java:addNew(89)) - b3e939fd-eb36-468b-9efe-5d0a1fdaa172: addNew group-F2E2F02C4E80:[b3e939fd-eb36-468b-9efe-5d0a1fdaa172:192.168.151.99:45433] returns group-F2E2F02C4E80:java.util.concurrent.CompletableFuture@10430f1b[Not completed]
2019-09-26 15:13:27,943 [pool-27-thread-1] INFO  impl.RaftServerImpl (RaftServerImpl.java:<init>(95)) - b3e939fd-eb36-468b-9efe-5d0a1fdaa172: new RaftServerImpl for group-F2E2F02C4E80:[b3e939fd-eb36-468b-9efe-5d0a1fdaa172:192.168.151.99:45433] with ContainerStateMachine:uninitialized
2019-09-26 15:13:27,943 [pool-27-thread-1] INFO  server.RaftServerConfigKeys (ConfUtils.java:logGet(43)) - raft.server.rpc.timeout.min = 5s (custom)
2019-09-26 15:13:27,943 [pool-27-thread-1] INFO  server.RaftServerConfigKeys (ConfUtils.java:logGet(43)) - raft.server.rpc.timeout.max = 5200ms (custom)
2019-09-26 15:13:27,943 [pool-27-thread-1] INFO  server.RaftServerConfigKeys (ConfUtils.java:logGet(43)) - raft.server.rpcslowness.timeout = 120s (custom)
2019-09-26 15:13:27,943 [pool-27-thread-1] INFO  server.RaftServerConfigKeys (ConfUtils.java:logGet(43)) - raft.server.sleep.deviation.threshold = 300 (default)
2019-09-26 15:13:27,943 [pool-27-thread-1] INFO  server.RaftServerConfigKeys (ConfUtils.java:logGet(43)) - raft.server.log.appender.install.snapshot.enabled = false (custom)
2019-09-26 15:13:27,943 [pool-27-thread-1] INFO  impl.RaftServerImpl (ServerState.java:<init>(103)) - b3e939fd-eb36-468b-9efe-5d0a1fdaa172@group-F2E2F02C4E80: ConfigurationManager, init=-1: [b3e939fd-eb36-468b-9efe-5d0a1fdaa172:192.168.151.99:45433], old=null, confs=<EMPTY_MAP>
2019-09-26 15:13:27,943 [pool-27-thread-1] INFO  server.RaftServerConfigKeys (ConfUtils.java:logGet(43)) - raft.server.storage.dir = [/workdir/hadoop-ozone/integration-test/target/test-dir/MiniOzoneClusterImpl-7e2f4b2f-6763-4a45-9ec4-264c2cef7c61/datanode-0/data/ratis] (custom)
2019-09-26 15:13:27,944 [pool-27-thread-1] INFO  storage.RaftStorageDirectory (RaftStorageDirectory.java:analyzeStorage(246)) - The storage directory /workdir/hadoop-ozone/integration-test/target/test-dir/MiniOzoneClusterImpl-7e2f4b2f-6763-4a45-9ec4-264c2cef7c61/datanode-0/data/ratis/8aff2262-27e2-49a3-8198-f2e2f02c4e80 does not exist. Creating ...
2019-09-26 15:13:27,957 [pool-27-thread-1] INFO  storage.RaftStorageDirectory (RaftStorageDirectory.java:tryLock(328)) - Lock on /workdir/hadoop-ozone/integration-test/target/test-dir/MiniOzoneClusterImpl-7e2f4b2f-6763-4a45-9ec4-264c2cef7c61/datanode-0/data/ratis/8aff2262-27e2-49a3-8198-f2e2f02c4e80/in_use.lock acquired by nodename 11803@pr-hdds-1569-g6sp5-2013761785
2019-09-26 15:13:27,969 [pool-27-thread-1] INFO  storage.RaftStorage (RaftStorage.java:format(72)) - Storage directory /workdir/hadoop-ozone/integration-test/target/test-dir/MiniOzoneClusterImpl-7e2f4b2f-6763-4a45-9ec4-264c2cef7c61/datanode-0/data/ratis/8aff2262-27e2-49a3-8198-f2e2f02c4e80 has been successfully formatted.
2019-09-26 15:13:27,969 [pool-27-thread-1] INFO  ratis.ContainerStateMachine (ContainerStateMachine.java:loadSnapshot(230)) - group-F2E2F02C4E80: The snapshot info is null. Setting the last applied indexto:(t:0, i:~)
2019-09-26 15:13:27,969 [pool-27-thread-1] INFO  server.RaftServerConfigKeys (ConfUtils.java:logGet(43)) - raft.server.notification.no-leader.timeout = 120s (custom)
2019-09-26 15:13:27,969 [pool-27-thread-1] INFO  server.RaftServerConfigKeys (ConfUtils.java:logGet(43)) - raft.server.log.use.memory = false (default)
2019-09-26 15:13:27,969 [pool-27-thread-1] INFO  server.RaftServerConfigKeys (ConfUtils.java:logGet(43)) - raft.server.log.purge.gap = 1000000 (custom)
2019-09-26 15:13:27,969 [pool-27-thread-1] INFO  server.RaftServerConfigKeys (ConfUtils.java:logGet(43)) - raft.server.log.appender.buffer.byte-limit = 33554432 (custom)
2019-09-26 15:13:27,969 [pool-27-thread-1] INFO  server.RaftServerConfigKeys (ConfUtils.java:logGet(43)) - raft.server.log.segment.size.max = 1048576 (custom)
2019-09-26 15:13:27,970 [pool-27-thread-1] INFO  server.RaftServerConfigKeys (ConfUtils.java:logGet(43)) - raft.server.log.segment.cache.num.max = 2 (custom)
2019-09-26 15:13:27,970 [pool-27-thread-1] INFO  segmented.SegmentedRaftLogWorker (SegmentedRaftLogWorker.java:<init>(172)) - new b3e939fd-eb36-468b-9efe-5d0a1fdaa172@group-F2E2F02C4E80-SegmentedRaftLogWorker for RaftStorage:Storage Directory /workdir/hadoop-ozone/integration-test/target/test-dir/MiniOzoneClusterImpl-7e2f4b2f-6763-4a45-9ec4-264c2cef7c61/datanode-0/data/ratis/8aff2262-27e2-49a3-8198-f2e2f02c4e80
2019-09-26 15:13:27,970 [pool-27-thread-1] INFO  server.RaftServerConfigKeys (ConfUtils.java:logGet(43)) - raft.server.log.queue.byte-limit = 2147483647 (custom)
2019-09-26 15:13:27,970 [pool-27-thread-1] INFO  server.RaftServerConfigKeys (ConfUtils.java:logGet(43)) - raft.server.log.queue.element-limit = 1024 (custom)
2019-09-26 15:13:27,970 [pool-27-thread-1] INFO  server.RaftServerConfigKeys (ConfUtils.java:logGet(43)) - raft.server.log.segment.size.max = 1048576 (custom)
2019-09-26 15:13:27,970 [pool-27-thread-1] INFO  server.RaftServerConfigKeys (ConfUtils.java:logGet(43)) - raft.server.log.preallocated.size = 16384 (custom)
2019-09-26 15:13:27,970 [pool-27-thread-1] INFO  server.RaftServerConfigKeys (ConfUtils.java:logGet(43)) - raft.server.log.write.buffer.size = 33554432 (custom)
2019-09-26 15:13:27,970 [pool-27-thread-1] INFO  server.RaftServerConfigKeys (ConfUtils.java:logGet(43)) - raft.server.log.force.sync.num = 128 (default)
2019-09-26 15:13:27,970 [pool-27-thread-1] INFO  server.RaftServerConfigKeys (ConfUtils.java:logGet(43)) - raft.server.log.statemachine.data.sync = true (default)
2019-09-26 15:13:27,970 [pool-27-thread-1] INFO  server.RaftServerConfigKeys (ConfUtils.java:logGet(43)) - raft.server.log.statemachine.data.sync.timeout = 10s (default)
2019-09-26 15:13:27,970 [pool-27-thread-1] INFO  server.RaftServerConfigKeys (ConfUtils.java:logGet(43)) - raft.server.log.statemachine.data.sync.timeout.retry = -1 (default)
2019-09-26 15:13:27,970 [pool-27-thread-1] INFO  server.RaftServerConfigKeys (ConfUtils.java:logGet(43)) - raft.server.log.statemachine.data.caching.enabled = true (custom)
2019-09-26 15:13:27,971 [pool-27-thread-1] INFO  segmented.SegmentedRaftLogWorker (SegmentedRaftLogWorker.java:lambda$new$0(132)) - b3e939fd-eb36-468b-9efe-5d0a1fdaa172@group-F2E2F02C4E80-SegmentedRaftLogWorker: flushIndex: setUnconditionally 0 -> -1
2019-09-26 15:13:27,971 [pool-27-thread-1] INFO  server.RaftServerConfigKeys (ConfUtils.java:logGet(43)) - raft.server.snapshot.auto.trigger.enabled = true (custom)
2019-09-26 15:13:27,971 [pool-27-thread-1] INFO  server.RaftServerConfigKeys (ConfUtils.java:logGet(43)) - raft.server.snapshot.auto.trigger.threshold = 10000 (custom)
2019-09-26 15:13:27,971 [pool-27-thread-1] INFO  server.RaftServerConfigKeys (ConfUtils.java:logGet(43)) - raft.server.snapshot.retention.num.files = 5 (custom)
2019-09-26 15:13:27,971 [pool-27-thread-1] INFO  server.RaftServerConfigKeys (ConfUtils.java:logGet(43)) - raft.server.retrycache.expirytime = 600000ms (custom)
2019-09-26 15:13:27,972 [pool-27-thread-1] INFO  impl.RaftServerImpl (RaftServerImpl.java:start(185)) - b3e939fd-eb36-468b-9efe-5d0a1fdaa172@group-F2E2F02C4E80: start as a follower, conf=-1: [b3e939fd-eb36-468b-9efe-5d0a1fdaa172:192.168.151.99:45433], old=null
2019-09-26 15:13:27,972 [pool-27-thread-1] INFO  impl.RaftServerImpl (RaftServerImpl.java:setRole(174)) - b3e939fd-eb36-468b-9efe-5d0a1fdaa172@group-F2E2F02C4E80: changes role from      null to FOLLOWER at term 0 for startAsFollower
2019-09-26 15:13:27,972 [pool-27-thread-1] INFO  impl.RoleInfo (RoleInfo.java:updateAndGet(143)) - b3e939fd-eb36-468b-9efe-5d0a1fdaa172: start FollowerState
2019-09-26 15:13:27,972 [pool-27-thread-1] INFO  util.JmxRegister (JmxRegister.java:tryRegister(44)) - Successfully registered JMX Bean with object name Ratis:service=RaftServer,group=group-F2E2F02C4E80,id=b3e939fd-eb36-468b-9efe-5d0a1fdaa172
2019-09-26 15:13:27,974 [RatisPipelineUtilsThread] INFO  pipeline.PipelineStateManager (PipelineStateManager.java:addPipeline(56)) - Created pipeline Pipeline[ Id: 8aff2262-27e2-49a3-8198-f2e2f02c4e80, Nodes: b3e939fd-eb36-468b-9efe-5d0a1fdaa172{ip: 192.168.151.99, host: pr-hdds-1569-g6sp5-2013761785, networkLocation: /default-rack, certSerialId: null}, Type:RATIS, Factor:ONE, State:OPEN]
2019-09-26 15:13:27,977 [grpc-default-executor-0] INFO  impl.RaftServerProxy (RaftServerProxy.java:addNew(89)) - b3e939fd-eb36-468b-9efe-5d0a1fdaa172: addNew group-ECC1AF727233:[b3e939fd-eb36-468b-9efe-5d0a1fdaa172:192.168.151.99:45433] returns group-ECC1AF727233:java.util.concurrent.CompletableFuture@5801231[Not completed]
2019-09-26 15:13:27,977 [pool-27-thread-1] INFO  impl.RaftServerImpl (RaftServerImpl.java:<init>(95)) - b3e939fd-eb36-468b-9efe-5d0a1fdaa172: new RaftServerImpl for group-ECC1AF727233:[b3e939fd-eb36-468b-9efe-5d0a1fdaa172:192.168.151.99:45433] with ContainerStateMachine:uninitialized
2019-09-26 15:13:27,977 [pool-27-thread-1] INFO  server.RaftServerConfigKeys (ConfUtils.java:logGet(43)) - raft.server.rpc.timeout.min = 5s (custom)
2019-09-26 15:13:27,978 [pool-27-thread-1] INFO  server.RaftServerConfigKeys (ConfUtils.java:logGet(43)) - raft.server.rpc.timeout.max = 5200ms (custom)
2019-09-26 15:13:27,978 [pool-27-thread-1] INFO  server.RaftServerConfigKeys (ConfUtils.java:logGet(43)) - raft.server.rpcslowness.timeout = 120s (custom)
2019-09-26 15:13:27,978 [pool-27-thread-1] INFO  server.RaftServerConfigKeys (ConfUtils.java:logGet(43)) - raft.server.sleep.deviation.threshold = 300 (default)
2019-09-26 15:13:27,978 [pool-27-thread-1] INFO  server.RaftServerConfigKeys (ConfUtils.java:logGet(43)) - raft.server.log.appender.install.snapshot.enabled = false (custom)
2019-09-26 15:13:27,978 [pool-27-thread-1] INFO  impl.RaftServerImpl (ServerState.java:<init>(103)) - b3e939fd-eb36-468b-9efe-5d0a1fdaa172@group-ECC1AF727233: ConfigurationManager, init=-1: [b3e939fd-eb36-468b-9efe-5d0a1fdaa172:192.168.151.99:45433], old=null, confs=<EMPTY_MAP>
2019-09-26 15:13:27,978 [pool-27-thread-1] INFO  server.RaftServerConfigKeys (ConfUtils.java:logGet(43)) - raft.server.storage.dir = [/workdir/hadoop-ozone/integration-test/target/test-dir/MiniOzoneClusterImpl-7e2f4b2f-6763-4a45-9ec4-264c2cef7c61/datanode-0/data/ratis] (custom)
2019-09-26 15:13:27,979 [pool-27-thread-1] INFO  storage.RaftStorageDirectory (RaftStorageDirectory.java:analyzeStorage(246)) - The storage directory /workdir/hadoop-ozone/integration-test/target/test-dir/MiniOzoneClusterImpl-7e2f4b2f-6763-4a45-9ec4-264c2cef7c61/datanode-0/data/ratis/4ea33665-7b21-4b01-b6c9-ecc1af727233 does not exist. Creating ...
2019-09-26 15:13:27,992 [pool-27-thread-1] INFO  storage.RaftStorageDirectory (RaftStorageDirectory.java:tryLock(328)) - Lock on /workdir/hadoop-ozone/integration-test/target/test-dir/MiniOzoneClusterImpl-7e2f4b2f-6763-4a45-9ec4-264c2cef7c61/datanode-0/data/ratis/4ea33665-7b21-4b01-b6c9-ecc1af727233/in_use.lock acquired by nodename 11803@pr-hdds-1569-g6sp5-2013761785
2019-09-26 15:13:28,004 [pool-27-thread-1] INFO  storage.RaftStorage (RaftStorage.java:format(72)) - Storage directory /workdir/hadoop-ozone/integration-test/target/test-dir/MiniOzoneClusterImpl-7e2f4b2f-6763-4a45-9ec4-264c2cef7c61/datanode-0/data/ratis/4ea33665-7b21-4b01-b6c9-ecc1af727233 has been successfully formatted.
2019-09-26 15:13:28,004 [pool-27-thread-1] INFO  ratis.ContainerStateMachine (ContainerStateMachine.java:loadSnapshot(230)) - group-ECC1AF727233: The snapshot info is null. Setting the last applied indexto:(t:0, i:~)
2019-09-26 15:13:28,004 [pool-27-thread-1] INFO  server.RaftServerConfigKeys (ConfUtils.java:logGet(43)) - raft.server.notification.no-leader.timeout = 120s (custom)
2019-09-26 15:13:28,005 [pool-27-thread-1] INFO  server.RaftServerConfigKeys (ConfUtils.java:logGet(43)) - raft.server.log.use.memory = false (default)
2019-09-26 15:13:28,005 [pool-27-thread-1] INFO  server.RaftServerConfigKeys (ConfUtils.java:logGet(43)) - raft.server.log.purge.gap = 1000000 (custom)
2019-09-26 15:13:28,005 [pool-27-thread-1] INFO  server.RaftServerConfigKeys (ConfUtils.java:logGet(43)) - raft.server.log.appender.buffer.byte-limit = 33554432 (custom)
2019-09-26 15:13:28,005 [pool-27-thread-1] INFO  server.RaftServerConfigKeys (ConfUtils.java:logGet(43)) - raft.server.log.segment.size.max = 1048576 (custom)
2019-09-26 15:13:28,005 [pool-27-thread-1] INFO  server.RaftServerConfigKeys (ConfUtils.java:logGet(43)) - raft.server.log.segment.cache.num.max = 2 (custom)
2019-09-26 15:13:28,005 [pool-27-thread-1] INFO  segmented.SegmentedRaftLogWorker (SegmentedRaftLogWorker.java:<init>(172)) - new b3e939fd-eb36-468b-9efe-5d0a1fdaa172@group-ECC1AF727233-SegmentedRaftLogWorker for RaftStorage:Storage Directory /workdir/hadoop-ozone/integration-test/target/test-dir/MiniOzoneClusterImpl-7e2f4b2f-6763-4a45-9ec4-264c2cef7c61/datanode-0/data/ratis/4ea33665-7b21-4b01-b6c9-ecc1af727233
2019-09-26 15:13:28,005 [pool-27-thread-1] INFO  server.RaftServerConfigKeys (ConfUtils.java:logGet(43)) - raft.server.log.queue.byte-limit = 2147483647 (custom)
2019-09-26 15:13:28,005 [pool-27-thread-1] INFO  server.RaftServerConfigKeys (ConfUtils.java:logGet(43)) - raft.server.log.queue.element-limit = 1024 (custom)
2019-09-26 15:13:28,005 [pool-27-thread-1] INFO  server.RaftServerConfigKeys (ConfUtils.java:logGet(43)) - raft.server.log.segment.size.max = 1048576 (custom)
2019-09-26 15:13:28,005 [pool-27-thread-1] INFO  server.RaftServerConfigKeys (ConfUtils.java:logGet(43)) - raft.server.log.preallocated.size = 16384 (custom)
2019-09-26 15:13:28,005 [pool-27-thread-1] INFO  server.RaftServerConfigKeys (ConfUtils.java:logGet(43)) - raft.server.log.write.buffer.size = 33554432 (custom)
2019-09-26 15:13:28,005 [pool-27-thread-1] INFO  server.RaftServerConfigKeys (ConfUtils.java:logGet(43)) - raft.server.log.force.sync.num = 128 (default)
2019-09-26 15:13:28,005 [pool-27-thread-1] INFO  server.RaftServerConfigKeys (ConfUtils.java:logGet(43)) - raft.server.log.statemachine.data.sync = true (default)
2019-09-26 15:13:28,006 [pool-27-thread-1] INFO  server.RaftServerConfigKeys (ConfUtils.java:logGet(43)) - raft.server.log.statemachine.data.sync.timeout = 10s (default)
2019-09-26 15:13:28,006 [pool-27-thread-1] INFO  server.RaftServerConfigKeys (ConfUtils.java:logGet(43)) - raft.server.log.statemachine.data.sync.timeout.retry = -1 (default)
2019-09-26 15:13:28,006 [pool-27-thread-1] INFO  server.RaftServerConfigKeys (ConfUtils.java:logGet(43)) - raft.server.log.statemachine.data.caching.enabled = true (custom)
2019-09-26 15:13:28,006 [pool-27-thread-1] INFO  segmented.SegmentedRaftLogWorker (SegmentedRaftLogWorker.java:lambda$new$0(132)) - b3e939fd-eb36-468b-9efe-5d0a1fdaa172@group-ECC1AF727233-SegmentedRaftLogWorker: flushIndex: setUnconditionally 0 -> -1
2019-09-26 15:13:28,006 [pool-27-thread-1] INFO  server.RaftServerConfigKeys (ConfUtils.java:logGet(43)) - raft.server.snapshot.auto.trigger.enabled = true (custom)
2019-09-26 15:13:28,006 [pool-27-thread-1] INFO  server.RaftServerConfigKeys (ConfUtils.java:logGet(43)) - raft.server.snapshot.auto.trigger.threshold = 10000 (custom)
2019-09-26 15:13:28,006 [pool-27-thread-1] INFO  server.RaftServerConfigKeys (ConfUtils.java:logGet(43)) - raft.server.snapshot.retention.num.files = 5 (custom)
2019-09-26 15:13:28,006 [pool-27-thread-1] INFO  server.RaftServerConfigKeys (ConfUtils.java:logGet(43)) - raft.server.retrycache.expirytime = 600000ms (custom)
2019-09-26 15:13:28,007 [pool-27-thread-1] INFO  impl.RaftServerImpl (RaftServerImpl.java:start(185)) - b3e939fd-eb36-468b-9efe-5d0a1fdaa172@group-ECC1AF727233: start as a follower, conf=-1: [b3e939fd-eb36-468b-9efe-5d0a1fdaa172:192.168.151.99:45433], old=null
2019-09-26 15:13:28,008 [pool-27-thread-1] INFO  impl.RaftServerImpl (RaftServerImpl.java:setRole(174)) - b3e939fd-eb36-468b-9efe-5d0a1fdaa172@group-ECC1AF727233: changes role from      null to FOLLOWER at term 0 for startAsFollower
2019-09-26 15:13:28,008 [pool-27-thread-1] INFO  impl.RoleInfo (RoleInfo.java:updateAndGet(143)) - b3e939fd-eb36-468b-9efe-5d0a1fdaa172: start FollowerState
2019-09-26 15:13:28,008 [pool-27-thread-1] INFO  util.JmxRegister (JmxRegister.java:tryRegister(44)) - Successfully registered JMX Bean with object name Ratis:service=RaftServer,group=group-ECC1AF727233,id=b3e939fd-eb36-468b-9efe-5d0a1fdaa172
2019-09-26 15:13:28,009 [RatisPipelineUtilsThread] INFO  pipeline.PipelineStateManager (PipelineStateManager.java:addPipeline(56)) - Created pipeline Pipeline[ Id: 4ea33665-7b21-4b01-b6c9-ecc1af727233, Nodes: b3e939fd-eb36-468b-9efe-5d0a1fdaa172{ip: 192.168.151.99, host: pr-hdds-1569-g6sp5-2013761785, networkLocation: /default-rack, certSerialId: null}, Type:RATIS, Factor:ONE, State:OPEN]
2019-09-26 15:13:28,012 [grpc-default-executor-0] INFO  impl.RaftServerProxy (RaftServerProxy.java:addNew(89)) - b3e939fd-eb36-468b-9efe-5d0a1fdaa172: addNew group-E65C91CFD05F:[b3e939fd-eb36-468b-9efe-5d0a1fdaa172:192.168.151.99:45433] returns group-E65C91CFD05F:java.util.concurrent.CompletableFuture@5a9a3572[Not completed]
2019-09-26 15:13:28,013 [pool-27-thread-1] INFO  impl.RaftServerImpl (RaftServerImpl.java:<init>(95)) - b3e939fd-eb36-468b-9efe-5d0a1fdaa172: new RaftServerImpl for group-E65C91CFD05F:[b3e939fd-eb36-468b-9efe-5d0a1fdaa172:192.168.151.99:45433] with ContainerStateMachine:uninitialized
2019-09-26 15:13:28,013 [pool-27-thread-1] INFO  server.RaftServerConfigKeys (ConfUtils.java:logGet(43)) - raft.server.rpc.timeout.min = 5s (custom)
2019-09-26 15:13:28,013 [pool-27-thread-1] INFO  server.RaftServerConfigKeys (ConfUtils.java:logGet(43)) - raft.server.rpc.timeout.max = 5200ms (custom)
2019-09-26 15:13:28,013 [pool-27-thread-1] INFO  server.RaftServerConfigKeys (ConfUtils.java:logGet(43)) - raft.server.rpcslowness.timeout = 120s (custom)
2019-09-26 15:13:28,013 [pool-27-thread-1] INFO  server.RaftServerConfigKeys (ConfUtils.java:logGet(43)) - raft.server.sleep.deviation.threshold = 300 (default)
2019-09-26 15:13:28,014 [pool-27-thread-1] INFO  server.RaftServerConfigKeys (ConfUtils.java:logGet(43)) - raft.server.log.appender.install.snapshot.enabled = false (custom)
2019-09-26 15:13:28,014 [pool-27-thread-1] INFO  impl.RaftServerImpl (ServerState.java:<init>(103)) - b3e939fd-eb36-468b-9efe-5d0a1fdaa172@group-E65C91CFD05F: ConfigurationManager, init=-1: [b3e939fd-eb36-468b-9efe-5d0a1fdaa172:192.168.151.99:45433], old=null, confs=<EMPTY_MAP>
2019-09-26 15:13:28,014 [pool-27-thread-1] INFO  server.RaftServerConfigKeys (ConfUtils.java:logGet(43)) - raft.server.storage.dir = [/workdir/hadoop-ozone/integration-test/target/test-dir/MiniOzoneClusterImpl-7e2f4b2f-6763-4a45-9ec4-264c2cef7c61/datanode-0/data/ratis] (custom)
2019-09-26 15:13:28,015 [pool-27-thread-1] INFO  storage.RaftStorageDirectory (RaftStorageDirectory.java:analyzeStorage(246)) - The storage directory /workdir/hadoop-ozone/integration-test/target/test-dir/MiniOzoneClusterImpl-7e2f4b2f-6763-4a45-9ec4-264c2cef7c61/datanode-0/data/ratis/d62384a2-f1e5-42a8-a015-e65c91cfd05f does not exist. Creating ...
2019-09-26 15:13:28,027 [pool-27-thread-1] INFO  storage.RaftStorageDirectory (RaftStorageDirectory.java:tryLock(328)) - Lock on /workdir/hadoop-ozone/integration-test/target/test-dir/MiniOzoneClusterImpl-7e2f4b2f-6763-4a45-9ec4-264c2cef7c61/datanode-0/data/ratis/d62384a2-f1e5-42a8-a015-e65c91cfd05f/in_use.lock acquired by nodename 11803@pr-hdds-1569-g6sp5-2013761785
2019-09-26 15:13:28,031 [pool-27-thread-1] INFO  storage.RaftStorage (RaftStorage.java:format(72)) - Storage directory /workdir/hadoop-ozone/integration-test/target/test-dir/MiniOzoneClusterImpl-7e2f4b2f-6763-4a45-9ec4-264c2cef7c61/datanode-0/data/ratis/d62384a2-f1e5-42a8-a015-e65c91cfd05f has been successfully formatted.
2019-09-26 15:13:28,031 [pool-27-thread-1] INFO  ratis.ContainerStateMachine (ContainerStateMachine.java:loadSnapshot(230)) - group-E65C91CFD05F: The snapshot info is null. Setting the last applied indexto:(t:0, i:~)
2019-09-26 15:13:28,031 [pool-27-thread-1] INFO  server.RaftServerConfigKeys (ConfUtils.java:logGet(43)) - raft.server.notification.no-leader.timeout = 120s (custom)
2019-09-26 15:13:28,031 [pool-27-thread-1] INFO  server.RaftServerConfigKeys (ConfUtils.java:logGet(43)) - raft.server.log.use.memory = false (default)
2019-09-26 15:13:28,031 [pool-27-thread-1] INFO  server.RaftServerConfigKeys (ConfUtils.java:logGet(43)) - raft.server.log.purge.gap = 1000000 (custom)
2019-09-26 15:13:28,031 [pool-27-thread-1] INFO  server.RaftServerConfigKeys (ConfUtils.java:logGet(43)) - raft.server.log.appender.buffer.byte-limit = 33554432 (custom)
2019-09-26 15:13:28,031 [pool-27-thread-1] INFO  server.RaftServerConfigKeys (ConfUtils.java:logGet(43)) - raft.server.log.segment.size.max = 1048576 (custom)
2019-09-26 15:13:28,032 [pool-27-thread-1] INFO  server.RaftServerConfigKeys (ConfUtils.java:logGet(43)) - raft.server.log.segment.cache.num.max = 2 (custom)
2019-09-26 15:13:28,032 [pool-27-thread-1] INFO  segmented.SegmentedRaftLogWorker (SegmentedRaftLogWorker.java:<init>(172)) - new b3e939fd-eb36-468b-9efe-5d0a1fdaa172@group-E65C91CFD05F-SegmentedRaftLogWorker for RaftStorage:Storage Directory /workdir/hadoop-ozone/integration-test/target/test-dir/MiniOzoneClusterImpl-7e2f4b2f-6763-4a45-9ec4-264c2cef7c61/datanode-0/data/ratis/d62384a2-f1e5-42a8-a015-e65c91cfd05f
2019-09-26 15:13:28,032 [pool-27-thread-1] INFO  server.RaftServerConfigKeys (ConfUtils.java:logGet(43)) - raft.server.log.queue.byte-limit = 2147483647 (custom)
2019-09-26 15:13:28,032 [pool-27-thread-1] INFO  server.RaftServerConfigKeys (ConfUtils.java:logGet(43)) - raft.server.log.queue.element-limit = 1024 (custom)
2019-09-26 15:13:28,032 [pool-27-thread-1] INFO  server.RaftServerConfigKeys (ConfUtils.java:logGet(43)) - raft.server.log.segment.size.max = 1048576 (custom)
2019-09-26 15:13:28,032 [pool-27-thread-1] INFO  server.RaftServerConfigKeys (ConfUtils.java:logGet(43)) - raft.server.log.preallocated.size = 16384 (custom)
2019-09-26 15:13:28,032 [pool-27-thread-1] INFO  server.RaftServerConfigKeys (ConfUtils.java:logGet(43)) - raft.server.log.write.buffer.size = 33554432 (custom)
2019-09-26 15:13:28,032 [pool-27-thread-1] INFO  server.RaftServerConfigKeys (ConfUtils.java:logGet(43)) - raft.server.log.force.sync.num = 128 (default)
2019-09-26 15:13:28,032 [pool-27-thread-1] INFO  server.RaftServerConfigKeys (ConfUtils.java:logGet(43)) - raft.server.log.statemachine.data.sync = true (default)
2019-09-26 15:13:28,032 [pool-27-thread-1] INFO  server.RaftServerConfigKeys (ConfUtils.java:logGet(43)) - raft.server.log.statemachine.data.sync.timeout = 10s (default)
2019-09-26 15:13:28,033 [pool-27-thread-1] INFO  server.RaftServerConfigKeys (ConfUtils.java:logGet(43)) - raft.server.log.statemachine.data.sync.timeout.retry = -1 (default)
2019-09-26 15:13:28,033 [pool-27-thread-1] INFO  server.RaftServerConfigKeys (ConfUtils.java:logGet(43)) - raft.server.log.statemachine.data.caching.enabled = true (custom)
2019-09-26 15:13:28,033 [pool-27-thread-1] INFO  segmented.SegmentedRaftLogWorker (SegmentedRaftLogWorker.java:lambda$new$0(132)) - b3e939fd-eb36-468b-9efe-5d0a1fdaa172@group-E65C91CFD05F-SegmentedRaftLogWorker: flushIndex: setUnconditionally 0 -> -1
2019-09-26 15:13:28,033 [pool-27-thread-1] INFO  server.RaftServerConfigKeys (ConfUtils.java:logGet(43)) - raft.server.snapshot.auto.trigger.enabled = true (custom)
2019-09-26 15:13:28,033 [pool-27-thread-1] INFO  server.RaftServerConfigKeys (ConfUtils.java:logGet(43)) - raft.server.snapshot.auto.trigger.threshold = 10000 (custom)
2019-09-26 15:13:28,033 [pool-27-thread-1] INFO  server.RaftServerConfigKeys (ConfUtils.java:logGet(43)) - raft.server.snapshot.retention.num.files = 5 (custom)
2019-09-26 15:13:28,033 [pool-27-thread-1] INFO  server.RaftServerConfigKeys (ConfUtils.java:logGet(43)) - raft.server.retrycache.expirytime = 600000ms (custom)
2019-09-26 15:13:28,035 [pool-27-thread-1] INFO  impl.RaftServerImpl (RaftServerImpl.java:start(185)) - b3e939fd-eb36-468b-9efe-5d0a1fdaa172@group-E65C91CFD05F: start as a follower, conf=-1: [b3e939fd-eb36-468b-9efe-5d0a1fdaa172:192.168.151.99:45433], old=null
2019-09-26 15:13:28,035 [pool-27-thread-1] INFO  impl.RaftServerImpl (RaftServerImpl.java:setRole(174)) - b3e939fd-eb36-468b-9efe-5d0a1fdaa172@group-E65C91CFD05F: changes role from      null to FOLLOWER at term 0 for startAsFollower
2019-09-26 15:13:28,035 [pool-27-thread-1] INFO  impl.RoleInfo (RoleInfo.java:updateAndGet(143)) - b3e939fd-eb36-468b-9efe-5d0a1fdaa172: start FollowerState
2019-09-26 15:13:28,035 [pool-27-thread-1] INFO  util.JmxRegister (JmxRegister.java:tryRegister(44)) - Successfully registered JMX Bean with object name Ratis:service=RaftServer,group=group-E65C91CFD05F,id=b3e939fd-eb36-468b-9efe-5d0a1fdaa172
2019-09-26 15:13:28,037 [RatisPipelineUtilsThread] INFO  pipeline.PipelineStateManager (PipelineStateManager.java:addPipeline(56)) - Created pipeline Pipeline[ Id: d62384a2-f1e5-42a8-a015-e65c91cfd05f, Nodes: b3e939fd-eb36-468b-9efe-5d0a1fdaa172{ip: 192.168.151.99, host: pr-hdds-1569-g6sp5-2013761785, networkLocation: /default-rack, certSerialId: null}, Type:RATIS, Factor:ONE, State:OPEN]
2019-09-26 15:13:28,039 [grpc-default-executor-0] INFO  impl.RaftServerProxy (RaftServerProxy.java:addNew(89)) - b3e939fd-eb36-468b-9efe-5d0a1fdaa172: addNew group-AD8F5DA59BC3:[b3e939fd-eb36-468b-9efe-5d0a1fdaa172:192.168.151.99:45433] returns group-AD8F5DA59BC3:java.util.concurrent.CompletableFuture@30f65a1a[Not completed]
2019-09-26 15:13:28,040 [pool-27-thread-1] INFO  impl.RaftServerImpl (RaftServerImpl.java:<init>(95)) - b3e939fd-eb36-468b-9efe-5d0a1fdaa172: new RaftServerImpl for group-AD8F5DA59BC3:[b3e939fd-eb36-468b-9efe-5d0a1fdaa172:192.168.151.99:45433] with ContainerStateMachine:uninitialized
2019-09-26 15:13:28,040 [pool-27-thread-1] INFO  server.RaftServerConfigKeys (ConfUtils.java:logGet(43)) - raft.server.rpc.timeout.min = 5s (custom)
2019-09-26 15:13:28,040 [pool-27-thread-1] INFO  server.RaftServerConfigKeys (ConfUtils.java:logGet(43)) - raft.server.rpc.timeout.max = 5200ms (custom)
2019-09-26 15:13:28,040 [pool-27-thread-1] INFO  server.RaftServerConfigKeys (ConfUtils.java:logGet(43)) - raft.server.rpcslowness.timeout = 120s (custom)
2019-09-26 15:13:28,040 [pool-27-thread-1] INFO  server.RaftServerConfigKeys (ConfUtils.java:logGet(43)) - raft.server.sleep.deviation.threshold = 300 (default)
2019-09-26 15:13:28,040 [pool-27-thread-1] INFO  server.RaftServerConfigKeys (ConfUtils.java:logGet(43)) - raft.server.log.appender.install.snapshot.enabled = false (custom)
2019-09-26 15:13:28,040 [pool-27-thread-1] INFO  impl.RaftServerImpl (ServerState.java:<init>(103)) - b3e939fd-eb36-468b-9efe-5d0a1fdaa172@group-AD8F5DA59BC3: ConfigurationManager, init=-1: [b3e939fd-eb36-468b-9efe-5d0a1fdaa172:192.168.151.99:45433], old=null, confs=<EMPTY_MAP>
2019-09-26 15:13:28,040 [pool-27-thread-1] INFO  server.RaftServerConfigKeys (ConfUtils.java:logGet(43)) - raft.server.storage.dir = [/workdir/hadoop-ozone/integration-test/target/test-dir/MiniOzoneClusterImpl-7e2f4b2f-6763-4a45-9ec4-264c2cef7c61/datanode-0/data/ratis] (custom)
2019-09-26 15:13:28,041 [pool-27-thread-1] INFO  storage.RaftStorageDirectory (RaftStorageDirectory.java:analyzeStorage(246)) - The storage directory /workdir/hadoop-ozone/integration-test/target/test-dir/MiniOzoneClusterImpl-7e2f4b2f-6763-4a45-9ec4-264c2cef7c61/datanode-0/data/ratis/aa0a818f-38d4-4e9d-a411-ad8f5da59bc3 does not exist. Creating ...
2019-09-26 15:13:28,049 [pool-27-thread-1] INFO  storage.RaftStorageDirectory (RaftStorageDirectory.java:tryLock(328)) - Lock on /workdir/hadoop-ozone/integration-test/target/test-dir/MiniOzoneClusterImpl-7e2f4b2f-6763-4a45-9ec4-264c2cef7c61/datanode-0/data/ratis/aa0a818f-38d4-4e9d-a411-ad8f5da59bc3/in_use.lock acquired by nodename 11803@pr-hdds-1569-g6sp5-2013761785
2019-09-26 15:13:28,062 [pool-27-thread-1] INFO  storage.RaftStorage (RaftStorage.java:format(72)) - Storage directory /workdir/hadoop-ozone/integration-test/target/test-dir/MiniOzoneClusterImpl-7e2f4b2f-6763-4a45-9ec4-264c2cef7c61/datanode-0/data/ratis/aa0a818f-38d4-4e9d-a411-ad8f5da59bc3 has been successfully formatted.
2019-09-26 15:13:28,062 [pool-27-thread-1] INFO  ratis.ContainerStateMachine (ContainerStateMachine.java:loadSnapshot(230)) - group-AD8F5DA59BC3: The snapshot info is null. Setting the last applied indexto:(t:0, i:~)
2019-09-26 15:13:28,062 [pool-27-thread-1] INFO  server.RaftServerConfigKeys (ConfUtils.java:logGet(43)) - raft.server.notification.no-leader.timeout = 120s (custom)
2019-09-26 15:13:28,062 [pool-27-thread-1] INFO  server.RaftServerConfigKeys (ConfUtils.java:logGet(43)) - raft.server.log.use.memory = false (default)
2019-09-26 15:13:28,062 [pool-27-thread-1] INFO  server.RaftServerConfigKeys (ConfUtils.java:logGet(43)) - raft.server.log.purge.gap = 1000000 (custom)
2019-09-26 15:13:28,062 [pool-27-thread-1] INFO  server.RaftServerConfigKeys (ConfUtils.java:logGet(43)) - raft.server.log.appender.buffer.byte-limit = 33554432 (custom)
2019-09-26 15:13:28,062 [pool-27-thread-1] INFO  server.RaftServerConfigKeys (ConfUtils.java:logGet(43)) - raft.server.log.segment.size.max = 1048576 (custom)
2019-09-26 15:13:28,062 [pool-27-thread-1] INFO  server.RaftServerConfigKeys (ConfUtils.java:logGet(43)) - raft.server.log.segment.cache.num.max = 2 (custom)
2019-09-26 15:13:28,063 [pool-27-thread-1] INFO  segmented.SegmentedRaftLogWorker (SegmentedRaftLogWorker.java:<init>(172)) - new b3e939fd-eb36-468b-9efe-5d0a1fdaa172@group-AD8F5DA59BC3-SegmentedRaftLogWorker for RaftStorage:Storage Directory /workdir/hadoop-ozone/integration-test/target/test-dir/MiniOzoneClusterImpl-7e2f4b2f-6763-4a45-9ec4-264c2cef7c61/datanode-0/data/ratis/aa0a818f-38d4-4e9d-a411-ad8f5da59bc3
2019-09-26 15:13:28,063 [pool-27-thread-1] INFO  server.RaftServerConfigKeys (ConfUtils.java:logGet(43)) - raft.server.log.queue.byte-limit = 2147483647 (custom)
2019-09-26 15:13:28,063 [pool-27-thread-1] INFO  server.RaftServerConfigKeys (ConfUtils.java:logGet(43)) - raft.server.log.queue.element-limit = 1024 (custom)
2019-09-26 15:13:28,063 [pool-27-thread-1] INFO  server.RaftServerConfigKeys (ConfUtils.java:logGet(43)) - raft.server.log.segment.size.max = 1048576 (custom)
2019-09-26 15:13:28,063 [pool-27-thread-1] INFO  server.RaftServerConfigKeys (ConfUtils.java:logGet(43)) - raft.server.log.preallocated.size = 16384 (custom)
2019-09-26 15:13:28,063 [pool-27-thread-1] INFO  server.RaftServerConfigKeys (ConfUtils.java:logGet(43)) - raft.server.log.write.buffer.size = 33554432 (custom)
2019-09-26 15:13:28,063 [pool-27-thread-1] INFO  server.RaftServerConfigKeys (ConfUtils.java:logGet(43)) - raft.server.log.force.sync.num = 128 (default)
2019-09-26 15:13:28,063 [pool-27-thread-1] INFO  server.RaftServerConfigKeys (ConfUtils.java:logGet(43)) - raft.server.log.statemachine.data.sync = true (default)
2019-09-26 15:13:28,063 [pool-27-thread-1] INFO  server.RaftServerConfigKeys (ConfUtils.java:logGet(43)) - raft.server.log.statemachine.data.sync.timeout = 10s (default)
2019-09-26 15:13:28,063 [pool-27-thread-1] INFO  server.RaftServerConfigKeys (ConfUtils.java:logGet(43)) - raft.server.log.statemachine.data.sync.timeout.retry = -1 (default)
2019-09-26 15:13:28,064 [pool-27-thread-1] INFO  server.RaftServerConfigKeys (ConfUtils.java:logGet(43)) - raft.server.log.statemachine.data.caching.enabled = true (custom)
2019-09-26 15:13:28,064 [pool-27-thread-1] INFO  segmented.SegmentedRaftLogWorker (SegmentedRaftLogWorker.java:lambda$new$0(132)) - b3e939fd-eb36-468b-9efe-5d0a1fdaa172@group-AD8F5DA59BC3-SegmentedRaftLogWorker: flushIndex: setUnconditionally 0 -> -1
2019-09-26 15:13:28,064 [pool-27-thread-1] INFO  server.RaftServerConfigKeys (ConfUtils.java:logGet(43)) - raft.server.snapshot.auto.trigger.enabled = true (custom)
2019-09-26 15:13:28,064 [pool-27-thread-1] INFO  server.RaftServerConfigKeys (ConfUtils.java:logGet(43)) - raft.server.snapshot.auto.trigger.threshold = 10000 (custom)
2019-09-26 15:13:28,064 [pool-27-thread-1] INFO  server.RaftServerConfigKeys (ConfUtils.java:logGet(43)) - raft.server.snapshot.retention.num.files = 5 (custom)
2019-09-26 15:13:28,064 [pool-27-thread-1] INFO  server.RaftServerConfigKeys (ConfUtils.java:logGet(43)) - raft.server.retrycache.expirytime = 600000ms (custom)
2019-09-26 15:13:28,066 [pool-27-thread-1] INFO  impl.RaftServerImpl (RaftServerImpl.java:start(185)) - b3e939fd-eb36-468b-9efe-5d0a1fdaa172@group-AD8F5DA59BC3: start as a follower, conf=-1: [b3e939fd-eb36-468b-9efe-5d0a1fdaa172:192.168.151.99:45433], old=null
2019-09-26 15:13:28,066 [pool-27-thread-1] INFO  impl.RaftServerImpl (RaftServerImpl.java:setRole(174)) - b3e939fd-eb36-468b-9efe-5d0a1fdaa172@group-AD8F5DA59BC3: changes role from      null to FOLLOWER at term 0 for startAsFollower
2019-09-26 15:13:28,066 [pool-27-thread-1] INFO  impl.RoleInfo (RoleInfo.java:updateAndGet(143)) - b3e939fd-eb36-468b-9efe-5d0a1fdaa172: start FollowerState
2019-09-26 15:13:28,066 [pool-27-thread-1] INFO  util.JmxRegister (JmxRegister.java:tryRegister(44)) - Successfully registered JMX Bean with object name Ratis:service=RaftServer,group=group-AD8F5DA59BC3,id=b3e939fd-eb36-468b-9efe-5d0a1fdaa172
2019-09-26 15:13:28,068 [RatisPipelineUtilsThread] INFO  pipeline.PipelineStateManager (PipelineStateManager.java:addPipeline(56)) - Created pipeline Pipeline[ Id: aa0a818f-38d4-4e9d-a411-ad8f5da59bc3, Nodes: b3e939fd-eb36-468b-9efe-5d0a1fdaa172{ip: 192.168.151.99, host: pr-hdds-1569-g6sp5-2013761785, networkLocation: /default-rack, certSerialId: null}, Type:RATIS, Factor:ONE, State:OPEN]
2019-09-26 15:13:28,072 [grpc-default-executor-0] INFO  impl.RaftServerProxy (RaftServerProxy.java:addNew(89)) - b3e939fd-eb36-468b-9efe-5d0a1fdaa172: addNew group-5DF16D025390:[b3e939fd-eb36-468b-9efe-5d0a1fdaa172:192.168.151.99:45433] returns group-5DF16D025390:java.util.concurrent.CompletableFuture@27e6f038[Not completed]
2019-09-26 15:13:28,073 [pool-27-thread-1] INFO  impl.RaftServerImpl (RaftServerImpl.java:<init>(95)) - b3e939fd-eb36-468b-9efe-5d0a1fdaa172: new RaftServerImpl for group-5DF16D025390:[b3e939fd-eb36-468b-9efe-5d0a1fdaa172:192.168.151.99:45433] with ContainerStateMachine:uninitialized
2019-09-26 15:13:28,073 [pool-27-thread-1] INFO  server.RaftServerConfigKeys (ConfUtils.java:logGet(43)) - raft.server.rpc.timeout.min = 5s (custom)
2019-09-26 15:13:28,073 [pool-27-thread-1] INFO  server.RaftServerConfigKeys (ConfUtils.java:logGet(43)) - raft.server.rpc.timeout.max = 5200ms (custom)
2019-09-26 15:13:28,073 [pool-27-thread-1] INFO  server.RaftServerConfigKeys (ConfUtils.java:logGet(43)) - raft.server.rpcslowness.timeout = 120s (custom)
2019-09-26 15:13:28,074 [pool-27-thread-1] INFO  server.RaftServerConfigKeys (ConfUtils.java:logGet(43)) - raft.server.sleep.deviation.threshold = 300 (default)
2019-09-26 15:13:28,074 [pool-27-thread-1] INFO  server.RaftServerConfigKeys (ConfUtils.java:logGet(43)) - raft.server.log.appender.install.snapshot.enabled = false (custom)
2019-09-26 15:13:28,074 [pool-27-thread-1] INFO  impl.RaftServerImpl (ServerState.java:<init>(103)) - b3e939fd-eb36-468b-9efe-5d0a1fdaa172@group-5DF16D025390: ConfigurationManager, init=-1: [b3e939fd-eb36-468b-9efe-5d0a1fdaa172:192.168.151.99:45433], old=null, confs=<EMPTY_MAP>
2019-09-26 15:13:28,074 [pool-27-thread-1] INFO  server.RaftServerConfigKeys (ConfUtils.java:logGet(43)) - raft.server.storage.dir = [/workdir/hadoop-ozone/integration-test/target/test-dir/MiniOzoneClusterImpl-7e2f4b2f-6763-4a45-9ec4-264c2cef7c61/datanode-0/data/ratis] (custom)
2019-09-26 15:13:28,075 [pool-27-thread-1] INFO  storage.RaftStorageDirectory (RaftStorageDirectory.java:analyzeStorage(246)) - The storage directory /workdir/hadoop-ozone/integration-test/target/test-dir/MiniOzoneClusterImpl-7e2f4b2f-6763-4a45-9ec4-264c2cef7c61/datanode-0/data/ratis/7008f813-bdd9-491c-a928-5df16d025390 does not exist. Creating ...
2019-09-26 15:13:28,088 [pool-27-thread-1] INFO  storage.RaftStorageDirectory (RaftStorageDirectory.java:tryLock(328)) - Lock on /workdir/hadoop-ozone/integration-test/target/test-dir/MiniOzoneClusterImpl-7e2f4b2f-6763-4a45-9ec4-264c2cef7c61/datanode-0/data/ratis/7008f813-bdd9-491c-a928-5df16d025390/in_use.lock acquired by nodename 11803@pr-hdds-1569-g6sp5-2013761785
2019-09-26 15:13:28,101 [pool-27-thread-1] INFO  storage.RaftStorage (RaftStorage.java:format(72)) - Storage directory /workdir/hadoop-ozone/integration-test/target/test-dir/MiniOzoneClusterImpl-7e2f4b2f-6763-4a45-9ec4-264c2cef7c61/datanode-0/data/ratis/7008f813-bdd9-491c-a928-5df16d025390 has been successfully formatted.
2019-09-26 15:13:28,101 [pool-27-thread-1] INFO  ratis.ContainerStateMachine (ContainerStateMachine.java:loadSnapshot(230)) - group-5DF16D025390: The snapshot info is null. Setting the last applied indexto:(t:0, i:~)
2019-09-26 15:13:28,101 [pool-27-thread-1] INFO  server.RaftServerConfigKeys (ConfUtils.java:logGet(43)) - raft.server.notification.no-leader.timeout = 120s (custom)
2019-09-26 15:13:28,101 [pool-27-thread-1] INFO  server.RaftServerConfigKeys (ConfUtils.java:logGet(43)) - raft.server.log.use.memory = false (default)
2019-09-26 15:13:28,101 [pool-27-thread-1] INFO  server.RaftServerConfigKeys (ConfUtils.java:logGet(43)) - raft.server.log.purge.gap = 1000000 (custom)
2019-09-26 15:13:28,102 [pool-27-thread-1] INFO  server.RaftServerConfigKeys (ConfUtils.java:logGet(43)) - raft.server.log.appender.buffer.byte-limit = 33554432 (custom)
2019-09-26 15:13:28,102 [pool-27-thread-1] INFO  server.RaftServerConfigKeys (ConfUtils.java:logGet(43)) - raft.server.log.segment.size.max = 1048576 (custom)
2019-09-26 15:13:28,102 [pool-27-thread-1] INFO  server.RaftServerConfigKeys (ConfUtils.java:logGet(43)) - raft.server.log.segment.cache.num.max = 2 (custom)
2019-09-26 15:13:28,102 [pool-27-thread-1] INFO  segmented.SegmentedRaftLogWorker (SegmentedRaftLogWorker.java:<init>(172)) - new b3e939fd-eb36-468b-9efe-5d0a1fdaa172@group-5DF16D025390-SegmentedRaftLogWorker for RaftStorage:Storage Directory /workdir/hadoop-ozone/integration-test/target/test-dir/MiniOzoneClusterImpl-7e2f4b2f-6763-4a45-9ec4-264c2cef7c61/datanode-0/data/ratis/7008f813-bdd9-491c-a928-5df16d025390
2019-09-26 15:13:28,102 [pool-27-thread-1] INFO  server.RaftServerConfigKeys (ConfUtils.java:logGet(43)) - raft.server.log.queue.byte-limit = 2147483647 (custom)
2019-09-26 15:13:28,102 [pool-27-thread-1] INFO  server.RaftServerConfigKeys (ConfUtils.java:logGet(43)) - raft.server.log.queue.element-limit = 1024 (custom)
2019-09-26 15:13:28,102 [pool-27-thread-1] INFO  server.RaftServerConfigKeys (ConfUtils.java:logGet(43)) - raft.server.log.segment.size.max = 1048576 (custom)
2019-09-26 15:13:28,102 [pool-27-thread-1] INFO  server.RaftServerConfigKeys (ConfUtils.java:logGet(43)) - raft.server.log.preallocated.size = 16384 (custom)
2019-09-26 15:13:28,102 [pool-27-thread-1] INFO  server.RaftServerConfigKeys (ConfUtils.java:logGet(43)) - raft.server.log.write.buffer.size = 33554432 (custom)
2019-09-26 15:13:28,102 [pool-27-thread-1] INFO  server.RaftServerConfigKeys (ConfUtils.java:logGet(43)) - raft.server.log.force.sync.num = 128 (default)
2019-09-26 15:13:28,103 [pool-27-thread-1] INFO  server.RaftServerConfigKeys (ConfUtils.java:logGet(43)) - raft.server.log.statemachine.data.sync = true (default)
2019-09-26 15:13:28,103 [pool-27-thread-1] INFO  server.RaftServerConfigKeys (ConfUtils.java:logGet(43)) - raft.server.log.statemachine.data.sync.timeout = 10s (default)
2019-09-26 15:13:28,103 [pool-27-thread-1] INFO  server.RaftServerConfigKeys (ConfUtils.java:logGet(43)) - raft.server.log.statemachine.data.sync.timeout.retry = -1 (default)
2019-09-26 15:13:28,103 [pool-27-thread-1] INFO  server.RaftServerConfigKeys (ConfUtils.java:logGet(43)) - raft.server.log.statemachine.data.caching.enabled = true (custom)
2019-09-26 15:13:28,103 [pool-27-thread-1] INFO  segmented.SegmentedRaftLogWorker (SegmentedRaftLogWorker.java:lambda$new$0(132)) - b3e939fd-eb36-468b-9efe-5d0a1fdaa172@group-5DF16D025390-SegmentedRaftLogWorker: flushIndex: setUnconditionally 0 -> -1
2019-09-26 15:13:28,103 [pool-27-thread-1] INFO  server.RaftServerConfigKeys (ConfUtils.java:logGet(43)) - raft.server.snapshot.auto.trigger.enabled = true (custom)
2019-09-26 15:13:28,103 [pool-27-thread-1] INFO  server.RaftServerConfigKeys (ConfUtils.java:logGet(43)) - raft.server.snapshot.auto.trigger.threshold = 10000 (custom)
2019-09-26 15:13:28,104 [pool-27-thread-1] INFO  server.RaftServerConfigKeys (ConfUtils.java:logGet(43)) - raft.server.snapshot.retention.num.files = 5 (custom)
2019-09-26 15:13:28,104 [pool-27-thread-1] INFO  server.RaftServerConfigKeys (ConfUtils.java:logGet(43)) - raft.server.retrycache.expirytime = 600000ms (custom)
2019-09-26 15:13:28,105 [pool-27-thread-1] INFO  impl.RaftServerImpl (RaftServerImpl.java:start(185)) - b3e939fd-eb36-468b-9efe-5d0a1fdaa172@group-5DF16D025390: start as a follower, conf=-1: [b3e939fd-eb36-468b-9efe-5d0a1fdaa172:192.168.151.99:45433], old=null
2019-09-26 15:13:28,105 [pool-27-thread-1] INFO  impl.RaftServerImpl (RaftServerImpl.java:setRole(174)) - b3e939fd-eb36-468b-9efe-5d0a1fdaa172@group-5DF16D025390: changes role from      null to FOLLOWER at term 0 for startAsFollower
2019-09-26 15:13:28,105 [pool-27-thread-1] INFO  impl.RoleInfo (RoleInfo.java:updateAndGet(143)) - b3e939fd-eb36-468b-9efe-5d0a1fdaa172: start FollowerState
2019-09-26 15:13:28,106 [pool-27-thread-1] INFO  util.JmxRegister (JmxRegister.java:tryRegister(44)) - Successfully registered JMX Bean with object name Ratis:service=RaftServer,group=group-5DF16D025390,id=b3e939fd-eb36-468b-9efe-5d0a1fdaa172
2019-09-26 15:13:28,108 [RatisPipelineUtilsThread] INFO  pipeline.PipelineStateManager (PipelineStateManager.java:addPipeline(56)) - Created pipeline Pipeline[ Id: 7008f813-bdd9-491c-a928-5df16d025390, Nodes: b3e939fd-eb36-468b-9efe-5d0a1fdaa172{ip: 192.168.151.99, host: pr-hdds-1569-g6sp5-2013761785, networkLocation: /default-rack, certSerialId: null}, Type:RATIS, Factor:ONE, State:OPEN]
2019-09-26 15:13:28,112 [grpc-default-executor-0] INFO  impl.RaftServerProxy (RaftServerProxy.java:addNew(89)) - b3e939fd-eb36-468b-9efe-5d0a1fdaa172: addNew group-45EF2C5983EC:[b3e939fd-eb36-468b-9efe-5d0a1fdaa172:192.168.151.99:45433] returns group-45EF2C5983EC:java.util.concurrent.CompletableFuture@6bb3d65[Not completed]
2019-09-26 15:13:28,112 [pool-27-thread-1] INFO  impl.RaftServerImpl (RaftServerImpl.java:<init>(95)) - b3e939fd-eb36-468b-9efe-5d0a1fdaa172: new RaftServerImpl for group-45EF2C5983EC:[b3e939fd-eb36-468b-9efe-5d0a1fdaa172:192.168.151.99:45433] with ContainerStateMachine:uninitialized
2019-09-26 15:13:28,112 [pool-27-thread-1] INFO  server.RaftServerConfigKeys (ConfUtils.java:logGet(43)) - raft.server.rpc.timeout.min = 5s (custom)
2019-09-26 15:13:28,112 [pool-27-thread-1] INFO  server.RaftServerConfigKeys (ConfUtils.java:logGet(43)) - raft.server.rpc.timeout.max = 5200ms (custom)
2019-09-26 15:13:28,113 [pool-27-thread-1] INFO  server.RaftServerConfigKeys (ConfUtils.java:logGet(43)) - raft.server.rpcslowness.timeout = 120s (custom)
2019-09-26 15:13:28,113 [pool-27-thread-1] INFO  server.RaftServerConfigKeys (ConfUtils.java:logGet(43)) - raft.server.sleep.deviation.threshold = 300 (default)
2019-09-26 15:13:28,113 [pool-27-thread-1] INFO  server.RaftServerConfigKeys (ConfUtils.java:logGet(43)) - raft.server.log.appender.install.snapshot.enabled = false (custom)
2019-09-26 15:13:28,113 [pool-27-thread-1] INFO  impl.RaftServerImpl (ServerState.java:<init>(103)) - b3e939fd-eb36-468b-9efe-5d0a1fdaa172@group-45EF2C5983EC: ConfigurationManager, init=-1: [b3e939fd-eb36-468b-9efe-5d0a1fdaa172:192.168.151.99:45433], old=null, confs=<EMPTY_MAP>
2019-09-26 15:13:28,113 [pool-27-thread-1] INFO  server.RaftServerConfigKeys (ConfUtils.java:logGet(43)) - raft.server.storage.dir = [/workdir/hadoop-ozone/integration-test/target/test-dir/MiniOzoneClusterImpl-7e2f4b2f-6763-4a45-9ec4-264c2cef7c61/datanode-0/data/ratis] (custom)
2019-09-26 15:13:28,114 [pool-27-thread-1] INFO  storage.RaftStorageDirectory (RaftStorageDirectory.java:analyzeStorage(246)) - The storage directory /workdir/hadoop-ozone/integration-test/target/test-dir/MiniOzoneClusterImpl-7e2f4b2f-6763-4a45-9ec4-264c2cef7c61/datanode-0/data/ratis/40059380-be83-4229-94fc-45ef2c5983ec does not exist. Creating ...
2019-09-26 15:13:28,127 [pool-27-thread-1] INFO  storage.RaftStorageDirectory (RaftStorageDirectory.java:tryLock(328)) - Lock on /workdir/hadoop-ozone/integration-test/target/test-dir/MiniOzoneClusterImpl-7e2f4b2f-6763-4a45-9ec4-264c2cef7c61/datanode-0/data/ratis/40059380-be83-4229-94fc-45ef2c5983ec/in_use.lock acquired by nodename 11803@pr-hdds-1569-g6sp5-2013761785
2019-09-26 15:13:28,139 [pool-27-thread-1] INFO  storage.RaftStorage (RaftStorage.java:format(72)) - Storage directory /workdir/hadoop-ozone/integration-test/target/test-dir/MiniOzoneClusterImpl-7e2f4b2f-6763-4a45-9ec4-264c2cef7c61/datanode-0/data/ratis/40059380-be83-4229-94fc-45ef2c5983ec has been successfully formatted.
2019-09-26 15:13:28,139 [pool-27-thread-1] INFO  ratis.ContainerStateMachine (ContainerStateMachine.java:loadSnapshot(230)) - group-45EF2C5983EC: The snapshot info is null. Setting the last applied indexto:(t:0, i:~)
2019-09-26 15:13:28,139 [pool-27-thread-1] INFO  server.RaftServerConfigKeys (ConfUtils.java:logGet(43)) - raft.server.notification.no-leader.timeout = 120s (custom)
2019-09-26 15:13:28,139 [pool-27-thread-1] INFO  server.RaftServerConfigKeys (ConfUtils.java:logGet(43)) - raft.server.log.use.memory = false (default)
2019-09-26 15:13:28,139 [pool-27-thread-1] INFO  server.RaftServerConfigKeys (ConfUtils.java:logGet(43)) - raft.server.log.purge.gap = 1000000 (custom)
2019-09-26 15:13:28,139 [pool-27-thread-1] INFO  server.RaftServerConfigKeys (ConfUtils.java:logGet(43)) - raft.server.log.appender.buffer.byte-limit = 33554432 (custom)
2019-09-26 15:13:28,139 [pool-27-thread-1] INFO  server.RaftServerConfigKeys (ConfUtils.java:logGet(43)) - raft.server.log.segment.size.max = 1048576 (custom)
2019-09-26 15:13:28,140 [pool-27-thread-1] INFO  server.RaftServerConfigKeys (ConfUtils.java:logGet(43)) - raft.server.log.segment.cache.num.max = 2 (custom)
2019-09-26 15:13:28,140 [pool-27-thread-1] INFO  segmented.SegmentedRaftLogWorker (SegmentedRaftLogWorker.java:<init>(172)) - new b3e939fd-eb36-468b-9efe-5d0a1fdaa172@group-45EF2C5983EC-SegmentedRaftLogWorker for RaftStorage:Storage Directory /workdir/hadoop-ozone/integration-test/target/test-dir/MiniOzoneClusterImpl-7e2f4b2f-6763-4a45-9ec4-264c2cef7c61/datanode-0/data/ratis/40059380-be83-4229-94fc-45ef2c5983ec
2019-09-26 15:13:28,140 [pool-27-thread-1] INFO  server.RaftServerConfigKeys (ConfUtils.java:logGet(43)) - raft.server.log.queue.byte-limit = 2147483647 (custom)
2019-09-26 15:13:28,140 [pool-27-thread-1] INFO  server.RaftServerConfigKeys (ConfUtils.java:logGet(43)) - raft.server.log.queue.element-limit = 1024 (custom)
2019-09-26 15:13:28,140 [pool-27-thread-1] INFO  server.RaftServerConfigKeys (ConfUtils.java:logGet(43)) - raft.server.log.segment.size.max = 1048576 (custom)
2019-09-26 15:13:28,140 [pool-27-thread-1] INFO  server.RaftServerConfigKeys (ConfUtils.java:logGet(43)) - raft.server.log.preallocated.size = 16384 (custom)
2019-09-26 15:13:28,140 [pool-27-thread-1] INFO  server.RaftServerConfigKeys (ConfUtils.java:logGet(43)) - raft.server.log.write.buffer.size = 33554432 (custom)
2019-09-26 15:13:28,140 [pool-27-thread-1] INFO  server.RaftServerConfigKeys (ConfUtils.java:logGet(43)) - raft.server.log.force.sync.num = 128 (default)
2019-09-26 15:13:28,140 [pool-27-thread-1] INFO  server.RaftServerConfigKeys (ConfUtils.java:logGet(43)) - raft.server.log.statemachine.data.sync = true (default)
2019-09-26 15:13:28,140 [pool-27-thread-1] INFO  server.RaftServerConfigKeys (ConfUtils.java:logGet(43)) - raft.server.log.statemachine.data.sync.timeout = 10s (default)
2019-09-26 15:13:28,141 [pool-27-thread-1] INFO  server.RaftServerConfigKeys (ConfUtils.java:logGet(43)) - raft.server.log.statemachine.data.sync.timeout.retry = -1 (default)
2019-09-26 15:13:28,141 [pool-27-thread-1] INFO  server.RaftServerConfigKeys (ConfUtils.java:logGet(43)) - raft.server.log.statemachine.data.caching.enabled = true (custom)
2019-09-26 15:13:28,141 [pool-27-thread-1] INFO  segmented.SegmentedRaftLogWorker (SegmentedRaftLogWorker.java:lambda$new$0(132)) - b3e939fd-eb36-468b-9efe-5d0a1fdaa172@group-45EF2C5983EC-SegmentedRaftLogWorker: flushIndex: setUnconditionally 0 -> -1
2019-09-26 15:13:28,141 [pool-27-thread-1] INFO  server.RaftServerConfigKeys (ConfUtils.java:logGet(43)) - raft.server.snapshot.auto.trigger.enabled = true (custom)
2019-09-26 15:13:28,141 [pool-27-thread-1] INFO  server.RaftServerConfigKeys (ConfUtils.java:logGet(43)) - raft.server.snapshot.auto.trigger.threshold = 10000 (custom)
2019-09-26 15:13:28,141 [pool-27-thread-1] INFO  server.RaftServerConfigKeys (ConfUtils.java:logGet(43)) - raft.server.snapshot.retention.num.files = 5 (custom)
2019-09-26 15:13:28,141 [pool-27-thread-1] INFO  server.RaftServerConfigKeys (ConfUtils.java:logGet(43)) - raft.server.retrycache.expirytime = 600000ms (custom)
2019-09-26 15:13:28,143 [pool-27-thread-1] INFO  impl.RaftServerImpl (RaftServerImpl.java:start(185)) - b3e939fd-eb36-468b-9efe-5d0a1fdaa172@group-45EF2C5983EC: start as a follower, conf=-1: [b3e939fd-eb36-468b-9efe-5d0a1fdaa172:192.168.151.99:45433], old=null
2019-09-26 15:13:28,143 [pool-27-thread-1] INFO  impl.RaftServerImpl (RaftServerImpl.java:setRole(174)) - b3e939fd-eb36-468b-9efe-5d0a1fdaa172@group-45EF2C5983EC: changes role from      null to FOLLOWER at term 0 for startAsFollower
2019-09-26 15:13:28,143 [pool-27-thread-1] INFO  impl.RoleInfo (RoleInfo.java:updateAndGet(143)) - b3e939fd-eb36-468b-9efe-5d0a1fdaa172: start FollowerState
2019-09-26 15:13:28,143 [pool-27-thread-1] INFO  util.JmxRegister (JmxRegister.java:tryRegister(44)) - Successfully registered JMX Bean with object name Ratis:service=RaftServer,group=group-45EF2C5983EC,id=b3e939fd-eb36-468b-9efe-5d0a1fdaa172
2019-09-26 15:13:28,145 [RatisPipelineUtilsThread] INFO  pipeline.PipelineStateManager (PipelineStateManager.java:addPipeline(56)) - Created pipeline Pipeline[ Id: 40059380-be83-4229-94fc-45ef2c5983ec, Nodes: b3e939fd-eb36-468b-9efe-5d0a1fdaa172{ip: 192.168.151.99, host: pr-hdds-1569-g6sp5-2013761785, networkLocation: /default-rack, certSerialId: null}, Type:RATIS, Factor:ONE, State:OPEN]
2019-09-26 15:13:28,149 [grpc-default-executor-0] INFO  impl.RaftServerProxy (RaftServerProxy.java:addNew(89)) - b3e939fd-eb36-468b-9efe-5d0a1fdaa172: addNew group-F2FE42403F49:[b3e939fd-eb36-468b-9efe-5d0a1fdaa172:192.168.151.99:45433] returns group-F2FE42403F49:java.util.concurrent.CompletableFuture@59d4653b[Not completed]
2019-09-26 15:13:28,149 [pool-27-thread-1] INFO  impl.RaftServerImpl (RaftServerImpl.java:<init>(95)) - b3e939fd-eb36-468b-9efe-5d0a1fdaa172: new RaftServerImpl for group-F2FE42403F49:[b3e939fd-eb36-468b-9efe-5d0a1fdaa172:192.168.151.99:45433] with ContainerStateMachine:uninitialized
2019-09-26 15:13:28,150 [pool-27-thread-1] INFO  server.RaftServerConfigKeys (ConfUtils.java:logGet(43)) - raft.server.rpc.timeout.min = 5s (custom)
2019-09-26 15:13:28,150 [pool-27-thread-1] INFO  server.RaftServerConfigKeys (ConfUtils.java:logGet(43)) - raft.server.rpc.timeout.max = 5200ms (custom)
2019-09-26 15:13:28,150 [pool-27-thread-1] INFO  server.RaftServerConfigKeys (ConfUtils.java:logGet(43)) - raft.server.rpcslowness.timeout = 120s (custom)
2019-09-26 15:13:28,150 [pool-27-thread-1] INFO  server.RaftServerConfigKeys (ConfUtils.java:logGet(43)) - raft.server.sleep.deviation.threshold = 300 (default)
2019-09-26 15:13:28,150 [pool-27-thread-1] INFO  server.RaftServerConfigKeys (ConfUtils.java:logGet(43)) - raft.server.log.appender.install.snapshot.enabled = false (custom)
2019-09-26 15:13:28,150 [pool-27-thread-1] INFO  impl.RaftServerImpl (ServerState.java:<init>(103)) - b3e939fd-eb36-468b-9efe-5d0a1fdaa172@group-F2FE42403F49: ConfigurationManager, init=-1: [b3e939fd-eb36-468b-9efe-5d0a1fdaa172:192.168.151.99:45433], old=null, confs=<EMPTY_MAP>
2019-09-26 15:13:28,150 [pool-27-thread-1] INFO  server.RaftServerConfigKeys (ConfUtils.java:logGet(43)) - raft.server.storage.dir = [/workdir/hadoop-ozone/integration-test/target/test-dir/MiniOzoneClusterImpl-7e2f4b2f-6763-4a45-9ec4-264c2cef7c61/datanode-0/data/ratis] (custom)
2019-09-26 15:13:28,151 [pool-27-thread-1] INFO  storage.RaftStorageDirectory (RaftStorageDirectory.java:analyzeStorage(246)) - The storage directory /workdir/hadoop-ozone/integration-test/target/test-dir/MiniOzoneClusterImpl-7e2f4b2f-6763-4a45-9ec4-264c2cef7c61/datanode-0/data/ratis/35e3a2a2-57d6-4e52-9967-f2fe42403f49 does not exist. Creating ...
2019-09-26 15:13:28,164 [pool-27-thread-1] INFO  storage.RaftStorageDirectory (RaftStorageDirectory.java:tryLock(328)) - Lock on /workdir/hadoop-ozone/integration-test/target/test-dir/MiniOzoneClusterImpl-7e2f4b2f-6763-4a45-9ec4-264c2cef7c61/datanode-0/data/ratis/35e3a2a2-57d6-4e52-9967-f2fe42403f49/in_use.lock acquired by nodename 11803@pr-hdds-1569-g6sp5-2013761785
2019-09-26 15:13:28,176 [pool-27-thread-1] INFO  storage.RaftStorage (RaftStorage.java:format(72)) - Storage directory /workdir/hadoop-ozone/integration-test/target/test-dir/MiniOzoneClusterImpl-7e2f4b2f-6763-4a45-9ec4-264c2cef7c61/datanode-0/data/ratis/35e3a2a2-57d6-4e52-9967-f2fe42403f49 has been successfully formatted.
2019-09-26 15:13:28,177 [pool-27-thread-1] INFO  ratis.ContainerStateMachine (ContainerStateMachine.java:loadSnapshot(230)) - group-F2FE42403F49: The snapshot info is null. Setting the last applied indexto:(t:0, i:~)
2019-09-26 15:13:28,177 [pool-27-thread-1] INFO  server.RaftServerConfigKeys (ConfUtils.java:logGet(43)) - raft.server.notification.no-leader.timeout = 120s (custom)
2019-09-26 15:13:28,177 [pool-27-thread-1] INFO  server.RaftServerConfigKeys (ConfUtils.java:logGet(43)) - raft.server.log.use.memory = false (default)
2019-09-26 15:13:28,177 [pool-27-thread-1] INFO  server.RaftServerConfigKeys (ConfUtils.java:logGet(43)) - raft.server.log.purge.gap = 1000000 (custom)
2019-09-26 15:13:28,177 [pool-27-thread-1] INFO  server.RaftServerConfigKeys (ConfUtils.java:logGet(43)) - raft.server.log.appender.buffer.byte-limit = 33554432 (custom)
2019-09-26 15:13:28,177 [pool-27-thread-1] INFO  server.RaftServerConfigKeys (ConfUtils.java:logGet(43)) - raft.server.log.segment.size.max = 1048576 (custom)
2019-09-26 15:13:28,177 [pool-27-thread-1] INFO  server.RaftServerConfigKeys (ConfUtils.java:logGet(43)) - raft.server.log.segment.cache.num.max = 2 (custom)
2019-09-26 15:13:28,177 [pool-27-thread-1] INFO  segmented.SegmentedRaftLogWorker (SegmentedRaftLogWorker.java:<init>(172)) - new b3e939fd-eb36-468b-9efe-5d0a1fdaa172@group-F2FE42403F49-SegmentedRaftLogWorker for RaftStorage:Storage Directory /workdir/hadoop-ozone/integration-test/target/test-dir/MiniOzoneClusterImpl-7e2f4b2f-6763-4a45-9ec4-264c2cef7c61/datanode-0/data/ratis/35e3a2a2-57d6-4e52-9967-f2fe42403f49
2019-09-26 15:13:28,178 [pool-27-thread-1] INFO  server.RaftServerConfigKeys (ConfUtils.java:logGet(43)) - raft.server.log.queue.byte-limit = 2147483647 (custom)
2019-09-26 15:13:28,178 [pool-27-thread-1] INFO  server.RaftServerConfigKeys (ConfUtils.java:logGet(43)) - raft.server.log.queue.element-limit = 1024 (custom)
2019-09-26 15:13:28,178 [pool-27-thread-1] INFO  server.RaftServerConfigKeys (ConfUtils.java:logGet(43)) - raft.server.log.segment.size.max = 1048576 (custom)
2019-09-26 15:13:28,178 [pool-27-thread-1] INFO  server.RaftServerConfigKeys (ConfUtils.java:logGet(43)) - raft.server.log.preallocated.size = 16384 (custom)
2019-09-26 15:13:28,178 [pool-27-thread-1] INFO  server.RaftServerConfigKeys (ConfUtils.java:logGet(43)) - raft.server.log.write.buffer.size = 33554432 (custom)
2019-09-26 15:13:28,178 [pool-27-thread-1] INFO  server.RaftServerConfigKeys (ConfUtils.java:logGet(43)) - raft.server.log.force.sync.num = 128 (default)
2019-09-26 15:13:28,178 [pool-27-thread-1] INFO  server.RaftServerConfigKeys (ConfUtils.java:logGet(43)) - raft.server.log.statemachine.data.sync = true (default)
2019-09-26 15:13:28,178 [pool-27-thread-1] INFO  server.RaftServerConfigKeys (ConfUtils.java:logGet(43)) - raft.server.log.statemachine.data.sync.timeout = 10s (default)
2019-09-26 15:13:28,178 [pool-27-thread-1] INFO  server.RaftServerConfigKeys (ConfUtils.java:logGet(43)) - raft.server.log.statemachine.data.sync.timeout.retry = -1 (default)
2019-09-26 15:13:28,178 [pool-27-thread-1] INFO  server.RaftServerConfigKeys (ConfUtils.java:logGet(43)) - raft.server.log.statemachine.data.caching.enabled = true (custom)
2019-09-26 15:13:28,179 [pool-27-thread-1] INFO  segmented.SegmentedRaftLogWorker (SegmentedRaftLogWorker.java:lambda$new$0(132)) - b3e939fd-eb36-468b-9efe-5d0a1fdaa172@group-F2FE42403F49-SegmentedRaftLogWorker: flushIndex: setUnconditionally 0 -> -1
2019-09-26 15:13:28,179 [pool-27-thread-1] INFO  server.RaftServerConfigKeys (ConfUtils.java:logGet(43)) - raft.server.snapshot.auto.trigger.enabled = true (custom)
2019-09-26 15:13:28,179 [pool-27-thread-1] INFO  server.RaftServerConfigKeys (ConfUtils.java:logGet(43)) - raft.server.snapshot.auto.trigger.threshold = 10000 (custom)
2019-09-26 15:13:28,179 [pool-27-thread-1] INFO  server.RaftServerConfigKeys (ConfUtils.java:logGet(43)) - raft.server.snapshot.retention.num.files = 5 (custom)
2019-09-26 15:13:28,179 [pool-27-thread-1] INFO  server.RaftServerConfigKeys (ConfUtils.java:logGet(43)) - raft.server.retrycache.expirytime = 600000ms (custom)
2019-09-26 15:13:28,180 [pool-27-thread-1] INFO  impl.RaftServerImpl (RaftServerImpl.java:start(185)) - b3e939fd-eb36-468b-9efe-5d0a1fdaa172@group-F2FE42403F49: start as a follower, conf=-1: [b3e939fd-eb36-468b-9efe-5d0a1fdaa172:192.168.151.99:45433], old=null
2019-09-26 15:13:28,180 [pool-27-thread-1] INFO  impl.RaftServerImpl (RaftServerImpl.java:setRole(174)) - b3e939fd-eb36-468b-9efe-5d0a1fdaa172@group-F2FE42403F49: changes role from      null to FOLLOWER at term 0 for startAsFollower
2019-09-26 15:13:28,181 [pool-27-thread-1] INFO  impl.RoleInfo (RoleInfo.java:updateAndGet(143)) - b3e939fd-eb36-468b-9efe-5d0a1fdaa172: start FollowerState
2019-09-26 15:13:28,181 [pool-27-thread-1] INFO  util.JmxRegister (JmxRegister.java:tryRegister(44)) - Successfully registered JMX Bean with object name Ratis:service=RaftServer,group=group-F2FE42403F49,id=b3e939fd-eb36-468b-9efe-5d0a1fdaa172
2019-09-26 15:13:28,182 [RatisPipelineUtilsThread] INFO  pipeline.PipelineStateManager (PipelineStateManager.java:addPipeline(56)) - Created pipeline Pipeline[ Id: 35e3a2a2-57d6-4e52-9967-f2fe42403f49, Nodes: b3e939fd-eb36-468b-9efe-5d0a1fdaa172{ip: 192.168.151.99, host: pr-hdds-1569-g6sp5-2013761785, networkLocation: /default-rack, certSerialId: null}, Type:RATIS, Factor:ONE, State:OPEN]
2019-09-26 15:13:28,186 [grpc-default-executor-0] INFO  impl.RaftServerProxy (RaftServerProxy.java:addNew(89)) - b3e939fd-eb36-468b-9efe-5d0a1fdaa172: addNew group-9B7D74F6726A:[b3e939fd-eb36-468b-9efe-5d0a1fdaa172:192.168.151.99:45433] returns group-9B7D74F6726A:java.util.concurrent.CompletableFuture@7e370a81[Not completed]
2019-09-26 15:13:28,186 [pool-27-thread-1] INFO  impl.RaftServerImpl (RaftServerImpl.java:<init>(95)) - b3e939fd-eb36-468b-9efe-5d0a1fdaa172: new RaftServerImpl for group-9B7D74F6726A:[b3e939fd-eb36-468b-9efe-5d0a1fdaa172:192.168.151.99:45433] with ContainerStateMachine:uninitialized
2019-09-26 15:13:28,186 [pool-27-thread-1] INFO  server.RaftServerConfigKeys (ConfUtils.java:logGet(43)) - raft.server.rpc.timeout.min = 5s (custom)
2019-09-26 15:13:28,187 [pool-27-thread-1] INFO  server.RaftServerConfigKeys (ConfUtils.java:logGet(43)) - raft.server.rpc.timeout.max = 5200ms (custom)
2019-09-26 15:13:28,187 [pool-27-thread-1] INFO  server.RaftServerConfigKeys (ConfUtils.java:logGet(43)) - raft.server.rpcslowness.timeout = 120s (custom)
2019-09-26 15:13:28,187 [pool-27-thread-1] INFO  server.RaftServerConfigKeys (ConfUtils.java:logGet(43)) - raft.server.sleep.deviation.threshold = 300 (default)
2019-09-26 15:13:28,187 [pool-27-thread-1] INFO  server.RaftServerConfigKeys (ConfUtils.java:logGet(43)) - raft.server.log.appender.install.snapshot.enabled = false (custom)
2019-09-26 15:13:28,187 [pool-27-thread-1] INFO  impl.RaftServerImpl (ServerState.java:<init>(103)) - b3e939fd-eb36-468b-9efe-5d0a1fdaa172@group-9B7D74F6726A: ConfigurationManager, init=-1: [b3e939fd-eb36-468b-9efe-5d0a1fdaa172:192.168.151.99:45433], old=null, confs=<EMPTY_MAP>
2019-09-26 15:13:28,187 [pool-27-thread-1] INFO  server.RaftServerConfigKeys (ConfUtils.java:logGet(43)) - raft.server.storage.dir = [/workdir/hadoop-ozone/integration-test/target/test-dir/MiniOzoneClusterImpl-7e2f4b2f-6763-4a45-9ec4-264c2cef7c61/datanode-0/data/ratis] (custom)
2019-09-26 15:13:28,188 [pool-27-thread-1] INFO  storage.RaftStorageDirectory (RaftStorageDirectory.java:analyzeStorage(246)) - The storage directory /workdir/hadoop-ozone/integration-test/target/test-dir/MiniOzoneClusterImpl-7e2f4b2f-6763-4a45-9ec4-264c2cef7c61/datanode-0/data/ratis/bd644e95-7541-456e-9910-9b7d74f6726a does not exist. Creating ...
2019-09-26 15:13:28,200 [pool-27-thread-1] INFO  storage.RaftStorageDirectory (RaftStorageDirectory.java:tryLock(328)) - Lock on /workdir/hadoop-ozone/integration-test/target/test-dir/MiniOzoneClusterImpl-7e2f4b2f-6763-4a45-9ec4-264c2cef7c61/datanode-0/data/ratis/bd644e95-7541-456e-9910-9b7d74f6726a/in_use.lock acquired by nodename 11803@pr-hdds-1569-g6sp5-2013761785
2019-09-26 15:13:28,214 [pool-27-thread-1] INFO  storage.RaftStorage (RaftStorage.java:format(72)) - Storage directory /workdir/hadoop-ozone/integration-test/target/test-dir/MiniOzoneClusterImpl-7e2f4b2f-6763-4a45-9ec4-264c2cef7c61/datanode-0/data/ratis/bd644e95-7541-456e-9910-9b7d74f6726a has been successfully formatted.
2019-09-26 15:13:28,214 [pool-27-thread-1] INFO  ratis.ContainerStateMachine (ContainerStateMachine.java:loadSnapshot(230)) - group-9B7D74F6726A: The snapshot info is null. Setting the last applied indexto:(t:0, i:~)
2019-09-26 15:13:28,214 [pool-27-thread-1] INFO  server.RaftServerConfigKeys (ConfUtils.java:logGet(43)) - raft.server.notification.no-leader.timeout = 120s (custom)
2019-09-26 15:13:28,214 [pool-27-thread-1] INFO  server.RaftServerConfigKeys (ConfUtils.java:logGet(43)) - raft.server.log.use.memory = false (default)
2019-09-26 15:13:28,214 [pool-27-thread-1] INFO  server.RaftServerConfigKeys (ConfUtils.java:logGet(43)) - raft.server.log.purge.gap = 1000000 (custom)
2019-09-26 15:13:28,214 [pool-27-thread-1] INFO  server.RaftServerConfigKeys (ConfUtils.java:logGet(43)) - raft.server.log.appender.buffer.byte-limit = 33554432 (custom)
2019-09-26 15:13:28,214 [pool-27-thread-1] INFO  server.RaftServerConfigKeys (ConfUtils.java:logGet(43)) - raft.server.log.segment.size.max = 1048576 (custom)
2019-09-26 15:13:28,215 [pool-27-thread-1] INFO  server.RaftServerConfigKeys (ConfUtils.java:logGet(43)) - raft.server.log.segment.cache.num.max = 2 (custom)
2019-09-26 15:13:28,215 [pool-27-thread-1] INFO  segmented.SegmentedRaftLogWorker (SegmentedRaftLogWorker.java:<init>(172)) - new b3e939fd-eb36-468b-9efe-5d0a1fdaa172@group-9B7D74F6726A-SegmentedRaftLogWorker for RaftStorage:Storage Directory /workdir/hadoop-ozone/integration-test/target/test-dir/MiniOzoneClusterImpl-7e2f4b2f-6763-4a45-9ec4-264c2cef7c61/datanode-0/data/ratis/bd644e95-7541-456e-9910-9b7d74f6726a
2019-09-26 15:13:28,215 [pool-27-thread-1] INFO  server.RaftServerConfigKeys (ConfUtils.java:logGet(43)) - raft.server.log.queue.byte-limit = 2147483647 (custom)
2019-09-26 15:13:28,215 [pool-27-thread-1] INFO  server.RaftServerConfigKeys (ConfUtils.java:logGet(43)) - raft.server.log.queue.element-limit = 1024 (custom)
2019-09-26 15:13:28,215 [pool-27-thread-1] INFO  server.RaftServerConfigKeys (ConfUtils.java:logGet(43)) - raft.server.log.segment.size.max = 1048576 (custom)
2019-09-26 15:13:28,215 [pool-27-thread-1] INFO  server.RaftServerConfigKeys (ConfUtils.java:logGet(43)) - raft.server.log.preallocated.size = 16384 (custom)
2019-09-26 15:13:28,215 [pool-27-thread-1] INFO  server.RaftServerConfigKeys (ConfUtils.java:logGet(43)) - raft.server.log.write.buffer.size = 33554432 (custom)
2019-09-26 15:13:28,215 [pool-27-thread-1] INFO  server.RaftServerConfigKeys (ConfUtils.java:logGet(43)) - raft.server.log.force.sync.num = 128 (default)
2019-09-26 15:13:28,215 [pool-27-thread-1] INFO  server.RaftServerConfigKeys (ConfUtils.java:logGet(43)) - raft.server.log.statemachine.data.sync = true (default)
2019-09-26 15:13:28,216 [pool-27-thread-1] INFO  server.RaftServerConfigKeys (ConfUtils.java:logGet(43)) - raft.server.log.statemachine.data.sync.timeout = 10s (default)
2019-09-26 15:13:28,216 [pool-27-thread-1] INFO  server.RaftServerConfigKeys (ConfUtils.java:logGet(43)) - raft.server.log.statemachine.data.sync.timeout.retry = -1 (default)
2019-09-26 15:13:28,216 [pool-27-thread-1] INFO  server.RaftServerConfigKeys (ConfUtils.java:logGet(43)) - raft.server.log.statemachine.data.caching.enabled = true (custom)
2019-09-26 15:13:28,216 [pool-27-thread-1] INFO  segmented.SegmentedRaftLogWorker (SegmentedRaftLogWorker.java:lambda$new$0(132)) - b3e939fd-eb36-468b-9efe-5d0a1fdaa172@group-9B7D74F6726A-SegmentedRaftLogWorker: flushIndex: setUnconditionally 0 -> -1
2019-09-26 15:13:28,216 [pool-27-thread-1] INFO  server.RaftServerConfigKeys (ConfUtils.java:logGet(43)) - raft.server.snapshot.auto.trigger.enabled = true (custom)
2019-09-26 15:13:28,216 [pool-27-thread-1] INFO  server.RaftServerConfigKeys (ConfUtils.java:logGet(43)) - raft.server.snapshot.auto.trigger.threshold = 10000 (custom)
2019-09-26 15:13:28,216 [pool-27-thread-1] INFO  server.RaftServerConfigKeys (ConfUtils.java:logGet(43)) - raft.server.snapshot.retention.num.files = 5 (custom)
2019-09-26 15:13:28,216 [pool-27-thread-1] INFO  server.RaftServerConfigKeys (ConfUtils.java:logGet(43)) - raft.server.retrycache.expirytime = 600000ms (custom)
2019-09-26 15:13:28,218 [pool-27-thread-1] INFO  impl.RaftServerImpl (RaftServerImpl.java:start(185)) - b3e939fd-eb36-468b-9efe-5d0a1fdaa172@group-9B7D74F6726A: start as a follower, conf=-1: [b3e939fd-eb36-468b-9efe-5d0a1fdaa172:192.168.151.99:45433], old=null
2019-09-26 15:13:28,218 [pool-27-thread-1] INFO  impl.RaftServerImpl (RaftServerImpl.java:setRole(174)) - b3e939fd-eb36-468b-9efe-5d0a1fdaa172@group-9B7D74F6726A: changes role from      null to FOLLOWER at term 0 for startAsFollower
2019-09-26 15:13:28,218 [pool-27-thread-1] INFO  impl.RoleInfo (RoleInfo.java:updateAndGet(143)) - b3e939fd-eb36-468b-9efe-5d0a1fdaa172: start FollowerState
2019-09-26 15:13:28,218 [pool-27-thread-1] INFO  util.JmxRegister (JmxRegister.java:tryRegister(44)) - Successfully registered JMX Bean with object name Ratis:service=RaftServer,group=group-9B7D74F6726A,id=b3e939fd-eb36-468b-9efe-5d0a1fdaa172
2019-09-26 15:13:28,220 [RatisPipelineUtilsThread] INFO  pipeline.PipelineStateManager (PipelineStateManager.java:addPipeline(56)) - Created pipeline Pipeline[ Id: bd644e95-7541-456e-9910-9b7d74f6726a, Nodes: b3e939fd-eb36-468b-9efe-5d0a1fdaa172{ip: 192.168.151.99, host: pr-hdds-1569-g6sp5-2013761785, networkLocation: /default-rack, certSerialId: null}, Type:RATIS, Factor:ONE, State:OPEN]
2019-09-26 15:13:28,223 [grpc-default-executor-0] INFO  impl.RaftServerProxy (RaftServerProxy.java:addNew(89)) - b3e939fd-eb36-468b-9efe-5d0a1fdaa172: addNew group-778C63AA011E:[b3e939fd-eb36-468b-9efe-5d0a1fdaa172:192.168.151.99:45433] returns group-778C63AA011E:java.util.concurrent.CompletableFuture@541b3806[Not completed]
2019-09-26 15:13:28,223 [pool-27-thread-1] INFO  impl.RaftServerImpl (RaftServerImpl.java:<init>(95)) - b3e939fd-eb36-468b-9efe-5d0a1fdaa172: new RaftServerImpl for group-778C63AA011E:[b3e939fd-eb36-468b-9efe-5d0a1fdaa172:192.168.151.99:45433] with ContainerStateMachine:uninitialized
2019-09-26 15:13:28,223 [pool-27-thread-1] INFO  server.RaftServerConfigKeys (ConfUtils.java:logGet(43)) - raft.server.rpc.timeout.min = 5s (custom)
2019-09-26 15:13:28,223 [pool-27-thread-1] INFO  server.RaftServerConfigKeys (ConfUtils.java:logGet(43)) - raft.server.rpc.timeout.max = 5200ms (custom)
2019-09-26 15:13:28,224 [pool-27-thread-1] INFO  server.RaftServerConfigKeys (ConfUtils.java:logGet(43)) - raft.server.rpcslowness.timeout = 120s (custom)
2019-09-26 15:13:28,224 [pool-27-thread-1] INFO  server.RaftServerConfigKeys (ConfUtils.java:logGet(43)) - raft.server.sleep.deviation.threshold = 300 (default)
2019-09-26 15:13:28,224 [pool-27-thread-1] INFO  server.RaftServerConfigKeys (ConfUtils.java:logGet(43)) - raft.server.log.appender.install.snapshot.enabled = false (custom)
2019-09-26 15:13:28,224 [pool-27-thread-1] INFO  impl.RaftServerImpl (ServerState.java:<init>(103)) - b3e939fd-eb36-468b-9efe-5d0a1fdaa172@group-778C63AA011E: ConfigurationManager, init=-1: [b3e939fd-eb36-468b-9efe-5d0a1fdaa172:192.168.151.99:45433], old=null, confs=<EMPTY_MAP>
2019-09-26 15:13:28,224 [pool-27-thread-1] INFO  server.RaftServerConfigKeys (ConfUtils.java:logGet(43)) - raft.server.storage.dir = [/workdir/hadoop-ozone/integration-test/target/test-dir/MiniOzoneClusterImpl-7e2f4b2f-6763-4a45-9ec4-264c2cef7c61/datanode-0/data/ratis] (custom)
2019-09-26 15:13:28,225 [pool-27-thread-1] INFO  storage.RaftStorageDirectory (RaftStorageDirectory.java:analyzeStorage(246)) - The storage directory /workdir/hadoop-ozone/integration-test/target/test-dir/MiniOzoneClusterImpl-7e2f4b2f-6763-4a45-9ec4-264c2cef7c61/datanode-0/data/ratis/11bfb75a-cd24-4a3c-9813-778c63aa011e does not exist. Creating ...
2019-09-26 15:13:28,237 [pool-27-thread-1] INFO  storage.RaftStorageDirectory (RaftStorageDirectory.java:tryLock(328)) - Lock on /workdir/hadoop-ozone/integration-test/target/test-dir/MiniOzoneClusterImpl-7e2f4b2f-6763-4a45-9ec4-264c2cef7c61/datanode-0/data/ratis/11bfb75a-cd24-4a3c-9813-778c63aa011e/in_use.lock acquired by nodename 11803@pr-hdds-1569-g6sp5-2013761785
2019-09-26 15:13:28,250 [pool-27-thread-1] INFO  storage.RaftStorage (RaftStorage.java:format(72)) - Storage directory /workdir/hadoop-ozone/integration-test/target/test-dir/MiniOzoneClusterImpl-7e2f4b2f-6763-4a45-9ec4-264c2cef7c61/datanode-0/data/ratis/11bfb75a-cd24-4a3c-9813-778c63aa011e has been successfully formatted.
2019-09-26 15:13:28,250 [pool-27-thread-1] INFO  ratis.ContainerStateMachine (ContainerStateMachine.java:loadSnapshot(230)) - group-778C63AA011E: The snapshot info is null. Setting the last applied indexto:(t:0, i:~)
2019-09-26 15:13:28,250 [pool-27-thread-1] INFO  server.RaftServerConfigKeys (ConfUtils.java:logGet(43)) - raft.server.notification.no-leader.timeout = 120s (custom)
2019-09-26 15:13:28,250 [pool-27-thread-1] INFO  server.RaftServerConfigKeys (ConfUtils.java:logGet(43)) - raft.server.log.use.memory = false (default)
2019-09-26 15:13:28,250 [pool-27-thread-1] INFO  server.RaftServerConfigKeys (ConfUtils.java:logGet(43)) - raft.server.log.purge.gap = 1000000 (custom)
2019-09-26 15:13:28,251 [pool-27-thread-1] INFO  server.RaftServerConfigKeys (ConfUtils.java:logGet(43)) - raft.server.log.appender.buffer.byte-limit = 33554432 (custom)
2019-09-26 15:13:28,251 [pool-27-thread-1] INFO  server.RaftServerConfigKeys (ConfUtils.java:logGet(43)) - raft.server.log.segment.size.max = 1048576 (custom)
2019-09-26 15:13:28,251 [pool-27-thread-1] INFO  server.RaftServerConfigKeys (ConfUtils.java:logGet(43)) - raft.server.log.segment.cache.num.max = 2 (custom)
2019-09-26 15:13:28,251 [pool-27-thread-1] INFO  segmented.SegmentedRaftLogWorker (SegmentedRaftLogWorker.java:<init>(172)) - new b3e939fd-eb36-468b-9efe-5d0a1fdaa172@group-778C63AA011E-SegmentedRaftLogWorker for RaftStorage:Storage Directory /workdir/hadoop-ozone/integration-test/target/test-dir/MiniOzoneClusterImpl-7e2f4b2f-6763-4a45-9ec4-264c2cef7c61/datanode-0/data/ratis/11bfb75a-cd24-4a3c-9813-778c63aa011e
2019-09-26 15:13:28,251 [pool-27-thread-1] INFO  server.RaftServerConfigKeys (ConfUtils.java:logGet(43)) - raft.server.log.queue.byte-limit = 2147483647 (custom)
2019-09-26 15:13:28,251 [pool-27-thread-1] INFO  server.RaftServerConfigKeys (ConfUtils.java:logGet(43)) - raft.server.log.queue.element-limit = 1024 (custom)
2019-09-26 15:13:28,251 [pool-27-thread-1] INFO  server.RaftServerConfigKeys (ConfUtils.java:logGet(43)) - raft.server.log.segment.size.max = 1048576 (custom)
2019-09-26 15:13:28,251 [pool-27-thread-1] INFO  server.RaftServerConfigKeys (ConfUtils.java:logGet(43)) - raft.server.log.preallocated.size = 16384 (custom)
2019-09-26 15:13:28,251 [pool-27-thread-1] INFO  server.RaftServerConfigKeys (ConfUtils.java:logGet(43)) - raft.server.log.write.buffer.size = 33554432 (custom)
2019-09-26 15:13:28,251 [pool-27-thread-1] INFO  server.RaftServerConfigKeys (ConfUtils.java:logGet(43)) - raft.server.log.force.sync.num = 128 (default)
2019-09-26 15:13:28,252 [pool-27-thread-1] INFO  server.RaftServerConfigKeys (ConfUtils.java:logGet(43)) - raft.server.log.statemachine.data.sync = true (default)
2019-09-26 15:13:28,252 [pool-27-thread-1] INFO  server.RaftServerConfigKeys (ConfUtils.java:logGet(43)) - raft.server.log.statemachine.data.sync.timeout = 10s (default)
2019-09-26 15:13:28,252 [pool-27-thread-1] INFO  server.RaftServerConfigKeys (ConfUtils.java:logGet(43)) - raft.server.log.statemachine.data.sync.timeout.retry = -1 (default)
2019-09-26 15:13:28,252 [pool-27-thread-1] INFO  server.RaftServerConfigKeys (ConfUtils.java:logGet(43)) - raft.server.log.statemachine.data.caching.enabled = true (custom)
2019-09-26 15:13:28,252 [pool-27-thread-1] INFO  segmented.SegmentedRaftLogWorker (SegmentedRaftLogWorker.java:lambda$new$0(132)) - b3e939fd-eb36-468b-9efe-5d0a1fdaa172@group-778C63AA011E-SegmentedRaftLogWorker: flushIndex: setUnconditionally 0 -> -1
2019-09-26 15:13:28,252 [pool-27-thread-1] INFO  server.RaftServerConfigKeys (ConfUtils.java:logGet(43)) - raft.server.snapshot.auto.trigger.enabled = true (custom)
2019-09-26 15:13:28,252 [pool-27-thread-1] INFO  server.RaftServerConfigKeys (ConfUtils.java:logGet(43)) - raft.server.snapshot.auto.trigger.threshold = 10000 (custom)
2019-09-26 15:13:28,253 [pool-27-thread-1] INFO  server.RaftServerConfigKeys (ConfUtils.java:logGet(43)) - raft.server.snapshot.retention.num.files = 5 (custom)
2019-09-26 15:13:28,253 [pool-27-thread-1] INFO  server.RaftServerConfigKeys (ConfUtils.java:logGet(43)) - raft.server.retrycache.expirytime = 600000ms (custom)
2019-09-26 15:13:28,254 [pool-27-thread-1] INFO  impl.RaftServerImpl (RaftServerImpl.java:start(185)) - b3e939fd-eb36-468b-9efe-5d0a1fdaa172@group-778C63AA011E: start as a follower, conf=-1: [b3e939fd-eb36-468b-9efe-5d0a1fdaa172:192.168.151.99:45433], old=null
2019-09-26 15:13:28,254 [pool-27-thread-1] INFO  impl.RaftServerImpl (RaftServerImpl.java:setRole(174)) - b3e939fd-eb36-468b-9efe-5d0a1fdaa172@group-778C63AA011E: changes role from      null to FOLLOWER at term 0 for startAsFollower
2019-09-26 15:13:28,254 [pool-27-thread-1] INFO  impl.RoleInfo (RoleInfo.java:updateAndGet(143)) - b3e939fd-eb36-468b-9efe-5d0a1fdaa172: start FollowerState
2019-09-26 15:13:28,254 [pool-27-thread-1] INFO  util.JmxRegister (JmxRegister.java:tryRegister(44)) - Successfully registered JMX Bean with object name Ratis:service=RaftServer,group=group-778C63AA011E,id=b3e939fd-eb36-468b-9efe-5d0a1fdaa172
2019-09-26 15:13:28,256 [RatisPipelineUtilsThread] INFO  pipeline.PipelineStateManager (PipelineStateManager.java:addPipeline(56)) - Created pipeline Pipeline[ Id: 11bfb75a-cd24-4a3c-9813-778c63aa011e, Nodes: b3e939fd-eb36-468b-9efe-5d0a1fdaa172{ip: 192.168.151.99, host: pr-hdds-1569-g6sp5-2013761785, networkLocation: /default-rack, certSerialId: null}, Type:RATIS, Factor:ONE, State:OPEN]
2019-09-26 15:13:28,259 [grpc-default-executor-0] INFO  impl.RaftServerProxy (RaftServerProxy.java:addNew(89)) - b3e939fd-eb36-468b-9efe-5d0a1fdaa172: addNew group-B7C42A2D7902:[b3e939fd-eb36-468b-9efe-5d0a1fdaa172:192.168.151.99:45433] returns group-B7C42A2D7902:java.util.concurrent.CompletableFuture@713bd8d8[Not completed]
2019-09-26 15:13:28,260 [pool-27-thread-1] INFO  impl.RaftServerImpl (RaftServerImpl.java:<init>(95)) - b3e939fd-eb36-468b-9efe-5d0a1fdaa172: new RaftServerImpl for group-B7C42A2D7902:[b3e939fd-eb36-468b-9efe-5d0a1fdaa172:192.168.151.99:45433] with ContainerStateMachine:uninitialized
2019-09-26 15:13:28,260 [pool-27-thread-1] INFO  server.RaftServerConfigKeys (ConfUtils.java:logGet(43)) - raft.server.rpc.timeout.min = 5s (custom)
2019-09-26 15:13:28,260 [pool-27-thread-1] INFO  server.RaftServerConfigKeys (ConfUtils.java:logGet(43)) - raft.server.rpc.timeout.max = 5200ms (custom)
2019-09-26 15:13:28,260 [pool-27-thread-1] INFO  server.RaftServerConfigKeys (ConfUtils.java:logGet(43)) - raft.server.rpcslowness.timeout = 120s (custom)
2019-09-26 15:13:28,260 [pool-27-thread-1] INFO  server.RaftServerConfigKeys (ConfUtils.java:logGet(43)) - raft.server.sleep.deviation.threshold = 300 (default)
2019-09-26 15:13:28,260 [pool-27-thread-1] INFO  server.RaftServerConfigKeys (ConfUtils.java:logGet(43)) - raft.server.log.appender.install.snapshot.enabled = false (custom)
2019-09-26 15:13:28,260 [pool-27-thread-1] INFO  impl.RaftServerImpl (ServerState.java:<init>(103)) - b3e939fd-eb36-468b-9efe-5d0a1fdaa172@group-B7C42A2D7902: ConfigurationManager, init=-1: [b3e939fd-eb36-468b-9efe-5d0a1fdaa172:192.168.151.99:45433], old=null, confs=<EMPTY_MAP>
2019-09-26 15:13:28,261 [pool-27-thread-1] INFO  server.RaftServerConfigKeys (ConfUtils.java:logGet(43)) - raft.server.storage.dir = [/workdir/hadoop-ozone/integration-test/target/test-dir/MiniOzoneClusterImpl-7e2f4b2f-6763-4a45-9ec4-264c2cef7c61/datanode-0/data/ratis] (custom)
2019-09-26 15:13:28,262 [pool-27-thread-1] INFO  storage.RaftStorageDirectory (RaftStorageDirectory.java:analyzeStorage(246)) - The storage directory /workdir/hadoop-ozone/integration-test/target/test-dir/MiniOzoneClusterImpl-7e2f4b2f-6763-4a45-9ec4-264c2cef7c61/datanode-0/data/ratis/37cf7d9c-9d46-4dda-8b9a-b7c42a2d7902 does not exist. Creating ...
2019-09-26 15:13:28,264 [pool-27-thread-1] INFO  storage.RaftStorageDirectory (RaftStorageDirectory.java:tryLock(328)) - Lock on /workdir/hadoop-ozone/integration-test/target/test-dir/MiniOzoneClusterImpl-7e2f4b2f-6763-4a45-9ec4-264c2cef7c61/datanode-0/data/ratis/37cf7d9c-9d46-4dda-8b9a-b7c42a2d7902/in_use.lock acquired by nodename 11803@pr-hdds-1569-g6sp5-2013761785
2019-09-26 15:13:28,267 [pool-27-thread-1] INFO  storage.RaftStorage (RaftStorage.java:format(72)) - Storage directory /workdir/hadoop-ozone/integration-test/target/test-dir/MiniOzoneClusterImpl-7e2f4b2f-6763-4a45-9ec4-264c2cef7c61/datanode-0/data/ratis/37cf7d9c-9d46-4dda-8b9a-b7c42a2d7902 has been successfully formatted.
2019-09-26 15:13:28,267 [pool-27-thread-1] INFO  ratis.ContainerStateMachine (ContainerStateMachine.java:loadSnapshot(230)) - group-B7C42A2D7902: The snapshot info is null. Setting the last applied indexto:(t:0, i:~)
2019-09-26 15:13:28,267 [pool-27-thread-1] INFO  server.RaftServerConfigKeys (ConfUtils.java:logGet(43)) - raft.server.notification.no-leader.timeout = 120s (custom)
2019-09-26 15:13:28,267 [pool-27-thread-1] INFO  server.RaftServerConfigKeys (ConfUtils.java:logGet(43)) - raft.server.log.use.memory = false (default)
2019-09-26 15:13:28,267 [pool-27-thread-1] INFO  server.RaftServerConfigKeys (ConfUtils.java:logGet(43)) - raft.server.log.purge.gap = 1000000 (custom)
2019-09-26 15:13:28,268 [pool-27-thread-1] INFO  server.RaftServerConfigKeys (ConfUtils.java:logGet(43)) - raft.server.log.appender.buffer.byte-limit = 33554432 (custom)
2019-09-26 15:13:28,268 [pool-27-thread-1] INFO  server.RaftServerConfigKeys (ConfUtils.java:logGet(43)) - raft.server.log.segment.size.max = 1048576 (custom)
2019-09-26 15:13:28,268 [pool-27-thread-1] INFO  server.RaftServerConfigKeys (ConfUtils.java:logGet(43)) - raft.server.log.segment.cache.num.max = 2 (custom)
2019-09-26 15:13:28,268 [pool-27-thread-1] INFO  segmented.SegmentedRaftLogWorker (SegmentedRaftLogWorker.java:<init>(172)) - new b3e939fd-eb36-468b-9efe-5d0a1fdaa172@group-B7C42A2D7902-SegmentedRaftLogWorker for RaftStorage:Storage Directory /workdir/hadoop-ozone/integration-test/target/test-dir/MiniOzoneClusterImpl-7e2f4b2f-6763-4a45-9ec4-264c2cef7c61/datanode-0/data/ratis/37cf7d9c-9d46-4dda-8b9a-b7c42a2d7902
2019-09-26 15:13:28,268 [pool-27-thread-1] INFO  server.RaftServerConfigKeys (ConfUtils.java:logGet(43)) - raft.server.log.queue.byte-limit = 2147483647 (custom)
2019-09-26 15:13:28,268 [pool-27-thread-1] INFO  server.RaftServerConfigKeys (ConfUtils.java:logGet(43)) - raft.server.log.queue.element-limit = 1024 (custom)
2019-09-26 15:13:28,268 [pool-27-thread-1] INFO  server.RaftServerConfigKeys (ConfUtils.java:logGet(43)) - raft.server.log.segment.size.max = 1048576 (custom)
2019-09-26 15:13:28,268 [pool-27-thread-1] INFO  server.RaftServerConfigKeys (ConfUtils.java:logGet(43)) - raft.server.log.preallocated.size = 16384 (custom)
2019-09-26 15:13:28,268 [pool-27-thread-1] INFO  server.RaftServerConfigKeys (ConfUtils.java:logGet(43)) - raft.server.log.write.buffer.size = 33554432 (custom)
2019-09-26 15:13:28,268 [pool-27-thread-1] INFO  server.RaftServerConfigKeys (ConfUtils.java:logGet(43)) - raft.server.log.force.sync.num = 128 (default)
2019-09-26 15:13:28,269 [pool-27-thread-1] INFO  server.RaftServerConfigKeys (ConfUtils.java:logGet(43)) - raft.server.log.statemachine.data.sync = true (default)
2019-09-26 15:13:28,269 [pool-27-thread-1] INFO  server.RaftServerConfigKeys (ConfUtils.java:logGet(43)) - raft.server.log.statemachine.data.sync.timeout = 10s (default)
2019-09-26 15:13:28,269 [pool-27-thread-1] INFO  server.RaftServerConfigKeys (ConfUtils.java:logGet(43)) - raft.server.log.statemachine.data.sync.timeout.retry = -1 (default)
2019-09-26 15:13:28,269 [pool-27-thread-1] INFO  server.RaftServerConfigKeys (ConfUtils.java:logGet(43)) - raft.server.log.statemachine.data.caching.enabled = true (custom)
2019-09-26 15:13:28,269 [pool-27-thread-1] INFO  segmented.SegmentedRaftLogWorker (SegmentedRaftLogWorker.java:lambda$new$0(132)) - b3e939fd-eb36-468b-9efe-5d0a1fdaa172@group-B7C42A2D7902-SegmentedRaftLogWorker: flushIndex: setUnconditionally 0 -> -1
2019-09-26 15:13:28,269 [pool-27-thread-1] INFO  server.RaftServerConfigKeys (ConfUtils.java:logGet(43)) - raft.server.snapshot.auto.trigger.enabled = true (custom)
2019-09-26 15:13:28,269 [pool-27-thread-1] INFO  server.RaftServerConfigKeys (ConfUtils.java:logGet(43)) - raft.server.snapshot.auto.trigger.threshold = 10000 (custom)
2019-09-26 15:13:28,270 [pool-27-thread-1] INFO  server.RaftServerConfigKeys (ConfUtils.java:logGet(43)) - raft.server.snapshot.retention.num.files = 5 (custom)
2019-09-26 15:13:28,270 [pool-27-thread-1] INFO  server.RaftServerConfigKeys (ConfUtils.java:logGet(43)) - raft.server.retrycache.expirytime = 600000ms (custom)
2019-09-26 15:13:28,271 [pool-27-thread-1] INFO  impl.RaftServerImpl (RaftServerImpl.java:start(185)) - b3e939fd-eb36-468b-9efe-5d0a1fdaa172@group-B7C42A2D7902: start as a follower, conf=-1: [b3e939fd-eb36-468b-9efe-5d0a1fdaa172:192.168.151.99:45433], old=null
2019-09-26 15:13:28,271 [pool-27-thread-1] INFO  impl.RaftServerImpl (RaftServerImpl.java:setRole(174)) - b3e939fd-eb36-468b-9efe-5d0a1fdaa172@group-B7C42A2D7902: changes role from      null to FOLLOWER at term 0 for startAsFollower
2019-09-26 15:13:28,271 [pool-27-thread-1] INFO  impl.RoleInfo (RoleInfo.java:updateAndGet(143)) - b3e939fd-eb36-468b-9efe-5d0a1fdaa172: start FollowerState
2019-09-26 15:13:28,271 [pool-27-thread-1] INFO  util.JmxRegister (JmxRegister.java:tryRegister(44)) - Successfully registered JMX Bean with object name Ratis:service=RaftServer,group=group-B7C42A2D7902,id=b3e939fd-eb36-468b-9efe-5d0a1fdaa172
2019-09-26 15:13:28,273 [RatisPipelineUtilsThread] INFO  pipeline.PipelineStateManager (PipelineStateManager.java:addPipeline(56)) - Created pipeline Pipeline[ Id: 37cf7d9c-9d46-4dda-8b9a-b7c42a2d7902, Nodes: b3e939fd-eb36-468b-9efe-5d0a1fdaa172{ip: 192.168.151.99, host: pr-hdds-1569-g6sp5-2013761785, networkLocation: /default-rack, certSerialId: null}, Type:RATIS, Factor:ONE, State:OPEN]
2019-09-26 15:13:28,276 [grpc-default-executor-0] INFO  impl.RaftServerProxy (RaftServerProxy.java:addNew(89)) - b3e939fd-eb36-468b-9efe-5d0a1fdaa172: addNew group-337EFED2784C:[b3e939fd-eb36-468b-9efe-5d0a1fdaa172:192.168.151.99:45433] returns group-337EFED2784C:java.util.concurrent.CompletableFuture@31d68157[Not completed]
2019-09-26 15:13:28,277 [pool-27-thread-1] INFO  impl.RaftServerImpl (RaftServerImpl.java:<init>(95)) - b3e939fd-eb36-468b-9efe-5d0a1fdaa172: new RaftServerImpl for group-337EFED2784C:[b3e939fd-eb36-468b-9efe-5d0a1fdaa172:192.168.151.99:45433] with ContainerStateMachine:uninitialized
2019-09-26 15:13:28,277 [pool-27-thread-1] INFO  server.RaftServerConfigKeys (ConfUtils.java:logGet(43)) - raft.server.rpc.timeout.min = 5s (custom)
2019-09-26 15:13:28,277 [pool-27-thread-1] INFO  server.RaftServerConfigKeys (ConfUtils.java:logGet(43)) - raft.server.rpc.timeout.max = 5200ms (custom)
2019-09-26 15:13:28,277 [pool-27-thread-1] INFO  server.RaftServerConfigKeys (ConfUtils.java:logGet(43)) - raft.server.rpcslowness.timeout = 120s (custom)
2019-09-26 15:13:28,277 [pool-27-thread-1] INFO  server.RaftServerConfigKeys (ConfUtils.java:logGet(43)) - raft.server.sleep.deviation.threshold = 300 (default)
2019-09-26 15:13:28,277 [pool-27-thread-1] INFO  server.RaftServerConfigKeys (ConfUtils.java:logGet(43)) - raft.server.log.appender.install.snapshot.enabled = false (custom)
2019-09-26 15:13:28,278 [pool-27-thread-1] INFO  impl.RaftServerImpl (ServerState.java:<init>(103)) - b3e939fd-eb36-468b-9efe-5d0a1fdaa172@group-337EFED2784C: ConfigurationManager, init=-1: [b3e939fd-eb36-468b-9efe-5d0a1fdaa172:192.168.151.99:45433], old=null, confs=<EMPTY_MAP>
2019-09-26 15:13:28,278 [pool-27-thread-1] INFO  server.RaftServerConfigKeys (ConfUtils.java:logGet(43)) - raft.server.storage.dir = [/workdir/hadoop-ozone/integration-test/target/test-dir/MiniOzoneClusterImpl-7e2f4b2f-6763-4a45-9ec4-264c2cef7c61/datanode-0/data/ratis] (custom)
2019-09-26 15:13:28,279 [pool-27-thread-1] INFO  storage.RaftStorageDirectory (RaftStorageDirectory.java:analyzeStorage(246)) - The storage directory /workdir/hadoop-ozone/integration-test/target/test-dir/MiniOzoneClusterImpl-7e2f4b2f-6763-4a45-9ec4-264c2cef7c61/datanode-0/data/ratis/b01854e9-35da-40ce-b6fc-337efed2784c does not exist. Creating ...
2019-09-26 15:13:28,283 [pool-27-thread-1] INFO  storage.RaftStorageDirectory (RaftStorageDirectory.java:tryLock(328)) - Lock on /workdir/hadoop-ozone/integration-test/target/test-dir/MiniOzoneClusterImpl-7e2f4b2f-6763-4a45-9ec4-264c2cef7c61/datanode-0/data/ratis/b01854e9-35da-40ce-b6fc-337efed2784c/in_use.lock acquired by nodename 11803@pr-hdds-1569-g6sp5-2013761785
2019-09-26 15:13:28,286 [pool-27-thread-1] INFO  storage.RaftStorage (RaftStorage.java:format(72)) - Storage directory /workdir/hadoop-ozone/integration-test/target/test-dir/MiniOzoneClusterImpl-7e2f4b2f-6763-4a45-9ec4-264c2cef7c61/datanode-0/data/ratis/b01854e9-35da-40ce-b6fc-337efed2784c has been successfully formatted.
2019-09-26 15:13:28,286 [pool-27-thread-1] INFO  ratis.ContainerStateMachine (ContainerStateMachine.java:loadSnapshot(230)) - group-337EFED2784C: The snapshot info is null. Setting the last applied indexto:(t:0, i:~)
2019-09-26 15:13:28,286 [pool-27-thread-1] INFO  server.RaftServerConfigKeys (ConfUtils.java:logGet(43)) - raft.server.notification.no-leader.timeout = 120s (custom)
2019-09-26 15:13:28,286 [pool-27-thread-1] INFO  server.RaftServerConfigKeys (ConfUtils.java:logGet(43)) - raft.server.log.use.memory = false (default)
2019-09-26 15:13:28,287 [pool-27-thread-1] INFO  server.RaftServerConfigKeys (ConfUtils.java:logGet(43)) - raft.server.log.purge.gap = 1000000 (custom)
2019-09-26 15:13:28,287 [pool-27-thread-1] INFO  server.RaftServerConfigKeys (ConfUtils.java:logGet(43)) - raft.server.log.appender.buffer.byte-limit = 33554432 (custom)
2019-09-26 15:13:28,287 [pool-27-thread-1] INFO  server.RaftServerConfigKeys (ConfUtils.java:logGet(43)) - raft.server.log.segment.size.max = 1048576 (custom)
2019-09-26 15:13:28,287 [pool-27-thread-1] INFO  server.RaftServerConfigKeys (ConfUtils.java:logGet(43)) - raft.server.log.segment.cache.num.max = 2 (custom)
2019-09-26 15:13:28,287 [pool-27-thread-1] INFO  segmented.SegmentedRaftLogWorker (SegmentedRaftLogWorker.java:<init>(172)) - new b3e939fd-eb36-468b-9efe-5d0a1fdaa172@group-337EFED2784C-SegmentedRaftLogWorker for RaftStorage:Storage Directory /workdir/hadoop-ozone/integration-test/target/test-dir/MiniOzoneClusterImpl-7e2f4b2f-6763-4a45-9ec4-264c2cef7c61/datanode-0/data/ratis/b01854e9-35da-40ce-b6fc-337efed2784c
2019-09-26 15:13:28,287 [pool-27-thread-1] INFO  server.RaftServerConfigKeys (ConfUtils.java:logGet(43)) - raft.server.log.queue.byte-limit = 2147483647 (custom)
2019-09-26 15:13:28,287 [pool-27-thread-1] INFO  server.RaftServerConfigKeys (ConfUtils.java:logGet(43)) - raft.server.log.queue.element-limit = 1024 (custom)
2019-09-26 15:13:28,287 [pool-27-thread-1] INFO  server.RaftServerConfigKeys (ConfUtils.java:logGet(43)) - raft.server.log.segment.size.max = 1048576 (custom)
2019-09-26 15:13:28,287 [pool-27-thread-1] INFO  server.RaftServerConfigKeys (ConfUtils.java:logGet(43)) - raft.server.log.preallocated.size = 16384 (custom)
2019-09-26 15:13:28,287 [pool-27-thread-1] INFO  server.RaftServerConfigKeys (ConfUtils.java:logGet(43)) - raft.server.log.write.buffer.size = 33554432 (custom)
2019-09-26 15:13:28,288 [pool-27-thread-1] INFO  server.RaftServerConfigKeys (ConfUtils.java:logGet(43)) - raft.server.log.force.sync.num = 128 (default)
2019-09-26 15:13:28,288 [pool-27-thread-1] INFO  server.RaftServerConfigKeys (ConfUtils.java:logGet(43)) - raft.server.log.statemachine.data.sync = true (default)
2019-09-26 15:13:28,288 [pool-27-thread-1] INFO  server.RaftServerConfigKeys (ConfUtils.java:logGet(43)) - raft.server.log.statemachine.data.sync.timeout = 10s (default)
2019-09-26 15:13:28,288 [pool-27-thread-1] INFO  server.RaftServerConfigKeys (ConfUtils.java:logGet(43)) - raft.server.log.statemachine.data.sync.timeout.retry = -1 (default)
2019-09-26 15:13:28,288 [pool-27-thread-1] INFO  server.RaftServerConfigKeys (ConfUtils.java:logGet(43)) - raft.server.log.statemachine.data.caching.enabled = true (custom)
2019-09-26 15:13:28,288 [pool-27-thread-1] INFO  segmented.SegmentedRaftLogWorker (SegmentedRaftLogWorker.java:lambda$new$0(132)) - b3e939fd-eb36-468b-9efe-5d0a1fdaa172@group-337EFED2784C-SegmentedRaftLogWorker: flushIndex: setUnconditionally 0 -> -1
2019-09-26 15:13:28,288 [pool-27-thread-1] INFO  server.RaftServerConfigKeys (ConfUtils.java:logGet(43)) - raft.server.snapshot.auto.trigger.enabled = true (custom)
2019-09-26 15:13:28,288 [pool-27-thread-1] INFO  server.RaftServerConfigKeys (ConfUtils.java:logGet(43)) - raft.server.snapshot.auto.trigger.threshold = 10000 (custom)
2019-09-26 15:13:28,289 [pool-27-thread-1] INFO  server.RaftServerConfigKeys (ConfUtils.java:logGet(43)) - raft.server.snapshot.retention.num.files = 5 (custom)
2019-09-26 15:13:28,289 [pool-27-thread-1] INFO  server.RaftServerConfigKeys (ConfUtils.java:logGet(43)) - raft.server.retrycache.expirytime = 600000ms (custom)
2019-09-26 15:13:28,290 [pool-27-thread-1] INFO  impl.RaftServerImpl (RaftServerImpl.java:start(185)) - b3e939fd-eb36-468b-9efe-5d0a1fdaa172@group-337EFED2784C: start as a follower, conf=-1: [b3e939fd-eb36-468b-9efe-5d0a1fdaa172:192.168.151.99:45433], old=null
2019-09-26 15:13:28,290 [pool-27-thread-1] INFO  impl.RaftServerImpl (RaftServerImpl.java:setRole(174)) - b3e939fd-eb36-468b-9efe-5d0a1fdaa172@group-337EFED2784C: changes role from      null to FOLLOWER at term 0 for startAsFollower
2019-09-26 15:13:28,290 [pool-27-thread-1] INFO  impl.RoleInfo (RoleInfo.java:updateAndGet(143)) - b3e939fd-eb36-468b-9efe-5d0a1fdaa172: start FollowerState
2019-09-26 15:13:28,290 [pool-27-thread-1] INFO  util.JmxRegister (JmxRegister.java:tryRegister(44)) - Successfully registered JMX Bean with object name Ratis:service=RaftServer,group=group-337EFED2784C,id=b3e939fd-eb36-468b-9efe-5d0a1fdaa172
2019-09-26 15:13:28,292 [RatisPipelineUtilsThread] INFO  pipeline.PipelineStateManager (PipelineStateManager.java:addPipeline(56)) - Created pipeline Pipeline[ Id: b01854e9-35da-40ce-b6fc-337efed2784c, Nodes: b3e939fd-eb36-468b-9efe-5d0a1fdaa172{ip: 192.168.151.99, host: pr-hdds-1569-g6sp5-2013761785, networkLocation: /default-rack, certSerialId: null}, Type:RATIS, Factor:ONE, State:OPEN]
2019-09-26 15:13:28,295 [grpc-default-executor-0] INFO  impl.RaftServerProxy (RaftServerProxy.java:addNew(89)) - b3e939fd-eb36-468b-9efe-5d0a1fdaa172: addNew group-91D52F7A6523:[b3e939fd-eb36-468b-9efe-5d0a1fdaa172:192.168.151.99:45433] returns group-91D52F7A6523:java.util.concurrent.CompletableFuture@5ca5e094[Not completed]
2019-09-26 15:13:28,296 [pool-27-thread-1] INFO  impl.RaftServerImpl (RaftServerImpl.java:<init>(95)) - b3e939fd-eb36-468b-9efe-5d0a1fdaa172: new RaftServerImpl for group-91D52F7A6523:[b3e939fd-eb36-468b-9efe-5d0a1fdaa172:192.168.151.99:45433] with ContainerStateMachine:uninitialized
2019-09-26 15:13:28,296 [pool-27-thread-1] INFO  server.RaftServerConfigKeys (ConfUtils.java:logGet(43)) - raft.server.rpc.timeout.min = 5s (custom)
2019-09-26 15:13:28,296 [pool-27-thread-1] INFO  server.RaftServerConfigKeys (ConfUtils.java:logGet(43)) - raft.server.rpc.timeout.max = 5200ms (custom)
2019-09-26 15:13:28,296 [pool-27-thread-1] INFO  server.RaftServerConfigKeys (ConfUtils.java:logGet(43)) - raft.server.rpcslowness.timeout = 120s (custom)
2019-09-26 15:13:28,296 [pool-27-thread-1] INFO  server.RaftServerConfigKeys (ConfUtils.java:logGet(43)) - raft.server.sleep.deviation.threshold = 300 (default)
2019-09-26 15:13:28,296 [pool-27-thread-1] INFO  server.RaftServerConfigKeys (ConfUtils.java:logGet(43)) - raft.server.log.appender.install.snapshot.enabled = false (custom)
2019-09-26 15:13:28,296 [pool-27-thread-1] INFO  impl.RaftServerImpl (ServerState.java:<init>(103)) - b3e939fd-eb36-468b-9efe-5d0a1fdaa172@group-91D52F7A6523: ConfigurationManager, init=-1: [b3e939fd-eb36-468b-9efe-5d0a1fdaa172:192.168.151.99:45433], old=null, confs=<EMPTY_MAP>
2019-09-26 15:13:28,296 [pool-27-thread-1] INFO  server.RaftServerConfigKeys (ConfUtils.java:logGet(43)) - raft.server.storage.dir = [/workdir/hadoop-ozone/integration-test/target/test-dir/MiniOzoneClusterImpl-7e2f4b2f-6763-4a45-9ec4-264c2cef7c61/datanode-0/data/ratis] (custom)
2019-09-26 15:13:28,297 [pool-27-thread-1] INFO  storage.RaftStorageDirectory (RaftStorageDirectory.java:analyzeStorage(246)) - The storage directory /workdir/hadoop-ozone/integration-test/target/test-dir/MiniOzoneClusterImpl-7e2f4b2f-6763-4a45-9ec4-264c2cef7c61/datanode-0/data/ratis/a7fbf1f2-ed59-4eef-ab04-91d52f7a6523 does not exist. Creating ...
2019-09-26 15:13:28,308 [pool-27-thread-1] INFO  storage.RaftStorageDirectory (RaftStorageDirectory.java:tryLock(328)) - Lock on /workdir/hadoop-ozone/integration-test/target/test-dir/MiniOzoneClusterImpl-7e2f4b2f-6763-4a45-9ec4-264c2cef7c61/datanode-0/data/ratis/a7fbf1f2-ed59-4eef-ab04-91d52f7a6523/in_use.lock acquired by nodename 11803@pr-hdds-1569-g6sp5-2013761785
2019-09-26 15:13:28,320 [pool-27-thread-1] INFO  storage.RaftStorage (RaftStorage.java:format(72)) - Storage directory /workdir/hadoop-ozone/integration-test/target/test-dir/MiniOzoneClusterImpl-7e2f4b2f-6763-4a45-9ec4-264c2cef7c61/datanode-0/data/ratis/a7fbf1f2-ed59-4eef-ab04-91d52f7a6523 has been successfully formatted.
2019-09-26 15:13:28,320 [pool-27-thread-1] INFO  ratis.ContainerStateMachine (ContainerStateMachine.java:loadSnapshot(230)) - group-91D52F7A6523: The snapshot info is null. Setting the last applied indexto:(t:0, i:~)
2019-09-26 15:13:28,321 [pool-27-thread-1] INFO  server.RaftServerConfigKeys (ConfUtils.java:logGet(43)) - raft.server.notification.no-leader.timeout = 120s (custom)
2019-09-26 15:13:28,321 [pool-27-thread-1] INFO  server.RaftServerConfigKeys (ConfUtils.java:logGet(43)) - raft.server.log.use.memory = false (default)
2019-09-26 15:13:28,321 [pool-27-thread-1] INFO  server.RaftServerConfigKeys (ConfUtils.java:logGet(43)) - raft.server.log.purge.gap = 1000000 (custom)
2019-09-26 15:13:28,321 [pool-27-thread-1] INFO  server.RaftServerConfigKeys (ConfUtils.java:logGet(43)) - raft.server.log.appender.buffer.byte-limit = 33554432 (custom)
2019-09-26 15:13:28,321 [pool-27-thread-1] INFO  server.RaftServerConfigKeys (ConfUtils.java:logGet(43)) - raft.server.log.segment.size.max = 1048576 (custom)
2019-09-26 15:13:28,321 [pool-27-thread-1] INFO  server.RaftServerConfigKeys (ConfUtils.java:logGet(43)) - raft.server.log.segment.cache.num.max = 2 (custom)
2019-09-26 15:13:28,321 [pool-27-thread-1] INFO  segmented.SegmentedRaftLogWorker (SegmentedRaftLogWorker.java:<init>(172)) - new b3e939fd-eb36-468b-9efe-5d0a1fdaa172@group-91D52F7A6523-SegmentedRaftLogWorker for RaftStorage:Storage Directory /workdir/hadoop-ozone/integration-test/target/test-dir/MiniOzoneClusterImpl-7e2f4b2f-6763-4a45-9ec4-264c2cef7c61/datanode-0/data/ratis/a7fbf1f2-ed59-4eef-ab04-91d52f7a6523
2019-09-26 15:13:28,321 [pool-27-thread-1] INFO  server.RaftServerConfigKeys (ConfUtils.java:logGet(43)) - raft.server.log.queue.byte-limit = 2147483647 (custom)
2019-09-26 15:13:28,321 [pool-27-thread-1] INFO  server.RaftServerConfigKeys (ConfUtils.java:logGet(43)) - raft.server.log.queue.element-limit = 1024 (custom)
2019-09-26 15:13:28,321 [pool-27-thread-1] INFO  server.RaftServerConfigKeys (ConfUtils.java:logGet(43)) - raft.server.log.segment.size.max = 1048576 (custom)
2019-09-26 15:13:28,322 [pool-27-thread-1] INFO  server.RaftServerConfigKeys (ConfUtils.java:logGet(43)) - raft.server.log.preallocated.size = 16384 (custom)
2019-09-26 15:13:28,322 [pool-27-thread-1] INFO  server.RaftServerConfigKeys (ConfUtils.java:logGet(43)) - raft.server.log.write.buffer.size = 33554432 (custom)
2019-09-26 15:13:28,322 [pool-27-thread-1] INFO  server.RaftServerConfigKeys (ConfUtils.java:logGet(43)) - raft.server.log.force.sync.num = 128 (default)
2019-09-26 15:13:28,322 [pool-27-thread-1] INFO  server.RaftServerConfigKeys (ConfUtils.java:logGet(43)) - raft.server.log.statemachine.data.sync = true (default)
2019-09-26 15:13:28,322 [pool-27-thread-1] INFO  server.RaftServerConfigKeys (ConfUtils.java:logGet(43)) - raft.server.log.statemachine.data.sync.timeout = 10s (default)
2019-09-26 15:13:28,322 [pool-27-thread-1] INFO  server.RaftServerConfigKeys (ConfUtils.java:logGet(43)) - raft.server.log.statemachine.data.sync.timeout.retry = -1 (default)
2019-09-26 15:13:28,322 [pool-27-thread-1] INFO  server.RaftServerConfigKeys (ConfUtils.java:logGet(43)) - raft.server.log.statemachine.data.caching.enabled = true (custom)
2019-09-26 15:13:28,322 [pool-27-thread-1] INFO  segmented.SegmentedRaftLogWorker (SegmentedRaftLogWorker.java:lambda$new$0(132)) - b3e939fd-eb36-468b-9efe-5d0a1fdaa172@group-91D52F7A6523-SegmentedRaftLogWorker: flushIndex: setUnconditionally 0 -> -1
2019-09-26 15:13:28,323 [pool-27-thread-1] INFO  server.RaftServerConfigKeys (ConfUtils.java:logGet(43)) - raft.server.snapshot.auto.trigger.enabled = true (custom)
2019-09-26 15:13:28,323 [pool-27-thread-1] INFO  server.RaftServerConfigKeys (ConfUtils.java:logGet(43)) - raft.server.snapshot.auto.trigger.threshold = 10000 (custom)
2019-09-26 15:13:28,323 [pool-27-thread-1] INFO  server.RaftServerConfigKeys (ConfUtils.java:logGet(43)) - raft.server.snapshot.retention.num.files = 5 (custom)
2019-09-26 15:13:28,323 [pool-27-thread-1] INFO  server.RaftServerConfigKeys (ConfUtils.java:logGet(43)) - raft.server.retrycache.expirytime = 600000ms (custom)
2019-09-26 15:13:28,324 [pool-27-thread-1] INFO  impl.RaftServerImpl (RaftServerImpl.java:start(185)) - b3e939fd-eb36-468b-9efe-5d0a1fdaa172@group-91D52F7A6523: start as a follower, conf=-1: [b3e939fd-eb36-468b-9efe-5d0a1fdaa172:192.168.151.99:45433], old=null
2019-09-26 15:13:28,324 [pool-27-thread-1] INFO  impl.RaftServerImpl (RaftServerImpl.java:setRole(174)) - b3e939fd-eb36-468b-9efe-5d0a1fdaa172@group-91D52F7A6523: changes role from      null to FOLLOWER at term 0 for startAsFollower
2019-09-26 15:13:28,324 [pool-27-thread-1] INFO  impl.RoleInfo (RoleInfo.java:updateAndGet(143)) - b3e939fd-eb36-468b-9efe-5d0a1fdaa172: start FollowerState
2019-09-26 15:13:28,325 [pool-27-thread-1] INFO  util.JmxRegister (JmxRegister.java:tryRegister(44)) - Successfully registered JMX Bean with object name Ratis:service=RaftServer,group=group-91D52F7A6523,id=b3e939fd-eb36-468b-9efe-5d0a1fdaa172
2019-09-26 15:13:28,326 [RatisPipelineUtilsThread] INFO  pipeline.PipelineStateManager (PipelineStateManager.java:addPipeline(56)) - Created pipeline Pipeline[ Id: a7fbf1f2-ed59-4eef-ab04-91d52f7a6523, Nodes: b3e939fd-eb36-468b-9efe-5d0a1fdaa172{ip: 192.168.151.99, host: pr-hdds-1569-g6sp5-2013761785, networkLocation: /default-rack, certSerialId: null}, Type:RATIS, Factor:ONE, State:OPEN]
2019-09-26 15:13:28,329 [grpc-default-executor-0] INFO  impl.RaftServerProxy (RaftServerProxy.java:addNew(89)) - b3e939fd-eb36-468b-9efe-5d0a1fdaa172: addNew group-9E432427BF8B:[b3e939fd-eb36-468b-9efe-5d0a1fdaa172:192.168.151.99:45433] returns group-9E432427BF8B:java.util.concurrent.CompletableFuture@676c316c[Not completed]
2019-09-26 15:13:28,330 [pool-27-thread-1] INFO  impl.RaftServerImpl (RaftServerImpl.java:<init>(95)) - b3e939fd-eb36-468b-9efe-5d0a1fdaa172: new RaftServerImpl for group-9E432427BF8B:[b3e939fd-eb36-468b-9efe-5d0a1fdaa172:192.168.151.99:45433] with ContainerStateMachine:uninitialized
2019-09-26 15:13:28,330 [pool-27-thread-1] INFO  server.RaftServerConfigKeys (ConfUtils.java:logGet(43)) - raft.server.rpc.timeout.min = 5s (custom)
2019-09-26 15:13:28,330 [pool-27-thread-1] INFO  server.RaftServerConfigKeys (ConfUtils.java:logGet(43)) - raft.server.rpc.timeout.max = 5200ms (custom)
2019-09-26 15:13:28,330 [pool-27-thread-1] INFO  server.RaftServerConfigKeys (ConfUtils.java:logGet(43)) - raft.server.rpcslowness.timeout = 120s (custom)
2019-09-26 15:13:28,330 [pool-27-thread-1] INFO  server.RaftServerConfigKeys (ConfUtils.java:logGet(43)) - raft.server.sleep.deviation.threshold = 300 (default)
2019-09-26 15:13:28,330 [pool-27-thread-1] INFO  server.RaftServerConfigKeys (ConfUtils.java:logGet(43)) - raft.server.log.appender.install.snapshot.enabled = false (custom)
2019-09-26 15:13:28,330 [pool-27-thread-1] INFO  impl.RaftServerImpl (ServerState.java:<init>(103)) - b3e939fd-eb36-468b-9efe-5d0a1fdaa172@group-9E432427BF8B: ConfigurationManager, init=-1: [b3e939fd-eb36-468b-9efe-5d0a1fdaa172:192.168.151.99:45433], old=null, confs=<EMPTY_MAP>
2019-09-26 15:13:28,331 [pool-27-thread-1] INFO  server.RaftServerConfigKeys (ConfUtils.java:logGet(43)) - raft.server.storage.dir = [/workdir/hadoop-ozone/integration-test/target/test-dir/MiniOzoneClusterImpl-7e2f4b2f-6763-4a45-9ec4-264c2cef7c61/datanode-0/data/ratis] (custom)
2019-09-26 15:13:28,331 [pool-27-thread-1] INFO  storage.RaftStorageDirectory (RaftStorageDirectory.java:analyzeStorage(246)) - The storage directory /workdir/hadoop-ozone/integration-test/target/test-dir/MiniOzoneClusterImpl-7e2f4b2f-6763-4a45-9ec4-264c2cef7c61/datanode-0/data/ratis/38bcec3f-250a-4dd9-b843-9e432427bf8b does not exist. Creating ...
2019-09-26 15:13:28,357 [pool-27-thread-1] INFO  storage.RaftStorageDirectory (RaftStorageDirectory.java:tryLock(328)) - Lock on /workdir/hadoop-ozone/integration-test/target/test-dir/MiniOzoneClusterImpl-7e2f4b2f-6763-4a45-9ec4-264c2cef7c61/datanode-0/data/ratis/38bcec3f-250a-4dd9-b843-9e432427bf8b/in_use.lock acquired by nodename 11803@pr-hdds-1569-g6sp5-2013761785
2019-09-26 15:13:28,369 [pool-27-thread-1] INFO  storage.RaftStorage (RaftStorage.java:format(72)) - Storage directory /workdir/hadoop-ozone/integration-test/target/test-dir/MiniOzoneClusterImpl-7e2f4b2f-6763-4a45-9ec4-264c2cef7c61/datanode-0/data/ratis/38bcec3f-250a-4dd9-b843-9e432427bf8b has been successfully formatted.
2019-09-26 15:13:28,369 [pool-27-thread-1] INFO  ratis.ContainerStateMachine (ContainerStateMachine.java:loadSnapshot(230)) - group-9E432427BF8B: The snapshot info is null. Setting the last applied indexto:(t:0, i:~)
2019-09-26 15:13:28,370 [pool-27-thread-1] INFO  server.RaftServerConfigKeys (ConfUtils.java:logGet(43)) - raft.server.notification.no-leader.timeout = 120s (custom)
2019-09-26 15:13:28,370 [pool-27-thread-1] INFO  server.RaftServerConfigKeys (ConfUtils.java:logGet(43)) - raft.server.log.use.memory = false (default)
2019-09-26 15:13:28,370 [pool-27-thread-1] INFO  server.RaftServerConfigKeys (ConfUtils.java:logGet(43)) - raft.server.log.purge.gap = 1000000 (custom)
2019-09-26 15:13:28,370 [pool-27-thread-1] INFO  server.RaftServerConfigKeys (ConfUtils.java:logGet(43)) - raft.server.log.appender.buffer.byte-limit = 33554432 (custom)
2019-09-26 15:13:28,370 [pool-27-thread-1] INFO  server.RaftServerConfigKeys (ConfUtils.java:logGet(43)) - raft.server.log.segment.size.max = 1048576 (custom)
2019-09-26 15:13:28,370 [pool-27-thread-1] INFO  server.RaftServerConfigKeys (ConfUtils.java:logGet(43)) - raft.server.log.segment.cache.num.max = 2 (custom)
2019-09-26 15:13:28,370 [pool-27-thread-1] INFO  segmented.SegmentedRaftLogWorker (SegmentedRaftLogWorker.java:<init>(172)) - new b3e939fd-eb36-468b-9efe-5d0a1fdaa172@group-9E432427BF8B-SegmentedRaftLogWorker for RaftStorage:Storage Directory /workdir/hadoop-ozone/integration-test/target/test-dir/MiniOzoneClusterImpl-7e2f4b2f-6763-4a45-9ec4-264c2cef7c61/datanode-0/data/ratis/38bcec3f-250a-4dd9-b843-9e432427bf8b
2019-09-26 15:13:28,370 [pool-27-thread-1] INFO  server.RaftServerConfigKeys (ConfUtils.java:logGet(43)) - raft.server.log.queue.byte-limit = 2147483647 (custom)
2019-09-26 15:13:28,370 [pool-27-thread-1] INFO  server.RaftServerConfigKeys (ConfUtils.java:logGet(43)) - raft.server.log.queue.element-limit = 1024 (custom)
2019-09-26 15:13:28,371 [pool-27-thread-1] INFO  server.RaftServerConfigKeys (ConfUtils.java:logGet(43)) - raft.server.log.segment.size.max = 1048576 (custom)
2019-09-26 15:13:28,371 [pool-27-thread-1] INFO  server.RaftServerConfigKeys (ConfUtils.java:logGet(43)) - raft.server.log.preallocated.size = 16384 (custom)
2019-09-26 15:13:28,371 [pool-27-thread-1] INFO  server.RaftServerConfigKeys (ConfUtils.java:logGet(43)) - raft.server.log.write.buffer.size = 33554432 (custom)
2019-09-26 15:13:28,371 [pool-27-thread-1] INFO  server.RaftServerConfigKeys (ConfUtils.java:logGet(43)) - raft.server.log.force.sync.num = 128 (default)
2019-09-26 15:13:28,371 [pool-27-thread-1] INFO  server.RaftServerConfigKeys (ConfUtils.java:logGet(43)) - raft.server.log.statemachine.data.sync = true (default)
2019-09-26 15:13:28,371 [pool-27-thread-1] INFO  server.RaftServerConfigKeys (ConfUtils.java:logGet(43)) - raft.server.log.statemachine.data.sync.timeout = 10s (default)
2019-09-26 15:13:28,371 [pool-27-thread-1] INFO  server.RaftServerConfigKeys (ConfUtils.java:logGet(43)) - raft.server.log.statemachine.data.sync.timeout.retry = -1 (default)
2019-09-26 15:13:28,371 [pool-27-thread-1] INFO  server.RaftServerConfigKeys (ConfUtils.java:logGet(43)) - raft.server.log.statemachine.data.caching.enabled = true (custom)
2019-09-26 15:13:28,372 [pool-27-thread-1] INFO  segmented.SegmentedRaftLogWorker (SegmentedRaftLogWorker.java:lambda$new$0(132)) - b3e939fd-eb36-468b-9efe-5d0a1fdaa172@group-9E432427BF8B-SegmentedRaftLogWorker: flushIndex: setUnconditionally 0 -> -1
2019-09-26 15:13:28,372 [pool-27-thread-1] INFO  server.RaftServerConfigKeys (ConfUtils.java:logGet(43)) - raft.server.snapshot.auto.trigger.enabled = true (custom)
2019-09-26 15:13:28,372 [pool-27-thread-1] INFO  server.RaftServerConfigKeys (ConfUtils.java:logGet(43)) - raft.server.snapshot.auto.trigger.threshold = 10000 (custom)
2019-09-26 15:13:28,372 [pool-27-thread-1] INFO  server.RaftServerConfigKeys (ConfUtils.java:logGet(43)) - raft.server.snapshot.retention.num.files = 5 (custom)
2019-09-26 15:13:28,372 [pool-27-thread-1] INFO  server.RaftServerConfigKeys (ConfUtils.java:logGet(43)) - raft.server.retrycache.expirytime = 600000ms (custom)
2019-09-26 15:13:28,374 [pool-27-thread-1] INFO  impl.RaftServerImpl (RaftServerImpl.java:start(185)) - b3e939fd-eb36-468b-9efe-5d0a1fdaa172@group-9E432427BF8B: start as a follower, conf=-1: [b3e939fd-eb36-468b-9efe-5d0a1fdaa172:192.168.151.99:45433], old=null
2019-09-26 15:13:28,374 [pool-27-thread-1] INFO  impl.RaftServerImpl (RaftServerImpl.java:setRole(174)) - b3e939fd-eb36-468b-9efe-5d0a1fdaa172@group-9E432427BF8B: changes role from      null to FOLLOWER at term 0 for startAsFollower
2019-09-26 15:13:28,374 [pool-27-thread-1] INFO  impl.RoleInfo (RoleInfo.java:updateAndGet(143)) - b3e939fd-eb36-468b-9efe-5d0a1fdaa172: start FollowerState
2019-09-26 15:13:28,374 [pool-27-thread-1] INFO  util.JmxRegister (JmxRegister.java:tryRegister(44)) - Successfully registered JMX Bean with object name Ratis:service=RaftServer,group=group-9E432427BF8B,id=b3e939fd-eb36-468b-9efe-5d0a1fdaa172
2019-09-26 15:13:28,376 [RatisPipelineUtilsThread] INFO  pipeline.PipelineStateManager (PipelineStateManager.java:addPipeline(56)) - Created pipeline Pipeline[ Id: 38bcec3f-250a-4dd9-b843-9e432427bf8b, Nodes: b3e939fd-eb36-468b-9efe-5d0a1fdaa172{ip: 192.168.151.99, host: pr-hdds-1569-g6sp5-2013761785, networkLocation: /default-rack, certSerialId: null}, Type:RATIS, Factor:ONE, State:OPEN]
2019-09-26 15:13:28,379 [grpc-default-executor-0] INFO  impl.RaftServerProxy (RaftServerProxy.java:addNew(89)) - b3e939fd-eb36-468b-9efe-5d0a1fdaa172: addNew group-47726A36F552:[b3e939fd-eb36-468b-9efe-5d0a1fdaa172:192.168.151.99:45433] returns group-47726A36F552:java.util.concurrent.CompletableFuture@5fdbbc35[Not completed]
2019-09-26 15:13:28,380 [pool-27-thread-1] INFO  impl.RaftServerImpl (RaftServerImpl.java:<init>(95)) - b3e939fd-eb36-468b-9efe-5d0a1fdaa172: new RaftServerImpl for group-47726A36F552:[b3e939fd-eb36-468b-9efe-5d0a1fdaa172:192.168.151.99:45433] with ContainerStateMachine:uninitialized
2019-09-26 15:13:28,380 [pool-27-thread-1] INFO  server.RaftServerConfigKeys (ConfUtils.java:logGet(43)) - raft.server.rpc.timeout.min = 5s (custom)
2019-09-26 15:13:28,380 [pool-27-thread-1] INFO  server.RaftServerConfigKeys (ConfUtils.java:logGet(43)) - raft.server.rpc.timeout.max = 5200ms (custom)
2019-09-26 15:13:28,380 [pool-27-thread-1] INFO  server.RaftServerConfigKeys (ConfUtils.java:logGet(43)) - raft.server.rpcslowness.timeout = 120s (custom)
2019-09-26 15:13:28,380 [pool-27-thread-1] INFO  server.RaftServerConfigKeys (ConfUtils.java:logGet(43)) - raft.server.sleep.deviation.threshold = 300 (default)
2019-09-26 15:13:28,380 [pool-27-thread-1] INFO  server.RaftServerConfigKeys (ConfUtils.java:logGet(43)) - raft.server.log.appender.install.snapshot.enabled = false (custom)
2019-09-26 15:13:28,380 [pool-27-thread-1] INFO  impl.RaftServerImpl (ServerState.java:<init>(103)) - b3e939fd-eb36-468b-9efe-5d0a1fdaa172@group-47726A36F552: ConfigurationManager, init=-1: [b3e939fd-eb36-468b-9efe-5d0a1fdaa172:192.168.151.99:45433], old=null, confs=<EMPTY_MAP>
2019-09-26 15:13:28,380 [pool-27-thread-1] INFO  server.RaftServerConfigKeys (ConfUtils.java:logGet(43)) - raft.server.storage.dir = [/workdir/hadoop-ozone/integration-test/target/test-dir/MiniOzoneClusterImpl-7e2f4b2f-6763-4a45-9ec4-264c2cef7c61/datanode-0/data/ratis] (custom)
2019-09-26 15:13:28,381 [pool-27-thread-1] INFO  storage.RaftStorageDirectory (RaftStorageDirectory.java:analyzeStorage(246)) - The storage directory /workdir/hadoop-ozone/integration-test/target/test-dir/MiniOzoneClusterImpl-7e2f4b2f-6763-4a45-9ec4-264c2cef7c61/datanode-0/data/ratis/64eab240-be09-417f-812f-47726a36f552 does not exist. Creating ...
2019-09-26 15:13:28,394 [pool-27-thread-1] INFO  storage.RaftStorageDirectory (RaftStorageDirectory.java:tryLock(328)) - Lock on /workdir/hadoop-ozone/integration-test/target/test-dir/MiniOzoneClusterImpl-7e2f4b2f-6763-4a45-9ec4-264c2cef7c61/datanode-0/data/ratis/64eab240-be09-417f-812f-47726a36f552/in_use.lock acquired by nodename 11803@pr-hdds-1569-g6sp5-2013761785
2019-09-26 15:13:28,407 [pool-27-thread-1] INFO  storage.RaftStorage (RaftStorage.java:format(72)) - Storage directory /workdir/hadoop-ozone/integration-test/target/test-dir/MiniOzoneClusterImpl-7e2f4b2f-6763-4a45-9ec4-264c2cef7c61/datanode-0/data/ratis/64eab240-be09-417f-812f-47726a36f552 has been successfully formatted.
2019-09-26 15:13:28,407 [pool-27-thread-1] INFO  ratis.ContainerStateMachine (ContainerStateMachine.java:loadSnapshot(230)) - group-47726A36F552: The snapshot info is null. Setting the last applied indexto:(t:0, i:~)
2019-09-26 15:13:28,408 [pool-27-thread-1] INFO  server.RaftServerConfigKeys (ConfUtils.java:logGet(43)) - raft.server.notification.no-leader.timeout = 120s (custom)
2019-09-26 15:13:28,408 [pool-27-thread-1] INFO  server.RaftServerConfigKeys (ConfUtils.java:logGet(43)) - raft.server.log.use.memory = false (default)
2019-09-26 15:13:28,408 [pool-27-thread-1] INFO  server.RaftServerConfigKeys (ConfUtils.java:logGet(43)) - raft.server.log.purge.gap = 1000000 (custom)
2019-09-26 15:13:28,408 [pool-27-thread-1] INFO  server.RaftServerConfigKeys (ConfUtils.java:logGet(43)) - raft.server.log.appender.buffer.byte-limit = 33554432 (custom)
2019-09-26 15:13:28,408 [pool-27-thread-1] INFO  server.RaftServerConfigKeys (ConfUtils.java:logGet(43)) - raft.server.log.segment.size.max = 1048576 (custom)
2019-09-26 15:13:28,408 [pool-27-thread-1] INFO  server.RaftServerConfigKeys (ConfUtils.java:logGet(43)) - raft.server.log.segment.cache.num.max = 2 (custom)
2019-09-26 15:13:28,408 [pool-27-thread-1] INFO  segmented.SegmentedRaftLogWorker (SegmentedRaftLogWorker.java:<init>(172)) - new b3e939fd-eb36-468b-9efe-5d0a1fdaa172@group-47726A36F552-SegmentedRaftLogWorker for RaftStorage:Storage Directory /workdir/hadoop-ozone/integration-test/target/test-dir/MiniOzoneClusterImpl-7e2f4b2f-6763-4a45-9ec4-264c2cef7c61/datanode-0/data/ratis/64eab240-be09-417f-812f-47726a36f552
2019-09-26 15:13:28,408 [pool-27-thread-1] INFO  server.RaftServerConfigKeys (ConfUtils.java:logGet(43)) - raft.server.log.queue.byte-limit = 2147483647 (custom)
2019-09-26 15:13:28,408 [pool-27-thread-1] INFO  server.RaftServerConfigKeys (ConfUtils.java:logGet(43)) - raft.server.log.queue.element-limit = 1024 (custom)
2019-09-26 15:13:28,409 [pool-27-thread-1] INFO  server.RaftServerConfigKeys (ConfUtils.java:logGet(43)) - raft.server.log.segment.size.max = 1048576 (custom)
2019-09-26 15:13:28,409 [pool-27-thread-1] INFO  server.RaftServerConfigKeys (ConfUtils.java:logGet(43)) - raft.server.log.preallocated.size = 16384 (custom)
2019-09-26 15:13:28,409 [pool-27-thread-1] INFO  server.RaftServerConfigKeys (ConfUtils.java:logGet(43)) - raft.server.log.write.buffer.size = 33554432 (custom)
2019-09-26 15:13:28,409 [pool-27-thread-1] INFO  server.RaftServerConfigKeys (ConfUtils.java:logGet(43)) - raft.server.log.force.sync.num = 128 (default)
2019-09-26 15:13:28,409 [pool-27-thread-1] INFO  server.RaftServerConfigKeys (ConfUtils.java:logGet(43)) - raft.server.log.statemachine.data.sync = true (default)
2019-09-26 15:13:28,409 [pool-27-thread-1] INFO  server.RaftServerConfigKeys (ConfUtils.java:logGet(43)) - raft.server.log.statemachine.data.sync.timeout = 10s (default)
2019-09-26 15:13:28,409 [pool-27-thread-1] INFO  server.RaftServerConfigKeys (ConfUtils.java:logGet(43)) - raft.server.log.statemachine.data.sync.timeout.retry = -1 (default)
2019-09-26 15:13:28,409 [pool-27-thread-1] INFO  server.RaftServerConfigKeys (ConfUtils.java:logGet(43)) - raft.server.log.statemachine.data.caching.enabled = true (custom)
2019-09-26 15:13:28,409 [pool-27-thread-1] INFO  segmented.SegmentedRaftLogWorker (SegmentedRaftLogWorker.java:lambda$new$0(132)) - b3e939fd-eb36-468b-9efe-5d0a1fdaa172@group-47726A36F552-SegmentedRaftLogWorker: flushIndex: setUnconditionally 0 -> -1
2019-09-26 15:13:28,410 [pool-27-thread-1] INFO  server.RaftServerConfigKeys (ConfUtils.java:logGet(43)) - raft.server.snapshot.auto.trigger.enabled = true (custom)
2019-09-26 15:13:28,410 [pool-27-thread-1] INFO  server.RaftServerConfigKeys (ConfUtils.java:logGet(43)) - raft.server.snapshot.auto.trigger.threshold = 10000 (custom)
2019-09-26 15:13:28,410 [pool-27-thread-1] INFO  server.RaftServerConfigKeys (ConfUtils.java:logGet(43)) - raft.server.snapshot.retention.num.files = 5 (custom)
2019-09-26 15:13:28,410 [pool-27-thread-1] INFO  server.RaftServerConfigKeys (ConfUtils.java:logGet(43)) - raft.server.retrycache.expirytime = 600000ms (custom)
2019-09-26 15:13:28,411 [pool-27-thread-1] INFO  impl.RaftServerImpl (RaftServerImpl.java:start(185)) - b3e939fd-eb36-468b-9efe-5d0a1fdaa172@group-47726A36F552: start as a follower, conf=-1: [b3e939fd-eb36-468b-9efe-5d0a1fdaa172:192.168.151.99:45433], old=null
2019-09-26 15:13:28,411 [pool-27-thread-1] INFO  impl.RaftServerImpl (RaftServerImpl.java:setRole(174)) - b3e939fd-eb36-468b-9efe-5d0a1fdaa172@group-47726A36F552: changes role from      null to FOLLOWER at term 0 for startAsFollower
2019-09-26 15:13:28,411 [pool-27-thread-1] INFO  impl.RoleInfo (RoleInfo.java:updateAndGet(143)) - b3e939fd-eb36-468b-9efe-5d0a1fdaa172: start FollowerState
2019-09-26 15:13:28,412 [pool-27-thread-1] INFO  util.JmxRegister (JmxRegister.java:tryRegister(44)) - Successfully registered JMX Bean with object name Ratis:service=RaftServer,group=group-47726A36F552,id=b3e939fd-eb36-468b-9efe-5d0a1fdaa172
2019-09-26 15:13:28,413 [RatisPipelineUtilsThread] INFO  pipeline.PipelineStateManager (PipelineStateManager.java:addPipeline(56)) - Created pipeline Pipeline[ Id: 64eab240-be09-417f-812f-47726a36f552, Nodes: b3e939fd-eb36-468b-9efe-5d0a1fdaa172{ip: 192.168.151.99, host: pr-hdds-1569-g6sp5-2013761785, networkLocation: /default-rack, certSerialId: null}, Type:RATIS, Factor:ONE, State:OPEN]
2019-09-26 15:13:28,416 [grpc-default-executor-0] INFO  impl.RaftServerProxy (RaftServerProxy.java:addNew(89)) - b3e939fd-eb36-468b-9efe-5d0a1fdaa172: addNew group-9F10B5770DAC:[b3e939fd-eb36-468b-9efe-5d0a1fdaa172:192.168.151.99:45433] returns group-9F10B5770DAC:java.util.concurrent.CompletableFuture@15019c23[Not completed]
2019-09-26 15:13:28,417 [pool-27-thread-1] INFO  impl.RaftServerImpl (RaftServerImpl.java:<init>(95)) - b3e939fd-eb36-468b-9efe-5d0a1fdaa172: new RaftServerImpl for group-9F10B5770DAC:[b3e939fd-eb36-468b-9efe-5d0a1fdaa172:192.168.151.99:45433] with ContainerStateMachine:uninitialized
2019-09-26 15:13:28,417 [pool-27-thread-1] INFO  server.RaftServerConfigKeys (ConfUtils.java:logGet(43)) - raft.server.rpc.timeout.min = 5s (custom)
2019-09-26 15:13:28,417 [pool-27-thread-1] INFO  server.RaftServerConfigKeys (ConfUtils.java:logGet(43)) - raft.server.rpc.timeout.max = 5200ms (custom)
2019-09-26 15:13:28,417 [pool-27-thread-1] INFO  server.RaftServerConfigKeys (ConfUtils.java:logGet(43)) - raft.server.rpcslowness.timeout = 120s (custom)
2019-09-26 15:13:28,417 [pool-27-thread-1] INFO  server.RaftServerConfigKeys (ConfUtils.java:logGet(43)) - raft.server.sleep.deviation.threshold = 300 (default)
2019-09-26 15:13:28,417 [pool-27-thread-1] INFO  server.RaftServerConfigKeys (ConfUtils.java:logGet(43)) - raft.server.log.appender.install.snapshot.enabled = false (custom)
2019-09-26 15:13:28,417 [pool-27-thread-1] INFO  impl.RaftServerImpl (ServerState.java:<init>(103)) - b3e939fd-eb36-468b-9efe-5d0a1fdaa172@group-9F10B5770DAC: ConfigurationManager, init=-1: [b3e939fd-eb36-468b-9efe-5d0a1fdaa172:192.168.151.99:45433], old=null, confs=<EMPTY_MAP>
2019-09-26 15:13:28,417 [pool-27-thread-1] INFO  server.RaftServerConfigKeys (ConfUtils.java:logGet(43)) - raft.server.storage.dir = [/workdir/hadoop-ozone/integration-test/target/test-dir/MiniOzoneClusterImpl-7e2f4b2f-6763-4a45-9ec4-264c2cef7c61/datanode-0/data/ratis] (custom)
2019-09-26 15:13:28,418 [pool-27-thread-1] INFO  storage.RaftStorageDirectory (RaftStorageDirectory.java:analyzeStorage(246)) - The storage directory /workdir/hadoop-ozone/integration-test/target/test-dir/MiniOzoneClusterImpl-7e2f4b2f-6763-4a45-9ec4-264c2cef7c61/datanode-0/data/ratis/6e4744ae-acea-4894-9f1f-9f10b5770dac does not exist. Creating ...
2019-09-26 15:13:28,431 [pool-27-thread-1] INFO  storage.RaftStorageDirectory (RaftStorageDirectory.java:tryLock(328)) - Lock on /workdir/hadoop-ozone/integration-test/target/test-dir/MiniOzoneClusterImpl-7e2f4b2f-6763-4a45-9ec4-264c2cef7c61/datanode-0/data/ratis/6e4744ae-acea-4894-9f1f-9f10b5770dac/in_use.lock acquired by nodename 11803@pr-hdds-1569-g6sp5-2013761785
2019-09-26 15:13:28,444 [pool-27-thread-1] INFO  storage.RaftStorage (RaftStorage.java:format(72)) - Storage directory /workdir/hadoop-ozone/integration-test/target/test-dir/MiniOzoneClusterImpl-7e2f4b2f-6763-4a45-9ec4-264c2cef7c61/datanode-0/data/ratis/6e4744ae-acea-4894-9f1f-9f10b5770dac has been successfully formatted.
2019-09-26 15:13:28,444 [pool-27-thread-1] INFO  ratis.ContainerStateMachine (ContainerStateMachine.java:loadSnapshot(230)) - group-9F10B5770DAC: The snapshot info is null. Setting the last applied indexto:(t:0, i:~)
2019-09-26 15:13:28,444 [pool-27-thread-1] INFO  server.RaftServerConfigKeys (ConfUtils.java:logGet(43)) - raft.server.notification.no-leader.timeout = 120s (custom)
2019-09-26 15:13:28,444 [pool-27-thread-1] INFO  server.RaftServerConfigKeys (ConfUtils.java:logGet(43)) - raft.server.log.use.memory = false (default)
2019-09-26 15:13:28,444 [pool-27-thread-1] INFO  server.RaftServerConfigKeys (ConfUtils.java:logGet(43)) - raft.server.log.purge.gap = 1000000 (custom)
2019-09-26 15:13:28,444 [pool-27-thread-1] INFO  server.RaftServerConfigKeys (ConfUtils.java:logGet(43)) - raft.server.log.appender.buffer.byte-limit = 33554432 (custom)
2019-09-26 15:13:28,444 [pool-27-thread-1] INFO  server.RaftServerConfigKeys (ConfUtils.java:logGet(43)) - raft.server.log.segment.size.max = 1048576 (custom)
2019-09-26 15:13:28,445 [pool-27-thread-1] INFO  server.RaftServerConfigKeys (ConfUtils.java:logGet(43)) - raft.server.log.segment.cache.num.max = 2 (custom)
2019-09-26 15:13:28,445 [pool-27-thread-1] INFO  segmented.SegmentedRaftLogWorker (SegmentedRaftLogWorker.java:<init>(172)) - new b3e939fd-eb36-468b-9efe-5d0a1fdaa172@group-9F10B5770DAC-SegmentedRaftLogWorker for RaftStorage:Storage Directory /workdir/hadoop-ozone/integration-test/target/test-dir/MiniOzoneClusterImpl-7e2f4b2f-6763-4a45-9ec4-264c2cef7c61/datanode-0/data/ratis/6e4744ae-acea-4894-9f1f-9f10b5770dac
2019-09-26 15:13:28,445 [pool-27-thread-1] INFO  server.RaftServerConfigKeys (ConfUtils.java:logGet(43)) - raft.server.log.queue.byte-limit = 2147483647 (custom)
2019-09-26 15:13:28,445 [pool-27-thread-1] INFO  server.RaftServerConfigKeys (ConfUtils.java:logGet(43)) - raft.server.log.queue.element-limit = 1024 (custom)
2019-09-26 15:13:28,445 [pool-27-thread-1] INFO  server.RaftServerConfigKeys (ConfUtils.java:logGet(43)) - raft.server.log.segment.size.max = 1048576 (custom)
2019-09-26 15:13:28,445 [pool-27-thread-1] INFO  server.RaftServerConfigKeys (ConfUtils.java:logGet(43)) - raft.server.log.preallocated.size = 16384 (custom)
2019-09-26 15:13:28,445 [pool-27-thread-1] INFO  server.RaftServerConfigKeys (ConfUtils.java:logGet(43)) - raft.server.log.write.buffer.size = 33554432 (custom)
2019-09-26 15:13:28,445 [pool-27-thread-1] INFO  server.RaftServerConfigKeys (ConfUtils.java:logGet(43)) - raft.server.log.force.sync.num = 128 (default)
2019-09-26 15:13:28,445 [pool-27-thread-1] INFO  server.RaftServerConfigKeys (ConfUtils.java:logGet(43)) - raft.server.log.statemachine.data.sync = true (default)
2019-09-26 15:13:28,445 [pool-27-thread-1] INFO  server.RaftServerConfigKeys (ConfUtils.java:logGet(43)) - raft.server.log.statemachine.data.sync.timeout = 10s (default)
2019-09-26 15:13:28,446 [pool-27-thread-1] INFO  server.RaftServerConfigKeys (ConfUtils.java:logGet(43)) - raft.server.log.statemachine.data.sync.timeout.retry = -1 (default)
2019-09-26 15:13:28,446 [pool-27-thread-1] INFO  server.RaftServerConfigKeys (ConfUtils.java:logGet(43)) - raft.server.log.statemachine.data.caching.enabled = true (custom)
2019-09-26 15:13:28,446 [pool-27-thread-1] INFO  segmented.SegmentedRaftLogWorker (SegmentedRaftLogWorker.java:lambda$new$0(132)) - b3e939fd-eb36-468b-9efe-5d0a1fdaa172@group-9F10B5770DAC-SegmentedRaftLogWorker: flushIndex: setUnconditionally 0 -> -1
2019-09-26 15:13:28,446 [pool-27-thread-1] INFO  server.RaftServerConfigKeys (ConfUtils.java:logGet(43)) - raft.server.snapshot.auto.trigger.enabled = true (custom)
2019-09-26 15:13:28,446 [pool-27-thread-1] INFO  server.RaftServerConfigKeys (ConfUtils.java:logGet(43)) - raft.server.snapshot.auto.trigger.threshold = 10000 (custom)
2019-09-26 15:13:28,446 [pool-27-thread-1] INFO  server.RaftServerConfigKeys (ConfUtils.java:logGet(43)) - raft.server.snapshot.retention.num.files = 5 (custom)
2019-09-26 15:13:28,446 [pool-27-thread-1] INFO  server.RaftServerConfigKeys (ConfUtils.java:logGet(43)) - raft.server.retrycache.expirytime = 600000ms (custom)
2019-09-26 15:13:28,448 [pool-27-thread-1] INFO  impl.RaftServerImpl (RaftServerImpl.java:start(185)) - b3e939fd-eb36-468b-9efe-5d0a1fdaa172@group-9F10B5770DAC: start as a follower, conf=-1: [b3e939fd-eb36-468b-9efe-5d0a1fdaa172:192.168.151.99:45433], old=null
2019-09-26 15:13:28,448 [pool-27-thread-1] INFO  impl.RaftServerImpl (RaftServerImpl.java:setRole(174)) - b3e939fd-eb36-468b-9efe-5d0a1fdaa172@group-9F10B5770DAC: changes role from      null to FOLLOWER at term 0 for startAsFollower
2019-09-26 15:13:28,448 [pool-27-thread-1] INFO  impl.RoleInfo (RoleInfo.java:updateAndGet(143)) - b3e939fd-eb36-468b-9efe-5d0a1fdaa172: start FollowerState
2019-09-26 15:13:28,448 [pool-27-thread-1] INFO  util.JmxRegister (JmxRegister.java:tryRegister(44)) - Successfully registered JMX Bean with object name Ratis:service=RaftServer,group=group-9F10B5770DAC,id=b3e939fd-eb36-468b-9efe-5d0a1fdaa172
2019-09-26 15:13:28,450 [RatisPipelineUtilsThread] INFO  pipeline.PipelineStateManager (PipelineStateManager.java:addPipeline(56)) - Created pipeline Pipeline[ Id: 6e4744ae-acea-4894-9f1f-9f10b5770dac, Nodes: b3e939fd-eb36-468b-9efe-5d0a1fdaa172{ip: 192.168.151.99, host: pr-hdds-1569-g6sp5-2013761785, networkLocation: /default-rack, certSerialId: null}, Type:RATIS, Factor:ONE, State:OPEN]
2019-09-26 15:13:28,453 [grpc-default-executor-0] INFO  impl.RaftServerProxy (RaftServerProxy.java:addNew(89)) - b3e939fd-eb36-468b-9efe-5d0a1fdaa172: addNew group-7666CF0181BB:[b3e939fd-eb36-468b-9efe-5d0a1fdaa172:192.168.151.99:45433] returns group-7666CF0181BB:java.util.concurrent.CompletableFuture@71152c6f[Not completed]
2019-09-26 15:13:28,453 [pool-27-thread-1] INFO  impl.RaftServerImpl (RaftServerImpl.java:<init>(95)) - b3e939fd-eb36-468b-9efe-5d0a1fdaa172: new RaftServerImpl for group-7666CF0181BB:[b3e939fd-eb36-468b-9efe-5d0a1fdaa172:192.168.151.99:45433] with ContainerStateMachine:uninitialized
2019-09-26 15:13:28,453 [pool-27-thread-1] INFO  server.RaftServerConfigKeys (ConfUtils.java:logGet(43)) - raft.server.rpc.timeout.min = 5s (custom)
2019-09-26 15:13:28,454 [pool-27-thread-1] INFO  server.RaftServerConfigKeys (ConfUtils.java:logGet(43)) - raft.server.rpc.timeout.max = 5200ms (custom)
2019-09-26 15:13:28,454 [pool-27-thread-1] INFO  server.RaftServerConfigKeys (ConfUtils.java:logGet(43)) - raft.server.rpcslowness.timeout = 120s (custom)
2019-09-26 15:13:28,454 [pool-27-thread-1] INFO  server.RaftServerConfigKeys (ConfUtils.java:logGet(43)) - raft.server.sleep.deviation.threshold = 300 (default)
2019-09-26 15:13:28,454 [pool-27-thread-1] INFO  server.RaftServerConfigKeys (ConfUtils.java:logGet(43)) - raft.server.log.appender.install.snapshot.enabled = false (custom)
2019-09-26 15:13:28,454 [pool-27-thread-1] INFO  impl.RaftServerImpl (ServerState.java:<init>(103)) - b3e939fd-eb36-468b-9efe-5d0a1fdaa172@group-7666CF0181BB: ConfigurationManager, init=-1: [b3e939fd-eb36-468b-9efe-5d0a1fdaa172:192.168.151.99:45433], old=null, confs=<EMPTY_MAP>
2019-09-26 15:13:28,454 [pool-27-thread-1] INFO  server.RaftServerConfigKeys (ConfUtils.java:logGet(43)) - raft.server.storage.dir = [/workdir/hadoop-ozone/integration-test/target/test-dir/MiniOzoneClusterImpl-7e2f4b2f-6763-4a45-9ec4-264c2cef7c61/datanode-0/data/ratis] (custom)
2019-09-26 15:13:28,455 [pool-27-thread-1] INFO  storage.RaftStorageDirectory (RaftStorageDirectory.java:analyzeStorage(246)) - The storage directory /workdir/hadoop-ozone/integration-test/target/test-dir/MiniOzoneClusterImpl-7e2f4b2f-6763-4a45-9ec4-264c2cef7c61/datanode-0/data/ratis/36aa1934-e06a-411b-b76d-7666cf0181bb does not exist. Creating ...
2019-09-26 15:13:28,467 [pool-27-thread-1] INFO  storage.RaftStorageDirectory (RaftStorageDirectory.java:tryLock(328)) - Lock on /workdir/hadoop-ozone/integration-test/target/test-dir/MiniOzoneClusterImpl-7e2f4b2f-6763-4a45-9ec4-264c2cef7c61/datanode-0/data/ratis/36aa1934-e06a-411b-b76d-7666cf0181bb/in_use.lock acquired by nodename 11803@pr-hdds-1569-g6sp5-2013761785
2019-09-26 15:13:28,479 [pool-27-thread-1] INFO  storage.RaftStorage (RaftStorage.java:format(72)) - Storage directory /workdir/hadoop-ozone/integration-test/target/test-dir/MiniOzoneClusterImpl-7e2f4b2f-6763-4a45-9ec4-264c2cef7c61/datanode-0/data/ratis/36aa1934-e06a-411b-b76d-7666cf0181bb has been successfully formatted.
2019-09-26 15:13:28,480 [pool-27-thread-1] INFO  ratis.ContainerStateMachine (ContainerStateMachine.java:loadSnapshot(230)) - group-7666CF0181BB: The snapshot info is null. Setting the last applied indexto:(t:0, i:~)
2019-09-26 15:13:28,480 [pool-27-thread-1] INFO  server.RaftServerConfigKeys (ConfUtils.java:logGet(43)) - raft.server.notification.no-leader.timeout = 120s (custom)
2019-09-26 15:13:28,480 [pool-27-thread-1] INFO  server.RaftServerConfigKeys (ConfUtils.java:logGet(43)) - raft.server.log.use.memory = false (default)
2019-09-26 15:13:28,480 [pool-27-thread-1] INFO  server.RaftServerConfigKeys (ConfUtils.java:logGet(43)) - raft.server.log.purge.gap = 1000000 (custom)
2019-09-26 15:13:28,480 [pool-27-thread-1] INFO  server.RaftServerConfigKeys (ConfUtils.java:logGet(43)) - raft.server.log.appender.buffer.byte-limit = 33554432 (custom)
2019-09-26 15:13:28,480 [pool-27-thread-1] INFO  server.RaftServerConfigKeys (ConfUtils.java:logGet(43)) - raft.server.log.segment.size.max = 1048576 (custom)
2019-09-26 15:13:28,480 [pool-27-thread-1] INFO  server.RaftServerConfigKeys (ConfUtils.java:logGet(43)) - raft.server.log.segment.cache.num.max = 2 (custom)
2019-09-26 15:13:28,480 [pool-27-thread-1] INFO  segmented.SegmentedRaftLogWorker (SegmentedRaftLogWorker.java:<init>(172)) - new b3e939fd-eb36-468b-9efe-5d0a1fdaa172@group-7666CF0181BB-SegmentedRaftLogWorker for RaftStorage:Storage Directory /workdir/hadoop-ozone/integration-test/target/test-dir/MiniOzoneClusterImpl-7e2f4b2f-6763-4a45-9ec4-264c2cef7c61/datanode-0/data/ratis/36aa1934-e06a-411b-b76d-7666cf0181bb
2019-09-26 15:13:28,480 [pool-27-thread-1] INFO  server.RaftServerConfigKeys (ConfUtils.java:logGet(43)) - raft.server.log.queue.byte-limit = 2147483647 (custom)
2019-09-26 15:13:28,480 [pool-27-thread-1] INFO  server.RaftServerConfigKeys (ConfUtils.java:logGet(43)) - raft.server.log.queue.element-limit = 1024 (custom)
2019-09-26 15:13:28,480 [pool-27-thread-1] INFO  server.RaftServerConfigKeys (ConfUtils.java:logGet(43)) - raft.server.log.segment.size.max = 1048576 (custom)
2019-09-26 15:13:28,480 [pool-27-thread-1] INFO  server.RaftServerConfigKeys (ConfUtils.java:logGet(43)) - raft.server.log.preallocated.size = 16384 (custom)
2019-09-26 15:13:28,480 [pool-27-thread-1] INFO  server.RaftServerConfigKeys (ConfUtils.java:logGet(43)) - raft.server.log.write.buffer.size = 33554432 (custom)
2019-09-26 15:13:28,480 [pool-27-thread-1] INFO  server.RaftServerConfigKeys (ConfUtils.java:logGet(43)) - raft.server.log.force.sync.num = 128 (default)
2019-09-26 15:13:28,480 [pool-27-thread-1] INFO  server.RaftServerConfigKeys (ConfUtils.java:logGet(43)) - raft.server.log.statemachine.data.sync = true (default)
2019-09-26 15:13:28,481 [pool-27-thread-1] INFO  server.RaftServerConfigKeys (ConfUtils.java:logGet(43)) - raft.server.log.statemachine.data.sync.timeout = 10s (default)
2019-09-26 15:13:28,481 [pool-27-thread-1] INFO  server.RaftServerConfigKeys (ConfUtils.java:logGet(43)) - raft.server.log.statemachine.data.sync.timeout.retry = -1 (default)
2019-09-26 15:13:28,481 [pool-27-thread-1] INFO  server.RaftServerConfigKeys (ConfUtils.java:logGet(43)) - raft.server.log.statemachine.data.caching.enabled = true (custom)
2019-09-26 15:13:28,481 [pool-27-thread-1] INFO  segmented.SegmentedRaftLogWorker (SegmentedRaftLogWorker.java:lambda$new$0(132)) - b3e939fd-eb36-468b-9efe-5d0a1fdaa172@group-7666CF0181BB-SegmentedRaftLogWorker: flushIndex: setUnconditionally 0 -> -1
2019-09-26 15:13:28,481 [pool-27-thread-1] INFO  server.RaftServerConfigKeys (ConfUtils.java:logGet(43)) - raft.server.snapshot.auto.trigger.enabled = true (custom)
2019-09-26 15:13:28,481 [pool-27-thread-1] INFO  server.RaftServerConfigKeys (ConfUtils.java:logGet(43)) - raft.server.snapshot.auto.trigger.threshold = 10000 (custom)
2019-09-26 15:13:28,481 [pool-27-thread-1] INFO  server.RaftServerConfigKeys (ConfUtils.java:logGet(43)) - raft.server.snapshot.retention.num.files = 5 (custom)
2019-09-26 15:13:28,481 [pool-27-thread-1] INFO  server.RaftServerConfigKeys (ConfUtils.java:logGet(43)) - raft.server.retrycache.expirytime = 600000ms (custom)
2019-09-26 15:13:28,482 [pool-27-thread-1] INFO  impl.RaftServerImpl (RaftServerImpl.java:start(185)) - b3e939fd-eb36-468b-9efe-5d0a1fdaa172@group-7666CF0181BB: start as a follower, conf=-1: [b3e939fd-eb36-468b-9efe-5d0a1fdaa172:192.168.151.99:45433], old=null
2019-09-26 15:13:28,482 [pool-27-thread-1] INFO  impl.RaftServerImpl (RaftServerImpl.java:setRole(174)) - b3e939fd-eb36-468b-9efe-5d0a1fdaa172@group-7666CF0181BB: changes role from      null to FOLLOWER at term 0 for startAsFollower
2019-09-26 15:13:28,482 [pool-27-thread-1] INFO  impl.RoleInfo (RoleInfo.java:updateAndGet(143)) - b3e939fd-eb36-468b-9efe-5d0a1fdaa172: start FollowerState
2019-09-26 15:13:28,483 [pool-27-thread-1] INFO  util.JmxRegister (JmxRegister.java:tryRegister(44)) - Successfully registered JMX Bean with object name Ratis:service=RaftServer,group=group-7666CF0181BB,id=b3e939fd-eb36-468b-9efe-5d0a1fdaa172
2019-09-26 15:13:28,484 [RatisPipelineUtilsThread] INFO  pipeline.PipelineStateManager (PipelineStateManager.java:addPipeline(56)) - Created pipeline Pipeline[ Id: 36aa1934-e06a-411b-b76d-7666cf0181bb, Nodes: b3e939fd-eb36-468b-9efe-5d0a1fdaa172{ip: 192.168.151.99, host: pr-hdds-1569-g6sp5-2013761785, networkLocation: /default-rack, certSerialId: null}, Type:RATIS, Factor:ONE, State:OPEN]
2019-09-26 15:13:28,487 [grpc-default-executor-0] INFO  impl.RaftServerProxy (RaftServerProxy.java:addNew(89)) - b3e939fd-eb36-468b-9efe-5d0a1fdaa172: addNew group-3B9C1EE8AD07:[b3e939fd-eb36-468b-9efe-5d0a1fdaa172:192.168.151.99:45433] returns group-3B9C1EE8AD07:java.util.concurrent.CompletableFuture@7add51d4[Not completed]
2019-09-26 15:13:28,488 [pool-27-thread-1] INFO  impl.RaftServerImpl (RaftServerImpl.java:<init>(95)) - b3e939fd-eb36-468b-9efe-5d0a1fdaa172: new RaftServerImpl for group-3B9C1EE8AD07:[b3e939fd-eb36-468b-9efe-5d0a1fdaa172:192.168.151.99:45433] with ContainerStateMachine:uninitialized
2019-09-26 15:13:28,488 [pool-27-thread-1] INFO  server.RaftServerConfigKeys (ConfUtils.java:logGet(43)) - raft.server.rpc.timeout.min = 5s (custom)
2019-09-26 15:13:28,488 [pool-27-thread-1] INFO  server.RaftServerConfigKeys (ConfUtils.java:logGet(43)) - raft.server.rpc.timeout.max = 5200ms (custom)
2019-09-26 15:13:28,488 [pool-27-thread-1] INFO  server.RaftServerConfigKeys (ConfUtils.java:logGet(43)) - raft.server.rpcslowness.timeout = 120s (custom)
2019-09-26 15:13:28,488 [pool-27-thread-1] INFO  server.RaftServerConfigKeys (ConfUtils.java:logGet(43)) - raft.server.sleep.deviation.threshold = 300 (default)
2019-09-26 15:13:28,488 [pool-27-thread-1] INFO  server.RaftServerConfigKeys (ConfUtils.java:logGet(43)) - raft.server.log.appender.install.snapshot.enabled = false (custom)
2019-09-26 15:13:28,488 [pool-27-thread-1] INFO  impl.RaftServerImpl (ServerState.java:<init>(103)) - b3e939fd-eb36-468b-9efe-5d0a1fdaa172@group-3B9C1EE8AD07: ConfigurationManager, init=-1: [b3e939fd-eb36-468b-9efe-5d0a1fdaa172:192.168.151.99:45433], old=null, confs=<EMPTY_MAP>
2019-09-26 15:13:28,488 [pool-27-thread-1] INFO  server.RaftServerConfigKeys (ConfUtils.java:logGet(43)) - raft.server.storage.dir = [/workdir/hadoop-ozone/integration-test/target/test-dir/MiniOzoneClusterImpl-7e2f4b2f-6763-4a45-9ec4-264c2cef7c61/datanode-0/data/ratis] (custom)
2019-09-26 15:13:28,489 [pool-27-thread-1] INFO  storage.RaftStorageDirectory (RaftStorageDirectory.java:analyzeStorage(246)) - The storage directory /workdir/hadoop-ozone/integration-test/target/test-dir/MiniOzoneClusterImpl-7e2f4b2f-6763-4a45-9ec4-264c2cef7c61/datanode-0/data/ratis/6256e55c-7352-4274-a2e9-3b9c1ee8ad07 does not exist. Creating ...
2019-09-26 15:13:28,502 [pool-27-thread-1] INFO  storage.RaftStorageDirectory (RaftStorageDirectory.java:tryLock(328)) - Lock on /workdir/hadoop-ozone/integration-test/target/test-dir/MiniOzoneClusterImpl-7e2f4b2f-6763-4a45-9ec4-264c2cef7c61/datanode-0/data/ratis/6256e55c-7352-4274-a2e9-3b9c1ee8ad07/in_use.lock acquired by nodename 11803@pr-hdds-1569-g6sp5-2013761785
2019-09-26 15:13:28,515 [pool-27-thread-1] INFO  storage.RaftStorage (RaftStorage.java:format(72)) - Storage directory /workdir/hadoop-ozone/integration-test/target/test-dir/MiniOzoneClusterImpl-7e2f4b2f-6763-4a45-9ec4-264c2cef7c61/datanode-0/data/ratis/6256e55c-7352-4274-a2e9-3b9c1ee8ad07 has been successfully formatted.
2019-09-26 15:13:28,515 [pool-27-thread-1] INFO  ratis.ContainerStateMachine (ContainerStateMachine.java:loadSnapshot(230)) - group-3B9C1EE8AD07: The snapshot info is null. Setting the last applied indexto:(t:0, i:~)
2019-09-26 15:13:28,515 [pool-27-thread-1] INFO  server.RaftServerConfigKeys (ConfUtils.java:logGet(43)) - raft.server.notification.no-leader.timeout = 120s (custom)
2019-09-26 15:13:28,515 [pool-27-thread-1] INFO  server.RaftServerConfigKeys (ConfUtils.java:logGet(43)) - raft.server.log.use.memory = false (default)
2019-09-26 15:13:28,515 [pool-27-thread-1] INFO  server.RaftServerConfigKeys (ConfUtils.java:logGet(43)) - raft.server.log.purge.gap = 1000000 (custom)
2019-09-26 15:13:28,516 [pool-27-thread-1] INFO  server.RaftServerConfigKeys (ConfUtils.java:logGet(43)) - raft.server.log.appender.buffer.byte-limit = 33554432 (custom)
2019-09-26 15:13:28,516 [pool-27-thread-1] INFO  server.RaftServerConfigKeys (ConfUtils.java:logGet(43)) - raft.server.log.segment.size.max = 1048576 (custom)
2019-09-26 15:13:28,516 [pool-27-thread-1] INFO  server.RaftServerConfigKeys (ConfUtils.java:logGet(43)) - raft.server.log.segment.cache.num.max = 2 (custom)
2019-09-26 15:13:28,516 [pool-27-thread-1] INFO  segmented.SegmentedRaftLogWorker (SegmentedRaftLogWorker.java:<init>(172)) - new b3e939fd-eb36-468b-9efe-5d0a1fdaa172@group-3B9C1EE8AD07-SegmentedRaftLogWorker for RaftStorage:Storage Directory /workdir/hadoop-ozone/integration-test/target/test-dir/MiniOzoneClusterImpl-7e2f4b2f-6763-4a45-9ec4-264c2cef7c61/datanode-0/data/ratis/6256e55c-7352-4274-a2e9-3b9c1ee8ad07
2019-09-26 15:13:28,516 [pool-27-thread-1] INFO  server.RaftServerConfigKeys (ConfUtils.java:logGet(43)) - raft.server.log.queue.byte-limit = 2147483647 (custom)
2019-09-26 15:13:28,516 [pool-27-thread-1] INFO  server.RaftServerConfigKeys (ConfUtils.java:logGet(43)) - raft.server.log.queue.element-limit = 1024 (custom)
2019-09-26 15:13:28,516 [pool-27-thread-1] INFO  server.RaftServerConfigKeys (ConfUtils.java:logGet(43)) - raft.server.log.segment.size.max = 1048576 (custom)
2019-09-26 15:13:28,516 [pool-27-thread-1] INFO  server.RaftServerConfigKeys (ConfUtils.java:logGet(43)) - raft.server.log.preallocated.size = 16384 (custom)
2019-09-26 15:13:28,516 [pool-27-thread-1] INFO  server.RaftServerConfigKeys (ConfUtils.java:logGet(43)) - raft.server.log.write.buffer.size = 33554432 (custom)
2019-09-26 15:13:28,516 [pool-27-thread-1] INFO  server.RaftServerConfigKeys (ConfUtils.java:logGet(43)) - raft.server.log.force.sync.num = 128 (default)
2019-09-26 15:13:28,516 [pool-27-thread-1] INFO  server.RaftServerConfigKeys (ConfUtils.java:logGet(43)) - raft.server.log.statemachine.data.sync = true (default)
2019-09-26 15:13:28,516 [pool-27-thread-1] INFO  server.RaftServerConfigKeys (ConfUtils.java:logGet(43)) - raft.server.log.statemachine.data.sync.timeout = 10s (default)
2019-09-26 15:13:28,516 [pool-27-thread-1] INFO  server.RaftServerConfigKeys (ConfUtils.java:logGet(43)) - raft.server.log.statemachine.data.sync.timeout.retry = -1 (default)
2019-09-26 15:13:28,516 [pool-27-thread-1] INFO  server.RaftServerConfigKeys (ConfUtils.java:logGet(43)) - raft.server.log.statemachine.data.caching.enabled = true (custom)
2019-09-26 15:13:28,517 [pool-27-thread-1] INFO  segmented.SegmentedRaftLogWorker (SegmentedRaftLogWorker.java:lambda$new$0(132)) - b3e939fd-eb36-468b-9efe-5d0a1fdaa172@group-3B9C1EE8AD07-SegmentedRaftLogWorker: flushIndex: setUnconditionally 0 -> -1
2019-09-26 15:13:28,517 [pool-27-thread-1] INFO  server.RaftServerConfigKeys (ConfUtils.java:logGet(43)) - raft.server.snapshot.auto.trigger.enabled = true (custom)
2019-09-26 15:13:28,517 [pool-27-thread-1] INFO  server.RaftServerConfigKeys (ConfUtils.java:logGet(43)) - raft.server.snapshot.auto.trigger.threshold = 10000 (custom)
2019-09-26 15:13:28,517 [pool-27-thread-1] INFO  server.RaftServerConfigKeys (ConfUtils.java:logGet(43)) - raft.server.snapshot.retention.num.files = 5 (custom)
2019-09-26 15:13:28,517 [pool-27-thread-1] INFO  server.RaftServerConfigKeys (ConfUtils.java:logGet(43)) - raft.server.retrycache.expirytime = 600000ms (custom)
2019-09-26 15:13:28,518 [pool-27-thread-1] INFO  impl.RaftServerImpl (RaftServerImpl.java:start(185)) - b3e939fd-eb36-468b-9efe-5d0a1fdaa172@group-3B9C1EE8AD07: start as a follower, conf=-1: [b3e939fd-eb36-468b-9efe-5d0a1fdaa172:192.168.151.99:45433], old=null
2019-09-26 15:13:28,518 [pool-27-thread-1] INFO  impl.RaftServerImpl (RaftServerImpl.java:setRole(174)) - b3e939fd-eb36-468b-9efe-5d0a1fdaa172@group-3B9C1EE8AD07: changes role from      null to FOLLOWER at term 0 for startAsFollower
2019-09-26 15:13:28,518 [pool-27-thread-1] INFO  impl.RoleInfo (RoleInfo.java:updateAndGet(143)) - b3e939fd-eb36-468b-9efe-5d0a1fdaa172: start FollowerState
2019-09-26 15:13:28,518 [pool-27-thread-1] INFO  util.JmxRegister (JmxRegister.java:tryRegister(44)) - Successfully registered JMX Bean with object name Ratis:service=RaftServer,group=group-3B9C1EE8AD07,id=b3e939fd-eb36-468b-9efe-5d0a1fdaa172
2019-09-26 15:13:28,519 [RatisPipelineUtilsThread] INFO  pipeline.PipelineStateManager (PipelineStateManager.java:addPipeline(56)) - Created pipeline Pipeline[ Id: 6256e55c-7352-4274-a2e9-3b9c1ee8ad07, Nodes: b3e939fd-eb36-468b-9efe-5d0a1fdaa172{ip: 192.168.151.99, host: pr-hdds-1569-g6sp5-2013761785, networkLocation: /default-rack, certSerialId: null}, Type:RATIS, Factor:ONE, State:OPEN]
2019-09-26 15:13:28,522 [grpc-default-executor-0] INFO  impl.RaftServerProxy (RaftServerProxy.java:addNew(89)) - b3e939fd-eb36-468b-9efe-5d0a1fdaa172: addNew group-124765275578:[b3e939fd-eb36-468b-9efe-5d0a1fdaa172:192.168.151.99:45433] returns group-124765275578:java.util.concurrent.CompletableFuture@39a4e8ea[Not completed]
2019-09-26 15:13:28,523 [pool-27-thread-1] INFO  impl.RaftServerImpl (RaftServerImpl.java:<init>(95)) - b3e939fd-eb36-468b-9efe-5d0a1fdaa172: new RaftServerImpl for group-124765275578:[b3e939fd-eb36-468b-9efe-5d0a1fdaa172:192.168.151.99:45433] with ContainerStateMachine:uninitialized
2019-09-26 15:13:28,523 [pool-27-thread-1] INFO  server.RaftServerConfigKeys (ConfUtils.java:logGet(43)) - raft.server.rpc.timeout.min = 5s (custom)
2019-09-26 15:13:28,523 [pool-27-thread-1] INFO  server.RaftServerConfigKeys (ConfUtils.java:logGet(43)) - raft.server.rpc.timeout.max = 5200ms (custom)
2019-09-26 15:13:28,523 [pool-27-thread-1] INFO  server.RaftServerConfigKeys (ConfUtils.java:logGet(43)) - raft.server.rpcslowness.timeout = 120s (custom)
2019-09-26 15:13:28,523 [pool-27-thread-1] INFO  server.RaftServerConfigKeys (ConfUtils.java:logGet(43)) - raft.server.sleep.deviation.threshold = 300 (default)
2019-09-26 15:13:28,523 [pool-27-thread-1] INFO  server.RaftServerConfigKeys (ConfUtils.java:logGet(43)) - raft.server.log.appender.install.snapshot.enabled = false (custom)
2019-09-26 15:13:28,523 [pool-27-thread-1] INFO  impl.RaftServerImpl (ServerState.java:<init>(103)) - b3e939fd-eb36-468b-9efe-5d0a1fdaa172@group-124765275578: ConfigurationManager, init=-1: [b3e939fd-eb36-468b-9efe-5d0a1fdaa172:192.168.151.99:45433], old=null, confs=<EMPTY_MAP>
2019-09-26 15:13:28,523 [pool-27-thread-1] INFO  server.RaftServerConfigKeys (ConfUtils.java:logGet(43)) - raft.server.storage.dir = [/workdir/hadoop-ozone/integration-test/target/test-dir/MiniOzoneClusterImpl-7e2f4b2f-6763-4a45-9ec4-264c2cef7c61/datanode-0/data/ratis] (custom)
2019-09-26 15:13:28,524 [pool-27-thread-1] INFO  storage.RaftStorageDirectory (RaftStorageDirectory.java:analyzeStorage(246)) - The storage directory /workdir/hadoop-ozone/integration-test/target/test-dir/MiniOzoneClusterImpl-7e2f4b2f-6763-4a45-9ec4-264c2cef7c61/datanode-0/data/ratis/dec1d9bb-b01e-45ab-846e-124765275578 does not exist. Creating ...
2019-09-26 15:13:28,527 [pool-27-thread-1] INFO  storage.RaftStorageDirectory (RaftStorageDirectory.java:tryLock(328)) - Lock on /workdir/hadoop-ozone/integration-test/target/test-dir/MiniOzoneClusterImpl-7e2f4b2f-6763-4a45-9ec4-264c2cef7c61/datanode-0/data/ratis/dec1d9bb-b01e-45ab-846e-124765275578/in_use.lock acquired by nodename 11803@pr-hdds-1569-g6sp5-2013761785
2019-09-26 15:13:28,529 [pool-27-thread-1] INFO  storage.RaftStorage (RaftStorage.java:format(72)) - Storage directory /workdir/hadoop-ozone/integration-test/target/test-dir/MiniOzoneClusterImpl-7e2f4b2f-6763-4a45-9ec4-264c2cef7c61/datanode-0/data/ratis/dec1d9bb-b01e-45ab-846e-124765275578 has been successfully formatted.
2019-09-26 15:13:28,530 [pool-27-thread-1] INFO  ratis.ContainerStateMachine (ContainerStateMachine.java:loadSnapshot(230)) - group-124765275578: The snapshot info is null. Setting the last applied indexto:(t:0, i:~)
2019-09-26 15:13:28,530 [pool-27-thread-1] INFO  server.RaftServerConfigKeys (ConfUtils.java:logGet(43)) - raft.server.notification.no-leader.timeout = 120s (custom)
2019-09-26 15:13:28,530 [pool-27-thread-1] INFO  server.RaftServerConfigKeys (ConfUtils.java:logGet(43)) - raft.server.log.use.memory = false (default)
2019-09-26 15:13:28,530 [pool-27-thread-1] INFO  server.RaftServerConfigKeys (ConfUtils.java:logGet(43)) - raft.server.log.purge.gap = 1000000 (custom)
2019-09-26 15:13:28,530 [pool-27-thread-1] INFO  server.RaftServerConfigKeys (ConfUtils.java:logGet(43)) - raft.server.log.appender.buffer.byte-limit = 33554432 (custom)
2019-09-26 15:13:28,530 [pool-27-thread-1] INFO  server.RaftServerConfigKeys (ConfUtils.java:logGet(43)) - raft.server.log.segment.size.max = 1048576 (custom)
2019-09-26 15:13:28,530 [pool-27-thread-1] INFO  server.RaftServerConfigKeys (ConfUtils.java:logGet(43)) - raft.server.log.segment.cache.num.max = 2 (custom)
2019-09-26 15:13:28,530 [pool-27-thread-1] INFO  segmented.SegmentedRaftLogWorker (SegmentedRaftLogWorker.java:<init>(172)) - new b3e939fd-eb36-468b-9efe-5d0a1fdaa172@group-124765275578-SegmentedRaftLogWorker for RaftStorage:Storage Directory /workdir/hadoop-ozone/integration-test/target/test-dir/MiniOzoneClusterImpl-7e2f4b2f-6763-4a45-9ec4-264c2cef7c61/datanode-0/data/ratis/dec1d9bb-b01e-45ab-846e-124765275578
2019-09-26 15:13:28,530 [pool-27-thread-1] INFO  server.RaftServerConfigKeys (ConfUtils.java:logGet(43)) - raft.server.log.queue.byte-limit = 2147483647 (custom)
2019-09-26 15:13:28,530 [pool-27-thread-1] INFO  server.RaftServerConfigKeys (ConfUtils.java:logGet(43)) - raft.server.log.queue.element-limit = 1024 (custom)
2019-09-26 15:13:28,530 [pool-27-thread-1] INFO  server.RaftServerConfigKeys (ConfUtils.java:logGet(43)) - raft.server.log.segment.size.max = 1048576 (custom)
2019-09-26 15:13:28,530 [pool-27-thread-1] INFO  server.RaftServerConfigKeys (ConfUtils.java:logGet(43)) - raft.server.log.preallocated.size = 16384 (custom)
2019-09-26 15:13:28,531 [pool-27-thread-1] INFO  server.RaftServerConfigKeys (ConfUtils.java:logGet(43)) - raft.server.log.write.buffer.size = 33554432 (custom)
2019-09-26 15:13:28,531 [pool-27-thread-1] INFO  server.RaftServerConfigKeys (ConfUtils.java:logGet(43)) - raft.server.log.force.sync.num = 128 (default)
2019-09-26 15:13:28,531 [pool-27-thread-1] INFO  server.RaftServerConfigKeys (ConfUtils.java:logGet(43)) - raft.server.log.statemachine.data.sync = true (default)
2019-09-26 15:13:28,531 [pool-27-thread-1] INFO  server.RaftServerConfigKeys (ConfUtils.java:logGet(43)) - raft.server.log.statemachine.data.sync.timeout = 10s (default)
2019-09-26 15:13:28,531 [pool-27-thread-1] INFO  server.RaftServerConfigKeys (ConfUtils.java:logGet(43)) - raft.server.log.statemachine.data.sync.timeout.retry = -1 (default)
2019-09-26 15:13:28,531 [pool-27-thread-1] INFO  server.RaftServerConfigKeys (ConfUtils.java:logGet(43)) - raft.server.log.statemachine.data.caching.enabled = true (custom)
2019-09-26 15:13:28,531 [pool-27-thread-1] INFO  segmented.SegmentedRaftLogWorker (SegmentedRaftLogWorker.java:lambda$new$0(132)) - b3e939fd-eb36-468b-9efe-5d0a1fdaa172@group-124765275578-SegmentedRaftLogWorker: flushIndex: setUnconditionally 0 -> -1
2019-09-26 15:13:28,531 [pool-27-thread-1] INFO  server.RaftServerConfigKeys (ConfUtils.java:logGet(43)) - raft.server.snapshot.auto.trigger.enabled = true (custom)
2019-09-26 15:13:28,531 [pool-27-thread-1] INFO  server.RaftServerConfigKeys (ConfUtils.java:logGet(43)) - raft.server.snapshot.auto.trigger.threshold = 10000 (custom)
2019-09-26 15:13:28,531 [pool-27-thread-1] INFO  server.RaftServerConfigKeys (ConfUtils.java:logGet(43)) - raft.server.snapshot.retention.num.files = 5 (custom)
2019-09-26 15:13:28,531 [pool-27-thread-1] INFO  server.RaftServerConfigKeys (ConfUtils.java:logGet(43)) - raft.server.retrycache.expirytime = 600000ms (custom)
2019-09-26 15:13:28,532 [pool-27-thread-1] INFO  impl.RaftServerImpl (RaftServerImpl.java:start(185)) - b3e939fd-eb36-468b-9efe-5d0a1fdaa172@group-124765275578: start as a follower, conf=-1: [b3e939fd-eb36-468b-9efe-5d0a1fdaa172:192.168.151.99:45433], old=null
2019-09-26 15:13:28,532 [pool-27-thread-1] INFO  impl.RaftServerImpl (RaftServerImpl.java:setRole(174)) - b3e939fd-eb36-468b-9efe-5d0a1fdaa172@group-124765275578: changes role from      null to FOLLOWER at term 0 for startAsFollower
2019-09-26 15:13:28,532 [pool-27-thread-1] INFO  impl.RoleInfo (RoleInfo.java:updateAndGet(143)) - b3e939fd-eb36-468b-9efe-5d0a1fdaa172: start FollowerState
2019-09-26 15:13:28,533 [pool-27-thread-1] INFO  util.JmxRegister (JmxRegister.java:tryRegister(44)) - Successfully registered JMX Bean with object name Ratis:service=RaftServer,group=group-124765275578,id=b3e939fd-eb36-468b-9efe-5d0a1fdaa172
2019-09-26 15:13:28,534 [RatisPipelineUtilsThread] INFO  pipeline.PipelineStateManager (PipelineStateManager.java:addPipeline(56)) - Created pipeline Pipeline[ Id: dec1d9bb-b01e-45ab-846e-124765275578, Nodes: b3e939fd-eb36-468b-9efe-5d0a1fdaa172{ip: 192.168.151.99, host: pr-hdds-1569-g6sp5-2013761785, networkLocation: /default-rack, certSerialId: null}, Type:RATIS, Factor:ONE, State:OPEN]
2019-09-26 15:13:28,537 [grpc-default-executor-0] INFO  impl.RaftServerProxy (RaftServerProxy.java:addNew(89)) - b3e939fd-eb36-468b-9efe-5d0a1fdaa172: addNew group-FC0C2CB5B5D7:[b3e939fd-eb36-468b-9efe-5d0a1fdaa172:192.168.151.99:45433] returns group-FC0C2CB5B5D7:java.util.concurrent.CompletableFuture@6bc92f8c[Not completed]
2019-09-26 15:13:28,537 [pool-27-thread-1] INFO  impl.RaftServerImpl (RaftServerImpl.java:<init>(95)) - b3e939fd-eb36-468b-9efe-5d0a1fdaa172: new RaftServerImpl for group-FC0C2CB5B5D7:[b3e939fd-eb36-468b-9efe-5d0a1fdaa172:192.168.151.99:45433] with ContainerStateMachine:uninitialized
2019-09-26 15:13:28,537 [pool-27-thread-1] INFO  server.RaftServerConfigKeys (ConfUtils.java:logGet(43)) - raft.server.rpc.timeout.min = 5s (custom)
2019-09-26 15:13:28,537 [pool-27-thread-1] INFO  server.RaftServerConfigKeys (ConfUtils.java:logGet(43)) - raft.server.rpc.timeout.max = 5200ms (custom)
2019-09-26 15:13:28,537 [pool-27-thread-1] INFO  server.RaftServerConfigKeys (ConfUtils.java:logGet(43)) - raft.server.rpcslowness.timeout = 120s (custom)
2019-09-26 15:13:28,537 [pool-27-thread-1] INFO  server.RaftServerConfigKeys (ConfUtils.java:logGet(43)) - raft.server.sleep.deviation.threshold = 300 (default)
2019-09-26 15:13:28,537 [pool-27-thread-1] INFO  server.RaftServerConfigKeys (ConfUtils.java:logGet(43)) - raft.server.log.appender.install.snapshot.enabled = false (custom)
2019-09-26 15:13:28,537 [pool-27-thread-1] INFO  impl.RaftServerImpl (ServerState.java:<init>(103)) - b3e939fd-eb36-468b-9efe-5d0a1fdaa172@group-FC0C2CB5B5D7: ConfigurationManager, init=-1: [b3e939fd-eb36-468b-9efe-5d0a1fdaa172:192.168.151.99:45433], old=null, confs=<EMPTY_MAP>
2019-09-26 15:13:28,538 [pool-27-thread-1] INFO  server.RaftServerConfigKeys (ConfUtils.java:logGet(43)) - raft.server.storage.dir = [/workdir/hadoop-ozone/integration-test/target/test-dir/MiniOzoneClusterImpl-7e2f4b2f-6763-4a45-9ec4-264c2cef7c61/datanode-0/data/ratis] (custom)
2019-09-26 15:13:28,538 [pool-27-thread-1] INFO  storage.RaftStorageDirectory (RaftStorageDirectory.java:analyzeStorage(246)) - The storage directory /workdir/hadoop-ozone/integration-test/target/test-dir/MiniOzoneClusterImpl-7e2f4b2f-6763-4a45-9ec4-264c2cef7c61/datanode-0/data/ratis/c95b3edc-070f-431b-80fb-fc0c2cb5b5d7 does not exist. Creating ...
2019-09-26 15:13:28,543 [pool-27-thread-1] INFO  storage.RaftStorageDirectory (RaftStorageDirectory.java:tryLock(328)) - Lock on /workdir/hadoop-ozone/integration-test/target/test-dir/MiniOzoneClusterImpl-7e2f4b2f-6763-4a45-9ec4-264c2cef7c61/datanode-0/data/ratis/c95b3edc-070f-431b-80fb-fc0c2cb5b5d7/in_use.lock acquired by nodename 11803@pr-hdds-1569-g6sp5-2013761785
2019-09-26 15:13:28,546 [pool-27-thread-1] INFO  storage.RaftStorage (RaftStorage.java:format(72)) - Storage directory /workdir/hadoop-ozone/integration-test/target/test-dir/MiniOzoneClusterImpl-7e2f4b2f-6763-4a45-9ec4-264c2cef7c61/datanode-0/data/ratis/c95b3edc-070f-431b-80fb-fc0c2cb5b5d7 has been successfully formatted.
2019-09-26 15:13:28,546 [pool-27-thread-1] INFO  ratis.ContainerStateMachine (ContainerStateMachine.java:loadSnapshot(230)) - group-FC0C2CB5B5D7: The snapshot info is null. Setting the last applied indexto:(t:0, i:~)
2019-09-26 15:13:28,546 [pool-27-thread-1] INFO  server.RaftServerConfigKeys (ConfUtils.java:logGet(43)) - raft.server.notification.no-leader.timeout = 120s (custom)
2019-09-26 15:13:28,546 [pool-27-thread-1] INFO  server.RaftServerConfigKeys (ConfUtils.java:logGet(43)) - raft.server.log.use.memory = false (default)
2019-09-26 15:13:28,546 [pool-27-thread-1] INFO  server.RaftServerConfigKeys (ConfUtils.java:logGet(43)) - raft.server.log.purge.gap = 1000000 (custom)
2019-09-26 15:13:28,546 [pool-27-thread-1] INFO  server.RaftServerConfigKeys (ConfUtils.java:logGet(43)) - raft.server.log.appender.buffer.byte-limit = 33554432 (custom)
2019-09-26 15:13:28,546 [pool-27-thread-1] INFO  server.RaftServerConfigKeys (ConfUtils.java:logGet(43)) - raft.server.log.segment.size.max = 1048576 (custom)
2019-09-26 15:13:28,546 [pool-27-thread-1] INFO  server.RaftServerConfigKeys (ConfUtils.java:logGet(43)) - raft.server.log.segment.cache.num.max = 2 (custom)
2019-09-26 15:13:28,546 [pool-27-thread-1] INFO  segmented.SegmentedRaftLogWorker (SegmentedRaftLogWorker.java:<init>(172)) - new b3e939fd-eb36-468b-9efe-5d0a1fdaa172@group-FC0C2CB5B5D7-SegmentedRaftLogWorker for RaftStorage:Storage Directory /workdir/hadoop-ozone/integration-test/target/test-dir/MiniOzoneClusterImpl-7e2f4b2f-6763-4a45-9ec4-264c2cef7c61/datanode-0/data/ratis/c95b3edc-070f-431b-80fb-fc0c2cb5b5d7
2019-09-26 15:13:28,546 [pool-27-thread-1] INFO  server.RaftServerConfigKeys (ConfUtils.java:logGet(43)) - raft.server.log.queue.byte-limit = 2147483647 (custom)
2019-09-26 15:13:28,546 [pool-27-thread-1] INFO  server.RaftServerConfigKeys (ConfUtils.java:logGet(43)) - raft.server.log.queue.element-limit = 1024 (custom)
2019-09-26 15:13:28,546 [pool-27-thread-1] INFO  server.RaftServerConfigKeys (ConfUtils.java:logGet(43)) - raft.server.log.segment.size.max = 1048576 (custom)
2019-09-26 15:13:28,546 [pool-27-thread-1] INFO  server.RaftServerConfigKeys (ConfUtils.java:logGet(43)) - raft.server.log.preallocated.size = 16384 (custom)
2019-09-26 15:13:28,547 [pool-27-thread-1] INFO  server.RaftServerConfigKeys (ConfUtils.java:logGet(43)) - raft.server.log.write.buffer.size = 33554432 (custom)
2019-09-26 15:13:28,547 [pool-27-thread-1] INFO  server.RaftServerConfigKeys (ConfUtils.java:logGet(43)) - raft.server.log.force.sync.num = 128 (default)
2019-09-26 15:13:28,547 [pool-27-thread-1] INFO  server.RaftServerConfigKeys (ConfUtils.java:logGet(43)) - raft.server.log.statemachine.data.sync = true (default)
2019-09-26 15:13:28,547 [pool-27-thread-1] INFO  server.RaftServerConfigKeys (ConfUtils.java:logGet(43)) - raft.server.log.statemachine.data.sync.timeout = 10s (default)
2019-09-26 15:13:28,547 [pool-27-thread-1] INFO  server.RaftServerConfigKeys (ConfUtils.java:logGet(43)) - raft.server.log.statemachine.data.sync.timeout.retry = -1 (default)
2019-09-26 15:13:28,547 [pool-27-thread-1] INFO  server.RaftServerConfigKeys (ConfUtils.java:logGet(43)) - raft.server.log.statemachine.data.caching.enabled = true (custom)
2019-09-26 15:13:28,547 [pool-27-thread-1] INFO  segmented.SegmentedRaftLogWorker (SegmentedRaftLogWorker.java:lambda$new$0(132)) - b3e939fd-eb36-468b-9efe-5d0a1fdaa172@group-FC0C2CB5B5D7-SegmentedRaftLogWorker: flushIndex: setUnconditionally 0 -> -1
2019-09-26 15:13:28,547 [pool-27-thread-1] INFO  server.RaftServerConfigKeys (ConfUtils.java:logGet(43)) - raft.server.snapshot.auto.trigger.enabled = true (custom)
2019-09-26 15:13:28,547 [pool-27-thread-1] INFO  server.RaftServerConfigKeys (ConfUtils.java:logGet(43)) - raft.server.snapshot.auto.trigger.threshold = 10000 (custom)
2019-09-26 15:13:28,547 [pool-27-thread-1] INFO  server.RaftServerConfigKeys (ConfUtils.java:logGet(43)) - raft.server.snapshot.retention.num.files = 5 (custom)
2019-09-26 15:13:28,547 [pool-27-thread-1] INFO  server.RaftServerConfigKeys (ConfUtils.java:logGet(43)) - raft.server.retrycache.expirytime = 600000ms (custom)
2019-09-26 15:13:28,548 [pool-27-thread-1] INFO  impl.RaftServerImpl (RaftServerImpl.java:start(185)) - b3e939fd-eb36-468b-9efe-5d0a1fdaa172@group-FC0C2CB5B5D7: start as a follower, conf=-1: [b3e939fd-eb36-468b-9efe-5d0a1fdaa172:192.168.151.99:45433], old=null
2019-09-26 15:13:28,548 [pool-27-thread-1] INFO  impl.RaftServerImpl (RaftServerImpl.java:setRole(174)) - b3e939fd-eb36-468b-9efe-5d0a1fdaa172@group-FC0C2CB5B5D7: changes role from      null to FOLLOWER at term 0 for startAsFollower
2019-09-26 15:13:28,548 [pool-27-thread-1] INFO  impl.RoleInfo (RoleInfo.java:updateAndGet(143)) - b3e939fd-eb36-468b-9efe-5d0a1fdaa172: start FollowerState
2019-09-26 15:13:28,549 [pool-27-thread-1] INFO  util.JmxRegister (JmxRegister.java:tryRegister(44)) - Successfully registered JMX Bean with object name Ratis:service=RaftServer,group=group-FC0C2CB5B5D7,id=b3e939fd-eb36-468b-9efe-5d0a1fdaa172
2019-09-26 15:13:28,550 [RatisPipelineUtilsThread] INFO  pipeline.PipelineStateManager (PipelineStateManager.java:addPipeline(56)) - Created pipeline Pipeline[ Id: c95b3edc-070f-431b-80fb-fc0c2cb5b5d7, Nodes: b3e939fd-eb36-468b-9efe-5d0a1fdaa172{ip: 192.168.151.99, host: pr-hdds-1569-g6sp5-2013761785, networkLocation: /default-rack, certSerialId: null}, Type:RATIS, Factor:ONE, State:OPEN]
2019-09-26 15:13:28,553 [grpc-default-executor-0] INFO  impl.RaftServerProxy (RaftServerProxy.java:addNew(89)) - b3e939fd-eb36-468b-9efe-5d0a1fdaa172: addNew group-E2463642327B:[b3e939fd-eb36-468b-9efe-5d0a1fdaa172:192.168.151.99:45433] returns group-E2463642327B:java.util.concurrent.CompletableFuture@42be0909[Not completed]
2019-09-26 15:13:28,553 [pool-27-thread-1] INFO  impl.RaftServerImpl (RaftServerImpl.java:<init>(95)) - b3e939fd-eb36-468b-9efe-5d0a1fdaa172: new RaftServerImpl for group-E2463642327B:[b3e939fd-eb36-468b-9efe-5d0a1fdaa172:192.168.151.99:45433] with ContainerStateMachine:uninitialized
2019-09-26 15:13:28,553 [pool-27-thread-1] INFO  server.RaftServerConfigKeys (ConfUtils.java:logGet(43)) - raft.server.rpc.timeout.min = 5s (custom)
2019-09-26 15:13:28,553 [pool-27-thread-1] INFO  server.RaftServerConfigKeys (ConfUtils.java:logGet(43)) - raft.server.rpc.timeout.max = 5200ms (custom)
2019-09-26 15:13:28,553 [pool-27-thread-1] INFO  server.RaftServerConfigKeys (ConfUtils.java:logGet(43)) - raft.server.rpcslowness.timeout = 120s (custom)
2019-09-26 15:13:28,553 [pool-27-thread-1] INFO  server.RaftServerConfigKeys (ConfUtils.java:logGet(43)) - raft.server.sleep.deviation.threshold = 300 (default)
2019-09-26 15:13:28,554 [pool-27-thread-1] INFO  server.RaftServerConfigKeys (ConfUtils.java:logGet(43)) - raft.server.log.appender.install.snapshot.enabled = false (custom)
2019-09-26 15:13:28,554 [pool-27-thread-1] INFO  impl.RaftServerImpl (ServerState.java:<init>(103)) - b3e939fd-eb36-468b-9efe-5d0a1fdaa172@group-E2463642327B: ConfigurationManager, init=-1: [b3e939fd-eb36-468b-9efe-5d0a1fdaa172:192.168.151.99:45433], old=null, confs=<EMPTY_MAP>
2019-09-26 15:13:28,554 [pool-27-thread-1] INFO  server.RaftServerConfigKeys (ConfUtils.java:logGet(43)) - raft.server.storage.dir = [/workdir/hadoop-ozone/integration-test/target/test-dir/MiniOzoneClusterImpl-7e2f4b2f-6763-4a45-9ec4-264c2cef7c61/datanode-0/data/ratis] (custom)
2019-09-26 15:13:28,554 [pool-27-thread-1] INFO  storage.RaftStorageDirectory (RaftStorageDirectory.java:analyzeStorage(246)) - The storage directory /workdir/hadoop-ozone/integration-test/target/test-dir/MiniOzoneClusterImpl-7e2f4b2f-6763-4a45-9ec4-264c2cef7c61/datanode-0/data/ratis/81a05cd7-a21f-4b5f-b161-e2463642327b does not exist. Creating ...
2019-09-26 15:13:28,579 [pool-27-thread-1] INFO  storage.RaftStorageDirectory (RaftStorageDirectory.java:tryLock(328)) - Lock on /workdir/hadoop-ozone/integration-test/target/test-dir/MiniOzoneClusterImpl-7e2f4b2f-6763-4a45-9ec4-264c2cef7c61/datanode-0/data/ratis/81a05cd7-a21f-4b5f-b161-e2463642327b/in_use.lock acquired by nodename 11803@pr-hdds-1569-g6sp5-2013761785
2019-09-26 15:13:28,592 [pool-27-thread-1] INFO  storage.RaftStorage (RaftStorage.java:format(72)) - Storage directory /workdir/hadoop-ozone/integration-test/target/test-dir/MiniOzoneClusterImpl-7e2f4b2f-6763-4a45-9ec4-264c2cef7c61/datanode-0/data/ratis/81a05cd7-a21f-4b5f-b161-e2463642327b has been successfully formatted.
2019-09-26 15:13:28,592 [pool-27-thread-1] INFO  ratis.ContainerStateMachine (ContainerStateMachine.java:loadSnapshot(230)) - group-E2463642327B: The snapshot info is null. Setting the last applied indexto:(t:0, i:~)
2019-09-26 15:13:28,592 [pool-27-thread-1] INFO  server.RaftServerConfigKeys (ConfUtils.java:logGet(43)) - raft.server.notification.no-leader.timeout = 120s (custom)
2019-09-26 15:13:28,592 [pool-27-thread-1] INFO  server.RaftServerConfigKeys (ConfUtils.java:logGet(43)) - raft.server.log.use.memory = false (default)
2019-09-26 15:13:28,592 [pool-27-thread-1] INFO  server.RaftServerConfigKeys (ConfUtils.java:logGet(43)) - raft.server.log.purge.gap = 1000000 (custom)
2019-09-26 15:13:28,592 [pool-27-thread-1] INFO  server.RaftServerConfigKeys (ConfUtils.java:logGet(43)) - raft.server.log.appender.buffer.byte-limit = 33554432 (custom)
2019-09-26 15:13:28,592 [pool-27-thread-1] INFO  server.RaftServerConfigKeys (ConfUtils.java:logGet(43)) - raft.server.log.segment.size.max = 1048576 (custom)
2019-09-26 15:13:28,593 [pool-27-thread-1] INFO  server.RaftServerConfigKeys (ConfUtils.java:logGet(43)) - raft.server.log.segment.cache.num.max = 2 (custom)
2019-09-26 15:13:28,593 [pool-27-thread-1] INFO  segmented.SegmentedRaftLogWorker (SegmentedRaftLogWorker.java:<init>(172)) - new b3e939fd-eb36-468b-9efe-5d0a1fdaa172@group-E2463642327B-SegmentedRaftLogWorker for RaftStorage:Storage Directory /workdir/hadoop-ozone/integration-test/target/test-dir/MiniOzoneClusterImpl-7e2f4b2f-6763-4a45-9ec4-264c2cef7c61/datanode-0/data/ratis/81a05cd7-a21f-4b5f-b161-e2463642327b
2019-09-26 15:13:28,593 [pool-27-thread-1] INFO  server.RaftServerConfigKeys (ConfUtils.java:logGet(43)) - raft.server.log.queue.byte-limit = 2147483647 (custom)
2019-09-26 15:13:28,593 [pool-27-thread-1] INFO  server.RaftServerConfigKeys (ConfUtils.java:logGet(43)) - raft.server.log.queue.element-limit = 1024 (custom)
2019-09-26 15:13:28,593 [pool-27-thread-1] INFO  server.RaftServerConfigKeys (ConfUtils.java:logGet(43)) - raft.server.log.segment.size.max = 1048576 (custom)
2019-09-26 15:13:28,593 [pool-27-thread-1] INFO  server.RaftServerConfigKeys (ConfUtils.java:logGet(43)) - raft.server.log.preallocated.size = 16384 (custom)
2019-09-26 15:13:28,593 [pool-27-thread-1] INFO  server.RaftServerConfigKeys (ConfUtils.java:logGet(43)) - raft.server.log.write.buffer.size = 33554432 (custom)
2019-09-26 15:13:28,593 [pool-27-thread-1] INFO  server.RaftServerConfigKeys (ConfUtils.java:logGet(43)) - raft.server.log.force.sync.num = 128 (default)
2019-09-26 15:13:28,593 [pool-27-thread-1] INFO  server.RaftServerConfigKeys (ConfUtils.java:logGet(43)) - raft.server.log.statemachine.data.sync = true (default)
2019-09-26 15:13:28,593 [pool-27-thread-1] INFO  server.RaftServerConfigKeys (ConfUtils.java:logGet(43)) - raft.server.log.statemachine.data.sync.timeout = 10s (default)
2019-09-26 15:13:28,593 [pool-27-thread-1] INFO  server.RaftServerConfigKeys (ConfUtils.java:logGet(43)) - raft.server.log.statemachine.data.sync.timeout.retry = -1 (default)
2019-09-26 15:13:28,593 [pool-27-thread-1] INFO  server.RaftServerConfigKeys (ConfUtils.java:logGet(43)) - raft.server.log.statemachine.data.caching.enabled = true (custom)
2019-09-26 15:13:28,594 [pool-27-thread-1] INFO  segmented.SegmentedRaftLogWorker (SegmentedRaftLogWorker.java:lambda$new$0(132)) - b3e939fd-eb36-468b-9efe-5d0a1fdaa172@group-E2463642327B-SegmentedRaftLogWorker: flushIndex: setUnconditionally 0 -> -1
2019-09-26 15:13:28,594 [pool-27-thread-1] INFO  server.RaftServerConfigKeys (ConfUtils.java:logGet(43)) - raft.server.snapshot.auto.trigger.enabled = true (custom)
2019-09-26 15:13:28,594 [pool-27-thread-1] INFO  server.RaftServerConfigKeys (ConfUtils.java:logGet(43)) - raft.server.snapshot.auto.trigger.threshold = 10000 (custom)
2019-09-26 15:13:28,594 [pool-27-thread-1] INFO  server.RaftServerConfigKeys (ConfUtils.java:logGet(43)) - raft.server.snapshot.retention.num.files = 5 (custom)
2019-09-26 15:13:28,594 [pool-27-thread-1] INFO  server.RaftServerConfigKeys (ConfUtils.java:logGet(43)) - raft.server.retrycache.expirytime = 600000ms (custom)
2019-09-26 15:13:28,595 [pool-27-thread-1] INFO  impl.RaftServerImpl (RaftServerImpl.java:start(185)) - b3e939fd-eb36-468b-9efe-5d0a1fdaa172@group-E2463642327B: start as a follower, conf=-1: [b3e939fd-eb36-468b-9efe-5d0a1fdaa172:192.168.151.99:45433], old=null
2019-09-26 15:13:28,595 [pool-27-thread-1] INFO  impl.RaftServerImpl (RaftServerImpl.java:setRole(174)) - b3e939fd-eb36-468b-9efe-5d0a1fdaa172@group-E2463642327B: changes role from      null to FOLLOWER at term 0 for startAsFollower
2019-09-26 15:13:28,595 [pool-27-thread-1] INFO  impl.RoleInfo (RoleInfo.java:updateAndGet(143)) - b3e939fd-eb36-468b-9efe-5d0a1fdaa172: start FollowerState
2019-09-26 15:13:28,595 [pool-27-thread-1] INFO  util.JmxRegister (JmxRegister.java:tryRegister(44)) - Successfully registered JMX Bean with object name Ratis:service=RaftServer,group=group-E2463642327B,id=b3e939fd-eb36-468b-9efe-5d0a1fdaa172
2019-09-26 15:13:28,597 [RatisPipelineUtilsThread] INFO  pipeline.PipelineStateManager (PipelineStateManager.java:addPipeline(56)) - Created pipeline Pipeline[ Id: 81a05cd7-a21f-4b5f-b161-e2463642327b, Nodes: b3e939fd-eb36-468b-9efe-5d0a1fdaa172{ip: 192.168.151.99, host: pr-hdds-1569-g6sp5-2013761785, networkLocation: /default-rack, certSerialId: null}, Type:RATIS, Factor:ONE, State:OPEN]
2019-09-26 15:13:28,600 [grpc-default-executor-0] INFO  impl.RaftServerProxy (RaftServerProxy.java:addNew(89)) - b3e939fd-eb36-468b-9efe-5d0a1fdaa172: addNew group-9F36EFB420F2:[b3e939fd-eb36-468b-9efe-5d0a1fdaa172:192.168.151.99:45433] returns group-9F36EFB420F2:java.util.concurrent.CompletableFuture@4f9a28a6[Not completed]
2019-09-26 15:13:28,601 [pool-27-thread-1] INFO  impl.RaftServerImpl (RaftServerImpl.java:<init>(95)) - b3e939fd-eb36-468b-9efe-5d0a1fdaa172: new RaftServerImpl for group-9F36EFB420F2:[b3e939fd-eb36-468b-9efe-5d0a1fdaa172:192.168.151.99:45433] with ContainerStateMachine:uninitialized
2019-09-26 15:13:28,601 [pool-27-thread-1] INFO  server.RaftServerConfigKeys (ConfUtils.java:logGet(43)) - raft.server.rpc.timeout.min = 5s (custom)
2019-09-26 15:13:28,601 [pool-27-thread-1] INFO  server.RaftServerConfigKeys (ConfUtils.java:logGet(43)) - raft.server.rpc.timeout.max = 5200ms (custom)
2019-09-26 15:13:28,601 [pool-27-thread-1] INFO  server.RaftServerConfigKeys (ConfUtils.java:logGet(43)) - raft.server.rpcslowness.timeout = 120s (custom)
2019-09-26 15:13:28,601 [pool-27-thread-1] INFO  server.RaftServerConfigKeys (ConfUtils.java:logGet(43)) - raft.server.sleep.deviation.threshold = 300 (default)
2019-09-26 15:13:28,601 [pool-27-thread-1] INFO  server.RaftServerConfigKeys (ConfUtils.java:logGet(43)) - raft.server.log.appender.install.snapshot.enabled = false (custom)
2019-09-26 15:13:28,601 [pool-27-thread-1] INFO  impl.RaftServerImpl (ServerState.java:<init>(103)) - b3e939fd-eb36-468b-9efe-5d0a1fdaa172@group-9F36EFB420F2: ConfigurationManager, init=-1: [b3e939fd-eb36-468b-9efe-5d0a1fdaa172:192.168.151.99:45433], old=null, confs=<EMPTY_MAP>
2019-09-26 15:13:28,601 [pool-27-thread-1] INFO  server.RaftServerConfigKeys (ConfUtils.java:logGet(43)) - raft.server.storage.dir = [/workdir/hadoop-ozone/integration-test/target/test-dir/MiniOzoneClusterImpl-7e2f4b2f-6763-4a45-9ec4-264c2cef7c61/datanode-0/data/ratis] (custom)
2019-09-26 15:13:28,602 [pool-27-thread-1] INFO  storage.RaftStorageDirectory (RaftStorageDirectory.java:analyzeStorage(246)) - The storage directory /workdir/hadoop-ozone/integration-test/target/test-dir/MiniOzoneClusterImpl-7e2f4b2f-6763-4a45-9ec4-264c2cef7c61/datanode-0/data/ratis/867025bb-7b6b-408a-b0fe-9f36efb420f2 does not exist. Creating ...
2019-09-26 15:13:28,629 [pool-27-thread-1] INFO  storage.RaftStorageDirectory (RaftStorageDirectory.java:tryLock(328)) - Lock on /workdir/hadoop-ozone/integration-test/target/test-dir/MiniOzoneClusterImpl-7e2f4b2f-6763-4a45-9ec4-264c2cef7c61/datanode-0/data/ratis/867025bb-7b6b-408a-b0fe-9f36efb420f2/in_use.lock acquired by nodename 11803@pr-hdds-1569-g6sp5-2013761785
2019-09-26 15:13:28,641 [pool-27-thread-1] INFO  storage.RaftStorage (RaftStorage.java:format(72)) - Storage directory /workdir/hadoop-ozone/integration-test/target/test-dir/MiniOzoneClusterImpl-7e2f4b2f-6763-4a45-9ec4-264c2cef7c61/datanode-0/data/ratis/867025bb-7b6b-408a-b0fe-9f36efb420f2 has been successfully formatted.
2019-09-26 15:13:28,641 [pool-27-thread-1] INFO  ratis.ContainerStateMachine (ContainerStateMachine.java:loadSnapshot(230)) - group-9F36EFB420F2: The snapshot info is null. Setting the last applied indexto:(t:0, i:~)
2019-09-26 15:13:28,641 [pool-27-thread-1] INFO  server.RaftServerConfigKeys (ConfUtils.java:logGet(43)) - raft.server.notification.no-leader.timeout = 120s (custom)
2019-09-26 15:13:28,641 [pool-27-thread-1] INFO  server.RaftServerConfigKeys (ConfUtils.java:logGet(43)) - raft.server.log.use.memory = false (default)
2019-09-26 15:13:28,642 [pool-27-thread-1] INFO  server.RaftServerConfigKeys (ConfUtils.java:logGet(43)) - raft.server.log.purge.gap = 1000000 (custom)
2019-09-26 15:13:28,642 [pool-27-thread-1] INFO  server.RaftServerConfigKeys (ConfUtils.java:logGet(43)) - raft.server.log.appender.buffer.byte-limit = 33554432 (custom)
2019-09-26 15:13:28,642 [pool-27-thread-1] INFO  server.RaftServerConfigKeys (ConfUtils.java:logGet(43)) - raft.server.log.segment.size.max = 1048576 (custom)
2019-09-26 15:13:28,642 [pool-27-thread-1] INFO  server.RaftServerConfigKeys (ConfUtils.java:logGet(43)) - raft.server.log.segment.cache.num.max = 2 (custom)
2019-09-26 15:13:28,642 [pool-27-thread-1] INFO  segmented.SegmentedRaftLogWorker (SegmentedRaftLogWorker.java:<init>(172)) - new b3e939fd-eb36-468b-9efe-5d0a1fdaa172@group-9F36EFB420F2-SegmentedRaftLogWorker for RaftStorage:Storage Directory /workdir/hadoop-ozone/integration-test/target/test-dir/MiniOzoneClusterImpl-7e2f4b2f-6763-4a45-9ec4-264c2cef7c61/datanode-0/data/ratis/867025bb-7b6b-408a-b0fe-9f36efb420f2
2019-09-26 15:13:28,642 [pool-27-thread-1] INFO  server.RaftServerConfigKeys (ConfUtils.java:logGet(43)) - raft.server.log.queue.byte-limit = 2147483647 (custom)
2019-09-26 15:13:28,642 [pool-27-thread-1] INFO  server.RaftServerConfigKeys (ConfUtils.java:logGet(43)) - raft.server.log.queue.element-limit = 1024 (custom)
2019-09-26 15:13:28,642 [pool-27-thread-1] INFO  server.RaftServerConfigKeys (ConfUtils.java:logGet(43)) - raft.server.log.segment.size.max = 1048576 (custom)
2019-09-26 15:13:28,642 [pool-27-thread-1] INFO  server.RaftServerConfigKeys (ConfUtils.java:logGet(43)) - raft.server.log.preallocated.size = 16384 (custom)
2019-09-26 15:13:28,642 [pool-27-thread-1] INFO  server.RaftServerConfigKeys (ConfUtils.java:logGet(43)) - raft.server.log.write.buffer.size = 33554432 (custom)
2019-09-26 15:13:28,642 [pool-27-thread-1] INFO  server.RaftServerConfigKeys (ConfUtils.java:logGet(43)) - raft.server.log.force.sync.num = 128 (default)
2019-09-26 15:13:28,642 [pool-27-thread-1] INFO  server.RaftServerConfigKeys (ConfUtils.java:logGet(43)) - raft.server.log.statemachine.data.sync = true (default)
2019-09-26 15:13:28,643 [pool-27-thread-1] INFO  server.RaftServerConfigKeys (ConfUtils.java:logGet(43)) - raft.server.log.statemachine.data.sync.timeout = 10s (default)
2019-09-26 15:13:28,643 [pool-27-thread-1] INFO  server.RaftServerConfigKeys (ConfUtils.java:logGet(43)) - raft.server.log.statemachine.data.sync.timeout.retry = -1 (default)
2019-09-26 15:13:28,643 [pool-27-thread-1] INFO  server.RaftServerConfigKeys (ConfUtils.java:logGet(43)) - raft.server.log.statemachine.data.caching.enabled = true (custom)
2019-09-26 15:13:28,643 [pool-27-thread-1] INFO  segmented.SegmentedRaftLogWorker (SegmentedRaftLogWorker.java:lambda$new$0(132)) - b3e939fd-eb36-468b-9efe-5d0a1fdaa172@group-9F36EFB420F2-SegmentedRaftLogWorker: flushIndex: setUnconditionally 0 -> -1
2019-09-26 15:13:28,643 [pool-27-thread-1] INFO  server.RaftServerConfigKeys (ConfUtils.java:logGet(43)) - raft.server.snapshot.auto.trigger.enabled = true (custom)
2019-09-26 15:13:28,643 [pool-27-thread-1] INFO  server.RaftServerConfigKeys (ConfUtils.java:logGet(43)) - raft.server.snapshot.auto.trigger.threshold = 10000 (custom)
2019-09-26 15:13:28,643 [pool-27-thread-1] INFO  server.RaftServerConfigKeys (ConfUtils.java:logGet(43)) - raft.server.snapshot.retention.num.files = 5 (custom)
2019-09-26 15:13:28,643 [pool-27-thread-1] INFO  server.RaftServerConfigKeys (ConfUtils.java:logGet(43)) - raft.server.retrycache.expirytime = 600000ms (custom)
2019-09-26 15:13:28,644 [pool-27-thread-1] INFO  impl.RaftServerImpl (RaftServerImpl.java:start(185)) - b3e939fd-eb36-468b-9efe-5d0a1fdaa172@group-9F36EFB420F2: start as a follower, conf=-1: [b3e939fd-eb36-468b-9efe-5d0a1fdaa172:192.168.151.99:45433], old=null
2019-09-26 15:13:28,645 [pool-27-thread-1] INFO  impl.RaftServerImpl (RaftServerImpl.java:setRole(174)) - b3e939fd-eb36-468b-9efe-5d0a1fdaa172@group-9F36EFB420F2: changes role from      null to FOLLOWER at term 0 for startAsFollower
2019-09-26 15:13:28,645 [pool-27-thread-1] INFO  impl.RoleInfo (RoleInfo.java:updateAndGet(143)) - b3e939fd-eb36-468b-9efe-5d0a1fdaa172: start FollowerState
2019-09-26 15:13:28,645 [pool-27-thread-1] INFO  util.JmxRegister (JmxRegister.java:tryRegister(44)) - Successfully registered JMX Bean with object name Ratis:service=RaftServer,group=group-9F36EFB420F2,id=b3e939fd-eb36-468b-9efe-5d0a1fdaa172
2019-09-26 15:13:28,646 [RatisPipelineUtilsThread] INFO  pipeline.PipelineStateManager (PipelineStateManager.java:addPipeline(56)) - Created pipeline Pipeline[ Id: 867025bb-7b6b-408a-b0fe-9f36efb420f2, Nodes: b3e939fd-eb36-468b-9efe-5d0a1fdaa172{ip: 192.168.151.99, host: pr-hdds-1569-g6sp5-2013761785, networkLocation: /default-rack, certSerialId: null}, Type:RATIS, Factor:ONE, State:OPEN]
2019-09-26 15:13:28,650 [grpc-default-executor-0] INFO  impl.RaftServerProxy (RaftServerProxy.java:addNew(89)) - b3e939fd-eb36-468b-9efe-5d0a1fdaa172: addNew group-10287887346D:[b3e939fd-eb36-468b-9efe-5d0a1fdaa172:192.168.151.99:45433] returns group-10287887346D:java.util.concurrent.CompletableFuture@3b15db25[Not completed]
2019-09-26 15:13:28,650 [pool-27-thread-1] INFO  impl.RaftServerImpl (RaftServerImpl.java:<init>(95)) - b3e939fd-eb36-468b-9efe-5d0a1fdaa172: new RaftServerImpl for group-10287887346D:[b3e939fd-eb36-468b-9efe-5d0a1fdaa172:192.168.151.99:45433] with ContainerStateMachine:uninitialized
2019-09-26 15:13:28,650 [pool-27-thread-1] INFO  server.RaftServerConfigKeys (ConfUtils.java:logGet(43)) - raft.server.rpc.timeout.min = 5s (custom)
2019-09-26 15:13:28,650 [pool-27-thread-1] INFO  server.RaftServerConfigKeys (ConfUtils.java:logGet(43)) - raft.server.rpc.timeout.max = 5200ms (custom)
2019-09-26 15:13:28,651 [pool-27-thread-1] INFO  server.RaftServerConfigKeys (ConfUtils.java:logGet(43)) - raft.server.rpcslowness.timeout = 120s (custom)
2019-09-26 15:13:28,651 [pool-27-thread-1] INFO  server.RaftServerConfigKeys (ConfUtils.java:logGet(43)) - raft.server.sleep.deviation.threshold = 300 (default)
2019-09-26 15:13:28,651 [pool-27-thread-1] INFO  server.RaftServerConfigKeys (ConfUtils.java:logGet(43)) - raft.server.log.appender.install.snapshot.enabled = false (custom)
2019-09-26 15:13:28,651 [pool-27-thread-1] INFO  impl.RaftServerImpl (ServerState.java:<init>(103)) - b3e939fd-eb36-468b-9efe-5d0a1fdaa172@group-10287887346D: ConfigurationManager, init=-1: [b3e939fd-eb36-468b-9efe-5d0a1fdaa172:192.168.151.99:45433], old=null, confs=<EMPTY_MAP>
2019-09-26 15:13:28,651 [pool-27-thread-1] INFO  server.RaftServerConfigKeys (ConfUtils.java:logGet(43)) - raft.server.storage.dir = [/workdir/hadoop-ozone/integration-test/target/test-dir/MiniOzoneClusterImpl-7e2f4b2f-6763-4a45-9ec4-264c2cef7c61/datanode-0/data/ratis] (custom)
2019-09-26 15:13:28,652 [pool-27-thread-1] INFO  storage.RaftStorageDirectory (RaftStorageDirectory.java:analyzeStorage(246)) - The storage directory /workdir/hadoop-ozone/integration-test/target/test-dir/MiniOzoneClusterImpl-7e2f4b2f-6763-4a45-9ec4-264c2cef7c61/datanode-0/data/ratis/4c87f0df-4c31-461f-852f-10287887346d does not exist. Creating ...
2019-09-26 15:13:28,664 [pool-27-thread-1] INFO  storage.RaftStorageDirectory (RaftStorageDirectory.java:tryLock(328)) - Lock on /workdir/hadoop-ozone/integration-test/target/test-dir/MiniOzoneClusterImpl-7e2f4b2f-6763-4a45-9ec4-264c2cef7c61/datanode-0/data/ratis/4c87f0df-4c31-461f-852f-10287887346d/in_use.lock acquired by nodename 11803@pr-hdds-1569-g6sp5-2013761785
2019-09-26 15:13:28,667 [pool-27-thread-1] INFO  storage.RaftStorage (RaftStorage.java:format(72)) - Storage directory /workdir/hadoop-ozone/integration-test/target/test-dir/MiniOzoneClusterImpl-7e2f4b2f-6763-4a45-9ec4-264c2cef7c61/datanode-0/data/ratis/4c87f0df-4c31-461f-852f-10287887346d has been successfully formatted.
2019-09-26 15:13:28,667 [pool-27-thread-1] INFO  ratis.ContainerStateMachine (ContainerStateMachine.java:loadSnapshot(230)) - group-10287887346D: The snapshot info is null. Setting the last applied indexto:(t:0, i:~)
2019-09-26 15:13:28,667 [pool-27-thread-1] INFO  server.RaftServerConfigKeys (ConfUtils.java:logGet(43)) - raft.server.notification.no-leader.timeout = 120s (custom)
2019-09-26 15:13:28,667 [pool-27-thread-1] INFO  server.RaftServerConfigKeys (ConfUtils.java:logGet(43)) - raft.server.log.use.memory = false (default)
2019-09-26 15:13:28,667 [pool-27-thread-1] INFO  server.RaftServerConfigKeys (ConfUtils.java:logGet(43)) - raft.server.log.purge.gap = 1000000 (custom)
2019-09-26 15:13:28,667 [pool-27-thread-1] INFO  server.RaftServerConfigKeys (ConfUtils.java:logGet(43)) - raft.server.log.appender.buffer.byte-limit = 33554432 (custom)
2019-09-26 15:13:28,667 [pool-27-thread-1] INFO  server.RaftServerConfigKeys (ConfUtils.java:logGet(43)) - raft.server.log.segment.size.max = 1048576 (custom)
2019-09-26 15:13:28,667 [pool-27-thread-1] INFO  server.RaftServerConfigKeys (ConfUtils.java:logGet(43)) - raft.server.log.segment.cache.num.max = 2 (custom)
2019-09-26 15:13:28,667 [pool-27-thread-1] INFO  segmented.SegmentedRaftLogWorker (SegmentedRaftLogWorker.java:<init>(172)) - new b3e939fd-eb36-468b-9efe-5d0a1fdaa172@group-10287887346D-SegmentedRaftLogWorker for RaftStorage:Storage Directory /workdir/hadoop-ozone/integration-test/target/test-dir/MiniOzoneClusterImpl-7e2f4b2f-6763-4a45-9ec4-264c2cef7c61/datanode-0/data/ratis/4c87f0df-4c31-461f-852f-10287887346d
2019-09-26 15:13:28,668 [pool-27-thread-1] INFO  server.RaftServerConfigKeys (ConfUtils.java:logGet(43)) - raft.server.log.queue.byte-limit = 2147483647 (custom)
2019-09-26 15:13:28,668 [pool-27-thread-1] INFO  server.RaftServerConfigKeys (ConfUtils.java:logGet(43)) - raft.server.log.queue.element-limit = 1024 (custom)
2019-09-26 15:13:28,668 [pool-27-thread-1] INFO  server.RaftServerConfigKeys (ConfUtils.java:logGet(43)) - raft.server.log.segment.size.max = 1048576 (custom)
2019-09-26 15:13:28,668 [pool-27-thread-1] INFO  server.RaftServerConfigKeys (ConfUtils.java:logGet(43)) - raft.server.log.preallocated.size = 16384 (custom)
2019-09-26 15:13:28,668 [pool-27-thread-1] INFO  server.RaftServerConfigKeys (ConfUtils.java:logGet(43)) - raft.server.log.write.buffer.size = 33554432 (custom)
2019-09-26 15:13:28,668 [pool-27-thread-1] INFO  server.RaftServerConfigKeys (ConfUtils.java:logGet(43)) - raft.server.log.force.sync.num = 128 (default)
2019-09-26 15:13:28,668 [pool-27-thread-1] INFO  server.RaftServerConfigKeys (ConfUtils.java:logGet(43)) - raft.server.log.statemachine.data.sync = true (default)
2019-09-26 15:13:28,668 [pool-27-thread-1] INFO  server.RaftServerConfigKeys (ConfUtils.java:logGet(43)) - raft.server.log.statemachine.data.sync.timeout = 10s (default)
2019-09-26 15:13:28,668 [pool-27-thread-1] INFO  server.RaftServerConfigKeys (ConfUtils.java:logGet(43)) - raft.server.log.statemachine.data.sync.timeout.retry = -1 (default)
2019-09-26 15:13:28,668 [pool-27-thread-1] INFO  server.RaftServerConfigKeys (ConfUtils.java:logGet(43)) - raft.server.log.statemachine.data.caching.enabled = true (custom)
2019-09-26 15:13:28,668 [pool-27-thread-1] INFO  segmented.SegmentedRaftLogWorker (SegmentedRaftLogWorker.java:lambda$new$0(132)) - b3e939fd-eb36-468b-9efe-5d0a1fdaa172@group-10287887346D-SegmentedRaftLogWorker: flushIndex: setUnconditionally 0 -> -1
2019-09-26 15:13:28,669 [pool-27-thread-1] INFO  server.RaftServerConfigKeys (ConfUtils.java:logGet(43)) - raft.server.snapshot.auto.trigger.enabled = true (custom)
2019-09-26 15:13:28,669 [pool-27-thread-1] INFO  server.RaftServerConfigKeys (ConfUtils.java:logGet(43)) - raft.server.snapshot.auto.trigger.threshold = 10000 (custom)
2019-09-26 15:13:28,669 [pool-27-thread-1] INFO  server.RaftServerConfigKeys (ConfUtils.java:logGet(43)) - raft.server.snapshot.retention.num.files = 5 (custom)
2019-09-26 15:13:28,669 [pool-27-thread-1] INFO  server.RaftServerConfigKeys (ConfUtils.java:logGet(43)) - raft.server.retrycache.expirytime = 600000ms (custom)
2019-09-26 15:13:28,670 [pool-27-thread-1] INFO  impl.RaftServerImpl (RaftServerImpl.java:start(185)) - b3e939fd-eb36-468b-9efe-5d0a1fdaa172@group-10287887346D: start as a follower, conf=-1: [b3e939fd-eb36-468b-9efe-5d0a1fdaa172:192.168.151.99:45433], old=null
2019-09-26 15:13:28,670 [pool-27-thread-1] INFO  impl.RaftServerImpl (RaftServerImpl.java:setRole(174)) - b3e939fd-eb36-468b-9efe-5d0a1fdaa172@group-10287887346D: changes role from      null to FOLLOWER at term 0 for startAsFollower
2019-09-26 15:13:28,670 [pool-27-thread-1] INFO  impl.RoleInfo (RoleInfo.java:updateAndGet(143)) - b3e939fd-eb36-468b-9efe-5d0a1fdaa172: start FollowerState
2019-09-26 15:13:28,670 [pool-27-thread-1] INFO  util.JmxRegister (JmxRegister.java:tryRegister(44)) - Successfully registered JMX Bean with object name Ratis:service=RaftServer,group=group-10287887346D,id=b3e939fd-eb36-468b-9efe-5d0a1fdaa172
2019-09-26 15:13:28,671 [RatisPipelineUtilsThread] INFO  pipeline.PipelineStateManager (PipelineStateManager.java:addPipeline(56)) - Created pipeline Pipeline[ Id: 4c87f0df-4c31-461f-852f-10287887346d, Nodes: b3e939fd-eb36-468b-9efe-5d0a1fdaa172{ip: 192.168.151.99, host: pr-hdds-1569-g6sp5-2013761785, networkLocation: /default-rack, certSerialId: null}, Type:RATIS, Factor:ONE, State:OPEN]
2019-09-26 15:13:28,674 [grpc-default-executor-0] INFO  impl.RaftServerProxy (RaftServerProxy.java:addNew(89)) - b3e939fd-eb36-468b-9efe-5d0a1fdaa172: addNew group-C47DA51F7039:[b3e939fd-eb36-468b-9efe-5d0a1fdaa172:192.168.151.99:45433] returns group-C47DA51F7039:java.util.concurrent.CompletableFuture@26a410de[Not completed]
2019-09-26 15:13:28,675 [pool-27-thread-1] INFO  impl.RaftServerImpl (RaftServerImpl.java:<init>(95)) - b3e939fd-eb36-468b-9efe-5d0a1fdaa172: new RaftServerImpl for group-C47DA51F7039:[b3e939fd-eb36-468b-9efe-5d0a1fdaa172:192.168.151.99:45433] with ContainerStateMachine:uninitialized
2019-09-26 15:13:28,675 [pool-27-thread-1] INFO  server.RaftServerConfigKeys (ConfUtils.java:logGet(43)) - raft.server.rpc.timeout.min = 5s (custom)
2019-09-26 15:13:28,675 [pool-27-thread-1] INFO  server.RaftServerConfigKeys (ConfUtils.java:logGet(43)) - raft.server.rpc.timeout.max = 5200ms (custom)
2019-09-26 15:13:28,675 [pool-27-thread-1] INFO  server.RaftServerConfigKeys (ConfUtils.java:logGet(43)) - raft.server.rpcslowness.timeout = 120s (custom)
2019-09-26 15:13:28,675 [pool-27-thread-1] INFO  server.RaftServerConfigKeys (ConfUtils.java:logGet(43)) - raft.server.sleep.deviation.threshold = 300 (default)
2019-09-26 15:13:28,675 [pool-27-thread-1] INFO  server.RaftServerConfigKeys (ConfUtils.java:logGet(43)) - raft.server.log.appender.install.snapshot.enabled = false (custom)
2019-09-26 15:13:28,675 [pool-27-thread-1] INFO  impl.RaftServerImpl (ServerState.java:<init>(103)) - b3e939fd-eb36-468b-9efe-5d0a1fdaa172@group-C47DA51F7039: ConfigurationManager, init=-1: [b3e939fd-eb36-468b-9efe-5d0a1fdaa172:192.168.151.99:45433], old=null, confs=<EMPTY_MAP>
2019-09-26 15:13:28,675 [pool-27-thread-1] INFO  server.RaftServerConfigKeys (ConfUtils.java:logGet(43)) - raft.server.storage.dir = [/workdir/hadoop-ozone/integration-test/target/test-dir/MiniOzoneClusterImpl-7e2f4b2f-6763-4a45-9ec4-264c2cef7c61/datanode-0/data/ratis] (custom)
2019-09-26 15:13:28,676 [pool-27-thread-1] INFO  storage.RaftStorageDirectory (RaftStorageDirectory.java:analyzeStorage(246)) - The storage directory /workdir/hadoop-ozone/integration-test/target/test-dir/MiniOzoneClusterImpl-7e2f4b2f-6763-4a45-9ec4-264c2cef7c61/datanode-0/data/ratis/8ee60815-4252-4825-a034-c47da51f7039 does not exist. Creating ...
2019-09-26 15:13:28,689 [pool-27-thread-1] INFO  storage.RaftStorageDirectory (RaftStorageDirectory.java:tryLock(328)) - Lock on /workdir/hadoop-ozone/integration-test/target/test-dir/MiniOzoneClusterImpl-7e2f4b2f-6763-4a45-9ec4-264c2cef7c61/datanode-0/data/ratis/8ee60815-4252-4825-a034-c47da51f7039/in_use.lock acquired by nodename 11803@pr-hdds-1569-g6sp5-2013761785
2019-09-26 15:13:28,692 [pool-27-thread-1] INFO  storage.RaftStorage (RaftStorage.java:format(72)) - Storage directory /workdir/hadoop-ozone/integration-test/target/test-dir/MiniOzoneClusterImpl-7e2f4b2f-6763-4a45-9ec4-264c2cef7c61/datanode-0/data/ratis/8ee60815-4252-4825-a034-c47da51f7039 has been successfully formatted.
2019-09-26 15:13:28,692 [pool-27-thread-1] INFO  ratis.ContainerStateMachine (ContainerStateMachine.java:loadSnapshot(230)) - group-C47DA51F7039: The snapshot info is null. Setting the last applied indexto:(t:0, i:~)
2019-09-26 15:13:28,692 [pool-27-thread-1] INFO  server.RaftServerConfigKeys (ConfUtils.java:logGet(43)) - raft.server.notification.no-leader.timeout = 120s (custom)
2019-09-26 15:13:28,692 [pool-27-thread-1] INFO  server.RaftServerConfigKeys (ConfUtils.java:logGet(43)) - raft.server.log.use.memory = false (default)
2019-09-26 15:13:28,692 [pool-27-thread-1] INFO  server.RaftServerConfigKeys (ConfUtils.java:logGet(43)) - raft.server.log.purge.gap = 1000000 (custom)
2019-09-26 15:13:28,692 [pool-27-thread-1] INFO  server.RaftServerConfigKeys (ConfUtils.java:logGet(43)) - raft.server.log.appender.buffer.byte-limit = 33554432 (custom)
2019-09-26 15:13:28,692 [pool-27-thread-1] INFO  server.RaftServerConfigKeys (ConfUtils.java:logGet(43)) - raft.server.log.segment.size.max = 1048576 (custom)
2019-09-26 15:13:28,692 [pool-27-thread-1] INFO  server.RaftServerConfigKeys (ConfUtils.java:logGet(43)) - raft.server.log.segment.cache.num.max = 2 (custom)
2019-09-26 15:13:28,693 [pool-27-thread-1] INFO  segmented.SegmentedRaftLogWorker (SegmentedRaftLogWorker.java:<init>(172)) - new b3e939fd-eb36-468b-9efe-5d0a1fdaa172@group-C47DA51F7039-SegmentedRaftLogWorker for RaftStorage:Storage Directory /workdir/hadoop-ozone/integration-test/target/test-dir/MiniOzoneClusterImpl-7e2f4b2f-6763-4a45-9ec4-264c2cef7c61/datanode-0/data/ratis/8ee60815-4252-4825-a034-c47da51f7039
2019-09-26 15:13:28,693 [pool-27-thread-1] INFO  server.RaftServerConfigKeys (ConfUtils.java:logGet(43)) - raft.server.log.queue.byte-limit = 2147483647 (custom)
2019-09-26 15:13:28,693 [pool-27-thread-1] INFO  server.RaftServerConfigKeys (ConfUtils.java:logGet(43)) - raft.server.log.queue.element-limit = 1024 (custom)
2019-09-26 15:13:28,693 [pool-27-thread-1] INFO  server.RaftServerConfigKeys (ConfUtils.java:logGet(43)) - raft.server.log.segment.size.max = 1048576 (custom)
2019-09-26 15:13:28,693 [pool-27-thread-1] INFO  server.RaftServerConfigKeys (ConfUtils.java:logGet(43)) - raft.server.log.preallocated.size = 16384 (custom)
2019-09-26 15:13:28,693 [pool-27-thread-1] INFO  server.RaftServerConfigKeys (ConfUtils.java:logGet(43)) - raft.server.log.write.buffer.size = 33554432 (custom)
2019-09-26 15:13:28,693 [pool-27-thread-1] INFO  server.RaftServerConfigKeys (ConfUtils.java:logGet(43)) - raft.server.log.force.sync.num = 128 (default)
2019-09-26 15:13:28,693 [pool-27-thread-1] INFO  server.RaftServerConfigKeys (ConfUtils.java:logGet(43)) - raft.server.log.statemachine.data.sync = true (default)
2019-09-26 15:13:28,693 [pool-27-thread-1] INFO  server.RaftServerConfigKeys (ConfUtils.java:logGet(43)) - raft.server.log.statemachine.data.sync.timeout = 10s (default)
2019-09-26 15:13:28,693 [pool-27-thread-1] INFO  server.RaftServerConfigKeys (ConfUtils.java:logGet(43)) - raft.server.log.statemachine.data.sync.timeout.retry = -1 (default)
2019-09-26 15:13:28,693 [pool-27-thread-1] INFO  server.RaftServerConfigKeys (ConfUtils.java:logGet(43)) - raft.server.log.statemachine.data.caching.enabled = true (custom)
2019-09-26 15:13:28,693 [pool-27-thread-1] INFO  segmented.SegmentedRaftLogWorker (SegmentedRaftLogWorker.java:lambda$new$0(132)) - b3e939fd-eb36-468b-9efe-5d0a1fdaa172@group-C47DA51F7039-SegmentedRaftLogWorker: flushIndex: setUnconditionally 0 -> -1
2019-09-26 15:13:28,694 [pool-27-thread-1] INFO  server.RaftServerConfigKeys (ConfUtils.java:logGet(43)) - raft.server.snapshot.auto.trigger.enabled = true (custom)
2019-09-26 15:13:28,694 [pool-27-thread-1] INFO  server.RaftServerConfigKeys (ConfUtils.java:logGet(43)) - raft.server.snapshot.auto.trigger.threshold = 10000 (custom)
2019-09-26 15:13:28,694 [pool-27-thread-1] INFO  server.RaftServerConfigKeys (ConfUtils.java:logGet(43)) - raft.server.snapshot.retention.num.files = 5 (custom)
2019-09-26 15:13:28,694 [pool-27-thread-1] INFO  server.RaftServerConfigKeys (ConfUtils.java:logGet(43)) - raft.server.retrycache.expirytime = 600000ms (custom)
2019-09-26 15:13:28,695 [pool-27-thread-1] INFO  impl.RaftServerImpl (RaftServerImpl.java:start(185)) - b3e939fd-eb36-468b-9efe-5d0a1fdaa172@group-C47DA51F7039: start as a follower, conf=-1: [b3e939fd-eb36-468b-9efe-5d0a1fdaa172:192.168.151.99:45433], old=null
2019-09-26 15:13:28,695 [pool-27-thread-1] INFO  impl.RaftServerImpl (RaftServerImpl.java:setRole(174)) - b3e939fd-eb36-468b-9efe-5d0a1fdaa172@group-C47DA51F7039: changes role from      null to FOLLOWER at term 0 for startAsFollower
2019-09-26 15:13:28,695 [pool-27-thread-1] INFO  impl.RoleInfo (RoleInfo.java:updateAndGet(143)) - b3e939fd-eb36-468b-9efe-5d0a1fdaa172: start FollowerState
2019-09-26 15:13:28,695 [pool-27-thread-1] INFO  util.JmxRegister (JmxRegister.java:tryRegister(44)) - Successfully registered JMX Bean with object name Ratis:service=RaftServer,group=group-C47DA51F7039,id=b3e939fd-eb36-468b-9efe-5d0a1fdaa172
2019-09-26 15:13:28,697 [RatisPipelineUtilsThread] INFO  pipeline.PipelineStateManager (PipelineStateManager.java:addPipeline(56)) - Created pipeline Pipeline[ Id: 8ee60815-4252-4825-a034-c47da51f7039, Nodes: b3e939fd-eb36-468b-9efe-5d0a1fdaa172{ip: 192.168.151.99, host: pr-hdds-1569-g6sp5-2013761785, networkLocation: /default-rack, certSerialId: null}, Type:RATIS, Factor:ONE, State:OPEN]
2019-09-26 15:13:28,700 [grpc-default-executor-0] INFO  impl.RaftServerProxy (RaftServerProxy.java:addNew(89)) - b3e939fd-eb36-468b-9efe-5d0a1fdaa172: addNew group-28A0353D16EE:[b3e939fd-eb36-468b-9efe-5d0a1fdaa172:192.168.151.99:45433] returns group-28A0353D16EE:java.util.concurrent.CompletableFuture@31c4514d[Not completed]
2019-09-26 15:13:28,700 [pool-27-thread-1] INFO  impl.RaftServerImpl (RaftServerImpl.java:<init>(95)) - b3e939fd-eb36-468b-9efe-5d0a1fdaa172: new RaftServerImpl for group-28A0353D16EE:[b3e939fd-eb36-468b-9efe-5d0a1fdaa172:192.168.151.99:45433] with ContainerStateMachine:uninitialized
2019-09-26 15:13:28,700 [pool-27-thread-1] INFO  server.RaftServerConfigKeys (ConfUtils.java:logGet(43)) - raft.server.rpc.timeout.min = 5s (custom)
2019-09-26 15:13:28,701 [pool-27-thread-1] INFO  server.RaftServerConfigKeys (ConfUtils.java:logGet(43)) - raft.server.rpc.timeout.max = 5200ms (custom)
2019-09-26 15:13:28,701 [pool-27-thread-1] INFO  server.RaftServerConfigKeys (ConfUtils.java:logGet(43)) - raft.server.rpcslowness.timeout = 120s (custom)
2019-09-26 15:13:28,701 [pool-27-thread-1] INFO  server.RaftServerConfigKeys (ConfUtils.java:logGet(43)) - raft.server.sleep.deviation.threshold = 300 (default)
2019-09-26 15:13:28,701 [pool-27-thread-1] INFO  server.RaftServerConfigKeys (ConfUtils.java:logGet(43)) - raft.server.log.appender.install.snapshot.enabled = false (custom)
2019-09-26 15:13:28,701 [pool-27-thread-1] INFO  impl.RaftServerImpl (ServerState.java:<init>(103)) - b3e939fd-eb36-468b-9efe-5d0a1fdaa172@group-28A0353D16EE: ConfigurationManager, init=-1: [b3e939fd-eb36-468b-9efe-5d0a1fdaa172:192.168.151.99:45433], old=null, confs=<EMPTY_MAP>
2019-09-26 15:13:28,701 [pool-27-thread-1] INFO  server.RaftServerConfigKeys (ConfUtils.java:logGet(43)) - raft.server.storage.dir = [/workdir/hadoop-ozone/integration-test/target/test-dir/MiniOzoneClusterImpl-7e2f4b2f-6763-4a45-9ec4-264c2cef7c61/datanode-0/data/ratis] (custom)
2019-09-26 15:13:28,702 [pool-27-thread-1] INFO  storage.RaftStorageDirectory (RaftStorageDirectory.java:analyzeStorage(246)) - The storage directory /workdir/hadoop-ozone/integration-test/target/test-dir/MiniOzoneClusterImpl-7e2f4b2f-6763-4a45-9ec4-264c2cef7c61/datanode-0/data/ratis/7d0f0127-9215-48e6-bb1c-28a0353d16ee does not exist. Creating ...
2019-09-26 15:13:28,715 [pool-27-thread-1] INFO  storage.RaftStorageDirectory (RaftStorageDirectory.java:tryLock(328)) - Lock on /workdir/hadoop-ozone/integration-test/target/test-dir/MiniOzoneClusterImpl-7e2f4b2f-6763-4a45-9ec4-264c2cef7c61/datanode-0/data/ratis/7d0f0127-9215-48e6-bb1c-28a0353d16ee/in_use.lock acquired by nodename 11803@pr-hdds-1569-g6sp5-2013761785
2019-09-26 15:13:28,727 [pool-27-thread-1] INFO  storage.RaftStorage (RaftStorage.java:format(72)) - Storage directory /workdir/hadoop-ozone/integration-test/target/test-dir/MiniOzoneClusterImpl-7e2f4b2f-6763-4a45-9ec4-264c2cef7c61/datanode-0/data/ratis/7d0f0127-9215-48e6-bb1c-28a0353d16ee has been successfully formatted.
2019-09-26 15:13:28,728 [pool-27-thread-1] INFO  ratis.ContainerStateMachine (ContainerStateMachine.java:loadSnapshot(230)) - group-28A0353D16EE: The snapshot info is null. Setting the last applied indexto:(t:0, i:~)
2019-09-26 15:13:28,728 [pool-27-thread-1] INFO  server.RaftServerConfigKeys (ConfUtils.java:logGet(43)) - raft.server.notification.no-leader.timeout = 120s (custom)
2019-09-26 15:13:28,728 [pool-27-thread-1] INFO  server.RaftServerConfigKeys (ConfUtils.java:logGet(43)) - raft.server.log.use.memory = false (default)
2019-09-26 15:13:28,728 [pool-27-thread-1] INFO  server.RaftServerConfigKeys (ConfUtils.java:logGet(43)) - raft.server.log.purge.gap = 1000000 (custom)
2019-09-26 15:13:28,728 [pool-27-thread-1] INFO  server.RaftServerConfigKeys (ConfUtils.java:logGet(43)) - raft.server.log.appender.buffer.byte-limit = 33554432 (custom)
2019-09-26 15:13:28,728 [pool-27-thread-1] INFO  server.RaftServerConfigKeys (ConfUtils.java:logGet(43)) - raft.server.log.segment.size.max = 1048576 (custom)
2019-09-26 15:13:28,728 [pool-27-thread-1] INFO  server.RaftServerConfigKeys (ConfUtils.java:logGet(43)) - raft.server.log.segment.cache.num.max = 2 (custom)
2019-09-26 15:13:28,728 [pool-27-thread-1] INFO  segmented.SegmentedRaftLogWorker (SegmentedRaftLogWorker.java:<init>(172)) - new b3e939fd-eb36-468b-9efe-5d0a1fdaa172@group-28A0353D16EE-SegmentedRaftLogWorker for RaftStorage:Storage Directory /workdir/hadoop-ozone/integration-test/target/test-dir/MiniOzoneClusterImpl-7e2f4b2f-6763-4a45-9ec4-264c2cef7c61/datanode-0/data/ratis/7d0f0127-9215-48e6-bb1c-28a0353d16ee
2019-09-26 15:13:28,728 [pool-27-thread-1] INFO  server.RaftServerConfigKeys (ConfUtils.java:logGet(43)) - raft.server.log.queue.byte-limit = 2147483647 (custom)
2019-09-26 15:13:28,728 [pool-27-thread-1] INFO  server.RaftServerConfigKeys (ConfUtils.java:logGet(43)) - raft.server.log.queue.element-limit = 1024 (custom)
2019-09-26 15:13:28,728 [pool-27-thread-1] INFO  server.RaftServerConfigKeys (ConfUtils.java:logGet(43)) - raft.server.log.segment.size.max = 1048576 (custom)
2019-09-26 15:13:28,728 [pool-27-thread-1] INFO  server.RaftServerConfigKeys (ConfUtils.java:logGet(43)) - raft.server.log.preallocated.size = 16384 (custom)
2019-09-26 15:13:28,729 [pool-27-thread-1] INFO  server.RaftServerConfigKeys (ConfUtils.java:logGet(43)) - raft.server.log.write.buffer.size = 33554432 (custom)
2019-09-26 15:13:28,729 [pool-27-thread-1] INFO  server.RaftServerConfigKeys (ConfUtils.java:logGet(43)) - raft.server.log.force.sync.num = 128 (default)
2019-09-26 15:13:28,729 [pool-27-thread-1] INFO  server.RaftServerConfigKeys (ConfUtils.java:logGet(43)) - raft.server.log.statemachine.data.sync = true (default)
2019-09-26 15:13:28,729 [pool-27-thread-1] INFO  server.RaftServerConfigKeys (ConfUtils.java:logGet(43)) - raft.server.log.statemachine.data.sync.timeout = 10s (default)
2019-09-26 15:13:28,729 [pool-27-thread-1] INFO  server.RaftServerConfigKeys (ConfUtils.java:logGet(43)) - raft.server.log.statemachine.data.sync.timeout.retry = -1 (default)
2019-09-26 15:13:28,729 [pool-27-thread-1] INFO  server.RaftServerConfigKeys (ConfUtils.java:logGet(43)) - raft.server.log.statemachine.data.caching.enabled = true (custom)
2019-09-26 15:13:28,729 [pool-27-thread-1] INFO  segmented.SegmentedRaftLogWorker (SegmentedRaftLogWorker.java:lambda$new$0(132)) - b3e939fd-eb36-468b-9efe-5d0a1fdaa172@group-28A0353D16EE-SegmentedRaftLogWorker: flushIndex: setUnconditionally 0 -> -1
2019-09-26 15:13:28,729 [pool-27-thread-1] INFO  server.RaftServerConfigKeys (ConfUtils.java:logGet(43)) - raft.server.snapshot.auto.trigger.enabled = true (custom)
2019-09-26 15:13:28,729 [pool-27-thread-1] INFO  server.RaftServerConfigKeys (ConfUtils.java:logGet(43)) - raft.server.snapshot.auto.trigger.threshold = 10000 (custom)
2019-09-26 15:13:28,730 [pool-27-thread-1] INFO  server.RaftServerConfigKeys (ConfUtils.java:logGet(43)) - raft.server.snapshot.retention.num.files = 5 (custom)
2019-09-26 15:13:28,730 [pool-27-thread-1] INFO  server.RaftServerConfigKeys (ConfUtils.java:logGet(43)) - raft.server.retrycache.expirytime = 600000ms (custom)
2019-09-26 15:13:28,731 [pool-27-thread-1] INFO  impl.RaftServerImpl (RaftServerImpl.java:start(185)) - b3e939fd-eb36-468b-9efe-5d0a1fdaa172@group-28A0353D16EE: start as a follower, conf=-1: [b3e939fd-eb36-468b-9efe-5d0a1fdaa172:192.168.151.99:45433], old=null
2019-09-26 15:13:28,731 [pool-27-thread-1] INFO  impl.RaftServerImpl (RaftServerImpl.java:setRole(174)) - b3e939fd-eb36-468b-9efe-5d0a1fdaa172@group-28A0353D16EE: changes role from      null to FOLLOWER at term 0 for startAsFollower
2019-09-26 15:13:28,731 [pool-27-thread-1] INFO  impl.RoleInfo (RoleInfo.java:updateAndGet(143)) - b3e939fd-eb36-468b-9efe-5d0a1fdaa172: start FollowerState
2019-09-26 15:13:28,731 [pool-27-thread-1] INFO  util.JmxRegister (JmxRegister.java:tryRegister(44)) - Successfully registered JMX Bean with object name Ratis:service=RaftServer,group=group-28A0353D16EE,id=b3e939fd-eb36-468b-9efe-5d0a1fdaa172
2019-09-26 15:13:28,733 [RatisPipelineUtilsThread] INFO  pipeline.PipelineStateManager (PipelineStateManager.java:addPipeline(56)) - Created pipeline Pipeline[ Id: 7d0f0127-9215-48e6-bb1c-28a0353d16ee, Nodes: b3e939fd-eb36-468b-9efe-5d0a1fdaa172{ip: 192.168.151.99, host: pr-hdds-1569-g6sp5-2013761785, networkLocation: /default-rack, certSerialId: null}, Type:RATIS, Factor:ONE, State:OPEN]
2019-09-26 15:13:28,736 [grpc-default-executor-0] INFO  impl.RaftServerProxy (RaftServerProxy.java:addNew(89)) - b3e939fd-eb36-468b-9efe-5d0a1fdaa172: addNew group-597DE855A82D:[b3e939fd-eb36-468b-9efe-5d0a1fdaa172:192.168.151.99:45433] returns group-597DE855A82D:java.util.concurrent.CompletableFuture@219047e1[Not completed]
2019-09-26 15:13:28,736 [pool-27-thread-1] INFO  impl.RaftServerImpl (RaftServerImpl.java:<init>(95)) - b3e939fd-eb36-468b-9efe-5d0a1fdaa172: new RaftServerImpl for group-597DE855A82D:[b3e939fd-eb36-468b-9efe-5d0a1fdaa172:192.168.151.99:45433] with ContainerStateMachine:uninitialized
2019-09-26 15:13:28,737 [pool-27-thread-1] INFO  server.RaftServerConfigKeys (ConfUtils.java:logGet(43)) - raft.server.rpc.timeout.min = 5s (custom)
2019-09-26 15:13:28,737 [pool-27-thread-1] INFO  server.RaftServerConfigKeys (ConfUtils.java:logGet(43)) - raft.server.rpc.timeout.max = 5200ms (custom)
2019-09-26 15:13:28,737 [pool-27-thread-1] INFO  server.RaftServerConfigKeys (ConfUtils.java:logGet(43)) - raft.server.rpcslowness.timeout = 120s (custom)
2019-09-26 15:13:28,737 [pool-27-thread-1] INFO  server.RaftServerConfigKeys (ConfUtils.java:logGet(43)) - raft.server.sleep.deviation.threshold = 300 (default)
2019-09-26 15:13:28,737 [pool-27-thread-1] INFO  server.RaftServerConfigKeys (ConfUtils.java:logGet(43)) - raft.server.log.appender.install.snapshot.enabled = false (custom)
2019-09-26 15:13:28,737 [pool-27-thread-1] INFO  impl.RaftServerImpl (ServerState.java:<init>(103)) - b3e939fd-eb36-468b-9efe-5d0a1fdaa172@group-597DE855A82D: ConfigurationManager, init=-1: [b3e939fd-eb36-468b-9efe-5d0a1fdaa172:192.168.151.99:45433], old=null, confs=<EMPTY_MAP>
2019-09-26 15:13:28,737 [pool-27-thread-1] INFO  server.RaftServerConfigKeys (ConfUtils.java:logGet(43)) - raft.server.storage.dir = [/workdir/hadoop-ozone/integration-test/target/test-dir/MiniOzoneClusterImpl-7e2f4b2f-6763-4a45-9ec4-264c2cef7c61/datanode-0/data/ratis] (custom)
2019-09-26 15:13:28,738 [pool-27-thread-1] INFO  storage.RaftStorageDirectory (RaftStorageDirectory.java:analyzeStorage(246)) - The storage directory /workdir/hadoop-ozone/integration-test/target/test-dir/MiniOzoneClusterImpl-7e2f4b2f-6763-4a45-9ec4-264c2cef7c61/datanode-0/data/ratis/b3e63ab7-b193-4e7c-a039-597de855a82d does not exist. Creating ...
2019-09-26 15:13:28,751 [pool-27-thread-1] INFO  storage.RaftStorageDirectory (RaftStorageDirectory.java:tryLock(328)) - Lock on /workdir/hadoop-ozone/integration-test/target/test-dir/MiniOzoneClusterImpl-7e2f4b2f-6763-4a45-9ec4-264c2cef7c61/datanode-0/data/ratis/b3e63ab7-b193-4e7c-a039-597de855a82d/in_use.lock acquired by nodename 11803@pr-hdds-1569-g6sp5-2013761785
2019-09-26 15:13:28,764 [pool-27-thread-1] INFO  storage.RaftStorage (RaftStorage.java:format(72)) - Storage directory /workdir/hadoop-ozone/integration-test/target/test-dir/MiniOzoneClusterImpl-7e2f4b2f-6763-4a45-9ec4-264c2cef7c61/datanode-0/data/ratis/b3e63ab7-b193-4e7c-a039-597de855a82d has been successfully formatted.
2019-09-26 15:13:28,764 [pool-27-thread-1] INFO  ratis.ContainerStateMachine (ContainerStateMachine.java:loadSnapshot(230)) - group-597DE855A82D: The snapshot info is null. Setting the last applied indexto:(t:0, i:~)
2019-09-26 15:13:28,764 [pool-27-thread-1] INFO  server.RaftServerConfigKeys (ConfUtils.java:logGet(43)) - raft.server.notification.no-leader.timeout = 120s (custom)
2019-09-26 15:13:28,764 [pool-27-thread-1] INFO  server.RaftServerConfigKeys (ConfUtils.java:logGet(43)) - raft.server.log.use.memory = false (default)
2019-09-26 15:13:28,765 [pool-27-thread-1] INFO  server.RaftServerConfigKeys (ConfUtils.java:logGet(43)) - raft.server.log.purge.gap = 1000000 (custom)
2019-09-26 15:13:28,765 [pool-27-thread-1] INFO  server.RaftServerConfigKeys (ConfUtils.java:logGet(43)) - raft.server.log.appender.buffer.byte-limit = 33554432 (custom)
2019-09-26 15:13:28,765 [pool-27-thread-1] INFO  server.RaftServerConfigKeys (ConfUtils.java:logGet(43)) - raft.server.log.segment.size.max = 1048576 (custom)
2019-09-26 15:13:28,765 [pool-27-thread-1] INFO  server.RaftServerConfigKeys (ConfUtils.java:logGet(43)) - raft.server.log.segment.cache.num.max = 2 (custom)
2019-09-26 15:13:28,765 [pool-27-thread-1] INFO  segmented.SegmentedRaftLogWorker (SegmentedRaftLogWorker.java:<init>(172)) - new b3e939fd-eb36-468b-9efe-5d0a1fdaa172@group-597DE855A82D-SegmentedRaftLogWorker for RaftStorage:Storage Directory /workdir/hadoop-ozone/integration-test/target/test-dir/MiniOzoneClusterImpl-7e2f4b2f-6763-4a45-9ec4-264c2cef7c61/datanode-0/data/ratis/b3e63ab7-b193-4e7c-a039-597de855a82d
2019-09-26 15:13:28,765 [pool-27-thread-1] INFO  server.RaftServerConfigKeys (ConfUtils.java:logGet(43)) - raft.server.log.queue.byte-limit = 2147483647 (custom)
2019-09-26 15:13:28,765 [pool-27-thread-1] INFO  server.RaftServerConfigKeys (ConfUtils.java:logGet(43)) - raft.server.log.queue.element-limit = 1024 (custom)
2019-09-26 15:13:28,765 [pool-27-thread-1] INFO  server.RaftServerConfigKeys (ConfUtils.java:logGet(43)) - raft.server.log.segment.size.max = 1048576 (custom)
2019-09-26 15:13:28,765 [pool-27-thread-1] INFO  server.RaftServerConfigKeys (ConfUtils.java:logGet(43)) - raft.server.log.preallocated.size = 16384 (custom)
2019-09-26 15:13:28,766 [pool-27-thread-1] INFO  server.RaftServerConfigKeys (ConfUtils.java:logGet(43)) - raft.server.log.write.buffer.size = 33554432 (custom)
2019-09-26 15:13:28,766 [pool-27-thread-1] INFO  server.RaftServerConfigKeys (ConfUtils.java:logGet(43)) - raft.server.log.force.sync.num = 128 (default)
2019-09-26 15:13:28,766 [pool-27-thread-1] INFO  server.RaftServerConfigKeys (ConfUtils.java:logGet(43)) - raft.server.log.statemachine.data.sync = true (default)
2019-09-26 15:13:28,766 [pool-27-thread-1] INFO  server.RaftServerConfigKeys (ConfUtils.java:logGet(43)) - raft.server.log.statemachine.data.sync.timeout = 10s (default)
2019-09-26 15:13:28,766 [pool-27-thread-1] INFO  server.RaftServerConfigKeys (ConfUtils.java:logGet(43)) - raft.server.log.statemachine.data.sync.timeout.retry = -1 (default)
2019-09-26 15:13:28,766 [pool-27-thread-1] INFO  server.RaftServerConfigKeys (ConfUtils.java:logGet(43)) - raft.server.log.statemachine.data.caching.enabled = true (custom)
2019-09-26 15:13:28,766 [pool-27-thread-1] INFO  segmented.SegmentedRaftLogWorker (SegmentedRaftLogWorker.java:lambda$new$0(132)) - b3e939fd-eb36-468b-9efe-5d0a1fdaa172@group-597DE855A82D-SegmentedRaftLogWorker: flushIndex: setUnconditionally 0 -> -1
2019-09-26 15:13:28,767 [pool-27-thread-1] INFO  server.RaftServerConfigKeys (ConfUtils.java:logGet(43)) - raft.server.snapshot.auto.trigger.enabled = true (custom)
2019-09-26 15:13:28,767 [pool-27-thread-1] INFO  server.RaftServerConfigKeys (ConfUtils.java:logGet(43)) - raft.server.snapshot.auto.trigger.threshold = 10000 (custom)
2019-09-26 15:13:28,767 [pool-27-thread-1] INFO  server.RaftServerConfigKeys (ConfUtils.java:logGet(43)) - raft.server.snapshot.retention.num.files = 5 (custom)
2019-09-26 15:13:28,767 [pool-27-thread-1] INFO  server.RaftServerConfigKeys (ConfUtils.java:logGet(43)) - raft.server.retrycache.expirytime = 600000ms (custom)
2019-09-26 15:13:28,768 [pool-27-thread-1] INFO  impl.RaftServerImpl (RaftServerImpl.java:start(185)) - b3e939fd-eb36-468b-9efe-5d0a1fdaa172@group-597DE855A82D: start as a follower, conf=-1: [b3e939fd-eb36-468b-9efe-5d0a1fdaa172:192.168.151.99:45433], old=null
2019-09-26 15:13:28,768 [pool-27-thread-1] INFO  impl.RaftServerImpl (RaftServerImpl.java:setRole(174)) - b3e939fd-eb36-468b-9efe-5d0a1fdaa172@group-597DE855A82D: changes role from      null to FOLLOWER at term 0 for startAsFollower
2019-09-26 15:13:28,769 [pool-27-thread-1] INFO  impl.RoleInfo (RoleInfo.java:updateAndGet(143)) - b3e939fd-eb36-468b-9efe-5d0a1fdaa172: start FollowerState
2019-09-26 15:13:28,769 [pool-27-thread-1] INFO  util.JmxRegister (JmxRegister.java:tryRegister(44)) - Successfully registered JMX Bean with object name Ratis:service=RaftServer,group=group-597DE855A82D,id=b3e939fd-eb36-468b-9efe-5d0a1fdaa172
2019-09-26 15:13:28,771 [RatisPipelineUtilsThread] INFO  pipeline.PipelineStateManager (PipelineStateManager.java:addPipeline(56)) - Created pipeline Pipeline[ Id: b3e63ab7-b193-4e7c-a039-597de855a82d, Nodes: b3e939fd-eb36-468b-9efe-5d0a1fdaa172{ip: 192.168.151.99, host: pr-hdds-1569-g6sp5-2013761785, networkLocation: /default-rack, certSerialId: null}, Type:RATIS, Factor:ONE, State:OPEN]
2019-09-26 15:13:28,774 [grpc-default-executor-0] INFO  impl.RaftServerProxy (RaftServerProxy.java:addNew(89)) - b3e939fd-eb36-468b-9efe-5d0a1fdaa172: addNew group-1634C81BDE85:[b3e939fd-eb36-468b-9efe-5d0a1fdaa172:192.168.151.99:45433] returns group-1634C81BDE85:java.util.concurrent.CompletableFuture@7dcf4ec7[Not completed]
2019-09-26 15:13:28,775 [pool-27-thread-1] INFO  impl.RaftServerImpl (RaftServerImpl.java:<init>(95)) - b3e939fd-eb36-468b-9efe-5d0a1fdaa172: new RaftServerImpl for group-1634C81BDE85:[b3e939fd-eb36-468b-9efe-5d0a1fdaa172:192.168.151.99:45433] with ContainerStateMachine:uninitialized
2019-09-26 15:13:28,775 [pool-27-thread-1] INFO  server.RaftServerConfigKeys (ConfUtils.java:logGet(43)) - raft.server.rpc.timeout.min = 5s (custom)
2019-09-26 15:13:28,775 [pool-27-thread-1] INFO  server.RaftServerConfigKeys (ConfUtils.java:logGet(43)) - raft.server.rpc.timeout.max = 5200ms (custom)
2019-09-26 15:13:28,775 [pool-27-thread-1] INFO  server.RaftServerConfigKeys (ConfUtils.java:logGet(43)) - raft.server.rpcslowness.timeout = 120s (custom)
2019-09-26 15:13:28,775 [pool-27-thread-1] INFO  server.RaftServerConfigKeys (ConfUtils.java:logGet(43)) - raft.server.sleep.deviation.threshold = 300 (default)
2019-09-26 15:13:28,775 [pool-27-thread-1] INFO  server.RaftServerConfigKeys (ConfUtils.java:logGet(43)) - raft.server.log.appender.install.snapshot.enabled = false (custom)
2019-09-26 15:13:28,775 [pool-27-thread-1] INFO  impl.RaftServerImpl (ServerState.java:<init>(103)) - b3e939fd-eb36-468b-9efe-5d0a1fdaa172@group-1634C81BDE85: ConfigurationManager, init=-1: [b3e939fd-eb36-468b-9efe-5d0a1fdaa172:192.168.151.99:45433], old=null, confs=<EMPTY_MAP>
2019-09-26 15:13:28,775 [pool-27-thread-1] INFO  server.RaftServerConfigKeys (ConfUtils.java:logGet(43)) - raft.server.storage.dir = [/workdir/hadoop-ozone/integration-test/target/test-dir/MiniOzoneClusterImpl-7e2f4b2f-6763-4a45-9ec4-264c2cef7c61/datanode-0/data/ratis] (custom)
2019-09-26 15:13:28,776 [pool-27-thread-1] INFO  storage.RaftStorageDirectory (RaftStorageDirectory.java:analyzeStorage(246)) - The storage directory /workdir/hadoop-ozone/integration-test/target/test-dir/MiniOzoneClusterImpl-7e2f4b2f-6763-4a45-9ec4-264c2cef7c61/datanode-0/data/ratis/2506a153-680a-4b95-a427-1634c81bde85 does not exist. Creating ...
2019-09-26 15:13:28,789 [pool-27-thread-1] INFO  storage.RaftStorageDirectory (RaftStorageDirectory.java:tryLock(328)) - Lock on /workdir/hadoop-ozone/integration-test/target/test-dir/MiniOzoneClusterImpl-7e2f4b2f-6763-4a45-9ec4-264c2cef7c61/datanode-0/data/ratis/2506a153-680a-4b95-a427-1634c81bde85/in_use.lock acquired by nodename 11803@pr-hdds-1569-g6sp5-2013761785
2019-09-26 15:13:28,801 [pool-27-thread-1] INFO  storage.RaftStorage (RaftStorage.java:format(72)) - Storage directory /workdir/hadoop-ozone/integration-test/target/test-dir/MiniOzoneClusterImpl-7e2f4b2f-6763-4a45-9ec4-264c2cef7c61/datanode-0/data/ratis/2506a153-680a-4b95-a427-1634c81bde85 has been successfully formatted.
2019-09-26 15:13:28,802 [pool-27-thread-1] INFO  ratis.ContainerStateMachine (ContainerStateMachine.java:loadSnapshot(230)) - group-1634C81BDE85: The snapshot info is null. Setting the last applied indexto:(t:0, i:~)
2019-09-26 15:13:28,802 [pool-27-thread-1] INFO  server.RaftServerConfigKeys (ConfUtils.java:logGet(43)) - raft.server.notification.no-leader.timeout = 120s (custom)
2019-09-26 15:13:28,802 [pool-27-thread-1] INFO  server.RaftServerConfigKeys (ConfUtils.java:logGet(43)) - raft.server.log.use.memory = false (default)
2019-09-26 15:13:28,802 [pool-27-thread-1] INFO  server.RaftServerConfigKeys (ConfUtils.java:logGet(43)) - raft.server.log.purge.gap = 1000000 (custom)
2019-09-26 15:13:28,802 [pool-27-thread-1] INFO  server.RaftServerConfigKeys (ConfUtils.java:logGet(43)) - raft.server.log.appender.buffer.byte-limit = 33554432 (custom)
2019-09-26 15:13:28,802 [pool-27-thread-1] INFO  server.RaftServerConfigKeys (ConfUtils.java:logGet(43)) - raft.server.log.segment.size.max = 1048576 (custom)
2019-09-26 15:13:28,802 [pool-27-thread-1] INFO  server.RaftServerConfigKeys (ConfUtils.java:logGet(43)) - raft.server.log.segment.cache.num.max = 2 (custom)
2019-09-26 15:13:28,802 [pool-27-thread-1] INFO  segmented.SegmentedRaftLogWorker (SegmentedRaftLogWorker.java:<init>(172)) - new b3e939fd-eb36-468b-9efe-5d0a1fdaa172@group-1634C81BDE85-SegmentedRaftLogWorker for RaftStorage:Storage Directory /workdir/hadoop-ozone/integration-test/target/test-dir/MiniOzoneClusterImpl-7e2f4b2f-6763-4a45-9ec4-264c2cef7c61/datanode-0/data/ratis/2506a153-680a-4b95-a427-1634c81bde85
2019-09-26 15:13:28,802 [pool-27-thread-1] INFO  server.RaftServerConfigKeys (ConfUtils.java:logGet(43)) - raft.server.log.queue.byte-limit = 2147483647 (custom)
2019-09-26 15:13:28,802 [pool-27-thread-1] INFO  server.RaftServerConfigKeys (ConfUtils.java:logGet(43)) - raft.server.log.queue.element-limit = 1024 (custom)
2019-09-26 15:13:28,802 [pool-27-thread-1] INFO  server.RaftServerConfigKeys (ConfUtils.java:logGet(43)) - raft.server.log.segment.size.max = 1048576 (custom)
2019-09-26 15:13:28,803 [pool-27-thread-1] INFO  server.RaftServerConfigKeys (ConfUtils.java:logGet(43)) - raft.server.log.preallocated.size = 16384 (custom)
2019-09-26 15:13:28,803 [pool-27-thread-1] INFO  server.RaftServerConfigKeys (ConfUtils.java:logGet(43)) - raft.server.log.write.buffer.size = 33554432 (custom)
2019-09-26 15:13:28,803 [pool-27-thread-1] INFO  server.RaftServerConfigKeys (ConfUtils.java:logGet(43)) - raft.server.log.force.sync.num = 128 (default)
2019-09-26 15:13:28,803 [pool-27-thread-1] INFO  server.RaftServerConfigKeys (ConfUtils.java:logGet(43)) - raft.server.log.statemachine.data.sync = true (default)
2019-09-26 15:13:28,803 [pool-27-thread-1] INFO  server.RaftServerConfigKeys (ConfUtils.java:logGet(43)) - raft.server.log.statemachine.data.sync.timeout = 10s (default)
2019-09-26 15:13:28,803 [pool-27-thread-1] INFO  server.RaftServerConfigKeys (ConfUtils.java:logGet(43)) - raft.server.log.statemachine.data.sync.timeout.retry = -1 (default)
2019-09-26 15:13:28,803 [pool-27-thread-1] INFO  server.RaftServerConfigKeys (ConfUtils.java:logGet(43)) - raft.server.log.statemachine.data.caching.enabled = true (custom)
2019-09-26 15:13:28,803 [pool-27-thread-1] INFO  segmented.SegmentedRaftLogWorker (SegmentedRaftLogWorker.java:lambda$new$0(132)) - b3e939fd-eb36-468b-9efe-5d0a1fdaa172@group-1634C81BDE85-SegmentedRaftLogWorker: flushIndex: setUnconditionally 0 -> -1
2019-09-26 15:13:28,803 [pool-27-thread-1] INFO  server.RaftServerConfigKeys (ConfUtils.java:logGet(43)) - raft.server.snapshot.auto.trigger.enabled = true (custom)
2019-09-26 15:13:28,804 [pool-27-thread-1] INFO  server.RaftServerConfigKeys (ConfUtils.java:logGet(43)) - raft.server.snapshot.auto.trigger.threshold = 10000 (custom)
2019-09-26 15:13:28,804 [pool-27-thread-1] INFO  server.RaftServerConfigKeys (ConfUtils.java:logGet(43)) - raft.server.snapshot.retention.num.files = 5 (custom)
2019-09-26 15:13:28,804 [pool-27-thread-1] INFO  server.RaftServerConfigKeys (ConfUtils.java:logGet(43)) - raft.server.retrycache.expirytime = 600000ms (custom)
2019-09-26 15:13:28,805 [pool-27-thread-1] INFO  impl.RaftServerImpl (RaftServerImpl.java:start(185)) - b3e939fd-eb36-468b-9efe-5d0a1fdaa172@group-1634C81BDE85: start as a follower, conf=-1: [b3e939fd-eb36-468b-9efe-5d0a1fdaa172:192.168.151.99:45433], old=null
2019-09-26 15:13:28,805 [pool-27-thread-1] INFO  impl.RaftServerImpl (RaftServerImpl.java:setRole(174)) - b3e939fd-eb36-468b-9efe-5d0a1fdaa172@group-1634C81BDE85: changes role from      null to FOLLOWER at term 0 for startAsFollower
2019-09-26 15:13:28,805 [pool-27-thread-1] INFO  impl.RoleInfo (RoleInfo.java:updateAndGet(143)) - b3e939fd-eb36-468b-9efe-5d0a1fdaa172: start FollowerState
2019-09-26 15:13:28,805 [pool-27-thread-1] INFO  util.JmxRegister (JmxRegister.java:tryRegister(44)) - Successfully registered JMX Bean with object name Ratis:service=RaftServer,group=group-1634C81BDE85,id=b3e939fd-eb36-468b-9efe-5d0a1fdaa172
2019-09-26 15:13:28,807 [RatisPipelineUtilsThread] INFO  pipeline.PipelineStateManager (PipelineStateManager.java:addPipeline(56)) - Created pipeline Pipeline[ Id: 2506a153-680a-4b95-a427-1634c81bde85, Nodes: b3e939fd-eb36-468b-9efe-5d0a1fdaa172{ip: 192.168.151.99, host: pr-hdds-1569-g6sp5-2013761785, networkLocation: /default-rack, certSerialId: null}, Type:RATIS, Factor:ONE, State:OPEN]
2019-09-26 15:13:28,810 [grpc-default-executor-0] INFO  impl.RaftServerProxy (RaftServerProxy.java:addNew(89)) - b3e939fd-eb36-468b-9efe-5d0a1fdaa172: addNew group-599EFAC1E503:[b3e939fd-eb36-468b-9efe-5d0a1fdaa172:192.168.151.99:45433] returns group-599EFAC1E503:java.util.concurrent.CompletableFuture@5dfdcaee[Not completed]
2019-09-26 15:13:28,811 [pool-27-thread-1] INFO  impl.RaftServerImpl (RaftServerImpl.java:<init>(95)) - b3e939fd-eb36-468b-9efe-5d0a1fdaa172: new RaftServerImpl for group-599EFAC1E503:[b3e939fd-eb36-468b-9efe-5d0a1fdaa172:192.168.151.99:45433] with ContainerStateMachine:uninitialized
2019-09-26 15:13:28,811 [pool-27-thread-1] INFO  server.RaftServerConfigKeys (ConfUtils.java:logGet(43)) - raft.server.rpc.timeout.min = 5s (custom)
2019-09-26 15:13:28,811 [pool-27-thread-1] INFO  server.RaftServerConfigKeys (ConfUtils.java:logGet(43)) - raft.server.rpc.timeout.max = 5200ms (custom)
2019-09-26 15:13:28,811 [pool-27-thread-1] INFO  server.RaftServerConfigKeys (ConfUtils.java:logGet(43)) - raft.server.rpcslowness.timeout = 120s (custom)
2019-09-26 15:13:28,811 [pool-27-thread-1] INFO  server.RaftServerConfigKeys (ConfUtils.java:logGet(43)) - raft.server.sleep.deviation.threshold = 300 (default)
2019-09-26 15:13:28,811 [pool-27-thread-1] INFO  server.RaftServerConfigKeys (ConfUtils.java:logGet(43)) - raft.server.log.appender.install.snapshot.enabled = false (custom)
2019-09-26 15:13:28,811 [pool-27-thread-1] INFO  impl.RaftServerImpl (ServerState.java:<init>(103)) - b3e939fd-eb36-468b-9efe-5d0a1fdaa172@group-599EFAC1E503: ConfigurationManager, init=-1: [b3e939fd-eb36-468b-9efe-5d0a1fdaa172:192.168.151.99:45433], old=null, confs=<EMPTY_MAP>
2019-09-26 15:13:28,811 [pool-27-thread-1] INFO  server.RaftServerConfigKeys (ConfUtils.java:logGet(43)) - raft.server.storage.dir = [/workdir/hadoop-ozone/integration-test/target/test-dir/MiniOzoneClusterImpl-7e2f4b2f-6763-4a45-9ec4-264c2cef7c61/datanode-0/data/ratis] (custom)
2019-09-26 15:13:28,812 [pool-27-thread-1] INFO  storage.RaftStorageDirectory (RaftStorageDirectory.java:analyzeStorage(246)) - The storage directory /workdir/hadoop-ozone/integration-test/target/test-dir/MiniOzoneClusterImpl-7e2f4b2f-6763-4a45-9ec4-264c2cef7c61/datanode-0/data/ratis/d1b55e48-12dd-43a2-b79f-599efac1e503 does not exist. Creating ...
2019-09-26 15:13:28,826 [pool-27-thread-1] INFO  storage.RaftStorageDirectory (RaftStorageDirectory.java:tryLock(328)) - Lock on /workdir/hadoop-ozone/integration-test/target/test-dir/MiniOzoneClusterImpl-7e2f4b2f-6763-4a45-9ec4-264c2cef7c61/datanode-0/data/ratis/d1b55e48-12dd-43a2-b79f-599efac1e503/in_use.lock acquired by nodename 11803@pr-hdds-1569-g6sp5-2013761785
2019-09-26 15:13:28,839 [pool-27-thread-1] INFO  storage.RaftStorage (RaftStorage.java:format(72)) - Storage directory /workdir/hadoop-ozone/integration-test/target/test-dir/MiniOzoneClusterImpl-7e2f4b2f-6763-4a45-9ec4-264c2cef7c61/datanode-0/data/ratis/d1b55e48-12dd-43a2-b79f-599efac1e503 has been successfully formatted.
2019-09-26 15:13:28,839 [pool-27-thread-1] INFO  ratis.ContainerStateMachine (ContainerStateMachine.java:loadSnapshot(230)) - group-599EFAC1E503: The snapshot info is null. Setting the last applied indexto:(t:0, i:~)
2019-09-26 15:13:28,839 [pool-27-thread-1] INFO  server.RaftServerConfigKeys (ConfUtils.java:logGet(43)) - raft.server.notification.no-leader.timeout = 120s (custom)
2019-09-26 15:13:28,839 [pool-27-thread-1] INFO  server.RaftServerConfigKeys (ConfUtils.java:logGet(43)) - raft.server.log.use.memory = false (default)
2019-09-26 15:13:28,839 [pool-27-thread-1] INFO  server.RaftServerConfigKeys (ConfUtils.java:logGet(43)) - raft.server.log.purge.gap = 1000000 (custom)
2019-09-26 15:13:28,839 [pool-27-thread-1] INFO  server.RaftServerConfigKeys (ConfUtils.java:logGet(43)) - raft.server.log.appender.buffer.byte-limit = 33554432 (custom)
2019-09-26 15:13:28,839 [pool-27-thread-1] INFO  server.RaftServerConfigKeys (ConfUtils.java:logGet(43)) - raft.server.log.segment.size.max = 1048576 (custom)
2019-09-26 15:13:28,839 [pool-27-thread-1] INFO  server.RaftServerConfigKeys (ConfUtils.java:logGet(43)) - raft.server.log.segment.cache.num.max = 2 (custom)
2019-09-26 15:13:28,840 [pool-27-thread-1] INFO  segmented.SegmentedRaftLogWorker (SegmentedRaftLogWorker.java:<init>(172)) - new b3e939fd-eb36-468b-9efe-5d0a1fdaa172@group-599EFAC1E503-SegmentedRaftLogWorker for RaftStorage:Storage Directory /workdir/hadoop-ozone/integration-test/target/test-dir/MiniOzoneClusterImpl-7e2f4b2f-6763-4a45-9ec4-264c2cef7c61/datanode-0/data/ratis/d1b55e48-12dd-43a2-b79f-599efac1e503
2019-09-26 15:13:28,840 [pool-27-thread-1] INFO  server.RaftServerConfigKeys (ConfUtils.java:logGet(43)) - raft.server.log.queue.byte-limit = 2147483647 (custom)
2019-09-26 15:13:28,840 [pool-27-thread-1] INFO  server.RaftServerConfigKeys (ConfUtils.java:logGet(43)) - raft.server.log.queue.element-limit = 1024 (custom)
2019-09-26 15:13:28,840 [pool-27-thread-1] INFO  server.RaftServerConfigKeys (ConfUtils.java:logGet(43)) - raft.server.log.segment.size.max = 1048576 (custom)
2019-09-26 15:13:28,840 [pool-27-thread-1] INFO  server.RaftServerConfigKeys (ConfUtils.java:logGet(43)) - raft.server.log.preallocated.size = 16384 (custom)
2019-09-26 15:13:28,840 [pool-27-thread-1] INFO  server.RaftServerConfigKeys (ConfUtils.java:logGet(43)) - raft.server.log.write.buffer.size = 33554432 (custom)
2019-09-26 15:13:28,840 [pool-27-thread-1] INFO  server.RaftServerConfigKeys (ConfUtils.java:logGet(43)) - raft.server.log.force.sync.num = 128 (default)
2019-09-26 15:13:28,840 [pool-27-thread-1] INFO  server.RaftServerConfigKeys (ConfUtils.java:logGet(43)) - raft.server.log.statemachine.data.sync = true (default)
2019-09-26 15:13:28,840 [pool-27-thread-1] INFO  server.RaftServerConfigKeys (ConfUtils.java:logGet(43)) - raft.server.log.statemachine.data.sync.timeout = 10s (default)
2019-09-26 15:13:28,840 [pool-27-thread-1] INFO  server.RaftServerConfigKeys (ConfUtils.java:logGet(43)) - raft.server.log.statemachine.data.sync.timeout.retry = -1 (default)
2019-09-26 15:13:28,840 [pool-27-thread-1] INFO  server.RaftServerConfigKeys (ConfUtils.java:logGet(43)) - raft.server.log.statemachine.data.caching.enabled = true (custom)
2019-09-26 15:13:28,841 [pool-27-thread-1] INFO  segmented.SegmentedRaftLogWorker (SegmentedRaftLogWorker.java:lambda$new$0(132)) - b3e939fd-eb36-468b-9efe-5d0a1fdaa172@group-599EFAC1E503-SegmentedRaftLogWorker: flushIndex: setUnconditionally 0 -> -1
2019-09-26 15:13:28,841 [pool-27-thread-1] INFO  server.RaftServerConfigKeys (ConfUtils.java:logGet(43)) - raft.server.snapshot.auto.trigger.enabled = true (custom)
2019-09-26 15:13:28,841 [pool-27-thread-1] INFO  server.RaftServerConfigKeys (ConfUtils.java:logGet(43)) - raft.server.snapshot.auto.trigger.threshold = 10000 (custom)
2019-09-26 15:13:28,841 [pool-27-thread-1] INFO  server.RaftServerConfigKeys (ConfUtils.java:logGet(43)) - raft.server.snapshot.retention.num.files = 5 (custom)
2019-09-26 15:13:28,841 [pool-27-thread-1] INFO  server.RaftServerConfigKeys (ConfUtils.java:logGet(43)) - raft.server.retrycache.expirytime = 600000ms (custom)
2019-09-26 15:13:28,842 [pool-27-thread-1] INFO  impl.RaftServerImpl (RaftServerImpl.java:start(185)) - b3e939fd-eb36-468b-9efe-5d0a1fdaa172@group-599EFAC1E503: start as a follower, conf=-1: [b3e939fd-eb36-468b-9efe-5d0a1fdaa172:192.168.151.99:45433], old=null
2019-09-26 15:13:28,842 [pool-27-thread-1] INFO  impl.RaftServerImpl (RaftServerImpl.java:setRole(174)) - b3e939fd-eb36-468b-9efe-5d0a1fdaa172@group-599EFAC1E503: changes role from      null to FOLLOWER at term 0 for startAsFollower
2019-09-26 15:13:28,842 [pool-27-thread-1] INFO  impl.RoleInfo (RoleInfo.java:updateAndGet(143)) - b3e939fd-eb36-468b-9efe-5d0a1fdaa172: start FollowerState
2019-09-26 15:13:28,842 [pool-27-thread-1] INFO  util.JmxRegister (JmxRegister.java:tryRegister(44)) - Successfully registered JMX Bean with object name Ratis:service=RaftServer,group=group-599EFAC1E503,id=b3e939fd-eb36-468b-9efe-5d0a1fdaa172
2019-09-26 15:13:28,844 [RatisPipelineUtilsThread] INFO  pipeline.PipelineStateManager (PipelineStateManager.java:addPipeline(56)) - Created pipeline Pipeline[ Id: d1b55e48-12dd-43a2-b79f-599efac1e503, Nodes: b3e939fd-eb36-468b-9efe-5d0a1fdaa172{ip: 192.168.151.99, host: pr-hdds-1569-g6sp5-2013761785, networkLocation: /default-rack, certSerialId: null}, Type:RATIS, Factor:ONE, State:OPEN]
2019-09-26 15:13:28,847 [grpc-default-executor-0] INFO  impl.RaftServerProxy (RaftServerProxy.java:addNew(89)) - b3e939fd-eb36-468b-9efe-5d0a1fdaa172: addNew group-1A432A011447:[b3e939fd-eb36-468b-9efe-5d0a1fdaa172:192.168.151.99:45433] returns group-1A432A011447:java.util.concurrent.CompletableFuture@258d177b[Not completed]
2019-09-26 15:13:28,847 [pool-27-thread-1] INFO  impl.RaftServerImpl (RaftServerImpl.java:<init>(95)) - b3e939fd-eb36-468b-9efe-5d0a1fdaa172: new RaftServerImpl for group-1A432A011447:[b3e939fd-eb36-468b-9efe-5d0a1fdaa172:192.168.151.99:45433] with ContainerStateMachine:uninitialized
2019-09-26 15:13:28,848 [pool-27-thread-1] INFO  server.RaftServerConfigKeys (ConfUtils.java:logGet(43)) - raft.server.rpc.timeout.min = 5s (custom)
2019-09-26 15:13:28,848 [pool-27-thread-1] INFO  server.RaftServerConfigKeys (ConfUtils.java:logGet(43)) - raft.server.rpc.timeout.max = 5200ms (custom)
2019-09-26 15:13:28,848 [pool-27-thread-1] INFO  server.RaftServerConfigKeys (ConfUtils.java:logGet(43)) - raft.server.rpcslowness.timeout = 120s (custom)
2019-09-26 15:13:28,848 [pool-27-thread-1] INFO  server.RaftServerConfigKeys (ConfUtils.java:logGet(43)) - raft.server.sleep.deviation.threshold = 300 (default)
2019-09-26 15:13:28,848 [pool-27-thread-1] INFO  server.RaftServerConfigKeys (ConfUtils.java:logGet(43)) - raft.server.log.appender.install.snapshot.enabled = false (custom)
2019-09-26 15:13:28,848 [pool-27-thread-1] INFO  impl.RaftServerImpl (ServerState.java:<init>(103)) - b3e939fd-eb36-468b-9efe-5d0a1fdaa172@group-1A432A011447: ConfigurationManager, init=-1: [b3e939fd-eb36-468b-9efe-5d0a1fdaa172:192.168.151.99:45433], old=null, confs=<EMPTY_MAP>
2019-09-26 15:13:28,848 [pool-27-thread-1] INFO  server.RaftServerConfigKeys (ConfUtils.java:logGet(43)) - raft.server.storage.dir = [/workdir/hadoop-ozone/integration-test/target/test-dir/MiniOzoneClusterImpl-7e2f4b2f-6763-4a45-9ec4-264c2cef7c61/datanode-0/data/ratis] (custom)
2019-09-26 15:13:28,849 [pool-27-thread-1] INFO  storage.RaftStorageDirectory (RaftStorageDirectory.java:analyzeStorage(246)) - The storage directory /workdir/hadoop-ozone/integration-test/target/test-dir/MiniOzoneClusterImpl-7e2f4b2f-6763-4a45-9ec4-264c2cef7c61/datanode-0/data/ratis/86548720-d4e2-4745-be8b-1a432a011447 does not exist. Creating ...
2019-09-26 15:13:28,874 [pool-27-thread-1] INFO  storage.RaftStorageDirectory (RaftStorageDirectory.java:tryLock(328)) - Lock on /workdir/hadoop-ozone/integration-test/target/test-dir/MiniOzoneClusterImpl-7e2f4b2f-6763-4a45-9ec4-264c2cef7c61/datanode-0/data/ratis/86548720-d4e2-4745-be8b-1a432a011447/in_use.lock acquired by nodename 11803@pr-hdds-1569-g6sp5-2013761785
2019-09-26 15:13:28,887 [pool-27-thread-1] INFO  storage.RaftStorage (RaftStorage.java:format(72)) - Storage directory /workdir/hadoop-ozone/integration-test/target/test-dir/MiniOzoneClusterImpl-7e2f4b2f-6763-4a45-9ec4-264c2cef7c61/datanode-0/data/ratis/86548720-d4e2-4745-be8b-1a432a011447 has been successfully formatted.
2019-09-26 15:13:28,887 [pool-27-thread-1] INFO  ratis.ContainerStateMachine (ContainerStateMachine.java:loadSnapshot(230)) - group-1A432A011447: The snapshot info is null. Setting the last applied indexto:(t:0, i:~)
2019-09-26 15:13:28,888 [pool-27-thread-1] INFO  server.RaftServerConfigKeys (ConfUtils.java:logGet(43)) - raft.server.notification.no-leader.timeout = 120s (custom)
2019-09-26 15:13:28,888 [pool-27-thread-1] INFO  server.RaftServerConfigKeys (ConfUtils.java:logGet(43)) - raft.server.log.use.memory = false (default)
2019-09-26 15:13:28,888 [pool-27-thread-1] INFO  server.RaftServerConfigKeys (ConfUtils.java:logGet(43)) - raft.server.log.purge.gap = 1000000 (custom)
2019-09-26 15:13:28,888 [pool-27-thread-1] INFO  server.RaftServerConfigKeys (ConfUtils.java:logGet(43)) - raft.server.log.appender.buffer.byte-limit = 33554432 (custom)
2019-09-26 15:13:28,888 [pool-27-thread-1] INFO  server.RaftServerConfigKeys (ConfUtils.java:logGet(43)) - raft.server.log.segment.size.max = 1048576 (custom)
2019-09-26 15:13:28,888 [pool-27-thread-1] INFO  server.RaftServerConfigKeys (ConfUtils.java:logGet(43)) - raft.server.log.segment.cache.num.max = 2 (custom)
2019-09-26 15:13:28,888 [pool-27-thread-1] INFO  segmented.SegmentedRaftLogWorker (SegmentedRaftLogWorker.java:<init>(172)) - new b3e939fd-eb36-468b-9efe-5d0a1fdaa172@group-1A432A011447-SegmentedRaftLogWorker for RaftStorage:Storage Directory /workdir/hadoop-ozone/integration-test/target/test-dir/MiniOzoneClusterImpl-7e2f4b2f-6763-4a45-9ec4-264c2cef7c61/datanode-0/data/ratis/86548720-d4e2-4745-be8b-1a432a011447
2019-09-26 15:13:28,888 [pool-27-thread-1] INFO  server.RaftServerConfigKeys (ConfUtils.java:logGet(43)) - raft.server.log.queue.byte-limit = 2147483647 (custom)
2019-09-26 15:13:28,888 [pool-27-thread-1] INFO  server.RaftServerConfigKeys (ConfUtils.java:logGet(43)) - raft.server.log.queue.element-limit = 1024 (custom)
2019-09-26 15:13:28,889 [pool-27-thread-1] INFO  server.RaftServerConfigKeys (ConfUtils.java:logGet(43)) - raft.server.log.segment.size.max = 1048576 (custom)
2019-09-26 15:13:28,889 [pool-27-thread-1] INFO  server.RaftServerConfigKeys (ConfUtils.java:logGet(43)) - raft.server.log.preallocated.size = 16384 (custom)
2019-09-26 15:13:28,889 [pool-27-thread-1] INFO  server.RaftServerConfigKeys (ConfUtils.java:logGet(43)) - raft.server.log.write.buffer.size = 33554432 (custom)
2019-09-26 15:13:28,889 [pool-27-thread-1] INFO  server.RaftServerConfigKeys (ConfUtils.java:logGet(43)) - raft.server.log.force.sync.num = 128 (default)
2019-09-26 15:13:28,889 [pool-27-thread-1] INFO  server.RaftServerConfigKeys (ConfUtils.java:logGet(43)) - raft.server.log.statemachine.data.sync = true (default)
2019-09-26 15:13:28,889 [pool-27-thread-1] INFO  server.RaftServerConfigKeys (ConfUtils.java:logGet(43)) - raft.server.log.statemachine.data.sync.timeout = 10s (default)
2019-09-26 15:13:28,889 [pool-27-thread-1] INFO  server.RaftServerConfigKeys (ConfUtils.java:logGet(43)) - raft.server.log.statemachine.data.sync.timeout.retry = -1 (default)
2019-09-26 15:13:28,889 [pool-27-thread-1] INFO  server.RaftServerConfigKeys (ConfUtils.java:logGet(43)) - raft.server.log.statemachine.data.caching.enabled = true (custom)
2019-09-26 15:13:28,890 [pool-27-thread-1] INFO  segmented.SegmentedRaftLogWorker (SegmentedRaftLogWorker.java:lambda$new$0(132)) - b3e939fd-eb36-468b-9efe-5d0a1fdaa172@group-1A432A011447-SegmentedRaftLogWorker: flushIndex: setUnconditionally 0 -> -1
2019-09-26 15:13:28,890 [pool-27-thread-1] INFO  server.RaftServerConfigKeys (ConfUtils.java:logGet(43)) - raft.server.snapshot.auto.trigger.enabled = true (custom)
2019-09-26 15:13:28,890 [pool-27-thread-1] INFO  server.RaftServerConfigKeys (ConfUtils.java:logGet(43)) - raft.server.snapshot.auto.trigger.threshold = 10000 (custom)
2019-09-26 15:13:28,890 [pool-27-thread-1] INFO  server.RaftServerConfigKeys (ConfUtils.java:logGet(43)) - raft.server.snapshot.retention.num.files = 5 (custom)
2019-09-26 15:13:28,890 [pool-27-thread-1] INFO  server.RaftServerConfigKeys (ConfUtils.java:logGet(43)) - raft.server.retrycache.expirytime = 600000ms (custom)
2019-09-26 15:13:28,891 [pool-27-thread-1] INFO  impl.RaftServerImpl (RaftServerImpl.java:start(185)) - b3e939fd-eb36-468b-9efe-5d0a1fdaa172@group-1A432A011447: start as a follower, conf=-1: [b3e939fd-eb36-468b-9efe-5d0a1fdaa172:192.168.151.99:45433], old=null
2019-09-26 15:13:28,892 [pool-27-thread-1] INFO  impl.RaftServerImpl (RaftServerImpl.java:setRole(174)) - b3e939fd-eb36-468b-9efe-5d0a1fdaa172@group-1A432A011447: changes role from      null to FOLLOWER at term 0 for startAsFollower
2019-09-26 15:13:28,892 [pool-27-thread-1] INFO  impl.RoleInfo (RoleInfo.java:updateAndGet(143)) - b3e939fd-eb36-468b-9efe-5d0a1fdaa172: start FollowerState
2019-09-26 15:13:28,892 [pool-27-thread-1] INFO  util.JmxRegister (JmxRegister.java:tryRegister(44)) - Successfully registered JMX Bean with object name Ratis:service=RaftServer,group=group-1A432A011447,id=b3e939fd-eb36-468b-9efe-5d0a1fdaa172
2019-09-26 15:13:28,893 [RatisPipelineUtilsThread] INFO  pipeline.PipelineStateManager (PipelineStateManager.java:addPipeline(56)) - Created pipeline Pipeline[ Id: 86548720-d4e2-4745-be8b-1a432a011447, Nodes: b3e939fd-eb36-468b-9efe-5d0a1fdaa172{ip: 192.168.151.99, host: pr-hdds-1569-g6sp5-2013761785, networkLocation: /default-rack, certSerialId: null}, Type:RATIS, Factor:ONE, State:OPEN]
2019-09-26 15:13:28,897 [grpc-default-executor-0] INFO  impl.RaftServerProxy (RaftServerProxy.java:addNew(89)) - b3e939fd-eb36-468b-9efe-5d0a1fdaa172: addNew group-7EAC044EFCFC:[b3e939fd-eb36-468b-9efe-5d0a1fdaa172:192.168.151.99:45433] returns group-7EAC044EFCFC:java.util.concurrent.CompletableFuture@613e1181[Not completed]
2019-09-26 15:13:28,897 [pool-27-thread-1] INFO  impl.RaftServerImpl (RaftServerImpl.java:<init>(95)) - b3e939fd-eb36-468b-9efe-5d0a1fdaa172: new RaftServerImpl for group-7EAC044EFCFC:[b3e939fd-eb36-468b-9efe-5d0a1fdaa172:192.168.151.99:45433] with ContainerStateMachine:uninitialized
2019-09-26 15:13:28,898 [pool-27-thread-1] INFO  server.RaftServerConfigKeys (ConfUtils.java:logGet(43)) - raft.server.rpc.timeout.min = 5s (custom)
2019-09-26 15:13:28,898 [pool-27-thread-1] INFO  server.RaftServerConfigKeys (ConfUtils.java:logGet(43)) - raft.server.rpc.timeout.max = 5200ms (custom)
2019-09-26 15:13:28,898 [pool-27-thread-1] INFO  server.RaftServerConfigKeys (ConfUtils.java:logGet(43)) - raft.server.rpcslowness.timeout = 120s (custom)
2019-09-26 15:13:28,898 [pool-27-thread-1] INFO  server.RaftServerConfigKeys (ConfUtils.java:logGet(43)) - raft.server.sleep.deviation.threshold = 300 (default)
2019-09-26 15:13:28,898 [pool-27-thread-1] INFO  server.RaftServerConfigKeys (ConfUtils.java:logGet(43)) - raft.server.log.appender.install.snapshot.enabled = false (custom)
2019-09-26 15:13:28,898 [pool-27-thread-1] INFO  impl.RaftServerImpl (ServerState.java:<init>(103)) - b3e939fd-eb36-468b-9efe-5d0a1fdaa172@group-7EAC044EFCFC: ConfigurationManager, init=-1: [b3e939fd-eb36-468b-9efe-5d0a1fdaa172:192.168.151.99:45433], old=null, confs=<EMPTY_MAP>
2019-09-26 15:13:28,898 [pool-27-thread-1] INFO  server.RaftServerConfigKeys (ConfUtils.java:logGet(43)) - raft.server.storage.dir = [/workdir/hadoop-ozone/integration-test/target/test-dir/MiniOzoneClusterImpl-7e2f4b2f-6763-4a45-9ec4-264c2cef7c61/datanode-0/data/ratis] (custom)
2019-09-26 15:13:28,899 [pool-27-thread-1] INFO  storage.RaftStorageDirectory (RaftStorageDirectory.java:analyzeStorage(246)) - The storage directory /workdir/hadoop-ozone/integration-test/target/test-dir/MiniOzoneClusterImpl-7e2f4b2f-6763-4a45-9ec4-264c2cef7c61/datanode-0/data/ratis/17f195f9-a2d3-4138-965d-7eac044efcfc does not exist. Creating ...
2019-09-26 15:13:28,912 [pool-27-thread-1] INFO  storage.RaftStorageDirectory (RaftStorageDirectory.java:tryLock(328)) - Lock on /workdir/hadoop-ozone/integration-test/target/test-dir/MiniOzoneClusterImpl-7e2f4b2f-6763-4a45-9ec4-264c2cef7c61/datanode-0/data/ratis/17f195f9-a2d3-4138-965d-7eac044efcfc/in_use.lock acquired by nodename 11803@pr-hdds-1569-g6sp5-2013761785
2019-09-26 15:13:28,925 [pool-27-thread-1] INFO  storage.RaftStorage (RaftStorage.java:format(72)) - Storage directory /workdir/hadoop-ozone/integration-test/target/test-dir/MiniOzoneClusterImpl-7e2f4b2f-6763-4a45-9ec4-264c2cef7c61/datanode-0/data/ratis/17f195f9-a2d3-4138-965d-7eac044efcfc has been successfully formatted.
2019-09-26 15:13:28,925 [pool-27-thread-1] INFO  ratis.ContainerStateMachine (ContainerStateMachine.java:loadSnapshot(230)) - group-7EAC044EFCFC: The snapshot info is null. Setting the last applied indexto:(t:0, i:~)
2019-09-26 15:13:28,925 [pool-27-thread-1] INFO  server.RaftServerConfigKeys (ConfUtils.java:logGet(43)) - raft.server.notification.no-leader.timeout = 120s (custom)
2019-09-26 15:13:28,925 [pool-27-thread-1] INFO  server.RaftServerConfigKeys (ConfUtils.java:logGet(43)) - raft.server.log.use.memory = false (default)
2019-09-26 15:13:28,925 [pool-27-thread-1] INFO  server.RaftServerConfigKeys (ConfUtils.java:logGet(43)) - raft.server.log.purge.gap = 1000000 (custom)
2019-09-26 15:13:28,925 [pool-27-thread-1] INFO  server.RaftServerConfigKeys (ConfUtils.java:logGet(43)) - raft.server.log.appender.buffer.byte-limit = 33554432 (custom)
2019-09-26 15:13:28,926 [pool-27-thread-1] INFO  server.RaftServerConfigKeys (ConfUtils.java:logGet(43)) - raft.server.log.segment.size.max = 1048576 (custom)
2019-09-26 15:13:28,926 [pool-27-thread-1] INFO  server.RaftServerConfigKeys (ConfUtils.java:logGet(43)) - raft.server.log.segment.cache.num.max = 2 (custom)
2019-09-26 15:13:28,926 [pool-27-thread-1] INFO  segmented.SegmentedRaftLogWorker (SegmentedRaftLogWorker.java:<init>(172)) - new b3e939fd-eb36-468b-9efe-5d0a1fdaa172@group-7EAC044EFCFC-SegmentedRaftLogWorker for RaftStorage:Storage Directory /workdir/hadoop-ozone/integration-test/target/test-dir/MiniOzoneClusterImpl-7e2f4b2f-6763-4a45-9ec4-264c2cef7c61/datanode-0/data/ratis/17f195f9-a2d3-4138-965d-7eac044efcfc
2019-09-26 15:13:28,926 [pool-27-thread-1] INFO  server.RaftServerConfigKeys (ConfUtils.java:logGet(43)) - raft.server.log.queue.byte-limit = 2147483647 (custom)
2019-09-26 15:13:28,926 [pool-27-thread-1] INFO  server.RaftServerConfigKeys (ConfUtils.java:logGet(43)) - raft.server.log.queue.element-limit = 1024 (custom)
2019-09-26 15:13:28,926 [pool-27-thread-1] INFO  server.RaftServerConfigKeys (ConfUtils.java:logGet(43)) - raft.server.log.segment.size.max = 1048576 (custom)
2019-09-26 15:13:28,926 [pool-27-thread-1] INFO  server.RaftServerConfigKeys (ConfUtils.java:logGet(43)) - raft.server.log.preallocated.size = 16384 (custom)
2019-09-26 15:13:28,927 [pool-27-thread-1] INFO  server.RaftServerConfigKeys (ConfUtils.java:logGet(43)) - raft.server.log.write.buffer.size = 33554432 (custom)
2019-09-26 15:13:28,927 [pool-27-thread-1] INFO  server.RaftServerConfigKeys (ConfUtils.java:logGet(43)) - raft.server.log.force.sync.num = 128 (default)
2019-09-26 15:13:28,927 [pool-27-thread-1] INFO  server.RaftServerConfigKeys (ConfUtils.java:logGet(43)) - raft.server.log.statemachine.data.sync = true (default)
2019-09-26 15:13:28,927 [pool-27-thread-1] INFO  server.RaftServerConfigKeys (ConfUtils.java:logGet(43)) - raft.server.log.statemachine.data.sync.timeout = 10s (default)
2019-09-26 15:13:28,927 [pool-27-thread-1] INFO  server.RaftServerConfigKeys (ConfUtils.java:logGet(43)) - raft.server.log.statemachine.data.sync.timeout.retry = -1 (default)
2019-09-26 15:13:28,927 [pool-27-thread-1] INFO  server.RaftServerConfigKeys (ConfUtils.java:logGet(43)) - raft.server.log.statemachine.data.caching.enabled = true (custom)
2019-09-26 15:13:28,928 [pool-27-thread-1] INFO  segmented.SegmentedRaftLogWorker (SegmentedRaftLogWorker.java:lambda$new$0(132)) - b3e939fd-eb36-468b-9efe-5d0a1fdaa172@group-7EAC044EFCFC-SegmentedRaftLogWorker: flushIndex: setUnconditionally 0 -> -1
2019-09-26 15:13:28,928 [pool-27-thread-1] INFO  server.RaftServerConfigKeys (ConfUtils.java:logGet(43)) - raft.server.snapshot.auto.trigger.enabled = true (custom)
2019-09-26 15:13:28,928 [pool-27-thread-1] INFO  server.RaftServerConfigKeys (ConfUtils.java:logGet(43)) - raft.server.snapshot.auto.trigger.threshold = 10000 (custom)
2019-09-26 15:13:28,928 [pool-27-thread-1] INFO  server.RaftServerConfigKeys (ConfUtils.java:logGet(43)) - raft.server.snapshot.retention.num.files = 5 (custom)
2019-09-26 15:13:28,928 [pool-27-thread-1] INFO  server.RaftServerConfigKeys (ConfUtils.java:logGet(43)) - raft.server.retrycache.expirytime = 600000ms (custom)
2019-09-26 15:13:28,930 [pool-27-thread-1] INFO  impl.RaftServerImpl (RaftServerImpl.java:start(185)) - b3e939fd-eb36-468b-9efe-5d0a1fdaa172@group-7EAC044EFCFC: start as a follower, conf=-1: [b3e939fd-eb36-468b-9efe-5d0a1fdaa172:192.168.151.99:45433], old=null
2019-09-26 15:13:28,930 [pool-27-thread-1] INFO  impl.RaftServerImpl (RaftServerImpl.java:setRole(174)) - b3e939fd-eb36-468b-9efe-5d0a1fdaa172@group-7EAC044EFCFC: changes role from      null to FOLLOWER at term 0 for startAsFollower
2019-09-26 15:13:28,930 [pool-27-thread-1] INFO  impl.RoleInfo (RoleInfo.java:updateAndGet(143)) - b3e939fd-eb36-468b-9efe-5d0a1fdaa172: start FollowerState
2019-09-26 15:13:28,930 [pool-27-thread-1] INFO  util.JmxRegister (JmxRegister.java:tryRegister(44)) - Successfully registered JMX Bean with object name Ratis:service=RaftServer,group=group-7EAC044EFCFC,id=b3e939fd-eb36-468b-9efe-5d0a1fdaa172
2019-09-26 15:13:28,932 [RatisPipelineUtilsThread] INFO  pipeline.PipelineStateManager (PipelineStateManager.java:addPipeline(56)) - Created pipeline Pipeline[ Id: 17f195f9-a2d3-4138-965d-7eac044efcfc, Nodes: b3e939fd-eb36-468b-9efe-5d0a1fdaa172{ip: 192.168.151.99, host: pr-hdds-1569-g6sp5-2013761785, networkLocation: /default-rack, certSerialId: null}, Type:RATIS, Factor:ONE, State:OPEN]
2019-09-26 15:13:28,935 [grpc-default-executor-0] INFO  impl.RaftServerProxy (RaftServerProxy.java:addNew(89)) - b3e939fd-eb36-468b-9efe-5d0a1fdaa172: addNew group-EBA4A4160D1B:[b3e939fd-eb36-468b-9efe-5d0a1fdaa172:192.168.151.99:45433] returns group-EBA4A4160D1B:java.util.concurrent.CompletableFuture@102e9408[Not completed]
2019-09-26 15:13:28,936 [pool-27-thread-1] INFO  impl.RaftServerImpl (RaftServerImpl.java:<init>(95)) - b3e939fd-eb36-468b-9efe-5d0a1fdaa172: new RaftServerImpl for group-EBA4A4160D1B:[b3e939fd-eb36-468b-9efe-5d0a1fdaa172:192.168.151.99:45433] with ContainerStateMachine:uninitialized
2019-09-26 15:13:28,936 [pool-27-thread-1] INFO  server.RaftServerConfigKeys (ConfUtils.java:logGet(43)) - raft.server.rpc.timeout.min = 5s (custom)
2019-09-26 15:13:28,937 [pool-27-thread-1] INFO  server.RaftServerConfigKeys (ConfUtils.java:logGet(43)) - raft.server.rpc.timeout.max = 5200ms (custom)
2019-09-26 15:13:28,937 [pool-27-thread-1] INFO  server.RaftServerConfigKeys (ConfUtils.java:logGet(43)) - raft.server.rpcslowness.timeout = 120s (custom)
2019-09-26 15:13:28,937 [pool-27-thread-1] INFO  server.RaftServerConfigKeys (ConfUtils.java:logGet(43)) - raft.server.sleep.deviation.threshold = 300 (default)
2019-09-26 15:13:28,937 [pool-27-thread-1] INFO  server.RaftServerConfigKeys (ConfUtils.java:logGet(43)) - raft.server.log.appender.install.snapshot.enabled = false (custom)
2019-09-26 15:13:28,937 [pool-27-thread-1] INFO  impl.RaftServerImpl (ServerState.java:<init>(103)) - b3e939fd-eb36-468b-9efe-5d0a1fdaa172@group-EBA4A4160D1B: ConfigurationManager, init=-1: [b3e939fd-eb36-468b-9efe-5d0a1fdaa172:192.168.151.99:45433], old=null, confs=<EMPTY_MAP>
2019-09-26 15:13:28,937 [pool-27-thread-1] INFO  server.RaftServerConfigKeys (ConfUtils.java:logGet(43)) - raft.server.storage.dir = [/workdir/hadoop-ozone/integration-test/target/test-dir/MiniOzoneClusterImpl-7e2f4b2f-6763-4a45-9ec4-264c2cef7c61/datanode-0/data/ratis] (custom)
2019-09-26 15:13:28,939 [pool-27-thread-1] INFO  storage.RaftStorageDirectory (RaftStorageDirectory.java:analyzeStorage(246)) - The storage directory /workdir/hadoop-ozone/integration-test/target/test-dir/MiniOzoneClusterImpl-7e2f4b2f-6763-4a45-9ec4-264c2cef7c61/datanode-0/data/ratis/90fae987-46d5-4598-a630-eba4a4160d1b does not exist. Creating ...
2019-09-26 15:13:28,951 [pool-27-thread-1] INFO  storage.RaftStorageDirectory (RaftStorageDirectory.java:tryLock(328)) - Lock on /workdir/hadoop-ozone/integration-test/target/test-dir/MiniOzoneClusterImpl-7e2f4b2f-6763-4a45-9ec4-264c2cef7c61/datanode-0/data/ratis/90fae987-46d5-4598-a630-eba4a4160d1b/in_use.lock acquired by nodename 11803@pr-hdds-1569-g6sp5-2013761785
2019-09-26 15:13:28,964 [pool-27-thread-1] INFO  storage.RaftStorage (RaftStorage.java:format(72)) - Storage directory /workdir/hadoop-ozone/integration-test/target/test-dir/MiniOzoneClusterImpl-7e2f4b2f-6763-4a45-9ec4-264c2cef7c61/datanode-0/data/ratis/90fae987-46d5-4598-a630-eba4a4160d1b has been successfully formatted.
2019-09-26 15:13:28,964 [pool-27-thread-1] INFO  ratis.ContainerStateMachine (ContainerStateMachine.java:loadSnapshot(230)) - group-EBA4A4160D1B: The snapshot info is null. Setting the last applied indexto:(t:0, i:~)
2019-09-26 15:13:28,965 [pool-27-thread-1] INFO  server.RaftServerConfigKeys (ConfUtils.java:logGet(43)) - raft.server.notification.no-leader.timeout = 120s (custom)
2019-09-26 15:13:28,965 [pool-27-thread-1] INFO  server.RaftServerConfigKeys (ConfUtils.java:logGet(43)) - raft.server.log.use.memory = false (default)
2019-09-26 15:13:28,965 [pool-27-thread-1] INFO  server.RaftServerConfigKeys (ConfUtils.java:logGet(43)) - raft.server.log.purge.gap = 1000000 (custom)
2019-09-26 15:13:28,965 [pool-27-thread-1] INFO  server.RaftServerConfigKeys (ConfUtils.java:logGet(43)) - raft.server.log.appender.buffer.byte-limit = 33554432 (custom)
2019-09-26 15:13:28,965 [pool-27-thread-1] INFO  server.RaftServerConfigKeys (ConfUtils.java:logGet(43)) - raft.server.log.segment.size.max = 1048576 (custom)
2019-09-26 15:13:28,965 [pool-27-thread-1] INFO  server.RaftServerConfigKeys (ConfUtils.java:logGet(43)) - raft.server.log.segment.cache.num.max = 2 (custom)
2019-09-26 15:13:28,965 [pool-27-thread-1] INFO  segmented.SegmentedRaftLogWorker (SegmentedRaftLogWorker.java:<init>(172)) - new b3e939fd-eb36-468b-9efe-5d0a1fdaa172@group-EBA4A4160D1B-SegmentedRaftLogWorker for RaftStorage:Storage Directory /workdir/hadoop-ozone/integration-test/target/test-dir/MiniOzoneClusterImpl-7e2f4b2f-6763-4a45-9ec4-264c2cef7c61/datanode-0/data/ratis/90fae987-46d5-4598-a630-eba4a4160d1b
2019-09-26 15:13:28,966 [pool-27-thread-1] INFO  server.RaftServerConfigKeys (ConfUtils.java:logGet(43)) - raft.server.log.queue.byte-limit = 2147483647 (custom)
2019-09-26 15:13:28,966 [pool-27-thread-1] INFO  server.RaftServerConfigKeys (ConfUtils.java:logGet(43)) - raft.server.log.queue.element-limit = 1024 (custom)
2019-09-26 15:13:28,966 [pool-27-thread-1] INFO  server.RaftServerConfigKeys (ConfUtils.java:logGet(43)) - raft.server.log.segment.size.max = 1048576 (custom)
2019-09-26 15:13:28,966 [pool-27-thread-1] INFO  server.RaftServerConfigKeys (ConfUtils.java:logGet(43)) - raft.server.log.preallocated.size = 16384 (custom)
2019-09-26 15:13:28,966 [pool-27-thread-1] INFO  server.RaftServerConfigKeys (ConfUtils.java:logGet(43)) - raft.server.log.write.buffer.size = 33554432 (custom)
2019-09-26 15:13:28,966 [pool-27-thread-1] INFO  server.RaftServerConfigKeys (ConfUtils.java:logGet(43)) - raft.server.log.force.sync.num = 128 (default)
2019-09-26 15:13:28,966 [pool-27-thread-1] INFO  server.RaftServerConfigKeys (ConfUtils.java:logGet(43)) - raft.server.log.statemachine.data.sync = true (default)
2019-09-26 15:13:28,967 [pool-27-thread-1] INFO  server.RaftServerConfigKeys (ConfUtils.java:logGet(43)) - raft.server.log.statemachine.data.sync.timeout = 10s (default)
2019-09-26 15:13:28,967 [pool-27-thread-1] INFO  server.RaftServerConfigKeys (ConfUtils.java:logGet(43)) - raft.server.log.statemachine.data.sync.timeout.retry = -1 (default)
2019-09-26 15:13:28,967 [pool-27-thread-1] INFO  server.RaftServerConfigKeys (ConfUtils.java:logGet(43)) - raft.server.log.statemachine.data.caching.enabled = true (custom)
2019-09-26 15:13:28,967 [pool-27-thread-1] INFO  segmented.SegmentedRaftLogWorker (SegmentedRaftLogWorker.java:lambda$new$0(132)) - b3e939fd-eb36-468b-9efe-5d0a1fdaa172@group-EBA4A4160D1B-SegmentedRaftLogWorker: flushIndex: setUnconditionally 0 -> -1
2019-09-26 15:13:28,968 [pool-27-thread-1] INFO  server.RaftServerConfigKeys (ConfUtils.java:logGet(43)) - raft.server.snapshot.auto.trigger.enabled = true (custom)
2019-09-26 15:13:28,968 [pool-27-thread-1] INFO  server.RaftServerConfigKeys (ConfUtils.java:logGet(43)) - raft.server.snapshot.auto.trigger.threshold = 10000 (custom)
2019-09-26 15:13:28,968 [pool-27-thread-1] INFO  server.RaftServerConfigKeys (ConfUtils.java:logGet(43)) - raft.server.snapshot.retention.num.files = 5 (custom)
2019-09-26 15:13:28,968 [pool-27-thread-1] INFO  server.RaftServerConfigKeys (ConfUtils.java:logGet(43)) - raft.server.retrycache.expirytime = 600000ms (custom)
2019-09-26 15:13:28,970 [pool-27-thread-1] INFO  impl.RaftServerImpl (RaftServerImpl.java:start(185)) - b3e939fd-eb36-468b-9efe-5d0a1fdaa172@group-EBA4A4160D1B: start as a follower, conf=-1: [b3e939fd-eb36-468b-9efe-5d0a1fdaa172:192.168.151.99:45433], old=null
2019-09-26 15:13:28,970 [pool-27-thread-1] INFO  impl.RaftServerImpl (RaftServerImpl.java:setRole(174)) - b3e939fd-eb36-468b-9efe-5d0a1fdaa172@group-EBA4A4160D1B: changes role from      null to FOLLOWER at term 0 for startAsFollower
2019-09-26 15:13:28,970 [pool-27-thread-1] INFO  impl.RoleInfo (RoleInfo.java:updateAndGet(143)) - b3e939fd-eb36-468b-9efe-5d0a1fdaa172: start FollowerState
2019-09-26 15:13:28,970 [pool-27-thread-1] INFO  util.JmxRegister (JmxRegister.java:tryRegister(44)) - Successfully registered JMX Bean with object name Ratis:service=RaftServer,group=group-EBA4A4160D1B,id=b3e939fd-eb36-468b-9efe-5d0a1fdaa172
2019-09-26 15:13:28,972 [RatisPipelineUtilsThread] INFO  pipeline.PipelineStateManager (PipelineStateManager.java:addPipeline(56)) - Created pipeline Pipeline[ Id: 90fae987-46d5-4598-a630-eba4a4160d1b, Nodes: b3e939fd-eb36-468b-9efe-5d0a1fdaa172{ip: 192.168.151.99, host: pr-hdds-1569-g6sp5-2013761785, networkLocation: /default-rack, certSerialId: null}, Type:RATIS, Factor:ONE, State:OPEN]
2019-09-26 15:13:28,975 [grpc-default-executor-0] INFO  impl.RaftServerProxy (RaftServerProxy.java:addNew(89)) - b3e939fd-eb36-468b-9efe-5d0a1fdaa172: addNew group-2F5911C68895:[b3e939fd-eb36-468b-9efe-5d0a1fdaa172:192.168.151.99:45433] returns group-2F5911C68895:java.util.concurrent.CompletableFuture@6b9cca40[Not completed]
2019-09-26 15:13:28,976 [pool-27-thread-1] INFO  impl.RaftServerImpl (RaftServerImpl.java:<init>(95)) - b3e939fd-eb36-468b-9efe-5d0a1fdaa172: new RaftServerImpl for group-2F5911C68895:[b3e939fd-eb36-468b-9efe-5d0a1fdaa172:192.168.151.99:45433] with ContainerStateMachine:uninitialized
2019-09-26 15:13:28,976 [pool-27-thread-1] INFO  server.RaftServerConfigKeys (ConfUtils.java:logGet(43)) - raft.server.rpc.timeout.min = 5s (custom)
2019-09-26 15:13:28,976 [pool-27-thread-1] INFO  server.RaftServerConfigKeys (ConfUtils.java:logGet(43)) - raft.server.rpc.timeout.max = 5200ms (custom)
2019-09-26 15:13:28,976 [pool-27-thread-1] INFO  server.RaftServerConfigKeys (ConfUtils.java:logGet(43)) - raft.server.rpcslowness.timeout = 120s (custom)
2019-09-26 15:13:28,976 [pool-27-thread-1] INFO  server.RaftServerConfigKeys (ConfUtils.java:logGet(43)) - raft.server.sleep.deviation.threshold = 300 (default)
2019-09-26 15:13:28,976 [pool-27-thread-1] INFO  server.RaftServerConfigKeys (ConfUtils.java:logGet(43)) - raft.server.log.appender.install.snapshot.enabled = false (custom)
2019-09-26 15:13:28,977 [pool-27-thread-1] INFO  impl.RaftServerImpl (ServerState.java:<init>(103)) - b3e939fd-eb36-468b-9efe-5d0a1fdaa172@group-2F5911C68895: ConfigurationManager, init=-1: [b3e939fd-eb36-468b-9efe-5d0a1fdaa172:192.168.151.99:45433], old=null, confs=<EMPTY_MAP>
2019-09-26 15:13:28,977 [pool-27-thread-1] INFO  server.RaftServerConfigKeys (ConfUtils.java:logGet(43)) - raft.server.storage.dir = [/workdir/hadoop-ozone/integration-test/target/test-dir/MiniOzoneClusterImpl-7e2f4b2f-6763-4a45-9ec4-264c2cef7c61/datanode-0/data/ratis] (custom)
2019-09-26 15:13:28,978 [pool-27-thread-1] INFO  storage.RaftStorageDirectory (RaftStorageDirectory.java:analyzeStorage(246)) - The storage directory /workdir/hadoop-ozone/integration-test/target/test-dir/MiniOzoneClusterImpl-7e2f4b2f-6763-4a45-9ec4-264c2cef7c61/datanode-0/data/ratis/35739a92-2a58-4783-a15d-2f5911c68895 does not exist. Creating ...
2019-09-26 15:13:28,990 [pool-27-thread-1] INFO  storage.RaftStorageDirectory (RaftStorageDirectory.java:tryLock(328)) - Lock on /workdir/hadoop-ozone/integration-test/target/test-dir/MiniOzoneClusterImpl-7e2f4b2f-6763-4a45-9ec4-264c2cef7c61/datanode-0/data/ratis/35739a92-2a58-4783-a15d-2f5911c68895/in_use.lock acquired by nodename 11803@pr-hdds-1569-g6sp5-2013761785
2019-09-26 15:13:29,003 [pool-27-thread-1] INFO  storage.RaftStorage (RaftStorage.java:format(72)) - Storage directory /workdir/hadoop-ozone/integration-test/target/test-dir/MiniOzoneClusterImpl-7e2f4b2f-6763-4a45-9ec4-264c2cef7c61/datanode-0/data/ratis/35739a92-2a58-4783-a15d-2f5911c68895 has been successfully formatted.
2019-09-26 15:13:29,003 [pool-27-thread-1] INFO  ratis.ContainerStateMachine (ContainerStateMachine.java:loadSnapshot(230)) - group-2F5911C68895: The snapshot info is null. Setting the last applied indexto:(t:0, i:~)
2019-09-26 15:13:29,003 [pool-27-thread-1] INFO  server.RaftServerConfigKeys (ConfUtils.java:logGet(43)) - raft.server.notification.no-leader.timeout = 120s (custom)
2019-09-26 15:13:29,003 [pool-27-thread-1] INFO  server.RaftServerConfigKeys (ConfUtils.java:logGet(43)) - raft.server.log.use.memory = false (default)
2019-09-26 15:13:29,004 [pool-27-thread-1] INFO  server.RaftServerConfigKeys (ConfUtils.java:logGet(43)) - raft.server.log.purge.gap = 1000000 (custom)
2019-09-26 15:13:29,004 [pool-27-thread-1] INFO  server.RaftServerConfigKeys (ConfUtils.java:logGet(43)) - raft.server.log.appender.buffer.byte-limit = 33554432 (custom)
2019-09-26 15:13:29,004 [pool-27-thread-1] INFO  server.RaftServerConfigKeys (ConfUtils.java:logGet(43)) - raft.server.log.segment.size.max = 1048576 (custom)
2019-09-26 15:13:29,004 [pool-27-thread-1] INFO  server.RaftServerConfigKeys (ConfUtils.java:logGet(43)) - raft.server.log.segment.cache.num.max = 2 (custom)
2019-09-26 15:13:29,004 [pool-27-thread-1] INFO  segmented.SegmentedRaftLogWorker (SegmentedRaftLogWorker.java:<init>(172)) - new b3e939fd-eb36-468b-9efe-5d0a1fdaa172@group-2F5911C68895-SegmentedRaftLogWorker for RaftStorage:Storage Directory /workdir/hadoop-ozone/integration-test/target/test-dir/MiniOzoneClusterImpl-7e2f4b2f-6763-4a45-9ec4-264c2cef7c61/datanode-0/data/ratis/35739a92-2a58-4783-a15d-2f5911c68895
2019-09-26 15:13:29,004 [pool-27-thread-1] INFO  server.RaftServerConfigKeys (ConfUtils.java:logGet(43)) - raft.server.log.queue.byte-limit = 2147483647 (custom)
2019-09-26 15:13:29,004 [pool-27-thread-1] INFO  server.RaftServerConfigKeys (ConfUtils.java:logGet(43)) - raft.server.log.queue.element-limit = 1024 (custom)
2019-09-26 15:13:29,004 [pool-27-thread-1] INFO  server.RaftServerConfigKeys (ConfUtils.java:logGet(43)) - raft.server.log.segment.size.max = 1048576 (custom)
2019-09-26 15:13:29,004 [pool-27-thread-1] INFO  server.RaftServerConfigKeys (ConfUtils.java:logGet(43)) - raft.server.log.preallocated.size = 16384 (custom)
2019-09-26 15:13:29,005 [pool-27-thread-1] INFO  server.RaftServerConfigKeys (ConfUtils.java:logGet(43)) - raft.server.log.write.buffer.size = 33554432 (custom)
2019-09-26 15:13:29,005 [pool-27-thread-1] INFO  server.RaftServerConfigKeys (ConfUtils.java:logGet(43)) - raft.server.log.force.sync.num = 128 (default)
2019-09-26 15:13:29,005 [pool-27-thread-1] INFO  server.RaftServerConfigKeys (ConfUtils.java:logGet(43)) - raft.server.log.statemachine.data.sync = true (default)
2019-09-26 15:13:29,005 [pool-27-thread-1] INFO  server.RaftServerConfigKeys (ConfUtils.java:logGet(43)) - raft.server.log.statemachine.data.sync.timeout = 10s (default)
2019-09-26 15:13:29,005 [pool-27-thread-1] INFO  server.RaftServerConfigKeys (ConfUtils.java:logGet(43)) - raft.server.log.statemachine.data.sync.timeout.retry = -1 (default)
2019-09-26 15:13:29,005 [pool-27-thread-1] INFO  server.RaftServerConfigKeys (ConfUtils.java:logGet(43)) - raft.server.log.statemachine.data.caching.enabled = true (custom)
2019-09-26 15:13:29,005 [pool-27-thread-1] INFO  segmented.SegmentedRaftLogWorker (SegmentedRaftLogWorker.java:lambda$new$0(132)) - b3e939fd-eb36-468b-9efe-5d0a1fdaa172@group-2F5911C68895-SegmentedRaftLogWorker: flushIndex: setUnconditionally 0 -> -1
2019-09-26 15:13:29,006 [pool-27-thread-1] INFO  server.RaftServerConfigKeys (ConfUtils.java:logGet(43)) - raft.server.snapshot.auto.trigger.enabled = true (custom)
2019-09-26 15:13:29,006 [pool-27-thread-1] INFO  server.RaftServerConfigKeys (ConfUtils.java:logGet(43)) - raft.server.snapshot.auto.trigger.threshold = 10000 (custom)
2019-09-26 15:13:29,006 [pool-27-thread-1] INFO  server.RaftServerConfigKeys (ConfUtils.java:logGet(43)) - raft.server.snapshot.retention.num.files = 5 (custom)
2019-09-26 15:13:29,006 [pool-27-thread-1] INFO  server.RaftServerConfigKeys (ConfUtils.java:logGet(43)) - raft.server.retrycache.expirytime = 600000ms (custom)
2019-09-26 15:13:29,007 [pool-27-thread-1] INFO  impl.RaftServerImpl (RaftServerImpl.java:start(185)) - b3e939fd-eb36-468b-9efe-5d0a1fdaa172@group-2F5911C68895: start as a follower, conf=-1: [b3e939fd-eb36-468b-9efe-5d0a1fdaa172:192.168.151.99:45433], old=null
2019-09-26 15:13:29,008 [pool-27-thread-1] INFO  impl.RaftServerImpl (RaftServerImpl.java:setRole(174)) - b3e939fd-eb36-468b-9efe-5d0a1fdaa172@group-2F5911C68895: changes role from      null to FOLLOWER at term 0 for startAsFollower
2019-09-26 15:13:29,008 [pool-27-thread-1] INFO  impl.RoleInfo (RoleInfo.java:updateAndGet(143)) - b3e939fd-eb36-468b-9efe-5d0a1fdaa172: start FollowerState
2019-09-26 15:13:29,008 [pool-27-thread-1] INFO  util.JmxRegister (JmxRegister.java:tryRegister(44)) - Successfully registered JMX Bean with object name Ratis:service=RaftServer,group=group-2F5911C68895,id=b3e939fd-eb36-468b-9efe-5d0a1fdaa172
2019-09-26 15:13:29,010 [RatisPipelineUtilsThread] INFO  pipeline.PipelineStateManager (PipelineStateManager.java:addPipeline(56)) - Created pipeline Pipeline[ Id: 35739a92-2a58-4783-a15d-2f5911c68895, Nodes: b3e939fd-eb36-468b-9efe-5d0a1fdaa172{ip: 192.168.151.99, host: pr-hdds-1569-g6sp5-2013761785, networkLocation: /default-rack, certSerialId: null}, Type:RATIS, Factor:ONE, State:OPEN]
2019-09-26 15:13:29,014 [grpc-default-executor-0] INFO  impl.RaftServerProxy (RaftServerProxy.java:addNew(89)) - b3e939fd-eb36-468b-9efe-5d0a1fdaa172: addNew group-028EEA1990DD:[b3e939fd-eb36-468b-9efe-5d0a1fdaa172:192.168.151.99:45433] returns group-028EEA1990DD:java.util.concurrent.CompletableFuture@7965bd1e[Not completed]
2019-09-26 15:13:29,015 [pool-27-thread-1] INFO  impl.RaftServerImpl (RaftServerImpl.java:<init>(95)) - b3e939fd-eb36-468b-9efe-5d0a1fdaa172: new RaftServerImpl for group-028EEA1990DD:[b3e939fd-eb36-468b-9efe-5d0a1fdaa172:192.168.151.99:45433] with ContainerStateMachine:uninitialized
2019-09-26 15:13:29,015 [pool-27-thread-1] INFO  server.RaftServerConfigKeys (ConfUtils.java:logGet(43)) - raft.server.rpc.timeout.min = 5s (custom)
2019-09-26 15:13:29,015 [pool-27-thread-1] INFO  server.RaftServerConfigKeys (ConfUtils.java:logGet(43)) - raft.server.rpc.timeout.max = 5200ms (custom)
2019-09-26 15:13:29,015 [pool-27-thread-1] INFO  server.RaftServerConfigKeys (ConfUtils.java:logGet(43)) - raft.server.rpcslowness.timeout = 120s (custom)
2019-09-26 15:13:29,015 [pool-27-thread-1] INFO  server.RaftServerConfigKeys (ConfUtils.java:logGet(43)) - raft.server.sleep.deviation.threshold = 300 (default)
2019-09-26 15:13:29,015 [pool-27-thread-1] INFO  server.RaftServerConfigKeys (ConfUtils.java:logGet(43)) - raft.server.log.appender.install.snapshot.enabled = false (custom)
2019-09-26 15:13:29,015 [pool-27-thread-1] INFO  impl.RaftServerImpl (ServerState.java:<init>(103)) - b3e939fd-eb36-468b-9efe-5d0a1fdaa172@group-028EEA1990DD: ConfigurationManager, init=-1: [b3e939fd-eb36-468b-9efe-5d0a1fdaa172:192.168.151.99:45433], old=null, confs=<EMPTY_MAP>
2019-09-26 15:13:29,015 [pool-27-thread-1] INFO  server.RaftServerConfigKeys (ConfUtils.java:logGet(43)) - raft.server.storage.dir = [/workdir/hadoop-ozone/integration-test/target/test-dir/MiniOzoneClusterImpl-7e2f4b2f-6763-4a45-9ec4-264c2cef7c61/datanode-0/data/ratis] (custom)
2019-09-26 15:13:29,016 [pool-27-thread-1] INFO  storage.RaftStorageDirectory (RaftStorageDirectory.java:analyzeStorage(246)) - The storage directory /workdir/hadoop-ozone/integration-test/target/test-dir/MiniOzoneClusterImpl-7e2f4b2f-6763-4a45-9ec4-264c2cef7c61/datanode-0/data/ratis/c6708f9c-c1fc-4be1-9386-028eea1990dd does not exist. Creating ...
2019-09-26 15:13:29,029 [pool-27-thread-1] INFO  storage.RaftStorageDirectory (RaftStorageDirectory.java:tryLock(328)) - Lock on /workdir/hadoop-ozone/integration-test/target/test-dir/MiniOzoneClusterImpl-7e2f4b2f-6763-4a45-9ec4-264c2cef7c61/datanode-0/data/ratis/c6708f9c-c1fc-4be1-9386-028eea1990dd/in_use.lock acquired by nodename 11803@pr-hdds-1569-g6sp5-2013761785
2019-09-26 15:13:29,041 [pool-27-thread-1] INFO  storage.RaftStorage (RaftStorage.java:format(72)) - Storage directory /workdir/hadoop-ozone/integration-test/target/test-dir/MiniOzoneClusterImpl-7e2f4b2f-6763-4a45-9ec4-264c2cef7c61/datanode-0/data/ratis/c6708f9c-c1fc-4be1-9386-028eea1990dd has been successfully formatted.
2019-09-26 15:13:29,042 [pool-27-thread-1] INFO  ratis.ContainerStateMachine (ContainerStateMachine.java:loadSnapshot(230)) - group-028EEA1990DD: The snapshot info is null. Setting the last applied indexto:(t:0, i:~)
2019-09-26 15:13:29,042 [pool-27-thread-1] INFO  server.RaftServerConfigKeys (ConfUtils.java:logGet(43)) - raft.server.notification.no-leader.timeout = 120s (custom)
2019-09-26 15:13:29,042 [pool-27-thread-1] INFO  server.RaftServerConfigKeys (ConfUtils.java:logGet(43)) - raft.server.log.use.memory = false (default)
2019-09-26 15:13:29,042 [pool-27-thread-1] INFO  server.RaftServerConfigKeys (ConfUtils.java:logGet(43)) - raft.server.log.purge.gap = 1000000 (custom)
2019-09-26 15:13:29,042 [pool-27-thread-1] INFO  server.RaftServerConfigKeys (ConfUtils.java:logGet(43)) - raft.server.log.appender.buffer.byte-limit = 33554432 (custom)
2019-09-26 15:13:29,042 [pool-27-thread-1] INFO  server.RaftServerConfigKeys (ConfUtils.java:logGet(43)) - raft.server.log.segment.size.max = 1048576 (custom)
2019-09-26 15:13:29,042 [pool-27-thread-1] INFO  server.RaftServerConfigKeys (ConfUtils.java:logGet(43)) - raft.server.log.segment.cache.num.max = 2 (custom)
2019-09-26 15:13:29,043 [pool-27-thread-1] INFO  segmented.SegmentedRaftLogWorker (SegmentedRaftLogWorker.java:<init>(172)) - new b3e939fd-eb36-468b-9efe-5d0a1fdaa172@group-028EEA1990DD-SegmentedRaftLogWorker for RaftStorage:Storage Directory /workdir/hadoop-ozone/integration-test/target/test-dir/MiniOzoneClusterImpl-7e2f4b2f-6763-4a45-9ec4-264c2cef7c61/datanode-0/data/ratis/c6708f9c-c1fc-4be1-9386-028eea1990dd
2019-09-26 15:13:29,043 [pool-27-thread-1] INFO  server.RaftServerConfigKeys (ConfUtils.java:logGet(43)) - raft.server.log.queue.byte-limit = 2147483647 (custom)
2019-09-26 15:13:29,043 [pool-27-thread-1] INFO  server.RaftServerConfigKeys (ConfUtils.java:logGet(43)) - raft.server.log.queue.element-limit = 1024 (custom)
2019-09-26 15:13:29,043 [pool-27-thread-1] INFO  server.RaftServerConfigKeys (ConfUtils.java:logGet(43)) - raft.server.log.segment.size.max = 1048576 (custom)
2019-09-26 15:13:29,043 [pool-27-thread-1] INFO  server.RaftServerConfigKeys (ConfUtils.java:logGet(43)) - raft.server.log.preallocated.size = 16384 (custom)
2019-09-26 15:13:29,043 [pool-27-thread-1] INFO  server.RaftServerConfigKeys (ConfUtils.java:logGet(43)) - raft.server.log.write.buffer.size = 33554432 (custom)
2019-09-26 15:13:29,043 [pool-27-thread-1] INFO  server.RaftServerConfigKeys (ConfUtils.java:logGet(43)) - raft.server.log.force.sync.num = 128 (default)
2019-09-26 15:13:29,043 [pool-27-thread-1] INFO  server.RaftServerConfigKeys (ConfUtils.java:logGet(43)) - raft.server.log.statemachine.data.sync = true (default)
2019-09-26 15:13:29,043 [pool-27-thread-1] INFO  server.RaftServerConfigKeys (ConfUtils.java:logGet(43)) - raft.server.log.statemachine.data.sync.timeout = 10s (default)
2019-09-26 15:13:29,044 [pool-27-thread-1] INFO  server.RaftServerConfigKeys (ConfUtils.java:logGet(43)) - raft.server.log.statemachine.data.sync.timeout.retry = -1 (default)
2019-09-26 15:13:29,044 [pool-27-thread-1] INFO  server.RaftServerConfigKeys (ConfUtils.java:logGet(43)) - raft.server.log.statemachine.data.caching.enabled = true (custom)
2019-09-26 15:13:29,044 [pool-27-thread-1] INFO  segmented.SegmentedRaftLogWorker (SegmentedRaftLogWorker.java:lambda$new$0(132)) - b3e939fd-eb36-468b-9efe-5d0a1fdaa172@group-028EEA1990DD-SegmentedRaftLogWorker: flushIndex: setUnconditionally 0 -> -1
2019-09-26 15:13:29,044 [pool-27-thread-1] INFO  server.RaftServerConfigKeys (ConfUtils.java:logGet(43)) - raft.server.snapshot.auto.trigger.enabled = true (custom)
2019-09-26 15:13:29,044 [pool-27-thread-1] INFO  server.RaftServerConfigKeys (ConfUtils.java:logGet(43)) - raft.server.snapshot.auto.trigger.threshold = 10000 (custom)
2019-09-26 15:13:29,044 [pool-27-thread-1] INFO  server.RaftServerConfigKeys (ConfUtils.java:logGet(43)) - raft.server.snapshot.retention.num.files = 5 (custom)
2019-09-26 15:13:29,045 [pool-27-thread-1] INFO  server.RaftServerConfigKeys (ConfUtils.java:logGet(43)) - raft.server.retrycache.expirytime = 600000ms (custom)
2019-09-26 15:13:29,046 [pool-27-thread-1] INFO  impl.RaftServerImpl (RaftServerImpl.java:start(185)) - b3e939fd-eb36-468b-9efe-5d0a1fdaa172@group-028EEA1990DD: start as a follower, conf=-1: [b3e939fd-eb36-468b-9efe-5d0a1fdaa172:192.168.151.99:45433], old=null
2019-09-26 15:13:29,046 [pool-27-thread-1] INFO  impl.RaftServerImpl (RaftServerImpl.java:setRole(174)) - b3e939fd-eb36-468b-9efe-5d0a1fdaa172@group-028EEA1990DD: changes role from      null to FOLLOWER at term 0 for startAsFollower
2019-09-26 15:13:29,046 [pool-27-thread-1] INFO  impl.RoleInfo (RoleInfo.java:updateAndGet(143)) - b3e939fd-eb36-468b-9efe-5d0a1fdaa172: start FollowerState
2019-09-26 15:13:29,047 [pool-27-thread-1] INFO  util.JmxRegister (JmxRegister.java:tryRegister(44)) - Successfully registered JMX Bean with object name Ratis:service=RaftServer,group=group-028EEA1990DD,id=b3e939fd-eb36-468b-9efe-5d0a1fdaa172
2019-09-26 15:13:29,048 [RatisPipelineUtilsThread] INFO  pipeline.PipelineStateManager (PipelineStateManager.java:addPipeline(56)) - Created pipeline Pipeline[ Id: c6708f9c-c1fc-4be1-9386-028eea1990dd, Nodes: b3e939fd-eb36-468b-9efe-5d0a1fdaa172{ip: 192.168.151.99, host: pr-hdds-1569-g6sp5-2013761785, networkLocation: /default-rack, certSerialId: null}, Type:RATIS, Factor:ONE, State:OPEN]
2019-09-26 15:13:29,051 [grpc-default-executor-0] INFO  impl.RaftServerProxy (RaftServerProxy.java:addNew(89)) - b3e939fd-eb36-468b-9efe-5d0a1fdaa172: addNew group-0CA234018F8C:[b3e939fd-eb36-468b-9efe-5d0a1fdaa172:192.168.151.99:45433] returns group-0CA234018F8C:java.util.concurrent.CompletableFuture@75ec7424[Not completed]
2019-09-26 15:13:29,052 [pool-27-thread-1] INFO  impl.RaftServerImpl (RaftServerImpl.java:<init>(95)) - b3e939fd-eb36-468b-9efe-5d0a1fdaa172: new RaftServerImpl for group-0CA234018F8C:[b3e939fd-eb36-468b-9efe-5d0a1fdaa172:192.168.151.99:45433] with ContainerStateMachine:uninitialized
2019-09-26 15:13:29,052 [pool-27-thread-1] INFO  server.RaftServerConfigKeys (ConfUtils.java:logGet(43)) - raft.server.rpc.timeout.min = 5s (custom)
2019-09-26 15:13:29,052 [pool-27-thread-1] INFO  server.RaftServerConfigKeys (ConfUtils.java:logGet(43)) - raft.server.rpc.timeout.max = 5200ms (custom)
2019-09-26 15:13:29,053 [pool-27-thread-1] INFO  server.RaftServerConfigKeys (ConfUtils.java:logGet(43)) - raft.server.rpcslowness.timeout = 120s (custom)
2019-09-26 15:13:29,053 [pool-27-thread-1] INFO  server.RaftServerConfigKeys (ConfUtils.java:logGet(43)) - raft.server.sleep.deviation.threshold = 300 (default)
2019-09-26 15:13:29,053 [pool-27-thread-1] INFO  server.RaftServerConfigKeys (ConfUtils.java:logGet(43)) - raft.server.log.appender.install.snapshot.enabled = false (custom)
2019-09-26 15:13:29,053 [pool-27-thread-1] INFO  impl.RaftServerImpl (ServerState.java:<init>(103)) - b3e939fd-eb36-468b-9efe-5d0a1fdaa172@group-0CA234018F8C: ConfigurationManager, init=-1: [b3e939fd-eb36-468b-9efe-5d0a1fdaa172:192.168.151.99:45433], old=null, confs=<EMPTY_MAP>
2019-09-26 15:13:29,053 [pool-27-thread-1] INFO  server.RaftServerConfigKeys (ConfUtils.java:logGet(43)) - raft.server.storage.dir = [/workdir/hadoop-ozone/integration-test/target/test-dir/MiniOzoneClusterImpl-7e2f4b2f-6763-4a45-9ec4-264c2cef7c61/datanode-0/data/ratis] (custom)
2019-09-26 15:13:29,054 [pool-27-thread-1] INFO  storage.RaftStorageDirectory (RaftStorageDirectory.java:analyzeStorage(246)) - The storage directory /workdir/hadoop-ozone/integration-test/target/test-dir/MiniOzoneClusterImpl-7e2f4b2f-6763-4a45-9ec4-264c2cef7c61/datanode-0/data/ratis/37151703-b3ab-4d25-9486-0ca234018f8c does not exist. Creating ...
2019-09-26 15:13:29,367 [pool-27-thread-1] INFO  storage.RaftStorageDirectory (RaftStorageDirectory.java:tryLock(328)) - Lock on /workdir/hadoop-ozone/integration-test/target/test-dir/MiniOzoneClusterImpl-7e2f4b2f-6763-4a45-9ec4-264c2cef7c61/datanode-0/data/ratis/37151703-b3ab-4d25-9486-0ca234018f8c/in_use.lock acquired by nodename 11803@pr-hdds-1569-g6sp5-2013761785
2019-09-26 15:13:29,380 [pool-27-thread-1] INFO  storage.RaftStorage (RaftStorage.java:format(72)) - Storage directory /workdir/hadoop-ozone/integration-test/target/test-dir/MiniOzoneClusterImpl-7e2f4b2f-6763-4a45-9ec4-264c2cef7c61/datanode-0/data/ratis/37151703-b3ab-4d25-9486-0ca234018f8c has been successfully formatted.
2019-09-26 15:13:29,380 [pool-27-thread-1] INFO  ratis.ContainerStateMachine (ContainerStateMachine.java:loadSnapshot(230)) - group-0CA234018F8C: The snapshot info is null. Setting the last applied indexto:(t:0, i:~)
2019-09-26 15:13:29,380 [pool-27-thread-1] INFO  server.RaftServerConfigKeys (ConfUtils.java:logGet(43)) - raft.server.notification.no-leader.timeout = 120s (custom)
2019-09-26 15:13:29,381 [pool-27-thread-1] INFO  server.RaftServerConfigKeys (ConfUtils.java:logGet(43)) - raft.server.log.use.memory = false (default)
2019-09-26 15:13:29,381 [pool-27-thread-1] INFO  server.RaftServerConfigKeys (ConfUtils.java:logGet(43)) - raft.server.log.purge.gap = 1000000 (custom)
2019-09-26 15:13:29,381 [pool-27-thread-1] INFO  server.RaftServerConfigKeys (ConfUtils.java:logGet(43)) - raft.server.log.appender.buffer.byte-limit = 33554432 (custom)
2019-09-26 15:13:29,381 [pool-27-thread-1] INFO  server.RaftServerConfigKeys (ConfUtils.java:logGet(43)) - raft.server.log.segment.size.max = 1048576 (custom)
2019-09-26 15:13:29,381 [pool-27-thread-1] INFO  server.RaftServerConfigKeys (ConfUtils.java:logGet(43)) - raft.server.log.segment.cache.num.max = 2 (custom)
2019-09-26 15:13:29,381 [pool-27-thread-1] INFO  segmented.SegmentedRaftLogWorker (SegmentedRaftLogWorker.java:<init>(172)) - new b3e939fd-eb36-468b-9efe-5d0a1fdaa172@group-0CA234018F8C-SegmentedRaftLogWorker for RaftStorage:Storage Directory /workdir/hadoop-ozone/integration-test/target/test-dir/MiniOzoneClusterImpl-7e2f4b2f-6763-4a45-9ec4-264c2cef7c61/datanode-0/data/ratis/37151703-b3ab-4d25-9486-0ca234018f8c
2019-09-26 15:13:29,381 [pool-27-thread-1] INFO  server.RaftServerConfigKeys (ConfUtils.java:logGet(43)) - raft.server.log.queue.byte-limit = 2147483647 (custom)
2019-09-26 15:13:29,381 [pool-27-thread-1] INFO  server.RaftServerConfigKeys (ConfUtils.java:logGet(43)) - raft.server.log.queue.element-limit = 1024 (custom)
2019-09-26 15:13:29,381 [pool-27-thread-1] INFO  server.RaftServerConfigKeys (ConfUtils.java:logGet(43)) - raft.server.log.segment.size.max = 1048576 (custom)
2019-09-26 15:13:29,381 [pool-27-thread-1] INFO  server.RaftServerConfigKeys (ConfUtils.java:logGet(43)) - raft.server.log.preallocated.size = 16384 (custom)
2019-09-26 15:13:29,381 [pool-27-thread-1] INFO  server.RaftServerConfigKeys (ConfUtils.java:logGet(43)) - raft.server.log.write.buffer.size = 33554432 (custom)
2019-09-26 15:13:29,382 [pool-27-thread-1] INFO  server.RaftServerConfigKeys (ConfUtils.java:logGet(43)) - raft.server.log.force.sync.num = 128 (default)
2019-09-26 15:13:29,382 [pool-27-thread-1] INFO  server.RaftServerConfigKeys (ConfUtils.java:logGet(43)) - raft.server.log.statemachine.data.sync = true (default)
2019-09-26 15:13:29,382 [pool-27-thread-1] INFO  server.RaftServerConfigKeys (ConfUtils.java:logGet(43)) - raft.server.log.statemachine.data.sync.timeout = 10s (default)
2019-09-26 15:13:29,382 [pool-27-thread-1] INFO  server.RaftServerConfigKeys (ConfUtils.java:logGet(43)) - raft.server.log.statemachine.data.sync.timeout.retry = -1 (default)
2019-09-26 15:13:29,382 [pool-27-thread-1] INFO  server.RaftServerConfigKeys (ConfUtils.java:logGet(43)) - raft.server.log.statemachine.data.caching.enabled = true (custom)
2019-09-26 15:13:29,382 [pool-27-thread-1] INFO  segmented.SegmentedRaftLogWorker (SegmentedRaftLogWorker.java:lambda$new$0(132)) - b3e939fd-eb36-468b-9efe-5d0a1fdaa172@group-0CA234018F8C-SegmentedRaftLogWorker: flushIndex: setUnconditionally 0 -> -1
2019-09-26 15:13:29,382 [pool-27-thread-1] INFO  server.RaftServerConfigKeys (ConfUtils.java:logGet(43)) - raft.server.snapshot.auto.trigger.enabled = true (custom)
2019-09-26 15:13:29,382 [pool-27-thread-1] INFO  server.RaftServerConfigKeys (ConfUtils.java:logGet(43)) - raft.server.snapshot.auto.trigger.threshold = 10000 (custom)
2019-09-26 15:13:29,382 [pool-27-thread-1] INFO  server.RaftServerConfigKeys (ConfUtils.java:logGet(43)) - raft.server.snapshot.retention.num.files = 5 (custom)
2019-09-26 15:13:29,383 [pool-27-thread-1] INFO  server.RaftServerConfigKeys (ConfUtils.java:logGet(43)) - raft.server.retrycache.expirytime = 600000ms (custom)
2019-09-26 15:13:29,384 [pool-27-thread-1] INFO  impl.RaftServerImpl (RaftServerImpl.java:start(185)) - b3e939fd-eb36-468b-9efe-5d0a1fdaa172@group-0CA234018F8C: start as a follower, conf=-1: [b3e939fd-eb36-468b-9efe-5d0a1fdaa172:192.168.151.99:45433], old=null
2019-09-26 15:13:29,384 [pool-27-thread-1] INFO  impl.RaftServerImpl (RaftServerImpl.java:setRole(174)) - b3e939fd-eb36-468b-9efe-5d0a1fdaa172@group-0CA234018F8C: changes role from      null to FOLLOWER at term 0 for startAsFollower
2019-09-26 15:13:29,384 [pool-27-thread-1] INFO  impl.RoleInfo (RoleInfo.java:updateAndGet(143)) - b3e939fd-eb36-468b-9efe-5d0a1fdaa172: start FollowerState
2019-09-26 15:13:29,384 [pool-27-thread-1] INFO  util.JmxRegister (JmxRegister.java:tryRegister(44)) - Successfully registered JMX Bean with object name Ratis:service=RaftServer,group=group-0CA234018F8C,id=b3e939fd-eb36-468b-9efe-5d0a1fdaa172
2019-09-26 15:13:29,386 [RatisPipelineUtilsThread] INFO  pipeline.PipelineStateManager (PipelineStateManager.java:addPipeline(56)) - Created pipeline Pipeline[ Id: 37151703-b3ab-4d25-9486-0ca234018f8c, Nodes: b3e939fd-eb36-468b-9efe-5d0a1fdaa172{ip: 192.168.151.99, host: pr-hdds-1569-g6sp5-2013761785, networkLocation: /default-rack, certSerialId: null}, Type:RATIS, Factor:ONE, State:OPEN]
2019-09-26 15:13:29,389 [grpc-default-executor-0] INFO  impl.RaftServerProxy (RaftServerProxy.java:addNew(89)) - b3e939fd-eb36-468b-9efe-5d0a1fdaa172: addNew group-DC2DB9729BEF:[b3e939fd-eb36-468b-9efe-5d0a1fdaa172:192.168.151.99:45433] returns group-DC2DB9729BEF:java.util.concurrent.CompletableFuture@437be831[Not completed]
2019-09-26 15:13:29,390 [pool-27-thread-1] INFO  impl.RaftServerImpl (RaftServerImpl.java:<init>(95)) - b3e939fd-eb36-468b-9efe-5d0a1fdaa172: new RaftServerImpl for group-DC2DB9729BEF:[b3e939fd-eb36-468b-9efe-5d0a1fdaa172:192.168.151.99:45433] with ContainerStateMachine:uninitialized
2019-09-26 15:13:29,390 [pool-27-thread-1] INFO  server.RaftServerConfigKeys (ConfUtils.java:logGet(43)) - raft.server.rpc.timeout.min = 5s (custom)
2019-09-26 15:13:29,390 [pool-27-thread-1] INFO  server.RaftServerConfigKeys (ConfUtils.java:logGet(43)) - raft.server.rpc.timeout.max = 5200ms (custom)
2019-09-26 15:13:29,390 [pool-27-thread-1] INFO  server.RaftServerConfigKeys (ConfUtils.java:logGet(43)) - raft.server.rpcslowness.timeout = 120s (custom)
2019-09-26 15:13:29,390 [pool-27-thread-1] INFO  server.RaftServerConfigKeys (ConfUtils.java:logGet(43)) - raft.server.sleep.deviation.threshold = 300 (default)
2019-09-26 15:13:29,390 [pool-27-thread-1] INFO  server.RaftServerConfigKeys (ConfUtils.java:logGet(43)) - raft.server.log.appender.install.snapshot.enabled = false (custom)
2019-09-26 15:13:29,390 [pool-27-thread-1] INFO  impl.RaftServerImpl (ServerState.java:<init>(103)) - b3e939fd-eb36-468b-9efe-5d0a1fdaa172@group-DC2DB9729BEF: ConfigurationManager, init=-1: [b3e939fd-eb36-468b-9efe-5d0a1fdaa172:192.168.151.99:45433], old=null, confs=<EMPTY_MAP>
2019-09-26 15:13:29,390 [pool-27-thread-1] INFO  server.RaftServerConfigKeys (ConfUtils.java:logGet(43)) - raft.server.storage.dir = [/workdir/hadoop-ozone/integration-test/target/test-dir/MiniOzoneClusterImpl-7e2f4b2f-6763-4a45-9ec4-264c2cef7c61/datanode-0/data/ratis] (custom)
2019-09-26 15:13:29,391 [pool-27-thread-1] INFO  storage.RaftStorageDirectory (RaftStorageDirectory.java:analyzeStorage(246)) - The storage directory /workdir/hadoop-ozone/integration-test/target/test-dir/MiniOzoneClusterImpl-7e2f4b2f-6763-4a45-9ec4-264c2cef7c61/datanode-0/data/ratis/1f973eab-318a-4279-9b7a-dc2db9729bef does not exist. Creating ...
2019-09-26 15:13:29,405 [pool-27-thread-1] INFO  storage.RaftStorageDirectory (RaftStorageDirectory.java:tryLock(328)) - Lock on /workdir/hadoop-ozone/integration-test/target/test-dir/MiniOzoneClusterImpl-7e2f4b2f-6763-4a45-9ec4-264c2cef7c61/datanode-0/data/ratis/1f973eab-318a-4279-9b7a-dc2db9729bef/in_use.lock acquired by nodename 11803@pr-hdds-1569-g6sp5-2013761785
2019-09-26 15:13:29,418 [pool-27-thread-1] INFO  storage.RaftStorage (RaftStorage.java:format(72)) - Storage directory /workdir/hadoop-ozone/integration-test/target/test-dir/MiniOzoneClusterImpl-7e2f4b2f-6763-4a45-9ec4-264c2cef7c61/datanode-0/data/ratis/1f973eab-318a-4279-9b7a-dc2db9729bef has been successfully formatted.
2019-09-26 15:13:29,418 [pool-27-thread-1] INFO  ratis.ContainerStateMachine (ContainerStateMachine.java:loadSnapshot(230)) - group-DC2DB9729BEF: The snapshot info is null. Setting the last applied indexto:(t:0, i:~)
2019-09-26 15:13:29,418 [pool-27-thread-1] INFO  server.RaftServerConfigKeys (ConfUtils.java:logGet(43)) - raft.server.notification.no-leader.timeout = 120s (custom)
2019-09-26 15:13:29,418 [pool-27-thread-1] INFO  server.RaftServerConfigKeys (ConfUtils.java:logGet(43)) - raft.server.log.use.memory = false (default)
2019-09-26 15:13:29,418 [pool-27-thread-1] INFO  server.RaftServerConfigKeys (ConfUtils.java:logGet(43)) - raft.server.log.purge.gap = 1000000 (custom)
2019-09-26 15:13:29,419 [pool-27-thread-1] INFO  server.RaftServerConfigKeys (ConfUtils.java:logGet(43)) - raft.server.log.appender.buffer.byte-limit = 33554432 (custom)
2019-09-26 15:13:29,419 [pool-27-thread-1] INFO  server.RaftServerConfigKeys (ConfUtils.java:logGet(43)) - raft.server.log.segment.size.max = 1048576 (custom)
2019-09-26 15:13:29,419 [pool-27-thread-1] INFO  server.RaftServerConfigKeys (ConfUtils.java:logGet(43)) - raft.server.log.segment.cache.num.max = 2 (custom)
2019-09-26 15:13:29,419 [pool-27-thread-1] INFO  segmented.SegmentedRaftLogWorker (SegmentedRaftLogWorker.java:<init>(172)) - new b3e939fd-eb36-468b-9efe-5d0a1fdaa172@group-DC2DB9729BEF-SegmentedRaftLogWorker for RaftStorage:Storage Directory /workdir/hadoop-ozone/integration-test/target/test-dir/MiniOzoneClusterImpl-7e2f4b2f-6763-4a45-9ec4-264c2cef7c61/datanode-0/data/ratis/1f973eab-318a-4279-9b7a-dc2db9729bef
2019-09-26 15:13:29,419 [pool-27-thread-1] INFO  server.RaftServerConfigKeys (ConfUtils.java:logGet(43)) - raft.server.log.queue.byte-limit = 2147483647 (custom)
2019-09-26 15:13:29,419 [pool-27-thread-1] INFO  server.RaftServerConfigKeys (ConfUtils.java:logGet(43)) - raft.server.log.queue.element-limit = 1024 (custom)
2019-09-26 15:13:29,419 [pool-27-thread-1] INFO  server.RaftServerConfigKeys (ConfUtils.java:logGet(43)) - raft.server.log.segment.size.max = 1048576 (custom)
2019-09-26 15:13:29,419 [pool-27-thread-1] INFO  server.RaftServerConfigKeys (ConfUtils.java:logGet(43)) - raft.server.log.preallocated.size = 16384 (custom)
2019-09-26 15:13:29,419 [pool-27-thread-1] INFO  server.RaftServerConfigKeys (ConfUtils.java:logGet(43)) - raft.server.log.write.buffer.size = 33554432 (custom)
2019-09-26 15:13:29,419 [pool-27-thread-1] INFO  server.RaftServerConfigKeys (ConfUtils.java:logGet(43)) - raft.server.log.force.sync.num = 128 (default)
2019-09-26 15:13:29,419 [pool-27-thread-1] INFO  server.RaftServerConfigKeys (ConfUtils.java:logGet(43)) - raft.server.log.statemachine.data.sync = true (default)
2019-09-26 15:13:29,420 [pool-27-thread-1] INFO  server.RaftServerConfigKeys (ConfUtils.java:logGet(43)) - raft.server.log.statemachine.data.sync.timeout = 10s (default)
2019-09-26 15:13:29,420 [pool-27-thread-1] INFO  server.RaftServerConfigKeys (ConfUtils.java:logGet(43)) - raft.server.log.statemachine.data.sync.timeout.retry = -1 (default)
2019-09-26 15:13:29,420 [pool-27-thread-1] INFO  server.RaftServerConfigKeys (ConfUtils.java:logGet(43)) - raft.server.log.statemachine.data.caching.enabled = true (custom)
2019-09-26 15:13:29,420 [pool-27-thread-1] INFO  segmented.SegmentedRaftLogWorker (SegmentedRaftLogWorker.java:lambda$new$0(132)) - b3e939fd-eb36-468b-9efe-5d0a1fdaa172@group-DC2DB9729BEF-SegmentedRaftLogWorker: flushIndex: setUnconditionally 0 -> -1
2019-09-26 15:13:29,420 [pool-27-thread-1] INFO  server.RaftServerConfigKeys (ConfUtils.java:logGet(43)) - raft.server.snapshot.auto.trigger.enabled = true (custom)
2019-09-26 15:13:29,420 [pool-27-thread-1] INFO  server.RaftServerConfigKeys (ConfUtils.java:logGet(43)) - raft.server.snapshot.auto.trigger.threshold = 10000 (custom)
2019-09-26 15:13:29,420 [pool-27-thread-1] INFO  server.RaftServerConfigKeys (ConfUtils.java:logGet(43)) - raft.server.snapshot.retention.num.files = 5 (custom)
2019-09-26 15:13:29,420 [pool-27-thread-1] INFO  server.RaftServerConfigKeys (ConfUtils.java:logGet(43)) - raft.server.retrycache.expirytime = 600000ms (custom)
2019-09-26 15:13:29,421 [pool-27-thread-1] INFO  impl.RaftServerImpl (RaftServerImpl.java:start(185)) - b3e939fd-eb36-468b-9efe-5d0a1fdaa172@group-DC2DB9729BEF: start as a follower, conf=-1: [b3e939fd-eb36-468b-9efe-5d0a1fdaa172:192.168.151.99:45433], old=null
2019-09-26 15:13:29,422 [pool-27-thread-1] INFO  impl.RaftServerImpl (RaftServerImpl.java:setRole(174)) - b3e939fd-eb36-468b-9efe-5d0a1fdaa172@group-DC2DB9729BEF: changes role from      null to FOLLOWER at term 0 for startAsFollower
2019-09-26 15:13:29,422 [pool-27-thread-1] INFO  impl.RoleInfo (RoleInfo.java:updateAndGet(143)) - b3e939fd-eb36-468b-9efe-5d0a1fdaa172: start FollowerState
2019-09-26 15:13:29,422 [pool-27-thread-1] INFO  util.JmxRegister (JmxRegister.java:tryRegister(44)) - Successfully registered JMX Bean with object name Ratis:service=RaftServer,group=group-DC2DB9729BEF,id=b3e939fd-eb36-468b-9efe-5d0a1fdaa172
2019-09-26 15:13:29,424 [RatisPipelineUtilsThread] INFO  pipeline.PipelineStateManager (PipelineStateManager.java:addPipeline(56)) - Created pipeline Pipeline[ Id: 1f973eab-318a-4279-9b7a-dc2db9729bef, Nodes: b3e939fd-eb36-468b-9efe-5d0a1fdaa172{ip: 192.168.151.99, host: pr-hdds-1569-g6sp5-2013761785, networkLocation: /default-rack, certSerialId: null}, Type:RATIS, Factor:ONE, State:OPEN]
2019-09-26 15:13:29,427 [grpc-default-executor-0] INFO  impl.RaftServerProxy (RaftServerProxy.java:addNew(89)) - b3e939fd-eb36-468b-9efe-5d0a1fdaa172: addNew group-E77F7695A491:[b3e939fd-eb36-468b-9efe-5d0a1fdaa172:192.168.151.99:45433] returns group-E77F7695A491:java.util.concurrent.CompletableFuture@56f104b7[Not completed]
2019-09-26 15:13:29,427 [pool-27-thread-1] INFO  impl.RaftServerImpl (RaftServerImpl.java:<init>(95)) - b3e939fd-eb36-468b-9efe-5d0a1fdaa172: new RaftServerImpl for group-E77F7695A491:[b3e939fd-eb36-468b-9efe-5d0a1fdaa172:192.168.151.99:45433] with ContainerStateMachine:uninitialized
2019-09-26 15:13:29,427 [pool-27-thread-1] INFO  server.RaftServerConfigKeys (ConfUtils.java:logGet(43)) - raft.server.rpc.timeout.min = 5s (custom)
2019-09-26 15:13:29,428 [pool-27-thread-1] INFO  server.RaftServerConfigKeys (ConfUtils.java:logGet(43)) - raft.server.rpc.timeout.max = 5200ms (custom)
2019-09-26 15:13:29,428 [pool-27-thread-1] INFO  server.RaftServerConfigKeys (ConfUtils.java:logGet(43)) - raft.server.rpcslowness.timeout = 120s (custom)
2019-09-26 15:13:29,428 [pool-27-thread-1] INFO  server.RaftServerConfigKeys (ConfUtils.java:logGet(43)) - raft.server.sleep.deviation.threshold = 300 (default)
2019-09-26 15:13:29,428 [pool-27-thread-1] INFO  server.RaftServerConfigKeys (ConfUtils.java:logGet(43)) - raft.server.log.appender.install.snapshot.enabled = false (custom)
2019-09-26 15:13:29,428 [pool-27-thread-1] INFO  impl.RaftServerImpl (ServerState.java:<init>(103)) - b3e939fd-eb36-468b-9efe-5d0a1fdaa172@group-E77F7695A491: ConfigurationManager, init=-1: [b3e939fd-eb36-468b-9efe-5d0a1fdaa172:192.168.151.99:45433], old=null, confs=<EMPTY_MAP>
2019-09-26 15:13:29,428 [pool-27-thread-1] INFO  server.RaftServerConfigKeys (ConfUtils.java:logGet(43)) - raft.server.storage.dir = [/workdir/hadoop-ozone/integration-test/target/test-dir/MiniOzoneClusterImpl-7e2f4b2f-6763-4a45-9ec4-264c2cef7c61/datanode-0/data/ratis] (custom)
2019-09-26 15:13:29,429 [pool-27-thread-1] INFO  storage.RaftStorageDirectory (RaftStorageDirectory.java:analyzeStorage(246)) - The storage directory /workdir/hadoop-ozone/integration-test/target/test-dir/MiniOzoneClusterImpl-7e2f4b2f-6763-4a45-9ec4-264c2cef7c61/datanode-0/data/ratis/66324cd0-b088-41c5-937e-e77f7695a491 does not exist. Creating ...
2019-09-26 15:13:29,445 [pool-27-thread-1] INFO  storage.RaftStorageDirectory (RaftStorageDirectory.java:tryLock(328)) - Lock on /workdir/hadoop-ozone/integration-test/target/test-dir/MiniOzoneClusterImpl-7e2f4b2f-6763-4a45-9ec4-264c2cef7c61/datanode-0/data/ratis/66324cd0-b088-41c5-937e-e77f7695a491/in_use.lock acquired by nodename 11803@pr-hdds-1569-g6sp5-2013761785
2019-09-26 15:13:29,457 [pool-27-thread-1] INFO  storage.RaftStorage (RaftStorage.java:format(72)) - Storage directory /workdir/hadoop-ozone/integration-test/target/test-dir/MiniOzoneClusterImpl-7e2f4b2f-6763-4a45-9ec4-264c2cef7c61/datanode-0/data/ratis/66324cd0-b088-41c5-937e-e77f7695a491 has been successfully formatted.
2019-09-26 15:13:29,457 [pool-27-thread-1] INFO  ratis.ContainerStateMachine (ContainerStateMachine.java:loadSnapshot(230)) - group-E77F7695A491: The snapshot info is null. Setting the last applied indexto:(t:0, i:~)
2019-09-26 15:13:29,458 [pool-27-thread-1] INFO  server.RaftServerConfigKeys (ConfUtils.java:logGet(43)) - raft.server.notification.no-leader.timeout = 120s (custom)
2019-09-26 15:13:29,458 [pool-27-thread-1] INFO  server.RaftServerConfigKeys (ConfUtils.java:logGet(43)) - raft.server.log.use.memory = false (default)
2019-09-26 15:13:29,458 [pool-27-thread-1] INFO  server.RaftServerConfigKeys (ConfUtils.java:logGet(43)) - raft.server.log.purge.gap = 1000000 (custom)
2019-09-26 15:13:29,458 [pool-27-thread-1] INFO  server.RaftServerConfigKeys (ConfUtils.java:logGet(43)) - raft.server.log.appender.buffer.byte-limit = 33554432 (custom)
2019-09-26 15:13:29,458 [pool-27-thread-1] INFO  server.RaftServerConfigKeys (ConfUtils.java:logGet(43)) - raft.server.log.segment.size.max = 1048576 (custom)
2019-09-26 15:13:29,458 [pool-27-thread-1] INFO  server.RaftServerConfigKeys (ConfUtils.java:logGet(43)) - raft.server.log.segment.cache.num.max = 2 (custom)
2019-09-26 15:13:29,458 [pool-27-thread-1] INFO  segmented.SegmentedRaftLogWorker (SegmentedRaftLogWorker.java:<init>(172)) - new b3e939fd-eb36-468b-9efe-5d0a1fdaa172@group-E77F7695A491-SegmentedRaftLogWorker for RaftStorage:Storage Directory /workdir/hadoop-ozone/integration-test/target/test-dir/MiniOzoneClusterImpl-7e2f4b2f-6763-4a45-9ec4-264c2cef7c61/datanode-0/data/ratis/66324cd0-b088-41c5-937e-e77f7695a491
2019-09-26 15:13:29,458 [pool-27-thread-1] INFO  server.RaftServerConfigKeys (ConfUtils.java:logGet(43)) - raft.server.log.queue.byte-limit = 2147483647 (custom)
2019-09-26 15:13:29,458 [pool-27-thread-1] INFO  server.RaftServerConfigKeys (ConfUtils.java:logGet(43)) - raft.server.log.queue.element-limit = 1024 (custom)
2019-09-26 15:13:29,459 [pool-27-thread-1] INFO  server.RaftServerConfigKeys (ConfUtils.java:logGet(43)) - raft.server.log.segment.size.max = 1048576 (custom)
2019-09-26 15:13:29,459 [pool-27-thread-1] INFO  server.RaftServerConfigKeys (ConfUtils.java:logGet(43)) - raft.server.log.preallocated.size = 16384 (custom)
2019-09-26 15:13:29,459 [pool-27-thread-1] INFO  server.RaftServerConfigKeys (ConfUtils.java:logGet(43)) - raft.server.log.write.buffer.size = 33554432 (custom)
2019-09-26 15:13:29,459 [pool-27-thread-1] INFO  server.RaftServerConfigKeys (ConfUtils.java:logGet(43)) - raft.server.log.force.sync.num = 128 (default)
2019-09-26 15:13:29,459 [pool-27-thread-1] INFO  server.RaftServerConfigKeys (ConfUtils.java:logGet(43)) - raft.server.log.statemachine.data.sync = true (default)
2019-09-26 15:13:29,459 [pool-27-thread-1] INFO  server.RaftServerConfigKeys (ConfUtils.java:logGet(43)) - raft.server.log.statemachine.data.sync.timeout = 10s (default)
2019-09-26 15:13:29,459 [pool-27-thread-1] INFO  server.RaftServerConfigKeys (ConfUtils.java:logGet(43)) - raft.server.log.statemachine.data.sync.timeout.retry = -1 (default)
2019-09-26 15:13:29,459 [pool-27-thread-1] INFO  server.RaftServerConfigKeys (ConfUtils.java:logGet(43)) - raft.server.log.statemachine.data.caching.enabled = true (custom)
2019-09-26 15:13:29,459 [pool-27-thread-1] INFO  segmented.SegmentedRaftLogWorker (SegmentedRaftLogWorker.java:lambda$new$0(132)) - b3e939fd-eb36-468b-9efe-5d0a1fdaa172@group-E77F7695A491-SegmentedRaftLogWorker: flushIndex: setUnconditionally 0 -> -1
2019-09-26 15:13:29,460 [pool-27-thread-1] INFO  server.RaftServerConfigKeys (ConfUtils.java:logGet(43)) - raft.server.snapshot.auto.trigger.enabled = true (custom)
2019-09-26 15:13:29,460 [pool-27-thread-1] INFO  server.RaftServerConfigKeys (ConfUtils.java:logGet(43)) - raft.server.snapshot.auto.trigger.threshold = 10000 (custom)
2019-09-26 15:13:29,460 [pool-27-thread-1] INFO  server.RaftServerConfigKeys (ConfUtils.java:logGet(43)) - raft.server.snapshot.retention.num.files = 5 (custom)
2019-09-26 15:13:29,460 [pool-27-thread-1] INFO  server.RaftServerConfigKeys (ConfUtils.java:logGet(43)) - raft.server.retrycache.expirytime = 600000ms (custom)
2019-09-26 15:13:29,461 [pool-27-thread-1] INFO  impl.RaftServerImpl (RaftServerImpl.java:start(185)) - b3e939fd-eb36-468b-9efe-5d0a1fdaa172@group-E77F7695A491: start as a follower, conf=-1: [b3e939fd-eb36-468b-9efe-5d0a1fdaa172:192.168.151.99:45433], old=null
2019-09-26 15:13:29,461 [pool-27-thread-1] INFO  impl.RaftServerImpl (RaftServerImpl.java:setRole(174)) - b3e939fd-eb36-468b-9efe-5d0a1fdaa172@group-E77F7695A491: changes role from      null to FOLLOWER at term 0 for startAsFollower
2019-09-26 15:13:29,461 [pool-27-thread-1] INFO  impl.RoleInfo (RoleInfo.java:updateAndGet(143)) - b3e939fd-eb36-468b-9efe-5d0a1fdaa172: start FollowerState
2019-09-26 15:13:29,461 [pool-27-thread-1] INFO  util.JmxRegister (JmxRegister.java:tryRegister(44)) - Successfully registered JMX Bean with object name Ratis:service=RaftServer,group=group-E77F7695A491,id=b3e939fd-eb36-468b-9efe-5d0a1fdaa172
2019-09-26 15:13:29,463 [RatisPipelineUtilsThread] INFO  pipeline.PipelineStateManager (PipelineStateManager.java:addPipeline(56)) - Created pipeline Pipeline[ Id: 66324cd0-b088-41c5-937e-e77f7695a491, Nodes: b3e939fd-eb36-468b-9efe-5d0a1fdaa172{ip: 192.168.151.99, host: pr-hdds-1569-g6sp5-2013761785, networkLocation: /default-rack, certSerialId: null}, Type:RATIS, Factor:ONE, State:OPEN]
2019-09-26 15:13:29,466 [grpc-default-executor-0] INFO  impl.RaftServerProxy (RaftServerProxy.java:addNew(89)) - b3e939fd-eb36-468b-9efe-5d0a1fdaa172: addNew group-54B73EABA4F1:[b3e939fd-eb36-468b-9efe-5d0a1fdaa172:192.168.151.99:45433] returns group-54B73EABA4F1:java.util.concurrent.CompletableFuture@4c27b2a4[Not completed]
2019-09-26 15:13:29,466 [pool-27-thread-1] INFO  impl.RaftServerImpl (RaftServerImpl.java:<init>(95)) - b3e939fd-eb36-468b-9efe-5d0a1fdaa172: new RaftServerImpl for group-54B73EABA4F1:[b3e939fd-eb36-468b-9efe-5d0a1fdaa172:192.168.151.99:45433] with ContainerStateMachine:uninitialized
2019-09-26 15:13:29,466 [pool-27-thread-1] INFO  server.RaftServerConfigKeys (ConfUtils.java:logGet(43)) - raft.server.rpc.timeout.min = 5s (custom)
2019-09-26 15:13:29,467 [pool-27-thread-1] INFO  server.RaftServerConfigKeys (ConfUtils.java:logGet(43)) - raft.server.rpc.timeout.max = 5200ms (custom)
2019-09-26 15:13:29,467 [pool-27-thread-1] INFO  server.RaftServerConfigKeys (ConfUtils.java:logGet(43)) - raft.server.rpcslowness.timeout = 120s (custom)
2019-09-26 15:13:29,467 [pool-27-thread-1] INFO  server.RaftServerConfigKeys (ConfUtils.java:logGet(43)) - raft.server.sleep.deviation.threshold = 300 (default)
2019-09-26 15:13:29,467 [pool-27-thread-1] INFO  server.RaftServerConfigKeys (ConfUtils.java:logGet(43)) - raft.server.log.appender.install.snapshot.enabled = false (custom)
2019-09-26 15:13:29,467 [pool-27-thread-1] INFO  impl.RaftServerImpl (ServerState.java:<init>(103)) - b3e939fd-eb36-468b-9efe-5d0a1fdaa172@group-54B73EABA4F1: ConfigurationManager, init=-1: [b3e939fd-eb36-468b-9efe-5d0a1fdaa172:192.168.151.99:45433], old=null, confs=<EMPTY_MAP>
2019-09-26 15:13:29,467 [pool-27-thread-1] INFO  server.RaftServerConfigKeys (ConfUtils.java:logGet(43)) - raft.server.storage.dir = [/workdir/hadoop-ozone/integration-test/target/test-dir/MiniOzoneClusterImpl-7e2f4b2f-6763-4a45-9ec4-264c2cef7c61/datanode-0/data/ratis] (custom)
2019-09-26 15:13:29,468 [pool-27-thread-1] INFO  storage.RaftStorageDirectory (RaftStorageDirectory.java:analyzeStorage(246)) - The storage directory /workdir/hadoop-ozone/integration-test/target/test-dir/MiniOzoneClusterImpl-7e2f4b2f-6763-4a45-9ec4-264c2cef7c61/datanode-0/data/ratis/21e97bb7-0d13-4429-b37d-54b73eaba4f1 does not exist. Creating ...
2019-09-26 15:13:29,494 [pool-27-thread-1] INFO  storage.RaftStorageDirectory (RaftStorageDirectory.java:tryLock(328)) - Lock on /workdir/hadoop-ozone/integration-test/target/test-dir/MiniOzoneClusterImpl-7e2f4b2f-6763-4a45-9ec4-264c2cef7c61/datanode-0/data/ratis/21e97bb7-0d13-4429-b37d-54b73eaba4f1/in_use.lock acquired by nodename 11803@pr-hdds-1569-g6sp5-2013761785
2019-09-26 15:13:29,506 [pool-27-thread-1] INFO  storage.RaftStorage (RaftStorage.java:format(72)) - Storage directory /workdir/hadoop-ozone/integration-test/target/test-dir/MiniOzoneClusterImpl-7e2f4b2f-6763-4a45-9ec4-264c2cef7c61/datanode-0/data/ratis/21e97bb7-0d13-4429-b37d-54b73eaba4f1 has been successfully formatted.
2019-09-26 15:13:29,507 [pool-27-thread-1] INFO  ratis.ContainerStateMachine (ContainerStateMachine.java:loadSnapshot(230)) - group-54B73EABA4F1: The snapshot info is null. Setting the last applied indexto:(t:0, i:~)
2019-09-26 15:13:29,507 [pool-27-thread-1] INFO  server.RaftServerConfigKeys (ConfUtils.java:logGet(43)) - raft.server.notification.no-leader.timeout = 120s (custom)
2019-09-26 15:13:29,507 [pool-27-thread-1] INFO  server.RaftServerConfigKeys (ConfUtils.java:logGet(43)) - raft.server.log.use.memory = false (default)
2019-09-26 15:13:29,507 [pool-27-thread-1] INFO  server.RaftServerConfigKeys (ConfUtils.java:logGet(43)) - raft.server.log.purge.gap = 1000000 (custom)
2019-09-26 15:13:29,507 [pool-27-thread-1] INFO  server.RaftServerConfigKeys (ConfUtils.java:logGet(43)) - raft.server.log.appender.buffer.byte-limit = 33554432 (custom)
2019-09-26 15:13:29,507 [pool-27-thread-1] INFO  server.RaftServerConfigKeys (ConfUtils.java:logGet(43)) - raft.server.log.segment.size.max = 1048576 (custom)
2019-09-26 15:13:29,507 [pool-27-thread-1] INFO  server.RaftServerConfigKeys (ConfUtils.java:logGet(43)) - raft.server.log.segment.cache.num.max = 2 (custom)
2019-09-26 15:13:29,507 [pool-27-thread-1] INFO  segmented.SegmentedRaftLogWorker (SegmentedRaftLogWorker.java:<init>(172)) - new b3e939fd-eb36-468b-9efe-5d0a1fdaa172@group-54B73EABA4F1-SegmentedRaftLogWorker for RaftStorage:Storage Directory /workdir/hadoop-ozone/integration-test/target/test-dir/MiniOzoneClusterImpl-7e2f4b2f-6763-4a45-9ec4-264c2cef7c61/datanode-0/data/ratis/21e97bb7-0d13-4429-b37d-54b73eaba4f1
2019-09-26 15:13:29,507 [pool-27-thread-1] INFO  server.RaftServerConfigKeys (ConfUtils.java:logGet(43)) - raft.server.log.queue.byte-limit = 2147483647 (custom)
2019-09-26 15:13:29,507 [pool-27-thread-1] INFO  server.RaftServerConfigKeys (ConfUtils.java:logGet(43)) - raft.server.log.queue.element-limit = 1024 (custom)
2019-09-26 15:13:29,507 [pool-27-thread-1] INFO  server.RaftServerConfigKeys (ConfUtils.java:logGet(43)) - raft.server.log.segment.size.max = 1048576 (custom)
2019-09-26 15:13:29,507 [pool-27-thread-1] INFO  server.RaftServerConfigKeys (ConfUtils.java:logGet(43)) - raft.server.log.preallocated.size = 16384 (custom)
2019-09-26 15:13:29,508 [pool-27-thread-1] INFO  server.RaftServerConfigKeys (ConfUtils.java:logGet(43)) - raft.server.log.write.buffer.size = 33554432 (custom)
2019-09-26 15:13:29,508 [pool-27-thread-1] INFO  server.RaftServerConfigKeys (ConfUtils.java:logGet(43)) - raft.server.log.force.sync.num = 128 (default)
2019-09-26 15:13:29,508 [pool-27-thread-1] INFO  server.RaftServerConfigKeys (ConfUtils.java:logGet(43)) - raft.server.log.statemachine.data.sync = true (default)
2019-09-26 15:13:29,508 [pool-27-thread-1] INFO  server.RaftServerConfigKeys (ConfUtils.java:logGet(43)) - raft.server.log.statemachine.data.sync.timeout = 10s (default)
2019-09-26 15:13:29,508 [pool-27-thread-1] INFO  server.RaftServerConfigKeys (ConfUtils.java:logGet(43)) - raft.server.log.statemachine.data.sync.timeout.retry = -1 (default)
2019-09-26 15:13:29,508 [pool-27-thread-1] INFO  server.RaftServerConfigKeys (ConfUtils.java:logGet(43)) - raft.server.log.statemachine.data.caching.enabled = true (custom)
2019-09-26 15:13:29,508 [pool-27-thread-1] INFO  segmented.SegmentedRaftLogWorker (SegmentedRaftLogWorker.java:lambda$new$0(132)) - b3e939fd-eb36-468b-9efe-5d0a1fdaa172@group-54B73EABA4F1-SegmentedRaftLogWorker: flushIndex: setUnconditionally 0 -> -1
2019-09-26 15:13:29,508 [pool-27-thread-1] INFO  server.RaftServerConfigKeys (ConfUtils.java:logGet(43)) - raft.server.snapshot.auto.trigger.enabled = true (custom)
2019-09-26 15:13:29,508 [pool-27-thread-1] INFO  server.RaftServerConfigKeys (ConfUtils.java:logGet(43)) - raft.server.snapshot.auto.trigger.threshold = 10000 (custom)
2019-09-26 15:13:29,508 [pool-27-thread-1] INFO  server.RaftServerConfigKeys (ConfUtils.java:logGet(43)) - raft.server.snapshot.retention.num.files = 5 (custom)
2019-09-26 15:13:29,509 [pool-27-thread-1] INFO  server.RaftServerConfigKeys (ConfUtils.java:logGet(43)) - raft.server.retrycache.expirytime = 600000ms (custom)
2019-09-26 15:13:29,510 [pool-27-thread-1] INFO  impl.RaftServerImpl (RaftServerImpl.java:start(185)) - b3e939fd-eb36-468b-9efe-5d0a1fdaa172@group-54B73EABA4F1: start as a follower, conf=-1: [b3e939fd-eb36-468b-9efe-5d0a1fdaa172:192.168.151.99:45433], old=null
2019-09-26 15:13:29,510 [pool-27-thread-1] INFO  impl.RaftServerImpl (RaftServerImpl.java:setRole(174)) - b3e939fd-eb36-468b-9efe-5d0a1fdaa172@group-54B73EABA4F1: changes role from      null to FOLLOWER at term 0 for startAsFollower
2019-09-26 15:13:29,510 [pool-27-thread-1] INFO  impl.RoleInfo (RoleInfo.java:updateAndGet(143)) - b3e939fd-eb36-468b-9efe-5d0a1fdaa172: start FollowerState
2019-09-26 15:13:29,510 [pool-27-thread-1] INFO  util.JmxRegister (JmxRegister.java:tryRegister(44)) - Successfully registered JMX Bean with object name Ratis:service=RaftServer,group=group-54B73EABA4F1,id=b3e939fd-eb36-468b-9efe-5d0a1fdaa172
2019-09-26 15:13:29,511 [RatisPipelineUtilsThread] INFO  pipeline.PipelineStateManager (PipelineStateManager.java:addPipeline(56)) - Created pipeline Pipeline[ Id: 21e97bb7-0d13-4429-b37d-54b73eaba4f1, Nodes: b3e939fd-eb36-468b-9efe-5d0a1fdaa172{ip: 192.168.151.99, host: pr-hdds-1569-g6sp5-2013761785, networkLocation: /default-rack, certSerialId: null}, Type:RATIS, Factor:ONE, State:OPEN]
2019-09-26 15:13:29,514 [grpc-default-executor-0] INFO  impl.RaftServerProxy (RaftServerProxy.java:addNew(89)) - b3e939fd-eb36-468b-9efe-5d0a1fdaa172: addNew group-F6B43F86DCC6:[b3e939fd-eb36-468b-9efe-5d0a1fdaa172:192.168.151.99:45433] returns group-F6B43F86DCC6:java.util.concurrent.CompletableFuture@23959fa[Not completed]
2019-09-26 15:13:29,515 [pool-27-thread-1] INFO  impl.RaftServerImpl (RaftServerImpl.java:<init>(95)) - b3e939fd-eb36-468b-9efe-5d0a1fdaa172: new RaftServerImpl for group-F6B43F86DCC6:[b3e939fd-eb36-468b-9efe-5d0a1fdaa172:192.168.151.99:45433] with ContainerStateMachine:uninitialized
2019-09-26 15:13:29,515 [pool-27-thread-1] INFO  server.RaftServerConfigKeys (ConfUtils.java:logGet(43)) - raft.server.rpc.timeout.min = 5s (custom)
2019-09-26 15:13:29,515 [pool-27-thread-1] INFO  server.RaftServerConfigKeys (ConfUtils.java:logGet(43)) - raft.server.rpc.timeout.max = 5200ms (custom)
2019-09-26 15:13:29,515 [pool-27-thread-1] INFO  server.RaftServerConfigKeys (ConfUtils.java:logGet(43)) - raft.server.rpcslowness.timeout = 120s (custom)
2019-09-26 15:13:29,515 [pool-27-thread-1] INFO  server.RaftServerConfigKeys (ConfUtils.java:logGet(43)) - raft.server.sleep.deviation.threshold = 300 (default)
2019-09-26 15:13:29,515 [pool-27-thread-1] INFO  server.RaftServerConfigKeys (ConfUtils.java:logGet(43)) - raft.server.log.appender.install.snapshot.enabled = false (custom)
2019-09-26 15:13:29,515 [pool-27-thread-1] INFO  impl.RaftServerImpl (ServerState.java:<init>(103)) - b3e939fd-eb36-468b-9efe-5d0a1fdaa172@group-F6B43F86DCC6: ConfigurationManager, init=-1: [b3e939fd-eb36-468b-9efe-5d0a1fdaa172:192.168.151.99:45433], old=null, confs=<EMPTY_MAP>
2019-09-26 15:13:29,516 [pool-27-thread-1] INFO  server.RaftServerConfigKeys (ConfUtils.java:logGet(43)) - raft.server.storage.dir = [/workdir/hadoop-ozone/integration-test/target/test-dir/MiniOzoneClusterImpl-7e2f4b2f-6763-4a45-9ec4-264c2cef7c61/datanode-0/data/ratis] (custom)
2019-09-26 15:13:29,516 [pool-27-thread-1] INFO  storage.RaftStorageDirectory (RaftStorageDirectory.java:analyzeStorage(246)) - The storage directory /workdir/hadoop-ozone/integration-test/target/test-dir/MiniOzoneClusterImpl-7e2f4b2f-6763-4a45-9ec4-264c2cef7c61/datanode-0/data/ratis/f3acc74d-ae88-46a6-b311-f6b43f86dcc6 does not exist. Creating ...
2019-09-26 15:13:29,534 [pool-27-thread-1] INFO  storage.RaftStorageDirectory (RaftStorageDirectory.java:tryLock(328)) - Lock on /workdir/hadoop-ozone/integration-test/target/test-dir/MiniOzoneClusterImpl-7e2f4b2f-6763-4a45-9ec4-264c2cef7c61/datanode-0/data/ratis/f3acc74d-ae88-46a6-b311-f6b43f86dcc6/in_use.lock acquired by nodename 11803@pr-hdds-1569-g6sp5-2013761785
2019-09-26 15:13:29,547 [pool-27-thread-1] INFO  storage.RaftStorage (RaftStorage.java:format(72)) - Storage directory /workdir/hadoop-ozone/integration-test/target/test-dir/MiniOzoneClusterImpl-7e2f4b2f-6763-4a45-9ec4-264c2cef7c61/datanode-0/data/ratis/f3acc74d-ae88-46a6-b311-f6b43f86dcc6 has been successfully formatted.
2019-09-26 15:13:29,547 [pool-27-thread-1] INFO  ratis.ContainerStateMachine (ContainerStateMachine.java:loadSnapshot(230)) - group-F6B43F86DCC6: The snapshot info is null. Setting the last applied indexto:(t:0, i:~)
2019-09-26 15:13:29,548 [pool-27-thread-1] INFO  server.RaftServerConfigKeys (ConfUtils.java:logGet(43)) - raft.server.notification.no-leader.timeout = 120s (custom)
2019-09-26 15:13:29,548 [pool-27-thread-1] INFO  server.RaftServerConfigKeys (ConfUtils.java:logGet(43)) - raft.server.log.use.memory = false (default)
2019-09-26 15:13:29,548 [pool-27-thread-1] INFO  server.RaftServerConfigKeys (ConfUtils.java:logGet(43)) - raft.server.log.purge.gap = 1000000 (custom)
2019-09-26 15:13:29,548 [pool-27-thread-1] INFO  server.RaftServerConfigKeys (ConfUtils.java:logGet(43)) - raft.server.log.appender.buffer.byte-limit = 33554432 (custom)
2019-09-26 15:13:29,548 [pool-27-thread-1] INFO  server.RaftServerConfigKeys (ConfUtils.java:logGet(43)) - raft.server.log.segment.size.max = 1048576 (custom)
2019-09-26 15:13:29,548 [pool-27-thread-1] INFO  server.RaftServerConfigKeys (ConfUtils.java:logGet(43)) - raft.server.log.segment.cache.num.max = 2 (custom)
2019-09-26 15:13:29,548 [pool-27-thread-1] INFO  segmented.SegmentedRaftLogWorker (SegmentedRaftLogWorker.java:<init>(172)) - new b3e939fd-eb36-468b-9efe-5d0a1fdaa172@group-F6B43F86DCC6-SegmentedRaftLogWorker for RaftStorage:Storage Directory /workdir/hadoop-ozone/integration-test/target/test-dir/MiniOzoneClusterImpl-7e2f4b2f-6763-4a45-9ec4-264c2cef7c61/datanode-0/data/ratis/f3acc74d-ae88-46a6-b311-f6b43f86dcc6
2019-09-26 15:13:29,548 [pool-27-thread-1] INFO  server.RaftServerConfigKeys (ConfUtils.java:logGet(43)) - raft.server.log.queue.byte-limit = 2147483647 (custom)
2019-09-26 15:13:29,548 [pool-27-thread-1] INFO  server.RaftServerConfigKeys (ConfUtils.java:logGet(43)) - raft.server.log.queue.element-limit = 1024 (custom)
2019-09-26 15:13:29,548 [pool-27-thread-1] INFO  server.RaftServerConfigKeys (ConfUtils.java:logGet(43)) - raft.server.log.segment.size.max = 1048576 (custom)
2019-09-26 15:13:29,548 [pool-27-thread-1] INFO  server.RaftServerConfigKeys (ConfUtils.java:logGet(43)) - raft.server.log.preallocated.size = 16384 (custom)
2019-09-26 15:13:29,549 [pool-27-thread-1] INFO  server.RaftServerConfigKeys (ConfUtils.java:logGet(43)) - raft.server.log.write.buffer.size = 33554432 (custom)
2019-09-26 15:13:29,549 [pool-27-thread-1] INFO  server.RaftServerConfigKeys (ConfUtils.java:logGet(43)) - raft.server.log.force.sync.num = 128 (default)
2019-09-26 15:13:29,549 [pool-27-thread-1] INFO  server.RaftServerConfigKeys (ConfUtils.java:logGet(43)) - raft.server.log.statemachine.data.sync = true (default)
2019-09-26 15:13:29,549 [pool-27-thread-1] INFO  server.RaftServerConfigKeys (ConfUtils.java:logGet(43)) - raft.server.log.statemachine.data.sync.timeout = 10s (default)
2019-09-26 15:13:29,549 [pool-27-thread-1] INFO  server.RaftServerConfigKeys (ConfUtils.java:logGet(43)) - raft.server.log.statemachine.data.sync.timeout.retry = -1 (default)
2019-09-26 15:13:29,549 [pool-27-thread-1] INFO  server.RaftServerConfigKeys (ConfUtils.java:logGet(43)) - raft.server.log.statemachine.data.caching.enabled = true (custom)
2019-09-26 15:13:29,549 [pool-27-thread-1] INFO  segmented.SegmentedRaftLogWorker (SegmentedRaftLogWorker.java:lambda$new$0(132)) - b3e939fd-eb36-468b-9efe-5d0a1fdaa172@group-F6B43F86DCC6-SegmentedRaftLogWorker: flushIndex: setUnconditionally 0 -> -1
2019-09-26 15:13:29,549 [pool-27-thread-1] INFO  server.RaftServerConfigKeys (ConfUtils.java:logGet(43)) - raft.server.snapshot.auto.trigger.enabled = true (custom)
2019-09-26 15:13:29,549 [pool-27-thread-1] INFO  server.RaftServerConfigKeys (ConfUtils.java:logGet(43)) - raft.server.snapshot.auto.trigger.threshold = 10000 (custom)
2019-09-26 15:13:29,549 [pool-27-thread-1] INFO  server.RaftServerConfigKeys (ConfUtils.java:logGet(43)) - raft.server.snapshot.retention.num.files = 5 (custom)
2019-09-26 15:13:29,550 [pool-27-thread-1] INFO  server.RaftServerConfigKeys (ConfUtils.java:logGet(43)) - raft.server.retrycache.expirytime = 600000ms (custom)
2019-09-26 15:13:29,551 [pool-27-thread-1] INFO  impl.RaftServerImpl (RaftServerImpl.java:start(185)) - b3e939fd-eb36-468b-9efe-5d0a1fdaa172@group-F6B43F86DCC6: start as a follower, conf=-1: [b3e939fd-eb36-468b-9efe-5d0a1fdaa172:192.168.151.99:45433], old=null
2019-09-26 15:13:29,551 [pool-27-thread-1] INFO  impl.RaftServerImpl (RaftServerImpl.java:setRole(174)) - b3e939fd-eb36-468b-9efe-5d0a1fdaa172@group-F6B43F86DCC6: changes role from      null to FOLLOWER at term 0 for startAsFollower
2019-09-26 15:13:29,551 [pool-27-thread-1] INFO  impl.RoleInfo (RoleInfo.java:updateAndGet(143)) - b3e939fd-eb36-468b-9efe-5d0a1fdaa172: start FollowerState
2019-09-26 15:13:29,551 [pool-27-thread-1] INFO  util.JmxRegister (JmxRegister.java:tryRegister(44)) - Successfully registered JMX Bean with object name Ratis:service=RaftServer,group=group-F6B43F86DCC6,id=b3e939fd-eb36-468b-9efe-5d0a1fdaa172
2019-09-26 15:13:29,553 [RatisPipelineUtilsThread] INFO  pipeline.PipelineStateManager (PipelineStateManager.java:addPipeline(56)) - Created pipeline Pipeline[ Id: f3acc74d-ae88-46a6-b311-f6b43f86dcc6, Nodes: b3e939fd-eb36-468b-9efe-5d0a1fdaa172{ip: 192.168.151.99, host: pr-hdds-1569-g6sp5-2013761785, networkLocation: /default-rack, certSerialId: null}, Type:RATIS, Factor:ONE, State:OPEN]
2019-09-26 15:13:29,556 [grpc-default-executor-0] INFO  impl.RaftServerProxy (RaftServerProxy.java:addNew(89)) - b3e939fd-eb36-468b-9efe-5d0a1fdaa172: addNew group-DF5FBD1E9085:[b3e939fd-eb36-468b-9efe-5d0a1fdaa172:192.168.151.99:45433] returns group-DF5FBD1E9085:java.util.concurrent.CompletableFuture@2c33ae0a[Not completed]
2019-09-26 15:13:29,556 [pool-27-thread-1] INFO  impl.RaftServerImpl (RaftServerImpl.java:<init>(95)) - b3e939fd-eb36-468b-9efe-5d0a1fdaa172: new RaftServerImpl for group-DF5FBD1E9085:[b3e939fd-eb36-468b-9efe-5d0a1fdaa172:192.168.151.99:45433] with ContainerStateMachine:uninitialized
2019-09-26 15:13:29,557 [pool-27-thread-1] INFO  server.RaftServerConfigKeys (ConfUtils.java:logGet(43)) - raft.server.rpc.timeout.min = 5s (custom)
2019-09-26 15:13:29,557 [pool-27-thread-1] INFO  server.RaftServerConfigKeys (ConfUtils.java:logGet(43)) - raft.server.rpc.timeout.max = 5200ms (custom)
2019-09-26 15:13:29,557 [pool-27-thread-1] INFO  server.RaftServerConfigKeys (ConfUtils.java:logGet(43)) - raft.server.rpcslowness.timeout = 120s (custom)
2019-09-26 15:13:29,557 [pool-27-thread-1] INFO  server.RaftServerConfigKeys (ConfUtils.java:logGet(43)) - raft.server.sleep.deviation.threshold = 300 (default)
2019-09-26 15:13:29,557 [pool-27-thread-1] INFO  server.RaftServerConfigKeys (ConfUtils.java:logGet(43)) - raft.server.log.appender.install.snapshot.enabled = false (custom)
2019-09-26 15:13:29,557 [pool-27-thread-1] INFO  impl.RaftServerImpl (ServerState.java:<init>(103)) - b3e939fd-eb36-468b-9efe-5d0a1fdaa172@group-DF5FBD1E9085: ConfigurationManager, init=-1: [b3e939fd-eb36-468b-9efe-5d0a1fdaa172:192.168.151.99:45433], old=null, confs=<EMPTY_MAP>
2019-09-26 15:13:29,557 [pool-27-thread-1] INFO  server.RaftServerConfigKeys (ConfUtils.java:logGet(43)) - raft.server.storage.dir = [/workdir/hadoop-ozone/integration-test/target/test-dir/MiniOzoneClusterImpl-7e2f4b2f-6763-4a45-9ec4-264c2cef7c61/datanode-0/data/ratis] (custom)
2019-09-26 15:13:29,558 [pool-27-thread-1] INFO  storage.RaftStorageDirectory (RaftStorageDirectory.java:analyzeStorage(246)) - The storage directory /workdir/hadoop-ozone/integration-test/target/test-dir/MiniOzoneClusterImpl-7e2f4b2f-6763-4a45-9ec4-264c2cef7c61/datanode-0/data/ratis/c70c9894-be3e-48ef-92af-df5fbd1e9085 does not exist. Creating ...
2019-09-26 15:13:29,563 [pool-27-thread-1] INFO  storage.RaftStorageDirectory (RaftStorageDirectory.java:tryLock(328)) - Lock on /workdir/hadoop-ozone/integration-test/target/test-dir/MiniOzoneClusterImpl-7e2f4b2f-6763-4a45-9ec4-264c2cef7c61/datanode-0/data/ratis/c70c9894-be3e-48ef-92af-df5fbd1e9085/in_use.lock acquired by nodename 11803@pr-hdds-1569-g6sp5-2013761785
2019-09-26 15:13:29,577 [pool-27-thread-1] INFO  storage.RaftStorage (RaftStorage.java:format(72)) - Storage directory /workdir/hadoop-ozone/integration-test/target/test-dir/MiniOzoneClusterImpl-7e2f4b2f-6763-4a45-9ec4-264c2cef7c61/datanode-0/data/ratis/c70c9894-be3e-48ef-92af-df5fbd1e9085 has been successfully formatted.
2019-09-26 15:13:29,577 [pool-27-thread-1] INFO  ratis.ContainerStateMachine (ContainerStateMachine.java:loadSnapshot(230)) - group-DF5FBD1E9085: The snapshot info is null. Setting the last applied indexto:(t:0, i:~)
2019-09-26 15:13:29,577 [pool-27-thread-1] INFO  server.RaftServerConfigKeys (ConfUtils.java:logGet(43)) - raft.server.notification.no-leader.timeout = 120s (custom)
2019-09-26 15:13:29,577 [pool-27-thread-1] INFO  server.RaftServerConfigKeys (ConfUtils.java:logGet(43)) - raft.server.log.use.memory = false (default)
2019-09-26 15:13:29,577 [pool-27-thread-1] INFO  server.RaftServerConfigKeys (ConfUtils.java:logGet(43)) - raft.server.log.purge.gap = 1000000 (custom)
2019-09-26 15:13:29,577 [pool-27-thread-1] INFO  server.RaftServerConfigKeys (ConfUtils.java:logGet(43)) - raft.server.log.appender.buffer.byte-limit = 33554432 (custom)
2019-09-26 15:13:29,577 [pool-27-thread-1] INFO  server.RaftServerConfigKeys (ConfUtils.java:logGet(43)) - raft.server.log.segment.size.max = 1048576 (custom)
2019-09-26 15:13:29,577 [pool-27-thread-1] INFO  server.RaftServerConfigKeys (ConfUtils.java:logGet(43)) - raft.server.log.segment.cache.num.max = 2 (custom)
2019-09-26 15:13:29,578 [pool-27-thread-1] INFO  segmented.SegmentedRaftLogWorker (SegmentedRaftLogWorker.java:<init>(172)) - new b3e939fd-eb36-468b-9efe-5d0a1fdaa172@group-DF5FBD1E9085-SegmentedRaftLogWorker for RaftStorage:Storage Directory /workdir/hadoop-ozone/integration-test/target/test-dir/MiniOzoneClusterImpl-7e2f4b2f-6763-4a45-9ec4-264c2cef7c61/datanode-0/data/ratis/c70c9894-be3e-48ef-92af-df5fbd1e9085
2019-09-26 15:13:29,578 [pool-27-thread-1] INFO  server.RaftServerConfigKeys (ConfUtils.java:logGet(43)) - raft.server.log.queue.byte-limit = 2147483647 (custom)
2019-09-26 15:13:29,578 [pool-27-thread-1] INFO  server.RaftServerConfigKeys (ConfUtils.java:logGet(43)) - raft.server.log.queue.element-limit = 1024 (custom)
2019-09-26 15:13:29,578 [pool-27-thread-1] INFO  server.RaftServerConfigKeys (ConfUtils.java:logGet(43)) - raft.server.log.segment.size.max = 1048576 (custom)
2019-09-26 15:13:29,578 [pool-27-thread-1] INFO  server.RaftServerConfigKeys (ConfUtils.java:logGet(43)) - raft.server.log.preallocated.size = 16384 (custom)
2019-09-26 15:13:29,578 [pool-27-thread-1] INFO  server.RaftServerConfigKeys (ConfUtils.java:logGet(43)) - raft.server.log.write.buffer.size = 33554432 (custom)
2019-09-26 15:13:29,578 [pool-27-thread-1] INFO  server.RaftServerConfigKeys (ConfUtils.java:logGet(43)) - raft.server.log.force.sync.num = 128 (default)
2019-09-26 15:13:29,578 [pool-27-thread-1] INFO  server.RaftServerConfigKeys (ConfUtils.java:logGet(43)) - raft.server.log.statemachine.data.sync = true (default)
2019-09-26 15:13:29,578 [pool-27-thread-1] INFO  server.RaftServerConfigKeys (ConfUtils.java:logGet(43)) - raft.server.log.statemachine.data.sync.timeout = 10s (default)
2019-09-26 15:13:29,578 [pool-27-thread-1] INFO  server.RaftServerConfigKeys (ConfUtils.java:logGet(43)) - raft.server.log.statemachine.data.sync.timeout.retry = -1 (default)
2019-09-26 15:13:29,578 [pool-27-thread-1] INFO  server.RaftServerConfigKeys (ConfUtils.java:logGet(43)) - raft.server.log.statemachine.data.caching.enabled = true (custom)
2019-09-26 15:13:29,579 [pool-27-thread-1] INFO  segmented.SegmentedRaftLogWorker (SegmentedRaftLogWorker.java:lambda$new$0(132)) - b3e939fd-eb36-468b-9efe-5d0a1fdaa172@group-DF5FBD1E9085-SegmentedRaftLogWorker: flushIndex: setUnconditionally 0 -> -1
2019-09-26 15:13:29,579 [pool-27-thread-1] INFO  server.RaftServerConfigKeys (ConfUtils.java:logGet(43)) - raft.server.snapshot.auto.trigger.enabled = true (custom)
2019-09-26 15:13:29,579 [pool-27-thread-1] INFO  server.RaftServerConfigKeys (ConfUtils.java:logGet(43)) - raft.server.snapshot.auto.trigger.threshold = 10000 (custom)
2019-09-26 15:13:29,579 [pool-27-thread-1] INFO  server.RaftServerConfigKeys (ConfUtils.java:logGet(43)) - raft.server.snapshot.retention.num.files = 5 (custom)
2019-09-26 15:13:29,579 [pool-27-thread-1] INFO  server.RaftServerConfigKeys (ConfUtils.java:logGet(43)) - raft.server.retrycache.expirytime = 600000ms (custom)
2019-09-26 15:13:29,580 [pool-27-thread-1] INFO  impl.RaftServerImpl (RaftServerImpl.java:start(185)) - b3e939fd-eb36-468b-9efe-5d0a1fdaa172@group-DF5FBD1E9085: start as a follower, conf=-1: [b3e939fd-eb36-468b-9efe-5d0a1fdaa172:192.168.151.99:45433], old=null
2019-09-26 15:13:29,580 [pool-27-thread-1] INFO  impl.RaftServerImpl (RaftServerImpl.java:setRole(174)) - b3e939fd-eb36-468b-9efe-5d0a1fdaa172@group-DF5FBD1E9085: changes role from      null to FOLLOWER at term 0 for startAsFollower
2019-09-26 15:13:29,580 [pool-27-thread-1] INFO  impl.RoleInfo (RoleInfo.java:updateAndGet(143)) - b3e939fd-eb36-468b-9efe-5d0a1fdaa172: start FollowerState
2019-09-26 15:13:29,581 [pool-27-thread-1] INFO  util.JmxRegister (JmxRegister.java:tryRegister(44)) - Successfully registered JMX Bean with object name Ratis:service=RaftServer,group=group-DF5FBD1E9085,id=b3e939fd-eb36-468b-9efe-5d0a1fdaa172
2019-09-26 15:13:29,582 [RatisPipelineUtilsThread] INFO  pipeline.PipelineStateManager (PipelineStateManager.java:addPipeline(56)) - Created pipeline Pipeline[ Id: c70c9894-be3e-48ef-92af-df5fbd1e9085, Nodes: b3e939fd-eb36-468b-9efe-5d0a1fdaa172{ip: 192.168.151.99, host: pr-hdds-1569-g6sp5-2013761785, networkLocation: /default-rack, certSerialId: null}, Type:RATIS, Factor:ONE, State:OPEN]
2019-09-26 15:13:29,585 [grpc-default-executor-0] INFO  impl.RaftServerProxy (RaftServerProxy.java:addNew(89)) - b3e939fd-eb36-468b-9efe-5d0a1fdaa172: addNew group-B2026959841C:[b3e939fd-eb36-468b-9efe-5d0a1fdaa172:192.168.151.99:45433] returns group-B2026959841C:java.util.concurrent.CompletableFuture@21a8ab28[Not completed]
2019-09-26 15:13:29,586 [pool-27-thread-1] INFO  impl.RaftServerImpl (RaftServerImpl.java:<init>(95)) - b3e939fd-eb36-468b-9efe-5d0a1fdaa172: new RaftServerImpl for group-B2026959841C:[b3e939fd-eb36-468b-9efe-5d0a1fdaa172:192.168.151.99:45433] with ContainerStateMachine:uninitialized
2019-09-26 15:13:29,586 [pool-27-thread-1] INFO  server.RaftServerConfigKeys (ConfUtils.java:logGet(43)) - raft.server.rpc.timeout.min = 5s (custom)
2019-09-26 15:13:29,586 [pool-27-thread-1] INFO  server.RaftServerConfigKeys (ConfUtils.java:logGet(43)) - raft.server.rpc.timeout.max = 5200ms (custom)
2019-09-26 15:13:29,586 [pool-27-thread-1] INFO  server.RaftServerConfigKeys (ConfUtils.java:logGet(43)) - raft.server.rpcslowness.timeout = 120s (custom)
2019-09-26 15:13:29,586 [pool-27-thread-1] INFO  server.RaftServerConfigKeys (ConfUtils.java:logGet(43)) - raft.server.sleep.deviation.threshold = 300 (default)
2019-09-26 15:13:29,586 [pool-27-thread-1] INFO  server.RaftServerConfigKeys (ConfUtils.java:logGet(43)) - raft.server.log.appender.install.snapshot.enabled = false (custom)
2019-09-26 15:13:29,587 [pool-27-thread-1] INFO  impl.RaftServerImpl (ServerState.java:<init>(103)) - b3e939fd-eb36-468b-9efe-5d0a1fdaa172@group-B2026959841C: ConfigurationManager, init=-1: [b3e939fd-eb36-468b-9efe-5d0a1fdaa172:192.168.151.99:45433], old=null, confs=<EMPTY_MAP>
2019-09-26 15:13:29,587 [pool-27-thread-1] INFO  server.RaftServerConfigKeys (ConfUtils.java:logGet(43)) - raft.server.storage.dir = [/workdir/hadoop-ozone/integration-test/target/test-dir/MiniOzoneClusterImpl-7e2f4b2f-6763-4a45-9ec4-264c2cef7c61/datanode-0/data/ratis] (custom)
2019-09-26 15:13:29,588 [pool-27-thread-1] INFO  storage.RaftStorageDirectory (RaftStorageDirectory.java:analyzeStorage(246)) - The storage directory /workdir/hadoop-ozone/integration-test/target/test-dir/MiniOzoneClusterImpl-7e2f4b2f-6763-4a45-9ec4-264c2cef7c61/datanode-0/data/ratis/bb7e4347-362d-4c5c-a90e-b2026959841c does not exist. Creating ...
2019-09-26 15:13:29,596 [pool-27-thread-1] INFO  storage.RaftStorageDirectory (RaftStorageDirectory.java:tryLock(328)) - Lock on /workdir/hadoop-ozone/integration-test/target/test-dir/MiniOzoneClusterImpl-7e2f4b2f-6763-4a45-9ec4-264c2cef7c61/datanode-0/data/ratis/bb7e4347-362d-4c5c-a90e-b2026959841c/in_use.lock acquired by nodename 11803@pr-hdds-1569-g6sp5-2013761785
2019-09-26 15:13:29,608 [pool-27-thread-1] INFO  storage.RaftStorage (RaftStorage.java:format(72)) - Storage directory /workdir/hadoop-ozone/integration-test/target/test-dir/MiniOzoneClusterImpl-7e2f4b2f-6763-4a45-9ec4-264c2cef7c61/datanode-0/data/ratis/bb7e4347-362d-4c5c-a90e-b2026959841c has been successfully formatted.
2019-09-26 15:13:29,609 [pool-27-thread-1] INFO  ratis.ContainerStateMachine (ContainerStateMachine.java:loadSnapshot(230)) - group-B2026959841C: The snapshot info is null. Setting the last applied indexto:(t:0, i:~)
2019-09-26 15:13:29,609 [pool-27-thread-1] INFO  server.RaftServerConfigKeys (ConfUtils.java:logGet(43)) - raft.server.notification.no-leader.timeout = 120s (custom)
2019-09-26 15:13:29,609 [pool-27-thread-1] INFO  server.RaftServerConfigKeys (ConfUtils.java:logGet(43)) - raft.server.log.use.memory = false (default)
2019-09-26 15:13:29,609 [pool-27-thread-1] INFO  server.RaftServerConfigKeys (ConfUtils.java:logGet(43)) - raft.server.log.purge.gap = 1000000 (custom)
2019-09-26 15:13:29,609 [pool-27-thread-1] INFO  server.RaftServerConfigKeys (ConfUtils.java:logGet(43)) - raft.server.log.appender.buffer.byte-limit = 33554432 (custom)
2019-09-26 15:13:29,609 [pool-27-thread-1] INFO  server.RaftServerConfigKeys (ConfUtils.java:logGet(43)) - raft.server.log.segment.size.max = 1048576 (custom)
2019-09-26 15:13:29,609 [pool-27-thread-1] INFO  server.RaftServerConfigKeys (ConfUtils.java:logGet(43)) - raft.server.log.segment.cache.num.max = 2 (custom)
2019-09-26 15:13:29,609 [pool-27-thread-1] INFO  segmented.SegmentedRaftLogWorker (SegmentedRaftLogWorker.java:<init>(172)) - new b3e939fd-eb36-468b-9efe-5d0a1fdaa172@group-B2026959841C-SegmentedRaftLogWorker for RaftStorage:Storage Directory /workdir/hadoop-ozone/integration-test/target/test-dir/MiniOzoneClusterImpl-7e2f4b2f-6763-4a45-9ec4-264c2cef7c61/datanode-0/data/ratis/bb7e4347-362d-4c5c-a90e-b2026959841c
2019-09-26 15:13:29,609 [pool-27-thread-1] INFO  server.RaftServerConfigKeys (ConfUtils.java:logGet(43)) - raft.server.log.queue.byte-limit = 2147483647 (custom)
2019-09-26 15:13:29,609 [pool-27-thread-1] INFO  server.RaftServerConfigKeys (ConfUtils.java:logGet(43)) - raft.server.log.queue.element-limit = 1024 (custom)
2019-09-26 15:13:29,609 [pool-27-thread-1] INFO  server.RaftServerConfigKeys (ConfUtils.java:logGet(43)) - raft.server.log.segment.size.max = 1048576 (custom)
2019-09-26 15:13:29,610 [pool-27-thread-1] INFO  server.RaftServerConfigKeys (ConfUtils.java:logGet(43)) - raft.server.log.preallocated.size = 16384 (custom)
2019-09-26 15:13:29,610 [pool-27-thread-1] INFO  server.RaftServerConfigKeys (ConfUtils.java:logGet(43)) - raft.server.log.write.buffer.size = 33554432 (custom)
2019-09-26 15:13:29,610 [pool-27-thread-1] INFO  server.RaftServerConfigKeys (ConfUtils.java:logGet(43)) - raft.server.log.force.sync.num = 128 (default)
2019-09-26 15:13:29,610 [pool-27-thread-1] INFO  server.RaftServerConfigKeys (ConfUtils.java:logGet(43)) - raft.server.log.statemachine.data.sync = true (default)
2019-09-26 15:13:29,610 [pool-27-thread-1] INFO  server.RaftServerConfigKeys (ConfUtils.java:logGet(43)) - raft.server.log.statemachine.data.sync.timeout = 10s (default)
2019-09-26 15:13:29,610 [pool-27-thread-1] INFO  server.RaftServerConfigKeys (ConfUtils.java:logGet(43)) - raft.server.log.statemachine.data.sync.timeout.retry = -1 (default)
2019-09-26 15:13:29,610 [pool-27-thread-1] INFO  server.RaftServerConfigKeys (ConfUtils.java:logGet(43)) - raft.server.log.statemachine.data.caching.enabled = true (custom)
2019-09-26 15:13:29,610 [pool-27-thread-1] INFO  segmented.SegmentedRaftLogWorker (SegmentedRaftLogWorker.java:lambda$new$0(132)) - b3e939fd-eb36-468b-9efe-5d0a1fdaa172@group-B2026959841C-SegmentedRaftLogWorker: flushIndex: setUnconditionally 0 -> -1
2019-09-26 15:13:29,610 [pool-27-thread-1] INFO  server.RaftServerConfigKeys (ConfUtils.java:logGet(43)) - raft.server.snapshot.auto.trigger.enabled = true (custom)
2019-09-26 15:13:29,611 [pool-27-thread-1] INFO  server.RaftServerConfigKeys (ConfUtils.java:logGet(43)) - raft.server.snapshot.auto.trigger.threshold = 10000 (custom)
2019-09-26 15:13:29,611 [pool-27-thread-1] INFO  server.RaftServerConfigKeys (ConfUtils.java:logGet(43)) - raft.server.snapshot.retention.num.files = 5 (custom)
2019-09-26 15:13:29,611 [pool-27-thread-1] INFO  server.RaftServerConfigKeys (ConfUtils.java:logGet(43)) - raft.server.retrycache.expirytime = 600000ms (custom)
2019-09-26 15:13:29,612 [pool-27-thread-1] INFO  impl.RaftServerImpl (RaftServerImpl.java:start(185)) - b3e939fd-eb36-468b-9efe-5d0a1fdaa172@group-B2026959841C: start as a follower, conf=-1: [b3e939fd-eb36-468b-9efe-5d0a1fdaa172:192.168.151.99:45433], old=null
2019-09-26 15:13:29,612 [pool-27-thread-1] INFO  impl.RaftServerImpl (RaftServerImpl.java:setRole(174)) - b3e939fd-eb36-468b-9efe-5d0a1fdaa172@group-B2026959841C: changes role from      null to FOLLOWER at term 0 for startAsFollower
2019-09-26 15:13:29,612 [pool-27-thread-1] INFO  impl.RoleInfo (RoleInfo.java:updateAndGet(143)) - b3e939fd-eb36-468b-9efe-5d0a1fdaa172: start FollowerState
2019-09-26 15:13:29,612 [pool-27-thread-1] INFO  util.JmxRegister (JmxRegister.java:tryRegister(44)) - Successfully registered JMX Bean with object name Ratis:service=RaftServer,group=group-B2026959841C,id=b3e939fd-eb36-468b-9efe-5d0a1fdaa172
2019-09-26 15:13:29,613 [RatisPipelineUtilsThread] INFO  pipeline.PipelineStateManager (PipelineStateManager.java:addPipeline(56)) - Created pipeline Pipeline[ Id: bb7e4347-362d-4c5c-a90e-b2026959841c, Nodes: b3e939fd-eb36-468b-9efe-5d0a1fdaa172{ip: 192.168.151.99, host: pr-hdds-1569-g6sp5-2013761785, networkLocation: /default-rack, certSerialId: null}, Type:RATIS, Factor:ONE, State:OPEN]
2019-09-26 15:13:29,616 [grpc-default-executor-0] INFO  impl.RaftServerProxy (RaftServerProxy.java:addNew(89)) - b3e939fd-eb36-468b-9efe-5d0a1fdaa172: addNew group-98F9BF2BE007:[b3e939fd-eb36-468b-9efe-5d0a1fdaa172:192.168.151.99:45433] returns group-98F9BF2BE007:java.util.concurrent.CompletableFuture@495f44eb[Not completed]
2019-09-26 15:13:29,617 [pool-27-thread-1] INFO  impl.RaftServerImpl (RaftServerImpl.java:<init>(95)) - b3e939fd-eb36-468b-9efe-5d0a1fdaa172: new RaftServerImpl for group-98F9BF2BE007:[b3e939fd-eb36-468b-9efe-5d0a1fdaa172:192.168.151.99:45433] with ContainerStateMachine:uninitialized
2019-09-26 15:13:29,617 [pool-27-thread-1] INFO  server.RaftServerConfigKeys (ConfUtils.java:logGet(43)) - raft.server.rpc.timeout.min = 5s (custom)
2019-09-26 15:13:29,617 [pool-27-thread-1] INFO  server.RaftServerConfigKeys (ConfUtils.java:logGet(43)) - raft.server.rpc.timeout.max = 5200ms (custom)
2019-09-26 15:13:29,617 [pool-27-thread-1] INFO  server.RaftServerConfigKeys (ConfUtils.java:logGet(43)) - raft.server.rpcslowness.timeout = 120s (custom)
2019-09-26 15:13:29,617 [pool-27-thread-1] INFO  server.RaftServerConfigKeys (ConfUtils.java:logGet(43)) - raft.server.sleep.deviation.threshold = 300 (default)
2019-09-26 15:13:29,617 [pool-27-thread-1] INFO  server.RaftServerConfigKeys (ConfUtils.java:logGet(43)) - raft.server.log.appender.install.snapshot.enabled = false (custom)
2019-09-26 15:13:29,617 [pool-27-thread-1] INFO  impl.RaftServerImpl (ServerState.java:<init>(103)) - b3e939fd-eb36-468b-9efe-5d0a1fdaa172@group-98F9BF2BE007: ConfigurationManager, init=-1: [b3e939fd-eb36-468b-9efe-5d0a1fdaa172:192.168.151.99:45433], old=null, confs=<EMPTY_MAP>
2019-09-26 15:13:29,618 [pool-27-thread-1] INFO  server.RaftServerConfigKeys (ConfUtils.java:logGet(43)) - raft.server.storage.dir = [/workdir/hadoop-ozone/integration-test/target/test-dir/MiniOzoneClusterImpl-7e2f4b2f-6763-4a45-9ec4-264c2cef7c61/datanode-0/data/ratis] (custom)
2019-09-26 15:13:29,618 [pool-27-thread-1] INFO  storage.RaftStorageDirectory (RaftStorageDirectory.java:analyzeStorage(246)) - The storage directory /workdir/hadoop-ozone/integration-test/target/test-dir/MiniOzoneClusterImpl-7e2f4b2f-6763-4a45-9ec4-264c2cef7c61/datanode-0/data/ratis/dfe338a3-20fb-40f0-8206-98f9bf2be007 does not exist. Creating ...
2019-09-26 15:13:29,625 [pool-27-thread-1] INFO  storage.RaftStorageDirectory (RaftStorageDirectory.java:tryLock(328)) - Lock on /workdir/hadoop-ozone/integration-test/target/test-dir/MiniOzoneClusterImpl-7e2f4b2f-6763-4a45-9ec4-264c2cef7c61/datanode-0/data/ratis/dfe338a3-20fb-40f0-8206-98f9bf2be007/in_use.lock acquired by nodename 11803@pr-hdds-1569-g6sp5-2013761785
2019-09-26 15:13:29,638 [pool-27-thread-1] INFO  storage.RaftStorage (RaftStorage.java:format(72)) - Storage directory /workdir/hadoop-ozone/integration-test/target/test-dir/MiniOzoneClusterImpl-7e2f4b2f-6763-4a45-9ec4-264c2cef7c61/datanode-0/data/ratis/dfe338a3-20fb-40f0-8206-98f9bf2be007 has been successfully formatted.
2019-09-26 15:13:29,638 [pool-27-thread-1] INFO  ratis.ContainerStateMachine (ContainerStateMachine.java:loadSnapshot(230)) - group-98F9BF2BE007: The snapshot info is null. Setting the last applied indexto:(t:0, i:~)
2019-09-26 15:13:29,639 [pool-27-thread-1] INFO  server.RaftServerConfigKeys (ConfUtils.java:logGet(43)) - raft.server.notification.no-leader.timeout = 120s (custom)
2019-09-26 15:13:29,639 [pool-27-thread-1] INFO  server.RaftServerConfigKeys (ConfUtils.java:logGet(43)) - raft.server.log.use.memory = false (default)
2019-09-26 15:13:29,639 [pool-27-thread-1] INFO  server.RaftServerConfigKeys (ConfUtils.java:logGet(43)) - raft.server.log.purge.gap = 1000000 (custom)
2019-09-26 15:13:29,639 [pool-27-thread-1] INFO  server.RaftServerConfigKeys (ConfUtils.java:logGet(43)) - raft.server.log.appender.buffer.byte-limit = 33554432 (custom)
2019-09-26 15:13:29,639 [pool-27-thread-1] INFO  server.RaftServerConfigKeys (ConfUtils.java:logGet(43)) - raft.server.log.segment.size.max = 1048576 (custom)
2019-09-26 15:13:29,639 [pool-27-thread-1] INFO  server.RaftServerConfigKeys (ConfUtils.java:logGet(43)) - raft.server.log.segment.cache.num.max = 2 (custom)
2019-09-26 15:13:29,639 [pool-27-thread-1] INFO  segmented.SegmentedRaftLogWorker (SegmentedRaftLogWorker.java:<init>(172)) - new b3e939fd-eb36-468b-9efe-5d0a1fdaa172@group-98F9BF2BE007-SegmentedRaftLogWorker for RaftStorage:Storage Directory /workdir/hadoop-ozone/integration-test/target/test-dir/MiniOzoneClusterImpl-7e2f4b2f-6763-4a45-9ec4-264c2cef7c61/datanode-0/data/ratis/dfe338a3-20fb-40f0-8206-98f9bf2be007
2019-09-26 15:13:29,640 [pool-27-thread-1] INFO  server.RaftServerConfigKeys (ConfUtils.java:logGet(43)) - raft.server.log.queue.byte-limit = 2147483647 (custom)
2019-09-26 15:13:29,640 [pool-27-thread-1] INFO  server.RaftServerConfigKeys (ConfUtils.java:logGet(43)) - raft.server.log.queue.element-limit = 1024 (custom)
2019-09-26 15:13:29,640 [pool-27-thread-1] INFO  server.RaftServerConfigKeys (ConfUtils.java:logGet(43)) - raft.server.log.segment.size.max = 1048576 (custom)
2019-09-26 15:13:29,640 [pool-27-thread-1] INFO  server.RaftServerConfigKeys (ConfUtils.java:logGet(43)) - raft.server.log.preallocated.size = 16384 (custom)
2019-09-26 15:13:29,640 [pool-27-thread-1] INFO  server.RaftServerConfigKeys (ConfUtils.java:logGet(43)) - raft.server.log.write.buffer.size = 33554432 (custom)
2019-09-26 15:13:29,640 [pool-27-thread-1] INFO  server.RaftServerConfigKeys (ConfUtils.java:logGet(43)) - raft.server.log.force.sync.num = 128 (default)
2019-09-26 15:13:29,640 [pool-27-thread-1] INFO  server.RaftServerConfigKeys (ConfUtils.java:logGet(43)) - raft.server.log.statemachine.data.sync = true (default)
2019-09-26 15:13:29,640 [pool-27-thread-1] INFO  server.RaftServerConfigKeys (ConfUtils.java:logGet(43)) - raft.server.log.statemachine.data.sync.timeout = 10s (default)
2019-09-26 15:13:29,640 [pool-27-thread-1] INFO  server.RaftServerConfigKeys (ConfUtils.java:logGet(43)) - raft.server.log.statemachine.data.sync.timeout.retry = -1 (default)
2019-09-26 15:13:29,641 [pool-27-thread-1] INFO  server.RaftServerConfigKeys (ConfUtils.java:logGet(43)) - raft.server.log.statemachine.data.caching.enabled = true (custom)
2019-09-26 15:13:29,641 [pool-27-thread-1] INFO  segmented.SegmentedRaftLogWorker (SegmentedRaftLogWorker.java:lambda$new$0(132)) - b3e939fd-eb36-468b-9efe-5d0a1fdaa172@group-98F9BF2BE007-SegmentedRaftLogWorker: flushIndex: setUnconditionally 0 -> -1
2019-09-26 15:13:29,641 [pool-27-thread-1] INFO  server.RaftServerConfigKeys (ConfUtils.java:logGet(43)) - raft.server.snapshot.auto.trigger.enabled = true (custom)
2019-09-26 15:13:29,641 [pool-27-thread-1] INFO  server.RaftServerConfigKeys (ConfUtils.java:logGet(43)) - raft.server.snapshot.auto.trigger.threshold = 10000 (custom)
2019-09-26 15:13:29,641 [pool-27-thread-1] INFO  server.RaftServerConfigKeys (ConfUtils.java:logGet(43)) - raft.server.snapshot.retention.num.files = 5 (custom)
2019-09-26 15:13:29,642 [pool-27-thread-1] INFO  server.RaftServerConfigKeys (ConfUtils.java:logGet(43)) - raft.server.retrycache.expirytime = 600000ms (custom)
2019-09-26 15:13:29,643 [pool-27-thread-1] INFO  impl.RaftServerImpl (RaftServerImpl.java:start(185)) - b3e939fd-eb36-468b-9efe-5d0a1fdaa172@group-98F9BF2BE007: start as a follower, conf=-1: [b3e939fd-eb36-468b-9efe-5d0a1fdaa172:192.168.151.99:45433], old=null
2019-09-26 15:13:29,643 [pool-27-thread-1] INFO  impl.RaftServerImpl (RaftServerImpl.java:setRole(174)) - b3e939fd-eb36-468b-9efe-5d0a1fdaa172@group-98F9BF2BE007: changes role from      null to FOLLOWER at term 0 for startAsFollower
2019-09-26 15:13:29,643 [pool-27-thread-1] INFO  impl.RoleInfo (RoleInfo.java:updateAndGet(143)) - b3e939fd-eb36-468b-9efe-5d0a1fdaa172: start FollowerState
2019-09-26 15:13:29,644 [pool-27-thread-1] INFO  util.JmxRegister (JmxRegister.java:tryRegister(44)) - Successfully registered JMX Bean with object name Ratis:service=RaftServer,group=group-98F9BF2BE007,id=b3e939fd-eb36-468b-9efe-5d0a1fdaa172
2019-09-26 15:13:29,645 [RatisPipelineUtilsThread] INFO  pipeline.PipelineStateManager (PipelineStateManager.java:addPipeline(56)) - Created pipeline Pipeline[ Id: dfe338a3-20fb-40f0-8206-98f9bf2be007, Nodes: b3e939fd-eb36-468b-9efe-5d0a1fdaa172{ip: 192.168.151.99, host: pr-hdds-1569-g6sp5-2013761785, networkLocation: /default-rack, certSerialId: null}, Type:RATIS, Factor:ONE, State:OPEN]
2019-09-26 15:13:29,649 [grpc-default-executor-0] INFO  impl.RaftServerProxy (RaftServerProxy.java:addNew(89)) - b3e939fd-eb36-468b-9efe-5d0a1fdaa172: addNew group-896043BAD063:[b3e939fd-eb36-468b-9efe-5d0a1fdaa172:192.168.151.99:45433] returns group-896043BAD063:java.util.concurrent.CompletableFuture@724809b0[Not completed]
2019-09-26 15:13:29,649 [pool-27-thread-1] INFO  impl.RaftServerImpl (RaftServerImpl.java:<init>(95)) - b3e939fd-eb36-468b-9efe-5d0a1fdaa172: new RaftServerImpl for group-896043BAD063:[b3e939fd-eb36-468b-9efe-5d0a1fdaa172:192.168.151.99:45433] with ContainerStateMachine:uninitialized
2019-09-26 15:13:29,650 [pool-27-thread-1] INFO  server.RaftServerConfigKeys (ConfUtils.java:logGet(43)) - raft.server.rpc.timeout.min = 5s (custom)
2019-09-26 15:13:29,650 [pool-27-thread-1] INFO  server.RaftServerConfigKeys (ConfUtils.java:logGet(43)) - raft.server.rpc.timeout.max = 5200ms (custom)
2019-09-26 15:13:29,650 [pool-27-thread-1] INFO  server.RaftServerConfigKeys (ConfUtils.java:logGet(43)) - raft.server.rpcslowness.timeout = 120s (custom)
2019-09-26 15:13:29,650 [pool-27-thread-1] INFO  server.RaftServerConfigKeys (ConfUtils.java:logGet(43)) - raft.server.sleep.deviation.threshold = 300 (default)
2019-09-26 15:13:29,650 [pool-27-thread-1] INFO  server.RaftServerConfigKeys (ConfUtils.java:logGet(43)) - raft.server.log.appender.install.snapshot.enabled = false (custom)
2019-09-26 15:13:29,650 [pool-27-thread-1] INFO  impl.RaftServerImpl (ServerState.java:<init>(103)) - b3e939fd-eb36-468b-9efe-5d0a1fdaa172@group-896043BAD063: ConfigurationManager, init=-1: [b3e939fd-eb36-468b-9efe-5d0a1fdaa172:192.168.151.99:45433], old=null, confs=<EMPTY_MAP>
2019-09-26 15:13:29,650 [pool-27-thread-1] INFO  server.RaftServerConfigKeys (ConfUtils.java:logGet(43)) - raft.server.storage.dir = [/workdir/hadoop-ozone/integration-test/target/test-dir/MiniOzoneClusterImpl-7e2f4b2f-6763-4a45-9ec4-264c2cef7c61/datanode-0/data/ratis] (custom)
2019-09-26 15:13:29,651 [pool-27-thread-1] INFO  storage.RaftStorageDirectory (RaftStorageDirectory.java:analyzeStorage(246)) - The storage directory /workdir/hadoop-ozone/integration-test/target/test-dir/MiniOzoneClusterImpl-7e2f4b2f-6763-4a45-9ec4-264c2cef7c61/datanode-0/data/ratis/32331fc0-885e-4f35-b89c-896043bad063 does not exist. Creating ...
2019-09-26 15:13:29,667 [pool-27-thread-1] INFO  storage.RaftStorageDirectory (RaftStorageDirectory.java:tryLock(328)) - Lock on /workdir/hadoop-ozone/integration-test/target/test-dir/MiniOzoneClusterImpl-7e2f4b2f-6763-4a45-9ec4-264c2cef7c61/datanode-0/data/ratis/32331fc0-885e-4f35-b89c-896043bad063/in_use.lock acquired by nodename 11803@pr-hdds-1569-g6sp5-2013761785
2019-09-26 15:13:29,679 [pool-27-thread-1] INFO  storage.RaftStorage (RaftStorage.java:format(72)) - Storage directory /workdir/hadoop-ozone/integration-test/target/test-dir/MiniOzoneClusterImpl-7e2f4b2f-6763-4a45-9ec4-264c2cef7c61/datanode-0/data/ratis/32331fc0-885e-4f35-b89c-896043bad063 has been successfully formatted.
2019-09-26 15:13:29,680 [pool-27-thread-1] INFO  ratis.ContainerStateMachine (ContainerStateMachine.java:loadSnapshot(230)) - group-896043BAD063: The snapshot info is null. Setting the last applied indexto:(t:0, i:~)
2019-09-26 15:13:29,680 [pool-27-thread-1] INFO  server.RaftServerConfigKeys (ConfUtils.java:logGet(43)) - raft.server.notification.no-leader.timeout = 120s (custom)
2019-09-26 15:13:29,680 [pool-27-thread-1] INFO  server.RaftServerConfigKeys (ConfUtils.java:logGet(43)) - raft.server.log.use.memory = false (default)
2019-09-26 15:13:29,680 [pool-27-thread-1] INFO  server.RaftServerConfigKeys (ConfUtils.java:logGet(43)) - raft.server.log.purge.gap = 1000000 (custom)
2019-09-26 15:13:29,680 [pool-27-thread-1] INFO  server.RaftServerConfigKeys (ConfUtils.java:logGet(43)) - raft.server.log.appender.buffer.byte-limit = 33554432 (custom)
2019-09-26 15:13:29,680 [pool-27-thread-1] INFO  server.RaftServerConfigKeys (ConfUtils.java:logGet(43)) - raft.server.log.segment.size.max = 1048576 (custom)
2019-09-26 15:13:29,680 [pool-27-thread-1] INFO  server.RaftServerConfigKeys (ConfUtils.java:logGet(43)) - raft.server.log.segment.cache.num.max = 2 (custom)
2019-09-26 15:13:29,680 [pool-27-thread-1] INFO  segmented.SegmentedRaftLogWorker (SegmentedRaftLogWorker.java:<init>(172)) - new b3e939fd-eb36-468b-9efe-5d0a1fdaa172@group-896043BAD063-SegmentedRaftLogWorker for RaftStorage:Storage Directory /workdir/hadoop-ozone/integration-test/target/test-dir/MiniOzoneClusterImpl-7e2f4b2f-6763-4a45-9ec4-264c2cef7c61/datanode-0/data/ratis/32331fc0-885e-4f35-b89c-896043bad063
2019-09-26 15:13:29,680 [pool-27-thread-1] INFO  server.RaftServerConfigKeys (ConfUtils.java:logGet(43)) - raft.server.log.queue.byte-limit = 2147483647 (custom)
2019-09-26 15:13:29,680 [pool-27-thread-1] INFO  server.RaftServerConfigKeys (ConfUtils.java:logGet(43)) - raft.server.log.queue.element-limit = 1024 (custom)
2019-09-26 15:13:29,681 [pool-27-thread-1] INFO  server.RaftServerConfigKeys (ConfUtils.java:logGet(43)) - raft.server.log.segment.size.max = 1048576 (custom)
2019-09-26 15:13:29,681 [pool-27-thread-1] INFO  server.RaftServerConfigKeys (ConfUtils.java:logGet(43)) - raft.server.log.preallocated.size = 16384 (custom)
2019-09-26 15:13:29,681 [pool-27-thread-1] INFO  server.RaftServerConfigKeys (ConfUtils.java:logGet(43)) - raft.server.log.write.buffer.size = 33554432 (custom)
2019-09-26 15:13:29,681 [pool-27-thread-1] INFO  server.RaftServerConfigKeys (ConfUtils.java:logGet(43)) - raft.server.log.force.sync.num = 128 (default)
2019-09-26 15:13:29,681 [pool-27-thread-1] INFO  server.RaftServerConfigKeys (ConfUtils.java:logGet(43)) - raft.server.log.statemachine.data.sync = true (default)
2019-09-26 15:13:29,681 [pool-27-thread-1] INFO  server.RaftServerConfigKeys (ConfUtils.java:logGet(43)) - raft.server.log.statemachine.data.sync.timeout = 10s (default)
2019-09-26 15:13:29,681 [pool-27-thread-1] INFO  server.RaftServerConfigKeys (ConfUtils.java:logGet(43)) - raft.server.log.statemachine.data.sync.timeout.retry = -1 (default)
2019-09-26 15:13:29,681 [pool-27-thread-1] INFO  server.RaftServerConfigKeys (ConfUtils.java:logGet(43)) - raft.server.log.statemachine.data.caching.enabled = true (custom)
2019-09-26 15:13:29,681 [pool-27-thread-1] INFO  segmented.SegmentedRaftLogWorker (SegmentedRaftLogWorker.java:lambda$new$0(132)) - b3e939fd-eb36-468b-9efe-5d0a1fdaa172@group-896043BAD063-SegmentedRaftLogWorker: flushIndex: setUnconditionally 0 -> -1
2019-09-26 15:13:29,682 [pool-27-thread-1] INFO  server.RaftServerConfigKeys (ConfUtils.java:logGet(43)) - raft.server.snapshot.auto.trigger.enabled = true (custom)
2019-09-26 15:13:29,682 [pool-27-thread-1] INFO  server.RaftServerConfigKeys (ConfUtils.java:logGet(43)) - raft.server.snapshot.auto.trigger.threshold = 10000 (custom)
2019-09-26 15:13:29,682 [pool-27-thread-1] INFO  server.RaftServerConfigKeys (ConfUtils.java:logGet(43)) - raft.server.snapshot.retention.num.files = 5 (custom)
2019-09-26 15:13:29,682 [pool-27-thread-1] INFO  server.RaftServerConfigKeys (ConfUtils.java:logGet(43)) - raft.server.retrycache.expirytime = 600000ms (custom)
2019-09-26 15:13:29,683 [pool-27-thread-1] INFO  impl.RaftServerImpl (RaftServerImpl.java:start(185)) - b3e939fd-eb36-468b-9efe-5d0a1fdaa172@group-896043BAD063: start as a follower, conf=-1: [b3e939fd-eb36-468b-9efe-5d0a1fdaa172:192.168.151.99:45433], old=null
2019-09-26 15:13:29,683 [pool-27-thread-1] INFO  impl.RaftServerImpl (RaftServerImpl.java:setRole(174)) - b3e939fd-eb36-468b-9efe-5d0a1fdaa172@group-896043BAD063: changes role from      null to FOLLOWER at term 0 for startAsFollower
2019-09-26 15:13:29,683 [pool-27-thread-1] INFO  impl.RoleInfo (RoleInfo.java:updateAndGet(143)) - b3e939fd-eb36-468b-9efe-5d0a1fdaa172: start FollowerState
2019-09-26 15:13:29,683 [pool-27-thread-1] INFO  util.JmxRegister (JmxRegister.java:tryRegister(44)) - Successfully registered JMX Bean with object name Ratis:service=RaftServer,group=group-896043BAD063,id=b3e939fd-eb36-468b-9efe-5d0a1fdaa172
2019-09-26 15:13:29,685 [RatisPipelineUtilsThread] INFO  pipeline.PipelineStateManager (PipelineStateManager.java:addPipeline(56)) - Created pipeline Pipeline[ Id: 32331fc0-885e-4f35-b89c-896043bad063, Nodes: b3e939fd-eb36-468b-9efe-5d0a1fdaa172{ip: 192.168.151.99, host: pr-hdds-1569-g6sp5-2013761785, networkLocation: /default-rack, certSerialId: null}, Type:RATIS, Factor:ONE, State:OPEN]
2019-09-26 15:13:29,688 [grpc-default-executor-0] INFO  impl.RaftServerProxy (RaftServerProxy.java:addNew(89)) - b3e939fd-eb36-468b-9efe-5d0a1fdaa172: addNew group-B6785E685516:[b3e939fd-eb36-468b-9efe-5d0a1fdaa172:192.168.151.99:45433] returns group-B6785E685516:java.util.concurrent.CompletableFuture@5609d40a[Not completed]
2019-09-26 15:13:29,688 [pool-27-thread-1] INFO  impl.RaftServerImpl (RaftServerImpl.java:<init>(95)) - b3e939fd-eb36-468b-9efe-5d0a1fdaa172: new RaftServerImpl for group-B6785E685516:[b3e939fd-eb36-468b-9efe-5d0a1fdaa172:192.168.151.99:45433] with ContainerStateMachine:uninitialized
2019-09-26 15:13:29,689 [pool-27-thread-1] INFO  server.RaftServerConfigKeys (ConfUtils.java:logGet(43)) - raft.server.rpc.timeout.min = 5s (custom)
2019-09-26 15:13:29,689 [pool-27-thread-1] INFO  server.RaftServerConfigKeys (ConfUtils.java:logGet(43)) - raft.server.rpc.timeout.max = 5200ms (custom)
2019-09-26 15:13:29,689 [pool-27-thread-1] INFO  server.RaftServerConfigKeys (ConfUtils.java:logGet(43)) - raft.server.rpcslowness.timeout = 120s (custom)
2019-09-26 15:13:29,689 [pool-27-thread-1] INFO  server.RaftServerConfigKeys (ConfUtils.java:logGet(43)) - raft.server.sleep.deviation.threshold = 300 (default)
2019-09-26 15:13:29,689 [pool-27-thread-1] INFO  server.RaftServerConfigKeys (ConfUtils.java:logGet(43)) - raft.server.log.appender.install.snapshot.enabled = false (custom)
2019-09-26 15:13:29,689 [pool-27-thread-1] INFO  impl.RaftServerImpl (ServerState.java:<init>(103)) - b3e939fd-eb36-468b-9efe-5d0a1fdaa172@group-B6785E685516: ConfigurationManager, init=-1: [b3e939fd-eb36-468b-9efe-5d0a1fdaa172:192.168.151.99:45433], old=null, confs=<EMPTY_MAP>
2019-09-26 15:13:29,689 [pool-27-thread-1] INFO  server.RaftServerConfigKeys (ConfUtils.java:logGet(43)) - raft.server.storage.dir = [/workdir/hadoop-ozone/integration-test/target/test-dir/MiniOzoneClusterImpl-7e2f4b2f-6763-4a45-9ec4-264c2cef7c61/datanode-0/data/ratis] (custom)
2019-09-26 15:13:29,690 [pool-27-thread-1] INFO  storage.RaftStorageDirectory (RaftStorageDirectory.java:analyzeStorage(246)) - The storage directory /workdir/hadoop-ozone/integration-test/target/test-dir/MiniOzoneClusterImpl-7e2f4b2f-6763-4a45-9ec4-264c2cef7c61/datanode-0/data/ratis/7faaa86d-20af-4039-b6f7-b6785e685516 does not exist. Creating ...
2019-09-26 15:13:29,703 [pool-27-thread-1] INFO  storage.RaftStorageDirectory (RaftStorageDirectory.java:tryLock(328)) - Lock on /workdir/hadoop-ozone/integration-test/target/test-dir/MiniOzoneClusterImpl-7e2f4b2f-6763-4a45-9ec4-264c2cef7c61/datanode-0/data/ratis/7faaa86d-20af-4039-b6f7-b6785e685516/in_use.lock acquired by nodename 11803@pr-hdds-1569-g6sp5-2013761785
2019-09-26 15:13:29,720 [pool-27-thread-1] INFO  storage.RaftStorage (RaftStorage.java:format(72)) - Storage directory /workdir/hadoop-ozone/integration-test/target/test-dir/MiniOzoneClusterImpl-7e2f4b2f-6763-4a45-9ec4-264c2cef7c61/datanode-0/data/ratis/7faaa86d-20af-4039-b6f7-b6785e685516 has been successfully formatted.
2019-09-26 15:13:29,720 [pool-27-thread-1] INFO  ratis.ContainerStateMachine (ContainerStateMachine.java:loadSnapshot(230)) - group-B6785E685516: The snapshot info is null. Setting the last applied indexto:(t:0, i:~)
2019-09-26 15:13:29,720 [pool-27-thread-1] INFO  server.RaftServerConfigKeys (ConfUtils.java:logGet(43)) - raft.server.notification.no-leader.timeout = 120s (custom)
2019-09-26 15:13:29,720 [pool-27-thread-1] INFO  server.RaftServerConfigKeys (ConfUtils.java:logGet(43)) - raft.server.log.use.memory = false (default)
2019-09-26 15:13:29,720 [pool-27-thread-1] INFO  server.RaftServerConfigKeys (ConfUtils.java:logGet(43)) - raft.server.log.purge.gap = 1000000 (custom)
2019-09-26 15:13:29,720 [pool-27-thread-1] INFO  server.RaftServerConfigKeys (ConfUtils.java:logGet(43)) - raft.server.log.appender.buffer.byte-limit = 33554432 (custom)
2019-09-26 15:13:29,720 [pool-27-thread-1] INFO  server.RaftServerConfigKeys (ConfUtils.java:logGet(43)) - raft.server.log.segment.size.max = 1048576 (custom)
2019-09-26 15:13:29,721 [pool-27-thread-1] INFO  server.RaftServerConfigKeys (ConfUtils.java:logGet(43)) - raft.server.log.segment.cache.num.max = 2 (custom)
2019-09-26 15:13:29,721 [pool-27-thread-1] INFO  segmented.SegmentedRaftLogWorker (SegmentedRaftLogWorker.java:<init>(172)) - new b3e939fd-eb36-468b-9efe-5d0a1fdaa172@group-B6785E685516-SegmentedRaftLogWorker for RaftStorage:Storage Directory /workdir/hadoop-ozone/integration-test/target/test-dir/MiniOzoneClusterImpl-7e2f4b2f-6763-4a45-9ec4-264c2cef7c61/datanode-0/data/ratis/7faaa86d-20af-4039-b6f7-b6785e685516
2019-09-26 15:13:29,721 [pool-27-thread-1] INFO  server.RaftServerConfigKeys (ConfUtils.java:logGet(43)) - raft.server.log.queue.byte-limit = 2147483647 (custom)
2019-09-26 15:13:29,721 [pool-27-thread-1] INFO  server.RaftServerConfigKeys (ConfUtils.java:logGet(43)) - raft.server.log.queue.element-limit = 1024 (custom)
2019-09-26 15:13:29,721 [pool-27-thread-1] INFO  server.RaftServerConfigKeys (ConfUtils.java:logGet(43)) - raft.server.log.segment.size.max = 1048576 (custom)
2019-09-26 15:13:29,721 [pool-27-thread-1] INFO  server.RaftServerConfigKeys (ConfUtils.java:logGet(43)) - raft.server.log.preallocated.size = 16384 (custom)
2019-09-26 15:13:29,721 [pool-27-thread-1] INFO  server.RaftServerConfigKeys (ConfUtils.java:logGet(43)) - raft.server.log.write.buffer.size = 33554432 (custom)
2019-09-26 15:13:29,721 [pool-27-thread-1] INFO  server.RaftServerConfigKeys (ConfUtils.java:logGet(43)) - raft.server.log.force.sync.num = 128 (default)
2019-09-26 15:13:29,722 [pool-27-thread-1] INFO  server.RaftServerConfigKeys (ConfUtils.java:logGet(43)) - raft.server.log.statemachine.data.sync = true (default)
2019-09-26 15:13:29,722 [pool-27-thread-1] INFO  server.RaftServerConfigKeys (ConfUtils.java:logGet(43)) - raft.server.log.statemachine.data.sync.timeout = 10s (default)
2019-09-26 15:13:29,722 [pool-27-thread-1] INFO  server.RaftServerConfigKeys (ConfUtils.java:logGet(43)) - raft.server.log.statemachine.data.sync.timeout.retry = -1 (default)
2019-09-26 15:13:29,722 [pool-27-thread-1] INFO  server.RaftServerConfigKeys (ConfUtils.java:logGet(43)) - raft.server.log.statemachine.data.caching.enabled = true (custom)
2019-09-26 15:13:29,722 [pool-27-thread-1] INFO  segmented.SegmentedRaftLogWorker (SegmentedRaftLogWorker.java:lambda$new$0(132)) - b3e939fd-eb36-468b-9efe-5d0a1fdaa172@group-B6785E685516-SegmentedRaftLogWorker: flushIndex: setUnconditionally 0 -> -1
2019-09-26 15:13:29,723 [pool-27-thread-1] INFO  server.RaftServerConfigKeys (ConfUtils.java:logGet(43)) - raft.server.snapshot.auto.trigger.enabled = true (custom)
2019-09-26 15:13:29,723 [pool-27-thread-1] INFO  server.RaftServerConfigKeys (ConfUtils.java:logGet(43)) - raft.server.snapshot.auto.trigger.threshold = 10000 (custom)
2019-09-26 15:13:29,723 [pool-27-thread-1] INFO  server.RaftServerConfigKeys (ConfUtils.java:logGet(43)) - raft.server.snapshot.retention.num.files = 5 (custom)
2019-09-26 15:13:29,723 [pool-27-thread-1] INFO  server.RaftServerConfigKeys (ConfUtils.java:logGet(43)) - raft.server.retrycache.expirytime = 600000ms (custom)
2019-09-26 15:13:29,724 [pool-27-thread-1] INFO  impl.RaftServerImpl (RaftServerImpl.java:start(185)) - b3e939fd-eb36-468b-9efe-5d0a1fdaa172@group-B6785E685516: start as a follower, conf=-1: [b3e939fd-eb36-468b-9efe-5d0a1fdaa172:192.168.151.99:45433], old=null
2019-09-26 15:13:29,724 [pool-27-thread-1] INFO  impl.RaftServerImpl (RaftServerImpl.java:setRole(174)) - b3e939fd-eb36-468b-9efe-5d0a1fdaa172@group-B6785E685516: changes role from      null to FOLLOWER at term 0 for startAsFollower
2019-09-26 15:13:29,724 [pool-27-thread-1] INFO  impl.RoleInfo (RoleInfo.java:updateAndGet(143)) - b3e939fd-eb36-468b-9efe-5d0a1fdaa172: start FollowerState
2019-09-26 15:13:29,725 [pool-27-thread-1] INFO  util.JmxRegister (JmxRegister.java:tryRegister(44)) - Successfully registered JMX Bean with object name Ratis:service=RaftServer,group=group-B6785E685516,id=b3e939fd-eb36-468b-9efe-5d0a1fdaa172
2019-09-26 15:13:29,727 [RatisPipelineUtilsThread] INFO  pipeline.PipelineStateManager (PipelineStateManager.java:addPipeline(56)) - Created pipeline Pipeline[ Id: 7faaa86d-20af-4039-b6f7-b6785e685516, Nodes: b3e939fd-eb36-468b-9efe-5d0a1fdaa172{ip: 192.168.151.99, host: pr-hdds-1569-g6sp5-2013761785, networkLocation: /default-rack, certSerialId: null}, Type:RATIS, Factor:ONE, State:OPEN]
2019-09-26 15:13:29,730 [grpc-default-executor-0] INFO  impl.RaftServerProxy (RaftServerProxy.java:addNew(89)) - b3e939fd-eb36-468b-9efe-5d0a1fdaa172: addNew group-5C693F90868A:[b3e939fd-eb36-468b-9efe-5d0a1fdaa172:192.168.151.99:45433] returns group-5C693F90868A:java.util.concurrent.CompletableFuture@1a10c68f[Not completed]
2019-09-26 15:13:29,730 [pool-27-thread-1] INFO  impl.RaftServerImpl (RaftServerImpl.java:<init>(95)) - b3e939fd-eb36-468b-9efe-5d0a1fdaa172: new RaftServerImpl for group-5C693F90868A:[b3e939fd-eb36-468b-9efe-5d0a1fdaa172:192.168.151.99:45433] with ContainerStateMachine:uninitialized
2019-09-26 15:13:29,730 [pool-27-thread-1] INFO  server.RaftServerConfigKeys (ConfUtils.java:logGet(43)) - raft.server.rpc.timeout.min = 5s (custom)
2019-09-26 15:13:29,731 [pool-27-thread-1] INFO  server.RaftServerConfigKeys (ConfUtils.java:logGet(43)) - raft.server.rpc.timeout.max = 5200ms (custom)
2019-09-26 15:13:29,731 [pool-27-thread-1] INFO  server.RaftServerConfigKeys (ConfUtils.java:logGet(43)) - raft.server.rpcslowness.timeout = 120s (custom)
2019-09-26 15:13:29,731 [pool-27-thread-1] INFO  server.RaftServerConfigKeys (ConfUtils.java:logGet(43)) - raft.server.sleep.deviation.threshold = 300 (default)
2019-09-26 15:13:29,731 [pool-27-thread-1] INFO  server.RaftServerConfigKeys (ConfUtils.java:logGet(43)) - raft.server.log.appender.install.snapshot.enabled = false (custom)
2019-09-26 15:13:29,731 [pool-27-thread-1] INFO  impl.RaftServerImpl (ServerState.java:<init>(103)) - b3e939fd-eb36-468b-9efe-5d0a1fdaa172@group-5C693F90868A: ConfigurationManager, init=-1: [b3e939fd-eb36-468b-9efe-5d0a1fdaa172:192.168.151.99:45433], old=null, confs=<EMPTY_MAP>
2019-09-26 15:13:29,731 [pool-27-thread-1] INFO  server.RaftServerConfigKeys (ConfUtils.java:logGet(43)) - raft.server.storage.dir = [/workdir/hadoop-ozone/integration-test/target/test-dir/MiniOzoneClusterImpl-7e2f4b2f-6763-4a45-9ec4-264c2cef7c61/datanode-0/data/ratis] (custom)
2019-09-26 15:13:29,732 [pool-27-thread-1] INFO  storage.RaftStorageDirectory (RaftStorageDirectory.java:analyzeStorage(246)) - The storage directory /workdir/hadoop-ozone/integration-test/target/test-dir/MiniOzoneClusterImpl-7e2f4b2f-6763-4a45-9ec4-264c2cef7c61/datanode-0/data/ratis/f277998c-876b-4019-a254-5c693f90868a does not exist. Creating ...
2019-09-26 15:13:29,755 [pool-27-thread-1] INFO  storage.RaftStorageDirectory (RaftStorageDirectory.java:tryLock(328)) - Lock on /workdir/hadoop-ozone/integration-test/target/test-dir/MiniOzoneClusterImpl-7e2f4b2f-6763-4a45-9ec4-264c2cef7c61/datanode-0/data/ratis/f277998c-876b-4019-a254-5c693f90868a/in_use.lock acquired by nodename 11803@pr-hdds-1569-g6sp5-2013761785
2019-09-26 15:13:29,768 [pool-27-thread-1] INFO  storage.RaftStorage (RaftStorage.java:format(72)) - Storage directory /workdir/hadoop-ozone/integration-test/target/test-dir/MiniOzoneClusterImpl-7e2f4b2f-6763-4a45-9ec4-264c2cef7c61/datanode-0/data/ratis/f277998c-876b-4019-a254-5c693f90868a has been successfully formatted.
2019-09-26 15:13:29,768 [pool-27-thread-1] INFO  ratis.ContainerStateMachine (ContainerStateMachine.java:loadSnapshot(230)) - group-5C693F90868A: The snapshot info is null. Setting the last applied indexto:(t:0, i:~)
2019-09-26 15:13:29,768 [pool-27-thread-1] INFO  server.RaftServerConfigKeys (ConfUtils.java:logGet(43)) - raft.server.notification.no-leader.timeout = 120s (custom)
2019-09-26 15:13:29,768 [pool-27-thread-1] INFO  server.RaftServerConfigKeys (ConfUtils.java:logGet(43)) - raft.server.log.use.memory = false (default)
2019-09-26 15:13:29,768 [pool-27-thread-1] INFO  server.RaftServerConfigKeys (ConfUtils.java:logGet(43)) - raft.server.log.purge.gap = 1000000 (custom)
2019-09-26 15:13:29,768 [pool-27-thread-1] INFO  server.RaftServerConfigKeys (ConfUtils.java:logGet(43)) - raft.server.log.appender.buffer.byte-limit = 33554432 (custom)
2019-09-26 15:13:29,769 [pool-27-thread-1] INFO  server.RaftServerConfigKeys (ConfUtils.java:logGet(43)) - raft.server.log.segment.size.max = 1048576 (custom)
2019-09-26 15:13:29,769 [pool-27-thread-1] INFO  server.RaftServerConfigKeys (ConfUtils.java:logGet(43)) - raft.server.log.segment.cache.num.max = 2 (custom)
2019-09-26 15:13:29,769 [pool-27-thread-1] INFO  segmented.SegmentedRaftLogWorker (SegmentedRaftLogWorker.java:<init>(172)) - new b3e939fd-eb36-468b-9efe-5d0a1fdaa172@group-5C693F90868A-SegmentedRaftLogWorker for RaftStorage:Storage Directory /workdir/hadoop-ozone/integration-test/target/test-dir/MiniOzoneClusterImpl-7e2f4b2f-6763-4a45-9ec4-264c2cef7c61/datanode-0/data/ratis/f277998c-876b-4019-a254-5c693f90868a
2019-09-26 15:13:29,769 [pool-27-thread-1] INFO  server.RaftServerConfigKeys (ConfUtils.java:logGet(43)) - raft.server.log.queue.byte-limit = 2147483647 (custom)
2019-09-26 15:13:29,769 [pool-27-thread-1] INFO  server.RaftServerConfigKeys (ConfUtils.java:logGet(43)) - raft.server.log.queue.element-limit = 1024 (custom)
2019-09-26 15:13:29,769 [pool-27-thread-1] INFO  server.RaftServerConfigKeys (ConfUtils.java:logGet(43)) - raft.server.log.segment.size.max = 1048576 (custom)
2019-09-26 15:13:29,769 [pool-27-thread-1] INFO  server.RaftServerConfigKeys (ConfUtils.java:logGet(43)) - raft.server.log.preallocated.size = 16384 (custom)
2019-09-26 15:13:29,769 [pool-27-thread-1] INFO  server.RaftServerConfigKeys (ConfUtils.java:logGet(43)) - raft.server.log.write.buffer.size = 33554432 (custom)
2019-09-26 15:13:29,769 [pool-27-thread-1] INFO  server.RaftServerConfigKeys (ConfUtils.java:logGet(43)) - raft.server.log.force.sync.num = 128 (default)
2019-09-26 15:13:29,770 [pool-27-thread-1] INFO  server.RaftServerConfigKeys (ConfUtils.java:logGet(43)) - raft.server.log.statemachine.data.sync = true (default)
2019-09-26 15:13:29,770 [pool-27-thread-1] INFO  server.RaftServerConfigKeys (ConfUtils.java:logGet(43)) - raft.server.log.statemachine.data.sync.timeout = 10s (default)
2019-09-26 15:13:29,770 [pool-27-thread-1] INFO  server.RaftServerConfigKeys (ConfUtils.java:logGet(43)) - raft.server.log.statemachine.data.sync.timeout.retry = -1 (default)
2019-09-26 15:13:29,770 [pool-27-thread-1] INFO  server.RaftServerConfigKeys (ConfUtils.java:logGet(43)) - raft.server.log.statemachine.data.caching.enabled = true (custom)
2019-09-26 15:13:29,770 [pool-27-thread-1] INFO  segmented.SegmentedRaftLogWorker (SegmentedRaftLogWorker.java:lambda$new$0(132)) - b3e939fd-eb36-468b-9efe-5d0a1fdaa172@group-5C693F90868A-SegmentedRaftLogWorker: flushIndex: setUnconditionally 0 -> -1
2019-09-26 15:13:29,770 [pool-27-thread-1] INFO  server.RaftServerConfigKeys (ConfUtils.java:logGet(43)) - raft.server.snapshot.auto.trigger.enabled = true (custom)
2019-09-26 15:13:29,771 [pool-27-thread-1] INFO  server.RaftServerConfigKeys (ConfUtils.java:logGet(43)) - raft.server.snapshot.auto.trigger.threshold = 10000 (custom)
2019-09-26 15:13:29,771 [pool-27-thread-1] INFO  server.RaftServerConfigKeys (ConfUtils.java:logGet(43)) - raft.server.snapshot.retention.num.files = 5 (custom)
2019-09-26 15:13:29,771 [pool-27-thread-1] INFO  server.RaftServerConfigKeys (ConfUtils.java:logGet(43)) - raft.server.retrycache.expirytime = 600000ms (custom)
2019-09-26 15:13:29,772 [pool-27-thread-1] INFO  impl.RaftServerImpl (RaftServerImpl.java:start(185)) - b3e939fd-eb36-468b-9efe-5d0a1fdaa172@group-5C693F90868A: start as a follower, conf=-1: [b3e939fd-eb36-468b-9efe-5d0a1fdaa172:192.168.151.99:45433], old=null
2019-09-26 15:13:29,772 [pool-27-thread-1] INFO  impl.RaftServerImpl (RaftServerImpl.java:setRole(174)) - b3e939fd-eb36-468b-9efe-5d0a1fdaa172@group-5C693F90868A: changes role from      null to FOLLOWER at term 0 for startAsFollower
2019-09-26 15:13:29,772 [pool-27-thread-1] INFO  impl.RoleInfo (RoleInfo.java:updateAndGet(143)) - b3e939fd-eb36-468b-9efe-5d0a1fdaa172: start FollowerState
2019-09-26 15:13:29,773 [pool-27-thread-1] INFO  util.JmxRegister (JmxRegister.java:tryRegister(44)) - Successfully registered JMX Bean with object name Ratis:service=RaftServer,group=group-5C693F90868A,id=b3e939fd-eb36-468b-9efe-5d0a1fdaa172
2019-09-26 15:13:29,774 [RatisPipelineUtilsThread] INFO  pipeline.PipelineStateManager (PipelineStateManager.java:addPipeline(56)) - Created pipeline Pipeline[ Id: f277998c-876b-4019-a254-5c693f90868a, Nodes: b3e939fd-eb36-468b-9efe-5d0a1fdaa172{ip: 192.168.151.99, host: pr-hdds-1569-g6sp5-2013761785, networkLocation: /default-rack, certSerialId: null}, Type:RATIS, Factor:ONE, State:OPEN]
2019-09-26 15:13:29,777 [grpc-default-executor-0] INFO  impl.RaftServerProxy (RaftServerProxy.java:addNew(89)) - b3e939fd-eb36-468b-9efe-5d0a1fdaa172: addNew group-23B1075E3B4B:[b3e939fd-eb36-468b-9efe-5d0a1fdaa172:192.168.151.99:45433] returns group-23B1075E3B4B:java.util.concurrent.CompletableFuture@7271515a[Not completed]
2019-09-26 15:13:29,778 [pool-27-thread-1] INFO  impl.RaftServerImpl (RaftServerImpl.java:<init>(95)) - b3e939fd-eb36-468b-9efe-5d0a1fdaa172: new RaftServerImpl for group-23B1075E3B4B:[b3e939fd-eb36-468b-9efe-5d0a1fdaa172:192.168.151.99:45433] with ContainerStateMachine:uninitialized
2019-09-26 15:13:29,778 [pool-27-thread-1] INFO  server.RaftServerConfigKeys (ConfUtils.java:logGet(43)) - raft.server.rpc.timeout.min = 5s (custom)
2019-09-26 15:13:29,778 [pool-27-thread-1] INFO  server.RaftServerConfigKeys (ConfUtils.java:logGet(43)) - raft.server.rpc.timeout.max = 5200ms (custom)
2019-09-26 15:13:29,778 [pool-27-thread-1] INFO  server.RaftServerConfigKeys (ConfUtils.java:logGet(43)) - raft.server.rpcslowness.timeout = 120s (custom)
2019-09-26 15:13:29,778 [pool-27-thread-1] INFO  server.RaftServerConfigKeys (ConfUtils.java:logGet(43)) - raft.server.sleep.deviation.threshold = 300 (default)
2019-09-26 15:13:29,778 [pool-27-thread-1] INFO  server.RaftServerConfigKeys (ConfUtils.java:logGet(43)) - raft.server.log.appender.install.snapshot.enabled = false (custom)
2019-09-26 15:13:29,778 [pool-27-thread-1] INFO  impl.RaftServerImpl (ServerState.java:<init>(103)) - b3e939fd-eb36-468b-9efe-5d0a1fdaa172@group-23B1075E3B4B: ConfigurationManager, init=-1: [b3e939fd-eb36-468b-9efe-5d0a1fdaa172:192.168.151.99:45433], old=null, confs=<EMPTY_MAP>
2019-09-26 15:13:29,779 [pool-27-thread-1] INFO  server.RaftServerConfigKeys (ConfUtils.java:logGet(43)) - raft.server.storage.dir = [/workdir/hadoop-ozone/integration-test/target/test-dir/MiniOzoneClusterImpl-7e2f4b2f-6763-4a45-9ec4-264c2cef7c61/datanode-0/data/ratis] (custom)
2019-09-26 15:13:29,780 [pool-27-thread-1] INFO  storage.RaftStorageDirectory (RaftStorageDirectory.java:analyzeStorage(246)) - The storage directory /workdir/hadoop-ozone/integration-test/target/test-dir/MiniOzoneClusterImpl-7e2f4b2f-6763-4a45-9ec4-264c2cef7c61/datanode-0/data/ratis/895876a4-12fd-42aa-b91c-23b1075e3b4b does not exist. Creating ...
2019-09-26 15:13:29,797 [pool-27-thread-1] INFO  storage.RaftStorageDirectory (RaftStorageDirectory.java:tryLock(328)) - Lock on /workdir/hadoop-ozone/integration-test/target/test-dir/MiniOzoneClusterImpl-7e2f4b2f-6763-4a45-9ec4-264c2cef7c61/datanode-0/data/ratis/895876a4-12fd-42aa-b91c-23b1075e3b4b/in_use.lock acquired by nodename 11803@pr-hdds-1569-g6sp5-2013761785
2019-09-26 15:13:29,809 [pool-27-thread-1] INFO  storage.RaftStorage (RaftStorage.java:format(72)) - Storage directory /workdir/hadoop-ozone/integration-test/target/test-dir/MiniOzoneClusterImpl-7e2f4b2f-6763-4a45-9ec4-264c2cef7c61/datanode-0/data/ratis/895876a4-12fd-42aa-b91c-23b1075e3b4b has been successfully formatted.
2019-09-26 15:13:29,809 [pool-27-thread-1] INFO  ratis.ContainerStateMachine (ContainerStateMachine.java:loadSnapshot(230)) - group-23B1075E3B4B: The snapshot info is null. Setting the last applied indexto:(t:0, i:~)
2019-09-26 15:13:29,809 [pool-27-thread-1] INFO  server.RaftServerConfigKeys (ConfUtils.java:logGet(43)) - raft.server.notification.no-leader.timeout = 120s (custom)
2019-09-26 15:13:29,809 [pool-27-thread-1] INFO  server.RaftServerConfigKeys (ConfUtils.java:logGet(43)) - raft.server.log.use.memory = false (default)
2019-09-26 15:13:29,809 [pool-27-thread-1] INFO  server.RaftServerConfigKeys (ConfUtils.java:logGet(43)) - raft.server.log.purge.gap = 1000000 (custom)
2019-09-26 15:13:29,810 [pool-27-thread-1] INFO  server.RaftServerConfigKeys (ConfUtils.java:logGet(43)) - raft.server.log.appender.buffer.byte-limit = 33554432 (custom)
2019-09-26 15:13:29,810 [pool-27-thread-1] INFO  server.RaftServerConfigKeys (ConfUtils.java:logGet(43)) - raft.server.log.segment.size.max = 1048576 (custom)
2019-09-26 15:13:29,810 [pool-27-thread-1] INFO  server.RaftServerConfigKeys (ConfUtils.java:logGet(43)) - raft.server.log.segment.cache.num.max = 2 (custom)
2019-09-26 15:13:29,810 [pool-27-thread-1] INFO  segmented.SegmentedRaftLogWorker (SegmentedRaftLogWorker.java:<init>(172)) - new b3e939fd-eb36-468b-9efe-5d0a1fdaa172@group-23B1075E3B4B-SegmentedRaftLogWorker for RaftStorage:Storage Directory /workdir/hadoop-ozone/integration-test/target/test-dir/MiniOzoneClusterImpl-7e2f4b2f-6763-4a45-9ec4-264c2cef7c61/datanode-0/data/ratis/895876a4-12fd-42aa-b91c-23b1075e3b4b
2019-09-26 15:13:29,810 [pool-27-thread-1] INFO  server.RaftServerConfigKeys (ConfUtils.java:logGet(43)) - raft.server.log.queue.byte-limit = 2147483647 (custom)
2019-09-26 15:13:29,810 [pool-27-thread-1] INFO  server.RaftServerConfigKeys (ConfUtils.java:logGet(43)) - raft.server.log.queue.element-limit = 1024 (custom)
2019-09-26 15:13:29,810 [pool-27-thread-1] INFO  server.RaftServerConfigKeys (ConfUtils.java:logGet(43)) - raft.server.log.segment.size.max = 1048576 (custom)
2019-09-26 15:13:29,810 [pool-27-thread-1] INFO  server.RaftServerConfigKeys (ConfUtils.java:logGet(43)) - raft.server.log.preallocated.size = 16384 (custom)
2019-09-26 15:13:29,810 [pool-27-thread-1] INFO  server.RaftServerConfigKeys (ConfUtils.java:logGet(43)) - raft.server.log.write.buffer.size = 33554432 (custom)
2019-09-26 15:13:29,810 [pool-27-thread-1] INFO  server.RaftServerConfigKeys (ConfUtils.java:logGet(43)) - raft.server.log.force.sync.num = 128 (default)
2019-09-26 15:13:29,811 [pool-27-thread-1] INFO  server.RaftServerConfigKeys (ConfUtils.java:logGet(43)) - raft.server.log.statemachine.data.sync = true (default)
2019-09-26 15:13:29,811 [pool-27-thread-1] INFO  server.RaftServerConfigKeys (ConfUtils.java:logGet(43)) - raft.server.log.statemachine.data.sync.timeout = 10s (default)
2019-09-26 15:13:29,811 [pool-27-thread-1] INFO  server.RaftServerConfigKeys (ConfUtils.java:logGet(43)) - raft.server.log.statemachine.data.sync.timeout.retry = -1 (default)
2019-09-26 15:13:29,811 [pool-27-thread-1] INFO  server.RaftServerConfigKeys (ConfUtils.java:logGet(43)) - raft.server.log.statemachine.data.caching.enabled = true (custom)
2019-09-26 15:13:29,811 [pool-27-thread-1] INFO  segmented.SegmentedRaftLogWorker (SegmentedRaftLogWorker.java:lambda$new$0(132)) - b3e939fd-eb36-468b-9efe-5d0a1fdaa172@group-23B1075E3B4B-SegmentedRaftLogWorker: flushIndex: setUnconditionally 0 -> -1
2019-09-26 15:13:29,811 [pool-27-thread-1] INFO  server.RaftServerConfigKeys (ConfUtils.java:logGet(43)) - raft.server.snapshot.auto.trigger.enabled = true (custom)
2019-09-26 15:13:29,812 [pool-27-thread-1] INFO  server.RaftServerConfigKeys (ConfUtils.java:logGet(43)) - raft.server.snapshot.auto.trigger.threshold = 10000 (custom)
2019-09-26 15:13:29,812 [pool-27-thread-1] INFO  server.RaftServerConfigKeys (ConfUtils.java:logGet(43)) - raft.server.snapshot.retention.num.files = 5 (custom)
2019-09-26 15:13:29,812 [pool-27-thread-1] INFO  server.RaftServerConfigKeys (ConfUtils.java:logGet(43)) - raft.server.retrycache.expirytime = 600000ms (custom)
2019-09-26 15:13:29,814 [pool-27-thread-1] INFO  impl.RaftServerImpl (RaftServerImpl.java:start(185)) - b3e939fd-eb36-468b-9efe-5d0a1fdaa172@group-23B1075E3B4B: start as a follower, conf=-1: [b3e939fd-eb36-468b-9efe-5d0a1fdaa172:192.168.151.99:45433], old=null
2019-09-26 15:13:29,814 [pool-27-thread-1] INFO  impl.RaftServerImpl (RaftServerImpl.java:setRole(174)) - b3e939fd-eb36-468b-9efe-5d0a1fdaa172@group-23B1075E3B4B: changes role from      null to FOLLOWER at term 0 for startAsFollower
2019-09-26 15:13:29,814 [pool-27-thread-1] INFO  impl.RoleInfo (RoleInfo.java:updateAndGet(143)) - b3e939fd-eb36-468b-9efe-5d0a1fdaa172: start FollowerState
2019-09-26 15:13:29,814 [pool-27-thread-1] INFO  util.JmxRegister (JmxRegister.java:tryRegister(44)) - Successfully registered JMX Bean with object name Ratis:service=RaftServer,group=group-23B1075E3B4B,id=b3e939fd-eb36-468b-9efe-5d0a1fdaa172
2019-09-26 15:13:29,819 [RatisPipelineUtilsThread] INFO  pipeline.PipelineStateManager (PipelineStateManager.java:addPipeline(56)) - Created pipeline Pipeline[ Id: 895876a4-12fd-42aa-b91c-23b1075e3b4b, Nodes: b3e939fd-eb36-468b-9efe-5d0a1fdaa172{ip: 192.168.151.99, host: pr-hdds-1569-g6sp5-2013761785, networkLocation: /default-rack, certSerialId: null}, Type:RATIS, Factor:ONE, State:OPEN]
2019-09-26 15:13:29,822 [grpc-default-executor-0] INFO  impl.RaftServerProxy (RaftServerProxy.java:addNew(89)) - b3e939fd-eb36-468b-9efe-5d0a1fdaa172: addNew group-FC1921472DFA:[b3e939fd-eb36-468b-9efe-5d0a1fdaa172:192.168.151.99:45433] returns group-FC1921472DFA:java.util.concurrent.CompletableFuture@7c814c4f[Not completed]
2019-09-26 15:13:29,823 [pool-27-thread-1] INFO  impl.RaftServerImpl (RaftServerImpl.java:<init>(95)) - b3e939fd-eb36-468b-9efe-5d0a1fdaa172: new RaftServerImpl for group-FC1921472DFA:[b3e939fd-eb36-468b-9efe-5d0a1fdaa172:192.168.151.99:45433] with ContainerStateMachine:uninitialized
2019-09-26 15:13:29,823 [pool-27-thread-1] INFO  server.RaftServerConfigKeys (ConfUtils.java:logGet(43)) - raft.server.rpc.timeout.min = 5s (custom)
2019-09-26 15:13:29,823 [pool-27-thread-1] INFO  server.RaftServerConfigKeys (ConfUtils.java:logGet(43)) - raft.server.rpc.timeout.max = 5200ms (custom)
2019-09-26 15:13:29,823 [pool-27-thread-1] INFO  server.RaftServerConfigKeys (ConfUtils.java:logGet(43)) - raft.server.rpcslowness.timeout = 120s (custom)
2019-09-26 15:13:29,823 [pool-27-thread-1] INFO  server.RaftServerConfigKeys (ConfUtils.java:logGet(43)) - raft.server.sleep.deviation.threshold = 300 (default)
2019-09-26 15:13:29,823 [pool-27-thread-1] INFO  server.RaftServerConfigKeys (ConfUtils.java:logGet(43)) - raft.server.log.appender.install.snapshot.enabled = false (custom)
2019-09-26 15:13:29,823 [pool-27-thread-1] INFO  impl.RaftServerImpl (ServerState.java:<init>(103)) - b3e939fd-eb36-468b-9efe-5d0a1fdaa172@group-FC1921472DFA: ConfigurationManager, init=-1: [b3e939fd-eb36-468b-9efe-5d0a1fdaa172:192.168.151.99:45433], old=null, confs=<EMPTY_MAP>
2019-09-26 15:13:29,823 [pool-27-thread-1] INFO  server.RaftServerConfigKeys (ConfUtils.java:logGet(43)) - raft.server.storage.dir = [/workdir/hadoop-ozone/integration-test/target/test-dir/MiniOzoneClusterImpl-7e2f4b2f-6763-4a45-9ec4-264c2cef7c61/datanode-0/data/ratis] (custom)
2019-09-26 15:13:29,824 [pool-27-thread-1] INFO  storage.RaftStorageDirectory (RaftStorageDirectory.java:analyzeStorage(246)) - The storage directory /workdir/hadoop-ozone/integration-test/target/test-dir/MiniOzoneClusterImpl-7e2f4b2f-6763-4a45-9ec4-264c2cef7c61/datanode-0/data/ratis/bc9301d0-8bd5-4f65-8993-fc1921472dfa does not exist. Creating ...
2019-09-26 15:13:29,839 [pool-27-thread-1] INFO  storage.RaftStorageDirectory (RaftStorageDirectory.java:tryLock(328)) - Lock on /workdir/hadoop-ozone/integration-test/target/test-dir/MiniOzoneClusterImpl-7e2f4b2f-6763-4a45-9ec4-264c2cef7c61/datanode-0/data/ratis/bc9301d0-8bd5-4f65-8993-fc1921472dfa/in_use.lock acquired by nodename 11803@pr-hdds-1569-g6sp5-2013761785
2019-09-26 15:13:29,853 [pool-27-thread-1] INFO  storage.RaftStorage (RaftStorage.java:format(72)) - Storage directory /workdir/hadoop-ozone/integration-test/target/test-dir/MiniOzoneClusterImpl-7e2f4b2f-6763-4a45-9ec4-264c2cef7c61/datanode-0/data/ratis/bc9301d0-8bd5-4f65-8993-fc1921472dfa has been successfully formatted.
2019-09-26 15:13:29,854 [pool-27-thread-1] INFO  ratis.ContainerStateMachine (ContainerStateMachine.java:loadSnapshot(230)) - group-FC1921472DFA: The snapshot info is null. Setting the last applied indexto:(t:0, i:~)
2019-09-26 15:13:29,854 [pool-27-thread-1] INFO  server.RaftServerConfigKeys (ConfUtils.java:logGet(43)) - raft.server.notification.no-leader.timeout = 120s (custom)
2019-09-26 15:13:29,854 [pool-27-thread-1] INFO  server.RaftServerConfigKeys (ConfUtils.java:logGet(43)) - raft.server.log.use.memory = false (default)
2019-09-26 15:13:29,854 [pool-27-thread-1] INFO  server.RaftServerConfigKeys (ConfUtils.java:logGet(43)) - raft.server.log.purge.gap = 1000000 (custom)
2019-09-26 15:13:29,854 [pool-27-thread-1] INFO  server.RaftServerConfigKeys (ConfUtils.java:logGet(43)) - raft.server.log.appender.buffer.byte-limit = 33554432 (custom)
2019-09-26 15:13:29,854 [pool-27-thread-1] INFO  server.RaftServerConfigKeys (ConfUtils.java:logGet(43)) - raft.server.log.segment.size.max = 1048576 (custom)
2019-09-26 15:13:29,854 [pool-27-thread-1] INFO  server.RaftServerConfigKeys (ConfUtils.java:logGet(43)) - raft.server.log.segment.cache.num.max = 2 (custom)
2019-09-26 15:13:29,854 [pool-27-thread-1] INFO  segmented.SegmentedRaftLogWorker (SegmentedRaftLogWorker.java:<init>(172)) - new b3e939fd-eb36-468b-9efe-5d0a1fdaa172@group-FC1921472DFA-SegmentedRaftLogWorker for RaftStorage:Storage Directory /workdir/hadoop-ozone/integration-test/target/test-dir/MiniOzoneClusterImpl-7e2f4b2f-6763-4a45-9ec4-264c2cef7c61/datanode-0/data/ratis/bc9301d0-8bd5-4f65-8993-fc1921472dfa
2019-09-26 15:13:29,854 [pool-27-thread-1] INFO  server.RaftServerConfigKeys (ConfUtils.java:logGet(43)) - raft.server.log.queue.byte-limit = 2147483647 (custom)
2019-09-26 15:13:29,854 [pool-27-thread-1] INFO  server.RaftServerConfigKeys (ConfUtils.java:logGet(43)) - raft.server.log.queue.element-limit = 1024 (custom)
2019-09-26 15:13:29,854 [pool-27-thread-1] INFO  server.RaftServerConfigKeys (ConfUtils.java:logGet(43)) - raft.server.log.segment.size.max = 1048576 (custom)
2019-09-26 15:13:29,855 [pool-27-thread-1] INFO  server.RaftServerConfigKeys (ConfUtils.java:logGet(43)) - raft.server.log.preallocated.size = 16384 (custom)
2019-09-26 15:13:29,855 [pool-27-thread-1] INFO  server.RaftServerConfigKeys (ConfUtils.java:logGet(43)) - raft.server.log.write.buffer.size = 33554432 (custom)
2019-09-26 15:13:29,855 [pool-27-thread-1] INFO  server.RaftServerConfigKeys (ConfUtils.java:logGet(43)) - raft.server.log.force.sync.num = 128 (default)
2019-09-26 15:13:29,855 [pool-27-thread-1] INFO  server.RaftServerConfigKeys (ConfUtils.java:logGet(43)) - raft.server.log.statemachine.data.sync = true (default)
2019-09-26 15:13:29,855 [pool-27-thread-1] INFO  server.RaftServerConfigKeys (ConfUtils.java:logGet(43)) - raft.server.log.statemachine.data.sync.timeout = 10s (default)
2019-09-26 15:13:29,855 [pool-27-thread-1] INFO  server.RaftServerConfigKeys (ConfUtils.java:logGet(43)) - raft.server.log.statemachine.data.sync.timeout.retry = -1 (default)
2019-09-26 15:13:29,855 [pool-27-thread-1] INFO  server.RaftServerConfigKeys (ConfUtils.java:logGet(43)) - raft.server.log.statemachine.data.caching.enabled = true (custom)
2019-09-26 15:13:29,855 [pool-27-thread-1] INFO  segmented.SegmentedRaftLogWorker (SegmentedRaftLogWorker.java:lambda$new$0(132)) - b3e939fd-eb36-468b-9efe-5d0a1fdaa172@group-FC1921472DFA-SegmentedRaftLogWorker: flushIndex: setUnconditionally 0 -> -1
2019-09-26 15:13:29,855 [pool-27-thread-1] INFO  server.RaftServerConfigKeys (ConfUtils.java:logGet(43)) - raft.server.snapshot.auto.trigger.enabled = true (custom)
2019-09-26 15:13:29,855 [pool-27-thread-1] INFO  server.RaftServerConfigKeys (ConfUtils.java:logGet(43)) - raft.server.snapshot.auto.trigger.threshold = 10000 (custom)
2019-09-26 15:13:29,856 [pool-27-thread-1] INFO  server.RaftServerConfigKeys (ConfUtils.java:logGet(43)) - raft.server.snapshot.retention.num.files = 5 (custom)
2019-09-26 15:13:29,856 [pool-27-thread-1] INFO  server.RaftServerConfigKeys (ConfUtils.java:logGet(43)) - raft.server.retrycache.expirytime = 600000ms (custom)
2019-09-26 15:13:29,857 [pool-27-thread-1] INFO  impl.RaftServerImpl (RaftServerImpl.java:start(185)) - b3e939fd-eb36-468b-9efe-5d0a1fdaa172@group-FC1921472DFA: start as a follower, conf=-1: [b3e939fd-eb36-468b-9efe-5d0a1fdaa172:192.168.151.99:45433], old=null
2019-09-26 15:13:29,857 [pool-27-thread-1] INFO  impl.RaftServerImpl (RaftServerImpl.java:setRole(174)) - b3e939fd-eb36-468b-9efe-5d0a1fdaa172@group-FC1921472DFA: changes role from      null to FOLLOWER at term 0 for startAsFollower
2019-09-26 15:13:29,857 [pool-27-thread-1] INFO  impl.RoleInfo (RoleInfo.java:updateAndGet(143)) - b3e939fd-eb36-468b-9efe-5d0a1fdaa172: start FollowerState
2019-09-26 15:13:29,857 [pool-27-thread-1] INFO  util.JmxRegister (JmxRegister.java:tryRegister(44)) - Successfully registered JMX Bean with object name Ratis:service=RaftServer,group=group-FC1921472DFA,id=b3e939fd-eb36-468b-9efe-5d0a1fdaa172
2019-09-26 15:13:29,859 [RatisPipelineUtilsThread] INFO  pipeline.PipelineStateManager (PipelineStateManager.java:addPipeline(56)) - Created pipeline Pipeline[ Id: bc9301d0-8bd5-4f65-8993-fc1921472dfa, Nodes: b3e939fd-eb36-468b-9efe-5d0a1fdaa172{ip: 192.168.151.99, host: pr-hdds-1569-g6sp5-2013761785, networkLocation: /default-rack, certSerialId: null}, Type:RATIS, Factor:ONE, State:OPEN]
2019-09-26 15:13:29,863 [grpc-default-executor-0] INFO  impl.RaftServerProxy (RaftServerProxy.java:addNew(89)) - b3e939fd-eb36-468b-9efe-5d0a1fdaa172: addNew group-1A5718D16976:[b3e939fd-eb36-468b-9efe-5d0a1fdaa172:192.168.151.99:45433] returns group-1A5718D16976:java.util.concurrent.CompletableFuture@6da7662d[Not completed]
2019-09-26 15:13:29,863 [pool-27-thread-1] INFO  impl.RaftServerImpl (RaftServerImpl.java:<init>(95)) - b3e939fd-eb36-468b-9efe-5d0a1fdaa172: new RaftServerImpl for group-1A5718D16976:[b3e939fd-eb36-468b-9efe-5d0a1fdaa172:192.168.151.99:45433] with ContainerStateMachine:uninitialized
2019-09-26 15:13:29,863 [pool-27-thread-1] INFO  server.RaftServerConfigKeys (ConfUtils.java:logGet(43)) - raft.server.rpc.timeout.min = 5s (custom)
2019-09-26 15:13:29,863 [pool-27-thread-1] INFO  server.RaftServerConfigKeys (ConfUtils.java:logGet(43)) - raft.server.rpc.timeout.max = 5200ms (custom)
2019-09-26 15:13:29,864 [pool-27-thread-1] INFO  server.RaftServerConfigKeys (ConfUtils.java:logGet(43)) - raft.server.rpcslowness.timeout = 120s (custom)
2019-09-26 15:13:29,864 [pool-27-thread-1] INFO  server.RaftServerConfigKeys (ConfUtils.java:logGet(43)) - raft.server.sleep.deviation.threshold = 300 (default)
2019-09-26 15:13:29,864 [pool-27-thread-1] INFO  server.RaftServerConfigKeys (ConfUtils.java:logGet(43)) - raft.server.log.appender.install.snapshot.enabled = false (custom)
2019-09-26 15:13:29,864 [pool-27-thread-1] INFO  impl.RaftServerImpl (ServerState.java:<init>(103)) - b3e939fd-eb36-468b-9efe-5d0a1fdaa172@group-1A5718D16976: ConfigurationManager, init=-1: [b3e939fd-eb36-468b-9efe-5d0a1fdaa172:192.168.151.99:45433], old=null, confs=<EMPTY_MAP>
2019-09-26 15:13:29,864 [pool-27-thread-1] INFO  server.RaftServerConfigKeys (ConfUtils.java:logGet(43)) - raft.server.storage.dir = [/workdir/hadoop-ozone/integration-test/target/test-dir/MiniOzoneClusterImpl-7e2f4b2f-6763-4a45-9ec4-264c2cef7c61/datanode-0/data/ratis] (custom)
2019-09-26 15:13:29,865 [pool-27-thread-1] INFO  storage.RaftStorageDirectory (RaftStorageDirectory.java:analyzeStorage(246)) - The storage directory /workdir/hadoop-ozone/integration-test/target/test-dir/MiniOzoneClusterImpl-7e2f4b2f-6763-4a45-9ec4-264c2cef7c61/datanode-0/data/ratis/ce16ddfd-45f3-4f82-8f5c-1a5718d16976 does not exist. Creating ...
2019-09-26 15:13:29,878 [pool-27-thread-1] INFO  storage.RaftStorageDirectory (RaftStorageDirectory.java:tryLock(328)) - Lock on /workdir/hadoop-ozone/integration-test/target/test-dir/MiniOzoneClusterImpl-7e2f4b2f-6763-4a45-9ec4-264c2cef7c61/datanode-0/data/ratis/ce16ddfd-45f3-4f82-8f5c-1a5718d16976/in_use.lock acquired by nodename 11803@pr-hdds-1569-g6sp5-2013761785
2019-09-26 15:13:29,891 [pool-27-thread-1] INFO  storage.RaftStorage (RaftStorage.java:format(72)) - Storage directory /workdir/hadoop-ozone/integration-test/target/test-dir/MiniOzoneClusterImpl-7e2f4b2f-6763-4a45-9ec4-264c2cef7c61/datanode-0/data/ratis/ce16ddfd-45f3-4f82-8f5c-1a5718d16976 has been successfully formatted.
2019-09-26 15:13:29,892 [pool-27-thread-1] INFO  ratis.ContainerStateMachine (ContainerStateMachine.java:loadSnapshot(230)) - group-1A5718D16976: The snapshot info is null. Setting the last applied indexto:(t:0, i:~)
2019-09-26 15:13:29,893 [pool-27-thread-1] INFO  server.RaftServerConfigKeys (ConfUtils.java:logGet(43)) - raft.server.notification.no-leader.timeout = 120s (custom)
2019-09-26 15:13:29,893 [pool-27-thread-1] INFO  server.RaftServerConfigKeys (ConfUtils.java:logGet(43)) - raft.server.log.use.memory = false (default)
2019-09-26 15:13:29,893 [pool-27-thread-1] INFO  server.RaftServerConfigKeys (ConfUtils.java:logGet(43)) - raft.server.log.purge.gap = 1000000 (custom)
2019-09-26 15:13:29,893 [pool-27-thread-1] INFO  server.RaftServerConfigKeys (ConfUtils.java:logGet(43)) - raft.server.log.appender.buffer.byte-limit = 33554432 (custom)
2019-09-26 15:13:29,893 [pool-27-thread-1] INFO  server.RaftServerConfigKeys (ConfUtils.java:logGet(43)) - raft.server.log.segment.size.max = 1048576 (custom)
2019-09-26 15:13:29,893 [pool-27-thread-1] INFO  server.RaftServerConfigKeys (ConfUtils.java:logGet(43)) - raft.server.log.segment.cache.num.max = 2 (custom)
2019-09-26 15:13:29,893 [pool-27-thread-1] INFO  segmented.SegmentedRaftLogWorker (SegmentedRaftLogWorker.java:<init>(172)) - new b3e939fd-eb36-468b-9efe-5d0a1fdaa172@group-1A5718D16976-SegmentedRaftLogWorker for RaftStorage:Storage Directory /workdir/hadoop-ozone/integration-test/target/test-dir/MiniOzoneClusterImpl-7e2f4b2f-6763-4a45-9ec4-264c2cef7c61/datanode-0/data/ratis/ce16ddfd-45f3-4f82-8f5c-1a5718d16976
2019-09-26 15:13:29,893 [pool-27-thread-1] INFO  server.RaftServerConfigKeys (ConfUtils.java:logGet(43)) - raft.server.log.queue.byte-limit = 2147483647 (custom)
2019-09-26 15:13:29,894 [pool-27-thread-1] INFO  server.RaftServerConfigKeys (ConfUtils.java:logGet(43)) - raft.server.log.queue.element-limit = 1024 (custom)
2019-09-26 15:13:29,894 [pool-27-thread-1] INFO  server.RaftServerConfigKeys (ConfUtils.java:logGet(43)) - raft.server.log.segment.size.max = 1048576 (custom)
2019-09-26 15:13:29,894 [pool-27-thread-1] INFO  server.RaftServerConfigKeys (ConfUtils.java:logGet(43)) - raft.server.log.preallocated.size = 16384 (custom)
2019-09-26 15:13:29,894 [pool-27-thread-1] INFO  server.RaftServerConfigKeys (ConfUtils.java:logGet(43)) - raft.server.log.write.buffer.size = 33554432 (custom)
2019-09-26 15:13:29,894 [pool-27-thread-1] INFO  server.RaftServerConfigKeys (ConfUtils.java:logGet(43)) - raft.server.log.force.sync.num = 128 (default)
2019-09-26 15:13:29,894 [pool-27-thread-1] INFO  server.RaftServerConfigKeys (ConfUtils.java:logGet(43)) - raft.server.log.statemachine.data.sync = true (default)
2019-09-26 15:13:29,894 [pool-27-thread-1] INFO  server.RaftServerConfigKeys (ConfUtils.java:logGet(43)) - raft.server.log.statemachine.data.sync.timeout = 10s (default)
2019-09-26 15:13:29,894 [pool-27-thread-1] INFO  server.RaftServerConfigKeys (ConfUtils.java:logGet(43)) - raft.server.log.statemachine.data.sync.timeout.retry = -1 (default)
2019-09-26 15:13:29,894 [pool-27-thread-1] INFO  server.RaftServerConfigKeys (ConfUtils.java:logGet(43)) - raft.server.log.statemachine.data.caching.enabled = true (custom)
2019-09-26 15:13:29,895 [pool-27-thread-1] INFO  segmented.SegmentedRaftLogWorker (SegmentedRaftLogWorker.java:lambda$new$0(132)) - b3e939fd-eb36-468b-9efe-5d0a1fdaa172@group-1A5718D16976-SegmentedRaftLogWorker: flushIndex: setUnconditionally 0 -> -1
2019-09-26 15:13:29,895 [pool-27-thread-1] INFO  server.RaftServerConfigKeys (ConfUtils.java:logGet(43)) - raft.server.snapshot.auto.trigger.enabled = true (custom)
2019-09-26 15:13:29,895 [pool-27-thread-1] INFO  server.RaftServerConfigKeys (ConfUtils.java:logGet(43)) - raft.server.snapshot.auto.trigger.threshold = 10000 (custom)
2019-09-26 15:13:29,895 [pool-27-thread-1] INFO  server.RaftServerConfigKeys (ConfUtils.java:logGet(43)) - raft.server.snapshot.retention.num.files = 5 (custom)
2019-09-26 15:13:29,895 [pool-27-thread-1] INFO  server.RaftServerConfigKeys (ConfUtils.java:logGet(43)) - raft.server.retrycache.expirytime = 600000ms (custom)
2019-09-26 15:13:29,897 [pool-27-thread-1] INFO  impl.RaftServerImpl (RaftServerImpl.java:start(185)) - b3e939fd-eb36-468b-9efe-5d0a1fdaa172@group-1A5718D16976: start as a follower, conf=-1: [b3e939fd-eb36-468b-9efe-5d0a1fdaa172:192.168.151.99:45433], old=null
2019-09-26 15:13:29,897 [pool-27-thread-1] INFO  impl.RaftServerImpl (RaftServerImpl.java:setRole(174)) - b3e939fd-eb36-468b-9efe-5d0a1fdaa172@group-1A5718D16976: changes role from      null to FOLLOWER at term 0 for startAsFollower
2019-09-26 15:13:29,897 [pool-27-thread-1] INFO  impl.RoleInfo (RoleInfo.java:updateAndGet(143)) - b3e939fd-eb36-468b-9efe-5d0a1fdaa172: start FollowerState
2019-09-26 15:13:29,897 [pool-27-thread-1] INFO  util.JmxRegister (JmxRegister.java:tryRegister(44)) - Successfully registered JMX Bean with object name Ratis:service=RaftServer,group=group-1A5718D16976,id=b3e939fd-eb36-468b-9efe-5d0a1fdaa172
2019-09-26 15:13:29,899 [RatisPipelineUtilsThread] INFO  pipeline.PipelineStateManager (PipelineStateManager.java:addPipeline(56)) - Created pipeline Pipeline[ Id: ce16ddfd-45f3-4f82-8f5c-1a5718d16976, Nodes: b3e939fd-eb36-468b-9efe-5d0a1fdaa172{ip: 192.168.151.99, host: pr-hdds-1569-g6sp5-2013761785, networkLocation: /default-rack, certSerialId: null}, Type:RATIS, Factor:ONE, State:OPEN]
2019-09-26 15:13:29,903 [grpc-default-executor-0] INFO  impl.RaftServerProxy (RaftServerProxy.java:addNew(89)) - b3e939fd-eb36-468b-9efe-5d0a1fdaa172: addNew group-4E868D6FA5B9:[b3e939fd-eb36-468b-9efe-5d0a1fdaa172:192.168.151.99:45433] returns group-4E868D6FA5B9:java.util.concurrent.CompletableFuture@35f65cf5[Not completed]
2019-09-26 15:13:29,903 [pool-27-thread-1] INFO  impl.RaftServerImpl (RaftServerImpl.java:<init>(95)) - b3e939fd-eb36-468b-9efe-5d0a1fdaa172: new RaftServerImpl for group-4E868D6FA5B9:[b3e939fd-eb36-468b-9efe-5d0a1fdaa172:192.168.151.99:45433] with ContainerStateMachine:uninitialized
2019-09-26 15:13:29,903 [pool-27-thread-1] INFO  server.RaftServerConfigKeys (ConfUtils.java:logGet(43)) - raft.server.rpc.timeout.min = 5s (custom)
2019-09-26 15:13:29,904 [pool-27-thread-1] INFO  server.RaftServerConfigKeys (ConfUtils.java:logGet(43)) - raft.server.rpc.timeout.max = 5200ms (custom)
2019-09-26 15:13:29,904 [pool-27-thread-1] INFO  server.RaftServerConfigKeys (ConfUtils.java:logGet(43)) - raft.server.rpcslowness.timeout = 120s (custom)
2019-09-26 15:13:29,904 [pool-27-thread-1] INFO  server.RaftServerConfigKeys (ConfUtils.java:logGet(43)) - raft.server.sleep.deviation.threshold = 300 (default)
2019-09-26 15:13:29,904 [pool-27-thread-1] INFO  server.RaftServerConfigKeys (ConfUtils.java:logGet(43)) - raft.server.log.appender.install.snapshot.enabled = false (custom)
2019-09-26 15:13:29,904 [pool-27-thread-1] INFO  impl.RaftServerImpl (ServerState.java:<init>(103)) - b3e939fd-eb36-468b-9efe-5d0a1fdaa172@group-4E868D6FA5B9: ConfigurationManager, init=-1: [b3e939fd-eb36-468b-9efe-5d0a1fdaa172:192.168.151.99:45433], old=null, confs=<EMPTY_MAP>
2019-09-26 15:13:29,904 [pool-27-thread-1] INFO  server.RaftServerConfigKeys (ConfUtils.java:logGet(43)) - raft.server.storage.dir = [/workdir/hadoop-ozone/integration-test/target/test-dir/MiniOzoneClusterImpl-7e2f4b2f-6763-4a45-9ec4-264c2cef7c61/datanode-0/data/ratis] (custom)
2019-09-26 15:13:29,905 [pool-27-thread-1] INFO  storage.RaftStorageDirectory (RaftStorageDirectory.java:analyzeStorage(246)) - The storage directory /workdir/hadoop-ozone/integration-test/target/test-dir/MiniOzoneClusterImpl-7e2f4b2f-6763-4a45-9ec4-264c2cef7c61/datanode-0/data/ratis/b70f7d7f-861d-4f36-b75a-4e868d6fa5b9 does not exist. Creating ...
2019-09-26 15:13:29,912 [pool-27-thread-1] INFO  storage.RaftStorageDirectory (RaftStorageDirectory.java:tryLock(328)) - Lock on /workdir/hadoop-ozone/integration-test/target/test-dir/MiniOzoneClusterImpl-7e2f4b2f-6763-4a45-9ec4-264c2cef7c61/datanode-0/data/ratis/b70f7d7f-861d-4f36-b75a-4e868d6fa5b9/in_use.lock acquired by nodename 11803@pr-hdds-1569-g6sp5-2013761785
2019-09-26 15:13:29,921 [pool-27-thread-1] INFO  storage.RaftStorage (RaftStorage.java:format(72)) - Storage directory /workdir/hadoop-ozone/integration-test/target/test-dir/MiniOzoneClusterImpl-7e2f4b2f-6763-4a45-9ec4-264c2cef7c61/datanode-0/data/ratis/b70f7d7f-861d-4f36-b75a-4e868d6fa5b9 has been successfully formatted.
2019-09-26 15:13:29,921 [pool-27-thread-1] INFO  ratis.ContainerStateMachine (ContainerStateMachine.java:loadSnapshot(230)) - group-4E868D6FA5B9: The snapshot info is null. Setting the last applied indexto:(t:0, i:~)
2019-09-26 15:13:29,921 [pool-27-thread-1] INFO  server.RaftServerConfigKeys (ConfUtils.java:logGet(43)) - raft.server.notification.no-leader.timeout = 120s (custom)
2019-09-26 15:13:29,921 [pool-27-thread-1] INFO  server.RaftServerConfigKeys (ConfUtils.java:logGet(43)) - raft.server.log.use.memory = false (default)
2019-09-26 15:13:29,922 [pool-27-thread-1] INFO  server.RaftServerConfigKeys (ConfUtils.java:logGet(43)) - raft.server.log.purge.gap = 1000000 (custom)
2019-09-26 15:13:29,922 [pool-27-thread-1] INFO  server.RaftServerConfigKeys (ConfUtils.java:logGet(43)) - raft.server.log.appender.buffer.byte-limit = 33554432 (custom)
2019-09-26 15:13:29,922 [pool-27-thread-1] INFO  server.RaftServerConfigKeys (ConfUtils.java:logGet(43)) - raft.server.log.segment.size.max = 1048576 (custom)
2019-09-26 15:13:29,922 [pool-27-thread-1] INFO  server.RaftServerConfigKeys (ConfUtils.java:logGet(43)) - raft.server.log.segment.cache.num.max = 2 (custom)
2019-09-26 15:13:29,922 [pool-27-thread-1] INFO  segmented.SegmentedRaftLogWorker (SegmentedRaftLogWorker.java:<init>(172)) - new b3e939fd-eb36-468b-9efe-5d0a1fdaa172@group-4E868D6FA5B9-SegmentedRaftLogWorker for RaftStorage:Storage Directory /workdir/hadoop-ozone/integration-test/target/test-dir/MiniOzoneClusterImpl-7e2f4b2f-6763-4a45-9ec4-264c2cef7c61/datanode-0/data/ratis/b70f7d7f-861d-4f36-b75a-4e868d6fa5b9
2019-09-26 15:13:29,922 [pool-27-thread-1] INFO  server.RaftServerConfigKeys (ConfUtils.java:logGet(43)) - raft.server.log.queue.byte-limit = 2147483647 (custom)
2019-09-26 15:13:29,922 [pool-27-thread-1] INFO  server.RaftServerConfigKeys (ConfUtils.java:logGet(43)) - raft.server.log.queue.element-limit = 1024 (custom)
2019-09-26 15:13:29,922 [pool-27-thread-1] INFO  server.RaftServerConfigKeys (ConfUtils.java:logGet(43)) - raft.server.log.segment.size.max = 1048576 (custom)
2019-09-26 15:13:29,922 [pool-27-thread-1] INFO  server.RaftServerConfigKeys (ConfUtils.java:logGet(43)) - raft.server.log.preallocated.size = 16384 (custom)
2019-09-26 15:13:29,922 [pool-27-thread-1] INFO  server.RaftServerConfigKeys (ConfUtils.java:logGet(43)) - raft.server.log.write.buffer.size = 33554432 (custom)
2019-09-26 15:13:29,923 [pool-27-thread-1] INFO  server.RaftServerConfigKeys (ConfUtils.java:logGet(43)) - raft.server.log.force.sync.num = 128 (default)
2019-09-26 15:13:29,923 [pool-27-thread-1] INFO  server.RaftServerConfigKeys (ConfUtils.java:logGet(43)) - raft.server.log.statemachine.data.sync = true (default)
2019-09-26 15:13:29,923 [pool-27-thread-1] INFO  server.RaftServerConfigKeys (ConfUtils.java:logGet(43)) - raft.server.log.statemachine.data.sync.timeout = 10s (default)
2019-09-26 15:13:29,923 [pool-27-thread-1] INFO  server.RaftServerConfigKeys (ConfUtils.java:logGet(43)) - raft.server.log.statemachine.data.sync.timeout.retry = -1 (default)
2019-09-26 15:13:29,923 [pool-27-thread-1] INFO  server.RaftServerConfigKeys (ConfUtils.java:logGet(43)) - raft.server.log.statemachine.data.caching.enabled = true (custom)
2019-09-26 15:13:29,923 [pool-27-thread-1] INFO  segmented.SegmentedRaftLogWorker (SegmentedRaftLogWorker.java:lambda$new$0(132)) - b3e939fd-eb36-468b-9efe-5d0a1fdaa172@group-4E868D6FA5B9-SegmentedRaftLogWorker: flushIndex: setUnconditionally 0 -> -1
2019-09-26 15:13:29,923 [pool-27-thread-1] INFO  server.RaftServerConfigKeys (ConfUtils.java:logGet(43)) - raft.server.snapshot.auto.trigger.enabled = true (custom)
2019-09-26 15:13:29,923 [pool-27-thread-1] INFO  server.RaftServerConfigKeys (ConfUtils.java:logGet(43)) - raft.server.snapshot.auto.trigger.threshold = 10000 (custom)
2019-09-26 15:13:29,924 [pool-27-thread-1] INFO  server.RaftServerConfigKeys (ConfUtils.java:logGet(43)) - raft.server.snapshot.retention.num.files = 5 (custom)
2019-09-26 15:13:29,924 [pool-27-thread-1] INFO  server.RaftServerConfigKeys (ConfUtils.java:logGet(43)) - raft.server.retrycache.expirytime = 600000ms (custom)
2019-09-26 15:13:29,925 [pool-27-thread-1] INFO  impl.RaftServerImpl (RaftServerImpl.java:start(185)) - b3e939fd-eb36-468b-9efe-5d0a1fdaa172@group-4E868D6FA5B9: start as a follower, conf=-1: [b3e939fd-eb36-468b-9efe-5d0a1fdaa172:192.168.151.99:45433], old=null
2019-09-26 15:13:29,925 [pool-27-thread-1] INFO  impl.RaftServerImpl (RaftServerImpl.java:setRole(174)) - b3e939fd-eb36-468b-9efe-5d0a1fdaa172@group-4E868D6FA5B9: changes role from      null to FOLLOWER at term 0 for startAsFollower
2019-09-26 15:13:29,925 [pool-27-thread-1] INFO  impl.RoleInfo (RoleInfo.java:updateAndGet(143)) - b3e939fd-eb36-468b-9efe-5d0a1fdaa172: start FollowerState
2019-09-26 15:13:29,925 [pool-27-thread-1] INFO  util.JmxRegister (JmxRegister.java:tryRegister(44)) - Successfully registered JMX Bean with object name Ratis:service=RaftServer,group=group-4E868D6FA5B9,id=b3e939fd-eb36-468b-9efe-5d0a1fdaa172
2019-09-26 15:13:29,927 [RatisPipelineUtilsThread] INFO  pipeline.PipelineStateManager (PipelineStateManager.java:addPipeline(56)) - Created pipeline Pipeline[ Id: b70f7d7f-861d-4f36-b75a-4e868d6fa5b9, Nodes: b3e939fd-eb36-468b-9efe-5d0a1fdaa172{ip: 192.168.151.99, host: pr-hdds-1569-g6sp5-2013761785, networkLocation: /default-rack, certSerialId: null}, Type:RATIS, Factor:ONE, State:OPEN]
2019-09-26 15:13:29,930 [grpc-default-executor-0] INFO  impl.RaftServerProxy (RaftServerProxy.java:addNew(89)) - b3e939fd-eb36-468b-9efe-5d0a1fdaa172: addNew group-3940D53E95A2:[b3e939fd-eb36-468b-9efe-5d0a1fdaa172:192.168.151.99:45433] returns group-3940D53E95A2:java.util.concurrent.CompletableFuture@3714c7cb[Not completed]
2019-09-26 15:13:29,931 [pool-27-thread-1] INFO  impl.RaftServerImpl (RaftServerImpl.java:<init>(95)) - b3e939fd-eb36-468b-9efe-5d0a1fdaa172: new RaftServerImpl for group-3940D53E95A2:[b3e939fd-eb36-468b-9efe-5d0a1fdaa172:192.168.151.99:45433] with ContainerStateMachine:uninitialized
2019-09-26 15:13:29,931 [pool-27-thread-1] INFO  server.RaftServerConfigKeys (ConfUtils.java:logGet(43)) - raft.server.rpc.timeout.min = 5s (custom)
2019-09-26 15:13:29,931 [pool-27-thread-1] INFO  server.RaftServerConfigKeys (ConfUtils.java:logGet(43)) - raft.server.rpc.timeout.max = 5200ms (custom)
2019-09-26 15:13:29,931 [pool-27-thread-1] INFO  server.RaftServerConfigKeys (ConfUtils.java:logGet(43)) - raft.server.rpcslowness.timeout = 120s (custom)
2019-09-26 15:13:29,931 [pool-27-thread-1] INFO  server.RaftServerConfigKeys (ConfUtils.java:logGet(43)) - raft.server.sleep.deviation.threshold = 300 (default)
2019-09-26 15:13:29,931 [pool-27-thread-1] INFO  server.RaftServerConfigKeys (ConfUtils.java:logGet(43)) - raft.server.log.appender.install.snapshot.enabled = false (custom)
2019-09-26 15:13:29,931 [pool-27-thread-1] INFO  impl.RaftServerImpl (ServerState.java:<init>(103)) - b3e939fd-eb36-468b-9efe-5d0a1fdaa172@group-3940D53E95A2: ConfigurationManager, init=-1: [b3e939fd-eb36-468b-9efe-5d0a1fdaa172:192.168.151.99:45433], old=null, confs=<EMPTY_MAP>
2019-09-26 15:13:29,931 [pool-27-thread-1] INFO  server.RaftServerConfigKeys (ConfUtils.java:logGet(43)) - raft.server.storage.dir = [/workdir/hadoop-ozone/integration-test/target/test-dir/MiniOzoneClusterImpl-7e2f4b2f-6763-4a45-9ec4-264c2cef7c61/datanode-0/data/ratis] (custom)
2019-09-26 15:13:29,932 [pool-27-thread-1] INFO  storage.RaftStorageDirectory (RaftStorageDirectory.java:analyzeStorage(246)) - The storage directory /workdir/hadoop-ozone/integration-test/target/test-dir/MiniOzoneClusterImpl-7e2f4b2f-6763-4a45-9ec4-264c2cef7c61/datanode-0/data/ratis/979ccdfe-4c98-4a95-a439-3940d53e95a2 does not exist. Creating ...
2019-09-26 15:13:29,938 [pool-27-thread-1] INFO  storage.RaftStorageDirectory (RaftStorageDirectory.java:tryLock(328)) - Lock on /workdir/hadoop-ozone/integration-test/target/test-dir/MiniOzoneClusterImpl-7e2f4b2f-6763-4a45-9ec4-264c2cef7c61/datanode-0/data/ratis/979ccdfe-4c98-4a95-a439-3940d53e95a2/in_use.lock acquired by nodename 11803@pr-hdds-1569-g6sp5-2013761785
2019-09-26 15:13:29,951 [pool-27-thread-1] INFO  storage.RaftStorage (RaftStorage.java:format(72)) - Storage directory /workdir/hadoop-ozone/integration-test/target/test-dir/MiniOzoneClusterImpl-7e2f4b2f-6763-4a45-9ec4-264c2cef7c61/datanode-0/data/ratis/979ccdfe-4c98-4a95-a439-3940d53e95a2 has been successfully formatted.
2019-09-26 15:13:29,951 [pool-27-thread-1] INFO  ratis.ContainerStateMachine (ContainerStateMachine.java:loadSnapshot(230)) - group-3940D53E95A2: The snapshot info is null. Setting the last applied indexto:(t:0, i:~)
2019-09-26 15:13:29,951 [pool-27-thread-1] INFO  server.RaftServerConfigKeys (ConfUtils.java:logGet(43)) - raft.server.notification.no-leader.timeout = 120s (custom)
2019-09-26 15:13:29,951 [pool-27-thread-1] INFO  server.RaftServerConfigKeys (ConfUtils.java:logGet(43)) - raft.server.log.use.memory = false (default)
2019-09-26 15:13:29,952 [pool-27-thread-1] INFO  server.RaftServerConfigKeys (ConfUtils.java:logGet(43)) - raft.server.log.purge.gap = 1000000 (custom)
2019-09-26 15:13:29,952 [pool-27-thread-1] INFO  server.RaftServerConfigKeys (ConfUtils.java:logGet(43)) - raft.server.log.appender.buffer.byte-limit = 33554432 (custom)
2019-09-26 15:13:29,952 [pool-27-thread-1] INFO  server.RaftServerConfigKeys (ConfUtils.java:logGet(43)) - raft.server.log.segment.size.max = 1048576 (custom)
2019-09-26 15:13:29,952 [pool-27-thread-1] INFO  server.RaftServerConfigKeys (ConfUtils.java:logGet(43)) - raft.server.log.segment.cache.num.max = 2 (custom)
2019-09-26 15:13:29,952 [pool-27-thread-1] INFO  segmented.SegmentedRaftLogWorker (SegmentedRaftLogWorker.java:<init>(172)) - new b3e939fd-eb36-468b-9efe-5d0a1fdaa172@group-3940D53E95A2-SegmentedRaftLogWorker for RaftStorage:Storage Directory /workdir/hadoop-ozone/integration-test/target/test-dir/MiniOzoneClusterImpl-7e2f4b2f-6763-4a45-9ec4-264c2cef7c61/datanode-0/data/ratis/979ccdfe-4c98-4a95-a439-3940d53e95a2
2019-09-26 15:13:29,952 [pool-27-thread-1] INFO  server.RaftServerConfigKeys (ConfUtils.java:logGet(43)) - raft.server.log.queue.byte-limit = 2147483647 (custom)
2019-09-26 15:13:29,952 [pool-27-thread-1] INFO  server.RaftServerConfigKeys (ConfUtils.java:logGet(43)) - raft.server.log.queue.element-limit = 1024 (custom)
2019-09-26 15:13:29,952 [pool-27-thread-1] INFO  server.RaftServerConfigKeys (ConfUtils.java:logGet(43)) - raft.server.log.segment.size.max = 1048576 (custom)
2019-09-26 15:13:29,952 [pool-27-thread-1] INFO  server.RaftServerConfigKeys (ConfUtils.java:logGet(43)) - raft.server.log.preallocated.size = 16384 (custom)
2019-09-26 15:13:29,952 [pool-27-thread-1] INFO  server.RaftServerConfigKeys (ConfUtils.java:logGet(43)) - raft.server.log.write.buffer.size = 33554432 (custom)
2019-09-26 15:13:29,953 [pool-27-thread-1] INFO  server.RaftServerConfigKeys (ConfUtils.java:logGet(43)) - raft.server.log.force.sync.num = 128 (default)
2019-09-26 15:13:29,953 [pool-27-thread-1] INFO  server.RaftServerConfigKeys (ConfUtils.java:logGet(43)) - raft.server.log.statemachine.data.sync = true (default)
2019-09-26 15:13:29,953 [pool-27-thread-1] INFO  server.RaftServerConfigKeys (ConfUtils.java:logGet(43)) - raft.server.log.statemachine.data.sync.timeout = 10s (default)
2019-09-26 15:13:29,953 [pool-27-thread-1] INFO  server.RaftServerConfigKeys (ConfUtils.java:logGet(43)) - raft.server.log.statemachine.data.sync.timeout.retry = -1 (default)
2019-09-26 15:13:29,953 [pool-27-thread-1] INFO  server.RaftServerConfigKeys (ConfUtils.java:logGet(43)) - raft.server.log.statemachine.data.caching.enabled = true (custom)
2019-09-26 15:13:29,953 [pool-27-thread-1] INFO  segmented.SegmentedRaftLogWorker (SegmentedRaftLogWorker.java:lambda$new$0(132)) - b3e939fd-eb36-468b-9efe-5d0a1fdaa172@group-3940D53E95A2-SegmentedRaftLogWorker: flushIndex: setUnconditionally 0 -> -1
2019-09-26 15:13:29,953 [pool-27-thread-1] INFO  server.RaftServerConfigKeys (ConfUtils.java:logGet(43)) - raft.server.snapshot.auto.trigger.enabled = true (custom)
2019-09-26 15:13:29,953 [pool-27-thread-1] INFO  server.RaftServerConfigKeys (ConfUtils.java:logGet(43)) - raft.server.snapshot.auto.trigger.threshold = 10000 (custom)
2019-09-26 15:13:29,953 [pool-27-thread-1] INFO  server.RaftServerConfigKeys (ConfUtils.java:logGet(43)) - raft.server.snapshot.retention.num.files = 5 (custom)
2019-09-26 15:13:29,953 [pool-27-thread-1] INFO  server.RaftServerConfigKeys (ConfUtils.java:logGet(43)) - raft.server.retrycache.expirytime = 600000ms (custom)
2019-09-26 15:13:29,955 [pool-27-thread-1] INFO  impl.RaftServerImpl (RaftServerImpl.java:start(185)) - b3e939fd-eb36-468b-9efe-5d0a1fdaa172@group-3940D53E95A2: start as a follower, conf=-1: [b3e939fd-eb36-468b-9efe-5d0a1fdaa172:192.168.151.99:45433], old=null
2019-09-26 15:13:29,955 [pool-27-thread-1] INFO  impl.RaftServerImpl (RaftServerImpl.java:setRole(174)) - b3e939fd-eb36-468b-9efe-5d0a1fdaa172@group-3940D53E95A2: changes role from      null to FOLLOWER at term 0 for startAsFollower
2019-09-26 15:13:29,955 [pool-27-thread-1] INFO  impl.RoleInfo (RoleInfo.java:updateAndGet(143)) - b3e939fd-eb36-468b-9efe-5d0a1fdaa172: start FollowerState
2019-09-26 15:13:29,955 [pool-27-thread-1] INFO  util.JmxRegister (JmxRegister.java:tryRegister(44)) - Successfully registered JMX Bean with object name Ratis:service=RaftServer,group=group-3940D53E95A2,id=b3e939fd-eb36-468b-9efe-5d0a1fdaa172
2019-09-26 15:13:29,956 [RatisPipelineUtilsThread] INFO  pipeline.PipelineStateManager (PipelineStateManager.java:addPipeline(56)) - Created pipeline Pipeline[ Id: 979ccdfe-4c98-4a95-a439-3940d53e95a2, Nodes: b3e939fd-eb36-468b-9efe-5d0a1fdaa172{ip: 192.168.151.99, host: pr-hdds-1569-g6sp5-2013761785, networkLocation: /default-rack, certSerialId: null}, Type:RATIS, Factor:ONE, State:OPEN]
2019-09-26 15:13:29,959 [grpc-default-executor-0] INFO  impl.RaftServerProxy (RaftServerProxy.java:addNew(89)) - b3e939fd-eb36-468b-9efe-5d0a1fdaa172: addNew group-1CB942701F5F:[b3e939fd-eb36-468b-9efe-5d0a1fdaa172:192.168.151.99:45433] returns group-1CB942701F5F:java.util.concurrent.CompletableFuture@1eda6eb9[Not completed]
2019-09-26 15:13:29,960 [pool-27-thread-1] INFO  impl.RaftServerImpl (RaftServerImpl.java:<init>(95)) - b3e939fd-eb36-468b-9efe-5d0a1fdaa172: new RaftServerImpl for group-1CB942701F5F:[b3e939fd-eb36-468b-9efe-5d0a1fdaa172:192.168.151.99:45433] with ContainerStateMachine:uninitialized
2019-09-26 15:13:29,960 [pool-27-thread-1] INFO  server.RaftServerConfigKeys (ConfUtils.java:logGet(43)) - raft.server.rpc.timeout.min = 5s (custom)
2019-09-26 15:13:29,960 [pool-27-thread-1] INFO  server.RaftServerConfigKeys (ConfUtils.java:logGet(43)) - raft.server.rpc.timeout.max = 5200ms (custom)
2019-09-26 15:13:29,960 [pool-27-thread-1] INFO  server.RaftServerConfigKeys (ConfUtils.java:logGet(43)) - raft.server.rpcslowness.timeout = 120s (custom)
2019-09-26 15:13:29,961 [pool-27-thread-1] INFO  server.RaftServerConfigKeys (ConfUtils.java:logGet(43)) - raft.server.sleep.deviation.threshold = 300 (default)
2019-09-26 15:13:29,961 [pool-27-thread-1] INFO  server.RaftServerConfigKeys (ConfUtils.java:logGet(43)) - raft.server.log.appender.install.snapshot.enabled = false (custom)
2019-09-26 15:13:29,961 [pool-27-thread-1] INFO  impl.RaftServerImpl (ServerState.java:<init>(103)) - b3e939fd-eb36-468b-9efe-5d0a1fdaa172@group-1CB942701F5F: ConfigurationManager, init=-1: [b3e939fd-eb36-468b-9efe-5d0a1fdaa172:192.168.151.99:45433], old=null, confs=<EMPTY_MAP>
2019-09-26 15:13:29,961 [pool-27-thread-1] INFO  server.RaftServerConfigKeys (ConfUtils.java:logGet(43)) - raft.server.storage.dir = [/workdir/hadoop-ozone/integration-test/target/test-dir/MiniOzoneClusterImpl-7e2f4b2f-6763-4a45-9ec4-264c2cef7c61/datanode-0/data/ratis] (custom)
2019-09-26 15:13:29,962 [pool-27-thread-1] INFO  storage.RaftStorageDirectory (RaftStorageDirectory.java:analyzeStorage(246)) - The storage directory /workdir/hadoop-ozone/integration-test/target/test-dir/MiniOzoneClusterImpl-7e2f4b2f-6763-4a45-9ec4-264c2cef7c61/datanode-0/data/ratis/f99a7dc2-061a-48a8-8d46-1cb942701f5f does not exist. Creating ...
2019-09-26 15:13:29,976 [pool-27-thread-1] INFO  storage.RaftStorageDirectory (RaftStorageDirectory.java:tryLock(328)) - Lock on /workdir/hadoop-ozone/integration-test/target/test-dir/MiniOzoneClusterImpl-7e2f4b2f-6763-4a45-9ec4-264c2cef7c61/datanode-0/data/ratis/f99a7dc2-061a-48a8-8d46-1cb942701f5f/in_use.lock acquired by nodename 11803@pr-hdds-1569-g6sp5-2013761785
2019-09-26 15:13:29,989 [pool-27-thread-1] INFO  storage.RaftStorage (RaftStorage.java:format(72)) - Storage directory /workdir/hadoop-ozone/integration-test/target/test-dir/MiniOzoneClusterImpl-7e2f4b2f-6763-4a45-9ec4-264c2cef7c61/datanode-0/data/ratis/f99a7dc2-061a-48a8-8d46-1cb942701f5f has been successfully formatted.
2019-09-26 15:13:29,989 [pool-27-thread-1] INFO  ratis.ContainerStateMachine (ContainerStateMachine.java:loadSnapshot(230)) - group-1CB942701F5F: The snapshot info is null. Setting the last applied indexto:(t:0, i:~)
2019-09-26 15:13:29,989 [pool-27-thread-1] INFO  server.RaftServerConfigKeys (ConfUtils.java:logGet(43)) - raft.server.notification.no-leader.timeout = 120s (custom)
2019-09-26 15:13:29,989 [pool-27-thread-1] INFO  server.RaftServerConfigKeys (ConfUtils.java:logGet(43)) - raft.server.log.use.memory = false (default)
2019-09-26 15:13:29,989 [pool-27-thread-1] INFO  server.RaftServerConfigKeys (ConfUtils.java:logGet(43)) - raft.server.log.purge.gap = 1000000 (custom)
2019-09-26 15:13:29,990 [pool-27-thread-1] INFO  server.RaftServerConfigKeys (ConfUtils.java:logGet(43)) - raft.server.log.appender.buffer.byte-limit = 33554432 (custom)
2019-09-26 15:13:29,990 [pool-27-thread-1] INFO  server.RaftServerConfigKeys (ConfUtils.java:logGet(43)) - raft.server.log.segment.size.max = 1048576 (custom)
2019-09-26 15:13:29,990 [pool-27-thread-1] INFO  server.RaftServerConfigKeys (ConfUtils.java:logGet(43)) - raft.server.log.segment.cache.num.max = 2 (custom)
2019-09-26 15:13:29,990 [pool-27-thread-1] INFO  segmented.SegmentedRaftLogWorker (SegmentedRaftLogWorker.java:<init>(172)) - new b3e939fd-eb36-468b-9efe-5d0a1fdaa172@group-1CB942701F5F-SegmentedRaftLogWorker for RaftStorage:Storage Directory /workdir/hadoop-ozone/integration-test/target/test-dir/MiniOzoneClusterImpl-7e2f4b2f-6763-4a45-9ec4-264c2cef7c61/datanode-0/data/ratis/f99a7dc2-061a-48a8-8d46-1cb942701f5f
2019-09-26 15:13:29,990 [pool-27-thread-1] INFO  server.RaftServerConfigKeys (ConfUtils.java:logGet(43)) - raft.server.log.queue.byte-limit = 2147483647 (custom)
2019-09-26 15:13:29,990 [pool-27-thread-1] INFO  server.RaftServerConfigKeys (ConfUtils.java:logGet(43)) - raft.server.log.queue.element-limit = 1024 (custom)
2019-09-26 15:13:29,991 [pool-27-thread-1] INFO  server.RaftServerConfigKeys (ConfUtils.java:logGet(43)) - raft.server.log.segment.size.max = 1048576 (custom)
2019-09-26 15:13:29,991 [pool-27-thread-1] INFO  server.RaftServerConfigKeys (ConfUtils.java:logGet(43)) - raft.server.log.preallocated.size = 16384 (custom)
2019-09-26 15:13:29,991 [pool-27-thread-1] INFO  server.RaftServerConfigKeys (ConfUtils.java:logGet(43)) - raft.server.log.write.buffer.size = 33554432 (custom)
2019-09-26 15:13:29,991 [pool-27-thread-1] INFO  server.RaftServerConfigKeys (ConfUtils.java:logGet(43)) - raft.server.log.force.sync.num = 128 (default)
2019-09-26 15:13:29,991 [pool-27-thread-1] INFO  server.RaftServerConfigKeys (ConfUtils.java:logGet(43)) - raft.server.log.statemachine.data.sync = true (default)
2019-09-26 15:13:29,991 [pool-27-thread-1] INFO  server.RaftServerConfigKeys (ConfUtils.java:logGet(43)) - raft.server.log.statemachine.data.sync.timeout = 10s (default)
2019-09-26 15:13:29,991 [pool-27-thread-1] INFO  server.RaftServerConfigKeys (ConfUtils.java:logGet(43)) - raft.server.log.statemachine.data.sync.timeout.retry = -1 (default)
2019-09-26 15:13:29,992 [pool-27-thread-1] INFO  server.RaftServerConfigKeys (ConfUtils.java:logGet(43)) - raft.server.log.statemachine.data.caching.enabled = true (custom)
2019-09-26 15:13:29,992 [pool-27-thread-1] INFO  segmented.SegmentedRaftLogWorker (SegmentedRaftLogWorker.java:lambda$new$0(132)) - b3e939fd-eb36-468b-9efe-5d0a1fdaa172@group-1CB942701F5F-SegmentedRaftLogWorker: flushIndex: setUnconditionally 0 -> -1
2019-09-26 15:13:29,992 [pool-27-thread-1] INFO  server.RaftServerConfigKeys (ConfUtils.java:logGet(43)) - raft.server.snapshot.auto.trigger.enabled = true (custom)
2019-09-26 15:13:29,992 [pool-27-thread-1] INFO  server.RaftServerConfigKeys (ConfUtils.java:logGet(43)) - raft.server.snapshot.auto.trigger.threshold = 10000 (custom)
2019-09-26 15:13:29,993 [pool-27-thread-1] INFO  server.RaftServerConfigKeys (ConfUtils.java:logGet(43)) - raft.server.snapshot.retention.num.files = 5 (custom)
2019-09-26 15:13:29,993 [pool-27-thread-1] INFO  server.RaftServerConfigKeys (ConfUtils.java:logGet(43)) - raft.server.retrycache.expirytime = 600000ms (custom)
2019-09-26 15:13:29,994 [pool-27-thread-1] INFO  impl.RaftServerImpl (RaftServerImpl.java:start(185)) - b3e939fd-eb36-468b-9efe-5d0a1fdaa172@group-1CB942701F5F: start as a follower, conf=-1: [b3e939fd-eb36-468b-9efe-5d0a1fdaa172:192.168.151.99:45433], old=null
2019-09-26 15:13:29,994 [pool-27-thread-1] INFO  impl.RaftServerImpl (RaftServerImpl.java:setRole(174)) - b3e939fd-eb36-468b-9efe-5d0a1fdaa172@group-1CB942701F5F: changes role from      null to FOLLOWER at term 0 for startAsFollower
2019-09-26 15:13:29,994 [pool-27-thread-1] INFO  impl.RoleInfo (RoleInfo.java:updateAndGet(143)) - b3e939fd-eb36-468b-9efe-5d0a1fdaa172: start FollowerState
2019-09-26 15:13:29,995 [pool-27-thread-1] INFO  util.JmxRegister (JmxRegister.java:tryRegister(44)) - Successfully registered JMX Bean with object name Ratis:service=RaftServer,group=group-1CB942701F5F,id=b3e939fd-eb36-468b-9efe-5d0a1fdaa172
2019-09-26 15:13:29,997 [RatisPipelineUtilsThread] INFO  pipeline.PipelineStateManager (PipelineStateManager.java:addPipeline(56)) - Created pipeline Pipeline[ Id: f99a7dc2-061a-48a8-8d46-1cb942701f5f, Nodes: b3e939fd-eb36-468b-9efe-5d0a1fdaa172{ip: 192.168.151.99, host: pr-hdds-1569-g6sp5-2013761785, networkLocation: /default-rack, certSerialId: null}, Type:RATIS, Factor:ONE, State:OPEN]
2019-09-26 15:13:30,001 [grpc-default-executor-0] INFO  impl.RaftServerProxy (RaftServerProxy.java:addNew(89)) - b3e939fd-eb36-468b-9efe-5d0a1fdaa172: addNew group-F5BF1B3E3E4A:[b3e939fd-eb36-468b-9efe-5d0a1fdaa172:192.168.151.99:45433] returns group-F5BF1B3E3E4A:java.util.concurrent.CompletableFuture@fb35de9[Not completed]
2019-09-26 15:13:30,002 [pool-27-thread-1] INFO  impl.RaftServerImpl (RaftServerImpl.java:<init>(95)) - b3e939fd-eb36-468b-9efe-5d0a1fdaa172: new RaftServerImpl for group-F5BF1B3E3E4A:[b3e939fd-eb36-468b-9efe-5d0a1fdaa172:192.168.151.99:45433] with ContainerStateMachine:uninitialized
2019-09-26 15:13:30,003 [pool-27-thread-1] INFO  server.RaftServerConfigKeys (ConfUtils.java:logGet(43)) - raft.server.rpc.timeout.min = 5s (custom)
2019-09-26 15:13:30,003 [pool-27-thread-1] INFO  server.RaftServerConfigKeys (ConfUtils.java:logGet(43)) - raft.server.rpc.timeout.max = 5200ms (custom)
2019-09-26 15:13:30,003 [pool-27-thread-1] INFO  server.RaftServerConfigKeys (ConfUtils.java:logGet(43)) - raft.server.rpcslowness.timeout = 120s (custom)
2019-09-26 15:13:30,003 [pool-27-thread-1] INFO  server.RaftServerConfigKeys (ConfUtils.java:logGet(43)) - raft.server.sleep.deviation.threshold = 300 (default)
2019-09-26 15:13:30,003 [pool-27-thread-1] INFO  server.RaftServerConfigKeys (ConfUtils.java:logGet(43)) - raft.server.log.appender.install.snapshot.enabled = false (custom)
2019-09-26 15:13:30,003 [pool-27-thread-1] INFO  impl.RaftServerImpl (ServerState.java:<init>(103)) - b3e939fd-eb36-468b-9efe-5d0a1fdaa172@group-F5BF1B3E3E4A: ConfigurationManager, init=-1: [b3e939fd-eb36-468b-9efe-5d0a1fdaa172:192.168.151.99:45433], old=null, confs=<EMPTY_MAP>
2019-09-26 15:13:30,003 [pool-27-thread-1] INFO  server.RaftServerConfigKeys (ConfUtils.java:logGet(43)) - raft.server.storage.dir = [/workdir/hadoop-ozone/integration-test/target/test-dir/MiniOzoneClusterImpl-7e2f4b2f-6763-4a45-9ec4-264c2cef7c61/datanode-0/data/ratis] (custom)
2019-09-26 15:13:30,005 [pool-27-thread-1] INFO  storage.RaftStorageDirectory (RaftStorageDirectory.java:analyzeStorage(246)) - The storage directory /workdir/hadoop-ozone/integration-test/target/test-dir/MiniOzoneClusterImpl-7e2f4b2f-6763-4a45-9ec4-264c2cef7c61/datanode-0/data/ratis/64f71369-dd08-4911-a8e3-f5bf1b3e3e4a does not exist. Creating ...
2019-09-26 15:13:30,013 [pool-27-thread-1] INFO  storage.RaftStorageDirectory (RaftStorageDirectory.java:tryLock(328)) - Lock on /workdir/hadoop-ozone/integration-test/target/test-dir/MiniOzoneClusterImpl-7e2f4b2f-6763-4a45-9ec4-264c2cef7c61/datanode-0/data/ratis/64f71369-dd08-4911-a8e3-f5bf1b3e3e4a/in_use.lock acquired by nodename 11803@pr-hdds-1569-g6sp5-2013761785
2019-09-26 15:13:30,026 [pool-27-thread-1] INFO  storage.RaftStorage (RaftStorage.java:format(72)) - Storage directory /workdir/hadoop-ozone/integration-test/target/test-dir/MiniOzoneClusterImpl-7e2f4b2f-6763-4a45-9ec4-264c2cef7c61/datanode-0/data/ratis/64f71369-dd08-4911-a8e3-f5bf1b3e3e4a has been successfully formatted.
2019-09-26 15:13:30,026 [pool-27-thread-1] INFO  ratis.ContainerStateMachine (ContainerStateMachine.java:loadSnapshot(230)) - group-F5BF1B3E3E4A: The snapshot info is null. Setting the last applied indexto:(t:0, i:~)
2019-09-26 15:13:30,026 [pool-27-thread-1] INFO  server.RaftServerConfigKeys (ConfUtils.java:logGet(43)) - raft.server.notification.no-leader.timeout = 120s (custom)
2019-09-26 15:13:30,026 [pool-27-thread-1] INFO  server.RaftServerConfigKeys (ConfUtils.java:logGet(43)) - raft.server.log.use.memory = false (default)
2019-09-26 15:13:30,026 [pool-27-thread-1] INFO  server.RaftServerConfigKeys (ConfUtils.java:logGet(43)) - raft.server.log.purge.gap = 1000000 (custom)
2019-09-26 15:13:30,026 [pool-27-thread-1] INFO  server.RaftServerConfigKeys (ConfUtils.java:logGet(43)) - raft.server.log.appender.buffer.byte-limit = 33554432 (custom)
2019-09-26 15:13:30,026 [pool-27-thread-1] INFO  server.RaftServerConfigKeys (ConfUtils.java:logGet(43)) - raft.server.log.segment.size.max = 1048576 (custom)
2019-09-26 15:13:30,027 [pool-27-thread-1] INFO  server.RaftServerConfigKeys (ConfUtils.java:logGet(43)) - raft.server.log.segment.cache.num.max = 2 (custom)
2019-09-26 15:13:30,027 [pool-27-thread-1] INFO  segmented.SegmentedRaftLogWorker (SegmentedRaftLogWorker.java:<init>(172)) - new b3e939fd-eb36-468b-9efe-5d0a1fdaa172@group-F5BF1B3E3E4A-SegmentedRaftLogWorker for RaftStorage:Storage Directory /workdir/hadoop-ozone/integration-test/target/test-dir/MiniOzoneClusterImpl-7e2f4b2f-6763-4a45-9ec4-264c2cef7c61/datanode-0/data/ratis/64f71369-dd08-4911-a8e3-f5bf1b3e3e4a
2019-09-26 15:13:30,027 [pool-27-thread-1] INFO  server.RaftServerConfigKeys (ConfUtils.java:logGet(43)) - raft.server.log.queue.byte-limit = 2147483647 (custom)
2019-09-26 15:13:30,027 [pool-27-thread-1] INFO  server.RaftServerConfigKeys (ConfUtils.java:logGet(43)) - raft.server.log.queue.element-limit = 1024 (custom)
2019-09-26 15:13:30,027 [pool-27-thread-1] INFO  server.RaftServerConfigKeys (ConfUtils.java:logGet(43)) - raft.server.log.segment.size.max = 1048576 (custom)
2019-09-26 15:13:30,027 [pool-27-thread-1] INFO  server.RaftServerConfigKeys (ConfUtils.java:logGet(43)) - raft.server.log.preallocated.size = 16384 (custom)
2019-09-26 15:13:30,027 [pool-27-thread-1] INFO  server.RaftServerConfigKeys (ConfUtils.java:logGet(43)) - raft.server.log.write.buffer.size = 33554432 (custom)
2019-09-26 15:13:30,027 [pool-27-thread-1] INFO  server.RaftServerConfigKeys (ConfUtils.java:logGet(43)) - raft.server.log.force.sync.num = 128 (default)
2019-09-26 15:13:30,027 [pool-27-thread-1] INFO  server.RaftServerConfigKeys (ConfUtils.java:logGet(43)) - raft.server.log.statemachine.data.sync = true (default)
2019-09-26 15:13:30,027 [pool-27-thread-1] INFO  server.RaftServerConfigKeys (ConfUtils.java:logGet(43)) - raft.server.log.statemachine.data.sync.timeout = 10s (default)
2019-09-26 15:13:30,027 [pool-27-thread-1] INFO  server.RaftServerConfigKeys (ConfUtils.java:logGet(43)) - raft.server.log.statemachine.data.sync.timeout.retry = -1 (default)
2019-09-26 15:13:30,027 [pool-27-thread-1] INFO  server.RaftServerConfigKeys (ConfUtils.java:logGet(43)) - raft.server.log.statemachine.data.caching.enabled = true (custom)
2019-09-26 15:13:30,028 [pool-27-thread-1] INFO  segmented.SegmentedRaftLogWorker (SegmentedRaftLogWorker.java:lambda$new$0(132)) - b3e939fd-eb36-468b-9efe-5d0a1fdaa172@group-F5BF1B3E3E4A-SegmentedRaftLogWorker: flushIndex: setUnconditionally 0 -> -1
2019-09-26 15:13:30,028 [pool-27-thread-1] INFO  server.RaftServerConfigKeys (ConfUtils.java:logGet(43)) - raft.server.snapshot.auto.trigger.enabled = true (custom)
2019-09-26 15:13:30,028 [pool-27-thread-1] INFO  server.RaftServerConfigKeys (ConfUtils.java:logGet(43)) - raft.server.snapshot.auto.trigger.threshold = 10000 (custom)
2019-09-26 15:13:30,028 [pool-27-thread-1] INFO  server.RaftServerConfigKeys (ConfUtils.java:logGet(43)) - raft.server.snapshot.retention.num.files = 5 (custom)
2019-09-26 15:13:30,028 [pool-27-thread-1] INFO  server.RaftServerConfigKeys (ConfUtils.java:logGet(43)) - raft.server.retrycache.expirytime = 600000ms (custom)
2019-09-26 15:13:30,029 [pool-27-thread-1] INFO  impl.RaftServerImpl (RaftServerImpl.java:start(185)) - b3e939fd-eb36-468b-9efe-5d0a1fdaa172@group-F5BF1B3E3E4A: start as a follower, conf=-1: [b3e939fd-eb36-468b-9efe-5d0a1fdaa172:192.168.151.99:45433], old=null
2019-09-26 15:13:30,030 [pool-27-thread-1] INFO  impl.RaftServerImpl (RaftServerImpl.java:setRole(174)) - b3e939fd-eb36-468b-9efe-5d0a1fdaa172@group-F5BF1B3E3E4A: changes role from      null to FOLLOWER at term 0 for startAsFollower
2019-09-26 15:13:30,030 [pool-27-thread-1] INFO  impl.RoleInfo (RoleInfo.java:updateAndGet(143)) - b3e939fd-eb36-468b-9efe-5d0a1fdaa172: start FollowerState
2019-09-26 15:13:30,030 [pool-27-thread-1] INFO  util.JmxRegister (JmxRegister.java:tryRegister(44)) - Successfully registered JMX Bean with object name Ratis:service=RaftServer,group=group-F5BF1B3E3E4A,id=b3e939fd-eb36-468b-9efe-5d0a1fdaa172
2019-09-26 15:13:30,032 [RatisPipelineUtilsThread] INFO  pipeline.PipelineStateManager (PipelineStateManager.java:addPipeline(56)) - Created pipeline Pipeline[ Id: 64f71369-dd08-4911-a8e3-f5bf1b3e3e4a, Nodes: b3e939fd-eb36-468b-9efe-5d0a1fdaa172{ip: 192.168.151.99, host: pr-hdds-1569-g6sp5-2013761785, networkLocation: /default-rack, certSerialId: null}, Type:RATIS, Factor:ONE, State:OPEN]
2019-09-26 15:13:30,036 [grpc-default-executor-0] INFO  impl.RaftServerProxy (RaftServerProxy.java:addNew(89)) - b3e939fd-eb36-468b-9efe-5d0a1fdaa172: addNew group-C4FDEBA5923A:[b3e939fd-eb36-468b-9efe-5d0a1fdaa172:192.168.151.99:45433] returns group-C4FDEBA5923A:java.util.concurrent.CompletableFuture@5532219d[Not completed]
2019-09-26 15:13:30,037 [pool-27-thread-1] INFO  impl.RaftServerImpl (RaftServerImpl.java:<init>(95)) - b3e939fd-eb36-468b-9efe-5d0a1fdaa172: new RaftServerImpl for group-C4FDEBA5923A:[b3e939fd-eb36-468b-9efe-5d0a1fdaa172:192.168.151.99:45433] with ContainerStateMachine:uninitialized
2019-09-26 15:13:30,037 [pool-27-thread-1] INFO  server.RaftServerConfigKeys (ConfUtils.java:logGet(43)) - raft.server.rpc.timeout.min = 5s (custom)
2019-09-26 15:13:30,037 [pool-27-thread-1] INFO  server.RaftServerConfigKeys (ConfUtils.java:logGet(43)) - raft.server.rpc.timeout.max = 5200ms (custom)
2019-09-26 15:13:30,037 [pool-27-thread-1] INFO  server.RaftServerConfigKeys (ConfUtils.java:logGet(43)) - raft.server.rpcslowness.timeout = 120s (custom)
2019-09-26 15:13:30,037 [pool-27-thread-1] INFO  server.RaftServerConfigKeys (ConfUtils.java:logGet(43)) - raft.server.sleep.deviation.threshold = 300 (default)
2019-09-26 15:13:30,037 [pool-27-thread-1] INFO  server.RaftServerConfigKeys (ConfUtils.java:logGet(43)) - raft.server.log.appender.install.snapshot.enabled = false (custom)
2019-09-26 15:13:30,038 [pool-27-thread-1] INFO  impl.RaftServerImpl (ServerState.java:<init>(103)) - b3e939fd-eb36-468b-9efe-5d0a1fdaa172@group-C4FDEBA5923A: ConfigurationManager, init=-1: [b3e939fd-eb36-468b-9efe-5d0a1fdaa172:192.168.151.99:45433], old=null, confs=<EMPTY_MAP>
2019-09-26 15:13:30,038 [pool-27-thread-1] INFO  server.RaftServerConfigKeys (ConfUtils.java:logGet(43)) - raft.server.storage.dir = [/workdir/hadoop-ozone/integration-test/target/test-dir/MiniOzoneClusterImpl-7e2f4b2f-6763-4a45-9ec4-264c2cef7c61/datanode-0/data/ratis] (custom)
2019-09-26 15:13:30,038 [pool-27-thread-1] INFO  storage.RaftStorageDirectory (RaftStorageDirectory.java:analyzeStorage(246)) - The storage directory /workdir/hadoop-ozone/integration-test/target/test-dir/MiniOzoneClusterImpl-7e2f4b2f-6763-4a45-9ec4-264c2cef7c61/datanode-0/data/ratis/8d79c078-2dec-4fde-b6a8-c4fdeba5923a does not exist. Creating ...
2019-09-26 15:13:30,060 [pool-27-thread-1] INFO  storage.RaftStorageDirectory (RaftStorageDirectory.java:tryLock(328)) - Lock on /workdir/hadoop-ozone/integration-test/target/test-dir/MiniOzoneClusterImpl-7e2f4b2f-6763-4a45-9ec4-264c2cef7c61/datanode-0/data/ratis/8d79c078-2dec-4fde-b6a8-c4fdeba5923a/in_use.lock acquired by nodename 11803@pr-hdds-1569-g6sp5-2013761785
2019-09-26 15:13:30,074 [pool-27-thread-1] INFO  storage.RaftStorage (RaftStorage.java:format(72)) - Storage directory /workdir/hadoop-ozone/integration-test/target/test-dir/MiniOzoneClusterImpl-7e2f4b2f-6763-4a45-9ec4-264c2cef7c61/datanode-0/data/ratis/8d79c078-2dec-4fde-b6a8-c4fdeba5923a has been successfully formatted.
2019-09-26 15:13:30,074 [pool-27-thread-1] INFO  ratis.ContainerStateMachine (ContainerStateMachine.java:loadSnapshot(230)) - group-C4FDEBA5923A: The snapshot info is null. Setting the last applied indexto:(t:0, i:~)
2019-09-26 15:13:30,074 [pool-27-thread-1] INFO  server.RaftServerConfigKeys (ConfUtils.java:logGet(43)) - raft.server.notification.no-leader.timeout = 120s (custom)
2019-09-26 15:13:30,074 [pool-27-thread-1] INFO  server.RaftServerConfigKeys (ConfUtils.java:logGet(43)) - raft.server.log.use.memory = false (default)
2019-09-26 15:13:30,074 [pool-27-thread-1] INFO  server.RaftServerConfigKeys (ConfUtils.java:logGet(43)) - raft.server.log.purge.gap = 1000000 (custom)
2019-09-26 15:13:30,074 [pool-27-thread-1] INFO  server.RaftServerConfigKeys (ConfUtils.java:logGet(43)) - raft.server.log.appender.buffer.byte-limit = 33554432 (custom)
2019-09-26 15:13:30,075 [pool-27-thread-1] INFO  server.RaftServerConfigKeys (ConfUtils.java:logGet(43)) - raft.server.log.segment.size.max = 1048576 (custom)
2019-09-26 15:13:30,075 [pool-27-thread-1] INFO  server.RaftServerConfigKeys (ConfUtils.java:logGet(43)) - raft.server.log.segment.cache.num.max = 2 (custom)
2019-09-26 15:13:30,075 [pool-27-thread-1] INFO  segmented.SegmentedRaftLogWorker (SegmentedRaftLogWorker.java:<init>(172)) - new b3e939fd-eb36-468b-9efe-5d0a1fdaa172@group-C4FDEBA5923A-SegmentedRaftLogWorker for RaftStorage:Storage Directory /workdir/hadoop-ozone/integration-test/target/test-dir/MiniOzoneClusterImpl-7e2f4b2f-6763-4a45-9ec4-264c2cef7c61/datanode-0/data/ratis/8d79c078-2dec-4fde-b6a8-c4fdeba5923a
2019-09-26 15:13:30,075 [pool-27-thread-1] INFO  server.RaftServerConfigKeys (ConfUtils.java:logGet(43)) - raft.server.log.queue.byte-limit = 2147483647 (custom)
2019-09-26 15:13:30,075 [pool-27-thread-1] INFO  server.RaftServerConfigKeys (ConfUtils.java:logGet(43)) - raft.server.log.queue.element-limit = 1024 (custom)
2019-09-26 15:13:30,075 [pool-27-thread-1] INFO  server.RaftServerConfigKeys (ConfUtils.java:logGet(43)) - raft.server.log.segment.size.max = 1048576 (custom)
2019-09-26 15:13:30,075 [pool-27-thread-1] INFO  server.RaftServerConfigKeys (ConfUtils.java:logGet(43)) - raft.server.log.preallocated.size = 16384 (custom)
2019-09-26 15:13:30,075 [pool-27-thread-1] INFO  server.RaftServerConfigKeys (ConfUtils.java:logGet(43)) - raft.server.log.write.buffer.size = 33554432 (custom)
2019-09-26 15:13:30,076 [pool-27-thread-1] INFO  server.RaftServerConfigKeys (ConfUtils.java:logGet(43)) - raft.server.log.force.sync.num = 128 (default)
2019-09-26 15:13:30,076 [pool-27-thread-1] INFO  server.RaftServerConfigKeys (ConfUtils.java:logGet(43)) - raft.server.log.statemachine.data.sync = true (default)
2019-09-26 15:13:30,076 [pool-27-thread-1] INFO  server.RaftServerConfigKeys (ConfUtils.java:logGet(43)) - raft.server.log.statemachine.data.sync.timeout = 10s (default)
2019-09-26 15:13:30,076 [pool-27-thread-1] INFO  server.RaftServerConfigKeys (ConfUtils.java:logGet(43)) - raft.server.log.statemachine.data.sync.timeout.retry = -1 (default)
2019-09-26 15:13:30,076 [pool-27-thread-1] INFO  server.RaftServerConfigKeys (ConfUtils.java:logGet(43)) - raft.server.log.statemachine.data.caching.enabled = true (custom)
2019-09-26 15:13:30,077 [pool-27-thread-1] INFO  segmented.SegmentedRaftLogWorker (SegmentedRaftLogWorker.java:lambda$new$0(132)) - b3e939fd-eb36-468b-9efe-5d0a1fdaa172@group-C4FDEBA5923A-SegmentedRaftLogWorker: flushIndex: setUnconditionally 0 -> -1
2019-09-26 15:13:30,077 [pool-27-thread-1] INFO  server.RaftServerConfigKeys (ConfUtils.java:logGet(43)) - raft.server.snapshot.auto.trigger.enabled = true (custom)
2019-09-26 15:13:30,077 [pool-27-thread-1] INFO  server.RaftServerConfigKeys (ConfUtils.java:logGet(43)) - raft.server.snapshot.auto.trigger.threshold = 10000 (custom)
2019-09-26 15:13:30,077 [pool-27-thread-1] INFO  server.RaftServerConfigKeys (ConfUtils.java:logGet(43)) - raft.server.snapshot.retention.num.files = 5 (custom)
2019-09-26 15:13:30,077 [pool-27-thread-1] INFO  server.RaftServerConfigKeys (ConfUtils.java:logGet(43)) - raft.server.retrycache.expirytime = 600000ms (custom)
2019-09-26 15:13:30,079 [pool-27-thread-1] INFO  impl.RaftServerImpl (RaftServerImpl.java:start(185)) - b3e939fd-eb36-468b-9efe-5d0a1fdaa172@group-C4FDEBA5923A: start as a follower, conf=-1: [b3e939fd-eb36-468b-9efe-5d0a1fdaa172:192.168.151.99:45433], old=null
2019-09-26 15:13:30,079 [pool-27-thread-1] INFO  impl.RaftServerImpl (RaftServerImpl.java:setRole(174)) - b3e939fd-eb36-468b-9efe-5d0a1fdaa172@group-C4FDEBA5923A: changes role from      null to FOLLOWER at term 0 for startAsFollower
2019-09-26 15:13:30,079 [pool-27-thread-1] INFO  impl.RoleInfo (RoleInfo.java:updateAndGet(143)) - b3e939fd-eb36-468b-9efe-5d0a1fdaa172: start FollowerState
2019-09-26 15:13:30,079 [pool-27-thread-1] INFO  util.JmxRegister (JmxRegister.java:tryRegister(44)) - Successfully registered JMX Bean with object name Ratis:service=RaftServer,group=group-C4FDEBA5923A,id=b3e939fd-eb36-468b-9efe-5d0a1fdaa172
2019-09-26 15:13:30,081 [RatisPipelineUtilsThread] INFO  pipeline.PipelineStateManager (PipelineStateManager.java:addPipeline(56)) - Created pipeline Pipeline[ Id: 8d79c078-2dec-4fde-b6a8-c4fdeba5923a, Nodes: b3e939fd-eb36-468b-9efe-5d0a1fdaa172{ip: 192.168.151.99, host: pr-hdds-1569-g6sp5-2013761785, networkLocation: /default-rack, certSerialId: null}, Type:RATIS, Factor:ONE, State:OPEN]
2019-09-26 15:13:30,084 [grpc-default-executor-0] INFO  impl.RaftServerProxy (RaftServerProxy.java:addNew(89)) - b3e939fd-eb36-468b-9efe-5d0a1fdaa172: addNew group-B87D49FAC1EB:[b3e939fd-eb36-468b-9efe-5d0a1fdaa172:192.168.151.99:45433] returns group-B87D49FAC1EB:java.util.concurrent.CompletableFuture@19f1bba7[Not completed]
2019-09-26 15:13:30,085 [pool-27-thread-1] INFO  impl.RaftServerImpl (RaftServerImpl.java:<init>(95)) - b3e939fd-eb36-468b-9efe-5d0a1fdaa172: new RaftServerImpl for group-B87D49FAC1EB:[b3e939fd-eb36-468b-9efe-5d0a1fdaa172:192.168.151.99:45433] with ContainerStateMachine:uninitialized
2019-09-26 15:13:30,085 [pool-27-thread-1] INFO  server.RaftServerConfigKeys (ConfUtils.java:logGet(43)) - raft.server.rpc.timeout.min = 5s (custom)
2019-09-26 15:13:30,085 [pool-27-thread-1] INFO  server.RaftServerConfigKeys (ConfUtils.java:logGet(43)) - raft.server.rpc.timeout.max = 5200ms (custom)
2019-09-26 15:13:30,086 [pool-27-thread-1] INFO  server.RaftServerConfigKeys (ConfUtils.java:logGet(43)) - raft.server.rpcslowness.timeout = 120s (custom)
2019-09-26 15:13:30,086 [pool-27-thread-1] INFO  server.RaftServerConfigKeys (ConfUtils.java:logGet(43)) - raft.server.sleep.deviation.threshold = 300 (default)
2019-09-26 15:13:30,086 [pool-27-thread-1] INFO  server.RaftServerConfigKeys (ConfUtils.java:logGet(43)) - raft.server.log.appender.install.snapshot.enabled = false (custom)
2019-09-26 15:13:30,086 [pool-27-thread-1] INFO  impl.RaftServerImpl (ServerState.java:<init>(103)) - b3e939fd-eb36-468b-9efe-5d0a1fdaa172@group-B87D49FAC1EB: ConfigurationManager, init=-1: [b3e939fd-eb36-468b-9efe-5d0a1fdaa172:192.168.151.99:45433], old=null, confs=<EMPTY_MAP>
2019-09-26 15:13:30,086 [pool-27-thread-1] INFO  server.RaftServerConfigKeys (ConfUtils.java:logGet(43)) - raft.server.storage.dir = [/workdir/hadoop-ozone/integration-test/target/test-dir/MiniOzoneClusterImpl-7e2f4b2f-6763-4a45-9ec4-264c2cef7c61/datanode-0/data/ratis] (custom)
2019-09-26 15:13:30,087 [pool-27-thread-1] INFO  storage.RaftStorageDirectory (RaftStorageDirectory.java:analyzeStorage(246)) - The storage directory /workdir/hadoop-ozone/integration-test/target/test-dir/MiniOzoneClusterImpl-7e2f4b2f-6763-4a45-9ec4-264c2cef7c61/datanode-0/data/ratis/90ac7fd6-ae9c-4475-9850-b87d49fac1eb does not exist. Creating ...
2019-09-26 15:13:30,100 [pool-27-thread-1] INFO  storage.RaftStorageDirectory (RaftStorageDirectory.java:tryLock(328)) - Lock on /workdir/hadoop-ozone/integration-test/target/test-dir/MiniOzoneClusterImpl-7e2f4b2f-6763-4a45-9ec4-264c2cef7c61/datanode-0/data/ratis/90ac7fd6-ae9c-4475-9850-b87d49fac1eb/in_use.lock acquired by nodename 11803@pr-hdds-1569-g6sp5-2013761785
2019-09-26 15:13:30,114 [pool-27-thread-1] INFO  storage.RaftStorage (RaftStorage.java:format(72)) - Storage directory /workdir/hadoop-ozone/integration-test/target/test-dir/MiniOzoneClusterImpl-7e2f4b2f-6763-4a45-9ec4-264c2cef7c61/datanode-0/data/ratis/90ac7fd6-ae9c-4475-9850-b87d49fac1eb has been successfully formatted.
2019-09-26 15:13:30,114 [pool-27-thread-1] INFO  ratis.ContainerStateMachine (ContainerStateMachine.java:loadSnapshot(230)) - group-B87D49FAC1EB: The snapshot info is null. Setting the last applied indexto:(t:0, i:~)
2019-09-26 15:13:30,115 [pool-27-thread-1] INFO  server.RaftServerConfigKeys (ConfUtils.java:logGet(43)) - raft.server.notification.no-leader.timeout = 120s (custom)
2019-09-26 15:13:30,115 [pool-27-thread-1] INFO  server.RaftServerConfigKeys (ConfUtils.java:logGet(43)) - raft.server.log.use.memory = false (default)
2019-09-26 15:13:30,115 [pool-27-thread-1] INFO  server.RaftServerConfigKeys (ConfUtils.java:logGet(43)) - raft.server.log.purge.gap = 1000000 (custom)
2019-09-26 15:13:30,115 [pool-27-thread-1] INFO  server.RaftServerConfigKeys (ConfUtils.java:logGet(43)) - raft.server.log.appender.buffer.byte-limit = 33554432 (custom)
2019-09-26 15:13:30,115 [pool-27-thread-1] INFO  server.RaftServerConfigKeys (ConfUtils.java:logGet(43)) - raft.server.log.segment.size.max = 1048576 (custom)
2019-09-26 15:13:30,115 [pool-27-thread-1] INFO  server.RaftServerConfigKeys (ConfUtils.java:logGet(43)) - raft.server.log.segment.cache.num.max = 2 (custom)
2019-09-26 15:13:30,116 [pool-27-thread-1] INFO  segmented.SegmentedRaftLogWorker (SegmentedRaftLogWorker.java:<init>(172)) - new b3e939fd-eb36-468b-9efe-5d0a1fdaa172@group-B87D49FAC1EB-SegmentedRaftLogWorker for RaftStorage:Storage Directory /workdir/hadoop-ozone/integration-test/target/test-dir/MiniOzoneClusterImpl-7e2f4b2f-6763-4a45-9ec4-264c2cef7c61/datanode-0/data/ratis/90ac7fd6-ae9c-4475-9850-b87d49fac1eb
2019-09-26 15:13:30,116 [pool-27-thread-1] INFO  server.RaftServerConfigKeys (ConfUtils.java:logGet(43)) - raft.server.log.queue.byte-limit = 2147483647 (custom)
2019-09-26 15:13:30,116 [pool-27-thread-1] INFO  server.RaftServerConfigKeys (ConfUtils.java:logGet(43)) - raft.server.log.queue.element-limit = 1024 (custom)
2019-09-26 15:13:30,116 [pool-27-thread-1] INFO  server.RaftServerConfigKeys (ConfUtils.java:logGet(43)) - raft.server.log.segment.size.max = 1048576 (custom)
2019-09-26 15:13:30,116 [pool-27-thread-1] INFO  server.RaftServerConfigKeys (ConfUtils.java:logGet(43)) - raft.server.log.preallocated.size = 16384 (custom)
2019-09-26 15:13:30,116 [pool-27-thread-1] INFO  server.RaftServerConfigKeys (ConfUtils.java:logGet(43)) - raft.server.log.write.buffer.size = 33554432 (custom)
2019-09-26 15:13:30,117 [pool-27-thread-1] INFO  server.RaftServerConfigKeys (ConfUtils.java:logGet(43)) - raft.server.log.force.sync.num = 128 (default)
2019-09-26 15:13:30,117 [pool-27-thread-1] INFO  server.RaftServerConfigKeys (ConfUtils.java:logGet(43)) - raft.server.log.statemachine.data.sync = true (default)
2019-09-26 15:13:30,117 [pool-27-thread-1] INFO  server.RaftServerConfigKeys (ConfUtils.java:logGet(43)) - raft.server.log.statemachine.data.sync.timeout = 10s (default)
2019-09-26 15:13:30,117 [pool-27-thread-1] INFO  server.RaftServerConfigKeys (ConfUtils.java:logGet(43)) - raft.server.log.statemachine.data.sync.timeout.retry = -1 (default)
2019-09-26 15:13:30,117 [pool-27-thread-1] INFO  server.RaftServerConfigKeys (ConfUtils.java:logGet(43)) - raft.server.log.statemachine.data.caching.enabled = true (custom)
2019-09-26 15:13:30,118 [pool-27-thread-1] INFO  segmented.SegmentedRaftLogWorker (SegmentedRaftLogWorker.java:lambda$new$0(132)) - b3e939fd-eb36-468b-9efe-5d0a1fdaa172@group-B87D49FAC1EB-SegmentedRaftLogWorker: flushIndex: setUnconditionally 0 -> -1
2019-09-26 15:13:30,118 [pool-27-thread-1] INFO  server.RaftServerConfigKeys (ConfUtils.java:logGet(43)) - raft.server.snapshot.auto.trigger.enabled = true (custom)
2019-09-26 15:13:30,118 [pool-27-thread-1] INFO  server.RaftServerConfigKeys (ConfUtils.java:logGet(43)) - raft.server.snapshot.auto.trigger.threshold = 10000 (custom)
2019-09-26 15:13:30,119 [pool-27-thread-1] INFO  server.RaftServerConfigKeys (ConfUtils.java:logGet(43)) - raft.server.snapshot.retention.num.files = 5 (custom)
2019-09-26 15:13:30,119 [pool-27-thread-1] INFO  server.RaftServerConfigKeys (ConfUtils.java:logGet(43)) - raft.server.retrycache.expirytime = 600000ms (custom)
2019-09-26 15:13:30,121 [pool-27-thread-1] INFO  impl.RaftServerImpl (RaftServerImpl.java:start(185)) - b3e939fd-eb36-468b-9efe-5d0a1fdaa172@group-B87D49FAC1EB: start as a follower, conf=-1: [b3e939fd-eb36-468b-9efe-5d0a1fdaa172:192.168.151.99:45433], old=null
2019-09-26 15:13:30,121 [pool-27-thread-1] INFO  impl.RaftServerImpl (RaftServerImpl.java:setRole(174)) - b3e939fd-eb36-468b-9efe-5d0a1fdaa172@group-B87D49FAC1EB: changes role from      null to FOLLOWER at term 0 for startAsFollower
2019-09-26 15:13:30,121 [pool-27-thread-1] INFO  impl.RoleInfo (RoleInfo.java:updateAndGet(143)) - b3e939fd-eb36-468b-9efe-5d0a1fdaa172: start FollowerState
2019-09-26 15:13:30,122 [pool-27-thread-1] INFO  util.JmxRegister (JmxRegister.java:tryRegister(44)) - Successfully registered JMX Bean with object name Ratis:service=RaftServer,group=group-B87D49FAC1EB,id=b3e939fd-eb36-468b-9efe-5d0a1fdaa172
2019-09-26 15:13:30,124 [RatisPipelineUtilsThread] INFO  pipeline.PipelineStateManager (PipelineStateManager.java:addPipeline(56)) - Created pipeline Pipeline[ Id: 90ac7fd6-ae9c-4475-9850-b87d49fac1eb, Nodes: b3e939fd-eb36-468b-9efe-5d0a1fdaa172{ip: 192.168.151.99, host: pr-hdds-1569-g6sp5-2013761785, networkLocation: /default-rack, certSerialId: null}, Type:RATIS, Factor:ONE, State:OPEN]
2019-09-26 15:13:30,127 [grpc-default-executor-0] INFO  impl.RaftServerProxy (RaftServerProxy.java:addNew(89)) - b3e939fd-eb36-468b-9efe-5d0a1fdaa172: addNew group-1B7B953A35B5:[b3e939fd-eb36-468b-9efe-5d0a1fdaa172:192.168.151.99:45433] returns group-1B7B953A35B5:java.util.concurrent.CompletableFuture@449eb8b2[Not completed]
2019-09-26 15:13:30,128 [pool-27-thread-1] INFO  impl.RaftServerImpl (RaftServerImpl.java:<init>(95)) - b3e939fd-eb36-468b-9efe-5d0a1fdaa172: new RaftServerImpl for group-1B7B953A35B5:[b3e939fd-eb36-468b-9efe-5d0a1fdaa172:192.168.151.99:45433] with ContainerStateMachine:uninitialized
2019-09-26 15:13:30,128 [pool-27-thread-1] INFO  server.RaftServerConfigKeys (ConfUtils.java:logGet(43)) - raft.server.rpc.timeout.min = 5s (custom)
2019-09-26 15:13:30,128 [pool-27-thread-1] INFO  server.RaftServerConfigKeys (ConfUtils.java:logGet(43)) - raft.server.rpc.timeout.max = 5200ms (custom)
2019-09-26 15:13:30,128 [pool-27-thread-1] INFO  server.RaftServerConfigKeys (ConfUtils.java:logGet(43)) - raft.server.rpcslowness.timeout = 120s (custom)
2019-09-26 15:13:30,129 [pool-27-thread-1] INFO  server.RaftServerConfigKeys (ConfUtils.java:logGet(43)) - raft.server.sleep.deviation.threshold = 300 (default)
2019-09-26 15:13:30,129 [pool-27-thread-1] INFO  server.RaftServerConfigKeys (ConfUtils.java:logGet(43)) - raft.server.log.appender.install.snapshot.enabled = false (custom)
2019-09-26 15:13:30,129 [pool-27-thread-1] INFO  impl.RaftServerImpl (ServerState.java:<init>(103)) - b3e939fd-eb36-468b-9efe-5d0a1fdaa172@group-1B7B953A35B5: ConfigurationManager, init=-1: [b3e939fd-eb36-468b-9efe-5d0a1fdaa172:192.168.151.99:45433], old=null, confs=<EMPTY_MAP>
2019-09-26 15:13:30,129 [pool-27-thread-1] INFO  server.RaftServerConfigKeys (ConfUtils.java:logGet(43)) - raft.server.storage.dir = [/workdir/hadoop-ozone/integration-test/target/test-dir/MiniOzoneClusterImpl-7e2f4b2f-6763-4a45-9ec4-264c2cef7c61/datanode-0/data/ratis] (custom)
2019-09-26 15:13:30,130 [pool-27-thread-1] INFO  storage.RaftStorageDirectory (RaftStorageDirectory.java:analyzeStorage(246)) - The storage directory /workdir/hadoop-ozone/integration-test/target/test-dir/MiniOzoneClusterImpl-7e2f4b2f-6763-4a45-9ec4-264c2cef7c61/datanode-0/data/ratis/810cf4a9-6d79-45ba-8903-1b7b953a35b5 does not exist. Creating ...
2019-09-26 15:13:30,154 [pool-27-thread-1] INFO  storage.RaftStorageDirectory (RaftStorageDirectory.java:tryLock(328)) - Lock on /workdir/hadoop-ozone/integration-test/target/test-dir/MiniOzoneClusterImpl-7e2f4b2f-6763-4a45-9ec4-264c2cef7c61/datanode-0/data/ratis/810cf4a9-6d79-45ba-8903-1b7b953a35b5/in_use.lock acquired by nodename 11803@pr-hdds-1569-g6sp5-2013761785
2019-09-26 15:13:30,181 [pool-27-thread-1] INFO  storage.RaftStorage (RaftStorage.java:format(72)) - Storage directory /workdir/hadoop-ozone/integration-test/target/test-dir/MiniOzoneClusterImpl-7e2f4b2f-6763-4a45-9ec4-264c2cef7c61/datanode-0/data/ratis/810cf4a9-6d79-45ba-8903-1b7b953a35b5 has been successfully formatted.
2019-09-26 15:13:30,181 [pool-27-thread-1] INFO  ratis.ContainerStateMachine (ContainerStateMachine.java:loadSnapshot(230)) - group-1B7B953A35B5: The snapshot info is null. Setting the last applied indexto:(t:0, i:~)
2019-09-26 15:13:30,181 [pool-27-thread-1] INFO  server.RaftServerConfigKeys (ConfUtils.java:logGet(43)) - raft.server.notification.no-leader.timeout = 120s (custom)
2019-09-26 15:13:30,181 [pool-27-thread-1] INFO  server.RaftServerConfigKeys (ConfUtils.java:logGet(43)) - raft.server.log.use.memory = false (default)
2019-09-26 15:13:30,182 [pool-27-thread-1] INFO  server.RaftServerConfigKeys (ConfUtils.java:logGet(43)) - raft.server.log.purge.gap = 1000000 (custom)
2019-09-26 15:13:30,182 [pool-27-thread-1] INFO  server.RaftServerConfigKeys (ConfUtils.java:logGet(43)) - raft.server.log.appender.buffer.byte-limit = 33554432 (custom)
2019-09-26 15:13:30,182 [pool-27-thread-1] INFO  server.RaftServerConfigKeys (ConfUtils.java:logGet(43)) - raft.server.log.segment.size.max = 1048576 (custom)
2019-09-26 15:13:30,182 [pool-27-thread-1] INFO  server.RaftServerConfigKeys (ConfUtils.java:logGet(43)) - raft.server.log.segment.cache.num.max = 2 (custom)
2019-09-26 15:13:30,182 [pool-27-thread-1] INFO  segmented.SegmentedRaftLogWorker (SegmentedRaftLogWorker.java:<init>(172)) - new b3e939fd-eb36-468b-9efe-5d0a1fdaa172@group-1B7B953A35B5-SegmentedRaftLogWorker for RaftStorage:Storage Directory /workdir/hadoop-ozone/integration-test/target/test-dir/MiniOzoneClusterImpl-7e2f4b2f-6763-4a45-9ec4-264c2cef7c61/datanode-0/data/ratis/810cf4a9-6d79-45ba-8903-1b7b953a35b5
2019-09-26 15:13:30,182 [pool-27-thread-1] INFO  server.RaftServerConfigKeys (ConfUtils.java:logGet(43)) - raft.server.log.queue.byte-limit = 2147483647 (custom)
2019-09-26 15:13:30,182 [pool-27-thread-1] INFO  server.RaftServerConfigKeys (ConfUtils.java:logGet(43)) - raft.server.log.queue.element-limit = 1024 (custom)
2019-09-26 15:13:30,182 [pool-27-thread-1] INFO  server.RaftServerConfigKeys (ConfUtils.java:logGet(43)) - raft.server.log.segment.size.max = 1048576 (custom)
2019-09-26 15:13:30,183 [pool-27-thread-1] INFO  server.RaftServerConfigKeys (ConfUtils.java:logGet(43)) - raft.server.log.preallocated.size = 16384 (custom)
2019-09-26 15:13:30,183 [pool-27-thread-1] INFO  server.RaftServerConfigKeys (ConfUtils.java:logGet(43)) - raft.server.log.write.buffer.size = 33554432 (custom)
2019-09-26 15:13:30,183 [pool-27-thread-1] INFO  server.RaftServerConfigKeys (ConfUtils.java:logGet(43)) - raft.server.log.force.sync.num = 128 (default)
2019-09-26 15:13:30,183 [pool-27-thread-1] INFO  server.RaftServerConfigKeys (ConfUtils.java:logGet(43)) - raft.server.log.statemachine.data.sync = true (default)
2019-09-26 15:13:30,183 [pool-27-thread-1] INFO  server.RaftServerConfigKeys (ConfUtils.java:logGet(43)) - raft.server.log.statemachine.data.sync.timeout = 10s (default)
2019-09-26 15:13:30,183 [pool-27-thread-1] INFO  server.RaftServerConfigKeys (ConfUtils.java:logGet(43)) - raft.server.log.statemachine.data.sync.timeout.retry = -1 (default)
2019-09-26 15:13:30,183 [pool-27-thread-1] INFO  server.RaftServerConfigKeys (ConfUtils.java:logGet(43)) - raft.server.log.statemachine.data.caching.enabled = true (custom)
2019-09-26 15:13:30,183 [pool-27-thread-1] INFO  segmented.SegmentedRaftLogWorker (SegmentedRaftLogWorker.java:lambda$new$0(132)) - b3e939fd-eb36-468b-9efe-5d0a1fdaa172@group-1B7B953A35B5-SegmentedRaftLogWorker: flushIndex: setUnconditionally 0 -> -1
2019-09-26 15:13:30,184 [pool-27-thread-1] INFO  server.RaftServerConfigKeys (ConfUtils.java:logGet(43)) - raft.server.snapshot.auto.trigger.enabled = true (custom)
2019-09-26 15:13:30,184 [pool-27-thread-1] INFO  server.RaftServerConfigKeys (ConfUtils.java:logGet(43)) - raft.server.snapshot.auto.trigger.threshold = 10000 (custom)
2019-09-26 15:13:30,184 [pool-27-thread-1] INFO  server.RaftServerConfigKeys (ConfUtils.java:logGet(43)) - raft.server.snapshot.retention.num.files = 5 (custom)
2019-09-26 15:13:30,184 [pool-27-thread-1] INFO  server.RaftServerConfigKeys (ConfUtils.java:logGet(43)) - raft.server.retrycache.expirytime = 600000ms (custom)
2019-09-26 15:13:30,186 [pool-27-thread-1] INFO  impl.RaftServerImpl (RaftServerImpl.java:start(185)) - b3e939fd-eb36-468b-9efe-5d0a1fdaa172@group-1B7B953A35B5: start as a follower, conf=-1: [b3e939fd-eb36-468b-9efe-5d0a1fdaa172:192.168.151.99:45433], old=null
2019-09-26 15:13:30,186 [pool-27-thread-1] INFO  impl.RaftServerImpl (RaftServerImpl.java:setRole(174)) - b3e939fd-eb36-468b-9efe-5d0a1fdaa172@group-1B7B953A35B5: changes role from      null to FOLLOWER at term 0 for startAsFollower
2019-09-26 15:13:30,186 [pool-27-thread-1] INFO  impl.RoleInfo (RoleInfo.java:updateAndGet(143)) - b3e939fd-eb36-468b-9efe-5d0a1fdaa172: start FollowerState
2019-09-26 15:13:30,186 [pool-27-thread-1] INFO  util.JmxRegister (JmxRegister.java:tryRegister(44)) - Successfully registered JMX Bean with object name Ratis:service=RaftServer,group=group-1B7B953A35B5,id=b3e939fd-eb36-468b-9efe-5d0a1fdaa172
2019-09-26 15:13:30,188 [RatisPipelineUtilsThread] INFO  pipeline.PipelineStateManager (PipelineStateManager.java:addPipeline(56)) - Created pipeline Pipeline[ Id: 810cf4a9-6d79-45ba-8903-1b7b953a35b5, Nodes: b3e939fd-eb36-468b-9efe-5d0a1fdaa172{ip: 192.168.151.99, host: pr-hdds-1569-g6sp5-2013761785, networkLocation: /default-rack, certSerialId: null}, Type:RATIS, Factor:ONE, State:OPEN]
2019-09-26 15:13:30,191 [grpc-default-executor-0] INFO  impl.RaftServerProxy (RaftServerProxy.java:addNew(89)) - b3e939fd-eb36-468b-9efe-5d0a1fdaa172: addNew group-E00230405E12:[b3e939fd-eb36-468b-9efe-5d0a1fdaa172:192.168.151.99:45433] returns group-E00230405E12:java.util.concurrent.CompletableFuture@1bcbbbb4[Not completed]
2019-09-26 15:13:30,192 [pool-27-thread-1] INFO  impl.RaftServerImpl (RaftServerImpl.java:<init>(95)) - b3e939fd-eb36-468b-9efe-5d0a1fdaa172: new RaftServerImpl for group-E00230405E12:[b3e939fd-eb36-468b-9efe-5d0a1fdaa172:192.168.151.99:45433] with ContainerStateMachine:uninitialized
2019-09-26 15:13:30,192 [pool-27-thread-1] INFO  server.RaftServerConfigKeys (ConfUtils.java:logGet(43)) - raft.server.rpc.timeout.min = 5s (custom)
2019-09-26 15:13:30,193 [pool-27-thread-1] INFO  server.RaftServerConfigKeys (ConfUtils.java:logGet(43)) - raft.server.rpc.timeout.max = 5200ms (custom)
2019-09-26 15:13:30,193 [pool-27-thread-1] INFO  server.RaftServerConfigKeys (ConfUtils.java:logGet(43)) - raft.server.rpcslowness.timeout = 120s (custom)
2019-09-26 15:13:30,193 [pool-27-thread-1] INFO  server.RaftServerConfigKeys (ConfUtils.java:logGet(43)) - raft.server.sleep.deviation.threshold = 300 (default)
2019-09-26 15:13:30,193 [pool-27-thread-1] INFO  server.RaftServerConfigKeys (ConfUtils.java:logGet(43)) - raft.server.log.appender.install.snapshot.enabled = false (custom)
2019-09-26 15:13:30,193 [pool-27-thread-1] INFO  impl.RaftServerImpl (ServerState.java:<init>(103)) - b3e939fd-eb36-468b-9efe-5d0a1fdaa172@group-E00230405E12: ConfigurationManager, init=-1: [b3e939fd-eb36-468b-9efe-5d0a1fdaa172:192.168.151.99:45433], old=null, confs=<EMPTY_MAP>
2019-09-26 15:13:30,193 [pool-27-thread-1] INFO  server.RaftServerConfigKeys (ConfUtils.java:logGet(43)) - raft.server.storage.dir = [/workdir/hadoop-ozone/integration-test/target/test-dir/MiniOzoneClusterImpl-7e2f4b2f-6763-4a45-9ec4-264c2cef7c61/datanode-0/data/ratis] (custom)
2019-09-26 15:13:30,194 [pool-27-thread-1] INFO  storage.RaftStorageDirectory (RaftStorageDirectory.java:analyzeStorage(246)) - The storage directory /workdir/hadoop-ozone/integration-test/target/test-dir/MiniOzoneClusterImpl-7e2f4b2f-6763-4a45-9ec4-264c2cef7c61/datanode-0/data/ratis/6965f9ac-2269-46c3-89b7-e00230405e12 does not exist. Creating ...
2019-09-26 15:13:30,212 [pool-27-thread-1] INFO  storage.RaftStorageDirectory (RaftStorageDirectory.java:tryLock(328)) - Lock on /workdir/hadoop-ozone/integration-test/target/test-dir/MiniOzoneClusterImpl-7e2f4b2f-6763-4a45-9ec4-264c2cef7c61/datanode-0/data/ratis/6965f9ac-2269-46c3-89b7-e00230405e12/in_use.lock acquired by nodename 11803@pr-hdds-1569-g6sp5-2013761785
2019-09-26 15:13:30,226 [pool-27-thread-1] INFO  storage.RaftStorage (RaftStorage.java:format(72)) - Storage directory /workdir/hadoop-ozone/integration-test/target/test-dir/MiniOzoneClusterImpl-7e2f4b2f-6763-4a45-9ec4-264c2cef7c61/datanode-0/data/ratis/6965f9ac-2269-46c3-89b7-e00230405e12 has been successfully formatted.
2019-09-26 15:13:30,226 [pool-27-thread-1] INFO  ratis.ContainerStateMachine (ContainerStateMachine.java:loadSnapshot(230)) - group-E00230405E12: The snapshot info is null. Setting the last applied indexto:(t:0, i:~)
2019-09-26 15:13:30,226 [pool-27-thread-1] INFO  server.RaftServerConfigKeys (ConfUtils.java:logGet(43)) - raft.server.notification.no-leader.timeout = 120s (custom)
2019-09-26 15:13:30,226 [pool-27-thread-1] INFO  server.RaftServerConfigKeys (ConfUtils.java:logGet(43)) - raft.server.log.use.memory = false (default)
2019-09-26 15:13:30,226 [pool-27-thread-1] INFO  server.RaftServerConfigKeys (ConfUtils.java:logGet(43)) - raft.server.log.purge.gap = 1000000 (custom)
2019-09-26 15:13:30,226 [pool-27-thread-1] INFO  server.RaftServerConfigKeys (ConfUtils.java:logGet(43)) - raft.server.log.appender.buffer.byte-limit = 33554432 (custom)
2019-09-26 15:13:30,227 [pool-27-thread-1] INFO  server.RaftServerConfigKeys (ConfUtils.java:logGet(43)) - raft.server.log.segment.size.max = 1048576 (custom)
2019-09-26 15:13:30,227 [pool-27-thread-1] INFO  server.RaftServerConfigKeys (ConfUtils.java:logGet(43)) - raft.server.log.segment.cache.num.max = 2 (custom)
2019-09-26 15:13:30,227 [pool-27-thread-1] INFO  segmented.SegmentedRaftLogWorker (SegmentedRaftLogWorker.java:<init>(172)) - new b3e939fd-eb36-468b-9efe-5d0a1fdaa172@group-E00230405E12-SegmentedRaftLogWorker for RaftStorage:Storage Directory /workdir/hadoop-ozone/integration-test/target/test-dir/MiniOzoneClusterImpl-7e2f4b2f-6763-4a45-9ec4-264c2cef7c61/datanode-0/data/ratis/6965f9ac-2269-46c3-89b7-e00230405e12
2019-09-26 15:13:30,227 [pool-27-thread-1] INFO  server.RaftServerConfigKeys (ConfUtils.java:logGet(43)) - raft.server.log.queue.byte-limit = 2147483647 (custom)
2019-09-26 15:13:30,227 [pool-27-thread-1] INFO  server.RaftServerConfigKeys (ConfUtils.java:logGet(43)) - raft.server.log.queue.element-limit = 1024 (custom)
2019-09-26 15:13:30,227 [pool-27-thread-1] INFO  server.RaftServerConfigKeys (ConfUtils.java:logGet(43)) - raft.server.log.segment.size.max = 1048576 (custom)
2019-09-26 15:13:30,227 [pool-27-thread-1] INFO  server.RaftServerConfigKeys (ConfUtils.java:logGet(43)) - raft.server.log.preallocated.size = 16384 (custom)
2019-09-26 15:13:30,227 [pool-27-thread-1] INFO  server.RaftServerConfigKeys (ConfUtils.java:logGet(43)) - raft.server.log.write.buffer.size = 33554432 (custom)
2019-09-26 15:13:30,227 [pool-27-thread-1] INFO  server.RaftServerConfigKeys (ConfUtils.java:logGet(43)) - raft.server.log.force.sync.num = 128 (default)
2019-09-26 15:13:30,227 [pool-27-thread-1] INFO  server.RaftServerConfigKeys (ConfUtils.java:logGet(43)) - raft.server.log.statemachine.data.sync = true (default)
2019-09-26 15:13:30,227 [pool-27-thread-1] INFO  server.RaftServerConfigKeys (ConfUtils.java:logGet(43)) - raft.server.log.statemachine.data.sync.timeout = 10s (default)
2019-09-26 15:13:30,228 [pool-27-thread-1] INFO  server.RaftServerConfigKeys (ConfUtils.java:logGet(43)) - raft.server.log.statemachine.data.sync.timeout.retry = -1 (default)
2019-09-26 15:13:30,228 [pool-27-thread-1] INFO  server.RaftServerConfigKeys (ConfUtils.java:logGet(43)) - raft.server.log.statemachine.data.caching.enabled = true (custom)
2019-09-26 15:13:30,228 [pool-27-thread-1] INFO  segmented.SegmentedRaftLogWorker (SegmentedRaftLogWorker.java:lambda$new$0(132)) - b3e939fd-eb36-468b-9efe-5d0a1fdaa172@group-E00230405E12-SegmentedRaftLogWorker: flushIndex: setUnconditionally 0 -> -1
2019-09-26 15:13:30,228 [pool-27-thread-1] INFO  server.RaftServerConfigKeys (ConfUtils.java:logGet(43)) - raft.server.snapshot.auto.trigger.enabled = true (custom)
2019-09-26 15:13:30,228 [pool-27-thread-1] INFO  server.RaftServerConfigKeys (ConfUtils.java:logGet(43)) - raft.server.snapshot.auto.trigger.threshold = 10000 (custom)
2019-09-26 15:13:30,228 [pool-27-thread-1] INFO  server.RaftServerConfigKeys (ConfUtils.java:logGet(43)) - raft.server.snapshot.retention.num.files = 5 (custom)
2019-09-26 15:13:30,228 [pool-27-thread-1] INFO  server.RaftServerConfigKeys (ConfUtils.java:logGet(43)) - raft.server.retrycache.expirytime = 600000ms (custom)
2019-09-26 15:13:30,230 [pool-27-thread-1] INFO  impl.RaftServerImpl (RaftServerImpl.java:start(185)) - b3e939fd-eb36-468b-9efe-5d0a1fdaa172@group-E00230405E12: start as a follower, conf=-1: [b3e939fd-eb36-468b-9efe-5d0a1fdaa172:192.168.151.99:45433], old=null
2019-09-26 15:13:30,230 [pool-27-thread-1] INFO  impl.RaftServerImpl (RaftServerImpl.java:setRole(174)) - b3e939fd-eb36-468b-9efe-5d0a1fdaa172@group-E00230405E12: changes role from      null to FOLLOWER at term 0 for startAsFollower
2019-09-26 15:13:30,230 [pool-27-thread-1] INFO  impl.RoleInfo (RoleInfo.java:updateAndGet(143)) - b3e939fd-eb36-468b-9efe-5d0a1fdaa172: start FollowerState
2019-09-26 15:13:30,230 [pool-27-thread-1] INFO  util.JmxRegister (JmxRegister.java:tryRegister(44)) - Successfully registered JMX Bean with object name Ratis:service=RaftServer,group=group-E00230405E12,id=b3e939fd-eb36-468b-9efe-5d0a1fdaa172
2019-09-26 15:13:30,232 [RatisPipelineUtilsThread] INFO  pipeline.PipelineStateManager (PipelineStateManager.java:addPipeline(56)) - Created pipeline Pipeline[ Id: 6965f9ac-2269-46c3-89b7-e00230405e12, Nodes: b3e939fd-eb36-468b-9efe-5d0a1fdaa172{ip: 192.168.151.99, host: pr-hdds-1569-g6sp5-2013761785, networkLocation: /default-rack, certSerialId: null}, Type:RATIS, Factor:ONE, State:OPEN]
2019-09-26 15:13:30,235 [grpc-default-executor-0] INFO  impl.RaftServerProxy (RaftServerProxy.java:addNew(89)) - b3e939fd-eb36-468b-9efe-5d0a1fdaa172: addNew group-7F7680AB9573:[b3e939fd-eb36-468b-9efe-5d0a1fdaa172:192.168.151.99:45433] returns group-7F7680AB9573:java.util.concurrent.CompletableFuture@898c81c[Not completed]
2019-09-26 15:13:30,236 [pool-27-thread-1] INFO  impl.RaftServerImpl (RaftServerImpl.java:<init>(95)) - b3e939fd-eb36-468b-9efe-5d0a1fdaa172: new RaftServerImpl for group-7F7680AB9573:[b3e939fd-eb36-468b-9efe-5d0a1fdaa172:192.168.151.99:45433] with ContainerStateMachine:uninitialized
2019-09-26 15:13:30,236 [pool-27-thread-1] INFO  server.RaftServerConfigKeys (ConfUtils.java:logGet(43)) - raft.server.rpc.timeout.min = 5s (custom)
2019-09-26 15:13:30,236 [pool-27-thread-1] INFO  server.RaftServerConfigKeys (ConfUtils.java:logGet(43)) - raft.server.rpc.timeout.max = 5200ms (custom)
2019-09-26 15:13:30,236 [pool-27-thread-1] INFO  server.RaftServerConfigKeys (ConfUtils.java:logGet(43)) - raft.server.rpcslowness.timeout = 120s (custom)
2019-09-26 15:13:30,236 [pool-27-thread-1] INFO  server.RaftServerConfigKeys (ConfUtils.java:logGet(43)) - raft.server.sleep.deviation.threshold = 300 (default)
2019-09-26 15:13:30,236 [pool-27-thread-1] INFO  server.RaftServerConfigKeys (ConfUtils.java:logGet(43)) - raft.server.log.appender.install.snapshot.enabled = false (custom)
2019-09-26 15:13:30,236 [pool-27-thread-1] INFO  impl.RaftServerImpl (ServerState.java:<init>(103)) - b3e939fd-eb36-468b-9efe-5d0a1fdaa172@group-7F7680AB9573: ConfigurationManager, init=-1: [b3e939fd-eb36-468b-9efe-5d0a1fdaa172:192.168.151.99:45433], old=null, confs=<EMPTY_MAP>
2019-09-26 15:13:30,236 [pool-27-thread-1] INFO  server.RaftServerConfigKeys (ConfUtils.java:logGet(43)) - raft.server.storage.dir = [/workdir/hadoop-ozone/integration-test/target/test-dir/MiniOzoneClusterImpl-7e2f4b2f-6763-4a45-9ec4-264c2cef7c61/datanode-0/data/ratis] (custom)
2019-09-26 15:13:30,237 [pool-27-thread-1] INFO  storage.RaftStorageDirectory (RaftStorageDirectory.java:analyzeStorage(246)) - The storage directory /workdir/hadoop-ozone/integration-test/target/test-dir/MiniOzoneClusterImpl-7e2f4b2f-6763-4a45-9ec4-264c2cef7c61/datanode-0/data/ratis/418e07bc-3962-48a2-a58d-7f7680ab9573 does not exist. Creating ...
2019-09-26 15:13:30,243 [pool-27-thread-1] INFO  storage.RaftStorageDirectory (RaftStorageDirectory.java:tryLock(328)) - Lock on /workdir/hadoop-ozone/integration-test/target/test-dir/MiniOzoneClusterImpl-7e2f4b2f-6763-4a45-9ec4-264c2cef7c61/datanode-0/data/ratis/418e07bc-3962-48a2-a58d-7f7680ab9573/in_use.lock acquired by nodename 11803@pr-hdds-1569-g6sp5-2013761785
2019-09-26 15:13:30,267 [pool-27-thread-1] INFO  storage.RaftStorage (RaftStorage.java:format(72)) - Storage directory /workdir/hadoop-ozone/integration-test/target/test-dir/MiniOzoneClusterImpl-7e2f4b2f-6763-4a45-9ec4-264c2cef7c61/datanode-0/data/ratis/418e07bc-3962-48a2-a58d-7f7680ab9573 has been successfully formatted.
2019-09-26 15:13:30,268 [pool-27-thread-1] INFO  ratis.ContainerStateMachine (ContainerStateMachine.java:loadSnapshot(230)) - group-7F7680AB9573: The snapshot info is null. Setting the last applied indexto:(t:0, i:~)
2019-09-26 15:13:30,268 [pool-27-thread-1] INFO  server.RaftServerConfigKeys (ConfUtils.java:logGet(43)) - raft.server.notification.no-leader.timeout = 120s (custom)
2019-09-26 15:13:30,268 [pool-27-thread-1] INFO  server.RaftServerConfigKeys (ConfUtils.java:logGet(43)) - raft.server.log.use.memory = false (default)
2019-09-26 15:13:30,268 [pool-27-thread-1] INFO  server.RaftServerConfigKeys (ConfUtils.java:logGet(43)) - raft.server.log.purge.gap = 1000000 (custom)
2019-09-26 15:13:30,268 [pool-27-thread-1] INFO  server.RaftServerConfigKeys (ConfUtils.java:logGet(43)) - raft.server.log.appender.buffer.byte-limit = 33554432 (custom)
2019-09-26 15:13:30,268 [pool-27-thread-1] INFO  server.RaftServerConfigKeys (ConfUtils.java:logGet(43)) - raft.server.log.segment.size.max = 1048576 (custom)
2019-09-26 15:13:30,269 [pool-27-thread-1] INFO  server.RaftServerConfigKeys (ConfUtils.java:logGet(43)) - raft.server.log.segment.cache.num.max = 2 (custom)
2019-09-26 15:13:30,269 [pool-27-thread-1] INFO  segmented.SegmentedRaftLogWorker (SegmentedRaftLogWorker.java:<init>(172)) - new b3e939fd-eb36-468b-9efe-5d0a1fdaa172@group-7F7680AB9573-SegmentedRaftLogWorker for RaftStorage:Storage Directory /workdir/hadoop-ozone/integration-test/target/test-dir/MiniOzoneClusterImpl-7e2f4b2f-6763-4a45-9ec4-264c2cef7c61/datanode-0/data/ratis/418e07bc-3962-48a2-a58d-7f7680ab9573
2019-09-26 15:13:30,269 [pool-27-thread-1] INFO  server.RaftServerConfigKeys (ConfUtils.java:logGet(43)) - raft.server.log.queue.byte-limit = 2147483647 (custom)
2019-09-26 15:13:30,269 [pool-27-thread-1] INFO  server.RaftServerConfigKeys (ConfUtils.java:logGet(43)) - raft.server.log.queue.element-limit = 1024 (custom)
2019-09-26 15:13:30,269 [pool-27-thread-1] INFO  server.RaftServerConfigKeys (ConfUtils.java:logGet(43)) - raft.server.log.segment.size.max = 1048576 (custom)
2019-09-26 15:13:30,269 [pool-27-thread-1] INFO  server.RaftServerConfigKeys (ConfUtils.java:logGet(43)) - raft.server.log.preallocated.size = 16384 (custom)
2019-09-26 15:13:30,269 [pool-27-thread-1] INFO  server.RaftServerConfigKeys (ConfUtils.java:logGet(43)) - raft.server.log.write.buffer.size = 33554432 (custom)
2019-09-26 15:13:30,270 [pool-27-thread-1] INFO  server.RaftServerConfigKeys (ConfUtils.java:logGet(43)) - raft.server.log.force.sync.num = 128 (default)
2019-09-26 15:13:30,270 [pool-27-thread-1] INFO  server.RaftServerConfigKeys (ConfUtils.java:logGet(43)) - raft.server.log.statemachine.data.sync = true (default)
2019-09-26 15:13:30,270 [pool-27-thread-1] INFO  server.RaftServerConfigKeys (ConfUtils.java:logGet(43)) - raft.server.log.statemachine.data.sync.timeout = 10s (default)
2019-09-26 15:13:30,270 [pool-27-thread-1] INFO  server.RaftServerConfigKeys (ConfUtils.java:logGet(43)) - raft.server.log.statemachine.data.sync.timeout.retry = -1 (default)
2019-09-26 15:13:30,270 [pool-27-thread-1] INFO  server.RaftServerConfigKeys (ConfUtils.java:logGet(43)) - raft.server.log.statemachine.data.caching.enabled = true (custom)
2019-09-26 15:13:30,270 [pool-27-thread-1] INFO  segmented.SegmentedRaftLogWorker (SegmentedRaftLogWorker.java:lambda$new$0(132)) - b3e939fd-eb36-468b-9efe-5d0a1fdaa172@group-7F7680AB9573-SegmentedRaftLogWorker: flushIndex: setUnconditionally 0 -> -1
2019-09-26 15:13:30,271 [pool-27-thread-1] INFO  server.RaftServerConfigKeys (ConfUtils.java:logGet(43)) - raft.server.snapshot.auto.trigger.enabled = true (custom)
2019-09-26 15:13:30,271 [pool-27-thread-1] INFO  server.RaftServerConfigKeys (ConfUtils.java:logGet(43)) - raft.server.snapshot.auto.trigger.threshold = 10000 (custom)
2019-09-26 15:13:30,271 [pool-27-thread-1] INFO  server.RaftServerConfigKeys (ConfUtils.java:logGet(43)) - raft.server.snapshot.retention.num.files = 5 (custom)
2019-09-26 15:13:30,271 [pool-27-thread-1] INFO  server.RaftServerConfigKeys (ConfUtils.java:logGet(43)) - raft.server.retrycache.expirytime = 600000ms (custom)
2019-09-26 15:13:30,273 [pool-27-thread-1] INFO  impl.RaftServerImpl (RaftServerImpl.java:start(185)) - b3e939fd-eb36-468b-9efe-5d0a1fdaa172@group-7F7680AB9573: start as a follower, conf=-1: [b3e939fd-eb36-468b-9efe-5d0a1fdaa172:192.168.151.99:45433], old=null
2019-09-26 15:13:30,273 [pool-27-thread-1] INFO  impl.RaftServerImpl (RaftServerImpl.java:setRole(174)) - b3e939fd-eb36-468b-9efe-5d0a1fdaa172@group-7F7680AB9573: changes role from      null to FOLLOWER at term 0 for startAsFollower
2019-09-26 15:13:30,273 [pool-27-thread-1] INFO  impl.RoleInfo (RoleInfo.java:updateAndGet(143)) - b3e939fd-eb36-468b-9efe-5d0a1fdaa172: start FollowerState
2019-09-26 15:13:30,274 [pool-27-thread-1] INFO  util.JmxRegister (JmxRegister.java:tryRegister(44)) - Successfully registered JMX Bean with object name Ratis:service=RaftServer,group=group-7F7680AB9573,id=b3e939fd-eb36-468b-9efe-5d0a1fdaa172
2019-09-26 15:13:30,276 [RatisPipelineUtilsThread] INFO  pipeline.PipelineStateManager (PipelineStateManager.java:addPipeline(56)) - Created pipeline Pipeline[ Id: 418e07bc-3962-48a2-a58d-7f7680ab9573, Nodes: b3e939fd-eb36-468b-9efe-5d0a1fdaa172{ip: 192.168.151.99, host: pr-hdds-1569-g6sp5-2013761785, networkLocation: /default-rack, certSerialId: null}, Type:RATIS, Factor:ONE, State:OPEN]
2019-09-26 15:13:30,279 [grpc-default-executor-0] INFO  impl.RaftServerProxy (RaftServerProxy.java:addNew(89)) - b3e939fd-eb36-468b-9efe-5d0a1fdaa172: addNew group-9591EA67C8C0:[b3e939fd-eb36-468b-9efe-5d0a1fdaa172:192.168.151.99:45433] returns group-9591EA67C8C0:java.util.concurrent.CompletableFuture@59876ad1[Not completed]
2019-09-26 15:13:30,280 [pool-27-thread-1] INFO  impl.RaftServerImpl (RaftServerImpl.java:<init>(95)) - b3e939fd-eb36-468b-9efe-5d0a1fdaa172: new RaftServerImpl for group-9591EA67C8C0:[b3e939fd-eb36-468b-9efe-5d0a1fdaa172:192.168.151.99:45433] with ContainerStateMachine:uninitialized
2019-09-26 15:13:30,280 [pool-27-thread-1] INFO  server.RaftServerConfigKeys (ConfUtils.java:logGet(43)) - raft.server.rpc.timeout.min = 5s (custom)
2019-09-26 15:13:30,280 [pool-27-thread-1] INFO  server.RaftServerConfigKeys (ConfUtils.java:logGet(43)) - raft.server.rpc.timeout.max = 5200ms (custom)
2019-09-26 15:13:30,280 [pool-27-thread-1] INFO  server.RaftServerConfigKeys (ConfUtils.java:logGet(43)) - raft.server.rpcslowness.timeout = 120s (custom)
2019-09-26 15:13:30,280 [pool-27-thread-1] INFO  server.RaftServerConfigKeys (ConfUtils.java:logGet(43)) - raft.server.sleep.deviation.threshold = 300 (default)
2019-09-26 15:13:30,281 [pool-27-thread-1] INFO  server.RaftServerConfigKeys (ConfUtils.java:logGet(43)) - raft.server.log.appender.install.snapshot.enabled = false (custom)
2019-09-26 15:13:30,281 [pool-27-thread-1] INFO  impl.RaftServerImpl (ServerState.java:<init>(103)) - b3e939fd-eb36-468b-9efe-5d0a1fdaa172@group-9591EA67C8C0: ConfigurationManager, init=-1: [b3e939fd-eb36-468b-9efe-5d0a1fdaa172:192.168.151.99:45433], old=null, confs=<EMPTY_MAP>
2019-09-26 15:13:30,281 [pool-27-thread-1] INFO  server.RaftServerConfigKeys (ConfUtils.java:logGet(43)) - raft.server.storage.dir = [/workdir/hadoop-ozone/integration-test/target/test-dir/MiniOzoneClusterImpl-7e2f4b2f-6763-4a45-9ec4-264c2cef7c61/datanode-0/data/ratis] (custom)
2019-09-26 15:13:30,282 [pool-27-thread-1] INFO  storage.RaftStorageDirectory (RaftStorageDirectory.java:analyzeStorage(246)) - The storage directory /workdir/hadoop-ozone/integration-test/target/test-dir/MiniOzoneClusterImpl-7e2f4b2f-6763-4a45-9ec4-264c2cef7c61/datanode-0/data/ratis/725beebd-617a-4cb7-9aab-9591ea67c8c0 does not exist. Creating ...
2019-09-26 15:13:30,290 [pool-27-thread-1] INFO  storage.RaftStorageDirectory (RaftStorageDirectory.java:tryLock(328)) - Lock on /workdir/hadoop-ozone/integration-test/target/test-dir/MiniOzoneClusterImpl-7e2f4b2f-6763-4a45-9ec4-264c2cef7c61/datanode-0/data/ratis/725beebd-617a-4cb7-9aab-9591ea67c8c0/in_use.lock acquired by nodename 11803@pr-hdds-1569-g6sp5-2013761785
2019-09-26 15:13:30,303 [pool-27-thread-1] INFO  storage.RaftStorage (RaftStorage.java:format(72)) - Storage directory /workdir/hadoop-ozone/integration-test/target/test-dir/MiniOzoneClusterImpl-7e2f4b2f-6763-4a45-9ec4-264c2cef7c61/datanode-0/data/ratis/725beebd-617a-4cb7-9aab-9591ea67c8c0 has been successfully formatted.
2019-09-26 15:13:30,303 [pool-27-thread-1] INFO  ratis.ContainerStateMachine (ContainerStateMachine.java:loadSnapshot(230)) - group-9591EA67C8C0: The snapshot info is null. Setting the last applied indexto:(t:0, i:~)
2019-09-26 15:13:30,303 [pool-27-thread-1] INFO  server.RaftServerConfigKeys (ConfUtils.java:logGet(43)) - raft.server.notification.no-leader.timeout = 120s (custom)
2019-09-26 15:13:30,304 [pool-27-thread-1] INFO  server.RaftServerConfigKeys (ConfUtils.java:logGet(43)) - raft.server.log.use.memory = false (default)
2019-09-26 15:13:30,304 [pool-27-thread-1] INFO  server.RaftServerConfigKeys (ConfUtils.java:logGet(43)) - raft.server.log.purge.gap = 1000000 (custom)
2019-09-26 15:13:30,304 [pool-27-thread-1] INFO  server.RaftServerConfigKeys (ConfUtils.java:logGet(43)) - raft.server.log.appender.buffer.byte-limit = 33554432 (custom)
2019-09-26 15:13:30,304 [pool-27-thread-1] INFO  server.RaftServerConfigKeys (ConfUtils.java:logGet(43)) - raft.server.log.segment.size.max = 1048576 (custom)
2019-09-26 15:13:30,304 [pool-27-thread-1] INFO  server.RaftServerConfigKeys (ConfUtils.java:logGet(43)) - raft.server.log.segment.cache.num.max = 2 (custom)
2019-09-26 15:13:30,304 [pool-27-thread-1] INFO  segmented.SegmentedRaftLogWorker (SegmentedRaftLogWorker.java:<init>(172)) - new b3e939fd-eb36-468b-9efe-5d0a1fdaa172@group-9591EA67C8C0-SegmentedRaftLogWorker for RaftStorage:Storage Directory /workdir/hadoop-ozone/integration-test/target/test-dir/MiniOzoneClusterImpl-7e2f4b2f-6763-4a45-9ec4-264c2cef7c61/datanode-0/data/ratis/725beebd-617a-4cb7-9aab-9591ea67c8c0
2019-09-26 15:13:30,304 [pool-27-thread-1] INFO  server.RaftServerConfigKeys (ConfUtils.java:logGet(43)) - raft.server.log.queue.byte-limit = 2147483647 (custom)
2019-09-26 15:13:30,305 [pool-27-thread-1] INFO  server.RaftServerConfigKeys (ConfUtils.java:logGet(43)) - raft.server.log.queue.element-limit = 1024 (custom)
2019-09-26 15:13:30,305 [pool-27-thread-1] INFO  server.RaftServerConfigKeys (ConfUtils.java:logGet(43)) - raft.server.log.segment.size.max = 1048576 (custom)
2019-09-26 15:13:30,305 [pool-27-thread-1] INFO  server.RaftServerConfigKeys (ConfUtils.java:logGet(43)) - raft.server.log.preallocated.size = 16384 (custom)
2019-09-26 15:13:30,305 [pool-27-thread-1] INFO  server.RaftServerConfigKeys (ConfUtils.java:logGet(43)) - raft.server.log.write.buffer.size = 33554432 (custom)
2019-09-26 15:13:30,305 [pool-27-thread-1] INFO  server.RaftServerConfigKeys (ConfUtils.java:logGet(43)) - raft.server.log.force.sync.num = 128 (default)
2019-09-26 15:13:30,305 [pool-27-thread-1] INFO  server.RaftServerConfigKeys (ConfUtils.java:logGet(43)) - raft.server.log.statemachine.data.sync = true (default)
2019-09-26 15:13:30,305 [pool-27-thread-1] INFO  server.RaftServerConfigKeys (ConfUtils.java:logGet(43)) - raft.server.log.statemachine.data.sync.timeout = 10s (default)
2019-09-26 15:13:30,305 [pool-27-thread-1] INFO  server.RaftServerConfigKeys (ConfUtils.java:logGet(43)) - raft.server.log.statemachine.data.sync.timeout.retry = -1 (default)
2019-09-26 15:13:30,305 [pool-27-thread-1] INFO  server.RaftServerConfigKeys (ConfUtils.java:logGet(43)) - raft.server.log.statemachine.data.caching.enabled = true (custom)
2019-09-26 15:13:30,306 [pool-27-thread-1] INFO  segmented.SegmentedRaftLogWorker (SegmentedRaftLogWorker.java:lambda$new$0(132)) - b3e939fd-eb36-468b-9efe-5d0a1fdaa172@group-9591EA67C8C0-SegmentedRaftLogWorker: flushIndex: setUnconditionally 0 -> -1
2019-09-26 15:13:30,306 [pool-27-thread-1] INFO  server.RaftServerConfigKeys (ConfUtils.java:logGet(43)) - raft.server.snapshot.auto.trigger.enabled = true (custom)
2019-09-26 15:13:30,306 [pool-27-thread-1] INFO  server.RaftServerConfigKeys (ConfUtils.java:logGet(43)) - raft.server.snapshot.auto.trigger.threshold = 10000 (custom)
2019-09-26 15:13:30,306 [pool-27-thread-1] INFO  server.RaftServerConfigKeys (ConfUtils.java:logGet(43)) - raft.server.snapshot.retention.num.files = 5 (custom)
2019-09-26 15:13:30,306 [pool-27-thread-1] INFO  server.RaftServerConfigKeys (ConfUtils.java:logGet(43)) - raft.server.retrycache.expirytime = 600000ms (custom)
2019-09-26 15:13:30,308 [pool-27-thread-1] INFO  impl.RaftServerImpl (RaftServerImpl.java:start(185)) - b3e939fd-eb36-468b-9efe-5d0a1fdaa172@group-9591EA67C8C0: start as a follower, conf=-1: [b3e939fd-eb36-468b-9efe-5d0a1fdaa172:192.168.151.99:45433], old=null
2019-09-26 15:13:30,308 [pool-27-thread-1] INFO  impl.RaftServerImpl (RaftServerImpl.java:setRole(174)) - b3e939fd-eb36-468b-9efe-5d0a1fdaa172@group-9591EA67C8C0: changes role from      null to FOLLOWER at term 0 for startAsFollower
2019-09-26 15:13:30,308 [pool-27-thread-1] INFO  impl.RoleInfo (RoleInfo.java:updateAndGet(143)) - b3e939fd-eb36-468b-9efe-5d0a1fdaa172: start FollowerState
2019-09-26 15:13:30,308 [pool-27-thread-1] INFO  util.JmxRegister (JmxRegister.java:tryRegister(44)) - Successfully registered JMX Bean with object name Ratis:service=RaftServer,group=group-9591EA67C8C0,id=b3e939fd-eb36-468b-9efe-5d0a1fdaa172
2019-09-26 15:13:30,309 [RatisPipelineUtilsThread] INFO  pipeline.PipelineStateManager (PipelineStateManager.java:addPipeline(56)) - Created pipeline Pipeline[ Id: 725beebd-617a-4cb7-9aab-9591ea67c8c0, Nodes: b3e939fd-eb36-468b-9efe-5d0a1fdaa172{ip: 192.168.151.99, host: pr-hdds-1569-g6sp5-2013761785, networkLocation: /default-rack, certSerialId: null}, Type:RATIS, Factor:ONE, State:OPEN]
2019-09-26 15:13:30,312 [grpc-default-executor-0] INFO  impl.RaftServerProxy (RaftServerProxy.java:addNew(89)) - b3e939fd-eb36-468b-9efe-5d0a1fdaa172: addNew group-EEC0B09CDA31:[b3e939fd-eb36-468b-9efe-5d0a1fdaa172:192.168.151.99:45433] returns group-EEC0B09CDA31:java.util.concurrent.CompletableFuture@3b2ae436[Not completed]
2019-09-26 15:13:30,313 [pool-27-thread-1] INFO  impl.RaftServerImpl (RaftServerImpl.java:<init>(95)) - b3e939fd-eb36-468b-9efe-5d0a1fdaa172: new RaftServerImpl for group-EEC0B09CDA31:[b3e939fd-eb36-468b-9efe-5d0a1fdaa172:192.168.151.99:45433] with ContainerStateMachine:uninitialized
2019-09-26 15:13:30,313 [pool-27-thread-1] INFO  server.RaftServerConfigKeys (ConfUtils.java:logGet(43)) - raft.server.rpc.timeout.min = 5s (custom)
2019-09-26 15:13:30,313 [pool-27-thread-1] INFO  server.RaftServerConfigKeys (ConfUtils.java:logGet(43)) - raft.server.rpc.timeout.max = 5200ms (custom)
2019-09-26 15:13:30,313 [pool-27-thread-1] INFO  server.RaftServerConfigKeys (ConfUtils.java:logGet(43)) - raft.server.rpcslowness.timeout = 120s (custom)
2019-09-26 15:13:30,313 [pool-27-thread-1] INFO  server.RaftServerConfigKeys (ConfUtils.java:logGet(43)) - raft.server.sleep.deviation.threshold = 300 (default)
2019-09-26 15:13:30,313 [pool-27-thread-1] INFO  server.RaftServerConfigKeys (ConfUtils.java:logGet(43)) - raft.server.log.appender.install.snapshot.enabled = false (custom)
2019-09-26 15:13:30,314 [pool-27-thread-1] INFO  impl.RaftServerImpl (ServerState.java:<init>(103)) - b3e939fd-eb36-468b-9efe-5d0a1fdaa172@group-EEC0B09CDA31: ConfigurationManager, init=-1: [b3e939fd-eb36-468b-9efe-5d0a1fdaa172:192.168.151.99:45433], old=null, confs=<EMPTY_MAP>
2019-09-26 15:13:30,314 [pool-27-thread-1] INFO  server.RaftServerConfigKeys (ConfUtils.java:logGet(43)) - raft.server.storage.dir = [/workdir/hadoop-ozone/integration-test/target/test-dir/MiniOzoneClusterImpl-7e2f4b2f-6763-4a45-9ec4-264c2cef7c61/datanode-0/data/ratis] (custom)
2019-09-26 15:13:30,314 [pool-27-thread-1] INFO  storage.RaftStorageDirectory (RaftStorageDirectory.java:analyzeStorage(246)) - The storage directory /workdir/hadoop-ozone/integration-test/target/test-dir/MiniOzoneClusterImpl-7e2f4b2f-6763-4a45-9ec4-264c2cef7c61/datanode-0/data/ratis/f94c1c78-9965-47fd-a9d7-eec0b09cda31 does not exist. Creating ...
2019-09-26 15:13:30,333 [pool-27-thread-1] INFO  storage.RaftStorageDirectory (RaftStorageDirectory.java:tryLock(328)) - Lock on /workdir/hadoop-ozone/integration-test/target/test-dir/MiniOzoneClusterImpl-7e2f4b2f-6763-4a45-9ec4-264c2cef7c61/datanode-0/data/ratis/f94c1c78-9965-47fd-a9d7-eec0b09cda31/in_use.lock acquired by nodename 11803@pr-hdds-1569-g6sp5-2013761785
2019-09-26 15:13:30,346 [pool-27-thread-1] INFO  storage.RaftStorage (RaftStorage.java:format(72)) - Storage directory /workdir/hadoop-ozone/integration-test/target/test-dir/MiniOzoneClusterImpl-7e2f4b2f-6763-4a45-9ec4-264c2cef7c61/datanode-0/data/ratis/f94c1c78-9965-47fd-a9d7-eec0b09cda31 has been successfully formatted.
2019-09-26 15:13:30,346 [pool-27-thread-1] INFO  ratis.ContainerStateMachine (ContainerStateMachine.java:loadSnapshot(230)) - group-EEC0B09CDA31: The snapshot info is null. Setting the last applied indexto:(t:0, i:~)
2019-09-26 15:13:30,346 [pool-27-thread-1] INFO  server.RaftServerConfigKeys (ConfUtils.java:logGet(43)) - raft.server.notification.no-leader.timeout = 120s (custom)
2019-09-26 15:13:30,346 [pool-27-thread-1] INFO  server.RaftServerConfigKeys (ConfUtils.java:logGet(43)) - raft.server.log.use.memory = false (default)
2019-09-26 15:13:30,346 [pool-27-thread-1] INFO  server.RaftServerConfigKeys (ConfUtils.java:logGet(43)) - raft.server.log.purge.gap = 1000000 (custom)
2019-09-26 15:13:30,346 [pool-27-thread-1] INFO  server.RaftServerConfigKeys (ConfUtils.java:logGet(43)) - raft.server.log.appender.buffer.byte-limit = 33554432 (custom)
2019-09-26 15:13:30,347 [pool-27-thread-1] INFO  server.RaftServerConfigKeys (ConfUtils.java:logGet(43)) - raft.server.log.segment.size.max = 1048576 (custom)
2019-09-26 15:13:30,347 [pool-27-thread-1] INFO  server.RaftServerConfigKeys (ConfUtils.java:logGet(43)) - raft.server.log.segment.cache.num.max = 2 (custom)
2019-09-26 15:13:30,347 [pool-27-thread-1] INFO  segmented.SegmentedRaftLogWorker (SegmentedRaftLogWorker.java:<init>(172)) - new b3e939fd-eb36-468b-9efe-5d0a1fdaa172@group-EEC0B09CDA31-SegmentedRaftLogWorker for RaftStorage:Storage Directory /workdir/hadoop-ozone/integration-test/target/test-dir/MiniOzoneClusterImpl-7e2f4b2f-6763-4a45-9ec4-264c2cef7c61/datanode-0/data/ratis/f94c1c78-9965-47fd-a9d7-eec0b09cda31
2019-09-26 15:13:30,347 [pool-27-thread-1] INFO  server.RaftServerConfigKeys (ConfUtils.java:logGet(43)) - raft.server.log.queue.byte-limit = 2147483647 (custom)
2019-09-26 15:13:30,347 [pool-27-thread-1] INFO  server.RaftServerConfigKeys (ConfUtils.java:logGet(43)) - raft.server.log.queue.element-limit = 1024 (custom)
2019-09-26 15:13:30,347 [pool-27-thread-1] INFO  server.RaftServerConfigKeys (ConfUtils.java:logGet(43)) - raft.server.log.segment.size.max = 1048576 (custom)
2019-09-26 15:13:30,347 [pool-27-thread-1] INFO  server.RaftServerConfigKeys (ConfUtils.java:logGet(43)) - raft.server.log.preallocated.size = 16384 (custom)
2019-09-26 15:13:30,347 [pool-27-thread-1] INFO  server.RaftServerConfigKeys (ConfUtils.java:logGet(43)) - raft.server.log.write.buffer.size = 33554432 (custom)
2019-09-26 15:13:30,347 [pool-27-thread-1] INFO  server.RaftServerConfigKeys (ConfUtils.java:logGet(43)) - raft.server.log.force.sync.num = 128 (default)
2019-09-26 15:13:30,347 [pool-27-thread-1] INFO  server.RaftServerConfigKeys (ConfUtils.java:logGet(43)) - raft.server.log.statemachine.data.sync = true (default)
2019-09-26 15:13:30,347 [pool-27-thread-1] INFO  server.RaftServerConfigKeys (ConfUtils.java:logGet(43)) - raft.server.log.statemachine.data.sync.timeout = 10s (default)
2019-09-26 15:13:30,348 [pool-27-thread-1] INFO  server.RaftServerConfigKeys (ConfUtils.java:logGet(43)) - raft.server.log.statemachine.data.sync.timeout.retry = -1 (default)
2019-09-26 15:13:30,348 [pool-27-thread-1] INFO  server.RaftServerConfigKeys (ConfUtils.java:logGet(43)) - raft.server.log.statemachine.data.caching.enabled = true (custom)
2019-09-26 15:13:30,348 [pool-27-thread-1] INFO  segmented.SegmentedRaftLogWorker (SegmentedRaftLogWorker.java:lambda$new$0(132)) - b3e939fd-eb36-468b-9efe-5d0a1fdaa172@group-EEC0B09CDA31-SegmentedRaftLogWorker: flushIndex: setUnconditionally 0 -> -1
2019-09-26 15:13:30,348 [pool-27-thread-1] INFO  server.RaftServerConfigKeys (ConfUtils.java:logGet(43)) - raft.server.snapshot.auto.trigger.enabled = true (custom)
2019-09-26 15:13:30,348 [pool-27-thread-1] INFO  server.RaftServerConfigKeys (ConfUtils.java:logGet(43)) - raft.server.snapshot.auto.trigger.threshold = 10000 (custom)
2019-09-26 15:13:30,348 [pool-27-thread-1] INFO  server.RaftServerConfigKeys (ConfUtils.java:logGet(43)) - raft.server.snapshot.retention.num.files = 5 (custom)
2019-09-26 15:13:30,348 [pool-27-thread-1] INFO  server.RaftServerConfigKeys (ConfUtils.java:logGet(43)) - raft.server.retrycache.expirytime = 600000ms (custom)
2019-09-26 15:13:30,349 [pool-27-thread-1] INFO  impl.RaftServerImpl (RaftServerImpl.java:start(185)) - b3e939fd-eb36-468b-9efe-5d0a1fdaa172@group-EEC0B09CDA31: start as a follower, conf=-1: [b3e939fd-eb36-468b-9efe-5d0a1fdaa172:192.168.151.99:45433], old=null
2019-09-26 15:13:30,349 [pool-27-thread-1] INFO  impl.RaftServerImpl (RaftServerImpl.java:setRole(174)) - b3e939fd-eb36-468b-9efe-5d0a1fdaa172@group-EEC0B09CDA31: changes role from      null to FOLLOWER at term 0 for startAsFollower
2019-09-26 15:13:30,350 [pool-27-thread-1] INFO  impl.RoleInfo (RoleInfo.java:updateAndGet(143)) - b3e939fd-eb36-468b-9efe-5d0a1fdaa172: start FollowerState
2019-09-26 15:13:30,350 [pool-27-thread-1] INFO  util.JmxRegister (JmxRegister.java:tryRegister(44)) - Successfully registered JMX Bean with object name Ratis:service=RaftServer,group=group-EEC0B09CDA31,id=b3e939fd-eb36-468b-9efe-5d0a1fdaa172
2019-09-26 15:13:30,352 [RatisPipelineUtilsThread] INFO  pipeline.PipelineStateManager (PipelineStateManager.java:addPipeline(56)) - Created pipeline Pipeline[ Id: f94c1c78-9965-47fd-a9d7-eec0b09cda31, Nodes: b3e939fd-eb36-468b-9efe-5d0a1fdaa172{ip: 192.168.151.99, host: pr-hdds-1569-g6sp5-2013761785, networkLocation: /default-rack, certSerialId: null}, Type:RATIS, Factor:ONE, State:OPEN]
2019-09-26 15:13:30,355 [grpc-default-executor-0] INFO  impl.RaftServerProxy (RaftServerProxy.java:addNew(89)) - b3e939fd-eb36-468b-9efe-5d0a1fdaa172: addNew group-1BDA4246E368:[b3e939fd-eb36-468b-9efe-5d0a1fdaa172:192.168.151.99:45433] returns group-1BDA4246E368:java.util.concurrent.CompletableFuture@7d4ef45f[Not completed]
2019-09-26 15:13:30,355 [pool-27-thread-1] INFO  impl.RaftServerImpl (RaftServerImpl.java:<init>(95)) - b3e939fd-eb36-468b-9efe-5d0a1fdaa172: new RaftServerImpl for group-1BDA4246E368:[b3e939fd-eb36-468b-9efe-5d0a1fdaa172:192.168.151.99:45433] with ContainerStateMachine:uninitialized
2019-09-26 15:13:30,355 [pool-27-thread-1] INFO  server.RaftServerConfigKeys (ConfUtils.java:logGet(43)) - raft.server.rpc.timeout.min = 5s (custom)
2019-09-26 15:13:30,356 [pool-27-thread-1] INFO  server.RaftServerConfigKeys (ConfUtils.java:logGet(43)) - raft.server.rpc.timeout.max = 5200ms (custom)
2019-09-26 15:13:30,356 [pool-27-thread-1] INFO  server.RaftServerConfigKeys (ConfUtils.java:logGet(43)) - raft.server.rpcslowness.timeout = 120s (custom)
2019-09-26 15:13:30,356 [pool-27-thread-1] INFO  server.RaftServerConfigKeys (ConfUtils.java:logGet(43)) - raft.server.sleep.deviation.threshold = 300 (default)
2019-09-26 15:13:30,356 [pool-27-thread-1] INFO  server.RaftServerConfigKeys (ConfUtils.java:logGet(43)) - raft.server.log.appender.install.snapshot.enabled = false (custom)
2019-09-26 15:13:30,356 [pool-27-thread-1] INFO  impl.RaftServerImpl (ServerState.java:<init>(103)) - b3e939fd-eb36-468b-9efe-5d0a1fdaa172@group-1BDA4246E368: ConfigurationManager, init=-1: [b3e939fd-eb36-468b-9efe-5d0a1fdaa172:192.168.151.99:45433], old=null, confs=<EMPTY_MAP>
2019-09-26 15:13:30,356 [pool-27-thread-1] INFO  server.RaftServerConfigKeys (ConfUtils.java:logGet(43)) - raft.server.storage.dir = [/workdir/hadoop-ozone/integration-test/target/test-dir/MiniOzoneClusterImpl-7e2f4b2f-6763-4a45-9ec4-264c2cef7c61/datanode-0/data/ratis] (custom)
2019-09-26 15:13:30,357 [pool-27-thread-1] INFO  storage.RaftStorageDirectory (RaftStorageDirectory.java:analyzeStorage(246)) - The storage directory /workdir/hadoop-ozone/integration-test/target/test-dir/MiniOzoneClusterImpl-7e2f4b2f-6763-4a45-9ec4-264c2cef7c61/datanode-0/data/ratis/570f44fc-9aef-45c7-aff4-1bda4246e368 does not exist. Creating ...
2019-09-26 15:13:30,361 [pool-27-thread-1] INFO  storage.RaftStorageDirectory (RaftStorageDirectory.java:tryLock(328)) - Lock on /workdir/hadoop-ozone/integration-test/target/test-dir/MiniOzoneClusterImpl-7e2f4b2f-6763-4a45-9ec4-264c2cef7c61/datanode-0/data/ratis/570f44fc-9aef-45c7-aff4-1bda4246e368/in_use.lock acquired by nodename 11803@pr-hdds-1569-g6sp5-2013761785
2019-09-26 15:13:30,363 [pool-27-thread-1] INFO  storage.RaftStorage (RaftStorage.java:format(72)) - Storage directory /workdir/hadoop-ozone/integration-test/target/test-dir/MiniOzoneClusterImpl-7e2f4b2f-6763-4a45-9ec4-264c2cef7c61/datanode-0/data/ratis/570f44fc-9aef-45c7-aff4-1bda4246e368 has been successfully formatted.
2019-09-26 15:13:30,364 [pool-27-thread-1] INFO  ratis.ContainerStateMachine (ContainerStateMachine.java:loadSnapshot(230)) - group-1BDA4246E368: The snapshot info is null. Setting the last applied indexto:(t:0, i:~)
2019-09-26 15:13:30,364 [pool-27-thread-1] INFO  server.RaftServerConfigKeys (ConfUtils.java:logGet(43)) - raft.server.notification.no-leader.timeout = 120s (custom)
2019-09-26 15:13:30,364 [pool-27-thread-1] INFO  server.RaftServerConfigKeys (ConfUtils.java:logGet(43)) - raft.server.log.use.memory = false (default)
2019-09-26 15:13:30,364 [pool-27-thread-1] INFO  server.RaftServerConfigKeys (ConfUtils.java:logGet(43)) - raft.server.log.purge.gap = 1000000 (custom)
2019-09-26 15:13:30,364 [pool-27-thread-1] INFO  server.RaftServerConfigKeys (ConfUtils.java:logGet(43)) - raft.server.log.appender.buffer.byte-limit = 33554432 (custom)
2019-09-26 15:13:30,364 [pool-27-thread-1] INFO  server.RaftServerConfigKeys (ConfUtils.java:logGet(43)) - raft.server.log.segment.size.max = 1048576 (custom)
2019-09-26 15:13:30,364 [pool-27-thread-1] INFO  server.RaftServerConfigKeys (ConfUtils.java:logGet(43)) - raft.server.log.segment.cache.num.max = 2 (custom)
2019-09-26 15:13:30,364 [pool-27-thread-1] INFO  segmented.SegmentedRaftLogWorker (SegmentedRaftLogWorker.java:<init>(172)) - new b3e939fd-eb36-468b-9efe-5d0a1fdaa172@group-1BDA4246E368-SegmentedRaftLogWorker for RaftStorage:Storage Directory /workdir/hadoop-ozone/integration-test/target/test-dir/MiniOzoneClusterImpl-7e2f4b2f-6763-4a45-9ec4-264c2cef7c61/datanode-0/data/ratis/570f44fc-9aef-45c7-aff4-1bda4246e368
2019-09-26 15:13:30,364 [pool-27-thread-1] INFO  server.RaftServerConfigKeys (ConfUtils.java:logGet(43)) - raft.server.log.queue.byte-limit = 2147483647 (custom)
2019-09-26 15:13:30,364 [pool-27-thread-1] INFO  server.RaftServerConfigKeys (ConfUtils.java:logGet(43)) - raft.server.log.queue.element-limit = 1024 (custom)
2019-09-26 15:13:30,365 [pool-27-thread-1] INFO  server.RaftServerConfigKeys (ConfUtils.java:logGet(43)) - raft.server.log.segment.size.max = 1048576 (custom)
2019-09-26 15:13:30,365 [pool-27-thread-1] INFO  server.RaftServerConfigKeys (ConfUtils.java:logGet(43)) - raft.server.log.preallocated.size = 16384 (custom)
2019-09-26 15:13:30,365 [pool-27-thread-1] INFO  server.RaftServerConfigKeys (ConfUtils.java:logGet(43)) - raft.server.log.write.buffer.size = 33554432 (custom)
2019-09-26 15:13:30,365 [pool-27-thread-1] INFO  server.RaftServerConfigKeys (ConfUtils.java:logGet(43)) - raft.server.log.force.sync.num = 128 (default)
2019-09-26 15:13:30,365 [pool-27-thread-1] INFO  server.RaftServerConfigKeys (ConfUtils.java:logGet(43)) - raft.server.log.statemachine.data.sync = true (default)
2019-09-26 15:13:30,365 [pool-27-thread-1] INFO  server.RaftServerConfigKeys (ConfUtils.java:logGet(43)) - raft.server.log.statemachine.data.sync.timeout = 10s (default)
2019-09-26 15:13:30,365 [pool-27-thread-1] INFO  server.RaftServerConfigKeys (ConfUtils.java:logGet(43)) - raft.server.log.statemachine.data.sync.timeout.retry = -1 (default)
2019-09-26 15:13:30,365 [pool-27-thread-1] INFO  server.RaftServerConfigKeys (ConfUtils.java:logGet(43)) - raft.server.log.statemachine.data.caching.enabled = true (custom)
2019-09-26 15:13:30,365 [pool-27-thread-1] INFO  segmented.SegmentedRaftLogWorker (SegmentedRaftLogWorker.java:lambda$new$0(132)) - b3e939fd-eb36-468b-9efe-5d0a1fdaa172@group-1BDA4246E368-SegmentedRaftLogWorker: flushIndex: setUnconditionally 0 -> -1
2019-09-26 15:13:30,366 [pool-27-thread-1] INFO  server.RaftServerConfigKeys (ConfUtils.java:logGet(43)) - raft.server.snapshot.auto.trigger.enabled = true (custom)
2019-09-26 15:13:30,366 [pool-27-thread-1] INFO  server.RaftServerConfigKeys (ConfUtils.java:logGet(43)) - raft.server.snapshot.auto.trigger.threshold = 10000 (custom)
2019-09-26 15:13:30,366 [pool-27-thread-1] INFO  server.RaftServerConfigKeys (ConfUtils.java:logGet(43)) - raft.server.snapshot.retention.num.files = 5 (custom)
2019-09-26 15:13:30,366 [pool-27-thread-1] INFO  server.RaftServerConfigKeys (ConfUtils.java:logGet(43)) - raft.server.retrycache.expirytime = 600000ms (custom)
2019-09-26 15:13:30,367 [pool-27-thread-1] INFO  impl.RaftServerImpl (RaftServerImpl.java:start(185)) - b3e939fd-eb36-468b-9efe-5d0a1fdaa172@group-1BDA4246E368: start as a follower, conf=-1: [b3e939fd-eb36-468b-9efe-5d0a1fdaa172:192.168.151.99:45433], old=null
2019-09-26 15:13:30,367 [pool-27-thread-1] INFO  impl.RaftServerImpl (RaftServerImpl.java:setRole(174)) - b3e939fd-eb36-468b-9efe-5d0a1fdaa172@group-1BDA4246E368: changes role from      null to FOLLOWER at term 0 for startAsFollower
2019-09-26 15:13:30,367 [pool-27-thread-1] INFO  impl.RoleInfo (RoleInfo.java:updateAndGet(143)) - b3e939fd-eb36-468b-9efe-5d0a1fdaa172: start FollowerState
2019-09-26 15:13:30,367 [pool-27-thread-1] INFO  util.JmxRegister (JmxRegister.java:tryRegister(44)) - Successfully registered JMX Bean with object name Ratis:service=RaftServer,group=group-1BDA4246E368,id=b3e939fd-eb36-468b-9efe-5d0a1fdaa172
2019-09-26 15:13:30,369 [RatisPipelineUtilsThread] INFO  pipeline.PipelineStateManager (PipelineStateManager.java:addPipeline(56)) - Created pipeline Pipeline[ Id: 570f44fc-9aef-45c7-aff4-1bda4246e368, Nodes: b3e939fd-eb36-468b-9efe-5d0a1fdaa172{ip: 192.168.151.99, host: pr-hdds-1569-g6sp5-2013761785, networkLocation: /default-rack, certSerialId: null}, Type:RATIS, Factor:ONE, State:OPEN]
2019-09-26 15:13:30,371 [grpc-default-executor-0] INFO  impl.RaftServerProxy (RaftServerProxy.java:addNew(89)) - b3e939fd-eb36-468b-9efe-5d0a1fdaa172: addNew group-74515BDB2857:[b3e939fd-eb36-468b-9efe-5d0a1fdaa172:192.168.151.99:45433] returns group-74515BDB2857:java.util.concurrent.CompletableFuture@4d56285[Not completed]
2019-09-26 15:13:30,371 [pool-27-thread-1] INFO  impl.RaftServerImpl (RaftServerImpl.java:<init>(95)) - b3e939fd-eb36-468b-9efe-5d0a1fdaa172: new RaftServerImpl for group-74515BDB2857:[b3e939fd-eb36-468b-9efe-5d0a1fdaa172:192.168.151.99:45433] with ContainerStateMachine:uninitialized
2019-09-26 15:13:30,372 [pool-27-thread-1] INFO  server.RaftServerConfigKeys (ConfUtils.java:logGet(43)) - raft.server.rpc.timeout.min = 5s (custom)
2019-09-26 15:13:30,372 [pool-27-thread-1] INFO  server.RaftServerConfigKeys (ConfUtils.java:logGet(43)) - raft.server.rpc.timeout.max = 5200ms (custom)
2019-09-26 15:13:30,372 [pool-27-thread-1] INFO  server.RaftServerConfigKeys (ConfUtils.java:logGet(43)) - raft.server.rpcslowness.timeout = 120s (custom)
2019-09-26 15:13:30,372 [pool-27-thread-1] INFO  server.RaftServerConfigKeys (ConfUtils.java:logGet(43)) - raft.server.sleep.deviation.threshold = 300 (default)
2019-09-26 15:13:30,372 [pool-27-thread-1] INFO  server.RaftServerConfigKeys (ConfUtils.java:logGet(43)) - raft.server.log.appender.install.snapshot.enabled = false (custom)
2019-09-26 15:13:30,372 [pool-27-thread-1] INFO  impl.RaftServerImpl (ServerState.java:<init>(103)) - b3e939fd-eb36-468b-9efe-5d0a1fdaa172@group-74515BDB2857: ConfigurationManager, init=-1: [b3e939fd-eb36-468b-9efe-5d0a1fdaa172:192.168.151.99:45433], old=null, confs=<EMPTY_MAP>
2019-09-26 15:13:30,372 [pool-27-thread-1] INFO  server.RaftServerConfigKeys (ConfUtils.java:logGet(43)) - raft.server.storage.dir = [/workdir/hadoop-ozone/integration-test/target/test-dir/MiniOzoneClusterImpl-7e2f4b2f-6763-4a45-9ec4-264c2cef7c61/datanode-0/data/ratis] (custom)
2019-09-26 15:13:30,373 [pool-27-thread-1] INFO  storage.RaftStorageDirectory (RaftStorageDirectory.java:analyzeStorage(246)) - The storage directory /workdir/hadoop-ozone/integration-test/target/test-dir/MiniOzoneClusterImpl-7e2f4b2f-6763-4a45-9ec4-264c2cef7c61/datanode-0/data/ratis/002a72ff-6a42-4ce7-8816-74515bdb2857 does not exist. Creating ...
2019-09-26 15:13:30,380 [pool-27-thread-1] INFO  storage.RaftStorageDirectory (RaftStorageDirectory.java:tryLock(328)) - Lock on /workdir/hadoop-ozone/integration-test/target/test-dir/MiniOzoneClusterImpl-7e2f4b2f-6763-4a45-9ec4-264c2cef7c61/datanode-0/data/ratis/002a72ff-6a42-4ce7-8816-74515bdb2857/in_use.lock acquired by nodename 11803@pr-hdds-1569-g6sp5-2013761785
2019-09-26 15:13:30,383 [pool-27-thread-1] INFO  storage.RaftStorage (RaftStorage.java:format(72)) - Storage directory /workdir/hadoop-ozone/integration-test/target/test-dir/MiniOzoneClusterImpl-7e2f4b2f-6763-4a45-9ec4-264c2cef7c61/datanode-0/data/ratis/002a72ff-6a42-4ce7-8816-74515bdb2857 has been successfully formatted.
2019-09-26 15:13:30,383 [pool-27-thread-1] INFO  ratis.ContainerStateMachine (ContainerStateMachine.java:loadSnapshot(230)) - group-74515BDB2857: The snapshot info is null. Setting the last applied indexto:(t:0, i:~)
2019-09-26 15:13:30,383 [pool-27-thread-1] INFO  server.RaftServerConfigKeys (ConfUtils.java:logGet(43)) - raft.server.notification.no-leader.timeout = 120s (custom)
2019-09-26 15:13:30,383 [pool-27-thread-1] INFO  server.RaftServerConfigKeys (ConfUtils.java:logGet(43)) - raft.server.log.use.memory = false (default)
2019-09-26 15:13:30,383 [pool-27-thread-1] INFO  server.RaftServerConfigKeys (ConfUtils.java:logGet(43)) - raft.server.log.purge.gap = 1000000 (custom)
2019-09-26 15:13:30,383 [pool-27-thread-1] INFO  server.RaftServerConfigKeys (ConfUtils.java:logGet(43)) - raft.server.log.appender.buffer.byte-limit = 33554432 (custom)
2019-09-26 15:13:30,383 [pool-27-thread-1] INFO  server.RaftServerConfigKeys (ConfUtils.java:logGet(43)) - raft.server.log.segment.size.max = 1048576 (custom)
2019-09-26 15:13:30,383 [pool-27-thread-1] INFO  server.RaftServerConfigKeys (ConfUtils.java:logGet(43)) - raft.server.log.segment.cache.num.max = 2 (custom)
2019-09-26 15:13:30,383 [pool-27-thread-1] INFO  segmented.SegmentedRaftLogWorker (SegmentedRaftLogWorker.java:<init>(172)) - new b3e939fd-eb36-468b-9efe-5d0a1fdaa172@group-74515BDB2857-SegmentedRaftLogWorker for RaftStorage:Storage Directory /workdir/hadoop-ozone/integration-test/target/test-dir/MiniOzoneClusterImpl-7e2f4b2f-6763-4a45-9ec4-264c2cef7c61/datanode-0/data/ratis/002a72ff-6a42-4ce7-8816-74515bdb2857
2019-09-26 15:13:30,383 [pool-27-thread-1] INFO  server.RaftServerConfigKeys (ConfUtils.java:logGet(43)) - raft.server.log.queue.byte-limit = 2147483647 (custom)
2019-09-26 15:13:30,384 [pool-27-thread-1] INFO  server.RaftServerConfigKeys (ConfUtils.java:logGet(43)) - raft.server.log.queue.element-limit = 1024 (custom)
2019-09-26 15:13:30,384 [pool-27-thread-1] INFO  server.RaftServerConfigKeys (ConfUtils.java:logGet(43)) - raft.server.log.segment.size.max = 1048576 (custom)
2019-09-26 15:13:30,384 [pool-27-thread-1] INFO  server.RaftServerConfigKeys (ConfUtils.java:logGet(43)) - raft.server.log.preallocated.size = 16384 (custom)
2019-09-26 15:13:30,384 [pool-27-thread-1] INFO  server.RaftServerConfigKeys (ConfUtils.java:logGet(43)) - raft.server.log.write.buffer.size = 33554432 (custom)
2019-09-26 15:13:30,384 [pool-27-thread-1] INFO  server.RaftServerConfigKeys (ConfUtils.java:logGet(43)) - raft.server.log.force.sync.num = 128 (default)
2019-09-26 15:13:30,384 [pool-27-thread-1] INFO  server.RaftServerConfigKeys (ConfUtils.java:logGet(43)) - raft.server.log.statemachine.data.sync = true (default)
2019-09-26 15:13:30,384 [pool-27-thread-1] INFO  server.RaftServerConfigKeys (ConfUtils.java:logGet(43)) - raft.server.log.statemachine.data.sync.timeout = 10s (default)
2019-09-26 15:13:30,384 [pool-27-thread-1] INFO  server.RaftServerConfigKeys (ConfUtils.java:logGet(43)) - raft.server.log.statemachine.data.sync.timeout.retry = -1 (default)
2019-09-26 15:13:30,384 [pool-27-thread-1] INFO  server.RaftServerConfigKeys (ConfUtils.java:logGet(43)) - raft.server.log.statemachine.data.caching.enabled = true (custom)
2019-09-26 15:13:30,384 [pool-27-thread-1] INFO  segmented.SegmentedRaftLogWorker (SegmentedRaftLogWorker.java:lambda$new$0(132)) - b3e939fd-eb36-468b-9efe-5d0a1fdaa172@group-74515BDB2857-SegmentedRaftLogWorker: flushIndex: setUnconditionally 0 -> -1
2019-09-26 15:13:30,385 [pool-27-thread-1] INFO  server.RaftServerConfigKeys (ConfUtils.java:logGet(43)) - raft.server.snapshot.auto.trigger.enabled = true (custom)
2019-09-26 15:13:30,385 [pool-27-thread-1] INFO  server.RaftServerConfigKeys (ConfUtils.java:logGet(43)) - raft.server.snapshot.auto.trigger.threshold = 10000 (custom)
2019-09-26 15:13:30,385 [pool-27-thread-1] INFO  server.RaftServerConfigKeys (ConfUtils.java:logGet(43)) - raft.server.snapshot.retention.num.files = 5 (custom)
2019-09-26 15:13:30,385 [pool-27-thread-1] INFO  server.RaftServerConfigKeys (ConfUtils.java:logGet(43)) - raft.server.retrycache.expirytime = 600000ms (custom)
2019-09-26 15:13:30,387 [pool-27-thread-1] INFO  impl.RaftServerImpl (RaftServerImpl.java:start(185)) - b3e939fd-eb36-468b-9efe-5d0a1fdaa172@group-74515BDB2857: start as a follower, conf=-1: [b3e939fd-eb36-468b-9efe-5d0a1fdaa172:192.168.151.99:45433], old=null
2019-09-26 15:13:30,387 [pool-27-thread-1] INFO  impl.RaftServerImpl (RaftServerImpl.java:setRole(174)) - b3e939fd-eb36-468b-9efe-5d0a1fdaa172@group-74515BDB2857: changes role from      null to FOLLOWER at term 0 for startAsFollower
2019-09-26 15:13:30,387 [pool-27-thread-1] INFO  impl.RoleInfo (RoleInfo.java:updateAndGet(143)) - b3e939fd-eb36-468b-9efe-5d0a1fdaa172: start FollowerState
2019-09-26 15:13:30,388 [pool-27-thread-1] INFO  util.JmxRegister (JmxRegister.java:tryRegister(44)) - Successfully registered JMX Bean with object name Ratis:service=RaftServer,group=group-74515BDB2857,id=b3e939fd-eb36-468b-9efe-5d0a1fdaa172
2019-09-26 15:13:30,389 [RatisPipelineUtilsThread] INFO  pipeline.PipelineStateManager (PipelineStateManager.java:addPipeline(56)) - Created pipeline Pipeline[ Id: 002a72ff-6a42-4ce7-8816-74515bdb2857, Nodes: b3e939fd-eb36-468b-9efe-5d0a1fdaa172{ip: 192.168.151.99, host: pr-hdds-1569-g6sp5-2013761785, networkLocation: /default-rack, certSerialId: null}, Type:RATIS, Factor:ONE, State:OPEN]
2019-09-26 15:13:30,392 [grpc-default-executor-0] INFO  impl.RaftServerProxy (RaftServerProxy.java:addNew(89)) - b3e939fd-eb36-468b-9efe-5d0a1fdaa172: addNew group-D5D0A30B4DC8:[b3e939fd-eb36-468b-9efe-5d0a1fdaa172:192.168.151.99:45433] returns group-D5D0A30B4DC8:java.util.concurrent.CompletableFuture@7f1b19bc[Not completed]
2019-09-26 15:13:30,392 [pool-27-thread-1] INFO  impl.RaftServerImpl (RaftServerImpl.java:<init>(95)) - b3e939fd-eb36-468b-9efe-5d0a1fdaa172: new RaftServerImpl for group-D5D0A30B4DC8:[b3e939fd-eb36-468b-9efe-5d0a1fdaa172:192.168.151.99:45433] with ContainerStateMachine:uninitialized
2019-09-26 15:13:30,393 [pool-27-thread-1] INFO  server.RaftServerConfigKeys (ConfUtils.java:logGet(43)) - raft.server.rpc.timeout.min = 5s (custom)
2019-09-26 15:13:30,393 [pool-27-thread-1] INFO  server.RaftServerConfigKeys (ConfUtils.java:logGet(43)) - raft.server.rpc.timeout.max = 5200ms (custom)
2019-09-26 15:13:30,393 [pool-27-thread-1] INFO  server.RaftServerConfigKeys (ConfUtils.java:logGet(43)) - raft.server.rpcslowness.timeout = 120s (custom)
2019-09-26 15:13:30,393 [pool-27-thread-1] INFO  server.RaftServerConfigKeys (ConfUtils.java:logGet(43)) - raft.server.sleep.deviation.threshold = 300 (default)
2019-09-26 15:13:30,393 [pool-27-thread-1] INFO  server.RaftServerConfigKeys (ConfUtils.java:logGet(43)) - raft.server.log.appender.install.snapshot.enabled = false (custom)
2019-09-26 15:13:30,393 [pool-27-thread-1] INFO  impl.RaftServerImpl (ServerState.java:<init>(103)) - b3e939fd-eb36-468b-9efe-5d0a1fdaa172@group-D5D0A30B4DC8: ConfigurationManager, init=-1: [b3e939fd-eb36-468b-9efe-5d0a1fdaa172:192.168.151.99:45433], old=null, confs=<EMPTY_MAP>
2019-09-26 15:13:30,393 [pool-27-thread-1] INFO  server.RaftServerConfigKeys (ConfUtils.java:logGet(43)) - raft.server.storage.dir = [/workdir/hadoop-ozone/integration-test/target/test-dir/MiniOzoneClusterImpl-7e2f4b2f-6763-4a45-9ec4-264c2cef7c61/datanode-0/data/ratis] (custom)
2019-09-26 15:13:30,394 [pool-27-thread-1] INFO  storage.RaftStorageDirectory (RaftStorageDirectory.java:analyzeStorage(246)) - The storage directory /workdir/hadoop-ozone/integration-test/target/test-dir/MiniOzoneClusterImpl-7e2f4b2f-6763-4a45-9ec4-264c2cef7c61/datanode-0/data/ratis/3ef1e29c-9cb6-432a-a24a-d5d0a30b4dc8 does not exist. Creating ...
2019-09-26 15:13:30,403 [pool-27-thread-1] INFO  storage.RaftStorageDirectory (RaftStorageDirectory.java:tryLock(328)) - Lock on /workdir/hadoop-ozone/integration-test/target/test-dir/MiniOzoneClusterImpl-7e2f4b2f-6763-4a45-9ec4-264c2cef7c61/datanode-0/data/ratis/3ef1e29c-9cb6-432a-a24a-d5d0a30b4dc8/in_use.lock acquired by nodename 11803@pr-hdds-1569-g6sp5-2013761785
2019-09-26 15:13:30,422 [pool-27-thread-1] INFO  storage.RaftStorage (RaftStorage.java:format(72)) - Storage directory /workdir/hadoop-ozone/integration-test/target/test-dir/MiniOzoneClusterImpl-7e2f4b2f-6763-4a45-9ec4-264c2cef7c61/datanode-0/data/ratis/3ef1e29c-9cb6-432a-a24a-d5d0a30b4dc8 has been successfully formatted.
2019-09-26 15:13:30,422 [pool-27-thread-1] INFO  ratis.ContainerStateMachine (ContainerStateMachine.java:loadSnapshot(230)) - group-D5D0A30B4DC8: The snapshot info is null. Setting the last applied indexto:(t:0, i:~)
2019-09-26 15:13:30,422 [pool-27-thread-1] INFO  server.RaftServerConfigKeys (ConfUtils.java:logGet(43)) - raft.server.notification.no-leader.timeout = 120s (custom)
2019-09-26 15:13:30,422 [pool-27-thread-1] INFO  server.RaftServerConfigKeys (ConfUtils.java:logGet(43)) - raft.server.log.use.memory = false (default)
2019-09-26 15:13:30,423 [pool-27-thread-1] INFO  server.RaftServerConfigKeys (ConfUtils.java:logGet(43)) - raft.server.log.purge.gap = 1000000 (custom)
2019-09-26 15:13:30,423 [pool-27-thread-1] INFO  server.RaftServerConfigKeys (ConfUtils.java:logGet(43)) - raft.server.log.appender.buffer.byte-limit = 33554432 (custom)
2019-09-26 15:13:30,423 [pool-27-thread-1] INFO  server.RaftServerConfigKeys (ConfUtils.java:logGet(43)) - raft.server.log.segment.size.max = 1048576 (custom)
2019-09-26 15:13:30,423 [pool-27-thread-1] INFO  server.RaftServerConfigKeys (ConfUtils.java:logGet(43)) - raft.server.log.segment.cache.num.max = 2 (custom)
2019-09-26 15:13:30,423 [pool-27-thread-1] INFO  segmented.SegmentedRaftLogWorker (SegmentedRaftLogWorker.java:<init>(172)) - new b3e939fd-eb36-468b-9efe-5d0a1fdaa172@group-D5D0A30B4DC8-SegmentedRaftLogWorker for RaftStorage:Storage Directory /workdir/hadoop-ozone/integration-test/target/test-dir/MiniOzoneClusterImpl-7e2f4b2f-6763-4a45-9ec4-264c2cef7c61/datanode-0/data/ratis/3ef1e29c-9cb6-432a-a24a-d5d0a30b4dc8
2019-09-26 15:13:30,423 [pool-27-thread-1] INFO  server.RaftServerConfigKeys (ConfUtils.java:logGet(43)) - raft.server.log.queue.byte-limit = 2147483647 (custom)
2019-09-26 15:13:30,423 [pool-27-thread-1] INFO  server.RaftServerConfigKeys (ConfUtils.java:logGet(43)) - raft.server.log.queue.element-limit = 1024 (custom)
2019-09-26 15:13:30,423 [pool-27-thread-1] INFO  server.RaftServerConfigKeys (ConfUtils.java:logGet(43)) - raft.server.log.segment.size.max = 1048576 (custom)
2019-09-26 15:13:30,423 [pool-27-thread-1] INFO  server.RaftServerConfigKeys (ConfUtils.java:logGet(43)) - raft.server.log.preallocated.size = 16384 (custom)
2019-09-26 15:13:30,423 [pool-27-thread-1] INFO  server.RaftServerConfigKeys (ConfUtils.java:logGet(43)) - raft.server.log.write.buffer.size = 33554432 (custom)
2019-09-26 15:13:30,423 [pool-27-thread-1] INFO  server.RaftServerConfigKeys (ConfUtils.java:logGet(43)) - raft.server.log.force.sync.num = 128 (default)
2019-09-26 15:13:30,424 [pool-27-thread-1] INFO  server.RaftServerConfigKeys (ConfUtils.java:logGet(43)) - raft.server.log.statemachine.data.sync = true (default)
2019-09-26 15:13:30,424 [pool-27-thread-1] INFO  server.RaftServerConfigKeys (ConfUtils.java:logGet(43)) - raft.server.log.statemachine.data.sync.timeout = 10s (default)
2019-09-26 15:13:30,424 [pool-27-thread-1] INFO  server.RaftServerConfigKeys (ConfUtils.java:logGet(43)) - raft.server.log.statemachine.data.sync.timeout.retry = -1 (default)
2019-09-26 15:13:30,424 [pool-27-thread-1] INFO  server.RaftServerConfigKeys (ConfUtils.java:logGet(43)) - raft.server.log.statemachine.data.caching.enabled = true (custom)
2019-09-26 15:13:30,424 [pool-27-thread-1] INFO  segmented.SegmentedRaftLogWorker (SegmentedRaftLogWorker.java:lambda$new$0(132)) - b3e939fd-eb36-468b-9efe-5d0a1fdaa172@group-D5D0A30B4DC8-SegmentedRaftLogWorker: flushIndex: setUnconditionally 0 -> -1
2019-09-26 15:13:30,424 [pool-27-thread-1] INFO  server.RaftServerConfigKeys (ConfUtils.java:logGet(43)) - raft.server.snapshot.auto.trigger.enabled = true (custom)
2019-09-26 15:13:30,424 [pool-27-thread-1] INFO  server.RaftServerConfigKeys (ConfUtils.java:logGet(43)) - raft.server.snapshot.auto.trigger.threshold = 10000 (custom)
2019-09-26 15:13:30,424 [pool-27-thread-1] INFO  server.RaftServerConfigKeys (ConfUtils.java:logGet(43)) - raft.server.snapshot.retention.num.files = 5 (custom)
2019-09-26 15:13:30,424 [pool-27-thread-1] INFO  server.RaftServerConfigKeys (ConfUtils.java:logGet(43)) - raft.server.retrycache.expirytime = 600000ms (custom)
2019-09-26 15:13:30,426 [pool-27-thread-1] INFO  impl.RaftServerImpl (RaftServerImpl.java:start(185)) - b3e939fd-eb36-468b-9efe-5d0a1fdaa172@group-D5D0A30B4DC8: start as a follower, conf=-1: [b3e939fd-eb36-468b-9efe-5d0a1fdaa172:192.168.151.99:45433], old=null
2019-09-26 15:13:30,426 [pool-27-thread-1] INFO  impl.RaftServerImpl (RaftServerImpl.java:setRole(174)) - b3e939fd-eb36-468b-9efe-5d0a1fdaa172@group-D5D0A30B4DC8: changes role from      null to FOLLOWER at term 0 for startAsFollower
2019-09-26 15:13:30,426 [pool-27-thread-1] INFO  impl.RoleInfo (RoleInfo.java:updateAndGet(143)) - b3e939fd-eb36-468b-9efe-5d0a1fdaa172: start FollowerState
2019-09-26 15:13:30,426 [pool-27-thread-1] INFO  util.JmxRegister (JmxRegister.java:tryRegister(44)) - Successfully registered JMX Bean with object name Ratis:service=RaftServer,group=group-D5D0A30B4DC8,id=b3e939fd-eb36-468b-9efe-5d0a1fdaa172
2019-09-26 15:13:30,427 [RatisPipelineUtilsThread] INFO  pipeline.PipelineStateManager (PipelineStateManager.java:addPipeline(56)) - Created pipeline Pipeline[ Id: 3ef1e29c-9cb6-432a-a24a-d5d0a30b4dc8, Nodes: b3e939fd-eb36-468b-9efe-5d0a1fdaa172{ip: 192.168.151.99, host: pr-hdds-1569-g6sp5-2013761785, networkLocation: /default-rack, certSerialId: null}, Type:RATIS, Factor:ONE, State:OPEN]
2019-09-26 15:13:30,430 [grpc-default-executor-0] INFO  impl.RaftServerProxy (RaftServerProxy.java:addNew(89)) - b3e939fd-eb36-468b-9efe-5d0a1fdaa172: addNew group-F4FE86D2BCDD:[b3e939fd-eb36-468b-9efe-5d0a1fdaa172:192.168.151.99:45433] returns group-F4FE86D2BCDD:java.util.concurrent.CompletableFuture@29b90003[Not completed]
2019-09-26 15:13:30,430 [pool-27-thread-1] INFO  impl.RaftServerImpl (RaftServerImpl.java:<init>(95)) - b3e939fd-eb36-468b-9efe-5d0a1fdaa172: new RaftServerImpl for group-F4FE86D2BCDD:[b3e939fd-eb36-468b-9efe-5d0a1fdaa172:192.168.151.99:45433] with ContainerStateMachine:uninitialized
2019-09-26 15:13:30,431 [pool-27-thread-1] INFO  server.RaftServerConfigKeys (ConfUtils.java:logGet(43)) - raft.server.rpc.timeout.min = 5s (custom)
2019-09-26 15:13:30,431 [pool-27-thread-1] INFO  server.RaftServerConfigKeys (ConfUtils.java:logGet(43)) - raft.server.rpc.timeout.max = 5200ms (custom)
2019-09-26 15:13:30,431 [pool-27-thread-1] INFO  server.RaftServerConfigKeys (ConfUtils.java:logGet(43)) - raft.server.rpcslowness.timeout = 120s (custom)
2019-09-26 15:13:30,431 [pool-27-thread-1] INFO  server.RaftServerConfigKeys (ConfUtils.java:logGet(43)) - raft.server.sleep.deviation.threshold = 300 (default)
2019-09-26 15:13:30,431 [pool-27-thread-1] INFO  server.RaftServerConfigKeys (ConfUtils.java:logGet(43)) - raft.server.log.appender.install.snapshot.enabled = false (custom)
2019-09-26 15:13:30,431 [pool-27-thread-1] INFO  impl.RaftServerImpl (ServerState.java:<init>(103)) - b3e939fd-eb36-468b-9efe-5d0a1fdaa172@group-F4FE86D2BCDD: ConfigurationManager, init=-1: [b3e939fd-eb36-468b-9efe-5d0a1fdaa172:192.168.151.99:45433], old=null, confs=<EMPTY_MAP>
2019-09-26 15:13:30,431 [pool-27-thread-1] INFO  server.RaftServerConfigKeys (ConfUtils.java:logGet(43)) - raft.server.storage.dir = [/workdir/hadoop-ozone/integration-test/target/test-dir/MiniOzoneClusterImpl-7e2f4b2f-6763-4a45-9ec4-264c2cef7c61/datanode-0/data/ratis] (custom)
2019-09-26 15:13:30,432 [pool-27-thread-1] INFO  storage.RaftStorageDirectory (RaftStorageDirectory.java:analyzeStorage(246)) - The storage directory /workdir/hadoop-ozone/integration-test/target/test-dir/MiniOzoneClusterImpl-7e2f4b2f-6763-4a45-9ec4-264c2cef7c61/datanode-0/data/ratis/7e882157-846f-4940-9902-f4fe86d2bcdd does not exist. Creating ...
2019-09-26 15:13:30,437 [pool-27-thread-1] INFO  storage.RaftStorageDirectory (RaftStorageDirectory.java:tryLock(328)) - Lock on /workdir/hadoop-ozone/integration-test/target/test-dir/MiniOzoneClusterImpl-7e2f4b2f-6763-4a45-9ec4-264c2cef7c61/datanode-0/data/ratis/7e882157-846f-4940-9902-f4fe86d2bcdd/in_use.lock acquired by nodename 11803@pr-hdds-1569-g6sp5-2013761785
2019-09-26 15:13:30,450 [pool-27-thread-1] INFO  storage.RaftStorage (RaftStorage.java:format(72)) - Storage directory /workdir/hadoop-ozone/integration-test/target/test-dir/MiniOzoneClusterImpl-7e2f4b2f-6763-4a45-9ec4-264c2cef7c61/datanode-0/data/ratis/7e882157-846f-4940-9902-f4fe86d2bcdd has been successfully formatted.
2019-09-26 15:13:30,451 [pool-27-thread-1] INFO  ratis.ContainerStateMachine (ContainerStateMachine.java:loadSnapshot(230)) - group-F4FE86D2BCDD: The snapshot info is null. Setting the last applied indexto:(t:0, i:~)
2019-09-26 15:13:30,451 [pool-27-thread-1] INFO  server.RaftServerConfigKeys (ConfUtils.java:logGet(43)) - raft.server.notification.no-leader.timeout = 120s (custom)
2019-09-26 15:13:30,451 [pool-27-thread-1] INFO  server.RaftServerConfigKeys (ConfUtils.java:logGet(43)) - raft.server.log.use.memory = false (default)
2019-09-26 15:13:30,451 [pool-27-thread-1] INFO  server.RaftServerConfigKeys (ConfUtils.java:logGet(43)) - raft.server.log.purge.gap = 1000000 (custom)
2019-09-26 15:13:30,451 [pool-27-thread-1] INFO  server.RaftServerConfigKeys (ConfUtils.java:logGet(43)) - raft.server.log.appender.buffer.byte-limit = 33554432 (custom)
2019-09-26 15:13:30,451 [pool-27-thread-1] INFO  server.RaftServerConfigKeys (ConfUtils.java:logGet(43)) - raft.server.log.segment.size.max = 1048576 (custom)
2019-09-26 15:13:30,451 [pool-27-thread-1] INFO  server.RaftServerConfigKeys (ConfUtils.java:logGet(43)) - raft.server.log.segment.cache.num.max = 2 (custom)
2019-09-26 15:13:30,451 [pool-27-thread-1] INFO  segmented.SegmentedRaftLogWorker (SegmentedRaftLogWorker.java:<init>(172)) - new b3e939fd-eb36-468b-9efe-5d0a1fdaa172@group-F4FE86D2BCDD-SegmentedRaftLogWorker for RaftStorage:Storage Directory /workdir/hadoop-ozone/integration-test/target/test-dir/MiniOzoneClusterImpl-7e2f4b2f-6763-4a45-9ec4-264c2cef7c61/datanode-0/data/ratis/7e882157-846f-4940-9902-f4fe86d2bcdd
2019-09-26 15:13:30,451 [pool-27-thread-1] INFO  server.RaftServerConfigKeys (ConfUtils.java:logGet(43)) - raft.server.log.queue.byte-limit = 2147483647 (custom)
2019-09-26 15:13:30,451 [pool-27-thread-1] INFO  server.RaftServerConfigKeys (ConfUtils.java:logGet(43)) - raft.server.log.queue.element-limit = 1024 (custom)
2019-09-26 15:13:30,451 [pool-27-thread-1] INFO  server.RaftServerConfigKeys (ConfUtils.java:logGet(43)) - raft.server.log.segment.size.max = 1048576 (custom)
2019-09-26 15:13:30,452 [pool-27-thread-1] INFO  server.RaftServerConfigKeys (ConfUtils.java:logGet(43)) - raft.server.log.preallocated.size = 16384 (custom)
2019-09-26 15:13:30,452 [pool-27-thread-1] INFO  server.RaftServerConfigKeys (ConfUtils.java:logGet(43)) - raft.server.log.write.buffer.size = 33554432 (custom)
2019-09-26 15:13:30,452 [pool-27-thread-1] INFO  server.RaftServerConfigKeys (ConfUtils.java:logGet(43)) - raft.server.log.force.sync.num = 128 (default)
2019-09-26 15:13:30,452 [pool-27-thread-1] INFO  server.RaftServerConfigKeys (ConfUtils.java:logGet(43)) - raft.server.log.statemachine.data.sync = true (default)
2019-09-26 15:13:30,452 [pool-27-thread-1] INFO  server.RaftServerConfigKeys (ConfUtils.java:logGet(43)) - raft.server.log.statemachine.data.sync.timeout = 10s (default)
2019-09-26 15:13:30,452 [pool-27-thread-1] INFO  server.RaftServerConfigKeys (ConfUtils.java:logGet(43)) - raft.server.log.statemachine.data.sync.timeout.retry = -1 (default)
2019-09-26 15:13:30,452 [pool-27-thread-1] INFO  server.RaftServerConfigKeys (ConfUtils.java:logGet(43)) - raft.server.log.statemachine.data.caching.enabled = true (custom)
2019-09-26 15:13:30,452 [pool-27-thread-1] INFO  segmented.SegmentedRaftLogWorker (SegmentedRaftLogWorker.java:lambda$new$0(132)) - b3e939fd-eb36-468b-9efe-5d0a1fdaa172@group-F4FE86D2BCDD-SegmentedRaftLogWorker: flushIndex: setUnconditionally 0 -> -1
2019-09-26 15:13:30,452 [pool-27-thread-1] INFO  server.RaftServerConfigKeys (ConfUtils.java:logGet(43)) - raft.server.snapshot.auto.trigger.enabled = true (custom)
2019-09-26 15:13:30,453 [pool-27-thread-1] INFO  server.RaftServerConfigKeys (ConfUtils.java:logGet(43)) - raft.server.snapshot.auto.trigger.threshold = 10000 (custom)
2019-09-26 15:13:30,453 [pool-27-thread-1] INFO  server.RaftServerConfigKeys (ConfUtils.java:logGet(43)) - raft.server.snapshot.retention.num.files = 5 (custom)
2019-09-26 15:13:30,453 [pool-27-thread-1] INFO  server.RaftServerConfigKeys (ConfUtils.java:logGet(43)) - raft.server.retrycache.expirytime = 600000ms (custom)
2019-09-26 15:13:30,454 [pool-27-thread-1] INFO  impl.RaftServerImpl (RaftServerImpl.java:start(185)) - b3e939fd-eb36-468b-9efe-5d0a1fdaa172@group-F4FE86D2BCDD: start as a follower, conf=-1: [b3e939fd-eb36-468b-9efe-5d0a1fdaa172:192.168.151.99:45433], old=null
2019-09-26 15:13:30,454 [pool-27-thread-1] INFO  impl.RaftServerImpl (RaftServerImpl.java:setRole(174)) - b3e939fd-eb36-468b-9efe-5d0a1fdaa172@group-F4FE86D2BCDD: changes role from      null to FOLLOWER at term 0 for startAsFollower
2019-09-26 15:13:30,454 [pool-27-thread-1] INFO  impl.RoleInfo (RoleInfo.java:updateAndGet(143)) - b3e939fd-eb36-468b-9efe-5d0a1fdaa172: start FollowerState
2019-09-26 15:13:30,454 [pool-27-thread-1] INFO  util.JmxRegister (JmxRegister.java:tryRegister(44)) - Successfully registered JMX Bean with object name Ratis:service=RaftServer,group=group-F4FE86D2BCDD,id=b3e939fd-eb36-468b-9efe-5d0a1fdaa172
2019-09-26 15:13:30,456 [RatisPipelineUtilsThread] INFO  pipeline.PipelineStateManager (PipelineStateManager.java:addPipeline(56)) - Created pipeline Pipeline[ Id: 7e882157-846f-4940-9902-f4fe86d2bcdd, Nodes: b3e939fd-eb36-468b-9efe-5d0a1fdaa172{ip: 192.168.151.99, host: pr-hdds-1569-g6sp5-2013761785, networkLocation: /default-rack, certSerialId: null}, Type:RATIS, Factor:ONE, State:OPEN]
2019-09-26 15:13:30,459 [grpc-default-executor-0] INFO  impl.RaftServerProxy (RaftServerProxy.java:addNew(89)) - b3e939fd-eb36-468b-9efe-5d0a1fdaa172: addNew group-6AE5FF705F7D:[b3e939fd-eb36-468b-9efe-5d0a1fdaa172:192.168.151.99:45433] returns group-6AE5FF705F7D:java.util.concurrent.CompletableFuture@14958caa[Not completed]
2019-09-26 15:13:30,460 [pool-27-thread-1] INFO  impl.RaftServerImpl (RaftServerImpl.java:<init>(95)) - b3e939fd-eb36-468b-9efe-5d0a1fdaa172: new RaftServerImpl for group-6AE5FF705F7D:[b3e939fd-eb36-468b-9efe-5d0a1fdaa172:192.168.151.99:45433] with ContainerStateMachine:uninitialized
2019-09-26 15:13:30,460 [pool-27-thread-1] INFO  server.RaftServerConfigKeys (ConfUtils.java:logGet(43)) - raft.server.rpc.timeout.min = 5s (custom)
2019-09-26 15:13:30,460 [pool-27-thread-1] INFO  server.RaftServerConfigKeys (ConfUtils.java:logGet(43)) - raft.server.rpc.timeout.max = 5200ms (custom)
2019-09-26 15:13:30,460 [pool-27-thread-1] INFO  server.RaftServerConfigKeys (ConfUtils.java:logGet(43)) - raft.server.rpcslowness.timeout = 120s (custom)
2019-09-26 15:13:30,460 [pool-27-thread-1] INFO  server.RaftServerConfigKeys (ConfUtils.java:logGet(43)) - raft.server.sleep.deviation.threshold = 300 (default)
2019-09-26 15:13:30,460 [pool-27-thread-1] INFO  server.RaftServerConfigKeys (ConfUtils.java:logGet(43)) - raft.server.log.appender.install.snapshot.enabled = false (custom)
2019-09-26 15:13:30,460 [pool-27-thread-1] INFO  impl.RaftServerImpl (ServerState.java:<init>(103)) - b3e939fd-eb36-468b-9efe-5d0a1fdaa172@group-6AE5FF705F7D: ConfigurationManager, init=-1: [b3e939fd-eb36-468b-9efe-5d0a1fdaa172:192.168.151.99:45433], old=null, confs=<EMPTY_MAP>
2019-09-26 15:13:30,460 [pool-27-thread-1] INFO  server.RaftServerConfigKeys (ConfUtils.java:logGet(43)) - raft.server.storage.dir = [/workdir/hadoop-ozone/integration-test/target/test-dir/MiniOzoneClusterImpl-7e2f4b2f-6763-4a45-9ec4-264c2cef7c61/datanode-0/data/ratis] (custom)
2019-09-26 15:13:30,461 [pool-27-thread-1] INFO  storage.RaftStorageDirectory (RaftStorageDirectory.java:analyzeStorage(246)) - The storage directory /workdir/hadoop-ozone/integration-test/target/test-dir/MiniOzoneClusterImpl-7e2f4b2f-6763-4a45-9ec4-264c2cef7c61/datanode-0/data/ratis/853e1a70-64db-43ef-9293-6ae5ff705f7d does not exist. Creating ...
2019-09-26 15:13:30,471 [pool-27-thread-1] INFO  storage.RaftStorageDirectory (RaftStorageDirectory.java:tryLock(328)) - Lock on /workdir/hadoop-ozone/integration-test/target/test-dir/MiniOzoneClusterImpl-7e2f4b2f-6763-4a45-9ec4-264c2cef7c61/datanode-0/data/ratis/853e1a70-64db-43ef-9293-6ae5ff705f7d/in_use.lock acquired by nodename 11803@pr-hdds-1569-g6sp5-2013761785
2019-09-26 15:13:30,482 [pool-27-thread-1] INFO  storage.RaftStorage (RaftStorage.java:format(72)) - Storage directory /workdir/hadoop-ozone/integration-test/target/test-dir/MiniOzoneClusterImpl-7e2f4b2f-6763-4a45-9ec4-264c2cef7c61/datanode-0/data/ratis/853e1a70-64db-43ef-9293-6ae5ff705f7d has been successfully formatted.
2019-09-26 15:13:30,482 [pool-27-thread-1] INFO  ratis.ContainerStateMachine (ContainerStateMachine.java:loadSnapshot(230)) - group-6AE5FF705F7D: The snapshot info is null. Setting the last applied indexto:(t:0, i:~)
2019-09-26 15:13:30,482 [pool-27-thread-1] INFO  server.RaftServerConfigKeys (ConfUtils.java:logGet(43)) - raft.server.notification.no-leader.timeout = 120s (custom)
2019-09-26 15:13:30,482 [pool-27-thread-1] INFO  server.RaftServerConfigKeys (ConfUtils.java:logGet(43)) - raft.server.log.use.memory = false (default)
2019-09-26 15:13:30,482 [pool-27-thread-1] INFO  server.RaftServerConfigKeys (ConfUtils.java:logGet(43)) - raft.server.log.purge.gap = 1000000 (custom)
2019-09-26 15:13:30,483 [pool-27-thread-1] INFO  server.RaftServerConfigKeys (ConfUtils.java:logGet(43)) - raft.server.log.appender.buffer.byte-limit = 33554432 (custom)
2019-09-26 15:13:30,483 [pool-27-thread-1] INFO  server.RaftServerConfigKeys (ConfUtils.java:logGet(43)) - raft.server.log.segment.size.max = 1048576 (custom)
2019-09-26 15:13:30,483 [pool-27-thread-1] INFO  server.RaftServerConfigKeys (ConfUtils.java:logGet(43)) - raft.server.log.segment.cache.num.max = 2 (custom)
2019-09-26 15:13:30,483 [pool-27-thread-1] INFO  segmented.SegmentedRaftLogWorker (SegmentedRaftLogWorker.java:<init>(172)) - new b3e939fd-eb36-468b-9efe-5d0a1fdaa172@group-6AE5FF705F7D-SegmentedRaftLogWorker for RaftStorage:Storage Directory /workdir/hadoop-ozone/integration-test/target/test-dir/MiniOzoneClusterImpl-7e2f4b2f-6763-4a45-9ec4-264c2cef7c61/datanode-0/data/ratis/853e1a70-64db-43ef-9293-6ae5ff705f7d
2019-09-26 15:13:30,483 [pool-27-thread-1] INFO  server.RaftServerConfigKeys (ConfUtils.java:logGet(43)) - raft.server.log.queue.byte-limit = 2147483647 (custom)
2019-09-26 15:13:30,483 [pool-27-thread-1] INFO  server.RaftServerConfigKeys (ConfUtils.java:logGet(43)) - raft.server.log.queue.element-limit = 1024 (custom)
2019-09-26 15:13:30,483 [pool-27-thread-1] INFO  server.RaftServerConfigKeys (ConfUtils.java:logGet(43)) - raft.server.log.segment.size.max = 1048576 (custom)
2019-09-26 15:13:30,483 [pool-27-thread-1] INFO  server.RaftServerConfigKeys (ConfUtils.java:logGet(43)) - raft.server.log.preallocated.size = 16384 (custom)
2019-09-26 15:13:30,483 [pool-27-thread-1] INFO  server.RaftServerConfigKeys (ConfUtils.java:logGet(43)) - raft.server.log.write.buffer.size = 33554432 (custom)
2019-09-26 15:13:30,483 [pool-27-thread-1] INFO  server.RaftServerConfigKeys (ConfUtils.java:logGet(43)) - raft.server.log.force.sync.num = 128 (default)
2019-09-26 15:13:30,483 [pool-27-thread-1] INFO  server.RaftServerConfigKeys (ConfUtils.java:logGet(43)) - raft.server.log.statemachine.data.sync = true (default)
2019-09-26 15:13:30,483 [pool-27-thread-1] INFO  server.RaftServerConfigKeys (ConfUtils.java:logGet(43)) - raft.server.log.statemachine.data.sync.timeout = 10s (default)
2019-09-26 15:13:30,483 [pool-27-thread-1] INFO  server.RaftServerConfigKeys (ConfUtils.java:logGet(43)) - raft.server.log.statemachine.data.sync.timeout.retry = -1 (default)
2019-09-26 15:13:30,484 [pool-27-thread-1] INFO  server.RaftServerConfigKeys (ConfUtils.java:logGet(43)) - raft.server.log.statemachine.data.caching.enabled = true (custom)
2019-09-26 15:13:30,484 [pool-27-thread-1] INFO  segmented.SegmentedRaftLogWorker (SegmentedRaftLogWorker.java:lambda$new$0(132)) - b3e939fd-eb36-468b-9efe-5d0a1fdaa172@group-6AE5FF705F7D-SegmentedRaftLogWorker: flushIndex: setUnconditionally 0 -> -1
2019-09-26 15:13:30,484 [pool-27-thread-1] INFO  server.RaftServerConfigKeys (ConfUtils.java:logGet(43)) - raft.server.snapshot.auto.trigger.enabled = true (custom)
2019-09-26 15:13:30,484 [pool-27-thread-1] INFO  server.RaftServerConfigKeys (ConfUtils.java:logGet(43)) - raft.server.snapshot.auto.trigger.threshold = 10000 (custom)
2019-09-26 15:13:30,484 [pool-27-thread-1] INFO  server.RaftServerConfigKeys (ConfUtils.java:logGet(43)) - raft.server.snapshot.retention.num.files = 5 (custom)
2019-09-26 15:13:30,484 [pool-27-thread-1] INFO  server.RaftServerConfigKeys (ConfUtils.java:logGet(43)) - raft.server.retrycache.expirytime = 600000ms (custom)
2019-09-26 15:13:30,485 [pool-27-thread-1] INFO  impl.RaftServerImpl (RaftServerImpl.java:start(185)) - b3e939fd-eb36-468b-9efe-5d0a1fdaa172@group-6AE5FF705F7D: start as a follower, conf=-1: [b3e939fd-eb36-468b-9efe-5d0a1fdaa172:192.168.151.99:45433], old=null
2019-09-26 15:13:30,486 [pool-27-thread-1] INFO  impl.RaftServerImpl (RaftServerImpl.java:setRole(174)) - b3e939fd-eb36-468b-9efe-5d0a1fdaa172@group-6AE5FF705F7D: changes role from      null to FOLLOWER at term 0 for startAsFollower
2019-09-26 15:13:30,486 [pool-27-thread-1] INFO  impl.RoleInfo (RoleInfo.java:updateAndGet(143)) - b3e939fd-eb36-468b-9efe-5d0a1fdaa172: start FollowerState
2019-09-26 15:13:30,486 [pool-27-thread-1] INFO  util.JmxRegister (JmxRegister.java:tryRegister(44)) - Successfully registered JMX Bean with object name Ratis:service=RaftServer,group=group-6AE5FF705F7D,id=b3e939fd-eb36-468b-9efe-5d0a1fdaa172
2019-09-26 15:13:30,487 [RatisPipelineUtilsThread] INFO  pipeline.PipelineStateManager (PipelineStateManager.java:addPipeline(56)) - Created pipeline Pipeline[ Id: 853e1a70-64db-43ef-9293-6ae5ff705f7d, Nodes: b3e939fd-eb36-468b-9efe-5d0a1fdaa172{ip: 192.168.151.99, host: pr-hdds-1569-g6sp5-2013761785, networkLocation: /default-rack, certSerialId: null}, Type:RATIS, Factor:ONE, State:OPEN]
2019-09-26 15:13:30,490 [grpc-default-executor-0] INFO  impl.RaftServerProxy (RaftServerProxy.java:addNew(89)) - b3e939fd-eb36-468b-9efe-5d0a1fdaa172: addNew group-F11DE81BFF74:[b3e939fd-eb36-468b-9efe-5d0a1fdaa172:192.168.151.99:45433] returns group-F11DE81BFF74:java.util.concurrent.CompletableFuture@4ff80eca[Not completed]
2019-09-26 15:13:30,491 [pool-27-thread-1] INFO  impl.RaftServerImpl (RaftServerImpl.java:<init>(95)) - b3e939fd-eb36-468b-9efe-5d0a1fdaa172: new RaftServerImpl for group-F11DE81BFF74:[b3e939fd-eb36-468b-9efe-5d0a1fdaa172:192.168.151.99:45433] with ContainerStateMachine:uninitialized
2019-09-26 15:13:30,491 [pool-27-thread-1] INFO  server.RaftServerConfigKeys (ConfUtils.java:logGet(43)) - raft.server.rpc.timeout.min = 5s (custom)
2019-09-26 15:13:30,491 [pool-27-thread-1] INFO  server.RaftServerConfigKeys (ConfUtils.java:logGet(43)) - raft.server.rpc.timeout.max = 5200ms (custom)
2019-09-26 15:13:30,491 [pool-27-thread-1] INFO  server.RaftServerConfigKeys (ConfUtils.java:logGet(43)) - raft.server.rpcslowness.timeout = 120s (custom)
2019-09-26 15:13:30,491 [pool-27-thread-1] INFO  server.RaftServerConfigKeys (ConfUtils.java:logGet(43)) - raft.server.sleep.deviation.threshold = 300 (default)
2019-09-26 15:13:30,491 [pool-27-thread-1] INFO  server.RaftServerConfigKeys (ConfUtils.java:logGet(43)) - raft.server.log.appender.install.snapshot.enabled = false (custom)
2019-09-26 15:13:30,491 [pool-27-thread-1] INFO  impl.RaftServerImpl (ServerState.java:<init>(103)) - b3e939fd-eb36-468b-9efe-5d0a1fdaa172@group-F11DE81BFF74: ConfigurationManager, init=-1: [b3e939fd-eb36-468b-9efe-5d0a1fdaa172:192.168.151.99:45433], old=null, confs=<EMPTY_MAP>
2019-09-26 15:13:30,491 [pool-27-thread-1] INFO  server.RaftServerConfigKeys (ConfUtils.java:logGet(43)) - raft.server.storage.dir = [/workdir/hadoop-ozone/integration-test/target/test-dir/MiniOzoneClusterImpl-7e2f4b2f-6763-4a45-9ec4-264c2cef7c61/datanode-0/data/ratis] (custom)
2019-09-26 15:13:30,492 [pool-27-thread-1] INFO  storage.RaftStorageDirectory (RaftStorageDirectory.java:analyzeStorage(246)) - The storage directory /workdir/hadoop-ozone/integration-test/target/test-dir/MiniOzoneClusterImpl-7e2f4b2f-6763-4a45-9ec4-264c2cef7c61/datanode-0/data/ratis/61c47b50-319f-473f-a973-f11de81bff74 does not exist. Creating ...
2019-09-26 15:13:30,498 [pool-27-thread-1] INFO  storage.RaftStorageDirectory (RaftStorageDirectory.java:tryLock(328)) - Lock on /workdir/hadoop-ozone/integration-test/target/test-dir/MiniOzoneClusterImpl-7e2f4b2f-6763-4a45-9ec4-264c2cef7c61/datanode-0/data/ratis/61c47b50-319f-473f-a973-f11de81bff74/in_use.lock acquired by nodename 11803@pr-hdds-1569-g6sp5-2013761785
2019-09-26 15:13:30,511 [pool-27-thread-1] INFO  storage.RaftStorage (RaftStorage.java:format(72)) - Storage directory /workdir/hadoop-ozone/integration-test/target/test-dir/MiniOzoneClusterImpl-7e2f4b2f-6763-4a45-9ec4-264c2cef7c61/datanode-0/data/ratis/61c47b50-319f-473f-a973-f11de81bff74 has been successfully formatted.
2019-09-26 15:13:30,511 [pool-27-thread-1] INFO  ratis.ContainerStateMachine (ContainerStateMachine.java:loadSnapshot(230)) - group-F11DE81BFF74: The snapshot info is null. Setting the last applied indexto:(t:0, i:~)
2019-09-26 15:13:30,511 [pool-27-thread-1] INFO  server.RaftServerConfigKeys (ConfUtils.java:logGet(43)) - raft.server.notification.no-leader.timeout = 120s (custom)
2019-09-26 15:13:30,511 [pool-27-thread-1] INFO  server.RaftServerConfigKeys (ConfUtils.java:logGet(43)) - raft.server.log.use.memory = false (default)
2019-09-26 15:13:30,511 [pool-27-thread-1] INFO  server.RaftServerConfigKeys (ConfUtils.java:logGet(43)) - raft.server.log.purge.gap = 1000000 (custom)
2019-09-26 15:13:30,511 [pool-27-thread-1] INFO  server.RaftServerConfigKeys (ConfUtils.java:logGet(43)) - raft.server.log.appender.buffer.byte-limit = 33554432 (custom)
2019-09-26 15:13:30,511 [pool-27-thread-1] INFO  server.RaftServerConfigKeys (ConfUtils.java:logGet(43)) - raft.server.log.segment.size.max = 1048576 (custom)
2019-09-26 15:13:30,512 [pool-27-thread-1] INFO  server.RaftServerConfigKeys (ConfUtils.java:logGet(43)) - raft.server.log.segment.cache.num.max = 2 (custom)
2019-09-26 15:13:30,512 [pool-27-thread-1] INFO  segmented.SegmentedRaftLogWorker (SegmentedRaftLogWorker.java:<init>(172)) - new b3e939fd-eb36-468b-9efe-5d0a1fdaa172@group-F11DE81BFF74-SegmentedRaftLogWorker for RaftStorage:Storage Directory /workdir/hadoop-ozone/integration-test/target/test-dir/MiniOzoneClusterImpl-7e2f4b2f-6763-4a45-9ec4-264c2cef7c61/datanode-0/data/ratis/61c47b50-319f-473f-a973-f11de81bff74
2019-09-26 15:13:30,512 [pool-27-thread-1] INFO  server.RaftServerConfigKeys (ConfUtils.java:logGet(43)) - raft.server.log.queue.byte-limit = 2147483647 (custom)
2019-09-26 15:13:30,512 [pool-27-thread-1] INFO  server.RaftServerConfigKeys (ConfUtils.java:logGet(43)) - raft.server.log.queue.element-limit = 1024 (custom)
2019-09-26 15:13:30,512 [pool-27-thread-1] INFO  server.RaftServerConfigKeys (ConfUtils.java:logGet(43)) - raft.server.log.segment.size.max = 1048576 (custom)
2019-09-26 15:13:30,512 [pool-27-thread-1] INFO  server.RaftServerConfigKeys (ConfUtils.java:logGet(43)) - raft.server.log.preallocated.size = 16384 (custom)
2019-09-26 15:13:30,512 [pool-27-thread-1] INFO  server.RaftServerConfigKeys (ConfUtils.java:logGet(43)) - raft.server.log.write.buffer.size = 33554432 (custom)
2019-09-26 15:13:30,512 [pool-27-thread-1] INFO  server.RaftServerConfigKeys (ConfUtils.java:logGet(43)) - raft.server.log.force.sync.num = 128 (default)
2019-09-26 15:13:30,512 [pool-27-thread-1] INFO  server.RaftServerConfigKeys (ConfUtils.java:logGet(43)) - raft.server.log.statemachine.data.sync = true (default)
2019-09-26 15:13:30,512 [pool-27-thread-1] INFO  server.RaftServerConfigKeys (ConfUtils.java:logGet(43)) - raft.server.log.statemachine.data.sync.timeout = 10s (default)
2019-09-26 15:13:30,512 [pool-27-thread-1] INFO  server.RaftServerConfigKeys (ConfUtils.java:logGet(43)) - raft.server.log.statemachine.data.sync.timeout.retry = -1 (default)
2019-09-26 15:13:30,512 [pool-27-thread-1] INFO  server.RaftServerConfigKeys (ConfUtils.java:logGet(43)) - raft.server.log.statemachine.data.caching.enabled = true (custom)
2019-09-26 15:13:30,513 [pool-27-thread-1] INFO  segmented.SegmentedRaftLogWorker (SegmentedRaftLogWorker.java:lambda$new$0(132)) - b3e939fd-eb36-468b-9efe-5d0a1fdaa172@group-F11DE81BFF74-SegmentedRaftLogWorker: flushIndex: setUnconditionally 0 -> -1
2019-09-26 15:13:30,513 [pool-27-thread-1] INFO  server.RaftServerConfigKeys (ConfUtils.java:logGet(43)) - raft.server.snapshot.auto.trigger.enabled = true (custom)
2019-09-26 15:13:30,513 [pool-27-thread-1] INFO  server.RaftServerConfigKeys (ConfUtils.java:logGet(43)) - raft.server.snapshot.auto.trigger.threshold = 10000 (custom)
2019-09-26 15:13:30,513 [pool-27-thread-1] INFO  server.RaftServerConfigKeys (ConfUtils.java:logGet(43)) - raft.server.snapshot.retention.num.files = 5 (custom)
2019-09-26 15:13:30,513 [pool-27-thread-1] INFO  server.RaftServerConfigKeys (ConfUtils.java:logGet(43)) - raft.server.retrycache.expirytime = 600000ms (custom)
2019-09-26 15:13:30,514 [pool-27-thread-1] INFO  impl.RaftServerImpl (RaftServerImpl.java:start(185)) - b3e939fd-eb36-468b-9efe-5d0a1fdaa172@group-F11DE81BFF74: start as a follower, conf=-1: [b3e939fd-eb36-468b-9efe-5d0a1fdaa172:192.168.151.99:45433], old=null
2019-09-26 15:13:30,514 [pool-27-thread-1] INFO  impl.RaftServerImpl (RaftServerImpl.java:setRole(174)) - b3e939fd-eb36-468b-9efe-5d0a1fdaa172@group-F11DE81BFF74: changes role from      null to FOLLOWER at term 0 for startAsFollower
2019-09-26 15:13:30,514 [pool-27-thread-1] INFO  impl.RoleInfo (RoleInfo.java:updateAndGet(143)) - b3e939fd-eb36-468b-9efe-5d0a1fdaa172: start FollowerState
2019-09-26 15:13:30,514 [pool-27-thread-1] INFO  util.JmxRegister (JmxRegister.java:tryRegister(44)) - Successfully registered JMX Bean with object name Ratis:service=RaftServer,group=group-F11DE81BFF74,id=b3e939fd-eb36-468b-9efe-5d0a1fdaa172
2019-09-26 15:13:30,516 [RatisPipelineUtilsThread] INFO  pipeline.PipelineStateManager (PipelineStateManager.java:addPipeline(56)) - Created pipeline Pipeline[ Id: 61c47b50-319f-473f-a973-f11de81bff74, Nodes: b3e939fd-eb36-468b-9efe-5d0a1fdaa172{ip: 192.168.151.99, host: pr-hdds-1569-g6sp5-2013761785, networkLocation: /default-rack, certSerialId: null}, Type:RATIS, Factor:ONE, State:OPEN]
2019-09-26 15:13:30,518 [grpc-default-executor-0] INFO  impl.RaftServerProxy (RaftServerProxy.java:addNew(89)) - b3e939fd-eb36-468b-9efe-5d0a1fdaa172: addNew group-0531D8DEB565:[b3e939fd-eb36-468b-9efe-5d0a1fdaa172:192.168.151.99:45433] returns group-0531D8DEB565:java.util.concurrent.CompletableFuture@61eed5c9[Not completed]
2019-09-26 15:13:30,519 [pool-27-thread-1] INFO  impl.RaftServerImpl (RaftServerImpl.java:<init>(95)) - b3e939fd-eb36-468b-9efe-5d0a1fdaa172: new RaftServerImpl for group-0531D8DEB565:[b3e939fd-eb36-468b-9efe-5d0a1fdaa172:192.168.151.99:45433] with ContainerStateMachine:uninitialized
2019-09-26 15:13:30,519 [pool-27-thread-1] INFO  server.RaftServerConfigKeys (ConfUtils.java:logGet(43)) - raft.server.rpc.timeout.min = 5s (custom)
2019-09-26 15:13:30,519 [pool-27-thread-1] INFO  server.RaftServerConfigKeys (ConfUtils.java:logGet(43)) - raft.server.rpc.timeout.max = 5200ms (custom)
2019-09-26 15:13:30,519 [pool-27-thread-1] INFO  server.RaftServerConfigKeys (ConfUtils.java:logGet(43)) - raft.server.rpcslowness.timeout = 120s (custom)
2019-09-26 15:13:30,519 [pool-27-thread-1] INFO  server.RaftServerConfigKeys (ConfUtils.java:logGet(43)) - raft.server.sleep.deviation.threshold = 300 (default)
2019-09-26 15:13:30,519 [pool-27-thread-1] INFO  server.RaftServerConfigKeys (ConfUtils.java:logGet(43)) - raft.server.log.appender.install.snapshot.enabled = false (custom)
2019-09-26 15:13:30,519 [pool-27-thread-1] INFO  impl.RaftServerImpl (ServerState.java:<init>(103)) - b3e939fd-eb36-468b-9efe-5d0a1fdaa172@group-0531D8DEB565: ConfigurationManager, init=-1: [b3e939fd-eb36-468b-9efe-5d0a1fdaa172:192.168.151.99:45433], old=null, confs=<EMPTY_MAP>
2019-09-26 15:13:30,519 [pool-27-thread-1] INFO  server.RaftServerConfigKeys (ConfUtils.java:logGet(43)) - raft.server.storage.dir = [/workdir/hadoop-ozone/integration-test/target/test-dir/MiniOzoneClusterImpl-7e2f4b2f-6763-4a45-9ec4-264c2cef7c61/datanode-0/data/ratis] (custom)
2019-09-26 15:13:30,520 [pool-27-thread-1] INFO  storage.RaftStorageDirectory (RaftStorageDirectory.java:analyzeStorage(246)) - The storage directory /workdir/hadoop-ozone/integration-test/target/test-dir/MiniOzoneClusterImpl-7e2f4b2f-6763-4a45-9ec4-264c2cef7c61/datanode-0/data/ratis/9624515e-5b2a-42ef-b55f-0531d8deb565 does not exist. Creating ...
2019-09-26 15:13:30,555 [pool-27-thread-1] INFO  storage.RaftStorageDirectory (RaftStorageDirectory.java:tryLock(328)) - Lock on /workdir/hadoop-ozone/integration-test/target/test-dir/MiniOzoneClusterImpl-7e2f4b2f-6763-4a45-9ec4-264c2cef7c61/datanode-0/data/ratis/9624515e-5b2a-42ef-b55f-0531d8deb565/in_use.lock acquired by nodename 11803@pr-hdds-1569-g6sp5-2013761785
2019-09-26 15:13:30,568 [pool-27-thread-1] INFO  storage.RaftStorage (RaftStorage.java:format(72)) - Storage directory /workdir/hadoop-ozone/integration-test/target/test-dir/MiniOzoneClusterImpl-7e2f4b2f-6763-4a45-9ec4-264c2cef7c61/datanode-0/data/ratis/9624515e-5b2a-42ef-b55f-0531d8deb565 has been successfully formatted.
2019-09-26 15:13:30,569 [pool-27-thread-1] INFO  ratis.ContainerStateMachine (ContainerStateMachine.java:loadSnapshot(230)) - group-0531D8DEB565: The snapshot info is null. Setting the last applied indexto:(t:0, i:~)
2019-09-26 15:13:30,569 [pool-27-thread-1] INFO  server.RaftServerConfigKeys (ConfUtils.java:logGet(43)) - raft.server.notification.no-leader.timeout = 120s (custom)
2019-09-26 15:13:30,569 [pool-27-thread-1] INFO  server.RaftServerConfigKeys (ConfUtils.java:logGet(43)) - raft.server.log.use.memory = false (default)
2019-09-26 15:13:30,569 [pool-27-thread-1] INFO  server.RaftServerConfigKeys (ConfUtils.java:logGet(43)) - raft.server.log.purge.gap = 1000000 (custom)
2019-09-26 15:13:30,570 [pool-27-thread-1] INFO  server.RaftServerConfigKeys (ConfUtils.java:logGet(43)) - raft.server.log.appender.buffer.byte-limit = 33554432 (custom)
2019-09-26 15:13:30,570 [pool-27-thread-1] INFO  server.RaftServerConfigKeys (ConfUtils.java:logGet(43)) - raft.server.log.segment.size.max = 1048576 (custom)
2019-09-26 15:13:30,570 [pool-27-thread-1] INFO  server.RaftServerConfigKeys (ConfUtils.java:logGet(43)) - raft.server.log.segment.cache.num.max = 2 (custom)
2019-09-26 15:13:30,570 [pool-27-thread-1] INFO  segmented.SegmentedRaftLogWorker (SegmentedRaftLogWorker.java:<init>(172)) - new b3e939fd-eb36-468b-9efe-5d0a1fdaa172@group-0531D8DEB565-SegmentedRaftLogWorker for RaftStorage:Storage Directory /workdir/hadoop-ozone/integration-test/target/test-dir/MiniOzoneClusterImpl-7e2f4b2f-6763-4a45-9ec4-264c2cef7c61/datanode-0/data/ratis/9624515e-5b2a-42ef-b55f-0531d8deb565
2019-09-26 15:13:30,570 [pool-27-thread-1] INFO  server.RaftServerConfigKeys (ConfUtils.java:logGet(43)) - raft.server.log.queue.byte-limit = 2147483647 (custom)
2019-09-26 15:13:30,571 [pool-27-thread-1] INFO  server.RaftServerConfigKeys (ConfUtils.java:logGet(43)) - raft.server.log.queue.element-limit = 1024 (custom)
2019-09-26 15:13:30,571 [pool-27-thread-1] INFO  server.RaftServerConfigKeys (ConfUtils.java:logGet(43)) - raft.server.log.segment.size.max = 1048576 (custom)
2019-09-26 15:13:30,571 [pool-27-thread-1] INFO  server.RaftServerConfigKeys (ConfUtils.java:logGet(43)) - raft.server.log.preallocated.size = 16384 (custom)
2019-09-26 15:13:30,571 [pool-27-thread-1] INFO  server.RaftServerConfigKeys (ConfUtils.java:logGet(43)) - raft.server.log.write.buffer.size = 33554432 (custom)
2019-09-26 15:13:30,571 [pool-27-thread-1] INFO  server.RaftServerConfigKeys (ConfUtils.java:logGet(43)) - raft.server.log.force.sync.num = 128 (default)
2019-09-26 15:13:30,571 [pool-27-thread-1] INFO  server.RaftServerConfigKeys (ConfUtils.java:logGet(43)) - raft.server.log.statemachine.data.sync = true (default)
2019-09-26 15:13:30,571 [pool-27-thread-1] INFO  server.RaftServerConfigKeys (ConfUtils.java:logGet(43)) - raft.server.log.statemachine.data.sync.timeout = 10s (default)
2019-09-26 15:13:30,572 [pool-27-thread-1] INFO  server.RaftServerConfigKeys (ConfUtils.java:logGet(43)) - raft.server.log.statemachine.data.sync.timeout.retry = -1 (default)
2019-09-26 15:13:30,572 [pool-27-thread-1] INFO  server.RaftServerConfigKeys (ConfUtils.java:logGet(43)) - raft.server.log.statemachine.data.caching.enabled = true (custom)
2019-09-26 15:13:30,572 [pool-27-thread-1] INFO  segmented.SegmentedRaftLogWorker (SegmentedRaftLogWorker.java:lambda$new$0(132)) - b3e939fd-eb36-468b-9efe-5d0a1fdaa172@group-0531D8DEB565-SegmentedRaftLogWorker: flushIndex: setUnconditionally 0 -> -1
2019-09-26 15:13:30,572 [pool-27-thread-1] INFO  server.RaftServerConfigKeys (ConfUtils.java:logGet(43)) - raft.server.snapshot.auto.trigger.enabled = true (custom)
2019-09-26 15:13:30,572 [pool-27-thread-1] INFO  server.RaftServerConfigKeys (ConfUtils.java:logGet(43)) - raft.server.snapshot.auto.trigger.threshold = 10000 (custom)
2019-09-26 15:13:30,572 [pool-27-thread-1] INFO  server.RaftServerConfigKeys (ConfUtils.java:logGet(43)) - raft.server.snapshot.retention.num.files = 5 (custom)
2019-09-26 15:13:30,573 [pool-27-thread-1] INFO  server.RaftServerConfigKeys (ConfUtils.java:logGet(43)) - raft.server.retrycache.expirytime = 600000ms (custom)
2019-09-26 15:13:30,574 [pool-27-thread-1] INFO  impl.RaftServerImpl (RaftServerImpl.java:start(185)) - b3e939fd-eb36-468b-9efe-5d0a1fdaa172@group-0531D8DEB565: start as a follower, conf=-1: [b3e939fd-eb36-468b-9efe-5d0a1fdaa172:192.168.151.99:45433], old=null
2019-09-26 15:13:30,574 [pool-27-thread-1] INFO  impl.RaftServerImpl (RaftServerImpl.java:setRole(174)) - b3e939fd-eb36-468b-9efe-5d0a1fdaa172@group-0531D8DEB565: changes role from      null to FOLLOWER at term 0 for startAsFollower
2019-09-26 15:13:30,574 [pool-27-thread-1] INFO  impl.RoleInfo (RoleInfo.java:updateAndGet(143)) - b3e939fd-eb36-468b-9efe-5d0a1fdaa172: start FollowerState
2019-09-26 15:13:30,575 [pool-27-thread-1] INFO  util.JmxRegister (JmxRegister.java:tryRegister(44)) - Successfully registered JMX Bean with object name Ratis:service=RaftServer,group=group-0531D8DEB565,id=b3e939fd-eb36-468b-9efe-5d0a1fdaa172
2019-09-26 15:13:30,576 [RatisPipelineUtilsThread] INFO  pipeline.PipelineStateManager (PipelineStateManager.java:addPipeline(56)) - Created pipeline Pipeline[ Id: 9624515e-5b2a-42ef-b55f-0531d8deb565, Nodes: b3e939fd-eb36-468b-9efe-5d0a1fdaa172{ip: 192.168.151.99, host: pr-hdds-1569-g6sp5-2013761785, networkLocation: /default-rack, certSerialId: null}, Type:RATIS, Factor:ONE, State:OPEN]
2019-09-26 15:13:30,579 [grpc-default-executor-0] INFO  impl.RaftServerProxy (RaftServerProxy.java:addNew(89)) - b3e939fd-eb36-468b-9efe-5d0a1fdaa172: addNew group-25745E01B0BD:[b3e939fd-eb36-468b-9efe-5d0a1fdaa172:192.168.151.99:45433] returns group-25745E01B0BD:java.util.concurrent.CompletableFuture@4534f2b1[Not completed]
2019-09-26 15:13:30,580 [pool-27-thread-1] INFO  impl.RaftServerImpl (RaftServerImpl.java:<init>(95)) - b3e939fd-eb36-468b-9efe-5d0a1fdaa172: new RaftServerImpl for group-25745E01B0BD:[b3e939fd-eb36-468b-9efe-5d0a1fdaa172:192.168.151.99:45433] with ContainerStateMachine:uninitialized
2019-09-26 15:13:30,580 [pool-27-thread-1] INFO  server.RaftServerConfigKeys (ConfUtils.java:logGet(43)) - raft.server.rpc.timeout.min = 5s (custom)
2019-09-26 15:13:30,580 [pool-27-thread-1] INFO  server.RaftServerConfigKeys (ConfUtils.java:logGet(43)) - raft.server.rpc.timeout.max = 5200ms (custom)
2019-09-26 15:13:30,581 [pool-27-thread-1] INFO  server.RaftServerConfigKeys (ConfUtils.java:logGet(43)) - raft.server.rpcslowness.timeout = 120s (custom)
2019-09-26 15:13:30,581 [pool-27-thread-1] INFO  server.RaftServerConfigKeys (ConfUtils.java:logGet(43)) - raft.server.sleep.deviation.threshold = 300 (default)
2019-09-26 15:13:30,581 [pool-27-thread-1] INFO  server.RaftServerConfigKeys (ConfUtils.java:logGet(43)) - raft.server.log.appender.install.snapshot.enabled = false (custom)
2019-09-26 15:13:30,581 [pool-27-thread-1] INFO  impl.RaftServerImpl (ServerState.java:<init>(103)) - b3e939fd-eb36-468b-9efe-5d0a1fdaa172@group-25745E01B0BD: ConfigurationManager, init=-1: [b3e939fd-eb36-468b-9efe-5d0a1fdaa172:192.168.151.99:45433], old=null, confs=<EMPTY_MAP>
2019-09-26 15:13:30,581 [pool-27-thread-1] INFO  server.RaftServerConfigKeys (ConfUtils.java:logGet(43)) - raft.server.storage.dir = [/workdir/hadoop-ozone/integration-test/target/test-dir/MiniOzoneClusterImpl-7e2f4b2f-6763-4a45-9ec4-264c2cef7c61/datanode-0/data/ratis] (custom)
2019-09-26 15:13:30,582 [pool-27-thread-1] INFO  storage.RaftStorageDirectory (RaftStorageDirectory.java:analyzeStorage(246)) - The storage directory /workdir/hadoop-ozone/integration-test/target/test-dir/MiniOzoneClusterImpl-7e2f4b2f-6763-4a45-9ec4-264c2cef7c61/datanode-0/data/ratis/7314072f-a0c8-4674-8a7c-25745e01b0bd does not exist. Creating ...
2019-09-26 15:13:30,595 [pool-27-thread-1] INFO  storage.RaftStorageDirectory (RaftStorageDirectory.java:tryLock(328)) - Lock on /workdir/hadoop-ozone/integration-test/target/test-dir/MiniOzoneClusterImpl-7e2f4b2f-6763-4a45-9ec4-264c2cef7c61/datanode-0/data/ratis/7314072f-a0c8-4674-8a7c-25745e01b0bd/in_use.lock acquired by nodename 11803@pr-hdds-1569-g6sp5-2013761785
2019-09-26 15:13:30,609 [pool-27-thread-1] INFO  storage.RaftStorage (RaftStorage.java:format(72)) - Storage directory /workdir/hadoop-ozone/integration-test/target/test-dir/MiniOzoneClusterImpl-7e2f4b2f-6763-4a45-9ec4-264c2cef7c61/datanode-0/data/ratis/7314072f-a0c8-4674-8a7c-25745e01b0bd has been successfully formatted.
2019-09-26 15:13:30,609 [pool-27-thread-1] INFO  ratis.ContainerStateMachine (ContainerStateMachine.java:loadSnapshot(230)) - group-25745E01B0BD: The snapshot info is null. Setting the last applied indexto:(t:0, i:~)
2019-09-26 15:13:30,609 [pool-27-thread-1] INFO  server.RaftServerConfigKeys (ConfUtils.java:logGet(43)) - raft.server.notification.no-leader.timeout = 120s (custom)
2019-09-26 15:13:30,609 [pool-27-thread-1] INFO  server.RaftServerConfigKeys (ConfUtils.java:logGet(43)) - raft.server.log.use.memory = false (default)
2019-09-26 15:13:30,609 [pool-27-thread-1] INFO  server.RaftServerConfigKeys (ConfUtils.java:logGet(43)) - raft.server.log.purge.gap = 1000000 (custom)
2019-09-26 15:13:30,609 [pool-27-thread-1] INFO  server.RaftServerConfigKeys (ConfUtils.java:logGet(43)) - raft.server.log.appender.buffer.byte-limit = 33554432 (custom)
2019-09-26 15:13:30,609 [pool-27-thread-1] INFO  server.RaftServerConfigKeys (ConfUtils.java:logGet(43)) - raft.server.log.segment.size.max = 1048576 (custom)
2019-09-26 15:13:30,610 [pool-27-thread-1] INFO  server.RaftServerConfigKeys (ConfUtils.java:logGet(43)) - raft.server.log.segment.cache.num.max = 2 (custom)
2019-09-26 15:13:30,610 [pool-27-thread-1] INFO  segmented.SegmentedRaftLogWorker (SegmentedRaftLogWorker.java:<init>(172)) - new b3e939fd-eb36-468b-9efe-5d0a1fdaa172@group-25745E01B0BD-SegmentedRaftLogWorker for RaftStorage:Storage Directory /workdir/hadoop-ozone/integration-test/target/test-dir/MiniOzoneClusterImpl-7e2f4b2f-6763-4a45-9ec4-264c2cef7c61/datanode-0/data/ratis/7314072f-a0c8-4674-8a7c-25745e01b0bd
2019-09-26 15:13:30,610 [pool-27-thread-1] INFO  server.RaftServerConfigKeys (ConfUtils.java:logGet(43)) - raft.server.log.queue.byte-limit = 2147483647 (custom)
2019-09-26 15:13:30,610 [pool-27-thread-1] INFO  server.RaftServerConfigKeys (ConfUtils.java:logGet(43)) - raft.server.log.queue.element-limit = 1024 (custom)
2019-09-26 15:13:30,610 [pool-27-thread-1] INFO  server.RaftServerConfigKeys (ConfUtils.java:logGet(43)) - raft.server.log.segment.size.max = 1048576 (custom)
2019-09-26 15:13:30,610 [pool-27-thread-1] INFO  server.RaftServerConfigKeys (ConfUtils.java:logGet(43)) - raft.server.log.preallocated.size = 16384 (custom)
2019-09-26 15:13:30,610 [pool-27-thread-1] INFO  server.RaftServerConfigKeys (ConfUtils.java:logGet(43)) - raft.server.log.write.buffer.size = 33554432 (custom)
2019-09-26 15:13:30,610 [pool-27-thread-1] INFO  server.RaftServerConfigKeys (ConfUtils.java:logGet(43)) - raft.server.log.force.sync.num = 128 (default)
2019-09-26 15:13:30,610 [pool-27-thread-1] INFO  server.RaftServerConfigKeys (ConfUtils.java:logGet(43)) - raft.server.log.statemachine.data.sync = true (default)
2019-09-26 15:13:30,610 [pool-27-thread-1] INFO  server.RaftServerConfigKeys (ConfUtils.java:logGet(43)) - raft.server.log.statemachine.data.sync.timeout = 10s (default)
2019-09-26 15:13:30,610 [pool-27-thread-1] INFO  server.RaftServerConfigKeys (ConfUtils.java:logGet(43)) - raft.server.log.statemachine.data.sync.timeout.retry = -1 (default)
2019-09-26 15:13:30,610 [pool-27-thread-1] INFO  server.RaftServerConfigKeys (ConfUtils.java:logGet(43)) - raft.server.log.statemachine.data.caching.enabled = true (custom)
2019-09-26 15:13:30,611 [pool-27-thread-1] INFO  segmented.SegmentedRaftLogWorker (SegmentedRaftLogWorker.java:lambda$new$0(132)) - b3e939fd-eb36-468b-9efe-5d0a1fdaa172@group-25745E01B0BD-SegmentedRaftLogWorker: flushIndex: setUnconditionally 0 -> -1
2019-09-26 15:13:30,611 [pool-27-thread-1] INFO  server.RaftServerConfigKeys (ConfUtils.java:logGet(43)) - raft.server.snapshot.auto.trigger.enabled = true (custom)
2019-09-26 15:13:30,611 [pool-27-thread-1] INFO  server.RaftServerConfigKeys (ConfUtils.java:logGet(43)) - raft.server.snapshot.auto.trigger.threshold = 10000 (custom)
2019-09-26 15:13:30,611 [pool-27-thread-1] INFO  server.RaftServerConfigKeys (ConfUtils.java:logGet(43)) - raft.server.snapshot.retention.num.files = 5 (custom)
2019-09-26 15:13:30,611 [pool-27-thread-1] INFO  server.RaftServerConfigKeys (ConfUtils.java:logGet(43)) - raft.server.retrycache.expirytime = 600000ms (custom)
2019-09-26 15:13:30,612 [pool-27-thread-1] INFO  impl.RaftServerImpl (RaftServerImpl.java:start(185)) - b3e939fd-eb36-468b-9efe-5d0a1fdaa172@group-25745E01B0BD: start as a follower, conf=-1: [b3e939fd-eb36-468b-9efe-5d0a1fdaa172:192.168.151.99:45433], old=null
2019-09-26 15:13:30,612 [pool-27-thread-1] INFO  impl.RaftServerImpl (RaftServerImpl.java:setRole(174)) - b3e939fd-eb36-468b-9efe-5d0a1fdaa172@group-25745E01B0BD: changes role from      null to FOLLOWER at term 0 for startAsFollower
2019-09-26 15:13:30,612 [pool-27-thread-1] INFO  impl.RoleInfo (RoleInfo.java:updateAndGet(143)) - b3e939fd-eb36-468b-9efe-5d0a1fdaa172: start FollowerState
2019-09-26 15:13:30,613 [pool-27-thread-1] INFO  util.JmxRegister (JmxRegister.java:tryRegister(44)) - Successfully registered JMX Bean with object name Ratis:service=RaftServer,group=group-25745E01B0BD,id=b3e939fd-eb36-468b-9efe-5d0a1fdaa172
2019-09-26 15:13:30,615 [RatisPipelineUtilsThread] INFO  pipeline.PipelineStateManager (PipelineStateManager.java:addPipeline(56)) - Created pipeline Pipeline[ Id: 7314072f-a0c8-4674-8a7c-25745e01b0bd, Nodes: b3e939fd-eb36-468b-9efe-5d0a1fdaa172{ip: 192.168.151.99, host: pr-hdds-1569-g6sp5-2013761785, networkLocation: /default-rack, certSerialId: null}, Type:RATIS, Factor:ONE, State:OPEN]
2019-09-26 15:13:30,620 [grpc-default-executor-0] INFO  impl.RaftServerProxy (RaftServerProxy.java:addNew(89)) - b3e939fd-eb36-468b-9efe-5d0a1fdaa172: addNew group-84DF8E7A77E0:[b3e939fd-eb36-468b-9efe-5d0a1fdaa172:192.168.151.99:45433] returns group-84DF8E7A77E0:java.util.concurrent.CompletableFuture@3cbfba8f[Not completed]
2019-09-26 15:13:30,620 [pool-27-thread-1] INFO  impl.RaftServerImpl (RaftServerImpl.java:<init>(95)) - b3e939fd-eb36-468b-9efe-5d0a1fdaa172: new RaftServerImpl for group-84DF8E7A77E0:[b3e939fd-eb36-468b-9efe-5d0a1fdaa172:192.168.151.99:45433] with ContainerStateMachine:uninitialized
2019-09-26 15:13:30,620 [pool-27-thread-1] INFO  server.RaftServerConfigKeys (ConfUtils.java:logGet(43)) - raft.server.rpc.timeout.min = 5s (custom)
2019-09-26 15:13:30,620 [pool-27-thread-1] INFO  server.RaftServerConfigKeys (ConfUtils.java:logGet(43)) - raft.server.rpc.timeout.max = 5200ms (custom)
2019-09-26 15:13:30,620 [pool-27-thread-1] INFO  server.RaftServerConfigKeys (ConfUtils.java:logGet(43)) - raft.server.rpcslowness.timeout = 120s (custom)
2019-09-26 15:13:30,620 [pool-27-thread-1] INFO  server.RaftServerConfigKeys (ConfUtils.java:logGet(43)) - raft.server.sleep.deviation.threshold = 300 (default)
2019-09-26 15:13:30,620 [pool-27-thread-1] INFO  server.RaftServerConfigKeys (ConfUtils.java:logGet(43)) - raft.server.log.appender.install.snapshot.enabled = false (custom)
2019-09-26 15:13:30,621 [pool-27-thread-1] INFO  impl.RaftServerImpl (ServerState.java:<init>(103)) - b3e939fd-eb36-468b-9efe-5d0a1fdaa172@group-84DF8E7A77E0: ConfigurationManager, init=-1: [b3e939fd-eb36-468b-9efe-5d0a1fdaa172:192.168.151.99:45433], old=null, confs=<EMPTY_MAP>
2019-09-26 15:13:30,621 [pool-27-thread-1] INFO  server.RaftServerConfigKeys (ConfUtils.java:logGet(43)) - raft.server.storage.dir = [/workdir/hadoop-ozone/integration-test/target/test-dir/MiniOzoneClusterImpl-7e2f4b2f-6763-4a45-9ec4-264c2cef7c61/datanode-0/data/ratis] (custom)
2019-09-26 15:13:30,621 [pool-27-thread-1] INFO  storage.RaftStorageDirectory (RaftStorageDirectory.java:analyzeStorage(246)) - The storage directory /workdir/hadoop-ozone/integration-test/target/test-dir/MiniOzoneClusterImpl-7e2f4b2f-6763-4a45-9ec4-264c2cef7c61/datanode-0/data/ratis/33ce31ca-084e-4566-bf60-84df8e7a77e0 does not exist. Creating ...
2019-09-26 15:13:30,630 [pool-27-thread-1] INFO  storage.RaftStorageDirectory (RaftStorageDirectory.java:tryLock(328)) - Lock on /workdir/hadoop-ozone/integration-test/target/test-dir/MiniOzoneClusterImpl-7e2f4b2f-6763-4a45-9ec4-264c2cef7c61/datanode-0/data/ratis/33ce31ca-084e-4566-bf60-84df8e7a77e0/in_use.lock acquired by nodename 11803@pr-hdds-1569-g6sp5-2013761785
2019-09-26 15:13:30,642 [pool-27-thread-1] INFO  storage.RaftStorage (RaftStorage.java:format(72)) - Storage directory /workdir/hadoop-ozone/integration-test/target/test-dir/MiniOzoneClusterImpl-7e2f4b2f-6763-4a45-9ec4-264c2cef7c61/datanode-0/data/ratis/33ce31ca-084e-4566-bf60-84df8e7a77e0 has been successfully formatted.
2019-09-26 15:13:30,642 [pool-27-thread-1] INFO  ratis.ContainerStateMachine (ContainerStateMachine.java:loadSnapshot(230)) - group-84DF8E7A77E0: The snapshot info is null. Setting the last applied indexto:(t:0, i:~)
2019-09-26 15:13:30,642 [pool-27-thread-1] INFO  server.RaftServerConfigKeys (ConfUtils.java:logGet(43)) - raft.server.notification.no-leader.timeout = 120s (custom)
2019-09-26 15:13:30,642 [pool-27-thread-1] INFO  server.RaftServerConfigKeys (ConfUtils.java:logGet(43)) - raft.server.log.use.memory = false (default)
2019-09-26 15:13:30,642 [pool-27-thread-1] INFO  server.RaftServerConfigKeys (ConfUtils.java:logGet(43)) - raft.server.log.purge.gap = 1000000 (custom)
2019-09-26 15:13:30,642 [pool-27-thread-1] INFO  server.RaftServerConfigKeys (ConfUtils.java:logGet(43)) - raft.server.log.appender.buffer.byte-limit = 33554432 (custom)
2019-09-26 15:13:30,642 [pool-27-thread-1] INFO  server.RaftServerConfigKeys (ConfUtils.java:logGet(43)) - raft.server.log.segment.size.max = 1048576 (custom)
2019-09-26 15:13:30,642 [pool-27-thread-1] INFO  server.RaftServerConfigKeys (ConfUtils.java:logGet(43)) - raft.server.log.segment.cache.num.max = 2 (custom)
2019-09-26 15:13:30,643 [pool-27-thread-1] INFO  segmented.SegmentedRaftLogWorker (SegmentedRaftLogWorker.java:<init>(172)) - new b3e939fd-eb36-468b-9efe-5d0a1fdaa172@group-84DF8E7A77E0-SegmentedRaftLogWorker for RaftStorage:Storage Directory /workdir/hadoop-ozone/integration-test/target/test-dir/MiniOzoneClusterImpl-7e2f4b2f-6763-4a45-9ec4-264c2cef7c61/datanode-0/data/ratis/33ce31ca-084e-4566-bf60-84df8e7a77e0
2019-09-26 15:13:30,643 [pool-27-thread-1] INFO  server.RaftServerConfigKeys (ConfUtils.java:logGet(43)) - raft.server.log.queue.byte-limit = 2147483647 (custom)
2019-09-26 15:13:30,643 [pool-27-thread-1] INFO  server.RaftServerConfigKeys (ConfUtils.java:logGet(43)) - raft.server.log.queue.element-limit = 1024 (custom)
2019-09-26 15:13:30,643 [pool-27-thread-1] INFO  server.RaftServerConfigKeys (ConfUtils.java:logGet(43)) - raft.server.log.segment.size.max = 1048576 (custom)
2019-09-26 15:13:30,643 [pool-27-thread-1] INFO  server.RaftServerConfigKeys (ConfUtils.java:logGet(43)) - raft.server.log.preallocated.size = 16384 (custom)
2019-09-26 15:13:30,643 [pool-27-thread-1] INFO  server.RaftServerConfigKeys (ConfUtils.java:logGet(43)) - raft.server.log.write.buffer.size = 33554432 (custom)
2019-09-26 15:13:30,643 [pool-27-thread-1] INFO  server.RaftServerConfigKeys (ConfUtils.java:logGet(43)) - raft.server.log.force.sync.num = 128 (default)
2019-09-26 15:13:30,643 [pool-27-thread-1] INFO  server.RaftServerConfigKeys (ConfUtils.java:logGet(43)) - raft.server.log.statemachine.data.sync = true (default)
2019-09-26 15:13:30,643 [pool-27-thread-1] INFO  server.RaftServerConfigKeys (ConfUtils.java:logGet(43)) - raft.server.log.statemachine.data.sync.timeout = 10s (default)
2019-09-26 15:13:30,643 [pool-27-thread-1] INFO  server.RaftServerConfigKeys (ConfUtils.java:logGet(43)) - raft.server.log.statemachine.data.sync.timeout.retry = -1 (default)
2019-09-26 15:13:30,643 [pool-27-thread-1] INFO  server.RaftServerConfigKeys (ConfUtils.java:logGet(43)) - raft.server.log.statemachine.data.caching.enabled = true (custom)
2019-09-26 15:13:30,643 [pool-27-thread-1] INFO  segmented.SegmentedRaftLogWorker (SegmentedRaftLogWorker.java:lambda$new$0(132)) - b3e939fd-eb36-468b-9efe-5d0a1fdaa172@group-84DF8E7A77E0-SegmentedRaftLogWorker: flushIndex: setUnconditionally 0 -> -1
2019-09-26 15:13:30,644 [pool-27-thread-1] INFO  server.RaftServerConfigKeys (ConfUtils.java:logGet(43)) - raft.server.snapshot.auto.trigger.enabled = true (custom)
2019-09-26 15:13:30,644 [pool-27-thread-1] INFO  server.RaftServerConfigKeys (ConfUtils.java:logGet(43)) - raft.server.snapshot.auto.trigger.threshold = 10000 (custom)
2019-09-26 15:13:30,644 [pool-27-thread-1] INFO  server.RaftServerConfigKeys (ConfUtils.java:logGet(43)) - raft.server.snapshot.retention.num.files = 5 (custom)
2019-09-26 15:13:30,644 [pool-27-thread-1] INFO  server.RaftServerConfigKeys (ConfUtils.java:logGet(43)) - raft.server.retrycache.expirytime = 600000ms (custom)
2019-09-26 15:13:30,645 [pool-27-thread-1] INFO  impl.RaftServerImpl (RaftServerImpl.java:start(185)) - b3e939fd-eb36-468b-9efe-5d0a1fdaa172@group-84DF8E7A77E0: start as a follower, conf=-1: [b3e939fd-eb36-468b-9efe-5d0a1fdaa172:192.168.151.99:45433], old=null
2019-09-26 15:13:30,645 [pool-27-thread-1] INFO  impl.RaftServerImpl (RaftServerImpl.java:setRole(174)) - b3e939fd-eb36-468b-9efe-5d0a1fdaa172@group-84DF8E7A77E0: changes role from      null to FOLLOWER at term 0 for startAsFollower
2019-09-26 15:13:30,645 [pool-27-thread-1] INFO  impl.RoleInfo (RoleInfo.java:updateAndGet(143)) - b3e939fd-eb36-468b-9efe-5d0a1fdaa172: start FollowerState
2019-09-26 15:13:30,646 [pool-27-thread-1] INFO  util.JmxRegister (JmxRegister.java:tryRegister(44)) - Successfully registered JMX Bean with object name Ratis:service=RaftServer,group=group-84DF8E7A77E0,id=b3e939fd-eb36-468b-9efe-5d0a1fdaa172
2019-09-26 15:13:30,648 [RatisPipelineUtilsThread] INFO  pipeline.PipelineStateManager (PipelineStateManager.java:addPipeline(56)) - Created pipeline Pipeline[ Id: 33ce31ca-084e-4566-bf60-84df8e7a77e0, Nodes: b3e939fd-eb36-468b-9efe-5d0a1fdaa172{ip: 192.168.151.99, host: pr-hdds-1569-g6sp5-2013761785, networkLocation: /default-rack, certSerialId: null}, Type:RATIS, Factor:ONE, State:OPEN]
2019-09-26 15:13:30,652 [grpc-default-executor-0] INFO  impl.RaftServerProxy (RaftServerProxy.java:addNew(89)) - b3e939fd-eb36-468b-9efe-5d0a1fdaa172: addNew group-7BA823644DD2:[b3e939fd-eb36-468b-9efe-5d0a1fdaa172:192.168.151.99:45433] returns group-7BA823644DD2:java.util.concurrent.CompletableFuture@3d71a075[Not completed]
2019-09-26 15:13:30,653 [pool-27-thread-1] INFO  impl.RaftServerImpl (RaftServerImpl.java:<init>(95)) - b3e939fd-eb36-468b-9efe-5d0a1fdaa172: new RaftServerImpl for group-7BA823644DD2:[b3e939fd-eb36-468b-9efe-5d0a1fdaa172:192.168.151.99:45433] with ContainerStateMachine:uninitialized
2019-09-26 15:13:30,653 [pool-27-thread-1] INFO  server.RaftServerConfigKeys (ConfUtils.java:logGet(43)) - raft.server.rpc.timeout.min = 5s (custom)
2019-09-26 15:13:30,653 [pool-27-thread-1] INFO  server.RaftServerConfigKeys (ConfUtils.java:logGet(43)) - raft.server.rpc.timeout.max = 5200ms (custom)
2019-09-26 15:13:30,653 [pool-27-thread-1] INFO  server.RaftServerConfigKeys (ConfUtils.java:logGet(43)) - raft.server.rpcslowness.timeout = 120s (custom)
2019-09-26 15:13:30,653 [pool-27-thread-1] INFO  server.RaftServerConfigKeys (ConfUtils.java:logGet(43)) - raft.server.sleep.deviation.threshold = 300 (default)
2019-09-26 15:13:30,653 [pool-27-thread-1] INFO  server.RaftServerConfigKeys (ConfUtils.java:logGet(43)) - raft.server.log.appender.install.snapshot.enabled = false (custom)
2019-09-26 15:13:30,653 [pool-27-thread-1] INFO  impl.RaftServerImpl (ServerState.java:<init>(103)) - b3e939fd-eb36-468b-9efe-5d0a1fdaa172@group-7BA823644DD2: ConfigurationManager, init=-1: [b3e939fd-eb36-468b-9efe-5d0a1fdaa172:192.168.151.99:45433], old=null, confs=<EMPTY_MAP>
2019-09-26 15:13:30,653 [pool-27-thread-1] INFO  server.RaftServerConfigKeys (ConfUtils.java:logGet(43)) - raft.server.storage.dir = [/workdir/hadoop-ozone/integration-test/target/test-dir/MiniOzoneClusterImpl-7e2f4b2f-6763-4a45-9ec4-264c2cef7c61/datanode-0/data/ratis] (custom)
2019-09-26 15:13:30,655 [pool-27-thread-1] INFO  storage.RaftStorageDirectory (RaftStorageDirectory.java:analyzeStorage(246)) - The storage directory /workdir/hadoop-ozone/integration-test/target/test-dir/MiniOzoneClusterImpl-7e2f4b2f-6763-4a45-9ec4-264c2cef7c61/datanode-0/data/ratis/4b8a6374-03ae-45d6-b508-7ba823644dd2 does not exist. Creating ...
2019-09-26 15:13:30,668 [pool-27-thread-1] INFO  storage.RaftStorageDirectory (RaftStorageDirectory.java:tryLock(328)) - Lock on /workdir/hadoop-ozone/integration-test/target/test-dir/MiniOzoneClusterImpl-7e2f4b2f-6763-4a45-9ec4-264c2cef7c61/datanode-0/data/ratis/4b8a6374-03ae-45d6-b508-7ba823644dd2/in_use.lock acquired by nodename 11803@pr-hdds-1569-g6sp5-2013761785
2019-09-26 15:13:30,681 [pool-27-thread-1] INFO  storage.RaftStorage (RaftStorage.java:format(72)) - Storage directory /workdir/hadoop-ozone/integration-test/target/test-dir/MiniOzoneClusterImpl-7e2f4b2f-6763-4a45-9ec4-264c2cef7c61/datanode-0/data/ratis/4b8a6374-03ae-45d6-b508-7ba823644dd2 has been successfully formatted.
2019-09-26 15:13:30,681 [pool-27-thread-1] INFO  ratis.ContainerStateMachine (ContainerStateMachine.java:loadSnapshot(230)) - group-7BA823644DD2: The snapshot info is null. Setting the last applied indexto:(t:0, i:~)
2019-09-26 15:13:30,681 [pool-27-thread-1] INFO  server.RaftServerConfigKeys (ConfUtils.java:logGet(43)) - raft.server.notification.no-leader.timeout = 120s (custom)
2019-09-26 15:13:30,681 [pool-27-thread-1] INFO  server.RaftServerConfigKeys (ConfUtils.java:logGet(43)) - raft.server.log.use.memory = false (default)
2019-09-26 15:13:30,681 [pool-27-thread-1] INFO  server.RaftServerConfigKeys (ConfUtils.java:logGet(43)) - raft.server.log.purge.gap = 1000000 (custom)
2019-09-26 15:13:30,681 [pool-27-thread-1] INFO  server.RaftServerConfigKeys (ConfUtils.java:logGet(43)) - raft.server.log.appender.buffer.byte-limit = 33554432 (custom)
2019-09-26 15:13:30,681 [pool-27-thread-1] INFO  server.RaftServerConfigKeys (ConfUtils.java:logGet(43)) - raft.server.log.segment.size.max = 1048576 (custom)
2019-09-26 15:13:30,682 [pool-27-thread-1] INFO  server.RaftServerConfigKeys (ConfUtils.java:logGet(43)) - raft.server.log.segment.cache.num.max = 2 (custom)
2019-09-26 15:13:30,682 [pool-27-thread-1] INFO  segmented.SegmentedRaftLogWorker (SegmentedRaftLogWorker.java:<init>(172)) - new b3e939fd-eb36-468b-9efe-5d0a1fdaa172@group-7BA823644DD2-SegmentedRaftLogWorker for RaftStorage:Storage Directory /workdir/hadoop-ozone/integration-test/target/test-dir/MiniOzoneClusterImpl-7e2f4b2f-6763-4a45-9ec4-264c2cef7c61/datanode-0/data/ratis/4b8a6374-03ae-45d6-b508-7ba823644dd2
2019-09-26 15:13:30,682 [pool-27-thread-1] INFO  server.RaftServerConfigKeys (ConfUtils.java:logGet(43)) - raft.server.log.queue.byte-limit = 2147483647 (custom)
2019-09-26 15:13:30,682 [pool-27-thread-1] INFO  server.RaftServerConfigKeys (ConfUtils.java:logGet(43)) - raft.server.log.queue.element-limit = 1024 (custom)
2019-09-26 15:13:30,682 [pool-27-thread-1] INFO  server.RaftServerConfigKeys (ConfUtils.java:logGet(43)) - raft.server.log.segment.size.max = 1048576 (custom)
2019-09-26 15:13:30,682 [pool-27-thread-1] INFO  server.RaftServerConfigKeys (ConfUtils.java:logGet(43)) - raft.server.log.preallocated.size = 16384 (custom)
2019-09-26 15:13:30,682 [pool-27-thread-1] INFO  server.RaftServerConfigKeys (ConfUtils.java:logGet(43)) - raft.server.log.write.buffer.size = 33554432 (custom)
2019-09-26 15:13:30,682 [pool-27-thread-1] INFO  server.RaftServerConfigKeys (ConfUtils.java:logGet(43)) - raft.server.log.force.sync.num = 128 (default)
2019-09-26 15:13:30,682 [pool-27-thread-1] INFO  server.RaftServerConfigKeys (ConfUtils.java:logGet(43)) - raft.server.log.statemachine.data.sync = true (default)
2019-09-26 15:13:30,683 [pool-27-thread-1] INFO  server.RaftServerConfigKeys (ConfUtils.java:logGet(43)) - raft.server.log.statemachine.data.sync.timeout = 10s (default)
2019-09-26 15:13:30,683 [pool-27-thread-1] INFO  server.RaftServerConfigKeys (ConfUtils.java:logGet(43)) - raft.server.log.statemachine.data.sync.timeout.retry = -1 (default)
2019-09-26 15:13:30,683 [pool-27-thread-1] INFO  server.RaftServerConfigKeys (ConfUtils.java:logGet(43)) - raft.server.log.statemachine.data.caching.enabled = true (custom)
2019-09-26 15:13:30,683 [pool-27-thread-1] INFO  segmented.SegmentedRaftLogWorker (SegmentedRaftLogWorker.java:lambda$new$0(132)) - b3e939fd-eb36-468b-9efe-5d0a1fdaa172@group-7BA823644DD2-SegmentedRaftLogWorker: flushIndex: setUnconditionally 0 -> -1
2019-09-26 15:13:30,683 [pool-27-thread-1] INFO  server.RaftServerConfigKeys (ConfUtils.java:logGet(43)) - raft.server.snapshot.auto.trigger.enabled = true (custom)
2019-09-26 15:13:30,683 [pool-27-thread-1] INFO  server.RaftServerConfigKeys (ConfUtils.java:logGet(43)) - raft.server.snapshot.auto.trigger.threshold = 10000 (custom)
2019-09-26 15:13:30,684 [pool-27-thread-1] INFO  server.RaftServerConfigKeys (ConfUtils.java:logGet(43)) - raft.server.snapshot.retention.num.files = 5 (custom)
2019-09-26 15:13:30,684 [pool-27-thread-1] INFO  server.RaftServerConfigKeys (ConfUtils.java:logGet(43)) - raft.server.retrycache.expirytime = 600000ms (custom)
2019-09-26 15:13:30,685 [pool-27-thread-1] INFO  impl.RaftServerImpl (RaftServerImpl.java:start(185)) - b3e939fd-eb36-468b-9efe-5d0a1fdaa172@group-7BA823644DD2: start as a follower, conf=-1: [b3e939fd-eb36-468b-9efe-5d0a1fdaa172:192.168.151.99:45433], old=null
2019-09-26 15:13:30,685 [pool-27-thread-1] INFO  impl.RaftServerImpl (RaftServerImpl.java:setRole(174)) - b3e939fd-eb36-468b-9efe-5d0a1fdaa172@group-7BA823644DD2: changes role from      null to FOLLOWER at term 0 for startAsFollower
2019-09-26 15:13:30,685 [pool-27-thread-1] INFO  impl.RoleInfo (RoleInfo.java:updateAndGet(143)) - b3e939fd-eb36-468b-9efe-5d0a1fdaa172: start FollowerState
2019-09-26 15:13:30,686 [pool-27-thread-1] INFO  util.JmxRegister (JmxRegister.java:tryRegister(44)) - Successfully registered JMX Bean with object name Ratis:service=RaftServer,group=group-7BA823644DD2,id=b3e939fd-eb36-468b-9efe-5d0a1fdaa172
2019-09-26 15:13:30,687 [RatisPipelineUtilsThread] INFO  pipeline.PipelineStateManager (PipelineStateManager.java:addPipeline(56)) - Created pipeline Pipeline[ Id: 4b8a6374-03ae-45d6-b508-7ba823644dd2, Nodes: b3e939fd-eb36-468b-9efe-5d0a1fdaa172{ip: 192.168.151.99, host: pr-hdds-1569-g6sp5-2013761785, networkLocation: /default-rack, certSerialId: null}, Type:RATIS, Factor:ONE, State:OPEN]
2019-09-26 15:13:30,691 [grpc-default-executor-0] INFO  impl.RaftServerProxy (RaftServerProxy.java:addNew(89)) - b3e939fd-eb36-468b-9efe-5d0a1fdaa172: addNew group-CD5FC8CEC3A3:[b3e939fd-eb36-468b-9efe-5d0a1fdaa172:192.168.151.99:45433] returns group-CD5FC8CEC3A3:java.util.concurrent.CompletableFuture@144eabde[Not completed]
2019-09-26 15:13:30,692 [pool-27-thread-1] INFO  impl.RaftServerImpl (RaftServerImpl.java:<init>(95)) - b3e939fd-eb36-468b-9efe-5d0a1fdaa172: new RaftServerImpl for group-CD5FC8CEC3A3:[b3e939fd-eb36-468b-9efe-5d0a1fdaa172:192.168.151.99:45433] with ContainerStateMachine:uninitialized
2019-09-26 15:13:30,692 [pool-27-thread-1] INFO  server.RaftServerConfigKeys (ConfUtils.java:logGet(43)) - raft.server.rpc.timeout.min = 5s (custom)
2019-09-26 15:13:30,692 [pool-27-thread-1] INFO  server.RaftServerConfigKeys (ConfUtils.java:logGet(43)) - raft.server.rpc.timeout.max = 5200ms (custom)
2019-09-26 15:13:30,692 [pool-27-thread-1] INFO  server.RaftServerConfigKeys (ConfUtils.java:logGet(43)) - raft.server.rpcslowness.timeout = 120s (custom)
2019-09-26 15:13:30,692 [pool-27-thread-1] INFO  server.RaftServerConfigKeys (ConfUtils.java:logGet(43)) - raft.server.sleep.deviation.threshold = 300 (default)
2019-09-26 15:13:30,692 [pool-27-thread-1] INFO  server.RaftServerConfigKeys (ConfUtils.java:logGet(43)) - raft.server.log.appender.install.snapshot.enabled = false (custom)
2019-09-26 15:13:30,692 [pool-27-thread-1] INFO  impl.RaftServerImpl (ServerState.java:<init>(103)) - b3e939fd-eb36-468b-9efe-5d0a1fdaa172@group-CD5FC8CEC3A3: ConfigurationManager, init=-1: [b3e939fd-eb36-468b-9efe-5d0a1fdaa172:192.168.151.99:45433], old=null, confs=<EMPTY_MAP>
2019-09-26 15:13:30,693 [pool-27-thread-1] INFO  server.RaftServerConfigKeys (ConfUtils.java:logGet(43)) - raft.server.storage.dir = [/workdir/hadoop-ozone/integration-test/target/test-dir/MiniOzoneClusterImpl-7e2f4b2f-6763-4a45-9ec4-264c2cef7c61/datanode-0/data/ratis] (custom)
2019-09-26 15:13:30,694 [pool-27-thread-1] INFO  storage.RaftStorageDirectory (RaftStorageDirectory.java:analyzeStorage(246)) - The storage directory /workdir/hadoop-ozone/integration-test/target/test-dir/MiniOzoneClusterImpl-7e2f4b2f-6763-4a45-9ec4-264c2cef7c61/datanode-0/data/ratis/c794ad8f-7932-4eaf-9e84-cd5fc8cec3a3 does not exist. Creating ...
2019-09-26 15:13:30,706 [pool-27-thread-1] INFO  storage.RaftStorageDirectory (RaftStorageDirectory.java:tryLock(328)) - Lock on /workdir/hadoop-ozone/integration-test/target/test-dir/MiniOzoneClusterImpl-7e2f4b2f-6763-4a45-9ec4-264c2cef7c61/datanode-0/data/ratis/c794ad8f-7932-4eaf-9e84-cd5fc8cec3a3/in_use.lock acquired by nodename 11803@pr-hdds-1569-g6sp5-2013761785
2019-09-26 15:13:30,720 [pool-27-thread-1] INFO  storage.RaftStorage (RaftStorage.java:format(72)) - Storage directory /workdir/hadoop-ozone/integration-test/target/test-dir/MiniOzoneClusterImpl-7e2f4b2f-6763-4a45-9ec4-264c2cef7c61/datanode-0/data/ratis/c794ad8f-7932-4eaf-9e84-cd5fc8cec3a3 has been successfully formatted.
2019-09-26 15:13:30,720 [pool-27-thread-1] INFO  ratis.ContainerStateMachine (ContainerStateMachine.java:loadSnapshot(230)) - group-CD5FC8CEC3A3: The snapshot info is null. Setting the last applied indexto:(t:0, i:~)
2019-09-26 15:13:30,720 [pool-27-thread-1] INFO  server.RaftServerConfigKeys (ConfUtils.java:logGet(43)) - raft.server.notification.no-leader.timeout = 120s (custom)
2019-09-26 15:13:30,720 [pool-27-thread-1] INFO  server.RaftServerConfigKeys (ConfUtils.java:logGet(43)) - raft.server.log.use.memory = false (default)
2019-09-26 15:13:30,720 [pool-27-thread-1] INFO  server.RaftServerConfigKeys (ConfUtils.java:logGet(43)) - raft.server.log.purge.gap = 1000000 (custom)
2019-09-26 15:13:30,720 [pool-27-thread-1] INFO  server.RaftServerConfigKeys (ConfUtils.java:logGet(43)) - raft.server.log.appender.buffer.byte-limit = 33554432 (custom)
2019-09-26 15:13:30,720 [pool-27-thread-1] INFO  server.RaftServerConfigKeys (ConfUtils.java:logGet(43)) - raft.server.log.segment.size.max = 1048576 (custom)
2019-09-26 15:13:30,720 [pool-27-thread-1] INFO  server.RaftServerConfigKeys (ConfUtils.java:logGet(43)) - raft.server.log.segment.cache.num.max = 2 (custom)
2019-09-26 15:13:30,720 [pool-27-thread-1] INFO  segmented.SegmentedRaftLogWorker (SegmentedRaftLogWorker.java:<init>(172)) - new b3e939fd-eb36-468b-9efe-5d0a1fdaa172@group-CD5FC8CEC3A3-SegmentedRaftLogWorker for RaftStorage:Storage Directory /workdir/hadoop-ozone/integration-test/target/test-dir/MiniOzoneClusterImpl-7e2f4b2f-6763-4a45-9ec4-264c2cef7c61/datanode-0/data/ratis/c794ad8f-7932-4eaf-9e84-cd5fc8cec3a3
2019-09-26 15:13:30,720 [pool-27-thread-1] INFO  server.RaftServerConfigKeys (ConfUtils.java:logGet(43)) - raft.server.log.queue.byte-limit = 2147483647 (custom)
2019-09-26 15:13:30,721 [pool-27-thread-1] INFO  server.RaftServerConfigKeys (ConfUtils.java:logGet(43)) - raft.server.log.queue.element-limit = 1024 (custom)
2019-09-26 15:13:30,721 [pool-27-thread-1] INFO  server.RaftServerConfigKeys (ConfUtils.java:logGet(43)) - raft.server.log.segment.size.max = 1048576 (custom)
2019-09-26 15:13:30,721 [pool-27-thread-1] INFO  server.RaftServerConfigKeys (ConfUtils.java:logGet(43)) - raft.server.log.preallocated.size = 16384 (custom)
2019-09-26 15:13:30,721 [pool-27-thread-1] INFO  server.RaftServerConfigKeys (ConfUtils.java:logGet(43)) - raft.server.log.write.buffer.size = 33554432 (custom)
2019-09-26 15:13:30,721 [pool-27-thread-1] INFO  server.RaftServerConfigKeys (ConfUtils.java:logGet(43)) - raft.server.log.force.sync.num = 128 (default)
2019-09-26 15:13:30,721 [pool-27-thread-1] INFO  server.RaftServerConfigKeys (ConfUtils.java:logGet(43)) - raft.server.log.statemachine.data.sync = true (default)
2019-09-26 15:13:30,721 [pool-27-thread-1] INFO  server.RaftServerConfigKeys (ConfUtils.java:logGet(43)) - raft.server.log.statemachine.data.sync.timeout = 10s (default)
2019-09-26 15:13:30,721 [pool-27-thread-1] INFO  server.RaftServerConfigKeys (ConfUtils.java:logGet(43)) - raft.server.log.statemachine.data.sync.timeout.retry = -1 (default)
2019-09-26 15:13:30,721 [pool-27-thread-1] INFO  server.RaftServerConfigKeys (ConfUtils.java:logGet(43)) - raft.server.log.statemachine.data.caching.enabled = true (custom)
2019-09-26 15:13:30,721 [pool-27-thread-1] INFO  segmented.SegmentedRaftLogWorker (SegmentedRaftLogWorker.java:lambda$new$0(132)) - b3e939fd-eb36-468b-9efe-5d0a1fdaa172@group-CD5FC8CEC3A3-SegmentedRaftLogWorker: flushIndex: setUnconditionally 0 -> -1
2019-09-26 15:13:30,722 [pool-27-thread-1] INFO  server.RaftServerConfigKeys (ConfUtils.java:logGet(43)) - raft.server.snapshot.auto.trigger.enabled = true (custom)
2019-09-26 15:13:30,722 [pool-27-thread-1] INFO  server.RaftServerConfigKeys (ConfUtils.java:logGet(43)) - raft.server.snapshot.auto.trigger.threshold = 10000 (custom)
2019-09-26 15:13:30,722 [pool-27-thread-1] INFO  server.RaftServerConfigKeys (ConfUtils.java:logGet(43)) - raft.server.snapshot.retention.num.files = 5 (custom)
2019-09-26 15:13:30,722 [pool-27-thread-1] INFO  server.RaftServerConfigKeys (ConfUtils.java:logGet(43)) - raft.server.retrycache.expirytime = 600000ms (custom)
2019-09-26 15:13:30,723 [pool-27-thread-1] INFO  impl.RaftServerImpl (RaftServerImpl.java:start(185)) - b3e939fd-eb36-468b-9efe-5d0a1fdaa172@group-CD5FC8CEC3A3: start as a follower, conf=-1: [b3e939fd-eb36-468b-9efe-5d0a1fdaa172:192.168.151.99:45433], old=null
2019-09-26 15:13:30,723 [pool-27-thread-1] INFO  impl.RaftServerImpl (RaftServerImpl.java:setRole(174)) - b3e939fd-eb36-468b-9efe-5d0a1fdaa172@group-CD5FC8CEC3A3: changes role from      null to FOLLOWER at term 0 for startAsFollower
2019-09-26 15:13:30,723 [pool-27-thread-1] INFO  impl.RoleInfo (RoleInfo.java:updateAndGet(143)) - b3e939fd-eb36-468b-9efe-5d0a1fdaa172: start FollowerState
2019-09-26 15:13:30,723 [pool-27-thread-1] INFO  util.JmxRegister (JmxRegister.java:tryRegister(44)) - Successfully registered JMX Bean with object name Ratis:service=RaftServer,group=group-CD5FC8CEC3A3,id=b3e939fd-eb36-468b-9efe-5d0a1fdaa172
2019-09-26 15:13:30,725 [RatisPipelineUtilsThread] INFO  pipeline.PipelineStateManager (PipelineStateManager.java:addPipeline(56)) - Created pipeline Pipeline[ Id: c794ad8f-7932-4eaf-9e84-cd5fc8cec3a3, Nodes: b3e939fd-eb36-468b-9efe-5d0a1fdaa172{ip: 192.168.151.99, host: pr-hdds-1569-g6sp5-2013761785, networkLocation: /default-rack, certSerialId: null}, Type:RATIS, Factor:ONE, State:OPEN]
2019-09-26 15:13:30,728 [grpc-default-executor-0] INFO  impl.RaftServerProxy (RaftServerProxy.java:addNew(89)) - b3e939fd-eb36-468b-9efe-5d0a1fdaa172: addNew group-439DC12DB850:[b3e939fd-eb36-468b-9efe-5d0a1fdaa172:192.168.151.99:45433] returns group-439DC12DB850:java.util.concurrent.CompletableFuture@6870c8c4[Not completed]
2019-09-26 15:13:30,729 [pool-27-thread-1] INFO  impl.RaftServerImpl (RaftServerImpl.java:<init>(95)) - b3e939fd-eb36-468b-9efe-5d0a1fdaa172: new RaftServerImpl for group-439DC12DB850:[b3e939fd-eb36-468b-9efe-5d0a1fdaa172:192.168.151.99:45433] with ContainerStateMachine:uninitialized
2019-09-26 15:13:30,729 [pool-27-thread-1] INFO  server.RaftServerConfigKeys (ConfUtils.java:logGet(43)) - raft.server.rpc.timeout.min = 5s (custom)
2019-09-26 15:13:30,729 [pool-27-thread-1] INFO  server.RaftServerConfigKeys (ConfUtils.java:logGet(43)) - raft.server.rpc.timeout.max = 5200ms (custom)
2019-09-26 15:13:30,729 [pool-27-thread-1] INFO  server.RaftServerConfigKeys (ConfUtils.java:logGet(43)) - raft.server.rpcslowness.timeout = 120s (custom)
2019-09-26 15:13:30,729 [pool-27-thread-1] INFO  server.RaftServerConfigKeys (ConfUtils.java:logGet(43)) - raft.server.sleep.deviation.threshold = 300 (default)
2019-09-26 15:13:30,730 [pool-27-thread-1] INFO  server.RaftServerConfigKeys (ConfUtils.java:logGet(43)) - raft.server.log.appender.install.snapshot.enabled = false (custom)
2019-09-26 15:13:30,730 [pool-27-thread-1] INFO  impl.RaftServerImpl (ServerState.java:<init>(103)) - b3e939fd-eb36-468b-9efe-5d0a1fdaa172@group-439DC12DB850: ConfigurationManager, init=-1: [b3e939fd-eb36-468b-9efe-5d0a1fdaa172:192.168.151.99:45433], old=null, confs=<EMPTY_MAP>
2019-09-26 15:13:30,730 [pool-27-thread-1] INFO  server.RaftServerConfigKeys (ConfUtils.java:logGet(43)) - raft.server.storage.dir = [/workdir/hadoop-ozone/integration-test/target/test-dir/MiniOzoneClusterImpl-7e2f4b2f-6763-4a45-9ec4-264c2cef7c61/datanode-0/data/ratis] (custom)
2019-09-26 15:13:30,731 [pool-27-thread-1] INFO  storage.RaftStorageDirectory (RaftStorageDirectory.java:analyzeStorage(246)) - The storage directory /workdir/hadoop-ozone/integration-test/target/test-dir/MiniOzoneClusterImpl-7e2f4b2f-6763-4a45-9ec4-264c2cef7c61/datanode-0/data/ratis/e4f0d063-8f49-44c6-a360-439dc12db850 does not exist. Creating ...
2019-09-26 15:13:30,743 [pool-27-thread-1] INFO  storage.RaftStorageDirectory (RaftStorageDirectory.java:tryLock(328)) - Lock on /workdir/hadoop-ozone/integration-test/target/test-dir/MiniOzoneClusterImpl-7e2f4b2f-6763-4a45-9ec4-264c2cef7c61/datanode-0/data/ratis/e4f0d063-8f49-44c6-a360-439dc12db850/in_use.lock acquired by nodename 11803@pr-hdds-1569-g6sp5-2013761785
2019-09-26 15:13:30,756 [pool-27-thread-1] INFO  storage.RaftStorage (RaftStorage.java:format(72)) - Storage directory /workdir/hadoop-ozone/integration-test/target/test-dir/MiniOzoneClusterImpl-7e2f4b2f-6763-4a45-9ec4-264c2cef7c61/datanode-0/data/ratis/e4f0d063-8f49-44c6-a360-439dc12db850 has been successfully formatted.
2019-09-26 15:13:30,757 [pool-27-thread-1] INFO  ratis.ContainerStateMachine (ContainerStateMachine.java:loadSnapshot(230)) - group-439DC12DB850: The snapshot info is null. Setting the last applied indexto:(t:0, i:~)
2019-09-26 15:13:30,757 [pool-27-thread-1] INFO  server.RaftServerConfigKeys (ConfUtils.java:logGet(43)) - raft.server.notification.no-leader.timeout = 120s (custom)
2019-09-26 15:13:30,757 [pool-27-thread-1] INFO  server.RaftServerConfigKeys (ConfUtils.java:logGet(43)) - raft.server.log.use.memory = false (default)
2019-09-26 15:13:30,757 [pool-27-thread-1] INFO  server.RaftServerConfigKeys (ConfUtils.java:logGet(43)) - raft.server.log.purge.gap = 1000000 (custom)
2019-09-26 15:13:30,757 [pool-27-thread-1] INFO  server.RaftServerConfigKeys (ConfUtils.java:logGet(43)) - raft.server.log.appender.buffer.byte-limit = 33554432 (custom)
2019-09-26 15:13:30,757 [pool-27-thread-1] INFO  server.RaftServerConfigKeys (ConfUtils.java:logGet(43)) - raft.server.log.segment.size.max = 1048576 (custom)
2019-09-26 15:13:30,757 [pool-27-thread-1] INFO  server.RaftServerConfigKeys (ConfUtils.java:logGet(43)) - raft.server.log.segment.cache.num.max = 2 (custom)
2019-09-26 15:13:30,757 [pool-27-thread-1] INFO  segmented.SegmentedRaftLogWorker (SegmentedRaftLogWorker.java:<init>(172)) - new b3e939fd-eb36-468b-9efe-5d0a1fdaa172@group-439DC12DB850-SegmentedRaftLogWorker for RaftStorage:Storage Directory /workdir/hadoop-ozone/integration-test/target/test-dir/MiniOzoneClusterImpl-7e2f4b2f-6763-4a45-9ec4-264c2cef7c61/datanode-0/data/ratis/e4f0d063-8f49-44c6-a360-439dc12db850
2019-09-26 15:13:30,757 [pool-27-thread-1] INFO  server.RaftServerConfigKeys (ConfUtils.java:logGet(43)) - raft.server.log.queue.byte-limit = 2147483647 (custom)
2019-09-26 15:13:30,757 [pool-27-thread-1] INFO  server.RaftServerConfigKeys (ConfUtils.java:logGet(43)) - raft.server.log.queue.element-limit = 1024 (custom)
2019-09-26 15:13:30,758 [pool-27-thread-1] INFO  server.RaftServerConfigKeys (ConfUtils.java:logGet(43)) - raft.server.log.segment.size.max = 1048576 (custom)
2019-09-26 15:13:30,758 [pool-27-thread-1] INFO  server.RaftServerConfigKeys (ConfUtils.java:logGet(43)) - raft.server.log.preallocated.size = 16384 (custom)
2019-09-26 15:13:30,758 [pool-27-thread-1] INFO  server.RaftServerConfigKeys (ConfUtils.java:logGet(43)) - raft.server.log.write.buffer.size = 33554432 (custom)
2019-09-26 15:13:30,758 [pool-27-thread-1] INFO  server.RaftServerConfigKeys (ConfUtils.java:logGet(43)) - raft.server.log.force.sync.num = 128 (default)
2019-09-26 15:13:30,758 [pool-27-thread-1] INFO  server.RaftServerConfigKeys (ConfUtils.java:logGet(43)) - raft.server.log.statemachine.data.sync = true (default)
2019-09-26 15:13:30,758 [pool-27-thread-1] INFO  server.RaftServerConfigKeys (ConfUtils.java:logGet(43)) - raft.server.log.statemachine.data.sync.timeout = 10s (default)
2019-09-26 15:13:30,758 [pool-27-thread-1] INFO  server.RaftServerConfigKeys (ConfUtils.java:logGet(43)) - raft.server.log.statemachine.data.sync.timeout.retry = -1 (default)
2019-09-26 15:13:30,758 [pool-27-thread-1] INFO  server.RaftServerConfigKeys (ConfUtils.java:logGet(43)) - raft.server.log.statemachine.data.caching.enabled = true (custom)
2019-09-26 15:13:30,758 [pool-27-thread-1] INFO  segmented.SegmentedRaftLogWorker (SegmentedRaftLogWorker.java:lambda$new$0(132)) - b3e939fd-eb36-468b-9efe-5d0a1fdaa172@group-439DC12DB850-SegmentedRaftLogWorker: flushIndex: setUnconditionally 0 -> -1
2019-09-26 15:13:30,759 [pool-27-thread-1] INFO  server.RaftServerConfigKeys (ConfUtils.java:logGet(43)) - raft.server.snapshot.auto.trigger.enabled = true (custom)
2019-09-26 15:13:30,759 [pool-27-thread-1] INFO  server.RaftServerConfigKeys (ConfUtils.java:logGet(43)) - raft.server.snapshot.auto.trigger.threshold = 10000 (custom)
2019-09-26 15:13:30,759 [pool-27-thread-1] INFO  server.RaftServerConfigKeys (ConfUtils.java:logGet(43)) - raft.server.snapshot.retention.num.files = 5 (custom)
2019-09-26 15:13:30,759 [pool-27-thread-1] INFO  server.RaftServerConfigKeys (ConfUtils.java:logGet(43)) - raft.server.retrycache.expirytime = 600000ms (custom)
2019-09-26 15:13:30,760 [pool-27-thread-1] INFO  impl.RaftServerImpl (RaftServerImpl.java:start(185)) - b3e939fd-eb36-468b-9efe-5d0a1fdaa172@group-439DC12DB850: start as a follower, conf=-1: [b3e939fd-eb36-468b-9efe-5d0a1fdaa172:192.168.151.99:45433], old=null
2019-09-26 15:13:30,760 [pool-27-thread-1] INFO  impl.RaftServerImpl (RaftServerImpl.java:setRole(174)) - b3e939fd-eb36-468b-9efe-5d0a1fdaa172@group-439DC12DB850: changes role from      null to FOLLOWER at term 0 for startAsFollower
2019-09-26 15:13:30,760 [pool-27-thread-1] INFO  impl.RoleInfo (RoleInfo.java:updateAndGet(143)) - b3e939fd-eb36-468b-9efe-5d0a1fdaa172: start FollowerState
2019-09-26 15:13:30,760 [pool-27-thread-1] INFO  util.JmxRegister (JmxRegister.java:tryRegister(44)) - Successfully registered JMX Bean with object name Ratis:service=RaftServer,group=group-439DC12DB850,id=b3e939fd-eb36-468b-9efe-5d0a1fdaa172
2019-09-26 15:13:30,761 [RatisPipelineUtilsThread] INFO  pipeline.PipelineStateManager (PipelineStateManager.java:addPipeline(56)) - Created pipeline Pipeline[ Id: e4f0d063-8f49-44c6-a360-439dc12db850, Nodes: b3e939fd-eb36-468b-9efe-5d0a1fdaa172{ip: 192.168.151.99, host: pr-hdds-1569-g6sp5-2013761785, networkLocation: /default-rack, certSerialId: null}, Type:RATIS, Factor:ONE, State:OPEN]
2019-09-26 15:13:30,764 [grpc-default-executor-0] INFO  impl.RaftServerProxy (RaftServerProxy.java:addNew(89)) - b3e939fd-eb36-468b-9efe-5d0a1fdaa172: addNew group-8292B21D7178:[b3e939fd-eb36-468b-9efe-5d0a1fdaa172:192.168.151.99:45433] returns group-8292B21D7178:java.util.concurrent.CompletableFuture@7cd1d8b4[Not completed]
2019-09-26 15:13:30,765 [pool-27-thread-1] INFO  impl.RaftServerImpl (RaftServerImpl.java:<init>(95)) - b3e939fd-eb36-468b-9efe-5d0a1fdaa172: new RaftServerImpl for group-8292B21D7178:[b3e939fd-eb36-468b-9efe-5d0a1fdaa172:192.168.151.99:45433] with ContainerStateMachine:uninitialized
2019-09-26 15:13:30,765 [pool-27-thread-1] INFO  server.RaftServerConfigKeys (ConfUtils.java:logGet(43)) - raft.server.rpc.timeout.min = 5s (custom)
2019-09-26 15:13:30,765 [pool-27-thread-1] INFO  server.RaftServerConfigKeys (ConfUtils.java:logGet(43)) - raft.server.rpc.timeout.max = 5200ms (custom)
2019-09-26 15:13:30,765 [pool-27-thread-1] INFO  server.RaftServerConfigKeys (ConfUtils.java:logGet(43)) - raft.server.rpcslowness.timeout = 120s (custom)
2019-09-26 15:13:30,765 [pool-27-thread-1] INFO  server.RaftServerConfigKeys (ConfUtils.java:logGet(43)) - raft.server.sleep.deviation.threshold = 300 (default)
2019-09-26 15:13:30,765 [pool-27-thread-1] INFO  server.RaftServerConfigKeys (ConfUtils.java:logGet(43)) - raft.server.log.appender.install.snapshot.enabled = false (custom)
2019-09-26 15:13:30,765 [pool-27-thread-1] INFO  impl.RaftServerImpl (ServerState.java:<init>(103)) - b3e939fd-eb36-468b-9efe-5d0a1fdaa172@group-8292B21D7178: ConfigurationManager, init=-1: [b3e939fd-eb36-468b-9efe-5d0a1fdaa172:192.168.151.99:45433], old=null, confs=<EMPTY_MAP>
2019-09-26 15:13:30,765 [pool-27-thread-1] INFO  server.RaftServerConfigKeys (ConfUtils.java:logGet(43)) - raft.server.storage.dir = [/workdir/hadoop-ozone/integration-test/target/test-dir/MiniOzoneClusterImpl-7e2f4b2f-6763-4a45-9ec4-264c2cef7c61/datanode-0/data/ratis] (custom)
2019-09-26 15:13:30,766 [pool-27-thread-1] INFO  storage.RaftStorageDirectory (RaftStorageDirectory.java:analyzeStorage(246)) - The storage directory /workdir/hadoop-ozone/integration-test/target/test-dir/MiniOzoneClusterImpl-7e2f4b2f-6763-4a45-9ec4-264c2cef7c61/datanode-0/data/ratis/445709f1-48cc-41ad-89b6-8292b21d7178 does not exist. Creating ...
2019-09-26 15:13:30,779 [pool-27-thread-1] INFO  storage.RaftStorageDirectory (RaftStorageDirectory.java:tryLock(328)) - Lock on /workdir/hadoop-ozone/integration-test/target/test-dir/MiniOzoneClusterImpl-7e2f4b2f-6763-4a45-9ec4-264c2cef7c61/datanode-0/data/ratis/445709f1-48cc-41ad-89b6-8292b21d7178/in_use.lock acquired by nodename 11803@pr-hdds-1569-g6sp5-2013761785
2019-09-26 15:13:30,781 [pool-27-thread-1] INFO  storage.RaftStorage (RaftStorage.java:format(72)) - Storage directory /workdir/hadoop-ozone/integration-test/target/test-dir/MiniOzoneClusterImpl-7e2f4b2f-6763-4a45-9ec4-264c2cef7c61/datanode-0/data/ratis/445709f1-48cc-41ad-89b6-8292b21d7178 has been successfully formatted.
2019-09-26 15:13:30,781 [pool-27-thread-1] INFO  ratis.ContainerStateMachine (ContainerStateMachine.java:loadSnapshot(230)) - group-8292B21D7178: The snapshot info is null. Setting the last applied indexto:(t:0, i:~)
2019-09-26 15:13:30,781 [pool-27-thread-1] INFO  server.RaftServerConfigKeys (ConfUtils.java:logGet(43)) - raft.server.notification.no-leader.timeout = 120s (custom)
2019-09-26 15:13:30,781 [pool-27-thread-1] INFO  server.RaftServerConfigKeys (ConfUtils.java:logGet(43)) - raft.server.log.use.memory = false (default)
2019-09-26 15:13:30,782 [pool-27-thread-1] INFO  server.RaftServerConfigKeys (ConfUtils.java:logGet(43)) - raft.server.log.purge.gap = 1000000 (custom)
2019-09-26 15:13:30,782 [pool-27-thread-1] INFO  server.RaftServerConfigKeys (ConfUtils.java:logGet(43)) - raft.server.log.appender.buffer.byte-limit = 33554432 (custom)
2019-09-26 15:13:30,782 [pool-27-thread-1] INFO  server.RaftServerConfigKeys (ConfUtils.java:logGet(43)) - raft.server.log.segment.size.max = 1048576 (custom)
2019-09-26 15:13:30,782 [pool-27-thread-1] INFO  server.RaftServerConfigKeys (ConfUtils.java:logGet(43)) - raft.server.log.segment.cache.num.max = 2 (custom)
2019-09-26 15:13:30,782 [pool-27-thread-1] INFO  segmented.SegmentedRaftLogWorker (SegmentedRaftLogWorker.java:<init>(172)) - new b3e939fd-eb36-468b-9efe-5d0a1fdaa172@group-8292B21D7178-SegmentedRaftLogWorker for RaftStorage:Storage Directory /workdir/hadoop-ozone/integration-test/target/test-dir/MiniOzoneClusterImpl-7e2f4b2f-6763-4a45-9ec4-264c2cef7c61/datanode-0/data/ratis/445709f1-48cc-41ad-89b6-8292b21d7178
2019-09-26 15:13:30,782 [pool-27-thread-1] INFO  server.RaftServerConfigKeys (ConfUtils.java:logGet(43)) - raft.server.log.queue.byte-limit = 2147483647 (custom)
2019-09-26 15:13:30,782 [pool-27-thread-1] INFO  server.RaftServerConfigKeys (ConfUtils.java:logGet(43)) - raft.server.log.queue.element-limit = 1024 (custom)
2019-09-26 15:13:30,782 [pool-27-thread-1] INFO  server.RaftServerConfigKeys (ConfUtils.java:logGet(43)) - raft.server.log.segment.size.max = 1048576 (custom)
2019-09-26 15:13:30,782 [pool-27-thread-1] INFO  server.RaftServerConfigKeys (ConfUtils.java:logGet(43)) - raft.server.log.preallocated.size = 16384 (custom)
2019-09-26 15:13:30,782 [pool-27-thread-1] INFO  server.RaftServerConfigKeys (ConfUtils.java:logGet(43)) - raft.server.log.write.buffer.size = 33554432 (custom)
2019-09-26 15:13:30,782 [pool-27-thread-1] INFO  server.RaftServerConfigKeys (ConfUtils.java:logGet(43)) - raft.server.log.force.sync.num = 128 (default)
2019-09-26 15:13:30,782 [pool-27-thread-1] INFO  server.RaftServerConfigKeys (ConfUtils.java:logGet(43)) - raft.server.log.statemachine.data.sync = true (default)
2019-09-26 15:13:30,782 [pool-27-thread-1] INFO  server.RaftServerConfigKeys (ConfUtils.java:logGet(43)) - raft.server.log.statemachine.data.sync.timeout = 10s (default)
2019-09-26 15:13:30,783 [pool-27-thread-1] INFO  server.RaftServerConfigKeys (ConfUtils.java:logGet(43)) - raft.server.log.statemachine.data.sync.timeout.retry = -1 (default)
2019-09-26 15:13:30,783 [pool-27-thread-1] INFO  server.RaftServerConfigKeys (ConfUtils.java:logGet(43)) - raft.server.log.statemachine.data.caching.enabled = true (custom)
2019-09-26 15:13:30,783 [pool-27-thread-1] INFO  segmented.SegmentedRaftLogWorker (SegmentedRaftLogWorker.java:lambda$new$0(132)) - b3e939fd-eb36-468b-9efe-5d0a1fdaa172@group-8292B21D7178-SegmentedRaftLogWorker: flushIndex: setUnconditionally 0 -> -1
2019-09-26 15:13:30,783 [pool-27-thread-1] INFO  server.RaftServerConfigKeys (ConfUtils.java:logGet(43)) - raft.server.snapshot.auto.trigger.enabled = true (custom)
2019-09-26 15:13:30,783 [pool-27-thread-1] INFO  server.RaftServerConfigKeys (ConfUtils.java:logGet(43)) - raft.server.snapshot.auto.trigger.threshold = 10000 (custom)
2019-09-26 15:13:30,783 [pool-27-thread-1] INFO  server.RaftServerConfigKeys (ConfUtils.java:logGet(43)) - raft.server.snapshot.retention.num.files = 5 (custom)
2019-09-26 15:13:30,783 [pool-27-thread-1] INFO  server.RaftServerConfigKeys (ConfUtils.java:logGet(43)) - raft.server.retrycache.expirytime = 600000ms (custom)
2019-09-26 15:13:30,784 [pool-27-thread-1] INFO  impl.RaftServerImpl (RaftServerImpl.java:start(185)) - b3e939fd-eb36-468b-9efe-5d0a1fdaa172@group-8292B21D7178: start as a follower, conf=-1: [b3e939fd-eb36-468b-9efe-5d0a1fdaa172:192.168.151.99:45433], old=null
2019-09-26 15:13:30,784 [pool-27-thread-1] INFO  impl.RaftServerImpl (RaftServerImpl.java:setRole(174)) - b3e939fd-eb36-468b-9efe-5d0a1fdaa172@group-8292B21D7178: changes role from      null to FOLLOWER at term 0 for startAsFollower
2019-09-26 15:13:30,784 [pool-27-thread-1] INFO  impl.RoleInfo (RoleInfo.java:updateAndGet(143)) - b3e939fd-eb36-468b-9efe-5d0a1fdaa172: start FollowerState
2019-09-26 15:13:30,784 [pool-27-thread-1] INFO  util.JmxRegister (JmxRegister.java:tryRegister(44)) - Successfully registered JMX Bean with object name Ratis:service=RaftServer,group=group-8292B21D7178,id=b3e939fd-eb36-468b-9efe-5d0a1fdaa172
2019-09-26 15:13:30,786 [RatisPipelineUtilsThread] INFO  pipeline.PipelineStateManager (PipelineStateManager.java:addPipeline(56)) - Created pipeline Pipeline[ Id: 445709f1-48cc-41ad-89b6-8292b21d7178, Nodes: b3e939fd-eb36-468b-9efe-5d0a1fdaa172{ip: 192.168.151.99, host: pr-hdds-1569-g6sp5-2013761785, networkLocation: /default-rack, certSerialId: null}, Type:RATIS, Factor:ONE, State:OPEN]
2019-09-26 15:13:30,789 [grpc-default-executor-0] INFO  impl.RaftServerProxy (RaftServerProxy.java:addNew(89)) - b3e939fd-eb36-468b-9efe-5d0a1fdaa172: addNew group-F3ED5FA15865:[b3e939fd-eb36-468b-9efe-5d0a1fdaa172:192.168.151.99:45433] returns group-F3ED5FA15865:java.util.concurrent.CompletableFuture@5fbb21d0[Not completed]
2019-09-26 15:13:30,790 [pool-27-thread-1] INFO  impl.RaftServerImpl (RaftServerImpl.java:<init>(95)) - b3e939fd-eb36-468b-9efe-5d0a1fdaa172: new RaftServerImpl for group-F3ED5FA15865:[b3e939fd-eb36-468b-9efe-5d0a1fdaa172:192.168.151.99:45433] with ContainerStateMachine:uninitialized
2019-09-26 15:13:30,790 [pool-27-thread-1] INFO  server.RaftServerConfigKeys (ConfUtils.java:logGet(43)) - raft.server.rpc.timeout.min = 5s (custom)
2019-09-26 15:13:30,790 [pool-27-thread-1] INFO  server.RaftServerConfigKeys (ConfUtils.java:logGet(43)) - raft.server.rpc.timeout.max = 5200ms (custom)
2019-09-26 15:13:30,790 [pool-27-thread-1] INFO  server.RaftServerConfigKeys (ConfUtils.java:logGet(43)) - raft.server.rpcslowness.timeout = 120s (custom)
2019-09-26 15:13:30,790 [pool-27-thread-1] INFO  server.RaftServerConfigKeys (ConfUtils.java:logGet(43)) - raft.server.sleep.deviation.threshold = 300 (default)
2019-09-26 15:13:30,790 [pool-27-thread-1] INFO  server.RaftServerConfigKeys (ConfUtils.java:logGet(43)) - raft.server.log.appender.install.snapshot.enabled = false (custom)
2019-09-26 15:13:30,790 [pool-27-thread-1] INFO  impl.RaftServerImpl (ServerState.java:<init>(103)) - b3e939fd-eb36-468b-9efe-5d0a1fdaa172@group-F3ED5FA15865: ConfigurationManager, init=-1: [b3e939fd-eb36-468b-9efe-5d0a1fdaa172:192.168.151.99:45433], old=null, confs=<EMPTY_MAP>
2019-09-26 15:13:30,790 [pool-27-thread-1] INFO  server.RaftServerConfigKeys (ConfUtils.java:logGet(43)) - raft.server.storage.dir = [/workdir/hadoop-ozone/integration-test/target/test-dir/MiniOzoneClusterImpl-7e2f4b2f-6763-4a45-9ec4-264c2cef7c61/datanode-0/data/ratis] (custom)
2019-09-26 15:13:30,791 [pool-27-thread-1] INFO  storage.RaftStorageDirectory (RaftStorageDirectory.java:analyzeStorage(246)) - The storage directory /workdir/hadoop-ozone/integration-test/target/test-dir/MiniOzoneClusterImpl-7e2f4b2f-6763-4a45-9ec4-264c2cef7c61/datanode-0/data/ratis/c7edf6bd-b64e-43c1-8247-f3ed5fa15865 does not exist. Creating ...
2019-09-26 15:13:30,804 [pool-27-thread-1] INFO  storage.RaftStorageDirectory (RaftStorageDirectory.java:tryLock(328)) - Lock on /workdir/hadoop-ozone/integration-test/target/test-dir/MiniOzoneClusterImpl-7e2f4b2f-6763-4a45-9ec4-264c2cef7c61/datanode-0/data/ratis/c7edf6bd-b64e-43c1-8247-f3ed5fa15865/in_use.lock acquired by nodename 11803@pr-hdds-1569-g6sp5-2013761785
2019-09-26 15:13:30,806 [pool-27-thread-1] INFO  storage.RaftStorage (RaftStorage.java:format(72)) - Storage directory /workdir/hadoop-ozone/integration-test/target/test-dir/MiniOzoneClusterImpl-7e2f4b2f-6763-4a45-9ec4-264c2cef7c61/datanode-0/data/ratis/c7edf6bd-b64e-43c1-8247-f3ed5fa15865 has been successfully formatted.
2019-09-26 15:13:30,806 [pool-27-thread-1] INFO  ratis.ContainerStateMachine (ContainerStateMachine.java:loadSnapshot(230)) - group-F3ED5FA15865: The snapshot info is null. Setting the last applied indexto:(t:0, i:~)
2019-09-26 15:13:30,806 [pool-27-thread-1] INFO  server.RaftServerConfigKeys (ConfUtils.java:logGet(43)) - raft.server.notification.no-leader.timeout = 120s (custom)
2019-09-26 15:13:30,806 [pool-27-thread-1] INFO  server.RaftServerConfigKeys (ConfUtils.java:logGet(43)) - raft.server.log.use.memory = false (default)
2019-09-26 15:13:30,806 [pool-27-thread-1] INFO  server.RaftServerConfigKeys (ConfUtils.java:logGet(43)) - raft.server.log.purge.gap = 1000000 (custom)
2019-09-26 15:13:30,807 [pool-27-thread-1] INFO  server.RaftServerConfigKeys (ConfUtils.java:logGet(43)) - raft.server.log.appender.buffer.byte-limit = 33554432 (custom)
2019-09-26 15:13:30,807 [pool-27-thread-1] INFO  server.RaftServerConfigKeys (ConfUtils.java:logGet(43)) - raft.server.log.segment.size.max = 1048576 (custom)
2019-09-26 15:13:30,807 [pool-27-thread-1] INFO  server.RaftServerConfigKeys (ConfUtils.java:logGet(43)) - raft.server.log.segment.cache.num.max = 2 (custom)
2019-09-26 15:13:30,807 [pool-27-thread-1] INFO  segmented.SegmentedRaftLogWorker (SegmentedRaftLogWorker.java:<init>(172)) - new b3e939fd-eb36-468b-9efe-5d0a1fdaa172@group-F3ED5FA15865-SegmentedRaftLogWorker for RaftStorage:Storage Directory /workdir/hadoop-ozone/integration-test/target/test-dir/MiniOzoneClusterImpl-7e2f4b2f-6763-4a45-9ec4-264c2cef7c61/datanode-0/data/ratis/c7edf6bd-b64e-43c1-8247-f3ed5fa15865
2019-09-26 15:13:30,807 [pool-27-thread-1] INFO  server.RaftServerConfigKeys (ConfUtils.java:logGet(43)) - raft.server.log.queue.byte-limit = 2147483647 (custom)
2019-09-26 15:13:30,807 [pool-27-thread-1] INFO  server.RaftServerConfigKeys (ConfUtils.java:logGet(43)) - raft.server.log.queue.element-limit = 1024 (custom)
2019-09-26 15:13:30,807 [pool-27-thread-1] INFO  server.RaftServerConfigKeys (ConfUtils.java:logGet(43)) - raft.server.log.segment.size.max = 1048576 (custom)
2019-09-26 15:13:30,807 [pool-27-thread-1] INFO  server.RaftServerConfigKeys (ConfUtils.java:logGet(43)) - raft.server.log.preallocated.size = 16384 (custom)
2019-09-26 15:13:30,807 [pool-27-thread-1] INFO  server.RaftServerConfigKeys (ConfUtils.java:logGet(43)) - raft.server.log.write.buffer.size = 33554432 (custom)
2019-09-26 15:13:30,807 [pool-27-thread-1] INFO  server.RaftServerConfigKeys (ConfUtils.java:logGet(43)) - raft.server.log.force.sync.num = 128 (default)
2019-09-26 15:13:30,807 [pool-27-thread-1] INFO  server.RaftServerConfigKeys (ConfUtils.java:logGet(43)) - raft.server.log.statemachine.data.sync = true (default)
2019-09-26 15:13:30,807 [pool-27-thread-1] INFO  server.RaftServerConfigKeys (ConfUtils.java:logGet(43)) - raft.server.log.statemachine.data.sync.timeout = 10s (default)
2019-09-26 15:13:30,807 [pool-27-thread-1] INFO  server.RaftServerConfigKeys (ConfUtils.java:logGet(43)) - raft.server.log.statemachine.data.sync.timeout.retry = -1 (default)
2019-09-26 15:13:30,807 [pool-27-thread-1] INFO  server.RaftServerConfigKeys (ConfUtils.java:logGet(43)) - raft.server.log.statemachine.data.caching.enabled = true (custom)
2019-09-26 15:13:30,808 [pool-27-thread-1] INFO  segmented.SegmentedRaftLogWorker (SegmentedRaftLogWorker.java:lambda$new$0(132)) - b3e939fd-eb36-468b-9efe-5d0a1fdaa172@group-F3ED5FA15865-SegmentedRaftLogWorker: flushIndex: setUnconditionally 0 -> -1
2019-09-26 15:13:30,808 [pool-27-thread-1] INFO  server.RaftServerConfigKeys (ConfUtils.java:logGet(43)) - raft.server.snapshot.auto.trigger.enabled = true (custom)
2019-09-26 15:13:30,808 [pool-27-thread-1] INFO  server.RaftServerConfigKeys (ConfUtils.java:logGet(43)) - raft.server.snapshot.auto.trigger.threshold = 10000 (custom)
2019-09-26 15:13:30,808 [pool-27-thread-1] INFO  server.RaftServerConfigKeys (ConfUtils.java:logGet(43)) - raft.server.snapshot.retention.num.files = 5 (custom)
2019-09-26 15:13:30,808 [pool-27-thread-1] INFO  server.RaftServerConfigKeys (ConfUtils.java:logGet(43)) - raft.server.retrycache.expirytime = 600000ms (custom)
2019-09-26 15:13:30,809 [pool-27-thread-1] INFO  impl.RaftServerImpl (RaftServerImpl.java:start(185)) - b3e939fd-eb36-468b-9efe-5d0a1fdaa172@group-F3ED5FA15865: start as a follower, conf=-1: [b3e939fd-eb36-468b-9efe-5d0a1fdaa172:192.168.151.99:45433], old=null
2019-09-26 15:13:30,809 [pool-27-thread-1] INFO  impl.RaftServerImpl (RaftServerImpl.java:setRole(174)) - b3e939fd-eb36-468b-9efe-5d0a1fdaa172@group-F3ED5FA15865: changes role from      null to FOLLOWER at term 0 for startAsFollower
2019-09-26 15:13:30,809 [pool-27-thread-1] INFO  impl.RoleInfo (RoleInfo.java:updateAndGet(143)) - b3e939fd-eb36-468b-9efe-5d0a1fdaa172: start FollowerState
2019-09-26 15:13:30,809 [pool-27-thread-1] INFO  util.JmxRegister (JmxRegister.java:tryRegister(44)) - Successfully registered JMX Bean with object name Ratis:service=RaftServer,group=group-F3ED5FA15865,id=b3e939fd-eb36-468b-9efe-5d0a1fdaa172
2019-09-26 15:13:30,810 [RatisPipelineUtilsThread] INFO  pipeline.PipelineStateManager (PipelineStateManager.java:addPipeline(56)) - Created pipeline Pipeline[ Id: c7edf6bd-b64e-43c1-8247-f3ed5fa15865, Nodes: b3e939fd-eb36-468b-9efe-5d0a1fdaa172{ip: 192.168.151.99, host: pr-hdds-1569-g6sp5-2013761785, networkLocation: /default-rack, certSerialId: null}, Type:RATIS, Factor:ONE, State:OPEN]
2019-09-26 15:13:30,813 [grpc-default-executor-0] INFO  impl.RaftServerProxy (RaftServerProxy.java:addNew(89)) - b3e939fd-eb36-468b-9efe-5d0a1fdaa172: addNew group-8510E27DA55F:[b3e939fd-eb36-468b-9efe-5d0a1fdaa172:192.168.151.99:45433] returns group-8510E27DA55F:java.util.concurrent.CompletableFuture@3460d206[Not completed]
2019-09-26 15:13:30,813 [pool-27-thread-1] INFO  impl.RaftServerImpl (RaftServerImpl.java:<init>(95)) - b3e939fd-eb36-468b-9efe-5d0a1fdaa172: new RaftServerImpl for group-8510E27DA55F:[b3e939fd-eb36-468b-9efe-5d0a1fdaa172:192.168.151.99:45433] with ContainerStateMachine:uninitialized
2019-09-26 15:13:30,813 [pool-27-thread-1] INFO  server.RaftServerConfigKeys (ConfUtils.java:logGet(43)) - raft.server.rpc.timeout.min = 5s (custom)
2019-09-26 15:13:30,814 [pool-27-thread-1] INFO  server.RaftServerConfigKeys (ConfUtils.java:logGet(43)) - raft.server.rpc.timeout.max = 5200ms (custom)
2019-09-26 15:13:30,814 [pool-27-thread-1] INFO  server.RaftServerConfigKeys (ConfUtils.java:logGet(43)) - raft.server.rpcslowness.timeout = 120s (custom)
2019-09-26 15:13:30,814 [pool-27-thread-1] INFO  server.RaftServerConfigKeys (ConfUtils.java:logGet(43)) - raft.server.sleep.deviation.threshold = 300 (default)
2019-09-26 15:13:30,814 [pool-27-thread-1] INFO  server.RaftServerConfigKeys (ConfUtils.java:logGet(43)) - raft.server.log.appender.install.snapshot.enabled = false (custom)
2019-09-26 15:13:30,814 [pool-27-thread-1] INFO  impl.RaftServerImpl (ServerState.java:<init>(103)) - b3e939fd-eb36-468b-9efe-5d0a1fdaa172@group-8510E27DA55F: ConfigurationManager, init=-1: [b3e939fd-eb36-468b-9efe-5d0a1fdaa172:192.168.151.99:45433], old=null, confs=<EMPTY_MAP>
2019-09-26 15:13:30,814 [pool-27-thread-1] INFO  server.RaftServerConfigKeys (ConfUtils.java:logGet(43)) - raft.server.storage.dir = [/workdir/hadoop-ozone/integration-test/target/test-dir/MiniOzoneClusterImpl-7e2f4b2f-6763-4a45-9ec4-264c2cef7c61/datanode-0/data/ratis] (custom)
2019-09-26 15:13:30,815 [pool-27-thread-1] INFO  storage.RaftStorageDirectory (RaftStorageDirectory.java:analyzeStorage(246)) - The storage directory /workdir/hadoop-ozone/integration-test/target/test-dir/MiniOzoneClusterImpl-7e2f4b2f-6763-4a45-9ec4-264c2cef7c61/datanode-0/data/ratis/db032f91-1470-4b66-bb16-8510e27da55f does not exist. Creating ...
2019-09-26 15:13:30,828 [pool-27-thread-1] INFO  storage.RaftStorageDirectory (RaftStorageDirectory.java:tryLock(328)) - Lock on /workdir/hadoop-ozone/integration-test/target/test-dir/MiniOzoneClusterImpl-7e2f4b2f-6763-4a45-9ec4-264c2cef7c61/datanode-0/data/ratis/db032f91-1470-4b66-bb16-8510e27da55f/in_use.lock acquired by nodename 11803@pr-hdds-1569-g6sp5-2013761785
2019-09-26 15:13:30,832 [pool-27-thread-1] INFO  storage.RaftStorage (RaftStorage.java:format(72)) - Storage directory /workdir/hadoop-ozone/integration-test/target/test-dir/MiniOzoneClusterImpl-7e2f4b2f-6763-4a45-9ec4-264c2cef7c61/datanode-0/data/ratis/db032f91-1470-4b66-bb16-8510e27da55f has been successfully formatted.
2019-09-26 15:13:30,832 [pool-27-thread-1] INFO  ratis.ContainerStateMachine (ContainerStateMachine.java:loadSnapshot(230)) - group-8510E27DA55F: The snapshot info is null. Setting the last applied indexto:(t:0, i:~)
2019-09-26 15:13:30,832 [pool-27-thread-1] INFO  server.RaftServerConfigKeys (ConfUtils.java:logGet(43)) - raft.server.notification.no-leader.timeout = 120s (custom)
2019-09-26 15:13:30,832 [pool-27-thread-1] INFO  server.RaftServerConfigKeys (ConfUtils.java:logGet(43)) - raft.server.log.use.memory = false (default)
2019-09-26 15:13:30,832 [pool-27-thread-1] INFO  server.RaftServerConfigKeys (ConfUtils.java:logGet(43)) - raft.server.log.purge.gap = 1000000 (custom)
2019-09-26 15:13:30,832 [pool-27-thread-1] INFO  server.RaftServerConfigKeys (ConfUtils.java:logGet(43)) - raft.server.log.appender.buffer.byte-limit = 33554432 (custom)
2019-09-26 15:13:30,832 [pool-27-thread-1] INFO  server.RaftServerConfigKeys (ConfUtils.java:logGet(43)) - raft.server.log.segment.size.max = 1048576 (custom)
2019-09-26 15:13:30,832 [pool-27-thread-1] INFO  server.RaftServerConfigKeys (ConfUtils.java:logGet(43)) - raft.server.log.segment.cache.num.max = 2 (custom)
2019-09-26 15:13:30,832 [pool-27-thread-1] INFO  segmented.SegmentedRaftLogWorker (SegmentedRaftLogWorker.java:<init>(172)) - new b3e939fd-eb36-468b-9efe-5d0a1fdaa172@group-8510E27DA55F-SegmentedRaftLogWorker for RaftStorage:Storage Directory /workdir/hadoop-ozone/integration-test/target/test-dir/MiniOzoneClusterImpl-7e2f4b2f-6763-4a45-9ec4-264c2cef7c61/datanode-0/data/ratis/db032f91-1470-4b66-bb16-8510e27da55f
2019-09-26 15:13:30,832 [pool-27-thread-1] INFO  server.RaftServerConfigKeys (ConfUtils.java:logGet(43)) - raft.server.log.queue.byte-limit = 2147483647 (custom)
2019-09-26 15:13:30,833 [pool-27-thread-1] INFO  server.RaftServerConfigKeys (ConfUtils.java:logGet(43)) - raft.server.log.queue.element-limit = 1024 (custom)
2019-09-26 15:13:30,833 [pool-27-thread-1] INFO  server.RaftServerConfigKeys (ConfUtils.java:logGet(43)) - raft.server.log.segment.size.max = 1048576 (custom)
2019-09-26 15:13:30,833 [pool-27-thread-1] INFO  server.RaftServerConfigKeys (ConfUtils.java:logGet(43)) - raft.server.log.preallocated.size = 16384 (custom)
2019-09-26 15:13:30,833 [pool-27-thread-1] INFO  server.RaftServerConfigKeys (ConfUtils.java:logGet(43)) - raft.server.log.write.buffer.size = 33554432 (custom)
2019-09-26 15:13:30,833 [pool-27-thread-1] INFO  server.RaftServerConfigKeys (ConfUtils.java:logGet(43)) - raft.server.log.force.sync.num = 128 (default)
2019-09-26 15:13:30,833 [pool-27-thread-1] INFO  server.RaftServerConfigKeys (ConfUtils.java:logGet(43)) - raft.server.log.statemachine.data.sync = true (default)
2019-09-26 15:13:30,833 [pool-27-thread-1] INFO  server.RaftServerConfigKeys (ConfUtils.java:logGet(43)) - raft.server.log.statemachine.data.sync.timeout = 10s (default)
2019-09-26 15:13:30,833 [pool-27-thread-1] INFO  server.RaftServerConfigKeys (ConfUtils.java:logGet(43)) - raft.server.log.statemachine.data.sync.timeout.retry = -1 (default)
2019-09-26 15:13:30,833 [pool-27-thread-1] INFO  server.RaftServerConfigKeys (ConfUtils.java:logGet(43)) - raft.server.log.statemachine.data.caching.enabled = true (custom)
2019-09-26 15:13:30,833 [pool-27-thread-1] INFO  segmented.SegmentedRaftLogWorker (SegmentedRaftLogWorker.java:lambda$new$0(132)) - b3e939fd-eb36-468b-9efe-5d0a1fdaa172@group-8510E27DA55F-SegmentedRaftLogWorker: flushIndex: setUnconditionally 0 -> -1
2019-09-26 15:13:30,834 [pool-27-thread-1] INFO  server.RaftServerConfigKeys (ConfUtils.java:logGet(43)) - raft.server.snapshot.auto.trigger.enabled = true (custom)
2019-09-26 15:13:30,834 [pool-27-thread-1] INFO  server.RaftServerConfigKeys (ConfUtils.java:logGet(43)) - raft.server.snapshot.auto.trigger.threshold = 10000 (custom)
2019-09-26 15:13:30,834 [pool-27-thread-1] INFO  server.RaftServerConfigKeys (ConfUtils.java:logGet(43)) - raft.server.snapshot.retention.num.files = 5 (custom)
2019-09-26 15:13:30,834 [pool-27-thread-1] INFO  server.RaftServerConfigKeys (ConfUtils.java:logGet(43)) - raft.server.retrycache.expirytime = 600000ms (custom)
2019-09-26 15:13:30,835 [pool-27-thread-1] INFO  impl.RaftServerImpl (RaftServerImpl.java:start(185)) - b3e939fd-eb36-468b-9efe-5d0a1fdaa172@group-8510E27DA55F: start as a follower, conf=-1: [b3e939fd-eb36-468b-9efe-5d0a1fdaa172:192.168.151.99:45433], old=null
2019-09-26 15:13:30,835 [pool-27-thread-1] INFO  impl.RaftServerImpl (RaftServerImpl.java:setRole(174)) - b3e939fd-eb36-468b-9efe-5d0a1fdaa172@group-8510E27DA55F: changes role from      null to FOLLOWER at term 0 for startAsFollower
2019-09-26 15:13:30,835 [pool-27-thread-1] INFO  impl.RoleInfo (RoleInfo.java:updateAndGet(143)) - b3e939fd-eb36-468b-9efe-5d0a1fdaa172: start FollowerState
2019-09-26 15:13:30,836 [pool-27-thread-1] INFO  util.JmxRegister (JmxRegister.java:tryRegister(44)) - Successfully registered JMX Bean with object name Ratis:service=RaftServer,group=group-8510E27DA55F,id=b3e939fd-eb36-468b-9efe-5d0a1fdaa172
2019-09-26 15:13:30,837 [RatisPipelineUtilsThread] INFO  pipeline.PipelineStateManager (PipelineStateManager.java:addPipeline(56)) - Created pipeline Pipeline[ Id: db032f91-1470-4b66-bb16-8510e27da55f, Nodes: b3e939fd-eb36-468b-9efe-5d0a1fdaa172{ip: 192.168.151.99, host: pr-hdds-1569-g6sp5-2013761785, networkLocation: /default-rack, certSerialId: null}, Type:RATIS, Factor:ONE, State:OPEN]
2019-09-26 15:13:30,840 [grpc-default-executor-0] INFO  impl.RaftServerProxy (RaftServerProxy.java:addNew(89)) - b3e939fd-eb36-468b-9efe-5d0a1fdaa172: addNew group-3BF504006062:[b3e939fd-eb36-468b-9efe-5d0a1fdaa172:192.168.151.99:45433] returns group-3BF504006062:java.util.concurrent.CompletableFuture@1c50178e[Not completed]
2019-09-26 15:13:30,841 [pool-27-thread-1] INFO  impl.RaftServerImpl (RaftServerImpl.java:<init>(95)) - b3e939fd-eb36-468b-9efe-5d0a1fdaa172: new RaftServerImpl for group-3BF504006062:[b3e939fd-eb36-468b-9efe-5d0a1fdaa172:192.168.151.99:45433] with ContainerStateMachine:uninitialized
2019-09-26 15:13:30,841 [pool-27-thread-1] INFO  server.RaftServerConfigKeys (ConfUtils.java:logGet(43)) - raft.server.rpc.timeout.min = 5s (custom)
2019-09-26 15:13:30,841 [pool-27-thread-1] INFO  server.RaftServerConfigKeys (ConfUtils.java:logGet(43)) - raft.server.rpc.timeout.max = 5200ms (custom)
2019-09-26 15:13:30,841 [pool-27-thread-1] INFO  server.RaftServerConfigKeys (ConfUtils.java:logGet(43)) - raft.server.rpcslowness.timeout = 120s (custom)
2019-09-26 15:13:30,841 [pool-27-thread-1] INFO  server.RaftServerConfigKeys (ConfUtils.java:logGet(43)) - raft.server.sleep.deviation.threshold = 300 (default)
2019-09-26 15:13:30,841 [pool-27-thread-1] INFO  server.RaftServerConfigKeys (ConfUtils.java:logGet(43)) - raft.server.log.appender.install.snapshot.enabled = false (custom)
2019-09-26 15:13:30,841 [pool-27-thread-1] INFO  impl.RaftServerImpl (ServerState.java:<init>(103)) - b3e939fd-eb36-468b-9efe-5d0a1fdaa172@group-3BF504006062: ConfigurationManager, init=-1: [b3e939fd-eb36-468b-9efe-5d0a1fdaa172:192.168.151.99:45433], old=null, confs=<EMPTY_MAP>
2019-09-26 15:13:30,842 [pool-27-thread-1] INFO  server.RaftServerConfigKeys (ConfUtils.java:logGet(43)) - raft.server.storage.dir = [/workdir/hadoop-ozone/integration-test/target/test-dir/MiniOzoneClusterImpl-7e2f4b2f-6763-4a45-9ec4-264c2cef7c61/datanode-0/data/ratis] (custom)
2019-09-26 15:13:30,843 [pool-27-thread-1] INFO  storage.RaftStorageDirectory (RaftStorageDirectory.java:analyzeStorage(246)) - The storage directory /workdir/hadoop-ozone/integration-test/target/test-dir/MiniOzoneClusterImpl-7e2f4b2f-6763-4a45-9ec4-264c2cef7c61/datanode-0/data/ratis/991ad097-6728-4837-a037-3bf504006062 does not exist. Creating ...
2019-09-26 15:13:30,846 [pool-27-thread-1] INFO  storage.RaftStorageDirectory (RaftStorageDirectory.java:tryLock(328)) - Lock on /workdir/hadoop-ozone/integration-test/target/test-dir/MiniOzoneClusterImpl-7e2f4b2f-6763-4a45-9ec4-264c2cef7c61/datanode-0/data/ratis/991ad097-6728-4837-a037-3bf504006062/in_use.lock acquired by nodename 11803@pr-hdds-1569-g6sp5-2013761785
2019-09-26 15:13:30,849 [pool-27-thread-1] INFO  storage.RaftStorage (RaftStorage.java:format(72)) - Storage directory /workdir/hadoop-ozone/integration-test/target/test-dir/MiniOzoneClusterImpl-7e2f4b2f-6763-4a45-9ec4-264c2cef7c61/datanode-0/data/ratis/991ad097-6728-4837-a037-3bf504006062 has been successfully formatted.
2019-09-26 15:13:30,850 [pool-27-thread-1] INFO  ratis.ContainerStateMachine (ContainerStateMachine.java:loadSnapshot(230)) - group-3BF504006062: The snapshot info is null. Setting the last applied indexto:(t:0, i:~)
2019-09-26 15:13:30,850 [pool-27-thread-1] INFO  server.RaftServerConfigKeys (ConfUtils.java:logGet(43)) - raft.server.notification.no-leader.timeout = 120s (custom)
2019-09-26 15:13:30,850 [pool-27-thread-1] INFO  server.RaftServerConfigKeys (ConfUtils.java:logGet(43)) - raft.server.log.use.memory = false (default)
2019-09-26 15:13:30,850 [pool-27-thread-1] INFO  server.RaftServerConfigKeys (ConfUtils.java:logGet(43)) - raft.server.log.purge.gap = 1000000 (custom)
2019-09-26 15:13:30,850 [pool-27-thread-1] INFO  server.RaftServerConfigKeys (ConfUtils.java:logGet(43)) - raft.server.log.appender.buffer.byte-limit = 33554432 (custom)
2019-09-26 15:13:30,850 [pool-27-thread-1] INFO  server.RaftServerConfigKeys (ConfUtils.java:logGet(43)) - raft.server.log.segment.size.max = 1048576 (custom)
2019-09-26 15:13:30,850 [pool-27-thread-1] INFO  server.RaftServerConfigKeys (ConfUtils.java:logGet(43)) - raft.server.log.segment.cache.num.max = 2 (custom)
2019-09-26 15:13:30,850 [pool-27-thread-1] INFO  segmented.SegmentedRaftLogWorker (SegmentedRaftLogWorker.java:<init>(172)) - new b3e939fd-eb36-468b-9efe-5d0a1fdaa172@group-3BF504006062-SegmentedRaftLogWorker for RaftStorage:Storage Directory /workdir/hadoop-ozone/integration-test/target/test-dir/MiniOzoneClusterImpl-7e2f4b2f-6763-4a45-9ec4-264c2cef7c61/datanode-0/data/ratis/991ad097-6728-4837-a037-3bf504006062
2019-09-26 15:13:30,850 [pool-27-thread-1] INFO  server.RaftServerConfigKeys (ConfUtils.java:logGet(43)) - raft.server.log.queue.byte-limit = 2147483647 (custom)
2019-09-26 15:13:30,850 [pool-27-thread-1] INFO  server.RaftServerConfigKeys (ConfUtils.java:logGet(43)) - raft.server.log.queue.element-limit = 1024 (custom)
2019-09-26 15:13:30,851 [pool-27-thread-1] INFO  server.RaftServerConfigKeys (ConfUtils.java:logGet(43)) - raft.server.log.segment.size.max = 1048576 (custom)
2019-09-26 15:13:30,851 [pool-27-thread-1] INFO  server.RaftServerConfigKeys (ConfUtils.java:logGet(43)) - raft.server.log.preallocated.size = 16384 (custom)
2019-09-26 15:13:30,851 [pool-27-thread-1] INFO  server.RaftServerConfigKeys (ConfUtils.java:logGet(43)) - raft.server.log.write.buffer.size = 33554432 (custom)
2019-09-26 15:13:30,851 [pool-27-thread-1] INFO  server.RaftServerConfigKeys (ConfUtils.java:logGet(43)) - raft.server.log.force.sync.num = 128 (default)
2019-09-26 15:13:30,851 [pool-27-thread-1] INFO  server.RaftServerConfigKeys (ConfUtils.java:logGet(43)) - raft.server.log.statemachine.data.sync = true (default)
2019-09-26 15:13:30,851 [pool-27-thread-1] INFO  server.RaftServerConfigKeys (ConfUtils.java:logGet(43)) - raft.server.log.statemachine.data.sync.timeout = 10s (default)
2019-09-26 15:13:30,851 [pool-27-thread-1] INFO  server.RaftServerConfigKeys (ConfUtils.java:logGet(43)) - raft.server.log.statemachine.data.sync.timeout.retry = -1 (default)
2019-09-26 15:13:30,851 [pool-27-thread-1] INFO  server.RaftServerConfigKeys (ConfUtils.java:logGet(43)) - raft.server.log.statemachine.data.caching.enabled = true (custom)
2019-09-26 15:13:30,851 [pool-27-thread-1] INFO  segmented.SegmentedRaftLogWorker (SegmentedRaftLogWorker.java:lambda$new$0(132)) - b3e939fd-eb36-468b-9efe-5d0a1fdaa172@group-3BF504006062-SegmentedRaftLogWorker: flushIndex: setUnconditionally 0 -> -1
2019-09-26 15:13:30,851 [pool-27-thread-1] INFO  server.RaftServerConfigKeys (ConfUtils.java:logGet(43)) - raft.server.snapshot.auto.trigger.enabled = true (custom)
2019-09-26 15:13:30,852 [pool-27-thread-1] INFO  server.RaftServerConfigKeys (ConfUtils.java:logGet(43)) - raft.server.snapshot.auto.trigger.threshold = 10000 (custom)
2019-09-26 15:13:30,852 [pool-27-thread-1] INFO  server.RaftServerConfigKeys (ConfUtils.java:logGet(43)) - raft.server.snapshot.retention.num.files = 5 (custom)
2019-09-26 15:13:30,852 [pool-27-thread-1] INFO  server.RaftServerConfigKeys (ConfUtils.java:logGet(43)) - raft.server.retrycache.expirytime = 600000ms (custom)
2019-09-26 15:13:30,853 [pool-27-thread-1] INFO  impl.RaftServerImpl (RaftServerImpl.java:start(185)) - b3e939fd-eb36-468b-9efe-5d0a1fdaa172@group-3BF504006062: start as a follower, conf=-1: [b3e939fd-eb36-468b-9efe-5d0a1fdaa172:192.168.151.99:45433], old=null
2019-09-26 15:13:30,853 [pool-27-thread-1] INFO  impl.RaftServerImpl (RaftServerImpl.java:setRole(174)) - b3e939fd-eb36-468b-9efe-5d0a1fdaa172@group-3BF504006062: changes role from      null to FOLLOWER at term 0 for startAsFollower
2019-09-26 15:13:30,853 [pool-27-thread-1] INFO  impl.RoleInfo (RoleInfo.java:updateAndGet(143)) - b3e939fd-eb36-468b-9efe-5d0a1fdaa172: start FollowerState
2019-09-26 15:13:30,853 [pool-27-thread-1] INFO  util.JmxRegister (JmxRegister.java:tryRegister(44)) - Successfully registered JMX Bean with object name Ratis:service=RaftServer,group=group-3BF504006062,id=b3e939fd-eb36-468b-9efe-5d0a1fdaa172
2019-09-26 15:13:30,855 [RatisPipelineUtilsThread] INFO  pipeline.PipelineStateManager (PipelineStateManager.java:addPipeline(56)) - Created pipeline Pipeline[ Id: 991ad097-6728-4837-a037-3bf504006062, Nodes: b3e939fd-eb36-468b-9efe-5d0a1fdaa172{ip: 192.168.151.99, host: pr-hdds-1569-g6sp5-2013761785, networkLocation: /default-rack, certSerialId: null}, Type:RATIS, Factor:ONE, State:OPEN]
2019-09-26 15:13:30,857 [grpc-default-executor-0] INFO  impl.RaftServerProxy (RaftServerProxy.java:addNew(89)) - b3e939fd-eb36-468b-9efe-5d0a1fdaa172: addNew group-33913256AF98:[b3e939fd-eb36-468b-9efe-5d0a1fdaa172:192.168.151.99:45433] returns group-33913256AF98:java.util.concurrent.CompletableFuture@5d575b7e[Not completed]
2019-09-26 15:13:30,858 [pool-27-thread-1] INFO  impl.RaftServerImpl (RaftServerImpl.java:<init>(95)) - b3e939fd-eb36-468b-9efe-5d0a1fdaa172: new RaftServerImpl for group-33913256AF98:[b3e939fd-eb36-468b-9efe-5d0a1fdaa172:192.168.151.99:45433] with ContainerStateMachine:uninitialized
2019-09-26 15:13:30,858 [pool-27-thread-1] INFO  server.RaftServerConfigKeys (ConfUtils.java:logGet(43)) - raft.server.rpc.timeout.min = 5s (custom)
2019-09-26 15:13:30,858 [pool-27-thread-1] INFO  server.RaftServerConfigKeys (ConfUtils.java:logGet(43)) - raft.server.rpc.timeout.max = 5200ms (custom)
2019-09-26 15:13:30,858 [pool-27-thread-1] INFO  server.RaftServerConfigKeys (ConfUtils.java:logGet(43)) - raft.server.rpcslowness.timeout = 120s (custom)
2019-09-26 15:13:30,858 [pool-27-thread-1] INFO  server.RaftServerConfigKeys (ConfUtils.java:logGet(43)) - raft.server.sleep.deviation.threshold = 300 (default)
2019-09-26 15:13:30,858 [pool-27-thread-1] INFO  server.RaftServerConfigKeys (ConfUtils.java:logGet(43)) - raft.server.log.appender.install.snapshot.enabled = false (custom)
2019-09-26 15:13:30,858 [pool-27-thread-1] INFO  impl.RaftServerImpl (ServerState.java:<init>(103)) - b3e939fd-eb36-468b-9efe-5d0a1fdaa172@group-33913256AF98: ConfigurationManager, init=-1: [b3e939fd-eb36-468b-9efe-5d0a1fdaa172:192.168.151.99:45433], old=null, confs=<EMPTY_MAP>
2019-09-26 15:13:30,858 [pool-27-thread-1] INFO  server.RaftServerConfigKeys (ConfUtils.java:logGet(43)) - raft.server.storage.dir = [/workdir/hadoop-ozone/integration-test/target/test-dir/MiniOzoneClusterImpl-7e2f4b2f-6763-4a45-9ec4-264c2cef7c61/datanode-0/data/ratis] (custom)
2019-09-26 15:13:30,859 [pool-27-thread-1] INFO  storage.RaftStorageDirectory (RaftStorageDirectory.java:analyzeStorage(246)) - The storage directory /workdir/hadoop-ozone/integration-test/target/test-dir/MiniOzoneClusterImpl-7e2f4b2f-6763-4a45-9ec4-264c2cef7c61/datanode-0/data/ratis/97eae366-731b-479d-9eb1-33913256af98 does not exist. Creating ...
2019-09-26 15:13:30,869 [pool-27-thread-1] INFO  storage.RaftStorageDirectory (RaftStorageDirectory.java:tryLock(328)) - Lock on /workdir/hadoop-ozone/integration-test/target/test-dir/MiniOzoneClusterImpl-7e2f4b2f-6763-4a45-9ec4-264c2cef7c61/datanode-0/data/ratis/97eae366-731b-479d-9eb1-33913256af98/in_use.lock acquired by nodename 11803@pr-hdds-1569-g6sp5-2013761785
2019-09-26 15:13:30,872 [pool-27-thread-1] INFO  storage.RaftStorage (RaftStorage.java:format(72)) - Storage directory /workdir/hadoop-ozone/integration-test/target/test-dir/MiniOzoneClusterImpl-7e2f4b2f-6763-4a45-9ec4-264c2cef7c61/datanode-0/data/ratis/97eae366-731b-479d-9eb1-33913256af98 has been successfully formatted.
2019-09-26 15:13:30,872 [pool-27-thread-1] INFO  ratis.ContainerStateMachine (ContainerStateMachine.java:loadSnapshot(230)) - group-33913256AF98: The snapshot info is null. Setting the last applied indexto:(t:0, i:~)
2019-09-26 15:13:30,872 [pool-27-thread-1] INFO  server.RaftServerConfigKeys (ConfUtils.java:logGet(43)) - raft.server.notification.no-leader.timeout = 120s (custom)
2019-09-26 15:13:30,872 [pool-27-thread-1] INFO  server.RaftServerConfigKeys (ConfUtils.java:logGet(43)) - raft.server.log.use.memory = false (default)
2019-09-26 15:13:30,872 [pool-27-thread-1] INFO  server.RaftServerConfigKeys (ConfUtils.java:logGet(43)) - raft.server.log.purge.gap = 1000000 (custom)
2019-09-26 15:13:30,873 [pool-27-thread-1] INFO  server.RaftServerConfigKeys (ConfUtils.java:logGet(43)) - raft.server.log.appender.buffer.byte-limit = 33554432 (custom)
2019-09-26 15:13:30,873 [pool-27-thread-1] INFO  server.RaftServerConfigKeys (ConfUtils.java:logGet(43)) - raft.server.log.segment.size.max = 1048576 (custom)
2019-09-26 15:13:30,873 [pool-27-thread-1] INFO  server.RaftServerConfigKeys (ConfUtils.java:logGet(43)) - raft.server.log.segment.cache.num.max = 2 (custom)
2019-09-26 15:13:30,873 [pool-27-thread-1] INFO  segmented.SegmentedRaftLogWorker (SegmentedRaftLogWorker.java:<init>(172)) - new b3e939fd-eb36-468b-9efe-5d0a1fdaa172@group-33913256AF98-SegmentedRaftLogWorker for RaftStorage:Storage Directory /workdir/hadoop-ozone/integration-test/target/test-dir/MiniOzoneClusterImpl-7e2f4b2f-6763-4a45-9ec4-264c2cef7c61/datanode-0/data/ratis/97eae366-731b-479d-9eb1-33913256af98
2019-09-26 15:13:30,873 [pool-27-thread-1] INFO  server.RaftServerConfigKeys (ConfUtils.java:logGet(43)) - raft.server.log.queue.byte-limit = 2147483647 (custom)
2019-09-26 15:13:30,873 [pool-27-thread-1] INFO  server.RaftServerConfigKeys (ConfUtils.java:logGet(43)) - raft.server.log.queue.element-limit = 1024 (custom)
2019-09-26 15:13:30,873 [pool-27-thread-1] INFO  server.RaftServerConfigKeys (ConfUtils.java:logGet(43)) - raft.server.log.segment.size.max = 1048576 (custom)
2019-09-26 15:13:30,873 [pool-27-thread-1] INFO  server.RaftServerConfigKeys (ConfUtils.java:logGet(43)) - raft.server.log.preallocated.size = 16384 (custom)
2019-09-26 15:13:30,874 [pool-27-thread-1] INFO  server.RaftServerConfigKeys (ConfUtils.java:logGet(43)) - raft.server.log.write.buffer.size = 33554432 (custom)
2019-09-26 15:13:30,874 [pool-27-thread-1] INFO  server.RaftServerConfigKeys (ConfUtils.java:logGet(43)) - raft.server.log.force.sync.num = 128 (default)
2019-09-26 15:13:30,874 [pool-27-thread-1] INFO  server.RaftServerConfigKeys (ConfUtils.java:logGet(43)) - raft.server.log.statemachine.data.sync = true (default)
2019-09-26 15:13:30,874 [pool-27-thread-1] INFO  server.RaftServerConfigKeys (ConfUtils.java:logGet(43)) - raft.server.log.statemachine.data.sync.timeout = 10s (default)
2019-09-26 15:13:30,874 [pool-27-thread-1] INFO  server.RaftServerConfigKeys (ConfUtils.java:logGet(43)) - raft.server.log.statemachine.data.sync.timeout.retry = -1 (default)
2019-09-26 15:13:30,874 [pool-27-thread-1] INFO  server.RaftServerConfigKeys (ConfUtils.java:logGet(43)) - raft.server.log.statemachine.data.caching.enabled = true (custom)
2019-09-26 15:13:30,874 [pool-27-thread-1] INFO  segmented.SegmentedRaftLogWorker (SegmentedRaftLogWorker.java:lambda$new$0(132)) - b3e939fd-eb36-468b-9efe-5d0a1fdaa172@group-33913256AF98-SegmentedRaftLogWorker: flushIndex: setUnconditionally 0 -> -1
2019-09-26 15:13:30,875 [pool-27-thread-1] INFO  server.RaftServerConfigKeys (ConfUtils.java:logGet(43)) - raft.server.snapshot.auto.trigger.enabled = true (custom)
2019-09-26 15:13:30,875 [pool-27-thread-1] INFO  server.RaftServerConfigKeys (ConfUtils.java:logGet(43)) - raft.server.snapshot.auto.trigger.threshold = 10000 (custom)
2019-09-26 15:13:30,875 [pool-27-thread-1] INFO  server.RaftServerConfigKeys (ConfUtils.java:logGet(43)) - raft.server.snapshot.retention.num.files = 5 (custom)
2019-09-26 15:13:30,875 [pool-27-thread-1] INFO  server.RaftServerConfigKeys (ConfUtils.java:logGet(43)) - raft.server.retrycache.expirytime = 600000ms (custom)
2019-09-26 15:13:30,876 [pool-27-thread-1] INFO  impl.RaftServerImpl (RaftServerImpl.java:start(185)) - b3e939fd-eb36-468b-9efe-5d0a1fdaa172@group-33913256AF98: start as a follower, conf=-1: [b3e939fd-eb36-468b-9efe-5d0a1fdaa172:192.168.151.99:45433], old=null
2019-09-26 15:13:30,876 [pool-27-thread-1] INFO  impl.RaftServerImpl (RaftServerImpl.java:setRole(174)) - b3e939fd-eb36-468b-9efe-5d0a1fdaa172@group-33913256AF98: changes role from      null to FOLLOWER at term 0 for startAsFollower
2019-09-26 15:13:30,876 [pool-27-thread-1] INFO  impl.RoleInfo (RoleInfo.java:updateAndGet(143)) - b3e939fd-eb36-468b-9efe-5d0a1fdaa172: start FollowerState
2019-09-26 15:13:30,876 [pool-27-thread-1] INFO  util.JmxRegister (JmxRegister.java:tryRegister(44)) - Successfully registered JMX Bean with object name Ratis:service=RaftServer,group=group-33913256AF98,id=b3e939fd-eb36-468b-9efe-5d0a1fdaa172
2019-09-26 15:13:30,878 [RatisPipelineUtilsThread] INFO  pipeline.PipelineStateManager (PipelineStateManager.java:addPipeline(56)) - Created pipeline Pipeline[ Id: 97eae366-731b-479d-9eb1-33913256af98, Nodes: b3e939fd-eb36-468b-9efe-5d0a1fdaa172{ip: 192.168.151.99, host: pr-hdds-1569-g6sp5-2013761785, networkLocation: /default-rack, certSerialId: null}, Type:RATIS, Factor:ONE, State:OPEN]
2019-09-26 15:13:30,881 [grpc-default-executor-0] INFO  impl.RaftServerProxy (RaftServerProxy.java:addNew(89)) - b3e939fd-eb36-468b-9efe-5d0a1fdaa172: addNew group-DEE462ADEC0E:[b3e939fd-eb36-468b-9efe-5d0a1fdaa172:192.168.151.99:45433] returns group-DEE462ADEC0E:java.util.concurrent.CompletableFuture@4343aee0[Not completed]
2019-09-26 15:13:30,881 [pool-27-thread-1] INFO  impl.RaftServerImpl (RaftServerImpl.java:<init>(95)) - b3e939fd-eb36-468b-9efe-5d0a1fdaa172: new RaftServerImpl for group-DEE462ADEC0E:[b3e939fd-eb36-468b-9efe-5d0a1fdaa172:192.168.151.99:45433] with ContainerStateMachine:uninitialized
2019-09-26 15:13:30,882 [pool-27-thread-1] INFO  server.RaftServerConfigKeys (ConfUtils.java:logGet(43)) - raft.server.rpc.timeout.min = 5s (custom)
2019-09-26 15:13:30,882 [pool-27-thread-1] INFO  server.RaftServerConfigKeys (ConfUtils.java:logGet(43)) - raft.server.rpc.timeout.max = 5200ms (custom)
2019-09-26 15:13:30,882 [pool-27-thread-1] INFO  server.RaftServerConfigKeys (ConfUtils.java:logGet(43)) - raft.server.rpcslowness.timeout = 120s (custom)
2019-09-26 15:13:30,882 [pool-27-thread-1] INFO  server.RaftServerConfigKeys (ConfUtils.java:logGet(43)) - raft.server.sleep.deviation.threshold = 300 (default)
2019-09-26 15:13:30,882 [pool-27-thread-1] INFO  server.RaftServerConfigKeys (ConfUtils.java:logGet(43)) - raft.server.log.appender.install.snapshot.enabled = false (custom)
2019-09-26 15:13:30,882 [pool-27-thread-1] INFO  impl.RaftServerImpl (ServerState.java:<init>(103)) - b3e939fd-eb36-468b-9efe-5d0a1fdaa172@group-DEE462ADEC0E: ConfigurationManager, init=-1: [b3e939fd-eb36-468b-9efe-5d0a1fdaa172:192.168.151.99:45433], old=null, confs=<EMPTY_MAP>
2019-09-26 15:13:30,882 [pool-27-thread-1] INFO  server.RaftServerConfigKeys (ConfUtils.java:logGet(43)) - raft.server.storage.dir = [/workdir/hadoop-ozone/integration-test/target/test-dir/MiniOzoneClusterImpl-7e2f4b2f-6763-4a45-9ec4-264c2cef7c61/datanode-0/data/ratis] (custom)
2019-09-26 15:13:30,883 [pool-27-thread-1] INFO  storage.RaftStorageDirectory (RaftStorageDirectory.java:analyzeStorage(246)) - The storage directory /workdir/hadoop-ozone/integration-test/target/test-dir/MiniOzoneClusterImpl-7e2f4b2f-6763-4a45-9ec4-264c2cef7c61/datanode-0/data/ratis/c55b26c6-89bd-4de1-bcdc-dee462adec0e does not exist. Creating ...
2019-09-26 15:13:30,896 [pool-27-thread-1] INFO  storage.RaftStorageDirectory (RaftStorageDirectory.java:tryLock(328)) - Lock on /workdir/hadoop-ozone/integration-test/target/test-dir/MiniOzoneClusterImpl-7e2f4b2f-6763-4a45-9ec4-264c2cef7c61/datanode-0/data/ratis/c55b26c6-89bd-4de1-bcdc-dee462adec0e/in_use.lock acquired by nodename 11803@pr-hdds-1569-g6sp5-2013761785
2019-09-26 15:13:30,908 [pool-27-thread-1] INFO  storage.RaftStorage (RaftStorage.java:format(72)) - Storage directory /workdir/hadoop-ozone/integration-test/target/test-dir/MiniOzoneClusterImpl-7e2f4b2f-6763-4a45-9ec4-264c2cef7c61/datanode-0/data/ratis/c55b26c6-89bd-4de1-bcdc-dee462adec0e has been successfully formatted.
2019-09-26 15:13:30,909 [pool-27-thread-1] INFO  ratis.ContainerStateMachine (ContainerStateMachine.java:loadSnapshot(230)) - group-DEE462ADEC0E: The snapshot info is null. Setting the last applied indexto:(t:0, i:~)
2019-09-26 15:13:30,909 [pool-27-thread-1] INFO  server.RaftServerConfigKeys (ConfUtils.java:logGet(43)) - raft.server.notification.no-leader.timeout = 120s (custom)
2019-09-26 15:13:30,909 [pool-27-thread-1] INFO  server.RaftServerConfigKeys (ConfUtils.java:logGet(43)) - raft.server.log.use.memory = false (default)
2019-09-26 15:13:30,909 [pool-27-thread-1] INFO  server.RaftServerConfigKeys (ConfUtils.java:logGet(43)) - raft.server.log.purge.gap = 1000000 (custom)
2019-09-26 15:13:30,909 [pool-27-thread-1] INFO  server.RaftServerConfigKeys (ConfUtils.java:logGet(43)) - raft.server.log.appender.buffer.byte-limit = 33554432 (custom)
2019-09-26 15:13:30,909 [pool-27-thread-1] INFO  server.RaftServerConfigKeys (ConfUtils.java:logGet(43)) - raft.server.log.segment.size.max = 1048576 (custom)
2019-09-26 15:13:30,909 [pool-27-thread-1] INFO  server.RaftServerConfigKeys (ConfUtils.java:logGet(43)) - raft.server.log.segment.cache.num.max = 2 (custom)
2019-09-26 15:13:30,910 [pool-27-thread-1] INFO  segmented.SegmentedRaftLogWorker (SegmentedRaftLogWorker.java:<init>(172)) - new b3e939fd-eb36-468b-9efe-5d0a1fdaa172@group-DEE462ADEC0E-SegmentedRaftLogWorker for RaftStorage:Storage Directory /workdir/hadoop-ozone/integration-test/target/test-dir/MiniOzoneClusterImpl-7e2f4b2f-6763-4a45-9ec4-264c2cef7c61/datanode-0/data/ratis/c55b26c6-89bd-4de1-bcdc-dee462adec0e
2019-09-26 15:13:30,910 [pool-27-thread-1] INFO  server.RaftServerConfigKeys (ConfUtils.java:logGet(43)) - raft.server.log.queue.byte-limit = 2147483647 (custom)
2019-09-26 15:13:30,910 [pool-27-thread-1] INFO  server.RaftServerConfigKeys (ConfUtils.java:logGet(43)) - raft.server.log.queue.element-limit = 1024 (custom)
2019-09-26 15:13:30,910 [pool-27-thread-1] INFO  server.RaftServerConfigKeys (ConfUtils.java:logGet(43)) - raft.server.log.segment.size.max = 1048576 (custom)
2019-09-26 15:13:30,910 [pool-27-thread-1] INFO  server.RaftServerConfigKeys (ConfUtils.java:logGet(43)) - raft.server.log.preallocated.size = 16384 (custom)
2019-09-26 15:13:30,910 [pool-27-thread-1] INFO  server.RaftServerConfigKeys (ConfUtils.java:logGet(43)) - raft.server.log.write.buffer.size = 33554432 (custom)
2019-09-26 15:13:30,910 [pool-27-thread-1] INFO  server.RaftServerConfigKeys (ConfUtils.java:logGet(43)) - raft.server.log.force.sync.num = 128 (default)
2019-09-26 15:13:30,910 [pool-27-thread-1] INFO  server.RaftServerConfigKeys (ConfUtils.java:logGet(43)) - raft.server.log.statemachine.data.sync = true (default)
2019-09-26 15:13:30,910 [pool-27-thread-1] INFO  server.RaftServerConfigKeys (ConfUtils.java:logGet(43)) - raft.server.log.statemachine.data.sync.timeout = 10s (default)
2019-09-26 15:13:30,910 [pool-27-thread-1] INFO  server.RaftServerConfigKeys (ConfUtils.java:logGet(43)) - raft.server.log.statemachine.data.sync.timeout.retry = -1 (default)
2019-09-26 15:13:30,910 [pool-27-thread-1] INFO  server.RaftServerConfigKeys (ConfUtils.java:logGet(43)) - raft.server.log.statemachine.data.caching.enabled = true (custom)
2019-09-26 15:13:30,911 [pool-27-thread-1] INFO  segmented.SegmentedRaftLogWorker (SegmentedRaftLogWorker.java:lambda$new$0(132)) - b3e939fd-eb36-468b-9efe-5d0a1fdaa172@group-DEE462ADEC0E-SegmentedRaftLogWorker: flushIndex: setUnconditionally 0 -> -1
2019-09-26 15:13:30,911 [pool-27-thread-1] INFO  server.RaftServerConfigKeys (ConfUtils.java:logGet(43)) - raft.server.snapshot.auto.trigger.enabled = true (custom)
2019-09-26 15:13:30,911 [pool-27-thread-1] INFO  server.RaftServerConfigKeys (ConfUtils.java:logGet(43)) - raft.server.snapshot.auto.trigger.threshold = 10000 (custom)
2019-09-26 15:13:30,911 [pool-27-thread-1] INFO  server.RaftServerConfigKeys (ConfUtils.java:logGet(43)) - raft.server.snapshot.retention.num.files = 5 (custom)
2019-09-26 15:13:30,911 [pool-27-thread-1] INFO  server.RaftServerConfigKeys (ConfUtils.java:logGet(43)) - raft.server.retrycache.expirytime = 600000ms (custom)
2019-09-26 15:13:30,912 [pool-27-thread-1] INFO  impl.RaftServerImpl (RaftServerImpl.java:start(185)) - b3e939fd-eb36-468b-9efe-5d0a1fdaa172@group-DEE462ADEC0E: start as a follower, conf=-1: [b3e939fd-eb36-468b-9efe-5d0a1fdaa172:192.168.151.99:45433], old=null
2019-09-26 15:13:30,912 [pool-27-thread-1] INFO  impl.RaftServerImpl (RaftServerImpl.java:setRole(174)) - b3e939fd-eb36-468b-9efe-5d0a1fdaa172@group-DEE462ADEC0E: changes role from      null to FOLLOWER at term 0 for startAsFollower
2019-09-26 15:13:30,912 [pool-27-thread-1] INFO  impl.RoleInfo (RoleInfo.java:updateAndGet(143)) - b3e939fd-eb36-468b-9efe-5d0a1fdaa172: start FollowerState
2019-09-26 15:13:30,913 [pool-27-thread-1] INFO  util.JmxRegister (JmxRegister.java:tryRegister(44)) - Successfully registered JMX Bean with object name Ratis:service=RaftServer,group=group-DEE462ADEC0E,id=b3e939fd-eb36-468b-9efe-5d0a1fdaa172
2019-09-26 15:13:30,915 [RatisPipelineUtilsThread] INFO  pipeline.PipelineStateManager (PipelineStateManager.java:addPipeline(56)) - Created pipeline Pipeline[ Id: c55b26c6-89bd-4de1-bcdc-dee462adec0e, Nodes: b3e939fd-eb36-468b-9efe-5d0a1fdaa172{ip: 192.168.151.99, host: pr-hdds-1569-g6sp5-2013761785, networkLocation: /default-rack, certSerialId: null}, Type:RATIS, Factor:ONE, State:OPEN]
2019-09-26 15:13:30,918 [grpc-default-executor-0] INFO  impl.RaftServerProxy (RaftServerProxy.java:addNew(89)) - b3e939fd-eb36-468b-9efe-5d0a1fdaa172: addNew group-7ED9DECB8A6B:[b3e939fd-eb36-468b-9efe-5d0a1fdaa172:192.168.151.99:45433] returns group-7ED9DECB8A6B:java.util.concurrent.CompletableFuture@615b2377[Not completed]
2019-09-26 15:13:30,919 [pool-27-thread-1] INFO  impl.RaftServerImpl (RaftServerImpl.java:<init>(95)) - b3e939fd-eb36-468b-9efe-5d0a1fdaa172: new RaftServerImpl for group-7ED9DECB8A6B:[b3e939fd-eb36-468b-9efe-5d0a1fdaa172:192.168.151.99:45433] with ContainerStateMachine:uninitialized
2019-09-26 15:13:30,919 [pool-27-thread-1] INFO  server.RaftServerConfigKeys (ConfUtils.java:logGet(43)) - raft.server.rpc.timeout.min = 5s (custom)
2019-09-26 15:13:30,919 [pool-27-thread-1] INFO  server.RaftServerConfigKeys (ConfUtils.java:logGet(43)) - raft.server.rpc.timeout.max = 5200ms (custom)
2019-09-26 15:13:30,919 [pool-27-thread-1] INFO  server.RaftServerConfigKeys (ConfUtils.java:logGet(43)) - raft.server.rpcslowness.timeout = 120s (custom)
2019-09-26 15:13:30,919 [pool-27-thread-1] INFO  server.RaftServerConfigKeys (ConfUtils.java:logGet(43)) - raft.server.sleep.deviation.threshold = 300 (default)
2019-09-26 15:13:30,920 [pool-27-thread-1] INFO  server.RaftServerConfigKeys (ConfUtils.java:logGet(43)) - raft.server.log.appender.install.snapshot.enabled = false (custom)
2019-09-26 15:13:30,920 [pool-27-thread-1] INFO  impl.RaftServerImpl (ServerState.java:<init>(103)) - b3e939fd-eb36-468b-9efe-5d0a1fdaa172@group-7ED9DECB8A6B: ConfigurationManager, init=-1: [b3e939fd-eb36-468b-9efe-5d0a1fdaa172:192.168.151.99:45433], old=null, confs=<EMPTY_MAP>
2019-09-26 15:13:30,920 [pool-27-thread-1] INFO  server.RaftServerConfigKeys (ConfUtils.java:logGet(43)) - raft.server.storage.dir = [/workdir/hadoop-ozone/integration-test/target/test-dir/MiniOzoneClusterImpl-7e2f4b2f-6763-4a45-9ec4-264c2cef7c61/datanode-0/data/ratis] (custom)
2019-09-26 15:13:30,921 [pool-27-thread-1] INFO  storage.RaftStorageDirectory (RaftStorageDirectory.java:analyzeStorage(246)) - The storage directory /workdir/hadoop-ozone/integration-test/target/test-dir/MiniOzoneClusterImpl-7e2f4b2f-6763-4a45-9ec4-264c2cef7c61/datanode-0/data/ratis/bf6d7b8b-9f3e-46d8-85d3-7ed9decb8a6b does not exist. Creating ...
2019-09-26 15:13:30,936 [pool-27-thread-1] INFO  storage.RaftStorageDirectory (RaftStorageDirectory.java:tryLock(328)) - Lock on /workdir/hadoop-ozone/integration-test/target/test-dir/MiniOzoneClusterImpl-7e2f4b2f-6763-4a45-9ec4-264c2cef7c61/datanode-0/data/ratis/bf6d7b8b-9f3e-46d8-85d3-7ed9decb8a6b/in_use.lock acquired by nodename 11803@pr-hdds-1569-g6sp5-2013761785
2019-09-26 15:13:30,949 [pool-27-thread-1] INFO  storage.RaftStorage (RaftStorage.java:format(72)) - Storage directory /workdir/hadoop-ozone/integration-test/target/test-dir/MiniOzoneClusterImpl-7e2f4b2f-6763-4a45-9ec4-264c2cef7c61/datanode-0/data/ratis/bf6d7b8b-9f3e-46d8-85d3-7ed9decb8a6b has been successfully formatted.
2019-09-26 15:13:30,950 [pool-27-thread-1] INFO  ratis.ContainerStateMachine (ContainerStateMachine.java:loadSnapshot(230)) - group-7ED9DECB8A6B: The snapshot info is null. Setting the last applied indexto:(t:0, i:~)
2019-09-26 15:13:30,950 [pool-27-thread-1] INFO  server.RaftServerConfigKeys (ConfUtils.java:logGet(43)) - raft.server.notification.no-leader.timeout = 120s (custom)
2019-09-26 15:13:30,950 [pool-27-thread-1] INFO  server.RaftServerConfigKeys (ConfUtils.java:logGet(43)) - raft.server.log.use.memory = false (default)
2019-09-26 15:13:30,950 [pool-27-thread-1] INFO  server.RaftServerConfigKeys (ConfUtils.java:logGet(43)) - raft.server.log.purge.gap = 1000000 (custom)
2019-09-26 15:13:30,950 [pool-27-thread-1] INFO  server.RaftServerConfigKeys (ConfUtils.java:logGet(43)) - raft.server.log.appender.buffer.byte-limit = 33554432 (custom)
2019-09-26 15:13:30,950 [pool-27-thread-1] INFO  server.RaftServerConfigKeys (ConfUtils.java:logGet(43)) - raft.server.log.segment.size.max = 1048576 (custom)
2019-09-26 15:13:30,950 [pool-27-thread-1] INFO  server.RaftServerConfigKeys (ConfUtils.java:logGet(43)) - raft.server.log.segment.cache.num.max = 2 (custom)
2019-09-26 15:13:30,951 [pool-27-thread-1] INFO  segmented.SegmentedRaftLogWorker (SegmentedRaftLogWorker.java:<init>(172)) - new b3e939fd-eb36-468b-9efe-5d0a1fdaa172@group-7ED9DECB8A6B-SegmentedRaftLogWorker for RaftStorage:Storage Directory /workdir/hadoop-ozone/integration-test/target/test-dir/MiniOzoneClusterImpl-7e2f4b2f-6763-4a45-9ec4-264c2cef7c61/datanode-0/data/ratis/bf6d7b8b-9f3e-46d8-85d3-7ed9decb8a6b
2019-09-26 15:13:30,951 [pool-27-thread-1] INFO  server.RaftServerConfigKeys (ConfUtils.java:logGet(43)) - raft.server.log.queue.byte-limit = 2147483647 (custom)
2019-09-26 15:13:30,951 [pool-27-thread-1] INFO  server.RaftServerConfigKeys (ConfUtils.java:logGet(43)) - raft.server.log.queue.element-limit = 1024 (custom)
2019-09-26 15:13:30,951 [pool-27-thread-1] INFO  server.RaftServerConfigKeys (ConfUtils.java:logGet(43)) - raft.server.log.segment.size.max = 1048576 (custom)
2019-09-26 15:13:30,951 [pool-27-thread-1] INFO  server.RaftServerConfigKeys (ConfUtils.java:logGet(43)) - raft.server.log.preallocated.size = 16384 (custom)
2019-09-26 15:13:30,951 [pool-27-thread-1] INFO  server.RaftServerConfigKeys (ConfUtils.java:logGet(43)) - raft.server.log.write.buffer.size = 33554432 (custom)
2019-09-26 15:13:30,951 [pool-27-thread-1] INFO  server.RaftServerConfigKeys (ConfUtils.java:logGet(43)) - raft.server.log.force.sync.num = 128 (default)
2019-09-26 15:13:30,951 [pool-27-thread-1] INFO  server.RaftServerConfigKeys (ConfUtils.java:logGet(43)) - raft.server.log.statemachine.data.sync = true (default)
2019-09-26 15:13:30,951 [pool-27-thread-1] INFO  server.RaftServerConfigKeys (ConfUtils.java:logGet(43)) - raft.server.log.statemachine.data.sync.timeout = 10s (default)
2019-09-26 15:13:30,952 [pool-27-thread-1] INFO  server.RaftServerConfigKeys (ConfUtils.java:logGet(43)) - raft.server.log.statemachine.data.sync.timeout.retry = -1 (default)
2019-09-26 15:13:30,952 [pool-27-thread-1] INFO  server.RaftServerConfigKeys (ConfUtils.java:logGet(43)) - raft.server.log.statemachine.data.caching.enabled = true (custom)
2019-09-26 15:13:30,952 [pool-27-thread-1] INFO  segmented.SegmentedRaftLogWorker (SegmentedRaftLogWorker.java:lambda$new$0(132)) - b3e939fd-eb36-468b-9efe-5d0a1fdaa172@group-7ED9DECB8A6B-SegmentedRaftLogWorker: flushIndex: setUnconditionally 0 -> -1
2019-09-26 15:13:30,952 [pool-27-thread-1] INFO  server.RaftServerConfigKeys (ConfUtils.java:logGet(43)) - raft.server.snapshot.auto.trigger.enabled = true (custom)
2019-09-26 15:13:30,952 [pool-27-thread-1] INFO  server.RaftServerConfigKeys (ConfUtils.java:logGet(43)) - raft.server.snapshot.auto.trigger.threshold = 10000 (custom)
2019-09-26 15:13:30,952 [pool-27-thread-1] INFO  server.RaftServerConfigKeys (ConfUtils.java:logGet(43)) - raft.server.snapshot.retention.num.files = 5 (custom)
2019-09-26 15:13:30,952 [pool-27-thread-1] INFO  server.RaftServerConfigKeys (ConfUtils.java:logGet(43)) - raft.server.retrycache.expirytime = 600000ms (custom)
2019-09-26 15:13:30,954 [pool-27-thread-1] INFO  impl.RaftServerImpl (RaftServerImpl.java:start(185)) - b3e939fd-eb36-468b-9efe-5d0a1fdaa172@group-7ED9DECB8A6B: start as a follower, conf=-1: [b3e939fd-eb36-468b-9efe-5d0a1fdaa172:192.168.151.99:45433], old=null
2019-09-26 15:13:30,954 [pool-27-thread-1] INFO  impl.RaftServerImpl (RaftServerImpl.java:setRole(174)) - b3e939fd-eb36-468b-9efe-5d0a1fdaa172@group-7ED9DECB8A6B: changes role from      null to FOLLOWER at term 0 for startAsFollower
2019-09-26 15:13:30,954 [pool-27-thread-1] INFO  impl.RoleInfo (RoleInfo.java:updateAndGet(143)) - b3e939fd-eb36-468b-9efe-5d0a1fdaa172: start FollowerState
2019-09-26 15:13:30,954 [pool-27-thread-1] INFO  util.JmxRegister (JmxRegister.java:tryRegister(44)) - Successfully registered JMX Bean with object name Ratis:service=RaftServer,group=group-7ED9DECB8A6B,id=b3e939fd-eb36-468b-9efe-5d0a1fdaa172
2019-09-26 15:13:30,956 [RatisPipelineUtilsThread] INFO  pipeline.PipelineStateManager (PipelineStateManager.java:addPipeline(56)) - Created pipeline Pipeline[ Id: bf6d7b8b-9f3e-46d8-85d3-7ed9decb8a6b, Nodes: b3e939fd-eb36-468b-9efe-5d0a1fdaa172{ip: 192.168.151.99, host: pr-hdds-1569-g6sp5-2013761785, networkLocation: /default-rack, certSerialId: null}, Type:RATIS, Factor:ONE, State:OPEN]
2019-09-26 15:13:30,959 [grpc-default-executor-0] INFO  impl.RaftServerProxy (RaftServerProxy.java:addNew(89)) - b3e939fd-eb36-468b-9efe-5d0a1fdaa172: addNew group-82F2C342C520:[b3e939fd-eb36-468b-9efe-5d0a1fdaa172:192.168.151.99:45433] returns group-82F2C342C520:java.util.concurrent.CompletableFuture@7933b350[Not completed]
2019-09-26 15:13:30,959 [pool-27-thread-1] INFO  impl.RaftServerImpl (RaftServerImpl.java:<init>(95)) - b3e939fd-eb36-468b-9efe-5d0a1fdaa172: new RaftServerImpl for group-82F2C342C520:[b3e939fd-eb36-468b-9efe-5d0a1fdaa172:192.168.151.99:45433] with ContainerStateMachine:uninitialized
2019-09-26 15:13:30,959 [pool-27-thread-1] INFO  server.RaftServerConfigKeys (ConfUtils.java:logGet(43)) - raft.server.rpc.timeout.min = 5s (custom)
2019-09-26 15:13:30,959 [pool-27-thread-1] INFO  server.RaftServerConfigKeys (ConfUtils.java:logGet(43)) - raft.server.rpc.timeout.max = 5200ms (custom)
2019-09-26 15:13:30,959 [pool-27-thread-1] INFO  server.RaftServerConfigKeys (ConfUtils.java:logGet(43)) - raft.server.rpcslowness.timeout = 120s (custom)
2019-09-26 15:13:30,959 [pool-27-thread-1] INFO  server.RaftServerConfigKeys (ConfUtils.java:logGet(43)) - raft.server.sleep.deviation.threshold = 300 (default)
2019-09-26 15:13:30,959 [pool-27-thread-1] INFO  server.RaftServerConfigKeys (ConfUtils.java:logGet(43)) - raft.server.log.appender.install.snapshot.enabled = false (custom)
2019-09-26 15:13:30,960 [pool-27-thread-1] INFO  impl.RaftServerImpl (ServerState.java:<init>(103)) - b3e939fd-eb36-468b-9efe-5d0a1fdaa172@group-82F2C342C520: ConfigurationManager, init=-1: [b3e939fd-eb36-468b-9efe-5d0a1fdaa172:192.168.151.99:45433], old=null, confs=<EMPTY_MAP>
2019-09-26 15:13:30,960 [pool-27-thread-1] INFO  server.RaftServerConfigKeys (ConfUtils.java:logGet(43)) - raft.server.storage.dir = [/workdir/hadoop-ozone/integration-test/target/test-dir/MiniOzoneClusterImpl-7e2f4b2f-6763-4a45-9ec4-264c2cef7c61/datanode-0/data/ratis] (custom)
2019-09-26 15:13:30,961 [pool-27-thread-1] INFO  storage.RaftStorageDirectory (RaftStorageDirectory.java:analyzeStorage(246)) - The storage directory /workdir/hadoop-ozone/integration-test/target/test-dir/MiniOzoneClusterImpl-7e2f4b2f-6763-4a45-9ec4-264c2cef7c61/datanode-0/data/ratis/8cccda97-b034-4f81-b2e7-82f2c342c520 does not exist. Creating ...
2019-09-26 15:13:30,973 [pool-27-thread-1] INFO  storage.RaftStorageDirectory (RaftStorageDirectory.java:tryLock(328)) - Lock on /workdir/hadoop-ozone/integration-test/target/test-dir/MiniOzoneClusterImpl-7e2f4b2f-6763-4a45-9ec4-264c2cef7c61/datanode-0/data/ratis/8cccda97-b034-4f81-b2e7-82f2c342c520/in_use.lock acquired by nodename 11803@pr-hdds-1569-g6sp5-2013761785
2019-09-26 15:13:30,986 [pool-27-thread-1] INFO  storage.RaftStorage (RaftStorage.java:format(72)) - Storage directory /workdir/hadoop-ozone/integration-test/target/test-dir/MiniOzoneClusterImpl-7e2f4b2f-6763-4a45-9ec4-264c2cef7c61/datanode-0/data/ratis/8cccda97-b034-4f81-b2e7-82f2c342c520 has been successfully formatted.
2019-09-26 15:13:30,986 [pool-27-thread-1] INFO  ratis.ContainerStateMachine (ContainerStateMachine.java:loadSnapshot(230)) - group-82F2C342C520: The snapshot info is null. Setting the last applied indexto:(t:0, i:~)
2019-09-26 15:13:30,986 [pool-27-thread-1] INFO  server.RaftServerConfigKeys (ConfUtils.java:logGet(43)) - raft.server.notification.no-leader.timeout = 120s (custom)
2019-09-26 15:13:30,986 [pool-27-thread-1] INFO  server.RaftServerConfigKeys (ConfUtils.java:logGet(43)) - raft.server.log.use.memory = false (default)
2019-09-26 15:13:30,986 [pool-27-thread-1] INFO  server.RaftServerConfigKeys (ConfUtils.java:logGet(43)) - raft.server.log.purge.gap = 1000000 (custom)
2019-09-26 15:13:30,986 [pool-27-thread-1] INFO  server.RaftServerConfigKeys (ConfUtils.java:logGet(43)) - raft.server.log.appender.buffer.byte-limit = 33554432 (custom)
2019-09-26 15:13:30,987 [pool-27-thread-1] INFO  server.RaftServerConfigKeys (ConfUtils.java:logGet(43)) - raft.server.log.segment.size.max = 1048576 (custom)
2019-09-26 15:13:30,987 [pool-27-thread-1] INFO  server.RaftServerConfigKeys (ConfUtils.java:logGet(43)) - raft.server.log.segment.cache.num.max = 2 (custom)
2019-09-26 15:13:30,987 [pool-27-thread-1] INFO  segmented.SegmentedRaftLogWorker (SegmentedRaftLogWorker.java:<init>(172)) - new b3e939fd-eb36-468b-9efe-5d0a1fdaa172@group-82F2C342C520-SegmentedRaftLogWorker for RaftStorage:Storage Directory /workdir/hadoop-ozone/integration-test/target/test-dir/MiniOzoneClusterImpl-7e2f4b2f-6763-4a45-9ec4-264c2cef7c61/datanode-0/data/ratis/8cccda97-b034-4f81-b2e7-82f2c342c520
2019-09-26 15:13:30,987 [pool-27-thread-1] INFO  server.RaftServerConfigKeys (ConfUtils.java:logGet(43)) - raft.server.log.queue.byte-limit = 2147483647 (custom)
2019-09-26 15:13:30,987 [pool-27-thread-1] INFO  server.RaftServerConfigKeys (ConfUtils.java:logGet(43)) - raft.server.log.queue.element-limit = 1024 (custom)
2019-09-26 15:13:30,987 [pool-27-thread-1] INFO  server.RaftServerConfigKeys (ConfUtils.java:logGet(43)) - raft.server.log.segment.size.max = 1048576 (custom)
2019-09-26 15:13:30,987 [pool-27-thread-1] INFO  server.RaftServerConfigKeys (ConfUtils.java:logGet(43)) - raft.server.log.preallocated.size = 16384 (custom)
2019-09-26 15:13:30,987 [pool-27-thread-1] INFO  server.RaftServerConfigKeys (ConfUtils.java:logGet(43)) - raft.server.log.write.buffer.size = 33554432 (custom)
2019-09-26 15:13:30,987 [pool-27-thread-1] INFO  server.RaftServerConfigKeys (ConfUtils.java:logGet(43)) - raft.server.log.force.sync.num = 128 (default)
2019-09-26 15:13:30,987 [pool-27-thread-1] INFO  server.RaftServerConfigKeys (ConfUtils.java:logGet(43)) - raft.server.log.statemachine.data.sync = true (default)
2019-09-26 15:13:30,987 [pool-27-thread-1] INFO  server.RaftServerConfigKeys (ConfUtils.java:logGet(43)) - raft.server.log.statemachine.data.sync.timeout = 10s (default)
2019-09-26 15:13:30,987 [pool-27-thread-1] INFO  server.RaftServerConfigKeys (ConfUtils.java:logGet(43)) - raft.server.log.statemachine.data.sync.timeout.retry = -1 (default)
2019-09-26 15:13:30,987 [pool-27-thread-1] INFO  server.RaftServerConfigKeys (ConfUtils.java:logGet(43)) - raft.server.log.statemachine.data.caching.enabled = true (custom)
2019-09-26 15:13:30,988 [pool-27-thread-1] INFO  segmented.SegmentedRaftLogWorker (SegmentedRaftLogWorker.java:lambda$new$0(132)) - b3e939fd-eb36-468b-9efe-5d0a1fdaa172@group-82F2C342C520-SegmentedRaftLogWorker: flushIndex: setUnconditionally 0 -> -1
2019-09-26 15:13:30,988 [pool-27-thread-1] INFO  server.RaftServerConfigKeys (ConfUtils.java:logGet(43)) - raft.server.snapshot.auto.trigger.enabled = true (custom)
2019-09-26 15:13:30,988 [pool-27-thread-1] INFO  server.RaftServerConfigKeys (ConfUtils.java:logGet(43)) - raft.server.snapshot.auto.trigger.threshold = 10000 (custom)
2019-09-26 15:13:30,988 [pool-27-thread-1] INFO  server.RaftServerConfigKeys (ConfUtils.java:logGet(43)) - raft.server.snapshot.retention.num.files = 5 (custom)
2019-09-26 15:13:30,988 [pool-27-thread-1] INFO  server.RaftServerConfigKeys (ConfUtils.java:logGet(43)) - raft.server.retrycache.expirytime = 600000ms (custom)
2019-09-26 15:13:30,989 [pool-27-thread-1] INFO  impl.RaftServerImpl (RaftServerImpl.java:start(185)) - b3e939fd-eb36-468b-9efe-5d0a1fdaa172@group-82F2C342C520: start as a follower, conf=-1: [b3e939fd-eb36-468b-9efe-5d0a1fdaa172:192.168.151.99:45433], old=null
2019-09-26 15:13:30,989 [pool-27-thread-1] INFO  impl.RaftServerImpl (RaftServerImpl.java:setRole(174)) - b3e939fd-eb36-468b-9efe-5d0a1fdaa172@group-82F2C342C520: changes role from      null to FOLLOWER at term 0 for startAsFollower
2019-09-26 15:13:30,989 [pool-27-thread-1] INFO  impl.RoleInfo (RoleInfo.java:updateAndGet(143)) - b3e939fd-eb36-468b-9efe-5d0a1fdaa172: start FollowerState
2019-09-26 15:13:30,990 [pool-27-thread-1] INFO  util.JmxRegister (JmxRegister.java:tryRegister(44)) - Successfully registered JMX Bean with object name Ratis:service=RaftServer,group=group-82F2C342C520,id=b3e939fd-eb36-468b-9efe-5d0a1fdaa172
2019-09-26 15:13:30,991 [RatisPipelineUtilsThread] INFO  pipeline.PipelineStateManager (PipelineStateManager.java:addPipeline(56)) - Created pipeline Pipeline[ Id: 8cccda97-b034-4f81-b2e7-82f2c342c520, Nodes: b3e939fd-eb36-468b-9efe-5d0a1fdaa172{ip: 192.168.151.99, host: pr-hdds-1569-g6sp5-2013761785, networkLocation: /default-rack, certSerialId: null}, Type:RATIS, Factor:ONE, State:OPEN]
2019-09-26 15:13:30,994 [grpc-default-executor-0] INFO  impl.RaftServerProxy (RaftServerProxy.java:addNew(89)) - b3e939fd-eb36-468b-9efe-5d0a1fdaa172: addNew group-68CC56D33CDB:[b3e939fd-eb36-468b-9efe-5d0a1fdaa172:192.168.151.99:45433] returns group-68CC56D33CDB:java.util.concurrent.CompletableFuture@47de4fae[Not completed]
2019-09-26 15:13:30,995 [pool-27-thread-1] INFO  impl.RaftServerImpl (RaftServerImpl.java:<init>(95)) - b3e939fd-eb36-468b-9efe-5d0a1fdaa172: new RaftServerImpl for group-68CC56D33CDB:[b3e939fd-eb36-468b-9efe-5d0a1fdaa172:192.168.151.99:45433] with ContainerStateMachine:uninitialized
2019-09-26 15:13:30,995 [pool-27-thread-1] INFO  server.RaftServerConfigKeys (ConfUtils.java:logGet(43)) - raft.server.rpc.timeout.min = 5s (custom)
2019-09-26 15:13:30,995 [pool-27-thread-1] INFO  server.RaftServerConfigKeys (ConfUtils.java:logGet(43)) - raft.server.rpc.timeout.max = 5200ms (custom)
2019-09-26 15:13:30,995 [pool-27-thread-1] INFO  server.RaftServerConfigKeys (ConfUtils.java:logGet(43)) - raft.server.rpcslowness.timeout = 120s (custom)
2019-09-26 15:13:30,995 [pool-27-thread-1] INFO  server.RaftServerConfigKeys (ConfUtils.java:logGet(43)) - raft.server.sleep.deviation.threshold = 300 (default)
2019-09-26 15:13:30,995 [pool-27-thread-1] INFO  server.RaftServerConfigKeys (ConfUtils.java:logGet(43)) - raft.server.log.appender.install.snapshot.enabled = false (custom)
2019-09-26 15:13:30,995 [pool-27-thread-1] INFO  impl.RaftServerImpl (ServerState.java:<init>(103)) - b3e939fd-eb36-468b-9efe-5d0a1fdaa172@group-68CC56D33CDB: ConfigurationManager, init=-1: [b3e939fd-eb36-468b-9efe-5d0a1fdaa172:192.168.151.99:45433], old=null, confs=<EMPTY_MAP>
2019-09-26 15:13:30,995 [pool-27-thread-1] INFO  server.RaftServerConfigKeys (ConfUtils.java:logGet(43)) - raft.server.storage.dir = [/workdir/hadoop-ozone/integration-test/target/test-dir/MiniOzoneClusterImpl-7e2f4b2f-6763-4a45-9ec4-264c2cef7c61/datanode-0/data/ratis] (custom)
2019-09-26 15:13:30,996 [pool-27-thread-1] INFO  storage.RaftStorageDirectory (RaftStorageDirectory.java:analyzeStorage(246)) - The storage directory /workdir/hadoop-ozone/integration-test/target/test-dir/MiniOzoneClusterImpl-7e2f4b2f-6763-4a45-9ec4-264c2cef7c61/datanode-0/data/ratis/c0def892-b42b-4975-8978-68cc56d33cdb does not exist. Creating ...
2019-09-26 15:13:31,009 [pool-27-thread-1] INFO  storage.RaftStorageDirectory (RaftStorageDirectory.java:tryLock(328)) - Lock on /workdir/hadoop-ozone/integration-test/target/test-dir/MiniOzoneClusterImpl-7e2f4b2f-6763-4a45-9ec4-264c2cef7c61/datanode-0/data/ratis/c0def892-b42b-4975-8978-68cc56d33cdb/in_use.lock acquired by nodename 11803@pr-hdds-1569-g6sp5-2013761785
2019-09-26 15:13:31,022 [pool-27-thread-1] INFO  storage.RaftStorage (RaftStorage.java:format(72)) - Storage directory /workdir/hadoop-ozone/integration-test/target/test-dir/MiniOzoneClusterImpl-7e2f4b2f-6763-4a45-9ec4-264c2cef7c61/datanode-0/data/ratis/c0def892-b42b-4975-8978-68cc56d33cdb has been successfully formatted.
2019-09-26 15:13:31,022 [pool-27-thread-1] INFO  ratis.ContainerStateMachine (ContainerStateMachine.java:loadSnapshot(230)) - group-68CC56D33CDB: The snapshot info is null. Setting the last applied indexto:(t:0, i:~)
2019-09-26 15:13:31,022 [pool-27-thread-1] INFO  server.RaftServerConfigKeys (ConfUtils.java:logGet(43)) - raft.server.notification.no-leader.timeout = 120s (custom)
2019-09-26 15:13:31,022 [pool-27-thread-1] INFO  server.RaftServerConfigKeys (ConfUtils.java:logGet(43)) - raft.server.log.use.memory = false (default)
2019-09-26 15:13:31,022 [pool-27-thread-1] INFO  server.RaftServerConfigKeys (ConfUtils.java:logGet(43)) - raft.server.log.purge.gap = 1000000 (custom)
2019-09-26 15:13:31,023 [pool-27-thread-1] INFO  server.RaftServerConfigKeys (ConfUtils.java:logGet(43)) - raft.server.log.appender.buffer.byte-limit = 33554432 (custom)
2019-09-26 15:13:31,023 [pool-27-thread-1] INFO  server.RaftServerConfigKeys (ConfUtils.java:logGet(43)) - raft.server.log.segment.size.max = 1048576 (custom)
2019-09-26 15:13:31,023 [pool-27-thread-1] INFO  server.RaftServerConfigKeys (ConfUtils.java:logGet(43)) - raft.server.log.segment.cache.num.max = 2 (custom)
2019-09-26 15:13:31,023 [pool-27-thread-1] INFO  segmented.SegmentedRaftLogWorker (SegmentedRaftLogWorker.java:<init>(172)) - new b3e939fd-eb36-468b-9efe-5d0a1fdaa172@group-68CC56D33CDB-SegmentedRaftLogWorker for RaftStorage:Storage Directory /workdir/hadoop-ozone/integration-test/target/test-dir/MiniOzoneClusterImpl-7e2f4b2f-6763-4a45-9ec4-264c2cef7c61/datanode-0/data/ratis/c0def892-b42b-4975-8978-68cc56d33cdb
2019-09-26 15:13:31,023 [pool-27-thread-1] INFO  server.RaftServerConfigKeys (ConfUtils.java:logGet(43)) - raft.server.log.queue.byte-limit = 2147483647 (custom)
2019-09-26 15:13:31,023 [pool-27-thread-1] INFO  server.RaftServerConfigKeys (ConfUtils.java:logGet(43)) - raft.server.log.queue.element-limit = 1024 (custom)
2019-09-26 15:13:31,023 [pool-27-thread-1] INFO  server.RaftServerConfigKeys (ConfUtils.java:logGet(43)) - raft.server.log.segment.size.max = 1048576 (custom)
2019-09-26 15:13:31,023 [pool-27-thread-1] INFO  server.RaftServerConfigKeys (ConfUtils.java:logGet(43)) - raft.server.log.preallocated.size = 16384 (custom)
2019-09-26 15:13:31,023 [pool-27-thread-1] INFO  server.RaftServerConfigKeys (ConfUtils.java:logGet(43)) - raft.server.log.write.buffer.size = 33554432 (custom)
2019-09-26 15:13:31,023 [pool-27-thread-1] INFO  server.RaftServerConfigKeys (ConfUtils.java:logGet(43)) - raft.server.log.force.sync.num = 128 (default)
2019-09-26 15:13:31,023 [pool-27-thread-1] INFO  server.RaftServerConfigKeys (ConfUtils.java:logGet(43)) - raft.server.log.statemachine.data.sync = true (default)
2019-09-26 15:13:31,024 [pool-27-thread-1] INFO  server.RaftServerConfigKeys (ConfUtils.java:logGet(43)) - raft.server.log.statemachine.data.sync.timeout = 10s (default)
2019-09-26 15:13:31,024 [pool-27-thread-1] INFO  server.RaftServerConfigKeys (ConfUtils.java:logGet(43)) - raft.server.log.statemachine.data.sync.timeout.retry = -1 (default)
2019-09-26 15:13:31,024 [pool-27-thread-1] INFO  server.RaftServerConfigKeys (ConfUtils.java:logGet(43)) - raft.server.log.statemachine.data.caching.enabled = true (custom)
2019-09-26 15:13:31,024 [pool-27-thread-1] INFO  segmented.SegmentedRaftLogWorker (SegmentedRaftLogWorker.java:lambda$new$0(132)) - b3e939fd-eb36-468b-9efe-5d0a1fdaa172@group-68CC56D33CDB-SegmentedRaftLogWorker: flushIndex: setUnconditionally 0 -> -1
2019-09-26 15:13:31,024 [pool-27-thread-1] INFO  server.RaftServerConfigKeys (ConfUtils.java:logGet(43)) - raft.server.snapshot.auto.trigger.enabled = true (custom)
2019-09-26 15:13:31,024 [pool-27-thread-1] INFO  server.RaftServerConfigKeys (ConfUtils.java:logGet(43)) - raft.server.snapshot.auto.trigger.threshold = 10000 (custom)
2019-09-26 15:13:31,024 [pool-27-thread-1] INFO  server.RaftServerConfigKeys (ConfUtils.java:logGet(43)) - raft.server.snapshot.retention.num.files = 5 (custom)
2019-09-26 15:13:31,024 [pool-27-thread-1] INFO  server.RaftServerConfigKeys (ConfUtils.java:logGet(43)) - raft.server.retrycache.expirytime = 600000ms (custom)
2019-09-26 15:13:31,026 [pool-27-thread-1] INFO  impl.RaftServerImpl (RaftServerImpl.java:start(185)) - b3e939fd-eb36-468b-9efe-5d0a1fdaa172@group-68CC56D33CDB: start as a follower, conf=-1: [b3e939fd-eb36-468b-9efe-5d0a1fdaa172:192.168.151.99:45433], old=null
2019-09-26 15:13:31,026 [pool-27-thread-1] INFO  impl.RaftServerImpl (RaftServerImpl.java:setRole(174)) - b3e939fd-eb36-468b-9efe-5d0a1fdaa172@group-68CC56D33CDB: changes role from      null to FOLLOWER at term 0 for startAsFollower
2019-09-26 15:13:31,026 [pool-27-thread-1] INFO  impl.RoleInfo (RoleInfo.java:updateAndGet(143)) - b3e939fd-eb36-468b-9efe-5d0a1fdaa172: start FollowerState
2019-09-26 15:13:31,026 [pool-27-thread-1] INFO  util.JmxRegister (JmxRegister.java:tryRegister(44)) - Successfully registered JMX Bean with object name Ratis:service=RaftServer,group=group-68CC56D33CDB,id=b3e939fd-eb36-468b-9efe-5d0a1fdaa172
2019-09-26 15:13:31,028 [RatisPipelineUtilsThread] INFO  pipeline.PipelineStateManager (PipelineStateManager.java:addPipeline(56)) - Created pipeline Pipeline[ Id: c0def892-b42b-4975-8978-68cc56d33cdb, Nodes: b3e939fd-eb36-468b-9efe-5d0a1fdaa172{ip: 192.168.151.99, host: pr-hdds-1569-g6sp5-2013761785, networkLocation: /default-rack, certSerialId: null}, Type:RATIS, Factor:ONE, State:OPEN]
2019-09-26 15:13:31,031 [grpc-default-executor-0] INFO  impl.RaftServerProxy (RaftServerProxy.java:addNew(89)) - b3e939fd-eb36-468b-9efe-5d0a1fdaa172: addNew group-A909352B10E1:[b3e939fd-eb36-468b-9efe-5d0a1fdaa172:192.168.151.99:45433] returns group-A909352B10E1:java.util.concurrent.CompletableFuture@4dcbfbf6[Not completed]
2019-09-26 15:13:31,032 [pool-27-thread-1] INFO  impl.RaftServerImpl (RaftServerImpl.java:<init>(95)) - b3e939fd-eb36-468b-9efe-5d0a1fdaa172: new RaftServerImpl for group-A909352B10E1:[b3e939fd-eb36-468b-9efe-5d0a1fdaa172:192.168.151.99:45433] with ContainerStateMachine:uninitialized
2019-09-26 15:13:31,032 [pool-27-thread-1] INFO  server.RaftServerConfigKeys (ConfUtils.java:logGet(43)) - raft.server.rpc.timeout.min = 5s (custom)
2019-09-26 15:13:31,032 [pool-27-thread-1] INFO  server.RaftServerConfigKeys (ConfUtils.java:logGet(43)) - raft.server.rpc.timeout.max = 5200ms (custom)
2019-09-26 15:13:31,032 [pool-27-thread-1] INFO  server.RaftServerConfigKeys (ConfUtils.java:logGet(43)) - raft.server.rpcslowness.timeout = 120s (custom)
2019-09-26 15:13:31,032 [pool-27-thread-1] INFO  server.RaftServerConfigKeys (ConfUtils.java:logGet(43)) - raft.server.sleep.deviation.threshold = 300 (default)
2019-09-26 15:13:31,032 [pool-27-thread-1] INFO  server.RaftServerConfigKeys (ConfUtils.java:logGet(43)) - raft.server.log.appender.install.snapshot.enabled = false (custom)
2019-09-26 15:13:31,032 [pool-27-thread-1] INFO  impl.RaftServerImpl (ServerState.java:<init>(103)) - b3e939fd-eb36-468b-9efe-5d0a1fdaa172@group-A909352B10E1: ConfigurationManager, init=-1: [b3e939fd-eb36-468b-9efe-5d0a1fdaa172:192.168.151.99:45433], old=null, confs=<EMPTY_MAP>
2019-09-26 15:13:31,032 [pool-27-thread-1] INFO  server.RaftServerConfigKeys (ConfUtils.java:logGet(43)) - raft.server.storage.dir = [/workdir/hadoop-ozone/integration-test/target/test-dir/MiniOzoneClusterImpl-7e2f4b2f-6763-4a45-9ec4-264c2cef7c61/datanode-0/data/ratis] (custom)
2019-09-26 15:13:31,033 [pool-27-thread-1] INFO  storage.RaftStorageDirectory (RaftStorageDirectory.java:analyzeStorage(246)) - The storage directory /workdir/hadoop-ozone/integration-test/target/test-dir/MiniOzoneClusterImpl-7e2f4b2f-6763-4a45-9ec4-264c2cef7c61/datanode-0/data/ratis/6dd5f4e1-cb6b-4c49-a4af-a909352b10e1 does not exist. Creating ...
2019-09-26 15:13:31,046 [pool-27-thread-1] INFO  storage.RaftStorageDirectory (RaftStorageDirectory.java:tryLock(328)) - Lock on /workdir/hadoop-ozone/integration-test/target/test-dir/MiniOzoneClusterImpl-7e2f4b2f-6763-4a45-9ec4-264c2cef7c61/datanode-0/data/ratis/6dd5f4e1-cb6b-4c49-a4af-a909352b10e1/in_use.lock acquired by nodename 11803@pr-hdds-1569-g6sp5-2013761785
2019-09-26 15:13:31,059 [pool-27-thread-1] INFO  storage.RaftStorage (RaftStorage.java:format(72)) - Storage directory /workdir/hadoop-ozone/integration-test/target/test-dir/MiniOzoneClusterImpl-7e2f4b2f-6763-4a45-9ec4-264c2cef7c61/datanode-0/data/ratis/6dd5f4e1-cb6b-4c49-a4af-a909352b10e1 has been successfully formatted.
2019-09-26 15:13:31,059 [pool-27-thread-1] INFO  ratis.ContainerStateMachine (ContainerStateMachine.java:loadSnapshot(230)) - group-A909352B10E1: The snapshot info is null. Setting the last applied indexto:(t:0, i:~)
2019-09-26 15:13:31,059 [pool-27-thread-1] INFO  server.RaftServerConfigKeys (ConfUtils.java:logGet(43)) - raft.server.notification.no-leader.timeout = 120s (custom)
2019-09-26 15:13:31,059 [pool-27-thread-1] INFO  server.RaftServerConfigKeys (ConfUtils.java:logGet(43)) - raft.server.log.use.memory = false (default)
2019-09-26 15:13:31,060 [pool-27-thread-1] INFO  server.RaftServerConfigKeys (ConfUtils.java:logGet(43)) - raft.server.log.purge.gap = 1000000 (custom)
2019-09-26 15:13:31,060 [pool-27-thread-1] INFO  server.RaftServerConfigKeys (ConfUtils.java:logGet(43)) - raft.server.log.appender.buffer.byte-limit = 33554432 (custom)
2019-09-26 15:13:31,060 [pool-27-thread-1] INFO  server.RaftServerConfigKeys (ConfUtils.java:logGet(43)) - raft.server.log.segment.size.max = 1048576 (custom)
2019-09-26 15:13:31,060 [pool-27-thread-1] INFO  server.RaftServerConfigKeys (ConfUtils.java:logGet(43)) - raft.server.log.segment.cache.num.max = 2 (custom)
2019-09-26 15:13:31,060 [pool-27-thread-1] INFO  segmented.SegmentedRaftLogWorker (SegmentedRaftLogWorker.java:<init>(172)) - new b3e939fd-eb36-468b-9efe-5d0a1fdaa172@group-A909352B10E1-SegmentedRaftLogWorker for RaftStorage:Storage Directory /workdir/hadoop-ozone/integration-test/target/test-dir/MiniOzoneClusterImpl-7e2f4b2f-6763-4a45-9ec4-264c2cef7c61/datanode-0/data/ratis/6dd5f4e1-cb6b-4c49-a4af-a909352b10e1
2019-09-26 15:13:31,060 [pool-27-thread-1] INFO  server.RaftServerConfigKeys (ConfUtils.java:logGet(43)) - raft.server.log.queue.byte-limit = 2147483647 (custom)
2019-09-26 15:13:31,060 [pool-27-thread-1] INFO  server.RaftServerConfigKeys (ConfUtils.java:logGet(43)) - raft.server.log.queue.element-limit = 1024 (custom)
2019-09-26 15:13:31,060 [pool-27-thread-1] INFO  server.RaftServerConfigKeys (ConfUtils.java:logGet(43)) - raft.server.log.segment.size.max = 1048576 (custom)
2019-09-26 15:13:31,060 [pool-27-thread-1] INFO  server.RaftServerConfigKeys (ConfUtils.java:logGet(43)) - raft.server.log.preallocated.size = 16384 (custom)
2019-09-26 15:13:31,060 [pool-27-thread-1] INFO  server.RaftServerConfigKeys (ConfUtils.java:logGet(43)) - raft.server.log.write.buffer.size = 33554432 (custom)
2019-09-26 15:13:31,060 [pool-27-thread-1] INFO  server.RaftServerConfigKeys (ConfUtils.java:logGet(43)) - raft.server.log.force.sync.num = 128 (default)
2019-09-26 15:13:31,060 [pool-27-thread-1] INFO  server.RaftServerConfigKeys (ConfUtils.java:logGet(43)) - raft.server.log.statemachine.data.sync = true (default)
2019-09-26 15:13:31,061 [pool-27-thread-1] INFO  server.RaftServerConfigKeys (ConfUtils.java:logGet(43)) - raft.server.log.statemachine.data.sync.timeout = 10s (default)
2019-09-26 15:13:31,061 [pool-27-thread-1] INFO  server.RaftServerConfigKeys (ConfUtils.java:logGet(43)) - raft.server.log.statemachine.data.sync.timeout.retry = -1 (default)
2019-09-26 15:13:31,061 [pool-27-thread-1] INFO  server.RaftServerConfigKeys (ConfUtils.java:logGet(43)) - raft.server.log.statemachine.data.caching.enabled = true (custom)
2019-09-26 15:13:31,061 [pool-27-thread-1] INFO  segmented.SegmentedRaftLogWorker (SegmentedRaftLogWorker.java:lambda$new$0(132)) - b3e939fd-eb36-468b-9efe-5d0a1fdaa172@group-A909352B10E1-SegmentedRaftLogWorker: flushIndex: setUnconditionally 0 -> -1
2019-09-26 15:13:31,061 [pool-27-thread-1] INFO  server.RaftServerConfigKeys (ConfUtils.java:logGet(43)) - raft.server.snapshot.auto.trigger.enabled = true (custom)
2019-09-26 15:13:31,061 [pool-27-thread-1] INFO  server.RaftServerConfigKeys (ConfUtils.java:logGet(43)) - raft.server.snapshot.auto.trigger.threshold = 10000 (custom)
2019-09-26 15:13:31,061 [pool-27-thread-1] INFO  server.RaftServerConfigKeys (ConfUtils.java:logGet(43)) - raft.server.snapshot.retention.num.files = 5 (custom)
2019-09-26 15:13:31,061 [pool-27-thread-1] INFO  server.RaftServerConfigKeys (ConfUtils.java:logGet(43)) - raft.server.retrycache.expirytime = 600000ms (custom)
2019-09-26 15:13:31,062 [pool-27-thread-1] INFO  impl.RaftServerImpl (RaftServerImpl.java:start(185)) - b3e939fd-eb36-468b-9efe-5d0a1fdaa172@group-A909352B10E1: start as a follower, conf=-1: [b3e939fd-eb36-468b-9efe-5d0a1fdaa172:192.168.151.99:45433], old=null
2019-09-26 15:13:31,062 [pool-27-thread-1] INFO  impl.RaftServerImpl (RaftServerImpl.java:setRole(174)) - b3e939fd-eb36-468b-9efe-5d0a1fdaa172@group-A909352B10E1: changes role from      null to FOLLOWER at term 0 for startAsFollower
2019-09-26 15:13:31,063 [pool-27-thread-1] INFO  impl.RoleInfo (RoleInfo.java:updateAndGet(143)) - b3e939fd-eb36-468b-9efe-5d0a1fdaa172: start FollowerState
2019-09-26 15:13:31,063 [pool-27-thread-1] INFO  util.JmxRegister (JmxRegister.java:tryRegister(44)) - Successfully registered JMX Bean with object name Ratis:service=RaftServer,group=group-A909352B10E1,id=b3e939fd-eb36-468b-9efe-5d0a1fdaa172
2019-09-26 15:13:31,064 [RatisPipelineUtilsThread] INFO  pipeline.PipelineStateManager (PipelineStateManager.java:addPipeline(56)) - Created pipeline Pipeline[ Id: 6dd5f4e1-cb6b-4c49-a4af-a909352b10e1, Nodes: b3e939fd-eb36-468b-9efe-5d0a1fdaa172{ip: 192.168.151.99, host: pr-hdds-1569-g6sp5-2013761785, networkLocation: /default-rack, certSerialId: null}, Type:RATIS, Factor:ONE, State:OPEN]
2019-09-26 15:13:31,067 [grpc-default-executor-0] INFO  impl.RaftServerProxy (RaftServerProxy.java:addNew(89)) - b3e939fd-eb36-468b-9efe-5d0a1fdaa172: addNew group-D591C59CFB86:[b3e939fd-eb36-468b-9efe-5d0a1fdaa172:192.168.151.99:45433] returns group-D591C59CFB86:java.util.concurrent.CompletableFuture@336dbe0c[Not completed]
2019-09-26 15:13:31,068 [pool-27-thread-1] INFO  impl.RaftServerImpl (RaftServerImpl.java:<init>(95)) - b3e939fd-eb36-468b-9efe-5d0a1fdaa172: new RaftServerImpl for group-D591C59CFB86:[b3e939fd-eb36-468b-9efe-5d0a1fdaa172:192.168.151.99:45433] with ContainerStateMachine:uninitialized
2019-09-26 15:13:31,068 [pool-27-thread-1] INFO  server.RaftServerConfigKeys (ConfUtils.java:logGet(43)) - raft.server.rpc.timeout.min = 5s (custom)
2019-09-26 15:13:31,068 [pool-27-thread-1] INFO  server.RaftServerConfigKeys (ConfUtils.java:logGet(43)) - raft.server.rpc.timeout.max = 5200ms (custom)
2019-09-26 15:13:31,068 [pool-27-thread-1] INFO  server.RaftServerConfigKeys (ConfUtils.java:logGet(43)) - raft.server.rpcslowness.timeout = 120s (custom)
2019-09-26 15:13:31,068 [pool-27-thread-1] INFO  server.RaftServerConfigKeys (ConfUtils.java:logGet(43)) - raft.server.sleep.deviation.threshold = 300 (default)
2019-09-26 15:13:31,068 [pool-27-thread-1] INFO  server.RaftServerConfigKeys (ConfUtils.java:logGet(43)) - raft.server.log.appender.install.snapshot.enabled = false (custom)
2019-09-26 15:13:31,068 [pool-27-thread-1] INFO  impl.RaftServerImpl (ServerState.java:<init>(103)) - b3e939fd-eb36-468b-9efe-5d0a1fdaa172@group-D591C59CFB86: ConfigurationManager, init=-1: [b3e939fd-eb36-468b-9efe-5d0a1fdaa172:192.168.151.99:45433], old=null, confs=<EMPTY_MAP>
2019-09-26 15:13:31,068 [pool-27-thread-1] INFO  server.RaftServerConfigKeys (ConfUtils.java:logGet(43)) - raft.server.storage.dir = [/workdir/hadoop-ozone/integration-test/target/test-dir/MiniOzoneClusterImpl-7e2f4b2f-6763-4a45-9ec4-264c2cef7c61/datanode-0/data/ratis] (custom)
2019-09-26 15:13:31,069 [pool-27-thread-1] INFO  storage.RaftStorageDirectory (RaftStorageDirectory.java:analyzeStorage(246)) - The storage directory /workdir/hadoop-ozone/integration-test/target/test-dir/MiniOzoneClusterImpl-7e2f4b2f-6763-4a45-9ec4-264c2cef7c61/datanode-0/data/ratis/d4d1e573-9c13-42a6-8155-d591c59cfb86 does not exist. Creating ...
2019-09-26 15:13:31,072 [pool-27-thread-1] INFO  storage.RaftStorageDirectory (RaftStorageDirectory.java:tryLock(328)) - Lock on /workdir/hadoop-ozone/integration-test/target/test-dir/MiniOzoneClusterImpl-7e2f4b2f-6763-4a45-9ec4-264c2cef7c61/datanode-0/data/ratis/d4d1e573-9c13-42a6-8155-d591c59cfb86/in_use.lock acquired by nodename 11803@pr-hdds-1569-g6sp5-2013761785
2019-09-26 15:13:31,074 [pool-27-thread-1] INFO  storage.RaftStorage (RaftStorage.java:format(72)) - Storage directory /workdir/hadoop-ozone/integration-test/target/test-dir/MiniOzoneClusterImpl-7e2f4b2f-6763-4a45-9ec4-264c2cef7c61/datanode-0/data/ratis/d4d1e573-9c13-42a6-8155-d591c59cfb86 has been successfully formatted.
2019-09-26 15:13:31,075 [pool-27-thread-1] INFO  ratis.ContainerStateMachine (ContainerStateMachine.java:loadSnapshot(230)) - group-D591C59CFB86: The snapshot info is null. Setting the last applied indexto:(t:0, i:~)
2019-09-26 15:13:31,075 [pool-27-thread-1] INFO  server.RaftServerConfigKeys (ConfUtils.java:logGet(43)) - raft.server.notification.no-leader.timeout = 120s (custom)
2019-09-26 15:13:31,075 [pool-27-thread-1] INFO  server.RaftServerConfigKeys (ConfUtils.java:logGet(43)) - raft.server.log.use.memory = false (default)
2019-09-26 15:13:31,075 [pool-27-thread-1] INFO  server.RaftServerConfigKeys (ConfUtils.java:logGet(43)) - raft.server.log.purge.gap = 1000000 (custom)
2019-09-26 15:13:31,075 [pool-27-thread-1] INFO  server.RaftServerConfigKeys (ConfUtils.java:logGet(43)) - raft.server.log.appender.buffer.byte-limit = 33554432 (custom)
2019-09-26 15:13:31,075 [pool-27-thread-1] INFO  server.RaftServerConfigKeys (ConfUtils.java:logGet(43)) - raft.server.log.segment.size.max = 1048576 (custom)
2019-09-26 15:13:31,075 [pool-27-thread-1] INFO  server.RaftServerConfigKeys (ConfUtils.java:logGet(43)) - raft.server.log.segment.cache.num.max = 2 (custom)
2019-09-26 15:13:31,075 [pool-27-thread-1] INFO  segmented.SegmentedRaftLogWorker (SegmentedRaftLogWorker.java:<init>(172)) - new b3e939fd-eb36-468b-9efe-5d0a1fdaa172@group-D591C59CFB86-SegmentedRaftLogWorker for RaftStorage:Storage Directory /workdir/hadoop-ozone/integration-test/target/test-dir/MiniOzoneClusterImpl-7e2f4b2f-6763-4a45-9ec4-264c2cef7c61/datanode-0/data/ratis/d4d1e573-9c13-42a6-8155-d591c59cfb86
2019-09-26 15:13:31,075 [pool-27-thread-1] INFO  server.RaftServerConfigKeys (ConfUtils.java:logGet(43)) - raft.server.log.queue.byte-limit = 2147483647 (custom)
2019-09-26 15:13:31,075 [pool-27-thread-1] INFO  server.RaftServerConfigKeys (ConfUtils.java:logGet(43)) - raft.server.log.queue.element-limit = 1024 (custom)
2019-09-26 15:13:31,075 [pool-27-thread-1] INFO  server.RaftServerConfigKeys (ConfUtils.java:logGet(43)) - raft.server.log.segment.size.max = 1048576 (custom)
2019-09-26 15:13:31,076 [pool-27-thread-1] INFO  server.RaftServerConfigKeys (ConfUtils.java:logGet(43)) - raft.server.log.preallocated.size = 16384 (custom)
2019-09-26 15:13:31,076 [pool-27-thread-1] INFO  server.RaftServerConfigKeys (ConfUtils.java:logGet(43)) - raft.server.log.write.buffer.size = 33554432 (custom)
2019-09-26 15:13:31,076 [pool-27-thread-1] INFO  server.RaftServerConfigKeys (ConfUtils.java:logGet(43)) - raft.server.log.force.sync.num = 128 (default)
2019-09-26 15:13:31,076 [pool-27-thread-1] INFO  server.RaftServerConfigKeys (ConfUtils.java:logGet(43)) - raft.server.log.statemachine.data.sync = true (default)
2019-09-26 15:13:31,076 [pool-27-thread-1] INFO  server.RaftServerConfigKeys (ConfUtils.java:logGet(43)) - raft.server.log.statemachine.data.sync.timeout = 10s (default)
2019-09-26 15:13:31,076 [pool-27-thread-1] INFO  server.RaftServerConfigKeys (ConfUtils.java:logGet(43)) - raft.server.log.statemachine.data.sync.timeout.retry = -1 (default)
2019-09-26 15:13:31,076 [pool-27-thread-1] INFO  server.RaftServerConfigKeys (ConfUtils.java:logGet(43)) - raft.server.log.statemachine.data.caching.enabled = true (custom)
2019-09-26 15:13:31,076 [pool-27-thread-1] INFO  segmented.SegmentedRaftLogWorker (SegmentedRaftLogWorker.java:lambda$new$0(132)) - b3e939fd-eb36-468b-9efe-5d0a1fdaa172@group-D591C59CFB86-SegmentedRaftLogWorker: flushIndex: setUnconditionally 0 -> -1
2019-09-26 15:13:31,076 [pool-27-thread-1] INFO  server.RaftServerConfigKeys (ConfUtils.java:logGet(43)) - raft.server.snapshot.auto.trigger.enabled = true (custom)
2019-09-26 15:13:31,076 [pool-27-thread-1] INFO  server.RaftServerConfigKeys (ConfUtils.java:logGet(43)) - raft.server.snapshot.auto.trigger.threshold = 10000 (custom)
2019-09-26 15:13:31,077 [pool-27-thread-1] INFO  server.RaftServerConfigKeys (ConfUtils.java:logGet(43)) - raft.server.snapshot.retention.num.files = 5 (custom)
2019-09-26 15:13:31,077 [pool-27-thread-1] INFO  server.RaftServerConfigKeys (ConfUtils.java:logGet(43)) - raft.server.retrycache.expirytime = 600000ms (custom)
2019-09-26 15:13:31,078 [pool-27-thread-1] INFO  impl.RaftServerImpl (RaftServerImpl.java:start(185)) - b3e939fd-eb36-468b-9efe-5d0a1fdaa172@group-D591C59CFB86: start as a follower, conf=-1: [b3e939fd-eb36-468b-9efe-5d0a1fdaa172:192.168.151.99:45433], old=null
2019-09-26 15:13:31,078 [pool-27-thread-1] INFO  impl.RaftServerImpl (RaftServerImpl.java:setRole(174)) - b3e939fd-eb36-468b-9efe-5d0a1fdaa172@group-D591C59CFB86: changes role from      null to FOLLOWER at term 0 for startAsFollower
2019-09-26 15:13:31,078 [pool-27-thread-1] INFO  impl.RoleInfo (RoleInfo.java:updateAndGet(143)) - b3e939fd-eb36-468b-9efe-5d0a1fdaa172: start FollowerState
2019-09-26 15:13:31,078 [pool-27-thread-1] INFO  util.JmxRegister (JmxRegister.java:tryRegister(44)) - Successfully registered JMX Bean with object name Ratis:service=RaftServer,group=group-D591C59CFB86,id=b3e939fd-eb36-468b-9efe-5d0a1fdaa172
2019-09-26 15:13:31,080 [RatisPipelineUtilsThread] INFO  pipeline.PipelineStateManager (PipelineStateManager.java:addPipeline(56)) - Created pipeline Pipeline[ Id: d4d1e573-9c13-42a6-8155-d591c59cfb86, Nodes: b3e939fd-eb36-468b-9efe-5d0a1fdaa172{ip: 192.168.151.99, host: pr-hdds-1569-g6sp5-2013761785, networkLocation: /default-rack, certSerialId: null}, Type:RATIS, Factor:ONE, State:OPEN]
2019-09-26 15:13:31,082 [grpc-default-executor-0] INFO  impl.RaftServerProxy (RaftServerProxy.java:addNew(89)) - b3e939fd-eb36-468b-9efe-5d0a1fdaa172: addNew group-D363040DAF31:[b3e939fd-eb36-468b-9efe-5d0a1fdaa172:192.168.151.99:45433] returns group-D363040DAF31:java.util.concurrent.CompletableFuture@3b520d0f[Not completed]
2019-09-26 15:13:31,083 [pool-27-thread-1] INFO  impl.RaftServerImpl (RaftServerImpl.java:<init>(95)) - b3e939fd-eb36-468b-9efe-5d0a1fdaa172: new RaftServerImpl for group-D363040DAF31:[b3e939fd-eb36-468b-9efe-5d0a1fdaa172:192.168.151.99:45433] with ContainerStateMachine:uninitialized
2019-09-26 15:13:31,083 [pool-27-thread-1] INFO  server.RaftServerConfigKeys (ConfUtils.java:logGet(43)) - raft.server.rpc.timeout.min = 5s (custom)
2019-09-26 15:13:31,083 [pool-27-thread-1] INFO  server.RaftServerConfigKeys (ConfUtils.java:logGet(43)) - raft.server.rpc.timeout.max = 5200ms (custom)
2019-09-26 15:13:31,083 [pool-27-thread-1] INFO  server.RaftServerConfigKeys (ConfUtils.java:logGet(43)) - raft.server.rpcslowness.timeout = 120s (custom)
2019-09-26 15:13:31,083 [pool-27-thread-1] INFO  server.RaftServerConfigKeys (ConfUtils.java:logGet(43)) - raft.server.sleep.deviation.threshold = 300 (default)
2019-09-26 15:13:31,083 [pool-27-thread-1] INFO  server.RaftServerConfigKeys (ConfUtils.java:logGet(43)) - raft.server.log.appender.install.snapshot.enabled = false (custom)
2019-09-26 15:13:31,083 [pool-27-thread-1] INFO  impl.RaftServerImpl (ServerState.java:<init>(103)) - b3e939fd-eb36-468b-9efe-5d0a1fdaa172@group-D363040DAF31: ConfigurationManager, init=-1: [b3e939fd-eb36-468b-9efe-5d0a1fdaa172:192.168.151.99:45433], old=null, confs=<EMPTY_MAP>
2019-09-26 15:13:31,083 [pool-27-thread-1] INFO  server.RaftServerConfigKeys (ConfUtils.java:logGet(43)) - raft.server.storage.dir = [/workdir/hadoop-ozone/integration-test/target/test-dir/MiniOzoneClusterImpl-7e2f4b2f-6763-4a45-9ec4-264c2cef7c61/datanode-0/data/ratis] (custom)
2019-09-26 15:13:31,084 [pool-27-thread-1] INFO  storage.RaftStorageDirectory (RaftStorageDirectory.java:analyzeStorage(246)) - The storage directory /workdir/hadoop-ozone/integration-test/target/test-dir/MiniOzoneClusterImpl-7e2f4b2f-6763-4a45-9ec4-264c2cef7c61/datanode-0/data/ratis/1218fd96-605d-4ebc-88c8-d363040daf31 does not exist. Creating ...
2019-09-26 15:13:31,087 [pool-27-thread-1] INFO  storage.RaftStorageDirectory (RaftStorageDirectory.java:tryLock(328)) - Lock on /workdir/hadoop-ozone/integration-test/target/test-dir/MiniOzoneClusterImpl-7e2f4b2f-6763-4a45-9ec4-264c2cef7c61/datanode-0/data/ratis/1218fd96-605d-4ebc-88c8-d363040daf31/in_use.lock acquired by nodename 11803@pr-hdds-1569-g6sp5-2013761785
2019-09-26 15:13:31,090 [pool-27-thread-1] INFO  storage.RaftStorage (RaftStorage.java:format(72)) - Storage directory /workdir/hadoop-ozone/integration-test/target/test-dir/MiniOzoneClusterImpl-7e2f4b2f-6763-4a45-9ec4-264c2cef7c61/datanode-0/data/ratis/1218fd96-605d-4ebc-88c8-d363040daf31 has been successfully formatted.
2019-09-26 15:13:31,090 [pool-27-thread-1] INFO  ratis.ContainerStateMachine (ContainerStateMachine.java:loadSnapshot(230)) - group-D363040DAF31: The snapshot info is null. Setting the last applied indexto:(t:0, i:~)
2019-09-26 15:13:31,090 [pool-27-thread-1] INFO  server.RaftServerConfigKeys (ConfUtils.java:logGet(43)) - raft.server.notification.no-leader.timeout = 120s (custom)
2019-09-26 15:13:31,090 [pool-27-thread-1] INFO  server.RaftServerConfigKeys (ConfUtils.java:logGet(43)) - raft.server.log.use.memory = false (default)
2019-09-26 15:13:31,090 [pool-27-thread-1] INFO  server.RaftServerConfigKeys (ConfUtils.java:logGet(43)) - raft.server.log.purge.gap = 1000000 (custom)
2019-09-26 15:13:31,090 [pool-27-thread-1] INFO  server.RaftServerConfigKeys (ConfUtils.java:logGet(43)) - raft.server.log.appender.buffer.byte-limit = 33554432 (custom)
2019-09-26 15:13:31,090 [pool-27-thread-1] INFO  server.RaftServerConfigKeys (ConfUtils.java:logGet(43)) - raft.server.log.segment.size.max = 1048576 (custom)
2019-09-26 15:13:31,090 [pool-27-thread-1] INFO  server.RaftServerConfigKeys (ConfUtils.java:logGet(43)) - raft.server.log.segment.cache.num.max = 2 (custom)
2019-09-26 15:13:31,090 [pool-27-thread-1] INFO  segmented.SegmentedRaftLogWorker (SegmentedRaftLogWorker.java:<init>(172)) - new b3e939fd-eb36-468b-9efe-5d0a1fdaa172@group-D363040DAF31-SegmentedRaftLogWorker for RaftStorage:Storage Directory /workdir/hadoop-ozone/integration-test/target/test-dir/MiniOzoneClusterImpl-7e2f4b2f-6763-4a45-9ec4-264c2cef7c61/datanode-0/data/ratis/1218fd96-605d-4ebc-88c8-d363040daf31
2019-09-26 15:13:31,090 [pool-27-thread-1] INFO  server.RaftServerConfigKeys (ConfUtils.java:logGet(43)) - raft.server.log.queue.byte-limit = 2147483647 (custom)
2019-09-26 15:13:31,091 [pool-27-thread-1] INFO  server.RaftServerConfigKeys (ConfUtils.java:logGet(43)) - raft.server.log.queue.element-limit = 1024 (custom)
2019-09-26 15:13:31,091 [pool-27-thread-1] INFO  server.RaftServerConfigKeys (ConfUtils.java:logGet(43)) - raft.server.log.segment.size.max = 1048576 (custom)
2019-09-26 15:13:31,091 [pool-27-thread-1] INFO  server.RaftServerConfigKeys (ConfUtils.java:logGet(43)) - raft.server.log.preallocated.size = 16384 (custom)
2019-09-26 15:13:31,091 [pool-27-thread-1] INFO  server.RaftServerConfigKeys (ConfUtils.java:logGet(43)) - raft.server.log.write.buffer.size = 33554432 (custom)
2019-09-26 15:13:31,091 [pool-27-thread-1] INFO  server.RaftServerConfigKeys (ConfUtils.java:logGet(43)) - raft.server.log.force.sync.num = 128 (default)
2019-09-26 15:13:31,091 [pool-27-thread-1] INFO  server.RaftServerConfigKeys (ConfUtils.java:logGet(43)) - raft.server.log.statemachine.data.sync = true (default)
2019-09-26 15:13:31,091 [pool-27-thread-1] INFO  server.RaftServerConfigKeys (ConfUtils.java:logGet(43)) - raft.server.log.statemachine.data.sync.timeout = 10s (default)
2019-09-26 15:13:31,091 [pool-27-thread-1] INFO  server.RaftServerConfigKeys (ConfUtils.java:logGet(43)) - raft.server.log.statemachine.data.sync.timeout.retry = -1 (default)
2019-09-26 15:13:31,091 [pool-27-thread-1] INFO  server.RaftServerConfigKeys (ConfUtils.java:logGet(43)) - raft.server.log.statemachine.data.caching.enabled = true (custom)
2019-09-26 15:13:31,091 [pool-27-thread-1] INFO  segmented.SegmentedRaftLogWorker (SegmentedRaftLogWorker.java:lambda$new$0(132)) - b3e939fd-eb36-468b-9efe-5d0a1fdaa172@group-D363040DAF31-SegmentedRaftLogWorker: flushIndex: setUnconditionally 0 -> -1
2019-09-26 15:13:31,091 [pool-27-thread-1] INFO  server.RaftServerConfigKeys (ConfUtils.java:logGet(43)) - raft.server.snapshot.auto.trigger.enabled = true (custom)
2019-09-26 15:13:31,092 [pool-27-thread-1] INFO  server.RaftServerConfigKeys (ConfUtils.java:logGet(43)) - raft.server.snapshot.auto.trigger.threshold = 10000 (custom)
2019-09-26 15:13:31,092 [pool-27-thread-1] INFO  server.RaftServerConfigKeys (ConfUtils.java:logGet(43)) - raft.server.snapshot.retention.num.files = 5 (custom)
2019-09-26 15:13:31,092 [pool-27-thread-1] INFO  server.RaftServerConfigKeys (ConfUtils.java:logGet(43)) - raft.server.retrycache.expirytime = 600000ms (custom)
2019-09-26 15:13:31,093 [pool-27-thread-1] INFO  impl.RaftServerImpl (RaftServerImpl.java:start(185)) - b3e939fd-eb36-468b-9efe-5d0a1fdaa172@group-D363040DAF31: start as a follower, conf=-1: [b3e939fd-eb36-468b-9efe-5d0a1fdaa172:192.168.151.99:45433], old=null
2019-09-26 15:13:31,093 [pool-27-thread-1] INFO  impl.RaftServerImpl (RaftServerImpl.java:setRole(174)) - b3e939fd-eb36-468b-9efe-5d0a1fdaa172@group-D363040DAF31: changes role from      null to FOLLOWER at term 0 for startAsFollower
2019-09-26 15:13:31,093 [pool-27-thread-1] INFO  impl.RoleInfo (RoleInfo.java:updateAndGet(143)) - b3e939fd-eb36-468b-9efe-5d0a1fdaa172: start FollowerState
2019-09-26 15:13:31,093 [pool-27-thread-1] INFO  util.JmxRegister (JmxRegister.java:tryRegister(44)) - Successfully registered JMX Bean with object name Ratis:service=RaftServer,group=group-D363040DAF31,id=b3e939fd-eb36-468b-9efe-5d0a1fdaa172
2019-09-26 15:13:31,094 [RatisPipelineUtilsThread] INFO  pipeline.PipelineStateManager (PipelineStateManager.java:addPipeline(56)) - Created pipeline Pipeline[ Id: 1218fd96-605d-4ebc-88c8-d363040daf31, Nodes: b3e939fd-eb36-468b-9efe-5d0a1fdaa172{ip: 192.168.151.99, host: pr-hdds-1569-g6sp5-2013761785, networkLocation: /default-rack, certSerialId: null}, Type:RATIS, Factor:ONE, State:OPEN]
2019-09-26 15:13:31,096 [grpc-default-executor-0] INFO  impl.RaftServerProxy (RaftServerProxy.java:addNew(89)) - b3e939fd-eb36-468b-9efe-5d0a1fdaa172: addNew group-B602AE1BC508:[b3e939fd-eb36-468b-9efe-5d0a1fdaa172:192.168.151.99:45433] returns group-B602AE1BC508:java.util.concurrent.CompletableFuture@3aa78ecb[Not completed]
2019-09-26 15:13:31,097 [pool-27-thread-1] INFO  impl.RaftServerImpl (RaftServerImpl.java:<init>(95)) - b3e939fd-eb36-468b-9efe-5d0a1fdaa172: new RaftServerImpl for group-B602AE1BC508:[b3e939fd-eb36-468b-9efe-5d0a1fdaa172:192.168.151.99:45433] with ContainerStateMachine:uninitialized
2019-09-26 15:13:31,097 [pool-27-thread-1] INFO  server.RaftServerConfigKeys (ConfUtils.java:logGet(43)) - raft.server.rpc.timeout.min = 5s (custom)
2019-09-26 15:13:31,097 [pool-27-thread-1] INFO  server.RaftServerConfigKeys (ConfUtils.java:logGet(43)) - raft.server.rpc.timeout.max = 5200ms (custom)
2019-09-26 15:13:31,097 [pool-27-thread-1] INFO  server.RaftServerConfigKeys (ConfUtils.java:logGet(43)) - raft.server.rpcslowness.timeout = 120s (custom)
2019-09-26 15:13:31,097 [pool-27-thread-1] INFO  server.RaftServerConfigKeys (ConfUtils.java:logGet(43)) - raft.server.sleep.deviation.threshold = 300 (default)
2019-09-26 15:13:31,097 [pool-27-thread-1] INFO  server.RaftServerConfigKeys (ConfUtils.java:logGet(43)) - raft.server.log.appender.install.snapshot.enabled = false (custom)
2019-09-26 15:13:31,097 [pool-27-thread-1] INFO  impl.RaftServerImpl (ServerState.java:<init>(103)) - b3e939fd-eb36-468b-9efe-5d0a1fdaa172@group-B602AE1BC508: ConfigurationManager, init=-1: [b3e939fd-eb36-468b-9efe-5d0a1fdaa172:192.168.151.99:45433], old=null, confs=<EMPTY_MAP>
2019-09-26 15:13:31,097 [pool-27-thread-1] INFO  server.RaftServerConfigKeys (ConfUtils.java:logGet(43)) - raft.server.storage.dir = [/workdir/hadoop-ozone/integration-test/target/test-dir/MiniOzoneClusterImpl-7e2f4b2f-6763-4a45-9ec4-264c2cef7c61/datanode-0/data/ratis] (custom)
2019-09-26 15:13:31,098 [pool-27-thread-1] INFO  storage.RaftStorageDirectory (RaftStorageDirectory.java:analyzeStorage(246)) - The storage directory /workdir/hadoop-ozone/integration-test/target/test-dir/MiniOzoneClusterImpl-7e2f4b2f-6763-4a45-9ec4-264c2cef7c61/datanode-0/data/ratis/ec845959-4484-4f37-8867-b602ae1bc508 does not exist. Creating ...
2019-09-26 15:13:31,103 [pool-27-thread-1] INFO  storage.RaftStorageDirectory (RaftStorageDirectory.java:tryLock(328)) - Lock on /workdir/hadoop-ozone/integration-test/target/test-dir/MiniOzoneClusterImpl-7e2f4b2f-6763-4a45-9ec4-264c2cef7c61/datanode-0/data/ratis/ec845959-4484-4f37-8867-b602ae1bc508/in_use.lock acquired by nodename 11803@pr-hdds-1569-g6sp5-2013761785
2019-09-26 15:13:31,106 [pool-27-thread-1] INFO  storage.RaftStorage (RaftStorage.java:format(72)) - Storage directory /workdir/hadoop-ozone/integration-test/target/test-dir/MiniOzoneClusterImpl-7e2f4b2f-6763-4a45-9ec4-264c2cef7c61/datanode-0/data/ratis/ec845959-4484-4f37-8867-b602ae1bc508 has been successfully formatted.
2019-09-26 15:13:31,106 [pool-27-thread-1] INFO  ratis.ContainerStateMachine (ContainerStateMachine.java:loadSnapshot(230)) - group-B602AE1BC508: The snapshot info is null. Setting the last applied indexto:(t:0, i:~)
2019-09-26 15:13:31,106 [pool-27-thread-1] INFO  server.RaftServerConfigKeys (ConfUtils.java:logGet(43)) - raft.server.notification.no-leader.timeout = 120s (custom)
2019-09-26 15:13:31,107 [pool-27-thread-1] INFO  server.RaftServerConfigKeys (ConfUtils.java:logGet(43)) - raft.server.log.use.memory = false (default)
2019-09-26 15:13:31,107 [pool-27-thread-1] INFO  server.RaftServerConfigKeys (ConfUtils.java:logGet(43)) - raft.server.log.purge.gap = 1000000 (custom)
2019-09-26 15:13:31,107 [pool-27-thread-1] INFO  server.RaftServerConfigKeys (ConfUtils.java:logGet(43)) - raft.server.log.appender.buffer.byte-limit = 33554432 (custom)
2019-09-26 15:13:31,107 [pool-27-thread-1] INFO  server.RaftServerConfigKeys (ConfUtils.java:logGet(43)) - raft.server.log.segment.size.max = 1048576 (custom)
2019-09-26 15:13:31,107 [pool-27-thread-1] INFO  server.RaftServerConfigKeys (ConfUtils.java:logGet(43)) - raft.server.log.segment.cache.num.max = 2 (custom)
2019-09-26 15:13:31,107 [pool-27-thread-1] INFO  segmented.SegmentedRaftLogWorker (SegmentedRaftLogWorker.java:<init>(172)) - new b3e939fd-eb36-468b-9efe-5d0a1fdaa172@group-B602AE1BC508-SegmentedRaftLogWorker for RaftStorage:Storage Directory /workdir/hadoop-ozone/integration-test/target/test-dir/MiniOzoneClusterImpl-7e2f4b2f-6763-4a45-9ec4-264c2cef7c61/datanode-0/data/ratis/ec845959-4484-4f37-8867-b602ae1bc508
2019-09-26 15:13:31,107 [pool-27-thread-1] INFO  server.RaftServerConfigKeys (ConfUtils.java:logGet(43)) - raft.server.log.queue.byte-limit = 2147483647 (custom)
2019-09-26 15:13:31,107 [pool-27-thread-1] INFO  server.RaftServerConfigKeys (ConfUtils.java:logGet(43)) - raft.server.log.queue.element-limit = 1024 (custom)
2019-09-26 15:13:31,107 [pool-27-thread-1] INFO  server.RaftServerConfigKeys (ConfUtils.java:logGet(43)) - raft.server.log.segment.size.max = 1048576 (custom)
2019-09-26 15:13:31,107 [pool-27-thread-1] INFO  server.RaftServerConfigKeys (ConfUtils.java:logGet(43)) - raft.server.log.preallocated.size = 16384 (custom)
2019-09-26 15:13:31,107 [pool-27-thread-1] INFO  server.RaftServerConfigKeys (ConfUtils.java:logGet(43)) - raft.server.log.write.buffer.size = 33554432 (custom)
2019-09-26 15:13:31,107 [pool-27-thread-1] INFO  server.RaftServerConfigKeys (ConfUtils.java:logGet(43)) - raft.server.log.force.sync.num = 128 (default)
2019-09-26 15:13:31,107 [pool-27-thread-1] INFO  server.RaftServerConfigKeys (ConfUtils.java:logGet(43)) - raft.server.log.statemachine.data.sync = true (default)
2019-09-26 15:13:31,108 [pool-27-thread-1] INFO  server.RaftServerConfigKeys (ConfUtils.java:logGet(43)) - raft.server.log.statemachine.data.sync.timeout = 10s (default)
2019-09-26 15:13:31,108 [pool-27-thread-1] INFO  server.RaftServerConfigKeys (ConfUtils.java:logGet(43)) - raft.server.log.statemachine.data.sync.timeout.retry = -1 (default)
2019-09-26 15:13:31,108 [pool-27-thread-1] INFO  server.RaftServerConfigKeys (ConfUtils.java:logGet(43)) - raft.server.log.statemachine.data.caching.enabled = true (custom)
2019-09-26 15:13:31,108 [pool-27-thread-1] INFO  segmented.SegmentedRaftLogWorker (SegmentedRaftLogWorker.java:lambda$new$0(132)) - b3e939fd-eb36-468b-9efe-5d0a1fdaa172@group-B602AE1BC508-SegmentedRaftLogWorker: flushIndex: setUnconditionally 0 -> -1
2019-09-26 15:13:31,108 [pool-27-thread-1] INFO  server.RaftServerConfigKeys (ConfUtils.java:logGet(43)) - raft.server.snapshot.auto.trigger.enabled = true (custom)
2019-09-26 15:13:31,108 [pool-27-thread-1] INFO  server.RaftServerConfigKeys (ConfUtils.java:logGet(43)) - raft.server.snapshot.auto.trigger.threshold = 10000 (custom)
2019-09-26 15:13:31,108 [pool-27-thread-1] INFO  server.RaftServerConfigKeys (ConfUtils.java:logGet(43)) - raft.server.snapshot.retention.num.files = 5 (custom)
2019-09-26 15:13:31,108 [pool-27-thread-1] INFO  server.RaftServerConfigKeys (ConfUtils.java:logGet(43)) - raft.server.retrycache.expirytime = 600000ms (custom)
2019-09-26 15:13:31,109 [pool-27-thread-1] INFO  impl.RaftServerImpl (RaftServerImpl.java:start(185)) - b3e939fd-eb36-468b-9efe-5d0a1fdaa172@group-B602AE1BC508: start as a follower, conf=-1: [b3e939fd-eb36-468b-9efe-5d0a1fdaa172:192.168.151.99:45433], old=null
2019-09-26 15:13:31,109 [pool-27-thread-1] INFO  impl.RaftServerImpl (RaftServerImpl.java:setRole(174)) - b3e939fd-eb36-468b-9efe-5d0a1fdaa172@group-B602AE1BC508: changes role from      null to FOLLOWER at term 0 for startAsFollower
2019-09-26 15:13:31,109 [pool-27-thread-1] INFO  impl.RoleInfo (RoleInfo.java:updateAndGet(143)) - b3e939fd-eb36-468b-9efe-5d0a1fdaa172: start FollowerState
2019-09-26 15:13:31,109 [pool-27-thread-1] INFO  util.JmxRegister (JmxRegister.java:tryRegister(44)) - Successfully registered JMX Bean with object name Ratis:service=RaftServer,group=group-B602AE1BC508,id=b3e939fd-eb36-468b-9efe-5d0a1fdaa172
2019-09-26 15:13:31,111 [RatisPipelineUtilsThread] INFO  pipeline.PipelineStateManager (PipelineStateManager.java:addPipeline(56)) - Created pipeline Pipeline[ Id: ec845959-4484-4f37-8867-b602ae1bc508, Nodes: b3e939fd-eb36-468b-9efe-5d0a1fdaa172{ip: 192.168.151.99, host: pr-hdds-1569-g6sp5-2013761785, networkLocation: /default-rack, certSerialId: null}, Type:RATIS, Factor:ONE, State:OPEN]
2019-09-26 15:13:31,114 [grpc-default-executor-0] INFO  impl.RaftServerProxy (RaftServerProxy.java:addNew(89)) - b3e939fd-eb36-468b-9efe-5d0a1fdaa172: addNew group-302304666DE6:[b3e939fd-eb36-468b-9efe-5d0a1fdaa172:192.168.151.99:45433] returns group-302304666DE6:java.util.concurrent.CompletableFuture@1ad52f42[Not completed]
2019-09-26 15:13:31,114 [pool-27-thread-1] INFO  impl.RaftServerImpl (RaftServerImpl.java:<init>(95)) - b3e939fd-eb36-468b-9efe-5d0a1fdaa172: new RaftServerImpl for group-302304666DE6:[b3e939fd-eb36-468b-9efe-5d0a1fdaa172:192.168.151.99:45433] with ContainerStateMachine:uninitialized
2019-09-26 15:13:31,114 [pool-27-thread-1] INFO  server.RaftServerConfigKeys (ConfUtils.java:logGet(43)) - raft.server.rpc.timeout.min = 5s (custom)
2019-09-26 15:13:31,114 [pool-27-thread-1] INFO  server.RaftServerConfigKeys (ConfUtils.java:logGet(43)) - raft.server.rpc.timeout.max = 5200ms (custom)
2019-09-26 15:13:31,114 [pool-27-thread-1] INFO  server.RaftServerConfigKeys (ConfUtils.java:logGet(43)) - raft.server.rpcslowness.timeout = 120s (custom)
2019-09-26 15:13:31,114 [pool-27-thread-1] INFO  server.RaftServerConfigKeys (ConfUtils.java:logGet(43)) - raft.server.sleep.deviation.threshold = 300 (default)
2019-09-26 15:13:31,114 [pool-27-thread-1] INFO  server.RaftServerConfigKeys (ConfUtils.java:logGet(43)) - raft.server.log.appender.install.snapshot.enabled = false (custom)
2019-09-26 15:13:31,114 [pool-27-thread-1] INFO  impl.RaftServerImpl (ServerState.java:<init>(103)) - b3e939fd-eb36-468b-9efe-5d0a1fdaa172@group-302304666DE6: ConfigurationManager, init=-1: [b3e939fd-eb36-468b-9efe-5d0a1fdaa172:192.168.151.99:45433], old=null, confs=<EMPTY_MAP>
2019-09-26 15:13:31,115 [pool-27-thread-1] INFO  server.RaftServerConfigKeys (ConfUtils.java:logGet(43)) - raft.server.storage.dir = [/workdir/hadoop-ozone/integration-test/target/test-dir/MiniOzoneClusterImpl-7e2f4b2f-6763-4a45-9ec4-264c2cef7c61/datanode-0/data/ratis] (custom)
2019-09-26 15:13:31,115 [pool-27-thread-1] INFO  storage.RaftStorageDirectory (RaftStorageDirectory.java:analyzeStorage(246)) - The storage directory /workdir/hadoop-ozone/integration-test/target/test-dir/MiniOzoneClusterImpl-7e2f4b2f-6763-4a45-9ec4-264c2cef7c61/datanode-0/data/ratis/955de493-774c-457c-acd0-302304666de6 does not exist. Creating ...
2019-09-26 15:13:31,127 [pool-27-thread-1] INFO  storage.RaftStorageDirectory (RaftStorageDirectory.java:tryLock(328)) - Lock on /workdir/hadoop-ozone/integration-test/target/test-dir/MiniOzoneClusterImpl-7e2f4b2f-6763-4a45-9ec4-264c2cef7c61/datanode-0/data/ratis/955de493-774c-457c-acd0-302304666de6/in_use.lock acquired by nodename 11803@pr-hdds-1569-g6sp5-2013761785
2019-09-26 15:13:31,140 [pool-27-thread-1] INFO  storage.RaftStorage (RaftStorage.java:format(72)) - Storage directory /workdir/hadoop-ozone/integration-test/target/test-dir/MiniOzoneClusterImpl-7e2f4b2f-6763-4a45-9ec4-264c2cef7c61/datanode-0/data/ratis/955de493-774c-457c-acd0-302304666de6 has been successfully formatted.
2019-09-26 15:13:31,140 [pool-27-thread-1] INFO  ratis.ContainerStateMachine (ContainerStateMachine.java:loadSnapshot(230)) - group-302304666DE6: The snapshot info is null. Setting the last applied indexto:(t:0, i:~)
2019-09-26 15:13:31,140 [pool-27-thread-1] INFO  server.RaftServerConfigKeys (ConfUtils.java:logGet(43)) - raft.server.notification.no-leader.timeout = 120s (custom)
2019-09-26 15:13:31,140 [pool-27-thread-1] INFO  server.RaftServerConfigKeys (ConfUtils.java:logGet(43)) - raft.server.log.use.memory = false (default)
2019-09-26 15:13:31,140 [pool-27-thread-1] INFO  server.RaftServerConfigKeys (ConfUtils.java:logGet(43)) - raft.server.log.purge.gap = 1000000 (custom)
2019-09-26 15:13:31,140 [pool-27-thread-1] INFO  server.RaftServerConfigKeys (ConfUtils.java:logGet(43)) - raft.server.log.appender.buffer.byte-limit = 33554432 (custom)
2019-09-26 15:13:31,140 [pool-27-thread-1] INFO  server.RaftServerConfigKeys (ConfUtils.java:logGet(43)) - raft.server.log.segment.size.max = 1048576 (custom)
2019-09-26 15:13:31,141 [pool-27-thread-1] INFO  server.RaftServerConfigKeys (ConfUtils.java:logGet(43)) - raft.server.log.segment.cache.num.max = 2 (custom)
2019-09-26 15:13:31,141 [pool-27-thread-1] INFO  segmented.SegmentedRaftLogWorker (SegmentedRaftLogWorker.java:<init>(172)) - new b3e939fd-eb36-468b-9efe-5d0a1fdaa172@group-302304666DE6-SegmentedRaftLogWorker for RaftStorage:Storage Directory /workdir/hadoop-ozone/integration-test/target/test-dir/MiniOzoneClusterImpl-7e2f4b2f-6763-4a45-9ec4-264c2cef7c61/datanode-0/data/ratis/955de493-774c-457c-acd0-302304666de6
2019-09-26 15:13:31,141 [pool-27-thread-1] INFO  server.RaftServerConfigKeys (ConfUtils.java:logGet(43)) - raft.server.log.queue.byte-limit = 2147483647 (custom)
2019-09-26 15:13:31,141 [pool-27-thread-1] INFO  server.RaftServerConfigKeys (ConfUtils.java:logGet(43)) - raft.server.log.queue.element-limit = 1024 (custom)
2019-09-26 15:13:31,141 [pool-27-thread-1] INFO  server.RaftServerConfigKeys (ConfUtils.java:logGet(43)) - raft.server.log.segment.size.max = 1048576 (custom)
2019-09-26 15:13:31,141 [pool-27-thread-1] INFO  server.RaftServerConfigKeys (ConfUtils.java:logGet(43)) - raft.server.log.preallocated.size = 16384 (custom)
2019-09-26 15:13:31,141 [pool-27-thread-1] INFO  server.RaftServerConfigKeys (ConfUtils.java:logGet(43)) - raft.server.log.write.buffer.size = 33554432 (custom)
2019-09-26 15:13:31,141 [pool-27-thread-1] INFO  server.RaftServerConfigKeys (ConfUtils.java:logGet(43)) - raft.server.log.force.sync.num = 128 (default)
2019-09-26 15:13:31,141 [pool-27-thread-1] INFO  server.RaftServerConfigKeys (ConfUtils.java:logGet(43)) - raft.server.log.statemachine.data.sync = true (default)
2019-09-26 15:13:31,141 [pool-27-thread-1] INFO  server.RaftServerConfigKeys (ConfUtils.java:logGet(43)) - raft.server.log.statemachine.data.sync.timeout = 10s (default)
2019-09-26 15:13:31,141 [pool-27-thread-1] INFO  server.RaftServerConfigKeys (ConfUtils.java:logGet(43)) - raft.server.log.statemachine.data.sync.timeout.retry = -1 (default)
2019-09-26 15:13:31,141 [pool-27-thread-1] INFO  server.RaftServerConfigKeys (ConfUtils.java:logGet(43)) - raft.server.log.statemachine.data.caching.enabled = true (custom)
2019-09-26 15:13:31,142 [pool-27-thread-1] INFO  segmented.SegmentedRaftLogWorker (SegmentedRaftLogWorker.java:lambda$new$0(132)) - b3e939fd-eb36-468b-9efe-5d0a1fdaa172@group-302304666DE6-SegmentedRaftLogWorker: flushIndex: setUnconditionally 0 -> -1
2019-09-26 15:13:31,142 [pool-27-thread-1] INFO  server.RaftServerConfigKeys (ConfUtils.java:logGet(43)) - raft.server.snapshot.auto.trigger.enabled = true (custom)
2019-09-26 15:13:31,142 [pool-27-thread-1] INFO  server.RaftServerConfigKeys (ConfUtils.java:logGet(43)) - raft.server.snapshot.auto.trigger.threshold = 10000 (custom)
2019-09-26 15:13:31,142 [pool-27-thread-1] INFO  server.RaftServerConfigKeys (ConfUtils.java:logGet(43)) - raft.server.snapshot.retention.num.files = 5 (custom)
2019-09-26 15:13:31,142 [pool-27-thread-1] INFO  server.RaftServerConfigKeys (ConfUtils.java:logGet(43)) - raft.server.retrycache.expirytime = 600000ms (custom)
2019-09-26 15:13:31,143 [pool-27-thread-1] INFO  impl.RaftServerImpl (RaftServerImpl.java:start(185)) - b3e939fd-eb36-468b-9efe-5d0a1fdaa172@group-302304666DE6: start as a follower, conf=-1: [b3e939fd-eb36-468b-9efe-5d0a1fdaa172:192.168.151.99:45433], old=null
2019-09-26 15:13:31,143 [pool-27-thread-1] INFO  impl.RaftServerImpl (RaftServerImpl.java:setRole(174)) - b3e939fd-eb36-468b-9efe-5d0a1fdaa172@group-302304666DE6: changes role from      null to FOLLOWER at term 0 for startAsFollower
2019-09-26 15:13:31,143 [pool-27-thread-1] INFO  impl.RoleInfo (RoleInfo.java:updateAndGet(143)) - b3e939fd-eb36-468b-9efe-5d0a1fdaa172: start FollowerState
2019-09-26 15:13:31,143 [pool-27-thread-1] INFO  util.JmxRegister (JmxRegister.java:tryRegister(44)) - Successfully registered JMX Bean with object name Ratis:service=RaftServer,group=group-302304666DE6,id=b3e939fd-eb36-468b-9efe-5d0a1fdaa172
2019-09-26 15:13:31,145 [RatisPipelineUtilsThread] INFO  pipeline.PipelineStateManager (PipelineStateManager.java:addPipeline(56)) - Created pipeline Pipeline[ Id: 955de493-774c-457c-acd0-302304666de6, Nodes: b3e939fd-eb36-468b-9efe-5d0a1fdaa172{ip: 192.168.151.99, host: pr-hdds-1569-g6sp5-2013761785, networkLocation: /default-rack, certSerialId: null}, Type:RATIS, Factor:ONE, State:OPEN]
2019-09-26 15:13:31,147 [grpc-default-executor-0] INFO  impl.RaftServerProxy (RaftServerProxy.java:addNew(89)) - b3e939fd-eb36-468b-9efe-5d0a1fdaa172: addNew group-ED5485EA5ACD:[b3e939fd-eb36-468b-9efe-5d0a1fdaa172:192.168.151.99:45433] returns group-ED5485EA5ACD:java.util.concurrent.CompletableFuture@5ea8a176[Not completed]
2019-09-26 15:13:31,148 [pool-27-thread-1] INFO  impl.RaftServerImpl (RaftServerImpl.java:<init>(95)) - b3e939fd-eb36-468b-9efe-5d0a1fdaa172: new RaftServerImpl for group-ED5485EA5ACD:[b3e939fd-eb36-468b-9efe-5d0a1fdaa172:192.168.151.99:45433] with ContainerStateMachine:uninitialized
2019-09-26 15:13:31,148 [pool-27-thread-1] INFO  server.RaftServerConfigKeys (ConfUtils.java:logGet(43)) - raft.server.rpc.timeout.min = 5s (custom)
2019-09-26 15:13:31,148 [pool-27-thread-1] INFO  server.RaftServerConfigKeys (ConfUtils.java:logGet(43)) - raft.server.rpc.timeout.max = 5200ms (custom)
2019-09-26 15:13:31,148 [pool-27-thread-1] INFO  server.RaftServerConfigKeys (ConfUtils.java:logGet(43)) - raft.server.rpcslowness.timeout = 120s (custom)
2019-09-26 15:13:31,148 [pool-27-thread-1] INFO  server.RaftServerConfigKeys (ConfUtils.java:logGet(43)) - raft.server.sleep.deviation.threshold = 300 (default)
2019-09-26 15:13:31,148 [pool-27-thread-1] INFO  server.RaftServerConfigKeys (ConfUtils.java:logGet(43)) - raft.server.log.appender.install.snapshot.enabled = false (custom)
2019-09-26 15:13:31,148 [pool-27-thread-1] INFO  impl.RaftServerImpl (ServerState.java:<init>(103)) - b3e939fd-eb36-468b-9efe-5d0a1fdaa172@group-ED5485EA5ACD: ConfigurationManager, init=-1: [b3e939fd-eb36-468b-9efe-5d0a1fdaa172:192.168.151.99:45433], old=null, confs=<EMPTY_MAP>
2019-09-26 15:13:31,149 [pool-27-thread-1] INFO  server.RaftServerConfigKeys (ConfUtils.java:logGet(43)) - raft.server.storage.dir = [/workdir/hadoop-ozone/integration-test/target/test-dir/MiniOzoneClusterImpl-7e2f4b2f-6763-4a45-9ec4-264c2cef7c61/datanode-0/data/ratis] (custom)
2019-09-26 15:13:31,149 [pool-27-thread-1] INFO  storage.RaftStorageDirectory (RaftStorageDirectory.java:analyzeStorage(246)) - The storage directory /workdir/hadoop-ozone/integration-test/target/test-dir/MiniOzoneClusterImpl-7e2f4b2f-6763-4a45-9ec4-264c2cef7c61/datanode-0/data/ratis/46392f61-ac30-46a8-825d-ed5485ea5acd does not exist. Creating ...
2019-09-26 15:13:31,158 [pool-27-thread-1] INFO  storage.RaftStorageDirectory (RaftStorageDirectory.java:tryLock(328)) - Lock on /workdir/hadoop-ozone/integration-test/target/test-dir/MiniOzoneClusterImpl-7e2f4b2f-6763-4a45-9ec4-264c2cef7c61/datanode-0/data/ratis/46392f61-ac30-46a8-825d-ed5485ea5acd/in_use.lock acquired by nodename 11803@pr-hdds-1569-g6sp5-2013761785
2019-09-26 15:13:31,161 [pool-27-thread-1] INFO  storage.RaftStorage (RaftStorage.java:format(72)) - Storage directory /workdir/hadoop-ozone/integration-test/target/test-dir/MiniOzoneClusterImpl-7e2f4b2f-6763-4a45-9ec4-264c2cef7c61/datanode-0/data/ratis/46392f61-ac30-46a8-825d-ed5485ea5acd has been successfully formatted.
2019-09-26 15:13:31,161 [pool-27-thread-1] INFO  ratis.ContainerStateMachine (ContainerStateMachine.java:loadSnapshot(230)) - group-ED5485EA5ACD: The snapshot info is null. Setting the last applied indexto:(t:0, i:~)
2019-09-26 15:13:31,161 [pool-27-thread-1] INFO  server.RaftServerConfigKeys (ConfUtils.java:logGet(43)) - raft.server.notification.no-leader.timeout = 120s (custom)
2019-09-26 15:13:31,161 [pool-27-thread-1] INFO  server.RaftServerConfigKeys (ConfUtils.java:logGet(43)) - raft.server.log.use.memory = false (default)
2019-09-26 15:13:31,161 [pool-27-thread-1] INFO  server.RaftServerConfigKeys (ConfUtils.java:logGet(43)) - raft.server.log.purge.gap = 1000000 (custom)
2019-09-26 15:13:31,161 [pool-27-thread-1] INFO  server.RaftServerConfigKeys (ConfUtils.java:logGet(43)) - raft.server.log.appender.buffer.byte-limit = 33554432 (custom)
2019-09-26 15:13:31,161 [pool-27-thread-1] INFO  server.RaftServerConfigKeys (ConfUtils.java:logGet(43)) - raft.server.log.segment.size.max = 1048576 (custom)
2019-09-26 15:13:31,161 [pool-27-thread-1] INFO  server.RaftServerConfigKeys (ConfUtils.java:logGet(43)) - raft.server.log.segment.cache.num.max = 2 (custom)
2019-09-26 15:13:31,161 [pool-27-thread-1] INFO  segmented.SegmentedRaftLogWorker (SegmentedRaftLogWorker.java:<init>(172)) - new b3e939fd-eb36-468b-9efe-5d0a1fdaa172@group-ED5485EA5ACD-SegmentedRaftLogWorker for RaftStorage:Storage Directory /workdir/hadoop-ozone/integration-test/target/test-dir/MiniOzoneClusterImpl-7e2f4b2f-6763-4a45-9ec4-264c2cef7c61/datanode-0/data/ratis/46392f61-ac30-46a8-825d-ed5485ea5acd
2019-09-26 15:13:31,161 [pool-27-thread-1] INFO  server.RaftServerConfigKeys (ConfUtils.java:logGet(43)) - raft.server.log.queue.byte-limit = 2147483647 (custom)
2019-09-26 15:13:31,162 [pool-27-thread-1] INFO  server.RaftServerConfigKeys (ConfUtils.java:logGet(43)) - raft.server.log.queue.element-limit = 1024 (custom)
2019-09-26 15:13:31,162 [pool-27-thread-1] INFO  server.RaftServerConfigKeys (ConfUtils.java:logGet(43)) - raft.server.log.segment.size.max = 1048576 (custom)
2019-09-26 15:13:31,162 [pool-27-thread-1] INFO  server.RaftServerConfigKeys (ConfUtils.java:logGet(43)) - raft.server.log.preallocated.size = 16384 (custom)
2019-09-26 15:13:31,162 [pool-27-thread-1] INFO  server.RaftServerConfigKeys (ConfUtils.java:logGet(43)) - raft.server.log.write.buffer.size = 33554432 (custom)
2019-09-26 15:13:31,162 [pool-27-thread-1] INFO  server.RaftServerConfigKeys (ConfUtils.java:logGet(43)) - raft.server.log.force.sync.num = 128 (default)
2019-09-26 15:13:31,162 [pool-27-thread-1] INFO  server.RaftServerConfigKeys (ConfUtils.java:logGet(43)) - raft.server.log.statemachine.data.sync = true (default)
2019-09-26 15:13:31,162 [pool-27-thread-1] INFO  server.RaftServerConfigKeys (ConfUtils.java:logGet(43)) - raft.server.log.statemachine.data.sync.timeout = 10s (default)
2019-09-26 15:13:31,162 [pool-27-thread-1] INFO  server.RaftServerConfigKeys (ConfUtils.java:logGet(43)) - raft.server.log.statemachine.data.sync.timeout.retry = -1 (default)
2019-09-26 15:13:31,162 [pool-27-thread-1] INFO  server.RaftServerConfigKeys (ConfUtils.java:logGet(43)) - raft.server.log.statemachine.data.caching.enabled = true (custom)
2019-09-26 15:13:31,162 [pool-27-thread-1] INFO  segmented.SegmentedRaftLogWorker (SegmentedRaftLogWorker.java:lambda$new$0(132)) - b3e939fd-eb36-468b-9efe-5d0a1fdaa172@group-ED5485EA5ACD-SegmentedRaftLogWorker: flushIndex: setUnconditionally 0 -> -1
2019-09-26 15:13:31,163 [pool-27-thread-1] INFO  server.RaftServerConfigKeys (ConfUtils.java:logGet(43)) - raft.server.snapshot.auto.trigger.enabled = true (custom)
2019-09-26 15:13:31,163 [pool-27-thread-1] INFO  server.RaftServerConfigKeys (ConfUtils.java:logGet(43)) - raft.server.snapshot.auto.trigger.threshold = 10000 (custom)
2019-09-26 15:13:31,163 [pool-27-thread-1] INFO  server.RaftServerConfigKeys (ConfUtils.java:logGet(43)) - raft.server.snapshot.retention.num.files = 5 (custom)
2019-09-26 15:13:31,163 [pool-27-thread-1] INFO  server.RaftServerConfigKeys (ConfUtils.java:logGet(43)) - raft.server.retrycache.expirytime = 600000ms (custom)
2019-09-26 15:13:31,164 [pool-27-thread-1] INFO  impl.RaftServerImpl (RaftServerImpl.java:start(185)) - b3e939fd-eb36-468b-9efe-5d0a1fdaa172@group-ED5485EA5ACD: start as a follower, conf=-1: [b3e939fd-eb36-468b-9efe-5d0a1fdaa172:192.168.151.99:45433], old=null
2019-09-26 15:13:31,164 [pool-27-thread-1] INFO  impl.RaftServerImpl (RaftServerImpl.java:setRole(174)) - b3e939fd-eb36-468b-9efe-5d0a1fdaa172@group-ED5485EA5ACD: changes role from      null to FOLLOWER at term 0 for startAsFollower
2019-09-26 15:13:31,164 [pool-27-thread-1] INFO  impl.RoleInfo (RoleInfo.java:updateAndGet(143)) - b3e939fd-eb36-468b-9efe-5d0a1fdaa172: start FollowerState
2019-09-26 15:13:31,164 [pool-27-thread-1] INFO  util.JmxRegister (JmxRegister.java:tryRegister(44)) - Successfully registered JMX Bean with object name Ratis:service=RaftServer,group=group-ED5485EA5ACD,id=b3e939fd-eb36-468b-9efe-5d0a1fdaa172
2019-09-26 15:13:31,167 [RatisPipelineUtilsThread] INFO  pipeline.PipelineStateManager (PipelineStateManager.java:addPipeline(56)) - Created pipeline Pipeline[ Id: 46392f61-ac30-46a8-825d-ed5485ea5acd, Nodes: b3e939fd-eb36-468b-9efe-5d0a1fdaa172{ip: 192.168.151.99, host: pr-hdds-1569-g6sp5-2013761785, networkLocation: /default-rack, certSerialId: null}, Type:RATIS, Factor:ONE, State:OPEN]
2019-09-26 15:13:31,171 [grpc-default-executor-0] INFO  impl.RaftServerProxy (RaftServerProxy.java:addNew(89)) - b3e939fd-eb36-468b-9efe-5d0a1fdaa172: addNew group-752F8CC2B31E:[b3e939fd-eb36-468b-9efe-5d0a1fdaa172:192.168.151.99:45433] returns group-752F8CC2B31E:java.util.concurrent.CompletableFuture@7f52a1b1[Not completed]
2019-09-26 15:13:31,172 [pool-27-thread-1] INFO  impl.RaftServerImpl (RaftServerImpl.java:<init>(95)) - b3e939fd-eb36-468b-9efe-5d0a1fdaa172: new RaftServerImpl for group-752F8CC2B31E:[b3e939fd-eb36-468b-9efe-5d0a1fdaa172:192.168.151.99:45433] with ContainerStateMachine:uninitialized
2019-09-26 15:13:31,172 [pool-27-thread-1] INFO  server.RaftServerConfigKeys (ConfUtils.java:logGet(43)) - raft.server.rpc.timeout.min = 5s (custom)
2019-09-26 15:13:31,172 [pool-27-thread-1] INFO  server.RaftServerConfigKeys (ConfUtils.java:logGet(43)) - raft.server.rpc.timeout.max = 5200ms (custom)
2019-09-26 15:13:31,172 [pool-27-thread-1] INFO  server.RaftServerConfigKeys (ConfUtils.java:logGet(43)) - raft.server.rpcslowness.timeout = 120s (custom)
2019-09-26 15:13:31,172 [pool-27-thread-1] INFO  server.RaftServerConfigKeys (ConfUtils.java:logGet(43)) - raft.server.sleep.deviation.threshold = 300 (default)
2019-09-26 15:13:31,173 [pool-27-thread-1] INFO  server.RaftServerConfigKeys (ConfUtils.java:logGet(43)) - raft.server.log.appender.install.snapshot.enabled = false (custom)
2019-09-26 15:13:31,173 [pool-27-thread-1] INFO  impl.RaftServerImpl (ServerState.java:<init>(103)) - b3e939fd-eb36-468b-9efe-5d0a1fdaa172@group-752F8CC2B31E: ConfigurationManager, init=-1: [b3e939fd-eb36-468b-9efe-5d0a1fdaa172:192.168.151.99:45433], old=null, confs=<EMPTY_MAP>
2019-09-26 15:13:31,173 [pool-27-thread-1] INFO  server.RaftServerConfigKeys (ConfUtils.java:logGet(43)) - raft.server.storage.dir = [/workdir/hadoop-ozone/integration-test/target/test-dir/MiniOzoneClusterImpl-7e2f4b2f-6763-4a45-9ec4-264c2cef7c61/datanode-0/data/ratis] (custom)
2019-09-26 15:13:31,174 [pool-27-thread-1] INFO  storage.RaftStorageDirectory (RaftStorageDirectory.java:analyzeStorage(246)) - The storage directory /workdir/hadoop-ozone/integration-test/target/test-dir/MiniOzoneClusterImpl-7e2f4b2f-6763-4a45-9ec4-264c2cef7c61/datanode-0/data/ratis/a5968b0a-0bea-4a89-9daa-752f8cc2b31e does not exist. Creating ...
2019-09-26 15:13:31,187 [pool-27-thread-1] INFO  storage.RaftStorageDirectory (RaftStorageDirectory.java:tryLock(328)) - Lock on /workdir/hadoop-ozone/integration-test/target/test-dir/MiniOzoneClusterImpl-7e2f4b2f-6763-4a45-9ec4-264c2cef7c61/datanode-0/data/ratis/a5968b0a-0bea-4a89-9daa-752f8cc2b31e/in_use.lock acquired by nodename 11803@pr-hdds-1569-g6sp5-2013761785
2019-09-26 15:13:31,200 [pool-27-thread-1] INFO  storage.RaftStorage (RaftStorage.java:format(72)) - Storage directory /workdir/hadoop-ozone/integration-test/target/test-dir/MiniOzoneClusterImpl-7e2f4b2f-6763-4a45-9ec4-264c2cef7c61/datanode-0/data/ratis/a5968b0a-0bea-4a89-9daa-752f8cc2b31e has been successfully formatted.
2019-09-26 15:13:31,200 [pool-27-thread-1] INFO  ratis.ContainerStateMachine (ContainerStateMachine.java:loadSnapshot(230)) - group-752F8CC2B31E: The snapshot info is null. Setting the last applied indexto:(t:0, i:~)
2019-09-26 15:13:31,200 [pool-27-thread-1] INFO  server.RaftServerConfigKeys (ConfUtils.java:logGet(43)) - raft.server.notification.no-leader.timeout = 120s (custom)
2019-09-26 15:13:31,201 [pool-27-thread-1] INFO  server.RaftServerConfigKeys (ConfUtils.java:logGet(43)) - raft.server.log.use.memory = false (default)
2019-09-26 15:13:31,201 [pool-27-thread-1] INFO  server.RaftServerConfigKeys (ConfUtils.java:logGet(43)) - raft.server.log.purge.gap = 1000000 (custom)
2019-09-26 15:13:31,201 [pool-27-thread-1] INFO  server.RaftServerConfigKeys (ConfUtils.java:logGet(43)) - raft.server.log.appender.buffer.byte-limit = 33554432 (custom)
2019-09-26 15:13:31,201 [pool-27-thread-1] INFO  server.RaftServerConfigKeys (ConfUtils.java:logGet(43)) - raft.server.log.segment.size.max = 1048576 (custom)
2019-09-26 15:13:31,201 [pool-27-thread-1] INFO  server.RaftServerConfigKeys (ConfUtils.java:logGet(43)) - raft.server.log.segment.cache.num.max = 2 (custom)
2019-09-26 15:13:31,201 [pool-27-thread-1] INFO  segmented.SegmentedRaftLogWorker (SegmentedRaftLogWorker.java:<init>(172)) - new b3e939fd-eb36-468b-9efe-5d0a1fdaa172@group-752F8CC2B31E-SegmentedRaftLogWorker for RaftStorage:Storage Directory /workdir/hadoop-ozone/integration-test/target/test-dir/MiniOzoneClusterImpl-7e2f4b2f-6763-4a45-9ec4-264c2cef7c61/datanode-0/data/ratis/a5968b0a-0bea-4a89-9daa-752f8cc2b31e
2019-09-26 15:13:31,201 [pool-27-thread-1] INFO  server.RaftServerConfigKeys (ConfUtils.java:logGet(43)) - raft.server.log.queue.byte-limit = 2147483647 (custom)
2019-09-26 15:13:31,201 [pool-27-thread-1] INFO  server.RaftServerConfigKeys (ConfUtils.java:logGet(43)) - raft.server.log.queue.element-limit = 1024 (custom)
2019-09-26 15:13:31,201 [pool-27-thread-1] INFO  server.RaftServerConfigKeys (ConfUtils.java:logGet(43)) - raft.server.log.segment.size.max = 1048576 (custom)
2019-09-26 15:13:31,202 [pool-27-thread-1] INFO  server.RaftServerConfigKeys (ConfUtils.java:logGet(43)) - raft.server.log.preallocated.size = 16384 (custom)
2019-09-26 15:13:31,202 [pool-27-thread-1] INFO  server.RaftServerConfigKeys (ConfUtils.java:logGet(43)) - raft.server.log.write.buffer.size = 33554432 (custom)
2019-09-26 15:13:31,202 [pool-27-thread-1] INFO  server.RaftServerConfigKeys (ConfUtils.java:logGet(43)) - raft.server.log.force.sync.num = 128 (default)
2019-09-26 15:13:31,202 [pool-27-thread-1] INFO  server.RaftServerConfigKeys (ConfUtils.java:logGet(43)) - raft.server.log.statemachine.data.sync = true (default)
2019-09-26 15:13:31,202 [pool-27-thread-1] INFO  server.RaftServerConfigKeys (ConfUtils.java:logGet(43)) - raft.server.log.statemachine.data.sync.timeout = 10s (default)
2019-09-26 15:13:31,202 [pool-27-thread-1] INFO  server.RaftServerConfigKeys (ConfUtils.java:logGet(43)) - raft.server.log.statemachine.data.sync.timeout.retry = -1 (default)
2019-09-26 15:13:31,202 [pool-27-thread-1] INFO  server.RaftServerConfigKeys (ConfUtils.java:logGet(43)) - raft.server.log.statemachine.data.caching.enabled = true (custom)
2019-09-26 15:13:31,202 [pool-27-thread-1] INFO  segmented.SegmentedRaftLogWorker (SegmentedRaftLogWorker.java:lambda$new$0(132)) - b3e939fd-eb36-468b-9efe-5d0a1fdaa172@group-752F8CC2B31E-SegmentedRaftLogWorker: flushIndex: setUnconditionally 0 -> -1
2019-09-26 15:13:31,203 [pool-27-thread-1] INFO  server.RaftServerConfigKeys (ConfUtils.java:logGet(43)) - raft.server.snapshot.auto.trigger.enabled = true (custom)
2019-09-26 15:13:31,203 [pool-27-thread-1] INFO  server.RaftServerConfigKeys (ConfUtils.java:logGet(43)) - raft.server.snapshot.auto.trigger.threshold = 10000 (custom)
2019-09-26 15:13:31,203 [pool-27-thread-1] INFO  server.RaftServerConfigKeys (ConfUtils.java:logGet(43)) - raft.server.snapshot.retention.num.files = 5 (custom)
2019-09-26 15:13:31,203 [pool-27-thread-1] INFO  server.RaftServerConfigKeys (ConfUtils.java:logGet(43)) - raft.server.retrycache.expirytime = 600000ms (custom)
2019-09-26 15:13:31,204 [pool-27-thread-1] INFO  impl.RaftServerImpl (RaftServerImpl.java:start(185)) - b3e939fd-eb36-468b-9efe-5d0a1fdaa172@group-752F8CC2B31E: start as a follower, conf=-1: [b3e939fd-eb36-468b-9efe-5d0a1fdaa172:192.168.151.99:45433], old=null
2019-09-26 15:13:31,205 [pool-27-thread-1] INFO  impl.RaftServerImpl (RaftServerImpl.java:setRole(174)) - b3e939fd-eb36-468b-9efe-5d0a1fdaa172@group-752F8CC2B31E: changes role from      null to FOLLOWER at term 0 for startAsFollower
2019-09-26 15:13:31,205 [pool-27-thread-1] INFO  impl.RoleInfo (RoleInfo.java:updateAndGet(143)) - b3e939fd-eb36-468b-9efe-5d0a1fdaa172: start FollowerState
2019-09-26 15:13:31,205 [pool-27-thread-1] INFO  util.JmxRegister (JmxRegister.java:tryRegister(44)) - Successfully registered JMX Bean with object name Ratis:service=RaftServer,group=group-752F8CC2B31E,id=b3e939fd-eb36-468b-9efe-5d0a1fdaa172
2019-09-26 15:13:31,207 [RatisPipelineUtilsThread] INFO  pipeline.PipelineStateManager (PipelineStateManager.java:addPipeline(56)) - Created pipeline Pipeline[ Id: a5968b0a-0bea-4a89-9daa-752f8cc2b31e, Nodes: b3e939fd-eb36-468b-9efe-5d0a1fdaa172{ip: 192.168.151.99, host: pr-hdds-1569-g6sp5-2013761785, networkLocation: /default-rack, certSerialId: null}, Type:RATIS, Factor:ONE, State:OPEN]
2019-09-26 15:13:31,212 [grpc-default-executor-0] INFO  impl.RaftServerProxy (RaftServerProxy.java:addNew(89)) - b3e939fd-eb36-468b-9efe-5d0a1fdaa172: addNew group-05F1D5DB38B1:[b3e939fd-eb36-468b-9efe-5d0a1fdaa172:192.168.151.99:45433] returns group-05F1D5DB38B1:java.util.concurrent.CompletableFuture@5ae337b2[Not completed]
2019-09-26 15:13:31,212 [pool-27-thread-1] INFO  impl.RaftServerImpl (RaftServerImpl.java:<init>(95)) - b3e939fd-eb36-468b-9efe-5d0a1fdaa172: new RaftServerImpl for group-05F1D5DB38B1:[b3e939fd-eb36-468b-9efe-5d0a1fdaa172:192.168.151.99:45433] with ContainerStateMachine:uninitialized
2019-09-26 15:13:31,212 [pool-27-thread-1] INFO  server.RaftServerConfigKeys (ConfUtils.java:logGet(43)) - raft.server.rpc.timeout.min = 5s (custom)
2019-09-26 15:13:31,212 [pool-27-thread-1] INFO  server.RaftServerConfigKeys (ConfUtils.java:logGet(43)) - raft.server.rpc.timeout.max = 5200ms (custom)
2019-09-26 15:13:31,212 [pool-27-thread-1] INFO  server.RaftServerConfigKeys (ConfUtils.java:logGet(43)) - raft.server.rpcslowness.timeout = 120s (custom)
2019-09-26 15:13:31,212 [pool-27-thread-1] INFO  server.RaftServerConfigKeys (ConfUtils.java:logGet(43)) - raft.server.sleep.deviation.threshold = 300 (default)
2019-09-26 15:13:31,212 [pool-27-thread-1] INFO  server.RaftServerConfigKeys (ConfUtils.java:logGet(43)) - raft.server.log.appender.install.snapshot.enabled = false (custom)
2019-09-26 15:13:31,212 [pool-27-thread-1] INFO  impl.RaftServerImpl (ServerState.java:<init>(103)) - b3e939fd-eb36-468b-9efe-5d0a1fdaa172@group-05F1D5DB38B1: ConfigurationManager, init=-1: [b3e939fd-eb36-468b-9efe-5d0a1fdaa172:192.168.151.99:45433], old=null, confs=<EMPTY_MAP>
2019-09-26 15:13:31,213 [pool-27-thread-1] INFO  server.RaftServerConfigKeys (ConfUtils.java:logGet(43)) - raft.server.storage.dir = [/workdir/hadoop-ozone/integration-test/target/test-dir/MiniOzoneClusterImpl-7e2f4b2f-6763-4a45-9ec4-264c2cef7c61/datanode-0/data/ratis] (custom)
2019-09-26 15:13:31,213 [pool-27-thread-1] INFO  storage.RaftStorageDirectory (RaftStorageDirectory.java:analyzeStorage(246)) - The storage directory /workdir/hadoop-ozone/integration-test/target/test-dir/MiniOzoneClusterImpl-7e2f4b2f-6763-4a45-9ec4-264c2cef7c61/datanode-0/data/ratis/d97b3fac-8a91-407b-b4ae-05f1d5db38b1 does not exist. Creating ...
2019-09-26 15:13:31,226 [pool-27-thread-1] INFO  storage.RaftStorageDirectory (RaftStorageDirectory.java:tryLock(328)) - Lock on /workdir/hadoop-ozone/integration-test/target/test-dir/MiniOzoneClusterImpl-7e2f4b2f-6763-4a45-9ec4-264c2cef7c61/datanode-0/data/ratis/d97b3fac-8a91-407b-b4ae-05f1d5db38b1/in_use.lock acquired by nodename 11803@pr-hdds-1569-g6sp5-2013761785
2019-09-26 15:13:31,239 [pool-27-thread-1] INFO  storage.RaftStorage (RaftStorage.java:format(72)) - Storage directory /workdir/hadoop-ozone/integration-test/target/test-dir/MiniOzoneClusterImpl-7e2f4b2f-6763-4a45-9ec4-264c2cef7c61/datanode-0/data/ratis/d97b3fac-8a91-407b-b4ae-05f1d5db38b1 has been successfully formatted.
2019-09-26 15:13:31,239 [pool-27-thread-1] INFO  ratis.ContainerStateMachine (ContainerStateMachine.java:loadSnapshot(230)) - group-05F1D5DB38B1: The snapshot info is null. Setting the last applied indexto:(t:0, i:~)
2019-09-26 15:13:31,239 [pool-27-thread-1] INFO  server.RaftServerConfigKeys (ConfUtils.java:logGet(43)) - raft.server.notification.no-leader.timeout = 120s (custom)
2019-09-26 15:13:31,239 [pool-27-thread-1] INFO  server.RaftServerConfigKeys (ConfUtils.java:logGet(43)) - raft.server.log.use.memory = false (default)
2019-09-26 15:13:31,239 [pool-27-thread-1] INFO  server.RaftServerConfigKeys (ConfUtils.java:logGet(43)) - raft.server.log.purge.gap = 1000000 (custom)
2019-09-26 15:13:31,239 [pool-27-thread-1] INFO  server.RaftServerConfigKeys (ConfUtils.java:logGet(43)) - raft.server.log.appender.buffer.byte-limit = 33554432 (custom)
2019-09-26 15:13:31,239 [pool-27-thread-1] INFO  server.RaftServerConfigKeys (ConfUtils.java:logGet(43)) - raft.server.log.segment.size.max = 1048576 (custom)
2019-09-26 15:13:31,239 [pool-27-thread-1] INFO  server.RaftServerConfigKeys (ConfUtils.java:logGet(43)) - raft.server.log.segment.cache.num.max = 2 (custom)
2019-09-26 15:13:31,240 [pool-27-thread-1] INFO  segmented.SegmentedRaftLogWorker (SegmentedRaftLogWorker.java:<init>(172)) - new b3e939fd-eb36-468b-9efe-5d0a1fdaa172@group-05F1D5DB38B1-SegmentedRaftLogWorker for RaftStorage:Storage Directory /workdir/hadoop-ozone/integration-test/target/test-dir/MiniOzoneClusterImpl-7e2f4b2f-6763-4a45-9ec4-264c2cef7c61/datanode-0/data/ratis/d97b3fac-8a91-407b-b4ae-05f1d5db38b1
2019-09-26 15:13:31,240 [pool-27-thread-1] INFO  server.RaftServerConfigKeys (ConfUtils.java:logGet(43)) - raft.server.log.queue.byte-limit = 2147483647 (custom)
2019-09-26 15:13:31,240 [pool-27-thread-1] INFO  server.RaftServerConfigKeys (ConfUtils.java:logGet(43)) - raft.server.log.queue.element-limit = 1024 (custom)
2019-09-26 15:13:31,240 [pool-27-thread-1] INFO  server.RaftServerConfigKeys (ConfUtils.java:logGet(43)) - raft.server.log.segment.size.max = 1048576 (custom)
2019-09-26 15:13:31,240 [pool-27-thread-1] INFO  server.RaftServerConfigKeys (ConfUtils.java:logGet(43)) - raft.server.log.preallocated.size = 16384 (custom)
2019-09-26 15:13:31,240 [pool-27-thread-1] INFO  server.RaftServerConfigKeys (ConfUtils.java:logGet(43)) - raft.server.log.write.buffer.size = 33554432 (custom)
2019-09-26 15:13:31,240 [pool-27-thread-1] INFO  server.RaftServerConfigKeys (ConfUtils.java:logGet(43)) - raft.server.log.force.sync.num = 128 (default)
2019-09-26 15:13:31,240 [pool-27-thread-1] INFO  server.RaftServerConfigKeys (ConfUtils.java:logGet(43)) - raft.server.log.statemachine.data.sync = true (default)
2019-09-26 15:13:31,240 [pool-27-thread-1] INFO  server.RaftServerConfigKeys (ConfUtils.java:logGet(43)) - raft.server.log.statemachine.data.sync.timeout = 10s (default)
2019-09-26 15:13:31,240 [pool-27-thread-1] INFO  server.RaftServerConfigKeys (ConfUtils.java:logGet(43)) - raft.server.log.statemachine.data.sync.timeout.retry = -1 (default)
2019-09-26 15:13:31,240 [pool-27-thread-1] INFO  server.RaftServerConfigKeys (ConfUtils.java:logGet(43)) - raft.server.log.statemachine.data.caching.enabled = true (custom)
2019-09-26 15:13:31,241 [pool-27-thread-1] INFO  segmented.SegmentedRaftLogWorker (SegmentedRaftLogWorker.java:lambda$new$0(132)) - b3e939fd-eb36-468b-9efe-5d0a1fdaa172@group-05F1D5DB38B1-SegmentedRaftLogWorker: flushIndex: setUnconditionally 0 -> -1
2019-09-26 15:13:31,241 [pool-27-thread-1] INFO  server.RaftServerConfigKeys (ConfUtils.java:logGet(43)) - raft.server.snapshot.auto.trigger.enabled = true (custom)
2019-09-26 15:13:31,241 [pool-27-thread-1] INFO  server.RaftServerConfigKeys (ConfUtils.java:logGet(43)) - raft.server.snapshot.auto.trigger.threshold = 10000 (custom)
2019-09-26 15:13:31,241 [pool-27-thread-1] INFO  server.RaftServerConfigKeys (ConfUtils.java:logGet(43)) - raft.server.snapshot.retention.num.files = 5 (custom)
2019-09-26 15:13:31,241 [pool-27-thread-1] INFO  server.RaftServerConfigKeys (ConfUtils.java:logGet(43)) - raft.server.retrycache.expirytime = 600000ms (custom)
2019-09-26 15:13:31,242 [pool-27-thread-1] INFO  impl.RaftServerImpl (RaftServerImpl.java:start(185)) - b3e939fd-eb36-468b-9efe-5d0a1fdaa172@group-05F1D5DB38B1: start as a follower, conf=-1: [b3e939fd-eb36-468b-9efe-5d0a1fdaa172:192.168.151.99:45433], old=null
2019-09-26 15:13:31,242 [pool-27-thread-1] INFO  impl.RaftServerImpl (RaftServerImpl.java:setRole(174)) - b3e939fd-eb36-468b-9efe-5d0a1fdaa172@group-05F1D5DB38B1: changes role from      null to FOLLOWER at term 0 for startAsFollower
2019-09-26 15:13:31,242 [pool-27-thread-1] INFO  impl.RoleInfo (RoleInfo.java:updateAndGet(143)) - b3e939fd-eb36-468b-9efe-5d0a1fdaa172: start FollowerState
2019-09-26 15:13:31,243 [pool-27-thread-1] INFO  util.JmxRegister (JmxRegister.java:tryRegister(44)) - Successfully registered JMX Bean with object name Ratis:service=RaftServer,group=group-05F1D5DB38B1,id=b3e939fd-eb36-468b-9efe-5d0a1fdaa172
2019-09-26 15:13:31,244 [RatisPipelineUtilsThread] INFO  pipeline.PipelineStateManager (PipelineStateManager.java:addPipeline(56)) - Created pipeline Pipeline[ Id: d97b3fac-8a91-407b-b4ae-05f1d5db38b1, Nodes: b3e939fd-eb36-468b-9efe-5d0a1fdaa172{ip: 192.168.151.99, host: pr-hdds-1569-g6sp5-2013761785, networkLocation: /default-rack, certSerialId: null}, Type:RATIS, Factor:ONE, State:OPEN]
2019-09-26 15:13:31,246 [grpc-default-executor-0] INFO  impl.RaftServerProxy (RaftServerProxy.java:addNew(89)) - b3e939fd-eb36-468b-9efe-5d0a1fdaa172: addNew group-A2BD7EF985B3:[b3e939fd-eb36-468b-9efe-5d0a1fdaa172:192.168.151.99:45433] returns group-A2BD7EF985B3:java.util.concurrent.CompletableFuture@7c6a1a67[Not completed]
2019-09-26 15:13:31,247 [pool-27-thread-1] INFO  impl.RaftServerImpl (RaftServerImpl.java:<init>(95)) - b3e939fd-eb36-468b-9efe-5d0a1fdaa172: new RaftServerImpl for group-A2BD7EF985B3:[b3e939fd-eb36-468b-9efe-5d0a1fdaa172:192.168.151.99:45433] with ContainerStateMachine:uninitialized
2019-09-26 15:13:31,247 [pool-27-thread-1] INFO  server.RaftServerConfigKeys (ConfUtils.java:logGet(43)) - raft.server.rpc.timeout.min = 5s (custom)
2019-09-26 15:13:31,247 [pool-27-thread-1] INFO  server.RaftServerConfigKeys (ConfUtils.java:logGet(43)) - raft.server.rpc.timeout.max = 5200ms (custom)
2019-09-26 15:13:31,247 [pool-27-thread-1] INFO  server.RaftServerConfigKeys (ConfUtils.java:logGet(43)) - raft.server.rpcslowness.timeout = 120s (custom)
2019-09-26 15:13:31,247 [pool-27-thread-1] INFO  server.RaftServerConfigKeys (ConfUtils.java:logGet(43)) - raft.server.sleep.deviation.threshold = 300 (default)
2019-09-26 15:13:31,247 [pool-27-thread-1] INFO  server.RaftServerConfigKeys (ConfUtils.java:logGet(43)) - raft.server.log.appender.install.snapshot.enabled = false (custom)
2019-09-26 15:13:31,247 [pool-27-thread-1] INFO  impl.RaftServerImpl (ServerState.java:<init>(103)) - b3e939fd-eb36-468b-9efe-5d0a1fdaa172@group-A2BD7EF985B3: ConfigurationManager, init=-1: [b3e939fd-eb36-468b-9efe-5d0a1fdaa172:192.168.151.99:45433], old=null, confs=<EMPTY_MAP>
2019-09-26 15:13:31,248 [pool-27-thread-1] INFO  server.RaftServerConfigKeys (ConfUtils.java:logGet(43)) - raft.server.storage.dir = [/workdir/hadoop-ozone/integration-test/target/test-dir/MiniOzoneClusterImpl-7e2f4b2f-6763-4a45-9ec4-264c2cef7c61/datanode-0/data/ratis] (custom)
2019-09-26 15:13:31,248 [pool-27-thread-1] INFO  storage.RaftStorageDirectory (RaftStorageDirectory.java:analyzeStorage(246)) - The storage directory /workdir/hadoop-ozone/integration-test/target/test-dir/MiniOzoneClusterImpl-7e2f4b2f-6763-4a45-9ec4-264c2cef7c61/datanode-0/data/ratis/327516c2-bf85-48fd-97d8-a2bd7ef985b3 does not exist. Creating ...
2019-09-26 15:13:31,262 [pool-27-thread-1] INFO  storage.RaftStorageDirectory (RaftStorageDirectory.java:tryLock(328)) - Lock on /workdir/hadoop-ozone/integration-test/target/test-dir/MiniOzoneClusterImpl-7e2f4b2f-6763-4a45-9ec4-264c2cef7c61/datanode-0/data/ratis/327516c2-bf85-48fd-97d8-a2bd7ef985b3/in_use.lock acquired by nodename 11803@pr-hdds-1569-g6sp5-2013761785
2019-09-26 15:13:31,264 [pool-27-thread-1] INFO  storage.RaftStorage (RaftStorage.java:format(72)) - Storage directory /workdir/hadoop-ozone/integration-test/target/test-dir/MiniOzoneClusterImpl-7e2f4b2f-6763-4a45-9ec4-264c2cef7c61/datanode-0/data/ratis/327516c2-bf85-48fd-97d8-a2bd7ef985b3 has been successfully formatted.
2019-09-26 15:13:31,264 [pool-27-thread-1] INFO  ratis.ContainerStateMachine (ContainerStateMachine.java:loadSnapshot(230)) - group-A2BD7EF985B3: The snapshot info is null. Setting the last applied indexto:(t:0, i:~)
2019-09-26 15:13:31,264 [pool-27-thread-1] INFO  server.RaftServerConfigKeys (ConfUtils.java:logGet(43)) - raft.server.notification.no-leader.timeout = 120s (custom)
2019-09-26 15:13:31,265 [pool-27-thread-1] INFO  server.RaftServerConfigKeys (ConfUtils.java:logGet(43)) - raft.server.log.use.memory = false (default)
2019-09-26 15:13:31,265 [pool-27-thread-1] INFO  server.RaftServerConfigKeys (ConfUtils.java:logGet(43)) - raft.server.log.purge.gap = 1000000 (custom)
2019-09-26 15:13:31,265 [pool-27-thread-1] INFO  server.RaftServerConfigKeys (ConfUtils.java:logGet(43)) - raft.server.log.appender.buffer.byte-limit = 33554432 (custom)
2019-09-26 15:13:31,265 [pool-27-thread-1] INFO  server.RaftServerConfigKeys (ConfUtils.java:logGet(43)) - raft.server.log.segment.size.max = 1048576 (custom)
2019-09-26 15:13:31,265 [pool-27-thread-1] INFO  server.RaftServerConfigKeys (ConfUtils.java:logGet(43)) - raft.server.log.segment.cache.num.max = 2 (custom)
2019-09-26 15:13:31,265 [pool-27-thread-1] INFO  segmented.SegmentedRaftLogWorker (SegmentedRaftLogWorker.java:<init>(172)) - new b3e939fd-eb36-468b-9efe-5d0a1fdaa172@group-A2BD7EF985B3-SegmentedRaftLogWorker for RaftStorage:Storage Directory /workdir/hadoop-ozone/integration-test/target/test-dir/MiniOzoneClusterImpl-7e2f4b2f-6763-4a45-9ec4-264c2cef7c61/datanode-0/data/ratis/327516c2-bf85-48fd-97d8-a2bd7ef985b3
2019-09-26 15:13:31,265 [pool-27-thread-1] INFO  server.RaftServerConfigKeys (ConfUtils.java:logGet(43)) - raft.server.log.queue.byte-limit = 2147483647 (custom)
2019-09-26 15:13:31,265 [pool-27-thread-1] INFO  server.RaftServerConfigKeys (ConfUtils.java:logGet(43)) - raft.server.log.queue.element-limit = 1024 (custom)
2019-09-26 15:13:31,265 [pool-27-thread-1] INFO  server.RaftServerConfigKeys (ConfUtils.java:logGet(43)) - raft.server.log.segment.size.max = 1048576 (custom)
2019-09-26 15:13:31,265 [pool-27-thread-1] INFO  server.RaftServerConfigKeys (ConfUtils.java:logGet(43)) - raft.server.log.preallocated.size = 16384 (custom)
2019-09-26 15:13:31,266 [pool-27-thread-1] INFO  server.RaftServerConfigKeys (ConfUtils.java:logGet(43)) - raft.server.log.write.buffer.size = 33554432 (custom)
2019-09-26 15:13:31,266 [pool-27-thread-1] INFO  server.RaftServerConfigKeys (ConfUtils.java:logGet(43)) - raft.server.log.force.sync.num = 128 (default)
2019-09-26 15:13:31,266 [pool-27-thread-1] INFO  server.RaftServerConfigKeys (ConfUtils.java:logGet(43)) - raft.server.log.statemachine.data.sync = true (default)
2019-09-26 15:13:31,266 [pool-27-thread-1] INFO  server.RaftServerConfigKeys (ConfUtils.java:logGet(43)) - raft.server.log.statemachine.data.sync.timeout = 10s (default)
2019-09-26 15:13:31,266 [pool-27-thread-1] INFO  server.RaftServerConfigKeys (ConfUtils.java:logGet(43)) - raft.server.log.statemachine.data.sync.timeout.retry = -1 (default)
2019-09-26 15:13:31,266 [pool-27-thread-1] INFO  server.RaftServerConfigKeys (ConfUtils.java:logGet(43)) - raft.server.log.statemachine.data.caching.enabled = true (custom)
2019-09-26 15:13:31,266 [pool-27-thread-1] INFO  segmented.SegmentedRaftLogWorker (SegmentedRaftLogWorker.java:lambda$new$0(132)) - b3e939fd-eb36-468b-9efe-5d0a1fdaa172@group-A2BD7EF985B3-SegmentedRaftLogWorker: flushIndex: setUnconditionally 0 -> -1
2019-09-26 15:13:31,266 [pool-27-thread-1] INFO  server.RaftServerConfigKeys (ConfUtils.java:logGet(43)) - raft.server.snapshot.auto.trigger.enabled = true (custom)
2019-09-26 15:13:31,266 [pool-27-thread-1] INFO  server.RaftServerConfigKeys (ConfUtils.java:logGet(43)) - raft.server.snapshot.auto.trigger.threshold = 10000 (custom)
2019-09-26 15:13:31,267 [pool-27-thread-1] INFO  server.RaftServerConfigKeys (ConfUtils.java:logGet(43)) - raft.server.snapshot.retention.num.files = 5 (custom)
2019-09-26 15:13:31,267 [pool-27-thread-1] INFO  server.RaftServerConfigKeys (ConfUtils.java:logGet(43)) - raft.server.retrycache.expirytime = 600000ms (custom)
2019-09-26 15:13:31,268 [pool-27-thread-1] INFO  impl.RaftServerImpl (RaftServerImpl.java:start(185)) - b3e939fd-eb36-468b-9efe-5d0a1fdaa172@group-A2BD7EF985B3: start as a follower, conf=-1: [b3e939fd-eb36-468b-9efe-5d0a1fdaa172:192.168.151.99:45433], old=null
2019-09-26 15:13:31,268 [pool-27-thread-1] INFO  impl.RaftServerImpl (RaftServerImpl.java:setRole(174)) - b3e939fd-eb36-468b-9efe-5d0a1fdaa172@group-A2BD7EF985B3: changes role from      null to FOLLOWER at term 0 for startAsFollower
2019-09-26 15:13:31,268 [pool-27-thread-1] INFO  impl.RoleInfo (RoleInfo.java:updateAndGet(143)) - b3e939fd-eb36-468b-9efe-5d0a1fdaa172: start FollowerState
2019-09-26 15:13:31,268 [pool-27-thread-1] INFO  util.JmxRegister (JmxRegister.java:tryRegister(44)) - Successfully registered JMX Bean with object name Ratis:service=RaftServer,group=group-A2BD7EF985B3,id=b3e939fd-eb36-468b-9efe-5d0a1fdaa172
2019-09-26 15:13:31,269 [RatisPipelineUtilsThread] INFO  pipeline.PipelineStateManager (PipelineStateManager.java:addPipeline(56)) - Created pipeline Pipeline[ Id: 327516c2-bf85-48fd-97d8-a2bd7ef985b3, Nodes: b3e939fd-eb36-468b-9efe-5d0a1fdaa172{ip: 192.168.151.99, host: pr-hdds-1569-g6sp5-2013761785, networkLocation: /default-rack, certSerialId: null}, Type:RATIS, Factor:ONE, State:OPEN]
2019-09-26 15:13:31,272 [grpc-default-executor-0] INFO  impl.RaftServerProxy (RaftServerProxy.java:addNew(89)) - b3e939fd-eb36-468b-9efe-5d0a1fdaa172: addNew group-ECF09D41D404:[b3e939fd-eb36-468b-9efe-5d0a1fdaa172:192.168.151.99:45433] returns group-ECF09D41D404:java.util.concurrent.CompletableFuture@554288bc[Not completed]
2019-09-26 15:13:31,272 [pool-27-thread-1] INFO  impl.RaftServerImpl (RaftServerImpl.java:<init>(95)) - b3e939fd-eb36-468b-9efe-5d0a1fdaa172: new RaftServerImpl for group-ECF09D41D404:[b3e939fd-eb36-468b-9efe-5d0a1fdaa172:192.168.151.99:45433] with ContainerStateMachine:uninitialized
2019-09-26 15:13:31,273 [pool-27-thread-1] INFO  server.RaftServerConfigKeys (ConfUtils.java:logGet(43)) - raft.server.rpc.timeout.min = 5s (custom)
2019-09-26 15:13:31,273 [pool-27-thread-1] INFO  server.RaftServerConfigKeys (ConfUtils.java:logGet(43)) - raft.server.rpc.timeout.max = 5200ms (custom)
2019-09-26 15:13:31,273 [pool-27-thread-1] INFO  server.RaftServerConfigKeys (ConfUtils.java:logGet(43)) - raft.server.rpcslowness.timeout = 120s (custom)
2019-09-26 15:13:31,273 [pool-27-thread-1] INFO  server.RaftServerConfigKeys (ConfUtils.java:logGet(43)) - raft.server.sleep.deviation.threshold = 300 (default)
2019-09-26 15:13:31,273 [pool-27-thread-1] INFO  server.RaftServerConfigKeys (ConfUtils.java:logGet(43)) - raft.server.log.appender.install.snapshot.enabled = false (custom)
2019-09-26 15:13:31,273 [pool-27-thread-1] INFO  impl.RaftServerImpl (ServerState.java:<init>(103)) - b3e939fd-eb36-468b-9efe-5d0a1fdaa172@group-ECF09D41D404: ConfigurationManager, init=-1: [b3e939fd-eb36-468b-9efe-5d0a1fdaa172:192.168.151.99:45433], old=null, confs=<EMPTY_MAP>
2019-09-26 15:13:31,273 [pool-27-thread-1] INFO  server.RaftServerConfigKeys (ConfUtils.java:logGet(43)) - raft.server.storage.dir = [/workdir/hadoop-ozone/integration-test/target/test-dir/MiniOzoneClusterImpl-7e2f4b2f-6763-4a45-9ec4-264c2cef7c61/datanode-0/data/ratis] (custom)
2019-09-26 15:13:31,274 [pool-27-thread-1] INFO  storage.RaftStorageDirectory (RaftStorageDirectory.java:analyzeStorage(246)) - The storage directory /workdir/hadoop-ozone/integration-test/target/test-dir/MiniOzoneClusterImpl-7e2f4b2f-6763-4a45-9ec4-264c2cef7c61/datanode-0/data/ratis/4111d959-5c13-4f3b-a4bc-ecf09d41d404 does not exist. Creating ...
2019-09-26 15:13:31,286 [pool-27-thread-1] INFO  storage.RaftStorageDirectory (RaftStorageDirectory.java:tryLock(328)) - Lock on /workdir/hadoop-ozone/integration-test/target/test-dir/MiniOzoneClusterImpl-7e2f4b2f-6763-4a45-9ec4-264c2cef7c61/datanode-0/data/ratis/4111d959-5c13-4f3b-a4bc-ecf09d41d404/in_use.lock acquired by nodename 11803@pr-hdds-1569-g6sp5-2013761785
2019-09-26 15:13:31,300 [pool-27-thread-1] INFO  storage.RaftStorage (RaftStorage.java:format(72)) - Storage directory /workdir/hadoop-ozone/integration-test/target/test-dir/MiniOzoneClusterImpl-7e2f4b2f-6763-4a45-9ec4-264c2cef7c61/datanode-0/data/ratis/4111d959-5c13-4f3b-a4bc-ecf09d41d404 has been successfully formatted.
2019-09-26 15:13:31,300 [pool-27-thread-1] INFO  ratis.ContainerStateMachine (ContainerStateMachine.java:loadSnapshot(230)) - group-ECF09D41D404: The snapshot info is null. Setting the last applied indexto:(t:0, i:~)
2019-09-26 15:13:31,300 [pool-27-thread-1] INFO  server.RaftServerConfigKeys (ConfUtils.java:logGet(43)) - raft.server.notification.no-leader.timeout = 120s (custom)
2019-09-26 15:13:31,300 [pool-27-thread-1] INFO  server.RaftServerConfigKeys (ConfUtils.java:logGet(43)) - raft.server.log.use.memory = false (default)
2019-09-26 15:13:31,300 [pool-27-thread-1] INFO  server.RaftServerConfigKeys (ConfUtils.java:logGet(43)) - raft.server.log.purge.gap = 1000000 (custom)
2019-09-26 15:13:31,300 [pool-27-thread-1] INFO  server.RaftServerConfigKeys (ConfUtils.java:logGet(43)) - raft.server.log.appender.buffer.byte-limit = 33554432 (custom)
2019-09-26 15:13:31,301 [pool-27-thread-1] INFO  server.RaftServerConfigKeys (ConfUtils.java:logGet(43)) - raft.server.log.segment.size.max = 1048576 (custom)
2019-09-26 15:13:31,301 [pool-27-thread-1] INFO  server.RaftServerConfigKeys (ConfUtils.java:logGet(43)) - raft.server.log.segment.cache.num.max = 2 (custom)
2019-09-26 15:13:31,301 [pool-27-thread-1] INFO  segmented.SegmentedRaftLogWorker (SegmentedRaftLogWorker.java:<init>(172)) - new b3e939fd-eb36-468b-9efe-5d0a1fdaa172@group-ECF09D41D404-SegmentedRaftLogWorker for RaftStorage:Storage Directory /workdir/hadoop-ozone/integration-test/target/test-dir/MiniOzoneClusterImpl-7e2f4b2f-6763-4a45-9ec4-264c2cef7c61/datanode-0/data/ratis/4111d959-5c13-4f3b-a4bc-ecf09d41d404
2019-09-26 15:13:31,301 [pool-27-thread-1] INFO  server.RaftServerConfigKeys (ConfUtils.java:logGet(43)) - raft.server.log.queue.byte-limit = 2147483647 (custom)
2019-09-26 15:13:31,301 [pool-27-thread-1] INFO  server.RaftServerConfigKeys (ConfUtils.java:logGet(43)) - raft.server.log.queue.element-limit = 1024 (custom)
2019-09-26 15:13:31,301 [pool-27-thread-1] INFO  server.RaftServerConfigKeys (ConfUtils.java:logGet(43)) - raft.server.log.segment.size.max = 1048576 (custom)
2019-09-26 15:13:31,301 [pool-27-thread-1] INFO  server.RaftServerConfigKeys (ConfUtils.java:logGet(43)) - raft.server.log.preallocated.size = 16384 (custom)
2019-09-26 15:13:31,301 [pool-27-thread-1] INFO  server.RaftServerConfigKeys (ConfUtils.java:logGet(43)) - raft.server.log.write.buffer.size = 33554432 (custom)
2019-09-26 15:13:31,302 [pool-27-thread-1] INFO  server.RaftServerConfigKeys (ConfUtils.java:logGet(43)) - raft.server.log.force.sync.num = 128 (default)
2019-09-26 15:13:31,302 [pool-27-thread-1] INFO  server.RaftServerConfigKeys (ConfUtils.java:logGet(43)) - raft.server.log.statemachine.data.sync = true (default)
2019-09-26 15:13:31,302 [pool-27-thread-1] INFO  server.RaftServerConfigKeys (ConfUtils.java:logGet(43)) - raft.server.log.statemachine.data.sync.timeout = 10s (default)
2019-09-26 15:13:31,302 [pool-27-thread-1] INFO  server.RaftServerConfigKeys (ConfUtils.java:logGet(43)) - raft.server.log.statemachine.data.sync.timeout.retry = -1 (default)
2019-09-26 15:13:31,302 [pool-27-thread-1] INFO  server.RaftServerConfigKeys (ConfUtils.java:logGet(43)) - raft.server.log.statemachine.data.caching.enabled = true (custom)
2019-09-26 15:13:31,303 [pool-27-thread-1] INFO  segmented.SegmentedRaftLogWorker (SegmentedRaftLogWorker.java:lambda$new$0(132)) - b3e939fd-eb36-468b-9efe-5d0a1fdaa172@group-ECF09D41D404-SegmentedRaftLogWorker: flushIndex: setUnconditionally 0 -> -1
2019-09-26 15:13:31,303 [pool-27-thread-1] INFO  server.RaftServerConfigKeys (ConfUtils.java:logGet(43)) - raft.server.snapshot.auto.trigger.enabled = true (custom)
2019-09-26 15:13:31,303 [pool-27-thread-1] INFO  server.RaftServerConfigKeys (ConfUtils.java:logGet(43)) - raft.server.snapshot.auto.trigger.threshold = 10000 (custom)
2019-09-26 15:13:31,303 [pool-27-thread-1] INFO  server.RaftServerConfigKeys (ConfUtils.java:logGet(43)) - raft.server.snapshot.retention.num.files = 5 (custom)
2019-09-26 15:13:31,303 [pool-27-thread-1] INFO  server.RaftServerConfigKeys (ConfUtils.java:logGet(43)) - raft.server.retrycache.expirytime = 600000ms (custom)
2019-09-26 15:13:31,305 [pool-27-thread-1] INFO  impl.RaftServerImpl (RaftServerImpl.java:start(185)) - b3e939fd-eb36-468b-9efe-5d0a1fdaa172@group-ECF09D41D404: start as a follower, conf=-1: [b3e939fd-eb36-468b-9efe-5d0a1fdaa172:192.168.151.99:45433], old=null
2019-09-26 15:13:31,305 [pool-27-thread-1] INFO  impl.RaftServerImpl (RaftServerImpl.java:setRole(174)) - b3e939fd-eb36-468b-9efe-5d0a1fdaa172@group-ECF09D41D404: changes role from      null to FOLLOWER at term 0 for startAsFollower
2019-09-26 15:13:31,305 [pool-27-thread-1] INFO  impl.RoleInfo (RoleInfo.java:updateAndGet(143)) - b3e939fd-eb36-468b-9efe-5d0a1fdaa172: start FollowerState
2019-09-26 15:13:31,306 [pool-27-thread-1] INFO  util.JmxRegister (JmxRegister.java:tryRegister(44)) - Successfully registered JMX Bean with object name Ratis:service=RaftServer,group=group-ECF09D41D404,id=b3e939fd-eb36-468b-9efe-5d0a1fdaa172
2019-09-26 15:13:31,308 [RatisPipelineUtilsThread] INFO  pipeline.PipelineStateManager (PipelineStateManager.java:addPipeline(56)) - Created pipeline Pipeline[ Id: 4111d959-5c13-4f3b-a4bc-ecf09d41d404, Nodes: b3e939fd-eb36-468b-9efe-5d0a1fdaa172{ip: 192.168.151.99, host: pr-hdds-1569-g6sp5-2013761785, networkLocation: /default-rack, certSerialId: null}, Type:RATIS, Factor:ONE, State:OPEN]
2019-09-26 15:13:31,312 [grpc-default-executor-0] INFO  impl.RaftServerProxy (RaftServerProxy.java:addNew(89)) - b3e939fd-eb36-468b-9efe-5d0a1fdaa172: addNew group-92F7CC5958C9:[b3e939fd-eb36-468b-9efe-5d0a1fdaa172:192.168.151.99:45433] returns group-92F7CC5958C9:java.util.concurrent.CompletableFuture@64e56910[Not completed]
2019-09-26 15:13:31,313 [pool-27-thread-1] INFO  impl.RaftServerImpl (RaftServerImpl.java:<init>(95)) - b3e939fd-eb36-468b-9efe-5d0a1fdaa172: new RaftServerImpl for group-92F7CC5958C9:[b3e939fd-eb36-468b-9efe-5d0a1fdaa172:192.168.151.99:45433] with ContainerStateMachine:uninitialized
2019-09-26 15:13:31,313 [pool-27-thread-1] INFO  server.RaftServerConfigKeys (ConfUtils.java:logGet(43)) - raft.server.rpc.timeout.min = 5s (custom)
2019-09-26 15:13:31,313 [pool-27-thread-1] INFO  server.RaftServerConfigKeys (ConfUtils.java:logGet(43)) - raft.server.rpc.timeout.max = 5200ms (custom)
2019-09-26 15:13:31,313 [pool-27-thread-1] INFO  server.RaftServerConfigKeys (ConfUtils.java:logGet(43)) - raft.server.rpcslowness.timeout = 120s (custom)
2019-09-26 15:13:31,313 [pool-27-thread-1] INFO  server.RaftServerConfigKeys (ConfUtils.java:logGet(43)) - raft.server.sleep.deviation.threshold = 300 (default)
2019-09-26 15:13:31,313 [pool-27-thread-1] INFO  server.RaftServerConfigKeys (ConfUtils.java:logGet(43)) - raft.server.log.appender.install.snapshot.enabled = false (custom)
2019-09-26 15:13:31,314 [pool-27-thread-1] INFO  impl.RaftServerImpl (ServerState.java:<init>(103)) - b3e939fd-eb36-468b-9efe-5d0a1fdaa172@group-92F7CC5958C9: ConfigurationManager, init=-1: [b3e939fd-eb36-468b-9efe-5d0a1fdaa172:192.168.151.99:45433], old=null, confs=<EMPTY_MAP>
2019-09-26 15:13:31,314 [pool-27-thread-1] INFO  server.RaftServerConfigKeys (ConfUtils.java:logGet(43)) - raft.server.storage.dir = [/workdir/hadoop-ozone/integration-test/target/test-dir/MiniOzoneClusterImpl-7e2f4b2f-6763-4a45-9ec4-264c2cef7c61/datanode-0/data/ratis] (custom)
2019-09-26 15:13:31,315 [pool-27-thread-1] INFO  storage.RaftStorageDirectory (RaftStorageDirectory.java:analyzeStorage(246)) - The storage directory /workdir/hadoop-ozone/integration-test/target/test-dir/MiniOzoneClusterImpl-7e2f4b2f-6763-4a45-9ec4-264c2cef7c61/datanode-0/data/ratis/04f80301-17ed-48eb-b8b0-92f7cc5958c9 does not exist. Creating ...
2019-09-26 15:13:31,328 [pool-27-thread-1] INFO  storage.RaftStorageDirectory (RaftStorageDirectory.java:tryLock(328)) - Lock on /workdir/hadoop-ozone/integration-test/target/test-dir/MiniOzoneClusterImpl-7e2f4b2f-6763-4a45-9ec4-264c2cef7c61/datanode-0/data/ratis/04f80301-17ed-48eb-b8b0-92f7cc5958c9/in_use.lock acquired by nodename 11803@pr-hdds-1569-g6sp5-2013761785
2019-09-26 15:13:31,341 [pool-27-thread-1] INFO  storage.RaftStorage (RaftStorage.java:format(72)) - Storage directory /workdir/hadoop-ozone/integration-test/target/test-dir/MiniOzoneClusterImpl-7e2f4b2f-6763-4a45-9ec4-264c2cef7c61/datanode-0/data/ratis/04f80301-17ed-48eb-b8b0-92f7cc5958c9 has been successfully formatted.
2019-09-26 15:13:31,342 [pool-27-thread-1] INFO  ratis.ContainerStateMachine (ContainerStateMachine.java:loadSnapshot(230)) - group-92F7CC5958C9: The snapshot info is null. Setting the last applied indexto:(t:0, i:~)
2019-09-26 15:13:31,342 [pool-27-thread-1] INFO  server.RaftServerConfigKeys (ConfUtils.java:logGet(43)) - raft.server.notification.no-leader.timeout = 120s (custom)
2019-09-26 15:13:31,342 [pool-27-thread-1] INFO  server.RaftServerConfigKeys (ConfUtils.java:logGet(43)) - raft.server.log.use.memory = false (default)
2019-09-26 15:13:31,342 [pool-27-thread-1] INFO  server.RaftServerConfigKeys (ConfUtils.java:logGet(43)) - raft.server.log.purge.gap = 1000000 (custom)
2019-09-26 15:13:31,342 [pool-27-thread-1] INFO  server.RaftServerConfigKeys (ConfUtils.java:logGet(43)) - raft.server.log.appender.buffer.byte-limit = 33554432 (custom)
2019-09-26 15:13:31,342 [pool-27-thread-1] INFO  server.RaftServerConfigKeys (ConfUtils.java:logGet(43)) - raft.server.log.segment.size.max = 1048576 (custom)
2019-09-26 15:13:31,342 [pool-27-thread-1] INFO  server.RaftServerConfigKeys (ConfUtils.java:logGet(43)) - raft.server.log.segment.cache.num.max = 2 (custom)
2019-09-26 15:13:31,342 [pool-27-thread-1] INFO  segmented.SegmentedRaftLogWorker (SegmentedRaftLogWorker.java:<init>(172)) - new b3e939fd-eb36-468b-9efe-5d0a1fdaa172@group-92F7CC5958C9-SegmentedRaftLogWorker for RaftStorage:Storage Directory /workdir/hadoop-ozone/integration-test/target/test-dir/MiniOzoneClusterImpl-7e2f4b2f-6763-4a45-9ec4-264c2cef7c61/datanode-0/data/ratis/04f80301-17ed-48eb-b8b0-92f7cc5958c9
2019-09-26 15:13:31,342 [pool-27-thread-1] INFO  server.RaftServerConfigKeys (ConfUtils.java:logGet(43)) - raft.server.log.queue.byte-limit = 2147483647 (custom)
2019-09-26 15:13:31,342 [pool-27-thread-1] INFO  server.RaftServerConfigKeys (ConfUtils.java:logGet(43)) - raft.server.log.queue.element-limit = 1024 (custom)
2019-09-26 15:13:31,342 [pool-27-thread-1] INFO  server.RaftServerConfigKeys (ConfUtils.java:logGet(43)) - raft.server.log.segment.size.max = 1048576 (custom)
2019-09-26 15:13:31,343 [pool-27-thread-1] INFO  server.RaftServerConfigKeys (ConfUtils.java:logGet(43)) - raft.server.log.preallocated.size = 16384 (custom)
2019-09-26 15:13:31,343 [pool-27-thread-1] INFO  server.RaftServerConfigKeys (ConfUtils.java:logGet(43)) - raft.server.log.write.buffer.size = 33554432 (custom)
2019-09-26 15:13:31,343 [pool-27-thread-1] INFO  server.RaftServerConfigKeys (ConfUtils.java:logGet(43)) - raft.server.log.force.sync.num = 128 (default)
2019-09-26 15:13:31,343 [pool-27-thread-1] INFO  server.RaftServerConfigKeys (ConfUtils.java:logGet(43)) - raft.server.log.statemachine.data.sync = true (default)
2019-09-26 15:13:31,343 [pool-27-thread-1] INFO  server.RaftServerConfigKeys (ConfUtils.java:logGet(43)) - raft.server.log.statemachine.data.sync.timeout = 10s (default)
2019-09-26 15:13:31,343 [pool-27-thread-1] INFO  server.RaftServerConfigKeys (ConfUtils.java:logGet(43)) - raft.server.log.statemachine.data.sync.timeout.retry = -1 (default)
2019-09-26 15:13:31,343 [pool-27-thread-1] INFO  server.RaftServerConfigKeys (ConfUtils.java:logGet(43)) - raft.server.log.statemachine.data.caching.enabled = true (custom)
2019-09-26 15:13:31,343 [pool-27-thread-1] INFO  segmented.SegmentedRaftLogWorker (SegmentedRaftLogWorker.java:lambda$new$0(132)) - b3e939fd-eb36-468b-9efe-5d0a1fdaa172@group-92F7CC5958C9-SegmentedRaftLogWorker: flushIndex: setUnconditionally 0 -> -1
2019-09-26 15:13:31,343 [pool-27-thread-1] INFO  server.RaftServerConfigKeys (ConfUtils.java:logGet(43)) - raft.server.snapshot.auto.trigger.enabled = true (custom)
2019-09-26 15:13:31,343 [pool-27-thread-1] INFO  server.RaftServerConfigKeys (ConfUtils.java:logGet(43)) - raft.server.snapshot.auto.trigger.threshold = 10000 (custom)
2019-09-26 15:13:31,344 [pool-27-thread-1] INFO  server.RaftServerConfigKeys (ConfUtils.java:logGet(43)) - raft.server.snapshot.retention.num.files = 5 (custom)
2019-09-26 15:13:31,344 [pool-27-thread-1] INFO  server.RaftServerConfigKeys (ConfUtils.java:logGet(43)) - raft.server.retrycache.expirytime = 600000ms (custom)
2019-09-26 15:13:31,345 [pool-27-thread-1] INFO  impl.RaftServerImpl (RaftServerImpl.java:start(185)) - b3e939fd-eb36-468b-9efe-5d0a1fdaa172@group-92F7CC5958C9: start as a follower, conf=-1: [b3e939fd-eb36-468b-9efe-5d0a1fdaa172:192.168.151.99:45433], old=null
2019-09-26 15:13:31,345 [pool-27-thread-1] INFO  impl.RaftServerImpl (RaftServerImpl.java:setRole(174)) - b3e939fd-eb36-468b-9efe-5d0a1fdaa172@group-92F7CC5958C9: changes role from      null to FOLLOWER at term 0 for startAsFollower
2019-09-26 15:13:31,345 [pool-27-thread-1] INFO  impl.RoleInfo (RoleInfo.java:updateAndGet(143)) - b3e939fd-eb36-468b-9efe-5d0a1fdaa172: start FollowerState
2019-09-26 15:13:31,345 [pool-27-thread-1] INFO  util.JmxRegister (JmxRegister.java:tryRegister(44)) - Successfully registered JMX Bean with object name Ratis:service=RaftServer,group=group-92F7CC5958C9,id=b3e939fd-eb36-468b-9efe-5d0a1fdaa172
2019-09-26 15:13:31,347 [RatisPipelineUtilsThread] INFO  pipeline.PipelineStateManager (PipelineStateManager.java:addPipeline(56)) - Created pipeline Pipeline[ Id: 04f80301-17ed-48eb-b8b0-92f7cc5958c9, Nodes: b3e939fd-eb36-468b-9efe-5d0a1fdaa172{ip: 192.168.151.99, host: pr-hdds-1569-g6sp5-2013761785, networkLocation: /default-rack, certSerialId: null}, Type:RATIS, Factor:ONE, State:OPEN]
2019-09-26 15:13:31,350 [grpc-default-executor-0] INFO  impl.RaftServerProxy (RaftServerProxy.java:addNew(89)) - b3e939fd-eb36-468b-9efe-5d0a1fdaa172: addNew group-2B1CE96F5305:[b3e939fd-eb36-468b-9efe-5d0a1fdaa172:192.168.151.99:45433] returns group-2B1CE96F5305:java.util.concurrent.CompletableFuture@488abce0[Not completed]
2019-09-26 15:13:31,350 [pool-27-thread-1] INFO  impl.RaftServerImpl (RaftServerImpl.java:<init>(95)) - b3e939fd-eb36-468b-9efe-5d0a1fdaa172: new RaftServerImpl for group-2B1CE96F5305:[b3e939fd-eb36-468b-9efe-5d0a1fdaa172:192.168.151.99:45433] with ContainerStateMachine:uninitialized
2019-09-26 15:13:31,350 [pool-27-thread-1] INFO  server.RaftServerConfigKeys (ConfUtils.java:logGet(43)) - raft.server.rpc.timeout.min = 5s (custom)
2019-09-26 15:13:31,350 [pool-27-thread-1] INFO  server.RaftServerConfigKeys (ConfUtils.java:logGet(43)) - raft.server.rpc.timeout.max = 5200ms (custom)
2019-09-26 15:13:31,351 [pool-27-thread-1] INFO  server.RaftServerConfigKeys (ConfUtils.java:logGet(43)) - raft.server.rpcslowness.timeout = 120s (custom)
2019-09-26 15:13:31,351 [pool-27-thread-1] INFO  server.RaftServerConfigKeys (ConfUtils.java:logGet(43)) - raft.server.sleep.deviation.threshold = 300 (default)
2019-09-26 15:13:31,351 [pool-27-thread-1] INFO  server.RaftServerConfigKeys (ConfUtils.java:logGet(43)) - raft.server.log.appender.install.snapshot.enabled = false (custom)
2019-09-26 15:13:31,351 [pool-27-thread-1] INFO  impl.RaftServerImpl (ServerState.java:<init>(103)) - b3e939fd-eb36-468b-9efe-5d0a1fdaa172@group-2B1CE96F5305: ConfigurationManager, init=-1: [b3e939fd-eb36-468b-9efe-5d0a1fdaa172:192.168.151.99:45433], old=null, confs=<EMPTY_MAP>
2019-09-26 15:13:31,351 [pool-27-thread-1] INFO  server.RaftServerConfigKeys (ConfUtils.java:logGet(43)) - raft.server.storage.dir = [/workdir/hadoop-ozone/integration-test/target/test-dir/MiniOzoneClusterImpl-7e2f4b2f-6763-4a45-9ec4-264c2cef7c61/datanode-0/data/ratis] (custom)
2019-09-26 15:13:31,352 [pool-27-thread-1] INFO  storage.RaftStorageDirectory (RaftStorageDirectory.java:analyzeStorage(246)) - The storage directory /workdir/hadoop-ozone/integration-test/target/test-dir/MiniOzoneClusterImpl-7e2f4b2f-6763-4a45-9ec4-264c2cef7c61/datanode-0/data/ratis/d11cb19d-adbc-4657-930c-2b1ce96f5305 does not exist. Creating ...
2019-09-26 15:13:31,365 [pool-27-thread-1] INFO  storage.RaftStorageDirectory (RaftStorageDirectory.java:tryLock(328)) - Lock on /workdir/hadoop-ozone/integration-test/target/test-dir/MiniOzoneClusterImpl-7e2f4b2f-6763-4a45-9ec4-264c2cef7c61/datanode-0/data/ratis/d11cb19d-adbc-4657-930c-2b1ce96f5305/in_use.lock acquired by nodename 11803@pr-hdds-1569-g6sp5-2013761785
2019-09-26 15:13:31,368 [pool-27-thread-1] INFO  storage.RaftStorage (RaftStorage.java:format(72)) - Storage directory /workdir/hadoop-ozone/integration-test/target/test-dir/MiniOzoneClusterImpl-7e2f4b2f-6763-4a45-9ec4-264c2cef7c61/datanode-0/data/ratis/d11cb19d-adbc-4657-930c-2b1ce96f5305 has been successfully formatted.
2019-09-26 15:13:31,368 [pool-27-thread-1] INFO  ratis.ContainerStateMachine (ContainerStateMachine.java:loadSnapshot(230)) - group-2B1CE96F5305: The snapshot info is null. Setting the last applied indexto:(t:0, i:~)
2019-09-26 15:13:31,368 [pool-27-thread-1] INFO  server.RaftServerConfigKeys (ConfUtils.java:logGet(43)) - raft.server.notification.no-leader.timeout = 120s (custom)
2019-09-26 15:13:31,368 [pool-27-thread-1] INFO  server.RaftServerConfigKeys (ConfUtils.java:logGet(43)) - raft.server.log.use.memory = false (default)
2019-09-26 15:13:31,368 [pool-27-thread-1] INFO  server.RaftServerConfigKeys (ConfUtils.java:logGet(43)) - raft.server.log.purge.gap = 1000000 (custom)
2019-09-26 15:13:31,369 [pool-27-thread-1] INFO  server.RaftServerConfigKeys (ConfUtils.java:logGet(43)) - raft.server.log.appender.buffer.byte-limit = 33554432 (custom)
2019-09-26 15:13:31,369 [pool-27-thread-1] INFO  server.RaftServerConfigKeys (ConfUtils.java:logGet(43)) - raft.server.log.segment.size.max = 1048576 (custom)
2019-09-26 15:13:31,369 [pool-27-thread-1] INFO  server.RaftServerConfigKeys (ConfUtils.java:logGet(43)) - raft.server.log.segment.cache.num.max = 2 (custom)
2019-09-26 15:13:31,369 [pool-27-thread-1] INFO  segmented.SegmentedRaftLogWorker (SegmentedRaftLogWorker.java:<init>(172)) - new b3e939fd-eb36-468b-9efe-5d0a1fdaa172@group-2B1CE96F5305-SegmentedRaftLogWorker for RaftStorage:Storage Directory /workdir/hadoop-ozone/integration-test/target/test-dir/MiniOzoneClusterImpl-7e2f4b2f-6763-4a45-9ec4-264c2cef7c61/datanode-0/data/ratis/d11cb19d-adbc-4657-930c-2b1ce96f5305
2019-09-26 15:13:31,369 [pool-27-thread-1] INFO  server.RaftServerConfigKeys (ConfUtils.java:logGet(43)) - raft.server.log.queue.byte-limit = 2147483647 (custom)
2019-09-26 15:13:31,369 [pool-27-thread-1] INFO  server.RaftServerConfigKeys (ConfUtils.java:logGet(43)) - raft.server.log.queue.element-limit = 1024 (custom)
2019-09-26 15:13:31,369 [pool-27-thread-1] INFO  server.RaftServerConfigKeys (ConfUtils.java:logGet(43)) - raft.server.log.segment.size.max = 1048576 (custom)
2019-09-26 15:13:31,369 [pool-27-thread-1] INFO  server.RaftServerConfigKeys (ConfUtils.java:logGet(43)) - raft.server.log.preallocated.size = 16384 (custom)
2019-09-26 15:13:31,369 [pool-27-thread-1] INFO  server.RaftServerConfigKeys (ConfUtils.java:logGet(43)) - raft.server.log.write.buffer.size = 33554432 (custom)
2019-09-26 15:13:31,369 [pool-27-thread-1] INFO  server.RaftServerConfigKeys (ConfUtils.java:logGet(43)) - raft.server.log.force.sync.num = 128 (default)
2019-09-26 15:13:31,369 [pool-27-thread-1] INFO  server.RaftServerConfigKeys (ConfUtils.java:logGet(43)) - raft.server.log.statemachine.data.sync = true (default)
2019-09-26 15:13:31,370 [pool-27-thread-1] INFO  server.RaftServerConfigKeys (ConfUtils.java:logGet(43)) - raft.server.log.statemachine.data.sync.timeout = 10s (default)
2019-09-26 15:13:31,370 [pool-27-thread-1] INFO  server.RaftServerConfigKeys (ConfUtils.java:logGet(43)) - raft.server.log.statemachine.data.sync.timeout.retry = -1 (default)
2019-09-26 15:13:31,370 [pool-27-thread-1] INFO  server.RaftServerConfigKeys (ConfUtils.java:logGet(43)) - raft.server.log.statemachine.data.caching.enabled = true (custom)
2019-09-26 15:13:31,370 [pool-27-thread-1] INFO  segmented.SegmentedRaftLogWorker (SegmentedRaftLogWorker.java:lambda$new$0(132)) - b3e939fd-eb36-468b-9efe-5d0a1fdaa172@group-2B1CE96F5305-SegmentedRaftLogWorker: flushIndex: setUnconditionally 0 -> -1
2019-09-26 15:13:31,370 [pool-27-thread-1] INFO  server.RaftServerConfigKeys (ConfUtils.java:logGet(43)) - raft.server.snapshot.auto.trigger.enabled = true (custom)
2019-09-26 15:13:31,370 [pool-27-thread-1] INFO  server.RaftServerConfigKeys (ConfUtils.java:logGet(43)) - raft.server.snapshot.auto.trigger.threshold = 10000 (custom)
2019-09-26 15:13:31,370 [pool-27-thread-1] INFO  server.RaftServerConfigKeys (ConfUtils.java:logGet(43)) - raft.server.snapshot.retention.num.files = 5 (custom)
2019-09-26 15:13:31,371 [pool-27-thread-1] INFO  server.RaftServerConfigKeys (ConfUtils.java:logGet(43)) - raft.server.retrycache.expirytime = 600000ms (custom)
2019-09-26 15:13:31,372 [pool-27-thread-1] INFO  impl.RaftServerImpl (RaftServerImpl.java:start(185)) - b3e939fd-eb36-468b-9efe-5d0a1fdaa172@group-2B1CE96F5305: start as a follower, conf=-1: [b3e939fd-eb36-468b-9efe-5d0a1fdaa172:192.168.151.99:45433], old=null
2019-09-26 15:13:31,372 [pool-27-thread-1] INFO  impl.RaftServerImpl (RaftServerImpl.java:setRole(174)) - b3e939fd-eb36-468b-9efe-5d0a1fdaa172@group-2B1CE96F5305: changes role from      null to FOLLOWER at term 0 for startAsFollower
2019-09-26 15:13:31,372 [pool-27-thread-1] INFO  impl.RoleInfo (RoleInfo.java:updateAndGet(143)) - b3e939fd-eb36-468b-9efe-5d0a1fdaa172: start FollowerState
2019-09-26 15:13:31,372 [pool-27-thread-1] INFO  util.JmxRegister (JmxRegister.java:tryRegister(44)) - Successfully registered JMX Bean with object name Ratis:service=RaftServer,group=group-2B1CE96F5305,id=b3e939fd-eb36-468b-9efe-5d0a1fdaa172
2019-09-26 15:13:31,374 [RatisPipelineUtilsThread] INFO  pipeline.PipelineStateManager (PipelineStateManager.java:addPipeline(56)) - Created pipeline Pipeline[ Id: d11cb19d-adbc-4657-930c-2b1ce96f5305, Nodes: b3e939fd-eb36-468b-9efe-5d0a1fdaa172{ip: 192.168.151.99, host: pr-hdds-1569-g6sp5-2013761785, networkLocation: /default-rack, certSerialId: null}, Type:RATIS, Factor:ONE, State:OPEN]
2019-09-26 15:13:31,376 [grpc-default-executor-0] INFO  impl.RaftServerProxy (RaftServerProxy.java:addNew(89)) - b3e939fd-eb36-468b-9efe-5d0a1fdaa172: addNew group-C7BB781426AF:[b3e939fd-eb36-468b-9efe-5d0a1fdaa172:192.168.151.99:45433] returns group-C7BB781426AF:java.util.concurrent.CompletableFuture@488de81d[Not completed]
2019-09-26 15:13:31,377 [pool-27-thread-1] INFO  impl.RaftServerImpl (RaftServerImpl.java:<init>(95)) - b3e939fd-eb36-468b-9efe-5d0a1fdaa172: new RaftServerImpl for group-C7BB781426AF:[b3e939fd-eb36-468b-9efe-5d0a1fdaa172:192.168.151.99:45433] with ContainerStateMachine:uninitialized
2019-09-26 15:13:31,377 [pool-27-thread-1] INFO  server.RaftServerConfigKeys (ConfUtils.java:logGet(43)) - raft.server.rpc.timeout.min = 5s (custom)
2019-09-26 15:13:31,377 [pool-27-thread-1] INFO  server.RaftServerConfigKeys (ConfUtils.java:logGet(43)) - raft.server.rpc.timeout.max = 5200ms (custom)
2019-09-26 15:13:31,377 [pool-27-thread-1] INFO  server.RaftServerConfigKeys (ConfUtils.java:logGet(43)) - raft.server.rpcslowness.timeout = 120s (custom)
2019-09-26 15:13:31,377 [pool-27-thread-1] INFO  server.RaftServerConfigKeys (ConfUtils.java:logGet(43)) - raft.server.sleep.deviation.threshold = 300 (default)
2019-09-26 15:13:31,378 [pool-27-thread-1] INFO  server.RaftServerConfigKeys (ConfUtils.java:logGet(43)) - raft.server.log.appender.install.snapshot.enabled = false (custom)
2019-09-26 15:13:31,378 [pool-27-thread-1] INFO  impl.RaftServerImpl (ServerState.java:<init>(103)) - b3e939fd-eb36-468b-9efe-5d0a1fdaa172@group-C7BB781426AF: ConfigurationManager, init=-1: [b3e939fd-eb36-468b-9efe-5d0a1fdaa172:192.168.151.99:45433], old=null, confs=<EMPTY_MAP>
2019-09-26 15:13:31,378 [pool-27-thread-1] INFO  server.RaftServerConfigKeys (ConfUtils.java:logGet(43)) - raft.server.storage.dir = [/workdir/hadoop-ozone/integration-test/target/test-dir/MiniOzoneClusterImpl-7e2f4b2f-6763-4a45-9ec4-264c2cef7c61/datanode-0/data/ratis] (custom)
2019-09-26 15:13:31,379 [pool-27-thread-1] INFO  storage.RaftStorageDirectory (RaftStorageDirectory.java:analyzeStorage(246)) - The storage directory /workdir/hadoop-ozone/integration-test/target/test-dir/MiniOzoneClusterImpl-7e2f4b2f-6763-4a45-9ec4-264c2cef7c61/datanode-0/data/ratis/4d06dfe6-992b-4db9-9131-c7bb781426af does not exist. Creating ...
2019-09-26 15:13:31,388 [pool-27-thread-1] INFO  storage.RaftStorageDirectory (RaftStorageDirectory.java:tryLock(328)) - Lock on /workdir/hadoop-ozone/integration-test/target/test-dir/MiniOzoneClusterImpl-7e2f4b2f-6763-4a45-9ec4-264c2cef7c61/datanode-0/data/ratis/4d06dfe6-992b-4db9-9131-c7bb781426af/in_use.lock acquired by nodename 11803@pr-hdds-1569-g6sp5-2013761785
2019-09-26 15:13:31,400 [pool-27-thread-1] INFO  storage.RaftStorage (RaftStorage.java:format(72)) - Storage directory /workdir/hadoop-ozone/integration-test/target/test-dir/MiniOzoneClusterImpl-7e2f4b2f-6763-4a45-9ec4-264c2cef7c61/datanode-0/data/ratis/4d06dfe6-992b-4db9-9131-c7bb781426af has been successfully formatted.
2019-09-26 15:13:31,401 [pool-27-thread-1] INFO  ratis.ContainerStateMachine (ContainerStateMachine.java:loadSnapshot(230)) - group-C7BB781426AF: The snapshot info is null. Setting the last applied indexto:(t:0, i:~)
2019-09-26 15:13:31,401 [pool-27-thread-1] INFO  server.RaftServerConfigKeys (ConfUtils.java:logGet(43)) - raft.server.notification.no-leader.timeout = 120s (custom)
2019-09-26 15:13:31,401 [pool-27-thread-1] INFO  server.RaftServerConfigKeys (ConfUtils.java:logGet(43)) - raft.server.log.use.memory = false (default)
2019-09-26 15:13:31,401 [pool-27-thread-1] INFO  server.RaftServerConfigKeys (ConfUtils.java:logGet(43)) - raft.server.log.purge.gap = 1000000 (custom)
2019-09-26 15:13:31,401 [pool-27-thread-1] INFO  server.RaftServerConfigKeys (ConfUtils.java:logGet(43)) - raft.server.log.appender.buffer.byte-limit = 33554432 (custom)
2019-09-26 15:13:31,401 [pool-27-thread-1] INFO  server.RaftServerConfigKeys (ConfUtils.java:logGet(43)) - raft.server.log.segment.size.max = 1048576 (custom)
2019-09-26 15:13:31,401 [pool-27-thread-1] INFO  server.RaftServerConfigKeys (ConfUtils.java:logGet(43)) - raft.server.log.segment.cache.num.max = 2 (custom)
2019-09-26 15:13:31,401 [pool-27-thread-1] INFO  segmented.SegmentedRaftLogWorker (SegmentedRaftLogWorker.java:<init>(172)) - new b3e939fd-eb36-468b-9efe-5d0a1fdaa172@group-C7BB781426AF-SegmentedRaftLogWorker for RaftStorage:Storage Directory /workdir/hadoop-ozone/integration-test/target/test-dir/MiniOzoneClusterImpl-7e2f4b2f-6763-4a45-9ec4-264c2cef7c61/datanode-0/data/ratis/4d06dfe6-992b-4db9-9131-c7bb781426af
2019-09-26 15:13:31,401 [pool-27-thread-1] INFO  server.RaftServerConfigKeys (ConfUtils.java:logGet(43)) - raft.server.log.queue.byte-limit = 2147483647 (custom)
2019-09-26 15:13:31,401 [pool-27-thread-1] INFO  server.RaftServerConfigKeys (ConfUtils.java:logGet(43)) - raft.server.log.queue.element-limit = 1024 (custom)
2019-09-26 15:13:31,401 [pool-27-thread-1] INFO  server.RaftServerConfigKeys (ConfUtils.java:logGet(43)) - raft.server.log.segment.size.max = 1048576 (custom)
2019-09-26 15:13:31,401 [pool-27-thread-1] INFO  server.RaftServerConfigKeys (ConfUtils.java:logGet(43)) - raft.server.log.preallocated.size = 16384 (custom)
2019-09-26 15:13:31,402 [pool-27-thread-1] INFO  server.RaftServerConfigKeys (ConfUtils.java:logGet(43)) - raft.server.log.write.buffer.size = 33554432 (custom)
2019-09-26 15:13:31,402 [pool-27-thread-1] INFO  server.RaftServerConfigKeys (ConfUtils.java:logGet(43)) - raft.server.log.force.sync.num = 128 (default)
2019-09-26 15:13:31,402 [pool-27-thread-1] INFO  server.RaftServerConfigKeys (ConfUtils.java:logGet(43)) - raft.server.log.statemachine.data.sync = true (default)
2019-09-26 15:13:31,402 [pool-27-thread-1] INFO  server.RaftServerConfigKeys (ConfUtils.java:logGet(43)) - raft.server.log.statemachine.data.sync.timeout = 10s (default)
2019-09-26 15:13:31,402 [pool-27-thread-1] INFO  server.RaftServerConfigKeys (ConfUtils.java:logGet(43)) - raft.server.log.statemachine.data.sync.timeout.retry = -1 (default)
2019-09-26 15:13:31,402 [pool-27-thread-1] INFO  server.RaftServerConfigKeys (ConfUtils.java:logGet(43)) - raft.server.log.statemachine.data.caching.enabled = true (custom)
2019-09-26 15:13:31,402 [pool-27-thread-1] INFO  segmented.SegmentedRaftLogWorker (SegmentedRaftLogWorker.java:lambda$new$0(132)) - b3e939fd-eb36-468b-9efe-5d0a1fdaa172@group-C7BB781426AF-SegmentedRaftLogWorker: flushIndex: setUnconditionally 0 -> -1
2019-09-26 15:13:31,402 [pool-27-thread-1] INFO  server.RaftServerConfigKeys (ConfUtils.java:logGet(43)) - raft.server.snapshot.auto.trigger.enabled = true (custom)
2019-09-26 15:13:31,402 [pool-27-thread-1] INFO  server.RaftServerConfigKeys (ConfUtils.java:logGet(43)) - raft.server.snapshot.auto.trigger.threshold = 10000 (custom)
2019-09-26 15:13:31,403 [pool-27-thread-1] INFO  server.RaftServerConfigKeys (ConfUtils.java:logGet(43)) - raft.server.snapshot.retention.num.files = 5 (custom)
2019-09-26 15:13:31,403 [pool-27-thread-1] INFO  server.RaftServerConfigKeys (ConfUtils.java:logGet(43)) - raft.server.retrycache.expirytime = 600000ms (custom)
2019-09-26 15:13:31,404 [pool-27-thread-1] INFO  impl.RaftServerImpl (RaftServerImpl.java:start(185)) - b3e939fd-eb36-468b-9efe-5d0a1fdaa172@group-C7BB781426AF: start as a follower, conf=-1: [b3e939fd-eb36-468b-9efe-5d0a1fdaa172:192.168.151.99:45433], old=null
2019-09-26 15:13:31,404 [pool-27-thread-1] INFO  impl.RaftServerImpl (RaftServerImpl.java:setRole(174)) - b3e939fd-eb36-468b-9efe-5d0a1fdaa172@group-C7BB781426AF: changes role from      null to FOLLOWER at term 0 for startAsFollower
2019-09-26 15:13:31,404 [pool-27-thread-1] INFO  impl.RoleInfo (RoleInfo.java:updateAndGet(143)) - b3e939fd-eb36-468b-9efe-5d0a1fdaa172: start FollowerState
2019-09-26 15:13:31,404 [pool-27-thread-1] INFO  util.JmxRegister (JmxRegister.java:tryRegister(44)) - Successfully registered JMX Bean with object name Ratis:service=RaftServer,group=group-C7BB781426AF,id=b3e939fd-eb36-468b-9efe-5d0a1fdaa172
2019-09-26 15:13:31,405 [RatisPipelineUtilsThread] INFO  pipeline.PipelineStateManager (PipelineStateManager.java:addPipeline(56)) - Created pipeline Pipeline[ Id: 4d06dfe6-992b-4db9-9131-c7bb781426af, Nodes: b3e939fd-eb36-468b-9efe-5d0a1fdaa172{ip: 192.168.151.99, host: pr-hdds-1569-g6sp5-2013761785, networkLocation: /default-rack, certSerialId: null}, Type:RATIS, Factor:ONE, State:OPEN]
2019-09-26 15:13:31,408 [grpc-default-executor-0] INFO  impl.RaftServerProxy (RaftServerProxy.java:addNew(89)) - b3e939fd-eb36-468b-9efe-5d0a1fdaa172: addNew group-659098C9AEA4:[b3e939fd-eb36-468b-9efe-5d0a1fdaa172:192.168.151.99:45433] returns group-659098C9AEA4:java.util.concurrent.CompletableFuture@3a4e5280[Not completed]
2019-09-26 15:13:31,409 [pool-27-thread-1] INFO  impl.RaftServerImpl (RaftServerImpl.java:<init>(95)) - b3e939fd-eb36-468b-9efe-5d0a1fdaa172: new RaftServerImpl for group-659098C9AEA4:[b3e939fd-eb36-468b-9efe-5d0a1fdaa172:192.168.151.99:45433] with ContainerStateMachine:uninitialized
2019-09-26 15:13:31,409 [pool-27-thread-1] INFO  server.RaftServerConfigKeys (ConfUtils.java:logGet(43)) - raft.server.rpc.timeout.min = 5s (custom)
2019-09-26 15:13:31,409 [pool-27-thread-1] INFO  server.RaftServerConfigKeys (ConfUtils.java:logGet(43)) - raft.server.rpc.timeout.max = 5200ms (custom)
2019-09-26 15:13:31,409 [pool-27-thread-1] INFO  server.RaftServerConfigKeys (ConfUtils.java:logGet(43)) - raft.server.rpcslowness.timeout = 120s (custom)
2019-09-26 15:13:31,409 [pool-27-thread-1] INFO  server.RaftServerConfigKeys (ConfUtils.java:logGet(43)) - raft.server.sleep.deviation.threshold = 300 (default)
2019-09-26 15:13:31,409 [pool-27-thread-1] INFO  server.RaftServerConfigKeys (ConfUtils.java:logGet(43)) - raft.server.log.appender.install.snapshot.enabled = false (custom)
2019-09-26 15:13:31,409 [pool-27-thread-1] INFO  impl.RaftServerImpl (ServerState.java:<init>(103)) - b3e939fd-eb36-468b-9efe-5d0a1fdaa172@group-659098C9AEA4: ConfigurationManager, init=-1: [b3e939fd-eb36-468b-9efe-5d0a1fdaa172:192.168.151.99:45433], old=null, confs=<EMPTY_MAP>
2019-09-26 15:13:31,409 [pool-27-thread-1] INFO  server.RaftServerConfigKeys (ConfUtils.java:logGet(43)) - raft.server.storage.dir = [/workdir/hadoop-ozone/integration-test/target/test-dir/MiniOzoneClusterImpl-7e2f4b2f-6763-4a45-9ec4-264c2cef7c61/datanode-0/data/ratis] (custom)
2019-09-26 15:13:31,411 [pool-27-thread-1] INFO  storage.RaftStorageDirectory (RaftStorageDirectory.java:analyzeStorage(246)) - The storage directory /workdir/hadoop-ozone/integration-test/target/test-dir/MiniOzoneClusterImpl-7e2f4b2f-6763-4a45-9ec4-264c2cef7c61/datanode-0/data/ratis/2d6c49f7-f801-4afc-b7b2-659098c9aea4 does not exist. Creating ...
2019-09-26 15:13:31,416 [pool-27-thread-1] INFO  storage.RaftStorageDirectory (RaftStorageDirectory.java:tryLock(328)) - Lock on /workdir/hadoop-ozone/integration-test/target/test-dir/MiniOzoneClusterImpl-7e2f4b2f-6763-4a45-9ec4-264c2cef7c61/datanode-0/data/ratis/2d6c49f7-f801-4afc-b7b2-659098c9aea4/in_use.lock acquired by nodename 11803@pr-hdds-1569-g6sp5-2013761785
2019-09-26 15:13:31,428 [pool-27-thread-1] INFO  storage.RaftStorage (RaftStorage.java:format(72)) - Storage directory /workdir/hadoop-ozone/integration-test/target/test-dir/MiniOzoneClusterImpl-7e2f4b2f-6763-4a45-9ec4-264c2cef7c61/datanode-0/data/ratis/2d6c49f7-f801-4afc-b7b2-659098c9aea4 has been successfully formatted.
2019-09-26 15:13:31,428 [pool-27-thread-1] INFO  ratis.ContainerStateMachine (ContainerStateMachine.java:loadSnapshot(230)) - group-659098C9AEA4: The snapshot info is null. Setting the last applied indexto:(t:0, i:~)
2019-09-26 15:13:31,428 [pool-27-thread-1] INFO  server.RaftServerConfigKeys (ConfUtils.java:logGet(43)) - raft.server.notification.no-leader.timeout = 120s (custom)
2019-09-26 15:13:31,428 [pool-27-thread-1] INFO  server.RaftServerConfigKeys (ConfUtils.java:logGet(43)) - raft.server.log.use.memory = false (default)
2019-09-26 15:13:31,428 [pool-27-thread-1] INFO  server.RaftServerConfigKeys (ConfUtils.java:logGet(43)) - raft.server.log.purge.gap = 1000000 (custom)
2019-09-26 15:13:31,428 [pool-27-thread-1] INFO  server.RaftServerConfigKeys (ConfUtils.java:logGet(43)) - raft.server.log.appender.buffer.byte-limit = 33554432 (custom)
2019-09-26 15:13:31,429 [pool-27-thread-1] INFO  server.RaftServerConfigKeys (ConfUtils.java:logGet(43)) - raft.server.log.segment.size.max = 1048576 (custom)
2019-09-26 15:13:31,429 [pool-27-thread-1] INFO  server.RaftServerConfigKeys (ConfUtils.java:logGet(43)) - raft.server.log.segment.cache.num.max = 2 (custom)
2019-09-26 15:13:31,429 [pool-27-thread-1] INFO  segmented.SegmentedRaftLogWorker (SegmentedRaftLogWorker.java:<init>(172)) - new b3e939fd-eb36-468b-9efe-5d0a1fdaa172@group-659098C9AEA4-SegmentedRaftLogWorker for RaftStorage:Storage Directory /workdir/hadoop-ozone/integration-test/target/test-dir/MiniOzoneClusterImpl-7e2f4b2f-6763-4a45-9ec4-264c2cef7c61/datanode-0/data/ratis/2d6c49f7-f801-4afc-b7b2-659098c9aea4
2019-09-26 15:13:31,429 [pool-27-thread-1] INFO  server.RaftServerConfigKeys (ConfUtils.java:logGet(43)) - raft.server.log.queue.byte-limit = 2147483647 (custom)
2019-09-26 15:13:31,429 [pool-27-thread-1] INFO  server.RaftServerConfigKeys (ConfUtils.java:logGet(43)) - raft.server.log.queue.element-limit = 1024 (custom)
2019-09-26 15:13:31,429 [pool-27-thread-1] INFO  server.RaftServerConfigKeys (ConfUtils.java:logGet(43)) - raft.server.log.segment.size.max = 1048576 (custom)
2019-09-26 15:13:31,429 [pool-27-thread-1] INFO  server.RaftServerConfigKeys (ConfUtils.java:logGet(43)) - raft.server.log.preallocated.size = 16384 (custom)
2019-09-26 15:13:31,429 [pool-27-thread-1] INFO  server.RaftServerConfigKeys (ConfUtils.java:logGet(43)) - raft.server.log.write.buffer.size = 33554432 (custom)
2019-09-26 15:13:31,429 [pool-27-thread-1] INFO  server.RaftServerConfigKeys (ConfUtils.java:logGet(43)) - raft.server.log.force.sync.num = 128 (default)
2019-09-26 15:13:31,429 [pool-27-thread-1] INFO  server.RaftServerConfigKeys (ConfUtils.java:logGet(43)) - raft.server.log.statemachine.data.sync = true (default)
2019-09-26 15:13:31,429 [pool-27-thread-1] INFO  server.RaftServerConfigKeys (ConfUtils.java:logGet(43)) - raft.server.log.statemachine.data.sync.timeout = 10s (default)
2019-09-26 15:13:31,429 [pool-27-thread-1] INFO  server.RaftServerConfigKeys (ConfUtils.java:logGet(43)) - raft.server.log.statemachine.data.sync.timeout.retry = -1 (default)
2019-09-26 15:13:31,429 [pool-27-thread-1] INFO  server.RaftServerConfigKeys (ConfUtils.java:logGet(43)) - raft.server.log.statemachine.data.caching.enabled = true (custom)
2019-09-26 15:13:31,430 [pool-27-thread-1] INFO  segmented.SegmentedRaftLogWorker (SegmentedRaftLogWorker.java:lambda$new$0(132)) - b3e939fd-eb36-468b-9efe-5d0a1fdaa172@group-659098C9AEA4-SegmentedRaftLogWorker: flushIndex: setUnconditionally 0 -> -1
2019-09-26 15:13:31,430 [pool-27-thread-1] INFO  server.RaftServerConfigKeys (ConfUtils.java:logGet(43)) - raft.server.snapshot.auto.trigger.enabled = true (custom)
2019-09-26 15:13:31,430 [pool-27-thread-1] INFO  server.RaftServerConfigKeys (ConfUtils.java:logGet(43)) - raft.server.snapshot.auto.trigger.threshold = 10000 (custom)
2019-09-26 15:13:31,430 [pool-27-thread-1] INFO  server.RaftServerConfigKeys (ConfUtils.java:logGet(43)) - raft.server.snapshot.retention.num.files = 5 (custom)
2019-09-26 15:13:31,430 [pool-27-thread-1] INFO  server.RaftServerConfigKeys (ConfUtils.java:logGet(43)) - raft.server.retrycache.expirytime = 600000ms (custom)
2019-09-26 15:13:31,431 [pool-27-thread-1] INFO  impl.RaftServerImpl (RaftServerImpl.java:start(185)) - b3e939fd-eb36-468b-9efe-5d0a1fdaa172@group-659098C9AEA4: start as a follower, conf=-1: [b3e939fd-eb36-468b-9efe-5d0a1fdaa172:192.168.151.99:45433], old=null
2019-09-26 15:13:31,431 [pool-27-thread-1] INFO  impl.RaftServerImpl (RaftServerImpl.java:setRole(174)) - b3e939fd-eb36-468b-9efe-5d0a1fdaa172@group-659098C9AEA4: changes role from      null to FOLLOWER at term 0 for startAsFollower
2019-09-26 15:13:31,431 [pool-27-thread-1] INFO  impl.RoleInfo (RoleInfo.java:updateAndGet(143)) - b3e939fd-eb36-468b-9efe-5d0a1fdaa172: start FollowerState
2019-09-26 15:13:31,432 [pool-27-thread-1] INFO  util.JmxRegister (JmxRegister.java:tryRegister(44)) - Successfully registered JMX Bean with object name Ratis:service=RaftServer,group=group-659098C9AEA4,id=b3e939fd-eb36-468b-9efe-5d0a1fdaa172
2019-09-26 15:13:31,433 [RatisPipelineUtilsThread] INFO  pipeline.PipelineStateManager (PipelineStateManager.java:addPipeline(56)) - Created pipeline Pipeline[ Id: 2d6c49f7-f801-4afc-b7b2-659098c9aea4, Nodes: b3e939fd-eb36-468b-9efe-5d0a1fdaa172{ip: 192.168.151.99, host: pr-hdds-1569-g6sp5-2013761785, networkLocation: /default-rack, certSerialId: null}, Type:RATIS, Factor:ONE, State:OPEN]
2019-09-26 15:13:31,436 [grpc-default-executor-0] INFO  impl.RaftServerProxy (RaftServerProxy.java:addNew(89)) - b3e939fd-eb36-468b-9efe-5d0a1fdaa172: addNew group-D78821ACB67A:[b3e939fd-eb36-468b-9efe-5d0a1fdaa172:192.168.151.99:45433] returns group-D78821ACB67A:java.util.concurrent.CompletableFuture@67d17b3e[Not completed]
2019-09-26 15:13:31,436 [pool-27-thread-1] INFO  impl.RaftServerImpl (RaftServerImpl.java:<init>(95)) - b3e939fd-eb36-468b-9efe-5d0a1fdaa172: new RaftServerImpl for group-D78821ACB67A:[b3e939fd-eb36-468b-9efe-5d0a1fdaa172:192.168.151.99:45433] with ContainerStateMachine:uninitialized
2019-09-26 15:13:31,437 [pool-27-thread-1] INFO  server.RaftServerConfigKeys (ConfUtils.java:logGet(43)) - raft.server.rpc.timeout.min = 5s (custom)
2019-09-26 15:13:31,437 [pool-27-thread-1] INFO  server.RaftServerConfigKeys (ConfUtils.java:logGet(43)) - raft.server.rpc.timeout.max = 5200ms (custom)
2019-09-26 15:13:31,437 [pool-27-thread-1] INFO  server.RaftServerConfigKeys (ConfUtils.java:logGet(43)) - raft.server.rpcslowness.timeout = 120s (custom)
2019-09-26 15:13:31,437 [pool-27-thread-1] INFO  server.RaftServerConfigKeys (ConfUtils.java:logGet(43)) - raft.server.sleep.deviation.threshold = 300 (default)
2019-09-26 15:13:31,437 [pool-27-thread-1] INFO  server.RaftServerConfigKeys (ConfUtils.java:logGet(43)) - raft.server.log.appender.install.snapshot.enabled = false (custom)
2019-09-26 15:13:31,437 [pool-27-thread-1] INFO  impl.RaftServerImpl (ServerState.java:<init>(103)) - b3e939fd-eb36-468b-9efe-5d0a1fdaa172@group-D78821ACB67A: ConfigurationManager, init=-1: [b3e939fd-eb36-468b-9efe-5d0a1fdaa172:192.168.151.99:45433], old=null, confs=<EMPTY_MAP>
2019-09-26 15:13:31,437 [pool-27-thread-1] INFO  server.RaftServerConfigKeys (ConfUtils.java:logGet(43)) - raft.server.storage.dir = [/workdir/hadoop-ozone/integration-test/target/test-dir/MiniOzoneClusterImpl-7e2f4b2f-6763-4a45-9ec4-264c2cef7c61/datanode-0/data/ratis] (custom)
2019-09-26 15:13:31,438 [pool-27-thread-1] INFO  storage.RaftStorageDirectory (RaftStorageDirectory.java:analyzeStorage(246)) - The storage directory /workdir/hadoop-ozone/integration-test/target/test-dir/MiniOzoneClusterImpl-7e2f4b2f-6763-4a45-9ec4-264c2cef7c61/datanode-0/data/ratis/b61ac015-9e76-47ab-8128-d78821acb67a does not exist. Creating ...
2019-09-26 15:13:31,451 [pool-27-thread-1] INFO  storage.RaftStorageDirectory (RaftStorageDirectory.java:tryLock(328)) - Lock on /workdir/hadoop-ozone/integration-test/target/test-dir/MiniOzoneClusterImpl-7e2f4b2f-6763-4a45-9ec4-264c2cef7c61/datanode-0/data/ratis/b61ac015-9e76-47ab-8128-d78821acb67a/in_use.lock acquired by nodename 11803@pr-hdds-1569-g6sp5-2013761785
2019-09-26 15:13:31,453 [pool-27-thread-1] INFO  storage.RaftStorage (RaftStorage.java:format(72)) - Storage directory /workdir/hadoop-ozone/integration-test/target/test-dir/MiniOzoneClusterImpl-7e2f4b2f-6763-4a45-9ec4-264c2cef7c61/datanode-0/data/ratis/b61ac015-9e76-47ab-8128-d78821acb67a has been successfully formatted.
2019-09-26 15:13:31,454 [pool-27-thread-1] INFO  ratis.ContainerStateMachine (ContainerStateMachine.java:loadSnapshot(230)) - group-D78821ACB67A: The snapshot info is null. Setting the last applied indexto:(t:0, i:~)
2019-09-26 15:13:31,454 [pool-27-thread-1] INFO  server.RaftServerConfigKeys (ConfUtils.java:logGet(43)) - raft.server.notification.no-leader.timeout = 120s (custom)
2019-09-26 15:13:31,454 [pool-27-thread-1] INFO  server.RaftServerConfigKeys (ConfUtils.java:logGet(43)) - raft.server.log.use.memory = false (default)
2019-09-26 15:13:31,454 [pool-27-thread-1] INFO  server.RaftServerConfigKeys (ConfUtils.java:logGet(43)) - raft.server.log.purge.gap = 1000000 (custom)
2019-09-26 15:13:31,454 [pool-27-thread-1] INFO  server.RaftServerConfigKeys (ConfUtils.java:logGet(43)) - raft.server.log.appender.buffer.byte-limit = 33554432 (custom)
2019-09-26 15:13:31,454 [pool-27-thread-1] INFO  server.RaftServerConfigKeys (ConfUtils.java:logGet(43)) - raft.server.log.segment.size.max = 1048576 (custom)
2019-09-26 15:13:31,454 [pool-27-thread-1] INFO  server.RaftServerConfigKeys (ConfUtils.java:logGet(43)) - raft.server.log.segment.cache.num.max = 2 (custom)
2019-09-26 15:13:31,454 [pool-27-thread-1] INFO  segmented.SegmentedRaftLogWorker (SegmentedRaftLogWorker.java:<init>(172)) - new b3e939fd-eb36-468b-9efe-5d0a1fdaa172@group-D78821ACB67A-SegmentedRaftLogWorker for RaftStorage:Storage Directory /workdir/hadoop-ozone/integration-test/target/test-dir/MiniOzoneClusterImpl-7e2f4b2f-6763-4a45-9ec4-264c2cef7c61/datanode-0/data/ratis/b61ac015-9e76-47ab-8128-d78821acb67a
2019-09-26 15:13:31,454 [pool-27-thread-1] INFO  server.RaftServerConfigKeys (ConfUtils.java:logGet(43)) - raft.server.log.queue.byte-limit = 2147483647 (custom)
2019-09-26 15:13:31,454 [pool-27-thread-1] INFO  server.RaftServerConfigKeys (ConfUtils.java:logGet(43)) - raft.server.log.queue.element-limit = 1024 (custom)
2019-09-26 15:13:31,454 [pool-27-thread-1] INFO  server.RaftServerConfigKeys (ConfUtils.java:logGet(43)) - raft.server.log.segment.size.max = 1048576 (custom)
2019-09-26 15:13:31,454 [pool-27-thread-1] INFO  server.RaftServerConfigKeys (ConfUtils.java:logGet(43)) - raft.server.log.preallocated.size = 16384 (custom)
2019-09-26 15:13:31,454 [pool-27-thread-1] INFO  server.RaftServerConfigKeys (ConfUtils.java:logGet(43)) - raft.server.log.write.buffer.size = 33554432 (custom)
2019-09-26 15:13:31,454 [pool-27-thread-1] INFO  server.RaftServerConfigKeys (ConfUtils.java:logGet(43)) - raft.server.log.force.sync.num = 128 (default)
2019-09-26 15:13:31,455 [pool-27-thread-1] INFO  server.RaftServerConfigKeys (ConfUtils.java:logGet(43)) - raft.server.log.statemachine.data.sync = true (default)
2019-09-26 15:13:31,455 [pool-27-thread-1] INFO  server.RaftServerConfigKeys (ConfUtils.java:logGet(43)) - raft.server.log.statemachine.data.sync.timeout = 10s (default)
2019-09-26 15:13:31,455 [pool-27-thread-1] INFO  server.RaftServerConfigKeys (ConfUtils.java:logGet(43)) - raft.server.log.statemachine.data.sync.timeout.retry = -1 (default)
2019-09-26 15:13:31,455 [pool-27-thread-1] INFO  server.RaftServerConfigKeys (ConfUtils.java:logGet(43)) - raft.server.log.statemachine.data.caching.enabled = true (custom)
2019-09-26 15:13:31,455 [pool-27-thread-1] INFO  segmented.SegmentedRaftLogWorker (SegmentedRaftLogWorker.java:lambda$new$0(132)) - b3e939fd-eb36-468b-9efe-5d0a1fdaa172@group-D78821ACB67A-SegmentedRaftLogWorker: flushIndex: setUnconditionally 0 -> -1
2019-09-26 15:13:31,455 [pool-27-thread-1] INFO  server.RaftServerConfigKeys (ConfUtils.java:logGet(43)) - raft.server.snapshot.auto.trigger.enabled = true (custom)
2019-09-26 15:13:31,455 [pool-27-thread-1] INFO  server.RaftServerConfigKeys (ConfUtils.java:logGet(43)) - raft.server.snapshot.auto.trigger.threshold = 10000 (custom)
2019-09-26 15:13:31,456 [pool-27-thread-1] INFO  server.RaftServerConfigKeys (ConfUtils.java:logGet(43)) - raft.server.snapshot.retention.num.files = 5 (custom)
2019-09-26 15:13:31,456 [pool-27-thread-1] INFO  server.RaftServerConfigKeys (ConfUtils.java:logGet(43)) - raft.server.retrycache.expirytime = 600000ms (custom)
2019-09-26 15:13:31,457 [pool-27-thread-1] INFO  impl.RaftServerImpl (RaftServerImpl.java:start(185)) - b3e939fd-eb36-468b-9efe-5d0a1fdaa172@group-D78821ACB67A: start as a follower, conf=-1: [b3e939fd-eb36-468b-9efe-5d0a1fdaa172:192.168.151.99:45433], old=null
2019-09-26 15:13:31,458 [pool-27-thread-1] INFO  impl.RaftServerImpl (RaftServerImpl.java:setRole(174)) - b3e939fd-eb36-468b-9efe-5d0a1fdaa172@group-D78821ACB67A: changes role from      null to FOLLOWER at term 0 for startAsFollower
2019-09-26 15:13:31,458 [pool-27-thread-1] INFO  impl.RoleInfo (RoleInfo.java:updateAndGet(143)) - b3e939fd-eb36-468b-9efe-5d0a1fdaa172: start FollowerState
2019-09-26 15:13:31,458 [pool-27-thread-1] INFO  util.JmxRegister (JmxRegister.java:tryRegister(44)) - Successfully registered JMX Bean with object name Ratis:service=RaftServer,group=group-D78821ACB67A,id=b3e939fd-eb36-468b-9efe-5d0a1fdaa172
2019-09-26 15:13:31,460 [RatisPipelineUtilsThread] INFO  pipeline.PipelineStateManager (PipelineStateManager.java:addPipeline(56)) - Created pipeline Pipeline[ Id: b61ac015-9e76-47ab-8128-d78821acb67a, Nodes: b3e939fd-eb36-468b-9efe-5d0a1fdaa172{ip: 192.168.151.99, host: pr-hdds-1569-g6sp5-2013761785, networkLocation: /default-rack, certSerialId: null}, Type:RATIS, Factor:ONE, State:OPEN]
2019-09-26 15:13:31,463 [grpc-default-executor-0] INFO  impl.RaftServerProxy (RaftServerProxy.java:addNew(89)) - b3e939fd-eb36-468b-9efe-5d0a1fdaa172: addNew group-CA0F44176545:[b3e939fd-eb36-468b-9efe-5d0a1fdaa172:192.168.151.99:45433] returns group-CA0F44176545:java.util.concurrent.CompletableFuture@7c1731e2[Not completed]
2019-09-26 15:13:31,464 [pool-27-thread-1] INFO  impl.RaftServerImpl (RaftServerImpl.java:<init>(95)) - b3e939fd-eb36-468b-9efe-5d0a1fdaa172: new RaftServerImpl for group-CA0F44176545:[b3e939fd-eb36-468b-9efe-5d0a1fdaa172:192.168.151.99:45433] with ContainerStateMachine:uninitialized
2019-09-26 15:13:31,464 [pool-27-thread-1] INFO  server.RaftServerConfigKeys (ConfUtils.java:logGet(43)) - raft.server.rpc.timeout.min = 5s (custom)
2019-09-26 15:13:31,464 [pool-27-thread-1] INFO  server.RaftServerConfigKeys (ConfUtils.java:logGet(43)) - raft.server.rpc.timeout.max = 5200ms (custom)
2019-09-26 15:13:31,464 [pool-27-thread-1] INFO  server.RaftServerConfigKeys (ConfUtils.java:logGet(43)) - raft.server.rpcslowness.timeout = 120s (custom)
2019-09-26 15:13:31,464 [pool-27-thread-1] INFO  server.RaftServerConfigKeys (ConfUtils.java:logGet(43)) - raft.server.sleep.deviation.threshold = 300 (default)
2019-09-26 15:13:31,464 [pool-27-thread-1] INFO  server.RaftServerConfigKeys (ConfUtils.java:logGet(43)) - raft.server.log.appender.install.snapshot.enabled = false (custom)
2019-09-26 15:13:31,465 [pool-27-thread-1] INFO  impl.RaftServerImpl (ServerState.java:<init>(103)) - b3e939fd-eb36-468b-9efe-5d0a1fdaa172@group-CA0F44176545: ConfigurationManager, init=-1: [b3e939fd-eb36-468b-9efe-5d0a1fdaa172:192.168.151.99:45433], old=null, confs=<EMPTY_MAP>
2019-09-26 15:13:31,465 [pool-27-thread-1] INFO  server.RaftServerConfigKeys (ConfUtils.java:logGet(43)) - raft.server.storage.dir = [/workdir/hadoop-ozone/integration-test/target/test-dir/MiniOzoneClusterImpl-7e2f4b2f-6763-4a45-9ec4-264c2cef7c61/datanode-0/data/ratis] (custom)
2019-09-26 15:13:31,466 [pool-27-thread-1] INFO  storage.RaftStorageDirectory (RaftStorageDirectory.java:analyzeStorage(246)) - The storage directory /workdir/hadoop-ozone/integration-test/target/test-dir/MiniOzoneClusterImpl-7e2f4b2f-6763-4a45-9ec4-264c2cef7c61/datanode-0/data/ratis/334cb26b-1f7a-4a6a-914b-ca0f44176545 does not exist. Creating ...
2019-09-26 15:13:31,479 [pool-27-thread-1] INFO  storage.RaftStorageDirectory (RaftStorageDirectory.java:tryLock(328)) - Lock on /workdir/hadoop-ozone/integration-test/target/test-dir/MiniOzoneClusterImpl-7e2f4b2f-6763-4a45-9ec4-264c2cef7c61/datanode-0/data/ratis/334cb26b-1f7a-4a6a-914b-ca0f44176545/in_use.lock acquired by nodename 11803@pr-hdds-1569-g6sp5-2013761785
2019-09-26 15:13:31,493 [pool-27-thread-1] INFO  storage.RaftStorage (RaftStorage.java:format(72)) - Storage directory /workdir/hadoop-ozone/integration-test/target/test-dir/MiniOzoneClusterImpl-7e2f4b2f-6763-4a45-9ec4-264c2cef7c61/datanode-0/data/ratis/334cb26b-1f7a-4a6a-914b-ca0f44176545 has been successfully formatted.
2019-09-26 15:13:31,493 [pool-27-thread-1] INFO  ratis.ContainerStateMachine (ContainerStateMachine.java:loadSnapshot(230)) - group-CA0F44176545: The snapshot info is null. Setting the last applied indexto:(t:0, i:~)
2019-09-26 15:13:31,493 [pool-27-thread-1] INFO  server.RaftServerConfigKeys (ConfUtils.java:logGet(43)) - raft.server.notification.no-leader.timeout = 120s (custom)
2019-09-26 15:13:31,493 [pool-27-thread-1] INFO  server.RaftServerConfigKeys (ConfUtils.java:logGet(43)) - raft.server.log.use.memory = false (default)
2019-09-26 15:13:31,493 [pool-27-thread-1] INFO  server.RaftServerConfigKeys (ConfUtils.java:logGet(43)) - raft.server.log.purge.gap = 1000000 (custom)
2019-09-26 15:13:31,494 [pool-27-thread-1] INFO  server.RaftServerConfigKeys (ConfUtils.java:logGet(43)) - raft.server.log.appender.buffer.byte-limit = 33554432 (custom)
2019-09-26 15:13:31,494 [pool-27-thread-1] INFO  server.RaftServerConfigKeys (ConfUtils.java:logGet(43)) - raft.server.log.segment.size.max = 1048576 (custom)
2019-09-26 15:13:31,494 [pool-27-thread-1] INFO  server.RaftServerConfigKeys (ConfUtils.java:logGet(43)) - raft.server.log.segment.cache.num.max = 2 (custom)
2019-09-26 15:13:31,494 [pool-27-thread-1] INFO  segmented.SegmentedRaftLogWorker (SegmentedRaftLogWorker.java:<init>(172)) - new b3e939fd-eb36-468b-9efe-5d0a1fdaa172@group-CA0F44176545-SegmentedRaftLogWorker for RaftStorage:Storage Directory /workdir/hadoop-ozone/integration-test/target/test-dir/MiniOzoneClusterImpl-7e2f4b2f-6763-4a45-9ec4-264c2cef7c61/datanode-0/data/ratis/334cb26b-1f7a-4a6a-914b-ca0f44176545
2019-09-26 15:13:31,494 [pool-27-thread-1] INFO  server.RaftServerConfigKeys (ConfUtils.java:logGet(43)) - raft.server.log.queue.byte-limit = 2147483647 (custom)
2019-09-26 15:13:31,494 [pool-27-thread-1] INFO  server.RaftServerConfigKeys (ConfUtils.java:logGet(43)) - raft.server.log.queue.element-limit = 1024 (custom)
2019-09-26 15:13:31,494 [pool-27-thread-1] INFO  server.RaftServerConfigKeys (ConfUtils.java:logGet(43)) - raft.server.log.segment.size.max = 1048576 (custom)
2019-09-26 15:13:31,495 [pool-27-thread-1] INFO  server.RaftServerConfigKeys (ConfUtils.java:logGet(43)) - raft.server.log.preallocated.size = 16384 (custom)
2019-09-26 15:13:31,495 [pool-27-thread-1] INFO  server.RaftServerConfigKeys (ConfUtils.java:logGet(43)) - raft.server.log.write.buffer.size = 33554432 (custom)
2019-09-26 15:13:31,495 [pool-27-thread-1] INFO  server.RaftServerConfigKeys (ConfUtils.java:logGet(43)) - raft.server.log.force.sync.num = 128 (default)
2019-09-26 15:13:31,495 [pool-27-thread-1] INFO  server.RaftServerConfigKeys (ConfUtils.java:logGet(43)) - raft.server.log.statemachine.data.sync = true (default)
2019-09-26 15:13:31,495 [pool-27-thread-1] INFO  server.RaftServerConfigKeys (ConfUtils.java:logGet(43)) - raft.server.log.statemachine.data.sync.timeout = 10s (default)
2019-09-26 15:13:31,495 [pool-27-thread-1] INFO  server.RaftServerConfigKeys (ConfUtils.java:logGet(43)) - raft.server.log.statemachine.data.sync.timeout.retry = -1 (default)
2019-09-26 15:13:31,495 [pool-27-thread-1] INFO  server.RaftServerConfigKeys (ConfUtils.java:logGet(43)) - raft.server.log.statemachine.data.caching.enabled = true (custom)
2019-09-26 15:13:31,496 [pool-27-thread-1] INFO  segmented.SegmentedRaftLogWorker (SegmentedRaftLogWorker.java:lambda$new$0(132)) - b3e939fd-eb36-468b-9efe-5d0a1fdaa172@group-CA0F44176545-SegmentedRaftLogWorker: flushIndex: setUnconditionally 0 -> -1
2019-09-26 15:13:31,496 [pool-27-thread-1] INFO  server.RaftServerConfigKeys (ConfUtils.java:logGet(43)) - raft.server.snapshot.auto.trigger.enabled = true (custom)
2019-09-26 15:13:31,496 [pool-27-thread-1] INFO  server.RaftServerConfigKeys (ConfUtils.java:logGet(43)) - raft.server.snapshot.auto.trigger.threshold = 10000 (custom)
2019-09-26 15:13:31,496 [pool-27-thread-1] INFO  server.RaftServerConfigKeys (ConfUtils.java:logGet(43)) - raft.server.snapshot.retention.num.files = 5 (custom)
2019-09-26 15:13:31,496 [pool-27-thread-1] INFO  server.RaftServerConfigKeys (ConfUtils.java:logGet(43)) - raft.server.retrycache.expirytime = 600000ms (custom)
2019-09-26 15:13:31,498 [pool-27-thread-1] INFO  impl.RaftServerImpl (RaftServerImpl.java:start(185)) - b3e939fd-eb36-468b-9efe-5d0a1fdaa172@group-CA0F44176545: start as a follower, conf=-1: [b3e939fd-eb36-468b-9efe-5d0a1fdaa172:192.168.151.99:45433], old=null
2019-09-26 15:13:31,498 [pool-27-thread-1] INFO  impl.RaftServerImpl (RaftServerImpl.java:setRole(174)) - b3e939fd-eb36-468b-9efe-5d0a1fdaa172@group-CA0F44176545: changes role from      null to FOLLOWER at term 0 for startAsFollower
2019-09-26 15:13:31,498 [pool-27-thread-1] INFO  impl.RoleInfo (RoleInfo.java:updateAndGet(143)) - b3e939fd-eb36-468b-9efe-5d0a1fdaa172: start FollowerState
2019-09-26 15:13:31,499 [pool-27-thread-1] INFO  util.JmxRegister (JmxRegister.java:tryRegister(44)) - Successfully registered JMX Bean with object name Ratis:service=RaftServer,group=group-CA0F44176545,id=b3e939fd-eb36-468b-9efe-5d0a1fdaa172
2019-09-26 15:13:31,501 [RatisPipelineUtilsThread] INFO  pipeline.PipelineStateManager (PipelineStateManager.java:addPipeline(56)) - Created pipeline Pipeline[ Id: 334cb26b-1f7a-4a6a-914b-ca0f44176545, Nodes: b3e939fd-eb36-468b-9efe-5d0a1fdaa172{ip: 192.168.151.99, host: pr-hdds-1569-g6sp5-2013761785, networkLocation: /default-rack, certSerialId: null}, Type:RATIS, Factor:ONE, State:OPEN]
2019-09-26 15:13:31,504 [grpc-default-executor-0] INFO  impl.RaftServerProxy (RaftServerProxy.java:addNew(89)) - b3e939fd-eb36-468b-9efe-5d0a1fdaa172: addNew group-82208FB82218:[b3e939fd-eb36-468b-9efe-5d0a1fdaa172:192.168.151.99:45433] returns group-82208FB82218:java.util.concurrent.CompletableFuture@d247557[Not completed]
2019-09-26 15:13:31,505 [pool-27-thread-1] INFO  impl.RaftServerImpl (RaftServerImpl.java:<init>(95)) - b3e939fd-eb36-468b-9efe-5d0a1fdaa172: new RaftServerImpl for group-82208FB82218:[b3e939fd-eb36-468b-9efe-5d0a1fdaa172:192.168.151.99:45433] with ContainerStateMachine:uninitialized
2019-09-26 15:13:31,505 [pool-27-thread-1] INFO  server.RaftServerConfigKeys (ConfUtils.java:logGet(43)) - raft.server.rpc.timeout.min = 5s (custom)
2019-09-26 15:13:31,505 [pool-27-thread-1] INFO  server.RaftServerConfigKeys (ConfUtils.java:logGet(43)) - raft.server.rpc.timeout.max = 5200ms (custom)
2019-09-26 15:13:31,505 [pool-27-thread-1] INFO  server.RaftServerConfigKeys (ConfUtils.java:logGet(43)) - raft.server.rpcslowness.timeout = 120s (custom)
2019-09-26 15:13:31,505 [pool-27-thread-1] INFO  server.RaftServerConfigKeys (ConfUtils.java:logGet(43)) - raft.server.sleep.deviation.threshold = 300 (default)
2019-09-26 15:13:31,505 [pool-27-thread-1] INFO  server.RaftServerConfigKeys (ConfUtils.java:logGet(43)) - raft.server.log.appender.install.snapshot.enabled = false (custom)
2019-09-26 15:13:31,505 [pool-27-thread-1] INFO  impl.RaftServerImpl (ServerState.java:<init>(103)) - b3e939fd-eb36-468b-9efe-5d0a1fdaa172@group-82208FB82218: ConfigurationManager, init=-1: [b3e939fd-eb36-468b-9efe-5d0a1fdaa172:192.168.151.99:45433], old=null, confs=<EMPTY_MAP>
2019-09-26 15:13:31,506 [pool-27-thread-1] INFO  server.RaftServerConfigKeys (ConfUtils.java:logGet(43)) - raft.server.storage.dir = [/workdir/hadoop-ozone/integration-test/target/test-dir/MiniOzoneClusterImpl-7e2f4b2f-6763-4a45-9ec4-264c2cef7c61/datanode-0/data/ratis] (custom)
2019-09-26 15:13:31,507 [pool-27-thread-1] INFO  storage.RaftStorageDirectory (RaftStorageDirectory.java:analyzeStorage(246)) - The storage directory /workdir/hadoop-ozone/integration-test/target/test-dir/MiniOzoneClusterImpl-7e2f4b2f-6763-4a45-9ec4-264c2cef7c61/datanode-0/data/ratis/d160b2e6-085f-4ed8-940c-82208fb82218 does not exist. Creating ...
2019-09-26 15:13:31,520 [pool-27-thread-1] INFO  storage.RaftStorageDirectory (RaftStorageDirectory.java:tryLock(328)) - Lock on /workdir/hadoop-ozone/integration-test/target/test-dir/MiniOzoneClusterImpl-7e2f4b2f-6763-4a45-9ec4-264c2cef7c61/datanode-0/data/ratis/d160b2e6-085f-4ed8-940c-82208fb82218/in_use.lock acquired by nodename 11803@pr-hdds-1569-g6sp5-2013761785
2019-09-26 15:13:31,533 [pool-27-thread-1] INFO  storage.RaftStorage (RaftStorage.java:format(72)) - Storage directory /workdir/hadoop-ozone/integration-test/target/test-dir/MiniOzoneClusterImpl-7e2f4b2f-6763-4a45-9ec4-264c2cef7c61/datanode-0/data/ratis/d160b2e6-085f-4ed8-940c-82208fb82218 has been successfully formatted.
2019-09-26 15:13:31,533 [pool-27-thread-1] INFO  ratis.ContainerStateMachine (ContainerStateMachine.java:loadSnapshot(230)) - group-82208FB82218: The snapshot info is null. Setting the last applied indexto:(t:0, i:~)
2019-09-26 15:13:31,533 [pool-27-thread-1] INFO  server.RaftServerConfigKeys (ConfUtils.java:logGet(43)) - raft.server.notification.no-leader.timeout = 120s (custom)
2019-09-26 15:13:31,533 [pool-27-thread-1] INFO  server.RaftServerConfigKeys (ConfUtils.java:logGet(43)) - raft.server.log.use.memory = false (default)
2019-09-26 15:13:31,533 [pool-27-thread-1] INFO  server.RaftServerConfigKeys (ConfUtils.java:logGet(43)) - raft.server.log.purge.gap = 1000000 (custom)
2019-09-26 15:13:31,533 [pool-27-thread-1] INFO  server.RaftServerConfigKeys (ConfUtils.java:logGet(43)) - raft.server.log.appender.buffer.byte-limit = 33554432 (custom)
2019-09-26 15:13:31,534 [pool-27-thread-1] INFO  server.RaftServerConfigKeys (ConfUtils.java:logGet(43)) - raft.server.log.segment.size.max = 1048576 (custom)
2019-09-26 15:13:31,534 [pool-27-thread-1] INFO  server.RaftServerConfigKeys (ConfUtils.java:logGet(43)) - raft.server.log.segment.cache.num.max = 2 (custom)
2019-09-26 15:13:31,534 [pool-27-thread-1] INFO  segmented.SegmentedRaftLogWorker (SegmentedRaftLogWorker.java:<init>(172)) - new b3e939fd-eb36-468b-9efe-5d0a1fdaa172@group-82208FB82218-SegmentedRaftLogWorker for RaftStorage:Storage Directory /workdir/hadoop-ozone/integration-test/target/test-dir/MiniOzoneClusterImpl-7e2f4b2f-6763-4a45-9ec4-264c2cef7c61/datanode-0/data/ratis/d160b2e6-085f-4ed8-940c-82208fb82218
2019-09-26 15:13:31,534 [pool-27-thread-1] INFO  server.RaftServerConfigKeys (ConfUtils.java:logGet(43)) - raft.server.log.queue.byte-limit = 2147483647 (custom)
2019-09-26 15:13:31,534 [pool-27-thread-1] INFO  server.RaftServerConfigKeys (ConfUtils.java:logGet(43)) - raft.server.log.queue.element-limit = 1024 (custom)
2019-09-26 15:13:31,534 [pool-27-thread-1] INFO  server.RaftServerConfigKeys (ConfUtils.java:logGet(43)) - raft.server.log.segment.size.max = 1048576 (custom)
2019-09-26 15:13:31,534 [pool-27-thread-1] INFO  server.RaftServerConfigKeys (ConfUtils.java:logGet(43)) - raft.server.log.preallocated.size = 16384 (custom)
2019-09-26 15:13:31,534 [pool-27-thread-1] INFO  server.RaftServerConfigKeys (ConfUtils.java:logGet(43)) - raft.server.log.write.buffer.size = 33554432 (custom)
2019-09-26 15:13:31,534 [pool-27-thread-1] INFO  server.RaftServerConfigKeys (ConfUtils.java:logGet(43)) - raft.server.log.force.sync.num = 128 (default)
2019-09-26 15:13:31,534 [pool-27-thread-1] INFO  server.RaftServerConfigKeys (ConfUtils.java:logGet(43)) - raft.server.log.statemachine.data.sync = true (default)
2019-09-26 15:13:31,535 [pool-27-thread-1] INFO  server.RaftServerConfigKeys (ConfUtils.java:logGet(43)) - raft.server.log.statemachine.data.sync.timeout = 10s (default)
2019-09-26 15:13:31,535 [pool-27-thread-1] INFO  server.RaftServerConfigKeys (ConfUtils.java:logGet(43)) - raft.server.log.statemachine.data.sync.timeout.retry = -1 (default)
2019-09-26 15:13:31,535 [pool-27-thread-1] INFO  server.RaftServerConfigKeys (ConfUtils.java:logGet(43)) - raft.server.log.statemachine.data.caching.enabled = true (custom)
2019-09-26 15:13:31,535 [pool-27-thread-1] INFO  segmented.SegmentedRaftLogWorker (SegmentedRaftLogWorker.java:lambda$new$0(132)) - b3e939fd-eb36-468b-9efe-5d0a1fdaa172@group-82208FB82218-SegmentedRaftLogWorker: flushIndex: setUnconditionally 0 -> -1
2019-09-26 15:13:31,535 [pool-27-thread-1] INFO  server.RaftServerConfigKeys (ConfUtils.java:logGet(43)) - raft.server.snapshot.auto.trigger.enabled = true (custom)
2019-09-26 15:13:31,535 [pool-27-thread-1] INFO  server.RaftServerConfigKeys (ConfUtils.java:logGet(43)) - raft.server.snapshot.auto.trigger.threshold = 10000 (custom)
2019-09-26 15:13:31,535 [pool-27-thread-1] INFO  server.RaftServerConfigKeys (ConfUtils.java:logGet(43)) - raft.server.snapshot.retention.num.files = 5 (custom)
2019-09-26 15:13:31,536 [pool-27-thread-1] INFO  server.RaftServerConfigKeys (ConfUtils.java:logGet(43)) - raft.server.retrycache.expirytime = 600000ms (custom)
2019-09-26 15:13:31,537 [pool-27-thread-1] INFO  impl.RaftServerImpl (RaftServerImpl.java:start(185)) - b3e939fd-eb36-468b-9efe-5d0a1fdaa172@group-82208FB82218: start as a follower, conf=-1: [b3e939fd-eb36-468b-9efe-5d0a1fdaa172:192.168.151.99:45433], old=null
2019-09-26 15:13:31,537 [pool-27-thread-1] INFO  impl.RaftServerImpl (RaftServerImpl.java:setRole(174)) - b3e939fd-eb36-468b-9efe-5d0a1fdaa172@group-82208FB82218: changes role from      null to FOLLOWER at term 0 for startAsFollower
2019-09-26 15:13:31,537 [pool-27-thread-1] INFO  impl.RoleInfo (RoleInfo.java:updateAndGet(143)) - b3e939fd-eb36-468b-9efe-5d0a1fdaa172: start FollowerState
2019-09-26 15:13:31,537 [pool-27-thread-1] INFO  util.JmxRegister (JmxRegister.java:tryRegister(44)) - Successfully registered JMX Bean with object name Ratis:service=RaftServer,group=group-82208FB82218,id=b3e939fd-eb36-468b-9efe-5d0a1fdaa172
2019-09-26 15:13:31,539 [RatisPipelineUtilsThread] INFO  pipeline.PipelineStateManager (PipelineStateManager.java:addPipeline(56)) - Created pipeline Pipeline[ Id: d160b2e6-085f-4ed8-940c-82208fb82218, Nodes: b3e939fd-eb36-468b-9efe-5d0a1fdaa172{ip: 192.168.151.99, host: pr-hdds-1569-g6sp5-2013761785, networkLocation: /default-rack, certSerialId: null}, Type:RATIS, Factor:ONE, State:OPEN]
2019-09-26 15:13:31,543 [grpc-default-executor-0] INFO  impl.RaftServerProxy (RaftServerProxy.java:addNew(89)) - b3e939fd-eb36-468b-9efe-5d0a1fdaa172: addNew group-71A36764AA64:[b3e939fd-eb36-468b-9efe-5d0a1fdaa172:192.168.151.99:45433] returns group-71A36764AA64:java.util.concurrent.CompletableFuture@51988837[Not completed]
2019-09-26 15:13:31,543 [pool-27-thread-1] INFO  impl.RaftServerImpl (RaftServerImpl.java:<init>(95)) - b3e939fd-eb36-468b-9efe-5d0a1fdaa172: new RaftServerImpl for group-71A36764AA64:[b3e939fd-eb36-468b-9efe-5d0a1fdaa172:192.168.151.99:45433] with ContainerStateMachine:uninitialized
2019-09-26 15:13:31,543 [pool-27-thread-1] INFO  server.RaftServerConfigKeys (ConfUtils.java:logGet(43)) - raft.server.rpc.timeout.min = 5s (custom)
2019-09-26 15:13:31,543 [pool-27-thread-1] INFO  server.RaftServerConfigKeys (ConfUtils.java:logGet(43)) - raft.server.rpc.timeout.max = 5200ms (custom)
2019-09-26 15:13:31,544 [pool-27-thread-1] INFO  server.RaftServerConfigKeys (ConfUtils.java:logGet(43)) - raft.server.rpcslowness.timeout = 120s (custom)
2019-09-26 15:13:31,544 [pool-27-thread-1] INFO  server.RaftServerConfigKeys (ConfUtils.java:logGet(43)) - raft.server.sleep.deviation.threshold = 300 (default)
2019-09-26 15:13:31,544 [pool-27-thread-1] INFO  server.RaftServerConfigKeys (ConfUtils.java:logGet(43)) - raft.server.log.appender.install.snapshot.enabled = false (custom)
2019-09-26 15:13:31,544 [pool-27-thread-1] INFO  impl.RaftServerImpl (ServerState.java:<init>(103)) - b3e939fd-eb36-468b-9efe-5d0a1fdaa172@group-71A36764AA64: ConfigurationManager, init=-1: [b3e939fd-eb36-468b-9efe-5d0a1fdaa172:192.168.151.99:45433], old=null, confs=<EMPTY_MAP>
2019-09-26 15:13:31,544 [pool-27-thread-1] INFO  server.RaftServerConfigKeys (ConfUtils.java:logGet(43)) - raft.server.storage.dir = [/workdir/hadoop-ozone/integration-test/target/test-dir/MiniOzoneClusterImpl-7e2f4b2f-6763-4a45-9ec4-264c2cef7c61/datanode-0/data/ratis] (custom)
2019-09-26 15:13:31,545 [pool-27-thread-1] INFO  storage.RaftStorageDirectory (RaftStorageDirectory.java:analyzeStorage(246)) - The storage directory /workdir/hadoop-ozone/integration-test/target/test-dir/MiniOzoneClusterImpl-7e2f4b2f-6763-4a45-9ec4-264c2cef7c61/datanode-0/data/ratis/1a0c1314-d11b-498a-8db0-71a36764aa64 does not exist. Creating ...
2019-09-26 15:13:31,558 [pool-27-thread-1] INFO  storage.RaftStorageDirectory (RaftStorageDirectory.java:tryLock(328)) - Lock on /workdir/hadoop-ozone/integration-test/target/test-dir/MiniOzoneClusterImpl-7e2f4b2f-6763-4a45-9ec4-264c2cef7c61/datanode-0/data/ratis/1a0c1314-d11b-498a-8db0-71a36764aa64/in_use.lock acquired by nodename 11803@pr-hdds-1569-g6sp5-2013761785
2019-09-26 15:13:31,571 [pool-27-thread-1] INFO  storage.RaftStorage (RaftStorage.java:format(72)) - Storage directory /workdir/hadoop-ozone/integration-test/target/test-dir/MiniOzoneClusterImpl-7e2f4b2f-6763-4a45-9ec4-264c2cef7c61/datanode-0/data/ratis/1a0c1314-d11b-498a-8db0-71a36764aa64 has been successfully formatted.
2019-09-26 15:13:31,571 [pool-27-thread-1] INFO  ratis.ContainerStateMachine (ContainerStateMachine.java:loadSnapshot(230)) - group-71A36764AA64: The snapshot info is null. Setting the last applied indexto:(t:0, i:~)
2019-09-26 15:13:31,571 [pool-27-thread-1] INFO  server.RaftServerConfigKeys (ConfUtils.java:logGet(43)) - raft.server.notification.no-leader.timeout = 120s (custom)
2019-09-26 15:13:31,571 [pool-27-thread-1] INFO  server.RaftServerConfigKeys (ConfUtils.java:logGet(43)) - raft.server.log.use.memory = false (default)
2019-09-26 15:13:31,571 [pool-27-thread-1] INFO  server.RaftServerConfigKeys (ConfUtils.java:logGet(43)) - raft.server.log.purge.gap = 1000000 (custom)
2019-09-26 15:13:31,571 [pool-27-thread-1] INFO  server.RaftServerConfigKeys (ConfUtils.java:logGet(43)) - raft.server.log.appender.buffer.byte-limit = 33554432 (custom)
2019-09-26 15:13:31,572 [pool-27-thread-1] INFO  server.RaftServerConfigKeys (ConfUtils.java:logGet(43)) - raft.server.log.segment.size.max = 1048576 (custom)
2019-09-26 15:13:31,572 [pool-27-thread-1] INFO  server.RaftServerConfigKeys (ConfUtils.java:logGet(43)) - raft.server.log.segment.cache.num.max = 2 (custom)
2019-09-26 15:13:31,572 [pool-27-thread-1] INFO  segmented.SegmentedRaftLogWorker (SegmentedRaftLogWorker.java:<init>(172)) - new b3e939fd-eb36-468b-9efe-5d0a1fdaa172@group-71A36764AA64-SegmentedRaftLogWorker for RaftStorage:Storage Directory /workdir/hadoop-ozone/integration-test/target/test-dir/MiniOzoneClusterImpl-7e2f4b2f-6763-4a45-9ec4-264c2cef7c61/datanode-0/data/ratis/1a0c1314-d11b-498a-8db0-71a36764aa64
2019-09-26 15:13:31,572 [pool-27-thread-1] INFO  server.RaftServerConfigKeys (ConfUtils.java:logGet(43)) - raft.server.log.queue.byte-limit = 2147483647 (custom)
2019-09-26 15:13:31,572 [pool-27-thread-1] INFO  server.RaftServerConfigKeys (ConfUtils.java:logGet(43)) - raft.server.log.queue.element-limit = 1024 (custom)
2019-09-26 15:13:31,572 [pool-27-thread-1] INFO  server.RaftServerConfigKeys (ConfUtils.java:logGet(43)) - raft.server.log.segment.size.max = 1048576 (custom)
2019-09-26 15:13:31,572 [pool-27-thread-1] INFO  server.RaftServerConfigKeys (ConfUtils.java:logGet(43)) - raft.server.log.preallocated.size = 16384 (custom)
2019-09-26 15:13:31,572 [pool-27-thread-1] INFO  server.RaftServerConfigKeys (ConfUtils.java:logGet(43)) - raft.server.log.write.buffer.size = 33554432 (custom)
2019-09-26 15:13:31,572 [pool-27-thread-1] INFO  server.RaftServerConfigKeys (ConfUtils.java:logGet(43)) - raft.server.log.force.sync.num = 128 (default)
2019-09-26 15:13:31,573 [pool-27-thread-1] INFO  server.RaftServerConfigKeys (ConfUtils.java:logGet(43)) - raft.server.log.statemachine.data.sync = true (default)
2019-09-26 15:13:31,573 [pool-27-thread-1] INFO  server.RaftServerConfigKeys (ConfUtils.java:logGet(43)) - raft.server.log.statemachine.data.sync.timeout = 10s (default)
2019-09-26 15:13:31,573 [pool-27-thread-1] INFO  server.RaftServerConfigKeys (ConfUtils.java:logGet(43)) - raft.server.log.statemachine.data.sync.timeout.retry = -1 (default)
2019-09-26 15:13:31,573 [pool-27-thread-1] INFO  server.RaftServerConfigKeys (ConfUtils.java:logGet(43)) - raft.server.log.statemachine.data.caching.enabled = true (custom)
2019-09-26 15:13:31,573 [pool-27-thread-1] INFO  segmented.SegmentedRaftLogWorker (SegmentedRaftLogWorker.java:lambda$new$0(132)) - b3e939fd-eb36-468b-9efe-5d0a1fdaa172@group-71A36764AA64-SegmentedRaftLogWorker: flushIndex: setUnconditionally 0 -> -1
2019-09-26 15:13:31,573 [pool-27-thread-1] INFO  server.RaftServerConfigKeys (ConfUtils.java:logGet(43)) - raft.server.snapshot.auto.trigger.enabled = true (custom)
2019-09-26 15:13:31,574 [pool-27-thread-1] INFO  server.RaftServerConfigKeys (ConfUtils.java:logGet(43)) - raft.server.snapshot.auto.trigger.threshold = 10000 (custom)
2019-09-26 15:13:31,574 [pool-27-thread-1] INFO  server.RaftServerConfigKeys (ConfUtils.java:logGet(43)) - raft.server.snapshot.retention.num.files = 5 (custom)
2019-09-26 15:13:31,574 [pool-27-thread-1] INFO  server.RaftServerConfigKeys (ConfUtils.java:logGet(43)) - raft.server.retrycache.expirytime = 600000ms (custom)
2019-09-26 15:13:31,575 [pool-27-thread-1] INFO  impl.RaftServerImpl (RaftServerImpl.java:start(185)) - b3e939fd-eb36-468b-9efe-5d0a1fdaa172@group-71A36764AA64: start as a follower, conf=-1: [b3e939fd-eb36-468b-9efe-5d0a1fdaa172:192.168.151.99:45433], old=null
2019-09-26 15:13:31,575 [pool-27-thread-1] INFO  impl.RaftServerImpl (RaftServerImpl.java:setRole(174)) - b3e939fd-eb36-468b-9efe-5d0a1fdaa172@group-71A36764AA64: changes role from      null to FOLLOWER at term 0 for startAsFollower
2019-09-26 15:13:31,575 [pool-27-thread-1] INFO  impl.RoleInfo (RoleInfo.java:updateAndGet(143)) - b3e939fd-eb36-468b-9efe-5d0a1fdaa172: start FollowerState
2019-09-26 15:13:31,576 [pool-27-thread-1] INFO  util.JmxRegister (JmxRegister.java:tryRegister(44)) - Successfully registered JMX Bean with object name Ratis:service=RaftServer,group=group-71A36764AA64,id=b3e939fd-eb36-468b-9efe-5d0a1fdaa172
2019-09-26 15:13:31,578 [RatisPipelineUtilsThread] INFO  pipeline.PipelineStateManager (PipelineStateManager.java:addPipeline(56)) - Created pipeline Pipeline[ Id: 1a0c1314-d11b-498a-8db0-71a36764aa64, Nodes: b3e939fd-eb36-468b-9efe-5d0a1fdaa172{ip: 192.168.151.99, host: pr-hdds-1569-g6sp5-2013761785, networkLocation: /default-rack, certSerialId: null}, Type:RATIS, Factor:ONE, State:OPEN]
2019-09-26 15:13:31,581 [grpc-default-executor-0] INFO  impl.RaftServerProxy (RaftServerProxy.java:addNew(89)) - b3e939fd-eb36-468b-9efe-5d0a1fdaa172: addNew group-74AE591B69F2:[b3e939fd-eb36-468b-9efe-5d0a1fdaa172:192.168.151.99:45433] returns group-74AE591B69F2:java.util.concurrent.CompletableFuture@19c8fb13[Not completed]
2019-09-26 15:13:31,582 [pool-27-thread-1] INFO  impl.RaftServerImpl (RaftServerImpl.java:<init>(95)) - b3e939fd-eb36-468b-9efe-5d0a1fdaa172: new RaftServerImpl for group-74AE591B69F2:[b3e939fd-eb36-468b-9efe-5d0a1fdaa172:192.168.151.99:45433] with ContainerStateMachine:uninitialized
2019-09-26 15:13:31,582 [pool-27-thread-1] INFO  server.RaftServerConfigKeys (ConfUtils.java:logGet(43)) - raft.server.rpc.timeout.min = 5s (custom)
2019-09-26 15:13:31,582 [pool-27-thread-1] INFO  server.RaftServerConfigKeys (ConfUtils.java:logGet(43)) - raft.server.rpc.timeout.max = 5200ms (custom)
2019-09-26 15:13:31,582 [pool-27-thread-1] INFO  server.RaftServerConfigKeys (ConfUtils.java:logGet(43)) - raft.server.rpcslowness.timeout = 120s (custom)
2019-09-26 15:13:31,582 [pool-27-thread-1] INFO  server.RaftServerConfigKeys (ConfUtils.java:logGet(43)) - raft.server.sleep.deviation.threshold = 300 (default)
2019-09-26 15:13:31,582 [pool-27-thread-1] INFO  server.RaftServerConfigKeys (ConfUtils.java:logGet(43)) - raft.server.log.appender.install.snapshot.enabled = false (custom)
2019-09-26 15:13:31,582 [pool-27-thread-1] INFO  impl.RaftServerImpl (ServerState.java:<init>(103)) - b3e939fd-eb36-468b-9efe-5d0a1fdaa172@group-74AE591B69F2: ConfigurationManager, init=-1: [b3e939fd-eb36-468b-9efe-5d0a1fdaa172:192.168.151.99:45433], old=null, confs=<EMPTY_MAP>
2019-09-26 15:13:31,583 [pool-27-thread-1] INFO  server.RaftServerConfigKeys (ConfUtils.java:logGet(43)) - raft.server.storage.dir = [/workdir/hadoop-ozone/integration-test/target/test-dir/MiniOzoneClusterImpl-7e2f4b2f-6763-4a45-9ec4-264c2cef7c61/datanode-0/data/ratis] (custom)
2019-09-26 15:13:31,584 [pool-27-thread-1] INFO  storage.RaftStorageDirectory (RaftStorageDirectory.java:analyzeStorage(246)) - The storage directory /workdir/hadoop-ozone/integration-test/target/test-dir/MiniOzoneClusterImpl-7e2f4b2f-6763-4a45-9ec4-264c2cef7c61/datanode-0/data/ratis/624effa9-742f-4d80-beb3-74ae591b69f2 does not exist. Creating ...
2019-09-26 15:13:31,596 [pool-27-thread-1] INFO  storage.RaftStorageDirectory (RaftStorageDirectory.java:tryLock(328)) - Lock on /workdir/hadoop-ozone/integration-test/target/test-dir/MiniOzoneClusterImpl-7e2f4b2f-6763-4a45-9ec4-264c2cef7c61/datanode-0/data/ratis/624effa9-742f-4d80-beb3-74ae591b69f2/in_use.lock acquired by nodename 11803@pr-hdds-1569-g6sp5-2013761785
2019-09-26 15:13:31,609 [pool-27-thread-1] INFO  storage.RaftStorage (RaftStorage.java:format(72)) - Storage directory /workdir/hadoop-ozone/integration-test/target/test-dir/MiniOzoneClusterImpl-7e2f4b2f-6763-4a45-9ec4-264c2cef7c61/datanode-0/data/ratis/624effa9-742f-4d80-beb3-74ae591b69f2 has been successfully formatted.
2019-09-26 15:13:31,610 [pool-27-thread-1] INFO  ratis.ContainerStateMachine (ContainerStateMachine.java:loadSnapshot(230)) - group-74AE591B69F2: The snapshot info is null. Setting the last applied indexto:(t:0, i:~)
2019-09-26 15:13:31,610 [pool-27-thread-1] INFO  server.RaftServerConfigKeys (ConfUtils.java:logGet(43)) - raft.server.notification.no-leader.timeout = 120s (custom)
2019-09-26 15:13:31,610 [pool-27-thread-1] INFO  server.RaftServerConfigKeys (ConfUtils.java:logGet(43)) - raft.server.log.use.memory = false (default)
2019-09-26 15:13:31,610 [pool-27-thread-1] INFO  server.RaftServerConfigKeys (ConfUtils.java:logGet(43)) - raft.server.log.purge.gap = 1000000 (custom)
2019-09-26 15:13:31,610 [pool-27-thread-1] INFO  server.RaftServerConfigKeys (ConfUtils.java:logGet(43)) - raft.server.log.appender.buffer.byte-limit = 33554432 (custom)
2019-09-26 15:13:31,610 [pool-27-thread-1] INFO  server.RaftServerConfigKeys (ConfUtils.java:logGet(43)) - raft.server.log.segment.size.max = 1048576 (custom)
2019-09-26 15:13:31,610 [pool-27-thread-1] INFO  server.RaftServerConfigKeys (ConfUtils.java:logGet(43)) - raft.server.log.segment.cache.num.max = 2 (custom)
2019-09-26 15:13:31,610 [pool-27-thread-1] INFO  segmented.SegmentedRaftLogWorker (SegmentedRaftLogWorker.java:<init>(172)) - new b3e939fd-eb36-468b-9efe-5d0a1fdaa172@group-74AE591B69F2-SegmentedRaftLogWorker for RaftStorage:Storage Directory /workdir/hadoop-ozone/integration-test/target/test-dir/MiniOzoneClusterImpl-7e2f4b2f-6763-4a45-9ec4-264c2cef7c61/datanode-0/data/ratis/624effa9-742f-4d80-beb3-74ae591b69f2
2019-09-26 15:13:31,610 [pool-27-thread-1] INFO  server.RaftServerConfigKeys (ConfUtils.java:logGet(43)) - raft.server.log.queue.byte-limit = 2147483647 (custom)
2019-09-26 15:13:31,611 [pool-27-thread-1] INFO  server.RaftServerConfigKeys (ConfUtils.java:logGet(43)) - raft.server.log.queue.element-limit = 1024 (custom)
2019-09-26 15:13:31,611 [pool-27-thread-1] INFO  server.RaftServerConfigKeys (ConfUtils.java:logGet(43)) - raft.server.log.segment.size.max = 1048576 (custom)
2019-09-26 15:13:31,611 [pool-27-thread-1] INFO  server.RaftServerConfigKeys (ConfUtils.java:logGet(43)) - raft.server.log.preallocated.size = 16384 (custom)
2019-09-26 15:13:31,611 [pool-27-thread-1] INFO  server.RaftServerConfigKeys (ConfUtils.java:logGet(43)) - raft.server.log.write.buffer.size = 33554432 (custom)
2019-09-26 15:13:31,611 [pool-27-thread-1] INFO  server.RaftServerConfigKeys (ConfUtils.java:logGet(43)) - raft.server.log.force.sync.num = 128 (default)
2019-09-26 15:13:31,611 [pool-27-thread-1] INFO  server.RaftServerConfigKeys (ConfUtils.java:logGet(43)) - raft.server.log.statemachine.data.sync = true (default)
2019-09-26 15:13:31,611 [pool-27-thread-1] INFO  server.RaftServerConfigKeys (ConfUtils.java:logGet(43)) - raft.server.log.statemachine.data.sync.timeout = 10s (default)
2019-09-26 15:13:31,611 [pool-27-thread-1] INFO  server.RaftServerConfigKeys (ConfUtils.java:logGet(43)) - raft.server.log.statemachine.data.sync.timeout.retry = -1 (default)
2019-09-26 15:13:31,611 [pool-27-thread-1] INFO  server.RaftServerConfigKeys (ConfUtils.java:logGet(43)) - raft.server.log.statemachine.data.caching.enabled = true (custom)
2019-09-26 15:13:31,612 [pool-27-thread-1] INFO  segmented.SegmentedRaftLogWorker (SegmentedRaftLogWorker.java:lambda$new$0(132)) - b3e939fd-eb36-468b-9efe-5d0a1fdaa172@group-74AE591B69F2-SegmentedRaftLogWorker: flushIndex: setUnconditionally 0 -> -1
2019-09-26 15:13:31,612 [pool-27-thread-1] INFO  server.RaftServerConfigKeys (ConfUtils.java:logGet(43)) - raft.server.snapshot.auto.trigger.enabled = true (custom)
2019-09-26 15:13:31,612 [pool-27-thread-1] INFO  server.RaftServerConfigKeys (ConfUtils.java:logGet(43)) - raft.server.snapshot.auto.trigger.threshold = 10000 (custom)
2019-09-26 15:13:31,612 [pool-27-thread-1] INFO  server.RaftServerConfigKeys (ConfUtils.java:logGet(43)) - raft.server.snapshot.retention.num.files = 5 (custom)
2019-09-26 15:13:31,612 [pool-27-thread-1] INFO  server.RaftServerConfigKeys (ConfUtils.java:logGet(43)) - raft.server.retrycache.expirytime = 600000ms (custom)
2019-09-26 15:13:31,613 [pool-27-thread-1] INFO  impl.RaftServerImpl (RaftServerImpl.java:start(185)) - b3e939fd-eb36-468b-9efe-5d0a1fdaa172@group-74AE591B69F2: start as a follower, conf=-1: [b3e939fd-eb36-468b-9efe-5d0a1fdaa172:192.168.151.99:45433], old=null
2019-09-26 15:13:31,613 [pool-27-thread-1] INFO  impl.RaftServerImpl (RaftServerImpl.java:setRole(174)) - b3e939fd-eb36-468b-9efe-5d0a1fdaa172@group-74AE591B69F2: changes role from      null to FOLLOWER at term 0 for startAsFollower
2019-09-26 15:13:31,613 [pool-27-thread-1] INFO  impl.RoleInfo (RoleInfo.java:updateAndGet(143)) - b3e939fd-eb36-468b-9efe-5d0a1fdaa172: start FollowerState
2019-09-26 15:13:31,614 [pool-27-thread-1] INFO  util.JmxRegister (JmxRegister.java:tryRegister(44)) - Successfully registered JMX Bean with object name Ratis:service=RaftServer,group=group-74AE591B69F2,id=b3e939fd-eb36-468b-9efe-5d0a1fdaa172
2019-09-26 15:13:31,616 [RatisPipelineUtilsThread] INFO  pipeline.PipelineStateManager (PipelineStateManager.java:addPipeline(56)) - Created pipeline Pipeline[ Id: 624effa9-742f-4d80-beb3-74ae591b69f2, Nodes: b3e939fd-eb36-468b-9efe-5d0a1fdaa172{ip: 192.168.151.99, host: pr-hdds-1569-g6sp5-2013761785, networkLocation: /default-rack, certSerialId: null}, Type:RATIS, Factor:ONE, State:OPEN]
2019-09-26 15:13:31,619 [grpc-default-executor-0] INFO  impl.RaftServerProxy (RaftServerProxy.java:addNew(89)) - b3e939fd-eb36-468b-9efe-5d0a1fdaa172: addNew group-1A6945A2EB5D:[b3e939fd-eb36-468b-9efe-5d0a1fdaa172:192.168.151.99:45433] returns group-1A6945A2EB5D:java.util.concurrent.CompletableFuture@31e79897[Not completed]
2019-09-26 15:13:31,619 [pool-27-thread-1] INFO  impl.RaftServerImpl (RaftServerImpl.java:<init>(95)) - b3e939fd-eb36-468b-9efe-5d0a1fdaa172: new RaftServerImpl for group-1A6945A2EB5D:[b3e939fd-eb36-468b-9efe-5d0a1fdaa172:192.168.151.99:45433] with ContainerStateMachine:uninitialized
2019-09-26 15:13:31,620 [pool-27-thread-1] INFO  server.RaftServerConfigKeys (ConfUtils.java:logGet(43)) - raft.server.rpc.timeout.min = 5s (custom)
2019-09-26 15:13:31,620 [pool-27-thread-1] INFO  server.RaftServerConfigKeys (ConfUtils.java:logGet(43)) - raft.server.rpc.timeout.max = 5200ms (custom)
2019-09-26 15:13:31,620 [pool-27-thread-1] INFO  server.RaftServerConfigKeys (ConfUtils.java:logGet(43)) - raft.server.rpcslowness.timeout = 120s (custom)
2019-09-26 15:13:31,620 [pool-27-thread-1] INFO  server.RaftServerConfigKeys (ConfUtils.java:logGet(43)) - raft.server.sleep.deviation.threshold = 300 (default)
2019-09-26 15:13:31,620 [pool-27-thread-1] INFO  server.RaftServerConfigKeys (ConfUtils.java:logGet(43)) - raft.server.log.appender.install.snapshot.enabled = false (custom)
2019-09-26 15:13:31,620 [pool-27-thread-1] INFO  impl.RaftServerImpl (ServerState.java:<init>(103)) - b3e939fd-eb36-468b-9efe-5d0a1fdaa172@group-1A6945A2EB5D: ConfigurationManager, init=-1: [b3e939fd-eb36-468b-9efe-5d0a1fdaa172:192.168.151.99:45433], old=null, confs=<EMPTY_MAP>
2019-09-26 15:13:31,620 [pool-27-thread-1] INFO  server.RaftServerConfigKeys (ConfUtils.java:logGet(43)) - raft.server.storage.dir = [/workdir/hadoop-ozone/integration-test/target/test-dir/MiniOzoneClusterImpl-7e2f4b2f-6763-4a45-9ec4-264c2cef7c61/datanode-0/data/ratis] (custom)
2019-09-26 15:13:31,621 [pool-27-thread-1] INFO  storage.RaftStorageDirectory (RaftStorageDirectory.java:analyzeStorage(246)) - The storage directory /workdir/hadoop-ozone/integration-test/target/test-dir/MiniOzoneClusterImpl-7e2f4b2f-6763-4a45-9ec4-264c2cef7c61/datanode-0/data/ratis/99e45e2b-541c-4fe7-b7c9-1a6945a2eb5d does not exist. Creating ...
2019-09-26 15:13:31,655 [pool-27-thread-1] INFO  storage.RaftStorageDirectory (RaftStorageDirectory.java:tryLock(328)) - Lock on /workdir/hadoop-ozone/integration-test/target/test-dir/MiniOzoneClusterImpl-7e2f4b2f-6763-4a45-9ec4-264c2cef7c61/datanode-0/data/ratis/99e45e2b-541c-4fe7-b7c9-1a6945a2eb5d/in_use.lock acquired by nodename 11803@pr-hdds-1569-g6sp5-2013761785
2019-09-26 15:13:31,669 [pool-27-thread-1] INFO  storage.RaftStorage (RaftStorage.java:format(72)) - Storage directory /workdir/hadoop-ozone/integration-test/target/test-dir/MiniOzoneClusterImpl-7e2f4b2f-6763-4a45-9ec4-264c2cef7c61/datanode-0/data/ratis/99e45e2b-541c-4fe7-b7c9-1a6945a2eb5d has been successfully formatted.
2019-09-26 15:13:31,669 [pool-27-thread-1] INFO  ratis.ContainerStateMachine (ContainerStateMachine.java:loadSnapshot(230)) - group-1A6945A2EB5D: The snapshot info is null. Setting the last applied indexto:(t:0, i:~)
2019-09-26 15:13:31,670 [pool-27-thread-1] INFO  server.RaftServerConfigKeys (ConfUtils.java:logGet(43)) - raft.server.notification.no-leader.timeout = 120s (custom)
2019-09-26 15:13:31,670 [pool-27-thread-1] INFO  server.RaftServerConfigKeys (ConfUtils.java:logGet(43)) - raft.server.log.use.memory = false (default)
2019-09-26 15:13:31,670 [pool-27-thread-1] INFO  server.RaftServerConfigKeys (ConfUtils.java:logGet(43)) - raft.server.log.purge.gap = 1000000 (custom)
2019-09-26 15:13:31,670 [pool-27-thread-1] INFO  server.RaftServerConfigKeys (ConfUtils.java:logGet(43)) - raft.server.log.appender.buffer.byte-limit = 33554432 (custom)
2019-09-26 15:13:31,670 [pool-27-thread-1] INFO  server.RaftServerConfigKeys (ConfUtils.java:logGet(43)) - raft.server.log.segment.size.max = 1048576 (custom)
2019-09-26 15:13:31,670 [pool-27-thread-1] INFO  server.RaftServerConfigKeys (ConfUtils.java:logGet(43)) - raft.server.log.segment.cache.num.max = 2 (custom)
2019-09-26 15:13:31,670 [pool-27-thread-1] INFO  segmented.SegmentedRaftLogWorker (SegmentedRaftLogWorker.java:<init>(172)) - new b3e939fd-eb36-468b-9efe-5d0a1fdaa172@group-1A6945A2EB5D-SegmentedRaftLogWorker for RaftStorage:Storage Directory /workdir/hadoop-ozone/integration-test/target/test-dir/MiniOzoneClusterImpl-7e2f4b2f-6763-4a45-9ec4-264c2cef7c61/datanode-0/data/ratis/99e45e2b-541c-4fe7-b7c9-1a6945a2eb5d
2019-09-26 15:13:31,671 [pool-27-thread-1] INFO  server.RaftServerConfigKeys (ConfUtils.java:logGet(43)) - raft.server.log.queue.byte-limit = 2147483647 (custom)
2019-09-26 15:13:31,671 [pool-27-thread-1] INFO  server.RaftServerConfigKeys (ConfUtils.java:logGet(43)) - raft.server.log.queue.element-limit = 1024 (custom)
2019-09-26 15:13:31,671 [pool-27-thread-1] INFO  server.RaftServerConfigKeys (ConfUtils.java:logGet(43)) - raft.server.log.segment.size.max = 1048576 (custom)
2019-09-26 15:13:31,671 [pool-27-thread-1] INFO  server.RaftServerConfigKeys (ConfUtils.java:logGet(43)) - raft.server.log.preallocated.size = 16384 (custom)
2019-09-26 15:13:31,671 [pool-27-thread-1] INFO  server.RaftServerConfigKeys (ConfUtils.java:logGet(43)) - raft.server.log.write.buffer.size = 33554432 (custom)
2019-09-26 15:13:31,671 [pool-27-thread-1] INFO  server.RaftServerConfigKeys (ConfUtils.java:logGet(43)) - raft.server.log.force.sync.num = 128 (default)
2019-09-26 15:13:31,671 [pool-27-thread-1] INFO  server.RaftServerConfigKeys (ConfUtils.java:logGet(43)) - raft.server.log.statemachine.data.sync = true (default)
2019-09-26 15:13:31,672 [pool-27-thread-1] INFO  server.RaftServerConfigKeys (ConfUtils.java:logGet(43)) - raft.server.log.statemachine.data.sync.timeout = 10s (default)
2019-09-26 15:13:31,672 [pool-27-thread-1] INFO  server.RaftServerConfigKeys (ConfUtils.java:logGet(43)) - raft.server.log.statemachine.data.sync.timeout.retry = -1 (default)
2019-09-26 15:13:31,672 [pool-27-thread-1] INFO  server.RaftServerConfigKeys (ConfUtils.java:logGet(43)) - raft.server.log.statemachine.data.caching.enabled = true (custom)
2019-09-26 15:13:31,672 [pool-27-thread-1] INFO  segmented.SegmentedRaftLogWorker (SegmentedRaftLogWorker.java:lambda$new$0(132)) - b3e939fd-eb36-468b-9efe-5d0a1fdaa172@group-1A6945A2EB5D-SegmentedRaftLogWorker: flushIndex: setUnconditionally 0 -> -1
2019-09-26 15:13:31,673 [pool-27-thread-1] INFO  server.RaftServerConfigKeys (ConfUtils.java:logGet(43)) - raft.server.snapshot.auto.trigger.enabled = true (custom)
2019-09-26 15:13:31,673 [pool-27-thread-1] INFO  server.RaftServerConfigKeys (ConfUtils.java:logGet(43)) - raft.server.snapshot.auto.trigger.threshold = 10000 (custom)
2019-09-26 15:13:31,673 [pool-27-thread-1] INFO  server.RaftServerConfigKeys (ConfUtils.java:logGet(43)) - raft.server.snapshot.retention.num.files = 5 (custom)
2019-09-26 15:13:31,673 [pool-27-thread-1] INFO  server.RaftServerConfigKeys (ConfUtils.java:logGet(43)) - raft.server.retrycache.expirytime = 600000ms (custom)
2019-09-26 15:13:31,675 [pool-27-thread-1] INFO  impl.RaftServerImpl (RaftServerImpl.java:start(185)) - b3e939fd-eb36-468b-9efe-5d0a1fdaa172@group-1A6945A2EB5D: start as a follower, conf=-1: [b3e939fd-eb36-468b-9efe-5d0a1fdaa172:192.168.151.99:45433], old=null
2019-09-26 15:13:31,675 [pool-27-thread-1] INFO  impl.RaftServerImpl (RaftServerImpl.java:setRole(174)) - b3e939fd-eb36-468b-9efe-5d0a1fdaa172@group-1A6945A2EB5D: changes role from      null to FOLLOWER at term 0 for startAsFollower
2019-09-26 15:13:31,675 [pool-27-thread-1] INFO  impl.RoleInfo (RoleInfo.java:updateAndGet(143)) - b3e939fd-eb36-468b-9efe-5d0a1fdaa172: start FollowerState
2019-09-26 15:13:31,676 [pool-27-thread-1] INFO  util.JmxRegister (JmxRegister.java:tryRegister(44)) - Successfully registered JMX Bean with object name Ratis:service=RaftServer,group=group-1A6945A2EB5D,id=b3e939fd-eb36-468b-9efe-5d0a1fdaa172
2019-09-26 15:13:31,677 [RatisPipelineUtilsThread] INFO  pipeline.PipelineStateManager (PipelineStateManager.java:addPipeline(56)) - Created pipeline Pipeline[ Id: 99e45e2b-541c-4fe7-b7c9-1a6945a2eb5d, Nodes: b3e939fd-eb36-468b-9efe-5d0a1fdaa172{ip: 192.168.151.99, host: pr-hdds-1569-g6sp5-2013761785, networkLocation: /default-rack, certSerialId: null}, Type:RATIS, Factor:ONE, State:OPEN]
2019-09-26 15:13:31,681 [grpc-default-executor-0] INFO  impl.RaftServerProxy (RaftServerProxy.java:addNew(89)) - b3e939fd-eb36-468b-9efe-5d0a1fdaa172: addNew group-4295C4227654:[b3e939fd-eb36-468b-9efe-5d0a1fdaa172:192.168.151.99:45433] returns group-4295C4227654:java.util.concurrent.CompletableFuture@1d40e040[Not completed]
2019-09-26 15:13:31,681 [pool-27-thread-1] INFO  impl.RaftServerImpl (RaftServerImpl.java:<init>(95)) - b3e939fd-eb36-468b-9efe-5d0a1fdaa172: new RaftServerImpl for group-4295C4227654:[b3e939fd-eb36-468b-9efe-5d0a1fdaa172:192.168.151.99:45433] with ContainerStateMachine:uninitialized
2019-09-26 15:13:31,682 [pool-27-thread-1] INFO  server.RaftServerConfigKeys (ConfUtils.java:logGet(43)) - raft.server.rpc.timeout.min = 5s (custom)
2019-09-26 15:13:31,682 [pool-27-thread-1] INFO  server.RaftServerConfigKeys (ConfUtils.java:logGet(43)) - raft.server.rpc.timeout.max = 5200ms (custom)
2019-09-26 15:13:31,682 [pool-27-thread-1] INFO  server.RaftServerConfigKeys (ConfUtils.java:logGet(43)) - raft.server.rpcslowness.timeout = 120s (custom)
2019-09-26 15:13:31,682 [pool-27-thread-1] INFO  server.RaftServerConfigKeys (ConfUtils.java:logGet(43)) - raft.server.sleep.deviation.threshold = 300 (default)
2019-09-26 15:13:31,682 [pool-27-thread-1] INFO  server.RaftServerConfigKeys (ConfUtils.java:logGet(43)) - raft.server.log.appender.install.snapshot.enabled = false (custom)
2019-09-26 15:13:31,682 [pool-27-thread-1] INFO  impl.RaftServerImpl (ServerState.java:<init>(103)) - b3e939fd-eb36-468b-9efe-5d0a1fdaa172@group-4295C4227654: ConfigurationManager, init=-1: [b3e939fd-eb36-468b-9efe-5d0a1fdaa172:192.168.151.99:45433], old=null, confs=<EMPTY_MAP>
2019-09-26 15:13:31,682 [pool-27-thread-1] INFO  server.RaftServerConfigKeys (ConfUtils.java:logGet(43)) - raft.server.storage.dir = [/workdir/hadoop-ozone/integration-test/target/test-dir/MiniOzoneClusterImpl-7e2f4b2f-6763-4a45-9ec4-264c2cef7c61/datanode-0/data/ratis] (custom)
2019-09-26 15:13:31,684 [pool-27-thread-1] INFO  storage.RaftStorageDirectory (RaftStorageDirectory.java:analyzeStorage(246)) - The storage directory /workdir/hadoop-ozone/integration-test/target/test-dir/MiniOzoneClusterImpl-7e2f4b2f-6763-4a45-9ec4-264c2cef7c61/datanode-0/data/ratis/6198379b-21d0-4f60-9d35-4295c4227654 does not exist. Creating ...
2019-09-26 15:13:31,696 [pool-27-thread-1] INFO  storage.RaftStorageDirectory (RaftStorageDirectory.java:tryLock(328)) - Lock on /workdir/hadoop-ozone/integration-test/target/test-dir/MiniOzoneClusterImpl-7e2f4b2f-6763-4a45-9ec4-264c2cef7c61/datanode-0/data/ratis/6198379b-21d0-4f60-9d35-4295c4227654/in_use.lock acquired by nodename 11803@pr-hdds-1569-g6sp5-2013761785
2019-09-26 15:13:31,711 [pool-27-thread-1] INFO  storage.RaftStorage (RaftStorage.java:format(72)) - Storage directory /workdir/hadoop-ozone/integration-test/target/test-dir/MiniOzoneClusterImpl-7e2f4b2f-6763-4a45-9ec4-264c2cef7c61/datanode-0/data/ratis/6198379b-21d0-4f60-9d35-4295c4227654 has been successfully formatted.
2019-09-26 15:13:31,711 [pool-27-thread-1] INFO  ratis.ContainerStateMachine (ContainerStateMachine.java:loadSnapshot(230)) - group-4295C4227654: The snapshot info is null. Setting the last applied indexto:(t:0, i:~)
2019-09-26 15:13:31,711 [pool-27-thread-1] INFO  server.RaftServerConfigKeys (ConfUtils.java:logGet(43)) - raft.server.notification.no-leader.timeout = 120s (custom)
2019-09-26 15:13:31,711 [pool-27-thread-1] INFO  server.RaftServerConfigKeys (ConfUtils.java:logGet(43)) - raft.server.log.use.memory = false (default)
2019-09-26 15:13:31,711 [pool-27-thread-1] INFO  server.RaftServerConfigKeys (ConfUtils.java:logGet(43)) - raft.server.log.purge.gap = 1000000 (custom)
2019-09-26 15:13:31,711 [pool-27-thread-1] INFO  server.RaftServerConfigKeys (ConfUtils.java:logGet(43)) - raft.server.log.appender.buffer.byte-limit = 33554432 (custom)
2019-09-26 15:13:31,711 [pool-27-thread-1] INFO  server.RaftServerConfigKeys (ConfUtils.java:logGet(43)) - raft.server.log.segment.size.max = 1048576 (custom)
2019-09-26 15:13:31,711 [pool-27-thread-1] INFO  server.RaftServerConfigKeys (ConfUtils.java:logGet(43)) - raft.server.log.segment.cache.num.max = 2 (custom)
2019-09-26 15:13:31,712 [pool-27-thread-1] INFO  segmented.SegmentedRaftLogWorker (SegmentedRaftLogWorker.java:<init>(172)) - new b3e939fd-eb36-468b-9efe-5d0a1fdaa172@group-4295C4227654-SegmentedRaftLogWorker for RaftStorage:Storage Directory /workdir/hadoop-ozone/integration-test/target/test-dir/MiniOzoneClusterImpl-7e2f4b2f-6763-4a45-9ec4-264c2cef7c61/datanode-0/data/ratis/6198379b-21d0-4f60-9d35-4295c4227654
2019-09-26 15:13:31,712 [pool-27-thread-1] INFO  server.RaftServerConfigKeys (ConfUtils.java:logGet(43)) - raft.server.log.queue.byte-limit = 2147483647 (custom)
2019-09-26 15:13:31,712 [pool-27-thread-1] INFO  server.RaftServerConfigKeys (ConfUtils.java:logGet(43)) - raft.server.log.queue.element-limit = 1024 (custom)
2019-09-26 15:13:31,712 [pool-27-thread-1] INFO  server.RaftServerConfigKeys (ConfUtils.java:logGet(43)) - raft.server.log.segment.size.max = 1048576 (custom)
2019-09-26 15:13:31,712 [pool-27-thread-1] INFO  server.RaftServerConfigKeys (ConfUtils.java:logGet(43)) - raft.server.log.preallocated.size = 16384 (custom)
2019-09-26 15:13:31,712 [pool-27-thread-1] INFO  server.RaftServerConfigKeys (ConfUtils.java:logGet(43)) - raft.server.log.write.buffer.size = 33554432 (custom)
2019-09-26 15:13:31,712 [pool-27-thread-1] INFO  server.RaftServerConfigKeys (ConfUtils.java:logGet(43)) - raft.server.log.force.sync.num = 128 (default)
2019-09-26 15:13:31,712 [pool-27-thread-1] INFO  server.RaftServerConfigKeys (ConfUtils.java:logGet(43)) - raft.server.log.statemachine.data.sync = true (default)
2019-09-26 15:13:31,712 [pool-27-thread-1] INFO  server.RaftServerConfigKeys (ConfUtils.java:logGet(43)) - raft.server.log.statemachine.data.sync.timeout = 10s (default)
2019-09-26 15:13:31,713 [pool-27-thread-1] INFO  server.RaftServerConfigKeys (ConfUtils.java:logGet(43)) - raft.server.log.statemachine.data.sync.timeout.retry = -1 (default)
2019-09-26 15:13:31,713 [pool-27-thread-1] INFO  server.RaftServerConfigKeys (ConfUtils.java:logGet(43)) - raft.server.log.statemachine.data.caching.enabled = true (custom)
2019-09-26 15:13:31,713 [pool-27-thread-1] INFO  segmented.SegmentedRaftLogWorker (SegmentedRaftLogWorker.java:lambda$new$0(132)) - b3e939fd-eb36-468b-9efe-5d0a1fdaa172@group-4295C4227654-SegmentedRaftLogWorker: flushIndex: setUnconditionally 0 -> -1
2019-09-26 15:13:31,713 [pool-27-thread-1] INFO  server.RaftServerConfigKeys (ConfUtils.java:logGet(43)) - raft.server.snapshot.auto.trigger.enabled = true (custom)
2019-09-26 15:13:31,713 [pool-27-thread-1] INFO  server.RaftServerConfigKeys (ConfUtils.java:logGet(43)) - raft.server.snapshot.auto.trigger.threshold = 10000 (custom)
2019-09-26 15:13:31,713 [pool-27-thread-1] INFO  server.RaftServerConfigKeys (ConfUtils.java:logGet(43)) - raft.server.snapshot.retention.num.files = 5 (custom)
2019-09-26 15:13:31,714 [pool-27-thread-1] INFO  server.RaftServerConfigKeys (ConfUtils.java:logGet(43)) - raft.server.retrycache.expirytime = 600000ms (custom)
2019-09-26 15:13:31,715 [pool-27-thread-1] INFO  impl.RaftServerImpl (RaftServerImpl.java:start(185)) - b3e939fd-eb36-468b-9efe-5d0a1fdaa172@group-4295C4227654: start as a follower, conf=-1: [b3e939fd-eb36-468b-9efe-5d0a1fdaa172:192.168.151.99:45433], old=null
2019-09-26 15:13:31,716 [pool-27-thread-1] INFO  impl.RaftServerImpl (RaftServerImpl.java:setRole(174)) - b3e939fd-eb36-468b-9efe-5d0a1fdaa172@group-4295C4227654: changes role from      null to FOLLOWER at term 0 for startAsFollower
2019-09-26 15:13:31,716 [pool-27-thread-1] INFO  impl.RoleInfo (RoleInfo.java:updateAndGet(143)) - b3e939fd-eb36-468b-9efe-5d0a1fdaa172: start FollowerState
2019-09-26 15:13:31,716 [pool-27-thread-1] INFO  util.JmxRegister (JmxRegister.java:tryRegister(44)) - Successfully registered JMX Bean with object name Ratis:service=RaftServer,group=group-4295C4227654,id=b3e939fd-eb36-468b-9efe-5d0a1fdaa172
2019-09-26 15:13:31,718 [RatisPipelineUtilsThread] INFO  pipeline.PipelineStateManager (PipelineStateManager.java:addPipeline(56)) - Created pipeline Pipeline[ Id: 6198379b-21d0-4f60-9d35-4295c4227654, Nodes: b3e939fd-eb36-468b-9efe-5d0a1fdaa172{ip: 192.168.151.99, host: pr-hdds-1569-g6sp5-2013761785, networkLocation: /default-rack, certSerialId: null}, Type:RATIS, Factor:ONE, State:OPEN]
2019-09-26 15:13:31,721 [grpc-default-executor-0] INFO  impl.RaftServerProxy (RaftServerProxy.java:addNew(89)) - b3e939fd-eb36-468b-9efe-5d0a1fdaa172: addNew group-711EE27C9E35:[b3e939fd-eb36-468b-9efe-5d0a1fdaa172:192.168.151.99:45433] returns group-711EE27C9E35:java.util.concurrent.CompletableFuture@6f123250[Not completed]
2019-09-26 15:13:31,722 [pool-27-thread-1] INFO  impl.RaftServerImpl (RaftServerImpl.java:<init>(95)) - b3e939fd-eb36-468b-9efe-5d0a1fdaa172: new RaftServerImpl for group-711EE27C9E35:[b3e939fd-eb36-468b-9efe-5d0a1fdaa172:192.168.151.99:45433] with ContainerStateMachine:uninitialized
2019-09-26 15:13:31,722 [pool-27-thread-1] INFO  server.RaftServerConfigKeys (ConfUtils.java:logGet(43)) - raft.server.rpc.timeout.min = 5s (custom)
2019-09-26 15:13:31,722 [pool-27-thread-1] INFO  server.RaftServerConfigKeys (ConfUtils.java:logGet(43)) - raft.server.rpc.timeout.max = 5200ms (custom)
2019-09-26 15:13:31,722 [pool-27-thread-1] INFO  server.RaftServerConfigKeys (ConfUtils.java:logGet(43)) - raft.server.rpcslowness.timeout = 120s (custom)
2019-09-26 15:13:31,722 [pool-27-thread-1] INFO  server.RaftServerConfigKeys (ConfUtils.java:logGet(43)) - raft.server.sleep.deviation.threshold = 300 (default)
2019-09-26 15:13:31,722 [pool-27-thread-1] INFO  server.RaftServerConfigKeys (ConfUtils.java:logGet(43)) - raft.server.log.appender.install.snapshot.enabled = false (custom)
2019-09-26 15:13:31,722 [pool-27-thread-1] INFO  impl.RaftServerImpl (ServerState.java:<init>(103)) - b3e939fd-eb36-468b-9efe-5d0a1fdaa172@group-711EE27C9E35: ConfigurationManager, init=-1: [b3e939fd-eb36-468b-9efe-5d0a1fdaa172:192.168.151.99:45433], old=null, confs=<EMPTY_MAP>
2019-09-26 15:13:31,722 [pool-27-thread-1] INFO  server.RaftServerConfigKeys (ConfUtils.java:logGet(43)) - raft.server.storage.dir = [/workdir/hadoop-ozone/integration-test/target/test-dir/MiniOzoneClusterImpl-7e2f4b2f-6763-4a45-9ec4-264c2cef7c61/datanode-0/data/ratis] (custom)
2019-09-26 15:13:31,723 [pool-27-thread-1] INFO  storage.RaftStorageDirectory (RaftStorageDirectory.java:analyzeStorage(246)) - The storage directory /workdir/hadoop-ozone/integration-test/target/test-dir/MiniOzoneClusterImpl-7e2f4b2f-6763-4a45-9ec4-264c2cef7c61/datanode-0/data/ratis/7908fb28-0006-459d-827d-711ee27c9e35 does not exist. Creating ...
2019-09-26 15:13:31,736 [pool-27-thread-1] INFO  storage.RaftStorageDirectory (RaftStorageDirectory.java:tryLock(328)) - Lock on /workdir/hadoop-ozone/integration-test/target/test-dir/MiniOzoneClusterImpl-7e2f4b2f-6763-4a45-9ec4-264c2cef7c61/datanode-0/data/ratis/7908fb28-0006-459d-827d-711ee27c9e35/in_use.lock acquired by nodename 11803@pr-hdds-1569-g6sp5-2013761785
2019-09-26 15:13:31,749 [pool-27-thread-1] INFO  storage.RaftStorage (RaftStorage.java:format(72)) - Storage directory /workdir/hadoop-ozone/integration-test/target/test-dir/MiniOzoneClusterImpl-7e2f4b2f-6763-4a45-9ec4-264c2cef7c61/datanode-0/data/ratis/7908fb28-0006-459d-827d-711ee27c9e35 has been successfully formatted.
2019-09-26 15:13:31,749 [pool-27-thread-1] INFO  ratis.ContainerStateMachine (ContainerStateMachine.java:loadSnapshot(230)) - group-711EE27C9E35: The snapshot info is null. Setting the last applied indexto:(t:0, i:~)
2019-09-26 15:13:31,749 [pool-27-thread-1] INFO  server.RaftServerConfigKeys (ConfUtils.java:logGet(43)) - raft.server.notification.no-leader.timeout = 120s (custom)
2019-09-26 15:13:31,749 [pool-27-thread-1] INFO  server.RaftServerConfigKeys (ConfUtils.java:logGet(43)) - raft.server.log.use.memory = false (default)
2019-09-26 15:13:31,750 [pool-27-thread-1] INFO  server.RaftServerConfigKeys (ConfUtils.java:logGet(43)) - raft.server.log.purge.gap = 1000000 (custom)
2019-09-26 15:13:31,750 [pool-27-thread-1] INFO  server.RaftServerConfigKeys (ConfUtils.java:logGet(43)) - raft.server.log.appender.buffer.byte-limit = 33554432 (custom)
2019-09-26 15:13:31,750 [pool-27-thread-1] INFO  server.RaftServerConfigKeys (ConfUtils.java:logGet(43)) - raft.server.log.segment.size.max = 1048576 (custom)
2019-09-26 15:13:31,750 [pool-27-thread-1] INFO  server.RaftServerConfigKeys (ConfUtils.java:logGet(43)) - raft.server.log.segment.cache.num.max = 2 (custom)
2019-09-26 15:13:31,750 [pool-27-thread-1] INFO  segmented.SegmentedRaftLogWorker (SegmentedRaftLogWorker.java:<init>(172)) - new b3e939fd-eb36-468b-9efe-5d0a1fdaa172@group-711EE27C9E35-SegmentedRaftLogWorker for RaftStorage:Storage Directory /workdir/hadoop-ozone/integration-test/target/test-dir/MiniOzoneClusterImpl-7e2f4b2f-6763-4a45-9ec4-264c2cef7c61/datanode-0/data/ratis/7908fb28-0006-459d-827d-711ee27c9e35
2019-09-26 15:13:31,750 [pool-27-thread-1] INFO  server.RaftServerConfigKeys (ConfUtils.java:logGet(43)) - raft.server.log.queue.byte-limit = 2147483647 (custom)
2019-09-26 15:13:31,750 [pool-27-thread-1] INFO  server.RaftServerConfigKeys (ConfUtils.java:logGet(43)) - raft.server.log.queue.element-limit = 1024 (custom)
2019-09-26 15:13:31,750 [pool-27-thread-1] INFO  server.RaftServerConfigKeys (ConfUtils.java:logGet(43)) - raft.server.log.segment.size.max = 1048576 (custom)
2019-09-26 15:13:31,750 [pool-27-thread-1] INFO  server.RaftServerConfigKeys (ConfUtils.java:logGet(43)) - raft.server.log.preallocated.size = 16384 (custom)
2019-09-26 15:13:31,750 [pool-27-thread-1] INFO  server.RaftServerConfigKeys (ConfUtils.java:logGet(43)) - raft.server.log.write.buffer.size = 33554432 (custom)
2019-09-26 15:13:31,750 [pool-27-thread-1] INFO  server.RaftServerConfigKeys (ConfUtils.java:logGet(43)) - raft.server.log.force.sync.num = 128 (default)
2019-09-26 15:13:31,750 [pool-27-thread-1] INFO  server.RaftServerConfigKeys (ConfUtils.java:logGet(43)) - raft.server.log.statemachine.data.sync = true (default)
2019-09-26 15:13:31,751 [pool-27-thread-1] INFO  server.RaftServerConfigKeys (ConfUtils.java:logGet(43)) - raft.server.log.statemachine.data.sync.timeout = 10s (default)
2019-09-26 15:13:31,751 [pool-27-thread-1] INFO  server.RaftServerConfigKeys (ConfUtils.java:logGet(43)) - raft.server.log.statemachine.data.sync.timeout.retry = -1 (default)
2019-09-26 15:13:31,751 [pool-27-thread-1] INFO  server.RaftServerConfigKeys (ConfUtils.java:logGet(43)) - raft.server.log.statemachine.data.caching.enabled = true (custom)
2019-09-26 15:13:31,751 [pool-27-thread-1] INFO  segmented.SegmentedRaftLogWorker (SegmentedRaftLogWorker.java:lambda$new$0(132)) - b3e939fd-eb36-468b-9efe-5d0a1fdaa172@group-711EE27C9E35-SegmentedRaftLogWorker: flushIndex: setUnconditionally 0 -> -1
2019-09-26 15:13:31,751 [pool-27-thread-1] INFO  server.RaftServerConfigKeys (ConfUtils.java:logGet(43)) - raft.server.snapshot.auto.trigger.enabled = true (custom)
2019-09-26 15:13:31,751 [pool-27-thread-1] INFO  server.RaftServerConfigKeys (ConfUtils.java:logGet(43)) - raft.server.snapshot.auto.trigger.threshold = 10000 (custom)
2019-09-26 15:13:31,751 [pool-27-thread-1] INFO  server.RaftServerConfigKeys (ConfUtils.java:logGet(43)) - raft.server.snapshot.retention.num.files = 5 (custom)
2019-09-26 15:13:31,751 [pool-27-thread-1] INFO  server.RaftServerConfigKeys (ConfUtils.java:logGet(43)) - raft.server.retrycache.expirytime = 600000ms (custom)
2019-09-26 15:13:31,753 [pool-27-thread-1] INFO  impl.RaftServerImpl (RaftServerImpl.java:start(185)) - b3e939fd-eb36-468b-9efe-5d0a1fdaa172@group-711EE27C9E35: start as a follower, conf=-1: [b3e939fd-eb36-468b-9efe-5d0a1fdaa172:192.168.151.99:45433], old=null
2019-09-26 15:13:31,753 [pool-27-thread-1] INFO  impl.RaftServerImpl (RaftServerImpl.java:setRole(174)) - b3e939fd-eb36-468b-9efe-5d0a1fdaa172@group-711EE27C9E35: changes role from      null to FOLLOWER at term 0 for startAsFollower
2019-09-26 15:13:31,753 [pool-27-thread-1] INFO  impl.RoleInfo (RoleInfo.java:updateAndGet(143)) - b3e939fd-eb36-468b-9efe-5d0a1fdaa172: start FollowerState
2019-09-26 15:13:31,753 [pool-27-thread-1] INFO  util.JmxRegister (JmxRegister.java:tryRegister(44)) - Successfully registered JMX Bean with object name Ratis:service=RaftServer,group=group-711EE27C9E35,id=b3e939fd-eb36-468b-9efe-5d0a1fdaa172
2019-09-26 15:13:31,755 [RatisPipelineUtilsThread] INFO  pipeline.PipelineStateManager (PipelineStateManager.java:addPipeline(56)) - Created pipeline Pipeline[ Id: 7908fb28-0006-459d-827d-711ee27c9e35, Nodes: b3e939fd-eb36-468b-9efe-5d0a1fdaa172{ip: 192.168.151.99, host: pr-hdds-1569-g6sp5-2013761785, networkLocation: /default-rack, certSerialId: null}, Type:RATIS, Factor:ONE, State:OPEN]
2019-09-26 15:13:31,758 [grpc-default-executor-0] INFO  impl.RaftServerProxy (RaftServerProxy.java:addNew(89)) - b3e939fd-eb36-468b-9efe-5d0a1fdaa172: addNew group-5152959DB5D4:[b3e939fd-eb36-468b-9efe-5d0a1fdaa172:192.168.151.99:45433] returns group-5152959DB5D4:java.util.concurrent.CompletableFuture@42a9514e[Not completed]
2019-09-26 15:13:31,759 [pool-27-thread-1] INFO  impl.RaftServerImpl (RaftServerImpl.java:<init>(95)) - b3e939fd-eb36-468b-9efe-5d0a1fdaa172: new RaftServerImpl for group-5152959DB5D4:[b3e939fd-eb36-468b-9efe-5d0a1fdaa172:192.168.151.99:45433] with ContainerStateMachine:uninitialized
2019-09-26 15:13:31,759 [pool-27-thread-1] INFO  server.RaftServerConfigKeys (ConfUtils.java:logGet(43)) - raft.server.rpc.timeout.min = 5s (custom)
2019-09-26 15:13:31,759 [pool-27-thread-1] INFO  server.RaftServerConfigKeys (ConfUtils.java:logGet(43)) - raft.server.rpc.timeout.max = 5200ms (custom)
2019-09-26 15:13:31,759 [pool-27-thread-1] INFO  server.RaftServerConfigKeys (ConfUtils.java:logGet(43)) - raft.server.rpcslowness.timeout = 120s (custom)
2019-09-26 15:13:31,759 [pool-27-thread-1] INFO  server.RaftServerConfigKeys (ConfUtils.java:logGet(43)) - raft.server.sleep.deviation.threshold = 300 (default)
2019-09-26 15:13:31,759 [pool-27-thread-1] INFO  server.RaftServerConfigKeys (ConfUtils.java:logGet(43)) - raft.server.log.appender.install.snapshot.enabled = false (custom)
2019-09-26 15:13:31,759 [pool-27-thread-1] INFO  impl.RaftServerImpl (ServerState.java:<init>(103)) - b3e939fd-eb36-468b-9efe-5d0a1fdaa172@group-5152959DB5D4: ConfigurationManager, init=-1: [b3e939fd-eb36-468b-9efe-5d0a1fdaa172:192.168.151.99:45433], old=null, confs=<EMPTY_MAP>
2019-09-26 15:13:31,759 [pool-27-thread-1] INFO  server.RaftServerConfigKeys (ConfUtils.java:logGet(43)) - raft.server.storage.dir = [/workdir/hadoop-ozone/integration-test/target/test-dir/MiniOzoneClusterImpl-7e2f4b2f-6763-4a45-9ec4-264c2cef7c61/datanode-0/data/ratis] (custom)
2019-09-26 15:13:31,760 [pool-27-thread-1] INFO  storage.RaftStorageDirectory (RaftStorageDirectory.java:analyzeStorage(246)) - The storage directory /workdir/hadoop-ozone/integration-test/target/test-dir/MiniOzoneClusterImpl-7e2f4b2f-6763-4a45-9ec4-264c2cef7c61/datanode-0/data/ratis/00e6455e-3e82-44b9-8881-5152959db5d4 does not exist. Creating ...
2019-09-26 15:13:31,774 [pool-27-thread-1] INFO  storage.RaftStorageDirectory (RaftStorageDirectory.java:tryLock(328)) - Lock on /workdir/hadoop-ozone/integration-test/target/test-dir/MiniOzoneClusterImpl-7e2f4b2f-6763-4a45-9ec4-264c2cef7c61/datanode-0/data/ratis/00e6455e-3e82-44b9-8881-5152959db5d4/in_use.lock acquired by nodename 11803@pr-hdds-1569-g6sp5-2013761785
2019-09-26 15:13:31,786 [pool-27-thread-1] INFO  storage.RaftStorage (RaftStorage.java:format(72)) - Storage directory /workdir/hadoop-ozone/integration-test/target/test-dir/MiniOzoneClusterImpl-7e2f4b2f-6763-4a45-9ec4-264c2cef7c61/datanode-0/data/ratis/00e6455e-3e82-44b9-8881-5152959db5d4 has been successfully formatted.
2019-09-26 15:13:31,786 [pool-27-thread-1] INFO  ratis.ContainerStateMachine (ContainerStateMachine.java:loadSnapshot(230)) - group-5152959DB5D4: The snapshot info is null. Setting the last applied indexto:(t:0, i:~)
2019-09-26 15:13:31,786 [pool-27-thread-1] INFO  server.RaftServerConfigKeys (ConfUtils.java:logGet(43)) - raft.server.notification.no-leader.timeout = 120s (custom)
2019-09-26 15:13:31,786 [pool-27-thread-1] INFO  server.RaftServerConfigKeys (ConfUtils.java:logGet(43)) - raft.server.log.use.memory = false (default)
2019-09-26 15:13:31,786 [pool-27-thread-1] INFO  server.RaftServerConfigKeys (ConfUtils.java:logGet(43)) - raft.server.log.purge.gap = 1000000 (custom)
2019-09-26 15:13:31,787 [pool-27-thread-1] INFO  server.RaftServerConfigKeys (ConfUtils.java:logGet(43)) - raft.server.log.appender.buffer.byte-limit = 33554432 (custom)
2019-09-26 15:13:31,787 [pool-27-thread-1] INFO  server.RaftServerConfigKeys (ConfUtils.java:logGet(43)) - raft.server.log.segment.size.max = 1048576 (custom)
2019-09-26 15:13:31,787 [pool-27-thread-1] INFO  server.RaftServerConfigKeys (ConfUtils.java:logGet(43)) - raft.server.log.segment.cache.num.max = 2 (custom)
2019-09-26 15:13:31,787 [pool-27-thread-1] INFO  segmented.SegmentedRaftLogWorker (SegmentedRaftLogWorker.java:<init>(172)) - new b3e939fd-eb36-468b-9efe-5d0a1fdaa172@group-5152959DB5D4-SegmentedRaftLogWorker for RaftStorage:Storage Directory /workdir/hadoop-ozone/integration-test/target/test-dir/MiniOzoneClusterImpl-7e2f4b2f-6763-4a45-9ec4-264c2cef7c61/datanode-0/data/ratis/00e6455e-3e82-44b9-8881-5152959db5d4
2019-09-26 15:13:31,787 [pool-27-thread-1] INFO  server.RaftServerConfigKeys (ConfUtils.java:logGet(43)) - raft.server.log.queue.byte-limit = 2147483647 (custom)
2019-09-26 15:13:31,787 [pool-27-thread-1] INFO  server.RaftServerConfigKeys (ConfUtils.java:logGet(43)) - raft.server.log.queue.element-limit = 1024 (custom)
2019-09-26 15:13:31,787 [pool-27-thread-1] INFO  server.RaftServerConfigKeys (ConfUtils.java:logGet(43)) - raft.server.log.segment.size.max = 1048576 (custom)
2019-09-26 15:13:31,787 [pool-27-thread-1] INFO  server.RaftServerConfigKeys (ConfUtils.java:logGet(43)) - raft.server.log.preallocated.size = 16384 (custom)
2019-09-26 15:13:31,787 [pool-27-thread-1] INFO  server.RaftServerConfigKeys (ConfUtils.java:logGet(43)) - raft.server.log.write.buffer.size = 33554432 (custom)
2019-09-26 15:13:31,787 [pool-27-thread-1] INFO  server.RaftServerConfigKeys (ConfUtils.java:logGet(43)) - raft.server.log.force.sync.num = 128 (default)
2019-09-26 15:13:31,788 [pool-27-thread-1] INFO  server.RaftServerConfigKeys (ConfUtils.java:logGet(43)) - raft.server.log.statemachine.data.sync = true (default)
2019-09-26 15:13:31,788 [pool-27-thread-1] INFO  server.RaftServerConfigKeys (ConfUtils.java:logGet(43)) - raft.server.log.statemachine.data.sync.timeout = 10s (default)
2019-09-26 15:13:31,788 [pool-27-thread-1] INFO  server.RaftServerConfigKeys (ConfUtils.java:logGet(43)) - raft.server.log.statemachine.data.sync.timeout.retry = -1 (default)
2019-09-26 15:13:31,788 [pool-27-thread-1] INFO  server.RaftServerConfigKeys (ConfUtils.java:logGet(43)) - raft.server.log.statemachine.data.caching.enabled = true (custom)
2019-09-26 15:13:31,788 [pool-27-thread-1] INFO  segmented.SegmentedRaftLogWorker (SegmentedRaftLogWorker.java:lambda$new$0(132)) - b3e939fd-eb36-468b-9efe-5d0a1fdaa172@group-5152959DB5D4-SegmentedRaftLogWorker: flushIndex: setUnconditionally 0 -> -1
2019-09-26 15:13:31,788 [pool-27-thread-1] INFO  server.RaftServerConfigKeys (ConfUtils.java:logGet(43)) - raft.server.snapshot.auto.trigger.enabled = true (custom)
2019-09-26 15:13:31,788 [pool-27-thread-1] INFO  server.RaftServerConfigKeys (ConfUtils.java:logGet(43)) - raft.server.snapshot.auto.trigger.threshold = 10000 (custom)
2019-09-26 15:13:31,788 [pool-27-thread-1] INFO  server.RaftServerConfigKeys (ConfUtils.java:logGet(43)) - raft.server.snapshot.retention.num.files = 5 (custom)
2019-09-26 15:13:31,788 [pool-27-thread-1] INFO  server.RaftServerConfigKeys (ConfUtils.java:logGet(43)) - raft.server.retrycache.expirytime = 600000ms (custom)
2019-09-26 15:13:31,790 [pool-27-thread-1] INFO  impl.RaftServerImpl (RaftServerImpl.java:start(185)) - b3e939fd-eb36-468b-9efe-5d0a1fdaa172@group-5152959DB5D4: start as a follower, conf=-1: [b3e939fd-eb36-468b-9efe-5d0a1fdaa172:192.168.151.99:45433], old=null
2019-09-26 15:13:31,790 [pool-27-thread-1] INFO  impl.RaftServerImpl (RaftServerImpl.java:setRole(174)) - b3e939fd-eb36-468b-9efe-5d0a1fdaa172@group-5152959DB5D4: changes role from      null to FOLLOWER at term 0 for startAsFollower
2019-09-26 15:13:31,790 [pool-27-thread-1] INFO  impl.RoleInfo (RoleInfo.java:updateAndGet(143)) - b3e939fd-eb36-468b-9efe-5d0a1fdaa172: start FollowerState
2019-09-26 15:13:31,790 [pool-27-thread-1] INFO  util.JmxRegister (JmxRegister.java:tryRegister(44)) - Successfully registered JMX Bean with object name Ratis:service=RaftServer,group=group-5152959DB5D4,id=b3e939fd-eb36-468b-9efe-5d0a1fdaa172
2019-09-26 15:13:31,792 [RatisPipelineUtilsThread] INFO  pipeline.PipelineStateManager (PipelineStateManager.java:addPipeline(56)) - Created pipeline Pipeline[ Id: 00e6455e-3e82-44b9-8881-5152959db5d4, Nodes: b3e939fd-eb36-468b-9efe-5d0a1fdaa172{ip: 192.168.151.99, host: pr-hdds-1569-g6sp5-2013761785, networkLocation: /default-rack, certSerialId: null}, Type:RATIS, Factor:ONE, State:OPEN]
2019-09-26 15:13:31,795 [grpc-default-executor-0] INFO  impl.RaftServerProxy (RaftServerProxy.java:addNew(89)) - b3e939fd-eb36-468b-9efe-5d0a1fdaa172: addNew group-84E520E4AB54:[b3e939fd-eb36-468b-9efe-5d0a1fdaa172:192.168.151.99:45433] returns group-84E520E4AB54:java.util.concurrent.CompletableFuture@3f051f4b[Not completed]
2019-09-26 15:13:31,798 [pool-27-thread-1] INFO  impl.RaftServerImpl (RaftServerImpl.java:<init>(95)) - b3e939fd-eb36-468b-9efe-5d0a1fdaa172: new RaftServerImpl for group-84E520E4AB54:[b3e939fd-eb36-468b-9efe-5d0a1fdaa172:192.168.151.99:45433] with ContainerStateMachine:uninitialized
2019-09-26 15:13:31,799 [pool-27-thread-1] INFO  server.RaftServerConfigKeys (ConfUtils.java:logGet(43)) - raft.server.rpc.timeout.min = 5s (custom)
2019-09-26 15:13:31,799 [pool-27-thread-1] INFO  server.RaftServerConfigKeys (ConfUtils.java:logGet(43)) - raft.server.rpc.timeout.max = 5200ms (custom)
2019-09-26 15:13:31,799 [pool-27-thread-1] INFO  server.RaftServerConfigKeys (ConfUtils.java:logGet(43)) - raft.server.rpcslowness.timeout = 120s (custom)
2019-09-26 15:13:31,799 [pool-27-thread-1] INFO  server.RaftServerConfigKeys (ConfUtils.java:logGet(43)) - raft.server.sleep.deviation.threshold = 300 (default)
2019-09-26 15:13:31,799 [pool-27-thread-1] INFO  server.RaftServerConfigKeys (ConfUtils.java:logGet(43)) - raft.server.log.appender.install.snapshot.enabled = false (custom)
2019-09-26 15:13:31,799 [pool-27-thread-1] INFO  impl.RaftServerImpl (ServerState.java:<init>(103)) - b3e939fd-eb36-468b-9efe-5d0a1fdaa172@group-84E520E4AB54: ConfigurationManager, init=-1: [b3e939fd-eb36-468b-9efe-5d0a1fdaa172:192.168.151.99:45433], old=null, confs=<EMPTY_MAP>
2019-09-26 15:13:31,799 [pool-27-thread-1] INFO  server.RaftServerConfigKeys (ConfUtils.java:logGet(43)) - raft.server.storage.dir = [/workdir/hadoop-ozone/integration-test/target/test-dir/MiniOzoneClusterImpl-7e2f4b2f-6763-4a45-9ec4-264c2cef7c61/datanode-0/data/ratis] (custom)
2019-09-26 15:13:31,800 [pool-27-thread-1] INFO  storage.RaftStorageDirectory (RaftStorageDirectory.java:analyzeStorage(246)) - The storage directory /workdir/hadoop-ozone/integration-test/target/test-dir/MiniOzoneClusterImpl-7e2f4b2f-6763-4a45-9ec4-264c2cef7c61/datanode-0/data/ratis/0e9b91fb-c7fd-43e9-9002-84e520e4ab54 does not exist. Creating ...
2019-09-26 15:13:31,825 [pool-27-thread-1] INFO  storage.RaftStorageDirectory (RaftStorageDirectory.java:tryLock(328)) - Lock on /workdir/hadoop-ozone/integration-test/target/test-dir/MiniOzoneClusterImpl-7e2f4b2f-6763-4a45-9ec4-264c2cef7c61/datanode-0/data/ratis/0e9b91fb-c7fd-43e9-9002-84e520e4ab54/in_use.lock acquired by nodename 11803@pr-hdds-1569-g6sp5-2013761785
2019-09-26 15:13:31,838 [pool-27-thread-1] INFO  storage.RaftStorage (RaftStorage.java:format(72)) - Storage directory /workdir/hadoop-ozone/integration-test/target/test-dir/MiniOzoneClusterImpl-7e2f4b2f-6763-4a45-9ec4-264c2cef7c61/datanode-0/data/ratis/0e9b91fb-c7fd-43e9-9002-84e520e4ab54 has been successfully formatted.
2019-09-26 15:13:31,838 [pool-27-thread-1] INFO  ratis.ContainerStateMachine (ContainerStateMachine.java:loadSnapshot(230)) - group-84E520E4AB54: The snapshot info is null. Setting the last applied indexto:(t:0, i:~)
2019-09-26 15:13:31,839 [pool-27-thread-1] INFO  server.RaftServerConfigKeys (ConfUtils.java:logGet(43)) - raft.server.notification.no-leader.timeout = 120s (custom)
2019-09-26 15:13:31,839 [pool-27-thread-1] INFO  server.RaftServerConfigKeys (ConfUtils.java:logGet(43)) - raft.server.log.use.memory = false (default)
2019-09-26 15:13:31,839 [pool-27-thread-1] INFO  server.RaftServerConfigKeys (ConfUtils.java:logGet(43)) - raft.server.log.purge.gap = 1000000 (custom)
2019-09-26 15:13:31,839 [pool-27-thread-1] INFO  server.RaftServerConfigKeys (ConfUtils.java:logGet(43)) - raft.server.log.appender.buffer.byte-limit = 33554432 (custom)
2019-09-26 15:13:31,839 [pool-27-thread-1] INFO  server.RaftServerConfigKeys (ConfUtils.java:logGet(43)) - raft.server.log.segment.size.max = 1048576 (custom)
2019-09-26 15:13:31,839 [pool-27-thread-1] INFO  server.RaftServerConfigKeys (ConfUtils.java:logGet(43)) - raft.server.log.segment.cache.num.max = 2 (custom)
2019-09-26 15:13:31,839 [pool-27-thread-1] INFO  segmented.SegmentedRaftLogWorker (SegmentedRaftLogWorker.java:<init>(172)) - new b3e939fd-eb36-468b-9efe-5d0a1fdaa172@group-84E520E4AB54-SegmentedRaftLogWorker for RaftStorage:Storage Directory /workdir/hadoop-ozone/integration-test/target/test-dir/MiniOzoneClusterImpl-7e2f4b2f-6763-4a45-9ec4-264c2cef7c61/datanode-0/data/ratis/0e9b91fb-c7fd-43e9-9002-84e520e4ab54
2019-09-26 15:13:31,839 [pool-27-thread-1] INFO  server.RaftServerConfigKeys (ConfUtils.java:logGet(43)) - raft.server.log.queue.byte-limit = 2147483647 (custom)
2019-09-26 15:13:31,840 [pool-27-thread-1] INFO  server.RaftServerConfigKeys (ConfUtils.java:logGet(43)) - raft.server.log.queue.element-limit = 1024 (custom)
2019-09-26 15:13:31,840 [pool-27-thread-1] INFO  server.RaftServerConfigKeys (ConfUtils.java:logGet(43)) - raft.server.log.segment.size.max = 1048576 (custom)
2019-09-26 15:13:31,840 [pool-27-thread-1] INFO  server.RaftServerConfigKeys (ConfUtils.java:logGet(43)) - raft.server.log.preallocated.size = 16384 (custom)
2019-09-26 15:13:31,840 [pool-27-thread-1] INFO  server.RaftServerConfigKeys (ConfUtils.java:logGet(43)) - raft.server.log.write.buffer.size = 33554432 (custom)
2019-09-26 15:13:31,840 [pool-27-thread-1] INFO  server.RaftServerConfigKeys (ConfUtils.java:logGet(43)) - raft.server.log.force.sync.num = 128 (default)
2019-09-26 15:13:31,840 [pool-27-thread-1] INFO  server.RaftServerConfigKeys (ConfUtils.java:logGet(43)) - raft.server.log.statemachine.data.sync = true (default)
2019-09-26 15:13:31,840 [pool-27-thread-1] INFO  server.RaftServerConfigKeys (ConfUtils.java:logGet(43)) - raft.server.log.statemachine.data.sync.timeout = 10s (default)
2019-09-26 15:13:31,840 [pool-27-thread-1] INFO  server.RaftServerConfigKeys (ConfUtils.java:logGet(43)) - raft.server.log.statemachine.data.sync.timeout.retry = -1 (default)
2019-09-26 15:13:31,840 [pool-27-thread-1] INFO  server.RaftServerConfigKeys (ConfUtils.java:logGet(43)) - raft.server.log.statemachine.data.caching.enabled = true (custom)
2019-09-26 15:13:31,841 [pool-27-thread-1] INFO  segmented.SegmentedRaftLogWorker (SegmentedRaftLogWorker.java:lambda$new$0(132)) - b3e939fd-eb36-468b-9efe-5d0a1fdaa172@group-84E520E4AB54-SegmentedRaftLogWorker: flushIndex: setUnconditionally 0 -> -1
2019-09-26 15:13:31,841 [pool-27-thread-1] INFO  server.RaftServerConfigKeys (ConfUtils.java:logGet(43)) - raft.server.snapshot.auto.trigger.enabled = true (custom)
2019-09-26 15:13:31,841 [pool-27-thread-1] INFO  server.RaftServerConfigKeys (ConfUtils.java:logGet(43)) - raft.server.snapshot.auto.trigger.threshold = 10000 (custom)
2019-09-26 15:13:31,841 [pool-27-thread-1] INFO  server.RaftServerConfigKeys (ConfUtils.java:logGet(43)) - raft.server.snapshot.retention.num.files = 5 (custom)
2019-09-26 15:13:31,841 [pool-27-thread-1] INFO  server.RaftServerConfigKeys (ConfUtils.java:logGet(43)) - raft.server.retrycache.expirytime = 600000ms (custom)
2019-09-26 15:13:31,843 [pool-27-thread-1] INFO  impl.RaftServerImpl (RaftServerImpl.java:start(185)) - b3e939fd-eb36-468b-9efe-5d0a1fdaa172@group-84E520E4AB54: start as a follower, conf=-1: [b3e939fd-eb36-468b-9efe-5d0a1fdaa172:192.168.151.99:45433], old=null
2019-09-26 15:13:31,843 [pool-27-thread-1] INFO  impl.RaftServerImpl (RaftServerImpl.java:setRole(174)) - b3e939fd-eb36-468b-9efe-5d0a1fdaa172@group-84E520E4AB54: changes role from      null to FOLLOWER at term 0 for startAsFollower
2019-09-26 15:13:31,843 [pool-27-thread-1] INFO  impl.RoleInfo (RoleInfo.java:updateAndGet(143)) - b3e939fd-eb36-468b-9efe-5d0a1fdaa172: start FollowerState
2019-09-26 15:13:31,844 [pool-27-thread-1] INFO  util.JmxRegister (JmxRegister.java:tryRegister(44)) - Successfully registered JMX Bean with object name Ratis:service=RaftServer,group=group-84E520E4AB54,id=b3e939fd-eb36-468b-9efe-5d0a1fdaa172
2019-09-26 15:13:31,845 [RatisPipelineUtilsThread] INFO  pipeline.PipelineStateManager (PipelineStateManager.java:addPipeline(56)) - Created pipeline Pipeline[ Id: 0e9b91fb-c7fd-43e9-9002-84e520e4ab54, Nodes: b3e939fd-eb36-468b-9efe-5d0a1fdaa172{ip: 192.168.151.99, host: pr-hdds-1569-g6sp5-2013761785, networkLocation: /default-rack, certSerialId: null}, Type:RATIS, Factor:ONE, State:OPEN]
2019-09-26 15:13:31,848 [grpc-default-executor-0] INFO  impl.RaftServerProxy (RaftServerProxy.java:addNew(89)) - b3e939fd-eb36-468b-9efe-5d0a1fdaa172: addNew group-C878FEE1AB22:[b3e939fd-eb36-468b-9efe-5d0a1fdaa172:192.168.151.99:45433] returns group-C878FEE1AB22:java.util.concurrent.CompletableFuture@604fc940[Not completed]
2019-09-26 15:13:31,849 [pool-27-thread-1] INFO  impl.RaftServerImpl (RaftServerImpl.java:<init>(95)) - b3e939fd-eb36-468b-9efe-5d0a1fdaa172: new RaftServerImpl for group-C878FEE1AB22:[b3e939fd-eb36-468b-9efe-5d0a1fdaa172:192.168.151.99:45433] with ContainerStateMachine:uninitialized
2019-09-26 15:13:31,849 [pool-27-thread-1] INFO  server.RaftServerConfigKeys (ConfUtils.java:logGet(43)) - raft.server.rpc.timeout.min = 5s (custom)
2019-09-26 15:13:31,849 [pool-27-thread-1] INFO  server.RaftServerConfigKeys (ConfUtils.java:logGet(43)) - raft.server.rpc.timeout.max = 5200ms (custom)
2019-09-26 15:13:31,849 [pool-27-thread-1] INFO  server.RaftServerConfigKeys (ConfUtils.java:logGet(43)) - raft.server.rpcslowness.timeout = 120s (custom)
2019-09-26 15:13:31,849 [pool-27-thread-1] INFO  server.RaftServerConfigKeys (ConfUtils.java:logGet(43)) - raft.server.sleep.deviation.threshold = 300 (default)
2019-09-26 15:13:31,850 [pool-27-thread-1] INFO  server.RaftServerConfigKeys (ConfUtils.java:logGet(43)) - raft.server.log.appender.install.snapshot.enabled = false (custom)
2019-09-26 15:13:31,850 [pool-27-thread-1] INFO  impl.RaftServerImpl (ServerState.java:<init>(103)) - b3e939fd-eb36-468b-9efe-5d0a1fdaa172@group-C878FEE1AB22: ConfigurationManager, init=-1: [b3e939fd-eb36-468b-9efe-5d0a1fdaa172:192.168.151.99:45433], old=null, confs=<EMPTY_MAP>
2019-09-26 15:13:31,850 [pool-27-thread-1] INFO  server.RaftServerConfigKeys (ConfUtils.java:logGet(43)) - raft.server.storage.dir = [/workdir/hadoop-ozone/integration-test/target/test-dir/MiniOzoneClusterImpl-7e2f4b2f-6763-4a45-9ec4-264c2cef7c61/datanode-0/data/ratis] (custom)
2019-09-26 15:13:31,851 [pool-27-thread-1] INFO  storage.RaftStorageDirectory (RaftStorageDirectory.java:analyzeStorage(246)) - The storage directory /workdir/hadoop-ozone/integration-test/target/test-dir/MiniOzoneClusterImpl-7e2f4b2f-6763-4a45-9ec4-264c2cef7c61/datanode-0/data/ratis/8922604b-aa8b-47b5-8120-c878fee1ab22 does not exist. Creating ...
2019-09-26 15:13:31,864 [pool-27-thread-1] INFO  storage.RaftStorageDirectory (RaftStorageDirectory.java:tryLock(328)) - Lock on /workdir/hadoop-ozone/integration-test/target/test-dir/MiniOzoneClusterImpl-7e2f4b2f-6763-4a45-9ec4-264c2cef7c61/datanode-0/data/ratis/8922604b-aa8b-47b5-8120-c878fee1ab22/in_use.lock acquired by nodename 11803@pr-hdds-1569-g6sp5-2013761785
2019-09-26 15:13:31,867 [pool-27-thread-1] INFO  storage.RaftStorage (RaftStorage.java:format(72)) - Storage directory /workdir/hadoop-ozone/integration-test/target/test-dir/MiniOzoneClusterImpl-7e2f4b2f-6763-4a45-9ec4-264c2cef7c61/datanode-0/data/ratis/8922604b-aa8b-47b5-8120-c878fee1ab22 has been successfully formatted.
2019-09-26 15:13:31,868 [pool-27-thread-1] INFO  ratis.ContainerStateMachine (ContainerStateMachine.java:loadSnapshot(230)) - group-C878FEE1AB22: The snapshot info is null. Setting the last applied indexto:(t:0, i:~)
2019-09-26 15:13:31,868 [pool-27-thread-1] INFO  server.RaftServerConfigKeys (ConfUtils.java:logGet(43)) - raft.server.notification.no-leader.timeout = 120s (custom)
2019-09-26 15:13:31,868 [pool-27-thread-1] INFO  server.RaftServerConfigKeys (ConfUtils.java:logGet(43)) - raft.server.log.use.memory = false (default)
2019-09-26 15:13:31,868 [pool-27-thread-1] INFO  server.RaftServerConfigKeys (ConfUtils.java:logGet(43)) - raft.server.log.purge.gap = 1000000 (custom)
2019-09-26 15:13:31,868 [pool-27-thread-1] INFO  server.RaftServerConfigKeys (ConfUtils.java:logGet(43)) - raft.server.log.appender.buffer.byte-limit = 33554432 (custom)
2019-09-26 15:13:31,868 [pool-27-thread-1] INFO  server.RaftServerConfigKeys (ConfUtils.java:logGet(43)) - raft.server.log.segment.size.max = 1048576 (custom)
2019-09-26 15:13:31,868 [pool-27-thread-1] INFO  server.RaftServerConfigKeys (ConfUtils.java:logGet(43)) - raft.server.log.segment.cache.num.max = 2 (custom)
2019-09-26 15:13:31,868 [pool-27-thread-1] INFO  segmented.SegmentedRaftLogWorker (SegmentedRaftLogWorker.java:<init>(172)) - new b3e939fd-eb36-468b-9efe-5d0a1fdaa172@group-C878FEE1AB22-SegmentedRaftLogWorker for RaftStorage:Storage Directory /workdir/hadoop-ozone/integration-test/target/test-dir/MiniOzoneClusterImpl-7e2f4b2f-6763-4a45-9ec4-264c2cef7c61/datanode-0/data/ratis/8922604b-aa8b-47b5-8120-c878fee1ab22
2019-09-26 15:13:31,869 [pool-27-thread-1] INFO  server.RaftServerConfigKeys (ConfUtils.java:logGet(43)) - raft.server.log.queue.byte-limit = 2147483647 (custom)
2019-09-26 15:13:31,869 [pool-27-thread-1] INFO  server.RaftServerConfigKeys (ConfUtils.java:logGet(43)) - raft.server.log.queue.element-limit = 1024 (custom)
2019-09-26 15:13:31,869 [pool-27-thread-1] INFO  server.RaftServerConfigKeys (ConfUtils.java:logGet(43)) - raft.server.log.segment.size.max = 1048576 (custom)
2019-09-26 15:13:31,869 [pool-27-thread-1] INFO  server.RaftServerConfigKeys (ConfUtils.java:logGet(43)) - raft.server.log.preallocated.size = 16384 (custom)
2019-09-26 15:13:31,869 [pool-27-thread-1] INFO  server.RaftServerConfigKeys (ConfUtils.java:logGet(43)) - raft.server.log.write.buffer.size = 33554432 (custom)
2019-09-26 15:13:31,869 [pool-27-thread-1] INFO  server.RaftServerConfigKeys (ConfUtils.java:logGet(43)) - raft.server.log.force.sync.num = 128 (default)
2019-09-26 15:13:31,869 [pool-27-thread-1] INFO  server.RaftServerConfigKeys (ConfUtils.java:logGet(43)) - raft.server.log.statemachine.data.sync = true (default)
2019-09-26 15:13:31,869 [pool-27-thread-1] INFO  server.RaftServerConfigKeys (ConfUtils.java:logGet(43)) - raft.server.log.statemachine.data.sync.timeout = 10s (default)
2019-09-26 15:13:31,869 [pool-27-thread-1] INFO  server.RaftServerConfigKeys (ConfUtils.java:logGet(43)) - raft.server.log.statemachine.data.sync.timeout.retry = -1 (default)
2019-09-26 15:13:31,870 [pool-27-thread-1] INFO  server.RaftServerConfigKeys (ConfUtils.java:logGet(43)) - raft.server.log.statemachine.data.caching.enabled = true (custom)
2019-09-26 15:13:31,870 [pool-27-thread-1] INFO  segmented.SegmentedRaftLogWorker (SegmentedRaftLogWorker.java:lambda$new$0(132)) - b3e939fd-eb36-468b-9efe-5d0a1fdaa172@group-C878FEE1AB22-SegmentedRaftLogWorker: flushIndex: setUnconditionally 0 -> -1
2019-09-26 15:13:31,870 [pool-27-thread-1] INFO  server.RaftServerConfigKeys (ConfUtils.java:logGet(43)) - raft.server.snapshot.auto.trigger.enabled = true (custom)
2019-09-26 15:13:31,870 [pool-27-thread-1] INFO  server.RaftServerConfigKeys (ConfUtils.java:logGet(43)) - raft.server.snapshot.auto.trigger.threshold = 10000 (custom)
2019-09-26 15:13:31,870 [pool-27-thread-1] INFO  server.RaftServerConfigKeys (ConfUtils.java:logGet(43)) - raft.server.snapshot.retention.num.files = 5 (custom)
2019-09-26 15:13:31,870 [pool-27-thread-1] INFO  server.RaftServerConfigKeys (ConfUtils.java:logGet(43)) - raft.server.retrycache.expirytime = 600000ms (custom)
2019-09-26 15:13:31,872 [pool-27-thread-1] INFO  impl.RaftServerImpl (RaftServerImpl.java:start(185)) - b3e939fd-eb36-468b-9efe-5d0a1fdaa172@group-C878FEE1AB22: start as a follower, conf=-1: [b3e939fd-eb36-468b-9efe-5d0a1fdaa172:192.168.151.99:45433], old=null
2019-09-26 15:13:31,872 [pool-27-thread-1] INFO  impl.RaftServerImpl (RaftServerImpl.java:setRole(174)) - b3e939fd-eb36-468b-9efe-5d0a1fdaa172@group-C878FEE1AB22: changes role from      null to FOLLOWER at term 0 for startAsFollower
2019-09-26 15:13:31,872 [pool-27-thread-1] INFO  impl.RoleInfo (RoleInfo.java:updateAndGet(143)) - b3e939fd-eb36-468b-9efe-5d0a1fdaa172: start FollowerState
2019-09-26 15:13:31,873 [pool-27-thread-1] INFO  util.JmxRegister (JmxRegister.java:tryRegister(44)) - Successfully registered JMX Bean with object name Ratis:service=RaftServer,group=group-C878FEE1AB22,id=b3e939fd-eb36-468b-9efe-5d0a1fdaa172
2019-09-26 15:13:31,874 [RatisPipelineUtilsThread] INFO  pipeline.PipelineStateManager (PipelineStateManager.java:addPipeline(56)) - Created pipeline Pipeline[ Id: 8922604b-aa8b-47b5-8120-c878fee1ab22, Nodes: b3e939fd-eb36-468b-9efe-5d0a1fdaa172{ip: 192.168.151.99, host: pr-hdds-1569-g6sp5-2013761785, networkLocation: /default-rack, certSerialId: null}, Type:RATIS, Factor:ONE, State:OPEN]
2019-09-26 15:13:31,877 [grpc-default-executor-0] INFO  impl.RaftServerProxy (RaftServerProxy.java:addNew(89)) - b3e939fd-eb36-468b-9efe-5d0a1fdaa172: addNew group-5C744E83DB9A:[b3e939fd-eb36-468b-9efe-5d0a1fdaa172:192.168.151.99:45433] returns group-5C744E83DB9A:java.util.concurrent.CompletableFuture@6f68a056[Not completed]
2019-09-26 15:13:31,878 [pool-27-thread-1] INFO  impl.RaftServerImpl (RaftServerImpl.java:<init>(95)) - b3e939fd-eb36-468b-9efe-5d0a1fdaa172: new RaftServerImpl for group-5C744E83DB9A:[b3e939fd-eb36-468b-9efe-5d0a1fdaa172:192.168.151.99:45433] with ContainerStateMachine:uninitialized
2019-09-26 15:13:31,878 [pool-27-thread-1] INFO  server.RaftServerConfigKeys (ConfUtils.java:logGet(43)) - raft.server.rpc.timeout.min = 5s (custom)
2019-09-26 15:13:31,878 [pool-27-thread-1] INFO  server.RaftServerConfigKeys (ConfUtils.java:logGet(43)) - raft.server.rpc.timeout.max = 5200ms (custom)
2019-09-26 15:13:31,878 [pool-27-thread-1] INFO  server.RaftServerConfigKeys (ConfUtils.java:logGet(43)) - raft.server.rpcslowness.timeout = 120s (custom)
2019-09-26 15:13:31,878 [pool-27-thread-1] INFO  server.RaftServerConfigKeys (ConfUtils.java:logGet(43)) - raft.server.sleep.deviation.threshold = 300 (default)
2019-09-26 15:13:31,878 [pool-27-thread-1] INFO  server.RaftServerConfigKeys (ConfUtils.java:logGet(43)) - raft.server.log.appender.install.snapshot.enabled = false (custom)
2019-09-26 15:13:31,879 [pool-27-thread-1] INFO  impl.RaftServerImpl (ServerState.java:<init>(103)) - b3e939fd-eb36-468b-9efe-5d0a1fdaa172@group-5C744E83DB9A: ConfigurationManager, init=-1: [b3e939fd-eb36-468b-9efe-5d0a1fdaa172:192.168.151.99:45433], old=null, confs=<EMPTY_MAP>
2019-09-26 15:13:31,879 [pool-27-thread-1] INFO  server.RaftServerConfigKeys (ConfUtils.java:logGet(43)) - raft.server.storage.dir = [/workdir/hadoop-ozone/integration-test/target/test-dir/MiniOzoneClusterImpl-7e2f4b2f-6763-4a45-9ec4-264c2cef7c61/datanode-0/data/ratis] (custom)
2019-09-26 15:13:31,880 [pool-27-thread-1] INFO  storage.RaftStorageDirectory (RaftStorageDirectory.java:analyzeStorage(246)) - The storage directory /workdir/hadoop-ozone/integration-test/target/test-dir/MiniOzoneClusterImpl-7e2f4b2f-6763-4a45-9ec4-264c2cef7c61/datanode-0/data/ratis/cd43effc-dd38-4e3e-b98d-5c744e83db9a does not exist. Creating ...
2019-09-26 15:13:31,887 [pool-27-thread-1] INFO  storage.RaftStorageDirectory (RaftStorageDirectory.java:tryLock(328)) - Lock on /workdir/hadoop-ozone/integration-test/target/test-dir/MiniOzoneClusterImpl-7e2f4b2f-6763-4a45-9ec4-264c2cef7c61/datanode-0/data/ratis/cd43effc-dd38-4e3e-b98d-5c744e83db9a/in_use.lock acquired by nodename 11803@pr-hdds-1569-g6sp5-2013761785
2019-09-26 15:13:31,888 [Thread-1077] INFO  impl.FollowerState (FollowerState.java:run(106)) - b3e939fd-eb36-468b-9efe-5d0a1fdaa172:group-FD4703A36E0D changes to CANDIDATE, lastRpcTime:5011, electionTimeout:5011ms
2019-09-26 15:13:31,888 [Thread-1077] INFO  impl.RoleInfo (RoleInfo.java:shutdownFollowerState(121)) - b3e939fd-eb36-468b-9efe-5d0a1fdaa172: shutdown FollowerState
2019-09-26 15:13:31,888 [Thread-1077] INFO  impl.RaftServerImpl (RaftServerImpl.java:setRole(174)) - b3e939fd-eb36-468b-9efe-5d0a1fdaa172@group-FD4703A36E0D: changes role from  FOLLOWER to CANDIDATE at term 0 for changeToCandidate
2019-09-26 15:13:31,888 [Thread-1077] INFO  impl.RoleInfo (RoleInfo.java:updateAndGet(143)) - b3e939fd-eb36-468b-9efe-5d0a1fdaa172: start LeaderElection
2019-09-26 15:13:31,893 [Thread-1074] INFO  impl.FollowerState (FollowerState.java:run(106)) - b3e939fd-eb36-468b-9efe-5d0a1fdaa172:group-05D02A6E9E31 changes to CANDIDATE, lastRpcTime:5047, electionTimeout:5047ms
2019-09-26 15:13:31,893 [Thread-1074] INFO  impl.RoleInfo (RoleInfo.java:shutdownFollowerState(121)) - b3e939fd-eb36-468b-9efe-5d0a1fdaa172: shutdown FollowerState
2019-09-26 15:13:31,893 [Thread-1074] INFO  impl.RaftServerImpl (RaftServerImpl.java:setRole(174)) - b3e939fd-eb36-468b-9efe-5d0a1fdaa172@group-05D02A6E9E31: changes role from  FOLLOWER to CANDIDATE at term 0 for changeToCandidate
2019-09-26 15:13:31,893 [Thread-1074] INFO  impl.RoleInfo (RoleInfo.java:updateAndGet(143)) - b3e939fd-eb36-468b-9efe-5d0a1fdaa172: start LeaderElection
2019-09-26 15:13:31,900 [pool-27-thread-1] INFO  storage.RaftStorage (RaftStorage.java:format(72)) - Storage directory /workdir/hadoop-ozone/integration-test/target/test-dir/MiniOzoneClusterImpl-7e2f4b2f-6763-4a45-9ec4-264c2cef7c61/datanode-0/data/ratis/cd43effc-dd38-4e3e-b98d-5c744e83db9a has been successfully formatted.
2019-09-26 15:13:31,900 [b3e939fd-eb36-468b-9efe-5d0a1fdaa172@group-FD4703A36E0D:LeaderElection171] INFO  impl.LeaderElection (LeaderElection.java:askForVotes(182)) - b3e939fd-eb36-468b-9efe-5d0a1fdaa172@group-FD4703A36E0D:LeaderElection171: begin an election at term 1 for -1: [b3e939fd-eb36-468b-9efe-5d0a1fdaa172:192.168.151.99:45433], old=null
2019-09-26 15:13:31,900 [b3e939fd-eb36-468b-9efe-5d0a1fdaa172@group-05D02A6E9E31:LeaderElection172] INFO  impl.LeaderElection (LeaderElection.java:askForVotes(182)) - b3e939fd-eb36-468b-9efe-5d0a1fdaa172@group-05D02A6E9E31:LeaderElection172: begin an election at term 1 for -1: [b3e939fd-eb36-468b-9efe-5d0a1fdaa172:192.168.151.99:45433], old=null
2019-09-26 15:13:31,900 [b3e939fd-eb36-468b-9efe-5d0a1fdaa172@group-FD4703A36E0D:LeaderElection171] INFO  impl.RoleInfo (RoleInfo.java:shutdownLeaderElection(134)) - b3e939fd-eb36-468b-9efe-5d0a1fdaa172: shutdown LeaderElection
2019-09-26 15:13:31,900 [pool-27-thread-1] INFO  ratis.ContainerStateMachine (ContainerStateMachine.java:loadSnapshot(230)) - group-5C744E83DB9A: The snapshot info is null. Setting the last applied indexto:(t:0, i:~)
2019-09-26 15:13:31,900 [b3e939fd-eb36-468b-9efe-5d0a1fdaa172@group-FD4703A36E0D:LeaderElection171] INFO  impl.RaftServerImpl (RaftServerImpl.java:setRole(174)) - b3e939fd-eb36-468b-9efe-5d0a1fdaa172@group-FD4703A36E0D: changes role from CANDIDATE to LEADER at term 1 for changeToLeader
2019-09-26 15:13:31,900 [b3e939fd-eb36-468b-9efe-5d0a1fdaa172@group-05D02A6E9E31:LeaderElection172] INFO  impl.RoleInfo (RoleInfo.java:shutdownLeaderElection(134)) - b3e939fd-eb36-468b-9efe-5d0a1fdaa172: shutdown LeaderElection
2019-09-26 15:13:31,901 [b3e939fd-eb36-468b-9efe-5d0a1fdaa172@group-FD4703A36E0D:LeaderElection171] INFO  impl.RaftServerImpl (ServerState.java:setLeader(253)) - b3e939fd-eb36-468b-9efe-5d0a1fdaa172@group-FD4703A36E0D: change Leader from null to b3e939fd-eb36-468b-9efe-5d0a1fdaa172 at term 1 for becomeLeader, leader elected after 5032ms
2019-09-26 15:13:31,900 [pool-27-thread-1] INFO  server.RaftServerConfigKeys (ConfUtils.java:logGet(43)) - raft.server.notification.no-leader.timeout = 120s (custom)
2019-09-26 15:13:31,901 [b3e939fd-eb36-468b-9efe-5d0a1fdaa172@group-FD4703A36E0D:LeaderElection171] INFO  server.RaftServerConfigKeys (ConfUtils.java:logGet(43)) - raft.server.staging.catchup.gap = 1000 (default)
2019-09-26 15:13:31,901 [b3e939fd-eb36-468b-9efe-5d0a1fdaa172@group-05D02A6E9E31:LeaderElection172] INFO  impl.RaftServerImpl (RaftServerImpl.java:setRole(174)) - b3e939fd-eb36-468b-9efe-5d0a1fdaa172@group-05D02A6E9E31: changes role from CANDIDATE to LEADER at term 1 for changeToLeader
2019-09-26 15:13:31,901 [b3e939fd-eb36-468b-9efe-5d0a1fdaa172@group-FD4703A36E0D:LeaderElection171] INFO  server.RaftServerConfigKeys (ConfUtils.java:logGet(43)) - raft.server.rpc.sleep.time = 25ms (default)
2019-09-26 15:13:31,901 [pool-27-thread-1] INFO  server.RaftServerConfigKeys (ConfUtils.java:logGet(43)) - raft.server.log.use.memory = false (default)
2019-09-26 15:13:31,901 [b3e939fd-eb36-468b-9efe-5d0a1fdaa172@group-FD4703A36E0D:LeaderElection171] INFO  server.RaftServerConfigKeys (ConfUtils.java:logGet(43)) - raft.server.write.element-limit = 4096 (default)
2019-09-26 15:13:31,901 [b3e939fd-eb36-468b-9efe-5d0a1fdaa172@group-05D02A6E9E31:LeaderElection172] INFO  impl.RaftServerImpl (ServerState.java:setLeader(253)) - b3e939fd-eb36-468b-9efe-5d0a1fdaa172@group-05D02A6E9E31: change Leader from null to b3e939fd-eb36-468b-9efe-5d0a1fdaa172 at term 1 for becomeLeader, leader elected after 5064ms
2019-09-26 15:13:31,901 [b3e939fd-eb36-468b-9efe-5d0a1fdaa172@group-FD4703A36E0D:LeaderElection171] INFO  server.RaftServerConfigKeys (ConfUtils.java:logGet(43)) - raft.server.watch.timeout = 10s (default)
2019-09-26 15:13:31,901 [pool-27-thread-1] INFO  server.RaftServerConfigKeys (ConfUtils.java:logGet(43)) - raft.server.log.purge.gap = 1000000 (custom)
2019-09-26 15:13:31,901 [b3e939fd-eb36-468b-9efe-5d0a1fdaa172@group-FD4703A36E0D:LeaderElection171] INFO  server.RaftServerConfigKeys (ConfUtils.java:logGet(43)) - raft.server.watch.timeout.denomination = 1s (default)
2019-09-26 15:13:31,901 [b3e939fd-eb36-468b-9efe-5d0a1fdaa172@group-05D02A6E9E31:LeaderElection172] INFO  server.RaftServerConfigKeys (ConfUtils.java:logGet(43)) - raft.server.staging.catchup.gap = 1000 (default)
2019-09-26 15:13:31,902 [b3e939fd-eb36-468b-9efe-5d0a1fdaa172@group-FD4703A36E0D:LeaderElection171] INFO  server.RaftServerConfigKeys (ConfUtils.java:logGet(43)) - raft.server.watch.element-limit = 65536 (default)
2019-09-26 15:13:31,902 [pool-27-thread-1] INFO  server.RaftServerConfigKeys (ConfUtils.java:logGet(43)) - raft.server.log.appender.buffer.byte-limit = 33554432 (custom)
2019-09-26 15:13:31,902 [b3e939fd-eb36-468b-9efe-5d0a1fdaa172@group-05D02A6E9E31:LeaderElection172] INFO  server.RaftServerConfigKeys (ConfUtils.java:logGet(43)) - raft.server.rpc.sleep.time = 25ms (default)
2019-09-26 15:13:31,902 [pool-27-thread-1] INFO  server.RaftServerConfigKeys (ConfUtils.java:logGet(43)) - raft.server.log.segment.size.max = 1048576 (custom)
2019-09-26 15:13:31,902 [b3e939fd-eb36-468b-9efe-5d0a1fdaa172@group-05D02A6E9E31:LeaderElection172] INFO  server.RaftServerConfigKeys (ConfUtils.java:logGet(43)) - raft.server.write.element-limit = 4096 (default)
2019-09-26 15:13:31,902 [pool-27-thread-1] INFO  server.RaftServerConfigKeys (ConfUtils.java:logGet(43)) - raft.server.log.segment.cache.num.max = 2 (custom)
2019-09-26 15:13:31,902 [b3e939fd-eb36-468b-9efe-5d0a1fdaa172@group-05D02A6E9E31:LeaderElection172] INFO  server.RaftServerConfigKeys (ConfUtils.java:logGet(43)) - raft.server.watch.timeout = 10s (default)
2019-09-26 15:13:31,902 [pool-27-thread-1] INFO  segmented.SegmentedRaftLogWorker (SegmentedRaftLogWorker.java:<init>(172)) - new b3e939fd-eb36-468b-9efe-5d0a1fdaa172@group-5C744E83DB9A-SegmentedRaftLogWorker for RaftStorage:Storage Directory /workdir/hadoop-ozone/integration-test/target/test-dir/MiniOzoneClusterImpl-7e2f4b2f-6763-4a45-9ec4-264c2cef7c61/datanode-0/data/ratis/cd43effc-dd38-4e3e-b98d-5c744e83db9a
2019-09-26 15:13:31,903 [b3e939fd-eb36-468b-9efe-5d0a1fdaa172@group-05D02A6E9E31:LeaderElection172] INFO  server.RaftServerConfigKeys (ConfUtils.java:logGet(43)) - raft.server.watch.timeout.denomination = 1s (default)
2019-09-26 15:13:31,903 [pool-27-thread-1] INFO  server.RaftServerConfigKeys (ConfUtils.java:logGet(43)) - raft.server.log.queue.byte-limit = 2147483647 (custom)
2019-09-26 15:13:31,903 [b3e939fd-eb36-468b-9efe-5d0a1fdaa172@group-05D02A6E9E31:LeaderElection172] INFO  server.RaftServerConfigKeys (ConfUtils.java:logGet(43)) - raft.server.watch.element-limit = 65536 (default)
2019-09-26 15:13:31,903 [pool-27-thread-1] INFO  server.RaftServerConfigKeys (ConfUtils.java:logGet(43)) - raft.server.log.queue.element-limit = 1024 (custom)
2019-09-26 15:13:31,903 [pool-27-thread-1] INFO  server.RaftServerConfigKeys (ConfUtils.java:logGet(43)) - raft.server.log.segment.size.max = 1048576 (custom)
2019-09-26 15:13:31,903 [pool-27-thread-1] INFO  server.RaftServerConfigKeys (ConfUtils.java:logGet(43)) - raft.server.log.preallocated.size = 16384 (custom)
2019-09-26 15:13:31,903 [pool-27-thread-1] INFO  server.RaftServerConfigKeys (ConfUtils.java:logGet(43)) - raft.server.log.write.buffer.size = 33554432 (custom)
2019-09-26 15:13:31,903 [pool-27-thread-1] INFO  server.RaftServerConfigKeys (ConfUtils.java:logGet(43)) - raft.server.log.force.sync.num = 128 (default)
2019-09-26 15:13:31,903 [b3e939fd-eb36-468b-9efe-5d0a1fdaa172@group-FD4703A36E0D:LeaderElection171] INFO  impl.RoleInfo (RoleInfo.java:updateAndGet(143)) - b3e939fd-eb36-468b-9efe-5d0a1fdaa172: start LeaderState
2019-09-26 15:13:31,904 [pool-27-thread-1] INFO  server.RaftServerConfigKeys (ConfUtils.java:logGet(43)) - raft.server.log.statemachine.data.sync = true (default)
2019-09-26 15:13:31,904 [pool-27-thread-1] INFO  server.RaftServerConfigKeys (ConfUtils.java:logGet(43)) - raft.server.log.statemachine.data.sync.timeout = 10s (default)
2019-09-26 15:13:31,904 [b3e939fd-eb36-468b-9efe-5d0a1fdaa172@group-FD4703A36E0D:LeaderElection171] INFO  segmented.SegmentedRaftLogWorker (SegmentedRaftLogWorker.java:startLogSegment(380)) - b3e939fd-eb36-468b-9efe-5d0a1fdaa172@group-FD4703A36E0D-SegmentedRaftLogWorker: Starting segment from index:0
2019-09-26 15:13:31,904 [pool-27-thread-1] INFO  server.RaftServerConfigKeys (ConfUtils.java:logGet(43)) - raft.server.log.statemachine.data.sync.timeout.retry = -1 (default)
2019-09-26 15:13:31,904 [b3e939fd-eb36-468b-9efe-5d0a1fdaa172@group-05D02A6E9E31:LeaderElection172] INFO  impl.RoleInfo (RoleInfo.java:updateAndGet(143)) - b3e939fd-eb36-468b-9efe-5d0a1fdaa172: start LeaderState
2019-09-26 15:13:31,904 [pool-27-thread-1] INFO  server.RaftServerConfigKeys (ConfUtils.java:logGet(43)) - raft.server.log.statemachine.data.caching.enabled = true (custom)
2019-09-26 15:13:31,904 [b3e939fd-eb36-468b-9efe-5d0a1fdaa172@group-05D02A6E9E31:LeaderElection172] INFO  segmented.SegmentedRaftLogWorker (SegmentedRaftLogWorker.java:startLogSegment(380)) - b3e939fd-eb36-468b-9efe-5d0a1fdaa172@group-05D02A6E9E31-SegmentedRaftLogWorker: Starting segment from index:0
2019-09-26 15:13:32,360 [Thread-1071] WARN  util.JavaUtils (JavaUtils.java:sleep(250)) - Unexpected long sleep: sleep(5122ms) actually took 5562ms which is over the threshold 300ms
2019-09-26 15:13:32,359 [Thread-1080] WARN  util.JavaUtils (JavaUtils.java:sleep(250)) - Unexpected long sleep: sleep(5065ms) actually took 5456ms which is over the threshold 300ms
2019-09-26 15:13:32,356 [Thread-1089] WARN  util.JavaUtils (JavaUtils.java:sleep(250)) - Unexpected long sleep: sleep(5077ms) actually took 5396ms which is over the threshold 300ms
2019-09-26 15:13:32,356 [Thread-1098] WARN  util.JavaUtils (JavaUtils.java:sleep(250)) - Unexpected long sleep: sleep(5022ms) actually took 5338ms which is over the threshold 300ms
2019-09-26 15:13:32,355 [Thread-1086] WARN  util.JavaUtils (JavaUtils.java:sleep(250)) - Unexpected long sleep: sleep(5102ms) actually took 5413ms which is over the threshold 300ms
2019-09-26 15:13:32,355 [Thread-1092] INFO  impl.FollowerState (FollowerState.java:run(106)) - b3e939fd-eb36-468b-9efe-5d0a1fdaa172:group-7F4E2958F83B changes to CANDIDATE, lastRpcTime:5378, electionTimeout:5081ms
2019-09-26 15:13:32,355 [Thread-1083] INFO  impl.FollowerState (FollowerState.java:run(106)) - b3e939fd-eb36-468b-9efe-5d0a1fdaa172:group-5B658C392D0A changes to CANDIDATE, lastRpcTime:5429, electionTimeout:5147ms
2019-09-26 15:13:32,669 [Thread-1083] INFO  impl.RoleInfo (RoleInfo.java:shutdownFollowerState(121)) - b3e939fd-eb36-468b-9efe-5d0a1fdaa172: shutdown FollowerState
2019-09-26 15:13:32,669 [Thread-1083] INFO  impl.RaftServerImpl (RaftServerImpl.java:setRole(174)) - b3e939fd-eb36-468b-9efe-5d0a1fdaa172@group-5B658C392D0A: changes role from  FOLLOWER to CANDIDATE at term 0 for changeToCandidate
2019-09-26 15:13:32,670 [Thread-1083] INFO  impl.RoleInfo (RoleInfo.java:updateAndGet(143)) - b3e939fd-eb36-468b-9efe-5d0a1fdaa172: start LeaderElection
2019-09-26 15:13:32,355 [Thread-1104] INFO  impl.FollowerState (FollowerState.java:run(106)) - b3e939fd-eb36-468b-9efe-5d0a1fdaa172:group-D46EF446A86F changes to CANDIDATE, lastRpcTime:5288, electionTimeout:5017ms
2019-09-26 15:13:32,354 [Thread-1095] INFO  impl.FollowerState (FollowerState.java:run(106)) - b3e939fd-eb36-468b-9efe-5d0a1fdaa172:group-A329D7889155 changes to CANDIDATE, lastRpcTime:5358, electionTimeout:5123ms
2019-09-26 15:13:32,354 [Thread-1101] INFO  impl.FollowerState (FollowerState.java:run(106)) - b3e939fd-eb36-468b-9efe-5d0a1fdaa172:group-898D87100B2B changes to CANDIDATE, lastRpcTime:5320, electionTimeout:5088ms
2019-09-26 15:13:32,354 [Thread-1107] INFO  impl.FollowerState (FollowerState.java:run(106)) - b3e939fd-eb36-468b-9efe-5d0a1fdaa172:group-CB05FC8C1EB7 changes to CANDIDATE, lastRpcTime:5257, electionTimeout:5028ms
2019-09-26 15:13:32,353 [Thread-1110] INFO  impl.FollowerState (FollowerState.java:run(106)) - b3e939fd-eb36-468b-9efe-5d0a1fdaa172:group-368EEDBBC63A changes to CANDIDATE, lastRpcTime:5231, electionTimeout:5052ms
2019-09-26 15:13:32,352 [Thread-1119] INFO  impl.FollowerState (FollowerState.java:run(106)) - b3e939fd-eb36-468b-9efe-5d0a1fdaa172:group-CF8139000EF1 changes to CANDIDATE, lastRpcTime:5135, electionTimeout:5031ms
2019-09-26 15:13:32,351 [Thread-1116] INFO  impl.FollowerState (FollowerState.java:run(106)) - b3e939fd-eb36-468b-9efe-5d0a1fdaa172:group-9BC164364327 changes to CANDIDATE, lastRpcTime:5169, electionTimeout:5086ms
2019-09-26 15:13:32,671 [Thread-1119] INFO  impl.RoleInfo (RoleInfo.java:shutdownFollowerState(121)) - b3e939fd-eb36-468b-9efe-5d0a1fdaa172: shutdown FollowerState
2019-09-26 15:13:32,351 [Thread-1122] INFO  impl.FollowerState (FollowerState.java:run(106)) - b3e939fd-eb36-468b-9efe-5d0a1fdaa172:group-9F3011231373 changes to CANDIDATE, lastRpcTime:5097, electionTimeout:5045ms
2019-09-26 15:13:32,671 [Thread-1122] INFO  impl.RoleInfo (RoleInfo.java:shutdownFollowerState(121)) - b3e939fd-eb36-468b-9efe-5d0a1fdaa172: shutdown FollowerState
2019-09-26 15:13:32,671 [Thread-1122] INFO  impl.RaftServerImpl (RaftServerImpl.java:setRole(174)) - b3e939fd-eb36-468b-9efe-5d0a1fdaa172@group-9F3011231373: changes role from  FOLLOWER to CANDIDATE at term 0 for changeToCandidate
2019-09-26 15:13:32,671 [Thread-1122] INFO  impl.RoleInfo (RoleInfo.java:updateAndGet(143)) - b3e939fd-eb36-468b-9efe-5d0a1fdaa172: start LeaderElection
2019-09-26 15:13:32,350 [Thread-1113] INFO  impl.FollowerState (FollowerState.java:run(106)) - b3e939fd-eb36-468b-9efe-5d0a1fdaa172:group-62721CB6E9BE changes to CANDIDATE, lastRpcTime:5203, electionTimeout:5179ms
2019-09-26 15:13:32,671 [Thread-1119] INFO  impl.RaftServerImpl (RaftServerImpl.java:setRole(174)) - b3e939fd-eb36-468b-9efe-5d0a1fdaa172@group-CF8139000EF1: changes role from  FOLLOWER to CANDIDATE at term 0 for changeToCandidate
2019-09-26 15:13:32,671 [Thread-1116] INFO  impl.RoleInfo (RoleInfo.java:shutdownFollowerState(121)) - b3e939fd-eb36-468b-9efe-5d0a1fdaa172: shutdown FollowerState
2019-09-26 15:13:32,672 [Thread-1116] INFO  impl.RaftServerImpl (RaftServerImpl.java:setRole(174)) - b3e939fd-eb36-468b-9efe-5d0a1fdaa172@group-9BC164364327: changes role from  FOLLOWER to CANDIDATE at term 0 for changeToCandidate
2019-09-26 15:13:32,670 [Thread-1110] INFO  impl.RoleInfo (RoleInfo.java:shutdownFollowerState(121)) - b3e939fd-eb36-468b-9efe-5d0a1fdaa172: shutdown FollowerState
2019-09-26 15:13:32,670 [Thread-1107] INFO  impl.RoleInfo (RoleInfo.java:shutdownFollowerState(121)) - b3e939fd-eb36-468b-9efe-5d0a1fdaa172: shutdown FollowerState
2019-09-26 15:13:32,670 [Thread-1101] INFO  impl.RoleInfo (RoleInfo.java:shutdownFollowerState(121)) - b3e939fd-eb36-468b-9efe-5d0a1fdaa172: shutdown FollowerState
2019-09-26 15:13:32,670 [Thread-1095] INFO  impl.RoleInfo (RoleInfo.java:shutdownFollowerState(121)) - b3e939fd-eb36-468b-9efe-5d0a1fdaa172: shutdown FollowerState
2019-09-26 15:13:32,670 [Thread-1104] INFO  impl.RoleInfo (RoleInfo.java:shutdownFollowerState(121)) - b3e939fd-eb36-468b-9efe-5d0a1fdaa172: shutdown FollowerState
2019-09-26 15:13:32,673 [Thread-1104] INFO  impl.RaftServerImpl (RaftServerImpl.java:setRole(174)) - b3e939fd-eb36-468b-9efe-5d0a1fdaa172@group-D46EF446A86F: changes role from  FOLLOWER to CANDIDATE at term 0 for changeToCandidate
2019-09-26 15:13:32,669 [Thread-1092] INFO  impl.RoleInfo (RoleInfo.java:shutdownFollowerState(121)) - b3e939fd-eb36-468b-9efe-5d0a1fdaa172: shutdown FollowerState
2019-09-26 15:13:32,669 [b3e939fd-eb36-468b-9efe-5d0a1fdaa172@group-05D02A6E9E31:LeaderElection172] INFO  impl.RaftServerImpl (ServerState.java:setRaftConf(354)) - b3e939fd-eb36-468b-9efe-5d0a1fdaa172@group-05D02A6E9E31: set configuration 0: [b3e939fd-eb36-468b-9efe-5d0a1fdaa172:192.168.151.99:45433], old=null at 0
2019-09-26 15:13:32,668 [Thread-1128] INFO  impl.FollowerState (FollowerState.java:run(106)) - b3e939fd-eb36-468b-9efe-5d0a1fdaa172:group-B8BD40BC5605 changes to CANDIDATE, lastRpcTime:5350, electionTimeout:5086ms
2019-09-26 15:13:32,667 [Thread-1134] INFO  impl.FollowerState (FollowerState.java:run(106)) - b3e939fd-eb36-468b-9efe-5d0a1fdaa172:group-C91B064953F8 changes to CANDIDATE, lastRpcTime:5283, electionTimeout:5064ms
2019-09-26 15:13:32,667 [Thread-1137] INFO  impl.FollowerState (FollowerState.java:run(106)) - b3e939fd-eb36-468b-9efe-5d0a1fdaa172:group-8152E6A19D97 changes to CANDIDATE, lastRpcTime:5245, electionTimeout:5045ms
2019-09-26 15:13:32,667 [Thread-1125] INFO  impl.FollowerState (FollowerState.java:run(106)) - b3e939fd-eb36-468b-9efe-5d0a1fdaa172:group-D829294084A7 changes to CANDIDATE, lastRpcTime:5384, electionTimeout:5185ms
2019-09-26 15:13:32,674 [Thread-1137] INFO  impl.RoleInfo (RoleInfo.java:shutdownFollowerState(121)) - b3e939fd-eb36-468b-9efe-5d0a1fdaa172: shutdown FollowerState
2019-09-26 15:13:32,667 [Thread-1140] INFO  impl.FollowerState (FollowerState.java:run(106)) - b3e939fd-eb36-468b-9efe-5d0a1fdaa172:group-5D100605878C changes to CANDIDATE, lastRpcTime:5207, electionTimeout:5012ms
2019-09-26 15:13:32,666 [Thread-1131] INFO  impl.FollowerState (FollowerState.java:run(106)) - b3e939fd-eb36-468b-9efe-5d0a1fdaa172:group-3B7C4B923211 changes to CANDIDATE, lastRpcTime:5320, electionTimeout:5161ms
2019-09-26 15:13:32,665 [Thread-1146] INFO  impl.FollowerState (FollowerState.java:run(106)) - b3e939fd-eb36-468b-9efe-5d0a1fdaa172:group-EDB6546B42A1 changes to CANDIDATE, lastRpcTime:5145, electionTimeout:5022ms
2019-09-26 15:13:32,664 [Thread-1143] INFO  impl.FollowerState (FollowerState.java:run(106)) - b3e939fd-eb36-468b-9efe-5d0a1fdaa172:group-0D1607784BB5 changes to CANDIDATE, lastRpcTime:5169, electionTimeout:5137ms
2019-09-26 15:13:32,664 [Thread-1152] INFO  impl.FollowerState (FollowerState.java:run(106)) - b3e939fd-eb36-468b-9efe-5d0a1fdaa172:group-8ABA77F86B69 changes to CANDIDATE, lastRpcTime:5094, electionTimeout:5079ms
2019-09-26 15:13:32,360 [b3e939fd-eb36-468b-9efe-5d0a1fdaa172@group-FD4703A36E0D:LeaderElection171] INFO  impl.RaftServerImpl (ServerState.java:setRaftConf(354)) - b3e939fd-eb36-468b-9efe-5d0a1fdaa172@group-FD4703A36E0D: set configuration 0: [b3e939fd-eb36-468b-9efe-5d0a1fdaa172:192.168.151.99:45433], old=null at 0
2019-09-26 15:13:32,360 [pool-27-thread-1] INFO  segmented.SegmentedRaftLogWorker (SegmentedRaftLogWorker.java:lambda$new$0(132)) - b3e939fd-eb36-468b-9efe-5d0a1fdaa172@group-5C744E83DB9A-SegmentedRaftLogWorker: flushIndex: setUnconditionally 0 -> -1
2019-09-26 15:13:32,674 [Thread-1152] INFO  impl.RoleInfo (RoleInfo.java:shutdownFollowerState(121)) - b3e939fd-eb36-468b-9efe-5d0a1fdaa172: shutdown FollowerState
2019-09-26 15:13:32,674 [Thread-1143] INFO  impl.RoleInfo (RoleInfo.java:shutdownFollowerState(121)) - b3e939fd-eb36-468b-9efe-5d0a1fdaa172: shutdown FollowerState
2019-09-26 15:13:32,675 [Thread-1143] INFO  impl.RaftServerImpl (RaftServerImpl.java:setRole(174)) - b3e939fd-eb36-468b-9efe-5d0a1fdaa172@group-0D1607784BB5: changes role from  FOLLOWER to CANDIDATE at term 0 for changeToCandidate
2019-09-26 15:13:32,674 [Thread-1131] INFO  impl.RoleInfo (RoleInfo.java:shutdownFollowerState(121)) - b3e939fd-eb36-468b-9efe-5d0a1fdaa172: shutdown FollowerState
2019-09-26 15:13:32,674 [Thread-1146] INFO  impl.RoleInfo (RoleInfo.java:shutdownFollowerState(121)) - b3e939fd-eb36-468b-9efe-5d0a1fdaa172: shutdown FollowerState
2019-09-26 15:13:32,674 [Thread-1140] INFO  impl.RoleInfo (RoleInfo.java:shutdownFollowerState(121)) - b3e939fd-eb36-468b-9efe-5d0a1fdaa172: shutdown FollowerState
2019-09-26 15:13:32,674 [Thread-1137] INFO  impl.RaftServerImpl (RaftServerImpl.java:setRole(174)) - b3e939fd-eb36-468b-9efe-5d0a1fdaa172@group-8152E6A19D97: changes role from  FOLLOWER to CANDIDATE at term 0 for changeToCandidate
2019-09-26 15:13:32,674 [Thread-1125] INFO  impl.RoleInfo (RoleInfo.java:shutdownFollowerState(121)) - b3e939fd-eb36-468b-9efe-5d0a1fdaa172: shutdown FollowerState
2019-09-26 15:13:32,673 [Thread-1134] INFO  impl.RoleInfo (RoleInfo.java:shutdownFollowerState(121)) - b3e939fd-eb36-468b-9efe-5d0a1fdaa172: shutdown FollowerState
2019-09-26 15:13:32,673 [Thread-1128] INFO  impl.RoleInfo (RoleInfo.java:shutdownFollowerState(121)) - b3e939fd-eb36-468b-9efe-5d0a1fdaa172: shutdown FollowerState
2019-09-26 15:13:32,673 [Thread-1092] INFO  impl.RaftServerImpl (RaftServerImpl.java:setRole(174)) - b3e939fd-eb36-468b-9efe-5d0a1fdaa172@group-7F4E2958F83B: changes role from  FOLLOWER to CANDIDATE at term 0 for changeToCandidate
2019-09-26 15:13:32,673 [Thread-1104] INFO  impl.RoleInfo (RoleInfo.java:updateAndGet(143)) - b3e939fd-eb36-468b-9efe-5d0a1fdaa172: start LeaderElection
2019-09-26 15:13:32,673 [Thread-1095] INFO  impl.RaftServerImpl (RaftServerImpl.java:setRole(174)) - b3e939fd-eb36-468b-9efe-5d0a1fdaa172@group-A329D7889155: changes role from  FOLLOWER to CANDIDATE at term 0 for changeToCandidate
2019-09-26 15:13:32,673 [Thread-1101] INFO  impl.RaftServerImpl (RaftServerImpl.java:setRole(174)) - b3e939fd-eb36-468b-9efe-5d0a1fdaa172@group-898D87100B2B: changes role from  FOLLOWER to CANDIDATE at term 0 for changeToCandidate
2019-09-26 15:13:32,673 [Thread-1107] INFO  impl.RaftServerImpl (RaftServerImpl.java:setRole(174)) - b3e939fd-eb36-468b-9efe-5d0a1fdaa172@group-CB05FC8C1EB7: changes role from  FOLLOWER to CANDIDATE at term 0 for changeToCandidate
2019-09-26 15:13:32,672 [Thread-1110] INFO  impl.RaftServerImpl (RaftServerImpl.java:setRole(174)) - b3e939fd-eb36-468b-9efe-5d0a1fdaa172@group-368EEDBBC63A: changes role from  FOLLOWER to CANDIDATE at term 0 for changeToCandidate
2019-09-26 15:13:32,672 [Thread-1116] INFO  impl.RoleInfo (RoleInfo.java:updateAndGet(143)) - b3e939fd-eb36-468b-9efe-5d0a1fdaa172: start LeaderElection
2019-09-26 15:13:32,672 [Thread-1119] INFO  impl.RoleInfo (RoleInfo.java:updateAndGet(143)) - b3e939fd-eb36-468b-9efe-5d0a1fdaa172: start LeaderElection
2019-09-26 15:13:32,672 [Thread-1113] INFO  impl.RoleInfo (RoleInfo.java:shutdownFollowerState(121)) - b3e939fd-eb36-468b-9efe-5d0a1fdaa172: shutdown FollowerState
2019-09-26 15:13:32,679 [Thread-1110] INFO  impl.RoleInfo (RoleInfo.java:updateAndGet(143)) - b3e939fd-eb36-468b-9efe-5d0a1fdaa172: start LeaderElection
2019-09-26 15:13:32,679 [Thread-1107] INFO  impl.RoleInfo (RoleInfo.java:updateAndGet(143)) - b3e939fd-eb36-468b-9efe-5d0a1fdaa172: start LeaderElection
2019-09-26 15:13:32,679 [Thread-1101] INFO  impl.RoleInfo (RoleInfo.java:updateAndGet(143)) - b3e939fd-eb36-468b-9efe-5d0a1fdaa172: start LeaderElection
2019-09-26 15:13:32,679 [Thread-1095] INFO  impl.RoleInfo (RoleInfo.java:updateAndGet(143)) - b3e939fd-eb36-468b-9efe-5d0a1fdaa172: start LeaderElection
2019-09-26 15:13:32,676 [Thread-1092] INFO  impl.RoleInfo (RoleInfo.java:updateAndGet(143)) - b3e939fd-eb36-468b-9efe-5d0a1fdaa172: start LeaderElection
2019-09-26 15:13:32,676 [Thread-1128] INFO  impl.RaftServerImpl (RaftServerImpl.java:setRole(174)) - b3e939fd-eb36-468b-9efe-5d0a1fdaa172@group-B8BD40BC5605: changes role from  FOLLOWER to CANDIDATE at term 0 for changeToCandidate
2019-09-26 15:13:32,676 [Thread-1134] INFO  impl.RaftServerImpl (RaftServerImpl.java:setRole(174)) - b3e939fd-eb36-468b-9efe-5d0a1fdaa172@group-C91B064953F8: changes role from  FOLLOWER to CANDIDATE at term 0 for changeToCandidate
2019-09-26 15:13:32,676 [Thread-1125] INFO  impl.RaftServerImpl (RaftServerImpl.java:setRole(174)) - b3e939fd-eb36-468b-9efe-5d0a1fdaa172@group-D829294084A7: changes role from  FOLLOWER to CANDIDATE at term 0 for changeToCandidate
2019-09-26 15:13:32,675 [Thread-1137] INFO  impl.RoleInfo (RoleInfo.java:updateAndGet(143)) - b3e939fd-eb36-468b-9efe-5d0a1fdaa172: start LeaderElection
2019-09-26 15:13:32,681 [Thread-1125] INFO  impl.RoleInfo (RoleInfo.java:updateAndGet(143)) - b3e939fd-eb36-468b-9efe-5d0a1fdaa172: start LeaderElection
2019-09-26 15:13:32,675 [Thread-1140] INFO  impl.RaftServerImpl (RaftServerImpl.java:setRole(174)) - b3e939fd-eb36-468b-9efe-5d0a1fdaa172@group-5D100605878C: changes role from  FOLLOWER to CANDIDATE at term 0 for changeToCandidate
2019-09-26 15:13:32,675 [Thread-1146] INFO  impl.RaftServerImpl (RaftServerImpl.java:setRole(174)) - b3e939fd-eb36-468b-9efe-5d0a1fdaa172@group-EDB6546B42A1: changes role from  FOLLOWER to CANDIDATE at term 0 for changeToCandidate
2019-09-26 15:13:32,675 [Thread-1131] INFO  impl.RaftServerImpl (RaftServerImpl.java:setRole(174)) - b3e939fd-eb36-468b-9efe-5d0a1fdaa172@group-3B7C4B923211: changes role from  FOLLOWER to CANDIDATE at term 0 for changeToCandidate
2019-09-26 15:13:32,675 [Thread-1143] INFO  impl.RoleInfo (RoleInfo.java:updateAndGet(143)) - b3e939fd-eb36-468b-9efe-5d0a1fdaa172: start LeaderElection
2019-09-26 15:13:32,675 [pool-27-thread-1] INFO  server.RaftServerConfigKeys (ConfUtils.java:logGet(43)) - raft.server.snapshot.auto.trigger.enabled = true (custom)
2019-09-26 15:13:32,675 [Thread-1152] INFO  impl.RaftServerImpl (RaftServerImpl.java:setRole(174)) - b3e939fd-eb36-468b-9efe-5d0a1fdaa172@group-8ABA77F86B69: changes role from  FOLLOWER to CANDIDATE at term 0 for changeToCandidate
2019-09-26 15:13:32,682 [pool-27-thread-1] INFO  server.RaftServerConfigKeys (ConfUtils.java:logGet(43)) - raft.server.snapshot.auto.trigger.threshold = 10000 (custom)
2019-09-26 15:13:32,681 [Thread-1131] INFO  impl.RoleInfo (RoleInfo.java:updateAndGet(143)) - b3e939fd-eb36-468b-9efe-5d0a1fdaa172: start LeaderElection
2019-09-26 15:13:32,681 [Thread-1146] INFO  impl.RoleInfo (RoleInfo.java:updateAndGet(143)) - b3e939fd-eb36-468b-9efe-5d0a1fdaa172: start LeaderElection
2019-09-26 15:13:32,681 [Thread-1140] INFO  impl.RoleInfo (RoleInfo.java:updateAndGet(143)) - b3e939fd-eb36-468b-9efe-5d0a1fdaa172: start LeaderElection
2019-09-26 15:13:32,681 [Thread-1134] INFO  impl.RoleInfo (RoleInfo.java:updateAndGet(143)) - b3e939fd-eb36-468b-9efe-5d0a1fdaa172: start LeaderElection
2019-09-26 15:13:32,680 [Thread-1128] INFO  impl.RoleInfo (RoleInfo.java:updateAndGet(143)) - b3e939fd-eb36-468b-9efe-5d0a1fdaa172: start LeaderElection
2019-09-26 15:13:32,679 [Thread-1113] INFO  impl.RaftServerImpl (RaftServerImpl.java:setRole(174)) - b3e939fd-eb36-468b-9efe-5d0a1fdaa172@group-62721CB6E9BE: changes role from  FOLLOWER to CANDIDATE at term 0 for changeToCandidate
2019-09-26 15:13:32,682 [pool-27-thread-1] INFO  server.RaftServerConfigKeys (ConfUtils.java:logGet(43)) - raft.server.snapshot.retention.num.files = 5 (custom)
2019-09-26 15:13:32,682 [Thread-1152] INFO  impl.RoleInfo (RoleInfo.java:updateAndGet(143)) - b3e939fd-eb36-468b-9efe-5d0a1fdaa172: start LeaderElection
2019-09-26 15:13:32,683 [pool-27-thread-1] INFO  server.RaftServerConfigKeys (ConfUtils.java:logGet(43)) - raft.server.retrycache.expirytime = 600000ms (custom)
2019-09-26 15:13:32,683 [Thread-1113] INFO  impl.RoleInfo (RoleInfo.java:updateAndGet(143)) - b3e939fd-eb36-468b-9efe-5d0a1fdaa172: start LeaderElection
2019-09-26 15:13:32,684 [pool-27-thread-1] INFO  impl.RaftServerImpl (RaftServerImpl.java:start(185)) - b3e939fd-eb36-468b-9efe-5d0a1fdaa172@group-5C744E83DB9A: start as a follower, conf=-1: [b3e939fd-eb36-468b-9efe-5d0a1fdaa172:192.168.151.99:45433], old=null
2019-09-26 15:13:32,684 [pool-27-thread-1] INFO  impl.RaftServerImpl (RaftServerImpl.java:setRole(174)) - b3e939fd-eb36-468b-9efe-5d0a1fdaa172@group-5C744E83DB9A: changes role from      null to FOLLOWER at term 0 for startAsFollower
2019-09-26 15:13:32,684 [pool-27-thread-1] INFO  impl.RoleInfo (RoleInfo.java:updateAndGet(143)) - b3e939fd-eb36-468b-9efe-5d0a1fdaa172: start FollowerState
2019-09-26 15:13:32,685 [pool-27-thread-1] INFO  util.JmxRegister (JmxRegister.java:tryRegister(44)) - Successfully registered JMX Bean with object name Ratis:service=RaftServer,group=group-5C744E83DB9A,id=b3e939fd-eb36-468b-9efe-5d0a1fdaa172
2019-09-26 15:13:32,686 [RatisPipelineUtilsThread] INFO  pipeline.PipelineStateManager (PipelineStateManager.java:addPipeline(56)) - Created pipeline Pipeline[ Id: cd43effc-dd38-4e3e-b98d-5c744e83db9a, Nodes: b3e939fd-eb36-468b-9efe-5d0a1fdaa172{ip: 192.168.151.99, host: pr-hdds-1569-g6sp5-2013761785, networkLocation: /default-rack, certSerialId: null}, Type:RATIS, Factor:ONE, State:OPEN]
2019-09-26 15:13:32,686 [b3e939fd-eb36-468b-9efe-5d0a1fdaa172@group-898D87100B2B:LeaderElection182] INFO  impl.LeaderElection (LeaderElection.java:askForVotes(182)) - b3e939fd-eb36-468b-9efe-5d0a1fdaa172@group-898D87100B2B:LeaderElection182: begin an election at term 1 for -1: [b3e939fd-eb36-468b-9efe-5d0a1fdaa172:192.168.151.99:45433], old=null
2019-09-26 15:13:32,686 [b3e939fd-eb36-468b-9efe-5d0a1fdaa172@group-D46EF446A86F:LeaderElection177] INFO  impl.LeaderElection (LeaderElection.java:askForVotes(182)) - b3e939fd-eb36-468b-9efe-5d0a1fdaa172@group-D46EF446A86F:LeaderElection177: begin an election at term 1 for -1: [b3e939fd-eb36-468b-9efe-5d0a1fdaa172:192.168.151.99:45433], old=null
2019-09-26 15:13:32,686 [b3e939fd-eb36-468b-9efe-5d0a1fdaa172@group-9F3011231373:LeaderElection174] INFO  impl.LeaderElection (LeaderElection.java:askForVotes(182)) - b3e939fd-eb36-468b-9efe-5d0a1fdaa172@group-9F3011231373:LeaderElection174: begin an election at term 1 for -1: [b3e939fd-eb36-468b-9efe-5d0a1fdaa172:192.168.151.99:45433], old=null
2019-09-26 15:13:32,686 [b3e939fd-eb36-468b-9efe-5d0a1fdaa172@group-9BC164364327:LeaderElection176] INFO  impl.LeaderElection (LeaderElection.java:askForVotes(182)) - b3e939fd-eb36-468b-9efe-5d0a1fdaa172@group-9BC164364327:LeaderElection176: begin an election at term 1 for -1: [b3e939fd-eb36-468b-9efe-5d0a1fdaa172:192.168.151.99:45433], old=null
2019-09-26 15:13:32,686 [b3e939fd-eb36-468b-9efe-5d0a1fdaa172@group-CB05FC8C1EB7:LeaderElection183] INFO  impl.LeaderElection (LeaderElection.java:askForVotes(182)) - b3e939fd-eb36-468b-9efe-5d0a1fdaa172@group-CB05FC8C1EB7:LeaderElection183: begin an election at term 1 for -1: [b3e939fd-eb36-468b-9efe-5d0a1fdaa172:192.168.151.99:45433], old=null
2019-09-26 15:13:32,686 [b3e939fd-eb36-468b-9efe-5d0a1fdaa172@group-A329D7889155:LeaderElection181] INFO  impl.LeaderElection (LeaderElection.java:askForVotes(182)) - b3e939fd-eb36-468b-9efe-5d0a1fdaa172@group-A329D7889155:LeaderElection181: begin an election at term 1 for -1: [b3e939fd-eb36-468b-9efe-5d0a1fdaa172:192.168.151.99:45433], old=null
2019-09-26 15:13:32,686 [b3e939fd-eb36-468b-9efe-5d0a1fdaa172@group-368EEDBBC63A:LeaderElection184] INFO  impl.LeaderElection (LeaderElection.java:askForVotes(182)) - b3e939fd-eb36-468b-9efe-5d0a1fdaa172@group-368EEDBBC63A:LeaderElection184: begin an election at term 1 for -1: [b3e939fd-eb36-468b-9efe-5d0a1fdaa172:192.168.151.99:45433], old=null
2019-09-26 15:13:32,686 [b3e939fd-eb36-468b-9efe-5d0a1fdaa172@group-CF8139000EF1:LeaderElection175] INFO  impl.LeaderElection (LeaderElection.java:askForVotes(182)) - b3e939fd-eb36-468b-9efe-5d0a1fdaa172@group-CF8139000EF1:LeaderElection175: begin an election at term 1 for -1: [b3e939fd-eb36-468b-9efe-5d0a1fdaa172:192.168.151.99:45433], old=null
2019-09-26 15:13:32,687 [b3e939fd-eb36-468b-9efe-5d0a1fdaa172@group-368EEDBBC63A:LeaderElection184] INFO  impl.RoleInfo (RoleInfo.java:shutdownLeaderElection(134)) - b3e939fd-eb36-468b-9efe-5d0a1fdaa172: shutdown LeaderElection
2019-09-26 15:13:32,687 [b3e939fd-eb36-468b-9efe-5d0a1fdaa172@group-A329D7889155:LeaderElection181] INFO  impl.RoleInfo (RoleInfo.java:shutdownLeaderElection(134)) - b3e939fd-eb36-468b-9efe-5d0a1fdaa172: shutdown LeaderElection
2019-09-26 15:13:32,687 [b3e939fd-eb36-468b-9efe-5d0a1fdaa172@group-CB05FC8C1EB7:LeaderElection183] INFO  impl.RoleInfo (RoleInfo.java:shutdownLeaderElection(134)) - b3e939fd-eb36-468b-9efe-5d0a1fdaa172: shutdown LeaderElection
2019-09-26 15:13:32,687 [b3e939fd-eb36-468b-9efe-5d0a1fdaa172@group-9BC164364327:LeaderElection176] INFO  impl.RoleInfo (RoleInfo.java:shutdownLeaderElection(134)) - b3e939fd-eb36-468b-9efe-5d0a1fdaa172: shutdown LeaderElection
2019-09-26 15:13:32,687 [b3e939fd-eb36-468b-9efe-5d0a1fdaa172@group-9F3011231373:LeaderElection174] INFO  impl.RoleInfo (RoleInfo.java:shutdownLeaderElection(134)) - b3e939fd-eb36-468b-9efe-5d0a1fdaa172: shutdown LeaderElection
2019-09-26 15:13:32,687 [b3e939fd-eb36-468b-9efe-5d0a1fdaa172@group-D46EF446A86F:LeaderElection177] INFO  impl.RoleInfo (RoleInfo.java:shutdownLeaderElection(134)) - b3e939fd-eb36-468b-9efe-5d0a1fdaa172: shutdown LeaderElection
2019-09-26 15:13:32,687 [b3e939fd-eb36-468b-9efe-5d0a1fdaa172@group-5B658C392D0A:LeaderElection173] INFO  impl.LeaderElection (LeaderElection.java:askForVotes(182)) - b3e939fd-eb36-468b-9efe-5d0a1fdaa172@group-5B658C392D0A:LeaderElection173: begin an election at term 1 for -1: [b3e939fd-eb36-468b-9efe-5d0a1fdaa172:192.168.151.99:45433], old=null
2019-09-26 15:13:32,686 [b3e939fd-eb36-468b-9efe-5d0a1fdaa172@group-898D87100B2B:LeaderElection182] INFO  impl.RoleInfo (RoleInfo.java:shutdownLeaderElection(134)) - b3e939fd-eb36-468b-9efe-5d0a1fdaa172: shutdown LeaderElection
2019-09-26 15:13:32,688 [b3e939fd-eb36-468b-9efe-5d0a1fdaa172@group-5B658C392D0A:LeaderElection173] INFO  impl.RoleInfo (RoleInfo.java:shutdownLeaderElection(134)) - b3e939fd-eb36-468b-9efe-5d0a1fdaa172: shutdown LeaderElection
2019-09-26 15:13:32,688 [b3e939fd-eb36-468b-9efe-5d0a1fdaa172@group-D46EF446A86F:LeaderElection177] INFO  impl.RaftServerImpl (RaftServerImpl.java:setRole(174)) - b3e939fd-eb36-468b-9efe-5d0a1fdaa172@group-D46EF446A86F: changes role from CANDIDATE to LEADER at term 1 for changeToLeader
2019-09-26 15:13:32,688 [b3e939fd-eb36-468b-9efe-5d0a1fdaa172@group-9F3011231373:LeaderElection174] INFO  impl.RaftServerImpl (RaftServerImpl.java:setRole(174)) - b3e939fd-eb36-468b-9efe-5d0a1fdaa172@group-9F3011231373: changes role from CANDIDATE to LEADER at term 1 for changeToLeader
2019-09-26 15:13:32,688 [b3e939fd-eb36-468b-9efe-5d0a1fdaa172@group-9BC164364327:LeaderElection176] INFO  impl.RaftServerImpl (RaftServerImpl.java:setRole(174)) - b3e939fd-eb36-468b-9efe-5d0a1fdaa172@group-9BC164364327: changes role from CANDIDATE to LEADER at term 1 for changeToLeader
2019-09-26 15:13:32,688 [b3e939fd-eb36-468b-9efe-5d0a1fdaa172@group-CB05FC8C1EB7:LeaderElection183] INFO  impl.RaftServerImpl (RaftServerImpl.java:setRole(174)) - b3e939fd-eb36-468b-9efe-5d0a1fdaa172@group-CB05FC8C1EB7: changes role from CANDIDATE to LEADER at term 1 for changeToLeader
2019-09-26 15:13:32,687 [b3e939fd-eb36-468b-9efe-5d0a1fdaa172@group-A329D7889155:LeaderElection181] INFO  impl.RaftServerImpl (RaftServerImpl.java:setRole(174)) - b3e939fd-eb36-468b-9efe-5d0a1fdaa172@group-A329D7889155: changes role from CANDIDATE to LEADER at term 1 for changeToLeader
2019-09-26 15:13:32,687 [b3e939fd-eb36-468b-9efe-5d0a1fdaa172@group-368EEDBBC63A:LeaderElection184] INFO  impl.RaftServerImpl (RaftServerImpl.java:setRole(174)) - b3e939fd-eb36-468b-9efe-5d0a1fdaa172@group-368EEDBBC63A: changes role from CANDIDATE to LEADER at term 1 for changeToLeader
2019-09-26 15:13:32,689 [b3e939fd-eb36-468b-9efe-5d0a1fdaa172@group-368EEDBBC63A:LeaderElection184] INFO  impl.RaftServerImpl (ServerState.java:setLeader(253)) - b3e939fd-eb36-468b-9efe-5d0a1fdaa172@group-368EEDBBC63A: change Leader from null to b3e939fd-eb36-468b-9efe-5d0a1fdaa172 at term 1 for becomeLeader, leader elected after 5570ms
2019-09-26 15:13:32,687 [b3e939fd-eb36-468b-9efe-5d0a1fdaa172@group-CF8139000EF1:LeaderElection175] INFO  impl.RoleInfo (RoleInfo.java:shutdownLeaderElection(134)) - b3e939fd-eb36-468b-9efe-5d0a1fdaa172: shutdown LeaderElection
2019-09-26 15:13:32,689 [b3e939fd-eb36-468b-9efe-5d0a1fdaa172@group-368EEDBBC63A:LeaderElection184] INFO  server.RaftServerConfigKeys (ConfUtils.java:logGet(43)) - raft.server.staging.catchup.gap = 1000 (default)
2019-09-26 15:13:32,689 [b3e939fd-eb36-468b-9efe-5d0a1fdaa172@group-A329D7889155:LeaderElection181] INFO  impl.RaftServerImpl (ServerState.java:setLeader(253)) - b3e939fd-eb36-468b-9efe-5d0a1fdaa172@group-A329D7889155: change Leader from null to b3e939fd-eb36-468b-9efe-5d0a1fdaa172 at term 1 for becomeLeader, leader elected after 5697ms
2019-09-26 15:13:32,689 [b3e939fd-eb36-468b-9efe-5d0a1fdaa172@group-CB05FC8C1EB7:LeaderElection183] INFO  impl.RaftServerImpl (ServerState.java:setLeader(253)) - b3e939fd-eb36-468b-9efe-5d0a1fdaa172@group-CB05FC8C1EB7: change Leader from null to b3e939fd-eb36-468b-9efe-5d0a1fdaa172 at term 1 for becomeLeader, leader elected after 5594ms
2019-09-26 15:13:32,688 [b3e939fd-eb36-468b-9efe-5d0a1fdaa172@group-9BC164364327:LeaderElection176] INFO  impl.RaftServerImpl (ServerState.java:setLeader(253)) - b3e939fd-eb36-468b-9efe-5d0a1fdaa172@group-9BC164364327: change Leader from null to b3e939fd-eb36-468b-9efe-5d0a1fdaa172 at term 1 for becomeLeader, leader elected after 5510ms
2019-09-26 15:13:32,688 [b3e939fd-eb36-468b-9efe-5d0a1fdaa172@group-9F3011231373:LeaderElection174] INFO  impl.RaftServerImpl (ServerState.java:setLeader(253)) - b3e939fd-eb36-468b-9efe-5d0a1fdaa172@group-9F3011231373: change Leader from null to b3e939fd-eb36-468b-9efe-5d0a1fdaa172 at term 1 for becomeLeader, leader elected after 5439ms
2019-09-26 15:13:32,688 [b3e939fd-eb36-468b-9efe-5d0a1fdaa172@group-D46EF446A86F:LeaderElection177] INFO  impl.RaftServerImpl (ServerState.java:setLeader(253)) - b3e939fd-eb36-468b-9efe-5d0a1fdaa172@group-D46EF446A86F: change Leader from null to b3e939fd-eb36-468b-9efe-5d0a1fdaa172 at term 1 for becomeLeader, leader elected after 5625ms
2019-09-26 15:13:32,688 [b3e939fd-eb36-468b-9efe-5d0a1fdaa172@group-5B658C392D0A:LeaderElection173] INFO  impl.RaftServerImpl (RaftServerImpl.java:setRole(174)) - b3e939fd-eb36-468b-9efe-5d0a1fdaa172@group-5B658C392D0A: changes role from CANDIDATE to LEADER at term 1 for changeToLeader
2019-09-26 15:13:32,688 [b3e939fd-eb36-468b-9efe-5d0a1fdaa172@group-898D87100B2B:LeaderElection182] INFO  impl.RaftServerImpl (RaftServerImpl.java:setRole(174)) - b3e939fd-eb36-468b-9efe-5d0a1fdaa172@group-898D87100B2B: changes role from CANDIDATE to LEADER at term 1 for changeToLeader
2019-09-26 15:13:32,690 [b3e939fd-eb36-468b-9efe-5d0a1fdaa172@group-5B658C392D0A:LeaderElection173] INFO  impl.RaftServerImpl (ServerState.java:setLeader(253)) - b3e939fd-eb36-468b-9efe-5d0a1fdaa172@group-5B658C392D0A: change Leader from null to b3e939fd-eb36-468b-9efe-5d0a1fdaa172 at term 1 for becomeLeader, leader elected after 5770ms
2019-09-26 15:13:32,690 [b3e939fd-eb36-468b-9efe-5d0a1fdaa172@group-D46EF446A86F:LeaderElection177] INFO  server.RaftServerConfigKeys (ConfUtils.java:logGet(43)) - raft.server.staging.catchup.gap = 1000 (default)
2019-09-26 15:13:32,690 [b3e939fd-eb36-468b-9efe-5d0a1fdaa172@group-9F3011231373:LeaderElection174] INFO  server.RaftServerConfigKeys (ConfUtils.java:logGet(43)) - raft.server.staging.catchup.gap = 1000 (default)
2019-09-26 15:13:32,689 [b3e939fd-eb36-468b-9efe-5d0a1fdaa172@group-9BC164364327:LeaderElection176] INFO  server.RaftServerConfigKeys (ConfUtils.java:logGet(43)) - raft.server.staging.catchup.gap = 1000 (default)
2019-09-26 15:13:32,689 [b3e939fd-eb36-468b-9efe-5d0a1fdaa172@group-CB05FC8C1EB7:LeaderElection183] INFO  server.RaftServerConfigKeys (ConfUtils.java:logGet(43)) - raft.server.staging.catchup.gap = 1000 (default)
2019-09-26 15:13:32,690 [pool-27-thread-1] INFO  impl.RaftServerImpl (RaftServerImpl.java:<init>(95)) - b3e939fd-eb36-468b-9efe-5d0a1fdaa172: new RaftServerImpl for group-5A4780976490:[b3e939fd-eb36-468b-9efe-5d0a1fdaa172:192.168.151.99:45433] with ContainerStateMachine:uninitialized
2019-09-26 15:13:32,689 [b3e939fd-eb36-468b-9efe-5d0a1fdaa172@group-A329D7889155:LeaderElection181] INFO  server.RaftServerConfigKeys (ConfUtils.java:logGet(43)) - raft.server.staging.catchup.gap = 1000 (default)
2019-09-26 15:13:32,690 [b3e939fd-eb36-468b-9efe-5d0a1fdaa172@group-A329D7889155:LeaderElection181] INFO  server.RaftServerConfigKeys (ConfUtils.java:logGet(43)) - raft.server.rpc.sleep.time = 25ms (default)
2019-09-26 15:13:32,689 [b3e939fd-eb36-468b-9efe-5d0a1fdaa172@group-368EEDBBC63A:LeaderElection184] INFO  server.RaftServerConfigKeys (ConfUtils.java:logGet(43)) - raft.server.rpc.sleep.time = 25ms (default)
2019-09-26 15:13:32,689 [b3e939fd-eb36-468b-9efe-5d0a1fdaa172@group-CF8139000EF1:LeaderElection175] INFO  impl.RaftServerImpl (RaftServerImpl.java:setRole(174)) - b3e939fd-eb36-468b-9efe-5d0a1fdaa172@group-CF8139000EF1: changes role from CANDIDATE to LEADER at term 1 for changeToLeader
2019-09-26 15:13:32,691 [b3e939fd-eb36-468b-9efe-5d0a1fdaa172@group-368EEDBBC63A:LeaderElection184] INFO  server.RaftServerConfigKeys (ConfUtils.java:logGet(43)) - raft.server.write.element-limit = 4096 (default)
2019-09-26 15:13:32,691 [b3e939fd-eb36-468b-9efe-5d0a1fdaa172@group-A329D7889155:LeaderElection181] INFO  server.RaftServerConfigKeys (ConfUtils.java:logGet(43)) - raft.server.write.element-limit = 4096 (default)
2019-09-26 15:13:32,690 [pool-27-thread-1] INFO  server.RaftServerConfigKeys (ConfUtils.java:logGet(43)) - raft.server.rpc.timeout.min = 5s (custom)
2019-09-26 15:13:32,691 [pool-27-thread-1] INFO  server.RaftServerConfigKeys (ConfUtils.java:logGet(43)) - raft.server.rpc.timeout.max = 5200ms (custom)
2019-09-26 15:13:32,690 [b3e939fd-eb36-468b-9efe-5d0a1fdaa172@group-CB05FC8C1EB7:LeaderElection183] INFO  server.RaftServerConfigKeys (ConfUtils.java:logGet(43)) - raft.server.rpc.sleep.time = 25ms (default)
2019-09-26 15:13:32,690 [b3e939fd-eb36-468b-9efe-5d0a1fdaa172@group-9BC164364327:LeaderElection176] INFO  server.RaftServerConfigKeys (ConfUtils.java:logGet(43)) - raft.server.rpc.sleep.time = 25ms (default)
2019-09-26 15:13:32,690 [b3e939fd-eb36-468b-9efe-5d0a1fdaa172@group-9F3011231373:LeaderElection174] INFO  server.RaftServerConfigKeys (ConfUtils.java:logGet(43)) - raft.server.rpc.sleep.time = 25ms (default)
2019-09-26 15:13:32,690 [b3e939fd-eb36-468b-9efe-5d0a1fdaa172@group-D46EF446A86F:LeaderElection177] INFO  server.RaftServerConfigKeys (ConfUtils.java:logGet(43)) - raft.server.rpc.sleep.time = 25ms (default)
2019-09-26 15:13:32,690 [b3e939fd-eb36-468b-9efe-5d0a1fdaa172@group-5B658C392D0A:LeaderElection173] INFO  server.RaftServerConfigKeys (ConfUtils.java:logGet(43)) - raft.server.staging.catchup.gap = 1000 (default)
2019-09-26 15:13:32,690 [grpc-default-executor-0] INFO  impl.RaftServerProxy (RaftServerProxy.java:addNew(89)) - b3e939fd-eb36-468b-9efe-5d0a1fdaa172: addNew group-5A4780976490:[b3e939fd-eb36-468b-9efe-5d0a1fdaa172:192.168.151.99:45433] returns group-5A4780976490:java.util.concurrent.CompletableFuture@6bb21da3[Not completed]
2019-09-26 15:13:32,690 [b3e939fd-eb36-468b-9efe-5d0a1fdaa172@group-898D87100B2B:LeaderElection182] INFO  impl.RaftServerImpl (ServerState.java:setLeader(253)) - b3e939fd-eb36-468b-9efe-5d0a1fdaa172@group-898D87100B2B: change Leader from null to b3e939fd-eb36-468b-9efe-5d0a1fdaa172 at term 1 for becomeLeader, leader elected after 5659ms
2019-09-26 15:13:32,692 [b3e939fd-eb36-468b-9efe-5d0a1fdaa172@group-5B658C392D0A:LeaderElection173] INFO  server.RaftServerConfigKeys (ConfUtils.java:logGet(43)) - raft.server.rpc.sleep.time = 25ms (default)
2019-09-26 15:13:32,692 [b3e939fd-eb36-468b-9efe-5d0a1fdaa172@group-D46EF446A86F:LeaderElection177] INFO  server.RaftServerConfigKeys (ConfUtils.java:logGet(43)) - raft.server.write.element-limit = 4096 (default)
2019-09-26 15:13:32,691 [b3e939fd-eb36-468b-9efe-5d0a1fdaa172@group-9F3011231373:LeaderElection174] INFO  server.RaftServerConfigKeys (ConfUtils.java:logGet(43)) - raft.server.write.element-limit = 4096 (default)
2019-09-26 15:13:32,691 [b3e939fd-eb36-468b-9efe-5d0a1fdaa172@group-9BC164364327:LeaderElection176] INFO  server.RaftServerConfigKeys (ConfUtils.java:logGet(43)) - raft.server.write.element-limit = 4096 (default)
2019-09-26 15:13:32,691 [b3e939fd-eb36-468b-9efe-5d0a1fdaa172@group-CB05FC8C1EB7:LeaderElection183] INFO  server.RaftServerConfigKeys (ConfUtils.java:logGet(43)) - raft.server.write.element-limit = 4096 (default)
2019-09-26 15:13:32,691 [pool-27-thread-1] INFO  server.RaftServerConfigKeys (ConfUtils.java:logGet(43)) - raft.server.rpcslowness.timeout = 120s (custom)
2019-09-26 15:13:32,691 [b3e939fd-eb36-468b-9efe-5d0a1fdaa172@group-A329D7889155:LeaderElection181] INFO  server.RaftServerConfigKeys (ConfUtils.java:logGet(43)) - raft.server.watch.timeout = 10s (default)
2019-09-26 15:13:32,693 [b3e939fd-eb36-468b-9efe-5d0a1fdaa172@group-A329D7889155:LeaderElection181] INFO  server.RaftServerConfigKeys (ConfUtils.java:logGet(43)) - raft.server.watch.timeout.denomination = 1s (default)
2019-09-26 15:13:32,691 [b3e939fd-eb36-468b-9efe-5d0a1fdaa172@group-368EEDBBC63A:LeaderElection184] INFO  server.RaftServerConfigKeys (ConfUtils.java:logGet(43)) - raft.server.watch.timeout = 10s (default)
2019-09-26 15:13:32,691 [b3e939fd-eb36-468b-9efe-5d0a1fdaa172@group-CF8139000EF1:LeaderElection175] INFO  impl.RaftServerImpl (ServerState.java:setLeader(253)) - b3e939fd-eb36-468b-9efe-5d0a1fdaa172@group-CF8139000EF1: change Leader from null to b3e939fd-eb36-468b-9efe-5d0a1fdaa172 at term 1 for becomeLeader, leader elected after 5477ms
2019-09-26 15:13:32,693 [b3e939fd-eb36-468b-9efe-5d0a1fdaa172@group-368EEDBBC63A:LeaderElection184] INFO  server.RaftServerConfigKeys (ConfUtils.java:logGet(43)) - raft.server.watch.timeout.denomination = 1s (default)
2019-09-26 15:13:32,693 [b3e939fd-eb36-468b-9efe-5d0a1fdaa172@group-A329D7889155:LeaderElection181] INFO  server.RaftServerConfigKeys (ConfUtils.java:logGet(43)) - raft.server.watch.element-limit = 65536 (default)
2019-09-26 15:13:32,693 [pool-27-thread-1] INFO  server.RaftServerConfigKeys (ConfUtils.java:logGet(43)) - raft.server.sleep.deviation.threshold = 300 (default)
2019-09-26 15:13:32,692 [b3e939fd-eb36-468b-9efe-5d0a1fdaa172@group-CB05FC8C1EB7:LeaderElection183] INFO  server.RaftServerConfigKeys (ConfUtils.java:logGet(43)) - raft.server.watch.timeout = 10s (default)
2019-09-26 15:13:32,692 [b3e939fd-eb36-468b-9efe-5d0a1fdaa172@group-9BC164364327:LeaderElection176] INFO  server.RaftServerConfigKeys (ConfUtils.java:logGet(43)) - raft.server.watch.timeout = 10s (default)
2019-09-26 15:13:32,692 [b3e939fd-eb36-468b-9efe-5d0a1fdaa172@group-9F3011231373:LeaderElection174] INFO  server.RaftServerConfigKeys (ConfUtils.java:logGet(43)) - raft.server.watch.timeout = 10s (default)
2019-09-26 15:13:32,692 [b3e939fd-eb36-468b-9efe-5d0a1fdaa172@group-D46EF446A86F:LeaderElection177] INFO  server.RaftServerConfigKeys (ConfUtils.java:logGet(43)) - raft.server.watch.timeout = 10s (default)
2019-09-26 15:13:32,692 [b3e939fd-eb36-468b-9efe-5d0a1fdaa172@group-5B658C392D0A:LeaderElection173] INFO  server.RaftServerConfigKeys (ConfUtils.java:logGet(43)) - raft.server.write.element-limit = 4096 (default)
2019-09-26 15:13:32,692 [b3e939fd-eb36-468b-9efe-5d0a1fdaa172@group-898D87100B2B:LeaderElection182] INFO  server.RaftServerConfigKeys (ConfUtils.java:logGet(43)) - raft.server.staging.catchup.gap = 1000 (default)
2019-09-26 15:13:32,694 [b3e939fd-eb36-468b-9efe-5d0a1fdaa172@group-5B658C392D0A:LeaderElection173] INFO  server.RaftServerConfigKeys (ConfUtils.java:logGet(43)) - raft.server.watch.timeout = 10s (default)
2019-09-26 15:13:32,694 [b3e939fd-eb36-468b-9efe-5d0a1fdaa172@group-D46EF446A86F:LeaderElection177] INFO  server.RaftServerConfigKeys (ConfUtils.java:logGet(43)) - raft.server.watch.timeout.denomination = 1s (default)
2019-09-26 15:13:32,694 [b3e939fd-eb36-468b-9efe-5d0a1fdaa172@group-9F3011231373:LeaderElection174] INFO  server.RaftServerConfigKeys (ConfUtils.java:logGet(43)) - raft.server.watch.timeout.denomination = 1s (default)
2019-09-26 15:13:32,693 [b3e939fd-eb36-468b-9efe-5d0a1fdaa172@group-9BC164364327:LeaderElection176] INFO  server.RaftServerConfigKeys (ConfUtils.java:logGet(43)) - raft.server.watch.timeout.denomination = 1s (default)
2019-09-26 15:13:32,693 [b3e939fd-eb36-468b-9efe-5d0a1fdaa172@group-CB05FC8C1EB7:LeaderElection183] INFO  server.RaftServerConfigKeys (ConfUtils.java:logGet(43)) - raft.server.watch.timeout.denomination = 1s (default)
2019-09-26 15:13:32,693 [pool-27-thread-1] INFO  server.RaftServerConfigKeys (ConfUtils.java:logGet(43)) - raft.server.log.appender.install.snapshot.enabled = false (custom)
2019-09-26 15:13:32,693 [b3e939fd-eb36-468b-9efe-5d0a1fdaa172@group-368EEDBBC63A:LeaderElection184] INFO  server.RaftServerConfigKeys (ConfUtils.java:logGet(43)) - raft.server.watch.element-limit = 65536 (default)
2019-09-26 15:13:32,693 [b3e939fd-eb36-468b-9efe-5d0a1fdaa172@group-CF8139000EF1:LeaderElection175] INFO  server.RaftServerConfigKeys (ConfUtils.java:logGet(43)) - raft.server.staging.catchup.gap = 1000 (default)
2019-09-26 15:13:32,694 [pool-27-thread-1] INFO  impl.RaftServerImpl (ServerState.java:<init>(103)) - b3e939fd-eb36-468b-9efe-5d0a1fdaa172@group-5A4780976490: ConfigurationManager, init=-1: [b3e939fd-eb36-468b-9efe-5d0a1fdaa172:192.168.151.99:45433], old=null, confs=<EMPTY_MAP>
2019-09-26 15:13:32,694 [b3e939fd-eb36-468b-9efe-5d0a1fdaa172@group-CB05FC8C1EB7:LeaderElection183] INFO  server.RaftServerConfigKeys (ConfUtils.java:logGet(43)) - raft.server.watch.element-limit = 65536 (default)
2019-09-26 15:13:32,694 [b3e939fd-eb36-468b-9efe-5d0a1fdaa172@group-9BC164364327:LeaderElection176] INFO  server.RaftServerConfigKeys (ConfUtils.java:logGet(43)) - raft.server.watch.element-limit = 65536 (default)
2019-09-26 15:13:32,694 [b3e939fd-eb36-468b-9efe-5d0a1fdaa172@group-9F3011231373:LeaderElection174] INFO  server.RaftServerConfigKeys (ConfUtils.java:logGet(43)) - raft.server.watch.element-limit = 65536 (default)
2019-09-26 15:13:32,694 [b3e939fd-eb36-468b-9efe-5d0a1fdaa172@group-A329D7889155:LeaderElection181] INFO  impl.RoleInfo (RoleInfo.java:updateAndGet(143)) - b3e939fd-eb36-468b-9efe-5d0a1fdaa172: start LeaderState
2019-09-26 15:13:32,694 [b3e939fd-eb36-468b-9efe-5d0a1fdaa172@group-D46EF446A86F:LeaderElection177] INFO  server.RaftServerConfigKeys (ConfUtils.java:logGet(43)) - raft.server.watch.element-limit = 65536 (default)
2019-09-26 15:13:32,694 [b3e939fd-eb36-468b-9efe-5d0a1fdaa172@group-5B658C392D0A:LeaderElection173] INFO  server.RaftServerConfigKeys (ConfUtils.java:logGet(43)) - raft.server.watch.timeout.denomination = 1s (default)
2019-09-26 15:13:32,694 [b3e939fd-eb36-468b-9efe-5d0a1fdaa172@group-898D87100B2B:LeaderElection182] INFO  server.RaftServerConfigKeys (ConfUtils.java:logGet(43)) - raft.server.rpc.sleep.time = 25ms (default)
2019-09-26 15:13:32,696 [b3e939fd-eb36-468b-9efe-5d0a1fdaa172@group-5B658C392D0A:LeaderElection173] INFO  server.RaftServerConfigKeys (ConfUtils.java:logGet(43)) - raft.server.watch.element-limit = 65536 (default)
2019-09-26 15:13:32,695 [b3e939fd-eb36-468b-9efe-5d0a1fdaa172@group-A329D7889155:LeaderElection181] INFO  segmented.SegmentedRaftLogWorker (SegmentedRaftLogWorker.java:startLogSegment(380)) - b3e939fd-eb36-468b-9efe-5d0a1fdaa172@group-A329D7889155-SegmentedRaftLogWorker: Starting segment from index:0
2019-09-26 15:13:32,695 [pool-27-thread-1] INFO  server.RaftServerConfigKeys (ConfUtils.java:logGet(43)) - raft.server.storage.dir = [/workdir/hadoop-ozone/integration-test/target/test-dir/MiniOzoneClusterImpl-7e2f4b2f-6763-4a45-9ec4-264c2cef7c61/datanode-0/data/ratis] (custom)
2019-09-26 15:13:32,695 [b3e939fd-eb36-468b-9efe-5d0a1fdaa172@group-CF8139000EF1:LeaderElection175] INFO  server.RaftServerConfigKeys (ConfUtils.java:logGet(43)) - raft.server.rpc.sleep.time = 25ms (default)
2019-09-26 15:13:32,696 [b3e939fd-eb36-468b-9efe-5d0a1fdaa172@group-898D87100B2B:LeaderElection182] INFO  server.RaftServerConfigKeys (ConfUtils.java:logGet(43)) - raft.server.write.element-limit = 4096 (default)
2019-09-26 15:13:32,982 [b3e939fd-eb36-468b-9efe-5d0a1fdaa172@group-7F4E2958F83B:LeaderElection180] INFO  impl.LeaderElection (LeaderElection.java:askForVotes(182)) - b3e939fd-eb36-468b-9efe-5d0a1fdaa172@group-7F4E2958F83B:LeaderElection180: begin an election at term 1 for -1: [b3e939fd-eb36-468b-9efe-5d0a1fdaa172:192.168.151.99:45433], old=null
2019-09-26 15:13:32,982 [b3e939fd-eb36-468b-9efe-5d0a1fdaa172@group-8152E6A19D97:LeaderElection179] INFO  impl.LeaderElection (LeaderElection.java:askForVotes(182)) - b3e939fd-eb36-468b-9efe-5d0a1fdaa172@group-8152E6A19D97:LeaderElection179: begin an election at term 1 for -1: [b3e939fd-eb36-468b-9efe-5d0a1fdaa172:192.168.151.99:45433], old=null
2019-09-26 15:13:32,982 [b3e939fd-eb36-468b-9efe-5d0a1fdaa172@group-D829294084A7:LeaderElection187] INFO  impl.LeaderElection (LeaderElection.java:askForVotes(182)) - b3e939fd-eb36-468b-9efe-5d0a1fdaa172@group-D829294084A7:LeaderElection187: begin an election at term 1 for -1: [b3e939fd-eb36-468b-9efe-5d0a1fdaa172:192.168.151.99:45433], old=null
2019-09-26 15:13:32,982 [b3e939fd-eb36-468b-9efe-5d0a1fdaa172@group-A329D7889155:LeaderElection181] INFO  impl.RaftServerImpl (ServerState.java:setRaftConf(354)) - b3e939fd-eb36-468b-9efe-5d0a1fdaa172@group-A329D7889155: set configuration 0: [b3e939fd-eb36-468b-9efe-5d0a1fdaa172:192.168.151.99:45433], old=null at 0
2019-09-26 15:13:32,982 [b3e939fd-eb36-468b-9efe-5d0a1fdaa172@group-EDB6546B42A1:LeaderElection189] INFO  impl.LeaderElection (LeaderElection.java:askForVotes(182)) - b3e939fd-eb36-468b-9efe-5d0a1fdaa172@group-EDB6546B42A1:LeaderElection189: begin an election at term 1 for -1: [b3e939fd-eb36-468b-9efe-5d0a1fdaa172:192.168.151.99:45433], old=null
2019-09-26 15:13:32,982 [b3e939fd-eb36-468b-9efe-5d0a1fdaa172@group-8ABA77F86B69:LeaderElection191] INFO  impl.LeaderElection (LeaderElection.java:askForVotes(182)) - b3e939fd-eb36-468b-9efe-5d0a1fdaa172@group-8ABA77F86B69:LeaderElection191: begin an election at term 1 for -1: [b3e939fd-eb36-468b-9efe-5d0a1fdaa172:192.168.151.99:45433], old=null
2019-09-26 15:13:32,982 [b3e939fd-eb36-468b-9efe-5d0a1fdaa172@group-B8BD40BC5605:LeaderElection185] INFO  impl.LeaderElection (LeaderElection.java:askForVotes(182)) - b3e939fd-eb36-468b-9efe-5d0a1fdaa172@group-B8BD40BC5605:LeaderElection185: begin an election at term 1 for -1: [b3e939fd-eb36-468b-9efe-5d0a1fdaa172:192.168.151.99:45433], old=null
2019-09-26 15:13:32,983 [b3e939fd-eb36-468b-9efe-5d0a1fdaa172@group-B8BD40BC5605:LeaderElection185] INFO  impl.RoleInfo (RoleInfo.java:shutdownLeaderElection(134)) - b3e939fd-eb36-468b-9efe-5d0a1fdaa172: shutdown LeaderElection
2019-09-26 15:13:32,982 [Thread-1158] INFO  impl.FollowerState (FollowerState.java:run(106)) - b3e939fd-eb36-468b-9efe-5d0a1fdaa172:group-D8D26DDCCD10 changes to CANDIDATE, lastRpcTime:5349, electionTimeout:5066ms
2019-09-26 15:13:32,982 [b3e939fd-eb36-468b-9efe-5d0a1fdaa172@group-C91B064953F8:LeaderElection186] INFO  impl.LeaderElection (LeaderElection.java:askForVotes(182)) - b3e939fd-eb36-468b-9efe-5d0a1fdaa172@group-C91B064953F8:LeaderElection186: begin an election at term 1 for -1: [b3e939fd-eb36-468b-9efe-5d0a1fdaa172:192.168.151.99:45433], old=null
2019-09-26 15:13:32,982 [b3e939fd-eb36-468b-9efe-5d0a1fdaa172@group-62721CB6E9BE:LeaderElection192] INFO  impl.LeaderElection (LeaderElection.java:askForVotes(182)) - b3e939fd-eb36-468b-9efe-5d0a1fdaa172@group-62721CB6E9BE:LeaderElection192: begin an election at term 1 for -1: [b3e939fd-eb36-468b-9efe-5d0a1fdaa172:192.168.151.99:45433], old=null
2019-09-26 15:13:32,982 [b3e939fd-eb36-468b-9efe-5d0a1fdaa172@group-5D100605878C:LeaderElection188] INFO  impl.LeaderElection (LeaderElection.java:askForVotes(182)) - b3e939fd-eb36-468b-9efe-5d0a1fdaa172@group-5D100605878C:LeaderElection188: begin an election at term 1 for -1: [b3e939fd-eb36-468b-9efe-5d0a1fdaa172:192.168.151.99:45433], old=null
2019-09-26 15:13:32,982 [b3e939fd-eb36-468b-9efe-5d0a1fdaa172@group-0D1607784BB5:LeaderElection178] INFO  impl.LeaderElection (LeaderElection.java:askForVotes(182)) - b3e939fd-eb36-468b-9efe-5d0a1fdaa172@group-0D1607784BB5:LeaderElection178: begin an election at term 1 for -1: [b3e939fd-eb36-468b-9efe-5d0a1fdaa172:192.168.151.99:45433], old=null
2019-09-26 15:13:32,982 [b3e939fd-eb36-468b-9efe-5d0a1fdaa172@group-3B7C4B923211:LeaderElection190] INFO  impl.LeaderElection (LeaderElection.java:askForVotes(182)) - b3e939fd-eb36-468b-9efe-5d0a1fdaa172@group-3B7C4B923211:LeaderElection190: begin an election at term 1 for -1: [b3e939fd-eb36-468b-9efe-5d0a1fdaa172:192.168.151.99:45433], old=null
2019-09-26 15:13:32,981 [Thread-1155] INFO  impl.FollowerState (FollowerState.java:run(106)) - b3e939fd-eb36-468b-9efe-5d0a1fdaa172:group-28CF379EBB19 changes to CANDIDATE, lastRpcTime:5384, electionTimeout:5116ms
2019-09-26 15:13:32,981 [Thread-1149] INFO  impl.FollowerState (FollowerState.java:run(106)) - b3e939fd-eb36-468b-9efe-5d0a1fdaa172:group-8B05B049A6AC changes to CANDIDATE, lastRpcTime:5443, electionTimeout:5192ms
2019-09-26 15:13:32,981 [Thread-1164] INFO  impl.FollowerState (FollowerState.java:run(106)) - b3e939fd-eb36-468b-9efe-5d0a1fdaa172:group-17591B66EB53 changes to CANDIDATE, lastRpcTime:5289, electionTimeout:5040ms
2019-09-26 15:13:32,980 [Thread-1161] INFO  impl.FollowerState (FollowerState.java:run(106)) - b3e939fd-eb36-468b-9efe-5d0a1fdaa172:group-4282880CA77F changes to CANDIDATE, lastRpcTime:5312, electionTimeout:5162ms
2019-09-26 15:13:32,980 [Thread-1173] INFO  impl.FollowerState (FollowerState.java:run(106)) - b3e939fd-eb36-468b-9efe-5d0a1fdaa172:group-726852ADE118 changes to CANDIDATE, lastRpcTime:5204, electionTimeout:5060ms
2019-09-26 15:13:32,980 [Thread-1170] INFO  impl.FollowerState (FollowerState.java:run(106)) - b3e939fd-eb36-468b-9efe-5d0a1fdaa172:group-270C29ADC77F changes to CANDIDATE, lastRpcTime:5229, electionTimeout:5089ms
2019-09-26 15:13:32,979 [Thread-1167] INFO  impl.FollowerState (FollowerState.java:run(106)) - b3e939fd-eb36-468b-9efe-5d0a1fdaa172:group-F26566D6F0FB changes to CANDIDATE, lastRpcTime:5263, electionTimeout:5147ms
2019-09-26 15:13:32,979 [Thread-1179] INFO  impl.FollowerState (FollowerState.java:run(106)) - b3e939fd-eb36-468b-9efe-5d0a1fdaa172:group-AFE7DB0113F1 changes to CANDIDATE, lastRpcTime:5155, electionTimeout:5053ms
2019-09-26 15:13:32,978 [Thread-1176] INFO  impl.FollowerState (FollowerState.java:run(106)) - b3e939fd-eb36-468b-9efe-5d0a1fdaa172:group-36CD4F2BB7F5 changes to CANDIDATE, lastRpcTime:5189, electionTimeout:5125ms
2019-09-26 15:13:32,984 [Thread-1173] INFO  impl.RoleInfo (RoleInfo.java:shutdownFollowerState(121)) - b3e939fd-eb36-468b-9efe-5d0a1fdaa172: shutdown FollowerState
2019-09-26 15:13:32,984 [Thread-1161] INFO  impl.RoleInfo (RoleInfo.java:shutdownFollowerState(121)) - b3e939fd-eb36-468b-9efe-5d0a1fdaa172: shutdown FollowerState
2019-09-26 15:13:32,984 [Thread-1164] INFO  impl.RoleInfo (RoleInfo.java:shutdownFollowerState(121)) - b3e939fd-eb36-468b-9efe-5d0a1fdaa172: shutdown FollowerState
2019-09-26 15:13:32,984 [Thread-1149] INFO  impl.RoleInfo (RoleInfo.java:shutdownFollowerState(121)) - b3e939fd-eb36-468b-9efe-5d0a1fdaa172: shutdown FollowerState
2019-09-26 15:13:32,984 [Thread-1155] INFO  impl.RoleInfo (RoleInfo.java:shutdownFollowerState(121)) - b3e939fd-eb36-468b-9efe-5d0a1fdaa172: shutdown FollowerState
2019-09-26 15:13:32,984 [b3e939fd-eb36-468b-9efe-5d0a1fdaa172@group-3B7C4B923211:LeaderElection190] INFO  impl.RoleInfo (RoleInfo.java:shutdownLeaderElection(134)) - b3e939fd-eb36-468b-9efe-5d0a1fdaa172: shutdown LeaderElection
2019-09-26 15:13:32,984 [b3e939fd-eb36-468b-9efe-5d0a1fdaa172@group-0D1607784BB5:LeaderElection178] INFO  impl.RoleInfo (RoleInfo.java:shutdownLeaderElection(134)) - b3e939fd-eb36-468b-9efe-5d0a1fdaa172: shutdown LeaderElection
2019-09-26 15:13:32,984 [b3e939fd-eb36-468b-9efe-5d0a1fdaa172@group-5D100605878C:LeaderElection188] INFO  impl.RoleInfo (RoleInfo.java:shutdownLeaderElection(134)) - b3e939fd-eb36-468b-9efe-5d0a1fdaa172: shutdown LeaderElection
2019-09-26 15:13:32,984 [Thread-1158] INFO  impl.RoleInfo (RoleInfo.java:shutdownFollowerState(121)) - b3e939fd-eb36-468b-9efe-5d0a1fdaa172: shutdown FollowerState
2019-09-26 15:13:32,985 [Thread-1158] INFO  impl.RaftServerImpl (RaftServerImpl.java:setRole(174)) - b3e939fd-eb36-468b-9efe-5d0a1fdaa172@group-D8D26DDCCD10: changes role from  FOLLOWER to CANDIDATE at term 0 for changeToCandidate
2019-09-26 15:13:32,985 [Thread-1158] INFO  impl.RoleInfo (RoleInfo.java:updateAndGet(143)) - b3e939fd-eb36-468b-9efe-5d0a1fdaa172: start LeaderElection
2019-09-26 15:13:32,986 [b3e939fd-eb36-468b-9efe-5d0a1fdaa172@group-368EEDBBC63A:LeaderElection184] INFO  impl.RoleInfo (RoleInfo.java:updateAndGet(143)) - b3e939fd-eb36-468b-9efe-5d0a1fdaa172: start LeaderState
2019-09-26 15:13:32,986 [b3e939fd-eb36-468b-9efe-5d0a1fdaa172@group-368EEDBBC63A:LeaderElection184] INFO  segmented.SegmentedRaftLogWorker (SegmentedRaftLogWorker.java:startLogSegment(380)) - b3e939fd-eb36-468b-9efe-5d0a1fdaa172@group-368EEDBBC63A-SegmentedRaftLogWorker: Starting segment from index:0
2019-09-26 15:13:32,987 [b3e939fd-eb36-468b-9efe-5d0a1fdaa172@group-368EEDBBC63A:LeaderElection184] INFO  impl.RaftServerImpl (ServerState.java:setRaftConf(354)) - b3e939fd-eb36-468b-9efe-5d0a1fdaa172@group-368EEDBBC63A: set configuration 0: [b3e939fd-eb36-468b-9efe-5d0a1fdaa172:192.168.151.99:45433], old=null at 0
2019-09-26 15:13:32,984 [b3e939fd-eb36-468b-9efe-5d0a1fdaa172@group-62721CB6E9BE:LeaderElection192] INFO  impl.RoleInfo (RoleInfo.java:shutdownLeaderElection(134)) - b3e939fd-eb36-468b-9efe-5d0a1fdaa172: shutdown LeaderElection
2019-09-26 15:13:32,983 [b3e939fd-eb36-468b-9efe-5d0a1fdaa172@group-C91B064953F8:LeaderElection186] INFO  impl.RoleInfo (RoleInfo.java:shutdownLeaderElection(134)) - b3e939fd-eb36-468b-9efe-5d0a1fdaa172: shutdown LeaderElection
2019-09-26 15:13:32,983 [b3e939fd-eb36-468b-9efe-5d0a1fdaa172@group-B8BD40BC5605:LeaderElection185] INFO  impl.RaftServerImpl (RaftServerImpl.java:setRole(174)) - b3e939fd-eb36-468b-9efe-5d0a1fdaa172@group-B8BD40BC5605: changes role from CANDIDATE to LEADER at term 1 for changeToLeader
2019-09-26 15:13:32,983 [b3e939fd-eb36-468b-9efe-5d0a1fdaa172@group-8ABA77F86B69:LeaderElection191] INFO  impl.RoleInfo (RoleInfo.java:shutdownLeaderElection(134)) - b3e939fd-eb36-468b-9efe-5d0a1fdaa172: shutdown LeaderElection
2019-09-26 15:13:32,983 [b3e939fd-eb36-468b-9efe-5d0a1fdaa172@group-EDB6546B42A1:LeaderElection189] INFO  impl.RoleInfo (RoleInfo.java:shutdownLeaderElection(134)) - b3e939fd-eb36-468b-9efe-5d0a1fdaa172: shutdown LeaderElection
2019-09-26 15:13:32,983 [pool-27-thread-1] INFO  storage.RaftStorageDirectory (RaftStorageDirectory.java:analyzeStorage(246)) - The storage directory /workdir/hadoop-ozone/integration-test/target/test-dir/MiniOzoneClusterImpl-7e2f4b2f-6763-4a45-9ec4-264c2cef7c61/datanode-0/data/ratis/ab31211f-6379-4bb2-ab20-5a4780976490 does not exist. Creating ...
2019-09-26 15:13:32,983 [b3e939fd-eb36-468b-9efe-5d0a1fdaa172@group-D829294084A7:LeaderElection187] INFO  impl.RoleInfo (RoleInfo.java:shutdownLeaderElection(134)) - b3e939fd-eb36-468b-9efe-5d0a1fdaa172: shutdown LeaderElection
2019-09-26 15:13:32,983 [b3e939fd-eb36-468b-9efe-5d0a1fdaa172@group-7F4E2958F83B:LeaderElection180] INFO  impl.RoleInfo (RoleInfo.java:shutdownLeaderElection(134)) - b3e939fd-eb36-468b-9efe-5d0a1fdaa172: shutdown LeaderElection
2019-09-26 15:13:32,983 [b3e939fd-eb36-468b-9efe-5d0a1fdaa172@group-8152E6A19D97:LeaderElection179] INFO  impl.RoleInfo (RoleInfo.java:shutdownLeaderElection(134)) - b3e939fd-eb36-468b-9efe-5d0a1fdaa172: shutdown LeaderElection
2019-09-26 15:13:32,982 [b3e939fd-eb36-468b-9efe-5d0a1fdaa172@group-898D87100B2B:LeaderElection182] INFO  server.RaftServerConfigKeys (ConfUtils.java:logGet(43)) - raft.server.watch.timeout = 10s (default)
2019-09-26 15:13:32,982 [b3e939fd-eb36-468b-9efe-5d0a1fdaa172@group-CF8139000EF1:LeaderElection175] INFO  server.RaftServerConfigKeys (ConfUtils.java:logGet(43)) - raft.server.write.element-limit = 4096 (default)
2019-09-26 15:13:33,225 [b3e939fd-eb36-468b-9efe-5d0a1fdaa172@group-898D87100B2B:LeaderElection182] INFO  server.RaftServerConfigKeys (ConfUtils.java:logGet(43)) - raft.server.watch.timeout.denomination = 1s (default)
2019-09-26 15:13:33,225 [b3e939fd-eb36-468b-9efe-5d0a1fdaa172@group-8152E6A19D97:LeaderElection179] INFO  impl.RaftServerImpl (RaftServerImpl.java:setRole(174)) - b3e939fd-eb36-468b-9efe-5d0a1fdaa172@group-8152E6A19D97: changes role from CANDIDATE to LEADER at term 1 for changeToLeader
2019-09-26 15:13:33,225 [b3e939fd-eb36-468b-9efe-5d0a1fdaa172@group-7F4E2958F83B:LeaderElection180] INFO  impl.RaftServerImpl (RaftServerImpl.java:setRole(174)) - b3e939fd-eb36-468b-9efe-5d0a1fdaa172@group-7F4E2958F83B: changes role from CANDIDATE to LEADER at term 1 for changeToLeader
2019-09-26 15:13:33,225 [b3e939fd-eb36-468b-9efe-5d0a1fdaa172@group-D829294084A7:LeaderElection187] INFO  impl.RaftServerImpl (RaftServerImpl.java:setRole(174)) - b3e939fd-eb36-468b-9efe-5d0a1fdaa172@group-D829294084A7: changes role from CANDIDATE to LEADER at term 1 for changeToLeader
2019-09-26 15:13:33,224 [b3e939fd-eb36-468b-9efe-5d0a1fdaa172@group-EDB6546B42A1:LeaderElection189] INFO  impl.RaftServerImpl (RaftServerImpl.java:setRole(174)) - b3e939fd-eb36-468b-9efe-5d0a1fdaa172@group-EDB6546B42A1: changes role from CANDIDATE to LEADER at term 1 for changeToLeader
2019-09-26 15:13:33,226 [b3e939fd-eb36-468b-9efe-5d0a1fdaa172@group-D46EF446A86F:LeaderElection177] INFO  impl.RoleInfo (RoleInfo.java:updateAndGet(143)) - b3e939fd-eb36-468b-9efe-5d0a1fdaa172: start LeaderState
2019-09-26 15:13:33,224 [b3e939fd-eb36-468b-9efe-5d0a1fdaa172@group-8ABA77F86B69:LeaderElection191] INFO  impl.RaftServerImpl (RaftServerImpl.java:setRole(174)) - b3e939fd-eb36-468b-9efe-5d0a1fdaa172@group-8ABA77F86B69: changes role from CANDIDATE to LEADER at term 1 for changeToLeader
2019-09-26 15:13:33,227 [b3e939fd-eb36-468b-9efe-5d0a1fdaa172@group-5B658C392D0A:LeaderElection173] INFO  impl.RoleInfo (RoleInfo.java:updateAndGet(143)) - b3e939fd-eb36-468b-9efe-5d0a1fdaa172: start LeaderState
2019-09-26 15:13:33,224 [b3e939fd-eb36-468b-9efe-5d0a1fdaa172@group-B8BD40BC5605:LeaderElection185] INFO  impl.RaftServerImpl (ServerState.java:setLeader(253)) - b3e939fd-eb36-468b-9efe-5d0a1fdaa172@group-B8BD40BC5605: change Leader from null to b3e939fd-eb36-468b-9efe-5d0a1fdaa172 at term 1 for becomeLeader, leader elected after 5910ms
2019-09-26 15:13:33,224 [b3e939fd-eb36-468b-9efe-5d0a1fdaa172@group-C91B064953F8:LeaderElection186] INFO  impl.RaftServerImpl (RaftServerImpl.java:setRole(174)) - b3e939fd-eb36-468b-9efe-5d0a1fdaa172@group-C91B064953F8: changes role from CANDIDATE to LEADER at term 1 for changeToLeader
2019-09-26 15:13:33,227 [b3e939fd-eb36-468b-9efe-5d0a1fdaa172@group-C91B064953F8:LeaderElection186] INFO  impl.RaftServerImpl (ServerState.java:setLeader(253)) - b3e939fd-eb36-468b-9efe-5d0a1fdaa172@group-C91B064953F8: change Leader from null to b3e939fd-eb36-468b-9efe-5d0a1fdaa172 at term 1 for becomeLeader, leader elected after 5847ms
2019-09-26 15:13:33,224 [b3e939fd-eb36-468b-9efe-5d0a1fdaa172@group-D8D26DDCCD10:LeaderElection193] INFO  impl.LeaderElection (LeaderElection.java:askForVotes(182)) - b3e939fd-eb36-468b-9efe-5d0a1fdaa172@group-D8D26DDCCD10:LeaderElection193: begin an election at term 1 for -1: [b3e939fd-eb36-468b-9efe-5d0a1fdaa172:192.168.151.99:45433], old=null
2019-09-26 15:13:33,224 [Thread-1186] INFO  impl.FollowerState (FollowerState.java:run(106)) - b3e939fd-eb36-468b-9efe-5d0a1fdaa172:group-E8E63C574F52 changes to CANDIDATE, lastRpcTime:5323, electionTimeout:5104ms
2019-09-26 15:13:33,223 [Thread-1182] INFO  impl.FollowerState (FollowerState.java:run(106)) - b3e939fd-eb36-468b-9efe-5d0a1fdaa172:group-3A19C25E34FC changes to CANDIDATE, lastRpcTime:5347, electionTimeout:5171ms
2019-09-26 15:13:33,222 [Thread-1195] INFO  impl.FollowerState (FollowerState.java:run(106)) - b3e939fd-eb36-468b-9efe-5d0a1fdaa172:group-ECC1AF727233 changes to CANDIDATE, lastRpcTime:5214, electionTimeout:5078ms
2019-09-26 15:13:33,222 [Thread-1189] INFO  impl.FollowerState (FollowerState.java:run(106)) - b3e939fd-eb36-468b-9efe-5d0a1fdaa172:group-2969446FDAA8 changes to CANDIDATE, lastRpcTime:5284, electionTimeout:5153ms
2019-09-26 15:13:33,222 [Thread-1192] INFO  impl.FollowerState (FollowerState.java:run(106)) - b3e939fd-eb36-468b-9efe-5d0a1fdaa172:group-F2E2F02C4E80 changes to CANDIDATE, lastRpcTime:5249, electionTimeout:5128ms
2019-09-26 15:13:33,222 [Thread-1201] INFO  impl.FollowerState (FollowerState.java:run(106)) - b3e939fd-eb36-468b-9efe-5d0a1fdaa172:group-AD8F5DA59BC3 changes to CANDIDATE, lastRpcTime:5155, electionTimeout:5060ms
2019-09-26 15:13:33,221 [Thread-1198] INFO  impl.FollowerState (FollowerState.java:run(106)) - b3e939fd-eb36-468b-9efe-5d0a1fdaa172:group-E65C91CFD05F changes to CANDIDATE, lastRpcTime:5186, electionTimeout:5148ms
2019-09-26 15:13:33,221 [Thread-1207] INFO  impl.FollowerState (FollowerState.java:run(106)) - b3e939fd-eb36-468b-9efe-5d0a1fdaa172:group-45EF2C5983EC changes to CANDIDATE, lastRpcTime:5077, electionTimeout:5068ms
2019-09-26 15:13:32,988 [b3e939fd-eb36-468b-9efe-5d0a1fdaa172@group-62721CB6E9BE:LeaderElection192] INFO  impl.RaftServerImpl (RaftServerImpl.java:setRole(174)) - b3e939fd-eb36-468b-9efe-5d0a1fdaa172@group-62721CB6E9BE: changes role from CANDIDATE to LEADER at term 1 for changeToLeader
2019-09-26 15:13:32,985 [b3e939fd-eb36-468b-9efe-5d0a1fdaa172@group-5D100605878C:LeaderElection188] INFO  impl.RaftServerImpl (RaftServerImpl.java:setRole(174)) - b3e939fd-eb36-468b-9efe-5d0a1fdaa172@group-5D100605878C: changes role from CANDIDATE to LEADER at term 1 for changeToLeader
2019-09-26 15:13:33,228 [b3e939fd-eb36-468b-9efe-5d0a1fdaa172@group-5D100605878C:LeaderElection188] INFO  impl.RaftServerImpl (ServerState.java:setLeader(253)) - b3e939fd-eb36-468b-9efe-5d0a1fdaa172@group-5D100605878C: change Leader from null to b3e939fd-eb36-468b-9efe-5d0a1fdaa172 at term 1 for becomeLeader, leader elected after 5771ms
2019-09-26 15:13:32,985 [b3e939fd-eb36-468b-9efe-5d0a1fdaa172@group-0D1607784BB5:LeaderElection178] INFO  impl.RaftServerImpl (RaftServerImpl.java:setRole(174)) - b3e939fd-eb36-468b-9efe-5d0a1fdaa172@group-0D1607784BB5: changes role from CANDIDATE to LEADER at term 1 for changeToLeader
2019-09-26 15:13:32,985 [b3e939fd-eb36-468b-9efe-5d0a1fdaa172@group-3B7C4B923211:LeaderElection190] INFO  impl.RaftServerImpl (RaftServerImpl.java:setRole(174)) - b3e939fd-eb36-468b-9efe-5d0a1fdaa172@group-3B7C4B923211: changes role from CANDIDATE to LEADER at term 1 for changeToLeader
2019-09-26 15:13:32,985 [Thread-1155] INFO  impl.RaftServerImpl (RaftServerImpl.java:setRole(174)) - b3e939fd-eb36-468b-9efe-5d0a1fdaa172@group-28CF379EBB19: changes role from  FOLLOWER to CANDIDATE at term 0 for changeToCandidate
2019-09-26 15:13:32,985 [Thread-1176] INFO  impl.RoleInfo (RoleInfo.java:shutdownFollowerState(121)) - b3e939fd-eb36-468b-9efe-5d0a1fdaa172: shutdown FollowerState
2019-09-26 15:13:32,985 [Thread-1149] INFO  impl.RaftServerImpl (RaftServerImpl.java:setRole(174)) - b3e939fd-eb36-468b-9efe-5d0a1fdaa172@group-8B05B049A6AC: changes role from  FOLLOWER to CANDIDATE at term 0 for changeToCandidate
2019-09-26 15:13:32,985 [Thread-1179] INFO  impl.RoleInfo (RoleInfo.java:shutdownFollowerState(121)) - b3e939fd-eb36-468b-9efe-5d0a1fdaa172: shutdown FollowerState
2019-09-26 15:13:32,985 [Thread-1164] INFO  impl.RaftServerImpl (RaftServerImpl.java:setRole(174)) - b3e939fd-eb36-468b-9efe-5d0a1fdaa172@group-17591B66EB53: changes role from  FOLLOWER to CANDIDATE at term 0 for changeToCandidate
2019-09-26 15:13:32,985 [Thread-1167] INFO  impl.RoleInfo (RoleInfo.java:shutdownFollowerState(121)) - b3e939fd-eb36-468b-9efe-5d0a1fdaa172: shutdown FollowerState
2019-09-26 15:13:32,985 [Thread-1161] INFO  impl.RaftServerImpl (RaftServerImpl.java:setRole(174)) - b3e939fd-eb36-468b-9efe-5d0a1fdaa172@group-4282880CA77F: changes role from  FOLLOWER to CANDIDATE at term 0 for changeToCandidate
2019-09-26 15:13:32,984 [Thread-1173] INFO  impl.RaftServerImpl (RaftServerImpl.java:setRole(174)) - b3e939fd-eb36-468b-9efe-5d0a1fdaa172@group-726852ADE118: changes role from  FOLLOWER to CANDIDATE at term 0 for changeToCandidate
2019-09-26 15:13:32,984 [Thread-1170] INFO  impl.RoleInfo (RoleInfo.java:shutdownFollowerState(121)) - b3e939fd-eb36-468b-9efe-5d0a1fdaa172: shutdown FollowerState
2019-09-26 15:13:33,229 [Thread-1173] INFO  impl.RoleInfo (RoleInfo.java:updateAndGet(143)) - b3e939fd-eb36-468b-9efe-5d0a1fdaa172: start LeaderElection
2019-09-26 15:13:33,229 [Thread-1161] INFO  impl.RoleInfo (RoleInfo.java:updateAndGet(143)) - b3e939fd-eb36-468b-9efe-5d0a1fdaa172: start LeaderElection
2019-09-26 15:13:33,229 [Thread-1167] INFO  impl.RaftServerImpl (RaftServerImpl.java:setRole(174)) - b3e939fd-eb36-468b-9efe-5d0a1fdaa172@group-F26566D6F0FB: changes role from  FOLLOWER to CANDIDATE at term 0 for changeToCandidate
2019-09-26 15:13:33,229 [Thread-1164] INFO  impl.RoleInfo (RoleInfo.java:updateAndGet(143)) - b3e939fd-eb36-468b-9efe-5d0a1fdaa172: start LeaderElection
2019-09-26 15:13:33,229 [Thread-1179] INFO  impl.RaftServerImpl (RaftServerImpl.java:setRole(174)) - b3e939fd-eb36-468b-9efe-5d0a1fdaa172@group-AFE7DB0113F1: changes role from  FOLLOWER to CANDIDATE at term 0 for changeToCandidate
2019-09-26 15:13:33,229 [Thread-1149] INFO  impl.RoleInfo (RoleInfo.java:updateAndGet(143)) - b3e939fd-eb36-468b-9efe-5d0a1fdaa172: start LeaderElection
2019-09-26 15:13:33,229 [Thread-1176] INFO  impl.RaftServerImpl (RaftServerImpl.java:setRole(174)) - b3e939fd-eb36-468b-9efe-5d0a1fdaa172@group-36CD4F2BB7F5: changes role from  FOLLOWER to CANDIDATE at term 0 for changeToCandidate
2019-09-26 15:13:33,229 [Thread-1155] INFO  impl.RoleInfo (RoleInfo.java:updateAndGet(143)) - b3e939fd-eb36-468b-9efe-5d0a1fdaa172: start LeaderElection
2019-09-26 15:13:33,228 [b3e939fd-eb36-468b-9efe-5d0a1fdaa172@group-3B7C4B923211:LeaderElection190] INFO  impl.RaftServerImpl (ServerState.java:setLeader(253)) - b3e939fd-eb36-468b-9efe-5d0a1fdaa172@group-3B7C4B923211: change Leader from null to b3e939fd-eb36-468b-9efe-5d0a1fdaa172 at term 1 for becomeLeader, leader elected after 5886ms
2019-09-26 15:13:33,228 [b3e939fd-eb36-468b-9efe-5d0a1fdaa172@group-0D1607784BB5:LeaderElection178] INFO  impl.RaftServerImpl (ServerState.java:setLeader(253)) - b3e939fd-eb36-468b-9efe-5d0a1fdaa172@group-0D1607784BB5: change Leader from null to b3e939fd-eb36-468b-9efe-5d0a1fdaa172 at term 1 for becomeLeader, leader elected after 5736ms
2019-09-26 15:13:33,228 [b3e939fd-eb36-468b-9efe-5d0a1fdaa172@group-5D100605878C:LeaderElection188] INFO  server.RaftServerConfigKeys (ConfUtils.java:logGet(43)) - raft.server.staging.catchup.gap = 1000 (default)
2019-09-26 15:13:33,228 [b3e939fd-eb36-468b-9efe-5d0a1fdaa172@group-62721CB6E9BE:LeaderElection192] INFO  impl.RaftServerImpl (ServerState.java:setLeader(253)) - b3e939fd-eb36-468b-9efe-5d0a1fdaa172@group-62721CB6E9BE: change Leader from null to b3e939fd-eb36-468b-9efe-5d0a1fdaa172 at term 1 for becomeLeader, leader elected after 6084ms
2019-09-26 15:13:33,228 [Thread-1207] INFO  impl.RoleInfo (RoleInfo.java:shutdownFollowerState(121)) - b3e939fd-eb36-468b-9efe-5d0a1fdaa172: shutdown FollowerState
2019-09-26 15:13:33,228 [Thread-1198] INFO  impl.RoleInfo (RoleInfo.java:shutdownFollowerState(121)) - b3e939fd-eb36-468b-9efe-5d0a1fdaa172: shutdown FollowerState
2019-09-26 15:13:33,228 [Thread-1201] INFO  impl.RoleInfo (RoleInfo.java:shutdownFollowerState(121)) - b3e939fd-eb36-468b-9efe-5d0a1fdaa172: shutdown FollowerState
2019-09-26 15:13:33,228 [Thread-1192] INFO  impl.RoleInfo (RoleInfo.java:shutdownFollowerState(121)) - b3e939fd-eb36-468b-9efe-5d0a1fdaa172: shutdown FollowerState
2019-09-26 15:13:33,228 [Thread-1189] INFO  impl.RoleInfo (RoleInfo.java:shutdownFollowerState(121)) - b3e939fd-eb36-468b-9efe-5d0a1fdaa172: shutdown FollowerState
2019-09-26 15:13:33,227 [Thread-1195] INFO  impl.RoleInfo (RoleInfo.java:shutdownFollowerState(121)) - b3e939fd-eb36-468b-9efe-5d0a1fdaa172: shutdown FollowerState
2019-09-26 15:13:33,227 [Thread-1186] INFO  impl.RoleInfo (RoleInfo.java:shutdownFollowerState(121)) - b3e939fd-eb36-468b-9efe-5d0a1fdaa172: shutdown FollowerState
2019-09-26 15:13:33,227 [Thread-1182] INFO  impl.RoleInfo (RoleInfo.java:shutdownFollowerState(121)) - b3e939fd-eb36-468b-9efe-5d0a1fdaa172: shutdown FollowerState
2019-09-26 15:13:33,227 [b3e939fd-eb36-468b-9efe-5d0a1fdaa172@group-D8D26DDCCD10:LeaderElection193] INFO  impl.RoleInfo (RoleInfo.java:shutdownLeaderElection(134)) - b3e939fd-eb36-468b-9efe-5d0a1fdaa172: shutdown LeaderElection
2019-09-26 15:13:33,227 [b3e939fd-eb36-468b-9efe-5d0a1fdaa172@group-C91B064953F8:LeaderElection186] INFO  server.RaftServerConfigKeys (ConfUtils.java:logGet(43)) - raft.server.staging.catchup.gap = 1000 (default)
2019-09-26 15:13:33,227 [b3e939fd-eb36-468b-9efe-5d0a1fdaa172@group-B8BD40BC5605:LeaderElection185] INFO  server.RaftServerConfigKeys (ConfUtils.java:logGet(43)) - raft.server.staging.catchup.gap = 1000 (default)
2019-09-26 15:13:33,227 [b3e939fd-eb36-468b-9efe-5d0a1fdaa172@group-5B658C392D0A:LeaderElection173] INFO  segmented.SegmentedRaftLogWorker (SegmentedRaftLogWorker.java:startLogSegment(380)) - b3e939fd-eb36-468b-9efe-5d0a1fdaa172@group-5B658C392D0A-SegmentedRaftLogWorker: Starting segment from index:0
2019-09-26 15:13:33,227 [b3e939fd-eb36-468b-9efe-5d0a1fdaa172@group-D46EF446A86F:LeaderElection177] INFO  segmented.SegmentedRaftLogWorker (SegmentedRaftLogWorker.java:startLogSegment(380)) - b3e939fd-eb36-468b-9efe-5d0a1fdaa172@group-D46EF446A86F-SegmentedRaftLogWorker: Starting segment from index:0
2019-09-26 15:13:33,227 [b3e939fd-eb36-468b-9efe-5d0a1fdaa172@group-8ABA77F86B69:LeaderElection191] INFO  impl.RaftServerImpl (ServerState.java:setLeader(253)) - b3e939fd-eb36-468b-9efe-5d0a1fdaa172@group-8ABA77F86B69: change Leader from null to b3e939fd-eb36-468b-9efe-5d0a1fdaa172 at term 1 for becomeLeader, leader elected after 5660ms
2019-09-26 15:13:33,226 [b3e939fd-eb36-468b-9efe-5d0a1fdaa172@group-EDB6546B42A1:LeaderElection189] INFO  impl.RaftServerImpl (ServerState.java:setLeader(253)) - b3e939fd-eb36-468b-9efe-5d0a1fdaa172@group-EDB6546B42A1: change Leader from null to b3e939fd-eb36-468b-9efe-5d0a1fdaa172 at term 1 for becomeLeader, leader elected after 5708ms
2019-09-26 15:13:33,226 [b3e939fd-eb36-468b-9efe-5d0a1fdaa172@group-9F3011231373:LeaderElection174] INFO  impl.RoleInfo (RoleInfo.java:updateAndGet(143)) - b3e939fd-eb36-468b-9efe-5d0a1fdaa172: start LeaderState
2019-09-26 15:13:33,226 [b3e939fd-eb36-468b-9efe-5d0a1fdaa172@group-D829294084A7:LeaderElection187] INFO  impl.RaftServerImpl (ServerState.java:setLeader(253)) - b3e939fd-eb36-468b-9efe-5d0a1fdaa172@group-D829294084A7: change Leader from null to b3e939fd-eb36-468b-9efe-5d0a1fdaa172 at term 1 for becomeLeader, leader elected after 5948ms
2019-09-26 15:13:33,226 [b3e939fd-eb36-468b-9efe-5d0a1fdaa172@group-7F4E2958F83B:LeaderElection180] INFO  impl.RaftServerImpl (ServerState.java:setLeader(253)) - b3e939fd-eb36-468b-9efe-5d0a1fdaa172@group-7F4E2958F83B: change Leader from null to b3e939fd-eb36-468b-9efe-5d0a1fdaa172 at term 1 for becomeLeader, leader elected after 6252ms
2019-09-26 15:13:33,226 [b3e939fd-eb36-468b-9efe-5d0a1fdaa172@group-8152E6A19D97:LeaderElection179] INFO  impl.RaftServerImpl (ServerState.java:setLeader(253)) - b3e939fd-eb36-468b-9efe-5d0a1fdaa172@group-8152E6A19D97: change Leader from null to b3e939fd-eb36-468b-9efe-5d0a1fdaa172 at term 1 for becomeLeader, leader elected after 5807ms
2019-09-26 15:13:33,226 [b3e939fd-eb36-468b-9efe-5d0a1fdaa172@group-9BC164364327:LeaderElection176] INFO  impl.RoleInfo (RoleInfo.java:updateAndGet(143)) - b3e939fd-eb36-468b-9efe-5d0a1fdaa172: start LeaderState
2019-09-26 15:13:33,226 [b3e939fd-eb36-468b-9efe-5d0a1fdaa172@group-898D87100B2B:LeaderElection182] INFO  server.RaftServerConfigKeys (ConfUtils.java:logGet(43)) - raft.server.watch.element-limit = 65536 (default)
2019-09-26 15:13:33,226 [b3e939fd-eb36-468b-9efe-5d0a1fdaa172@group-CB05FC8C1EB7:LeaderElection183] INFO  impl.RoleInfo (RoleInfo.java:updateAndGet(143)) - b3e939fd-eb36-468b-9efe-5d0a1fdaa172: start LeaderState
2019-09-26 15:13:33,225 [b3e939fd-eb36-468b-9efe-5d0a1fdaa172@group-CF8139000EF1:LeaderElection175] INFO  server.RaftServerConfigKeys (ConfUtils.java:logGet(43)) - raft.server.watch.timeout = 10s (default)
2019-09-26 15:13:33,665 [b3e939fd-eb36-468b-9efe-5d0a1fdaa172@group-9BC164364327:LeaderElection176] INFO  segmented.SegmentedRaftLogWorker (SegmentedRaftLogWorker.java:startLogSegment(380)) - b3e939fd-eb36-468b-9efe-5d0a1fdaa172@group-9BC164364327-SegmentedRaftLogWorker: Starting segment from index:0
2019-09-26 15:13:33,664 [b3e939fd-eb36-468b-9efe-5d0a1fdaa172@group-8152E6A19D97:LeaderElection179] INFO  server.RaftServerConfigKeys (ConfUtils.java:logGet(43)) - raft.server.staging.catchup.gap = 1000 (default)
2019-09-26 15:13:33,664 [b3e939fd-eb36-468b-9efe-5d0a1fdaa172@group-7F4E2958F83B:LeaderElection180] INFO  server.RaftServerConfigKeys (ConfUtils.java:logGet(43)) - raft.server.staging.catchup.gap = 1000 (default)
2019-09-26 15:13:33,664 [b3e939fd-eb36-468b-9efe-5d0a1fdaa172@group-9F3011231373:LeaderElection174] INFO  segmented.SegmentedRaftLogWorker (SegmentedRaftLogWorker.java:startLogSegment(380)) - b3e939fd-eb36-468b-9efe-5d0a1fdaa172@group-9F3011231373-SegmentedRaftLogWorker: Starting segment from index:0
2019-09-26 15:13:33,664 [b3e939fd-eb36-468b-9efe-5d0a1fdaa172@group-D829294084A7:LeaderElection187] INFO  server.RaftServerConfigKeys (ConfUtils.java:logGet(43)) - raft.server.staging.catchup.gap = 1000 (default)
2019-09-26 15:13:33,664 [b3e939fd-eb36-468b-9efe-5d0a1fdaa172@group-EDB6546B42A1:LeaderElection189] INFO  server.RaftServerConfigKeys (ConfUtils.java:logGet(43)) - raft.server.staging.catchup.gap = 1000 (default)
2019-09-26 15:13:33,915 [b3e939fd-eb36-468b-9efe-5d0a1fdaa172@group-EDB6546B42A1:LeaderElection189] INFO  server.RaftServerConfigKeys (ConfUtils.java:logGet(43)) - raft.server.rpc.sleep.time = 25ms (default)
2019-09-26 15:13:33,915 [b3e939fd-eb36-468b-9efe-5d0a1fdaa172@group-898D87100B2B:LeaderElection182] INFO  impl.RoleInfo (RoleInfo.java:updateAndGet(143)) - b3e939fd-eb36-468b-9efe-5d0a1fdaa172: start LeaderState
2019-09-26 15:13:33,663 [Thread-1237] INFO  impl.FollowerState (FollowerState.java:run(106)) - b3e939fd-eb36-468b-9efe-5d0a1fdaa172:group-7666CF0181BB changes to CANDIDATE, lastRpcTime:5181, electionTimeout:5022ms
2019-09-26 15:13:33,663 [Thread-1228] INFO  impl.FollowerState (FollowerState.java:run(106)) - b3e939fd-eb36-468b-9efe-5d0a1fdaa172:group-9E432427BF8B changes to CANDIDATE, lastRpcTime:5289, electionTimeout:5134ms
2019-09-26 15:13:34,121 [Thread-1237] INFO  impl.RoleInfo (RoleInfo.java:shutdownFollowerState(121)) - b3e939fd-eb36-468b-9efe-5d0a1fdaa172: shutdown FollowerState
2019-09-26 15:13:33,663 [Thread-1234] INFO  impl.FollowerState (FollowerState.java:run(106)) - b3e939fd-eb36-468b-9efe-5d0a1fdaa172:group-9F10B5770DAC changes to CANDIDATE, lastRpcTime:5214, electionTimeout:5129ms
2019-09-26 15:13:33,662 [Thread-1240] INFO  impl.FollowerState (FollowerState.java:run(106)) - b3e939fd-eb36-468b-9efe-5d0a1fdaa172:group-3B9C1EE8AD07 changes to CANDIDATE, lastRpcTime:5144, electionTimeout:5118ms
2019-09-26 15:13:33,470 [b3e939fd-eb36-468b-9efe-5d0a1fdaa172@group-5B658C392D0A:LeaderElection173] INFO  impl.RaftServerImpl (ServerState.java:setRaftConf(354)) - b3e939fd-eb36-468b-9efe-5d0a1fdaa172@group-5B658C392D0A: set configuration 0: [b3e939fd-eb36-468b-9efe-5d0a1fdaa172:192.168.151.99:45433], old=null at 0
2019-09-26 15:13:33,470 [b3e939fd-eb36-468b-9efe-5d0a1fdaa172@group-8B05B049A6AC:LeaderElection195] INFO  impl.LeaderElection (LeaderElection.java:askForVotes(182)) - b3e939fd-eb36-468b-9efe-5d0a1fdaa172@group-8B05B049A6AC:LeaderElection195: begin an election at term 1 for -1: [b3e939fd-eb36-468b-9efe-5d0a1fdaa172:192.168.151.99:45433], old=null
2019-09-26 15:13:33,470 [b3e939fd-eb36-468b-9efe-5d0a1fdaa172@group-17591B66EB53:LeaderElection196] INFO  impl.LeaderElection (LeaderElection.java:askForVotes(182)) - b3e939fd-eb36-468b-9efe-5d0a1fdaa172@group-17591B66EB53:LeaderElection196: begin an election at term 1 for -1: [b3e939fd-eb36-468b-9efe-5d0a1fdaa172:192.168.151.99:45433], old=null
2019-09-26 15:13:33,470 [b3e939fd-eb36-468b-9efe-5d0a1fdaa172@group-28CF379EBB19:LeaderElection194] INFO  impl.LeaderElection (LeaderElection.java:askForVotes(182)) - b3e939fd-eb36-468b-9efe-5d0a1fdaa172@group-28CF379EBB19:LeaderElection194: begin an election at term 1 for -1: [b3e939fd-eb36-468b-9efe-5d0a1fdaa172:192.168.151.99:45433], old=null
2019-09-26 15:13:34,122 [b3e939fd-eb36-468b-9efe-5d0a1fdaa172@group-28CF379EBB19:LeaderElection194] INFO  impl.RoleInfo (RoleInfo.java:shutdownLeaderElection(134)) - b3e939fd-eb36-468b-9efe-5d0a1fdaa172: shutdown LeaderElection
2019-09-26 15:13:33,470 [b3e939fd-eb36-468b-9efe-5d0a1fdaa172@group-726852ADE118:LeaderElection198] INFO  impl.LeaderElection (LeaderElection.java:askForVotes(182)) - b3e939fd-eb36-468b-9efe-5d0a1fdaa172@group-726852ADE118:LeaderElection198: begin an election at term 1 for -1: [b3e939fd-eb36-468b-9efe-5d0a1fdaa172:192.168.151.99:45433], old=null
2019-09-26 15:13:33,470 [b3e939fd-eb36-468b-9efe-5d0a1fdaa172@group-4282880CA77F:LeaderElection197] INFO  impl.LeaderElection (LeaderElection.java:askForVotes(182)) - b3e939fd-eb36-468b-9efe-5d0a1fdaa172@group-4282880CA77F:LeaderElection197: begin an election at term 1 for -1: [b3e939fd-eb36-468b-9efe-5d0a1fdaa172:192.168.151.99:45433], old=null
2019-09-26 15:13:33,470 [Thread-1204] INFO  impl.FollowerState (FollowerState.java:run(106)) - b3e939fd-eb36-468b-9efe-5d0a1fdaa172:group-5DF16D025390 changes to CANDIDATE, lastRpcTime:5364, electionTimeout:5131ms
2019-09-26 15:13:33,470 [pool-27-thread-1] INFO  storage.RaftStorageDirectory (RaftStorageDirectory.java:tryLock(328)) - Lock on /workdir/hadoop-ozone/integration-test/target/test-dir/MiniOzoneClusterImpl-7e2f4b2f-6763-4a45-9ec4-264c2cef7c61/datanode-0/data/ratis/ab31211f-6379-4bb2-ab20-5a4780976490/in_use.lock acquired by nodename 11803@pr-hdds-1569-g6sp5-2013761785
2019-09-26 15:13:33,470 [Thread-1216] INFO  impl.FollowerState (FollowerState.java:run(106)) - b3e939fd-eb36-468b-9efe-5d0a1fdaa172:group-778C63AA011E changes to CANDIDATE, lastRpcTime:5215, electionTimeout:5025ms
2019-09-26 15:13:33,469 [Thread-1210] INFO  impl.FollowerState (FollowerState.java:run(106)) - b3e939fd-eb36-468b-9efe-5d0a1fdaa172:group-F2FE42403F49 changes to CANDIDATE, lastRpcTime:5288, electionTimeout:5114ms
2019-09-26 15:13:33,469 [Thread-1222] INFO  impl.FollowerState (FollowerState.java:run(106)) - b3e939fd-eb36-468b-9efe-5d0a1fdaa172:group-337EFED2784C changes to CANDIDATE, lastRpcTime:5179, electionTimeout:5046ms
2019-09-26 15:13:33,466 [Thread-1213] INFO  impl.FollowerState (FollowerState.java:run(106)) - b3e939fd-eb36-468b-9efe-5d0a1fdaa172:group-9B7D74F6726A changes to CANDIDATE, lastRpcTime:5248, electionTimeout:5144ms
2019-09-26 15:13:33,466 [Thread-1225] INFO  impl.FollowerState (FollowerState.java:run(106)) - b3e939fd-eb36-468b-9efe-5d0a1fdaa172:group-91D52F7A6523 changes to CANDIDATE, lastRpcTime:5142, electionTimeout:5040ms
2019-09-26 15:13:33,466 [Thread-1219] INFO  impl.FollowerState (FollowerState.java:run(106)) - b3e939fd-eb36-468b-9efe-5d0a1fdaa172:group-B7C42A2D7902 changes to CANDIDATE, lastRpcTime:5194, electionTimeout:5130ms
2019-09-26 15:13:33,465 [b3e939fd-eb36-468b-9efe-5d0a1fdaa172@group-D46EF446A86F:LeaderElection177] INFO  impl.RaftServerImpl (ServerState.java:setRaftConf(354)) - b3e939fd-eb36-468b-9efe-5d0a1fdaa172@group-D46EF446A86F: set configuration 0: [b3e939fd-eb36-468b-9efe-5d0a1fdaa172:192.168.151.99:45433], old=null at 0
2019-09-26 15:13:33,465 [Thread-1231] INFO  impl.FollowerState (FollowerState.java:run(106)) - b3e939fd-eb36-468b-9efe-5d0a1fdaa172:group-47726A36F552 changes to CANDIDATE, lastRpcTime:5053, electionTimeout:5046ms
2019-09-26 15:13:33,232 [b3e939fd-eb36-468b-9efe-5d0a1fdaa172@group-8ABA77F86B69:LeaderElection191] INFO  server.RaftServerConfigKeys (ConfUtils.java:logGet(43)) - raft.server.staging.catchup.gap = 1000 (default)
2019-09-26 15:13:33,232 [b3e939fd-eb36-468b-9efe-5d0a1fdaa172@group-B8BD40BC5605:LeaderElection185] INFO  server.RaftServerConfigKeys (ConfUtils.java:logGet(43)) - raft.server.rpc.sleep.time = 25ms (default)
2019-09-26 15:13:33,232 [b3e939fd-eb36-468b-9efe-5d0a1fdaa172@group-C91B064953F8:LeaderElection186] INFO  server.RaftServerConfigKeys (ConfUtils.java:logGet(43)) - raft.server.rpc.sleep.time = 25ms (default)
2019-09-26 15:13:33,232 [b3e939fd-eb36-468b-9efe-5d0a1fdaa172@group-D8D26DDCCD10:LeaderElection193] INFO  impl.RaftServerImpl (RaftServerImpl.java:setRole(174)) - b3e939fd-eb36-468b-9efe-5d0a1fdaa172@group-D8D26DDCCD10: changes role from CANDIDATE to LEADER at term 1 for changeToLeader
2019-09-26 15:13:33,232 [Thread-1182] INFO  impl.RaftServerImpl (RaftServerImpl.java:setRole(174)) - b3e939fd-eb36-468b-9efe-5d0a1fdaa172@group-3A19C25E34FC: changes role from  FOLLOWER to CANDIDATE at term 0 for changeToCandidate
2019-09-26 15:13:33,231 [Thread-1186] INFO  impl.RaftServerImpl (RaftServerImpl.java:setRole(174)) - b3e939fd-eb36-468b-9efe-5d0a1fdaa172@group-E8E63C574F52: changes role from  FOLLOWER to CANDIDATE at term 0 for changeToCandidate
2019-09-26 15:13:33,231 [Thread-1195] INFO  impl.RaftServerImpl (RaftServerImpl.java:setRole(174)) - b3e939fd-eb36-468b-9efe-5d0a1fdaa172@group-ECC1AF727233: changes role from  FOLLOWER to CANDIDATE at term 0 for changeToCandidate
2019-09-26 15:13:33,231 [Thread-1189] INFO  impl.RaftServerImpl (RaftServerImpl.java:setRole(174)) - b3e939fd-eb36-468b-9efe-5d0a1fdaa172@group-2969446FDAA8: changes role from  FOLLOWER to CANDIDATE at term 0 for changeToCandidate
2019-09-26 15:13:33,231 [Thread-1192] INFO  impl.RaftServerImpl (RaftServerImpl.java:setRole(174)) - b3e939fd-eb36-468b-9efe-5d0a1fdaa172@group-F2E2F02C4E80: changes role from  FOLLOWER to CANDIDATE at term 0 for changeToCandidate
2019-09-26 15:13:33,231 [Thread-1201] INFO  impl.RaftServerImpl (RaftServerImpl.java:setRole(174)) - b3e939fd-eb36-468b-9efe-5d0a1fdaa172@group-AD8F5DA59BC3: changes role from  FOLLOWER to CANDIDATE at term 0 for changeToCandidate
2019-09-26 15:13:33,231 [Thread-1198] INFO  impl.RaftServerImpl (RaftServerImpl.java:setRole(174)) - b3e939fd-eb36-468b-9efe-5d0a1fdaa172@group-E65C91CFD05F: changes role from  FOLLOWER to CANDIDATE at term 0 for changeToCandidate
2019-09-26 15:13:33,231 [Thread-1207] INFO  impl.RaftServerImpl (RaftServerImpl.java:setRole(174)) - b3e939fd-eb36-468b-9efe-5d0a1fdaa172@group-45EF2C5983EC: changes role from  FOLLOWER to CANDIDATE at term 0 for changeToCandidate
2019-09-26 15:13:33,231 [b3e939fd-eb36-468b-9efe-5d0a1fdaa172@group-62721CB6E9BE:LeaderElection192] INFO  server.RaftServerConfigKeys (ConfUtils.java:logGet(43)) - raft.server.staging.catchup.gap = 1000 (default)
2019-09-26 15:13:33,231 [b3e939fd-eb36-468b-9efe-5d0a1fdaa172@group-5D100605878C:LeaderElection188] INFO  server.RaftServerConfigKeys (ConfUtils.java:logGet(43)) - raft.server.rpc.sleep.time = 25ms (default)
2019-09-26 15:13:33,231 [b3e939fd-eb36-468b-9efe-5d0a1fdaa172@group-0D1607784BB5:LeaderElection178] INFO  server.RaftServerConfigKeys (ConfUtils.java:logGet(43)) - raft.server.staging.catchup.gap = 1000 (default)
2019-09-26 15:13:34,125 [b3e939fd-eb36-468b-9efe-5d0a1fdaa172@group-0D1607784BB5:LeaderElection178] INFO  server.RaftServerConfigKeys (ConfUtils.java:logGet(43)) - raft.server.rpc.sleep.time = 25ms (default)
2019-09-26 15:13:33,230 [b3e939fd-eb36-468b-9efe-5d0a1fdaa172@group-3B7C4B923211:LeaderElection190] INFO  server.RaftServerConfigKeys (ConfUtils.java:logGet(43)) - raft.server.staging.catchup.gap = 1000 (default)
2019-09-26 15:13:33,230 [Thread-1176] INFO  impl.RoleInfo (RoleInfo.java:updateAndGet(143)) - b3e939fd-eb36-468b-9efe-5d0a1fdaa172: start LeaderElection
2019-09-26 15:13:33,230 [Thread-1179] INFO  impl.RoleInfo (RoleInfo.java:updateAndGet(143)) - b3e939fd-eb36-468b-9efe-5d0a1fdaa172: start LeaderElection
2019-09-26 15:13:33,230 [Thread-1167] INFO  impl.RoleInfo (RoleInfo.java:updateAndGet(143)) - b3e939fd-eb36-468b-9efe-5d0a1fdaa172: start LeaderElection
2019-09-26 15:13:33,229 [Thread-1170] INFO  impl.RaftServerImpl (RaftServerImpl.java:setRole(174)) - b3e939fd-eb36-468b-9efe-5d0a1fdaa172@group-270C29ADC77F: changes role from  FOLLOWER to CANDIDATE at term 0 for changeToCandidate
2019-09-26 15:13:34,125 [b3e939fd-eb36-468b-9efe-5d0a1fdaa172@group-3B7C4B923211:LeaderElection190] INFO  server.RaftServerConfigKeys (ConfUtils.java:logGet(43)) - raft.server.rpc.sleep.time = 25ms (default)
2019-09-26 15:13:34,125 [b3e939fd-eb36-468b-9efe-5d0a1fdaa172@group-0D1607784BB5:LeaderElection178] INFO  server.RaftServerConfigKeys (ConfUtils.java:logGet(43)) - raft.server.write.element-limit = 4096 (default)
2019-09-26 15:13:34,125 [b3e939fd-eb36-468b-9efe-5d0a1fdaa172@group-5D100605878C:LeaderElection188] INFO  server.RaftServerConfigKeys (ConfUtils.java:logGet(43)) - raft.server.write.element-limit = 4096 (default)
2019-09-26 15:13:34,125 [b3e939fd-eb36-468b-9efe-5d0a1fdaa172@group-62721CB6E9BE:LeaderElection192] INFO  server.RaftServerConfigKeys (ConfUtils.java:logGet(43)) - raft.server.rpc.sleep.time = 25ms (default)
2019-09-26 15:13:34,125 [Thread-1207] INFO  impl.RoleInfo (RoleInfo.java:updateAndGet(143)) - b3e939fd-eb36-468b-9efe-5d0a1fdaa172: start LeaderElection
2019-09-26 15:13:34,125 [Thread-1198] INFO  impl.RoleInfo (RoleInfo.java:updateAndGet(143)) - b3e939fd-eb36-468b-9efe-5d0a1fdaa172: start LeaderElection
2019-09-26 15:13:34,125 [Thread-1201] INFO  impl.RoleInfo (RoleInfo.java:updateAndGet(143)) - b3e939fd-eb36-468b-9efe-5d0a1fdaa172: start LeaderElection
2019-09-26 15:13:34,124 [Thread-1192] INFO  impl.RoleInfo (RoleInfo.java:updateAndGet(143)) - b3e939fd-eb36-468b-9efe-5d0a1fdaa172: start LeaderElection
2019-09-26 15:13:34,124 [Thread-1189] INFO  impl.RoleInfo (RoleInfo.java:updateAndGet(143)) - b3e939fd-eb36-468b-9efe-5d0a1fdaa172: start LeaderElection
2019-09-26 15:13:34,124 [Thread-1195] INFO  impl.RoleInfo (RoleInfo.java:updateAndGet(143)) - b3e939fd-eb36-468b-9efe-5d0a1fdaa172: start LeaderElection
2019-09-26 15:13:34,124 [Thread-1186] INFO  impl.RoleInfo (RoleInfo.java:updateAndGet(143)) - b3e939fd-eb36-468b-9efe-5d0a1fdaa172: start LeaderElection
2019-09-26 15:13:34,124 [Thread-1182] INFO  impl.RoleInfo (RoleInfo.java:updateAndGet(143)) - b3e939fd-eb36-468b-9efe-5d0a1fdaa172: start LeaderElection
2019-09-26 15:13:34,124 [b3e939fd-eb36-468b-9efe-5d0a1fdaa172@group-D8D26DDCCD10:LeaderElection193] INFO  impl.RaftServerImpl (ServerState.java:setLeader(253)) - b3e939fd-eb36-468b-9efe-5d0a1fdaa172@group-D8D26DDCCD10: change Leader from null to b3e939fd-eb36-468b-9efe-5d0a1fdaa172 at term 1 for becomeLeader, leader elected after 6494ms
2019-09-26 15:13:34,124 [b3e939fd-eb36-468b-9efe-5d0a1fdaa172@group-C91B064953F8:LeaderElection186] INFO  server.RaftServerConfigKeys (ConfUtils.java:logGet(43)) - raft.server.write.element-limit = 4096 (default)
2019-09-26 15:13:34,124 [b3e939fd-eb36-468b-9efe-5d0a1fdaa172@group-B8BD40BC5605:LeaderElection185] INFO  server.RaftServerConfigKeys (ConfUtils.java:logGet(43)) - raft.server.write.element-limit = 4096 (default)
2019-09-26 15:13:34,123 [b3e939fd-eb36-468b-9efe-5d0a1fdaa172@group-8ABA77F86B69:LeaderElection191] INFO  server.RaftServerConfigKeys (ConfUtils.java:logGet(43)) - raft.server.rpc.sleep.time = 25ms (default)
2019-09-26 15:13:34,123 [Thread-1231] INFO  impl.RoleInfo (RoleInfo.java:shutdownFollowerState(121)) - b3e939fd-eb36-468b-9efe-5d0a1fdaa172: shutdown FollowerState
2019-09-26 15:13:34,123 [Thread-1219] INFO  impl.RoleInfo (RoleInfo.java:shutdownFollowerState(121)) - b3e939fd-eb36-468b-9efe-5d0a1fdaa172: shutdown FollowerState
2019-09-26 15:13:34,123 [Thread-1225] INFO  impl.RoleInfo (RoleInfo.java:shutdownFollowerState(121)) - b3e939fd-eb36-468b-9efe-5d0a1fdaa172: shutdown FollowerState
2019-09-26 15:13:34,128 [Thread-1225] INFO  impl.RaftServerImpl (RaftServerImpl.java:setRole(174)) - b3e939fd-eb36-468b-9efe-5d0a1fdaa172@group-91D52F7A6523: changes role from  FOLLOWER to CANDIDATE at term 0 for changeToCandidate
2019-09-26 15:13:34,123 [Thread-1213] INFO  impl.RoleInfo (RoleInfo.java:shutdownFollowerState(121)) - b3e939fd-eb36-468b-9efe-5d0a1fdaa172: shutdown FollowerState
2019-09-26 15:13:34,123 [Thread-1222] INFO  impl.RoleInfo (RoleInfo.java:shutdownFollowerState(121)) - b3e939fd-eb36-468b-9efe-5d0a1fdaa172: shutdown FollowerState
2019-09-26 15:13:34,123 [Thread-1210] INFO  impl.RoleInfo (RoleInfo.java:shutdownFollowerState(121)) - b3e939fd-eb36-468b-9efe-5d0a1fdaa172: shutdown FollowerState
2019-09-26 15:13:34,123 [Thread-1216] INFO  impl.RoleInfo (RoleInfo.java:shutdownFollowerState(121)) - b3e939fd-eb36-468b-9efe-5d0a1fdaa172: shutdown FollowerState
2019-09-26 15:13:34,122 [Thread-1204] INFO  impl.RoleInfo (RoleInfo.java:shutdownFollowerState(121)) - b3e939fd-eb36-468b-9efe-5d0a1fdaa172: shutdown FollowerState
2019-09-26 15:13:34,122 [b3e939fd-eb36-468b-9efe-5d0a1fdaa172@group-4282880CA77F:LeaderElection197] INFO  impl.RoleInfo (RoleInfo.java:shutdownLeaderElection(134)) - b3e939fd-eb36-468b-9efe-5d0a1fdaa172: shutdown LeaderElection
2019-09-26 15:13:34,122 [b3e939fd-eb36-468b-9efe-5d0a1fdaa172@group-726852ADE118:LeaderElection198] INFO  impl.RoleInfo (RoleInfo.java:shutdownLeaderElection(134)) - b3e939fd-eb36-468b-9efe-5d0a1fdaa172: shutdown LeaderElection
2019-09-26 15:13:34,122 [b3e939fd-eb36-468b-9efe-5d0a1fdaa172@group-28CF379EBB19:LeaderElection194] INFO  impl.RaftServerImpl (RaftServerImpl.java:setRole(174)) - b3e939fd-eb36-468b-9efe-5d0a1fdaa172@group-28CF379EBB19: changes role from CANDIDATE to LEADER at term 1 for changeToLeader
2019-09-26 15:13:34,122 [b3e939fd-eb36-468b-9efe-5d0a1fdaa172@group-17591B66EB53:LeaderElection196] INFO  impl.RoleInfo (RoleInfo.java:shutdownLeaderElection(134)) - b3e939fd-eb36-468b-9efe-5d0a1fdaa172: shutdown LeaderElection
2019-09-26 15:13:34,122 [b3e939fd-eb36-468b-9efe-5d0a1fdaa172@group-8B05B049A6AC:LeaderElection195] INFO  impl.RoleInfo (RoleInfo.java:shutdownLeaderElection(134)) - b3e939fd-eb36-468b-9efe-5d0a1fdaa172: shutdown LeaderElection
2019-09-26 15:13:34,122 [Thread-1240] INFO  impl.RoleInfo (RoleInfo.java:shutdownFollowerState(121)) - b3e939fd-eb36-468b-9efe-5d0a1fdaa172: shutdown FollowerState
2019-09-26 15:13:34,122 [Thread-1234] INFO  impl.RoleInfo (RoleInfo.java:shutdownFollowerState(121)) - b3e939fd-eb36-468b-9efe-5d0a1fdaa172: shutdown FollowerState
2019-09-26 15:13:34,121 [Thread-1237] INFO  impl.RaftServerImpl (RaftServerImpl.java:setRole(174)) - b3e939fd-eb36-468b-9efe-5d0a1fdaa172@group-7666CF0181BB: changes role from  FOLLOWER to CANDIDATE at term 0 for changeToCandidate
2019-09-26 15:13:34,121 [Thread-1228] INFO  impl.RoleInfo (RoleInfo.java:shutdownFollowerState(121)) - b3e939fd-eb36-468b-9efe-5d0a1fdaa172: shutdown FollowerState
2019-09-26 15:13:34,121 [b3e939fd-eb36-468b-9efe-5d0a1fdaa172@group-898D87100B2B:LeaderElection182] INFO  segmented.SegmentedRaftLogWorker (SegmentedRaftLogWorker.java:startLogSegment(380)) - b3e939fd-eb36-468b-9efe-5d0a1fdaa172@group-898D87100B2B-SegmentedRaftLogWorker: Starting segment from index:0
2019-09-26 15:13:34,120 [Thread-1273] INFO  impl.FollowerState (FollowerState.java:run(106)) - b3e939fd-eb36-468b-9efe-5d0a1fdaa172:group-1A432A011447 changes to CANDIDATE, lastRpcTime:5228, electionTimeout:5059ms
2019-09-26 15:13:34,120 [Thread-1267] INFO  impl.FollowerState (FollowerState.java:run(106)) - b3e939fd-eb36-468b-9efe-5d0a1fdaa172:group-1634C81BDE85 changes to CANDIDATE, lastRpcTime:5315, electionTimeout:5158ms
2019-09-26 15:13:34,119 [Thread-1270] INFO  impl.FollowerState (FollowerState.java:run(106)) - b3e939fd-eb36-468b-9efe-5d0a1fdaa172:group-599EFAC1E503 changes to CANDIDATE, lastRpcTime:5276, electionTimeout:5182ms
2019-09-26 15:13:34,119 [Thread-1282] INFO  impl.FollowerState (FollowerState.java:run(106)) - b3e939fd-eb36-468b-9efe-5d0a1fdaa172:group-2F5911C68895 changes to CANDIDATE, lastRpcTime:5111, electionTimeout:5025ms
2019-09-26 15:13:34,119 [Thread-1276] INFO  impl.FollowerState (FollowerState.java:run(106)) - b3e939fd-eb36-468b-9efe-5d0a1fdaa172:group-7EAC044EFCFC changes to CANDIDATE, lastRpcTime:5188, electionTimeout:5110ms
2019-09-26 15:13:34,119 [Thread-1279] INFO  impl.FollowerState (FollowerState.java:run(106)) - b3e939fd-eb36-468b-9efe-5d0a1fdaa172:group-EBA4A4160D1B changes to CANDIDATE, lastRpcTime:5148, electionTimeout:5075ms
2019-09-26 15:13:33,915 [b3e939fd-eb36-468b-9efe-5d0a1fdaa172@group-EDB6546B42A1:LeaderElection189] INFO  server.RaftServerConfigKeys (ConfUtils.java:logGet(43)) - raft.server.write.element-limit = 4096 (default)
2019-09-26 15:13:33,915 [b3e939fd-eb36-468b-9efe-5d0a1fdaa172@group-9F3011231373:LeaderElection174] INFO  impl.RaftServerImpl (ServerState.java:setRaftConf(354)) - b3e939fd-eb36-468b-9efe-5d0a1fdaa172@group-9F3011231373: set configuration 0: [b3e939fd-eb36-468b-9efe-5d0a1fdaa172:192.168.151.99:45433], old=null at 0
2019-09-26 15:13:33,914 [Thread-1243] INFO  impl.FollowerState (FollowerState.java:run(106)) - b3e939fd-eb36-468b-9efe-5d0a1fdaa172:group-124765275578 changes to CANDIDATE, lastRpcTime:5381, electionTimeout:5156ms
2019-09-26 15:13:33,914 [Thread-1246] INFO  impl.FollowerState (FollowerState.java:run(106)) - b3e939fd-eb36-468b-9efe-5d0a1fdaa172:group-FC0C2CB5B5D7 changes to CANDIDATE, lastRpcTime:5365, electionTimeout:5164ms
2019-09-26 15:13:33,914 [b3e939fd-eb36-468b-9efe-5d0a1fdaa172@group-05D02A6E9E31-SegmentedRaftLogWorker] ERROR segmented.SegmentedRaftLogWorker (SegmentedRaftLogWorker.java:run(323)) - b3e939fd-eb36-468b-9efe-5d0a1fdaa172@group-05D02A6E9E31-SegmentedRaftLogWorker hit exception
java.lang.OutOfMemoryError: Direct buffer memory
	at java.nio.Bits.reserveMemory(Bits.java:666)
	at java.nio.DirectByteBuffer.<init>(DirectByteBuffer.java:123)
	at java.nio.ByteBuffer.allocateDirect(ByteBuffer.java:311)
	at org.apache.ratis.server.raftlog.segmented.BufferedWriteChannel.<init>(BufferedWriteChannel.java:41)
	at org.apache.ratis.server.raftlog.segmented.SegmentedRaftLogOutputStream.<init>(SegmentedRaftLogOutputStream.java:72)
	at org.apache.ratis.server.raftlog.segmented.SegmentedRaftLogWorker$StartLogSegment.execute(SegmentedRaftLogWorker.java:566)
	at org.apache.ratis.server.raftlog.segmented.SegmentedRaftLogWorker.run(SegmentedRaftLogWorker.java:289)
	at java.lang.Thread.run(Thread.java:748)
2019-09-26 15:13:33,914 [b3e939fd-eb36-468b-9efe-5d0a1fdaa172@group-FD4703A36E0D-SegmentedRaftLogWorker] ERROR segmented.SegmentedRaftLogWorker (SegmentedRaftLogWorker.java:run(323)) - b3e939fd-eb36-468b-9efe-5d0a1fdaa172@group-FD4703A36E0D-SegmentedRaftLogWorker hit exception
java.lang.OutOfMemoryError: Direct buffer memory
	at java.nio.Bits.reserveMemory(Bits.java:666)
	at java.nio.DirectByteBuffer.<init>(DirectByteBuffer.java:123)
	at java.nio.ByteBuffer.allocateDirect(ByteBuffer.java:311)
	at org.apache.ratis.server.raftlog.segmented.BufferedWriteChannel.<init>(BufferedWriteChannel.java:41)
	at org.apache.ratis.server.raftlog.segmented.SegmentedRaftLogOutputStream.<init>(SegmentedRaftLogOutputStream.java:72)
	at org.apache.ratis.server.raftlog.segmented.SegmentedRaftLogWorker$StartLogSegment.execute(SegmentedRaftLogWorker.java:566)
	at org.apache.ratis.server.raftlog.segmented.SegmentedRaftLogWorker.run(SegmentedRaftLogWorker.java:289)
	at java.lang.Thread.run(Thread.java:748)
2019-09-26 15:13:34,369 [b3e939fd-eb36-468b-9efe-5d0a1fdaa172@group-FD4703A36E0D-SegmentedRaftLogWorker] INFO  impl.RaftServerImpl (RaftServerImpl.java:lambda$shutdown$3(251)) - b3e939fd-eb36-468b-9efe-5d0a1fdaa172@group-FD4703A36E0D: shutdown
2019-09-26 15:13:33,914 [Thread-1252] INFO  impl.FollowerState (FollowerState.java:run(106)) - b3e939fd-eb36-468b-9efe-5d0a1fdaa172:group-9F36EFB420F2 changes to CANDIDATE, lastRpcTime:5269, electionTimeout:5076ms
2019-09-26 15:13:33,913 [Thread-1249] INFO  impl.FollowerState (FollowerState.java:run(106)) - b3e939fd-eb36-468b-9efe-5d0a1fdaa172:group-E2463642327B changes to CANDIDATE, lastRpcTime:5318, electionTimeout:5184ms
2019-09-26 15:13:33,913 [Thread-1264] INFO  impl.FollowerState (FollowerState.java:run(106)) - b3e939fd-eb36-468b-9efe-5d0a1fdaa172:group-597DE855A82D changes to CANDIDATE, lastRpcTime:5144, electionTimeout:5010ms
2019-09-26 15:13:33,913 [Thread-1258] INFO  impl.FollowerState (FollowerState.java:run(106)) - b3e939fd-eb36-468b-9efe-5d0a1fdaa172:group-C47DA51F7039 changes to CANDIDATE, lastRpcTime:5218, electionTimeout:5085ms
2019-09-26 15:13:33,913 [Thread-1255] INFO  impl.FollowerState (FollowerState.java:run(106)) - b3e939fd-eb36-468b-9efe-5d0a1fdaa172:group-10287887346D changes to CANDIDATE, lastRpcTime:5242, electionTimeout:5148ms
2019-09-26 15:13:33,912 [Thread-1261] INFO  impl.FollowerState (FollowerState.java:run(106)) - b3e939fd-eb36-468b-9efe-5d0a1fdaa172:group-28A0353D16EE changes to CANDIDATE, lastRpcTime:5181, electionTimeout:5143ms
2019-09-26 15:13:33,665 [b3e939fd-eb36-468b-9efe-5d0a1fdaa172@group-D829294084A7:LeaderElection187] INFO  server.RaftServerConfigKeys (ConfUtils.java:logGet(43)) - raft.server.rpc.sleep.time = 25ms (default)
2019-09-26 15:13:33,665 [b3e939fd-eb36-468b-9efe-5d0a1fdaa172@group-9BC164364327:LeaderElection176] INFO  impl.RaftServerImpl (ServerState.java:setRaftConf(354)) - b3e939fd-eb36-468b-9efe-5d0a1fdaa172@group-9BC164364327: set configuration 0: [b3e939fd-eb36-468b-9efe-5d0a1fdaa172:192.168.151.99:45433], old=null at 0
2019-09-26 15:13:33,665 [b3e939fd-eb36-468b-9efe-5d0a1fdaa172@group-7F4E2958F83B:LeaderElection180] INFO  server.RaftServerConfigKeys (ConfUtils.java:logGet(43)) - raft.server.rpc.sleep.time = 25ms (default)
2019-09-26 15:13:33,665 [b3e939fd-eb36-468b-9efe-5d0a1fdaa172@group-8152E6A19D97:LeaderElection179] INFO  server.RaftServerConfigKeys (ConfUtils.java:logGet(43)) - raft.server.rpc.sleep.time = 25ms (default)
2019-09-26 15:13:33,665 [b3e939fd-eb36-468b-9efe-5d0a1fdaa172@group-CB05FC8C1EB7:LeaderElection183] INFO  segmented.SegmentedRaftLogWorker (SegmentedRaftLogWorker.java:startLogSegment(380)) - b3e939fd-eb36-468b-9efe-5d0a1fdaa172@group-CB05FC8C1EB7-SegmentedRaftLogWorker: Starting segment from index:0
2019-09-26 15:13:33,665 [b3e939fd-eb36-468b-9efe-5d0a1fdaa172@group-CF8139000EF1:LeaderElection175] INFO  server.RaftServerConfigKeys (ConfUtils.java:logGet(43)) - raft.server.watch.timeout.denomination = 1s (default)
2019-09-26 15:13:34,370 [b3e939fd-eb36-468b-9efe-5d0a1fdaa172@group-8152E6A19D97:LeaderElection179] INFO  server.RaftServerConfigKeys (ConfUtils.java:logGet(43)) - raft.server.write.element-limit = 4096 (default)
2019-09-26 15:13:34,371 [b3e939fd-eb36-468b-9efe-5d0a1fdaa172@group-CB05FC8C1EB7:LeaderElection183] INFO  impl.RaftServerImpl (ServerState.java:setRaftConf(354)) - b3e939fd-eb36-468b-9efe-5d0a1fdaa172@group-CB05FC8C1EB7: set configuration 0: [b3e939fd-eb36-468b-9efe-5d0a1fdaa172:192.168.151.99:45433], old=null at 0
2019-09-26 15:13:34,370 [b3e939fd-eb36-468b-9efe-5d0a1fdaa172@group-7F4E2958F83B:LeaderElection180] INFO  server.RaftServerConfigKeys (ConfUtils.java:logGet(43)) - raft.server.write.element-limit = 4096 (default)
2019-09-26 15:13:34,370 [b3e939fd-eb36-468b-9efe-5d0a1fdaa172@group-D829294084A7:LeaderElection187] INFO  server.RaftServerConfigKeys (ConfUtils.java:logGet(43)) - raft.server.write.element-limit = 4096 (default)
2019-09-26 15:13:34,370 [Thread-1261] INFO  impl.RoleInfo (RoleInfo.java:shutdownFollowerState(121)) - b3e939fd-eb36-468b-9efe-5d0a1fdaa172: shutdown FollowerState
2019-09-26 15:13:34,370 [Thread-1255] INFO  impl.RoleInfo (RoleInfo.java:shutdownFollowerState(121)) - b3e939fd-eb36-468b-9efe-5d0a1fdaa172: shutdown FollowerState
2019-09-26 15:13:34,371 [Thread-1255] INFO  impl.RaftServerImpl (RaftServerImpl.java:setRole(174)) - b3e939fd-eb36-468b-9efe-5d0a1fdaa172@group-10287887346D: changes role from  FOLLOWER to CANDIDATE at term 0 for changeToCandidate
2019-09-26 15:13:34,370 [Thread-1258] INFO  impl.RoleInfo (RoleInfo.java:shutdownFollowerState(121)) - b3e939fd-eb36-468b-9efe-5d0a1fdaa172: shutdown FollowerState
2019-09-26 15:13:34,370 [Thread-1264] INFO  impl.RoleInfo (RoleInfo.java:shutdownFollowerState(121)) - b3e939fd-eb36-468b-9efe-5d0a1fdaa172: shutdown FollowerState
2019-09-26 15:13:34,369 [Thread-1249] INFO  impl.RoleInfo (RoleInfo.java:shutdownFollowerState(121)) - b3e939fd-eb36-468b-9efe-5d0a1fdaa172: shutdown FollowerState
2019-09-26 15:13:34,369 [Thread-1252] INFO  impl.RoleInfo (RoleInfo.java:shutdownFollowerState(121)) - b3e939fd-eb36-468b-9efe-5d0a1fdaa172: shutdown FollowerState
2019-09-26 15:13:34,369 [b3e939fd-eb36-468b-9efe-5d0a1fdaa172@group-FD4703A36E0D-SegmentedRaftLogWorker] INFO  util.JmxRegister (JmxRegister.java:unregister(73)) - Successfully un-registered JMX Bean with object name Ratis:service=RaftServer,group=group-FD4703A36E0D,id=b3e939fd-eb36-468b-9efe-5d0a1fdaa172
2019-09-26 15:13:34,369 [b3e939fd-eb36-468b-9efe-5d0a1fdaa172@group-05D02A6E9E31-SegmentedRaftLogWorker] INFO  impl.RaftServerImpl (RaftServerImpl.java:lambda$shutdown$3(251)) - b3e939fd-eb36-468b-9efe-5d0a1fdaa172@group-05D02A6E9E31: shutdown
2019-09-26 15:13:34,369 [Thread-1246] INFO  impl.RoleInfo (RoleInfo.java:shutdownFollowerState(121)) - b3e939fd-eb36-468b-9efe-5d0a1fdaa172: shutdown FollowerState
2019-09-26 15:13:34,369 [Thread-1243] INFO  impl.RoleInfo (RoleInfo.java:shutdownFollowerState(121)) - b3e939fd-eb36-468b-9efe-5d0a1fdaa172: shutdown FollowerState
2019-09-26 15:13:34,368 [b3e939fd-eb36-468b-9efe-5d0a1fdaa172@group-EDB6546B42A1:LeaderElection189] INFO  server.RaftServerConfigKeys (ConfUtils.java:logGet(43)) - raft.server.watch.timeout = 10s (default)
2019-09-26 15:13:34,368 [Thread-1279] INFO  impl.RoleInfo (RoleInfo.java:shutdownFollowerState(121)) - b3e939fd-eb36-468b-9efe-5d0a1fdaa172: shutdown FollowerState
2019-09-26 15:13:34,368 [Thread-1276] INFO  impl.RoleInfo (RoleInfo.java:shutdownFollowerState(121)) - b3e939fd-eb36-468b-9efe-5d0a1fdaa172: shutdown FollowerState
2019-09-26 15:13:34,372 [Thread-1276] INFO  impl.RaftServerImpl (RaftServerImpl.java:setRole(174)) - b3e939fd-eb36-468b-9efe-5d0a1fdaa172@group-7EAC044EFCFC: changes role from  FOLLOWER to CANDIDATE at term 0 for changeToCandidate
2019-09-26 15:13:34,368 [Thread-1282] INFO  impl.RoleInfo (RoleInfo.java:shutdownFollowerState(121)) - b3e939fd-eb36-468b-9efe-5d0a1fdaa172: shutdown FollowerState
2019-09-26 15:13:34,368 [Thread-1270] INFO  impl.RoleInfo (RoleInfo.java:shutdownFollowerState(121)) - b3e939fd-eb36-468b-9efe-5d0a1fdaa172: shutdown FollowerState
2019-09-26 15:13:34,367 [Thread-1285] INFO  impl.FollowerState (FollowerState.java:run(106)) - b3e939fd-eb36-468b-9efe-5d0a1fdaa172:group-028EEA1990DD changes to CANDIDATE, lastRpcTime:5320, electionTimeout:5132ms
2019-09-26 15:13:34,129 [Thread-1267] INFO  impl.RoleInfo (RoleInfo.java:shutdownFollowerState(121)) - b3e939fd-eb36-468b-9efe-5d0a1fdaa172: shutdown FollowerState
2019-09-26 15:13:34,129 [b3e939fd-eb36-468b-9efe-5d0a1fdaa172@group-898D87100B2B:LeaderElection182] INFO  impl.RaftServerImpl (ServerState.java:setRaftConf(354)) - b3e939fd-eb36-468b-9efe-5d0a1fdaa172@group-898D87100B2B: set configuration 0: [b3e939fd-eb36-468b-9efe-5d0a1fdaa172:192.168.151.99:45433], old=null at 0
2019-09-26 15:13:34,129 [Thread-1273] INFO  impl.RoleInfo (RoleInfo.java:shutdownFollowerState(121)) - b3e939fd-eb36-468b-9efe-5d0a1fdaa172: shutdown FollowerState
2019-09-26 15:13:34,129 [Thread-1228] INFO  impl.RaftServerImpl (RaftServerImpl.java:setRole(174)) - b3e939fd-eb36-468b-9efe-5d0a1fdaa172@group-9E432427BF8B: changes role from  FOLLOWER to CANDIDATE at term 0 for changeToCandidate
2019-09-26 15:13:34,129 [Thread-1237] INFO  impl.RoleInfo (RoleInfo.java:updateAndGet(143)) - b3e939fd-eb36-468b-9efe-5d0a1fdaa172: start LeaderElection
2019-09-26 15:13:34,129 [Thread-1234] INFO  impl.RaftServerImpl (RaftServerImpl.java:setRole(174)) - b3e939fd-eb36-468b-9efe-5d0a1fdaa172@group-9F10B5770DAC: changes role from  FOLLOWER to CANDIDATE at term 0 for changeToCandidate
2019-09-26 15:13:34,129 [Thread-1240] INFO  impl.RaftServerImpl (RaftServerImpl.java:setRole(174)) - b3e939fd-eb36-468b-9efe-5d0a1fdaa172@group-3B9C1EE8AD07: changes role from  FOLLOWER to CANDIDATE at term 0 for changeToCandidate
2019-09-26 15:13:34,129 [b3e939fd-eb36-468b-9efe-5d0a1fdaa172@group-8B05B049A6AC:LeaderElection195] INFO  impl.RaftServerImpl (RaftServerImpl.java:setRole(174)) - b3e939fd-eb36-468b-9efe-5d0a1fdaa172@group-8B05B049A6AC: changes role from CANDIDATE to LEADER at term 1 for changeToLeader
2019-09-26 15:13:34,129 [b3e939fd-eb36-468b-9efe-5d0a1fdaa172@group-17591B66EB53:LeaderElection196] INFO  impl.RaftServerImpl (RaftServerImpl.java:setRole(174)) - b3e939fd-eb36-468b-9efe-5d0a1fdaa172@group-17591B66EB53: changes role from CANDIDATE to LEADER at term 1 for changeToLeader
2019-09-26 15:13:34,128 [b3e939fd-eb36-468b-9efe-5d0a1fdaa172@group-28CF379EBB19:LeaderElection194] INFO  impl.RaftServerImpl (ServerState.java:setLeader(253)) - b3e939fd-eb36-468b-9efe-5d0a1fdaa172@group-28CF379EBB19: change Leader from null to b3e939fd-eb36-468b-9efe-5d0a1fdaa172 at term 1 for becomeLeader, leader elected after 6534ms
2019-09-26 15:13:34,128 [b3e939fd-eb36-468b-9efe-5d0a1fdaa172@group-726852ADE118:LeaderElection198] INFO  impl.RaftServerImpl (RaftServerImpl.java:setRole(174)) - b3e939fd-eb36-468b-9efe-5d0a1fdaa172@group-726852ADE118: changes role from CANDIDATE to LEADER at term 1 for changeToLeader
2019-09-26 15:13:34,128 [b3e939fd-eb36-468b-9efe-5d0a1fdaa172@group-4282880CA77F:LeaderElection197] INFO  impl.RaftServerImpl (RaftServerImpl.java:setRole(174)) - b3e939fd-eb36-468b-9efe-5d0a1fdaa172@group-4282880CA77F: changes role from CANDIDATE to LEADER at term 1 for changeToLeader
2019-09-26 15:13:34,128 [Thread-1204] INFO  impl.RaftServerImpl (RaftServerImpl.java:setRole(174)) - b3e939fd-eb36-468b-9efe-5d0a1fdaa172@group-5DF16D025390: changes role from  FOLLOWER to CANDIDATE at term 0 for changeToCandidate
2019-09-26 15:13:34,128 [Thread-1216] INFO  impl.RaftServerImpl (RaftServerImpl.java:setRole(174)) - b3e939fd-eb36-468b-9efe-5d0a1fdaa172@group-778C63AA011E: changes role from  FOLLOWER to CANDIDATE at term 0 for changeToCandidate
2019-09-26 15:13:34,128 [Thread-1210] INFO  impl.RaftServerImpl (RaftServerImpl.java:setRole(174)) - b3e939fd-eb36-468b-9efe-5d0a1fdaa172@group-F2FE42403F49: changes role from  FOLLOWER to CANDIDATE at term 0 for changeToCandidate
2019-09-26 15:13:34,128 [Thread-1222] INFO  impl.RaftServerImpl (RaftServerImpl.java:setRole(174)) - b3e939fd-eb36-468b-9efe-5d0a1fdaa172@group-337EFED2784C: changes role from  FOLLOWER to CANDIDATE at term 0 for changeToCandidate
2019-09-26 15:13:34,128 [Thread-1213] INFO  impl.RaftServerImpl (RaftServerImpl.java:setRole(174)) - b3e939fd-eb36-468b-9efe-5d0a1fdaa172@group-9B7D74F6726A: changes role from  FOLLOWER to CANDIDATE at term 0 for changeToCandidate
2019-09-26 15:13:34,128 [Thread-1225] INFO  impl.RoleInfo (RoleInfo.java:updateAndGet(143)) - b3e939fd-eb36-468b-9efe-5d0a1fdaa172: start LeaderElection
2019-09-26 15:13:34,128 [Thread-1219] INFO  impl.RaftServerImpl (RaftServerImpl.java:setRole(174)) - b3e939fd-eb36-468b-9efe-5d0a1fdaa172@group-B7C42A2D7902: changes role from  FOLLOWER to CANDIDATE at term 0 for changeToCandidate
2019-09-26 15:13:34,128 [Thread-1231] INFO  impl.RaftServerImpl (RaftServerImpl.java:setRole(174)) - b3e939fd-eb36-468b-9efe-5d0a1fdaa172@group-47726A36F552: changes role from  FOLLOWER to CANDIDATE at term 0 for changeToCandidate
2019-09-26 15:13:34,128 [b3e939fd-eb36-468b-9efe-5d0a1fdaa172@group-8ABA77F86B69:LeaderElection191] INFO  server.RaftServerConfigKeys (ConfUtils.java:logGet(43)) - raft.server.write.element-limit = 4096 (default)
2019-09-26 15:13:34,127 [b3e939fd-eb36-468b-9efe-5d0a1fdaa172@group-B8BD40BC5605:LeaderElection185] INFO  server.RaftServerConfigKeys (ConfUtils.java:logGet(43)) - raft.server.watch.timeout = 10s (default)
2019-09-26 15:13:34,375 [b3e939fd-eb36-468b-9efe-5d0a1fdaa172@group-A329D7889155-SegmentedRaftLogWorker] ERROR segmented.SegmentedRaftLogWorker (SegmentedRaftLogWorker.java:run(323)) - b3e939fd-eb36-468b-9efe-5d0a1fdaa172@group-A329D7889155-SegmentedRaftLogWorker hit exception
java.lang.OutOfMemoryError: Direct buffer memory
	at java.nio.Bits.reserveMemory(Bits.java:666)
	at java.nio.DirectByteBuffer.<init>(DirectByteBuffer.java:123)
	at java.nio.ByteBuffer.allocateDirect(ByteBuffer.java:311)
	at org.apache.ratis.server.raftlog.segmented.BufferedWriteChannel.<init>(BufferedWriteChannel.java:41)
	at org.apache.ratis.server.raftlog.segmented.SegmentedRaftLogOutputStream.<init>(SegmentedRaftLogOutputStream.java:72)
	at org.apache.ratis.server.raftlog.segmented.SegmentedRaftLogWorker$StartLogSegment.execute(SegmentedRaftLogWorker.java:566)
	at org.apache.ratis.server.raftlog.segmented.SegmentedRaftLogWorker.run(SegmentedRaftLogWorker.java:289)
	at java.lang.Thread.run(Thread.java:748)
2019-09-26 15:13:34,127 [b3e939fd-eb36-468b-9efe-5d0a1fdaa172@group-C91B064953F8:LeaderElection186] INFO  server.RaftServerConfigKeys (ConfUtils.java:logGet(43)) - raft.server.watch.timeout = 10s (default)
2019-09-26 15:13:34,127 [b3e939fd-eb36-468b-9efe-5d0a1fdaa172@group-D8D26DDCCD10:LeaderElection193] INFO  server.RaftServerConfigKeys (ConfUtils.java:logGet(43)) - raft.server.staging.catchup.gap = 1000 (default)
2019-09-26 15:13:34,375 [b3e939fd-eb36-468b-9efe-5d0a1fdaa172@group-D8D26DDCCD10:LeaderElection193] INFO  server.RaftServerConfigKeys (ConfUtils.java:logGet(43)) - raft.server.rpc.sleep.time = 25ms (default)
2019-09-26 15:13:34,126 [b3e939fd-eb36-468b-9efe-5d0a1fdaa172@group-62721CB6E9BE:LeaderElection192] INFO  server.RaftServerConfigKeys (ConfUtils.java:logGet(43)) - raft.server.write.element-limit = 4096 (default)
2019-09-26 15:13:34,126 [b3e939fd-eb36-468b-9efe-5d0a1fdaa172@group-5D100605878C:LeaderElection188] INFO  server.RaftServerConfigKeys (ConfUtils.java:logGet(43)) - raft.server.watch.timeout = 10s (default)
2019-09-26 15:13:34,126 [Thread-1170] INFO  impl.RoleInfo (RoleInfo.java:updateAndGet(143)) - b3e939fd-eb36-468b-9efe-5d0a1fdaa172: start LeaderElection
2019-09-26 15:13:34,126 [b3e939fd-eb36-468b-9efe-5d0a1fdaa172@group-0D1607784BB5:LeaderElection178] INFO  server.RaftServerConfigKeys (ConfUtils.java:logGet(43)) - raft.server.watch.timeout = 10s (default)
2019-09-26 15:13:34,126 [b3e939fd-eb36-468b-9efe-5d0a1fdaa172@group-3B7C4B923211:LeaderElection190] INFO  server.RaftServerConfigKeys (ConfUtils.java:logGet(43)) - raft.server.write.element-limit = 4096 (default)
2019-09-26 15:13:34,376 [b3e939fd-eb36-468b-9efe-5d0a1fdaa172@group-0D1607784BB5:LeaderElection178] INFO  server.RaftServerConfigKeys (ConfUtils.java:logGet(43)) - raft.server.watch.timeout.denomination = 1s (default)
2019-09-26 15:13:34,376 [b3e939fd-eb36-468b-9efe-5d0a1fdaa172@group-5D100605878C:LeaderElection188] INFO  server.RaftServerConfigKeys (ConfUtils.java:logGet(43)) - raft.server.watch.timeout.denomination = 1s (default)
2019-09-26 15:13:34,375 [b3e939fd-eb36-468b-9efe-5d0a1fdaa172@group-62721CB6E9BE:LeaderElection192] INFO  server.RaftServerConfigKeys (ConfUtils.java:logGet(43)) - raft.server.watch.timeout = 10s (default)
2019-09-26 15:13:34,375 [b3e939fd-eb36-468b-9efe-5d0a1fdaa172@group-D8D26DDCCD10:LeaderElection193] INFO  server.RaftServerConfigKeys (ConfUtils.java:logGet(43)) - raft.server.write.element-limit = 4096 (default)
2019-09-26 15:13:34,375 [b3e939fd-eb36-468b-9efe-5d0a1fdaa172@group-C91B064953F8:LeaderElection186] INFO  server.RaftServerConfigKeys (ConfUtils.java:logGet(43)) - raft.server.watch.timeout.denomination = 1s (default)
2019-09-26 15:13:34,375 [b3e939fd-eb36-468b-9efe-5d0a1fdaa172@group-A329D7889155-SegmentedRaftLogWorker] INFO  impl.RaftServerImpl (RaftServerImpl.java:lambda$shutdown$3(251)) - b3e939fd-eb36-468b-9efe-5d0a1fdaa172@group-A329D7889155: shutdown
2019-09-26 15:13:34,375 [b3e939fd-eb36-468b-9efe-5d0a1fdaa172@group-B8BD40BC5605:LeaderElection185] INFO  server.RaftServerConfigKeys (ConfUtils.java:logGet(43)) - raft.server.watch.timeout.denomination = 1s (default)
2019-09-26 15:13:34,375 [b3e939fd-eb36-468b-9efe-5d0a1fdaa172@group-8ABA77F86B69:LeaderElection191] INFO  server.RaftServerConfigKeys (ConfUtils.java:logGet(43)) - raft.server.watch.timeout = 10s (default)
2019-09-26 15:13:34,375 [Thread-1231] INFO  impl.RoleInfo (RoleInfo.java:updateAndGet(143)) - b3e939fd-eb36-468b-9efe-5d0a1fdaa172: start LeaderElection
2019-09-26 15:13:34,374 [Thread-1219] INFO  impl.RoleInfo (RoleInfo.java:updateAndGet(143)) - b3e939fd-eb36-468b-9efe-5d0a1fdaa172: start LeaderElection
2019-09-26 15:13:34,374 [Thread-1213] INFO  impl.RoleInfo (RoleInfo.java:updateAndGet(143)) - b3e939fd-eb36-468b-9efe-5d0a1fdaa172: start LeaderElection
2019-09-26 15:13:34,374 [Thread-1222] INFO  impl.RoleInfo (RoleInfo.java:updateAndGet(143)) - b3e939fd-eb36-468b-9efe-5d0a1fdaa172: start LeaderElection
2019-09-26 15:13:34,374 [Thread-1210] INFO  impl.RoleInfo (RoleInfo.java:updateAndGet(143)) - b3e939fd-eb36-468b-9efe-5d0a1fdaa172: start LeaderElection
2019-09-26 15:13:34,374 [Thread-1216] INFO  impl.RoleInfo (RoleInfo.java:updateAndGet(143)) - b3e939fd-eb36-468b-9efe-5d0a1fdaa172: start LeaderElection
2019-09-26 15:13:34,374 [Thread-1204] INFO  impl.RoleInfo (RoleInfo.java:updateAndGet(143)) - b3e939fd-eb36-468b-9efe-5d0a1fdaa172: start LeaderElection
2019-09-26 15:13:34,374 [b3e939fd-eb36-468b-9efe-5d0a1fdaa172@group-4282880CA77F:LeaderElection197] INFO  impl.RaftServerImpl (ServerState.java:setLeader(253)) - b3e939fd-eb36-468b-9efe-5d0a1fdaa172@group-4282880CA77F: change Leader from null to b3e939fd-eb36-468b-9efe-5d0a1fdaa172 at term 1 for becomeLeader, leader elected after 6709ms
2019-09-26 15:13:34,377 [b3e939fd-eb36-468b-9efe-5d0a1fdaa172@group-4282880CA77F:LeaderElection197] INFO  server.RaftServerConfigKeys (ConfUtils.java:logGet(43)) - raft.server.staging.catchup.gap = 1000 (default)
2019-09-26 15:13:34,374 [b3e939fd-eb36-468b-9efe-5d0a1fdaa172@group-726852ADE118:LeaderElection198] INFO  impl.RaftServerImpl (ServerState.java:setLeader(253)) - b3e939fd-eb36-468b-9efe-5d0a1fdaa172@group-726852ADE118: change Leader from null to b3e939fd-eb36-468b-9efe-5d0a1fdaa172 at term 1 for becomeLeader, leader elected after 6601ms
2019-09-26 15:13:34,374 [b3e939fd-eb36-468b-9efe-5d0a1fdaa172@group-28CF379EBB19:LeaderElection194] INFO  server.RaftServerConfigKeys (ConfUtils.java:logGet(43)) - raft.server.staging.catchup.gap = 1000 (default)
2019-09-26 15:13:34,378 [b3e939fd-eb36-468b-9efe-5d0a1fdaa172@group-28CF379EBB19:LeaderElection194] INFO  server.RaftServerConfigKeys (ConfUtils.java:logGet(43)) - raft.server.rpc.sleep.time = 25ms (default)
2019-09-26 15:13:34,374 [b3e939fd-eb36-468b-9efe-5d0a1fdaa172@group-17591B66EB53:LeaderElection196] INFO  impl.RaftServerImpl (ServerState.java:setLeader(253)) - b3e939fd-eb36-468b-9efe-5d0a1fdaa172@group-17591B66EB53: change Leader from null to b3e939fd-eb36-468b-9efe-5d0a1fdaa172 at term 1 for becomeLeader, leader elected after 6684ms
2019-09-26 15:13:34,373 [b3e939fd-eb36-468b-9efe-5d0a1fdaa172@group-8B05B049A6AC:LeaderElection195] INFO  impl.RaftServerImpl (ServerState.java:setLeader(253)) - b3e939fd-eb36-468b-9efe-5d0a1fdaa172@group-8B05B049A6AC: change Leader from null to b3e939fd-eb36-468b-9efe-5d0a1fdaa172 at term 1 for becomeLeader, leader elected after 6839ms
2019-09-26 15:13:34,373 [Thread-1240] INFO  impl.RoleInfo (RoleInfo.java:updateAndGet(143)) - b3e939fd-eb36-468b-9efe-5d0a1fdaa172: start LeaderElection
2019-09-26 15:13:34,373 [Thread-1234] INFO  impl.RoleInfo (RoleInfo.java:updateAndGet(143)) - b3e939fd-eb36-468b-9efe-5d0a1fdaa172: start LeaderElection
2019-09-26 15:13:34,373 [Thread-1228] INFO  impl.RoleInfo (RoleInfo.java:updateAndGet(143)) - b3e939fd-eb36-468b-9efe-5d0a1fdaa172: start LeaderElection
2019-09-26 15:13:34,373 [Thread-1273] INFO  impl.RaftServerImpl (RaftServerImpl.java:setRole(174)) - b3e939fd-eb36-468b-9efe-5d0a1fdaa172@group-1A432A011447: changes role from  FOLLOWER to CANDIDATE at term 0 for changeToCandidate
2019-09-26 15:13:34,373 [Thread-1267] INFO  impl.RaftServerImpl (RaftServerImpl.java:setRole(174)) - b3e939fd-eb36-468b-9efe-5d0a1fdaa172@group-1634C81BDE85: changes role from  FOLLOWER to CANDIDATE at term 0 for changeToCandidate
2019-09-26 15:13:34,373 [Thread-1285] INFO  impl.RoleInfo (RoleInfo.java:shutdownFollowerState(121)) - b3e939fd-eb36-468b-9efe-5d0a1fdaa172: shutdown FollowerState
2019-09-26 15:13:34,373 [Thread-1270] INFO  impl.RaftServerImpl (RaftServerImpl.java:setRole(174)) - b3e939fd-eb36-468b-9efe-5d0a1fdaa172@group-599EFAC1E503: changes role from  FOLLOWER to CANDIDATE at term 0 for changeToCandidate
2019-09-26 15:13:34,373 [Thread-1282] INFO  impl.RaftServerImpl (RaftServerImpl.java:setRole(174)) - b3e939fd-eb36-468b-9efe-5d0a1fdaa172@group-2F5911C68895: changes role from  FOLLOWER to CANDIDATE at term 0 for changeToCandidate
2019-09-26 15:13:34,373 [Thread-1276] INFO  impl.RoleInfo (RoleInfo.java:updateAndGet(143)) - b3e939fd-eb36-468b-9efe-5d0a1fdaa172: start LeaderElection
2019-09-26 15:13:34,372 [Thread-1279] INFO  impl.RaftServerImpl (RaftServerImpl.java:setRole(174)) - b3e939fd-eb36-468b-9efe-5d0a1fdaa172@group-EBA4A4160D1B: changes role from  FOLLOWER to CANDIDATE at term 0 for changeToCandidate
2019-09-26 15:13:34,372 [b3e939fd-eb36-468b-9efe-5d0a1fdaa172@group-EDB6546B42A1:LeaderElection189] INFO  server.RaftServerConfigKeys (ConfUtils.java:logGet(43)) - raft.server.watch.timeout.denomination = 1s (default)
2019-09-26 15:13:34,372 [Thread-1243] INFO  impl.RaftServerImpl (RaftServerImpl.java:setRole(174)) - b3e939fd-eb36-468b-9efe-5d0a1fdaa172@group-124765275578: changes role from  FOLLOWER to CANDIDATE at term 0 for changeToCandidate
2019-09-26 15:13:34,372 [Thread-1246] INFO  impl.RaftServerImpl (RaftServerImpl.java:setRole(174)) - b3e939fd-eb36-468b-9efe-5d0a1fdaa172@group-FC0C2CB5B5D7: changes role from  FOLLOWER to CANDIDATE at term 0 for changeToCandidate
2019-09-26 15:13:34,372 [b3e939fd-eb36-468b-9efe-5d0a1fdaa172@group-05D02A6E9E31-SegmentedRaftLogWorker] INFO  util.JmxRegister (JmxRegister.java:unregister(73)) - Successfully un-registered JMX Bean with object name Ratis:service=RaftServer,group=group-05D02A6E9E31,id=b3e939fd-eb36-468b-9efe-5d0a1fdaa172
2019-09-26 15:13:34,379 [b3e939fd-eb36-468b-9efe-5d0a1fdaa172@group-05D02A6E9E31-SegmentedRaftLogWorker] INFO  impl.RoleInfo (RoleInfo.java:shutdownLeaderState(104)) - b3e939fd-eb36-468b-9efe-5d0a1fdaa172: shutdown LeaderState
2019-09-26 15:13:34,372 [b3e939fd-eb36-468b-9efe-5d0a1fdaa172@group-FD4703A36E0D-SegmentedRaftLogWorker] INFO  impl.RoleInfo (RoleInfo.java:shutdownLeaderState(104)) - b3e939fd-eb36-468b-9efe-5d0a1fdaa172: shutdown LeaderState
2019-09-26 15:13:34,372 [Thread-1252] INFO  impl.RaftServerImpl (RaftServerImpl.java:setRole(174)) - b3e939fd-eb36-468b-9efe-5d0a1fdaa172@group-9F36EFB420F2: changes role from  FOLLOWER to CANDIDATE at term 0 for changeToCandidate
2019-09-26 15:13:34,372 [Thread-1249] INFO  impl.RaftServerImpl (RaftServerImpl.java:setRole(174)) - b3e939fd-eb36-468b-9efe-5d0a1fdaa172@group-E2463642327B: changes role from  FOLLOWER to CANDIDATE at term 0 for changeToCandidate
2019-09-26 15:13:34,372 [Thread-1264] INFO  impl.RaftServerImpl (RaftServerImpl.java:setRole(174)) - b3e939fd-eb36-468b-9efe-5d0a1fdaa172@group-597DE855A82D: changes role from  FOLLOWER to CANDIDATE at term 0 for changeToCandidate
2019-09-26 15:13:34,372 [Thread-1258] INFO  impl.RaftServerImpl (RaftServerImpl.java:setRole(174)) - b3e939fd-eb36-468b-9efe-5d0a1fdaa172@group-C47DA51F7039: changes role from  FOLLOWER to CANDIDATE at term 0 for changeToCandidate
2019-09-26 15:13:34,372 [Thread-1255] INFO  impl.RoleInfo (RoleInfo.java:updateAndGet(143)) - b3e939fd-eb36-468b-9efe-5d0a1fdaa172: start LeaderElection
2019-09-26 15:13:34,380 [Thread-1258] INFO  impl.RoleInfo (RoleInfo.java:updateAndGet(143)) - b3e939fd-eb36-468b-9efe-5d0a1fdaa172: start LeaderElection
2019-09-26 15:13:34,371 [Thread-1261] INFO  impl.RaftServerImpl (RaftServerImpl.java:setRole(174)) - b3e939fd-eb36-468b-9efe-5d0a1fdaa172@group-28A0353D16EE: changes role from  FOLLOWER to CANDIDATE at term 0 for changeToCandidate
2019-09-26 15:13:34,371 [b3e939fd-eb36-468b-9efe-5d0a1fdaa172@group-D829294084A7:LeaderElection187] INFO  server.RaftServerConfigKeys (ConfUtils.java:logGet(43)) - raft.server.watch.timeout = 10s (default)
2019-09-26 15:13:34,380 [b3e939fd-eb36-468b-9efe-5d0a1fdaa172@group-D829294084A7:LeaderElection187] INFO  server.RaftServerConfigKeys (ConfUtils.java:logGet(43)) - raft.server.watch.timeout.denomination = 1s (default)
2019-09-26 15:13:34,371 [b3e939fd-eb36-468b-9efe-5d0a1fdaa172@group-7F4E2958F83B:LeaderElection180] INFO  server.RaftServerConfigKeys (ConfUtils.java:logGet(43)) - raft.server.watch.timeout = 10s (default)
2019-09-26 15:13:34,371 [b3e939fd-eb36-468b-9efe-5d0a1fdaa172@group-8152E6A19D97:LeaderElection179] INFO  server.RaftServerConfigKeys (ConfUtils.java:logGet(43)) - raft.server.watch.timeout = 10s (default)
2019-09-26 15:13:34,371 [b3e939fd-eb36-468b-9efe-5d0a1fdaa172@group-CF8139000EF1:LeaderElection175] INFO  server.RaftServerConfigKeys (ConfUtils.java:logGet(43)) - raft.server.watch.element-limit = 65536 (default)
2019-09-26 15:13:34,380 [b3e939fd-eb36-468b-9efe-5d0a1fdaa172@group-8152E6A19D97:LeaderElection179] INFO  server.RaftServerConfigKeys (ConfUtils.java:logGet(43)) - raft.server.watch.timeout.denomination = 1s (default)
2019-09-26 15:13:34,381 [b3e939fd-eb36-468b-9efe-5d0a1fdaa172@group-8152E6A19D97:LeaderElection179] INFO  server.RaftServerConfigKeys (ConfUtils.java:logGet(43)) - raft.server.watch.element-limit = 65536 (default)
2019-09-26 15:13:34,380 [b3e939fd-eb36-468b-9efe-5d0a1fdaa172@group-7F4E2958F83B:LeaderElection180] INFO  server.RaftServerConfigKeys (ConfUtils.java:logGet(43)) - raft.server.watch.timeout.denomination = 1s (default)
2019-09-26 15:13:34,380 [b3e939fd-eb36-468b-9efe-5d0a1fdaa172@group-D829294084A7:LeaderElection187] INFO  server.RaftServerConfigKeys (ConfUtils.java:logGet(43)) - raft.server.watch.element-limit = 65536 (default)
2019-09-26 15:13:34,380 [Thread-1261] INFO  impl.RoleInfo (RoleInfo.java:updateAndGet(143)) - b3e939fd-eb36-468b-9efe-5d0a1fdaa172: start LeaderElection
2019-09-26 15:13:34,379 [Thread-1264] INFO  impl.RoleInfo (RoleInfo.java:updateAndGet(143)) - b3e939fd-eb36-468b-9efe-5d0a1fdaa172: start LeaderElection
2019-09-26 15:13:34,379 [Thread-1249] INFO  impl.RoleInfo (RoleInfo.java:updateAndGet(143)) - b3e939fd-eb36-468b-9efe-5d0a1fdaa172: start LeaderElection
2019-09-26 15:13:34,379 [Thread-1252] INFO  impl.RoleInfo (RoleInfo.java:updateAndGet(143)) - b3e939fd-eb36-468b-9efe-5d0a1fdaa172: start LeaderElection
2019-09-26 15:13:34,379 [b3e939fd-eb36-468b-9efe-5d0a1fdaa172@group-FD4703A36E0D-SegmentedRaftLogWorker] INFO  impl.PendingRequests (PendingRequests.java:sendNotLeaderResponses(202)) - b3e939fd-eb36-468b-9efe-5d0a1fdaa172-PendingRequests: sendNotLeaderResponses
2019-09-26 15:13:34,379 [b3e939fd-eb36-468b-9efe-5d0a1fdaa172@group-05D02A6E9E31-SegmentedRaftLogWorker] INFO  impl.PendingRequests (PendingRequests.java:sendNotLeaderResponses(202)) - b3e939fd-eb36-468b-9efe-5d0a1fdaa172-PendingRequests: sendNotLeaderResponses
2019-09-26 15:13:34,379 [Thread-1246] INFO  impl.RoleInfo (RoleInfo.java:updateAndGet(143)) - b3e939fd-eb36-468b-9efe-5d0a1fdaa172: start LeaderElection
2019-09-26 15:13:34,379 [Thread-1243] INFO  impl.RoleInfo (RoleInfo.java:updateAndGet(143)) - b3e939fd-eb36-468b-9efe-5d0a1fdaa172: start LeaderElection
2019-09-26 15:13:34,379 [b3e939fd-eb36-468b-9efe-5d0a1fdaa172@group-EDB6546B42A1:LeaderElection189] INFO  server.RaftServerConfigKeys (ConfUtils.java:logGet(43)) - raft.server.watch.element-limit = 65536 (default)
2019-09-26 15:13:34,379 [Thread-1279] INFO  impl.RoleInfo (RoleInfo.java:updateAndGet(143)) - b3e939fd-eb36-468b-9efe-5d0a1fdaa172: start LeaderElection
2019-09-26 15:13:34,379 [Thread-1282] INFO  impl.RoleInfo (RoleInfo.java:updateAndGet(143)) - b3e939fd-eb36-468b-9efe-5d0a1fdaa172: start LeaderElection
2019-09-26 15:13:34,379 [Thread-1270] INFO  impl.RoleInfo (RoleInfo.java:updateAndGet(143)) - b3e939fd-eb36-468b-9efe-5d0a1fdaa172: start LeaderElection
2019-09-26 15:13:34,378 [Thread-1285] INFO  impl.RaftServerImpl (RaftServerImpl.java:setRole(174)) - b3e939fd-eb36-468b-9efe-5d0a1fdaa172@group-028EEA1990DD: changes role from  FOLLOWER to CANDIDATE at term 0 for changeToCandidate
2019-09-26 15:13:34,378 [Thread-1267] INFO  impl.RoleInfo (RoleInfo.java:updateAndGet(143)) - b3e939fd-eb36-468b-9efe-5d0a1fdaa172: start LeaderElection
2019-09-26 15:13:34,378 [Thread-1273] INFO  impl.RoleInfo (RoleInfo.java:updateAndGet(143)) - b3e939fd-eb36-468b-9efe-5d0a1fdaa172: start LeaderElection
2019-09-26 15:13:34,378 [b3e939fd-eb36-468b-9efe-5d0a1fdaa172@group-8B05B049A6AC:LeaderElection195] INFO  server.RaftServerConfigKeys (ConfUtils.java:logGet(43)) - raft.server.staging.catchup.gap = 1000 (default)
2019-09-26 15:13:34,378 [b3e939fd-eb36-468b-9efe-5d0a1fdaa172@group-28CF379EBB19:LeaderElection194] INFO  server.RaftServerConfigKeys (ConfUtils.java:logGet(43)) - raft.server.write.element-limit = 4096 (default)
2019-09-26 15:13:34,378 [b3e939fd-eb36-468b-9efe-5d0a1fdaa172@group-17591B66EB53:LeaderElection196] INFO  server.RaftServerConfigKeys (ConfUtils.java:logGet(43)) - raft.server.staging.catchup.gap = 1000 (default)
2019-09-26 15:13:34,378 [b3e939fd-eb36-468b-9efe-5d0a1fdaa172@group-726852ADE118:LeaderElection198] INFO  server.RaftServerConfigKeys (ConfUtils.java:logGet(43)) - raft.server.staging.catchup.gap = 1000 (default)
2019-09-26 15:13:34,377 [b3e939fd-eb36-468b-9efe-5d0a1fdaa172@group-4282880CA77F:LeaderElection197] INFO  server.RaftServerConfigKeys (ConfUtils.java:logGet(43)) - raft.server.rpc.sleep.time = 25ms (default)
2019-09-26 15:13:34,377 [b3e939fd-eb36-468b-9efe-5d0a1fdaa172@group-8ABA77F86B69:LeaderElection191] INFO  server.RaftServerConfigKeys (ConfUtils.java:logGet(43)) - raft.server.watch.timeout.denomination = 1s (default)
2019-09-26 15:13:34,377 [b3e939fd-eb36-468b-9efe-5d0a1fdaa172@group-B8BD40BC5605:LeaderElection185] INFO  server.RaftServerConfigKeys (ConfUtils.java:logGet(43)) - raft.server.watch.element-limit = 65536 (default)
2019-09-26 15:13:34,376 [b3e939fd-eb36-468b-9efe-5d0a1fdaa172@group-A329D7889155-SegmentedRaftLogWorker] INFO  util.JmxRegister (JmxRegister.java:unregister(73)) - Successfully un-registered JMX Bean with object name Ratis:service=RaftServer,group=group-A329D7889155,id=b3e939fd-eb36-468b-9efe-5d0a1fdaa172
2019-09-26 15:13:34,376 [b3e939fd-eb36-468b-9efe-5d0a1fdaa172@group-C91B064953F8:LeaderElection186] INFO  server.RaftServerConfigKeys (ConfUtils.java:logGet(43)) - raft.server.watch.element-limit = 65536 (default)
2019-09-26 15:13:34,376 [b3e939fd-eb36-468b-9efe-5d0a1fdaa172@group-D8D26DDCCD10:LeaderElection193] INFO  server.RaftServerConfigKeys (ConfUtils.java:logGet(43)) - raft.server.watch.timeout = 10s (default)
2019-09-26 15:13:34,384 [b3e939fd-eb36-468b-9efe-5d0a1fdaa172@group-D8D26DDCCD10:LeaderElection193] INFO  server.RaftServerConfigKeys (ConfUtils.java:logGet(43)) - raft.server.watch.timeout.denomination = 1s (default)
2019-09-26 15:13:34,376 [b3e939fd-eb36-468b-9efe-5d0a1fdaa172@group-62721CB6E9BE:LeaderElection192] INFO  server.RaftServerConfigKeys (ConfUtils.java:logGet(43)) - raft.server.watch.timeout.denomination = 1s (default)
2019-09-26 15:13:34,376 [b3e939fd-eb36-468b-9efe-5d0a1fdaa172@group-5D100605878C:LeaderElection188] INFO  server.RaftServerConfigKeys (ConfUtils.java:logGet(43)) - raft.server.watch.element-limit = 65536 (default)
2019-09-26 15:13:34,376 [b3e939fd-eb36-468b-9efe-5d0a1fdaa172@group-0D1607784BB5:LeaderElection178] INFO  server.RaftServerConfigKeys (ConfUtils.java:logGet(43)) - raft.server.watch.element-limit = 65536 (default)
2019-09-26 15:13:34,376 [b3e939fd-eb36-468b-9efe-5d0a1fdaa172@group-3B7C4B923211:LeaderElection190] INFO  server.RaftServerConfigKeys (ConfUtils.java:logGet(43)) - raft.server.watch.timeout = 10s (default)
2019-09-26 15:13:34,385 [b3e939fd-eb36-468b-9efe-5d0a1fdaa172@group-3B7C4B923211:LeaderElection190] INFO  server.RaftServerConfigKeys (ConfUtils.java:logGet(43)) - raft.server.watch.timeout.denomination = 1s (default)
2019-09-26 15:13:34,384 [b3e939fd-eb36-468b-9efe-5d0a1fdaa172@group-62721CB6E9BE:LeaderElection192] INFO  server.RaftServerConfigKeys (ConfUtils.java:logGet(43)) - raft.server.watch.element-limit = 65536 (default)
2019-09-26 15:13:34,384 [b3e939fd-eb36-468b-9efe-5d0a1fdaa172@group-D8D26DDCCD10:LeaderElection193] INFO  server.RaftServerConfigKeys (ConfUtils.java:logGet(43)) - raft.server.watch.element-limit = 65536 (default)
2019-09-26 15:13:34,384 [b3e939fd-eb36-468b-9efe-5d0a1fdaa172@group-A329D7889155-SegmentedRaftLogWorker] INFO  impl.RoleInfo (RoleInfo.java:shutdownLeaderState(104)) - b3e939fd-eb36-468b-9efe-5d0a1fdaa172: shutdown LeaderState
2019-09-26 15:13:34,383 [b3e939fd-eb36-468b-9efe-5d0a1fdaa172@group-8ABA77F86B69:LeaderElection191] INFO  server.RaftServerConfigKeys (ConfUtils.java:logGet(43)) - raft.server.watch.element-limit = 65536 (default)
2019-09-26 15:13:34,383 [b3e939fd-eb36-468b-9efe-5d0a1fdaa172@group-4282880CA77F:LeaderElection197] INFO  server.RaftServerConfigKeys (ConfUtils.java:logGet(43)) - raft.server.write.element-limit = 4096 (default)
2019-09-26 15:13:34,383 [b3e939fd-eb36-468b-9efe-5d0a1fdaa172@group-726852ADE118:LeaderElection198] INFO  server.RaftServerConfigKeys (ConfUtils.java:logGet(43)) - raft.server.rpc.sleep.time = 25ms (default)
2019-09-26 15:13:34,383 [b3e939fd-eb36-468b-9efe-5d0a1fdaa172@group-17591B66EB53:LeaderElection196] INFO  server.RaftServerConfigKeys (ConfUtils.java:logGet(43)) - raft.server.rpc.sleep.time = 25ms (default)
2019-09-26 15:13:34,383 [Thread-1285] INFO  impl.RoleInfo (RoleInfo.java:updateAndGet(143)) - b3e939fd-eb36-468b-9efe-5d0a1fdaa172: start LeaderElection
2019-09-26 15:13:34,383 [b3e939fd-eb36-468b-9efe-5d0a1fdaa172@group-28CF379EBB19:LeaderElection194] INFO  server.RaftServerConfigKeys (ConfUtils.java:logGet(43)) - raft.server.watch.timeout = 10s (default)
2019-09-26 15:13:34,383 [b3e939fd-eb36-468b-9efe-5d0a1fdaa172@group-8B05B049A6AC:LeaderElection195] INFO  server.RaftServerConfigKeys (ConfUtils.java:logGet(43)) - raft.server.rpc.sleep.time = 25ms (default)
2019-09-26 15:13:34,382 [b3e939fd-eb36-468b-9efe-5d0a1fdaa172@group-05D02A6E9E31-SegmentedRaftLogWorker] INFO  impl.StateMachineUpdater (StateMachineUpdater.java:stopAndJoin(125)) - b3e939fd-eb36-468b-9efe-5d0a1fdaa172@group-05D02A6E9E31-StateMachineUpdater: set stopIndex = -1
2019-09-26 15:13:34,382 [b3e939fd-eb36-468b-9efe-5d0a1fdaa172@group-FD4703A36E0D-SegmentedRaftLogWorker] INFO  impl.StateMachineUpdater (StateMachineUpdater.java:stopAndJoin(125)) - b3e939fd-eb36-468b-9efe-5d0a1fdaa172@group-FD4703A36E0D-StateMachineUpdater: set stopIndex = -1
2019-09-26 15:13:34,381 [b3e939fd-eb36-468b-9efe-5d0a1fdaa172@group-CF8139000EF1:LeaderElection175] INFO  impl.RoleInfo (RoleInfo.java:updateAndGet(143)) - b3e939fd-eb36-468b-9efe-5d0a1fdaa172: start LeaderState
2019-09-26 15:13:34,381 [b3e939fd-eb36-468b-9efe-5d0a1fdaa172@group-7F4E2958F83B:LeaderElection180] INFO  server.RaftServerConfigKeys (ConfUtils.java:logGet(43)) - raft.server.watch.element-limit = 65536 (default)
2019-09-26 15:13:34,386 [b3e939fd-eb36-468b-9efe-5d0a1fdaa172@group-CF8139000EF1:LeaderElection175] INFO  segmented.SegmentedRaftLogWorker (SegmentedRaftLogWorker.java:startLogSegment(380)) - b3e939fd-eb36-468b-9efe-5d0a1fdaa172@group-CF8139000EF1-SegmentedRaftLogWorker: Starting segment from index:0
2019-09-26 15:13:34,386 [b3e939fd-eb36-468b-9efe-5d0a1fdaa172@group-FD4703A36E0D-SegmentedRaftLogWorker] INFO  impl.RaftServerImpl (ServerState.java:close(385)) - b3e939fd-eb36-468b-9efe-5d0a1fdaa172@group-FD4703A36E0D: closes. applyIndex: -1
2019-09-26 15:13:34,386 [b3e939fd-eb36-468b-9efe-5d0a1fdaa172@group-05D02A6E9E31-SegmentedRaftLogWorker] INFO  impl.RaftServerImpl (ServerState.java:close(385)) - b3e939fd-eb36-468b-9efe-5d0a1fdaa172@group-05D02A6E9E31: closes. applyIndex: -1
2019-09-26 15:13:34,386 [b3e939fd-eb36-468b-9efe-5d0a1fdaa172@group-8B05B049A6AC:LeaderElection195] INFO  server.RaftServerConfigKeys (ConfUtils.java:logGet(43)) - raft.server.write.element-limit = 4096 (default)
2019-09-26 15:13:34,386 [b3e939fd-eb36-468b-9efe-5d0a1fdaa172@group-28CF379EBB19:LeaderElection194] INFO  server.RaftServerConfigKeys (ConfUtils.java:logGet(43)) - raft.server.watch.timeout.denomination = 1s (default)
2019-09-26 15:13:34,386 [b3e939fd-eb36-468b-9efe-5d0a1fdaa172@group-17591B66EB53:LeaderElection196] INFO  server.RaftServerConfigKeys (ConfUtils.java:logGet(43)) - raft.server.write.element-limit = 4096 (default)
2019-09-26 15:13:34,386 [b3e939fd-eb36-468b-9efe-5d0a1fdaa172@group-726852ADE118:LeaderElection198] INFO  server.RaftServerConfigKeys (ConfUtils.java:logGet(43)) - raft.server.write.element-limit = 4096 (default)
2019-09-26 15:13:34,385 [b3e939fd-eb36-468b-9efe-5d0a1fdaa172@group-4282880CA77F:LeaderElection197] INFO  server.RaftServerConfigKeys (ConfUtils.java:logGet(43)) - raft.server.watch.timeout = 10s (default)
2019-09-26 15:13:34,385 [b3e939fd-eb36-468b-9efe-5d0a1fdaa172@group-A329D7889155-SegmentedRaftLogWorker] INFO  impl.PendingRequests (PendingRequests.java:sendNotLeaderResponses(202)) - b3e939fd-eb36-468b-9efe-5d0a1fdaa172-PendingRequests: sendNotLeaderResponses
2019-09-26 15:13:34,385 [b3e939fd-eb36-468b-9efe-5d0a1fdaa172@group-3B7C4B923211:LeaderElection190] INFO  server.RaftServerConfigKeys (ConfUtils.java:logGet(43)) - raft.server.watch.element-limit = 65536 (default)
2019-09-26 15:13:34,387 [b3e939fd-eb36-468b-9efe-5d0a1fdaa172@group-A329D7889155-SegmentedRaftLogWorker] INFO  impl.StateMachineUpdater (StateMachineUpdater.java:stopAndJoin(125)) - b3e939fd-eb36-468b-9efe-5d0a1fdaa172@group-A329D7889155-StateMachineUpdater: set stopIndex = -1
2019-09-26 15:13:34,387 [b3e939fd-eb36-468b-9efe-5d0a1fdaa172@group-4282880CA77F:LeaderElection197] INFO  server.RaftServerConfigKeys (ConfUtils.java:logGet(43)) - raft.server.watch.timeout.denomination = 1s (default)
2019-09-26 15:13:34,387 [b3e939fd-eb36-468b-9efe-5d0a1fdaa172@group-726852ADE118:LeaderElection198] INFO  server.RaftServerConfigKeys (ConfUtils.java:logGet(43)) - raft.server.watch.timeout = 10s (default)
2019-09-26 15:13:34,387 [b3e939fd-eb36-468b-9efe-5d0a1fdaa172@group-17591B66EB53:LeaderElection196] INFO  server.RaftServerConfigKeys (ConfUtils.java:logGet(43)) - raft.server.watch.timeout = 10s (default)
2019-09-26 15:13:34,387 [b3e939fd-eb36-468b-9efe-5d0a1fdaa172@group-CF8139000EF1:LeaderElection175] INFO  impl.RaftServerImpl (ServerState.java:setRaftConf(354)) - b3e939fd-eb36-468b-9efe-5d0a1fdaa172@group-CF8139000EF1: set configuration 0: [b3e939fd-eb36-468b-9efe-5d0a1fdaa172:192.168.151.99:45433], old=null at 0
2019-09-26 15:13:34,387 [b3e939fd-eb36-468b-9efe-5d0a1fdaa172@group-28CF379EBB19:LeaderElection194] INFO  server.RaftServerConfigKeys (ConfUtils.java:logGet(43)) - raft.server.watch.element-limit = 65536 (default)
2019-09-26 15:13:34,387 [b3e939fd-eb36-468b-9efe-5d0a1fdaa172@group-FD4703A36E0D-SegmentedRaftLogWorker] INFO  segmented.SegmentedRaftLogWorker (SegmentedRaftLogWorker.java:close(228)) - b3e939fd-eb36-468b-9efe-5d0a1fdaa172@group-FD4703A36E0D-SegmentedRaftLogWorker close()
2019-09-26 15:13:34,387 [b3e939fd-eb36-468b-9efe-5d0a1fdaa172@group-05D02A6E9E31-SegmentedRaftLogWorker] INFO  segmented.SegmentedRaftLogWorker (SegmentedRaftLogWorker.java:close(228)) - b3e939fd-eb36-468b-9efe-5d0a1fdaa172@group-05D02A6E9E31-SegmentedRaftLogWorker close()
2019-09-26 15:13:34,387 [b3e939fd-eb36-468b-9efe-5d0a1fdaa172@group-8B05B049A6AC:LeaderElection195] INFO  server.RaftServerConfigKeys (ConfUtils.java:logGet(43)) - raft.server.watch.timeout = 10s (default)
2019-09-26 15:13:34,388 [b3e939fd-eb36-468b-9efe-5d0a1fdaa172@group-17591B66EB53:LeaderElection196] INFO  server.RaftServerConfigKeys (ConfUtils.java:logGet(43)) - raft.server.watch.timeout.denomination = 1s (default)
2019-09-26 15:13:34,388 [b3e939fd-eb36-468b-9efe-5d0a1fdaa172@group-726852ADE118:LeaderElection198] INFO  server.RaftServerConfigKeys (ConfUtils.java:logGet(43)) - raft.server.watch.timeout.denomination = 1s (default)
2019-09-26 15:13:34,388 [b3e939fd-eb36-468b-9efe-5d0a1fdaa172@group-4282880CA77F:LeaderElection197] INFO  server.RaftServerConfigKeys (ConfUtils.java:logGet(43)) - raft.server.watch.element-limit = 65536 (default)
2019-09-26 15:13:34,388 [b3e939fd-eb36-468b-9efe-5d0a1fdaa172@group-A329D7889155-SegmentedRaftLogWorker] INFO  impl.RaftServerImpl (ServerState.java:close(385)) - b3e939fd-eb36-468b-9efe-5d0a1fdaa172@group-A329D7889155: closes. applyIndex: -1
2019-09-26 15:13:34,396 [b3e939fd-eb36-468b-9efe-5d0a1fdaa172@group-726852ADE118:LeaderElection198] INFO  server.RaftServerConfigKeys (ConfUtils.java:logGet(43)) - raft.server.watch.element-limit = 65536 (default)
2019-09-26 15:13:34,396 [b3e939fd-eb36-468b-9efe-5d0a1fdaa172@group-17591B66EB53:LeaderElection196] INFO  server.RaftServerConfigKeys (ConfUtils.java:logGet(43)) - raft.server.watch.element-limit = 65536 (default)
2019-09-26 15:13:34,396 [b3e939fd-eb36-468b-9efe-5d0a1fdaa172@group-8B05B049A6AC:LeaderElection195] INFO  server.RaftServerConfigKeys (ConfUtils.java:logGet(43)) - raft.server.watch.timeout.denomination = 1s (default)
2019-09-26 15:13:34,397 [b3e939fd-eb36-468b-9efe-5d0a1fdaa172@group-A329D7889155-SegmentedRaftLogWorker] INFO  segmented.SegmentedRaftLogWorker (SegmentedRaftLogWorker.java:close(228)) - b3e939fd-eb36-468b-9efe-5d0a1fdaa172@group-A329D7889155-SegmentedRaftLogWorker close()
2019-09-26 15:13:34,397 [b3e939fd-eb36-468b-9efe-5d0a1fdaa172@group-8B05B049A6AC:LeaderElection195] INFO  server.RaftServerConfigKeys (ConfUtils.java:logGet(43)) - raft.server.watch.element-limit = 65536 (default)
2019-09-26 15:13:34,403 [b3e939fd-eb36-468b-9efe-5d0a1fdaa172@group-8152E6A19D97:LeaderElection179] INFO  impl.RoleInfo (RoleInfo.java:updateAndGet(143)) - b3e939fd-eb36-468b-9efe-5d0a1fdaa172: start LeaderState
2019-09-26 15:13:34,403 [b3e939fd-eb36-468b-9efe-5d0a1fdaa172@group-8152E6A19D97:LeaderElection179] INFO  segmented.SegmentedRaftLogWorker (SegmentedRaftLogWorker.java:startLogSegment(380)) - b3e939fd-eb36-468b-9efe-5d0a1fdaa172@group-8152E6A19D97-SegmentedRaftLogWorker: Starting segment from index:0
2019-09-26 15:13:34,403 [b3e939fd-eb36-468b-9efe-5d0a1fdaa172@group-8152E6A19D97:LeaderElection179] INFO  impl.RaftServerImpl (ServerState.java:setRaftConf(354)) - b3e939fd-eb36-468b-9efe-5d0a1fdaa172@group-8152E6A19D97: set configuration 0: [b3e939fd-eb36-468b-9efe-5d0a1fdaa172:192.168.151.99:45433], old=null at 0
2019-09-26 15:13:34,408 [b3e939fd-eb36-468b-9efe-5d0a1fdaa172@group-D829294084A7:LeaderElection187] INFO  impl.RoleInfo (RoleInfo.java:updateAndGet(143)) - b3e939fd-eb36-468b-9efe-5d0a1fdaa172: start LeaderState
2019-09-26 15:13:34,408 [b3e939fd-eb36-468b-9efe-5d0a1fdaa172@group-D829294084A7:LeaderElection187] INFO  segmented.SegmentedRaftLogWorker (SegmentedRaftLogWorker.java:startLogSegment(380)) - b3e939fd-eb36-468b-9efe-5d0a1fdaa172@group-D829294084A7-SegmentedRaftLogWorker: Starting segment from index:0
2019-09-26 15:13:34,408 [b3e939fd-eb36-468b-9efe-5d0a1fdaa172@group-D829294084A7:LeaderElection187] INFO  impl.RaftServerImpl (ServerState.java:setRaftConf(354)) - b3e939fd-eb36-468b-9efe-5d0a1fdaa172@group-D829294084A7: set configuration 0: [b3e939fd-eb36-468b-9efe-5d0a1fdaa172:192.168.151.99:45433], old=null at 0
2019-09-26 15:13:34,409 [b3e939fd-eb36-468b-9efe-5d0a1fdaa172@group-EDB6546B42A1:LeaderElection189] INFO  impl.RoleInfo (RoleInfo.java:updateAndGet(143)) - b3e939fd-eb36-468b-9efe-5d0a1fdaa172: start LeaderState
2019-09-26 15:13:34,409 [b3e939fd-eb36-468b-9efe-5d0a1fdaa172@group-EDB6546B42A1:LeaderElection189] INFO  segmented.SegmentedRaftLogWorker (SegmentedRaftLogWorker.java:startLogSegment(380)) - b3e939fd-eb36-468b-9efe-5d0a1fdaa172@group-EDB6546B42A1-SegmentedRaftLogWorker: Starting segment from index:0
2019-09-26 15:13:34,409 [b3e939fd-eb36-468b-9efe-5d0a1fdaa172@group-EDB6546B42A1:LeaderElection189] INFO  impl.RaftServerImpl (ServerState.java:setRaftConf(354)) - b3e939fd-eb36-468b-9efe-5d0a1fdaa172@group-EDB6546B42A1: set configuration 0: [b3e939fd-eb36-468b-9efe-5d0a1fdaa172:192.168.151.99:45433], old=null at 0
2019-09-26 15:13:34,410 [b3e939fd-eb36-468b-9efe-5d0a1fdaa172@group-B8BD40BC5605:LeaderElection185] INFO  impl.RoleInfo (RoleInfo.java:updateAndGet(143)) - b3e939fd-eb36-468b-9efe-5d0a1fdaa172: start LeaderState
2019-09-26 15:13:34,410 [b3e939fd-eb36-468b-9efe-5d0a1fdaa172@group-B8BD40BC5605:LeaderElection185] INFO  segmented.SegmentedRaftLogWorker (SegmentedRaftLogWorker.java:startLogSegment(380)) - b3e939fd-eb36-468b-9efe-5d0a1fdaa172@group-B8BD40BC5605-SegmentedRaftLogWorker: Starting segment from index:0
2019-09-26 15:13:34,410 [b3e939fd-eb36-468b-9efe-5d0a1fdaa172@group-B8BD40BC5605:LeaderElection185] INFO  impl.RaftServerImpl (ServerState.java:setRaftConf(354)) - b3e939fd-eb36-468b-9efe-5d0a1fdaa172@group-B8BD40BC5605: set configuration 0: [b3e939fd-eb36-468b-9efe-5d0a1fdaa172:192.168.151.99:45433], old=null at 0
2019-09-26 15:13:34,411 [b3e939fd-eb36-468b-9efe-5d0a1fdaa172@group-C91B064953F8:LeaderElection186] INFO  impl.RoleInfo (RoleInfo.java:updateAndGet(143)) - b3e939fd-eb36-468b-9efe-5d0a1fdaa172: start LeaderState
2019-09-26 15:13:34,411 [b3e939fd-eb36-468b-9efe-5d0a1fdaa172@group-C91B064953F8:LeaderElection186] INFO  segmented.SegmentedRaftLogWorker (SegmentedRaftLogWorker.java:startLogSegment(380)) - b3e939fd-eb36-468b-9efe-5d0a1fdaa172@group-C91B064953F8-SegmentedRaftLogWorker: Starting segment from index:0
2019-09-26 15:13:34,412 [b3e939fd-eb36-468b-9efe-5d0a1fdaa172@group-C91B064953F8:LeaderElection186] INFO  impl.RaftServerImpl (ServerState.java:setRaftConf(354)) - b3e939fd-eb36-468b-9efe-5d0a1fdaa172@group-C91B064953F8: set configuration 0: [b3e939fd-eb36-468b-9efe-5d0a1fdaa172:192.168.151.99:45433], old=null at 0
2019-09-26 15:13:34,412 [b3e939fd-eb36-468b-9efe-5d0a1fdaa172@group-5D100605878C:LeaderElection188] INFO  impl.RoleInfo (RoleInfo.java:updateAndGet(143)) - b3e939fd-eb36-468b-9efe-5d0a1fdaa172: start LeaderState
2019-09-26 15:13:34,412 [b3e939fd-eb36-468b-9efe-5d0a1fdaa172@group-5D100605878C:LeaderElection188] INFO  segmented.SegmentedRaftLogWorker (SegmentedRaftLogWorker.java:startLogSegment(380)) - b3e939fd-eb36-468b-9efe-5d0a1fdaa172@group-5D100605878C-SegmentedRaftLogWorker: Starting segment from index:0
2019-09-26 15:13:34,412 [b3e939fd-eb36-468b-9efe-5d0a1fdaa172@group-5D100605878C:LeaderElection188] INFO  impl.RaftServerImpl (ServerState.java:setRaftConf(354)) - b3e939fd-eb36-468b-9efe-5d0a1fdaa172@group-5D100605878C: set configuration 0: [b3e939fd-eb36-468b-9efe-5d0a1fdaa172:192.168.151.99:45433], old=null at 0
2019-09-26 15:13:34,413 [b3e939fd-eb36-468b-9efe-5d0a1fdaa172@group-0D1607784BB5:LeaderElection178] INFO  impl.RoleInfo (RoleInfo.java:updateAndGet(143)) - b3e939fd-eb36-468b-9efe-5d0a1fdaa172: start LeaderState
2019-09-26 15:13:34,413 [b3e939fd-eb36-468b-9efe-5d0a1fdaa172@group-0D1607784BB5:LeaderElection178] INFO  segmented.SegmentedRaftLogWorker (SegmentedRaftLogWorker.java:startLogSegment(380)) - b3e939fd-eb36-468b-9efe-5d0a1fdaa172@group-0D1607784BB5-SegmentedRaftLogWorker: Starting segment from index:0
2019-09-26 15:13:34,413 [b3e939fd-eb36-468b-9efe-5d0a1fdaa172@group-62721CB6E9BE:LeaderElection192] INFO  impl.RoleInfo (RoleInfo.java:updateAndGet(143)) - b3e939fd-eb36-468b-9efe-5d0a1fdaa172: start LeaderState
2019-09-26 15:13:34,413 [b3e939fd-eb36-468b-9efe-5d0a1fdaa172@group-0D1607784BB5:LeaderElection178] INFO  impl.RaftServerImpl (ServerState.java:setRaftConf(354)) - b3e939fd-eb36-468b-9efe-5d0a1fdaa172@group-0D1607784BB5: set configuration 0: [b3e939fd-eb36-468b-9efe-5d0a1fdaa172:192.168.151.99:45433], old=null at 0
2019-09-26 15:13:34,413 [b3e939fd-eb36-468b-9efe-5d0a1fdaa172@group-62721CB6E9BE:LeaderElection192] INFO  segmented.SegmentedRaftLogWorker (SegmentedRaftLogWorker.java:startLogSegment(380)) - b3e939fd-eb36-468b-9efe-5d0a1fdaa172@group-62721CB6E9BE-SegmentedRaftLogWorker: Starting segment from index:0
2019-09-26 15:13:34,413 [b3e939fd-eb36-468b-9efe-5d0a1fdaa172@group-8ABA77F86B69:LeaderElection191] INFO  impl.RoleInfo (RoleInfo.java:updateAndGet(143)) - b3e939fd-eb36-468b-9efe-5d0a1fdaa172: start LeaderState
2019-09-26 15:13:34,413 [b3e939fd-eb36-468b-9efe-5d0a1fdaa172@group-62721CB6E9BE:LeaderElection192] INFO  impl.RaftServerImpl (ServerState.java:setRaftConf(354)) - b3e939fd-eb36-468b-9efe-5d0a1fdaa172@group-62721CB6E9BE: set configuration 0: [b3e939fd-eb36-468b-9efe-5d0a1fdaa172:192.168.151.99:45433], old=null at 0
2019-09-26 15:13:34,414 [b3e939fd-eb36-468b-9efe-5d0a1fdaa172@group-8ABA77F86B69:LeaderElection191] INFO  segmented.SegmentedRaftLogWorker (SegmentedRaftLogWorker.java:startLogSegment(380)) - b3e939fd-eb36-468b-9efe-5d0a1fdaa172@group-8ABA77F86B69-SegmentedRaftLogWorker: Starting segment from index:0
2019-09-26 15:13:34,414 [b3e939fd-eb36-468b-9efe-5d0a1fdaa172@group-D8D26DDCCD10:LeaderElection193] INFO  impl.RoleInfo (RoleInfo.java:updateAndGet(143)) - b3e939fd-eb36-468b-9efe-5d0a1fdaa172: start LeaderState
2019-09-26 15:13:34,414 [b3e939fd-eb36-468b-9efe-5d0a1fdaa172@group-D8D26DDCCD10:LeaderElection193] INFO  segmented.SegmentedRaftLogWorker (SegmentedRaftLogWorker.java:startLogSegment(380)) - b3e939fd-eb36-468b-9efe-5d0a1fdaa172@group-D8D26DDCCD10-SegmentedRaftLogWorker: Starting segment from index:0
2019-09-26 15:13:34,414 [b3e939fd-eb36-468b-9efe-5d0a1fdaa172@group-8ABA77F86B69:LeaderElection191] INFO  impl.RaftServerImpl (ServerState.java:setRaftConf(354)) - b3e939fd-eb36-468b-9efe-5d0a1fdaa172@group-8ABA77F86B69: set configuration 0: [b3e939fd-eb36-468b-9efe-5d0a1fdaa172:192.168.151.99:45433], old=null at 0
2019-09-26 15:13:34,414 [b3e939fd-eb36-468b-9efe-5d0a1fdaa172@group-D8D26DDCCD10:LeaderElection193] INFO  impl.RaftServerImpl (ServerState.java:setRaftConf(354)) - b3e939fd-eb36-468b-9efe-5d0a1fdaa172@group-D8D26DDCCD10: set configuration 0: [b3e939fd-eb36-468b-9efe-5d0a1fdaa172:192.168.151.99:45433], old=null at 0
2019-09-26 15:13:34,414 [b3e939fd-eb36-468b-9efe-5d0a1fdaa172@group-7F4E2958F83B:LeaderElection180] INFO  impl.RoleInfo (RoleInfo.java:updateAndGet(143)) - b3e939fd-eb36-468b-9efe-5d0a1fdaa172: start LeaderState
2019-09-26 15:13:34,414 [b3e939fd-eb36-468b-9efe-5d0a1fdaa172@group-7F4E2958F83B:LeaderElection180] INFO  segmented.SegmentedRaftLogWorker (SegmentedRaftLogWorker.java:startLogSegment(380)) - b3e939fd-eb36-468b-9efe-5d0a1fdaa172@group-7F4E2958F83B-SegmentedRaftLogWorker: Starting segment from index:0
2019-09-26 15:13:34,415 [b3e939fd-eb36-468b-9efe-5d0a1fdaa172@group-3B7C4B923211:LeaderElection190] INFO  impl.RoleInfo (RoleInfo.java:updateAndGet(143)) - b3e939fd-eb36-468b-9efe-5d0a1fdaa172: start LeaderState
2019-09-26 15:13:34,415 [b3e939fd-eb36-468b-9efe-5d0a1fdaa172@group-7F4E2958F83B:LeaderElection180] INFO  impl.RaftServerImpl (ServerState.java:setRaftConf(354)) - b3e939fd-eb36-468b-9efe-5d0a1fdaa172@group-7F4E2958F83B: set configuration 0: [b3e939fd-eb36-468b-9efe-5d0a1fdaa172:192.168.151.99:45433], old=null at 0
2019-09-26 15:13:34,415 [b3e939fd-eb36-468b-9efe-5d0a1fdaa172@group-3B7C4B923211:LeaderElection190] INFO  segmented.SegmentedRaftLogWorker (SegmentedRaftLogWorker.java:startLogSegment(380)) - b3e939fd-eb36-468b-9efe-5d0a1fdaa172@group-3B7C4B923211-SegmentedRaftLogWorker: Starting segment from index:0
2019-09-26 15:13:34,415 [b3e939fd-eb36-468b-9efe-5d0a1fdaa172@group-28CF379EBB19:LeaderElection194] INFO  impl.RoleInfo (RoleInfo.java:updateAndGet(143)) - b3e939fd-eb36-468b-9efe-5d0a1fdaa172: start LeaderState
2019-09-26 15:13:34,415 [b3e939fd-eb36-468b-9efe-5d0a1fdaa172@group-4282880CA77F:LeaderElection197] INFO  impl.RoleInfo (RoleInfo.java:updateAndGet(143)) - b3e939fd-eb36-468b-9efe-5d0a1fdaa172: start LeaderState
2019-09-26 15:13:34,415 [b3e939fd-eb36-468b-9efe-5d0a1fdaa172@group-3B7C4B923211:LeaderElection190] INFO  impl.RaftServerImpl (ServerState.java:setRaftConf(354)) - b3e939fd-eb36-468b-9efe-5d0a1fdaa172@group-3B7C4B923211: set configuration 0: [b3e939fd-eb36-468b-9efe-5d0a1fdaa172:192.168.151.99:45433], old=null at 0
2019-09-26 15:13:34,415 [b3e939fd-eb36-468b-9efe-5d0a1fdaa172@group-17591B66EB53:LeaderElection196] INFO  impl.RoleInfo (RoleInfo.java:updateAndGet(143)) - b3e939fd-eb36-468b-9efe-5d0a1fdaa172: start LeaderState
2019-09-26 15:13:34,415 [b3e939fd-eb36-468b-9efe-5d0a1fdaa172@group-28CF379EBB19:LeaderElection194] INFO  segmented.SegmentedRaftLogWorker (SegmentedRaftLogWorker.java:startLogSegment(380)) - b3e939fd-eb36-468b-9efe-5d0a1fdaa172@group-28CF379EBB19-SegmentedRaftLogWorker: Starting segment from index:0
2019-09-26 15:13:34,415 [b3e939fd-eb36-468b-9efe-5d0a1fdaa172@group-17591B66EB53:LeaderElection196] INFO  segmented.SegmentedRaftLogWorker (SegmentedRaftLogWorker.java:startLogSegment(380)) - b3e939fd-eb36-468b-9efe-5d0a1fdaa172@group-17591B66EB53-SegmentedRaftLogWorker: Starting segment from index:0
2019-09-26 15:13:34,415 [b3e939fd-eb36-468b-9efe-5d0a1fdaa172@group-4282880CA77F:LeaderElection197] INFO  segmented.SegmentedRaftLogWorker (SegmentedRaftLogWorker.java:startLogSegment(380)) - b3e939fd-eb36-468b-9efe-5d0a1fdaa172@group-4282880CA77F-SegmentedRaftLogWorker: Starting segment from index:0
2019-09-26 15:13:34,415 [b3e939fd-eb36-468b-9efe-5d0a1fdaa172@group-8B05B049A6AC:LeaderElection195] INFO  impl.RoleInfo (RoleInfo.java:updateAndGet(143)) - b3e939fd-eb36-468b-9efe-5d0a1fdaa172: start LeaderState
2019-09-26 15:13:34,415 [b3e939fd-eb36-468b-9efe-5d0a1fdaa172@group-726852ADE118:LeaderElection198] INFO  impl.RoleInfo (RoleInfo.java:updateAndGet(143)) - b3e939fd-eb36-468b-9efe-5d0a1fdaa172: start LeaderState
2019-09-26 15:13:34,416 [b3e939fd-eb36-468b-9efe-5d0a1fdaa172@group-8B05B049A6AC:LeaderElection195] INFO  segmented.SegmentedRaftLogWorker (SegmentedRaftLogWorker.java:startLogSegment(380)) - b3e939fd-eb36-468b-9efe-5d0a1fdaa172@group-8B05B049A6AC-SegmentedRaftLogWorker: Starting segment from index:0
2019-09-26 15:13:34,416 [b3e939fd-eb36-468b-9efe-5d0a1fdaa172@group-17591B66EB53:LeaderElection196] INFO  impl.RaftServerImpl (ServerState.java:setRaftConf(354)) - b3e939fd-eb36-468b-9efe-5d0a1fdaa172@group-17591B66EB53: set configuration 0: [b3e939fd-eb36-468b-9efe-5d0a1fdaa172:192.168.151.99:45433], old=null at 0
2019-09-26 15:13:34,416 [b3e939fd-eb36-468b-9efe-5d0a1fdaa172@group-28CF379EBB19:LeaderElection194] INFO  impl.RaftServerImpl (ServerState.java:setRaftConf(354)) - b3e939fd-eb36-468b-9efe-5d0a1fdaa172@group-28CF379EBB19: set configuration 0: [b3e939fd-eb36-468b-9efe-5d0a1fdaa172:192.168.151.99:45433], old=null at 0
2019-09-26 15:13:34,416 [b3e939fd-eb36-468b-9efe-5d0a1fdaa172@group-726852ADE118:LeaderElection198] INFO  segmented.SegmentedRaftLogWorker (SegmentedRaftLogWorker.java:startLogSegment(380)) - b3e939fd-eb36-468b-9efe-5d0a1fdaa172@group-726852ADE118-SegmentedRaftLogWorker: Starting segment from index:0
2019-09-26 15:13:34,416 [b3e939fd-eb36-468b-9efe-5d0a1fdaa172@group-4282880CA77F:LeaderElection197] INFO  impl.RaftServerImpl (ServerState.java:setRaftConf(354)) - b3e939fd-eb36-468b-9efe-5d0a1fdaa172@group-4282880CA77F: set configuration 0: [b3e939fd-eb36-468b-9efe-5d0a1fdaa172:192.168.151.99:45433], old=null at 0
2019-09-26 15:13:34,416 [b3e939fd-eb36-468b-9efe-5d0a1fdaa172@group-8B05B049A6AC:LeaderElection195] INFO  impl.RaftServerImpl (ServerState.java:setRaftConf(354)) - b3e939fd-eb36-468b-9efe-5d0a1fdaa172@group-8B05B049A6AC: set configuration 0: [b3e939fd-eb36-468b-9efe-5d0a1fdaa172:192.168.151.99:45433], old=null at 0
2019-09-26 15:13:34,417 [b3e939fd-eb36-468b-9efe-5d0a1fdaa172@group-726852ADE118:LeaderElection198] INFO  impl.RaftServerImpl (ServerState.java:setRaftConf(354)) - b3e939fd-eb36-468b-9efe-5d0a1fdaa172@group-726852ADE118: set configuration 0: [b3e939fd-eb36-468b-9efe-5d0a1fdaa172:192.168.151.99:45433], old=null at 0
2019-09-26 15:13:34,448 [Thread-1288] INFO  impl.FollowerState (FollowerState.java:run(106)) - b3e939fd-eb36-468b-9efe-5d0a1fdaa172:group-0CA234018F8C changes to CANDIDATE, lastRpcTime:5064, electionTimeout:5064ms
2019-09-26 15:13:34,448 [Thread-1288] INFO  impl.RoleInfo (RoleInfo.java:shutdownFollowerState(121)) - b3e939fd-eb36-468b-9efe-5d0a1fdaa172: shutdown FollowerState
2019-09-26 15:13:34,448 [Thread-1288] INFO  impl.RaftServerImpl (RaftServerImpl.java:setRole(174)) - b3e939fd-eb36-468b-9efe-5d0a1fdaa172@group-0CA234018F8C: changes role from  FOLLOWER to CANDIDATE at term 0 for changeToCandidate
2019-09-26 15:13:34,448 [Thread-1288] INFO  impl.RoleInfo (RoleInfo.java:updateAndGet(143)) - b3e939fd-eb36-468b-9efe-5d0a1fdaa172: start LeaderElection
2019-09-26 15:13:34,473 [Thread-1294] INFO  impl.FollowerState (FollowerState.java:run(106)) - b3e939fd-eb36-468b-9efe-5d0a1fdaa172:group-E77F7695A491 changes to CANDIDATE, lastRpcTime:5012, electionTimeout:5012ms
2019-09-26 15:13:34,473 [Thread-1294] INFO  impl.RoleInfo (RoleInfo.java:shutdownFollowerState(121)) - b3e939fd-eb36-468b-9efe-5d0a1fdaa172: shutdown FollowerState
2019-09-26 15:13:34,474 [Thread-1294] INFO  impl.RaftServerImpl (RaftServerImpl.java:setRole(174)) - b3e939fd-eb36-468b-9efe-5d0a1fdaa172@group-E77F7695A491: changes role from  FOLLOWER to CANDIDATE at term 0 for changeToCandidate
2019-09-26 15:13:34,474 [Thread-1294] INFO  impl.RoleInfo (RoleInfo.java:updateAndGet(143)) - b3e939fd-eb36-468b-9efe-5d0a1fdaa172: start LeaderElection
2019-09-26 15:13:34,521 [Thread-1291] INFO  impl.FollowerState (FollowerState.java:run(106)) - b3e939fd-eb36-468b-9efe-5d0a1fdaa172:group-DC2DB9729BEF changes to CANDIDATE, lastRpcTime:5099, electionTimeout:5099ms
2019-09-26 15:13:34,521 [Thread-1291] INFO  impl.RoleInfo (RoleInfo.java:shutdownFollowerState(121)) - b3e939fd-eb36-468b-9efe-5d0a1fdaa172: shutdown FollowerState
2019-09-26 15:13:34,521 [Thread-1291] INFO  impl.RaftServerImpl (RaftServerImpl.java:setRole(174)) - b3e939fd-eb36-468b-9efe-5d0a1fdaa172@group-DC2DB9729BEF: changes role from  FOLLOWER to CANDIDATE at term 0 for changeToCandidate
2019-09-26 15:13:34,521 [Thread-1291] INFO  impl.RoleInfo (RoleInfo.java:updateAndGet(143)) - b3e939fd-eb36-468b-9efe-5d0a1fdaa172: start LeaderElection
2019-09-26 15:13:34,526 [pool-27-thread-1] INFO  storage.RaftStorage (RaftStorage.java:format(72)) - Storage directory /workdir/hadoop-ozone/integration-test/target/test-dir/MiniOzoneClusterImpl-7e2f4b2f-6763-4a45-9ec4-264c2cef7c61/datanode-0/data/ratis/ab31211f-6379-4bb2-ab20-5a4780976490 has been successfully formatted.
2019-09-26 15:13:34,527 [pool-27-thread-1] INFO  ratis.ContainerStateMachine (ContainerStateMachine.java:loadSnapshot(230)) - group-5A4780976490: The snapshot info is null. Setting the last applied indexto:(t:0, i:~)
2019-09-26 15:13:34,527 [pool-27-thread-1] INFO  server.RaftServerConfigKeys (ConfUtils.java:logGet(43)) - raft.server.notification.no-leader.timeout = 120s (custom)
2019-09-26 15:13:34,527 [pool-27-thread-1] INFO  server.RaftServerConfigKeys (ConfUtils.java:logGet(43)) - raft.server.log.use.memory = false (default)
2019-09-26 15:13:34,527 [pool-27-thread-1] INFO  server.RaftServerConfigKeys (ConfUtils.java:logGet(43)) - raft.server.log.purge.gap = 1000000 (custom)
2019-09-26 15:13:34,527 [pool-27-thread-1] INFO  server.RaftServerConfigKeys (ConfUtils.java:logGet(43)) - raft.server.log.appender.buffer.byte-limit = 33554432 (custom)
2019-09-26 15:13:34,527 [pool-27-thread-1] INFO  server.RaftServerConfigKeys (ConfUtils.java:logGet(43)) - raft.server.log.segment.size.max = 1048576 (custom)
2019-09-26 15:13:34,528 [pool-27-thread-1] INFO  server.RaftServerConfigKeys (ConfUtils.java:logGet(43)) - raft.server.log.segment.cache.num.max = 2 (custom)
2019-09-26 15:13:34,528 [pool-27-thread-1] INFO  segmented.SegmentedRaftLogWorker (SegmentedRaftLogWorker.java:<init>(172)) - new b3e939fd-eb36-468b-9efe-5d0a1fdaa172@group-5A4780976490-SegmentedRaftLogWorker for RaftStorage:Storage Directory /workdir/hadoop-ozone/integration-test/target/test-dir/MiniOzoneClusterImpl-7e2f4b2f-6763-4a45-9ec4-264c2cef7c61/datanode-0/data/ratis/ab31211f-6379-4bb2-ab20-5a4780976490
2019-09-26 15:13:34,528 [pool-27-thread-1] INFO  server.RaftServerConfigKeys (ConfUtils.java:logGet(43)) - raft.server.log.queue.byte-limit = 2147483647 (custom)
2019-09-26 15:13:34,528 [pool-27-thread-1] INFO  server.RaftServerConfigKeys (ConfUtils.java:logGet(43)) - raft.server.log.queue.element-limit = 1024 (custom)
2019-09-26 15:13:34,528 [pool-27-thread-1] INFO  server.RaftServerConfigKeys (ConfUtils.java:logGet(43)) - raft.server.log.segment.size.max = 1048576 (custom)
2019-09-26 15:13:34,528 [pool-27-thread-1] INFO  server.RaftServerConfigKeys (ConfUtils.java:logGet(43)) - raft.server.log.preallocated.size = 16384 (custom)
2019-09-26 15:13:34,528 [pool-27-thread-1] INFO  server.RaftServerConfigKeys (ConfUtils.java:logGet(43)) - raft.server.log.write.buffer.size = 33554432 (custom)
2019-09-26 15:13:34,528 [pool-27-thread-1] INFO  server.RaftServerConfigKeys (ConfUtils.java:logGet(43)) - raft.server.log.force.sync.num = 128 (default)
2019-09-26 15:13:34,528 [pool-27-thread-1] INFO  server.RaftServerConfigKeys (ConfUtils.java:logGet(43)) - raft.server.log.statemachine.data.sync = true (default)
2019-09-26 15:13:34,529 [pool-27-thread-1] INFO  server.RaftServerConfigKeys (ConfUtils.java:logGet(43)) - raft.server.log.statemachine.data.sync.timeout = 10s (default)
2019-09-26 15:13:34,529 [pool-27-thread-1] INFO  server.RaftServerConfigKeys (ConfUtils.java:logGet(43)) - raft.server.log.statemachine.data.sync.timeout.retry = -1 (default)
2019-09-26 15:13:34,529 [pool-27-thread-1] INFO  server.RaftServerConfigKeys (ConfUtils.java:logGet(43)) - raft.server.log.statemachine.data.caching.enabled = true (custom)
2019-09-26 15:13:34,529 [pool-27-thread-1] INFO  segmented.SegmentedRaftLogWorker (SegmentedRaftLogWorker.java:lambda$new$0(132)) - b3e939fd-eb36-468b-9efe-5d0a1fdaa172@group-5A4780976490-SegmentedRaftLogWorker: flushIndex: setUnconditionally 0 -> -1
2019-09-26 15:13:34,529 [pool-27-thread-1] INFO  server.RaftServerConfigKeys (ConfUtils.java:logGet(43)) - raft.server.snapshot.auto.trigger.enabled = true (custom)
2019-09-26 15:13:34,529 [pool-27-thread-1] INFO  server.RaftServerConfigKeys (ConfUtils.java:logGet(43)) - raft.server.snapshot.auto.trigger.threshold = 10000 (custom)
2019-09-26 15:13:34,529 [pool-27-thread-1] INFO  server.RaftServerConfigKeys (ConfUtils.java:logGet(43)) - raft.server.snapshot.retention.num.files = 5 (custom)
2019-09-26 15:13:34,530 [pool-27-thread-1] INFO  server.RaftServerConfigKeys (ConfUtils.java:logGet(43)) - raft.server.retrycache.expirytime = 600000ms (custom)
2019-09-26 15:13:34,531 [pool-27-thread-1] INFO  impl.RaftServerImpl (RaftServerImpl.java:start(185)) - b3e939fd-eb36-468b-9efe-5d0a1fdaa172@group-5A4780976490: start as a follower, conf=-1: [b3e939fd-eb36-468b-9efe-5d0a1fdaa172:192.168.151.99:45433], old=null
2019-09-26 15:13:34,531 [pool-27-thread-1] INFO  impl.RaftServerImpl (RaftServerImpl.java:setRole(174)) - b3e939fd-eb36-468b-9efe-5d0a1fdaa172@group-5A4780976490: changes role from      null to FOLLOWER at term 0 for startAsFollower
2019-09-26 15:13:34,531 [pool-27-thread-1] INFO  impl.RoleInfo (RoleInfo.java:updateAndGet(143)) - b3e939fd-eb36-468b-9efe-5d0a1fdaa172: start FollowerState
2019-09-26 15:13:34,531 [pool-27-thread-1] INFO  util.JmxRegister (JmxRegister.java:tryRegister(44)) - Successfully registered JMX Bean with object name Ratis:service=RaftServer,group=group-5A4780976490,id=b3e939fd-eb36-468b-9efe-5d0a1fdaa172
2019-09-26 15:13:34,534 [RatisPipelineUtilsThread] INFO  pipeline.PipelineStateManager (PipelineStateManager.java:addPipeline(56)) - Created pipeline Pipeline[ Id: ab31211f-6379-4bb2-ab20-5a4780976490, Nodes: b3e939fd-eb36-468b-9efe-5d0a1fdaa172{ip: 192.168.151.99, host: pr-hdds-1569-g6sp5-2013761785, networkLocation: /default-rack, certSerialId: null}, Type:RATIS, Factor:ONE, State:OPEN]
2019-09-26 15:13:34,537 [grpc-default-executor-0] INFO  impl.RaftServerProxy (RaftServerProxy.java:addNew(89)) - b3e939fd-eb36-468b-9efe-5d0a1fdaa172: addNew group-90AE5373EB22:[b3e939fd-eb36-468b-9efe-5d0a1fdaa172:192.168.151.99:45433] returns group-90AE5373EB22:java.util.concurrent.CompletableFuture@539c3106[Not completed]
2019-09-26 15:13:34,538 [pool-27-thread-1] INFO  impl.RaftServerImpl (RaftServerImpl.java:<init>(95)) - b3e939fd-eb36-468b-9efe-5d0a1fdaa172: new RaftServerImpl for group-90AE5373EB22:[b3e939fd-eb36-468b-9efe-5d0a1fdaa172:192.168.151.99:45433] with ContainerStateMachine:uninitialized
2019-09-26 15:13:34,538 [pool-27-thread-1] INFO  server.RaftServerConfigKeys (ConfUtils.java:logGet(43)) - raft.server.rpc.timeout.min = 5s (custom)
2019-09-26 15:13:34,538 [pool-27-thread-1] INFO  server.RaftServerConfigKeys (ConfUtils.java:logGet(43)) - raft.server.rpc.timeout.max = 5200ms (custom)
2019-09-26 15:13:34,538 [pool-27-thread-1] INFO  server.RaftServerConfigKeys (ConfUtils.java:logGet(43)) - raft.server.rpcslowness.timeout = 120s (custom)
2019-09-26 15:13:34,538 [pool-27-thread-1] INFO  server.RaftServerConfigKeys (ConfUtils.java:logGet(43)) - raft.server.sleep.deviation.threshold = 300 (default)
2019-09-26 15:13:34,538 [pool-27-thread-1] INFO  server.RaftServerConfigKeys (ConfUtils.java:logGet(43)) - raft.server.log.appender.install.snapshot.enabled = false (custom)
2019-09-26 15:13:34,538 [pool-27-thread-1] INFO  impl.RaftServerImpl (ServerState.java:<init>(103)) - b3e939fd-eb36-468b-9efe-5d0a1fdaa172@group-90AE5373EB22: ConfigurationManager, init=-1: [b3e939fd-eb36-468b-9efe-5d0a1fdaa172:192.168.151.99:45433], old=null, confs=<EMPTY_MAP>
2019-09-26 15:13:34,538 [pool-27-thread-1] INFO  server.RaftServerConfigKeys (ConfUtils.java:logGet(43)) - raft.server.storage.dir = [/workdir/hadoop-ozone/integration-test/target/test-dir/MiniOzoneClusterImpl-7e2f4b2f-6763-4a45-9ec4-264c2cef7c61/datanode-0/data/ratis] (custom)
2019-09-26 15:13:34,540 [pool-27-thread-1] INFO  storage.RaftStorageDirectory (RaftStorageDirectory.java:analyzeStorage(246)) - The storage directory /workdir/hadoop-ozone/integration-test/target/test-dir/MiniOzoneClusterImpl-7e2f4b2f-6763-4a45-9ec4-264c2cef7c61/datanode-0/data/ratis/44b22e85-6b0c-4534-a71a-90ae5373eb22 does not exist. Creating ...
2019-09-26 15:13:35,015 [Thread-1306] INFO  impl.FollowerState (FollowerState.java:run(106)) - b3e939fd-eb36-468b-9efe-5d0a1fdaa172:group-B2026959841C changes to CANDIDATE, lastRpcTime:5403, electionTimeout:5167ms
2019-09-26 15:13:35,015 [Thread-1306] INFO  impl.RoleInfo (RoleInfo.java:shutdownFollowerState(121)) - b3e939fd-eb36-468b-9efe-5d0a1fdaa172: shutdown FollowerState
2019-09-26 15:13:35,015 [Thread-1312] INFO  impl.FollowerState (FollowerState.java:run(106)) - b3e939fd-eb36-468b-9efe-5d0a1fdaa172:group-896043BAD063 changes to CANDIDATE, lastRpcTime:5332, electionTimeout:5071ms
2019-09-26 15:13:35,015 [Thread-1300] INFO  impl.FollowerState (FollowerState.java:run(106)) - b3e939fd-eb36-468b-9efe-5d0a1fdaa172:group-F6B43F86DCC6 changes to CANDIDATE, lastRpcTime:5464, electionTimeout:5194ms
2019-09-26 15:13:35,015 [Thread-1306] INFO  impl.RaftServerImpl (RaftServerImpl.java:setRole(174)) - b3e939fd-eb36-468b-9efe-5d0a1fdaa172@group-B2026959841C: changes role from  FOLLOWER to CANDIDATE at term 0 for changeToCandidate
2019-09-26 15:13:35,016 [Thread-1300] INFO  impl.RoleInfo (RoleInfo.java:shutdownFollowerState(121)) - b3e939fd-eb36-468b-9efe-5d0a1fdaa172: shutdown FollowerState
2019-09-26 15:13:35,016 [Thread-1300] INFO  impl.RaftServerImpl (RaftServerImpl.java:setRole(174)) - b3e939fd-eb36-468b-9efe-5d0a1fdaa172@group-F6B43F86DCC6: changes role from  FOLLOWER to CANDIDATE at term 0 for changeToCandidate
2019-09-26 15:13:35,016 [Thread-1312] INFO  impl.RoleInfo (RoleInfo.java:shutdownFollowerState(121)) - b3e939fd-eb36-468b-9efe-5d0a1fdaa172: shutdown FollowerState
2019-09-26 15:13:35,016 [Thread-1300] INFO  impl.RoleInfo (RoleInfo.java:updateAndGet(143)) - b3e939fd-eb36-468b-9efe-5d0a1fdaa172: start LeaderElection
2019-09-26 15:13:35,016 [Thread-1306] INFO  impl.RoleInfo (RoleInfo.java:updateAndGet(143)) - b3e939fd-eb36-468b-9efe-5d0a1fdaa172: start LeaderElection
2019-09-26 15:13:35,016 [Thread-1297] WARN  util.JavaUtils (JavaUtils.java:sleep(250)) - Unexpected long sleep: sleep(5171ms) actually took 5506ms which is over the threshold 300ms
2019-09-26 15:13:35,016 [Thread-1312] INFO  impl.RaftServerImpl (RaftServerImpl.java:setRole(174)) - b3e939fd-eb36-468b-9efe-5d0a1fdaa172@group-896043BAD063: changes role from  FOLLOWER to CANDIDATE at term 0 for changeToCandidate
2019-09-26 15:13:35,017 [Thread-1312] INFO  impl.RoleInfo (RoleInfo.java:updateAndGet(143)) - b3e939fd-eb36-468b-9efe-5d0a1fdaa172: start LeaderElection
2019-09-26 15:13:35,017 [Thread-1309] WARN  util.JavaUtils (JavaUtils.java:sleep(250)) - Unexpected long sleep: sleep(5022ms) actually took 5373ms which is over the threshold 300ms
2019-09-26 15:13:35,018 [b3e939fd-eb36-468b-9efe-5d0a1fdaa172@group-368EEDBBC63A-SegmentedRaftLogWorker] ERROR segmented.SegmentedRaftLogWorker (SegmentedRaftLogWorker.java:run(323)) - b3e939fd-eb36-468b-9efe-5d0a1fdaa172@group-368EEDBBC63A-SegmentedRaftLogWorker hit exception
java.lang.OutOfMemoryError: Direct buffer memory
	at java.nio.Bits.reserveMemory(Bits.java:666)
	at java.nio.DirectByteBuffer.<init>(DirectByteBuffer.java:123)
	at java.nio.ByteBuffer.allocateDirect(ByteBuffer.java:311)
	at org.apache.ratis.server.raftlog.segmented.BufferedWriteChannel.<init>(BufferedWriteChannel.java:41)
	at org.apache.ratis.server.raftlog.segmented.SegmentedRaftLogOutputStream.<init>(SegmentedRaftLogOutputStream.java:72)
	at org.apache.ratis.server.raftlog.segmented.SegmentedRaftLogWorker$StartLogSegment.execute(SegmentedRaftLogWorker.java:566)
	at org.apache.ratis.server.raftlog.segmented.SegmentedRaftLogWorker.run(SegmentedRaftLogWorker.java:289)
	at java.lang.Thread.run(Thread.java:748)
2019-09-26 15:13:35,018 [Thread-1303] WARN  util.JavaUtils (JavaUtils.java:sleep(250)) - Unexpected long sleep: sleep(5030ms) actually took 5437ms which is over the threshold 300ms
2019-09-26 15:13:35,018 [b3e939fd-eb36-468b-9efe-5d0a1fdaa172@group-368EEDBBC63A-SegmentedRaftLogWorker] INFO  impl.RaftServerImpl (RaftServerImpl.java:lambda$shutdown$3(251)) - b3e939fd-eb36-468b-9efe-5d0a1fdaa172@group-368EEDBBC63A: shutdown
2019-09-26 15:13:35,018 [pool-27-thread-1] INFO  storage.RaftStorageDirectory (RaftStorageDirectory.java:tryLock(328)) - Lock on /workdir/hadoop-ozone/integration-test/target/test-dir/MiniOzoneClusterImpl-7e2f4b2f-6763-4a45-9ec4-264c2cef7c61/datanode-0/data/ratis/44b22e85-6b0c-4534-a71a-90ae5373eb22/in_use.lock acquired by nodename 11803@pr-hdds-1569-g6sp5-2013761785
2019-09-26 15:13:35,019 [b3e939fd-eb36-468b-9efe-5d0a1fdaa172@group-3B9C1EE8AD07:LeaderElection217] INFO  impl.LeaderElection (LeaderElection.java:askForVotes(182)) - b3e939fd-eb36-468b-9efe-5d0a1fdaa172@group-3B9C1EE8AD07:LeaderElection217: begin an election at term 1 for -1: [b3e939fd-eb36-468b-9efe-5d0a1fdaa172:192.168.151.99:45433], old=null
2019-09-26 15:13:35,019 [b3e939fd-eb36-468b-9efe-5d0a1fdaa172@group-0CA234018F8C:LeaderElection238] INFO  impl.LeaderElection (LeaderElection.java:askForVotes(182)) - b3e939fd-eb36-468b-9efe-5d0a1fdaa172@group-0CA234018F8C:LeaderElection238: begin an election at term 1 for -1: [b3e939fd-eb36-468b-9efe-5d0a1fdaa172:192.168.151.99:45433], old=null
2019-09-26 15:13:35,019 [b3e939fd-eb36-468b-9efe-5d0a1fdaa172@group-337EFED2784C:LeaderElection221] INFO  impl.LeaderElection (LeaderElection.java:askForVotes(182)) - b3e939fd-eb36-468b-9efe-5d0a1fdaa172@group-337EFED2784C:LeaderElection221: begin an election at term 1 for -1: [b3e939fd-eb36-468b-9efe-5d0a1fdaa172:192.168.151.99:45433], old=null
2019-09-26 15:13:35,019 [b3e939fd-eb36-468b-9efe-5d0a1fdaa172@group-1A432A011447:LeaderElection225] INFO  impl.LeaderElection (LeaderElection.java:askForVotes(182)) - b3e939fd-eb36-468b-9efe-5d0a1fdaa172@group-1A432A011447:LeaderElection225: begin an election at term 1 for -1: [b3e939fd-eb36-468b-9efe-5d0a1fdaa172:192.168.151.99:45433], old=null
2019-09-26 15:13:35,019 [b3e939fd-eb36-468b-9efe-5d0a1fdaa172@group-2969446FDAA8:LeaderElection205] INFO  impl.LeaderElection (LeaderElection.java:askForVotes(182)) - b3e939fd-eb36-468b-9efe-5d0a1fdaa172@group-2969446FDAA8:LeaderElection205: begin an election at term 1 for -1: [b3e939fd-eb36-468b-9efe-5d0a1fdaa172:192.168.151.99:45433], old=null
2019-09-26 15:13:35,019 [b3e939fd-eb36-468b-9efe-5d0a1fdaa172@group-124765275578:LeaderElection230] INFO  impl.LeaderElection (LeaderElection.java:askForVotes(182)) - b3e939fd-eb36-468b-9efe-5d0a1fdaa172@group-124765275578:LeaderElection230: begin an election at term 1 for -1: [b3e939fd-eb36-468b-9efe-5d0a1fdaa172:192.168.151.99:45433], old=null
2019-09-26 15:13:35,019 [b3e939fd-eb36-468b-9efe-5d0a1fdaa172@group-778C63AA011E:LeaderElection219] INFO  impl.LeaderElection (LeaderElection.java:askForVotes(182)) - b3e939fd-eb36-468b-9efe-5d0a1fdaa172@group-778C63AA011E:LeaderElection219: begin an election at term 1 for -1: [b3e939fd-eb36-468b-9efe-5d0a1fdaa172:192.168.151.99:45433], old=null
2019-09-26 15:13:35,204 [b3e939fd-eb36-468b-9efe-5d0a1fdaa172@group-778C63AA011E:LeaderElection219] INFO  impl.RoleInfo (RoleInfo.java:shutdownLeaderElection(134)) - b3e939fd-eb36-468b-9efe-5d0a1fdaa172: shutdown LeaderElection
2019-09-26 15:13:35,204 [b3e939fd-eb36-468b-9efe-5d0a1fdaa172@group-778C63AA011E:LeaderElection219] INFO  impl.RaftServerImpl (RaftServerImpl.java:setRole(174)) - b3e939fd-eb36-468b-9efe-5d0a1fdaa172@group-778C63AA011E: changes role from CANDIDATE to LEADER at term 1 for changeToLeader
2019-09-26 15:13:35,204 [b3e939fd-eb36-468b-9efe-5d0a1fdaa172@group-778C63AA011E:LeaderElection219] INFO  impl.RaftServerImpl (ServerState.java:setLeader(253)) - b3e939fd-eb36-468b-9efe-5d0a1fdaa172@group-778C63AA011E: change Leader from null to b3e939fd-eb36-468b-9efe-5d0a1fdaa172 at term 1 for becomeLeader, leader elected after 6953ms
2019-09-26 15:13:35,019 [b3e939fd-eb36-468b-9efe-5d0a1fdaa172@group-1634C81BDE85:LeaderElection226] INFO  impl.LeaderElection (LeaderElection.java:askForVotes(182)) - b3e939fd-eb36-468b-9efe-5d0a1fdaa172@group-1634C81BDE85:LeaderElection226: begin an election at term 1 for -1: [b3e939fd-eb36-468b-9efe-5d0a1fdaa172:192.168.151.99:45433], old=null
2019-09-26 15:13:35,204 [b3e939fd-eb36-468b-9efe-5d0a1fdaa172@group-1634C81BDE85:LeaderElection226] INFO  impl.RoleInfo (RoleInfo.java:shutdownLeaderElection(134)) - b3e939fd-eb36-468b-9efe-5d0a1fdaa172: shutdown LeaderElection
2019-09-26 15:13:35,204 [b3e939fd-eb36-468b-9efe-5d0a1fdaa172@group-1634C81BDE85:LeaderElection226] INFO  impl.RaftServerImpl (RaftServerImpl.java:setRole(174)) - b3e939fd-eb36-468b-9efe-5d0a1fdaa172@group-1634C81BDE85: changes role from CANDIDATE to LEADER at term 1 for changeToLeader
2019-09-26 15:13:35,205 [b3e939fd-eb36-468b-9efe-5d0a1fdaa172@group-1634C81BDE85:LeaderElection226] INFO  impl.RaftServerImpl (ServerState.java:setLeader(253)) - b3e939fd-eb36-468b-9efe-5d0a1fdaa172@group-1634C81BDE85: change Leader from null to b3e939fd-eb36-468b-9efe-5d0a1fdaa172 at term 1 for becomeLeader, leader elected after 6402ms
2019-09-26 15:13:35,205 [b3e939fd-eb36-468b-9efe-5d0a1fdaa172@group-1634C81BDE85:LeaderElection226] INFO  server.RaftServerConfigKeys (ConfUtils.java:logGet(43)) - raft.server.staging.catchup.gap = 1000 (default)
2019-09-26 15:13:35,205 [Thread-1334] INFO  impl.FollowerState (FollowerState.java:run(106)) - b3e939fd-eb36-468b-9efe-5d0a1fdaa172:group-3940D53E95A2 changes to CANDIDATE, lastRpcTime:5249, electionTimeout:5027ms
2019-09-26 15:13:35,019 [b3e939fd-eb36-468b-9efe-5d0a1fdaa172@group-E77F7695A491:LeaderElection239] INFO  impl.LeaderElection (LeaderElection.java:askForVotes(182)) - b3e939fd-eb36-468b-9efe-5d0a1fdaa172@group-E77F7695A491:LeaderElection239: begin an election at term 1 for -1: [b3e939fd-eb36-468b-9efe-5d0a1fdaa172:192.168.151.99:45433], old=null
2019-09-26 15:13:35,019 [b3e939fd-eb36-468b-9efe-5d0a1fdaa172@group-E2463642327B:LeaderElection233] INFO  impl.LeaderElection (LeaderElection.java:askForVotes(182)) - b3e939fd-eb36-468b-9efe-5d0a1fdaa172@group-E2463642327B:LeaderElection233: begin an election at term 1 for -1: [b3e939fd-eb36-468b-9efe-5d0a1fdaa172:192.168.151.99:45433], old=null
2019-09-26 15:13:35,205 [Thread-1334] INFO  impl.RoleInfo (RoleInfo.java:shutdownFollowerState(121)) - b3e939fd-eb36-468b-9efe-5d0a1fdaa172: shutdown FollowerState
2019-09-26 15:13:35,018 [b3e939fd-eb36-468b-9efe-5d0a1fdaa172@group-368EEDBBC63A-SegmentedRaftLogWorker] INFO  util.JmxRegister (JmxRegister.java:unregister(73)) - Successfully un-registered JMX Bean with object name Ratis:service=RaftServer,group=group-368EEDBBC63A,id=b3e939fd-eb36-468b-9efe-5d0a1fdaa172
2019-09-26 15:13:35,205 [Thread-1327] INFO  impl.FollowerState (FollowerState.java:run(106)) - b3e939fd-eb36-468b-9efe-5d0a1fdaa172:group-1A5718D16976 changes to CANDIDATE, lastRpcTime:5308, electionTimeout:5049ms
2019-09-26 15:13:35,205 [Thread-1327] INFO  impl.RoleInfo (RoleInfo.java:shutdownFollowerState(121)) - b3e939fd-eb36-468b-9efe-5d0a1fdaa172: shutdown FollowerState
2019-09-26 15:13:35,205 [Thread-1327] INFO  impl.RaftServerImpl (RaftServerImpl.java:setRole(174)) - b3e939fd-eb36-468b-9efe-5d0a1fdaa172@group-1A5718D16976: changes role from  FOLLOWER to CANDIDATE at term 0 for changeToCandidate
2019-09-26 15:13:35,206 [Thread-1327] INFO  impl.RoleInfo (RoleInfo.java:updateAndGet(143)) - b3e939fd-eb36-468b-9efe-5d0a1fdaa172: start LeaderElection
2019-09-26 15:13:35,205 [Thread-1334] INFO  impl.RaftServerImpl (RaftServerImpl.java:setRole(174)) - b3e939fd-eb36-468b-9efe-5d0a1fdaa172@group-3940D53E95A2: changes role from  FOLLOWER to CANDIDATE at term 0 for changeToCandidate
2019-09-26 15:13:35,205 [Thread-1324] INFO  impl.FollowerState (FollowerState.java:run(106)) - b3e939fd-eb36-468b-9efe-5d0a1fdaa172:group-FC1921472DFA changes to CANDIDATE, lastRpcTime:5347, electionTimeout:5097ms
2019-09-26 15:13:35,205 [b3e939fd-eb36-468b-9efe-5d0a1fdaa172@group-E2463642327B:LeaderElection233] INFO  impl.RoleInfo (RoleInfo.java:shutdownLeaderElection(134)) - b3e939fd-eb36-468b-9efe-5d0a1fdaa172: shutdown LeaderElection
2019-09-26 15:13:35,205 [b3e939fd-eb36-468b-9efe-5d0a1fdaa172@group-E77F7695A491:LeaderElection239] INFO  impl.RoleInfo (RoleInfo.java:shutdownLeaderElection(134)) - b3e939fd-eb36-468b-9efe-5d0a1fdaa172: shutdown LeaderElection
2019-09-26 15:13:35,205 [b3e939fd-eb36-468b-9efe-5d0a1fdaa172@group-1634C81BDE85:LeaderElection226] INFO  server.RaftServerConfigKeys (ConfUtils.java:logGet(43)) - raft.server.rpc.sleep.time = 25ms (default)
2019-09-26 15:13:35,204 [b3e939fd-eb36-468b-9efe-5d0a1fdaa172@group-778C63AA011E:LeaderElection219] INFO  server.RaftServerConfigKeys (ConfUtils.java:logGet(43)) - raft.server.staging.catchup.gap = 1000 (default)
2019-09-26 15:13:35,204 [b3e939fd-eb36-468b-9efe-5d0a1fdaa172@group-F6B43F86DCC6:LeaderElection242] INFO  impl.LeaderElection (LeaderElection.java:askForVotes(182)) - b3e939fd-eb36-468b-9efe-5d0a1fdaa172@group-F6B43F86DCC6:LeaderElection242: begin an election at term 1 for -1: [b3e939fd-eb36-468b-9efe-5d0a1fdaa172:192.168.151.99:45433], old=null
2019-09-26 15:13:35,204 [b3e939fd-eb36-468b-9efe-5d0a1fdaa172@group-896043BAD063:LeaderElection243] INFO  impl.LeaderElection (LeaderElection.java:askForVotes(182)) - b3e939fd-eb36-468b-9efe-5d0a1fdaa172@group-896043BAD063:LeaderElection243: begin an election at term 1 for -1: [b3e939fd-eb36-468b-9efe-5d0a1fdaa172:192.168.151.99:45433], old=null
2019-09-26 15:13:35,206 [b3e939fd-eb36-468b-9efe-5d0a1fdaa172@group-896043BAD063:LeaderElection243] INFO  impl.RoleInfo (RoleInfo.java:shutdownLeaderElection(134)) - b3e939fd-eb36-468b-9efe-5d0a1fdaa172: shutdown LeaderElection
2019-09-26 15:13:35,203 [Thread-1340] INFO  impl.FollowerState (FollowerState.java:run(106)) - b3e939fd-eb36-468b-9efe-5d0a1fdaa172:group-F5BF1B3E3E4A changes to CANDIDATE, lastRpcTime:5173, electionTimeout:5067ms
2019-09-26 15:13:35,203 [Thread-1343] INFO  impl.FollowerState (FollowerState.java:run(106)) - b3e939fd-eb36-468b-9efe-5d0a1fdaa172:group-C4FDEBA5923A changes to CANDIDATE, lastRpcTime:5123, electionTimeout:5035ms
2019-09-26 15:13:35,197 [Thread-1331] INFO  impl.FollowerState (FollowerState.java:run(106)) - b3e939fd-eb36-468b-9efe-5d0a1fdaa172:group-4E868D6FA5B9 changes to CANDIDATE, lastRpcTime:5272, electionTimeout:5195ms
2019-09-26 15:13:35,207 [Thread-1343] INFO  impl.RoleInfo (RoleInfo.java:shutdownFollowerState(121)) - b3e939fd-eb36-468b-9efe-5d0a1fdaa172: shutdown FollowerState
2019-09-26 15:13:35,197 [Thread-1337] INFO  impl.FollowerState (FollowerState.java:run(106)) - b3e939fd-eb36-468b-9efe-5d0a1fdaa172:group-1CB942701F5F changes to CANDIDATE, lastRpcTime:5202, electionTimeout:5151ms
2019-09-26 15:13:35,196 [b3e939fd-eb36-468b-9efe-5d0a1fdaa172@group-AFE7DB0113F1:LeaderElection200] INFO  impl.LeaderElection (LeaderElection.java:askForVotes(182)) - b3e939fd-eb36-468b-9efe-5d0a1fdaa172@group-AFE7DB0113F1:LeaderElection200: begin an election at term 1 for -1: [b3e939fd-eb36-468b-9efe-5d0a1fdaa172:192.168.151.99:45433], old=null
2019-09-26 15:13:35,207 [b3e939fd-eb36-468b-9efe-5d0a1fdaa172@group-AFE7DB0113F1:LeaderElection200] INFO  impl.RoleInfo (RoleInfo.java:shutdownLeaderElection(134)) - b3e939fd-eb36-468b-9efe-5d0a1fdaa172: shutdown LeaderElection
2019-09-26 15:13:35,196 [b3e939fd-eb36-468b-9efe-5d0a1fdaa172@group-F26566D6F0FB:LeaderElection199] INFO  impl.LeaderElection (LeaderElection.java:askForVotes(182)) - b3e939fd-eb36-468b-9efe-5d0a1fdaa172@group-F26566D6F0FB:LeaderElection199: begin an election at term 1 for -1: [b3e939fd-eb36-468b-9efe-5d0a1fdaa172:192.168.151.99:45433], old=null
2019-09-26 15:13:35,196 [b3e939fd-eb36-468b-9efe-5d0a1fdaa172@group-36CD4F2BB7F5:LeaderElection201] INFO  impl.LeaderElection (LeaderElection.java:askForVotes(182)) - b3e939fd-eb36-468b-9efe-5d0a1fdaa172@group-36CD4F2BB7F5:LeaderElection201: begin an election at term 1 for -1: [b3e939fd-eb36-468b-9efe-5d0a1fdaa172:192.168.151.99:45433], old=null
2019-09-26 15:13:35,207 [b3e939fd-eb36-468b-9efe-5d0a1fdaa172@group-36CD4F2BB7F5:LeaderElection201] INFO  impl.RoleInfo (RoleInfo.java:shutdownLeaderElection(134)) - b3e939fd-eb36-468b-9efe-5d0a1fdaa172: shutdown LeaderElection
2019-09-26 15:13:35,019 [b3e939fd-eb36-468b-9efe-5d0a1fdaa172@group-124765275578:LeaderElection230] INFO  impl.RoleInfo (RoleInfo.java:shutdownLeaderElection(134)) - b3e939fd-eb36-468b-9efe-5d0a1fdaa172: shutdown LeaderElection
2019-09-26 15:13:35,019 [b3e939fd-eb36-468b-9efe-5d0a1fdaa172@group-2969446FDAA8:LeaderElection205] INFO  impl.RoleInfo (RoleInfo.java:shutdownLeaderElection(134)) - b3e939fd-eb36-468b-9efe-5d0a1fdaa172: shutdown LeaderElection
2019-09-26 15:13:35,019 [b3e939fd-eb36-468b-9efe-5d0a1fdaa172@group-E8E63C574F52:LeaderElection203] INFO  impl.LeaderElection (LeaderElection.java:askForVotes(182)) - b3e939fd-eb36-468b-9efe-5d0a1fdaa172@group-E8E63C574F52:LeaderElection203: begin an election at term 1 for -1: [b3e939fd-eb36-468b-9efe-5d0a1fdaa172:192.168.151.99:45433], old=null
2019-09-26 15:13:35,019 [b3e939fd-eb36-468b-9efe-5d0a1fdaa172@group-1A432A011447:LeaderElection225] INFO  impl.RoleInfo (RoleInfo.java:shutdownLeaderElection(134)) - b3e939fd-eb36-468b-9efe-5d0a1fdaa172: shutdown LeaderElection
2019-09-26 15:13:35,019 [b3e939fd-eb36-468b-9efe-5d0a1fdaa172@group-45EF2C5983EC:LeaderElection209] INFO  impl.LeaderElection (LeaderElection.java:askForVotes(182)) - b3e939fd-eb36-468b-9efe-5d0a1fdaa172@group-45EF2C5983EC:LeaderElection209: begin an election at term 1 for -1: [b3e939fd-eb36-468b-9efe-5d0a1fdaa172:192.168.151.99:45433], old=null
2019-09-26 15:13:35,208 [b3e939fd-eb36-468b-9efe-5d0a1fdaa172@group-45EF2C5983EC:LeaderElection209] INFO  impl.RoleInfo (RoleInfo.java:shutdownLeaderElection(134)) - b3e939fd-eb36-468b-9efe-5d0a1fdaa172: shutdown LeaderElection
2019-09-26 15:13:35,019 [b3e939fd-eb36-468b-9efe-5d0a1fdaa172@group-597DE855A82D:LeaderElection234] INFO  impl.LeaderElection (LeaderElection.java:askForVotes(182)) - b3e939fd-eb36-468b-9efe-5d0a1fdaa172@group-597DE855A82D:LeaderElection234: begin an election at term 1 for -1: [b3e939fd-eb36-468b-9efe-5d0a1fdaa172:192.168.151.99:45433], old=null
2019-09-26 15:13:35,019 [b3e939fd-eb36-468b-9efe-5d0a1fdaa172@group-EBA4A4160D1B:LeaderElection229] INFO  impl.LeaderElection (LeaderElection.java:askForVotes(182)) - b3e939fd-eb36-468b-9efe-5d0a1fdaa172@group-EBA4A4160D1B:LeaderElection229: begin an election at term 1 for -1: [b3e939fd-eb36-468b-9efe-5d0a1fdaa172:192.168.151.99:45433], old=null
2019-09-26 15:13:35,019 [b3e939fd-eb36-468b-9efe-5d0a1fdaa172@group-E65C91CFD05F:LeaderElection208] INFO  impl.LeaderElection (LeaderElection.java:askForVotes(182)) - b3e939fd-eb36-468b-9efe-5d0a1fdaa172@group-E65C91CFD05F:LeaderElection208: begin an election at term 1 for -1: [b3e939fd-eb36-468b-9efe-5d0a1fdaa172:192.168.151.99:45433], old=null
2019-09-26 15:13:35,019 [b3e939fd-eb36-468b-9efe-5d0a1fdaa172@group-3A19C25E34FC:LeaderElection202] INFO  impl.LeaderElection (LeaderElection.java:askForVotes(182)) - b3e939fd-eb36-468b-9efe-5d0a1fdaa172@group-3A19C25E34FC:LeaderElection202: begin an election at term 1 for -1: [b3e939fd-eb36-468b-9efe-5d0a1fdaa172:192.168.151.99:45433], old=null
2019-09-26 15:13:35,019 [b3e939fd-eb36-468b-9efe-5d0a1fdaa172@group-FC0C2CB5B5D7:LeaderElection231] INFO  impl.LeaderElection (LeaderElection.java:askForVotes(182)) - b3e939fd-eb36-468b-9efe-5d0a1fdaa172@group-FC0C2CB5B5D7:LeaderElection231: begin an election at term 1 for -1: [b3e939fd-eb36-468b-9efe-5d0a1fdaa172:192.168.151.99:45433], old=null
2019-09-26 15:13:35,019 [b3e939fd-eb36-468b-9efe-5d0a1fdaa172@group-599EFAC1E503:LeaderElection227] INFO  impl.LeaderElection (LeaderElection.java:askForVotes(182)) - b3e939fd-eb36-468b-9efe-5d0a1fdaa172@group-599EFAC1E503:LeaderElection227: begin an election at term 1 for -1: [b3e939fd-eb36-468b-9efe-5d0a1fdaa172:192.168.151.99:45433], old=null
2019-09-26 15:13:35,208 [b3e939fd-eb36-468b-9efe-5d0a1fdaa172@group-599EFAC1E503:LeaderElection227] INFO  impl.RoleInfo (RoleInfo.java:shutdownLeaderElection(134)) - b3e939fd-eb36-468b-9efe-5d0a1fdaa172: shutdown LeaderElection
2019-09-26 15:13:35,208 [b3e939fd-eb36-468b-9efe-5d0a1fdaa172@group-599EFAC1E503:LeaderElection227] INFO  impl.RaftServerImpl (RaftServerImpl.java:setRole(174)) - b3e939fd-eb36-468b-9efe-5d0a1fdaa172@group-599EFAC1E503: changes role from CANDIDATE to LEADER at term 1 for changeToLeader
2019-09-26 15:13:35,209 [b3e939fd-eb36-468b-9efe-5d0a1fdaa172@group-599EFAC1E503:LeaderElection227] INFO  impl.RaftServerImpl (ServerState.java:setLeader(253)) - b3e939fd-eb36-468b-9efe-5d0a1fdaa172@group-599EFAC1E503: change Leader from null to b3e939fd-eb36-468b-9efe-5d0a1fdaa172 at term 1 for becomeLeader, leader elected after 6369ms
2019-09-26 15:13:35,209 [b3e939fd-eb36-468b-9efe-5d0a1fdaa172@group-599EFAC1E503:LeaderElection227] INFO  server.RaftServerConfigKeys (ConfUtils.java:logGet(43)) - raft.server.staging.catchup.gap = 1000 (default)
2019-09-26 15:13:35,209 [b3e939fd-eb36-468b-9efe-5d0a1fdaa172@group-599EFAC1E503:LeaderElection227] INFO  server.RaftServerConfigKeys (ConfUtils.java:logGet(43)) - raft.server.rpc.sleep.time = 25ms (default)
2019-09-26 15:13:35,209 [b3e939fd-eb36-468b-9efe-5d0a1fdaa172@group-599EFAC1E503:LeaderElection227] INFO  server.RaftServerConfigKeys (ConfUtils.java:logGet(43)) - raft.server.write.element-limit = 4096 (default)
2019-09-26 15:13:35,209 [b3e939fd-eb36-468b-9efe-5d0a1fdaa172@group-599EFAC1E503:LeaderElection227] INFO  server.RaftServerConfigKeys (ConfUtils.java:logGet(43)) - raft.server.watch.timeout = 10s (default)
2019-09-26 15:13:35,209 [b3e939fd-eb36-468b-9efe-5d0a1fdaa172@group-599EFAC1E503:LeaderElection227] INFO  server.RaftServerConfigKeys (ConfUtils.java:logGet(43)) - raft.server.watch.timeout.denomination = 1s (default)
2019-09-26 15:13:35,209 [b3e939fd-eb36-468b-9efe-5d0a1fdaa172@group-599EFAC1E503:LeaderElection227] INFO  server.RaftServerConfigKeys (ConfUtils.java:logGet(43)) - raft.server.watch.element-limit = 65536 (default)
2019-09-26 15:13:35,209 [pool-27-thread-1] INFO  storage.RaftStorage (RaftStorage.java:format(72)) - Storage directory /workdir/hadoop-ozone/integration-test/target/test-dir/MiniOzoneClusterImpl-7e2f4b2f-6763-4a45-9ec4-264c2cef7c61/datanode-0/data/ratis/44b22e85-6b0c-4534-a71a-90ae5373eb22 has been successfully formatted.
2019-09-26 15:13:35,210 [pool-27-thread-1] INFO  ratis.ContainerStateMachine (ContainerStateMachine.java:loadSnapshot(230)) - group-90AE5373EB22: The snapshot info is null. Setting the last applied indexto:(t:0, i:~)
2019-09-26 15:13:35,210 [pool-27-thread-1] INFO  server.RaftServerConfigKeys (ConfUtils.java:logGet(43)) - raft.server.notification.no-leader.timeout = 120s (custom)
2019-09-26 15:13:35,210 [pool-27-thread-1] INFO  server.RaftServerConfigKeys (ConfUtils.java:logGet(43)) - raft.server.log.use.memory = false (default)
2019-09-26 15:13:35,019 [b3e939fd-eb36-468b-9efe-5d0a1fdaa172@group-ECC1AF727233:LeaderElection204] INFO  impl.LeaderElection (LeaderElection.java:askForVotes(182)) - b3e939fd-eb36-468b-9efe-5d0a1fdaa172@group-ECC1AF727233:LeaderElection204: begin an election at term 1 for -1: [b3e939fd-eb36-468b-9efe-5d0a1fdaa172:192.168.151.99:45433], old=null
2019-09-26 15:13:35,019 [b3e939fd-eb36-468b-9efe-5d0a1fdaa172@group-47726A36F552:LeaderElection224] INFO  impl.LeaderElection (LeaderElection.java:askForVotes(182)) - b3e939fd-eb36-468b-9efe-5d0a1fdaa172@group-47726A36F552:LeaderElection224: begin an election at term 1 for -1: [b3e939fd-eb36-468b-9efe-5d0a1fdaa172:192.168.151.99:45433], old=null
2019-09-26 15:13:37,243 [b3e939fd-eb36-468b-9efe-5d0a1fdaa172@group-47726A36F552:LeaderElection224] INFO  impl.RoleInfo (RoleInfo.java:shutdownLeaderElection(134)) - b3e939fd-eb36-468b-9efe-5d0a1fdaa172: shutdown LeaderElection
2019-09-26 15:13:37,243 [b3e939fd-eb36-468b-9efe-5d0a1fdaa172@group-47726A36F552:LeaderElection224] INFO  impl.RaftServerImpl (RaftServerImpl.java:setRole(174)) - b3e939fd-eb36-468b-9efe-5d0a1fdaa172@group-47726A36F552: changes role from CANDIDATE to LEADER at term 1 for changeToLeader
2019-09-26 15:13:37,244 [b3e939fd-eb36-468b-9efe-5d0a1fdaa172@group-47726A36F552:LeaderElection224] INFO  impl.RaftServerImpl (ServerState.java:setLeader(253)) - b3e939fd-eb36-468b-9efe-5d0a1fdaa172@group-47726A36F552: change Leader from null to b3e939fd-eb36-468b-9efe-5d0a1fdaa172 at term 1 for becomeLeader, leader elected after 8835ms
2019-09-26 15:13:37,244 [b3e939fd-eb36-468b-9efe-5d0a1fdaa172@group-47726A36F552:LeaderElection224] INFO  server.RaftServerConfigKeys (ConfUtils.java:logGet(43)) - raft.server.staging.catchup.gap = 1000 (default)
2019-09-26 15:13:37,244 [b3e939fd-eb36-468b-9efe-5d0a1fdaa172@group-47726A36F552:LeaderElection224] INFO  server.RaftServerConfigKeys (ConfUtils.java:logGet(43)) - raft.server.rpc.sleep.time = 25ms (default)
2019-09-26 15:13:37,244 [b3e939fd-eb36-468b-9efe-5d0a1fdaa172@group-47726A36F552:LeaderElection224] INFO  server.RaftServerConfigKeys (ConfUtils.java:logGet(43)) - raft.server.write.element-limit = 4096 (default)
2019-09-26 15:13:37,244 [b3e939fd-eb36-468b-9efe-5d0a1fdaa172@group-47726A36F552:LeaderElection224] INFO  server.RaftServerConfigKeys (ConfUtils.java:logGet(43)) - raft.server.watch.timeout = 10s (default)
2019-09-26 15:13:37,244 [b3e939fd-eb36-468b-9efe-5d0a1fdaa172@group-47726A36F552:LeaderElection224] INFO  server.RaftServerConfigKeys (ConfUtils.java:logGet(43)) - raft.server.watch.timeout.denomination = 1s (default)
2019-09-26 15:13:37,244 [b3e939fd-eb36-468b-9efe-5d0a1fdaa172@group-47726A36F552:LeaderElection224] INFO  server.RaftServerConfigKeys (ConfUtils.java:logGet(43)) - raft.server.watch.element-limit = 65536 (default)
2019-09-26 15:13:37,245 [Thread-1487] WARN  util.JavaUtils (JavaUtils.java:sleep(250)) - Unexpected long sleep: sleep(5091ms) actually took 5528ms which is over the threshold 300ms
2019-09-26 15:13:37,245 [Thread-1475] WARN  util.JavaUtils (JavaUtils.java:sleep(250)) - Unexpected long sleep: sleep(5144ms) actually took 5707ms which is over the threshold 300ms
2019-09-26 15:13:35,019 [b3e939fd-eb36-468b-9efe-5d0a1fdaa172@group-F2E2F02C4E80:LeaderElection206] INFO  impl.LeaderElection (LeaderElection.java:askForVotes(182)) - b3e939fd-eb36-468b-9efe-5d0a1fdaa172@group-F2E2F02C4E80:LeaderElection206: begin an election at term 1 for -1: [b3e939fd-eb36-468b-9efe-5d0a1fdaa172:192.168.151.99:45433], old=null
2019-09-26 15:13:37,245 [b3e939fd-eb36-468b-9efe-5d0a1fdaa172@group-F2E2F02C4E80:LeaderElection206] INFO  impl.RoleInfo (RoleInfo.java:shutdownLeaderElection(134)) - b3e939fd-eb36-468b-9efe-5d0a1fdaa172: shutdown LeaderElection
2019-09-26 15:13:35,019 [b3e939fd-eb36-468b-9efe-5d0a1fdaa172@group-AD8F5DA59BC3:LeaderElection207] INFO  impl.LeaderElection (LeaderElection.java:askForVotes(182)) - b3e939fd-eb36-468b-9efe-5d0a1fdaa172@group-AD8F5DA59BC3:LeaderElection207: begin an election at term 1 for -1: [b3e939fd-eb36-468b-9efe-5d0a1fdaa172:192.168.151.99:45433], old=null
2019-09-26 15:13:35,019 [b3e939fd-eb36-468b-9efe-5d0a1fdaa172@group-10287887346D:LeaderElection213] INFO  impl.LeaderElection (LeaderElection.java:askForVotes(182)) - b3e939fd-eb36-468b-9efe-5d0a1fdaa172@group-10287887346D:LeaderElection213: begin an election at term 1 for -1: [b3e939fd-eb36-468b-9efe-5d0a1fdaa172:192.168.151.99:45433], old=null
2019-09-26 15:13:35,019 [b3e939fd-eb36-468b-9efe-5d0a1fdaa172@group-028EEA1990DD:LeaderElection237] INFO  impl.LeaderElection (LeaderElection.java:askForVotes(182)) - b3e939fd-eb36-468b-9efe-5d0a1fdaa172@group-028EEA1990DD:LeaderElection237: begin an election at term 1 for -1: [b3e939fd-eb36-468b-9efe-5d0a1fdaa172:192.168.151.99:45433], old=null
2019-09-26 15:13:35,019 [b3e939fd-eb36-468b-9efe-5d0a1fdaa172@group-337EFED2784C:LeaderElection221] INFO  impl.RoleInfo (RoleInfo.java:shutdownLeaderElection(134)) - b3e939fd-eb36-468b-9efe-5d0a1fdaa172: shutdown LeaderElection
2019-09-26 15:13:35,019 [b3e939fd-eb36-468b-9efe-5d0a1fdaa172@group-DC2DB9729BEF:LeaderElection240] INFO  impl.LeaderElection (LeaderElection.java:askForVotes(182)) - b3e939fd-eb36-468b-9efe-5d0a1fdaa172@group-DC2DB9729BEF:LeaderElection240: begin an election at term 1 for -1: [b3e939fd-eb36-468b-9efe-5d0a1fdaa172:192.168.151.99:45433], old=null
2019-09-26 15:13:35,019 [b3e939fd-eb36-468b-9efe-5d0a1fdaa172@group-2F5911C68895:LeaderElection228] INFO  impl.LeaderElection (LeaderElection.java:askForVotes(182)) - b3e939fd-eb36-468b-9efe-5d0a1fdaa172@group-2F5911C68895:LeaderElection228: begin an election at term 1 for -1: [b3e939fd-eb36-468b-9efe-5d0a1fdaa172:192.168.151.99:45433], old=null
2019-09-26 15:13:37,485 [b3e939fd-eb36-468b-9efe-5d0a1fdaa172@group-2F5911C68895:LeaderElection228] INFO  impl.RoleInfo (RoleInfo.java:shutdownLeaderElection(134)) - b3e939fd-eb36-468b-9efe-5d0a1fdaa172: shutdown LeaderElection
2019-09-26 15:13:35,019 [b3e939fd-eb36-468b-9efe-5d0a1fdaa172@group-9F36EFB420F2:LeaderElection232] INFO  impl.LeaderElection (LeaderElection.java:askForVotes(182)) - b3e939fd-eb36-468b-9efe-5d0a1fdaa172@group-9F36EFB420F2:LeaderElection232: begin an election at term 1 for -1: [b3e939fd-eb36-468b-9efe-5d0a1fdaa172:192.168.151.99:45433], old=null
2019-09-26 15:13:35,019 [b3e939fd-eb36-468b-9efe-5d0a1fdaa172@group-B7C42A2D7902:LeaderElection223] INFO  impl.LeaderElection (LeaderElection.java:askForVotes(182)) - b3e939fd-eb36-468b-9efe-5d0a1fdaa172@group-B7C42A2D7902:LeaderElection223: begin an election at term 1 for -1: [b3e939fd-eb36-468b-9efe-5d0a1fdaa172:192.168.151.99:45433], old=null
2019-09-26 15:13:35,019 [b3e939fd-eb36-468b-9efe-5d0a1fdaa172@group-28A0353D16EE:LeaderElection236] INFO  impl.LeaderElection (LeaderElection.java:askForVotes(182)) - b3e939fd-eb36-468b-9efe-5d0a1fdaa172@group-28A0353D16EE:LeaderElection236: begin an election at term 1 for -1: [b3e939fd-eb36-468b-9efe-5d0a1fdaa172:192.168.151.99:45433], old=null
2019-09-26 15:13:35,019 [b3e939fd-eb36-468b-9efe-5d0a1fdaa172@group-0CA234018F8C:LeaderElection238] INFO  impl.RoleInfo (RoleInfo.java:shutdownLeaderElection(134)) - b3e939fd-eb36-468b-9efe-5d0a1fdaa172: shutdown LeaderElection
2019-09-26 15:13:35,019 [b3e939fd-eb36-468b-9efe-5d0a1fdaa172@group-C47DA51F7039:LeaderElection235] INFO  impl.LeaderElection (LeaderElection.java:askForVotes(182)) - b3e939fd-eb36-468b-9efe-5d0a1fdaa172@group-C47DA51F7039:LeaderElection235: begin an election at term 1 for -1: [b3e939fd-eb36-468b-9efe-5d0a1fdaa172:192.168.151.99:45433], old=null
2019-09-26 15:13:35,019 [b3e939fd-eb36-468b-9efe-5d0a1fdaa172@group-9F10B5770DAC:LeaderElection216] INFO  impl.LeaderElection (LeaderElection.java:askForVotes(182)) - b3e939fd-eb36-468b-9efe-5d0a1fdaa172@group-9F10B5770DAC:LeaderElection216: begin an election at term 1 for -1: [b3e939fd-eb36-468b-9efe-5d0a1fdaa172:192.168.151.99:45433], old=null
2019-09-26 15:13:35,019 [b3e939fd-eb36-468b-9efe-5d0a1fdaa172@group-91D52F7A6523:LeaderElection211] INFO  impl.LeaderElection (LeaderElection.java:askForVotes(182)) - b3e939fd-eb36-468b-9efe-5d0a1fdaa172@group-91D52F7A6523:LeaderElection211: begin an election at term 1 for -1: [b3e939fd-eb36-468b-9efe-5d0a1fdaa172:192.168.151.99:45433], old=null
2019-09-26 15:13:35,019 [b3e939fd-eb36-468b-9efe-5d0a1fdaa172@group-7666CF0181BB:LeaderElection212] INFO  impl.LeaderElection (LeaderElection.java:askForVotes(182)) - b3e939fd-eb36-468b-9efe-5d0a1fdaa172@group-7666CF0181BB:LeaderElection212: begin an election at term 1 for -1: [b3e939fd-eb36-468b-9efe-5d0a1fdaa172:192.168.151.99:45433], old=null
2019-09-26 15:13:35,019 [b3e939fd-eb36-468b-9efe-5d0a1fdaa172@group-3B9C1EE8AD07:LeaderElection217] INFO  impl.RoleInfo (RoleInfo.java:shutdownLeaderElection(134)) - b3e939fd-eb36-468b-9efe-5d0a1fdaa172: shutdown LeaderElection
2019-09-26 15:13:35,019 [b3e939fd-eb36-468b-9efe-5d0a1fdaa172@group-9E432427BF8B:LeaderElection215] INFO  impl.LeaderElection (LeaderElection.java:askForVotes(182)) - b3e939fd-eb36-468b-9efe-5d0a1fdaa172@group-9E432427BF8B:LeaderElection215: begin an election at term 1 for -1: [b3e939fd-eb36-468b-9efe-5d0a1fdaa172:192.168.151.99:45433], old=null
2019-09-26 15:13:35,019 [b3e939fd-eb36-468b-9efe-5d0a1fdaa172@group-7EAC044EFCFC:LeaderElection214] INFO  impl.LeaderElection (LeaderElection.java:askForVotes(182)) - b3e939fd-eb36-468b-9efe-5d0a1fdaa172@group-7EAC044EFCFC:LeaderElection214: begin an election at term 1 for -1: [b3e939fd-eb36-468b-9efe-5d0a1fdaa172:192.168.151.99:45433], old=null
2019-09-26 15:13:37,486 [b3e939fd-eb36-468b-9efe-5d0a1fdaa172@group-9E432427BF8B:LeaderElection215] INFO  impl.RoleInfo (RoleInfo.java:shutdownLeaderElection(134)) - b3e939fd-eb36-468b-9efe-5d0a1fdaa172: shutdown LeaderElection
2019-09-26 15:13:37,486 [b3e939fd-eb36-468b-9efe-5d0a1fdaa172@group-3B9C1EE8AD07:LeaderElection217] INFO  impl.RaftServerImpl (RaftServerImpl.java:setRole(174)) - b3e939fd-eb36-468b-9efe-5d0a1fdaa172@group-3B9C1EE8AD07: changes role from CANDIDATE to LEADER at term 1 for changeToLeader
2019-09-26 15:13:37,486 [b3e939fd-eb36-468b-9efe-5d0a1fdaa172@group-7666CF0181BB:LeaderElection212] INFO  impl.RoleInfo (RoleInfo.java:shutdownLeaderElection(134)) - b3e939fd-eb36-468b-9efe-5d0a1fdaa172: shutdown LeaderElection
2019-09-26 15:13:37,485 [b3e939fd-eb36-468b-9efe-5d0a1fdaa172@group-91D52F7A6523:LeaderElection211] INFO  impl.RoleInfo (RoleInfo.java:shutdownLeaderElection(134)) - b3e939fd-eb36-468b-9efe-5d0a1fdaa172: shutdown LeaderElection
2019-09-26 15:13:37,485 [b3e939fd-eb36-468b-9efe-5d0a1fdaa172@group-9F10B5770DAC:LeaderElection216] INFO  impl.RoleInfo (RoleInfo.java:shutdownLeaderElection(134)) - b3e939fd-eb36-468b-9efe-5d0a1fdaa172: shutdown LeaderElection
2019-09-26 15:13:37,485 [b3e939fd-eb36-468b-9efe-5d0a1fdaa172@group-C47DA51F7039:LeaderElection235] INFO  impl.RoleInfo (RoleInfo.java:shutdownLeaderElection(134)) - b3e939fd-eb36-468b-9efe-5d0a1fdaa172: shutdown LeaderElection
2019-09-26 15:13:37,485 [b3e939fd-eb36-468b-9efe-5d0a1fdaa172@group-0CA234018F8C:LeaderElection238] INFO  impl.RaftServerImpl (RaftServerImpl.java:setRole(174)) - b3e939fd-eb36-468b-9efe-5d0a1fdaa172@group-0CA234018F8C: changes role from CANDIDATE to LEADER at term 1 for changeToLeader
2019-09-26 15:13:37,486 [b3e939fd-eb36-468b-9efe-5d0a1fdaa172@group-0CA234018F8C:LeaderElection238] INFO  impl.RaftServerImpl (ServerState.java:setLeader(253)) - b3e939fd-eb36-468b-9efe-5d0a1fdaa172@group-0CA234018F8C: change Leader from null to b3e939fd-eb36-468b-9efe-5d0a1fdaa172 at term 1 for becomeLeader, leader elected after 8105ms
2019-09-26 15:13:37,485 [b3e939fd-eb36-468b-9efe-5d0a1fdaa172@group-28A0353D16EE:LeaderElection236] INFO  impl.RoleInfo (RoleInfo.java:shutdownLeaderElection(134)) - b3e939fd-eb36-468b-9efe-5d0a1fdaa172: shutdown LeaderElection
2019-09-26 15:13:37,485 [b3e939fd-eb36-468b-9efe-5d0a1fdaa172@group-B7C42A2D7902:LeaderElection223] INFO  impl.RoleInfo (RoleInfo.java:shutdownLeaderElection(134)) - b3e939fd-eb36-468b-9efe-5d0a1fdaa172: shutdown LeaderElection
2019-09-26 15:13:37,485 [b3e939fd-eb36-468b-9efe-5d0a1fdaa172@group-47726A36F552:LeaderElection224] INFO  impl.RoleInfo (RoleInfo.java:updateAndGet(143)) - b3e939fd-eb36-468b-9efe-5d0a1fdaa172: start LeaderState
2019-09-26 15:13:37,485 [b3e939fd-eb36-468b-9efe-5d0a1fdaa172@group-9F36EFB420F2:LeaderElection232] INFO  impl.RoleInfo (RoleInfo.java:shutdownLeaderElection(134)) - b3e939fd-eb36-468b-9efe-5d0a1fdaa172: shutdown LeaderElection
2019-09-26 15:13:37,485 [b3e939fd-eb36-468b-9efe-5d0a1fdaa172@group-2F5911C68895:LeaderElection228] INFO  impl.RaftServerImpl (RaftServerImpl.java:setRole(174)) - b3e939fd-eb36-468b-9efe-5d0a1fdaa172@group-2F5911C68895: changes role from CANDIDATE to LEADER at term 1 for changeToLeader
2019-09-26 15:13:37,484 [b3e939fd-eb36-468b-9efe-5d0a1fdaa172@group-DC2DB9729BEF:LeaderElection240] INFO  impl.RoleInfo (RoleInfo.java:shutdownLeaderElection(134)) - b3e939fd-eb36-468b-9efe-5d0a1fdaa172: shutdown LeaderElection
2019-09-26 15:13:37,484 [b3e939fd-eb36-468b-9efe-5d0a1fdaa172@group-337EFED2784C:LeaderElection221] INFO  impl.RaftServerImpl (RaftServerImpl.java:setRole(174)) - b3e939fd-eb36-468b-9efe-5d0a1fdaa172@group-337EFED2784C: changes role from CANDIDATE to LEADER at term 1 for changeToLeader
2019-09-26 15:13:37,484 [b3e939fd-eb36-468b-9efe-5d0a1fdaa172@group-028EEA1990DD:LeaderElection237] INFO  impl.RoleInfo (RoleInfo.java:shutdownLeaderElection(134)) - b3e939fd-eb36-468b-9efe-5d0a1fdaa172: shutdown LeaderElection
2019-09-26 15:13:37,484 [b3e939fd-eb36-468b-9efe-5d0a1fdaa172@group-10287887346D:LeaderElection213] INFO  impl.RoleInfo (RoleInfo.java:shutdownLeaderElection(134)) - b3e939fd-eb36-468b-9efe-5d0a1fdaa172: shutdown LeaderElection
2019-09-26 15:13:37,487 [b3e939fd-eb36-468b-9efe-5d0a1fdaa172@group-10287887346D:LeaderElection213] INFO  impl.RaftServerImpl (RaftServerImpl.java:setRole(174)) - b3e939fd-eb36-468b-9efe-5d0a1fdaa172@group-10287887346D: changes role from CANDIDATE to LEADER at term 1 for changeToLeader
2019-09-26 15:13:37,484 [b3e939fd-eb36-468b-9efe-5d0a1fdaa172@group-AD8F5DA59BC3:LeaderElection207] INFO  impl.RoleInfo (RoleInfo.java:shutdownLeaderElection(134)) - b3e939fd-eb36-468b-9efe-5d0a1fdaa172: shutdown LeaderElection
2019-09-26 15:13:37,487 [b3e939fd-eb36-468b-9efe-5d0a1fdaa172@group-AD8F5DA59BC3:LeaderElection207] INFO  impl.RaftServerImpl (RaftServerImpl.java:setRole(174)) - b3e939fd-eb36-468b-9efe-5d0a1fdaa172@group-AD8F5DA59BC3: changes role from CANDIDATE to LEADER at term 1 for changeToLeader
2019-09-26 15:13:37,488 [b3e939fd-eb36-468b-9efe-5d0a1fdaa172@group-AD8F5DA59BC3:LeaderElection207] INFO  impl.RaftServerImpl (ServerState.java:setLeader(253)) - b3e939fd-eb36-468b-9efe-5d0a1fdaa172@group-AD8F5DA59BC3: change Leader from null to b3e939fd-eb36-468b-9efe-5d0a1fdaa172 at term 1 for becomeLeader, leader elected after 9425ms
2019-09-26 15:13:37,484 [Thread-1469] WARN  util.JavaUtils (JavaUtils.java:sleep(250)) - Unexpected long sleep: sleep(5081ms) actually took 5787ms which is over the threshold 300ms
2019-09-26 15:13:37,484 [Thread-1463] WARN  util.JavaUtils (JavaUtils.java:sleep(250)) - Unexpected long sleep: sleep(5076ms) actually took 6080ms which is over the threshold 300ms
2019-09-26 15:13:37,484 [Thread-1472] WARN  util.JavaUtils (JavaUtils.java:sleep(250)) - Unexpected long sleep: sleep(5006ms) actually took 5746ms which is over the threshold 300ms
2019-09-26 15:13:37,482 [Thread-1071] INFO  impl.FollowerState (FollowerState.java:run(106)) - b3e939fd-eb36-468b-9efe-5d0a1fdaa172:group-A69ABA2706CB changes to CANDIDATE, lastRpcTime:10685, electionTimeout:5076ms
2019-09-26 15:13:37,482 [Thread-1080] INFO  impl.FollowerState (FollowerState.java:run(106)) - b3e939fd-eb36-468b-9efe-5d0a1fdaa172:group-7C3112672CFD changes to CANDIDATE, lastRpcTime:10580, electionTimeout:5097ms
2019-09-26 15:13:37,480 [Thread-1364] WARN  util.JavaUtils (JavaUtils.java:sleep(250)) - Unexpected long sleep: sleep(5104ms) actually took 7112ms which is over the threshold 300ms
2019-09-26 15:13:37,480 [Thread-1367] WARN  util.JavaUtils (JavaUtils.java:sleep(250)) - Unexpected long sleep: sleep(5125ms) actually took 7091ms which is over the threshold 300ms
2019-09-26 15:13:37,479 [Thread-1361] WARN  util.JavaUtils (JavaUtils.java:sleep(250)) - Unexpected long sleep: sleep(5171ms) actually took 7129ms which is over the threshold 300ms
2019-09-26 15:13:37,479 [Thread-1370] WARN  util.JavaUtils (JavaUtils.java:sleep(250)) - Unexpected long sleep: sleep(5108ms) actually took 7053ms which is over the threshold 300ms
2019-09-26 15:13:37,479 [Thread-1373] WARN  util.JavaUtils (JavaUtils.java:sleep(250)) - Unexpected long sleep: sleep(5116ms) actually took 7024ms which is over the threshold 300ms
2019-09-26 15:13:37,479 [Thread-1379] WARN  util.JavaUtils (JavaUtils.java:sleep(250)) - Unexpected long sleep: sleep(5056ms) actually took 6964ms which is over the threshold 300ms
2019-09-26 15:13:37,478 [Thread-1376] WARN  util.JavaUtils (JavaUtils.java:sleep(250)) - Unexpected long sleep: sleep(5105ms) actually took 6992ms which is over the threshold 300ms
2019-09-26 15:13:37,477 [org.apache.hadoop.util.JvmPauseMonitor$Monitor@73511076] INFO  util.JvmPauseMonitor (JvmPauseMonitor.java:run(205)) - Detected pause in JVM or host machine (eg GC): pause of approximately 1769ms
GC pool 'PS MarkSweep' had collection(s): count=14 time=2140ms
GC pool 'PS Scavenge' had collection(s): count=14 time=79ms
2019-09-26 15:13:37,477 [org.apache.hadoop.util.JvmPauseMonitor$Monitor@60a04775] INFO  util.JvmPauseMonitor (JvmPauseMonitor.java:run(205)) - Detected pause in JVM or host machine (eg GC): pause of approximately 1769ms
GC pool 'PS MarkSweep' had collection(s): count=14 time=2140ms
GC pool 'PS Scavenge' had collection(s): count=14 time=79ms
2019-09-26 15:13:37,476 [Thread-1385] WARN  util.JavaUtils (JavaUtils.java:sleep(250)) - Unexpected long sleep: sleep(5086ms) actually took 6863ms which is over the threshold 300ms
2019-09-26 15:13:37,476 [Thread-1391] WARN  util.JavaUtils (JavaUtils.java:sleep(250)) - Unexpected long sleep: sleep(5057ms) actually took 6790ms which is over the threshold 300ms
2019-09-26 15:13:37,476 [Thread-1394] WARN  util.JavaUtils (JavaUtils.java:sleep(250)) - Unexpected long sleep: sleep(5063ms) actually took 6752ms which is over the threshold 300ms
2019-09-26 15:13:37,476 [Thread-1382] WARN  util.JavaUtils (JavaUtils.java:sleep(250)) - Unexpected long sleep: sleep(5174ms) actually took 6901ms which is over the threshold 300ms
2019-09-26 15:13:37,476 [Thread-1388] WARN  util.JavaUtils (JavaUtils.java:sleep(250)) - Unexpected long sleep: sleep(5137ms) actually took 6830ms which is over the threshold 300ms
2019-09-26 15:13:37,476 [Thread-1397] WARN  util.JavaUtils (JavaUtils.java:sleep(250)) - Unexpected long sleep: sleep(5056ms) actually took 6715ms which is over the threshold 300ms
2019-09-26 15:13:37,476 [Thread-1406] WARN  util.JavaUtils (JavaUtils.java:sleep(250)) - Unexpected long sleep: sleep(5056ms) actually took 6640ms which is over the threshold 300ms
2019-09-26 15:13:37,476 [Thread-1403] WARN  util.JavaUtils (JavaUtils.java:sleep(250)) - Unexpected long sleep: sleep(5107ms) actually took 6666ms which is over the threshold 300ms
2019-09-26 15:13:37,476 [Thread-1415] WARN  util.JavaUtils (JavaUtils.java:sleep(250)) - Unexpected long sleep: sleep(5012ms) actually took 6563ms which is over the threshold 300ms
2019-09-26 15:13:37,475 [Thread-1400] WARN  util.JavaUtils (JavaUtils.java:sleep(250)) - Unexpected long sleep: sleep(5180ms) actually took 6691ms which is over the threshold 300ms
2019-09-26 15:13:37,475 [Thread-1412] WARN  util.JavaUtils (JavaUtils.java:sleep(250)) - Unexpected long sleep: sleep(5133ms) actually took 6599ms which is over the threshold 300ms
2019-09-26 15:13:37,475 [Thread-1409] WARN  util.JavaUtils (JavaUtils.java:sleep(250)) - Unexpected long sleep: sleep(5150ms) actually took 6622ms which is over the threshold 300ms
2019-09-26 15:13:37,475 [Thread-1421] WARN  util.JavaUtils (JavaUtils.java:sleep(250)) - Unexpected long sleep: sleep(5104ms) actually took 6485ms which is over the threshold 300ms
2019-09-26 15:13:37,475 [Thread-1427] WARN  util.JavaUtils (JavaUtils.java:sleep(250)) - Unexpected long sleep: sleep(5076ms) actually took 6412ms which is over the threshold 300ms
2019-09-26 15:13:37,475 [Thread-1418] WARN  util.JavaUtils (JavaUtils.java:sleep(250)) - Unexpected long sleep: sleep(5135ms) actually took 6520ms which is over the threshold 300ms
2019-09-26 15:13:37,475 [Thread-1424] WARN  util.JavaUtils (JavaUtils.java:sleep(250)) - Unexpected long sleep: sleep(5129ms) actually took 6448ms which is over the threshold 300ms
2019-09-26 15:13:37,475 [Thread-1436] WARN  util.JavaUtils (JavaUtils.java:sleep(250)) - Unexpected long sleep: sleep(5085ms) actually took 6365ms which is over the threshold 300ms
2019-09-26 15:13:37,475 [Thread-1442] WARN  util.JavaUtils (JavaUtils.java:sleep(250)) - Unexpected long sleep: sleep(5000ms) actually took 6310ms which is over the threshold 300ms
2019-09-26 15:13:37,475 [Thread-1430] WARN  util.JavaUtils (JavaUtils.java:sleep(250)) - Unexpected long sleep: sleep(5124ms) actually took 6396ms which is over the threshold 300ms
2019-09-26 15:13:37,474 [Thread-1433] WARN  util.JavaUtils (JavaUtils.java:sleep(250)) - Unexpected long sleep: sleep(5138ms) actually took 6381ms which is over the threshold 300ms
2019-09-26 15:13:37,474 [Thread-1439] WARN  util.JavaUtils (JavaUtils.java:sleep(250)) - Unexpected long sleep: sleep(5111ms) actually took 6330ms which is over the threshold 300ms
2019-09-26 15:13:37,474 [Thread-1448] WARN  util.JavaUtils (JavaUtils.java:sleep(250)) - Unexpected long sleep: sleep(5016ms) actually took 6231ms which is over the threshold 300ms
2019-09-26 15:13:37,474 [Thread-1445] WARN  util.JavaUtils (JavaUtils.java:sleep(250)) - Unexpected long sleep: sleep(5064ms) actually took 6269ms which is over the threshold 300ms
2019-09-26 15:13:37,474 [Thread-1454] WARN  util.JavaUtils (JavaUtils.java:sleep(250)) - Unexpected long sleep: sleep(5055ms) actually took 6168ms which is over the threshold 300ms
2019-09-26 15:13:37,474 [Thread-1457] WARN  util.JavaUtils (JavaUtils.java:sleep(250)) - Unexpected long sleep: sleep(5077ms) actually took 6128ms which is over the threshold 300ms
2019-09-26 15:13:37,473 [Thread-1451] WARN  util.JavaUtils (JavaUtils.java:sleep(250)) - Unexpected long sleep: sleep(5186ms) actually took 6205ms which is over the threshold 300ms
2019-09-26 15:13:37,245 [b3e939fd-eb36-468b-9efe-5d0a1fdaa172@group-F2E2F02C4E80:LeaderElection206] INFO  impl.RaftServerImpl (RaftServerImpl.java:setRole(174)) - b3e939fd-eb36-468b-9efe-5d0a1fdaa172@group-F2E2F02C4E80: changes role from CANDIDATE to LEADER at term 1 for changeToLeader
2019-09-26 15:13:37,245 [Thread-1466] WARN  util.JavaUtils (JavaUtils.java:sleep(250)) - Unexpected long sleep: sleep(5157ms) actually took 5813ms which is over the threshold 300ms
2019-09-26 15:13:37,245 [Thread-1460] WARN  util.JavaUtils (JavaUtils.java:sleep(250)) - Unexpected long sleep: sleep(5170ms) actually took 5872ms which is over the threshold 300ms
2019-09-26 15:13:37,245 [Thread-1481] WARN  util.JavaUtils (JavaUtils.java:sleep(250)) - Unexpected long sleep: sleep(5068ms) actually took 5630ms which is over the threshold 300ms
2019-09-26 15:13:37,245 [Thread-1478] WARN  util.JavaUtils (JavaUtils.java:sleep(250)) - Unexpected long sleep: sleep(5150ms) actually took 5668ms which is over the threshold 300ms
2019-09-26 15:13:37,245 [Thread-1484] WARN  util.JavaUtils (JavaUtils.java:sleep(250)) - Unexpected long sleep: sleep(5112ms) actually took 5568ms which is over the threshold 300ms
2019-09-26 15:13:37,244 [b3e939fd-eb36-468b-9efe-5d0a1fdaa172@group-599EFAC1E503:LeaderElection227] INFO  impl.RoleInfo (RoleInfo.java:updateAndGet(143)) - b3e939fd-eb36-468b-9efe-5d0a1fdaa172: start LeaderState
2019-09-26 15:13:37,244 [Thread-1490] WARN  util.JavaUtils (JavaUtils.java:sleep(250)) - Unexpected long sleep: sleep(5092ms) actually took 5490ms which is over the threshold 300ms
2019-09-26 15:13:37,244 [Thread-1493] WARN  util.JavaUtils (JavaUtils.java:sleep(250)) - Unexpected long sleep: sleep(5073ms) actually took 5453ms which is over the threshold 300ms
2019-09-26 15:13:37,244 [Thread-1499] INFO  impl.FollowerState (FollowerState.java:run(106)) - b3e939fd-eb36-468b-9efe-5d0a1fdaa172:group-C878FEE1AB22 changes to CANDIDATE, lastRpcTime:5371, electionTimeout:5081ms
2019-09-26 15:13:37,244 [Thread-1496] WARN  util.JavaUtils (JavaUtils.java:sleep(250)) - Unexpected long sleep: sleep(5080ms) actually took 5399ms which is over the threshold 300ms
2019-09-26 15:13:37,243 [b3e939fd-eb36-468b-9efe-5d0a1fdaa172@group-ECC1AF727233:LeaderElection204] INFO  impl.RoleInfo (RoleInfo.java:shutdownLeaderElection(134)) - b3e939fd-eb36-468b-9efe-5d0a1fdaa172: shutdown LeaderElection
2019-09-26 15:13:37,243 [pool-27-thread-1] INFO  server.RaftServerConfigKeys (ConfUtils.java:logGet(43)) - raft.server.log.purge.gap = 1000000 (custom)
2019-09-26 15:13:37,243 [b3e939fd-eb36-468b-9efe-5d0a1fdaa172@group-9B7D74F6726A:LeaderElection222] INFO  impl.LeaderElection (LeaderElection.java:askForVotes(182)) - b3e939fd-eb36-468b-9efe-5d0a1fdaa172@group-9B7D74F6726A:LeaderElection222: begin an election at term 1 for -1: [b3e939fd-eb36-468b-9efe-5d0a1fdaa172:192.168.151.99:45433], old=null
2019-09-26 15:13:37,242 [Thread-1349] WARN  util.JavaUtils (JavaUtils.java:sleep(250)) - Unexpected long sleep: sleep(5069ms) actually took 7056ms which is over the threshold 300ms
2019-09-26 15:13:37,242 [Thread-1346] WARN  util.JavaUtils (JavaUtils.java:sleep(250)) - Unexpected long sleep: sleep(5138ms) actually took 7120ms which is over the threshold 300ms
2019-09-26 15:13:37,242 [b3e939fd-eb36-468b-9efe-5d0a1fdaa172@group-898D87100B2B-SegmentedRaftLogWorker] ERROR segmented.SegmentedRaftLogWorker (SegmentedRaftLogWorker.java:run(323)) - b3e939fd-eb36-468b-9efe-5d0a1fdaa172@group-898D87100B2B-SegmentedRaftLogWorker hit exception
java.lang.OutOfMemoryError: Direct buffer memory
	at java.nio.Bits.reserveMemory(Bits.java:666)
	at java.nio.DirectByteBuffer.<init>(DirectByteBuffer.java:123)
	at java.nio.ByteBuffer.allocateDirect(ByteBuffer.java:311)
	at org.apache.ratis.server.raftlog.segmented.BufferedWriteChannel.<init>(BufferedWriteChannel.java:41)
	at org.apache.ratis.server.raftlog.segmented.SegmentedRaftLogOutputStream.<init>(SegmentedRaftLogOutputStream.java:72)
	at org.apache.ratis.server.raftlog.segmented.SegmentedRaftLogWorker$StartLogSegment.execute(SegmentedRaftLogWorker.java:566)
	at org.apache.ratis.server.raftlog.segmented.SegmentedRaftLogWorker.run(SegmentedRaftLogWorker.java:289)
	at java.lang.Thread.run(Thread.java:748)
2019-09-26 15:13:37,242 [b3e939fd-eb36-468b-9efe-5d0a1fdaa172@group-9BC164364327-SegmentedRaftLogWorker] ERROR segmented.SegmentedRaftLogWorker (SegmentedRaftLogWorker.java:run(323)) - b3e939fd-eb36-468b-9efe-5d0a1fdaa172@group-9BC164364327-SegmentedRaftLogWorker hit exception
java.lang.OutOfMemoryError: Direct buffer memory
	at java.nio.Bits.reserveMemory(Bits.java:666)
	at java.nio.DirectByteBuffer.<init>(DirectByteBuffer.java:123)
	at java.nio.ByteBuffer.allocateDirect(ByteBuffer.java:311)
	at org.apache.ratis.server.raftlog.segmented.BufferedWriteChannel.<init>(BufferedWriteChannel.java:41)
	at org.apache.ratis.server.raftlog.segmented.SegmentedRaftLogOutputStream.<init>(SegmentedRaftLogOutputStream.java:72)
	at org.apache.ratis.server.raftlog.segmented.SegmentedRaftLogWorker$StartLogSegment.execute(SegmentedRaftLogWorker.java:566)
	at org.apache.ratis.server.raftlog.segmented.SegmentedRaftLogWorker.run(SegmentedRaftLogWorker.java:289)
	at java.lang.Thread.run(Thread.java:748)
2019-09-26 15:13:37,242 [b3e939fd-eb36-468b-9efe-5d0a1fdaa172@group-9F3011231373-SegmentedRaftLogWorker] ERROR segmented.SegmentedRaftLogWorker (SegmentedRaftLogWorker.java:run(323)) - b3e939fd-eb36-468b-9efe-5d0a1fdaa172@group-9F3011231373-SegmentedRaftLogWorker hit exception
java.lang.OutOfMemoryError: Direct buffer memory
	at java.nio.Bits.reserveMemory(Bits.java:666)
	at java.nio.DirectByteBuffer.<init>(DirectByteBuffer.java:123)
	at java.nio.ByteBuffer.allocateDirect(ByteBuffer.java:311)
	at org.apache.ratis.server.raftlog.segmented.BufferedWriteChannel.<init>(BufferedWriteChannel.java:41)
	at org.apache.ratis.server.raftlog.segmented.SegmentedRaftLogOutputStream.<init>(SegmentedRaftLogOutputStream.java:72)
	at org.apache.ratis.server.raftlog.segmented.SegmentedRaftLogWorker$StartLogSegment.execute(SegmentedRaftLogWorker.java:566)
	at org.apache.ratis.server.raftlog.segmented.SegmentedRaftLogWorker.run(SegmentedRaftLogWorker.java:289)
	at java.lang.Thread.run(Thread.java:748)
2019-09-26 15:13:37,493 [b3e939fd-eb36-468b-9efe-5d0a1fdaa172@group-9F3011231373-SegmentedRaftLogWorker] INFO  impl.RaftServerImpl (RaftServerImpl.java:lambda$shutdown$3(251)) - b3e939fd-eb36-468b-9efe-5d0a1fdaa172@group-9F3011231373: shutdown
2019-09-26 15:13:37,242 [b3e939fd-eb36-468b-9efe-5d0a1fdaa172@group-D46EF446A86F-SegmentedRaftLogWorker] ERROR segmented.SegmentedRaftLogWorker (SegmentedRaftLogWorker.java:run(323)) - b3e939fd-eb36-468b-9efe-5d0a1fdaa172@group-D46EF446A86F-SegmentedRaftLogWorker hit exception
java.lang.OutOfMemoryError: Direct buffer memory
	at java.nio.Bits.reserveMemory(Bits.java:666)
	at java.nio.DirectByteBuffer.<init>(DirectByteBuffer.java:123)
	at java.nio.ByteBuffer.allocateDirect(ByteBuffer.java:311)
	at org.apache.ratis.server.raftlog.segmented.BufferedWriteChannel.<init>(BufferedWriteChannel.java:41)
	at org.apache.ratis.server.raftlog.segmented.SegmentedRaftLogOutputStream.<init>(SegmentedRaftLogOutputStream.java:72)
	at org.apache.ratis.server.raftlog.segmented.SegmentedRaftLogWorker$StartLogSegment.execute(SegmentedRaftLogWorker.java:566)
	at org.apache.ratis.server.raftlog.segmented.SegmentedRaftLogWorker.run(SegmentedRaftLogWorker.java:289)
	at java.lang.Thread.run(Thread.java:748)
2019-09-26 15:13:37,242 [Thread-1355] WARN  util.JavaUtils (JavaUtils.java:sleep(250)) - Unexpected long sleep: sleep(5052ms) actually took 6967ms which is over the threshold 300ms
2019-09-26 15:13:37,241 [Thread-1352] WARN  util.JavaUtils (JavaUtils.java:sleep(250)) - Unexpected long sleep: sleep(5105ms) actually took 7011ms which is over the threshold 300ms
2019-09-26 15:13:37,241 [Thread-1358] WARN  util.JavaUtils (JavaUtils.java:sleep(250)) - Unexpected long sleep: sleep(5039ms) actually took 6933ms which is over the threshold 300ms
2019-09-26 15:13:35,209 [b3e939fd-eb36-468b-9efe-5d0a1fdaa172@group-B2026959841C:LeaderElection241] INFO  impl.LeaderElection (LeaderElection.java:askForVotes(182)) - b3e939fd-eb36-468b-9efe-5d0a1fdaa172@group-B2026959841C:LeaderElection241: begin an election at term 1 for -1: [b3e939fd-eb36-468b-9efe-5d0a1fdaa172:192.168.151.99:45433], old=null
2019-09-26 15:13:35,209 [b3e939fd-eb36-468b-9efe-5d0a1fdaa172@group-1A5718D16976:LeaderElection244] INFO  impl.LeaderElection (LeaderElection.java:askForVotes(182)) - b3e939fd-eb36-468b-9efe-5d0a1fdaa172@group-1A5718D16976:LeaderElection244: begin an election at term 1 for -1: [b3e939fd-eb36-468b-9efe-5d0a1fdaa172:192.168.151.99:45433], old=null
2019-09-26 15:13:35,209 [b3e939fd-eb36-468b-9efe-5d0a1fdaa172@group-5DF16D025390:LeaderElection218] INFO  impl.LeaderElection (LeaderElection.java:askForVotes(182)) - b3e939fd-eb36-468b-9efe-5d0a1fdaa172@group-5DF16D025390:LeaderElection218: begin an election at term 1 for -1: [b3e939fd-eb36-468b-9efe-5d0a1fdaa172:192.168.151.99:45433], old=null
2019-09-26 15:13:37,494 [b3e939fd-eb36-468b-9efe-5d0a1fdaa172@group-5DF16D025390:LeaderElection218] INFO  impl.RoleInfo (RoleInfo.java:shutdownLeaderElection(134)) - b3e939fd-eb36-468b-9efe-5d0a1fdaa172: shutdown LeaderElection
2019-09-26 15:13:37,494 [b3e939fd-eb36-468b-9efe-5d0a1fdaa172@group-5DF16D025390:LeaderElection218] INFO  impl.RaftServerImpl (RaftServerImpl.java:setRole(174)) - b3e939fd-eb36-468b-9efe-5d0a1fdaa172@group-5DF16D025390: changes role from CANDIDATE to LEADER at term 1 for changeToLeader
2019-09-26 15:13:35,209 [b3e939fd-eb36-468b-9efe-5d0a1fdaa172@group-270C29ADC77F:LeaderElection210] INFO  impl.LeaderElection (LeaderElection.java:askForVotes(182)) - b3e939fd-eb36-468b-9efe-5d0a1fdaa172@group-270C29ADC77F:LeaderElection210: begin an election at term 1 for -1: [b3e939fd-eb36-468b-9efe-5d0a1fdaa172:192.168.151.99:45433], old=null
2019-09-26 15:13:35,209 [b3e939fd-eb36-468b-9efe-5d0a1fdaa172@group-F2FE42403F49:LeaderElection220] INFO  impl.LeaderElection (LeaderElection.java:askForVotes(182)) - b3e939fd-eb36-468b-9efe-5d0a1fdaa172@group-F2FE42403F49:LeaderElection220: begin an election at term 1 for -1: [b3e939fd-eb36-468b-9efe-5d0a1fdaa172:192.168.151.99:45433], old=null
2019-09-26 15:13:35,208 [b3e939fd-eb36-468b-9efe-5d0a1fdaa172@group-FC0C2CB5B5D7:LeaderElection231] INFO  impl.RoleInfo (RoleInfo.java:shutdownLeaderElection(134)) - b3e939fd-eb36-468b-9efe-5d0a1fdaa172: shutdown LeaderElection
2019-09-26 15:13:35,208 [b3e939fd-eb36-468b-9efe-5d0a1fdaa172@group-3A19C25E34FC:LeaderElection202] INFO  impl.RoleInfo (RoleInfo.java:shutdownLeaderElection(134)) - b3e939fd-eb36-468b-9efe-5d0a1fdaa172: shutdown LeaderElection
2019-09-26 15:13:35,208 [b3e939fd-eb36-468b-9efe-5d0a1fdaa172@group-E65C91CFD05F:LeaderElection208] INFO  impl.RoleInfo (RoleInfo.java:shutdownLeaderElection(134)) - b3e939fd-eb36-468b-9efe-5d0a1fdaa172: shutdown LeaderElection
2019-09-26 15:13:35,208 [b3e939fd-eb36-468b-9efe-5d0a1fdaa172@group-EBA4A4160D1B:LeaderElection229] INFO  impl.RoleInfo (RoleInfo.java:shutdownLeaderElection(134)) - b3e939fd-eb36-468b-9efe-5d0a1fdaa172: shutdown LeaderElection
2019-09-26 15:13:37,494 [b3e939fd-eb36-468b-9efe-5d0a1fdaa172@group-EBA4A4160D1B:LeaderElection229] INFO  impl.RaftServerImpl (RaftServerImpl.java:setRole(174)) - b3e939fd-eb36-468b-9efe-5d0a1fdaa172@group-EBA4A4160D1B: changes role from CANDIDATE to LEADER at term 1 for changeToLeader
2019-09-26 15:13:35,208 [b3e939fd-eb36-468b-9efe-5d0a1fdaa172@group-597DE855A82D:LeaderElection234] INFO  impl.RoleInfo (RoleInfo.java:shutdownLeaderElection(134)) - b3e939fd-eb36-468b-9efe-5d0a1fdaa172: shutdown LeaderElection
2019-09-26 15:13:35,208 [b3e939fd-eb36-468b-9efe-5d0a1fdaa172@group-45EF2C5983EC:LeaderElection209] INFO  impl.RaftServerImpl (RaftServerImpl.java:setRole(174)) - b3e939fd-eb36-468b-9efe-5d0a1fdaa172@group-45EF2C5983EC: changes role from CANDIDATE to LEADER at term 1 for changeToLeader
2019-09-26 15:13:35,208 [b3e939fd-eb36-468b-9efe-5d0a1fdaa172@group-1A432A011447:LeaderElection225] INFO  impl.RaftServerImpl (RaftServerImpl.java:setRole(174)) - b3e939fd-eb36-468b-9efe-5d0a1fdaa172@group-1A432A011447: changes role from CANDIDATE to LEADER at term 1 for changeToLeader
2019-09-26 15:13:35,208 [b3e939fd-eb36-468b-9efe-5d0a1fdaa172@group-5B658C392D0A-SegmentedRaftLogWorker] ERROR segmented.SegmentedRaftLogWorker (SegmentedRaftLogWorker.java:run(323)) - b3e939fd-eb36-468b-9efe-5d0a1fdaa172@group-5B658C392D0A-SegmentedRaftLogWorker hit exception
java.lang.OutOfMemoryError: Direct buffer memory
	at java.nio.Bits.reserveMemory(Bits.java:666)
	at java.nio.DirectByteBuffer.<init>(DirectByteBuffer.java:123)
	at java.nio.ByteBuffer.allocateDirect(ByteBuffer.java:311)
	at org.apache.ratis.server.raftlog.segmented.BufferedWriteChannel.<init>(BufferedWriteChannel.java:41)
	at org.apache.ratis.server.raftlog.segmented.SegmentedRaftLogOutputStream.<init>(SegmentedRaftLogOutputStream.java:72)
	at org.apache.ratis.server.raftlog.segmented.SegmentedRaftLogWorker$StartLogSegment.execute(SegmentedRaftLogWorker.java:566)
	at org.apache.ratis.server.raftlog.segmented.SegmentedRaftLogWorker.run(SegmentedRaftLogWorker.java:289)
	at java.lang.Thread.run(Thread.java:748)
2019-09-26 15:13:35,208 [b3e939fd-eb36-468b-9efe-5d0a1fdaa172@group-E8E63C574F52:LeaderElection203] INFO  impl.RoleInfo (RoleInfo.java:shutdownLeaderElection(134)) - b3e939fd-eb36-468b-9efe-5d0a1fdaa172: shutdown LeaderElection
2019-09-26 15:13:35,208 [b3e939fd-eb36-468b-9efe-5d0a1fdaa172@group-2969446FDAA8:LeaderElection205] INFO  impl.RaftServerImpl (RaftServerImpl.java:setRole(174)) - b3e939fd-eb36-468b-9efe-5d0a1fdaa172@group-2969446FDAA8: changes role from CANDIDATE to LEADER at term 1 for changeToLeader
2019-09-26 15:13:37,495 [b3e939fd-eb36-468b-9efe-5d0a1fdaa172@group-2969446FDAA8:LeaderElection205] INFO  impl.RaftServerImpl (ServerState.java:setLeader(253)) - b3e939fd-eb36-468b-9efe-5d0a1fdaa172@group-2969446FDAA8: change Leader from null to b3e939fd-eb36-468b-9efe-5d0a1fdaa172 at term 1 for becomeLeader, leader elected after 9560ms
2019-09-26 15:13:35,207 [b3e939fd-eb36-468b-9efe-5d0a1fdaa172@group-124765275578:LeaderElection230] INFO  impl.RaftServerImpl (RaftServerImpl.java:setRole(174)) - b3e939fd-eb36-468b-9efe-5d0a1fdaa172@group-124765275578: changes role from CANDIDATE to LEADER at term 1 for changeToLeader
2019-09-26 15:13:35,207 [b3e939fd-eb36-468b-9efe-5d0a1fdaa172@group-36CD4F2BB7F5:LeaderElection201] INFO  impl.RaftServerImpl (RaftServerImpl.java:setRole(174)) - b3e939fd-eb36-468b-9efe-5d0a1fdaa172@group-36CD4F2BB7F5: changes role from CANDIDATE to LEADER at term 1 for changeToLeader
2019-09-26 15:13:37,495 [b3e939fd-eb36-468b-9efe-5d0a1fdaa172@group-36CD4F2BB7F5:LeaderElection201] INFO  impl.RaftServerImpl (ServerState.java:setLeader(253)) - b3e939fd-eb36-468b-9efe-5d0a1fdaa172@group-36CD4F2BB7F5: change Leader from null to b3e939fd-eb36-468b-9efe-5d0a1fdaa172 at term 1 for becomeLeader, leader elected after 9709ms
2019-09-26 15:13:35,207 [b3e939fd-eb36-468b-9efe-5d0a1fdaa172@group-F26566D6F0FB:LeaderElection199] INFO  impl.RoleInfo (RoleInfo.java:shutdownLeaderElection(134)) - b3e939fd-eb36-468b-9efe-5d0a1fdaa172: shutdown LeaderElection
2019-09-26 15:13:35,207 [b3e939fd-eb36-468b-9efe-5d0a1fdaa172@group-AFE7DB0113F1:LeaderElection200] INFO  impl.RaftServerImpl (RaftServerImpl.java:setRole(174)) - b3e939fd-eb36-468b-9efe-5d0a1fdaa172@group-AFE7DB0113F1: changes role from CANDIDATE to LEADER at term 1 for changeToLeader
2019-09-26 15:13:37,496 [b3e939fd-eb36-468b-9efe-5d0a1fdaa172@group-AFE7DB0113F1:LeaderElection200] INFO  impl.RaftServerImpl (ServerState.java:setLeader(253)) - b3e939fd-eb36-468b-9efe-5d0a1fdaa172@group-AFE7DB0113F1: change Leader from null to b3e939fd-eb36-468b-9efe-5d0a1fdaa172 at term 1 for becomeLeader, leader elected after 9675ms
2019-09-26 15:13:35,207 [Thread-1337] INFO  impl.RoleInfo (RoleInfo.java:shutdownFollowerState(121)) - b3e939fd-eb36-468b-9efe-5d0a1fdaa172: shutdown FollowerState
2019-09-26 15:13:35,207 [Thread-1343] INFO  impl.RaftServerImpl (RaftServerImpl.java:setRole(174)) - b3e939fd-eb36-468b-9efe-5d0a1fdaa172@group-C4FDEBA5923A: changes role from  FOLLOWER to CANDIDATE at term 0 for changeToCandidate
2019-09-26 15:13:35,207 [Thread-1331] INFO  impl.RoleInfo (RoleInfo.java:shutdownFollowerState(121)) - b3e939fd-eb36-468b-9efe-5d0a1fdaa172: shutdown FollowerState
2019-09-26 15:13:35,207 [Thread-1315] WARN  util.JavaUtils (JavaUtils.java:sleep(250)) - Unexpected long sleep: sleep(5152ms) actually took 5482ms which is over the threshold 300ms
2019-09-26 15:13:35,207 [Thread-1340] INFO  impl.RoleInfo (RoleInfo.java:shutdownFollowerState(121)) - b3e939fd-eb36-468b-9efe-5d0a1fdaa172: shutdown FollowerState
2019-09-26 15:13:35,206 [b3e939fd-eb36-468b-9efe-5d0a1fdaa172@group-896043BAD063:LeaderElection243] INFO  impl.RaftServerImpl (RaftServerImpl.java:setRole(174)) - b3e939fd-eb36-468b-9efe-5d0a1fdaa172@group-896043BAD063: changes role from CANDIDATE to LEADER at term 1 for changeToLeader
2019-09-26 15:13:35,206 [b3e939fd-eb36-468b-9efe-5d0a1fdaa172@group-F6B43F86DCC6:LeaderElection242] INFO  impl.RoleInfo (RoleInfo.java:shutdownLeaderElection(134)) - b3e939fd-eb36-468b-9efe-5d0a1fdaa172: shutdown LeaderElection
2019-09-26 15:13:35,206 [Thread-1318] WARN  util.JavaUtils (JavaUtils.java:sleep(250)) - Unexpected long sleep: sleep(5124ms) actually took 5433ms which is over the threshold 300ms
2019-09-26 15:13:35,206 [b3e939fd-eb36-468b-9efe-5d0a1fdaa172@group-778C63AA011E:LeaderElection219] INFO  server.RaftServerConfigKeys (ConfUtils.java:logGet(43)) - raft.server.rpc.sleep.time = 25ms (default)
2019-09-26 15:13:35,206 [b3e939fd-eb36-468b-9efe-5d0a1fdaa172@group-1634C81BDE85:LeaderElection226] INFO  server.RaftServerConfigKeys (ConfUtils.java:logGet(43)) - raft.server.write.element-limit = 4096 (default)
2019-09-26 15:13:35,206 [b3e939fd-eb36-468b-9efe-5d0a1fdaa172@group-E77F7695A491:LeaderElection239] INFO  impl.RaftServerImpl (RaftServerImpl.java:setRole(174)) - b3e939fd-eb36-468b-9efe-5d0a1fdaa172@group-E77F7695A491: changes role from CANDIDATE to LEADER at term 1 for changeToLeader
2019-09-26 15:13:35,206 [b3e939fd-eb36-468b-9efe-5d0a1fdaa172@group-E2463642327B:LeaderElection233] INFO  impl.RaftServerImpl (RaftServerImpl.java:setRole(174)) - b3e939fd-eb36-468b-9efe-5d0a1fdaa172@group-E2463642327B: changes role from CANDIDATE to LEADER at term 1 for changeToLeader
2019-09-26 15:13:35,206 [Thread-1324] INFO  impl.RoleInfo (RoleInfo.java:shutdownFollowerState(121)) - b3e939fd-eb36-468b-9efe-5d0a1fdaa172: shutdown FollowerState
2019-09-26 15:13:35,206 [Thread-1334] INFO  impl.RoleInfo (RoleInfo.java:updateAndGet(143)) - b3e939fd-eb36-468b-9efe-5d0a1fdaa172: start LeaderElection
2019-09-26 15:13:35,205 [Thread-1321] INFO  impl.FollowerState (FollowerState.java:run(106)) - b3e939fd-eb36-468b-9efe-5d0a1fdaa172:group-23B1075E3B4B changes to CANDIDATE, lastRpcTime:5391, electionTimeout:5118ms
2019-09-26 15:13:35,205 [b3e939fd-eb36-468b-9efe-5d0a1fdaa172@group-368EEDBBC63A-SegmentedRaftLogWorker] INFO  impl.RoleInfo (RoleInfo.java:shutdownLeaderState(104)) - b3e939fd-eb36-468b-9efe-5d0a1fdaa172: shutdown LeaderState
2019-09-26 15:13:37,498 [Thread-1321] INFO  impl.RoleInfo (RoleInfo.java:shutdownFollowerState(121)) - b3e939fd-eb36-468b-9efe-5d0a1fdaa172: shutdown FollowerState
2019-09-26 15:13:37,497 [Thread-1324] INFO  impl.RaftServerImpl (RaftServerImpl.java:setRole(174)) - b3e939fd-eb36-468b-9efe-5d0a1fdaa172@group-FC1921472DFA: changes role from  FOLLOWER to CANDIDATE at term 0 for changeToCandidate
2019-09-26 15:13:37,497 [b3e939fd-eb36-468b-9efe-5d0a1fdaa172@group-E2463642327B:LeaderElection233] INFO  impl.RaftServerImpl (ServerState.java:setLeader(253)) - b3e939fd-eb36-468b-9efe-5d0a1fdaa172@group-E2463642327B: change Leader from null to b3e939fd-eb36-468b-9efe-5d0a1fdaa172 at term 1 for becomeLeader, leader elected after 8905ms
2019-09-26 15:13:37,497 [b3e939fd-eb36-468b-9efe-5d0a1fdaa172@group-E77F7695A491:LeaderElection239] INFO  impl.RaftServerImpl (ServerState.java:setLeader(253)) - b3e939fd-eb36-468b-9efe-5d0a1fdaa172@group-E77F7695A491: change Leader from null to b3e939fd-eb36-468b-9efe-5d0a1fdaa172 at term 1 for becomeLeader, leader elected after 8039ms
2019-09-26 15:13:37,497 [b3e939fd-eb36-468b-9efe-5d0a1fdaa172@group-1634C81BDE85:LeaderElection226] INFO  server.RaftServerConfigKeys (ConfUtils.java:logGet(43)) - raft.server.watch.timeout = 10s (default)
2019-09-26 15:13:37,497 [b3e939fd-eb36-468b-9efe-5d0a1fdaa172@group-F6B43F86DCC6:LeaderElection242] INFO  impl.RaftServerImpl (RaftServerImpl.java:setRole(174)) - b3e939fd-eb36-468b-9efe-5d0a1fdaa172@group-F6B43F86DCC6: changes role from CANDIDATE to LEADER at term 1 for changeToLeader
2019-09-26 15:13:37,497 [b3e939fd-eb36-468b-9efe-5d0a1fdaa172@group-896043BAD063:LeaderElection243] INFO  impl.RaftServerImpl (ServerState.java:setLeader(253)) - b3e939fd-eb36-468b-9efe-5d0a1fdaa172@group-896043BAD063: change Leader from null to b3e939fd-eb36-468b-9efe-5d0a1fdaa172 at term 1 for becomeLeader, leader elected after 7816ms
2019-09-26 15:13:37,496 [Thread-1340] INFO  impl.RaftServerImpl (RaftServerImpl.java:setRole(174)) - b3e939fd-eb36-468b-9efe-5d0a1fdaa172@group-F5BF1B3E3E4A: changes role from  FOLLOWER to CANDIDATE at term 0 for changeToCandidate
2019-09-26 15:13:37,496 [Thread-1331] INFO  impl.RaftServerImpl (RaftServerImpl.java:setRole(174)) - b3e939fd-eb36-468b-9efe-5d0a1fdaa172@group-4E868D6FA5B9: changes role from  FOLLOWER to CANDIDATE at term 0 for changeToCandidate
2019-09-26 15:13:37,496 [Thread-1337] INFO  impl.RaftServerImpl (RaftServerImpl.java:setRole(174)) - b3e939fd-eb36-468b-9efe-5d0a1fdaa172@group-1CB942701F5F: changes role from  FOLLOWER to CANDIDATE at term 0 for changeToCandidate
2019-09-26 15:13:37,496 [b3e939fd-eb36-468b-9efe-5d0a1fdaa172@group-AFE7DB0113F1:LeaderElection200] INFO  server.RaftServerConfigKeys (ConfUtils.java:logGet(43)) - raft.server.staging.catchup.gap = 1000 (default)
2019-09-26 15:13:37,496 [b3e939fd-eb36-468b-9efe-5d0a1fdaa172@group-F26566D6F0FB:LeaderElection199] INFO  impl.RaftServerImpl (RaftServerImpl.java:setRole(174)) - b3e939fd-eb36-468b-9efe-5d0a1fdaa172@group-F26566D6F0FB: changes role from CANDIDATE to LEADER at term 1 for changeToLeader
2019-09-26 15:13:37,496 [b3e939fd-eb36-468b-9efe-5d0a1fdaa172@group-36CD4F2BB7F5:LeaderElection201] INFO  server.RaftServerConfigKeys (ConfUtils.java:logGet(43)) - raft.server.staging.catchup.gap = 1000 (default)
2019-09-26 15:13:37,495 [b3e939fd-eb36-468b-9efe-5d0a1fdaa172@group-124765275578:LeaderElection230] INFO  impl.RaftServerImpl (ServerState.java:setLeader(253)) - b3e939fd-eb36-468b-9efe-5d0a1fdaa172@group-124765275578: change Leader from null to b3e939fd-eb36-468b-9efe-5d0a1fdaa172 at term 1 for becomeLeader, leader elected after 8965ms
2019-09-26 15:13:37,495 [b3e939fd-eb36-468b-9efe-5d0a1fdaa172@group-2969446FDAA8:LeaderElection205] INFO  server.RaftServerConfigKeys (ConfUtils.java:logGet(43)) - raft.server.staging.catchup.gap = 1000 (default)
2019-09-26 15:13:37,495 [b3e939fd-eb36-468b-9efe-5d0a1fdaa172@group-E8E63C574F52:LeaderElection203] INFO  impl.RaftServerImpl (RaftServerImpl.java:setRole(174)) - b3e939fd-eb36-468b-9efe-5d0a1fdaa172@group-E8E63C574F52: changes role from CANDIDATE to LEADER at term 1 for changeToLeader
2019-09-26 15:13:37,499 [b3e939fd-eb36-468b-9efe-5d0a1fdaa172@group-E8E63C574F52:LeaderElection203] INFO  impl.RaftServerImpl (ServerState.java:setLeader(253)) - b3e939fd-eb36-468b-9efe-5d0a1fdaa172@group-E8E63C574F52: change Leader from null to b3e939fd-eb36-468b-9efe-5d0a1fdaa172 at term 1 for becomeLeader, leader elected after 9602ms
2019-09-26 15:13:37,495 [b3e939fd-eb36-468b-9efe-5d0a1fdaa172@group-5B658C392D0A-SegmentedRaftLogWorker] INFO  impl.RaftServerImpl (RaftServerImpl.java:lambda$shutdown$3(251)) - b3e939fd-eb36-468b-9efe-5d0a1fdaa172@group-5B658C392D0A: shutdown
2019-09-26 15:13:37,495 [b3e939fd-eb36-468b-9efe-5d0a1fdaa172@group-1A432A011447:LeaderElection225] INFO  impl.RaftServerImpl (ServerState.java:setLeader(253)) - b3e939fd-eb36-468b-9efe-5d0a1fdaa172@group-1A432A011447: change Leader from null to b3e939fd-eb36-468b-9efe-5d0a1fdaa172 at term 1 for becomeLeader, leader elected after 8607ms
2019-09-26 15:13:37,495 [b3e939fd-eb36-468b-9efe-5d0a1fdaa172@group-45EF2C5983EC:LeaderElection209] INFO  impl.RaftServerImpl (ServerState.java:setLeader(253)) - b3e939fd-eb36-468b-9efe-5d0a1fdaa172@group-45EF2C5983EC: change Leader from null to b3e939fd-eb36-468b-9efe-5d0a1fdaa172 at term 1 for becomeLeader, leader elected after 9355ms
2019-09-26 15:13:37,495 [b3e939fd-eb36-468b-9efe-5d0a1fdaa172@group-597DE855A82D:LeaderElection234] INFO  impl.RaftServerImpl (RaftServerImpl.java:setRole(174)) - b3e939fd-eb36-468b-9efe-5d0a1fdaa172@group-597DE855A82D: changes role from CANDIDATE to LEADER at term 1 for changeToLeader
2019-09-26 15:13:37,499 [b3e939fd-eb36-468b-9efe-5d0a1fdaa172@group-597DE855A82D:LeaderElection234] INFO  impl.RaftServerImpl (ServerState.java:setLeader(253)) - b3e939fd-eb36-468b-9efe-5d0a1fdaa172@group-597DE855A82D: change Leader from null to b3e939fd-eb36-468b-9efe-5d0a1fdaa172 at term 1 for becomeLeader, leader elected after 8735ms
2019-09-26 15:13:37,494 [b3e939fd-eb36-468b-9efe-5d0a1fdaa172@group-EBA4A4160D1B:LeaderElection229] INFO  impl.RaftServerImpl (ServerState.java:setLeader(253)) - b3e939fd-eb36-468b-9efe-5d0a1fdaa172@group-EBA4A4160D1B: change Leader from null to b3e939fd-eb36-468b-9efe-5d0a1fdaa172 at term 1 for becomeLeader, leader elected after 8529ms
2019-09-26 15:13:37,494 [b3e939fd-eb36-468b-9efe-5d0a1fdaa172@group-E65C91CFD05F:LeaderElection208] INFO  impl.RaftServerImpl (RaftServerImpl.java:setRole(174)) - b3e939fd-eb36-468b-9efe-5d0a1fdaa172@group-E65C91CFD05F: changes role from CANDIDATE to LEADER at term 1 for changeToLeader
2019-09-26 15:13:37,494 [b3e939fd-eb36-468b-9efe-5d0a1fdaa172@group-3A19C25E34FC:LeaderElection202] INFO  impl.RaftServerImpl (RaftServerImpl.java:setRole(174)) - b3e939fd-eb36-468b-9efe-5d0a1fdaa172@group-3A19C25E34FC: changes role from CANDIDATE to LEADER at term 1 for changeToLeader
2019-09-26 15:13:37,494 [b3e939fd-eb36-468b-9efe-5d0a1fdaa172@group-FC0C2CB5B5D7:LeaderElection231] INFO  impl.RaftServerImpl (RaftServerImpl.java:setRole(174)) - b3e939fd-eb36-468b-9efe-5d0a1fdaa172@group-FC0C2CB5B5D7: changes role from CANDIDATE to LEADER at term 1 for changeToLeader
2019-09-26 15:13:37,494 [b3e939fd-eb36-468b-9efe-5d0a1fdaa172@group-F2FE42403F49:LeaderElection220] INFO  impl.RoleInfo (RoleInfo.java:shutdownLeaderElection(134)) - b3e939fd-eb36-468b-9efe-5d0a1fdaa172: shutdown LeaderElection
2019-09-26 15:13:37,494 [b3e939fd-eb36-468b-9efe-5d0a1fdaa172@group-270C29ADC77F:LeaderElection210] INFO  impl.RoleInfo (RoleInfo.java:shutdownLeaderElection(134)) - b3e939fd-eb36-468b-9efe-5d0a1fdaa172: shutdown LeaderElection
2019-09-26 15:13:37,494 [b3e939fd-eb36-468b-9efe-5d0a1fdaa172@group-5DF16D025390:LeaderElection218] INFO  impl.RaftServerImpl (ServerState.java:setLeader(253)) - b3e939fd-eb36-468b-9efe-5d0a1fdaa172@group-5DF16D025390: change Leader from null to b3e939fd-eb36-468b-9efe-5d0a1fdaa172 at term 1 for becomeLeader, leader elected after 9392ms
2019-09-26 15:13:37,493 [b3e939fd-eb36-468b-9efe-5d0a1fdaa172@group-1A5718D16976:LeaderElection244] INFO  impl.RoleInfo (RoleInfo.java:shutdownLeaderElection(134)) - b3e939fd-eb36-468b-9efe-5d0a1fdaa172: shutdown LeaderElection
2019-09-26 15:13:37,493 [b3e939fd-eb36-468b-9efe-5d0a1fdaa172@group-B2026959841C:LeaderElection241] INFO  impl.RoleInfo (RoleInfo.java:shutdownLeaderElection(134)) - b3e939fd-eb36-468b-9efe-5d0a1fdaa172: shutdown LeaderElection
2019-09-26 15:13:37,493 [b3e939fd-eb36-468b-9efe-5d0a1fdaa172@group-D46EF446A86F-SegmentedRaftLogWorker] INFO  impl.RaftServerImpl (RaftServerImpl.java:lambda$shutdown$3(251)) - b3e939fd-eb36-468b-9efe-5d0a1fdaa172@group-D46EF446A86F: shutdown
2019-09-26 15:13:37,493 [b3e939fd-eb36-468b-9efe-5d0a1fdaa172@group-9F3011231373-SegmentedRaftLogWorker] INFO  util.JmxRegister (JmxRegister.java:unregister(73)) - Successfully un-registered JMX Bean with object name Ratis:service=RaftServer,group=group-9F3011231373,id=b3e939fd-eb36-468b-9efe-5d0a1fdaa172
2019-09-26 15:13:37,492 [b3e939fd-eb36-468b-9efe-5d0a1fdaa172@group-9BC164364327-SegmentedRaftLogWorker] INFO  impl.RaftServerImpl (RaftServerImpl.java:lambda$shutdown$3(251)) - b3e939fd-eb36-468b-9efe-5d0a1fdaa172@group-9BC164364327: shutdown
2019-09-26 15:13:37,492 [b3e939fd-eb36-468b-9efe-5d0a1fdaa172@group-898D87100B2B-SegmentedRaftLogWorker] INFO  impl.RaftServerImpl (RaftServerImpl.java:lambda$shutdown$3(251)) - b3e939fd-eb36-468b-9efe-5d0a1fdaa172@group-898D87100B2B: shutdown
2019-09-26 15:13:37,492 [b3e939fd-eb36-468b-9efe-5d0a1fdaa172@group-9B7D74F6726A:LeaderElection222] INFO  impl.RoleInfo (RoleInfo.java:shutdownLeaderElection(134)) - b3e939fd-eb36-468b-9efe-5d0a1fdaa172: shutdown LeaderElection
2019-09-26 15:13:37,492 [pool-27-thread-1] INFO  server.RaftServerConfigKeys (ConfUtils.java:logGet(43)) - raft.server.log.appender.buffer.byte-limit = 33554432 (custom)
2019-09-26 15:13:37,492 [b3e939fd-eb36-468b-9efe-5d0a1fdaa172@group-ECC1AF727233:LeaderElection204] INFO  impl.RaftServerImpl (RaftServerImpl.java:setRole(174)) - b3e939fd-eb36-468b-9efe-5d0a1fdaa172@group-ECC1AF727233: changes role from CANDIDATE to LEADER at term 1 for changeToLeader
2019-09-26 15:13:37,501 [b3e939fd-eb36-468b-9efe-5d0a1fdaa172@group-ECC1AF727233:LeaderElection204] INFO  impl.RaftServerImpl (ServerState.java:setLeader(253)) - b3e939fd-eb36-468b-9efe-5d0a1fdaa172@group-ECC1AF727233: change Leader from null to b3e939fd-eb36-468b-9efe-5d0a1fdaa172 at term 1 for becomeLeader, leader elected after 9496ms
2019-09-26 15:13:37,491 [Thread-1499] INFO  impl.RoleInfo (RoleInfo.java:shutdownFollowerState(121)) - b3e939fd-eb36-468b-9efe-5d0a1fdaa172: shutdown FollowerState
2019-09-26 15:13:37,491 [b3e939fd-eb36-468b-9efe-5d0a1fdaa172@group-599EFAC1E503:LeaderElection227] INFO  segmented.SegmentedRaftLogWorker (SegmentedRaftLogWorker.java:startLogSegment(380)) - b3e939fd-eb36-468b-9efe-5d0a1fdaa172@group-599EFAC1E503-SegmentedRaftLogWorker: Starting segment from index:0
2019-09-26 15:13:37,491 [b3e939fd-eb36-468b-9efe-5d0a1fdaa172@group-F2E2F02C4E80:LeaderElection206] INFO  impl.RaftServerImpl (ServerState.java:setLeader(253)) - b3e939fd-eb36-468b-9efe-5d0a1fdaa172@group-F2E2F02C4E80: change Leader from null to b3e939fd-eb36-468b-9efe-5d0a1fdaa172 at term 1 for becomeLeader, leader elected after 9521ms
2019-09-26 15:13:37,488 [Thread-1071] INFO  impl.RoleInfo (RoleInfo.java:shutdownFollowerState(121)) - b3e939fd-eb36-468b-9efe-5d0a1fdaa172: shutdown FollowerState
2019-09-26 15:13:37,488 [Thread-1080] INFO  impl.RoleInfo (RoleInfo.java:shutdownFollowerState(121)) - b3e939fd-eb36-468b-9efe-5d0a1fdaa172: shutdown FollowerState
2019-09-26 15:13:37,488 [b3e939fd-eb36-468b-9efe-5d0a1fdaa172@group-AD8F5DA59BC3:LeaderElection207] INFO  server.RaftServerConfigKeys (ConfUtils.java:logGet(43)) - raft.server.staging.catchup.gap = 1000 (default)
2019-09-26 15:13:37,487 [b3e939fd-eb36-468b-9efe-5d0a1fdaa172@group-10287887346D:LeaderElection213] INFO  impl.RaftServerImpl (ServerState.java:setLeader(253)) - b3e939fd-eb36-468b-9efe-5d0a1fdaa172@group-10287887346D: change Leader from null to b3e939fd-eb36-468b-9efe-5d0a1fdaa172 at term 1 for becomeLeader, leader elected after 8820ms
2019-09-26 15:13:37,487 [b3e939fd-eb36-468b-9efe-5d0a1fdaa172@group-028EEA1990DD:LeaderElection237] INFO  impl.RaftServerImpl (RaftServerImpl.java:setRole(174)) - b3e939fd-eb36-468b-9efe-5d0a1fdaa172@group-028EEA1990DD: changes role from CANDIDATE to LEADER at term 1 for changeToLeader
2019-09-26 15:13:37,502 [b3e939fd-eb36-468b-9efe-5d0a1fdaa172@group-028EEA1990DD:LeaderElection237] INFO  impl.RaftServerImpl (ServerState.java:setLeader(253)) - b3e939fd-eb36-468b-9efe-5d0a1fdaa172@group-028EEA1990DD: change Leader from null to b3e939fd-eb36-468b-9efe-5d0a1fdaa172 at term 1 for becomeLeader, leader elected after 8459ms
2019-09-26 15:13:37,487 [b3e939fd-eb36-468b-9efe-5d0a1fdaa172@group-337EFED2784C:LeaderElection221] INFO  impl.RaftServerImpl (ServerState.java:setLeader(253)) - b3e939fd-eb36-468b-9efe-5d0a1fdaa172@group-337EFED2784C: change Leader from null to b3e939fd-eb36-468b-9efe-5d0a1fdaa172 at term 1 for becomeLeader, leader elected after 9200ms
2019-09-26 15:13:37,487 [b3e939fd-eb36-468b-9efe-5d0a1fdaa172@group-DC2DB9729BEF:LeaderElection240] INFO  impl.RaftServerImpl (RaftServerImpl.java:setRole(174)) - b3e939fd-eb36-468b-9efe-5d0a1fdaa172@group-DC2DB9729BEF: changes role from CANDIDATE to LEADER at term 1 for changeToLeader
2019-09-26 15:13:37,487 [b3e939fd-eb36-468b-9efe-5d0a1fdaa172@group-2F5911C68895:LeaderElection228] INFO  impl.RaftServerImpl (ServerState.java:setLeader(253)) - b3e939fd-eb36-468b-9efe-5d0a1fdaa172@group-2F5911C68895: change Leader from null to b3e939fd-eb36-468b-9efe-5d0a1fdaa172 at term 1 for becomeLeader, leader elected after 8483ms
2019-09-26 15:13:37,487 [b3e939fd-eb36-468b-9efe-5d0a1fdaa172@group-47726A36F552:LeaderElection224] INFO  segmented.SegmentedRaftLogWorker (SegmentedRaftLogWorker.java:startLogSegment(380)) - b3e939fd-eb36-468b-9efe-5d0a1fdaa172@group-47726A36F552-SegmentedRaftLogWorker: Starting segment from index:0
2019-09-26 15:13:37,487 [b3e939fd-eb36-468b-9efe-5d0a1fdaa172@group-9F36EFB420F2:LeaderElection232] INFO  impl.RaftServerImpl (RaftServerImpl.java:setRole(174)) - b3e939fd-eb36-468b-9efe-5d0a1fdaa172@group-9F36EFB420F2: changes role from CANDIDATE to LEADER at term 1 for changeToLeader
2019-09-26 15:13:37,502 [b3e939fd-eb36-468b-9efe-5d0a1fdaa172@group-9F36EFB420F2:LeaderElection232] INFO  impl.RaftServerImpl (ServerState.java:setLeader(253)) - b3e939fd-eb36-468b-9efe-5d0a1fdaa172@group-9F36EFB420F2: change Leader from null to b3e939fd-eb36-468b-9efe-5d0a1fdaa172 at term 1 for becomeLeader, leader elected after 8860ms
2019-09-26 15:13:37,487 [b3e939fd-eb36-468b-9efe-5d0a1fdaa172@group-B7C42A2D7902:LeaderElection223] INFO  impl.RaftServerImpl (RaftServerImpl.java:setRole(174)) - b3e939fd-eb36-468b-9efe-5d0a1fdaa172@group-B7C42A2D7902: changes role from CANDIDATE to LEADER at term 1 for changeToLeader
2019-09-26 15:13:37,502 [b3e939fd-eb36-468b-9efe-5d0a1fdaa172@group-B7C42A2D7902:LeaderElection223] INFO  impl.RaftServerImpl (ServerState.java:setLeader(253)) - b3e939fd-eb36-468b-9efe-5d0a1fdaa172@group-B7C42A2D7902: change Leader from null to b3e939fd-eb36-468b-9efe-5d0a1fdaa172 at term 1 for becomeLeader, leader elected after 9235ms
2019-09-26 15:13:37,487 [b3e939fd-eb36-468b-9efe-5d0a1fdaa172@group-28A0353D16EE:LeaderElection236] INFO  impl.RaftServerImpl (RaftServerImpl.java:setRole(174)) - b3e939fd-eb36-468b-9efe-5d0a1fdaa172@group-28A0353D16EE: changes role from CANDIDATE to LEADER at term 1 for changeToLeader
2019-09-26 15:13:37,503 [b3e939fd-eb36-468b-9efe-5d0a1fdaa172@group-28A0353D16EE:LeaderElection236] INFO  impl.RaftServerImpl (ServerState.java:setLeader(253)) - b3e939fd-eb36-468b-9efe-5d0a1fdaa172@group-28A0353D16EE: change Leader from null to b3e939fd-eb36-468b-9efe-5d0a1fdaa172 at term 1 for becomeLeader, leader elected after 8774ms
2019-09-26 15:13:37,487 [b3e939fd-eb36-468b-9efe-5d0a1fdaa172@group-0CA234018F8C:LeaderElection238] INFO  server.RaftServerConfigKeys (ConfUtils.java:logGet(43)) - raft.server.staging.catchup.gap = 1000 (default)
2019-09-26 15:13:37,486 [b3e939fd-eb36-468b-9efe-5d0a1fdaa172@group-C47DA51F7039:LeaderElection235] INFO  impl.RaftServerImpl (RaftServerImpl.java:setRole(174)) - b3e939fd-eb36-468b-9efe-5d0a1fdaa172@group-C47DA51F7039: changes role from CANDIDATE to LEADER at term 1 for changeToLeader
2019-09-26 15:13:37,503 [b3e939fd-eb36-468b-9efe-5d0a1fdaa172@group-C47DA51F7039:LeaderElection235] INFO  impl.RaftServerImpl (ServerState.java:setLeader(253)) - b3e939fd-eb36-468b-9efe-5d0a1fdaa172@group-C47DA51F7039: change Leader from null to b3e939fd-eb36-468b-9efe-5d0a1fdaa172 at term 1 for becomeLeader, leader elected after 8810ms
2019-09-26 15:13:37,486 [b3e939fd-eb36-468b-9efe-5d0a1fdaa172@group-9F10B5770DAC:LeaderElection216] INFO  impl.RaftServerImpl (RaftServerImpl.java:setRole(174)) - b3e939fd-eb36-468b-9efe-5d0a1fdaa172@group-9F10B5770DAC: changes role from CANDIDATE to LEADER at term 1 for changeToLeader
2019-09-26 15:13:37,486 [b3e939fd-eb36-468b-9efe-5d0a1fdaa172@group-91D52F7A6523:LeaderElection211] INFO  impl.RaftServerImpl (RaftServerImpl.java:setRole(174)) - b3e939fd-eb36-468b-9efe-5d0a1fdaa172@group-91D52F7A6523: changes role from CANDIDATE to LEADER at term 1 for changeToLeader
2019-09-26 15:13:37,503 [b3e939fd-eb36-468b-9efe-5d0a1fdaa172@group-91D52F7A6523:LeaderElection211] INFO  impl.RaftServerImpl (ServerState.java:setLeader(253)) - b3e939fd-eb36-468b-9efe-5d0a1fdaa172@group-91D52F7A6523: change Leader from null to b3e939fd-eb36-468b-9efe-5d0a1fdaa172 at term 1 for becomeLeader, leader elected after 9182ms
2019-09-26 15:13:37,486 [b3e939fd-eb36-468b-9efe-5d0a1fdaa172@group-7666CF0181BB:LeaderElection212] INFO  impl.RaftServerImpl (RaftServerImpl.java:setRole(174)) - b3e939fd-eb36-468b-9efe-5d0a1fdaa172@group-7666CF0181BB: changes role from CANDIDATE to LEADER at term 1 for changeToLeader
2019-09-26 15:13:37,503 [b3e939fd-eb36-468b-9efe-5d0a1fdaa172@group-7666CF0181BB:LeaderElection212] INFO  impl.RaftServerImpl (ServerState.java:setLeader(253)) - b3e939fd-eb36-468b-9efe-5d0a1fdaa172@group-7666CF0181BB: change Leader from null to b3e939fd-eb36-468b-9efe-5d0a1fdaa172 at term 1 for becomeLeader, leader elected after 9023ms
2019-09-26 15:13:37,486 [b3e939fd-eb36-468b-9efe-5d0a1fdaa172@group-3B9C1EE8AD07:LeaderElection217] INFO  impl.RaftServerImpl (ServerState.java:setLeader(253)) - b3e939fd-eb36-468b-9efe-5d0a1fdaa172@group-3B9C1EE8AD07: change Leader from null to b3e939fd-eb36-468b-9efe-5d0a1fdaa172 at term 1 for becomeLeader, leader elected after 8970ms
2019-09-26 15:13:37,486 [b3e939fd-eb36-468b-9efe-5d0a1fdaa172@group-9E432427BF8B:LeaderElection215] INFO  impl.RaftServerImpl (RaftServerImpl.java:setRole(174)) - b3e939fd-eb36-468b-9efe-5d0a1fdaa172@group-9E432427BF8B: changes role from CANDIDATE to LEADER at term 1 for changeToLeader
2019-09-26 15:13:37,503 [b3e939fd-eb36-468b-9efe-5d0a1fdaa172@group-9E432427BF8B:LeaderElection215] INFO  impl.RaftServerImpl (ServerState.java:setLeader(253)) - b3e939fd-eb36-468b-9efe-5d0a1fdaa172@group-9E432427BF8B: change Leader from null to b3e939fd-eb36-468b-9efe-5d0a1fdaa172 at term 1 for becomeLeader, leader elected after 9133ms
2019-09-26 15:13:37,486 [b3e939fd-eb36-468b-9efe-5d0a1fdaa172@group-7EAC044EFCFC:LeaderElection214] INFO  impl.RoleInfo (RoleInfo.java:shutdownLeaderElection(134)) - b3e939fd-eb36-468b-9efe-5d0a1fdaa172: shutdown LeaderElection
2019-09-26 15:13:37,504 [b3e939fd-eb36-468b-9efe-5d0a1fdaa172@group-9E432427BF8B:LeaderElection215] INFO  server.RaftServerConfigKeys (ConfUtils.java:logGet(43)) - raft.server.staging.catchup.gap = 1000 (default)
2019-09-26 15:13:37,503 [b3e939fd-eb36-468b-9efe-5d0a1fdaa172@group-3B9C1EE8AD07:LeaderElection217] INFO  server.RaftServerConfigKeys (ConfUtils.java:logGet(43)) - raft.server.staging.catchup.gap = 1000 (default)
2019-09-26 15:13:37,503 [b3e939fd-eb36-468b-9efe-5d0a1fdaa172@group-7666CF0181BB:LeaderElection212] INFO  server.RaftServerConfigKeys (ConfUtils.java:logGet(43)) - raft.server.staging.catchup.gap = 1000 (default)
2019-09-26 15:13:37,503 [b3e939fd-eb36-468b-9efe-5d0a1fdaa172@group-91D52F7A6523:LeaderElection211] INFO  server.RaftServerConfigKeys (ConfUtils.java:logGet(43)) - raft.server.staging.catchup.gap = 1000 (default)
2019-09-26 15:13:37,503 [b3e939fd-eb36-468b-9efe-5d0a1fdaa172@group-9F10B5770DAC:LeaderElection216] INFO  impl.RaftServerImpl (ServerState.java:setLeader(253)) - b3e939fd-eb36-468b-9efe-5d0a1fdaa172@group-9F10B5770DAC: change Leader from null to b3e939fd-eb36-468b-9efe-5d0a1fdaa172 at term 1 for becomeLeader, leader elected after 9058ms
2019-09-26 15:13:37,503 [b3e939fd-eb36-468b-9efe-5d0a1fdaa172@group-C47DA51F7039:LeaderElection235] INFO  server.RaftServerConfigKeys (ConfUtils.java:logGet(43)) - raft.server.staging.catchup.gap = 1000 (default)
2019-09-26 15:13:37,503 [b3e939fd-eb36-468b-9efe-5d0a1fdaa172@group-0CA234018F8C:LeaderElection238] INFO  server.RaftServerConfigKeys (ConfUtils.java:logGet(43)) - raft.server.rpc.sleep.time = 25ms (default)
2019-09-26 15:13:37,503 [b3e939fd-eb36-468b-9efe-5d0a1fdaa172@group-28A0353D16EE:LeaderElection236] INFO  server.RaftServerConfigKeys (ConfUtils.java:logGet(43)) - raft.server.staging.catchup.gap = 1000 (default)
2019-09-26 15:13:37,503 [b3e939fd-eb36-468b-9efe-5d0a1fdaa172@group-B7C42A2D7902:LeaderElection223] INFO  server.RaftServerConfigKeys (ConfUtils.java:logGet(43)) - raft.server.staging.catchup.gap = 1000 (default)
2019-09-26 15:13:37,502 [b3e939fd-eb36-468b-9efe-5d0a1fdaa172@group-9F36EFB420F2:LeaderElection232] INFO  server.RaftServerConfigKeys (ConfUtils.java:logGet(43)) - raft.server.staging.catchup.gap = 1000 (default)
2019-09-26 15:13:37,504 [b3e939fd-eb36-468b-9efe-5d0a1fdaa172@group-9F36EFB420F2:LeaderElection232] INFO  server.RaftServerConfigKeys (ConfUtils.java:logGet(43)) - raft.server.rpc.sleep.time = 25ms (default)
2019-09-26 15:13:37,502 [b3e939fd-eb36-468b-9efe-5d0a1fdaa172@group-2F5911C68895:LeaderElection228] INFO  server.RaftServerConfigKeys (ConfUtils.java:logGet(43)) - raft.server.staging.catchup.gap = 1000 (default)
2019-09-26 15:13:37,502 [b3e939fd-eb36-468b-9efe-5d0a1fdaa172@group-DC2DB9729BEF:LeaderElection240] INFO  impl.RaftServerImpl (ServerState.java:setLeader(253)) - b3e939fd-eb36-468b-9efe-5d0a1fdaa172@group-DC2DB9729BEF: change Leader from null to b3e939fd-eb36-468b-9efe-5d0a1fdaa172 at term 1 for becomeLeader, leader elected after 8083ms
2019-09-26 15:13:37,502 [b3e939fd-eb36-468b-9efe-5d0a1fdaa172@group-337EFED2784C:LeaderElection221] INFO  server.RaftServerConfigKeys (ConfUtils.java:logGet(43)) - raft.server.staging.catchup.gap = 1000 (default)
2019-09-26 15:13:37,502 [b3e939fd-eb36-468b-9efe-5d0a1fdaa172@group-028EEA1990DD:LeaderElection237] INFO  server.RaftServerConfigKeys (ConfUtils.java:logGet(43)) - raft.server.staging.catchup.gap = 1000 (default)
2019-09-26 15:13:37,502 [b3e939fd-eb36-468b-9efe-5d0a1fdaa172@group-10287887346D:LeaderElection213] INFO  server.RaftServerConfigKeys (ConfUtils.java:logGet(43)) - raft.server.staging.catchup.gap = 1000 (default)
2019-09-26 15:13:37,502 [b3e939fd-eb36-468b-9efe-5d0a1fdaa172@group-AD8F5DA59BC3:LeaderElection207] INFO  server.RaftServerConfigKeys (ConfUtils.java:logGet(43)) - raft.server.rpc.sleep.time = 25ms (default)
2019-09-26 15:13:37,501 [Thread-1080] INFO  impl.RaftServerImpl (RaftServerImpl.java:setRole(174)) - b3e939fd-eb36-468b-9efe-5d0a1fdaa172@group-7C3112672CFD: changes role from  FOLLOWER to CANDIDATE at term 0 for changeToCandidate
2019-09-26 15:13:37,501 [Thread-1071] INFO  impl.RaftServerImpl (RaftServerImpl.java:setRole(174)) - b3e939fd-eb36-468b-9efe-5d0a1fdaa172@group-A69ABA2706CB: changes role from  FOLLOWER to CANDIDATE at term 0 for changeToCandidate
2019-09-26 15:13:37,501 [b3e939fd-eb36-468b-9efe-5d0a1fdaa172@group-F2E2F02C4E80:LeaderElection206] INFO  server.RaftServerConfigKeys (ConfUtils.java:logGet(43)) - raft.server.staging.catchup.gap = 1000 (default)
2019-09-26 15:13:37,501 [Thread-1499] INFO  impl.RaftServerImpl (RaftServerImpl.java:setRole(174)) - b3e939fd-eb36-468b-9efe-5d0a1fdaa172@group-C878FEE1AB22: changes role from  FOLLOWER to CANDIDATE at term 0 for changeToCandidate
2019-09-26 15:13:37,501 [b3e939fd-eb36-468b-9efe-5d0a1fdaa172@group-ECC1AF727233:LeaderElection204] INFO  server.RaftServerConfigKeys (ConfUtils.java:logGet(43)) - raft.server.staging.catchup.gap = 1000 (default)
2019-09-26 15:13:37,501 [pool-27-thread-1] INFO  server.RaftServerConfigKeys (ConfUtils.java:logGet(43)) - raft.server.log.segment.size.max = 1048576 (custom)
2019-09-26 15:13:37,501 [b3e939fd-eb36-468b-9efe-5d0a1fdaa172@group-9B7D74F6726A:LeaderElection222] INFO  impl.RaftServerImpl (RaftServerImpl.java:setRole(174)) - b3e939fd-eb36-468b-9efe-5d0a1fdaa172@group-9B7D74F6726A: changes role from CANDIDATE to LEADER at term 1 for changeToLeader
2019-09-26 15:13:37,501 [b3e939fd-eb36-468b-9efe-5d0a1fdaa172@group-898D87100B2B-SegmentedRaftLogWorker] INFO  util.JmxRegister (JmxRegister.java:unregister(73)) - Successfully un-registered JMX Bean with object name Ratis:service=RaftServer,group=group-898D87100B2B,id=b3e939fd-eb36-468b-9efe-5d0a1fdaa172
2019-09-26 15:13:37,506 [b3e939fd-eb36-468b-9efe-5d0a1fdaa172@group-898D87100B2B-SegmentedRaftLogWorker] INFO  impl.RoleInfo (RoleInfo.java:shutdownLeaderState(104)) - b3e939fd-eb36-468b-9efe-5d0a1fdaa172: shutdown LeaderState
2019-09-26 15:13:37,501 [b3e939fd-eb36-468b-9efe-5d0a1fdaa172@group-9BC164364327-SegmentedRaftLogWorker] INFO  util.JmxRegister (JmxRegister.java:unregister(73)) - Successfully un-registered JMX Bean with object name Ratis:service=RaftServer,group=group-9BC164364327,id=b3e939fd-eb36-468b-9efe-5d0a1fdaa172
2019-09-26 15:13:37,501 [b3e939fd-eb36-468b-9efe-5d0a1fdaa172@group-9F3011231373-SegmentedRaftLogWorker] INFO  impl.RoleInfo (RoleInfo.java:shutdownLeaderState(104)) - b3e939fd-eb36-468b-9efe-5d0a1fdaa172: shutdown LeaderState
2019-09-26 15:13:37,500 [b3e939fd-eb36-468b-9efe-5d0a1fdaa172@group-D46EF446A86F-SegmentedRaftLogWorker] INFO  util.JmxRegister (JmxRegister.java:unregister(73)) - Successfully un-registered JMX Bean with object name Ratis:service=RaftServer,group=group-D46EF446A86F,id=b3e939fd-eb36-468b-9efe-5d0a1fdaa172
2019-09-26 15:13:37,506 [b3e939fd-eb36-468b-9efe-5d0a1fdaa172@group-D46EF446A86F-SegmentedRaftLogWorker] INFO  impl.RoleInfo (RoleInfo.java:shutdownLeaderState(104)) - b3e939fd-eb36-468b-9efe-5d0a1fdaa172: shutdown LeaderState
2019-09-26 15:13:37,500 [b3e939fd-eb36-468b-9efe-5d0a1fdaa172@group-B2026959841C:LeaderElection241] INFO  impl.RaftServerImpl (RaftServerImpl.java:setRole(174)) - b3e939fd-eb36-468b-9efe-5d0a1fdaa172@group-B2026959841C: changes role from CANDIDATE to LEADER at term 1 for changeToLeader
2019-09-26 15:13:37,506 [b3e939fd-eb36-468b-9efe-5d0a1fdaa172@group-B2026959841C:LeaderElection241] INFO  impl.RaftServerImpl (ServerState.java:setLeader(253)) - b3e939fd-eb36-468b-9efe-5d0a1fdaa172@group-B2026959841C: change Leader from null to b3e939fd-eb36-468b-9efe-5d0a1fdaa172 at term 1 for becomeLeader, leader elected after 7897ms
2019-09-26 15:13:37,500 [b3e939fd-eb36-468b-9efe-5d0a1fdaa172@group-1A5718D16976:LeaderElection244] INFO  impl.RaftServerImpl (RaftServerImpl.java:setRole(174)) - b3e939fd-eb36-468b-9efe-5d0a1fdaa172@group-1A5718D16976: changes role from CANDIDATE to LEADER at term 1 for changeToLeader
2019-09-26 15:13:37,506 [b3e939fd-eb36-468b-9efe-5d0a1fdaa172@group-1A5718D16976:LeaderElection244] INFO  impl.RaftServerImpl (ServerState.java:setLeader(253)) - b3e939fd-eb36-468b-9efe-5d0a1fdaa172@group-1A5718D16976: change Leader from null to b3e939fd-eb36-468b-9efe-5d0a1fdaa172 at term 1 for becomeLeader, leader elected after 7613ms
2019-09-26 15:13:37,500 [b3e939fd-eb36-468b-9efe-5d0a1fdaa172@group-5DF16D025390:LeaderElection218] INFO  server.RaftServerConfigKeys (ConfUtils.java:logGet(43)) - raft.server.staging.catchup.gap = 1000 (default)
2019-09-26 15:13:37,500 [b3e939fd-eb36-468b-9efe-5d0a1fdaa172@group-270C29ADC77F:LeaderElection210] INFO  impl.RaftServerImpl (RaftServerImpl.java:setRole(174)) - b3e939fd-eb36-468b-9efe-5d0a1fdaa172@group-270C29ADC77F: changes role from CANDIDATE to LEADER at term 1 for changeToLeader
2019-09-26 15:13:37,500 [b3e939fd-eb36-468b-9efe-5d0a1fdaa172@group-F2FE42403F49:LeaderElection220] INFO  impl.RaftServerImpl (RaftServerImpl.java:setRole(174)) - b3e939fd-eb36-468b-9efe-5d0a1fdaa172@group-F2FE42403F49: changes role from CANDIDATE to LEADER at term 1 for changeToLeader
2019-09-26 15:13:37,507 [b3e939fd-eb36-468b-9efe-5d0a1fdaa172@group-F2FE42403F49:LeaderElection220] INFO  impl.RaftServerImpl (ServerState.java:setLeader(253)) - b3e939fd-eb36-468b-9efe-5d0a1fdaa172@group-F2FE42403F49: change Leader from null to b3e939fd-eb36-468b-9efe-5d0a1fdaa172 at term 1 for becomeLeader, leader elected after 9329ms
2019-09-26 15:13:37,500 [b3e939fd-eb36-468b-9efe-5d0a1fdaa172@group-FC0C2CB5B5D7:LeaderElection231] INFO  impl.RaftServerImpl (ServerState.java:setLeader(253)) - b3e939fd-eb36-468b-9efe-5d0a1fdaa172@group-FC0C2CB5B5D7: change Leader from null to b3e939fd-eb36-468b-9efe-5d0a1fdaa172 at term 1 for becomeLeader, leader elected after 8954ms
2019-09-26 15:13:37,500 [b3e939fd-eb36-468b-9efe-5d0a1fdaa172@group-3A19C25E34FC:LeaderElection202] INFO  impl.RaftServerImpl (ServerState.java:setLeader(253)) - b3e939fd-eb36-468b-9efe-5d0a1fdaa172@group-3A19C25E34FC: change Leader from null to b3e939fd-eb36-468b-9efe-5d0a1fdaa172 at term 1 for becomeLeader, leader elected after 9627ms
2019-09-26 15:13:37,500 [b3e939fd-eb36-468b-9efe-5d0a1fdaa172@group-E65C91CFD05F:LeaderElection208] INFO  impl.RaftServerImpl (ServerState.java:setLeader(253)) - b3e939fd-eb36-468b-9efe-5d0a1fdaa172@group-E65C91CFD05F: change Leader from null to b3e939fd-eb36-468b-9efe-5d0a1fdaa172 at term 1 for becomeLeader, leader elected after 9468ms
2019-09-26 15:13:37,500 [b3e939fd-eb36-468b-9efe-5d0a1fdaa172@group-EBA4A4160D1B:LeaderElection229] INFO  server.RaftServerConfigKeys (ConfUtils.java:logGet(43)) - raft.server.staging.catchup.gap = 1000 (default)
2019-09-26 15:13:37,499 [b3e939fd-eb36-468b-9efe-5d0a1fdaa172@group-597DE855A82D:LeaderElection234] INFO  server.RaftServerConfigKeys (ConfUtils.java:logGet(43)) - raft.server.staging.catchup.gap = 1000 (default)
2019-09-26 15:13:37,499 [b3e939fd-eb36-468b-9efe-5d0a1fdaa172@group-45EF2C5983EC:LeaderElection209] INFO  server.RaftServerConfigKeys (ConfUtils.java:logGet(43)) - raft.server.staging.catchup.gap = 1000 (default)
2019-09-26 15:13:37,499 [b3e939fd-eb36-468b-9efe-5d0a1fdaa172@group-1A432A011447:LeaderElection225] INFO  server.RaftServerConfigKeys (ConfUtils.java:logGet(43)) - raft.server.staging.catchup.gap = 1000 (default)
2019-09-26 15:13:37,507 [b3e939fd-eb36-468b-9efe-5d0a1fdaa172@group-1A432A011447:LeaderElection225] INFO  server.RaftServerConfigKeys (ConfUtils.java:logGet(43)) - raft.server.rpc.sleep.time = 25ms (default)
2019-09-26 15:13:37,499 [b3e939fd-eb36-468b-9efe-5d0a1fdaa172@group-5B658C392D0A-SegmentedRaftLogWorker] INFO  util.JmxRegister (JmxRegister.java:unregister(73)) - Successfully un-registered JMX Bean with object name Ratis:service=RaftServer,group=group-5B658C392D0A,id=b3e939fd-eb36-468b-9efe-5d0a1fdaa172
2019-09-26 15:13:37,499 [b3e939fd-eb36-468b-9efe-5d0a1fdaa172@group-E8E63C574F52:LeaderElection203] INFO  server.RaftServerConfigKeys (ConfUtils.java:logGet(43)) - raft.server.staging.catchup.gap = 1000 (default)
2019-09-26 15:13:37,499 [b3e939fd-eb36-468b-9efe-5d0a1fdaa172@group-2969446FDAA8:LeaderElection205] INFO  server.RaftServerConfigKeys (ConfUtils.java:logGet(43)) - raft.server.rpc.sleep.time = 25ms (default)
2019-09-26 15:13:37,499 [b3e939fd-eb36-468b-9efe-5d0a1fdaa172@group-124765275578:LeaderElection230] INFO  server.RaftServerConfigKeys (ConfUtils.java:logGet(43)) - raft.server.staging.catchup.gap = 1000 (default)
2019-09-26 15:13:37,499 [b3e939fd-eb36-468b-9efe-5d0a1fdaa172@group-36CD4F2BB7F5:LeaderElection201] INFO  server.RaftServerConfigKeys (ConfUtils.java:logGet(43)) - raft.server.rpc.sleep.time = 25ms (default)
2019-09-26 15:13:37,499 [b3e939fd-eb36-468b-9efe-5d0a1fdaa172@group-F26566D6F0FB:LeaderElection199] INFO  impl.RaftServerImpl (ServerState.java:setLeader(253)) - b3e939fd-eb36-468b-9efe-5d0a1fdaa172@group-F26566D6F0FB: change Leader from null to b3e939fd-eb36-468b-9efe-5d0a1fdaa172 at term 1 for becomeLeader, leader elected after 9785ms
2019-09-26 15:13:37,499 [b3e939fd-eb36-468b-9efe-5d0a1fdaa172@group-AFE7DB0113F1:LeaderElection200] INFO  server.RaftServerConfigKeys (ConfUtils.java:logGet(43)) - raft.server.rpc.sleep.time = 25ms (default)
2019-09-26 15:13:37,498 [b3e939fd-eb36-468b-9efe-5d0a1fdaa172@group-896043BAD063:LeaderElection243] INFO  server.RaftServerConfigKeys (ConfUtils.java:logGet(43)) - raft.server.staging.catchup.gap = 1000 (default)
2019-09-26 15:13:37,498 [b3e939fd-eb36-468b-9efe-5d0a1fdaa172@group-F6B43F86DCC6:LeaderElection242] INFO  impl.RaftServerImpl (ServerState.java:setLeader(253)) - b3e939fd-eb36-468b-9efe-5d0a1fdaa172@group-F6B43F86DCC6: change Leader from null to b3e939fd-eb36-468b-9efe-5d0a1fdaa172 at term 1 for becomeLeader, leader elected after 7950ms
2019-09-26 15:13:37,498 [b3e939fd-eb36-468b-9efe-5d0a1fdaa172@group-1634C81BDE85:LeaderElection226] INFO  server.RaftServerConfigKeys (ConfUtils.java:logGet(43)) - raft.server.watch.timeout.denomination = 1s (default)
2019-09-26 15:13:37,509 [b3e939fd-eb36-468b-9efe-5d0a1fdaa172@group-1634C81BDE85:LeaderElection226] INFO  server.RaftServerConfigKeys (ConfUtils.java:logGet(43)) - raft.server.watch.element-limit = 65536 (default)
2019-09-26 15:13:37,498 [b3e939fd-eb36-468b-9efe-5d0a1fdaa172@group-E77F7695A491:LeaderElection239] INFO  server.RaftServerConfigKeys (ConfUtils.java:logGet(43)) - raft.server.staging.catchup.gap = 1000 (default)
2019-09-26 15:13:37,498 [b3e939fd-eb36-468b-9efe-5d0a1fdaa172@group-E2463642327B:LeaderElection233] INFO  server.RaftServerConfigKeys (ConfUtils.java:logGet(43)) - raft.server.staging.catchup.gap = 1000 (default)
2019-09-26 15:13:37,498 [Thread-1321] INFO  impl.RaftServerImpl (RaftServerImpl.java:setRole(174)) - b3e939fd-eb36-468b-9efe-5d0a1fdaa172@group-23B1075E3B4B: changes role from  FOLLOWER to CANDIDATE at term 0 for changeToCandidate
2019-09-26 15:13:37,498 [b3e939fd-eb36-468b-9efe-5d0a1fdaa172@group-368EEDBBC63A-SegmentedRaftLogWorker] INFO  impl.PendingRequests (PendingRequests.java:sendNotLeaderResponses(202)) - b3e939fd-eb36-468b-9efe-5d0a1fdaa172-PendingRequests: sendNotLeaderResponses
2019-09-26 15:13:37,509 [b3e939fd-eb36-468b-9efe-5d0a1fdaa172@group-E2463642327B:LeaderElection233] INFO  server.RaftServerConfigKeys (ConfUtils.java:logGet(43)) - raft.server.rpc.sleep.time = 25ms (default)
2019-09-26 15:13:37,509 [b3e939fd-eb36-468b-9efe-5d0a1fdaa172@group-E77F7695A491:LeaderElection239] INFO  server.RaftServerConfigKeys (ConfUtils.java:logGet(43)) - raft.server.rpc.sleep.time = 25ms (default)
2019-09-26 15:13:37,508 [b3e939fd-eb36-468b-9efe-5d0a1fdaa172@group-F6B43F86DCC6:LeaderElection242] INFO  server.RaftServerConfigKeys (ConfUtils.java:logGet(43)) - raft.server.staging.catchup.gap = 1000 (default)
2019-09-26 15:13:37,508 [b3e939fd-eb36-468b-9efe-5d0a1fdaa172@group-896043BAD063:LeaderElection243] INFO  server.RaftServerConfigKeys (ConfUtils.java:logGet(43)) - raft.server.rpc.sleep.time = 25ms (default)
2019-09-26 15:13:37,508 [b3e939fd-eb36-468b-9efe-5d0a1fdaa172@group-F26566D6F0FB:LeaderElection199] INFO  server.RaftServerConfigKeys (ConfUtils.java:logGet(43)) - raft.server.staging.catchup.gap = 1000 (default)
2019-09-26 15:13:37,508 [b3e939fd-eb36-468b-9efe-5d0a1fdaa172@group-124765275578:LeaderElection230] INFO  server.RaftServerConfigKeys (ConfUtils.java:logGet(43)) - raft.server.rpc.sleep.time = 25ms (default)
2019-09-26 15:13:37,508 [b3e939fd-eb36-468b-9efe-5d0a1fdaa172@group-E8E63C574F52:LeaderElection203] INFO  server.RaftServerConfigKeys (ConfUtils.java:logGet(43)) - raft.server.rpc.sleep.time = 25ms (default)
2019-09-26 15:13:37,508 [b3e939fd-eb36-468b-9efe-5d0a1fdaa172@group-5B658C392D0A-SegmentedRaftLogWorker] INFO  impl.RoleInfo (RoleInfo.java:shutdownLeaderState(104)) - b3e939fd-eb36-468b-9efe-5d0a1fdaa172: shutdown LeaderState
2019-09-26 15:13:37,507 [b3e939fd-eb36-468b-9efe-5d0a1fdaa172@group-45EF2C5983EC:LeaderElection209] INFO  server.RaftServerConfigKeys (ConfUtils.java:logGet(43)) - raft.server.rpc.sleep.time = 25ms (default)
2019-09-26 15:13:37,507 [b3e939fd-eb36-468b-9efe-5d0a1fdaa172@group-597DE855A82D:LeaderElection234] INFO  server.RaftServerConfigKeys (ConfUtils.java:logGet(43)) - raft.server.rpc.sleep.time = 25ms (default)
2019-09-26 15:13:37,507 [b3e939fd-eb36-468b-9efe-5d0a1fdaa172@group-EBA4A4160D1B:LeaderElection229] INFO  server.RaftServerConfigKeys (ConfUtils.java:logGet(43)) - raft.server.rpc.sleep.time = 25ms (default)
2019-09-26 15:13:37,507 [b3e939fd-eb36-468b-9efe-5d0a1fdaa172@group-E65C91CFD05F:LeaderElection208] INFO  server.RaftServerConfigKeys (ConfUtils.java:logGet(43)) - raft.server.staging.catchup.gap = 1000 (default)
2019-09-26 15:13:37,507 [b3e939fd-eb36-468b-9efe-5d0a1fdaa172@group-3A19C25E34FC:LeaderElection202] INFO  server.RaftServerConfigKeys (ConfUtils.java:logGet(43)) - raft.server.staging.catchup.gap = 1000 (default)
2019-09-26 15:13:37,507 [b3e939fd-eb36-468b-9efe-5d0a1fdaa172@group-FC0C2CB5B5D7:LeaderElection231] INFO  server.RaftServerConfigKeys (ConfUtils.java:logGet(43)) - raft.server.staging.catchup.gap = 1000 (default)
2019-09-26 15:13:37,510 [b3e939fd-eb36-468b-9efe-5d0a1fdaa172@group-FC0C2CB5B5D7:LeaderElection231] INFO  server.RaftServerConfigKeys (ConfUtils.java:logGet(43)) - raft.server.rpc.sleep.time = 25ms (default)
2019-09-26 15:13:37,507 [b3e939fd-eb36-468b-9efe-5d0a1fdaa172@group-F2FE42403F49:LeaderElection220] INFO  server.RaftServerConfigKeys (ConfUtils.java:logGet(43)) - raft.server.staging.catchup.gap = 1000 (default)
2019-09-26 15:13:37,507 [b3e939fd-eb36-468b-9efe-5d0a1fdaa172@group-270C29ADC77F:LeaderElection210] INFO  impl.RaftServerImpl (ServerState.java:setLeader(253)) - b3e939fd-eb36-468b-9efe-5d0a1fdaa172@group-270C29ADC77F: change Leader from null to b3e939fd-eb36-468b-9efe-5d0a1fdaa172 at term 1 for becomeLeader, leader elected after 9759ms
2019-09-26 15:13:37,507 [b3e939fd-eb36-468b-9efe-5d0a1fdaa172@group-5DF16D025390:LeaderElection218] INFO  server.RaftServerConfigKeys (ConfUtils.java:logGet(43)) - raft.server.rpc.sleep.time = 25ms (default)
2019-09-26 15:13:37,507 [b3e939fd-eb36-468b-9efe-5d0a1fdaa172@group-1A5718D16976:LeaderElection244] INFO  server.RaftServerConfigKeys (ConfUtils.java:logGet(43)) - raft.server.staging.catchup.gap = 1000 (default)
2019-09-26 15:13:37,506 [b3e939fd-eb36-468b-9efe-5d0a1fdaa172@group-B2026959841C:LeaderElection241] INFO  server.RaftServerConfigKeys (ConfUtils.java:logGet(43)) - raft.server.staging.catchup.gap = 1000 (default)
2019-09-26 15:13:37,506 [b3e939fd-eb36-468b-9efe-5d0a1fdaa172@group-D46EF446A86F-SegmentedRaftLogWorker] INFO  impl.PendingRequests (PendingRequests.java:sendNotLeaderResponses(202)) - b3e939fd-eb36-468b-9efe-5d0a1fdaa172-PendingRequests: sendNotLeaderResponses
2019-09-26 15:13:37,506 [b3e939fd-eb36-468b-9efe-5d0a1fdaa172@group-9F3011231373-SegmentedRaftLogWorker] INFO  impl.PendingRequests (PendingRequests.java:sendNotLeaderResponses(202)) - b3e939fd-eb36-468b-9efe-5d0a1fdaa172-PendingRequests: sendNotLeaderResponses
2019-09-26 15:13:37,506 [b3e939fd-eb36-468b-9efe-5d0a1fdaa172@group-9BC164364327-SegmentedRaftLogWorker] INFO  impl.RoleInfo (RoleInfo.java:shutdownLeaderState(104)) - b3e939fd-eb36-468b-9efe-5d0a1fdaa172: shutdown LeaderState
2019-09-26 15:13:37,506 [b3e939fd-eb36-468b-9efe-5d0a1fdaa172@group-898D87100B2B-SegmentedRaftLogWorker] INFO  impl.PendingRequests (PendingRequests.java:sendNotLeaderResponses(202)) - b3e939fd-eb36-468b-9efe-5d0a1fdaa172-PendingRequests: sendNotLeaderResponses
2019-09-26 15:13:37,506 [b3e939fd-eb36-468b-9efe-5d0a1fdaa172@group-9B7D74F6726A:LeaderElection222] INFO  impl.RaftServerImpl (ServerState.java:setLeader(253)) - b3e939fd-eb36-468b-9efe-5d0a1fdaa172@group-9B7D74F6726A: change Leader from null to b3e939fd-eb36-468b-9efe-5d0a1fdaa172 at term 1 for becomeLeader, leader elected after 9291ms
2019-09-26 15:13:37,506 [pool-27-thread-1] INFO  server.RaftServerConfigKeys (ConfUtils.java:logGet(43)) - raft.server.log.segment.cache.num.max = 2 (custom)
2019-09-26 15:13:37,506 [b3e939fd-eb36-468b-9efe-5d0a1fdaa172@group-ECC1AF727233:LeaderElection204] INFO  server.RaftServerConfigKeys (ConfUtils.java:logGet(43)) - raft.server.rpc.sleep.time = 25ms (default)
2019-09-26 15:13:37,505 [b3e939fd-eb36-468b-9efe-5d0a1fdaa172@group-F2E2F02C4E80:LeaderElection206] INFO  server.RaftServerConfigKeys (ConfUtils.java:logGet(43)) - raft.server.rpc.sleep.time = 25ms (default)
2019-09-26 15:13:37,505 [b3e939fd-eb36-468b-9efe-5d0a1fdaa172@group-10287887346D:LeaderElection213] INFO  server.RaftServerConfigKeys (ConfUtils.java:logGet(43)) - raft.server.rpc.sleep.time = 25ms (default)
2019-09-26 15:13:37,505 [b3e939fd-eb36-468b-9efe-5d0a1fdaa172@group-028EEA1990DD:LeaderElection237] INFO  server.RaftServerConfigKeys (ConfUtils.java:logGet(43)) - raft.server.rpc.sleep.time = 25ms (default)
2019-09-26 15:13:37,505 [b3e939fd-eb36-468b-9efe-5d0a1fdaa172@group-337EFED2784C:LeaderElection221] INFO  server.RaftServerConfigKeys (ConfUtils.java:logGet(43)) - raft.server.rpc.sleep.time = 25ms (default)
2019-09-26 15:13:37,505 [b3e939fd-eb36-468b-9efe-5d0a1fdaa172@group-DC2DB9729BEF:LeaderElection240] INFO  server.RaftServerConfigKeys (ConfUtils.java:logGet(43)) - raft.server.staging.catchup.gap = 1000 (default)
2019-09-26 15:13:37,512 [b3e939fd-eb36-468b-9efe-5d0a1fdaa172@group-DC2DB9729BEF:LeaderElection240] INFO  server.RaftServerConfigKeys (ConfUtils.java:logGet(43)) - raft.server.rpc.sleep.time = 25ms (default)
2019-09-26 15:13:37,505 [b3e939fd-eb36-468b-9efe-5d0a1fdaa172@group-2F5911C68895:LeaderElection228] INFO  server.RaftServerConfigKeys (ConfUtils.java:logGet(43)) - raft.server.rpc.sleep.time = 25ms (default)
2019-09-26 15:13:37,504 [b3e939fd-eb36-468b-9efe-5d0a1fdaa172@group-B7C42A2D7902:LeaderElection223] INFO  server.RaftServerConfigKeys (ConfUtils.java:logGet(43)) - raft.server.rpc.sleep.time = 25ms (default)
2019-09-26 15:13:37,504 [b3e939fd-eb36-468b-9efe-5d0a1fdaa172@group-28A0353D16EE:LeaderElection236] INFO  server.RaftServerConfigKeys (ConfUtils.java:logGet(43)) - raft.server.rpc.sleep.time = 25ms (default)
2019-09-26 15:13:37,504 [b3e939fd-eb36-468b-9efe-5d0a1fdaa172@group-C47DA51F7039:LeaderElection235] INFO  server.RaftServerConfigKeys (ConfUtils.java:logGet(43)) - raft.server.rpc.sleep.time = 25ms (default)
2019-09-26 15:13:37,504 [b3e939fd-eb36-468b-9efe-5d0a1fdaa172@group-9F10B5770DAC:LeaderElection216] INFO  server.RaftServerConfigKeys (ConfUtils.java:logGet(43)) - raft.server.staging.catchup.gap = 1000 (default)
2019-09-26 15:13:37,504 [b3e939fd-eb36-468b-9efe-5d0a1fdaa172@group-91D52F7A6523:LeaderElection211] INFO  server.RaftServerConfigKeys (ConfUtils.java:logGet(43)) - raft.server.rpc.sleep.time = 25ms (default)
2019-09-26 15:13:37,504 [b3e939fd-eb36-468b-9efe-5d0a1fdaa172@group-7666CF0181BB:LeaderElection212] INFO  server.RaftServerConfigKeys (ConfUtils.java:logGet(43)) - raft.server.rpc.sleep.time = 25ms (default)
2019-09-26 15:13:37,504 [b3e939fd-eb36-468b-9efe-5d0a1fdaa172@group-3B9C1EE8AD07:LeaderElection217] INFO  server.RaftServerConfigKeys (ConfUtils.java:logGet(43)) - raft.server.rpc.sleep.time = 25ms (default)
2019-09-26 15:13:37,504 [b3e939fd-eb36-468b-9efe-5d0a1fdaa172@group-9E432427BF8B:LeaderElection215] INFO  server.RaftServerConfigKeys (ConfUtils.java:logGet(43)) - raft.server.rpc.sleep.time = 25ms (default)
2019-09-26 15:13:37,504 [b3e939fd-eb36-468b-9efe-5d0a1fdaa172@group-7EAC044EFCFC:LeaderElection214] INFO  impl.RaftServerImpl (RaftServerImpl.java:setRole(174)) - b3e939fd-eb36-468b-9efe-5d0a1fdaa172@group-7EAC044EFCFC: changes role from CANDIDATE to LEADER at term 1 for changeToLeader
2019-09-26 15:13:37,512 [b3e939fd-eb36-468b-9efe-5d0a1fdaa172@group-9F10B5770DAC:LeaderElection216] INFO  server.RaftServerConfigKeys (ConfUtils.java:logGet(43)) - raft.server.rpc.sleep.time = 25ms (default)
2019-09-26 15:13:37,511 [pool-27-thread-1] INFO  segmented.SegmentedRaftLogWorker (SegmentedRaftLogWorker.java:<init>(172)) - new b3e939fd-eb36-468b-9efe-5d0a1fdaa172@group-90AE5373EB22-SegmentedRaftLogWorker for RaftStorage:Storage Directory /workdir/hadoop-ozone/integration-test/target/test-dir/MiniOzoneClusterImpl-7e2f4b2f-6763-4a45-9ec4-264c2cef7c61/datanode-0/data/ratis/44b22e85-6b0c-4534-a71a-90ae5373eb22
2019-09-26 15:13:37,511 [b3e939fd-eb36-468b-9efe-5d0a1fdaa172@group-9B7D74F6726A:LeaderElection222] INFO  server.RaftServerConfigKeys (ConfUtils.java:logGet(43)) - raft.server.staging.catchup.gap = 1000 (default)
2019-09-26 15:13:37,511 [b3e939fd-eb36-468b-9efe-5d0a1fdaa172@group-898D87100B2B-SegmentedRaftLogWorker] INFO  impl.StateMachineUpdater (StateMachineUpdater.java:stopAndJoin(125)) - b3e939fd-eb36-468b-9efe-5d0a1fdaa172@group-898D87100B2B-StateMachineUpdater: set stopIndex = -1
2019-09-26 15:13:37,511 [b3e939fd-eb36-468b-9efe-5d0a1fdaa172@group-9BC164364327-SegmentedRaftLogWorker] INFO  impl.PendingRequests (PendingRequests.java:sendNotLeaderResponses(202)) - b3e939fd-eb36-468b-9efe-5d0a1fdaa172-PendingRequests: sendNotLeaderResponses
2019-09-26 15:13:37,511 [b3e939fd-eb36-468b-9efe-5d0a1fdaa172@group-9F3011231373-SegmentedRaftLogWorker] INFO  impl.StateMachineUpdater (StateMachineUpdater.java:stopAndJoin(125)) - b3e939fd-eb36-468b-9efe-5d0a1fdaa172@group-9F3011231373-StateMachineUpdater: set stopIndex = -1
2019-09-26 15:13:37,513 [b3e939fd-eb36-468b-9efe-5d0a1fdaa172@group-9F3011231373-SegmentedRaftLogWorker] INFO  impl.RaftServerImpl (ServerState.java:close(385)) - b3e939fd-eb36-468b-9efe-5d0a1fdaa172@group-9F3011231373: closes. applyIndex: -1
2019-09-26 15:13:37,511 [b3e939fd-eb36-468b-9efe-5d0a1fdaa172@group-D46EF446A86F-SegmentedRaftLogWorker] INFO  impl.StateMachineUpdater (StateMachineUpdater.java:stopAndJoin(125)) - b3e939fd-eb36-468b-9efe-5d0a1fdaa172@group-D46EF446A86F-StateMachineUpdater: set stopIndex = -1
2019-09-26 15:13:37,513 [b3e939fd-eb36-468b-9efe-5d0a1fdaa172@group-D46EF446A86F-SegmentedRaftLogWorker] INFO  impl.RaftServerImpl (ServerState.java:close(385)) - b3e939fd-eb36-468b-9efe-5d0a1fdaa172@group-D46EF446A86F: closes. applyIndex: -1
2019-09-26 15:13:37,511 [b3e939fd-eb36-468b-9efe-5d0a1fdaa172@group-B2026959841C:LeaderElection241] INFO  server.RaftServerConfigKeys (ConfUtils.java:logGet(43)) - raft.server.rpc.sleep.time = 25ms (default)
2019-09-26 15:13:37,511 [b3e939fd-eb36-468b-9efe-5d0a1fdaa172@group-1A5718D16976:LeaderElection244] INFO  server.RaftServerConfigKeys (ConfUtils.java:logGet(43)) - raft.server.rpc.sleep.time = 25ms (default)
2019-09-26 15:13:37,511 [b3e939fd-eb36-468b-9efe-5d0a1fdaa172@group-270C29ADC77F:LeaderElection210] INFO  server.RaftServerConfigKeys (ConfUtils.java:logGet(43)) - raft.server.staging.catchup.gap = 1000 (default)
2019-09-26 15:13:37,511 [b3e939fd-eb36-468b-9efe-5d0a1fdaa172@group-F2FE42403F49:LeaderElection220] INFO  server.RaftServerConfigKeys (ConfUtils.java:logGet(43)) - raft.server.rpc.sleep.time = 25ms (default)
2019-09-26 15:13:37,510 [b3e939fd-eb36-468b-9efe-5d0a1fdaa172@group-3A19C25E34FC:LeaderElection202] INFO  server.RaftServerConfigKeys (ConfUtils.java:logGet(43)) - raft.server.rpc.sleep.time = 25ms (default)
2019-09-26 15:13:37,510 [b3e939fd-eb36-468b-9efe-5d0a1fdaa172@group-E65C91CFD05F:LeaderElection208] INFO  server.RaftServerConfigKeys (ConfUtils.java:logGet(43)) - raft.server.rpc.sleep.time = 25ms (default)
2019-09-26 15:13:37,510 [b3e939fd-eb36-468b-9efe-5d0a1fdaa172@group-5B658C392D0A-SegmentedRaftLogWorker] INFO  impl.PendingRequests (PendingRequests.java:sendNotLeaderResponses(202)) - b3e939fd-eb36-468b-9efe-5d0a1fdaa172-PendingRequests: sendNotLeaderResponses
2019-09-26 15:13:37,510 [b3e939fd-eb36-468b-9efe-5d0a1fdaa172@group-F26566D6F0FB:LeaderElection199] INFO  server.RaftServerConfigKeys (ConfUtils.java:logGet(43)) - raft.server.rpc.sleep.time = 25ms (default)
2019-09-26 15:13:37,509 [b3e939fd-eb36-468b-9efe-5d0a1fdaa172@group-F6B43F86DCC6:LeaderElection242] INFO  server.RaftServerConfigKeys (ConfUtils.java:logGet(43)) - raft.server.rpc.sleep.time = 25ms (default)
2019-09-26 15:13:37,509 [b3e939fd-eb36-468b-9efe-5d0a1fdaa172@group-368EEDBBC63A-SegmentedRaftLogWorker] INFO  impl.StateMachineUpdater (StateMachineUpdater.java:stopAndJoin(125)) - b3e939fd-eb36-468b-9efe-5d0a1fdaa172@group-368EEDBBC63A-StateMachineUpdater: set stopIndex = -1
2019-09-26 15:13:37,514 [b3e939fd-eb36-468b-9efe-5d0a1fdaa172@group-368EEDBBC63A-SegmentedRaftLogWorker] INFO  impl.RaftServerImpl (ServerState.java:close(385)) - b3e939fd-eb36-468b-9efe-5d0a1fdaa172@group-368EEDBBC63A: closes. applyIndex: -1
2019-09-26 15:13:37,514 [b3e939fd-eb36-468b-9efe-5d0a1fdaa172@group-5B658C392D0A-SegmentedRaftLogWorker] INFO  impl.StateMachineUpdater (StateMachineUpdater.java:stopAndJoin(125)) - b3e939fd-eb36-468b-9efe-5d0a1fdaa172@group-5B658C392D0A-StateMachineUpdater: set stopIndex = -1
2019-09-26 15:13:37,514 [b3e939fd-eb36-468b-9efe-5d0a1fdaa172@group-270C29ADC77F:LeaderElection210] INFO  server.RaftServerConfigKeys (ConfUtils.java:logGet(43)) - raft.server.rpc.sleep.time = 25ms (default)
2019-09-26 15:13:37,514 [b3e939fd-eb36-468b-9efe-5d0a1fdaa172@group-D46EF446A86F-SegmentedRaftLogWorker] INFO  segmented.SegmentedRaftLogWorker (SegmentedRaftLogWorker.java:close(228)) - b3e939fd-eb36-468b-9efe-5d0a1fdaa172@group-D46EF446A86F-SegmentedRaftLogWorker close()
2019-09-26 15:13:37,513 [b3e939fd-eb36-468b-9efe-5d0a1fdaa172@group-9F3011231373-SegmentedRaftLogWorker] INFO  segmented.SegmentedRaftLogWorker (SegmentedRaftLogWorker.java:close(228)) - b3e939fd-eb36-468b-9efe-5d0a1fdaa172@group-9F3011231373-SegmentedRaftLogWorker close()
2019-09-26 15:13:37,513 [b3e939fd-eb36-468b-9efe-5d0a1fdaa172@group-9BC164364327-SegmentedRaftLogWorker] INFO  impl.StateMachineUpdater (StateMachineUpdater.java:stopAndJoin(125)) - b3e939fd-eb36-468b-9efe-5d0a1fdaa172@group-9BC164364327-StateMachineUpdater: set stopIndex = -1
2019-09-26 15:13:37,513 [b3e939fd-eb36-468b-9efe-5d0a1fdaa172@group-898D87100B2B-SegmentedRaftLogWorker] INFO  impl.RaftServerImpl (ServerState.java:close(385)) - b3e939fd-eb36-468b-9efe-5d0a1fdaa172@group-898D87100B2B: closes. applyIndex: -1
2019-09-26 15:13:37,513 [b3e939fd-eb36-468b-9efe-5d0a1fdaa172@group-9B7D74F6726A:LeaderElection222] INFO  server.RaftServerConfigKeys (ConfUtils.java:logGet(43)) - raft.server.rpc.sleep.time = 25ms (default)
2019-09-26 15:13:37,513 [pool-27-thread-1] INFO  server.RaftServerConfigKeys (ConfUtils.java:logGet(43)) - raft.server.log.queue.byte-limit = 2147483647 (custom)
2019-09-26 15:13:37,513 [b3e939fd-eb36-468b-9efe-5d0a1fdaa172@group-7EAC044EFCFC:LeaderElection214] INFO  impl.RaftServerImpl (ServerState.java:setLeader(253)) - b3e939fd-eb36-468b-9efe-5d0a1fdaa172@group-7EAC044EFCFC: change Leader from null to b3e939fd-eb36-468b-9efe-5d0a1fdaa172 at term 1 for becomeLeader, leader elected after 8587ms
2019-09-26 15:13:37,515 [pool-27-thread-1] INFO  server.RaftServerConfigKeys (ConfUtils.java:logGet(43)) - raft.server.log.queue.element-limit = 1024 (custom)
2019-09-26 15:13:37,515 [b3e939fd-eb36-468b-9efe-5d0a1fdaa172@group-898D87100B2B-SegmentedRaftLogWorker] INFO  segmented.SegmentedRaftLogWorker (SegmentedRaftLogWorker.java:close(228)) - b3e939fd-eb36-468b-9efe-5d0a1fdaa172@group-898D87100B2B-SegmentedRaftLogWorker close()
2019-09-26 15:13:37,515 [b3e939fd-eb36-468b-9efe-5d0a1fdaa172@group-9BC164364327-SegmentedRaftLogWorker] INFO  impl.RaftServerImpl (ServerState.java:close(385)) - b3e939fd-eb36-468b-9efe-5d0a1fdaa172@group-9BC164364327: closes. applyIndex: -1
2019-09-26 15:13:37,515 [b3e939fd-eb36-468b-9efe-5d0a1fdaa172@group-5B658C392D0A-SegmentedRaftLogWorker] INFO  impl.RaftServerImpl (ServerState.java:close(385)) - b3e939fd-eb36-468b-9efe-5d0a1fdaa172@group-5B658C392D0A: closes. applyIndex: -1
2019-09-26 15:13:37,515 [b3e939fd-eb36-468b-9efe-5d0a1fdaa172@group-368EEDBBC63A-SegmentedRaftLogWorker] INFO  segmented.SegmentedRaftLogWorker (SegmentedRaftLogWorker.java:close(228)) - b3e939fd-eb36-468b-9efe-5d0a1fdaa172@group-368EEDBBC63A-SegmentedRaftLogWorker close()
2019-09-26 15:13:37,516 [b3e939fd-eb36-468b-9efe-5d0a1fdaa172@group-5B658C392D0A-SegmentedRaftLogWorker] INFO  segmented.SegmentedRaftLogWorker (SegmentedRaftLogWorker.java:close(228)) - b3e939fd-eb36-468b-9efe-5d0a1fdaa172@group-5B658C392D0A-SegmentedRaftLogWorker close()
2019-09-26 15:13:37,515 [b3e939fd-eb36-468b-9efe-5d0a1fdaa172@group-9BC164364327-SegmentedRaftLogWorker] INFO  segmented.SegmentedRaftLogWorker (SegmentedRaftLogWorker.java:close(228)) - b3e939fd-eb36-468b-9efe-5d0a1fdaa172@group-9BC164364327-SegmentedRaftLogWorker close()
2019-09-26 15:13:37,515 [pool-27-thread-1] INFO  server.RaftServerConfigKeys (ConfUtils.java:logGet(43)) - raft.server.log.segment.size.max = 1048576 (custom)
2019-09-26 15:13:37,515 [b3e939fd-eb36-468b-9efe-5d0a1fdaa172@group-7EAC044EFCFC:LeaderElection214] INFO  server.RaftServerConfigKeys (ConfUtils.java:logGet(43)) - raft.server.staging.catchup.gap = 1000 (default)
2019-09-26 15:13:37,516 [pool-27-thread-1] INFO  server.RaftServerConfigKeys (ConfUtils.java:logGet(43)) - raft.server.log.preallocated.size = 16384 (custom)
2019-09-26 15:13:37,516 [b3e939fd-eb36-468b-9efe-5d0a1fdaa172@group-7EAC044EFCFC:LeaderElection214] INFO  server.RaftServerConfigKeys (ConfUtils.java:logGet(43)) - raft.server.rpc.sleep.time = 25ms (default)
2019-09-26 15:13:37,516 [pool-27-thread-1] INFO  server.RaftServerConfigKeys (ConfUtils.java:logGet(43)) - raft.server.log.write.buffer.size = 33554432 (custom)
2019-09-26 15:13:37,516 [pool-27-thread-1] INFO  server.RaftServerConfigKeys (ConfUtils.java:logGet(43)) - raft.server.log.force.sync.num = 128 (default)
2019-09-26 15:13:37,516 [pool-27-thread-1] INFO  server.RaftServerConfigKeys (ConfUtils.java:logGet(43)) - raft.server.log.statemachine.data.sync = true (default)
2019-09-26 15:13:37,516 [pool-27-thread-1] INFO  server.RaftServerConfigKeys (ConfUtils.java:logGet(43)) - raft.server.log.statemachine.data.sync.timeout = 10s (default)
2019-09-26 15:13:37,516 [pool-27-thread-1] INFO  server.RaftServerConfigKeys (ConfUtils.java:logGet(43)) - raft.server.log.statemachine.data.sync.timeout.retry = -1 (default)
2019-09-26 15:13:37,523 [pool-27-thread-1] INFO  server.RaftServerConfigKeys (ConfUtils.java:logGet(43)) - raft.server.log.statemachine.data.caching.enabled = true (custom)
2019-09-26 15:13:37,864 [Thread-1089] INFO  impl.FollowerState (FollowerState.java:run(106)) - b3e939fd-eb36-468b-9efe-5d0a1fdaa172:group-84D1E06F87C5 changes to CANDIDATE, lastRpcTime:10904, electionTimeout:5195ms
2019-09-26 15:13:37,841 [Thread-1527] INFO  impl.FollowerState (FollowerState.java:run(106)) - b3e939fd-eb36-468b-9efe-5d0a1fdaa172:group-5C744E83DB9A changes to CANDIDATE, lastRpcTime:5156, electionTimeout:5016ms
2019-09-26 15:13:37,840 [Thread-1098] INFO  impl.FollowerState (FollowerState.java:run(106)) - b3e939fd-eb36-468b-9efe-5d0a1fdaa172:group-336DB84C1351 changes to CANDIDATE, lastRpcTime:10823, electionTimeout:5115ms
2019-09-26 15:13:37,840 [Thread-1086] INFO  impl.FollowerState (FollowerState.java:run(106)) - b3e939fd-eb36-468b-9efe-5d0a1fdaa172:group-B8A18754ECB2 changes to CANDIDATE, lastRpcTime:10898, electionTimeout:5171ms
2019-09-26 15:13:37,840 [b3e939fd-eb36-468b-9efe-5d0a1fdaa172@group-9B7D74F6726A:LeaderElection222] INFO  server.RaftServerConfigKeys (ConfUtils.java:logGet(43)) - raft.server.write.element-limit = 4096 (default)
2019-09-26 15:13:37,529 [b3e939fd-eb36-468b-9efe-5d0a1fdaa172@group-599EFAC1E503:LeaderElection227] INFO  impl.RaftServerImpl (ServerState.java:setRaftConf(354)) - b3e939fd-eb36-468b-9efe-5d0a1fdaa172@group-599EFAC1E503: set configuration 0: [b3e939fd-eb36-468b-9efe-5d0a1fdaa172:192.168.151.99:45433], old=null at 0
2019-09-26 15:13:37,529 [b3e939fd-eb36-468b-9efe-5d0a1fdaa172@group-F6B43F86DCC6:LeaderElection242] INFO  server.RaftServerConfigKeys (ConfUtils.java:logGet(43)) - raft.server.write.element-limit = 4096 (default)
2019-09-26 15:13:38,160 [b3e939fd-eb36-468b-9efe-5d0a1fdaa172@group-F6B43F86DCC6:LeaderElection242] INFO  server.RaftServerConfigKeys (ConfUtils.java:logGet(43)) - raft.server.watch.timeout = 10s (default)
2019-09-26 15:13:38,161 [b3e939fd-eb36-468b-9efe-5d0a1fdaa172@group-F6B43F86DCC6:LeaderElection242] INFO  server.RaftServerConfigKeys (ConfUtils.java:logGet(43)) - raft.server.watch.timeout.denomination = 1s (default)
2019-09-26 15:13:37,526 [b3e939fd-eb36-468b-9efe-5d0a1fdaa172@group-270C29ADC77F:LeaderElection210] INFO  server.RaftServerConfigKeys (ConfUtils.java:logGet(43)) - raft.server.write.element-limit = 4096 (default)
2019-09-26 15:13:37,529 [b3e939fd-eb36-468b-9efe-5d0a1fdaa172@group-47726A36F552:LeaderElection224] INFO  impl.RaftServerImpl (ServerState.java:setRaftConf(354)) - b3e939fd-eb36-468b-9efe-5d0a1fdaa172@group-47726A36F552: set configuration 0: [b3e939fd-eb36-468b-9efe-5d0a1fdaa172:192.168.151.99:45433], old=null at 0
2019-09-26 15:13:37,529 [b3e939fd-eb36-468b-9efe-5d0a1fdaa172@group-778C63AA011E:LeaderElection219] INFO  server.RaftServerConfigKeys (ConfUtils.java:logGet(43)) - raft.server.write.element-limit = 4096 (default)
2019-09-26 15:13:37,529 [Thread-1343] INFO  impl.RoleInfo (RoleInfo.java:updateAndGet(143)) - b3e939fd-eb36-468b-9efe-5d0a1fdaa172: start LeaderElection
2019-09-26 15:13:37,529 [Thread-1324] INFO  impl.RoleInfo (RoleInfo.java:updateAndGet(143)) - b3e939fd-eb36-468b-9efe-5d0a1fdaa172: start LeaderElection
2019-09-26 15:13:37,529 [Thread-1340] INFO  impl.RoleInfo (RoleInfo.java:updateAndGet(143)) - b3e939fd-eb36-468b-9efe-5d0a1fdaa172: start LeaderElection
2019-09-26 15:13:37,529 [Thread-1331] INFO  impl.RoleInfo (RoleInfo.java:updateAndGet(143)) - b3e939fd-eb36-468b-9efe-5d0a1fdaa172: start LeaderElection
2019-09-26 15:13:37,529 [Thread-1337] INFO  impl.RoleInfo (RoleInfo.java:updateAndGet(143)) - b3e939fd-eb36-468b-9efe-5d0a1fdaa172: start LeaderElection
2019-09-26 15:13:37,529 [b3e939fd-eb36-468b-9efe-5d0a1fdaa172@group-0CA234018F8C:LeaderElection238] INFO  server.RaftServerConfigKeys (ConfUtils.java:logGet(43)) - raft.server.write.element-limit = 4096 (default)
2019-09-26 15:13:37,529 [b3e939fd-eb36-468b-9efe-5d0a1fdaa172@group-AD8F5DA59BC3:LeaderElection207] INFO  server.RaftServerConfigKeys (ConfUtils.java:logGet(43)) - raft.server.write.element-limit = 4096 (default)
2019-09-26 15:13:37,529 [b3e939fd-eb36-468b-9efe-5d0a1fdaa172@group-9F36EFB420F2:LeaderElection232] INFO  server.RaftServerConfigKeys (ConfUtils.java:logGet(43)) - raft.server.write.element-limit = 4096 (default)
2019-09-26 15:13:37,529 [Thread-1080] INFO  impl.RoleInfo (RoleInfo.java:updateAndGet(143)) - b3e939fd-eb36-468b-9efe-5d0a1fdaa172: start LeaderElection
2019-09-26 15:13:37,529 [Thread-1071] INFO  impl.RoleInfo (RoleInfo.java:updateAndGet(143)) - b3e939fd-eb36-468b-9efe-5d0a1fdaa172: start LeaderElection
2019-09-26 15:13:37,529 [b3e939fd-eb36-468b-9efe-5d0a1fdaa172@group-2969446FDAA8:LeaderElection205] INFO  server.RaftServerConfigKeys (ConfUtils.java:logGet(43)) - raft.server.write.element-limit = 4096 (default)
2019-09-26 15:13:37,529 [b3e939fd-eb36-468b-9efe-5d0a1fdaa172@group-AFE7DB0113F1:LeaderElection200] INFO  server.RaftServerConfigKeys (ConfUtils.java:logGet(43)) - raft.server.write.element-limit = 4096 (default)
2019-09-26 15:13:38,163 [b3e939fd-eb36-468b-9efe-5d0a1fdaa172@group-AFE7DB0113F1:LeaderElection200] INFO  server.RaftServerConfigKeys (ConfUtils.java:logGet(43)) - raft.server.watch.timeout = 10s (default)
2019-09-26 15:13:38,163 [b3e939fd-eb36-468b-9efe-5d0a1fdaa172@group-AFE7DB0113F1:LeaderElection200] INFO  server.RaftServerConfigKeys (ConfUtils.java:logGet(43)) - raft.server.watch.timeout.denomination = 1s (default)
2019-09-26 15:13:38,163 [b3e939fd-eb36-468b-9efe-5d0a1fdaa172@group-AFE7DB0113F1:LeaderElection200] INFO  server.RaftServerConfigKeys (ConfUtils.java:logGet(43)) - raft.server.watch.element-limit = 65536 (default)
2019-09-26 15:13:37,529 [b3e939fd-eb36-468b-9efe-5d0a1fdaa172@group-1A432A011447:LeaderElection225] INFO  server.RaftServerConfigKeys (ConfUtils.java:logGet(43)) - raft.server.write.element-limit = 4096 (default)
2019-09-26 15:13:37,529 [Thread-1499] INFO  impl.RoleInfo (RoleInfo.java:updateAndGet(143)) - b3e939fd-eb36-468b-9efe-5d0a1fdaa172: start LeaderElection
2019-09-26 15:13:37,528 [b3e939fd-eb36-468b-9efe-5d0a1fdaa172@group-36CD4F2BB7F5:LeaderElection201] INFO  server.RaftServerConfigKeys (ConfUtils.java:logGet(43)) - raft.server.write.element-limit = 4096 (default)
2019-09-26 15:13:37,528 [Thread-1321] INFO  impl.RoleInfo (RoleInfo.java:updateAndGet(143)) - b3e939fd-eb36-468b-9efe-5d0a1fdaa172: start LeaderElection
2019-09-26 15:13:37,528 [b3e939fd-eb36-468b-9efe-5d0a1fdaa172@group-E2463642327B:LeaderElection233] INFO  server.RaftServerConfigKeys (ConfUtils.java:logGet(43)) - raft.server.write.element-limit = 4096 (default)
2019-09-26 15:13:37,528 [b3e939fd-eb36-468b-9efe-5d0a1fdaa172@group-896043BAD063:LeaderElection243] INFO  server.RaftServerConfigKeys (ConfUtils.java:logGet(43)) - raft.server.write.element-limit = 4096 (default)
2019-09-26 15:13:37,528 [b3e939fd-eb36-468b-9efe-5d0a1fdaa172@group-E8E63C574F52:LeaderElection203] INFO  server.RaftServerConfigKeys (ConfUtils.java:logGet(43)) - raft.server.write.element-limit = 4096 (default)
2019-09-26 15:13:37,528 [b3e939fd-eb36-468b-9efe-5d0a1fdaa172@group-597DE855A82D:LeaderElection234] INFO  server.RaftServerConfigKeys (ConfUtils.java:logGet(43)) - raft.server.write.element-limit = 4096 (default)
2019-09-26 15:13:37,528 [b3e939fd-eb36-468b-9efe-5d0a1fdaa172@group-EBA4A4160D1B:LeaderElection229] INFO  server.RaftServerConfigKeys (ConfUtils.java:logGet(43)) - raft.server.write.element-limit = 4096 (default)
2019-09-26 15:13:37,528 [b3e939fd-eb36-468b-9efe-5d0a1fdaa172@group-E77F7695A491:LeaderElection239] INFO  server.RaftServerConfigKeys (ConfUtils.java:logGet(43)) - raft.server.write.element-limit = 4096 (default)
2019-09-26 15:13:37,528 [b3e939fd-eb36-468b-9efe-5d0a1fdaa172@group-FC0C2CB5B5D7:LeaderElection231] INFO  server.RaftServerConfigKeys (ConfUtils.java:logGet(43)) - raft.server.write.element-limit = 4096 (default)
2019-09-26 15:13:37,528 [b3e939fd-eb36-468b-9efe-5d0a1fdaa172@group-124765275578:LeaderElection230] INFO  server.RaftServerConfigKeys (ConfUtils.java:logGet(43)) - raft.server.write.element-limit = 4096 (default)
2019-09-26 15:13:37,528 [b3e939fd-eb36-468b-9efe-5d0a1fdaa172@group-5DF16D025390:LeaderElection218] INFO  server.RaftServerConfigKeys (ConfUtils.java:logGet(43)) - raft.server.write.element-limit = 4096 (default)
2019-09-26 15:13:37,528 [b3e939fd-eb36-468b-9efe-5d0a1fdaa172@group-45EF2C5983EC:LeaderElection209] INFO  server.RaftServerConfigKeys (ConfUtils.java:logGet(43)) - raft.server.write.element-limit = 4096 (default)
2019-09-26 15:13:37,528 [b3e939fd-eb36-468b-9efe-5d0a1fdaa172@group-ECC1AF727233:LeaderElection204] INFO  server.RaftServerConfigKeys (ConfUtils.java:logGet(43)) - raft.server.write.element-limit = 4096 (default)
2019-09-26 15:13:37,528 [b3e939fd-eb36-468b-9efe-5d0a1fdaa172@group-F2E2F02C4E80:LeaderElection206] INFO  server.RaftServerConfigKeys (ConfUtils.java:logGet(43)) - raft.server.write.element-limit = 4096 (default)
2019-09-26 15:13:37,528 [b3e939fd-eb36-468b-9efe-5d0a1fdaa172@group-028EEA1990DD:LeaderElection237] INFO  server.RaftServerConfigKeys (ConfUtils.java:logGet(43)) - raft.server.write.element-limit = 4096 (default)
2019-09-26 15:13:37,528 [b3e939fd-eb36-468b-9efe-5d0a1fdaa172@group-10287887346D:LeaderElection213] INFO  server.RaftServerConfigKeys (ConfUtils.java:logGet(43)) - raft.server.write.element-limit = 4096 (default)
2019-09-26 15:13:37,528 [b3e939fd-eb36-468b-9efe-5d0a1fdaa172@group-337EFED2784C:LeaderElection221] INFO  server.RaftServerConfigKeys (ConfUtils.java:logGet(43)) - raft.server.write.element-limit = 4096 (default)
2019-09-26 15:13:37,528 [b3e939fd-eb36-468b-9efe-5d0a1fdaa172@group-2F5911C68895:LeaderElection228] INFO  server.RaftServerConfigKeys (ConfUtils.java:logGet(43)) - raft.server.write.element-limit = 4096 (default)
2019-09-26 15:13:37,528 [b3e939fd-eb36-468b-9efe-5d0a1fdaa172@group-DC2DB9729BEF:LeaderElection240] INFO  server.RaftServerConfigKeys (ConfUtils.java:logGet(43)) - raft.server.write.element-limit = 4096 (default)
2019-09-26 15:13:37,528 [b3e939fd-eb36-468b-9efe-5d0a1fdaa172@group-B7C42A2D7902:LeaderElection223] INFO  server.RaftServerConfigKeys (ConfUtils.java:logGet(43)) - raft.server.write.element-limit = 4096 (default)
2019-09-26 15:13:37,528 [b3e939fd-eb36-468b-9efe-5d0a1fdaa172@group-28A0353D16EE:LeaderElection236] INFO  server.RaftServerConfigKeys (ConfUtils.java:logGet(43)) - raft.server.write.element-limit = 4096 (default)
2019-09-26 15:13:37,528 [b3e939fd-eb36-468b-9efe-5d0a1fdaa172@group-C47DA51F7039:LeaderElection235] INFO  server.RaftServerConfigKeys (ConfUtils.java:logGet(43)) - raft.server.write.element-limit = 4096 (default)
2019-09-26 15:13:37,528 [b3e939fd-eb36-468b-9efe-5d0a1fdaa172@group-91D52F7A6523:LeaderElection211] INFO  server.RaftServerConfigKeys (ConfUtils.java:logGet(43)) - raft.server.write.element-limit = 4096 (default)
2019-09-26 15:13:37,528 [b3e939fd-eb36-468b-9efe-5d0a1fdaa172@group-9F10B5770DAC:LeaderElection216] INFO  server.RaftServerConfigKeys (ConfUtils.java:logGet(43)) - raft.server.write.element-limit = 4096 (default)
2019-09-26 15:13:37,528 [b3e939fd-eb36-468b-9efe-5d0a1fdaa172@group-7666CF0181BB:LeaderElection212] INFO  server.RaftServerConfigKeys (ConfUtils.java:logGet(43)) - raft.server.write.element-limit = 4096 (default)
2019-09-26 15:13:37,528 [b3e939fd-eb36-468b-9efe-5d0a1fdaa172@group-3B9C1EE8AD07:LeaderElection217] INFO  server.RaftServerConfigKeys (ConfUtils.java:logGet(43)) - raft.server.write.element-limit = 4096 (default)
2019-09-26 15:13:37,528 [b3e939fd-eb36-468b-9efe-5d0a1fdaa172@group-9E432427BF8B:LeaderElection215] INFO  server.RaftServerConfigKeys (ConfUtils.java:logGet(43)) - raft.server.write.element-limit = 4096 (default)
2019-09-26 15:13:37,528 [b3e939fd-eb36-468b-9efe-5d0a1fdaa172@group-B2026959841C:LeaderElection241] INFO  server.RaftServerConfigKeys (ConfUtils.java:logGet(43)) - raft.server.write.element-limit = 4096 (default)
2019-09-26 15:13:37,528 [b3e939fd-eb36-468b-9efe-5d0a1fdaa172@group-1A5718D16976:LeaderElection244] INFO  server.RaftServerConfigKeys (ConfUtils.java:logGet(43)) - raft.server.write.element-limit = 4096 (default)
2019-09-26 15:13:37,528 [b3e939fd-eb36-468b-9efe-5d0a1fdaa172@group-F2FE42403F49:LeaderElection220] INFO  server.RaftServerConfigKeys (ConfUtils.java:logGet(43)) - raft.server.write.element-limit = 4096 (default)
2019-09-26 15:13:37,528 [b3e939fd-eb36-468b-9efe-5d0a1fdaa172@group-E65C91CFD05F:LeaderElection208] INFO  server.RaftServerConfigKeys (ConfUtils.java:logGet(43)) - raft.server.write.element-limit = 4096 (default)
2019-09-26 15:13:37,528 [b3e939fd-eb36-468b-9efe-5d0a1fdaa172@group-3A19C25E34FC:LeaderElection202] INFO  server.RaftServerConfigKeys (ConfUtils.java:logGet(43)) - raft.server.write.element-limit = 4096 (default)
2019-09-26 15:13:37,528 [b3e939fd-eb36-468b-9efe-5d0a1fdaa172@group-F26566D6F0FB:LeaderElection199] INFO  server.RaftServerConfigKeys (ConfUtils.java:logGet(43)) - raft.server.write.element-limit = 4096 (default)
2019-09-26 15:13:37,523 [b3e939fd-eb36-468b-9efe-5d0a1fdaa172@group-7EAC044EFCFC:LeaderElection214] INFO  server.RaftServerConfigKeys (ConfUtils.java:logGet(43)) - raft.server.write.element-limit = 4096 (default)
2019-09-26 15:13:38,168 [b3e939fd-eb36-468b-9efe-5d0a1fdaa172@group-F26566D6F0FB:LeaderElection199] INFO  server.RaftServerConfigKeys (ConfUtils.java:logGet(43)) - raft.server.watch.timeout = 10s (default)
2019-09-26 15:13:38,167 [b3e939fd-eb36-468b-9efe-5d0a1fdaa172@group-3A19C25E34FC:LeaderElection202] INFO  server.RaftServerConfigKeys (ConfUtils.java:logGet(43)) - raft.server.watch.timeout = 10s (default)
2019-09-26 15:13:38,167 [b3e939fd-eb36-468b-9efe-5d0a1fdaa172@group-E65C91CFD05F:LeaderElection208] INFO  server.RaftServerConfigKeys (ConfUtils.java:logGet(43)) - raft.server.watch.timeout = 10s (default)
2019-09-26 15:13:38,168 [b3e939fd-eb36-468b-9efe-5d0a1fdaa172@group-E65C91CFD05F:LeaderElection208] INFO  server.RaftServerConfigKeys (ConfUtils.java:logGet(43)) - raft.server.watch.timeout.denomination = 1s (default)
2019-09-26 15:13:38,167 [b3e939fd-eb36-468b-9efe-5d0a1fdaa172@group-F2FE42403F49:LeaderElection220] INFO  server.RaftServerConfigKeys (ConfUtils.java:logGet(43)) - raft.server.watch.timeout = 10s (default)
2019-09-26 15:13:38,167 [b3e939fd-eb36-468b-9efe-5d0a1fdaa172@group-1A5718D16976:LeaderElection244] INFO  server.RaftServerConfigKeys (ConfUtils.java:logGet(43)) - raft.server.watch.timeout = 10s (default)
2019-09-26 15:13:38,167 [b3e939fd-eb36-468b-9efe-5d0a1fdaa172@group-B2026959841C:LeaderElection241] INFO  server.RaftServerConfigKeys (ConfUtils.java:logGet(43)) - raft.server.watch.timeout = 10s (default)
2019-09-26 15:13:38,167 [b3e939fd-eb36-468b-9efe-5d0a1fdaa172@group-9E432427BF8B:LeaderElection215] INFO  server.RaftServerConfigKeys (ConfUtils.java:logGet(43)) - raft.server.watch.timeout = 10s (default)
2019-09-26 15:13:38,167 [b3e939fd-eb36-468b-9efe-5d0a1fdaa172@group-3B9C1EE8AD07:LeaderElection217] INFO  server.RaftServerConfigKeys (ConfUtils.java:logGet(43)) - raft.server.watch.timeout = 10s (default)
2019-09-26 15:13:38,167 [b3e939fd-eb36-468b-9efe-5d0a1fdaa172@group-7666CF0181BB:LeaderElection212] INFO  server.RaftServerConfigKeys (ConfUtils.java:logGet(43)) - raft.server.watch.timeout = 10s (default)
2019-09-26 15:13:38,167 [b3e939fd-eb36-468b-9efe-5d0a1fdaa172@group-9F10B5770DAC:LeaderElection216] INFO  server.RaftServerConfigKeys (ConfUtils.java:logGet(43)) - raft.server.watch.timeout = 10s (default)
2019-09-26 15:13:38,167 [b3e939fd-eb36-468b-9efe-5d0a1fdaa172@group-91D52F7A6523:LeaderElection211] INFO  server.RaftServerConfigKeys (ConfUtils.java:logGet(43)) - raft.server.watch.timeout = 10s (default)
2019-09-26 15:13:38,167 [b3e939fd-eb36-468b-9efe-5d0a1fdaa172@group-C47DA51F7039:LeaderElection235] INFO  server.RaftServerConfigKeys (ConfUtils.java:logGet(43)) - raft.server.watch.timeout = 10s (default)
2019-09-26 15:13:38,166 [b3e939fd-eb36-468b-9efe-5d0a1fdaa172@group-28A0353D16EE:LeaderElection236] INFO  server.RaftServerConfigKeys (ConfUtils.java:logGet(43)) - raft.server.watch.timeout = 10s (default)
2019-09-26 15:13:38,166 [b3e939fd-eb36-468b-9efe-5d0a1fdaa172@group-B7C42A2D7902:LeaderElection223] INFO  server.RaftServerConfigKeys (ConfUtils.java:logGet(43)) - raft.server.watch.timeout = 10s (default)
2019-09-26 15:13:38,169 [b3e939fd-eb36-468b-9efe-5d0a1fdaa172@group-B7C42A2D7902:LeaderElection223] INFO  server.RaftServerConfigKeys (ConfUtils.java:logGet(43)) - raft.server.watch.timeout.denomination = 1s (default)
2019-09-26 15:13:38,166 [b3e939fd-eb36-468b-9efe-5d0a1fdaa172@group-DC2DB9729BEF:LeaderElection240] INFO  server.RaftServerConfigKeys (ConfUtils.java:logGet(43)) - raft.server.watch.timeout = 10s (default)
2019-09-26 15:13:38,166 [b3e939fd-eb36-468b-9efe-5d0a1fdaa172@group-2F5911C68895:LeaderElection228] INFO  server.RaftServerConfigKeys (ConfUtils.java:logGet(43)) - raft.server.watch.timeout = 10s (default)
2019-09-26 15:13:38,166 [b3e939fd-eb36-468b-9efe-5d0a1fdaa172@group-337EFED2784C:LeaderElection221] INFO  server.RaftServerConfigKeys (ConfUtils.java:logGet(43)) - raft.server.watch.timeout = 10s (default)
2019-09-26 15:13:38,166 [b3e939fd-eb36-468b-9efe-5d0a1fdaa172@group-10287887346D:LeaderElection213] INFO  server.RaftServerConfigKeys (ConfUtils.java:logGet(43)) - raft.server.watch.timeout = 10s (default)
2019-09-26 15:13:38,166 [b3e939fd-eb36-468b-9efe-5d0a1fdaa172@group-028EEA1990DD:LeaderElection237] INFO  server.RaftServerConfigKeys (ConfUtils.java:logGet(43)) - raft.server.watch.timeout = 10s (default)
2019-09-26 15:13:38,166 [b3e939fd-eb36-468b-9efe-5d0a1fdaa172@group-F2E2F02C4E80:LeaderElection206] INFO  server.RaftServerConfigKeys (ConfUtils.java:logGet(43)) - raft.server.watch.timeout = 10s (default)
2019-09-26 15:13:38,165 [b3e939fd-eb36-468b-9efe-5d0a1fdaa172@group-ECC1AF727233:LeaderElection204] INFO  server.RaftServerConfigKeys (ConfUtils.java:logGet(43)) - raft.server.watch.timeout = 10s (default)
2019-09-26 15:13:38,170 [b3e939fd-eb36-468b-9efe-5d0a1fdaa172@group-ECC1AF727233:LeaderElection204] INFO  server.RaftServerConfigKeys (ConfUtils.java:logGet(43)) - raft.server.watch.timeout.denomination = 1s (default)
2019-09-26 15:13:38,165 [b3e939fd-eb36-468b-9efe-5d0a1fdaa172@group-45EF2C5983EC:LeaderElection209] INFO  server.RaftServerConfigKeys (ConfUtils.java:logGet(43)) - raft.server.watch.timeout = 10s (default)
2019-09-26 15:13:38,165 [b3e939fd-eb36-468b-9efe-5d0a1fdaa172@group-5DF16D025390:LeaderElection218] INFO  server.RaftServerConfigKeys (ConfUtils.java:logGet(43)) - raft.server.watch.timeout = 10s (default)
2019-09-26 15:13:38,170 [b3e939fd-eb36-468b-9efe-5d0a1fdaa172@group-5DF16D025390:LeaderElection218] INFO  server.RaftServerConfigKeys (ConfUtils.java:logGet(43)) - raft.server.watch.timeout.denomination = 1s (default)
2019-09-26 15:13:38,165 [b3e939fd-eb36-468b-9efe-5d0a1fdaa172@group-124765275578:LeaderElection230] INFO  server.RaftServerConfigKeys (ConfUtils.java:logGet(43)) - raft.server.watch.timeout = 10s (default)
2019-09-26 15:13:38,165 [b3e939fd-eb36-468b-9efe-5d0a1fdaa172@group-FC0C2CB5B5D7:LeaderElection231] INFO  server.RaftServerConfigKeys (ConfUtils.java:logGet(43)) - raft.server.watch.timeout = 10s (default)
2019-09-26 15:13:38,165 [b3e939fd-eb36-468b-9efe-5d0a1fdaa172@group-E77F7695A491:LeaderElection239] INFO  server.RaftServerConfigKeys (ConfUtils.java:logGet(43)) - raft.server.watch.timeout = 10s (default)
2019-09-26 15:13:38,165 [b3e939fd-eb36-468b-9efe-5d0a1fdaa172@group-EBA4A4160D1B:LeaderElection229] INFO  server.RaftServerConfigKeys (ConfUtils.java:logGet(43)) - raft.server.watch.timeout = 10s (default)
2019-09-26 15:13:38,164 [b3e939fd-eb36-468b-9efe-5d0a1fdaa172@group-597DE855A82D:LeaderElection234] INFO  server.RaftServerConfigKeys (ConfUtils.java:logGet(43)) - raft.server.watch.timeout = 10s (default)
2019-09-26 15:13:38,164 [b3e939fd-eb36-468b-9efe-5d0a1fdaa172@group-E8E63C574F52:LeaderElection203] INFO  server.RaftServerConfigKeys (ConfUtils.java:logGet(43)) - raft.server.watch.timeout = 10s (default)
2019-09-26 15:13:38,164 [b3e939fd-eb36-468b-9efe-5d0a1fdaa172@group-896043BAD063:LeaderElection243] INFO  server.RaftServerConfigKeys (ConfUtils.java:logGet(43)) - raft.server.watch.timeout = 10s (default)
2019-09-26 15:13:38,164 [b3e939fd-eb36-468b-9efe-5d0a1fdaa172@group-E2463642327B:LeaderElection233] INFO  server.RaftServerConfigKeys (ConfUtils.java:logGet(43)) - raft.server.watch.timeout = 10s (default)
2019-09-26 15:13:38,164 [b3e939fd-eb36-468b-9efe-5d0a1fdaa172@group-36CD4F2BB7F5:LeaderElection201] INFO  server.RaftServerConfigKeys (ConfUtils.java:logGet(43)) - raft.server.watch.timeout = 10s (default)
2019-09-26 15:13:38,164 [b3e939fd-eb36-468b-9efe-5d0a1fdaa172@group-1A432A011447:LeaderElection225] INFO  server.RaftServerConfigKeys (ConfUtils.java:logGet(43)) - raft.server.watch.timeout = 10s (default)
2019-09-26 15:13:38,163 [b3e939fd-eb36-468b-9efe-5d0a1fdaa172@group-2969446FDAA8:LeaderElection205] INFO  server.RaftServerConfigKeys (ConfUtils.java:logGet(43)) - raft.server.watch.timeout = 10s (default)
2019-09-26 15:13:38,162 [b3e939fd-eb36-468b-9efe-5d0a1fdaa172@group-9F36EFB420F2:LeaderElection232] INFO  server.RaftServerConfigKeys (ConfUtils.java:logGet(43)) - raft.server.watch.timeout = 10s (default)
2019-09-26 15:13:38,162 [b3e939fd-eb36-468b-9efe-5d0a1fdaa172@group-AD8F5DA59BC3:LeaderElection207] INFO  server.RaftServerConfigKeys (ConfUtils.java:logGet(43)) - raft.server.watch.timeout = 10s (default)
2019-09-26 15:13:38,172 [b3e939fd-eb36-468b-9efe-5d0a1fdaa172@group-AD8F5DA59BC3:LeaderElection207] INFO  server.RaftServerConfigKeys (ConfUtils.java:logGet(43)) - raft.server.watch.timeout.denomination = 1s (default)
2019-09-26 15:13:38,162 [b3e939fd-eb36-468b-9efe-5d0a1fdaa172@group-0CA234018F8C:LeaderElection238] INFO  server.RaftServerConfigKeys (ConfUtils.java:logGet(43)) - raft.server.watch.timeout = 10s (default)
2019-09-26 15:13:38,161 [b3e939fd-eb36-468b-9efe-5d0a1fdaa172@group-778C63AA011E:LeaderElection219] INFO  server.RaftServerConfigKeys (ConfUtils.java:logGet(43)) - raft.server.watch.timeout = 10s (default)
2019-09-26 15:13:38,161 [b3e939fd-eb36-468b-9efe-5d0a1fdaa172@group-270C29ADC77F:LeaderElection210] INFO  server.RaftServerConfigKeys (ConfUtils.java:logGet(43)) - raft.server.watch.timeout = 10s (default)
2019-09-26 15:13:38,161 [b3e939fd-eb36-468b-9efe-5d0a1fdaa172@group-F6B43F86DCC6:LeaderElection242] INFO  server.RaftServerConfigKeys (ConfUtils.java:logGet(43)) - raft.server.watch.element-limit = 65536 (default)
2019-09-26 15:13:38,160 [Thread-1086] INFO  impl.RoleInfo (RoleInfo.java:shutdownFollowerState(121)) - b3e939fd-eb36-468b-9efe-5d0a1fdaa172: shutdown FollowerState
2019-09-26 15:13:38,160 [b3e939fd-eb36-468b-9efe-5d0a1fdaa172@group-9B7D74F6726A:LeaderElection222] INFO  server.RaftServerConfigKeys (ConfUtils.java:logGet(43)) - raft.server.watch.timeout = 10s (default)
2019-09-26 15:13:38,172 [b3e939fd-eb36-468b-9efe-5d0a1fdaa172@group-9B7D74F6726A:LeaderElection222] INFO  server.RaftServerConfigKeys (ConfUtils.java:logGet(43)) - raft.server.watch.timeout.denomination = 1s (default)
2019-09-26 15:13:37,893 [Thread-1527] INFO  impl.RoleInfo (RoleInfo.java:shutdownFollowerState(121)) - b3e939fd-eb36-468b-9efe-5d0a1fdaa172: shutdown FollowerState
2019-09-26 15:13:37,893 [Thread-1098] INFO  impl.RoleInfo (RoleInfo.java:shutdownFollowerState(121)) - b3e939fd-eb36-468b-9efe-5d0a1fdaa172: shutdown FollowerState
2019-09-26 15:13:38,173 [Thread-1098] INFO  impl.RaftServerImpl (RaftServerImpl.java:setRole(174)) - b3e939fd-eb36-468b-9efe-5d0a1fdaa172@group-336DB84C1351: changes role from  FOLLOWER to CANDIDATE at term 0 for changeToCandidate
2019-09-26 15:13:37,892 [b3e939fd-eb36-468b-9efe-5d0a1fdaa172@group-3940D53E95A2:LeaderElection245] INFO  impl.LeaderElection (LeaderElection.java:askForVotes(182)) - b3e939fd-eb36-468b-9efe-5d0a1fdaa172@group-3940D53E95A2:LeaderElection245: begin an election at term 1 for -1: [b3e939fd-eb36-468b-9efe-5d0a1fdaa172:192.168.151.99:45433], old=null
2019-09-26 15:13:37,878 [RATISCREATEPIPELINE3] ERROR pipeline.RatisPipelineProvider (RatisPipelineProvider.java:lambda$null$2(175)) - Failed invoke Ratis rpc org.apache.hadoop.hdds.scm.pipeline.RatisPipelineProvider$$Lambda$169/1451088811@70dbebd9 for b3e939fd-eb36-468b-9efe-5d0a1fdaa172
org.apache.ratis.protocol.TimeoutIOException
	at org.apache.ratis.grpc.GrpcUtil.tryUnwrapException(GrpcUtil.java:82)
	at org.apache.ratis.grpc.GrpcUtil.unwrapException(GrpcUtil.java:75)
	at org.apache.ratis.grpc.client.GrpcClientProtocolClient.blockingCall(GrpcClientProtocolClient.java:178)
	at org.apache.ratis.grpc.client.GrpcClientProtocolClient.groupAdd(GrpcClientProtocolClient.java:147)
	at org.apache.ratis.grpc.client.GrpcClientRpc.sendRequest(GrpcClientRpc.java:94)
	at org.apache.ratis.client.impl.RaftClientImpl.sendRequest(RaftClientImpl.java:278)
	at org.apache.ratis.client.impl.RaftClientImpl.groupAdd(RaftClientImpl.java:205)
	at org.apache.hadoop.hdds.scm.pipeline.RatisPipelineProvider.lambda$initializePipeline$1(RatisPipelineProvider.java:136)
	at org.apache.hadoop.hdds.scm.pipeline.RatisPipelineProvider.lambda$null$2(RatisPipelineProvider.java:171)
	at java.util.stream.ForEachOps$ForEachOp$OfRef.accept(ForEachOps.java:184)
	at java.util.ArrayList$ArrayListSpliterator.forEachRemaining(ArrayList.java:1382)
	at java.util.stream.AbstractPipeline.copyInto(AbstractPipeline.java:482)
	at java.util.stream.ForEachOps$ForEachTask.compute(ForEachOps.java:291)
	at java.util.concurrent.CountedCompleter.exec(CountedCompleter.java:731)
	at java.util.concurrent.ForkJoinTask.doExec(ForkJoinTask.java:289)
	at java.util.concurrent.ForkJoinTask.doInvoke(ForkJoinTask.java:401)
	at java.util.concurrent.ForkJoinTask.invoke(ForkJoinTask.java:734)
	at java.util.stream.ForEachOps$ForEachOp.evaluateParallel(ForEachOps.java:160)
	at java.util.stream.ForEachOps$ForEachOp$OfRef.evaluateParallel(ForEachOps.java:174)
	at java.util.stream.AbstractPipeline.evaluate(AbstractPipeline.java:233)
	at java.util.stream.ReferencePipeline.forEach(ReferencePipeline.java:418)
	at java.util.stream.ReferencePipeline$Head.forEach(ReferencePipeline.java:583)
	at org.apache.hadoop.hdds.scm.pipeline.RatisPipelineProvider.lambda$callRatisRpc$3(RatisPipelineProvider.java:165)
	at java.util.concurrent.ForkJoinTask$AdaptedRunnableAction.exec(ForkJoinTask.java:1386)
	at java.util.concurrent.ForkJoinTask.doExec(ForkJoinTask.java:289)
	at java.util.concurrent.ForkJoinPool$WorkQueue.runTask(ForkJoinPool.java:1056)
	at java.util.concurrent.ForkJoinPool.runWorker(ForkJoinPool.java:1692)
	at java.util.concurrent.ForkJoinWorkerThread.run(ForkJoinWorkerThread.java:157)
Caused by: org.apache.ratis.thirdparty.io.grpc.StatusRuntimeException: DEADLINE_EXCEEDED
	at org.apache.ratis.thirdparty.io.grpc.stub.ClientCalls.toStatusRuntimeException(ClientCalls.java:233)
	at org.apache.ratis.thirdparty.io.grpc.stub.ClientCalls.getUnchecked(ClientCalls.java:214)
	at org.apache.ratis.thirdparty.io.grpc.stub.ClientCalls.blockingUnaryCall(ClientCalls.java:139)
	at org.apache.ratis.proto.grpc.AdminProtocolServiceGrpc$AdminProtocolServiceBlockingStub.groupManagement(AdminProtocolServiceGrpc.java:274)
	at org.apache.ratis.grpc.client.GrpcClientProtocolClient.lambda$groupAdd$3(GrpcClientProtocolClient.java:149)
	at org.apache.ratis.grpc.client.GrpcClientProtocolClient.blockingCall(GrpcClientProtocolClient.java:176)
	... 25 more
2019-09-26 15:13:37,878 [pool-27-thread-1] INFO  segmented.SegmentedRaftLogWorker (SegmentedRaftLogWorker.java:lambda$new$0(132)) - b3e939fd-eb36-468b-9efe-5d0a1fdaa172@group-90AE5373EB22-SegmentedRaftLogWorker: flushIndex: setUnconditionally 0 -> -1
2019-09-26 15:13:38,178 [b3e939fd-eb36-468b-9efe-5d0a1fdaa172@group-F5BF1B3E3E4A:LeaderElection248] INFO  impl.LeaderElection (LeaderElection.java:askForVotes(182)) - b3e939fd-eb36-468b-9efe-5d0a1fdaa172@group-F5BF1B3E3E4A:LeaderElection248: begin an election at term 1 for -1: [b3e939fd-eb36-468b-9efe-5d0a1fdaa172:192.168.151.99:45433], old=null
2019-09-26 15:13:38,178 [pool-27-thread-1] INFO  server.RaftServerConfigKeys (ConfUtils.java:logGet(43)) - raft.server.snapshot.auto.trigger.enabled = true (custom)
2019-09-26 15:13:38,178 [pool-27-thread-1] INFO  server.RaftServerConfigKeys (ConfUtils.java:logGet(43)) - raft.server.snapshot.auto.trigger.threshold = 10000 (custom)
2019-09-26 15:13:38,178 [pool-27-thread-1] INFO  server.RaftServerConfigKeys (ConfUtils.java:logGet(43)) - raft.server.snapshot.retention.num.files = 5 (custom)
2019-09-26 15:13:38,178 [pool-27-thread-1] INFO  server.RaftServerConfigKeys (ConfUtils.java:logGet(43)) - raft.server.retrycache.expirytime = 600000ms (custom)
2019-09-26 15:13:37,878 [Thread-1089] INFO  impl.RoleInfo (RoleInfo.java:shutdownFollowerState(121)) - b3e939fd-eb36-468b-9efe-5d0a1fdaa172: shutdown FollowerState
2019-09-26 15:13:38,178 [b3e939fd-eb36-468b-9efe-5d0a1fdaa172@group-F5BF1B3E3E4A:LeaderElection248] INFO  impl.RoleInfo (RoleInfo.java:shutdownLeaderElection(134)) - b3e939fd-eb36-468b-9efe-5d0a1fdaa172: shutdown LeaderElection
2019-09-26 15:13:38,178 [b3e939fd-eb36-468b-9efe-5d0a1fdaa172@group-C878FEE1AB22:LeaderElection253] INFO  impl.LeaderElection (LeaderElection.java:askForVotes(182)) - b3e939fd-eb36-468b-9efe-5d0a1fdaa172@group-C878FEE1AB22:LeaderElection253: begin an election at term 1 for -1: [b3e939fd-eb36-468b-9efe-5d0a1fdaa172:192.168.151.99:45433], old=null
2019-09-26 15:13:38,178 [b3e939fd-eb36-468b-9efe-5d0a1fdaa172@group-4E868D6FA5B9:LeaderElection249] INFO  impl.LeaderElection (LeaderElection.java:askForVotes(182)) - b3e939fd-eb36-468b-9efe-5d0a1fdaa172@group-4E868D6FA5B9:LeaderElection249: begin an election at term 1 for -1: [b3e939fd-eb36-468b-9efe-5d0a1fdaa172:192.168.151.99:45433], old=null
2019-09-26 15:13:38,178 [b3e939fd-eb36-468b-9efe-5d0a1fdaa172@group-C4FDEBA5923A:LeaderElection246] INFO  impl.LeaderElection (LeaderElection.java:askForVotes(182)) - b3e939fd-eb36-468b-9efe-5d0a1fdaa172@group-C4FDEBA5923A:LeaderElection246: begin an election at term 1 for -1: [b3e939fd-eb36-468b-9efe-5d0a1fdaa172:192.168.151.99:45433], old=null
2019-09-26 15:13:38,178 [b3e939fd-eb36-468b-9efe-5d0a1fdaa172@group-7C3112672CFD:LeaderElection251] INFO  impl.LeaderElection (LeaderElection.java:askForVotes(182)) - b3e939fd-eb36-468b-9efe-5d0a1fdaa172@group-7C3112672CFD:LeaderElection251: begin an election at term 1 for -1: [b3e939fd-eb36-468b-9efe-5d0a1fdaa172:192.168.151.99:45433], old=null
2019-09-26 15:13:38,179 [b3e939fd-eb36-468b-9efe-5d0a1fdaa172@group-7C3112672CFD:LeaderElection251] INFO  impl.RoleInfo (RoleInfo.java:shutdownLeaderElection(134)) - b3e939fd-eb36-468b-9efe-5d0a1fdaa172: shutdown LeaderElection
2019-09-26 15:13:38,178 [b3e939fd-eb36-468b-9efe-5d0a1fdaa172@group-23B1075E3B4B:LeaderElection254] INFO  impl.LeaderElection (LeaderElection.java:askForVotes(182)) - b3e939fd-eb36-468b-9efe-5d0a1fdaa172@group-23B1075E3B4B:LeaderElection254: begin an election at term 1 for -1: [b3e939fd-eb36-468b-9efe-5d0a1fdaa172:192.168.151.99:45433], old=null
2019-09-26 15:13:38,177 [b3e939fd-eb36-468b-9efe-5d0a1fdaa172@group-A69ABA2706CB:LeaderElection252] INFO  impl.LeaderElection (LeaderElection.java:askForVotes(182)) - b3e939fd-eb36-468b-9efe-5d0a1fdaa172@group-A69ABA2706CB:LeaderElection252: begin an election at term 1 for -1: [b3e939fd-eb36-468b-9efe-5d0a1fdaa172:192.168.151.99:45433], old=null
2019-09-26 15:13:38,177 [b3e939fd-eb36-468b-9efe-5d0a1fdaa172@group-FC1921472DFA:LeaderElection247] INFO  impl.LeaderElection (LeaderElection.java:askForVotes(182)) - b3e939fd-eb36-468b-9efe-5d0a1fdaa172@group-FC1921472DFA:LeaderElection247: begin an election at term 1 for -1: [b3e939fd-eb36-468b-9efe-5d0a1fdaa172:192.168.151.99:45433], old=null
2019-09-26 15:13:38,177 [b3e939fd-eb36-468b-9efe-5d0a1fdaa172@group-1CB942701F5F:LeaderElection250] INFO  impl.LeaderElection (LeaderElection.java:askForVotes(182)) - b3e939fd-eb36-468b-9efe-5d0a1fdaa172@group-1CB942701F5F:LeaderElection250: begin an election at term 1 for -1: [b3e939fd-eb36-468b-9efe-5d0a1fdaa172:192.168.151.99:45433], old=null
2019-09-26 15:13:38,177 [RatisPipelineUtilsThread] ERROR pipeline.SCMPipelineManager (SCMPipelineManager.java:createPipeline(167)) - Pipeline creation failed.
java.io.IOException: Failed invoke Ratis rpc org.apache.hadoop.hdds.scm.pipeline.RatisPipelineProvider$$Lambda$169/1451088811@70dbebd9 for b3e939fd-eb36-468b-9efe-5d0a1fdaa172
	at org.apache.hadoop.hdds.scm.pipeline.RatisPipelineProvider.lambda$null$2(RatisPipelineProvider.java:176)
	at java.util.stream.ForEachOps$ForEachOp$OfRef.accept(ForEachOps.java:184)
	at java.util.ArrayList$ArrayListSpliterator.forEachRemaining(ArrayList.java:1382)
	at java.util.stream.AbstractPipeline.copyInto(AbstractPipeline.java:482)
	at java.util.stream.ForEachOps$ForEachTask.compute(ForEachOps.java:291)
	at java.util.concurrent.CountedCompleter.exec(CountedCompleter.java:731)
	at java.util.concurrent.ForkJoinTask.doExec(ForkJoinTask.java:289)
	at java.util.concurrent.ForkJoinTask.doInvoke(ForkJoinTask.java:401)
	at java.util.concurrent.ForkJoinTask.invoke(ForkJoinTask.java:734)
	at java.util.stream.ForEachOps$ForEachOp.evaluateParallel(ForEachOps.java:160)
	at java.util.stream.ForEachOps$ForEachOp$OfRef.evaluateParallel(ForEachOps.java:174)
	at java.util.stream.AbstractPipeline.evaluate(AbstractPipeline.java:233)
	at java.util.stream.ReferencePipeline.forEach(ReferencePipeline.java:418)
	at java.util.stream.ReferencePipeline$Head.forEach(ReferencePipeline.java:583)
	at org.apache.hadoop.hdds.scm.pipeline.RatisPipelineProvider.lambda$callRatisRpc$3(RatisPipelineProvider.java:165)
	at java.util.concurrent.ForkJoinTask$AdaptedRunnableAction.exec(ForkJoinTask.java:1386)
	at java.util.concurrent.ForkJoinTask.doExec(ForkJoinTask.java:289)
	at java.util.concurrent.ForkJoinPool$WorkQueue.runTask(ForkJoinPool.java:1056)
	at java.util.concurrent.ForkJoinPool.runWorker(ForkJoinPool.java:1692)
	at java.util.concurrent.ForkJoinWorkerThread.run(ForkJoinWorkerThread.java:157)
Caused by: org.apache.ratis.protocol.TimeoutIOException
	at org.apache.ratis.grpc.GrpcUtil.tryUnwrapException(GrpcUtil.java:82)
	at org.apache.ratis.grpc.GrpcUtil.unwrapException(GrpcUtil.java:75)
	at org.apache.ratis.grpc.client.GrpcClientProtocolClient.blockingCall(GrpcClientProtocolClient.java:178)
	at org.apache.ratis.grpc.client.GrpcClientProtocolClient.groupAdd(GrpcClientProtocolClient.java:147)
	at org.apache.ratis.grpc.client.GrpcClientRpc.sendRequest(GrpcClientRpc.java:94)
	at org.apache.ratis.client.impl.RaftClientImpl.sendRequest(RaftClientImpl.java:278)
	at org.apache.ratis.client.impl.RaftClientImpl.groupAdd(RaftClientImpl.java:205)
	at org.apache.hadoop.hdds.scm.pipeline.RatisPipelineProvider.lambda$initializePipeline$1(RatisPipelineProvider.java:136)
	at org.apache.hadoop.hdds.scm.pipeline.RatisPipelineProvider.lambda$null$2(RatisPipelineProvider.java:171)
	... 19 more
Caused by: org.apache.ratis.thirdparty.io.grpc.StatusRuntimeException: DEADLINE_EXCEEDED
	at org.apache.ratis.thirdparty.io.grpc.stub.ClientCalls.toStatusRuntimeException(ClientCalls.java:233)
	at org.apache.ratis.thirdparty.io.grpc.stub.ClientCalls.getUnchecked(ClientCalls.java:214)
	at org.apache.ratis.thirdparty.io.grpc.stub.ClientCalls.blockingUnaryCall(ClientCalls.java:139)
	at org.apache.ratis.proto.grpc.AdminProtocolServiceGrpc$AdminProtocolServiceBlockingStub.groupManagement(AdminProtocolServiceGrpc.java:274)
	at org.apache.ratis.grpc.client.GrpcClientProtocolClient.lambda$groupAdd$3(GrpcClientProtocolClient.java:149)
	at org.apache.ratis.grpc.client.GrpcClientProtocolClient.blockingCall(GrpcClientProtocolClient.java:176)
	... 25 more
2019-09-26 15:13:38,173 [b3e939fd-eb36-468b-9efe-5d0a1fdaa172@group-F6B43F86DCC6:LeaderElection242] INFO  impl.RoleInfo (RoleInfo.java:updateAndGet(143)) - b3e939fd-eb36-468b-9efe-5d0a1fdaa172: start LeaderState
2019-09-26 15:13:38,173 [b3e939fd-eb36-468b-9efe-5d0a1fdaa172@group-3940D53E95A2:LeaderElection245] INFO  impl.RoleInfo (RoleInfo.java:shutdownLeaderElection(134)) - b3e939fd-eb36-468b-9efe-5d0a1fdaa172: shutdown LeaderElection
2019-09-26 15:13:38,183 [b3e939fd-eb36-468b-9efe-5d0a1fdaa172@group-F6B43F86DCC6:LeaderElection242] INFO  segmented.SegmentedRaftLogWorker (SegmentedRaftLogWorker.java:startLogSegment(380)) - b3e939fd-eb36-468b-9efe-5d0a1fdaa172@group-F6B43F86DCC6-SegmentedRaftLogWorker: Starting segment from index:0
2019-09-26 15:13:38,173 [Thread-1098] INFO  impl.RoleInfo (RoleInfo.java:updateAndGet(143)) - b3e939fd-eb36-468b-9efe-5d0a1fdaa172: start LeaderElection
2019-09-26 15:13:38,173 [Thread-1527] INFO  impl.RaftServerImpl (RaftServerImpl.java:setRole(174)) - b3e939fd-eb36-468b-9efe-5d0a1fdaa172@group-5C744E83DB9A: changes role from  FOLLOWER to CANDIDATE at term 0 for changeToCandidate
2019-09-26 15:13:38,173 [b3e939fd-eb36-468b-9efe-5d0a1fdaa172@group-9B7D74F6726A:LeaderElection222] INFO  server.RaftServerConfigKeys (ConfUtils.java:logGet(43)) - raft.server.watch.element-limit = 65536 (default)
2019-09-26 15:13:38,172 [Thread-1086] INFO  impl.RaftServerImpl (RaftServerImpl.java:setRole(174)) - b3e939fd-eb36-468b-9efe-5d0a1fdaa172@group-B8A18754ECB2: changes role from  FOLLOWER to CANDIDATE at term 0 for changeToCandidate
2019-09-26 15:13:38,172 [b3e939fd-eb36-468b-9efe-5d0a1fdaa172@group-270C29ADC77F:LeaderElection210] INFO  server.RaftServerConfigKeys (ConfUtils.java:logGet(43)) - raft.server.watch.timeout.denomination = 1s (default)
2019-09-26 15:13:38,172 [b3e939fd-eb36-468b-9efe-5d0a1fdaa172@group-778C63AA011E:LeaderElection219] INFO  server.RaftServerConfigKeys (ConfUtils.java:logGet(43)) - raft.server.watch.timeout.denomination = 1s (default)
2019-09-26 15:13:38,172 [b3e939fd-eb36-468b-9efe-5d0a1fdaa172@group-0CA234018F8C:LeaderElection238] INFO  server.RaftServerConfigKeys (ConfUtils.java:logGet(43)) - raft.server.watch.timeout.denomination = 1s (default)
2019-09-26 15:13:38,172 [b3e939fd-eb36-468b-9efe-5d0a1fdaa172@group-AD8F5DA59BC3:LeaderElection207] INFO  server.RaftServerConfigKeys (ConfUtils.java:logGet(43)) - raft.server.watch.element-limit = 65536 (default)
2019-09-26 15:13:38,172 [b3e939fd-eb36-468b-9efe-5d0a1fdaa172@group-9F36EFB420F2:LeaderElection232] INFO  server.RaftServerConfigKeys (ConfUtils.java:logGet(43)) - raft.server.watch.timeout.denomination = 1s (default)
2019-09-26 15:13:38,438 [b3e939fd-eb36-468b-9efe-5d0a1fdaa172@group-9F36EFB420F2:LeaderElection232] INFO  server.RaftServerConfigKeys (ConfUtils.java:logGet(43)) - raft.server.watch.element-limit = 65536 (default)
2019-09-26 15:13:38,439 [b3e939fd-eb36-468b-9efe-5d0a1fdaa172@group-9B7D74F6726A:LeaderElection222] INFO  impl.RoleInfo (RoleInfo.java:updateAndGet(143)) - b3e939fd-eb36-468b-9efe-5d0a1fdaa172: start LeaderState
2019-09-26 15:13:38,439 [b3e939fd-eb36-468b-9efe-5d0a1fdaa172@group-9B7D74F6726A:LeaderElection222] INFO  segmented.SegmentedRaftLogWorker (SegmentedRaftLogWorker.java:startLogSegment(380)) - b3e939fd-eb36-468b-9efe-5d0a1fdaa172@group-9B7D74F6726A-SegmentedRaftLogWorker: Starting segment from index:0
2019-09-26 15:13:38,172 [b3e939fd-eb36-468b-9efe-5d0a1fdaa172@group-2969446FDAA8:LeaderElection205] INFO  server.RaftServerConfigKeys (ConfUtils.java:logGet(43)) - raft.server.watch.timeout.denomination = 1s (default)
2019-09-26 15:13:38,171 [b3e939fd-eb36-468b-9efe-5d0a1fdaa172@group-1A432A011447:LeaderElection225] INFO  server.RaftServerConfigKeys (ConfUtils.java:logGet(43)) - raft.server.watch.timeout.denomination = 1s (default)
2019-09-26 15:13:38,171 [b3e939fd-eb36-468b-9efe-5d0a1fdaa172@group-36CD4F2BB7F5:LeaderElection201] INFO  server.RaftServerConfigKeys (ConfUtils.java:logGet(43)) - raft.server.watch.timeout.denomination = 1s (default)
2019-09-26 15:13:38,703 [b3e939fd-eb36-468b-9efe-5d0a1fdaa172@group-36CD4F2BB7F5:LeaderElection201] INFO  server.RaftServerConfigKeys (ConfUtils.java:logGet(43)) - raft.server.watch.element-limit = 65536 (default)
2019-09-26 15:13:38,171 [b3e939fd-eb36-468b-9efe-5d0a1fdaa172@group-E2463642327B:LeaderElection233] INFO  server.RaftServerConfigKeys (ConfUtils.java:logGet(43)) - raft.server.watch.timeout.denomination = 1s (default)
2019-09-26 15:13:38,717 [b3e939fd-eb36-468b-9efe-5d0a1fdaa172@group-E2463642327B:LeaderElection233] INFO  server.RaftServerConfigKeys (ConfUtils.java:logGet(43)) - raft.server.watch.element-limit = 65536 (default)
2019-09-26 15:13:38,171 [b3e939fd-eb36-468b-9efe-5d0a1fdaa172@group-896043BAD063:LeaderElection243] INFO  server.RaftServerConfigKeys (ConfUtils.java:logGet(43)) - raft.server.watch.timeout.denomination = 1s (default)
2019-09-26 15:13:38,717 [b3e939fd-eb36-468b-9efe-5d0a1fdaa172@group-896043BAD063:LeaderElection243] INFO  server.RaftServerConfigKeys (ConfUtils.java:logGet(43)) - raft.server.watch.element-limit = 65536 (default)
2019-09-26 15:13:38,171 [b3e939fd-eb36-468b-9efe-5d0a1fdaa172@group-E8E63C574F52:LeaderElection203] INFO  server.RaftServerConfigKeys (ConfUtils.java:logGet(43)) - raft.server.watch.timeout.denomination = 1s (default)
2019-09-26 15:13:38,171 [b3e939fd-eb36-468b-9efe-5d0a1fdaa172@group-597DE855A82D:LeaderElection234] INFO  server.RaftServerConfigKeys (ConfUtils.java:logGet(43)) - raft.server.watch.timeout.denomination = 1s (default)
2019-09-26 15:13:38,171 [b3e939fd-eb36-468b-9efe-5d0a1fdaa172@group-EBA4A4160D1B:LeaderElection229] INFO  server.RaftServerConfigKeys (ConfUtils.java:logGet(43)) - raft.server.watch.timeout.denomination = 1s (default)
2019-09-26 15:13:38,171 [b3e939fd-eb36-468b-9efe-5d0a1fdaa172@group-E77F7695A491:LeaderElection239] INFO  server.RaftServerConfigKeys (ConfUtils.java:logGet(43)) - raft.server.watch.timeout.denomination = 1s (default)
2019-09-26 15:13:38,718 [b3e939fd-eb36-468b-9efe-5d0a1fdaa172@group-E77F7695A491:LeaderElection239] INFO  server.RaftServerConfigKeys (ConfUtils.java:logGet(43)) - raft.server.watch.element-limit = 65536 (default)
2019-09-26 15:13:38,171 [b3e939fd-eb36-468b-9efe-5d0a1fdaa172@group-FC0C2CB5B5D7:LeaderElection231] INFO  server.RaftServerConfigKeys (ConfUtils.java:logGet(43)) - raft.server.watch.timeout.denomination = 1s (default)
2019-09-26 15:13:38,718 [b3e939fd-eb36-468b-9efe-5d0a1fdaa172@group-FC0C2CB5B5D7:LeaderElection231] INFO  server.RaftServerConfigKeys (ConfUtils.java:logGet(43)) - raft.server.watch.element-limit = 65536 (default)
2019-09-26 15:13:38,170 [b3e939fd-eb36-468b-9efe-5d0a1fdaa172@group-124765275578:LeaderElection230] INFO  server.RaftServerConfigKeys (ConfUtils.java:logGet(43)) - raft.server.watch.timeout.denomination = 1s (default)
2019-09-26 15:13:38,170 [b3e939fd-eb36-468b-9efe-5d0a1fdaa172@group-5DF16D025390:LeaderElection218] INFO  server.RaftServerConfigKeys (ConfUtils.java:logGet(43)) - raft.server.watch.element-limit = 65536 (default)
2019-09-26 15:13:38,170 [b3e939fd-eb36-468b-9efe-5d0a1fdaa172@group-45EF2C5983EC:LeaderElection209] INFO  server.RaftServerConfigKeys (ConfUtils.java:logGet(43)) - raft.server.watch.timeout.denomination = 1s (default)
2019-09-26 15:13:38,170 [b3e939fd-eb36-468b-9efe-5d0a1fdaa172@group-ECC1AF727233:LeaderElection204] INFO  server.RaftServerConfigKeys (ConfUtils.java:logGet(43)) - raft.server.watch.element-limit = 65536 (default)
2019-09-26 15:13:38,170 [b3e939fd-eb36-468b-9efe-5d0a1fdaa172@group-F2E2F02C4E80:LeaderElection206] INFO  server.RaftServerConfigKeys (ConfUtils.java:logGet(43)) - raft.server.watch.timeout.denomination = 1s (default)
2019-09-26 15:13:38,170 [b3e939fd-eb36-468b-9efe-5d0a1fdaa172@group-028EEA1990DD:LeaderElection237] INFO  server.RaftServerConfigKeys (ConfUtils.java:logGet(43)) - raft.server.watch.timeout.denomination = 1s (default)
2019-09-26 15:13:38,170 [b3e939fd-eb36-468b-9efe-5d0a1fdaa172@group-10287887346D:LeaderElection213] INFO  server.RaftServerConfigKeys (ConfUtils.java:logGet(43)) - raft.server.watch.timeout.denomination = 1s (default)
2019-09-26 15:13:38,169 [b3e939fd-eb36-468b-9efe-5d0a1fdaa172@group-337EFED2784C:LeaderElection221] INFO  server.RaftServerConfigKeys (ConfUtils.java:logGet(43)) - raft.server.watch.timeout.denomination = 1s (default)
2019-09-26 15:13:38,719 [b3e939fd-eb36-468b-9efe-5d0a1fdaa172@group-337EFED2784C:LeaderElection221] INFO  server.RaftServerConfigKeys (ConfUtils.java:logGet(43)) - raft.server.watch.element-limit = 65536 (default)
2019-09-26 15:13:38,169 [b3e939fd-eb36-468b-9efe-5d0a1fdaa172@group-2F5911C68895:LeaderElection228] INFO  server.RaftServerConfigKeys (ConfUtils.java:logGet(43)) - raft.server.watch.timeout.denomination = 1s (default)
2019-09-26 15:13:38,169 [b3e939fd-eb36-468b-9efe-5d0a1fdaa172@group-DC2DB9729BEF:LeaderElection240] INFO  server.RaftServerConfigKeys (ConfUtils.java:logGet(43)) - raft.server.watch.timeout.denomination = 1s (default)
2019-09-26 15:13:38,169 [b3e939fd-eb36-468b-9efe-5d0a1fdaa172@group-B7C42A2D7902:LeaderElection223] INFO  server.RaftServerConfigKeys (ConfUtils.java:logGet(43)) - raft.server.watch.element-limit = 65536 (default)
2019-09-26 15:13:38,169 [b3e939fd-eb36-468b-9efe-5d0a1fdaa172@group-28A0353D16EE:LeaderElection236] INFO  server.RaftServerConfigKeys (ConfUtils.java:logGet(43)) - raft.server.watch.timeout.denomination = 1s (default)
2019-09-26 15:13:38,720 [b3e939fd-eb36-468b-9efe-5d0a1fdaa172@group-28A0353D16EE:LeaderElection236] INFO  server.RaftServerConfigKeys (ConfUtils.java:logGet(43)) - raft.server.watch.element-limit = 65536 (default)
2019-09-26 15:13:38,169 [b3e939fd-eb36-468b-9efe-5d0a1fdaa172@group-1634C81BDE85:LeaderElection226] INFO  impl.RoleInfo (RoleInfo.java:updateAndGet(143)) - b3e939fd-eb36-468b-9efe-5d0a1fdaa172: start LeaderState
2019-09-26 15:13:38,169 [b3e939fd-eb36-468b-9efe-5d0a1fdaa172@group-C47DA51F7039:LeaderElection235] INFO  server.RaftServerConfigKeys (ConfUtils.java:logGet(43)) - raft.server.watch.timeout.denomination = 1s (default)
2019-09-26 15:13:38,720 [b3e939fd-eb36-468b-9efe-5d0a1fdaa172@group-1634C81BDE85:LeaderElection226] INFO  segmented.SegmentedRaftLogWorker (SegmentedRaftLogWorker.java:startLogSegment(380)) - b3e939fd-eb36-468b-9efe-5d0a1fdaa172@group-1634C81BDE85-SegmentedRaftLogWorker: Starting segment from index:0
2019-09-26 15:13:38,169 [b3e939fd-eb36-468b-9efe-5d0a1fdaa172@group-91D52F7A6523:LeaderElection211] INFO  server.RaftServerConfigKeys (ConfUtils.java:logGet(43)) - raft.server.watch.timeout.denomination = 1s (default)
2019-09-26 15:13:38,169 [b3e939fd-eb36-468b-9efe-5d0a1fdaa172@group-9F10B5770DAC:LeaderElection216] INFO  server.RaftServerConfigKeys (ConfUtils.java:logGet(43)) - raft.server.watch.timeout.denomination = 1s (default)
2019-09-26 15:13:38,168 [b3e939fd-eb36-468b-9efe-5d0a1fdaa172@group-7666CF0181BB:LeaderElection212] INFO  server.RaftServerConfigKeys (ConfUtils.java:logGet(43)) - raft.server.watch.timeout.denomination = 1s (default)
2019-09-26 15:13:38,168 [b3e939fd-eb36-468b-9efe-5d0a1fdaa172@group-3B9C1EE8AD07:LeaderElection217] INFO  server.RaftServerConfigKeys (ConfUtils.java:logGet(43)) - raft.server.watch.timeout.denomination = 1s (default)
2019-09-26 15:13:38,168 [b3e939fd-eb36-468b-9efe-5d0a1fdaa172@group-9E432427BF8B:LeaderElection215] INFO  server.RaftServerConfigKeys (ConfUtils.java:logGet(43)) - raft.server.watch.timeout.denomination = 1s (default)
2019-09-26 15:13:38,168 [b3e939fd-eb36-468b-9efe-5d0a1fdaa172@group-B2026959841C:LeaderElection241] INFO  server.RaftServerConfigKeys (ConfUtils.java:logGet(43)) - raft.server.watch.timeout.denomination = 1s (default)
2019-09-26 15:13:38,168 [b3e939fd-eb36-468b-9efe-5d0a1fdaa172@group-1A5718D16976:LeaderElection244] INFO  server.RaftServerConfigKeys (ConfUtils.java:logGet(43)) - raft.server.watch.timeout.denomination = 1s (default)
2019-09-26 15:13:38,952 [b3e939fd-eb36-468b-9efe-5d0a1fdaa172@group-1A5718D16976:LeaderElection244] INFO  server.RaftServerConfigKeys (ConfUtils.java:logGet(43)) - raft.server.watch.element-limit = 65536 (default)
2019-09-26 15:13:38,168 [b3e939fd-eb36-468b-9efe-5d0a1fdaa172@group-F2FE42403F49:LeaderElection220] INFO  server.RaftServerConfigKeys (ConfUtils.java:logGet(43)) - raft.server.watch.timeout.denomination = 1s (default)
2019-09-26 15:13:38,168 [b3e939fd-eb36-468b-9efe-5d0a1fdaa172@group-AFE7DB0113F1:LeaderElection200] INFO  impl.RoleInfo (RoleInfo.java:updateAndGet(143)) - b3e939fd-eb36-468b-9efe-5d0a1fdaa172: start LeaderState
2019-09-26 15:13:38,168 [b3e939fd-eb36-468b-9efe-5d0a1fdaa172@group-E65C91CFD05F:LeaderElection208] INFO  server.RaftServerConfigKeys (ConfUtils.java:logGet(43)) - raft.server.watch.element-limit = 65536 (default)
2019-09-26 15:13:38,168 [b3e939fd-eb36-468b-9efe-5d0a1fdaa172@group-3A19C25E34FC:LeaderElection202] INFO  server.RaftServerConfigKeys (ConfUtils.java:logGet(43)) - raft.server.watch.timeout.denomination = 1s (default)
2019-09-26 15:13:38,168 [b3e939fd-eb36-468b-9efe-5d0a1fdaa172@group-F26566D6F0FB:LeaderElection199] INFO  server.RaftServerConfigKeys (ConfUtils.java:logGet(43)) - raft.server.watch.timeout.denomination = 1s (default)
2019-09-26 15:13:38,168 [b3e939fd-eb36-468b-9efe-5d0a1fdaa172@group-7EAC044EFCFC:LeaderElection214] INFO  server.RaftServerConfigKeys (ConfUtils.java:logGet(43)) - raft.server.watch.timeout = 10s (default)
2019-09-26 15:13:38,956 [b3e939fd-eb36-468b-9efe-5d0a1fdaa172@group-7EAC044EFCFC:LeaderElection214] INFO  server.RaftServerConfigKeys (ConfUtils.java:logGet(43)) - raft.server.watch.timeout.denomination = 1s (default)
2019-09-26 15:13:38,956 [b3e939fd-eb36-468b-9efe-5d0a1fdaa172@group-7EAC044EFCFC:LeaderElection214] INFO  server.RaftServerConfigKeys (ConfUtils.java:logGet(43)) - raft.server.watch.element-limit = 65536 (default)
2019-09-26 15:13:38,956 [b3e939fd-eb36-468b-9efe-5d0a1fdaa172@group-F26566D6F0FB:LeaderElection199] INFO  server.RaftServerConfigKeys (ConfUtils.java:logGet(43)) - raft.server.watch.element-limit = 65536 (default)
2019-09-26 15:13:38,955 [b3e939fd-eb36-468b-9efe-5d0a1fdaa172@group-3A19C25E34FC:LeaderElection202] INFO  server.RaftServerConfigKeys (ConfUtils.java:logGet(43)) - raft.server.watch.element-limit = 65536 (default)
2019-09-26 15:13:38,955 [b3e939fd-eb36-468b-9efe-5d0a1fdaa172@group-AFE7DB0113F1:LeaderElection200] INFO  segmented.SegmentedRaftLogWorker (SegmentedRaftLogWorker.java:startLogSegment(380)) - b3e939fd-eb36-468b-9efe-5d0a1fdaa172@group-AFE7DB0113F1-SegmentedRaftLogWorker: Starting segment from index:0
2019-09-26 15:13:38,955 [b3e939fd-eb36-468b-9efe-5d0a1fdaa172@group-F2FE42403F49:LeaderElection220] INFO  server.RaftServerConfigKeys (ConfUtils.java:logGet(43)) - raft.server.watch.element-limit = 65536 (default)
2019-09-26 15:13:38,952 [b3e939fd-eb36-468b-9efe-5d0a1fdaa172@group-B2026959841C:LeaderElection241] INFO  server.RaftServerConfigKeys (ConfUtils.java:logGet(43)) - raft.server.watch.element-limit = 65536 (default)
2019-09-26 15:13:38,952 [b3e939fd-eb36-468b-9efe-5d0a1fdaa172@group-9E432427BF8B:LeaderElection215] INFO  server.RaftServerConfigKeys (ConfUtils.java:logGet(43)) - raft.server.watch.element-limit = 65536 (default)
2019-09-26 15:13:38,952 [b3e939fd-eb36-468b-9efe-5d0a1fdaa172@group-AD8F5DA59BC3:LeaderElection207] INFO  impl.RoleInfo (RoleInfo.java:updateAndGet(143)) - b3e939fd-eb36-468b-9efe-5d0a1fdaa172: start LeaderState
2019-09-26 15:13:38,952 [b3e939fd-eb36-468b-9efe-5d0a1fdaa172@group-3B9C1EE8AD07:LeaderElection217] INFO  server.RaftServerConfigKeys (ConfUtils.java:logGet(43)) - raft.server.watch.element-limit = 65536 (default)
2019-09-26 15:13:38,951 [b3e939fd-eb36-468b-9efe-5d0a1fdaa172@group-7666CF0181BB:LeaderElection212] INFO  server.RaftServerConfigKeys (ConfUtils.java:logGet(43)) - raft.server.watch.element-limit = 65536 (default)
2019-09-26 15:13:38,951 [b3e939fd-eb36-468b-9efe-5d0a1fdaa172@group-1634C81BDE85:LeaderElection226] INFO  impl.RaftServerImpl (ServerState.java:setRaftConf(354)) - b3e939fd-eb36-468b-9efe-5d0a1fdaa172@group-1634C81BDE85: set configuration 0: [b3e939fd-eb36-468b-9efe-5d0a1fdaa172:192.168.151.99:45433], old=null at 0
2019-09-26 15:13:38,721 [b3e939fd-eb36-468b-9efe-5d0a1fdaa172@group-9F10B5770DAC:LeaderElection216] INFO  server.RaftServerConfigKeys (ConfUtils.java:logGet(43)) - raft.server.watch.element-limit = 65536 (default)
2019-09-26 15:13:38,721 [b3e939fd-eb36-468b-9efe-5d0a1fdaa172@group-91D52F7A6523:LeaderElection211] INFO  server.RaftServerConfigKeys (ConfUtils.java:logGet(43)) - raft.server.watch.element-limit = 65536 (default)
2019-09-26 15:13:38,720 [b3e939fd-eb36-468b-9efe-5d0a1fdaa172@group-C47DA51F7039:LeaderElection235] INFO  server.RaftServerConfigKeys (ConfUtils.java:logGet(43)) - raft.server.watch.element-limit = 65536 (default)
2019-09-26 15:13:38,720 [b3e939fd-eb36-468b-9efe-5d0a1fdaa172@group-DC2DB9729BEF:LeaderElection240] INFO  server.RaftServerConfigKeys (ConfUtils.java:logGet(43)) - raft.server.watch.element-limit = 65536 (default)
2019-09-26 15:13:38,720 [b3e939fd-eb36-468b-9efe-5d0a1fdaa172@group-2F5911C68895:LeaderElection228] INFO  server.RaftServerConfigKeys (ConfUtils.java:logGet(43)) - raft.server.watch.element-limit = 65536 (default)
2019-09-26 15:13:38,719 [b3e939fd-eb36-468b-9efe-5d0a1fdaa172@group-10287887346D:LeaderElection213] INFO  server.RaftServerConfigKeys (ConfUtils.java:logGet(43)) - raft.server.watch.element-limit = 65536 (default)
2019-09-26 15:13:38,719 [b3e939fd-eb36-468b-9efe-5d0a1fdaa172@group-028EEA1990DD:LeaderElection237] INFO  server.RaftServerConfigKeys (ConfUtils.java:logGet(43)) - raft.server.watch.element-limit = 65536 (default)
2019-09-26 15:13:38,719 [b3e939fd-eb36-468b-9efe-5d0a1fdaa172@group-F2E2F02C4E80:LeaderElection206] INFO  server.RaftServerConfigKeys (ConfUtils.java:logGet(43)) - raft.server.watch.element-limit = 65536 (default)
2019-09-26 15:13:38,719 [b3e939fd-eb36-468b-9efe-5d0a1fdaa172@group-45EF2C5983EC:LeaderElection209] INFO  server.RaftServerConfigKeys (ConfUtils.java:logGet(43)) - raft.server.watch.element-limit = 65536 (default)
2019-09-26 15:13:38,719 [b3e939fd-eb36-468b-9efe-5d0a1fdaa172@group-124765275578:LeaderElection230] INFO  server.RaftServerConfigKeys (ConfUtils.java:logGet(43)) - raft.server.watch.element-limit = 65536 (default)
2019-09-26 15:13:38,718 [b3e939fd-eb36-468b-9efe-5d0a1fdaa172@group-EBA4A4160D1B:LeaderElection229] INFO  server.RaftServerConfigKeys (ConfUtils.java:logGet(43)) - raft.server.watch.element-limit = 65536 (default)
2019-09-26 15:13:38,718 [b3e939fd-eb36-468b-9efe-5d0a1fdaa172@group-597DE855A82D:LeaderElection234] INFO  server.RaftServerConfigKeys (ConfUtils.java:logGet(43)) - raft.server.watch.element-limit = 65536 (default)
2019-09-26 15:13:38,718 [b3e939fd-eb36-468b-9efe-5d0a1fdaa172@group-E8E63C574F52:LeaderElection203] INFO  server.RaftServerConfigKeys (ConfUtils.java:logGet(43)) - raft.server.watch.element-limit = 65536 (default)
2019-09-26 15:13:38,703 [b3e939fd-eb36-468b-9efe-5d0a1fdaa172@group-1A432A011447:LeaderElection225] INFO  server.RaftServerConfigKeys (ConfUtils.java:logGet(43)) - raft.server.watch.element-limit = 65536 (default)
2019-09-26 15:13:38,702 [b3e939fd-eb36-468b-9efe-5d0a1fdaa172@group-336DB84C1351:LeaderElection255] INFO  impl.LeaderElection (LeaderElection.java:askForVotes(182)) - b3e939fd-eb36-468b-9efe-5d0a1fdaa172@group-336DB84C1351:LeaderElection255: begin an election at term 1 for -1: [b3e939fd-eb36-468b-9efe-5d0a1fdaa172:192.168.151.99:45433], old=null
2019-09-26 15:13:38,697 [b3e939fd-eb36-468b-9efe-5d0a1fdaa172@group-8ABA77F86B69-SegmentedRaftLogWorker] ERROR segmented.SegmentedRaftLogWorker (SegmentedRaftLogWorker.java:run(323)) - b3e939fd-eb36-468b-9efe-5d0a1fdaa172@group-8ABA77F86B69-SegmentedRaftLogWorker hit exception
java.lang.OutOfMemoryError: Direct buffer memory
	at java.nio.Bits.reserveMemory(Bits.java:666)
	at java.nio.DirectByteBuffer.<init>(DirectByteBuffer.java:123)
	at java.nio.ByteBuffer.allocateDirect(ByteBuffer.java:311)
	at org.apache.ratis.server.raftlog.segmented.BufferedWriteChannel.<init>(BufferedWriteChannel.java:41)
	at org.apache.ratis.server.raftlog.segmented.SegmentedRaftLogOutputStream.<init>(SegmentedRaftLogOutputStream.java:72)
	at org.apache.ratis.server.raftlog.segmented.SegmentedRaftLogWorker$StartLogSegment.execute(SegmentedRaftLogWorker.java:566)
	at org.apache.ratis.server.raftlog.segmented.SegmentedRaftLogWorker.run(SegmentedRaftLogWorker.java:289)
	at java.lang.Thread.run(Thread.java:748)
2019-09-26 15:13:39,183 [b3e939fd-eb36-468b-9efe-5d0a1fdaa172@group-8ABA77F86B69-SegmentedRaftLogWorker] INFO  impl.RaftServerImpl (RaftServerImpl.java:lambda$shutdown$3(251)) - b3e939fd-eb36-468b-9efe-5d0a1fdaa172@group-8ABA77F86B69: shutdown
2019-09-26 15:13:38,697 [b3e939fd-eb36-468b-9efe-5d0a1fdaa172@group-28CF379EBB19-SegmentedRaftLogWorker] ERROR segmented.SegmentedRaftLogWorker (SegmentedRaftLogWorker.java:run(323)) - b3e939fd-eb36-468b-9efe-5d0a1fdaa172@group-28CF379EBB19-SegmentedRaftLogWorker hit exception
java.lang.OutOfMemoryError: Direct buffer memory
	at java.nio.Bits.reserveMemory(Bits.java:666)
	at java.nio.DirectByteBuffer.<init>(DirectByteBuffer.java:123)
	at java.nio.ByteBuffer.allocateDirect(ByteBuffer.java:311)
	at org.apache.ratis.server.raftlog.segmented.BufferedWriteChannel.<init>(BufferedWriteChannel.java:41)
	at org.apache.ratis.server.raftlog.segmented.SegmentedRaftLogOutputStream.<init>(SegmentedRaftLogOutputStream.java:72)
	at org.apache.ratis.server.raftlog.segmented.SegmentedRaftLogWorker$StartLogSegment.execute(SegmentedRaftLogWorker.java:566)
	at org.apache.ratis.server.raftlog.segmented.SegmentedRaftLogWorker.run(SegmentedRaftLogWorker.java:289)
	at java.lang.Thread.run(Thread.java:748)
2019-09-26 15:13:38,697 [b3e939fd-eb36-468b-9efe-5d0a1fdaa172@group-8B05B049A6AC-SegmentedRaftLogWorker] ERROR segmented.SegmentedRaftLogWorker (SegmentedRaftLogWorker.java:run(323)) - b3e939fd-eb36-468b-9efe-5d0a1fdaa172@group-8B05B049A6AC-SegmentedRaftLogWorker hit exception
java.lang.OutOfMemoryError: Direct buffer memory
	at java.nio.Bits.reserveMemory(Bits.java:666)
	at java.nio.DirectByteBuffer.<init>(DirectByteBuffer.java:123)
	at java.nio.ByteBuffer.allocateDirect(ByteBuffer.java:311)
	at org.apache.ratis.server.raftlog.segmented.BufferedWriteChannel.<init>(BufferedWriteChannel.java:41)
	at org.apache.ratis.server.raftlog.segmented.SegmentedRaftLogOutputStream.<init>(SegmentedRaftLogOutputStream.java:72)
	at org.apache.ratis.server.raftlog.segmented.SegmentedRaftLogWorker$StartLogSegment.execute(SegmentedRaftLogWorker.java:566)
	at org.apache.ratis.server.raftlog.segmented.SegmentedRaftLogWorker.run(SegmentedRaftLogWorker.java:289)
	at java.lang.Thread.run(Thread.java:748)
2019-09-26 15:13:39,184 [b3e939fd-eb36-468b-9efe-5d0a1fdaa172@group-8B05B049A6AC-SegmentedRaftLogWorker] INFO  impl.RaftServerImpl (RaftServerImpl.java:lambda$shutdown$3(251)) - b3e939fd-eb36-468b-9efe-5d0a1fdaa172@group-8B05B049A6AC: shutdown
2019-09-26 15:13:38,697 [b3e939fd-eb36-468b-9efe-5d0a1fdaa172@group-4282880CA77F-SegmentedRaftLogWorker] ERROR segmented.SegmentedRaftLogWorker (SegmentedRaftLogWorker.java:run(323)) - b3e939fd-eb36-468b-9efe-5d0a1fdaa172@group-4282880CA77F-SegmentedRaftLogWorker hit exception
java.lang.OutOfMemoryError: Direct buffer memory
	at java.nio.Bits.reserveMemory(Bits.java:666)
	at java.nio.DirectByteBuffer.<init>(DirectByteBuffer.java:123)
	at java.nio.ByteBuffer.allocateDirect(ByteBuffer.java:311)
	at org.apache.ratis.server.raftlog.segmented.BufferedWriteChannel.<init>(BufferedWriteChannel.java:41)
	at org.apache.ratis.server.raftlog.segmented.SegmentedRaftLogOutputStream.<init>(SegmentedRaftLogOutputStream.java:72)
	at org.apache.ratis.server.raftlog.segmented.SegmentedRaftLogWorker$StartLogSegment.execute(SegmentedRaftLogWorker.java:566)
	at org.apache.ratis.server.raftlog.segmented.SegmentedRaftLogWorker.run(SegmentedRaftLogWorker.java:289)
	at java.lang.Thread.run(Thread.java:748)
2019-09-26 15:13:38,697 [b3e939fd-eb36-468b-9efe-5d0a1fdaa172@group-8152E6A19D97-SegmentedRaftLogWorker] ERROR segmented.SegmentedRaftLogWorker (SegmentedRaftLogWorker.java:run(323)) - b3e939fd-eb36-468b-9efe-5d0a1fdaa172@group-8152E6A19D97-SegmentedRaftLogWorker hit exception
java.lang.OutOfMemoryError: Direct buffer memory
	at java.nio.Bits.reserveMemory(Bits.java:666)
	at java.nio.DirectByteBuffer.<init>(DirectByteBuffer.java:123)
	at java.nio.ByteBuffer.allocateDirect(ByteBuffer.java:311)
	at org.apache.ratis.server.raftlog.segmented.BufferedWriteChannel.<init>(BufferedWriteChannel.java:41)
	at org.apache.ratis.server.raftlog.segmented.SegmentedRaftLogOutputStream.<init>(SegmentedRaftLogOutputStream.java:72)
	at org.apache.ratis.server.raftlog.segmented.SegmentedRaftLogWorker$StartLogSegment.execute(SegmentedRaftLogWorker.java:566)
	at org.apache.ratis.server.raftlog.segmented.SegmentedRaftLogWorker.run(SegmentedRaftLogWorker.java:289)
	at java.lang.Thread.run(Thread.java:748)
2019-09-26 15:13:39,185 [b3e939fd-eb36-468b-9efe-5d0a1fdaa172@group-8152E6A19D97-SegmentedRaftLogWorker] INFO  impl.RaftServerImpl (RaftServerImpl.java:lambda$shutdown$3(251)) - b3e939fd-eb36-468b-9efe-5d0a1fdaa172@group-8152E6A19D97: shutdown
2019-09-26 15:13:38,697 [b3e939fd-eb36-468b-9efe-5d0a1fdaa172@group-62721CB6E9BE-SegmentedRaftLogWorker] ERROR segmented.SegmentedRaftLogWorker (SegmentedRaftLogWorker.java:run(323)) - b3e939fd-eb36-468b-9efe-5d0a1fdaa172@group-62721CB6E9BE-SegmentedRaftLogWorker hit exception
java.lang.OutOfMemoryError: Direct buffer memory
	at java.nio.Bits.reserveMemory(Bits.java:666)
	at java.nio.DirectByteBuffer.<init>(DirectByteBuffer.java:123)
	at java.nio.ByteBuffer.allocateDirect(ByteBuffer.java:311)
	at org.apache.ratis.server.raftlog.segmented.BufferedWriteChannel.<init>(BufferedWriteChannel.java:41)
	at org.apache.ratis.server.raftlog.segmented.SegmentedRaftLogOutputStream.<init>(SegmentedRaftLogOutputStream.java:72)
	at org.apache.ratis.server.raftlog.segmented.SegmentedRaftLogWorker$StartLogSegment.execute(SegmentedRaftLogWorker.java:566)
	at org.apache.ratis.server.raftlog.segmented.SegmentedRaftLogWorker.run(SegmentedRaftLogWorker.java:289)
	at java.lang.Thread.run(Thread.java:748)
2019-09-26 15:13:39,185 [b3e939fd-eb36-468b-9efe-5d0a1fdaa172@group-62721CB6E9BE-SegmentedRaftLogWorker] INFO  impl.RaftServerImpl (RaftServerImpl.java:lambda$shutdown$3(251)) - b3e939fd-eb36-468b-9efe-5d0a1fdaa172@group-62721CB6E9BE: shutdown
2019-09-26 15:13:38,697 [b3e939fd-eb36-468b-9efe-5d0a1fdaa172@group-CB05FC8C1EB7-SegmentedRaftLogWorker] ERROR segmented.SegmentedRaftLogWorker (SegmentedRaftLogWorker.java:run(323)) - b3e939fd-eb36-468b-9efe-5d0a1fdaa172@group-CB05FC8C1EB7-SegmentedRaftLogWorker hit exception
java.lang.OutOfMemoryError: Direct buffer memory
	at java.nio.Bits.reserveMemory(Bits.java:666)
	at java.nio.DirectByteBuffer.<init>(DirectByteBuffer.java:123)
	at java.nio.ByteBuffer.allocateDirect(ByteBuffer.java:311)
	at org.apache.ratis.server.raftlog.segmented.BufferedWriteChannel.<init>(BufferedWriteChannel.java:41)
	at org.apache.ratis.server.raftlog.segmented.SegmentedRaftLogOutputStream.<init>(SegmentedRaftLogOutputStream.java:72)
	at org.apache.ratis.server.raftlog.segmented.SegmentedRaftLogWorker$StartLogSegment.execute(SegmentedRaftLogWorker.java:566)
	at org.apache.ratis.server.raftlog.segmented.SegmentedRaftLogWorker.run(SegmentedRaftLogWorker.java:289)
	at java.lang.Thread.run(Thread.java:748)
2019-09-26 15:13:38,697 [b3e939fd-eb36-468b-9efe-5d0a1fdaa172@group-5D100605878C-SegmentedRaftLogWorker] ERROR segmented.SegmentedRaftLogWorker (SegmentedRaftLogWorker.java:run(323)) - b3e939fd-eb36-468b-9efe-5d0a1fdaa172@group-5D100605878C-SegmentedRaftLogWorker hit exception
java.lang.OutOfMemoryError: Direct buffer memory
	at java.nio.Bits.reserveMemory(Bits.java:666)
	at java.nio.DirectByteBuffer.<init>(DirectByteBuffer.java:123)
	at java.nio.ByteBuffer.allocateDirect(ByteBuffer.java:311)
	at org.apache.ratis.server.raftlog.segmented.BufferedWriteChannel.<init>(BufferedWriteChannel.java:41)
	at org.apache.ratis.server.raftlog.segmented.SegmentedRaftLogOutputStream.<init>(SegmentedRaftLogOutputStream.java:72)
	at org.apache.ratis.server.raftlog.segmented.SegmentedRaftLogWorker$StartLogSegment.execute(SegmentedRaftLogWorker.java:566)
	at org.apache.ratis.server.raftlog.segmented.SegmentedRaftLogWorker.run(SegmentedRaftLogWorker.java:289)
	at java.lang.Thread.run(Thread.java:748)
2019-09-26 15:13:39,185 [b3e939fd-eb36-468b-9efe-5d0a1fdaa172@group-5D100605878C-SegmentedRaftLogWorker] INFO  impl.RaftServerImpl (RaftServerImpl.java:lambda$shutdown$3(251)) - b3e939fd-eb36-468b-9efe-5d0a1fdaa172@group-5D100605878C: shutdown
2019-09-26 15:13:38,697 [b3e939fd-eb36-468b-9efe-5d0a1fdaa172@group-0D1607784BB5-SegmentedRaftLogWorker] ERROR segmented.SegmentedRaftLogWorker (SegmentedRaftLogWorker.java:run(323)) - b3e939fd-eb36-468b-9efe-5d0a1fdaa172@group-0D1607784BB5-SegmentedRaftLogWorker hit exception
java.lang.OutOfMemoryError: Direct buffer memory
	at java.nio.Bits.reserveMemory(Bits.java:666)
	at java.nio.DirectByteBuffer.<init>(DirectByteBuffer.java:123)
	at java.nio.ByteBuffer.allocateDirect(ByteBuffer.java:311)
	at org.apache.ratis.server.raftlog.segmented.BufferedWriteChannel.<init>(BufferedWriteChannel.java:41)
	at org.apache.ratis.server.raftlog.segmented.SegmentedRaftLogOutputStream.<init>(SegmentedRaftLogOutputStream.java:72)
	at org.apache.ratis.server.raftlog.segmented.SegmentedRaftLogWorker$StartLogSegment.execute(SegmentedRaftLogWorker.java:566)
	at org.apache.ratis.server.raftlog.segmented.SegmentedRaftLogWorker.run(SegmentedRaftLogWorker.java:289)
	at java.lang.Thread.run(Thread.java:748)
2019-09-26 15:13:39,186 [b3e939fd-eb36-468b-9efe-5d0a1fdaa172@group-0D1607784BB5-SegmentedRaftLogWorker] INFO  impl.RaftServerImpl (RaftServerImpl.java:lambda$shutdown$3(251)) - b3e939fd-eb36-468b-9efe-5d0a1fdaa172@group-0D1607784BB5: shutdown
2019-09-26 15:13:39,186 [b3e939fd-eb36-468b-9efe-5d0a1fdaa172@group-8ABA77F86B69-SegmentedRaftLogWorker] INFO  util.JmxRegister (JmxRegister.java:unregister(73)) - Successfully un-registered JMX Bean with object name Ratis:service=RaftServer,group=group-8ABA77F86B69,id=b3e939fd-eb36-468b-9efe-5d0a1fdaa172
2019-09-26 15:13:39,186 [b3e939fd-eb36-468b-9efe-5d0a1fdaa172@group-8ABA77F86B69-SegmentedRaftLogWorker] INFO  impl.RoleInfo (RoleInfo.java:shutdownLeaderState(104)) - b3e939fd-eb36-468b-9efe-5d0a1fdaa172: shutdown LeaderState
2019-09-26 15:13:39,186 [b3e939fd-eb36-468b-9efe-5d0a1fdaa172@group-8ABA77F86B69-SegmentedRaftLogWorker] INFO  impl.PendingRequests (PendingRequests.java:sendNotLeaderResponses(202)) - b3e939fd-eb36-468b-9efe-5d0a1fdaa172-PendingRequests: sendNotLeaderResponses
2019-09-26 15:13:38,697 [b3e939fd-eb36-468b-9efe-5d0a1fdaa172@group-D829294084A7-SegmentedRaftLogWorker] ERROR segmented.SegmentedRaftLogWorker (SegmentedRaftLogWorker.java:run(323)) - b3e939fd-eb36-468b-9efe-5d0a1fdaa172@group-D829294084A7-SegmentedRaftLogWorker hit exception
java.lang.OutOfMemoryError: Direct buffer memory
	at java.nio.Bits.reserveMemory(Bits.java:666)
	at java.nio.DirectByteBuffer.<init>(DirectByteBuffer.java:123)
	at java.nio.ByteBuffer.allocateDirect(ByteBuffer.java:311)
	at org.apache.ratis.server.raftlog.segmented.BufferedWriteChannel.<init>(BufferedWriteChannel.java:41)
	at org.apache.ratis.server.raftlog.segmented.SegmentedRaftLogOutputStream.<init>(SegmentedRaftLogOutputStream.java:72)
	at org.apache.ratis.server.raftlog.segmented.SegmentedRaftLogWorker$StartLogSegment.execute(SegmentedRaftLogWorker.java:566)
	at org.apache.ratis.server.raftlog.segmented.SegmentedRaftLogWorker.run(SegmentedRaftLogWorker.java:289)
	at java.lang.Thread.run(Thread.java:748)
2019-09-26 15:13:38,697 [b3e939fd-eb36-468b-9efe-5d0a1fdaa172@group-C91B064953F8-SegmentedRaftLogWorker] ERROR segmented.SegmentedRaftLogWorker (SegmentedRaftLogWorker.java:run(323)) - b3e939fd-eb36-468b-9efe-5d0a1fdaa172@group-C91B064953F8-SegmentedRaftLogWorker hit exception
java.lang.OutOfMemoryError: Direct buffer memory
	at java.nio.Bits.reserveMemory(Bits.java:666)
	at java.nio.DirectByteBuffer.<init>(DirectByteBuffer.java:123)
	at java.nio.ByteBuffer.allocateDirect(ByteBuffer.java:311)
	at org.apache.ratis.server.raftlog.segmented.BufferedWriteChannel.<init>(BufferedWriteChannel.java:41)
	at org.apache.ratis.server.raftlog.segmented.SegmentedRaftLogOutputStream.<init>(SegmentedRaftLogOutputStream.java:72)
	at org.apache.ratis.server.raftlog.segmented.SegmentedRaftLogWorker$StartLogSegment.execute(SegmentedRaftLogWorker.java:566)
	at org.apache.ratis.server.raftlog.segmented.SegmentedRaftLogWorker.run(SegmentedRaftLogWorker.java:289)
	at java.lang.Thread.run(Thread.java:748)
2019-09-26 15:13:38,697 [b3e939fd-eb36-468b-9efe-5d0a1fdaa172@group-EDB6546B42A1-SegmentedRaftLogWorker] ERROR segmented.SegmentedRaftLogWorker (SegmentedRaftLogWorker.java:run(323)) - b3e939fd-eb36-468b-9efe-5d0a1fdaa172@group-EDB6546B42A1-SegmentedRaftLogWorker hit exception
java.lang.OutOfMemoryError: Direct buffer memory
	at java.nio.Bits.reserveMemory(Bits.java:666)
	at java.nio.DirectByteBuffer.<init>(DirectByteBuffer.java:123)
	at java.nio.ByteBuffer.allocateDirect(ByteBuffer.java:311)
	at org.apache.ratis.server.raftlog.segmented.BufferedWriteChannel.<init>(BufferedWriteChannel.java:41)
	at org.apache.ratis.server.raftlog.segmented.SegmentedRaftLogOutputStream.<init>(SegmentedRaftLogOutputStream.java:72)
	at org.apache.ratis.server.raftlog.segmented.SegmentedRaftLogWorker$StartLogSegment.execute(SegmentedRaftLogWorker.java:566)
	at org.apache.ratis.server.raftlog.segmented.SegmentedRaftLogWorker.run(SegmentedRaftLogWorker.java:289)
	at java.lang.Thread.run(Thread.java:748)
2019-09-26 15:13:38,697 [b3e939fd-eb36-468b-9efe-5d0a1fdaa172@group-7F4E2958F83B-SegmentedRaftLogWorker] ERROR segmented.SegmentedRaftLogWorker (SegmentedRaftLogWorker.java:run(323)) - b3e939fd-eb36-468b-9efe-5d0a1fdaa172@group-7F4E2958F83B-SegmentedRaftLogWorker hit exception
java.lang.OutOfMemoryError: Direct buffer memory
	at java.nio.Bits.reserveMemory(Bits.java:666)
	at java.nio.DirectByteBuffer.<init>(DirectByteBuffer.java:123)
	at java.nio.ByteBuffer.allocateDirect(ByteBuffer.java:311)
	at org.apache.ratis.server.raftlog.segmented.BufferedWriteChannel.<init>(BufferedWriteChannel.java:41)
	at org.apache.ratis.server.raftlog.segmented.SegmentedRaftLogOutputStream.<init>(SegmentedRaftLogOutputStream.java:72)
	at org.apache.ratis.server.raftlog.segmented.SegmentedRaftLogWorker$StartLogSegment.execute(SegmentedRaftLogWorker.java:566)
	at org.apache.ratis.server.raftlog.segmented.SegmentedRaftLogWorker.run(SegmentedRaftLogWorker.java:289)
	at java.lang.Thread.run(Thread.java:748)
2019-09-26 15:13:39,187 [b3e939fd-eb36-468b-9efe-5d0a1fdaa172@group-7F4E2958F83B-SegmentedRaftLogWorker] INFO  impl.RaftServerImpl (RaftServerImpl.java:lambda$shutdown$3(251)) - b3e939fd-eb36-468b-9efe-5d0a1fdaa172@group-7F4E2958F83B: shutdown
2019-09-26 15:13:38,697 [b3e939fd-eb36-468b-9efe-5d0a1fdaa172@group-B8BD40BC5605-SegmentedRaftLogWorker] ERROR segmented.SegmentedRaftLogWorker (SegmentedRaftLogWorker.java:run(323)) - b3e939fd-eb36-468b-9efe-5d0a1fdaa172@group-B8BD40BC5605-SegmentedRaftLogWorker hit exception
java.lang.OutOfMemoryError: Direct buffer memory
	at java.nio.Bits.reserveMemory(Bits.java:666)
	at java.nio.DirectByteBuffer.<init>(DirectByteBuffer.java:123)
	at java.nio.ByteBuffer.allocateDirect(ByteBuffer.java:311)
	at org.apache.ratis.server.raftlog.segmented.BufferedWriteChannel.<init>(BufferedWriteChannel.java:41)
	at org.apache.ratis.server.raftlog.segmented.SegmentedRaftLogOutputStream.<init>(SegmentedRaftLogOutputStream.java:72)
	at org.apache.ratis.server.raftlog.segmented.SegmentedRaftLogWorker$StartLogSegment.execute(SegmentedRaftLogWorker.java:566)
	at org.apache.ratis.server.raftlog.segmented.SegmentedRaftLogWorker.run(SegmentedRaftLogWorker.java:289)
	at java.lang.Thread.run(Thread.java:748)
2019-09-26 15:13:39,187 [b3e939fd-eb36-468b-9efe-5d0a1fdaa172@group-B8BD40BC5605-SegmentedRaftLogWorker] INFO  impl.RaftServerImpl (RaftServerImpl.java:lambda$shutdown$3(251)) - b3e939fd-eb36-468b-9efe-5d0a1fdaa172@group-B8BD40BC5605: shutdown
2019-09-26 15:13:38,697 [b3e939fd-eb36-468b-9efe-5d0a1fdaa172@group-CF8139000EF1-SegmentedRaftLogWorker] ERROR segmented.SegmentedRaftLogWorker (SegmentedRaftLogWorker.java:run(323)) - b3e939fd-eb36-468b-9efe-5d0a1fdaa172@group-CF8139000EF1-SegmentedRaftLogWorker hit exception
java.lang.OutOfMemoryError: Direct buffer memory
	at java.nio.Bits.reserveMemory(Bits.java:666)
	at java.nio.DirectByteBuffer.<init>(DirectByteBuffer.java:123)
	at java.nio.ByteBuffer.allocateDirect(ByteBuffer.java:311)
	at org.apache.ratis.server.raftlog.segmented.BufferedWriteChannel.<init>(BufferedWriteChannel.java:41)
	at org.apache.ratis.server.raftlog.segmented.SegmentedRaftLogOutputStream.<init>(SegmentedRaftLogOutputStream.java:72)
	at org.apache.ratis.server.raftlog.segmented.SegmentedRaftLogWorker$StartLogSegment.execute(SegmentedRaftLogWorker.java:566)
	at org.apache.ratis.server.raftlog.segmented.SegmentedRaftLogWorker.run(SegmentedRaftLogWorker.java:289)
	at java.lang.Thread.run(Thread.java:748)
2019-09-26 15:13:38,697 [b3e939fd-eb36-468b-9efe-5d0a1fdaa172@group-17591B66EB53-SegmentedRaftLogWorker] ERROR segmented.SegmentedRaftLogWorker (SegmentedRaftLogWorker.java:run(323)) - b3e939fd-eb36-468b-9efe-5d0a1fdaa172@group-17591B66EB53-SegmentedRaftLogWorker hit exception
java.lang.OutOfMemoryError: Direct buffer memory
	at java.nio.Bits.reserveMemory(Bits.java:666)
	at java.nio.DirectByteBuffer.<init>(DirectByteBuffer.java:123)
	at java.nio.ByteBuffer.allocateDirect(ByteBuffer.java:311)
	at org.apache.ratis.server.raftlog.segmented.BufferedWriteChannel.<init>(BufferedWriteChannel.java:41)
	at org.apache.ratis.server.raftlog.segmented.SegmentedRaftLogOutputStream.<init>(SegmentedRaftLogOutputStream.java:72)
	at org.apache.ratis.server.raftlog.segmented.SegmentedRaftLogWorker$StartLogSegment.execute(SegmentedRaftLogWorker.java:566)
	at org.apache.ratis.server.raftlog.segmented.SegmentedRaftLogWorker.run(SegmentedRaftLogWorker.java:289)
	at java.lang.Thread.run(Thread.java:748)
2019-09-26 15:13:38,697 [b3e939fd-eb36-468b-9efe-5d0a1fdaa172@group-726852ADE118-SegmentedRaftLogWorker] ERROR segmented.SegmentedRaftLogWorker (SegmentedRaftLogWorker.java:run(323)) - b3e939fd-eb36-468b-9efe-5d0a1fdaa172@group-726852ADE118-SegmentedRaftLogWorker hit exception
java.lang.OutOfMemoryError: Direct buffer memory
	at java.nio.Bits.reserveMemory(Bits.java:666)
	at java.nio.DirectByteBuffer.<init>(DirectByteBuffer.java:123)
	at java.nio.ByteBuffer.allocateDirect(ByteBuffer.java:311)
	at org.apache.ratis.server.raftlog.segmented.BufferedWriteChannel.<init>(BufferedWriteChannel.java:41)
	at org.apache.ratis.server.raftlog.segmented.SegmentedRaftLogOutputStream.<init>(SegmentedRaftLogOutputStream.java:72)
	at org.apache.ratis.server.raftlog.segmented.SegmentedRaftLogWorker$StartLogSegment.execute(SegmentedRaftLogWorker.java:566)
	at org.apache.ratis.server.raftlog.segmented.SegmentedRaftLogWorker.run(SegmentedRaftLogWorker.java:289)
	at java.lang.Thread.run(Thread.java:748)
2019-09-26 15:13:39,188 [b3e939fd-eb36-468b-9efe-5d0a1fdaa172@group-726852ADE118-SegmentedRaftLogWorker] INFO  impl.RaftServerImpl (RaftServerImpl.java:lambda$shutdown$3(251)) - b3e939fd-eb36-468b-9efe-5d0a1fdaa172@group-726852ADE118: shutdown
2019-09-26 15:13:39,188 [b3e939fd-eb36-468b-9efe-5d0a1fdaa172@group-B8BD40BC5605-SegmentedRaftLogWorker] INFO  util.JmxRegister (JmxRegister.java:unregister(73)) - Successfully un-registered JMX Bean with object name Ratis:service=RaftServer,group=group-B8BD40BC5605,id=b3e939fd-eb36-468b-9efe-5d0a1fdaa172
2019-09-26 15:13:39,188 [b3e939fd-eb36-468b-9efe-5d0a1fdaa172@group-B8BD40BC5605-SegmentedRaftLogWorker] INFO  impl.RoleInfo (RoleInfo.java:shutdownLeaderState(104)) - b3e939fd-eb36-468b-9efe-5d0a1fdaa172: shutdown LeaderState
2019-09-26 15:13:39,189 [b3e939fd-eb36-468b-9efe-5d0a1fdaa172@group-B8BD40BC5605-SegmentedRaftLogWorker] INFO  impl.PendingRequests (PendingRequests.java:sendNotLeaderResponses(202)) - b3e939fd-eb36-468b-9efe-5d0a1fdaa172-PendingRequests: sendNotLeaderResponses
2019-09-26 15:13:38,697 [b3e939fd-eb36-468b-9efe-5d0a1fdaa172@group-D8D26DDCCD10-SegmentedRaftLogWorker] ERROR segmented.SegmentedRaftLogWorker (SegmentedRaftLogWorker.java:run(323)) - b3e939fd-eb36-468b-9efe-5d0a1fdaa172@group-D8D26DDCCD10-SegmentedRaftLogWorker hit exception
java.lang.OutOfMemoryError: Direct buffer memory
	at java.nio.Bits.reserveMemory(Bits.java:666)
	at java.nio.DirectByteBuffer.<init>(DirectByteBuffer.java:123)
	at java.nio.ByteBuffer.allocateDirect(ByteBuffer.java:311)
	at org.apache.ratis.server.raftlog.segmented.BufferedWriteChannel.<init>(BufferedWriteChannel.java:41)
	at org.apache.ratis.server.raftlog.segmented.SegmentedRaftLogOutputStream.<init>(SegmentedRaftLogOutputStream.java:72)
	at org.apache.ratis.server.raftlog.segmented.SegmentedRaftLogWorker$StartLogSegment.execute(SegmentedRaftLogWorker.java:566)
	at org.apache.ratis.server.raftlog.segmented.SegmentedRaftLogWorker.run(SegmentedRaftLogWorker.java:289)
	at java.lang.Thread.run(Thread.java:748)
2019-09-26 15:13:39,189 [b3e939fd-eb36-468b-9efe-5d0a1fdaa172@group-D8D26DDCCD10-SegmentedRaftLogWorker] INFO  impl.RaftServerImpl (RaftServerImpl.java:lambda$shutdown$3(251)) - b3e939fd-eb36-468b-9efe-5d0a1fdaa172@group-D8D26DDCCD10: shutdown
2019-09-26 15:13:38,439 [b3e939fd-eb36-468b-9efe-5d0a1fdaa172@group-9B7D74F6726A:LeaderElection222] INFO  impl.RaftServerImpl (ServerState.java:setRaftConf(354)) - b3e939fd-eb36-468b-9efe-5d0a1fdaa172@group-9B7D74F6726A: set configuration 0: [b3e939fd-eb36-468b-9efe-5d0a1fdaa172:192.168.151.99:45433], old=null at 0
2019-09-26 15:13:38,439 [b3e939fd-eb36-468b-9efe-5d0a1fdaa172@group-2969446FDAA8:LeaderElection205] INFO  server.RaftServerConfigKeys (ConfUtils.java:logGet(43)) - raft.server.watch.element-limit = 65536 (default)
2019-09-26 15:13:38,438 [b3e939fd-eb36-468b-9efe-5d0a1fdaa172@group-0CA234018F8C:LeaderElection238] INFO  server.RaftServerConfigKeys (ConfUtils.java:logGet(43)) - raft.server.watch.element-limit = 65536 (default)
2019-09-26 15:13:38,438 [b3e939fd-eb36-468b-9efe-5d0a1fdaa172@group-778C63AA011E:LeaderElection219] INFO  server.RaftServerConfigKeys (ConfUtils.java:logGet(43)) - raft.server.watch.element-limit = 65536 (default)
2019-09-26 15:13:38,438 [b3e939fd-eb36-468b-9efe-5d0a1fdaa172@group-270C29ADC77F:LeaderElection210] INFO  server.RaftServerConfigKeys (ConfUtils.java:logGet(43)) - raft.server.watch.element-limit = 65536 (default)
2019-09-26 15:13:38,438 [Thread-1086] INFO  impl.RoleInfo (RoleInfo.java:updateAndGet(143)) - b3e939fd-eb36-468b-9efe-5d0a1fdaa172: start LeaderElection
2019-09-26 15:13:38,434 [b3e939fd-eb36-468b-9efe-5d0a1fdaa172@group-3B7C4B923211-SegmentedRaftLogWorker] ERROR segmented.SegmentedRaftLogWorker (SegmentedRaftLogWorker.java:run(323)) - b3e939fd-eb36-468b-9efe-5d0a1fdaa172@group-3B7C4B923211-SegmentedRaftLogWorker hit exception
java.lang.OutOfMemoryError: Direct buffer memory
	at java.nio.Bits.reserveMemory(Bits.java:666)
	at java.nio.DirectByteBuffer.<init>(DirectByteBuffer.java:123)
	at java.nio.ByteBuffer.allocateDirect(ByteBuffer.java:311)
	at org.apache.ratis.server.raftlog.segmented.BufferedWriteChannel.<init>(BufferedWriteChannel.java:41)
	at org.apache.ratis.server.raftlog.segmented.SegmentedRaftLogOutputStream.<init>(SegmentedRaftLogOutputStream.java:72)
	at org.apache.ratis.server.raftlog.segmented.SegmentedRaftLogWorker$StartLogSegment.execute(SegmentedRaftLogWorker.java:566)
	at org.apache.ratis.server.raftlog.segmented.SegmentedRaftLogWorker.run(SegmentedRaftLogWorker.java:289)
	at java.lang.Thread.run(Thread.java:748)
2019-09-26 15:13:39,190 [b3e939fd-eb36-468b-9efe-5d0a1fdaa172@group-3B7C4B923211-SegmentedRaftLogWorker] INFO  impl.RaftServerImpl (RaftServerImpl.java:lambda$shutdown$3(251)) - b3e939fd-eb36-468b-9efe-5d0a1fdaa172@group-3B7C4B923211: shutdown
2019-09-26 15:13:38,183 [Thread-1527] INFO  impl.RoleInfo (RoleInfo.java:updateAndGet(143)) - b3e939fd-eb36-468b-9efe-5d0a1fdaa172: start LeaderElection
2019-09-26 15:13:38,183 [b3e939fd-eb36-468b-9efe-5d0a1fdaa172@group-F6B43F86DCC6:LeaderElection242] INFO  impl.RaftServerImpl (ServerState.java:setRaftConf(354)) - b3e939fd-eb36-468b-9efe-5d0a1fdaa172@group-F6B43F86DCC6: set configuration 0: [b3e939fd-eb36-468b-9efe-5d0a1fdaa172:192.168.151.99:45433], old=null at 0
2019-09-26 15:13:38,183 [b3e939fd-eb36-468b-9efe-5d0a1fdaa172@group-3940D53E95A2:LeaderElection245] INFO  impl.RaftServerImpl (RaftServerImpl.java:setRole(174)) - b3e939fd-eb36-468b-9efe-5d0a1fdaa172@group-3940D53E95A2: changes role from CANDIDATE to LEADER at term 1 for changeToLeader
2019-09-26 15:13:38,182 [RatisPipelineUtilsThread] ERROR pipeline.PipelinePlacementPolicy (PipelinePlacementPolicy.java:filterViableNodes(130)) - Not enough healthy nodes to allocate pipeline. 3  datanodes required. Found 1
2019-09-26 15:13:38,180 [b3e939fd-eb36-468b-9efe-5d0a1fdaa172@group-1CB942701F5F:LeaderElection250] INFO  impl.RoleInfo (RoleInfo.java:shutdownLeaderElection(134)) - b3e939fd-eb36-468b-9efe-5d0a1fdaa172: shutdown LeaderElection
2019-09-26 15:13:38,180 [b3e939fd-eb36-468b-9efe-5d0a1fdaa172@group-FC1921472DFA:LeaderElection247] INFO  impl.RoleInfo (RoleInfo.java:shutdownLeaderElection(134)) - b3e939fd-eb36-468b-9efe-5d0a1fdaa172: shutdown LeaderElection
2019-09-26 15:13:38,179 [b3e939fd-eb36-468b-9efe-5d0a1fdaa172@group-A69ABA2706CB:LeaderElection252] INFO  impl.RoleInfo (RoleInfo.java:shutdownLeaderElection(134)) - b3e939fd-eb36-468b-9efe-5d0a1fdaa172: shutdown LeaderElection
2019-09-26 15:13:38,179 [b3e939fd-eb36-468b-9efe-5d0a1fdaa172@group-23B1075E3B4B:LeaderElection254] INFO  impl.RoleInfo (RoleInfo.java:shutdownLeaderElection(134)) - b3e939fd-eb36-468b-9efe-5d0a1fdaa172: shutdown LeaderElection
2019-09-26 15:13:38,179 [b3e939fd-eb36-468b-9efe-5d0a1fdaa172@group-7C3112672CFD:LeaderElection251] INFO  impl.RaftServerImpl (RaftServerImpl.java:setRole(174)) - b3e939fd-eb36-468b-9efe-5d0a1fdaa172@group-7C3112672CFD: changes role from CANDIDATE to LEADER at term 1 for changeToLeader
2019-09-26 15:13:38,179 [pool-27-thread-1] INFO  impl.RaftServerImpl (RaftServerImpl.java:start(185)) - b3e939fd-eb36-468b-9efe-5d0a1fdaa172@group-90AE5373EB22: start as a follower, conf=-1: [b3e939fd-eb36-468b-9efe-5d0a1fdaa172:192.168.151.99:45433], old=null
2019-09-26 15:13:38,179 [b3e939fd-eb36-468b-9efe-5d0a1fdaa172@group-C4FDEBA5923A:LeaderElection246] INFO  impl.RoleInfo (RoleInfo.java:shutdownLeaderElection(134)) - b3e939fd-eb36-468b-9efe-5d0a1fdaa172: shutdown LeaderElection
2019-09-26 15:13:38,179 [b3e939fd-eb36-468b-9efe-5d0a1fdaa172@group-4E868D6FA5B9:LeaderElection249] INFO  impl.RoleInfo (RoleInfo.java:shutdownLeaderElection(134)) - b3e939fd-eb36-468b-9efe-5d0a1fdaa172: shutdown LeaderElection
2019-09-26 15:13:38,179 [b3e939fd-eb36-468b-9efe-5d0a1fdaa172@group-C878FEE1AB22:LeaderElection253] INFO  impl.RoleInfo (RoleInfo.java:shutdownLeaderElection(134)) - b3e939fd-eb36-468b-9efe-5d0a1fdaa172: shutdown LeaderElection
2019-09-26 15:13:39,192 [b3e939fd-eb36-468b-9efe-5d0a1fdaa172@group-C878FEE1AB22:LeaderElection253] INFO  impl.RaftServerImpl (RaftServerImpl.java:setRole(174)) - b3e939fd-eb36-468b-9efe-5d0a1fdaa172@group-C878FEE1AB22: changes role from CANDIDATE to LEADER at term 1 for changeToLeader
2019-09-26 15:13:38,179 [b3e939fd-eb36-468b-9efe-5d0a1fdaa172@group-F5BF1B3E3E4A:LeaderElection248] INFO  impl.RaftServerImpl (RaftServerImpl.java:setRole(174)) - b3e939fd-eb36-468b-9efe-5d0a1fdaa172@group-F5BF1B3E3E4A: changes role from CANDIDATE to LEADER at term 1 for changeToLeader
2019-09-26 15:13:38,179 [Thread-1089] INFO  impl.RaftServerImpl (RaftServerImpl.java:setRole(174)) - b3e939fd-eb36-468b-9efe-5d0a1fdaa172@group-84D1E06F87C5: changes role from  FOLLOWER to CANDIDATE at term 0 for changeToCandidate
2019-09-26 15:13:39,193 [b3e939fd-eb36-468b-9efe-5d0a1fdaa172@group-F5BF1B3E3E4A:LeaderElection248] INFO  impl.RaftServerImpl (ServerState.java:setLeader(253)) - b3e939fd-eb36-468b-9efe-5d0a1fdaa172@group-F5BF1B3E3E4A: change Leader from null to b3e939fd-eb36-468b-9efe-5d0a1fdaa172 at term 1 for becomeLeader, leader elected after 9166ms
2019-09-26 15:13:39,192 [b3e939fd-eb36-468b-9efe-5d0a1fdaa172@group-C878FEE1AB22:LeaderElection253] INFO  impl.RaftServerImpl (ServerState.java:setLeader(253)) - b3e939fd-eb36-468b-9efe-5d0a1fdaa172@group-C878FEE1AB22: change Leader from null to b3e939fd-eb36-468b-9efe-5d0a1fdaa172 at term 1 for becomeLeader, leader elected after 7324ms
2019-09-26 15:13:39,192 [b3e939fd-eb36-468b-9efe-5d0a1fdaa172@group-3B7C4B923211-SegmentedRaftLogWorker] INFO  util.JmxRegister (JmxRegister.java:unregister(73)) - Successfully un-registered JMX Bean with object name Ratis:service=RaftServer,group=group-3B7C4B923211,id=b3e939fd-eb36-468b-9efe-5d0a1fdaa172
2019-09-26 15:13:39,193 [b3e939fd-eb36-468b-9efe-5d0a1fdaa172@group-3B7C4B923211-SegmentedRaftLogWorker] INFO  impl.RoleInfo (RoleInfo.java:shutdownLeaderState(104)) - b3e939fd-eb36-468b-9efe-5d0a1fdaa172: shutdown LeaderState
2019-09-26 15:13:39,192 [b3e939fd-eb36-468b-9efe-5d0a1fdaa172@group-4E868D6FA5B9:LeaderElection249] INFO  impl.RaftServerImpl (RaftServerImpl.java:setRole(174)) - b3e939fd-eb36-468b-9efe-5d0a1fdaa172@group-4E868D6FA5B9: changes role from CANDIDATE to LEADER at term 1 for changeToLeader
2019-09-26 15:13:39,192 [b3e939fd-eb36-468b-9efe-5d0a1fdaa172@group-C4FDEBA5923A:LeaderElection246] INFO  impl.RaftServerImpl (RaftServerImpl.java:setRole(174)) - b3e939fd-eb36-468b-9efe-5d0a1fdaa172@group-C4FDEBA5923A: changes role from CANDIDATE to LEADER at term 1 for changeToLeader
2019-09-26 15:13:39,192 [pool-27-thread-1] INFO  impl.RaftServerImpl (RaftServerImpl.java:setRole(174)) - b3e939fd-eb36-468b-9efe-5d0a1fdaa172@group-90AE5373EB22: changes role from      null to FOLLOWER at term 0 for startAsFollower
2019-09-26 15:13:39,192 [b3e939fd-eb36-468b-9efe-5d0a1fdaa172@group-7C3112672CFD:LeaderElection251] INFO  impl.RaftServerImpl (ServerState.java:setLeader(253)) - b3e939fd-eb36-468b-9efe-5d0a1fdaa172@group-7C3112672CFD: change Leader from null to b3e939fd-eb36-468b-9efe-5d0a1fdaa172 at term 1 for becomeLeader, leader elected after 12296ms
2019-09-26 15:13:39,192 [b3e939fd-eb36-468b-9efe-5d0a1fdaa172@group-23B1075E3B4B:LeaderElection254] INFO  impl.RaftServerImpl (RaftServerImpl.java:setRole(174)) - b3e939fd-eb36-468b-9efe-5d0a1fdaa172@group-23B1075E3B4B: changes role from CANDIDATE to LEADER at term 1 for changeToLeader
2019-09-26 15:13:39,192 [b3e939fd-eb36-468b-9efe-5d0a1fdaa172@group-A69ABA2706CB:LeaderElection252] INFO  impl.RaftServerImpl (RaftServerImpl.java:setRole(174)) - b3e939fd-eb36-468b-9efe-5d0a1fdaa172@group-A69ABA2706CB: changes role from CANDIDATE to LEADER at term 1 for changeToLeader
2019-09-26 15:13:39,191 [b3e939fd-eb36-468b-9efe-5d0a1fdaa172@group-FC1921472DFA:LeaderElection247] INFO  impl.RaftServerImpl (RaftServerImpl.java:setRole(174)) - b3e939fd-eb36-468b-9efe-5d0a1fdaa172@group-FC1921472DFA: changes role from CANDIDATE to LEADER at term 1 for changeToLeader
2019-09-26 15:13:39,191 [b3e939fd-eb36-468b-9efe-5d0a1fdaa172@group-1CB942701F5F:LeaderElection250] INFO  impl.RaftServerImpl (RaftServerImpl.java:setRole(174)) - b3e939fd-eb36-468b-9efe-5d0a1fdaa172@group-1CB942701F5F: changes role from CANDIDATE to LEADER at term 1 for changeToLeader
2019-09-26 15:13:39,191 [RatisPipelineUtilsThread] ERROR pipeline.SCMPipelineManager (SCMPipelineManager.java:createPipeline(167)) - Pipeline creation failed.
org.apache.hadoop.hdds.scm.exceptions.SCMException: Not enough healthy nodes to allocate pipeline. 3  datanodes required. Found 1
	at org.apache.hadoop.hdds.scm.pipeline.PipelinePlacementPolicy.filterViableNodes(PipelinePlacementPolicy.java:131)
	at org.apache.hadoop.hdds.scm.pipeline.PipelinePlacementPolicy.chooseDatanodes(PipelinePlacementPolicy.java:171)
	at org.apache.hadoop.hdds.scm.pipeline.RatisPipelineProvider.create(RatisPipelineProvider.java:93)
	at org.apache.hadoop.hdds.scm.pipeline.PipelineFactory.create(PipelineFactory.java:58)
	at org.apache.hadoop.hdds.scm.pipeline.SCMPipelineManager.createPipeline(SCMPipelineManager.java:155)
	at org.apache.hadoop.hdds.scm.pipeline.BackgroundPipelineCreator.createPipelines(BackgroundPipelineCreator.java:99)
	at org.apache.hadoop.hdds.scm.pipeline.BackgroundPipelineCreator.lambda$startFixedIntervalPipelineCreator$0(BackgroundPipelineCreator.java:70)
	at java.util.concurrent.Executors$RunnableAdapter.call(Executors.java:511)
	at java.util.concurrent.FutureTask.runAndReset(FutureTask.java:308)
	at java.util.concurrent.ScheduledThreadPoolExecutor$ScheduledFutureTask.access$301(ScheduledThreadPoolExecutor.java:180)
	at java.util.concurrent.ScheduledThreadPoolExecutor$ScheduledFutureTask.run(ScheduledThreadPoolExecutor.java:294)
	at java.util.concurrent.ThreadPoolExecutor.runWorker(ThreadPoolExecutor.java:1149)
	at java.util.concurrent.ThreadPoolExecutor$Worker.run(ThreadPoolExecutor.java:624)
	at java.lang.Thread.run(Thread.java:748)
2019-09-26 15:13:39,191 [b3e939fd-eb36-468b-9efe-5d0a1fdaa172@group-3940D53E95A2:LeaderElection245] INFO  impl.RaftServerImpl (ServerState.java:setLeader(253)) - b3e939fd-eb36-468b-9efe-5d0a1fdaa172@group-3940D53E95A2: change Leader from null to b3e939fd-eb36-468b-9efe-5d0a1fdaa172 at term 1 for becomeLeader, leader elected after 9239ms
2019-09-26 15:13:39,190 [b3e939fd-eb36-468b-9efe-5d0a1fdaa172@group-D8D26DDCCD10-SegmentedRaftLogWorker] INFO  util.JmxRegister (JmxRegister.java:unregister(73)) - Successfully un-registered JMX Bean with object name Ratis:service=RaftServer,group=group-D8D26DDCCD10,id=b3e939fd-eb36-468b-9efe-5d0a1fdaa172
2019-09-26 15:13:39,189 [b3e939fd-eb36-468b-9efe-5d0a1fdaa172@group-726852ADE118-SegmentedRaftLogWorker] INFO  util.JmxRegister (JmxRegister.java:unregister(73)) - Successfully un-registered JMX Bean with object name Ratis:service=RaftServer,group=group-726852ADE118,id=b3e939fd-eb36-468b-9efe-5d0a1fdaa172
2019-09-26 15:13:39,189 [b3e939fd-eb36-468b-9efe-5d0a1fdaa172@group-9F36EFB420F2:LeaderElection232] INFO  impl.RoleInfo (RoleInfo.java:updateAndGet(143)) - b3e939fd-eb36-468b-9efe-5d0a1fdaa172: start LeaderState
2019-09-26 15:13:39,189 [b3e939fd-eb36-468b-9efe-5d0a1fdaa172@group-B8BD40BC5605-SegmentedRaftLogWorker] INFO  impl.StateMachineUpdater (StateMachineUpdater.java:stopAndJoin(125)) - b3e939fd-eb36-468b-9efe-5d0a1fdaa172@group-B8BD40BC5605-StateMachineUpdater: set stopIndex = -1
2019-09-26 15:13:39,195 [b3e939fd-eb36-468b-9efe-5d0a1fdaa172@group-9F36EFB420F2:LeaderElection232] INFO  segmented.SegmentedRaftLogWorker (SegmentedRaftLogWorker.java:startLogSegment(380)) - b3e939fd-eb36-468b-9efe-5d0a1fdaa172@group-9F36EFB420F2-SegmentedRaftLogWorker: Starting segment from index:0
2019-09-26 15:13:39,188 [b3e939fd-eb36-468b-9efe-5d0a1fdaa172@group-7F4E2958F83B-SegmentedRaftLogWorker] INFO  util.JmxRegister (JmxRegister.java:unregister(73)) - Successfully un-registered JMX Bean with object name Ratis:service=RaftServer,group=group-7F4E2958F83B,id=b3e939fd-eb36-468b-9efe-5d0a1fdaa172
2019-09-26 15:13:39,195 [b3e939fd-eb36-468b-9efe-5d0a1fdaa172@group-7F4E2958F83B-SegmentedRaftLogWorker] INFO  impl.RoleInfo (RoleInfo.java:shutdownLeaderState(104)) - b3e939fd-eb36-468b-9efe-5d0a1fdaa172: shutdown LeaderState
2019-09-26 15:13:39,188 [b3e939fd-eb36-468b-9efe-5d0a1fdaa172@group-17591B66EB53-SegmentedRaftLogWorker] INFO  impl.RaftServerImpl (RaftServerImpl.java:lambda$shutdown$3(251)) - b3e939fd-eb36-468b-9efe-5d0a1fdaa172@group-17591B66EB53: shutdown
2019-09-26 15:13:39,188 [b3e939fd-eb36-468b-9efe-5d0a1fdaa172@group-CF8139000EF1-SegmentedRaftLogWorker] INFO  impl.RaftServerImpl (RaftServerImpl.java:lambda$shutdown$3(251)) - b3e939fd-eb36-468b-9efe-5d0a1fdaa172@group-CF8139000EF1: shutdown
2019-09-26 15:13:39,187 [b3e939fd-eb36-468b-9efe-5d0a1fdaa172@group-0D1607784BB5-SegmentedRaftLogWorker] INFO  util.JmxRegister (JmxRegister.java:unregister(73)) - Successfully un-registered JMX Bean with object name Ratis:service=RaftServer,group=group-0D1607784BB5,id=b3e939fd-eb36-468b-9efe-5d0a1fdaa172
2019-09-26 15:13:39,187 [b3e939fd-eb36-468b-9efe-5d0a1fdaa172@group-5D100605878C-SegmentedRaftLogWorker] INFO  util.JmxRegister (JmxRegister.java:unregister(73)) - Successfully un-registered JMX Bean with object name Ratis:service=RaftServer,group=group-5D100605878C,id=b3e939fd-eb36-468b-9efe-5d0a1fdaa172
2019-09-26 15:13:39,470 [b3e939fd-eb36-468b-9efe-5d0a1fdaa172@group-5D100605878C-SegmentedRaftLogWorker] INFO  impl.RoleInfo (RoleInfo.java:shutdownLeaderState(104)) - b3e939fd-eb36-468b-9efe-5d0a1fdaa172: shutdown LeaderState
2019-09-26 15:13:39,187 [b3e939fd-eb36-468b-9efe-5d0a1fdaa172@group-EDB6546B42A1-SegmentedRaftLogWorker] INFO  impl.RaftServerImpl (RaftServerImpl.java:lambda$shutdown$3(251)) - b3e939fd-eb36-468b-9efe-5d0a1fdaa172@group-EDB6546B42A1: shutdown
2019-09-26 15:13:39,187 [b3e939fd-eb36-468b-9efe-5d0a1fdaa172@group-62721CB6E9BE-SegmentedRaftLogWorker] INFO  util.JmxRegister (JmxRegister.java:unregister(73)) - Successfully un-registered JMX Bean with object name Ratis:service=RaftServer,group=group-62721CB6E9BE,id=b3e939fd-eb36-468b-9efe-5d0a1fdaa172
2019-09-26 15:13:39,470 [b3e939fd-eb36-468b-9efe-5d0a1fdaa172@group-62721CB6E9BE-SegmentedRaftLogWorker] INFO  impl.RoleInfo (RoleInfo.java:shutdownLeaderState(104)) - b3e939fd-eb36-468b-9efe-5d0a1fdaa172: shutdown LeaderState
2019-09-26 15:13:39,186 [b3e939fd-eb36-468b-9efe-5d0a1fdaa172@group-C91B064953F8-SegmentedRaftLogWorker] INFO  impl.RaftServerImpl (RaftServerImpl.java:lambda$shutdown$3(251)) - b3e939fd-eb36-468b-9efe-5d0a1fdaa172@group-C91B064953F8: shutdown
2019-09-26 15:13:39,186 [b3e939fd-eb36-468b-9efe-5d0a1fdaa172@group-D829294084A7-SegmentedRaftLogWorker] INFO  impl.RaftServerImpl (RaftServerImpl.java:lambda$shutdown$3(251)) - b3e939fd-eb36-468b-9efe-5d0a1fdaa172@group-D829294084A7: shutdown
2019-09-26 15:13:39,186 [b3e939fd-eb36-468b-9efe-5d0a1fdaa172@group-8ABA77F86B69-SegmentedRaftLogWorker] INFO  impl.StateMachineUpdater (StateMachineUpdater.java:stopAndJoin(125)) - b3e939fd-eb36-468b-9efe-5d0a1fdaa172@group-8ABA77F86B69-StateMachineUpdater: set stopIndex = -1
2019-09-26 15:13:39,186 [b3e939fd-eb36-468b-9efe-5d0a1fdaa172@group-8152E6A19D97-SegmentedRaftLogWorker] INFO  util.JmxRegister (JmxRegister.java:unregister(73)) - Successfully un-registered JMX Bean with object name Ratis:service=RaftServer,group=group-8152E6A19D97,id=b3e939fd-eb36-468b-9efe-5d0a1fdaa172
2019-09-26 15:13:39,186 [b3e939fd-eb36-468b-9efe-5d0a1fdaa172@group-8B05B049A6AC-SegmentedRaftLogWorker] INFO  util.JmxRegister (JmxRegister.java:unregister(73)) - Successfully un-registered JMX Bean with object name Ratis:service=RaftServer,group=group-8B05B049A6AC,id=b3e939fd-eb36-468b-9efe-5d0a1fdaa172
2019-09-26 15:13:39,185 [b3e939fd-eb36-468b-9efe-5d0a1fdaa172@group-CB05FC8C1EB7-SegmentedRaftLogWorker] INFO  impl.RaftServerImpl (RaftServerImpl.java:lambda$shutdown$3(251)) - b3e939fd-eb36-468b-9efe-5d0a1fdaa172@group-CB05FC8C1EB7: shutdown
2019-09-26 15:13:39,184 [b3e939fd-eb36-468b-9efe-5d0a1fdaa172@group-4282880CA77F-SegmentedRaftLogWorker] INFO  impl.RaftServerImpl (RaftServerImpl.java:lambda$shutdown$3(251)) - b3e939fd-eb36-468b-9efe-5d0a1fdaa172@group-4282880CA77F: shutdown
2019-09-26 15:13:39,184 [b3e939fd-eb36-468b-9efe-5d0a1fdaa172@group-28CF379EBB19-SegmentedRaftLogWorker] INFO  impl.RaftServerImpl (RaftServerImpl.java:lambda$shutdown$3(251)) - b3e939fd-eb36-468b-9efe-5d0a1fdaa172@group-28CF379EBB19: shutdown
2019-09-26 15:13:39,183 [b3e939fd-eb36-468b-9efe-5d0a1fdaa172@group-336DB84C1351:LeaderElection255] INFO  impl.RoleInfo (RoleInfo.java:shutdownLeaderElection(134)) - b3e939fd-eb36-468b-9efe-5d0a1fdaa172: shutdown LeaderElection
2019-09-26 15:13:39,471 [b3e939fd-eb36-468b-9efe-5d0a1fdaa172@group-336DB84C1351:LeaderElection255] INFO  impl.RaftServerImpl (RaftServerImpl.java:setRole(174)) - b3e939fd-eb36-468b-9efe-5d0a1fdaa172@group-336DB84C1351: changes role from CANDIDATE to LEADER at term 1 for changeToLeader
2019-09-26 15:13:38,957 [b3e939fd-eb36-468b-9efe-5d0a1fdaa172@group-AD8F5DA59BC3:LeaderElection207] INFO  segmented.SegmentedRaftLogWorker (SegmentedRaftLogWorker.java:startLogSegment(380)) - b3e939fd-eb36-468b-9efe-5d0a1fdaa172@group-AD8F5DA59BC3-SegmentedRaftLogWorker: Starting segment from index:0
2019-09-26 15:13:38,957 [b3e939fd-eb36-468b-9efe-5d0a1fdaa172@group-AFE7DB0113F1:LeaderElection200] INFO  impl.RaftServerImpl (ServerState.java:setRaftConf(354)) - b3e939fd-eb36-468b-9efe-5d0a1fdaa172@group-AFE7DB0113F1: set configuration 0: [b3e939fd-eb36-468b-9efe-5d0a1fdaa172:192.168.151.99:45433], old=null at 0
2019-09-26 15:13:39,471 [b3e939fd-eb36-468b-9efe-5d0a1fdaa172@group-336DB84C1351:LeaderElection255] INFO  impl.RaftServerImpl (ServerState.java:setLeader(253)) - b3e939fd-eb36-468b-9efe-5d0a1fdaa172@group-336DB84C1351: change Leader from null to b3e939fd-eb36-468b-9efe-5d0a1fdaa172 at term 1 for becomeLeader, leader elected after 12459ms
2019-09-26 15:13:39,471 [b3e939fd-eb36-468b-9efe-5d0a1fdaa172@group-17591B66EB53-SegmentedRaftLogWorker] INFO  util.JmxRegister (JmxRegister.java:unregister(73)) - Successfully un-registered JMX Bean with object name Ratis:service=RaftServer,group=group-17591B66EB53,id=b3e939fd-eb36-468b-9efe-5d0a1fdaa172
2019-09-26 15:13:39,470 [b3e939fd-eb36-468b-9efe-5d0a1fdaa172@group-8B05B049A6AC-SegmentedRaftLogWorker] INFO  impl.RoleInfo (RoleInfo.java:shutdownLeaderState(104)) - b3e939fd-eb36-468b-9efe-5d0a1fdaa172: shutdown LeaderState
2019-09-26 15:13:39,470 [b3e939fd-eb36-468b-9efe-5d0a1fdaa172@group-8152E6A19D97-SegmentedRaftLogWorker] INFO  impl.RoleInfo (RoleInfo.java:shutdownLeaderState(104)) - b3e939fd-eb36-468b-9efe-5d0a1fdaa172: shutdown LeaderState
2019-09-26 15:13:39,470 [b3e939fd-eb36-468b-9efe-5d0a1fdaa172@group-8ABA77F86B69-SegmentedRaftLogWorker] INFO  impl.RaftServerImpl (ServerState.java:close(385)) - b3e939fd-eb36-468b-9efe-5d0a1fdaa172@group-8ABA77F86B69: closes. applyIndex: -1
2019-09-26 15:13:39,470 [b3e939fd-eb36-468b-9efe-5d0a1fdaa172@group-62721CB6E9BE-SegmentedRaftLogWorker] INFO  impl.PendingRequests (PendingRequests.java:sendNotLeaderResponses(202)) - b3e939fd-eb36-468b-9efe-5d0a1fdaa172-PendingRequests: sendNotLeaderResponses
2019-09-26 15:13:39,470 [b3e939fd-eb36-468b-9efe-5d0a1fdaa172@group-5D100605878C-SegmentedRaftLogWorker] INFO  impl.PendingRequests (PendingRequests.java:sendNotLeaderResponses(202)) - b3e939fd-eb36-468b-9efe-5d0a1fdaa172-PendingRequests: sendNotLeaderResponses
2019-09-26 15:13:39,469 [b3e939fd-eb36-468b-9efe-5d0a1fdaa172@group-0D1607784BB5-SegmentedRaftLogWorker] INFO  impl.RoleInfo (RoleInfo.java:shutdownLeaderState(104)) - b3e939fd-eb36-468b-9efe-5d0a1fdaa172: shutdown LeaderState
2019-09-26 15:13:39,469 [b3e939fd-eb36-468b-9efe-5d0a1fdaa172@group-9F36EFB420F2:LeaderElection232] INFO  impl.RaftServerImpl (ServerState.java:setRaftConf(354)) - b3e939fd-eb36-468b-9efe-5d0a1fdaa172@group-9F36EFB420F2: set configuration 0: [b3e939fd-eb36-468b-9efe-5d0a1fdaa172:192.168.151.99:45433], old=null at 0
2019-09-26 15:13:39,469 [b3e939fd-eb36-468b-9efe-5d0a1fdaa172@group-B8A18754ECB2:LeaderElection257] INFO  impl.LeaderElection (LeaderElection.java:askForVotes(182)) - b3e939fd-eb36-468b-9efe-5d0a1fdaa172@group-B8A18754ECB2:LeaderElection257: begin an election at term 1 for -1: [b3e939fd-eb36-468b-9efe-5d0a1fdaa172:192.168.151.99:45433], old=null
2019-09-26 15:13:39,469 [b3e939fd-eb36-468b-9efe-5d0a1fdaa172@group-5C744E83DB9A:LeaderElection256] INFO  impl.LeaderElection (LeaderElection.java:askForVotes(182)) - b3e939fd-eb36-468b-9efe-5d0a1fdaa172@group-5C744E83DB9A:LeaderElection256: begin an election at term 1 for -1: [b3e939fd-eb36-468b-9efe-5d0a1fdaa172:192.168.151.99:45433], old=null
2019-09-26 15:13:39,466 [b3e939fd-eb36-468b-9efe-5d0a1fdaa172@group-47726A36F552-SegmentedRaftLogWorker] ERROR segmented.SegmentedRaftLogWorker (SegmentedRaftLogWorker.java:run(323)) - b3e939fd-eb36-468b-9efe-5d0a1fdaa172@group-47726A36F552-SegmentedRaftLogWorker hit exception
java.lang.OutOfMemoryError: Direct buffer memory
	at java.nio.Bits.reserveMemory(Bits.java:666)
	at java.nio.DirectByteBuffer.<init>(DirectByteBuffer.java:123)
	at java.nio.ByteBuffer.allocateDirect(ByteBuffer.java:311)
	at org.apache.ratis.server.raftlog.segmented.BufferedWriteChannel.<init>(BufferedWriteChannel.java:41)
	at org.apache.ratis.server.raftlog.segmented.SegmentedRaftLogOutputStream.<init>(SegmentedRaftLogOutputStream.java:72)
	at org.apache.ratis.server.raftlog.segmented.SegmentedRaftLogWorker$StartLogSegment.execute(SegmentedRaftLogWorker.java:566)
	at org.apache.ratis.server.raftlog.segmented.SegmentedRaftLogWorker.run(SegmentedRaftLogWorker.java:289)
	at java.lang.Thread.run(Thread.java:748)
2019-09-26 15:13:39,466 [b3e939fd-eb36-468b-9efe-5d0a1fdaa172@group-599EFAC1E503-SegmentedRaftLogWorker] ERROR segmented.SegmentedRaftLogWorker (SegmentedRaftLogWorker.java:run(323)) - b3e939fd-eb36-468b-9efe-5d0a1fdaa172@group-599EFAC1E503-SegmentedRaftLogWorker hit exception
java.lang.OutOfMemoryError: Direct buffer memory
	at java.nio.Bits.reserveMemory(Bits.java:666)
	at java.nio.DirectByteBuffer.<init>(DirectByteBuffer.java:123)
	at java.nio.ByteBuffer.allocateDirect(ByteBuffer.java:311)
	at org.apache.ratis.server.raftlog.segmented.BufferedWriteChannel.<init>(BufferedWriteChannel.java:41)
	at org.apache.ratis.server.raftlog.segmented.SegmentedRaftLogOutputStream.<init>(SegmentedRaftLogOutputStream.java:72)
	at org.apache.ratis.server.raftlog.segmented.SegmentedRaftLogWorker$StartLogSegment.execute(SegmentedRaftLogWorker.java:566)
	at org.apache.ratis.server.raftlog.segmented.SegmentedRaftLogWorker.run(SegmentedRaftLogWorker.java:289)
	at java.lang.Thread.run(Thread.java:748)
2019-09-26 15:13:39,195 [b3e939fd-eb36-468b-9efe-5d0a1fdaa172@group-7F4E2958F83B-SegmentedRaftLogWorker] INFO  impl.PendingRequests (PendingRequests.java:sendNotLeaderResponses(202)) - b3e939fd-eb36-468b-9efe-5d0a1fdaa172-PendingRequests: sendNotLeaderResponses
2019-09-26 15:13:39,195 [b3e939fd-eb36-468b-9efe-5d0a1fdaa172@group-B8BD40BC5605-SegmentedRaftLogWorker] INFO  impl.RaftServerImpl (ServerState.java:close(385)) - b3e939fd-eb36-468b-9efe-5d0a1fdaa172@group-B8BD40BC5605: closes. applyIndex: -1
2019-09-26 15:13:39,195 [b3e939fd-eb36-468b-9efe-5d0a1fdaa172@group-726852ADE118-SegmentedRaftLogWorker] INFO  impl.RoleInfo (RoleInfo.java:shutdownLeaderState(104)) - b3e939fd-eb36-468b-9efe-5d0a1fdaa172: shutdown LeaderState
2019-09-26 15:13:39,194 [b3e939fd-eb36-468b-9efe-5d0a1fdaa172@group-D8D26DDCCD10-SegmentedRaftLogWorker] INFO  impl.RoleInfo (RoleInfo.java:shutdownLeaderState(104)) - b3e939fd-eb36-468b-9efe-5d0a1fdaa172: shutdown LeaderState
2019-09-26 15:13:39,194 [b3e939fd-eb36-468b-9efe-5d0a1fdaa172@group-3940D53E95A2:LeaderElection245] INFO  server.RaftServerConfigKeys (ConfUtils.java:logGet(43)) - raft.server.staging.catchup.gap = 1000 (default)
2019-09-26 15:13:39,194 [b3e939fd-eb36-468b-9efe-5d0a1fdaa172@group-1CB942701F5F:LeaderElection250] INFO  impl.RaftServerImpl (ServerState.java:setLeader(253)) - b3e939fd-eb36-468b-9efe-5d0a1fdaa172@group-1CB942701F5F: change Leader from null to b3e939fd-eb36-468b-9efe-5d0a1fdaa172 at term 1 for becomeLeader, leader elected after 9204ms
2019-09-26 15:13:39,194 [b3e939fd-eb36-468b-9efe-5d0a1fdaa172@group-FC1921472DFA:LeaderElection247] INFO  impl.RaftServerImpl (ServerState.java:setLeader(253)) - b3e939fd-eb36-468b-9efe-5d0a1fdaa172@group-FC1921472DFA: change Leader from null to b3e939fd-eb36-468b-9efe-5d0a1fdaa172 at term 1 for becomeLeader, leader elected after 9340ms
2019-09-26 15:13:39,194 [b3e939fd-eb36-468b-9efe-5d0a1fdaa172@group-A69ABA2706CB:LeaderElection252] INFO  impl.RaftServerImpl (ServerState.java:setLeader(253)) - b3e939fd-eb36-468b-9efe-5d0a1fdaa172@group-A69ABA2706CB: change Leader from null to b3e939fd-eb36-468b-9efe-5d0a1fdaa172 at term 1 for becomeLeader, leader elected after 12401ms
2019-09-26 15:13:39,194 [b3e939fd-eb36-468b-9efe-5d0a1fdaa172@group-23B1075E3B4B:LeaderElection254] INFO  impl.RaftServerImpl (ServerState.java:setLeader(253)) - b3e939fd-eb36-468b-9efe-5d0a1fdaa172@group-23B1075E3B4B: change Leader from null to b3e939fd-eb36-468b-9efe-5d0a1fdaa172 at term 1 for becomeLeader, leader elected after 9384ms
2019-09-26 15:13:39,194 [b3e939fd-eb36-468b-9efe-5d0a1fdaa172@group-7C3112672CFD:LeaderElection251] INFO  server.RaftServerConfigKeys (ConfUtils.java:logGet(43)) - raft.server.staging.catchup.gap = 1000 (default)
2019-09-26 15:13:39,193 [pool-27-thread-1] INFO  impl.RoleInfo (RoleInfo.java:updateAndGet(143)) - b3e939fd-eb36-468b-9efe-5d0a1fdaa172: start FollowerState
2019-09-26 15:13:39,193 [b3e939fd-eb36-468b-9efe-5d0a1fdaa172@group-C4FDEBA5923A:LeaderElection246] INFO  impl.RaftServerImpl (ServerState.java:setLeader(253)) - b3e939fd-eb36-468b-9efe-5d0a1fdaa172@group-C4FDEBA5923A: change Leader from null to b3e939fd-eb36-468b-9efe-5d0a1fdaa172 at term 1 for becomeLeader, leader elected after 9119ms
2019-09-26 15:13:39,193 [b3e939fd-eb36-468b-9efe-5d0a1fdaa172@group-4E868D6FA5B9:LeaderElection249] INFO  impl.RaftServerImpl (ServerState.java:setLeader(253)) - b3e939fd-eb36-468b-9efe-5d0a1fdaa172@group-4E868D6FA5B9: change Leader from null to b3e939fd-eb36-468b-9efe-5d0a1fdaa172 at term 1 for becomeLeader, leader elected after 9271ms
2019-09-26 15:13:39,193 [b3e939fd-eb36-468b-9efe-5d0a1fdaa172@group-3B7C4B923211-SegmentedRaftLogWorker] INFO  impl.PendingRequests (PendingRequests.java:sendNotLeaderResponses(202)) - b3e939fd-eb36-468b-9efe-5d0a1fdaa172-PendingRequests: sendNotLeaderResponses
2019-09-26 15:13:39,193 [b3e939fd-eb36-468b-9efe-5d0a1fdaa172@group-C878FEE1AB22:LeaderElection253] INFO  server.RaftServerConfigKeys (ConfUtils.java:logGet(43)) - raft.server.staging.catchup.gap = 1000 (default)
2019-09-26 15:13:39,193 [b3e939fd-eb36-468b-9efe-5d0a1fdaa172@group-F5BF1B3E3E4A:LeaderElection248] INFO  server.RaftServerConfigKeys (ConfUtils.java:logGet(43)) - raft.server.staging.catchup.gap = 1000 (default)
2019-09-26 15:13:39,193 [Thread-1089] INFO  impl.RoleInfo (RoleInfo.java:updateAndGet(143)) - b3e939fd-eb36-468b-9efe-5d0a1fdaa172: start LeaderElection
2019-09-26 15:13:39,661 [b3e939fd-eb36-468b-9efe-5d0a1fdaa172@group-F5BF1B3E3E4A:LeaderElection248] INFO  server.RaftServerConfigKeys (ConfUtils.java:logGet(43)) - raft.server.rpc.sleep.time = 25ms (default)
2019-09-26 15:13:39,661 [b3e939fd-eb36-468b-9efe-5d0a1fdaa172@group-C878FEE1AB22:LeaderElection253] INFO  server.RaftServerConfigKeys (ConfUtils.java:logGet(43)) - raft.server.rpc.sleep.time = 25ms (default)
2019-09-26 15:13:39,662 [pool-27-thread-1] INFO  util.JmxRegister (JmxRegister.java:tryRegister(44)) - Successfully registered JMX Bean with object name Ratis:service=RaftServer,group=group-90AE5373EB22,id=b3e939fd-eb36-468b-9efe-5d0a1fdaa172
2019-09-26 15:13:39,661 [b3e939fd-eb36-468b-9efe-5d0a1fdaa172@group-3B7C4B923211-SegmentedRaftLogWorker] INFO  impl.StateMachineUpdater (StateMachineUpdater.java:stopAndJoin(125)) - b3e939fd-eb36-468b-9efe-5d0a1fdaa172@group-3B7C4B923211-StateMachineUpdater: set stopIndex = -1
2019-09-26 15:13:39,661 [b3e939fd-eb36-468b-9efe-5d0a1fdaa172@group-4E868D6FA5B9:LeaderElection249] INFO  server.RaftServerConfigKeys (ConfUtils.java:logGet(43)) - raft.server.staging.catchup.gap = 1000 (default)
2019-09-26 15:13:39,661 [b3e939fd-eb36-468b-9efe-5d0a1fdaa172@group-C4FDEBA5923A:LeaderElection246] INFO  server.RaftServerConfigKeys (ConfUtils.java:logGet(43)) - raft.server.staging.catchup.gap = 1000 (default)
2019-09-26 15:13:39,661 [b3e939fd-eb36-468b-9efe-5d0a1fdaa172@group-7C3112672CFD:LeaderElection251] INFO  server.RaftServerConfigKeys (ConfUtils.java:logGet(43)) - raft.server.rpc.sleep.time = 25ms (default)
2019-09-26 15:13:39,661 [b3e939fd-eb36-468b-9efe-5d0a1fdaa172@group-23B1075E3B4B:LeaderElection254] INFO  server.RaftServerConfigKeys (ConfUtils.java:logGet(43)) - raft.server.staging.catchup.gap = 1000 (default)
2019-09-26 15:13:39,661 [b3e939fd-eb36-468b-9efe-5d0a1fdaa172@group-A69ABA2706CB:LeaderElection252] INFO  server.RaftServerConfigKeys (ConfUtils.java:logGet(43)) - raft.server.staging.catchup.gap = 1000 (default)
2019-09-26 15:13:39,662 [b3e939fd-eb36-468b-9efe-5d0a1fdaa172@group-A69ABA2706CB:LeaderElection252] INFO  server.RaftServerConfigKeys (ConfUtils.java:logGet(43)) - raft.server.rpc.sleep.time = 25ms (default)
2019-09-26 15:13:39,660 [b3e939fd-eb36-468b-9efe-5d0a1fdaa172@group-FC1921472DFA:LeaderElection247] INFO  server.RaftServerConfigKeys (ConfUtils.java:logGet(43)) - raft.server.staging.catchup.gap = 1000 (default)
2019-09-26 15:13:39,662 [b3e939fd-eb36-468b-9efe-5d0a1fdaa172@group-FC1921472DFA:LeaderElection247] INFO  server.RaftServerConfigKeys (ConfUtils.java:logGet(43)) - raft.server.rpc.sleep.time = 25ms (default)
2019-09-26 15:13:39,660 [b3e939fd-eb36-468b-9efe-5d0a1fdaa172@group-1CB942701F5F:LeaderElection250] INFO  server.RaftServerConfigKeys (ConfUtils.java:logGet(43)) - raft.server.staging.catchup.gap = 1000 (default)
2019-09-26 15:13:39,660 [b3e939fd-eb36-468b-9efe-5d0a1fdaa172@group-3940D53E95A2:LeaderElection245] INFO  server.RaftServerConfigKeys (ConfUtils.java:logGet(43)) - raft.server.rpc.sleep.time = 25ms (default)
2019-09-26 15:13:39,660 [b3e939fd-eb36-468b-9efe-5d0a1fdaa172@group-D8D26DDCCD10-SegmentedRaftLogWorker] INFO  impl.PendingRequests (PendingRequests.java:sendNotLeaderResponses(202)) - b3e939fd-eb36-468b-9efe-5d0a1fdaa172-PendingRequests: sendNotLeaderResponses
2019-09-26 15:13:39,660 [b3e939fd-eb36-468b-9efe-5d0a1fdaa172@group-726852ADE118-SegmentedRaftLogWorker] INFO  impl.PendingRequests (PendingRequests.java:sendNotLeaderResponses(202)) - b3e939fd-eb36-468b-9efe-5d0a1fdaa172-PendingRequests: sendNotLeaderResponses
2019-09-26 15:13:39,660 [b3e939fd-eb36-468b-9efe-5d0a1fdaa172@group-28CF379EBB19-SegmentedRaftLogWorker] INFO  util.JmxRegister (JmxRegister.java:unregister(73)) - Successfully un-registered JMX Bean with object name Ratis:service=RaftServer,group=group-28CF379EBB19,id=b3e939fd-eb36-468b-9efe-5d0a1fdaa172
2019-09-26 15:13:39,660 [b3e939fd-eb36-468b-9efe-5d0a1fdaa172@group-B8BD40BC5605-SegmentedRaftLogWorker] INFO  segmented.SegmentedRaftLogWorker (SegmentedRaftLogWorker.java:close(228)) - b3e939fd-eb36-468b-9efe-5d0a1fdaa172@group-B8BD40BC5605-SegmentedRaftLogWorker close()
2019-09-26 15:13:39,660 [b3e939fd-eb36-468b-9efe-5d0a1fdaa172@group-4282880CA77F-SegmentedRaftLogWorker] INFO  util.JmxRegister (JmxRegister.java:unregister(73)) - Successfully un-registered JMX Bean with object name Ratis:service=RaftServer,group=group-4282880CA77F,id=b3e939fd-eb36-468b-9efe-5d0a1fdaa172
2019-09-26 15:13:39,660 [b3e939fd-eb36-468b-9efe-5d0a1fdaa172@group-7F4E2958F83B-SegmentedRaftLogWorker] INFO  impl.StateMachineUpdater (StateMachineUpdater.java:stopAndJoin(125)) - b3e939fd-eb36-468b-9efe-5d0a1fdaa172@group-7F4E2958F83B-StateMachineUpdater: set stopIndex = -1
2019-09-26 15:13:39,660 [b3e939fd-eb36-468b-9efe-5d0a1fdaa172@group-CB05FC8C1EB7-SegmentedRaftLogWorker] INFO  util.JmxRegister (JmxRegister.java:unregister(73)) - Successfully un-registered JMX Bean with object name Ratis:service=RaftServer,group=group-CB05FC8C1EB7,id=b3e939fd-eb36-468b-9efe-5d0a1fdaa172
2019-09-26 15:13:39,660 [b3e939fd-eb36-468b-9efe-5d0a1fdaa172@group-599EFAC1E503-SegmentedRaftLogWorker] INFO  impl.RaftServerImpl (RaftServerImpl.java:lambda$shutdown$3(251)) - b3e939fd-eb36-468b-9efe-5d0a1fdaa172@group-599EFAC1E503: shutdown
2019-09-26 15:13:39,660 [b3e939fd-eb36-468b-9efe-5d0a1fdaa172@group-D829294084A7-SegmentedRaftLogWorker] INFO  util.JmxRegister (JmxRegister.java:unregister(73)) - Successfully un-registered JMX Bean with object name Ratis:service=RaftServer,group=group-D829294084A7,id=b3e939fd-eb36-468b-9efe-5d0a1fdaa172
2019-09-26 15:13:39,660 [b3e939fd-eb36-468b-9efe-5d0a1fdaa172@group-47726A36F552-SegmentedRaftLogWorker] INFO  impl.RaftServerImpl (RaftServerImpl.java:lambda$shutdown$3(251)) - b3e939fd-eb36-468b-9efe-5d0a1fdaa172@group-47726A36F552: shutdown
2019-09-26 15:13:39,660 [b3e939fd-eb36-468b-9efe-5d0a1fdaa172@group-C91B064953F8-SegmentedRaftLogWorker] INFO  util.JmxRegister (JmxRegister.java:unregister(73)) - Successfully un-registered JMX Bean with object name Ratis:service=RaftServer,group=group-C91B064953F8,id=b3e939fd-eb36-468b-9efe-5d0a1fdaa172
2019-09-26 15:13:39,660 [b3e939fd-eb36-468b-9efe-5d0a1fdaa172@group-5C744E83DB9A:LeaderElection256] INFO  impl.RoleInfo (RoleInfo.java:shutdownLeaderElection(134)) - b3e939fd-eb36-468b-9efe-5d0a1fdaa172: shutdown LeaderElection
2019-09-26 15:13:39,659 [b3e939fd-eb36-468b-9efe-5d0a1fdaa172@group-B8A18754ECB2:LeaderElection257] INFO  impl.RoleInfo (RoleInfo.java:shutdownLeaderElection(134)) - b3e939fd-eb36-468b-9efe-5d0a1fdaa172: shutdown LeaderElection
2019-09-26 15:13:39,669 [b3e939fd-eb36-468b-9efe-5d0a1fdaa172@group-B8A18754ECB2:LeaderElection257] INFO  impl.RaftServerImpl (RaftServerImpl.java:setRole(174)) - b3e939fd-eb36-468b-9efe-5d0a1fdaa172@group-B8A18754ECB2: changes role from CANDIDATE to LEADER at term 1 for changeToLeader
2019-09-26 15:13:39,659 [b3e939fd-eb36-468b-9efe-5d0a1fdaa172@group-0D1607784BB5-SegmentedRaftLogWorker] INFO  impl.PendingRequests (PendingRequests.java:sendNotLeaderResponses(202)) - b3e939fd-eb36-468b-9efe-5d0a1fdaa172-PendingRequests: sendNotLeaderResponses
2019-09-26 15:13:39,659 [b3e939fd-eb36-468b-9efe-5d0a1fdaa172@group-5D100605878C-SegmentedRaftLogWorker] INFO  impl.StateMachineUpdater (StateMachineUpdater.java:stopAndJoin(125)) - b3e939fd-eb36-468b-9efe-5d0a1fdaa172@group-5D100605878C-StateMachineUpdater: set stopIndex = -1
2019-09-26 15:13:39,659 [b3e939fd-eb36-468b-9efe-5d0a1fdaa172@group-62721CB6E9BE-SegmentedRaftLogWorker] INFO  impl.StateMachineUpdater (StateMachineUpdater.java:stopAndJoin(125)) - b3e939fd-eb36-468b-9efe-5d0a1fdaa172@group-62721CB6E9BE-StateMachineUpdater: set stopIndex = -1
2019-09-26 15:13:39,669 [b3e939fd-eb36-468b-9efe-5d0a1fdaa172@group-62721CB6E9BE-SegmentedRaftLogWorker] INFO  impl.RaftServerImpl (ServerState.java:close(385)) - b3e939fd-eb36-468b-9efe-5d0a1fdaa172@group-62721CB6E9BE: closes. applyIndex: -1
2019-09-26 15:13:39,659 [b3e939fd-eb36-468b-9efe-5d0a1fdaa172@group-8ABA77F86B69-SegmentedRaftLogWorker] INFO  segmented.SegmentedRaftLogWorker (SegmentedRaftLogWorker.java:close(228)) - b3e939fd-eb36-468b-9efe-5d0a1fdaa172@group-8ABA77F86B69-SegmentedRaftLogWorker close()
2019-09-26 15:13:39,669 [b3e939fd-eb36-468b-9efe-5d0a1fdaa172@group-62721CB6E9BE-SegmentedRaftLogWorker] INFO  segmented.SegmentedRaftLogWorker (SegmentedRaftLogWorker.java:close(228)) - b3e939fd-eb36-468b-9efe-5d0a1fdaa172@group-62721CB6E9BE-SegmentedRaftLogWorker close()
2019-09-26 15:13:39,658 [Thread-1604] INFO  impl.FollowerState (FollowerState.java:run(106)) - b3e939fd-eb36-468b-9efe-5d0a1fdaa172:group-5A4780976490 changes to CANDIDATE, lastRpcTime:5126, electionTimeout:5016ms
2019-09-26 15:13:39,472 [b3e939fd-eb36-468b-9efe-5d0a1fdaa172@group-AD8F5DA59BC3:LeaderElection207] INFO  impl.RaftServerImpl (ServerState.java:setRaftConf(354)) - b3e939fd-eb36-468b-9efe-5d0a1fdaa172@group-AD8F5DA59BC3: set configuration 0: [b3e939fd-eb36-468b-9efe-5d0a1fdaa172:192.168.151.99:45433], old=null at 0
2019-09-26 15:13:39,472 [b3e939fd-eb36-468b-9efe-5d0a1fdaa172@group-EDB6546B42A1-SegmentedRaftLogWorker] INFO  util.JmxRegister (JmxRegister.java:unregister(73)) - Successfully un-registered JMX Bean with object name Ratis:service=RaftServer,group=group-EDB6546B42A1,id=b3e939fd-eb36-468b-9efe-5d0a1fdaa172
2019-09-26 15:13:39,678 [b3e939fd-eb36-468b-9efe-5d0a1fdaa172@group-EDB6546B42A1-SegmentedRaftLogWorker] INFO  impl.RoleInfo (RoleInfo.java:shutdownLeaderState(104)) - b3e939fd-eb36-468b-9efe-5d0a1fdaa172: shutdown LeaderState
2019-09-26 15:13:39,472 [b3e939fd-eb36-468b-9efe-5d0a1fdaa172@group-8152E6A19D97-SegmentedRaftLogWorker] INFO  impl.PendingRequests (PendingRequests.java:sendNotLeaderResponses(202)) - b3e939fd-eb36-468b-9efe-5d0a1fdaa172-PendingRequests: sendNotLeaderResponses
2019-09-26 15:13:39,472 [b3e939fd-eb36-468b-9efe-5d0a1fdaa172@group-8B05B049A6AC-SegmentedRaftLogWorker] INFO  impl.PendingRequests (PendingRequests.java:sendNotLeaderResponses(202)) - b3e939fd-eb36-468b-9efe-5d0a1fdaa172-PendingRequests: sendNotLeaderResponses
2019-09-26 15:13:39,678 [b3e939fd-eb36-468b-9efe-5d0a1fdaa172@group-599EFAC1E503-SegmentedRaftLogWorker] INFO  util.JmxRegister (JmxRegister.java:unregister(73)) - Successfully un-registered JMX Bean with object name Ratis:service=RaftServer,group=group-599EFAC1E503,id=b3e939fd-eb36-468b-9efe-5d0a1fdaa172
2019-09-26 15:13:39,472 [b3e939fd-eb36-468b-9efe-5d0a1fdaa172@group-17591B66EB53-SegmentedRaftLogWorker] INFO  impl.RoleInfo (RoleInfo.java:shutdownLeaderState(104)) - b3e939fd-eb36-468b-9efe-5d0a1fdaa172: shutdown LeaderState
2019-09-26 15:13:39,472 [b3e939fd-eb36-468b-9efe-5d0a1fdaa172@group-336DB84C1351:LeaderElection255] INFO  server.RaftServerConfigKeys (ConfUtils.java:logGet(43)) - raft.server.staging.catchup.gap = 1000 (default)
2019-09-26 15:13:39,472 [b3e939fd-eb36-468b-9efe-5d0a1fdaa172@group-CF8139000EF1-SegmentedRaftLogWorker] INFO  util.JmxRegister (JmxRegister.java:unregister(73)) - Successfully un-registered JMX Bean with object name Ratis:service=RaftServer,group=group-CF8139000EF1,id=b3e939fd-eb36-468b-9efe-5d0a1fdaa172
2019-09-26 15:13:39,678 [b3e939fd-eb36-468b-9efe-5d0a1fdaa172@group-336DB84C1351:LeaderElection255] INFO  server.RaftServerConfigKeys (ConfUtils.java:logGet(43)) - raft.server.rpc.sleep.time = 25ms (default)
2019-09-26 15:13:39,678 [b3e939fd-eb36-468b-9efe-5d0a1fdaa172@group-17591B66EB53-SegmentedRaftLogWorker] INFO  impl.PendingRequests (PendingRequests.java:sendNotLeaderResponses(202)) - b3e939fd-eb36-468b-9efe-5d0a1fdaa172-PendingRequests: sendNotLeaderResponses
2019-09-26 15:13:39,678 [b3e939fd-eb36-468b-9efe-5d0a1fdaa172@group-599EFAC1E503-SegmentedRaftLogWorker] INFO  impl.RoleInfo (RoleInfo.java:shutdownLeaderState(104)) - b3e939fd-eb36-468b-9efe-5d0a1fdaa172: shutdown LeaderState
2019-09-26 15:13:39,678 [b3e939fd-eb36-468b-9efe-5d0a1fdaa172@group-47726A36F552-SegmentedRaftLogWorker] INFO  util.JmxRegister (JmxRegister.java:unregister(73)) - Successfully un-registered JMX Bean with object name Ratis:service=RaftServer,group=group-47726A36F552,id=b3e939fd-eb36-468b-9efe-5d0a1fdaa172
2019-09-26 15:13:39,678 [b3e939fd-eb36-468b-9efe-5d0a1fdaa172@group-8B05B049A6AC-SegmentedRaftLogWorker] INFO  impl.StateMachineUpdater (StateMachineUpdater.java:stopAndJoin(125)) - b3e939fd-eb36-468b-9efe-5d0a1fdaa172@group-8B05B049A6AC-StateMachineUpdater: set stopIndex = -1
2019-09-26 15:13:39,678 [b3e939fd-eb36-468b-9efe-5d0a1fdaa172@group-8152E6A19D97-SegmentedRaftLogWorker] INFO  impl.StateMachineUpdater (StateMachineUpdater.java:stopAndJoin(125)) - b3e939fd-eb36-468b-9efe-5d0a1fdaa172@group-8152E6A19D97-StateMachineUpdater: set stopIndex = -1
2019-09-26 15:13:39,678 [b3e939fd-eb36-468b-9efe-5d0a1fdaa172@group-EDB6546B42A1-SegmentedRaftLogWorker] INFO  impl.PendingRequests (PendingRequests.java:sendNotLeaderResponses(202)) - b3e939fd-eb36-468b-9efe-5d0a1fdaa172-PendingRequests: sendNotLeaderResponses
2019-09-26 15:13:39,677 [b3e939fd-eb36-468b-9efe-5d0a1fdaa172@group-84D1E06F87C5:LeaderElection258] INFO  impl.LeaderElection (LeaderElection.java:askForVotes(182)) - b3e939fd-eb36-468b-9efe-5d0a1fdaa172@group-84D1E06F87C5:LeaderElection258: begin an election at term 1 for -1: [b3e939fd-eb36-468b-9efe-5d0a1fdaa172:192.168.151.99:45433], old=null
2019-09-26 15:13:39,669 [b3e939fd-eb36-468b-9efe-5d0a1fdaa172@group-5D100605878C-SegmentedRaftLogWorker] INFO  impl.RaftServerImpl (ServerState.java:close(385)) - b3e939fd-eb36-468b-9efe-5d0a1fdaa172@group-5D100605878C: closes. applyIndex: -1
2019-09-26 15:13:39,669 [b3e939fd-eb36-468b-9efe-5d0a1fdaa172@group-0D1607784BB5-SegmentedRaftLogWorker] INFO  impl.StateMachineUpdater (StateMachineUpdater.java:stopAndJoin(125)) - b3e939fd-eb36-468b-9efe-5d0a1fdaa172@group-0D1607784BB5-StateMachineUpdater: set stopIndex = -1
2019-09-26 15:13:39,669 [b3e939fd-eb36-468b-9efe-5d0a1fdaa172@group-B8A18754ECB2:LeaderElection257] INFO  impl.RaftServerImpl (ServerState.java:setLeader(253)) - b3e939fd-eb36-468b-9efe-5d0a1fdaa172@group-B8A18754ECB2: change Leader from null to b3e939fd-eb36-468b-9efe-5d0a1fdaa172 at term 1 for becomeLeader, leader elected after 12729ms
2019-09-26 15:13:39,668 [b3e939fd-eb36-468b-9efe-5d0a1fdaa172@group-5C744E83DB9A:LeaderElection256] INFO  impl.RaftServerImpl (RaftServerImpl.java:setRole(174)) - b3e939fd-eb36-468b-9efe-5d0a1fdaa172@group-5C744E83DB9A: changes role from CANDIDATE to LEADER at term 1 for changeToLeader
2019-09-26 15:13:39,668 [b3e939fd-eb36-468b-9efe-5d0a1fdaa172@group-C91B064953F8-SegmentedRaftLogWorker] INFO  impl.RoleInfo (RoleInfo.java:shutdownLeaderState(104)) - b3e939fd-eb36-468b-9efe-5d0a1fdaa172: shutdown LeaderState
2019-09-26 15:13:39,668 [b3e939fd-eb36-468b-9efe-5d0a1fdaa172@group-D829294084A7-SegmentedRaftLogWorker] INFO  impl.RoleInfo (RoleInfo.java:shutdownLeaderState(104)) - b3e939fd-eb36-468b-9efe-5d0a1fdaa172: shutdown LeaderState
2019-09-26 15:13:39,668 [b3e939fd-eb36-468b-9efe-5d0a1fdaa172@group-CB05FC8C1EB7-SegmentedRaftLogWorker] INFO  impl.RoleInfo (RoleInfo.java:shutdownLeaderState(104)) - b3e939fd-eb36-468b-9efe-5d0a1fdaa172: shutdown LeaderState
2019-09-26 15:13:39,668 [b3e939fd-eb36-468b-9efe-5d0a1fdaa172@group-7F4E2958F83B-SegmentedRaftLogWorker] INFO  impl.RaftServerImpl (ServerState.java:close(385)) - b3e939fd-eb36-468b-9efe-5d0a1fdaa172@group-7F4E2958F83B: closes. applyIndex: -1
2019-09-26 15:13:39,668 [b3e939fd-eb36-468b-9efe-5d0a1fdaa172@group-4282880CA77F-SegmentedRaftLogWorker] INFO  impl.RoleInfo (RoleInfo.java:shutdownLeaderState(104)) - b3e939fd-eb36-468b-9efe-5d0a1fdaa172: shutdown LeaderState
2019-09-26 15:13:39,663 [b3e939fd-eb36-468b-9efe-5d0a1fdaa172@group-28CF379EBB19-SegmentedRaftLogWorker] INFO  impl.RoleInfo (RoleInfo.java:shutdownLeaderState(104)) - b3e939fd-eb36-468b-9efe-5d0a1fdaa172: shutdown LeaderState
2019-09-26 15:13:39,663 [b3e939fd-eb36-468b-9efe-5d0a1fdaa172@group-726852ADE118-SegmentedRaftLogWorker] INFO  impl.StateMachineUpdater (StateMachineUpdater.java:stopAndJoin(125)) - b3e939fd-eb36-468b-9efe-5d0a1fdaa172@group-726852ADE118-StateMachineUpdater: set stopIndex = -1
2019-09-26 15:13:39,663 [b3e939fd-eb36-468b-9efe-5d0a1fdaa172@group-D8D26DDCCD10-SegmentedRaftLogWorker] INFO  impl.StateMachineUpdater (StateMachineUpdater.java:stopAndJoin(125)) - b3e939fd-eb36-468b-9efe-5d0a1fdaa172@group-D8D26DDCCD10-StateMachineUpdater: set stopIndex = -1
2019-09-26 15:13:39,663 [b3e939fd-eb36-468b-9efe-5d0a1fdaa172@group-3940D53E95A2:LeaderElection245] INFO  server.RaftServerConfigKeys (ConfUtils.java:logGet(43)) - raft.server.write.element-limit = 4096 (default)
2019-09-26 15:13:39,662 [b3e939fd-eb36-468b-9efe-5d0a1fdaa172@group-1CB942701F5F:LeaderElection250] INFO  server.RaftServerConfigKeys (ConfUtils.java:logGet(43)) - raft.server.rpc.sleep.time = 25ms (default)
2019-09-26 15:13:39,662 [b3e939fd-eb36-468b-9efe-5d0a1fdaa172@group-FC1921472DFA:LeaderElection247] INFO  server.RaftServerConfigKeys (ConfUtils.java:logGet(43)) - raft.server.write.element-limit = 4096 (default)
2019-09-26 15:13:39,662 [b3e939fd-eb36-468b-9efe-5d0a1fdaa172@group-A69ABA2706CB:LeaderElection252] INFO  server.RaftServerConfigKeys (ConfUtils.java:logGet(43)) - raft.server.write.element-limit = 4096 (default)
2019-09-26 15:13:39,662 [b3e939fd-eb36-468b-9efe-5d0a1fdaa172@group-23B1075E3B4B:LeaderElection254] INFO  server.RaftServerConfigKeys (ConfUtils.java:logGet(43)) - raft.server.rpc.sleep.time = 25ms (default)
2019-09-26 15:13:39,662 [b3e939fd-eb36-468b-9efe-5d0a1fdaa172@group-7C3112672CFD:LeaderElection251] INFO  server.RaftServerConfigKeys (ConfUtils.java:logGet(43)) - raft.server.write.element-limit = 4096 (default)
2019-09-26 15:13:39,662 [b3e939fd-eb36-468b-9efe-5d0a1fdaa172@group-C4FDEBA5923A:LeaderElection246] INFO  server.RaftServerConfigKeys (ConfUtils.java:logGet(43)) - raft.server.rpc.sleep.time = 25ms (default)
2019-09-26 15:13:39,662 [b3e939fd-eb36-468b-9efe-5d0a1fdaa172@group-4E868D6FA5B9:LeaderElection249] INFO  server.RaftServerConfigKeys (ConfUtils.java:logGet(43)) - raft.server.rpc.sleep.time = 25ms (default)
2019-09-26 15:13:39,662 [b3e939fd-eb36-468b-9efe-5d0a1fdaa172@group-3B7C4B923211-SegmentedRaftLogWorker] INFO  impl.RaftServerImpl (ServerState.java:close(385)) - b3e939fd-eb36-468b-9efe-5d0a1fdaa172@group-3B7C4B923211: closes. applyIndex: -1
2019-09-26 15:13:39,662 [b3e939fd-eb36-468b-9efe-5d0a1fdaa172@group-C878FEE1AB22:LeaderElection253] INFO  server.RaftServerConfigKeys (ConfUtils.java:logGet(43)) - raft.server.write.element-limit = 4096 (default)
2019-09-26 15:13:39,662 [b3e939fd-eb36-468b-9efe-5d0a1fdaa172@group-F5BF1B3E3E4A:LeaderElection248] INFO  server.RaftServerConfigKeys (ConfUtils.java:logGet(43)) - raft.server.write.element-limit = 4096 (default)
2019-09-26 15:13:39,681 [b3e939fd-eb36-468b-9efe-5d0a1fdaa172@group-C878FEE1AB22:LeaderElection253] INFO  server.RaftServerConfigKeys (ConfUtils.java:logGet(43)) - raft.server.watch.timeout = 10s (default)
2019-09-26 15:13:39,681 [b3e939fd-eb36-468b-9efe-5d0a1fdaa172@group-3B7C4B923211-SegmentedRaftLogWorker] INFO  segmented.SegmentedRaftLogWorker (SegmentedRaftLogWorker.java:close(228)) - b3e939fd-eb36-468b-9efe-5d0a1fdaa172@group-3B7C4B923211-SegmentedRaftLogWorker close()
2019-09-26 15:13:39,681 [b3e939fd-eb36-468b-9efe-5d0a1fdaa172@group-4E868D6FA5B9:LeaderElection249] INFO  server.RaftServerConfigKeys (ConfUtils.java:logGet(43)) - raft.server.write.element-limit = 4096 (default)
2019-09-26 15:13:39,681 [b3e939fd-eb36-468b-9efe-5d0a1fdaa172@group-C4FDEBA5923A:LeaderElection246] INFO  server.RaftServerConfigKeys (ConfUtils.java:logGet(43)) - raft.server.write.element-limit = 4096 (default)
2019-09-26 15:13:39,681 [b3e939fd-eb36-468b-9efe-5d0a1fdaa172@group-7C3112672CFD:LeaderElection251] INFO  server.RaftServerConfigKeys (ConfUtils.java:logGet(43)) - raft.server.watch.timeout = 10s (default)
2019-09-26 15:13:39,681 [b3e939fd-eb36-468b-9efe-5d0a1fdaa172@group-23B1075E3B4B:LeaderElection254] INFO  server.RaftServerConfigKeys (ConfUtils.java:logGet(43)) - raft.server.write.element-limit = 4096 (default)
2019-09-26 15:13:39,681 [b3e939fd-eb36-468b-9efe-5d0a1fdaa172@group-A69ABA2706CB:LeaderElection252] INFO  server.RaftServerConfigKeys (ConfUtils.java:logGet(43)) - raft.server.watch.timeout = 10s (default)
2019-09-26 15:13:39,681 [b3e939fd-eb36-468b-9efe-5d0a1fdaa172@group-FC1921472DFA:LeaderElection247] INFO  server.RaftServerConfigKeys (ConfUtils.java:logGet(43)) - raft.server.watch.timeout = 10s (default)
2019-09-26 15:13:39,680 [b3e939fd-eb36-468b-9efe-5d0a1fdaa172@group-1CB942701F5F:LeaderElection250] INFO  server.RaftServerConfigKeys (ConfUtils.java:logGet(43)) - raft.server.write.element-limit = 4096 (default)
2019-09-26 15:13:39,680 [b3e939fd-eb36-468b-9efe-5d0a1fdaa172@group-3940D53E95A2:LeaderElection245] INFO  server.RaftServerConfigKeys (ConfUtils.java:logGet(43)) - raft.server.watch.timeout = 10s (default)
2019-09-26 15:13:39,680 [b3e939fd-eb36-468b-9efe-5d0a1fdaa172@group-D8D26DDCCD10-SegmentedRaftLogWorker] INFO  impl.RaftServerImpl (ServerState.java:close(385)) - b3e939fd-eb36-468b-9efe-5d0a1fdaa172@group-D8D26DDCCD10: closes. applyIndex: -1
2019-09-26 15:13:39,680 [b3e939fd-eb36-468b-9efe-5d0a1fdaa172@group-726852ADE118-SegmentedRaftLogWorker] INFO  impl.RaftServerImpl (ServerState.java:close(385)) - b3e939fd-eb36-468b-9efe-5d0a1fdaa172@group-726852ADE118: closes. applyIndex: -1
2019-09-26 15:13:39,680 [b3e939fd-eb36-468b-9efe-5d0a1fdaa172@group-28CF379EBB19-SegmentedRaftLogWorker] INFO  impl.PendingRequests (PendingRequests.java:sendNotLeaderResponses(202)) - b3e939fd-eb36-468b-9efe-5d0a1fdaa172-PendingRequests: sendNotLeaderResponses
2019-09-26 15:13:39,680 [b3e939fd-eb36-468b-9efe-5d0a1fdaa172@group-4282880CA77F-SegmentedRaftLogWorker] INFO  impl.PendingRequests (PendingRequests.java:sendNotLeaderResponses(202)) - b3e939fd-eb36-468b-9efe-5d0a1fdaa172-PendingRequests: sendNotLeaderResponses
2019-09-26 15:13:39,680 [b3e939fd-eb36-468b-9efe-5d0a1fdaa172@group-7F4E2958F83B-SegmentedRaftLogWorker] INFO  segmented.SegmentedRaftLogWorker (SegmentedRaftLogWorker.java:close(228)) - b3e939fd-eb36-468b-9efe-5d0a1fdaa172@group-7F4E2958F83B-SegmentedRaftLogWorker close()
2019-09-26 15:13:39,680 [b3e939fd-eb36-468b-9efe-5d0a1fdaa172@group-CB05FC8C1EB7-SegmentedRaftLogWorker] INFO  impl.PendingRequests (PendingRequests.java:sendNotLeaderResponses(202)) - b3e939fd-eb36-468b-9efe-5d0a1fdaa172-PendingRequests: sendNotLeaderResponses
2019-09-26 15:13:39,680 [b3e939fd-eb36-468b-9efe-5d0a1fdaa172@group-D829294084A7-SegmentedRaftLogWorker] INFO  impl.PendingRequests (PendingRequests.java:sendNotLeaderResponses(202)) - b3e939fd-eb36-468b-9efe-5d0a1fdaa172-PendingRequests: sendNotLeaderResponses
2019-09-26 15:13:39,680 [b3e939fd-eb36-468b-9efe-5d0a1fdaa172@group-C91B064953F8-SegmentedRaftLogWorker] INFO  impl.PendingRequests (PendingRequests.java:sendNotLeaderResponses(202)) - b3e939fd-eb36-468b-9efe-5d0a1fdaa172-PendingRequests: sendNotLeaderResponses
2019-09-26 15:13:39,679 [b3e939fd-eb36-468b-9efe-5d0a1fdaa172@group-5C744E83DB9A:LeaderElection256] INFO  impl.RaftServerImpl (ServerState.java:setLeader(253)) - b3e939fd-eb36-468b-9efe-5d0a1fdaa172@group-5C744E83DB9A: change Leader from null to b3e939fd-eb36-468b-9efe-5d0a1fdaa172 at term 1 for becomeLeader, leader elected after 7779ms
2019-09-26 15:13:39,679 [b3e939fd-eb36-468b-9efe-5d0a1fdaa172@group-B8A18754ECB2:LeaderElection257] INFO  server.RaftServerConfigKeys (ConfUtils.java:logGet(43)) - raft.server.staging.catchup.gap = 1000 (default)
2019-09-26 15:13:39,679 [b3e939fd-eb36-468b-9efe-5d0a1fdaa172@group-5D100605878C-SegmentedRaftLogWorker] INFO  segmented.SegmentedRaftLogWorker (SegmentedRaftLogWorker.java:close(228)) - b3e939fd-eb36-468b-9efe-5d0a1fdaa172@group-5D100605878C-SegmentedRaftLogWorker close()
2019-09-26 15:13:39,679 [b3e939fd-eb36-468b-9efe-5d0a1fdaa172@group-0D1607784BB5-SegmentedRaftLogWorker] INFO  impl.RaftServerImpl (ServerState.java:close(385)) - b3e939fd-eb36-468b-9efe-5d0a1fdaa172@group-0D1607784BB5: closes. applyIndex: -1
2019-09-26 15:13:39,679 [b3e939fd-eb36-468b-9efe-5d0a1fdaa172@group-84D1E06F87C5:LeaderElection258] INFO  impl.RoleInfo (RoleInfo.java:shutdownLeaderElection(134)) - b3e939fd-eb36-468b-9efe-5d0a1fdaa172: shutdown LeaderElection
2019-09-26 15:13:39,679 [b3e939fd-eb36-468b-9efe-5d0a1fdaa172@group-EDB6546B42A1-SegmentedRaftLogWorker] INFO  impl.StateMachineUpdater (StateMachineUpdater.java:stopAndJoin(125)) - b3e939fd-eb36-468b-9efe-5d0a1fdaa172@group-EDB6546B42A1-StateMachineUpdater: set stopIndex = -1
2019-09-26 15:13:39,679 [b3e939fd-eb36-468b-9efe-5d0a1fdaa172@group-8152E6A19D97-SegmentedRaftLogWorker] INFO  impl.RaftServerImpl (ServerState.java:close(385)) - b3e939fd-eb36-468b-9efe-5d0a1fdaa172@group-8152E6A19D97: closes. applyIndex: -1
2019-09-26 15:13:39,679 [b3e939fd-eb36-468b-9efe-5d0a1fdaa172@group-8B05B049A6AC-SegmentedRaftLogWorker] INFO  impl.RaftServerImpl (ServerState.java:close(385)) - b3e939fd-eb36-468b-9efe-5d0a1fdaa172@group-8B05B049A6AC: closes. applyIndex: -1
2019-09-26 15:13:39,679 [b3e939fd-eb36-468b-9efe-5d0a1fdaa172@group-47726A36F552-SegmentedRaftLogWorker] INFO  impl.RoleInfo (RoleInfo.java:shutdownLeaderState(104)) - b3e939fd-eb36-468b-9efe-5d0a1fdaa172: shutdown LeaderState
2019-09-26 15:13:39,679 [b3e939fd-eb36-468b-9efe-5d0a1fdaa172@group-599EFAC1E503-SegmentedRaftLogWorker] INFO  impl.PendingRequests (PendingRequests.java:sendNotLeaderResponses(202)) - b3e939fd-eb36-468b-9efe-5d0a1fdaa172-PendingRequests: sendNotLeaderResponses
2019-09-26 15:13:39,679 [b3e939fd-eb36-468b-9efe-5d0a1fdaa172@group-17591B66EB53-SegmentedRaftLogWorker] INFO  impl.StateMachineUpdater (StateMachineUpdater.java:stopAndJoin(125)) - b3e939fd-eb36-468b-9efe-5d0a1fdaa172@group-17591B66EB53-StateMachineUpdater: set stopIndex = -1
2019-09-26 15:13:39,679 [b3e939fd-eb36-468b-9efe-5d0a1fdaa172@group-336DB84C1351:LeaderElection255] INFO  server.RaftServerConfigKeys (ConfUtils.java:logGet(43)) - raft.server.write.element-limit = 4096 (default)
2019-09-26 15:13:39,678 [Thread-1604] INFO  impl.RoleInfo (RoleInfo.java:shutdownFollowerState(121)) - b3e939fd-eb36-468b-9efe-5d0a1fdaa172: shutdown FollowerState
2019-09-26 15:13:39,678 [b3e939fd-eb36-468b-9efe-5d0a1fdaa172@group-CF8139000EF1-SegmentedRaftLogWorker] INFO  impl.RoleInfo (RoleInfo.java:shutdownLeaderState(104)) - b3e939fd-eb36-468b-9efe-5d0a1fdaa172: shutdown LeaderState
2019-09-26 15:13:39,695 [Thread-1604] INFO  impl.RaftServerImpl (RaftServerImpl.java:setRole(174)) - b3e939fd-eb36-468b-9efe-5d0a1fdaa172@group-5A4780976490: changes role from  FOLLOWER to CANDIDATE at term 0 for changeToCandidate
2019-09-26 15:13:39,695 [b3e939fd-eb36-468b-9efe-5d0a1fdaa172@group-336DB84C1351:LeaderElection255] INFO  server.RaftServerConfigKeys (ConfUtils.java:logGet(43)) - raft.server.watch.timeout = 10s (default)
2019-09-26 15:13:39,695 [b3e939fd-eb36-468b-9efe-5d0a1fdaa172@group-17591B66EB53-SegmentedRaftLogWorker] INFO  impl.RaftServerImpl (ServerState.java:close(385)) - b3e939fd-eb36-468b-9efe-5d0a1fdaa172@group-17591B66EB53: closes. applyIndex: -1
2019-09-26 15:13:39,695 [b3e939fd-eb36-468b-9efe-5d0a1fdaa172@group-599EFAC1E503-SegmentedRaftLogWorker] INFO  impl.StateMachineUpdater (StateMachineUpdater.java:stopAndJoin(125)) - b3e939fd-eb36-468b-9efe-5d0a1fdaa172@group-599EFAC1E503-StateMachineUpdater: set stopIndex = -1
2019-09-26 15:13:39,696 [b3e939fd-eb36-468b-9efe-5d0a1fdaa172@group-599EFAC1E503-SegmentedRaftLogWorker] INFO  impl.RaftServerImpl (ServerState.java:close(385)) - b3e939fd-eb36-468b-9efe-5d0a1fdaa172@group-599EFAC1E503: closes. applyIndex: -1
2019-09-26 15:13:39,695 [b3e939fd-eb36-468b-9efe-5d0a1fdaa172@group-47726A36F552-SegmentedRaftLogWorker] INFO  impl.PendingRequests (PendingRequests.java:sendNotLeaderResponses(202)) - b3e939fd-eb36-468b-9efe-5d0a1fdaa172-PendingRequests: sendNotLeaderResponses
2019-09-26 15:13:39,695 [b3e939fd-eb36-468b-9efe-5d0a1fdaa172@group-8B05B049A6AC-SegmentedRaftLogWorker] INFO  segmented.SegmentedRaftLogWorker (SegmentedRaftLogWorker.java:close(228)) - b3e939fd-eb36-468b-9efe-5d0a1fdaa172@group-8B05B049A6AC-SegmentedRaftLogWorker close()
2019-09-26 15:13:39,695 [b3e939fd-eb36-468b-9efe-5d0a1fdaa172@group-8152E6A19D97-SegmentedRaftLogWorker] INFO  segmented.SegmentedRaftLogWorker (SegmentedRaftLogWorker.java:close(228)) - b3e939fd-eb36-468b-9efe-5d0a1fdaa172@group-8152E6A19D97-SegmentedRaftLogWorker close()
2019-09-26 15:13:39,695 [b3e939fd-eb36-468b-9efe-5d0a1fdaa172@group-EDB6546B42A1-SegmentedRaftLogWorker] INFO  impl.RaftServerImpl (ServerState.java:close(385)) - b3e939fd-eb36-468b-9efe-5d0a1fdaa172@group-EDB6546B42A1: closes. applyIndex: -1
2019-09-26 15:13:39,694 [b3e939fd-eb36-468b-9efe-5d0a1fdaa172@group-84D1E06F87C5:LeaderElection258] INFO  impl.RaftServerImpl (RaftServerImpl.java:setRole(174)) - b3e939fd-eb36-468b-9efe-5d0a1fdaa172@group-84D1E06F87C5: changes role from CANDIDATE to LEADER at term 1 for changeToLeader
2019-09-26 15:13:39,694 [b3e939fd-eb36-468b-9efe-5d0a1fdaa172@group-0D1607784BB5-SegmentedRaftLogWorker] INFO  segmented.SegmentedRaftLogWorker (SegmentedRaftLogWorker.java:close(228)) - b3e939fd-eb36-468b-9efe-5d0a1fdaa172@group-0D1607784BB5-SegmentedRaftLogWorker close()
2019-09-26 15:13:39,691 [b3e939fd-eb36-468b-9efe-5d0a1fdaa172@group-B8A18754ECB2:LeaderElection257] INFO  server.RaftServerConfigKeys (ConfUtils.java:logGet(43)) - raft.server.rpc.sleep.time = 25ms (default)
2019-09-26 15:13:39,691 [b3e939fd-eb36-468b-9efe-5d0a1fdaa172@group-5C744E83DB9A:LeaderElection256] INFO  server.RaftServerConfigKeys (ConfUtils.java:logGet(43)) - raft.server.staging.catchup.gap = 1000 (default)
2019-09-26 15:13:39,691 [b3e939fd-eb36-468b-9efe-5d0a1fdaa172@group-C91B064953F8-SegmentedRaftLogWorker] INFO  impl.StateMachineUpdater (StateMachineUpdater.java:stopAndJoin(125)) - b3e939fd-eb36-468b-9efe-5d0a1fdaa172@group-C91B064953F8-StateMachineUpdater: set stopIndex = -1
2019-09-26 15:13:39,690 [b3e939fd-eb36-468b-9efe-5d0a1fdaa172@group-D829294084A7-SegmentedRaftLogWorker] INFO  impl.StateMachineUpdater (StateMachineUpdater.java:stopAndJoin(125)) - b3e939fd-eb36-468b-9efe-5d0a1fdaa172@group-D829294084A7-StateMachineUpdater: set stopIndex = -1
2019-09-26 15:13:39,708 [b3e939fd-eb36-468b-9efe-5d0a1fdaa172@group-D829294084A7-SegmentedRaftLogWorker] INFO  impl.RaftServerImpl (ServerState.java:close(385)) - b3e939fd-eb36-468b-9efe-5d0a1fdaa172@group-D829294084A7: closes. applyIndex: -1
2019-09-26 15:13:39,690 [b3e939fd-eb36-468b-9efe-5d0a1fdaa172@group-CB05FC8C1EB7-SegmentedRaftLogWorker] INFO  impl.StateMachineUpdater (StateMachineUpdater.java:stopAndJoin(125)) - b3e939fd-eb36-468b-9efe-5d0a1fdaa172@group-CB05FC8C1EB7-StateMachineUpdater: set stopIndex = -1
2019-09-26 15:13:39,686 [b3e939fd-eb36-468b-9efe-5d0a1fdaa172@group-4282880CA77F-SegmentedRaftLogWorker] INFO  impl.StateMachineUpdater (StateMachineUpdater.java:stopAndJoin(125)) - b3e939fd-eb36-468b-9efe-5d0a1fdaa172@group-4282880CA77F-StateMachineUpdater: set stopIndex = -1
2019-09-26 15:13:39,686 [b3e939fd-eb36-468b-9efe-5d0a1fdaa172@group-28CF379EBB19-SegmentedRaftLogWorker] INFO  impl.StateMachineUpdater (StateMachineUpdater.java:stopAndJoin(125)) - b3e939fd-eb36-468b-9efe-5d0a1fdaa172@group-28CF379EBB19-StateMachineUpdater: set stopIndex = -1
2019-09-26 15:13:39,686 [b3e939fd-eb36-468b-9efe-5d0a1fdaa172@group-726852ADE118-SegmentedRaftLogWorker] INFO  segmented.SegmentedRaftLogWorker (SegmentedRaftLogWorker.java:close(228)) - b3e939fd-eb36-468b-9efe-5d0a1fdaa172@group-726852ADE118-SegmentedRaftLogWorker close()
2019-09-26 15:13:39,686 [b3e939fd-eb36-468b-9efe-5d0a1fdaa172@group-D8D26DDCCD10-SegmentedRaftLogWorker] INFO  segmented.SegmentedRaftLogWorker (SegmentedRaftLogWorker.java:close(228)) - b3e939fd-eb36-468b-9efe-5d0a1fdaa172@group-D8D26DDCCD10-SegmentedRaftLogWorker close()
2019-09-26 15:13:39,686 [b3e939fd-eb36-468b-9efe-5d0a1fdaa172@group-3940D53E95A2:LeaderElection245] INFO  server.RaftServerConfigKeys (ConfUtils.java:logGet(43)) - raft.server.watch.timeout.denomination = 1s (default)
2019-09-26 15:13:39,735 [b3e939fd-eb36-468b-9efe-5d0a1fdaa172@group-3940D53E95A2:LeaderElection245] INFO  server.RaftServerConfigKeys (ConfUtils.java:logGet(43)) - raft.server.watch.element-limit = 65536 (default)
2019-09-26 15:13:39,686 [b3e939fd-eb36-468b-9efe-5d0a1fdaa172@group-1CB942701F5F:LeaderElection250] INFO  server.RaftServerConfigKeys (ConfUtils.java:logGet(43)) - raft.server.watch.timeout = 10s (default)
2019-09-26 15:13:39,686 [b3e939fd-eb36-468b-9efe-5d0a1fdaa172@group-FC1921472DFA:LeaderElection247] INFO  server.RaftServerConfigKeys (ConfUtils.java:logGet(43)) - raft.server.watch.timeout.denomination = 1s (default)
2019-09-26 15:13:39,686 [b3e939fd-eb36-468b-9efe-5d0a1fdaa172@group-A69ABA2706CB:LeaderElection252] INFO  server.RaftServerConfigKeys (ConfUtils.java:logGet(43)) - raft.server.watch.timeout.denomination = 1s (default)
2019-09-26 15:13:39,736 [b3e939fd-eb36-468b-9efe-5d0a1fdaa172@group-A69ABA2706CB:LeaderElection252] INFO  server.RaftServerConfigKeys (ConfUtils.java:logGet(43)) - raft.server.watch.element-limit = 65536 (default)
2019-09-26 15:13:39,686 [b3e939fd-eb36-468b-9efe-5d0a1fdaa172@group-23B1075E3B4B:LeaderElection254] INFO  server.RaftServerConfigKeys (ConfUtils.java:logGet(43)) - raft.server.watch.timeout = 10s (default)
2019-09-26 15:13:39,686 [b3e939fd-eb36-468b-9efe-5d0a1fdaa172@group-7C3112672CFD:LeaderElection251] INFO  server.RaftServerConfigKeys (ConfUtils.java:logGet(43)) - raft.server.watch.timeout.denomination = 1s (default)
2019-09-26 15:13:39,685 [b3e939fd-eb36-468b-9efe-5d0a1fdaa172@group-C4FDEBA5923A:LeaderElection246] INFO  server.RaftServerConfigKeys (ConfUtils.java:logGet(43)) - raft.server.watch.timeout = 10s (default)
2019-09-26 15:13:39,736 [b3e939fd-eb36-468b-9efe-5d0a1fdaa172@group-C4FDEBA5923A:LeaderElection246] INFO  server.RaftServerConfigKeys (ConfUtils.java:logGet(43)) - raft.server.watch.timeout.denomination = 1s (default)
2019-09-26 15:13:39,685 [b3e939fd-eb36-468b-9efe-5d0a1fdaa172@group-4E868D6FA5B9:LeaderElection249] INFO  server.RaftServerConfigKeys (ConfUtils.java:logGet(43)) - raft.server.watch.timeout = 10s (default)
2019-09-26 15:13:39,681 [b3e939fd-eb36-468b-9efe-5d0a1fdaa172@group-C878FEE1AB22:LeaderElection253] INFO  server.RaftServerConfigKeys (ConfUtils.java:logGet(43)) - raft.server.watch.timeout.denomination = 1s (default)
2019-09-26 15:13:39,681 [b3e939fd-eb36-468b-9efe-5d0a1fdaa172@group-F5BF1B3E3E4A:LeaderElection248] INFO  server.RaftServerConfigKeys (ConfUtils.java:logGet(43)) - raft.server.watch.timeout = 10s (default)
2019-09-26 15:13:39,736 [b3e939fd-eb36-468b-9efe-5d0a1fdaa172@group-C878FEE1AB22:LeaderElection253] INFO  server.RaftServerConfigKeys (ConfUtils.java:logGet(43)) - raft.server.watch.element-limit = 65536 (default)
2019-09-26 15:13:39,736 [b3e939fd-eb36-468b-9efe-5d0a1fdaa172@group-4E868D6FA5B9:LeaderElection249] INFO  server.RaftServerConfigKeys (ConfUtils.java:logGet(43)) - raft.server.watch.timeout.denomination = 1s (default)
2019-09-26 15:13:39,736 [b3e939fd-eb36-468b-9efe-5d0a1fdaa172@group-C4FDEBA5923A:LeaderElection246] INFO  server.RaftServerConfigKeys (ConfUtils.java:logGet(43)) - raft.server.watch.element-limit = 65536 (default)
2019-09-26 15:13:39,736 [b3e939fd-eb36-468b-9efe-5d0a1fdaa172@group-7C3112672CFD:LeaderElection251] INFO  server.RaftServerConfigKeys (ConfUtils.java:logGet(43)) - raft.server.watch.element-limit = 65536 (default)
2019-09-26 15:13:39,736 [b3e939fd-eb36-468b-9efe-5d0a1fdaa172@group-23B1075E3B4B:LeaderElection254] INFO  server.RaftServerConfigKeys (ConfUtils.java:logGet(43)) - raft.server.watch.timeout.denomination = 1s (default)
2019-09-26 15:13:39,736 [b3e939fd-eb36-468b-9efe-5d0a1fdaa172@group-FC1921472DFA:LeaderElection247] INFO  server.RaftServerConfigKeys (ConfUtils.java:logGet(43)) - raft.server.watch.element-limit = 65536 (default)
2019-09-26 15:13:39,735 [b3e939fd-eb36-468b-9efe-5d0a1fdaa172@group-1CB942701F5F:LeaderElection250] INFO  server.RaftServerConfigKeys (ConfUtils.java:logGet(43)) - raft.server.watch.timeout.denomination = 1s (default)
2019-09-26 15:13:39,709 [b3e939fd-eb36-468b-9efe-5d0a1fdaa172@group-28CF379EBB19-SegmentedRaftLogWorker] INFO  impl.RaftServerImpl (ServerState.java:close(385)) - b3e939fd-eb36-468b-9efe-5d0a1fdaa172@group-28CF379EBB19: closes. applyIndex: -1
2019-09-26 15:13:39,709 [b3e939fd-eb36-468b-9efe-5d0a1fdaa172@group-4282880CA77F-SegmentedRaftLogWorker] INFO  impl.RaftServerImpl (ServerState.java:close(385)) - b3e939fd-eb36-468b-9efe-5d0a1fdaa172@group-4282880CA77F: closes. applyIndex: -1
2019-09-26 15:13:39,708 [b3e939fd-eb36-468b-9efe-5d0a1fdaa172@group-CB05FC8C1EB7-SegmentedRaftLogWorker] INFO  impl.RaftServerImpl (ServerState.java:close(385)) - b3e939fd-eb36-468b-9efe-5d0a1fdaa172@group-CB05FC8C1EB7: closes. applyIndex: -1
2019-09-26 15:13:39,708 [b3e939fd-eb36-468b-9efe-5d0a1fdaa172@group-D829294084A7-SegmentedRaftLogWorker] INFO  segmented.SegmentedRaftLogWorker (SegmentedRaftLogWorker.java:close(228)) - b3e939fd-eb36-468b-9efe-5d0a1fdaa172@group-D829294084A7-SegmentedRaftLogWorker close()
2019-09-26 15:13:39,708 [b3e939fd-eb36-468b-9efe-5d0a1fdaa172@group-36CD4F2BB7F5:LeaderElection201] INFO  impl.RoleInfo (RoleInfo.java:updateAndGet(143)) - b3e939fd-eb36-468b-9efe-5d0a1fdaa172: start LeaderState
2019-09-26 15:13:39,708 [b3e939fd-eb36-468b-9efe-5d0a1fdaa172@group-C91B064953F8-SegmentedRaftLogWorker] INFO  impl.RaftServerImpl (ServerState.java:close(385)) - b3e939fd-eb36-468b-9efe-5d0a1fdaa172@group-C91B064953F8: closes. applyIndex: -1
2019-09-26 15:13:39,708 [b3e939fd-eb36-468b-9efe-5d0a1fdaa172@group-5C744E83DB9A:LeaderElection256] INFO  server.RaftServerConfigKeys (ConfUtils.java:logGet(43)) - raft.server.rpc.sleep.time = 25ms (default)
2019-09-26 15:13:39,708 [b3e939fd-eb36-468b-9efe-5d0a1fdaa172@group-B8A18754ECB2:LeaderElection257] INFO  server.RaftServerConfigKeys (ConfUtils.java:logGet(43)) - raft.server.write.element-limit = 4096 (default)
2019-09-26 15:13:39,704 [b3e939fd-eb36-468b-9efe-5d0a1fdaa172@group-EDB6546B42A1-SegmentedRaftLogWorker] INFO  segmented.SegmentedRaftLogWorker (SegmentedRaftLogWorker.java:close(228)) - b3e939fd-eb36-468b-9efe-5d0a1fdaa172@group-EDB6546B42A1-SegmentedRaftLogWorker close()
2019-09-26 15:13:39,704 [b3e939fd-eb36-468b-9efe-5d0a1fdaa172@group-84D1E06F87C5:LeaderElection258] INFO  impl.RaftServerImpl (ServerState.java:setLeader(253)) - b3e939fd-eb36-468b-9efe-5d0a1fdaa172@group-84D1E06F87C5: change Leader from null to b3e939fd-eb36-468b-9efe-5d0a1fdaa172 at term 1 for becomeLeader, leader elected after 12747ms
2019-09-26 15:13:39,696 [b3e939fd-eb36-468b-9efe-5d0a1fdaa172@group-47726A36F552-SegmentedRaftLogWorker] INFO  impl.StateMachineUpdater (StateMachineUpdater.java:stopAndJoin(125)) - b3e939fd-eb36-468b-9efe-5d0a1fdaa172@group-47726A36F552-StateMachineUpdater: set stopIndex = -1
2019-09-26 15:13:39,739 [b3e939fd-eb36-468b-9efe-5d0a1fdaa172@group-47726A36F552-SegmentedRaftLogWorker] INFO  impl.RaftServerImpl (ServerState.java:close(385)) - b3e939fd-eb36-468b-9efe-5d0a1fdaa172@group-47726A36F552: closes. applyIndex: -1
2019-09-26 15:13:39,696 [b3e939fd-eb36-468b-9efe-5d0a1fdaa172@group-599EFAC1E503-SegmentedRaftLogWorker] INFO  segmented.SegmentedRaftLogWorker (SegmentedRaftLogWorker.java:close(228)) - b3e939fd-eb36-468b-9efe-5d0a1fdaa172@group-599EFAC1E503-SegmentedRaftLogWorker close()
2019-09-26 15:13:39,696 [b3e939fd-eb36-468b-9efe-5d0a1fdaa172@group-17591B66EB53-SegmentedRaftLogWorker] INFO  segmented.SegmentedRaftLogWorker (SegmentedRaftLogWorker.java:close(228)) - b3e939fd-eb36-468b-9efe-5d0a1fdaa172@group-17591B66EB53-SegmentedRaftLogWorker close()
2019-09-26 15:13:39,696 [b3e939fd-eb36-468b-9efe-5d0a1fdaa172@group-336DB84C1351:LeaderElection255] INFO  server.RaftServerConfigKeys (ConfUtils.java:logGet(43)) - raft.server.watch.timeout.denomination = 1s (default)
2019-09-26 15:13:39,695 [Thread-1604] INFO  impl.RoleInfo (RoleInfo.java:updateAndGet(143)) - b3e939fd-eb36-468b-9efe-5d0a1fdaa172: start LeaderElection
2019-09-26 15:13:39,695 [b3e939fd-eb36-468b-9efe-5d0a1fdaa172@group-CF8139000EF1-SegmentedRaftLogWorker] INFO  impl.PendingRequests (PendingRequests.java:sendNotLeaderResponses(202)) - b3e939fd-eb36-468b-9efe-5d0a1fdaa172-PendingRequests: sendNotLeaderResponses
2019-09-26 15:13:39,739 [b3e939fd-eb36-468b-9efe-5d0a1fdaa172@group-336DB84C1351:LeaderElection255] INFO  server.RaftServerConfigKeys (ConfUtils.java:logGet(43)) - raft.server.watch.element-limit = 65536 (default)
2019-09-26 15:13:39,739 [b3e939fd-eb36-468b-9efe-5d0a1fdaa172@group-47726A36F552-SegmentedRaftLogWorker] INFO  segmented.SegmentedRaftLogWorker (SegmentedRaftLogWorker.java:close(228)) - b3e939fd-eb36-468b-9efe-5d0a1fdaa172@group-47726A36F552-SegmentedRaftLogWorker close()
2019-09-26 15:13:39,739 [b3e939fd-eb36-468b-9efe-5d0a1fdaa172@group-84D1E06F87C5:LeaderElection258] INFO  server.RaftServerConfigKeys (ConfUtils.java:logGet(43)) - raft.server.staging.catchup.gap = 1000 (default)
2019-09-26 15:13:39,738 [b3e939fd-eb36-468b-9efe-5d0a1fdaa172@group-B8A18754ECB2:LeaderElection257] INFO  server.RaftServerConfigKeys (ConfUtils.java:logGet(43)) - raft.server.watch.timeout = 10s (default)
2019-09-26 15:13:39,738 [b3e939fd-eb36-468b-9efe-5d0a1fdaa172@group-5C744E83DB9A:LeaderElection256] INFO  server.RaftServerConfigKeys (ConfUtils.java:logGet(43)) - raft.server.write.element-limit = 4096 (default)
2019-09-26 15:13:39,738 [b3e939fd-eb36-468b-9efe-5d0a1fdaa172@group-C91B064953F8-SegmentedRaftLogWorker] INFO  segmented.SegmentedRaftLogWorker (SegmentedRaftLogWorker.java:close(228)) - b3e939fd-eb36-468b-9efe-5d0a1fdaa172@group-C91B064953F8-SegmentedRaftLogWorker close()
2019-09-26 15:13:39,738 [b3e939fd-eb36-468b-9efe-5d0a1fdaa172@group-36CD4F2BB7F5:LeaderElection201] INFO  segmented.SegmentedRaftLogWorker (SegmentedRaftLogWorker.java:startLogSegment(380)) - b3e939fd-eb36-468b-9efe-5d0a1fdaa172@group-36CD4F2BB7F5-SegmentedRaftLogWorker: Starting segment from index:0
2019-09-26 15:13:39,738 [b3e939fd-eb36-468b-9efe-5d0a1fdaa172@group-CB05FC8C1EB7-SegmentedRaftLogWorker] INFO  segmented.SegmentedRaftLogWorker (SegmentedRaftLogWorker.java:close(228)) - b3e939fd-eb36-468b-9efe-5d0a1fdaa172@group-CB05FC8C1EB7-SegmentedRaftLogWorker close()
2019-09-26 15:13:39,738 [b3e939fd-eb36-468b-9efe-5d0a1fdaa172@group-4282880CA77F-SegmentedRaftLogWorker] INFO  segmented.SegmentedRaftLogWorker (SegmentedRaftLogWorker.java:close(228)) - b3e939fd-eb36-468b-9efe-5d0a1fdaa172@group-4282880CA77F-SegmentedRaftLogWorker close()
2019-09-26 15:13:39,738 [b3e939fd-eb36-468b-9efe-5d0a1fdaa172@group-28CF379EBB19-SegmentedRaftLogWorker] INFO  segmented.SegmentedRaftLogWorker (SegmentedRaftLogWorker.java:close(228)) - b3e939fd-eb36-468b-9efe-5d0a1fdaa172@group-28CF379EBB19-SegmentedRaftLogWorker close()
2019-09-26 15:13:40,032 [b3e939fd-eb36-468b-9efe-5d0a1fdaa172@group-36CD4F2BB7F5:LeaderElection201] INFO  impl.RaftServerImpl (ServerState.java:setRaftConf(354)) - b3e939fd-eb36-468b-9efe-5d0a1fdaa172@group-36CD4F2BB7F5: set configuration 0: [b3e939fd-eb36-468b-9efe-5d0a1fdaa172:192.168.151.99:45433], old=null at 0
2019-09-26 15:13:39,737 [b3e939fd-eb36-468b-9efe-5d0a1fdaa172@group-1CB942701F5F:LeaderElection250] INFO  server.RaftServerConfigKeys (ConfUtils.java:logGet(43)) - raft.server.watch.element-limit = 65536 (default)
2019-09-26 15:13:39,737 [b3e939fd-eb36-468b-9efe-5d0a1fdaa172@group-23B1075E3B4B:LeaderElection254] INFO  server.RaftServerConfigKeys (ConfUtils.java:logGet(43)) - raft.server.watch.element-limit = 65536 (default)
2019-09-26 15:13:39,737 [b3e939fd-eb36-468b-9efe-5d0a1fdaa172@group-4E868D6FA5B9:LeaderElection249] INFO  server.RaftServerConfigKeys (ConfUtils.java:logGet(43)) - raft.server.watch.element-limit = 65536 (default)
2019-09-26 15:13:39,737 [b3e939fd-eb36-468b-9efe-5d0a1fdaa172@group-F5BF1B3E3E4A:LeaderElection248] INFO  server.RaftServerConfigKeys (ConfUtils.java:logGet(43)) - raft.server.watch.timeout.denomination = 1s (default)
2019-09-26 15:13:40,033 [b3e939fd-eb36-468b-9efe-5d0a1fdaa172@group-E2463642327B:LeaderElection233] INFO  impl.RoleInfo (RoleInfo.java:updateAndGet(143)) - b3e939fd-eb36-468b-9efe-5d0a1fdaa172: start LeaderState
2019-09-26 15:13:40,030 [Thread-1303] INFO  impl.FollowerState (FollowerState.java:run(106)) - b3e939fd-eb36-468b-9efe-5d0a1fdaa172:group-DF5FBD1E9085 changes to CANDIDATE, lastRpcTime:10449, electionTimeout:5012ms
2019-09-26 15:13:40,029 [b3e939fd-eb36-468b-9efe-5d0a1fdaa172@group-F6B43F86DCC6-SegmentedRaftLogWorker] ERROR segmented.SegmentedRaftLogWorker (SegmentedRaftLogWorker.java:run(323)) - b3e939fd-eb36-468b-9efe-5d0a1fdaa172@group-F6B43F86DCC6-SegmentedRaftLogWorker hit exception
java.lang.OutOfMemoryError: Direct buffer memory
	at java.nio.Bits.reserveMemory(Bits.java:666)
	at java.nio.DirectByteBuffer.<init>(DirectByteBuffer.java:123)
	at java.nio.ByteBuffer.allocateDirect(ByteBuffer.java:311)
	at org.apache.ratis.server.raftlog.segmented.BufferedWriteChannel.<init>(BufferedWriteChannel.java:41)
	at org.apache.ratis.server.raftlog.segmented.SegmentedRaftLogOutputStream.<init>(SegmentedRaftLogOutputStream.java:72)
	at org.apache.ratis.server.raftlog.segmented.SegmentedRaftLogWorker$StartLogSegment.execute(SegmentedRaftLogWorker.java:566)
	at org.apache.ratis.server.raftlog.segmented.SegmentedRaftLogWorker.run(SegmentedRaftLogWorker.java:289)
	at java.lang.Thread.run(Thread.java:748)
2019-09-26 15:13:40,029 [b3e939fd-eb36-468b-9efe-5d0a1fdaa172@group-9B7D74F6726A-SegmentedRaftLogWorker] ERROR segmented.SegmentedRaftLogWorker (SegmentedRaftLogWorker.java:run(323)) - b3e939fd-eb36-468b-9efe-5d0a1fdaa172@group-9B7D74F6726A-SegmentedRaftLogWorker hit exception
java.lang.OutOfMemoryError: Direct buffer memory
	at java.nio.Bits.reserveMemory(Bits.java:666)
	at java.nio.DirectByteBuffer.<init>(DirectByteBuffer.java:123)
	at java.nio.ByteBuffer.allocateDirect(ByteBuffer.java:311)
	at org.apache.ratis.server.raftlog.segmented.BufferedWriteChannel.<init>(BufferedWriteChannel.java:41)
	at org.apache.ratis.server.raftlog.segmented.SegmentedRaftLogOutputStream.<init>(SegmentedRaftLogOutputStream.java:72)
	at org.apache.ratis.server.raftlog.segmented.SegmentedRaftLogWorker$StartLogSegment.execute(SegmentedRaftLogWorker.java:566)
	at org.apache.ratis.server.raftlog.segmented.SegmentedRaftLogWorker.run(SegmentedRaftLogWorker.java:289)
	at java.lang.Thread.run(Thread.java:748)
2019-09-26 15:13:39,740 [b3e939fd-eb36-468b-9efe-5d0a1fdaa172@group-5C744E83DB9A:LeaderElection256] INFO  server.RaftServerConfigKeys (ConfUtils.java:logGet(43)) - raft.server.watch.timeout = 10s (default)
2019-09-26 15:13:39,740 [b3e939fd-eb36-468b-9efe-5d0a1fdaa172@group-B8A18754ECB2:LeaderElection257] INFO  server.RaftServerConfigKeys (ConfUtils.java:logGet(43)) - raft.server.watch.timeout.denomination = 1s (default)
2019-09-26 15:13:39,740 [b3e939fd-eb36-468b-9efe-5d0a1fdaa172@group-84D1E06F87C5:LeaderElection258] INFO  server.RaftServerConfigKeys (ConfUtils.java:logGet(43)) - raft.server.rpc.sleep.time = 25ms (default)
2019-09-26 15:13:39,739 [b3e939fd-eb36-468b-9efe-5d0a1fdaa172@group-CF8139000EF1-SegmentedRaftLogWorker] INFO  impl.StateMachineUpdater (StateMachineUpdater.java:stopAndJoin(125)) - b3e939fd-eb36-468b-9efe-5d0a1fdaa172@group-CF8139000EF1-StateMachineUpdater: set stopIndex = -1
2019-09-26 15:13:40,034 [b3e939fd-eb36-468b-9efe-5d0a1fdaa172@group-896043BAD063:LeaderElection243] INFO  impl.RoleInfo (RoleInfo.java:updateAndGet(143)) - b3e939fd-eb36-468b-9efe-5d0a1fdaa172: start LeaderState
2019-09-26 15:13:40,034 [b3e939fd-eb36-468b-9efe-5d0a1fdaa172@group-84D1E06F87C5:LeaderElection258] INFO  server.RaftServerConfigKeys (ConfUtils.java:logGet(43)) - raft.server.write.element-limit = 4096 (default)
2019-09-26 15:13:40,034 [b3e939fd-eb36-468b-9efe-5d0a1fdaa172@group-B8A18754ECB2:LeaderElection257] INFO  server.RaftServerConfigKeys (ConfUtils.java:logGet(43)) - raft.server.watch.element-limit = 65536 (default)
2019-09-26 15:13:40,034 [b3e939fd-eb36-468b-9efe-5d0a1fdaa172@group-5C744E83DB9A:LeaderElection256] INFO  server.RaftServerConfigKeys (ConfUtils.java:logGet(43)) - raft.server.watch.timeout.denomination = 1s (default)
2019-09-26 15:13:40,034 [b3e939fd-eb36-468b-9efe-5d0a1fdaa172@group-9B7D74F6726A-SegmentedRaftLogWorker] INFO  impl.RaftServerImpl (RaftServerImpl.java:lambda$shutdown$3(251)) - b3e939fd-eb36-468b-9efe-5d0a1fdaa172@group-9B7D74F6726A: shutdown
2019-09-26 15:13:40,033 [b3e939fd-eb36-468b-9efe-5d0a1fdaa172@group-F6B43F86DCC6-SegmentedRaftLogWorker] INFO  impl.RaftServerImpl (RaftServerImpl.java:lambda$shutdown$3(251)) - b3e939fd-eb36-468b-9efe-5d0a1fdaa172@group-F6B43F86DCC6: shutdown
2019-09-26 15:13:40,033 [b3e939fd-eb36-468b-9efe-5d0a1fdaa172@group-E2463642327B:LeaderElection233] INFO  segmented.SegmentedRaftLogWorker (SegmentedRaftLogWorker.java:startLogSegment(380)) - b3e939fd-eb36-468b-9efe-5d0a1fdaa172@group-E2463642327B-SegmentedRaftLogWorker: Starting segment from index:0
2019-09-26 15:13:40,033 [b3e939fd-eb36-468b-9efe-5d0a1fdaa172@group-F5BF1B3E3E4A:LeaderElection248] INFO  server.RaftServerConfigKeys (ConfUtils.java:logGet(43)) - raft.server.watch.element-limit = 65536 (default)
2019-09-26 15:13:40,035 [b3e939fd-eb36-468b-9efe-5d0a1fdaa172@group-E2463642327B:LeaderElection233] INFO  impl.RaftServerImpl (ServerState.java:setRaftConf(354)) - b3e939fd-eb36-468b-9efe-5d0a1fdaa172@group-E2463642327B: set configuration 0: [b3e939fd-eb36-468b-9efe-5d0a1fdaa172:192.168.151.99:45433], old=null at 0
2019-09-26 15:13:40,035 [Thread-1303] INFO  impl.RoleInfo (RoleInfo.java:shutdownFollowerState(121)) - b3e939fd-eb36-468b-9efe-5d0a1fdaa172: shutdown FollowerState
2019-09-26 15:13:40,035 [b3e939fd-eb36-468b-9efe-5d0a1fdaa172@group-5C744E83DB9A:LeaderElection256] INFO  server.RaftServerConfigKeys (ConfUtils.java:logGet(43)) - raft.server.watch.element-limit = 65536 (default)
2019-09-26 15:13:40,034 [b3e939fd-eb36-468b-9efe-5d0a1fdaa172@group-84D1E06F87C5:LeaderElection258] INFO  server.RaftServerConfigKeys (ConfUtils.java:logGet(43)) - raft.server.watch.timeout = 10s (default)
2019-09-26 15:13:40,034 [b3e939fd-eb36-468b-9efe-5d0a1fdaa172@group-896043BAD063:LeaderElection243] INFO  segmented.SegmentedRaftLogWorker (SegmentedRaftLogWorker.java:startLogSegment(380)) - b3e939fd-eb36-468b-9efe-5d0a1fdaa172@group-896043BAD063-SegmentedRaftLogWorker: Starting segment from index:0
2019-09-26 15:13:40,034 [b3e939fd-eb36-468b-9efe-5d0a1fdaa172@group-CF8139000EF1-SegmentedRaftLogWorker] INFO  impl.RaftServerImpl (ServerState.java:close(385)) - b3e939fd-eb36-468b-9efe-5d0a1fdaa172@group-CF8139000EF1: closes. applyIndex: -1
2019-09-26 15:13:40,298 [b3e939fd-eb36-468b-9efe-5d0a1fdaa172@group-84D1E06F87C5:LeaderElection258] INFO  server.RaftServerConfigKeys (ConfUtils.java:logGet(43)) - raft.server.watch.timeout.denomination = 1s (default)
2019-09-26 15:13:40,298 [Thread-1303] INFO  impl.RaftServerImpl (RaftServerImpl.java:setRole(174)) - b3e939fd-eb36-468b-9efe-5d0a1fdaa172@group-DF5FBD1E9085: changes role from  FOLLOWER to CANDIDATE at term 0 for changeToCandidate
2019-09-26 15:13:40,297 [b3e939fd-eb36-468b-9efe-5d0a1fdaa172@group-5A4780976490:LeaderElection259] INFO  impl.LeaderElection (LeaderElection.java:askForVotes(182)) - b3e939fd-eb36-468b-9efe-5d0a1fdaa172@group-5A4780976490:LeaderElection259: begin an election at term 1 for -1: [b3e939fd-eb36-468b-9efe-5d0a1fdaa172:192.168.151.99:45433], old=null
2019-09-26 15:13:40,295 [Thread-1297] INFO  impl.FollowerState (FollowerState.java:run(106)) - b3e939fd-eb36-468b-9efe-5d0a1fdaa172:group-54B73EABA4F1 changes to CANDIDATE, lastRpcTime:10785, electionTimeout:5153ms
2019-09-26 15:13:40,294 [Thread-1309] INFO  impl.FollowerState (FollowerState.java:run(106)) - b3e939fd-eb36-468b-9efe-5d0a1fdaa172:group-98F9BF2BE007 changes to CANDIDATE, lastRpcTime:10650, electionTimeout:5185ms
2019-09-26 15:13:40,293 [b3e939fd-eb36-468b-9efe-5d0a1fdaa172@group-1634C81BDE85-SegmentedRaftLogWorker] ERROR segmented.SegmentedRaftLogWorker (SegmentedRaftLogWorker.java:run(323)) - b3e939fd-eb36-468b-9efe-5d0a1fdaa172@group-1634C81BDE85-SegmentedRaftLogWorker hit exception
java.lang.OutOfMemoryError: Direct buffer memory
	at java.nio.Bits.reserveMemory(Bits.java:666)
	at java.nio.DirectByteBuffer.<init>(DirectByteBuffer.java:123)
	at java.nio.ByteBuffer.allocateDirect(ByteBuffer.java:311)
	at org.apache.ratis.server.raftlog.segmented.BufferedWriteChannel.<init>(BufferedWriteChannel.java:41)
	at org.apache.ratis.server.raftlog.segmented.SegmentedRaftLogOutputStream.<init>(SegmentedRaftLogOutputStream.java:72)
	at org.apache.ratis.server.raftlog.segmented.SegmentedRaftLogWorker$StartLogSegment.execute(SegmentedRaftLogWorker.java:566)
	at org.apache.ratis.server.raftlog.segmented.SegmentedRaftLogWorker.run(SegmentedRaftLogWorker.java:289)
	at java.lang.Thread.run(Thread.java:748)
2019-09-26 15:13:40,581 [b3e939fd-eb36-468b-9efe-5d0a1fdaa172@group-1634C81BDE85-SegmentedRaftLogWorker] INFO  impl.RaftServerImpl (RaftServerImpl.java:lambda$shutdown$3(251)) - b3e939fd-eb36-468b-9efe-5d0a1fdaa172@group-1634C81BDE85: shutdown
2019-09-26 15:13:40,293 [b3e939fd-eb36-468b-9efe-5d0a1fdaa172@group-AFE7DB0113F1-SegmentedRaftLogWorker] ERROR segmented.SegmentedRaftLogWorker (SegmentedRaftLogWorker.java:run(323)) - b3e939fd-eb36-468b-9efe-5d0a1fdaa172@group-AFE7DB0113F1-SegmentedRaftLogWorker hit exception
java.lang.OutOfMemoryError: Direct buffer memory
	at java.nio.Bits.reserveMemory(Bits.java:666)
	at java.nio.DirectByteBuffer.<init>(DirectByteBuffer.java:123)
	at java.nio.ByteBuffer.allocateDirect(ByteBuffer.java:311)
	at org.apache.ratis.server.raftlog.segmented.BufferedWriteChannel.<init>(BufferedWriteChannel.java:41)
	at org.apache.ratis.server.raftlog.segmented.SegmentedRaftLogOutputStream.<init>(SegmentedRaftLogOutputStream.java:72)
	at org.apache.ratis.server.raftlog.segmented.SegmentedRaftLogWorker$StartLogSegment.execute(SegmentedRaftLogWorker.java:566)
	at org.apache.ratis.server.raftlog.segmented.SegmentedRaftLogWorker.run(SegmentedRaftLogWorker.java:289)
	at java.lang.Thread.run(Thread.java:748)
2019-09-26 15:13:40,581 [b3e939fd-eb36-468b-9efe-5d0a1fdaa172@group-AFE7DB0113F1-SegmentedRaftLogWorker] INFO  impl.RaftServerImpl (RaftServerImpl.java:lambda$shutdown$3(251)) - b3e939fd-eb36-468b-9efe-5d0a1fdaa172@group-AFE7DB0113F1: shutdown
2019-09-26 15:13:40,581 [b3e939fd-eb36-468b-9efe-5d0a1fdaa172@group-5A4780976490:LeaderElection259] INFO  impl.RoleInfo (RoleInfo.java:shutdownLeaderElection(134)) - b3e939fd-eb36-468b-9efe-5d0a1fdaa172: shutdown LeaderElection
2019-09-26 15:13:40,580 [Thread-1303] INFO  impl.RoleInfo (RoleInfo.java:updateAndGet(143)) - b3e939fd-eb36-468b-9efe-5d0a1fdaa172: start LeaderElection
2019-09-26 15:13:40,575 [b3e939fd-eb36-468b-9efe-5d0a1fdaa172@group-AD8F5DA59BC3-SegmentedRaftLogWorker] ERROR segmented.SegmentedRaftLogWorker (SegmentedRaftLogWorker.java:run(323)) - b3e939fd-eb36-468b-9efe-5d0a1fdaa172@group-AD8F5DA59BC3-SegmentedRaftLogWorker hit exception
java.lang.OutOfMemoryError: Direct buffer memory
	at java.nio.Bits.reserveMemory(Bits.java:666)
	at java.nio.DirectByteBuffer.<init>(DirectByteBuffer.java:123)
	at java.nio.ByteBuffer.allocateDirect(ByteBuffer.java:311)
	at org.apache.ratis.server.raftlog.segmented.BufferedWriteChannel.<init>(BufferedWriteChannel.java:41)
	at org.apache.ratis.server.raftlog.segmented.SegmentedRaftLogOutputStream.<init>(SegmentedRaftLogOutputStream.java:72)
	at org.apache.ratis.server.raftlog.segmented.SegmentedRaftLogWorker$StartLogSegment.execute(SegmentedRaftLogWorker.java:566)
	at org.apache.ratis.server.raftlog.segmented.SegmentedRaftLogWorker.run(SegmentedRaftLogWorker.java:289)
	at java.lang.Thread.run(Thread.java:748)
2019-09-26 15:13:40,582 [b3e939fd-eb36-468b-9efe-5d0a1fdaa172@group-AD8F5DA59BC3-SegmentedRaftLogWorker] INFO  impl.RaftServerImpl (RaftServerImpl.java:lambda$shutdown$3(251)) - b3e939fd-eb36-468b-9efe-5d0a1fdaa172@group-AD8F5DA59BC3: shutdown
2019-09-26 15:13:40,575 [b3e939fd-eb36-468b-9efe-5d0a1fdaa172@group-9F36EFB420F2-SegmentedRaftLogWorker] ERROR segmented.SegmentedRaftLogWorker (SegmentedRaftLogWorker.java:run(323)) - b3e939fd-eb36-468b-9efe-5d0a1fdaa172@group-9F36EFB420F2-SegmentedRaftLogWorker hit exception
java.lang.OutOfMemoryError: Direct buffer memory
	at java.nio.Bits.reserveMemory(Bits.java:666)
	at java.nio.DirectByteBuffer.<init>(DirectByteBuffer.java:123)
	at java.nio.ByteBuffer.allocateDirect(ByteBuffer.java:311)
	at org.apache.ratis.server.raftlog.segmented.BufferedWriteChannel.<init>(BufferedWriteChannel.java:41)
	at org.apache.ratis.server.raftlog.segmented.SegmentedRaftLogOutputStream.<init>(SegmentedRaftLogOutputStream.java:72)
	at org.apache.ratis.server.raftlog.segmented.SegmentedRaftLogWorker$StartLogSegment.execute(SegmentedRaftLogWorker.java:566)
	at org.apache.ratis.server.raftlog.segmented.SegmentedRaftLogWorker.run(SegmentedRaftLogWorker.java:289)
	at java.lang.Thread.run(Thread.java:748)
2019-09-26 15:13:40,582 [b3e939fd-eb36-468b-9efe-5d0a1fdaa172@group-9F36EFB420F2-SegmentedRaftLogWorker] INFO  impl.RaftServerImpl (RaftServerImpl.java:lambda$shutdown$3(251)) - b3e939fd-eb36-468b-9efe-5d0a1fdaa172@group-9F36EFB420F2: shutdown
2019-09-26 15:13:40,299 [b3e939fd-eb36-468b-9efe-5d0a1fdaa172@group-84D1E06F87C5:LeaderElection258] INFO  server.RaftServerConfigKeys (ConfUtils.java:logGet(43)) - raft.server.watch.element-limit = 65536 (default)
2019-09-26 15:13:40,298 [b3e939fd-eb36-468b-9efe-5d0a1fdaa172@group-CF8139000EF1-SegmentedRaftLogWorker] INFO  segmented.SegmentedRaftLogWorker (SegmentedRaftLogWorker.java:close(228)) - b3e939fd-eb36-468b-9efe-5d0a1fdaa172@group-CF8139000EF1-SegmentedRaftLogWorker close()
2019-09-26 15:13:40,298 [b3e939fd-eb36-468b-9efe-5d0a1fdaa172@group-896043BAD063:LeaderElection243] INFO  impl.RaftServerImpl (ServerState.java:setRaftConf(354)) - b3e939fd-eb36-468b-9efe-5d0a1fdaa172@group-896043BAD063: set configuration 0: [b3e939fd-eb36-468b-9efe-5d0a1fdaa172:192.168.151.99:45433], old=null at 0
2019-09-26 15:13:40,582 [Thread-1309] INFO  impl.RoleInfo (RoleInfo.java:shutdownFollowerState(121)) - b3e939fd-eb36-468b-9efe-5d0a1fdaa172: shutdown FollowerState
2019-09-26 15:13:40,582 [b3e939fd-eb36-468b-9efe-5d0a1fdaa172@group-F6B43F86DCC6-SegmentedRaftLogWorker] INFO  util.JmxRegister (JmxRegister.java:unregister(73)) - Successfully un-registered JMX Bean with object name Ratis:service=RaftServer,group=group-F6B43F86DCC6,id=b3e939fd-eb36-468b-9efe-5d0a1fdaa172
2019-09-26 15:13:40,582 [Thread-1297] INFO  impl.RoleInfo (RoleInfo.java:shutdownFollowerState(121)) - b3e939fd-eb36-468b-9efe-5d0a1fdaa172: shutdown FollowerState
2019-09-26 15:13:40,582 [b3e939fd-eb36-468b-9efe-5d0a1fdaa172@group-9B7D74F6726A-SegmentedRaftLogWorker] INFO  util.JmxRegister (JmxRegister.java:unregister(73)) - Successfully un-registered JMX Bean with object name Ratis:service=RaftServer,group=group-9B7D74F6726A,id=b3e939fd-eb36-468b-9efe-5d0a1fdaa172
2019-09-26 15:13:40,582 [b3e939fd-eb36-468b-9efe-5d0a1fdaa172@group-5A4780976490:LeaderElection259] INFO  impl.RaftServerImpl (RaftServerImpl.java:setRole(174)) - b3e939fd-eb36-468b-9efe-5d0a1fdaa172@group-5A4780976490: changes role from CANDIDATE to LEADER at term 1 for changeToLeader
2019-09-26 15:13:40,583 [b3e939fd-eb36-468b-9efe-5d0a1fdaa172@group-9B7D74F6726A-SegmentedRaftLogWorker] INFO  impl.RoleInfo (RoleInfo.java:shutdownLeaderState(104)) - b3e939fd-eb36-468b-9efe-5d0a1fdaa172: shutdown LeaderState
2019-09-26 15:13:40,583 [Thread-1297] INFO  impl.RaftServerImpl (RaftServerImpl.java:setRole(174)) - b3e939fd-eb36-468b-9efe-5d0a1fdaa172@group-54B73EABA4F1: changes role from  FOLLOWER to CANDIDATE at term 0 for changeToCandidate
2019-09-26 15:13:40,583 [Thread-1297] INFO  impl.RoleInfo (RoleInfo.java:updateAndGet(143)) - b3e939fd-eb36-468b-9efe-5d0a1fdaa172: start LeaderElection
2019-09-26 15:13:40,583 [b3e939fd-eb36-468b-9efe-5d0a1fdaa172@group-F6B43F86DCC6-SegmentedRaftLogWorker] INFO  impl.RoleInfo (RoleInfo.java:shutdownLeaderState(104)) - b3e939fd-eb36-468b-9efe-5d0a1fdaa172: shutdown LeaderState
2019-09-26 15:13:40,583 [Thread-1309] INFO  impl.RaftServerImpl (RaftServerImpl.java:setRole(174)) - b3e939fd-eb36-468b-9efe-5d0a1fdaa172@group-98F9BF2BE007: changes role from  FOLLOWER to CANDIDATE at term 0 for changeToCandidate
2019-09-26 15:13:40,584 [b3e939fd-eb36-468b-9efe-5d0a1fdaa172@group-F6B43F86DCC6-SegmentedRaftLogWorker] INFO  impl.PendingRequests (PendingRequests.java:sendNotLeaderResponses(202)) - b3e939fd-eb36-468b-9efe-5d0a1fdaa172-PendingRequests: sendNotLeaderResponses
2019-09-26 15:13:40,583 [b3e939fd-eb36-468b-9efe-5d0a1fdaa172@group-9B7D74F6726A-SegmentedRaftLogWorker] INFO  impl.PendingRequests (PendingRequests.java:sendNotLeaderResponses(202)) - b3e939fd-eb36-468b-9efe-5d0a1fdaa172-PendingRequests: sendNotLeaderResponses
2019-09-26 15:13:40,583 [b3e939fd-eb36-468b-9efe-5d0a1fdaa172@group-5A4780976490:LeaderElection259] INFO  impl.RaftServerImpl (ServerState.java:setLeader(253)) - b3e939fd-eb36-468b-9efe-5d0a1fdaa172@group-5A4780976490: change Leader from null to b3e939fd-eb36-468b-9efe-5d0a1fdaa172 at term 1 for becomeLeader, leader elected after 6056ms
2019-09-26 15:13:40,584 [b3e939fd-eb36-468b-9efe-5d0a1fdaa172@group-9B7D74F6726A-SegmentedRaftLogWorker] INFO  impl.StateMachineUpdater (StateMachineUpdater.java:stopAndJoin(125)) - b3e939fd-eb36-468b-9efe-5d0a1fdaa172@group-9B7D74F6726A-StateMachineUpdater: set stopIndex = -1
2019-09-26 15:13:40,584 [b3e939fd-eb36-468b-9efe-5d0a1fdaa172@group-F6B43F86DCC6-SegmentedRaftLogWorker] INFO  impl.StateMachineUpdater (StateMachineUpdater.java:stopAndJoin(125)) - b3e939fd-eb36-468b-9efe-5d0a1fdaa172@group-F6B43F86DCC6-StateMachineUpdater: set stopIndex = -1
2019-09-26 15:13:40,584 [Thread-1309] INFO  impl.RoleInfo (RoleInfo.java:updateAndGet(143)) - b3e939fd-eb36-468b-9efe-5d0a1fdaa172: start LeaderElection
2019-09-26 15:13:40,584 [b3e939fd-eb36-468b-9efe-5d0a1fdaa172@group-1634C81BDE85-SegmentedRaftLogWorker] INFO  util.JmxRegister (JmxRegister.java:unregister(73)) - Successfully un-registered JMX Bean with object name Ratis:service=RaftServer,group=group-1634C81BDE85,id=b3e939fd-eb36-468b-9efe-5d0a1fdaa172
2019-09-26 15:13:40,584 [b3e939fd-eb36-468b-9efe-5d0a1fdaa172@group-F6B43F86DCC6-SegmentedRaftLogWorker] INFO  impl.RaftServerImpl (ServerState.java:close(385)) - b3e939fd-eb36-468b-9efe-5d0a1fdaa172@group-F6B43F86DCC6: closes. applyIndex: -1
2019-09-26 15:13:40,584 [b3e939fd-eb36-468b-9efe-5d0a1fdaa172@group-9B7D74F6726A-SegmentedRaftLogWorker] INFO  impl.RaftServerImpl (ServerState.java:close(385)) - b3e939fd-eb36-468b-9efe-5d0a1fdaa172@group-9B7D74F6726A: closes. applyIndex: -1
2019-09-26 15:13:40,584 [b3e939fd-eb36-468b-9efe-5d0a1fdaa172@group-5A4780976490:LeaderElection259] INFO  server.RaftServerConfigKeys (ConfUtils.java:logGet(43)) - raft.server.staging.catchup.gap = 1000 (default)
2019-09-26 15:13:40,585 [b3e939fd-eb36-468b-9efe-5d0a1fdaa172@group-9B7D74F6726A-SegmentedRaftLogWorker] INFO  segmented.SegmentedRaftLogWorker (SegmentedRaftLogWorker.java:close(228)) - b3e939fd-eb36-468b-9efe-5d0a1fdaa172@group-9B7D74F6726A-SegmentedRaftLogWorker close()
2019-09-26 15:13:40,585 [b3e939fd-eb36-468b-9efe-5d0a1fdaa172@group-F6B43F86DCC6-SegmentedRaftLogWorker] INFO  segmented.SegmentedRaftLogWorker (SegmentedRaftLogWorker.java:close(228)) - b3e939fd-eb36-468b-9efe-5d0a1fdaa172@group-F6B43F86DCC6-SegmentedRaftLogWorker close()
2019-09-26 15:13:40,585 [b3e939fd-eb36-468b-9efe-5d0a1fdaa172@group-AD8F5DA59BC3-SegmentedRaftLogWorker] INFO  util.JmxRegister (JmxRegister.java:unregister(73)) - Successfully un-registered JMX Bean with object name Ratis:service=RaftServer,group=group-AD8F5DA59BC3,id=b3e939fd-eb36-468b-9efe-5d0a1fdaa172
2019-09-26 15:13:40,585 [b3e939fd-eb36-468b-9efe-5d0a1fdaa172@group-AFE7DB0113F1-SegmentedRaftLogWorker] INFO  util.JmxRegister (JmxRegister.java:unregister(73)) - Successfully un-registered JMX Bean with object name Ratis:service=RaftServer,group=group-AFE7DB0113F1,id=b3e939fd-eb36-468b-9efe-5d0a1fdaa172
2019-09-26 15:13:40,585 [b3e939fd-eb36-468b-9efe-5d0a1fdaa172@group-AFE7DB0113F1-SegmentedRaftLogWorker] INFO  impl.RoleInfo (RoleInfo.java:shutdownLeaderState(104)) - b3e939fd-eb36-468b-9efe-5d0a1fdaa172: shutdown LeaderState
2019-09-26 15:13:40,585 [b3e939fd-eb36-468b-9efe-5d0a1fdaa172@group-1634C81BDE85-SegmentedRaftLogWorker] INFO  impl.RoleInfo (RoleInfo.java:shutdownLeaderState(104)) - b3e939fd-eb36-468b-9efe-5d0a1fdaa172: shutdown LeaderState
2019-09-26 15:13:40,585 [b3e939fd-eb36-468b-9efe-5d0a1fdaa172@group-9F36EFB420F2-SegmentedRaftLogWorker] INFO  util.JmxRegister (JmxRegister.java:unregister(73)) - Successfully un-registered JMX Bean with object name Ratis:service=RaftServer,group=group-9F36EFB420F2,id=b3e939fd-eb36-468b-9efe-5d0a1fdaa172
2019-09-26 15:13:40,585 [b3e939fd-eb36-468b-9efe-5d0a1fdaa172@group-AFE7DB0113F1-SegmentedRaftLogWorker] INFO  impl.PendingRequests (PendingRequests.java:sendNotLeaderResponses(202)) - b3e939fd-eb36-468b-9efe-5d0a1fdaa172-PendingRequests: sendNotLeaderResponses
2019-09-26 15:13:40,585 [b3e939fd-eb36-468b-9efe-5d0a1fdaa172@group-AD8F5DA59BC3-SegmentedRaftLogWorker] INFO  impl.RoleInfo (RoleInfo.java:shutdownLeaderState(104)) - b3e939fd-eb36-468b-9efe-5d0a1fdaa172: shutdown LeaderState
2019-09-26 15:13:40,585 [b3e939fd-eb36-468b-9efe-5d0a1fdaa172@group-5A4780976490:LeaderElection259] INFO  server.RaftServerConfigKeys (ConfUtils.java:logGet(43)) - raft.server.rpc.sleep.time = 25ms (default)
2019-09-26 15:13:40,586 [b3e939fd-eb36-468b-9efe-5d0a1fdaa172@group-AD8F5DA59BC3-SegmentedRaftLogWorker] INFO  impl.PendingRequests (PendingRequests.java:sendNotLeaderResponses(202)) - b3e939fd-eb36-468b-9efe-5d0a1fdaa172-PendingRequests: sendNotLeaderResponses
2019-09-26 15:13:40,586 [b3e939fd-eb36-468b-9efe-5d0a1fdaa172@group-AFE7DB0113F1-SegmentedRaftLogWorker] INFO  impl.StateMachineUpdater (StateMachineUpdater.java:stopAndJoin(125)) - b3e939fd-eb36-468b-9efe-5d0a1fdaa172@group-AFE7DB0113F1-StateMachineUpdater: set stopIndex = -1
2019-09-26 15:13:40,586 [b3e939fd-eb36-468b-9efe-5d0a1fdaa172@group-AFE7DB0113F1-SegmentedRaftLogWorker] INFO  impl.RaftServerImpl (ServerState.java:close(385)) - b3e939fd-eb36-468b-9efe-5d0a1fdaa172@group-AFE7DB0113F1: closes. applyIndex: -1
2019-09-26 15:13:40,586 [b3e939fd-eb36-468b-9efe-5d0a1fdaa172@group-E77F7695A491:LeaderElection239] INFO  impl.RoleInfo (RoleInfo.java:updateAndGet(143)) - b3e939fd-eb36-468b-9efe-5d0a1fdaa172: start LeaderState
2019-09-26 15:13:40,586 [b3e939fd-eb36-468b-9efe-5d0a1fdaa172@group-9F36EFB420F2-SegmentedRaftLogWorker] INFO  impl.RoleInfo (RoleInfo.java:shutdownLeaderState(104)) - b3e939fd-eb36-468b-9efe-5d0a1fdaa172: shutdown LeaderState
2019-09-26 15:13:40,586 [b3e939fd-eb36-468b-9efe-5d0a1fdaa172@group-1634C81BDE85-SegmentedRaftLogWorker] INFO  impl.PendingRequests (PendingRequests.java:sendNotLeaderResponses(202)) - b3e939fd-eb36-468b-9efe-5d0a1fdaa172-PendingRequests: sendNotLeaderResponses
2019-09-26 15:13:40,586 [b3e939fd-eb36-468b-9efe-5d0a1fdaa172@group-9F36EFB420F2-SegmentedRaftLogWorker] INFO  impl.PendingRequests (PendingRequests.java:sendNotLeaderResponses(202)) - b3e939fd-eb36-468b-9efe-5d0a1fdaa172-PendingRequests: sendNotLeaderResponses
2019-09-26 15:13:40,586 [b3e939fd-eb36-468b-9efe-5d0a1fdaa172@group-E77F7695A491:LeaderElection239] INFO  segmented.SegmentedRaftLogWorker (SegmentedRaftLogWorker.java:startLogSegment(380)) - b3e939fd-eb36-468b-9efe-5d0a1fdaa172@group-E77F7695A491-SegmentedRaftLogWorker: Starting segment from index:0
2019-09-26 15:13:40,586 [b3e939fd-eb36-468b-9efe-5d0a1fdaa172@group-AFE7DB0113F1-SegmentedRaftLogWorker] INFO  segmented.SegmentedRaftLogWorker (SegmentedRaftLogWorker.java:close(228)) - b3e939fd-eb36-468b-9efe-5d0a1fdaa172@group-AFE7DB0113F1-SegmentedRaftLogWorker close()
2019-09-26 15:13:40,586 [b3e939fd-eb36-468b-9efe-5d0a1fdaa172@group-AD8F5DA59BC3-SegmentedRaftLogWorker] INFO  impl.StateMachineUpdater (StateMachineUpdater.java:stopAndJoin(125)) - b3e939fd-eb36-468b-9efe-5d0a1fdaa172@group-AD8F5DA59BC3-StateMachineUpdater: set stopIndex = -1
2019-09-26 15:13:40,586 [b3e939fd-eb36-468b-9efe-5d0a1fdaa172@group-5A4780976490:LeaderElection259] INFO  server.RaftServerConfigKeys (ConfUtils.java:logGet(43)) - raft.server.write.element-limit = 4096 (default)
2019-09-26 15:13:40,587 [b3e939fd-eb36-468b-9efe-5d0a1fdaa172@group-AD8F5DA59BC3-SegmentedRaftLogWorker] INFO  impl.RaftServerImpl (ServerState.java:close(385)) - b3e939fd-eb36-468b-9efe-5d0a1fdaa172@group-AD8F5DA59BC3: closes. applyIndex: -1
2019-09-26 15:13:40,587 [b3e939fd-eb36-468b-9efe-5d0a1fdaa172@group-FC0C2CB5B5D7:LeaderElection231] INFO  impl.RoleInfo (RoleInfo.java:updateAndGet(143)) - b3e939fd-eb36-468b-9efe-5d0a1fdaa172: start LeaderState
2019-09-26 15:13:40,587 [b3e939fd-eb36-468b-9efe-5d0a1fdaa172@group-9F36EFB420F2-SegmentedRaftLogWorker] INFO  impl.StateMachineUpdater (StateMachineUpdater.java:stopAndJoin(125)) - b3e939fd-eb36-468b-9efe-5d0a1fdaa172@group-9F36EFB420F2-StateMachineUpdater: set stopIndex = -1
2019-09-26 15:13:40,895 [b3e939fd-eb36-468b-9efe-5d0a1fdaa172@group-9F36EFB420F2-SegmentedRaftLogWorker] INFO  impl.RaftServerImpl (ServerState.java:close(385)) - b3e939fd-eb36-468b-9efe-5d0a1fdaa172@group-9F36EFB420F2: closes. applyIndex: -1
2019-09-26 15:13:40,587 [b3e939fd-eb36-468b-9efe-5d0a1fdaa172@group-1634C81BDE85-SegmentedRaftLogWorker] INFO  impl.StateMachineUpdater (StateMachineUpdater.java:stopAndJoin(125)) - b3e939fd-eb36-468b-9efe-5d0a1fdaa172@group-1634C81BDE85-StateMachineUpdater: set stopIndex = -1
2019-09-26 15:13:40,895 [b3e939fd-eb36-468b-9efe-5d0a1fdaa172@group-1634C81BDE85-SegmentedRaftLogWorker] INFO  impl.RaftServerImpl (ServerState.java:close(385)) - b3e939fd-eb36-468b-9efe-5d0a1fdaa172@group-1634C81BDE85: closes. applyIndex: -1
2019-09-26 15:13:40,894 [b3e939fd-eb36-468b-9efe-5d0a1fdaa172@group-FC0C2CB5B5D7:LeaderElection231] INFO  segmented.SegmentedRaftLogWorker (SegmentedRaftLogWorker.java:startLogSegment(380)) - b3e939fd-eb36-468b-9efe-5d0a1fdaa172@group-FC0C2CB5B5D7-SegmentedRaftLogWorker: Starting segment from index:0
2019-09-26 15:13:40,894 [b3e939fd-eb36-468b-9efe-5d0a1fdaa172@group-AD8F5DA59BC3-SegmentedRaftLogWorker] INFO  segmented.SegmentedRaftLogWorker (SegmentedRaftLogWorker.java:close(228)) - b3e939fd-eb36-468b-9efe-5d0a1fdaa172@group-AD8F5DA59BC3-SegmentedRaftLogWorker close()
2019-09-26 15:13:40,894 [b3e939fd-eb36-468b-9efe-5d0a1fdaa172@group-54B73EABA4F1:LeaderElection261] INFO  impl.LeaderElection (LeaderElection.java:askForVotes(182)) - b3e939fd-eb36-468b-9efe-5d0a1fdaa172@group-54B73EABA4F1:LeaderElection261: begin an election at term 1 for -1: [b3e939fd-eb36-468b-9efe-5d0a1fdaa172:192.168.151.99:45433], old=null
2019-09-26 15:13:40,894 [b3e939fd-eb36-468b-9efe-5d0a1fdaa172@group-DF5FBD1E9085:LeaderElection260] INFO  impl.LeaderElection (LeaderElection.java:askForVotes(182)) - b3e939fd-eb36-468b-9efe-5d0a1fdaa172@group-DF5FBD1E9085:LeaderElection260: begin an election at term 1 for -1: [b3e939fd-eb36-468b-9efe-5d0a1fdaa172:192.168.151.99:45433], old=null
2019-09-26 15:13:40,894 [b3e939fd-eb36-468b-9efe-5d0a1fdaa172@group-98F9BF2BE007:LeaderElection262] INFO  impl.LeaderElection (LeaderElection.java:askForVotes(182)) - b3e939fd-eb36-468b-9efe-5d0a1fdaa172@group-98F9BF2BE007:LeaderElection262: begin an election at term 1 for -1: [b3e939fd-eb36-468b-9efe-5d0a1fdaa172:192.168.151.99:45433], old=null
2019-09-26 15:13:40,587 [b3e939fd-eb36-468b-9efe-5d0a1fdaa172@group-5A4780976490:LeaderElection259] INFO  server.RaftServerConfigKeys (ConfUtils.java:logGet(43)) - raft.server.watch.timeout = 10s (default)
2019-09-26 15:13:40,587 [b3e939fd-eb36-468b-9efe-5d0a1fdaa172@group-E77F7695A491:LeaderElection239] INFO  impl.RaftServerImpl (ServerState.java:setRaftConf(354)) - b3e939fd-eb36-468b-9efe-5d0a1fdaa172@group-E77F7695A491: set configuration 0: [b3e939fd-eb36-468b-9efe-5d0a1fdaa172:192.168.151.99:45433], old=null at 0
2019-09-26 15:13:41,086 [b3e939fd-eb36-468b-9efe-5d0a1fdaa172@group-5A4780976490:LeaderElection259] INFO  server.RaftServerConfigKeys (ConfUtils.java:logGet(43)) - raft.server.watch.timeout.denomination = 1s (default)
2019-09-26 15:13:41,086 [b3e939fd-eb36-468b-9efe-5d0a1fdaa172@group-98F9BF2BE007:LeaderElection262] INFO  impl.RoleInfo (RoleInfo.java:shutdownLeaderElection(134)) - b3e939fd-eb36-468b-9efe-5d0a1fdaa172: shutdown LeaderElection
2019-09-26 15:13:41,086 [b3e939fd-eb36-468b-9efe-5d0a1fdaa172@group-DF5FBD1E9085:LeaderElection260] INFO  impl.RoleInfo (RoleInfo.java:shutdownLeaderElection(134)) - b3e939fd-eb36-468b-9efe-5d0a1fdaa172: shutdown LeaderElection
2019-09-26 15:13:41,086 [b3e939fd-eb36-468b-9efe-5d0a1fdaa172@group-54B73EABA4F1:LeaderElection261] INFO  impl.RoleInfo (RoleInfo.java:shutdownLeaderElection(134)) - b3e939fd-eb36-468b-9efe-5d0a1fdaa172: shutdown LeaderElection
2019-09-26 15:13:41,085 [b3e939fd-eb36-468b-9efe-5d0a1fdaa172@group-FC0C2CB5B5D7:LeaderElection231] INFO  impl.RaftServerImpl (ServerState.java:setRaftConf(354)) - b3e939fd-eb36-468b-9efe-5d0a1fdaa172@group-FC0C2CB5B5D7: set configuration 0: [b3e939fd-eb36-468b-9efe-5d0a1fdaa172:192.168.151.99:45433], old=null at 0
2019-09-26 15:13:40,895 [b3e939fd-eb36-468b-9efe-5d0a1fdaa172@group-1634C81BDE85-SegmentedRaftLogWorker] INFO  segmented.SegmentedRaftLogWorker (SegmentedRaftLogWorker.java:close(228)) - b3e939fd-eb36-468b-9efe-5d0a1fdaa172@group-1634C81BDE85-SegmentedRaftLogWorker close()
2019-09-26 15:13:40,895 [b3e939fd-eb36-468b-9efe-5d0a1fdaa172@group-9F36EFB420F2-SegmentedRaftLogWorker] INFO  segmented.SegmentedRaftLogWorker (SegmentedRaftLogWorker.java:close(228)) - b3e939fd-eb36-468b-9efe-5d0a1fdaa172@group-9F36EFB420F2-SegmentedRaftLogWorker close()
2019-09-26 15:13:41,087 [b3e939fd-eb36-468b-9efe-5d0a1fdaa172@group-54B73EABA4F1:LeaderElection261] INFO  impl.RaftServerImpl (RaftServerImpl.java:setRole(174)) - b3e939fd-eb36-468b-9efe-5d0a1fdaa172@group-54B73EABA4F1: changes role from CANDIDATE to LEADER at term 1 for changeToLeader
2019-09-26 15:13:41,087 [b3e939fd-eb36-468b-9efe-5d0a1fdaa172@group-DF5FBD1E9085:LeaderElection260] INFO  impl.RaftServerImpl (RaftServerImpl.java:setRole(174)) - b3e939fd-eb36-468b-9efe-5d0a1fdaa172@group-DF5FBD1E9085: changes role from CANDIDATE to LEADER at term 1 for changeToLeader
2019-09-26 15:13:41,088 [b3e939fd-eb36-468b-9efe-5d0a1fdaa172@group-DF5FBD1E9085:LeaderElection260] INFO  impl.RaftServerImpl (ServerState.java:setLeader(253)) - b3e939fd-eb36-468b-9efe-5d0a1fdaa172@group-DF5FBD1E9085: change Leader from null to b3e939fd-eb36-468b-9efe-5d0a1fdaa172 at term 1 for becomeLeader, leader elected after 11510ms
2019-09-26 15:13:41,087 [b3e939fd-eb36-468b-9efe-5d0a1fdaa172@group-98F9BF2BE007:LeaderElection262] INFO  impl.RaftServerImpl (RaftServerImpl.java:setRole(174)) - b3e939fd-eb36-468b-9efe-5d0a1fdaa172@group-98F9BF2BE007: changes role from CANDIDATE to LEADER at term 1 for changeToLeader
2019-09-26 15:13:41,087 [b3e939fd-eb36-468b-9efe-5d0a1fdaa172@group-5A4780976490:LeaderElection259] INFO  server.RaftServerConfigKeys (ConfUtils.java:logGet(43)) - raft.server.watch.element-limit = 65536 (default)
2019-09-26 15:13:41,088 [b3e939fd-eb36-468b-9efe-5d0a1fdaa172@group-98F9BF2BE007:LeaderElection262] INFO  impl.RaftServerImpl (ServerState.java:setLeader(253)) - b3e939fd-eb36-468b-9efe-5d0a1fdaa172@group-98F9BF2BE007: change Leader from null to b3e939fd-eb36-468b-9efe-5d0a1fdaa172 at term 1 for becomeLeader, leader elected after 11449ms
2019-09-26 15:13:41,088 [b3e939fd-eb36-468b-9efe-5d0a1fdaa172@group-DF5FBD1E9085:LeaderElection260] INFO  server.RaftServerConfigKeys (ConfUtils.java:logGet(43)) - raft.server.staging.catchup.gap = 1000 (default)
2019-09-26 15:13:41,087 [b3e939fd-eb36-468b-9efe-5d0a1fdaa172@group-54B73EABA4F1:LeaderElection261] INFO  impl.RaftServerImpl (ServerState.java:setLeader(253)) - b3e939fd-eb36-468b-9efe-5d0a1fdaa172@group-54B73EABA4F1: change Leader from null to b3e939fd-eb36-468b-9efe-5d0a1fdaa172 at term 1 for becomeLeader, leader elected after 11580ms
2019-09-26 15:13:41,088 [b3e939fd-eb36-468b-9efe-5d0a1fdaa172@group-DF5FBD1E9085:LeaderElection260] INFO  server.RaftServerConfigKeys (ConfUtils.java:logGet(43)) - raft.server.rpc.sleep.time = 25ms (default)
2019-09-26 15:13:41,088 [b3e939fd-eb36-468b-9efe-5d0a1fdaa172@group-5DF16D025390:LeaderElection218] INFO  impl.RoleInfo (RoleInfo.java:updateAndGet(143)) - b3e939fd-eb36-468b-9efe-5d0a1fdaa172: start LeaderState
2019-09-26 15:13:41,088 [b3e939fd-eb36-468b-9efe-5d0a1fdaa172@group-98F9BF2BE007:LeaderElection262] INFO  server.RaftServerConfigKeys (ConfUtils.java:logGet(43)) - raft.server.staging.catchup.gap = 1000 (default)
2019-09-26 15:13:41,089 [b3e939fd-eb36-468b-9efe-5d0a1fdaa172@group-5DF16D025390:LeaderElection218] INFO  segmented.SegmentedRaftLogWorker (SegmentedRaftLogWorker.java:startLogSegment(380)) - b3e939fd-eb36-468b-9efe-5d0a1fdaa172@group-5DF16D025390-SegmentedRaftLogWorker: Starting segment from index:0
2019-09-26 15:13:41,089 [b3e939fd-eb36-468b-9efe-5d0a1fdaa172@group-DF5FBD1E9085:LeaderElection260] INFO  server.RaftServerConfigKeys (ConfUtils.java:logGet(43)) - raft.server.write.element-limit = 4096 (default)
2019-09-26 15:13:41,088 [b3e939fd-eb36-468b-9efe-5d0a1fdaa172@group-54B73EABA4F1:LeaderElection261] INFO  server.RaftServerConfigKeys (ConfUtils.java:logGet(43)) - raft.server.staging.catchup.gap = 1000 (default)
2019-09-26 15:13:41,089 [b3e939fd-eb36-468b-9efe-5d0a1fdaa172@group-5DF16D025390:LeaderElection218] INFO  impl.RaftServerImpl (ServerState.java:setRaftConf(354)) - b3e939fd-eb36-468b-9efe-5d0a1fdaa172@group-5DF16D025390: set configuration 0: [b3e939fd-eb36-468b-9efe-5d0a1fdaa172:192.168.151.99:45433], old=null at 0
2019-09-26 15:13:41,089 [b3e939fd-eb36-468b-9efe-5d0a1fdaa172@group-DF5FBD1E9085:LeaderElection260] INFO  server.RaftServerConfigKeys (ConfUtils.java:logGet(43)) - raft.server.watch.timeout = 10s (default)
2019-09-26 15:13:41,089 [b3e939fd-eb36-468b-9efe-5d0a1fdaa172@group-98F9BF2BE007:LeaderElection262] INFO  server.RaftServerConfigKeys (ConfUtils.java:logGet(43)) - raft.server.rpc.sleep.time = 25ms (default)
2019-09-26 15:13:41,354 [b3e939fd-eb36-468b-9efe-5d0a1fdaa172@group-DF5FBD1E9085:LeaderElection260] INFO  server.RaftServerConfigKeys (ConfUtils.java:logGet(43)) - raft.server.watch.timeout.denomination = 1s (default)
2019-09-26 15:13:41,089 [b3e939fd-eb36-468b-9efe-5d0a1fdaa172@group-54B73EABA4F1:LeaderElection261] INFO  server.RaftServerConfigKeys (ConfUtils.java:logGet(43)) - raft.server.rpc.sleep.time = 25ms (default)
2019-09-26 15:13:41,354 [b3e939fd-eb36-468b-9efe-5d0a1fdaa172@group-DF5FBD1E9085:LeaderElection260] INFO  server.RaftServerConfigKeys (ConfUtils.java:logGet(43)) - raft.server.watch.element-limit = 65536 (default)
2019-09-26 15:13:41,354 [b3e939fd-eb36-468b-9efe-5d0a1fdaa172@group-98F9BF2BE007:LeaderElection262] INFO  server.RaftServerConfigKeys (ConfUtils.java:logGet(43)) - raft.server.write.element-limit = 4096 (default)
2019-09-26 15:13:41,354 [b3e939fd-eb36-468b-9efe-5d0a1fdaa172@group-54B73EABA4F1:LeaderElection261] INFO  server.RaftServerConfigKeys (ConfUtils.java:logGet(43)) - raft.server.write.element-limit = 4096 (default)
2019-09-26 15:13:41,355 [b3e939fd-eb36-468b-9efe-5d0a1fdaa172@group-54B73EABA4F1:LeaderElection261] INFO  server.RaftServerConfigKeys (ConfUtils.java:logGet(43)) - raft.server.watch.timeout = 10s (default)
2019-09-26 15:13:41,355 [b3e939fd-eb36-468b-9efe-5d0a1fdaa172@group-54B73EABA4F1:LeaderElection261] INFO  server.RaftServerConfigKeys (ConfUtils.java:logGet(43)) - raft.server.watch.timeout.denomination = 1s (default)
2019-09-26 15:13:41,355 [b3e939fd-eb36-468b-9efe-5d0a1fdaa172@group-54B73EABA4F1:LeaderElection261] INFO  server.RaftServerConfigKeys (ConfUtils.java:logGet(43)) - raft.server.watch.element-limit = 65536 (default)
2019-09-26 15:13:41,354 [b3e939fd-eb36-468b-9efe-5d0a1fdaa172@group-98F9BF2BE007:LeaderElection262] INFO  server.RaftServerConfigKeys (ConfUtils.java:logGet(43)) - raft.server.watch.timeout = 10s (default)
2019-09-26 15:13:41,355 [b3e939fd-eb36-468b-9efe-5d0a1fdaa172@group-ECC1AF727233:LeaderElection204] INFO  impl.RoleInfo (RoleInfo.java:updateAndGet(143)) - b3e939fd-eb36-468b-9efe-5d0a1fdaa172: start LeaderState
2019-09-26 15:13:41,356 [b3e939fd-eb36-468b-9efe-5d0a1fdaa172@group-ECC1AF727233:LeaderElection204] INFO  segmented.SegmentedRaftLogWorker (SegmentedRaftLogWorker.java:startLogSegment(380)) - b3e939fd-eb36-468b-9efe-5d0a1fdaa172@group-ECC1AF727233-SegmentedRaftLogWorker: Starting segment from index:0
2019-09-26 15:13:41,355 [b3e939fd-eb36-468b-9efe-5d0a1fdaa172@group-98F9BF2BE007:LeaderElection262] INFO  server.RaftServerConfigKeys (ConfUtils.java:logGet(43)) - raft.server.watch.timeout.denomination = 1s (default)
2019-09-26 15:13:41,356 [b3e939fd-eb36-468b-9efe-5d0a1fdaa172@group-98F9BF2BE007:LeaderElection262] INFO  server.RaftServerConfigKeys (ConfUtils.java:logGet(43)) - raft.server.watch.element-limit = 65536 (default)
2019-09-26 15:13:41,357 [b3e939fd-eb36-468b-9efe-5d0a1fdaa172@group-ECC1AF727233:LeaderElection204] INFO  impl.RaftServerImpl (ServerState.java:setRaftConf(354)) - b3e939fd-eb36-468b-9efe-5d0a1fdaa172@group-ECC1AF727233: set configuration 0: [b3e939fd-eb36-468b-9efe-5d0a1fdaa172:192.168.151.99:45433], old=null at 0
2019-09-26 15:13:41,589 [b3e939fd-eb36-468b-9efe-5d0a1fdaa172@group-337EFED2784C:LeaderElection221] INFO  impl.RoleInfo (RoleInfo.java:updateAndGet(143)) - b3e939fd-eb36-468b-9efe-5d0a1fdaa172: start LeaderState
2019-09-26 15:13:41,590 [b3e939fd-eb36-468b-9efe-5d0a1fdaa172@group-337EFED2784C:LeaderElection221] INFO  segmented.SegmentedRaftLogWorker (SegmentedRaftLogWorker.java:startLogSegment(380)) - b3e939fd-eb36-468b-9efe-5d0a1fdaa172@group-337EFED2784C-SegmentedRaftLogWorker: Starting segment from index:0
2019-09-26 15:13:41,590 [b3e939fd-eb36-468b-9efe-5d0a1fdaa172@group-337EFED2784C:LeaderElection221] INFO  impl.RaftServerImpl (ServerState.java:setRaftConf(354)) - b3e939fd-eb36-468b-9efe-5d0a1fdaa172@group-337EFED2784C: set configuration 0: [b3e939fd-eb36-468b-9efe-5d0a1fdaa172:192.168.151.99:45433], old=null at 0
2019-09-26 15:13:41,755 [b3e939fd-eb36-468b-9efe-5d0a1fdaa172@group-36CD4F2BB7F5-SegmentedRaftLogWorker] ERROR segmented.SegmentedRaftLogWorker (SegmentedRaftLogWorker.java:run(323)) - b3e939fd-eb36-468b-9efe-5d0a1fdaa172@group-36CD4F2BB7F5-SegmentedRaftLogWorker hit exception
java.lang.OutOfMemoryError: Direct buffer memory
	at java.nio.Bits.reserveMemory(Bits.java:666)
	at java.nio.DirectByteBuffer.<init>(DirectByteBuffer.java:123)
	at java.nio.ByteBuffer.allocateDirect(ByteBuffer.java:311)
	at org.apache.ratis.server.raftlog.segmented.BufferedWriteChannel.<init>(BufferedWriteChannel.java:41)
	at org.apache.ratis.server.raftlog.segmented.SegmentedRaftLogOutputStream.<init>(SegmentedRaftLogOutputStream.java:72)
	at org.apache.ratis.server.raftlog.segmented.SegmentedRaftLogWorker$StartLogSegment.execute(SegmentedRaftLogWorker.java:566)
	at org.apache.ratis.server.raftlog.segmented.SegmentedRaftLogWorker.run(SegmentedRaftLogWorker.java:289)
	at java.lang.Thread.run(Thread.java:748)
2019-09-26 15:13:41,756 [b3e939fd-eb36-468b-9efe-5d0a1fdaa172@group-36CD4F2BB7F5-SegmentedRaftLogWorker] INFO  impl.RaftServerImpl (RaftServerImpl.java:lambda$shutdown$3(251)) - b3e939fd-eb36-468b-9efe-5d0a1fdaa172@group-36CD4F2BB7F5: shutdown
2019-09-26 15:13:41,757 [b3e939fd-eb36-468b-9efe-5d0a1fdaa172@group-B7C42A2D7902:LeaderElection223] INFO  impl.RoleInfo (RoleInfo.java:updateAndGet(143)) - b3e939fd-eb36-468b-9efe-5d0a1fdaa172: start LeaderState
2019-09-26 15:13:41,757 [b3e939fd-eb36-468b-9efe-5d0a1fdaa172@group-B7C42A2D7902:LeaderElection223] INFO  segmented.SegmentedRaftLogWorker (SegmentedRaftLogWorker.java:startLogSegment(380)) - b3e939fd-eb36-468b-9efe-5d0a1fdaa172@group-B7C42A2D7902-SegmentedRaftLogWorker: Starting segment from index:0
2019-09-26 15:13:41,757 [b3e939fd-eb36-468b-9efe-5d0a1fdaa172@group-B7C42A2D7902:LeaderElection223] INFO  impl.RaftServerImpl (ServerState.java:setRaftConf(354)) - b3e939fd-eb36-468b-9efe-5d0a1fdaa172@group-B7C42A2D7902: set configuration 0: [b3e939fd-eb36-468b-9efe-5d0a1fdaa172:192.168.151.99:45433], old=null at 0
2019-09-26 15:13:41,952 [b3e939fd-eb36-468b-9efe-5d0a1fdaa172@group-36CD4F2BB7F5-SegmentedRaftLogWorker] INFO  util.JmxRegister (JmxRegister.java:unregister(73)) - Successfully un-registered JMX Bean with object name Ratis:service=RaftServer,group=group-36CD4F2BB7F5,id=b3e939fd-eb36-468b-9efe-5d0a1fdaa172
2019-09-26 15:13:41,952 [b3e939fd-eb36-468b-9efe-5d0a1fdaa172@group-36CD4F2BB7F5-SegmentedRaftLogWorker] INFO  impl.RoleInfo (RoleInfo.java:shutdownLeaderState(104)) - b3e939fd-eb36-468b-9efe-5d0a1fdaa172: shutdown LeaderState
2019-09-26 15:13:41,952 [b3e939fd-eb36-468b-9efe-5d0a1fdaa172@group-36CD4F2BB7F5-SegmentedRaftLogWorker] INFO  impl.PendingRequests (PendingRequests.java:sendNotLeaderResponses(202)) - b3e939fd-eb36-468b-9efe-5d0a1fdaa172-PendingRequests: sendNotLeaderResponses
2019-09-26 15:13:41,953 [b3e939fd-eb36-468b-9efe-5d0a1fdaa172@group-36CD4F2BB7F5-SegmentedRaftLogWorker] INFO  impl.StateMachineUpdater (StateMachineUpdater.java:stopAndJoin(125)) - b3e939fd-eb36-468b-9efe-5d0a1fdaa172@group-36CD4F2BB7F5-StateMachineUpdater: set stopIndex = -1
2019-09-26 15:13:41,953 [b3e939fd-eb36-468b-9efe-5d0a1fdaa172@group-36CD4F2BB7F5-SegmentedRaftLogWorker] INFO  impl.RaftServerImpl (ServerState.java:close(385)) - b3e939fd-eb36-468b-9efe-5d0a1fdaa172@group-36CD4F2BB7F5: closes. applyIndex: -1
2019-09-26 15:13:41,953 [b3e939fd-eb36-468b-9efe-5d0a1fdaa172@group-36CD4F2BB7F5-SegmentedRaftLogWorker] INFO  segmented.SegmentedRaftLogWorker (SegmentedRaftLogWorker.java:close(228)) - b3e939fd-eb36-468b-9efe-5d0a1fdaa172@group-36CD4F2BB7F5-SegmentedRaftLogWorker close()
2019-09-26 15:13:41,954 [b3e939fd-eb36-468b-9efe-5d0a1fdaa172@group-28A0353D16EE:LeaderElection236] INFO  impl.RoleInfo (RoleInfo.java:updateAndGet(143)) - b3e939fd-eb36-468b-9efe-5d0a1fdaa172: start LeaderState
2019-09-26 15:13:41,954 [b3e939fd-eb36-468b-9efe-5d0a1fdaa172@group-28A0353D16EE:LeaderElection236] INFO  segmented.SegmentedRaftLogWorker (SegmentedRaftLogWorker.java:startLogSegment(380)) - b3e939fd-eb36-468b-9efe-5d0a1fdaa172@group-28A0353D16EE-SegmentedRaftLogWorker: Starting segment from index:0
2019-09-26 15:13:42,124 [b3e939fd-eb36-468b-9efe-5d0a1fdaa172@group-896043BAD063-SegmentedRaftLogWorker] ERROR segmented.SegmentedRaftLogWorker (SegmentedRaftLogWorker.java:run(323)) - b3e939fd-eb36-468b-9efe-5d0a1fdaa172@group-896043BAD063-SegmentedRaftLogWorker hit exception
java.lang.OutOfMemoryError: Direct buffer memory
	at java.nio.Bits.reserveMemory(Bits.java:666)
	at java.nio.DirectByteBuffer.<init>(DirectByteBuffer.java:123)
	at java.nio.ByteBuffer.allocateDirect(ByteBuffer.java:311)
	at org.apache.ratis.server.raftlog.segmented.BufferedWriteChannel.<init>(BufferedWriteChannel.java:41)
	at org.apache.ratis.server.raftlog.segmented.SegmentedRaftLogOutputStream.<init>(SegmentedRaftLogOutputStream.java:72)
	at org.apache.ratis.server.raftlog.segmented.SegmentedRaftLogWorker$StartLogSegment.execute(SegmentedRaftLogWorker.java:566)
	at org.apache.ratis.server.raftlog.segmented.SegmentedRaftLogWorker.run(SegmentedRaftLogWorker.java:289)
	at java.lang.Thread.run(Thread.java:748)
2019-09-26 15:13:42,124 [b3e939fd-eb36-468b-9efe-5d0a1fdaa172@group-E2463642327B-SegmentedRaftLogWorker] ERROR segmented.SegmentedRaftLogWorker (SegmentedRaftLogWorker.java:run(323)) - b3e939fd-eb36-468b-9efe-5d0a1fdaa172@group-E2463642327B-SegmentedRaftLogWorker hit exception
java.lang.OutOfMemoryError: Direct buffer memory
	at java.nio.Bits.reserveMemory(Bits.java:666)
	at java.nio.DirectByteBuffer.<init>(DirectByteBuffer.java:123)
	at java.nio.ByteBuffer.allocateDirect(ByteBuffer.java:311)
	at org.apache.ratis.server.raftlog.segmented.BufferedWriteChannel.<init>(BufferedWriteChannel.java:41)
	at org.apache.ratis.server.raftlog.segmented.SegmentedRaftLogOutputStream.<init>(SegmentedRaftLogOutputStream.java:72)
	at org.apache.ratis.server.raftlog.segmented.SegmentedRaftLogWorker$StartLogSegment.execute(SegmentedRaftLogWorker.java:566)
	at org.apache.ratis.server.raftlog.segmented.SegmentedRaftLogWorker.run(SegmentedRaftLogWorker.java:289)
	at java.lang.Thread.run(Thread.java:748)
2019-09-26 15:13:42,124 [b3e939fd-eb36-468b-9efe-5d0a1fdaa172@group-896043BAD063-SegmentedRaftLogWorker] INFO  impl.RaftServerImpl (RaftServerImpl.java:lambda$shutdown$3(251)) - b3e939fd-eb36-468b-9efe-5d0a1fdaa172@group-896043BAD063: shutdown
2019-09-26 15:13:42,124 [b3e939fd-eb36-468b-9efe-5d0a1fdaa172@group-E2463642327B-SegmentedRaftLogWorker] INFO  impl.RaftServerImpl (RaftServerImpl.java:lambda$shutdown$3(251)) - b3e939fd-eb36-468b-9efe-5d0a1fdaa172@group-E2463642327B: shutdown
2019-09-26 15:13:42,125 [b3e939fd-eb36-468b-9efe-5d0a1fdaa172@group-28A0353D16EE:LeaderElection236] INFO  impl.RaftServerImpl (ServerState.java:setRaftConf(354)) - b3e939fd-eb36-468b-9efe-5d0a1fdaa172@group-28A0353D16EE: set configuration 0: [b3e939fd-eb36-468b-9efe-5d0a1fdaa172:192.168.151.99:45433], old=null at 0
2019-09-26 15:13:42,126 [b3e939fd-eb36-468b-9efe-5d0a1fdaa172@group-1A5718D16976:LeaderElection244] INFO  impl.RoleInfo (RoleInfo.java:updateAndGet(143)) - b3e939fd-eb36-468b-9efe-5d0a1fdaa172: start LeaderState
2019-09-26 15:13:42,126 [b3e939fd-eb36-468b-9efe-5d0a1fdaa172@group-1A5718D16976:LeaderElection244] INFO  segmented.SegmentedRaftLogWorker (SegmentedRaftLogWorker.java:startLogSegment(380)) - b3e939fd-eb36-468b-9efe-5d0a1fdaa172@group-1A5718D16976-SegmentedRaftLogWorker: Starting segment from index:0
2019-09-26 15:13:42,126 [b3e939fd-eb36-468b-9efe-5d0a1fdaa172@group-1A5718D16976:LeaderElection244] INFO  impl.RaftServerImpl (ServerState.java:setRaftConf(354)) - b3e939fd-eb36-468b-9efe-5d0a1fdaa172@group-1A5718D16976: set configuration 0: [b3e939fd-eb36-468b-9efe-5d0a1fdaa172:192.168.151.99:45433], old=null at 0
2019-09-26 15:13:42,282 [b3e939fd-eb36-468b-9efe-5d0a1fdaa172@group-E77F7695A491-SegmentedRaftLogWorker] ERROR segmented.SegmentedRaftLogWorker (SegmentedRaftLogWorker.java:run(323)) - b3e939fd-eb36-468b-9efe-5d0a1fdaa172@group-E77F7695A491-SegmentedRaftLogWorker hit exception
java.lang.OutOfMemoryError: Direct buffer memory
	at java.nio.Bits.reserveMemory(Bits.java:666)
	at java.nio.DirectByteBuffer.<init>(DirectByteBuffer.java:123)
	at java.nio.ByteBuffer.allocateDirect(ByteBuffer.java:311)
	at org.apache.ratis.server.raftlog.segmented.BufferedWriteChannel.<init>(BufferedWriteChannel.java:41)
	at org.apache.ratis.server.raftlog.segmented.SegmentedRaftLogOutputStream.<init>(SegmentedRaftLogOutputStream.java:72)
	at org.apache.ratis.server.raftlog.segmented.SegmentedRaftLogWorker$StartLogSegment.execute(SegmentedRaftLogWorker.java:566)
	at org.apache.ratis.server.raftlog.segmented.SegmentedRaftLogWorker.run(SegmentedRaftLogWorker.java:289)
	at java.lang.Thread.run(Thread.java:748)
2019-09-26 15:13:42,282 [b3e939fd-eb36-468b-9efe-5d0a1fdaa172@group-E77F7695A491-SegmentedRaftLogWorker] INFO  impl.RaftServerImpl (RaftServerImpl.java:lambda$shutdown$3(251)) - b3e939fd-eb36-468b-9efe-5d0a1fdaa172@group-E77F7695A491: shutdown
2019-09-26 15:13:42,287 [b3e939fd-eb36-468b-9efe-5d0a1fdaa172@group-E65C91CFD05F:LeaderElection208] INFO  impl.RoleInfo (RoleInfo.java:updateAndGet(143)) - b3e939fd-eb36-468b-9efe-5d0a1fdaa172: start LeaderState
2019-09-26 15:13:42,287 [b3e939fd-eb36-468b-9efe-5d0a1fdaa172@group-E65C91CFD05F:LeaderElection208] INFO  segmented.SegmentedRaftLogWorker (SegmentedRaftLogWorker.java:startLogSegment(380)) - b3e939fd-eb36-468b-9efe-5d0a1fdaa172@group-E65C91CFD05F-SegmentedRaftLogWorker: Starting segment from index:0
2019-09-26 15:13:42,288 [Thread-1487] INFO  impl.FollowerState (FollowerState.java:run(106)) - b3e939fd-eb36-468b-9efe-5d0a1fdaa172:group-4295C4227654 changes to CANDIDATE, lastRpcTime:10572, electionTimeout:5043ms
2019-09-26 15:13:42,472 [Thread-1475] INFO  impl.FollowerState (FollowerState.java:run(106)) - b3e939fd-eb36-468b-9efe-5d0a1fdaa172:group-82208FB82218 changes to CANDIDATE, lastRpcTime:10934, electionTimeout:5109ms
2019-09-26 15:13:42,288 [b3e939fd-eb36-468b-9efe-5d0a1fdaa172@group-E65C91CFD05F:LeaderElection208] INFO  impl.RaftServerImpl (ServerState.java:setRaftConf(354)) - b3e939fd-eb36-468b-9efe-5d0a1fdaa172@group-E65C91CFD05F: set configuration 0: [b3e939fd-eb36-468b-9efe-5d0a1fdaa172:192.168.151.99:45433], old=null at 0
2019-09-26 15:13:42,473 [b3e939fd-eb36-468b-9efe-5d0a1fdaa172@group-896043BAD063-SegmentedRaftLogWorker] INFO  util.JmxRegister (JmxRegister.java:unregister(73)) - Successfully un-registered JMX Bean with object name Ratis:service=RaftServer,group=group-896043BAD063,id=b3e939fd-eb36-468b-9efe-5d0a1fdaa172
2019-09-26 15:13:42,473 [b3e939fd-eb36-468b-9efe-5d0a1fdaa172@group-E2463642327B-SegmentedRaftLogWorker] INFO  util.JmxRegister (JmxRegister.java:unregister(73)) - Successfully un-registered JMX Bean with object name Ratis:service=RaftServer,group=group-E2463642327B,id=b3e939fd-eb36-468b-9efe-5d0a1fdaa172
2019-09-26 15:13:42,473 [b3e939fd-eb36-468b-9efe-5d0a1fdaa172@group-896043BAD063-SegmentedRaftLogWorker] INFO  impl.RoleInfo (RoleInfo.java:shutdownLeaderState(104)) - b3e939fd-eb36-468b-9efe-5d0a1fdaa172: shutdown LeaderState
2019-09-26 15:13:42,474 [b3e939fd-eb36-468b-9efe-5d0a1fdaa172@group-E2463642327B-SegmentedRaftLogWorker] INFO  impl.RoleInfo (RoleInfo.java:shutdownLeaderState(104)) - b3e939fd-eb36-468b-9efe-5d0a1fdaa172: shutdown LeaderState
2019-09-26 15:13:42,474 [b3e939fd-eb36-468b-9efe-5d0a1fdaa172@group-896043BAD063-SegmentedRaftLogWorker] INFO  impl.PendingRequests (PendingRequests.java:sendNotLeaderResponses(202)) - b3e939fd-eb36-468b-9efe-5d0a1fdaa172-PendingRequests: sendNotLeaderResponses
2019-09-26 15:13:42,474 [b3e939fd-eb36-468b-9efe-5d0a1fdaa172@group-7EAC044EFCFC:LeaderElection214] INFO  impl.RoleInfo (RoleInfo.java:updateAndGet(143)) - b3e939fd-eb36-468b-9efe-5d0a1fdaa172: start LeaderState
2019-09-26 15:13:42,474 [b3e939fd-eb36-468b-9efe-5d0a1fdaa172@group-896043BAD063-SegmentedRaftLogWorker] INFO  impl.StateMachineUpdater (StateMachineUpdater.java:stopAndJoin(125)) - b3e939fd-eb36-468b-9efe-5d0a1fdaa172@group-896043BAD063-StateMachineUpdater: set stopIndex = -1
2019-09-26 15:13:42,474 [Thread-1487] INFO  impl.RoleInfo (RoleInfo.java:shutdownFollowerState(121)) - b3e939fd-eb36-468b-9efe-5d0a1fdaa172: shutdown FollowerState
2019-09-26 15:13:42,474 [b3e939fd-eb36-468b-9efe-5d0a1fdaa172@group-E2463642327B-SegmentedRaftLogWorker] INFO  impl.PendingRequests (PendingRequests.java:sendNotLeaderResponses(202)) - b3e939fd-eb36-468b-9efe-5d0a1fdaa172-PendingRequests: sendNotLeaderResponses
2019-09-26 15:13:42,474 [Thread-1475] INFO  impl.RoleInfo (RoleInfo.java:shutdownFollowerState(121)) - b3e939fd-eb36-468b-9efe-5d0a1fdaa172: shutdown FollowerState
2019-09-26 15:13:42,474 [Thread-1487] INFO  impl.RaftServerImpl (RaftServerImpl.java:setRole(174)) - b3e939fd-eb36-468b-9efe-5d0a1fdaa172@group-4295C4227654: changes role from  FOLLOWER to CANDIDATE at term 0 for changeToCandidate
2019-09-26 15:13:42,474 [b3e939fd-eb36-468b-9efe-5d0a1fdaa172@group-896043BAD063-SegmentedRaftLogWorker] INFO  impl.RaftServerImpl (ServerState.java:close(385)) - b3e939fd-eb36-468b-9efe-5d0a1fdaa172@group-896043BAD063: closes. applyIndex: -1
2019-09-26 15:13:42,474 [b3e939fd-eb36-468b-9efe-5d0a1fdaa172@group-7EAC044EFCFC:LeaderElection214] INFO  segmented.SegmentedRaftLogWorker (SegmentedRaftLogWorker.java:startLogSegment(380)) - b3e939fd-eb36-468b-9efe-5d0a1fdaa172@group-7EAC044EFCFC-SegmentedRaftLogWorker: Starting segment from index:0
2019-09-26 15:13:42,474 [b3e939fd-eb36-468b-9efe-5d0a1fdaa172@group-E77F7695A491-SegmentedRaftLogWorker] INFO  util.JmxRegister (JmxRegister.java:unregister(73)) - Successfully un-registered JMX Bean with object name Ratis:service=RaftServer,group=group-E77F7695A491,id=b3e939fd-eb36-468b-9efe-5d0a1fdaa172
2019-09-26 15:13:42,475 [b3e939fd-eb36-468b-9efe-5d0a1fdaa172@group-896043BAD063-SegmentedRaftLogWorker] INFO  segmented.SegmentedRaftLogWorker (SegmentedRaftLogWorker.java:close(228)) - b3e939fd-eb36-468b-9efe-5d0a1fdaa172@group-896043BAD063-SegmentedRaftLogWorker close()
2019-09-26 15:13:42,475 [Thread-1487] INFO  impl.RoleInfo (RoleInfo.java:updateAndGet(143)) - b3e939fd-eb36-468b-9efe-5d0a1fdaa172: start LeaderElection
2019-09-26 15:13:42,475 [b3e939fd-eb36-468b-9efe-5d0a1fdaa172@group-9E432427BF8B:LeaderElection215] INFO  impl.RoleInfo (RoleInfo.java:updateAndGet(143)) - b3e939fd-eb36-468b-9efe-5d0a1fdaa172: start LeaderState
2019-09-26 15:13:42,475 [Thread-1475] INFO  impl.RaftServerImpl (RaftServerImpl.java:setRole(174)) - b3e939fd-eb36-468b-9efe-5d0a1fdaa172@group-82208FB82218: changes role from  FOLLOWER to CANDIDATE at term 0 for changeToCandidate
2019-09-26 15:13:42,474 [b3e939fd-eb36-468b-9efe-5d0a1fdaa172@group-E2463642327B-SegmentedRaftLogWorker] INFO  impl.StateMachineUpdater (StateMachineUpdater.java:stopAndJoin(125)) - b3e939fd-eb36-468b-9efe-5d0a1fdaa172@group-E2463642327B-StateMachineUpdater: set stopIndex = -1
2019-09-26 15:13:42,703 [Thread-1448] INFO  impl.FollowerState (FollowerState.java:run(106)) - b3e939fd-eb36-468b-9efe-5d0a1fdaa172:group-05F1D5DB38B1 changes to CANDIDATE, lastRpcTime:11460, electionTimeout:5004ms
2019-09-26 15:13:42,703 [Thread-1457] INFO  impl.FollowerState (FollowerState.java:run(106)) - b3e939fd-eb36-468b-9efe-5d0a1fdaa172:group-92F7CC5958C9 changes to CANDIDATE, lastRpcTime:11358, electionTimeout:5009ms
2019-09-26 15:13:42,703 [Thread-1454] INFO  impl.FollowerState (FollowerState.java:run(106)) - b3e939fd-eb36-468b-9efe-5d0a1fdaa172:group-ECF09D41D404 changes to CANDIDATE, lastRpcTime:11397, electionTimeout:5013ms
2019-09-26 15:13:42,703 [Thread-1367] INFO  impl.FollowerState (FollowerState.java:run(106)) - b3e939fd-eb36-468b-9efe-5d0a1fdaa172:group-74515BDB2857 changes to CANDIDATE, lastRpcTime:12315, electionTimeout:5022ms
2019-09-26 15:13:42,703 [Thread-1469] INFO  impl.FollowerState (FollowerState.java:run(106)) - b3e939fd-eb36-468b-9efe-5d0a1fdaa172:group-D78821ACB67A changes to CANDIDATE, lastRpcTime:11245, electionTimeout:5024ms
2019-09-26 15:13:42,705 [Thread-1475] INFO  impl.RoleInfo (RoleInfo.java:updateAndGet(143)) - b3e939fd-eb36-468b-9efe-5d0a1fdaa172: start LeaderElection
2019-09-26 15:13:42,703 [Thread-1451] INFO  impl.FollowerState (FollowerState.java:run(106)) - b3e939fd-eb36-468b-9efe-5d0a1fdaa172:group-A2BD7EF985B3 changes to CANDIDATE, lastRpcTime:11434, electionTimeout:5023ms
2019-09-26 15:13:42,703 [Thread-1442] INFO  impl.FollowerState (FollowerState.java:run(106)) - b3e939fd-eb36-468b-9efe-5d0a1fdaa172:group-ED5485EA5ACD changes to CANDIDATE, lastRpcTime:11538, electionTimeout:5025ms
2019-09-26 15:13:42,703 [Thread-1361] INFO  impl.FollowerState (FollowerState.java:run(106)) - b3e939fd-eb36-468b-9efe-5d0a1fdaa172:group-EEC0B09CDA31 changes to CANDIDATE, lastRpcTime:12353, electionTimeout:5030ms
2019-09-26 15:13:42,703 [Thread-1397] INFO  impl.FollowerState (FollowerState.java:run(106)) - b3e939fd-eb36-468b-9efe-5d0a1fdaa172:group-439DC12DB850 changes to CANDIDATE, lastRpcTime:11942, electionTimeout:5033ms
2019-09-26 15:13:42,703 [Thread-1349] INFO  impl.FollowerState (FollowerState.java:run(106)) - b3e939fd-eb36-468b-9efe-5d0a1fdaa172:group-1B7B953A35B5 changes to CANDIDATE, lastRpcTime:12516, electionTimeout:5034ms
2019-09-26 15:13:42,702 [Thread-1496] INFO  impl.FollowerState (FollowerState.java:run(106)) - b3e939fd-eb36-468b-9efe-5d0a1fdaa172:group-84E520E4AB54 changes to CANDIDATE, lastRpcTime:10859, electionTimeout:5045ms
2019-09-26 15:13:42,702 [b3e939fd-eb36-468b-9efe-5d0a1fdaa172@group-5DF16D025390-SegmentedRaftLogWorker] ERROR segmented.SegmentedRaftLogWorker (SegmentedRaftLogWorker.java:run(323)) - b3e939fd-eb36-468b-9efe-5d0a1fdaa172@group-5DF16D025390-SegmentedRaftLogWorker hit exception
java.lang.OutOfMemoryError: Direct buffer memory
	at java.nio.Bits.reserveMemory(Bits.java:666)
	at java.nio.DirectByteBuffer.<init>(DirectByteBuffer.java:123)
	at java.nio.ByteBuffer.allocateDirect(ByteBuffer.java:311)
	at org.apache.ratis.server.raftlog.segmented.BufferedWriteChannel.<init>(BufferedWriteChannel.java:41)
	at org.apache.ratis.server.raftlog.segmented.SegmentedRaftLogOutputStream.<init>(SegmentedRaftLogOutputStream.java:72)
	at org.apache.ratis.server.raftlog.segmented.SegmentedRaftLogWorker$StartLogSegment.execute(SegmentedRaftLogWorker.java:566)
	at org.apache.ratis.server.raftlog.segmented.SegmentedRaftLogWorker.run(SegmentedRaftLogWorker.java:289)
	at java.lang.Thread.run(Thread.java:748)
2019-09-26 15:13:42,706 [b3e939fd-eb36-468b-9efe-5d0a1fdaa172@group-5DF16D025390-SegmentedRaftLogWorker] INFO  impl.RaftServerImpl (RaftServerImpl.java:lambda$shutdown$3(251)) - b3e939fd-eb36-468b-9efe-5d0a1fdaa172@group-5DF16D025390: shutdown
2019-09-26 15:13:42,702 [b3e939fd-eb36-468b-9efe-5d0a1fdaa172@group-FC0C2CB5B5D7-SegmentedRaftLogWorker] ERROR segmented.SegmentedRaftLogWorker (SegmentedRaftLogWorker.java:run(323)) - b3e939fd-eb36-468b-9efe-5d0a1fdaa172@group-FC0C2CB5B5D7-SegmentedRaftLogWorker hit exception
java.lang.OutOfMemoryError: Direct buffer memory
	at java.nio.Bits.reserveMemory(Bits.java:666)
	at java.nio.DirectByteBuffer.<init>(DirectByteBuffer.java:123)
	at java.nio.ByteBuffer.allocateDirect(ByteBuffer.java:311)
	at org.apache.ratis.server.raftlog.segmented.BufferedWriteChannel.<init>(BufferedWriteChannel.java:41)
	at org.apache.ratis.server.raftlog.segmented.SegmentedRaftLogOutputStream.<init>(SegmentedRaftLogOutputStream.java:72)
	at org.apache.ratis.server.raftlog.segmented.SegmentedRaftLogWorker$StartLogSegment.execute(SegmentedRaftLogWorker.java:566)
	at org.apache.ratis.server.raftlog.segmented.SegmentedRaftLogWorker.run(SegmentedRaftLogWorker.java:289)
	at java.lang.Thread.run(Thread.java:748)
2019-09-26 15:13:42,702 [Thread-1388] INFO  impl.FollowerState (FollowerState.java:run(106)) - b3e939fd-eb36-468b-9efe-5d0a1fdaa172:group-84DF8E7A77E0 changes to CANDIDATE, lastRpcTime:12056, electionTimeout:5048ms
2019-09-26 15:13:42,702 [Thread-1382] INFO  impl.FollowerState (FollowerState.java:run(106)) - b3e939fd-eb36-468b-9efe-5d0a1fdaa172:group-0531D8DEB565 changes to CANDIDATE, lastRpcTime:12127, electionTimeout:5056ms
2019-09-26 15:13:42,702 [Thread-1379] INFO  impl.FollowerState (FollowerState.java:run(106)) - b3e939fd-eb36-468b-9efe-5d0a1fdaa172:group-F11DE81BFF74 changes to CANDIDATE, lastRpcTime:12187, electionTimeout:5060ms
2019-09-26 15:13:42,706 [Thread-1442] INFO  impl.RoleInfo (RoleInfo.java:shutdownFollowerState(121)) - b3e939fd-eb36-468b-9efe-5d0a1fdaa172: shutdown FollowerState
2019-09-26 15:13:42,702 [Thread-1403] INFO  impl.FollowerState (FollowerState.java:run(106)) - b3e939fd-eb36-468b-9efe-5d0a1fdaa172:group-F3ED5FA15865 changes to CANDIDATE, lastRpcTime:11893, electionTimeout:5061ms
2019-09-26 15:13:42,706 [Thread-1397] INFO  impl.RoleInfo (RoleInfo.java:shutdownFollowerState(121)) - b3e939fd-eb36-468b-9efe-5d0a1fdaa172: shutdown FollowerState
2019-09-26 15:13:42,702 [Thread-1373] INFO  impl.FollowerState (FollowerState.java:run(106)) - b3e939fd-eb36-468b-9efe-5d0a1fdaa172:group-F4FE86D2BCDD changes to CANDIDATE, lastRpcTime:12248, electionTimeout:5062ms
2019-09-26 15:13:42,702 [Thread-1364] INFO  impl.FollowerState (FollowerState.java:run(106)) - b3e939fd-eb36-468b-9efe-5d0a1fdaa172:group-1BDA4246E368 changes to CANDIDATE, lastRpcTime:12335, electionTimeout:5063ms
2019-09-26 15:13:42,707 [Thread-1496] INFO  impl.RoleInfo (RoleInfo.java:shutdownFollowerState(121)) - b3e939fd-eb36-468b-9efe-5d0a1fdaa172: shutdown FollowerState
2019-09-26 15:13:42,702 [Thread-1445] INFO  impl.FollowerState (FollowerState.java:run(106)) - b3e939fd-eb36-468b-9efe-5d0a1fdaa172:group-752F8CC2B31E changes to CANDIDATE, lastRpcTime:11497, electionTimeout:5063ms
2019-09-26 15:13:42,702 [Thread-1418] INFO  impl.FollowerState (FollowerState.java:run(106)) - b3e939fd-eb36-468b-9efe-5d0a1fdaa172:group-7ED9DECB8A6B changes to CANDIDATE, lastRpcTime:11747, electionTimeout:5066ms
2019-09-26 15:13:42,702 [Thread-1355] INFO  impl.FollowerState (FollowerState.java:run(106)) - b3e939fd-eb36-468b-9efe-5d0a1fdaa172:group-7F7680AB9573 changes to CANDIDATE, lastRpcTime:12428, electionTimeout:5063ms
2019-09-26 15:13:42,702 [Thread-1406] INFO  impl.FollowerState (FollowerState.java:run(106)) - b3e939fd-eb36-468b-9efe-5d0a1fdaa172:group-8510E27DA55F changes to CANDIDATE, lastRpcTime:11866, electionTimeout:5073ms
2019-09-26 15:13:42,702 [Thread-1318] INFO  impl.FollowerState (FollowerState.java:run(106)) - b3e939fd-eb36-468b-9efe-5d0a1fdaa172:group-5C693F90868A changes to CANDIDATE, lastRpcTime:12929, electionTimeout:5070ms
2019-09-26 15:13:42,707 [Thread-1382] INFO  impl.RoleInfo (RoleInfo.java:shutdownFollowerState(121)) - b3e939fd-eb36-468b-9efe-5d0a1fdaa172: shutdown FollowerState
2019-09-26 15:13:42,702 [Thread-1352] INFO  impl.FollowerState (FollowerState.java:run(106)) - b3e939fd-eb36-468b-9efe-5d0a1fdaa172:group-E00230405E12 changes to CANDIDATE, lastRpcTime:12472, electionTimeout:5075ms
2019-09-26 15:13:42,702 [Thread-1370] INFO  impl.FollowerState (FollowerState.java:run(106)) - b3e939fd-eb36-468b-9efe-5d0a1fdaa172:group-D5D0A30B4DC8 changes to CANDIDATE, lastRpcTime:12275, electionTimeout:5084ms
2019-09-26 15:13:42,702 [Thread-1394] INFO  impl.FollowerState (FollowerState.java:run(106)) - b3e939fd-eb36-468b-9efe-5d0a1fdaa172:group-CD5FC8CEC3A3 changes to CANDIDATE, lastRpcTime:11978, electionTimeout:5085ms
2019-09-26 15:13:42,702 [Thread-1430] INFO  impl.FollowerState (FollowerState.java:run(106)) - b3e939fd-eb36-468b-9efe-5d0a1fdaa172:group-D591C59CFB86 changes to CANDIDATE, lastRpcTime:11623, electionTimeout:5087ms
2019-09-26 15:13:42,702 [Thread-1409] INFO  impl.FollowerState (FollowerState.java:run(106)) - b3e939fd-eb36-468b-9efe-5d0a1fdaa172:group-3BF504006062 changes to CANDIDATE, lastRpcTime:11848, electionTimeout:5094ms
2019-09-26 15:13:42,701 [Thread-1472] INFO  impl.FollowerState (FollowerState.java:run(106)) - b3e939fd-eb36-468b-9efe-5d0a1fdaa172:group-CA0F44176545 changes to CANDIDATE, lastRpcTime:11203, electionTimeout:5101ms
2019-09-26 15:13:42,701 [Thread-1415] INFO  impl.FollowerState (FollowerState.java:run(106)) - b3e939fd-eb36-468b-9efe-5d0a1fdaa172:group-DEE462ADEC0E changes to CANDIDATE, lastRpcTime:11788, electionTimeout:5107ms
2019-09-26 15:13:42,701 [Thread-1424] INFO  impl.FollowerState (FollowerState.java:run(106)) - b3e939fd-eb36-468b-9efe-5d0a1fdaa172:group-68CC56D33CDB changes to CANDIDATE, lastRpcTime:11675, electionTimeout:5108ms
2019-09-26 15:13:42,701 [Thread-1412] INFO  impl.FollowerState (FollowerState.java:run(106)) - b3e939fd-eb36-468b-9efe-5d0a1fdaa172:group-33913256AF98 changes to CANDIDATE, lastRpcTime:11825, electionTimeout:5115ms
2019-09-26 15:13:42,701 [Thread-1493] INFO  impl.FollowerState (FollowerState.java:run(106)) - b3e939fd-eb36-468b-9efe-5d0a1fdaa172:group-5152959DB5D4 changes to CANDIDATE, lastRpcTime:10911, electionTimeout:5120ms
2019-09-26 15:13:42,701 [Thread-1478] INFO  impl.FollowerState (FollowerState.java:run(106)) - b3e939fd-eb36-468b-9efe-5d0a1fdaa172:group-71A36764AA64 changes to CANDIDATE, lastRpcTime:11125, electionTimeout:5127ms
2019-09-26 15:13:42,701 [Thread-1427] INFO  impl.FollowerState (FollowerState.java:run(106)) - b3e939fd-eb36-468b-9efe-5d0a1fdaa172:group-A909352B10E1 changes to CANDIDATE, lastRpcTime:11638, electionTimeout:5129ms
2019-09-26 15:13:42,701 [Thread-1436] INFO  impl.FollowerState (FollowerState.java:run(106)) - b3e939fd-eb36-468b-9efe-5d0a1fdaa172:group-B602AE1BC508 changes to CANDIDATE, lastRpcTime:11591, electionTimeout:5133ms
2019-09-26 15:13:42,701 [Thread-1490] INFO  impl.FollowerState (FollowerState.java:run(106)) - b3e939fd-eb36-468b-9efe-5d0a1fdaa172:group-711EE27C9E35 changes to CANDIDATE, lastRpcTime:10947, electionTimeout:5134ms
2019-09-26 15:13:42,701 [Thread-1463] INFO  impl.FollowerState (FollowerState.java:run(106)) - b3e939fd-eb36-468b-9efe-5d0a1fdaa172:group-C7BB781426AF changes to CANDIDATE, lastRpcTime:11297, electionTimeout:5141ms
2019-09-26 15:13:42,701 [Thread-1421] INFO  impl.FollowerState (FollowerState.java:run(106)) - b3e939fd-eb36-468b-9efe-5d0a1fdaa172:group-82F2C342C520 changes to CANDIDATE, lastRpcTime:11711, electionTimeout:5142ms
2019-09-26 15:13:42,701 [Thread-1385] INFO  impl.FollowerState (FollowerState.java:run(106)) - b3e939fd-eb36-468b-9efe-5d0a1fdaa172:group-25745E01B0BD changes to CANDIDATE, lastRpcTime:12088, electionTimeout:5143ms
2019-09-26 15:13:42,701 [Thread-1439] INFO  impl.FollowerState (FollowerState.java:run(106)) - b3e939fd-eb36-468b-9efe-5d0a1fdaa172:group-302304666DE6 changes to CANDIDATE, lastRpcTime:11557, electionTimeout:5145ms
2019-09-26 15:13:42,701 [Thread-1376] INFO  impl.FollowerState (FollowerState.java:run(106)) - b3e939fd-eb36-468b-9efe-5d0a1fdaa172:group-6AE5FF705F7D changes to CANDIDATE, lastRpcTime:12215, electionTimeout:5147ms
2019-09-26 15:13:42,701 [Thread-1346] INFO  impl.FollowerState (FollowerState.java:run(106)) - b3e939fd-eb36-468b-9efe-5d0a1fdaa172:group-B87D49FAC1EB changes to CANDIDATE, lastRpcTime:12579, electionTimeout:5151ms
2019-09-26 15:13:42,700 [Thread-1358] INFO  impl.FollowerState (FollowerState.java:run(106)) - b3e939fd-eb36-468b-9efe-5d0a1fdaa172:group-9591EA67C8C0 changes to CANDIDATE, lastRpcTime:12392, electionTimeout:5166ms
2019-09-26 15:13:42,700 [Thread-1466] INFO  impl.FollowerState (FollowerState.java:run(106)) - b3e939fd-eb36-468b-9efe-5d0a1fdaa172:group-659098C9AEA4 changes to CANDIDATE, lastRpcTime:11268, electionTimeout:5175ms
2019-09-26 15:13:42,700 [Thread-1400] INFO  impl.FollowerState (FollowerState.java:run(106)) - b3e939fd-eb36-468b-9efe-5d0a1fdaa172:group-8292B21D7178 changes to CANDIDATE, lastRpcTime:11916, electionTimeout:5181ms
2019-09-26 15:13:42,709 [Thread-1424] INFO  impl.RoleInfo (RoleInfo.java:shutdownFollowerState(121)) - b3e939fd-eb36-468b-9efe-5d0a1fdaa172: shutdown FollowerState
2019-09-26 15:13:42,700 [Thread-1481] INFO  impl.FollowerState (FollowerState.java:run(106)) - b3e939fd-eb36-468b-9efe-5d0a1fdaa172:group-74AE591B69F2 changes to CANDIDATE, lastRpcTime:11086, electionTimeout:5187ms
2019-09-26 15:13:42,700 [Thread-1484] INFO  impl.FollowerState (FollowerState.java:run(106)) - b3e939fd-eb36-468b-9efe-5d0a1fdaa172:group-1A6945A2EB5D changes to CANDIDATE, lastRpcTime:11024, electionTimeout:5194ms
2019-09-26 15:13:42,709 [Thread-1463] INFO  impl.RoleInfo (RoleInfo.java:shutdownFollowerState(121)) - b3e939fd-eb36-468b-9efe-5d0a1fdaa172: shutdown FollowerState
2019-09-26 15:13:42,700 [Thread-1315] INFO  impl.FollowerState (FollowerState.java:run(106)) - b3e939fd-eb36-468b-9efe-5d0a1fdaa172:group-B6785E685516 changes to CANDIDATE, lastRpcTime:12975, electionTimeout:5190ms
2019-09-26 15:13:42,700 [Thread-1460] INFO  impl.FollowerState (FollowerState.java:run(106)) - b3e939fd-eb36-468b-9efe-5d0a1fdaa172:group-2B1CE96F5305 changes to CANDIDATE, lastRpcTime:11327, electionTimeout:5190ms
2019-09-26 15:13:42,700 [Thread-1391] INFO  impl.FollowerState (FollowerState.java:run(106)) - b3e939fd-eb36-468b-9efe-5d0a1fdaa172:group-7BA823644DD2 changes to CANDIDATE, lastRpcTime:12014, electionTimeout:5195ms
2019-09-26 15:13:42,709 [Thread-1376] INFO  impl.RoleInfo (RoleInfo.java:shutdownFollowerState(121)) - b3e939fd-eb36-468b-9efe-5d0a1fdaa172: shutdown FollowerState
2019-09-26 15:13:42,709 [Thread-1346] INFO  impl.RoleInfo (RoleInfo.java:shutdownFollowerState(121)) - b3e939fd-eb36-468b-9efe-5d0a1fdaa172: shutdown FollowerState
2019-09-26 15:13:42,700 [Thread-1433] INFO  impl.FollowerState (FollowerState.java:run(106)) - b3e939fd-eb36-468b-9efe-5d0a1fdaa172:group-D363040DAF31 changes to CANDIDATE, lastRpcTime:11606, electionTimeout:5195ms
2019-09-26 15:13:42,475 [b3e939fd-eb36-468b-9efe-5d0a1fdaa172@group-9E432427BF8B:LeaderElection215] INFO  segmented.SegmentedRaftLogWorker (SegmentedRaftLogWorker.java:startLogSegment(380)) - b3e939fd-eb36-468b-9efe-5d0a1fdaa172@group-9E432427BF8B-SegmentedRaftLogWorker: Starting segment from index:0
2019-09-26 15:13:42,475 [b3e939fd-eb36-468b-9efe-5d0a1fdaa172@group-7EAC044EFCFC:LeaderElection214] INFO  impl.RaftServerImpl (ServerState.java:setRaftConf(354)) - b3e939fd-eb36-468b-9efe-5d0a1fdaa172@group-7EAC044EFCFC: set configuration 0: [b3e939fd-eb36-468b-9efe-5d0a1fdaa172:192.168.151.99:45433], old=null at 0
2019-09-26 15:13:42,475 [b3e939fd-eb36-468b-9efe-5d0a1fdaa172@group-E77F7695A491-SegmentedRaftLogWorker] INFO  impl.RoleInfo (RoleInfo.java:shutdownLeaderState(104)) - b3e939fd-eb36-468b-9efe-5d0a1fdaa172: shutdown LeaderState
2019-09-26 15:13:42,710 [Thread-1466] INFO  impl.RoleInfo (RoleInfo.java:shutdownFollowerState(121)) - b3e939fd-eb36-468b-9efe-5d0a1fdaa172: shutdown FollowerState
2019-09-26 15:13:42,710 [Thread-1400] INFO  impl.RoleInfo (RoleInfo.java:shutdownFollowerState(121)) - b3e939fd-eb36-468b-9efe-5d0a1fdaa172: shutdown FollowerState
2019-09-26 15:13:42,709 [Thread-1358] INFO  impl.RoleInfo (RoleInfo.java:shutdownFollowerState(121)) - b3e939fd-eb36-468b-9efe-5d0a1fdaa172: shutdown FollowerState
2019-09-26 15:13:42,709 [Thread-1346] INFO  impl.RaftServerImpl (RaftServerImpl.java:setRole(174)) - b3e939fd-eb36-468b-9efe-5d0a1fdaa172@group-B87D49FAC1EB: changes role from  FOLLOWER to CANDIDATE at term 0 for changeToCandidate
2019-09-26 15:13:42,709 [b3e939fd-eb36-468b-9efe-5d0a1fdaa172@group-1A432A011447:LeaderElection225] INFO  impl.RoleInfo (RoleInfo.java:updateAndGet(143)) - b3e939fd-eb36-468b-9efe-5d0a1fdaa172: start LeaderState
2019-09-26 15:13:42,709 [Thread-1376] INFO  impl.RaftServerImpl (RaftServerImpl.java:setRole(174)) - b3e939fd-eb36-468b-9efe-5d0a1fdaa172@group-6AE5FF705F7D: changes role from  FOLLOWER to CANDIDATE at term 0 for changeToCandidate
2019-09-26 15:13:42,709 [Thread-1439] INFO  impl.RoleInfo (RoleInfo.java:shutdownFollowerState(121)) - b3e939fd-eb36-468b-9efe-5d0a1fdaa172: shutdown FollowerState
2019-09-26 15:13:42,709 [Thread-1385] INFO  impl.RoleInfo (RoleInfo.java:shutdownFollowerState(121)) - b3e939fd-eb36-468b-9efe-5d0a1fdaa172: shutdown FollowerState
2019-09-26 15:13:42,709 [Thread-1463] INFO  impl.RaftServerImpl (RaftServerImpl.java:setRole(174)) - b3e939fd-eb36-468b-9efe-5d0a1fdaa172@group-C7BB781426AF: changes role from  FOLLOWER to CANDIDATE at term 0 for changeToCandidate
2019-09-26 15:13:42,709 [Thread-1421] INFO  impl.RoleInfo (RoleInfo.java:shutdownFollowerState(121)) - b3e939fd-eb36-468b-9efe-5d0a1fdaa172: shutdown FollowerState
2019-09-26 15:13:42,709 [Thread-1490] INFO  impl.RoleInfo (RoleInfo.java:shutdownFollowerState(121)) - b3e939fd-eb36-468b-9efe-5d0a1fdaa172: shutdown FollowerState
2019-09-26 15:13:42,709 [Thread-1436] INFO  impl.RoleInfo (RoleInfo.java:shutdownFollowerState(121)) - b3e939fd-eb36-468b-9efe-5d0a1fdaa172: shutdown FollowerState
2019-09-26 15:13:42,709 [Thread-1424] INFO  impl.RaftServerImpl (RaftServerImpl.java:setRole(174)) - b3e939fd-eb36-468b-9efe-5d0a1fdaa172@group-68CC56D33CDB: changes role from  FOLLOWER to CANDIDATE at term 0 for changeToCandidate
2019-09-26 15:13:42,709 [Thread-1427] INFO  impl.RoleInfo (RoleInfo.java:shutdownFollowerState(121)) - b3e939fd-eb36-468b-9efe-5d0a1fdaa172: shutdown FollowerState
2019-09-26 15:13:42,709 [Thread-1478] INFO  impl.RoleInfo (RoleInfo.java:shutdownFollowerState(121)) - b3e939fd-eb36-468b-9efe-5d0a1fdaa172: shutdown FollowerState
2019-09-26 15:13:42,709 [Thread-1493] INFO  impl.RoleInfo (RoleInfo.java:shutdownFollowerState(121)) - b3e939fd-eb36-468b-9efe-5d0a1fdaa172: shutdown FollowerState
2019-09-26 15:13:42,709 [Thread-1412] INFO  impl.RoleInfo (RoleInfo.java:shutdownFollowerState(121)) - b3e939fd-eb36-468b-9efe-5d0a1fdaa172: shutdown FollowerState
2019-09-26 15:13:42,709 [b3e939fd-eb36-468b-9efe-5d0a1fdaa172@group-3A19C25E34FC:LeaderElection202] INFO  impl.RoleInfo (RoleInfo.java:updateAndGet(143)) - b3e939fd-eb36-468b-9efe-5d0a1fdaa172: start LeaderState
2019-09-26 15:13:42,708 [Thread-1415] INFO  impl.RoleInfo (RoleInfo.java:shutdownFollowerState(121)) - b3e939fd-eb36-468b-9efe-5d0a1fdaa172: shutdown FollowerState
2019-09-26 15:13:42,930 [b3e939fd-eb36-468b-9efe-5d0a1fdaa172@group-3A19C25E34FC:LeaderElection202] INFO  segmented.SegmentedRaftLogWorker (SegmentedRaftLogWorker.java:startLogSegment(380)) - b3e939fd-eb36-468b-9efe-5d0a1fdaa172@group-3A19C25E34FC-SegmentedRaftLogWorker: Starting segment from index:0
2019-09-26 15:13:42,708 [Thread-1472] INFO  impl.RoleInfo (RoleInfo.java:shutdownFollowerState(121)) - b3e939fd-eb36-468b-9efe-5d0a1fdaa172: shutdown FollowerState
2019-09-26 15:13:42,708 [Thread-1409] INFO  impl.RoleInfo (RoleInfo.java:shutdownFollowerState(121)) - b3e939fd-eb36-468b-9efe-5d0a1fdaa172: shutdown FollowerState
2019-09-26 15:13:42,708 [Thread-1430] INFO  impl.RoleInfo (RoleInfo.java:shutdownFollowerState(121)) - b3e939fd-eb36-468b-9efe-5d0a1fdaa172: shutdown FollowerState
2019-09-26 15:13:42,708 [Thread-1394] INFO  impl.RoleInfo (RoleInfo.java:shutdownFollowerState(121)) - b3e939fd-eb36-468b-9efe-5d0a1fdaa172: shutdown FollowerState
2019-09-26 15:13:42,708 [Thread-1370] INFO  impl.RoleInfo (RoleInfo.java:shutdownFollowerState(121)) - b3e939fd-eb36-468b-9efe-5d0a1fdaa172: shutdown FollowerState
2019-09-26 15:13:42,708 [Thread-1352] INFO  impl.RoleInfo (RoleInfo.java:shutdownFollowerState(121)) - b3e939fd-eb36-468b-9efe-5d0a1fdaa172: shutdown FollowerState
2019-09-26 15:13:42,708 [Thread-1318] INFO  impl.RoleInfo (RoleInfo.java:shutdownFollowerState(121)) - b3e939fd-eb36-468b-9efe-5d0a1fdaa172: shutdown FollowerState
2019-09-26 15:13:42,708 [Thread-1406] INFO  impl.RoleInfo (RoleInfo.java:shutdownFollowerState(121)) - b3e939fd-eb36-468b-9efe-5d0a1fdaa172: shutdown FollowerState
2019-09-26 15:13:42,708 [Thread-1355] INFO  impl.RoleInfo (RoleInfo.java:shutdownFollowerState(121)) - b3e939fd-eb36-468b-9efe-5d0a1fdaa172: shutdown FollowerState
2019-09-26 15:13:43,122 [Thread-1355] INFO  impl.RaftServerImpl (RaftServerImpl.java:setRole(174)) - b3e939fd-eb36-468b-9efe-5d0a1fdaa172@group-7F7680AB9573: changes role from  FOLLOWER to CANDIDATE at term 0 for changeToCandidate
2019-09-26 15:13:42,708 [Thread-1418] INFO  impl.RoleInfo (RoleInfo.java:shutdownFollowerState(121)) - b3e939fd-eb36-468b-9efe-5d0a1fdaa172: shutdown FollowerState
2019-09-26 15:13:42,708 [b3e939fd-eb36-468b-9efe-5d0a1fdaa172@group-5DF16D025390-SegmentedRaftLogWorker] INFO  util.JmxRegister (JmxRegister.java:unregister(73)) - Successfully un-registered JMX Bean with object name Ratis:service=RaftServer,group=group-5DF16D025390,id=b3e939fd-eb36-468b-9efe-5d0a1fdaa172
2019-09-26 15:13:42,708 [Thread-1445] INFO  impl.RoleInfo (RoleInfo.java:shutdownFollowerState(121)) - b3e939fd-eb36-468b-9efe-5d0a1fdaa172: shutdown FollowerState
2019-09-26 15:13:42,707 [b3e939fd-eb36-468b-9efe-5d0a1fdaa172@group-F26566D6F0FB:LeaderElection199] INFO  impl.RoleInfo (RoleInfo.java:updateAndGet(143)) - b3e939fd-eb36-468b-9efe-5d0a1fdaa172: start LeaderState
2019-09-26 15:13:42,707 [Thread-1364] INFO  impl.RoleInfo (RoleInfo.java:shutdownFollowerState(121)) - b3e939fd-eb36-468b-9efe-5d0a1fdaa172: shutdown FollowerState
2019-09-26 15:13:42,707 [Thread-1373] INFO  impl.RoleInfo (RoleInfo.java:shutdownFollowerState(121)) - b3e939fd-eb36-468b-9efe-5d0a1fdaa172: shutdown FollowerState
2019-09-26 15:13:42,707 [Thread-1403] INFO  impl.RoleInfo (RoleInfo.java:shutdownFollowerState(121)) - b3e939fd-eb36-468b-9efe-5d0a1fdaa172: shutdown FollowerState
2019-09-26 15:13:42,707 [Thread-1382] INFO  impl.RaftServerImpl (RaftServerImpl.java:setRole(174)) - b3e939fd-eb36-468b-9efe-5d0a1fdaa172@group-0531D8DEB565: changes role from  FOLLOWER to CANDIDATE at term 0 for changeToCandidate
2019-09-26 15:13:42,707 [Thread-1379] INFO  impl.RoleInfo (RoleInfo.java:shutdownFollowerState(121)) - b3e939fd-eb36-468b-9efe-5d0a1fdaa172: shutdown FollowerState
2019-09-26 15:13:42,707 [Thread-1388] INFO  impl.RoleInfo (RoleInfo.java:shutdownFollowerState(121)) - b3e939fd-eb36-468b-9efe-5d0a1fdaa172: shutdown FollowerState
2019-09-26 15:13:42,707 [Thread-1496] INFO  impl.RaftServerImpl (RaftServerImpl.java:setRole(174)) - b3e939fd-eb36-468b-9efe-5d0a1fdaa172@group-84E520E4AB54: changes role from  FOLLOWER to CANDIDATE at term 0 for changeToCandidate
2019-09-26 15:13:42,706 [Thread-1349] INFO  impl.RoleInfo (RoleInfo.java:shutdownFollowerState(121)) - b3e939fd-eb36-468b-9efe-5d0a1fdaa172: shutdown FollowerState
2019-09-26 15:13:42,706 [Thread-1397] INFO  impl.RaftServerImpl (RaftServerImpl.java:setRole(174)) - b3e939fd-eb36-468b-9efe-5d0a1fdaa172@group-439DC12DB850: changes role from  FOLLOWER to CANDIDATE at term 0 for changeToCandidate
2019-09-26 15:13:42,706 [Thread-1442] INFO  impl.RaftServerImpl (RaftServerImpl.java:setRole(174)) - b3e939fd-eb36-468b-9efe-5d0a1fdaa172@group-ED5485EA5ACD: changes role from  FOLLOWER to CANDIDATE at term 0 for changeToCandidate
2019-09-26 15:13:42,706 [b3e939fd-eb36-468b-9efe-5d0a1fdaa172@group-F2FE42403F49:LeaderElection220] INFO  impl.RoleInfo (RoleInfo.java:updateAndGet(143)) - b3e939fd-eb36-468b-9efe-5d0a1fdaa172: start LeaderState
2019-09-26 15:13:42,706 [Thread-1361] INFO  impl.RoleInfo (RoleInfo.java:shutdownFollowerState(121)) - b3e939fd-eb36-468b-9efe-5d0a1fdaa172: shutdown FollowerState
2019-09-26 15:13:43,124 [b3e939fd-eb36-468b-9efe-5d0a1fdaa172@group-F2FE42403F49:LeaderElection220] INFO  segmented.SegmentedRaftLogWorker (SegmentedRaftLogWorker.java:startLogSegment(380)) - b3e939fd-eb36-468b-9efe-5d0a1fdaa172@group-F2FE42403F49-SegmentedRaftLogWorker: Starting segment from index:0
2019-09-26 15:13:42,706 [Thread-1451] INFO  impl.RoleInfo (RoleInfo.java:shutdownFollowerState(121)) - b3e939fd-eb36-468b-9efe-5d0a1fdaa172: shutdown FollowerState
2019-09-26 15:13:43,124 [Thread-1451] INFO  impl.RaftServerImpl (RaftServerImpl.java:setRole(174)) - b3e939fd-eb36-468b-9efe-5d0a1fdaa172@group-A2BD7EF985B3: changes role from  FOLLOWER to CANDIDATE at term 0 for changeToCandidate
2019-09-26 15:13:42,706 [b3e939fd-eb36-468b-9efe-5d0a1fdaa172@group-FC0C2CB5B5D7-SegmentedRaftLogWorker] INFO  impl.RaftServerImpl (RaftServerImpl.java:lambda$shutdown$3(251)) - b3e939fd-eb36-468b-9efe-5d0a1fdaa172@group-FC0C2CB5B5D7: shutdown
2019-09-26 15:13:43,124 [b3e939fd-eb36-468b-9efe-5d0a1fdaa172@group-F2FE42403F49:LeaderElection220] INFO  impl.RaftServerImpl (ServerState.java:setRaftConf(354)) - b3e939fd-eb36-468b-9efe-5d0a1fdaa172@group-F2FE42403F49: set configuration 0: [b3e939fd-eb36-468b-9efe-5d0a1fdaa172:192.168.151.99:45433], old=null at 0
2019-09-26 15:13:42,706 [Thread-1469] INFO  impl.RoleInfo (RoleInfo.java:shutdownFollowerState(121)) - b3e939fd-eb36-468b-9efe-5d0a1fdaa172: shutdown FollowerState
2019-09-26 15:13:43,124 [Thread-1469] INFO  impl.RaftServerImpl (RaftServerImpl.java:setRole(174)) - b3e939fd-eb36-468b-9efe-5d0a1fdaa172@group-D78821ACB67A: changes role from  FOLLOWER to CANDIDATE at term 0 for changeToCandidate
2019-09-26 15:13:42,706 [Thread-1457] INFO  impl.RoleInfo (RoleInfo.java:shutdownFollowerState(121)) - b3e939fd-eb36-468b-9efe-5d0a1fdaa172: shutdown FollowerState
2019-09-26 15:13:43,350 [Thread-1457] INFO  impl.RaftServerImpl (RaftServerImpl.java:setRole(174)) - b3e939fd-eb36-468b-9efe-5d0a1fdaa172@group-92F7CC5958C9: changes role from  FOLLOWER to CANDIDATE at term 0 for changeToCandidate
2019-09-26 15:13:43,350 [Thread-1457] INFO  impl.RoleInfo (RoleInfo.java:updateAndGet(143)) - b3e939fd-eb36-468b-9efe-5d0a1fdaa172: start LeaderElection
2019-09-26 15:13:42,706 [Thread-1367] INFO  impl.RoleInfo (RoleInfo.java:shutdownFollowerState(121)) - b3e939fd-eb36-468b-9efe-5d0a1fdaa172: shutdown FollowerState
2019-09-26 15:13:43,351 [Thread-1367] INFO  impl.RaftServerImpl (RaftServerImpl.java:setRole(174)) - b3e939fd-eb36-468b-9efe-5d0a1fdaa172@group-74515BDB2857: changes role from  FOLLOWER to CANDIDATE at term 0 for changeToCandidate
2019-09-26 15:13:42,706 [Thread-1454] INFO  impl.RoleInfo (RoleInfo.java:shutdownFollowerState(121)) - b3e939fd-eb36-468b-9efe-5d0a1fdaa172: shutdown FollowerState
2019-09-26 15:13:43,351 [Thread-1454] INFO  impl.RaftServerImpl (RaftServerImpl.java:setRole(174)) - b3e939fd-eb36-468b-9efe-5d0a1fdaa172@group-ECF09D41D404: changes role from  FOLLOWER to CANDIDATE at term 0 for changeToCandidate
2019-09-26 15:13:43,351 [Thread-1454] INFO  impl.RoleInfo (RoleInfo.java:updateAndGet(143)) - b3e939fd-eb36-468b-9efe-5d0a1fdaa172: start LeaderElection
2019-09-26 15:13:43,351 [Thread-1367] INFO  impl.RoleInfo (RoleInfo.java:updateAndGet(143)) - b3e939fd-eb36-468b-9efe-5d0a1fdaa172: start LeaderElection
2019-09-26 15:13:42,706 [Thread-1448] INFO  impl.RoleInfo (RoleInfo.java:shutdownFollowerState(121)) - b3e939fd-eb36-468b-9efe-5d0a1fdaa172: shutdown FollowerState
2019-09-26 15:13:42,705 [b3e939fd-eb36-468b-9efe-5d0a1fdaa172@group-B2026959841C:LeaderElection241] INFO  impl.RoleInfo (RoleInfo.java:updateAndGet(143)) - b3e939fd-eb36-468b-9efe-5d0a1fdaa172: start LeaderState
2019-09-26 15:13:42,704 [b3e939fd-eb36-468b-9efe-5d0a1fdaa172@group-E2463642327B-SegmentedRaftLogWorker] INFO  impl.RaftServerImpl (ServerState.java:close(385)) - b3e939fd-eb36-468b-9efe-5d0a1fdaa172@group-E2463642327B: closes. applyIndex: -1
2019-09-26 15:13:43,356 [b3e939fd-eb36-468b-9efe-5d0a1fdaa172@group-B2026959841C:LeaderElection241] INFO  segmented.SegmentedRaftLogWorker (SegmentedRaftLogWorker.java:startLogSegment(380)) - b3e939fd-eb36-468b-9efe-5d0a1fdaa172@group-B2026959841C-SegmentedRaftLogWorker: Starting segment from index:0
2019-09-26 15:13:43,356 [b3e939fd-eb36-468b-9efe-5d0a1fdaa172@group-E2463642327B-SegmentedRaftLogWorker] INFO  segmented.SegmentedRaftLogWorker (SegmentedRaftLogWorker.java:close(228)) - b3e939fd-eb36-468b-9efe-5d0a1fdaa172@group-E2463642327B-SegmentedRaftLogWorker close()
2019-09-26 15:13:43,355 [Thread-1448] INFO  impl.RaftServerImpl (RaftServerImpl.java:setRole(174)) - b3e939fd-eb36-468b-9efe-5d0a1fdaa172@group-05F1D5DB38B1: changes role from  FOLLOWER to CANDIDATE at term 0 for changeToCandidate
2019-09-26 15:13:43,350 [Thread-1469] INFO  impl.RoleInfo (RoleInfo.java:updateAndGet(143)) - b3e939fd-eb36-468b-9efe-5d0a1fdaa172: start LeaderElection
2019-09-26 15:13:43,341 [b3e939fd-eb36-468b-9efe-5d0a1fdaa172@group-337EFED2784C-SegmentedRaftLogWorker] ERROR segmented.SegmentedRaftLogWorker (SegmentedRaftLogWorker.java:run(323)) - b3e939fd-eb36-468b-9efe-5d0a1fdaa172@group-337EFED2784C-SegmentedRaftLogWorker hit exception
java.lang.OutOfMemoryError: Direct buffer memory
	at java.nio.Bits.reserveMemory(Bits.java:666)
	at java.nio.DirectByteBuffer.<init>(DirectByteBuffer.java:123)
	at java.nio.ByteBuffer.allocateDirect(ByteBuffer.java:311)
	at org.apache.ratis.server.raftlog.segmented.BufferedWriteChannel.<init>(BufferedWriteChannel.java:41)
	at org.apache.ratis.server.raftlog.segmented.SegmentedRaftLogOutputStream.<init>(SegmentedRaftLogOutputStream.java:72)
	at org.apache.ratis.server.raftlog.segmented.SegmentedRaftLogWorker$StartLogSegment.execute(SegmentedRaftLogWorker.java:566)
	at org.apache.ratis.server.raftlog.segmented.SegmentedRaftLogWorker.run(SegmentedRaftLogWorker.java:289)
	at java.lang.Thread.run(Thread.java:748)
2019-09-26 15:13:43,341 [b3e939fd-eb36-468b-9efe-5d0a1fdaa172@group-B7C42A2D7902-SegmentedRaftLogWorker] ERROR segmented.SegmentedRaftLogWorker (SegmentedRaftLogWorker.java:run(323)) - b3e939fd-eb36-468b-9efe-5d0a1fdaa172@group-B7C42A2D7902-SegmentedRaftLogWorker hit exception
java.lang.OutOfMemoryError: Direct buffer memory
	at java.nio.Bits.reserveMemory(Bits.java:666)
	at java.nio.DirectByteBuffer.<init>(DirectByteBuffer.java:123)
	at java.nio.ByteBuffer.allocateDirect(ByteBuffer.java:311)
	at org.apache.ratis.server.raftlog.segmented.BufferedWriteChannel.<init>(BufferedWriteChannel.java:41)
	at org.apache.ratis.server.raftlog.segmented.SegmentedRaftLogOutputStream.<init>(SegmentedRaftLogOutputStream.java:72)
	at org.apache.ratis.server.raftlog.segmented.SegmentedRaftLogWorker$StartLogSegment.execute(SegmentedRaftLogWorker.java:566)
	at org.apache.ratis.server.raftlog.segmented.SegmentedRaftLogWorker.run(SegmentedRaftLogWorker.java:289)
	at java.lang.Thread.run(Thread.java:748)
2019-09-26 15:13:43,124 [Thread-1451] INFO  impl.RoleInfo (RoleInfo.java:updateAndGet(143)) - b3e939fd-eb36-468b-9efe-5d0a1fdaa172: start LeaderElection
2019-09-26 15:13:43,124 [b3e939fd-eb36-468b-9efe-5d0a1fdaa172@group-124765275578:LeaderElection230] INFO  impl.RoleInfo (RoleInfo.java:updateAndGet(143)) - b3e939fd-eb36-468b-9efe-5d0a1fdaa172: start LeaderState
2019-09-26 15:13:43,124 [Thread-1361] INFO  impl.RaftServerImpl (RaftServerImpl.java:setRole(174)) - b3e939fd-eb36-468b-9efe-5d0a1fdaa172@group-EEC0B09CDA31: changes role from  FOLLOWER to CANDIDATE at term 0 for changeToCandidate
2019-09-26 15:13:43,123 [Thread-1442] INFO  impl.RoleInfo (RoleInfo.java:updateAndGet(143)) - b3e939fd-eb36-468b-9efe-5d0a1fdaa172: start LeaderElection
2019-09-26 15:13:43,123 [Thread-1397] INFO  impl.RoleInfo (RoleInfo.java:updateAndGet(143)) - b3e939fd-eb36-468b-9efe-5d0a1fdaa172: start LeaderElection
2019-09-26 15:13:43,123 [Thread-1349] INFO  impl.RaftServerImpl (RaftServerImpl.java:setRole(174)) - b3e939fd-eb36-468b-9efe-5d0a1fdaa172@group-1B7B953A35B5: changes role from  FOLLOWER to CANDIDATE at term 0 for changeToCandidate
2019-09-26 15:13:43,123 [Thread-1496] INFO  impl.RoleInfo (RoleInfo.java:updateAndGet(143)) - b3e939fd-eb36-468b-9efe-5d0a1fdaa172: start LeaderElection
2019-09-26 15:13:43,123 [Thread-1388] INFO  impl.RaftServerImpl (RaftServerImpl.java:setRole(174)) - b3e939fd-eb36-468b-9efe-5d0a1fdaa172@group-84DF8E7A77E0: changes role from  FOLLOWER to CANDIDATE at term 0 for changeToCandidate
2019-09-26 15:13:43,123 [Thread-1379] INFO  impl.RaftServerImpl (RaftServerImpl.java:setRole(174)) - b3e939fd-eb36-468b-9efe-5d0a1fdaa172@group-F11DE81BFF74: changes role from  FOLLOWER to CANDIDATE at term 0 for changeToCandidate
2019-09-26 15:13:43,123 [Thread-1382] INFO  impl.RoleInfo (RoleInfo.java:updateAndGet(143)) - b3e939fd-eb36-468b-9efe-5d0a1fdaa172: start LeaderElection
2019-09-26 15:13:43,123 [Thread-1403] INFO  impl.RaftServerImpl (RaftServerImpl.java:setRole(174)) - b3e939fd-eb36-468b-9efe-5d0a1fdaa172@group-F3ED5FA15865: changes role from  FOLLOWER to CANDIDATE at term 0 for changeToCandidate
2019-09-26 15:13:43,123 [Thread-1373] INFO  impl.RaftServerImpl (RaftServerImpl.java:setRole(174)) - b3e939fd-eb36-468b-9efe-5d0a1fdaa172@group-F4FE86D2BCDD: changes role from  FOLLOWER to CANDIDATE at term 0 for changeToCandidate
2019-09-26 15:13:43,123 [b3e939fd-eb36-468b-9efe-5d0a1fdaa172@group-F26566D6F0FB:LeaderElection199] INFO  segmented.SegmentedRaftLogWorker (SegmentedRaftLogWorker.java:startLogSegment(380)) - b3e939fd-eb36-468b-9efe-5d0a1fdaa172@group-F26566D6F0FB-SegmentedRaftLogWorker: Starting segment from index:0
2019-09-26 15:13:43,123 [Thread-1364] INFO  impl.RaftServerImpl (RaftServerImpl.java:setRole(174)) - b3e939fd-eb36-468b-9efe-5d0a1fdaa172@group-1BDA4246E368: changes role from  FOLLOWER to CANDIDATE at term 0 for changeToCandidate
2019-09-26 15:13:43,123 [Thread-1445] INFO  impl.RaftServerImpl (RaftServerImpl.java:setRole(174)) - b3e939fd-eb36-468b-9efe-5d0a1fdaa172@group-752F8CC2B31E: changes role from  FOLLOWER to CANDIDATE at term 0 for changeToCandidate
2019-09-26 15:13:43,122 [b3e939fd-eb36-468b-9efe-5d0a1fdaa172@group-5DF16D025390-SegmentedRaftLogWorker] INFO  impl.RoleInfo (RoleInfo.java:shutdownLeaderState(104)) - b3e939fd-eb36-468b-9efe-5d0a1fdaa172: shutdown LeaderState
2019-09-26 15:13:43,122 [Thread-1418] INFO  impl.RaftServerImpl (RaftServerImpl.java:setRole(174)) - b3e939fd-eb36-468b-9efe-5d0a1fdaa172@group-7ED9DECB8A6B: changes role from  FOLLOWER to CANDIDATE at term 0 for changeToCandidate
2019-09-26 15:13:43,122 [Thread-1355] INFO  impl.RoleInfo (RoleInfo.java:updateAndGet(143)) - b3e939fd-eb36-468b-9efe-5d0a1fdaa172: start LeaderElection
2019-09-26 15:13:43,122 [b3e939fd-eb36-468b-9efe-5d0a1fdaa172@group-EBA4A4160D1B:LeaderElection229] INFO  impl.RoleInfo (RoleInfo.java:updateAndGet(143)) - b3e939fd-eb36-468b-9efe-5d0a1fdaa172: start LeaderState
2019-09-26 15:13:43,122 [Thread-1406] INFO  impl.RaftServerImpl (RaftServerImpl.java:setRole(174)) - b3e939fd-eb36-468b-9efe-5d0a1fdaa172@group-8510E27DA55F: changes role from  FOLLOWER to CANDIDATE at term 0 for changeToCandidate
2019-09-26 15:13:43,122 [Thread-1318] INFO  impl.RaftServerImpl (RaftServerImpl.java:setRole(174)) - b3e939fd-eb36-468b-9efe-5d0a1fdaa172@group-5C693F90868A: changes role from  FOLLOWER to CANDIDATE at term 0 for changeToCandidate
2019-09-26 15:13:43,122 [Thread-1352] INFO  impl.RaftServerImpl (RaftServerImpl.java:setRole(174)) - b3e939fd-eb36-468b-9efe-5d0a1fdaa172@group-E00230405E12: changes role from  FOLLOWER to CANDIDATE at term 0 for changeToCandidate
2019-09-26 15:13:43,122 [Thread-1370] INFO  impl.RaftServerImpl (RaftServerImpl.java:setRole(174)) - b3e939fd-eb36-468b-9efe-5d0a1fdaa172@group-D5D0A30B4DC8: changes role from  FOLLOWER to CANDIDATE at term 0 for changeToCandidate
2019-09-26 15:13:43,775 [Thread-1370] INFO  impl.RoleInfo (RoleInfo.java:updateAndGet(143)) - b3e939fd-eb36-468b-9efe-5d0a1fdaa172: start LeaderElection
2019-09-26 15:13:43,776 [b3e939fd-eb36-468b-9efe-5d0a1fdaa172@group-028EEA1990DD:LeaderElection237] INFO  impl.RoleInfo (RoleInfo.java:updateAndGet(143)) - b3e939fd-eb36-468b-9efe-5d0a1fdaa172: start LeaderState
2019-09-26 15:13:42,931 [Thread-1394] INFO  impl.RaftServerImpl (RaftServerImpl.java:setRole(174)) - b3e939fd-eb36-468b-9efe-5d0a1fdaa172@group-CD5FC8CEC3A3: changes role from  FOLLOWER to CANDIDATE at term 0 for changeToCandidate
2019-09-26 15:13:43,776 [Thread-1394] INFO  impl.RoleInfo (RoleInfo.java:updateAndGet(143)) - b3e939fd-eb36-468b-9efe-5d0a1fdaa172: start LeaderElection
2019-09-26 15:13:42,931 [b3e939fd-eb36-468b-9efe-5d0a1fdaa172@group-3A19C25E34FC:LeaderElection202] INFO  impl.RaftServerImpl (ServerState.java:setRaftConf(354)) - b3e939fd-eb36-468b-9efe-5d0a1fdaa172@group-3A19C25E34FC: set configuration 0: [b3e939fd-eb36-468b-9efe-5d0a1fdaa172:192.168.151.99:45433], old=null at 0
2019-09-26 15:13:42,931 [Thread-1430] INFO  impl.RaftServerImpl (RaftServerImpl.java:setRole(174)) - b3e939fd-eb36-468b-9efe-5d0a1fdaa172@group-D591C59CFB86: changes role from  FOLLOWER to CANDIDATE at term 0 for changeToCandidate
2019-09-26 15:13:42,931 [Thread-1409] INFO  impl.RaftServerImpl (RaftServerImpl.java:setRole(174)) - b3e939fd-eb36-468b-9efe-5d0a1fdaa172@group-3BF504006062: changes role from  FOLLOWER to CANDIDATE at term 0 for changeToCandidate
2019-09-26 15:13:42,931 [Thread-1472] INFO  impl.RaftServerImpl (RaftServerImpl.java:setRole(174)) - b3e939fd-eb36-468b-9efe-5d0a1fdaa172@group-CA0F44176545: changes role from  FOLLOWER to CANDIDATE at term 0 for changeToCandidate
2019-09-26 15:13:42,930 [Thread-1415] INFO  impl.RaftServerImpl (RaftServerImpl.java:setRole(174)) - b3e939fd-eb36-468b-9efe-5d0a1fdaa172@group-DEE462ADEC0E: changes role from  FOLLOWER to CANDIDATE at term 0 for changeToCandidate
2019-09-26 15:13:42,930 [b3e939fd-eb36-468b-9efe-5d0a1fdaa172@group-597DE855A82D:LeaderElection234] INFO  impl.RoleInfo (RoleInfo.java:updateAndGet(143)) - b3e939fd-eb36-468b-9efe-5d0a1fdaa172: start LeaderState
2019-09-26 15:13:42,930 [Thread-1412] INFO  impl.RaftServerImpl (RaftServerImpl.java:setRole(174)) - b3e939fd-eb36-468b-9efe-5d0a1fdaa172@group-33913256AF98: changes role from  FOLLOWER to CANDIDATE at term 0 for changeToCandidate
2019-09-26 15:13:42,930 [Thread-1493] INFO  impl.RaftServerImpl (RaftServerImpl.java:setRole(174)) - b3e939fd-eb36-468b-9efe-5d0a1fdaa172@group-5152959DB5D4: changes role from  FOLLOWER to CANDIDATE at term 0 for changeToCandidate
2019-09-26 15:13:42,930 [Thread-1478] INFO  impl.RaftServerImpl (RaftServerImpl.java:setRole(174)) - b3e939fd-eb36-468b-9efe-5d0a1fdaa172@group-71A36764AA64: changes role from  FOLLOWER to CANDIDATE at term 0 for changeToCandidate
2019-09-26 15:13:42,930 [Thread-1427] INFO  impl.RaftServerImpl (RaftServerImpl.java:setRole(174)) - b3e939fd-eb36-468b-9efe-5d0a1fdaa172@group-A909352B10E1: changes role from  FOLLOWER to CANDIDATE at term 0 for changeToCandidate
2019-09-26 15:13:42,930 [Thread-1424] INFO  impl.RoleInfo (RoleInfo.java:updateAndGet(143)) - b3e939fd-eb36-468b-9efe-5d0a1fdaa172: start LeaderElection
2019-09-26 15:13:42,930 [Thread-1436] INFO  impl.RaftServerImpl (RaftServerImpl.java:setRole(174)) - b3e939fd-eb36-468b-9efe-5d0a1fdaa172@group-B602AE1BC508: changes role from  FOLLOWER to CANDIDATE at term 0 for changeToCandidate
2019-09-26 15:13:42,930 [Thread-1490] INFO  impl.RaftServerImpl (RaftServerImpl.java:setRole(174)) - b3e939fd-eb36-468b-9efe-5d0a1fdaa172@group-711EE27C9E35: changes role from  FOLLOWER to CANDIDATE at term 0 for changeToCandidate
2019-09-26 15:13:42,930 [Thread-1421] INFO  impl.RaftServerImpl (RaftServerImpl.java:setRole(174)) - b3e939fd-eb36-468b-9efe-5d0a1fdaa172@group-82F2C342C520: changes role from  FOLLOWER to CANDIDATE at term 0 for changeToCandidate
2019-09-26 15:13:42,930 [Thread-1463] INFO  impl.RoleInfo (RoleInfo.java:updateAndGet(143)) - b3e939fd-eb36-468b-9efe-5d0a1fdaa172: start LeaderElection
2019-09-26 15:13:42,929 [Thread-1385] INFO  impl.RaftServerImpl (RaftServerImpl.java:setRole(174)) - b3e939fd-eb36-468b-9efe-5d0a1fdaa172@group-25745E01B0BD: changes role from  FOLLOWER to CANDIDATE at term 0 for changeToCandidate
2019-09-26 15:13:42,929 [Thread-1433] INFO  impl.RoleInfo (RoleInfo.java:shutdownFollowerState(121)) - b3e939fd-eb36-468b-9efe-5d0a1fdaa172: shutdown FollowerState
2019-09-26 15:13:42,929 [Thread-1439] INFO  impl.RaftServerImpl (RaftServerImpl.java:setRole(174)) - b3e939fd-eb36-468b-9efe-5d0a1fdaa172@group-302304666DE6: changes role from  FOLLOWER to CANDIDATE at term 0 for changeToCandidate
2019-09-26 15:13:42,929 [Thread-1376] INFO  impl.RoleInfo (RoleInfo.java:updateAndGet(143)) - b3e939fd-eb36-468b-9efe-5d0a1fdaa172: start LeaderElection
2019-09-26 15:13:42,929 [b3e939fd-eb36-468b-9efe-5d0a1fdaa172@group-E8E63C574F52:LeaderElection203] INFO  impl.RoleInfo (RoleInfo.java:updateAndGet(143)) - b3e939fd-eb36-468b-9efe-5d0a1fdaa172: start LeaderState
2019-09-26 15:13:42,929 [b3e939fd-eb36-468b-9efe-5d0a1fdaa172@group-1A432A011447:LeaderElection225] INFO  segmented.SegmentedRaftLogWorker (SegmentedRaftLogWorker.java:startLogSegment(380)) - b3e939fd-eb36-468b-9efe-5d0a1fdaa172@group-1A432A011447-SegmentedRaftLogWorker: Starting segment from index:0
2019-09-26 15:13:42,929 [Thread-1391] INFO  impl.RoleInfo (RoleInfo.java:shutdownFollowerState(121)) - b3e939fd-eb36-468b-9efe-5d0a1fdaa172: shutdown FollowerState
2019-09-26 15:13:42,929 [Thread-1346] INFO  impl.RoleInfo (RoleInfo.java:updateAndGet(143)) - b3e939fd-eb36-468b-9efe-5d0a1fdaa172: start LeaderElection
2019-09-26 15:13:42,929 [Thread-1460] INFO  impl.RoleInfo (RoleInfo.java:shutdownFollowerState(121)) - b3e939fd-eb36-468b-9efe-5d0a1fdaa172: shutdown FollowerState
2019-09-26 15:13:43,780 [Thread-1460] INFO  impl.RaftServerImpl (RaftServerImpl.java:setRole(174)) - b3e939fd-eb36-468b-9efe-5d0a1fdaa172@group-2B1CE96F5305: changes role from  FOLLOWER to CANDIDATE at term 0 for changeToCandidate
2019-09-26 15:13:42,929 [Thread-1315] INFO  impl.RoleInfo (RoleInfo.java:shutdownFollowerState(121)) - b3e939fd-eb36-468b-9efe-5d0a1fdaa172: shutdown FollowerState
2019-09-26 15:13:42,929 [Thread-1358] INFO  impl.RaftServerImpl (RaftServerImpl.java:setRole(174)) - b3e939fd-eb36-468b-9efe-5d0a1fdaa172@group-9591EA67C8C0: changes role from  FOLLOWER to CANDIDATE at term 0 for changeToCandidate
2019-09-26 15:13:42,929 [Thread-1400] INFO  impl.RaftServerImpl (RaftServerImpl.java:setRole(174)) - b3e939fd-eb36-468b-9efe-5d0a1fdaa172@group-8292B21D7178: changes role from  FOLLOWER to CANDIDATE at term 0 for changeToCandidate
2019-09-26 15:13:42,929 [Thread-1484] INFO  impl.RoleInfo (RoleInfo.java:shutdownFollowerState(121)) - b3e939fd-eb36-468b-9efe-5d0a1fdaa172: shutdown FollowerState
2019-09-26 15:13:42,929 [Thread-1466] INFO  impl.RaftServerImpl (RaftServerImpl.java:setRole(174)) - b3e939fd-eb36-468b-9efe-5d0a1fdaa172@group-659098C9AEA4: changes role from  FOLLOWER to CANDIDATE at term 0 for changeToCandidate
2019-09-26 15:13:44,025 [Thread-1466] INFO  impl.RoleInfo (RoleInfo.java:updateAndGet(143)) - b3e939fd-eb36-468b-9efe-5d0a1fdaa172: start LeaderElection
2019-09-26 15:13:42,929 [Thread-1481] INFO  impl.RoleInfo (RoleInfo.java:shutdownFollowerState(121)) - b3e939fd-eb36-468b-9efe-5d0a1fdaa172: shutdown FollowerState
2019-09-26 15:13:44,025 [Thread-1481] INFO  impl.RaftServerImpl (RaftServerImpl.java:setRole(174)) - b3e939fd-eb36-468b-9efe-5d0a1fdaa172@group-74AE591B69F2: changes role from  FOLLOWER to CANDIDATE at term 0 for changeToCandidate
2019-09-26 15:13:42,929 [b3e939fd-eb36-468b-9efe-5d0a1fdaa172@group-4295C4227654:LeaderElection263] INFO  impl.LeaderElection (LeaderElection.java:askForVotes(182)) - b3e939fd-eb36-468b-9efe-5d0a1fdaa172@group-4295C4227654:LeaderElection263: begin an election at term 1 for -1: [b3e939fd-eb36-468b-9efe-5d0a1fdaa172:192.168.151.99:45433], old=null
2019-09-26 15:13:42,929 [b3e939fd-eb36-468b-9efe-5d0a1fdaa172@group-82208FB82218:LeaderElection264] INFO  impl.LeaderElection (LeaderElection.java:askForVotes(182)) - b3e939fd-eb36-468b-9efe-5d0a1fdaa172@group-82208FB82218:LeaderElection264: begin an election at term 1 for -1: [b3e939fd-eb36-468b-9efe-5d0a1fdaa172:192.168.151.99:45433], old=null
2019-09-26 15:13:42,928 [b3e939fd-eb36-468b-9efe-5d0a1fdaa172@group-ECC1AF727233-SegmentedRaftLogWorker] ERROR segmented.SegmentedRaftLogWorker (SegmentedRaftLogWorker.java:run(323)) - b3e939fd-eb36-468b-9efe-5d0a1fdaa172@group-ECC1AF727233-SegmentedRaftLogWorker hit exception
java.lang.OutOfMemoryError: Direct buffer memory
	at java.nio.Bits.reserveMemory(Bits.java:666)
	at java.nio.DirectByteBuffer.<init>(DirectByteBuffer.java:123)
	at java.nio.ByteBuffer.allocateDirect(ByteBuffer.java:311)
	at org.apache.ratis.server.raftlog.segmented.BufferedWriteChannel.<init>(BufferedWriteChannel.java:41)
	at org.apache.ratis.server.raftlog.segmented.SegmentedRaftLogOutputStream.<init>(SegmentedRaftLogOutputStream.java:72)
	at org.apache.ratis.server.raftlog.segmented.SegmentedRaftLogWorker$StartLogSegment.execute(SegmentedRaftLogWorker.java:566)
	at org.apache.ratis.server.raftlog.segmented.SegmentedRaftLogWorker.run(SegmentedRaftLogWorker.java:289)
	at java.lang.Thread.run(Thread.java:748)
2019-09-26 15:13:42,710 [b3e939fd-eb36-468b-9efe-5d0a1fdaa172@group-9E432427BF8B:LeaderElection215] INFO  impl.RaftServerImpl (ServerState.java:setRaftConf(354)) - b3e939fd-eb36-468b-9efe-5d0a1fdaa172@group-9E432427BF8B: set configuration 0: [b3e939fd-eb36-468b-9efe-5d0a1fdaa172:192.168.151.99:45433], old=null at 0
2019-09-26 15:13:42,710 [b3e939fd-eb36-468b-9efe-5d0a1fdaa172@group-E77F7695A491-SegmentedRaftLogWorker] INFO  impl.PendingRequests (PendingRequests.java:sendNotLeaderResponses(202)) - b3e939fd-eb36-468b-9efe-5d0a1fdaa172-PendingRequests: sendNotLeaderResponses
2019-09-26 15:13:44,026 [b3e939fd-eb36-468b-9efe-5d0a1fdaa172@group-C47DA51F7039:LeaderElection235] INFO  impl.RoleInfo (RoleInfo.java:updateAndGet(143)) - b3e939fd-eb36-468b-9efe-5d0a1fdaa172: start LeaderState
2019-09-26 15:13:44,026 [b3e939fd-eb36-468b-9efe-5d0a1fdaa172@group-ECC1AF727233-SegmentedRaftLogWorker] INFO  impl.RaftServerImpl (RaftServerImpl.java:lambda$shutdown$3(251)) - b3e939fd-eb36-468b-9efe-5d0a1fdaa172@group-ECC1AF727233: shutdown
2019-09-26 15:13:44,026 [b3e939fd-eb36-468b-9efe-5d0a1fdaa172@group-4295C4227654:LeaderElection263] INFO  impl.RoleInfo (RoleInfo.java:shutdownLeaderElection(134)) - b3e939fd-eb36-468b-9efe-5d0a1fdaa172: shutdown LeaderElection
2019-09-26 15:13:44,026 [b3e939fd-eb36-468b-9efe-5d0a1fdaa172@group-82208FB82218:LeaderElection264] INFO  impl.RoleInfo (RoleInfo.java:shutdownLeaderElection(134)) - b3e939fd-eb36-468b-9efe-5d0a1fdaa172: shutdown LeaderElection
2019-09-26 15:13:44,026 [Thread-1481] INFO  impl.RoleInfo (RoleInfo.java:updateAndGet(143)) - b3e939fd-eb36-468b-9efe-5d0a1fdaa172: start LeaderElection
2019-09-26 15:13:44,025 [b3e939fd-eb36-468b-9efe-5d0a1fdaa172@group-DC2DB9729BEF:LeaderElection240] INFO  impl.RoleInfo (RoleInfo.java:updateAndGet(143)) - b3e939fd-eb36-468b-9efe-5d0a1fdaa172: start LeaderState
2019-09-26 15:13:44,025 [Thread-1484] INFO  impl.RaftServerImpl (RaftServerImpl.java:setRole(174)) - b3e939fd-eb36-468b-9efe-5d0a1fdaa172@group-1A6945A2EB5D: changes role from  FOLLOWER to CANDIDATE at term 0 for changeToCandidate
2019-09-26 15:13:44,025 [Thread-1400] INFO  impl.RoleInfo (RoleInfo.java:updateAndGet(143)) - b3e939fd-eb36-468b-9efe-5d0a1fdaa172: start LeaderElection
2019-09-26 15:13:44,025 [Thread-1358] INFO  impl.RoleInfo (RoleInfo.java:updateAndGet(143)) - b3e939fd-eb36-468b-9efe-5d0a1fdaa172: start LeaderElection
2019-09-26 15:13:44,031 [b3e939fd-eb36-468b-9efe-5d0a1fdaa172@group-91D52F7A6523:LeaderElection211] INFO  impl.RoleInfo (RoleInfo.java:updateAndGet(143)) - b3e939fd-eb36-468b-9efe-5d0a1fdaa172: start LeaderState
2019-09-26 15:13:44,024 [Thread-1315] INFO  impl.RaftServerImpl (RaftServerImpl.java:setRole(174)) - b3e939fd-eb36-468b-9efe-5d0a1fdaa172@group-B6785E685516: changes role from  FOLLOWER to CANDIDATE at term 0 for changeToCandidate
2019-09-26 15:13:44,024 [Thread-1460] INFO  impl.RoleInfo (RoleInfo.java:updateAndGet(143)) - b3e939fd-eb36-468b-9efe-5d0a1fdaa172: start LeaderElection
2019-09-26 15:13:44,024 [b3e939fd-eb36-468b-9efe-5d0a1fdaa172@group-A2BD7EF985B3:LeaderElection274] INFO  impl.LeaderElection (LeaderElection.java:askForVotes(182)) - b3e939fd-eb36-468b-9efe-5d0a1fdaa172@group-A2BD7EF985B3:LeaderElection274: begin an election at term 1 for -1: [b3e939fd-eb36-468b-9efe-5d0a1fdaa172:192.168.151.99:45433], old=null
2019-09-26 15:13:44,024 [b3e939fd-eb36-468b-9efe-5d0a1fdaa172@group-ED5485EA5ACD:LeaderElection273] INFO  impl.LeaderElection (LeaderElection.java:askForVotes(182)) - b3e939fd-eb36-468b-9efe-5d0a1fdaa172@group-ED5485EA5ACD:LeaderElection273: begin an election at term 1 for -1: [b3e939fd-eb36-468b-9efe-5d0a1fdaa172:192.168.151.99:45433], old=null
2019-09-26 15:13:44,024 [b3e939fd-eb36-468b-9efe-5d0a1fdaa172@group-D78821ACB67A:LeaderElection275] INFO  impl.LeaderElection (LeaderElection.java:askForVotes(182)) - b3e939fd-eb36-468b-9efe-5d0a1fdaa172@group-D78821ACB67A:LeaderElection275: begin an election at term 1 for -1: [b3e939fd-eb36-468b-9efe-5d0a1fdaa172:192.168.151.99:45433], old=null
2019-09-26 15:13:44,032 [b3e939fd-eb36-468b-9efe-5d0a1fdaa172@group-D78821ACB67A:LeaderElection275] INFO  impl.RoleInfo (RoleInfo.java:shutdownLeaderElection(134)) - b3e939fd-eb36-468b-9efe-5d0a1fdaa172: shutdown LeaderElection
2019-09-26 15:13:44,032 [b3e939fd-eb36-468b-9efe-5d0a1fdaa172@group-D78821ACB67A:LeaderElection275] INFO  impl.RaftServerImpl (RaftServerImpl.java:setRole(174)) - b3e939fd-eb36-468b-9efe-5d0a1fdaa172@group-D78821ACB67A: changes role from CANDIDATE to LEADER at term 1 for changeToLeader
2019-09-26 15:13:44,032 [b3e939fd-eb36-468b-9efe-5d0a1fdaa172@group-D78821ACB67A:LeaderElection275] INFO  impl.RaftServerImpl (ServerState.java:setLeader(253)) - b3e939fd-eb36-468b-9efe-5d0a1fdaa172@group-D78821ACB67A: change Leader from null to b3e939fd-eb36-468b-9efe-5d0a1fdaa172 at term 1 for becomeLeader, leader elected after 12578ms
2019-09-26 15:13:44,032 [b3e939fd-eb36-468b-9efe-5d0a1fdaa172@group-D78821ACB67A:LeaderElection275] INFO  server.RaftServerConfigKeys (ConfUtils.java:logGet(43)) - raft.server.staging.catchup.gap = 1000 (default)
2019-09-26 15:13:44,024 [b3e939fd-eb36-468b-9efe-5d0a1fdaa172@group-7F7680AB9573:LeaderElection269] INFO  impl.LeaderElection (LeaderElection.java:askForVotes(182)) - b3e939fd-eb36-468b-9efe-5d0a1fdaa172@group-7F7680AB9573:LeaderElection269: begin an election at term 1 for -1: [b3e939fd-eb36-468b-9efe-5d0a1fdaa172:192.168.151.99:45433], old=null
2019-09-26 15:13:44,024 [b3e939fd-eb36-468b-9efe-5d0a1fdaa172@group-D5D0A30B4DC8:LeaderElection292] INFO  impl.LeaderElection (LeaderElection.java:askForVotes(182)) - b3e939fd-eb36-468b-9efe-5d0a1fdaa172@group-D5D0A30B4DC8:LeaderElection292: begin an election at term 1 for -1: [b3e939fd-eb36-468b-9efe-5d0a1fdaa172:192.168.151.99:45433], old=null
2019-09-26 15:13:44,033 [b3e939fd-eb36-468b-9efe-5d0a1fdaa172@group-D5D0A30B4DC8:LeaderElection292] INFO  impl.RoleInfo (RoleInfo.java:shutdownLeaderElection(134)) - b3e939fd-eb36-468b-9efe-5d0a1fdaa172: shutdown LeaderElection
2019-09-26 15:13:44,033 [b3e939fd-eb36-468b-9efe-5d0a1fdaa172@group-D5D0A30B4DC8:LeaderElection292] INFO  impl.RaftServerImpl (RaftServerImpl.java:setRole(174)) - b3e939fd-eb36-468b-9efe-5d0a1fdaa172@group-D5D0A30B4DC8: changes role from CANDIDATE to LEADER at term 1 for changeToLeader
2019-09-26 15:13:44,033 [b3e939fd-eb36-468b-9efe-5d0a1fdaa172@group-D5D0A30B4DC8:LeaderElection292] INFO  impl.RaftServerImpl (ServerState.java:setLeader(253)) - b3e939fd-eb36-468b-9efe-5d0a1fdaa172@group-D5D0A30B4DC8: change Leader from null to b3e939fd-eb36-468b-9efe-5d0a1fdaa172 at term 1 for becomeLeader, leader elected after 13610ms
2019-09-26 15:13:44,033 [b3e939fd-eb36-468b-9efe-5d0a1fdaa172@group-D5D0A30B4DC8:LeaderElection292] INFO  server.RaftServerConfigKeys (ConfUtils.java:logGet(43)) - raft.server.staging.catchup.gap = 1000 (default)
2019-09-26 15:13:44,033 [b3e939fd-eb36-468b-9efe-5d0a1fdaa172@group-D5D0A30B4DC8:LeaderElection292] INFO  server.RaftServerConfigKeys (ConfUtils.java:logGet(43)) - raft.server.rpc.sleep.time = 25ms (default)
2019-09-26 15:13:44,033 [b3e939fd-eb36-468b-9efe-5d0a1fdaa172@group-D5D0A30B4DC8:LeaderElection292] INFO  server.RaftServerConfigKeys (ConfUtils.java:logGet(43)) - raft.server.write.element-limit = 4096 (default)
2019-09-26 15:13:44,034 [b3e939fd-eb36-468b-9efe-5d0a1fdaa172@group-D5D0A30B4DC8:LeaderElection292] INFO  server.RaftServerConfigKeys (ConfUtils.java:logGet(43)) - raft.server.watch.timeout = 10s (default)
2019-09-26 15:13:44,024 [b3e939fd-eb36-468b-9efe-5d0a1fdaa172@group-439DC12DB850:LeaderElection272] INFO  impl.LeaderElection (LeaderElection.java:askForVotes(182)) - b3e939fd-eb36-468b-9efe-5d0a1fdaa172@group-439DC12DB850:LeaderElection272: begin an election at term 1 for -1: [b3e939fd-eb36-468b-9efe-5d0a1fdaa172:192.168.151.99:45433], old=null
2019-09-26 15:13:44,024 [b3e939fd-eb36-468b-9efe-5d0a1fdaa172@group-84E520E4AB54:LeaderElection271] INFO  impl.LeaderElection (LeaderElection.java:askForVotes(182)) - b3e939fd-eb36-468b-9efe-5d0a1fdaa172@group-84E520E4AB54:LeaderElection271: begin an election at term 1 for -1: [b3e939fd-eb36-468b-9efe-5d0a1fdaa172:192.168.151.99:45433], old=null
2019-09-26 15:13:44,024 [b3e939fd-eb36-468b-9efe-5d0a1fdaa172@group-0531D8DEB565:LeaderElection270] INFO  impl.LeaderElection (LeaderElection.java:askForVotes(182)) - b3e939fd-eb36-468b-9efe-5d0a1fdaa172@group-0531D8DEB565:LeaderElection270: begin an election at term 1 for -1: [b3e939fd-eb36-468b-9efe-5d0a1fdaa172:192.168.151.99:45433], old=null
2019-09-26 15:13:44,024 [b3e939fd-eb36-468b-9efe-5d0a1fdaa172@group-CD5FC8CEC3A3:LeaderElection293] INFO  impl.LeaderElection (LeaderElection.java:askForVotes(182)) - b3e939fd-eb36-468b-9efe-5d0a1fdaa172@group-CD5FC8CEC3A3:LeaderElection293: begin an election at term 1 for -1: [b3e939fd-eb36-468b-9efe-5d0a1fdaa172:192.168.151.99:45433], old=null
2019-09-26 15:13:44,024 [b3e939fd-eb36-468b-9efe-5d0a1fdaa172@group-1A5718D16976-SegmentedRaftLogWorker] ERROR segmented.SegmentedRaftLogWorker (SegmentedRaftLogWorker.java:run(323)) - b3e939fd-eb36-468b-9efe-5d0a1fdaa172@group-1A5718D16976-SegmentedRaftLogWorker hit exception
java.lang.OutOfMemoryError: Direct buffer memory
	at java.nio.Bits.reserveMemory(Bits.java:666)
	at java.nio.DirectByteBuffer.<init>(DirectByteBuffer.java:123)
	at java.nio.ByteBuffer.allocateDirect(ByteBuffer.java:311)
	at org.apache.ratis.server.raftlog.segmented.BufferedWriteChannel.<init>(BufferedWriteChannel.java:41)
	at org.apache.ratis.server.raftlog.segmented.SegmentedRaftLogOutputStream.<init>(SegmentedRaftLogOutputStream.java:72)
	at org.apache.ratis.server.raftlog.segmented.SegmentedRaftLogWorker$StartLogSegment.execute(SegmentedRaftLogWorker.java:566)
	at org.apache.ratis.server.raftlog.segmented.SegmentedRaftLogWorker.run(SegmentedRaftLogWorker.java:289)
	at java.lang.Thread.run(Thread.java:748)
2019-09-26 15:13:44,034 [b3e939fd-eb36-468b-9efe-5d0a1fdaa172@group-1A5718D16976-SegmentedRaftLogWorker] INFO  impl.RaftServerImpl (RaftServerImpl.java:lambda$shutdown$3(251)) - b3e939fd-eb36-468b-9efe-5d0a1fdaa172@group-1A5718D16976: shutdown
2019-09-26 15:13:43,779 [b3e939fd-eb36-468b-9efe-5d0a1fdaa172@group-1A432A011447:LeaderElection225] INFO  impl.RaftServerImpl (ServerState.java:setRaftConf(354)) - b3e939fd-eb36-468b-9efe-5d0a1fdaa172@group-1A432A011447: set configuration 0: [b3e939fd-eb36-468b-9efe-5d0a1fdaa172:192.168.151.99:45433], old=null at 0
2019-09-26 15:13:43,779 [Thread-1391] INFO  impl.RaftServerImpl (RaftServerImpl.java:setRole(174)) - b3e939fd-eb36-468b-9efe-5d0a1fdaa172@group-7BA823644DD2: changes role from  FOLLOWER to CANDIDATE at term 0 for changeToCandidate
2019-09-26 15:13:43,779 [b3e939fd-eb36-468b-9efe-5d0a1fdaa172@group-E8E63C574F52:LeaderElection203] INFO  segmented.SegmentedRaftLogWorker (SegmentedRaftLogWorker.java:startLogSegment(380)) - b3e939fd-eb36-468b-9efe-5d0a1fdaa172@group-E8E63C574F52-SegmentedRaftLogWorker: Starting segment from index:0
2019-09-26 15:13:43,779 [Thread-1439] INFO  impl.RoleInfo (RoleInfo.java:updateAndGet(143)) - b3e939fd-eb36-468b-9efe-5d0a1fdaa172: start LeaderElection
2019-09-26 15:13:43,779 [Thread-1433] INFO  impl.RaftServerImpl (RaftServerImpl.java:setRole(174)) - b3e939fd-eb36-468b-9efe-5d0a1fdaa172@group-D363040DAF31: changes role from  FOLLOWER to CANDIDATE at term 0 for changeToCandidate
2019-09-26 15:13:44,035 [b3e939fd-eb36-468b-9efe-5d0a1fdaa172@group-E8E63C574F52:LeaderElection203] INFO  impl.RaftServerImpl (ServerState.java:setRaftConf(354)) - b3e939fd-eb36-468b-9efe-5d0a1fdaa172@group-E8E63C574F52: set configuration 0: [b3e939fd-eb36-468b-9efe-5d0a1fdaa172:192.168.151.99:45433], old=null at 0
2019-09-26 15:13:44,035 [Thread-1433] INFO  impl.RoleInfo (RoleInfo.java:updateAndGet(143)) - b3e939fd-eb36-468b-9efe-5d0a1fdaa172: start LeaderElection
2019-09-26 15:13:43,779 [Thread-1385] INFO  impl.RoleInfo (RoleInfo.java:updateAndGet(143)) - b3e939fd-eb36-468b-9efe-5d0a1fdaa172: start LeaderElection
2019-09-26 15:13:43,778 [b3e939fd-eb36-468b-9efe-5d0a1fdaa172@group-2F5911C68895:LeaderElection228] INFO  impl.RoleInfo (RoleInfo.java:updateAndGet(143)) - b3e939fd-eb36-468b-9efe-5d0a1fdaa172: start LeaderState
2019-09-26 15:13:43,778 [Thread-1421] INFO  impl.RoleInfo (RoleInfo.java:updateAndGet(143)) - b3e939fd-eb36-468b-9efe-5d0a1fdaa172: start LeaderElection
2019-09-26 15:13:43,778 [Thread-1490] INFO  impl.RoleInfo (RoleInfo.java:updateAndGet(143)) - b3e939fd-eb36-468b-9efe-5d0a1fdaa172: start LeaderElection
2019-09-26 15:13:43,778 [Thread-1436] INFO  impl.RoleInfo (RoleInfo.java:updateAndGet(143)) - b3e939fd-eb36-468b-9efe-5d0a1fdaa172: start LeaderElection
2019-09-26 15:13:43,778 [Thread-1430] INFO  impl.RoleInfo (RoleInfo.java:updateAndGet(143)) - b3e939fd-eb36-468b-9efe-5d0a1fdaa172: start LeaderElection
2019-09-26 15:13:43,778 [Thread-1427] INFO  impl.RoleInfo (RoleInfo.java:updateAndGet(143)) - b3e939fd-eb36-468b-9efe-5d0a1fdaa172: start LeaderElection
2019-09-26 15:13:43,778 [Thread-1409] INFO  impl.RoleInfo (RoleInfo.java:updateAndGet(143)) - b3e939fd-eb36-468b-9efe-5d0a1fdaa172: start LeaderElection
2019-09-26 15:13:44,287 [b3e939fd-eb36-468b-9efe-5d0a1fdaa172@group-1A5718D16976-SegmentedRaftLogWorker] INFO  util.JmxRegister (JmxRegister.java:unregister(73)) - Successfully un-registered JMX Bean with object name Ratis:service=RaftServer,group=group-1A5718D16976,id=b3e939fd-eb36-468b-9efe-5d0a1fdaa172
2019-09-26 15:13:43,778 [Thread-1478] INFO  impl.RoleInfo (RoleInfo.java:updateAndGet(143)) - b3e939fd-eb36-468b-9efe-5d0a1fdaa172: start LeaderElection
2019-09-26 15:13:43,777 [Thread-1493] INFO  impl.RoleInfo (RoleInfo.java:updateAndGet(143)) - b3e939fd-eb36-468b-9efe-5d0a1fdaa172: start LeaderElection
2019-09-26 15:13:43,777 [Thread-1472] INFO  impl.RoleInfo (RoleInfo.java:updateAndGet(143)) - b3e939fd-eb36-468b-9efe-5d0a1fdaa172: start LeaderElection
2019-09-26 15:13:43,777 [Thread-1412] INFO  impl.RoleInfo (RoleInfo.java:updateAndGet(143)) - b3e939fd-eb36-468b-9efe-5d0a1fdaa172: start LeaderElection
2019-09-26 15:13:43,777 [b3e939fd-eb36-468b-9efe-5d0a1fdaa172@group-597DE855A82D:LeaderElection234] INFO  segmented.SegmentedRaftLogWorker (SegmentedRaftLogWorker.java:startLogSegment(380)) - b3e939fd-eb36-468b-9efe-5d0a1fdaa172@group-597DE855A82D-SegmentedRaftLogWorker: Starting segment from index:0
2019-09-26 15:13:43,777 [b3e939fd-eb36-468b-9efe-5d0a1fdaa172@group-10287887346D:LeaderElection213] INFO  impl.RoleInfo (RoleInfo.java:updateAndGet(143)) - b3e939fd-eb36-468b-9efe-5d0a1fdaa172: start LeaderState
2019-09-26 15:13:43,777 [Thread-1415] INFO  impl.RoleInfo (RoleInfo.java:updateAndGet(143)) - b3e939fd-eb36-468b-9efe-5d0a1fdaa172: start LeaderElection
2019-09-26 15:13:43,776 [b3e939fd-eb36-468b-9efe-5d0a1fdaa172@group-028EEA1990DD:LeaderElection237] INFO  segmented.SegmentedRaftLogWorker (SegmentedRaftLogWorker.java:startLogSegment(380)) - b3e939fd-eb36-468b-9efe-5d0a1fdaa172@group-028EEA1990DD-SegmentedRaftLogWorker: Starting segment from index:0
2019-09-26 15:13:43,775 [Thread-1352] INFO  impl.RoleInfo (RoleInfo.java:updateAndGet(143)) - b3e939fd-eb36-468b-9efe-5d0a1fdaa172: start LeaderElection
2019-09-26 15:13:44,290 [b3e939fd-eb36-468b-9efe-5d0a1fdaa172@group-597DE855A82D:LeaderElection234] INFO  impl.RaftServerImpl (ServerState.java:setRaftConf(354)) - b3e939fd-eb36-468b-9efe-5d0a1fdaa172@group-597DE855A82D: set configuration 0: [b3e939fd-eb36-468b-9efe-5d0a1fdaa172:192.168.151.99:45433], old=null at 0
2019-09-26 15:13:43,775 [Thread-1318] INFO  impl.RoleInfo (RoleInfo.java:updateAndGet(143)) - b3e939fd-eb36-468b-9efe-5d0a1fdaa172: start LeaderElection
2019-09-26 15:13:43,775 [Thread-1406] INFO  impl.RoleInfo (RoleInfo.java:updateAndGet(143)) - b3e939fd-eb36-468b-9efe-5d0a1fdaa172: start LeaderElection
2019-09-26 15:13:43,775 [b3e939fd-eb36-468b-9efe-5d0a1fdaa172@group-EBA4A4160D1B:LeaderElection229] INFO  segmented.SegmentedRaftLogWorker (SegmentedRaftLogWorker.java:startLogSegment(380)) - b3e939fd-eb36-468b-9efe-5d0a1fdaa172@group-EBA4A4160D1B-SegmentedRaftLogWorker: Starting segment from index:0
2019-09-26 15:13:43,775 [Thread-1418] INFO  impl.RoleInfo (RoleInfo.java:updateAndGet(143)) - b3e939fd-eb36-468b-9efe-5d0a1fdaa172: start LeaderElection
2019-09-26 15:13:43,774 [b3e939fd-eb36-468b-9efe-5d0a1fdaa172@group-74515BDB2857:LeaderElection277] INFO  impl.LeaderElection (LeaderElection.java:askForVotes(182)) - b3e939fd-eb36-468b-9efe-5d0a1fdaa172@group-74515BDB2857:LeaderElection277: begin an election at term 1 for -1: [b3e939fd-eb36-468b-9efe-5d0a1fdaa172:192.168.151.99:45433], old=null
2019-09-26 15:13:43,774 [b3e939fd-eb36-468b-9efe-5d0a1fdaa172@group-ECF09D41D404:LeaderElection278] INFO  impl.LeaderElection (LeaderElection.java:askForVotes(182)) - b3e939fd-eb36-468b-9efe-5d0a1fdaa172@group-ECF09D41D404:LeaderElection278: begin an election at term 1 for -1: [b3e939fd-eb36-468b-9efe-5d0a1fdaa172:192.168.151.99:45433], old=null
2019-09-26 15:13:43,774 [b3e939fd-eb36-468b-9efe-5d0a1fdaa172@group-92F7CC5958C9:LeaderElection276] INFO  impl.LeaderElection (LeaderElection.java:askForVotes(182)) - b3e939fd-eb36-468b-9efe-5d0a1fdaa172@group-92F7CC5958C9:LeaderElection276: begin an election at term 1 for -1: [b3e939fd-eb36-468b-9efe-5d0a1fdaa172:192.168.151.99:45433], old=null
2019-09-26 15:13:43,774 [b3e939fd-eb36-468b-9efe-5d0a1fdaa172@group-28A0353D16EE-SegmentedRaftLogWorker] ERROR segmented.SegmentedRaftLogWorker (SegmentedRaftLogWorker.java:run(323)) - b3e939fd-eb36-468b-9efe-5d0a1fdaa172@group-28A0353D16EE-SegmentedRaftLogWorker hit exception
java.lang.OutOfMemoryError: Direct buffer memory
	at java.nio.Bits.reserveMemory(Bits.java:666)
	at java.nio.DirectByteBuffer.<init>(DirectByteBuffer.java:123)
	at java.nio.ByteBuffer.allocateDirect(ByteBuffer.java:311)
	at org.apache.ratis.server.raftlog.segmented.BufferedWriteChannel.<init>(BufferedWriteChannel.java:41)
	at org.apache.ratis.server.raftlog.segmented.SegmentedRaftLogOutputStream.<init>(SegmentedRaftLogOutputStream.java:72)
	at org.apache.ratis.server.raftlog.segmented.SegmentedRaftLogWorker$StartLogSegment.execute(SegmentedRaftLogWorker.java:566)
	at org.apache.ratis.server.raftlog.segmented.SegmentedRaftLogWorker.run(SegmentedRaftLogWorker.java:289)
	at java.lang.Thread.run(Thread.java:748)
2019-09-26 15:13:43,542 [b3e939fd-eb36-468b-9efe-5d0a1fdaa172@group-5DF16D025390-SegmentedRaftLogWorker] INFO  impl.PendingRequests (PendingRequests.java:sendNotLeaderResponses(202)) - b3e939fd-eb36-468b-9efe-5d0a1fdaa172-PendingRequests: sendNotLeaderResponses
2019-09-26 15:13:43,542 [b3e939fd-eb36-468b-9efe-5d0a1fdaa172@group-F2E2F02C4E80:LeaderElection206] INFO  impl.RoleInfo (RoleInfo.java:updateAndGet(143)) - b3e939fd-eb36-468b-9efe-5d0a1fdaa172: start LeaderState
2019-09-26 15:13:43,542 [b3e939fd-eb36-468b-9efe-5d0a1fdaa172@group-F26566D6F0FB:LeaderElection199] INFO  impl.RaftServerImpl (ServerState.java:setRaftConf(354)) - b3e939fd-eb36-468b-9efe-5d0a1fdaa172@group-F26566D6F0FB: set configuration 0: [b3e939fd-eb36-468b-9efe-5d0a1fdaa172:192.168.151.99:45433], old=null at 0
2019-09-26 15:13:43,542 [Thread-1445] INFO  impl.RoleInfo (RoleInfo.java:updateAndGet(143)) - b3e939fd-eb36-468b-9efe-5d0a1fdaa172: start LeaderElection
2019-09-26 15:13:43,542 [Thread-1364] INFO  impl.RoleInfo (RoleInfo.java:updateAndGet(143)) - b3e939fd-eb36-468b-9efe-5d0a1fdaa172: start LeaderElection
2019-09-26 15:13:43,542 [b3e939fd-eb36-468b-9efe-5d0a1fdaa172@group-FC0C2CB5B5D7-SegmentedRaftLogWorker] INFO  util.JmxRegister (JmxRegister.java:unregister(73)) - Successfully un-registered JMX Bean with object name Ratis:service=RaftServer,group=group-FC0C2CB5B5D7,id=b3e939fd-eb36-468b-9efe-5d0a1fdaa172
2019-09-26 15:13:43,542 [Thread-1373] INFO  impl.RoleInfo (RoleInfo.java:updateAndGet(143)) - b3e939fd-eb36-468b-9efe-5d0a1fdaa172: start LeaderElection
2019-09-26 15:13:43,542 [Thread-1403] INFO  impl.RoleInfo (RoleInfo.java:updateAndGet(143)) - b3e939fd-eb36-468b-9efe-5d0a1fdaa172: start LeaderElection
2019-09-26 15:13:43,542 [Thread-1388] INFO  impl.RoleInfo (RoleInfo.java:updateAndGet(143)) - b3e939fd-eb36-468b-9efe-5d0a1fdaa172: start LeaderElection
2019-09-26 15:13:43,542 [Thread-1379] INFO  impl.RoleInfo (RoleInfo.java:updateAndGet(143)) - b3e939fd-eb36-468b-9efe-5d0a1fdaa172: start LeaderElection
2019-09-26 15:13:43,541 [Thread-1349] INFO  impl.RoleInfo (RoleInfo.java:updateAndGet(143)) - b3e939fd-eb36-468b-9efe-5d0a1fdaa172: start LeaderElection
2019-09-26 15:13:43,541 [b3e939fd-eb36-468b-9efe-5d0a1fdaa172@group-124765275578:LeaderElection230] INFO  segmented.SegmentedRaftLogWorker (SegmentedRaftLogWorker.java:startLogSegment(380)) - b3e939fd-eb36-468b-9efe-5d0a1fdaa172@group-124765275578-SegmentedRaftLogWorker: Starting segment from index:0
2019-09-26 15:13:43,541 [Thread-1361] INFO  impl.RoleInfo (RoleInfo.java:updateAndGet(143)) - b3e939fd-eb36-468b-9efe-5d0a1fdaa172: start LeaderElection
2019-09-26 15:13:43,541 [b3e939fd-eb36-468b-9efe-5d0a1fdaa172@group-B7C42A2D7902-SegmentedRaftLogWorker] INFO  impl.RaftServerImpl (RaftServerImpl.java:lambda$shutdown$3(251)) - b3e939fd-eb36-468b-9efe-5d0a1fdaa172@group-B7C42A2D7902: shutdown
2019-09-26 15:13:43,357 [b3e939fd-eb36-468b-9efe-5d0a1fdaa172@group-337EFED2784C-SegmentedRaftLogWorker] INFO  impl.RaftServerImpl (RaftServerImpl.java:lambda$shutdown$3(251)) - b3e939fd-eb36-468b-9efe-5d0a1fdaa172@group-337EFED2784C: shutdown
2019-09-26 15:13:43,357 [Thread-1448] INFO  impl.RoleInfo (RoleInfo.java:updateAndGet(143)) - b3e939fd-eb36-468b-9efe-5d0a1fdaa172: start LeaderElection
2019-09-26 15:13:43,356 [b3e939fd-eb36-468b-9efe-5d0a1fdaa172@group-45EF2C5983EC:LeaderElection209] INFO  impl.RoleInfo (RoleInfo.java:updateAndGet(143)) - b3e939fd-eb36-468b-9efe-5d0a1fdaa172: start LeaderState
2019-09-26 15:13:45,013 [b3e939fd-eb36-468b-9efe-5d0a1fdaa172@group-45EF2C5983EC:LeaderElection209] INFO  segmented.SegmentedRaftLogWorker (SegmentedRaftLogWorker.java:startLogSegment(380)) - b3e939fd-eb36-468b-9efe-5d0a1fdaa172@group-45EF2C5983EC-SegmentedRaftLogWorker: Starting segment from index:0
2019-09-26 15:13:43,356 [b3e939fd-eb36-468b-9efe-5d0a1fdaa172@group-B2026959841C:LeaderElection241] INFO  impl.RaftServerImpl (ServerState.java:setRaftConf(354)) - b3e939fd-eb36-468b-9efe-5d0a1fdaa172@group-B2026959841C: set configuration 0: [b3e939fd-eb36-468b-9efe-5d0a1fdaa172:192.168.151.99:45433], old=null at 0
2019-09-26 15:13:45,012 [b3e939fd-eb36-468b-9efe-5d0a1fdaa172@group-124765275578:LeaderElection230] INFO  impl.RaftServerImpl (ServerState.java:setRaftConf(354)) - b3e939fd-eb36-468b-9efe-5d0a1fdaa172@group-124765275578: set configuration 0: [b3e939fd-eb36-468b-9efe-5d0a1fdaa172:192.168.151.99:45433], old=null at 0
2019-09-26 15:13:45,012 [b3e939fd-eb36-468b-9efe-5d0a1fdaa172@group-5152959DB5D4:LeaderElection299] INFO  impl.LeaderElection (LeaderElection.java:askForVotes(182)) - b3e939fd-eb36-468b-9efe-5d0a1fdaa172@group-5152959DB5D4:LeaderElection299: begin an election at term 1 for -1: [b3e939fd-eb36-468b-9efe-5d0a1fdaa172:192.168.151.99:45433], old=null
2019-09-26 15:13:45,012 [b3e939fd-eb36-468b-9efe-5d0a1fdaa172@group-E00230405E12:LeaderElection291] INFO  impl.LeaderElection (LeaderElection.java:askForVotes(182)) - b3e939fd-eb36-468b-9efe-5d0a1fdaa172@group-E00230405E12:LeaderElection291: begin an election at term 1 for -1: [b3e939fd-eb36-468b-9efe-5d0a1fdaa172:192.168.151.99:45433], old=null
2019-09-26 15:13:45,012 [b3e939fd-eb36-468b-9efe-5d0a1fdaa172@group-DEE462ADEC0E:LeaderElection297] INFO  impl.LeaderElection (LeaderElection.java:askForVotes(182)) - b3e939fd-eb36-468b-9efe-5d0a1fdaa172@group-DEE462ADEC0E:LeaderElection297: begin an election at term 1 for -1: [b3e939fd-eb36-468b-9efe-5d0a1fdaa172:192.168.151.99:45433], old=null
2019-09-26 15:13:45,012 [b3e939fd-eb36-468b-9efe-5d0a1fdaa172@group-33913256AF98:LeaderElection298] INFO  impl.LeaderElection (LeaderElection.java:askForVotes(182)) - b3e939fd-eb36-468b-9efe-5d0a1fdaa172@group-33913256AF98:LeaderElection298: begin an election at term 1 for -1: [b3e939fd-eb36-468b-9efe-5d0a1fdaa172:192.168.151.99:45433], old=null
2019-09-26 15:13:45,012 [b3e939fd-eb36-468b-9efe-5d0a1fdaa172@group-D591C59CFB86:LeaderElection294] INFO  impl.LeaderElection (LeaderElection.java:askForVotes(182)) - b3e939fd-eb36-468b-9efe-5d0a1fdaa172@group-D591C59CFB86:LeaderElection294: begin an election at term 1 for -1: [b3e939fd-eb36-468b-9efe-5d0a1fdaa172:192.168.151.99:45433], old=null
2019-09-26 15:13:45,011 [Thread-1673] WARN  util.JavaUtils (JavaUtils.java:sleep(250)) - Unexpected long sleep: sleep(5035ms) actually took 5350ms which is over the threshold 300ms
2019-09-26 15:13:44,836 [b3e939fd-eb36-468b-9efe-5d0a1fdaa172@group-028EEA1990DD:LeaderElection237] INFO  impl.RaftServerImpl (ServerState.java:setRaftConf(354)) - b3e939fd-eb36-468b-9efe-5d0a1fdaa172@group-028EEA1990DD: set configuration 0: [b3e939fd-eb36-468b-9efe-5d0a1fdaa172:192.168.151.99:45433], old=null at 0
2019-09-26 15:13:44,835 [b3e939fd-eb36-468b-9efe-5d0a1fdaa172@group-9E432427BF8B-SegmentedRaftLogWorker] ERROR segmented.SegmentedRaftLogWorker (SegmentedRaftLogWorker.java:run(323)) - b3e939fd-eb36-468b-9efe-5d0a1fdaa172@group-9E432427BF8B-SegmentedRaftLogWorker hit exception
java.lang.OutOfMemoryError: Direct buffer memory
	at java.nio.Bits.reserveMemory(Bits.java:666)
	at java.nio.DirectByteBuffer.<init>(DirectByteBuffer.java:123)
	at java.nio.ByteBuffer.allocateDirect(ByteBuffer.java:311)
	at org.apache.ratis.server.raftlog.segmented.BufferedWriteChannel.<init>(BufferedWriteChannel.java:41)
	at org.apache.ratis.server.raftlog.segmented.SegmentedRaftLogOutputStream.<init>(SegmentedRaftLogOutputStream.java:72)
	at org.apache.ratis.server.raftlog.segmented.SegmentedRaftLogWorker$StartLogSegment.execute(SegmentedRaftLogWorker.java:566)
	at org.apache.ratis.server.raftlog.segmented.SegmentedRaftLogWorker.run(SegmentedRaftLogWorker.java:289)
	at java.lang.Thread.run(Thread.java:748)
2019-09-26 15:13:44,835 [b3e939fd-eb36-468b-9efe-5d0a1fdaa172@group-3A19C25E34FC-SegmentedRaftLogWorker] ERROR segmented.SegmentedRaftLogWorker (SegmentedRaftLogWorker.java:run(323)) - b3e939fd-eb36-468b-9efe-5d0a1fdaa172@group-3A19C25E34FC-SegmentedRaftLogWorker hit exception
java.lang.OutOfMemoryError: Direct buffer memory
	at java.nio.Bits.reserveMemory(Bits.java:666)
	at java.nio.DirectByteBuffer.<init>(DirectByteBuffer.java:123)
	at java.nio.ByteBuffer.allocateDirect(ByteBuffer.java:311)
	at org.apache.ratis.server.raftlog.segmented.BufferedWriteChannel.<init>(BufferedWriteChannel.java:41)
	at org.apache.ratis.server.raftlog.segmented.SegmentedRaftLogOutputStream.<init>(SegmentedRaftLogOutputStream.java:72)
	at org.apache.ratis.server.raftlog.segmented.SegmentedRaftLogWorker$StartLogSegment.execute(SegmentedRaftLogWorker.java:566)
	at org.apache.ratis.server.raftlog.segmented.SegmentedRaftLogWorker.run(SegmentedRaftLogWorker.java:289)
	at java.lang.Thread.run(Thread.java:748)
2019-09-26 15:13:45,017 [b3e939fd-eb36-468b-9efe-5d0a1fdaa172@group-3A19C25E34FC-SegmentedRaftLogWorker] INFO  impl.RaftServerImpl (RaftServerImpl.java:lambda$shutdown$3(251)) - b3e939fd-eb36-468b-9efe-5d0a1fdaa172@group-3A19C25E34FC: shutdown
2019-09-26 15:13:44,655 [b3e939fd-eb36-468b-9efe-5d0a1fdaa172@group-FC0C2CB5B5D7-SegmentedRaftLogWorker] INFO  impl.RoleInfo (RoleInfo.java:shutdownLeaderState(104)) - b3e939fd-eb36-468b-9efe-5d0a1fdaa172: shutdown LeaderState
2019-09-26 15:13:44,654 [b3e939fd-eb36-468b-9efe-5d0a1fdaa172@group-F2E2F02C4E80:LeaderElection206] INFO  segmented.SegmentedRaftLogWorker (SegmentedRaftLogWorker.java:startLogSegment(380)) - b3e939fd-eb36-468b-9efe-5d0a1fdaa172@group-F2E2F02C4E80-SegmentedRaftLogWorker: Starting segment from index:0
2019-09-26 15:13:44,654 [b3e939fd-eb36-468b-9efe-5d0a1fdaa172@group-5DF16D025390-SegmentedRaftLogWorker] INFO  impl.StateMachineUpdater (StateMachineUpdater.java:stopAndJoin(125)) - b3e939fd-eb36-468b-9efe-5d0a1fdaa172@group-5DF16D025390-StateMachineUpdater: set stopIndex = -1
2019-09-26 15:13:44,654 [b3e939fd-eb36-468b-9efe-5d0a1fdaa172@group-28A0353D16EE-SegmentedRaftLogWorker] INFO  impl.RaftServerImpl (RaftServerImpl.java:lambda$shutdown$3(251)) - b3e939fd-eb36-468b-9efe-5d0a1fdaa172@group-28A0353D16EE: shutdown
2019-09-26 15:13:44,654 [b3e939fd-eb36-468b-9efe-5d0a1fdaa172@group-B602AE1BC508:LeaderElection302] INFO  impl.LeaderElection (LeaderElection.java:askForVotes(182)) - b3e939fd-eb36-468b-9efe-5d0a1fdaa172@group-B602AE1BC508:LeaderElection302: begin an election at term 1 for -1: [b3e939fd-eb36-468b-9efe-5d0a1fdaa172:192.168.151.99:45433], old=null
2019-09-26 15:13:44,654 [b3e939fd-eb36-468b-9efe-5d0a1fdaa172@group-82F2C342C520:LeaderElection304] INFO  impl.LeaderElection (LeaderElection.java:askForVotes(182)) - b3e939fd-eb36-468b-9efe-5d0a1fdaa172@group-82F2C342C520:LeaderElection304: begin an election at term 1 for -1: [b3e939fd-eb36-468b-9efe-5d0a1fdaa172:192.168.151.99:45433], old=null
2019-09-26 15:13:44,654 [b3e939fd-eb36-468b-9efe-5d0a1fdaa172@group-A909352B10E1:LeaderElection301] INFO  impl.LeaderElection (LeaderElection.java:askForVotes(182)) - b3e939fd-eb36-468b-9efe-5d0a1fdaa172@group-A909352B10E1:LeaderElection301: begin an election at term 1 for -1: [b3e939fd-eb36-468b-9efe-5d0a1fdaa172:192.168.151.99:45433], old=null
2019-09-26 15:13:44,654 [b3e939fd-eb36-468b-9efe-5d0a1fdaa172@group-71A36764AA64:LeaderElection300] INFO  impl.LeaderElection (LeaderElection.java:askForVotes(182)) - b3e939fd-eb36-468b-9efe-5d0a1fdaa172@group-71A36764AA64:LeaderElection300: begin an election at term 1 for -1: [b3e939fd-eb36-468b-9efe-5d0a1fdaa172:192.168.151.99:45433], old=null
2019-09-26 15:13:44,654 [b3e939fd-eb36-468b-9efe-5d0a1fdaa172@group-25745E01B0BD:LeaderElection305] INFO  impl.LeaderElection (LeaderElection.java:askForVotes(182)) - b3e939fd-eb36-468b-9efe-5d0a1fdaa172@group-25745E01B0BD:LeaderElection305: begin an election at term 1 for -1: [b3e939fd-eb36-468b-9efe-5d0a1fdaa172:192.168.151.99:45433], old=null
2019-09-26 15:13:45,018 [b3e939fd-eb36-468b-9efe-5d0a1fdaa172@group-F2FE42403F49-SegmentedRaftLogWorker] ERROR segmented.SegmentedRaftLogWorker (SegmentedRaftLogWorker.java:run(323)) - b3e939fd-eb36-468b-9efe-5d0a1fdaa172@group-F2FE42403F49-SegmentedRaftLogWorker hit exception
java.lang.OutOfMemoryError: Direct buffer memory
	at java.nio.Bits.reserveMemory(Bits.java:666)
	at java.nio.DirectByteBuffer.<init>(DirectByteBuffer.java:123)
	at java.nio.ByteBuffer.allocateDirect(ByteBuffer.java:311)
	at org.apache.ratis.server.raftlog.segmented.BufferedWriteChannel.<init>(BufferedWriteChannel.java:41)
	at org.apache.ratis.server.raftlog.segmented.SegmentedRaftLogOutputStream.<init>(SegmentedRaftLogOutputStream.java:72)
	at org.apache.ratis.server.raftlog.segmented.SegmentedRaftLogWorker$StartLogSegment.execute(SegmentedRaftLogWorker.java:566)
	at org.apache.ratis.server.raftlog.segmented.SegmentedRaftLogWorker.run(SegmentedRaftLogWorker.java:289)
	at java.lang.Thread.run(Thread.java:748)
2019-09-26 15:13:44,654 [b3e939fd-eb36-468b-9efe-5d0a1fdaa172@group-D363040DAF31:LeaderElection315] INFO  impl.LeaderElection (LeaderElection.java:askForVotes(182)) - b3e939fd-eb36-468b-9efe-5d0a1fdaa172@group-D363040DAF31:LeaderElection315: begin an election at term 1 for -1: [b3e939fd-eb36-468b-9efe-5d0a1fdaa172:192.168.151.99:45433], old=null
2019-09-26 15:13:44,654 [b3e939fd-eb36-468b-9efe-5d0a1fdaa172@group-302304666DE6:LeaderElection306] INFO  impl.LeaderElection (LeaderElection.java:askForVotes(182)) - b3e939fd-eb36-468b-9efe-5d0a1fdaa172@group-302304666DE6:LeaderElection306: begin an election at term 1 for -1: [b3e939fd-eb36-468b-9efe-5d0a1fdaa172:192.168.151.99:45433], old=null
2019-09-26 15:13:44,654 [b3e939fd-eb36-468b-9efe-5d0a1fdaa172@group-CA0F44176545:LeaderElection296] INFO  impl.LeaderElection (LeaderElection.java:askForVotes(182)) - b3e939fd-eb36-468b-9efe-5d0a1fdaa172@group-CA0F44176545:LeaderElection296: begin an election at term 1 for -1: [b3e939fd-eb36-468b-9efe-5d0a1fdaa172:192.168.151.99:45433], old=null
2019-09-26 15:13:44,654 [b3e939fd-eb36-468b-9efe-5d0a1fdaa172@group-3BF504006062:LeaderElection295] INFO  impl.LeaderElection (LeaderElection.java:askForVotes(182)) - b3e939fd-eb36-468b-9efe-5d0a1fdaa172@group-3BF504006062:LeaderElection295: begin an election at term 1 for -1: [b3e939fd-eb36-468b-9efe-5d0a1fdaa172:192.168.151.99:45433], old=null
2019-09-26 15:13:44,654 [b3e939fd-eb36-468b-9efe-5d0a1fdaa172@group-711EE27C9E35:LeaderElection303] INFO  impl.LeaderElection (LeaderElection.java:askForVotes(182)) - b3e939fd-eb36-468b-9efe-5d0a1fdaa172@group-711EE27C9E35:LeaderElection303: begin an election at term 1 for -1: [b3e939fd-eb36-468b-9efe-5d0a1fdaa172:192.168.151.99:45433], old=null
2019-09-26 15:13:45,019 [b3e939fd-eb36-468b-9efe-5d0a1fdaa172@group-C878FEE1AB22:LeaderElection253] INFO  impl.RoleInfo (RoleInfo.java:updateAndGet(143)) - b3e939fd-eb36-468b-9efe-5d0a1fdaa172: start LeaderState
2019-09-26 15:13:44,487 [b3e939fd-eb36-468b-9efe-5d0a1fdaa172@group-EBA4A4160D1B:LeaderElection229] INFO  impl.RaftServerImpl (ServerState.java:setRaftConf(354)) - b3e939fd-eb36-468b-9efe-5d0a1fdaa172@group-EBA4A4160D1B: set configuration 0: [b3e939fd-eb36-468b-9efe-5d0a1fdaa172:192.168.151.99:45433], old=null at 0
2019-09-26 15:13:45,019 [b3e939fd-eb36-468b-9efe-5d0a1fdaa172@group-C878FEE1AB22:LeaderElection253] INFO  segmented.SegmentedRaftLogWorker (SegmentedRaftLogWorker.java:startLogSegment(380)) - b3e939fd-eb36-468b-9efe-5d0a1fdaa172@group-C878FEE1AB22-SegmentedRaftLogWorker: Starting segment from index:0
2019-09-26 15:13:44,292 [b3e939fd-eb36-468b-9efe-5d0a1fdaa172@group-2969446FDAA8:LeaderElection205] INFO  impl.RoleInfo (RoleInfo.java:updateAndGet(143)) - b3e939fd-eb36-468b-9efe-5d0a1fdaa172: start LeaderState
2019-09-26 15:13:44,292 [b3e939fd-eb36-468b-9efe-5d0a1fdaa172@group-92F7CC5958C9:LeaderElection276] INFO  impl.RoleInfo (RoleInfo.java:shutdownLeaderElection(134)) - b3e939fd-eb36-468b-9efe-5d0a1fdaa172: shutdown LeaderElection
2019-09-26 15:13:45,019 [b3e939fd-eb36-468b-9efe-5d0a1fdaa172@group-92F7CC5958C9:LeaderElection276] INFO  impl.RaftServerImpl (RaftServerImpl.java:setRole(174)) - b3e939fd-eb36-468b-9efe-5d0a1fdaa172@group-92F7CC5958C9: changes role from CANDIDATE to LEADER at term 1 for changeToLeader
2019-09-26 15:13:45,019 [b3e939fd-eb36-468b-9efe-5d0a1fdaa172@group-C878FEE1AB22:LeaderElection253] INFO  impl.RaftServerImpl (ServerState.java:setRaftConf(354)) - b3e939fd-eb36-468b-9efe-5d0a1fdaa172@group-C878FEE1AB22: set configuration 0: [b3e939fd-eb36-468b-9efe-5d0a1fdaa172:192.168.151.99:45433], old=null at 0
2019-09-26 15:13:44,292 [b3e939fd-eb36-468b-9efe-5d0a1fdaa172@group-ECF09D41D404:LeaderElection278] INFO  impl.RoleInfo (RoleInfo.java:shutdownLeaderElection(134)) - b3e939fd-eb36-468b-9efe-5d0a1fdaa172: shutdown LeaderElection
2019-09-26 15:13:45,019 [b3e939fd-eb36-468b-9efe-5d0a1fdaa172@group-A69ABA2706CB:LeaderElection252] INFO  impl.RoleInfo (RoleInfo.java:updateAndGet(143)) - b3e939fd-eb36-468b-9efe-5d0a1fdaa172: start LeaderState
2019-09-26 15:13:44,292 [b3e939fd-eb36-468b-9efe-5d0a1fdaa172@group-74515BDB2857:LeaderElection277] INFO  impl.RoleInfo (RoleInfo.java:shutdownLeaderElection(134)) - b3e939fd-eb36-468b-9efe-5d0a1fdaa172: shutdown LeaderElection
2019-09-26 15:13:44,290 [b3e939fd-eb36-468b-9efe-5d0a1fdaa172@group-0CA234018F8C:LeaderElection238] INFO  impl.RoleInfo (RoleInfo.java:updateAndGet(143)) - b3e939fd-eb36-468b-9efe-5d0a1fdaa172: start LeaderState
2019-09-26 15:13:44,288 [b3e939fd-eb36-468b-9efe-5d0a1fdaa172@group-10287887346D:LeaderElection213] INFO  segmented.SegmentedRaftLogWorker (SegmentedRaftLogWorker.java:startLogSegment(380)) - b3e939fd-eb36-468b-9efe-5d0a1fdaa172@group-10287887346D-SegmentedRaftLogWorker: Starting segment from index:0
2019-09-26 15:13:44,287 [b3e939fd-eb36-468b-9efe-5d0a1fdaa172@group-778C63AA011E:LeaderElection219] INFO  impl.RoleInfo (RoleInfo.java:updateAndGet(143)) - b3e939fd-eb36-468b-9efe-5d0a1fdaa172: start LeaderState
2019-09-26 15:13:44,287 [b3e939fd-eb36-468b-9efe-5d0a1fdaa172@group-1A5718D16976-SegmentedRaftLogWorker] INFO  impl.RoleInfo (RoleInfo.java:shutdownLeaderState(104)) - b3e939fd-eb36-468b-9efe-5d0a1fdaa172: shutdown LeaderState
2019-09-26 15:13:44,286 [b3e939fd-eb36-468b-9efe-5d0a1fdaa172@group-2F5911C68895:LeaderElection228] INFO  segmented.SegmentedRaftLogWorker (SegmentedRaftLogWorker.java:startLogSegment(380)) - b3e939fd-eb36-468b-9efe-5d0a1fdaa172@group-2F5911C68895-SegmentedRaftLogWorker: Starting segment from index:0
2019-09-26 15:13:44,286 [b3e939fd-eb36-468b-9efe-5d0a1fdaa172@group-270C29ADC77F:LeaderElection210] INFO  impl.RoleInfo (RoleInfo.java:updateAndGet(143)) - b3e939fd-eb36-468b-9efe-5d0a1fdaa172: start LeaderState
2019-09-26 15:13:45,020 [b3e939fd-eb36-468b-9efe-5d0a1fdaa172@group-23B1075E3B4B:LeaderElection254] INFO  impl.RoleInfo (RoleInfo.java:updateAndGet(143)) - b3e939fd-eb36-468b-9efe-5d0a1fdaa172: start LeaderState
2019-09-26 15:13:44,284 [b3e939fd-eb36-468b-9efe-5d0a1fdaa172@group-8292B21D7178:LeaderElection309] INFO  impl.LeaderElection (LeaderElection.java:askForVotes(182)) - b3e939fd-eb36-468b-9efe-5d0a1fdaa172@group-8292B21D7178:LeaderElection309: begin an election at term 1 for -1: [b3e939fd-eb36-468b-9efe-5d0a1fdaa172:192.168.151.99:45433], old=null
2019-09-26 15:13:44,284 [b3e939fd-eb36-468b-9efe-5d0a1fdaa172@group-659098C9AEA4:LeaderElection310] INFO  impl.LeaderElection (LeaderElection.java:askForVotes(182)) - b3e939fd-eb36-468b-9efe-5d0a1fdaa172@group-659098C9AEA4:LeaderElection310: begin an election at term 1 for -1: [b3e939fd-eb36-468b-9efe-5d0a1fdaa172:192.168.151.99:45433], old=null
2019-09-26 15:13:45,915 [b3e939fd-eb36-468b-9efe-5d0a1fdaa172@group-1CB942701F5F:LeaderElection250] INFO  impl.RoleInfo (RoleInfo.java:updateAndGet(143)) - b3e939fd-eb36-468b-9efe-5d0a1fdaa172: start LeaderState
2019-09-26 15:13:44,284 [b3e939fd-eb36-468b-9efe-5d0a1fdaa172@group-9591EA67C8C0:LeaderElection308] INFO  impl.LeaderElection (LeaderElection.java:askForVotes(182)) - b3e939fd-eb36-468b-9efe-5d0a1fdaa172@group-9591EA67C8C0:LeaderElection308: begin an election at term 1 for -1: [b3e939fd-eb36-468b-9efe-5d0a1fdaa172:192.168.151.99:45433], old=null
2019-09-26 15:13:44,284 [b3e939fd-eb36-468b-9efe-5d0a1fdaa172@group-74AE591B69F2:LeaderElection311] INFO  impl.LeaderElection (LeaderElection.java:askForVotes(182)) - b3e939fd-eb36-468b-9efe-5d0a1fdaa172@group-74AE591B69F2:LeaderElection311: begin an election at term 1 for -1: [b3e939fd-eb36-468b-9efe-5d0a1fdaa172:192.168.151.99:45433], old=null
2019-09-26 15:13:45,915 [b3e939fd-eb36-468b-9efe-5d0a1fdaa172@group-336DB84C1351:LeaderElection255] INFO  impl.RoleInfo (RoleInfo.java:updateAndGet(143)) - b3e939fd-eb36-468b-9efe-5d0a1fdaa172: start LeaderState
2019-09-26 15:13:44,284 [b3e939fd-eb36-468b-9efe-5d0a1fdaa172@group-6AE5FF705F7D:LeaderElection266] INFO  impl.LeaderElection (LeaderElection.java:askForVotes(182)) - b3e939fd-eb36-468b-9efe-5d0a1fdaa172@group-6AE5FF705F7D:LeaderElection266: begin an election at term 1 for -1: [b3e939fd-eb36-468b-9efe-5d0a1fdaa172:192.168.151.99:45433], old=null
2019-09-26 15:13:45,916 [b3e939fd-eb36-468b-9efe-5d0a1fdaa172@group-FC1921472DFA:LeaderElection247] INFO  impl.RoleInfo (RoleInfo.java:updateAndGet(143)) - b3e939fd-eb36-468b-9efe-5d0a1fdaa172: start LeaderState
2019-09-26 15:13:44,284 [b3e939fd-eb36-468b-9efe-5d0a1fdaa172@group-C7BB781426AF:LeaderElection267] INFO  impl.LeaderElection (LeaderElection.java:askForVotes(182)) - b3e939fd-eb36-468b-9efe-5d0a1fdaa172@group-C7BB781426AF:LeaderElection267: begin an election at term 1 for -1: [b3e939fd-eb36-468b-9efe-5d0a1fdaa172:192.168.151.99:45433], old=null
2019-09-26 15:13:45,916 [b3e939fd-eb36-468b-9efe-5d0a1fdaa172@group-84D1E06F87C5:LeaderElection258] INFO  impl.RoleInfo (RoleInfo.java:updateAndGet(143)) - b3e939fd-eb36-468b-9efe-5d0a1fdaa172: start LeaderState
2019-09-26 15:13:44,284 [b3e939fd-eb36-468b-9efe-5d0a1fdaa172@group-B87D49FAC1EB:LeaderElection265] INFO  impl.LeaderElection (LeaderElection.java:askForVotes(182)) - b3e939fd-eb36-468b-9efe-5d0a1fdaa172@group-B87D49FAC1EB:LeaderElection265: begin an election at term 1 for -1: [b3e939fd-eb36-468b-9efe-5d0a1fdaa172:192.168.151.99:45433], old=null
2019-09-26 15:13:44,284 [b3e939fd-eb36-468b-9efe-5d0a1fdaa172@group-2B1CE96F5305:LeaderElection307] INFO  impl.LeaderElection (LeaderElection.java:askForVotes(182)) - b3e939fd-eb36-468b-9efe-5d0a1fdaa172@group-2B1CE96F5305:LeaderElection307: begin an election at term 1 for -1: [b3e939fd-eb36-468b-9efe-5d0a1fdaa172:192.168.151.99:45433], old=null
2019-09-26 15:13:44,283 [b3e939fd-eb36-468b-9efe-5d0a1fdaa172@group-68CC56D33CDB:LeaderElection268] INFO  impl.LeaderElection (LeaderElection.java:askForVotes(182)) - b3e939fd-eb36-468b-9efe-5d0a1fdaa172@group-68CC56D33CDB:LeaderElection268: begin an election at term 1 for -1: [b3e939fd-eb36-468b-9efe-5d0a1fdaa172:192.168.151.99:45433], old=null
2019-09-26 15:13:45,916 [b3e939fd-eb36-468b-9efe-5d0a1fdaa172@group-B8A18754ECB2:LeaderElection257] INFO  impl.RoleInfo (RoleInfo.java:updateAndGet(143)) - b3e939fd-eb36-468b-9efe-5d0a1fdaa172: start LeaderState
2019-09-26 15:13:44,035 [Thread-1391] INFO  impl.RoleInfo (RoleInfo.java:updateAndGet(143)) - b3e939fd-eb36-468b-9efe-5d0a1fdaa172: start LeaderElection
2019-09-26 15:13:44,034 [b3e939fd-eb36-468b-9efe-5d0a1fdaa172@group-3B9C1EE8AD07:LeaderElection217] INFO  impl.RoleInfo (RoleInfo.java:updateAndGet(143)) - b3e939fd-eb36-468b-9efe-5d0a1fdaa172: start LeaderState
2019-09-26 15:13:44,034 [b3e939fd-eb36-468b-9efe-5d0a1fdaa172@group-CD5FC8CEC3A3:LeaderElection293] INFO  impl.RoleInfo (RoleInfo.java:shutdownLeaderElection(134)) - b3e939fd-eb36-468b-9efe-5d0a1fdaa172: shutdown LeaderElection
2019-09-26 15:13:44,034 [b3e939fd-eb36-468b-9efe-5d0a1fdaa172@group-0531D8DEB565:LeaderElection270] INFO  impl.RoleInfo (RoleInfo.java:shutdownLeaderElection(134)) - b3e939fd-eb36-468b-9efe-5d0a1fdaa172: shutdown LeaderElection
2019-09-26 15:13:44,034 [b3e939fd-eb36-468b-9efe-5d0a1fdaa172@group-84E520E4AB54:LeaderElection271] INFO  impl.RoleInfo (RoleInfo.java:shutdownLeaderElection(134)) - b3e939fd-eb36-468b-9efe-5d0a1fdaa172: shutdown LeaderElection
2019-09-26 15:13:44,034 [b3e939fd-eb36-468b-9efe-5d0a1fdaa172@group-439DC12DB850:LeaderElection272] INFO  impl.RoleInfo (RoleInfo.java:shutdownLeaderElection(134)) - b3e939fd-eb36-468b-9efe-5d0a1fdaa172: shutdown LeaderElection
2019-09-26 15:13:44,034 [b3e939fd-eb36-468b-9efe-5d0a1fdaa172@group-7666CF0181BB:LeaderElection212] INFO  impl.RoleInfo (RoleInfo.java:updateAndGet(143)) - b3e939fd-eb36-468b-9efe-5d0a1fdaa172: start LeaderState
2019-09-26 15:13:44,034 [b3e939fd-eb36-468b-9efe-5d0a1fdaa172@group-D5D0A30B4DC8:LeaderElection292] INFO  server.RaftServerConfigKeys (ConfUtils.java:logGet(43)) - raft.server.watch.timeout.denomination = 1s (default)
2019-09-26 15:13:44,033 [b3e939fd-eb36-468b-9efe-5d0a1fdaa172@group-9F10B5770DAC:LeaderElection216] INFO  impl.RoleInfo (RoleInfo.java:updateAndGet(143)) - b3e939fd-eb36-468b-9efe-5d0a1fdaa172: start LeaderState
2019-09-26 15:13:45,918 [b3e939fd-eb36-468b-9efe-5d0a1fdaa172@group-D5D0A30B4DC8:LeaderElection292] INFO  server.RaftServerConfigKeys (ConfUtils.java:logGet(43)) - raft.server.watch.element-limit = 65536 (default)
2019-09-26 15:13:44,033 [b3e939fd-eb36-468b-9efe-5d0a1fdaa172@group-ECC1AF727233-SegmentedRaftLogWorker] INFO  util.JmxRegister (JmxRegister.java:unregister(73)) - Successfully un-registered JMX Bean with object name Ratis:service=RaftServer,group=group-ECC1AF727233,id=b3e939fd-eb36-468b-9efe-5d0a1fdaa172
2019-09-26 15:13:44,033 [b3e939fd-eb36-468b-9efe-5d0a1fdaa172@group-7F7680AB9573:LeaderElection269] INFO  impl.RoleInfo (RoleInfo.java:shutdownLeaderElection(134)) - b3e939fd-eb36-468b-9efe-5d0a1fdaa172: shutdown LeaderElection
2019-09-26 15:13:44,032 [b3e939fd-eb36-468b-9efe-5d0a1fdaa172@group-D78821ACB67A:LeaderElection275] INFO  server.RaftServerConfigKeys (ConfUtils.java:logGet(43)) - raft.server.rpc.sleep.time = 25ms (default)
2019-09-26 15:13:44,032 [b3e939fd-eb36-468b-9efe-5d0a1fdaa172@group-ED5485EA5ACD:LeaderElection273] INFO  impl.RoleInfo (RoleInfo.java:shutdownLeaderElection(134)) - b3e939fd-eb36-468b-9efe-5d0a1fdaa172: shutdown LeaderElection
2019-09-26 15:13:44,032 [b3e939fd-eb36-468b-9efe-5d0a1fdaa172@group-A2BD7EF985B3:LeaderElection274] INFO  impl.RoleInfo (RoleInfo.java:shutdownLeaderElection(134)) - b3e939fd-eb36-468b-9efe-5d0a1fdaa172: shutdown LeaderElection
2019-09-26 15:13:45,919 [b3e939fd-eb36-468b-9efe-5d0a1fdaa172@group-A2BD7EF985B3:LeaderElection274] INFO  impl.RaftServerImpl (RaftServerImpl.java:setRole(174)) - b3e939fd-eb36-468b-9efe-5d0a1fdaa172@group-A2BD7EF985B3: changes role from CANDIDATE to LEADER at term 1 for changeToLeader
2019-09-26 15:13:44,031 [Thread-1315] INFO  impl.RoleInfo (RoleInfo.java:updateAndGet(143)) - b3e939fd-eb36-468b-9efe-5d0a1fdaa172: start LeaderElection
2019-09-26 15:13:44,031 [b3e939fd-eb36-468b-9efe-5d0a1fdaa172@group-91D52F7A6523:LeaderElection211] INFO  segmented.SegmentedRaftLogWorker (SegmentedRaftLogWorker.java:startLogSegment(380)) - b3e939fd-eb36-468b-9efe-5d0a1fdaa172@group-91D52F7A6523-SegmentedRaftLogWorker: Starting segment from index:0
2019-09-26 15:13:44,031 [Thread-1484] INFO  impl.RoleInfo (RoleInfo.java:updateAndGet(143)) - b3e939fd-eb36-468b-9efe-5d0a1fdaa172: start LeaderElection
2019-09-26 15:13:44,031 [b3e939fd-eb36-468b-9efe-5d0a1fdaa172@group-DC2DB9729BEF:LeaderElection240] INFO  segmented.SegmentedRaftLogWorker (SegmentedRaftLogWorker.java:startLogSegment(380)) - b3e939fd-eb36-468b-9efe-5d0a1fdaa172@group-DC2DB9729BEF-SegmentedRaftLogWorker: Starting segment from index:0
2019-09-26 15:13:45,919 [b3e939fd-eb36-468b-9efe-5d0a1fdaa172@group-91D52F7A6523:LeaderElection211] INFO  impl.RaftServerImpl (ServerState.java:setRaftConf(354)) - b3e939fd-eb36-468b-9efe-5d0a1fdaa172@group-91D52F7A6523: set configuration 0: [b3e939fd-eb36-468b-9efe-5d0a1fdaa172:192.168.151.99:45433], old=null at 0
2019-09-26 15:13:44,031 [b3e939fd-eb36-468b-9efe-5d0a1fdaa172@group-4295C4227654:LeaderElection263] INFO  impl.RaftServerImpl (RaftServerImpl.java:setRole(174)) - b3e939fd-eb36-468b-9efe-5d0a1fdaa172@group-4295C4227654: changes role from CANDIDATE to LEADER at term 1 for changeToLeader
2019-09-26 15:13:44,031 [b3e939fd-eb36-468b-9efe-5d0a1fdaa172@group-82208FB82218:LeaderElection264] INFO  impl.RaftServerImpl (RaftServerImpl.java:setRole(174)) - b3e939fd-eb36-468b-9efe-5d0a1fdaa172@group-82208FB82218: changes role from CANDIDATE to LEADER at term 1 for changeToLeader
2019-09-26 15:13:45,920 [b3e939fd-eb36-468b-9efe-5d0a1fdaa172@group-82208FB82218:LeaderElection264] INFO  impl.RaftServerImpl (ServerState.java:setLeader(253)) - b3e939fd-eb36-468b-9efe-5d0a1fdaa172@group-82208FB82218: change Leader from null to b3e939fd-eb36-468b-9efe-5d0a1fdaa172 at term 1 for becomeLeader, leader elected after 14386ms
2019-09-26 15:13:44,030 [b3e939fd-eb36-468b-9efe-5d0a1fdaa172@group-C47DA51F7039:LeaderElection235] INFO  segmented.SegmentedRaftLogWorker (SegmentedRaftLogWorker.java:startLogSegment(380)) - b3e939fd-eb36-468b-9efe-5d0a1fdaa172@group-C47DA51F7039-SegmentedRaftLogWorker: Starting segment from index:0
2019-09-26 15:13:44,030 [b3e939fd-eb36-468b-9efe-5d0a1fdaa172@group-E77F7695A491-SegmentedRaftLogWorker] INFO  impl.StateMachineUpdater (StateMachineUpdater.java:stopAndJoin(125)) - b3e939fd-eb36-468b-9efe-5d0a1fdaa172@group-E77F7695A491-StateMachineUpdater: set stopIndex = -1
2019-09-26 15:13:44,030 [b3e939fd-eb36-468b-9efe-5d0a1fdaa172@group-7EAC044EFCFC-SegmentedRaftLogWorker] ERROR segmented.SegmentedRaftLogWorker (SegmentedRaftLogWorker.java:run(323)) - b3e939fd-eb36-468b-9efe-5d0a1fdaa172@group-7EAC044EFCFC-SegmentedRaftLogWorker hit exception
java.lang.OutOfMemoryError: Direct buffer memory
	at java.nio.Bits.reserveMemory(Bits.java:666)
	at java.nio.DirectByteBuffer.<init>(DirectByteBuffer.java:123)
	at java.nio.ByteBuffer.allocateDirect(ByteBuffer.java:311)
	at org.apache.ratis.server.raftlog.segmented.BufferedWriteChannel.<init>(BufferedWriteChannel.java:41)
	at org.apache.ratis.server.raftlog.segmented.SegmentedRaftLogOutputStream.<init>(SegmentedRaftLogOutputStream.java:72)
	at org.apache.ratis.server.raftlog.segmented.SegmentedRaftLogWorker$StartLogSegment.execute(SegmentedRaftLogWorker.java:566)
	at org.apache.ratis.server.raftlog.segmented.SegmentedRaftLogWorker.run(SegmentedRaftLogWorker.java:289)
	at java.lang.Thread.run(Thread.java:748)
2019-09-26 15:13:44,030 [b3e939fd-eb36-468b-9efe-5d0a1fdaa172@group-E65C91CFD05F-SegmentedRaftLogWorker] ERROR segmented.SegmentedRaftLogWorker (SegmentedRaftLogWorker.java:run(323)) - b3e939fd-eb36-468b-9efe-5d0a1fdaa172@group-E65C91CFD05F-SegmentedRaftLogWorker hit exception
java.lang.OutOfMemoryError: Direct buffer memory
	at java.nio.Bits.reserveMemory(Bits.java:666)
	at java.nio.DirectByteBuffer.<init>(DirectByteBuffer.java:123)
	at java.nio.ByteBuffer.allocateDirect(ByteBuffer.java:311)
	at org.apache.ratis.server.raftlog.segmented.BufferedWriteChannel.<init>(BufferedWriteChannel.java:41)
	at org.apache.ratis.server.raftlog.segmented.SegmentedRaftLogOutputStream.<init>(SegmentedRaftLogOutputStream.java:72)
	at org.apache.ratis.server.raftlog.segmented.SegmentedRaftLogWorker$StartLogSegment.execute(SegmentedRaftLogWorker.java:566)
	at org.apache.ratis.server.raftlog.segmented.SegmentedRaftLogWorker.run(SegmentedRaftLogWorker.java:289)
	at java.lang.Thread.run(Thread.java:748)
2019-09-26 15:13:45,920 [b3e939fd-eb36-468b-9efe-5d0a1fdaa172@group-7EAC044EFCFC-SegmentedRaftLogWorker] INFO  impl.RaftServerImpl (RaftServerImpl.java:lambda$shutdown$3(251)) - b3e939fd-eb36-468b-9efe-5d0a1fdaa172@group-7EAC044EFCFC: shutdown
2019-09-26 15:13:45,920 [b3e939fd-eb36-468b-9efe-5d0a1fdaa172@group-C47DA51F7039:LeaderElection235] INFO  impl.RaftServerImpl (ServerState.java:setRaftConf(354)) - b3e939fd-eb36-468b-9efe-5d0a1fdaa172@group-C47DA51F7039: set configuration 0: [b3e939fd-eb36-468b-9efe-5d0a1fdaa172:192.168.151.99:45433], old=null at 0
2019-09-26 15:13:45,920 [b3e939fd-eb36-468b-9efe-5d0a1fdaa172@group-E77F7695A491-SegmentedRaftLogWorker] INFO  impl.RaftServerImpl (ServerState.java:close(385)) - b3e939fd-eb36-468b-9efe-5d0a1fdaa172@group-E77F7695A491: closes. applyIndex: -1
2019-09-26 15:13:45,920 [b3e939fd-eb36-468b-9efe-5d0a1fdaa172@group-82208FB82218:LeaderElection264] INFO  server.RaftServerConfigKeys (ConfUtils.java:logGet(43)) - raft.server.staging.catchup.gap = 1000 (default)
2019-09-26 15:13:45,920 [b3e939fd-eb36-468b-9efe-5d0a1fdaa172@group-4295C4227654:LeaderElection263] INFO  impl.RaftServerImpl (ServerState.java:setLeader(253)) - b3e939fd-eb36-468b-9efe-5d0a1fdaa172@group-4295C4227654: change Leader from null to b3e939fd-eb36-468b-9efe-5d0a1fdaa172 at term 1 for becomeLeader, leader elected after 14208ms
2019-09-26 15:13:45,920 [b3e939fd-eb36-468b-9efe-5d0a1fdaa172@group-DC2DB9729BEF:LeaderElection240] INFO  impl.RaftServerImpl (ServerState.java:setRaftConf(354)) - b3e939fd-eb36-468b-9efe-5d0a1fdaa172@group-DC2DB9729BEF: set configuration 0: [b3e939fd-eb36-468b-9efe-5d0a1fdaa172:192.168.151.99:45433], old=null at 0
2019-09-26 15:13:45,919 [b3e939fd-eb36-468b-9efe-5d0a1fdaa172@group-D5D0A30B4DC8:LeaderElection292] INFO  impl.RoleInfo (RoleInfo.java:updateAndGet(143)) - b3e939fd-eb36-468b-9efe-5d0a1fdaa172: start LeaderState
2019-09-26 15:13:45,919 [b3e939fd-eb36-468b-9efe-5d0a1fdaa172@group-A2BD7EF985B3:LeaderElection274] INFO  impl.RaftServerImpl (ServerState.java:setLeader(253)) - b3e939fd-eb36-468b-9efe-5d0a1fdaa172@group-A2BD7EF985B3: change Leader from null to b3e939fd-eb36-468b-9efe-5d0a1fdaa172 at term 1 for becomeLeader, leader elected after 14654ms
2019-09-26 15:13:45,919 [b3e939fd-eb36-468b-9efe-5d0a1fdaa172@group-ED5485EA5ACD:LeaderElection273] INFO  impl.RaftServerImpl (RaftServerImpl.java:setRole(174)) - b3e939fd-eb36-468b-9efe-5d0a1fdaa172@group-ED5485EA5ACD: changes role from CANDIDATE to LEADER at term 1 for changeToLeader
2019-09-26 15:13:45,921 [b3e939fd-eb36-468b-9efe-5d0a1fdaa172@group-ED5485EA5ACD:LeaderElection273] INFO  impl.RaftServerImpl (ServerState.java:setLeader(253)) - b3e939fd-eb36-468b-9efe-5d0a1fdaa172@group-ED5485EA5ACD: change Leader from null to b3e939fd-eb36-468b-9efe-5d0a1fdaa172 at term 1 for becomeLeader, leader elected after 14760ms
2019-09-26 15:13:45,919 [b3e939fd-eb36-468b-9efe-5d0a1fdaa172@group-D78821ACB67A:LeaderElection275] INFO  server.RaftServerConfigKeys (ConfUtils.java:logGet(43)) - raft.server.write.element-limit = 4096 (default)
2019-09-26 15:13:45,918 [b3e939fd-eb36-468b-9efe-5d0a1fdaa172@group-7F7680AB9573:LeaderElection269] INFO  impl.RaftServerImpl (RaftServerImpl.java:setRole(174)) - b3e939fd-eb36-468b-9efe-5d0a1fdaa172@group-7F7680AB9573: changes role from CANDIDATE to LEADER at term 1 for changeToLeader
2019-09-26 15:13:45,918 [b3e939fd-eb36-468b-9efe-5d0a1fdaa172@group-ECC1AF727233-SegmentedRaftLogWorker] INFO  impl.RoleInfo (RoleInfo.java:shutdownLeaderState(104)) - b3e939fd-eb36-468b-9efe-5d0a1fdaa172: shutdown LeaderState
2019-09-26 15:13:45,918 [b3e939fd-eb36-468b-9efe-5d0a1fdaa172@group-9F10B5770DAC:LeaderElection216] INFO  segmented.SegmentedRaftLogWorker (SegmentedRaftLogWorker.java:startLogSegment(380)) - b3e939fd-eb36-468b-9efe-5d0a1fdaa172@group-9F10B5770DAC-SegmentedRaftLogWorker: Starting segment from index:0
2019-09-26 15:13:45,918 [b3e939fd-eb36-468b-9efe-5d0a1fdaa172@group-7666CF0181BB:LeaderElection212] INFO  segmented.SegmentedRaftLogWorker (SegmentedRaftLogWorker.java:startLogSegment(380)) - b3e939fd-eb36-468b-9efe-5d0a1fdaa172@group-7666CF0181BB-SegmentedRaftLogWorker: Starting segment from index:0
2019-09-26 15:13:45,918 [b3e939fd-eb36-468b-9efe-5d0a1fdaa172@group-439DC12DB850:LeaderElection272] INFO  impl.RaftServerImpl (RaftServerImpl.java:setRole(174)) - b3e939fd-eb36-468b-9efe-5d0a1fdaa172@group-439DC12DB850: changes role from CANDIDATE to LEADER at term 1 for changeToLeader
2019-09-26 15:13:46,557 [b3e939fd-eb36-468b-9efe-5d0a1fdaa172@group-439DC12DB850:LeaderElection272] INFO  impl.RaftServerImpl (ServerState.java:setLeader(253)) - b3e939fd-eb36-468b-9efe-5d0a1fdaa172@group-439DC12DB850: change Leader from null to b3e939fd-eb36-468b-9efe-5d0a1fdaa172 at term 1 for becomeLeader, leader elected after 15800ms
2019-09-26 15:13:46,558 [b3e939fd-eb36-468b-9efe-5d0a1fdaa172@group-7666CF0181BB:LeaderElection212] INFO  impl.RaftServerImpl (ServerState.java:setRaftConf(354)) - b3e939fd-eb36-468b-9efe-5d0a1fdaa172@group-7666CF0181BB: set configuration 0: [b3e939fd-eb36-468b-9efe-5d0a1fdaa172:192.168.151.99:45433], old=null at 0
2019-09-26 15:13:45,917 [b3e939fd-eb36-468b-9efe-5d0a1fdaa172@group-84E520E4AB54:LeaderElection271] INFO  impl.RaftServerImpl (RaftServerImpl.java:setRole(174)) - b3e939fd-eb36-468b-9efe-5d0a1fdaa172@group-84E520E4AB54: changes role from CANDIDATE to LEADER at term 1 for changeToLeader
2019-09-26 15:13:45,917 [b3e939fd-eb36-468b-9efe-5d0a1fdaa172@group-0531D8DEB565:LeaderElection270] INFO  impl.RaftServerImpl (RaftServerImpl.java:setRole(174)) - b3e939fd-eb36-468b-9efe-5d0a1fdaa172@group-0531D8DEB565: changes role from CANDIDATE to LEADER at term 1 for changeToLeader
2019-09-26 15:13:45,917 [b3e939fd-eb36-468b-9efe-5d0a1fdaa172@group-3B9C1EE8AD07:LeaderElection217] INFO  segmented.SegmentedRaftLogWorker (SegmentedRaftLogWorker.java:startLogSegment(380)) - b3e939fd-eb36-468b-9efe-5d0a1fdaa172@group-3B9C1EE8AD07-SegmentedRaftLogWorker: Starting segment from index:0
2019-09-26 15:13:45,917 [b3e939fd-eb36-468b-9efe-5d0a1fdaa172@group-CD5FC8CEC3A3:LeaderElection293] INFO  impl.RaftServerImpl (RaftServerImpl.java:setRole(174)) - b3e939fd-eb36-468b-9efe-5d0a1fdaa172@group-CD5FC8CEC3A3: changes role from CANDIDATE to LEADER at term 1 for changeToLeader
2019-09-26 15:13:45,917 [b3e939fd-eb36-468b-9efe-5d0a1fdaa172@group-2B1CE96F5305:LeaderElection307] INFO  impl.RoleInfo (RoleInfo.java:shutdownLeaderElection(134)) - b3e939fd-eb36-468b-9efe-5d0a1fdaa172: shutdown LeaderElection
2019-09-26 15:13:46,730 [b3e939fd-eb36-468b-9efe-5d0a1fdaa172@group-2B1CE96F5305:LeaderElection307] INFO  impl.RaftServerImpl (RaftServerImpl.java:setRole(174)) - b3e939fd-eb36-468b-9efe-5d0a1fdaa172@group-2B1CE96F5305: changes role from CANDIDATE to LEADER at term 1 for changeToLeader
2019-09-26 15:13:46,730 [b3e939fd-eb36-468b-9efe-5d0a1fdaa172@group-2B1CE96F5305:LeaderElection307] INFO  impl.RaftServerImpl (ServerState.java:setLeader(253)) - b3e939fd-eb36-468b-9efe-5d0a1fdaa172@group-2B1CE96F5305: change Leader from null to b3e939fd-eb36-468b-9efe-5d0a1fdaa172 at term 1 for becomeLeader, leader elected after 15361ms
2019-09-26 15:13:46,730 [b3e939fd-eb36-468b-9efe-5d0a1fdaa172@group-2B1CE96F5305:LeaderElection307] INFO  server.RaftServerConfigKeys (ConfUtils.java:logGet(43)) - raft.server.staging.catchup.gap = 1000 (default)
2019-09-26 15:13:46,730 [b3e939fd-eb36-468b-9efe-5d0a1fdaa172@group-2B1CE96F5305:LeaderElection307] INFO  server.RaftServerConfigKeys (ConfUtils.java:logGet(43)) - raft.server.rpc.sleep.time = 25ms (default)
2019-09-26 15:13:45,917 [b3e939fd-eb36-468b-9efe-5d0a1fdaa172@group-98F9BF2BE007:LeaderElection262] INFO  impl.RoleInfo (RoleInfo.java:updateAndGet(143)) - b3e939fd-eb36-468b-9efe-5d0a1fdaa172: start LeaderState
2019-09-26 15:13:46,731 [b3e939fd-eb36-468b-9efe-5d0a1fdaa172@group-98F9BF2BE007:LeaderElection262] INFO  segmented.SegmentedRaftLogWorker (SegmentedRaftLogWorker.java:startLogSegment(380)) - b3e939fd-eb36-468b-9efe-5d0a1fdaa172@group-98F9BF2BE007-SegmentedRaftLogWorker: Starting segment from index:0
2019-09-26 15:13:45,917 [b3e939fd-eb36-468b-9efe-5d0a1fdaa172@group-5A4780976490:LeaderElection259] INFO  impl.RoleInfo (RoleInfo.java:updateAndGet(143)) - b3e939fd-eb36-468b-9efe-5d0a1fdaa172: start LeaderState
2019-09-26 15:13:45,917 [b3e939fd-eb36-468b-9efe-5d0a1fdaa172@group-DF5FBD1E9085:LeaderElection260] INFO  impl.RoleInfo (RoleInfo.java:updateAndGet(143)) - b3e939fd-eb36-468b-9efe-5d0a1fdaa172: start LeaderState
2019-09-26 15:13:45,917 [b3e939fd-eb36-468b-9efe-5d0a1fdaa172@group-B8A18754ECB2:LeaderElection257] INFO  segmented.SegmentedRaftLogWorker (SegmentedRaftLogWorker.java:startLogSegment(380)) - b3e939fd-eb36-468b-9efe-5d0a1fdaa172@group-B8A18754ECB2-SegmentedRaftLogWorker: Starting segment from index:0
2019-09-26 15:13:45,917 [b3e939fd-eb36-468b-9efe-5d0a1fdaa172@group-54B73EABA4F1:LeaderElection261] INFO  impl.RoleInfo (RoleInfo.java:updateAndGet(143)) - b3e939fd-eb36-468b-9efe-5d0a1fdaa172: start LeaderState
2019-09-26 15:13:45,916 [b3e939fd-eb36-468b-9efe-5d0a1fdaa172@group-68CC56D33CDB:LeaderElection268] INFO  impl.RoleInfo (RoleInfo.java:shutdownLeaderElection(134)) - b3e939fd-eb36-468b-9efe-5d0a1fdaa172: shutdown LeaderElection
2019-09-26 15:13:45,916 [b3e939fd-eb36-468b-9efe-5d0a1fdaa172@group-F5BF1B3E3E4A:LeaderElection248] INFO  impl.RoleInfo (RoleInfo.java:updateAndGet(143)) - b3e939fd-eb36-468b-9efe-5d0a1fdaa172: start LeaderState
2019-09-26 15:13:45,916 [b3e939fd-eb36-468b-9efe-5d0a1fdaa172@group-B87D49FAC1EB:LeaderElection265] INFO  impl.RoleInfo (RoleInfo.java:shutdownLeaderElection(134)) - b3e939fd-eb36-468b-9efe-5d0a1fdaa172: shutdown LeaderElection
2019-09-26 15:13:46,731 [b3e939fd-eb36-468b-9efe-5d0a1fdaa172@group-B87D49FAC1EB:LeaderElection265] INFO  impl.RaftServerImpl (RaftServerImpl.java:setRole(174)) - b3e939fd-eb36-468b-9efe-5d0a1fdaa172@group-B87D49FAC1EB: changes role from CANDIDATE to LEADER at term 1 for changeToLeader
2019-09-26 15:13:46,732 [b3e939fd-eb36-468b-9efe-5d0a1fdaa172@group-B87D49FAC1EB:LeaderElection265] INFO  impl.RaftServerImpl (ServerState.java:setLeader(253)) - b3e939fd-eb36-468b-9efe-5d0a1fdaa172@group-B87D49FAC1EB: change Leader from null to b3e939fd-eb36-468b-9efe-5d0a1fdaa172 at term 1 for becomeLeader, leader elected after 16616ms
2019-09-26 15:13:45,916 [b3e939fd-eb36-468b-9efe-5d0a1fdaa172@group-84D1E06F87C5:LeaderElection258] INFO  segmented.SegmentedRaftLogWorker (SegmentedRaftLogWorker.java:startLogSegment(380)) - b3e939fd-eb36-468b-9efe-5d0a1fdaa172@group-84D1E06F87C5-SegmentedRaftLogWorker: Starting segment from index:0
2019-09-26 15:13:45,916 [b3e939fd-eb36-468b-9efe-5d0a1fdaa172@group-5C744E83DB9A:LeaderElection256] INFO  impl.RoleInfo (RoleInfo.java:updateAndGet(143)) - b3e939fd-eb36-468b-9efe-5d0a1fdaa172: start LeaderState
2019-09-26 15:13:45,916 [b3e939fd-eb36-468b-9efe-5d0a1fdaa172@group-C7BB781426AF:LeaderElection267] INFO  impl.RoleInfo (RoleInfo.java:shutdownLeaderElection(134)) - b3e939fd-eb36-468b-9efe-5d0a1fdaa172: shutdown LeaderElection
2019-09-26 15:13:45,916 [b3e939fd-eb36-468b-9efe-5d0a1fdaa172@group-FC1921472DFA:LeaderElection247] INFO  segmented.SegmentedRaftLogWorker (SegmentedRaftLogWorker.java:startLogSegment(380)) - b3e939fd-eb36-468b-9efe-5d0a1fdaa172@group-FC1921472DFA-SegmentedRaftLogWorker: Starting segment from index:0
2019-09-26 15:13:45,916 [b3e939fd-eb36-468b-9efe-5d0a1fdaa172@group-6AE5FF705F7D:LeaderElection266] INFO  impl.RoleInfo (RoleInfo.java:shutdownLeaderElection(134)) - b3e939fd-eb36-468b-9efe-5d0a1fdaa172: shutdown LeaderElection
2019-09-26 15:13:45,916 [b3e939fd-eb36-468b-9efe-5d0a1fdaa172@group-336DB84C1351:LeaderElection255] INFO  segmented.SegmentedRaftLogWorker (SegmentedRaftLogWorker.java:startLogSegment(380)) - b3e939fd-eb36-468b-9efe-5d0a1fdaa172@group-336DB84C1351-SegmentedRaftLogWorker: Starting segment from index:0
2019-09-26 15:13:45,915 [b3e939fd-eb36-468b-9efe-5d0a1fdaa172@group-74AE591B69F2:LeaderElection311] INFO  impl.RoleInfo (RoleInfo.java:shutdownLeaderElection(134)) - b3e939fd-eb36-468b-9efe-5d0a1fdaa172: shutdown LeaderElection
2019-09-26 15:13:45,915 [b3e939fd-eb36-468b-9efe-5d0a1fdaa172@group-659098C9AEA4:LeaderElection310] INFO  impl.RoleInfo (RoleInfo.java:shutdownLeaderElection(134)) - b3e939fd-eb36-468b-9efe-5d0a1fdaa172: shutdown LeaderElection
2019-09-26 15:13:46,732 [b3e939fd-eb36-468b-9efe-5d0a1fdaa172@group-659098C9AEA4:LeaderElection310] INFO  impl.RaftServerImpl (RaftServerImpl.java:setRole(174)) - b3e939fd-eb36-468b-9efe-5d0a1fdaa172@group-659098C9AEA4: changes role from CANDIDATE to LEADER at term 1 for changeToLeader
2019-09-26 15:13:46,733 [b3e939fd-eb36-468b-9efe-5d0a1fdaa172@group-659098C9AEA4:LeaderElection310] INFO  impl.RaftServerImpl (ServerState.java:setLeader(253)) - b3e939fd-eb36-468b-9efe-5d0a1fdaa172@group-659098C9AEA4: change Leader from null to b3e939fd-eb36-468b-9efe-5d0a1fdaa172 at term 1 for becomeLeader, leader elected after 15304ms
2019-09-26 15:13:45,915 [b3e939fd-eb36-468b-9efe-5d0a1fdaa172@group-9591EA67C8C0:LeaderElection308] INFO  impl.RoleInfo (RoleInfo.java:shutdownLeaderElection(134)) - b3e939fd-eb36-468b-9efe-5d0a1fdaa172: shutdown LeaderElection
2019-09-26 15:13:45,915 [b3e939fd-eb36-468b-9efe-5d0a1fdaa172@group-1CB942701F5F:LeaderElection250] INFO  segmented.SegmentedRaftLogWorker (SegmentedRaftLogWorker.java:startLogSegment(380)) - b3e939fd-eb36-468b-9efe-5d0a1fdaa172@group-1CB942701F5F-SegmentedRaftLogWorker: Starting segment from index:0
2019-09-26 15:13:45,915 [b3e939fd-eb36-468b-9efe-5d0a1fdaa172@group-8292B21D7178:LeaderElection309] INFO  impl.RoleInfo (RoleInfo.java:shutdownLeaderElection(134)) - b3e939fd-eb36-468b-9efe-5d0a1fdaa172: shutdown LeaderElection
2019-09-26 15:13:45,915 [b3e939fd-eb36-468b-9efe-5d0a1fdaa172@group-23B1075E3B4B:LeaderElection254] INFO  segmented.SegmentedRaftLogWorker (SegmentedRaftLogWorker.java:startLogSegment(380)) - b3e939fd-eb36-468b-9efe-5d0a1fdaa172@group-23B1075E3B4B-SegmentedRaftLogWorker: Starting segment from index:0
2019-09-26 15:13:45,914 [b3e939fd-eb36-468b-9efe-5d0a1fdaa172@group-84DF8E7A77E0:LeaderElection282] INFO  impl.LeaderElection (LeaderElection.java:askForVotes(182)) - b3e939fd-eb36-468b-9efe-5d0a1fdaa172@group-84DF8E7A77E0:LeaderElection282: begin an election at term 1 for -1: [b3e939fd-eb36-468b-9efe-5d0a1fdaa172:192.168.151.99:45433], old=null
2019-09-26 15:13:45,914 [b3e939fd-eb36-468b-9efe-5d0a1fdaa172@group-1BDA4246E368:LeaderElection286] INFO  impl.LeaderElection (LeaderElection.java:askForVotes(182)) - b3e939fd-eb36-468b-9efe-5d0a1fdaa172@group-1BDA4246E368:LeaderElection286: begin an election at term 1 for -1: [b3e939fd-eb36-468b-9efe-5d0a1fdaa172:192.168.151.99:45433], old=null
2019-09-26 15:13:45,914 [b3e939fd-eb36-468b-9efe-5d0a1fdaa172@group-752F8CC2B31E:LeaderElection287] INFO  impl.LeaderElection (LeaderElection.java:askForVotes(182)) - b3e939fd-eb36-468b-9efe-5d0a1fdaa172@group-752F8CC2B31E:LeaderElection287: begin an election at term 1 for -1: [b3e939fd-eb36-468b-9efe-5d0a1fdaa172:192.168.151.99:45433], old=null
2019-09-26 15:13:45,914 [b3e939fd-eb36-468b-9efe-5d0a1fdaa172@group-F4FE86D2BCDD:LeaderElection285] INFO  impl.LeaderElection (LeaderElection.java:askForVotes(182)) - b3e939fd-eb36-468b-9efe-5d0a1fdaa172@group-F4FE86D2BCDD:LeaderElection285: begin an election at term 1 for -1: [b3e939fd-eb36-468b-9efe-5d0a1fdaa172:192.168.151.99:45433], old=null
2019-09-26 15:13:45,914 [b3e939fd-eb36-468b-9efe-5d0a1fdaa172@group-7ED9DECB8A6B:LeaderElection288] INFO  impl.LeaderElection (LeaderElection.java:askForVotes(182)) - b3e939fd-eb36-468b-9efe-5d0a1fdaa172@group-7ED9DECB8A6B:LeaderElection288: begin an election at term 1 for -1: [b3e939fd-eb36-468b-9efe-5d0a1fdaa172:192.168.151.99:45433], old=null
2019-09-26 15:13:45,914 [b3e939fd-eb36-468b-9efe-5d0a1fdaa172@group-EEC0B09CDA31:LeaderElection280] INFO  impl.LeaderElection (LeaderElection.java:askForVotes(182)) - b3e939fd-eb36-468b-9efe-5d0a1fdaa172@group-EEC0B09CDA31:LeaderElection280: begin an election at term 1 for -1: [b3e939fd-eb36-468b-9efe-5d0a1fdaa172:192.168.151.99:45433], old=null
2019-09-26 15:13:45,914 [b3e939fd-eb36-468b-9efe-5d0a1fdaa172@group-1B7B953A35B5:LeaderElection281] INFO  impl.LeaderElection (LeaderElection.java:askForVotes(182)) - b3e939fd-eb36-468b-9efe-5d0a1fdaa172@group-1B7B953A35B5:LeaderElection281: begin an election at term 1 for -1: [b3e939fd-eb36-468b-9efe-5d0a1fdaa172:192.168.151.99:45433], old=null
2019-09-26 15:13:45,914 [b3e939fd-eb36-468b-9efe-5d0a1fdaa172@group-05F1D5DB38B1:LeaderElection279] INFO  impl.LeaderElection (LeaderElection.java:askForVotes(182)) - b3e939fd-eb36-468b-9efe-5d0a1fdaa172@group-05F1D5DB38B1:LeaderElection279: begin an election at term 1 for -1: [b3e939fd-eb36-468b-9efe-5d0a1fdaa172:192.168.151.99:45433], old=null
2019-09-26 15:13:45,914 [b3e939fd-eb36-468b-9efe-5d0a1fdaa172@group-8510E27DA55F:LeaderElection289] INFO  impl.LeaderElection (LeaderElection.java:askForVotes(182)) - b3e939fd-eb36-468b-9efe-5d0a1fdaa172@group-8510E27DA55F:LeaderElection289: begin an election at term 1 for -1: [b3e939fd-eb36-468b-9efe-5d0a1fdaa172:192.168.151.99:45433], old=null
2019-09-26 15:13:45,914 [b3e939fd-eb36-468b-9efe-5d0a1fdaa172@group-F3ED5FA15865:LeaderElection284] INFO  impl.LeaderElection (LeaderElection.java:askForVotes(182)) - b3e939fd-eb36-468b-9efe-5d0a1fdaa172@group-F3ED5FA15865:LeaderElection284: begin an election at term 1 for -1: [b3e939fd-eb36-468b-9efe-5d0a1fdaa172:192.168.151.99:45433], old=null
2019-09-26 15:13:45,914 [b3e939fd-eb36-468b-9efe-5d0a1fdaa172@group-F11DE81BFF74:LeaderElection283] INFO  impl.LeaderElection (LeaderElection.java:askForVotes(182)) - b3e939fd-eb36-468b-9efe-5d0a1fdaa172@group-F11DE81BFF74:LeaderElection283: begin an election at term 1 for -1: [b3e939fd-eb36-468b-9efe-5d0a1fdaa172:192.168.151.99:45433], old=null
2019-09-26 15:13:45,021 [b3e939fd-eb36-468b-9efe-5d0a1fdaa172@group-270C29ADC77F:LeaderElection210] INFO  segmented.SegmentedRaftLogWorker (SegmentedRaftLogWorker.java:startLogSegment(380)) - b3e939fd-eb36-468b-9efe-5d0a1fdaa172@group-270C29ADC77F-SegmentedRaftLogWorker: Starting segment from index:0
2019-09-26 15:13:45,021 [b3e939fd-eb36-468b-9efe-5d0a1fdaa172@group-2F5911C68895:LeaderElection228] INFO  impl.RaftServerImpl (ServerState.java:setRaftConf(354)) - b3e939fd-eb36-468b-9efe-5d0a1fdaa172@group-2F5911C68895: set configuration 0: [b3e939fd-eb36-468b-9efe-5d0a1fdaa172:192.168.151.99:45433], old=null at 0
2019-09-26 15:13:45,020 [b3e939fd-eb36-468b-9efe-5d0a1fdaa172@group-1A5718D16976-SegmentedRaftLogWorker] INFO  impl.PendingRequests (PendingRequests.java:sendNotLeaderResponses(202)) - b3e939fd-eb36-468b-9efe-5d0a1fdaa172-PendingRequests: sendNotLeaderResponses
2019-09-26 15:13:45,020 [b3e939fd-eb36-468b-9efe-5d0a1fdaa172@group-10287887346D:LeaderElection213] INFO  impl.RaftServerImpl (ServerState.java:setRaftConf(354)) - b3e939fd-eb36-468b-9efe-5d0a1fdaa172@group-10287887346D: set configuration 0: [b3e939fd-eb36-468b-9efe-5d0a1fdaa172:192.168.151.99:45433], old=null at 0
2019-09-26 15:13:45,020 [b3e939fd-eb36-468b-9efe-5d0a1fdaa172@group-778C63AA011E:LeaderElection219] INFO  segmented.SegmentedRaftLogWorker (SegmentedRaftLogWorker.java:startLogSegment(380)) - b3e939fd-eb36-468b-9efe-5d0a1fdaa172@group-778C63AA011E-SegmentedRaftLogWorker: Starting segment from index:0
2019-09-26 15:13:45,020 [b3e939fd-eb36-468b-9efe-5d0a1fdaa172@group-4E868D6FA5B9:LeaderElection249] INFO  impl.RoleInfo (RoleInfo.java:updateAndGet(143)) - b3e939fd-eb36-468b-9efe-5d0a1fdaa172: start LeaderState
2019-09-26 15:13:45,020 [b3e939fd-eb36-468b-9efe-5d0a1fdaa172@group-0CA234018F8C:LeaderElection238] INFO  segmented.SegmentedRaftLogWorker (SegmentedRaftLogWorker.java:startLogSegment(380)) - b3e939fd-eb36-468b-9efe-5d0a1fdaa172@group-0CA234018F8C-SegmentedRaftLogWorker: Starting segment from index:0
2019-09-26 15:13:45,020 [b3e939fd-eb36-468b-9efe-5d0a1fdaa172@group-74515BDB2857:LeaderElection277] INFO  impl.RaftServerImpl (RaftServerImpl.java:setRole(174)) - b3e939fd-eb36-468b-9efe-5d0a1fdaa172@group-74515BDB2857: changes role from CANDIDATE to LEADER at term 1 for changeToLeader
2019-09-26 15:13:45,019 [b3e939fd-eb36-468b-9efe-5d0a1fdaa172@group-A69ABA2706CB:LeaderElection252] INFO  segmented.SegmentedRaftLogWorker (SegmentedRaftLogWorker.java:startLogSegment(380)) - b3e939fd-eb36-468b-9efe-5d0a1fdaa172@group-A69ABA2706CB-SegmentedRaftLogWorker: Starting segment from index:0
2019-09-26 15:13:45,019 [b3e939fd-eb36-468b-9efe-5d0a1fdaa172@group-ECF09D41D404:LeaderElection278] INFO  impl.RaftServerImpl (RaftServerImpl.java:setRole(174)) - b3e939fd-eb36-468b-9efe-5d0a1fdaa172@group-ECF09D41D404: changes role from CANDIDATE to LEADER at term 1 for changeToLeader
2019-09-26 15:13:45,019 [b3e939fd-eb36-468b-9efe-5d0a1fdaa172@group-92F7CC5958C9:LeaderElection276] INFO  impl.RaftServerImpl (ServerState.java:setLeader(253)) - b3e939fd-eb36-468b-9efe-5d0a1fdaa172@group-92F7CC5958C9: change Leader from null to b3e939fd-eb36-468b-9efe-5d0a1fdaa172 at term 1 for becomeLeader, leader elected after 13677ms
2019-09-26 15:13:45,019 [b3e939fd-eb36-468b-9efe-5d0a1fdaa172@group-2969446FDAA8:LeaderElection205] INFO  segmented.SegmentedRaftLogWorker (SegmentedRaftLogWorker.java:startLogSegment(380)) - b3e939fd-eb36-468b-9efe-5d0a1fdaa172@group-2969446FDAA8-SegmentedRaftLogWorker: Starting segment from index:0
2019-09-26 15:13:45,019 [b3e939fd-eb36-468b-9efe-5d0a1fdaa172@group-711EE27C9E35:LeaderElection303] INFO  impl.RoleInfo (RoleInfo.java:shutdownLeaderElection(134)) - b3e939fd-eb36-468b-9efe-5d0a1fdaa172: shutdown LeaderElection
2019-09-26 15:13:45,018 [b3e939fd-eb36-468b-9efe-5d0a1fdaa172@group-3BF504006062:LeaderElection295] INFO  impl.RoleInfo (RoleInfo.java:shutdownLeaderElection(134)) - b3e939fd-eb36-468b-9efe-5d0a1fdaa172: shutdown LeaderElection
2019-09-26 15:13:45,018 [b3e939fd-eb36-468b-9efe-5d0a1fdaa172@group-CA0F44176545:LeaderElection296] INFO  impl.RoleInfo (RoleInfo.java:shutdownLeaderElection(134)) - b3e939fd-eb36-468b-9efe-5d0a1fdaa172: shutdown LeaderElection
2019-09-26 15:13:45,018 [b3e939fd-eb36-468b-9efe-5d0a1fdaa172@group-302304666DE6:LeaderElection306] INFO  impl.RoleInfo (RoleInfo.java:shutdownLeaderElection(134)) - b3e939fd-eb36-468b-9efe-5d0a1fdaa172: shutdown LeaderElection
2019-09-26 15:13:45,018 [b3e939fd-eb36-468b-9efe-5d0a1fdaa172@group-D363040DAF31:LeaderElection315] INFO  impl.RoleInfo (RoleInfo.java:shutdownLeaderElection(134)) - b3e939fd-eb36-468b-9efe-5d0a1fdaa172: shutdown LeaderElection
2019-09-26 15:13:45,018 [b3e939fd-eb36-468b-9efe-5d0a1fdaa172@group-28A0353D16EE-SegmentedRaftLogWorker] INFO  util.JmxRegister (JmxRegister.java:unregister(73)) - Successfully un-registered JMX Bean with object name Ratis:service=RaftServer,group=group-28A0353D16EE,id=b3e939fd-eb36-468b-9efe-5d0a1fdaa172
2019-09-26 15:13:45,018 [b3e939fd-eb36-468b-9efe-5d0a1fdaa172@group-C4FDEBA5923A:LeaderElection246] INFO  impl.RoleInfo (RoleInfo.java:updateAndGet(143)) - b3e939fd-eb36-468b-9efe-5d0a1fdaa172: start LeaderState
2019-09-26 15:13:45,018 [b3e939fd-eb36-468b-9efe-5d0a1fdaa172@group-F2FE42403F49-SegmentedRaftLogWorker] INFO  impl.RaftServerImpl (RaftServerImpl.java:lambda$shutdown$3(251)) - b3e939fd-eb36-468b-9efe-5d0a1fdaa172@group-F2FE42403F49: shutdown
2019-09-26 15:13:45,018 [b3e939fd-eb36-468b-9efe-5d0a1fdaa172@group-25745E01B0BD:LeaderElection305] INFO  impl.RoleInfo (RoleInfo.java:shutdownLeaderElection(134)) - b3e939fd-eb36-468b-9efe-5d0a1fdaa172: shutdown LeaderElection
2019-09-26 15:13:45,018 [b3e939fd-eb36-468b-9efe-5d0a1fdaa172@group-71A36764AA64:LeaderElection300] INFO  impl.RoleInfo (RoleInfo.java:shutdownLeaderElection(134)) - b3e939fd-eb36-468b-9efe-5d0a1fdaa172: shutdown LeaderElection
2019-09-26 15:13:45,018 [b3e939fd-eb36-468b-9efe-5d0a1fdaa172@group-A909352B10E1:LeaderElection301] INFO  impl.RoleInfo (RoleInfo.java:shutdownLeaderElection(134)) - b3e939fd-eb36-468b-9efe-5d0a1fdaa172: shutdown LeaderElection
2019-09-26 15:13:45,018 [b3e939fd-eb36-468b-9efe-5d0a1fdaa172@group-B602AE1BC508:LeaderElection302] INFO  impl.RoleInfo (RoleInfo.java:shutdownLeaderElection(134)) - b3e939fd-eb36-468b-9efe-5d0a1fdaa172: shutdown LeaderElection
2019-09-26 15:13:45,018 [b3e939fd-eb36-468b-9efe-5d0a1fdaa172@group-82F2C342C520:LeaderElection304] INFO  impl.RoleInfo (RoleInfo.java:shutdownLeaderElection(134)) - b3e939fd-eb36-468b-9efe-5d0a1fdaa172: shutdown LeaderElection
2019-09-26 15:13:45,018 [b3e939fd-eb36-468b-9efe-5d0a1fdaa172@group-7C3112672CFD:LeaderElection251] INFO  impl.RoleInfo (RoleInfo.java:updateAndGet(143)) - b3e939fd-eb36-468b-9efe-5d0a1fdaa172: start LeaderState
2019-09-26 15:13:45,017 [b3e939fd-eb36-468b-9efe-5d0a1fdaa172@group-3A19C25E34FC-SegmentedRaftLogWorker] INFO  util.JmxRegister (JmxRegister.java:unregister(73)) - Successfully un-registered JMX Bean with object name Ratis:service=RaftServer,group=group-3A19C25E34FC,id=b3e939fd-eb36-468b-9efe-5d0a1fdaa172
2019-09-26 15:13:45,017 [b3e939fd-eb36-468b-9efe-5d0a1fdaa172@group-F2E2F02C4E80:LeaderElection206] INFO  impl.RaftServerImpl (ServerState.java:setRaftConf(354)) - b3e939fd-eb36-468b-9efe-5d0a1fdaa172@group-F2E2F02C4E80: set configuration 0: [b3e939fd-eb36-468b-9efe-5d0a1fdaa172:192.168.151.99:45433], old=null at 0
2019-09-26 15:13:45,017 [b3e939fd-eb36-468b-9efe-5d0a1fdaa172@group-3940D53E95A2:LeaderElection245] INFO  impl.RoleInfo (RoleInfo.java:updateAndGet(143)) - b3e939fd-eb36-468b-9efe-5d0a1fdaa172: start LeaderState
2019-09-26 15:13:45,017 [b3e939fd-eb36-468b-9efe-5d0a1fdaa172@group-5DF16D025390-SegmentedRaftLogWorker] INFO  impl.RaftServerImpl (ServerState.java:close(385)) - b3e939fd-eb36-468b-9efe-5d0a1fdaa172@group-5DF16D025390: closes. applyIndex: -1
2019-09-26 15:13:46,737 [b3e939fd-eb36-468b-9efe-5d0a1fdaa172@group-3940D53E95A2:LeaderElection245] INFO  segmented.SegmentedRaftLogWorker (SegmentedRaftLogWorker.java:startLogSegment(380)) - b3e939fd-eb36-468b-9efe-5d0a1fdaa172@group-3940D53E95A2-SegmentedRaftLogWorker: Starting segment from index:0
2019-09-26 15:13:46,737 [b3e939fd-eb36-468b-9efe-5d0a1fdaa172@group-5DF16D025390-SegmentedRaftLogWorker] INFO  segmented.SegmentedRaftLogWorker (SegmentedRaftLogWorker.java:close(228)) - b3e939fd-eb36-468b-9efe-5d0a1fdaa172@group-5DF16D025390-SegmentedRaftLogWorker close()
2019-09-26 15:13:45,017 [b3e939fd-eb36-468b-9efe-5d0a1fdaa172@group-FC0C2CB5B5D7-SegmentedRaftLogWorker] INFO  impl.PendingRequests (PendingRequests.java:sendNotLeaderResponses(202)) - b3e939fd-eb36-468b-9efe-5d0a1fdaa172-PendingRequests: sendNotLeaderResponses
2019-09-26 15:13:45,017 [b3e939fd-eb36-468b-9efe-5d0a1fdaa172@group-9E432427BF8B-SegmentedRaftLogWorker] INFO  impl.RaftServerImpl (RaftServerImpl.java:lambda$shutdown$3(251)) - b3e939fd-eb36-468b-9efe-5d0a1fdaa172@group-9E432427BF8B: shutdown
2019-09-26 15:13:45,016 [b3e939fd-eb36-468b-9efe-5d0a1fdaa172@group-D591C59CFB86:LeaderElection294] INFO  impl.RoleInfo (RoleInfo.java:shutdownLeaderElection(134)) - b3e939fd-eb36-468b-9efe-5d0a1fdaa172: shutdown LeaderElection
2019-09-26 15:13:45,016 [b3e939fd-eb36-468b-9efe-5d0a1fdaa172@group-33913256AF98:LeaderElection298] INFO  impl.RoleInfo (RoleInfo.java:shutdownLeaderElection(134)) - b3e939fd-eb36-468b-9efe-5d0a1fdaa172: shutdown LeaderElection
2019-09-26 15:13:45,015 [b3e939fd-eb36-468b-9efe-5d0a1fdaa172@group-45EF2C5983EC:LeaderElection209] INFO  impl.RaftServerImpl (ServerState.java:setRaftConf(354)) - b3e939fd-eb36-468b-9efe-5d0a1fdaa172@group-45EF2C5983EC: set configuration 0: [b3e939fd-eb36-468b-9efe-5d0a1fdaa172:192.168.151.99:45433], old=null at 0
2019-09-26 15:13:45,015 [b3e939fd-eb36-468b-9efe-5d0a1fdaa172@group-DEE462ADEC0E:LeaderElection297] INFO  impl.RoleInfo (RoleInfo.java:shutdownLeaderElection(134)) - b3e939fd-eb36-468b-9efe-5d0a1fdaa172: shutdown LeaderElection
2019-09-26 15:13:45,015 [b3e939fd-eb36-468b-9efe-5d0a1fdaa172@group-5152959DB5D4:LeaderElection299] INFO  impl.RoleInfo (RoleInfo.java:shutdownLeaderElection(134)) - b3e939fd-eb36-468b-9efe-5d0a1fdaa172: shutdown LeaderElection
2019-09-26 15:13:46,737 [b3e939fd-eb36-468b-9efe-5d0a1fdaa172@group-5152959DB5D4:LeaderElection299] INFO  impl.RaftServerImpl (RaftServerImpl.java:setRole(174)) - b3e939fd-eb36-468b-9efe-5d0a1fdaa172@group-5152959DB5D4: changes role from CANDIDATE to LEADER at term 1 for changeToLeader
2019-09-26 15:13:45,015 [b3e939fd-eb36-468b-9efe-5d0a1fdaa172@group-E00230405E12:LeaderElection291] INFO  impl.RoleInfo (RoleInfo.java:shutdownLeaderElection(134)) - b3e939fd-eb36-468b-9efe-5d0a1fdaa172: shutdown LeaderElection
2019-09-26 15:13:45,014 [b3e939fd-eb36-468b-9efe-5d0a1fdaa172@group-337EFED2784C-SegmentedRaftLogWorker] INFO  util.JmxRegister (JmxRegister.java:unregister(73)) - Successfully un-registered JMX Bean with object name Ratis:service=RaftServer,group=group-337EFED2784C,id=b3e939fd-eb36-468b-9efe-5d0a1fdaa172
2019-09-26 15:13:45,014 [b3e939fd-eb36-468b-9efe-5d0a1fdaa172@group-B7C42A2D7902-SegmentedRaftLogWorker] INFO  util.JmxRegister (JmxRegister.java:unregister(73)) - Successfully un-registered JMX Bean with object name Ratis:service=RaftServer,group=group-B7C42A2D7902,id=b3e939fd-eb36-468b-9efe-5d0a1fdaa172
2019-09-26 15:13:46,738 [b3e939fd-eb36-468b-9efe-5d0a1fdaa172@group-337EFED2784C-SegmentedRaftLogWorker] INFO  impl.RoleInfo (RoleInfo.java:shutdownLeaderState(104)) - b3e939fd-eb36-468b-9efe-5d0a1fdaa172: shutdown LeaderState
2019-09-26 15:13:46,737 [b3e939fd-eb36-468b-9efe-5d0a1fdaa172@group-E00230405E12:LeaderElection291] INFO  impl.RaftServerImpl (RaftServerImpl.java:setRole(174)) - b3e939fd-eb36-468b-9efe-5d0a1fdaa172@group-E00230405E12: changes role from CANDIDATE to LEADER at term 1 for changeToLeader
2019-09-26 15:13:46,737 [b3e939fd-eb36-468b-9efe-5d0a1fdaa172@group-5152959DB5D4:LeaderElection299] INFO  impl.RaftServerImpl (ServerState.java:setLeader(253)) - b3e939fd-eb36-468b-9efe-5d0a1fdaa172@group-5152959DB5D4: change Leader from null to b3e939fd-eb36-468b-9efe-5d0a1fdaa172 at term 1 for becomeLeader, leader elected after 14951ms
2019-09-26 15:13:46,737 [b3e939fd-eb36-468b-9efe-5d0a1fdaa172@group-DEE462ADEC0E:LeaderElection297] INFO  impl.RaftServerImpl (RaftServerImpl.java:setRole(174)) - b3e939fd-eb36-468b-9efe-5d0a1fdaa172@group-DEE462ADEC0E: changes role from CANDIDATE to LEADER at term 1 for changeToLeader
2019-09-26 15:13:46,737 [b3e939fd-eb36-468b-9efe-5d0a1fdaa172@group-33913256AF98:LeaderElection298] INFO  impl.RaftServerImpl (RaftServerImpl.java:setRole(174)) - b3e939fd-eb36-468b-9efe-5d0a1fdaa172@group-33913256AF98: changes role from CANDIDATE to LEADER at term 1 for changeToLeader
2019-09-26 15:13:46,737 [b3e939fd-eb36-468b-9efe-5d0a1fdaa172@group-D591C59CFB86:LeaderElection294] INFO  impl.RaftServerImpl (RaftServerImpl.java:setRole(174)) - b3e939fd-eb36-468b-9efe-5d0a1fdaa172@group-D591C59CFB86: changes role from CANDIDATE to LEADER at term 1 for changeToLeader
2019-09-26 15:13:46,738 [b3e939fd-eb36-468b-9efe-5d0a1fdaa172@group-D591C59CFB86:LeaderElection294] INFO  impl.RaftServerImpl (ServerState.java:setLeader(253)) - b3e939fd-eb36-468b-9efe-5d0a1fdaa172@group-D591C59CFB86: change Leader from null to b3e939fd-eb36-468b-9efe-5d0a1fdaa172 at term 1 for becomeLeader, leader elected after 15663ms
2019-09-26 15:13:46,737 [b3e939fd-eb36-468b-9efe-5d0a1fdaa172@group-9E432427BF8B-SegmentedRaftLogWorker] INFO  util.JmxRegister (JmxRegister.java:unregister(73)) - Successfully un-registered JMX Bean with object name Ratis:service=RaftServer,group=group-9E432427BF8B,id=b3e939fd-eb36-468b-9efe-5d0a1fdaa172
2019-09-26 15:13:46,737 [b3e939fd-eb36-468b-9efe-5d0a1fdaa172@group-FC0C2CB5B5D7-SegmentedRaftLogWorker] INFO  impl.StateMachineUpdater (StateMachineUpdater.java:stopAndJoin(125)) - b3e939fd-eb36-468b-9efe-5d0a1fdaa172@group-FC0C2CB5B5D7-StateMachineUpdater: set stopIndex = -1
2019-09-26 15:13:46,738 [b3e939fd-eb36-468b-9efe-5d0a1fdaa172@group-FC0C2CB5B5D7-SegmentedRaftLogWorker] INFO  impl.RaftServerImpl (ServerState.java:close(385)) - b3e939fd-eb36-468b-9efe-5d0a1fdaa172@group-FC0C2CB5B5D7: closes. applyIndex: -1
2019-09-26 15:13:46,736 [b3e939fd-eb36-468b-9efe-5d0a1fdaa172@group-3A19C25E34FC-SegmentedRaftLogWorker] INFO  impl.RoleInfo (RoleInfo.java:shutdownLeaderState(104)) - b3e939fd-eb36-468b-9efe-5d0a1fdaa172: shutdown LeaderState
2019-09-26 15:13:46,736 [b3e939fd-eb36-468b-9efe-5d0a1fdaa172@group-7C3112672CFD:LeaderElection251] INFO  segmented.SegmentedRaftLogWorker (SegmentedRaftLogWorker.java:startLogSegment(380)) - b3e939fd-eb36-468b-9efe-5d0a1fdaa172@group-7C3112672CFD-SegmentedRaftLogWorker: Starting segment from index:0
2019-09-26 15:13:46,736 [b3e939fd-eb36-468b-9efe-5d0a1fdaa172@group-C4FDEBA5923A:LeaderElection246] INFO  segmented.SegmentedRaftLogWorker (SegmentedRaftLogWorker.java:startLogSegment(380)) - b3e939fd-eb36-468b-9efe-5d0a1fdaa172@group-C4FDEBA5923A-SegmentedRaftLogWorker: Starting segment from index:0
2019-09-26 15:13:46,736 [b3e939fd-eb36-468b-9efe-5d0a1fdaa172@group-82F2C342C520:LeaderElection304] INFO  impl.RaftServerImpl (RaftServerImpl.java:setRole(174)) - b3e939fd-eb36-468b-9efe-5d0a1fdaa172@group-82F2C342C520: changes role from CANDIDATE to LEADER at term 1 for changeToLeader
2019-09-26 15:13:46,736 [b3e939fd-eb36-468b-9efe-5d0a1fdaa172@group-B602AE1BC508:LeaderElection302] INFO  impl.RaftServerImpl (RaftServerImpl.java:setRole(174)) - b3e939fd-eb36-468b-9efe-5d0a1fdaa172@group-B602AE1BC508: changes role from CANDIDATE to LEADER at term 1 for changeToLeader
2019-09-26 15:13:46,736 [b3e939fd-eb36-468b-9efe-5d0a1fdaa172@group-A909352B10E1:LeaderElection301] INFO  impl.RaftServerImpl (RaftServerImpl.java:setRole(174)) - b3e939fd-eb36-468b-9efe-5d0a1fdaa172@group-A909352B10E1: changes role from CANDIDATE to LEADER at term 1 for changeToLeader
2019-09-26 15:13:46,736 [b3e939fd-eb36-468b-9efe-5d0a1fdaa172@group-71A36764AA64:LeaderElection300] INFO  impl.RaftServerImpl (RaftServerImpl.java:setRole(174)) - b3e939fd-eb36-468b-9efe-5d0a1fdaa172@group-71A36764AA64: changes role from CANDIDATE to LEADER at term 1 for changeToLeader
2019-09-26 15:13:46,736 [b3e939fd-eb36-468b-9efe-5d0a1fdaa172@group-F2FE42403F49-SegmentedRaftLogWorker] INFO  util.JmxRegister (JmxRegister.java:unregister(73)) - Successfully un-registered JMX Bean with object name Ratis:service=RaftServer,group=group-F2FE42403F49,id=b3e939fd-eb36-468b-9efe-5d0a1fdaa172
2019-09-26 15:13:46,736 [b3e939fd-eb36-468b-9efe-5d0a1fdaa172@group-25745E01B0BD:LeaderElection305] INFO  impl.RaftServerImpl (RaftServerImpl.java:setRole(174)) - b3e939fd-eb36-468b-9efe-5d0a1fdaa172@group-25745E01B0BD: changes role from CANDIDATE to LEADER at term 1 for changeToLeader
2019-09-26 15:13:46,736 [b3e939fd-eb36-468b-9efe-5d0a1fdaa172@group-28A0353D16EE-SegmentedRaftLogWorker] INFO  impl.RoleInfo (RoleInfo.java:shutdownLeaderState(104)) - b3e939fd-eb36-468b-9efe-5d0a1fdaa172: shutdown LeaderState
2019-09-26 15:13:46,735 [b3e939fd-eb36-468b-9efe-5d0a1fdaa172@group-D363040DAF31:LeaderElection315] INFO  impl.RaftServerImpl (RaftServerImpl.java:setRole(174)) - b3e939fd-eb36-468b-9efe-5d0a1fdaa172@group-D363040DAF31: changes role from CANDIDATE to LEADER at term 1 for changeToLeader
2019-09-26 15:13:46,739 [b3e939fd-eb36-468b-9efe-5d0a1fdaa172@group-D363040DAF31:LeaderElection315] INFO  impl.RaftServerImpl (ServerState.java:setLeader(253)) - b3e939fd-eb36-468b-9efe-5d0a1fdaa172@group-D363040DAF31: change Leader from null to b3e939fd-eb36-468b-9efe-5d0a1fdaa172 at term 1 for becomeLeader, leader elected after 15649ms
2019-09-26 15:13:46,735 [b3e939fd-eb36-468b-9efe-5d0a1fdaa172@group-302304666DE6:LeaderElection306] INFO  impl.RaftServerImpl (RaftServerImpl.java:setRole(174)) - b3e939fd-eb36-468b-9efe-5d0a1fdaa172@group-302304666DE6: changes role from CANDIDATE to LEADER at term 1 for changeToLeader
2019-09-26 15:13:46,735 [b3e939fd-eb36-468b-9efe-5d0a1fdaa172@group-CA0F44176545:LeaderElection296] INFO  impl.RaftServerImpl (RaftServerImpl.java:setRole(174)) - b3e939fd-eb36-468b-9efe-5d0a1fdaa172@group-CA0F44176545: changes role from CANDIDATE to LEADER at term 1 for changeToLeader
2019-09-26 15:13:46,739 [b3e939fd-eb36-468b-9efe-5d0a1fdaa172@group-D363040DAF31:LeaderElection315] INFO  server.RaftServerConfigKeys (ConfUtils.java:logGet(43)) - raft.server.staging.catchup.gap = 1000 (default)
2019-09-26 15:13:46,735 [b3e939fd-eb36-468b-9efe-5d0a1fdaa172@group-3BF504006062:LeaderElection295] INFO  impl.RaftServerImpl (RaftServerImpl.java:setRole(174)) - b3e939fd-eb36-468b-9efe-5d0a1fdaa172@group-3BF504006062: changes role from CANDIDATE to LEADER at term 1 for changeToLeader
2019-09-26 15:13:46,735 [b3e939fd-eb36-468b-9efe-5d0a1fdaa172@group-711EE27C9E35:LeaderElection303] INFO  impl.RaftServerImpl (RaftServerImpl.java:setRole(174)) - b3e939fd-eb36-468b-9efe-5d0a1fdaa172@group-711EE27C9E35: changes role from CANDIDATE to LEADER at term 1 for changeToLeader
2019-09-26 15:13:46,740 [b3e939fd-eb36-468b-9efe-5d0a1fdaa172@group-711EE27C9E35:LeaderElection303] INFO  impl.RaftServerImpl (ServerState.java:setLeader(253)) - b3e939fd-eb36-468b-9efe-5d0a1fdaa172@group-711EE27C9E35: change Leader from null to b3e939fd-eb36-468b-9efe-5d0a1fdaa172 at term 1 for becomeLeader, leader elected after 14990ms
2019-09-26 15:13:46,735 [b3e939fd-eb36-468b-9efe-5d0a1fdaa172@group-92F7CC5958C9:LeaderElection276] INFO  server.RaftServerConfigKeys (ConfUtils.java:logGet(43)) - raft.server.staging.catchup.gap = 1000 (default)
2019-09-26 15:13:46,735 [b3e939fd-eb36-468b-9efe-5d0a1fdaa172@group-ECF09D41D404:LeaderElection278] INFO  impl.RaftServerImpl (ServerState.java:setLeader(253)) - b3e939fd-eb36-468b-9efe-5d0a1fdaa172@group-ECF09D41D404: change Leader from null to b3e939fd-eb36-468b-9efe-5d0a1fdaa172 at term 1 for becomeLeader, leader elected after 15434ms
2019-09-26 15:13:46,735 [b3e939fd-eb36-468b-9efe-5d0a1fdaa172@group-74515BDB2857:LeaderElection277] INFO  impl.RaftServerImpl (ServerState.java:setLeader(253)) - b3e939fd-eb36-468b-9efe-5d0a1fdaa172@group-74515BDB2857: change Leader from null to b3e939fd-eb36-468b-9efe-5d0a1fdaa172 at term 1 for becomeLeader, leader elected after 16351ms
2019-09-26 15:13:46,734 [b3e939fd-eb36-468b-9efe-5d0a1fdaa172@group-4E868D6FA5B9:LeaderElection249] INFO  segmented.SegmentedRaftLogWorker (SegmentedRaftLogWorker.java:startLogSegment(380)) - b3e939fd-eb36-468b-9efe-5d0a1fdaa172@group-4E868D6FA5B9-SegmentedRaftLogWorker: Starting segment from index:0
2019-09-26 15:13:46,734 [b3e939fd-eb36-468b-9efe-5d0a1fdaa172@group-1A5718D16976-SegmentedRaftLogWorker] INFO  impl.StateMachineUpdater (StateMachineUpdater.java:stopAndJoin(125)) - b3e939fd-eb36-468b-9efe-5d0a1fdaa172@group-1A5718D16976-StateMachineUpdater: set stopIndex = -1
2019-09-26 15:13:46,734 [b3e939fd-eb36-468b-9efe-5d0a1fdaa172@group-F11DE81BFF74:LeaderElection283] INFO  impl.RoleInfo (RoleInfo.java:shutdownLeaderElection(134)) - b3e939fd-eb36-468b-9efe-5d0a1fdaa172: shutdown LeaderElection
2019-09-26 15:13:46,734 [b3e939fd-eb36-468b-9efe-5d0a1fdaa172@group-F3ED5FA15865:LeaderElection284] INFO  impl.RoleInfo (RoleInfo.java:shutdownLeaderElection(134)) - b3e939fd-eb36-468b-9efe-5d0a1fdaa172: shutdown LeaderElection
2019-09-26 15:13:46,734 [b3e939fd-eb36-468b-9efe-5d0a1fdaa172@group-8510E27DA55F:LeaderElection289] INFO  impl.RoleInfo (RoleInfo.java:shutdownLeaderElection(134)) - b3e939fd-eb36-468b-9efe-5d0a1fdaa172: shutdown LeaderElection
2019-09-26 15:13:46,734 [b3e939fd-eb36-468b-9efe-5d0a1fdaa172@group-05F1D5DB38B1:LeaderElection279] INFO  impl.RoleInfo (RoleInfo.java:shutdownLeaderElection(134)) - b3e939fd-eb36-468b-9efe-5d0a1fdaa172: shutdown LeaderElection
2019-09-26 15:13:46,740 [b3e939fd-eb36-468b-9efe-5d0a1fdaa172@group-05F1D5DB38B1:LeaderElection279] INFO  impl.RaftServerImpl (RaftServerImpl.java:setRole(174)) - b3e939fd-eb36-468b-9efe-5d0a1fdaa172@group-05F1D5DB38B1: changes role from CANDIDATE to LEADER at term 1 for changeToLeader
2019-09-26 15:13:46,734 [b3e939fd-eb36-468b-9efe-5d0a1fdaa172@group-1B7B953A35B5:LeaderElection281] INFO  impl.RoleInfo (RoleInfo.java:shutdownLeaderElection(134)) - b3e939fd-eb36-468b-9efe-5d0a1fdaa172: shutdown LeaderElection
2019-09-26 15:13:46,733 [b3e939fd-eb36-468b-9efe-5d0a1fdaa172@group-EEC0B09CDA31:LeaderElection280] INFO  impl.RoleInfo (RoleInfo.java:shutdownLeaderElection(134)) - b3e939fd-eb36-468b-9efe-5d0a1fdaa172: shutdown LeaderElection
2019-09-26 15:13:46,733 [b3e939fd-eb36-468b-9efe-5d0a1fdaa172@group-7ED9DECB8A6B:LeaderElection288] INFO  impl.RoleInfo (RoleInfo.java:shutdownLeaderElection(134)) - b3e939fd-eb36-468b-9efe-5d0a1fdaa172: shutdown LeaderElection
2019-09-26 15:13:46,733 [b3e939fd-eb36-468b-9efe-5d0a1fdaa172@group-1BDA4246E368:LeaderElection286] INFO  impl.RoleInfo (RoleInfo.java:shutdownLeaderElection(134)) - b3e939fd-eb36-468b-9efe-5d0a1fdaa172: shutdown LeaderElection
2019-09-26 15:13:46,741 [b3e939fd-eb36-468b-9efe-5d0a1fdaa172@group-1BDA4246E368:LeaderElection286] INFO  impl.RaftServerImpl (RaftServerImpl.java:setRole(174)) - b3e939fd-eb36-468b-9efe-5d0a1fdaa172@group-1BDA4246E368: changes role from CANDIDATE to LEADER at term 1 for changeToLeader
2019-09-26 15:13:46,733 [b3e939fd-eb36-468b-9efe-5d0a1fdaa172@group-F4FE86D2BCDD:LeaderElection285] INFO  impl.RoleInfo (RoleInfo.java:shutdownLeaderElection(134)) - b3e939fd-eb36-468b-9efe-5d0a1fdaa172: shutdown LeaderElection
2019-09-26 15:13:46,733 [b3e939fd-eb36-468b-9efe-5d0a1fdaa172@group-752F8CC2B31E:LeaderElection287] INFO  impl.RoleInfo (RoleInfo.java:shutdownLeaderElection(134)) - b3e939fd-eb36-468b-9efe-5d0a1fdaa172: shutdown LeaderElection
2019-09-26 15:13:46,733 [b3e939fd-eb36-468b-9efe-5d0a1fdaa172@group-84DF8E7A77E0:LeaderElection282] INFO  impl.RoleInfo (RoleInfo.java:shutdownLeaderElection(134)) - b3e939fd-eb36-468b-9efe-5d0a1fdaa172: shutdown LeaderElection
2019-09-26 15:13:46,733 [b3e939fd-eb36-468b-9efe-5d0a1fdaa172@group-8292B21D7178:LeaderElection309] INFO  impl.RaftServerImpl (RaftServerImpl.java:setRole(174)) - b3e939fd-eb36-468b-9efe-5d0a1fdaa172@group-8292B21D7178: changes role from CANDIDATE to LEADER at term 1 for changeToLeader
2019-09-26 15:13:46,741 [b3e939fd-eb36-468b-9efe-5d0a1fdaa172@group-8292B21D7178:LeaderElection309] INFO  impl.RaftServerImpl (ServerState.java:setLeader(253)) - b3e939fd-eb36-468b-9efe-5d0a1fdaa172@group-8292B21D7178: change Leader from null to b3e939fd-eb36-468b-9efe-5d0a1fdaa172 at term 1 for becomeLeader, leader elected after 15959ms
2019-09-26 15:13:46,733 [b3e939fd-eb36-468b-9efe-5d0a1fdaa172@group-9591EA67C8C0:LeaderElection308] INFO  impl.RaftServerImpl (RaftServerImpl.java:setRole(174)) - b3e939fd-eb36-468b-9efe-5d0a1fdaa172@group-9591EA67C8C0: changes role from CANDIDATE to LEADER at term 1 for changeToLeader
2019-09-26 15:13:46,733 [b3e939fd-eb36-468b-9efe-5d0a1fdaa172@group-659098C9AEA4:LeaderElection310] INFO  server.RaftServerConfigKeys (ConfUtils.java:logGet(43)) - raft.server.staging.catchup.gap = 1000 (default)
2019-09-26 15:13:46,741 [b3e939fd-eb36-468b-9efe-5d0a1fdaa172@group-659098C9AEA4:LeaderElection310] INFO  server.RaftServerConfigKeys (ConfUtils.java:logGet(43)) - raft.server.rpc.sleep.time = 25ms (default)
2019-09-26 15:13:46,732 [b3e939fd-eb36-468b-9efe-5d0a1fdaa172@group-74AE591B69F2:LeaderElection311] INFO  impl.RaftServerImpl (RaftServerImpl.java:setRole(174)) - b3e939fd-eb36-468b-9efe-5d0a1fdaa172@group-74AE591B69F2: changes role from CANDIDATE to LEADER at term 1 for changeToLeader
2019-09-26 15:13:46,741 [b3e939fd-eb36-468b-9efe-5d0a1fdaa172@group-74AE591B69F2:LeaderElection311] INFO  impl.RaftServerImpl (ServerState.java:setLeader(253)) - b3e939fd-eb36-468b-9efe-5d0a1fdaa172@group-74AE591B69F2: change Leader from null to b3e939fd-eb36-468b-9efe-5d0a1fdaa172 at term 1 for becomeLeader, leader elected after 15131ms
2019-09-26 15:13:46,742 [b3e939fd-eb36-468b-9efe-5d0a1fdaa172@group-74AE591B69F2:LeaderElection311] INFO  server.RaftServerConfigKeys (ConfUtils.java:logGet(43)) - raft.server.staging.catchup.gap = 1000 (default)
2019-09-26 15:13:46,732 [b3e939fd-eb36-468b-9efe-5d0a1fdaa172@group-6AE5FF705F7D:LeaderElection266] INFO  impl.RaftServerImpl (RaftServerImpl.java:setRole(174)) - b3e939fd-eb36-468b-9efe-5d0a1fdaa172@group-6AE5FF705F7D: changes role from CANDIDATE to LEADER at term 1 for changeToLeader
2019-09-26 15:13:46,742 [b3e939fd-eb36-468b-9efe-5d0a1fdaa172@group-6AE5FF705F7D:LeaderElection266] INFO  impl.RaftServerImpl (ServerState.java:setLeader(253)) - b3e939fd-eb36-468b-9efe-5d0a1fdaa172@group-6AE5FF705F7D: change Leader from null to b3e939fd-eb36-468b-9efe-5d0a1fdaa172 at term 1 for becomeLeader, leader elected after 16259ms
2019-09-26 15:13:46,732 [b3e939fd-eb36-468b-9efe-5d0a1fdaa172@group-C7BB781426AF:LeaderElection267] INFO  impl.RaftServerImpl (RaftServerImpl.java:setRole(174)) - b3e939fd-eb36-468b-9efe-5d0a1fdaa172@group-C7BB781426AF: changes role from CANDIDATE to LEADER at term 1 for changeToLeader
2019-09-26 15:13:46,732 [b3e939fd-eb36-468b-9efe-5d0a1fdaa172@group-5C744E83DB9A:LeaderElection256] INFO  segmented.SegmentedRaftLogWorker (SegmentedRaftLogWorker.java:startLogSegment(380)) - b3e939fd-eb36-468b-9efe-5d0a1fdaa172@group-5C744E83DB9A-SegmentedRaftLogWorker: Starting segment from index:0
2019-09-26 15:13:46,732 [b3e939fd-eb36-468b-9efe-5d0a1fdaa172@group-B87D49FAC1EB:LeaderElection265] INFO  server.RaftServerConfigKeys (ConfUtils.java:logGet(43)) - raft.server.staging.catchup.gap = 1000 (default)
2019-09-26 15:13:46,731 [b3e939fd-eb36-468b-9efe-5d0a1fdaa172@group-F5BF1B3E3E4A:LeaderElection248] INFO  segmented.SegmentedRaftLogWorker (SegmentedRaftLogWorker.java:startLogSegment(380)) - b3e939fd-eb36-468b-9efe-5d0a1fdaa172@group-F5BF1B3E3E4A-SegmentedRaftLogWorker: Starting segment from index:0
2019-09-26 15:13:46,742 [b3e939fd-eb36-468b-9efe-5d0a1fdaa172@group-1A6945A2EB5D:LeaderElection312] INFO  impl.LeaderElection (LeaderElection.java:askForVotes(182)) - b3e939fd-eb36-468b-9efe-5d0a1fdaa172@group-1A6945A2EB5D:LeaderElection312: begin an election at term 1 for -1: [b3e939fd-eb36-468b-9efe-5d0a1fdaa172:192.168.151.99:45433], old=null
2019-09-26 15:13:46,731 [b3e939fd-eb36-468b-9efe-5d0a1fdaa172@group-68CC56D33CDB:LeaderElection268] INFO  impl.RaftServerImpl (RaftServerImpl.java:setRole(174)) - b3e939fd-eb36-468b-9efe-5d0a1fdaa172@group-68CC56D33CDB: changes role from CANDIDATE to LEADER at term 1 for changeToLeader
2019-09-26 15:13:46,731 [b3e939fd-eb36-468b-9efe-5d0a1fdaa172@group-54B73EABA4F1:LeaderElection261] INFO  segmented.SegmentedRaftLogWorker (SegmentedRaftLogWorker.java:startLogSegment(380)) - b3e939fd-eb36-468b-9efe-5d0a1fdaa172@group-54B73EABA4F1-SegmentedRaftLogWorker: Starting segment from index:0
2019-09-26 15:13:46,731 [b3e939fd-eb36-468b-9efe-5d0a1fdaa172@group-DF5FBD1E9085:LeaderElection260] INFO  segmented.SegmentedRaftLogWorker (SegmentedRaftLogWorker.java:startLogSegment(380)) - b3e939fd-eb36-468b-9efe-5d0a1fdaa172@group-DF5FBD1E9085-SegmentedRaftLogWorker: Starting segment from index:0
2019-09-26 15:13:46,731 [b3e939fd-eb36-468b-9efe-5d0a1fdaa172@group-5A4780976490:LeaderElection259] INFO  segmented.SegmentedRaftLogWorker (SegmentedRaftLogWorker.java:startLogSegment(380)) - b3e939fd-eb36-468b-9efe-5d0a1fdaa172@group-5A4780976490-SegmentedRaftLogWorker: Starting segment from index:0
2019-09-26 15:13:46,730 [b3e939fd-eb36-468b-9efe-5d0a1fdaa172@group-CD5FC8CEC3A3:LeaderElection293] INFO  impl.RaftServerImpl (ServerState.java:setLeader(253)) - b3e939fd-eb36-468b-9efe-5d0a1fdaa172@group-CD5FC8CEC3A3: change Leader from null to b3e939fd-eb36-468b-9efe-5d0a1fdaa172 at term 1 for becomeLeader, leader elected after 16010ms
2019-09-26 15:13:46,730 [b3e939fd-eb36-468b-9efe-5d0a1fdaa172@group-0531D8DEB565:LeaderElection270] INFO  impl.RaftServerImpl (ServerState.java:setLeader(253)) - b3e939fd-eb36-468b-9efe-5d0a1fdaa172@group-0531D8DEB565: change Leader from null to b3e939fd-eb36-468b-9efe-5d0a1fdaa172 at term 1 for becomeLeader, leader elected after 16160ms
2019-09-26 15:13:46,730 [b3e939fd-eb36-468b-9efe-5d0a1fdaa172@group-84E520E4AB54:LeaderElection271] INFO  impl.RaftServerImpl (ServerState.java:setLeader(253)) - b3e939fd-eb36-468b-9efe-5d0a1fdaa172@group-84E520E4AB54: change Leader from null to b3e939fd-eb36-468b-9efe-5d0a1fdaa172 at term 1 for becomeLeader, leader elected after 14891ms
2019-09-26 15:13:46,558 [b3e939fd-eb36-468b-9efe-5d0a1fdaa172@group-439DC12DB850:LeaderElection272] INFO  server.RaftServerConfigKeys (ConfUtils.java:logGet(43)) - raft.server.staging.catchup.gap = 1000 (default)
2019-09-26 15:13:46,557 [b3e939fd-eb36-468b-9efe-5d0a1fdaa172@group-7BA823644DD2:LeaderElection314] INFO  impl.LeaderElection (LeaderElection.java:askForVotes(182)) - b3e939fd-eb36-468b-9efe-5d0a1fdaa172@group-7BA823644DD2:LeaderElection314: begin an election at term 1 for -1: [b3e939fd-eb36-468b-9efe-5d0a1fdaa172:192.168.151.99:45433], old=null
2019-09-26 15:13:46,743 [b3e939fd-eb36-468b-9efe-5d0a1fdaa172@group-7BA823644DD2:LeaderElection314] INFO  impl.RoleInfo (RoleInfo.java:shutdownLeaderElection(134)) - b3e939fd-eb36-468b-9efe-5d0a1fdaa172: shutdown LeaderElection
2019-09-26 15:13:46,557 [b3e939fd-eb36-468b-9efe-5d0a1fdaa172@group-B6785E685516:LeaderElection313] INFO  impl.LeaderElection (LeaderElection.java:askForVotes(182)) - b3e939fd-eb36-468b-9efe-5d0a1fdaa172@group-B6785E685516:LeaderElection313: begin an election at term 1 for -1: [b3e939fd-eb36-468b-9efe-5d0a1fdaa172:192.168.151.99:45433], old=null
2019-09-26 15:13:46,557 [b3e939fd-eb36-468b-9efe-5d0a1fdaa172@group-5C693F90868A:LeaderElection290] INFO  impl.LeaderElection (LeaderElection.java:askForVotes(182)) - b3e939fd-eb36-468b-9efe-5d0a1fdaa172@group-5C693F90868A:LeaderElection290: begin an election at term 1 for -1: [b3e939fd-eb36-468b-9efe-5d0a1fdaa172:192.168.151.99:45433], old=null
2019-09-26 15:13:46,554 [b3e939fd-eb36-468b-9efe-5d0a1fdaa172@group-B2026959841C-SegmentedRaftLogWorker] ERROR segmented.SegmentedRaftLogWorker (SegmentedRaftLogWorker.java:run(323)) - b3e939fd-eb36-468b-9efe-5d0a1fdaa172@group-B2026959841C-SegmentedRaftLogWorker hit exception
java.lang.OutOfMemoryError: Direct buffer memory
	at java.nio.Bits.reserveMemory(Bits.java:666)
	at java.nio.DirectByteBuffer.<init>(DirectByteBuffer.java:123)
	at java.nio.ByteBuffer.allocateDirect(ByteBuffer.java:311)
	at org.apache.ratis.server.raftlog.segmented.BufferedWriteChannel.<init>(BufferedWriteChannel.java:41)
	at org.apache.ratis.server.raftlog.segmented.SegmentedRaftLogOutputStream.<init>(SegmentedRaftLogOutputStream.java:72)
	at org.apache.ratis.server.raftlog.segmented.SegmentedRaftLogWorker$StartLogSegment.execute(SegmentedRaftLogWorker.java:566)
	at org.apache.ratis.server.raftlog.segmented.SegmentedRaftLogWorker.run(SegmentedRaftLogWorker.java:289)
	at java.lang.Thread.run(Thread.java:748)
2019-09-26 15:13:46,744 [b3e939fd-eb36-468b-9efe-5d0a1fdaa172@group-B2026959841C-SegmentedRaftLogWorker] INFO  impl.RaftServerImpl (RaftServerImpl.java:lambda$shutdown$3(251)) - b3e939fd-eb36-468b-9efe-5d0a1fdaa172@group-B2026959841C: shutdown
2019-09-26 15:13:46,554 [b3e939fd-eb36-468b-9efe-5d0a1fdaa172@group-F26566D6F0FB-SegmentedRaftLogWorker] ERROR segmented.SegmentedRaftLogWorker (SegmentedRaftLogWorker.java:run(323)) - b3e939fd-eb36-468b-9efe-5d0a1fdaa172@group-F26566D6F0FB-SegmentedRaftLogWorker hit exception
java.lang.OutOfMemoryError: Direct buffer memory
	at java.nio.Bits.reserveMemory(Bits.java:666)
	at java.nio.DirectByteBuffer.<init>(DirectByteBuffer.java:123)
	at java.nio.ByteBuffer.allocateDirect(ByteBuffer.java:311)
	at org.apache.ratis.server.raftlog.segmented.BufferedWriteChannel.<init>(BufferedWriteChannel.java:41)
	at org.apache.ratis.server.raftlog.segmented.SegmentedRaftLogOutputStream.<init>(SegmentedRaftLogOutputStream.java:72)
	at org.apache.ratis.server.raftlog.segmented.SegmentedRaftLogWorker$StartLogSegment.execute(SegmentedRaftLogWorker.java:566)
	at org.apache.ratis.server.raftlog.segmented.SegmentedRaftLogWorker.run(SegmentedRaftLogWorker.java:289)
	at java.lang.Thread.run(Thread.java:748)
2019-09-26 15:13:45,922 [b3e939fd-eb36-468b-9efe-5d0a1fdaa172@group-9F10B5770DAC:LeaderElection216] INFO  impl.RaftServerImpl (ServerState.java:setRaftConf(354)) - b3e939fd-eb36-468b-9efe-5d0a1fdaa172@group-9F10B5770DAC: set configuration 0: [b3e939fd-eb36-468b-9efe-5d0a1fdaa172:192.168.151.99:45433], old=null at 0
2019-09-26 15:13:45,922 [b3e939fd-eb36-468b-9efe-5d0a1fdaa172@group-ECC1AF727233-SegmentedRaftLogWorker] INFO  impl.PendingRequests (PendingRequests.java:sendNotLeaderResponses(202)) - b3e939fd-eb36-468b-9efe-5d0a1fdaa172-PendingRequests: sendNotLeaderResponses
2019-09-26 15:13:45,921 [b3e939fd-eb36-468b-9efe-5d0a1fdaa172@group-7F7680AB9573:LeaderElection269] INFO  impl.RaftServerImpl (ServerState.java:setLeader(253)) - b3e939fd-eb36-468b-9efe-5d0a1fdaa172@group-7F7680AB9573: change Leader from null to b3e939fd-eb36-468b-9efe-5d0a1fdaa172 at term 1 for becomeLeader, leader elected after 15653ms
2019-09-26 15:13:45,921 [b3e939fd-eb36-468b-9efe-5d0a1fdaa172@group-D78821ACB67A:LeaderElection275] INFO  server.RaftServerConfigKeys (ConfUtils.java:logGet(43)) - raft.server.watch.timeout = 10s (default)
2019-09-26 15:13:45,921 [b3e939fd-eb36-468b-9efe-5d0a1fdaa172@group-ED5485EA5ACD:LeaderElection273] INFO  server.RaftServerConfigKeys (ConfUtils.java:logGet(43)) - raft.server.staging.catchup.gap = 1000 (default)
2019-09-26 15:13:46,744 [b3e939fd-eb36-468b-9efe-5d0a1fdaa172@group-7F7680AB9573:LeaderElection269] INFO  server.RaftServerConfigKeys (ConfUtils.java:logGet(43)) - raft.server.staging.catchup.gap = 1000 (default)
2019-09-26 15:13:45,921 [b3e939fd-eb36-468b-9efe-5d0a1fdaa172@group-A2BD7EF985B3:LeaderElection274] INFO  server.RaftServerConfigKeys (ConfUtils.java:logGet(43)) - raft.server.staging.catchup.gap = 1000 (default)
2019-09-26 15:13:45,921 [b3e939fd-eb36-468b-9efe-5d0a1fdaa172@group-D5D0A30B4DC8:LeaderElection292] INFO  segmented.SegmentedRaftLogWorker (SegmentedRaftLogWorker.java:startLogSegment(380)) - b3e939fd-eb36-468b-9efe-5d0a1fdaa172@group-D5D0A30B4DC8-SegmentedRaftLogWorker: Starting segment from index:0
2019-09-26 15:13:45,921 [b3e939fd-eb36-468b-9efe-5d0a1fdaa172@group-4295C4227654:LeaderElection263] INFO  server.RaftServerConfigKeys (ConfUtils.java:logGet(43)) - raft.server.staging.catchup.gap = 1000 (default)
2019-09-26 15:13:45,921 [b3e939fd-eb36-468b-9efe-5d0a1fdaa172@group-82208FB82218:LeaderElection264] INFO  server.RaftServerConfigKeys (ConfUtils.java:logGet(43)) - raft.server.rpc.sleep.time = 25ms (default)
2019-09-26 15:13:45,921 [b3e939fd-eb36-468b-9efe-5d0a1fdaa172@group-E77F7695A491-SegmentedRaftLogWorker] INFO  segmented.SegmentedRaftLogWorker (SegmentedRaftLogWorker.java:close(228)) - b3e939fd-eb36-468b-9efe-5d0a1fdaa172@group-E77F7695A491-SegmentedRaftLogWorker close()
2019-09-26 15:13:45,921 [b3e939fd-eb36-468b-9efe-5d0a1fdaa172@group-7EAC044EFCFC-SegmentedRaftLogWorker] INFO  util.JmxRegister (JmxRegister.java:unregister(73)) - Successfully un-registered JMX Bean with object name Ratis:service=RaftServer,group=group-7EAC044EFCFC,id=b3e939fd-eb36-468b-9efe-5d0a1fdaa172
2019-09-26 15:13:45,920 [b3e939fd-eb36-468b-9efe-5d0a1fdaa172@group-E65C91CFD05F-SegmentedRaftLogWorker] INFO  impl.RaftServerImpl (RaftServerImpl.java:lambda$shutdown$3(251)) - b3e939fd-eb36-468b-9efe-5d0a1fdaa172@group-E65C91CFD05F: shutdown
2019-09-26 15:13:46,745 [b3e939fd-eb36-468b-9efe-5d0a1fdaa172@group-7EAC044EFCFC-SegmentedRaftLogWorker] INFO  impl.RoleInfo (RoleInfo.java:shutdownLeaderState(104)) - b3e939fd-eb36-468b-9efe-5d0a1fdaa172: shutdown LeaderState
2019-09-26 15:13:46,745 [b3e939fd-eb36-468b-9efe-5d0a1fdaa172@group-4295C4227654:LeaderElection263] INFO  server.RaftServerConfigKeys (ConfUtils.java:logGet(43)) - raft.server.rpc.sleep.time = 25ms (default)
2019-09-26 15:13:46,745 [b3e939fd-eb36-468b-9efe-5d0a1fdaa172@group-A2BD7EF985B3:LeaderElection274] INFO  server.RaftServerConfigKeys (ConfUtils.java:logGet(43)) - raft.server.rpc.sleep.time = 25ms (default)
2019-09-26 15:13:46,744 [b3e939fd-eb36-468b-9efe-5d0a1fdaa172@group-7F7680AB9573:LeaderElection269] INFO  server.RaftServerConfigKeys (ConfUtils.java:logGet(43)) - raft.server.rpc.sleep.time = 25ms (default)
2019-09-26 15:13:46,744 [b3e939fd-eb36-468b-9efe-5d0a1fdaa172@group-ED5485EA5ACD:LeaderElection273] INFO  server.RaftServerConfigKeys (ConfUtils.java:logGet(43)) - raft.server.rpc.sleep.time = 25ms (default)
2019-09-26 15:13:46,744 [b3e939fd-eb36-468b-9efe-5d0a1fdaa172@group-D78821ACB67A:LeaderElection275] INFO  server.RaftServerConfigKeys (ConfUtils.java:logGet(43)) - raft.server.watch.timeout.denomination = 1s (default)
2019-09-26 15:13:46,744 [b3e939fd-eb36-468b-9efe-5d0a1fdaa172@group-ECC1AF727233-SegmentedRaftLogWorker] INFO  impl.StateMachineUpdater (StateMachineUpdater.java:stopAndJoin(125)) - b3e939fd-eb36-468b-9efe-5d0a1fdaa172@group-ECC1AF727233-StateMachineUpdater: set stopIndex = -1
2019-09-26 15:13:46,744 [b3e939fd-eb36-468b-9efe-5d0a1fdaa172@group-F26566D6F0FB-SegmentedRaftLogWorker] INFO  impl.RaftServerImpl (RaftServerImpl.java:lambda$shutdown$3(251)) - b3e939fd-eb36-468b-9efe-5d0a1fdaa172@group-F26566D6F0FB: shutdown
2019-09-26 15:13:46,744 [b3e939fd-eb36-468b-9efe-5d0a1fdaa172@group-B2026959841C-SegmentedRaftLogWorker] INFO  util.JmxRegister (JmxRegister.java:unregister(73)) - Successfully un-registered JMX Bean with object name Ratis:service=RaftServer,group=group-B2026959841C,id=b3e939fd-eb36-468b-9efe-5d0a1fdaa172
2019-09-26 15:13:46,743 [b3e939fd-eb36-468b-9efe-5d0a1fdaa172@group-5C693F90868A:LeaderElection290] INFO  impl.RoleInfo (RoleInfo.java:shutdownLeaderElection(134)) - b3e939fd-eb36-468b-9efe-5d0a1fdaa172: shutdown LeaderElection
2019-09-26 15:13:46,743 [b3e939fd-eb36-468b-9efe-5d0a1fdaa172@group-B6785E685516:LeaderElection313] INFO  impl.RoleInfo (RoleInfo.java:shutdownLeaderElection(134)) - b3e939fd-eb36-468b-9efe-5d0a1fdaa172: shutdown LeaderElection
2019-09-26 15:13:46,743 [b3e939fd-eb36-468b-9efe-5d0a1fdaa172@group-7BA823644DD2:LeaderElection314] INFO  impl.RaftServerImpl (RaftServerImpl.java:setRole(174)) - b3e939fd-eb36-468b-9efe-5d0a1fdaa172@group-7BA823644DD2: changes role from CANDIDATE to LEADER at term 1 for changeToLeader
2019-09-26 15:13:46,743 [b3e939fd-eb36-468b-9efe-5d0a1fdaa172@group-439DC12DB850:LeaderElection272] INFO  server.RaftServerConfigKeys (ConfUtils.java:logGet(43)) - raft.server.rpc.sleep.time = 25ms (default)
2019-09-26 15:13:46,743 [b3e939fd-eb36-468b-9efe-5d0a1fdaa172@group-84E520E4AB54:LeaderElection271] INFO  server.RaftServerConfigKeys (ConfUtils.java:logGet(43)) - raft.server.staging.catchup.gap = 1000 (default)
2019-09-26 15:13:46,746 [b3e939fd-eb36-468b-9efe-5d0a1fdaa172@group-84E520E4AB54:LeaderElection271] INFO  server.RaftServerConfigKeys (ConfUtils.java:logGet(43)) - raft.server.rpc.sleep.time = 25ms (default)
2019-09-26 15:13:46,743 [b3e939fd-eb36-468b-9efe-5d0a1fdaa172@group-0531D8DEB565:LeaderElection270] INFO  server.RaftServerConfigKeys (ConfUtils.java:logGet(43)) - raft.server.staging.catchup.gap = 1000 (default)
2019-09-26 15:13:46,747 [b3e939fd-eb36-468b-9efe-5d0a1fdaa172@group-0531D8DEB565:LeaderElection270] INFO  server.RaftServerConfigKeys (ConfUtils.java:logGet(43)) - raft.server.rpc.sleep.time = 25ms (default)
2019-09-26 15:13:46,743 [b3e939fd-eb36-468b-9efe-5d0a1fdaa172@group-CD5FC8CEC3A3:LeaderElection293] INFO  server.RaftServerConfigKeys (ConfUtils.java:logGet(43)) - raft.server.staging.catchup.gap = 1000 (default)
2019-09-26 15:13:46,742 [b3e939fd-eb36-468b-9efe-5d0a1fdaa172@group-68CC56D33CDB:LeaderElection268] INFO  impl.RaftServerImpl (ServerState.java:setLeader(253)) - b3e939fd-eb36-468b-9efe-5d0a1fdaa172@group-68CC56D33CDB: change Leader from null to b3e939fd-eb36-468b-9efe-5d0a1fdaa172 at term 1 for becomeLeader, leader elected after 15720ms
2019-09-26 15:13:46,742 [b3e939fd-eb36-468b-9efe-5d0a1fdaa172@group-1A6945A2EB5D:LeaderElection312] INFO  impl.RoleInfo (RoleInfo.java:shutdownLeaderElection(134)) - b3e939fd-eb36-468b-9efe-5d0a1fdaa172: shutdown LeaderElection
2019-09-26 15:13:46,742 [b3e939fd-eb36-468b-9efe-5d0a1fdaa172@group-B87D49FAC1EB:LeaderElection265] INFO  server.RaftServerConfigKeys (ConfUtils.java:logGet(43)) - raft.server.rpc.sleep.time = 25ms (default)
2019-09-26 15:13:46,742 [b3e939fd-eb36-468b-9efe-5d0a1fdaa172@group-C7BB781426AF:LeaderElection267] INFO  impl.RaftServerImpl (ServerState.java:setLeader(253)) - b3e939fd-eb36-468b-9efe-5d0a1fdaa172@group-C7BB781426AF: change Leader from null to b3e939fd-eb36-468b-9efe-5d0a1fdaa172 at term 1 for becomeLeader, leader elected after 15341ms
2019-09-26 15:13:46,742 [b3e939fd-eb36-468b-9efe-5d0a1fdaa172@group-6AE5FF705F7D:LeaderElection266] INFO  server.RaftServerConfigKeys (ConfUtils.java:logGet(43)) - raft.server.staging.catchup.gap = 1000 (default)
2019-09-26 15:13:46,742 [b3e939fd-eb36-468b-9efe-5d0a1fdaa172@group-74AE591B69F2:LeaderElection311] INFO  server.RaftServerConfigKeys (ConfUtils.java:logGet(43)) - raft.server.rpc.sleep.time = 25ms (default)
2019-09-26 15:13:46,741 [b3e939fd-eb36-468b-9efe-5d0a1fdaa172@group-9591EA67C8C0:LeaderElection308] INFO  impl.RaftServerImpl (ServerState.java:setLeader(253)) - b3e939fd-eb36-468b-9efe-5d0a1fdaa172@group-9591EA67C8C0: change Leader from null to b3e939fd-eb36-468b-9efe-5d0a1fdaa172 at term 1 for becomeLeader, leader elected after 16437ms
2019-09-26 15:13:46,741 [b3e939fd-eb36-468b-9efe-5d0a1fdaa172@group-8292B21D7178:LeaderElection309] INFO  server.RaftServerConfigKeys (ConfUtils.java:logGet(43)) - raft.server.staging.catchup.gap = 1000 (default)
2019-09-26 15:13:46,747 [b3e939fd-eb36-468b-9efe-5d0a1fdaa172@group-8292B21D7178:LeaderElection309] INFO  server.RaftServerConfigKeys (ConfUtils.java:logGet(43)) - raft.server.rpc.sleep.time = 25ms (default)
2019-09-26 15:13:46,741 [b3e939fd-eb36-468b-9efe-5d0a1fdaa172@group-84DF8E7A77E0:LeaderElection282] INFO  impl.RaftServerImpl (RaftServerImpl.java:setRole(174)) - b3e939fd-eb36-468b-9efe-5d0a1fdaa172@group-84DF8E7A77E0: changes role from CANDIDATE to LEADER at term 1 for changeToLeader
2019-09-26 15:13:46,741 [b3e939fd-eb36-468b-9efe-5d0a1fdaa172@group-752F8CC2B31E:LeaderElection287] INFO  impl.RaftServerImpl (RaftServerImpl.java:setRole(174)) - b3e939fd-eb36-468b-9efe-5d0a1fdaa172@group-752F8CC2B31E: changes role from CANDIDATE to LEADER at term 1 for changeToLeader
2019-09-26 15:13:46,748 [b3e939fd-eb36-468b-9efe-5d0a1fdaa172@group-752F8CC2B31E:LeaderElection287] INFO  impl.RaftServerImpl (ServerState.java:setLeader(253)) - b3e939fd-eb36-468b-9efe-5d0a1fdaa172@group-752F8CC2B31E: change Leader from null to b3e939fd-eb36-468b-9efe-5d0a1fdaa172 at term 1 for becomeLeader, leader elected after 15547ms
2019-09-26 15:13:46,741 [b3e939fd-eb36-468b-9efe-5d0a1fdaa172@group-F4FE86D2BCDD:LeaderElection285] INFO  impl.RaftServerImpl (RaftServerImpl.java:setRole(174)) - b3e939fd-eb36-468b-9efe-5d0a1fdaa172@group-F4FE86D2BCDD: changes role from CANDIDATE to LEADER at term 1 for changeToLeader
2019-09-26 15:13:46,748 [b3e939fd-eb36-468b-9efe-5d0a1fdaa172@group-F4FE86D2BCDD:LeaderElection285] INFO  impl.RaftServerImpl (ServerState.java:setLeader(253)) - b3e939fd-eb36-468b-9efe-5d0a1fdaa172@group-F4FE86D2BCDD: change Leader from null to b3e939fd-eb36-468b-9efe-5d0a1fdaa172 at term 1 for becomeLeader, leader elected after 16296ms
2019-09-26 15:13:46,741 [b3e939fd-eb36-468b-9efe-5d0a1fdaa172@group-1BDA4246E368:LeaderElection286] INFO  impl.RaftServerImpl (ServerState.java:setLeader(253)) - b3e939fd-eb36-468b-9efe-5d0a1fdaa172@group-1BDA4246E368: change Leader from null to b3e939fd-eb36-468b-9efe-5d0a1fdaa172 at term 1 for becomeLeader, leader elected after 16377ms
2019-09-26 15:13:46,741 [b3e939fd-eb36-468b-9efe-5d0a1fdaa172@group-7ED9DECB8A6B:LeaderElection288] INFO  impl.RaftServerImpl (RaftServerImpl.java:setRole(174)) - b3e939fd-eb36-468b-9efe-5d0a1fdaa172@group-7ED9DECB8A6B: changes role from CANDIDATE to LEADER at term 1 for changeToLeader
2019-09-26 15:13:46,741 [b3e939fd-eb36-468b-9efe-5d0a1fdaa172@group-EEC0B09CDA31:LeaderElection280] INFO  impl.RaftServerImpl (RaftServerImpl.java:setRole(174)) - b3e939fd-eb36-468b-9efe-5d0a1fdaa172@group-EEC0B09CDA31: changes role from CANDIDATE to LEADER at term 1 for changeToLeader
2019-09-26 15:13:46,748 [b3e939fd-eb36-468b-9efe-5d0a1fdaa172@group-EEC0B09CDA31:LeaderElection280] INFO  impl.RaftServerImpl (ServerState.java:setLeader(253)) - b3e939fd-eb36-468b-9efe-5d0a1fdaa172@group-EEC0B09CDA31: change Leader from null to b3e939fd-eb36-468b-9efe-5d0a1fdaa172 at term 1 for becomeLeader, leader elected after 16401ms
2019-09-26 15:13:46,741 [b3e939fd-eb36-468b-9efe-5d0a1fdaa172@group-1B7B953A35B5:LeaderElection281] INFO  impl.RaftServerImpl (RaftServerImpl.java:setRole(174)) - b3e939fd-eb36-468b-9efe-5d0a1fdaa172@group-1B7B953A35B5: changes role from CANDIDATE to LEADER at term 1 for changeToLeader
2019-09-26 15:13:46,748 [b3e939fd-eb36-468b-9efe-5d0a1fdaa172@group-1B7B953A35B5:LeaderElection281] INFO  impl.RaftServerImpl (ServerState.java:setLeader(253)) - b3e939fd-eb36-468b-9efe-5d0a1fdaa172@group-1B7B953A35B5: change Leader from null to b3e939fd-eb36-468b-9efe-5d0a1fdaa172 at term 1 for becomeLeader, leader elected after 16566ms
2019-09-26 15:13:46,741 [b3e939fd-eb36-468b-9efe-5d0a1fdaa172@group-05F1D5DB38B1:LeaderElection279] INFO  impl.RaftServerImpl (ServerState.java:setLeader(253)) - b3e939fd-eb36-468b-9efe-5d0a1fdaa172@group-05F1D5DB38B1: change Leader from null to b3e939fd-eb36-468b-9efe-5d0a1fdaa172 at term 1 for becomeLeader, leader elected after 15501ms
2019-09-26 15:13:46,740 [b3e939fd-eb36-468b-9efe-5d0a1fdaa172@group-8510E27DA55F:LeaderElection289] INFO  impl.RaftServerImpl (RaftServerImpl.java:setRole(174)) - b3e939fd-eb36-468b-9efe-5d0a1fdaa172@group-8510E27DA55F: changes role from CANDIDATE to LEADER at term 1 for changeToLeader
2019-09-26 15:13:46,740 [b3e939fd-eb36-468b-9efe-5d0a1fdaa172@group-F3ED5FA15865:LeaderElection284] INFO  impl.RaftServerImpl (RaftServerImpl.java:setRole(174)) - b3e939fd-eb36-468b-9efe-5d0a1fdaa172@group-F3ED5FA15865: changes role from CANDIDATE to LEADER at term 1 for changeToLeader
2019-09-26 15:13:46,740 [b3e939fd-eb36-468b-9efe-5d0a1fdaa172@group-F11DE81BFF74:LeaderElection283] INFO  impl.RaftServerImpl (RaftServerImpl.java:setRole(174)) - b3e939fd-eb36-468b-9efe-5d0a1fdaa172@group-F11DE81BFF74: changes role from CANDIDATE to LEADER at term 1 for changeToLeader
2019-09-26 15:13:46,748 [b3e939fd-eb36-468b-9efe-5d0a1fdaa172@group-F11DE81BFF74:LeaderElection283] INFO  impl.RaftServerImpl (ServerState.java:setLeader(253)) - b3e939fd-eb36-468b-9efe-5d0a1fdaa172@group-F11DE81BFF74: change Leader from null to b3e939fd-eb36-468b-9efe-5d0a1fdaa172 at term 1 for becomeLeader, leader elected after 16237ms
2019-09-26 15:13:46,740 [b3e939fd-eb36-468b-9efe-5d0a1fdaa172@group-1A5718D16976-SegmentedRaftLogWorker] INFO  impl.RaftServerImpl (ServerState.java:close(385)) - b3e939fd-eb36-468b-9efe-5d0a1fdaa172@group-1A5718D16976: closes. applyIndex: -1
2019-09-26 15:13:46,740 [b3e939fd-eb36-468b-9efe-5d0a1fdaa172@group-74515BDB2857:LeaderElection277] INFO  server.RaftServerConfigKeys (ConfUtils.java:logGet(43)) - raft.server.staging.catchup.gap = 1000 (default)
2019-09-26 15:13:46,740 [b3e939fd-eb36-468b-9efe-5d0a1fdaa172@group-ECF09D41D404:LeaderElection278] INFO  server.RaftServerConfigKeys (ConfUtils.java:logGet(43)) - raft.server.staging.catchup.gap = 1000 (default)
2019-09-26 15:13:46,740 [b3e939fd-eb36-468b-9efe-5d0a1fdaa172@group-92F7CC5958C9:LeaderElection276] INFO  server.RaftServerConfigKeys (ConfUtils.java:logGet(43)) - raft.server.rpc.sleep.time = 25ms (default)
2019-09-26 15:13:46,740 [b3e939fd-eb36-468b-9efe-5d0a1fdaa172@group-711EE27C9E35:LeaderElection303] INFO  server.RaftServerConfigKeys (ConfUtils.java:logGet(43)) - raft.server.staging.catchup.gap = 1000 (default)
2019-09-26 15:13:46,740 [b3e939fd-eb36-468b-9efe-5d0a1fdaa172@group-3BF504006062:LeaderElection295] INFO  impl.RaftServerImpl (ServerState.java:setLeader(253)) - b3e939fd-eb36-468b-9efe-5d0a1fdaa172@group-3BF504006062: change Leader from null to b3e939fd-eb36-468b-9efe-5d0a1fdaa172 at term 1 for becomeLeader, leader elected after 15889ms
2019-09-26 15:13:46,739 [b3e939fd-eb36-468b-9efe-5d0a1fdaa172@group-D363040DAF31:LeaderElection315] INFO  server.RaftServerConfigKeys (ConfUtils.java:logGet(43)) - raft.server.rpc.sleep.time = 25ms (default)
2019-09-26 15:13:46,739 [b3e939fd-eb36-468b-9efe-5d0a1fdaa172@group-CA0F44176545:LeaderElection296] INFO  impl.RaftServerImpl (ServerState.java:setLeader(253)) - b3e939fd-eb36-468b-9efe-5d0a1fdaa172@group-CA0F44176545: change Leader from null to b3e939fd-eb36-468b-9efe-5d0a1fdaa172 at term 1 for becomeLeader, leader elected after 15246ms
2019-09-26 15:13:46,739 [b3e939fd-eb36-468b-9efe-5d0a1fdaa172@group-302304666DE6:LeaderElection306] INFO  impl.RaftServerImpl (ServerState.java:setLeader(253)) - b3e939fd-eb36-468b-9efe-5d0a1fdaa172@group-302304666DE6: change Leader from null to b3e939fd-eb36-468b-9efe-5d0a1fdaa172 at term 1 for becomeLeader, leader elected after 15599ms
2019-09-26 15:13:46,739 [b3e939fd-eb36-468b-9efe-5d0a1fdaa172@group-28A0353D16EE-SegmentedRaftLogWorker] INFO  impl.PendingRequests (PendingRequests.java:sendNotLeaderResponses(202)) - b3e939fd-eb36-468b-9efe-5d0a1fdaa172-PendingRequests: sendNotLeaderResponses
2019-09-26 15:13:46,739 [b3e939fd-eb36-468b-9efe-5d0a1fdaa172@group-25745E01B0BD:LeaderElection305] INFO  impl.RaftServerImpl (ServerState.java:setLeader(253)) - b3e939fd-eb36-468b-9efe-5d0a1fdaa172@group-25745E01B0BD: change Leader from null to b3e939fd-eb36-468b-9efe-5d0a1fdaa172 at term 1 for becomeLeader, leader elected after 16129ms
2019-09-26 15:13:46,739 [b3e939fd-eb36-468b-9efe-5d0a1fdaa172@group-F2FE42403F49-SegmentedRaftLogWorker] INFO  impl.RoleInfo (RoleInfo.java:shutdownLeaderState(104)) - b3e939fd-eb36-468b-9efe-5d0a1fdaa172: shutdown LeaderState
2019-09-26 15:13:46,739 [b3e939fd-eb36-468b-9efe-5d0a1fdaa172@group-71A36764AA64:LeaderElection300] INFO  impl.RaftServerImpl (ServerState.java:setLeader(253)) - b3e939fd-eb36-468b-9efe-5d0a1fdaa172@group-71A36764AA64: change Leader from null to b3e939fd-eb36-468b-9efe-5d0a1fdaa172 at term 1 for becomeLeader, leader elected after 15167ms
2019-09-26 15:13:46,739 [b3e939fd-eb36-468b-9efe-5d0a1fdaa172@group-A909352B10E1:LeaderElection301] INFO  impl.RaftServerImpl (ServerState.java:setLeader(253)) - b3e939fd-eb36-468b-9efe-5d0a1fdaa172@group-A909352B10E1: change Leader from null to b3e939fd-eb36-468b-9efe-5d0a1fdaa172 at term 1 for becomeLeader, leader elected after 15679ms
2019-09-26 15:13:46,739 [b3e939fd-eb36-468b-9efe-5d0a1fdaa172@group-B602AE1BC508:LeaderElection302] INFO  impl.RaftServerImpl (ServerState.java:setLeader(253)) - b3e939fd-eb36-468b-9efe-5d0a1fdaa172@group-B602AE1BC508: change Leader from null to b3e939fd-eb36-468b-9efe-5d0a1fdaa172 at term 1 for becomeLeader, leader elected after 15632ms
2019-09-26 15:13:46,739 [b3e939fd-eb36-468b-9efe-5d0a1fdaa172@group-82F2C342C520:LeaderElection304] INFO  impl.RaftServerImpl (ServerState.java:setLeader(253)) - b3e939fd-eb36-468b-9efe-5d0a1fdaa172@group-82F2C342C520: change Leader from null to b3e939fd-eb36-468b-9efe-5d0a1fdaa172 at term 1 for becomeLeader, leader elected after 15752ms
2019-09-26 15:13:46,738 [b3e939fd-eb36-468b-9efe-5d0a1fdaa172@group-3A19C25E34FC-SegmentedRaftLogWorker] INFO  impl.PendingRequests (PendingRequests.java:sendNotLeaderResponses(202)) - b3e939fd-eb36-468b-9efe-5d0a1fdaa172-PendingRequests: sendNotLeaderResponses
2019-09-26 15:13:46,738 [b3e939fd-eb36-468b-9efe-5d0a1fdaa172@group-FC0C2CB5B5D7-SegmentedRaftLogWorker] INFO  segmented.SegmentedRaftLogWorker (SegmentedRaftLogWorker.java:close(228)) - b3e939fd-eb36-468b-9efe-5d0a1fdaa172@group-FC0C2CB5B5D7-SegmentedRaftLogWorker close()
2019-09-26 15:13:46,738 [b3e939fd-eb36-468b-9efe-5d0a1fdaa172@group-9E432427BF8B-SegmentedRaftLogWorker] INFO  impl.RoleInfo (RoleInfo.java:shutdownLeaderState(104)) - b3e939fd-eb36-468b-9efe-5d0a1fdaa172: shutdown LeaderState
2019-09-26 15:13:46,738 [b3e939fd-eb36-468b-9efe-5d0a1fdaa172@group-D591C59CFB86:LeaderElection294] INFO  server.RaftServerConfigKeys (ConfUtils.java:logGet(43)) - raft.server.staging.catchup.gap = 1000 (default)
2019-09-26 15:13:46,738 [b3e939fd-eb36-468b-9efe-5d0a1fdaa172@group-33913256AF98:LeaderElection298] INFO  impl.RaftServerImpl (ServerState.java:setLeader(253)) - b3e939fd-eb36-468b-9efe-5d0a1fdaa172@group-33913256AF98: change Leader from null to b3e939fd-eb36-468b-9efe-5d0a1fdaa172 at term 1 for becomeLeader, leader elected after 15865ms
2019-09-26 15:13:46,738 [b3e939fd-eb36-468b-9efe-5d0a1fdaa172@group-5152959DB5D4:LeaderElection299] INFO  server.RaftServerConfigKeys (ConfUtils.java:logGet(43)) - raft.server.staging.catchup.gap = 1000 (default)
2019-09-26 15:13:46,738 [b3e939fd-eb36-468b-9efe-5d0a1fdaa172@group-DEE462ADEC0E:LeaderElection297] INFO  impl.RaftServerImpl (ServerState.java:setLeader(253)) - b3e939fd-eb36-468b-9efe-5d0a1fdaa172@group-DEE462ADEC0E: change Leader from null to b3e939fd-eb36-468b-9efe-5d0a1fdaa172 at term 1 for becomeLeader, leader elected after 15829ms
2019-09-26 15:13:46,738 [b3e939fd-eb36-468b-9efe-5d0a1fdaa172@group-E00230405E12:LeaderElection291] INFO  impl.RaftServerImpl (ServerState.java:setLeader(253)) - b3e939fd-eb36-468b-9efe-5d0a1fdaa172@group-E00230405E12: change Leader from null to b3e939fd-eb36-468b-9efe-5d0a1fdaa172 at term 1 for becomeLeader, leader elected after 16511ms
2019-09-26 15:13:46,738 [b3e939fd-eb36-468b-9efe-5d0a1fdaa172@group-337EFED2784C-SegmentedRaftLogWorker] INFO  impl.PendingRequests (PendingRequests.java:sendNotLeaderResponses(202)) - b3e939fd-eb36-468b-9efe-5d0a1fdaa172-PendingRequests: sendNotLeaderResponses
2019-09-26 15:13:46,750 [b3e939fd-eb36-468b-9efe-5d0a1fdaa172@group-E00230405E12:LeaderElection291] INFO  server.RaftServerConfigKeys (ConfUtils.java:logGet(43)) - raft.server.staging.catchup.gap = 1000 (default)
2019-09-26 15:13:46,738 [b3e939fd-eb36-468b-9efe-5d0a1fdaa172@group-B7C42A2D7902-SegmentedRaftLogWorker] INFO  impl.RoleInfo (RoleInfo.java:shutdownLeaderState(104)) - b3e939fd-eb36-468b-9efe-5d0a1fdaa172: shutdown LeaderState
2019-09-26 15:13:46,751 [b3e939fd-eb36-468b-9efe-5d0a1fdaa172@group-E00230405E12:LeaderElection291] INFO  server.RaftServerConfigKeys (ConfUtils.java:logGet(43)) - raft.server.rpc.sleep.time = 25ms (default)
2019-09-26 15:13:46,751 [b3e939fd-eb36-468b-9efe-5d0a1fdaa172@group-337EFED2784C-SegmentedRaftLogWorker] INFO  impl.StateMachineUpdater (StateMachineUpdater.java:stopAndJoin(125)) - b3e939fd-eb36-468b-9efe-5d0a1fdaa172@group-337EFED2784C-StateMachineUpdater: set stopIndex = -1
2019-09-26 15:13:46,751 [b3e939fd-eb36-468b-9efe-5d0a1fdaa172@group-337EFED2784C-SegmentedRaftLogWorker] INFO  impl.RaftServerImpl (ServerState.java:close(385)) - b3e939fd-eb36-468b-9efe-5d0a1fdaa172@group-337EFED2784C: closes. applyIndex: -1
2019-09-26 15:13:46,750 [b3e939fd-eb36-468b-9efe-5d0a1fdaa172@group-DEE462ADEC0E:LeaderElection297] INFO  server.RaftServerConfigKeys (ConfUtils.java:logGet(43)) - raft.server.staging.catchup.gap = 1000 (default)
2019-09-26 15:13:46,750 [b3e939fd-eb36-468b-9efe-5d0a1fdaa172@group-5152959DB5D4:LeaderElection299] INFO  server.RaftServerConfigKeys (ConfUtils.java:logGet(43)) - raft.server.rpc.sleep.time = 25ms (default)
2019-09-26 15:13:46,750 [b3e939fd-eb36-468b-9efe-5d0a1fdaa172@group-33913256AF98:LeaderElection298] INFO  server.RaftServerConfigKeys (ConfUtils.java:logGet(43)) - raft.server.staging.catchup.gap = 1000 (default)
2019-09-26 15:13:46,750 [b3e939fd-eb36-468b-9efe-5d0a1fdaa172@group-D591C59CFB86:LeaderElection294] INFO  server.RaftServerConfigKeys (ConfUtils.java:logGet(43)) - raft.server.rpc.sleep.time = 25ms (default)
2019-09-26 15:13:46,750 [b3e939fd-eb36-468b-9efe-5d0a1fdaa172@group-9E432427BF8B-SegmentedRaftLogWorker] INFO  impl.PendingRequests (PendingRequests.java:sendNotLeaderResponses(202)) - b3e939fd-eb36-468b-9efe-5d0a1fdaa172-PendingRequests: sendNotLeaderResponses
2019-09-26 15:13:46,750 [b3e939fd-eb36-468b-9efe-5d0a1fdaa172@group-3A19C25E34FC-SegmentedRaftLogWorker] INFO  impl.StateMachineUpdater (StateMachineUpdater.java:stopAndJoin(125)) - b3e939fd-eb36-468b-9efe-5d0a1fdaa172@group-3A19C25E34FC-StateMachineUpdater: set stopIndex = -1
2019-09-26 15:13:46,750 [b3e939fd-eb36-468b-9efe-5d0a1fdaa172@group-82F2C342C520:LeaderElection304] INFO  server.RaftServerConfigKeys (ConfUtils.java:logGet(43)) - raft.server.staging.catchup.gap = 1000 (default)
2019-09-26 15:13:46,750 [b3e939fd-eb36-468b-9efe-5d0a1fdaa172@group-B602AE1BC508:LeaderElection302] INFO  server.RaftServerConfigKeys (ConfUtils.java:logGet(43)) - raft.server.staging.catchup.gap = 1000 (default)
2019-09-26 15:13:46,750 [b3e939fd-eb36-468b-9efe-5d0a1fdaa172@group-A909352B10E1:LeaderElection301] INFO  server.RaftServerConfigKeys (ConfUtils.java:logGet(43)) - raft.server.staging.catchup.gap = 1000 (default)
2019-09-26 15:13:46,750 [b3e939fd-eb36-468b-9efe-5d0a1fdaa172@group-71A36764AA64:LeaderElection300] INFO  server.RaftServerConfigKeys (ConfUtils.java:logGet(43)) - raft.server.staging.catchup.gap = 1000 (default)
2019-09-26 15:13:46,752 [b3e939fd-eb36-468b-9efe-5d0a1fdaa172@group-71A36764AA64:LeaderElection300] INFO  server.RaftServerConfigKeys (ConfUtils.java:logGet(43)) - raft.server.rpc.sleep.time = 25ms (default)
2019-09-26 15:13:46,749 [b3e939fd-eb36-468b-9efe-5d0a1fdaa172@group-F2FE42403F49-SegmentedRaftLogWorker] INFO  impl.PendingRequests (PendingRequests.java:sendNotLeaderResponses(202)) - b3e939fd-eb36-468b-9efe-5d0a1fdaa172-PendingRequests: sendNotLeaderResponses
2019-09-26 15:13:46,749 [b3e939fd-eb36-468b-9efe-5d0a1fdaa172@group-25745E01B0BD:LeaderElection305] INFO  server.RaftServerConfigKeys (ConfUtils.java:logGet(43)) - raft.server.staging.catchup.gap = 1000 (default)
2019-09-26 15:13:46,749 [b3e939fd-eb36-468b-9efe-5d0a1fdaa172@group-28A0353D16EE-SegmentedRaftLogWorker] INFO  impl.StateMachineUpdater (StateMachineUpdater.java:stopAndJoin(125)) - b3e939fd-eb36-468b-9efe-5d0a1fdaa172@group-28A0353D16EE-StateMachineUpdater: set stopIndex = -1
2019-09-26 15:13:46,752 [b3e939fd-eb36-468b-9efe-5d0a1fdaa172@group-28A0353D16EE-SegmentedRaftLogWorker] INFO  impl.RaftServerImpl (ServerState.java:close(385)) - b3e939fd-eb36-468b-9efe-5d0a1fdaa172@group-28A0353D16EE: closes. applyIndex: -1
2019-09-26 15:13:46,749 [b3e939fd-eb36-468b-9efe-5d0a1fdaa172@group-302304666DE6:LeaderElection306] INFO  server.RaftServerConfigKeys (ConfUtils.java:logGet(43)) - raft.server.staging.catchup.gap = 1000 (default)
2019-09-26 15:13:46,749 [b3e939fd-eb36-468b-9efe-5d0a1fdaa172@group-CA0F44176545:LeaderElection296] INFO  server.RaftServerConfigKeys (ConfUtils.java:logGet(43)) - raft.server.staging.catchup.gap = 1000 (default)
2019-09-26 15:13:46,749 [b3e939fd-eb36-468b-9efe-5d0a1fdaa172@group-3BF504006062:LeaderElection295] INFO  server.RaftServerConfigKeys (ConfUtils.java:logGet(43)) - raft.server.staging.catchup.gap = 1000 (default)
2019-09-26 15:13:46,749 [b3e939fd-eb36-468b-9efe-5d0a1fdaa172@group-711EE27C9E35:LeaderElection303] INFO  server.RaftServerConfigKeys (ConfUtils.java:logGet(43)) - raft.server.rpc.sleep.time = 25ms (default)
2019-09-26 15:13:46,749 [b3e939fd-eb36-468b-9efe-5d0a1fdaa172@group-ECF09D41D404:LeaderElection278] INFO  server.RaftServerConfigKeys (ConfUtils.java:logGet(43)) - raft.server.rpc.sleep.time = 25ms (default)
2019-09-26 15:13:46,749 [b3e939fd-eb36-468b-9efe-5d0a1fdaa172@group-74515BDB2857:LeaderElection277] INFO  server.RaftServerConfigKeys (ConfUtils.java:logGet(43)) - raft.server.rpc.sleep.time = 25ms (default)
2019-09-26 15:13:46,749 [b3e939fd-eb36-468b-9efe-5d0a1fdaa172@group-1A5718D16976-SegmentedRaftLogWorker] INFO  segmented.SegmentedRaftLogWorker (SegmentedRaftLogWorker.java:close(228)) - b3e939fd-eb36-468b-9efe-5d0a1fdaa172@group-1A5718D16976-SegmentedRaftLogWorker close()
2019-09-26 15:13:46,748 [b3e939fd-eb36-468b-9efe-5d0a1fdaa172@group-F11DE81BFF74:LeaderElection283] INFO  server.RaftServerConfigKeys (ConfUtils.java:logGet(43)) - raft.server.staging.catchup.gap = 1000 (default)
2019-09-26 15:13:46,753 [b3e939fd-eb36-468b-9efe-5d0a1fdaa172@group-F11DE81BFF74:LeaderElection283] INFO  server.RaftServerConfigKeys (ConfUtils.java:logGet(43)) - raft.server.rpc.sleep.time = 25ms (default)
2019-09-26 15:13:46,748 [b3e939fd-eb36-468b-9efe-5d0a1fdaa172@group-F3ED5FA15865:LeaderElection284] INFO  impl.RaftServerImpl (ServerState.java:setLeader(253)) - b3e939fd-eb36-468b-9efe-5d0a1fdaa172@group-F3ED5FA15865: change Leader from null to b3e939fd-eb36-468b-9efe-5d0a1fdaa172 at term 1 for becomeLeader, leader elected after 15942ms
2019-09-26 15:13:46,748 [b3e939fd-eb36-468b-9efe-5d0a1fdaa172@group-8510E27DA55F:LeaderElection289] INFO  impl.RaftServerImpl (ServerState.java:setLeader(253)) - b3e939fd-eb36-468b-9efe-5d0a1fdaa172@group-8510E27DA55F: change Leader from null to b3e939fd-eb36-468b-9efe-5d0a1fdaa172 at term 1 for becomeLeader, leader elected after 15916ms
2019-09-26 15:13:46,748 [b3e939fd-eb36-468b-9efe-5d0a1fdaa172@group-05F1D5DB38B1:LeaderElection279] INFO  server.RaftServerConfigKeys (ConfUtils.java:logGet(43)) - raft.server.staging.catchup.gap = 1000 (default)
2019-09-26 15:13:46,748 [b3e939fd-eb36-468b-9efe-5d0a1fdaa172@group-1B7B953A35B5:LeaderElection281] INFO  server.RaftServerConfigKeys (ConfUtils.java:logGet(43)) - raft.server.staging.catchup.gap = 1000 (default)
2019-09-26 15:13:46,753 [b3e939fd-eb36-468b-9efe-5d0a1fdaa172@group-1B7B953A35B5:LeaderElection281] INFO  server.RaftServerConfigKeys (ConfUtils.java:logGet(43)) - raft.server.rpc.sleep.time = 25ms (default)
2019-09-26 15:13:46,748 [b3e939fd-eb36-468b-9efe-5d0a1fdaa172@group-EEC0B09CDA31:LeaderElection280] INFO  server.RaftServerConfigKeys (ConfUtils.java:logGet(43)) - raft.server.staging.catchup.gap = 1000 (default)
2019-09-26 15:13:46,748 [b3e939fd-eb36-468b-9efe-5d0a1fdaa172@group-7ED9DECB8A6B:LeaderElection288] INFO  impl.RaftServerImpl (ServerState.java:setLeader(253)) - b3e939fd-eb36-468b-9efe-5d0a1fdaa172@group-7ED9DECB8A6B: change Leader from null to b3e939fd-eb36-468b-9efe-5d0a1fdaa172 at term 1 for becomeLeader, leader elected after 15798ms
2019-09-26 15:13:46,748 [b3e939fd-eb36-468b-9efe-5d0a1fdaa172@group-1BDA4246E368:LeaderElection286] INFO  server.RaftServerConfigKeys (ConfUtils.java:logGet(43)) - raft.server.staging.catchup.gap = 1000 (default)
2019-09-26 15:13:46,754 [b3e939fd-eb36-468b-9efe-5d0a1fdaa172@group-1BDA4246E368:LeaderElection286] INFO  server.RaftServerConfigKeys (ConfUtils.java:logGet(43)) - raft.server.rpc.sleep.time = 25ms (default)
2019-09-26 15:13:46,748 [b3e939fd-eb36-468b-9efe-5d0a1fdaa172@group-F4FE86D2BCDD:LeaderElection285] INFO  server.RaftServerConfigKeys (ConfUtils.java:logGet(43)) - raft.server.staging.catchup.gap = 1000 (default)
2019-09-26 15:13:46,748 [b3e939fd-eb36-468b-9efe-5d0a1fdaa172@group-752F8CC2B31E:LeaderElection287] INFO  server.RaftServerConfigKeys (ConfUtils.java:logGet(43)) - raft.server.staging.catchup.gap = 1000 (default)
2019-09-26 15:13:46,748 [b3e939fd-eb36-468b-9efe-5d0a1fdaa172@group-84DF8E7A77E0:LeaderElection282] INFO  impl.RaftServerImpl (ServerState.java:setLeader(253)) - b3e939fd-eb36-468b-9efe-5d0a1fdaa172@group-84DF8E7A77E0: change Leader from null to b3e939fd-eb36-468b-9efe-5d0a1fdaa172 at term 1 for becomeLeader, leader elected after 16105ms
2019-09-26 15:13:46,747 [b3e939fd-eb36-468b-9efe-5d0a1fdaa172@group-9591EA67C8C0:LeaderElection308] INFO  server.RaftServerConfigKeys (ConfUtils.java:logGet(43)) - raft.server.staging.catchup.gap = 1000 (default)
2019-09-26 15:13:46,754 [b3e939fd-eb36-468b-9efe-5d0a1fdaa172@group-9591EA67C8C0:LeaderElection308] INFO  server.RaftServerConfigKeys (ConfUtils.java:logGet(43)) - raft.server.rpc.sleep.time = 25ms (default)
2019-09-26 15:13:46,747 [b3e939fd-eb36-468b-9efe-5d0a1fdaa172@group-6AE5FF705F7D:LeaderElection266] INFO  server.RaftServerConfigKeys (ConfUtils.java:logGet(43)) - raft.server.rpc.sleep.time = 25ms (default)
2019-09-26 15:13:46,747 [b3e939fd-eb36-468b-9efe-5d0a1fdaa172@group-C7BB781426AF:LeaderElection267] INFO  server.RaftServerConfigKeys (ConfUtils.java:logGet(43)) - raft.server.staging.catchup.gap = 1000 (default)
2019-09-26 15:13:46,754 [b3e939fd-eb36-468b-9efe-5d0a1fdaa172@group-C7BB781426AF:LeaderElection267] INFO  server.RaftServerConfigKeys (ConfUtils.java:logGet(43)) - raft.server.rpc.sleep.time = 25ms (default)
2019-09-26 15:13:46,747 [b3e939fd-eb36-468b-9efe-5d0a1fdaa172@group-1A6945A2EB5D:LeaderElection312] INFO  impl.RaftServerImpl (RaftServerImpl.java:setRole(174)) - b3e939fd-eb36-468b-9efe-5d0a1fdaa172@group-1A6945A2EB5D: changes role from CANDIDATE to LEADER at term 1 for changeToLeader
2019-09-26 15:13:46,747 [b3e939fd-eb36-468b-9efe-5d0a1fdaa172@group-68CC56D33CDB:LeaderElection268] INFO  server.RaftServerConfigKeys (ConfUtils.java:logGet(43)) - raft.server.staging.catchup.gap = 1000 (default)
2019-09-26 15:13:46,747 [b3e939fd-eb36-468b-9efe-5d0a1fdaa172@group-CD5FC8CEC3A3:LeaderElection293] INFO  server.RaftServerConfigKeys (ConfUtils.java:logGet(43)) - raft.server.rpc.sleep.time = 25ms (default)
2019-09-26 15:13:46,746 [b3e939fd-eb36-468b-9efe-5d0a1fdaa172@group-7BA823644DD2:LeaderElection314] INFO  impl.RaftServerImpl (ServerState.java:setLeader(253)) - b3e939fd-eb36-468b-9efe-5d0a1fdaa172@group-7BA823644DD2: change Leader from null to b3e939fd-eb36-468b-9efe-5d0a1fdaa172 at term 1 for becomeLeader, leader elected after 16065ms
2019-09-26 15:13:46,746 [b3e939fd-eb36-468b-9efe-5d0a1fdaa172@group-B6785E685516:LeaderElection313] INFO  impl.RaftServerImpl (RaftServerImpl.java:setRole(174)) - b3e939fd-eb36-468b-9efe-5d0a1fdaa172@group-B6785E685516: changes role from CANDIDATE to LEADER at term 1 for changeToLeader
2019-09-26 15:13:46,746 [b3e939fd-eb36-468b-9efe-5d0a1fdaa172@group-5C693F90868A:LeaderElection290] INFO  impl.RaftServerImpl (RaftServerImpl.java:setRole(174)) - b3e939fd-eb36-468b-9efe-5d0a1fdaa172@group-5C693F90868A: changes role from CANDIDATE to LEADER at term 1 for changeToLeader
2019-09-26 15:13:46,755 [b3e939fd-eb36-468b-9efe-5d0a1fdaa172@group-5C693F90868A:LeaderElection290] INFO  impl.RaftServerImpl (ServerState.java:setLeader(253)) - b3e939fd-eb36-468b-9efe-5d0a1fdaa172@group-5C693F90868A: change Leader from null to b3e939fd-eb36-468b-9efe-5d0a1fdaa172 at term 1 for becomeLeader, leader elected after 16986ms
2019-09-26 15:13:46,746 [b3e939fd-eb36-468b-9efe-5d0a1fdaa172@group-B2026959841C-SegmentedRaftLogWorker] INFO  impl.RoleInfo (RoleInfo.java:shutdownLeaderState(104)) - b3e939fd-eb36-468b-9efe-5d0a1fdaa172: shutdown LeaderState
2019-09-26 15:13:46,746 [b3e939fd-eb36-468b-9efe-5d0a1fdaa172@group-F26566D6F0FB-SegmentedRaftLogWorker] INFO  util.JmxRegister (JmxRegister.java:unregister(73)) - Successfully un-registered JMX Bean with object name Ratis:service=RaftServer,group=group-F26566D6F0FB,id=b3e939fd-eb36-468b-9efe-5d0a1fdaa172
2019-09-26 15:13:46,755 [b3e939fd-eb36-468b-9efe-5d0a1fdaa172@group-F26566D6F0FB-SegmentedRaftLogWorker] INFO  impl.RoleInfo (RoleInfo.java:shutdownLeaderState(104)) - b3e939fd-eb36-468b-9efe-5d0a1fdaa172: shutdown LeaderState
2019-09-26 15:13:46,746 [b3e939fd-eb36-468b-9efe-5d0a1fdaa172@group-ECC1AF727233-SegmentedRaftLogWorker] INFO  impl.RaftServerImpl (ServerState.java:close(385)) - b3e939fd-eb36-468b-9efe-5d0a1fdaa172@group-ECC1AF727233: closes. applyIndex: -1
2019-09-26 15:13:46,746 [b3e939fd-eb36-468b-9efe-5d0a1fdaa172@group-D78821ACB67A:LeaderElection275] INFO  server.RaftServerConfigKeys (ConfUtils.java:logGet(43)) - raft.server.watch.element-limit = 65536 (default)
2019-09-26 15:13:46,745 [b3e939fd-eb36-468b-9efe-5d0a1fdaa172@group-7EAC044EFCFC-SegmentedRaftLogWorker] INFO  impl.PendingRequests (PendingRequests.java:sendNotLeaderResponses(202)) - b3e939fd-eb36-468b-9efe-5d0a1fdaa172-PendingRequests: sendNotLeaderResponses
2019-09-26 15:13:46,745 [b3e939fd-eb36-468b-9efe-5d0a1fdaa172@group-E65C91CFD05F-SegmentedRaftLogWorker] INFO  util.JmxRegister (JmxRegister.java:unregister(73)) - Successfully un-registered JMX Bean with object name Ratis:service=RaftServer,group=group-E65C91CFD05F,id=b3e939fd-eb36-468b-9efe-5d0a1fdaa172
2019-09-26 15:13:46,756 [b3e939fd-eb36-468b-9efe-5d0a1fdaa172@group-7EAC044EFCFC-SegmentedRaftLogWorker] INFO  impl.StateMachineUpdater (StateMachineUpdater.java:stopAndJoin(125)) - b3e939fd-eb36-468b-9efe-5d0a1fdaa172@group-7EAC044EFCFC-StateMachineUpdater: set stopIndex = -1
2019-09-26 15:13:46,755 [b3e939fd-eb36-468b-9efe-5d0a1fdaa172@group-ECC1AF727233-SegmentedRaftLogWorker] INFO  segmented.SegmentedRaftLogWorker (SegmentedRaftLogWorker.java:close(228)) - b3e939fd-eb36-468b-9efe-5d0a1fdaa172@group-ECC1AF727233-SegmentedRaftLogWorker close()
2019-09-26 15:13:46,755 [b3e939fd-eb36-468b-9efe-5d0a1fdaa172@group-F26566D6F0FB-SegmentedRaftLogWorker] INFO  impl.PendingRequests (PendingRequests.java:sendNotLeaderResponses(202)) - b3e939fd-eb36-468b-9efe-5d0a1fdaa172-PendingRequests: sendNotLeaderResponses
2019-09-26 15:13:46,755 [b3e939fd-eb36-468b-9efe-5d0a1fdaa172@group-B2026959841C-SegmentedRaftLogWorker] INFO  impl.PendingRequests (PendingRequests.java:sendNotLeaderResponses(202)) - b3e939fd-eb36-468b-9efe-5d0a1fdaa172-PendingRequests: sendNotLeaderResponses
2019-09-26 15:13:46,755 [b3e939fd-eb36-468b-9efe-5d0a1fdaa172@group-5C693F90868A:LeaderElection290] INFO  server.RaftServerConfigKeys (ConfUtils.java:logGet(43)) - raft.server.staging.catchup.gap = 1000 (default)
2019-09-26 15:13:46,755 [b3e939fd-eb36-468b-9efe-5d0a1fdaa172@group-B6785E685516:LeaderElection313] INFO  impl.RaftServerImpl (ServerState.java:setLeader(253)) - b3e939fd-eb36-468b-9efe-5d0a1fdaa172@group-B6785E685516: change Leader from null to b3e939fd-eb36-468b-9efe-5d0a1fdaa172 at term 1 for becomeLeader, leader elected after 17034ms
2019-09-26 15:13:46,755 [b3e939fd-eb36-468b-9efe-5d0a1fdaa172@group-7BA823644DD2:LeaderElection314] INFO  server.RaftServerConfigKeys (ConfUtils.java:logGet(43)) - raft.server.staging.catchup.gap = 1000 (default)
2019-09-26 15:13:46,756 [b3e939fd-eb36-468b-9efe-5d0a1fdaa172@group-7BA823644DD2:LeaderElection314] INFO  server.RaftServerConfigKeys (ConfUtils.java:logGet(43)) - raft.server.rpc.sleep.time = 25ms (default)
2019-09-26 15:13:46,755 [b3e939fd-eb36-468b-9efe-5d0a1fdaa172@group-68CC56D33CDB:LeaderElection268] INFO  server.RaftServerConfigKeys (ConfUtils.java:logGet(43)) - raft.server.rpc.sleep.time = 25ms (default)
2019-09-26 15:13:46,755 [b3e939fd-eb36-468b-9efe-5d0a1fdaa172@group-1A6945A2EB5D:LeaderElection312] INFO  impl.RaftServerImpl (ServerState.java:setLeader(253)) - b3e939fd-eb36-468b-9efe-5d0a1fdaa172@group-1A6945A2EB5D: change Leader from null to b3e939fd-eb36-468b-9efe-5d0a1fdaa172 at term 1 for becomeLeader, leader elected after 15085ms
2019-09-26 15:13:46,754 [b3e939fd-eb36-468b-9efe-5d0a1fdaa172@group-84DF8E7A77E0:LeaderElection282] INFO  server.RaftServerConfigKeys (ConfUtils.java:logGet(43)) - raft.server.staging.catchup.gap = 1000 (default)
2019-09-26 15:13:46,754 [b3e939fd-eb36-468b-9efe-5d0a1fdaa172@group-752F8CC2B31E:LeaderElection287] INFO  server.RaftServerConfigKeys (ConfUtils.java:logGet(43)) - raft.server.rpc.sleep.time = 25ms (default)
2019-09-26 15:13:46,754 [b3e939fd-eb36-468b-9efe-5d0a1fdaa172@group-F4FE86D2BCDD:LeaderElection285] INFO  server.RaftServerConfigKeys (ConfUtils.java:logGet(43)) - raft.server.rpc.sleep.time = 25ms (default)
2019-09-26 15:13:46,754 [b3e939fd-eb36-468b-9efe-5d0a1fdaa172@group-7ED9DECB8A6B:LeaderElection288] INFO  server.RaftServerConfigKeys (ConfUtils.java:logGet(43)) - raft.server.staging.catchup.gap = 1000 (default)
2019-09-26 15:13:46,754 [b3e939fd-eb36-468b-9efe-5d0a1fdaa172@group-EEC0B09CDA31:LeaderElection280] INFO  server.RaftServerConfigKeys (ConfUtils.java:logGet(43)) - raft.server.rpc.sleep.time = 25ms (default)
2019-09-26 15:13:46,753 [b3e939fd-eb36-468b-9efe-5d0a1fdaa172@group-05F1D5DB38B1:LeaderElection279] INFO  server.RaftServerConfigKeys (ConfUtils.java:logGet(43)) - raft.server.rpc.sleep.time = 25ms (default)
2019-09-26 15:13:46,753 [b3e939fd-eb36-468b-9efe-5d0a1fdaa172@group-8510E27DA55F:LeaderElection289] INFO  server.RaftServerConfigKeys (ConfUtils.java:logGet(43)) - raft.server.staging.catchup.gap = 1000 (default)
2019-09-26 15:13:46,753 [b3e939fd-eb36-468b-9efe-5d0a1fdaa172@group-F3ED5FA15865:LeaderElection284] INFO  server.RaftServerConfigKeys (ConfUtils.java:logGet(43)) - raft.server.staging.catchup.gap = 1000 (default)
2019-09-26 15:13:46,753 [b3e939fd-eb36-468b-9efe-5d0a1fdaa172@group-3BF504006062:LeaderElection295] INFO  server.RaftServerConfigKeys (ConfUtils.java:logGet(43)) - raft.server.rpc.sleep.time = 25ms (default)
2019-09-26 15:13:46,752 [b3e939fd-eb36-468b-9efe-5d0a1fdaa172@group-CA0F44176545:LeaderElection296] INFO  server.RaftServerConfigKeys (ConfUtils.java:logGet(43)) - raft.server.rpc.sleep.time = 25ms (default)
2019-09-26 15:13:46,752 [b3e939fd-eb36-468b-9efe-5d0a1fdaa172@group-302304666DE6:LeaderElection306] INFO  server.RaftServerConfigKeys (ConfUtils.java:logGet(43)) - raft.server.rpc.sleep.time = 25ms (default)
2019-09-26 15:13:46,752 [b3e939fd-eb36-468b-9efe-5d0a1fdaa172@group-28A0353D16EE-SegmentedRaftLogWorker] INFO  segmented.SegmentedRaftLogWorker (SegmentedRaftLogWorker.java:close(228)) - b3e939fd-eb36-468b-9efe-5d0a1fdaa172@group-28A0353D16EE-SegmentedRaftLogWorker close()
2019-09-26 15:13:46,752 [b3e939fd-eb36-468b-9efe-5d0a1fdaa172@group-25745E01B0BD:LeaderElection305] INFO  server.RaftServerConfigKeys (ConfUtils.java:logGet(43)) - raft.server.rpc.sleep.time = 25ms (default)
2019-09-26 15:13:46,752 [b3e939fd-eb36-468b-9efe-5d0a1fdaa172@group-F2FE42403F49-SegmentedRaftLogWorker] INFO  impl.StateMachineUpdater (StateMachineUpdater.java:stopAndJoin(125)) - b3e939fd-eb36-468b-9efe-5d0a1fdaa172@group-F2FE42403F49-StateMachineUpdater: set stopIndex = -1
2019-09-26 15:13:46,752 [b3e939fd-eb36-468b-9efe-5d0a1fdaa172@group-A909352B10E1:LeaderElection301] INFO  server.RaftServerConfigKeys (ConfUtils.java:logGet(43)) - raft.server.rpc.sleep.time = 25ms (default)
2019-09-26 15:13:46,752 [b3e939fd-eb36-468b-9efe-5d0a1fdaa172@group-B602AE1BC508:LeaderElection302] INFO  server.RaftServerConfigKeys (ConfUtils.java:logGet(43)) - raft.server.rpc.sleep.time = 25ms (default)
2019-09-26 15:13:46,752 [b3e939fd-eb36-468b-9efe-5d0a1fdaa172@group-82F2C342C520:LeaderElection304] INFO  server.RaftServerConfigKeys (ConfUtils.java:logGet(43)) - raft.server.rpc.sleep.time = 25ms (default)
2019-09-26 15:13:46,751 [b3e939fd-eb36-468b-9efe-5d0a1fdaa172@group-3A19C25E34FC-SegmentedRaftLogWorker] INFO  impl.RaftServerImpl (ServerState.java:close(385)) - b3e939fd-eb36-468b-9efe-5d0a1fdaa172@group-3A19C25E34FC: closes. applyIndex: -1
2019-09-26 15:13:46,751 [b3e939fd-eb36-468b-9efe-5d0a1fdaa172@group-9E432427BF8B-SegmentedRaftLogWorker] INFO  impl.StateMachineUpdater (StateMachineUpdater.java:stopAndJoin(125)) - b3e939fd-eb36-468b-9efe-5d0a1fdaa172@group-9E432427BF8B-StateMachineUpdater: set stopIndex = -1
2019-09-26 15:13:46,758 [b3e939fd-eb36-468b-9efe-5d0a1fdaa172@group-3A19C25E34FC-SegmentedRaftLogWorker] INFO  segmented.SegmentedRaftLogWorker (SegmentedRaftLogWorker.java:close(228)) - b3e939fd-eb36-468b-9efe-5d0a1fdaa172@group-3A19C25E34FC-SegmentedRaftLogWorker close()
2019-09-26 15:13:46,751 [b3e939fd-eb36-468b-9efe-5d0a1fdaa172@group-33913256AF98:LeaderElection298] INFO  server.RaftServerConfigKeys (ConfUtils.java:logGet(43)) - raft.server.rpc.sleep.time = 25ms (default)
2019-09-26 15:13:46,751 [b3e939fd-eb36-468b-9efe-5d0a1fdaa172@group-DEE462ADEC0E:LeaderElection297] INFO  server.RaftServerConfigKeys (ConfUtils.java:logGet(43)) - raft.server.rpc.sleep.time = 25ms (default)
2019-09-26 15:13:46,751 [b3e939fd-eb36-468b-9efe-5d0a1fdaa172@group-337EFED2784C-SegmentedRaftLogWorker] INFO  segmented.SegmentedRaftLogWorker (SegmentedRaftLogWorker.java:close(228)) - b3e939fd-eb36-468b-9efe-5d0a1fdaa172@group-337EFED2784C-SegmentedRaftLogWorker close()
2019-09-26 15:13:46,751 [b3e939fd-eb36-468b-9efe-5d0a1fdaa172@group-B7C42A2D7902-SegmentedRaftLogWorker] INFO  impl.PendingRequests (PendingRequests.java:sendNotLeaderResponses(202)) - b3e939fd-eb36-468b-9efe-5d0a1fdaa172-PendingRequests: sendNotLeaderResponses
2019-09-26 15:13:46,758 [b3e939fd-eb36-468b-9efe-5d0a1fdaa172@group-9E432427BF8B-SegmentedRaftLogWorker] INFO  impl.RaftServerImpl (ServerState.java:close(385)) - b3e939fd-eb36-468b-9efe-5d0a1fdaa172@group-9E432427BF8B: closes. applyIndex: -1
2019-09-26 15:13:46,758 [b3e939fd-eb36-468b-9efe-5d0a1fdaa172@group-F2FE42403F49-SegmentedRaftLogWorker] INFO  impl.RaftServerImpl (ServerState.java:close(385)) - b3e939fd-eb36-468b-9efe-5d0a1fdaa172@group-F2FE42403F49: closes. applyIndex: -1
2019-09-26 15:13:46,757 [b3e939fd-eb36-468b-9efe-5d0a1fdaa172@group-F3ED5FA15865:LeaderElection284] INFO  server.RaftServerConfigKeys (ConfUtils.java:logGet(43)) - raft.server.rpc.sleep.time = 25ms (default)
2019-09-26 15:13:46,757 [b3e939fd-eb36-468b-9efe-5d0a1fdaa172@group-8510E27DA55F:LeaderElection289] INFO  server.RaftServerConfigKeys (ConfUtils.java:logGet(43)) - raft.server.rpc.sleep.time = 25ms (default)
2019-09-26 15:13:46,757 [b3e939fd-eb36-468b-9efe-5d0a1fdaa172@group-7ED9DECB8A6B:LeaderElection288] INFO  server.RaftServerConfigKeys (ConfUtils.java:logGet(43)) - raft.server.rpc.sleep.time = 25ms (default)
2019-09-26 15:13:46,757 [b3e939fd-eb36-468b-9efe-5d0a1fdaa172@group-84DF8E7A77E0:LeaderElection282] INFO  server.RaftServerConfigKeys (ConfUtils.java:logGet(43)) - raft.server.rpc.sleep.time = 25ms (default)
2019-09-26 15:13:46,757 [b3e939fd-eb36-468b-9efe-5d0a1fdaa172@group-1A6945A2EB5D:LeaderElection312] INFO  server.RaftServerConfigKeys (ConfUtils.java:logGet(43)) - raft.server.staging.catchup.gap = 1000 (default)
2019-09-26 15:13:46,756 [b3e939fd-eb36-468b-9efe-5d0a1fdaa172@group-B6785E685516:LeaderElection313] INFO  server.RaftServerConfigKeys (ConfUtils.java:logGet(43)) - raft.server.staging.catchup.gap = 1000 (default)
2019-09-26 15:13:46,756 [b3e939fd-eb36-468b-9efe-5d0a1fdaa172@group-5C693F90868A:LeaderElection290] INFO  server.RaftServerConfigKeys (ConfUtils.java:logGet(43)) - raft.server.rpc.sleep.time = 25ms (default)
2019-09-26 15:13:46,756 [b3e939fd-eb36-468b-9efe-5d0a1fdaa172@group-B2026959841C-SegmentedRaftLogWorker] INFO  impl.StateMachineUpdater (StateMachineUpdater.java:stopAndJoin(125)) - b3e939fd-eb36-468b-9efe-5d0a1fdaa172@group-B2026959841C-StateMachineUpdater: set stopIndex = -1
2019-09-26 15:13:46,756 [b3e939fd-eb36-468b-9efe-5d0a1fdaa172@group-F26566D6F0FB-SegmentedRaftLogWorker] INFO  impl.StateMachineUpdater (StateMachineUpdater.java:stopAndJoin(125)) - b3e939fd-eb36-468b-9efe-5d0a1fdaa172@group-F26566D6F0FB-StateMachineUpdater: set stopIndex = -1
2019-09-26 15:13:46,756 [b3e939fd-eb36-468b-9efe-5d0a1fdaa172@group-7EAC044EFCFC-SegmentedRaftLogWorker] INFO  impl.RaftServerImpl (ServerState.java:close(385)) - b3e939fd-eb36-468b-9efe-5d0a1fdaa172@group-7EAC044EFCFC: closes. applyIndex: -1
2019-09-26 15:13:46,756 [b3e939fd-eb36-468b-9efe-5d0a1fdaa172@group-E65C91CFD05F-SegmentedRaftLogWorker] INFO  impl.RoleInfo (RoleInfo.java:shutdownLeaderState(104)) - b3e939fd-eb36-468b-9efe-5d0a1fdaa172: shutdown LeaderState
2019-09-26 15:13:46,760 [b3e939fd-eb36-468b-9efe-5d0a1fdaa172@group-7EAC044EFCFC-SegmentedRaftLogWorker] INFO  segmented.SegmentedRaftLogWorker (SegmentedRaftLogWorker.java:close(228)) - b3e939fd-eb36-468b-9efe-5d0a1fdaa172@group-7EAC044EFCFC-SegmentedRaftLogWorker close()
2019-09-26 15:13:46,759 [b3e939fd-eb36-468b-9efe-5d0a1fdaa172@group-F26566D6F0FB-SegmentedRaftLogWorker] INFO  impl.RaftServerImpl (ServerState.java:close(385)) - b3e939fd-eb36-468b-9efe-5d0a1fdaa172@group-F26566D6F0FB: closes. applyIndex: -1
2019-09-26 15:13:46,759 [b3e939fd-eb36-468b-9efe-5d0a1fdaa172@group-B2026959841C-SegmentedRaftLogWorker] INFO  impl.RaftServerImpl (ServerState.java:close(385)) - b3e939fd-eb36-468b-9efe-5d0a1fdaa172@group-B2026959841C: closes. applyIndex: -1
2019-09-26 15:13:46,760 [b3e939fd-eb36-468b-9efe-5d0a1fdaa172@group-84DF8E7A77E0:LeaderElection282] INFO  server.RaftServerConfigKeys (ConfUtils.java:logGet(43)) - raft.server.write.element-limit = 4096 (default)
2019-09-26 15:13:46,760 [b3e939fd-eb36-468b-9efe-5d0a1fdaa172@group-DEE462ADEC0E:LeaderElection297] INFO  server.RaftServerConfigKeys (ConfUtils.java:logGet(43)) - raft.server.write.element-limit = 4096 (default)
2019-09-26 15:13:46,759 [b3e939fd-eb36-468b-9efe-5d0a1fdaa172@group-B6785E685516:LeaderElection313] INFO  server.RaftServerConfigKeys (ConfUtils.java:logGet(43)) - raft.server.rpc.sleep.time = 25ms (default)
2019-09-26 15:13:46,760 [b3e939fd-eb36-468b-9efe-5d0a1fdaa172@group-EEC0B09CDA31:LeaderElection280] INFO  server.RaftServerConfigKeys (ConfUtils.java:logGet(43)) - raft.server.write.element-limit = 4096 (default)
2019-09-26 15:13:46,759 [b3e939fd-eb36-468b-9efe-5d0a1fdaa172@group-1A6945A2EB5D:LeaderElection312] INFO  server.RaftServerConfigKeys (ConfUtils.java:logGet(43)) - raft.server.rpc.sleep.time = 25ms (default)
2019-09-26 15:13:46,759 [b3e939fd-eb36-468b-9efe-5d0a1fdaa172@group-F2FE42403F49-SegmentedRaftLogWorker] INFO  segmented.SegmentedRaftLogWorker (SegmentedRaftLogWorker.java:close(228)) - b3e939fd-eb36-468b-9efe-5d0a1fdaa172@group-F2FE42403F49-SegmentedRaftLogWorker close()
2019-09-26 15:13:46,760 [b3e939fd-eb36-468b-9efe-5d0a1fdaa172@group-1B7B953A35B5:LeaderElection281] INFO  server.RaftServerConfigKeys (ConfUtils.java:logGet(43)) - raft.server.write.element-limit = 4096 (default)
2019-09-26 15:13:46,759 [b3e939fd-eb36-468b-9efe-5d0a1fdaa172@group-9E432427BF8B-SegmentedRaftLogWorker] INFO  segmented.SegmentedRaftLogWorker (SegmentedRaftLogWorker.java:close(228)) - b3e939fd-eb36-468b-9efe-5d0a1fdaa172@group-9E432427BF8B-SegmentedRaftLogWorker close()
2019-09-26 15:13:46,761 [b3e939fd-eb36-468b-9efe-5d0a1fdaa172@group-711EE27C9E35:LeaderElection303] INFO  server.RaftServerConfigKeys (ConfUtils.java:logGet(43)) - raft.server.write.element-limit = 4096 (default)
2019-09-26 15:13:46,761 [b3e939fd-eb36-468b-9efe-5d0a1fdaa172@group-E00230405E12:LeaderElection291] INFO  server.RaftServerConfigKeys (ConfUtils.java:logGet(43)) - raft.server.write.element-limit = 4096 (default)
2019-09-26 15:13:46,759 [b3e939fd-eb36-468b-9efe-5d0a1fdaa172@group-B7C42A2D7902-SegmentedRaftLogWorker] INFO  impl.StateMachineUpdater (StateMachineUpdater.java:stopAndJoin(125)) - b3e939fd-eb36-468b-9efe-5d0a1fdaa172@group-B7C42A2D7902-StateMachineUpdater: set stopIndex = -1
2019-09-26 15:13:46,761 [b3e939fd-eb36-468b-9efe-5d0a1fdaa172@group-82208FB82218:LeaderElection264] INFO  server.RaftServerConfigKeys (ConfUtils.java:logGet(43)) - raft.server.write.element-limit = 4096 (default)
2019-09-26 15:13:46,761 [b3e939fd-eb36-468b-9efe-5d0a1fdaa172@group-8292B21D7178:LeaderElection309] INFO  server.RaftServerConfigKeys (ConfUtils.java:logGet(43)) - raft.server.write.element-limit = 4096 (default)
2019-09-26 15:13:46,761 [b3e939fd-eb36-468b-9efe-5d0a1fdaa172@group-74AE591B69F2:LeaderElection311] INFO  server.RaftServerConfigKeys (ConfUtils.java:logGet(43)) - raft.server.write.element-limit = 4096 (default)
2019-09-26 15:13:46,761 [b3e939fd-eb36-468b-9efe-5d0a1fdaa172@group-659098C9AEA4:LeaderElection310] INFO  server.RaftServerConfigKeys (ConfUtils.java:logGet(43)) - raft.server.write.element-limit = 4096 (default)
2019-09-26 15:13:46,761 [b3e939fd-eb36-468b-9efe-5d0a1fdaa172@group-4295C4227654:LeaderElection263] INFO  server.RaftServerConfigKeys (ConfUtils.java:logGet(43)) - raft.server.write.element-limit = 4096 (default)
2019-09-26 15:13:46,761 [b3e939fd-eb36-468b-9efe-5d0a1fdaa172@group-A2BD7EF985B3:LeaderElection274] INFO  server.RaftServerConfigKeys (ConfUtils.java:logGet(43)) - raft.server.write.element-limit = 4096 (default)
2019-09-26 15:13:46,761 [b3e939fd-eb36-468b-9efe-5d0a1fdaa172@group-E00230405E12:LeaderElection291] INFO  server.RaftServerConfigKeys (ConfUtils.java:logGet(43)) - raft.server.watch.timeout = 10s (default)
2019-09-26 15:13:46,761 [b3e939fd-eb36-468b-9efe-5d0a1fdaa172@group-D363040DAF31:LeaderElection315] INFO  server.RaftServerConfigKeys (ConfUtils.java:logGet(43)) - raft.server.write.element-limit = 4096 (default)
2019-09-26 15:13:46,761 [b3e939fd-eb36-468b-9efe-5d0a1fdaa172@group-7F7680AB9573:LeaderElection269] INFO  server.RaftServerConfigKeys (ConfUtils.java:logGet(43)) - raft.server.write.element-limit = 4096 (default)
2019-09-26 15:13:46,761 [b3e939fd-eb36-468b-9efe-5d0a1fdaa172@group-ED5485EA5ACD:LeaderElection273] INFO  server.RaftServerConfigKeys (ConfUtils.java:logGet(43)) - raft.server.write.element-limit = 4096 (default)
2019-09-26 15:13:46,761 [b3e939fd-eb36-468b-9efe-5d0a1fdaa172@group-439DC12DB850:LeaderElection272] INFO  server.RaftServerConfigKeys (ConfUtils.java:logGet(43)) - raft.server.write.element-limit = 4096 (default)
2019-09-26 15:13:46,761 [b3e939fd-eb36-468b-9efe-5d0a1fdaa172@group-84E520E4AB54:LeaderElection271] INFO  server.RaftServerConfigKeys (ConfUtils.java:logGet(43)) - raft.server.write.element-limit = 4096 (default)
2019-09-26 15:13:46,761 [b3e939fd-eb36-468b-9efe-5d0a1fdaa172@group-0531D8DEB565:LeaderElection270] INFO  server.RaftServerConfigKeys (ConfUtils.java:logGet(43)) - raft.server.write.element-limit = 4096 (default)
2019-09-26 15:13:46,761 [b3e939fd-eb36-468b-9efe-5d0a1fdaa172@group-92F7CC5958C9:LeaderElection276] INFO  server.RaftServerConfigKeys (ConfUtils.java:logGet(43)) - raft.server.write.element-limit = 4096 (default)
2019-09-26 15:13:46,761 [b3e939fd-eb36-468b-9efe-5d0a1fdaa172@group-711EE27C9E35:LeaderElection303] INFO  server.RaftServerConfigKeys (ConfUtils.java:logGet(43)) - raft.server.watch.timeout = 10s (default)
2019-09-26 15:13:46,761 [b3e939fd-eb36-468b-9efe-5d0a1fdaa172@group-71A36764AA64:LeaderElection300] INFO  server.RaftServerConfigKeys (ConfUtils.java:logGet(43)) - raft.server.write.element-limit = 4096 (default)
2019-09-26 15:13:46,761 [b3e939fd-eb36-468b-9efe-5d0a1fdaa172@group-5152959DB5D4:LeaderElection299] INFO  server.RaftServerConfigKeys (ConfUtils.java:logGet(43)) - raft.server.write.element-limit = 4096 (default)
2019-09-26 15:13:46,761 [b3e939fd-eb36-468b-9efe-5d0a1fdaa172@group-D591C59CFB86:LeaderElection294] INFO  server.RaftServerConfigKeys (ConfUtils.java:logGet(43)) - raft.server.write.element-limit = 4096 (default)
2019-09-26 15:13:46,761 [b3e939fd-eb36-468b-9efe-5d0a1fdaa172@group-74515BDB2857:LeaderElection277] INFO  server.RaftServerConfigKeys (ConfUtils.java:logGet(43)) - raft.server.write.element-limit = 4096 (default)
2019-09-26 15:13:46,763 [b3e939fd-eb36-468b-9efe-5d0a1fdaa172@group-FC1921472DFA:LeaderElection247] INFO  impl.RaftServerImpl (ServerState.java:setRaftConf(354)) - b3e939fd-eb36-468b-9efe-5d0a1fdaa172@group-FC1921472DFA: set configuration 0: [b3e939fd-eb36-468b-9efe-5d0a1fdaa172:192.168.151.99:45433], old=null at 0
2019-09-26 15:13:46,761 [b3e939fd-eb36-468b-9efe-5d0a1fdaa172@group-ECF09D41D404:LeaderElection278] INFO  server.RaftServerConfigKeys (ConfUtils.java:logGet(43)) - raft.server.write.element-limit = 4096 (default)
2019-09-26 15:13:46,761 [b3e939fd-eb36-468b-9efe-5d0a1fdaa172@group-1B7B953A35B5:LeaderElection281] INFO  server.RaftServerConfigKeys (ConfUtils.java:logGet(43)) - raft.server.watch.timeout = 10s (default)
2019-09-26 15:13:46,760 [b3e939fd-eb36-468b-9efe-5d0a1fdaa172@group-F11DE81BFF74:LeaderElection283] INFO  server.RaftServerConfigKeys (ConfUtils.java:logGet(43)) - raft.server.write.element-limit = 4096 (default)
2019-09-26 15:13:46,760 [b3e939fd-eb36-468b-9efe-5d0a1fdaa172@group-1A6945A2EB5D:LeaderElection312] INFO  server.RaftServerConfigKeys (ConfUtils.java:logGet(43)) - raft.server.write.element-limit = 4096 (default)
2019-09-26 15:13:46,760 [b3e939fd-eb36-468b-9efe-5d0a1fdaa172@group-1BDA4246E368:LeaderElection286] INFO  server.RaftServerConfigKeys (ConfUtils.java:logGet(43)) - raft.server.write.element-limit = 4096 (default)
2019-09-26 15:13:46,760 [b3e939fd-eb36-468b-9efe-5d0a1fdaa172@group-6AE5FF705F7D:LeaderElection266] INFO  server.RaftServerConfigKeys (ConfUtils.java:logGet(43)) - raft.server.write.element-limit = 4096 (default)
2019-09-26 15:13:46,760 [b3e939fd-eb36-468b-9efe-5d0a1fdaa172@group-9591EA67C8C0:LeaderElection308] INFO  server.RaftServerConfigKeys (ConfUtils.java:logGet(43)) - raft.server.write.element-limit = 4096 (default)
2019-09-26 15:13:46,760 [b3e939fd-eb36-468b-9efe-5d0a1fdaa172@group-C7BB781426AF:LeaderElection267] INFO  server.RaftServerConfigKeys (ConfUtils.java:logGet(43)) - raft.server.write.element-limit = 4096 (default)
2019-09-26 15:13:46,760 [b3e939fd-eb36-468b-9efe-5d0a1fdaa172@group-CD5FC8CEC3A3:LeaderElection293] INFO  server.RaftServerConfigKeys (ConfUtils.java:logGet(43)) - raft.server.write.element-limit = 4096 (default)
2019-09-26 15:13:46,760 [b3e939fd-eb36-468b-9efe-5d0a1fdaa172@group-EEC0B09CDA31:LeaderElection280] INFO  server.RaftServerConfigKeys (ConfUtils.java:logGet(43)) - raft.server.watch.timeout = 10s (default)
2019-09-26 15:13:46,760 [b3e939fd-eb36-468b-9efe-5d0a1fdaa172@group-7BA823644DD2:LeaderElection314] INFO  server.RaftServerConfigKeys (ConfUtils.java:logGet(43)) - raft.server.write.element-limit = 4096 (default)
2019-09-26 15:13:46,760 [b3e939fd-eb36-468b-9efe-5d0a1fdaa172@group-68CC56D33CDB:LeaderElection268] INFO  server.RaftServerConfigKeys (ConfUtils.java:logGet(43)) - raft.server.write.element-limit = 4096 (default)
2019-09-26 15:13:46,760 [b3e939fd-eb36-468b-9efe-5d0a1fdaa172@group-752F8CC2B31E:LeaderElection287] INFO  server.RaftServerConfigKeys (ConfUtils.java:logGet(43)) - raft.server.write.element-limit = 4096 (default)
2019-09-26 15:13:46,760 [b3e939fd-eb36-468b-9efe-5d0a1fdaa172@group-F4FE86D2BCDD:LeaderElection285] INFO  server.RaftServerConfigKeys (ConfUtils.java:logGet(43)) - raft.server.write.element-limit = 4096 (default)
2019-09-26 15:13:50,360 [b3e939fd-eb36-468b-9efe-5d0a1fdaa172@group-F4FE86D2BCDD:LeaderElection285] INFO  server.RaftServerConfigKeys (ConfUtils.java:logGet(43)) - raft.server.watch.timeout = 10s (default)
2019-09-26 15:13:46,760 [b3e939fd-eb36-468b-9efe-5d0a1fdaa172@group-B6785E685516:LeaderElection313] INFO  server.RaftServerConfigKeys (ConfUtils.java:logGet(43)) - raft.server.write.element-limit = 4096 (default)
2019-09-26 15:13:46,760 [b3e939fd-eb36-468b-9efe-5d0a1fdaa172@group-05F1D5DB38B1:LeaderElection279] INFO  server.RaftServerConfigKeys (ConfUtils.java:logGet(43)) - raft.server.write.element-limit = 4096 (default)
2019-09-26 15:13:46,760 [b3e939fd-eb36-468b-9efe-5d0a1fdaa172@group-302304666DE6:LeaderElection306] INFO  server.RaftServerConfigKeys (ConfUtils.java:logGet(43)) - raft.server.write.element-limit = 4096 (default)
2019-09-26 15:13:46,760 [b3e939fd-eb36-468b-9efe-5d0a1fdaa172@group-3BF504006062:LeaderElection295] INFO  server.RaftServerConfigKeys (ConfUtils.java:logGet(43)) - raft.server.write.element-limit = 4096 (default)
2019-09-26 15:13:46,760 [b3e939fd-eb36-468b-9efe-5d0a1fdaa172@group-CA0F44176545:LeaderElection296] INFO  server.RaftServerConfigKeys (ConfUtils.java:logGet(43)) - raft.server.write.element-limit = 4096 (default)
2019-09-26 15:13:46,760 [b3e939fd-eb36-468b-9efe-5d0a1fdaa172@group-25745E01B0BD:LeaderElection305] INFO  server.RaftServerConfigKeys (ConfUtils.java:logGet(43)) - raft.server.write.element-limit = 4096 (default)
2019-09-26 15:13:46,760 [b3e939fd-eb36-468b-9efe-5d0a1fdaa172@group-DEE462ADEC0E:LeaderElection297] INFO  server.RaftServerConfigKeys (ConfUtils.java:logGet(43)) - raft.server.watch.timeout = 10s (default)
2019-09-26 15:13:50,361 [b3e939fd-eb36-468b-9efe-5d0a1fdaa172@group-DEE462ADEC0E:LeaderElection297] INFO  server.RaftServerConfigKeys (ConfUtils.java:logGet(43)) - raft.server.watch.timeout.denomination = 1s (default)
2019-09-26 15:13:46,760 [b3e939fd-eb36-468b-9efe-5d0a1fdaa172@group-A909352B10E1:LeaderElection301] INFO  server.RaftServerConfigKeys (ConfUtils.java:logGet(43)) - raft.server.write.element-limit = 4096 (default)
2019-09-26 15:13:46,760 [b3e939fd-eb36-468b-9efe-5d0a1fdaa172@group-B602AE1BC508:LeaderElection302] INFO  server.RaftServerConfigKeys (ConfUtils.java:logGet(43)) - raft.server.write.element-limit = 4096 (default)
2019-09-26 15:13:46,760 [b3e939fd-eb36-468b-9efe-5d0a1fdaa172@group-84DF8E7A77E0:LeaderElection282] INFO  server.RaftServerConfigKeys (ConfUtils.java:logGet(43)) - raft.server.watch.timeout = 10s (default)
2019-09-26 15:13:46,760 [b3e939fd-eb36-468b-9efe-5d0a1fdaa172@group-82F2C342C520:LeaderElection304] INFO  server.RaftServerConfigKeys (ConfUtils.java:logGet(43)) - raft.server.write.element-limit = 4096 (default)
2019-09-26 15:13:46,760 [b3e939fd-eb36-468b-9efe-5d0a1fdaa172@group-33913256AF98:LeaderElection298] INFO  server.RaftServerConfigKeys (ConfUtils.java:logGet(43)) - raft.server.write.element-limit = 4096 (default)
2019-09-26 15:13:46,760 [b3e939fd-eb36-468b-9efe-5d0a1fdaa172@group-B2026959841C-SegmentedRaftLogWorker] INFO  segmented.SegmentedRaftLogWorker (SegmentedRaftLogWorker.java:close(228)) - b3e939fd-eb36-468b-9efe-5d0a1fdaa172@group-B2026959841C-SegmentedRaftLogWorker close()
2019-09-26 15:13:46,760 [b3e939fd-eb36-468b-9efe-5d0a1fdaa172@group-F3ED5FA15865:LeaderElection284] INFO  server.RaftServerConfigKeys (ConfUtils.java:logGet(43)) - raft.server.write.element-limit = 4096 (default)
2019-09-26 15:13:46,760 [b3e939fd-eb36-468b-9efe-5d0a1fdaa172@group-8510E27DA55F:LeaderElection289] INFO  server.RaftServerConfigKeys (ConfUtils.java:logGet(43)) - raft.server.write.element-limit = 4096 (default)
2019-09-26 15:13:46,760 [b3e939fd-eb36-468b-9efe-5d0a1fdaa172@group-7ED9DECB8A6B:LeaderElection288] INFO  server.RaftServerConfigKeys (ConfUtils.java:logGet(43)) - raft.server.write.element-limit = 4096 (default)
2019-09-26 15:13:46,760 [b3e939fd-eb36-468b-9efe-5d0a1fdaa172@group-F26566D6F0FB-SegmentedRaftLogWorker] INFO  segmented.SegmentedRaftLogWorker (SegmentedRaftLogWorker.java:close(228)) - b3e939fd-eb36-468b-9efe-5d0a1fdaa172@group-F26566D6F0FB-SegmentedRaftLogWorker close()
2019-09-26 15:13:46,760 [b3e939fd-eb36-468b-9efe-5d0a1fdaa172@group-5C693F90868A:LeaderElection290] INFO  server.RaftServerConfigKeys (ConfUtils.java:logGet(43)) - raft.server.write.element-limit = 4096 (default)
2019-09-26 15:13:46,760 [b3e939fd-eb36-468b-9efe-5d0a1fdaa172@group-E65C91CFD05F-SegmentedRaftLogWorker] INFO  impl.PendingRequests (PendingRequests.java:sendNotLeaderResponses(202)) - b3e939fd-eb36-468b-9efe-5d0a1fdaa172-PendingRequests: sendNotLeaderResponses
2019-09-26 15:13:50,362 [b3e939fd-eb36-468b-9efe-5d0a1fdaa172@group-5C693F90868A:LeaderElection290] INFO  server.RaftServerConfigKeys (ConfUtils.java:logGet(43)) - raft.server.watch.timeout = 10s (default)
2019-09-26 15:13:50,362 [b3e939fd-eb36-468b-9efe-5d0a1fdaa172@group-7ED9DECB8A6B:LeaderElection288] INFO  server.RaftServerConfigKeys (ConfUtils.java:logGet(43)) - raft.server.watch.timeout = 10s (default)
2019-09-26 15:13:50,362 [b3e939fd-eb36-468b-9efe-5d0a1fdaa172@group-8510E27DA55F:LeaderElection289] INFO  server.RaftServerConfigKeys (ConfUtils.java:logGet(43)) - raft.server.watch.timeout = 10s (default)
2019-09-26 15:13:50,362 [b3e939fd-eb36-468b-9efe-5d0a1fdaa172@group-F3ED5FA15865:LeaderElection284] INFO  server.RaftServerConfigKeys (ConfUtils.java:logGet(43)) - raft.server.watch.timeout = 10s (default)
2019-09-26 15:13:50,362 [b3e939fd-eb36-468b-9efe-5d0a1fdaa172@group-33913256AF98:LeaderElection298] INFO  server.RaftServerConfigKeys (ConfUtils.java:logGet(43)) - raft.server.watch.timeout = 10s (default)
2019-09-26 15:13:50,363 [b3e939fd-eb36-468b-9efe-5d0a1fdaa172@group-33913256AF98:LeaderElection298] INFO  server.RaftServerConfigKeys (ConfUtils.java:logGet(43)) - raft.server.watch.timeout.denomination = 1s (default)
2019-09-26 15:13:50,362 [b3e939fd-eb36-468b-9efe-5d0a1fdaa172@group-82F2C342C520:LeaderElection304] INFO  server.RaftServerConfigKeys (ConfUtils.java:logGet(43)) - raft.server.watch.timeout = 10s (default)
2019-09-26 15:13:50,361 [b3e939fd-eb36-468b-9efe-5d0a1fdaa172@group-84DF8E7A77E0:LeaderElection282] INFO  server.RaftServerConfigKeys (ConfUtils.java:logGet(43)) - raft.server.watch.timeout.denomination = 1s (default)
2019-09-26 15:13:50,363 [b3e939fd-eb36-468b-9efe-5d0a1fdaa172@group-84DF8E7A77E0:LeaderElection282] INFO  server.RaftServerConfigKeys (ConfUtils.java:logGet(43)) - raft.server.watch.element-limit = 65536 (default)
2019-09-26 15:13:50,361 [b3e939fd-eb36-468b-9efe-5d0a1fdaa172@group-B602AE1BC508:LeaderElection302] INFO  server.RaftServerConfigKeys (ConfUtils.java:logGet(43)) - raft.server.watch.timeout = 10s (default)
2019-09-26 15:13:50,361 [b3e939fd-eb36-468b-9efe-5d0a1fdaa172@group-A909352B10E1:LeaderElection301] INFO  server.RaftServerConfigKeys (ConfUtils.java:logGet(43)) - raft.server.watch.timeout = 10s (default)
2019-09-26 15:13:50,361 [b3e939fd-eb36-468b-9efe-5d0a1fdaa172@group-DEE462ADEC0E:LeaderElection297] INFO  server.RaftServerConfigKeys (ConfUtils.java:logGet(43)) - raft.server.watch.element-limit = 65536 (default)
2019-09-26 15:13:50,361 [b3e939fd-eb36-468b-9efe-5d0a1fdaa172@group-25745E01B0BD:LeaderElection305] INFO  server.RaftServerConfigKeys (ConfUtils.java:logGet(43)) - raft.server.watch.timeout = 10s (default)
2019-09-26 15:13:50,361 [b3e939fd-eb36-468b-9efe-5d0a1fdaa172@group-CA0F44176545:LeaderElection296] INFO  server.RaftServerConfigKeys (ConfUtils.java:logGet(43)) - raft.server.watch.timeout = 10s (default)
2019-09-26 15:13:50,364 [b3e939fd-eb36-468b-9efe-5d0a1fdaa172@group-CA0F44176545:LeaderElection296] INFO  server.RaftServerConfigKeys (ConfUtils.java:logGet(43)) - raft.server.watch.timeout.denomination = 1s (default)
2019-09-26 15:13:50,361 [b3e939fd-eb36-468b-9efe-5d0a1fdaa172@group-3BF504006062:LeaderElection295] INFO  server.RaftServerConfigKeys (ConfUtils.java:logGet(43)) - raft.server.watch.timeout = 10s (default)
2019-09-26 15:13:50,360 [b3e939fd-eb36-468b-9efe-5d0a1fdaa172@group-302304666DE6:LeaderElection306] INFO  server.RaftServerConfigKeys (ConfUtils.java:logGet(43)) - raft.server.watch.timeout = 10s (default)
2019-09-26 15:13:50,360 [b3e939fd-eb36-468b-9efe-5d0a1fdaa172@group-05F1D5DB38B1:LeaderElection279] INFO  server.RaftServerConfigKeys (ConfUtils.java:logGet(43)) - raft.server.watch.timeout = 10s (default)
2019-09-26 15:13:50,360 [b3e939fd-eb36-468b-9efe-5d0a1fdaa172@group-B6785E685516:LeaderElection313] INFO  server.RaftServerConfigKeys (ConfUtils.java:logGet(43)) - raft.server.watch.timeout = 10s (default)
2019-09-26 15:13:50,364 [b3e939fd-eb36-468b-9efe-5d0a1fdaa172@group-B6785E685516:LeaderElection313] INFO  server.RaftServerConfigKeys (ConfUtils.java:logGet(43)) - raft.server.watch.timeout.denomination = 1s (default)
2019-09-26 15:13:50,360 [b3e939fd-eb36-468b-9efe-5d0a1fdaa172@group-F4FE86D2BCDD:LeaderElection285] INFO  server.RaftServerConfigKeys (ConfUtils.java:logGet(43)) - raft.server.watch.timeout.denomination = 1s (default)
2019-09-26 15:13:50,360 [b3e939fd-eb36-468b-9efe-5d0a1fdaa172@group-752F8CC2B31E:LeaderElection287] INFO  server.RaftServerConfigKeys (ConfUtils.java:logGet(43)) - raft.server.watch.timeout = 10s (default)
2019-09-26 15:13:50,365 [b3e939fd-eb36-468b-9efe-5d0a1fdaa172@group-752F8CC2B31E:LeaderElection287] INFO  server.RaftServerConfigKeys (ConfUtils.java:logGet(43)) - raft.server.watch.timeout.denomination = 1s (default)
2019-09-26 15:13:50,360 [b3e939fd-eb36-468b-9efe-5d0a1fdaa172@group-68CC56D33CDB:LeaderElection268] INFO  server.RaftServerConfigKeys (ConfUtils.java:logGet(43)) - raft.server.watch.timeout = 10s (default)
2019-09-26 15:13:50,365 [b3e939fd-eb36-468b-9efe-5d0a1fdaa172@group-68CC56D33CDB:LeaderElection268] INFO  server.RaftServerConfigKeys (ConfUtils.java:logGet(43)) - raft.server.watch.timeout.denomination = 1s (default)
2019-09-26 15:13:50,359 [b3e939fd-eb36-468b-9efe-5d0a1fdaa172@group-7BA823644DD2:LeaderElection314] INFO  server.RaftServerConfigKeys (ConfUtils.java:logGet(43)) - raft.server.watch.timeout = 10s (default)
2019-09-26 15:13:50,359 [b3e939fd-eb36-468b-9efe-5d0a1fdaa172@group-C4FDEBA5923A:LeaderElection246] INFO  impl.RaftServerImpl (ServerState.java:setRaftConf(354)) - b3e939fd-eb36-468b-9efe-5d0a1fdaa172@group-C4FDEBA5923A: set configuration 0: [b3e939fd-eb36-468b-9efe-5d0a1fdaa172:192.168.151.99:45433], old=null at 0
2019-09-26 15:13:50,359 [b3e939fd-eb36-468b-9efe-5d0a1fdaa172@group-1A432A011447-SegmentedRaftLogWorker] ERROR segmented.SegmentedRaftLogWorker (SegmentedRaftLogWorker.java:run(323)) - b3e939fd-eb36-468b-9efe-5d0a1fdaa172@group-1A432A011447-SegmentedRaftLogWorker hit exception
java.lang.OutOfMemoryError: Direct buffer memory
	at java.nio.Bits.reserveMemory(Bits.java:666)
	at java.nio.DirectByteBuffer.<init>(DirectByteBuffer.java:123)
	at java.nio.ByteBuffer.allocateDirect(ByteBuffer.java:311)
	at org.apache.ratis.server.raftlog.segmented.BufferedWriteChannel.<init>(BufferedWriteChannel.java:41)
	at org.apache.ratis.server.raftlog.segmented.SegmentedRaftLogOutputStream.<init>(SegmentedRaftLogOutputStream.java:72)
	at org.apache.ratis.server.raftlog.segmented.SegmentedRaftLogWorker$StartLogSegment.execute(SegmentedRaftLogWorker.java:566)
	at org.apache.ratis.server.raftlog.segmented.SegmentedRaftLogWorker.run(SegmentedRaftLogWorker.java:289)
	at java.lang.Thread.run(Thread.java:748)
2019-09-26 15:13:50,365 [b3e939fd-eb36-468b-9efe-5d0a1fdaa172@group-1A432A011447-SegmentedRaftLogWorker] INFO  impl.RaftServerImpl (RaftServerImpl.java:lambda$shutdown$3(251)) - b3e939fd-eb36-468b-9efe-5d0a1fdaa172@group-1A432A011447: shutdown
2019-09-26 15:13:50,355 [b3e939fd-eb36-468b-9efe-5d0a1fdaa172@group-E8E63C574F52-SegmentedRaftLogWorker] ERROR segmented.SegmentedRaftLogWorker (SegmentedRaftLogWorker.java:run(323)) - b3e939fd-eb36-468b-9efe-5d0a1fdaa172@group-E8E63C574F52-SegmentedRaftLogWorker hit exception
java.lang.OutOfMemoryError: Direct buffer memory
	at java.nio.Bits.reserveMemory(Bits.java:666)
	at java.nio.DirectByteBuffer.<init>(DirectByteBuffer.java:123)
	at java.nio.ByteBuffer.allocateDirect(ByteBuffer.java:311)
	at org.apache.ratis.server.raftlog.segmented.BufferedWriteChannel.<init>(BufferedWriteChannel.java:41)
	at org.apache.ratis.server.raftlog.segmented.SegmentedRaftLogOutputStream.<init>(SegmentedRaftLogOutputStream.java:72)
	at org.apache.ratis.server.raftlog.segmented.SegmentedRaftLogWorker$StartLogSegment.execute(SegmentedRaftLogWorker.java:566)
	at org.apache.ratis.server.raftlog.segmented.SegmentedRaftLogWorker.run(SegmentedRaftLogWorker.java:289)
	at java.lang.Thread.run(Thread.java:748)
2019-09-26 15:13:47,103 [b3e939fd-eb36-468b-9efe-5d0a1fdaa172@group-54B73EABA4F1:LeaderElection261] INFO  impl.RaftServerImpl (ServerState.java:setRaftConf(354)) - b3e939fd-eb36-468b-9efe-5d0a1fdaa172@group-54B73EABA4F1: set configuration 0: [b3e939fd-eb36-468b-9efe-5d0a1fdaa172:192.168.151.99:45433], old=null at 0
2019-09-26 15:13:47,103 [b3e939fd-eb36-468b-9efe-5d0a1fdaa172@group-F5BF1B3E3E4A:LeaderElection248] INFO  impl.RaftServerImpl (ServerState.java:setRaftConf(354)) - b3e939fd-eb36-468b-9efe-5d0a1fdaa172@group-F5BF1B3E3E4A: set configuration 0: [b3e939fd-eb36-468b-9efe-5d0a1fdaa172:192.168.151.99:45433], old=null at 0
2019-09-26 15:13:47,103 [b3e939fd-eb36-468b-9efe-5d0a1fdaa172@group-5C744E83DB9A:LeaderElection256] INFO  impl.RaftServerImpl (ServerState.java:setRaftConf(354)) - b3e939fd-eb36-468b-9efe-5d0a1fdaa172@group-5C744E83DB9A: set configuration 0: [b3e939fd-eb36-468b-9efe-5d0a1fdaa172:192.168.151.99:45433], old=null at 0
2019-09-26 15:13:46,764 [b3e939fd-eb36-468b-9efe-5d0a1fdaa172@group-EEC0B09CDA31:LeaderElection280] INFO  server.RaftServerConfigKeys (ConfUtils.java:logGet(43)) - raft.server.watch.timeout.denomination = 1s (default)
2019-09-26 15:13:46,764 [b3e939fd-eb36-468b-9efe-5d0a1fdaa172@group-7C3112672CFD:LeaderElection251] INFO  impl.RaftServerImpl (ServerState.java:setRaftConf(354)) - b3e939fd-eb36-468b-9efe-5d0a1fdaa172@group-7C3112672CFD: set configuration 0: [b3e939fd-eb36-468b-9efe-5d0a1fdaa172:192.168.151.99:45433], old=null at 0
2019-09-26 15:13:46,764 [b3e939fd-eb36-468b-9efe-5d0a1fdaa172@group-A69ABA2706CB:LeaderElection252] INFO  impl.RaftServerImpl (ServerState.java:setRaftConf(354)) - b3e939fd-eb36-468b-9efe-5d0a1fdaa172@group-A69ABA2706CB: set configuration 0: [b3e939fd-eb36-468b-9efe-5d0a1fdaa172:192.168.151.99:45433], old=null at 0
2019-09-26 15:13:46,764 [b3e939fd-eb36-468b-9efe-5d0a1fdaa172@group-CD5FC8CEC3A3:LeaderElection293] INFO  server.RaftServerConfigKeys (ConfUtils.java:logGet(43)) - raft.server.watch.timeout = 10s (default)
2019-09-26 15:13:46,764 [b3e939fd-eb36-468b-9efe-5d0a1fdaa172@group-2969446FDAA8:LeaderElection205] INFO  impl.RaftServerImpl (ServerState.java:setRaftConf(354)) - b3e939fd-eb36-468b-9efe-5d0a1fdaa172@group-2969446FDAA8: set configuration 0: [b3e939fd-eb36-468b-9efe-5d0a1fdaa172:192.168.151.99:45433], old=null at 0
2019-09-26 15:13:46,764 [b3e939fd-eb36-468b-9efe-5d0a1fdaa172@group-C7BB781426AF:LeaderElection267] INFO  server.RaftServerConfigKeys (ConfUtils.java:logGet(43)) - raft.server.watch.timeout = 10s (default)
2019-09-26 15:13:50,367 [b3e939fd-eb36-468b-9efe-5d0a1fdaa172@group-C7BB781426AF:LeaderElection267] INFO  server.RaftServerConfigKeys (ConfUtils.java:logGet(43)) - raft.server.watch.timeout.denomination = 1s (default)
2019-09-26 15:13:46,764 [b3e939fd-eb36-468b-9efe-5d0a1fdaa172@group-0CA234018F8C:LeaderElection238] INFO  impl.RaftServerImpl (ServerState.java:setRaftConf(354)) - b3e939fd-eb36-468b-9efe-5d0a1fdaa172@group-0CA234018F8C: set configuration 0: [b3e939fd-eb36-468b-9efe-5d0a1fdaa172:192.168.151.99:45433], old=null at 0
2019-09-26 15:13:46,764 [b3e939fd-eb36-468b-9efe-5d0a1fdaa172@group-9591EA67C8C0:LeaderElection308] INFO  server.RaftServerConfigKeys (ConfUtils.java:logGet(43)) - raft.server.watch.timeout = 10s (default)
2019-09-26 15:13:46,764 [b3e939fd-eb36-468b-9efe-5d0a1fdaa172@group-6AE5FF705F7D:LeaderElection266] INFO  server.RaftServerConfigKeys (ConfUtils.java:logGet(43)) - raft.server.watch.timeout = 10s (default)
2019-09-26 15:13:46,764 [b3e939fd-eb36-468b-9efe-5d0a1fdaa172@group-23B1075E3B4B:LeaderElection254] INFO  impl.RaftServerImpl (ServerState.java:setRaftConf(354)) - b3e939fd-eb36-468b-9efe-5d0a1fdaa172@group-23B1075E3B4B: set configuration 0: [b3e939fd-eb36-468b-9efe-5d0a1fdaa172:192.168.151.99:45433], old=null at 0
2019-09-26 15:13:46,764 [b3e939fd-eb36-468b-9efe-5d0a1fdaa172@group-1BDA4246E368:LeaderElection286] INFO  server.RaftServerConfigKeys (ConfUtils.java:logGet(43)) - raft.server.watch.timeout = 10s (default)
2019-09-26 15:13:46,764 [b3e939fd-eb36-468b-9efe-5d0a1fdaa172@group-1A6945A2EB5D:LeaderElection312] INFO  server.RaftServerConfigKeys (ConfUtils.java:logGet(43)) - raft.server.watch.timeout = 10s (default)
2019-09-26 15:13:46,764 [b3e939fd-eb36-468b-9efe-5d0a1fdaa172@group-1CB942701F5F:LeaderElection250] INFO  impl.RaftServerImpl (ServerState.java:setRaftConf(354)) - b3e939fd-eb36-468b-9efe-5d0a1fdaa172@group-1CB942701F5F: set configuration 0: [b3e939fd-eb36-468b-9efe-5d0a1fdaa172:192.168.151.99:45433], old=null at 0
2019-09-26 15:13:46,764 [b3e939fd-eb36-468b-9efe-5d0a1fdaa172@group-336DB84C1351:LeaderElection255] INFO  impl.RaftServerImpl (ServerState.java:setRaftConf(354)) - b3e939fd-eb36-468b-9efe-5d0a1fdaa172@group-336DB84C1351: set configuration 0: [b3e939fd-eb36-468b-9efe-5d0a1fdaa172:192.168.151.99:45433], old=null at 0
2019-09-26 15:13:46,764 [b3e939fd-eb36-468b-9efe-5d0a1fdaa172@group-F11DE81BFF74:LeaderElection283] INFO  server.RaftServerConfigKeys (ConfUtils.java:logGet(43)) - raft.server.watch.timeout = 10s (default)
2019-09-26 15:13:50,368 [b3e939fd-eb36-468b-9efe-5d0a1fdaa172@group-F11DE81BFF74:LeaderElection283] INFO  server.RaftServerConfigKeys (ConfUtils.java:logGet(43)) - raft.server.watch.timeout.denomination = 1s (default)
2019-09-26 15:13:46,763 [b3e939fd-eb36-468b-9efe-5d0a1fdaa172@group-84D1E06F87C5:LeaderElection258] INFO  impl.RaftServerImpl (ServerState.java:setRaftConf(354)) - b3e939fd-eb36-468b-9efe-5d0a1fdaa172@group-84D1E06F87C5: set configuration 0: [b3e939fd-eb36-468b-9efe-5d0a1fdaa172:192.168.151.99:45433], old=null at 0
2019-09-26 15:13:46,763 [b3e939fd-eb36-468b-9efe-5d0a1fdaa172@group-1B7B953A35B5:LeaderElection281] INFO  server.RaftServerConfigKeys (ConfUtils.java:logGet(43)) - raft.server.watch.timeout.denomination = 1s (default)
2019-09-26 15:13:46,763 [b3e939fd-eb36-468b-9efe-5d0a1fdaa172@group-ECF09D41D404:LeaderElection278] INFO  server.RaftServerConfigKeys (ConfUtils.java:logGet(43)) - raft.server.watch.timeout = 10s (default)
2019-09-26 15:13:50,368 [b3e939fd-eb36-468b-9efe-5d0a1fdaa172@group-ECF09D41D404:LeaderElection278] INFO  server.RaftServerConfigKeys (ConfUtils.java:logGet(43)) - raft.server.watch.timeout.denomination = 1s (default)
2019-09-26 15:13:46,763 [b3e939fd-eb36-468b-9efe-5d0a1fdaa172@group-B8A18754ECB2:LeaderElection257] INFO  impl.RaftServerImpl (ServerState.java:setRaftConf(354)) - b3e939fd-eb36-468b-9efe-5d0a1fdaa172@group-B8A18754ECB2: set configuration 0: [b3e939fd-eb36-468b-9efe-5d0a1fdaa172:192.168.151.99:45433], old=null at 0
2019-09-26 15:13:46,763 [b3e939fd-eb36-468b-9efe-5d0a1fdaa172@group-98F9BF2BE007:LeaderElection262] INFO  impl.RaftServerImpl (ServerState.java:setRaftConf(354)) - b3e939fd-eb36-468b-9efe-5d0a1fdaa172@group-98F9BF2BE007: set configuration 0: [b3e939fd-eb36-468b-9efe-5d0a1fdaa172:192.168.151.99:45433], old=null at 0
2019-09-26 15:13:46,763 [b3e939fd-eb36-468b-9efe-5d0a1fdaa172@group-74515BDB2857:LeaderElection277] INFO  server.RaftServerConfigKeys (ConfUtils.java:logGet(43)) - raft.server.watch.timeout = 10s (default)
2019-09-26 15:13:50,369 [b3e939fd-eb36-468b-9efe-5d0a1fdaa172@group-74515BDB2857:LeaderElection277] INFO  server.RaftServerConfigKeys (ConfUtils.java:logGet(43)) - raft.server.watch.timeout.denomination = 1s (default)
2019-09-26 15:13:46,763 [b3e939fd-eb36-468b-9efe-5d0a1fdaa172@group-D591C59CFB86:LeaderElection294] INFO  server.RaftServerConfigKeys (ConfUtils.java:logGet(43)) - raft.server.watch.timeout = 10s (default)
2019-09-26 15:13:46,763 [b3e939fd-eb36-468b-9efe-5d0a1fdaa172@group-5152959DB5D4:LeaderElection299] INFO  server.RaftServerConfigKeys (ConfUtils.java:logGet(43)) - raft.server.watch.timeout = 10s (default)
2019-09-26 15:13:46,763 [b3e939fd-eb36-468b-9efe-5d0a1fdaa172@group-2B1CE96F5305:LeaderElection307] INFO  server.RaftServerConfigKeys (ConfUtils.java:logGet(43)) - raft.server.write.element-limit = 4096 (default)
2019-09-26 15:13:46,763 [b3e939fd-eb36-468b-9efe-5d0a1fdaa172@group-270C29ADC77F:LeaderElection210] INFO  impl.RaftServerImpl (ServerState.java:setRaftConf(354)) - b3e939fd-eb36-468b-9efe-5d0a1fdaa172@group-270C29ADC77F: set configuration 0: [b3e939fd-eb36-468b-9efe-5d0a1fdaa172:192.168.151.99:45433], old=null at 0
2019-09-26 15:13:46,763 [b3e939fd-eb36-468b-9efe-5d0a1fdaa172@group-71A36764AA64:LeaderElection300] INFO  server.RaftServerConfigKeys (ConfUtils.java:logGet(43)) - raft.server.watch.timeout = 10s (default)
2019-09-26 15:13:50,370 [b3e939fd-eb36-468b-9efe-5d0a1fdaa172@group-71A36764AA64:LeaderElection300] INFO  server.RaftServerConfigKeys (ConfUtils.java:logGet(43)) - raft.server.watch.timeout.denomination = 1s (default)
2019-09-26 15:13:46,763 [b3e939fd-eb36-468b-9efe-5d0a1fdaa172@group-711EE27C9E35:LeaderElection303] INFO  server.RaftServerConfigKeys (ConfUtils.java:logGet(43)) - raft.server.watch.timeout.denomination = 1s (default)
2019-09-26 15:13:46,763 [b3e939fd-eb36-468b-9efe-5d0a1fdaa172@group-92F7CC5958C9:LeaderElection276] INFO  server.RaftServerConfigKeys (ConfUtils.java:logGet(43)) - raft.server.watch.timeout = 10s (default)
2019-09-26 15:13:46,763 [b3e939fd-eb36-468b-9efe-5d0a1fdaa172@group-778C63AA011E:LeaderElection219] INFO  impl.RaftServerImpl (ServerState.java:setRaftConf(354)) - b3e939fd-eb36-468b-9efe-5d0a1fdaa172@group-778C63AA011E: set configuration 0: [b3e939fd-eb36-468b-9efe-5d0a1fdaa172:192.168.151.99:45433], old=null at 0
2019-09-26 15:13:46,762 [b3e939fd-eb36-468b-9efe-5d0a1fdaa172@group-0531D8DEB565:LeaderElection270] INFO  server.RaftServerConfigKeys (ConfUtils.java:logGet(43)) - raft.server.watch.timeout = 10s (default)
2019-09-26 15:13:46,762 [b3e939fd-eb36-468b-9efe-5d0a1fdaa172@group-84E520E4AB54:LeaderElection271] INFO  server.RaftServerConfigKeys (ConfUtils.java:logGet(43)) - raft.server.watch.timeout = 10s (default)
2019-09-26 15:13:50,370 [b3e939fd-eb36-468b-9efe-5d0a1fdaa172@group-84E520E4AB54:LeaderElection271] INFO  server.RaftServerConfigKeys (ConfUtils.java:logGet(43)) - raft.server.watch.timeout.denomination = 1s (default)
2019-09-26 15:13:50,370 [b3e939fd-eb36-468b-9efe-5d0a1fdaa172@group-84E520E4AB54:LeaderElection271] INFO  server.RaftServerConfigKeys (ConfUtils.java:logGet(43)) - raft.server.watch.element-limit = 65536 (default)
2019-09-26 15:13:46,762 [b3e939fd-eb36-468b-9efe-5d0a1fdaa172@group-3940D53E95A2:LeaderElection245] INFO  impl.RaftServerImpl (ServerState.java:setRaftConf(354)) - b3e939fd-eb36-468b-9efe-5d0a1fdaa172@group-3940D53E95A2: set configuration 0: [b3e939fd-eb36-468b-9efe-5d0a1fdaa172:192.168.151.99:45433], old=null at 0
2019-09-26 15:13:46,762 [b3e939fd-eb36-468b-9efe-5d0a1fdaa172@group-439DC12DB850:LeaderElection272] INFO  server.RaftServerConfigKeys (ConfUtils.java:logGet(43)) - raft.server.watch.timeout = 10s (default)
2019-09-26 15:13:50,371 [b3e939fd-eb36-468b-9efe-5d0a1fdaa172@group-439DC12DB850:LeaderElection272] INFO  server.RaftServerConfigKeys (ConfUtils.java:logGet(43)) - raft.server.watch.timeout.denomination = 1s (default)
2019-09-26 15:13:46,762 [b3e939fd-eb36-468b-9efe-5d0a1fdaa172@group-ED5485EA5ACD:LeaderElection273] INFO  server.RaftServerConfigKeys (ConfUtils.java:logGet(43)) - raft.server.watch.timeout = 10s (default)
2019-09-26 15:13:46,762 [b3e939fd-eb36-468b-9efe-5d0a1fdaa172@group-7F7680AB9573:LeaderElection269] INFO  server.RaftServerConfigKeys (ConfUtils.java:logGet(43)) - raft.server.watch.timeout = 10s (default)
2019-09-26 15:13:46,762 [b3e939fd-eb36-468b-9efe-5d0a1fdaa172@group-D363040DAF31:LeaderElection315] INFO  server.RaftServerConfigKeys (ConfUtils.java:logGet(43)) - raft.server.watch.timeout = 10s (default)
2019-09-26 15:13:46,762 [b3e939fd-eb36-468b-9efe-5d0a1fdaa172@group-4E868D6FA5B9:LeaderElection249] INFO  impl.RaftServerImpl (ServerState.java:setRaftConf(354)) - b3e939fd-eb36-468b-9efe-5d0a1fdaa172@group-4E868D6FA5B9: set configuration 0: [b3e939fd-eb36-468b-9efe-5d0a1fdaa172:192.168.151.99:45433], old=null at 0
2019-09-26 15:13:46,762 [b3e939fd-eb36-468b-9efe-5d0a1fdaa172@group-E00230405E12:LeaderElection291] INFO  server.RaftServerConfigKeys (ConfUtils.java:logGet(43)) - raft.server.watch.timeout.denomination = 1s (default)
2019-09-26 15:13:46,762 [b3e939fd-eb36-468b-9efe-5d0a1fdaa172@group-A2BD7EF985B3:LeaderElection274] INFO  server.RaftServerConfigKeys (ConfUtils.java:logGet(43)) - raft.server.watch.timeout = 10s (default)
2019-09-26 15:13:46,762 [b3e939fd-eb36-468b-9efe-5d0a1fdaa172@group-4295C4227654:LeaderElection263] INFO  server.RaftServerConfigKeys (ConfUtils.java:logGet(43)) - raft.server.watch.timeout = 10s (default)
2019-09-26 15:13:46,761 [b3e939fd-eb36-468b-9efe-5d0a1fdaa172@group-659098C9AEA4:LeaderElection310] INFO  server.RaftServerConfigKeys (ConfUtils.java:logGet(43)) - raft.server.watch.timeout = 10s (default)
2019-09-26 15:13:46,761 [b3e939fd-eb36-468b-9efe-5d0a1fdaa172@group-DF5FBD1E9085:LeaderElection260] INFO  impl.RaftServerImpl (ServerState.java:setRaftConf(354)) - b3e939fd-eb36-468b-9efe-5d0a1fdaa172@group-DF5FBD1E9085: set configuration 0: [b3e939fd-eb36-468b-9efe-5d0a1fdaa172:192.168.151.99:45433], old=null at 0
2019-09-26 15:13:46,761 [b3e939fd-eb36-468b-9efe-5d0a1fdaa172@group-74AE591B69F2:LeaderElection311] INFO  server.RaftServerConfigKeys (ConfUtils.java:logGet(43)) - raft.server.watch.timeout = 10s (default)
2019-09-26 15:13:50,372 [b3e939fd-eb36-468b-9efe-5d0a1fdaa172@group-74AE591B69F2:LeaderElection311] INFO  server.RaftServerConfigKeys (ConfUtils.java:logGet(43)) - raft.server.watch.timeout.denomination = 1s (default)
2019-09-26 15:13:46,761 [b3e939fd-eb36-468b-9efe-5d0a1fdaa172@group-D5D0A30B4DC8:LeaderElection292] INFO  impl.RaftServerImpl (ServerState.java:setRaftConf(354)) - b3e939fd-eb36-468b-9efe-5d0a1fdaa172@group-D5D0A30B4DC8: set configuration 0: [b3e939fd-eb36-468b-9efe-5d0a1fdaa172:192.168.151.99:45433], old=null at 0
2019-09-26 15:13:46,761 [b3e939fd-eb36-468b-9efe-5d0a1fdaa172@group-8292B21D7178:LeaderElection309] INFO  server.RaftServerConfigKeys (ConfUtils.java:logGet(43)) - raft.server.watch.timeout = 10s (default)
2019-09-26 15:13:50,372 [b3e939fd-eb36-468b-9efe-5d0a1fdaa172@group-8292B21D7178:LeaderElection309] INFO  server.RaftServerConfigKeys (ConfUtils.java:logGet(43)) - raft.server.watch.timeout.denomination = 1s (default)
2019-09-26 15:13:46,761 [b3e939fd-eb36-468b-9efe-5d0a1fdaa172@group-82208FB82218:LeaderElection264] INFO  server.RaftServerConfigKeys (ConfUtils.java:logGet(43)) - raft.server.watch.timeout = 10s (default)
2019-09-26 15:13:46,761 [b3e939fd-eb36-468b-9efe-5d0a1fdaa172@group-B87D49FAC1EB:LeaderElection265] INFO  server.RaftServerConfigKeys (ConfUtils.java:logGet(43)) - raft.server.write.element-limit = 4096 (default)
2019-09-26 15:13:46,761 [b3e939fd-eb36-468b-9efe-5d0a1fdaa172@group-B7C42A2D7902-SegmentedRaftLogWorker] INFO  impl.RaftServerImpl (ServerState.java:close(385)) - b3e939fd-eb36-468b-9efe-5d0a1fdaa172@group-B7C42A2D7902: closes. applyIndex: -1
2019-09-26 15:13:50,373 [b3e939fd-eb36-468b-9efe-5d0a1fdaa172@group-B87D49FAC1EB:LeaderElection265] INFO  server.RaftServerConfigKeys (ConfUtils.java:logGet(43)) - raft.server.watch.timeout = 10s (default)
2019-09-26 15:13:50,373 [b3e939fd-eb36-468b-9efe-5d0a1fdaa172@group-B87D49FAC1EB:LeaderElection265] INFO  server.RaftServerConfigKeys (ConfUtils.java:logGet(43)) - raft.server.watch.timeout.denomination = 1s (default)
2019-09-26 15:13:50,373 [b3e939fd-eb36-468b-9efe-5d0a1fdaa172@group-82208FB82218:LeaderElection264] INFO  server.RaftServerConfigKeys (ConfUtils.java:logGet(43)) - raft.server.watch.timeout.denomination = 1s (default)
2019-09-26 15:13:50,372 [b3e939fd-eb36-468b-9efe-5d0a1fdaa172@group-8292B21D7178:LeaderElection309] INFO  server.RaftServerConfigKeys (ConfUtils.java:logGet(43)) - raft.server.watch.element-limit = 65536 (default)
2019-09-26 15:13:50,372 [b3e939fd-eb36-468b-9efe-5d0a1fdaa172@group-74AE591B69F2:LeaderElection311] INFO  server.RaftServerConfigKeys (ConfUtils.java:logGet(43)) - raft.server.watch.element-limit = 65536 (default)
2019-09-26 15:13:50,372 [b3e939fd-eb36-468b-9efe-5d0a1fdaa172@group-659098C9AEA4:LeaderElection310] INFO  server.RaftServerConfigKeys (ConfUtils.java:logGet(43)) - raft.server.watch.timeout.denomination = 1s (default)
2019-09-26 15:13:50,372 [b3e939fd-eb36-468b-9efe-5d0a1fdaa172@group-4295C4227654:LeaderElection263] INFO  server.RaftServerConfigKeys (ConfUtils.java:logGet(43)) - raft.server.watch.timeout.denomination = 1s (default)
2019-09-26 15:13:50,372 [b3e939fd-eb36-468b-9efe-5d0a1fdaa172@group-A2BD7EF985B3:LeaderElection274] INFO  server.RaftServerConfigKeys (ConfUtils.java:logGet(43)) - raft.server.watch.timeout.denomination = 1s (default)
2019-09-26 15:13:50,371 [b3e939fd-eb36-468b-9efe-5d0a1fdaa172@group-E00230405E12:LeaderElection291] INFO  server.RaftServerConfigKeys (ConfUtils.java:logGet(43)) - raft.server.watch.element-limit = 65536 (default)
2019-09-26 15:13:50,371 [b3e939fd-eb36-468b-9efe-5d0a1fdaa172@group-D363040DAF31:LeaderElection315] INFO  server.RaftServerConfigKeys (ConfUtils.java:logGet(43)) - raft.server.watch.timeout.denomination = 1s (default)
2019-09-26 15:13:50,374 [b3e939fd-eb36-468b-9efe-5d0a1fdaa172@group-D363040DAF31:LeaderElection315] INFO  server.RaftServerConfigKeys (ConfUtils.java:logGet(43)) - raft.server.watch.element-limit = 65536 (default)
2019-09-26 15:13:50,371 [b3e939fd-eb36-468b-9efe-5d0a1fdaa172@group-7F7680AB9573:LeaderElection269] INFO  server.RaftServerConfigKeys (ConfUtils.java:logGet(43)) - raft.server.watch.timeout.denomination = 1s (default)
2019-09-26 15:13:50,371 [b3e939fd-eb36-468b-9efe-5d0a1fdaa172@group-ED5485EA5ACD:LeaderElection273] INFO  server.RaftServerConfigKeys (ConfUtils.java:logGet(43)) - raft.server.watch.timeout.denomination = 1s (default)
2019-09-26 15:13:50,374 [b3e939fd-eb36-468b-9efe-5d0a1fdaa172@group-ED5485EA5ACD:LeaderElection273] INFO  server.RaftServerConfigKeys (ConfUtils.java:logGet(43)) - raft.server.watch.element-limit = 65536 (default)
2019-09-26 15:13:50,371 [b3e939fd-eb36-468b-9efe-5d0a1fdaa172@group-439DC12DB850:LeaderElection272] INFO  server.RaftServerConfigKeys (ConfUtils.java:logGet(43)) - raft.server.watch.element-limit = 65536 (default)
2019-09-26 15:13:50,370 [b3e939fd-eb36-468b-9efe-5d0a1fdaa172@group-0531D8DEB565:LeaderElection270] INFO  server.RaftServerConfigKeys (ConfUtils.java:logGet(43)) - raft.server.watch.timeout.denomination = 1s (default)
2019-09-26 15:13:50,374 [b3e939fd-eb36-468b-9efe-5d0a1fdaa172@group-0531D8DEB565:LeaderElection270] INFO  server.RaftServerConfigKeys (ConfUtils.java:logGet(43)) - raft.server.watch.element-limit = 65536 (default)
2019-09-26 15:13:50,370 [b3e939fd-eb36-468b-9efe-5d0a1fdaa172@group-92F7CC5958C9:LeaderElection276] INFO  server.RaftServerConfigKeys (ConfUtils.java:logGet(43)) - raft.server.watch.timeout.denomination = 1s (default)
2019-09-26 15:13:50,370 [b3e939fd-eb36-468b-9efe-5d0a1fdaa172@group-711EE27C9E35:LeaderElection303] INFO  server.RaftServerConfigKeys (ConfUtils.java:logGet(43)) - raft.server.watch.element-limit = 65536 (default)
2019-09-26 15:13:50,370 [b3e939fd-eb36-468b-9efe-5d0a1fdaa172@group-71A36764AA64:LeaderElection300] INFO  server.RaftServerConfigKeys (ConfUtils.java:logGet(43)) - raft.server.watch.element-limit = 65536 (default)
2019-09-26 15:13:50,369 [b3e939fd-eb36-468b-9efe-5d0a1fdaa172@group-2B1CE96F5305:LeaderElection307] INFO  server.RaftServerConfigKeys (ConfUtils.java:logGet(43)) - raft.server.watch.timeout = 10s (default)
2019-09-26 15:13:50,375 [b3e939fd-eb36-468b-9efe-5d0a1fdaa172@group-2B1CE96F5305:LeaderElection307] INFO  server.RaftServerConfigKeys (ConfUtils.java:logGet(43)) - raft.server.watch.timeout.denomination = 1s (default)
2019-09-26 15:13:50,369 [b3e939fd-eb36-468b-9efe-5d0a1fdaa172@group-5152959DB5D4:LeaderElection299] INFO  server.RaftServerConfigKeys (ConfUtils.java:logGet(43)) - raft.server.watch.timeout.denomination = 1s (default)
2019-09-26 15:13:50,369 [b3e939fd-eb36-468b-9efe-5d0a1fdaa172@group-D591C59CFB86:LeaderElection294] INFO  server.RaftServerConfigKeys (ConfUtils.java:logGet(43)) - raft.server.watch.timeout.denomination = 1s (default)
2019-09-26 15:13:50,369 [b3e939fd-eb36-468b-9efe-5d0a1fdaa172@group-74515BDB2857:LeaderElection277] INFO  server.RaftServerConfigKeys (ConfUtils.java:logGet(43)) - raft.server.watch.element-limit = 65536 (default)
2019-09-26 15:13:50,369 [b3e939fd-eb36-468b-9efe-5d0a1fdaa172@group-ECF09D41D404:LeaderElection278] INFO  server.RaftServerConfigKeys (ConfUtils.java:logGet(43)) - raft.server.watch.element-limit = 65536 (default)
2019-09-26 15:13:50,368 [b3e939fd-eb36-468b-9efe-5d0a1fdaa172@group-1B7B953A35B5:LeaderElection281] INFO  server.RaftServerConfigKeys (ConfUtils.java:logGet(43)) - raft.server.watch.element-limit = 65536 (default)
2019-09-26 15:13:50,368 [b3e939fd-eb36-468b-9efe-5d0a1fdaa172@group-F11DE81BFF74:LeaderElection283] INFO  server.RaftServerConfigKeys (ConfUtils.java:logGet(43)) - raft.server.watch.element-limit = 65536 (default)
2019-09-26 15:13:50,368 [b3e939fd-eb36-468b-9efe-5d0a1fdaa172@group-1A6945A2EB5D:LeaderElection312] INFO  server.RaftServerConfigKeys (ConfUtils.java:logGet(43)) - raft.server.watch.timeout.denomination = 1s (default)
2019-09-26 15:13:50,367 [b3e939fd-eb36-468b-9efe-5d0a1fdaa172@group-1BDA4246E368:LeaderElection286] INFO  server.RaftServerConfigKeys (ConfUtils.java:logGet(43)) - raft.server.watch.timeout.denomination = 1s (default)
2019-09-26 15:13:50,376 [b3e939fd-eb36-468b-9efe-5d0a1fdaa172@group-1BDA4246E368:LeaderElection286] INFO  server.RaftServerConfigKeys (ConfUtils.java:logGet(43)) - raft.server.watch.element-limit = 65536 (default)
2019-09-26 15:13:50,367 [b3e939fd-eb36-468b-9efe-5d0a1fdaa172@group-6AE5FF705F7D:LeaderElection266] INFO  server.RaftServerConfigKeys (ConfUtils.java:logGet(43)) - raft.server.watch.timeout.denomination = 1s (default)
2019-09-26 15:13:50,367 [b3e939fd-eb36-468b-9efe-5d0a1fdaa172@group-9591EA67C8C0:LeaderElection308] INFO  server.RaftServerConfigKeys (ConfUtils.java:logGet(43)) - raft.server.watch.timeout.denomination = 1s (default)
2019-09-26 15:13:50,367 [b3e939fd-eb36-468b-9efe-5d0a1fdaa172@group-C7BB781426AF:LeaderElection267] INFO  server.RaftServerConfigKeys (ConfUtils.java:logGet(43)) - raft.server.watch.element-limit = 65536 (default)
2019-09-26 15:13:50,366 [b3e939fd-eb36-468b-9efe-5d0a1fdaa172@group-CD5FC8CEC3A3:LeaderElection293] INFO  server.RaftServerConfigKeys (ConfUtils.java:logGet(43)) - raft.server.watch.timeout.denomination = 1s (default)
2019-09-26 15:13:50,366 [b3e939fd-eb36-468b-9efe-5d0a1fdaa172@group-EEC0B09CDA31:LeaderElection280] INFO  server.RaftServerConfigKeys (ConfUtils.java:logGet(43)) - raft.server.watch.element-limit = 65536 (default)
2019-09-26 15:13:50,366 [b3e939fd-eb36-468b-9efe-5d0a1fdaa172@group-E8E63C574F52-SegmentedRaftLogWorker] INFO  impl.RaftServerImpl (RaftServerImpl.java:lambda$shutdown$3(251)) - b3e939fd-eb36-468b-9efe-5d0a1fdaa172@group-E8E63C574F52: shutdown
2019-09-26 15:13:50,366 [b3e939fd-eb36-468b-9efe-5d0a1fdaa172@group-1A432A011447-SegmentedRaftLogWorker] INFO  util.JmxRegister (JmxRegister.java:unregister(73)) - Successfully un-registered JMX Bean with object name Ratis:service=RaftServer,group=group-1A432A011447,id=b3e939fd-eb36-468b-9efe-5d0a1fdaa172
2019-09-26 15:13:50,377 [b3e939fd-eb36-468b-9efe-5d0a1fdaa172@group-1A432A011447-SegmentedRaftLogWorker] INFO  impl.RoleInfo (RoleInfo.java:shutdownLeaderState(104)) - b3e939fd-eb36-468b-9efe-5d0a1fdaa172: shutdown LeaderState
2019-09-26 15:13:50,365 [b3e939fd-eb36-468b-9efe-5d0a1fdaa172@group-7BA823644DD2:LeaderElection314] INFO  server.RaftServerConfigKeys (ConfUtils.java:logGet(43)) - raft.server.watch.timeout.denomination = 1s (default)
2019-09-26 15:13:50,365 [b3e939fd-eb36-468b-9efe-5d0a1fdaa172@group-68CC56D33CDB:LeaderElection268] INFO  server.RaftServerConfigKeys (ConfUtils.java:logGet(43)) - raft.server.watch.element-limit = 65536 (default)
2019-09-26 15:13:50,365 [b3e939fd-eb36-468b-9efe-5d0a1fdaa172@group-752F8CC2B31E:LeaderElection287] INFO  server.RaftServerConfigKeys (ConfUtils.java:logGet(43)) - raft.server.watch.element-limit = 65536 (default)
2019-09-26 15:13:50,365 [b3e939fd-eb36-468b-9efe-5d0a1fdaa172@group-F4FE86D2BCDD:LeaderElection285] INFO  server.RaftServerConfigKeys (ConfUtils.java:logGet(43)) - raft.server.watch.element-limit = 65536 (default)
2019-09-26 15:13:50,365 [b3e939fd-eb36-468b-9efe-5d0a1fdaa172@group-B6785E685516:LeaderElection313] INFO  server.RaftServerConfigKeys (ConfUtils.java:logGet(43)) - raft.server.watch.element-limit = 65536 (default)
2019-09-26 15:13:50,364 [b3e939fd-eb36-468b-9efe-5d0a1fdaa172@group-05F1D5DB38B1:LeaderElection279] INFO  server.RaftServerConfigKeys (ConfUtils.java:logGet(43)) - raft.server.watch.timeout.denomination = 1s (default)
2019-09-26 15:13:50,364 [b3e939fd-eb36-468b-9efe-5d0a1fdaa172@group-302304666DE6:LeaderElection306] INFO  server.RaftServerConfigKeys (ConfUtils.java:logGet(43)) - raft.server.watch.timeout.denomination = 1s (default)
2019-09-26 15:13:50,364 [b3e939fd-eb36-468b-9efe-5d0a1fdaa172@group-3BF504006062:LeaderElection295] INFO  server.RaftServerConfigKeys (ConfUtils.java:logGet(43)) - raft.server.watch.timeout.denomination = 1s (default)
2019-09-26 15:13:50,364 [b3e939fd-eb36-468b-9efe-5d0a1fdaa172@group-CA0F44176545:LeaderElection296] INFO  server.RaftServerConfigKeys (ConfUtils.java:logGet(43)) - raft.server.watch.element-limit = 65536 (default)
2019-09-26 15:13:50,364 [b3e939fd-eb36-468b-9efe-5d0a1fdaa172@group-25745E01B0BD:LeaderElection305] INFO  server.RaftServerConfigKeys (ConfUtils.java:logGet(43)) - raft.server.watch.timeout.denomination = 1s (default)
2019-09-26 15:13:50,364 [b3e939fd-eb36-468b-9efe-5d0a1fdaa172@group-A909352B10E1:LeaderElection301] INFO  server.RaftServerConfigKeys (ConfUtils.java:logGet(43)) - raft.server.watch.timeout.denomination = 1s (default)
2019-09-26 15:13:50,364 [b3e939fd-eb36-468b-9efe-5d0a1fdaa172@group-B602AE1BC508:LeaderElection302] INFO  server.RaftServerConfigKeys (ConfUtils.java:logGet(43)) - raft.server.watch.timeout.denomination = 1s (default)
2019-09-26 15:13:50,363 [b3e939fd-eb36-468b-9efe-5d0a1fdaa172@group-82F2C342C520:LeaderElection304] INFO  server.RaftServerConfigKeys (ConfUtils.java:logGet(43)) - raft.server.watch.timeout.denomination = 1s (default)
2019-09-26 15:13:50,378 [b3e939fd-eb36-468b-9efe-5d0a1fdaa172@group-82F2C342C520:LeaderElection304] INFO  server.RaftServerConfigKeys (ConfUtils.java:logGet(43)) - raft.server.watch.element-limit = 65536 (default)
2019-09-26 15:13:50,363 [b3e939fd-eb36-468b-9efe-5d0a1fdaa172@group-33913256AF98:LeaderElection298] INFO  server.RaftServerConfigKeys (ConfUtils.java:logGet(43)) - raft.server.watch.element-limit = 65536 (default)
2019-09-26 15:13:50,363 [b3e939fd-eb36-468b-9efe-5d0a1fdaa172@group-F3ED5FA15865:LeaderElection284] INFO  server.RaftServerConfigKeys (ConfUtils.java:logGet(43)) - raft.server.watch.timeout.denomination = 1s (default)
2019-09-26 15:13:50,363 [b3e939fd-eb36-468b-9efe-5d0a1fdaa172@group-8510E27DA55F:LeaderElection289] INFO  server.RaftServerConfigKeys (ConfUtils.java:logGet(43)) - raft.server.watch.timeout.denomination = 1s (default)
2019-09-26 15:13:50,363 [b3e939fd-eb36-468b-9efe-5d0a1fdaa172@group-7ED9DECB8A6B:LeaderElection288] INFO  server.RaftServerConfigKeys (ConfUtils.java:logGet(43)) - raft.server.watch.timeout.denomination = 1s (default)
2019-09-26 15:13:50,363 [b3e939fd-eb36-468b-9efe-5d0a1fdaa172@group-5C693F90868A:LeaderElection290] INFO  server.RaftServerConfigKeys (ConfUtils.java:logGet(43)) - raft.server.watch.timeout.denomination = 1s (default)
2019-09-26 15:13:50,363 [b3e939fd-eb36-468b-9efe-5d0a1fdaa172@group-E65C91CFD05F-SegmentedRaftLogWorker] INFO  impl.StateMachineUpdater (StateMachineUpdater.java:stopAndJoin(125)) - b3e939fd-eb36-468b-9efe-5d0a1fdaa172@group-E65C91CFD05F-StateMachineUpdater: set stopIndex = -1
2019-09-26 15:13:50,379 [b3e939fd-eb36-468b-9efe-5d0a1fdaa172@group-5C693F90868A:LeaderElection290] INFO  server.RaftServerConfigKeys (ConfUtils.java:logGet(43)) - raft.server.watch.element-limit = 65536 (default)
2019-09-26 15:13:50,378 [b3e939fd-eb36-468b-9efe-5d0a1fdaa172@group-7ED9DECB8A6B:LeaderElection288] INFO  server.RaftServerConfigKeys (ConfUtils.java:logGet(43)) - raft.server.watch.element-limit = 65536 (default)
2019-09-26 15:13:50,378 [b3e939fd-eb36-468b-9efe-5d0a1fdaa172@group-8510E27DA55F:LeaderElection289] INFO  server.RaftServerConfigKeys (ConfUtils.java:logGet(43)) - raft.server.watch.element-limit = 65536 (default)
2019-09-26 15:13:50,378 [b3e939fd-eb36-468b-9efe-5d0a1fdaa172@group-F3ED5FA15865:LeaderElection284] INFO  server.RaftServerConfigKeys (ConfUtils.java:logGet(43)) - raft.server.watch.element-limit = 65536 (default)
2019-09-26 15:13:50,378 [b3e939fd-eb36-468b-9efe-5d0a1fdaa172@group-B602AE1BC508:LeaderElection302] INFO  server.RaftServerConfigKeys (ConfUtils.java:logGet(43)) - raft.server.watch.element-limit = 65536 (default)
2019-09-26 15:13:50,378 [b3e939fd-eb36-468b-9efe-5d0a1fdaa172@group-A909352B10E1:LeaderElection301] INFO  server.RaftServerConfigKeys (ConfUtils.java:logGet(43)) - raft.server.watch.element-limit = 65536 (default)
2019-09-26 15:13:50,378 [b3e939fd-eb36-468b-9efe-5d0a1fdaa172@group-25745E01B0BD:LeaderElection305] INFO  server.RaftServerConfigKeys (ConfUtils.java:logGet(43)) - raft.server.watch.element-limit = 65536 (default)
2019-09-26 15:13:50,378 [b3e939fd-eb36-468b-9efe-5d0a1fdaa172@group-3BF504006062:LeaderElection295] INFO  server.RaftServerConfigKeys (ConfUtils.java:logGet(43)) - raft.server.watch.element-limit = 65536 (default)
2019-09-26 15:13:50,377 [b3e939fd-eb36-468b-9efe-5d0a1fdaa172@group-302304666DE6:LeaderElection306] INFO  server.RaftServerConfigKeys (ConfUtils.java:logGet(43)) - raft.server.watch.element-limit = 65536 (default)
2019-09-26 15:13:50,377 [b3e939fd-eb36-468b-9efe-5d0a1fdaa172@group-05F1D5DB38B1:LeaderElection279] INFO  server.RaftServerConfigKeys (ConfUtils.java:logGet(43)) - raft.server.watch.element-limit = 65536 (default)
2019-09-26 15:13:50,377 [b3e939fd-eb36-468b-9efe-5d0a1fdaa172@group-7BA823644DD2:LeaderElection314] INFO  server.RaftServerConfigKeys (ConfUtils.java:logGet(43)) - raft.server.watch.element-limit = 65536 (default)
2019-09-26 15:13:50,377 [b3e939fd-eb36-468b-9efe-5d0a1fdaa172@group-1A432A011447-SegmentedRaftLogWorker] INFO  impl.PendingRequests (PendingRequests.java:sendNotLeaderResponses(202)) - b3e939fd-eb36-468b-9efe-5d0a1fdaa172-PendingRequests: sendNotLeaderResponses
2019-09-26 15:13:50,377 [b3e939fd-eb36-468b-9efe-5d0a1fdaa172@group-E8E63C574F52-SegmentedRaftLogWorker] INFO  util.JmxRegister (JmxRegister.java:unregister(73)) - Successfully un-registered JMX Bean with object name Ratis:service=RaftServer,group=group-E8E63C574F52,id=b3e939fd-eb36-468b-9efe-5d0a1fdaa172
2019-09-26 15:13:50,376 [b3e939fd-eb36-468b-9efe-5d0a1fdaa172@group-CD5FC8CEC3A3:LeaderElection293] INFO  server.RaftServerConfigKeys (ConfUtils.java:logGet(43)) - raft.server.watch.element-limit = 65536 (default)
2019-09-26 15:13:50,376 [b3e939fd-eb36-468b-9efe-5d0a1fdaa172@group-9591EA67C8C0:LeaderElection308] INFO  server.RaftServerConfigKeys (ConfUtils.java:logGet(43)) - raft.server.watch.element-limit = 65536 (default)
2019-09-26 15:13:50,376 [b3e939fd-eb36-468b-9efe-5d0a1fdaa172@group-6AE5FF705F7D:LeaderElection266] INFO  server.RaftServerConfigKeys (ConfUtils.java:logGet(43)) - raft.server.watch.element-limit = 65536 (default)
2019-09-26 15:13:50,376 [b3e939fd-eb36-468b-9efe-5d0a1fdaa172@group-1A6945A2EB5D:LeaderElection312] INFO  server.RaftServerConfigKeys (ConfUtils.java:logGet(43)) - raft.server.watch.element-limit = 65536 (default)
2019-09-26 15:13:50,375 [b3e939fd-eb36-468b-9efe-5d0a1fdaa172@group-D591C59CFB86:LeaderElection294] INFO  server.RaftServerConfigKeys (ConfUtils.java:logGet(43)) - raft.server.watch.element-limit = 65536 (default)
2019-09-26 15:13:50,375 [b3e939fd-eb36-468b-9efe-5d0a1fdaa172@group-5152959DB5D4:LeaderElection299] INFO  server.RaftServerConfigKeys (ConfUtils.java:logGet(43)) - raft.server.watch.element-limit = 65536 (default)
2019-09-26 15:13:50,375 [b3e939fd-eb36-468b-9efe-5d0a1fdaa172@group-2B1CE96F5305:LeaderElection307] INFO  server.RaftServerConfigKeys (ConfUtils.java:logGet(43)) - raft.server.watch.element-limit = 65536 (default)
2019-09-26 15:13:50,375 [b3e939fd-eb36-468b-9efe-5d0a1fdaa172@group-92F7CC5958C9:LeaderElection276] INFO  server.RaftServerConfigKeys (ConfUtils.java:logGet(43)) - raft.server.watch.element-limit = 65536 (default)
2019-09-26 15:13:50,374 [b3e939fd-eb36-468b-9efe-5d0a1fdaa172@group-7F7680AB9573:LeaderElection269] INFO  server.RaftServerConfigKeys (ConfUtils.java:logGet(43)) - raft.server.watch.element-limit = 65536 (default)
2019-09-26 15:13:50,373 [b3e939fd-eb36-468b-9efe-5d0a1fdaa172@group-A2BD7EF985B3:LeaderElection274] INFO  server.RaftServerConfigKeys (ConfUtils.java:logGet(43)) - raft.server.watch.element-limit = 65536 (default)
2019-09-26 15:13:50,373 [b3e939fd-eb36-468b-9efe-5d0a1fdaa172@group-4295C4227654:LeaderElection263] INFO  server.RaftServerConfigKeys (ConfUtils.java:logGet(43)) - raft.server.watch.element-limit = 65536 (default)
2019-09-26 15:13:50,373 [b3e939fd-eb36-468b-9efe-5d0a1fdaa172@group-659098C9AEA4:LeaderElection310] INFO  server.RaftServerConfigKeys (ConfUtils.java:logGet(43)) - raft.server.watch.element-limit = 65536 (default)
2019-09-26 15:13:50,373 [b3e939fd-eb36-468b-9efe-5d0a1fdaa172@group-82208FB82218:LeaderElection264] INFO  server.RaftServerConfigKeys (ConfUtils.java:logGet(43)) - raft.server.watch.element-limit = 65536 (default)
2019-09-26 15:13:50,373 [b3e939fd-eb36-468b-9efe-5d0a1fdaa172@group-B87D49FAC1EB:LeaderElection265] INFO  server.RaftServerConfigKeys (ConfUtils.java:logGet(43)) - raft.server.watch.element-limit = 65536 (default)
2019-09-26 15:13:50,373 [b3e939fd-eb36-468b-9efe-5d0a1fdaa172@group-B7C42A2D7902-SegmentedRaftLogWorker] INFO  segmented.SegmentedRaftLogWorker (SegmentedRaftLogWorker.java:close(228)) - b3e939fd-eb36-468b-9efe-5d0a1fdaa172@group-B7C42A2D7902-SegmentedRaftLogWorker close()
2019-09-26 15:13:50,380 [b3e939fd-eb36-468b-9efe-5d0a1fdaa172@group-E8E63C574F52-SegmentedRaftLogWorker] INFO  impl.RoleInfo (RoleInfo.java:shutdownLeaderState(104)) - b3e939fd-eb36-468b-9efe-5d0a1fdaa172: shutdown LeaderState
2019-09-26 15:13:50,380 [b3e939fd-eb36-468b-9efe-5d0a1fdaa172@group-1A432A011447-SegmentedRaftLogWorker] INFO  impl.StateMachineUpdater (StateMachineUpdater.java:stopAndJoin(125)) - b3e939fd-eb36-468b-9efe-5d0a1fdaa172@group-1A432A011447-StateMachineUpdater: set stopIndex = -1
2019-09-26 15:13:50,382 [b3e939fd-eb36-468b-9efe-5d0a1fdaa172@group-1A432A011447-SegmentedRaftLogWorker] INFO  impl.RaftServerImpl (ServerState.java:close(385)) - b3e939fd-eb36-468b-9efe-5d0a1fdaa172@group-1A432A011447: closes. applyIndex: -1
2019-09-26 15:13:50,379 [b3e939fd-eb36-468b-9efe-5d0a1fdaa172@group-E65C91CFD05F-SegmentedRaftLogWorker] INFO  impl.RaftServerImpl (ServerState.java:close(385)) - b3e939fd-eb36-468b-9efe-5d0a1fdaa172@group-E65C91CFD05F: closes. applyIndex: -1
2019-09-26 15:13:50,382 [b3e939fd-eb36-468b-9efe-5d0a1fdaa172@group-1A432A011447-SegmentedRaftLogWorker] INFO  segmented.SegmentedRaftLogWorker (SegmentedRaftLogWorker.java:close(228)) - b3e939fd-eb36-468b-9efe-5d0a1fdaa172@group-1A432A011447-SegmentedRaftLogWorker close()
2019-09-26 15:13:50,382 [b3e939fd-eb36-468b-9efe-5d0a1fdaa172@group-E8E63C574F52-SegmentedRaftLogWorker] INFO  impl.PendingRequests (PendingRequests.java:sendNotLeaderResponses(202)) - b3e939fd-eb36-468b-9efe-5d0a1fdaa172-PendingRequests: sendNotLeaderResponses
2019-09-26 15:13:50,382 [b3e939fd-eb36-468b-9efe-5d0a1fdaa172@group-E65C91CFD05F-SegmentedRaftLogWorker] INFO  segmented.SegmentedRaftLogWorker (SegmentedRaftLogWorker.java:close(228)) - b3e939fd-eb36-468b-9efe-5d0a1fdaa172@group-E65C91CFD05F-SegmentedRaftLogWorker close()
2019-09-26 15:13:50,382 [b3e939fd-eb36-468b-9efe-5d0a1fdaa172@group-E8E63C574F52-SegmentedRaftLogWorker] INFO  impl.StateMachineUpdater (StateMachineUpdater.java:stopAndJoin(125)) - b3e939fd-eb36-468b-9efe-5d0a1fdaa172@group-E8E63C574F52-StateMachineUpdater: set stopIndex = -1
2019-09-26 15:13:50,382 [b3e939fd-eb36-468b-9efe-5d0a1fdaa172@group-E8E63C574F52-SegmentedRaftLogWorker] INFO  impl.RaftServerImpl (ServerState.java:close(385)) - b3e939fd-eb36-468b-9efe-5d0a1fdaa172@group-E8E63C574F52: closes. applyIndex: -1
2019-09-26 15:13:50,383 [b3e939fd-eb36-468b-9efe-5d0a1fdaa172@group-E8E63C574F52-SegmentedRaftLogWorker] INFO  segmented.SegmentedRaftLogWorker (SegmentedRaftLogWorker.java:close(228)) - b3e939fd-eb36-468b-9efe-5d0a1fdaa172@group-E8E63C574F52-SegmentedRaftLogWorker close()
2019-09-26 15:13:50,388 [b3e939fd-eb36-468b-9efe-5d0a1fdaa172@group-3B9C1EE8AD07:LeaderElection217] INFO  impl.RaftServerImpl (ServerState.java:setRaftConf(354)) - b3e939fd-eb36-468b-9efe-5d0a1fdaa172@group-3B9C1EE8AD07: set configuration 0: [b3e939fd-eb36-468b-9efe-5d0a1fdaa172:192.168.151.99:45433], old=null at 0
2019-09-26 15:13:50,390 [Thread-1673] INFO  impl.FollowerState (FollowerState.java:run(106)) - b3e939fd-eb36-468b-9efe-5d0a1fdaa172:group-90AE5373EB22 changes to CANDIDATE, lastRpcTime:11196, electionTimeout:5154ms
2019-09-26 15:13:50,390 [Thread-1673] INFO  impl.RoleInfo (RoleInfo.java:shutdownFollowerState(121)) - b3e939fd-eb36-468b-9efe-5d0a1fdaa172: shutdown FollowerState
2019-09-26 15:13:50,390 [Thread-1673] INFO  impl.RaftServerImpl (RaftServerImpl.java:setRole(174)) - b3e939fd-eb36-468b-9efe-5d0a1fdaa172@group-90AE5373EB22: changes role from  FOLLOWER to CANDIDATE at term 0 for changeToCandidate
2019-09-26 15:13:49,378 [org.apache.hadoop.util.JvmPauseMonitor$Monitor@60a04775] INFO  util.JvmPauseMonitor (JvmPauseMonitor.java:run(205)) - Detected pause in JVM or host machine (eg GC): pause of approximately 2320ms
GC pool 'PS MarkSweep' had collection(s): count=16 time=2645ms
GC pool 'PS Scavenge' had collection(s): count=16 time=92ms
2019-09-26 15:13:49,378 [org.apache.hadoop.util.JvmPauseMonitor$Monitor@73511076] INFO  util.JvmPauseMonitor (JvmPauseMonitor.java:run(205)) - Detected pause in JVM or host machine (eg GC): pause of approximately 2320ms
GC pool 'PS MarkSweep' had collection(s): count=16 time=2645ms
GC pool 'PS Scavenge' had collection(s): count=16 time=92ms
2019-09-26 15:13:50,390 [Thread-1673] INFO  impl.RoleInfo (RoleInfo.java:updateAndGet(143)) - b3e939fd-eb36-468b-9efe-5d0a1fdaa172: start LeaderElection
2019-09-26 15:13:50,398 [b3e939fd-eb36-468b-9efe-5d0a1fdaa172@group-5A4780976490:LeaderElection259] INFO  impl.RaftServerImpl (ServerState.java:setRaftConf(354)) - b3e939fd-eb36-468b-9efe-5d0a1fdaa172@group-5A4780976490: set configuration 0: [b3e939fd-eb36-468b-9efe-5d0a1fdaa172:192.168.151.99:45433], old=null at 0
2019-09-26 15:13:50,670 [b3e939fd-eb36-468b-9efe-5d0a1fdaa172@group-597DE855A82D-SegmentedRaftLogWorker] ERROR segmented.SegmentedRaftLogWorker (SegmentedRaftLogWorker.java:run(323)) - b3e939fd-eb36-468b-9efe-5d0a1fdaa172@group-597DE855A82D-SegmentedRaftLogWorker hit exception
java.lang.OutOfMemoryError: Direct buffer memory
	at java.nio.Bits.reserveMemory(Bits.java:666)
	at java.nio.DirectByteBuffer.<init>(DirectByteBuffer.java:123)
	at java.nio.ByteBuffer.allocateDirect(ByteBuffer.java:311)
	at org.apache.ratis.server.raftlog.segmented.BufferedWriteChannel.<init>(BufferedWriteChannel.java:41)
	at org.apache.ratis.server.raftlog.segmented.SegmentedRaftLogOutputStream.<init>(SegmentedRaftLogOutputStream.java:72)
	at org.apache.ratis.server.raftlog.segmented.SegmentedRaftLogWorker$StartLogSegment.execute(SegmentedRaftLogWorker.java:566)
	at org.apache.ratis.server.raftlog.segmented.SegmentedRaftLogWorker.run(SegmentedRaftLogWorker.java:289)
	at java.lang.Thread.run(Thread.java:748)
2019-09-26 15:13:50,671 [b3e939fd-eb36-468b-9efe-5d0a1fdaa172@group-597DE855A82D-SegmentedRaftLogWorker] INFO  impl.RaftServerImpl (RaftServerImpl.java:lambda$shutdown$3(251)) - b3e939fd-eb36-468b-9efe-5d0a1fdaa172@group-597DE855A82D: shutdown
2019-09-26 15:13:50,671 [b3e939fd-eb36-468b-9efe-5d0a1fdaa172@group-597DE855A82D-SegmentedRaftLogWorker] INFO  util.JmxRegister (JmxRegister.java:unregister(73)) - Successfully un-registered JMX Bean with object name Ratis:service=RaftServer,group=group-597DE855A82D,id=b3e939fd-eb36-468b-9efe-5d0a1fdaa172
2019-09-26 15:13:50,671 [b3e939fd-eb36-468b-9efe-5d0a1fdaa172@group-597DE855A82D-SegmentedRaftLogWorker] INFO  impl.RoleInfo (RoleInfo.java:shutdownLeaderState(104)) - b3e939fd-eb36-468b-9efe-5d0a1fdaa172: shutdown LeaderState
2019-09-26 15:13:50,671 [b3e939fd-eb36-468b-9efe-5d0a1fdaa172@group-597DE855A82D-SegmentedRaftLogWorker] INFO  impl.PendingRequests (PendingRequests.java:sendNotLeaderResponses(202)) - b3e939fd-eb36-468b-9efe-5d0a1fdaa172-PendingRequests: sendNotLeaderResponses
2019-09-26 15:13:50,671 [b3e939fd-eb36-468b-9efe-5d0a1fdaa172@group-597DE855A82D-SegmentedRaftLogWorker] INFO  impl.StateMachineUpdater (StateMachineUpdater.java:stopAndJoin(125)) - b3e939fd-eb36-468b-9efe-5d0a1fdaa172@group-597DE855A82D-StateMachineUpdater: set stopIndex = -1
2019-09-26 15:13:50,671 [b3e939fd-eb36-468b-9efe-5d0a1fdaa172@group-597DE855A82D-SegmentedRaftLogWorker] INFO  impl.RaftServerImpl (ServerState.java:close(385)) - b3e939fd-eb36-468b-9efe-5d0a1fdaa172@group-597DE855A82D: closes. applyIndex: -1
2019-09-26 15:13:50,671 [b3e939fd-eb36-468b-9efe-5d0a1fdaa172@group-597DE855A82D-SegmentedRaftLogWorker] INFO  segmented.SegmentedRaftLogWorker (SegmentedRaftLogWorker.java:close(228)) - b3e939fd-eb36-468b-9efe-5d0a1fdaa172@group-597DE855A82D-SegmentedRaftLogWorker close()
2019-09-26 15:13:50,699 [b3e939fd-eb36-468b-9efe-5d0a1fdaa172@group-90AE5373EB22:LeaderElection316] INFO  impl.LeaderElection (LeaderElection.java:askForVotes(182)) - b3e939fd-eb36-468b-9efe-5d0a1fdaa172@group-90AE5373EB22:LeaderElection316: begin an election at term 1 for -1: [b3e939fd-eb36-468b-9efe-5d0a1fdaa172:192.168.151.99:45433], old=null
2019-09-26 15:13:50,699 [b3e939fd-eb36-468b-9efe-5d0a1fdaa172@group-90AE5373EB22:LeaderElection316] INFO  impl.RoleInfo (RoleInfo.java:shutdownLeaderElection(134)) - b3e939fd-eb36-468b-9efe-5d0a1fdaa172: shutdown LeaderElection
2019-09-26 15:13:50,699 [b3e939fd-eb36-468b-9efe-5d0a1fdaa172@group-90AE5373EB22:LeaderElection316] INFO  impl.RaftServerImpl (RaftServerImpl.java:setRole(174)) - b3e939fd-eb36-468b-9efe-5d0a1fdaa172@group-90AE5373EB22: changes role from CANDIDATE to LEADER at term 1 for changeToLeader
2019-09-26 15:13:50,699 [b3e939fd-eb36-468b-9efe-5d0a1fdaa172@group-90AE5373EB22:LeaderElection316] INFO  impl.RaftServerImpl (ServerState.java:setLeader(253)) - b3e939fd-eb36-468b-9efe-5d0a1fdaa172@group-90AE5373EB22: change Leader from null to b3e939fd-eb36-468b-9efe-5d0a1fdaa172 at term 1 for becomeLeader, leader elected after 15489ms
2019-09-26 15:13:50,700 [b3e939fd-eb36-468b-9efe-5d0a1fdaa172@group-90AE5373EB22:LeaderElection316] INFO  server.RaftServerConfigKeys (ConfUtils.java:logGet(43)) - raft.server.staging.catchup.gap = 1000 (default)
2019-09-26 15:13:50,700 [b3e939fd-eb36-468b-9efe-5d0a1fdaa172@group-90AE5373EB22:LeaderElection316] INFO  server.RaftServerConfigKeys (ConfUtils.java:logGet(43)) - raft.server.rpc.sleep.time = 25ms (default)
2019-09-26 15:13:50,700 [b3e939fd-eb36-468b-9efe-5d0a1fdaa172@group-90AE5373EB22:LeaderElection316] INFO  server.RaftServerConfigKeys (ConfUtils.java:logGet(43)) - raft.server.write.element-limit = 4096 (default)
2019-09-26 15:13:50,700 [b3e939fd-eb36-468b-9efe-5d0a1fdaa172@group-90AE5373EB22:LeaderElection316] INFO  server.RaftServerConfigKeys (ConfUtils.java:logGet(43)) - raft.server.watch.timeout = 10s (default)
2019-09-26 15:13:50,700 [b3e939fd-eb36-468b-9efe-5d0a1fdaa172@group-90AE5373EB22:LeaderElection316] INFO  server.RaftServerConfigKeys (ConfUtils.java:logGet(43)) - raft.server.watch.timeout.denomination = 1s (default)
2019-09-26 15:13:50,700 [b3e939fd-eb36-468b-9efe-5d0a1fdaa172@group-90AE5373EB22:LeaderElection316] INFO  server.RaftServerConfigKeys (ConfUtils.java:logGet(43)) - raft.server.watch.element-limit = 65536 (default)
2019-09-26 15:13:50,714 [b3e939fd-eb36-468b-9efe-5d0a1fdaa172@group-B87D49FAC1EB:LeaderElection265] INFO  impl.RoleInfo (RoleInfo.java:updateAndGet(143)) - b3e939fd-eb36-468b-9efe-5d0a1fdaa172: start LeaderState
2019-09-26 15:13:50,714 [b3e939fd-eb36-468b-9efe-5d0a1fdaa172@group-B87D49FAC1EB:LeaderElection265] INFO  segmented.SegmentedRaftLogWorker (SegmentedRaftLogWorker.java:startLogSegment(380)) - b3e939fd-eb36-468b-9efe-5d0a1fdaa172@group-B87D49FAC1EB-SegmentedRaftLogWorker: Starting segment from index:0
2019-09-26 15:13:50,714 [b3e939fd-eb36-468b-9efe-5d0a1fdaa172@group-B87D49FAC1EB:LeaderElection265] INFO  impl.RaftServerImpl (ServerState.java:setRaftConf(354)) - b3e939fd-eb36-468b-9efe-5d0a1fdaa172@group-B87D49FAC1EB: set configuration 0: [b3e939fd-eb36-468b-9efe-5d0a1fdaa172:192.168.151.99:45433], old=null at 0
2019-09-26 15:13:51,008 [b3e939fd-eb36-468b-9efe-5d0a1fdaa172@group-10287887346D-SegmentedRaftLogWorker] ERROR segmented.SegmentedRaftLogWorker (SegmentedRaftLogWorker.java:run(323)) - b3e939fd-eb36-468b-9efe-5d0a1fdaa172@group-10287887346D-SegmentedRaftLogWorker hit exception
java.lang.OutOfMemoryError: Direct buffer memory
	at java.nio.Bits.reserveMemory(Bits.java:666)
	at java.nio.DirectByteBuffer.<init>(DirectByteBuffer.java:123)
	at java.nio.ByteBuffer.allocateDirect(ByteBuffer.java:311)
	at org.apache.ratis.server.raftlog.segmented.BufferedWriteChannel.<init>(BufferedWriteChannel.java:41)
	at org.apache.ratis.server.raftlog.segmented.SegmentedRaftLogOutputStream.<init>(SegmentedRaftLogOutputStream.java:72)
	at org.apache.ratis.server.raftlog.segmented.SegmentedRaftLogWorker$StartLogSegment.execute(SegmentedRaftLogWorker.java:566)
	at org.apache.ratis.server.raftlog.segmented.SegmentedRaftLogWorker.run(SegmentedRaftLogWorker.java:289)
	at java.lang.Thread.run(Thread.java:748)
2019-09-26 15:13:51,008 [b3e939fd-eb36-468b-9efe-5d0a1fdaa172@group-F2E2F02C4E80-SegmentedRaftLogWorker] ERROR segmented.SegmentedRaftLogWorker (SegmentedRaftLogWorker.java:run(323)) - b3e939fd-eb36-468b-9efe-5d0a1fdaa172@group-F2E2F02C4E80-SegmentedRaftLogWorker hit exception
java.lang.OutOfMemoryError: Direct buffer memory
	at java.nio.Bits.reserveMemory(Bits.java:666)
	at java.nio.DirectByteBuffer.<init>(DirectByteBuffer.java:123)
	at java.nio.ByteBuffer.allocateDirect(ByteBuffer.java:311)
	at org.apache.ratis.server.raftlog.segmented.BufferedWriteChannel.<init>(BufferedWriteChannel.java:41)
	at org.apache.ratis.server.raftlog.segmented.SegmentedRaftLogOutputStream.<init>(SegmentedRaftLogOutputStream.java:72)
	at org.apache.ratis.server.raftlog.segmented.SegmentedRaftLogWorker$StartLogSegment.execute(SegmentedRaftLogWorker.java:566)
	at org.apache.ratis.server.raftlog.segmented.SegmentedRaftLogWorker.run(SegmentedRaftLogWorker.java:289)
	at java.lang.Thread.run(Thread.java:748)
2019-09-26 15:13:51,008 [b3e939fd-eb36-468b-9efe-5d0a1fdaa172@group-028EEA1990DD-SegmentedRaftLogWorker] ERROR segmented.SegmentedRaftLogWorker (SegmentedRaftLogWorker.java:run(323)) - b3e939fd-eb36-468b-9efe-5d0a1fdaa172@group-028EEA1990DD-SegmentedRaftLogWorker hit exception
java.lang.OutOfMemoryError: Direct buffer memory
	at java.nio.Bits.reserveMemory(Bits.java:666)
	at java.nio.DirectByteBuffer.<init>(DirectByteBuffer.java:123)
	at java.nio.ByteBuffer.allocateDirect(ByteBuffer.java:311)
	at org.apache.ratis.server.raftlog.segmented.BufferedWriteChannel.<init>(BufferedWriteChannel.java:41)
	at org.apache.ratis.server.raftlog.segmented.SegmentedRaftLogOutputStream.<init>(SegmentedRaftLogOutputStream.java:72)
	at org.apache.ratis.server.raftlog.segmented.SegmentedRaftLogWorker$StartLogSegment.execute(SegmentedRaftLogWorker.java:566)
	at org.apache.ratis.server.raftlog.segmented.SegmentedRaftLogWorker.run(SegmentedRaftLogWorker.java:289)
	at java.lang.Thread.run(Thread.java:748)
2019-09-26 15:13:51,008 [b3e939fd-eb36-468b-9efe-5d0a1fdaa172@group-EBA4A4160D1B-SegmentedRaftLogWorker] ERROR segmented.SegmentedRaftLogWorker (SegmentedRaftLogWorker.java:run(323)) - b3e939fd-eb36-468b-9efe-5d0a1fdaa172@group-EBA4A4160D1B-SegmentedRaftLogWorker hit exception
java.lang.OutOfMemoryError: Direct buffer memory
	at java.nio.Bits.reserveMemory(Bits.java:666)
	at java.nio.DirectByteBuffer.<init>(DirectByteBuffer.java:123)
	at java.nio.ByteBuffer.allocateDirect(ByteBuffer.java:311)
	at org.apache.ratis.server.raftlog.segmented.BufferedWriteChannel.<init>(BufferedWriteChannel.java:41)
	at org.apache.ratis.server.raftlog.segmented.SegmentedRaftLogOutputStream.<init>(SegmentedRaftLogOutputStream.java:72)
	at org.apache.ratis.server.raftlog.segmented.SegmentedRaftLogWorker$StartLogSegment.execute(SegmentedRaftLogWorker.java:566)
	at org.apache.ratis.server.raftlog.segmented.SegmentedRaftLogWorker.run(SegmentedRaftLogWorker.java:289)
	at java.lang.Thread.run(Thread.java:748)
2019-09-26 15:13:51,008 [b3e939fd-eb36-468b-9efe-5d0a1fdaa172@group-124765275578-SegmentedRaftLogWorker] ERROR segmented.SegmentedRaftLogWorker (SegmentedRaftLogWorker.java:run(323)) - b3e939fd-eb36-468b-9efe-5d0a1fdaa172@group-124765275578-SegmentedRaftLogWorker hit exception
java.lang.OutOfMemoryError: Direct buffer memory
	at java.nio.Bits.reserveMemory(Bits.java:666)
	at java.nio.DirectByteBuffer.<init>(DirectByteBuffer.java:123)
	at java.nio.ByteBuffer.allocateDirect(ByteBuffer.java:311)
	at org.apache.ratis.server.raftlog.segmented.BufferedWriteChannel.<init>(BufferedWriteChannel.java:41)
	at org.apache.ratis.server.raftlog.segmented.SegmentedRaftLogOutputStream.<init>(SegmentedRaftLogOutputStream.java:72)
	at org.apache.ratis.server.raftlog.segmented.SegmentedRaftLogWorker$StartLogSegment.execute(SegmentedRaftLogWorker.java:566)
	at org.apache.ratis.server.raftlog.segmented.SegmentedRaftLogWorker.run(SegmentedRaftLogWorker.java:289)
	at java.lang.Thread.run(Thread.java:748)
2019-09-26 15:13:51,009 [b3e939fd-eb36-468b-9efe-5d0a1fdaa172@group-EBA4A4160D1B-SegmentedRaftLogWorker] INFO  impl.RaftServerImpl (RaftServerImpl.java:lambda$shutdown$3(251)) - b3e939fd-eb36-468b-9efe-5d0a1fdaa172@group-EBA4A4160D1B: shutdown
2019-09-26 15:13:51,008 [b3e939fd-eb36-468b-9efe-5d0a1fdaa172@group-028EEA1990DD-SegmentedRaftLogWorker] INFO  impl.RaftServerImpl (RaftServerImpl.java:lambda$shutdown$3(251)) - b3e939fd-eb36-468b-9efe-5d0a1fdaa172@group-028EEA1990DD: shutdown
2019-09-26 15:13:51,008 [b3e939fd-eb36-468b-9efe-5d0a1fdaa172@group-F2E2F02C4E80-SegmentedRaftLogWorker] INFO  impl.RaftServerImpl (RaftServerImpl.java:lambda$shutdown$3(251)) - b3e939fd-eb36-468b-9efe-5d0a1fdaa172@group-F2E2F02C4E80: shutdown
2019-09-26 15:13:51,008 [b3e939fd-eb36-468b-9efe-5d0a1fdaa172@group-10287887346D-SegmentedRaftLogWorker] INFO  impl.RaftServerImpl (RaftServerImpl.java:lambda$shutdown$3(251)) - b3e939fd-eb36-468b-9efe-5d0a1fdaa172@group-10287887346D: shutdown
2019-09-26 15:13:51,009 [b3e939fd-eb36-468b-9efe-5d0a1fdaa172@group-124765275578-SegmentedRaftLogWorker] INFO  impl.RaftServerImpl (RaftServerImpl.java:lambda$shutdown$3(251)) - b3e939fd-eb36-468b-9efe-5d0a1fdaa172@group-124765275578: shutdown
2019-09-26 15:13:51,014 [b3e939fd-eb36-468b-9efe-5d0a1fdaa172@group-028EEA1990DD-SegmentedRaftLogWorker] INFO  util.JmxRegister (JmxRegister.java:unregister(73)) - Successfully un-registered JMX Bean with object name Ratis:service=RaftServer,group=group-028EEA1990DD,id=b3e939fd-eb36-468b-9efe-5d0a1fdaa172
2019-09-26 15:13:51,014 [b3e939fd-eb36-468b-9efe-5d0a1fdaa172@group-124765275578-SegmentedRaftLogWorker] INFO  util.JmxRegister (JmxRegister.java:unregister(73)) - Successfully un-registered JMX Bean with object name Ratis:service=RaftServer,group=group-124765275578,id=b3e939fd-eb36-468b-9efe-5d0a1fdaa172
2019-09-26 15:13:51,014 [b3e939fd-eb36-468b-9efe-5d0a1fdaa172@group-124765275578-SegmentedRaftLogWorker] INFO  impl.RoleInfo (RoleInfo.java:shutdownLeaderState(104)) - b3e939fd-eb36-468b-9efe-5d0a1fdaa172: shutdown LeaderState
2019-09-26 15:13:51,015 [b3e939fd-eb36-468b-9efe-5d0a1fdaa172@group-124765275578-SegmentedRaftLogWorker] INFO  impl.PendingRequests (PendingRequests.java:sendNotLeaderResponses(202)) - b3e939fd-eb36-468b-9efe-5d0a1fdaa172-PendingRequests: sendNotLeaderResponses
2019-09-26 15:13:51,015 [b3e939fd-eb36-468b-9efe-5d0a1fdaa172@group-124765275578-SegmentedRaftLogWorker] INFO  impl.StateMachineUpdater (StateMachineUpdater.java:stopAndJoin(125)) - b3e939fd-eb36-468b-9efe-5d0a1fdaa172@group-124765275578-StateMachineUpdater: set stopIndex = -1
2019-09-26 15:13:51,015 [b3e939fd-eb36-468b-9efe-5d0a1fdaa172@group-124765275578-SegmentedRaftLogWorker] INFO  impl.RaftServerImpl (ServerState.java:close(385)) - b3e939fd-eb36-468b-9efe-5d0a1fdaa172@group-124765275578: closes. applyIndex: -1
2019-09-26 15:13:51,015 [b3e939fd-eb36-468b-9efe-5d0a1fdaa172@group-124765275578-SegmentedRaftLogWorker] INFO  segmented.SegmentedRaftLogWorker (SegmentedRaftLogWorker.java:close(228)) - b3e939fd-eb36-468b-9efe-5d0a1fdaa172@group-124765275578-SegmentedRaftLogWorker close()
2019-09-26 15:13:51,014 [b3e939fd-eb36-468b-9efe-5d0a1fdaa172@group-EBA4A4160D1B-SegmentedRaftLogWorker] INFO  util.JmxRegister (JmxRegister.java:unregister(73)) - Successfully un-registered JMX Bean with object name Ratis:service=RaftServer,group=group-EBA4A4160D1B,id=b3e939fd-eb36-468b-9efe-5d0a1fdaa172
2019-09-26 15:13:51,014 [b3e939fd-eb36-468b-9efe-5d0a1fdaa172@group-10287887346D-SegmentedRaftLogWorker] INFO  util.JmxRegister (JmxRegister.java:unregister(73)) - Successfully un-registered JMX Bean with object name Ratis:service=RaftServer,group=group-10287887346D,id=b3e939fd-eb36-468b-9efe-5d0a1fdaa172
2019-09-26 15:13:51,015 [b3e939fd-eb36-468b-9efe-5d0a1fdaa172@group-10287887346D-SegmentedRaftLogWorker] INFO  impl.RoleInfo (RoleInfo.java:shutdownLeaderState(104)) - b3e939fd-eb36-468b-9efe-5d0a1fdaa172: shutdown LeaderState
2019-09-26 15:13:51,016 [b3e939fd-eb36-468b-9efe-5d0a1fdaa172@group-10287887346D-SegmentedRaftLogWorker] INFO  impl.PendingRequests (PendingRequests.java:sendNotLeaderResponses(202)) - b3e939fd-eb36-468b-9efe-5d0a1fdaa172-PendingRequests: sendNotLeaderResponses
2019-09-26 15:13:51,016 [b3e939fd-eb36-468b-9efe-5d0a1fdaa172@group-10287887346D-SegmentedRaftLogWorker] INFO  impl.StateMachineUpdater (StateMachineUpdater.java:stopAndJoin(125)) - b3e939fd-eb36-468b-9efe-5d0a1fdaa172@group-10287887346D-StateMachineUpdater: set stopIndex = -1
2019-09-26 15:13:51,016 [b3e939fd-eb36-468b-9efe-5d0a1fdaa172@group-10287887346D-SegmentedRaftLogWorker] INFO  impl.RaftServerImpl (ServerState.java:close(385)) - b3e939fd-eb36-468b-9efe-5d0a1fdaa172@group-10287887346D: closes. applyIndex: -1
2019-09-26 15:13:51,016 [b3e939fd-eb36-468b-9efe-5d0a1fdaa172@group-10287887346D-SegmentedRaftLogWorker] INFO  segmented.SegmentedRaftLogWorker (SegmentedRaftLogWorker.java:close(228)) - b3e939fd-eb36-468b-9efe-5d0a1fdaa172@group-10287887346D-SegmentedRaftLogWorker close()
2019-09-26 15:13:51,014 [b3e939fd-eb36-468b-9efe-5d0a1fdaa172@group-F2E2F02C4E80-SegmentedRaftLogWorker] INFO  util.JmxRegister (JmxRegister.java:unregister(73)) - Successfully un-registered JMX Bean with object name Ratis:service=RaftServer,group=group-F2E2F02C4E80,id=b3e939fd-eb36-468b-9efe-5d0a1fdaa172
2019-09-26 15:13:51,016 [b3e939fd-eb36-468b-9efe-5d0a1fdaa172@group-F2E2F02C4E80-SegmentedRaftLogWorker] INFO  impl.RoleInfo (RoleInfo.java:shutdownLeaderState(104)) - b3e939fd-eb36-468b-9efe-5d0a1fdaa172: shutdown LeaderState
2019-09-26 15:13:51,017 [b3e939fd-eb36-468b-9efe-5d0a1fdaa172@group-F2E2F02C4E80-SegmentedRaftLogWorker] INFO  impl.PendingRequests (PendingRequests.java:sendNotLeaderResponses(202)) - b3e939fd-eb36-468b-9efe-5d0a1fdaa172-PendingRequests: sendNotLeaderResponses
2019-09-26 15:13:51,015 [b3e939fd-eb36-468b-9efe-5d0a1fdaa172@group-EBA4A4160D1B-SegmentedRaftLogWorker] INFO  impl.RoleInfo (RoleInfo.java:shutdownLeaderState(104)) - b3e939fd-eb36-468b-9efe-5d0a1fdaa172: shutdown LeaderState
2019-09-26 15:13:51,017 [b3e939fd-eb36-468b-9efe-5d0a1fdaa172@group-EBA4A4160D1B-SegmentedRaftLogWorker] INFO  impl.PendingRequests (PendingRequests.java:sendNotLeaderResponses(202)) - b3e939fd-eb36-468b-9efe-5d0a1fdaa172-PendingRequests: sendNotLeaderResponses
2019-09-26 15:13:51,015 [b3e939fd-eb36-468b-9efe-5d0a1fdaa172@group-82208FB82218:LeaderElection264] INFO  impl.RoleInfo (RoleInfo.java:updateAndGet(143)) - b3e939fd-eb36-468b-9efe-5d0a1fdaa172: start LeaderState
2019-09-26 15:13:51,014 [b3e939fd-eb36-468b-9efe-5d0a1fdaa172@group-028EEA1990DD-SegmentedRaftLogWorker] INFO  impl.RoleInfo (RoleInfo.java:shutdownLeaderState(104)) - b3e939fd-eb36-468b-9efe-5d0a1fdaa172: shutdown LeaderState
2019-09-26 15:13:51,017 [b3e939fd-eb36-468b-9efe-5d0a1fdaa172@group-028EEA1990DD-SegmentedRaftLogWorker] INFO  impl.PendingRequests (PendingRequests.java:sendNotLeaderResponses(202)) - b3e939fd-eb36-468b-9efe-5d0a1fdaa172-PendingRequests: sendNotLeaderResponses
2019-09-26 15:13:51,017 [b3e939fd-eb36-468b-9efe-5d0a1fdaa172@group-82208FB82218:LeaderElection264] INFO  segmented.SegmentedRaftLogWorker (SegmentedRaftLogWorker.java:startLogSegment(380)) - b3e939fd-eb36-468b-9efe-5d0a1fdaa172@group-82208FB82218-SegmentedRaftLogWorker: Starting segment from index:0
2019-09-26 15:13:51,017 [b3e939fd-eb36-468b-9efe-5d0a1fdaa172@group-F2E2F02C4E80-SegmentedRaftLogWorker] INFO  impl.StateMachineUpdater (StateMachineUpdater.java:stopAndJoin(125)) - b3e939fd-eb36-468b-9efe-5d0a1fdaa172@group-F2E2F02C4E80-StateMachineUpdater: set stopIndex = -1
2019-09-26 15:13:51,018 [b3e939fd-eb36-468b-9efe-5d0a1fdaa172@group-F2E2F02C4E80-SegmentedRaftLogWorker] INFO  impl.RaftServerImpl (ServerState.java:close(385)) - b3e939fd-eb36-468b-9efe-5d0a1fdaa172@group-F2E2F02C4E80: closes. applyIndex: -1
2019-09-26 15:13:51,018 [b3e939fd-eb36-468b-9efe-5d0a1fdaa172@group-EBA4A4160D1B-SegmentedRaftLogWorker] INFO  impl.StateMachineUpdater (StateMachineUpdater.java:stopAndJoin(125)) - b3e939fd-eb36-468b-9efe-5d0a1fdaa172@group-EBA4A4160D1B-StateMachineUpdater: set stopIndex = -1
2019-09-26 15:13:51,018 [b3e939fd-eb36-468b-9efe-5d0a1fdaa172@group-F2E2F02C4E80-SegmentedRaftLogWorker] INFO  segmented.SegmentedRaftLogWorker (SegmentedRaftLogWorker.java:close(228)) - b3e939fd-eb36-468b-9efe-5d0a1fdaa172@group-F2E2F02C4E80-SegmentedRaftLogWorker close()
2019-09-26 15:13:51,018 [b3e939fd-eb36-468b-9efe-5d0a1fdaa172@group-028EEA1990DD-SegmentedRaftLogWorker] INFO  impl.StateMachineUpdater (StateMachineUpdater.java:stopAndJoin(125)) - b3e939fd-eb36-468b-9efe-5d0a1fdaa172@group-028EEA1990DD-StateMachineUpdater: set stopIndex = -1
2019-09-26 15:13:51,018 [b3e939fd-eb36-468b-9efe-5d0a1fdaa172@group-659098C9AEA4:LeaderElection310] INFO  impl.RoleInfo (RoleInfo.java:updateAndGet(143)) - b3e939fd-eb36-468b-9efe-5d0a1fdaa172: start LeaderState
2019-09-26 15:13:51,018 [b3e939fd-eb36-468b-9efe-5d0a1fdaa172@group-659098C9AEA4:LeaderElection310] INFO  segmented.SegmentedRaftLogWorker (SegmentedRaftLogWorker.java:startLogSegment(380)) - b3e939fd-eb36-468b-9efe-5d0a1fdaa172@group-659098C9AEA4-SegmentedRaftLogWorker: Starting segment from index:0
2019-09-26 15:13:51,019 [b3e939fd-eb36-468b-9efe-5d0a1fdaa172@group-028EEA1990DD-SegmentedRaftLogWorker] INFO  impl.RaftServerImpl (ServerState.java:close(385)) - b3e939fd-eb36-468b-9efe-5d0a1fdaa172@group-028EEA1990DD: closes. applyIndex: -1
2019-09-26 15:13:51,019 [b3e939fd-eb36-468b-9efe-5d0a1fdaa172@group-028EEA1990DD-SegmentedRaftLogWorker] INFO  segmented.SegmentedRaftLogWorker (SegmentedRaftLogWorker.java:close(228)) - b3e939fd-eb36-468b-9efe-5d0a1fdaa172@group-028EEA1990DD-SegmentedRaftLogWorker close()
2019-09-26 15:13:51,019 [b3e939fd-eb36-468b-9efe-5d0a1fdaa172@group-659098C9AEA4:LeaderElection310] INFO  impl.RaftServerImpl (ServerState.java:setRaftConf(354)) - b3e939fd-eb36-468b-9efe-5d0a1fdaa172@group-659098C9AEA4: set configuration 0: [b3e939fd-eb36-468b-9efe-5d0a1fdaa172:192.168.151.99:45433], old=null at 0
2019-09-26 15:13:51,019 [b3e939fd-eb36-468b-9efe-5d0a1fdaa172@group-82208FB82218:LeaderElection264] INFO  impl.RaftServerImpl (ServerState.java:setRaftConf(354)) - b3e939fd-eb36-468b-9efe-5d0a1fdaa172@group-82208FB82218: set configuration 0: [b3e939fd-eb36-468b-9efe-5d0a1fdaa172:192.168.151.99:45433], old=null at 0
2019-09-26 15:13:51,222 [b3e939fd-eb36-468b-9efe-5d0a1fdaa172@group-EBA4A4160D1B-SegmentedRaftLogWorker] INFO  impl.RaftServerImpl (ServerState.java:close(385)) - b3e939fd-eb36-468b-9efe-5d0a1fdaa172@group-EBA4A4160D1B: closes. applyIndex: -1
2019-09-26 15:13:51,222 [b3e939fd-eb36-468b-9efe-5d0a1fdaa172@group-EBA4A4160D1B-SegmentedRaftLogWorker] INFO  segmented.SegmentedRaftLogWorker (SegmentedRaftLogWorker.java:close(228)) - b3e939fd-eb36-468b-9efe-5d0a1fdaa172@group-EBA4A4160D1B-SegmentedRaftLogWorker close()
2019-09-26 15:13:51,227 [b3e939fd-eb36-468b-9efe-5d0a1fdaa172@group-4295C4227654:LeaderElection263] INFO  impl.RoleInfo (RoleInfo.java:updateAndGet(143)) - b3e939fd-eb36-468b-9efe-5d0a1fdaa172: start LeaderState
2019-09-26 15:13:51,227 [b3e939fd-eb36-468b-9efe-5d0a1fdaa172@group-4295C4227654:LeaderElection263] INFO  segmented.SegmentedRaftLogWorker (SegmentedRaftLogWorker.java:startLogSegment(380)) - b3e939fd-eb36-468b-9efe-5d0a1fdaa172@group-4295C4227654-SegmentedRaftLogWorker: Starting segment from index:0
2019-09-26 15:13:51,227 [b3e939fd-eb36-468b-9efe-5d0a1fdaa172@group-4295C4227654:LeaderElection263] INFO  impl.RaftServerImpl (ServerState.java:setRaftConf(354)) - b3e939fd-eb36-468b-9efe-5d0a1fdaa172@group-4295C4227654: set configuration 0: [b3e939fd-eb36-468b-9efe-5d0a1fdaa172:192.168.151.99:45433], old=null at 0
2019-09-26 15:13:51,402 [b3e939fd-eb36-468b-9efe-5d0a1fdaa172@group-2F5911C68895-SegmentedRaftLogWorker] ERROR segmented.SegmentedRaftLogWorker (SegmentedRaftLogWorker.java:run(323)) - b3e939fd-eb36-468b-9efe-5d0a1fdaa172@group-2F5911C68895-SegmentedRaftLogWorker hit exception
java.lang.OutOfMemoryError: Direct buffer memory
	at java.nio.Bits.reserveMemory(Bits.java:666)
	at java.nio.DirectByteBuffer.<init>(DirectByteBuffer.java:123)
	at java.nio.ByteBuffer.allocateDirect(ByteBuffer.java:311)
	at org.apache.ratis.server.raftlog.segmented.BufferedWriteChannel.<init>(BufferedWriteChannel.java:41)
	at org.apache.ratis.server.raftlog.segmented.SegmentedRaftLogOutputStream.<init>(SegmentedRaftLogOutputStream.java:72)
	at org.apache.ratis.server.raftlog.segmented.SegmentedRaftLogWorker$StartLogSegment.execute(SegmentedRaftLogWorker.java:566)
	at org.apache.ratis.server.raftlog.segmented.SegmentedRaftLogWorker.run(SegmentedRaftLogWorker.java:289)
	at java.lang.Thread.run(Thread.java:748)
2019-09-26 15:13:51,402 [b3e939fd-eb36-468b-9efe-5d0a1fdaa172@group-9F10B5770DAC-SegmentedRaftLogWorker] ERROR segmented.SegmentedRaftLogWorker (SegmentedRaftLogWorker.java:run(323)) - b3e939fd-eb36-468b-9efe-5d0a1fdaa172@group-9F10B5770DAC-SegmentedRaftLogWorker hit exception
java.lang.OutOfMemoryError: Direct buffer memory
	at java.nio.Bits.reserveMemory(Bits.java:666)
	at java.nio.DirectByteBuffer.<init>(DirectByteBuffer.java:123)
	at java.nio.ByteBuffer.allocateDirect(ByteBuffer.java:311)
	at org.apache.ratis.server.raftlog.segmented.BufferedWriteChannel.<init>(BufferedWriteChannel.java:41)
	at org.apache.ratis.server.raftlog.segmented.SegmentedRaftLogOutputStream.<init>(SegmentedRaftLogOutputStream.java:72)
	at org.apache.ratis.server.raftlog.segmented.SegmentedRaftLogWorker$StartLogSegment.execute(SegmentedRaftLogWorker.java:566)
	at org.apache.ratis.server.raftlog.segmented.SegmentedRaftLogWorker.run(SegmentedRaftLogWorker.java:289)
	at java.lang.Thread.run(Thread.java:748)
2019-09-26 15:13:51,402 [b3e939fd-eb36-468b-9efe-5d0a1fdaa172@group-45EF2C5983EC-SegmentedRaftLogWorker] ERROR segmented.SegmentedRaftLogWorker (SegmentedRaftLogWorker.java:run(323)) - b3e939fd-eb36-468b-9efe-5d0a1fdaa172@group-45EF2C5983EC-SegmentedRaftLogWorker hit exception
java.lang.OutOfMemoryError: Direct buffer memory
	at java.nio.Bits.reserveMemory(Bits.java:666)
	at java.nio.DirectByteBuffer.<init>(DirectByteBuffer.java:123)
	at java.nio.ByteBuffer.allocateDirect(ByteBuffer.java:311)
	at org.apache.ratis.server.raftlog.segmented.BufferedWriteChannel.<init>(BufferedWriteChannel.java:41)
	at org.apache.ratis.server.raftlog.segmented.SegmentedRaftLogOutputStream.<init>(SegmentedRaftLogOutputStream.java:72)
	at org.apache.ratis.server.raftlog.segmented.SegmentedRaftLogWorker$StartLogSegment.execute(SegmentedRaftLogWorker.java:566)
	at org.apache.ratis.server.raftlog.segmented.SegmentedRaftLogWorker.run(SegmentedRaftLogWorker.java:289)
	at java.lang.Thread.run(Thread.java:748)
2019-09-26 15:13:51,402 [b3e939fd-eb36-468b-9efe-5d0a1fdaa172@group-7666CF0181BB-SegmentedRaftLogWorker] ERROR segmented.SegmentedRaftLogWorker (SegmentedRaftLogWorker.java:run(323)) - b3e939fd-eb36-468b-9efe-5d0a1fdaa172@group-7666CF0181BB-SegmentedRaftLogWorker hit exception
java.lang.OutOfMemoryError: Direct buffer memory
	at java.nio.Bits.reserveMemory(Bits.java:666)
	at java.nio.DirectByteBuffer.<init>(DirectByteBuffer.java:123)
	at java.nio.ByteBuffer.allocateDirect(ByteBuffer.java:311)
	at org.apache.ratis.server.raftlog.segmented.BufferedWriteChannel.<init>(BufferedWriteChannel.java:41)
	at org.apache.ratis.server.raftlog.segmented.SegmentedRaftLogOutputStream.<init>(SegmentedRaftLogOutputStream.java:72)
	at org.apache.ratis.server.raftlog.segmented.SegmentedRaftLogWorker$StartLogSegment.execute(SegmentedRaftLogWorker.java:566)
	at org.apache.ratis.server.raftlog.segmented.SegmentedRaftLogWorker.run(SegmentedRaftLogWorker.java:289)
	at java.lang.Thread.run(Thread.java:748)
2019-09-26 15:13:51,402 [b3e939fd-eb36-468b-9efe-5d0a1fdaa172@group-C47DA51F7039-SegmentedRaftLogWorker] ERROR segmented.SegmentedRaftLogWorker (SegmentedRaftLogWorker.java:run(323)) - b3e939fd-eb36-468b-9efe-5d0a1fdaa172@group-C47DA51F7039-SegmentedRaftLogWorker hit exception
java.lang.OutOfMemoryError: Direct buffer memory
	at java.nio.Bits.reserveMemory(Bits.java:666)
	at java.nio.DirectByteBuffer.<init>(DirectByteBuffer.java:123)
	at java.nio.ByteBuffer.allocateDirect(ByteBuffer.java:311)
	at org.apache.ratis.server.raftlog.segmented.BufferedWriteChannel.<init>(BufferedWriteChannel.java:41)
	at org.apache.ratis.server.raftlog.segmented.SegmentedRaftLogOutputStream.<init>(SegmentedRaftLogOutputStream.java:72)
	at org.apache.ratis.server.raftlog.segmented.SegmentedRaftLogWorker$StartLogSegment.execute(SegmentedRaftLogWorker.java:566)
	at org.apache.ratis.server.raftlog.segmented.SegmentedRaftLogWorker.run(SegmentedRaftLogWorker.java:289)
	at java.lang.Thread.run(Thread.java:748)
2019-09-26 15:13:51,402 [b3e939fd-eb36-468b-9efe-5d0a1fdaa172@group-C878FEE1AB22-SegmentedRaftLogWorker] ERROR segmented.SegmentedRaftLogWorker (SegmentedRaftLogWorker.java:run(323)) - b3e939fd-eb36-468b-9efe-5d0a1fdaa172@group-C878FEE1AB22-SegmentedRaftLogWorker hit exception
java.lang.OutOfMemoryError: Direct buffer memory
	at java.nio.Bits.reserveMemory(Bits.java:666)
	at java.nio.DirectByteBuffer.<init>(DirectByteBuffer.java:123)
	at java.nio.ByteBuffer.allocateDirect(ByteBuffer.java:311)
	at org.apache.ratis.server.raftlog.segmented.BufferedWriteChannel.<init>(BufferedWriteChannel.java:41)
	at org.apache.ratis.server.raftlog.segmented.SegmentedRaftLogOutputStream.<init>(SegmentedRaftLogOutputStream.java:72)
	at org.apache.ratis.server.raftlog.segmented.SegmentedRaftLogWorker$StartLogSegment.execute(SegmentedRaftLogWorker.java:566)
	at org.apache.ratis.server.raftlog.segmented.SegmentedRaftLogWorker.run(SegmentedRaftLogWorker.java:289)
	at java.lang.Thread.run(Thread.java:748)
2019-09-26 15:13:51,404 [b3e939fd-eb36-468b-9efe-5d0a1fdaa172@group-C878FEE1AB22-SegmentedRaftLogWorker] INFO  impl.RaftServerImpl (RaftServerImpl.java:lambda$shutdown$3(251)) - b3e939fd-eb36-468b-9efe-5d0a1fdaa172@group-C878FEE1AB22: shutdown
2019-09-26 15:13:51,402 [b3e939fd-eb36-468b-9efe-5d0a1fdaa172@group-DC2DB9729BEF-SegmentedRaftLogWorker] ERROR segmented.SegmentedRaftLogWorker (SegmentedRaftLogWorker.java:run(323)) - b3e939fd-eb36-468b-9efe-5d0a1fdaa172@group-DC2DB9729BEF-SegmentedRaftLogWorker hit exception
java.lang.OutOfMemoryError: Direct buffer memory
	at java.nio.Bits.reserveMemory(Bits.java:666)
	at java.nio.DirectByteBuffer.<init>(DirectByteBuffer.java:123)
	at java.nio.ByteBuffer.allocateDirect(ByteBuffer.java:311)
	at org.apache.ratis.server.raftlog.segmented.BufferedWriteChannel.<init>(BufferedWriteChannel.java:41)
	at org.apache.ratis.server.raftlog.segmented.SegmentedRaftLogOutputStream.<init>(SegmentedRaftLogOutputStream.java:72)
	at org.apache.ratis.server.raftlog.segmented.SegmentedRaftLogWorker$StartLogSegment.execute(SegmentedRaftLogWorker.java:566)
	at org.apache.ratis.server.raftlog.segmented.SegmentedRaftLogWorker.run(SegmentedRaftLogWorker.java:289)
	at java.lang.Thread.run(Thread.java:748)
2019-09-26 15:13:51,402 [b3e939fd-eb36-468b-9efe-5d0a1fdaa172@group-91D52F7A6523-SegmentedRaftLogWorker] ERROR segmented.SegmentedRaftLogWorker (SegmentedRaftLogWorker.java:run(323)) - b3e939fd-eb36-468b-9efe-5d0a1fdaa172@group-91D52F7A6523-SegmentedRaftLogWorker hit exception
java.lang.OutOfMemoryError: Direct buffer memory
	at java.nio.Bits.reserveMemory(Bits.java:666)
	at java.nio.DirectByteBuffer.<init>(DirectByteBuffer.java:123)
	at java.nio.ByteBuffer.allocateDirect(ByteBuffer.java:311)
	at org.apache.ratis.server.raftlog.segmented.BufferedWriteChannel.<init>(BufferedWriteChannel.java:41)
	at org.apache.ratis.server.raftlog.segmented.SegmentedRaftLogOutputStream.<init>(SegmentedRaftLogOutputStream.java:72)
	at org.apache.ratis.server.raftlog.segmented.SegmentedRaftLogWorker$StartLogSegment.execute(SegmentedRaftLogWorker.java:566)
	at org.apache.ratis.server.raftlog.segmented.SegmentedRaftLogWorker.run(SegmentedRaftLogWorker.java:289)
	at java.lang.Thread.run(Thread.java:748)
2019-09-26 15:13:51,404 [b3e939fd-eb36-468b-9efe-5d0a1fdaa172@group-DC2DB9729BEF-SegmentedRaftLogWorker] INFO  impl.RaftServerImpl (RaftServerImpl.java:lambda$shutdown$3(251)) - b3e939fd-eb36-468b-9efe-5d0a1fdaa172@group-DC2DB9729BEF: shutdown
2019-09-26 15:13:51,404 [b3e939fd-eb36-468b-9efe-5d0a1fdaa172@group-A2BD7EF985B3:LeaderElection274] INFO  impl.RoleInfo (RoleInfo.java:updateAndGet(143)) - b3e939fd-eb36-468b-9efe-5d0a1fdaa172: start LeaderState
2019-09-26 15:13:51,403 [b3e939fd-eb36-468b-9efe-5d0a1fdaa172@group-C47DA51F7039-SegmentedRaftLogWorker] INFO  impl.RaftServerImpl (RaftServerImpl.java:lambda$shutdown$3(251)) - b3e939fd-eb36-468b-9efe-5d0a1fdaa172@group-C47DA51F7039: shutdown
2019-09-26 15:13:51,403 [b3e939fd-eb36-468b-9efe-5d0a1fdaa172@group-7666CF0181BB-SegmentedRaftLogWorker] INFO  impl.RaftServerImpl (RaftServerImpl.java:lambda$shutdown$3(251)) - b3e939fd-eb36-468b-9efe-5d0a1fdaa172@group-7666CF0181BB: shutdown
2019-09-26 15:13:51,403 [b3e939fd-eb36-468b-9efe-5d0a1fdaa172@group-45EF2C5983EC-SegmentedRaftLogWorker] INFO  impl.RaftServerImpl (RaftServerImpl.java:lambda$shutdown$3(251)) - b3e939fd-eb36-468b-9efe-5d0a1fdaa172@group-45EF2C5983EC: shutdown
2019-09-26 15:13:51,403 [b3e939fd-eb36-468b-9efe-5d0a1fdaa172@group-9F10B5770DAC-SegmentedRaftLogWorker] INFO  impl.RaftServerImpl (RaftServerImpl.java:lambda$shutdown$3(251)) - b3e939fd-eb36-468b-9efe-5d0a1fdaa172@group-9F10B5770DAC: shutdown
2019-09-26 15:13:51,403 [b3e939fd-eb36-468b-9efe-5d0a1fdaa172@group-2F5911C68895-SegmentedRaftLogWorker] INFO  impl.RaftServerImpl (RaftServerImpl.java:lambda$shutdown$3(251)) - b3e939fd-eb36-468b-9efe-5d0a1fdaa172@group-2F5911C68895: shutdown
2019-09-26 15:13:51,404 [b3e939fd-eb36-468b-9efe-5d0a1fdaa172@group-A2BD7EF985B3:LeaderElection274] INFO  segmented.SegmentedRaftLogWorker (SegmentedRaftLogWorker.java:startLogSegment(380)) - b3e939fd-eb36-468b-9efe-5d0a1fdaa172@group-A2BD7EF985B3-SegmentedRaftLogWorker: Starting segment from index:0
2019-09-26 15:13:51,404 [b3e939fd-eb36-468b-9efe-5d0a1fdaa172@group-91D52F7A6523-SegmentedRaftLogWorker] INFO  impl.RaftServerImpl (RaftServerImpl.java:lambda$shutdown$3(251)) - b3e939fd-eb36-468b-9efe-5d0a1fdaa172@group-91D52F7A6523: shutdown
2019-09-26 15:13:51,405 [b3e939fd-eb36-468b-9efe-5d0a1fdaa172@group-A2BD7EF985B3:LeaderElection274] INFO  impl.RaftServerImpl (ServerState.java:setRaftConf(354)) - b3e939fd-eb36-468b-9efe-5d0a1fdaa172@group-A2BD7EF985B3: set configuration 0: [b3e939fd-eb36-468b-9efe-5d0a1fdaa172:192.168.151.99:45433], old=null at 0
2019-09-26 15:13:51,608 [b3e939fd-eb36-468b-9efe-5d0a1fdaa172@group-5A4780976490-SegmentedRaftLogWorker] ERROR segmented.SegmentedRaftLogWorker (SegmentedRaftLogWorker.java:run(323)) - b3e939fd-eb36-468b-9efe-5d0a1fdaa172@group-5A4780976490-SegmentedRaftLogWorker hit exception
java.lang.OutOfMemoryError: Direct buffer memory
	at java.nio.Bits.reserveMemory(Bits.java:666)
	at java.nio.DirectByteBuffer.<init>(DirectByteBuffer.java:123)
	at java.nio.ByteBuffer.allocateDirect(ByteBuffer.java:311)
	at org.apache.ratis.server.raftlog.segmented.BufferedWriteChannel.<init>(BufferedWriteChannel.java:41)
	at org.apache.ratis.server.raftlog.segmented.SegmentedRaftLogOutputStream.<init>(SegmentedRaftLogOutputStream.java:72)
	at org.apache.ratis.server.raftlog.segmented.SegmentedRaftLogWorker$StartLogSegment.execute(SegmentedRaftLogWorker.java:566)
	at org.apache.ratis.server.raftlog.segmented.SegmentedRaftLogWorker.run(SegmentedRaftLogWorker.java:289)
	at java.lang.Thread.run(Thread.java:748)
2019-09-26 15:13:51,608 [b3e939fd-eb36-468b-9efe-5d0a1fdaa172@group-54B73EABA4F1-SegmentedRaftLogWorker] ERROR segmented.SegmentedRaftLogWorker (SegmentedRaftLogWorker.java:run(323)) - b3e939fd-eb36-468b-9efe-5d0a1fdaa172@group-54B73EABA4F1-SegmentedRaftLogWorker hit exception
java.lang.OutOfMemoryError: Direct buffer memory
	at java.nio.Bits.reserveMemory(Bits.java:666)
	at java.nio.DirectByteBuffer.<init>(DirectByteBuffer.java:123)
	at java.nio.ByteBuffer.allocateDirect(ByteBuffer.java:311)
	at org.apache.ratis.server.raftlog.segmented.BufferedWriteChannel.<init>(BufferedWriteChannel.java:41)
	at org.apache.ratis.server.raftlog.segmented.SegmentedRaftLogOutputStream.<init>(SegmentedRaftLogOutputStream.java:72)
	at org.apache.ratis.server.raftlog.segmented.SegmentedRaftLogWorker$StartLogSegment.execute(SegmentedRaftLogWorker.java:566)
	at org.apache.ratis.server.raftlog.segmented.SegmentedRaftLogWorker.run(SegmentedRaftLogWorker.java:289)
	at java.lang.Thread.run(Thread.java:748)
2019-09-26 15:13:51,608 [b3e939fd-eb36-468b-9efe-5d0a1fdaa172@group-5A4780976490-SegmentedRaftLogWorker] INFO  impl.RaftServerImpl (RaftServerImpl.java:lambda$shutdown$3(251)) - b3e939fd-eb36-468b-9efe-5d0a1fdaa172@group-5A4780976490: shutdown
2019-09-26 15:13:51,609 [b3e939fd-eb36-468b-9efe-5d0a1fdaa172@group-54B73EABA4F1-SegmentedRaftLogWorker] INFO  impl.RaftServerImpl (RaftServerImpl.java:lambda$shutdown$3(251)) - b3e939fd-eb36-468b-9efe-5d0a1fdaa172@group-54B73EABA4F1: shutdown
2019-09-26 15:13:51,616 [b3e939fd-eb36-468b-9efe-5d0a1fdaa172@group-C878FEE1AB22-SegmentedRaftLogWorker] INFO  util.JmxRegister (JmxRegister.java:unregister(73)) - Successfully un-registered JMX Bean with object name Ratis:service=RaftServer,group=group-C878FEE1AB22,id=b3e939fd-eb36-468b-9efe-5d0a1fdaa172
2019-09-26 15:13:51,617 [b3e939fd-eb36-468b-9efe-5d0a1fdaa172@group-C878FEE1AB22-SegmentedRaftLogWorker] INFO  impl.RoleInfo (RoleInfo.java:shutdownLeaderState(104)) - b3e939fd-eb36-468b-9efe-5d0a1fdaa172: shutdown LeaderState
2019-09-26 15:13:51,617 [b3e939fd-eb36-468b-9efe-5d0a1fdaa172@group-C878FEE1AB22-SegmentedRaftLogWorker] INFO  impl.PendingRequests (PendingRequests.java:sendNotLeaderResponses(202)) - b3e939fd-eb36-468b-9efe-5d0a1fdaa172-PendingRequests: sendNotLeaderResponses
2019-09-26 15:13:51,617 [b3e939fd-eb36-468b-9efe-5d0a1fdaa172@group-C878FEE1AB22-SegmentedRaftLogWorker] INFO  impl.StateMachineUpdater (StateMachineUpdater.java:stopAndJoin(125)) - b3e939fd-eb36-468b-9efe-5d0a1fdaa172@group-C878FEE1AB22-StateMachineUpdater: set stopIndex = -1
2019-09-26 15:13:51,617 [b3e939fd-eb36-468b-9efe-5d0a1fdaa172@group-C878FEE1AB22-SegmentedRaftLogWorker] INFO  impl.RaftServerImpl (ServerState.java:close(385)) - b3e939fd-eb36-468b-9efe-5d0a1fdaa172@group-C878FEE1AB22: closes. applyIndex: -1
2019-09-26 15:13:51,617 [b3e939fd-eb36-468b-9efe-5d0a1fdaa172@group-C878FEE1AB22-SegmentedRaftLogWorker] INFO  segmented.SegmentedRaftLogWorker (SegmentedRaftLogWorker.java:close(228)) - b3e939fd-eb36-468b-9efe-5d0a1fdaa172@group-C878FEE1AB22-SegmentedRaftLogWorker close()
2019-09-26 15:13:51,618 [b3e939fd-eb36-468b-9efe-5d0a1fdaa172@group-DC2DB9729BEF-SegmentedRaftLogWorker] INFO  util.JmxRegister (JmxRegister.java:unregister(73)) - Successfully un-registered JMX Bean with object name Ratis:service=RaftServer,group=group-DC2DB9729BEF,id=b3e939fd-eb36-468b-9efe-5d0a1fdaa172
2019-09-26 15:13:51,618 [b3e939fd-eb36-468b-9efe-5d0a1fdaa172@group-DC2DB9729BEF-SegmentedRaftLogWorker] INFO  impl.RoleInfo (RoleInfo.java:shutdownLeaderState(104)) - b3e939fd-eb36-468b-9efe-5d0a1fdaa172: shutdown LeaderState
2019-09-26 15:13:51,618 [b3e939fd-eb36-468b-9efe-5d0a1fdaa172@group-DC2DB9729BEF-SegmentedRaftLogWorker] INFO  impl.PendingRequests (PendingRequests.java:sendNotLeaderResponses(202)) - b3e939fd-eb36-468b-9efe-5d0a1fdaa172-PendingRequests: sendNotLeaderResponses
2019-09-26 15:13:51,618 [b3e939fd-eb36-468b-9efe-5d0a1fdaa172@group-DC2DB9729BEF-SegmentedRaftLogWorker] INFO  impl.StateMachineUpdater (StateMachineUpdater.java:stopAndJoin(125)) - b3e939fd-eb36-468b-9efe-5d0a1fdaa172@group-DC2DB9729BEF-StateMachineUpdater: set stopIndex = -1
2019-09-26 15:13:51,618 [b3e939fd-eb36-468b-9efe-5d0a1fdaa172@group-DC2DB9729BEF-SegmentedRaftLogWorker] INFO  impl.RaftServerImpl (ServerState.java:close(385)) - b3e939fd-eb36-468b-9efe-5d0a1fdaa172@group-DC2DB9729BEF: closes. applyIndex: -1
2019-09-26 15:13:51,618 [b3e939fd-eb36-468b-9efe-5d0a1fdaa172@group-C47DA51F7039-SegmentedRaftLogWorker] INFO  util.JmxRegister (JmxRegister.java:unregister(73)) - Successfully un-registered JMX Bean with object name Ratis:service=RaftServer,group=group-C47DA51F7039,id=b3e939fd-eb36-468b-9efe-5d0a1fdaa172
2019-09-26 15:13:51,619 [b3e939fd-eb36-468b-9efe-5d0a1fdaa172@group-DC2DB9729BEF-SegmentedRaftLogWorker] INFO  segmented.SegmentedRaftLogWorker (SegmentedRaftLogWorker.java:close(228)) - b3e939fd-eb36-468b-9efe-5d0a1fdaa172@group-DC2DB9729BEF-SegmentedRaftLogWorker close()
2019-09-26 15:13:51,619 [b3e939fd-eb36-468b-9efe-5d0a1fdaa172@group-7666CF0181BB-SegmentedRaftLogWorker] INFO  util.JmxRegister (JmxRegister.java:unregister(73)) - Successfully un-registered JMX Bean with object name Ratis:service=RaftServer,group=group-7666CF0181BB,id=b3e939fd-eb36-468b-9efe-5d0a1fdaa172
2019-09-26 15:13:51,619 [b3e939fd-eb36-468b-9efe-5d0a1fdaa172@group-45EF2C5983EC-SegmentedRaftLogWorker] INFO  util.JmxRegister (JmxRegister.java:unregister(73)) - Successfully un-registered JMX Bean with object name Ratis:service=RaftServer,group=group-45EF2C5983EC,id=b3e939fd-eb36-468b-9efe-5d0a1fdaa172
2019-09-26 15:13:51,619 [b3e939fd-eb36-468b-9efe-5d0a1fdaa172@group-45EF2C5983EC-SegmentedRaftLogWorker] INFO  impl.RoleInfo (RoleInfo.java:shutdownLeaderState(104)) - b3e939fd-eb36-468b-9efe-5d0a1fdaa172: shutdown LeaderState
2019-09-26 15:13:51,619 [b3e939fd-eb36-468b-9efe-5d0a1fdaa172@group-C47DA51F7039-SegmentedRaftLogWorker] INFO  impl.RoleInfo (RoleInfo.java:shutdownLeaderState(104)) - b3e939fd-eb36-468b-9efe-5d0a1fdaa172: shutdown LeaderState
2019-09-26 15:13:51,619 [b3e939fd-eb36-468b-9efe-5d0a1fdaa172@group-9F10B5770DAC-SegmentedRaftLogWorker] INFO  util.JmxRegister (JmxRegister.java:unregister(73)) - Successfully un-registered JMX Bean with object name Ratis:service=RaftServer,group=group-9F10B5770DAC,id=b3e939fd-eb36-468b-9efe-5d0a1fdaa172
2019-09-26 15:13:51,619 [b3e939fd-eb36-468b-9efe-5d0a1fdaa172@group-45EF2C5983EC-SegmentedRaftLogWorker] INFO  impl.PendingRequests (PendingRequests.java:sendNotLeaderResponses(202)) - b3e939fd-eb36-468b-9efe-5d0a1fdaa172-PendingRequests: sendNotLeaderResponses
2019-09-26 15:13:51,619 [b3e939fd-eb36-468b-9efe-5d0a1fdaa172@group-7666CF0181BB-SegmentedRaftLogWorker] INFO  impl.RoleInfo (RoleInfo.java:shutdownLeaderState(104)) - b3e939fd-eb36-468b-9efe-5d0a1fdaa172: shutdown LeaderState
2019-09-26 15:13:51,619 [b3e939fd-eb36-468b-9efe-5d0a1fdaa172@group-45EF2C5983EC-SegmentedRaftLogWorker] INFO  impl.StateMachineUpdater (StateMachineUpdater.java:stopAndJoin(125)) - b3e939fd-eb36-468b-9efe-5d0a1fdaa172@group-45EF2C5983EC-StateMachineUpdater: set stopIndex = -1
2019-09-26 15:13:51,619 [b3e939fd-eb36-468b-9efe-5d0a1fdaa172@group-91D52F7A6523-SegmentedRaftLogWorker] INFO  util.JmxRegister (JmxRegister.java:unregister(73)) - Successfully un-registered JMX Bean with object name Ratis:service=RaftServer,group=group-91D52F7A6523,id=b3e939fd-eb36-468b-9efe-5d0a1fdaa172
2019-09-26 15:13:51,619 [b3e939fd-eb36-468b-9efe-5d0a1fdaa172@group-9F10B5770DAC-SegmentedRaftLogWorker] INFO  impl.RoleInfo (RoleInfo.java:shutdownLeaderState(104)) - b3e939fd-eb36-468b-9efe-5d0a1fdaa172: shutdown LeaderState
2019-09-26 15:13:51,619 [b3e939fd-eb36-468b-9efe-5d0a1fdaa172@group-2F5911C68895-SegmentedRaftLogWorker] INFO  util.JmxRegister (JmxRegister.java:unregister(73)) - Successfully un-registered JMX Bean with object name Ratis:service=RaftServer,group=group-2F5911C68895,id=b3e939fd-eb36-468b-9efe-5d0a1fdaa172
2019-09-26 15:13:51,620 [b3e939fd-eb36-468b-9efe-5d0a1fdaa172@group-2F5911C68895-SegmentedRaftLogWorker] INFO  impl.RoleInfo (RoleInfo.java:shutdownLeaderState(104)) - b3e939fd-eb36-468b-9efe-5d0a1fdaa172: shutdown LeaderState
2019-09-26 15:13:51,620 [b3e939fd-eb36-468b-9efe-5d0a1fdaa172@group-2F5911C68895-SegmentedRaftLogWorker] INFO  impl.PendingRequests (PendingRequests.java:sendNotLeaderResponses(202)) - b3e939fd-eb36-468b-9efe-5d0a1fdaa172-PendingRequests: sendNotLeaderResponses
2019-09-26 15:13:51,619 [b3e939fd-eb36-468b-9efe-5d0a1fdaa172@group-C47DA51F7039-SegmentedRaftLogWorker] INFO  impl.PendingRequests (PendingRequests.java:sendNotLeaderResponses(202)) - b3e939fd-eb36-468b-9efe-5d0a1fdaa172-PendingRequests: sendNotLeaderResponses
2019-09-26 15:13:51,620 [b3e939fd-eb36-468b-9efe-5d0a1fdaa172@group-2F5911C68895-SegmentedRaftLogWorker] INFO  impl.StateMachineUpdater (StateMachineUpdater.java:stopAndJoin(125)) - b3e939fd-eb36-468b-9efe-5d0a1fdaa172@group-2F5911C68895-StateMachineUpdater: set stopIndex = -1
2019-09-26 15:13:51,620 [b3e939fd-eb36-468b-9efe-5d0a1fdaa172@group-2F5911C68895-SegmentedRaftLogWorker] INFO  impl.RaftServerImpl (ServerState.java:close(385)) - b3e939fd-eb36-468b-9efe-5d0a1fdaa172@group-2F5911C68895: closes. applyIndex: -1
2019-09-26 15:13:51,620 [b3e939fd-eb36-468b-9efe-5d0a1fdaa172@group-2F5911C68895-SegmentedRaftLogWorker] INFO  segmented.SegmentedRaftLogWorker (SegmentedRaftLogWorker.java:close(228)) - b3e939fd-eb36-468b-9efe-5d0a1fdaa172@group-2F5911C68895-SegmentedRaftLogWorker close()
2019-09-26 15:13:51,620 [b3e939fd-eb36-468b-9efe-5d0a1fdaa172@group-54B73EABA4F1-SegmentedRaftLogWorker] INFO  util.JmxRegister (JmxRegister.java:unregister(73)) - Successfully un-registered JMX Bean with object name Ratis:service=RaftServer,group=group-54B73EABA4F1,id=b3e939fd-eb36-468b-9efe-5d0a1fdaa172
2019-09-26 15:13:51,620 [b3e939fd-eb36-468b-9efe-5d0a1fdaa172@group-5A4780976490-SegmentedRaftLogWorker] INFO  util.JmxRegister (JmxRegister.java:unregister(73)) - Successfully un-registered JMX Bean with object name Ratis:service=RaftServer,group=group-5A4780976490,id=b3e939fd-eb36-468b-9efe-5d0a1fdaa172
2019-09-26 15:13:51,620 [b3e939fd-eb36-468b-9efe-5d0a1fdaa172@group-9F10B5770DAC-SegmentedRaftLogWorker] INFO  impl.PendingRequests (PendingRequests.java:sendNotLeaderResponses(202)) - b3e939fd-eb36-468b-9efe-5d0a1fdaa172-PendingRequests: sendNotLeaderResponses
2019-09-26 15:13:51,620 [b3e939fd-eb36-468b-9efe-5d0a1fdaa172@group-91D52F7A6523-SegmentedRaftLogWorker] INFO  impl.RoleInfo (RoleInfo.java:shutdownLeaderState(104)) - b3e939fd-eb36-468b-9efe-5d0a1fdaa172: shutdown LeaderState
2019-09-26 15:13:51,619 [b3e939fd-eb36-468b-9efe-5d0a1fdaa172@group-45EF2C5983EC-SegmentedRaftLogWorker] INFO  impl.RaftServerImpl (ServerState.java:close(385)) - b3e939fd-eb36-468b-9efe-5d0a1fdaa172@group-45EF2C5983EC: closes. applyIndex: -1
2019-09-26 15:13:51,619 [b3e939fd-eb36-468b-9efe-5d0a1fdaa172@group-7666CF0181BB-SegmentedRaftLogWorker] INFO  impl.PendingRequests (PendingRequests.java:sendNotLeaderResponses(202)) - b3e939fd-eb36-468b-9efe-5d0a1fdaa172-PendingRequests: sendNotLeaderResponses
2019-09-26 15:13:51,621 [b3e939fd-eb36-468b-9efe-5d0a1fdaa172@group-45EF2C5983EC-SegmentedRaftLogWorker] INFO  segmented.SegmentedRaftLogWorker (SegmentedRaftLogWorker.java:close(228)) - b3e939fd-eb36-468b-9efe-5d0a1fdaa172@group-45EF2C5983EC-SegmentedRaftLogWorker close()
2019-09-26 15:13:51,621 [b3e939fd-eb36-468b-9efe-5d0a1fdaa172@group-91D52F7A6523-SegmentedRaftLogWorker] INFO  impl.PendingRequests (PendingRequests.java:sendNotLeaderResponses(202)) - b3e939fd-eb36-468b-9efe-5d0a1fdaa172-PendingRequests: sendNotLeaderResponses
2019-09-26 15:13:51,621 [b3e939fd-eb36-468b-9efe-5d0a1fdaa172@group-7F7680AB9573:LeaderElection269] INFO  impl.RoleInfo (RoleInfo.java:updateAndGet(143)) - b3e939fd-eb36-468b-9efe-5d0a1fdaa172: start LeaderState
2019-09-26 15:13:51,621 [b3e939fd-eb36-468b-9efe-5d0a1fdaa172@group-9F10B5770DAC-SegmentedRaftLogWorker] INFO  impl.StateMachineUpdater (StateMachineUpdater.java:stopAndJoin(125)) - b3e939fd-eb36-468b-9efe-5d0a1fdaa172@group-9F10B5770DAC-StateMachineUpdater: set stopIndex = -1
2019-09-26 15:13:51,621 [b3e939fd-eb36-468b-9efe-5d0a1fdaa172@group-5A4780976490-SegmentedRaftLogWorker] INFO  impl.RoleInfo (RoleInfo.java:shutdownLeaderState(104)) - b3e939fd-eb36-468b-9efe-5d0a1fdaa172: shutdown LeaderState
2019-09-26 15:13:51,621 [b3e939fd-eb36-468b-9efe-5d0a1fdaa172@group-54B73EABA4F1-SegmentedRaftLogWorker] INFO  impl.RoleInfo (RoleInfo.java:shutdownLeaderState(104)) - b3e939fd-eb36-468b-9efe-5d0a1fdaa172: shutdown LeaderState
2019-09-26 15:13:51,620 [b3e939fd-eb36-468b-9efe-5d0a1fdaa172@group-C47DA51F7039-SegmentedRaftLogWorker] INFO  impl.StateMachineUpdater (StateMachineUpdater.java:stopAndJoin(125)) - b3e939fd-eb36-468b-9efe-5d0a1fdaa172@group-C47DA51F7039-StateMachineUpdater: set stopIndex = -1
2019-09-26 15:13:51,622 [b3e939fd-eb36-468b-9efe-5d0a1fdaa172@group-54B73EABA4F1-SegmentedRaftLogWorker] INFO  impl.PendingRequests (PendingRequests.java:sendNotLeaderResponses(202)) - b3e939fd-eb36-468b-9efe-5d0a1fdaa172-PendingRequests: sendNotLeaderResponses
2019-09-26 15:13:51,622 [b3e939fd-eb36-468b-9efe-5d0a1fdaa172@group-5A4780976490-SegmentedRaftLogWorker] INFO  impl.PendingRequests (PendingRequests.java:sendNotLeaderResponses(202)) - b3e939fd-eb36-468b-9efe-5d0a1fdaa172-PendingRequests: sendNotLeaderResponses
2019-09-26 15:13:51,622 [b3e939fd-eb36-468b-9efe-5d0a1fdaa172@group-5A4780976490-SegmentedRaftLogWorker] INFO  impl.StateMachineUpdater (StateMachineUpdater.java:stopAndJoin(125)) - b3e939fd-eb36-468b-9efe-5d0a1fdaa172@group-5A4780976490-StateMachineUpdater: set stopIndex = -1
2019-09-26 15:13:51,622 [b3e939fd-eb36-468b-9efe-5d0a1fdaa172@group-9F10B5770DAC-SegmentedRaftLogWorker] INFO  impl.RaftServerImpl (ServerState.java:close(385)) - b3e939fd-eb36-468b-9efe-5d0a1fdaa172@group-9F10B5770DAC: closes. applyIndex: -1
2019-09-26 15:13:51,622 [b3e939fd-eb36-468b-9efe-5d0a1fdaa172@group-7F7680AB9573:LeaderElection269] INFO  segmented.SegmentedRaftLogWorker (SegmentedRaftLogWorker.java:startLogSegment(380)) - b3e939fd-eb36-468b-9efe-5d0a1fdaa172@group-7F7680AB9573-SegmentedRaftLogWorker: Starting segment from index:0
2019-09-26 15:13:51,621 [b3e939fd-eb36-468b-9efe-5d0a1fdaa172@group-91D52F7A6523-SegmentedRaftLogWorker] INFO  impl.StateMachineUpdater (StateMachineUpdater.java:stopAndJoin(125)) - b3e939fd-eb36-468b-9efe-5d0a1fdaa172@group-91D52F7A6523-StateMachineUpdater: set stopIndex = -1
2019-09-26 15:13:51,621 [b3e939fd-eb36-468b-9efe-5d0a1fdaa172@group-7666CF0181BB-SegmentedRaftLogWorker] INFO  impl.StateMachineUpdater (StateMachineUpdater.java:stopAndJoin(125)) - b3e939fd-eb36-468b-9efe-5d0a1fdaa172@group-7666CF0181BB-StateMachineUpdater: set stopIndex = -1
2019-09-26 15:13:51,623 [b3e939fd-eb36-468b-9efe-5d0a1fdaa172@group-7666CF0181BB-SegmentedRaftLogWorker] INFO  impl.RaftServerImpl (ServerState.java:close(385)) - b3e939fd-eb36-468b-9efe-5d0a1fdaa172@group-7666CF0181BB: closes. applyIndex: -1
2019-09-26 15:13:51,623 [b3e939fd-eb36-468b-9efe-5d0a1fdaa172@group-91D52F7A6523-SegmentedRaftLogWorker] INFO  impl.RaftServerImpl (ServerState.java:close(385)) - b3e939fd-eb36-468b-9efe-5d0a1fdaa172@group-91D52F7A6523: closes. applyIndex: -1
2019-09-26 15:13:51,623 [b3e939fd-eb36-468b-9efe-5d0a1fdaa172@group-7666CF0181BB-SegmentedRaftLogWorker] INFO  segmented.SegmentedRaftLogWorker (SegmentedRaftLogWorker.java:close(228)) - b3e939fd-eb36-468b-9efe-5d0a1fdaa172@group-7666CF0181BB-SegmentedRaftLogWorker close()
2019-09-26 15:13:51,622 [b3e939fd-eb36-468b-9efe-5d0a1fdaa172@group-9F10B5770DAC-SegmentedRaftLogWorker] INFO  segmented.SegmentedRaftLogWorker (SegmentedRaftLogWorker.java:close(228)) - b3e939fd-eb36-468b-9efe-5d0a1fdaa172@group-9F10B5770DAC-SegmentedRaftLogWorker close()
2019-09-26 15:13:51,622 [b3e939fd-eb36-468b-9efe-5d0a1fdaa172@group-5A4780976490-SegmentedRaftLogWorker] INFO  impl.RaftServerImpl (ServerState.java:close(385)) - b3e939fd-eb36-468b-9efe-5d0a1fdaa172@group-5A4780976490: closes. applyIndex: -1
2019-09-26 15:13:51,622 [b3e939fd-eb36-468b-9efe-5d0a1fdaa172@group-54B73EABA4F1-SegmentedRaftLogWorker] INFO  impl.StateMachineUpdater (StateMachineUpdater.java:stopAndJoin(125)) - b3e939fd-eb36-468b-9efe-5d0a1fdaa172@group-54B73EABA4F1-StateMachineUpdater: set stopIndex = -1
2019-09-26 15:13:51,622 [b3e939fd-eb36-468b-9efe-5d0a1fdaa172@group-C47DA51F7039-SegmentedRaftLogWorker] INFO  impl.RaftServerImpl (ServerState.java:close(385)) - b3e939fd-eb36-468b-9efe-5d0a1fdaa172@group-C47DA51F7039: closes. applyIndex: -1
2019-09-26 15:13:51,825 [b3e939fd-eb36-468b-9efe-5d0a1fdaa172@group-54B73EABA4F1-SegmentedRaftLogWorker] INFO  impl.RaftServerImpl (ServerState.java:close(385)) - b3e939fd-eb36-468b-9efe-5d0a1fdaa172@group-54B73EABA4F1: closes. applyIndex: -1
2019-09-26 15:13:51,825 [b3e939fd-eb36-468b-9efe-5d0a1fdaa172@group-5A4780976490-SegmentedRaftLogWorker] INFO  segmented.SegmentedRaftLogWorker (SegmentedRaftLogWorker.java:close(228)) - b3e939fd-eb36-468b-9efe-5d0a1fdaa172@group-5A4780976490-SegmentedRaftLogWorker close()
2019-09-26 15:13:51,824 [b3e939fd-eb36-468b-9efe-5d0a1fdaa172@group-F5BF1B3E3E4A-SegmentedRaftLogWorker] ERROR segmented.SegmentedRaftLogWorker (SegmentedRaftLogWorker.java:run(323)) - b3e939fd-eb36-468b-9efe-5d0a1fdaa172@group-F5BF1B3E3E4A-SegmentedRaftLogWorker hit exception
java.lang.OutOfMemoryError: Direct buffer memory
	at java.nio.Bits.reserveMemory(Bits.java:666)
	at java.nio.DirectByteBuffer.<init>(DirectByteBuffer.java:123)
	at java.nio.ByteBuffer.allocateDirect(ByteBuffer.java:311)
	at org.apache.ratis.server.raftlog.segmented.BufferedWriteChannel.<init>(BufferedWriteChannel.java:41)
	at org.apache.ratis.server.raftlog.segmented.SegmentedRaftLogOutputStream.<init>(SegmentedRaftLogOutputStream.java:72)
	at org.apache.ratis.server.raftlog.segmented.SegmentedRaftLogWorker$StartLogSegment.execute(SegmentedRaftLogWorker.java:566)
	at org.apache.ratis.server.raftlog.segmented.SegmentedRaftLogWorker.run(SegmentedRaftLogWorker.java:289)
	at java.lang.Thread.run(Thread.java:748)
2019-09-26 15:13:51,825 [b3e939fd-eb36-468b-9efe-5d0a1fdaa172@group-F5BF1B3E3E4A-SegmentedRaftLogWorker] INFO  impl.RaftServerImpl (RaftServerImpl.java:lambda$shutdown$3(251)) - b3e939fd-eb36-468b-9efe-5d0a1fdaa172@group-F5BF1B3E3E4A: shutdown
2019-09-26 15:13:51,824 [b3e939fd-eb36-468b-9efe-5d0a1fdaa172@group-FC1921472DFA-SegmentedRaftLogWorker] ERROR segmented.SegmentedRaftLogWorker (SegmentedRaftLogWorker.java:run(323)) - b3e939fd-eb36-468b-9efe-5d0a1fdaa172@group-FC1921472DFA-SegmentedRaftLogWorker hit exception
java.lang.OutOfMemoryError: Direct buffer memory
	at java.nio.Bits.reserveMemory(Bits.java:666)
	at java.nio.DirectByteBuffer.<init>(DirectByteBuffer.java:123)
	at java.nio.ByteBuffer.allocateDirect(ByteBuffer.java:311)
	at org.apache.ratis.server.raftlog.segmented.BufferedWriteChannel.<init>(BufferedWriteChannel.java:41)
	at org.apache.ratis.server.raftlog.segmented.SegmentedRaftLogOutputStream.<init>(SegmentedRaftLogOutputStream.java:72)
	at org.apache.ratis.server.raftlog.segmented.SegmentedRaftLogWorker$StartLogSegment.execute(SegmentedRaftLogWorker.java:566)
	at org.apache.ratis.server.raftlog.segmented.SegmentedRaftLogWorker.run(SegmentedRaftLogWorker.java:289)
	at java.lang.Thread.run(Thread.java:748)
2019-09-26 15:13:51,826 [b3e939fd-eb36-468b-9efe-5d0a1fdaa172@group-FC1921472DFA-SegmentedRaftLogWorker] INFO  impl.RaftServerImpl (RaftServerImpl.java:lambda$shutdown$3(251)) - b3e939fd-eb36-468b-9efe-5d0a1fdaa172@group-FC1921472DFA: shutdown
2019-09-26 15:13:51,824 [b3e939fd-eb36-468b-9efe-5d0a1fdaa172@group-336DB84C1351-SegmentedRaftLogWorker] ERROR segmented.SegmentedRaftLogWorker (SegmentedRaftLogWorker.java:run(323)) - b3e939fd-eb36-468b-9efe-5d0a1fdaa172@group-336DB84C1351-SegmentedRaftLogWorker hit exception
java.lang.OutOfMemoryError: Direct buffer memory
	at java.nio.Bits.reserveMemory(Bits.java:666)
	at java.nio.DirectByteBuffer.<init>(DirectByteBuffer.java:123)
	at java.nio.ByteBuffer.allocateDirect(ByteBuffer.java:311)
	at org.apache.ratis.server.raftlog.segmented.BufferedWriteChannel.<init>(BufferedWriteChannel.java:41)
	at org.apache.ratis.server.raftlog.segmented.SegmentedRaftLogOutputStream.<init>(SegmentedRaftLogOutputStream.java:72)
	at org.apache.ratis.server.raftlog.segmented.SegmentedRaftLogWorker$StartLogSegment.execute(SegmentedRaftLogWorker.java:566)
	at org.apache.ratis.server.raftlog.segmented.SegmentedRaftLogWorker.run(SegmentedRaftLogWorker.java:289)
	at java.lang.Thread.run(Thread.java:748)
2019-09-26 15:13:51,824 [b3e939fd-eb36-468b-9efe-5d0a1fdaa172@group-270C29ADC77F-SegmentedRaftLogWorker] ERROR segmented.SegmentedRaftLogWorker (SegmentedRaftLogWorker.java:run(323)) - b3e939fd-eb36-468b-9efe-5d0a1fdaa172@group-270C29ADC77F-SegmentedRaftLogWorker hit exception
java.lang.OutOfMemoryError: Direct buffer memory
	at java.nio.Bits.reserveMemory(Bits.java:666)
	at java.nio.DirectByteBuffer.<init>(DirectByteBuffer.java:123)
	at java.nio.ByteBuffer.allocateDirect(ByteBuffer.java:311)
	at org.apache.ratis.server.raftlog.segmented.BufferedWriteChannel.<init>(BufferedWriteChannel.java:41)
	at org.apache.ratis.server.raftlog.segmented.SegmentedRaftLogOutputStream.<init>(SegmentedRaftLogOutputStream.java:72)
	at org.apache.ratis.server.raftlog.segmented.SegmentedRaftLogWorker$StartLogSegment.execute(SegmentedRaftLogWorker.java:566)
	at org.apache.ratis.server.raftlog.segmented.SegmentedRaftLogWorker.run(SegmentedRaftLogWorker.java:289)
	at java.lang.Thread.run(Thread.java:748)
2019-09-26 15:13:51,824 [b3e939fd-eb36-468b-9efe-5d0a1fdaa172@group-D5D0A30B4DC8-SegmentedRaftLogWorker] ERROR segmented.SegmentedRaftLogWorker (SegmentedRaftLogWorker.java:run(323)) - b3e939fd-eb36-468b-9efe-5d0a1fdaa172@group-D5D0A30B4DC8-SegmentedRaftLogWorker hit exception
java.lang.OutOfMemoryError: Direct buffer memory
	at java.nio.Bits.reserveMemory(Bits.java:666)
	at java.nio.DirectByteBuffer.<init>(DirectByteBuffer.java:123)
	at java.nio.ByteBuffer.allocateDirect(ByteBuffer.java:311)
	at org.apache.ratis.server.raftlog.segmented.BufferedWriteChannel.<init>(BufferedWriteChannel.java:41)
	at org.apache.ratis.server.raftlog.segmented.SegmentedRaftLogOutputStream.<init>(SegmentedRaftLogOutputStream.java:72)
	at org.apache.ratis.server.raftlog.segmented.SegmentedRaftLogWorker$StartLogSegment.execute(SegmentedRaftLogWorker.java:566)
	at org.apache.ratis.server.raftlog.segmented.SegmentedRaftLogWorker.run(SegmentedRaftLogWorker.java:289)
	at java.lang.Thread.run(Thread.java:748)
2019-09-26 15:13:51,824 [b3e939fd-eb36-468b-9efe-5d0a1fdaa172@group-B8A18754ECB2-SegmentedRaftLogWorker] ERROR segmented.SegmentedRaftLogWorker (SegmentedRaftLogWorker.java:run(323)) - b3e939fd-eb36-468b-9efe-5d0a1fdaa172@group-B8A18754ECB2-SegmentedRaftLogWorker hit exception
java.lang.OutOfMemoryError: Direct buffer memory
	at java.nio.Bits.reserveMemory(Bits.java:666)
	at java.nio.DirectByteBuffer.<init>(DirectByteBuffer.java:123)
	at java.nio.ByteBuffer.allocateDirect(ByteBuffer.java:311)
	at org.apache.ratis.server.raftlog.segmented.BufferedWriteChannel.<init>(BufferedWriteChannel.java:41)
	at org.apache.ratis.server.raftlog.segmented.SegmentedRaftLogOutputStream.<init>(SegmentedRaftLogOutputStream.java:72)
	at org.apache.ratis.server.raftlog.segmented.SegmentedRaftLogWorker$StartLogSegment.execute(SegmentedRaftLogWorker.java:566)
	at org.apache.ratis.server.raftlog.segmented.SegmentedRaftLogWorker.run(SegmentedRaftLogWorker.java:289)
	at java.lang.Thread.run(Thread.java:748)
2019-09-26 15:13:51,824 [b3e939fd-eb36-468b-9efe-5d0a1fdaa172@group-84D1E06F87C5-SegmentedRaftLogWorker] ERROR segmented.SegmentedRaftLogWorker (SegmentedRaftLogWorker.java:run(323)) - b3e939fd-eb36-468b-9efe-5d0a1fdaa172@group-84D1E06F87C5-SegmentedRaftLogWorker hit exception
java.lang.OutOfMemoryError: Direct buffer memory
	at java.nio.Bits.reserveMemory(Bits.java:666)
	at java.nio.DirectByteBuffer.<init>(DirectByteBuffer.java:123)
	at java.nio.ByteBuffer.allocateDirect(ByteBuffer.java:311)
	at org.apache.ratis.server.raftlog.segmented.BufferedWriteChannel.<init>(BufferedWriteChannel.java:41)
	at org.apache.ratis.server.raftlog.segmented.SegmentedRaftLogOutputStream.<init>(SegmentedRaftLogOutputStream.java:72)
	at org.apache.ratis.server.raftlog.segmented.SegmentedRaftLogWorker$StartLogSegment.execute(SegmentedRaftLogWorker.java:566)
	at org.apache.ratis.server.raftlog.segmented.SegmentedRaftLogWorker.run(SegmentedRaftLogWorker.java:289)
	at java.lang.Thread.run(Thread.java:748)
2019-09-26 15:13:51,824 [b3e939fd-eb36-468b-9efe-5d0a1fdaa172@group-1CB942701F5F-SegmentedRaftLogWorker] ERROR segmented.SegmentedRaftLogWorker (SegmentedRaftLogWorker.java:run(323)) - b3e939fd-eb36-468b-9efe-5d0a1fdaa172@group-1CB942701F5F-SegmentedRaftLogWorker hit exception
java.lang.OutOfMemoryError: Direct buffer memory
	at java.nio.Bits.reserveMemory(Bits.java:666)
	at java.nio.DirectByteBuffer.<init>(DirectByteBuffer.java:123)
	at java.nio.ByteBuffer.allocateDirect(ByteBuffer.java:311)
	at org.apache.ratis.server.raftlog.segmented.BufferedWriteChannel.<init>(BufferedWriteChannel.java:41)
	at org.apache.ratis.server.raftlog.segmented.SegmentedRaftLogOutputStream.<init>(SegmentedRaftLogOutputStream.java:72)
	at org.apache.ratis.server.raftlog.segmented.SegmentedRaftLogWorker$StartLogSegment.execute(SegmentedRaftLogWorker.java:566)
	at org.apache.ratis.server.raftlog.segmented.SegmentedRaftLogWorker.run(SegmentedRaftLogWorker.java:289)
	at java.lang.Thread.run(Thread.java:748)
2019-09-26 15:13:51,827 [b3e939fd-eb36-468b-9efe-5d0a1fdaa172@group-1CB942701F5F-SegmentedRaftLogWorker] INFO  impl.RaftServerImpl (RaftServerImpl.java:lambda$shutdown$3(251)) - b3e939fd-eb36-468b-9efe-5d0a1fdaa172@group-1CB942701F5F: shutdown
2019-09-26 15:13:51,824 [b3e939fd-eb36-468b-9efe-5d0a1fdaa172@group-98F9BF2BE007-SegmentedRaftLogWorker] ERROR segmented.SegmentedRaftLogWorker (SegmentedRaftLogWorker.java:run(323)) - b3e939fd-eb36-468b-9efe-5d0a1fdaa172@group-98F9BF2BE007-SegmentedRaftLogWorker hit exception
java.lang.OutOfMemoryError: Direct buffer memory
	at java.nio.Bits.reserveMemory(Bits.java:666)
	at java.nio.DirectByteBuffer.<init>(DirectByteBuffer.java:123)
	at java.nio.ByteBuffer.allocateDirect(ByteBuffer.java:311)
	at org.apache.ratis.server.raftlog.segmented.BufferedWriteChannel.<init>(BufferedWriteChannel.java:41)
	at org.apache.ratis.server.raftlog.segmented.SegmentedRaftLogOutputStream.<init>(SegmentedRaftLogOutputStream.java:72)
	at org.apache.ratis.server.raftlog.segmented.SegmentedRaftLogWorker$StartLogSegment.execute(SegmentedRaftLogWorker.java:566)
	at org.apache.ratis.server.raftlog.segmented.SegmentedRaftLogWorker.run(SegmentedRaftLogWorker.java:289)
	at java.lang.Thread.run(Thread.java:748)
2019-09-26 15:13:51,824 [b3e939fd-eb36-468b-9efe-5d0a1fdaa172@group-0CA234018F8C-SegmentedRaftLogWorker] ERROR segmented.SegmentedRaftLogWorker (SegmentedRaftLogWorker.java:run(323)) - b3e939fd-eb36-468b-9efe-5d0a1fdaa172@group-0CA234018F8C-SegmentedRaftLogWorker hit exception
java.lang.OutOfMemoryError: Direct buffer memory
	at java.nio.Bits.reserveMemory(Bits.java:666)
	at java.nio.DirectByteBuffer.<init>(DirectByteBuffer.java:123)
	at java.nio.ByteBuffer.allocateDirect(ByteBuffer.java:311)
	at org.apache.ratis.server.raftlog.segmented.BufferedWriteChannel.<init>(BufferedWriteChannel.java:41)
	at org.apache.ratis.server.raftlog.segmented.SegmentedRaftLogOutputStream.<init>(SegmentedRaftLogOutputStream.java:72)
	at org.apache.ratis.server.raftlog.segmented.SegmentedRaftLogWorker$StartLogSegment.execute(SegmentedRaftLogWorker.java:566)
	at org.apache.ratis.server.raftlog.segmented.SegmentedRaftLogWorker.run(SegmentedRaftLogWorker.java:289)
	at java.lang.Thread.run(Thread.java:748)
2019-09-26 15:13:51,824 [b3e939fd-eb36-468b-9efe-5d0a1fdaa172@group-778C63AA011E-SegmentedRaftLogWorker] ERROR segmented.SegmentedRaftLogWorker (SegmentedRaftLogWorker.java:run(323)) - b3e939fd-eb36-468b-9efe-5d0a1fdaa172@group-778C63AA011E-SegmentedRaftLogWorker hit exception
java.lang.OutOfMemoryError: Direct buffer memory
	at java.nio.Bits.reserveMemory(Bits.java:666)
	at java.nio.DirectByteBuffer.<init>(DirectByteBuffer.java:123)
	at java.nio.ByteBuffer.allocateDirect(ByteBuffer.java:311)
	at org.apache.ratis.server.raftlog.segmented.BufferedWriteChannel.<init>(BufferedWriteChannel.java:41)
	at org.apache.ratis.server.raftlog.segmented.SegmentedRaftLogOutputStream.<init>(SegmentedRaftLogOutputStream.java:72)
	at org.apache.ratis.server.raftlog.segmented.SegmentedRaftLogWorker$StartLogSegment.execute(SegmentedRaftLogWorker.java:566)
	at org.apache.ratis.server.raftlog.segmented.SegmentedRaftLogWorker.run(SegmentedRaftLogWorker.java:289)
	at java.lang.Thread.run(Thread.java:748)
2019-09-26 15:13:51,824 [b3e939fd-eb36-468b-9efe-5d0a1fdaa172@group-4E868D6FA5B9-SegmentedRaftLogWorker] ERROR segmented.SegmentedRaftLogWorker (SegmentedRaftLogWorker.java:run(323)) - b3e939fd-eb36-468b-9efe-5d0a1fdaa172@group-4E868D6FA5B9-SegmentedRaftLogWorker hit exception
java.lang.OutOfMemoryError: Direct buffer memory
	at java.nio.Bits.reserveMemory(Bits.java:666)
	at java.nio.DirectByteBuffer.<init>(DirectByteBuffer.java:123)
	at java.nio.ByteBuffer.allocateDirect(ByteBuffer.java:311)
	at org.apache.ratis.server.raftlog.segmented.BufferedWriteChannel.<init>(BufferedWriteChannel.java:41)
	at org.apache.ratis.server.raftlog.segmented.SegmentedRaftLogOutputStream.<init>(SegmentedRaftLogOutputStream.java:72)
	at org.apache.ratis.server.raftlog.segmented.SegmentedRaftLogWorker$StartLogSegment.execute(SegmentedRaftLogWorker.java:566)
	at org.apache.ratis.server.raftlog.segmented.SegmentedRaftLogWorker.run(SegmentedRaftLogWorker.java:289)
	at java.lang.Thread.run(Thread.java:748)
2019-09-26 15:13:51,823 [b3e939fd-eb36-468b-9efe-5d0a1fdaa172@group-2969446FDAA8-SegmentedRaftLogWorker] ERROR segmented.SegmentedRaftLogWorker (SegmentedRaftLogWorker.java:run(323)) - b3e939fd-eb36-468b-9efe-5d0a1fdaa172@group-2969446FDAA8-SegmentedRaftLogWorker hit exception
java.lang.OutOfMemoryError: Direct buffer memory
	at java.nio.Bits.reserveMemory(Bits.java:666)
	at java.nio.DirectByteBuffer.<init>(DirectByteBuffer.java:123)
	at java.nio.ByteBuffer.allocateDirect(ByteBuffer.java:311)
	at org.apache.ratis.server.raftlog.segmented.BufferedWriteChannel.<init>(BufferedWriteChannel.java:41)
	at org.apache.ratis.server.raftlog.segmented.SegmentedRaftLogOutputStream.<init>(SegmentedRaftLogOutputStream.java:72)
	at org.apache.ratis.server.raftlog.segmented.SegmentedRaftLogWorker$StartLogSegment.execute(SegmentedRaftLogWorker.java:566)
	at org.apache.ratis.server.raftlog.segmented.SegmentedRaftLogWorker.run(SegmentedRaftLogWorker.java:289)
	at java.lang.Thread.run(Thread.java:748)
2019-09-26 15:13:51,823 [b3e939fd-eb36-468b-9efe-5d0a1fdaa172@group-3940D53E95A2-SegmentedRaftLogWorker] ERROR segmented.SegmentedRaftLogWorker (SegmentedRaftLogWorker.java:run(323)) - b3e939fd-eb36-468b-9efe-5d0a1fdaa172@group-3940D53E95A2-SegmentedRaftLogWorker hit exception
java.lang.OutOfMemoryError: Direct buffer memory
	at java.nio.Bits.reserveMemory(Bits.java:666)
	at java.nio.DirectByteBuffer.<init>(DirectByteBuffer.java:123)
	at java.nio.ByteBuffer.allocateDirect(ByteBuffer.java:311)
	at org.apache.ratis.server.raftlog.segmented.BufferedWriteChannel.<init>(BufferedWriteChannel.java:41)
	at org.apache.ratis.server.raftlog.segmented.SegmentedRaftLogOutputStream.<init>(SegmentedRaftLogOutputStream.java:72)
	at org.apache.ratis.server.raftlog.segmented.SegmentedRaftLogWorker$StartLogSegment.execute(SegmentedRaftLogWorker.java:566)
	at org.apache.ratis.server.raftlog.segmented.SegmentedRaftLogWorker.run(SegmentedRaftLogWorker.java:289)
	at java.lang.Thread.run(Thread.java:748)
2019-09-26 15:13:51,823 [b3e939fd-eb36-468b-9efe-5d0a1fdaa172@group-23B1075E3B4B-SegmentedRaftLogWorker] ERROR segmented.SegmentedRaftLogWorker (SegmentedRaftLogWorker.java:run(323)) - b3e939fd-eb36-468b-9efe-5d0a1fdaa172@group-23B1075E3B4B-SegmentedRaftLogWorker hit exception
java.lang.OutOfMemoryError: Direct buffer memory
	at java.nio.Bits.reserveMemory(Bits.java:666)
	at java.nio.DirectByteBuffer.<init>(DirectByteBuffer.java:123)
	at java.nio.ByteBuffer.allocateDirect(ByteBuffer.java:311)
	at org.apache.ratis.server.raftlog.segmented.BufferedWriteChannel.<init>(BufferedWriteChannel.java:41)
	at org.apache.ratis.server.raftlog.segmented.SegmentedRaftLogOutputStream.<init>(SegmentedRaftLogOutputStream.java:72)
	at org.apache.ratis.server.raftlog.segmented.SegmentedRaftLogWorker$StartLogSegment.execute(SegmentedRaftLogWorker.java:566)
	at org.apache.ratis.server.raftlog.segmented.SegmentedRaftLogWorker.run(SegmentedRaftLogWorker.java:289)
	at java.lang.Thread.run(Thread.java:748)
2019-09-26 15:13:51,823 [b3e939fd-eb36-468b-9efe-5d0a1fdaa172@group-5C744E83DB9A-SegmentedRaftLogWorker] ERROR segmented.SegmentedRaftLogWorker (SegmentedRaftLogWorker.java:run(323)) - b3e939fd-eb36-468b-9efe-5d0a1fdaa172@group-5C744E83DB9A-SegmentedRaftLogWorker hit exception
java.lang.OutOfMemoryError: Direct buffer memory
	at java.nio.Bits.reserveMemory(Bits.java:666)
	at java.nio.DirectByteBuffer.<init>(DirectByteBuffer.java:123)
	at java.nio.ByteBuffer.allocateDirect(ByteBuffer.java:311)
	at org.apache.ratis.server.raftlog.segmented.BufferedWriteChannel.<init>(BufferedWriteChannel.java:41)
	at org.apache.ratis.server.raftlog.segmented.SegmentedRaftLogOutputStream.<init>(SegmentedRaftLogOutputStream.java:72)
	at org.apache.ratis.server.raftlog.segmented.SegmentedRaftLogWorker$StartLogSegment.execute(SegmentedRaftLogWorker.java:566)
	at org.apache.ratis.server.raftlog.segmented.SegmentedRaftLogWorker.run(SegmentedRaftLogWorker.java:289)
	at java.lang.Thread.run(Thread.java:748)
2019-09-26 15:13:51,823 [b3e939fd-eb36-468b-9efe-5d0a1fdaa172@group-A69ABA2706CB-SegmentedRaftLogWorker] ERROR segmented.SegmentedRaftLogWorker (SegmentedRaftLogWorker.java:run(323)) - b3e939fd-eb36-468b-9efe-5d0a1fdaa172@group-A69ABA2706CB-SegmentedRaftLogWorker hit exception
java.lang.OutOfMemoryError: Direct buffer memory
	at java.nio.Bits.reserveMemory(Bits.java:666)
	at java.nio.DirectByteBuffer.<init>(DirectByteBuffer.java:123)
	at java.nio.ByteBuffer.allocateDirect(ByteBuffer.java:311)
	at org.apache.ratis.server.raftlog.segmented.BufferedWriteChannel.<init>(BufferedWriteChannel.java:41)
	at org.apache.ratis.server.raftlog.segmented.SegmentedRaftLogOutputStream.<init>(SegmentedRaftLogOutputStream.java:72)
	at org.apache.ratis.server.raftlog.segmented.SegmentedRaftLogWorker$StartLogSegment.execute(SegmentedRaftLogWorker.java:566)
	at org.apache.ratis.server.raftlog.segmented.SegmentedRaftLogWorker.run(SegmentedRaftLogWorker.java:289)
	at java.lang.Thread.run(Thread.java:748)
2019-09-26 15:13:51,823 [b3e939fd-eb36-468b-9efe-5d0a1fdaa172@group-3B9C1EE8AD07-SegmentedRaftLogWorker] ERROR segmented.SegmentedRaftLogWorker (SegmentedRaftLogWorker.java:run(323)) - b3e939fd-eb36-468b-9efe-5d0a1fdaa172@group-3B9C1EE8AD07-SegmentedRaftLogWorker hit exception
java.lang.OutOfMemoryError: Direct buffer memory
	at java.nio.Bits.reserveMemory(Bits.java:666)
	at java.nio.DirectByteBuffer.<init>(DirectByteBuffer.java:123)
	at java.nio.ByteBuffer.allocateDirect(ByteBuffer.java:311)
	at org.apache.ratis.server.raftlog.segmented.BufferedWriteChannel.<init>(BufferedWriteChannel.java:41)
	at org.apache.ratis.server.raftlog.segmented.SegmentedRaftLogOutputStream.<init>(SegmentedRaftLogOutputStream.java:72)
	at org.apache.ratis.server.raftlog.segmented.SegmentedRaftLogWorker$StartLogSegment.execute(SegmentedRaftLogWorker.java:566)
	at org.apache.ratis.server.raftlog.segmented.SegmentedRaftLogWorker.run(SegmentedRaftLogWorker.java:289)
	at java.lang.Thread.run(Thread.java:748)
2019-09-26 15:13:51,828 [b3e939fd-eb36-468b-9efe-5d0a1fdaa172@group-3B9C1EE8AD07-SegmentedRaftLogWorker] INFO  impl.RaftServerImpl (RaftServerImpl.java:lambda$shutdown$3(251)) - b3e939fd-eb36-468b-9efe-5d0a1fdaa172@group-3B9C1EE8AD07: shutdown
2019-09-26 15:13:51,823 [b3e939fd-eb36-468b-9efe-5d0a1fdaa172@group-7C3112672CFD-SegmentedRaftLogWorker] ERROR segmented.SegmentedRaftLogWorker (SegmentedRaftLogWorker.java:run(323)) - b3e939fd-eb36-468b-9efe-5d0a1fdaa172@group-7C3112672CFD-SegmentedRaftLogWorker hit exception
java.lang.OutOfMemoryError: Direct buffer memory
	at java.nio.Bits.reserveMemory(Bits.java:666)
	at java.nio.DirectByteBuffer.<init>(DirectByteBuffer.java:123)
	at java.nio.ByteBuffer.allocateDirect(ByteBuffer.java:311)
	at org.apache.ratis.server.raftlog.segmented.BufferedWriteChannel.<init>(BufferedWriteChannel.java:41)
	at org.apache.ratis.server.raftlog.segmented.SegmentedRaftLogOutputStream.<init>(SegmentedRaftLogOutputStream.java:72)
	at org.apache.ratis.server.raftlog.segmented.SegmentedRaftLogWorker$StartLogSegment.execute(SegmentedRaftLogWorker.java:566)
	at org.apache.ratis.server.raftlog.segmented.SegmentedRaftLogWorker.run(SegmentedRaftLogWorker.java:289)
	at java.lang.Thread.run(Thread.java:748)
2019-09-26 15:13:51,823 [b3e939fd-eb36-468b-9efe-5d0a1fdaa172@group-C4FDEBA5923A-SegmentedRaftLogWorker] ERROR segmented.SegmentedRaftLogWorker (SegmentedRaftLogWorker.java:run(323)) - b3e939fd-eb36-468b-9efe-5d0a1fdaa172@group-C4FDEBA5923A-SegmentedRaftLogWorker hit exception
java.lang.OutOfMemoryError: Direct buffer memory
	at java.nio.Bits.reserveMemory(Bits.java:666)
	at java.nio.DirectByteBuffer.<init>(DirectByteBuffer.java:123)
	at java.nio.ByteBuffer.allocateDirect(ByteBuffer.java:311)
	at org.apache.ratis.server.raftlog.segmented.BufferedWriteChannel.<init>(BufferedWriteChannel.java:41)
	at org.apache.ratis.server.raftlog.segmented.SegmentedRaftLogOutputStream.<init>(SegmentedRaftLogOutputStream.java:72)
	at org.apache.ratis.server.raftlog.segmented.SegmentedRaftLogWorker$StartLogSegment.execute(SegmentedRaftLogWorker.java:566)
	at org.apache.ratis.server.raftlog.segmented.SegmentedRaftLogWorker.run(SegmentedRaftLogWorker.java:289)
	at java.lang.Thread.run(Thread.java:748)
2019-09-26 15:13:51,823 [b3e939fd-eb36-468b-9efe-5d0a1fdaa172@group-DF5FBD1E9085-SegmentedRaftLogWorker] ERROR segmented.SegmentedRaftLogWorker (SegmentedRaftLogWorker.java:run(323)) - b3e939fd-eb36-468b-9efe-5d0a1fdaa172@group-DF5FBD1E9085-SegmentedRaftLogWorker hit exception
java.lang.OutOfMemoryError: Direct buffer memory
	at java.nio.Bits.reserveMemory(Bits.java:666)
	at java.nio.DirectByteBuffer.<init>(DirectByteBuffer.java:123)
	at java.nio.ByteBuffer.allocateDirect(ByteBuffer.java:311)
	at org.apache.ratis.server.raftlog.segmented.BufferedWriteChannel.<init>(BufferedWriteChannel.java:41)
	at org.apache.ratis.server.raftlog.segmented.SegmentedRaftLogOutputStream.<init>(SegmentedRaftLogOutputStream.java:72)
	at org.apache.ratis.server.raftlog.segmented.SegmentedRaftLogWorker$StartLogSegment.execute(SegmentedRaftLogWorker.java:566)
	at org.apache.ratis.server.raftlog.segmented.SegmentedRaftLogWorker.run(SegmentedRaftLogWorker.java:289)
	at java.lang.Thread.run(Thread.java:748)
2019-09-26 15:13:51,623 [b3e939fd-eb36-468b-9efe-5d0a1fdaa172@group-91D52F7A6523-SegmentedRaftLogWorker] INFO  segmented.SegmentedRaftLogWorker (SegmentedRaftLogWorker.java:close(228)) - b3e939fd-eb36-468b-9efe-5d0a1fdaa172@group-91D52F7A6523-SegmentedRaftLogWorker close()
2019-09-26 15:13:51,623 [b3e939fd-eb36-468b-9efe-5d0a1fdaa172@group-7F7680AB9573:LeaderElection269] INFO  impl.RaftServerImpl (ServerState.java:setRaftConf(354)) - b3e939fd-eb36-468b-9efe-5d0a1fdaa172@group-7F7680AB9573: set configuration 0: [b3e939fd-eb36-468b-9efe-5d0a1fdaa172:192.168.151.99:45433], old=null at 0
2019-09-26 15:13:51,829 [b3e939fd-eb36-468b-9efe-5d0a1fdaa172@group-DF5FBD1E9085-SegmentedRaftLogWorker] INFO  impl.RaftServerImpl (RaftServerImpl.java:lambda$shutdown$3(251)) - b3e939fd-eb36-468b-9efe-5d0a1fdaa172@group-DF5FBD1E9085: shutdown
2019-09-26 15:13:51,829 [b3e939fd-eb36-468b-9efe-5d0a1fdaa172@group-C4FDEBA5923A-SegmentedRaftLogWorker] INFO  impl.RaftServerImpl (RaftServerImpl.java:lambda$shutdown$3(251)) - b3e939fd-eb36-468b-9efe-5d0a1fdaa172@group-C4FDEBA5923A: shutdown
2019-09-26 15:13:51,828 [b3e939fd-eb36-468b-9efe-5d0a1fdaa172@group-7C3112672CFD-SegmentedRaftLogWorker] INFO  impl.RaftServerImpl (RaftServerImpl.java:lambda$shutdown$3(251)) - b3e939fd-eb36-468b-9efe-5d0a1fdaa172@group-7C3112672CFD: shutdown
2019-09-26 15:13:51,828 [b3e939fd-eb36-468b-9efe-5d0a1fdaa172@group-5152959DB5D4:LeaderElection299] INFO  impl.RoleInfo (RoleInfo.java:updateAndGet(143)) - b3e939fd-eb36-468b-9efe-5d0a1fdaa172: start LeaderState
2019-09-26 15:13:51,828 [b3e939fd-eb36-468b-9efe-5d0a1fdaa172@group-1CB942701F5F-SegmentedRaftLogWorker] INFO  util.JmxRegister (JmxRegister.java:unregister(73)) - Successfully un-registered JMX Bean with object name Ratis:service=RaftServer,group=group-1CB942701F5F,id=b3e939fd-eb36-468b-9efe-5d0a1fdaa172
2019-09-26 15:13:51,828 [b3e939fd-eb36-468b-9efe-5d0a1fdaa172@group-A69ABA2706CB-SegmentedRaftLogWorker] INFO  impl.RaftServerImpl (RaftServerImpl.java:lambda$shutdown$3(251)) - b3e939fd-eb36-468b-9efe-5d0a1fdaa172@group-A69ABA2706CB: shutdown
2019-09-26 15:13:51,828 [b3e939fd-eb36-468b-9efe-5d0a1fdaa172@group-5C744E83DB9A-SegmentedRaftLogWorker] INFO  impl.RaftServerImpl (RaftServerImpl.java:lambda$shutdown$3(251)) - b3e939fd-eb36-468b-9efe-5d0a1fdaa172@group-5C744E83DB9A: shutdown
2019-09-26 15:13:51,828 [b3e939fd-eb36-468b-9efe-5d0a1fdaa172@group-23B1075E3B4B-SegmentedRaftLogWorker] INFO  impl.RaftServerImpl (RaftServerImpl.java:lambda$shutdown$3(251)) - b3e939fd-eb36-468b-9efe-5d0a1fdaa172@group-23B1075E3B4B: shutdown
2019-09-26 15:13:51,828 [b3e939fd-eb36-468b-9efe-5d0a1fdaa172@group-3940D53E95A2-SegmentedRaftLogWorker] INFO  impl.RaftServerImpl (RaftServerImpl.java:lambda$shutdown$3(251)) - b3e939fd-eb36-468b-9efe-5d0a1fdaa172@group-3940D53E95A2: shutdown
2019-09-26 15:13:51,827 [b3e939fd-eb36-468b-9efe-5d0a1fdaa172@group-2969446FDAA8-SegmentedRaftLogWorker] INFO  impl.RaftServerImpl (RaftServerImpl.java:lambda$shutdown$3(251)) - b3e939fd-eb36-468b-9efe-5d0a1fdaa172@group-2969446FDAA8: shutdown
2019-09-26 15:13:51,827 [b3e939fd-eb36-468b-9efe-5d0a1fdaa172@group-4E868D6FA5B9-SegmentedRaftLogWorker] INFO  impl.RaftServerImpl (RaftServerImpl.java:lambda$shutdown$3(251)) - b3e939fd-eb36-468b-9efe-5d0a1fdaa172@group-4E868D6FA5B9: shutdown
2019-09-26 15:13:51,827 [b3e939fd-eb36-468b-9efe-5d0a1fdaa172@group-778C63AA011E-SegmentedRaftLogWorker] INFO  impl.RaftServerImpl (RaftServerImpl.java:lambda$shutdown$3(251)) - b3e939fd-eb36-468b-9efe-5d0a1fdaa172@group-778C63AA011E: shutdown
2019-09-26 15:13:51,827 [b3e939fd-eb36-468b-9efe-5d0a1fdaa172@group-FC1921472DFA-SegmentedRaftLogWorker] INFO  util.JmxRegister (JmxRegister.java:unregister(73)) - Successfully un-registered JMX Bean with object name Ratis:service=RaftServer,group=group-FC1921472DFA,id=b3e939fd-eb36-468b-9efe-5d0a1fdaa172
2019-09-26 15:13:51,827 [b3e939fd-eb36-468b-9efe-5d0a1fdaa172@group-0CA234018F8C-SegmentedRaftLogWorker] INFO  impl.RaftServerImpl (RaftServerImpl.java:lambda$shutdown$3(251)) - b3e939fd-eb36-468b-9efe-5d0a1fdaa172@group-0CA234018F8C: shutdown
2019-09-26 15:13:51,827 [b3e939fd-eb36-468b-9efe-5d0a1fdaa172@group-2B1CE96F5305:LeaderElection307] INFO  impl.RoleInfo (RoleInfo.java:updateAndGet(143)) - b3e939fd-eb36-468b-9efe-5d0a1fdaa172: start LeaderState
2019-09-26 15:13:51,827 [b3e939fd-eb36-468b-9efe-5d0a1fdaa172@group-98F9BF2BE007-SegmentedRaftLogWorker] INFO  impl.RaftServerImpl (RaftServerImpl.java:lambda$shutdown$3(251)) - b3e939fd-eb36-468b-9efe-5d0a1fdaa172@group-98F9BF2BE007: shutdown
2019-09-26 15:13:51,827 [b3e939fd-eb36-468b-9efe-5d0a1fdaa172@group-F5BF1B3E3E4A-SegmentedRaftLogWorker] INFO  util.JmxRegister (JmxRegister.java:unregister(73)) - Successfully un-registered JMX Bean with object name Ratis:service=RaftServer,group=group-F5BF1B3E3E4A,id=b3e939fd-eb36-468b-9efe-5d0a1fdaa172
2019-09-26 15:13:51,830 [b3e939fd-eb36-468b-9efe-5d0a1fdaa172@group-F5BF1B3E3E4A-SegmentedRaftLogWorker] INFO  impl.RoleInfo (RoleInfo.java:shutdownLeaderState(104)) - b3e939fd-eb36-468b-9efe-5d0a1fdaa172: shutdown LeaderState
2019-09-26 15:13:51,827 [b3e939fd-eb36-468b-9efe-5d0a1fdaa172@group-84D1E06F87C5-SegmentedRaftLogWorker] INFO  impl.RaftServerImpl (RaftServerImpl.java:lambda$shutdown$3(251)) - b3e939fd-eb36-468b-9efe-5d0a1fdaa172@group-84D1E06F87C5: shutdown
2019-09-26 15:13:51,826 [b3e939fd-eb36-468b-9efe-5d0a1fdaa172@group-B8A18754ECB2-SegmentedRaftLogWorker] INFO  impl.RaftServerImpl (RaftServerImpl.java:lambda$shutdown$3(251)) - b3e939fd-eb36-468b-9efe-5d0a1fdaa172@group-B8A18754ECB2: shutdown
2019-09-26 15:13:51,826 [b3e939fd-eb36-468b-9efe-5d0a1fdaa172@group-D5D0A30B4DC8-SegmentedRaftLogWorker] INFO  impl.RaftServerImpl (RaftServerImpl.java:lambda$shutdown$3(251)) - b3e939fd-eb36-468b-9efe-5d0a1fdaa172@group-D5D0A30B4DC8: shutdown
2019-09-26 15:13:51,826 [b3e939fd-eb36-468b-9efe-5d0a1fdaa172@group-270C29ADC77F-SegmentedRaftLogWorker] INFO  impl.RaftServerImpl (RaftServerImpl.java:lambda$shutdown$3(251)) - b3e939fd-eb36-468b-9efe-5d0a1fdaa172@group-270C29ADC77F: shutdown
2019-09-26 15:13:51,826 [b3e939fd-eb36-468b-9efe-5d0a1fdaa172@group-336DB84C1351-SegmentedRaftLogWorker] INFO  impl.RaftServerImpl (RaftServerImpl.java:lambda$shutdown$3(251)) - b3e939fd-eb36-468b-9efe-5d0a1fdaa172@group-336DB84C1351: shutdown
2019-09-26 15:13:51,825 [b3e939fd-eb36-468b-9efe-5d0a1fdaa172@group-92F7CC5958C9:LeaderElection276] INFO  impl.RoleInfo (RoleInfo.java:updateAndGet(143)) - b3e939fd-eb36-468b-9efe-5d0a1fdaa172: start LeaderState
2019-09-26 15:13:51,825 [b3e939fd-eb36-468b-9efe-5d0a1fdaa172@group-54B73EABA4F1-SegmentedRaftLogWorker] INFO  segmented.SegmentedRaftLogWorker (SegmentedRaftLogWorker.java:close(228)) - b3e939fd-eb36-468b-9efe-5d0a1fdaa172@group-54B73EABA4F1-SegmentedRaftLogWorker close()
2019-09-26 15:13:51,825 [b3e939fd-eb36-468b-9efe-5d0a1fdaa172@group-C47DA51F7039-SegmentedRaftLogWorker] INFO  segmented.SegmentedRaftLogWorker (SegmentedRaftLogWorker.java:close(228)) - b3e939fd-eb36-468b-9efe-5d0a1fdaa172@group-C47DA51F7039-SegmentedRaftLogWorker close()
2019-09-26 15:13:51,831 [b3e939fd-eb36-468b-9efe-5d0a1fdaa172@group-92F7CC5958C9:LeaderElection276] INFO  segmented.SegmentedRaftLogWorker (SegmentedRaftLogWorker.java:startLogSegment(380)) - b3e939fd-eb36-468b-9efe-5d0a1fdaa172@group-92F7CC5958C9-SegmentedRaftLogWorker: Starting segment from index:0
2019-09-26 15:13:51,831 [b3e939fd-eb36-468b-9efe-5d0a1fdaa172@group-7C3112672CFD-SegmentedRaftLogWorker] INFO  util.JmxRegister (JmxRegister.java:unregister(73)) - Successfully un-registered JMX Bean with object name Ratis:service=RaftServer,group=group-7C3112672CFD,id=b3e939fd-eb36-468b-9efe-5d0a1fdaa172
2019-09-26 15:13:51,831 [b3e939fd-eb36-468b-9efe-5d0a1fdaa172@group-7C3112672CFD-SegmentedRaftLogWorker] INFO  impl.RoleInfo (RoleInfo.java:shutdownLeaderState(104)) - b3e939fd-eb36-468b-9efe-5d0a1fdaa172: shutdown LeaderState
2019-09-26 15:13:51,831 [b3e939fd-eb36-468b-9efe-5d0a1fdaa172@group-C4FDEBA5923A-SegmentedRaftLogWorker] INFO  util.JmxRegister (JmxRegister.java:unregister(73)) - Successfully un-registered JMX Bean with object name Ratis:service=RaftServer,group=group-C4FDEBA5923A,id=b3e939fd-eb36-468b-9efe-5d0a1fdaa172
2019-09-26 15:13:51,830 [b3e939fd-eb36-468b-9efe-5d0a1fdaa172@group-DF5FBD1E9085-SegmentedRaftLogWorker] INFO  util.JmxRegister (JmxRegister.java:unregister(73)) - Successfully un-registered JMX Bean with object name Ratis:service=RaftServer,group=group-DF5FBD1E9085,id=b3e939fd-eb36-468b-9efe-5d0a1fdaa172
2019-09-26 15:13:51,832 [b3e939fd-eb36-468b-9efe-5d0a1fdaa172@group-778C63AA011E-SegmentedRaftLogWorker] INFO  util.JmxRegister (JmxRegister.java:unregister(73)) - Successfully un-registered JMX Bean with object name Ratis:service=RaftServer,group=group-778C63AA011E,id=b3e939fd-eb36-468b-9efe-5d0a1fdaa172
2019-09-26 15:13:51,830 [b3e939fd-eb36-468b-9efe-5d0a1fdaa172@group-F5BF1B3E3E4A-SegmentedRaftLogWorker] INFO  impl.PendingRequests (PendingRequests.java:sendNotLeaderResponses(202)) - b3e939fd-eb36-468b-9efe-5d0a1fdaa172-PendingRequests: sendNotLeaderResponses
2019-09-26 15:13:51,830 [b3e939fd-eb36-468b-9efe-5d0a1fdaa172@group-1A6945A2EB5D:LeaderElection312] INFO  impl.RoleInfo (RoleInfo.java:updateAndGet(143)) - b3e939fd-eb36-468b-9efe-5d0a1fdaa172: start LeaderState
2019-09-26 15:13:52,121 [b3e939fd-eb36-468b-9efe-5d0a1fdaa172@group-0CA234018F8C-SegmentedRaftLogWorker] INFO  util.JmxRegister (JmxRegister.java:unregister(73)) - Successfully un-registered JMX Bean with object name Ratis:service=RaftServer,group=group-0CA234018F8C,id=b3e939fd-eb36-468b-9efe-5d0a1fdaa172
2019-09-26 15:13:51,830 [b3e939fd-eb36-468b-9efe-5d0a1fdaa172@group-2B1CE96F5305:LeaderElection307] INFO  segmented.SegmentedRaftLogWorker (SegmentedRaftLogWorker.java:startLogSegment(380)) - b3e939fd-eb36-468b-9efe-5d0a1fdaa172@group-2B1CE96F5305-SegmentedRaftLogWorker: Starting segment from index:0
2019-09-26 15:13:51,830 [b3e939fd-eb36-468b-9efe-5d0a1fdaa172@group-FC1921472DFA-SegmentedRaftLogWorker] INFO  impl.RoleInfo (RoleInfo.java:shutdownLeaderState(104)) - b3e939fd-eb36-468b-9efe-5d0a1fdaa172: shutdown LeaderState
2019-09-26 15:13:51,829 [b3e939fd-eb36-468b-9efe-5d0a1fdaa172@group-3B9C1EE8AD07-SegmentedRaftLogWorker] INFO  util.JmxRegister (JmxRegister.java:unregister(73)) - Successfully un-registered JMX Bean with object name Ratis:service=RaftServer,group=group-3B9C1EE8AD07,id=b3e939fd-eb36-468b-9efe-5d0a1fdaa172
2019-09-26 15:13:52,121 [b3e939fd-eb36-468b-9efe-5d0a1fdaa172@group-3B9C1EE8AD07-SegmentedRaftLogWorker] INFO  impl.RoleInfo (RoleInfo.java:shutdownLeaderState(104)) - b3e939fd-eb36-468b-9efe-5d0a1fdaa172: shutdown LeaderState
2019-09-26 15:13:52,121 [b3e939fd-eb36-468b-9efe-5d0a1fdaa172@group-D5D0A30B4DC8-SegmentedRaftLogWorker] INFO  util.JmxRegister (JmxRegister.java:unregister(73)) - Successfully un-registered JMX Bean with object name Ratis:service=RaftServer,group=group-D5D0A30B4DC8,id=b3e939fd-eb36-468b-9efe-5d0a1fdaa172
2019-09-26 15:13:52,121 [b3e939fd-eb36-468b-9efe-5d0a1fdaa172@group-D5D0A30B4DC8-SegmentedRaftLogWorker] INFO  impl.RoleInfo (RoleInfo.java:shutdownLeaderState(104)) - b3e939fd-eb36-468b-9efe-5d0a1fdaa172: shutdown LeaderState
2019-09-26 15:13:51,829 [b3e939fd-eb36-468b-9efe-5d0a1fdaa172@group-1CB942701F5F-SegmentedRaftLogWorker] INFO  impl.RoleInfo (RoleInfo.java:shutdownLeaderState(104)) - b3e939fd-eb36-468b-9efe-5d0a1fdaa172: shutdown LeaderState
2019-09-26 15:13:51,829 [b3e939fd-eb36-468b-9efe-5d0a1fdaa172@group-5152959DB5D4:LeaderElection299] INFO  segmented.SegmentedRaftLogWorker (SegmentedRaftLogWorker.java:startLogSegment(380)) - b3e939fd-eb36-468b-9efe-5d0a1fdaa172@group-5152959DB5D4-SegmentedRaftLogWorker: Starting segment from index:0
2019-09-26 15:13:51,829 [b3e939fd-eb36-468b-9efe-5d0a1fdaa172@group-D591C59CFB86:LeaderElection294] INFO  impl.RoleInfo (RoleInfo.java:updateAndGet(143)) - b3e939fd-eb36-468b-9efe-5d0a1fdaa172: start LeaderState
2019-09-26 15:13:52,361 [b3e939fd-eb36-468b-9efe-5d0a1fdaa172@group-9591EA67C8C0:LeaderElection308] INFO  impl.RoleInfo (RoleInfo.java:updateAndGet(143)) - b3e939fd-eb36-468b-9efe-5d0a1fdaa172: start LeaderState
2019-09-26 15:13:52,361 [b3e939fd-eb36-468b-9efe-5d0a1fdaa172@group-5152959DB5D4:LeaderElection299] INFO  impl.RaftServerImpl (ServerState.java:setRaftConf(354)) - b3e939fd-eb36-468b-9efe-5d0a1fdaa172@group-5152959DB5D4: set configuration 0: [b3e939fd-eb36-468b-9efe-5d0a1fdaa172:192.168.151.99:45433], old=null at 0
2019-09-26 15:13:52,361 [b3e939fd-eb36-468b-9efe-5d0a1fdaa172@group-1CB942701F5F-SegmentedRaftLogWorker] INFO  impl.PendingRequests (PendingRequests.java:sendNotLeaderResponses(202)) - b3e939fd-eb36-468b-9efe-5d0a1fdaa172-PendingRequests: sendNotLeaderResponses
2019-09-26 15:13:52,360 [b3e939fd-eb36-468b-9efe-5d0a1fdaa172@group-336DB84C1351-SegmentedRaftLogWorker] INFO  util.JmxRegister (JmxRegister.java:unregister(73)) - Successfully un-registered JMX Bean with object name Ratis:service=RaftServer,group=group-336DB84C1351,id=b3e939fd-eb36-468b-9efe-5d0a1fdaa172
2019-09-26 15:13:52,360 [b3e939fd-eb36-468b-9efe-5d0a1fdaa172@group-D5D0A30B4DC8-SegmentedRaftLogWorker] INFO  impl.PendingRequests (PendingRequests.java:sendNotLeaderResponses(202)) - b3e939fd-eb36-468b-9efe-5d0a1fdaa172-PendingRequests: sendNotLeaderResponses
2019-09-26 15:13:52,121 [b3e939fd-eb36-468b-9efe-5d0a1fdaa172@group-270C29ADC77F-SegmentedRaftLogWorker] INFO  util.JmxRegister (JmxRegister.java:unregister(73)) - Successfully un-registered JMX Bean with object name Ratis:service=RaftServer,group=group-270C29ADC77F,id=b3e939fd-eb36-468b-9efe-5d0a1fdaa172
2019-09-26 15:13:52,121 [b3e939fd-eb36-468b-9efe-5d0a1fdaa172@group-3B9C1EE8AD07-SegmentedRaftLogWorker] INFO  impl.PendingRequests (PendingRequests.java:sendNotLeaderResponses(202)) - b3e939fd-eb36-468b-9efe-5d0a1fdaa172-PendingRequests: sendNotLeaderResponses
2019-09-26 15:13:52,121 [b3e939fd-eb36-468b-9efe-5d0a1fdaa172@group-B8A18754ECB2-SegmentedRaftLogWorker] INFO  util.JmxRegister (JmxRegister.java:unregister(73)) - Successfully un-registered JMX Bean with object name Ratis:service=RaftServer,group=group-B8A18754ECB2,id=b3e939fd-eb36-468b-9efe-5d0a1fdaa172
2019-09-26 15:13:52,121 [b3e939fd-eb36-468b-9efe-5d0a1fdaa172@group-84D1E06F87C5-SegmentedRaftLogWorker] INFO  util.JmxRegister (JmxRegister.java:unregister(73)) - Successfully un-registered JMX Bean with object name Ratis:service=RaftServer,group=group-84D1E06F87C5,id=b3e939fd-eb36-468b-9efe-5d0a1fdaa172
2019-09-26 15:13:52,121 [b3e939fd-eb36-468b-9efe-5d0a1fdaa172@group-FC1921472DFA-SegmentedRaftLogWorker] INFO  impl.PendingRequests (PendingRequests.java:sendNotLeaderResponses(202)) - b3e939fd-eb36-468b-9efe-5d0a1fdaa172-PendingRequests: sendNotLeaderResponses
2019-09-26 15:13:52,121 [b3e939fd-eb36-468b-9efe-5d0a1fdaa172@group-2B1CE96F5305:LeaderElection307] INFO  impl.RaftServerImpl (ServerState.java:setRaftConf(354)) - b3e939fd-eb36-468b-9efe-5d0a1fdaa172@group-2B1CE96F5305: set configuration 0: [b3e939fd-eb36-468b-9efe-5d0a1fdaa172:192.168.151.99:45433], old=null at 0
2019-09-26 15:13:52,121 [b3e939fd-eb36-468b-9efe-5d0a1fdaa172@group-0CA234018F8C-SegmentedRaftLogWorker] INFO  impl.RoleInfo (RoleInfo.java:shutdownLeaderState(104)) - b3e939fd-eb36-468b-9efe-5d0a1fdaa172: shutdown LeaderState
2019-09-26 15:13:52,121 [b3e939fd-eb36-468b-9efe-5d0a1fdaa172@group-98F9BF2BE007-SegmentedRaftLogWorker] INFO  util.JmxRegister (JmxRegister.java:unregister(73)) - Successfully un-registered JMX Bean with object name Ratis:service=RaftServer,group=group-98F9BF2BE007,id=b3e939fd-eb36-468b-9efe-5d0a1fdaa172
2019-09-26 15:13:52,121 [b3e939fd-eb36-468b-9efe-5d0a1fdaa172@group-1A6945A2EB5D:LeaderElection312] INFO  segmented.SegmentedRaftLogWorker (SegmentedRaftLogWorker.java:startLogSegment(380)) - b3e939fd-eb36-468b-9efe-5d0a1fdaa172@group-1A6945A2EB5D-SegmentedRaftLogWorker: Starting segment from index:0
2019-09-26 15:13:52,121 [b3e939fd-eb36-468b-9efe-5d0a1fdaa172@group-F5BF1B3E3E4A-SegmentedRaftLogWorker] INFO  impl.StateMachineUpdater (StateMachineUpdater.java:stopAndJoin(125)) - b3e939fd-eb36-468b-9efe-5d0a1fdaa172@group-F5BF1B3E3E4A-StateMachineUpdater: set stopIndex = -1
2019-09-26 15:13:52,120 [b3e939fd-eb36-468b-9efe-5d0a1fdaa172@group-778C63AA011E-SegmentedRaftLogWorker] INFO  impl.RoleInfo (RoleInfo.java:shutdownLeaderState(104)) - b3e939fd-eb36-468b-9efe-5d0a1fdaa172: shutdown LeaderState
2019-09-26 15:13:51,832 [b3e939fd-eb36-468b-9efe-5d0a1fdaa172@group-DF5FBD1E9085-SegmentedRaftLogWorker] INFO  impl.RoleInfo (RoleInfo.java:shutdownLeaderState(104)) - b3e939fd-eb36-468b-9efe-5d0a1fdaa172: shutdown LeaderState
2019-09-26 15:13:51,832 [b3e939fd-eb36-468b-9efe-5d0a1fdaa172@group-C4FDEBA5923A-SegmentedRaftLogWorker] INFO  impl.RoleInfo (RoleInfo.java:shutdownLeaderState(104)) - b3e939fd-eb36-468b-9efe-5d0a1fdaa172: shutdown LeaderState
2019-09-26 15:13:51,832 [b3e939fd-eb36-468b-9efe-5d0a1fdaa172@group-6AE5FF705F7D:LeaderElection266] INFO  impl.RoleInfo (RoleInfo.java:updateAndGet(143)) - b3e939fd-eb36-468b-9efe-5d0a1fdaa172: start LeaderState
2019-09-26 15:13:51,831 [b3e939fd-eb36-468b-9efe-5d0a1fdaa172@group-4E868D6FA5B9-SegmentedRaftLogWorker] INFO  util.JmxRegister (JmxRegister.java:unregister(73)) - Successfully un-registered JMX Bean with object name Ratis:service=RaftServer,group=group-4E868D6FA5B9,id=b3e939fd-eb36-468b-9efe-5d0a1fdaa172
2019-09-26 15:13:51,831 [b3e939fd-eb36-468b-9efe-5d0a1fdaa172@group-7C3112672CFD-SegmentedRaftLogWorker] INFO  impl.PendingRequests (PendingRequests.java:sendNotLeaderResponses(202)) - b3e939fd-eb36-468b-9efe-5d0a1fdaa172-PendingRequests: sendNotLeaderResponses
2019-09-26 15:13:51,831 [b3e939fd-eb36-468b-9efe-5d0a1fdaa172@group-92F7CC5958C9:LeaderElection276] INFO  impl.RaftServerImpl (ServerState.java:setRaftConf(354)) - b3e939fd-eb36-468b-9efe-5d0a1fdaa172@group-92F7CC5958C9: set configuration 0: [b3e939fd-eb36-468b-9efe-5d0a1fdaa172:192.168.151.99:45433], old=null at 0
2019-09-26 15:13:51,831 [b3e939fd-eb36-468b-9efe-5d0a1fdaa172@group-2969446FDAA8-SegmentedRaftLogWorker] INFO  util.JmxRegister (JmxRegister.java:unregister(73)) - Successfully un-registered JMX Bean with object name Ratis:service=RaftServer,group=group-2969446FDAA8,id=b3e939fd-eb36-468b-9efe-5d0a1fdaa172
2019-09-26 15:13:51,831 [b3e939fd-eb36-468b-9efe-5d0a1fdaa172@group-23B1075E3B4B-SegmentedRaftLogWorker] INFO  util.JmxRegister (JmxRegister.java:unregister(73)) - Successfully un-registered JMX Bean with object name Ratis:service=RaftServer,group=group-23B1075E3B4B,id=b3e939fd-eb36-468b-9efe-5d0a1fdaa172
2019-09-26 15:13:51,831 [b3e939fd-eb36-468b-9efe-5d0a1fdaa172@group-3940D53E95A2-SegmentedRaftLogWorker] INFO  util.JmxRegister (JmxRegister.java:unregister(73)) - Successfully un-registered JMX Bean with object name Ratis:service=RaftServer,group=group-3940D53E95A2,id=b3e939fd-eb36-468b-9efe-5d0a1fdaa172
2019-09-26 15:13:51,831 [b3e939fd-eb36-468b-9efe-5d0a1fdaa172@group-5C744E83DB9A-SegmentedRaftLogWorker] INFO  util.JmxRegister (JmxRegister.java:unregister(73)) - Successfully un-registered JMX Bean with object name Ratis:service=RaftServer,group=group-5C744E83DB9A,id=b3e939fd-eb36-468b-9efe-5d0a1fdaa172
2019-09-26 15:13:51,831 [b3e939fd-eb36-468b-9efe-5d0a1fdaa172@group-A69ABA2706CB-SegmentedRaftLogWorker] INFO  util.JmxRegister (JmxRegister.java:unregister(73)) - Successfully un-registered JMX Bean with object name Ratis:service=RaftServer,group=group-A69ABA2706CB,id=b3e939fd-eb36-468b-9efe-5d0a1fdaa172
2019-09-26 15:13:52,762 [b3e939fd-eb36-468b-9efe-5d0a1fdaa172@group-5C744E83DB9A-SegmentedRaftLogWorker] INFO  impl.RoleInfo (RoleInfo.java:shutdownLeaderState(104)) - b3e939fd-eb36-468b-9efe-5d0a1fdaa172: shutdown LeaderState
2019-09-26 15:13:52,762 [b3e939fd-eb36-468b-9efe-5d0a1fdaa172@group-3940D53E95A2-SegmentedRaftLogWorker] INFO  impl.RoleInfo (RoleInfo.java:shutdownLeaderState(104)) - b3e939fd-eb36-468b-9efe-5d0a1fdaa172: shutdown LeaderState
2019-09-26 15:13:52,763 [b3e939fd-eb36-468b-9efe-5d0a1fdaa172@group-05F1D5DB38B1:LeaderElection279] INFO  impl.RoleInfo (RoleInfo.java:updateAndGet(143)) - b3e939fd-eb36-468b-9efe-5d0a1fdaa172: start LeaderState
2019-09-26 15:13:52,762 [b3e939fd-eb36-468b-9efe-5d0a1fdaa172@group-23B1075E3B4B-SegmentedRaftLogWorker] INFO  impl.RoleInfo (RoleInfo.java:shutdownLeaderState(104)) - b3e939fd-eb36-468b-9efe-5d0a1fdaa172: shutdown LeaderState
2019-09-26 15:13:52,762 [b3e939fd-eb36-468b-9efe-5d0a1fdaa172@group-2969446FDAA8-SegmentedRaftLogWorker] INFO  impl.RoleInfo (RoleInfo.java:shutdownLeaderState(104)) - b3e939fd-eb36-468b-9efe-5d0a1fdaa172: shutdown LeaderState
2019-09-26 15:13:52,762 [b3e939fd-eb36-468b-9efe-5d0a1fdaa172@group-7C3112672CFD-SegmentedRaftLogWorker] INFO  impl.StateMachineUpdater (StateMachineUpdater.java:stopAndJoin(125)) - b3e939fd-eb36-468b-9efe-5d0a1fdaa172@group-7C3112672CFD-StateMachineUpdater: set stopIndex = -1
2019-09-26 15:13:52,762 [b3e939fd-eb36-468b-9efe-5d0a1fdaa172@group-6AE5FF705F7D:LeaderElection266] INFO  segmented.SegmentedRaftLogWorker (SegmentedRaftLogWorker.java:startLogSegment(380)) - b3e939fd-eb36-468b-9efe-5d0a1fdaa172@group-6AE5FF705F7D-SegmentedRaftLogWorker: Starting segment from index:0
2019-09-26 15:13:52,762 [b3e939fd-eb36-468b-9efe-5d0a1fdaa172@group-C4FDEBA5923A-SegmentedRaftLogWorker] INFO  impl.PendingRequests (PendingRequests.java:sendNotLeaderResponses(202)) - b3e939fd-eb36-468b-9efe-5d0a1fdaa172-PendingRequests: sendNotLeaderResponses
2019-09-26 15:13:52,762 [b3e939fd-eb36-468b-9efe-5d0a1fdaa172@group-4E868D6FA5B9-SegmentedRaftLogWorker] INFO  impl.RoleInfo (RoleInfo.java:shutdownLeaderState(104)) - b3e939fd-eb36-468b-9efe-5d0a1fdaa172: shutdown LeaderState
2019-09-26 15:13:52,763 [b3e939fd-eb36-468b-9efe-5d0a1fdaa172@group-C4FDEBA5923A-SegmentedRaftLogWorker] INFO  impl.StateMachineUpdater (StateMachineUpdater.java:stopAndJoin(125)) - b3e939fd-eb36-468b-9efe-5d0a1fdaa172@group-C4FDEBA5923A-StateMachineUpdater: set stopIndex = -1
2019-09-26 15:13:52,957 [b3e939fd-eb36-468b-9efe-5d0a1fdaa172@group-C4FDEBA5923A-SegmentedRaftLogWorker] INFO  impl.RaftServerImpl (ServerState.java:close(385)) - b3e939fd-eb36-468b-9efe-5d0a1fdaa172@group-C4FDEBA5923A: closes. applyIndex: -1
2019-09-26 15:13:52,762 [b3e939fd-eb36-468b-9efe-5d0a1fdaa172@group-7BA823644DD2:LeaderElection314] INFO  impl.RoleInfo (RoleInfo.java:updateAndGet(143)) - b3e939fd-eb36-468b-9efe-5d0a1fdaa172: start LeaderState
2019-09-26 15:13:52,558 [b3e939fd-eb36-468b-9efe-5d0a1fdaa172@group-DF5FBD1E9085-SegmentedRaftLogWorker] INFO  impl.PendingRequests (PendingRequests.java:sendNotLeaderResponses(202)) - b3e939fd-eb36-468b-9efe-5d0a1fdaa172-PendingRequests: sendNotLeaderResponses
2019-09-26 15:13:52,760 [b3e939fd-eb36-468b-9efe-5d0a1fdaa172@group-659098C9AEA4-SegmentedRaftLogWorker] ERROR segmented.SegmentedRaftLogWorker (SegmentedRaftLogWorker.java:run(323)) - b3e939fd-eb36-468b-9efe-5d0a1fdaa172@group-659098C9AEA4-SegmentedRaftLogWorker hit exception
java.lang.OutOfMemoryError: Direct buffer memory
	at java.nio.Bits.reserveMemory(Bits.java:666)
	at java.nio.DirectByteBuffer.<init>(DirectByteBuffer.java:123)
	at java.nio.ByteBuffer.allocateDirect(ByteBuffer.java:311)
	at org.apache.ratis.server.raftlog.segmented.BufferedWriteChannel.<init>(BufferedWriteChannel.java:41)
	at org.apache.ratis.server.raftlog.segmented.SegmentedRaftLogOutputStream.<init>(SegmentedRaftLogOutputStream.java:72)
	at org.apache.ratis.server.raftlog.segmented.SegmentedRaftLogWorker$StartLogSegment.execute(SegmentedRaftLogWorker.java:566)
	at org.apache.ratis.server.raftlog.segmented.SegmentedRaftLogWorker.run(SegmentedRaftLogWorker.java:289)
	at java.lang.Thread.run(Thread.java:748)
2019-09-26 15:13:52,760 [b3e939fd-eb36-468b-9efe-5d0a1fdaa172@group-82208FB82218-SegmentedRaftLogWorker] ERROR segmented.SegmentedRaftLogWorker (SegmentedRaftLogWorker.java:run(323)) - b3e939fd-eb36-468b-9efe-5d0a1fdaa172@group-82208FB82218-SegmentedRaftLogWorker hit exception
java.lang.OutOfMemoryError: Direct buffer memory
	at java.nio.Bits.reserveMemory(Bits.java:666)
	at java.nio.DirectByteBuffer.<init>(DirectByteBuffer.java:123)
	at java.nio.ByteBuffer.allocateDirect(ByteBuffer.java:311)
	at org.apache.ratis.server.raftlog.segmented.BufferedWriteChannel.<init>(BufferedWriteChannel.java:41)
	at org.apache.ratis.server.raftlog.segmented.SegmentedRaftLogOutputStream.<init>(SegmentedRaftLogOutputStream.java:72)
	at org.apache.ratis.server.raftlog.segmented.SegmentedRaftLogWorker$StartLogSegment.execute(SegmentedRaftLogWorker.java:566)
	at org.apache.ratis.server.raftlog.segmented.SegmentedRaftLogWorker.run(SegmentedRaftLogWorker.java:289)
	at java.lang.Thread.run(Thread.java:748)
2019-09-26 15:13:52,558 [b3e939fd-eb36-468b-9efe-5d0a1fdaa172@group-1A6945A2EB5D:LeaderElection312] INFO  impl.RaftServerImpl (ServerState.java:setRaftConf(354)) - b3e939fd-eb36-468b-9efe-5d0a1fdaa172@group-1A6945A2EB5D: set configuration 0: [b3e939fd-eb36-468b-9efe-5d0a1fdaa172:192.168.151.99:45433], old=null at 0
2019-09-26 15:13:52,558 [b3e939fd-eb36-468b-9efe-5d0a1fdaa172@group-778C63AA011E-SegmentedRaftLogWorker] INFO  impl.PendingRequests (PendingRequests.java:sendNotLeaderResponses(202)) - b3e939fd-eb36-468b-9efe-5d0a1fdaa172-PendingRequests: sendNotLeaderResponses
2019-09-26 15:13:52,558 [b3e939fd-eb36-468b-9efe-5d0a1fdaa172@group-F5BF1B3E3E4A-SegmentedRaftLogWorker] INFO  impl.RaftServerImpl (ServerState.java:close(385)) - b3e939fd-eb36-468b-9efe-5d0a1fdaa172@group-F5BF1B3E3E4A: closes. applyIndex: -1
2019-09-26 15:13:52,958 [b3e939fd-eb36-468b-9efe-5d0a1fdaa172@group-F5BF1B3E3E4A-SegmentedRaftLogWorker] INFO  segmented.SegmentedRaftLogWorker (SegmentedRaftLogWorker.java:close(228)) - b3e939fd-eb36-468b-9efe-5d0a1fdaa172@group-F5BF1B3E3E4A-SegmentedRaftLogWorker close()
2019-09-26 15:13:52,558 [b3e939fd-eb36-468b-9efe-5d0a1fdaa172@group-98F9BF2BE007-SegmentedRaftLogWorker] INFO  impl.RoleInfo (RoleInfo.java:shutdownLeaderState(104)) - b3e939fd-eb36-468b-9efe-5d0a1fdaa172: shutdown LeaderState
2019-09-26 15:13:52,558 [b3e939fd-eb36-468b-9efe-5d0a1fdaa172@group-0CA234018F8C-SegmentedRaftLogWorker] INFO  impl.PendingRequests (PendingRequests.java:sendNotLeaderResponses(202)) - b3e939fd-eb36-468b-9efe-5d0a1fdaa172-PendingRequests: sendNotLeaderResponses
2019-09-26 15:13:52,557 [b3e939fd-eb36-468b-9efe-5d0a1fdaa172@group-CD5FC8CEC3A3:LeaderElection293] INFO  impl.RoleInfo (RoleInfo.java:updateAndGet(143)) - b3e939fd-eb36-468b-9efe-5d0a1fdaa172: start LeaderState
2019-09-26 15:13:52,557 [b3e939fd-eb36-468b-9efe-5d0a1fdaa172@group-FC1921472DFA-SegmentedRaftLogWorker] INFO  impl.StateMachineUpdater (StateMachineUpdater.java:stopAndJoin(125)) - b3e939fd-eb36-468b-9efe-5d0a1fdaa172@group-FC1921472DFA-StateMachineUpdater: set stopIndex = -1
2019-09-26 15:13:52,557 [b3e939fd-eb36-468b-9efe-5d0a1fdaa172@group-84D1E06F87C5-SegmentedRaftLogWorker] INFO  impl.RoleInfo (RoleInfo.java:shutdownLeaderState(104)) - b3e939fd-eb36-468b-9efe-5d0a1fdaa172: shutdown LeaderState
2019-09-26 15:13:52,557 [b3e939fd-eb36-468b-9efe-5d0a1fdaa172@group-B8A18754ECB2-SegmentedRaftLogWorker] INFO  impl.RoleInfo (RoleInfo.java:shutdownLeaderState(104)) - b3e939fd-eb36-468b-9efe-5d0a1fdaa172: shutdown LeaderState
2019-09-26 15:13:52,557 [b3e939fd-eb36-468b-9efe-5d0a1fdaa172@group-3B9C1EE8AD07-SegmentedRaftLogWorker] INFO  impl.StateMachineUpdater (StateMachineUpdater.java:stopAndJoin(125)) - b3e939fd-eb36-468b-9efe-5d0a1fdaa172@group-3B9C1EE8AD07-StateMachineUpdater: set stopIndex = -1
2019-09-26 15:13:52,959 [b3e939fd-eb36-468b-9efe-5d0a1fdaa172@group-3B9C1EE8AD07-SegmentedRaftLogWorker] INFO  impl.RaftServerImpl (ServerState.java:close(385)) - b3e939fd-eb36-468b-9efe-5d0a1fdaa172@group-3B9C1EE8AD07: closes. applyIndex: -1
2019-09-26 15:13:52,557 [b3e939fd-eb36-468b-9efe-5d0a1fdaa172@group-270C29ADC77F-SegmentedRaftLogWorker] INFO  impl.RoleInfo (RoleInfo.java:shutdownLeaderState(104)) - b3e939fd-eb36-468b-9efe-5d0a1fdaa172: shutdown LeaderState
2019-09-26 15:13:52,557 [b3e939fd-eb36-468b-9efe-5d0a1fdaa172@group-D5D0A30B4DC8-SegmentedRaftLogWorker] INFO  impl.StateMachineUpdater (StateMachineUpdater.java:stopAndJoin(125)) - b3e939fd-eb36-468b-9efe-5d0a1fdaa172@group-D5D0A30B4DC8-StateMachineUpdater: set stopIndex = -1
2019-09-26 15:13:52,556 [b3e939fd-eb36-468b-9efe-5d0a1fdaa172@group-336DB84C1351-SegmentedRaftLogWorker] INFO  impl.RoleInfo (RoleInfo.java:shutdownLeaderState(104)) - b3e939fd-eb36-468b-9efe-5d0a1fdaa172: shutdown LeaderState
2019-09-26 15:13:52,556 [b3e939fd-eb36-468b-9efe-5d0a1fdaa172@group-1CB942701F5F-SegmentedRaftLogWorker] INFO  impl.StateMachineUpdater (StateMachineUpdater.java:stopAndJoin(125)) - b3e939fd-eb36-468b-9efe-5d0a1fdaa172@group-1CB942701F5F-StateMachineUpdater: set stopIndex = -1
2019-09-26 15:13:52,960 [b3e939fd-eb36-468b-9efe-5d0a1fdaa172@group-1CB942701F5F-SegmentedRaftLogWorker] INFO  impl.RaftServerImpl (ServerState.java:close(385)) - b3e939fd-eb36-468b-9efe-5d0a1fdaa172@group-1CB942701F5F: closes. applyIndex: -1
2019-09-26 15:13:52,556 [b3e939fd-eb36-468b-9efe-5d0a1fdaa172@group-B87D49FAC1EB-SegmentedRaftLogWorker] ERROR segmented.SegmentedRaftLogWorker (SegmentedRaftLogWorker.java:run(323)) - b3e939fd-eb36-468b-9efe-5d0a1fdaa172@group-B87D49FAC1EB-SegmentedRaftLogWorker hit exception
java.lang.OutOfMemoryError: Direct buffer memory
	at java.nio.Bits.reserveMemory(Bits.java:666)
	at java.nio.DirectByteBuffer.<init>(DirectByteBuffer.java:123)
	at java.nio.ByteBuffer.allocateDirect(ByteBuffer.java:311)
	at org.apache.ratis.server.raftlog.segmented.BufferedWriteChannel.<init>(BufferedWriteChannel.java:41)
	at org.apache.ratis.server.raftlog.segmented.SegmentedRaftLogOutputStream.<init>(SegmentedRaftLogOutputStream.java:72)
	at org.apache.ratis.server.raftlog.segmented.SegmentedRaftLogWorker$StartLogSegment.execute(SegmentedRaftLogWorker.java:566)
	at org.apache.ratis.server.raftlog.segmented.SegmentedRaftLogWorker.run(SegmentedRaftLogWorker.java:289)
	at java.lang.Thread.run(Thread.java:748)
2019-09-26 15:13:52,960 [b3e939fd-eb36-468b-9efe-5d0a1fdaa172@group-A909352B10E1:LeaderElection301] INFO  impl.RoleInfo (RoleInfo.java:updateAndGet(143)) - b3e939fd-eb36-468b-9efe-5d0a1fdaa172: start LeaderState
2019-09-26 15:13:52,361 [b3e939fd-eb36-468b-9efe-5d0a1fdaa172@group-9591EA67C8C0:LeaderElection308] INFO  segmented.SegmentedRaftLogWorker (SegmentedRaftLogWorker.java:startLogSegment(380)) - b3e939fd-eb36-468b-9efe-5d0a1fdaa172@group-9591EA67C8C0-SegmentedRaftLogWorker: Starting segment from index:0
2019-09-26 15:13:52,361 [b3e939fd-eb36-468b-9efe-5d0a1fdaa172@group-D591C59CFB86:LeaderElection294] INFO  segmented.SegmentedRaftLogWorker (SegmentedRaftLogWorker.java:startLogSegment(380)) - b3e939fd-eb36-468b-9efe-5d0a1fdaa172@group-D591C59CFB86-SegmentedRaftLogWorker: Starting segment from index:0
2019-09-26 15:13:52,960 [b3e939fd-eb36-468b-9efe-5d0a1fdaa172@group-A909352B10E1:LeaderElection301] INFO  segmented.SegmentedRaftLogWorker (SegmentedRaftLogWorker.java:startLogSegment(380)) - b3e939fd-eb36-468b-9efe-5d0a1fdaa172@group-A909352B10E1-SegmentedRaftLogWorker: Starting segment from index:0
2019-09-26 15:13:52,960 [b3e939fd-eb36-468b-9efe-5d0a1fdaa172@group-B87D49FAC1EB-SegmentedRaftLogWorker] INFO  impl.RaftServerImpl (RaftServerImpl.java:lambda$shutdown$3(251)) - b3e939fd-eb36-468b-9efe-5d0a1fdaa172@group-B87D49FAC1EB: shutdown
2019-09-26 15:13:52,960 [b3e939fd-eb36-468b-9efe-5d0a1fdaa172@group-1CB942701F5F-SegmentedRaftLogWorker] INFO  segmented.SegmentedRaftLogWorker (SegmentedRaftLogWorker.java:close(228)) - b3e939fd-eb36-468b-9efe-5d0a1fdaa172@group-1CB942701F5F-SegmentedRaftLogWorker close()
2019-09-26 15:13:52,960 [b3e939fd-eb36-468b-9efe-5d0a1fdaa172@group-336DB84C1351-SegmentedRaftLogWorker] INFO  impl.PendingRequests (PendingRequests.java:sendNotLeaderResponses(202)) - b3e939fd-eb36-468b-9efe-5d0a1fdaa172-PendingRequests: sendNotLeaderResponses
2019-09-26 15:13:52,960 [b3e939fd-eb36-468b-9efe-5d0a1fdaa172@group-D5D0A30B4DC8-SegmentedRaftLogWorker] INFO  impl.RaftServerImpl (ServerState.java:close(385)) - b3e939fd-eb36-468b-9efe-5d0a1fdaa172@group-D5D0A30B4DC8: closes. applyIndex: -1
2019-09-26 15:13:52,960 [b3e939fd-eb36-468b-9efe-5d0a1fdaa172@group-270C29ADC77F-SegmentedRaftLogWorker] INFO  impl.PendingRequests (PendingRequests.java:sendNotLeaderResponses(202)) - b3e939fd-eb36-468b-9efe-5d0a1fdaa172-PendingRequests: sendNotLeaderResponses
2019-09-26 15:13:52,959 [b3e939fd-eb36-468b-9efe-5d0a1fdaa172@group-3B9C1EE8AD07-SegmentedRaftLogWorker] INFO  segmented.SegmentedRaftLogWorker (SegmentedRaftLogWorker.java:close(228)) - b3e939fd-eb36-468b-9efe-5d0a1fdaa172@group-3B9C1EE8AD07-SegmentedRaftLogWorker close()
2019-09-26 15:13:52,959 [b3e939fd-eb36-468b-9efe-5d0a1fdaa172@group-B8A18754ECB2-SegmentedRaftLogWorker] INFO  impl.PendingRequests (PendingRequests.java:sendNotLeaderResponses(202)) - b3e939fd-eb36-468b-9efe-5d0a1fdaa172-PendingRequests: sendNotLeaderResponses
2019-09-26 15:13:52,959 [b3e939fd-eb36-468b-9efe-5d0a1fdaa172@group-25745E01B0BD:LeaderElection305] INFO  impl.RoleInfo (RoleInfo.java:updateAndGet(143)) - b3e939fd-eb36-468b-9efe-5d0a1fdaa172: start LeaderState
2019-09-26 15:13:52,959 [b3e939fd-eb36-468b-9efe-5d0a1fdaa172@group-84D1E06F87C5-SegmentedRaftLogWorker] INFO  impl.PendingRequests (PendingRequests.java:sendNotLeaderResponses(202)) - b3e939fd-eb36-468b-9efe-5d0a1fdaa172-PendingRequests: sendNotLeaderResponses
2019-09-26 15:13:53,352 [b3e939fd-eb36-468b-9efe-5d0a1fdaa172@group-25745E01B0BD:LeaderElection305] INFO  segmented.SegmentedRaftLogWorker (SegmentedRaftLogWorker.java:startLogSegment(380)) - b3e939fd-eb36-468b-9efe-5d0a1fdaa172@group-25745E01B0BD-SegmentedRaftLogWorker: Starting segment from index:0
2019-09-26 15:13:52,959 [b3e939fd-eb36-468b-9efe-5d0a1fdaa172@group-FC1921472DFA-SegmentedRaftLogWorker] INFO  impl.RaftServerImpl (ServerState.java:close(385)) - b3e939fd-eb36-468b-9efe-5d0a1fdaa172@group-FC1921472DFA: closes. applyIndex: -1
2019-09-26 15:13:52,959 [b3e939fd-eb36-468b-9efe-5d0a1fdaa172@group-CD5FC8CEC3A3:LeaderElection293] INFO  segmented.SegmentedRaftLogWorker (SegmentedRaftLogWorker.java:startLogSegment(380)) - b3e939fd-eb36-468b-9efe-5d0a1fdaa172@group-CD5FC8CEC3A3-SegmentedRaftLogWorker: Starting segment from index:0
2019-09-26 15:13:53,352 [b3e939fd-eb36-468b-9efe-5d0a1fdaa172@group-25745E01B0BD:LeaderElection305] INFO  impl.RaftServerImpl (ServerState.java:setRaftConf(354)) - b3e939fd-eb36-468b-9efe-5d0a1fdaa172@group-25745E01B0BD: set configuration 0: [b3e939fd-eb36-468b-9efe-5d0a1fdaa172:192.168.151.99:45433], old=null at 0
2019-09-26 15:13:52,959 [b3e939fd-eb36-468b-9efe-5d0a1fdaa172@group-0CA234018F8C-SegmentedRaftLogWorker] INFO  impl.StateMachineUpdater (StateMachineUpdater.java:stopAndJoin(125)) - b3e939fd-eb36-468b-9efe-5d0a1fdaa172@group-0CA234018F8C-StateMachineUpdater: set stopIndex = -1
2019-09-26 15:13:52,959 [b3e939fd-eb36-468b-9efe-5d0a1fdaa172@group-98F9BF2BE007-SegmentedRaftLogWorker] INFO  impl.PendingRequests (PendingRequests.java:sendNotLeaderResponses(202)) - b3e939fd-eb36-468b-9efe-5d0a1fdaa172-PendingRequests: sendNotLeaderResponses
2019-09-26 15:13:52,958 [b3e939fd-eb36-468b-9efe-5d0a1fdaa172@group-3BF504006062:LeaderElection295] INFO  impl.RoleInfo (RoleInfo.java:updateAndGet(143)) - b3e939fd-eb36-468b-9efe-5d0a1fdaa172: start LeaderState
2019-09-26 15:13:52,958 [b3e939fd-eb36-468b-9efe-5d0a1fdaa172@group-778C63AA011E-SegmentedRaftLogWorker] INFO  impl.StateMachineUpdater (StateMachineUpdater.java:stopAndJoin(125)) - b3e939fd-eb36-468b-9efe-5d0a1fdaa172@group-778C63AA011E-StateMachineUpdater: set stopIndex = -1
2019-09-26 15:13:52,958 [b3e939fd-eb36-468b-9efe-5d0a1fdaa172@group-82208FB82218-SegmentedRaftLogWorker] INFO  impl.RaftServerImpl (RaftServerImpl.java:lambda$shutdown$3(251)) - b3e939fd-eb36-468b-9efe-5d0a1fdaa172@group-82208FB82218: shutdown
2019-09-26 15:13:52,958 [b3e939fd-eb36-468b-9efe-5d0a1fdaa172@group-659098C9AEA4-SegmentedRaftLogWorker] INFO  impl.RaftServerImpl (RaftServerImpl.java:lambda$shutdown$3(251)) - b3e939fd-eb36-468b-9efe-5d0a1fdaa172@group-659098C9AEA4: shutdown
2019-09-26 15:13:52,957 [b3e939fd-eb36-468b-9efe-5d0a1fdaa172@group-DF5FBD1E9085-SegmentedRaftLogWorker] INFO  impl.StateMachineUpdater (StateMachineUpdater.java:stopAndJoin(125)) - b3e939fd-eb36-468b-9efe-5d0a1fdaa172@group-DF5FBD1E9085-StateMachineUpdater: set stopIndex = -1
2019-09-26 15:13:52,957 [b3e939fd-eb36-468b-9efe-5d0a1fdaa172@group-7BA823644DD2:LeaderElection314] INFO  segmented.SegmentedRaftLogWorker (SegmentedRaftLogWorker.java:startLogSegment(380)) - b3e939fd-eb36-468b-9efe-5d0a1fdaa172@group-7BA823644DD2-SegmentedRaftLogWorker: Starting segment from index:0
2019-09-26 15:13:52,957 [b3e939fd-eb36-468b-9efe-5d0a1fdaa172@group-C4FDEBA5923A-SegmentedRaftLogWorker] INFO  segmented.SegmentedRaftLogWorker (SegmentedRaftLogWorker.java:close(228)) - b3e939fd-eb36-468b-9efe-5d0a1fdaa172@group-C4FDEBA5923A-SegmentedRaftLogWorker close()
2019-09-26 15:13:52,957 [b3e939fd-eb36-468b-9efe-5d0a1fdaa172@group-302304666DE6:LeaderElection306] INFO  impl.RoleInfo (RoleInfo.java:updateAndGet(143)) - b3e939fd-eb36-468b-9efe-5d0a1fdaa172: start LeaderState
2019-09-26 15:13:53,529 [b3e939fd-eb36-468b-9efe-5d0a1fdaa172@group-7BA823644DD2:LeaderElection314] INFO  impl.RaftServerImpl (ServerState.java:setRaftConf(354)) - b3e939fd-eb36-468b-9efe-5d0a1fdaa172@group-7BA823644DD2: set configuration 0: [b3e939fd-eb36-468b-9efe-5d0a1fdaa172:192.168.151.99:45433], old=null at 0
2019-09-26 15:13:52,956 [b3e939fd-eb36-468b-9efe-5d0a1fdaa172@group-6AE5FF705F7D:LeaderElection266] INFO  impl.RaftServerImpl (ServerState.java:setRaftConf(354)) - b3e939fd-eb36-468b-9efe-5d0a1fdaa172@group-6AE5FF705F7D: set configuration 0: [b3e939fd-eb36-468b-9efe-5d0a1fdaa172:192.168.151.99:45433], old=null at 0
2019-09-26 15:13:52,956 [b3e939fd-eb36-468b-9efe-5d0a1fdaa172@group-4E868D6FA5B9-SegmentedRaftLogWorker] INFO  impl.PendingRequests (PendingRequests.java:sendNotLeaderResponses(202)) - b3e939fd-eb36-468b-9efe-5d0a1fdaa172-PendingRequests: sendNotLeaderResponses
2019-09-26 15:13:52,956 [b3e939fd-eb36-468b-9efe-5d0a1fdaa172@group-4295C4227654-SegmentedRaftLogWorker] ERROR segmented.SegmentedRaftLogWorker (SegmentedRaftLogWorker.java:run(323)) - b3e939fd-eb36-468b-9efe-5d0a1fdaa172@group-4295C4227654-SegmentedRaftLogWorker hit exception
java.lang.OutOfMemoryError: Direct buffer memory
	at java.nio.Bits.reserveMemory(Bits.java:666)
	at java.nio.DirectByteBuffer.<init>(DirectByteBuffer.java:123)
	at java.nio.ByteBuffer.allocateDirect(ByteBuffer.java:311)
	at org.apache.ratis.server.raftlog.segmented.BufferedWriteChannel.<init>(BufferedWriteChannel.java:41)
	at org.apache.ratis.server.raftlog.segmented.SegmentedRaftLogOutputStream.<init>(SegmentedRaftLogOutputStream.java:72)
	at org.apache.ratis.server.raftlog.segmented.SegmentedRaftLogWorker$StartLogSegment.execute(SegmentedRaftLogWorker.java:566)
	at org.apache.ratis.server.raftlog.segmented.SegmentedRaftLogWorker.run(SegmentedRaftLogWorker.java:289)
	at java.lang.Thread.run(Thread.java:748)
2019-09-26 15:13:52,763 [b3e939fd-eb36-468b-9efe-5d0a1fdaa172@group-7C3112672CFD-SegmentedRaftLogWorker] INFO  impl.RaftServerImpl (ServerState.java:close(385)) - b3e939fd-eb36-468b-9efe-5d0a1fdaa172@group-7C3112672CFD: closes. applyIndex: -1
2019-09-26 15:13:52,763 [b3e939fd-eb36-468b-9efe-5d0a1fdaa172@group-2969446FDAA8-SegmentedRaftLogWorker] INFO  impl.PendingRequests (PendingRequests.java:sendNotLeaderResponses(202)) - b3e939fd-eb36-468b-9efe-5d0a1fdaa172-PendingRequests: sendNotLeaderResponses
2019-09-26 15:13:52,763 [b3e939fd-eb36-468b-9efe-5d0a1fdaa172@group-23B1075E3B4B-SegmentedRaftLogWorker] INFO  impl.PendingRequests (PendingRequests.java:sendNotLeaderResponses(202)) - b3e939fd-eb36-468b-9efe-5d0a1fdaa172-PendingRequests: sendNotLeaderResponses
2019-09-26 15:13:53,687 [b3e939fd-eb36-468b-9efe-5d0a1fdaa172@group-23B1075E3B4B-SegmentedRaftLogWorker] INFO  impl.StateMachineUpdater (StateMachineUpdater.java:stopAndJoin(125)) - b3e939fd-eb36-468b-9efe-5d0a1fdaa172@group-23B1075E3B4B-StateMachineUpdater: set stopIndex = -1
2019-09-26 15:13:53,687 [b3e939fd-eb36-468b-9efe-5d0a1fdaa172@group-23B1075E3B4B-SegmentedRaftLogWorker] INFO  impl.RaftServerImpl (ServerState.java:close(385)) - b3e939fd-eb36-468b-9efe-5d0a1fdaa172@group-23B1075E3B4B: closes. applyIndex: -1
2019-09-26 15:13:53,688 [b3e939fd-eb36-468b-9efe-5d0a1fdaa172@group-23B1075E3B4B-SegmentedRaftLogWorker] INFO  segmented.SegmentedRaftLogWorker (SegmentedRaftLogWorker.java:close(228)) - b3e939fd-eb36-468b-9efe-5d0a1fdaa172@group-23B1075E3B4B-SegmentedRaftLogWorker close()
2019-09-26 15:13:52,763 [b3e939fd-eb36-468b-9efe-5d0a1fdaa172@group-05F1D5DB38B1:LeaderElection279] INFO  segmented.SegmentedRaftLogWorker (SegmentedRaftLogWorker.java:startLogSegment(380)) - b3e939fd-eb36-468b-9efe-5d0a1fdaa172@group-05F1D5DB38B1-SegmentedRaftLogWorker: Starting segment from index:0
2019-09-26 15:13:52,763 [b3e939fd-eb36-468b-9efe-5d0a1fdaa172@group-3940D53E95A2-SegmentedRaftLogWorker] INFO  impl.PendingRequests (PendingRequests.java:sendNotLeaderResponses(202)) - b3e939fd-eb36-468b-9efe-5d0a1fdaa172-PendingRequests: sendNotLeaderResponses
2019-09-26 15:13:53,688 [b3e939fd-eb36-468b-9efe-5d0a1fdaa172@group-659098C9AEA4-SegmentedRaftLogWorker] INFO  util.JmxRegister (JmxRegister.java:unregister(73)) - Successfully un-registered JMX Bean with object name Ratis:service=RaftServer,group=group-659098C9AEA4,id=b3e939fd-eb36-468b-9efe-5d0a1fdaa172
2019-09-26 15:13:52,763 [b3e939fd-eb36-468b-9efe-5d0a1fdaa172@group-5C744E83DB9A-SegmentedRaftLogWorker] INFO  impl.PendingRequests (PendingRequests.java:sendNotLeaderResponses(202)) - b3e939fd-eb36-468b-9efe-5d0a1fdaa172-PendingRequests: sendNotLeaderResponses
2019-09-26 15:13:53,688 [b3e939fd-eb36-468b-9efe-5d0a1fdaa172@group-5C744E83DB9A-SegmentedRaftLogWorker] INFO  impl.StateMachineUpdater (StateMachineUpdater.java:stopAndJoin(125)) - b3e939fd-eb36-468b-9efe-5d0a1fdaa172@group-5C744E83DB9A-StateMachineUpdater: set stopIndex = -1
2019-09-26 15:13:52,762 [b3e939fd-eb36-468b-9efe-5d0a1fdaa172@group-A69ABA2706CB-SegmentedRaftLogWorker] INFO  impl.RoleInfo (RoleInfo.java:shutdownLeaderState(104)) - b3e939fd-eb36-468b-9efe-5d0a1fdaa172: shutdown LeaderState
2019-09-26 15:13:53,867 [b3e939fd-eb36-468b-9efe-5d0a1fdaa172@group-5C744E83DB9A-SegmentedRaftLogWorker] INFO  impl.RaftServerImpl (ServerState.java:close(385)) - b3e939fd-eb36-468b-9efe-5d0a1fdaa172@group-5C744E83DB9A: closes. applyIndex: -1
2019-09-26 15:13:53,867 [b3e939fd-eb36-468b-9efe-5d0a1fdaa172@group-7ED9DECB8A6B:LeaderElection288] INFO  impl.RoleInfo (RoleInfo.java:updateAndGet(143)) - b3e939fd-eb36-468b-9efe-5d0a1fdaa172: start LeaderState
2019-09-26 15:13:53,867 [b3e939fd-eb36-468b-9efe-5d0a1fdaa172@group-5C744E83DB9A-SegmentedRaftLogWorker] INFO  segmented.SegmentedRaftLogWorker (SegmentedRaftLogWorker.java:close(228)) - b3e939fd-eb36-468b-9efe-5d0a1fdaa172@group-5C744E83DB9A-SegmentedRaftLogWorker close()
2019-09-26 15:13:53,865 [b3e939fd-eb36-468b-9efe-5d0a1fdaa172@group-92F7CC5958C9-SegmentedRaftLogWorker] ERROR segmented.SegmentedRaftLogWorker (SegmentedRaftLogWorker.java:run(323)) - b3e939fd-eb36-468b-9efe-5d0a1fdaa172@group-92F7CC5958C9-SegmentedRaftLogWorker hit exception
java.lang.OutOfMemoryError: Direct buffer memory
	at java.nio.Bits.reserveMemory(Bits.java:666)
	at java.nio.DirectByteBuffer.<init>(DirectByteBuffer.java:123)
	at java.nio.ByteBuffer.allocateDirect(ByteBuffer.java:311)
	at org.apache.ratis.server.raftlog.segmented.BufferedWriteChannel.<init>(BufferedWriteChannel.java:41)
	at org.apache.ratis.server.raftlog.segmented.SegmentedRaftLogOutputStream.<init>(SegmentedRaftLogOutputStream.java:72)
	at org.apache.ratis.server.raftlog.segmented.SegmentedRaftLogWorker$StartLogSegment.execute(SegmentedRaftLogWorker.java:566)
	at org.apache.ratis.server.raftlog.segmented.SegmentedRaftLogWorker.run(SegmentedRaftLogWorker.java:289)
	at java.lang.Thread.run(Thread.java:748)
2019-09-26 15:13:53,867 [b3e939fd-eb36-468b-9efe-5d0a1fdaa172@group-92F7CC5958C9-SegmentedRaftLogWorker] INFO  impl.RaftServerImpl (RaftServerImpl.java:lambda$shutdown$3(251)) - b3e939fd-eb36-468b-9efe-5d0a1fdaa172@group-92F7CC5958C9: shutdown
2019-09-26 15:13:53,688 [b3e939fd-eb36-468b-9efe-5d0a1fdaa172@group-05F1D5DB38B1:LeaderElection279] INFO  impl.RaftServerImpl (ServerState.java:setRaftConf(354)) - b3e939fd-eb36-468b-9efe-5d0a1fdaa172@group-05F1D5DB38B1: set configuration 0: [b3e939fd-eb36-468b-9efe-5d0a1fdaa172:192.168.151.99:45433], old=null at 0
2019-09-26 15:13:53,688 [b3e939fd-eb36-468b-9efe-5d0a1fdaa172@group-659098C9AEA4-SegmentedRaftLogWorker] INFO  impl.RoleInfo (RoleInfo.java:shutdownLeaderState(104)) - b3e939fd-eb36-468b-9efe-5d0a1fdaa172: shutdown LeaderState
2019-09-26 15:13:53,868 [b3e939fd-eb36-468b-9efe-5d0a1fdaa172@group-5C693F90868A:LeaderElection290] INFO  impl.RoleInfo (RoleInfo.java:updateAndGet(143)) - b3e939fd-eb36-468b-9efe-5d0a1fdaa172: start LeaderState
2019-09-26 15:13:53,688 [b3e939fd-eb36-468b-9efe-5d0a1fdaa172@group-3940D53E95A2-SegmentedRaftLogWorker] INFO  impl.StateMachineUpdater (StateMachineUpdater.java:stopAndJoin(125)) - b3e939fd-eb36-468b-9efe-5d0a1fdaa172@group-3940D53E95A2-StateMachineUpdater: set stopIndex = -1
2019-09-26 15:13:53,688 [b3e939fd-eb36-468b-9efe-5d0a1fdaa172@group-82208FB82218-SegmentedRaftLogWorker] INFO  util.JmxRegister (JmxRegister.java:unregister(73)) - Successfully un-registered JMX Bean with object name Ratis:service=RaftServer,group=group-82208FB82218,id=b3e939fd-eb36-468b-9efe-5d0a1fdaa172
2019-09-26 15:13:53,687 [b3e939fd-eb36-468b-9efe-5d0a1fdaa172@group-2969446FDAA8-SegmentedRaftLogWorker] INFO  impl.StateMachineUpdater (StateMachineUpdater.java:stopAndJoin(125)) - b3e939fd-eb36-468b-9efe-5d0a1fdaa172@group-2969446FDAA8-StateMachineUpdater: set stopIndex = -1
2019-09-26 15:13:53,687 [b3e939fd-eb36-468b-9efe-5d0a1fdaa172@group-7C3112672CFD-SegmentedRaftLogWorker] INFO  segmented.SegmentedRaftLogWorker (SegmentedRaftLogWorker.java:close(228)) - b3e939fd-eb36-468b-9efe-5d0a1fdaa172@group-7C3112672CFD-SegmentedRaftLogWorker close()
2019-09-26 15:13:53,687 [b3e939fd-eb36-468b-9efe-5d0a1fdaa172@group-4295C4227654-SegmentedRaftLogWorker] INFO  impl.RaftServerImpl (RaftServerImpl.java:lambda$shutdown$3(251)) - b3e939fd-eb36-468b-9efe-5d0a1fdaa172@group-4295C4227654: shutdown
2019-09-26 15:13:53,687 [b3e939fd-eb36-468b-9efe-5d0a1fdaa172@group-8510E27DA55F:LeaderElection289] INFO  impl.RoleInfo (RoleInfo.java:updateAndGet(143)) - b3e939fd-eb36-468b-9efe-5d0a1fdaa172: start LeaderState
2019-09-26 15:13:53,687 [b3e939fd-eb36-468b-9efe-5d0a1fdaa172@group-4E868D6FA5B9-SegmentedRaftLogWorker] INFO  impl.StateMachineUpdater (StateMachineUpdater.java:stopAndJoin(125)) - b3e939fd-eb36-468b-9efe-5d0a1fdaa172@group-4E868D6FA5B9-StateMachineUpdater: set stopIndex = -1
2019-09-26 15:13:53,869 [b3e939fd-eb36-468b-9efe-5d0a1fdaa172@group-4E868D6FA5B9-SegmentedRaftLogWorker] INFO  impl.RaftServerImpl (ServerState.java:close(385)) - b3e939fd-eb36-468b-9efe-5d0a1fdaa172@group-4E868D6FA5B9: closes. applyIndex: -1
2019-09-26 15:13:53,529 [b3e939fd-eb36-468b-9efe-5d0a1fdaa172@group-302304666DE6:LeaderElection306] INFO  segmented.SegmentedRaftLogWorker (SegmentedRaftLogWorker.java:startLogSegment(380)) - b3e939fd-eb36-468b-9efe-5d0a1fdaa172@group-302304666DE6-SegmentedRaftLogWorker: Starting segment from index:0
2019-09-26 15:13:53,528 [b3e939fd-eb36-468b-9efe-5d0a1fdaa172@group-B87D49FAC1EB-SegmentedRaftLogWorker] INFO  util.JmxRegister (JmxRegister.java:unregister(73)) - Successfully un-registered JMX Bean with object name Ratis:service=RaftServer,group=group-B87D49FAC1EB,id=b3e939fd-eb36-468b-9efe-5d0a1fdaa172
2019-09-26 15:13:53,528 [b3e939fd-eb36-468b-9efe-5d0a1fdaa172@group-DF5FBD1E9085-SegmentedRaftLogWorker] INFO  impl.RaftServerImpl (ServerState.java:close(385)) - b3e939fd-eb36-468b-9efe-5d0a1fdaa172@group-DF5FBD1E9085: closes. applyIndex: -1
2019-09-26 15:13:53,528 [b3e939fd-eb36-468b-9efe-5d0a1fdaa172@group-F3ED5FA15865:LeaderElection284] INFO  impl.RoleInfo (RoleInfo.java:updateAndGet(143)) - b3e939fd-eb36-468b-9efe-5d0a1fdaa172: start LeaderState
2019-09-26 15:13:53,528 [b3e939fd-eb36-468b-9efe-5d0a1fdaa172@group-3BF504006062:LeaderElection295] INFO  segmented.SegmentedRaftLogWorker (SegmentedRaftLogWorker.java:startLogSegment(380)) - b3e939fd-eb36-468b-9efe-5d0a1fdaa172@group-3BF504006062-SegmentedRaftLogWorker: Starting segment from index:0
2019-09-26 15:13:53,528 [b3e939fd-eb36-468b-9efe-5d0a1fdaa172@group-778C63AA011E-SegmentedRaftLogWorker] INFO  impl.RaftServerImpl (ServerState.java:close(385)) - b3e939fd-eb36-468b-9efe-5d0a1fdaa172@group-778C63AA011E: closes. applyIndex: -1
2019-09-26 15:13:53,528 [b3e939fd-eb36-468b-9efe-5d0a1fdaa172@group-98F9BF2BE007-SegmentedRaftLogWorker] INFO  impl.StateMachineUpdater (StateMachineUpdater.java:stopAndJoin(125)) - b3e939fd-eb36-468b-9efe-5d0a1fdaa172@group-98F9BF2BE007-StateMachineUpdater: set stopIndex = -1
2019-09-26 15:13:54,040 [b3e939fd-eb36-468b-9efe-5d0a1fdaa172@group-778C63AA011E-SegmentedRaftLogWorker] INFO  segmented.SegmentedRaftLogWorker (SegmentedRaftLogWorker.java:close(228)) - b3e939fd-eb36-468b-9efe-5d0a1fdaa172@group-778C63AA011E-SegmentedRaftLogWorker close()
2019-09-26 15:13:53,528 [b3e939fd-eb36-468b-9efe-5d0a1fdaa172@group-CD5FC8CEC3A3:LeaderElection293] INFO  impl.RaftServerImpl (ServerState.java:setRaftConf(354)) - b3e939fd-eb36-468b-9efe-5d0a1fdaa172@group-CD5FC8CEC3A3: set configuration 0: [b3e939fd-eb36-468b-9efe-5d0a1fdaa172:192.168.151.99:45433], old=null at 0
2019-09-26 15:13:53,353 [b3e939fd-eb36-468b-9efe-5d0a1fdaa172@group-0CA234018F8C-SegmentedRaftLogWorker] INFO  impl.RaftServerImpl (ServerState.java:close(385)) - b3e939fd-eb36-468b-9efe-5d0a1fdaa172@group-0CA234018F8C: closes. applyIndex: -1
2019-09-26 15:13:53,352 [b3e939fd-eb36-468b-9efe-5d0a1fdaa172@group-FC1921472DFA-SegmentedRaftLogWorker] INFO  segmented.SegmentedRaftLogWorker (SegmentedRaftLogWorker.java:close(228)) - b3e939fd-eb36-468b-9efe-5d0a1fdaa172@group-FC1921472DFA-SegmentedRaftLogWorker close()
2019-09-26 15:13:53,352 [b3e939fd-eb36-468b-9efe-5d0a1fdaa172@group-84D1E06F87C5-SegmentedRaftLogWorker] INFO  impl.StateMachineUpdater (StateMachineUpdater.java:stopAndJoin(125)) - b3e939fd-eb36-468b-9efe-5d0a1fdaa172@group-84D1E06F87C5-StateMachineUpdater: set stopIndex = -1
2019-09-26 15:13:53,352 [b3e939fd-eb36-468b-9efe-5d0a1fdaa172@group-B602AE1BC508:LeaderElection302] INFO  impl.RoleInfo (RoleInfo.java:updateAndGet(143)) - b3e939fd-eb36-468b-9efe-5d0a1fdaa172: start LeaderState
2019-09-26 15:13:53,352 [b3e939fd-eb36-468b-9efe-5d0a1fdaa172@group-B8A18754ECB2-SegmentedRaftLogWorker] INFO  impl.StateMachineUpdater (StateMachineUpdater.java:stopAndJoin(125)) - b3e939fd-eb36-468b-9efe-5d0a1fdaa172@group-B8A18754ECB2-StateMachineUpdater: set stopIndex = -1
2019-09-26 15:13:53,352 [b3e939fd-eb36-468b-9efe-5d0a1fdaa172@group-270C29ADC77F-SegmentedRaftLogWorker] INFO  impl.StateMachineUpdater (StateMachineUpdater.java:stopAndJoin(125)) - b3e939fd-eb36-468b-9efe-5d0a1fdaa172@group-270C29ADC77F-StateMachineUpdater: set stopIndex = -1
2019-09-26 15:13:53,352 [b3e939fd-eb36-468b-9efe-5d0a1fdaa172@group-A909352B10E1:LeaderElection301] INFO  impl.RaftServerImpl (ServerState.java:setRaftConf(354)) - b3e939fd-eb36-468b-9efe-5d0a1fdaa172@group-A909352B10E1: set configuration 0: [b3e939fd-eb36-468b-9efe-5d0a1fdaa172:192.168.151.99:45433], old=null at 0
2019-09-26 15:13:53,346 [b3e939fd-eb36-468b-9efe-5d0a1fdaa172@group-D5D0A30B4DC8-SegmentedRaftLogWorker] INFO  segmented.SegmentedRaftLogWorker (SegmentedRaftLogWorker.java:close(228)) - b3e939fd-eb36-468b-9efe-5d0a1fdaa172@group-D5D0A30B4DC8-SegmentedRaftLogWorker close()
2019-09-26 15:13:54,203 [b3e939fd-eb36-468b-9efe-5d0a1fdaa172@group-F4FE86D2BCDD:LeaderElection285] INFO  impl.RoleInfo (RoleInfo.java:updateAndGet(143)) - b3e939fd-eb36-468b-9efe-5d0a1fdaa172: start LeaderState
2019-09-26 15:13:53,346 [b3e939fd-eb36-468b-9efe-5d0a1fdaa172@group-336DB84C1351-SegmentedRaftLogWorker] INFO  impl.StateMachineUpdater (StateMachineUpdater.java:stopAndJoin(125)) - b3e939fd-eb36-468b-9efe-5d0a1fdaa172@group-336DB84C1351-StateMachineUpdater: set stopIndex = -1
2019-09-26 15:13:53,346 [b3e939fd-eb36-468b-9efe-5d0a1fdaa172@group-9591EA67C8C0:LeaderElection308] INFO  impl.RaftServerImpl (ServerState.java:setRaftConf(354)) - b3e939fd-eb36-468b-9efe-5d0a1fdaa172@group-9591EA67C8C0: set configuration 0: [b3e939fd-eb36-468b-9efe-5d0a1fdaa172:192.168.151.99:45433], old=null at 0
2019-09-26 15:13:53,345 [b3e939fd-eb36-468b-9efe-5d0a1fdaa172@group-A2BD7EF985B3-SegmentedRaftLogWorker] ERROR segmented.SegmentedRaftLogWorker (SegmentedRaftLogWorker.java:run(323)) - b3e939fd-eb36-468b-9efe-5d0a1fdaa172@group-A2BD7EF985B3-SegmentedRaftLogWorker hit exception
java.lang.OutOfMemoryError: Direct buffer memory
	at java.nio.Bits.reserveMemory(Bits.java:666)
	at java.nio.DirectByteBuffer.<init>(DirectByteBuffer.java:123)
	at java.nio.ByteBuffer.allocateDirect(ByteBuffer.java:311)
	at org.apache.ratis.server.raftlog.segmented.BufferedWriteChannel.<init>(BufferedWriteChannel.java:41)
	at org.apache.ratis.server.raftlog.segmented.SegmentedRaftLogOutputStream.<init>(SegmentedRaftLogOutputStream.java:72)
	at org.apache.ratis.server.raftlog.segmented.SegmentedRaftLogWorker$StartLogSegment.execute(SegmentedRaftLogWorker.java:566)
	at org.apache.ratis.server.raftlog.segmented.SegmentedRaftLogWorker.run(SegmentedRaftLogWorker.java:289)
	at java.lang.Thread.run(Thread.java:748)
2019-09-26 15:13:53,345 [b3e939fd-eb36-468b-9efe-5d0a1fdaa172@group-7F7680AB9573-SegmentedRaftLogWorker] ERROR segmented.SegmentedRaftLogWorker (SegmentedRaftLogWorker.java:run(323)) - b3e939fd-eb36-468b-9efe-5d0a1fdaa172@group-7F7680AB9573-SegmentedRaftLogWorker hit exception
java.lang.OutOfMemoryError: Direct buffer memory
	at java.nio.Bits.reserveMemory(Bits.java:666)
	at java.nio.DirectByteBuffer.<init>(DirectByteBuffer.java:123)
	at java.nio.ByteBuffer.allocateDirect(ByteBuffer.java:311)
	at org.apache.ratis.server.raftlog.segmented.BufferedWriteChannel.<init>(BufferedWriteChannel.java:41)
	at org.apache.ratis.server.raftlog.segmented.SegmentedRaftLogOutputStream.<init>(SegmentedRaftLogOutputStream.java:72)
	at org.apache.ratis.server.raftlog.segmented.SegmentedRaftLogWorker$StartLogSegment.execute(SegmentedRaftLogWorker.java:566)
	at org.apache.ratis.server.raftlog.segmented.SegmentedRaftLogWorker.run(SegmentedRaftLogWorker.java:289)
	at java.lang.Thread.run(Thread.java:748)
2019-09-26 15:13:53,168 [b3e939fd-eb36-468b-9efe-5d0a1fdaa172@group-D591C59CFB86:LeaderElection294] INFO  impl.RaftServerImpl (ServerState.java:setRaftConf(354)) - b3e939fd-eb36-468b-9efe-5d0a1fdaa172@group-D591C59CFB86: set configuration 0: [b3e939fd-eb36-468b-9efe-5d0a1fdaa172:192.168.151.99:45433], old=null at 0
2019-09-26 15:13:54,204 [b3e939fd-eb36-468b-9efe-5d0a1fdaa172@group-7F7680AB9573-SegmentedRaftLogWorker] INFO  impl.RaftServerImpl (RaftServerImpl.java:lambda$shutdown$3(251)) - b3e939fd-eb36-468b-9efe-5d0a1fdaa172@group-7F7680AB9573: shutdown
2019-09-26 15:13:54,204 [b3e939fd-eb36-468b-9efe-5d0a1fdaa172@group-752F8CC2B31E:LeaderElection287] INFO  impl.RoleInfo (RoleInfo.java:updateAndGet(143)) - b3e939fd-eb36-468b-9efe-5d0a1fdaa172: start LeaderState
2019-09-26 15:13:54,203 [b3e939fd-eb36-468b-9efe-5d0a1fdaa172@group-A2BD7EF985B3-SegmentedRaftLogWorker] INFO  impl.RaftServerImpl (RaftServerImpl.java:lambda$shutdown$3(251)) - b3e939fd-eb36-468b-9efe-5d0a1fdaa172@group-A2BD7EF985B3: shutdown
2019-09-26 15:13:54,203 [b3e939fd-eb36-468b-9efe-5d0a1fdaa172@group-336DB84C1351-SegmentedRaftLogWorker] INFO  impl.RaftServerImpl (ServerState.java:close(385)) - b3e939fd-eb36-468b-9efe-5d0a1fdaa172@group-336DB84C1351: closes. applyIndex: -1
2019-09-26 15:13:54,203 [b3e939fd-eb36-468b-9efe-5d0a1fdaa172@group-F4FE86D2BCDD:LeaderElection285] INFO  segmented.SegmentedRaftLogWorker (SegmentedRaftLogWorker.java:startLogSegment(380)) - b3e939fd-eb36-468b-9efe-5d0a1fdaa172@group-F4FE86D2BCDD-SegmentedRaftLogWorker: Starting segment from index:0
2019-09-26 15:13:54,202 [b3e939fd-eb36-468b-9efe-5d0a1fdaa172@group-270C29ADC77F-SegmentedRaftLogWorker] INFO  impl.RaftServerImpl (ServerState.java:close(385)) - b3e939fd-eb36-468b-9efe-5d0a1fdaa172@group-270C29ADC77F: closes. applyIndex: -1
2019-09-26 15:13:54,202 [b3e939fd-eb36-468b-9efe-5d0a1fdaa172@group-B8A18754ECB2-SegmentedRaftLogWorker] INFO  impl.RaftServerImpl (ServerState.java:close(385)) - b3e939fd-eb36-468b-9efe-5d0a1fdaa172@group-B8A18754ECB2: closes. applyIndex: -1
2019-09-26 15:13:54,202 [b3e939fd-eb36-468b-9efe-5d0a1fdaa172@group-B602AE1BC508:LeaderElection302] INFO  segmented.SegmentedRaftLogWorker (SegmentedRaftLogWorker.java:startLogSegment(380)) - b3e939fd-eb36-468b-9efe-5d0a1fdaa172@group-B602AE1BC508-SegmentedRaftLogWorker: Starting segment from index:0
2019-09-26 15:13:54,205 [b3e939fd-eb36-468b-9efe-5d0a1fdaa172@group-B8A18754ECB2-SegmentedRaftLogWorker] INFO  segmented.SegmentedRaftLogWorker (SegmentedRaftLogWorker.java:close(228)) - b3e939fd-eb36-468b-9efe-5d0a1fdaa172@group-B8A18754ECB2-SegmentedRaftLogWorker close()
2019-09-26 15:13:54,202 [b3e939fd-eb36-468b-9efe-5d0a1fdaa172@group-B6785E685516:LeaderElection313] INFO  impl.RoleInfo (RoleInfo.java:updateAndGet(143)) - b3e939fd-eb36-468b-9efe-5d0a1fdaa172: start LeaderState
2019-09-26 15:13:54,202 [b3e939fd-eb36-468b-9efe-5d0a1fdaa172@group-84D1E06F87C5-SegmentedRaftLogWorker] INFO  impl.RaftServerImpl (ServerState.java:close(385)) - b3e939fd-eb36-468b-9efe-5d0a1fdaa172@group-84D1E06F87C5: closes. applyIndex: -1
2019-09-26 15:13:54,202 [b3e939fd-eb36-468b-9efe-5d0a1fdaa172@group-0CA234018F8C-SegmentedRaftLogWorker] INFO  segmented.SegmentedRaftLogWorker (SegmentedRaftLogWorker.java:close(228)) - b3e939fd-eb36-468b-9efe-5d0a1fdaa172@group-0CA234018F8C-SegmentedRaftLogWorker close()
2019-09-26 15:13:54,551 [b3e939fd-eb36-468b-9efe-5d0a1fdaa172@group-84D1E06F87C5-SegmentedRaftLogWorker] INFO  segmented.SegmentedRaftLogWorker (SegmentedRaftLogWorker.java:close(228)) - b3e939fd-eb36-468b-9efe-5d0a1fdaa172@group-84D1E06F87C5-SegmentedRaftLogWorker close()
2019-09-26 15:13:54,201 [b3e939fd-eb36-468b-9efe-5d0a1fdaa172@group-CA0F44176545:LeaderElection296] INFO  impl.RoleInfo (RoleInfo.java:updateAndGet(143)) - b3e939fd-eb36-468b-9efe-5d0a1fdaa172: start LeaderState
2019-09-26 15:13:54,040 [b3e939fd-eb36-468b-9efe-5d0a1fdaa172@group-98F9BF2BE007-SegmentedRaftLogWorker] INFO  impl.RaftServerImpl (ServerState.java:close(385)) - b3e939fd-eb36-468b-9efe-5d0a1fdaa172@group-98F9BF2BE007: closes. applyIndex: -1
2019-09-26 15:13:54,040 [b3e939fd-eb36-468b-9efe-5d0a1fdaa172@group-4295C4227654-SegmentedRaftLogWorker] INFO  util.JmxRegister (JmxRegister.java:unregister(73)) - Successfully un-registered JMX Bean with object name Ratis:service=RaftServer,group=group-4295C4227654,id=b3e939fd-eb36-468b-9efe-5d0a1fdaa172
2019-09-26 15:13:54,040 [b3e939fd-eb36-468b-9efe-5d0a1fdaa172@group-3BF504006062:LeaderElection295] INFO  impl.RaftServerImpl (ServerState.java:setRaftConf(354)) - b3e939fd-eb36-468b-9efe-5d0a1fdaa172@group-3BF504006062: set configuration 0: [b3e939fd-eb36-468b-9efe-5d0a1fdaa172:192.168.151.99:45433], old=null at 0
2019-09-26 15:13:53,869 [b3e939fd-eb36-468b-9efe-5d0a1fdaa172@group-F3ED5FA15865:LeaderElection284] INFO  segmented.SegmentedRaftLogWorker (SegmentedRaftLogWorker.java:startLogSegment(380)) - b3e939fd-eb36-468b-9efe-5d0a1fdaa172@group-F3ED5FA15865-SegmentedRaftLogWorker: Starting segment from index:0
2019-09-26 15:13:54,038 [b3e939fd-eb36-468b-9efe-5d0a1fdaa172@group-5152959DB5D4-SegmentedRaftLogWorker] ERROR segmented.SegmentedRaftLogWorker (SegmentedRaftLogWorker.java:run(323)) - b3e939fd-eb36-468b-9efe-5d0a1fdaa172@group-5152959DB5D4-SegmentedRaftLogWorker hit exception
java.lang.OutOfMemoryError: Direct buffer memory
	at java.nio.Bits.reserveMemory(Bits.java:666)
	at java.nio.DirectByteBuffer.<init>(DirectByteBuffer.java:123)
	at java.nio.ByteBuffer.allocateDirect(ByteBuffer.java:311)
	at org.apache.ratis.server.raftlog.segmented.BufferedWriteChannel.<init>(BufferedWriteChannel.java:41)
	at org.apache.ratis.server.raftlog.segmented.SegmentedRaftLogOutputStream.<init>(SegmentedRaftLogOutputStream.java:72)
	at org.apache.ratis.server.raftlog.segmented.SegmentedRaftLogWorker$StartLogSegment.execute(SegmentedRaftLogWorker.java:566)
	at org.apache.ratis.server.raftlog.segmented.SegmentedRaftLogWorker.run(SegmentedRaftLogWorker.java:289)
	at java.lang.Thread.run(Thread.java:748)
2019-09-26 15:13:54,038 [b3e939fd-eb36-468b-9efe-5d0a1fdaa172@group-2B1CE96F5305-SegmentedRaftLogWorker] ERROR segmented.SegmentedRaftLogWorker (SegmentedRaftLogWorker.java:run(323)) - b3e939fd-eb36-468b-9efe-5d0a1fdaa172@group-2B1CE96F5305-SegmentedRaftLogWorker hit exception
java.lang.OutOfMemoryError: Direct buffer memory
	at java.nio.Bits.reserveMemory(Bits.java:666)
	at java.nio.DirectByteBuffer.<init>(DirectByteBuffer.java:123)
	at java.nio.ByteBuffer.allocateDirect(ByteBuffer.java:311)
	at org.apache.ratis.server.raftlog.segmented.BufferedWriteChannel.<init>(BufferedWriteChannel.java:41)
	at org.apache.ratis.server.raftlog.segmented.SegmentedRaftLogOutputStream.<init>(SegmentedRaftLogOutputStream.java:72)
	at org.apache.ratis.server.raftlog.segmented.SegmentedRaftLogWorker$StartLogSegment.execute(SegmentedRaftLogWorker.java:566)
	at org.apache.ratis.server.raftlog.segmented.SegmentedRaftLogWorker.run(SegmentedRaftLogWorker.java:289)
	at java.lang.Thread.run(Thread.java:748)
2019-09-26 15:13:53,869 [b3e939fd-eb36-468b-9efe-5d0a1fdaa172@group-302304666DE6:LeaderElection306] INFO  impl.RaftServerImpl (ServerState.java:setRaftConf(354)) - b3e939fd-eb36-468b-9efe-5d0a1fdaa172@group-302304666DE6: set configuration 0: [b3e939fd-eb36-468b-9efe-5d0a1fdaa172:192.168.151.99:45433], old=null at 0
2019-09-26 15:13:53,869 [b3e939fd-eb36-468b-9efe-5d0a1fdaa172@group-DF5FBD1E9085-SegmentedRaftLogWorker] INFO  segmented.SegmentedRaftLogWorker (SegmentedRaftLogWorker.java:close(228)) - b3e939fd-eb36-468b-9efe-5d0a1fdaa172@group-DF5FBD1E9085-SegmentedRaftLogWorker close()
2019-09-26 15:13:53,869 [b3e939fd-eb36-468b-9efe-5d0a1fdaa172@group-B87D49FAC1EB-SegmentedRaftLogWorker] INFO  impl.RoleInfo (RoleInfo.java:shutdownLeaderState(104)) - b3e939fd-eb36-468b-9efe-5d0a1fdaa172: shutdown LeaderState
2019-09-26 15:13:53,869 [b3e939fd-eb36-468b-9efe-5d0a1fdaa172@group-82F2C342C520:LeaderElection304] INFO  impl.RoleInfo (RoleInfo.java:updateAndGet(143)) - b3e939fd-eb36-468b-9efe-5d0a1fdaa172: start LeaderState
2019-09-26 15:13:53,869 [b3e939fd-eb36-468b-9efe-5d0a1fdaa172@group-4E868D6FA5B9-SegmentedRaftLogWorker] INFO  segmented.SegmentedRaftLogWorker (SegmentedRaftLogWorker.java:close(228)) - b3e939fd-eb36-468b-9efe-5d0a1fdaa172@group-4E868D6FA5B9-SegmentedRaftLogWorker close()
2019-09-26 15:13:53,869 [b3e939fd-eb36-468b-9efe-5d0a1fdaa172@group-92F7CC5958C9-SegmentedRaftLogWorker] INFO  util.JmxRegister (JmxRegister.java:unregister(73)) - Successfully un-registered JMX Bean with object name Ratis:service=RaftServer,group=group-92F7CC5958C9,id=b3e939fd-eb36-468b-9efe-5d0a1fdaa172
2019-09-26 15:13:53,868 [b3e939fd-eb36-468b-9efe-5d0a1fdaa172@group-8510E27DA55F:LeaderElection289] INFO  segmented.SegmentedRaftLogWorker (SegmentedRaftLogWorker.java:startLogSegment(380)) - b3e939fd-eb36-468b-9efe-5d0a1fdaa172@group-8510E27DA55F-SegmentedRaftLogWorker: Starting segment from index:0
2019-09-26 15:13:53,868 [b3e939fd-eb36-468b-9efe-5d0a1fdaa172@group-33913256AF98:LeaderElection298] INFO  impl.RoleInfo (RoleInfo.java:updateAndGet(143)) - b3e939fd-eb36-468b-9efe-5d0a1fdaa172: start LeaderState
2019-09-26 15:13:53,868 [b3e939fd-eb36-468b-9efe-5d0a1fdaa172@group-2969446FDAA8-SegmentedRaftLogWorker] INFO  impl.RaftServerImpl (ServerState.java:close(385)) - b3e939fd-eb36-468b-9efe-5d0a1fdaa172@group-2969446FDAA8: closes. applyIndex: -1
2019-09-26 15:13:54,793 [b3e939fd-eb36-468b-9efe-5d0a1fdaa172@group-8510E27DA55F:LeaderElection289] INFO  impl.RaftServerImpl (ServerState.java:setRaftConf(354)) - b3e939fd-eb36-468b-9efe-5d0a1fdaa172@group-8510E27DA55F: set configuration 0: [b3e939fd-eb36-468b-9efe-5d0a1fdaa172:192.168.151.99:45433], old=null at 0
2019-09-26 15:13:54,793 [b3e939fd-eb36-468b-9efe-5d0a1fdaa172@group-2969446FDAA8-SegmentedRaftLogWorker] INFO  segmented.SegmentedRaftLogWorker (SegmentedRaftLogWorker.java:close(228)) - b3e939fd-eb36-468b-9efe-5d0a1fdaa172@group-2969446FDAA8-SegmentedRaftLogWorker close()
2019-09-26 15:13:53,868 [b3e939fd-eb36-468b-9efe-5d0a1fdaa172@group-82208FB82218-SegmentedRaftLogWorker] INFO  impl.RoleInfo (RoleInfo.java:shutdownLeaderState(104)) - b3e939fd-eb36-468b-9efe-5d0a1fdaa172: shutdown LeaderState
2019-09-26 15:13:53,868 [b3e939fd-eb36-468b-9efe-5d0a1fdaa172@group-3940D53E95A2-SegmentedRaftLogWorker] INFO  impl.RaftServerImpl (ServerState.java:close(385)) - b3e939fd-eb36-468b-9efe-5d0a1fdaa172@group-3940D53E95A2: closes. applyIndex: -1
2019-09-26 15:13:53,868 [b3e939fd-eb36-468b-9efe-5d0a1fdaa172@group-5C693F90868A:LeaderElection290] INFO  segmented.SegmentedRaftLogWorker (SegmentedRaftLogWorker.java:startLogSegment(380)) - b3e939fd-eb36-468b-9efe-5d0a1fdaa172@group-5C693F90868A-SegmentedRaftLogWorker: Starting segment from index:0
2019-09-26 15:13:55,003 [b3e939fd-eb36-468b-9efe-5d0a1fdaa172@group-3940D53E95A2-SegmentedRaftLogWorker] INFO  segmented.SegmentedRaftLogWorker (SegmentedRaftLogWorker.java:close(228)) - b3e939fd-eb36-468b-9efe-5d0a1fdaa172@group-3940D53E95A2-SegmentedRaftLogWorker close()
2019-09-26 15:13:53,868 [b3e939fd-eb36-468b-9efe-5d0a1fdaa172@group-659098C9AEA4-SegmentedRaftLogWorker] INFO  impl.PendingRequests (PendingRequests.java:sendNotLeaderResponses(202)) - b3e939fd-eb36-468b-9efe-5d0a1fdaa172-PendingRequests: sendNotLeaderResponses
2019-09-26 15:13:53,867 [b3e939fd-eb36-468b-9efe-5d0a1fdaa172@group-7ED9DECB8A6B:LeaderElection288] INFO  segmented.SegmentedRaftLogWorker (SegmentedRaftLogWorker.java:startLogSegment(380)) - b3e939fd-eb36-468b-9efe-5d0a1fdaa172@group-7ED9DECB8A6B-SegmentedRaftLogWorker: Starting segment from index:0
2019-09-26 15:13:53,867 [b3e939fd-eb36-468b-9efe-5d0a1fdaa172@group-A69ABA2706CB-SegmentedRaftLogWorker] INFO  impl.PendingRequests (PendingRequests.java:sendNotLeaderResponses(202)) - b3e939fd-eb36-468b-9efe-5d0a1fdaa172-PendingRequests: sendNotLeaderResponses
2019-09-26 15:13:55,192 [b3e939fd-eb36-468b-9efe-5d0a1fdaa172@group-659098C9AEA4-SegmentedRaftLogWorker] INFO  impl.StateMachineUpdater (StateMachineUpdater.java:stopAndJoin(125)) - b3e939fd-eb36-468b-9efe-5d0a1fdaa172@group-659098C9AEA4-StateMachineUpdater: set stopIndex = -1
2019-09-26 15:13:55,193 [b3e939fd-eb36-468b-9efe-5d0a1fdaa172@group-659098C9AEA4-SegmentedRaftLogWorker] INFO  impl.RaftServerImpl (ServerState.java:close(385)) - b3e939fd-eb36-468b-9efe-5d0a1fdaa172@group-659098C9AEA4: closes. applyIndex: -1
2019-09-26 15:13:55,192 [b3e939fd-eb36-468b-9efe-5d0a1fdaa172@group-7BA823644DD2-SegmentedRaftLogWorker] ERROR segmented.SegmentedRaftLogWorker (SegmentedRaftLogWorker.java:run(323)) - b3e939fd-eb36-468b-9efe-5d0a1fdaa172@group-7BA823644DD2-SegmentedRaftLogWorker hit exception
java.lang.OutOfMemoryError: Direct buffer memory
	at java.nio.Bits.reserveMemory(Bits.java:666)
	at java.nio.DirectByteBuffer.<init>(DirectByteBuffer.java:123)
	at java.nio.ByteBuffer.allocateDirect(ByteBuffer.java:311)
	at org.apache.ratis.server.raftlog.segmented.BufferedWriteChannel.<init>(BufferedWriteChannel.java:41)
	at org.apache.ratis.server.raftlog.segmented.SegmentedRaftLogOutputStream.<init>(SegmentedRaftLogOutputStream.java:72)
	at org.apache.ratis.server.raftlog.segmented.SegmentedRaftLogWorker$StartLogSegment.execute(SegmentedRaftLogWorker.java:566)
	at org.apache.ratis.server.raftlog.segmented.SegmentedRaftLogWorker.run(SegmentedRaftLogWorker.java:289)
	at java.lang.Thread.run(Thread.java:748)
2019-09-26 15:13:55,003 [b3e939fd-eb36-468b-9efe-5d0a1fdaa172@group-5C693F90868A:LeaderElection290] INFO  impl.RaftServerImpl (ServerState.java:setRaftConf(354)) - b3e939fd-eb36-468b-9efe-5d0a1fdaa172@group-5C693F90868A: set configuration 0: [b3e939fd-eb36-468b-9efe-5d0a1fdaa172:192.168.151.99:45433], old=null at 0
2019-09-26 15:13:55,003 [b3e939fd-eb36-468b-9efe-5d0a1fdaa172@group-F11DE81BFF74:LeaderElection283] INFO  impl.RoleInfo (RoleInfo.java:updateAndGet(143)) - b3e939fd-eb36-468b-9efe-5d0a1fdaa172: start LeaderState
2019-09-26 15:13:55,002 [b3e939fd-eb36-468b-9efe-5d0a1fdaa172@group-82208FB82218-SegmentedRaftLogWorker] INFO  impl.PendingRequests (PendingRequests.java:sendNotLeaderResponses(202)) - b3e939fd-eb36-468b-9efe-5d0a1fdaa172-PendingRequests: sendNotLeaderResponses
2019-09-26 15:13:55,002 [b3e939fd-eb36-468b-9efe-5d0a1fdaa172@group-25745E01B0BD-SegmentedRaftLogWorker] ERROR segmented.SegmentedRaftLogWorker (SegmentedRaftLogWorker.java:run(323)) - b3e939fd-eb36-468b-9efe-5d0a1fdaa172@group-25745E01B0BD-SegmentedRaftLogWorker hit exception
java.lang.OutOfMemoryError: Direct buffer memory
	at java.nio.Bits.reserveMemory(Bits.java:666)
	at java.nio.DirectByteBuffer.<init>(DirectByteBuffer.java:123)
	at java.nio.ByteBuffer.allocateDirect(ByteBuffer.java:311)
	at org.apache.ratis.server.raftlog.segmented.BufferedWriteChannel.<init>(BufferedWriteChannel.java:41)
	at org.apache.ratis.server.raftlog.segmented.SegmentedRaftLogOutputStream.<init>(SegmentedRaftLogOutputStream.java:72)
	at org.apache.ratis.server.raftlog.segmented.SegmentedRaftLogWorker$StartLogSegment.execute(SegmentedRaftLogWorker.java:566)
	at org.apache.ratis.server.raftlog.segmented.SegmentedRaftLogWorker.run(SegmentedRaftLogWorker.java:289)
	at java.lang.Thread.run(Thread.java:748)
2019-09-26 15:13:55,002 [b3e939fd-eb36-468b-9efe-5d0a1fdaa172@group-9591EA67C8C0-SegmentedRaftLogWorker] ERROR segmented.SegmentedRaftLogWorker (SegmentedRaftLogWorker.java:run(323)) - b3e939fd-eb36-468b-9efe-5d0a1fdaa172@group-9591EA67C8C0-SegmentedRaftLogWorker hit exception
java.lang.OutOfMemoryError: Direct buffer memory
	at java.nio.Bits.reserveMemory(Bits.java:666)
	at java.nio.DirectByteBuffer.<init>(DirectByteBuffer.java:123)
	at java.nio.ByteBuffer.allocateDirect(ByteBuffer.java:311)
	at org.apache.ratis.server.raftlog.segmented.BufferedWriteChannel.<init>(BufferedWriteChannel.java:41)
	at org.apache.ratis.server.raftlog.segmented.SegmentedRaftLogOutputStream.<init>(SegmentedRaftLogOutputStream.java:72)
	at org.apache.ratis.server.raftlog.segmented.SegmentedRaftLogWorker$StartLogSegment.execute(SegmentedRaftLogWorker.java:566)
	at org.apache.ratis.server.raftlog.segmented.SegmentedRaftLogWorker.run(SegmentedRaftLogWorker.java:289)
	at java.lang.Thread.run(Thread.java:748)
2019-09-26 15:13:55,002 [b3e939fd-eb36-468b-9efe-5d0a1fdaa172@group-CD5FC8CEC3A3-SegmentedRaftLogWorker] ERROR segmented.SegmentedRaftLogWorker (SegmentedRaftLogWorker.java:run(323)) - b3e939fd-eb36-468b-9efe-5d0a1fdaa172@group-CD5FC8CEC3A3-SegmentedRaftLogWorker hit exception
java.lang.OutOfMemoryError: Direct buffer memory
	at java.nio.Bits.reserveMemory(Bits.java:666)
	at java.nio.DirectByteBuffer.<init>(DirectByteBuffer.java:123)
	at java.nio.ByteBuffer.allocateDirect(ByteBuffer.java:311)
	at org.apache.ratis.server.raftlog.segmented.BufferedWriteChannel.<init>(BufferedWriteChannel.java:41)
	at org.apache.ratis.server.raftlog.segmented.SegmentedRaftLogOutputStream.<init>(SegmentedRaftLogOutputStream.java:72)
	at org.apache.ratis.server.raftlog.segmented.SegmentedRaftLogWorker$StartLogSegment.execute(SegmentedRaftLogWorker.java:566)
	at org.apache.ratis.server.raftlog.segmented.SegmentedRaftLogWorker.run(SegmentedRaftLogWorker.java:289)
	at java.lang.Thread.run(Thread.java:748)
2019-09-26 15:13:55,412 [b3e939fd-eb36-468b-9efe-5d0a1fdaa172@group-CD5FC8CEC3A3-SegmentedRaftLogWorker] INFO  impl.RaftServerImpl (RaftServerImpl.java:lambda$shutdown$3(251)) - b3e939fd-eb36-468b-9efe-5d0a1fdaa172@group-CD5FC8CEC3A3: shutdown
2019-09-26 15:13:54,793 [b3e939fd-eb36-468b-9efe-5d0a1fdaa172@group-1BDA4246E368:LeaderElection286] INFO  impl.RoleInfo (RoleInfo.java:updateAndGet(143)) - b3e939fd-eb36-468b-9efe-5d0a1fdaa172: start LeaderState
2019-09-26 15:13:54,793 [b3e939fd-eb36-468b-9efe-5d0a1fdaa172@group-33913256AF98:LeaderElection298] INFO  segmented.SegmentedRaftLogWorker (SegmentedRaftLogWorker.java:startLogSegment(380)) - b3e939fd-eb36-468b-9efe-5d0a1fdaa172@group-33913256AF98-SegmentedRaftLogWorker: Starting segment from index:0
2019-09-26 15:13:54,793 [b3e939fd-eb36-468b-9efe-5d0a1fdaa172@group-92F7CC5958C9-SegmentedRaftLogWorker] INFO  impl.RoleInfo (RoleInfo.java:shutdownLeaderState(104)) - b3e939fd-eb36-468b-9efe-5d0a1fdaa172: shutdown LeaderState
2019-09-26 15:13:54,793 [b3e939fd-eb36-468b-9efe-5d0a1fdaa172@group-82F2C342C520:LeaderElection304] INFO  segmented.SegmentedRaftLogWorker (SegmentedRaftLogWorker.java:startLogSegment(380)) - b3e939fd-eb36-468b-9efe-5d0a1fdaa172@group-82F2C342C520-SegmentedRaftLogWorker: Starting segment from index:0
2019-09-26 15:13:54,793 [b3e939fd-eb36-468b-9efe-5d0a1fdaa172@group-B87D49FAC1EB-SegmentedRaftLogWorker] INFO  impl.PendingRequests (PendingRequests.java:sendNotLeaderResponses(202)) - b3e939fd-eb36-468b-9efe-5d0a1fdaa172-PendingRequests: sendNotLeaderResponses
2019-09-26 15:13:55,413 [b3e939fd-eb36-468b-9efe-5d0a1fdaa172@group-33913256AF98:LeaderElection298] INFO  impl.RaftServerImpl (ServerState.java:setRaftConf(354)) - b3e939fd-eb36-468b-9efe-5d0a1fdaa172@group-33913256AF98: set configuration 0: [b3e939fd-eb36-468b-9efe-5d0a1fdaa172:192.168.151.99:45433], old=null at 0
2019-09-26 15:13:54,792 [b3e939fd-eb36-468b-9efe-5d0a1fdaa172@group-C7BB781426AF:LeaderElection267] INFO  impl.RoleInfo (RoleInfo.java:updateAndGet(143)) - b3e939fd-eb36-468b-9efe-5d0a1fdaa172: start LeaderState
2019-09-26 15:13:54,792 [b3e939fd-eb36-468b-9efe-5d0a1fdaa172@group-A2BD7EF985B3-SegmentedRaftLogWorker] INFO  util.JmxRegister (JmxRegister.java:unregister(73)) - Successfully un-registered JMX Bean with object name Ratis:service=RaftServer,group=group-A2BD7EF985B3,id=b3e939fd-eb36-468b-9efe-5d0a1fdaa172
2019-09-26 15:13:55,798 [b3e939fd-eb36-468b-9efe-5d0a1fdaa172@group-A2BD7EF985B3-SegmentedRaftLogWorker] INFO  impl.RoleInfo (RoleInfo.java:shutdownLeaderState(104)) - b3e939fd-eb36-468b-9efe-5d0a1fdaa172: shutdown LeaderState
2019-09-26 15:13:55,798 [b3e939fd-eb36-468b-9efe-5d0a1fdaa172@group-A2BD7EF985B3-SegmentedRaftLogWorker] INFO  impl.PendingRequests (PendingRequests.java:sendNotLeaderResponses(202)) - b3e939fd-eb36-468b-9efe-5d0a1fdaa172-PendingRequests: sendNotLeaderResponses
2019-09-26 15:13:54,791 [b3e939fd-eb36-468b-9efe-5d0a1fdaa172@group-D591C59CFB86-SegmentedRaftLogWorker] ERROR segmented.SegmentedRaftLogWorker (SegmentedRaftLogWorker.java:run(323)) - b3e939fd-eb36-468b-9efe-5d0a1fdaa172@group-D591C59CFB86-SegmentedRaftLogWorker hit exception
java.lang.OutOfMemoryError: Direct buffer memory
	at java.nio.Bits.reserveMemory(Bits.java:666)
	at java.nio.DirectByteBuffer.<init>(DirectByteBuffer.java:123)
	at java.nio.ByteBuffer.allocateDirect(ByteBuffer.java:311)
	at org.apache.ratis.server.raftlog.segmented.BufferedWriteChannel.<init>(BufferedWriteChannel.java:41)
	at org.apache.ratis.server.raftlog.segmented.SegmentedRaftLogOutputStream.<init>(SegmentedRaftLogOutputStream.java:72)
	at org.apache.ratis.server.raftlog.segmented.SegmentedRaftLogWorker$StartLogSegment.execute(SegmentedRaftLogWorker.java:566)
	at org.apache.ratis.server.raftlog.segmented.SegmentedRaftLogWorker.run(SegmentedRaftLogWorker.java:289)
	at java.lang.Thread.run(Thread.java:748)
2019-09-26 15:13:55,799 [b3e939fd-eb36-468b-9efe-5d0a1fdaa172@group-D591C59CFB86-SegmentedRaftLogWorker] INFO  impl.RaftServerImpl (RaftServerImpl.java:lambda$shutdown$3(251)) - b3e939fd-eb36-468b-9efe-5d0a1fdaa172@group-D591C59CFB86: shutdown
2019-09-26 15:13:55,799 [b3e939fd-eb36-468b-9efe-5d0a1fdaa172@group-439DC12DB850:LeaderElection272] INFO  impl.RoleInfo (RoleInfo.java:updateAndGet(143)) - b3e939fd-eb36-468b-9efe-5d0a1fdaa172: start LeaderState
2019-09-26 15:13:55,800 [b3e939fd-eb36-468b-9efe-5d0a1fdaa172@group-439DC12DB850:LeaderElection272] INFO  segmented.SegmentedRaftLogWorker (SegmentedRaftLogWorker.java:startLogSegment(380)) - b3e939fd-eb36-468b-9efe-5d0a1fdaa172@group-439DC12DB850-SegmentedRaftLogWorker: Starting segment from index:0
2019-09-26 15:13:55,800 [b3e939fd-eb36-468b-9efe-5d0a1fdaa172@group-439DC12DB850:LeaderElection272] INFO  impl.RaftServerImpl (ServerState.java:setRaftConf(354)) - b3e939fd-eb36-468b-9efe-5d0a1fdaa172@group-439DC12DB850: set configuration 0: [b3e939fd-eb36-468b-9efe-5d0a1fdaa172:192.168.151.99:45433], old=null at 0
2019-09-26 15:13:55,800 [b3e939fd-eb36-468b-9efe-5d0a1fdaa172@group-ED5485EA5ACD:LeaderElection273] INFO  impl.RoleInfo (RoleInfo.java:updateAndGet(143)) - b3e939fd-eb36-468b-9efe-5d0a1fdaa172: start LeaderState
2019-09-26 15:13:55,800 [b3e939fd-eb36-468b-9efe-5d0a1fdaa172@group-D591C59CFB86-SegmentedRaftLogWorker] INFO  util.JmxRegister (JmxRegister.java:unregister(73)) - Successfully un-registered JMX Bean with object name Ratis:service=RaftServer,group=group-D591C59CFB86,id=b3e939fd-eb36-468b-9efe-5d0a1fdaa172
2019-09-26 15:13:55,801 [b3e939fd-eb36-468b-9efe-5d0a1fdaa172@group-D591C59CFB86-SegmentedRaftLogWorker] INFO  impl.RoleInfo (RoleInfo.java:shutdownLeaderState(104)) - b3e939fd-eb36-468b-9efe-5d0a1fdaa172: shutdown LeaderState
2019-09-26 15:13:55,801 [b3e939fd-eb36-468b-9efe-5d0a1fdaa172@group-D591C59CFB86-SegmentedRaftLogWorker] INFO  impl.PendingRequests (PendingRequests.java:sendNotLeaderResponses(202)) - b3e939fd-eb36-468b-9efe-5d0a1fdaa172-PendingRequests: sendNotLeaderResponses
2019-09-26 15:13:54,791 [b3e939fd-eb36-468b-9efe-5d0a1fdaa172@group-A909352B10E1-SegmentedRaftLogWorker] ERROR segmented.SegmentedRaftLogWorker (SegmentedRaftLogWorker.java:run(323)) - b3e939fd-eb36-468b-9efe-5d0a1fdaa172@group-A909352B10E1-SegmentedRaftLogWorker hit exception
java.lang.OutOfMemoryError: Direct buffer memory
	at java.nio.Bits.reserveMemory(Bits.java:666)
	at java.nio.DirectByteBuffer.<init>(DirectByteBuffer.java:123)
	at java.nio.ByteBuffer.allocateDirect(ByteBuffer.java:311)
	at org.apache.ratis.server.raftlog.segmented.BufferedWriteChannel.<init>(BufferedWriteChannel.java:41)
	at org.apache.ratis.server.raftlog.segmented.SegmentedRaftLogOutputStream.<init>(SegmentedRaftLogOutputStream.java:72)
	at org.apache.ratis.server.raftlog.segmented.SegmentedRaftLogWorker$StartLogSegment.execute(SegmentedRaftLogWorker.java:566)
	at org.apache.ratis.server.raftlog.segmented.SegmentedRaftLogWorker.run(SegmentedRaftLogWorker.java:289)
	at java.lang.Thread.run(Thread.java:748)
2019-09-26 15:13:54,553 [b3e939fd-eb36-468b-9efe-5d0a1fdaa172@group-2B1CE96F5305-SegmentedRaftLogWorker] INFO  impl.RaftServerImpl (RaftServerImpl.java:lambda$shutdown$3(251)) - b3e939fd-eb36-468b-9efe-5d0a1fdaa172@group-2B1CE96F5305: shutdown
2019-09-26 15:13:54,552 [b3e939fd-eb36-468b-9efe-5d0a1fdaa172@group-F3ED5FA15865:LeaderElection284] INFO  impl.RaftServerImpl (ServerState.java:setRaftConf(354)) - b3e939fd-eb36-468b-9efe-5d0a1fdaa172@group-F3ED5FA15865: set configuration 0: [b3e939fd-eb36-468b-9efe-5d0a1fdaa172:192.168.151.99:45433], old=null at 0
2019-09-26 15:13:55,802 [b3e939fd-eb36-468b-9efe-5d0a1fdaa172@group-8292B21D7178:LeaderElection309] INFO  impl.RoleInfo (RoleInfo.java:updateAndGet(143)) - b3e939fd-eb36-468b-9efe-5d0a1fdaa172: start LeaderState
2019-09-26 15:13:55,802 [b3e939fd-eb36-468b-9efe-5d0a1fdaa172@group-8292B21D7178:LeaderElection309] INFO  segmented.SegmentedRaftLogWorker (SegmentedRaftLogWorker.java:startLogSegment(380)) - b3e939fd-eb36-468b-9efe-5d0a1fdaa172@group-8292B21D7178-SegmentedRaftLogWorker: Starting segment from index:0
2019-09-26 15:13:54,552 [b3e939fd-eb36-468b-9efe-5d0a1fdaa172@group-5152959DB5D4-SegmentedRaftLogWorker] INFO  impl.RaftServerImpl (RaftServerImpl.java:lambda$shutdown$3(251)) - b3e939fd-eb36-468b-9efe-5d0a1fdaa172@group-5152959DB5D4: shutdown
2019-09-26 15:13:54,552 [b3e939fd-eb36-468b-9efe-5d0a1fdaa172@group-7F7680AB9573-SegmentedRaftLogWorker] INFO  util.JmxRegister (JmxRegister.java:unregister(73)) - Successfully un-registered JMX Bean with object name Ratis:service=RaftServer,group=group-7F7680AB9573,id=b3e939fd-eb36-468b-9efe-5d0a1fdaa172
2019-09-26 15:13:54,552 [b3e939fd-eb36-468b-9efe-5d0a1fdaa172@group-CA0F44176545:LeaderElection296] INFO  segmented.SegmentedRaftLogWorker (SegmentedRaftLogWorker.java:startLogSegment(380)) - b3e939fd-eb36-468b-9efe-5d0a1fdaa172@group-CA0F44176545-SegmentedRaftLogWorker: Starting segment from index:0
2019-09-26 15:13:54,552 [b3e939fd-eb36-468b-9efe-5d0a1fdaa172@group-4295C4227654-SegmentedRaftLogWorker] INFO  impl.RoleInfo (RoleInfo.java:shutdownLeaderState(104)) - b3e939fd-eb36-468b-9efe-5d0a1fdaa172: shutdown LeaderState
2019-09-26 15:13:54,552 [b3e939fd-eb36-468b-9efe-5d0a1fdaa172@group-98F9BF2BE007-SegmentedRaftLogWorker] INFO  segmented.SegmentedRaftLogWorker (SegmentedRaftLogWorker.java:close(228)) - b3e939fd-eb36-468b-9efe-5d0a1fdaa172@group-98F9BF2BE007-SegmentedRaftLogWorker close()
2019-09-26 15:13:56,416 [b3e939fd-eb36-468b-9efe-5d0a1fdaa172@group-CA0F44176545:LeaderElection296] INFO  impl.RaftServerImpl (ServerState.java:setRaftConf(354)) - b3e939fd-eb36-468b-9efe-5d0a1fdaa172@group-CA0F44176545: set configuration 0: [b3e939fd-eb36-468b-9efe-5d0a1fdaa172:192.168.151.99:45433], old=null at 0
2019-09-26 15:13:54,551 [b3e939fd-eb36-468b-9efe-5d0a1fdaa172@group-EEC0B09CDA31:LeaderElection280] INFO  impl.RoleInfo (RoleInfo.java:updateAndGet(143)) - b3e939fd-eb36-468b-9efe-5d0a1fdaa172: start LeaderState
2019-09-26 15:13:54,383 [b3e939fd-eb36-468b-9efe-5d0a1fdaa172@group-B6785E685516:LeaderElection313] INFO  segmented.SegmentedRaftLogWorker (SegmentedRaftLogWorker.java:startLogSegment(380)) - b3e939fd-eb36-468b-9efe-5d0a1fdaa172@group-B6785E685516-SegmentedRaftLogWorker: Starting segment from index:0
2019-09-26 15:13:54,380 [b3e939fd-eb36-468b-9efe-5d0a1fdaa172@group-6AE5FF705F7D-SegmentedRaftLogWorker] ERROR segmented.SegmentedRaftLogWorker (SegmentedRaftLogWorker.java:run(323)) - b3e939fd-eb36-468b-9efe-5d0a1fdaa172@group-6AE5FF705F7D-SegmentedRaftLogWorker hit exception
java.lang.OutOfMemoryError: Direct buffer memory
	at java.nio.Bits.reserveMemory(Bits.java:666)
	at java.nio.DirectByteBuffer.<init>(DirectByteBuffer.java:123)
	at java.nio.ByteBuffer.allocateDirect(ByteBuffer.java:311)
	at org.apache.ratis.server.raftlog.segmented.BufferedWriteChannel.<init>(BufferedWriteChannel.java:41)
	at org.apache.ratis.server.raftlog.segmented.SegmentedRaftLogOutputStream.<init>(SegmentedRaftLogOutputStream.java:72)
	at org.apache.ratis.server.raftlog.segmented.SegmentedRaftLogWorker$StartLogSegment.execute(SegmentedRaftLogWorker.java:566)
	at org.apache.ratis.server.raftlog.segmented.SegmentedRaftLogWorker.run(SegmentedRaftLogWorker.java:289)
	at java.lang.Thread.run(Thread.java:748)
2019-09-26 15:13:54,380 [b3e939fd-eb36-468b-9efe-5d0a1fdaa172@group-1A6945A2EB5D-SegmentedRaftLogWorker] ERROR segmented.SegmentedRaftLogWorker (SegmentedRaftLogWorker.java:run(323)) - b3e939fd-eb36-468b-9efe-5d0a1fdaa172@group-1A6945A2EB5D-SegmentedRaftLogWorker hit exception
java.lang.OutOfMemoryError: Direct buffer memory
	at java.nio.Bits.reserveMemory(Bits.java:666)
	at java.nio.DirectByteBuffer.<init>(DirectByteBuffer.java:123)
	at java.nio.ByteBuffer.allocateDirect(ByteBuffer.java:311)
	at org.apache.ratis.server.raftlog.segmented.BufferedWriteChannel.<init>(BufferedWriteChannel.java:41)
	at org.apache.ratis.server.raftlog.segmented.SegmentedRaftLogOutputStream.<init>(SegmentedRaftLogOutputStream.java:72)
	at org.apache.ratis.server.raftlog.segmented.SegmentedRaftLogWorker$StartLogSegment.execute(SegmentedRaftLogWorker.java:566)
	at org.apache.ratis.server.raftlog.segmented.SegmentedRaftLogWorker.run(SegmentedRaftLogWorker.java:289)
	at java.lang.Thread.run(Thread.java:748)
2019-09-26 15:13:54,205 [b3e939fd-eb36-468b-9efe-5d0a1fdaa172@group-B602AE1BC508:LeaderElection302] INFO  impl.RaftServerImpl (ServerState.java:setRaftConf(354)) - b3e939fd-eb36-468b-9efe-5d0a1fdaa172@group-B602AE1BC508: set configuration 0: [b3e939fd-eb36-468b-9efe-5d0a1fdaa172:192.168.151.99:45433], old=null at 0
2019-09-26 15:13:54,205 [b3e939fd-eb36-468b-9efe-5d0a1fdaa172@group-270C29ADC77F-SegmentedRaftLogWorker] INFO  segmented.SegmentedRaftLogWorker (SegmentedRaftLogWorker.java:close(228)) - b3e939fd-eb36-468b-9efe-5d0a1fdaa172@group-270C29ADC77F-SegmentedRaftLogWorker close()
2019-09-26 15:13:54,204 [b3e939fd-eb36-468b-9efe-5d0a1fdaa172@group-F4FE86D2BCDD:LeaderElection285] INFO  impl.RaftServerImpl (ServerState.java:setRaftConf(354)) - b3e939fd-eb36-468b-9efe-5d0a1fdaa172@group-F4FE86D2BCDD: set configuration 0: [b3e939fd-eb36-468b-9efe-5d0a1fdaa172:192.168.151.99:45433], old=null at 0
2019-09-26 15:13:54,204 [b3e939fd-eb36-468b-9efe-5d0a1fdaa172@group-68CC56D33CDB:LeaderElection268] INFO  impl.RoleInfo (RoleInfo.java:updateAndGet(143)) - b3e939fd-eb36-468b-9efe-5d0a1fdaa172: start LeaderState
2019-09-26 15:13:54,204 [b3e939fd-eb36-468b-9efe-5d0a1fdaa172@group-336DB84C1351-SegmentedRaftLogWorker] INFO  segmented.SegmentedRaftLogWorker (SegmentedRaftLogWorker.java:close(228)) - b3e939fd-eb36-468b-9efe-5d0a1fdaa172@group-336DB84C1351-SegmentedRaftLogWorker close()
2019-09-26 15:13:54,204 [b3e939fd-eb36-468b-9efe-5d0a1fdaa172@group-752F8CC2B31E:LeaderElection287] INFO  segmented.SegmentedRaftLogWorker (SegmentedRaftLogWorker.java:startLogSegment(380)) - b3e939fd-eb36-468b-9efe-5d0a1fdaa172@group-752F8CC2B31E-SegmentedRaftLogWorker: Starting segment from index:0
2019-09-26 15:13:56,831 [b3e939fd-eb36-468b-9efe-5d0a1fdaa172@group-68CC56D33CDB:LeaderElection268] INFO  segmented.SegmentedRaftLogWorker (SegmentedRaftLogWorker.java:startLogSegment(380)) - b3e939fd-eb36-468b-9efe-5d0a1fdaa172@group-68CC56D33CDB-SegmentedRaftLogWorker: Starting segment from index:0
2019-09-26 15:13:56,830 [b3e939fd-eb36-468b-9efe-5d0a1fdaa172@group-1A6945A2EB5D-SegmentedRaftLogWorker] INFO  impl.RaftServerImpl (RaftServerImpl.java:lambda$shutdown$3(251)) - b3e939fd-eb36-468b-9efe-5d0a1fdaa172@group-1A6945A2EB5D: shutdown
2019-09-26 15:13:56,417 [b3e939fd-eb36-468b-9efe-5d0a1fdaa172@group-6AE5FF705F7D-SegmentedRaftLogWorker] INFO  impl.RaftServerImpl (RaftServerImpl.java:lambda$shutdown$3(251)) - b3e939fd-eb36-468b-9efe-5d0a1fdaa172@group-6AE5FF705F7D: shutdown
2019-09-26 15:13:56,417 [b3e939fd-eb36-468b-9efe-5d0a1fdaa172@group-B6785E685516:LeaderElection313] INFO  impl.RaftServerImpl (ServerState.java:setRaftConf(354)) - b3e939fd-eb36-468b-9efe-5d0a1fdaa172@group-B6785E685516: set configuration 0: [b3e939fd-eb36-468b-9efe-5d0a1fdaa172:192.168.151.99:45433], old=null at 0
2019-09-26 15:13:56,417 [b3e939fd-eb36-468b-9efe-5d0a1fdaa172@group-EEC0B09CDA31:LeaderElection280] INFO  segmented.SegmentedRaftLogWorker (SegmentedRaftLogWorker.java:startLogSegment(380)) - b3e939fd-eb36-468b-9efe-5d0a1fdaa172@group-EEC0B09CDA31-SegmentedRaftLogWorker: Starting segment from index:0
2019-09-26 15:13:57,050 [b3e939fd-eb36-468b-9efe-5d0a1fdaa172@group-68CC56D33CDB:LeaderElection268] INFO  impl.RaftServerImpl (ServerState.java:setRaftConf(354)) - b3e939fd-eb36-468b-9efe-5d0a1fdaa172@group-68CC56D33CDB: set configuration 0: [b3e939fd-eb36-468b-9efe-5d0a1fdaa172:192.168.151.99:45433], old=null at 0
2019-09-26 15:13:56,416 [b3e939fd-eb36-468b-9efe-5d0a1fdaa172@group-4295C4227654-SegmentedRaftLogWorker] INFO  impl.PendingRequests (PendingRequests.java:sendNotLeaderResponses(202)) - b3e939fd-eb36-468b-9efe-5d0a1fdaa172-PendingRequests: sendNotLeaderResponses
2019-09-26 15:13:56,416 [b3e939fd-eb36-468b-9efe-5d0a1fdaa172@group-90AE5373EB22:LeaderElection316] INFO  impl.RoleInfo (RoleInfo.java:updateAndGet(143)) - b3e939fd-eb36-468b-9efe-5d0a1fdaa172: start LeaderState
2019-09-26 15:13:56,416 [b3e939fd-eb36-468b-9efe-5d0a1fdaa172@group-D78821ACB67A:LeaderElection275] INFO  impl.RoleInfo (RoleInfo.java:updateAndGet(143)) - b3e939fd-eb36-468b-9efe-5d0a1fdaa172: start LeaderState
2019-09-26 15:13:56,416 [b3e939fd-eb36-468b-9efe-5d0a1fdaa172@group-84DF8E7A77E0:LeaderElection282] INFO  impl.RoleInfo (RoleInfo.java:updateAndGet(143)) - b3e939fd-eb36-468b-9efe-5d0a1fdaa172: start LeaderState
2019-09-26 15:13:56,416 [b3e939fd-eb36-468b-9efe-5d0a1fdaa172@group-5152959DB5D4-SegmentedRaftLogWorker] INFO  util.JmxRegister (JmxRegister.java:unregister(73)) - Successfully un-registered JMX Bean with object name Ratis:service=RaftServer,group=group-5152959DB5D4,id=b3e939fd-eb36-468b-9efe-5d0a1fdaa172
2019-09-26 15:13:57,454 [b3e939fd-eb36-468b-9efe-5d0a1fdaa172@group-84DF8E7A77E0:LeaderElection282] INFO  segmented.SegmentedRaftLogWorker (SegmentedRaftLogWorker.java:startLogSegment(380)) - b3e939fd-eb36-468b-9efe-5d0a1fdaa172@group-84DF8E7A77E0-SegmentedRaftLogWorker: Starting segment from index:0
2019-09-26 15:13:56,416 [b3e939fd-eb36-468b-9efe-5d0a1fdaa172@group-7F7680AB9573-SegmentedRaftLogWorker] INFO  impl.RoleInfo (RoleInfo.java:shutdownLeaderState(104)) - b3e939fd-eb36-468b-9efe-5d0a1fdaa172: shutdown LeaderState
2019-09-26 15:13:56,412 [b3e939fd-eb36-468b-9efe-5d0a1fdaa172@group-F4FE86D2BCDD-SegmentedRaftLogWorker] ERROR segmented.SegmentedRaftLogWorker (SegmentedRaftLogWorker.java:run(323)) - b3e939fd-eb36-468b-9efe-5d0a1fdaa172@group-F4FE86D2BCDD-SegmentedRaftLogWorker hit exception
java.lang.OutOfMemoryError: Direct buffer memory
	at java.nio.Bits.reserveMemory(Bits.java:666)
	at java.nio.DirectByteBuffer.<init>(DirectByteBuffer.java:123)
	at java.nio.ByteBuffer.allocateDirect(ByteBuffer.java:311)
	at org.apache.ratis.server.raftlog.segmented.BufferedWriteChannel.<init>(BufferedWriteChannel.java:41)
	at org.apache.ratis.server.raftlog.segmented.SegmentedRaftLogOutputStream.<init>(SegmentedRaftLogOutputStream.java:72)
	at org.apache.ratis.server.raftlog.segmented.SegmentedRaftLogWorker$StartLogSegment.execute(SegmentedRaftLogWorker.java:566)
	at org.apache.ratis.server.raftlog.segmented.SegmentedRaftLogWorker.run(SegmentedRaftLogWorker.java:289)
	at java.lang.Thread.run(Thread.java:748)
2019-09-26 15:13:56,411 [b3e939fd-eb36-468b-9efe-5d0a1fdaa172@group-3BF504006062-SegmentedRaftLogWorker] ERROR segmented.SegmentedRaftLogWorker (SegmentedRaftLogWorker.java:run(323)) - b3e939fd-eb36-468b-9efe-5d0a1fdaa172@group-3BF504006062-SegmentedRaftLogWorker hit exception
java.lang.OutOfMemoryError: Direct buffer memory
	at java.nio.Bits.reserveMemory(Bits.java:666)
	at java.nio.DirectByteBuffer.<init>(DirectByteBuffer.java:123)
	at java.nio.ByteBuffer.allocateDirect(ByteBuffer.java:311)
	at org.apache.ratis.server.raftlog.segmented.BufferedWriteChannel.<init>(BufferedWriteChannel.java:41)
	at org.apache.ratis.server.raftlog.segmented.SegmentedRaftLogOutputStream.<init>(SegmentedRaftLogOutputStream.java:72)
	at org.apache.ratis.server.raftlog.segmented.SegmentedRaftLogWorker$StartLogSegment.execute(SegmentedRaftLogWorker.java:566)
	at org.apache.ratis.server.raftlog.segmented.SegmentedRaftLogWorker.run(SegmentedRaftLogWorker.java:289)
	at java.lang.Thread.run(Thread.java:748)
2019-09-26 15:13:55,802 [b3e939fd-eb36-468b-9efe-5d0a1fdaa172@group-DEE462ADEC0E:LeaderElection297] INFO  impl.RoleInfo (RoleInfo.java:updateAndGet(143)) - b3e939fd-eb36-468b-9efe-5d0a1fdaa172: start LeaderState
2019-09-26 15:13:55,802 [b3e939fd-eb36-468b-9efe-5d0a1fdaa172@group-8292B21D7178:LeaderElection309] INFO  impl.RaftServerImpl (ServerState.java:setRaftConf(354)) - b3e939fd-eb36-468b-9efe-5d0a1fdaa172@group-8292B21D7178: set configuration 0: [b3e939fd-eb36-468b-9efe-5d0a1fdaa172:192.168.151.99:45433], old=null at 0
2019-09-26 15:13:55,802 [b3e939fd-eb36-468b-9efe-5d0a1fdaa172@group-84E520E4AB54:LeaderElection271] INFO  impl.RoleInfo (RoleInfo.java:updateAndGet(143)) - b3e939fd-eb36-468b-9efe-5d0a1fdaa172: start LeaderState
2019-09-26 15:13:55,802 [b3e939fd-eb36-468b-9efe-5d0a1fdaa172@group-2B1CE96F5305-SegmentedRaftLogWorker] INFO  util.JmxRegister (JmxRegister.java:unregister(73)) - Successfully un-registered JMX Bean with object name Ratis:service=RaftServer,group=group-2B1CE96F5305,id=b3e939fd-eb36-468b-9efe-5d0a1fdaa172
2019-09-26 15:13:55,801 [b3e939fd-eb36-468b-9efe-5d0a1fdaa172@group-A909352B10E1-SegmentedRaftLogWorker] INFO  impl.RaftServerImpl (RaftServerImpl.java:lambda$shutdown$3(251)) - b3e939fd-eb36-468b-9efe-5d0a1fdaa172@group-A909352B10E1: shutdown
2019-09-26 15:13:55,801 [b3e939fd-eb36-468b-9efe-5d0a1fdaa172@group-D591C59CFB86-SegmentedRaftLogWorker] INFO  impl.StateMachineUpdater (StateMachineUpdater.java:stopAndJoin(125)) - b3e939fd-eb36-468b-9efe-5d0a1fdaa172@group-D591C59CFB86-StateMachineUpdater: set stopIndex = -1
2019-09-26 15:13:57,634 [b3e939fd-eb36-468b-9efe-5d0a1fdaa172@group-D591C59CFB86-SegmentedRaftLogWorker] INFO  impl.RaftServerImpl (ServerState.java:close(385)) - b3e939fd-eb36-468b-9efe-5d0a1fdaa172@group-D591C59CFB86: closes. applyIndex: -1
2019-09-26 15:13:55,801 [b3e939fd-eb36-468b-9efe-5d0a1fdaa172@group-74AE591B69F2:LeaderElection311] INFO  impl.RoleInfo (RoleInfo.java:updateAndGet(143)) - b3e939fd-eb36-468b-9efe-5d0a1fdaa172: start LeaderState
2019-09-26 15:13:55,801 [b3e939fd-eb36-468b-9efe-5d0a1fdaa172@group-E00230405E12:LeaderElection291] INFO  impl.RoleInfo (RoleInfo.java:updateAndGet(143)) - b3e939fd-eb36-468b-9efe-5d0a1fdaa172: start LeaderState
2019-09-26 15:13:55,801 [b3e939fd-eb36-468b-9efe-5d0a1fdaa172@group-D363040DAF31:LeaderElection315] INFO  impl.RoleInfo (RoleInfo.java:updateAndGet(143)) - b3e939fd-eb36-468b-9efe-5d0a1fdaa172: start LeaderState
2019-09-26 15:13:55,800 [b3e939fd-eb36-468b-9efe-5d0a1fdaa172@group-ED5485EA5ACD:LeaderElection273] INFO  segmented.SegmentedRaftLogWorker (SegmentedRaftLogWorker.java:startLogSegment(380)) - b3e939fd-eb36-468b-9efe-5d0a1fdaa172@group-ED5485EA5ACD-SegmentedRaftLogWorker: Starting segment from index:0
2019-09-26 15:13:55,799 [b3e939fd-eb36-468b-9efe-5d0a1fdaa172@group-0531D8DEB565:LeaderElection270] INFO  impl.RoleInfo (RoleInfo.java:updateAndGet(143)) - b3e939fd-eb36-468b-9efe-5d0a1fdaa172: start LeaderState
2019-09-26 15:13:55,798 [b3e939fd-eb36-468b-9efe-5d0a1fdaa172@group-A2BD7EF985B3-SegmentedRaftLogWorker] INFO  impl.StateMachineUpdater (StateMachineUpdater.java:stopAndJoin(125)) - b3e939fd-eb36-468b-9efe-5d0a1fdaa172@group-A2BD7EF985B3-StateMachineUpdater: set stopIndex = -1
2019-09-26 15:13:57,635 [b3e939fd-eb36-468b-9efe-5d0a1fdaa172@group-A2BD7EF985B3-SegmentedRaftLogWorker] INFO  impl.RaftServerImpl (ServerState.java:close(385)) - b3e939fd-eb36-468b-9efe-5d0a1fdaa172@group-A2BD7EF985B3: closes. applyIndex: -1
2019-09-26 15:13:55,798 [b3e939fd-eb36-468b-9efe-5d0a1fdaa172@group-711EE27C9E35:LeaderElection303] INFO  impl.RoleInfo (RoleInfo.java:updateAndGet(143)) - b3e939fd-eb36-468b-9efe-5d0a1fdaa172: start LeaderState
2019-09-26 15:13:55,798 [b3e939fd-eb36-468b-9efe-5d0a1fdaa172@group-CD5FC8CEC3A3-SegmentedRaftLogWorker] INFO  util.JmxRegister (JmxRegister.java:unregister(73)) - Successfully un-registered JMX Bean with object name Ratis:service=RaftServer,group=group-CD5FC8CEC3A3,id=b3e939fd-eb36-468b-9efe-5d0a1fdaa172
2019-09-26 15:13:57,838 [b3e939fd-eb36-468b-9efe-5d0a1fdaa172@group-CD5FC8CEC3A3-SegmentedRaftLogWorker] INFO  impl.RoleInfo (RoleInfo.java:shutdownLeaderState(104)) - b3e939fd-eb36-468b-9efe-5d0a1fdaa172: shutdown LeaderState
2019-09-26 15:13:55,798 [b3e939fd-eb36-468b-9efe-5d0a1fdaa172@group-302304666DE6-SegmentedRaftLogWorker] ERROR segmented.SegmentedRaftLogWorker (SegmentedRaftLogWorker.java:run(323)) - b3e939fd-eb36-468b-9efe-5d0a1fdaa172@group-302304666DE6-SegmentedRaftLogWorker hit exception
java.lang.OutOfMemoryError: Direct buffer memory
	at java.nio.Bits.reserveMemory(Bits.java:666)
	at java.nio.DirectByteBuffer.<init>(DirectByteBuffer.java:123)
	at java.nio.ByteBuffer.allocateDirect(ByteBuffer.java:311)
	at org.apache.ratis.server.raftlog.segmented.BufferedWriteChannel.<init>(BufferedWriteChannel.java:41)
	at org.apache.ratis.server.raftlog.segmented.SegmentedRaftLogOutputStream.<init>(SegmentedRaftLogOutputStream.java:72)
	at org.apache.ratis.server.raftlog.segmented.SegmentedRaftLogWorker$StartLogSegment.execute(SegmentedRaftLogWorker.java:566)
	at org.apache.ratis.server.raftlog.segmented.SegmentedRaftLogWorker.run(SegmentedRaftLogWorker.java:289)
	at java.lang.Thread.run(Thread.java:748)
2019-09-26 15:13:55,413 [b3e939fd-eb36-468b-9efe-5d0a1fdaa172@group-82F2C342C520:LeaderElection304] INFO  impl.RaftServerImpl (ServerState.java:setRaftConf(354)) - b3e939fd-eb36-468b-9efe-5d0a1fdaa172@group-82F2C342C520: set configuration 0: [b3e939fd-eb36-468b-9efe-5d0a1fdaa172:192.168.151.99:45433], old=null at 0
2019-09-26 15:13:55,413 [b3e939fd-eb36-468b-9efe-5d0a1fdaa172@group-C7BB781426AF:LeaderElection267] INFO  segmented.SegmentedRaftLogWorker (SegmentedRaftLogWorker.java:startLogSegment(380)) - b3e939fd-eb36-468b-9efe-5d0a1fdaa172@group-C7BB781426AF-SegmentedRaftLogWorker: Starting segment from index:0
2019-09-26 15:13:55,413 [b3e939fd-eb36-468b-9efe-5d0a1fdaa172@group-B87D49FAC1EB-SegmentedRaftLogWorker] INFO  impl.StateMachineUpdater (StateMachineUpdater.java:stopAndJoin(125)) - b3e939fd-eb36-468b-9efe-5d0a1fdaa172@group-B87D49FAC1EB-StateMachineUpdater: set stopIndex = -1
2019-09-26 15:13:55,413 [b3e939fd-eb36-468b-9efe-5d0a1fdaa172@group-71A36764AA64:LeaderElection300] INFO  impl.RoleInfo (RoleInfo.java:updateAndGet(143)) - b3e939fd-eb36-468b-9efe-5d0a1fdaa172: start LeaderState
2019-09-26 15:13:55,413 [b3e939fd-eb36-468b-9efe-5d0a1fdaa172@group-92F7CC5958C9-SegmentedRaftLogWorker] INFO  impl.PendingRequests (PendingRequests.java:sendNotLeaderResponses(202)) - b3e939fd-eb36-468b-9efe-5d0a1fdaa172-PendingRequests: sendNotLeaderResponses
2019-09-26 15:13:55,412 [b3e939fd-eb36-468b-9efe-5d0a1fdaa172@group-1BDA4246E368:LeaderElection286] INFO  segmented.SegmentedRaftLogWorker (SegmentedRaftLogWorker.java:startLogSegment(380)) - b3e939fd-eb36-468b-9efe-5d0a1fdaa172@group-1BDA4246E368-SegmentedRaftLogWorker: Starting segment from index:0
2019-09-26 15:13:55,412 [b3e939fd-eb36-468b-9efe-5d0a1fdaa172@group-74515BDB2857:LeaderElection277] INFO  impl.RoleInfo (RoleInfo.java:updateAndGet(143)) - b3e939fd-eb36-468b-9efe-5d0a1fdaa172: start LeaderState
2019-09-26 15:13:55,412 [b3e939fd-eb36-468b-9efe-5d0a1fdaa172@group-9591EA67C8C0-SegmentedRaftLogWorker] INFO  impl.RaftServerImpl (RaftServerImpl.java:lambda$shutdown$3(251)) - b3e939fd-eb36-468b-9efe-5d0a1fdaa172@group-9591EA67C8C0: shutdown
2019-09-26 15:13:55,412 [b3e939fd-eb36-468b-9efe-5d0a1fdaa172@group-25745E01B0BD-SegmentedRaftLogWorker] INFO  impl.RaftServerImpl (RaftServerImpl.java:lambda$shutdown$3(251)) - b3e939fd-eb36-468b-9efe-5d0a1fdaa172@group-25745E01B0BD: shutdown
2019-09-26 15:13:58,255 [b3e939fd-eb36-468b-9efe-5d0a1fdaa172@group-9591EA67C8C0-SegmentedRaftLogWorker] INFO  util.JmxRegister (JmxRegister.java:unregister(73)) - Successfully un-registered JMX Bean with object name Ratis:service=RaftServer,group=group-9591EA67C8C0,id=b3e939fd-eb36-468b-9efe-5d0a1fdaa172
2019-09-26 15:13:55,411 [b3e939fd-eb36-468b-9efe-5d0a1fdaa172@group-82208FB82218-SegmentedRaftLogWorker] INFO  impl.StateMachineUpdater (StateMachineUpdater.java:stopAndJoin(125)) - b3e939fd-eb36-468b-9efe-5d0a1fdaa172@group-82208FB82218-StateMachineUpdater: set stopIndex = -1
2019-09-26 15:13:55,411 [b3e939fd-eb36-468b-9efe-5d0a1fdaa172@group-F11DE81BFF74:LeaderElection283] INFO  segmented.SegmentedRaftLogWorker (SegmentedRaftLogWorker.java:startLogSegment(380)) - b3e939fd-eb36-468b-9efe-5d0a1fdaa172@group-F11DE81BFF74-SegmentedRaftLogWorker: Starting segment from index:0
2019-09-26 15:13:55,411 [b3e939fd-eb36-468b-9efe-5d0a1fdaa172@group-ECF09D41D404:LeaderElection278] INFO  impl.RoleInfo (RoleInfo.java:updateAndGet(143)) - b3e939fd-eb36-468b-9efe-5d0a1fdaa172: start LeaderState
2019-09-26 15:13:55,411 [b3e939fd-eb36-468b-9efe-5d0a1fdaa172@group-7BA823644DD2-SegmentedRaftLogWorker] INFO  impl.RaftServerImpl (RaftServerImpl.java:lambda$shutdown$3(251)) - b3e939fd-eb36-468b-9efe-5d0a1fdaa172@group-7BA823644DD2: shutdown
2019-09-26 15:13:55,409 [b3e939fd-eb36-468b-9efe-5d0a1fdaa172@group-05F1D5DB38B1-SegmentedRaftLogWorker] ERROR segmented.SegmentedRaftLogWorker (SegmentedRaftLogWorker.java:run(323)) - b3e939fd-eb36-468b-9efe-5d0a1fdaa172@group-05F1D5DB38B1-SegmentedRaftLogWorker hit exception
java.lang.OutOfMemoryError: Direct buffer memory
	at java.nio.Bits.reserveMemory(Bits.java:666)
	at java.nio.DirectByteBuffer.<init>(DirectByteBuffer.java:123)
	at java.nio.ByteBuffer.allocateDirect(ByteBuffer.java:311)
	at org.apache.ratis.server.raftlog.segmented.BufferedWriteChannel.<init>(BufferedWriteChannel.java:41)
	at org.apache.ratis.server.raftlog.segmented.SegmentedRaftLogOutputStream.<init>(SegmentedRaftLogOutputStream.java:72)
	at org.apache.ratis.server.raftlog.segmented.SegmentedRaftLogWorker$StartLogSegment.execute(SegmentedRaftLogWorker.java:566)
	at org.apache.ratis.server.raftlog.segmented.SegmentedRaftLogWorker.run(SegmentedRaftLogWorker.java:289)
	at java.lang.Thread.run(Thread.java:748)
2019-09-26 15:13:58,470 [b3e939fd-eb36-468b-9efe-5d0a1fdaa172@group-05F1D5DB38B1-SegmentedRaftLogWorker] INFO  impl.RaftServerImpl (RaftServerImpl.java:lambda$shutdown$3(251)) - b3e939fd-eb36-468b-9efe-5d0a1fdaa172@group-05F1D5DB38B1: shutdown
2019-09-26 15:13:58,471 [b3e939fd-eb36-468b-9efe-5d0a1fdaa172@group-05F1D5DB38B1-SegmentedRaftLogWorker] INFO  util.JmxRegister (JmxRegister.java:unregister(73)) - Successfully un-registered JMX Bean with object name Ratis:service=RaftServer,group=group-05F1D5DB38B1,id=b3e939fd-eb36-468b-9efe-5d0a1fdaa172
2019-09-26 15:13:58,471 [b3e939fd-eb36-468b-9efe-5d0a1fdaa172@group-05F1D5DB38B1-SegmentedRaftLogWorker] INFO  impl.RoleInfo (RoleInfo.java:shutdownLeaderState(104)) - b3e939fd-eb36-468b-9efe-5d0a1fdaa172: shutdown LeaderState
2019-09-26 15:13:58,471 [b3e939fd-eb36-468b-9efe-5d0a1fdaa172@group-05F1D5DB38B1-SegmentedRaftLogWorker] INFO  impl.PendingRequests (PendingRequests.java:sendNotLeaderResponses(202)) - b3e939fd-eb36-468b-9efe-5d0a1fdaa172-PendingRequests: sendNotLeaderResponses
2019-09-26 15:13:58,471 [b3e939fd-eb36-468b-9efe-5d0a1fdaa172@group-05F1D5DB38B1-SegmentedRaftLogWorker] INFO  impl.StateMachineUpdater (StateMachineUpdater.java:stopAndJoin(125)) - b3e939fd-eb36-468b-9efe-5d0a1fdaa172@group-05F1D5DB38B1-StateMachineUpdater: set stopIndex = -1
2019-09-26 15:13:55,193 [b3e939fd-eb36-468b-9efe-5d0a1fdaa172@group-659098C9AEA4-SegmentedRaftLogWorker] INFO  segmented.SegmentedRaftLogWorker (SegmentedRaftLogWorker.java:close(228)) - b3e939fd-eb36-468b-9efe-5d0a1fdaa172@group-659098C9AEA4-SegmentedRaftLogWorker close()
2019-09-26 15:13:55,193 [b3e939fd-eb36-468b-9efe-5d0a1fdaa172@group-1B7B953A35B5:LeaderElection281] INFO  impl.RoleInfo (RoleInfo.java:updateAndGet(143)) - b3e939fd-eb36-468b-9efe-5d0a1fdaa172: start LeaderState
2019-09-26 15:13:58,472 [b3e939fd-eb36-468b-9efe-5d0a1fdaa172@group-1B7B953A35B5:LeaderElection281] INFO  segmented.SegmentedRaftLogWorker (SegmentedRaftLogWorker.java:startLogSegment(380)) - b3e939fd-eb36-468b-9efe-5d0a1fdaa172@group-1B7B953A35B5-SegmentedRaftLogWorker: Starting segment from index:0
2019-09-26 15:13:55,193 [b3e939fd-eb36-468b-9efe-5d0a1fdaa172@group-A69ABA2706CB-SegmentedRaftLogWorker] INFO  impl.StateMachineUpdater (StateMachineUpdater.java:stopAndJoin(125)) - b3e939fd-eb36-468b-9efe-5d0a1fdaa172@group-A69ABA2706CB-StateMachineUpdater: set stopIndex = -1
2019-09-26 15:13:58,472 [b3e939fd-eb36-468b-9efe-5d0a1fdaa172@group-A69ABA2706CB-SegmentedRaftLogWorker] INFO  impl.RaftServerImpl (ServerState.java:close(385)) - b3e939fd-eb36-468b-9efe-5d0a1fdaa172@group-A69ABA2706CB: closes. applyIndex: -1
2019-09-26 15:13:55,193 [b3e939fd-eb36-468b-9efe-5d0a1fdaa172@group-7ED9DECB8A6B:LeaderElection288] INFO  impl.RaftServerImpl (ServerState.java:setRaftConf(354)) - b3e939fd-eb36-468b-9efe-5d0a1fdaa172@group-7ED9DECB8A6B: set configuration 0: [b3e939fd-eb36-468b-9efe-5d0a1fdaa172:192.168.151.99:45433], old=null at 0
2019-09-26 15:13:58,472 [b3e939fd-eb36-468b-9efe-5d0a1fdaa172@group-A69ABA2706CB-SegmentedRaftLogWorker] INFO  segmented.SegmentedRaftLogWorker (SegmentedRaftLogWorker.java:close(228)) - b3e939fd-eb36-468b-9efe-5d0a1fdaa172@group-A69ABA2706CB-SegmentedRaftLogWorker close()
2019-09-26 15:13:58,255 [b3e939fd-eb36-468b-9efe-5d0a1fdaa172@group-F11DE81BFF74:LeaderElection283] INFO  impl.RaftServerImpl (ServerState.java:setRaftConf(354)) - b3e939fd-eb36-468b-9efe-5d0a1fdaa172@group-F11DE81BFF74: set configuration 0: [b3e939fd-eb36-468b-9efe-5d0a1fdaa172:192.168.151.99:45433], old=null at 0
2019-09-26 15:13:58,700 [b3e939fd-eb36-468b-9efe-5d0a1fdaa172@group-05F1D5DB38B1-SegmentedRaftLogWorker] INFO  impl.RaftServerImpl (ServerState.java:close(385)) - b3e939fd-eb36-468b-9efe-5d0a1fdaa172@group-05F1D5DB38B1: closes. applyIndex: -1
2019-09-26 15:13:58,255 [b3e939fd-eb36-468b-9efe-5d0a1fdaa172@group-7BA823644DD2-SegmentedRaftLogWorker] INFO  util.JmxRegister (JmxRegister.java:unregister(73)) - Successfully un-registered JMX Bean with object name Ratis:service=RaftServer,group=group-7BA823644DD2,id=b3e939fd-eb36-468b-9efe-5d0a1fdaa172
2019-09-26 15:13:58,255 [b3e939fd-eb36-468b-9efe-5d0a1fdaa172@group-ECF09D41D404:LeaderElection278] INFO  segmented.SegmentedRaftLogWorker (SegmentedRaftLogWorker.java:startLogSegment(380)) - b3e939fd-eb36-468b-9efe-5d0a1fdaa172@group-ECF09D41D404-SegmentedRaftLogWorker: Starting segment from index:0
2019-09-26 15:13:58,255 [b3e939fd-eb36-468b-9efe-5d0a1fdaa172@group-82208FB82218-SegmentedRaftLogWorker] INFO  impl.RaftServerImpl (ServerState.java:close(385)) - b3e939fd-eb36-468b-9efe-5d0a1fdaa172@group-82208FB82218: closes. applyIndex: -1
2019-09-26 15:13:58,255 [b3e939fd-eb36-468b-9efe-5d0a1fdaa172@group-9591EA67C8C0-SegmentedRaftLogWorker] INFO  impl.RoleInfo (RoleInfo.java:shutdownLeaderState(104)) - b3e939fd-eb36-468b-9efe-5d0a1fdaa172: shutdown LeaderState
2019-09-26 15:13:58,255 [b3e939fd-eb36-468b-9efe-5d0a1fdaa172@group-25745E01B0BD-SegmentedRaftLogWorker] INFO  util.JmxRegister (JmxRegister.java:unregister(73)) - Successfully un-registered JMX Bean with object name Ratis:service=RaftServer,group=group-25745E01B0BD,id=b3e939fd-eb36-468b-9efe-5d0a1fdaa172
2019-09-26 15:13:58,254 [b3e939fd-eb36-468b-9efe-5d0a1fdaa172@group-CA0F44176545-SegmentedRaftLogWorker] ERROR segmented.SegmentedRaftLogWorker (SegmentedRaftLogWorker.java:run(323)) - b3e939fd-eb36-468b-9efe-5d0a1fdaa172@group-CA0F44176545-SegmentedRaftLogWorker hit exception
java.lang.OutOfMemoryError: Direct buffer memory
	at java.nio.Bits.reserveMemory(Bits.java:666)
	at java.nio.DirectByteBuffer.<init>(DirectByteBuffer.java:123)
	at java.nio.ByteBuffer.allocateDirect(ByteBuffer.java:311)
	at org.apache.ratis.server.raftlog.segmented.BufferedWriteChannel.<init>(BufferedWriteChannel.java:41)
	at org.apache.ratis.server.raftlog.segmented.SegmentedRaftLogOutputStream.<init>(SegmentedRaftLogOutputStream.java:72)
	at org.apache.ratis.server.raftlog.segmented.SegmentedRaftLogWorker$StartLogSegment.execute(SegmentedRaftLogWorker.java:566)
	at org.apache.ratis.server.raftlog.segmented.SegmentedRaftLogWorker.run(SegmentedRaftLogWorker.java:289)
	at java.lang.Thread.run(Thread.java:748)
2019-09-26 15:13:58,254 [b3e939fd-eb36-468b-9efe-5d0a1fdaa172@group-68CC56D33CDB-SegmentedRaftLogWorker] ERROR segmented.SegmentedRaftLogWorker (SegmentedRaftLogWorker.java:run(323)) - b3e939fd-eb36-468b-9efe-5d0a1fdaa172@group-68CC56D33CDB-SegmentedRaftLogWorker hit exception
java.lang.OutOfMemoryError: Direct buffer memory
	at java.nio.Bits.reserveMemory(Bits.java:666)
	at java.nio.DirectByteBuffer.<init>(DirectByteBuffer.java:123)
	at java.nio.ByteBuffer.allocateDirect(ByteBuffer.java:311)
	at org.apache.ratis.server.raftlog.segmented.BufferedWriteChannel.<init>(BufferedWriteChannel.java:41)
	at org.apache.ratis.server.raftlog.segmented.SegmentedRaftLogOutputStream.<init>(SegmentedRaftLogOutputStream.java:72)
	at org.apache.ratis.server.raftlog.segmented.SegmentedRaftLogWorker$StartLogSegment.execute(SegmentedRaftLogWorker.java:566)
	at org.apache.ratis.server.raftlog.segmented.SegmentedRaftLogWorker.run(SegmentedRaftLogWorker.java:289)
	at java.lang.Thread.run(Thread.java:748)
2019-09-26 15:13:58,074 [b3e939fd-eb36-468b-9efe-5d0a1fdaa172@group-1BDA4246E368:LeaderElection286] INFO  impl.RaftServerImpl (ServerState.java:setRaftConf(354)) - b3e939fd-eb36-468b-9efe-5d0a1fdaa172@group-1BDA4246E368: set configuration 0: [b3e939fd-eb36-468b-9efe-5d0a1fdaa172:192.168.151.99:45433], old=null at 0
2019-09-26 15:13:58,074 [b3e939fd-eb36-468b-9efe-5d0a1fdaa172@group-74515BDB2857:LeaderElection277] INFO  segmented.SegmentedRaftLogWorker (SegmentedRaftLogWorker.java:startLogSegment(380)) - b3e939fd-eb36-468b-9efe-5d0a1fdaa172@group-74515BDB2857-SegmentedRaftLogWorker: Starting segment from index:0
2019-09-26 15:13:58,073 [b3e939fd-eb36-468b-9efe-5d0a1fdaa172@group-92F7CC5958C9-SegmentedRaftLogWorker] INFO  impl.StateMachineUpdater (StateMachineUpdater.java:stopAndJoin(125)) - b3e939fd-eb36-468b-9efe-5d0a1fdaa172@group-92F7CC5958C9-StateMachineUpdater: set stopIndex = -1
2019-09-26 15:13:58,072 [b3e939fd-eb36-468b-9efe-5d0a1fdaa172@group-752F8CC2B31E-SegmentedRaftLogWorker] ERROR segmented.SegmentedRaftLogWorker (SegmentedRaftLogWorker.java:run(323)) - b3e939fd-eb36-468b-9efe-5d0a1fdaa172@group-752F8CC2B31E-SegmentedRaftLogWorker hit exception
java.lang.OutOfMemoryError: Direct buffer memory
	at java.nio.Bits.reserveMemory(Bits.java:666)
	at java.nio.DirectByteBuffer.<init>(DirectByteBuffer.java:123)
	at java.nio.ByteBuffer.allocateDirect(ByteBuffer.java:311)
	at org.apache.ratis.server.raftlog.segmented.BufferedWriteChannel.<init>(BufferedWriteChannel.java:41)
	at org.apache.ratis.server.raftlog.segmented.SegmentedRaftLogOutputStream.<init>(SegmentedRaftLogOutputStream.java:72)
	at org.apache.ratis.server.raftlog.segmented.SegmentedRaftLogWorker$StartLogSegment.execute(SegmentedRaftLogWorker.java:566)
	at org.apache.ratis.server.raftlog.segmented.SegmentedRaftLogWorker.run(SegmentedRaftLogWorker.java:289)
	at java.lang.Thread.run(Thread.java:748)
2019-09-26 15:13:58,872 [b3e939fd-eb36-468b-9efe-5d0a1fdaa172@group-74515BDB2857:LeaderElection277] INFO  impl.RaftServerImpl (ServerState.java:setRaftConf(354)) - b3e939fd-eb36-468b-9efe-5d0a1fdaa172@group-74515BDB2857: set configuration 0: [b3e939fd-eb36-468b-9efe-5d0a1fdaa172:192.168.151.99:45433], old=null at 0
2019-09-26 15:13:58,072 [b3e939fd-eb36-468b-9efe-5d0a1fdaa172@group-B6785E685516-SegmentedRaftLogWorker] ERROR segmented.SegmentedRaftLogWorker (SegmentedRaftLogWorker.java:run(323)) - b3e939fd-eb36-468b-9efe-5d0a1fdaa172@group-B6785E685516-SegmentedRaftLogWorker hit exception
java.lang.OutOfMemoryError: Direct buffer memory
	at java.nio.Bits.reserveMemory(Bits.java:666)
	at java.nio.DirectByteBuffer.<init>(DirectByteBuffer.java:123)
	at java.nio.ByteBuffer.allocateDirect(ByteBuffer.java:311)
	at org.apache.ratis.server.raftlog.segmented.BufferedWriteChannel.<init>(BufferedWriteChannel.java:41)
	at org.apache.ratis.server.raftlog.segmented.SegmentedRaftLogOutputStream.<init>(SegmentedRaftLogOutputStream.java:72)
	at org.apache.ratis.server.raftlog.segmented.SegmentedRaftLogWorker$StartLogSegment.execute(SegmentedRaftLogWorker.java:566)
	at org.apache.ratis.server.raftlog.segmented.SegmentedRaftLogWorker.run(SegmentedRaftLogWorker.java:289)
	at java.lang.Thread.run(Thread.java:748)
2019-09-26 15:13:58,072 [b3e939fd-eb36-468b-9efe-5d0a1fdaa172@group-439DC12DB850-SegmentedRaftLogWorker] ERROR segmented.SegmentedRaftLogWorker (SegmentedRaftLogWorker.java:run(323)) - b3e939fd-eb36-468b-9efe-5d0a1fdaa172@group-439DC12DB850-SegmentedRaftLogWorker hit exception
java.lang.OutOfMemoryError: Direct buffer memory
	at java.nio.Bits.reserveMemory(Bits.java:666)
	at java.nio.DirectByteBuffer.<init>(DirectByteBuffer.java:123)
	at java.nio.ByteBuffer.allocateDirect(ByteBuffer.java:311)
	at org.apache.ratis.server.raftlog.segmented.BufferedWriteChannel.<init>(BufferedWriteChannel.java:41)
	at org.apache.ratis.server.raftlog.segmented.SegmentedRaftLogOutputStream.<init>(SegmentedRaftLogOutputStream.java:72)
	at org.apache.ratis.server.raftlog.segmented.SegmentedRaftLogWorker$StartLogSegment.execute(SegmentedRaftLogWorker.java:566)
	at org.apache.ratis.server.raftlog.segmented.SegmentedRaftLogWorker.run(SegmentedRaftLogWorker.java:289)
	at java.lang.Thread.run(Thread.java:748)
2019-09-26 15:13:58,072 [b3e939fd-eb36-468b-9efe-5d0a1fdaa172@group-8292B21D7178-SegmentedRaftLogWorker] ERROR segmented.SegmentedRaftLogWorker (SegmentedRaftLogWorker.java:run(323)) - b3e939fd-eb36-468b-9efe-5d0a1fdaa172@group-8292B21D7178-SegmentedRaftLogWorker hit exception
java.lang.OutOfMemoryError: Direct buffer memory
	at java.nio.Bits.reserveMemory(Bits.java:666)
	at java.nio.DirectByteBuffer.<init>(DirectByteBuffer.java:123)
	at java.nio.ByteBuffer.allocateDirect(ByteBuffer.java:311)
	at org.apache.ratis.server.raftlog.segmented.BufferedWriteChannel.<init>(BufferedWriteChannel.java:41)
	at org.apache.ratis.server.raftlog.segmented.SegmentedRaftLogOutputStream.<init>(SegmentedRaftLogOutputStream.java:72)
	at org.apache.ratis.server.raftlog.segmented.SegmentedRaftLogWorker$StartLogSegment.execute(SegmentedRaftLogWorker.java:566)
	at org.apache.ratis.server.raftlog.segmented.SegmentedRaftLogWorker.run(SegmentedRaftLogWorker.java:289)
	at java.lang.Thread.run(Thread.java:748)
2019-09-26 15:13:58,072 [b3e939fd-eb36-468b-9efe-5d0a1fdaa172@group-33913256AF98-SegmentedRaftLogWorker] ERROR segmented.SegmentedRaftLogWorker (SegmentedRaftLogWorker.java:run(323)) - b3e939fd-eb36-468b-9efe-5d0a1fdaa172@group-33913256AF98-SegmentedRaftLogWorker hit exception
java.lang.OutOfMemoryError: Direct buffer memory
	at java.nio.Bits.reserveMemory(Bits.java:666)
	at java.nio.DirectByteBuffer.<init>(DirectByteBuffer.java:123)
	at java.nio.ByteBuffer.allocateDirect(ByteBuffer.java:311)
	at org.apache.ratis.server.raftlog.segmented.BufferedWriteChannel.<init>(BufferedWriteChannel.java:41)
	at org.apache.ratis.server.raftlog.segmented.SegmentedRaftLogOutputStream.<init>(SegmentedRaftLogOutputStream.java:72)
	at org.apache.ratis.server.raftlog.segmented.SegmentedRaftLogWorker$StartLogSegment.execute(SegmentedRaftLogWorker.java:566)
	at org.apache.ratis.server.raftlog.segmented.SegmentedRaftLogWorker.run(SegmentedRaftLogWorker.java:289)
	at java.lang.Thread.run(Thread.java:748)
2019-09-26 15:13:59,050 [b3e939fd-eb36-468b-9efe-5d0a1fdaa172@group-33913256AF98-SegmentedRaftLogWorker] INFO  impl.RaftServerImpl (RaftServerImpl.java:lambda$shutdown$3(251)) - b3e939fd-eb36-468b-9efe-5d0a1fdaa172@group-33913256AF98: shutdown
2019-09-26 15:13:57,839 [b3e939fd-eb36-468b-9efe-5d0a1fdaa172@group-71A36764AA64:LeaderElection300] INFO  segmented.SegmentedRaftLogWorker (SegmentedRaftLogWorker.java:startLogSegment(380)) - b3e939fd-eb36-468b-9efe-5d0a1fdaa172@group-71A36764AA64-SegmentedRaftLogWorker: Starting segment from index:0
2019-09-26 15:13:57,839 [b3e939fd-eb36-468b-9efe-5d0a1fdaa172@group-C7BB781426AF:LeaderElection267] INFO  impl.RaftServerImpl (ServerState.java:setRaftConf(354)) - b3e939fd-eb36-468b-9efe-5d0a1fdaa172@group-C7BB781426AF: set configuration 0: [b3e939fd-eb36-468b-9efe-5d0a1fdaa172:192.168.151.99:45433], old=null at 0
2019-09-26 15:13:57,839 [b3e939fd-eb36-468b-9efe-5d0a1fdaa172@group-B87D49FAC1EB-SegmentedRaftLogWorker] INFO  impl.RaftServerImpl (ServerState.java:close(385)) - b3e939fd-eb36-468b-9efe-5d0a1fdaa172@group-B87D49FAC1EB: closes. applyIndex: -1
2019-09-26 15:13:57,838 [b3e939fd-eb36-468b-9efe-5d0a1fdaa172@group-302304666DE6-SegmentedRaftLogWorker] INFO  impl.RaftServerImpl (RaftServerImpl.java:lambda$shutdown$3(251)) - b3e939fd-eb36-468b-9efe-5d0a1fdaa172@group-302304666DE6: shutdown
2019-09-26 15:13:57,838 [b3e939fd-eb36-468b-9efe-5d0a1fdaa172@group-CD5FC8CEC3A3-SegmentedRaftLogWorker] INFO  impl.PendingRequests (PendingRequests.java:sendNotLeaderResponses(202)) - b3e939fd-eb36-468b-9efe-5d0a1fdaa172-PendingRequests: sendNotLeaderResponses
2019-09-26 15:13:57,838 [b3e939fd-eb36-468b-9efe-5d0a1fdaa172@group-711EE27C9E35:LeaderElection303] INFO  segmented.SegmentedRaftLogWorker (SegmentedRaftLogWorker.java:startLogSegment(380)) - b3e939fd-eb36-468b-9efe-5d0a1fdaa172@group-711EE27C9E35-SegmentedRaftLogWorker: Starting segment from index:0
2019-09-26 15:13:57,837 [b3e939fd-eb36-468b-9efe-5d0a1fdaa172@group-ED5485EA5ACD:LeaderElection273] INFO  impl.RaftServerImpl (ServerState.java:setRaftConf(354)) - b3e939fd-eb36-468b-9efe-5d0a1fdaa172@group-ED5485EA5ACD: set configuration 0: [b3e939fd-eb36-468b-9efe-5d0a1fdaa172:192.168.151.99:45433], old=null at 0
2019-09-26 15:13:57,836 [b3e939fd-eb36-468b-9efe-5d0a1fdaa172@group-7ED9DECB8A6B-SegmentedRaftLogWorker] ERROR segmented.SegmentedRaftLogWorker (SegmentedRaftLogWorker.java:run(323)) - b3e939fd-eb36-468b-9efe-5d0a1fdaa172@group-7ED9DECB8A6B-SegmentedRaftLogWorker hit exception
java.lang.OutOfMemoryError: Direct buffer memory
	at java.nio.Bits.reserveMemory(Bits.java:666)
	at java.nio.DirectByteBuffer.<init>(DirectByteBuffer.java:123)
	at java.nio.ByteBuffer.allocateDirect(ByteBuffer.java:311)
	at org.apache.ratis.server.raftlog.segmented.BufferedWriteChannel.<init>(BufferedWriteChannel.java:41)
	at org.apache.ratis.server.raftlog.segmented.SegmentedRaftLogOutputStream.<init>(SegmentedRaftLogOutputStream.java:72)
	at org.apache.ratis.server.raftlog.segmented.SegmentedRaftLogWorker$StartLogSegment.execute(SegmentedRaftLogWorker.java:566)
	at org.apache.ratis.server.raftlog.segmented.SegmentedRaftLogWorker.run(SegmentedRaftLogWorker.java:289)
	at java.lang.Thread.run(Thread.java:748)
2019-09-26 15:13:59,252 [b3e939fd-eb36-468b-9efe-5d0a1fdaa172@group-7ED9DECB8A6B-SegmentedRaftLogWorker] INFO  impl.RaftServerImpl (RaftServerImpl.java:lambda$shutdown$3(251)) - b3e939fd-eb36-468b-9efe-5d0a1fdaa172@group-7ED9DECB8A6B: shutdown
2019-09-26 15:13:57,836 [b3e939fd-eb36-468b-9efe-5d0a1fdaa172@group-82F2C342C520-SegmentedRaftLogWorker] ERROR segmented.SegmentedRaftLogWorker (SegmentedRaftLogWorker.java:run(323)) - b3e939fd-eb36-468b-9efe-5d0a1fdaa172@group-82F2C342C520-SegmentedRaftLogWorker hit exception
java.lang.OutOfMemoryError: Direct buffer memory
	at java.nio.Bits.reserveMemory(Bits.java:666)
	at java.nio.DirectByteBuffer.<init>(DirectByteBuffer.java:123)
	at java.nio.ByteBuffer.allocateDirect(ByteBuffer.java:311)
	at org.apache.ratis.server.raftlog.segmented.BufferedWriteChannel.<init>(BufferedWriteChannel.java:41)
	at org.apache.ratis.server.raftlog.segmented.SegmentedRaftLogOutputStream.<init>(SegmentedRaftLogOutputStream.java:72)
	at org.apache.ratis.server.raftlog.segmented.SegmentedRaftLogWorker$StartLogSegment.execute(SegmentedRaftLogWorker.java:566)
	at org.apache.ratis.server.raftlog.segmented.SegmentedRaftLogWorker.run(SegmentedRaftLogWorker.java:289)
	at java.lang.Thread.run(Thread.java:748)
2019-09-26 15:13:57,635 [b3e939fd-eb36-468b-9efe-5d0a1fdaa172@group-A2BD7EF985B3-SegmentedRaftLogWorker] INFO  segmented.SegmentedRaftLogWorker (SegmentedRaftLogWorker.java:close(228)) - b3e939fd-eb36-468b-9efe-5d0a1fdaa172@group-A2BD7EF985B3-SegmentedRaftLogWorker close()
2019-09-26 15:13:57,635 [b3e939fd-eb36-468b-9efe-5d0a1fdaa172@group-0531D8DEB565:LeaderElection270] INFO  segmented.SegmentedRaftLogWorker (SegmentedRaftLogWorker.java:startLogSegment(380)) - b3e939fd-eb36-468b-9efe-5d0a1fdaa172@group-0531D8DEB565-SegmentedRaftLogWorker: Starting segment from index:0
2019-09-26 15:13:57,635 [b3e939fd-eb36-468b-9efe-5d0a1fdaa172@group-D363040DAF31:LeaderElection315] INFO  segmented.SegmentedRaftLogWorker (SegmentedRaftLogWorker.java:startLogSegment(380)) - b3e939fd-eb36-468b-9efe-5d0a1fdaa172@group-D363040DAF31-SegmentedRaftLogWorker: Starting segment from index:0
2019-09-26 15:13:57,635 [b3e939fd-eb36-468b-9efe-5d0a1fdaa172@group-E00230405E12:LeaderElection291] INFO  segmented.SegmentedRaftLogWorker (SegmentedRaftLogWorker.java:startLogSegment(380)) - b3e939fd-eb36-468b-9efe-5d0a1fdaa172@group-E00230405E12-SegmentedRaftLogWorker: Starting segment from index:0
2019-09-26 15:13:59,441 [b3e939fd-eb36-468b-9efe-5d0a1fdaa172@group-D363040DAF31:LeaderElection315] INFO  impl.RaftServerImpl (ServerState.java:setRaftConf(354)) - b3e939fd-eb36-468b-9efe-5d0a1fdaa172@group-D363040DAF31: set configuration 0: [b3e939fd-eb36-468b-9efe-5d0a1fdaa172:192.168.151.99:45433], old=null at 0
2019-09-26 15:13:57,635 [b3e939fd-eb36-468b-9efe-5d0a1fdaa172@group-74AE591B69F2:LeaderElection311] INFO  segmented.SegmentedRaftLogWorker (SegmentedRaftLogWorker.java:startLogSegment(380)) - b3e939fd-eb36-468b-9efe-5d0a1fdaa172@group-74AE591B69F2-SegmentedRaftLogWorker: Starting segment from index:0
2019-09-26 15:13:57,635 [b3e939fd-eb36-468b-9efe-5d0a1fdaa172@group-D591C59CFB86-SegmentedRaftLogWorker] INFO  segmented.SegmentedRaftLogWorker (SegmentedRaftLogWorker.java:close(228)) - b3e939fd-eb36-468b-9efe-5d0a1fdaa172@group-D591C59CFB86-SegmentedRaftLogWorker close()
2019-09-26 15:13:59,805 [b3e939fd-eb36-468b-9efe-5d0a1fdaa172@group-74AE591B69F2:LeaderElection311] INFO  impl.RaftServerImpl (ServerState.java:setRaftConf(354)) - b3e939fd-eb36-468b-9efe-5d0a1fdaa172@group-74AE591B69F2: set configuration 0: [b3e939fd-eb36-468b-9efe-5d0a1fdaa172:192.168.151.99:45433], old=null at 0
2019-09-26 15:13:57,634 [b3e939fd-eb36-468b-9efe-5d0a1fdaa172@group-A909352B10E1-SegmentedRaftLogWorker] INFO  util.JmxRegister (JmxRegister.java:unregister(73)) - Successfully un-registered JMX Bean with object name Ratis:service=RaftServer,group=group-A909352B10E1,id=b3e939fd-eb36-468b-9efe-5d0a1fdaa172
2019-09-26 15:13:59,805 [b3e939fd-eb36-468b-9efe-5d0a1fdaa172@group-A909352B10E1-SegmentedRaftLogWorker] INFO  impl.RoleInfo (RoleInfo.java:shutdownLeaderState(104)) - b3e939fd-eb36-468b-9efe-5d0a1fdaa172: shutdown LeaderState
2019-09-26 15:13:59,805 [b3e939fd-eb36-468b-9efe-5d0a1fdaa172@group-A909352B10E1-SegmentedRaftLogWorker] INFO  impl.PendingRequests (PendingRequests.java:sendNotLeaderResponses(202)) - b3e939fd-eb36-468b-9efe-5d0a1fdaa172-PendingRequests: sendNotLeaderResponses
2019-09-26 15:13:57,634 [b3e939fd-eb36-468b-9efe-5d0a1fdaa172@group-2B1CE96F5305-SegmentedRaftLogWorker] INFO  impl.RoleInfo (RoleInfo.java:shutdownLeaderState(104)) - b3e939fd-eb36-468b-9efe-5d0a1fdaa172: shutdown LeaderState
2019-09-26 15:13:59,805 [b3e939fd-eb36-468b-9efe-5d0a1fdaa172@group-2B1CE96F5305-SegmentedRaftLogWorker] INFO  impl.PendingRequests (PendingRequests.java:sendNotLeaderResponses(202)) - b3e939fd-eb36-468b-9efe-5d0a1fdaa172-PendingRequests: sendNotLeaderResponses
2019-09-26 15:13:57,634 [b3e939fd-eb36-468b-9efe-5d0a1fdaa172@group-84E520E4AB54:LeaderElection271] INFO  segmented.SegmentedRaftLogWorker (SegmentedRaftLogWorker.java:startLogSegment(380)) - b3e939fd-eb36-468b-9efe-5d0a1fdaa172@group-84E520E4AB54-SegmentedRaftLogWorker: Starting segment from index:0
2019-09-26 15:13:59,807 [b3e939fd-eb36-468b-9efe-5d0a1fdaa172@group-2B1CE96F5305-SegmentedRaftLogWorker] INFO  impl.StateMachineUpdater (StateMachineUpdater.java:stopAndJoin(125)) - b3e939fd-eb36-468b-9efe-5d0a1fdaa172@group-2B1CE96F5305-StateMachineUpdater: set stopIndex = -1
2019-09-26 15:13:59,807 [b3e939fd-eb36-468b-9efe-5d0a1fdaa172@group-2B1CE96F5305-SegmentedRaftLogWorker] INFO  impl.RaftServerImpl (ServerState.java:close(385)) - b3e939fd-eb36-468b-9efe-5d0a1fdaa172@group-2B1CE96F5305: closes. applyIndex: -1
2019-09-26 15:13:59,807 [b3e939fd-eb36-468b-9efe-5d0a1fdaa172@group-2B1CE96F5305-SegmentedRaftLogWorker] INFO  segmented.SegmentedRaftLogWorker (SegmentedRaftLogWorker.java:close(228)) - b3e939fd-eb36-468b-9efe-5d0a1fdaa172@group-2B1CE96F5305-SegmentedRaftLogWorker close()
2019-09-26 15:13:59,807 [b3e939fd-eb36-468b-9efe-5d0a1fdaa172@group-84E520E4AB54:LeaderElection271] INFO  impl.RaftServerImpl (ServerState.java:setRaftConf(354)) - b3e939fd-eb36-468b-9efe-5d0a1fdaa172@group-84E520E4AB54: set configuration 0: [b3e939fd-eb36-468b-9efe-5d0a1fdaa172:192.168.151.99:45433], old=null at 0
2019-09-26 15:13:59,808 [b3e939fd-eb36-468b-9efe-5d0a1fdaa172@group-A909352B10E1-SegmentedRaftLogWorker] INFO  impl.StateMachineUpdater (StateMachineUpdater.java:stopAndJoin(125)) - b3e939fd-eb36-468b-9efe-5d0a1fdaa172@group-A909352B10E1-StateMachineUpdater: set stopIndex = -1
2019-09-26 15:13:59,808 [b3e939fd-eb36-468b-9efe-5d0a1fdaa172@group-A909352B10E1-SegmentedRaftLogWorker] INFO  impl.RaftServerImpl (ServerState.java:close(385)) - b3e939fd-eb36-468b-9efe-5d0a1fdaa172@group-A909352B10E1: closes. applyIndex: -1
2019-09-26 15:13:59,809 [b3e939fd-eb36-468b-9efe-5d0a1fdaa172@group-A909352B10E1-SegmentedRaftLogWorker] INFO  segmented.SegmentedRaftLogWorker (SegmentedRaftLogWorker.java:close(228)) - b3e939fd-eb36-468b-9efe-5d0a1fdaa172@group-A909352B10E1-SegmentedRaftLogWorker close()
2019-09-26 15:13:57,634 [b3e939fd-eb36-468b-9efe-5d0a1fdaa172@group-DEE462ADEC0E:LeaderElection297] INFO  segmented.SegmentedRaftLogWorker (SegmentedRaftLogWorker.java:startLogSegment(380)) - b3e939fd-eb36-468b-9efe-5d0a1fdaa172@group-DEE462ADEC0E-SegmentedRaftLogWorker: Starting segment from index:0
2019-09-26 15:13:57,634 [b3e939fd-eb36-468b-9efe-5d0a1fdaa172@group-3BF504006062-SegmentedRaftLogWorker] INFO  impl.RaftServerImpl (RaftServerImpl.java:lambda$shutdown$3(251)) - b3e939fd-eb36-468b-9efe-5d0a1fdaa172@group-3BF504006062: shutdown
2019-09-26 15:13:59,809 [b3e939fd-eb36-468b-9efe-5d0a1fdaa172@group-3BF504006062-SegmentedRaftLogWorker] INFO  util.JmxRegister (JmxRegister.java:unregister(73)) - Successfully un-registered JMX Bean with object name Ratis:service=RaftServer,group=group-3BF504006062,id=b3e939fd-eb36-468b-9efe-5d0a1fdaa172
2019-09-26 15:13:59,809 [b3e939fd-eb36-468b-9efe-5d0a1fdaa172@group-3BF504006062-SegmentedRaftLogWorker] INFO  impl.RoleInfo (RoleInfo.java:shutdownLeaderState(104)) - b3e939fd-eb36-468b-9efe-5d0a1fdaa172: shutdown LeaderState
2019-09-26 15:13:59,809 [b3e939fd-eb36-468b-9efe-5d0a1fdaa172@group-3BF504006062-SegmentedRaftLogWorker] INFO  impl.PendingRequests (PendingRequests.java:sendNotLeaderResponses(202)) - b3e939fd-eb36-468b-9efe-5d0a1fdaa172-PendingRequests: sendNotLeaderResponses
2019-09-26 15:13:57,633 [b3e939fd-eb36-468b-9efe-5d0a1fdaa172@group-F4FE86D2BCDD-SegmentedRaftLogWorker] INFO  impl.RaftServerImpl (RaftServerImpl.java:lambda$shutdown$3(251)) - b3e939fd-eb36-468b-9efe-5d0a1fdaa172@group-F4FE86D2BCDD: shutdown
2019-09-26 15:13:59,810 [b3e939fd-eb36-468b-9efe-5d0a1fdaa172@group-F4FE86D2BCDD-SegmentedRaftLogWorker] INFO  util.JmxRegister (JmxRegister.java:unregister(73)) - Successfully un-registered JMX Bean with object name Ratis:service=RaftServer,group=group-F4FE86D2BCDD,id=b3e939fd-eb36-468b-9efe-5d0a1fdaa172
2019-09-26 15:13:59,810 [b3e939fd-eb36-468b-9efe-5d0a1fdaa172@group-F4FE86D2BCDD-SegmentedRaftLogWorker] INFO  impl.RoleInfo (RoleInfo.java:shutdownLeaderState(104)) - b3e939fd-eb36-468b-9efe-5d0a1fdaa172: shutdown LeaderState
2019-09-26 15:13:59,811 [b3e939fd-eb36-468b-9efe-5d0a1fdaa172@group-F4FE86D2BCDD-SegmentedRaftLogWorker] INFO  impl.PendingRequests (PendingRequests.java:sendNotLeaderResponses(202)) - b3e939fd-eb36-468b-9efe-5d0a1fdaa172-PendingRequests: sendNotLeaderResponses
2019-09-26 15:13:57,633 [b3e939fd-eb36-468b-9efe-5d0a1fdaa172@group-84DF8E7A77E0:LeaderElection282] INFO  impl.RaftServerImpl (ServerState.java:setRaftConf(354)) - b3e939fd-eb36-468b-9efe-5d0a1fdaa172@group-84DF8E7A77E0: set configuration 0: [b3e939fd-eb36-468b-9efe-5d0a1fdaa172:192.168.151.99:45433], old=null at 0
2019-09-26 15:13:57,632 [b3e939fd-eb36-468b-9efe-5d0a1fdaa172@group-5C693F90868A-SegmentedRaftLogWorker] ERROR segmented.SegmentedRaftLogWorker (SegmentedRaftLogWorker.java:run(323)) - b3e939fd-eb36-468b-9efe-5d0a1fdaa172@group-5C693F90868A-SegmentedRaftLogWorker hit exception
java.lang.OutOfMemoryError: Direct buffer memory
	at java.nio.Bits.reserveMemory(Bits.java:666)
	at java.nio.DirectByteBuffer.<init>(DirectByteBuffer.java:123)
	at java.nio.ByteBuffer.allocateDirect(ByteBuffer.java:311)
	at org.apache.ratis.server.raftlog.segmented.BufferedWriteChannel.<init>(BufferedWriteChannel.java:41)
	at org.apache.ratis.server.raftlog.segmented.SegmentedRaftLogOutputStream.<init>(SegmentedRaftLogOutputStream.java:72)
	at org.apache.ratis.server.raftlog.segmented.SegmentedRaftLogWorker$StartLogSegment.execute(SegmentedRaftLogWorker.java:566)
	at org.apache.ratis.server.raftlog.segmented.SegmentedRaftLogWorker.run(SegmentedRaftLogWorker.java:289)
	at java.lang.Thread.run(Thread.java:748)
2019-09-26 15:13:59,811 [b3e939fd-eb36-468b-9efe-5d0a1fdaa172@group-5C693F90868A-SegmentedRaftLogWorker] INFO  impl.RaftServerImpl (RaftServerImpl.java:lambda$shutdown$3(251)) - b3e939fd-eb36-468b-9efe-5d0a1fdaa172@group-5C693F90868A: shutdown
2019-09-26 15:13:57,454 [b3e939fd-eb36-468b-9efe-5d0a1fdaa172@group-7F7680AB9573-SegmentedRaftLogWorker] INFO  impl.PendingRequests (PendingRequests.java:sendNotLeaderResponses(202)) - b3e939fd-eb36-468b-9efe-5d0a1fdaa172-PendingRequests: sendNotLeaderResponses
2019-09-26 15:13:57,454 [b3e939fd-eb36-468b-9efe-5d0a1fdaa172@group-5152959DB5D4-SegmentedRaftLogWorker] INFO  impl.RoleInfo (RoleInfo.java:shutdownLeaderState(104)) - b3e939fd-eb36-468b-9efe-5d0a1fdaa172: shutdown LeaderState
2019-09-26 15:13:59,811 [b3e939fd-eb36-468b-9efe-5d0a1fdaa172@group-DEE462ADEC0E:LeaderElection297] INFO  impl.RaftServerImpl (ServerState.java:setRaftConf(354)) - b3e939fd-eb36-468b-9efe-5d0a1fdaa172@group-DEE462ADEC0E: set configuration 0: [b3e939fd-eb36-468b-9efe-5d0a1fdaa172:192.168.151.99:45433], old=null at 0
2019-09-26 15:13:57,454 [b3e939fd-eb36-468b-9efe-5d0a1fdaa172@group-D78821ACB67A:LeaderElection275] INFO  segmented.SegmentedRaftLogWorker (SegmentedRaftLogWorker.java:startLogSegment(380)) - b3e939fd-eb36-468b-9efe-5d0a1fdaa172@group-D78821ACB67A-SegmentedRaftLogWorker: Starting segment from index:0
2019-09-26 15:13:57,453 [b3e939fd-eb36-468b-9efe-5d0a1fdaa172@group-90AE5373EB22:LeaderElection316] INFO  segmented.SegmentedRaftLogWorker (SegmentedRaftLogWorker.java:startLogSegment(380)) - b3e939fd-eb36-468b-9efe-5d0a1fdaa172@group-90AE5373EB22-SegmentedRaftLogWorker: Starting segment from index:0
2019-09-26 15:13:57,267 [b3e939fd-eb36-468b-9efe-5d0a1fdaa172@group-8510E27DA55F-SegmentedRaftLogWorker] ERROR segmented.SegmentedRaftLogWorker (SegmentedRaftLogWorker.java:run(323)) - b3e939fd-eb36-468b-9efe-5d0a1fdaa172@group-8510E27DA55F-SegmentedRaftLogWorker hit exception
java.lang.OutOfMemoryError: Direct buffer memory
	at java.nio.Bits.reserveMemory(Bits.java:666)
	at java.nio.DirectByteBuffer.<init>(DirectByteBuffer.java:123)
	at java.nio.ByteBuffer.allocateDirect(ByteBuffer.java:311)
	at org.apache.ratis.server.raftlog.segmented.BufferedWriteChannel.<init>(BufferedWriteChannel.java:41)
	at org.apache.ratis.server.raftlog.segmented.SegmentedRaftLogOutputStream.<init>(SegmentedRaftLogOutputStream.java:72)
	at org.apache.ratis.server.raftlog.segmented.SegmentedRaftLogWorker$StartLogSegment.execute(SegmentedRaftLogWorker.java:566)
	at org.apache.ratis.server.raftlog.segmented.SegmentedRaftLogWorker.run(SegmentedRaftLogWorker.java:289)
	at java.lang.Thread.run(Thread.java:748)
2019-09-26 15:13:59,815 [b3e939fd-eb36-468b-9efe-5d0a1fdaa172@group-8510E27DA55F-SegmentedRaftLogWorker] INFO  impl.RaftServerImpl (RaftServerImpl.java:lambda$shutdown$3(251)) - b3e939fd-eb36-468b-9efe-5d0a1fdaa172@group-8510E27DA55F: shutdown
2019-09-26 15:13:59,815 [b3e939fd-eb36-468b-9efe-5d0a1fdaa172@group-F4FE86D2BCDD-SegmentedRaftLogWorker] INFO  impl.StateMachineUpdater (StateMachineUpdater.java:stopAndJoin(125)) - b3e939fd-eb36-468b-9efe-5d0a1fdaa172@group-F4FE86D2BCDD-StateMachineUpdater: set stopIndex = -1
2019-09-26 15:13:57,239 [b3e939fd-eb36-468b-9efe-5d0a1fdaa172@group-EEC0B09CDA31:LeaderElection280] INFO  impl.RaftServerImpl (ServerState.java:setRaftConf(354)) - b3e939fd-eb36-468b-9efe-5d0a1fdaa172@group-EEC0B09CDA31: set configuration 0: [b3e939fd-eb36-468b-9efe-5d0a1fdaa172:192.168.151.99:45433], old=null at 0
2019-09-26 15:13:57,051 [b3e939fd-eb36-468b-9efe-5d0a1fdaa172@group-4295C4227654-SegmentedRaftLogWorker] INFO  impl.StateMachineUpdater (StateMachineUpdater.java:stopAndJoin(125)) - b3e939fd-eb36-468b-9efe-5d0a1fdaa172@group-4295C4227654-StateMachineUpdater: set stopIndex = -1
2019-09-26 15:13:59,815 [b3e939fd-eb36-468b-9efe-5d0a1fdaa172@group-4295C4227654-SegmentedRaftLogWorker] INFO  impl.RaftServerImpl (ServerState.java:close(385)) - b3e939fd-eb36-468b-9efe-5d0a1fdaa172@group-4295C4227654: closes. applyIndex: -1
2019-09-26 15:13:59,816 [b3e939fd-eb36-468b-9efe-5d0a1fdaa172@group-4295C4227654-SegmentedRaftLogWorker] INFO  segmented.SegmentedRaftLogWorker (SegmentedRaftLogWorker.java:close(228)) - b3e939fd-eb36-468b-9efe-5d0a1fdaa172@group-4295C4227654-SegmentedRaftLogWorker close()
2019-09-26 15:13:57,050 [b3e939fd-eb36-468b-9efe-5d0a1fdaa172@group-6AE5FF705F7D-SegmentedRaftLogWorker] INFO  util.JmxRegister (JmxRegister.java:unregister(73)) - Successfully un-registered JMX Bean with object name Ratis:service=RaftServer,group=group-6AE5FF705F7D,id=b3e939fd-eb36-468b-9efe-5d0a1fdaa172
2019-09-26 15:13:57,050 [b3e939fd-eb36-468b-9efe-5d0a1fdaa172@group-1A6945A2EB5D-SegmentedRaftLogWorker] INFO  util.JmxRegister (JmxRegister.java:unregister(73)) - Successfully un-registered JMX Bean with object name Ratis:service=RaftServer,group=group-1A6945A2EB5D,id=b3e939fd-eb36-468b-9efe-5d0a1fdaa172
2019-09-26 15:14:00,789 [b3e939fd-eb36-468b-9efe-5d0a1fdaa172@group-1A6945A2EB5D-SegmentedRaftLogWorker] INFO  impl.RoleInfo (RoleInfo.java:shutdownLeaderState(104)) - b3e939fd-eb36-468b-9efe-5d0a1fdaa172: shutdown LeaderState
2019-09-26 15:13:57,010 [b3e939fd-eb36-468b-9efe-5d0a1fdaa172@group-F3ED5FA15865-SegmentedRaftLogWorker] ERROR segmented.SegmentedRaftLogWorker (SegmentedRaftLogWorker.java:run(323)) - b3e939fd-eb36-468b-9efe-5d0a1fdaa172@group-F3ED5FA15865-SegmentedRaftLogWorker hit exception
java.lang.OutOfMemoryError: Direct buffer memory
	at java.nio.Bits.reserveMemory(Bits.java:666)
	at java.nio.DirectByteBuffer.<init>(DirectByteBuffer.java:123)
	at java.nio.ByteBuffer.allocateDirect(ByteBuffer.java:311)
	at org.apache.ratis.server.raftlog.segmented.BufferedWriteChannel.<init>(BufferedWriteChannel.java:41)
	at org.apache.ratis.server.raftlog.segmented.SegmentedRaftLogOutputStream.<init>(SegmentedRaftLogOutputStream.java:72)
	at org.apache.ratis.server.raftlog.segmented.SegmentedRaftLogWorker$StartLogSegment.execute(SegmentedRaftLogWorker.java:566)
	at org.apache.ratis.server.raftlog.segmented.SegmentedRaftLogWorker.run(SegmentedRaftLogWorker.java:289)
	at java.lang.Thread.run(Thread.java:748)
2019-09-26 15:13:57,010 [b3e939fd-eb36-468b-9efe-5d0a1fdaa172@group-B602AE1BC508-SegmentedRaftLogWorker] ERROR segmented.SegmentedRaftLogWorker (SegmentedRaftLogWorker.java:run(323)) - b3e939fd-eb36-468b-9efe-5d0a1fdaa172@group-B602AE1BC508-SegmentedRaftLogWorker hit exception
java.lang.OutOfMemoryError: Direct buffer memory
	at java.nio.Bits.reserveMemory(Bits.java:666)
	at java.nio.DirectByteBuffer.<init>(DirectByteBuffer.java:123)
	at java.nio.ByteBuffer.allocateDirect(ByteBuffer.java:311)
	at org.apache.ratis.server.raftlog.segmented.BufferedWriteChannel.<init>(BufferedWriteChannel.java:41)
	at org.apache.ratis.server.raftlog.segmented.SegmentedRaftLogOutputStream.<init>(SegmentedRaftLogOutputStream.java:72)
	at org.apache.ratis.server.raftlog.segmented.SegmentedRaftLogWorker$StartLogSegment.execute(SegmentedRaftLogWorker.java:566)
	at org.apache.ratis.server.raftlog.segmented.SegmentedRaftLogWorker.run(SegmentedRaftLogWorker.java:289)
	at java.lang.Thread.run(Thread.java:748)
2019-09-26 15:14:00,789 [b3e939fd-eb36-468b-9efe-5d0a1fdaa172@group-E00230405E12:LeaderElection291] INFO  impl.RaftServerImpl (ServerState.java:setRaftConf(354)) - b3e939fd-eb36-468b-9efe-5d0a1fdaa172@group-E00230405E12: set configuration 0: [b3e939fd-eb36-468b-9efe-5d0a1fdaa172:192.168.151.99:45433], old=null at 0
2019-09-26 15:13:56,831 [b3e939fd-eb36-468b-9efe-5d0a1fdaa172@group-752F8CC2B31E:LeaderElection287] INFO  impl.RaftServerImpl (ServerState.java:setRaftConf(354)) - b3e939fd-eb36-468b-9efe-5d0a1fdaa172@group-752F8CC2B31E: set configuration 0: [b3e939fd-eb36-468b-9efe-5d0a1fdaa172:192.168.151.99:45433], old=null at 0
2019-09-26 15:14:00,789 [b3e939fd-eb36-468b-9efe-5d0a1fdaa172@group-B602AE1BC508-SegmentedRaftLogWorker] INFO  impl.RaftServerImpl (RaftServerImpl.java:lambda$shutdown$3(251)) - b3e939fd-eb36-468b-9efe-5d0a1fdaa172@group-B602AE1BC508: shutdown
2019-09-26 15:14:00,789 [b3e939fd-eb36-468b-9efe-5d0a1fdaa172@group-90AE5373EB22:LeaderElection316] INFO  impl.RaftServerImpl (ServerState.java:setRaftConf(354)) - b3e939fd-eb36-468b-9efe-5d0a1fdaa172@group-90AE5373EB22: set configuration 0: [b3e939fd-eb36-468b-9efe-5d0a1fdaa172:192.168.151.99:45433], old=null at 0
2019-09-26 15:14:00,789 [b3e939fd-eb36-468b-9efe-5d0a1fdaa172@group-F3ED5FA15865-SegmentedRaftLogWorker] INFO  impl.RaftServerImpl (RaftServerImpl.java:lambda$shutdown$3(251)) - b3e939fd-eb36-468b-9efe-5d0a1fdaa172@group-F3ED5FA15865: shutdown
2019-09-26 15:14:00,789 [b3e939fd-eb36-468b-9efe-5d0a1fdaa172@group-1A6945A2EB5D-SegmentedRaftLogWorker] INFO  impl.PendingRequests (PendingRequests.java:sendNotLeaderResponses(202)) - b3e939fd-eb36-468b-9efe-5d0a1fdaa172-PendingRequests: sendNotLeaderResponses
2019-09-26 15:14:00,789 [b3e939fd-eb36-468b-9efe-5d0a1fdaa172@group-6AE5FF705F7D-SegmentedRaftLogWorker] INFO  impl.RoleInfo (RoleInfo.java:shutdownLeaderState(104)) - b3e939fd-eb36-468b-9efe-5d0a1fdaa172: shutdown LeaderState
2019-09-26 15:14:00,788 [b3e939fd-eb36-468b-9efe-5d0a1fdaa172@group-F4FE86D2BCDD-SegmentedRaftLogWorker] INFO  impl.RaftServerImpl (ServerState.java:close(385)) - b3e939fd-eb36-468b-9efe-5d0a1fdaa172@group-F4FE86D2BCDD: closes. applyIndex: -1
2019-09-26 15:14:00,581 [b3e939fd-eb36-468b-9efe-5d0a1fdaa172@group-F11DE81BFF74-SegmentedRaftLogWorker] ERROR segmented.SegmentedRaftLogWorker (SegmentedRaftLogWorker.java:run(323)) - b3e939fd-eb36-468b-9efe-5d0a1fdaa172@group-F11DE81BFF74-SegmentedRaftLogWorker hit exception
java.lang.OutOfMemoryError: Direct buffer memory
	at java.nio.Bits.reserveMemory(Bits.java:666)
	at java.nio.DirectByteBuffer.<init>(DirectByteBuffer.java:123)
	at java.nio.ByteBuffer.allocateDirect(ByteBuffer.java:311)
	at org.apache.ratis.server.raftlog.segmented.BufferedWriteChannel.<init>(BufferedWriteChannel.java:41)
	at org.apache.ratis.server.raftlog.segmented.SegmentedRaftLogOutputStream.<init>(SegmentedRaftLogOutputStream.java:72)
	at org.apache.ratis.server.raftlog.segmented.SegmentedRaftLogWorker$StartLogSegment.execute(SegmentedRaftLogWorker.java:566)
	at org.apache.ratis.server.raftlog.segmented.SegmentedRaftLogWorker.run(SegmentedRaftLogWorker.java:289)
	at java.lang.Thread.run(Thread.java:748)
2019-09-26 15:13:59,815 [b3e939fd-eb36-468b-9efe-5d0a1fdaa172@group-8510E27DA55F-SegmentedRaftLogWorker] INFO  util.JmxRegister (JmxRegister.java:unregister(73)) - Successfully un-registered JMX Bean with object name Ratis:service=RaftServer,group=group-8510E27DA55F,id=b3e939fd-eb36-468b-9efe-5d0a1fdaa172
2019-09-26 15:13:59,815 [b3e939fd-eb36-468b-9efe-5d0a1fdaa172@group-D78821ACB67A:LeaderElection275] INFO  impl.RaftServerImpl (ServerState.java:setRaftConf(354)) - b3e939fd-eb36-468b-9efe-5d0a1fdaa172@group-D78821ACB67A: set configuration 0: [b3e939fd-eb36-468b-9efe-5d0a1fdaa172:192.168.151.99:45433], old=null at 0
2019-09-26 15:13:59,815 [b3e939fd-eb36-468b-9efe-5d0a1fdaa172@group-3BF504006062-SegmentedRaftLogWorker] INFO  impl.StateMachineUpdater (StateMachineUpdater.java:stopAndJoin(125)) - b3e939fd-eb36-468b-9efe-5d0a1fdaa172@group-3BF504006062-StateMachineUpdater: set stopIndex = -1
2019-09-26 15:13:59,815 [b3e939fd-eb36-468b-9efe-5d0a1fdaa172@group-7F7680AB9573-SegmentedRaftLogWorker] INFO  impl.StateMachineUpdater (StateMachineUpdater.java:stopAndJoin(125)) - b3e939fd-eb36-468b-9efe-5d0a1fdaa172@group-7F7680AB9573-StateMachineUpdater: set stopIndex = -1
2019-09-26 15:14:00,791 [b3e939fd-eb36-468b-9efe-5d0a1fdaa172@group-7F7680AB9573-SegmentedRaftLogWorker] INFO  impl.RaftServerImpl (ServerState.java:close(385)) - b3e939fd-eb36-468b-9efe-5d0a1fdaa172@group-7F7680AB9573: closes. applyIndex: -1
2019-09-26 15:13:59,811 [b3e939fd-eb36-468b-9efe-5d0a1fdaa172@group-1BDA4246E368-SegmentedRaftLogWorker] ERROR segmented.SegmentedRaftLogWorker (SegmentedRaftLogWorker.java:run(323)) - b3e939fd-eb36-468b-9efe-5d0a1fdaa172@group-1BDA4246E368-SegmentedRaftLogWorker hit exception
java.lang.OutOfMemoryError: Direct buffer memory
	at java.nio.Bits.reserveMemory(Bits.java:666)
	at java.nio.DirectByteBuffer.<init>(DirectByteBuffer.java:123)
	at java.nio.ByteBuffer.allocateDirect(ByteBuffer.java:311)
	at org.apache.ratis.server.raftlog.segmented.BufferedWriteChannel.<init>(BufferedWriteChannel.java:41)
	at org.apache.ratis.server.raftlog.segmented.SegmentedRaftLogOutputStream.<init>(SegmentedRaftLogOutputStream.java:72)
	at org.apache.ratis.server.raftlog.segmented.SegmentedRaftLogWorker$StartLogSegment.execute(SegmentedRaftLogWorker.java:566)
	at org.apache.ratis.server.raftlog.segmented.SegmentedRaftLogWorker.run(SegmentedRaftLogWorker.java:289)
	at java.lang.Thread.run(Thread.java:748)
2019-09-26 15:13:59,811 [b3e939fd-eb36-468b-9efe-5d0a1fdaa172@group-5152959DB5D4-SegmentedRaftLogWorker] INFO  impl.PendingRequests (PendingRequests.java:sendNotLeaderResponses(202)) - b3e939fd-eb36-468b-9efe-5d0a1fdaa172-PendingRequests: sendNotLeaderResponses
2019-09-26 15:13:59,811 [b3e939fd-eb36-468b-9efe-5d0a1fdaa172@group-5C693F90868A-SegmentedRaftLogWorker] INFO  util.JmxRegister (JmxRegister.java:unregister(73)) - Successfully un-registered JMX Bean with object name Ratis:service=RaftServer,group=group-5C693F90868A,id=b3e939fd-eb36-468b-9efe-5d0a1fdaa172
2019-09-26 15:13:59,782 [b3e939fd-eb36-468b-9efe-5d0a1fdaa172@group-C7BB781426AF-SegmentedRaftLogWorker] ERROR segmented.SegmentedRaftLogWorker (SegmentedRaftLogWorker.java:run(323)) - b3e939fd-eb36-468b-9efe-5d0a1fdaa172@group-C7BB781426AF-SegmentedRaftLogWorker hit exception
java.lang.OutOfMemoryError: Direct buffer memory
	at java.nio.Bits.reserveMemory(Bits.java:666)
	at java.nio.DirectByteBuffer.<init>(DirectByteBuffer.java:123)
	at java.nio.ByteBuffer.allocateDirect(ByteBuffer.java:311)
	at org.apache.ratis.server.raftlog.segmented.BufferedWriteChannel.<init>(BufferedWriteChannel.java:41)
	at org.apache.ratis.server.raftlog.segmented.SegmentedRaftLogOutputStream.<init>(SegmentedRaftLogOutputStream.java:72)
	at org.apache.ratis.server.raftlog.segmented.SegmentedRaftLogWorker$StartLogSegment.execute(SegmentedRaftLogWorker.java:566)
	at org.apache.ratis.server.raftlog.segmented.SegmentedRaftLogWorker.run(SegmentedRaftLogWorker.java:289)
	at java.lang.Thread.run(Thread.java:748)
2019-09-26 15:13:59,441 [b3e939fd-eb36-468b-9efe-5d0a1fdaa172@group-0531D8DEB565:LeaderElection270] INFO  impl.RaftServerImpl (ServerState.java:setRaftConf(354)) - b3e939fd-eb36-468b-9efe-5d0a1fdaa172@group-0531D8DEB565: set configuration 0: [b3e939fd-eb36-468b-9efe-5d0a1fdaa172:192.168.151.99:45433], old=null at 0
2019-09-26 15:13:59,440 [b3e939fd-eb36-468b-9efe-5d0a1fdaa172@group-ED5485EA5ACD-SegmentedRaftLogWorker] ERROR segmented.SegmentedRaftLogWorker (SegmentedRaftLogWorker.java:run(323)) - b3e939fd-eb36-468b-9efe-5d0a1fdaa172@group-ED5485EA5ACD-SegmentedRaftLogWorker hit exception
java.lang.OutOfMemoryError: Direct buffer memory
	at java.nio.Bits.reserveMemory(Bits.java:666)
	at java.nio.DirectByteBuffer.<init>(DirectByteBuffer.java:123)
	at java.nio.ByteBuffer.allocateDirect(ByteBuffer.java:311)
	at org.apache.ratis.server.raftlog.segmented.BufferedWriteChannel.<init>(BufferedWriteChannel.java:41)
	at org.apache.ratis.server.raftlog.segmented.SegmentedRaftLogOutputStream.<init>(SegmentedRaftLogOutputStream.java:72)
	at org.apache.ratis.server.raftlog.segmented.SegmentedRaftLogWorker$StartLogSegment.execute(SegmentedRaftLogWorker.java:566)
	at org.apache.ratis.server.raftlog.segmented.SegmentedRaftLogWorker.run(SegmentedRaftLogWorker.java:289)
	at java.lang.Thread.run(Thread.java:748)
2019-09-26 15:13:59,253 [b3e939fd-eb36-468b-9efe-5d0a1fdaa172@group-82F2C342C520-SegmentedRaftLogWorker] INFO  impl.RaftServerImpl (RaftServerImpl.java:lambda$shutdown$3(251)) - b3e939fd-eb36-468b-9efe-5d0a1fdaa172@group-82F2C342C520: shutdown
2019-09-26 15:13:59,253 [b3e939fd-eb36-468b-9efe-5d0a1fdaa172@group-7ED9DECB8A6B-SegmentedRaftLogWorker] INFO  util.JmxRegister (JmxRegister.java:unregister(73)) - Successfully un-registered JMX Bean with object name Ratis:service=RaftServer,group=group-7ED9DECB8A6B,id=b3e939fd-eb36-468b-9efe-5d0a1fdaa172
2019-09-26 15:13:59,252 [b3e939fd-eb36-468b-9efe-5d0a1fdaa172@group-711EE27C9E35:LeaderElection303] INFO  impl.RaftServerImpl (ServerState.java:setRaftConf(354)) - b3e939fd-eb36-468b-9efe-5d0a1fdaa172@group-711EE27C9E35: set configuration 0: [b3e939fd-eb36-468b-9efe-5d0a1fdaa172:192.168.151.99:45433], old=null at 0
2019-09-26 15:13:59,252 [b3e939fd-eb36-468b-9efe-5d0a1fdaa172@group-CD5FC8CEC3A3-SegmentedRaftLogWorker] INFO  impl.StateMachineUpdater (StateMachineUpdater.java:stopAndJoin(125)) - b3e939fd-eb36-468b-9efe-5d0a1fdaa172@group-CD5FC8CEC3A3-StateMachineUpdater: set stopIndex = -1
2019-09-26 15:14:01,004 [b3e939fd-eb36-468b-9efe-5d0a1fdaa172@group-CD5FC8CEC3A3-SegmentedRaftLogWorker] INFO  impl.RaftServerImpl (ServerState.java:close(385)) - b3e939fd-eb36-468b-9efe-5d0a1fdaa172@group-CD5FC8CEC3A3: closes. applyIndex: -1
2019-09-26 15:14:01,004 [b3e939fd-eb36-468b-9efe-5d0a1fdaa172@group-CD5FC8CEC3A3-SegmentedRaftLogWorker] INFO  segmented.SegmentedRaftLogWorker (SegmentedRaftLogWorker.java:close(228)) - b3e939fd-eb36-468b-9efe-5d0a1fdaa172@group-CD5FC8CEC3A3-SegmentedRaftLogWorker close()
2019-09-26 15:13:59,252 [b3e939fd-eb36-468b-9efe-5d0a1fdaa172@group-302304666DE6-SegmentedRaftLogWorker] INFO  util.JmxRegister (JmxRegister.java:unregister(73)) - Successfully un-registered JMX Bean with object name Ratis:service=RaftServer,group=group-302304666DE6,id=b3e939fd-eb36-468b-9efe-5d0a1fdaa172
2019-09-26 15:14:01,004 [b3e939fd-eb36-468b-9efe-5d0a1fdaa172@group-302304666DE6-SegmentedRaftLogWorker] INFO  impl.RoleInfo (RoleInfo.java:shutdownLeaderState(104)) - b3e939fd-eb36-468b-9efe-5d0a1fdaa172: shutdown LeaderState
2019-09-26 15:14:01,004 [b3e939fd-eb36-468b-9efe-5d0a1fdaa172@group-302304666DE6-SegmentedRaftLogWorker] INFO  impl.PendingRequests (PendingRequests.java:sendNotLeaderResponses(202)) - b3e939fd-eb36-468b-9efe-5d0a1fdaa172-PendingRequests: sendNotLeaderResponses
2019-09-26 15:14:01,004 [b3e939fd-eb36-468b-9efe-5d0a1fdaa172@group-302304666DE6-SegmentedRaftLogWorker] INFO  impl.StateMachineUpdater (StateMachineUpdater.java:stopAndJoin(125)) - b3e939fd-eb36-468b-9efe-5d0a1fdaa172@group-302304666DE6-StateMachineUpdater: set stopIndex = -1
2019-09-26 15:14:01,004 [b3e939fd-eb36-468b-9efe-5d0a1fdaa172@group-302304666DE6-SegmentedRaftLogWorker] INFO  impl.RaftServerImpl (ServerState.java:close(385)) - b3e939fd-eb36-468b-9efe-5d0a1fdaa172@group-302304666DE6: closes. applyIndex: -1
2019-09-26 15:14:01,005 [b3e939fd-eb36-468b-9efe-5d0a1fdaa172@group-302304666DE6-SegmentedRaftLogWorker] INFO  segmented.SegmentedRaftLogWorker (SegmentedRaftLogWorker.java:close(228)) - b3e939fd-eb36-468b-9efe-5d0a1fdaa172@group-302304666DE6-SegmentedRaftLogWorker close()
2019-09-26 15:13:59,252 [b3e939fd-eb36-468b-9efe-5d0a1fdaa172@group-B87D49FAC1EB-SegmentedRaftLogWorker] INFO  segmented.SegmentedRaftLogWorker (SegmentedRaftLogWorker.java:close(228)) - b3e939fd-eb36-468b-9efe-5d0a1fdaa172@group-B87D49FAC1EB-SegmentedRaftLogWorker close()
2019-09-26 15:13:59,250 [b3e939fd-eb36-468b-9efe-5d0a1fdaa172@group-84DF8E7A77E0-SegmentedRaftLogWorker] ERROR segmented.SegmentedRaftLogWorker (SegmentedRaftLogWorker.java:run(323)) - b3e939fd-eb36-468b-9efe-5d0a1fdaa172@group-84DF8E7A77E0-SegmentedRaftLogWorker hit exception
java.lang.OutOfMemoryError: Direct buffer memory
	at java.nio.Bits.reserveMemory(Bits.java:666)
	at java.nio.DirectByteBuffer.<init>(DirectByteBuffer.java:123)
	at java.nio.ByteBuffer.allocateDirect(ByteBuffer.java:311)
	at org.apache.ratis.server.raftlog.segmented.BufferedWriteChannel.<init>(BufferedWriteChannel.java:41)
	at org.apache.ratis.server.raftlog.segmented.SegmentedRaftLogOutputStream.<init>(SegmentedRaftLogOutputStream.java:72)
	at org.apache.ratis.server.raftlog.segmented.SegmentedRaftLogWorker$StartLogSegment.execute(SegmentedRaftLogWorker.java:566)
	at org.apache.ratis.server.raftlog.segmented.SegmentedRaftLogWorker.run(SegmentedRaftLogWorker.java:289)
	at java.lang.Thread.run(Thread.java:748)
2019-09-26 15:13:59,051 [b3e939fd-eb36-468b-9efe-5d0a1fdaa172@group-71A36764AA64:LeaderElection300] INFO  impl.RaftServerImpl (ServerState.java:setRaftConf(354)) - b3e939fd-eb36-468b-9efe-5d0a1fdaa172@group-71A36764AA64: set configuration 0: [b3e939fd-eb36-468b-9efe-5d0a1fdaa172:192.168.151.99:45433], old=null at 0
2019-09-26 15:13:59,050 [b3e939fd-eb36-468b-9efe-5d0a1fdaa172@group-33913256AF98-SegmentedRaftLogWorker] INFO  util.JmxRegister (JmxRegister.java:unregister(73)) - Successfully un-registered JMX Bean with object name Ratis:service=RaftServer,group=group-33913256AF98,id=b3e939fd-eb36-468b-9efe-5d0a1fdaa172
2019-09-26 15:14:01,008 [b3e939fd-eb36-468b-9efe-5d0a1fdaa172@group-33913256AF98-SegmentedRaftLogWorker] INFO  impl.RoleInfo (RoleInfo.java:shutdownLeaderState(104)) - b3e939fd-eb36-468b-9efe-5d0a1fdaa172: shutdown LeaderState
2019-09-26 15:13:59,050 [b3e939fd-eb36-468b-9efe-5d0a1fdaa172@group-8292B21D7178-SegmentedRaftLogWorker] INFO  impl.RaftServerImpl (RaftServerImpl.java:lambda$shutdown$3(251)) - b3e939fd-eb36-468b-9efe-5d0a1fdaa172@group-8292B21D7178: shutdown
2019-09-26 15:13:59,050 [b3e939fd-eb36-468b-9efe-5d0a1fdaa172@group-439DC12DB850-SegmentedRaftLogWorker] INFO  impl.RaftServerImpl (RaftServerImpl.java:lambda$shutdown$3(251)) - b3e939fd-eb36-468b-9efe-5d0a1fdaa172@group-439DC12DB850: shutdown
2019-09-26 15:13:59,050 [b3e939fd-eb36-468b-9efe-5d0a1fdaa172@group-B6785E685516-SegmentedRaftLogWorker] INFO  impl.RaftServerImpl (RaftServerImpl.java:lambda$shutdown$3(251)) - b3e939fd-eb36-468b-9efe-5d0a1fdaa172@group-B6785E685516: shutdown
2019-09-26 15:13:58,872 [b3e939fd-eb36-468b-9efe-5d0a1fdaa172@group-752F8CC2B31E-SegmentedRaftLogWorker] INFO  impl.RaftServerImpl (RaftServerImpl.java:lambda$shutdown$3(251)) - b3e939fd-eb36-468b-9efe-5d0a1fdaa172@group-752F8CC2B31E: shutdown
2019-09-26 15:13:59,047 [b3e939fd-eb36-468b-9efe-5d0a1fdaa172@group-EEC0B09CDA31-SegmentedRaftLogWorker] ERROR segmented.SegmentedRaftLogWorker (SegmentedRaftLogWorker.java:run(323)) - b3e939fd-eb36-468b-9efe-5d0a1fdaa172@group-EEC0B09CDA31-SegmentedRaftLogWorker hit exception
java.lang.OutOfMemoryError: Direct buffer memory
	at java.nio.Bits.reserveMemory(Bits.java:666)
	at java.nio.DirectByteBuffer.<init>(DirectByteBuffer.java:123)
	at java.nio.ByteBuffer.allocateDirect(ByteBuffer.java:311)
	at org.apache.ratis.server.raftlog.segmented.BufferedWriteChannel.<init>(BufferedWriteChannel.java:41)
	at org.apache.ratis.server.raftlog.segmented.SegmentedRaftLogOutputStream.<init>(SegmentedRaftLogOutputStream.java:72)
	at org.apache.ratis.server.raftlog.segmented.SegmentedRaftLogWorker$StartLogSegment.execute(SegmentedRaftLogWorker.java:566)
	at org.apache.ratis.server.raftlog.segmented.SegmentedRaftLogWorker.run(SegmentedRaftLogWorker.java:289)
	at java.lang.Thread.run(Thread.java:748)
2019-09-26 15:13:58,872 [b3e939fd-eb36-468b-9efe-5d0a1fdaa172@group-92F7CC5958C9-SegmentedRaftLogWorker] INFO  impl.RaftServerImpl (ServerState.java:close(385)) - b3e939fd-eb36-468b-9efe-5d0a1fdaa172@group-92F7CC5958C9: closes. applyIndex: -1
2019-09-26 15:13:58,872 [b3e939fd-eb36-468b-9efe-5d0a1fdaa172@group-68CC56D33CDB-SegmentedRaftLogWorker] INFO  impl.RaftServerImpl (RaftServerImpl.java:lambda$shutdown$3(251)) - b3e939fd-eb36-468b-9efe-5d0a1fdaa172@group-68CC56D33CDB: shutdown
2019-09-26 15:13:58,871 [b3e939fd-eb36-468b-9efe-5d0a1fdaa172@group-CA0F44176545-SegmentedRaftLogWorker] INFO  impl.RaftServerImpl (RaftServerImpl.java:lambda$shutdown$3(251)) - b3e939fd-eb36-468b-9efe-5d0a1fdaa172@group-CA0F44176545: shutdown
2019-09-26 15:13:58,701 [b3e939fd-eb36-468b-9efe-5d0a1fdaa172@group-25745E01B0BD-SegmentedRaftLogWorker] INFO  impl.RoleInfo (RoleInfo.java:shutdownLeaderState(104)) - b3e939fd-eb36-468b-9efe-5d0a1fdaa172: shutdown LeaderState
2019-09-26 15:14:01,010 [b3e939fd-eb36-468b-9efe-5d0a1fdaa172@group-25745E01B0BD-SegmentedRaftLogWorker] INFO  impl.PendingRequests (PendingRequests.java:sendNotLeaderResponses(202)) - b3e939fd-eb36-468b-9efe-5d0a1fdaa172-PendingRequests: sendNotLeaderResponses
2019-09-26 15:13:58,701 [b3e939fd-eb36-468b-9efe-5d0a1fdaa172@group-ECF09D41D404:LeaderElection278] INFO  impl.RaftServerImpl (ServerState.java:setRaftConf(354)) - b3e939fd-eb36-468b-9efe-5d0a1fdaa172@group-ECF09D41D404: set configuration 0: [b3e939fd-eb36-468b-9efe-5d0a1fdaa172:192.168.151.99:45433], old=null at 0
2019-09-26 15:13:58,701 [b3e939fd-eb36-468b-9efe-5d0a1fdaa172@group-9591EA67C8C0-SegmentedRaftLogWorker] INFO  impl.PendingRequests (PendingRequests.java:sendNotLeaderResponses(202)) - b3e939fd-eb36-468b-9efe-5d0a1fdaa172-PendingRequests: sendNotLeaderResponses
2019-09-26 15:13:58,701 [b3e939fd-eb36-468b-9efe-5d0a1fdaa172@group-82208FB82218-SegmentedRaftLogWorker] INFO  segmented.SegmentedRaftLogWorker (SegmentedRaftLogWorker.java:close(228)) - b3e939fd-eb36-468b-9efe-5d0a1fdaa172@group-82208FB82218-SegmentedRaftLogWorker close()
2019-09-26 15:13:58,701 [b3e939fd-eb36-468b-9efe-5d0a1fdaa172@group-7BA823644DD2-SegmentedRaftLogWorker] INFO  impl.RoleInfo (RoleInfo.java:shutdownLeaderState(104)) - b3e939fd-eb36-468b-9efe-5d0a1fdaa172: shutdown LeaderState
2019-09-26 15:13:58,701 [b3e939fd-eb36-468b-9efe-5d0a1fdaa172@group-05F1D5DB38B1-SegmentedRaftLogWorker] INFO  segmented.SegmentedRaftLogWorker (SegmentedRaftLogWorker.java:close(228)) - b3e939fd-eb36-468b-9efe-5d0a1fdaa172@group-05F1D5DB38B1-SegmentedRaftLogWorker close()
2019-09-26 15:13:58,700 [b3e939fd-eb36-468b-9efe-5d0a1fdaa172@group-1B7B953A35B5:LeaderElection281] INFO  impl.RaftServerImpl (ServerState.java:setRaftConf(354)) - b3e939fd-eb36-468b-9efe-5d0a1fdaa172@group-1B7B953A35B5: set configuration 0: [b3e939fd-eb36-468b-9efe-5d0a1fdaa172:192.168.151.99:45433], old=null at 0
2019-09-26 15:14:01,010 [b3e939fd-eb36-468b-9efe-5d0a1fdaa172@group-7BA823644DD2-SegmentedRaftLogWorker] INFO  impl.PendingRequests (PendingRequests.java:sendNotLeaderResponses(202)) - b3e939fd-eb36-468b-9efe-5d0a1fdaa172-PendingRequests: sendNotLeaderResponses
2019-09-26 15:14:01,010 [b3e939fd-eb36-468b-9efe-5d0a1fdaa172@group-9591EA67C8C0-SegmentedRaftLogWorker] INFO  impl.StateMachineUpdater (StateMachineUpdater.java:stopAndJoin(125)) - b3e939fd-eb36-468b-9efe-5d0a1fdaa172@group-9591EA67C8C0-StateMachineUpdater: set stopIndex = -1
2019-09-26 15:14:01,010 [b3e939fd-eb36-468b-9efe-5d0a1fdaa172@group-25745E01B0BD-SegmentedRaftLogWorker] INFO  impl.StateMachineUpdater (StateMachineUpdater.java:stopAndJoin(125)) - b3e939fd-eb36-468b-9efe-5d0a1fdaa172@group-25745E01B0BD-StateMachineUpdater: set stopIndex = -1
2019-09-26 15:14:01,010 [b3e939fd-eb36-468b-9efe-5d0a1fdaa172@group-CA0F44176545-SegmentedRaftLogWorker] INFO  util.JmxRegister (JmxRegister.java:unregister(73)) - Successfully un-registered JMX Bean with object name Ratis:service=RaftServer,group=group-CA0F44176545,id=b3e939fd-eb36-468b-9efe-5d0a1fdaa172
2019-09-26 15:14:01,009 [b3e939fd-eb36-468b-9efe-5d0a1fdaa172@group-68CC56D33CDB-SegmentedRaftLogWorker] INFO  util.JmxRegister (JmxRegister.java:unregister(73)) - Successfully un-registered JMX Bean with object name Ratis:service=RaftServer,group=group-68CC56D33CDB,id=b3e939fd-eb36-468b-9efe-5d0a1fdaa172
2019-09-26 15:14:01,009 [b3e939fd-eb36-468b-9efe-5d0a1fdaa172@group-92F7CC5958C9-SegmentedRaftLogWorker] INFO  segmented.SegmentedRaftLogWorker (SegmentedRaftLogWorker.java:close(228)) - b3e939fd-eb36-468b-9efe-5d0a1fdaa172@group-92F7CC5958C9-SegmentedRaftLogWorker close()
2019-09-26 15:14:01,009 [b3e939fd-eb36-468b-9efe-5d0a1fdaa172@group-EEC0B09CDA31-SegmentedRaftLogWorker] INFO  impl.RaftServerImpl (RaftServerImpl.java:lambda$shutdown$3(251)) - b3e939fd-eb36-468b-9efe-5d0a1fdaa172@group-EEC0B09CDA31: shutdown
2019-09-26 15:14:01,009 [b3e939fd-eb36-468b-9efe-5d0a1fdaa172@group-752F8CC2B31E-SegmentedRaftLogWorker] INFO  util.JmxRegister (JmxRegister.java:unregister(73)) - Successfully un-registered JMX Bean with object name Ratis:service=RaftServer,group=group-752F8CC2B31E,id=b3e939fd-eb36-468b-9efe-5d0a1fdaa172
2019-09-26 15:14:01,009 [b3e939fd-eb36-468b-9efe-5d0a1fdaa172@group-B6785E685516-SegmentedRaftLogWorker] INFO  util.JmxRegister (JmxRegister.java:unregister(73)) - Successfully un-registered JMX Bean with object name Ratis:service=RaftServer,group=group-B6785E685516,id=b3e939fd-eb36-468b-9efe-5d0a1fdaa172
2019-09-26 15:14:01,009 [b3e939fd-eb36-468b-9efe-5d0a1fdaa172@group-439DC12DB850-SegmentedRaftLogWorker] INFO  util.JmxRegister (JmxRegister.java:unregister(73)) - Successfully un-registered JMX Bean with object name Ratis:service=RaftServer,group=group-439DC12DB850,id=b3e939fd-eb36-468b-9efe-5d0a1fdaa172
2019-09-26 15:14:01,008 [b3e939fd-eb36-468b-9efe-5d0a1fdaa172@group-8292B21D7178-SegmentedRaftLogWorker] INFO  util.JmxRegister (JmxRegister.java:unregister(73)) - Successfully un-registered JMX Bean with object name Ratis:service=RaftServer,group=group-8292B21D7178,id=b3e939fd-eb36-468b-9efe-5d0a1fdaa172
2019-09-26 15:14:01,008 [b3e939fd-eb36-468b-9efe-5d0a1fdaa172@group-33913256AF98-SegmentedRaftLogWorker] INFO  impl.PendingRequests (PendingRequests.java:sendNotLeaderResponses(202)) - b3e939fd-eb36-468b-9efe-5d0a1fdaa172-PendingRequests: sendNotLeaderResponses
2019-09-26 15:14:01,008 [b3e939fd-eb36-468b-9efe-5d0a1fdaa172@group-84DF8E7A77E0-SegmentedRaftLogWorker] INFO  impl.RaftServerImpl (RaftServerImpl.java:lambda$shutdown$3(251)) - b3e939fd-eb36-468b-9efe-5d0a1fdaa172@group-84DF8E7A77E0: shutdown
2019-09-26 15:14:01,003 [b3e939fd-eb36-468b-9efe-5d0a1fdaa172@group-7ED9DECB8A6B-SegmentedRaftLogWorker] INFO  impl.RoleInfo (RoleInfo.java:shutdownLeaderState(104)) - b3e939fd-eb36-468b-9efe-5d0a1fdaa172: shutdown LeaderState
2019-09-26 15:14:01,003 [b3e939fd-eb36-468b-9efe-5d0a1fdaa172@group-82F2C342C520-SegmentedRaftLogWorker] INFO  util.JmxRegister (JmxRegister.java:unregister(73)) - Successfully un-registered JMX Bean with object name Ratis:service=RaftServer,group=group-82F2C342C520,id=b3e939fd-eb36-468b-9efe-5d0a1fdaa172
2019-09-26 15:14:01,003 [b3e939fd-eb36-468b-9efe-5d0a1fdaa172@group-1B7B953A35B5-SegmentedRaftLogWorker] ERROR segmented.SegmentedRaftLogWorker (SegmentedRaftLogWorker.java:run(323)) - b3e939fd-eb36-468b-9efe-5d0a1fdaa172@group-1B7B953A35B5-SegmentedRaftLogWorker hit exception
java.lang.OutOfMemoryError: Direct buffer memory
	at java.nio.Bits.reserveMemory(Bits.java:666)
	at java.nio.DirectByteBuffer.<init>(DirectByteBuffer.java:123)
	at java.nio.ByteBuffer.allocateDirect(ByteBuffer.java:311)
	at org.apache.ratis.server.raftlog.segmented.BufferedWriteChannel.<init>(BufferedWriteChannel.java:41)
	at org.apache.ratis.server.raftlog.segmented.SegmentedRaftLogOutputStream.<init>(SegmentedRaftLogOutputStream.java:72)
	at org.apache.ratis.server.raftlog.segmented.SegmentedRaftLogWorker$StartLogSegment.execute(SegmentedRaftLogWorker.java:566)
	at org.apache.ratis.server.raftlog.segmented.SegmentedRaftLogWorker.run(SegmentedRaftLogWorker.java:289)
	at java.lang.Thread.run(Thread.java:748)
2019-09-26 15:14:00,796 [b3e939fd-eb36-468b-9efe-5d0a1fdaa172@group-ED5485EA5ACD-SegmentedRaftLogWorker] INFO  impl.RaftServerImpl (RaftServerImpl.java:lambda$shutdown$3(251)) - b3e939fd-eb36-468b-9efe-5d0a1fdaa172@group-ED5485EA5ACD: shutdown
2019-09-26 15:14:01,013 [b3e939fd-eb36-468b-9efe-5d0a1fdaa172@group-ED5485EA5ACD-SegmentedRaftLogWorker] INFO  util.JmxRegister (JmxRegister.java:unregister(73)) - Successfully un-registered JMX Bean with object name Ratis:service=RaftServer,group=group-ED5485EA5ACD,id=b3e939fd-eb36-468b-9efe-5d0a1fdaa172
2019-09-26 15:14:01,013 [b3e939fd-eb36-468b-9efe-5d0a1fdaa172@group-ED5485EA5ACD-SegmentedRaftLogWorker] INFO  impl.RoleInfo (RoleInfo.java:shutdownLeaderState(104)) - b3e939fd-eb36-468b-9efe-5d0a1fdaa172: shutdown LeaderState
2019-09-26 15:14:01,013 [b3e939fd-eb36-468b-9efe-5d0a1fdaa172@group-ED5485EA5ACD-SegmentedRaftLogWorker] INFO  impl.PendingRequests (PendingRequests.java:sendNotLeaderResponses(202)) - b3e939fd-eb36-468b-9efe-5d0a1fdaa172-PendingRequests: sendNotLeaderResponses
2019-09-26 15:14:01,013 [b3e939fd-eb36-468b-9efe-5d0a1fdaa172@group-ED5485EA5ACD-SegmentedRaftLogWorker] INFO  impl.StateMachineUpdater (StateMachineUpdater.java:stopAndJoin(125)) - b3e939fd-eb36-468b-9efe-5d0a1fdaa172@group-ED5485EA5ACD-StateMachineUpdater: set stopIndex = -1
2019-09-26 15:14:01,013 [b3e939fd-eb36-468b-9efe-5d0a1fdaa172@group-ED5485EA5ACD-SegmentedRaftLogWorker] INFO  impl.RaftServerImpl (ServerState.java:close(385)) - b3e939fd-eb36-468b-9efe-5d0a1fdaa172@group-ED5485EA5ACD: closes. applyIndex: -1
2019-09-26 15:14:01,014 [b3e939fd-eb36-468b-9efe-5d0a1fdaa172@group-ED5485EA5ACD-SegmentedRaftLogWorker] INFO  segmented.SegmentedRaftLogWorker (SegmentedRaftLogWorker.java:close(228)) - b3e939fd-eb36-468b-9efe-5d0a1fdaa172@group-ED5485EA5ACD-SegmentedRaftLogWorker close()
2019-09-26 15:14:00,792 [b3e939fd-eb36-468b-9efe-5d0a1fdaa172@group-C7BB781426AF-SegmentedRaftLogWorker] INFO  impl.RaftServerImpl (RaftServerImpl.java:lambda$shutdown$3(251)) - b3e939fd-eb36-468b-9efe-5d0a1fdaa172@group-C7BB781426AF: shutdown
2019-09-26 15:14:00,792 [b3e939fd-eb36-468b-9efe-5d0a1fdaa172@group-5C693F90868A-SegmentedRaftLogWorker] INFO  impl.RoleInfo (RoleInfo.java:shutdownLeaderState(104)) - b3e939fd-eb36-468b-9efe-5d0a1fdaa172: shutdown LeaderState
2019-09-26 15:14:00,792 [b3e939fd-eb36-468b-9efe-5d0a1fdaa172@group-5152959DB5D4-SegmentedRaftLogWorker] INFO  impl.StateMachineUpdater (StateMachineUpdater.java:stopAndJoin(125)) - b3e939fd-eb36-468b-9efe-5d0a1fdaa172@group-5152959DB5D4-StateMachineUpdater: set stopIndex = -1
2019-09-26 15:14:01,014 [b3e939fd-eb36-468b-9efe-5d0a1fdaa172@group-5152959DB5D4-SegmentedRaftLogWorker] INFO  impl.RaftServerImpl (ServerState.java:close(385)) - b3e939fd-eb36-468b-9efe-5d0a1fdaa172@group-5152959DB5D4: closes. applyIndex: -1
2019-09-26 15:14:01,014 [b3e939fd-eb36-468b-9efe-5d0a1fdaa172@group-5152959DB5D4-SegmentedRaftLogWorker] INFO  segmented.SegmentedRaftLogWorker (SegmentedRaftLogWorker.java:close(228)) - b3e939fd-eb36-468b-9efe-5d0a1fdaa172@group-5152959DB5D4-SegmentedRaftLogWorker close()
2019-09-26 15:14:00,791 [b3e939fd-eb36-468b-9efe-5d0a1fdaa172@group-1BDA4246E368-SegmentedRaftLogWorker] INFO  impl.RaftServerImpl (RaftServerImpl.java:lambda$shutdown$3(251)) - b3e939fd-eb36-468b-9efe-5d0a1fdaa172@group-1BDA4246E368: shutdown
2019-09-26 15:14:01,015 [b3e939fd-eb36-468b-9efe-5d0a1fdaa172@group-1BDA4246E368-SegmentedRaftLogWorker] INFO  util.JmxRegister (JmxRegister.java:unregister(73)) - Successfully un-registered JMX Bean with object name Ratis:service=RaftServer,group=group-1BDA4246E368,id=b3e939fd-eb36-468b-9efe-5d0a1fdaa172
2019-09-26 15:14:01,015 [b3e939fd-eb36-468b-9efe-5d0a1fdaa172@group-1BDA4246E368-SegmentedRaftLogWorker] INFO  impl.RoleInfo (RoleInfo.java:shutdownLeaderState(104)) - b3e939fd-eb36-468b-9efe-5d0a1fdaa172: shutdown LeaderState
2019-09-26 15:14:00,791 [b3e939fd-eb36-468b-9efe-5d0a1fdaa172@group-7F7680AB9573-SegmentedRaftLogWorker] INFO  segmented.SegmentedRaftLogWorker (SegmentedRaftLogWorker.java:close(228)) - b3e939fd-eb36-468b-9efe-5d0a1fdaa172@group-7F7680AB9573-SegmentedRaftLogWorker close()
2019-09-26 15:14:00,791 [b3e939fd-eb36-468b-9efe-5d0a1fdaa172@group-3BF504006062-SegmentedRaftLogWorker] INFO  impl.RaftServerImpl (ServerState.java:close(385)) - b3e939fd-eb36-468b-9efe-5d0a1fdaa172@group-3BF504006062: closes. applyIndex: -1
2019-09-26 15:14:00,791 [b3e939fd-eb36-468b-9efe-5d0a1fdaa172@group-8510E27DA55F-SegmentedRaftLogWorker] INFO  impl.RoleInfo (RoleInfo.java:shutdownLeaderState(104)) - b3e939fd-eb36-468b-9efe-5d0a1fdaa172: shutdown LeaderState
2019-09-26 15:14:00,791 [b3e939fd-eb36-468b-9efe-5d0a1fdaa172@group-F11DE81BFF74-SegmentedRaftLogWorker] INFO  impl.RaftServerImpl (RaftServerImpl.java:lambda$shutdown$3(251)) - b3e939fd-eb36-468b-9efe-5d0a1fdaa172@group-F11DE81BFF74: shutdown
2019-09-26 15:14:00,791 [b3e939fd-eb36-468b-9efe-5d0a1fdaa172@group-F4FE86D2BCDD-SegmentedRaftLogWorker] INFO  segmented.SegmentedRaftLogWorker (SegmentedRaftLogWorker.java:close(228)) - b3e939fd-eb36-468b-9efe-5d0a1fdaa172@group-F4FE86D2BCDD-SegmentedRaftLogWorker close()
2019-09-26 15:14:00,790 [b3e939fd-eb36-468b-9efe-5d0a1fdaa172@group-6AE5FF705F7D-SegmentedRaftLogWorker] INFO  impl.PendingRequests (PendingRequests.java:sendNotLeaderResponses(202)) - b3e939fd-eb36-468b-9efe-5d0a1fdaa172-PendingRequests: sendNotLeaderResponses
2019-09-26 15:14:00,790 [b3e939fd-eb36-468b-9efe-5d0a1fdaa172@group-1A6945A2EB5D-SegmentedRaftLogWorker] INFO  impl.StateMachineUpdater (StateMachineUpdater.java:stopAndJoin(125)) - b3e939fd-eb36-468b-9efe-5d0a1fdaa172@group-1A6945A2EB5D-StateMachineUpdater: set stopIndex = -1
2019-09-26 15:14:00,790 [b3e939fd-eb36-468b-9efe-5d0a1fdaa172@group-F3ED5FA15865-SegmentedRaftLogWorker] INFO  util.JmxRegister (JmxRegister.java:unregister(73)) - Successfully un-registered JMX Bean with object name Ratis:service=RaftServer,group=group-F3ED5FA15865,id=b3e939fd-eb36-468b-9efe-5d0a1fdaa172
2019-09-26 15:14:00,790 [b3e939fd-eb36-468b-9efe-5d0a1fdaa172@group-B602AE1BC508-SegmentedRaftLogWorker] INFO  util.JmxRegister (JmxRegister.java:unregister(73)) - Successfully un-registered JMX Bean with object name Ratis:service=RaftServer,group=group-B602AE1BC508,id=b3e939fd-eb36-468b-9efe-5d0a1fdaa172
2019-09-26 15:14:01,016 [b3e939fd-eb36-468b-9efe-5d0a1fdaa172@group-F3ED5FA15865-SegmentedRaftLogWorker] INFO  impl.RoleInfo (RoleInfo.java:shutdownLeaderState(104)) - b3e939fd-eb36-468b-9efe-5d0a1fdaa172: shutdown LeaderState
2019-09-26 15:14:01,016 [b3e939fd-eb36-468b-9efe-5d0a1fdaa172@group-1A6945A2EB5D-SegmentedRaftLogWorker] INFO  impl.RaftServerImpl (ServerState.java:close(385)) - b3e939fd-eb36-468b-9efe-5d0a1fdaa172@group-1A6945A2EB5D: closes. applyIndex: -1
2019-09-26 15:14:01,016 [b3e939fd-eb36-468b-9efe-5d0a1fdaa172@group-6AE5FF705F7D-SegmentedRaftLogWorker] INFO  impl.StateMachineUpdater (StateMachineUpdater.java:stopAndJoin(125)) - b3e939fd-eb36-468b-9efe-5d0a1fdaa172@group-6AE5FF705F7D-StateMachineUpdater: set stopIndex = -1
2019-09-26 15:14:01,016 [b3e939fd-eb36-468b-9efe-5d0a1fdaa172@group-1A6945A2EB5D-SegmentedRaftLogWorker] INFO  segmented.SegmentedRaftLogWorker (SegmentedRaftLogWorker.java:close(228)) - b3e939fd-eb36-468b-9efe-5d0a1fdaa172@group-1A6945A2EB5D-SegmentedRaftLogWorker close()
2019-09-26 15:14:01,016 [b3e939fd-eb36-468b-9efe-5d0a1fdaa172@group-F11DE81BFF74-SegmentedRaftLogWorker] INFO  util.JmxRegister (JmxRegister.java:unregister(73)) - Successfully un-registered JMX Bean with object name Ratis:service=RaftServer,group=group-F11DE81BFF74,id=b3e939fd-eb36-468b-9efe-5d0a1fdaa172
2019-09-26 15:14:01,015 [b3e939fd-eb36-468b-9efe-5d0a1fdaa172@group-8510E27DA55F-SegmentedRaftLogWorker] INFO  impl.PendingRequests (PendingRequests.java:sendNotLeaderResponses(202)) - b3e939fd-eb36-468b-9efe-5d0a1fdaa172-PendingRequests: sendNotLeaderResponses
2019-09-26 15:14:01,015 [b3e939fd-eb36-468b-9efe-5d0a1fdaa172@group-3BF504006062-SegmentedRaftLogWorker] INFO  segmented.SegmentedRaftLogWorker (SegmentedRaftLogWorker.java:close(228)) - b3e939fd-eb36-468b-9efe-5d0a1fdaa172@group-3BF504006062-SegmentedRaftLogWorker close()
2019-09-26 15:14:01,015 [b3e939fd-eb36-468b-9efe-5d0a1fdaa172@group-1BDA4246E368-SegmentedRaftLogWorker] INFO  impl.PendingRequests (PendingRequests.java:sendNotLeaderResponses(202)) - b3e939fd-eb36-468b-9efe-5d0a1fdaa172-PendingRequests: sendNotLeaderResponses
2019-09-26 15:14:01,014 [b3e939fd-eb36-468b-9efe-5d0a1fdaa172@group-5C693F90868A-SegmentedRaftLogWorker] INFO  impl.PendingRequests (PendingRequests.java:sendNotLeaderResponses(202)) - b3e939fd-eb36-468b-9efe-5d0a1fdaa172-PendingRequests: sendNotLeaderResponses
2019-09-26 15:14:01,014 [b3e939fd-eb36-468b-9efe-5d0a1fdaa172@group-C7BB781426AF-SegmentedRaftLogWorker] INFO  util.JmxRegister (JmxRegister.java:unregister(73)) - Successfully un-registered JMX Bean with object name Ratis:service=RaftServer,group=group-C7BB781426AF,id=b3e939fd-eb36-468b-9efe-5d0a1fdaa172
2019-09-26 15:14:01,013 [b3e939fd-eb36-468b-9efe-5d0a1fdaa172@group-1B7B953A35B5-SegmentedRaftLogWorker] INFO  impl.RaftServerImpl (RaftServerImpl.java:lambda$shutdown$3(251)) - b3e939fd-eb36-468b-9efe-5d0a1fdaa172@group-1B7B953A35B5: shutdown
2019-09-26 15:14:01,013 [b3e939fd-eb36-468b-9efe-5d0a1fdaa172@group-82F2C342C520-SegmentedRaftLogWorker] INFO  impl.RoleInfo (RoleInfo.java:shutdownLeaderState(104)) - b3e939fd-eb36-468b-9efe-5d0a1fdaa172: shutdown LeaderState
2019-09-26 15:14:01,013 [b3e939fd-eb36-468b-9efe-5d0a1fdaa172@group-7ED9DECB8A6B-SegmentedRaftLogWorker] INFO  impl.PendingRequests (PendingRequests.java:sendNotLeaderResponses(202)) - b3e939fd-eb36-468b-9efe-5d0a1fdaa172-PendingRequests: sendNotLeaderResponses
2019-09-26 15:14:01,012 [b3e939fd-eb36-468b-9efe-5d0a1fdaa172@group-84DF8E7A77E0-SegmentedRaftLogWorker] INFO  util.JmxRegister (JmxRegister.java:unregister(73)) - Successfully un-registered JMX Bean with object name Ratis:service=RaftServer,group=group-84DF8E7A77E0,id=b3e939fd-eb36-468b-9efe-5d0a1fdaa172
2019-09-26 15:14:01,012 [b3e939fd-eb36-468b-9efe-5d0a1fdaa172@group-33913256AF98-SegmentedRaftLogWorker] INFO  impl.StateMachineUpdater (StateMachineUpdater.java:stopAndJoin(125)) - b3e939fd-eb36-468b-9efe-5d0a1fdaa172@group-33913256AF98-StateMachineUpdater: set stopIndex = -1
2019-09-26 15:14:01,018 [b3e939fd-eb36-468b-9efe-5d0a1fdaa172@group-33913256AF98-SegmentedRaftLogWorker] INFO  impl.RaftServerImpl (ServerState.java:close(385)) - b3e939fd-eb36-468b-9efe-5d0a1fdaa172@group-33913256AF98: closes. applyIndex: -1
2019-09-26 15:14:01,012 [b3e939fd-eb36-468b-9efe-5d0a1fdaa172@group-8292B21D7178-SegmentedRaftLogWorker] INFO  impl.RoleInfo (RoleInfo.java:shutdownLeaderState(104)) - b3e939fd-eb36-468b-9efe-5d0a1fdaa172: shutdown LeaderState
2019-09-26 15:14:01,012 [b3e939fd-eb36-468b-9efe-5d0a1fdaa172@group-439DC12DB850-SegmentedRaftLogWorker] INFO  impl.RoleInfo (RoleInfo.java:shutdownLeaderState(104)) - b3e939fd-eb36-468b-9efe-5d0a1fdaa172: shutdown LeaderState
2019-09-26 15:14:01,012 [b3e939fd-eb36-468b-9efe-5d0a1fdaa172@group-B6785E685516-SegmentedRaftLogWorker] INFO  impl.RoleInfo (RoleInfo.java:shutdownLeaderState(104)) - b3e939fd-eb36-468b-9efe-5d0a1fdaa172: shutdown LeaderState
2019-09-26 15:14:01,012 [b3e939fd-eb36-468b-9efe-5d0a1fdaa172@group-752F8CC2B31E-SegmentedRaftLogWorker] INFO  impl.RoleInfo (RoleInfo.java:shutdownLeaderState(104)) - b3e939fd-eb36-468b-9efe-5d0a1fdaa172: shutdown LeaderState
2019-09-26 15:14:01,012 [b3e939fd-eb36-468b-9efe-5d0a1fdaa172@group-EEC0B09CDA31-SegmentedRaftLogWorker] INFO  util.JmxRegister (JmxRegister.java:unregister(73)) - Successfully un-registered JMX Bean with object name Ratis:service=RaftServer,group=group-EEC0B09CDA31,id=b3e939fd-eb36-468b-9efe-5d0a1fdaa172
2019-09-26 15:14:01,012 [b3e939fd-eb36-468b-9efe-5d0a1fdaa172@group-68CC56D33CDB-SegmentedRaftLogWorker] INFO  impl.RoleInfo (RoleInfo.java:shutdownLeaderState(104)) - b3e939fd-eb36-468b-9efe-5d0a1fdaa172: shutdown LeaderState
2019-09-26 15:14:01,011 [b3e939fd-eb36-468b-9efe-5d0a1fdaa172@group-CA0F44176545-SegmentedRaftLogWorker] INFO  impl.RoleInfo (RoleInfo.java:shutdownLeaderState(104)) - b3e939fd-eb36-468b-9efe-5d0a1fdaa172: shutdown LeaderState
2019-09-26 15:14:01,011 [b3e939fd-eb36-468b-9efe-5d0a1fdaa172@group-25745E01B0BD-SegmentedRaftLogWorker] INFO  impl.RaftServerImpl (ServerState.java:close(385)) - b3e939fd-eb36-468b-9efe-5d0a1fdaa172@group-25745E01B0BD: closes. applyIndex: -1
2019-09-26 15:14:01,011 [b3e939fd-eb36-468b-9efe-5d0a1fdaa172@group-9591EA67C8C0-SegmentedRaftLogWorker] INFO  impl.RaftServerImpl (ServerState.java:close(385)) - b3e939fd-eb36-468b-9efe-5d0a1fdaa172@group-9591EA67C8C0: closes. applyIndex: -1
2019-09-26 15:14:01,011 [b3e939fd-eb36-468b-9efe-5d0a1fdaa172@group-7BA823644DD2-SegmentedRaftLogWorker] INFO  impl.StateMachineUpdater (StateMachineUpdater.java:stopAndJoin(125)) - b3e939fd-eb36-468b-9efe-5d0a1fdaa172@group-7BA823644DD2-StateMachineUpdater: set stopIndex = -1
2019-09-26 15:14:01,019 [b3e939fd-eb36-468b-9efe-5d0a1fdaa172@group-25745E01B0BD-SegmentedRaftLogWorker] INFO  segmented.SegmentedRaftLogWorker (SegmentedRaftLogWorker.java:close(228)) - b3e939fd-eb36-468b-9efe-5d0a1fdaa172@group-25745E01B0BD-SegmentedRaftLogWorker close()
2019-09-26 15:14:01,018 [b3e939fd-eb36-468b-9efe-5d0a1fdaa172@group-CA0F44176545-SegmentedRaftLogWorker] INFO  impl.PendingRequests (PendingRequests.java:sendNotLeaderResponses(202)) - b3e939fd-eb36-468b-9efe-5d0a1fdaa172-PendingRequests: sendNotLeaderResponses
2019-09-26 15:14:01,018 [b3e939fd-eb36-468b-9efe-5d0a1fdaa172@group-68CC56D33CDB-SegmentedRaftLogWorker] INFO  impl.PendingRequests (PendingRequests.java:sendNotLeaderResponses(202)) - b3e939fd-eb36-468b-9efe-5d0a1fdaa172-PendingRequests: sendNotLeaderResponses
2019-09-26 15:14:01,018 [b3e939fd-eb36-468b-9efe-5d0a1fdaa172@group-EEC0B09CDA31-SegmentedRaftLogWorker] INFO  impl.RoleInfo (RoleInfo.java:shutdownLeaderState(104)) - b3e939fd-eb36-468b-9efe-5d0a1fdaa172: shutdown LeaderState
2019-09-26 15:14:01,018 [b3e939fd-eb36-468b-9efe-5d0a1fdaa172@group-752F8CC2B31E-SegmentedRaftLogWorker] INFO  impl.PendingRequests (PendingRequests.java:sendNotLeaderResponses(202)) - b3e939fd-eb36-468b-9efe-5d0a1fdaa172-PendingRequests: sendNotLeaderResponses
2019-09-26 15:14:01,018 [b3e939fd-eb36-468b-9efe-5d0a1fdaa172@group-B6785E685516-SegmentedRaftLogWorker] INFO  impl.PendingRequests (PendingRequests.java:sendNotLeaderResponses(202)) - b3e939fd-eb36-468b-9efe-5d0a1fdaa172-PendingRequests: sendNotLeaderResponses
2019-09-26 15:14:01,018 [b3e939fd-eb36-468b-9efe-5d0a1fdaa172@group-439DC12DB850-SegmentedRaftLogWorker] INFO  impl.PendingRequests (PendingRequests.java:sendNotLeaderResponses(202)) - b3e939fd-eb36-468b-9efe-5d0a1fdaa172-PendingRequests: sendNotLeaderResponses
2019-09-26 15:14:01,018 [b3e939fd-eb36-468b-9efe-5d0a1fdaa172@group-8292B21D7178-SegmentedRaftLogWorker] INFO  impl.PendingRequests (PendingRequests.java:sendNotLeaderResponses(202)) - b3e939fd-eb36-468b-9efe-5d0a1fdaa172-PendingRequests: sendNotLeaderResponses
2019-09-26 15:14:01,018 [b3e939fd-eb36-468b-9efe-5d0a1fdaa172@group-33913256AF98-SegmentedRaftLogWorker] INFO  segmented.SegmentedRaftLogWorker (SegmentedRaftLogWorker.java:close(228)) - b3e939fd-eb36-468b-9efe-5d0a1fdaa172@group-33913256AF98-SegmentedRaftLogWorker close()
2019-09-26 15:14:01,020 [b3e939fd-eb36-468b-9efe-5d0a1fdaa172@group-8292B21D7178-SegmentedRaftLogWorker] INFO  impl.StateMachineUpdater (StateMachineUpdater.java:stopAndJoin(125)) - b3e939fd-eb36-468b-9efe-5d0a1fdaa172@group-8292B21D7178-StateMachineUpdater: set stopIndex = -1
2019-09-26 15:14:01,018 [b3e939fd-eb36-468b-9efe-5d0a1fdaa172@group-84DF8E7A77E0-SegmentedRaftLogWorker] INFO  impl.RoleInfo (RoleInfo.java:shutdownLeaderState(104)) - b3e939fd-eb36-468b-9efe-5d0a1fdaa172: shutdown LeaderState
2019-09-26 15:14:01,018 [b3e939fd-eb36-468b-9efe-5d0a1fdaa172@group-7ED9DECB8A6B-SegmentedRaftLogWorker] INFO  impl.StateMachineUpdater (StateMachineUpdater.java:stopAndJoin(125)) - b3e939fd-eb36-468b-9efe-5d0a1fdaa172@group-7ED9DECB8A6B-StateMachineUpdater: set stopIndex = -1
2019-09-26 15:14:01,017 [b3e939fd-eb36-468b-9efe-5d0a1fdaa172@group-82F2C342C520-SegmentedRaftLogWorker] INFO  impl.PendingRequests (PendingRequests.java:sendNotLeaderResponses(202)) - b3e939fd-eb36-468b-9efe-5d0a1fdaa172-PendingRequests: sendNotLeaderResponses
2019-09-26 15:14:01,017 [b3e939fd-eb36-468b-9efe-5d0a1fdaa172@group-1B7B953A35B5-SegmentedRaftLogWorker] INFO  util.JmxRegister (JmxRegister.java:unregister(73)) - Successfully un-registered JMX Bean with object name Ratis:service=RaftServer,group=group-1B7B953A35B5,id=b3e939fd-eb36-468b-9efe-5d0a1fdaa172
2019-09-26 15:14:01,017 [b3e939fd-eb36-468b-9efe-5d0a1fdaa172@group-C7BB781426AF-SegmentedRaftLogWorker] INFO  impl.RoleInfo (RoleInfo.java:shutdownLeaderState(104)) - b3e939fd-eb36-468b-9efe-5d0a1fdaa172: shutdown LeaderState
2019-09-26 15:14:01,017 [b3e939fd-eb36-468b-9efe-5d0a1fdaa172@group-5C693F90868A-SegmentedRaftLogWorker] INFO  impl.StateMachineUpdater (StateMachineUpdater.java:stopAndJoin(125)) - b3e939fd-eb36-468b-9efe-5d0a1fdaa172@group-5C693F90868A-StateMachineUpdater: set stopIndex = -1
2019-09-26 15:14:01,017 [b3e939fd-eb36-468b-9efe-5d0a1fdaa172@group-1BDA4246E368-SegmentedRaftLogWorker] INFO  impl.StateMachineUpdater (StateMachineUpdater.java:stopAndJoin(125)) - b3e939fd-eb36-468b-9efe-5d0a1fdaa172@group-1BDA4246E368-StateMachineUpdater: set stopIndex = -1
2019-09-26 15:14:01,021 [b3e939fd-eb36-468b-9efe-5d0a1fdaa172@group-1BDA4246E368-SegmentedRaftLogWorker] INFO  impl.RaftServerImpl (ServerState.java:close(385)) - b3e939fd-eb36-468b-9efe-5d0a1fdaa172@group-1BDA4246E368: closes. applyIndex: -1
2019-09-26 15:14:01,017 [b3e939fd-eb36-468b-9efe-5d0a1fdaa172@group-8510E27DA55F-SegmentedRaftLogWorker] INFO  impl.StateMachineUpdater (StateMachineUpdater.java:stopAndJoin(125)) - b3e939fd-eb36-468b-9efe-5d0a1fdaa172@group-8510E27DA55F-StateMachineUpdater: set stopIndex = -1
2019-09-26 15:14:01,021 [b3e939fd-eb36-468b-9efe-5d0a1fdaa172@group-8510E27DA55F-SegmentedRaftLogWorker] INFO  impl.RaftServerImpl (ServerState.java:close(385)) - b3e939fd-eb36-468b-9efe-5d0a1fdaa172@group-8510E27DA55F: closes. applyIndex: -1
2019-09-26 15:14:01,017 [b3e939fd-eb36-468b-9efe-5d0a1fdaa172@group-F11DE81BFF74-SegmentedRaftLogWorker] INFO  impl.RoleInfo (RoleInfo.java:shutdownLeaderState(104)) - b3e939fd-eb36-468b-9efe-5d0a1fdaa172: shutdown LeaderState
2019-09-26 15:14:01,016 [b3e939fd-eb36-468b-9efe-5d0a1fdaa172@group-6AE5FF705F7D-SegmentedRaftLogWorker] INFO  impl.RaftServerImpl (ServerState.java:close(385)) - b3e939fd-eb36-468b-9efe-5d0a1fdaa172@group-6AE5FF705F7D: closes. applyIndex: -1
2019-09-26 15:14:01,016 [b3e939fd-eb36-468b-9efe-5d0a1fdaa172@group-F3ED5FA15865-SegmentedRaftLogWorker] INFO  impl.PendingRequests (PendingRequests.java:sendNotLeaderResponses(202)) - b3e939fd-eb36-468b-9efe-5d0a1fdaa172-PendingRequests: sendNotLeaderResponses
2019-09-26 15:14:01,016 [b3e939fd-eb36-468b-9efe-5d0a1fdaa172@group-B602AE1BC508-SegmentedRaftLogWorker] INFO  impl.RoleInfo (RoleInfo.java:shutdownLeaderState(104)) - b3e939fd-eb36-468b-9efe-5d0a1fdaa172: shutdown LeaderState
2019-09-26 15:14:01,021 [b3e939fd-eb36-468b-9efe-5d0a1fdaa172@group-F3ED5FA15865-SegmentedRaftLogWorker] INFO  impl.StateMachineUpdater (StateMachineUpdater.java:stopAndJoin(125)) - b3e939fd-eb36-468b-9efe-5d0a1fdaa172@group-F3ED5FA15865-StateMachineUpdater: set stopIndex = -1
2019-09-26 15:14:01,021 [b3e939fd-eb36-468b-9efe-5d0a1fdaa172@group-6AE5FF705F7D-SegmentedRaftLogWorker] INFO  segmented.SegmentedRaftLogWorker (SegmentedRaftLogWorker.java:close(228)) - b3e939fd-eb36-468b-9efe-5d0a1fdaa172@group-6AE5FF705F7D-SegmentedRaftLogWorker close()
2019-09-26 15:14:01,021 [b3e939fd-eb36-468b-9efe-5d0a1fdaa172@group-F11DE81BFF74-SegmentedRaftLogWorker] INFO  impl.PendingRequests (PendingRequests.java:sendNotLeaderResponses(202)) - b3e939fd-eb36-468b-9efe-5d0a1fdaa172-PendingRequests: sendNotLeaderResponses
2019-09-26 15:14:01,021 [b3e939fd-eb36-468b-9efe-5d0a1fdaa172@group-8510E27DA55F-SegmentedRaftLogWorker] INFO  segmented.SegmentedRaftLogWorker (SegmentedRaftLogWorker.java:close(228)) - b3e939fd-eb36-468b-9efe-5d0a1fdaa172@group-8510E27DA55F-SegmentedRaftLogWorker close()
2019-09-26 15:14:01,021 [b3e939fd-eb36-468b-9efe-5d0a1fdaa172@group-1BDA4246E368-SegmentedRaftLogWorker] INFO  segmented.SegmentedRaftLogWorker (SegmentedRaftLogWorker.java:close(228)) - b3e939fd-eb36-468b-9efe-5d0a1fdaa172@group-1BDA4246E368-SegmentedRaftLogWorker close()
2019-09-26 15:14:01,020 [b3e939fd-eb36-468b-9efe-5d0a1fdaa172@group-5C693F90868A-SegmentedRaftLogWorker] INFO  impl.RaftServerImpl (ServerState.java:close(385)) - b3e939fd-eb36-468b-9efe-5d0a1fdaa172@group-5C693F90868A: closes. applyIndex: -1
2019-09-26 15:14:01,020 [b3e939fd-eb36-468b-9efe-5d0a1fdaa172@group-C7BB781426AF-SegmentedRaftLogWorker] INFO  impl.PendingRequests (PendingRequests.java:sendNotLeaderResponses(202)) - b3e939fd-eb36-468b-9efe-5d0a1fdaa172-PendingRequests: sendNotLeaderResponses
2019-09-26 15:14:01,020 [b3e939fd-eb36-468b-9efe-5d0a1fdaa172@group-1B7B953A35B5-SegmentedRaftLogWorker] INFO  impl.RoleInfo (RoleInfo.java:shutdownLeaderState(104)) - b3e939fd-eb36-468b-9efe-5d0a1fdaa172: shutdown LeaderState
2019-09-26 15:14:01,020 [b3e939fd-eb36-468b-9efe-5d0a1fdaa172@group-82F2C342C520-SegmentedRaftLogWorker] INFO  impl.StateMachineUpdater (StateMachineUpdater.java:stopAndJoin(125)) - b3e939fd-eb36-468b-9efe-5d0a1fdaa172@group-82F2C342C520-StateMachineUpdater: set stopIndex = -1
2019-09-26 15:14:01,020 [b3e939fd-eb36-468b-9efe-5d0a1fdaa172@group-7ED9DECB8A6B-SegmentedRaftLogWorker] INFO  impl.RaftServerImpl (ServerState.java:close(385)) - b3e939fd-eb36-468b-9efe-5d0a1fdaa172@group-7ED9DECB8A6B: closes. applyIndex: -1
2019-09-26 15:14:01,020 [b3e939fd-eb36-468b-9efe-5d0a1fdaa172@group-84DF8E7A77E0-SegmentedRaftLogWorker] INFO  impl.PendingRequests (PendingRequests.java:sendNotLeaderResponses(202)) - b3e939fd-eb36-468b-9efe-5d0a1fdaa172-PendingRequests: sendNotLeaderResponses
2019-09-26 15:14:01,020 [b3e939fd-eb36-468b-9efe-5d0a1fdaa172@group-8292B21D7178-SegmentedRaftLogWorker] INFO  impl.RaftServerImpl (ServerState.java:close(385)) - b3e939fd-eb36-468b-9efe-5d0a1fdaa172@group-8292B21D7178: closes. applyIndex: -1
2019-09-26 15:14:01,020 [b3e939fd-eb36-468b-9efe-5d0a1fdaa172@group-439DC12DB850-SegmentedRaftLogWorker] INFO  impl.StateMachineUpdater (StateMachineUpdater.java:stopAndJoin(125)) - b3e939fd-eb36-468b-9efe-5d0a1fdaa172@group-439DC12DB850-StateMachineUpdater: set stopIndex = -1
2019-09-26 15:14:01,022 [b3e939fd-eb36-468b-9efe-5d0a1fdaa172@group-8292B21D7178-SegmentedRaftLogWorker] INFO  segmented.SegmentedRaftLogWorker (SegmentedRaftLogWorker.java:close(228)) - b3e939fd-eb36-468b-9efe-5d0a1fdaa172@group-8292B21D7178-SegmentedRaftLogWorker close()
2019-09-26 15:14:01,020 [b3e939fd-eb36-468b-9efe-5d0a1fdaa172@group-B6785E685516-SegmentedRaftLogWorker] INFO  impl.StateMachineUpdater (StateMachineUpdater.java:stopAndJoin(125)) - b3e939fd-eb36-468b-9efe-5d0a1fdaa172@group-B6785E685516-StateMachineUpdater: set stopIndex = -1
2019-09-26 15:14:01,019 [b3e939fd-eb36-468b-9efe-5d0a1fdaa172@group-752F8CC2B31E-SegmentedRaftLogWorker] INFO  impl.StateMachineUpdater (StateMachineUpdater.java:stopAndJoin(125)) - b3e939fd-eb36-468b-9efe-5d0a1fdaa172@group-752F8CC2B31E-StateMachineUpdater: set stopIndex = -1
2019-09-26 15:14:01,019 [b3e939fd-eb36-468b-9efe-5d0a1fdaa172@group-EEC0B09CDA31-SegmentedRaftLogWorker] INFO  impl.PendingRequests (PendingRequests.java:sendNotLeaderResponses(202)) - b3e939fd-eb36-468b-9efe-5d0a1fdaa172-PendingRequests: sendNotLeaderResponses
2019-09-26 15:14:01,019 [b3e939fd-eb36-468b-9efe-5d0a1fdaa172@group-68CC56D33CDB-SegmentedRaftLogWorker] INFO  impl.StateMachineUpdater (StateMachineUpdater.java:stopAndJoin(125)) - b3e939fd-eb36-468b-9efe-5d0a1fdaa172@group-68CC56D33CDB-StateMachineUpdater: set stopIndex = -1
2019-09-26 15:14:01,019 [b3e939fd-eb36-468b-9efe-5d0a1fdaa172@group-CA0F44176545-SegmentedRaftLogWorker] INFO  impl.StateMachineUpdater (StateMachineUpdater.java:stopAndJoin(125)) - b3e939fd-eb36-468b-9efe-5d0a1fdaa172@group-CA0F44176545-StateMachineUpdater: set stopIndex = -1
2019-09-26 15:14:01,023 [b3e939fd-eb36-468b-9efe-5d0a1fdaa172@group-CA0F44176545-SegmentedRaftLogWorker] INFO  impl.RaftServerImpl (ServerState.java:close(385)) - b3e939fd-eb36-468b-9efe-5d0a1fdaa172@group-CA0F44176545: closes. applyIndex: -1
2019-09-26 15:14:01,019 [b3e939fd-eb36-468b-9efe-5d0a1fdaa172@group-9591EA67C8C0-SegmentedRaftLogWorker] INFO  segmented.SegmentedRaftLogWorker (SegmentedRaftLogWorker.java:close(228)) - b3e939fd-eb36-468b-9efe-5d0a1fdaa172@group-9591EA67C8C0-SegmentedRaftLogWorker close()
2019-09-26 15:14:01,019 [b3e939fd-eb36-468b-9efe-5d0a1fdaa172@group-7BA823644DD2-SegmentedRaftLogWorker] INFO  impl.RaftServerImpl (ServerState.java:close(385)) - b3e939fd-eb36-468b-9efe-5d0a1fdaa172@group-7BA823644DD2: closes. applyIndex: -1
2019-09-26 15:14:01,023 [b3e939fd-eb36-468b-9efe-5d0a1fdaa172@group-CA0F44176545-SegmentedRaftLogWorker] INFO  segmented.SegmentedRaftLogWorker (SegmentedRaftLogWorker.java:close(228)) - b3e939fd-eb36-468b-9efe-5d0a1fdaa172@group-CA0F44176545-SegmentedRaftLogWorker close()
2019-09-26 15:14:01,023 [b3e939fd-eb36-468b-9efe-5d0a1fdaa172@group-68CC56D33CDB-SegmentedRaftLogWorker] INFO  impl.RaftServerImpl (ServerState.java:close(385)) - b3e939fd-eb36-468b-9efe-5d0a1fdaa172@group-68CC56D33CDB: closes. applyIndex: -1
2019-09-26 15:14:01,023 [b3e939fd-eb36-468b-9efe-5d0a1fdaa172@group-EEC0B09CDA31-SegmentedRaftLogWorker] INFO  impl.StateMachineUpdater (StateMachineUpdater.java:stopAndJoin(125)) - b3e939fd-eb36-468b-9efe-5d0a1fdaa172@group-EEC0B09CDA31-StateMachineUpdater: set stopIndex = -1
2019-09-26 15:14:01,024 [b3e939fd-eb36-468b-9efe-5d0a1fdaa172@group-EEC0B09CDA31-SegmentedRaftLogWorker] INFO  impl.RaftServerImpl (ServerState.java:close(385)) - b3e939fd-eb36-468b-9efe-5d0a1fdaa172@group-EEC0B09CDA31: closes. applyIndex: -1
2019-09-26 15:14:01,023 [b3e939fd-eb36-468b-9efe-5d0a1fdaa172@group-752F8CC2B31E-SegmentedRaftLogWorker] INFO  impl.RaftServerImpl (ServerState.java:close(385)) - b3e939fd-eb36-468b-9efe-5d0a1fdaa172@group-752F8CC2B31E: closes. applyIndex: -1
2019-09-26 15:14:01,023 [b3e939fd-eb36-468b-9efe-5d0a1fdaa172@group-B6785E685516-SegmentedRaftLogWorker] INFO  impl.RaftServerImpl (ServerState.java:close(385)) - b3e939fd-eb36-468b-9efe-5d0a1fdaa172@group-B6785E685516: closes. applyIndex: -1
2019-09-26 15:14:01,022 [b3e939fd-eb36-468b-9efe-5d0a1fdaa172@group-439DC12DB850-SegmentedRaftLogWorker] INFO  impl.RaftServerImpl (ServerState.java:close(385)) - b3e939fd-eb36-468b-9efe-5d0a1fdaa172@group-439DC12DB850: closes. applyIndex: -1
2019-09-26 15:14:01,022 [b3e939fd-eb36-468b-9efe-5d0a1fdaa172@group-84DF8E7A77E0-SegmentedRaftLogWorker] INFO  impl.StateMachineUpdater (StateMachineUpdater.java:stopAndJoin(125)) - b3e939fd-eb36-468b-9efe-5d0a1fdaa172@group-84DF8E7A77E0-StateMachineUpdater: set stopIndex = -1
2019-09-26 15:14:01,022 [b3e939fd-eb36-468b-9efe-5d0a1fdaa172@group-7ED9DECB8A6B-SegmentedRaftLogWorker] INFO  segmented.SegmentedRaftLogWorker (SegmentedRaftLogWorker.java:close(228)) - b3e939fd-eb36-468b-9efe-5d0a1fdaa172@group-7ED9DECB8A6B-SegmentedRaftLogWorker close()
2019-09-26 15:14:01,022 [b3e939fd-eb36-468b-9efe-5d0a1fdaa172@group-82F2C342C520-SegmentedRaftLogWorker] INFO  impl.RaftServerImpl (ServerState.java:close(385)) - b3e939fd-eb36-468b-9efe-5d0a1fdaa172@group-82F2C342C520: closes. applyIndex: -1
2019-09-26 15:14:01,022 [b3e939fd-eb36-468b-9efe-5d0a1fdaa172@group-1B7B953A35B5-SegmentedRaftLogWorker] INFO  impl.PendingRequests (PendingRequests.java:sendNotLeaderResponses(202)) - b3e939fd-eb36-468b-9efe-5d0a1fdaa172-PendingRequests: sendNotLeaderResponses
2019-09-26 15:14:01,022 [b3e939fd-eb36-468b-9efe-5d0a1fdaa172@group-C7BB781426AF-SegmentedRaftLogWorker] INFO  impl.StateMachineUpdater (StateMachineUpdater.java:stopAndJoin(125)) - b3e939fd-eb36-468b-9efe-5d0a1fdaa172@group-C7BB781426AF-StateMachineUpdater: set stopIndex = -1
2019-09-26 15:14:01,022 [b3e939fd-eb36-468b-9efe-5d0a1fdaa172@group-5C693F90868A-SegmentedRaftLogWorker] INFO  segmented.SegmentedRaftLogWorker (SegmentedRaftLogWorker.java:close(228)) - b3e939fd-eb36-468b-9efe-5d0a1fdaa172@group-5C693F90868A-SegmentedRaftLogWorker close()
2019-09-26 15:14:01,022 [b3e939fd-eb36-468b-9efe-5d0a1fdaa172@group-F11DE81BFF74-SegmentedRaftLogWorker] INFO  impl.StateMachineUpdater (StateMachineUpdater.java:stopAndJoin(125)) - b3e939fd-eb36-468b-9efe-5d0a1fdaa172@group-F11DE81BFF74-StateMachineUpdater: set stopIndex = -1
2019-09-26 15:14:01,021 [b3e939fd-eb36-468b-9efe-5d0a1fdaa172@group-F3ED5FA15865-SegmentedRaftLogWorker] INFO  impl.RaftServerImpl (ServerState.java:close(385)) - b3e939fd-eb36-468b-9efe-5d0a1fdaa172@group-F3ED5FA15865: closes. applyIndex: -1
2019-09-26 15:14:01,021 [b3e939fd-eb36-468b-9efe-5d0a1fdaa172@group-B602AE1BC508-SegmentedRaftLogWorker] INFO  impl.PendingRequests (PendingRequests.java:sendNotLeaderResponses(202)) - b3e939fd-eb36-468b-9efe-5d0a1fdaa172-PendingRequests: sendNotLeaderResponses
2019-09-26 15:14:01,025 [b3e939fd-eb36-468b-9efe-5d0a1fdaa172@group-F3ED5FA15865-SegmentedRaftLogWorker] INFO  segmented.SegmentedRaftLogWorker (SegmentedRaftLogWorker.java:close(228)) - b3e939fd-eb36-468b-9efe-5d0a1fdaa172@group-F3ED5FA15865-SegmentedRaftLogWorker close()
2019-09-26 15:14:01,025 [b3e939fd-eb36-468b-9efe-5d0a1fdaa172@group-F11DE81BFF74-SegmentedRaftLogWorker] INFO  impl.RaftServerImpl (ServerState.java:close(385)) - b3e939fd-eb36-468b-9efe-5d0a1fdaa172@group-F11DE81BFF74: closes. applyIndex: -1
2019-09-26 15:14:01,025 [b3e939fd-eb36-468b-9efe-5d0a1fdaa172@group-C7BB781426AF-SegmentedRaftLogWorker] INFO  impl.RaftServerImpl (ServerState.java:close(385)) - b3e939fd-eb36-468b-9efe-5d0a1fdaa172@group-C7BB781426AF: closes. applyIndex: -1
2019-09-26 15:14:01,025 [b3e939fd-eb36-468b-9efe-5d0a1fdaa172@group-F11DE81BFF74-SegmentedRaftLogWorker] INFO  segmented.SegmentedRaftLogWorker (SegmentedRaftLogWorker.java:close(228)) - b3e939fd-eb36-468b-9efe-5d0a1fdaa172@group-F11DE81BFF74-SegmentedRaftLogWorker close()
2019-09-26 15:14:01,025 [b3e939fd-eb36-468b-9efe-5d0a1fdaa172@group-1B7B953A35B5-SegmentedRaftLogWorker] INFO  impl.StateMachineUpdater (StateMachineUpdater.java:stopAndJoin(125)) - b3e939fd-eb36-468b-9efe-5d0a1fdaa172@group-1B7B953A35B5-StateMachineUpdater: set stopIndex = -1
2019-09-26 15:14:01,025 [b3e939fd-eb36-468b-9efe-5d0a1fdaa172@group-82F2C342C520-SegmentedRaftLogWorker] INFO  segmented.SegmentedRaftLogWorker (SegmentedRaftLogWorker.java:close(228)) - b3e939fd-eb36-468b-9efe-5d0a1fdaa172@group-82F2C342C520-SegmentedRaftLogWorker close()
2019-09-26 15:14:01,024 [b3e939fd-eb36-468b-9efe-5d0a1fdaa172@group-84DF8E7A77E0-SegmentedRaftLogWorker] INFO  impl.RaftServerImpl (ServerState.java:close(385)) - b3e939fd-eb36-468b-9efe-5d0a1fdaa172@group-84DF8E7A77E0: closes. applyIndex: -1
2019-09-26 15:14:01,024 [b3e939fd-eb36-468b-9efe-5d0a1fdaa172@group-439DC12DB850-SegmentedRaftLogWorker] INFO  segmented.SegmentedRaftLogWorker (SegmentedRaftLogWorker.java:close(228)) - b3e939fd-eb36-468b-9efe-5d0a1fdaa172@group-439DC12DB850-SegmentedRaftLogWorker close()
2019-09-26 15:14:01,024 [b3e939fd-eb36-468b-9efe-5d0a1fdaa172@group-B6785E685516-SegmentedRaftLogWorker] INFO  segmented.SegmentedRaftLogWorker (SegmentedRaftLogWorker.java:close(228)) - b3e939fd-eb36-468b-9efe-5d0a1fdaa172@group-B6785E685516-SegmentedRaftLogWorker close()
2019-09-26 15:14:01,024 [b3e939fd-eb36-468b-9efe-5d0a1fdaa172@group-752F8CC2B31E-SegmentedRaftLogWorker] INFO  segmented.SegmentedRaftLogWorker (SegmentedRaftLogWorker.java:close(228)) - b3e939fd-eb36-468b-9efe-5d0a1fdaa172@group-752F8CC2B31E-SegmentedRaftLogWorker close()
2019-09-26 15:14:01,024 [b3e939fd-eb36-468b-9efe-5d0a1fdaa172@group-EEC0B09CDA31-SegmentedRaftLogWorker] INFO  segmented.SegmentedRaftLogWorker (SegmentedRaftLogWorker.java:close(228)) - b3e939fd-eb36-468b-9efe-5d0a1fdaa172@group-EEC0B09CDA31-SegmentedRaftLogWorker close()
2019-09-26 15:14:01,024 [b3e939fd-eb36-468b-9efe-5d0a1fdaa172@group-68CC56D33CDB-SegmentedRaftLogWorker] INFO  segmented.SegmentedRaftLogWorker (SegmentedRaftLogWorker.java:close(228)) - b3e939fd-eb36-468b-9efe-5d0a1fdaa172@group-68CC56D33CDB-SegmentedRaftLogWorker close()
2019-09-26 15:14:01,024 [b3e939fd-eb36-468b-9efe-5d0a1fdaa172@group-7BA823644DD2-SegmentedRaftLogWorker] INFO  segmented.SegmentedRaftLogWorker (SegmentedRaftLogWorker.java:close(228)) - b3e939fd-eb36-468b-9efe-5d0a1fdaa172@group-7BA823644DD2-SegmentedRaftLogWorker close()
2019-09-26 15:14:01,026 [b3e939fd-eb36-468b-9efe-5d0a1fdaa172@group-84DF8E7A77E0-SegmentedRaftLogWorker] INFO  segmented.SegmentedRaftLogWorker (SegmentedRaftLogWorker.java:close(228)) - b3e939fd-eb36-468b-9efe-5d0a1fdaa172@group-84DF8E7A77E0-SegmentedRaftLogWorker close()
2019-09-26 15:14:01,026 [b3e939fd-eb36-468b-9efe-5d0a1fdaa172@group-1B7B953A35B5-SegmentedRaftLogWorker] INFO  impl.RaftServerImpl (ServerState.java:close(385)) - b3e939fd-eb36-468b-9efe-5d0a1fdaa172@group-1B7B953A35B5: closes. applyIndex: -1
2019-09-26 15:14:01,026 [b3e939fd-eb36-468b-9efe-5d0a1fdaa172@group-C7BB781426AF-SegmentedRaftLogWorker] INFO  segmented.SegmentedRaftLogWorker (SegmentedRaftLogWorker.java:close(228)) - b3e939fd-eb36-468b-9efe-5d0a1fdaa172@group-C7BB781426AF-SegmentedRaftLogWorker close()
2019-09-26 15:14:01,025 [b3e939fd-eb36-468b-9efe-5d0a1fdaa172@group-B602AE1BC508-SegmentedRaftLogWorker] INFO  impl.StateMachineUpdater (StateMachineUpdater.java:stopAndJoin(125)) - b3e939fd-eb36-468b-9efe-5d0a1fdaa172@group-B602AE1BC508-StateMachineUpdater: set stopIndex = -1
2019-09-26 15:14:01,027 [b3e939fd-eb36-468b-9efe-5d0a1fdaa172@group-1B7B953A35B5-SegmentedRaftLogWorker] INFO  segmented.SegmentedRaftLogWorker (SegmentedRaftLogWorker.java:close(228)) - b3e939fd-eb36-468b-9efe-5d0a1fdaa172@group-1B7B953A35B5-SegmentedRaftLogWorker close()
2019-09-26 15:14:01,027 [b3e939fd-eb36-468b-9efe-5d0a1fdaa172@group-B602AE1BC508-SegmentedRaftLogWorker] INFO  impl.RaftServerImpl (ServerState.java:close(385)) - b3e939fd-eb36-468b-9efe-5d0a1fdaa172@group-B602AE1BC508: closes. applyIndex: -1
2019-09-26 15:14:01,027 [b3e939fd-eb36-468b-9efe-5d0a1fdaa172@group-B602AE1BC508-SegmentedRaftLogWorker] INFO  segmented.SegmentedRaftLogWorker (SegmentedRaftLogWorker.java:close(228)) - b3e939fd-eb36-468b-9efe-5d0a1fdaa172@group-B602AE1BC508-SegmentedRaftLogWorker close()
2019-09-26 15:14:01,047 [b3e939fd-eb36-468b-9efe-5d0a1fdaa172@group-ECF09D41D404-SegmentedRaftLogWorker] ERROR segmented.SegmentedRaftLogWorker (SegmentedRaftLogWorker.java:run(323)) - b3e939fd-eb36-468b-9efe-5d0a1fdaa172@group-ECF09D41D404-SegmentedRaftLogWorker hit exception
java.lang.OutOfMemoryError: Direct buffer memory
	at java.nio.Bits.reserveMemory(Bits.java:666)
	at java.nio.DirectByteBuffer.<init>(DirectByteBuffer.java:123)
	at java.nio.ByteBuffer.allocateDirect(ByteBuffer.java:311)
	at org.apache.ratis.server.raftlog.segmented.BufferedWriteChannel.<init>(BufferedWriteChannel.java:41)
	at org.apache.ratis.server.raftlog.segmented.SegmentedRaftLogOutputStream.<init>(SegmentedRaftLogOutputStream.java:72)
	at org.apache.ratis.server.raftlog.segmented.SegmentedRaftLogWorker$StartLogSegment.execute(SegmentedRaftLogWorker.java:566)
	at org.apache.ratis.server.raftlog.segmented.SegmentedRaftLogWorker.run(SegmentedRaftLogWorker.java:289)
	at java.lang.Thread.run(Thread.java:748)
2019-09-26 15:14:01,047 [b3e939fd-eb36-468b-9efe-5d0a1fdaa172@group-ECF09D41D404-SegmentedRaftLogWorker] INFO  impl.RaftServerImpl (RaftServerImpl.java:lambda$shutdown$3(251)) - b3e939fd-eb36-468b-9efe-5d0a1fdaa172@group-ECF09D41D404: shutdown
2019-09-26 15:14:01,047 [b3e939fd-eb36-468b-9efe-5d0a1fdaa172@group-ECF09D41D404-SegmentedRaftLogWorker] INFO  util.JmxRegister (JmxRegister.java:unregister(73)) - Successfully un-registered JMX Bean with object name Ratis:service=RaftServer,group=group-ECF09D41D404,id=b3e939fd-eb36-468b-9efe-5d0a1fdaa172
2019-09-26 15:14:01,048 [b3e939fd-eb36-468b-9efe-5d0a1fdaa172@group-ECF09D41D404-SegmentedRaftLogWorker] INFO  impl.RoleInfo (RoleInfo.java:shutdownLeaderState(104)) - b3e939fd-eb36-468b-9efe-5d0a1fdaa172: shutdown LeaderState
2019-09-26 15:14:01,048 [b3e939fd-eb36-468b-9efe-5d0a1fdaa172@group-ECF09D41D404-SegmentedRaftLogWorker] INFO  impl.PendingRequests (PendingRequests.java:sendNotLeaderResponses(202)) - b3e939fd-eb36-468b-9efe-5d0a1fdaa172-PendingRequests: sendNotLeaderResponses
2019-09-26 15:14:01,048 [b3e939fd-eb36-468b-9efe-5d0a1fdaa172@group-ECF09D41D404-SegmentedRaftLogWorker] INFO  impl.StateMachineUpdater (StateMachineUpdater.java:stopAndJoin(125)) - b3e939fd-eb36-468b-9efe-5d0a1fdaa172@group-ECF09D41D404-StateMachineUpdater: set stopIndex = -1
2019-09-26 15:14:01,048 [b3e939fd-eb36-468b-9efe-5d0a1fdaa172@group-ECF09D41D404-SegmentedRaftLogWorker] INFO  impl.RaftServerImpl (ServerState.java:close(385)) - b3e939fd-eb36-468b-9efe-5d0a1fdaa172@group-ECF09D41D404: closes. applyIndex: -1
2019-09-26 15:14:01,048 [b3e939fd-eb36-468b-9efe-5d0a1fdaa172@group-ECF09D41D404-SegmentedRaftLogWorker] INFO  segmented.SegmentedRaftLogWorker (SegmentedRaftLogWorker.java:close(228)) - b3e939fd-eb36-468b-9efe-5d0a1fdaa172@group-ECF09D41D404-SegmentedRaftLogWorker close()
2019-09-26 15:14:01,257 [b3e939fd-eb36-468b-9efe-5d0a1fdaa172@group-D363040DAF31-SegmentedRaftLogWorker] ERROR segmented.SegmentedRaftLogWorker (SegmentedRaftLogWorker.java:run(323)) - b3e939fd-eb36-468b-9efe-5d0a1fdaa172@group-D363040DAF31-SegmentedRaftLogWorker hit exception
java.lang.OutOfMemoryError: Direct buffer memory
	at java.nio.Bits.reserveMemory(Bits.java:666)
	at java.nio.DirectByteBuffer.<init>(DirectByteBuffer.java:123)
	at java.nio.ByteBuffer.allocateDirect(ByteBuffer.java:311)
	at org.apache.ratis.server.raftlog.segmented.BufferedWriteChannel.<init>(BufferedWriteChannel.java:41)
	at org.apache.ratis.server.raftlog.segmented.SegmentedRaftLogOutputStream.<init>(SegmentedRaftLogOutputStream.java:72)
	at org.apache.ratis.server.raftlog.segmented.SegmentedRaftLogWorker$StartLogSegment.execute(SegmentedRaftLogWorker.java:566)
	at org.apache.ratis.server.raftlog.segmented.SegmentedRaftLogWorker.run(SegmentedRaftLogWorker.java:289)
	at java.lang.Thread.run(Thread.java:748)
2019-09-26 15:14:01,258 [b3e939fd-eb36-468b-9efe-5d0a1fdaa172@group-D363040DAF31-SegmentedRaftLogWorker] INFO  impl.RaftServerImpl (RaftServerImpl.java:lambda$shutdown$3(251)) - b3e939fd-eb36-468b-9efe-5d0a1fdaa172@group-D363040DAF31: shutdown
2019-09-26 15:14:01,257 [b3e939fd-eb36-468b-9efe-5d0a1fdaa172@group-71A36764AA64-SegmentedRaftLogWorker] ERROR segmented.SegmentedRaftLogWorker (SegmentedRaftLogWorker.java:run(323)) - b3e939fd-eb36-468b-9efe-5d0a1fdaa172@group-71A36764AA64-SegmentedRaftLogWorker hit exception
java.lang.OutOfMemoryError: Direct buffer memory
	at java.nio.Bits.reserveMemory(Bits.java:666)
	at java.nio.DirectByteBuffer.<init>(DirectByteBuffer.java:123)
	at java.nio.ByteBuffer.allocateDirect(ByteBuffer.java:311)
	at org.apache.ratis.server.raftlog.segmented.BufferedWriteChannel.<init>(BufferedWriteChannel.java:41)
	at org.apache.ratis.server.raftlog.segmented.SegmentedRaftLogOutputStream.<init>(SegmentedRaftLogOutputStream.java:72)
	at org.apache.ratis.server.raftlog.segmented.SegmentedRaftLogWorker$StartLogSegment.execute(SegmentedRaftLogWorker.java:566)
	at org.apache.ratis.server.raftlog.segmented.SegmentedRaftLogWorker.run(SegmentedRaftLogWorker.java:289)
	at java.lang.Thread.run(Thread.java:748)
2019-09-26 15:14:01,258 [b3e939fd-eb36-468b-9efe-5d0a1fdaa172@group-71A36764AA64-SegmentedRaftLogWorker] INFO  impl.RaftServerImpl (RaftServerImpl.java:lambda$shutdown$3(251)) - b3e939fd-eb36-468b-9efe-5d0a1fdaa172@group-71A36764AA64: shutdown
2019-09-26 15:14:01,258 [b3e939fd-eb36-468b-9efe-5d0a1fdaa172@group-D363040DAF31-SegmentedRaftLogWorker] INFO  util.JmxRegister (JmxRegister.java:unregister(73)) - Successfully un-registered JMX Bean with object name Ratis:service=RaftServer,group=group-D363040DAF31,id=b3e939fd-eb36-468b-9efe-5d0a1fdaa172
2019-09-26 15:14:01,258 [b3e939fd-eb36-468b-9efe-5d0a1fdaa172@group-71A36764AA64-SegmentedRaftLogWorker] INFO  util.JmxRegister (JmxRegister.java:unregister(73)) - Successfully un-registered JMX Bean with object name Ratis:service=RaftServer,group=group-71A36764AA64,id=b3e939fd-eb36-468b-9efe-5d0a1fdaa172
2019-09-26 15:14:01,258 [b3e939fd-eb36-468b-9efe-5d0a1fdaa172@group-D363040DAF31-SegmentedRaftLogWorker] INFO  impl.RoleInfo (RoleInfo.java:shutdownLeaderState(104)) - b3e939fd-eb36-468b-9efe-5d0a1fdaa172: shutdown LeaderState
2019-09-26 15:14:01,258 [b3e939fd-eb36-468b-9efe-5d0a1fdaa172@group-71A36764AA64-SegmentedRaftLogWorker] INFO  impl.RoleInfo (RoleInfo.java:shutdownLeaderState(104)) - b3e939fd-eb36-468b-9efe-5d0a1fdaa172: shutdown LeaderState
2019-09-26 15:14:01,259 [b3e939fd-eb36-468b-9efe-5d0a1fdaa172@group-D363040DAF31-SegmentedRaftLogWorker] INFO  impl.PendingRequests (PendingRequests.java:sendNotLeaderResponses(202)) - b3e939fd-eb36-468b-9efe-5d0a1fdaa172-PendingRequests: sendNotLeaderResponses
2019-09-26 15:14:01,259 [b3e939fd-eb36-468b-9efe-5d0a1fdaa172@group-71A36764AA64-SegmentedRaftLogWorker] INFO  impl.PendingRequests (PendingRequests.java:sendNotLeaderResponses(202)) - b3e939fd-eb36-468b-9efe-5d0a1fdaa172-PendingRequests: sendNotLeaderResponses
2019-09-26 15:14:01,259 [b3e939fd-eb36-468b-9efe-5d0a1fdaa172@group-D363040DAF31-SegmentedRaftLogWorker] INFO  impl.StateMachineUpdater (StateMachineUpdater.java:stopAndJoin(125)) - b3e939fd-eb36-468b-9efe-5d0a1fdaa172@group-D363040DAF31-StateMachineUpdater: set stopIndex = -1
2019-09-26 15:14:01,259 [b3e939fd-eb36-468b-9efe-5d0a1fdaa172@group-71A36764AA64-SegmentedRaftLogWorker] INFO  impl.StateMachineUpdater (StateMachineUpdater.java:stopAndJoin(125)) - b3e939fd-eb36-468b-9efe-5d0a1fdaa172@group-71A36764AA64-StateMachineUpdater: set stopIndex = -1
2019-09-26 15:14:01,259 [b3e939fd-eb36-468b-9efe-5d0a1fdaa172@group-D363040DAF31-SegmentedRaftLogWorker] INFO  impl.RaftServerImpl (ServerState.java:close(385)) - b3e939fd-eb36-468b-9efe-5d0a1fdaa172@group-D363040DAF31: closes. applyIndex: -1
2019-09-26 15:14:01,259 [b3e939fd-eb36-468b-9efe-5d0a1fdaa172@group-71A36764AA64-SegmentedRaftLogWorker] INFO  impl.RaftServerImpl (ServerState.java:close(385)) - b3e939fd-eb36-468b-9efe-5d0a1fdaa172@group-71A36764AA64: closes. applyIndex: -1
2019-09-26 15:14:01,259 [b3e939fd-eb36-468b-9efe-5d0a1fdaa172@group-D363040DAF31-SegmentedRaftLogWorker] INFO  segmented.SegmentedRaftLogWorker (SegmentedRaftLogWorker.java:close(228)) - b3e939fd-eb36-468b-9efe-5d0a1fdaa172@group-D363040DAF31-SegmentedRaftLogWorker close()
2019-09-26 15:14:01,260 [b3e939fd-eb36-468b-9efe-5d0a1fdaa172@group-71A36764AA64-SegmentedRaftLogWorker] INFO  segmented.SegmentedRaftLogWorker (SegmentedRaftLogWorker.java:close(228)) - b3e939fd-eb36-468b-9efe-5d0a1fdaa172@group-71A36764AA64-SegmentedRaftLogWorker close()
2019-09-26 15:14:01,386 [b3e939fd-eb36-468b-9efe-5d0a1fdaa172@group-711EE27C9E35-SegmentedRaftLogWorker] ERROR segmented.SegmentedRaftLogWorker (SegmentedRaftLogWorker.java:run(323)) - b3e939fd-eb36-468b-9efe-5d0a1fdaa172@group-711EE27C9E35-SegmentedRaftLogWorker hit exception
java.lang.OutOfMemoryError: Direct buffer memory
	at java.nio.Bits.reserveMemory(Bits.java:666)
	at java.nio.DirectByteBuffer.<init>(DirectByteBuffer.java:123)
	at java.nio.ByteBuffer.allocateDirect(ByteBuffer.java:311)
	at org.apache.ratis.server.raftlog.segmented.BufferedWriteChannel.<init>(BufferedWriteChannel.java:41)
	at org.apache.ratis.server.raftlog.segmented.SegmentedRaftLogOutputStream.<init>(SegmentedRaftLogOutputStream.java:72)
	at org.apache.ratis.server.raftlog.segmented.SegmentedRaftLogWorker$StartLogSegment.execute(SegmentedRaftLogWorker.java:566)
	at org.apache.ratis.server.raftlog.segmented.SegmentedRaftLogWorker.run(SegmentedRaftLogWorker.java:289)
	at java.lang.Thread.run(Thread.java:748)
2019-09-26 15:14:01,387 [b3e939fd-eb36-468b-9efe-5d0a1fdaa172@group-711EE27C9E35-SegmentedRaftLogWorker] INFO  impl.RaftServerImpl (RaftServerImpl.java:lambda$shutdown$3(251)) - b3e939fd-eb36-468b-9efe-5d0a1fdaa172@group-711EE27C9E35: shutdown
2019-09-26 15:14:01,387 [b3e939fd-eb36-468b-9efe-5d0a1fdaa172@group-74515BDB2857-SegmentedRaftLogWorker] ERROR segmented.SegmentedRaftLogWorker (SegmentedRaftLogWorker.java:run(323)) - b3e939fd-eb36-468b-9efe-5d0a1fdaa172@group-74515BDB2857-SegmentedRaftLogWorker hit exception
java.lang.OutOfMemoryError: Direct buffer memory
	at java.nio.Bits.reserveMemory(Bits.java:666)
	at java.nio.DirectByteBuffer.<init>(DirectByteBuffer.java:123)
	at java.nio.ByteBuffer.allocateDirect(ByteBuffer.java:311)
	at org.apache.ratis.server.raftlog.segmented.BufferedWriteChannel.<init>(BufferedWriteChannel.java:41)
	at org.apache.ratis.server.raftlog.segmented.SegmentedRaftLogOutputStream.<init>(SegmentedRaftLogOutputStream.java:72)
	at org.apache.ratis.server.raftlog.segmented.SegmentedRaftLogWorker$StartLogSegment.execute(SegmentedRaftLogWorker.java:566)
	at org.apache.ratis.server.raftlog.segmented.SegmentedRaftLogWorker.run(SegmentedRaftLogWorker.java:289)
	at java.lang.Thread.run(Thread.java:748)
2019-09-26 15:14:01,387 [b3e939fd-eb36-468b-9efe-5d0a1fdaa172@group-711EE27C9E35-SegmentedRaftLogWorker] INFO  util.JmxRegister (JmxRegister.java:unregister(73)) - Successfully un-registered JMX Bean with object name Ratis:service=RaftServer,group=group-711EE27C9E35,id=b3e939fd-eb36-468b-9efe-5d0a1fdaa172
2019-09-26 15:14:01,387 [b3e939fd-eb36-468b-9efe-5d0a1fdaa172@group-74515BDB2857-SegmentedRaftLogWorker] INFO  impl.RaftServerImpl (RaftServerImpl.java:lambda$shutdown$3(251)) - b3e939fd-eb36-468b-9efe-5d0a1fdaa172@group-74515BDB2857: shutdown
2019-09-26 15:14:01,388 [b3e939fd-eb36-468b-9efe-5d0a1fdaa172@group-711EE27C9E35-SegmentedRaftLogWorker] INFO  impl.RoleInfo (RoleInfo.java:shutdownLeaderState(104)) - b3e939fd-eb36-468b-9efe-5d0a1fdaa172: shutdown LeaderState
2019-09-26 15:14:01,388 [b3e939fd-eb36-468b-9efe-5d0a1fdaa172@group-74515BDB2857-SegmentedRaftLogWorker] INFO  util.JmxRegister (JmxRegister.java:unregister(73)) - Successfully un-registered JMX Bean with object name Ratis:service=RaftServer,group=group-74515BDB2857,id=b3e939fd-eb36-468b-9efe-5d0a1fdaa172
2019-09-26 15:14:01,388 [b3e939fd-eb36-468b-9efe-5d0a1fdaa172@group-711EE27C9E35-SegmentedRaftLogWorker] INFO  impl.PendingRequests (PendingRequests.java:sendNotLeaderResponses(202)) - b3e939fd-eb36-468b-9efe-5d0a1fdaa172-PendingRequests: sendNotLeaderResponses
2019-09-26 15:14:01,388 [b3e939fd-eb36-468b-9efe-5d0a1fdaa172@group-74515BDB2857-SegmentedRaftLogWorker] INFO  impl.RoleInfo (RoleInfo.java:shutdownLeaderState(104)) - b3e939fd-eb36-468b-9efe-5d0a1fdaa172: shutdown LeaderState
2019-09-26 15:14:01,388 [b3e939fd-eb36-468b-9efe-5d0a1fdaa172@group-711EE27C9E35-SegmentedRaftLogWorker] INFO  impl.StateMachineUpdater (StateMachineUpdater.java:stopAndJoin(125)) - b3e939fd-eb36-468b-9efe-5d0a1fdaa172@group-711EE27C9E35-StateMachineUpdater: set stopIndex = -1
2019-09-26 15:14:01,388 [b3e939fd-eb36-468b-9efe-5d0a1fdaa172@group-74515BDB2857-SegmentedRaftLogWorker] INFO  impl.PendingRequests (PendingRequests.java:sendNotLeaderResponses(202)) - b3e939fd-eb36-468b-9efe-5d0a1fdaa172-PendingRequests: sendNotLeaderResponses
2019-09-26 15:14:01,388 [b3e939fd-eb36-468b-9efe-5d0a1fdaa172@group-711EE27C9E35-SegmentedRaftLogWorker] INFO  impl.RaftServerImpl (ServerState.java:close(385)) - b3e939fd-eb36-468b-9efe-5d0a1fdaa172@group-711EE27C9E35: closes. applyIndex: -1
2019-09-26 15:14:01,388 [b3e939fd-eb36-468b-9efe-5d0a1fdaa172@group-74515BDB2857-SegmentedRaftLogWorker] INFO  impl.StateMachineUpdater (StateMachineUpdater.java:stopAndJoin(125)) - b3e939fd-eb36-468b-9efe-5d0a1fdaa172@group-74515BDB2857-StateMachineUpdater: set stopIndex = -1
2019-09-26 15:14:01,389 [b3e939fd-eb36-468b-9efe-5d0a1fdaa172@group-711EE27C9E35-SegmentedRaftLogWorker] INFO  segmented.SegmentedRaftLogWorker (SegmentedRaftLogWorker.java:close(228)) - b3e939fd-eb36-468b-9efe-5d0a1fdaa172@group-711EE27C9E35-SegmentedRaftLogWorker close()
2019-09-26 15:14:01,389 [b3e939fd-eb36-468b-9efe-5d0a1fdaa172@group-74515BDB2857-SegmentedRaftLogWorker] INFO  impl.RaftServerImpl (ServerState.java:close(385)) - b3e939fd-eb36-468b-9efe-5d0a1fdaa172@group-74515BDB2857: closes. applyIndex: -1
2019-09-26 15:14:01,389 [b3e939fd-eb36-468b-9efe-5d0a1fdaa172@group-74515BDB2857-SegmentedRaftLogWorker] INFO  segmented.SegmentedRaftLogWorker (SegmentedRaftLogWorker.java:close(228)) - b3e939fd-eb36-468b-9efe-5d0a1fdaa172@group-74515BDB2857-SegmentedRaftLogWorker close()
2019-09-26 15:14:01,483 [b3e939fd-eb36-468b-9efe-5d0a1fdaa172@group-84E520E4AB54-SegmentedRaftLogWorker] ERROR segmented.SegmentedRaftLogWorker (SegmentedRaftLogWorker.java:run(323)) - b3e939fd-eb36-468b-9efe-5d0a1fdaa172@group-84E520E4AB54-SegmentedRaftLogWorker hit exception
java.lang.OutOfMemoryError: Direct buffer memory
	at java.nio.Bits.reserveMemory(Bits.java:666)
	at java.nio.DirectByteBuffer.<init>(DirectByteBuffer.java:123)
	at java.nio.ByteBuffer.allocateDirect(ByteBuffer.java:311)
	at org.apache.ratis.server.raftlog.segmented.BufferedWriteChannel.<init>(BufferedWriteChannel.java:41)
	at org.apache.ratis.server.raftlog.segmented.SegmentedRaftLogOutputStream.<init>(SegmentedRaftLogOutputStream.java:72)
	at org.apache.ratis.server.raftlog.segmented.SegmentedRaftLogWorker$StartLogSegment.execute(SegmentedRaftLogWorker.java:566)
	at org.apache.ratis.server.raftlog.segmented.SegmentedRaftLogWorker.run(SegmentedRaftLogWorker.java:289)
	at java.lang.Thread.run(Thread.java:748)
2019-09-26 15:14:01,484 [b3e939fd-eb36-468b-9efe-5d0a1fdaa172@group-84E520E4AB54-SegmentedRaftLogWorker] INFO  impl.RaftServerImpl (RaftServerImpl.java:lambda$shutdown$3(251)) - b3e939fd-eb36-468b-9efe-5d0a1fdaa172@group-84E520E4AB54: shutdown
2019-09-26 15:14:01,484 [b3e939fd-eb36-468b-9efe-5d0a1fdaa172@group-84E520E4AB54-SegmentedRaftLogWorker] INFO  util.JmxRegister (JmxRegister.java:unregister(73)) - Successfully un-registered JMX Bean with object name Ratis:service=RaftServer,group=group-84E520E4AB54,id=b3e939fd-eb36-468b-9efe-5d0a1fdaa172
2019-09-26 15:14:01,484 [b3e939fd-eb36-468b-9efe-5d0a1fdaa172@group-84E520E4AB54-SegmentedRaftLogWorker] INFO  impl.RoleInfo (RoleInfo.java:shutdownLeaderState(104)) - b3e939fd-eb36-468b-9efe-5d0a1fdaa172: shutdown LeaderState
2019-09-26 15:14:01,484 [b3e939fd-eb36-468b-9efe-5d0a1fdaa172@group-84E520E4AB54-SegmentedRaftLogWorker] INFO  impl.PendingRequests (PendingRequests.java:sendNotLeaderResponses(202)) - b3e939fd-eb36-468b-9efe-5d0a1fdaa172-PendingRequests: sendNotLeaderResponses
2019-09-26 15:14:01,484 [b3e939fd-eb36-468b-9efe-5d0a1fdaa172@group-84E520E4AB54-SegmentedRaftLogWorker] INFO  impl.StateMachineUpdater (StateMachineUpdater.java:stopAndJoin(125)) - b3e939fd-eb36-468b-9efe-5d0a1fdaa172@group-84E520E4AB54-StateMachineUpdater: set stopIndex = -1
2019-09-26 15:14:01,485 [b3e939fd-eb36-468b-9efe-5d0a1fdaa172@group-84E520E4AB54-SegmentedRaftLogWorker] INFO  impl.RaftServerImpl (ServerState.java:close(385)) - b3e939fd-eb36-468b-9efe-5d0a1fdaa172@group-84E520E4AB54: closes. applyIndex: -1
2019-09-26 15:14:01,485 [b3e939fd-eb36-468b-9efe-5d0a1fdaa172@group-84E520E4AB54-SegmentedRaftLogWorker] INFO  segmented.SegmentedRaftLogWorker (SegmentedRaftLogWorker.java:close(228)) - b3e939fd-eb36-468b-9efe-5d0a1fdaa172@group-84E520E4AB54-SegmentedRaftLogWorker close()
2019-09-26 15:14:01,499 [b3e939fd-eb36-468b-9efe-5d0a1fdaa172@group-E00230405E12-SegmentedRaftLogWorker] ERROR segmented.SegmentedRaftLogWorker (SegmentedRaftLogWorker.java:run(323)) - b3e939fd-eb36-468b-9efe-5d0a1fdaa172@group-E00230405E12-SegmentedRaftLogWorker hit exception
java.lang.OutOfMemoryError: Direct buffer memory
	at java.nio.Bits.reserveMemory(Bits.java:666)
	at java.nio.DirectByteBuffer.<init>(DirectByteBuffer.java:123)
	at java.nio.ByteBuffer.allocateDirect(ByteBuffer.java:311)
	at org.apache.ratis.server.raftlog.segmented.BufferedWriteChannel.<init>(BufferedWriteChannel.java:41)
	at org.apache.ratis.server.raftlog.segmented.SegmentedRaftLogOutputStream.<init>(SegmentedRaftLogOutputStream.java:72)
	at org.apache.ratis.server.raftlog.segmented.SegmentedRaftLogWorker$StartLogSegment.execute(SegmentedRaftLogWorker.java:566)
	at org.apache.ratis.server.raftlog.segmented.SegmentedRaftLogWorker.run(SegmentedRaftLogWorker.java:289)
	at java.lang.Thread.run(Thread.java:748)
2019-09-26 15:14:01,499 [b3e939fd-eb36-468b-9efe-5d0a1fdaa172@group-DEE462ADEC0E-SegmentedRaftLogWorker] ERROR segmented.SegmentedRaftLogWorker (SegmentedRaftLogWorker.java:run(323)) - b3e939fd-eb36-468b-9efe-5d0a1fdaa172@group-DEE462ADEC0E-SegmentedRaftLogWorker hit exception
java.lang.OutOfMemoryError: Direct buffer memory
	at java.nio.Bits.reserveMemory(Bits.java:666)
	at java.nio.DirectByteBuffer.<init>(DirectByteBuffer.java:123)
	at java.nio.ByteBuffer.allocateDirect(ByteBuffer.java:311)
	at org.apache.ratis.server.raftlog.segmented.BufferedWriteChannel.<init>(BufferedWriteChannel.java:41)
	at org.apache.ratis.server.raftlog.segmented.SegmentedRaftLogOutputStream.<init>(SegmentedRaftLogOutputStream.java:72)
	at org.apache.ratis.server.raftlog.segmented.SegmentedRaftLogWorker$StartLogSegment.execute(SegmentedRaftLogWorker.java:566)
	at org.apache.ratis.server.raftlog.segmented.SegmentedRaftLogWorker.run(SegmentedRaftLogWorker.java:289)
	at java.lang.Thread.run(Thread.java:748)
2019-09-26 15:14:01,500 [b3e939fd-eb36-468b-9efe-5d0a1fdaa172@group-DEE462ADEC0E-SegmentedRaftLogWorker] INFO  impl.RaftServerImpl (RaftServerImpl.java:lambda$shutdown$3(251)) - b3e939fd-eb36-468b-9efe-5d0a1fdaa172@group-DEE462ADEC0E: shutdown
2019-09-26 15:14:01,499 [b3e939fd-eb36-468b-9efe-5d0a1fdaa172@group-90AE5373EB22-SegmentedRaftLogWorker] ERROR segmented.SegmentedRaftLogWorker (SegmentedRaftLogWorker.java:run(323)) - b3e939fd-eb36-468b-9efe-5d0a1fdaa172@group-90AE5373EB22-SegmentedRaftLogWorker hit exception
java.lang.OutOfMemoryError: Direct buffer memory
	at java.nio.Bits.reserveMemory(Bits.java:666)
	at java.nio.DirectByteBuffer.<init>(DirectByteBuffer.java:123)
	at java.nio.ByteBuffer.allocateDirect(ByteBuffer.java:311)
	at org.apache.ratis.server.raftlog.segmented.BufferedWriteChannel.<init>(BufferedWriteChannel.java:41)
	at org.apache.ratis.server.raftlog.segmented.SegmentedRaftLogOutputStream.<init>(SegmentedRaftLogOutputStream.java:72)
	at org.apache.ratis.server.raftlog.segmented.SegmentedRaftLogWorker$StartLogSegment.execute(SegmentedRaftLogWorker.java:566)
	at org.apache.ratis.server.raftlog.segmented.SegmentedRaftLogWorker.run(SegmentedRaftLogWorker.java:289)
	at java.lang.Thread.run(Thread.java:748)
2019-09-26 15:14:01,500 [b3e939fd-eb36-468b-9efe-5d0a1fdaa172@group-DEE462ADEC0E-SegmentedRaftLogWorker] INFO  util.JmxRegister (JmxRegister.java:unregister(73)) - Successfully un-registered JMX Bean with object name Ratis:service=RaftServer,group=group-DEE462ADEC0E,id=b3e939fd-eb36-468b-9efe-5d0a1fdaa172
2019-09-26 15:14:01,500 [b3e939fd-eb36-468b-9efe-5d0a1fdaa172@group-DEE462ADEC0E-SegmentedRaftLogWorker] INFO  impl.RoleInfo (RoleInfo.java:shutdownLeaderState(104)) - b3e939fd-eb36-468b-9efe-5d0a1fdaa172: shutdown LeaderState
2019-09-26 15:14:01,500 [b3e939fd-eb36-468b-9efe-5d0a1fdaa172@group-E00230405E12-SegmentedRaftLogWorker] INFO  impl.RaftServerImpl (RaftServerImpl.java:lambda$shutdown$3(251)) - b3e939fd-eb36-468b-9efe-5d0a1fdaa172@group-E00230405E12: shutdown
2019-09-26 15:14:01,501 [b3e939fd-eb36-468b-9efe-5d0a1fdaa172@group-DEE462ADEC0E-SegmentedRaftLogWorker] INFO  impl.PendingRequests (PendingRequests.java:sendNotLeaderResponses(202)) - b3e939fd-eb36-468b-9efe-5d0a1fdaa172-PendingRequests: sendNotLeaderResponses
2019-09-26 15:14:01,500 [b3e939fd-eb36-468b-9efe-5d0a1fdaa172@group-90AE5373EB22-SegmentedRaftLogWorker] INFO  impl.RaftServerImpl (RaftServerImpl.java:lambda$shutdown$3(251)) - b3e939fd-eb36-468b-9efe-5d0a1fdaa172@group-90AE5373EB22: shutdown
2019-09-26 15:14:01,501 [b3e939fd-eb36-468b-9efe-5d0a1fdaa172@group-DEE462ADEC0E-SegmentedRaftLogWorker] INFO  impl.StateMachineUpdater (StateMachineUpdater.java:stopAndJoin(125)) - b3e939fd-eb36-468b-9efe-5d0a1fdaa172@group-DEE462ADEC0E-StateMachineUpdater: set stopIndex = -1
2019-09-26 15:14:01,501 [b3e939fd-eb36-468b-9efe-5d0a1fdaa172@group-E00230405E12-SegmentedRaftLogWorker] INFO  util.JmxRegister (JmxRegister.java:unregister(73)) - Successfully un-registered JMX Bean with object name Ratis:service=RaftServer,group=group-E00230405E12,id=b3e939fd-eb36-468b-9efe-5d0a1fdaa172
2019-09-26 15:14:01,501 [b3e939fd-eb36-468b-9efe-5d0a1fdaa172@group-DEE462ADEC0E-SegmentedRaftLogWorker] INFO  impl.RaftServerImpl (ServerState.java:close(385)) - b3e939fd-eb36-468b-9efe-5d0a1fdaa172@group-DEE462ADEC0E: closes. applyIndex: -1
2019-09-26 15:14:01,501 [b3e939fd-eb36-468b-9efe-5d0a1fdaa172@group-90AE5373EB22-SegmentedRaftLogWorker] INFO  util.JmxRegister (JmxRegister.java:unregister(73)) - Successfully un-registered JMX Bean with object name Ratis:service=RaftServer,group=group-90AE5373EB22,id=b3e939fd-eb36-468b-9efe-5d0a1fdaa172
2019-09-26 15:14:01,502 [b3e939fd-eb36-468b-9efe-5d0a1fdaa172@group-DEE462ADEC0E-SegmentedRaftLogWorker] INFO  segmented.SegmentedRaftLogWorker (SegmentedRaftLogWorker.java:close(228)) - b3e939fd-eb36-468b-9efe-5d0a1fdaa172@group-DEE462ADEC0E-SegmentedRaftLogWorker close()
2019-09-26 15:14:01,501 [b3e939fd-eb36-468b-9efe-5d0a1fdaa172@group-E00230405E12-SegmentedRaftLogWorker] INFO  impl.RoleInfo (RoleInfo.java:shutdownLeaderState(104)) - b3e939fd-eb36-468b-9efe-5d0a1fdaa172: shutdown LeaderState
2019-09-26 15:14:01,502 [b3e939fd-eb36-468b-9efe-5d0a1fdaa172@group-E00230405E12-SegmentedRaftLogWorker] INFO  impl.PendingRequests (PendingRequests.java:sendNotLeaderResponses(202)) - b3e939fd-eb36-468b-9efe-5d0a1fdaa172-PendingRequests: sendNotLeaderResponses
2019-09-26 15:14:01,502 [b3e939fd-eb36-468b-9efe-5d0a1fdaa172@group-90AE5373EB22-SegmentedRaftLogWorker] INFO  impl.RoleInfo (RoleInfo.java:shutdownLeaderState(104)) - b3e939fd-eb36-468b-9efe-5d0a1fdaa172: shutdown LeaderState
2019-09-26 15:14:01,502 [b3e939fd-eb36-468b-9efe-5d0a1fdaa172@group-E00230405E12-SegmentedRaftLogWorker] INFO  impl.StateMachineUpdater (StateMachineUpdater.java:stopAndJoin(125)) - b3e939fd-eb36-468b-9efe-5d0a1fdaa172@group-E00230405E12-StateMachineUpdater: set stopIndex = -1
2019-09-26 15:14:01,502 [b3e939fd-eb36-468b-9efe-5d0a1fdaa172@group-E00230405E12-SegmentedRaftLogWorker] INFO  impl.RaftServerImpl (ServerState.java:close(385)) - b3e939fd-eb36-468b-9efe-5d0a1fdaa172@group-E00230405E12: closes. applyIndex: -1
2019-09-26 15:14:01,502 [b3e939fd-eb36-468b-9efe-5d0a1fdaa172@group-90AE5373EB22-SegmentedRaftLogWorker] INFO  impl.PendingRequests (PendingRequests.java:sendNotLeaderResponses(202)) - b3e939fd-eb36-468b-9efe-5d0a1fdaa172-PendingRequests: sendNotLeaderResponses
2019-09-26 15:14:01,503 [b3e939fd-eb36-468b-9efe-5d0a1fdaa172@group-E00230405E12-SegmentedRaftLogWorker] INFO  segmented.SegmentedRaftLogWorker (SegmentedRaftLogWorker.java:close(228)) - b3e939fd-eb36-468b-9efe-5d0a1fdaa172@group-E00230405E12-SegmentedRaftLogWorker close()
2019-09-26 15:14:01,503 [b3e939fd-eb36-468b-9efe-5d0a1fdaa172@group-90AE5373EB22-SegmentedRaftLogWorker] INFO  impl.StateMachineUpdater (StateMachineUpdater.java:stopAndJoin(125)) - b3e939fd-eb36-468b-9efe-5d0a1fdaa172@group-90AE5373EB22-StateMachineUpdater: set stopIndex = -1
2019-09-26 15:14:01,503 [b3e939fd-eb36-468b-9efe-5d0a1fdaa172@group-90AE5373EB22-SegmentedRaftLogWorker] INFO  impl.RaftServerImpl (ServerState.java:close(385)) - b3e939fd-eb36-468b-9efe-5d0a1fdaa172@group-90AE5373EB22: closes. applyIndex: -1
2019-09-26 15:14:01,503 [b3e939fd-eb36-468b-9efe-5d0a1fdaa172@group-90AE5373EB22-SegmentedRaftLogWorker] INFO  segmented.SegmentedRaftLogWorker (SegmentedRaftLogWorker.java:close(228)) - b3e939fd-eb36-468b-9efe-5d0a1fdaa172@group-90AE5373EB22-SegmentedRaftLogWorker close()
2019-09-26 15:14:01,507 [b3e939fd-eb36-468b-9efe-5d0a1fdaa172@group-0531D8DEB565-SegmentedRaftLogWorker] ERROR segmented.SegmentedRaftLogWorker (SegmentedRaftLogWorker.java:run(323)) - b3e939fd-eb36-468b-9efe-5d0a1fdaa172@group-0531D8DEB565-SegmentedRaftLogWorker hit exception
java.lang.OutOfMemoryError: Direct buffer memory
	at java.nio.Bits.reserveMemory(Bits.java:666)
	at java.nio.DirectByteBuffer.<init>(DirectByteBuffer.java:123)
	at java.nio.ByteBuffer.allocateDirect(ByteBuffer.java:311)
	at org.apache.ratis.server.raftlog.segmented.BufferedWriteChannel.<init>(BufferedWriteChannel.java:41)
	at org.apache.ratis.server.raftlog.segmented.SegmentedRaftLogOutputStream.<init>(SegmentedRaftLogOutputStream.java:72)
	at org.apache.ratis.server.raftlog.segmented.SegmentedRaftLogWorker$StartLogSegment.execute(SegmentedRaftLogWorker.java:566)
	at org.apache.ratis.server.raftlog.segmented.SegmentedRaftLogWorker.run(SegmentedRaftLogWorker.java:289)
	at java.lang.Thread.run(Thread.java:748)
2019-09-26 15:14:01,508 [b3e939fd-eb36-468b-9efe-5d0a1fdaa172@group-74AE591B69F2-SegmentedRaftLogWorker] ERROR segmented.SegmentedRaftLogWorker (SegmentedRaftLogWorker.java:run(323)) - b3e939fd-eb36-468b-9efe-5d0a1fdaa172@group-74AE591B69F2-SegmentedRaftLogWorker hit exception
java.lang.OutOfMemoryError: Direct buffer memory
	at java.nio.Bits.reserveMemory(Bits.java:666)
	at java.nio.DirectByteBuffer.<init>(DirectByteBuffer.java:123)
	at java.nio.ByteBuffer.allocateDirect(ByteBuffer.java:311)
	at org.apache.ratis.server.raftlog.segmented.BufferedWriteChannel.<init>(BufferedWriteChannel.java:41)
	at org.apache.ratis.server.raftlog.segmented.SegmentedRaftLogOutputStream.<init>(SegmentedRaftLogOutputStream.java:72)
	at org.apache.ratis.server.raftlog.segmented.SegmentedRaftLogWorker$StartLogSegment.execute(SegmentedRaftLogWorker.java:566)
	at org.apache.ratis.server.raftlog.segmented.SegmentedRaftLogWorker.run(SegmentedRaftLogWorker.java:289)
	at java.lang.Thread.run(Thread.java:748)
2019-09-26 15:14:01,508 [b3e939fd-eb36-468b-9efe-5d0a1fdaa172@group-0531D8DEB565-SegmentedRaftLogWorker] INFO  impl.RaftServerImpl (RaftServerImpl.java:lambda$shutdown$3(251)) - b3e939fd-eb36-468b-9efe-5d0a1fdaa172@group-0531D8DEB565: shutdown
2019-09-26 15:14:01,508 [b3e939fd-eb36-468b-9efe-5d0a1fdaa172@group-74AE591B69F2-SegmentedRaftLogWorker] INFO  impl.RaftServerImpl (RaftServerImpl.java:lambda$shutdown$3(251)) - b3e939fd-eb36-468b-9efe-5d0a1fdaa172@group-74AE591B69F2: shutdown
2019-09-26 15:14:01,508 [b3e939fd-eb36-468b-9efe-5d0a1fdaa172@group-0531D8DEB565-SegmentedRaftLogWorker] INFO  util.JmxRegister (JmxRegister.java:unregister(73)) - Successfully un-registered JMX Bean with object name Ratis:service=RaftServer,group=group-0531D8DEB565,id=b3e939fd-eb36-468b-9efe-5d0a1fdaa172
2019-09-26 15:14:01,508 [b3e939fd-eb36-468b-9efe-5d0a1fdaa172@group-74AE591B69F2-SegmentedRaftLogWorker] INFO  util.JmxRegister (JmxRegister.java:unregister(73)) - Successfully un-registered JMX Bean with object name Ratis:service=RaftServer,group=group-74AE591B69F2,id=b3e939fd-eb36-468b-9efe-5d0a1fdaa172
2019-09-26 15:14:01,508 [b3e939fd-eb36-468b-9efe-5d0a1fdaa172@group-0531D8DEB565-SegmentedRaftLogWorker] INFO  impl.RoleInfo (RoleInfo.java:shutdownLeaderState(104)) - b3e939fd-eb36-468b-9efe-5d0a1fdaa172: shutdown LeaderState
2019-09-26 15:14:01,509 [b3e939fd-eb36-468b-9efe-5d0a1fdaa172@group-74AE591B69F2-SegmentedRaftLogWorker] INFO  impl.RoleInfo (RoleInfo.java:shutdownLeaderState(104)) - b3e939fd-eb36-468b-9efe-5d0a1fdaa172: shutdown LeaderState
2019-09-26 15:14:01,509 [b3e939fd-eb36-468b-9efe-5d0a1fdaa172@group-74AE591B69F2-SegmentedRaftLogWorker] INFO  impl.PendingRequests (PendingRequests.java:sendNotLeaderResponses(202)) - b3e939fd-eb36-468b-9efe-5d0a1fdaa172-PendingRequests: sendNotLeaderResponses
2019-09-26 15:14:01,509 [b3e939fd-eb36-468b-9efe-5d0a1fdaa172@group-0531D8DEB565-SegmentedRaftLogWorker] INFO  impl.PendingRequests (PendingRequests.java:sendNotLeaderResponses(202)) - b3e939fd-eb36-468b-9efe-5d0a1fdaa172-PendingRequests: sendNotLeaderResponses
2019-09-26 15:14:01,509 [b3e939fd-eb36-468b-9efe-5d0a1fdaa172@group-74AE591B69F2-SegmentedRaftLogWorker] INFO  impl.StateMachineUpdater (StateMachineUpdater.java:stopAndJoin(125)) - b3e939fd-eb36-468b-9efe-5d0a1fdaa172@group-74AE591B69F2-StateMachineUpdater: set stopIndex = -1
2019-09-26 15:14:01,509 [b3e939fd-eb36-468b-9efe-5d0a1fdaa172@group-0531D8DEB565-SegmentedRaftLogWorker] INFO  impl.StateMachineUpdater (StateMachineUpdater.java:stopAndJoin(125)) - b3e939fd-eb36-468b-9efe-5d0a1fdaa172@group-0531D8DEB565-StateMachineUpdater: set stopIndex = -1
2019-09-26 15:14:01,509 [b3e939fd-eb36-468b-9efe-5d0a1fdaa172@group-74AE591B69F2-SegmentedRaftLogWorker] INFO  impl.RaftServerImpl (ServerState.java:close(385)) - b3e939fd-eb36-468b-9efe-5d0a1fdaa172@group-74AE591B69F2: closes. applyIndex: -1
2019-09-26 15:14:01,509 [b3e939fd-eb36-468b-9efe-5d0a1fdaa172@group-0531D8DEB565-SegmentedRaftLogWorker] INFO  impl.RaftServerImpl (ServerState.java:close(385)) - b3e939fd-eb36-468b-9efe-5d0a1fdaa172@group-0531D8DEB565: closes. applyIndex: -1
2019-09-26 15:14:01,510 [b3e939fd-eb36-468b-9efe-5d0a1fdaa172@group-74AE591B69F2-SegmentedRaftLogWorker] INFO  segmented.SegmentedRaftLogWorker (SegmentedRaftLogWorker.java:close(228)) - b3e939fd-eb36-468b-9efe-5d0a1fdaa172@group-74AE591B69F2-SegmentedRaftLogWorker close()
2019-09-26 15:14:01,510 [b3e939fd-eb36-468b-9efe-5d0a1fdaa172@group-0531D8DEB565-SegmentedRaftLogWorker] INFO  segmented.SegmentedRaftLogWorker (SegmentedRaftLogWorker.java:close(228)) - b3e939fd-eb36-468b-9efe-5d0a1fdaa172@group-0531D8DEB565-SegmentedRaftLogWorker close()
2019-09-26 15:14:01,511 [b3e939fd-eb36-468b-9efe-5d0a1fdaa172@group-D78821ACB67A-SegmentedRaftLogWorker] ERROR segmented.SegmentedRaftLogWorker (SegmentedRaftLogWorker.java:run(323)) - b3e939fd-eb36-468b-9efe-5d0a1fdaa172@group-D78821ACB67A-SegmentedRaftLogWorker hit exception
java.lang.OutOfMemoryError: Direct buffer memory
	at java.nio.Bits.reserveMemory(Bits.java:666)
	at java.nio.DirectByteBuffer.<init>(DirectByteBuffer.java:123)
	at java.nio.ByteBuffer.allocateDirect(ByteBuffer.java:311)
	at org.apache.ratis.server.raftlog.segmented.BufferedWriteChannel.<init>(BufferedWriteChannel.java:41)
	at org.apache.ratis.server.raftlog.segmented.SegmentedRaftLogOutputStream.<init>(SegmentedRaftLogOutputStream.java:72)
	at org.apache.ratis.server.raftlog.segmented.SegmentedRaftLogWorker$StartLogSegment.execute(SegmentedRaftLogWorker.java:566)
	at org.apache.ratis.server.raftlog.segmented.SegmentedRaftLogWorker.run(SegmentedRaftLogWorker.java:289)
	at java.lang.Thread.run(Thread.java:748)
2019-09-26 15:14:01,511 [b3e939fd-eb36-468b-9efe-5d0a1fdaa172@group-D78821ACB67A-SegmentedRaftLogWorker] INFO  impl.RaftServerImpl (RaftServerImpl.java:lambda$shutdown$3(251)) - b3e939fd-eb36-468b-9efe-5d0a1fdaa172@group-D78821ACB67A: shutdown
2019-09-26 15:14:01,511 [b3e939fd-eb36-468b-9efe-5d0a1fdaa172@group-D78821ACB67A-SegmentedRaftLogWorker] INFO  util.JmxRegister (JmxRegister.java:unregister(73)) - Successfully un-registered JMX Bean with object name Ratis:service=RaftServer,group=group-D78821ACB67A,id=b3e939fd-eb36-468b-9efe-5d0a1fdaa172
2019-09-26 15:14:01,511 [b3e939fd-eb36-468b-9efe-5d0a1fdaa172@group-D78821ACB67A-SegmentedRaftLogWorker] INFO  impl.RoleInfo (RoleInfo.java:shutdownLeaderState(104)) - b3e939fd-eb36-468b-9efe-5d0a1fdaa172: shutdown LeaderState
2019-09-26 15:14:01,511 [b3e939fd-eb36-468b-9efe-5d0a1fdaa172@group-D78821ACB67A-SegmentedRaftLogWorker] INFO  impl.PendingRequests (PendingRequests.java:sendNotLeaderResponses(202)) - b3e939fd-eb36-468b-9efe-5d0a1fdaa172-PendingRequests: sendNotLeaderResponses
2019-09-26 15:14:01,511 [b3e939fd-eb36-468b-9efe-5d0a1fdaa172@group-D78821ACB67A-SegmentedRaftLogWorker] INFO  impl.StateMachineUpdater (StateMachineUpdater.java:stopAndJoin(125)) - b3e939fd-eb36-468b-9efe-5d0a1fdaa172@group-D78821ACB67A-StateMachineUpdater: set stopIndex = -1
2019-09-26 15:14:01,512 [b3e939fd-eb36-468b-9efe-5d0a1fdaa172@group-D78821ACB67A-SegmentedRaftLogWorker] INFO  impl.RaftServerImpl (ServerState.java:close(385)) - b3e939fd-eb36-468b-9efe-5d0a1fdaa172@group-D78821ACB67A: closes. applyIndex: -1
2019-09-26 15:14:01,512 [b3e939fd-eb36-468b-9efe-5d0a1fdaa172@group-D78821ACB67A-SegmentedRaftLogWorker] INFO  segmented.SegmentedRaftLogWorker (SegmentedRaftLogWorker.java:close(228)) - b3e939fd-eb36-468b-9efe-5d0a1fdaa172@group-D78821ACB67A-SegmentedRaftLogWorker close()
2019-09-26 15:14:01,592 [grpc-default-executor-0] INFO  impl.RaftServerProxy (RaftServerProxy.java:remove(95)) - b3e939fd-eb36-468b-9efe-5d0a1fdaa172: remove    LEADER b3e939fd-eb36-468b-9efe-5d0a1fdaa172@group-90AE5373EB22:t1, leader=b3e939fd-eb36-468b-9efe-5d0a1fdaa172, voted=b3e939fd-eb36-468b-9efe-5d0a1fdaa172, raftlog=b3e939fd-eb36-468b-9efe-5d0a1fdaa172@group-90AE5373EB22-SegmentedRaftLog:CLOSED:c-1, conf=0: [b3e939fd-eb36-468b-9efe-5d0a1fdaa172:192.168.151.99:45433], old=null CLOSED
]]></system-out>
  </testcase>
</testsuite>