<?xml version="1.0" encoding="UTF-8"?>
<testsuite xmlns:xsi="http://www.w3.org/2001/XMLSchema-instance" xsi:noNamespaceSchemaLocation="https://maven.apache.org/surefire/maven-surefire-plugin/xsd/surefire-test-report.xsd" name="org.apache.hadoop.ozone.client.rpc.TestBlockOutputStreamWithFailures" time="739.038" tests="8" errors="0" skipped="0" failures="2">
  <properties>
    <property name="awt.toolkit" value="sun.awt.X11.XToolkit"/>
    <property name="file.encoding.pkg" value="sun.io"/>
    <property name="java.specification.version" value="1.8"/>
    <property name="sun.cpu.isalist" value=""/>
    <property name="sun.jnu.encoding" value="UTF-8"/>
    <property name="java.class.path" value="/workdir/hadoop-ozone/integration-test/target/test-classes:/workdir/hadoop-ozone/integration-test/target/classes:/home/user/.m2/repository/org/apache/hadoop/hadoop-ozone-common/0.5.0-SNAPSHOT/hadoop-ozone-common-0.5.0-SNAPSHOT.jar:/home/user/.m2/repository/org/apache/commons/commons-compress/1.4.1/commons-compress-1.4.1.jar:/home/user/.m2/repository/org/tukaani/xz/1.0/xz-1.0.jar:/home/user/.m2/repository/org/apache/hadoop/hadoop-common/3.2.0/hadoop-common-3.2.0.jar:/home/user/.m2/repository/org/apache/hadoop/hadoop-hdfs/3.2.0/hadoop-hdfs-3.2.0.jar:/home/user/.m2/repository/org/apache/hadoop/hadoop-hdfs-client/3.2.0/hadoop-hdfs-client-3.2.0.jar:/home/user/.m2/repository/com/fasterxml/jackson/core/jackson-annotations/2.9.9/jackson-annotations-2.9.9.jar:/home/user/.m2/repository/org/apache/hadoop/hadoop-hdds-common/0.5.0-SNAPSHOT/hadoop-hdds-common-0.5.0-SNAPSHOT.jar:/home/user/.m2/repository/javax/annotation/javax.annotation-api/1.2/javax.annotation-api-1.2.jar:/home/user/.m2/repository/org/apache/ratis/ratis-server/0.5.0-201fc85-SNAPSHOT/ratis-server-0.5.0-201fc85-SNAPSHOT.jar:/home/user/.m2/repository/org/apache/ratis/ratis-thirdparty-misc/0.2.0/ratis-thirdparty-misc-0.2.0.jar:/home/user/.m2/repository/org/apache/ratis/ratis-proto/0.5.0-201fc85-SNAPSHOT/ratis-proto-0.5.0-201fc85-SNAPSHOT.jar:/home/user/.m2/repository/org/apache/ratis/ratis-common/0.5.0-201fc85-SNAPSHOT/ratis-common-0.5.0-201fc85-SNAPSHOT.jar:/home/user/.m2/repository/org/apache/ratis/ratis-client/0.5.0-201fc85-SNAPSHOT/ratis-client-0.5.0-201fc85-SNAPSHOT.jar:/home/user/.m2/repository/org/apache/ratis/ratis-metrics/0.5.0-201fc85-SNAPSHOT/ratis-metrics-0.5.0-201fc85-SNAPSHOT.jar:/home/user/.m2/repository/com/github/joshelser/dropwizard-metrics-hadoop-metrics2-reporter/0.1.2/dropwizard-metrics-hadoop-metrics2-reporter-0.1.2.jar:/home/user/.m2/repository/io/dropwizard/metrics/metrics-jvm/3.2.5/metrics-jvm-3.2.5.jar:/home/user/.m2/repository/io/dropwizard/metrics/metrics-ganglia/3.2.5/metrics-ganglia-3.2.5.jar:/home/user/.m2/repository/info/ganglia/gmetric4j/gmetric4j/1.0.7/gmetric4j-1.0.7.jar:/home/user/.m2/repository/org/apache/ratis/ratis-netty/0.5.0-201fc85-SNAPSHOT/ratis-netty-0.5.0-201fc85-SNAPSHOT.jar:/home/user/.m2/repository/org/apache/ratis/ratis-grpc/0.5.0-201fc85-SNAPSHOT/ratis-grpc-0.5.0-201fc85-SNAPSHOT.jar:/home/user/.m2/repository/org/rocksdb/rocksdbjni/6.0.1/rocksdbjni-6.0.1.jar:/home/user/.m2/repository/org/apache/logging/log4j/log4j-api/2.11.0/log4j-api-2.11.0.jar:/home/user/.m2/repository/org/apache/logging/log4j/log4j-core/2.11.0/log4j-core-2.11.0.jar:/home/user/.m2/repository/com/lmax/disruptor/3.4.2/disruptor-3.4.2.jar:/home/user/.m2/repository/org/apache/commons/commons-pool2/2.6.0/commons-pool2-2.6.0.jar:/home/user/.m2/repository/org/bouncycastle/bcpkix-jdk15on/1.60/bcpkix-jdk15on-1.60.jar:/home/user/.m2/repository/commons-validator/commons-validator/1.6/commons-validator-1.6.jar:/home/user/.m2/repository/commons-digester/commons-digester/1.8.1/commons-digester-1.8.1.jar:/home/user/.m2/repository/io/jaegertracing/jaeger-client/0.34.0/jaeger-client-0.34.0.jar:/home/user/.m2/repository/io/jaegertracing/jaeger-thrift/0.34.0/jaeger-thrift-0.34.0.jar:/home/user/.m2/repository/org/apache/thrift/libthrift/0.12.0/libthrift-0.12.0.jar:/home/user/.m2/repository/com/squareup/okhttp3/okhttp/3.9.0/okhttp-3.9.0.jar:/home/user/.m2/repository/com/squareup/okio/okio/1.13.0/okio-1.13.0.jar:/home/user/.m2/repository/io/jaegertracing/jaeger-core/0.34.0/jaeger-core-0.34.0.jar:/home/user/.m2/repository/io/jaegertracing/jaeger-tracerresolver/0.34.0/jaeger-tracerresolver-0.34.0.jar:/home/user/.m2/repository/io/opentracing/contrib/opentracing-tracerresolver/0.1.5/opentracing-tracerresolver-0.1.5.jar:/home/user/.m2/repository/io/opentracing/opentracing-util/0.31.0/opentracing-util-0.31.0.jar:/home/user/.m2/repository/io/opentracing/opentracing-api/0.31.0/opentracing-api-0.31.0.jar:/home/user/.m2/repository/io/opentracing/opentracing-noop/0.31.0/opentracing-noop-0.31.0.jar:/home/user/.m2/repository/org/apache/hadoop/hadoop-hdds-server-framework/0.5.0-SNAPSHOT/hadoop-hdds-server-framework-0.5.0-SNAPSHOT.jar:/home/user/.m2/repository/org/apache/hadoop/hadoop-hdds-container-service/0.5.0-SNAPSHOT/hadoop-hdds-container-service-0.5.0-SNAPSHOT.jar:/home/user/.m2/repository/org/apache/hadoop/hadoop-hdds-client/0.5.0-SNAPSHOT/hadoop-hdds-client-0.5.0-SNAPSHOT.jar:/home/user/.m2/repository/org/apache/hadoop/hadoop-hdds-tools/0.5.0-SNAPSHOT/hadoop-hdds-tools-0.5.0-SNAPSHOT.jar:/home/user/.m2/repository/org/apache/hadoop/hadoop-hdds-server-scm/0.5.0-SNAPSHOT/hadoop-hdds-server-scm-0.5.0-SNAPSHOT.jar:/home/user/.m2/repository/org/apache/hadoop/hadoop-hdds-docs/0.5.0-SNAPSHOT/hadoop-hdds-docs-0.5.0-SNAPSHOT.jar:/home/user/.m2/repository/io/dropwizard/metrics/metrics-core/3.2.4/metrics-core-3.2.4.jar:/home/user/.m2/repository/org/hamcrest/hamcrest-all/1.3/hamcrest-all-1.3.jar:/home/user/.m2/repository/org/bouncycastle/bcprov-jdk15on/1.60/bcprov-jdk15on-1.60.jar:/home/user/.m2/repository/info/picocli/picocli/3.9.6/picocli-3.9.6.jar:/home/user/.m2/repository/com/google/protobuf/protobuf-java/2.5.0/protobuf-java-2.5.0.jar:/home/user/.m2/repository/com/google/guava/guava/11.0.2/guava-11.0.2.jar:/home/user/.m2/repository/org/apache/hadoop/hadoop-ozone-ozone-manager/0.5.0-SNAPSHOT/hadoop-ozone-ozone-manager-0.5.0-SNAPSHOT.jar:/home/user/.m2/repository/org/apache/hadoop/hadoop-minikdc/3.2.0/hadoop-minikdc-3.2.0.jar:/home/user/.m2/repository/commons-io/commons-io/2.5/commons-io-2.5.jar:/home/user/.m2/repository/org/apache/kerby/kerb-simplekdc/1.0.1/kerb-simplekdc-1.0.1.jar:/home/user/.m2/repository/org/apache/kerby/kerb-client/1.0.1/kerb-client-1.0.1.jar:/home/user/.m2/repository/org/apache/kerby/kerby-config/1.0.1/kerby-config-1.0.1.jar:/home/user/.m2/repository/org/apache/kerby/kerb-core/1.0.1/kerb-core-1.0.1.jar:/home/user/.m2/repository/org/apache/kerby/kerby-pkix/1.0.1/kerby-pkix-1.0.1.jar:/home/user/.m2/repository/org/apache/kerby/kerby-asn1/1.0.1/kerby-asn1-1.0.1.jar:/home/user/.m2/repository/org/apache/kerby/kerby-util/1.0.1/kerby-util-1.0.1.jar:/home/user/.m2/repository/org/apache/kerby/kerb-common/1.0.1/kerb-common-1.0.1.jar:/home/user/.m2/repository/org/apache/kerby/kerb-crypto/1.0.1/kerb-crypto-1.0.1.jar:/home/user/.m2/repository/org/apache/kerby/kerb-util/1.0.1/kerb-util-1.0.1.jar:/home/user/.m2/repository/org/apache/kerby/token-provider/1.0.1/token-provider-1.0.1.jar:/home/user/.m2/repository/org/apache/kerby/kerb-admin/1.0.1/kerb-admin-1.0.1.jar:/home/user/.m2/repository/org/apache/kerby/kerb-server/1.0.1/kerb-server-1.0.1.jar:/home/user/.m2/repository/org/apache/kerby/kerb-identity/1.0.1/kerb-identity-1.0.1.jar:/home/user/.m2/repository/org/apache/kerby/kerby-xdr/1.0.1/kerby-xdr-1.0.1.jar:/home/user/.m2/repository/org/slf4j/slf4j-log4j12/1.7.25/slf4j-log4j12-1.7.25.jar:/home/user/.m2/repository/org/apache/hadoop/hadoop-ozone-s3gateway/0.5.0-SNAPSHOT/hadoop-ozone-s3gateway-0.5.0-SNAPSHOT.jar:/home/user/.m2/repository/org/jboss/weld/servlet/weld-servlet/2.4.7.Final/weld-servlet-2.4.7.Final.jar:/home/user/.m2/repository/org/glassfish/jersey/containers/jersey-container-servlet-core/2.27/jersey-container-servlet-core-2.27.jar:/home/user/.m2/repository/org/glassfish/hk2/external/javax.inject/2.5.0-b42/javax.inject-2.5.0-b42.jar:/home/user/.m2/repository/org/glassfish/jersey/core/jersey-common/2.27/jersey-common-2.27.jar:/home/user/.m2/repository/org/glassfish/hk2/osgi-resource-locator/1.0.1/osgi-resource-locator-1.0.1.jar:/home/user/.m2/repository/javax/ws/rs/javax.ws.rs-api/2.1/javax.ws.rs-api-2.1.jar:/home/user/.m2/repository/org/glassfish/jersey/ext/cdi/jersey-cdi1x/2.27/jersey-cdi1x-2.27.jar:/home/user/.m2/repository/org/glassfish/jersey/inject/jersey-hk2/2.27/jersey-hk2-2.27.jar:/home/user/.m2/repository/org/glassfish/hk2/hk2-locator/2.5.0-b42/hk2-locator-2.5.0-b42.jar:/home/user/.m2/repository/org/javassist/javassist/3.22.0-CR2/javassist-3.22.0-CR2.jar:/home/user/.m2/repository/org/glassfish/hk2/hk2-api/2.5.0/hk2-api-2.5.0.jar:/home/user/.m2/repository/org/glassfish/hk2/external/jakarta.inject/2.5.0/jakarta.inject-2.5.0.jar:/home/user/.m2/repository/org/glassfish/hk2/hk2-utils/2.5.0/hk2-utils-2.5.0.jar:/home/user/.m2/repository/jakarta/annotation/jakarta.annotation-api/1.3.4/jakarta.annotation-api-1.3.4.jar:/home/user/.m2/repository/org/glassfish/hk2/external/aopalliance-repackaged/2.5.0/aopalliance-repackaged-2.5.0.jar:/home/user/.m2/repository/com/fasterxml/jackson/dataformat/jackson-dataformat-xml/2.9.0/jackson-dataformat-xml-2.9.0.jar:/home/user/.m2/repository/com/fasterxml/jackson/core/jackson-core/2.9.9/jackson-core-2.9.9.jar:/home/user/.m2/repository/com/fasterxml/jackson/module/jackson-module-jaxb-annotations/2.9.9/jackson-module-jaxb-annotations-2.9.9.jar:/home/user/.m2/repository/javax/enterprise/cdi-api/1.2/cdi-api-1.2.jar:/home/user/.m2/repository/javax/el/javax.el-api/3.0.0/javax.el-api-3.0.0.jar:/home/user/.m2/repository/javax/interceptor/javax.interceptor-api/1.2/javax.interceptor-api-1.2.jar:/home/user/.m2/repository/javax/inject/javax.inject/1/javax.inject-1.jar:/home/user/.m2/repository/com/sun/xml/bind/jaxb-impl/2.3.0.1/jaxb-impl-2.3.0.1.jar:/home/user/.m2/repository/com/sun/xml/bind/jaxb-core/2.3.0.1/jaxb-core-2.3.0.1.jar:/home/user/.m2/repository/javax/xml/bind/jaxb-api/2.3.0/jaxb-api-2.3.0.jar:/home/user/.m2/repository/javax/activation/activation/1.1.1/activation-1.1.1.jar:/home/user/.m2/repository/org/apache/hadoop/hadoop-ozone-csi/0.5.0-SNAPSHOT/hadoop-ozone-csi-0.5.0-SNAPSHOT.jar:/home/user/.m2/repository/com/google/protobuf/protobuf-java-util/3.5.1/protobuf-java-util-3.5.1.jar:/home/user/.m2/repository/org/apache/hadoop/hadoop-hdds-config/0.5.0-SNAPSHOT/hadoop-hdds-config-0.5.0-SNAPSHOT.jar:/home/user/.m2/repository/io/grpc/grpc-netty/1.17.1/grpc-netty-1.17.1.jar:/home/user/.m2/repository/io/grpc/grpc-core/1.17.1/grpc-core-1.17.1.jar:/home/user/.m2/repository/io/grpc/grpc-context/1.17.1/grpc-context-1.17.1.jar:/home/user/.m2/repository/com/google/errorprone/error_prone_annotations/2.2.0/error_prone_annotations-2.2.0.jar:/home/user/.m2/repository/org/codehaus/mojo/animal-sniffer-annotations/1.17/animal-sniffer-annotations-1.17.jar:/home/user/.m2/repository/io/opencensus/opencensus-api/0.17.0/opencensus-api-0.17.0.jar:/home/user/.m2/repository/io/opencensus/opencensus-contrib-grpc-metrics/0.17.0/opencensus-contrib-grpc-metrics-0.17.0.jar:/home/user/.m2/repository/io/netty/netty-codec-http2/4.1.30.Final/netty-codec-http2-4.1.30.Final.jar:/home/user/.m2/repository/io/netty/netty-codec-http/4.1.30.Final/netty-codec-http-4.1.30.Final.jar:/home/user/.m2/repository/io/netty/netty-codec/4.1.30.Final/netty-codec-4.1.30.Final.jar:/home/user/.m2/repository/io/netty/netty-handler/4.1.30.Final/netty-handler-4.1.30.Final.jar:/home/user/.m2/repository/io/netty/netty-handler-proxy/4.1.30.Final/netty-handler-proxy-4.1.30.Final.jar:/home/user/.m2/repository/io/netty/netty-codec-socks/4.1.30.Final/netty-codec-socks-4.1.30.Final.jar:/home/user/.m2/repository/io/netty/netty-transport-native-epoll/4.1.30.Final/netty-transport-native-epoll-4.1.30.Final.jar:/home/user/.m2/repository/io/netty/netty-common/4.1.30.Final/netty-common-4.1.30.Final.jar:/home/user/.m2/repository/io/netty/netty-buffer/4.1.30.Final/netty-buffer-4.1.30.Final.jar:/home/user/.m2/repository/io/netty/netty-transport/4.1.30.Final/netty-transport-4.1.30.Final.jar:/home/user/.m2/repository/io/netty/netty-resolver/4.1.30.Final/netty-resolver-4.1.30.Final.jar:/home/user/.m2/repository/io/netty/netty-transport-native-unix-common/4.1.30.Final/netty-transport-native-unix-common-4.1.30.Final.jar:/home/user/.m2/repository/io/grpc/grpc-protobuf/1.17.1/grpc-protobuf-1.17.1.jar:/home/user/.m2/repository/com/google/api/grpc/proto-google-common-protos/1.0.0/proto-google-common-protos-1.0.0.jar:/home/user/.m2/repository/io/grpc/grpc-protobuf-lite/1.17.1/grpc-protobuf-lite-1.17.1.jar:/home/user/.m2/repository/io/grpc/grpc-stub/1.17.1/grpc-stub-1.17.1.jar:/home/user/.m2/repository/org/apache/hadoop/hadoop-ozone-recon/0.5.0-SNAPSHOT/hadoop-ozone-recon-0.5.0-SNAPSHOT.jar:/home/user/.m2/repository/org/apache/hadoop/hadoop-ozone-reconcodegen/0.5.0-SNAPSHOT/hadoop-ozone-reconcodegen-0.5.0-SNAPSHOT.jar:/home/user/.m2/repository/com/google/inject/extensions/guice-multibindings/4.0/guice-multibindings-4.0.jar:/home/user/.m2/repository/com/google/inject/guice/4.0/guice-4.0.jar:/home/user/.m2/repository/aopalliance/aopalliance/1.0/aopalliance-1.0.jar:/home/user/.m2/repository/com/google/inject/extensions/guice-servlet/4.0/guice-servlet-4.0.jar:/home/user/.m2/repository/org/glassfish/jersey/containers/jersey-container-servlet/2.27/jersey-container-servlet-2.27.jar:/home/user/.m2/repository/org/glassfish/hk2/guice-bridge/2.5.0/guice-bridge-2.5.0.jar:/home/user/.m2/repository/org/glassfish/jersey/core/jersey-server/2.27/jersey-server-2.27.jar:/home/user/.m2/repository/org/glassfish/jersey/core/jersey-client/2.27/jersey-client-2.27.jar:/home/user/.m2/repository/org/glassfish/jersey/media/jersey-media-jaxb/2.27/jersey-media-jaxb-2.27.jar:/home/user/.m2/repository/javax/validation/validation-api/1.1.0.Final/validation-api-1.1.0.Final.jar:/home/user/.m2/repository/org/glassfish/jersey/media/jersey-media-json-jackson/2.27/jersey-media-json-jackson-2.27.jar:/home/user/.m2/repository/org/glassfish/jersey/ext/jersey-entity-filtering/2.27/jersey-entity-filtering-2.27.jar:/home/user/.m2/repository/com/google/inject/extensions/guice-assistedinject/4.0/guice-assistedinject-4.0.jar:/home/user/.m2/repository/org/jooq/jooq/3.11.10/jooq-3.11.10.jar:/home/user/.m2/repository/org/jooq/jooq-meta/3.11.10/jooq-meta-3.11.10.jar:/home/user/.m2/repository/org/jooq/jooq-codegen/3.11.10/jooq-codegen-3.11.10.jar:/home/user/.m2/repository/com/jolbox/bonecp/0.8.0.RELEASE/bonecp-0.8.0.RELEASE.jar:/home/user/.m2/repository/org/xerial/sqlite-jdbc/3.25.2/sqlite-jdbc-3.25.2.jar:/home/user/.m2/repository/org/springframework/spring-jdbc/5.1.3.RELEASE/spring-jdbc-5.1.3.RELEASE.jar:/home/user/.m2/repository/org/springframework/spring-beans/5.1.3.RELEASE/spring-beans-5.1.3.RELEASE.jar:/home/user/.m2/repository/org/springframework/spring-core/5.1.3.RELEASE/spring-core-5.1.3.RELEASE.jar:/home/user/.m2/repository/org/springframework/spring-jcl/5.1.3.RELEASE/spring-jcl-5.1.3.RELEASE.jar:/home/user/.m2/repository/org/springframework/spring-tx/5.1.3.RELEASE/spring-tx-5.1.3.RELEASE.jar:/home/user/.m2/repository/org/apache/hadoop/hadoop-ozone-client/0.5.0-SNAPSHOT/hadoop-ozone-client-0.5.0-SNAPSHOT.jar:/home/user/.m2/repository/commons-lang/commons-lang/2.6/commons-lang-2.6.jar:/home/user/.m2/repository/org/apache/hadoop/hadoop-ozone-ozone-manager/0.5.0-SNAPSHOT/hadoop-ozone-ozone-manager-0.5.0-SNAPSHOT-tests.jar:/home/user/.m2/repository/junit/junit/4.11/junit-4.11.jar:/home/user/.m2/repository/org/hamcrest/hamcrest-core/1.3/hamcrest-core-1.3.jar:/home/user/.m2/repository/org/openjdk/jmh/jmh-core/1.19/jmh-core-1.19.jar:/home/user/.m2/repository/net/sf/jopt-simple/jopt-simple/4.6/jopt-simple-4.6.jar:/home/user/.m2/repository/org/apache/commons/commons-math3/3.1.1/commons-math3-3.1.1.jar:/home/user/.m2/repository/org/openjdk/jmh/jmh-generator-annprocess/1.19/jmh-generator-annprocess-1.19.jar:/home/user/.m2/repository/org/mockito/mockito-all/1.8.5/mockito-all-1.8.5.jar:/home/user/.m2/repository/org/apache/hadoop/hadoop-kms/3.2.0/hadoop-kms-3.2.0.jar:/home/user/.m2/repository/org/apache/hadoop/hadoop-auth/3.2.0/hadoop-auth-3.2.0.jar:/home/user/.m2/repository/com/nimbusds/nimbus-jose-jwt/4.41.1/nimbus-jose-jwt-4.41.1.jar:/home/user/.m2/repository/com/github/stephenc/jcip/jcip-annotations/1.0-1/jcip-annotations-1.0-1.jar:/home/user/.m2/repository/net/minidev/json-smart/2.3/json-smart-2.3.jar:/home/user/.m2/repository/net/minidev/accessors-smart/1.2/accessors-smart-1.2.jar:/home/user/.m2/repository/org/ow2/asm/asm/5.0.4/asm-5.0.4.jar:/home/user/.m2/repository/org/apache/curator/curator-framework/2.12.0/curator-framework-2.12.0.jar:/home/user/.m2/repository/com/sun/jersey/jersey-core/1.19/jersey-core-1.19.jar:/home/user/.m2/repository/javax/ws/rs/jsr311-api/1.1.1/jsr311-api-1.1.1.jar:/home/user/.m2/repository/com/sun/jersey/jersey-server/1.19/jersey-server-1.19.jar:/home/user/.m2/repository/javax/servlet/javax.servlet-api/3.1.0/javax.servlet-api-3.1.0.jar:/home/user/.m2/repository/org/eclipse/jetty/jetty-server/9.3.25.v20180904/jetty-server-9.3.25.v20180904.jar:/home/user/.m2/repository/org/eclipse/jetty/jetty-http/9.3.25.v20180904/jetty-http-9.3.25.v20180904.jar:/home/user/.m2/repository/org/eclipse/jetty/jetty-io/9.3.25.v20180904/jetty-io-9.3.25.v20180904.jar:/home/user/.m2/repository/org/eclipse/jetty/jetty-webapp/9.3.25.v20180904/jetty-webapp-9.3.25.v20180904.jar:/home/user/.m2/repository/org/eclipse/jetty/jetty-xml/9.3.25.v20180904/jetty-xml-9.3.25.v20180904.jar:/home/user/.m2/repository/log4j/log4j/1.2.17/log4j-1.2.17.jar:/home/user/.m2/repository/org/slf4j/slf4j-api/1.7.25/slf4j-api-1.7.25.jar:/home/user/.m2/repository/org/slf4j/jul-to-slf4j/1.7.25/jul-to-slf4j-1.7.25.jar:/home/user/.m2/repository/org/eclipse/jetty/jetty-util/9.3.25.v20180904/jetty-util-9.3.25.v20180904.jar:/home/user/.m2/repository/com/fasterxml/jackson/core/jackson-databind/2.9.9/jackson-databind-2.9.9.jar:/home/user/.m2/repository/org/apache/hadoop/hadoop-kms/3.2.0/hadoop-kms-3.2.0-tests.jar:/home/user/.m2/repository/org/apache/hadoop/hadoop-hdds-server-scm/0.5.0-SNAPSHOT/hadoop-hdds-server-scm-0.5.0-SNAPSHOT-tests.jar:/home/user/.m2/repository/org/apache/hadoop/hadoop-hdds-container-service/0.5.0-SNAPSHOT/hadoop-hdds-container-service-0.5.0-SNAPSHOT-tests.jar:/home/user/.m2/repository/org/yaml/snakeyaml/1.16/snakeyaml-1.16.jar:/home/user/.m2/repository/org/apache/hadoop/hadoop-common/3.2.0/hadoop-common-3.2.0-tests.jar:/home/user/.m2/repository/org/apache/hadoop/hadoop-annotations/3.2.0/hadoop-annotations-3.2.0.jar:/usr/lib/jvm/java-1.8-openjdk/jre/../lib/tools.jar:/home/user/.m2/repository/commons-cli/commons-cli/1.2/commons-cli-1.2.jar:/home/user/.m2/repository/org/apache/httpcomponents/httpclient/4.5.2/httpclient-4.5.2.jar:/home/user/.m2/repository/org/apache/httpcomponents/httpcore/4.4.4/httpcore-4.4.4.jar:/home/user/.m2/repository/commons-codec/commons-codec/1.11/commons-codec-1.11.jar:/home/user/.m2/repository/commons-net/commons-net/3.6/commons-net-3.6.jar:/home/user/.m2/repository/commons-collections/commons-collections/3.2.2/commons-collections-3.2.2.jar:/home/user/.m2/repository/org/eclipse/jetty/jetty-servlet/9.3.25.v20180904/jetty-servlet-9.3.25.v20180904.jar:/home/user/.m2/repository/org/eclipse/jetty/jetty-security/9.3.25.v20180904/jetty-security-9.3.25.v20180904.jar:/home/user/.m2/repository/javax/servlet/jsp/jsp-api/2.1/jsp-api-2.1.jar:/home/user/.m2/repository/com/sun/jersey/jersey-servlet/1.19/jersey-servlet-1.19.jar:/home/user/.m2/repository/com/sun/jersey/jersey-json/1.19/jersey-json-1.19.jar:/home/user/.m2/repository/org/codehaus/jettison/jettison/1.1/jettison-1.1.jar:/home/user/.m2/repository/org/codehaus/jackson/jackson-core-asl/1.9.13/jackson-core-asl-1.9.13.jar:/home/user/.m2/repository/org/codehaus/jackson/jackson-mapper-asl/1.9.13/jackson-mapper-asl-1.9.13.jar:/home/user/.m2/repository/org/codehaus/jackson/jackson-jaxrs/1.9.13/jackson-jaxrs-1.9.13.jar:/home/user/.m2/repository/org/codehaus/jackson/jackson-xc/1.9.13/jackson-xc-1.9.13.jar:/home/user/.m2/repository/commons-logging/commons-logging/1.1.3/commons-logging-1.1.3.jar:/home/user/.m2/repository/commons-beanutils/commons-beanutils/1.9.4/commons-beanutils-1.9.4.jar:/home/user/.m2/repository/org/apache/commons/commons-configuration2/2.1.1/commons-configuration2-2.1.1.jar:/home/user/.m2/repository/org/apache/commons/commons-lang3/3.7/commons-lang3-3.7.jar:/home/user/.m2/repository/org/apache/commons/commons-text/1.4/commons-text-1.4.jar:/home/user/.m2/repository/org/apache/avro/avro/1.7.7/avro-1.7.7.jar:/home/user/.m2/repository/com/thoughtworks/paranamer/paranamer/2.3/paranamer-2.3.jar:/home/user/.m2/repository/org/xerial/snappy/snappy-java/1.0.5/snappy-java-1.0.5.jar:/home/user/.m2/repository/com/google/re2j/re2j/1.1/re2j-1.1.jar:/home/user/.m2/repository/com/google/code/gson/gson/2.2.4/gson-2.2.4.jar:/home/user/.m2/repository/com/jcraft/jsch/0.1.54/jsch-0.1.54.jar:/home/user/.m2/repository/org/apache/curator/curator-client/2.12.0/curator-client-2.12.0.jar:/home/user/.m2/repository/org/apache/curator/curator-recipes/2.12.0/curator-recipes-2.12.0.jar:/home/user/.m2/repository/com/google/code/findbugs/jsr305/3.0.0/jsr305-3.0.0.jar:/home/user/.m2/repository/org/apache/htrace/htrace-core4/4.1.0-incubating/htrace-core4-4.1.0-incubating.jar:/home/user/.m2/repository/org/apache/zookeeper/zookeeper/3.4.13/zookeeper-3.4.13.jar:/home/user/.m2/repository/jline/jline/0.9.94/jline-0.9.94.jar:/home/user/.m2/repository/org/apache/yetus/audience-annotations/0.5.0/audience-annotations-0.5.0.jar:/home/user/.m2/repository/org/codehaus/woodstox/stax2-api/3.1.4/stax2-api-3.1.4.jar:/home/user/.m2/repository/com/fasterxml/woodstox/woodstox-core/5.0.3/woodstox-core-5.0.3.jar:/home/user/.m2/repository/dnsjava/dnsjava/2.1.7/dnsjava-2.1.7.jar:/home/user/.m2/repository/org/apache/hadoop/hadoop-hdfs/3.2.0/hadoop-hdfs-3.2.0-tests.jar:/home/user/.m2/repository/org/eclipse/jetty/jetty-util-ajax/9.3.25.v20180904/jetty-util-ajax-9.3.25.v20180904.jar:/home/user/.m2/repository/commons-daemon/commons-daemon/1.0.13/commons-daemon-1.0.13.jar:/home/user/.m2/repository/io/netty/netty/3.10.5.Final/netty-3.10.5.Final.jar:/home/user/.m2/repository/io/netty/netty-all/4.0.52.Final/netty-all-4.0.52.Final.jar:/home/user/.m2/repository/org/fusesource/leveldbjni/leveldbjni-all/1.8/leveldbjni-all-1.8.jar:"/>
    <property name="java.vm.vendor" value="IcedTea"/>
    <property name="sun.arch.data.model" value="64"/>
    <property name="test.build.dir" value="/workdir/hadoop-ozone/integration-test/target/test-dir"/>
    <property name="test.cache.data" value=""/>
    <property name="java.vendor.url" value="https://icedtea.classpath.org"/>
    <property name="user.timezone" value=""/>
    <property name="java.vm.specification.version" value="1.8"/>
    <property name="os.name" value="Linux"/>
    <property name="test.build.data" value="/workdir/hadoop-ozone/integration-test/target/test-dir"/>
    <property name="user.country" value="US"/>
    <property name="sun.java.launcher" value="SUN_STANDARD"/>
    <property name="sun.boot.library.path" value="/usr/lib/jvm/java-1.8-openjdk/jre/lib/amd64"/>
    <property name="sun.java.command" value="/workdir/hadoop-ozone/integration-test/target/surefire/surefirebooter3836444717623434310.jar /workdir/hadoop-ozone/integration-test/target/surefire 2019-10-04T12-17-33_030-jvmRun1 surefire561912877875171276tmp surefire_22671948652403548419tmp"/>
    <property name="test" value="!TestMiniChaosOzoneCluster"/>
    <property name="surefire.test.class.path" value="/workdir/hadoop-ozone/integration-test/target/test-classes:/workdir/hadoop-ozone/integration-test/target/classes:/home/user/.m2/repository/org/apache/hadoop/hadoop-ozone-common/0.5.0-SNAPSHOT/hadoop-ozone-common-0.5.0-SNAPSHOT.jar:/home/user/.m2/repository/org/apache/commons/commons-compress/1.4.1/commons-compress-1.4.1.jar:/home/user/.m2/repository/org/tukaani/xz/1.0/xz-1.0.jar:/home/user/.m2/repository/org/apache/hadoop/hadoop-common/3.2.0/hadoop-common-3.2.0.jar:/home/user/.m2/repository/org/apache/hadoop/hadoop-hdfs/3.2.0/hadoop-hdfs-3.2.0.jar:/home/user/.m2/repository/org/apache/hadoop/hadoop-hdfs-client/3.2.0/hadoop-hdfs-client-3.2.0.jar:/home/user/.m2/repository/com/fasterxml/jackson/core/jackson-annotations/2.9.9/jackson-annotations-2.9.9.jar:/home/user/.m2/repository/org/apache/hadoop/hadoop-hdds-common/0.5.0-SNAPSHOT/hadoop-hdds-common-0.5.0-SNAPSHOT.jar:/home/user/.m2/repository/javax/annotation/javax.annotation-api/1.2/javax.annotation-api-1.2.jar:/home/user/.m2/repository/org/apache/ratis/ratis-server/0.5.0-201fc85-SNAPSHOT/ratis-server-0.5.0-201fc85-SNAPSHOT.jar:/home/user/.m2/repository/org/apache/ratis/ratis-thirdparty-misc/0.2.0/ratis-thirdparty-misc-0.2.0.jar:/home/user/.m2/repository/org/apache/ratis/ratis-proto/0.5.0-201fc85-SNAPSHOT/ratis-proto-0.5.0-201fc85-SNAPSHOT.jar:/home/user/.m2/repository/org/apache/ratis/ratis-common/0.5.0-201fc85-SNAPSHOT/ratis-common-0.5.0-201fc85-SNAPSHOT.jar:/home/user/.m2/repository/org/apache/ratis/ratis-client/0.5.0-201fc85-SNAPSHOT/ratis-client-0.5.0-201fc85-SNAPSHOT.jar:/home/user/.m2/repository/org/apache/ratis/ratis-metrics/0.5.0-201fc85-SNAPSHOT/ratis-metrics-0.5.0-201fc85-SNAPSHOT.jar:/home/user/.m2/repository/com/github/joshelser/dropwizard-metrics-hadoop-metrics2-reporter/0.1.2/dropwizard-metrics-hadoop-metrics2-reporter-0.1.2.jar:/home/user/.m2/repository/io/dropwizard/metrics/metrics-jvm/3.2.5/metrics-jvm-3.2.5.jar:/home/user/.m2/repository/io/dropwizard/metrics/metrics-ganglia/3.2.5/metrics-ganglia-3.2.5.jar:/home/user/.m2/repository/info/ganglia/gmetric4j/gmetric4j/1.0.7/gmetric4j-1.0.7.jar:/home/user/.m2/repository/org/apache/ratis/ratis-netty/0.5.0-201fc85-SNAPSHOT/ratis-netty-0.5.0-201fc85-SNAPSHOT.jar:/home/user/.m2/repository/org/apache/ratis/ratis-grpc/0.5.0-201fc85-SNAPSHOT/ratis-grpc-0.5.0-201fc85-SNAPSHOT.jar:/home/user/.m2/repository/org/rocksdb/rocksdbjni/6.0.1/rocksdbjni-6.0.1.jar:/home/user/.m2/repository/org/apache/logging/log4j/log4j-api/2.11.0/log4j-api-2.11.0.jar:/home/user/.m2/repository/org/apache/logging/log4j/log4j-core/2.11.0/log4j-core-2.11.0.jar:/home/user/.m2/repository/com/lmax/disruptor/3.4.2/disruptor-3.4.2.jar:/home/user/.m2/repository/org/apache/commons/commons-pool2/2.6.0/commons-pool2-2.6.0.jar:/home/user/.m2/repository/org/bouncycastle/bcpkix-jdk15on/1.60/bcpkix-jdk15on-1.60.jar:/home/user/.m2/repository/commons-validator/commons-validator/1.6/commons-validator-1.6.jar:/home/user/.m2/repository/commons-digester/commons-digester/1.8.1/commons-digester-1.8.1.jar:/home/user/.m2/repository/io/jaegertracing/jaeger-client/0.34.0/jaeger-client-0.34.0.jar:/home/user/.m2/repository/io/jaegertracing/jaeger-thrift/0.34.0/jaeger-thrift-0.34.0.jar:/home/user/.m2/repository/org/apache/thrift/libthrift/0.12.0/libthrift-0.12.0.jar:/home/user/.m2/repository/com/squareup/okhttp3/okhttp/3.9.0/okhttp-3.9.0.jar:/home/user/.m2/repository/com/squareup/okio/okio/1.13.0/okio-1.13.0.jar:/home/user/.m2/repository/io/jaegertracing/jaeger-core/0.34.0/jaeger-core-0.34.0.jar:/home/user/.m2/repository/io/jaegertracing/jaeger-tracerresolver/0.34.0/jaeger-tracerresolver-0.34.0.jar:/home/user/.m2/repository/io/opentracing/contrib/opentracing-tracerresolver/0.1.5/opentracing-tracerresolver-0.1.5.jar:/home/user/.m2/repository/io/opentracing/opentracing-util/0.31.0/opentracing-util-0.31.0.jar:/home/user/.m2/repository/io/opentracing/opentracing-api/0.31.0/opentracing-api-0.31.0.jar:/home/user/.m2/repository/io/opentracing/opentracing-noop/0.31.0/opentracing-noop-0.31.0.jar:/home/user/.m2/repository/org/apache/hadoop/hadoop-hdds-server-framework/0.5.0-SNAPSHOT/hadoop-hdds-server-framework-0.5.0-SNAPSHOT.jar:/home/user/.m2/repository/org/apache/hadoop/hadoop-hdds-container-service/0.5.0-SNAPSHOT/hadoop-hdds-container-service-0.5.0-SNAPSHOT.jar:/home/user/.m2/repository/org/apache/hadoop/hadoop-hdds-client/0.5.0-SNAPSHOT/hadoop-hdds-client-0.5.0-SNAPSHOT.jar:/home/user/.m2/repository/org/apache/hadoop/hadoop-hdds-tools/0.5.0-SNAPSHOT/hadoop-hdds-tools-0.5.0-SNAPSHOT.jar:/home/user/.m2/repository/org/apache/hadoop/hadoop-hdds-server-scm/0.5.0-SNAPSHOT/hadoop-hdds-server-scm-0.5.0-SNAPSHOT.jar:/home/user/.m2/repository/org/apache/hadoop/hadoop-hdds-docs/0.5.0-SNAPSHOT/hadoop-hdds-docs-0.5.0-SNAPSHOT.jar:/home/user/.m2/repository/io/dropwizard/metrics/metrics-core/3.2.4/metrics-core-3.2.4.jar:/home/user/.m2/repository/org/hamcrest/hamcrest-all/1.3/hamcrest-all-1.3.jar:/home/user/.m2/repository/org/bouncycastle/bcprov-jdk15on/1.60/bcprov-jdk15on-1.60.jar:/home/user/.m2/repository/info/picocli/picocli/3.9.6/picocli-3.9.6.jar:/home/user/.m2/repository/com/google/protobuf/protobuf-java/2.5.0/protobuf-java-2.5.0.jar:/home/user/.m2/repository/com/google/guava/guava/11.0.2/guava-11.0.2.jar:/home/user/.m2/repository/org/apache/hadoop/hadoop-ozone-ozone-manager/0.5.0-SNAPSHOT/hadoop-ozone-ozone-manager-0.5.0-SNAPSHOT.jar:/home/user/.m2/repository/org/apache/hadoop/hadoop-minikdc/3.2.0/hadoop-minikdc-3.2.0.jar:/home/user/.m2/repository/commons-io/commons-io/2.5/commons-io-2.5.jar:/home/user/.m2/repository/org/apache/kerby/kerb-simplekdc/1.0.1/kerb-simplekdc-1.0.1.jar:/home/user/.m2/repository/org/apache/kerby/kerb-client/1.0.1/kerb-client-1.0.1.jar:/home/user/.m2/repository/org/apache/kerby/kerby-config/1.0.1/kerby-config-1.0.1.jar:/home/user/.m2/repository/org/apache/kerby/kerb-core/1.0.1/kerb-core-1.0.1.jar:/home/user/.m2/repository/org/apache/kerby/kerby-pkix/1.0.1/kerby-pkix-1.0.1.jar:/home/user/.m2/repository/org/apache/kerby/kerby-asn1/1.0.1/kerby-asn1-1.0.1.jar:/home/user/.m2/repository/org/apache/kerby/kerby-util/1.0.1/kerby-util-1.0.1.jar:/home/user/.m2/repository/org/apache/kerby/kerb-common/1.0.1/kerb-common-1.0.1.jar:/home/user/.m2/repository/org/apache/kerby/kerb-crypto/1.0.1/kerb-crypto-1.0.1.jar:/home/user/.m2/repository/org/apache/kerby/kerb-util/1.0.1/kerb-util-1.0.1.jar:/home/user/.m2/repository/org/apache/kerby/token-provider/1.0.1/token-provider-1.0.1.jar:/home/user/.m2/repository/org/apache/kerby/kerb-admin/1.0.1/kerb-admin-1.0.1.jar:/home/user/.m2/repository/org/apache/kerby/kerb-server/1.0.1/kerb-server-1.0.1.jar:/home/user/.m2/repository/org/apache/kerby/kerb-identity/1.0.1/kerb-identity-1.0.1.jar:/home/user/.m2/repository/org/apache/kerby/kerby-xdr/1.0.1/kerby-xdr-1.0.1.jar:/home/user/.m2/repository/org/slf4j/slf4j-log4j12/1.7.25/slf4j-log4j12-1.7.25.jar:/home/user/.m2/repository/org/apache/hadoop/hadoop-ozone-s3gateway/0.5.0-SNAPSHOT/hadoop-ozone-s3gateway-0.5.0-SNAPSHOT.jar:/home/user/.m2/repository/org/jboss/weld/servlet/weld-servlet/2.4.7.Final/weld-servlet-2.4.7.Final.jar:/home/user/.m2/repository/org/glassfish/jersey/containers/jersey-container-servlet-core/2.27/jersey-container-servlet-core-2.27.jar:/home/user/.m2/repository/org/glassfish/hk2/external/javax.inject/2.5.0-b42/javax.inject-2.5.0-b42.jar:/home/user/.m2/repository/org/glassfish/jersey/core/jersey-common/2.27/jersey-common-2.27.jar:/home/user/.m2/repository/org/glassfish/hk2/osgi-resource-locator/1.0.1/osgi-resource-locator-1.0.1.jar:/home/user/.m2/repository/javax/ws/rs/javax.ws.rs-api/2.1/javax.ws.rs-api-2.1.jar:/home/user/.m2/repository/org/glassfish/jersey/ext/cdi/jersey-cdi1x/2.27/jersey-cdi1x-2.27.jar:/home/user/.m2/repository/org/glassfish/jersey/inject/jersey-hk2/2.27/jersey-hk2-2.27.jar:/home/user/.m2/repository/org/glassfish/hk2/hk2-locator/2.5.0-b42/hk2-locator-2.5.0-b42.jar:/home/user/.m2/repository/org/javassist/javassist/3.22.0-CR2/javassist-3.22.0-CR2.jar:/home/user/.m2/repository/org/glassfish/hk2/hk2-api/2.5.0/hk2-api-2.5.0.jar:/home/user/.m2/repository/org/glassfish/hk2/external/jakarta.inject/2.5.0/jakarta.inject-2.5.0.jar:/home/user/.m2/repository/org/glassfish/hk2/hk2-utils/2.5.0/hk2-utils-2.5.0.jar:/home/user/.m2/repository/jakarta/annotation/jakarta.annotation-api/1.3.4/jakarta.annotation-api-1.3.4.jar:/home/user/.m2/repository/org/glassfish/hk2/external/aopalliance-repackaged/2.5.0/aopalliance-repackaged-2.5.0.jar:/home/user/.m2/repository/com/fasterxml/jackson/dataformat/jackson-dataformat-xml/2.9.0/jackson-dataformat-xml-2.9.0.jar:/home/user/.m2/repository/com/fasterxml/jackson/core/jackson-core/2.9.9/jackson-core-2.9.9.jar:/home/user/.m2/repository/com/fasterxml/jackson/module/jackson-module-jaxb-annotations/2.9.9/jackson-module-jaxb-annotations-2.9.9.jar:/home/user/.m2/repository/javax/enterprise/cdi-api/1.2/cdi-api-1.2.jar:/home/user/.m2/repository/javax/el/javax.el-api/3.0.0/javax.el-api-3.0.0.jar:/home/user/.m2/repository/javax/interceptor/javax.interceptor-api/1.2/javax.interceptor-api-1.2.jar:/home/user/.m2/repository/javax/inject/javax.inject/1/javax.inject-1.jar:/home/user/.m2/repository/com/sun/xml/bind/jaxb-impl/2.3.0.1/jaxb-impl-2.3.0.1.jar:/home/user/.m2/repository/com/sun/xml/bind/jaxb-core/2.3.0.1/jaxb-core-2.3.0.1.jar:/home/user/.m2/repository/javax/xml/bind/jaxb-api/2.3.0/jaxb-api-2.3.0.jar:/home/user/.m2/repository/javax/activation/activation/1.1.1/activation-1.1.1.jar:/home/user/.m2/repository/org/apache/hadoop/hadoop-ozone-csi/0.5.0-SNAPSHOT/hadoop-ozone-csi-0.5.0-SNAPSHOT.jar:/home/user/.m2/repository/com/google/protobuf/protobuf-java-util/3.5.1/protobuf-java-util-3.5.1.jar:/home/user/.m2/repository/org/apache/hadoop/hadoop-hdds-config/0.5.0-SNAPSHOT/hadoop-hdds-config-0.5.0-SNAPSHOT.jar:/home/user/.m2/repository/io/grpc/grpc-netty/1.17.1/grpc-netty-1.17.1.jar:/home/user/.m2/repository/io/grpc/grpc-core/1.17.1/grpc-core-1.17.1.jar:/home/user/.m2/repository/io/grpc/grpc-context/1.17.1/grpc-context-1.17.1.jar:/home/user/.m2/repository/com/google/errorprone/error_prone_annotations/2.2.0/error_prone_annotations-2.2.0.jar:/home/user/.m2/repository/org/codehaus/mojo/animal-sniffer-annotations/1.17/animal-sniffer-annotations-1.17.jar:/home/user/.m2/repository/io/opencensus/opencensus-api/0.17.0/opencensus-api-0.17.0.jar:/home/user/.m2/repository/io/opencensus/opencensus-contrib-grpc-metrics/0.17.0/opencensus-contrib-grpc-metrics-0.17.0.jar:/home/user/.m2/repository/io/netty/netty-codec-http2/4.1.30.Final/netty-codec-http2-4.1.30.Final.jar:/home/user/.m2/repository/io/netty/netty-codec-http/4.1.30.Final/netty-codec-http-4.1.30.Final.jar:/home/user/.m2/repository/io/netty/netty-codec/4.1.30.Final/netty-codec-4.1.30.Final.jar:/home/user/.m2/repository/io/netty/netty-handler/4.1.30.Final/netty-handler-4.1.30.Final.jar:/home/user/.m2/repository/io/netty/netty-handler-proxy/4.1.30.Final/netty-handler-proxy-4.1.30.Final.jar:/home/user/.m2/repository/io/netty/netty-codec-socks/4.1.30.Final/netty-codec-socks-4.1.30.Final.jar:/home/user/.m2/repository/io/netty/netty-transport-native-epoll/4.1.30.Final/netty-transport-native-epoll-4.1.30.Final.jar:/home/user/.m2/repository/io/netty/netty-common/4.1.30.Final/netty-common-4.1.30.Final.jar:/home/user/.m2/repository/io/netty/netty-buffer/4.1.30.Final/netty-buffer-4.1.30.Final.jar:/home/user/.m2/repository/io/netty/netty-transport/4.1.30.Final/netty-transport-4.1.30.Final.jar:/home/user/.m2/repository/io/netty/netty-resolver/4.1.30.Final/netty-resolver-4.1.30.Final.jar:/home/user/.m2/repository/io/netty/netty-transport-native-unix-common/4.1.30.Final/netty-transport-native-unix-common-4.1.30.Final.jar:/home/user/.m2/repository/io/grpc/grpc-protobuf/1.17.1/grpc-protobuf-1.17.1.jar:/home/user/.m2/repository/com/google/api/grpc/proto-google-common-protos/1.0.0/proto-google-common-protos-1.0.0.jar:/home/user/.m2/repository/io/grpc/grpc-protobuf-lite/1.17.1/grpc-protobuf-lite-1.17.1.jar:/home/user/.m2/repository/io/grpc/grpc-stub/1.17.1/grpc-stub-1.17.1.jar:/home/user/.m2/repository/org/apache/hadoop/hadoop-ozone-recon/0.5.0-SNAPSHOT/hadoop-ozone-recon-0.5.0-SNAPSHOT.jar:/home/user/.m2/repository/org/apache/hadoop/hadoop-ozone-reconcodegen/0.5.0-SNAPSHOT/hadoop-ozone-reconcodegen-0.5.0-SNAPSHOT.jar:/home/user/.m2/repository/com/google/inject/extensions/guice-multibindings/4.0/guice-multibindings-4.0.jar:/home/user/.m2/repository/com/google/inject/guice/4.0/guice-4.0.jar:/home/user/.m2/repository/aopalliance/aopalliance/1.0/aopalliance-1.0.jar:/home/user/.m2/repository/com/google/inject/extensions/guice-servlet/4.0/guice-servlet-4.0.jar:/home/user/.m2/repository/org/glassfish/jersey/containers/jersey-container-servlet/2.27/jersey-container-servlet-2.27.jar:/home/user/.m2/repository/org/glassfish/hk2/guice-bridge/2.5.0/guice-bridge-2.5.0.jar:/home/user/.m2/repository/org/glassfish/jersey/core/jersey-server/2.27/jersey-server-2.27.jar:/home/user/.m2/repository/org/glassfish/jersey/core/jersey-client/2.27/jersey-client-2.27.jar:/home/user/.m2/repository/org/glassfish/jersey/media/jersey-media-jaxb/2.27/jersey-media-jaxb-2.27.jar:/home/user/.m2/repository/javax/validation/validation-api/1.1.0.Final/validation-api-1.1.0.Final.jar:/home/user/.m2/repository/org/glassfish/jersey/media/jersey-media-json-jackson/2.27/jersey-media-json-jackson-2.27.jar:/home/user/.m2/repository/org/glassfish/jersey/ext/jersey-entity-filtering/2.27/jersey-entity-filtering-2.27.jar:/home/user/.m2/repository/com/google/inject/extensions/guice-assistedinject/4.0/guice-assistedinject-4.0.jar:/home/user/.m2/repository/org/jooq/jooq/3.11.10/jooq-3.11.10.jar:/home/user/.m2/repository/org/jooq/jooq-meta/3.11.10/jooq-meta-3.11.10.jar:/home/user/.m2/repository/org/jooq/jooq-codegen/3.11.10/jooq-codegen-3.11.10.jar:/home/user/.m2/repository/com/jolbox/bonecp/0.8.0.RELEASE/bonecp-0.8.0.RELEASE.jar:/home/user/.m2/repository/org/xerial/sqlite-jdbc/3.25.2/sqlite-jdbc-3.25.2.jar:/home/user/.m2/repository/org/springframework/spring-jdbc/5.1.3.RELEASE/spring-jdbc-5.1.3.RELEASE.jar:/home/user/.m2/repository/org/springframework/spring-beans/5.1.3.RELEASE/spring-beans-5.1.3.RELEASE.jar:/home/user/.m2/repository/org/springframework/spring-core/5.1.3.RELEASE/spring-core-5.1.3.RELEASE.jar:/home/user/.m2/repository/org/springframework/spring-jcl/5.1.3.RELEASE/spring-jcl-5.1.3.RELEASE.jar:/home/user/.m2/repository/org/springframework/spring-tx/5.1.3.RELEASE/spring-tx-5.1.3.RELEASE.jar:/home/user/.m2/repository/org/apache/hadoop/hadoop-ozone-client/0.5.0-SNAPSHOT/hadoop-ozone-client-0.5.0-SNAPSHOT.jar:/home/user/.m2/repository/commons-lang/commons-lang/2.6/commons-lang-2.6.jar:/home/user/.m2/repository/org/apache/hadoop/hadoop-ozone-ozone-manager/0.5.0-SNAPSHOT/hadoop-ozone-ozone-manager-0.5.0-SNAPSHOT-tests.jar:/home/user/.m2/repository/junit/junit/4.11/junit-4.11.jar:/home/user/.m2/repository/org/hamcrest/hamcrest-core/1.3/hamcrest-core-1.3.jar:/home/user/.m2/repository/org/openjdk/jmh/jmh-core/1.19/jmh-core-1.19.jar:/home/user/.m2/repository/net/sf/jopt-simple/jopt-simple/4.6/jopt-simple-4.6.jar:/home/user/.m2/repository/org/apache/commons/commons-math3/3.1.1/commons-math3-3.1.1.jar:/home/user/.m2/repository/org/openjdk/jmh/jmh-generator-annprocess/1.19/jmh-generator-annprocess-1.19.jar:/home/user/.m2/repository/org/mockito/mockito-all/1.8.5/mockito-all-1.8.5.jar:/home/user/.m2/repository/org/apache/hadoop/hadoop-kms/3.2.0/hadoop-kms-3.2.0.jar:/home/user/.m2/repository/org/apache/hadoop/hadoop-auth/3.2.0/hadoop-auth-3.2.0.jar:/home/user/.m2/repository/com/nimbusds/nimbus-jose-jwt/4.41.1/nimbus-jose-jwt-4.41.1.jar:/home/user/.m2/repository/com/github/stephenc/jcip/jcip-annotations/1.0-1/jcip-annotations-1.0-1.jar:/home/user/.m2/repository/net/minidev/json-smart/2.3/json-smart-2.3.jar:/home/user/.m2/repository/net/minidev/accessors-smart/1.2/accessors-smart-1.2.jar:/home/user/.m2/repository/org/ow2/asm/asm/5.0.4/asm-5.0.4.jar:/home/user/.m2/repository/org/apache/curator/curator-framework/2.12.0/curator-framework-2.12.0.jar:/home/user/.m2/repository/com/sun/jersey/jersey-core/1.19/jersey-core-1.19.jar:/home/user/.m2/repository/javax/ws/rs/jsr311-api/1.1.1/jsr311-api-1.1.1.jar:/home/user/.m2/repository/com/sun/jersey/jersey-server/1.19/jersey-server-1.19.jar:/home/user/.m2/repository/javax/servlet/javax.servlet-api/3.1.0/javax.servlet-api-3.1.0.jar:/home/user/.m2/repository/org/eclipse/jetty/jetty-server/9.3.25.v20180904/jetty-server-9.3.25.v20180904.jar:/home/user/.m2/repository/org/eclipse/jetty/jetty-http/9.3.25.v20180904/jetty-http-9.3.25.v20180904.jar:/home/user/.m2/repository/org/eclipse/jetty/jetty-io/9.3.25.v20180904/jetty-io-9.3.25.v20180904.jar:/home/user/.m2/repository/org/eclipse/jetty/jetty-webapp/9.3.25.v20180904/jetty-webapp-9.3.25.v20180904.jar:/home/user/.m2/repository/org/eclipse/jetty/jetty-xml/9.3.25.v20180904/jetty-xml-9.3.25.v20180904.jar:/home/user/.m2/repository/log4j/log4j/1.2.17/log4j-1.2.17.jar:/home/user/.m2/repository/org/slf4j/slf4j-api/1.7.25/slf4j-api-1.7.25.jar:/home/user/.m2/repository/org/slf4j/jul-to-slf4j/1.7.25/jul-to-slf4j-1.7.25.jar:/home/user/.m2/repository/org/eclipse/jetty/jetty-util/9.3.25.v20180904/jetty-util-9.3.25.v20180904.jar:/home/user/.m2/repository/com/fasterxml/jackson/core/jackson-databind/2.9.9/jackson-databind-2.9.9.jar:/home/user/.m2/repository/org/apache/hadoop/hadoop-kms/3.2.0/hadoop-kms-3.2.0-tests.jar:/home/user/.m2/repository/org/apache/hadoop/hadoop-hdds-server-scm/0.5.0-SNAPSHOT/hadoop-hdds-server-scm-0.5.0-SNAPSHOT-tests.jar:/home/user/.m2/repository/org/apache/hadoop/hadoop-hdds-container-service/0.5.0-SNAPSHOT/hadoop-hdds-container-service-0.5.0-SNAPSHOT-tests.jar:/home/user/.m2/repository/org/yaml/snakeyaml/1.16/snakeyaml-1.16.jar:/home/user/.m2/repository/org/apache/hadoop/hadoop-common/3.2.0/hadoop-common-3.2.0-tests.jar:/home/user/.m2/repository/org/apache/hadoop/hadoop-annotations/3.2.0/hadoop-annotations-3.2.0.jar:/usr/lib/jvm/java-1.8-openjdk/jre/../lib/tools.jar:/home/user/.m2/repository/commons-cli/commons-cli/1.2/commons-cli-1.2.jar:/home/user/.m2/repository/org/apache/httpcomponents/httpclient/4.5.2/httpclient-4.5.2.jar:/home/user/.m2/repository/org/apache/httpcomponents/httpcore/4.4.4/httpcore-4.4.4.jar:/home/user/.m2/repository/commons-codec/commons-codec/1.11/commons-codec-1.11.jar:/home/user/.m2/repository/commons-net/commons-net/3.6/commons-net-3.6.jar:/home/user/.m2/repository/commons-collections/commons-collections/3.2.2/commons-collections-3.2.2.jar:/home/user/.m2/repository/org/eclipse/jetty/jetty-servlet/9.3.25.v20180904/jetty-servlet-9.3.25.v20180904.jar:/home/user/.m2/repository/org/eclipse/jetty/jetty-security/9.3.25.v20180904/jetty-security-9.3.25.v20180904.jar:/home/user/.m2/repository/javax/servlet/jsp/jsp-api/2.1/jsp-api-2.1.jar:/home/user/.m2/repository/com/sun/jersey/jersey-servlet/1.19/jersey-servlet-1.19.jar:/home/user/.m2/repository/com/sun/jersey/jersey-json/1.19/jersey-json-1.19.jar:/home/user/.m2/repository/org/codehaus/jettison/jettison/1.1/jettison-1.1.jar:/home/user/.m2/repository/org/codehaus/jackson/jackson-core-asl/1.9.13/jackson-core-asl-1.9.13.jar:/home/user/.m2/repository/org/codehaus/jackson/jackson-mapper-asl/1.9.13/jackson-mapper-asl-1.9.13.jar:/home/user/.m2/repository/org/codehaus/jackson/jackson-jaxrs/1.9.13/jackson-jaxrs-1.9.13.jar:/home/user/.m2/repository/org/codehaus/jackson/jackson-xc/1.9.13/jackson-xc-1.9.13.jar:/home/user/.m2/repository/commons-logging/commons-logging/1.1.3/commons-logging-1.1.3.jar:/home/user/.m2/repository/commons-beanutils/commons-beanutils/1.9.4/commons-beanutils-1.9.4.jar:/home/user/.m2/repository/org/apache/commons/commons-configuration2/2.1.1/commons-configuration2-2.1.1.jar:/home/user/.m2/repository/org/apache/commons/commons-lang3/3.7/commons-lang3-3.7.jar:/home/user/.m2/repository/org/apache/commons/commons-text/1.4/commons-text-1.4.jar:/home/user/.m2/repository/org/apache/avro/avro/1.7.7/avro-1.7.7.jar:/home/user/.m2/repository/com/thoughtworks/paranamer/paranamer/2.3/paranamer-2.3.jar:/home/user/.m2/repository/org/xerial/snappy/snappy-java/1.0.5/snappy-java-1.0.5.jar:/home/user/.m2/repository/com/google/re2j/re2j/1.1/re2j-1.1.jar:/home/user/.m2/repository/com/google/code/gson/gson/2.2.4/gson-2.2.4.jar:/home/user/.m2/repository/com/jcraft/jsch/0.1.54/jsch-0.1.54.jar:/home/user/.m2/repository/org/apache/curator/curator-client/2.12.0/curator-client-2.12.0.jar:/home/user/.m2/repository/org/apache/curator/curator-recipes/2.12.0/curator-recipes-2.12.0.jar:/home/user/.m2/repository/com/google/code/findbugs/jsr305/3.0.0/jsr305-3.0.0.jar:/home/user/.m2/repository/org/apache/htrace/htrace-core4/4.1.0-incubating/htrace-core4-4.1.0-incubating.jar:/home/user/.m2/repository/org/apache/zookeeper/zookeeper/3.4.13/zookeeper-3.4.13.jar:/home/user/.m2/repository/jline/jline/0.9.94/jline-0.9.94.jar:/home/user/.m2/repository/org/apache/yetus/audience-annotations/0.5.0/audience-annotations-0.5.0.jar:/home/user/.m2/repository/org/codehaus/woodstox/stax2-api/3.1.4/stax2-api-3.1.4.jar:/home/user/.m2/repository/com/fasterxml/woodstox/woodstox-core/5.0.3/woodstox-core-5.0.3.jar:/home/user/.m2/repository/dnsjava/dnsjava/2.1.7/dnsjava-2.1.7.jar:/home/user/.m2/repository/org/apache/hadoop/hadoop-hdfs/3.2.0/hadoop-hdfs-3.2.0-tests.jar:/home/user/.m2/repository/org/eclipse/jetty/jetty-util-ajax/9.3.25.v20180904/jetty-util-ajax-9.3.25.v20180904.jar:/home/user/.m2/repository/commons-daemon/commons-daemon/1.0.13/commons-daemon-1.0.13.jar:/home/user/.m2/repository/io/netty/netty/3.10.5.Final/netty-3.10.5.Final.jar:/home/user/.m2/repository/io/netty/netty-all/4.0.52.Final/netty-all-4.0.52.Final.jar:/home/user/.m2/repository/org/fusesource/leveldbjni/leveldbjni-all/1.8/leveldbjni-all-1.8.jar:"/>
    <property name="sun.cpu.endian" value="little"/>
    <property name="user.home" value="/home/user"/>
    <property name="user.language" value="en"/>
    <property name="java.specification.vendor" value="Oracle Corporation"/>
    <property name="java.home" value="/usr/lib/jvm/java-1.8-openjdk/jre"/>
    <property name="java.security.krb5.conf" value="/workdir/hadoop-ozone/integration-test/target/test-classes/krb5.conf"/>
    <property name="basedir" value="/workdir/hadoop-ozone/integration-test"/>
    <property name="file.separator" value="/"/>
    <property name="line.separator" value="&#10;"/>
    <property name="java.vm.specification.vendor" value="Oracle Corporation"/>
    <property name="java.specification.name" value="Java Platform API Specification"/>
    <property name="java.awt.graphicsenv" value="sun.awt.X11GraphicsEnvironment"/>
    <property name="surefire.real.class.path" value="/workdir/hadoop-ozone/integration-test/target/surefire/surefirebooter3836444717623434310.jar"/>
    <property name="hadoop.log.dir" value="/workdir/hadoop-ozone/integration-test/target/log"/>
    <property name="sun.boot.class.path" value="/usr/lib/jvm/java-1.8-openjdk/jre/lib/resources.jar:/usr/lib/jvm/java-1.8-openjdk/jre/lib/rt.jar:/usr/lib/jvm/java-1.8-openjdk/jre/lib/sunrsasign.jar:/usr/lib/jvm/java-1.8-openjdk/jre/lib/jsse.jar:/usr/lib/jvm/java-1.8-openjdk/jre/lib/jce.jar:/usr/lib/jvm/java-1.8-openjdk/jre/lib/charsets.jar:/usr/lib/jvm/java-1.8-openjdk/jre/lib/jfr.jar:/usr/lib/jvm/java-1.8-openjdk/jre/classes"/>
    <property name="sun.management.compiler" value="HotSpot 64-Bit Tiered Compilers"/>
    <property name="java.runtime.version" value="1.8.0_212-b04"/>
    <property name="java.net.preferIPv4Stack" value="true"/>
    <property name="user.name" value="jenkins1000"/>
    <property name="path.separator" value=":"/>
    <property name="java.security.egd" value="file:///dev/urandom"/>
    <property name="os.version" value="3.10.0-957.12.2.el7.x86_64"/>
    <property name="java.endorsed.dirs" value="/usr/lib/jvm/java-1.8-openjdk/jre/lib/endorsed"/>
    <property name="java.runtime.name" value="OpenJDK Runtime Environment"/>
    <property name="file.encoding" value="UTF-8"/>
    <property name="java.vm.name" value="OpenJDK 64-Bit Server VM"/>
    <property name="test.build.webapps" value=""/>
    <property name="localRepository" value="/home/user/.m2/repository"/>
    <property name="java.vendor.url.bug" value="https://icedtea.classpath.org/bugzilla"/>
    <property name="java.io.tmpdir" value="/tmp"/>
    <property name="require.test.libhadoop" value=""/>
    <property name="java.version" value="1.8.0_212"/>
    <property name="user.dir" value="/workdir/hadoop-ozone/integration-test"/>
    <property name="os.arch" value="amd64"/>
    <property name="java.vm.specification.name" value="Java Virtual Machine Specification"/>
    <property name="test.build.classes" value="/workdir/hadoop-ozone/integration-test/target/test-classes"/>
    <property name="java.awt.printerjob" value="sun.print.PSPrinterJob"/>
    <property name="sun.os.patch.level" value="unknown"/>
    <property name="hadoop.tmp.dir" value="/workdir/hadoop-ozone/integration-test/target/tmp"/>
    <property name="java.library.path" value="/usr/lib/jvm/java-1.8-openjdk/jre/lib/amd64/server:/usr/lib/jvm/java-1.8-openjdk/jre/lib/amd64:/usr/lib/jvm/java-1.8-openjdk/jre/../lib/amd64:/workdir/hadoop-ozone/integration-test/target/native/target/usr/local/lib:/workdir/hadoop-ozone/integration-test/../../hadoop-common-project/hadoop-common/target/native/target/usr/local/lib:/usr/java/packages/lib/amd64:/usr/lib64:/lib64:/lib:/usr/lib"/>
    <property name="java.vm.info" value="mixed mode"/>
    <property name="java.vendor" value="IcedTea"/>
    <property name="java.vm.version" value="25.212-b04"/>
    <property name="java.ext.dirs" value="/usr/lib/jvm/java-1.8-openjdk/jre/lib/ext:/usr/java/packages/lib/ext"/>
    <property name="sun.io.unicode.encoding" value="UnicodeLittle"/>
    <property name="java.class.version" value="52.0"/>
  </properties>
  <testcase name="test2DatanodesFailure" classname="org.apache.hadoop.ozone.client.rpc.TestBlockOutputStreamWithFailures" time="106.783"/>
  <testcase name="testDatanodeFailureWithPreAllocation" classname="org.apache.hadoop.ozone.client.rpc.TestBlockOutputStreamWithFailures" time="222.409"/>
  <testcase name="testDatanodeFailureWithSingleNodeRatis" classname="org.apache.hadoop.ozone.client.rpc.TestBlockOutputStreamWithFailures" time="222.844"/>
  <testcase name="testWatchForCommitWithSingleNodeRatis" classname="org.apache.hadoop.ozone.client.rpc.TestBlockOutputStreamWithFailures" time="35.126"/>
  <testcase name="testWatchForCommitDatanodeFailure" classname="org.apache.hadoop.ozone.client.rpc.TestBlockOutputStreamWithFailures" time="43.032">
    <failure message="expected:&lt;2&gt; but was:&lt;3&gt;" type="java.lang.AssertionError"><![CDATA[java.lang.AssertionError: expected:<2> but was:<3>
	at org.junit.Assert.fail(Assert.java:88)
	at org.junit.Assert.failNotEquals(Assert.java:743)
	at org.junit.Assert.assertEquals(Assert.java:118)
	at org.junit.Assert.assertEquals(Assert.java:555)
	at org.junit.Assert.assertEquals(Assert.java:542)
	at org.apache.hadoop.ozone.client.rpc.TestBlockOutputStreamWithFailures.testWatchForCommitDatanodeFailure(TestBlockOutputStreamWithFailures.java:366)
	at sun.reflect.NativeMethodAccessorImpl.invoke0(Native Method)
	at sun.reflect.NativeMethodAccessorImpl.invoke(NativeMethodAccessorImpl.java:62)
	at sun.reflect.DelegatingMethodAccessorImpl.invoke(DelegatingMethodAccessorImpl.java:43)
	at java.lang.reflect.Method.invoke(Method.java:498)
	at org.junit.runners.model.FrameworkMethod$1.runReflectiveCall(FrameworkMethod.java:47)
	at org.junit.internal.runners.model.ReflectiveCallable.run(ReflectiveCallable.java:12)
	at org.junit.runners.model.FrameworkMethod.invokeExplosively(FrameworkMethod.java:44)
	at org.junit.internal.runners.statements.InvokeMethod.evaluate(InvokeMethod.java:17)
	at org.junit.internal.runners.statements.RunBefores.evaluate(RunBefores.java:26)
	at org.junit.internal.runners.statements.RunAfters.evaluate(RunAfters.java:27)
	at org.junit.runners.ParentRunner.runLeaf(ParentRunner.java:271)
	at org.junit.runners.BlockJUnit4ClassRunner.runChild(BlockJUnit4ClassRunner.java:70)
	at org.junit.runners.BlockJUnit4ClassRunner.runChild(BlockJUnit4ClassRunner.java:50)
	at org.junit.runners.ParentRunner$3.run(ParentRunner.java:238)
	at org.junit.runners.ParentRunner$1.schedule(ParentRunner.java:63)
	at org.junit.runners.ParentRunner.runChildren(ParentRunner.java:236)
	at org.junit.runners.ParentRunner.access$000(ParentRunner.java:53)
	at org.junit.runners.ParentRunner$2.evaluate(ParentRunner.java:229)
	at org.junit.runners.ParentRunner.run(ParentRunner.java:309)
	at org.apache.maven.surefire.junit4.JUnit4Provider.execute(JUnit4Provider.java:365)
	at org.apache.maven.surefire.junit4.JUnit4Provider.executeWithRerun(JUnit4Provider.java:273)
	at org.apache.maven.surefire.junit4.JUnit4Provider.executeTestSet(JUnit4Provider.java:238)
	at org.apache.maven.surefire.junit4.JUnit4Provider.invoke(JUnit4Provider.java:159)
	at org.apache.maven.surefire.booter.ForkedBooter.invokeProviderInSameClassLoader(ForkedBooter.java:384)
	at org.apache.maven.surefire.booter.ForkedBooter.runSuitesInProcess(ForkedBooter.java:345)
	at org.apache.maven.surefire.booter.ForkedBooter.execute(ForkedBooter.java:126)
	at org.apache.maven.surefire.booter.ForkedBooter.main(ForkedBooter.java:418)
]]></failure>
    <system-out><![CDATA[2019-10-04 12:46:29,700 [main] WARN  server.ServerUtils (ServerUtils.java:getScmDbDir(145)) - ozone.scm.db.dirs is not configured. We recommend adding this setting. Falling back to ozone.metadata.dirs instead.
2019-10-04 12:46:29,728 [main] WARN  server.ServerUtils (ServerUtils.java:getScmDbDir(145)) - ozone.scm.db.dirs is not configured. We recommend adding this setting. Falling back to ozone.metadata.dirs instead.
2019-10-04 12:46:29,728 [main] WARN  server.ServerUtils (ServerUtils.java:getScmDbDir(145)) - ozone.scm.db.dirs is not configured. We recommend adding this setting. Falling back to ozone.metadata.dirs instead.
2019-10-04 12:46:29,729 [main] INFO  db.DBStoreBuilder (DBStoreBuilder.java:addTable(117)) - using custom profile for table: deletedBlocks
2019-10-04 12:46:29,729 [main] INFO  db.DBStoreBuilder (DBStoreBuilder.java:processTables(168)) - Using default column profile:DBProfile.DISK for Table:deletedBlocks
2019-10-04 12:46:29,729 [main] INFO  db.DBStoreBuilder (DBStoreBuilder.java:addTable(117)) - using custom profile for table: validCerts
2019-10-04 12:46:29,729 [main] INFO  db.DBStoreBuilder (DBStoreBuilder.java:processTables(168)) - Using default column profile:DBProfile.DISK for Table:validCerts
2019-10-04 12:46:29,730 [main] INFO  db.DBStoreBuilder (DBStoreBuilder.java:addTable(117)) - using custom profile for table: revokedCerts
2019-10-04 12:46:29,730 [main] INFO  db.DBStoreBuilder (DBStoreBuilder.java:processTables(168)) - Using default column profile:DBProfile.DISK for Table:revokedCerts
2019-10-04 12:46:29,730 [main] INFO  db.DBStoreBuilder (DBStoreBuilder.java:addTable(117)) - using custom profile for table: default
2019-10-04 12:46:29,730 [main] INFO  db.DBStoreBuilder (DBStoreBuilder.java:processTables(174)) - Using default column profile:DBProfile.DISK for Table:default
2019-10-04 12:46:29,730 [main] INFO  db.DBStoreBuilder (DBStoreBuilder.java:getDbProfile(205)) - Using default options. DBProfile.DISK
2019-10-04 12:46:30,127 [main] INFO  net.NodeSchemaLoader (NodeSchemaLoader.java:loadSchemaFromFile(125)) - Loading file from sun.misc.CompoundEnumeration@4ffced4e
2019-10-04 12:46:30,127 [main] INFO  net.NodeSchemaLoader (NodeSchemaLoader.java:loadSchema(171)) - Loading network topology layer schema file
2019-10-04 12:46:30,133 [main] INFO  node.SCMNodeManager (SCMNodeManager.java:<init>(114)) - Entering startup safe mode.
2019-10-04 12:46:30,134 [main] INFO  algorithms.ContainerPlacementPolicyFactory (ContainerPlacementPolicyFactory.java:getPolicy(57)) - Create container placement policy of type org.apache.hadoop.hdds.scm.container.placement.algorithms.SCMContainerPlacementRandom
2019-10-04 12:46:30,134 [main] WARN  server.ServerUtils (ServerUtils.java:getScmDbDir(145)) - ozone.scm.db.dirs is not configured. We recommend adding this setting. Falling back to ozone.metadata.dirs instead.
2019-10-04 12:46:30,181 [main] INFO  pipeline.SCMPipelineManager (SCMPipelineManager.java:initializePipelineState(132)) - No pipeline exists in current db
2019-10-04 12:46:30,181 [main] WARN  server.ServerUtils (ServerUtils.java:getScmDbDir(145)) - ozone.scm.db.dirs is not configured. We recommend adding this setting. Falling back to ozone.metadata.dirs instead.
2019-10-04 12:46:30,220 [main] WARN  events.EventQueue (EventQueue.java:fireEvent(183)) - No event handler registered for event TypedEvent{payloadType=SafeModeStatus, name='SafeModeStatus'}
2019-10-04 12:46:30,221 [main] INFO  ipc.CallQueueManager (CallQueueManager.java:<init>(84)) - Using callQueue: class java.util.concurrent.LinkedBlockingQueue, queueCapacity: 2000, scheduler: class org.apache.hadoop.ipc.DefaultRpcScheduler, ipcBackoff: false.
2019-10-04 12:46:30,222 [Socket Reader #1 for port 45170] INFO  ipc.Server (Server.java:run(1074)) - Starting Socket Reader #1 for port 45170
2019-10-04 12:46:30,225 [main] INFO  ipc.CallQueueManager (CallQueueManager.java:<init>(84)) - Using callQueue: class java.util.concurrent.LinkedBlockingQueue, queueCapacity: 2000, scheduler: class org.apache.hadoop.ipc.DefaultRpcScheduler, ipcBackoff: false.
2019-10-04 12:46:30,225 [Socket Reader #1 for port 43350] INFO  ipc.Server (Server.java:run(1074)) - Starting Socket Reader #1 for port 43350
2019-10-04 12:46:30,227 [main] INFO  ipc.CallQueueManager (CallQueueManager.java:<init>(84)) - Using callQueue: class java.util.concurrent.LinkedBlockingQueue, queueCapacity: 2000, scheduler: class org.apache.hadoop.ipc.DefaultRpcScheduler, ipcBackoff: false.
2019-10-04 12:46:30,227 [Socket Reader #1 for port 40977] INFO  ipc.Server (Server.java:run(1074)) - Starting Socket Reader #1 for port 40977
2019-10-04 12:46:30,245 [main] INFO  hdfs.DFSUtil (DFSUtil.java:httpServerTemplateForNNAndJN(1641)) - Starting Web-server for scm at: http://0.0.0.0:0
2019-10-04 12:46:30,247 [main] INFO  server.AuthenticationFilter (AuthenticationFilter.java:constructSecretProvider(240)) - Unable to initialize FileSignerSecretProvider, falling back to use random secrets.
2019-10-04 12:46:30,247 [main] WARN  http.HttpRequestLog (HttpRequestLog.java:getRequestLog(97)) - Jetty request log can only be enabled using Log4j
2019-10-04 12:46:30,249 [main] INFO  http.HttpServer2 (HttpServer2.java:addGlobalFilter(975)) - Added global filter 'safety' (class=org.apache.hadoop.http.HttpServer2$QuotingInputFilter)
2019-10-04 12:46:30,249 [main] INFO  http.HttpServer2 (HttpServer2.java:addFilter(948)) - Added filter static_user_filter (class=org.apache.hadoop.http.lib.StaticUserWebFilter$StaticUserFilter) to context scm
2019-10-04 12:46:30,249 [main] INFO  http.HttpServer2 (HttpServer2.java:addFilter(958)) - Added filter static_user_filter (class=org.apache.hadoop.http.lib.StaticUserWebFilter$StaticUserFilter) to context logs
2019-10-04 12:46:30,250 [main] INFO  http.HttpServer2 (HttpServer2.java:addFilter(958)) - Added filter static_user_filter (class=org.apache.hadoop.http.lib.StaticUserWebFilter$StaticUserFilter) to context static
2019-10-04 12:46:30,251 [main] INFO  server.StorageContainerManager (StorageContainerManager.java:start(770)) - StorageContainerLocationProtocol RPC server is listening at /0.0.0.0:40977
2019-10-04 12:46:30,253 [main] WARN  impl.MetricsConfig (MetricsConfig.java:loadFirst(134)) - Cannot locate configuration: tried hadoop-metrics2-storagecontainermanager.properties,hadoop-metrics2.properties
2019-10-04 12:46:30,254 [main] INFO  impl.MetricsSystemImpl (MetricsSystemImpl.java:startTimer(374)) - Scheduled Metric snapshot period at 10 second(s).
2019-10-04 12:46:30,254 [main] INFO  impl.MetricsSystemImpl (MetricsSystemImpl.java:start(191)) - StorageContainerManager metrics system started
2019-10-04 12:46:30,342 [main] WARN  impl.MetricsSystemImpl (MetricsSystemImpl.java:register(276)) - Sink prometheus already exists!
2019-10-04 12:46:30,433 [main] INFO  server.SCMClientProtocolServer (SCMClientProtocolServer.java:start(159)) - RPC server for Client  is listening at /0.0.0.0:40977
2019-10-04 12:46:30,434 [IPC Server Responder] INFO  ipc.Server (Server.java:run(1314)) - IPC Server Responder: starting
2019-10-04 12:46:30,434 [IPC Server listener on 40977] INFO  ipc.Server (Server.java:run(1153)) - IPC Server listener on 40977: starting
2019-10-04 12:46:30,439 [main] INFO  server.StorageContainerManager (StorageContainerManager.java:start(780)) - ScmBlockLocationProtocol RPC server is listening at /0.0.0.0:43350
2019-10-04 12:46:30,439 [main] INFO  server.SCMBlockProtocolServer (SCMBlockProtocolServer.java:start(146)) - RPC server for Block Protocol is listening at /0.0.0.0:43350
2019-10-04 12:46:30,440 [IPC Server Responder] INFO  ipc.Server (Server.java:run(1314)) - IPC Server Responder: starting
2019-10-04 12:46:30,440 [IPC Server listener on 43350] INFO  ipc.Server (Server.java:run(1153)) - IPC Server listener on 43350: starting
2019-10-04 12:46:30,445 [main] INFO  server.StorageContainerManager (StorageContainerManager.java:start(784)) - ScmDatanodeProtocl RPC server is listening at /0.0.0.0:45170
2019-10-04 12:46:30,445 [main] INFO  server.SCMDatanodeProtocolServer (SCMDatanodeProtocolServer.java:start(169)) - RPC server for DataNodes is listening at /0.0.0.0:45170
2019-10-04 12:46:30,445 [IPC Server Responder] INFO  ipc.Server (Server.java:run(1314)) - IPC Server Responder: starting
2019-10-04 12:46:30,445 [IPC Server listener on 45170] INFO  ipc.Server (Server.java:run(1153)) - IPC Server listener on 45170: starting
2019-10-04 12:46:30,450 [main] INFO  http.HttpServer2 (HttpServer2.java:bindListener(1191)) - Jetty bound to port 34474
2019-10-04 12:46:30,451 [main] INFO  server.Server (Server.java:doStart(351)) - jetty-9.3.25.v20180904, build timestamp: 2018-09-04T21:11:46Z, git hash: 3ce520221d0240229c862b122d2b06c12a625732
2019-10-04 12:46:30,452 [main] INFO  handler.ContextHandler (ContextHandler.java:doStart(781)) - Started o.e.j.s.ServletContextHandler@4270b142{/logs,file:///workdir/hadoop-ozone/integration-test/target/log,AVAILABLE}
2019-10-04 12:46:30,453 [main] INFO  handler.ContextHandler (ContextHandler.java:doStart(781)) - Started o.e.j.s.ServletContextHandler@6314df3c{/static,file:///workdir/hadoop-ozone/integration-test/target/test-classes/webapps/static,AVAILABLE}
2019-10-04 12:46:30,457 [main] INFO  handler.ContextHandler (ContextHandler.java:doStart(781)) - Started o.e.j.w.WebAppContext@3a3f96ab{/,file:///workdir/hadoop-ozone/integration-test/target/test-classes/webapps/scm/,AVAILABLE}{/scm}
2019-10-04 12:46:30,458 [main] INFO  server.AbstractConnector (AbstractConnector.java:doStart(278)) - Started ServerConnector@4def7d36{HTTP/1.1,[http/1.1]}{0.0.0.0:34474}
2019-10-04 12:46:30,459 [main] INFO  server.Server (Server.java:doStart(419)) - Started @588435ms
2019-10-04 12:46:30,459 [main] WARN  impl.MetricsSystemImpl (MetricsSystemImpl.java:register(276)) - Sink prometheus already exists!
2019-10-04 12:46:30,461 [main] INFO  server.BaseHttpServer (BaseHttpServer.java:updateConnectorAddress(215)) - HTTP server of SCM is listening at http://0.0.0.0:34474
2019-10-04 12:46:30,463 [main] WARN  server.ServerUtils (ServerUtils.java:getDBPath(222)) - ozone.om.db.dirs is not configured. We recommend adding this setting. Falling back to ozone.metadata.dirs instead.
2019-10-04 12:46:30,463 [org.apache.hadoop.util.JvmPauseMonitor$Monitor@67f946c3] INFO  util.JvmPauseMonitor (JvmPauseMonitor.java:run(188)) - Starting JVM pause monitor
2019-10-04 12:46:30,476 [main] INFO  ha.OMHANodeDetails (OMHANodeDetails.java:loadOMHAConfig(190)) - Configuration either no ozone.om.address set. Falling back to the default OM address /127.0.0.1:0
2019-10-04 12:46:30,477 [main] INFO  ha.OMHANodeDetails (OMHANodeDetails.java:getOMNodeDetails(220)) - OM Service ID is not set. Setting it to the default ID: omServiceIdDefault
2019-10-04 12:46:30,477 [main] WARN  server.ServerUtils (ServerUtils.java:getDBPath(222)) - ozone.om.db.dirs is not configured. We recommend adding this setting. Falling back to ozone.metadata.dirs instead.
2019-10-04 12:46:30,477 [main] WARN  server.ServerUtils (ServerUtils.java:getDBPath(222)) - ozone.om.db.dirs is not configured. We recommend adding this setting. Falling back to ozone.metadata.dirs instead.
2019-10-04 12:46:30,485 [main] WARN  server.ServerUtils (ServerUtils.java:getDBPath(222)) - ozone.om.db.dirs is not configured. We recommend adding this setting. Falling back to ozone.metadata.dirs instead.
2019-10-04 12:46:30,486 [main] INFO  db.DBStoreBuilder (DBStoreBuilder.java:addTable(117)) - using custom profile for table: userTable
2019-10-04 12:46:30,486 [main] INFO  db.DBStoreBuilder (DBStoreBuilder.java:processTables(168)) - Using default column profile:DBProfile.DISK for Table:userTable
2019-10-04 12:46:30,486 [main] INFO  db.DBStoreBuilder (DBStoreBuilder.java:addTable(117)) - using custom profile for table: volumeTable
2019-10-04 12:46:30,486 [main] INFO  db.DBStoreBuilder (DBStoreBuilder.java:processTables(168)) - Using default column profile:DBProfile.DISK for Table:volumeTable
2019-10-04 12:46:30,487 [main] INFO  db.DBStoreBuilder (DBStoreBuilder.java:addTable(117)) - using custom profile for table: bucketTable
2019-10-04 12:46:30,487 [main] INFO  db.DBStoreBuilder (DBStoreBuilder.java:processTables(168)) - Using default column profile:DBProfile.DISK for Table:bucketTable
2019-10-04 12:46:30,487 [main] INFO  db.DBStoreBuilder (DBStoreBuilder.java:addTable(117)) - using custom profile for table: keyTable
2019-10-04 12:46:30,487 [main] INFO  db.DBStoreBuilder (DBStoreBuilder.java:processTables(168)) - Using default column profile:DBProfile.DISK for Table:keyTable
2019-10-04 12:46:30,488 [main] INFO  db.DBStoreBuilder (DBStoreBuilder.java:addTable(117)) - using custom profile for table: deletedTable
2019-10-04 12:46:30,488 [main] INFO  db.DBStoreBuilder (DBStoreBuilder.java:processTables(168)) - Using default column profile:DBProfile.DISK for Table:deletedTable
2019-10-04 12:46:30,488 [main] INFO  db.DBStoreBuilder (DBStoreBuilder.java:addTable(117)) - using custom profile for table: openKeyTable
2019-10-04 12:46:30,488 [main] INFO  db.DBStoreBuilder (DBStoreBuilder.java:processTables(168)) - Using default column profile:DBProfile.DISK for Table:openKeyTable
2019-10-04 12:46:30,488 [main] INFO  db.DBStoreBuilder (DBStoreBuilder.java:addTable(117)) - using custom profile for table: s3Table
2019-10-04 12:46:30,488 [main] INFO  db.DBStoreBuilder (DBStoreBuilder.java:processTables(168)) - Using default column profile:DBProfile.DISK for Table:s3Table
2019-10-04 12:46:30,489 [main] INFO  db.DBStoreBuilder (DBStoreBuilder.java:addTable(117)) - using custom profile for table: multipartInfoTable
2019-10-04 12:46:30,489 [main] INFO  db.DBStoreBuilder (DBStoreBuilder.java:processTables(168)) - Using default column profile:DBProfile.DISK for Table:multipartInfoTable
2019-10-04 12:46:30,489 [main] INFO  db.DBStoreBuilder (DBStoreBuilder.java:addTable(117)) - using custom profile for table: dTokenTable
2019-10-04 12:46:30,489 [main] INFO  db.DBStoreBuilder (DBStoreBuilder.java:processTables(168)) - Using default column profile:DBProfile.DISK for Table:dTokenTable
2019-10-04 12:46:30,489 [main] INFO  db.DBStoreBuilder (DBStoreBuilder.java:addTable(117)) - using custom profile for table: s3SecretTable
2019-10-04 12:46:30,490 [main] INFO  db.DBStoreBuilder (DBStoreBuilder.java:processTables(168)) - Using default column profile:DBProfile.DISK for Table:s3SecretTable
2019-10-04 12:46:30,490 [main] INFO  db.DBStoreBuilder (DBStoreBuilder.java:addTable(117)) - using custom profile for table: prefixTable
2019-10-04 12:46:30,490 [main] INFO  db.DBStoreBuilder (DBStoreBuilder.java:processTables(168)) - Using default column profile:DBProfile.DISK for Table:prefixTable
2019-10-04 12:46:30,490 [main] INFO  db.DBStoreBuilder (DBStoreBuilder.java:addTable(117)) - using custom profile for table: default
2019-10-04 12:46:30,490 [main] INFO  db.DBStoreBuilder (DBStoreBuilder.java:processTables(174)) - Using default column profile:DBProfile.DISK for Table:default
2019-10-04 12:46:30,491 [main] INFO  db.DBStoreBuilder (DBStoreBuilder.java:getDbProfile(205)) - Using default options. DBProfile.DISK
2019-10-04 12:46:31,127 [main] INFO  ipc.CallQueueManager (CallQueueManager.java:<init>(84)) - Using callQueue: class java.util.concurrent.LinkedBlockingQueue, queueCapacity: 2000, scheduler: class org.apache.hadoop.ipc.DefaultRpcScheduler, ipcBackoff: false.
2019-10-04 12:46:31,128 [Socket Reader #1 for port 34708] INFO  ipc.Server (Server.java:run(1074)) - Starting Socket Reader #1 for port 34708
2019-10-04 12:46:31,263 [main] INFO  om.OzoneManager (OzoneManager.java:start(1069)) - OzoneManager RPC server is listening at localhost/127.0.0.1:34708
2019-10-04 12:46:31,264 [main] INFO  impl.MetricsSystemImpl (MetricsSystemImpl.java:init(158)) - OzoneManager metrics system started (again)
2019-10-04 12:46:31,264 [IPC Server Responder] INFO  ipc.Server (Server.java:run(1314)) - IPC Server Responder: starting
2019-10-04 12:46:31,264 [IPC Server listener on 34708] INFO  ipc.Server (Server.java:run(1153)) - IPC Server listener on 34708: starting
2019-10-04 12:46:31,271 [main] INFO  hdfs.DFSUtil (DFSUtil.java:httpServerTemplateForNNAndJN(1641)) - Starting Web-server for ozoneManager at: http://0.0.0.0:0
2019-10-04 12:46:31,272 [main] INFO  server.AuthenticationFilter (AuthenticationFilter.java:constructSecretProvider(240)) - Unable to initialize FileSignerSecretProvider, falling back to use random secrets.
2019-10-04 12:46:31,273 [main] WARN  http.HttpRequestLog (HttpRequestLog.java:getRequestLog(97)) - Jetty request log can only be enabled using Log4j
2019-10-04 12:46:31,274 [main] INFO  http.HttpServer2 (HttpServer2.java:addGlobalFilter(975)) - Added global filter 'safety' (class=org.apache.hadoop.http.HttpServer2$QuotingInputFilter)
2019-10-04 12:46:31,275 [main] INFO  http.HttpServer2 (HttpServer2.java:addFilter(948)) - Added filter static_user_filter (class=org.apache.hadoop.http.lib.StaticUserWebFilter$StaticUserFilter) to context ozoneManager
2019-10-04 12:46:31,275 [main] INFO  http.HttpServer2 (HttpServer2.java:addFilter(958)) - Added filter static_user_filter (class=org.apache.hadoop.http.lib.StaticUserWebFilter$StaticUserFilter) to context logs
2019-10-04 12:46:31,275 [main] INFO  http.HttpServer2 (HttpServer2.java:addFilter(958)) - Added filter static_user_filter (class=org.apache.hadoop.http.lib.StaticUserWebFilter$StaticUserFilter) to context static
2019-10-04 12:46:31,276 [main] INFO  http.HttpServer2 (HttpServer2.java:bindListener(1191)) - Jetty bound to port 34083
2019-10-04 12:46:31,276 [main] INFO  server.Server (Server.java:doStart(351)) - jetty-9.3.25.v20180904, build timestamp: 2018-09-04T21:11:46Z, git hash: 3ce520221d0240229c862b122d2b06c12a625732
2019-10-04 12:46:31,277 [main] INFO  handler.ContextHandler (ContextHandler.java:doStart(781)) - Started o.e.j.s.ServletContextHandler@4cc12db2{/logs,file:///workdir/hadoop-ozone/integration-test/target/log,AVAILABLE}
2019-10-04 12:46:31,278 [main] INFO  handler.ContextHandler (ContextHandler.java:doStart(781)) - Started o.e.j.s.ServletContextHandler@39d77de9{/static,file:///workdir/hadoop-ozone/integration-test/target/test-classes/webapps/static,AVAILABLE}
2019-10-04 12:46:31,282 [main] INFO  handler.ContextHandler (ContextHandler.java:doStart(781)) - Started o.e.j.w.WebAppContext@3cb6e0ee{/,file:///workdir/hadoop-ozone/integration-test/target/test-classes/webapps/ozoneManager/,AVAILABLE}{/ozoneManager}
2019-10-04 12:46:31,282 [main] INFO  server.AbstractConnector (AbstractConnector.java:doStart(278)) - Started ServerConnector@7b6141f0{HTTP/1.1,[http/1.1]}{0.0.0.0:34083}
2019-10-04 12:46:31,283 [main] INFO  server.Server (Server.java:doStart(419)) - Started @589260ms
2019-10-04 12:46:31,284 [main] WARN  impl.MetricsSystemImpl (MetricsSystemImpl.java:register(276)) - Sink prometheus already exists!
2019-10-04 12:46:31,284 [main] INFO  server.BaseHttpServer (BaseHttpServer.java:updateConnectorAddress(215)) - HTTP server of OZONEMANAGER is listening at http://0.0.0.0:34083
2019-10-04 12:46:31,301 [main] INFO  impl.MetricsSystemImpl (MetricsSystemImpl.java:init(158)) - HddsDatanode metrics system started (again)
2019-10-04 12:46:31,306 [main] INFO  ozone.HddsDatanodeService (HddsDatanodeService.java:start(184)) - HddsDatanodeService host:pr-hdds-2222-6c7sc-20480173 ip:192.168.5.134
2019-10-04 12:46:31,313 [main] INFO  volume.HddsVolume (HddsVolume.java:<init>(176)) - Creating Volume: /workdir/hadoop-ozone/integration-test/target/test-dir/MiniOzoneClusterImpl-e6427d35-fe54-4862-a5ad-7f18edbdadb0/datanode-0/data/containers/hdds of  storage type : DISK and capacity : 1482555576320
2019-10-04 12:46:31,313 [main] INFO  volume.VolumeSet (VolumeSet.java:initializeVolumeSet(170)) - Added Volume : /workdir/hadoop-ozone/integration-test/target/test-dir/MiniOzoneClusterImpl-e6427d35-fe54-4862-a5ad-7f18edbdadb0/datanode-0/data/containers/hdds to VolumeSet
2019-10-04 12:46:31,314 [main] INFO  volume.ThrottledAsyncChecker (ThrottledAsyncChecker.java:schedule(139)) - Scheduling a check for org.apache.hadoop.ozone.container.common.volume.HddsVolume@5fd43e58
2019-10-04 12:46:31,314 [main] INFO  volume.HddsVolumeChecker (HddsVolumeChecker.java:checkAllVolumes(202)) - Scheduled health check for volume org.apache.hadoop.ozone.container.common.volume.HddsVolume@5fd43e58
2019-10-04 12:46:31,329 [main] INFO  impl.RaftServerProxy (ConfUtils.java:logGet(43)) - raft.rpc.type = GRPC (default)
2019-10-04 12:46:31,329 [main] INFO  grpc.GrpcFactory (GrpcFactory.java:checkPooledByteBufAllocatorUseCacheForAllThreads(45)) - PERFORMANCE WARNING: useCacheForAllThreads is true that may cause Netty to create a lot garbage objects and, as a result, trigger GC.
	It is recommended to disable useCacheForAllThreads by setting -Dorg.apache.ratis.thirdparty.io.netty.allocator.useCacheForAllThreads=false in command line.
2019-10-04 12:46:31,329 [main] INFO  grpc.GrpcConfigKeys$Server (ConfUtils.java:logGet(43)) - raft.grpc.server.port = 0 (default)
2019-10-04 12:46:31,330 [main] INFO  server.GrpcService (ConfUtils.java:logGet(43)) - raft.grpc.message.size.max = 33570816 (custom)
2019-10-04 12:46:31,330 [main] INFO  server.RaftServerConfigKeys (ConfUtils.java:logGet(43)) - raft.server.log.appender.buffer.byte-limit = 33554432 (custom)
2019-10-04 12:46:31,330 [main] INFO  server.GrpcService (ConfUtils.java:logGet(43)) - raft.grpc.flow.control.window = 1MB (=1048576) (default)
2019-10-04 12:46:31,330 [main] INFO  server.RaftServerConfigKeys (ConfUtils.java:logGet(43)) - raft.server.rpc.request.timeout = 3000ms (default)
2019-10-04 12:46:31,331 [main] INFO  server.RaftServerConfigKeys (ConfUtils.java:logGet(43)) - raft.server.storage.dir = [/workdir/hadoop-ozone/integration-test/target/test-dir/MiniOzoneClusterImpl-e6427d35-fe54-4862-a5ad-7f18edbdadb0/datanode-0/data/ratis] (custom)
2019-10-04 12:46:31,332 [main] INFO  hdfs.DFSUtil (DFSUtil.java:httpServerTemplateForNNAndJN(1641)) - Starting Web-server for hddsDatanode at: http://0.0.0.0:0
2019-10-04 12:46:31,334 [main] INFO  server.AuthenticationFilter (AuthenticationFilter.java:constructSecretProvider(240)) - Unable to initialize FileSignerSecretProvider, falling back to use random secrets.
2019-10-04 12:46:31,334 [main] WARN  http.HttpRequestLog (HttpRequestLog.java:getRequestLog(97)) - Jetty request log can only be enabled using Log4j
2019-10-04 12:46:31,335 [main] INFO  http.HttpServer2 (HttpServer2.java:addGlobalFilter(975)) - Added global filter 'safety' (class=org.apache.hadoop.http.HttpServer2$QuotingInputFilter)
2019-10-04 12:46:31,335 [main] INFO  http.HttpServer2 (HttpServer2.java:addFilter(948)) - Added filter static_user_filter (class=org.apache.hadoop.http.lib.StaticUserWebFilter$StaticUserFilter) to context hddsDatanode
2019-10-04 12:46:31,336 [main] INFO  http.HttpServer2 (HttpServer2.java:addFilter(958)) - Added filter static_user_filter (class=org.apache.hadoop.http.lib.StaticUserWebFilter$StaticUserFilter) to context logs
2019-10-04 12:46:31,336 [main] INFO  http.HttpServer2 (HttpServer2.java:addFilter(958)) - Added filter static_user_filter (class=org.apache.hadoop.http.lib.StaticUserWebFilter$StaticUserFilter) to context static
2019-10-04 12:46:31,336 [main] INFO  http.HttpServer2 (HttpServer2.java:bindListener(1191)) - Jetty bound to port 45391
2019-10-04 12:46:31,336 [main] INFO  server.Server (Server.java:doStart(351)) - jetty-9.3.25.v20180904, build timestamp: 2018-09-04T21:11:46Z, git hash: 3ce520221d0240229c862b122d2b06c12a625732
2019-10-04 12:46:31,338 [main] INFO  handler.ContextHandler (ContextHandler.java:doStart(781)) - Started o.e.j.s.ServletContextHandler@279126f5{/logs,file:///workdir/hadoop-ozone/integration-test/target/log,AVAILABLE}
2019-10-04 12:46:31,338 [main] INFO  handler.ContextHandler (ContextHandler.java:doStart(781)) - Started o.e.j.s.ServletContextHandler@5fdd97c1{/static,jar:file:/home/user/.m2/repository/org/apache/hadoop/hadoop-hdds-container-service/0.5.0-SNAPSHOT/hadoop-hdds-container-service-0.5.0-SNAPSHOT.jar!/webapps/static,AVAILABLE}
2019-10-04 12:46:31,366 [main] INFO  handler.ContextHandler (ContextHandler.java:doStart(781)) - Started o.e.j.w.WebAppContext@10817f46{/,file:///tmp/jetty-0.0.0.0-45391-hddsDatanode-_-any-6832720103247239285.dir/webapp/,AVAILABLE}{/hddsDatanode}
2019-10-04 12:46:31,367 [main] INFO  server.AbstractConnector (AbstractConnector.java:doStart(278)) - Started ServerConnector@2d4a3e13{HTTP/1.1,[http/1.1]}{0.0.0.0:45391}
2019-10-04 12:46:31,367 [main] INFO  server.Server (Server.java:doStart(419)) - Started @589343ms
2019-10-04 12:46:31,369 [main] WARN  impl.MetricsSystemImpl (MetricsSystemImpl.java:register(276)) - Sink prometheus already exists!
2019-10-04 12:46:31,369 [main] INFO  server.BaseHttpServer (BaseHttpServer.java:updateConnectorAddress(215)) - HTTP server of HDDSDATANODE is listening at http://0.0.0.0:45391
2019-10-04 12:46:31,370 [main] INFO  impl.MetricsSystemImpl (MetricsSystemImpl.java:init(158)) - HddsDatanode metrics system started (again)
2019-10-04 12:46:31,373 [org.apache.hadoop.util.JvmPauseMonitor$Monitor@32ee3f3b] INFO  util.JvmPauseMonitor (JvmPauseMonitor.java:run(188)) - Starting JVM pause monitor
2019-10-04 12:46:31,374 [main] INFO  ozone.HddsDatanodeService (HddsDatanodeService.java:start(184)) - HddsDatanodeService host:pr-hdds-2222-6c7sc-20480173 ip:192.168.5.134
2019-10-04 12:46:31,374 [Datanode State Machine Thread - 0] INFO  datanode.InitDatanodeState (InitDatanodeState.java:persistContainerDatanodeDetails(140)) - DatanodeDetails is persisted to /workdir/hadoop-ozone/integration-test/target/test-dir/MiniOzoneClusterImpl-e6427d35-fe54-4862-a5ad-7f18edbdadb0/datanode-0/meta/datanode.id
2019-10-04 12:46:31,379 [main] INFO  volume.HddsVolume (HddsVolume.java:<init>(176)) - Creating Volume: /workdir/hadoop-ozone/integration-test/target/test-dir/MiniOzoneClusterImpl-e6427d35-fe54-4862-a5ad-7f18edbdadb0/datanode-1/data/containers/hdds of  storage type : DISK and capacity : 1482555576320
2019-10-04 12:46:31,379 [main] INFO  volume.VolumeSet (VolumeSet.java:initializeVolumeSet(170)) - Added Volume : /workdir/hadoop-ozone/integration-test/target/test-dir/MiniOzoneClusterImpl-e6427d35-fe54-4862-a5ad-7f18edbdadb0/datanode-1/data/containers/hdds to VolumeSet
2019-10-04 12:46:31,379 [main] INFO  volume.ThrottledAsyncChecker (ThrottledAsyncChecker.java:schedule(139)) - Scheduling a check for org.apache.hadoop.ozone.container.common.volume.HddsVolume@6aea99e7
2019-10-04 12:46:31,380 [main] INFO  volume.HddsVolumeChecker (HddsVolumeChecker.java:checkAllVolumes(202)) - Scheduled health check for volume org.apache.hadoop.ozone.container.common.volume.HddsVolume@6aea99e7
2019-10-04 12:46:31,392 [main] INFO  impl.RaftServerProxy (ConfUtils.java:logGet(43)) - raft.rpc.type = GRPC (default)
2019-10-04 12:46:31,392 [main] INFO  grpc.GrpcFactory (GrpcFactory.java:checkPooledByteBufAllocatorUseCacheForAllThreads(45)) - PERFORMANCE WARNING: useCacheForAllThreads is true that may cause Netty to create a lot garbage objects and, as a result, trigger GC.
	It is recommended to disable useCacheForAllThreads by setting -Dorg.apache.ratis.thirdparty.io.netty.allocator.useCacheForAllThreads=false in command line.
2019-10-04 12:46:31,392 [main] INFO  grpc.GrpcConfigKeys$Server (ConfUtils.java:logGet(43)) - raft.grpc.server.port = 0 (default)
2019-10-04 12:46:31,393 [main] INFO  server.GrpcService (ConfUtils.java:logGet(43)) - raft.grpc.message.size.max = 33570816 (custom)
2019-10-04 12:46:31,393 [main] INFO  server.RaftServerConfigKeys (ConfUtils.java:logGet(43)) - raft.server.log.appender.buffer.byte-limit = 33554432 (custom)
2019-10-04 12:46:31,393 [main] INFO  server.GrpcService (ConfUtils.java:logGet(43)) - raft.grpc.flow.control.window = 1MB (=1048576) (default)
2019-10-04 12:46:31,393 [main] INFO  server.RaftServerConfigKeys (ConfUtils.java:logGet(43)) - raft.server.rpc.request.timeout = 3000ms (default)
2019-10-04 12:46:31,393 [main] INFO  server.RaftServerConfigKeys (ConfUtils.java:logGet(43)) - raft.server.storage.dir = [/workdir/hadoop-ozone/integration-test/target/test-dir/MiniOzoneClusterImpl-e6427d35-fe54-4862-a5ad-7f18edbdadb0/datanode-1/data/ratis] (custom)
2019-10-04 12:46:31,395 [main] INFO  hdfs.DFSUtil (DFSUtil.java:httpServerTemplateForNNAndJN(1641)) - Starting Web-server for hddsDatanode at: http://0.0.0.0:0
2019-10-04 12:46:31,396 [main] INFO  server.AuthenticationFilter (AuthenticationFilter.java:constructSecretProvider(240)) - Unable to initialize FileSignerSecretProvider, falling back to use random secrets.
2019-10-04 12:46:31,396 [main] WARN  http.HttpRequestLog (HttpRequestLog.java:getRequestLog(97)) - Jetty request log can only be enabled using Log4j
2019-10-04 12:46:31,397 [main] INFO  http.HttpServer2 (HttpServer2.java:addGlobalFilter(975)) - Added global filter 'safety' (class=org.apache.hadoop.http.HttpServer2$QuotingInputFilter)
2019-10-04 12:46:31,398 [main] INFO  http.HttpServer2 (HttpServer2.java:addFilter(948)) - Added filter static_user_filter (class=org.apache.hadoop.http.lib.StaticUserWebFilter$StaticUserFilter) to context hddsDatanode
2019-10-04 12:46:31,398 [main] INFO  http.HttpServer2 (HttpServer2.java:addFilter(958)) - Added filter static_user_filter (class=org.apache.hadoop.http.lib.StaticUserWebFilter$StaticUserFilter) to context static
2019-10-04 12:46:31,398 [main] INFO  http.HttpServer2 (HttpServer2.java:addFilter(958)) - Added filter static_user_filter (class=org.apache.hadoop.http.lib.StaticUserWebFilter$StaticUserFilter) to context logs
2019-10-04 12:46:31,399 [main] INFO  http.HttpServer2 (HttpServer2.java:bindListener(1191)) - Jetty bound to port 42807
2019-10-04 12:46:31,399 [main] INFO  server.Server (Server.java:doStart(351)) - jetty-9.3.25.v20180904, build timestamp: 2018-09-04T21:11:46Z, git hash: 3ce520221d0240229c862b122d2b06c12a625732
2019-10-04 12:46:31,400 [main] INFO  handler.ContextHandler (ContextHandler.java:doStart(781)) - Started o.e.j.s.ServletContextHandler@559991f5{/logs,file:///workdir/hadoop-ozone/integration-test/target/log,AVAILABLE}
2019-10-04 12:46:31,400 [main] INFO  handler.ContextHandler (ContextHandler.java:doStart(781)) - Started o.e.j.s.ServletContextHandler@30b3d899{/static,jar:file:/home/user/.m2/repository/org/apache/hadoop/hadoop-hdds-container-service/0.5.0-SNAPSHOT/hadoop-hdds-container-service-0.5.0-SNAPSHOT.jar!/webapps/static,AVAILABLE}
2019-10-04 12:46:31,428 [main] INFO  handler.ContextHandler (ContextHandler.java:doStart(781)) - Started o.e.j.w.WebAppContext@147cc940{/,file:///tmp/jetty-0.0.0.0-42807-hddsDatanode-_-any-8306790912818877437.dir/webapp/,AVAILABLE}{/hddsDatanode}
2019-10-04 12:46:31,429 [main] INFO  server.AbstractConnector (AbstractConnector.java:doStart(278)) - Started ServerConnector@755a7218{HTTP/1.1,[http/1.1]}{0.0.0.0:42807}
2019-10-04 12:46:31,430 [main] INFO  server.Server (Server.java:doStart(419)) - Started @589406ms
2019-10-04 12:46:31,430 [main] WARN  impl.MetricsSystemImpl (MetricsSystemImpl.java:register(276)) - Sink prometheus already exists!
2019-10-04 12:46:31,431 [main] INFO  server.BaseHttpServer (BaseHttpServer.java:updateConnectorAddress(215)) - HTTP server of HDDSDATANODE is listening at http://0.0.0.0:42807
2019-10-04 12:46:31,431 [main] INFO  impl.MetricsSystemImpl (MetricsSystemImpl.java:init(158)) - HddsDatanode metrics system started (again)
2019-10-04 12:46:31,435 [org.apache.hadoop.util.JvmPauseMonitor$Monitor@68e21a0] INFO  util.JvmPauseMonitor (JvmPauseMonitor.java:run(188)) - Starting JVM pause monitor
2019-10-04 12:46:31,436 [main] INFO  ozone.HddsDatanodeService (HddsDatanodeService.java:start(184)) - HddsDatanodeService host:pr-hdds-2222-6c7sc-20480173 ip:192.168.5.134
2019-10-04 12:46:31,437 [Datanode State Machine Thread - 0] INFO  datanode.InitDatanodeState (InitDatanodeState.java:persistContainerDatanodeDetails(140)) - DatanodeDetails is persisted to /workdir/hadoop-ozone/integration-test/target/test-dir/MiniOzoneClusterImpl-e6427d35-fe54-4862-a5ad-7f18edbdadb0/datanode-1/meta/datanode.id
2019-10-04 12:46:31,441 [main] INFO  volume.HddsVolume (HddsVolume.java:<init>(176)) - Creating Volume: /workdir/hadoop-ozone/integration-test/target/test-dir/MiniOzoneClusterImpl-e6427d35-fe54-4862-a5ad-7f18edbdadb0/datanode-2/data/containers/hdds of  storage type : DISK and capacity : 1482555576320
2019-10-04 12:46:31,441 [main] INFO  volume.VolumeSet (VolumeSet.java:initializeVolumeSet(170)) - Added Volume : /workdir/hadoop-ozone/integration-test/target/test-dir/MiniOzoneClusterImpl-e6427d35-fe54-4862-a5ad-7f18edbdadb0/datanode-2/data/containers/hdds to VolumeSet
2019-10-04 12:46:31,441 [main] INFO  volume.ThrottledAsyncChecker (ThrottledAsyncChecker.java:schedule(139)) - Scheduling a check for org.apache.hadoop.ozone.container.common.volume.HddsVolume@6c2a95d5
2019-10-04 12:46:31,442 [main] INFO  volume.HddsVolumeChecker (HddsVolumeChecker.java:checkAllVolumes(202)) - Scheduled health check for volume org.apache.hadoop.ozone.container.common.volume.HddsVolume@6c2a95d5
2019-10-04 12:46:31,455 [main] INFO  impl.RaftServerProxy (ConfUtils.java:logGet(43)) - raft.rpc.type = GRPC (default)
2019-10-04 12:46:31,455 [main] INFO  grpc.GrpcFactory (GrpcFactory.java:checkPooledByteBufAllocatorUseCacheForAllThreads(45)) - PERFORMANCE WARNING: useCacheForAllThreads is true that may cause Netty to create a lot garbage objects and, as a result, trigger GC.
	It is recommended to disable useCacheForAllThreads by setting -Dorg.apache.ratis.thirdparty.io.netty.allocator.useCacheForAllThreads=false in command line.
2019-10-04 12:46:31,455 [main] INFO  grpc.GrpcConfigKeys$Server (ConfUtils.java:logGet(43)) - raft.grpc.server.port = 0 (default)
2019-10-04 12:46:31,455 [main] INFO  server.GrpcService (ConfUtils.java:logGet(43)) - raft.grpc.message.size.max = 33570816 (custom)
2019-10-04 12:46:31,455 [main] INFO  server.RaftServerConfigKeys (ConfUtils.java:logGet(43)) - raft.server.log.appender.buffer.byte-limit = 33554432 (custom)
2019-10-04 12:46:31,456 [main] INFO  server.GrpcService (ConfUtils.java:logGet(43)) - raft.grpc.flow.control.window = 1MB (=1048576) (default)
2019-10-04 12:46:31,456 [main] INFO  server.RaftServerConfigKeys (ConfUtils.java:logGet(43)) - raft.server.rpc.request.timeout = 3000ms (default)
2019-10-04 12:46:31,456 [main] INFO  server.RaftServerConfigKeys (ConfUtils.java:logGet(43)) - raft.server.storage.dir = [/workdir/hadoop-ozone/integration-test/target/test-dir/MiniOzoneClusterImpl-e6427d35-fe54-4862-a5ad-7f18edbdadb0/datanode-2/data/ratis] (custom)
2019-10-04 12:46:31,457 [main] INFO  hdfs.DFSUtil (DFSUtil.java:httpServerTemplateForNNAndJN(1641)) - Starting Web-server for hddsDatanode at: http://0.0.0.0:0
2019-10-04 12:46:31,458 [main] INFO  server.AuthenticationFilter (AuthenticationFilter.java:constructSecretProvider(240)) - Unable to initialize FileSignerSecretProvider, falling back to use random secrets.
2019-10-04 12:46:31,459 [main] WARN  http.HttpRequestLog (HttpRequestLog.java:getRequestLog(97)) - Jetty request log can only be enabled using Log4j
2019-10-04 12:46:31,460 [main] INFO  http.HttpServer2 (HttpServer2.java:addGlobalFilter(975)) - Added global filter 'safety' (class=org.apache.hadoop.http.HttpServer2$QuotingInputFilter)
2019-10-04 12:46:31,460 [main] INFO  http.HttpServer2 (HttpServer2.java:addFilter(948)) - Added filter static_user_filter (class=org.apache.hadoop.http.lib.StaticUserWebFilter$StaticUserFilter) to context hddsDatanode
2019-10-04 12:46:31,461 [main] INFO  http.HttpServer2 (HttpServer2.java:addFilter(958)) - Added filter static_user_filter (class=org.apache.hadoop.http.lib.StaticUserWebFilter$StaticUserFilter) to context static
2019-10-04 12:46:31,461 [main] INFO  http.HttpServer2 (HttpServer2.java:addFilter(958)) - Added filter static_user_filter (class=org.apache.hadoop.http.lib.StaticUserWebFilter$StaticUserFilter) to context logs
2019-10-04 12:46:31,461 [main] INFO  http.HttpServer2 (HttpServer2.java:bindListener(1191)) - Jetty bound to port 43963
2019-10-04 12:46:31,461 [main] INFO  server.Server (Server.java:doStart(351)) - jetty-9.3.25.v20180904, build timestamp: 2018-09-04T21:11:46Z, git hash: 3ce520221d0240229c862b122d2b06c12a625732
2019-10-04 12:46:31,463 [main] INFO  handler.ContextHandler (ContextHandler.java:doStart(781)) - Started o.e.j.s.ServletContextHandler@241b971f{/logs,file:///workdir/hadoop-ozone/integration-test/target/log,AVAILABLE}
2019-10-04 12:46:31,463 [main] INFO  handler.ContextHandler (ContextHandler.java:doStart(781)) - Started o.e.j.s.ServletContextHandler@5384ce66{/static,jar:file:/home/user/.m2/repository/org/apache/hadoop/hadoop-hdds-container-service/0.5.0-SNAPSHOT/hadoop-hdds-container-service-0.5.0-SNAPSHOT.jar!/webapps/static,AVAILABLE}
2019-10-04 12:46:31,491 [main] INFO  handler.ContextHandler (ContextHandler.java:doStart(781)) - Started o.e.j.w.WebAppContext@7f0766ef{/,file:///tmp/jetty-0.0.0.0-43963-hddsDatanode-_-any-6352153302359169645.dir/webapp/,AVAILABLE}{/hddsDatanode}
2019-10-04 12:46:31,491 [main] INFO  server.AbstractConnector (AbstractConnector.java:doStart(278)) - Started ServerConnector@1e56bc9b{HTTP/1.1,[http/1.1]}{0.0.0.0:43963}
2019-10-04 12:46:31,493 [main] INFO  server.Server (Server.java:doStart(419)) - Started @589469ms
2019-10-04 12:46:31,493 [main] WARN  impl.MetricsSystemImpl (MetricsSystemImpl.java:register(276)) - Sink prometheus already exists!
2019-10-04 12:46:31,494 [main] INFO  server.BaseHttpServer (BaseHttpServer.java:updateConnectorAddress(215)) - HTTP server of HDDSDATANODE is listening at http://0.0.0.0:43963
2019-10-04 12:46:31,494 [main] INFO  impl.MetricsSystemImpl (MetricsSystemImpl.java:init(158)) - HddsDatanode metrics system started (again)
2019-10-04 12:46:31,499 [org.apache.hadoop.util.JvmPauseMonitor$Monitor@7be0767d] INFO  util.JvmPauseMonitor (JvmPauseMonitor.java:run(188)) - Starting JVM pause monitor
2019-10-04 12:46:31,499 [main] INFO  ozone.HddsDatanodeService (HddsDatanodeService.java:start(184)) - HddsDatanodeService host:pr-hdds-2222-6c7sc-20480173 ip:192.168.5.134
2019-10-04 12:46:31,500 [Datanode State Machine Thread - 0] INFO  datanode.InitDatanodeState (InitDatanodeState.java:persistContainerDatanodeDetails(140)) - DatanodeDetails is persisted to /workdir/hadoop-ozone/integration-test/target/test-dir/MiniOzoneClusterImpl-e6427d35-fe54-4862-a5ad-7f18edbdadb0/datanode-2/meta/datanode.id
2019-10-04 12:46:31,505 [main] INFO  volume.HddsVolume (HddsVolume.java:<init>(176)) - Creating Volume: /workdir/hadoop-ozone/integration-test/target/test-dir/MiniOzoneClusterImpl-e6427d35-fe54-4862-a5ad-7f18edbdadb0/datanode-3/data/containers/hdds of  storage type : DISK and capacity : 1482555576320
2019-10-04 12:46:31,506 [main] INFO  volume.VolumeSet (VolumeSet.java:initializeVolumeSet(170)) - Added Volume : /workdir/hadoop-ozone/integration-test/target/test-dir/MiniOzoneClusterImpl-e6427d35-fe54-4862-a5ad-7f18edbdadb0/datanode-3/data/containers/hdds to VolumeSet
2019-10-04 12:46:31,506 [main] INFO  volume.ThrottledAsyncChecker (ThrottledAsyncChecker.java:schedule(139)) - Scheduling a check for org.apache.hadoop.ozone.container.common.volume.HddsVolume@22a4ca4a
2019-10-04 12:46:31,506 [main] INFO  volume.HddsVolumeChecker (HddsVolumeChecker.java:checkAllVolumes(202)) - Scheduled health check for volume org.apache.hadoop.ozone.container.common.volume.HddsVolume@22a4ca4a
2019-10-04 12:46:31,519 [main] INFO  impl.RaftServerProxy (ConfUtils.java:logGet(43)) - raft.rpc.type = GRPC (default)
2019-10-04 12:46:31,519 [main] INFO  grpc.GrpcFactory (GrpcFactory.java:checkPooledByteBufAllocatorUseCacheForAllThreads(45)) - PERFORMANCE WARNING: useCacheForAllThreads is true that may cause Netty to create a lot garbage objects and, as a result, trigger GC.
	It is recommended to disable useCacheForAllThreads by setting -Dorg.apache.ratis.thirdparty.io.netty.allocator.useCacheForAllThreads=false in command line.
2019-10-04 12:46:31,519 [main] INFO  grpc.GrpcConfigKeys$Server (ConfUtils.java:logGet(43)) - raft.grpc.server.port = 0 (default)
2019-10-04 12:46:31,519 [main] INFO  server.GrpcService (ConfUtils.java:logGet(43)) - raft.grpc.message.size.max = 33570816 (custom)
2019-10-04 12:46:31,520 [main] INFO  server.RaftServerConfigKeys (ConfUtils.java:logGet(43)) - raft.server.log.appender.buffer.byte-limit = 33554432 (custom)
2019-10-04 12:46:31,520 [main] INFO  server.GrpcService (ConfUtils.java:logGet(43)) - raft.grpc.flow.control.window = 1MB (=1048576) (default)
2019-10-04 12:46:31,520 [main] INFO  server.RaftServerConfigKeys (ConfUtils.java:logGet(43)) - raft.server.rpc.request.timeout = 3000ms (default)
2019-10-04 12:46:31,520 [main] INFO  server.RaftServerConfigKeys (ConfUtils.java:logGet(43)) - raft.server.storage.dir = [/workdir/hadoop-ozone/integration-test/target/test-dir/MiniOzoneClusterImpl-e6427d35-fe54-4862-a5ad-7f18edbdadb0/datanode-3/data/ratis] (custom)
2019-10-04 12:46:31,522 [main] INFO  hdfs.DFSUtil (DFSUtil.java:httpServerTemplateForNNAndJN(1641)) - Starting Web-server for hddsDatanode at: http://0.0.0.0:0
2019-10-04 12:46:31,523 [main] INFO  server.AuthenticationFilter (AuthenticationFilter.java:constructSecretProvider(240)) - Unable to initialize FileSignerSecretProvider, falling back to use random secrets.
2019-10-04 12:46:31,523 [main] WARN  http.HttpRequestLog (HttpRequestLog.java:getRequestLog(97)) - Jetty request log can only be enabled using Log4j
2019-10-04 12:46:31,524 [main] INFO  http.HttpServer2 (HttpServer2.java:addGlobalFilter(975)) - Added global filter 'safety' (class=org.apache.hadoop.http.HttpServer2$QuotingInputFilter)
2019-10-04 12:46:31,525 [main] INFO  http.HttpServer2 (HttpServer2.java:addFilter(948)) - Added filter static_user_filter (class=org.apache.hadoop.http.lib.StaticUserWebFilter$StaticUserFilter) to context hddsDatanode
2019-10-04 12:46:31,525 [main] INFO  http.HttpServer2 (HttpServer2.java:addFilter(958)) - Added filter static_user_filter (class=org.apache.hadoop.http.lib.StaticUserWebFilter$StaticUserFilter) to context logs
2019-10-04 12:46:31,525 [main] INFO  http.HttpServer2 (HttpServer2.java:addFilter(958)) - Added filter static_user_filter (class=org.apache.hadoop.http.lib.StaticUserWebFilter$StaticUserFilter) to context static
2019-10-04 12:46:31,525 [main] INFO  http.HttpServer2 (HttpServer2.java:bindListener(1191)) - Jetty bound to port 39278
2019-10-04 12:46:31,526 [main] INFO  server.Server (Server.java:doStart(351)) - jetty-9.3.25.v20180904, build timestamp: 2018-09-04T21:11:46Z, git hash: 3ce520221d0240229c862b122d2b06c12a625732
2019-10-04 12:46:31,527 [main] INFO  handler.ContextHandler (ContextHandler.java:doStart(781)) - Started o.e.j.s.ServletContextHandler@25a5c8e{/logs,file:///workdir/hadoop-ozone/integration-test/target/log,AVAILABLE}
2019-10-04 12:46:31,527 [main] INFO  handler.ContextHandler (ContextHandler.java:doStart(781)) - Started o.e.j.s.ServletContextHandler@7911cc15{/static,jar:file:/home/user/.m2/repository/org/apache/hadoop/hadoop-hdds-container-service/0.5.0-SNAPSHOT/hadoop-hdds-container-service-0.5.0-SNAPSHOT.jar!/webapps/static,AVAILABLE}
2019-10-04 12:46:31,555 [main] INFO  handler.ContextHandler (ContextHandler.java:doStart(781)) - Started o.e.j.w.WebAppContext@53125718{/,file:///tmp/jetty-0.0.0.0-39278-hddsDatanode-_-any-1765078536978158669.dir/webapp/,AVAILABLE}{/hddsDatanode}
2019-10-04 12:46:31,555 [main] INFO  server.AbstractConnector (AbstractConnector.java:doStart(278)) - Started ServerConnector@53016b11{HTTP/1.1,[http/1.1]}{0.0.0.0:39278}
2019-10-04 12:46:31,557 [main] INFO  server.Server (Server.java:doStart(419)) - Started @589533ms
2019-10-04 12:46:31,557 [main] WARN  impl.MetricsSystemImpl (MetricsSystemImpl.java:register(276)) - Sink prometheus already exists!
2019-10-04 12:46:31,558 [main] INFO  server.BaseHttpServer (BaseHttpServer.java:updateConnectorAddress(215)) - HTTP server of HDDSDATANODE is listening at http://0.0.0.0:39278
2019-10-04 12:46:31,558 [main] INFO  impl.MetricsSystemImpl (MetricsSystemImpl.java:init(158)) - HddsDatanode metrics system started (again)
2019-10-04 12:46:31,565 [org.apache.hadoop.util.JvmPauseMonitor$Monitor@8fa947e] INFO  util.JvmPauseMonitor (JvmPauseMonitor.java:run(188)) - Starting JVM pause monitor
2019-10-04 12:46:31,566 [main] INFO  ozone.HddsDatanodeService (HddsDatanodeService.java:start(184)) - HddsDatanodeService host:pr-hdds-2222-6c7sc-20480173 ip:192.168.5.134
2019-10-04 12:46:31,566 [Datanode State Machine Thread - 0] INFO  datanode.InitDatanodeState (InitDatanodeState.java:persistContainerDatanodeDetails(140)) - DatanodeDetails is persisted to /workdir/hadoop-ozone/integration-test/target/test-dir/MiniOzoneClusterImpl-e6427d35-fe54-4862-a5ad-7f18edbdadb0/datanode-3/meta/datanode.id
2019-10-04 12:46:31,571 [main] INFO  volume.HddsVolume (HddsVolume.java:<init>(176)) - Creating Volume: /workdir/hadoop-ozone/integration-test/target/test-dir/MiniOzoneClusterImpl-e6427d35-fe54-4862-a5ad-7f18edbdadb0/datanode-4/data/containers/hdds of  storage type : DISK and capacity : 1482555576320
2019-10-04 12:46:31,572 [main] INFO  volume.VolumeSet (VolumeSet.java:initializeVolumeSet(170)) - Added Volume : /workdir/hadoop-ozone/integration-test/target/test-dir/MiniOzoneClusterImpl-e6427d35-fe54-4862-a5ad-7f18edbdadb0/datanode-4/data/containers/hdds to VolumeSet
2019-10-04 12:46:31,572 [main] INFO  volume.ThrottledAsyncChecker (ThrottledAsyncChecker.java:schedule(139)) - Scheduling a check for org.apache.hadoop.ozone.container.common.volume.HddsVolume@5520f675
2019-10-04 12:46:31,572 [main] INFO  volume.HddsVolumeChecker (HddsVolumeChecker.java:checkAllVolumes(202)) - Scheduled health check for volume org.apache.hadoop.ozone.container.common.volume.HddsVolume@5520f675
2019-10-04 12:46:31,585 [main] INFO  impl.RaftServerProxy (ConfUtils.java:logGet(43)) - raft.rpc.type = GRPC (default)
2019-10-04 12:46:31,585 [main] INFO  grpc.GrpcFactory (GrpcFactory.java:checkPooledByteBufAllocatorUseCacheForAllThreads(45)) - PERFORMANCE WARNING: useCacheForAllThreads is true that may cause Netty to create a lot garbage objects and, as a result, trigger GC.
	It is recommended to disable useCacheForAllThreads by setting -Dorg.apache.ratis.thirdparty.io.netty.allocator.useCacheForAllThreads=false in command line.
2019-10-04 12:46:31,585 [main] INFO  grpc.GrpcConfigKeys$Server (ConfUtils.java:logGet(43)) - raft.grpc.server.port = 0 (default)
2019-10-04 12:46:31,585 [main] INFO  server.GrpcService (ConfUtils.java:logGet(43)) - raft.grpc.message.size.max = 33570816 (custom)
2019-10-04 12:46:31,585 [main] INFO  server.RaftServerConfigKeys (ConfUtils.java:logGet(43)) - raft.server.log.appender.buffer.byte-limit = 33554432 (custom)
2019-10-04 12:46:31,585 [main] INFO  server.GrpcService (ConfUtils.java:logGet(43)) - raft.grpc.flow.control.window = 1MB (=1048576) (default)
2019-10-04 12:46:31,585 [main] INFO  server.RaftServerConfigKeys (ConfUtils.java:logGet(43)) - raft.server.rpc.request.timeout = 3000ms (default)
2019-10-04 12:46:31,586 [main] INFO  server.RaftServerConfigKeys (ConfUtils.java:logGet(43)) - raft.server.storage.dir = [/workdir/hadoop-ozone/integration-test/target/test-dir/MiniOzoneClusterImpl-e6427d35-fe54-4862-a5ad-7f18edbdadb0/datanode-4/data/ratis] (custom)
2019-10-04 12:46:31,587 [main] INFO  hdfs.DFSUtil (DFSUtil.java:httpServerTemplateForNNAndJN(1641)) - Starting Web-server for hddsDatanode at: http://0.0.0.0:0
2019-10-04 12:46:31,589 [main] INFO  server.AuthenticationFilter (AuthenticationFilter.java:constructSecretProvider(240)) - Unable to initialize FileSignerSecretProvider, falling back to use random secrets.
2019-10-04 12:46:31,589 [main] WARN  http.HttpRequestLog (HttpRequestLog.java:getRequestLog(97)) - Jetty request log can only be enabled using Log4j
2019-10-04 12:46:31,591 [main] INFO  http.HttpServer2 (HttpServer2.java:addGlobalFilter(975)) - Added global filter 'safety' (class=org.apache.hadoop.http.HttpServer2$QuotingInputFilter)
2019-10-04 12:46:31,592 [main] INFO  http.HttpServer2 (HttpServer2.java:addFilter(948)) - Added filter static_user_filter (class=org.apache.hadoop.http.lib.StaticUserWebFilter$StaticUserFilter) to context hddsDatanode
2019-10-04 12:46:31,592 [main] INFO  http.HttpServer2 (HttpServer2.java:addFilter(958)) - Added filter static_user_filter (class=org.apache.hadoop.http.lib.StaticUserWebFilter$StaticUserFilter) to context static
2019-10-04 12:46:31,592 [main] INFO  http.HttpServer2 (HttpServer2.java:addFilter(958)) - Added filter static_user_filter (class=org.apache.hadoop.http.lib.StaticUserWebFilter$StaticUserFilter) to context logs
2019-10-04 12:46:31,593 [main] INFO  http.HttpServer2 (HttpServer2.java:bindListener(1191)) - Jetty bound to port 33459
2019-10-04 12:46:31,593 [main] INFO  server.Server (Server.java:doStart(351)) - jetty-9.3.25.v20180904, build timestamp: 2018-09-04T21:11:46Z, git hash: 3ce520221d0240229c862b122d2b06c12a625732
2019-10-04 12:46:31,596 [main] INFO  handler.ContextHandler (ContextHandler.java:doStart(781)) - Started o.e.j.s.ServletContextHandler@342beaf6{/logs,file:///workdir/hadoop-ozone/integration-test/target/log,AVAILABLE}
2019-10-04 12:46:31,596 [main] INFO  handler.ContextHandler (ContextHandler.java:doStart(781)) - Started o.e.j.s.ServletContextHandler@56cfe6be{/static,jar:file:/home/user/.m2/repository/org/apache/hadoop/hadoop-hdds-container-service/0.5.0-SNAPSHOT/hadoop-hdds-container-service-0.5.0-SNAPSHOT.jar!/webapps/static,AVAILABLE}
2019-10-04 12:46:31,620 [main] INFO  handler.ContextHandler (ContextHandler.java:doStart(781)) - Started o.e.j.w.WebAppContext@4703c998{/,file:///tmp/jetty-0.0.0.0-33459-hddsDatanode-_-any-757909591228317504.dir/webapp/,AVAILABLE}{/hddsDatanode}
2019-10-04 12:46:31,620 [main] INFO  server.AbstractConnector (AbstractConnector.java:doStart(278)) - Started ServerConnector@71166348{HTTP/1.1,[http/1.1]}{0.0.0.0:33459}
2019-10-04 12:46:31,622 [main] INFO  server.Server (Server.java:doStart(419)) - Started @589598ms
2019-10-04 12:46:31,622 [main] WARN  impl.MetricsSystemImpl (MetricsSystemImpl.java:register(276)) - Sink prometheus already exists!
2019-10-04 12:46:31,622 [main] INFO  server.BaseHttpServer (BaseHttpServer.java:updateConnectorAddress(215)) - HTTP server of HDDSDATANODE is listening at http://0.0.0.0:33459
2019-10-04 12:46:31,623 [main] INFO  impl.MetricsSystemImpl (MetricsSystemImpl.java:init(158)) - HddsDatanode metrics system started (again)
2019-10-04 12:46:31,627 [org.apache.hadoop.util.JvmPauseMonitor$Monitor@18408539] INFO  util.JvmPauseMonitor (JvmPauseMonitor.java:run(188)) - Starting JVM pause monitor
2019-10-04 12:46:31,627 [main] INFO  ozone.HddsDatanodeService (HddsDatanodeService.java:start(184)) - HddsDatanodeService host:pr-hdds-2222-6c7sc-20480173 ip:192.168.5.134
2019-10-04 12:46:31,628 [Datanode State Machine Thread - 0] INFO  datanode.InitDatanodeState (InitDatanodeState.java:persistContainerDatanodeDetails(140)) - DatanodeDetails is persisted to /workdir/hadoop-ozone/integration-test/target/test-dir/MiniOzoneClusterImpl-e6427d35-fe54-4862-a5ad-7f18edbdadb0/datanode-4/meta/datanode.id
2019-10-04 12:46:31,634 [main] INFO  volume.HddsVolume (HddsVolume.java:<init>(176)) - Creating Volume: /workdir/hadoop-ozone/integration-test/target/test-dir/MiniOzoneClusterImpl-e6427d35-fe54-4862-a5ad-7f18edbdadb0/datanode-5/data/containers/hdds of  storage type : DISK and capacity : 1482555576320
2019-10-04 12:46:31,634 [main] INFO  volume.VolumeSet (VolumeSet.java:initializeVolumeSet(170)) - Added Volume : /workdir/hadoop-ozone/integration-test/target/test-dir/MiniOzoneClusterImpl-e6427d35-fe54-4862-a5ad-7f18edbdadb0/datanode-5/data/containers/hdds to VolumeSet
2019-10-04 12:46:31,634 [main] INFO  volume.ThrottledAsyncChecker (ThrottledAsyncChecker.java:schedule(139)) - Scheduling a check for org.apache.hadoop.ozone.container.common.volume.HddsVolume@3cc9632d
2019-10-04 12:46:31,634 [main] INFO  volume.HddsVolumeChecker (HddsVolumeChecker.java:checkAllVolumes(202)) - Scheduled health check for volume org.apache.hadoop.ozone.container.common.volume.HddsVolume@3cc9632d
2019-10-04 12:46:31,646 [main] INFO  impl.RaftServerProxy (ConfUtils.java:logGet(43)) - raft.rpc.type = GRPC (default)
2019-10-04 12:46:31,647 [main] INFO  grpc.GrpcFactory (GrpcFactory.java:checkPooledByteBufAllocatorUseCacheForAllThreads(45)) - PERFORMANCE WARNING: useCacheForAllThreads is true that may cause Netty to create a lot garbage objects and, as a result, trigger GC.
	It is recommended to disable useCacheForAllThreads by setting -Dorg.apache.ratis.thirdparty.io.netty.allocator.useCacheForAllThreads=false in command line.
2019-10-04 12:46:31,647 [main] INFO  grpc.GrpcConfigKeys$Server (ConfUtils.java:logGet(43)) - raft.grpc.server.port = 0 (default)
2019-10-04 12:46:31,647 [main] INFO  server.GrpcService (ConfUtils.java:logGet(43)) - raft.grpc.message.size.max = 33570816 (custom)
2019-10-04 12:46:31,647 [main] INFO  server.RaftServerConfigKeys (ConfUtils.java:logGet(43)) - raft.server.log.appender.buffer.byte-limit = 33554432 (custom)
2019-10-04 12:46:31,647 [main] INFO  server.GrpcService (ConfUtils.java:logGet(43)) - raft.grpc.flow.control.window = 1MB (=1048576) (default)
2019-10-04 12:46:31,647 [main] INFO  server.RaftServerConfigKeys (ConfUtils.java:logGet(43)) - raft.server.rpc.request.timeout = 3000ms (default)
2019-10-04 12:46:31,648 [main] INFO  server.RaftServerConfigKeys (ConfUtils.java:logGet(43)) - raft.server.storage.dir = [/workdir/hadoop-ozone/integration-test/target/test-dir/MiniOzoneClusterImpl-e6427d35-fe54-4862-a5ad-7f18edbdadb0/datanode-5/data/ratis] (custom)
2019-10-04 12:46:31,649 [main] INFO  hdfs.DFSUtil (DFSUtil.java:httpServerTemplateForNNAndJN(1641)) - Starting Web-server for hddsDatanode at: http://0.0.0.0:0
2019-10-04 12:46:31,650 [main] INFO  server.AuthenticationFilter (AuthenticationFilter.java:constructSecretProvider(240)) - Unable to initialize FileSignerSecretProvider, falling back to use random secrets.
2019-10-04 12:46:31,650 [main] WARN  http.HttpRequestLog (HttpRequestLog.java:getRequestLog(97)) - Jetty request log can only be enabled using Log4j
2019-10-04 12:46:31,651 [main] INFO  http.HttpServer2 (HttpServer2.java:addGlobalFilter(975)) - Added global filter 'safety' (class=org.apache.hadoop.http.HttpServer2$QuotingInputFilter)
2019-10-04 12:46:31,652 [main] INFO  http.HttpServer2 (HttpServer2.java:addFilter(948)) - Added filter static_user_filter (class=org.apache.hadoop.http.lib.StaticUserWebFilter$StaticUserFilter) to context hddsDatanode
2019-10-04 12:46:31,652 [main] INFO  http.HttpServer2 (HttpServer2.java:addFilter(958)) - Added filter static_user_filter (class=org.apache.hadoop.http.lib.StaticUserWebFilter$StaticUserFilter) to context static
2019-10-04 12:46:31,652 [main] INFO  http.HttpServer2 (HttpServer2.java:addFilter(958)) - Added filter static_user_filter (class=org.apache.hadoop.http.lib.StaticUserWebFilter$StaticUserFilter) to context logs
2019-10-04 12:46:31,652 [main] INFO  http.HttpServer2 (HttpServer2.java:bindListener(1191)) - Jetty bound to port 37327
2019-10-04 12:46:31,653 [main] INFO  server.Server (Server.java:doStart(351)) - jetty-9.3.25.v20180904, build timestamp: 2018-09-04T21:11:46Z, git hash: 3ce520221d0240229c862b122d2b06c12a625732
2019-10-04 12:46:31,654 [main] INFO  handler.ContextHandler (ContextHandler.java:doStart(781)) - Started o.e.j.s.ServletContextHandler@751d7425{/logs,file:///workdir/hadoop-ozone/integration-test/target/log,AVAILABLE}
2019-10-04 12:46:31,654 [main] INFO  handler.ContextHandler (ContextHandler.java:doStart(781)) - Started o.e.j.s.ServletContextHandler@6dae70f9{/static,jar:file:/home/user/.m2/repository/org/apache/hadoop/hadoop-hdds-container-service/0.5.0-SNAPSHOT/hadoop-hdds-container-service-0.5.0-SNAPSHOT.jar!/webapps/static,AVAILABLE}
2019-10-04 12:46:31,681 [main] INFO  handler.ContextHandler (ContextHandler.java:doStart(781)) - Started o.e.j.w.WebAppContext@38811103{/,file:///tmp/jetty-0.0.0.0-37327-hddsDatanode-_-any-3004048258476980550.dir/webapp/,AVAILABLE}{/hddsDatanode}
2019-10-04 12:46:31,681 [main] INFO  server.AbstractConnector (AbstractConnector.java:doStart(278)) - Started ServerConnector@787d1f9c{HTTP/1.1,[http/1.1]}{0.0.0.0:37327}
2019-10-04 12:46:31,683 [main] INFO  server.Server (Server.java:doStart(419)) - Started @589659ms
2019-10-04 12:46:31,683 [main] WARN  impl.MetricsSystemImpl (MetricsSystemImpl.java:register(276)) - Sink prometheus already exists!
2019-10-04 12:46:31,684 [main] INFO  server.BaseHttpServer (BaseHttpServer.java:updateConnectorAddress(215)) - HTTP server of HDDSDATANODE is listening at http://0.0.0.0:37327
2019-10-04 12:46:31,684 [main] INFO  impl.MetricsSystemImpl (MetricsSystemImpl.java:init(158)) - HddsDatanode metrics system started (again)
2019-10-04 12:46:31,689 [org.apache.hadoop.util.JvmPauseMonitor$Monitor@1b8ed42a] INFO  util.JvmPauseMonitor (JvmPauseMonitor.java:run(188)) - Starting JVM pause monitor
2019-10-04 12:46:31,690 [main] INFO  ozone.HddsDatanodeService (HddsDatanodeService.java:start(184)) - HddsDatanodeService host:pr-hdds-2222-6c7sc-20480173 ip:192.168.5.134
2019-10-04 12:46:31,690 [Datanode State Machine Thread - 0] INFO  datanode.InitDatanodeState (InitDatanodeState.java:persistContainerDatanodeDetails(140)) - DatanodeDetails is persisted to /workdir/hadoop-ozone/integration-test/target/test-dir/MiniOzoneClusterImpl-e6427d35-fe54-4862-a5ad-7f18edbdadb0/datanode-5/meta/datanode.id
2019-10-04 12:46:31,696 [main] INFO  volume.HddsVolume (HddsVolume.java:<init>(176)) - Creating Volume: /workdir/hadoop-ozone/integration-test/target/test-dir/MiniOzoneClusterImpl-e6427d35-fe54-4862-a5ad-7f18edbdadb0/datanode-6/data/containers/hdds of  storage type : DISK and capacity : 1482555576320
2019-10-04 12:46:31,696 [main] INFO  volume.VolumeSet (VolumeSet.java:initializeVolumeSet(170)) - Added Volume : /workdir/hadoop-ozone/integration-test/target/test-dir/MiniOzoneClusterImpl-e6427d35-fe54-4862-a5ad-7f18edbdadb0/datanode-6/data/containers/hdds to VolumeSet
2019-10-04 12:46:31,696 [main] INFO  volume.ThrottledAsyncChecker (ThrottledAsyncChecker.java:schedule(139)) - Scheduling a check for org.apache.hadoop.ozone.container.common.volume.HddsVolume@7d7ceca8
2019-10-04 12:46:31,696 [main] INFO  volume.HddsVolumeChecker (HddsVolumeChecker.java:checkAllVolumes(202)) - Scheduled health check for volume org.apache.hadoop.ozone.container.common.volume.HddsVolume@7d7ceca8
2019-10-04 12:46:31,708 [main] INFO  impl.RaftServerProxy (ConfUtils.java:logGet(43)) - raft.rpc.type = GRPC (default)
2019-10-04 12:46:31,708 [main] INFO  grpc.GrpcFactory (GrpcFactory.java:checkPooledByteBufAllocatorUseCacheForAllThreads(45)) - PERFORMANCE WARNING: useCacheForAllThreads is true that may cause Netty to create a lot garbage objects and, as a result, trigger GC.
	It is recommended to disable useCacheForAllThreads by setting -Dorg.apache.ratis.thirdparty.io.netty.allocator.useCacheForAllThreads=false in command line.
2019-10-04 12:46:31,708 [main] INFO  grpc.GrpcConfigKeys$Server (ConfUtils.java:logGet(43)) - raft.grpc.server.port = 0 (default)
2019-10-04 12:46:31,708 [main] INFO  server.GrpcService (ConfUtils.java:logGet(43)) - raft.grpc.message.size.max = 33570816 (custom)
2019-10-04 12:46:31,709 [main] INFO  server.RaftServerConfigKeys (ConfUtils.java:logGet(43)) - raft.server.log.appender.buffer.byte-limit = 33554432 (custom)
2019-10-04 12:46:31,709 [main] INFO  server.GrpcService (ConfUtils.java:logGet(43)) - raft.grpc.flow.control.window = 1MB (=1048576) (default)
2019-10-04 12:46:31,709 [main] INFO  server.RaftServerConfigKeys (ConfUtils.java:logGet(43)) - raft.server.rpc.request.timeout = 3000ms (default)
2019-10-04 12:46:31,709 [main] INFO  server.RaftServerConfigKeys (ConfUtils.java:logGet(43)) - raft.server.storage.dir = [/workdir/hadoop-ozone/integration-test/target/test-dir/MiniOzoneClusterImpl-e6427d35-fe54-4862-a5ad-7f18edbdadb0/datanode-6/data/ratis] (custom)
2019-10-04 12:46:31,710 [main] INFO  hdfs.DFSUtil (DFSUtil.java:httpServerTemplateForNNAndJN(1641)) - Starting Web-server for hddsDatanode at: http://0.0.0.0:0
2019-10-04 12:46:31,711 [main] INFO  server.AuthenticationFilter (AuthenticationFilter.java:constructSecretProvider(240)) - Unable to initialize FileSignerSecretProvider, falling back to use random secrets.
2019-10-04 12:46:31,712 [main] WARN  http.HttpRequestLog (HttpRequestLog.java:getRequestLog(97)) - Jetty request log can only be enabled using Log4j
2019-10-04 12:46:31,713 [main] INFO  http.HttpServer2 (HttpServer2.java:addGlobalFilter(975)) - Added global filter 'safety' (class=org.apache.hadoop.http.HttpServer2$QuotingInputFilter)
2019-10-04 12:46:31,713 [main] INFO  http.HttpServer2 (HttpServer2.java:addFilter(948)) - Added filter static_user_filter (class=org.apache.hadoop.http.lib.StaticUserWebFilter$StaticUserFilter) to context hddsDatanode
2019-10-04 12:46:31,713 [main] INFO  http.HttpServer2 (HttpServer2.java:addFilter(958)) - Added filter static_user_filter (class=org.apache.hadoop.http.lib.StaticUserWebFilter$StaticUserFilter) to context logs
2019-10-04 12:46:31,713 [main] INFO  http.HttpServer2 (HttpServer2.java:addFilter(958)) - Added filter static_user_filter (class=org.apache.hadoop.http.lib.StaticUserWebFilter$StaticUserFilter) to context static
2019-10-04 12:46:31,714 [main] INFO  http.HttpServer2 (HttpServer2.java:bindListener(1191)) - Jetty bound to port 40224
2019-10-04 12:46:31,714 [main] INFO  server.Server (Server.java:doStart(351)) - jetty-9.3.25.v20180904, build timestamp: 2018-09-04T21:11:46Z, git hash: 3ce520221d0240229c862b122d2b06c12a625732
2019-10-04 12:46:31,715 [main] INFO  handler.ContextHandler (ContextHandler.java:doStart(781)) - Started o.e.j.s.ServletContextHandler@70f148dc{/logs,file:///workdir/hadoop-ozone/integration-test/target/log,AVAILABLE}
2019-10-04 12:46:31,716 [main] INFO  handler.ContextHandler (ContextHandler.java:doStart(781)) - Started o.e.j.s.ServletContextHandler@77aea{/static,jar:file:/home/user/.m2/repository/org/apache/hadoop/hadoop-hdds-container-service/0.5.0-SNAPSHOT/hadoop-hdds-container-service-0.5.0-SNAPSHOT.jar!/webapps/static,AVAILABLE}
2019-10-04 12:46:31,740 [main] INFO  handler.ContextHandler (ContextHandler.java:doStart(781)) - Started o.e.j.w.WebAppContext@5c1b89ac{/,file:///tmp/jetty-0.0.0.0-40224-hddsDatanode-_-any-1378409998217600366.dir/webapp/,AVAILABLE}{/hddsDatanode}
2019-10-04 12:46:31,740 [main] INFO  server.AbstractConnector (AbstractConnector.java:doStart(278)) - Started ServerConnector@40a1b6d4{HTTP/1.1,[http/1.1]}{0.0.0.0:40224}
2019-10-04 12:46:31,748 [main] INFO  server.Server (Server.java:doStart(419)) - Started @589724ms
2019-10-04 12:46:31,748 [main] WARN  impl.MetricsSystemImpl (MetricsSystemImpl.java:register(276)) - Sink prometheus already exists!
2019-10-04 12:46:31,749 [main] INFO  server.BaseHttpServer (BaseHttpServer.java:updateConnectorAddress(215)) - HTTP server of HDDSDATANODE is listening at http://0.0.0.0:40224
2019-10-04 12:46:31,749 [main] INFO  ozone.MiniOzoneClusterImpl (MiniOzoneClusterImpl.java:lambda$waitForClusterToBeReady$0(147)) - Waiting for cluster to be ready. Got 0 of 7 DN Heartbeats.
2019-10-04 12:46:31,751 [org.apache.hadoop.util.JvmPauseMonitor$Monitor@3ad9f06f] INFO  util.JvmPauseMonitor (JvmPauseMonitor.java:run(188)) - Starting JVM pause monitor
2019-10-04 12:46:31,752 [Datanode State Machine Thread - 0] INFO  datanode.InitDatanodeState (InitDatanodeState.java:persistContainerDatanodeDetails(140)) - DatanodeDetails is persisted to /workdir/hadoop-ozone/integration-test/target/test-dir/MiniOzoneClusterImpl-e6427d35-fe54-4862-a5ad-7f18edbdadb0/datanode-6/meta/datanode.id
2019-10-04 12:46:32,750 [main] INFO  ozone.MiniOzoneClusterImpl (MiniOzoneClusterImpl.java:lambda$waitForClusterToBeReady$0(147)) - Waiting for cluster to be ready. Got 0 of 7 DN Heartbeats.
2019-10-04 12:46:33,430 [Datanode State Machine Thread - 0] INFO  ozoneimpl.OzoneContainer (OzoneContainer.java:start(217)) - Attempting to start container services.
2019-10-04 12:46:33,430 [Datanode State Machine Thread - 0] INFO  ozoneimpl.OzoneContainer (OzoneContainer.java:startContainerScrub(179)) - Background container scanner has been disabled.
2019-10-04 12:46:33,431 [Datanode State Machine Thread - 0] INFO  ratis.XceiverServerRatis (XceiverServerRatis.java:start(417)) - Starting XceiverServerRatis c902e921-ee31-4bfa-9489-45b373ce8637 at port 0
2019-10-04 12:46:33,438 [Datanode State Machine Thread - 0] INFO  impl.RaftServerProxy (RaftServerProxy.java:lambda$start$3(299)) - c902e921-ee31-4bfa-9489-45b373ce8637: start RPC server
2019-10-04 12:46:33,439 [Datanode State Machine Thread - 0] INFO  server.GrpcService (GrpcService.java:startImpl(158)) - c902e921-ee31-4bfa-9489-45b373ce8637: GrpcService started, listening on 0.0.0.0/0.0.0.0:40244
2019-10-04 12:46:33,440 [Datanode State Machine Thread - 0] INFO  ratis.XceiverServerRatis (XceiverServerRatis.java:start(427)) - XceiverServerRatis c902e921-ee31-4bfa-9489-45b373ce8637 is started using port 40244
2019-10-04 12:46:33,441 [Datanode State Machine Thread - 0] INFO  server.XceiverServerGrpc (XceiverServerGrpc.java:start(149)) - XceiverServerGrpc c902e921-ee31-4bfa-9489-45b373ce8637 is started using port 44684
2019-10-04 12:46:33,451 [Datanode State Machine Thread - 0] INFO  ozoneimpl.OzoneContainer (OzoneContainer.java:start(217)) - Attempting to start container services.
2019-10-04 12:46:33,452 [Datanode State Machine Thread - 0] INFO  ozoneimpl.OzoneContainer (OzoneContainer.java:startContainerScrub(179)) - Background container scanner has been disabled.
2019-10-04 12:46:33,452 [Datanode State Machine Thread - 0] INFO  ratis.XceiverServerRatis (XceiverServerRatis.java:start(417)) - Starting XceiverServerRatis e4713c51-7079-47fd-98a0-4779501aff22 at port 0
2019-10-04 12:46:33,458 [Datanode State Machine Thread - 0] INFO  impl.RaftServerProxy (RaftServerProxy.java:lambda$start$3(299)) - e4713c51-7079-47fd-98a0-4779501aff22: start RPC server
2019-10-04 12:46:33,460 [Datanode State Machine Thread - 0] INFO  server.GrpcService (GrpcService.java:startImpl(158)) - e4713c51-7079-47fd-98a0-4779501aff22: GrpcService started, listening on 0.0.0.0/0.0.0.0:40292
2019-10-04 12:46:33,460 [Datanode State Machine Thread - 0] INFO  ratis.XceiverServerRatis (XceiverServerRatis.java:start(427)) - XceiverServerRatis e4713c51-7079-47fd-98a0-4779501aff22 is started using port 40292
2019-10-04 12:46:33,462 [Datanode State Machine Thread - 0] INFO  server.XceiverServerGrpc (XceiverServerGrpc.java:start(149)) - XceiverServerGrpc e4713c51-7079-47fd-98a0-4779501aff22 is started using port 42916
2019-10-04 12:46:33,511 [Datanode State Machine Thread - 0] INFO  ozoneimpl.OzoneContainer (OzoneContainer.java:start(217)) - Attempting to start container services.
2019-10-04 12:46:33,512 [Datanode State Machine Thread - 0] INFO  ozoneimpl.OzoneContainer (OzoneContainer.java:startContainerScrub(179)) - Background container scanner has been disabled.
2019-10-04 12:46:33,512 [Datanode State Machine Thread - 0] INFO  ratis.XceiverServerRatis (XceiverServerRatis.java:start(417)) - Starting XceiverServerRatis 77287545-6a29-40e7-8d42-d8683b781a8c at port 0
2019-10-04 12:46:33,517 [Datanode State Machine Thread - 0] INFO  impl.RaftServerProxy (RaftServerProxy.java:lambda$start$3(299)) - 77287545-6a29-40e7-8d42-d8683b781a8c: start RPC server
2019-10-04 12:46:33,517 [Datanode State Machine Thread - 0] INFO  server.GrpcService (GrpcService.java:startImpl(158)) - 77287545-6a29-40e7-8d42-d8683b781a8c: GrpcService started, listening on 0.0.0.0/0.0.0.0:44457
2019-10-04 12:46:33,518 [Datanode State Machine Thread - 0] INFO  ratis.XceiverServerRatis (XceiverServerRatis.java:start(427)) - XceiverServerRatis 77287545-6a29-40e7-8d42-d8683b781a8c is started using port 44457
2019-10-04 12:46:33,520 [Datanode State Machine Thread - 0] INFO  server.XceiverServerGrpc (XceiverServerGrpc.java:start(149)) - XceiverServerGrpc 77287545-6a29-40e7-8d42-d8683b781a8c is started using port 36120
2019-10-04 12:46:33,578 [Datanode State Machine Thread - 0] INFO  ozoneimpl.OzoneContainer (OzoneContainer.java:start(217)) - Attempting to start container services.
2019-10-04 12:46:33,579 [Datanode State Machine Thread - 0] INFO  ozoneimpl.OzoneContainer (OzoneContainer.java:startContainerScrub(179)) - Background container scanner has been disabled.
2019-10-04 12:46:33,579 [Datanode State Machine Thread - 0] INFO  ratis.XceiverServerRatis (XceiverServerRatis.java:start(417)) - Starting XceiverServerRatis 87787cdc-5075-4d48-b9ce-7f12b50f7552 at port 0
2019-10-04 12:46:33,584 [Datanode State Machine Thread - 0] INFO  impl.RaftServerProxy (RaftServerProxy.java:lambda$start$3(299)) - 87787cdc-5075-4d48-b9ce-7f12b50f7552: start RPC server
2019-10-04 12:46:33,585 [Datanode State Machine Thread - 0] INFO  server.GrpcService (GrpcService.java:startImpl(158)) - 87787cdc-5075-4d48-b9ce-7f12b50f7552: GrpcService started, listening on 0.0.0.0/0.0.0.0:36326
2019-10-04 12:46:33,585 [Datanode State Machine Thread - 0] INFO  ratis.XceiverServerRatis (XceiverServerRatis.java:start(427)) - XceiverServerRatis 87787cdc-5075-4d48-b9ce-7f12b50f7552 is started using port 36326
2019-10-04 12:46:33,585 [Datanode State Machine Thread - 0] INFO  server.XceiverServerGrpc (XceiverServerGrpc.java:start(149)) - XceiverServerGrpc 87787cdc-5075-4d48-b9ce-7f12b50f7552 is started using port 36662
2019-10-04 12:46:33,642 [Datanode State Machine Thread - 0] INFO  ozoneimpl.OzoneContainer (OzoneContainer.java:start(217)) - Attempting to start container services.
2019-10-04 12:46:33,642 [Datanode State Machine Thread - 0] INFO  ozoneimpl.OzoneContainer (OzoneContainer.java:startContainerScrub(179)) - Background container scanner has been disabled.
2019-10-04 12:46:33,642 [Datanode State Machine Thread - 0] INFO  ratis.XceiverServerRatis (XceiverServerRatis.java:start(417)) - Starting XceiverServerRatis d731f014-2bef-4e1e-a18d-30643aa8b715 at port 0
2019-10-04 12:46:33,647 [Datanode State Machine Thread - 0] INFO  impl.RaftServerProxy (RaftServerProxy.java:lambda$start$3(299)) - d731f014-2bef-4e1e-a18d-30643aa8b715: start RPC server
2019-10-04 12:46:33,661 [Datanode State Machine Thread - 0] INFO  server.GrpcService (GrpcService.java:startImpl(158)) - d731f014-2bef-4e1e-a18d-30643aa8b715: GrpcService started, listening on 0.0.0.0/0.0.0.0:37655
2019-10-04 12:46:33,661 [Datanode State Machine Thread - 0] INFO  ratis.XceiverServerRatis (XceiverServerRatis.java:start(427)) - XceiverServerRatis d731f014-2bef-4e1e-a18d-30643aa8b715 is started using port 37655
2019-10-04 12:46:33,661 [Datanode State Machine Thread - 0] INFO  server.XceiverServerGrpc (XceiverServerGrpc.java:start(149)) - XceiverServerGrpc d731f014-2bef-4e1e-a18d-30643aa8b715 is started using port 38402
2019-10-04 12:46:33,704 [Datanode State Machine Thread - 0] INFO  ozoneimpl.OzoneContainer (OzoneContainer.java:start(217)) - Attempting to start container services.
2019-10-04 12:46:33,704 [Datanode State Machine Thread - 0] INFO  ozoneimpl.OzoneContainer (OzoneContainer.java:startContainerScrub(179)) - Background container scanner has been disabled.
2019-10-04 12:46:33,704 [Datanode State Machine Thread - 0] INFO  ratis.XceiverServerRatis (XceiverServerRatis.java:start(417)) - Starting XceiverServerRatis 276b89fc-23b6-409b-a3b1-ba154122fca0 at port 0
2019-10-04 12:46:33,712 [Datanode State Machine Thread - 0] INFO  impl.RaftServerProxy (RaftServerProxy.java:lambda$start$3(299)) - 276b89fc-23b6-409b-a3b1-ba154122fca0: start RPC server
2019-10-04 12:46:33,713 [Datanode State Machine Thread - 0] INFO  server.GrpcService (GrpcService.java:startImpl(158)) - 276b89fc-23b6-409b-a3b1-ba154122fca0: GrpcService started, listening on 0.0.0.0/0.0.0.0:44523
2019-10-04 12:46:33,713 [Datanode State Machine Thread - 0] INFO  ratis.XceiverServerRatis (XceiverServerRatis.java:start(427)) - XceiverServerRatis 276b89fc-23b6-409b-a3b1-ba154122fca0 is started using port 44523
2019-10-04 12:46:33,717 [Datanode State Machine Thread - 0] INFO  server.XceiverServerGrpc (XceiverServerGrpc.java:start(149)) - XceiverServerGrpc 276b89fc-23b6-409b-a3b1-ba154122fca0 is started using port 45616
2019-10-04 12:46:33,751 [main] INFO  ozone.MiniOzoneClusterImpl (MiniOzoneClusterImpl.java:lambda$waitForClusterToBeReady$0(147)) - Waiting for cluster to be ready. Got 0 of 7 DN Heartbeats.
2019-10-04 12:46:33,755 [Datanode State Machine Thread - 0] INFO  ozoneimpl.OzoneContainer (OzoneContainer.java:start(217)) - Attempting to start container services.
2019-10-04 12:46:33,755 [Datanode State Machine Thread - 0] INFO  ozoneimpl.OzoneContainer (OzoneContainer.java:startContainerScrub(179)) - Background container scanner has been disabled.
2019-10-04 12:46:33,755 [Datanode State Machine Thread - 0] INFO  ratis.XceiverServerRatis (XceiverServerRatis.java:start(417)) - Starting XceiverServerRatis 67b39e84-3a29-4441-a7df-7ac04642db96 at port 0
2019-10-04 12:46:33,762 [Datanode State Machine Thread - 0] INFO  impl.RaftServerProxy (RaftServerProxy.java:lambda$start$3(299)) - 67b39e84-3a29-4441-a7df-7ac04642db96: start RPC server
2019-10-04 12:46:33,766 [Datanode State Machine Thread - 0] INFO  server.GrpcService (GrpcService.java:startImpl(158)) - 67b39e84-3a29-4441-a7df-7ac04642db96: GrpcService started, listening on 0.0.0.0/0.0.0.0:45133
2019-10-04 12:46:33,766 [Datanode State Machine Thread - 0] INFO  ratis.XceiverServerRatis (XceiverServerRatis.java:start(427)) - XceiverServerRatis 67b39e84-3a29-4441-a7df-7ac04642db96 is started using port 45133
2019-10-04 12:46:33,768 [Datanode State Machine Thread - 0] INFO  server.XceiverServerGrpc (XceiverServerGrpc.java:start(149)) - XceiverServerGrpc 67b39e84-3a29-4441-a7df-7ac04642db96 is started using port 44957
2019-10-04 12:46:34,751 [main] INFO  ozone.MiniOzoneClusterImpl (MiniOzoneClusterImpl.java:lambda$waitForClusterToBeReady$0(147)) - Waiting for cluster to be ready. Got 0 of 7 DN Heartbeats.
2019-10-04 12:46:35,381 [IPC Server handler 6 on 45170] INFO  net.NetworkTopology (NetworkTopologyImpl.java:add(111)) - Added a new node: /default-rack/c902e921-ee31-4bfa-9489-45b373ce8637
2019-10-04 12:46:35,381 [IPC Server handler 6 on 45170] INFO  node.SCMNodeManager (SCMNodeManager.java:register(266)) - Registered Data node : c902e921-ee31-4bfa-9489-45b373ce8637{ip: 192.168.5.134, host: pr-hdds-2222-6c7sc-20480173, networkLocation: /default-rack, certSerialId: null}
2019-10-04 12:46:35,385 [EventQueue-NodeRegistrationContainerReportForDataNodeSafeModeRule] INFO  safemode.SCMSafeModeManager (DataNodeSafeModeRule.java:process(71)) - SCM in safe mode. 1 DataNodes registered, 1 required.
2019-10-04 12:46:35,389 [EventQueue-NodeRegistrationContainerReportForDataNodeSafeModeRule] INFO  safemode.SCMSafeModeManager (SCMSafeModeManager.java:validateSafeModeExitRules(177)) - ScmSafeModeManager, all rules are successfully validated
2019-10-04 12:46:35,389 [EventQueue-NodeRegistrationContainerReportForDataNodeSafeModeRule] INFO  safemode.SCMSafeModeManager (SCMSafeModeManager.java:exitSafeMode(193)) - SCM exiting safe mode.
2019-10-04 12:46:35,406 [grpc-default-executor-8] INFO  impl.RaftServerProxy (RaftServerProxy.java:addNew(89)) - c902e921-ee31-4bfa-9489-45b373ce8637: addNew group-92A53F8C77EC:[c902e921-ee31-4bfa-9489-45b373ce8637:192.168.5.134:40244] returns group-92A53F8C77EC:java.util.concurrent.CompletableFuture@c117354[Not completed]
2019-10-04 12:46:35,409 [pool-409-thread-1] INFO  impl.RaftServerImpl (RaftServerImpl.java:<init>(95)) - c902e921-ee31-4bfa-9489-45b373ce8637: new RaftServerImpl for group-92A53F8C77EC:[c902e921-ee31-4bfa-9489-45b373ce8637:192.168.5.134:40244] with ContainerStateMachine:uninitialized
2019-10-04 12:46:35,410 [pool-409-thread-1] INFO  server.RaftServerConfigKeys (ConfUtils.java:logGet(43)) - raft.server.rpc.timeout.min = 5s (custom)
2019-10-04 12:46:35,410 [pool-409-thread-1] INFO  server.RaftServerConfigKeys (ConfUtils.java:logGet(43)) - raft.server.rpc.timeout.max = 5200ms (custom)
2019-10-04 12:46:35,410 [pool-409-thread-1] INFO  server.RaftServerConfigKeys (ConfUtils.java:logGet(43)) - raft.server.rpcslowness.timeout = 120s (custom)
2019-10-04 12:46:35,410 [pool-409-thread-1] INFO  server.RaftServerConfigKeys (ConfUtils.java:logGet(43)) - raft.server.sleep.deviation.threshold = 300 (default)
2019-10-04 12:46:35,410 [pool-409-thread-1] INFO  server.RaftServerConfigKeys (ConfUtils.java:logGet(43)) - raft.server.log.appender.install.snapshot.enabled = false (custom)
2019-10-04 12:46:35,410 [pool-409-thread-1] INFO  impl.RaftServerImpl (ServerState.java:<init>(103)) - c902e921-ee31-4bfa-9489-45b373ce8637@group-92A53F8C77EC: ConfigurationManager, init=-1: [c902e921-ee31-4bfa-9489-45b373ce8637:192.168.5.134:40244], old=null, confs=<EMPTY_MAP>
2019-10-04 12:46:35,411 [pool-409-thread-1] INFO  server.RaftServerConfigKeys (ConfUtils.java:logGet(43)) - raft.server.storage.dir = [/workdir/hadoop-ozone/integration-test/target/test-dir/MiniOzoneClusterImpl-e6427d35-fe54-4862-a5ad-7f18edbdadb0/datanode-0/data/ratis] (custom)
2019-10-04 12:46:35,411 [pool-409-thread-1] INFO  server.RaftServerConfigKeys (ConfUtils.java:logGet(43)) - raft.server.log.corruption.policy = EXCEPTION (default)
2019-10-04 12:46:35,412 [pool-409-thread-1] INFO  storage.RaftStorageDirectory (RaftStorageDirectory.java:analyzeStorage(246)) - The storage directory /workdir/hadoop-ozone/integration-test/target/test-dir/MiniOzoneClusterImpl-e6427d35-fe54-4862-a5ad-7f18edbdadb0/datanode-0/data/ratis/b1e4ba91-260f-4a1a-9d35-92a53f8c77ec does not exist. Creating ...
2019-10-04 12:46:35,425 [pool-409-thread-1] INFO  storage.RaftStorageDirectory (RaftStorageDirectory.java:tryLock(328)) - Lock on /workdir/hadoop-ozone/integration-test/target/test-dir/MiniOzoneClusterImpl-e6427d35-fe54-4862-a5ad-7f18edbdadb0/datanode-0/data/ratis/b1e4ba91-260f-4a1a-9d35-92a53f8c77ec/in_use.lock acquired by nodename 29076@pr-hdds-2222-6c7sc-20480173
2019-10-04 12:46:35,436 [IPC Server handler 7 on 45170] INFO  net.NetworkTopology (NetworkTopologyImpl.java:add(111)) - Added a new node: /default-rack/e4713c51-7079-47fd-98a0-4779501aff22
2019-10-04 12:46:35,436 [IPC Server handler 7 on 45170] INFO  node.SCMNodeManager (SCMNodeManager.java:register(266)) - Registered Data node : e4713c51-7079-47fd-98a0-4779501aff22{ip: 192.168.5.134, host: pr-hdds-2222-6c7sc-20480173, networkLocation: /default-rack, certSerialId: null}
2019-10-04 12:46:35,438 [pool-409-thread-1] INFO  storage.RaftStorage (RaftStorage.java:format(84)) - Storage directory /workdir/hadoop-ozone/integration-test/target/test-dir/MiniOzoneClusterImpl-e6427d35-fe54-4862-a5ad-7f18edbdadb0/datanode-0/data/ratis/b1e4ba91-260f-4a1a-9d35-92a53f8c77ec has been successfully formatted.
2019-10-04 12:46:35,438 [pool-409-thread-1] INFO  ratis.ContainerStateMachine (ContainerStateMachine.java:loadSnapshot(230)) - group-92A53F8C77EC: The snapshot info is null. Setting the last applied indexto:(t:0, i:~)
2019-10-04 12:46:35,438 [pool-409-thread-1] INFO  server.RaftServerConfigKeys (ConfUtils.java:logGet(43)) - raft.server.notification.no-leader.timeout = 120s (custom)
2019-10-04 12:46:35,438 [pool-409-thread-1] INFO  server.RaftServerConfigKeys (ConfUtils.java:logGet(43)) - raft.server.log.use.memory = false (default)
2019-10-04 12:46:35,439 [pool-409-thread-1] INFO  server.RaftServerConfigKeys (ConfUtils.java:logGet(43)) - raft.server.log.purge.gap = 1000000 (custom)
2019-10-04 12:46:35,439 [pool-409-thread-1] INFO  server.RaftServerConfigKeys (ConfUtils.java:logGet(43)) - raft.server.log.appender.buffer.byte-limit = 33554432 (custom)
2019-10-04 12:46:35,439 [pool-409-thread-1] INFO  server.RaftServerConfigKeys (ConfUtils.java:logGet(43)) - raft.server.log.segment.size.max = 1048576 (custom)
2019-10-04 12:46:35,442 [pool-409-thread-1] INFO  server.RaftServerConfigKeys (ConfUtils.java:logGet(43)) - raft.server.log.segment.cache.num.max = 2 (custom)
2019-10-04 12:46:35,442 [pool-409-thread-1] INFO  segmented.SegmentedRaftLogWorker (SegmentedRaftLogWorker.java:<init>(173)) - new c902e921-ee31-4bfa-9489-45b373ce8637@group-92A53F8C77EC-SegmentedRaftLogWorker for RaftStorage:Storage Directory /workdir/hadoop-ozone/integration-test/target/test-dir/MiniOzoneClusterImpl-e6427d35-fe54-4862-a5ad-7f18edbdadb0/datanode-0/data/ratis/b1e4ba91-260f-4a1a-9d35-92a53f8c77ec
2019-10-04 12:46:35,442 [pool-409-thread-1] INFO  server.RaftServerConfigKeys (ConfUtils.java:logGet(43)) - raft.server.log.queue.byte-limit = 2147483647 (custom)
2019-10-04 12:46:35,442 [pool-409-thread-1] INFO  server.RaftServerConfigKeys (ConfUtils.java:logGet(43)) - raft.server.log.queue.element-limit = 1024 (custom)
2019-10-04 12:46:35,443 [pool-409-thread-1] INFO  server.RaftServerConfigKeys (ConfUtils.java:logGet(43)) - raft.server.log.segment.size.max = 1048576 (custom)
2019-10-04 12:46:35,443 [pool-409-thread-1] INFO  server.RaftServerConfigKeys (ConfUtils.java:logGet(43)) - raft.server.log.preallocated.size = 16384 (custom)
2019-10-04 12:46:35,443 [pool-409-thread-1] INFO  server.RaftServerConfigKeys (ConfUtils.java:logGet(43)) - raft.server.log.write.buffer.size = 33554432 (custom)
2019-10-04 12:46:35,443 [pool-409-thread-1] INFO  server.RaftServerConfigKeys (ConfUtils.java:logGet(43)) - raft.server.log.force.sync.num = 128 (default)
2019-10-04 12:46:35,443 [pool-409-thread-1] INFO  server.RaftServerConfigKeys (ConfUtils.java:logGet(43)) - raft.server.log.statemachine.data.sync = true (default)
2019-10-04 12:46:35,443 [pool-409-thread-1] INFO  server.RaftServerConfigKeys (ConfUtils.java:logGet(43)) - raft.server.log.statemachine.data.sync.timeout = 10s (default)
2019-10-04 12:46:35,444 [pool-409-thread-1] INFO  server.RaftServerConfigKeys (ConfUtils.java:logGet(43)) - raft.server.log.statemachine.data.sync.timeout.retry = -1 (default)
2019-10-04 12:46:35,444 [pool-409-thread-1] INFO  server.RaftServerConfigKeys (ConfUtils.java:logGet(43)) - raft.server.log.statemachine.data.caching.enabled = true (custom)
2019-10-04 12:46:35,445 [pool-409-thread-1] INFO  segmented.SegmentedRaftLogWorker (SegmentedRaftLogWorker.java:lambda$new$0(128)) - c902e921-ee31-4bfa-9489-45b373ce8637@group-92A53F8C77EC-SegmentedRaftLogWorker: flushIndex: setUnconditionally 0 -> -1
2019-10-04 12:46:35,445 [pool-409-thread-1] INFO  server.RaftServerConfigKeys (ConfUtils.java:logGet(43)) - raft.server.snapshot.auto.trigger.enabled = true (custom)
2019-10-04 12:46:35,445 [pool-409-thread-1] INFO  server.RaftServerConfigKeys (ConfUtils.java:logGet(43)) - raft.server.snapshot.auto.trigger.threshold = 10000 (custom)
2019-10-04 12:46:35,445 [pool-409-thread-1] INFO  server.RaftServerConfigKeys (ConfUtils.java:logGet(43)) - raft.server.snapshot.retention.file.num = 5 (custom)
2019-10-04 12:46:35,446 [pool-409-thread-1] INFO  server.RaftServerConfigKeys (ConfUtils.java:logGet(43)) - raft.server.retrycache.expirytime = 600000ms (custom)
2019-10-04 12:46:35,448 [pool-409-thread-1] INFO  impl.RaftServerImpl (RaftServerImpl.java:start(181)) - c902e921-ee31-4bfa-9489-45b373ce8637@group-92A53F8C77EC: start as a follower, conf=-1: [c902e921-ee31-4bfa-9489-45b373ce8637:192.168.5.134:40244], old=null
2019-10-04 12:46:35,448 [pool-409-thread-1] INFO  impl.RaftServerImpl (RaftServerImpl.java:setRole(170)) - c902e921-ee31-4bfa-9489-45b373ce8637@group-92A53F8C77EC: changes role from      null to FOLLOWER at term 0 for startAsFollower
2019-10-04 12:46:35,448 [pool-409-thread-1] INFO  impl.RoleInfo (RoleInfo.java:updateAndGet(143)) - c902e921-ee31-4bfa-9489-45b373ce8637: start FollowerState
2019-10-04 12:46:35,449 [pool-409-thread-1] INFO  util.JmxRegister (JmxRegister.java:tryRegister(44)) - Successfully registered JMX Bean with object name Ratis:service=RaftServer,group=group-92A53F8C77EC,id=c902e921-ee31-4bfa-9489-45b373ce8637
2019-10-04 12:46:35,483 [RatisPipelineUtilsThread] INFO  pipeline.PipelineStateManager (PipelineStateManager.java:addPipeline(56)) - Created pipeline Pipeline[ Id: b1e4ba91-260f-4a1a-9d35-92a53f8c77ec, Nodes: c902e921-ee31-4bfa-9489-45b373ce8637{ip: 192.168.5.134, host: pr-hdds-2222-6c7sc-20480173, networkLocation: /default-rack, certSerialId: null}, Type:RATIS, Factor:ONE, State:OPEN]
2019-10-04 12:46:35,492 [grpc-default-executor-8] INFO  impl.RaftServerProxy (RaftServerProxy.java:addNew(89)) - e4713c51-7079-47fd-98a0-4779501aff22: addNew group-0B500E57E5D8:[e4713c51-7079-47fd-98a0-4779501aff22:192.168.5.134:40292] returns group-0B500E57E5D8:java.util.concurrent.CompletableFuture@1099b673[Not completed]
2019-10-04 12:46:35,493 [pool-419-thread-1] INFO  impl.RaftServerImpl (RaftServerImpl.java:<init>(95)) - e4713c51-7079-47fd-98a0-4779501aff22: new RaftServerImpl for group-0B500E57E5D8:[e4713c51-7079-47fd-98a0-4779501aff22:192.168.5.134:40292] with ContainerStateMachine:uninitialized
2019-10-04 12:46:35,493 [pool-419-thread-1] INFO  server.RaftServerConfigKeys (ConfUtils.java:logGet(43)) - raft.server.rpc.timeout.min = 5s (custom)
2019-10-04 12:46:35,493 [pool-419-thread-1] INFO  server.RaftServerConfigKeys (ConfUtils.java:logGet(43)) - raft.server.rpc.timeout.max = 5200ms (custom)
2019-10-04 12:46:35,494 [pool-419-thread-1] INFO  server.RaftServerConfigKeys (ConfUtils.java:logGet(43)) - raft.server.rpcslowness.timeout = 120s (custom)
2019-10-04 12:46:35,494 [pool-419-thread-1] INFO  server.RaftServerConfigKeys (ConfUtils.java:logGet(43)) - raft.server.sleep.deviation.threshold = 300 (default)
2019-10-04 12:46:35,494 [pool-419-thread-1] INFO  server.RaftServerConfigKeys (ConfUtils.java:logGet(43)) - raft.server.log.appender.install.snapshot.enabled = false (custom)
2019-10-04 12:46:35,494 [pool-419-thread-1] INFO  impl.RaftServerImpl (ServerState.java:<init>(103)) - e4713c51-7079-47fd-98a0-4779501aff22@group-0B500E57E5D8: ConfigurationManager, init=-1: [e4713c51-7079-47fd-98a0-4779501aff22:192.168.5.134:40292], old=null, confs=<EMPTY_MAP>
2019-10-04 12:46:35,494 [pool-419-thread-1] INFO  server.RaftServerConfigKeys (ConfUtils.java:logGet(43)) - raft.server.storage.dir = [/workdir/hadoop-ozone/integration-test/target/test-dir/MiniOzoneClusterImpl-e6427d35-fe54-4862-a5ad-7f18edbdadb0/datanode-1/data/ratis] (custom)
2019-10-04 12:46:35,494 [pool-419-thread-1] INFO  server.RaftServerConfigKeys (ConfUtils.java:logGet(43)) - raft.server.log.corruption.policy = EXCEPTION (default)
2019-10-04 12:46:35,495 [pool-419-thread-1] INFO  storage.RaftStorageDirectory (RaftStorageDirectory.java:analyzeStorage(246)) - The storage directory /workdir/hadoop-ozone/integration-test/target/test-dir/MiniOzoneClusterImpl-e6427d35-fe54-4862-a5ad-7f18edbdadb0/datanode-1/data/ratis/549236c2-41f8-4934-89ee-0b500e57e5d8 does not exist. Creating ...
2019-10-04 12:46:35,499 [IPC Server handler 2 on 45170] INFO  net.NetworkTopology (NetworkTopologyImpl.java:add(111)) - Added a new node: /default-rack/77287545-6a29-40e7-8d42-d8683b781a8c
2019-10-04 12:46:35,500 [IPC Server handler 2 on 45170] INFO  node.SCMNodeManager (SCMNodeManager.java:register(266)) - Registered Data node : 77287545-6a29-40e7-8d42-d8683b781a8c{ip: 192.168.5.134, host: pr-hdds-2222-6c7sc-20480173, networkLocation: /default-rack, certSerialId: null}
2019-10-04 12:46:35,507 [pool-419-thread-1] INFO  storage.RaftStorageDirectory (RaftStorageDirectory.java:tryLock(328)) - Lock on /workdir/hadoop-ozone/integration-test/target/test-dir/MiniOzoneClusterImpl-e6427d35-fe54-4862-a5ad-7f18edbdadb0/datanode-1/data/ratis/549236c2-41f8-4934-89ee-0b500e57e5d8/in_use.lock acquired by nodename 29076@pr-hdds-2222-6c7sc-20480173
2019-10-04 12:46:35,511 [pool-419-thread-1] INFO  storage.RaftStorage (RaftStorage.java:format(84)) - Storage directory /workdir/hadoop-ozone/integration-test/target/test-dir/MiniOzoneClusterImpl-e6427d35-fe54-4862-a5ad-7f18edbdadb0/datanode-1/data/ratis/549236c2-41f8-4934-89ee-0b500e57e5d8 has been successfully formatted.
2019-10-04 12:46:35,511 [pool-419-thread-1] INFO  ratis.ContainerStateMachine (ContainerStateMachine.java:loadSnapshot(230)) - group-0B500E57E5D8: The snapshot info is null. Setting the last applied indexto:(t:0, i:~)
2019-10-04 12:46:35,511 [pool-419-thread-1] INFO  server.RaftServerConfigKeys (ConfUtils.java:logGet(43)) - raft.server.notification.no-leader.timeout = 120s (custom)
2019-10-04 12:46:35,511 [pool-419-thread-1] INFO  server.RaftServerConfigKeys (ConfUtils.java:logGet(43)) - raft.server.log.use.memory = false (default)
2019-10-04 12:46:35,511 [pool-419-thread-1] INFO  server.RaftServerConfigKeys (ConfUtils.java:logGet(43)) - raft.server.log.purge.gap = 1000000 (custom)
2019-10-04 12:46:35,511 [pool-419-thread-1] INFO  server.RaftServerConfigKeys (ConfUtils.java:logGet(43)) - raft.server.log.appender.buffer.byte-limit = 33554432 (custom)
2019-10-04 12:46:35,512 [pool-419-thread-1] INFO  server.RaftServerConfigKeys (ConfUtils.java:logGet(43)) - raft.server.log.segment.size.max = 1048576 (custom)
2019-10-04 12:46:35,513 [pool-419-thread-1] INFO  server.RaftServerConfigKeys (ConfUtils.java:logGet(43)) - raft.server.log.segment.cache.num.max = 2 (custom)
2019-10-04 12:46:35,513 [pool-419-thread-1] INFO  segmented.SegmentedRaftLogWorker (SegmentedRaftLogWorker.java:<init>(173)) - new e4713c51-7079-47fd-98a0-4779501aff22@group-0B500E57E5D8-SegmentedRaftLogWorker for RaftStorage:Storage Directory /workdir/hadoop-ozone/integration-test/target/test-dir/MiniOzoneClusterImpl-e6427d35-fe54-4862-a5ad-7f18edbdadb0/datanode-1/data/ratis/549236c2-41f8-4934-89ee-0b500e57e5d8
2019-10-04 12:46:35,513 [pool-419-thread-1] INFO  server.RaftServerConfigKeys (ConfUtils.java:logGet(43)) - raft.server.log.queue.byte-limit = 2147483647 (custom)
2019-10-04 12:46:35,513 [pool-419-thread-1] INFO  server.RaftServerConfigKeys (ConfUtils.java:logGet(43)) - raft.server.log.queue.element-limit = 1024 (custom)
2019-10-04 12:46:35,514 [pool-419-thread-1] INFO  server.RaftServerConfigKeys (ConfUtils.java:logGet(43)) - raft.server.log.segment.size.max = 1048576 (custom)
2019-10-04 12:46:35,514 [pool-419-thread-1] INFO  server.RaftServerConfigKeys (ConfUtils.java:logGet(43)) - raft.server.log.preallocated.size = 16384 (custom)
2019-10-04 12:46:35,514 [pool-419-thread-1] INFO  server.RaftServerConfigKeys (ConfUtils.java:logGet(43)) - raft.server.log.write.buffer.size = 33554432 (custom)
2019-10-04 12:46:35,514 [pool-419-thread-1] INFO  server.RaftServerConfigKeys (ConfUtils.java:logGet(43)) - raft.server.log.force.sync.num = 128 (default)
2019-10-04 12:46:35,514 [pool-419-thread-1] INFO  server.RaftServerConfigKeys (ConfUtils.java:logGet(43)) - raft.server.log.statemachine.data.sync = true (default)
2019-10-04 12:46:35,514 [pool-419-thread-1] INFO  server.RaftServerConfigKeys (ConfUtils.java:logGet(43)) - raft.server.log.statemachine.data.sync.timeout = 10s (default)
2019-10-04 12:46:35,514 [pool-419-thread-1] INFO  server.RaftServerConfigKeys (ConfUtils.java:logGet(43)) - raft.server.log.statemachine.data.sync.timeout.retry = -1 (default)
2019-10-04 12:46:35,514 [pool-419-thread-1] INFO  server.RaftServerConfigKeys (ConfUtils.java:logGet(43)) - raft.server.log.statemachine.data.caching.enabled = true (custom)
2019-10-04 12:46:35,515 [pool-419-thread-1] INFO  segmented.SegmentedRaftLogWorker (SegmentedRaftLogWorker.java:lambda$new$0(128)) - e4713c51-7079-47fd-98a0-4779501aff22@group-0B500E57E5D8-SegmentedRaftLogWorker: flushIndex: setUnconditionally 0 -> -1
2019-10-04 12:46:35,515 [pool-419-thread-1] INFO  server.RaftServerConfigKeys (ConfUtils.java:logGet(43)) - raft.server.snapshot.auto.trigger.enabled = true (custom)
2019-10-04 12:46:35,515 [pool-419-thread-1] INFO  server.RaftServerConfigKeys (ConfUtils.java:logGet(43)) - raft.server.snapshot.auto.trigger.threshold = 10000 (custom)
2019-10-04 12:46:35,515 [pool-419-thread-1] INFO  server.RaftServerConfigKeys (ConfUtils.java:logGet(43)) - raft.server.snapshot.retention.file.num = 5 (custom)
2019-10-04 12:46:35,515 [pool-419-thread-1] INFO  server.RaftServerConfigKeys (ConfUtils.java:logGet(43)) - raft.server.retrycache.expirytime = 600000ms (custom)
2019-10-04 12:46:35,517 [pool-419-thread-1] INFO  impl.RaftServerImpl (RaftServerImpl.java:start(181)) - e4713c51-7079-47fd-98a0-4779501aff22@group-0B500E57E5D8: start as a follower, conf=-1: [e4713c51-7079-47fd-98a0-4779501aff22:192.168.5.134:40292], old=null
2019-10-04 12:46:35,517 [pool-419-thread-1] INFO  impl.RaftServerImpl (RaftServerImpl.java:setRole(170)) - e4713c51-7079-47fd-98a0-4779501aff22@group-0B500E57E5D8: changes role from      null to FOLLOWER at term 0 for startAsFollower
2019-10-04 12:46:35,517 [pool-419-thread-1] INFO  impl.RoleInfo (RoleInfo.java:updateAndGet(143)) - e4713c51-7079-47fd-98a0-4779501aff22: start FollowerState
2019-10-04 12:46:35,517 [pool-419-thread-1] INFO  util.JmxRegister (JmxRegister.java:tryRegister(44)) - Successfully registered JMX Bean with object name Ratis:service=RaftServer,group=group-0B500E57E5D8,id=e4713c51-7079-47fd-98a0-4779501aff22
2019-10-04 12:46:35,520 [RatisPipelineUtilsThread] INFO  pipeline.PipelineStateManager (PipelineStateManager.java:addPipeline(56)) - Created pipeline Pipeline[ Id: 549236c2-41f8-4934-89ee-0b500e57e5d8, Nodes: e4713c51-7079-47fd-98a0-4779501aff22{ip: 192.168.5.134, host: pr-hdds-2222-6c7sc-20480173, networkLocation: /default-rack, certSerialId: null}, Type:RATIS, Factor:ONE, State:OPEN]
2019-10-04 12:46:35,528 [grpc-default-executor-8] INFO  impl.RaftServerProxy (RaftServerProxy.java:addNew(89)) - 77287545-6a29-40e7-8d42-d8683b781a8c: addNew group-64A2EF08BEA3:[77287545-6a29-40e7-8d42-d8683b781a8c:192.168.5.134:44457] returns group-64A2EF08BEA3:java.util.concurrent.CompletableFuture@59c67aec[Not completed]
2019-10-04 12:46:35,529 [pool-429-thread-1] INFO  impl.RaftServerImpl (RaftServerImpl.java:<init>(95)) - 77287545-6a29-40e7-8d42-d8683b781a8c: new RaftServerImpl for group-64A2EF08BEA3:[77287545-6a29-40e7-8d42-d8683b781a8c:192.168.5.134:44457] with ContainerStateMachine:uninitialized
2019-10-04 12:46:35,529 [pool-429-thread-1] INFO  server.RaftServerConfigKeys (ConfUtils.java:logGet(43)) - raft.server.rpc.timeout.min = 5s (custom)
2019-10-04 12:46:35,530 [pool-429-thread-1] INFO  server.RaftServerConfigKeys (ConfUtils.java:logGet(43)) - raft.server.rpc.timeout.max = 5200ms (custom)
2019-10-04 12:46:35,530 [pool-429-thread-1] INFO  server.RaftServerConfigKeys (ConfUtils.java:logGet(43)) - raft.server.rpcslowness.timeout = 120s (custom)
2019-10-04 12:46:35,530 [pool-429-thread-1] INFO  server.RaftServerConfigKeys (ConfUtils.java:logGet(43)) - raft.server.sleep.deviation.threshold = 300 (default)
2019-10-04 12:46:35,530 [pool-429-thread-1] INFO  server.RaftServerConfigKeys (ConfUtils.java:logGet(43)) - raft.server.log.appender.install.snapshot.enabled = false (custom)
2019-10-04 12:46:35,530 [pool-429-thread-1] INFO  impl.RaftServerImpl (ServerState.java:<init>(103)) - 77287545-6a29-40e7-8d42-d8683b781a8c@group-64A2EF08BEA3: ConfigurationManager, init=-1: [77287545-6a29-40e7-8d42-d8683b781a8c:192.168.5.134:44457], old=null, confs=<EMPTY_MAP>
2019-10-04 12:46:35,530 [pool-429-thread-1] INFO  server.RaftServerConfigKeys (ConfUtils.java:logGet(43)) - raft.server.storage.dir = [/workdir/hadoop-ozone/integration-test/target/test-dir/MiniOzoneClusterImpl-e6427d35-fe54-4862-a5ad-7f18edbdadb0/datanode-2/data/ratis] (custom)
2019-10-04 12:46:35,531 [pool-429-thread-1] INFO  server.RaftServerConfigKeys (ConfUtils.java:logGet(43)) - raft.server.log.corruption.policy = EXCEPTION (default)
2019-10-04 12:46:35,531 [pool-429-thread-1] INFO  storage.RaftStorageDirectory (RaftStorageDirectory.java:analyzeStorage(246)) - The storage directory /workdir/hadoop-ozone/integration-test/target/test-dir/MiniOzoneClusterImpl-e6427d35-fe54-4862-a5ad-7f18edbdadb0/datanode-2/data/ratis/176ef151-5d0b-45bb-9916-64a2ef08bea3 does not exist. Creating ...
2019-10-04 12:46:35,535 [pool-429-thread-1] INFO  storage.RaftStorageDirectory (RaftStorageDirectory.java:tryLock(328)) - Lock on /workdir/hadoop-ozone/integration-test/target/test-dir/MiniOzoneClusterImpl-e6427d35-fe54-4862-a5ad-7f18edbdadb0/datanode-2/data/ratis/176ef151-5d0b-45bb-9916-64a2ef08bea3/in_use.lock acquired by nodename 29076@pr-hdds-2222-6c7sc-20480173
2019-10-04 12:46:35,539 [pool-429-thread-1] INFO  storage.RaftStorage (RaftStorage.java:format(84)) - Storage directory /workdir/hadoop-ozone/integration-test/target/test-dir/MiniOzoneClusterImpl-e6427d35-fe54-4862-a5ad-7f18edbdadb0/datanode-2/data/ratis/176ef151-5d0b-45bb-9916-64a2ef08bea3 has been successfully formatted.
2019-10-04 12:46:35,540 [pool-429-thread-1] INFO  ratis.ContainerStateMachine (ContainerStateMachine.java:loadSnapshot(230)) - group-64A2EF08BEA3: The snapshot info is null. Setting the last applied indexto:(t:0, i:~)
2019-10-04 12:46:35,540 [pool-429-thread-1] INFO  server.RaftServerConfigKeys (ConfUtils.java:logGet(43)) - raft.server.notification.no-leader.timeout = 120s (custom)
2019-10-04 12:46:35,540 [pool-429-thread-1] INFO  server.RaftServerConfigKeys (ConfUtils.java:logGet(43)) - raft.server.log.use.memory = false (default)
2019-10-04 12:46:35,540 [pool-429-thread-1] INFO  server.RaftServerConfigKeys (ConfUtils.java:logGet(43)) - raft.server.log.purge.gap = 1000000 (custom)
2019-10-04 12:46:35,540 [pool-429-thread-1] INFO  server.RaftServerConfigKeys (ConfUtils.java:logGet(43)) - raft.server.log.appender.buffer.byte-limit = 33554432 (custom)
2019-10-04 12:46:35,541 [pool-429-thread-1] INFO  server.RaftServerConfigKeys (ConfUtils.java:logGet(43)) - raft.server.log.segment.size.max = 1048576 (custom)
2019-10-04 12:46:35,543 [pool-429-thread-1] INFO  server.RaftServerConfigKeys (ConfUtils.java:logGet(43)) - raft.server.log.segment.cache.num.max = 2 (custom)
2019-10-04 12:46:35,543 [pool-429-thread-1] INFO  segmented.SegmentedRaftLogWorker (SegmentedRaftLogWorker.java:<init>(173)) - new 77287545-6a29-40e7-8d42-d8683b781a8c@group-64A2EF08BEA3-SegmentedRaftLogWorker for RaftStorage:Storage Directory /workdir/hadoop-ozone/integration-test/target/test-dir/MiniOzoneClusterImpl-e6427d35-fe54-4862-a5ad-7f18edbdadb0/datanode-2/data/ratis/176ef151-5d0b-45bb-9916-64a2ef08bea3
2019-10-04 12:46:35,543 [pool-429-thread-1] INFO  server.RaftServerConfigKeys (ConfUtils.java:logGet(43)) - raft.server.log.queue.byte-limit = 2147483647 (custom)
2019-10-04 12:46:35,543 [pool-429-thread-1] INFO  server.RaftServerConfigKeys (ConfUtils.java:logGet(43)) - raft.server.log.queue.element-limit = 1024 (custom)
2019-10-04 12:46:35,543 [pool-429-thread-1] INFO  server.RaftServerConfigKeys (ConfUtils.java:logGet(43)) - raft.server.log.segment.size.max = 1048576 (custom)
2019-10-04 12:46:35,543 [pool-429-thread-1] INFO  server.RaftServerConfigKeys (ConfUtils.java:logGet(43)) - raft.server.log.preallocated.size = 16384 (custom)
2019-10-04 12:46:35,543 [pool-429-thread-1] INFO  server.RaftServerConfigKeys (ConfUtils.java:logGet(43)) - raft.server.log.write.buffer.size = 33554432 (custom)
2019-10-04 12:46:35,544 [pool-429-thread-1] INFO  server.RaftServerConfigKeys (ConfUtils.java:logGet(43)) - raft.server.log.force.sync.num = 128 (default)
2019-10-04 12:46:35,544 [pool-429-thread-1] INFO  server.RaftServerConfigKeys (ConfUtils.java:logGet(43)) - raft.server.log.statemachine.data.sync = true (default)
2019-10-04 12:46:35,544 [pool-429-thread-1] INFO  server.RaftServerConfigKeys (ConfUtils.java:logGet(43)) - raft.server.log.statemachine.data.sync.timeout = 10s (default)
2019-10-04 12:46:35,544 [pool-429-thread-1] INFO  server.RaftServerConfigKeys (ConfUtils.java:logGet(43)) - raft.server.log.statemachine.data.sync.timeout.retry = -1 (default)
2019-10-04 12:46:35,545 [pool-429-thread-1] INFO  server.RaftServerConfigKeys (ConfUtils.java:logGet(43)) - raft.server.log.statemachine.data.caching.enabled = true (custom)
2019-10-04 12:46:35,545 [pool-429-thread-1] INFO  segmented.SegmentedRaftLogWorker (SegmentedRaftLogWorker.java:lambda$new$0(128)) - 77287545-6a29-40e7-8d42-d8683b781a8c@group-64A2EF08BEA3-SegmentedRaftLogWorker: flushIndex: setUnconditionally 0 -> -1
2019-10-04 12:46:35,545 [pool-429-thread-1] INFO  server.RaftServerConfigKeys (ConfUtils.java:logGet(43)) - raft.server.snapshot.auto.trigger.enabled = true (custom)
2019-10-04 12:46:35,545 [pool-429-thread-1] INFO  server.RaftServerConfigKeys (ConfUtils.java:logGet(43)) - raft.server.snapshot.auto.trigger.threshold = 10000 (custom)
2019-10-04 12:46:35,546 [pool-429-thread-1] INFO  server.RaftServerConfigKeys (ConfUtils.java:logGet(43)) - raft.server.snapshot.retention.file.num = 5 (custom)
2019-10-04 12:46:35,546 [pool-429-thread-1] INFO  server.RaftServerConfigKeys (ConfUtils.java:logGet(43)) - raft.server.retrycache.expirytime = 600000ms (custom)
2019-10-04 12:46:35,548 [pool-429-thread-1] INFO  impl.RaftServerImpl (RaftServerImpl.java:start(181)) - 77287545-6a29-40e7-8d42-d8683b781a8c@group-64A2EF08BEA3: start as a follower, conf=-1: [77287545-6a29-40e7-8d42-d8683b781a8c:192.168.5.134:44457], old=null
2019-10-04 12:46:35,548 [pool-429-thread-1] INFO  impl.RaftServerImpl (RaftServerImpl.java:setRole(170)) - 77287545-6a29-40e7-8d42-d8683b781a8c@group-64A2EF08BEA3: changes role from      null to FOLLOWER at term 0 for startAsFollower
2019-10-04 12:46:35,548 [pool-429-thread-1] INFO  impl.RoleInfo (RoleInfo.java:updateAndGet(143)) - 77287545-6a29-40e7-8d42-d8683b781a8c: start FollowerState
2019-10-04 12:46:35,548 [pool-429-thread-1] INFO  util.JmxRegister (JmxRegister.java:tryRegister(44)) - Successfully registered JMX Bean with object name Ratis:service=RaftServer,group=group-64A2EF08BEA3,id=77287545-6a29-40e7-8d42-d8683b781a8c
2019-10-04 12:46:35,552 [RatisPipelineUtilsThread] INFO  pipeline.PipelineStateManager (PipelineStateManager.java:addPipeline(56)) - Created pipeline Pipeline[ Id: 176ef151-5d0b-45bb-9916-64a2ef08bea3, Nodes: 77287545-6a29-40e7-8d42-d8683b781a8c{ip: 192.168.5.134, host: pr-hdds-2222-6c7sc-20480173, networkLocation: /default-rack, certSerialId: null}, Type:RATIS, Factor:ONE, State:OPEN]
2019-10-04 12:46:35,560 [grpc-default-executor-8] INFO  impl.RaftServerProxy (RaftServerProxy.java:addNew(89)) - c902e921-ee31-4bfa-9489-45b373ce8637: addNew group-8C0F0F709589:[77287545-6a29-40e7-8d42-d8683b781a8c:192.168.5.134:44457, c902e921-ee31-4bfa-9489-45b373ce8637:192.168.5.134:40244, e4713c51-7079-47fd-98a0-4779501aff22:192.168.5.134:40292] returns group-8C0F0F709589:java.util.concurrent.CompletableFuture@67cea2fc[Not completed]
2019-10-04 12:46:35,563 [grpc-default-executor-8] INFO  impl.RaftServerProxy (RaftServerProxy.java:addNew(89)) - 77287545-6a29-40e7-8d42-d8683b781a8c: addNew group-8C0F0F709589:[77287545-6a29-40e7-8d42-d8683b781a8c:192.168.5.134:44457, c902e921-ee31-4bfa-9489-45b373ce8637:192.168.5.134:40244, e4713c51-7079-47fd-98a0-4779501aff22:192.168.5.134:40292] returns group-8C0F0F709589:java.util.concurrent.CompletableFuture@d35b5f3[Not completed]
2019-10-04 12:46:35,566 [grpc-default-executor-6] INFO  impl.RaftServerProxy (RaftServerProxy.java:addNew(89)) - e4713c51-7079-47fd-98a0-4779501aff22: addNew group-8C0F0F709589:[77287545-6a29-40e7-8d42-d8683b781a8c:192.168.5.134:44457, c902e921-ee31-4bfa-9489-45b373ce8637:192.168.5.134:40244, e4713c51-7079-47fd-98a0-4779501aff22:192.168.5.134:40292] returns group-8C0F0F709589:java.util.concurrent.CompletableFuture@4ad13770[Not completed]
2019-10-04 12:46:35,567 [pool-409-thread-1] INFO  impl.RaftServerImpl (RaftServerImpl.java:<init>(95)) - c902e921-ee31-4bfa-9489-45b373ce8637: new RaftServerImpl for group-8C0F0F709589:[77287545-6a29-40e7-8d42-d8683b781a8c:192.168.5.134:44457, c902e921-ee31-4bfa-9489-45b373ce8637:192.168.5.134:40244, e4713c51-7079-47fd-98a0-4779501aff22:192.168.5.134:40292] with ContainerStateMachine:uninitialized
2019-10-04 12:46:35,567 [pool-409-thread-1] INFO  server.RaftServerConfigKeys (ConfUtils.java:logGet(43)) - raft.server.rpc.timeout.min = 5s (custom)
2019-10-04 12:46:35,567 [IPC Server handler 3 on 45170] INFO  net.NetworkTopology (NetworkTopologyImpl.java:add(111)) - Added a new node: /default-rack/87787cdc-5075-4d48-b9ce-7f12b50f7552
2019-10-04 12:46:35,567 [pool-409-thread-1] INFO  server.RaftServerConfigKeys (ConfUtils.java:logGet(43)) - raft.server.rpc.timeout.max = 5200ms (custom)
2019-10-04 12:46:35,568 [pool-419-thread-1] INFO  impl.RaftServerImpl (RaftServerImpl.java:<init>(95)) - e4713c51-7079-47fd-98a0-4779501aff22: new RaftServerImpl for group-8C0F0F709589:[77287545-6a29-40e7-8d42-d8683b781a8c:192.168.5.134:44457, c902e921-ee31-4bfa-9489-45b373ce8637:192.168.5.134:40244, e4713c51-7079-47fd-98a0-4779501aff22:192.168.5.134:40292] with ContainerStateMachine:uninitialized
2019-10-04 12:46:35,567 [IPC Server handler 3 on 45170] INFO  node.SCMNodeManager (SCMNodeManager.java:register(266)) - Registered Data node : 87787cdc-5075-4d48-b9ce-7f12b50f7552{ip: 192.168.5.134, host: pr-hdds-2222-6c7sc-20480173, networkLocation: /default-rack, certSerialId: null}
2019-10-04 12:46:35,568 [pool-419-thread-1] INFO  server.RaftServerConfigKeys (ConfUtils.java:logGet(43)) - raft.server.rpc.timeout.min = 5s (custom)
2019-10-04 12:46:35,568 [pool-409-thread-1] INFO  server.RaftServerConfigKeys (ConfUtils.java:logGet(43)) - raft.server.rpcslowness.timeout = 120s (custom)
2019-10-04 12:46:35,568 [pool-419-thread-1] INFO  server.RaftServerConfigKeys (ConfUtils.java:logGet(43)) - raft.server.rpc.timeout.max = 5200ms (custom)
2019-10-04 12:46:35,568 [pool-429-thread-1] INFO  impl.RaftServerImpl (RaftServerImpl.java:<init>(95)) - 77287545-6a29-40e7-8d42-d8683b781a8c: new RaftServerImpl for group-8C0F0F709589:[77287545-6a29-40e7-8d42-d8683b781a8c:192.168.5.134:44457, c902e921-ee31-4bfa-9489-45b373ce8637:192.168.5.134:40244, e4713c51-7079-47fd-98a0-4779501aff22:192.168.5.134:40292] with ContainerStateMachine:uninitialized
2019-10-04 12:46:35,568 [pool-419-thread-1] INFO  server.RaftServerConfigKeys (ConfUtils.java:logGet(43)) - raft.server.rpcslowness.timeout = 120s (custom)
2019-10-04 12:46:35,569 [pool-419-thread-1] INFO  server.RaftServerConfigKeys (ConfUtils.java:logGet(43)) - raft.server.sleep.deviation.threshold = 300 (default)
2019-10-04 12:46:35,568 [pool-409-thread-1] INFO  server.RaftServerConfigKeys (ConfUtils.java:logGet(43)) - raft.server.sleep.deviation.threshold = 300 (default)
2019-10-04 12:46:35,569 [pool-419-thread-1] INFO  server.RaftServerConfigKeys (ConfUtils.java:logGet(43)) - raft.server.log.appender.install.snapshot.enabled = false (custom)
2019-10-04 12:46:35,568 [pool-429-thread-1] INFO  server.RaftServerConfigKeys (ConfUtils.java:logGet(43)) - raft.server.rpc.timeout.min = 5s (custom)
2019-10-04 12:46:35,569 [pool-419-thread-1] INFO  impl.RaftServerImpl (ServerState.java:<init>(103)) - e4713c51-7079-47fd-98a0-4779501aff22@group-8C0F0F709589: ConfigurationManager, init=-1: [77287545-6a29-40e7-8d42-d8683b781a8c:192.168.5.134:44457, c902e921-ee31-4bfa-9489-45b373ce8637:192.168.5.134:40244, e4713c51-7079-47fd-98a0-4779501aff22:192.168.5.134:40292], old=null, confs=<EMPTY_MAP>
2019-10-04 12:46:35,569 [pool-409-thread-1] INFO  server.RaftServerConfigKeys (ConfUtils.java:logGet(43)) - raft.server.log.appender.install.snapshot.enabled = false (custom)
2019-10-04 12:46:35,569 [pool-419-thread-1] INFO  server.RaftServerConfigKeys (ConfUtils.java:logGet(43)) - raft.server.storage.dir = [/workdir/hadoop-ozone/integration-test/target/test-dir/MiniOzoneClusterImpl-e6427d35-fe54-4862-a5ad-7f18edbdadb0/datanode-1/data/ratis] (custom)
2019-10-04 12:46:35,569 [pool-429-thread-1] INFO  server.RaftServerConfigKeys (ConfUtils.java:logGet(43)) - raft.server.rpc.timeout.max = 5200ms (custom)
2019-10-04 12:46:35,570 [pool-419-thread-1] INFO  server.RaftServerConfigKeys (ConfUtils.java:logGet(43)) - raft.server.log.corruption.policy = EXCEPTION (default)
2019-10-04 12:46:35,569 [pool-409-thread-1] INFO  impl.RaftServerImpl (ServerState.java:<init>(103)) - c902e921-ee31-4bfa-9489-45b373ce8637@group-8C0F0F709589: ConfigurationManager, init=-1: [77287545-6a29-40e7-8d42-d8683b781a8c:192.168.5.134:44457, c902e921-ee31-4bfa-9489-45b373ce8637:192.168.5.134:40244, e4713c51-7079-47fd-98a0-4779501aff22:192.168.5.134:40292], old=null, confs=<EMPTY_MAP>
2019-10-04 12:46:35,570 [pool-419-thread-1] INFO  storage.RaftStorageDirectory (RaftStorageDirectory.java:analyzeStorage(246)) - The storage directory /workdir/hadoop-ozone/integration-test/target/test-dir/MiniOzoneClusterImpl-e6427d35-fe54-4862-a5ad-7f18edbdadb0/datanode-1/data/ratis/9d65434c-c4c4-4cf1-9065-8c0f0f709589 does not exist. Creating ...
2019-10-04 12:46:35,570 [pool-429-thread-1] INFO  server.RaftServerConfigKeys (ConfUtils.java:logGet(43)) - raft.server.rpcslowness.timeout = 120s (custom)
2019-10-04 12:46:35,570 [pool-409-thread-1] INFO  server.RaftServerConfigKeys (ConfUtils.java:logGet(43)) - raft.server.storage.dir = [/workdir/hadoop-ozone/integration-test/target/test-dir/MiniOzoneClusterImpl-e6427d35-fe54-4862-a5ad-7f18edbdadb0/datanode-0/data/ratis] (custom)
2019-10-04 12:46:35,570 [pool-429-thread-1] INFO  server.RaftServerConfigKeys (ConfUtils.java:logGet(43)) - raft.server.sleep.deviation.threshold = 300 (default)
2019-10-04 12:46:35,570 [pool-429-thread-1] INFO  server.RaftServerConfigKeys (ConfUtils.java:logGet(43)) - raft.server.log.appender.install.snapshot.enabled = false (custom)
2019-10-04 12:46:35,570 [pool-409-thread-1] INFO  server.RaftServerConfigKeys (ConfUtils.java:logGet(43)) - raft.server.log.corruption.policy = EXCEPTION (default)
2019-10-04 12:46:35,571 [pool-429-thread-1] INFO  impl.RaftServerImpl (ServerState.java:<init>(103)) - 77287545-6a29-40e7-8d42-d8683b781a8c@group-8C0F0F709589: ConfigurationManager, init=-1: [77287545-6a29-40e7-8d42-d8683b781a8c:192.168.5.134:44457, c902e921-ee31-4bfa-9489-45b373ce8637:192.168.5.134:40244, e4713c51-7079-47fd-98a0-4779501aff22:192.168.5.134:40292], old=null, confs=<EMPTY_MAP>
2019-10-04 12:46:35,571 [pool-409-thread-1] INFO  storage.RaftStorageDirectory (RaftStorageDirectory.java:analyzeStorage(246)) - The storage directory /workdir/hadoop-ozone/integration-test/target/test-dir/MiniOzoneClusterImpl-e6427d35-fe54-4862-a5ad-7f18edbdadb0/datanode-0/data/ratis/9d65434c-c4c4-4cf1-9065-8c0f0f709589 does not exist. Creating ...
2019-10-04 12:46:35,571 [pool-429-thread-1] INFO  server.RaftServerConfigKeys (ConfUtils.java:logGet(43)) - raft.server.storage.dir = [/workdir/hadoop-ozone/integration-test/target/test-dir/MiniOzoneClusterImpl-e6427d35-fe54-4862-a5ad-7f18edbdadb0/datanode-2/data/ratis] (custom)
2019-10-04 12:46:35,571 [pool-429-thread-1] INFO  server.RaftServerConfigKeys (ConfUtils.java:logGet(43)) - raft.server.log.corruption.policy = EXCEPTION (default)
2019-10-04 12:46:35,571 [pool-429-thread-1] INFO  storage.RaftStorageDirectory (RaftStorageDirectory.java:analyzeStorage(246)) - The storage directory /workdir/hadoop-ozone/integration-test/target/test-dir/MiniOzoneClusterImpl-e6427d35-fe54-4862-a5ad-7f18edbdadb0/datanode-2/data/ratis/9d65434c-c4c4-4cf1-9065-8c0f0f709589 does not exist. Creating ...
2019-10-04 12:46:35,577 [pool-409-thread-1] INFO  storage.RaftStorageDirectory (RaftStorageDirectory.java:tryLock(328)) - Lock on /workdir/hadoop-ozone/integration-test/target/test-dir/MiniOzoneClusterImpl-e6427d35-fe54-4862-a5ad-7f18edbdadb0/datanode-0/data/ratis/9d65434c-c4c4-4cf1-9065-8c0f0f709589/in_use.lock acquired by nodename 29076@pr-hdds-2222-6c7sc-20480173
2019-10-04 12:46:35,577 [pool-419-thread-1] INFO  storage.RaftStorageDirectory (RaftStorageDirectory.java:tryLock(328)) - Lock on /workdir/hadoop-ozone/integration-test/target/test-dir/MiniOzoneClusterImpl-e6427d35-fe54-4862-a5ad-7f18edbdadb0/datanode-1/data/ratis/9d65434c-c4c4-4cf1-9065-8c0f0f709589/in_use.lock acquired by nodename 29076@pr-hdds-2222-6c7sc-20480173
2019-10-04 12:46:35,577 [pool-429-thread-1] INFO  storage.RaftStorageDirectory (RaftStorageDirectory.java:tryLock(328)) - Lock on /workdir/hadoop-ozone/integration-test/target/test-dir/MiniOzoneClusterImpl-e6427d35-fe54-4862-a5ad-7f18edbdadb0/datanode-2/data/ratis/9d65434c-c4c4-4cf1-9065-8c0f0f709589/in_use.lock acquired by nodename 29076@pr-hdds-2222-6c7sc-20480173
2019-10-04 12:46:35,582 [pool-419-thread-1] INFO  storage.RaftStorage (RaftStorage.java:format(84)) - Storage directory /workdir/hadoop-ozone/integration-test/target/test-dir/MiniOzoneClusterImpl-e6427d35-fe54-4862-a5ad-7f18edbdadb0/datanode-1/data/ratis/9d65434c-c4c4-4cf1-9065-8c0f0f709589 has been successfully formatted.
2019-10-04 12:46:35,582 [pool-409-thread-1] INFO  storage.RaftStorage (RaftStorage.java:format(84)) - Storage directory /workdir/hadoop-ozone/integration-test/target/test-dir/MiniOzoneClusterImpl-e6427d35-fe54-4862-a5ad-7f18edbdadb0/datanode-0/data/ratis/9d65434c-c4c4-4cf1-9065-8c0f0f709589 has been successfully formatted.
2019-10-04 12:46:35,582 [pool-429-thread-1] INFO  storage.RaftStorage (RaftStorage.java:format(84)) - Storage directory /workdir/hadoop-ozone/integration-test/target/test-dir/MiniOzoneClusterImpl-e6427d35-fe54-4862-a5ad-7f18edbdadb0/datanode-2/data/ratis/9d65434c-c4c4-4cf1-9065-8c0f0f709589 has been successfully formatted.
2019-10-04 12:46:35,582 [pool-419-thread-1] INFO  ratis.ContainerStateMachine (ContainerStateMachine.java:loadSnapshot(230)) - group-8C0F0F709589: The snapshot info is null. Setting the last applied indexto:(t:0, i:~)
2019-10-04 12:46:35,583 [pool-429-thread-1] INFO  ratis.ContainerStateMachine (ContainerStateMachine.java:loadSnapshot(230)) - group-8C0F0F709589: The snapshot info is null. Setting the last applied indexto:(t:0, i:~)
2019-10-04 12:46:35,583 [pool-409-thread-1] INFO  ratis.ContainerStateMachine (ContainerStateMachine.java:loadSnapshot(230)) - group-8C0F0F709589: The snapshot info is null. Setting the last applied indexto:(t:0, i:~)
2019-10-04 12:46:35,583 [pool-429-thread-1] INFO  server.RaftServerConfigKeys (ConfUtils.java:logGet(43)) - raft.server.notification.no-leader.timeout = 120s (custom)
2019-10-04 12:46:35,583 [pool-419-thread-1] INFO  server.RaftServerConfigKeys (ConfUtils.java:logGet(43)) - raft.server.notification.no-leader.timeout = 120s (custom)
2019-10-04 12:46:35,583 [pool-429-thread-1] INFO  server.RaftServerConfigKeys (ConfUtils.java:logGet(43)) - raft.server.log.use.memory = false (default)
2019-10-04 12:46:35,583 [pool-409-thread-1] INFO  server.RaftServerConfigKeys (ConfUtils.java:logGet(43)) - raft.server.notification.no-leader.timeout = 120s (custom)
2019-10-04 12:46:35,583 [pool-429-thread-1] INFO  server.RaftServerConfigKeys (ConfUtils.java:logGet(43)) - raft.server.log.purge.gap = 1000000 (custom)
2019-10-04 12:46:35,583 [pool-419-thread-1] INFO  server.RaftServerConfigKeys (ConfUtils.java:logGet(43)) - raft.server.log.use.memory = false (default)
2019-10-04 12:46:35,583 [pool-429-thread-1] INFO  server.RaftServerConfigKeys (ConfUtils.java:logGet(43)) - raft.server.log.appender.buffer.byte-limit = 33554432 (custom)
2019-10-04 12:46:35,583 [pool-409-thread-1] INFO  server.RaftServerConfigKeys (ConfUtils.java:logGet(43)) - raft.server.log.use.memory = false (default)
2019-10-04 12:46:35,584 [pool-429-thread-1] INFO  server.RaftServerConfigKeys (ConfUtils.java:logGet(43)) - raft.server.log.segment.size.max = 1048576 (custom)
2019-10-04 12:46:35,583 [pool-419-thread-1] INFO  server.RaftServerConfigKeys (ConfUtils.java:logGet(43)) - raft.server.log.purge.gap = 1000000 (custom)
2019-10-04 12:46:35,584 [pool-429-thread-1] INFO  server.RaftServerConfigKeys (ConfUtils.java:logGet(43)) - raft.server.log.segment.cache.num.max = 2 (custom)
2019-10-04 12:46:35,584 [pool-409-thread-1] INFO  server.RaftServerConfigKeys (ConfUtils.java:logGet(43)) - raft.server.log.purge.gap = 1000000 (custom)
2019-10-04 12:46:35,584 [pool-429-thread-1] INFO  segmented.SegmentedRaftLogWorker (SegmentedRaftLogWorker.java:<init>(173)) - new 77287545-6a29-40e7-8d42-d8683b781a8c@group-8C0F0F709589-SegmentedRaftLogWorker for RaftStorage:Storage Directory /workdir/hadoop-ozone/integration-test/target/test-dir/MiniOzoneClusterImpl-e6427d35-fe54-4862-a5ad-7f18edbdadb0/datanode-2/data/ratis/9d65434c-c4c4-4cf1-9065-8c0f0f709589
2019-10-04 12:46:35,584 [pool-419-thread-1] INFO  server.RaftServerConfigKeys (ConfUtils.java:logGet(43)) - raft.server.log.appender.buffer.byte-limit = 33554432 (custom)
2019-10-04 12:46:35,584 [pool-429-thread-1] INFO  server.RaftServerConfigKeys (ConfUtils.java:logGet(43)) - raft.server.log.queue.byte-limit = 2147483647 (custom)
2019-10-04 12:46:35,584 [pool-409-thread-1] INFO  server.RaftServerConfigKeys (ConfUtils.java:logGet(43)) - raft.server.log.appender.buffer.byte-limit = 33554432 (custom)
2019-10-04 12:46:35,584 [pool-429-thread-1] INFO  server.RaftServerConfigKeys (ConfUtils.java:logGet(43)) - raft.server.log.queue.element-limit = 1024 (custom)
2019-10-04 12:46:35,584 [pool-419-thread-1] INFO  server.RaftServerConfigKeys (ConfUtils.java:logGet(43)) - raft.server.log.segment.size.max = 1048576 (custom)
2019-10-04 12:46:35,585 [pool-429-thread-1] INFO  server.RaftServerConfigKeys (ConfUtils.java:logGet(43)) - raft.server.log.segment.size.max = 1048576 (custom)
2019-10-04 12:46:35,584 [pool-409-thread-1] INFO  server.RaftServerConfigKeys (ConfUtils.java:logGet(43)) - raft.server.log.segment.size.max = 1048576 (custom)
2019-10-04 12:46:35,585 [pool-429-thread-1] INFO  server.RaftServerConfigKeys (ConfUtils.java:logGet(43)) - raft.server.log.preallocated.size = 16384 (custom)
2019-10-04 12:46:35,585 [pool-419-thread-1] INFO  server.RaftServerConfigKeys (ConfUtils.java:logGet(43)) - raft.server.log.segment.cache.num.max = 2 (custom)
2019-10-04 12:46:35,585 [pool-429-thread-1] INFO  server.RaftServerConfigKeys (ConfUtils.java:logGet(43)) - raft.server.log.write.buffer.size = 33554432 (custom)
2019-10-04 12:46:35,585 [pool-409-thread-1] INFO  server.RaftServerConfigKeys (ConfUtils.java:logGet(43)) - raft.server.log.segment.cache.num.max = 2 (custom)
2019-10-04 12:46:35,585 [pool-429-thread-1] INFO  server.RaftServerConfigKeys (ConfUtils.java:logGet(43)) - raft.server.log.force.sync.num = 128 (default)
2019-10-04 12:46:35,585 [pool-419-thread-1] INFO  segmented.SegmentedRaftLogWorker (SegmentedRaftLogWorker.java:<init>(173)) - new e4713c51-7079-47fd-98a0-4779501aff22@group-8C0F0F709589-SegmentedRaftLogWorker for RaftStorage:Storage Directory /workdir/hadoop-ozone/integration-test/target/test-dir/MiniOzoneClusterImpl-e6427d35-fe54-4862-a5ad-7f18edbdadb0/datanode-1/data/ratis/9d65434c-c4c4-4cf1-9065-8c0f0f709589
2019-10-04 12:46:35,585 [pool-429-thread-1] INFO  server.RaftServerConfigKeys (ConfUtils.java:logGet(43)) - raft.server.log.statemachine.data.sync = true (default)
2019-10-04 12:46:35,585 [pool-409-thread-1] INFO  segmented.SegmentedRaftLogWorker (SegmentedRaftLogWorker.java:<init>(173)) - new c902e921-ee31-4bfa-9489-45b373ce8637@group-8C0F0F709589-SegmentedRaftLogWorker for RaftStorage:Storage Directory /workdir/hadoop-ozone/integration-test/target/test-dir/MiniOzoneClusterImpl-e6427d35-fe54-4862-a5ad-7f18edbdadb0/datanode-0/data/ratis/9d65434c-c4c4-4cf1-9065-8c0f0f709589
2019-10-04 12:46:35,585 [pool-429-thread-1] INFO  server.RaftServerConfigKeys (ConfUtils.java:logGet(43)) - raft.server.log.statemachine.data.sync.timeout = 10s (default)
2019-10-04 12:46:35,585 [pool-419-thread-1] INFO  server.RaftServerConfigKeys (ConfUtils.java:logGet(43)) - raft.server.log.queue.byte-limit = 2147483647 (custom)
2019-10-04 12:46:35,586 [pool-429-thread-1] INFO  server.RaftServerConfigKeys (ConfUtils.java:logGet(43)) - raft.server.log.statemachine.data.sync.timeout.retry = -1 (default)
2019-10-04 12:46:35,586 [pool-409-thread-1] INFO  server.RaftServerConfigKeys (ConfUtils.java:logGet(43)) - raft.server.log.queue.byte-limit = 2147483647 (custom)
2019-10-04 12:46:35,586 [pool-429-thread-1] INFO  server.RaftServerConfigKeys (ConfUtils.java:logGet(43)) - raft.server.log.statemachine.data.caching.enabled = true (custom)
2019-10-04 12:46:35,586 [pool-419-thread-1] INFO  server.RaftServerConfigKeys (ConfUtils.java:logGet(43)) - raft.server.log.queue.element-limit = 1024 (custom)
2019-10-04 12:46:35,586 [pool-409-thread-1] INFO  server.RaftServerConfigKeys (ConfUtils.java:logGet(43)) - raft.server.log.queue.element-limit = 1024 (custom)
2019-10-04 12:46:35,586 [pool-429-thread-1] INFO  segmented.SegmentedRaftLogWorker (SegmentedRaftLogWorker.java:lambda$new$0(128)) - 77287545-6a29-40e7-8d42-d8683b781a8c@group-8C0F0F709589-SegmentedRaftLogWorker: flushIndex: setUnconditionally 0 -> -1
2019-10-04 12:46:35,586 [pool-419-thread-1] INFO  server.RaftServerConfigKeys (ConfUtils.java:logGet(43)) - raft.server.log.segment.size.max = 1048576 (custom)
2019-10-04 12:46:35,586 [pool-409-thread-1] INFO  server.RaftServerConfigKeys (ConfUtils.java:logGet(43)) - raft.server.log.segment.size.max = 1048576 (custom)
2019-10-04 12:46:35,587 [pool-429-thread-1] INFO  server.RaftServerConfigKeys (ConfUtils.java:logGet(43)) - raft.server.snapshot.auto.trigger.enabled = true (custom)
2019-10-04 12:46:35,586 [pool-419-thread-1] INFO  server.RaftServerConfigKeys (ConfUtils.java:logGet(43)) - raft.server.log.preallocated.size = 16384 (custom)
2019-10-04 12:46:35,587 [pool-429-thread-1] INFO  server.RaftServerConfigKeys (ConfUtils.java:logGet(43)) - raft.server.snapshot.auto.trigger.threshold = 10000 (custom)
2019-10-04 12:46:35,587 [pool-409-thread-1] INFO  server.RaftServerConfigKeys (ConfUtils.java:logGet(43)) - raft.server.log.preallocated.size = 16384 (custom)
2019-10-04 12:46:35,587 [pool-429-thread-1] INFO  server.RaftServerConfigKeys (ConfUtils.java:logGet(43)) - raft.server.snapshot.retention.file.num = 5 (custom)
2019-10-04 12:46:35,587 [pool-419-thread-1] INFO  server.RaftServerConfigKeys (ConfUtils.java:logGet(43)) - raft.server.log.write.buffer.size = 33554432 (custom)
2019-10-04 12:46:35,587 [pool-429-thread-1] INFO  server.RaftServerConfigKeys (ConfUtils.java:logGet(43)) - raft.server.retrycache.expirytime = 600000ms (custom)
2019-10-04 12:46:35,587 [pool-409-thread-1] INFO  server.RaftServerConfigKeys (ConfUtils.java:logGet(43)) - raft.server.log.write.buffer.size = 33554432 (custom)
2019-10-04 12:46:35,587 [pool-419-thread-1] INFO  server.RaftServerConfigKeys (ConfUtils.java:logGet(43)) - raft.server.log.force.sync.num = 128 (default)
2019-10-04 12:46:35,587 [pool-409-thread-1] INFO  server.RaftServerConfigKeys (ConfUtils.java:logGet(43)) - raft.server.log.force.sync.num = 128 (default)
2019-10-04 12:46:35,587 [pool-419-thread-1] INFO  server.RaftServerConfigKeys (ConfUtils.java:logGet(43)) - raft.server.log.statemachine.data.sync = true (default)
2019-10-04 12:46:35,588 [pool-409-thread-1] INFO  server.RaftServerConfigKeys (ConfUtils.java:logGet(43)) - raft.server.log.statemachine.data.sync = true (default)
2019-10-04 12:46:35,588 [pool-419-thread-1] INFO  server.RaftServerConfigKeys (ConfUtils.java:logGet(43)) - raft.server.log.statemachine.data.sync.timeout = 10s (default)
2019-10-04 12:46:35,588 [pool-409-thread-1] INFO  server.RaftServerConfigKeys (ConfUtils.java:logGet(43)) - raft.server.log.statemachine.data.sync.timeout = 10s (default)
2019-10-04 12:46:35,588 [pool-419-thread-1] INFO  server.RaftServerConfigKeys (ConfUtils.java:logGet(43)) - raft.server.log.statemachine.data.sync.timeout.retry = -1 (default)
2019-10-04 12:46:35,588 [pool-409-thread-1] INFO  server.RaftServerConfigKeys (ConfUtils.java:logGet(43)) - raft.server.log.statemachine.data.sync.timeout.retry = -1 (default)
2019-10-04 12:46:35,588 [pool-419-thread-1] INFO  server.RaftServerConfigKeys (ConfUtils.java:logGet(43)) - raft.server.log.statemachine.data.caching.enabled = true (custom)
2019-10-04 12:46:35,588 [pool-409-thread-1] INFO  server.RaftServerConfigKeys (ConfUtils.java:logGet(43)) - raft.server.log.statemachine.data.caching.enabled = true (custom)
2019-10-04 12:46:35,588 [pool-429-thread-1] INFO  impl.RaftServerImpl (RaftServerImpl.java:start(181)) - 77287545-6a29-40e7-8d42-d8683b781a8c@group-8C0F0F709589: start as a follower, conf=-1: [77287545-6a29-40e7-8d42-d8683b781a8c:192.168.5.134:44457, c902e921-ee31-4bfa-9489-45b373ce8637:192.168.5.134:40244, e4713c51-7079-47fd-98a0-4779501aff22:192.168.5.134:40292], old=null
2019-10-04 12:46:35,588 [pool-419-thread-1] INFO  segmented.SegmentedRaftLogWorker (SegmentedRaftLogWorker.java:lambda$new$0(128)) - e4713c51-7079-47fd-98a0-4779501aff22@group-8C0F0F709589-SegmentedRaftLogWorker: flushIndex: setUnconditionally 0 -> -1
2019-10-04 12:46:35,589 [pool-409-thread-1] INFO  segmented.SegmentedRaftLogWorker (SegmentedRaftLogWorker.java:lambda$new$0(128)) - c902e921-ee31-4bfa-9489-45b373ce8637@group-8C0F0F709589-SegmentedRaftLogWorker: flushIndex: setUnconditionally 0 -> -1
2019-10-04 12:46:35,589 [pool-429-thread-1] INFO  impl.RaftServerImpl (RaftServerImpl.java:setRole(170)) - 77287545-6a29-40e7-8d42-d8683b781a8c@group-8C0F0F709589: changes role from      null to FOLLOWER at term 0 for startAsFollower
2019-10-04 12:46:35,589 [pool-419-thread-1] INFO  server.RaftServerConfigKeys (ConfUtils.java:logGet(43)) - raft.server.snapshot.auto.trigger.enabled = true (custom)
2019-10-04 12:46:35,589 [pool-429-thread-1] INFO  impl.RoleInfo (RoleInfo.java:updateAndGet(143)) - 77287545-6a29-40e7-8d42-d8683b781a8c: start FollowerState
2019-10-04 12:46:35,589 [pool-409-thread-1] INFO  server.RaftServerConfigKeys (ConfUtils.java:logGet(43)) - raft.server.snapshot.auto.trigger.enabled = true (custom)
2019-10-04 12:46:35,589 [pool-419-thread-1] INFO  server.RaftServerConfigKeys (ConfUtils.java:logGet(43)) - raft.server.snapshot.auto.trigger.threshold = 10000 (custom)
2019-10-04 12:46:35,607 [pool-429-thread-1] INFO  util.JmxRegister (JmxRegister.java:tryRegister(44)) - Successfully registered JMX Bean with object name Ratis:service=RaftServer,group=group-8C0F0F709589,id=77287545-6a29-40e7-8d42-d8683b781a8c
2019-10-04 12:46:35,589 [pool-409-thread-1] INFO  server.RaftServerConfigKeys (ConfUtils.java:logGet(43)) - raft.server.snapshot.auto.trigger.threshold = 10000 (custom)
2019-10-04 12:46:35,608 [pool-419-thread-1] INFO  server.RaftServerConfigKeys (ConfUtils.java:logGet(43)) - raft.server.snapshot.retention.file.num = 5 (custom)
2019-10-04 12:46:35,608 [pool-409-thread-1] INFO  server.RaftServerConfigKeys (ConfUtils.java:logGet(43)) - raft.server.snapshot.retention.file.num = 5 (custom)
2019-10-04 12:46:35,608 [pool-419-thread-1] INFO  server.RaftServerConfigKeys (ConfUtils.java:logGet(43)) - raft.server.retrycache.expirytime = 600000ms (custom)
2019-10-04 12:46:35,608 [pool-409-thread-1] INFO  server.RaftServerConfigKeys (ConfUtils.java:logGet(43)) - raft.server.retrycache.expirytime = 600000ms (custom)
2019-10-04 12:46:35,619 [pool-419-thread-1] INFO  impl.RaftServerImpl (RaftServerImpl.java:start(181)) - e4713c51-7079-47fd-98a0-4779501aff22@group-8C0F0F709589: start as a follower, conf=-1: [77287545-6a29-40e7-8d42-d8683b781a8c:192.168.5.134:44457, c902e921-ee31-4bfa-9489-45b373ce8637:192.168.5.134:40244, e4713c51-7079-47fd-98a0-4779501aff22:192.168.5.134:40292], old=null
2019-10-04 12:46:35,619 [pool-419-thread-1] INFO  impl.RaftServerImpl (RaftServerImpl.java:setRole(170)) - e4713c51-7079-47fd-98a0-4779501aff22@group-8C0F0F709589: changes role from      null to FOLLOWER at term 0 for startAsFollower
2019-10-04 12:46:35,619 [pool-419-thread-1] INFO  impl.RoleInfo (RoleInfo.java:updateAndGet(143)) - e4713c51-7079-47fd-98a0-4779501aff22: start FollowerState
2019-10-04 12:46:35,619 [pool-409-thread-1] INFO  impl.RaftServerImpl (RaftServerImpl.java:start(181)) - c902e921-ee31-4bfa-9489-45b373ce8637@group-8C0F0F709589: start as a follower, conf=-1: [77287545-6a29-40e7-8d42-d8683b781a8c:192.168.5.134:44457, c902e921-ee31-4bfa-9489-45b373ce8637:192.168.5.134:40244, e4713c51-7079-47fd-98a0-4779501aff22:192.168.5.134:40292], old=null
2019-10-04 12:46:35,620 [pool-409-thread-1] INFO  impl.RaftServerImpl (RaftServerImpl.java:setRole(170)) - c902e921-ee31-4bfa-9489-45b373ce8637@group-8C0F0F709589: changes role from      null to FOLLOWER at term 0 for startAsFollower
2019-10-04 12:46:35,620 [pool-419-thread-1] INFO  util.JmxRegister (JmxRegister.java:tryRegister(44)) - Successfully registered JMX Bean with object name Ratis:service=RaftServer,group=group-8C0F0F709589,id=e4713c51-7079-47fd-98a0-4779501aff22
2019-10-04 12:46:35,620 [pool-409-thread-1] INFO  impl.RoleInfo (RoleInfo.java:updateAndGet(143)) - c902e921-ee31-4bfa-9489-45b373ce8637: start FollowerState
2019-10-04 12:46:35,620 [pool-409-thread-1] INFO  util.JmxRegister (JmxRegister.java:tryRegister(44)) - Successfully registered JMX Bean with object name Ratis:service=RaftServer,group=group-8C0F0F709589,id=c902e921-ee31-4bfa-9489-45b373ce8637
2019-10-04 12:46:35,624 [RatisPipelineUtilsThread] INFO  pipeline.PipelineStateManager (PipelineStateManager.java:addPipeline(56)) - Created pipeline Pipeline[ Id: 9d65434c-c4c4-4cf1-9065-8c0f0f709589, Nodes: e4713c51-7079-47fd-98a0-4779501aff22{ip: 192.168.5.134, host: pr-hdds-2222-6c7sc-20480173, networkLocation: /default-rack, certSerialId: null}c902e921-ee31-4bfa-9489-45b373ce8637{ip: 192.168.5.134, host: pr-hdds-2222-6c7sc-20480173, networkLocation: /default-rack, certSerialId: null}77287545-6a29-40e7-8d42-d8683b781a8c{ip: 192.168.5.134, host: pr-hdds-2222-6c7sc-20480173, networkLocation: /default-rack, certSerialId: null}, Type:RATIS, Factor:THREE, State:OPEN]
2019-10-04 12:46:35,633 [grpc-default-executor-6] INFO  impl.RaftServerProxy (RaftServerProxy.java:addNew(89)) - 87787cdc-5075-4d48-b9ce-7f12b50f7552: addNew group-49482B1C16A1:[87787cdc-5075-4d48-b9ce-7f12b50f7552:192.168.5.134:36326] returns group-49482B1C16A1:java.util.concurrent.CompletableFuture@6fc3fe7c[Not completed]
2019-10-04 12:46:35,634 [IPC Server handler 4 on 45170] INFO  net.NetworkTopology (NetworkTopologyImpl.java:add(111)) - Added a new node: /default-rack/d731f014-2bef-4e1e-a18d-30643aa8b715
2019-10-04 12:46:35,637 [IPC Server handler 4 on 45170] INFO  node.SCMNodeManager (SCMNodeManager.java:register(266)) - Registered Data node : d731f014-2bef-4e1e-a18d-30643aa8b715{ip: 192.168.5.134, host: pr-hdds-2222-6c7sc-20480173, networkLocation: /default-rack, certSerialId: null}
2019-10-04 12:46:35,637 [pool-439-thread-1] INFO  impl.RaftServerImpl (RaftServerImpl.java:<init>(95)) - 87787cdc-5075-4d48-b9ce-7f12b50f7552: new RaftServerImpl for group-49482B1C16A1:[87787cdc-5075-4d48-b9ce-7f12b50f7552:192.168.5.134:36326] with ContainerStateMachine:uninitialized
2019-10-04 12:46:35,637 [pool-439-thread-1] INFO  server.RaftServerConfigKeys (ConfUtils.java:logGet(43)) - raft.server.rpc.timeout.min = 5s (custom)
2019-10-04 12:46:35,637 [pool-439-thread-1] INFO  server.RaftServerConfigKeys (ConfUtils.java:logGet(43)) - raft.server.rpc.timeout.max = 5200ms (custom)
2019-10-04 12:46:35,637 [pool-439-thread-1] INFO  server.RaftServerConfigKeys (ConfUtils.java:logGet(43)) - raft.server.rpcslowness.timeout = 120s (custom)
2019-10-04 12:46:35,637 [pool-439-thread-1] INFO  server.RaftServerConfigKeys (ConfUtils.java:logGet(43)) - raft.server.sleep.deviation.threshold = 300 (default)
2019-10-04 12:46:35,637 [pool-439-thread-1] INFO  server.RaftServerConfigKeys (ConfUtils.java:logGet(43)) - raft.server.log.appender.install.snapshot.enabled = false (custom)
2019-10-04 12:46:35,638 [pool-439-thread-1] INFO  impl.RaftServerImpl (ServerState.java:<init>(103)) - 87787cdc-5075-4d48-b9ce-7f12b50f7552@group-49482B1C16A1: ConfigurationManager, init=-1: [87787cdc-5075-4d48-b9ce-7f12b50f7552:192.168.5.134:36326], old=null, confs=<EMPTY_MAP>
2019-10-04 12:46:35,638 [pool-439-thread-1] INFO  server.RaftServerConfigKeys (ConfUtils.java:logGet(43)) - raft.server.storage.dir = [/workdir/hadoop-ozone/integration-test/target/test-dir/MiniOzoneClusterImpl-e6427d35-fe54-4862-a5ad-7f18edbdadb0/datanode-3/data/ratis] (custom)
2019-10-04 12:46:35,638 [pool-439-thread-1] INFO  server.RaftServerConfigKeys (ConfUtils.java:logGet(43)) - raft.server.log.corruption.policy = EXCEPTION (default)
2019-10-04 12:46:35,638 [pool-439-thread-1] INFO  storage.RaftStorageDirectory (RaftStorageDirectory.java:analyzeStorage(246)) - The storage directory /workdir/hadoop-ozone/integration-test/target/test-dir/MiniOzoneClusterImpl-e6427d35-fe54-4862-a5ad-7f18edbdadb0/datanode-3/data/ratis/4f6b1d39-120b-4346-aa9c-49482b1c16a1 does not exist. Creating ...
2019-10-04 12:46:35,642 [pool-439-thread-1] INFO  storage.RaftStorageDirectory (RaftStorageDirectory.java:tryLock(328)) - Lock on /workdir/hadoop-ozone/integration-test/target/test-dir/MiniOzoneClusterImpl-e6427d35-fe54-4862-a5ad-7f18edbdadb0/datanode-3/data/ratis/4f6b1d39-120b-4346-aa9c-49482b1c16a1/in_use.lock acquired by nodename 29076@pr-hdds-2222-6c7sc-20480173
2019-10-04 12:46:35,646 [pool-439-thread-1] INFO  storage.RaftStorage (RaftStorage.java:format(84)) - Storage directory /workdir/hadoop-ozone/integration-test/target/test-dir/MiniOzoneClusterImpl-e6427d35-fe54-4862-a5ad-7f18edbdadb0/datanode-3/data/ratis/4f6b1d39-120b-4346-aa9c-49482b1c16a1 has been successfully formatted.
2019-10-04 12:46:35,646 [pool-439-thread-1] INFO  ratis.ContainerStateMachine (ContainerStateMachine.java:loadSnapshot(230)) - group-49482B1C16A1: The snapshot info is null. Setting the last applied indexto:(t:0, i:~)
2019-10-04 12:46:35,646 [pool-439-thread-1] INFO  server.RaftServerConfigKeys (ConfUtils.java:logGet(43)) - raft.server.notification.no-leader.timeout = 120s (custom)
2019-10-04 12:46:35,646 [pool-439-thread-1] INFO  server.RaftServerConfigKeys (ConfUtils.java:logGet(43)) - raft.server.log.use.memory = false (default)
2019-10-04 12:46:35,646 [pool-439-thread-1] INFO  server.RaftServerConfigKeys (ConfUtils.java:logGet(43)) - raft.server.log.purge.gap = 1000000 (custom)
2019-10-04 12:46:35,646 [pool-439-thread-1] INFO  server.RaftServerConfigKeys (ConfUtils.java:logGet(43)) - raft.server.log.appender.buffer.byte-limit = 33554432 (custom)
2019-10-04 12:46:35,647 [pool-439-thread-1] INFO  server.RaftServerConfigKeys (ConfUtils.java:logGet(43)) - raft.server.log.segment.size.max = 1048576 (custom)
2019-10-04 12:46:35,648 [pool-439-thread-1] INFO  server.RaftServerConfigKeys (ConfUtils.java:logGet(43)) - raft.server.log.segment.cache.num.max = 2 (custom)
2019-10-04 12:46:35,648 [pool-439-thread-1] INFO  segmented.SegmentedRaftLogWorker (SegmentedRaftLogWorker.java:<init>(173)) - new 87787cdc-5075-4d48-b9ce-7f12b50f7552@group-49482B1C16A1-SegmentedRaftLogWorker for RaftStorage:Storage Directory /workdir/hadoop-ozone/integration-test/target/test-dir/MiniOzoneClusterImpl-e6427d35-fe54-4862-a5ad-7f18edbdadb0/datanode-3/data/ratis/4f6b1d39-120b-4346-aa9c-49482b1c16a1
2019-10-04 12:46:35,648 [pool-439-thread-1] INFO  server.RaftServerConfigKeys (ConfUtils.java:logGet(43)) - raft.server.log.queue.byte-limit = 2147483647 (custom)
2019-10-04 12:46:35,648 [pool-439-thread-1] INFO  server.RaftServerConfigKeys (ConfUtils.java:logGet(43)) - raft.server.log.queue.element-limit = 1024 (custom)
2019-10-04 12:46:35,649 [pool-439-thread-1] INFO  server.RaftServerConfigKeys (ConfUtils.java:logGet(43)) - raft.server.log.segment.size.max = 1048576 (custom)
2019-10-04 12:46:35,649 [pool-439-thread-1] INFO  server.RaftServerConfigKeys (ConfUtils.java:logGet(43)) - raft.server.log.preallocated.size = 16384 (custom)
2019-10-04 12:46:35,649 [pool-439-thread-1] INFO  server.RaftServerConfigKeys (ConfUtils.java:logGet(43)) - raft.server.log.write.buffer.size = 33554432 (custom)
2019-10-04 12:46:35,649 [pool-439-thread-1] INFO  server.RaftServerConfigKeys (ConfUtils.java:logGet(43)) - raft.server.log.force.sync.num = 128 (default)
2019-10-04 12:46:35,649 [pool-439-thread-1] INFO  server.RaftServerConfigKeys (ConfUtils.java:logGet(43)) - raft.server.log.statemachine.data.sync = true (default)
2019-10-04 12:46:35,649 [pool-439-thread-1] INFO  server.RaftServerConfigKeys (ConfUtils.java:logGet(43)) - raft.server.log.statemachine.data.sync.timeout = 10s (default)
2019-10-04 12:46:35,649 [pool-439-thread-1] INFO  server.RaftServerConfigKeys (ConfUtils.java:logGet(43)) - raft.server.log.statemachine.data.sync.timeout.retry = -1 (default)
2019-10-04 12:46:35,650 [pool-439-thread-1] INFO  server.RaftServerConfigKeys (ConfUtils.java:logGet(43)) - raft.server.log.statemachine.data.caching.enabled = true (custom)
2019-10-04 12:46:35,650 [pool-439-thread-1] INFO  segmented.SegmentedRaftLogWorker (SegmentedRaftLogWorker.java:lambda$new$0(128)) - 87787cdc-5075-4d48-b9ce-7f12b50f7552@group-49482B1C16A1-SegmentedRaftLogWorker: flushIndex: setUnconditionally 0 -> -1
2019-10-04 12:46:35,650 [pool-439-thread-1] INFO  server.RaftServerConfigKeys (ConfUtils.java:logGet(43)) - raft.server.snapshot.auto.trigger.enabled = true (custom)
2019-10-04 12:46:35,650 [pool-439-thread-1] INFO  server.RaftServerConfigKeys (ConfUtils.java:logGet(43)) - raft.server.snapshot.auto.trigger.threshold = 10000 (custom)
2019-10-04 12:46:35,650 [pool-439-thread-1] INFO  server.RaftServerConfigKeys (ConfUtils.java:logGet(43)) - raft.server.snapshot.retention.file.num = 5 (custom)
2019-10-04 12:46:35,650 [pool-439-thread-1] INFO  server.RaftServerConfigKeys (ConfUtils.java:logGet(43)) - raft.server.retrycache.expirytime = 600000ms (custom)
2019-10-04 12:46:35,652 [pool-439-thread-1] INFO  impl.RaftServerImpl (RaftServerImpl.java:start(181)) - 87787cdc-5075-4d48-b9ce-7f12b50f7552@group-49482B1C16A1: start as a follower, conf=-1: [87787cdc-5075-4d48-b9ce-7f12b50f7552:192.168.5.134:36326], old=null
2019-10-04 12:46:35,652 [pool-439-thread-1] INFO  impl.RaftServerImpl (RaftServerImpl.java:setRole(170)) - 87787cdc-5075-4d48-b9ce-7f12b50f7552@group-49482B1C16A1: changes role from      null to FOLLOWER at term 0 for startAsFollower
2019-10-04 12:46:35,652 [pool-439-thread-1] INFO  impl.RoleInfo (RoleInfo.java:updateAndGet(143)) - 87787cdc-5075-4d48-b9ce-7f12b50f7552: start FollowerState
2019-10-04 12:46:35,652 [pool-439-thread-1] INFO  util.JmxRegister (JmxRegister.java:tryRegister(44)) - Successfully registered JMX Bean with object name Ratis:service=RaftServer,group=group-49482B1C16A1,id=87787cdc-5075-4d48-b9ce-7f12b50f7552
2019-10-04 12:46:35,655 [RatisPipelineUtilsThread] INFO  pipeline.PipelineStateManager (PipelineStateManager.java:addPipeline(56)) - Created pipeline Pipeline[ Id: 4f6b1d39-120b-4346-aa9c-49482b1c16a1, Nodes: 87787cdc-5075-4d48-b9ce-7f12b50f7552{ip: 192.168.5.134, host: pr-hdds-2222-6c7sc-20480173, networkLocation: /default-rack, certSerialId: null}, Type:RATIS, Factor:ONE, State:OPEN]
2019-10-04 12:46:35,666 [grpc-default-executor-6] INFO  impl.RaftServerProxy (RaftServerProxy.java:addNew(89)) - d731f014-2bef-4e1e-a18d-30643aa8b715: addNew group-E31791B73328:[d731f014-2bef-4e1e-a18d-30643aa8b715:192.168.5.134:37655] returns group-E31791B73328:java.util.concurrent.CompletableFuture@4b5ffc47[Not completed]
2019-10-04 12:46:35,667 [pool-449-thread-1] INFO  impl.RaftServerImpl (RaftServerImpl.java:<init>(95)) - d731f014-2bef-4e1e-a18d-30643aa8b715: new RaftServerImpl for group-E31791B73328:[d731f014-2bef-4e1e-a18d-30643aa8b715:192.168.5.134:37655] with ContainerStateMachine:uninitialized
2019-10-04 12:46:35,667 [pool-449-thread-1] INFO  server.RaftServerConfigKeys (ConfUtils.java:logGet(43)) - raft.server.rpc.timeout.min = 5s (custom)
2019-10-04 12:46:35,667 [pool-449-thread-1] INFO  server.RaftServerConfigKeys (ConfUtils.java:logGet(43)) - raft.server.rpc.timeout.max = 5200ms (custom)
2019-10-04 12:46:35,668 [pool-449-thread-1] INFO  server.RaftServerConfigKeys (ConfUtils.java:logGet(43)) - raft.server.rpcslowness.timeout = 120s (custom)
2019-10-04 12:46:35,668 [pool-449-thread-1] INFO  server.RaftServerConfigKeys (ConfUtils.java:logGet(43)) - raft.server.sleep.deviation.threshold = 300 (default)
2019-10-04 12:46:35,668 [pool-449-thread-1] INFO  server.RaftServerConfigKeys (ConfUtils.java:logGet(43)) - raft.server.log.appender.install.snapshot.enabled = false (custom)
2019-10-04 12:46:35,668 [pool-449-thread-1] INFO  impl.RaftServerImpl (ServerState.java:<init>(103)) - d731f014-2bef-4e1e-a18d-30643aa8b715@group-E31791B73328: ConfigurationManager, init=-1: [d731f014-2bef-4e1e-a18d-30643aa8b715:192.168.5.134:37655], old=null, confs=<EMPTY_MAP>
2019-10-04 12:46:35,668 [pool-449-thread-1] INFO  server.RaftServerConfigKeys (ConfUtils.java:logGet(43)) - raft.server.storage.dir = [/workdir/hadoop-ozone/integration-test/target/test-dir/MiniOzoneClusterImpl-e6427d35-fe54-4862-a5ad-7f18edbdadb0/datanode-4/data/ratis] (custom)
2019-10-04 12:46:35,668 [pool-449-thread-1] INFO  server.RaftServerConfigKeys (ConfUtils.java:logGet(43)) - raft.server.log.corruption.policy = EXCEPTION (default)
2019-10-04 12:46:35,668 [pool-449-thread-1] INFO  storage.RaftStorageDirectory (RaftStorageDirectory.java:analyzeStorage(246)) - The storage directory /workdir/hadoop-ozone/integration-test/target/test-dir/MiniOzoneClusterImpl-e6427d35-fe54-4862-a5ad-7f18edbdadb0/datanode-4/data/ratis/8da271b4-86ed-48a8-8090-e31791b73328 does not exist. Creating ...
2019-10-04 12:46:35,672 [pool-449-thread-1] INFO  storage.RaftStorageDirectory (RaftStorageDirectory.java:tryLock(328)) - Lock on /workdir/hadoop-ozone/integration-test/target/test-dir/MiniOzoneClusterImpl-e6427d35-fe54-4862-a5ad-7f18edbdadb0/datanode-4/data/ratis/8da271b4-86ed-48a8-8090-e31791b73328/in_use.lock acquired by nodename 29076@pr-hdds-2222-6c7sc-20480173
2019-10-04 12:46:35,678 [pool-449-thread-1] INFO  storage.RaftStorage (RaftStorage.java:format(84)) - Storage directory /workdir/hadoop-ozone/integration-test/target/test-dir/MiniOzoneClusterImpl-e6427d35-fe54-4862-a5ad-7f18edbdadb0/datanode-4/data/ratis/8da271b4-86ed-48a8-8090-e31791b73328 has been successfully formatted.
2019-10-04 12:46:35,678 [pool-449-thread-1] INFO  ratis.ContainerStateMachine (ContainerStateMachine.java:loadSnapshot(230)) - group-E31791B73328: The snapshot info is null. Setting the last applied indexto:(t:0, i:~)
2019-10-04 12:46:35,678 [pool-449-thread-1] INFO  server.RaftServerConfigKeys (ConfUtils.java:logGet(43)) - raft.server.notification.no-leader.timeout = 120s (custom)
2019-10-04 12:46:35,678 [pool-449-thread-1] INFO  server.RaftServerConfigKeys (ConfUtils.java:logGet(43)) - raft.server.log.use.memory = false (default)
2019-10-04 12:46:35,678 [pool-449-thread-1] INFO  server.RaftServerConfigKeys (ConfUtils.java:logGet(43)) - raft.server.log.purge.gap = 1000000 (custom)
2019-10-04 12:46:35,678 [pool-449-thread-1] INFO  server.RaftServerConfigKeys (ConfUtils.java:logGet(43)) - raft.server.log.appender.buffer.byte-limit = 33554432 (custom)
2019-10-04 12:46:35,678 [pool-449-thread-1] INFO  server.RaftServerConfigKeys (ConfUtils.java:logGet(43)) - raft.server.log.segment.size.max = 1048576 (custom)
2019-10-04 12:46:35,680 [pool-449-thread-1] INFO  server.RaftServerConfigKeys (ConfUtils.java:logGet(43)) - raft.server.log.segment.cache.num.max = 2 (custom)
2019-10-04 12:46:35,680 [pool-449-thread-1] INFO  segmented.SegmentedRaftLogWorker (SegmentedRaftLogWorker.java:<init>(173)) - new d731f014-2bef-4e1e-a18d-30643aa8b715@group-E31791B73328-SegmentedRaftLogWorker for RaftStorage:Storage Directory /workdir/hadoop-ozone/integration-test/target/test-dir/MiniOzoneClusterImpl-e6427d35-fe54-4862-a5ad-7f18edbdadb0/datanode-4/data/ratis/8da271b4-86ed-48a8-8090-e31791b73328
2019-10-04 12:46:35,680 [pool-449-thread-1] INFO  server.RaftServerConfigKeys (ConfUtils.java:logGet(43)) - raft.server.log.queue.byte-limit = 2147483647 (custom)
2019-10-04 12:46:35,680 [pool-449-thread-1] INFO  server.RaftServerConfigKeys (ConfUtils.java:logGet(43)) - raft.server.log.queue.element-limit = 1024 (custom)
2019-10-04 12:46:35,680 [pool-449-thread-1] INFO  server.RaftServerConfigKeys (ConfUtils.java:logGet(43)) - raft.server.log.segment.size.max = 1048576 (custom)
2019-10-04 12:46:35,680 [pool-449-thread-1] INFO  server.RaftServerConfigKeys (ConfUtils.java:logGet(43)) - raft.server.log.preallocated.size = 16384 (custom)
2019-10-04 12:46:35,680 [pool-449-thread-1] INFO  server.RaftServerConfigKeys (ConfUtils.java:logGet(43)) - raft.server.log.write.buffer.size = 33554432 (custom)
2019-10-04 12:46:35,680 [pool-449-thread-1] INFO  server.RaftServerConfigKeys (ConfUtils.java:logGet(43)) - raft.server.log.force.sync.num = 128 (default)
2019-10-04 12:46:35,680 [pool-449-thread-1] INFO  server.RaftServerConfigKeys (ConfUtils.java:logGet(43)) - raft.server.log.statemachine.data.sync = true (default)
2019-10-04 12:46:35,681 [pool-449-thread-1] INFO  server.RaftServerConfigKeys (ConfUtils.java:logGet(43)) - raft.server.log.statemachine.data.sync.timeout = 10s (default)
2019-10-04 12:46:35,681 [pool-449-thread-1] INFO  server.RaftServerConfigKeys (ConfUtils.java:logGet(43)) - raft.server.log.statemachine.data.sync.timeout.retry = -1 (default)
2019-10-04 12:46:35,681 [pool-449-thread-1] INFO  server.RaftServerConfigKeys (ConfUtils.java:logGet(43)) - raft.server.log.statemachine.data.caching.enabled = true (custom)
2019-10-04 12:46:35,681 [pool-449-thread-1] INFO  segmented.SegmentedRaftLogWorker (SegmentedRaftLogWorker.java:lambda$new$0(128)) - d731f014-2bef-4e1e-a18d-30643aa8b715@group-E31791B73328-SegmentedRaftLogWorker: flushIndex: setUnconditionally 0 -> -1
2019-10-04 12:46:35,681 [pool-449-thread-1] INFO  server.RaftServerConfigKeys (ConfUtils.java:logGet(43)) - raft.server.snapshot.auto.trigger.enabled = true (custom)
2019-10-04 12:46:35,681 [pool-449-thread-1] INFO  server.RaftServerConfigKeys (ConfUtils.java:logGet(43)) - raft.server.snapshot.auto.trigger.threshold = 10000 (custom)
2019-10-04 12:46:35,682 [pool-449-thread-1] INFO  server.RaftServerConfigKeys (ConfUtils.java:logGet(43)) - raft.server.snapshot.retention.file.num = 5 (custom)
2019-10-04 12:46:35,682 [pool-449-thread-1] INFO  server.RaftServerConfigKeys (ConfUtils.java:logGet(43)) - raft.server.retrycache.expirytime = 600000ms (custom)
2019-10-04 12:46:35,683 [pool-449-thread-1] INFO  impl.RaftServerImpl (RaftServerImpl.java:start(181)) - d731f014-2bef-4e1e-a18d-30643aa8b715@group-E31791B73328: start as a follower, conf=-1: [d731f014-2bef-4e1e-a18d-30643aa8b715:192.168.5.134:37655], old=null
2019-10-04 12:46:35,683 [pool-449-thread-1] INFO  impl.RaftServerImpl (RaftServerImpl.java:setRole(170)) - d731f014-2bef-4e1e-a18d-30643aa8b715@group-E31791B73328: changes role from      null to FOLLOWER at term 0 for startAsFollower
2019-10-04 12:46:35,683 [pool-449-thread-1] INFO  impl.RoleInfo (RoleInfo.java:updateAndGet(143)) - d731f014-2bef-4e1e-a18d-30643aa8b715: start FollowerState
2019-10-04 12:46:35,683 [pool-449-thread-1] INFO  util.JmxRegister (JmxRegister.java:tryRegister(44)) - Successfully registered JMX Bean with object name Ratis:service=RaftServer,group=group-E31791B73328,id=d731f014-2bef-4e1e-a18d-30643aa8b715
2019-10-04 12:46:35,686 [RatisPipelineUtilsThread] INFO  pipeline.PipelineStateManager (PipelineStateManager.java:addPipeline(56)) - Created pipeline Pipeline[ Id: 8da271b4-86ed-48a8-8090-e31791b73328, Nodes: d731f014-2bef-4e1e-a18d-30643aa8b715{ip: 192.168.5.134, host: pr-hdds-2222-6c7sc-20480173, networkLocation: /default-rack, certSerialId: null}, Type:RATIS, Factor:ONE, State:OPEN]
2019-10-04 12:46:35,696 [IPC Server handler 1 on 45170] INFO  net.NetworkTopology (NetworkTopologyImpl.java:add(111)) - Added a new node: /default-rack/276b89fc-23b6-409b-a3b1-ba154122fca0
2019-10-04 12:46:35,696 [IPC Server handler 1 on 45170] INFO  node.SCMNodeManager (SCMNodeManager.java:register(266)) - Registered Data node : 276b89fc-23b6-409b-a3b1-ba154122fca0{ip: 192.168.5.134, host: pr-hdds-2222-6c7sc-20480173, networkLocation: /default-rack, certSerialId: null}
2019-10-04 12:46:35,703 [grpc-default-executor-6] INFO  impl.RaftServerProxy (RaftServerProxy.java:addNew(89)) - 276b89fc-23b6-409b-a3b1-ba154122fca0: addNew group-24126896D766:[276b89fc-23b6-409b-a3b1-ba154122fca0:192.168.5.134:44523] returns group-24126896D766:java.util.concurrent.CompletableFuture@6b104a80[Not completed]
2019-10-04 12:46:35,704 [pool-459-thread-1] INFO  impl.RaftServerImpl (RaftServerImpl.java:<init>(95)) - 276b89fc-23b6-409b-a3b1-ba154122fca0: new RaftServerImpl for group-24126896D766:[276b89fc-23b6-409b-a3b1-ba154122fca0:192.168.5.134:44523] with ContainerStateMachine:uninitialized
2019-10-04 12:46:35,704 [pool-459-thread-1] INFO  server.RaftServerConfigKeys (ConfUtils.java:logGet(43)) - raft.server.rpc.timeout.min = 5s (custom)
2019-10-04 12:46:35,704 [pool-459-thread-1] INFO  server.RaftServerConfigKeys (ConfUtils.java:logGet(43)) - raft.server.rpc.timeout.max = 5200ms (custom)
2019-10-04 12:46:35,704 [pool-459-thread-1] INFO  server.RaftServerConfigKeys (ConfUtils.java:logGet(43)) - raft.server.rpcslowness.timeout = 120s (custom)
2019-10-04 12:46:35,704 [pool-459-thread-1] INFO  server.RaftServerConfigKeys (ConfUtils.java:logGet(43)) - raft.server.sleep.deviation.threshold = 300 (default)
2019-10-04 12:46:35,704 [pool-459-thread-1] INFO  server.RaftServerConfigKeys (ConfUtils.java:logGet(43)) - raft.server.log.appender.install.snapshot.enabled = false (custom)
2019-10-04 12:46:35,705 [pool-459-thread-1] INFO  impl.RaftServerImpl (ServerState.java:<init>(103)) - 276b89fc-23b6-409b-a3b1-ba154122fca0@group-24126896D766: ConfigurationManager, init=-1: [276b89fc-23b6-409b-a3b1-ba154122fca0:192.168.5.134:44523], old=null, confs=<EMPTY_MAP>
2019-10-04 12:46:35,705 [pool-459-thread-1] INFO  server.RaftServerConfigKeys (ConfUtils.java:logGet(43)) - raft.server.storage.dir = [/workdir/hadoop-ozone/integration-test/target/test-dir/MiniOzoneClusterImpl-e6427d35-fe54-4862-a5ad-7f18edbdadb0/datanode-5/data/ratis] (custom)
2019-10-04 12:46:35,705 [pool-459-thread-1] INFO  server.RaftServerConfigKeys (ConfUtils.java:logGet(43)) - raft.server.log.corruption.policy = EXCEPTION (default)
2019-10-04 12:46:35,705 [pool-459-thread-1] INFO  storage.RaftStorageDirectory (RaftStorageDirectory.java:analyzeStorage(246)) - The storage directory /workdir/hadoop-ozone/integration-test/target/test-dir/MiniOzoneClusterImpl-e6427d35-fe54-4862-a5ad-7f18edbdadb0/datanode-5/data/ratis/802b8560-dca5-4e0e-ac07-24126896d766 does not exist. Creating ...
2019-10-04 12:46:35,720 [pool-459-thread-1] INFO  storage.RaftStorageDirectory (RaftStorageDirectory.java:tryLock(328)) - Lock on /workdir/hadoop-ozone/integration-test/target/test-dir/MiniOzoneClusterImpl-e6427d35-fe54-4862-a5ad-7f18edbdadb0/datanode-5/data/ratis/802b8560-dca5-4e0e-ac07-24126896d766/in_use.lock acquired by nodename 29076@pr-hdds-2222-6c7sc-20480173
2019-10-04 12:46:35,733 [pool-459-thread-1] INFO  storage.RaftStorage (RaftStorage.java:format(84)) - Storage directory /workdir/hadoop-ozone/integration-test/target/test-dir/MiniOzoneClusterImpl-e6427d35-fe54-4862-a5ad-7f18edbdadb0/datanode-5/data/ratis/802b8560-dca5-4e0e-ac07-24126896d766 has been successfully formatted.
2019-10-04 12:46:35,733 [pool-459-thread-1] INFO  ratis.ContainerStateMachine (ContainerStateMachine.java:loadSnapshot(230)) - group-24126896D766: The snapshot info is null. Setting the last applied indexto:(t:0, i:~)
2019-10-04 12:46:35,733 [pool-459-thread-1] INFO  server.RaftServerConfigKeys (ConfUtils.java:logGet(43)) - raft.server.notification.no-leader.timeout = 120s (custom)
2019-10-04 12:46:35,734 [pool-459-thread-1] INFO  server.RaftServerConfigKeys (ConfUtils.java:logGet(43)) - raft.server.log.use.memory = false (default)
2019-10-04 12:46:35,734 [pool-459-thread-1] INFO  server.RaftServerConfigKeys (ConfUtils.java:logGet(43)) - raft.server.log.purge.gap = 1000000 (custom)
2019-10-04 12:46:35,734 [pool-459-thread-1] INFO  server.RaftServerConfigKeys (ConfUtils.java:logGet(43)) - raft.server.log.appender.buffer.byte-limit = 33554432 (custom)
2019-10-04 12:46:35,734 [pool-459-thread-1] INFO  server.RaftServerConfigKeys (ConfUtils.java:logGet(43)) - raft.server.log.segment.size.max = 1048576 (custom)
2019-10-04 12:46:35,736 [pool-459-thread-1] INFO  server.RaftServerConfigKeys (ConfUtils.java:logGet(43)) - raft.server.log.segment.cache.num.max = 2 (custom)
2019-10-04 12:46:35,736 [pool-459-thread-1] INFO  segmented.SegmentedRaftLogWorker (SegmentedRaftLogWorker.java:<init>(173)) - new 276b89fc-23b6-409b-a3b1-ba154122fca0@group-24126896D766-SegmentedRaftLogWorker for RaftStorage:Storage Directory /workdir/hadoop-ozone/integration-test/target/test-dir/MiniOzoneClusterImpl-e6427d35-fe54-4862-a5ad-7f18edbdadb0/datanode-5/data/ratis/802b8560-dca5-4e0e-ac07-24126896d766
2019-10-04 12:46:35,736 [pool-459-thread-1] INFO  server.RaftServerConfigKeys (ConfUtils.java:logGet(43)) - raft.server.log.queue.byte-limit = 2147483647 (custom)
2019-10-04 12:46:35,736 [pool-459-thread-1] INFO  server.RaftServerConfigKeys (ConfUtils.java:logGet(43)) - raft.server.log.queue.element-limit = 1024 (custom)
2019-10-04 12:46:35,736 [pool-459-thread-1] INFO  server.RaftServerConfigKeys (ConfUtils.java:logGet(43)) - raft.server.log.segment.size.max = 1048576 (custom)
2019-10-04 12:46:35,736 [pool-459-thread-1] INFO  server.RaftServerConfigKeys (ConfUtils.java:logGet(43)) - raft.server.log.preallocated.size = 16384 (custom)
2019-10-04 12:46:35,737 [pool-459-thread-1] INFO  server.RaftServerConfigKeys (ConfUtils.java:logGet(43)) - raft.server.log.write.buffer.size = 33554432 (custom)
2019-10-04 12:46:35,737 [pool-459-thread-1] INFO  server.RaftServerConfigKeys (ConfUtils.java:logGet(43)) - raft.server.log.force.sync.num = 128 (default)
2019-10-04 12:46:35,737 [pool-459-thread-1] INFO  server.RaftServerConfigKeys (ConfUtils.java:logGet(43)) - raft.server.log.statemachine.data.sync = true (default)
2019-10-04 12:46:35,737 [pool-459-thread-1] INFO  server.RaftServerConfigKeys (ConfUtils.java:logGet(43)) - raft.server.log.statemachine.data.sync.timeout = 10s (default)
2019-10-04 12:46:35,737 [pool-459-thread-1] INFO  server.RaftServerConfigKeys (ConfUtils.java:logGet(43)) - raft.server.log.statemachine.data.sync.timeout.retry = -1 (default)
2019-10-04 12:46:35,737 [pool-459-thread-1] INFO  server.RaftServerConfigKeys (ConfUtils.java:logGet(43)) - raft.server.log.statemachine.data.caching.enabled = true (custom)
2019-10-04 12:46:35,738 [pool-459-thread-1] INFO  segmented.SegmentedRaftLogWorker (SegmentedRaftLogWorker.java:lambda$new$0(128)) - 276b89fc-23b6-409b-a3b1-ba154122fca0@group-24126896D766-SegmentedRaftLogWorker: flushIndex: setUnconditionally 0 -> -1
2019-10-04 12:46:35,738 [pool-459-thread-1] INFO  server.RaftServerConfigKeys (ConfUtils.java:logGet(43)) - raft.server.snapshot.auto.trigger.enabled = true (custom)
2019-10-04 12:46:35,738 [pool-459-thread-1] INFO  server.RaftServerConfigKeys (ConfUtils.java:logGet(43)) - raft.server.snapshot.auto.trigger.threshold = 10000 (custom)
2019-10-04 12:46:35,738 [pool-459-thread-1] INFO  server.RaftServerConfigKeys (ConfUtils.java:logGet(43)) - raft.server.snapshot.retention.file.num = 5 (custom)
2019-10-04 12:46:35,738 [pool-459-thread-1] INFO  server.RaftServerConfigKeys (ConfUtils.java:logGet(43)) - raft.server.retrycache.expirytime = 600000ms (custom)
2019-10-04 12:46:35,739 [pool-459-thread-1] INFO  impl.RaftServerImpl (RaftServerImpl.java:start(181)) - 276b89fc-23b6-409b-a3b1-ba154122fca0@group-24126896D766: start as a follower, conf=-1: [276b89fc-23b6-409b-a3b1-ba154122fca0:192.168.5.134:44523], old=null
2019-10-04 12:46:35,740 [pool-459-thread-1] INFO  impl.RaftServerImpl (RaftServerImpl.java:setRole(170)) - 276b89fc-23b6-409b-a3b1-ba154122fca0@group-24126896D766: changes role from      null to FOLLOWER at term 0 for startAsFollower
2019-10-04 12:46:35,740 [pool-459-thread-1] INFO  impl.RoleInfo (RoleInfo.java:updateAndGet(143)) - 276b89fc-23b6-409b-a3b1-ba154122fca0: start FollowerState
2019-10-04 12:46:35,740 [pool-459-thread-1] INFO  util.JmxRegister (JmxRegister.java:tryRegister(44)) - Successfully registered JMX Bean with object name Ratis:service=RaftServer,group=group-24126896D766,id=276b89fc-23b6-409b-a3b1-ba154122fca0
2019-10-04 12:46:35,744 [RatisPipelineUtilsThread] INFO  pipeline.PipelineStateManager (PipelineStateManager.java:addPipeline(56)) - Created pipeline Pipeline[ Id: 802b8560-dca5-4e0e-ac07-24126896d766, Nodes: 276b89fc-23b6-409b-a3b1-ba154122fca0{ip: 192.168.5.134, host: pr-hdds-2222-6c7sc-20480173, networkLocation: /default-rack, certSerialId: null}, Type:RATIS, Factor:ONE, State:OPEN]
2019-10-04 12:46:35,755 [main] INFO  ozone.MiniOzoneClusterImpl (MiniOzoneClusterImpl.java:lambda$waitForClusterToBeReady$0(147)) - Waiting for cluster to be ready. Got 6 of 7 DN Heartbeats.
2019-10-04 12:46:35,759 [IPC Server handler 6 on 45170] INFO  net.NetworkTopology (NetworkTopologyImpl.java:add(111)) - Added a new node: /default-rack/67b39e84-3a29-4441-a7df-7ac04642db96
2019-10-04 12:46:35,760 [IPC Server handler 6 on 45170] INFO  node.SCMNodeManager (SCMNodeManager.java:register(266)) - Registered Data node : 67b39e84-3a29-4441-a7df-7ac04642db96{ip: 192.168.5.134, host: pr-hdds-2222-6c7sc-20480173, networkLocation: /default-rack, certSerialId: null}
2019-10-04 12:46:35,770 [grpc-default-executor-8] INFO  impl.RaftServerProxy (RaftServerProxy.java:addNew(89)) - d731f014-2bef-4e1e-a18d-30643aa8b715: addNew group-97210D9777EE:[87787cdc-5075-4d48-b9ce-7f12b50f7552:192.168.5.134:36326, 276b89fc-23b6-409b-a3b1-ba154122fca0:192.168.5.134:44523, d731f014-2bef-4e1e-a18d-30643aa8b715:192.168.5.134:37655] returns group-97210D9777EE:java.util.concurrent.CompletableFuture@64a3c53a[Not completed]
2019-10-04 12:46:35,775 [grpc-default-executor-7] INFO  impl.RaftServerProxy (RaftServerProxy.java:addNew(89)) - 87787cdc-5075-4d48-b9ce-7f12b50f7552: addNew group-97210D9777EE:[87787cdc-5075-4d48-b9ce-7f12b50f7552:192.168.5.134:36326, 276b89fc-23b6-409b-a3b1-ba154122fca0:192.168.5.134:44523, d731f014-2bef-4e1e-a18d-30643aa8b715:192.168.5.134:37655] returns group-97210D9777EE:java.util.concurrent.CompletableFuture@5f8b761b[Not completed]
2019-10-04 12:46:35,775 [grpc-default-executor-8] INFO  impl.RaftServerProxy (RaftServerProxy.java:addNew(89)) - 276b89fc-23b6-409b-a3b1-ba154122fca0: addNew group-97210D9777EE:[87787cdc-5075-4d48-b9ce-7f12b50f7552:192.168.5.134:36326, 276b89fc-23b6-409b-a3b1-ba154122fca0:192.168.5.134:44523, d731f014-2bef-4e1e-a18d-30643aa8b715:192.168.5.134:37655] returns group-97210D9777EE:java.util.concurrent.CompletableFuture@76e85210[Not completed]
2019-10-04 12:46:35,775 [pool-449-thread-1] INFO  impl.RaftServerImpl (RaftServerImpl.java:<init>(95)) - d731f014-2bef-4e1e-a18d-30643aa8b715: new RaftServerImpl for group-97210D9777EE:[87787cdc-5075-4d48-b9ce-7f12b50f7552:192.168.5.134:36326, 276b89fc-23b6-409b-a3b1-ba154122fca0:192.168.5.134:44523, d731f014-2bef-4e1e-a18d-30643aa8b715:192.168.5.134:37655] with ContainerStateMachine:uninitialized
2019-10-04 12:46:35,776 [pool-449-thread-1] INFO  server.RaftServerConfigKeys (ConfUtils.java:logGet(43)) - raft.server.rpc.timeout.min = 5s (custom)
2019-10-04 12:46:35,776 [pool-449-thread-1] INFO  server.RaftServerConfigKeys (ConfUtils.java:logGet(43)) - raft.server.rpc.timeout.max = 5200ms (custom)
2019-10-04 12:46:35,776 [pool-449-thread-1] INFO  server.RaftServerConfigKeys (ConfUtils.java:logGet(43)) - raft.server.rpcslowness.timeout = 120s (custom)
2019-10-04 12:46:35,776 [pool-449-thread-1] INFO  server.RaftServerConfigKeys (ConfUtils.java:logGet(43)) - raft.server.sleep.deviation.threshold = 300 (default)
2019-10-04 12:46:35,776 [pool-449-thread-1] INFO  server.RaftServerConfigKeys (ConfUtils.java:logGet(43)) - raft.server.log.appender.install.snapshot.enabled = false (custom)
2019-10-04 12:46:35,776 [pool-439-thread-1] INFO  impl.RaftServerImpl (RaftServerImpl.java:<init>(95)) - 87787cdc-5075-4d48-b9ce-7f12b50f7552: new RaftServerImpl for group-97210D9777EE:[87787cdc-5075-4d48-b9ce-7f12b50f7552:192.168.5.134:36326, 276b89fc-23b6-409b-a3b1-ba154122fca0:192.168.5.134:44523, d731f014-2bef-4e1e-a18d-30643aa8b715:192.168.5.134:37655] with ContainerStateMachine:uninitialized
2019-10-04 12:46:35,776 [pool-449-thread-1] INFO  impl.RaftServerImpl (ServerState.java:<init>(103)) - d731f014-2bef-4e1e-a18d-30643aa8b715@group-97210D9777EE: ConfigurationManager, init=-1: [87787cdc-5075-4d48-b9ce-7f12b50f7552:192.168.5.134:36326, 276b89fc-23b6-409b-a3b1-ba154122fca0:192.168.5.134:44523, d731f014-2bef-4e1e-a18d-30643aa8b715:192.168.5.134:37655], old=null, confs=<EMPTY_MAP>
2019-10-04 12:46:35,776 [pool-439-thread-1] INFO  server.RaftServerConfigKeys (ConfUtils.java:logGet(43)) - raft.server.rpc.timeout.min = 5s (custom)
2019-10-04 12:46:35,776 [pool-449-thread-1] INFO  server.RaftServerConfigKeys (ConfUtils.java:logGet(43)) - raft.server.storage.dir = [/workdir/hadoop-ozone/integration-test/target/test-dir/MiniOzoneClusterImpl-e6427d35-fe54-4862-a5ad-7f18edbdadb0/datanode-4/data/ratis] (custom)
2019-10-04 12:46:35,776 [pool-459-thread-1] INFO  impl.RaftServerImpl (RaftServerImpl.java:<init>(95)) - 276b89fc-23b6-409b-a3b1-ba154122fca0: new RaftServerImpl for group-97210D9777EE:[87787cdc-5075-4d48-b9ce-7f12b50f7552:192.168.5.134:36326, 276b89fc-23b6-409b-a3b1-ba154122fca0:192.168.5.134:44523, d731f014-2bef-4e1e-a18d-30643aa8b715:192.168.5.134:37655] with ContainerStateMachine:uninitialized
2019-10-04 12:46:35,776 [pool-439-thread-1] INFO  server.RaftServerConfigKeys (ConfUtils.java:logGet(43)) - raft.server.rpc.timeout.max = 5200ms (custom)
2019-10-04 12:46:35,776 [pool-459-thread-1] INFO  server.RaftServerConfigKeys (ConfUtils.java:logGet(43)) - raft.server.rpc.timeout.min = 5s (custom)
2019-10-04 12:46:35,776 [pool-449-thread-1] INFO  server.RaftServerConfigKeys (ConfUtils.java:logGet(43)) - raft.server.log.corruption.policy = EXCEPTION (default)
2019-10-04 12:46:35,777 [pool-459-thread-1] INFO  server.RaftServerConfigKeys (ConfUtils.java:logGet(43)) - raft.server.rpc.timeout.max = 5200ms (custom)
2019-10-04 12:46:35,777 [pool-459-thread-1] INFO  server.RaftServerConfigKeys (ConfUtils.java:logGet(43)) - raft.server.rpcslowness.timeout = 120s (custom)
2019-10-04 12:46:35,777 [pool-439-thread-1] INFO  server.RaftServerConfigKeys (ConfUtils.java:logGet(43)) - raft.server.rpcslowness.timeout = 120s (custom)
2019-10-04 12:46:35,777 [pool-459-thread-1] INFO  server.RaftServerConfigKeys (ConfUtils.java:logGet(43)) - raft.server.sleep.deviation.threshold = 300 (default)
2019-10-04 12:46:35,777 [pool-449-thread-1] INFO  storage.RaftStorageDirectory (RaftStorageDirectory.java:analyzeStorage(246)) - The storage directory /workdir/hadoop-ozone/integration-test/target/test-dir/MiniOzoneClusterImpl-e6427d35-fe54-4862-a5ad-7f18edbdadb0/datanode-4/data/ratis/7b863d42-e559-45ec-b3a2-97210d9777ee does not exist. Creating ...
2019-10-04 12:46:35,777 [pool-459-thread-1] INFO  server.RaftServerConfigKeys (ConfUtils.java:logGet(43)) - raft.server.log.appender.install.snapshot.enabled = false (custom)
2019-10-04 12:46:35,777 [pool-439-thread-1] INFO  server.RaftServerConfigKeys (ConfUtils.java:logGet(43)) - raft.server.sleep.deviation.threshold = 300 (default)
2019-10-04 12:46:35,777 [pool-459-thread-1] INFO  impl.RaftServerImpl (ServerState.java:<init>(103)) - 276b89fc-23b6-409b-a3b1-ba154122fca0@group-97210D9777EE: ConfigurationManager, init=-1: [87787cdc-5075-4d48-b9ce-7f12b50f7552:192.168.5.134:36326, 276b89fc-23b6-409b-a3b1-ba154122fca0:192.168.5.134:44523, d731f014-2bef-4e1e-a18d-30643aa8b715:192.168.5.134:37655], old=null, confs=<EMPTY_MAP>
2019-10-04 12:46:35,777 [pool-439-thread-1] INFO  server.RaftServerConfigKeys (ConfUtils.java:logGet(43)) - raft.server.log.appender.install.snapshot.enabled = false (custom)
2019-10-04 12:46:35,777 [pool-459-thread-1] INFO  server.RaftServerConfigKeys (ConfUtils.java:logGet(43)) - raft.server.storage.dir = [/workdir/hadoop-ozone/integration-test/target/test-dir/MiniOzoneClusterImpl-e6427d35-fe54-4862-a5ad-7f18edbdadb0/datanode-5/data/ratis] (custom)
2019-10-04 12:46:35,778 [pool-439-thread-1] INFO  impl.RaftServerImpl (ServerState.java:<init>(103)) - 87787cdc-5075-4d48-b9ce-7f12b50f7552@group-97210D9777EE: ConfigurationManager, init=-1: [87787cdc-5075-4d48-b9ce-7f12b50f7552:192.168.5.134:36326, 276b89fc-23b6-409b-a3b1-ba154122fca0:192.168.5.134:44523, d731f014-2bef-4e1e-a18d-30643aa8b715:192.168.5.134:37655], old=null, confs=<EMPTY_MAP>
2019-10-04 12:46:35,778 [pool-459-thread-1] INFO  server.RaftServerConfigKeys (ConfUtils.java:logGet(43)) - raft.server.log.corruption.policy = EXCEPTION (default)
2019-10-04 12:46:35,778 [pool-439-thread-1] INFO  server.RaftServerConfigKeys (ConfUtils.java:logGet(43)) - raft.server.storage.dir = [/workdir/hadoop-ozone/integration-test/target/test-dir/MiniOzoneClusterImpl-e6427d35-fe54-4862-a5ad-7f18edbdadb0/datanode-3/data/ratis] (custom)
2019-10-04 12:46:35,778 [pool-459-thread-1] INFO  storage.RaftStorageDirectory (RaftStorageDirectory.java:analyzeStorage(246)) - The storage directory /workdir/hadoop-ozone/integration-test/target/test-dir/MiniOzoneClusterImpl-e6427d35-fe54-4862-a5ad-7f18edbdadb0/datanode-5/data/ratis/7b863d42-e559-45ec-b3a2-97210d9777ee does not exist. Creating ...
2019-10-04 12:46:35,778 [pool-439-thread-1] INFO  server.RaftServerConfigKeys (ConfUtils.java:logGet(43)) - raft.server.log.corruption.policy = EXCEPTION (default)
2019-10-04 12:46:35,778 [pool-439-thread-1] INFO  storage.RaftStorageDirectory (RaftStorageDirectory.java:analyzeStorage(246)) - The storage directory /workdir/hadoop-ozone/integration-test/target/test-dir/MiniOzoneClusterImpl-e6427d35-fe54-4862-a5ad-7f18edbdadb0/datanode-3/data/ratis/7b863d42-e559-45ec-b3a2-97210d9777ee does not exist. Creating ...
2019-10-04 12:46:35,791 [pool-449-thread-1] INFO  storage.RaftStorageDirectory (RaftStorageDirectory.java:tryLock(328)) - Lock on /workdir/hadoop-ozone/integration-test/target/test-dir/MiniOzoneClusterImpl-e6427d35-fe54-4862-a5ad-7f18edbdadb0/datanode-4/data/ratis/7b863d42-e559-45ec-b3a2-97210d9777ee/in_use.lock acquired by nodename 29076@pr-hdds-2222-6c7sc-20480173
2019-10-04 12:46:35,791 [pool-459-thread-1] INFO  storage.RaftStorageDirectory (RaftStorageDirectory.java:tryLock(328)) - Lock on /workdir/hadoop-ozone/integration-test/target/test-dir/MiniOzoneClusterImpl-e6427d35-fe54-4862-a5ad-7f18edbdadb0/datanode-5/data/ratis/7b863d42-e559-45ec-b3a2-97210d9777ee/in_use.lock acquired by nodename 29076@pr-hdds-2222-6c7sc-20480173
2019-10-04 12:46:35,791 [pool-439-thread-1] INFO  storage.RaftStorageDirectory (RaftStorageDirectory.java:tryLock(328)) - Lock on /workdir/hadoop-ozone/integration-test/target/test-dir/MiniOzoneClusterImpl-e6427d35-fe54-4862-a5ad-7f18edbdadb0/datanode-3/data/ratis/7b863d42-e559-45ec-b3a2-97210d9777ee/in_use.lock acquired by nodename 29076@pr-hdds-2222-6c7sc-20480173
2019-10-04 12:46:35,817 [pool-449-thread-1] INFO  storage.RaftStorage (RaftStorage.java:format(84)) - Storage directory /workdir/hadoop-ozone/integration-test/target/test-dir/MiniOzoneClusterImpl-e6427d35-fe54-4862-a5ad-7f18edbdadb0/datanode-4/data/ratis/7b863d42-e559-45ec-b3a2-97210d9777ee has been successfully formatted.
2019-10-04 12:46:35,817 [pool-439-thread-1] INFO  storage.RaftStorage (RaftStorage.java:format(84)) - Storage directory /workdir/hadoop-ozone/integration-test/target/test-dir/MiniOzoneClusterImpl-e6427d35-fe54-4862-a5ad-7f18edbdadb0/datanode-3/data/ratis/7b863d42-e559-45ec-b3a2-97210d9777ee has been successfully formatted.
2019-10-04 12:46:35,817 [pool-459-thread-1] INFO  storage.RaftStorage (RaftStorage.java:format(84)) - Storage directory /workdir/hadoop-ozone/integration-test/target/test-dir/MiniOzoneClusterImpl-e6427d35-fe54-4862-a5ad-7f18edbdadb0/datanode-5/data/ratis/7b863d42-e559-45ec-b3a2-97210d9777ee has been successfully formatted.
2019-10-04 12:46:35,817 [pool-439-thread-1] INFO  ratis.ContainerStateMachine (ContainerStateMachine.java:loadSnapshot(230)) - group-97210D9777EE: The snapshot info is null. Setting the last applied indexto:(t:0, i:~)
2019-10-04 12:46:35,817 [pool-459-thread-1] INFO  ratis.ContainerStateMachine (ContainerStateMachine.java:loadSnapshot(230)) - group-97210D9777EE: The snapshot info is null. Setting the last applied indexto:(t:0, i:~)
2019-10-04 12:46:35,817 [pool-449-thread-1] INFO  ratis.ContainerStateMachine (ContainerStateMachine.java:loadSnapshot(230)) - group-97210D9777EE: The snapshot info is null. Setting the last applied indexto:(t:0, i:~)
2019-10-04 12:46:35,818 [pool-459-thread-1] INFO  server.RaftServerConfigKeys (ConfUtils.java:logGet(43)) - raft.server.notification.no-leader.timeout = 120s (custom)
2019-10-04 12:46:35,818 [pool-459-thread-1] INFO  server.RaftServerConfigKeys (ConfUtils.java:logGet(43)) - raft.server.log.use.memory = false (default)
2019-10-04 12:46:35,818 [pool-439-thread-1] INFO  server.RaftServerConfigKeys (ConfUtils.java:logGet(43)) - raft.server.notification.no-leader.timeout = 120s (custom)
2019-10-04 12:46:35,818 [pool-459-thread-1] INFO  server.RaftServerConfigKeys (ConfUtils.java:logGet(43)) - raft.server.log.purge.gap = 1000000 (custom)
2019-10-04 12:46:35,818 [pool-449-thread-1] INFO  server.RaftServerConfigKeys (ConfUtils.java:logGet(43)) - raft.server.notification.no-leader.timeout = 120s (custom)
2019-10-04 12:46:35,818 [pool-459-thread-1] INFO  server.RaftServerConfigKeys (ConfUtils.java:logGet(43)) - raft.server.log.appender.buffer.byte-limit = 33554432 (custom)
2019-10-04 12:46:35,818 [pool-439-thread-1] INFO  server.RaftServerConfigKeys (ConfUtils.java:logGet(43)) - raft.server.log.use.memory = false (default)
2019-10-04 12:46:35,819 [pool-459-thread-1] INFO  server.RaftServerConfigKeys (ConfUtils.java:logGet(43)) - raft.server.log.segment.size.max = 1048576 (custom)
2019-10-04 12:46:35,819 [pool-449-thread-1] INFO  server.RaftServerConfigKeys (ConfUtils.java:logGet(43)) - raft.server.log.use.memory = false (default)
2019-10-04 12:46:35,819 [pool-459-thread-1] INFO  server.RaftServerConfigKeys (ConfUtils.java:logGet(43)) - raft.server.log.segment.cache.num.max = 2 (custom)
2019-10-04 12:46:35,819 [pool-439-thread-1] INFO  server.RaftServerConfigKeys (ConfUtils.java:logGet(43)) - raft.server.log.purge.gap = 1000000 (custom)
2019-10-04 12:46:35,819 [pool-459-thread-1] INFO  segmented.SegmentedRaftLogWorker (SegmentedRaftLogWorker.java:<init>(173)) - new 276b89fc-23b6-409b-a3b1-ba154122fca0@group-97210D9777EE-SegmentedRaftLogWorker for RaftStorage:Storage Directory /workdir/hadoop-ozone/integration-test/target/test-dir/MiniOzoneClusterImpl-e6427d35-fe54-4862-a5ad-7f18edbdadb0/datanode-5/data/ratis/7b863d42-e559-45ec-b3a2-97210d9777ee
2019-10-04 12:46:35,819 [pool-449-thread-1] INFO  server.RaftServerConfigKeys (ConfUtils.java:logGet(43)) - raft.server.log.purge.gap = 1000000 (custom)
2019-10-04 12:46:35,820 [pool-459-thread-1] INFO  server.RaftServerConfigKeys (ConfUtils.java:logGet(43)) - raft.server.log.queue.byte-limit = 2147483647 (custom)
2019-10-04 12:46:35,820 [pool-459-thread-1] INFO  server.RaftServerConfigKeys (ConfUtils.java:logGet(43)) - raft.server.log.queue.element-limit = 1024 (custom)
2019-10-04 12:46:35,819 [pool-439-thread-1] INFO  server.RaftServerConfigKeys (ConfUtils.java:logGet(43)) - raft.server.log.appender.buffer.byte-limit = 33554432 (custom)
2019-10-04 12:46:35,820 [pool-459-thread-1] INFO  server.RaftServerConfigKeys (ConfUtils.java:logGet(43)) - raft.server.log.segment.size.max = 1048576 (custom)
2019-10-04 12:46:35,820 [pool-459-thread-1] INFO  server.RaftServerConfigKeys (ConfUtils.java:logGet(43)) - raft.server.log.preallocated.size = 16384 (custom)
2019-10-04 12:46:35,820 [pool-449-thread-1] INFO  server.RaftServerConfigKeys (ConfUtils.java:logGet(43)) - raft.server.log.appender.buffer.byte-limit = 33554432 (custom)
2019-10-04 12:46:35,820 [pool-459-thread-1] INFO  server.RaftServerConfigKeys (ConfUtils.java:logGet(43)) - raft.server.log.write.buffer.size = 33554432 (custom)
2019-10-04 12:46:35,821 [pool-459-thread-1] INFO  server.RaftServerConfigKeys (ConfUtils.java:logGet(43)) - raft.server.log.force.sync.num = 128 (default)
2019-10-04 12:46:35,820 [pool-439-thread-1] INFO  server.RaftServerConfigKeys (ConfUtils.java:logGet(43)) - raft.server.log.segment.size.max = 1048576 (custom)
2019-10-04 12:46:35,821 [pool-459-thread-1] INFO  server.RaftServerConfigKeys (ConfUtils.java:logGet(43)) - raft.server.log.statemachine.data.sync = true (default)
2019-10-04 12:46:35,821 [pool-459-thread-1] INFO  server.RaftServerConfigKeys (ConfUtils.java:logGet(43)) - raft.server.log.statemachine.data.sync.timeout = 10s (default)
2019-10-04 12:46:35,820 [pool-449-thread-1] INFO  server.RaftServerConfigKeys (ConfUtils.java:logGet(43)) - raft.server.log.segment.size.max = 1048576 (custom)
2019-10-04 12:46:35,821 [pool-459-thread-1] INFO  server.RaftServerConfigKeys (ConfUtils.java:logGet(43)) - raft.server.log.statemachine.data.sync.timeout.retry = -1 (default)
2019-10-04 12:46:35,821 [pool-439-thread-1] INFO  server.RaftServerConfigKeys (ConfUtils.java:logGet(43)) - raft.server.log.segment.cache.num.max = 2 (custom)
2019-10-04 12:46:35,822 [pool-459-thread-1] INFO  server.RaftServerConfigKeys (ConfUtils.java:logGet(43)) - raft.server.log.statemachine.data.caching.enabled = true (custom)
2019-10-04 12:46:35,821 [pool-449-thread-1] INFO  server.RaftServerConfigKeys (ConfUtils.java:logGet(43)) - raft.server.log.segment.cache.num.max = 2 (custom)
2019-10-04 12:46:35,822 [pool-439-thread-1] INFO  segmented.SegmentedRaftLogWorker (SegmentedRaftLogWorker.java:<init>(173)) - new 87787cdc-5075-4d48-b9ce-7f12b50f7552@group-97210D9777EE-SegmentedRaftLogWorker for RaftStorage:Storage Directory /workdir/hadoop-ozone/integration-test/target/test-dir/MiniOzoneClusterImpl-e6427d35-fe54-4862-a5ad-7f18edbdadb0/datanode-3/data/ratis/7b863d42-e559-45ec-b3a2-97210d9777ee
2019-10-04 12:46:35,822 [pool-449-thread-1] INFO  segmented.SegmentedRaftLogWorker (SegmentedRaftLogWorker.java:<init>(173)) - new d731f014-2bef-4e1e-a18d-30643aa8b715@group-97210D9777EE-SegmentedRaftLogWorker for RaftStorage:Storage Directory /workdir/hadoop-ozone/integration-test/target/test-dir/MiniOzoneClusterImpl-e6427d35-fe54-4862-a5ad-7f18edbdadb0/datanode-4/data/ratis/7b863d42-e559-45ec-b3a2-97210d9777ee
2019-10-04 12:46:35,822 [pool-459-thread-1] INFO  segmented.SegmentedRaftLogWorker (SegmentedRaftLogWorker.java:lambda$new$0(128)) - 276b89fc-23b6-409b-a3b1-ba154122fca0@group-97210D9777EE-SegmentedRaftLogWorker: flushIndex: setUnconditionally 0 -> -1
2019-10-04 12:46:35,822 [pool-439-thread-1] INFO  server.RaftServerConfigKeys (ConfUtils.java:logGet(43)) - raft.server.log.queue.byte-limit = 2147483647 (custom)
2019-10-04 12:46:35,822 [pool-439-thread-1] INFO  server.RaftServerConfigKeys (ConfUtils.java:logGet(43)) - raft.server.log.queue.element-limit = 1024 (custom)
2019-10-04 12:46:35,822 [pool-449-thread-1] INFO  server.RaftServerConfigKeys (ConfUtils.java:logGet(43)) - raft.server.log.queue.byte-limit = 2147483647 (custom)
2019-10-04 12:46:35,822 [pool-439-thread-1] INFO  server.RaftServerConfigKeys (ConfUtils.java:logGet(43)) - raft.server.log.segment.size.max = 1048576 (custom)
2019-10-04 12:46:35,822 [pool-459-thread-1] INFO  server.RaftServerConfigKeys (ConfUtils.java:logGet(43)) - raft.server.snapshot.auto.trigger.enabled = true (custom)
2019-10-04 12:46:35,823 [pool-439-thread-1] INFO  server.RaftServerConfigKeys (ConfUtils.java:logGet(43)) - raft.server.log.preallocated.size = 16384 (custom)
2019-10-04 12:46:35,823 [pool-449-thread-1] INFO  server.RaftServerConfigKeys (ConfUtils.java:logGet(43)) - raft.server.log.queue.element-limit = 1024 (custom)
2019-10-04 12:46:35,823 [pool-439-thread-1] INFO  server.RaftServerConfigKeys (ConfUtils.java:logGet(43)) - raft.server.log.write.buffer.size = 33554432 (custom)
2019-10-04 12:46:35,823 [pool-459-thread-1] INFO  server.RaftServerConfigKeys (ConfUtils.java:logGet(43)) - raft.server.snapshot.auto.trigger.threshold = 10000 (custom)
2019-10-04 12:46:35,823 [pool-439-thread-1] INFO  server.RaftServerConfigKeys (ConfUtils.java:logGet(43)) - raft.server.log.force.sync.num = 128 (default)
2019-10-04 12:46:35,823 [pool-439-thread-1] INFO  server.RaftServerConfigKeys (ConfUtils.java:logGet(43)) - raft.server.log.statemachine.data.sync = true (default)
2019-10-04 12:46:35,823 [pool-449-thread-1] INFO  server.RaftServerConfigKeys (ConfUtils.java:logGet(43)) - raft.server.log.segment.size.max = 1048576 (custom)
2019-10-04 12:46:35,823 [pool-439-thread-1] INFO  server.RaftServerConfigKeys (ConfUtils.java:logGet(43)) - raft.server.log.statemachine.data.sync.timeout = 10s (default)
2019-10-04 12:46:35,823 [pool-459-thread-1] INFO  server.RaftServerConfigKeys (ConfUtils.java:logGet(43)) - raft.server.snapshot.retention.file.num = 5 (custom)
2019-10-04 12:46:35,824 [pool-439-thread-1] INFO  server.RaftServerConfigKeys (ConfUtils.java:logGet(43)) - raft.server.log.statemachine.data.sync.timeout.retry = -1 (default)
2019-10-04 12:46:35,824 [pool-449-thread-1] INFO  server.RaftServerConfigKeys (ConfUtils.java:logGet(43)) - raft.server.log.preallocated.size = 16384 (custom)
2019-10-04 12:46:35,824 [pool-439-thread-1] INFO  server.RaftServerConfigKeys (ConfUtils.java:logGet(43)) - raft.server.log.statemachine.data.caching.enabled = true (custom)
2019-10-04 12:46:35,824 [pool-459-thread-1] INFO  server.RaftServerConfigKeys (ConfUtils.java:logGet(43)) - raft.server.retrycache.expirytime = 600000ms (custom)
2019-10-04 12:46:35,824 [pool-439-thread-1] INFO  segmented.SegmentedRaftLogWorker (SegmentedRaftLogWorker.java:lambda$new$0(128)) - 87787cdc-5075-4d48-b9ce-7f12b50f7552@group-97210D9777EE-SegmentedRaftLogWorker: flushIndex: setUnconditionally 0 -> -1
2019-10-04 12:46:35,824 [pool-449-thread-1] INFO  server.RaftServerConfigKeys (ConfUtils.java:logGet(43)) - raft.server.log.write.buffer.size = 33554432 (custom)
2019-10-04 12:46:35,824 [pool-449-thread-1] INFO  server.RaftServerConfigKeys (ConfUtils.java:logGet(43)) - raft.server.log.force.sync.num = 128 (default)
2019-10-04 12:46:35,824 [pool-439-thread-1] INFO  server.RaftServerConfigKeys (ConfUtils.java:logGet(43)) - raft.server.snapshot.auto.trigger.enabled = true (custom)
2019-10-04 12:46:35,824 [pool-449-thread-1] INFO  server.RaftServerConfigKeys (ConfUtils.java:logGet(43)) - raft.server.log.statemachine.data.sync = true (default)
2019-10-04 12:46:35,825 [pool-439-thread-1] INFO  server.RaftServerConfigKeys (ConfUtils.java:logGet(43)) - raft.server.snapshot.auto.trigger.threshold = 10000 (custom)
2019-10-04 12:46:35,825 [pool-449-thread-1] INFO  server.RaftServerConfigKeys (ConfUtils.java:logGet(43)) - raft.server.log.statemachine.data.sync.timeout = 10s (default)
2019-10-04 12:46:35,825 [pool-439-thread-1] INFO  server.RaftServerConfigKeys (ConfUtils.java:logGet(43)) - raft.server.snapshot.retention.file.num = 5 (custom)
2019-10-04 12:46:35,825 [pool-449-thread-1] INFO  server.RaftServerConfigKeys (ConfUtils.java:logGet(43)) - raft.server.log.statemachine.data.sync.timeout.retry = -1 (default)
2019-10-04 12:46:35,825 [pool-439-thread-1] INFO  server.RaftServerConfigKeys (ConfUtils.java:logGet(43)) - raft.server.retrycache.expirytime = 600000ms (custom)
2019-10-04 12:46:35,825 [pool-449-thread-1] INFO  server.RaftServerConfigKeys (ConfUtils.java:logGet(43)) - raft.server.log.statemachine.data.caching.enabled = true (custom)
2019-10-04 12:46:35,825 [pool-449-thread-1] INFO  segmented.SegmentedRaftLogWorker (SegmentedRaftLogWorker.java:lambda$new$0(128)) - d731f014-2bef-4e1e-a18d-30643aa8b715@group-97210D9777EE-SegmentedRaftLogWorker: flushIndex: setUnconditionally 0 -> -1
2019-10-04 12:46:35,825 [pool-449-thread-1] INFO  server.RaftServerConfigKeys (ConfUtils.java:logGet(43)) - raft.server.snapshot.auto.trigger.enabled = true (custom)
2019-10-04 12:46:35,826 [pool-449-thread-1] INFO  server.RaftServerConfigKeys (ConfUtils.java:logGet(43)) - raft.server.snapshot.auto.trigger.threshold = 10000 (custom)
2019-10-04 12:46:35,826 [pool-449-thread-1] INFO  server.RaftServerConfigKeys (ConfUtils.java:logGet(43)) - raft.server.snapshot.retention.file.num = 5 (custom)
2019-10-04 12:46:35,826 [pool-449-thread-1] INFO  server.RaftServerConfigKeys (ConfUtils.java:logGet(43)) - raft.server.retrycache.expirytime = 600000ms (custom)
2019-10-04 12:46:35,827 [pool-459-thread-1] INFO  impl.RaftServerImpl (RaftServerImpl.java:start(181)) - 276b89fc-23b6-409b-a3b1-ba154122fca0@group-97210D9777EE: start as a follower, conf=-1: [87787cdc-5075-4d48-b9ce-7f12b50f7552:192.168.5.134:36326, 276b89fc-23b6-409b-a3b1-ba154122fca0:192.168.5.134:44523, d731f014-2bef-4e1e-a18d-30643aa8b715:192.168.5.134:37655], old=null
2019-10-04 12:46:35,827 [pool-459-thread-1] INFO  impl.RaftServerImpl (RaftServerImpl.java:setRole(170)) - 276b89fc-23b6-409b-a3b1-ba154122fca0@group-97210D9777EE: changes role from      null to FOLLOWER at term 0 for startAsFollower
2019-10-04 12:46:35,827 [pool-459-thread-1] INFO  impl.RoleInfo (RoleInfo.java:updateAndGet(143)) - 276b89fc-23b6-409b-a3b1-ba154122fca0: start FollowerState
2019-10-04 12:46:35,827 [pool-439-thread-1] INFO  impl.RaftServerImpl (RaftServerImpl.java:start(181)) - 87787cdc-5075-4d48-b9ce-7f12b50f7552@group-97210D9777EE: start as a follower, conf=-1: [87787cdc-5075-4d48-b9ce-7f12b50f7552:192.168.5.134:36326, 276b89fc-23b6-409b-a3b1-ba154122fca0:192.168.5.134:44523, d731f014-2bef-4e1e-a18d-30643aa8b715:192.168.5.134:37655], old=null
2019-10-04 12:46:35,827 [pool-439-thread-1] INFO  impl.RaftServerImpl (RaftServerImpl.java:setRole(170)) - 87787cdc-5075-4d48-b9ce-7f12b50f7552@group-97210D9777EE: changes role from      null to FOLLOWER at term 0 for startAsFollower
2019-10-04 12:46:35,827 [pool-449-thread-1] INFO  impl.RaftServerImpl (RaftServerImpl.java:start(181)) - d731f014-2bef-4e1e-a18d-30643aa8b715@group-97210D9777EE: start as a follower, conf=-1: [87787cdc-5075-4d48-b9ce-7f12b50f7552:192.168.5.134:36326, 276b89fc-23b6-409b-a3b1-ba154122fca0:192.168.5.134:44523, d731f014-2bef-4e1e-a18d-30643aa8b715:192.168.5.134:37655], old=null
2019-10-04 12:46:35,828 [pool-439-thread-1] INFO  impl.RoleInfo (RoleInfo.java:updateAndGet(143)) - 87787cdc-5075-4d48-b9ce-7f12b50f7552: start FollowerState
2019-10-04 12:46:35,828 [pool-459-thread-1] INFO  util.JmxRegister (JmxRegister.java:tryRegister(44)) - Successfully registered JMX Bean with object name Ratis:service=RaftServer,group=group-97210D9777EE,id=276b89fc-23b6-409b-a3b1-ba154122fca0
2019-10-04 12:46:35,828 [pool-449-thread-1] INFO  impl.RaftServerImpl (RaftServerImpl.java:setRole(170)) - d731f014-2bef-4e1e-a18d-30643aa8b715@group-97210D9777EE: changes role from      null to FOLLOWER at term 0 for startAsFollower
2019-10-04 12:46:35,828 [pool-439-thread-1] INFO  util.JmxRegister (JmxRegister.java:tryRegister(44)) - Successfully registered JMX Bean with object name Ratis:service=RaftServer,group=group-97210D9777EE,id=87787cdc-5075-4d48-b9ce-7f12b50f7552
2019-10-04 12:46:35,828 [pool-449-thread-1] INFO  impl.RoleInfo (RoleInfo.java:updateAndGet(143)) - d731f014-2bef-4e1e-a18d-30643aa8b715: start FollowerState
2019-10-04 12:46:35,828 [pool-449-thread-1] INFO  util.JmxRegister (JmxRegister.java:tryRegister(44)) - Successfully registered JMX Bean with object name Ratis:service=RaftServer,group=group-97210D9777EE,id=d731f014-2bef-4e1e-a18d-30643aa8b715
2019-10-04 12:46:35,834 [RatisPipelineUtilsThread] INFO  pipeline.PipelineStateManager (PipelineStateManager.java:addPipeline(56)) - Created pipeline Pipeline[ Id: 7b863d42-e559-45ec-b3a2-97210d9777ee, Nodes: d731f014-2bef-4e1e-a18d-30643aa8b715{ip: 192.168.5.134, host: pr-hdds-2222-6c7sc-20480173, networkLocation: /default-rack, certSerialId: null}87787cdc-5075-4d48-b9ce-7f12b50f7552{ip: 192.168.5.134, host: pr-hdds-2222-6c7sc-20480173, networkLocation: /default-rack, certSerialId: null}276b89fc-23b6-409b-a3b1-ba154122fca0{ip: 192.168.5.134, host: pr-hdds-2222-6c7sc-20480173, networkLocation: /default-rack, certSerialId: null}, Type:RATIS, Factor:THREE, State:OPEN]
2019-10-04 12:46:36,755 [main] INFO  ozone.MiniOzoneClusterImpl (MiniOzoneClusterImpl.java:lambda$waitForClusterToBeReady$0(147)) - Cluster is ready. Got 7 of 7 DN Heartbeats.
2019-10-04 12:46:36,797 [main] INFO  rpc.RpcClient (RpcClient.java:createVolume(277)) - Creating Volume: testblockoutputstream, with jenkins1000 as owner.
2019-10-04 12:46:36,801 [IPC Server handler 1 on 34708] INFO  volume.OMVolumeCreateRequest (OMVolumeCreateRequest.java:validateAndUpdateCache(193)) - created volume:testblockoutputstream for user:jenkins1000
2019-10-04 12:46:36,815 [main] INFO  rpc.RpcClient (RpcClient.java:createBucket(416)) - Creating Bucket: testblockoutputstream/testblockoutputstream, with Versioning false and Storage Type set to DISK and Encryption set to false 
2019-10-04 12:46:38,391 [Thread-3041] INFO  container.ReplicationManager (ReplicationManager.java:start(162)) - Starting Replication Monitor Thread.
2019-10-04 12:46:38,396 [ReplicationMonitor] INFO  container.ReplicationManager (ReplicationManager.java:run(225)) - Replication Monitor Thread took 0 milliseconds for processing 1 containers.
2019-10-04 12:46:40,499 [Thread-3043] INFO  impl.FollowerState (FollowerState.java:run(108)) - c902e921-ee31-4bfa-9489-45b373ce8637@group-92A53F8C77EC-FollowerState: change to CANDIDATE, lastRpcTime:5050ms, electionTimeout:5050ms
2019-10-04 12:46:40,500 [Thread-3043] INFO  impl.RoleInfo (RoleInfo.java:shutdownFollowerState(121)) - c902e921-ee31-4bfa-9489-45b373ce8637: shutdown FollowerState
2019-10-04 12:46:40,500 [Thread-3043] INFO  impl.RaftServerImpl (RaftServerImpl.java:setRole(170)) - c902e921-ee31-4bfa-9489-45b373ce8637@group-92A53F8C77EC: changes role from  FOLLOWER to CANDIDATE at term 0 for changeToCandidate
2019-10-04 12:46:40,500 [Thread-3043] INFO  impl.RoleInfo (RoleInfo.java:updateAndGet(143)) - c902e921-ee31-4bfa-9489-45b373ce8637: start LeaderElection
2019-10-04 12:46:40,526 [c902e921-ee31-4bfa-9489-45b373ce8637@group-92A53F8C77EC-LeaderElection61] INFO  impl.LeaderElection (LeaderElection.java:askForVotes(178)) - c902e921-ee31-4bfa-9489-45b373ce8637@group-92A53F8C77EC-LeaderElection61: begin an election at term 1 for -1: [c902e921-ee31-4bfa-9489-45b373ce8637:192.168.5.134:40244], old=null
2019-10-04 12:46:40,526 [c902e921-ee31-4bfa-9489-45b373ce8637@group-92A53F8C77EC-LeaderElection61] INFO  impl.RoleInfo (RoleInfo.java:shutdownLeaderElection(134)) - c902e921-ee31-4bfa-9489-45b373ce8637: shutdown LeaderElection
2019-10-04 12:46:40,526 [c902e921-ee31-4bfa-9489-45b373ce8637@group-92A53F8C77EC-LeaderElection61] INFO  impl.RaftServerImpl (RaftServerImpl.java:setRole(170)) - c902e921-ee31-4bfa-9489-45b373ce8637@group-92A53F8C77EC: changes role from CANDIDATE to LEADER at term 1 for changeToLeader
2019-10-04 12:46:40,526 [c902e921-ee31-4bfa-9489-45b373ce8637@group-92A53F8C77EC-LeaderElection61] INFO  impl.RaftServerImpl (ServerState.java:setLeader(255)) - c902e921-ee31-4bfa-9489-45b373ce8637@group-92A53F8C77EC: change Leader from null to c902e921-ee31-4bfa-9489-45b373ce8637 at term 1 for becomeLeader, leader elected after 5088ms
2019-10-04 12:46:40,527 [c902e921-ee31-4bfa-9489-45b373ce8637@group-92A53F8C77EC-LeaderElection61] INFO  server.RaftServerConfigKeys (ConfUtils.java:logGet(43)) - raft.server.staging.catchup.gap = 1000 (default)
2019-10-04 12:46:40,527 [c902e921-ee31-4bfa-9489-45b373ce8637@group-92A53F8C77EC-LeaderElection61] INFO  server.RaftServerConfigKeys (ConfUtils.java:logGet(43)) - raft.server.rpc.sleep.time = 25ms (default)
2019-10-04 12:46:40,527 [c902e921-ee31-4bfa-9489-45b373ce8637@group-92A53F8C77EC-LeaderElection61] INFO  server.RaftServerConfigKeys (ConfUtils.java:logGet(43)) - raft.server.write.element-limit = 4096 (default)
2019-10-04 12:46:40,528 [c902e921-ee31-4bfa-9489-45b373ce8637@group-92A53F8C77EC-LeaderElection61] INFO  server.RaftServerConfigKeys (ConfUtils.java:logGet(43)) - raft.server.watch.timeout = 10s (default)
2019-10-04 12:46:40,528 [c902e921-ee31-4bfa-9489-45b373ce8637@group-92A53F8C77EC-LeaderElection61] INFO  server.RaftServerConfigKeys (ConfUtils.java:logGet(43)) - raft.server.watch.timeout.denomination = 1s (default)
2019-10-04 12:46:40,528 [c902e921-ee31-4bfa-9489-45b373ce8637@group-92A53F8C77EC-LeaderElection61] INFO  server.RaftServerConfigKeys (ConfUtils.java:logGet(43)) - raft.server.watch.element-limit = 65536 (default)
2019-10-04 12:46:40,532 [c902e921-ee31-4bfa-9489-45b373ce8637@group-92A53F8C77EC-LeaderElection61] INFO  impl.RoleInfo (RoleInfo.java:updateAndGet(143)) - c902e921-ee31-4bfa-9489-45b373ce8637: start LeaderState
2019-10-04 12:46:40,532 [c902e921-ee31-4bfa-9489-45b373ce8637@group-92A53F8C77EC-LeaderElection61] INFO  segmented.SegmentedRaftLogWorker (SegmentedRaftLogWorker.java:startLogSegment(385)) - c902e921-ee31-4bfa-9489-45b373ce8637@group-92A53F8C77EC-SegmentedRaftLogWorker: Starting segment from index:0
2019-10-04 12:46:40,534 [c902e921-ee31-4bfa-9489-45b373ce8637@group-92A53F8C77EC-LeaderElection61] INFO  impl.RaftServerImpl (ServerState.java:setRaftConf(356)) - c902e921-ee31-4bfa-9489-45b373ce8637@group-92A53F8C77EC: set configuration 0: [c902e921-ee31-4bfa-9489-45b373ce8637:192.168.5.134:40244], old=null at 0
2019-10-04 12:46:40,560 [Thread-3049] INFO  impl.FollowerState (FollowerState.java:run(108)) - 77287545-6a29-40e7-8d42-d8683b781a8c@group-64A2EF08BEA3-FollowerState: change to CANDIDATE, lastRpcTime:5011ms, electionTimeout:5011ms
2019-10-04 12:46:40,560 [Thread-3049] INFO  impl.RoleInfo (RoleInfo.java:shutdownFollowerState(121)) - 77287545-6a29-40e7-8d42-d8683b781a8c: shutdown FollowerState
2019-10-04 12:46:40,560 [Thread-3049] INFO  impl.RaftServerImpl (RaftServerImpl.java:setRole(170)) - 77287545-6a29-40e7-8d42-d8683b781a8c@group-64A2EF08BEA3: changes role from  FOLLOWER to CANDIDATE at term 0 for changeToCandidate
2019-10-04 12:46:40,560 [Thread-3049] INFO  impl.RoleInfo (RoleInfo.java:updateAndGet(143)) - 77287545-6a29-40e7-8d42-d8683b781a8c: start LeaderElection
2019-10-04 12:46:40,582 [c902e921-ee31-4bfa-9489-45b373ce8637@group-92A53F8C77EC-SegmentedRaftLogWorker] INFO  segmented.SegmentedRaftLogWorker (SegmentedRaftLogWorker.java:execute(574)) - c902e921-ee31-4bfa-9489-45b373ce8637@group-92A53F8C77EC-SegmentedRaftLogWorker: created new log segment /workdir/hadoop-ozone/integration-test/target/test-dir/MiniOzoneClusterImpl-e6427d35-fe54-4862-a5ad-7f18edbdadb0/datanode-0/data/ratis/b1e4ba91-260f-4a1a-9d35-92a53f8c77ec/current/log_inprogress_0
2019-10-04 12:46:40,598 [77287545-6a29-40e7-8d42-d8683b781a8c@group-64A2EF08BEA3-LeaderElection62] INFO  impl.LeaderElection (LeaderElection.java:askForVotes(178)) - 77287545-6a29-40e7-8d42-d8683b781a8c@group-64A2EF08BEA3-LeaderElection62: begin an election at term 1 for -1: [77287545-6a29-40e7-8d42-d8683b781a8c:192.168.5.134:44457], old=null
2019-10-04 12:46:40,598 [77287545-6a29-40e7-8d42-d8683b781a8c@group-64A2EF08BEA3-LeaderElection62] INFO  impl.RoleInfo (RoleInfo.java:shutdownLeaderElection(134)) - 77287545-6a29-40e7-8d42-d8683b781a8c: shutdown LeaderElection
2019-10-04 12:46:40,598 [77287545-6a29-40e7-8d42-d8683b781a8c@group-64A2EF08BEA3-LeaderElection62] INFO  impl.RaftServerImpl (RaftServerImpl.java:setRole(170)) - 77287545-6a29-40e7-8d42-d8683b781a8c@group-64A2EF08BEA3: changes role from CANDIDATE to LEADER at term 1 for changeToLeader
2019-10-04 12:46:40,599 [77287545-6a29-40e7-8d42-d8683b781a8c@group-64A2EF08BEA3-LeaderElection62] INFO  impl.RaftServerImpl (ServerState.java:setLeader(255)) - 77287545-6a29-40e7-8d42-d8683b781a8c@group-64A2EF08BEA3: change Leader from null to 77287545-6a29-40e7-8d42-d8683b781a8c at term 1 for becomeLeader, leader elected after 5058ms
2019-10-04 12:46:40,599 [77287545-6a29-40e7-8d42-d8683b781a8c@group-64A2EF08BEA3-LeaderElection62] INFO  server.RaftServerConfigKeys (ConfUtils.java:logGet(43)) - raft.server.staging.catchup.gap = 1000 (default)
2019-10-04 12:46:40,599 [77287545-6a29-40e7-8d42-d8683b781a8c@group-64A2EF08BEA3-LeaderElection62] INFO  server.RaftServerConfigKeys (ConfUtils.java:logGet(43)) - raft.server.rpc.sleep.time = 25ms (default)
2019-10-04 12:46:40,599 [77287545-6a29-40e7-8d42-d8683b781a8c@group-64A2EF08BEA3-LeaderElection62] INFO  server.RaftServerConfigKeys (ConfUtils.java:logGet(43)) - raft.server.write.element-limit = 4096 (default)
2019-10-04 12:46:40,599 [77287545-6a29-40e7-8d42-d8683b781a8c@group-64A2EF08BEA3-LeaderElection62] INFO  server.RaftServerConfigKeys (ConfUtils.java:logGet(43)) - raft.server.watch.timeout = 10s (default)
2019-10-04 12:46:40,599 [77287545-6a29-40e7-8d42-d8683b781a8c@group-64A2EF08BEA3-LeaderElection62] INFO  server.RaftServerConfigKeys (ConfUtils.java:logGet(43)) - raft.server.watch.timeout.denomination = 1s (default)
2019-10-04 12:46:40,599 [77287545-6a29-40e7-8d42-d8683b781a8c@group-64A2EF08BEA3-LeaderElection62] INFO  server.RaftServerConfigKeys (ConfUtils.java:logGet(43)) - raft.server.watch.element-limit = 65536 (default)
2019-10-04 12:46:40,601 [77287545-6a29-40e7-8d42-d8683b781a8c@group-64A2EF08BEA3-LeaderElection62] INFO  impl.RoleInfo (RoleInfo.java:updateAndGet(143)) - 77287545-6a29-40e7-8d42-d8683b781a8c: start LeaderState
2019-10-04 12:46:40,601 [77287545-6a29-40e7-8d42-d8683b781a8c@group-64A2EF08BEA3-LeaderElection62] INFO  segmented.SegmentedRaftLogWorker (SegmentedRaftLogWorker.java:startLogSegment(385)) - 77287545-6a29-40e7-8d42-d8683b781a8c@group-64A2EF08BEA3-SegmentedRaftLogWorker: Starting segment from index:0
2019-10-04 12:46:40,602 [77287545-6a29-40e7-8d42-d8683b781a8c@group-64A2EF08BEA3-LeaderElection62] INFO  impl.RaftServerImpl (ServerState.java:setRaftConf(356)) - 77287545-6a29-40e7-8d42-d8683b781a8c@group-64A2EF08BEA3: set configuration 0: [77287545-6a29-40e7-8d42-d8683b781a8c:192.168.5.134:44457], old=null at 0
2019-10-04 12:46:40,636 [77287545-6a29-40e7-8d42-d8683b781a8c@group-64A2EF08BEA3-SegmentedRaftLogWorker] INFO  segmented.SegmentedRaftLogWorker (SegmentedRaftLogWorker.java:execute(574)) - 77287545-6a29-40e7-8d42-d8683b781a8c@group-64A2EF08BEA3-SegmentedRaftLogWorker: created new log segment /workdir/hadoop-ozone/integration-test/target/test-dir/MiniOzoneClusterImpl-e6427d35-fe54-4862-a5ad-7f18edbdadb0/datanode-2/data/ratis/176ef151-5d0b-45bb-9916-64a2ef08bea3/current/log_inprogress_0
2019-10-04 12:46:40,671 [Thread-3056] INFO  impl.FollowerState (FollowerState.java:run(108)) - e4713c51-7079-47fd-98a0-4779501aff22@group-8C0F0F709589-FollowerState: change to CANDIDATE, lastRpcTime:5051ms, electionTimeout:5051ms
2019-10-04 12:46:40,671 [Thread-3056] INFO  impl.RoleInfo (RoleInfo.java:shutdownFollowerState(121)) - e4713c51-7079-47fd-98a0-4779501aff22: shutdown FollowerState
2019-10-04 12:46:40,671 [Thread-3056] INFO  impl.RaftServerImpl (RaftServerImpl.java:setRole(170)) - e4713c51-7079-47fd-98a0-4779501aff22@group-8C0F0F709589: changes role from  FOLLOWER to CANDIDATE at term 0 for changeToCandidate
2019-10-04 12:46:40,671 [Thread-3056] INFO  impl.RoleInfo (RoleInfo.java:updateAndGet(143)) - e4713c51-7079-47fd-98a0-4779501aff22: start LeaderElection
2019-10-04 12:46:40,679 [Thread-3061] INFO  impl.FollowerState (FollowerState.java:run(108)) - 87787cdc-5075-4d48-b9ce-7f12b50f7552@group-49482B1C16A1-FollowerState: change to CANDIDATE, lastRpcTime:5026ms, electionTimeout:5026ms
2019-10-04 12:46:40,679 [Thread-3061] INFO  impl.RoleInfo (RoleInfo.java:shutdownFollowerState(121)) - 87787cdc-5075-4d48-b9ce-7f12b50f7552: shutdown FollowerState
2019-10-04 12:46:40,679 [Thread-3061] INFO  impl.RaftServerImpl (RaftServerImpl.java:setRole(170)) - 87787cdc-5075-4d48-b9ce-7f12b50f7552@group-49482B1C16A1: changes role from  FOLLOWER to CANDIDATE at term 0 for changeToCandidate
2019-10-04 12:46:40,679 [Thread-3061] INFO  impl.RoleInfo (RoleInfo.java:updateAndGet(143)) - 87787cdc-5075-4d48-b9ce-7f12b50f7552: start LeaderElection
2019-10-04 12:46:40,694 [87787cdc-5075-4d48-b9ce-7f12b50f7552@group-49482B1C16A1-LeaderElection64] INFO  impl.LeaderElection (LeaderElection.java:askForVotes(178)) - 87787cdc-5075-4d48-b9ce-7f12b50f7552@group-49482B1C16A1-LeaderElection64: begin an election at term 1 for -1: [87787cdc-5075-4d48-b9ce-7f12b50f7552:192.168.5.134:36326], old=null
2019-10-04 12:46:40,694 [e4713c51-7079-47fd-98a0-4779501aff22@group-8C0F0F709589-LeaderElection63] INFO  impl.LeaderElection (LeaderElection.java:askForVotes(178)) - e4713c51-7079-47fd-98a0-4779501aff22@group-8C0F0F709589-LeaderElection63: begin an election at term 1 for -1: [77287545-6a29-40e7-8d42-d8683b781a8c:192.168.5.134:44457, c902e921-ee31-4bfa-9489-45b373ce8637:192.168.5.134:40244, e4713c51-7079-47fd-98a0-4779501aff22:192.168.5.134:40292], old=null
2019-10-04 12:46:40,694 [87787cdc-5075-4d48-b9ce-7f12b50f7552@group-49482B1C16A1-LeaderElection64] INFO  impl.RoleInfo (RoleInfo.java:shutdownLeaderElection(134)) - 87787cdc-5075-4d48-b9ce-7f12b50f7552: shutdown LeaderElection
2019-10-04 12:46:40,694 [87787cdc-5075-4d48-b9ce-7f12b50f7552@group-49482B1C16A1-LeaderElection64] INFO  impl.RaftServerImpl (RaftServerImpl.java:setRole(170)) - 87787cdc-5075-4d48-b9ce-7f12b50f7552@group-49482B1C16A1: changes role from CANDIDATE to LEADER at term 1 for changeToLeader
2019-10-04 12:46:40,695 [87787cdc-5075-4d48-b9ce-7f12b50f7552@group-49482B1C16A1-LeaderElection64] INFO  impl.RaftServerImpl (ServerState.java:setLeader(255)) - 87787cdc-5075-4d48-b9ce-7f12b50f7552@group-49482B1C16A1: change Leader from null to 87787cdc-5075-4d48-b9ce-7f12b50f7552 at term 1 for becomeLeader, leader elected after 5048ms
2019-10-04 12:46:40,695 [87787cdc-5075-4d48-b9ce-7f12b50f7552@group-49482B1C16A1-LeaderElection64] INFO  server.RaftServerConfigKeys (ConfUtils.java:logGet(43)) - raft.server.staging.catchup.gap = 1000 (default)
2019-10-04 12:46:40,695 [87787cdc-5075-4d48-b9ce-7f12b50f7552@group-49482B1C16A1-LeaderElection64] INFO  server.RaftServerConfigKeys (ConfUtils.java:logGet(43)) - raft.server.rpc.sleep.time = 25ms (default)
2019-10-04 12:46:40,695 [87787cdc-5075-4d48-b9ce-7f12b50f7552@group-49482B1C16A1-LeaderElection64] INFO  server.RaftServerConfigKeys (ConfUtils.java:logGet(43)) - raft.server.write.element-limit = 4096 (default)
2019-10-04 12:46:40,695 [87787cdc-5075-4d48-b9ce-7f12b50f7552@group-49482B1C16A1-LeaderElection64] INFO  server.RaftServerConfigKeys (ConfUtils.java:logGet(43)) - raft.server.watch.timeout = 10s (default)
2019-10-04 12:46:40,695 [87787cdc-5075-4d48-b9ce-7f12b50f7552@group-49482B1C16A1-LeaderElection64] INFO  server.RaftServerConfigKeys (ConfUtils.java:logGet(43)) - raft.server.watch.timeout.denomination = 1s (default)
2019-10-04 12:46:40,696 [87787cdc-5075-4d48-b9ce-7f12b50f7552@group-49482B1C16A1-LeaderElection64] INFO  server.RaftServerConfigKeys (ConfUtils.java:logGet(43)) - raft.server.watch.element-limit = 65536 (default)
2019-10-04 12:46:40,697 [87787cdc-5075-4d48-b9ce-7f12b50f7552@group-49482B1C16A1-LeaderElection64] INFO  impl.RoleInfo (RoleInfo.java:updateAndGet(143)) - 87787cdc-5075-4d48-b9ce-7f12b50f7552: start LeaderState
2019-10-04 12:46:40,698 [87787cdc-5075-4d48-b9ce-7f12b50f7552@group-49482B1C16A1-LeaderElection64] INFO  segmented.SegmentedRaftLogWorker (SegmentedRaftLogWorker.java:startLogSegment(385)) - 87787cdc-5075-4d48-b9ce-7f12b50f7552@group-49482B1C16A1-SegmentedRaftLogWorker: Starting segment from index:0
2019-10-04 12:46:40,698 [87787cdc-5075-4d48-b9ce-7f12b50f7552@group-49482B1C16A1-LeaderElection64] INFO  impl.RaftServerImpl (ServerState.java:setRaftConf(356)) - 87787cdc-5075-4d48-b9ce-7f12b50f7552@group-49482B1C16A1: set configuration 0: [87787cdc-5075-4d48-b9ce-7f12b50f7552:192.168.5.134:36326], old=null at 0
2019-10-04 12:46:40,729 [Thread-3064] INFO  impl.FollowerState (FollowerState.java:run(108)) - d731f014-2bef-4e1e-a18d-30643aa8b715@group-E31791B73328-FollowerState: change to CANDIDATE, lastRpcTime:5046ms, electionTimeout:5041ms
2019-10-04 12:46:40,730 [Thread-3046] INFO  impl.FollowerState (FollowerState.java:run(108)) - e4713c51-7079-47fd-98a0-4779501aff22@group-0B500E57E5D8-FollowerState: change to CANDIDATE, lastRpcTime:5212ms, electionTimeout:5200ms
2019-10-04 12:46:40,730 [Thread-3064] INFO  impl.RoleInfo (RoleInfo.java:shutdownFollowerState(121)) - d731f014-2bef-4e1e-a18d-30643aa8b715: shutdown FollowerState
2019-10-04 12:46:40,730 [Thread-3046] INFO  impl.RoleInfo (RoleInfo.java:shutdownFollowerState(121)) - e4713c51-7079-47fd-98a0-4779501aff22: shutdown FollowerState
2019-10-04 12:46:40,730 [Thread-3064] INFO  impl.RaftServerImpl (RaftServerImpl.java:setRole(170)) - d731f014-2bef-4e1e-a18d-30643aa8b715@group-E31791B73328: changes role from  FOLLOWER to CANDIDATE at term 0 for changeToCandidate
2019-10-04 12:46:40,730 [Thread-3046] INFO  impl.RaftServerImpl (RaftServerImpl.java:setRole(170)) - e4713c51-7079-47fd-98a0-4779501aff22@group-0B500E57E5D8: changes role from  FOLLOWER to CANDIDATE at term 0 for changeToCandidate
2019-10-04 12:46:40,730 [Thread-3064] INFO  impl.RoleInfo (RoleInfo.java:updateAndGet(143)) - d731f014-2bef-4e1e-a18d-30643aa8b715: start LeaderElection
2019-10-04 12:46:40,730 [Thread-3046] INFO  impl.RoleInfo (RoleInfo.java:updateAndGet(143)) - e4713c51-7079-47fd-98a0-4779501aff22: start LeaderElection
2019-10-04 12:46:40,733 [87787cdc-5075-4d48-b9ce-7f12b50f7552@group-49482B1C16A1-SegmentedRaftLogWorker] INFO  segmented.SegmentedRaftLogWorker (SegmentedRaftLogWorker.java:execute(574)) - 87787cdc-5075-4d48-b9ce-7f12b50f7552@group-49482B1C16A1-SegmentedRaftLogWorker: created new log segment /workdir/hadoop-ozone/integration-test/target/test-dir/MiniOzoneClusterImpl-e6427d35-fe54-4862-a5ad-7f18edbdadb0/datanode-3/data/ratis/4f6b1d39-120b-4346-aa9c-49482b1c16a1/current/log_inprogress_0
2019-10-04 12:46:40,749 [grpc-default-executor-8] INFO  impl.RaftServerImpl (RaftServerImpl.java:setRole(170)) - c902e921-ee31-4bfa-9489-45b373ce8637@group-8C0F0F709589: changes role from  FOLLOWER to FOLLOWER at term 1 for recognizeCandidate:e4713c51-7079-47fd-98a0-4779501aff22
2019-10-04 12:46:40,749 [grpc-default-executor-7] INFO  impl.RaftServerImpl (RaftServerImpl.java:setRole(170)) - 77287545-6a29-40e7-8d42-d8683b781a8c@group-8C0F0F709589: changes role from  FOLLOWER to FOLLOWER at term 1 for recognizeCandidate:e4713c51-7079-47fd-98a0-4779501aff22
2019-10-04 12:46:40,749 [grpc-default-executor-8] INFO  impl.RoleInfo (RoleInfo.java:shutdownFollowerState(121)) - c902e921-ee31-4bfa-9489-45b373ce8637: shutdown FollowerState
2019-10-04 12:46:40,749 [grpc-default-executor-7] INFO  impl.RoleInfo (RoleInfo.java:shutdownFollowerState(121)) - 77287545-6a29-40e7-8d42-d8683b781a8c: shutdown FollowerState
2019-10-04 12:46:40,749 [grpc-default-executor-8] INFO  impl.RoleInfo (RoleInfo.java:updateAndGet(143)) - c902e921-ee31-4bfa-9489-45b373ce8637: start FollowerState
2019-10-04 12:46:40,749 [grpc-default-executor-7] INFO  impl.RoleInfo (RoleInfo.java:updateAndGet(143)) - 77287545-6a29-40e7-8d42-d8683b781a8c: start FollowerState
2019-10-04 12:46:40,749 [e4713c51-7079-47fd-98a0-4779501aff22@group-0B500E57E5D8-LeaderElection66] INFO  impl.LeaderElection (LeaderElection.java:askForVotes(178)) - e4713c51-7079-47fd-98a0-4779501aff22@group-0B500E57E5D8-LeaderElection66: begin an election at term 1 for -1: [e4713c51-7079-47fd-98a0-4779501aff22:192.168.5.134:40292], old=null
2019-10-04 12:46:40,749 [Thread-3057] INFO  impl.FollowerState (FollowerState.java:run(117)) - c902e921-ee31-4bfa-9489-45b373ce8637@group-8C0F0F709589-FollowerState was interrupted: java.lang.InterruptedException: sleep interrupted
2019-10-04 12:46:40,749 [Thread-3052] INFO  impl.FollowerState (FollowerState.java:run(117)) - 77287545-6a29-40e7-8d42-d8683b781a8c@group-8C0F0F709589-FollowerState was interrupted: java.lang.InterruptedException: sleep interrupted
2019-10-04 12:46:40,750 [e4713c51-7079-47fd-98a0-4779501aff22@group-0B500E57E5D8-LeaderElection66] INFO  impl.RoleInfo (RoleInfo.java:shutdownLeaderElection(134)) - e4713c51-7079-47fd-98a0-4779501aff22: shutdown LeaderElection
2019-10-04 12:46:40,754 [d731f014-2bef-4e1e-a18d-30643aa8b715@group-E31791B73328-LeaderElection65] INFO  impl.LeaderElection (LeaderElection.java:askForVotes(178)) - d731f014-2bef-4e1e-a18d-30643aa8b715@group-E31791B73328-LeaderElection65: begin an election at term 1 for -1: [d731f014-2bef-4e1e-a18d-30643aa8b715:192.168.5.134:37655], old=null
2019-10-04 12:46:40,754 [e4713c51-7079-47fd-98a0-4779501aff22@group-0B500E57E5D8-LeaderElection66] INFO  impl.RaftServerImpl (RaftServerImpl.java:setRole(170)) - e4713c51-7079-47fd-98a0-4779501aff22@group-0B500E57E5D8: changes role from CANDIDATE to LEADER at term 1 for changeToLeader
2019-10-04 12:46:40,754 [d731f014-2bef-4e1e-a18d-30643aa8b715@group-E31791B73328-LeaderElection65] INFO  impl.RoleInfo (RoleInfo.java:shutdownLeaderElection(134)) - d731f014-2bef-4e1e-a18d-30643aa8b715: shutdown LeaderElection
2019-10-04 12:46:40,754 [Thread-3067] INFO  impl.FollowerState (FollowerState.java:run(108)) - 276b89fc-23b6-409b-a3b1-ba154122fca0@group-24126896D766-FollowerState: change to CANDIDATE, lastRpcTime:5014ms, electionTimeout:5014ms
2019-10-04 12:46:40,754 [e4713c51-7079-47fd-98a0-4779501aff22@group-0B500E57E5D8-LeaderElection66] INFO  impl.RaftServerImpl (ServerState.java:setLeader(255)) - e4713c51-7079-47fd-98a0-4779501aff22@group-0B500E57E5D8: change Leader from null to e4713c51-7079-47fd-98a0-4779501aff22 at term 1 for becomeLeader, leader elected after 5242ms
2019-10-04 12:46:40,754 [Thread-3067] INFO  impl.RoleInfo (RoleInfo.java:shutdownFollowerState(121)) - 276b89fc-23b6-409b-a3b1-ba154122fca0: shutdown FollowerState
2019-10-04 12:46:40,754 [d731f014-2bef-4e1e-a18d-30643aa8b715@group-E31791B73328-LeaderElection65] INFO  impl.RaftServerImpl (RaftServerImpl.java:setRole(170)) - d731f014-2bef-4e1e-a18d-30643aa8b715@group-E31791B73328: changes role from CANDIDATE to LEADER at term 1 for changeToLeader
2019-10-04 12:46:40,754 [Thread-3067] INFO  impl.RaftServerImpl (RaftServerImpl.java:setRole(170)) - 276b89fc-23b6-409b-a3b1-ba154122fca0@group-24126896D766: changes role from  FOLLOWER to CANDIDATE at term 0 for changeToCandidate
2019-10-04 12:46:40,754 [e4713c51-7079-47fd-98a0-4779501aff22@group-0B500E57E5D8-LeaderElection66] INFO  server.RaftServerConfigKeys (ConfUtils.java:logGet(43)) - raft.server.staging.catchup.gap = 1000 (default)
2019-10-04 12:46:40,755 [Thread-3067] INFO  impl.RoleInfo (RoleInfo.java:updateAndGet(143)) - 276b89fc-23b6-409b-a3b1-ba154122fca0: start LeaderElection
2019-10-04 12:46:40,755 [d731f014-2bef-4e1e-a18d-30643aa8b715@group-E31791B73328-LeaderElection65] INFO  impl.RaftServerImpl (ServerState.java:setLeader(255)) - d731f014-2bef-4e1e-a18d-30643aa8b715@group-E31791B73328: change Leader from null to d731f014-2bef-4e1e-a18d-30643aa8b715 at term 1 for becomeLeader, leader elected after 5076ms
2019-10-04 12:46:40,755 [e4713c51-7079-47fd-98a0-4779501aff22@group-0B500E57E5D8-LeaderElection66] INFO  server.RaftServerConfigKeys (ConfUtils.java:logGet(43)) - raft.server.rpc.sleep.time = 25ms (default)
2019-10-04 12:46:40,755 [d731f014-2bef-4e1e-a18d-30643aa8b715@group-E31791B73328-LeaderElection65] INFO  server.RaftServerConfigKeys (ConfUtils.java:logGet(43)) - raft.server.staging.catchup.gap = 1000 (default)
2019-10-04 12:46:40,761 [e4713c51-7079-47fd-98a0-4779501aff22@group-0B500E57E5D8-LeaderElection66] INFO  server.RaftServerConfigKeys (ConfUtils.java:logGet(43)) - raft.server.write.element-limit = 4096 (default)
2019-10-04 12:46:40,761 [d731f014-2bef-4e1e-a18d-30643aa8b715@group-E31791B73328-LeaderElection65] INFO  server.RaftServerConfigKeys (ConfUtils.java:logGet(43)) - raft.server.rpc.sleep.time = 25ms (default)
2019-10-04 12:46:40,761 [e4713c51-7079-47fd-98a0-4779501aff22@group-0B500E57E5D8-LeaderElection66] INFO  server.RaftServerConfigKeys (ConfUtils.java:logGet(43)) - raft.server.watch.timeout = 10s (default)
2019-10-04 12:46:40,761 [d731f014-2bef-4e1e-a18d-30643aa8b715@group-E31791B73328-LeaderElection65] INFO  server.RaftServerConfigKeys (ConfUtils.java:logGet(43)) - raft.server.write.element-limit = 4096 (default)
2019-10-04 12:46:40,761 [e4713c51-7079-47fd-98a0-4779501aff22@group-0B500E57E5D8-LeaderElection66] INFO  server.RaftServerConfigKeys (ConfUtils.java:logGet(43)) - raft.server.watch.timeout.denomination = 1s (default)
2019-10-04 12:46:40,762 [d731f014-2bef-4e1e-a18d-30643aa8b715@group-E31791B73328-LeaderElection65] INFO  server.RaftServerConfigKeys (ConfUtils.java:logGet(43)) - raft.server.watch.timeout = 10s (default)
2019-10-04 12:46:40,762 [e4713c51-7079-47fd-98a0-4779501aff22@group-0B500E57E5D8-LeaderElection66] INFO  server.RaftServerConfigKeys (ConfUtils.java:logGet(43)) - raft.server.watch.element-limit = 65536 (default)
2019-10-04 12:46:40,762 [d731f014-2bef-4e1e-a18d-30643aa8b715@group-E31791B73328-LeaderElection65] INFO  server.RaftServerConfigKeys (ConfUtils.java:logGet(43)) - raft.server.watch.timeout.denomination = 1s (default)
2019-10-04 12:46:40,762 [d731f014-2bef-4e1e-a18d-30643aa8b715@group-E31791B73328-LeaderElection65] INFO  server.RaftServerConfigKeys (ConfUtils.java:logGet(43)) - raft.server.watch.element-limit = 65536 (default)
2019-10-04 12:46:40,764 [276b89fc-23b6-409b-a3b1-ba154122fca0@group-24126896D766-LeaderElection67] INFO  impl.LeaderElection (LeaderElection.java:askForVotes(178)) - 276b89fc-23b6-409b-a3b1-ba154122fca0@group-24126896D766-LeaderElection67: begin an election at term 1 for -1: [276b89fc-23b6-409b-a3b1-ba154122fca0:192.168.5.134:44523], old=null
2019-10-04 12:46:40,764 [276b89fc-23b6-409b-a3b1-ba154122fca0@group-24126896D766-LeaderElection67] INFO  impl.RoleInfo (RoleInfo.java:shutdownLeaderElection(134)) - 276b89fc-23b6-409b-a3b1-ba154122fca0: shutdown LeaderElection
2019-10-04 12:46:40,764 [276b89fc-23b6-409b-a3b1-ba154122fca0@group-24126896D766-LeaderElection67] INFO  impl.RaftServerImpl (RaftServerImpl.java:setRole(170)) - 276b89fc-23b6-409b-a3b1-ba154122fca0@group-24126896D766: changes role from CANDIDATE to LEADER at term 1 for changeToLeader
2019-10-04 12:46:40,764 [276b89fc-23b6-409b-a3b1-ba154122fca0@group-24126896D766-LeaderElection67] INFO  impl.RaftServerImpl (ServerState.java:setLeader(255)) - 276b89fc-23b6-409b-a3b1-ba154122fca0@group-24126896D766: change Leader from null to 276b89fc-23b6-409b-a3b1-ba154122fca0 at term 1 for becomeLeader, leader elected after 5030ms
2019-10-04 12:46:40,764 [276b89fc-23b6-409b-a3b1-ba154122fca0@group-24126896D766-LeaderElection67] INFO  server.RaftServerConfigKeys (ConfUtils.java:logGet(43)) - raft.server.staging.catchup.gap = 1000 (default)
2019-10-04 12:46:40,764 [276b89fc-23b6-409b-a3b1-ba154122fca0@group-24126896D766-LeaderElection67] INFO  server.RaftServerConfigKeys (ConfUtils.java:logGet(43)) - raft.server.rpc.sleep.time = 25ms (default)
2019-10-04 12:46:40,840 [276b89fc-23b6-409b-a3b1-ba154122fca0@group-24126896D766-LeaderElection67] INFO  server.RaftServerConfigKeys (ConfUtils.java:logGet(43)) - raft.server.write.element-limit = 4096 (default)
2019-10-04 12:46:40,840 [276b89fc-23b6-409b-a3b1-ba154122fca0@group-24126896D766-LeaderElection67] INFO  server.RaftServerConfigKeys (ConfUtils.java:logGet(43)) - raft.server.watch.timeout = 10s (default)
2019-10-04 12:46:40,840 [e4713c51-7079-47fd-98a0-4779501aff22@group-8C0F0F709589-LeaderElection63] INFO  impl.LeaderElection (LeaderElection.java:logAndReturn(56)) - e4713c51-7079-47fd-98a0-4779501aff22@group-8C0F0F709589-LeaderElection63: Election PASSED; received 1 response(s) [e4713c51-7079-47fd-98a0-4779501aff22<-c902e921-ee31-4bfa-9489-45b373ce8637#0:OK-t1] and 0 exception(s); e4713c51-7079-47fd-98a0-4779501aff22@group-8C0F0F709589:t1, leader=null, voted=e4713c51-7079-47fd-98a0-4779501aff22, raftlog=e4713c51-7079-47fd-98a0-4779501aff22@group-8C0F0F709589-SegmentedRaftLog:OPENED:c-1,f-1,i0, conf=-1: [77287545-6a29-40e7-8d42-d8683b781a8c:192.168.5.134:44457, c902e921-ee31-4bfa-9489-45b373ce8637:192.168.5.134:40244, e4713c51-7079-47fd-98a0-4779501aff22:192.168.5.134:40292], old=null
2019-10-04 12:46:40,841 [276b89fc-23b6-409b-a3b1-ba154122fca0@group-24126896D766-LeaderElection67] INFO  server.RaftServerConfigKeys (ConfUtils.java:logGet(43)) - raft.server.watch.timeout.denomination = 1s (default)
2019-10-04 12:46:40,841 [e4713c51-7079-47fd-98a0-4779501aff22@group-8C0F0F709589-LeaderElection63] INFO  impl.RoleInfo (RoleInfo.java:shutdownLeaderElection(134)) - e4713c51-7079-47fd-98a0-4779501aff22: shutdown LeaderElection
2019-10-04 12:46:40,841 [276b89fc-23b6-409b-a3b1-ba154122fca0@group-24126896D766-LeaderElection67] INFO  server.RaftServerConfigKeys (ConfUtils.java:logGet(43)) - raft.server.watch.element-limit = 65536 (default)
2019-10-04 12:46:40,847 [e4713c51-7079-47fd-98a0-4779501aff22@group-8C0F0F709589-LeaderElection63] INFO  impl.RaftServerImpl (RaftServerImpl.java:setRole(170)) - e4713c51-7079-47fd-98a0-4779501aff22@group-8C0F0F709589: changes role from CANDIDATE to LEADER at term 1 for changeToLeader
2019-10-04 12:46:40,847 [e4713c51-7079-47fd-98a0-4779501aff22@group-8C0F0F709589-LeaderElection63] INFO  impl.RaftServerImpl (ServerState.java:setLeader(255)) - e4713c51-7079-47fd-98a0-4779501aff22@group-8C0F0F709589: change Leader from null to e4713c51-7079-47fd-98a0-4779501aff22 at term 1 for becomeLeader, leader elected after 5264ms
2019-10-04 12:46:40,847 [e4713c51-7079-47fd-98a0-4779501aff22@group-0B500E57E5D8-LeaderElection66] INFO  impl.RoleInfo (RoleInfo.java:updateAndGet(143)) - e4713c51-7079-47fd-98a0-4779501aff22: start LeaderState
2019-10-04 12:46:40,847 [e4713c51-7079-47fd-98a0-4779501aff22@group-8C0F0F709589-LeaderElection63] INFO  server.RaftServerConfigKeys (ConfUtils.java:logGet(43)) - raft.server.staging.catchup.gap = 1000 (default)
2019-10-04 12:46:40,847 [e4713c51-7079-47fd-98a0-4779501aff22@group-8C0F0F709589-LeaderElection63] INFO  server.RaftServerConfigKeys (ConfUtils.java:logGet(43)) - raft.server.rpc.sleep.time = 25ms (default)
2019-10-04 12:46:40,847 [e4713c51-7079-47fd-98a0-4779501aff22@group-0B500E57E5D8-LeaderElection66] INFO  segmented.SegmentedRaftLogWorker (SegmentedRaftLogWorker.java:startLogSegment(385)) - e4713c51-7079-47fd-98a0-4779501aff22@group-0B500E57E5D8-SegmentedRaftLogWorker: Starting segment from index:0
2019-10-04 12:46:40,847 [e4713c51-7079-47fd-98a0-4779501aff22@group-8C0F0F709589-LeaderElection63] INFO  server.RaftServerConfigKeys (ConfUtils.java:logGet(43)) - raft.server.write.element-limit = 4096 (default)
2019-10-04 12:46:40,848 [e4713c51-7079-47fd-98a0-4779501aff22@group-8C0F0F709589-LeaderElection63] INFO  server.RaftServerConfigKeys (ConfUtils.java:logGet(43)) - raft.server.watch.timeout = 10s (default)
2019-10-04 12:46:40,848 [d731f014-2bef-4e1e-a18d-30643aa8b715@group-E31791B73328-LeaderElection65] INFO  impl.RoleInfo (RoleInfo.java:updateAndGet(143)) - d731f014-2bef-4e1e-a18d-30643aa8b715: start LeaderState
2019-10-04 12:46:40,848 [e4713c51-7079-47fd-98a0-4779501aff22@group-8C0F0F709589-LeaderElection63] INFO  server.RaftServerConfigKeys (ConfUtils.java:logGet(43)) - raft.server.watch.timeout.denomination = 1s (default)
2019-10-04 12:46:40,851 [d731f014-2bef-4e1e-a18d-30643aa8b715@group-E31791B73328-LeaderElection65] INFO  segmented.SegmentedRaftLogWorker (SegmentedRaftLogWorker.java:startLogSegment(385)) - d731f014-2bef-4e1e-a18d-30643aa8b715@group-E31791B73328-SegmentedRaftLogWorker: Starting segment from index:0
2019-10-04 12:46:40,848 [e4713c51-7079-47fd-98a0-4779501aff22@group-0B500E57E5D8-LeaderElection66] INFO  impl.RaftServerImpl (ServerState.java:setRaftConf(356)) - e4713c51-7079-47fd-98a0-4779501aff22@group-0B500E57E5D8: set configuration 0: [e4713c51-7079-47fd-98a0-4779501aff22:192.168.5.134:40292], old=null at 0
2019-10-04 12:46:40,851 [e4713c51-7079-47fd-98a0-4779501aff22@group-8C0F0F709589-LeaderElection63] INFO  server.RaftServerConfigKeys (ConfUtils.java:logGet(43)) - raft.server.watch.element-limit = 65536 (default)
2019-10-04 12:46:40,880 [d731f014-2bef-4e1e-a18d-30643aa8b715@group-E31791B73328-LeaderElection65] INFO  impl.RaftServerImpl (ServerState.java:setRaftConf(356)) - d731f014-2bef-4e1e-a18d-30643aa8b715@group-E31791B73328: set configuration 0: [d731f014-2bef-4e1e-a18d-30643aa8b715:192.168.5.134:37655], old=null at 0
2019-10-04 12:46:40,880 [276b89fc-23b6-409b-a3b1-ba154122fca0@group-24126896D766-LeaderElection67] INFO  impl.RoleInfo (RoleInfo.java:updateAndGet(143)) - 276b89fc-23b6-409b-a3b1-ba154122fca0: start LeaderState
2019-10-04 12:46:40,883 [276b89fc-23b6-409b-a3b1-ba154122fca0@group-24126896D766-LeaderElection67] INFO  segmented.SegmentedRaftLogWorker (SegmentedRaftLogWorker.java:startLogSegment(385)) - 276b89fc-23b6-409b-a3b1-ba154122fca0@group-24126896D766-SegmentedRaftLogWorker: Starting segment from index:0
2019-10-04 12:46:40,883 [276b89fc-23b6-409b-a3b1-ba154122fca0@group-24126896D766-LeaderElection67] INFO  impl.RaftServerImpl (ServerState.java:setRaftConf(356)) - 276b89fc-23b6-409b-a3b1-ba154122fca0@group-24126896D766: set configuration 0: [276b89fc-23b6-409b-a3b1-ba154122fca0:192.168.5.134:44523], old=null at 0
2019-10-04 12:46:40,916 [e4713c51-7079-47fd-98a0-4779501aff22@group-0B500E57E5D8-SegmentedRaftLogWorker] INFO  segmented.SegmentedRaftLogWorker (SegmentedRaftLogWorker.java:execute(574)) - e4713c51-7079-47fd-98a0-4779501aff22@group-0B500E57E5D8-SegmentedRaftLogWorker: created new log segment /workdir/hadoop-ozone/integration-test/target/test-dir/MiniOzoneClusterImpl-e6427d35-fe54-4862-a5ad-7f18edbdadb0/datanode-1/data/ratis/549236c2-41f8-4934-89ee-0b500e57e5d8/current/log_inprogress_0
2019-10-04 12:46:40,916 [Thread-3074] INFO  impl.FollowerState (FollowerState.java:run(108)) - d731f014-2bef-4e1e-a18d-30643aa8b715@group-97210D9777EE-FollowerState: change to CANDIDATE, lastRpcTime:5088ms, electionTimeout:5077ms
2019-10-04 12:46:40,917 [Thread-3074] INFO  impl.RoleInfo (RoleInfo.java:shutdownFollowerState(121)) - d731f014-2bef-4e1e-a18d-30643aa8b715: shutdown FollowerState
2019-10-04 12:46:40,917 [Thread-3074] INFO  impl.RaftServerImpl (RaftServerImpl.java:setRole(170)) - d731f014-2bef-4e1e-a18d-30643aa8b715@group-97210D9777EE: changes role from  FOLLOWER to CANDIDATE at term 0 for changeToCandidate
2019-10-04 12:46:40,917 [Thread-3074] INFO  impl.RoleInfo (RoleInfo.java:updateAndGet(143)) - d731f014-2bef-4e1e-a18d-30643aa8b715: start LeaderElection
2019-10-04 12:46:40,942 [d731f014-2bef-4e1e-a18d-30643aa8b715@group-E31791B73328-SegmentedRaftLogWorker] INFO  segmented.SegmentedRaftLogWorker (SegmentedRaftLogWorker.java:execute(574)) - d731f014-2bef-4e1e-a18d-30643aa8b715@group-E31791B73328-SegmentedRaftLogWorker: created new log segment /workdir/hadoop-ozone/integration-test/target/test-dir/MiniOzoneClusterImpl-e6427d35-fe54-4862-a5ad-7f18edbdadb0/datanode-4/data/ratis/8da271b4-86ed-48a8-8090-e31791b73328/current/log_inprogress_0
2019-10-04 12:46:40,943 [Thread-3073] INFO  impl.FollowerState (FollowerState.java:run(108)) - 87787cdc-5075-4d48-b9ce-7f12b50f7552@group-97210D9777EE-FollowerState: change to CANDIDATE, lastRpcTime:5115ms, electionTimeout:5097ms
2019-10-04 12:46:40,943 [Thread-3073] INFO  impl.RoleInfo (RoleInfo.java:shutdownFollowerState(121)) - 87787cdc-5075-4d48-b9ce-7f12b50f7552: shutdown FollowerState
2019-10-04 12:46:40,943 [Thread-3073] INFO  impl.RaftServerImpl (RaftServerImpl.java:setRole(170)) - 87787cdc-5075-4d48-b9ce-7f12b50f7552@group-97210D9777EE: changes role from  FOLLOWER to CANDIDATE at term 0 for changeToCandidate
2019-10-04 12:46:40,943 [Thread-3073] INFO  impl.RoleInfo (RoleInfo.java:updateAndGet(143)) - 87787cdc-5075-4d48-b9ce-7f12b50f7552: start LeaderElection
2019-10-04 12:46:40,943 [e4713c51-7079-47fd-98a0-4779501aff22@group-8C0F0F709589-LeaderElection63] INFO  server.RaftServerConfigKeys (ConfUtils.java:logGet(43)) - raft.server.log.appender.snapshot.chunk.size.max = 16MB (=16777216) (default)
2019-10-04 12:46:40,950 [e4713c51-7079-47fd-98a0-4779501aff22@group-8C0F0F709589-LeaderElection63] INFO  server.RaftServerConfigKeys (ConfUtils.java:logGet(43)) - raft.server.log.appender.buffer.byte-limit = 33554432 (custom)
2019-10-04 12:46:40,950 [e4713c51-7079-47fd-98a0-4779501aff22@group-8C0F0F709589-LeaderElection63] INFO  server.RaftServerConfigKeys (ConfUtils.java:logGet(43)) - raft.server.log.appender.buffer.element-limit = 1 (custom)
2019-10-04 12:46:40,950 [e4713c51-7079-47fd-98a0-4779501aff22@group-8C0F0F709589-LeaderElection63] INFO  grpc.GrpcConfigKeys$Server (ConfUtils.java:logGet(43)) - raft.grpc.server.leader.outstanding.appends.max = 128 (default)
2019-10-04 12:46:40,950 [e4713c51-7079-47fd-98a0-4779501aff22@group-8C0F0F709589-LeaderElection63] INFO  server.RaftServerConfigKeys (ConfUtils.java:logGet(43)) - raft.server.rpc.request.timeout = 3000ms (default)
2019-10-04 12:46:40,950 [e4713c51-7079-47fd-98a0-4779501aff22@group-8C0F0F709589-LeaderElection63] INFO  server.RaftServerConfigKeys (ConfUtils.java:logGet(43)) - raft.server.log.appender.install.snapshot.enabled = false (custom)
2019-10-04 12:46:40,951 [e4713c51-7079-47fd-98a0-4779501aff22@group-8C0F0F709589-LeaderElection63] INFO  server.RaftServerConfigKeys (ConfUtils.java:logGet(43)) - raft.server.log.appender.snapshot.chunk.size.max = 16MB (=16777216) (default)
2019-10-04 12:46:40,951 [e4713c51-7079-47fd-98a0-4779501aff22@group-8C0F0F709589-LeaderElection63] INFO  server.RaftServerConfigKeys (ConfUtils.java:logGet(43)) - raft.server.log.appender.buffer.byte-limit = 33554432 (custom)
2019-10-04 12:46:40,951 [e4713c51-7079-47fd-98a0-4779501aff22@group-8C0F0F709589-LeaderElection63] INFO  server.RaftServerConfigKeys (ConfUtils.java:logGet(43)) - raft.server.log.appender.buffer.element-limit = 1 (custom)
2019-10-04 12:46:40,951 [e4713c51-7079-47fd-98a0-4779501aff22@group-8C0F0F709589-LeaderElection63] INFO  grpc.GrpcConfigKeys$Server (ConfUtils.java:logGet(43)) - raft.grpc.server.leader.outstanding.appends.max = 128 (default)
2019-10-04 12:46:40,951 [e4713c51-7079-47fd-98a0-4779501aff22@group-8C0F0F709589-LeaderElection63] INFO  server.RaftServerConfigKeys (ConfUtils.java:logGet(43)) - raft.server.rpc.request.timeout = 3000ms (default)
2019-10-04 12:46:40,951 [e4713c51-7079-47fd-98a0-4779501aff22@group-8C0F0F709589-LeaderElection63] INFO  server.RaftServerConfigKeys (ConfUtils.java:logGet(43)) - raft.server.log.appender.install.snapshot.enabled = false (custom)
2019-10-04 12:46:40,951 [e4713c51-7079-47fd-98a0-4779501aff22@group-8C0F0F709589-LeaderElection63] INFO  impl.RoleInfo (RoleInfo.java:updateAndGet(143)) - e4713c51-7079-47fd-98a0-4779501aff22: start LeaderState
2019-10-04 12:46:40,952 [e4713c51-7079-47fd-98a0-4779501aff22@group-8C0F0F709589-LeaderElection63] INFO  segmented.SegmentedRaftLogWorker (SegmentedRaftLogWorker.java:startLogSegment(385)) - e4713c51-7079-47fd-98a0-4779501aff22@group-8C0F0F709589-SegmentedRaftLogWorker: Starting segment from index:0
2019-10-04 12:46:40,952 [e4713c51-7079-47fd-98a0-4779501aff22@group-8C0F0F709589-LeaderElection63] INFO  impl.RaftServerImpl (ServerState.java:setRaftConf(356)) - e4713c51-7079-47fd-98a0-4779501aff22@group-8C0F0F709589: set configuration 0: [77287545-6a29-40e7-8d42-d8683b781a8c:192.168.5.134:44457, c902e921-ee31-4bfa-9489-45b373ce8637:192.168.5.134:40244, e4713c51-7079-47fd-98a0-4779501aff22:192.168.5.134:40292], old=null at 0
2019-10-04 12:46:40,985 [Thread-3072] INFO  impl.FollowerState (FollowerState.java:run(108)) - 276b89fc-23b6-409b-a3b1-ba154122fca0@group-97210D9777EE-FollowerState: change to CANDIDATE, lastRpcTime:5157ms, electionTimeout:5137ms
2019-10-04 12:46:40,985 [Thread-3072] INFO  impl.RoleInfo (RoleInfo.java:shutdownFollowerState(121)) - 276b89fc-23b6-409b-a3b1-ba154122fca0: shutdown FollowerState
2019-10-04 12:46:40,985 [276b89fc-23b6-409b-a3b1-ba154122fca0@group-24126896D766-SegmentedRaftLogWorker] INFO  segmented.SegmentedRaftLogWorker (SegmentedRaftLogWorker.java:execute(574)) - 276b89fc-23b6-409b-a3b1-ba154122fca0@group-24126896D766-SegmentedRaftLogWorker: created new log segment /workdir/hadoop-ozone/integration-test/target/test-dir/MiniOzoneClusterImpl-e6427d35-fe54-4862-a5ad-7f18edbdadb0/datanode-5/data/ratis/802b8560-dca5-4e0e-ac07-24126896d766/current/log_inprogress_0
2019-10-04 12:46:40,985 [87787cdc-5075-4d48-b9ce-7f12b50f7552@group-97210D9777EE-LeaderElection69] INFO  impl.LeaderElection (LeaderElection.java:askForVotes(178)) - 87787cdc-5075-4d48-b9ce-7f12b50f7552@group-97210D9777EE-LeaderElection69: begin an election at term 1 for -1: [87787cdc-5075-4d48-b9ce-7f12b50f7552:192.168.5.134:36326, 276b89fc-23b6-409b-a3b1-ba154122fca0:192.168.5.134:44523, d731f014-2bef-4e1e-a18d-30643aa8b715:192.168.5.134:37655], old=null
2019-10-04 12:46:40,985 [d731f014-2bef-4e1e-a18d-30643aa8b715@group-97210D9777EE-LeaderElection68] INFO  impl.LeaderElection (LeaderElection.java:askForVotes(178)) - d731f014-2bef-4e1e-a18d-30643aa8b715@group-97210D9777EE-LeaderElection68: begin an election at term 1 for -1: [87787cdc-5075-4d48-b9ce-7f12b50f7552:192.168.5.134:36326, 276b89fc-23b6-409b-a3b1-ba154122fca0:192.168.5.134:44523, d731f014-2bef-4e1e-a18d-30643aa8b715:192.168.5.134:37655], old=null
2019-10-04 12:46:40,985 [Thread-3072] INFO  impl.RaftServerImpl (RaftServerImpl.java:setRole(170)) - 276b89fc-23b6-409b-a3b1-ba154122fca0@group-97210D9777EE: changes role from  FOLLOWER to CANDIDATE at term 0 for changeToCandidate
2019-10-04 12:46:40,986 [Thread-3072] INFO  impl.RoleInfo (RoleInfo.java:updateAndGet(143)) - 276b89fc-23b6-409b-a3b1-ba154122fca0: start LeaderElection
2019-10-04 12:46:40,993 [grpc-default-executor-7] INFO  impl.RaftServerImpl (ServerState.java:setLeader(255)) - c902e921-ee31-4bfa-9489-45b373ce8637@group-8C0F0F709589: change Leader from null to e4713c51-7079-47fd-98a0-4779501aff22 at term 1 for appendEntries, leader elected after 5408ms
2019-10-04 12:46:40,996 [grpc-default-executor-3] INFO  impl.RaftServerImpl (ServerState.java:setLeader(255)) - 77287545-6a29-40e7-8d42-d8683b781a8c@group-8C0F0F709589: change Leader from null to e4713c51-7079-47fd-98a0-4779501aff22 at term 1 for appendEntries, leader elected after 5408ms
2019-10-04 12:46:41,010 [e4713c51-7079-47fd-98a0-4779501aff22@group-8C0F0F709589-SegmentedRaftLogWorker] INFO  segmented.SegmentedRaftLogWorker (SegmentedRaftLogWorker.java:execute(574)) - e4713c51-7079-47fd-98a0-4779501aff22@group-8C0F0F709589-SegmentedRaftLogWorker: created new log segment /workdir/hadoop-ozone/integration-test/target/test-dir/MiniOzoneClusterImpl-e6427d35-fe54-4862-a5ad-7f18edbdadb0/datanode-1/data/ratis/9d65434c-c4c4-4cf1-9065-8c0f0f709589/current/log_inprogress_0
2019-10-04 12:46:41,011 [grpc-default-executor-8] INFO  impl.RaftServerImpl (ServerState.java:setRaftConf(356)) - 77287545-6a29-40e7-8d42-d8683b781a8c@group-8C0F0F709589: set configuration 0: [77287545-6a29-40e7-8d42-d8683b781a8c:192.168.5.134:44457, c902e921-ee31-4bfa-9489-45b373ce8637:192.168.5.134:40244, e4713c51-7079-47fd-98a0-4779501aff22:192.168.5.134:40292], old=null at 0
2019-10-04 12:46:41,013 [276b89fc-23b6-409b-a3b1-ba154122fca0@group-97210D9777EE-LeaderElection70] INFO  impl.LeaderElection (LeaderElection.java:askForVotes(178)) - 276b89fc-23b6-409b-a3b1-ba154122fca0@group-97210D9777EE-LeaderElection70: begin an election at term 1 for -1: [87787cdc-5075-4d48-b9ce-7f12b50f7552:192.168.5.134:36326, 276b89fc-23b6-409b-a3b1-ba154122fca0:192.168.5.134:44523, d731f014-2bef-4e1e-a18d-30643aa8b715:192.168.5.134:37655], old=null
2019-10-04 12:46:41,015 [grpc-default-executor-7] INFO  impl.RaftServerImpl (ServerState.java:setRaftConf(356)) - c902e921-ee31-4bfa-9489-45b373ce8637@group-8C0F0F709589: set configuration 0: [77287545-6a29-40e7-8d42-d8683b781a8c:192.168.5.134:44457, c902e921-ee31-4bfa-9489-45b373ce8637:192.168.5.134:40244, e4713c51-7079-47fd-98a0-4779501aff22:192.168.5.134:40292], old=null at 0
2019-10-04 12:46:41,015 [grpc-default-executor-8] INFO  segmented.SegmentedRaftLogWorker (SegmentedRaftLogWorker.java:startLogSegment(385)) - 77287545-6a29-40e7-8d42-d8683b781a8c@group-8C0F0F709589-SegmentedRaftLogWorker: Starting segment from index:0
2019-10-04 12:46:41,015 [grpc-default-executor-7] INFO  segmented.SegmentedRaftLogWorker (SegmentedRaftLogWorker.java:startLogSegment(385)) - c902e921-ee31-4bfa-9489-45b373ce8637@group-8C0F0F709589-SegmentedRaftLogWorker: Starting segment from index:0
2019-10-04 12:46:41,015 [d731f014-2bef-4e1e-a18d-30643aa8b715@group-97210D9777EE-LeaderElection68] INFO  impl.LeaderElection (LeaderElection.java:logAndReturn(56)) - d731f014-2bef-4e1e-a18d-30643aa8b715@group-97210D9777EE-LeaderElection68: Election REJECTED; received 2 response(s) [d731f014-2bef-4e1e-a18d-30643aa8b715<-87787cdc-5075-4d48-b9ce-7f12b50f7552#0:FAIL-t1, d731f014-2bef-4e1e-a18d-30643aa8b715<-276b89fc-23b6-409b-a3b1-ba154122fca0#0:FAIL-t1] and 0 exception(s); d731f014-2bef-4e1e-a18d-30643aa8b715@group-97210D9777EE:t1, leader=null, voted=d731f014-2bef-4e1e-a18d-30643aa8b715, raftlog=d731f014-2bef-4e1e-a18d-30643aa8b715@group-97210D9777EE-SegmentedRaftLog:OPENED:c-1,f-1,i0, conf=-1: [87787cdc-5075-4d48-b9ce-7f12b50f7552:192.168.5.134:36326, 276b89fc-23b6-409b-a3b1-ba154122fca0:192.168.5.134:44523, d731f014-2bef-4e1e-a18d-30643aa8b715:192.168.5.134:37655], old=null
2019-10-04 12:46:41,016 [d731f014-2bef-4e1e-a18d-30643aa8b715@group-97210D9777EE-LeaderElection68] INFO  impl.RaftServerImpl (RaftServerImpl.java:setRole(170)) - d731f014-2bef-4e1e-a18d-30643aa8b715@group-97210D9777EE: changes role from CANDIDATE to FOLLOWER at term 1 for DISCOVERED_A_NEW_TERM
2019-10-04 12:46:41,016 [87787cdc-5075-4d48-b9ce-7f12b50f7552@group-97210D9777EE-LeaderElection69] INFO  impl.LeaderElection (LeaderElection.java:logAndReturn(56)) - 87787cdc-5075-4d48-b9ce-7f12b50f7552@group-97210D9777EE-LeaderElection69: Election REJECTED; received 2 response(s) [87787cdc-5075-4d48-b9ce-7f12b50f7552<-276b89fc-23b6-409b-a3b1-ba154122fca0#0:FAIL-t1, 87787cdc-5075-4d48-b9ce-7f12b50f7552<-d731f014-2bef-4e1e-a18d-30643aa8b715#0:FAIL-t1] and 0 exception(s); 87787cdc-5075-4d48-b9ce-7f12b50f7552@group-97210D9777EE:t1, leader=null, voted=87787cdc-5075-4d48-b9ce-7f12b50f7552, raftlog=87787cdc-5075-4d48-b9ce-7f12b50f7552@group-97210D9777EE-SegmentedRaftLog:OPENED:c-1,f-1,i0, conf=-1: [87787cdc-5075-4d48-b9ce-7f12b50f7552:192.168.5.134:36326, 276b89fc-23b6-409b-a3b1-ba154122fca0:192.168.5.134:44523, d731f014-2bef-4e1e-a18d-30643aa8b715:192.168.5.134:37655], old=null
2019-10-04 12:46:41,016 [d731f014-2bef-4e1e-a18d-30643aa8b715@group-97210D9777EE-LeaderElection68] INFO  impl.RoleInfo (RoleInfo.java:shutdownLeaderElection(134)) - d731f014-2bef-4e1e-a18d-30643aa8b715: shutdown LeaderElection
2019-10-04 12:46:41,045 [87787cdc-5075-4d48-b9ce-7f12b50f7552@group-97210D9777EE-LeaderElection69] INFO  impl.RaftServerImpl (RaftServerImpl.java:setRole(170)) - 87787cdc-5075-4d48-b9ce-7f12b50f7552@group-97210D9777EE: changes role from CANDIDATE to FOLLOWER at term 1 for DISCOVERED_A_NEW_TERM
2019-10-04 12:46:41,047 [87787cdc-5075-4d48-b9ce-7f12b50f7552@group-97210D9777EE-LeaderElection69] INFO  impl.RoleInfo (RoleInfo.java:shutdownLeaderElection(134)) - 87787cdc-5075-4d48-b9ce-7f12b50f7552: shutdown LeaderElection
2019-10-04 12:46:41,047 [87787cdc-5075-4d48-b9ce-7f12b50f7552@group-97210D9777EE-LeaderElection69] INFO  impl.RoleInfo (RoleInfo.java:updateAndGet(143)) - 87787cdc-5075-4d48-b9ce-7f12b50f7552: start FollowerState
2019-10-04 12:46:41,048 [d731f014-2bef-4e1e-a18d-30643aa8b715@group-97210D9777EE-LeaderElection68] INFO  impl.RoleInfo (RoleInfo.java:updateAndGet(143)) - d731f014-2bef-4e1e-a18d-30643aa8b715: start FollowerState
2019-10-04 12:46:41,051 [276b89fc-23b6-409b-a3b1-ba154122fca0@group-97210D9777EE-LeaderElection70] INFO  impl.LeaderElection (LeaderElection.java:logAndReturn(56)) - 276b89fc-23b6-409b-a3b1-ba154122fca0@group-97210D9777EE-LeaderElection70: Election REJECTED; received 2 response(s) [276b89fc-23b6-409b-a3b1-ba154122fca0<-87787cdc-5075-4d48-b9ce-7f12b50f7552#0:FAIL-t1, 276b89fc-23b6-409b-a3b1-ba154122fca0<-d731f014-2bef-4e1e-a18d-30643aa8b715#0:FAIL-t1] and 0 exception(s); 276b89fc-23b6-409b-a3b1-ba154122fca0@group-97210D9777EE:t1, leader=null, voted=276b89fc-23b6-409b-a3b1-ba154122fca0, raftlog=276b89fc-23b6-409b-a3b1-ba154122fca0@group-97210D9777EE-SegmentedRaftLog:OPENED:c-1,f-1,i0, conf=-1: [87787cdc-5075-4d48-b9ce-7f12b50f7552:192.168.5.134:36326, 276b89fc-23b6-409b-a3b1-ba154122fca0:192.168.5.134:44523, d731f014-2bef-4e1e-a18d-30643aa8b715:192.168.5.134:37655], old=null
2019-10-04 12:46:41,051 [276b89fc-23b6-409b-a3b1-ba154122fca0@group-97210D9777EE-LeaderElection70] INFO  impl.RaftServerImpl (RaftServerImpl.java:setRole(170)) - 276b89fc-23b6-409b-a3b1-ba154122fca0@group-97210D9777EE: changes role from CANDIDATE to FOLLOWER at term 1 for DISCOVERED_A_NEW_TERM
2019-10-04 12:46:41,051 [276b89fc-23b6-409b-a3b1-ba154122fca0@group-97210D9777EE-LeaderElection70] INFO  impl.RoleInfo (RoleInfo.java:shutdownLeaderElection(134)) - 276b89fc-23b6-409b-a3b1-ba154122fca0: shutdown LeaderElection
2019-10-04 12:46:41,052 [276b89fc-23b6-409b-a3b1-ba154122fca0@group-97210D9777EE-LeaderElection70] INFO  impl.RoleInfo (RoleInfo.java:updateAndGet(143)) - 276b89fc-23b6-409b-a3b1-ba154122fca0: start FollowerState
2019-10-04 12:46:41,058 [77287545-6a29-40e7-8d42-d8683b781a8c@group-8C0F0F709589-SegmentedRaftLogWorker] INFO  segmented.SegmentedRaftLogWorker (SegmentedRaftLogWorker.java:execute(574)) - 77287545-6a29-40e7-8d42-d8683b781a8c@group-8C0F0F709589-SegmentedRaftLogWorker: created new log segment /workdir/hadoop-ozone/integration-test/target/test-dir/MiniOzoneClusterImpl-e6427d35-fe54-4862-a5ad-7f18edbdadb0/datanode-2/data/ratis/9d65434c-c4c4-4cf1-9065-8c0f0f709589/current/log_inprogress_0
2019-10-04 12:46:41,106 [c902e921-ee31-4bfa-9489-45b373ce8637@group-8C0F0F709589-SegmentedRaftLogWorker] INFO  segmented.SegmentedRaftLogWorker (SegmentedRaftLogWorker.java:execute(574)) - c902e921-ee31-4bfa-9489-45b373ce8637@group-8C0F0F709589-SegmentedRaftLogWorker: created new log segment /workdir/hadoop-ozone/integration-test/target/test-dir/MiniOzoneClusterImpl-e6427d35-fe54-4862-a5ad-7f18edbdadb0/datanode-0/data/ratis/9d65434c-c4c4-4cf1-9065-8c0f0f709589/current/log_inprogress_0
2019-10-04 12:46:44,234 [Datanode State Machine Thread - 0] INFO  statemachine.DatanodeStateMachine (DatanodeStateMachine.java:lambda$startDaemon$0(350)) - Ozone container server started.
2019-10-04 12:46:46,104 [Thread-3125] INFO  impl.FollowerState (FollowerState.java:run(108)) - d731f014-2bef-4e1e-a18d-30643aa8b715@group-97210D9777EE-FollowerState: change to CANDIDATE, lastRpcTime:5055ms, electionTimeout:5055ms
2019-10-04 12:46:46,104 [Thread-3125] INFO  impl.RoleInfo (RoleInfo.java:shutdownFollowerState(121)) - d731f014-2bef-4e1e-a18d-30643aa8b715: shutdown FollowerState
2019-10-04 12:46:46,105 [Thread-3125] INFO  impl.RaftServerImpl (RaftServerImpl.java:setRole(170)) - d731f014-2bef-4e1e-a18d-30643aa8b715@group-97210D9777EE: changes role from  FOLLOWER to CANDIDATE at term 1 for changeToCandidate
2019-10-04 12:46:46,105 [Thread-3125] INFO  impl.RoleInfo (RoleInfo.java:updateAndGet(143)) - d731f014-2bef-4e1e-a18d-30643aa8b715: start LeaderElection
2019-10-04 12:46:46,124 [d731f014-2bef-4e1e-a18d-30643aa8b715@group-97210D9777EE-LeaderElection71] INFO  impl.LeaderElection (LeaderElection.java:askForVotes(178)) - d731f014-2bef-4e1e-a18d-30643aa8b715@group-97210D9777EE-LeaderElection71: begin an election at term 2 for -1: [87787cdc-5075-4d48-b9ce-7f12b50f7552:192.168.5.134:36326, 276b89fc-23b6-409b-a3b1-ba154122fca0:192.168.5.134:44523, d731f014-2bef-4e1e-a18d-30643aa8b715:192.168.5.134:37655], old=null
2019-10-04 12:46:46,129 [grpc-default-executor-8] INFO  impl.RaftServerImpl (RaftServerImpl.java:setRole(170)) - 87787cdc-5075-4d48-b9ce-7f12b50f7552@group-97210D9777EE: changes role from  FOLLOWER to FOLLOWER at term 2 for recognizeCandidate:d731f014-2bef-4e1e-a18d-30643aa8b715
2019-10-04 12:46:46,129 [grpc-default-executor-3] INFO  impl.RaftServerImpl (RaftServerImpl.java:setRole(170)) - 276b89fc-23b6-409b-a3b1-ba154122fca0@group-97210D9777EE: changes role from  FOLLOWER to FOLLOWER at term 2 for recognizeCandidate:d731f014-2bef-4e1e-a18d-30643aa8b715
2019-10-04 12:46:46,129 [grpc-default-executor-8] INFO  impl.RoleInfo (RoleInfo.java:shutdownFollowerState(121)) - 87787cdc-5075-4d48-b9ce-7f12b50f7552: shutdown FollowerState
2019-10-04 12:46:46,129 [grpc-default-executor-3] INFO  impl.RoleInfo (RoleInfo.java:shutdownFollowerState(121)) - 276b89fc-23b6-409b-a3b1-ba154122fca0: shutdown FollowerState
2019-10-04 12:46:46,129 [grpc-default-executor-8] INFO  impl.RoleInfo (RoleInfo.java:updateAndGet(143)) - 87787cdc-5075-4d48-b9ce-7f12b50f7552: start FollowerState
2019-10-04 12:46:46,130 [grpc-default-executor-3] INFO  impl.RoleInfo (RoleInfo.java:updateAndGet(143)) - 276b89fc-23b6-409b-a3b1-ba154122fca0: start FollowerState
2019-10-04 12:46:46,130 [Thread-3126] INFO  impl.FollowerState (FollowerState.java:run(117)) - 87787cdc-5075-4d48-b9ce-7f12b50f7552@group-97210D9777EE-FollowerState was interrupted: java.lang.InterruptedException: sleep interrupted
2019-10-04 12:46:46,130 [Thread-3127] INFO  impl.FollowerState (FollowerState.java:run(117)) - 276b89fc-23b6-409b-a3b1-ba154122fca0@group-97210D9777EE-FollowerState was interrupted: java.lang.InterruptedException: sleep interrupted
2019-10-04 12:46:46,148 [d731f014-2bef-4e1e-a18d-30643aa8b715@group-97210D9777EE-LeaderElection71] INFO  impl.LeaderElection (LeaderElection.java:logAndReturn(56)) - d731f014-2bef-4e1e-a18d-30643aa8b715@group-97210D9777EE-LeaderElection71: Election PASSED; received 1 response(s) [d731f014-2bef-4e1e-a18d-30643aa8b715<-276b89fc-23b6-409b-a3b1-ba154122fca0#0:OK-t2] and 0 exception(s); d731f014-2bef-4e1e-a18d-30643aa8b715@group-97210D9777EE:t2, leader=null, voted=d731f014-2bef-4e1e-a18d-30643aa8b715, raftlog=d731f014-2bef-4e1e-a18d-30643aa8b715@group-97210D9777EE-SegmentedRaftLog:OPENED:c-1,f-1,i0, conf=-1: [87787cdc-5075-4d48-b9ce-7f12b50f7552:192.168.5.134:36326, 276b89fc-23b6-409b-a3b1-ba154122fca0:192.168.5.134:44523, d731f014-2bef-4e1e-a18d-30643aa8b715:192.168.5.134:37655], old=null
2019-10-04 12:46:46,148 [d731f014-2bef-4e1e-a18d-30643aa8b715@group-97210D9777EE-LeaderElection71] INFO  impl.RoleInfo (RoleInfo.java:shutdownLeaderElection(134)) - d731f014-2bef-4e1e-a18d-30643aa8b715: shutdown LeaderElection
2019-10-04 12:46:46,148 [d731f014-2bef-4e1e-a18d-30643aa8b715@group-97210D9777EE-LeaderElection71] INFO  impl.RaftServerImpl (RaftServerImpl.java:setRole(170)) - d731f014-2bef-4e1e-a18d-30643aa8b715@group-97210D9777EE: changes role from CANDIDATE to LEADER at term 2 for changeToLeader
2019-10-04 12:46:46,148 [d731f014-2bef-4e1e-a18d-30643aa8b715@group-97210D9777EE-LeaderElection71] INFO  impl.RaftServerImpl (ServerState.java:setLeader(255)) - d731f014-2bef-4e1e-a18d-30643aa8b715@group-97210D9777EE: change Leader from null to d731f014-2bef-4e1e-a18d-30643aa8b715 at term 2 for becomeLeader, leader elected after 10330ms
2019-10-04 12:46:46,149 [d731f014-2bef-4e1e-a18d-30643aa8b715@group-97210D9777EE-LeaderElection71] INFO  server.RaftServerConfigKeys (ConfUtils.java:logGet(43)) - raft.server.staging.catchup.gap = 1000 (default)
2019-10-04 12:46:46,149 [d731f014-2bef-4e1e-a18d-30643aa8b715@group-97210D9777EE-LeaderElection71] INFO  server.RaftServerConfigKeys (ConfUtils.java:logGet(43)) - raft.server.rpc.sleep.time = 25ms (default)
2019-10-04 12:46:46,149 [d731f014-2bef-4e1e-a18d-30643aa8b715@group-97210D9777EE-LeaderElection71] INFO  server.RaftServerConfigKeys (ConfUtils.java:logGet(43)) - raft.server.write.element-limit = 4096 (default)
2019-10-04 12:46:46,149 [d731f014-2bef-4e1e-a18d-30643aa8b715@group-97210D9777EE-LeaderElection71] INFO  server.RaftServerConfigKeys (ConfUtils.java:logGet(43)) - raft.server.watch.timeout = 10s (default)
2019-10-04 12:46:46,149 [d731f014-2bef-4e1e-a18d-30643aa8b715@group-97210D9777EE-LeaderElection71] INFO  server.RaftServerConfigKeys (ConfUtils.java:logGet(43)) - raft.server.watch.timeout.denomination = 1s (default)
2019-10-04 12:46:46,150 [d731f014-2bef-4e1e-a18d-30643aa8b715@group-97210D9777EE-LeaderElection71] INFO  server.RaftServerConfigKeys (ConfUtils.java:logGet(43)) - raft.server.watch.element-limit = 65536 (default)
2019-10-04 12:46:46,153 [d731f014-2bef-4e1e-a18d-30643aa8b715@group-97210D9777EE-LeaderElection71] INFO  server.RaftServerConfigKeys (ConfUtils.java:logGet(43)) - raft.server.log.appender.snapshot.chunk.size.max = 16MB (=16777216) (default)
2019-10-04 12:46:46,153 [d731f014-2bef-4e1e-a18d-30643aa8b715@group-97210D9777EE-LeaderElection71] INFO  server.RaftServerConfigKeys (ConfUtils.java:logGet(43)) - raft.server.log.appender.buffer.byte-limit = 33554432 (custom)
2019-10-04 12:46:46,153 [d731f014-2bef-4e1e-a18d-30643aa8b715@group-97210D9777EE-LeaderElection71] INFO  server.RaftServerConfigKeys (ConfUtils.java:logGet(43)) - raft.server.log.appender.buffer.element-limit = 1 (custom)
2019-10-04 12:46:46,153 [d731f014-2bef-4e1e-a18d-30643aa8b715@group-97210D9777EE-LeaderElection71] INFO  grpc.GrpcConfigKeys$Server (ConfUtils.java:logGet(43)) - raft.grpc.server.leader.outstanding.appends.max = 128 (default)
2019-10-04 12:46:46,154 [d731f014-2bef-4e1e-a18d-30643aa8b715@group-97210D9777EE-LeaderElection71] INFO  server.RaftServerConfigKeys (ConfUtils.java:logGet(43)) - raft.server.rpc.request.timeout = 3000ms (default)
2019-10-04 12:46:46,154 [d731f014-2bef-4e1e-a18d-30643aa8b715@group-97210D9777EE-LeaderElection71] INFO  server.RaftServerConfigKeys (ConfUtils.java:logGet(43)) - raft.server.log.appender.install.snapshot.enabled = false (custom)
2019-10-04 12:46:46,154 [d731f014-2bef-4e1e-a18d-30643aa8b715@group-97210D9777EE-LeaderElection71] INFO  server.RaftServerConfigKeys (ConfUtils.java:logGet(43)) - raft.server.log.appender.snapshot.chunk.size.max = 16MB (=16777216) (default)
2019-10-04 12:46:46,154 [d731f014-2bef-4e1e-a18d-30643aa8b715@group-97210D9777EE-LeaderElection71] INFO  server.RaftServerConfigKeys (ConfUtils.java:logGet(43)) - raft.server.log.appender.buffer.byte-limit = 33554432 (custom)
2019-10-04 12:46:46,154 [d731f014-2bef-4e1e-a18d-30643aa8b715@group-97210D9777EE-LeaderElection71] INFO  server.RaftServerConfigKeys (ConfUtils.java:logGet(43)) - raft.server.log.appender.buffer.element-limit = 1 (custom)
2019-10-04 12:46:46,154 [d731f014-2bef-4e1e-a18d-30643aa8b715@group-97210D9777EE-LeaderElection71] INFO  grpc.GrpcConfigKeys$Server (ConfUtils.java:logGet(43)) - raft.grpc.server.leader.outstanding.appends.max = 128 (default)
2019-10-04 12:46:46,155 [d731f014-2bef-4e1e-a18d-30643aa8b715@group-97210D9777EE-LeaderElection71] INFO  server.RaftServerConfigKeys (ConfUtils.java:logGet(43)) - raft.server.rpc.request.timeout = 3000ms (default)
2019-10-04 12:46:46,155 [d731f014-2bef-4e1e-a18d-30643aa8b715@group-97210D9777EE-LeaderElection71] INFO  server.RaftServerConfigKeys (ConfUtils.java:logGet(43)) - raft.server.log.appender.install.snapshot.enabled = false (custom)
2019-10-04 12:46:46,155 [d731f014-2bef-4e1e-a18d-30643aa8b715@group-97210D9777EE-LeaderElection71] INFO  impl.RoleInfo (RoleInfo.java:updateAndGet(143)) - d731f014-2bef-4e1e-a18d-30643aa8b715: start LeaderState
2019-10-04 12:46:46,155 [d731f014-2bef-4e1e-a18d-30643aa8b715@group-97210D9777EE-LeaderElection71] INFO  segmented.SegmentedRaftLogWorker (SegmentedRaftLogWorker.java:startLogSegment(385)) - d731f014-2bef-4e1e-a18d-30643aa8b715@group-97210D9777EE-SegmentedRaftLogWorker: Starting segment from index:0
2019-10-04 12:46:46,156 [d731f014-2bef-4e1e-a18d-30643aa8b715@group-97210D9777EE-LeaderElection71] INFO  impl.RaftServerImpl (ServerState.java:setRaftConf(356)) - d731f014-2bef-4e1e-a18d-30643aa8b715@group-97210D9777EE: set configuration 0: [87787cdc-5075-4d48-b9ce-7f12b50f7552:192.168.5.134:36326, 276b89fc-23b6-409b-a3b1-ba154122fca0:192.168.5.134:44523, d731f014-2bef-4e1e-a18d-30643aa8b715:192.168.5.134:37655], old=null at 0
2019-10-04 12:46:46,157 [grpc-default-executor-3] INFO  impl.RaftServerImpl (ServerState.java:setLeader(255)) - 87787cdc-5075-4d48-b9ce-7f12b50f7552@group-97210D9777EE: change Leader from null to d731f014-2bef-4e1e-a18d-30643aa8b715 at term 2 for appendEntries, leader elected after 10339ms
2019-10-04 12:46:46,184 [grpc-default-executor-8] INFO  impl.RaftServerImpl (ServerState.java:setLeader(255)) - 276b89fc-23b6-409b-a3b1-ba154122fca0@group-97210D9777EE: change Leader from null to d731f014-2bef-4e1e-a18d-30643aa8b715 at term 2 for appendEntries, leader elected after 10365ms
2019-10-04 12:46:46,185 [grpc-default-executor-8] INFO  impl.RaftServerImpl (ServerState.java:setRaftConf(356)) - 87787cdc-5075-4d48-b9ce-7f12b50f7552@group-97210D9777EE: set configuration 0: [87787cdc-5075-4d48-b9ce-7f12b50f7552:192.168.5.134:36326, 276b89fc-23b6-409b-a3b1-ba154122fca0:192.168.5.134:44523, d731f014-2bef-4e1e-a18d-30643aa8b715:192.168.5.134:37655], old=null at 0
2019-10-04 12:46:46,185 [grpc-default-executor-8] INFO  segmented.SegmentedRaftLogWorker (SegmentedRaftLogWorker.java:startLogSegment(385)) - 87787cdc-5075-4d48-b9ce-7f12b50f7552@group-97210D9777EE-SegmentedRaftLogWorker: Starting segment from index:0
2019-10-04 12:46:46,186 [grpc-default-executor-3] INFO  impl.RaftServerImpl (ServerState.java:setRaftConf(356)) - 276b89fc-23b6-409b-a3b1-ba154122fca0@group-97210D9777EE: set configuration 0: [87787cdc-5075-4d48-b9ce-7f12b50f7552:192.168.5.134:36326, 276b89fc-23b6-409b-a3b1-ba154122fca0:192.168.5.134:44523, d731f014-2bef-4e1e-a18d-30643aa8b715:192.168.5.134:37655], old=null at 0
2019-10-04 12:46:46,186 [grpc-default-executor-3] INFO  segmented.SegmentedRaftLogWorker (SegmentedRaftLogWorker.java:startLogSegment(385)) - 276b89fc-23b6-409b-a3b1-ba154122fca0@group-97210D9777EE-SegmentedRaftLogWorker: Starting segment from index:0
2019-10-04 12:46:46,195 [d731f014-2bef-4e1e-a18d-30643aa8b715@group-97210D9777EE-SegmentedRaftLogWorker] INFO  segmented.SegmentedRaftLogWorker (SegmentedRaftLogWorker.java:execute(574)) - d731f014-2bef-4e1e-a18d-30643aa8b715@group-97210D9777EE-SegmentedRaftLogWorker: created new log segment /workdir/hadoop-ozone/integration-test/target/test-dir/MiniOzoneClusterImpl-e6427d35-fe54-4862-a5ad-7f18edbdadb0/datanode-4/data/ratis/7b863d42-e559-45ec-b3a2-97210d9777ee/current/log_inprogress_0
2019-10-04 12:46:46,232 [87787cdc-5075-4d48-b9ce-7f12b50f7552@group-97210D9777EE-SegmentedRaftLogWorker] INFO  segmented.SegmentedRaftLogWorker (SegmentedRaftLogWorker.java:execute(574)) - 87787cdc-5075-4d48-b9ce-7f12b50f7552@group-97210D9777EE-SegmentedRaftLogWorker: created new log segment /workdir/hadoop-ozone/integration-test/target/test-dir/MiniOzoneClusterImpl-e6427d35-fe54-4862-a5ad-7f18edbdadb0/datanode-3/data/ratis/7b863d42-e559-45ec-b3a2-97210d9777ee/current/log_inprogress_0
2019-10-04 12:46:46,232 [276b89fc-23b6-409b-a3b1-ba154122fca0@group-97210D9777EE-SegmentedRaftLogWorker] INFO  segmented.SegmentedRaftLogWorker (SegmentedRaftLogWorker.java:execute(574)) - 276b89fc-23b6-409b-a3b1-ba154122fca0@group-97210D9777EE-SegmentedRaftLogWorker: created new log segment /workdir/hadoop-ozone/integration-test/target/test-dir/MiniOzoneClusterImpl-e6427d35-fe54-4862-a5ad-7f18edbdadb0/datanode-5/data/ratis/7b863d42-e559-45ec-b3a2-97210d9777ee/current/log_inprogress_0
2019-10-04 12:46:48,261 [EventQueue-StaleNodeForStaleNodeHandler] INFO  node.StaleNodeHandler (StaleNodeHandler.java:onMessage(58)) - Datanode e4713c51-7079-47fd-98a0-4779501aff22{ip: 192.168.5.134, host: pr-hdds-2222-6c7sc-20480173, networkLocation: /default-rack, certSerialId: null} moved to stale state. Finalizing its pipelines [PipelineID=549236c2-41f8-4934-89ee-0b500e57e5d8, PipelineID=9d65434c-c4c4-4cf1-9065-8c0f0f709589]
2019-10-04 12:46:48,262 [EventQueue-StaleNodeForStaleNodeHandler] INFO  pipeline.SCMPipelineManager (SCMPipelineManager.java:finalizeAndDestroyPipeline(315)) - destroying pipeline:Pipeline[ Id: 549236c2-41f8-4934-89ee-0b500e57e5d8, Nodes: e4713c51-7079-47fd-98a0-4779501aff22{ip: 192.168.5.134, host: pr-hdds-2222-6c7sc-20480173, networkLocation: /default-rack, certSerialId: null}, Type:RATIS, Factor:ONE, State:OPEN]
2019-10-04 12:46:48,263 [EventQueue-StaleNodeForStaleNodeHandler] INFO  pipeline.PipelineStateManager (PipelineStateManager.java:finalizePipeline(123)) - Pipeline Pipeline[ Id: 549236c2-41f8-4934-89ee-0b500e57e5d8, Nodes: e4713c51-7079-47fd-98a0-4779501aff22{ip: 192.168.5.134, host: pr-hdds-2222-6c7sc-20480173, networkLocation: /default-rack, certSerialId: null}, Type:RATIS, Factor:ONE, State:CLOSED] moved to CLOSED state
2019-10-04 12:46:48,264 [EventQueue-StaleNodeForStaleNodeHandler] INFO  pipeline.SCMPipelineManager (SCMPipelineManager.java:finalizeAndDestroyPipeline(315)) - destroying pipeline:Pipeline[ Id: 9d65434c-c4c4-4cf1-9065-8c0f0f709589, Nodes: e4713c51-7079-47fd-98a0-4779501aff22{ip: 192.168.5.134, host: pr-hdds-2222-6c7sc-20480173, networkLocation: /default-rack, certSerialId: null}c902e921-ee31-4bfa-9489-45b373ce8637{ip: 192.168.5.134, host: pr-hdds-2222-6c7sc-20480173, networkLocation: /default-rack, certSerialId: null}77287545-6a29-40e7-8d42-d8683b781a8c{ip: 192.168.5.134, host: pr-hdds-2222-6c7sc-20480173, networkLocation: /default-rack, certSerialId: null}, Type:RATIS, Factor:THREE, State:OPEN]
2019-10-04 12:46:48,264 [EventQueue-StaleNodeForStaleNodeHandler] INFO  pipeline.PipelineStateManager (PipelineStateManager.java:finalizePipeline(123)) - Pipeline Pipeline[ Id: 9d65434c-c4c4-4cf1-9065-8c0f0f709589, Nodes: e4713c51-7079-47fd-98a0-4779501aff22{ip: 192.168.5.134, host: pr-hdds-2222-6c7sc-20480173, networkLocation: /default-rack, certSerialId: null}c902e921-ee31-4bfa-9489-45b373ce8637{ip: 192.168.5.134, host: pr-hdds-2222-6c7sc-20480173, networkLocation: /default-rack, certSerialId: null}77287545-6a29-40e7-8d42-d8683b781a8c{ip: 192.168.5.134, host: pr-hdds-2222-6c7sc-20480173, networkLocation: /default-rack, certSerialId: null}, Type:RATIS, Factor:THREE, State:CLOSED] moved to CLOSED state
2019-10-04 12:46:48,265 [EventQueue-CloseContainerForCloseContainerEventHandler] INFO  container.CloseContainerEventHandler (CloseContainerEventHandler.java:onMessage(61)) - Close container Event triggered for container : #1
2019-10-04 12:46:48,402 [main] INFO  ozoneimpl.OzoneContainer (OzoneContainer.java:stop(231)) - Attempting to stop container services.
2019-10-04 12:46:48,406 [main] INFO  impl.RaftServerProxy (RaftServerProxy.java:lambda$close$4(314)) - e4713c51-7079-47fd-98a0-4779501aff22: close
2019-10-04 12:46:48,408 [main] INFO  impl.RaftServerImpl (RaftServerImpl.java:lambda$shutdown$3(247)) - e4713c51-7079-47fd-98a0-4779501aff22@group-0B500E57E5D8: shutdown
2019-10-04 12:46:48,408 [main] INFO  util.JmxRegister (JmxRegister.java:unregister(73)) - Successfully un-registered JMX Bean with object name Ratis:service=RaftServer,group=group-0B500E57E5D8,id=e4713c51-7079-47fd-98a0-4779501aff22
2019-10-04 12:46:48,409 [main] INFO  impl.RoleInfo (RoleInfo.java:shutdownLeaderState(104)) - e4713c51-7079-47fd-98a0-4779501aff22: shutdown LeaderState
2019-10-04 12:46:48,409 [main] INFO  impl.PendingRequests (PendingRequests.java:sendNotLeaderResponses(202)) - e4713c51-7079-47fd-98a0-4779501aff22@group-0B500E57E5D8-PendingRequests: sendNotLeaderResponses
2019-10-04 12:46:48,410 [main] INFO  impl.StateMachineUpdater (StateMachineUpdater.java:stopAndJoin(136)) - e4713c51-7079-47fd-98a0-4779501aff22@group-0B500E57E5D8-StateMachineUpdater: set stopIndex = 0
2019-10-04 12:46:48,411 [main] INFO  impl.RaftServerImpl (ServerState.java:close(387)) - e4713c51-7079-47fd-98a0-4779501aff22@group-0B500E57E5D8: closes. applyIndex: 0
2019-10-04 12:46:48,411 [e4713c51-7079-47fd-98a0-4779501aff22@group-0B500E57E5D8-SegmentedRaftLogWorker] INFO  segmented.SegmentedRaftLogWorker (SegmentedRaftLogWorker.java:run(316)) - e4713c51-7079-47fd-98a0-4779501aff22@group-0B500E57E5D8-SegmentedRaftLogWorker was interrupted, exiting. There are 0 tasks remaining in the queue.
2019-10-04 12:46:48,415 [main] INFO  segmented.SegmentedRaftLogWorker (SegmentedRaftLogWorker.java:close(224)) - e4713c51-7079-47fd-98a0-4779501aff22@group-0B500E57E5D8-SegmentedRaftLogWorker close()
2019-10-04 12:46:48,422 [main] INFO  impl.RaftServerImpl (RaftServerImpl.java:lambda$shutdown$3(247)) - e4713c51-7079-47fd-98a0-4779501aff22@group-8C0F0F709589: shutdown
2019-10-04 12:46:48,422 [main] INFO  util.JmxRegister (JmxRegister.java:unregister(73)) - Successfully un-registered JMX Bean with object name Ratis:service=RaftServer,group=group-8C0F0F709589,id=e4713c51-7079-47fd-98a0-4779501aff22
2019-10-04 12:46:48,422 [main] INFO  impl.RoleInfo (RoleInfo.java:shutdownLeaderState(104)) - e4713c51-7079-47fd-98a0-4779501aff22: shutdown LeaderState
2019-10-04 12:46:48,428 [main] INFO  impl.PendingRequests (PendingRequests.java:sendNotLeaderResponses(202)) - e4713c51-7079-47fd-98a0-4779501aff22@group-8C0F0F709589-PendingRequests: sendNotLeaderResponses
2019-10-04 12:46:48,428 [org.apache.ratis.server.impl.LogAppender$AppenderDaemon$$Lambda$528/1714880846@7be939cf] WARN  server.GrpcLogAppender (GrpcLogAppender.java:mayWait(143)) - e4713c51-7079-47fd-98a0-4779501aff22@group-8C0F0F709589->c902e921-ee31-4bfa-9489-45b373ce8637-GrpcLogAppender: Wait interrupted by java.lang.InterruptedException
2019-10-04 12:46:48,428 [org.apache.ratis.server.impl.LogAppender$AppenderDaemon$$Lambda$528/1714880846@72cc60b2] WARN  server.GrpcLogAppender (GrpcLogAppender.java:mayWait(143)) - e4713c51-7079-47fd-98a0-4779501aff22@group-8C0F0F709589->77287545-6a29-40e7-8d42-d8683b781a8c-GrpcLogAppender: Wait interrupted by java.lang.InterruptedException
2019-10-04 12:46:48,435 [main] INFO  impl.StateMachineUpdater (StateMachineUpdater.java:stopAndJoin(136)) - e4713c51-7079-47fd-98a0-4779501aff22@group-8C0F0F709589-StateMachineUpdater: set stopIndex = 14
2019-10-04 12:46:48,435 [e4713c51-7079-47fd-98a0-4779501aff22@group-8C0F0F709589-StateMachineUpdater] INFO  ratis.ContainerStateMachine (ContainerStateMachine.java:takeSnapshot(293)) - group-8C0F0F709589: Taking a snapshot at:(t:1, i:12) file /workdir/hadoop-ozone/integration-test/target/test-dir/MiniOzoneClusterImpl-e6427d35-fe54-4862-a5ad-7f18edbdadb0/datanode-1/data/ratis/9d65434c-c4c4-4cf1-9065-8c0f0f709589/sm/snapshot.1_12
2019-10-04 12:46:48,436 [grpc-default-executor-8] INFO  server.GrpcServerProtocolService (GrpcServerProtocolService.java:onCompleted(113)) - c902e921-ee31-4bfa-9489-45b373ce8637: Completed APPEND_ENTRIES, lastRequest: e4713c51-7079-47fd-98a0-4779501aff22->c902e921-ee31-4bfa-9489-45b373ce8637#17-t1, previous=(t:1, i:14), leaderCommit=14, initializing? false, entries: <empty>
2019-10-04 12:46:48,436 [grpc-default-executor-3] INFO  server.GrpcServerProtocolService (GrpcServerProtocolService.java:onCompleted(113)) - 77287545-6a29-40e7-8d42-d8683b781a8c: Completed APPEND_ENTRIES, lastRequest: e4713c51-7079-47fd-98a0-4779501aff22->77287545-6a29-40e7-8d42-d8683b781a8c#17-t1, previous=(t:1, i:14), leaderCommit=14, initializing? false, entries: <empty>
2019-10-04 12:46:48,437 [grpc-default-executor-8] INFO  server.GrpcLogAppender (GrpcLogAppender.java:onCompleted(293)) - e4713c51-7079-47fd-98a0-4779501aff22@group-8C0F0F709589->c902e921-ee31-4bfa-9489-45b373ce8637-AppendLogResponseHandler: follower responses appendEntries COMPLETED
2019-10-04 12:46:48,437 [grpc-default-executor-3] INFO  server.GrpcLogAppender (GrpcLogAppender.java:onCompleted(293)) - e4713c51-7079-47fd-98a0-4779501aff22@group-8C0F0F709589->77287545-6a29-40e7-8d42-d8683b781a8c-AppendLogResponseHandler: follower responses appendEntries COMPLETED
2019-10-04 12:46:48,439 [grpc-default-executor-8] INFO  impl.FollowerInfo (FollowerInfo.java:lambda$new$0(51)) - e4713c51-7079-47fd-98a0-4779501aff22@group-8C0F0F709589->c902e921-ee31-4bfa-9489-45b373ce8637: nextIndex: updateUnconditionally 15 -> 14
2019-10-04 12:46:48,439 [grpc-default-executor-3] INFO  impl.FollowerInfo (FollowerInfo.java:lambda$new$0(51)) - e4713c51-7079-47fd-98a0-4779501aff22@group-8C0F0F709589->77287545-6a29-40e7-8d42-d8683b781a8c: nextIndex: updateUnconditionally 15 -> 14
2019-10-04 12:46:48,461 [e4713c51-7079-47fd-98a0-4779501aff22@group-8C0F0F709589-StateMachineUpdater] INFO  ratis.ContainerStateMachine (ContainerStateMachine.java:takeSnapshot(304)) - group-8C0F0F709589: Finished taking a snapshot at:(t:1, i:12) file:/workdir/hadoop-ozone/integration-test/target/test-dir/MiniOzoneClusterImpl-e6427d35-fe54-4862-a5ad-7f18edbdadb0/datanode-1/data/ratis/9d65434c-c4c4-4cf1-9065-8c0f0f709589/sm/snapshot.1_12 time:26
2019-10-04 12:46:48,461 [e4713c51-7079-47fd-98a0-4779501aff22@group-8C0F0F709589-StateMachineUpdater] INFO  impl.StateMachineUpdater (StateMachineUpdater.java:takeSnapshot(269)) - e4713c51-7079-47fd-98a0-4779501aff22@group-8C0F0F709589-StateMachineUpdater: Took a snapshot at index 12
2019-10-04 12:46:48,461 [e4713c51-7079-47fd-98a0-4779501aff22@group-8C0F0F709589-StateMachineUpdater] INFO  impl.StateMachineUpdater (StateMachineUpdater.java:lambda$new$0(84)) - e4713c51-7079-47fd-98a0-4779501aff22@group-8C0F0F709589-StateMachineUpdater: snapshotIndex: updateIncreasingly -1 -> 12
2019-10-04 12:46:48,461 [e4713c51-7079-47fd-98a0-4779501aff22@group-8C0F0F709589-StateMachineUpdater] INFO  ratis.ContainerStateMachine (ContainerStateMachine.java:takeSnapshot(293)) - group-8C0F0F709589: Taking a snapshot at:(t:1, i:12) file /workdir/hadoop-ozone/integration-test/target/test-dir/MiniOzoneClusterImpl-e6427d35-fe54-4862-a5ad-7f18edbdadb0/datanode-1/data/ratis/9d65434c-c4c4-4cf1-9065-8c0f0f709589/sm/snapshot.1_12
2019-10-04 12:46:48,474 [e4713c51-7079-47fd-98a0-4779501aff22@group-8C0F0F709589-StateMachineUpdater] INFO  ratis.ContainerStateMachine (ContainerStateMachine.java:takeSnapshot(304)) - group-8C0F0F709589: Finished taking a snapshot at:(t:1, i:12) file:/workdir/hadoop-ozone/integration-test/target/test-dir/MiniOzoneClusterImpl-e6427d35-fe54-4862-a5ad-7f18edbdadb0/datanode-1/data/ratis/9d65434c-c4c4-4cf1-9065-8c0f0f709589/sm/snapshot.1_12 time:13
2019-10-04 12:46:48,474 [e4713c51-7079-47fd-98a0-4779501aff22@group-8C0F0F709589-StateMachineUpdater] INFO  impl.StateMachineUpdater (StateMachineUpdater.java:takeSnapshot(269)) - e4713c51-7079-47fd-98a0-4779501aff22@group-8C0F0F709589-StateMachineUpdater: Took a snapshot at index 12
2019-10-04 12:46:48,474 [e4713c51-7079-47fd-98a0-4779501aff22@group-8C0F0F709589-StateMachineUpdater] INFO  impl.StateMachineUpdater (StateMachineUpdater.java:lambda$new$0(84)) - e4713c51-7079-47fd-98a0-4779501aff22@group-8C0F0F709589-StateMachineUpdater: snapshotIndex: updateIncreasingly 12 -> 12
2019-10-04 12:46:48,474 [main] INFO  impl.RaftServerImpl (ServerState.java:close(387)) - e4713c51-7079-47fd-98a0-4779501aff22@group-8C0F0F709589: closes. applyIndex: 14
2019-10-04 12:46:48,475 [e4713c51-7079-47fd-98a0-4779501aff22@group-8C0F0F709589-SegmentedRaftLogWorker] INFO  segmented.SegmentedRaftLogWorker (SegmentedRaftLogWorker.java:run(316)) - e4713c51-7079-47fd-98a0-4779501aff22@group-8C0F0F709589-SegmentedRaftLogWorker was interrupted, exiting. There are 0 tasks remaining in the queue.
2019-10-04 12:46:48,478 [main] INFO  segmented.SegmentedRaftLogWorker (SegmentedRaftLogWorker.java:close(224)) - e4713c51-7079-47fd-98a0-4779501aff22@group-8C0F0F709589-SegmentedRaftLogWorker close()
2019-10-04 12:46:48,483 [main] INFO  server.GrpcService (GrpcService.java:closeImpl(164)) - e4713c51-7079-47fd-98a0-4779501aff22: shutdown server with port 40292 now
2019-10-04 12:46:48,484 [main] INFO  server.GrpcService (GrpcService.java:closeImpl(172)) - e4713c51-7079-47fd-98a0-4779501aff22: shutdown server with port 40292 successfully
2019-10-04 12:46:48,484 [grpc-default-executor-8] WARN  client.GrpcClientProtocolService (LogUtils.java:warn(134)) - 4-UnorderedRequestStreamObserver4: onError: org.apache.ratis.thirdparty.io.grpc.StatusRuntimeException: CANCELLED: cancelled before receiving half close
2019-10-04 12:46:48,487 [refreshUsed-/workdir/hadoop-ozone/integration-test/target/test-dir/MiniOzoneClusterImpl-e6427d35-fe54-4862-a5ad-7f18edbdadb0/datanode-1/data/containers] WARN  fs.CachingGetSpaceUsed (CachingGetSpaceUsed.java:run(183)) - Thread Interrupted waiting to refresh disk information: sleep interrupted
2019-10-04 12:46:48,506 [main] INFO  utils.BackgroundService (BackgroundService.java:shutdown(148)) - Shutting down service BlockDeletingService
2019-10-04 12:46:48,515 [main] INFO  statemachine.DatanodeStateMachine (DatanodeStateMachine.java:stopDaemon(395)) - Ozone container server stopped.
2019-10-04 12:46:48,517 [main] INFO  handler.ContextHandler (ContextHandler.java:doStop(910)) - Stopped o.e.j.w.WebAppContext@147cc940{/,null,UNAVAILABLE}{/hddsDatanode}
2019-10-04 12:46:48,518 [main] INFO  server.AbstractConnector (AbstractConnector.java:doStop(318)) - Stopped ServerConnector@755a7218{HTTP/1.1,[http/1.1]}{0.0.0.0:0}
2019-10-04 12:46:48,518 [main] INFO  handler.ContextHandler (ContextHandler.java:doStop(910)) - Stopped o.e.j.s.ServletContextHandler@30b3d899{/static,jar:file:/home/user/.m2/repository/org/apache/hadoop/hadoop-hdds-container-service/0.5.0-SNAPSHOT/hadoop-hdds-container-service-0.5.0-SNAPSHOT.jar!/webapps/static,UNAVAILABLE}
2019-10-04 12:46:48,519 [main] INFO  handler.ContextHandler (ContextHandler.java:doStop(910)) - Stopped o.e.j.s.ServletContextHandler@559991f5{/logs,file:///workdir/hadoop-ozone/integration-test/target/log,UNAVAILABLE}
2019-10-04 12:46:55,971 [Thread-3102] INFO  impl.FollowerState (FollowerState.java:run(108)) - 77287545-6a29-40e7-8d42-d8683b781a8c@group-8C0F0F709589-FollowerState: change to CANDIDATE, lastRpcTime:7560ms, electionTimeout:5015ms
2019-10-04 12:46:55,972 [Thread-3102] INFO  impl.RoleInfo (RoleInfo.java:shutdownFollowerState(121)) - 77287545-6a29-40e7-8d42-d8683b781a8c: shutdown FollowerState
2019-10-04 12:46:55,972 [Thread-3102] INFO  impl.RaftServerImpl (RaftServerImpl.java:setRole(170)) - 77287545-6a29-40e7-8d42-d8683b781a8c@group-8C0F0F709589: changes role from  FOLLOWER to CANDIDATE at term 1 for changeToCandidate
2019-10-04 12:46:55,973 [Thread-3102] INFO  impl.RoleInfo (RoleInfo.java:updateAndGet(143)) - 77287545-6a29-40e7-8d42-d8683b781a8c: start LeaderElection
2019-10-04 12:46:55,976 [77287545-6a29-40e7-8d42-d8683b781a8c@group-8C0F0F709589-LeaderElection72] INFO  impl.RaftServerImpl (ServerState.java:setLeader(255)) - 77287545-6a29-40e7-8d42-d8683b781a8c@group-8C0F0F709589: change Leader from e4713c51-7079-47fd-98a0-4779501aff22 to null at term 1 for initElection
2019-10-04 12:46:55,991 [77287545-6a29-40e7-8d42-d8683b781a8c@group-8C0F0F709589-LeaderElection72] INFO  impl.LeaderElection (LeaderElection.java:askForVotes(178)) - 77287545-6a29-40e7-8d42-d8683b781a8c@group-8C0F0F709589-LeaderElection72: begin an election at term 2 for 0: [77287545-6a29-40e7-8d42-d8683b781a8c:192.168.5.134:44457, c902e921-ee31-4bfa-9489-45b373ce8637:192.168.5.134:40244, e4713c51-7079-47fd-98a0-4779501aff22:192.168.5.134:40292], old=null
2019-10-04 12:46:55,994 [77287545-6a29-40e7-8d42-d8683b781a8c@group-8C0F0F709589-LeaderElection72] INFO  impl.LeaderElection (LogUtils.java:infoOrTrace(149)) - 77287545-6a29-40e7-8d42-d8683b781a8c@group-8C0F0F709589-LeaderElection72 got exception when requesting votes: {}
java.util.concurrent.ExecutionException: org.apache.ratis.thirdparty.io.grpc.StatusRuntimeException: UNAVAILABLE: io exception
	at java.util.concurrent.FutureTask.report(FutureTask.java:122)
	at java.util.concurrent.FutureTask.get(FutureTask.java:192)
	at org.apache.ratis.server.impl.LeaderElection.waitForResults(LeaderElection.java:259)
	at org.apache.ratis.server.impl.LeaderElection.askForVotes(LeaderElection.java:197)
	at org.apache.ratis.server.impl.LeaderElection.run(LeaderElection.java:133)
	at java.lang.Thread.run(Thread.java:748)
Caused by: org.apache.ratis.thirdparty.io.grpc.StatusRuntimeException: UNAVAILABLE: io exception
	at org.apache.ratis.thirdparty.io.grpc.stub.ClientCalls.toStatusRuntimeException(ClientCalls.java:233)
	at org.apache.ratis.thirdparty.io.grpc.stub.ClientCalls.getUnchecked(ClientCalls.java:214)
	at org.apache.ratis.thirdparty.io.grpc.stub.ClientCalls.blockingUnaryCall(ClientCalls.java:139)
	at org.apache.ratis.proto.grpc.RaftServerProtocolServiceGrpc$RaftServerProtocolServiceBlockingStub.requestVote(RaftServerProtocolServiceGrpc.java:265)
	at org.apache.ratis.grpc.server.GrpcServerProtocolClient.requestVote(GrpcServerProtocolClient.java:99)
	at org.apache.ratis.grpc.server.GrpcService.requestVote(GrpcService.java:204)
	at org.apache.ratis.server.impl.LeaderElection.lambda$submitRequests$1(LeaderElection.java:234)
	at java.util.concurrent.FutureTask.run(FutureTask.java:266)
	at java.util.concurrent.Executors$RunnableAdapter.call(Executors.java:511)
	at java.util.concurrent.FutureTask.run(FutureTask.java:266)
	at java.util.concurrent.ThreadPoolExecutor.runWorker(ThreadPoolExecutor.java:1149)
	at java.util.concurrent.ThreadPoolExecutor$Worker.run(ThreadPoolExecutor.java:624)
	... 1 more
Caused by: org.apache.ratis.thirdparty.io.netty.channel.AbstractChannel$AnnotatedConnectException: Connection refused: /192.168.5.134:40292
	at sun.nio.ch.SocketChannelImpl.checkConnect(Native Method)
	at sun.nio.ch.SocketChannelImpl.finishConnect(SocketChannelImpl.java:717)
	at org.apache.ratis.thirdparty.io.netty.channel.socket.nio.NioSocketChannel.doFinishConnect(NioSocketChannel.java:327)
	at org.apache.ratis.thirdparty.io.netty.channel.nio.AbstractNioChannel$AbstractNioUnsafe.finishConnect(AbstractNioChannel.java:340)
	at org.apache.ratis.thirdparty.io.netty.channel.nio.NioEventLoop.processSelectedKey(NioEventLoop.java:632)
	at org.apache.ratis.thirdparty.io.netty.channel.nio.NioEventLoop.processSelectedKeysOptimized(NioEventLoop.java:579)
	at org.apache.ratis.thirdparty.io.netty.channel.nio.NioEventLoop.processSelectedKeys(NioEventLoop.java:496)
	at org.apache.ratis.thirdparty.io.netty.channel.nio.NioEventLoop.run(NioEventLoop.java:458)
	at org.apache.ratis.thirdparty.io.netty.util.concurrent.SingleThreadEventExecutor$5.run(SingleThreadEventExecutor.java:897)
	at org.apache.ratis.thirdparty.io.netty.util.concurrent.FastThreadLocalRunnable.run(FastThreadLocalRunnable.java:30)
	... 1 more
Caused by: java.net.ConnectException: Connection refused
	... 11 more
2019-10-04 12:46:55,997 [grpc-default-executor-8] INFO  impl.RaftServerImpl (ServerState.java:setLeader(255)) - c902e921-ee31-4bfa-9489-45b373ce8637@group-8C0F0F709589: change Leader from e4713c51-7079-47fd-98a0-4779501aff22 to null at term 2 for updateCurrentTerm
2019-10-04 12:46:55,998 [grpc-default-executor-8] INFO  impl.RaftServerImpl (RaftServerImpl.java:setRole(170)) - c902e921-ee31-4bfa-9489-45b373ce8637@group-8C0F0F709589: changes role from  FOLLOWER to FOLLOWER at term 2 for recognizeCandidate:77287545-6a29-40e7-8d42-d8683b781a8c
2019-10-04 12:46:55,998 [grpc-default-executor-8] INFO  impl.RoleInfo (RoleInfo.java:shutdownFollowerState(121)) - c902e921-ee31-4bfa-9489-45b373ce8637: shutdown FollowerState
2019-10-04 12:46:55,998 [grpc-default-executor-8] INFO  impl.RoleInfo (RoleInfo.java:updateAndGet(143)) - c902e921-ee31-4bfa-9489-45b373ce8637: start FollowerState
2019-10-04 12:46:55,998 [Thread-3101] INFO  impl.FollowerState (FollowerState.java:run(117)) - c902e921-ee31-4bfa-9489-45b373ce8637@group-8C0F0F709589-FollowerState was interrupted: java.lang.InterruptedException: sleep interrupted
2019-10-04 12:46:56,015 [77287545-6a29-40e7-8d42-d8683b781a8c@group-8C0F0F709589-LeaderElection72] INFO  impl.LeaderElection (LeaderElection.java:logAndReturn(56)) - 77287545-6a29-40e7-8d42-d8683b781a8c@group-8C0F0F709589-LeaderElection72: Election PASSED; received 1 response(s) [77287545-6a29-40e7-8d42-d8683b781a8c<-c902e921-ee31-4bfa-9489-45b373ce8637#0:OK-t2] and 1 exception(s); 77287545-6a29-40e7-8d42-d8683b781a8c@group-8C0F0F709589:t2, leader=null, voted=77287545-6a29-40e7-8d42-d8683b781a8c, raftlog=77287545-6a29-40e7-8d42-d8683b781a8c@group-8C0F0F709589-SegmentedRaftLog:OPENED:c14,f14,i14, conf=0: [77287545-6a29-40e7-8d42-d8683b781a8c:192.168.5.134:44457, c902e921-ee31-4bfa-9489-45b373ce8637:192.168.5.134:40244, e4713c51-7079-47fd-98a0-4779501aff22:192.168.5.134:40292], old=null
2019-10-04 12:46:56,015 [77287545-6a29-40e7-8d42-d8683b781a8c@group-8C0F0F709589-LeaderElection72] INFO  impl.LeaderElection (LogUtils.java:infoOrTrace(149)) -   Exception 0: {}
java.util.concurrent.ExecutionException: org.apache.ratis.thirdparty.io.grpc.StatusRuntimeException: UNAVAILABLE: io exception
	at java.util.concurrent.FutureTask.report(FutureTask.java:122)
	at java.util.concurrent.FutureTask.get(FutureTask.java:192)
	at org.apache.ratis.server.impl.LeaderElection.waitForResults(LeaderElection.java:259)
	at org.apache.ratis.server.impl.LeaderElection.askForVotes(LeaderElection.java:197)
	at org.apache.ratis.server.impl.LeaderElection.run(LeaderElection.java:133)
	at java.lang.Thread.run(Thread.java:748)
Caused by: org.apache.ratis.thirdparty.io.grpc.StatusRuntimeException: UNAVAILABLE: io exception
	at org.apache.ratis.thirdparty.io.grpc.stub.ClientCalls.toStatusRuntimeException(ClientCalls.java:233)
	at org.apache.ratis.thirdparty.io.grpc.stub.ClientCalls.getUnchecked(ClientCalls.java:214)
	at org.apache.ratis.thirdparty.io.grpc.stub.ClientCalls.blockingUnaryCall(ClientCalls.java:139)
	at org.apache.ratis.proto.grpc.RaftServerProtocolServiceGrpc$RaftServerProtocolServiceBlockingStub.requestVote(RaftServerProtocolServiceGrpc.java:265)
	at org.apache.ratis.grpc.server.GrpcServerProtocolClient.requestVote(GrpcServerProtocolClient.java:99)
	at org.apache.ratis.grpc.server.GrpcService.requestVote(GrpcService.java:204)
	at org.apache.ratis.server.impl.LeaderElection.lambda$submitRequests$1(LeaderElection.java:234)
	at java.util.concurrent.FutureTask.run(FutureTask.java:266)
	at java.util.concurrent.Executors$RunnableAdapter.call(Executors.java:511)
	at java.util.concurrent.FutureTask.run(FutureTask.java:266)
	at java.util.concurrent.ThreadPoolExecutor.runWorker(ThreadPoolExecutor.java:1149)
	at java.util.concurrent.ThreadPoolExecutor$Worker.run(ThreadPoolExecutor.java:624)
	... 1 more
Caused by: org.apache.ratis.thirdparty.io.netty.channel.AbstractChannel$AnnotatedConnectException: Connection refused: /192.168.5.134:40292
	at sun.nio.ch.SocketChannelImpl.checkConnect(Native Method)
	at sun.nio.ch.SocketChannelImpl.finishConnect(SocketChannelImpl.java:717)
	at org.apache.ratis.thirdparty.io.netty.channel.socket.nio.NioSocketChannel.doFinishConnect(NioSocketChannel.java:327)
	at org.apache.ratis.thirdparty.io.netty.channel.nio.AbstractNioChannel$AbstractNioUnsafe.finishConnect(AbstractNioChannel.java:340)
	at org.apache.ratis.thirdparty.io.netty.channel.nio.NioEventLoop.processSelectedKey(NioEventLoop.java:632)
	at org.apache.ratis.thirdparty.io.netty.channel.nio.NioEventLoop.processSelectedKeysOptimized(NioEventLoop.java:579)
	at org.apache.ratis.thirdparty.io.netty.channel.nio.NioEventLoop.processSelectedKeys(NioEventLoop.java:496)
	at org.apache.ratis.thirdparty.io.netty.channel.nio.NioEventLoop.run(NioEventLoop.java:458)
	at org.apache.ratis.thirdparty.io.netty.util.concurrent.SingleThreadEventExecutor$5.run(SingleThreadEventExecutor.java:897)
	at org.apache.ratis.thirdparty.io.netty.util.concurrent.FastThreadLocalRunnable.run(FastThreadLocalRunnable.java:30)
	... 1 more
Caused by: java.net.ConnectException: Connection refused
	... 11 more
2019-10-04 12:46:56,015 [77287545-6a29-40e7-8d42-d8683b781a8c@group-8C0F0F709589-LeaderElection72] INFO  impl.RoleInfo (RoleInfo.java:shutdownLeaderElection(134)) - 77287545-6a29-40e7-8d42-d8683b781a8c: shutdown LeaderElection
2019-10-04 12:46:56,016 [77287545-6a29-40e7-8d42-d8683b781a8c@group-8C0F0F709589-LeaderElection72] INFO  impl.RaftServerImpl (RaftServerImpl.java:setRole(170)) - 77287545-6a29-40e7-8d42-d8683b781a8c@group-8C0F0F709589: changes role from CANDIDATE to LEADER at term 2 for changeToLeader
2019-10-04 12:46:56,016 [77287545-6a29-40e7-8d42-d8683b781a8c@group-8C0F0F709589-LeaderElection72] INFO  impl.RaftServerImpl (ServerState.java:setLeader(255)) - 77287545-6a29-40e7-8d42-d8683b781a8c@group-8C0F0F709589: change Leader from null to 77287545-6a29-40e7-8d42-d8683b781a8c at term 2 for becomeLeader, leader elected after 40ms
2019-10-04 12:46:56,016 [77287545-6a29-40e7-8d42-d8683b781a8c@group-8C0F0F709589-LeaderElection72] INFO  server.RaftServerConfigKeys (ConfUtils.java:logGet(43)) - raft.server.staging.catchup.gap = 1000 (default)
2019-10-04 12:46:56,016 [77287545-6a29-40e7-8d42-d8683b781a8c@group-8C0F0F709589-LeaderElection72] INFO  server.RaftServerConfigKeys (ConfUtils.java:logGet(43)) - raft.server.rpc.sleep.time = 25ms (default)
2019-10-04 12:46:56,017 [77287545-6a29-40e7-8d42-d8683b781a8c@group-8C0F0F709589-LeaderElection72] INFO  server.RaftServerConfigKeys (ConfUtils.java:logGet(43)) - raft.server.write.element-limit = 4096 (default)
2019-10-04 12:46:56,017 [77287545-6a29-40e7-8d42-d8683b781a8c@group-8C0F0F709589-LeaderElection72] INFO  server.RaftServerConfigKeys (ConfUtils.java:logGet(43)) - raft.server.watch.timeout = 10s (default)
2019-10-04 12:46:56,017 [77287545-6a29-40e7-8d42-d8683b781a8c@group-8C0F0F709589-LeaderElection72] INFO  server.RaftServerConfigKeys (ConfUtils.java:logGet(43)) - raft.server.watch.timeout.denomination = 1s (default)
2019-10-04 12:46:56,017 [77287545-6a29-40e7-8d42-d8683b781a8c@group-8C0F0F709589-LeaderElection72] INFO  server.RaftServerConfigKeys (ConfUtils.java:logGet(43)) - raft.server.watch.element-limit = 65536 (default)
2019-10-04 12:46:56,021 [77287545-6a29-40e7-8d42-d8683b781a8c@group-8C0F0F709589-LeaderElection72] INFO  server.RaftServerConfigKeys (ConfUtils.java:logGet(43)) - raft.server.log.appender.snapshot.chunk.size.max = 16MB (=16777216) (default)
2019-10-04 12:46:56,021 [77287545-6a29-40e7-8d42-d8683b781a8c@group-8C0F0F709589-LeaderElection72] INFO  server.RaftServerConfigKeys (ConfUtils.java:logGet(43)) - raft.server.log.appender.buffer.byte-limit = 33554432 (custom)
2019-10-04 12:46:56,021 [77287545-6a29-40e7-8d42-d8683b781a8c@group-8C0F0F709589-LeaderElection72] INFO  server.RaftServerConfigKeys (ConfUtils.java:logGet(43)) - raft.server.log.appender.buffer.element-limit = 1 (custom)
2019-10-04 12:46:56,021 [77287545-6a29-40e7-8d42-d8683b781a8c@group-8C0F0F709589-LeaderElection72] INFO  grpc.GrpcConfigKeys$Server (ConfUtils.java:logGet(43)) - raft.grpc.server.leader.outstanding.appends.max = 128 (default)
2019-10-04 12:46:56,021 [77287545-6a29-40e7-8d42-d8683b781a8c@group-8C0F0F709589-LeaderElection72] INFO  server.RaftServerConfigKeys (ConfUtils.java:logGet(43)) - raft.server.rpc.request.timeout = 3000ms (default)
2019-10-04 12:46:56,022 [77287545-6a29-40e7-8d42-d8683b781a8c@group-8C0F0F709589-LeaderElection72] INFO  server.RaftServerConfigKeys (ConfUtils.java:logGet(43)) - raft.server.log.appender.install.snapshot.enabled = false (custom)
2019-10-04 12:46:56,022 [77287545-6a29-40e7-8d42-d8683b781a8c@group-8C0F0F709589-LeaderElection72] INFO  server.RaftServerConfigKeys (ConfUtils.java:logGet(43)) - raft.server.log.appender.snapshot.chunk.size.max = 16MB (=16777216) (default)
2019-10-04 12:46:56,022 [77287545-6a29-40e7-8d42-d8683b781a8c@group-8C0F0F709589-LeaderElection72] INFO  server.RaftServerConfigKeys (ConfUtils.java:logGet(43)) - raft.server.log.appender.buffer.byte-limit = 33554432 (custom)
2019-10-04 12:46:56,022 [77287545-6a29-40e7-8d42-d8683b781a8c@group-8C0F0F709589-LeaderElection72] INFO  server.RaftServerConfigKeys (ConfUtils.java:logGet(43)) - raft.server.log.appender.buffer.element-limit = 1 (custom)
2019-10-04 12:46:56,022 [77287545-6a29-40e7-8d42-d8683b781a8c@group-8C0F0F709589-LeaderElection72] INFO  grpc.GrpcConfigKeys$Server (ConfUtils.java:logGet(43)) - raft.grpc.server.leader.outstanding.appends.max = 128 (default)
2019-10-04 12:46:56,022 [77287545-6a29-40e7-8d42-d8683b781a8c@group-8C0F0F709589-LeaderElection72] INFO  server.RaftServerConfigKeys (ConfUtils.java:logGet(43)) - raft.server.rpc.request.timeout = 3000ms (default)
2019-10-04 12:46:56,023 [77287545-6a29-40e7-8d42-d8683b781a8c@group-8C0F0F709589-LeaderElection72] INFO  server.RaftServerConfigKeys (ConfUtils.java:logGet(43)) - raft.server.log.appender.install.snapshot.enabled = false (custom)
2019-10-04 12:46:56,023 [77287545-6a29-40e7-8d42-d8683b781a8c@group-8C0F0F709589-LeaderElection72] INFO  impl.RoleInfo (RoleInfo.java:updateAndGet(143)) - 77287545-6a29-40e7-8d42-d8683b781a8c: start LeaderState
2019-10-04 12:46:56,023 [77287545-6a29-40e7-8d42-d8683b781a8c@group-8C0F0F709589-LeaderElection72] INFO  segmented.SegmentedRaftLogWorker (SegmentedRaftLogWorker.java:rollLogSegment(390)) - 77287545-6a29-40e7-8d42-d8683b781a8c@group-8C0F0F709589-SegmentedRaftLogWorker: Rolling segment log-0_14 to index:14
2019-10-04 12:46:56,024 [77287545-6a29-40e7-8d42-d8683b781a8c@group-8C0F0F709589-LeaderElection72] INFO  impl.RaftServerImpl (ServerState.java:setRaftConf(356)) - 77287545-6a29-40e7-8d42-d8683b781a8c@group-8C0F0F709589: set configuration 15: [77287545-6a29-40e7-8d42-d8683b781a8c:192.168.5.134:44457, c902e921-ee31-4bfa-9489-45b373ce8637:192.168.5.134:40244, e4713c51-7079-47fd-98a0-4779501aff22:192.168.5.134:40292], old=null at 15
2019-10-04 12:46:56,025 [77287545-6a29-40e7-8d42-d8683b781a8c@group-8C0F0F709589-SegmentedRaftLogWorker] INFO  segmented.SegmentedRaftLogWorker (SegmentedRaftLogWorker.java:execute(531)) - 77287545-6a29-40e7-8d42-d8683b781a8c@group-8C0F0F709589-SegmentedRaftLogWorker: Rolled log segment from /workdir/hadoop-ozone/integration-test/target/test-dir/MiniOzoneClusterImpl-e6427d35-fe54-4862-a5ad-7f18edbdadb0/datanode-2/data/ratis/9d65434c-c4c4-4cf1-9065-8c0f0f709589/current/log_inprogress_0 to /workdir/hadoop-ozone/integration-test/target/test-dir/MiniOzoneClusterImpl-e6427d35-fe54-4862-a5ad-7f18edbdadb0/datanode-2/data/ratis/9d65434c-c4c4-4cf1-9065-8c0f0f709589/current/log_0-14
2019-10-04 12:46:56,028 [grpc-default-executor-8] WARN  server.GrpcLogAppender (LogUtils.java:warn(134)) - 77287545-6a29-40e7-8d42-d8683b781a8c@group-8C0F0F709589->e4713c51-7079-47fd-98a0-4779501aff22-AppendLogResponseHandler: Failed appendEntries: org.apache.ratis.thirdparty.io.grpc.StatusRuntimeException: UNAVAILABLE: io exception
2019-10-04 12:46:56,028 [grpc-default-executor-8] INFO  impl.FollowerInfo (FollowerInfo.java:lambda$new$0(51)) - 77287545-6a29-40e7-8d42-d8683b781a8c@group-8C0F0F709589->e4713c51-7079-47fd-98a0-4779501aff22: nextIndex: updateUnconditionally 15 -> 1
2019-10-04 12:46:56,029 [grpc-default-executor-3] INFO  impl.RaftServerImpl (ServerState.java:setLeader(255)) - c902e921-ee31-4bfa-9489-45b373ce8637@group-8C0F0F709589: change Leader from null to 77287545-6a29-40e7-8d42-d8683b781a8c at term 2 for appendEntries, leader elected after 31ms
2019-10-04 12:46:56,059 [grpc-default-executor-3] INFO  impl.RaftServerImpl (ServerState.java:setRaftConf(356)) - c902e921-ee31-4bfa-9489-45b373ce8637@group-8C0F0F709589: set configuration 15: [77287545-6a29-40e7-8d42-d8683b781a8c:192.168.5.134:44457, c902e921-ee31-4bfa-9489-45b373ce8637:192.168.5.134:40244, e4713c51-7079-47fd-98a0-4779501aff22:192.168.5.134:40292], old=null at 15
2019-10-04 12:46:56,059 [grpc-default-executor-3] INFO  segmented.SegmentedRaftLogWorker (SegmentedRaftLogWorker.java:rollLogSegment(390)) - c902e921-ee31-4bfa-9489-45b373ce8637@group-8C0F0F709589-SegmentedRaftLogWorker: Rolling segment log-0_14 to index:14
2019-10-04 12:46:56,060 [c902e921-ee31-4bfa-9489-45b373ce8637@group-8C0F0F709589-SegmentedRaftLogWorker] INFO  segmented.SegmentedRaftLogWorker (SegmentedRaftLogWorker.java:execute(531)) - c902e921-ee31-4bfa-9489-45b373ce8637@group-8C0F0F709589-SegmentedRaftLogWorker: Rolled log segment from /workdir/hadoop-ozone/integration-test/target/test-dir/MiniOzoneClusterImpl-e6427d35-fe54-4862-a5ad-7f18edbdadb0/datanode-0/data/ratis/9d65434c-c4c4-4cf1-9065-8c0f0f709589/current/log_inprogress_0 to /workdir/hadoop-ozone/integration-test/target/test-dir/MiniOzoneClusterImpl-e6427d35-fe54-4862-a5ad-7f18edbdadb0/datanode-0/data/ratis/9d65434c-c4c4-4cf1-9065-8c0f0f709589/current/log_0-14
2019-10-04 12:46:56,069 [77287545-6a29-40e7-8d42-d8683b781a8c@group-8C0F0F709589-SegmentedRaftLogWorker] INFO  segmented.SegmentedRaftLogWorker (SegmentedRaftLogWorker.java:execute(574)) - 77287545-6a29-40e7-8d42-d8683b781a8c@group-8C0F0F709589-SegmentedRaftLogWorker: created new log segment /workdir/hadoop-ozone/integration-test/target/test-dir/MiniOzoneClusterImpl-e6427d35-fe54-4862-a5ad-7f18edbdadb0/datanode-2/data/ratis/9d65434c-c4c4-4cf1-9065-8c0f0f709589/current/log_inprogress_15
2019-10-04 12:46:56,109 [c902e921-ee31-4bfa-9489-45b373ce8637@group-8C0F0F709589-SegmentedRaftLogWorker] INFO  segmented.SegmentedRaftLogWorker (SegmentedRaftLogWorker.java:execute(574)) - c902e921-ee31-4bfa-9489-45b373ce8637@group-8C0F0F709589-SegmentedRaftLogWorker: created new log segment /workdir/hadoop-ozone/integration-test/target/test-dir/MiniOzoneClusterImpl-e6427d35-fe54-4862-a5ad-7f18edbdadb0/datanode-0/data/ratis/9d65434c-c4c4-4cf1-9065-8c0f0f709589/current/log_inprogress_15
2019-10-04 12:46:56,132 [grpc-default-executor-7] WARN  server.GrpcLogAppender (LogUtils.java:warn(134)) - 77287545-6a29-40e7-8d42-d8683b781a8c@group-8C0F0F709589->e4713c51-7079-47fd-98a0-4779501aff22-AppendLogResponseHandler: Failed appendEntries: org.apache.ratis.thirdparty.io.grpc.StatusRuntimeException: UNAVAILABLE: io exception
2019-10-04 12:46:56,132 [grpc-default-executor-7] INFO  impl.FollowerInfo (FollowerInfo.java:lambda$new$0(51)) - 77287545-6a29-40e7-8d42-d8683b781a8c@group-8C0F0F709589->e4713c51-7079-47fd-98a0-4779501aff22: nextIndex: updateUnconditionally 2 -> 1
2019-10-04 12:46:56,145 [grpc-default-executor-3] WARN  server.GrpcLogAppender (LogUtils.java:warn(134)) - 77287545-6a29-40e7-8d42-d8683b781a8c@group-8C0F0F709589->e4713c51-7079-47fd-98a0-4779501aff22-AppendLogResponseHandler: Failed appendEntries: org.apache.ratis.thirdparty.io.grpc.StatusRuntimeException: UNAVAILABLE: io exception
2019-10-04 12:46:56,145 [grpc-default-executor-3] INFO  impl.FollowerInfo (FollowerInfo.java:lambda$new$0(51)) - 77287545-6a29-40e7-8d42-d8683b781a8c@group-8C0F0F709589->e4713c51-7079-47fd-98a0-4779501aff22: nextIndex: updateUnconditionally 2 -> 1
12:46:56.639 [grpc-default-executor-7] ERROR DNAudit - user=null | ip=null | op=WRITE_CHUNK {blockData=conID: 1 locID: 102904181347123213 bcsId: 12} | ret=FAILURE
org.apache.hadoop.hdds.scm.container.common.helpers.ContainerNotOpenException: Container 1 in CLOSING state
	at org.apache.hadoop.ozone.container.common.impl.HddsDispatcher.validateContainerCommand(HddsDispatcher.java:434) ~[hadoop-hdds-container-service-0.5.0-SNAPSHOT.jar:?]
	at org.apache.hadoop.ozone.container.common.transport.server.ratis.ContainerStateMachine.startTransaction(ContainerStateMachine.java:319) ~[hadoop-hdds-container-service-0.5.0-SNAPSHOT.jar:?]
	at org.apache.ratis.server.impl.RaftServerImpl.submitClientRequestAsync(RaftServerImpl.java:569) ~[ratis-server-0.5.0-201fc85-SNAPSHOT.jar:0.5.0-201fc85-SNAPSHOT]
	at org.apache.ratis.server.impl.RaftServerProxy.lambda$submitClientRequestAsync$7(RaftServerProxy.java:333) ~[ratis-server-0.5.0-201fc85-SNAPSHOT.jar:0.5.0-201fc85-SNAPSHOT]
	at org.apache.ratis.server.impl.RaftServerProxy.lambda$null$5(RaftServerProxy.java:328) ~[ratis-server-0.5.0-201fc85-SNAPSHOT.jar:0.5.0-201fc85-SNAPSHOT]
	at org.apache.ratis.util.JavaUtils.callAsUnchecked(JavaUtils.java:109) ~[ratis-common-0.5.0-201fc85-SNAPSHOT.jar:0.5.0-201fc85-SNAPSHOT]
	at org.apache.ratis.server.impl.RaftServerProxy.lambda$submitRequest$6(RaftServerProxy.java:328) ~[ratis-server-0.5.0-201fc85-SNAPSHOT.jar:0.5.0-201fc85-SNAPSHOT]
	at java.util.concurrent.CompletableFuture.uniComposeStage(CompletableFuture.java:981) ~[?:1.8.0_212]
	at java.util.concurrent.CompletableFuture.thenCompose(CompletableFuture.java:2124) ~[?:1.8.0_212]
	at org.apache.ratis.server.impl.RaftServerProxy.submitRequest(RaftServerProxy.java:327) ~[ratis-server-0.5.0-201fc85-SNAPSHOT.jar:0.5.0-201fc85-SNAPSHOT]
	at org.apache.ratis.server.impl.RaftServerProxy.submitClientRequestAsync(RaftServerProxy.java:333) ~[ratis-server-0.5.0-201fc85-SNAPSHOT.jar:0.5.0-201fc85-SNAPSHOT]
	at org.apache.ratis.grpc.client.GrpcClientProtocolService$RequestStreamObserver.processClientRequest(GrpcClientProtocolService.java:220) ~[ratis-grpc-0.5.0-201fc85-SNAPSHOT.jar:0.5.0-201fc85-SNAPSHOT]
	at org.apache.ratis.grpc.client.GrpcClientProtocolService$OrderedRequestStreamObserver.processClientRequest(GrpcClientProtocolService.java:326) ~[ratis-grpc-0.5.0-201fc85-SNAPSHOT.jar:0.5.0-201fc85-SNAPSHOT]
	at org.apache.ratis.util.SlidingWindow$Server.processRequestsFromHead(SlidingWindow.java:429) [ratis-common-0.5.0-201fc85-SNAPSHOT.jar:0.5.0-201fc85-SNAPSHOT]
	at org.apache.ratis.util.SlidingWindow$Server.receivedRequest(SlidingWindow.java:421) [ratis-common-0.5.0-201fc85-SNAPSHOT.jar:0.5.0-201fc85-SNAPSHOT]
	at org.apache.ratis.grpc.client.GrpcClientProtocolService$OrderedRequestStreamObserver.processClientRequest(GrpcClientProtocolService.java:345) [ratis-grpc-0.5.0-201fc85-SNAPSHOT.jar:0.5.0-201fc85-SNAPSHOT]
	at org.apache.ratis.grpc.client.GrpcClientProtocolService$RequestStreamObserver.onNext(GrpcClientProtocolService.java:240) [ratis-grpc-0.5.0-201fc85-SNAPSHOT.jar:0.5.0-201fc85-SNAPSHOT]
	at org.apache.ratis.grpc.client.GrpcClientProtocolService$RequestStreamObserver.onNext(GrpcClientProtocolService.java:168) [ratis-grpc-0.5.0-201fc85-SNAPSHOT.jar:0.5.0-201fc85-SNAPSHOT]
	at org.apache.ratis.thirdparty.io.grpc.stub.ServerCalls$StreamingServerCallHandler$StreamingServerCallListener.onMessage(ServerCalls.java:248) [ratis-thirdparty-misc-0.2.0.jar:0.2.0]
	at org.apache.ratis.thirdparty.io.grpc.internal.ServerCallImpl$ServerStreamListenerImpl.messagesAvailable(ServerCallImpl.java:263) [ratis-thirdparty-misc-0.2.0.jar:0.2.0]
	at org.apache.ratis.thirdparty.io.grpc.internal.ServerImpl$JumpToApplicationThreadServerStreamListener$1MessagesAvailable.runInContext(ServerImpl.java:686) [ratis-thirdparty-misc-0.2.0.jar:0.2.0]
	at org.apache.ratis.thirdparty.io.grpc.internal.ContextRunnable.run(ContextRunnable.java:37) [ratis-thirdparty-misc-0.2.0.jar:0.2.0]
	at org.apache.ratis.thirdparty.io.grpc.internal.SerializingExecutor.run(SerializingExecutor.java:123) [ratis-thirdparty-misc-0.2.0.jar:0.2.0]
	at java.util.concurrent.ThreadPoolExecutor.runWorker(ThreadPoolExecutor.java:1149) [?:1.8.0_212]
	at java.util.concurrent.ThreadPoolExecutor$Worker.run(ThreadPoolExecutor.java:624) [?:1.8.0_212]
	at java.lang.Thread.run(Thread.java:748) [?:1.8.0_212]
12:46:56.656 [grpc-default-executor-7] ERROR DNAudit - user=null | ip=null | op=WRITE_CHUNK {blockData=conID: 1 locID: 102904181347123213 bcsId: 12} | ret=FAILURE
org.apache.hadoop.hdds.scm.container.common.helpers.ContainerNotOpenException: Container 1 in CLOSING state
	at org.apache.hadoop.ozone.container.common.impl.HddsDispatcher.validateContainerCommand(HddsDispatcher.java:434) ~[hadoop-hdds-container-service-0.5.0-SNAPSHOT.jar:?]
	at org.apache.hadoop.ozone.container.common.transport.server.ratis.ContainerStateMachine.startTransaction(ContainerStateMachine.java:319) ~[hadoop-hdds-container-service-0.5.0-SNAPSHOT.jar:?]
	at org.apache.ratis.server.impl.RaftServerImpl.submitClientRequestAsync(RaftServerImpl.java:569) ~[ratis-server-0.5.0-201fc85-SNAPSHOT.jar:0.5.0-201fc85-SNAPSHOT]
	at org.apache.ratis.server.impl.RaftServerProxy.lambda$submitClientRequestAsync$7(RaftServerProxy.java:333) ~[ratis-server-0.5.0-201fc85-SNAPSHOT.jar:0.5.0-201fc85-SNAPSHOT]
	at org.apache.ratis.server.impl.RaftServerProxy.lambda$null$5(RaftServerProxy.java:328) ~[ratis-server-0.5.0-201fc85-SNAPSHOT.jar:0.5.0-201fc85-SNAPSHOT]
	at org.apache.ratis.util.JavaUtils.callAsUnchecked(JavaUtils.java:109) ~[ratis-common-0.5.0-201fc85-SNAPSHOT.jar:0.5.0-201fc85-SNAPSHOT]
	at org.apache.ratis.server.impl.RaftServerProxy.lambda$submitRequest$6(RaftServerProxy.java:328) ~[ratis-server-0.5.0-201fc85-SNAPSHOT.jar:0.5.0-201fc85-SNAPSHOT]
	at java.util.concurrent.CompletableFuture.uniComposeStage(CompletableFuture.java:981) ~[?:1.8.0_212]
	at java.util.concurrent.CompletableFuture.thenCompose(CompletableFuture.java:2124) ~[?:1.8.0_212]
	at org.apache.ratis.server.impl.RaftServerProxy.submitRequest(RaftServerProxy.java:327) ~[ratis-server-0.5.0-201fc85-SNAPSHOT.jar:0.5.0-201fc85-SNAPSHOT]
	at org.apache.ratis.server.impl.RaftServerProxy.submitClientRequestAsync(RaftServerProxy.java:333) ~[ratis-server-0.5.0-201fc85-SNAPSHOT.jar:0.5.0-201fc85-SNAPSHOT]
	at org.apache.ratis.grpc.client.GrpcClientProtocolService$RequestStreamObserver.processClientRequest(GrpcClientProtocolService.java:220) ~[ratis-grpc-0.5.0-201fc85-SNAPSHOT.jar:0.5.0-201fc85-SNAPSHOT]
	at org.apache.ratis.grpc.client.GrpcClientProtocolService$OrderedRequestStreamObserver.processClientRequest(GrpcClientProtocolService.java:326) ~[ratis-grpc-0.5.0-201fc85-SNAPSHOT.jar:0.5.0-201fc85-SNAPSHOT]
	at org.apache.ratis.util.SlidingWindow$Server.processRequestsFromHead(SlidingWindow.java:429) [ratis-common-0.5.0-201fc85-SNAPSHOT.jar:0.5.0-201fc85-SNAPSHOT]
	at org.apache.ratis.util.SlidingWindow$Server.receivedRequest(SlidingWindow.java:421) [ratis-common-0.5.0-201fc85-SNAPSHOT.jar:0.5.0-201fc85-SNAPSHOT]
	at org.apache.ratis.grpc.client.GrpcClientProtocolService$OrderedRequestStreamObserver.processClientRequest(GrpcClientProtocolService.java:345) [ratis-grpc-0.5.0-201fc85-SNAPSHOT.jar:0.5.0-201fc85-SNAPSHOT]
	at org.apache.ratis.grpc.client.GrpcClientProtocolService$RequestStreamObserver.onNext(GrpcClientProtocolService.java:240) [ratis-grpc-0.5.0-201fc85-SNAPSHOT.jar:0.5.0-201fc85-SNAPSHOT]
	at org.apache.ratis.grpc.client.GrpcClientProtocolService$RequestStreamObserver.onNext(GrpcClientProtocolService.java:168) [ratis-grpc-0.5.0-201fc85-SNAPSHOT.jar:0.5.0-201fc85-SNAPSHOT]
	at org.apache.ratis.thirdparty.io.grpc.stub.ServerCalls$StreamingServerCallHandler$StreamingServerCallListener.onMessage(ServerCalls.java:248) [ratis-thirdparty-misc-0.2.0.jar:0.2.0]
	at org.apache.ratis.thirdparty.io.grpc.internal.ServerCallImpl$ServerStreamListenerImpl.messagesAvailable(ServerCallImpl.java:263) [ratis-thirdparty-misc-0.2.0.jar:0.2.0]
	at org.apache.ratis.thirdparty.io.grpc.internal.ServerImpl$JumpToApplicationThreadServerStreamListener$1MessagesAvailable.runInContext(ServerImpl.java:686) [ratis-thirdparty-misc-0.2.0.jar:0.2.0]
	at org.apache.ratis.thirdparty.io.grpc.internal.ContextRunnable.run(ContextRunnable.java:37) [ratis-thirdparty-misc-0.2.0.jar:0.2.0]
	at org.apache.ratis.thirdparty.io.grpc.internal.SerializingExecutor.run(SerializingExecutor.java:123) [ratis-thirdparty-misc-0.2.0.jar:0.2.0]
	at java.util.concurrent.ThreadPoolExecutor.runWorker(ThreadPoolExecutor.java:1149) [?:1.8.0_212]
	at java.util.concurrent.ThreadPoolExecutor$Worker.run(ThreadPoolExecutor.java:624) [?:1.8.0_212]
	at java.lang.Thread.run(Thread.java:748) [?:1.8.0_212]
12:46:56.665 [grpc-default-executor-7] ERROR DNAudit - user=null | ip=null | op=PUT_BLOCK {blockData=[blockId=conID: 1 locID: 102904181347123213 bcsId: 0,size=650]} | ret=FAILURE
org.apache.hadoop.hdds.scm.container.common.helpers.ContainerNotOpenException: Container 1 in CLOSING state
	at org.apache.hadoop.ozone.container.common.impl.HddsDispatcher.validateContainerCommand(HddsDispatcher.java:434) ~[hadoop-hdds-container-service-0.5.0-SNAPSHOT.jar:?]
	at org.apache.hadoop.ozone.container.common.transport.server.ratis.ContainerStateMachine.startTransaction(ContainerStateMachine.java:319) ~[hadoop-hdds-container-service-0.5.0-SNAPSHOT.jar:?]
	at org.apache.ratis.server.impl.RaftServerImpl.submitClientRequestAsync(RaftServerImpl.java:569) ~[ratis-server-0.5.0-201fc85-SNAPSHOT.jar:0.5.0-201fc85-SNAPSHOT]
	at org.apache.ratis.server.impl.RaftServerProxy.lambda$submitClientRequestAsync$7(RaftServerProxy.java:333) ~[ratis-server-0.5.0-201fc85-SNAPSHOT.jar:0.5.0-201fc85-SNAPSHOT]
	at org.apache.ratis.server.impl.RaftServerProxy.lambda$null$5(RaftServerProxy.java:328) ~[ratis-server-0.5.0-201fc85-SNAPSHOT.jar:0.5.0-201fc85-SNAPSHOT]
	at org.apache.ratis.util.JavaUtils.callAsUnchecked(JavaUtils.java:109) ~[ratis-common-0.5.0-201fc85-SNAPSHOT.jar:0.5.0-201fc85-SNAPSHOT]
	at org.apache.ratis.server.impl.RaftServerProxy.lambda$submitRequest$6(RaftServerProxy.java:328) ~[ratis-server-0.5.0-201fc85-SNAPSHOT.jar:0.5.0-201fc85-SNAPSHOT]
	at java.util.concurrent.CompletableFuture.uniComposeStage(CompletableFuture.java:981) ~[?:1.8.0_212]
	at java.util.concurrent.CompletableFuture.thenCompose(CompletableFuture.java:2124) ~[?:1.8.0_212]
	at org.apache.ratis.server.impl.RaftServerProxy.submitRequest(RaftServerProxy.java:327) ~[ratis-server-0.5.0-201fc85-SNAPSHOT.jar:0.5.0-201fc85-SNAPSHOT]
	at org.apache.ratis.server.impl.RaftServerProxy.submitClientRequestAsync(RaftServerProxy.java:333) ~[ratis-server-0.5.0-201fc85-SNAPSHOT.jar:0.5.0-201fc85-SNAPSHOT]
	at org.apache.ratis.grpc.client.GrpcClientProtocolService$RequestStreamObserver.processClientRequest(GrpcClientProtocolService.java:220) ~[ratis-grpc-0.5.0-201fc85-SNAPSHOT.jar:0.5.0-201fc85-SNAPSHOT]
	at org.apache.ratis.grpc.client.GrpcClientProtocolService$OrderedRequestStreamObserver.processClientRequest(GrpcClientProtocolService.java:326) ~[ratis-grpc-0.5.0-201fc85-SNAPSHOT.jar:0.5.0-201fc85-SNAPSHOT]
	at org.apache.ratis.util.SlidingWindow$Server.processRequestsFromHead(SlidingWindow.java:429) [ratis-common-0.5.0-201fc85-SNAPSHOT.jar:0.5.0-201fc85-SNAPSHOT]
	at org.apache.ratis.util.SlidingWindow$Server.receivedRequest(SlidingWindow.java:421) [ratis-common-0.5.0-201fc85-SNAPSHOT.jar:0.5.0-201fc85-SNAPSHOT]
	at org.apache.ratis.grpc.client.GrpcClientProtocolService$OrderedRequestStreamObserver.processClientRequest(GrpcClientProtocolService.java:345) [ratis-grpc-0.5.0-201fc85-SNAPSHOT.jar:0.5.0-201fc85-SNAPSHOT]
	at org.apache.ratis.grpc.client.GrpcClientProtocolService$RequestStreamObserver.onNext(GrpcClientProtocolService.java:240) [ratis-grpc-0.5.0-201fc85-SNAPSHOT.jar:0.5.0-201fc85-SNAPSHOT]
	at org.apache.ratis.grpc.client.GrpcClientProtocolService$RequestStreamObserver.onNext(GrpcClientProtocolService.java:168) [ratis-grpc-0.5.0-201fc85-SNAPSHOT.jar:0.5.0-201fc85-SNAPSHOT]
	at org.apache.ratis.thirdparty.io.grpc.stub.ServerCalls$StreamingServerCallHandler$StreamingServerCallListener.onMessage(ServerCalls.java:248) [ratis-thirdparty-misc-0.2.0.jar:0.2.0]
	at org.apache.ratis.thirdparty.io.grpc.internal.ServerCallImpl$ServerStreamListenerImpl.messagesAvailable(ServerCallImpl.java:263) [ratis-thirdparty-misc-0.2.0.jar:0.2.0]
	at org.apache.ratis.thirdparty.io.grpc.internal.ServerImpl$JumpToApplicationThreadServerStreamListener$1MessagesAvailable.runInContext(ServerImpl.java:686) [ratis-thirdparty-misc-0.2.0.jar:0.2.0]
	at org.apache.ratis.thirdparty.io.grpc.internal.ContextRunnable.run(ContextRunnable.java:37) [ratis-thirdparty-misc-0.2.0.jar:0.2.0]
	at org.apache.ratis.thirdparty.io.grpc.internal.SerializingExecutor.run(SerializingExecutor.java:123) [ratis-thirdparty-misc-0.2.0.jar:0.2.0]
	at java.util.concurrent.ThreadPoolExecutor.runWorker(ThreadPoolExecutor.java:1149) [?:1.8.0_212]
	at java.util.concurrent.ThreadPoolExecutor$Worker.run(ThreadPoolExecutor.java:624) [?:1.8.0_212]
	at java.lang.Thread.run(Thread.java:748) [?:1.8.0_212]
12:46:56.667 [grpc-default-executor-7] ERROR DNAudit - user=null | ip=null | op=WRITE_CHUNK {blockData=conID: 1 locID: 102904181347123213 bcsId: 12} | ret=FAILURE
org.apache.hadoop.hdds.scm.container.common.helpers.ContainerNotOpenException: Container 1 in CLOSING state
	at org.apache.hadoop.ozone.container.common.impl.HddsDispatcher.validateContainerCommand(HddsDispatcher.java:434) ~[hadoop-hdds-container-service-0.5.0-SNAPSHOT.jar:?]
	at org.apache.hadoop.ozone.container.common.transport.server.ratis.ContainerStateMachine.startTransaction(ContainerStateMachine.java:319) ~[hadoop-hdds-container-service-0.5.0-SNAPSHOT.jar:?]
	at org.apache.ratis.server.impl.RaftServerImpl.submitClientRequestAsync(RaftServerImpl.java:569) ~[ratis-server-0.5.0-201fc85-SNAPSHOT.jar:0.5.0-201fc85-SNAPSHOT]
	at org.apache.ratis.server.impl.RaftServerProxy.lambda$submitClientRequestAsync$7(RaftServerProxy.java:333) ~[ratis-server-0.5.0-201fc85-SNAPSHOT.jar:0.5.0-201fc85-SNAPSHOT]
	at org.apache.ratis.server.impl.RaftServerProxy.lambda$null$5(RaftServerProxy.java:328) ~[ratis-server-0.5.0-201fc85-SNAPSHOT.jar:0.5.0-201fc85-SNAPSHOT]
	at org.apache.ratis.util.JavaUtils.callAsUnchecked(JavaUtils.java:109) ~[ratis-common-0.5.0-201fc85-SNAPSHOT.jar:0.5.0-201fc85-SNAPSHOT]
	at org.apache.ratis.server.impl.RaftServerProxy.lambda$submitRequest$6(RaftServerProxy.java:328) ~[ratis-server-0.5.0-201fc85-SNAPSHOT.jar:0.5.0-201fc85-SNAPSHOT]
	at java.util.concurrent.CompletableFuture.uniComposeStage(CompletableFuture.java:981) ~[?:1.8.0_212]
	at java.util.concurrent.CompletableFuture.thenCompose(CompletableFuture.java:2124) ~[?:1.8.0_212]
	at org.apache.ratis.server.impl.RaftServerProxy.submitRequest(RaftServerProxy.java:327) ~[ratis-server-0.5.0-201fc85-SNAPSHOT.jar:0.5.0-201fc85-SNAPSHOT]
	at org.apache.ratis.server.impl.RaftServerProxy.submitClientRequestAsync(RaftServerProxy.java:333) ~[ratis-server-0.5.0-201fc85-SNAPSHOT.jar:0.5.0-201fc85-SNAPSHOT]
	at org.apache.ratis.grpc.client.GrpcClientProtocolService$RequestStreamObserver.processClientRequest(GrpcClientProtocolService.java:220) ~[ratis-grpc-0.5.0-201fc85-SNAPSHOT.jar:0.5.0-201fc85-SNAPSHOT]
	at org.apache.ratis.grpc.client.GrpcClientProtocolService$OrderedRequestStreamObserver.processClientRequest(GrpcClientProtocolService.java:326) ~[ratis-grpc-0.5.0-201fc85-SNAPSHOT.jar:0.5.0-201fc85-SNAPSHOT]
	at org.apache.ratis.util.SlidingWindow$Server.processRequestsFromHead(SlidingWindow.java:429) [ratis-common-0.5.0-201fc85-SNAPSHOT.jar:0.5.0-201fc85-SNAPSHOT]
	at org.apache.ratis.util.SlidingWindow$Server.receivedRequest(SlidingWindow.java:421) [ratis-common-0.5.0-201fc85-SNAPSHOT.jar:0.5.0-201fc85-SNAPSHOT]
	at org.apache.ratis.grpc.client.GrpcClientProtocolService$OrderedRequestStreamObserver.processClientRequest(GrpcClientProtocolService.java:345) [ratis-grpc-0.5.0-201fc85-SNAPSHOT.jar:0.5.0-201fc85-SNAPSHOT]
	at org.apache.ratis.grpc.client.GrpcClientProtocolService$RequestStreamObserver.onNext(GrpcClientProtocolService.java:240) [ratis-grpc-0.5.0-201fc85-SNAPSHOT.jar:0.5.0-201fc85-SNAPSHOT]
	at org.apache.ratis.grpc.client.GrpcClientProtocolService$RequestStreamObserver.onNext(GrpcClientProtocolService.java:168) [ratis-grpc-0.5.0-201fc85-SNAPSHOT.jar:0.5.0-201fc85-SNAPSHOT]
	at org.apache.ratis.thirdparty.io.grpc.stub.ServerCalls$StreamingServerCallHandler$StreamingServerCallListener.onMessage(ServerCalls.java:248) [ratis-thirdparty-misc-0.2.0.jar:0.2.0]
	at org.apache.ratis.thirdparty.io.grpc.internal.ServerCallImpl$ServerStreamListenerImpl.messagesAvailable(ServerCallImpl.java:263) [ratis-thirdparty-misc-0.2.0.jar:0.2.0]
	at org.apache.ratis.thirdparty.io.grpc.internal.ServerImpl$JumpToApplicationThreadServerStreamListener$1MessagesAvailable.runInContext(ServerImpl.java:686) [ratis-thirdparty-misc-0.2.0.jar:0.2.0]
	at org.apache.ratis.thirdparty.io.grpc.internal.ContextRunnable.run(ContextRunnable.java:37) [ratis-thirdparty-misc-0.2.0.jar:0.2.0]
	at org.apache.ratis.thirdparty.io.grpc.internal.SerializingExecutor.run(SerializingExecutor.java:123) [ratis-thirdparty-misc-0.2.0.jar:0.2.0]
	at java.util.concurrent.ThreadPoolExecutor.runWorker(ThreadPoolExecutor.java:1149) [?:1.8.0_212]
	at java.util.concurrent.ThreadPoolExecutor$Worker.run(ThreadPoolExecutor.java:624) [?:1.8.0_212]
	at java.lang.Thread.run(Thread.java:748) [?:1.8.0_212]
12:46:56.683 [grpc-default-executor-7] ERROR DNAudit - user=null | ip=null | op=WRITE_CHUNK {blockData=conID: 1 locID: 102904181347123213 bcsId: 12} | ret=FAILURE
org.apache.hadoop.hdds.scm.container.common.helpers.ContainerNotOpenException: Container 1 in CLOSING state
	at org.apache.hadoop.ozone.container.common.impl.HddsDispatcher.validateContainerCommand(HddsDispatcher.java:434) ~[hadoop-hdds-container-service-0.5.0-SNAPSHOT.jar:?]
	at org.apache.hadoop.ozone.container.common.transport.server.ratis.ContainerStateMachine.startTransaction(ContainerStateMachine.java:319) ~[hadoop-hdds-container-service-0.5.0-SNAPSHOT.jar:?]
	at org.apache.ratis.server.impl.RaftServerImpl.submitClientRequestAsync(RaftServerImpl.java:569) ~[ratis-server-0.5.0-201fc85-SNAPSHOT.jar:0.5.0-201fc85-SNAPSHOT]
	at org.apache.ratis.server.impl.RaftServerProxy.lambda$submitClientRequestAsync$7(RaftServerProxy.java:333) ~[ratis-server-0.5.0-201fc85-SNAPSHOT.jar:0.5.0-201fc85-SNAPSHOT]
	at org.apache.ratis.server.impl.RaftServerProxy.lambda$null$5(RaftServerProxy.java:328) ~[ratis-server-0.5.0-201fc85-SNAPSHOT.jar:0.5.0-201fc85-SNAPSHOT]
	at org.apache.ratis.util.JavaUtils.callAsUnchecked(JavaUtils.java:109) ~[ratis-common-0.5.0-201fc85-SNAPSHOT.jar:0.5.0-201fc85-SNAPSHOT]
	at org.apache.ratis.server.impl.RaftServerProxy.lambda$submitRequest$6(RaftServerProxy.java:328) ~[ratis-server-0.5.0-201fc85-SNAPSHOT.jar:0.5.0-201fc85-SNAPSHOT]
	at java.util.concurrent.CompletableFuture.uniComposeStage(CompletableFuture.java:981) ~[?:1.8.0_212]
	at java.util.concurrent.CompletableFuture.thenCompose(CompletableFuture.java:2124) ~[?:1.8.0_212]
	at org.apache.ratis.server.impl.RaftServerProxy.submitRequest(RaftServerProxy.java:327) ~[ratis-server-0.5.0-201fc85-SNAPSHOT.jar:0.5.0-201fc85-SNAPSHOT]
	at org.apache.ratis.server.impl.RaftServerProxy.submitClientRequestAsync(RaftServerProxy.java:333) ~[ratis-server-0.5.0-201fc85-SNAPSHOT.jar:0.5.0-201fc85-SNAPSHOT]
	at org.apache.ratis.grpc.client.GrpcClientProtocolService$RequestStreamObserver.processClientRequest(GrpcClientProtocolService.java:220) ~[ratis-grpc-0.5.0-201fc85-SNAPSHOT.jar:0.5.0-201fc85-SNAPSHOT]
	at org.apache.ratis.grpc.client.GrpcClientProtocolService$OrderedRequestStreamObserver.processClientRequest(GrpcClientProtocolService.java:326) ~[ratis-grpc-0.5.0-201fc85-SNAPSHOT.jar:0.5.0-201fc85-SNAPSHOT]
	at org.apache.ratis.util.SlidingWindow$Server.processRequestsFromHead(SlidingWindow.java:429) [ratis-common-0.5.0-201fc85-SNAPSHOT.jar:0.5.0-201fc85-SNAPSHOT]
	at org.apache.ratis.util.SlidingWindow$Server.receivedRequest(SlidingWindow.java:421) [ratis-common-0.5.0-201fc85-SNAPSHOT.jar:0.5.0-201fc85-SNAPSHOT]
	at org.apache.ratis.grpc.client.GrpcClientProtocolService$OrderedRequestStreamObserver.processClientRequest(GrpcClientProtocolService.java:345) [ratis-grpc-0.5.0-201fc85-SNAPSHOT.jar:0.5.0-201fc85-SNAPSHOT]
	at org.apache.ratis.grpc.client.GrpcClientProtocolService$RequestStreamObserver.onNext(GrpcClientProtocolService.java:240) [ratis-grpc-0.5.0-201fc85-SNAPSHOT.jar:0.5.0-201fc85-SNAPSHOT]
	at org.apache.ratis.grpc.client.GrpcClientProtocolService$RequestStreamObserver.onNext(GrpcClientProtocolService.java:168) [ratis-grpc-0.5.0-201fc85-SNAPSHOT.jar:0.5.0-201fc85-SNAPSHOT]
	at org.apache.ratis.thirdparty.io.grpc.stub.ServerCalls$StreamingServerCallHandler$StreamingServerCallListener.onMessage(ServerCalls.java:248) [ratis-thirdparty-misc-0.2.0.jar:0.2.0]
	at org.apache.ratis.thirdparty.io.grpc.internal.ServerCallImpl$ServerStreamListenerImpl.messagesAvailable(ServerCallImpl.java:263) [ratis-thirdparty-misc-0.2.0.jar:0.2.0]
	at org.apache.ratis.thirdparty.io.grpc.internal.ServerImpl$JumpToApplicationThreadServerStreamListener$1MessagesAvailable.runInContext(ServerImpl.java:686) [ratis-thirdparty-misc-0.2.0.jar:0.2.0]
	at org.apache.ratis.thirdparty.io.grpc.internal.ContextRunnable.run(ContextRunnable.java:37) [ratis-thirdparty-misc-0.2.0.jar:0.2.0]
	at org.apache.ratis.thirdparty.io.grpc.internal.SerializingExecutor.run(SerializingExecutor.java:123) [ratis-thirdparty-misc-0.2.0.jar:0.2.0]
	at java.util.concurrent.ThreadPoolExecutor.runWorker(ThreadPoolExecutor.java:1149) [?:1.8.0_212]
	at java.util.concurrent.ThreadPoolExecutor$Worker.run(ThreadPoolExecutor.java:624) [?:1.8.0_212]
	at java.lang.Thread.run(Thread.java:748) [?:1.8.0_212]
12:46:56.693 [grpc-default-executor-7] ERROR DNAudit - user=null | ip=null | op=PUT_BLOCK {blockData=[blockId=conID: 1 locID: 102904181347123213 bcsId: 0,size=800]} | ret=FAILURE
org.apache.hadoop.hdds.scm.container.common.helpers.ContainerNotOpenException: Container 1 in CLOSING state
	at org.apache.hadoop.ozone.container.common.impl.HddsDispatcher.validateContainerCommand(HddsDispatcher.java:434) ~[hadoop-hdds-container-service-0.5.0-SNAPSHOT.jar:?]
	at org.apache.hadoop.ozone.container.common.transport.server.ratis.ContainerStateMachine.startTransaction(ContainerStateMachine.java:319) ~[hadoop-hdds-container-service-0.5.0-SNAPSHOT.jar:?]
	at org.apache.ratis.server.impl.RaftServerImpl.submitClientRequestAsync(RaftServerImpl.java:569) ~[ratis-server-0.5.0-201fc85-SNAPSHOT.jar:0.5.0-201fc85-SNAPSHOT]
	at org.apache.ratis.server.impl.RaftServerProxy.lambda$submitClientRequestAsync$7(RaftServerProxy.java:333) ~[ratis-server-0.5.0-201fc85-SNAPSHOT.jar:0.5.0-201fc85-SNAPSHOT]
	at org.apache.ratis.server.impl.RaftServerProxy.lambda$null$5(RaftServerProxy.java:328) ~[ratis-server-0.5.0-201fc85-SNAPSHOT.jar:0.5.0-201fc85-SNAPSHOT]
	at org.apache.ratis.util.JavaUtils.callAsUnchecked(JavaUtils.java:109) ~[ratis-common-0.5.0-201fc85-SNAPSHOT.jar:0.5.0-201fc85-SNAPSHOT]
	at org.apache.ratis.server.impl.RaftServerProxy.lambda$submitRequest$6(RaftServerProxy.java:328) ~[ratis-server-0.5.0-201fc85-SNAPSHOT.jar:0.5.0-201fc85-SNAPSHOT]
	at java.util.concurrent.CompletableFuture.uniComposeStage(CompletableFuture.java:981) ~[?:1.8.0_212]
	at java.util.concurrent.CompletableFuture.thenCompose(CompletableFuture.java:2124) ~[?:1.8.0_212]
	at org.apache.ratis.server.impl.RaftServerProxy.submitRequest(RaftServerProxy.java:327) ~[ratis-server-0.5.0-201fc85-SNAPSHOT.jar:0.5.0-201fc85-SNAPSHOT]
	at org.apache.ratis.server.impl.RaftServerProxy.submitClientRequestAsync(RaftServerProxy.java:333) ~[ratis-server-0.5.0-201fc85-SNAPSHOT.jar:0.5.0-201fc85-SNAPSHOT]
	at org.apache.ratis.grpc.client.GrpcClientProtocolService$RequestStreamObserver.processClientRequest(GrpcClientProtocolService.java:220) ~[ratis-grpc-0.5.0-201fc85-SNAPSHOT.jar:0.5.0-201fc85-SNAPSHOT]
	at org.apache.ratis.grpc.client.GrpcClientProtocolService$OrderedRequestStreamObserver.processClientRequest(GrpcClientProtocolService.java:326) ~[ratis-grpc-0.5.0-201fc85-SNAPSHOT.jar:0.5.0-201fc85-SNAPSHOT]
	at org.apache.ratis.util.SlidingWindow$Server.processRequestsFromHead(SlidingWindow.java:429) [ratis-common-0.5.0-201fc85-SNAPSHOT.jar:0.5.0-201fc85-SNAPSHOT]
	at org.apache.ratis.util.SlidingWindow$Server.receivedRequest(SlidingWindow.java:421) [ratis-common-0.5.0-201fc85-SNAPSHOT.jar:0.5.0-201fc85-SNAPSHOT]
	at org.apache.ratis.grpc.client.GrpcClientProtocolService$OrderedRequestStreamObserver.processClientRequest(GrpcClientProtocolService.java:345) [ratis-grpc-0.5.0-201fc85-SNAPSHOT.jar:0.5.0-201fc85-SNAPSHOT]
	at org.apache.ratis.grpc.client.GrpcClientProtocolService$RequestStreamObserver.onNext(GrpcClientProtocolService.java:240) [ratis-grpc-0.5.0-201fc85-SNAPSHOT.jar:0.5.0-201fc85-SNAPSHOT]
	at org.apache.ratis.grpc.client.GrpcClientProtocolService$RequestStreamObserver.onNext(GrpcClientProtocolService.java:168) [ratis-grpc-0.5.0-201fc85-SNAPSHOT.jar:0.5.0-201fc85-SNAPSHOT]
	at org.apache.ratis.thirdparty.io.grpc.stub.ServerCalls$StreamingServerCallHandler$StreamingServerCallListener.onMessage(ServerCalls.java:248) [ratis-thirdparty-misc-0.2.0.jar:0.2.0]
	at org.apache.ratis.thirdparty.io.grpc.internal.ServerCallImpl$ServerStreamListenerImpl.messagesAvailable(ServerCallImpl.java:263) [ratis-thirdparty-misc-0.2.0.jar:0.2.0]
	at org.apache.ratis.thirdparty.io.grpc.internal.ServerImpl$JumpToApplicationThreadServerStreamListener$1MessagesAvailable.runInContext(ServerImpl.java:686) [ratis-thirdparty-misc-0.2.0.jar:0.2.0]
	at org.apache.ratis.thirdparty.io.grpc.internal.ContextRunnable.run(ContextRunnable.java:37) [ratis-thirdparty-misc-0.2.0.jar:0.2.0]
	at org.apache.ratis.thirdparty.io.grpc.internal.SerializingExecutor.run(SerializingExecutor.java:123) [ratis-thirdparty-misc-0.2.0.jar:0.2.0]
	at java.util.concurrent.ThreadPoolExecutor.runWorker(ThreadPoolExecutor.java:1149) [?:1.8.0_212]
	at java.util.concurrent.ThreadPoolExecutor$Worker.run(ThreadPoolExecutor.java:624) [?:1.8.0_212]
	at java.lang.Thread.run(Thread.java:748) [?:1.8.0_212]
2019-10-04 12:46:57,102 [main] INFO  ozone.MiniOzoneClusterImpl (MiniOzoneClusterImpl.java:shutdown(314)) - Shutting down the Mini Ozone Cluster
2019-10-04 12:46:57,103 [main] INFO  ozone.MiniOzoneClusterImpl (MiniOzoneClusterImpl.java:stop(330)) - Stopping the Mini Ozone Cluster
2019-10-04 12:46:57,103 [main] INFO  ozone.MiniOzoneClusterImpl (MiniOzoneClusterImpl.java:stopOM(400)) - Stopping the OzoneManager
2019-10-04 12:46:57,103 [main] INFO  ipc.Server (Server.java:stop(3082)) - Stopping server on 34708
2019-10-04 12:46:57,118 [IPC Server listener on 34708] INFO  ipc.Server (Server.java:run(1185)) - Stopping IPC Server listener on 34708
2019-10-04 12:46:57,118 [main] INFO  ratis.OzoneManagerDoubleBuffer (OzoneManagerDoubleBuffer.java:stop(248)) - Stopping OMDoubleBuffer flush thread
2019-10-04 12:46:57,119 [IPC Server Responder] INFO  ipc.Server (Server.java:run(1319)) - Stopping IPC Server Responder
2019-10-04 12:46:57,121 [OMDoubleBufferFlushThread] INFO  ratis.OzoneManagerDoubleBuffer (OzoneManagerDoubleBuffer.java:flushTransactions(191)) - OMDoubleBuffer flush thread OMDoubleBufferFlushThread is interrupted and will exit. OMDoubleBufferFlushThread
2019-10-04 12:46:57,121 [main] INFO  utils.BackgroundService (BackgroundService.java:shutdown(148)) - Shutting down service KeyDeletingService
2019-10-04 12:46:57,124 [main] INFO  handler.ContextHandler (ContextHandler.java:doStop(910)) - Stopped o.e.j.w.WebAppContext@3cb6e0ee{/,null,UNAVAILABLE}{/ozoneManager}
2019-10-04 12:46:57,125 [main] INFO  server.AbstractConnector (AbstractConnector.java:doStop(318)) - Stopped ServerConnector@7b6141f0{HTTP/1.1,[http/1.1]}{0.0.0.0:0}
2019-10-04 12:46:57,125 [main] INFO  handler.ContextHandler (ContextHandler.java:doStop(910)) - Stopped o.e.j.s.ServletContextHandler@39d77de9{/static,file:///workdir/hadoop-ozone/integration-test/target/test-classes/webapps/static,UNAVAILABLE}
2019-10-04 12:46:57,125 [main] INFO  handler.ContextHandler (ContextHandler.java:doStop(910)) - Stopped o.e.j.s.ServletContextHandler@4cc12db2{/logs,file:///workdir/hadoop-ozone/integration-test/target/log,UNAVAILABLE}
2019-10-04 12:46:57,127 [main] INFO  ozone.MiniOzoneClusterImpl (MiniOzoneClusterImpl.java:stopDatanodes(377)) - Stopping the HddsDatanodes
2019-10-04 12:46:57,265 [Datanode State Machine Thread - 0] INFO  statemachine.DatanodeStateMachine (DatanodeStateMachine.java:lambda$startDaemon$0(350)) - Ozone container server started.
2019-10-04 12:46:57,894 [Datanode State Machine Thread - 0] INFO  statemachine.DatanodeStateMachine (DatanodeStateMachine.java:lambda$startDaemon$0(350)) - Ozone container server started.
2019-10-04 12:46:58,646 [grpc-default-executor-7] WARN  server.GrpcLogAppender (LogUtils.java:warn(134)) - 77287545-6a29-40e7-8d42-d8683b781a8c@group-8C0F0F709589->e4713c51-7079-47fd-98a0-4779501aff22-AppendLogResponseHandler: Failed appendEntries: org.apache.ratis.thirdparty.io.grpc.StatusRuntimeException: UNAVAILABLE: io exception
2019-10-04 12:46:58,646 [grpc-default-executor-7] INFO  impl.FollowerInfo (FollowerInfo.java:lambda$new$0(51)) - 77287545-6a29-40e7-8d42-d8683b781a8c@group-8C0F0F709589->e4713c51-7079-47fd-98a0-4779501aff22: nextIndex: updateUnconditionally 1 -> 0
2019-10-04 12:47:01,152 [grpc-default-executor-3] WARN  server.GrpcLogAppender (LogUtils.java:warn(134)) - 77287545-6a29-40e7-8d42-d8683b781a8c@group-8C0F0F709589->e4713c51-7079-47fd-98a0-4779501aff22-AppendLogResponseHandler: Failed appendEntries: org.apache.ratis.thirdparty.io.grpc.StatusRuntimeException: UNAVAILABLE: io exception
2019-10-04 12:47:01,153 [grpc-default-executor-3] INFO  impl.FollowerInfo (FollowerInfo.java:lambda$new$0(51)) - 77287545-6a29-40e7-8d42-d8683b781a8c@group-8C0F0F709589->e4713c51-7079-47fd-98a0-4779501aff22: nextIndex: updateUnconditionally 0 -> 0
2019-10-04 12:47:01,279 [EventQueue-StaleNodeForStaleNodeHandler] INFO  node.StaleNodeHandler (StaleNodeHandler.java:onMessage(58)) - Datanode 77287545-6a29-40e7-8d42-d8683b781a8c{ip: 192.168.5.134, host: pr-hdds-2222-6c7sc-20480173, networkLocation: /default-rack, certSerialId: null} moved to stale state. Finalizing its pipelines [PipelineID=176ef151-5d0b-45bb-9916-64a2ef08bea3, PipelineID=9d65434c-c4c4-4cf1-9065-8c0f0f709589]
2019-10-04 12:47:01,279 [EventQueue-StaleNodeForStaleNodeHandler] INFO  pipeline.SCMPipelineManager (SCMPipelineManager.java:finalizeAndDestroyPipeline(315)) - destroying pipeline:Pipeline[ Id: 176ef151-5d0b-45bb-9916-64a2ef08bea3, Nodes: 77287545-6a29-40e7-8d42-d8683b781a8c{ip: 192.168.5.134, host: pr-hdds-2222-6c7sc-20480173, networkLocation: /default-rack, certSerialId: null}, Type:RATIS, Factor:ONE, State:OPEN]
2019-10-04 12:47:01,280 [EventQueue-StaleNodeForStaleNodeHandler] INFO  pipeline.PipelineStateManager (PipelineStateManager.java:finalizePipeline(123)) - Pipeline Pipeline[ Id: 176ef151-5d0b-45bb-9916-64a2ef08bea3, Nodes: 77287545-6a29-40e7-8d42-d8683b781a8c{ip: 192.168.5.134, host: pr-hdds-2222-6c7sc-20480173, networkLocation: /default-rack, certSerialId: null}, Type:RATIS, Factor:ONE, State:CLOSED] moved to CLOSED state
2019-10-04 12:47:01,280 [EventQueue-StaleNodeForStaleNodeHandler] INFO  pipeline.SCMPipelineManager (SCMPipelineManager.java:finalizeAndDestroyPipeline(315)) - destroying pipeline:Pipeline[ Id: 9d65434c-c4c4-4cf1-9065-8c0f0f709589, Nodes: e4713c51-7079-47fd-98a0-4779501aff22{ip: 192.168.5.134, host: pr-hdds-2222-6c7sc-20480173, networkLocation: /default-rack, certSerialId: null}c902e921-ee31-4bfa-9489-45b373ce8637{ip: 192.168.5.134, host: pr-hdds-2222-6c7sc-20480173, networkLocation: /default-rack, certSerialId: null}77287545-6a29-40e7-8d42-d8683b781a8c{ip: 192.168.5.134, host: pr-hdds-2222-6c7sc-20480173, networkLocation: /default-rack, certSerialId: null}, Type:RATIS, Factor:THREE, State:CLOSED]
2019-10-04 12:47:01,980 [EventQueue-StaleNodeForStaleNodeHandler] INFO  node.StaleNodeHandler (StaleNodeHandler.java:onMessage(58)) - Datanode d731f014-2bef-4e1e-a18d-30643aa8b715{ip: 192.168.5.134, host: pr-hdds-2222-6c7sc-20480173, networkLocation: /default-rack, certSerialId: null} moved to stale state. Finalizing its pipelines [PipelineID=8da271b4-86ed-48a8-8090-e31791b73328, PipelineID=7b863d42-e559-45ec-b3a2-97210d9777ee]
2019-10-04 12:47:01,983 [EventQueue-StaleNodeForStaleNodeHandler] INFO  pipeline.SCMPipelineManager (SCMPipelineManager.java:finalizeAndDestroyPipeline(315)) - destroying pipeline:Pipeline[ Id: 8da271b4-86ed-48a8-8090-e31791b73328, Nodes: d731f014-2bef-4e1e-a18d-30643aa8b715{ip: 192.168.5.134, host: pr-hdds-2222-6c7sc-20480173, networkLocation: /default-rack, certSerialId: null}, Type:RATIS, Factor:ONE, State:OPEN]
2019-10-04 12:47:01,984 [EventQueue-StaleNodeForStaleNodeHandler] INFO  pipeline.PipelineStateManager (PipelineStateManager.java:finalizePipeline(123)) - Pipeline Pipeline[ Id: 8da271b4-86ed-48a8-8090-e31791b73328, Nodes: d731f014-2bef-4e1e-a18d-30643aa8b715{ip: 192.168.5.134, host: pr-hdds-2222-6c7sc-20480173, networkLocation: /default-rack, certSerialId: null}, Type:RATIS, Factor:ONE, State:CLOSED] moved to CLOSED state
2019-10-04 12:47:01,985 [EventQueue-StaleNodeForStaleNodeHandler] INFO  pipeline.SCMPipelineManager (SCMPipelineManager.java:finalizeAndDestroyPipeline(315)) - destroying pipeline:Pipeline[ Id: 7b863d42-e559-45ec-b3a2-97210d9777ee, Nodes: d731f014-2bef-4e1e-a18d-30643aa8b715{ip: 192.168.5.134, host: pr-hdds-2222-6c7sc-20480173, networkLocation: /default-rack, certSerialId: null}87787cdc-5075-4d48-b9ce-7f12b50f7552{ip: 192.168.5.134, host: pr-hdds-2222-6c7sc-20480173, networkLocation: /default-rack, certSerialId: null}276b89fc-23b6-409b-a3b1-ba154122fca0{ip: 192.168.5.134, host: pr-hdds-2222-6c7sc-20480173, networkLocation: /default-rack, certSerialId: null}, Type:RATIS, Factor:THREE, State:OPEN]
2019-10-04 12:47:01,985 [EventQueue-StaleNodeForStaleNodeHandler] INFO  pipeline.PipelineStateManager (PipelineStateManager.java:finalizePipeline(123)) - Pipeline Pipeline[ Id: 7b863d42-e559-45ec-b3a2-97210d9777ee, Nodes: d731f014-2bef-4e1e-a18d-30643aa8b715{ip: 192.168.5.134, host: pr-hdds-2222-6c7sc-20480173, networkLocation: /default-rack, certSerialId: null}87787cdc-5075-4d48-b9ce-7f12b50f7552{ip: 192.168.5.134, host: pr-hdds-2222-6c7sc-20480173, networkLocation: /default-rack, certSerialId: null}276b89fc-23b6-409b-a3b1-ba154122fca0{ip: 192.168.5.134, host: pr-hdds-2222-6c7sc-20480173, networkLocation: /default-rack, certSerialId: null}, Type:RATIS, Factor:THREE, State:CLOSED] moved to CLOSED state
2019-10-04 12:47:01,985 [EventQueue-CloseContainerForCloseContainerEventHandler] INFO  container.CloseContainerEventHandler (CloseContainerEventHandler.java:onMessage(61)) - Close container Event triggered for container : #2
2019-10-04 12:47:02,128 [main] INFO  ozoneimpl.OzoneContainer (OzoneContainer.java:stop(231)) - Attempting to stop container services.
2019-10-04 12:47:02,132 [ForkJoinPool.commonPool-worker-0] INFO  ozoneimpl.OzoneContainer (OzoneContainer.java:stop(231)) - Attempting to stop container services.
2019-10-04 12:47:02,133 [main] INFO  impl.RaftServerProxy (RaftServerProxy.java:lambda$close$4(314)) - d731f014-2bef-4e1e-a18d-30643aa8b715: close
2019-10-04 12:47:02,133 [ForkJoinPool.commonPool-worker-0] INFO  impl.RaftServerProxy (RaftServerProxy.java:lambda$close$4(314)) - 77287545-6a29-40e7-8d42-d8683b781a8c: close
2019-10-04 12:47:02,133 [main] INFO  impl.RaftServerImpl (RaftServerImpl.java:lambda$shutdown$3(247)) - d731f014-2bef-4e1e-a18d-30643aa8b715@group-E31791B73328: shutdown
2019-10-04 12:47:02,133 [ForkJoinPool.commonPool-worker-0] INFO  impl.RaftServerImpl (RaftServerImpl.java:lambda$shutdown$3(247)) - 77287545-6a29-40e7-8d42-d8683b781a8c@group-64A2EF08BEA3: shutdown
2019-10-04 12:47:02,134 [main] INFO  util.JmxRegister (JmxRegister.java:unregister(73)) - Successfully un-registered JMX Bean with object name Ratis:service=RaftServer,group=group-E31791B73328,id=d731f014-2bef-4e1e-a18d-30643aa8b715
2019-10-04 12:47:02,134 [ForkJoinPool.commonPool-worker-0] INFO  util.JmxRegister (JmxRegister.java:unregister(73)) - Successfully un-registered JMX Bean with object name Ratis:service=RaftServer,group=group-64A2EF08BEA3,id=77287545-6a29-40e7-8d42-d8683b781a8c
2019-10-04 12:47:02,134 [main] INFO  impl.RoleInfo (RoleInfo.java:shutdownLeaderState(104)) - d731f014-2bef-4e1e-a18d-30643aa8b715: shutdown LeaderState
2019-10-04 12:47:02,135 [ForkJoinPool.commonPool-worker-0] INFO  impl.RoleInfo (RoleInfo.java:shutdownLeaderState(104)) - 77287545-6a29-40e7-8d42-d8683b781a8c: shutdown LeaderState
2019-10-04 12:47:02,135 [main] INFO  impl.PendingRequests (PendingRequests.java:sendNotLeaderResponses(202)) - d731f014-2bef-4e1e-a18d-30643aa8b715@group-E31791B73328-PendingRequests: sendNotLeaderResponses
2019-10-04 12:47:02,135 [ForkJoinPool.commonPool-worker-0] INFO  impl.PendingRequests (PendingRequests.java:sendNotLeaderResponses(202)) - 77287545-6a29-40e7-8d42-d8683b781a8c@group-64A2EF08BEA3-PendingRequests: sendNotLeaderResponses
2019-10-04 12:47:02,136 [main] INFO  impl.StateMachineUpdater (StateMachineUpdater.java:stopAndJoin(136)) - d731f014-2bef-4e1e-a18d-30643aa8b715@group-E31791B73328-StateMachineUpdater: set stopIndex = 0
2019-10-04 12:47:02,136 [ForkJoinPool.commonPool-worker-0] INFO  impl.StateMachineUpdater (StateMachineUpdater.java:stopAndJoin(136)) - 77287545-6a29-40e7-8d42-d8683b781a8c@group-64A2EF08BEA3-StateMachineUpdater: set stopIndex = 0
2019-10-04 12:47:02,136 [main] INFO  impl.RaftServerImpl (ServerState.java:close(387)) - d731f014-2bef-4e1e-a18d-30643aa8b715@group-E31791B73328: closes. applyIndex: 0
2019-10-04 12:47:02,136 [ForkJoinPool.commonPool-worker-0] INFO  impl.RaftServerImpl (ServerState.java:close(387)) - 77287545-6a29-40e7-8d42-d8683b781a8c@group-64A2EF08BEA3: closes. applyIndex: 0
2019-10-04 12:47:02,137 [d731f014-2bef-4e1e-a18d-30643aa8b715@group-E31791B73328-SegmentedRaftLogWorker] INFO  segmented.SegmentedRaftLogWorker (SegmentedRaftLogWorker.java:run(316)) - d731f014-2bef-4e1e-a18d-30643aa8b715@group-E31791B73328-SegmentedRaftLogWorker was interrupted, exiting. There are 0 tasks remaining in the queue.
2019-10-04 12:47:02,137 [77287545-6a29-40e7-8d42-d8683b781a8c@group-64A2EF08BEA3-SegmentedRaftLogWorker] INFO  segmented.SegmentedRaftLogWorker (SegmentedRaftLogWorker.java:run(316)) - 77287545-6a29-40e7-8d42-d8683b781a8c@group-64A2EF08BEA3-SegmentedRaftLogWorker was interrupted, exiting. There are 0 tasks remaining in the queue.
2019-10-04 12:47:02,140 [main] INFO  segmented.SegmentedRaftLogWorker (SegmentedRaftLogWorker.java:close(224)) - d731f014-2bef-4e1e-a18d-30643aa8b715@group-E31791B73328-SegmentedRaftLogWorker close()
2019-10-04 12:47:02,140 [ForkJoinPool.commonPool-worker-0] INFO  segmented.SegmentedRaftLogWorker (SegmentedRaftLogWorker.java:close(224)) - 77287545-6a29-40e7-8d42-d8683b781a8c@group-64A2EF08BEA3-SegmentedRaftLogWorker close()
2019-10-04 12:47:02,145 [main] INFO  impl.RaftServerImpl (RaftServerImpl.java:lambda$shutdown$3(247)) - d731f014-2bef-4e1e-a18d-30643aa8b715@group-97210D9777EE: shutdown
2019-10-04 12:47:02,149 [ForkJoinPool.commonPool-worker-0] INFO  impl.RaftServerImpl (RaftServerImpl.java:lambda$shutdown$3(247)) - 77287545-6a29-40e7-8d42-d8683b781a8c@group-8C0F0F709589: shutdown
2019-10-04 12:47:02,150 [main] INFO  util.JmxRegister (JmxRegister.java:unregister(73)) - Successfully un-registered JMX Bean with object name Ratis:service=RaftServer,group=group-97210D9777EE,id=d731f014-2bef-4e1e-a18d-30643aa8b715
2019-10-04 12:47:02,151 [main] INFO  impl.RoleInfo (RoleInfo.java:shutdownLeaderState(104)) - d731f014-2bef-4e1e-a18d-30643aa8b715: shutdown LeaderState
2019-10-04 12:47:02,150 [ForkJoinPool.commonPool-worker-0] INFO  util.JmxRegister (JmxRegister.java:unregister(73)) - Successfully un-registered JMX Bean with object name Ratis:service=RaftServer,group=group-8C0F0F709589,id=77287545-6a29-40e7-8d42-d8683b781a8c
2019-10-04 12:47:02,157 [org.apache.ratis.server.impl.LogAppender$AppenderDaemon$$Lambda$528/1714880846@44eaa951] WARN  server.GrpcLogAppender (GrpcLogAppender.java:mayWait(143)) - d731f014-2bef-4e1e-a18d-30643aa8b715@group-97210D9777EE->276b89fc-23b6-409b-a3b1-ba154122fca0-GrpcLogAppender: Wait interrupted by java.lang.InterruptedException
2019-10-04 12:47:02,157 [main] INFO  impl.PendingRequests (PendingRequests.java:sendNotLeaderResponses(202)) - d731f014-2bef-4e1e-a18d-30643aa8b715@group-97210D9777EE-PendingRequests: sendNotLeaderResponses
2019-10-04 12:47:02,157 [org.apache.ratis.server.impl.LogAppender$AppenderDaemon$$Lambda$528/1714880846@39cb873e] WARN  server.GrpcLogAppender (GrpcLogAppender.java:mayWait(143)) - d731f014-2bef-4e1e-a18d-30643aa8b715@group-97210D9777EE->87787cdc-5075-4d48-b9ce-7f12b50f7552-GrpcLogAppender: Wait interrupted by java.lang.InterruptedException
2019-10-04 12:47:02,157 [ForkJoinPool.commonPool-worker-0] INFO  impl.RoleInfo (RoleInfo.java:shutdownLeaderState(104)) - 77287545-6a29-40e7-8d42-d8683b781a8c: shutdown LeaderState
2019-10-04 12:47:02,163 [main] INFO  impl.StateMachineUpdater (StateMachineUpdater.java:stopAndJoin(136)) - d731f014-2bef-4e1e-a18d-30643aa8b715@group-97210D9777EE-StateMachineUpdater: set stopIndex = 14
2019-10-04 12:47:02,163 [grpc-default-executor-3] INFO  server.GrpcServerProtocolService (GrpcServerProtocolService.java:onCompleted(113)) - 276b89fc-23b6-409b-a3b1-ba154122fca0: Completed APPEND_ENTRIES, lastRequest: d731f014-2bef-4e1e-a18d-30643aa8b715->276b89fc-23b6-409b-a3b1-ba154122fca0#21-t2, previous=(t:2, i:14), leaderCommit=14, initializing? false, entries: <empty>
2019-10-04 12:47:02,168 [org.apache.ratis.server.impl.LogAppender$AppenderDaemon$$Lambda$528/1714880846@1cd33f3] WARN  server.GrpcLogAppender (GrpcLogAppender.java:mayWait(143)) - 77287545-6a29-40e7-8d42-d8683b781a8c@group-8C0F0F709589->c902e921-ee31-4bfa-9489-45b373ce8637-GrpcLogAppender: Wait interrupted by java.lang.InterruptedException
2019-10-04 12:47:02,168 [grpc-default-executor-7] INFO  server.GrpcServerProtocolService (GrpcServerProtocolService.java:onCompleted(113)) - 87787cdc-5075-4d48-b9ce-7f12b50f7552: Completed APPEND_ENTRIES, lastRequest: d731f014-2bef-4e1e-a18d-30643aa8b715->87787cdc-5075-4d48-b9ce-7f12b50f7552#21-t2, previous=(t:2, i:14), leaderCommit=14, initializing? false, entries: <empty>
2019-10-04 12:47:02,166 [d731f014-2bef-4e1e-a18d-30643aa8b715@group-97210D9777EE-StateMachineUpdater] INFO  ratis.ContainerStateMachine (ContainerStateMachine.java:takeSnapshot(293)) - group-97210D9777EE: Taking a snapshot at:(t:2, i:12) file /workdir/hadoop-ozone/integration-test/target/test-dir/MiniOzoneClusterImpl-e6427d35-fe54-4862-a5ad-7f18edbdadb0/datanode-4/data/ratis/7b863d42-e559-45ec-b3a2-97210d9777ee/sm/snapshot.2_12
2019-10-04 12:47:02,168 [org.apache.ratis.server.impl.LogAppender$AppenderDaemon$$Lambda$528/1714880846@5ebddfdb] WARN  server.GrpcLogAppender (GrpcLogAppender.java:mayWait(143)) - 77287545-6a29-40e7-8d42-d8683b781a8c@group-8C0F0F709589->e4713c51-7079-47fd-98a0-4779501aff22-GrpcLogAppender: Wait interrupted by java.lang.InterruptedException
2019-10-04 12:47:02,169 [grpc-default-executor-7] INFO  server.GrpcLogAppender (GrpcLogAppender.java:onCompleted(293)) - d731f014-2bef-4e1e-a18d-30643aa8b715@group-97210D9777EE->276b89fc-23b6-409b-a3b1-ba154122fca0-AppendLogResponseHandler: follower responses appendEntries COMPLETED
2019-10-04 12:47:02,168 [ForkJoinPool.commonPool-worker-0] INFO  impl.PendingRequests (PendingRequests.java:sendNotLeaderResponses(202)) - 77287545-6a29-40e7-8d42-d8683b781a8c@group-8C0F0F709589-PendingRequests: sendNotLeaderResponses
2019-10-04 12:47:02,169 [grpc-default-executor-3] INFO  server.GrpcServerProtocolService (GrpcServerProtocolService.java:onCompleted(113)) - c902e921-ee31-4bfa-9489-45b373ce8637: Completed APPEND_ENTRIES, lastRequest: 77287545-6a29-40e7-8d42-d8683b781a8c->c902e921-ee31-4bfa-9489-45b373ce8637#4-t2, previous=(t:2, i:16), leaderCommit=16, initializing? false, entries: <empty>
2019-10-04 12:47:02,169 [grpc-default-executor-8] INFO  server.GrpcLogAppender (GrpcLogAppender.java:onCompleted(293)) - d731f014-2bef-4e1e-a18d-30643aa8b715@group-97210D9777EE->87787cdc-5075-4d48-b9ce-7f12b50f7552-AppendLogResponseHandler: follower responses appendEntries COMPLETED
2019-10-04 12:47:02,170 [ForkJoinPool.commonPool-worker-0] INFO  impl.StateMachineUpdater (StateMachineUpdater.java:stopAndJoin(136)) - 77287545-6a29-40e7-8d42-d8683b781a8c@group-8C0F0F709589-StateMachineUpdater: set stopIndex = 16
2019-10-04 12:47:02,170 [grpc-default-executor-3] INFO  server.GrpcLogAppender (GrpcLogAppender.java:onCompleted(293)) - 77287545-6a29-40e7-8d42-d8683b781a8c@group-8C0F0F709589->c902e921-ee31-4bfa-9489-45b373ce8637-AppendLogResponseHandler: follower responses appendEntries COMPLETED
2019-10-04 12:47:02,170 [77287545-6a29-40e7-8d42-d8683b781a8c@group-8C0F0F709589-StateMachineUpdater] INFO  ratis.ContainerStateMachine (ContainerStateMachine.java:takeSnapshot(293)) - group-8C0F0F709589: Taking a snapshot at:(t:1, i:12) file /workdir/hadoop-ozone/integration-test/target/test-dir/MiniOzoneClusterImpl-e6427d35-fe54-4862-a5ad-7f18edbdadb0/datanode-2/data/ratis/9d65434c-c4c4-4cf1-9065-8c0f0f709589/sm/snapshot.1_12
2019-10-04 12:47:02,170 [grpc-default-executor-7] INFO  impl.FollowerInfo (FollowerInfo.java:lambda$new$0(51)) - d731f014-2bef-4e1e-a18d-30643aa8b715@group-97210D9777EE->276b89fc-23b6-409b-a3b1-ba154122fca0: nextIndex: updateUnconditionally 15 -> 14
2019-10-04 12:47:02,171 [grpc-default-executor-3] INFO  impl.FollowerInfo (FollowerInfo.java:lambda$new$0(51)) - 77287545-6a29-40e7-8d42-d8683b781a8c@group-8C0F0F709589->c902e921-ee31-4bfa-9489-45b373ce8637: nextIndex: updateUnconditionally 17 -> 16
2019-10-04 12:47:02,170 [grpc-default-executor-8] INFO  impl.FollowerInfo (FollowerInfo.java:lambda$new$0(51)) - d731f014-2bef-4e1e-a18d-30643aa8b715@group-97210D9777EE->87787cdc-5075-4d48-b9ce-7f12b50f7552: nextIndex: updateUnconditionally 15 -> 14
2019-10-04 12:47:02,194 [d731f014-2bef-4e1e-a18d-30643aa8b715@group-97210D9777EE-StateMachineUpdater] INFO  ratis.ContainerStateMachine (ContainerStateMachine.java:takeSnapshot(304)) - group-97210D9777EE: Finished taking a snapshot at:(t:2, i:12) file:/workdir/hadoop-ozone/integration-test/target/test-dir/MiniOzoneClusterImpl-e6427d35-fe54-4862-a5ad-7f18edbdadb0/datanode-4/data/ratis/7b863d42-e559-45ec-b3a2-97210d9777ee/sm/snapshot.2_12 time:31
2019-10-04 12:47:02,194 [77287545-6a29-40e7-8d42-d8683b781a8c@group-8C0F0F709589-StateMachineUpdater] INFO  ratis.ContainerStateMachine (ContainerStateMachine.java:takeSnapshot(304)) - group-8C0F0F709589: Finished taking a snapshot at:(t:1, i:12) file:/workdir/hadoop-ozone/integration-test/target/test-dir/MiniOzoneClusterImpl-e6427d35-fe54-4862-a5ad-7f18edbdadb0/datanode-2/data/ratis/9d65434c-c4c4-4cf1-9065-8c0f0f709589/sm/snapshot.1_12 time:24
2019-10-04 12:47:02,194 [d731f014-2bef-4e1e-a18d-30643aa8b715@group-97210D9777EE-StateMachineUpdater] INFO  impl.StateMachineUpdater (StateMachineUpdater.java:takeSnapshot(269)) - d731f014-2bef-4e1e-a18d-30643aa8b715@group-97210D9777EE-StateMachineUpdater: Took a snapshot at index 12
2019-10-04 12:47:02,195 [d731f014-2bef-4e1e-a18d-30643aa8b715@group-97210D9777EE-StateMachineUpdater] INFO  impl.StateMachineUpdater (StateMachineUpdater.java:lambda$new$0(84)) - d731f014-2bef-4e1e-a18d-30643aa8b715@group-97210D9777EE-StateMachineUpdater: snapshotIndex: updateIncreasingly -1 -> 12
2019-10-04 12:47:02,195 [77287545-6a29-40e7-8d42-d8683b781a8c@group-8C0F0F709589-StateMachineUpdater] INFO  impl.StateMachineUpdater (StateMachineUpdater.java:takeSnapshot(269)) - 77287545-6a29-40e7-8d42-d8683b781a8c@group-8C0F0F709589-StateMachineUpdater: Took a snapshot at index 12
2019-10-04 12:47:02,195 [77287545-6a29-40e7-8d42-d8683b781a8c@group-8C0F0F709589-StateMachineUpdater] INFO  impl.StateMachineUpdater (StateMachineUpdater.java:lambda$new$0(84)) - 77287545-6a29-40e7-8d42-d8683b781a8c@group-8C0F0F709589-StateMachineUpdater: snapshotIndex: updateIncreasingly -1 -> 12
2019-10-04 12:47:02,195 [d731f014-2bef-4e1e-a18d-30643aa8b715@group-97210D9777EE-StateMachineUpdater] INFO  ratis.ContainerStateMachine (ContainerStateMachine.java:takeSnapshot(293)) - group-97210D9777EE: Taking a snapshot at:(t:2, i:12) file /workdir/hadoop-ozone/integration-test/target/test-dir/MiniOzoneClusterImpl-e6427d35-fe54-4862-a5ad-7f18edbdadb0/datanode-4/data/ratis/7b863d42-e559-45ec-b3a2-97210d9777ee/sm/snapshot.2_12
2019-10-04 12:47:02,195 [77287545-6a29-40e7-8d42-d8683b781a8c@group-8C0F0F709589-StateMachineUpdater] INFO  ratis.ContainerStateMachine (ContainerStateMachine.java:takeSnapshot(293)) - group-8C0F0F709589: Taking a snapshot at:(t:1, i:12) file /workdir/hadoop-ozone/integration-test/target/test-dir/MiniOzoneClusterImpl-e6427d35-fe54-4862-a5ad-7f18edbdadb0/datanode-2/data/ratis/9d65434c-c4c4-4cf1-9065-8c0f0f709589/sm/snapshot.1_12
2019-10-04 12:47:02,207 [77287545-6a29-40e7-8d42-d8683b781a8c@group-8C0F0F709589-StateMachineUpdater] INFO  ratis.ContainerStateMachine (ContainerStateMachine.java:takeSnapshot(304)) - group-8C0F0F709589: Finished taking a snapshot at:(t:1, i:12) file:/workdir/hadoop-ozone/integration-test/target/test-dir/MiniOzoneClusterImpl-e6427d35-fe54-4862-a5ad-7f18edbdadb0/datanode-2/data/ratis/9d65434c-c4c4-4cf1-9065-8c0f0f709589/sm/snapshot.1_12 time:12
2019-10-04 12:47:02,207 [d731f014-2bef-4e1e-a18d-30643aa8b715@group-97210D9777EE-StateMachineUpdater] INFO  ratis.ContainerStateMachine (ContainerStateMachine.java:takeSnapshot(304)) - group-97210D9777EE: Finished taking a snapshot at:(t:2, i:12) file:/workdir/hadoop-ozone/integration-test/target/test-dir/MiniOzoneClusterImpl-e6427d35-fe54-4862-a5ad-7f18edbdadb0/datanode-4/data/ratis/7b863d42-e559-45ec-b3a2-97210d9777ee/sm/snapshot.2_12 time:12
2019-10-04 12:47:02,208 [77287545-6a29-40e7-8d42-d8683b781a8c@group-8C0F0F709589-StateMachineUpdater] INFO  impl.StateMachineUpdater (StateMachineUpdater.java:takeSnapshot(269)) - 77287545-6a29-40e7-8d42-d8683b781a8c@group-8C0F0F709589-StateMachineUpdater: Took a snapshot at index 12
2019-10-04 12:47:02,208 [d731f014-2bef-4e1e-a18d-30643aa8b715@group-97210D9777EE-StateMachineUpdater] INFO  impl.StateMachineUpdater (StateMachineUpdater.java:takeSnapshot(269)) - d731f014-2bef-4e1e-a18d-30643aa8b715@group-97210D9777EE-StateMachineUpdater: Took a snapshot at index 12
2019-10-04 12:47:02,208 [77287545-6a29-40e7-8d42-d8683b781a8c@group-8C0F0F709589-StateMachineUpdater] INFO  impl.StateMachineUpdater (StateMachineUpdater.java:lambda$new$0(84)) - 77287545-6a29-40e7-8d42-d8683b781a8c@group-8C0F0F709589-StateMachineUpdater: snapshotIndex: updateIncreasingly 12 -> 12
2019-10-04 12:47:02,208 [d731f014-2bef-4e1e-a18d-30643aa8b715@group-97210D9777EE-StateMachineUpdater] INFO  impl.StateMachineUpdater (StateMachineUpdater.java:lambda$new$0(84)) - d731f014-2bef-4e1e-a18d-30643aa8b715@group-97210D9777EE-StateMachineUpdater: snapshotIndex: updateIncreasingly 12 -> 12
2019-10-04 12:47:02,208 [ForkJoinPool.commonPool-worker-0] INFO  impl.RaftServerImpl (ServerState.java:close(387)) - 77287545-6a29-40e7-8d42-d8683b781a8c@group-8C0F0F709589: closes. applyIndex: 16
2019-10-04 12:47:02,208 [main] INFO  impl.RaftServerImpl (ServerState.java:close(387)) - d731f014-2bef-4e1e-a18d-30643aa8b715@group-97210D9777EE: closes. applyIndex: 14
2019-10-04 12:47:02,209 [77287545-6a29-40e7-8d42-d8683b781a8c@group-8C0F0F709589-SegmentedRaftLogWorker] INFO  segmented.SegmentedRaftLogWorker (SegmentedRaftLogWorker.java:run(316)) - 77287545-6a29-40e7-8d42-d8683b781a8c@group-8C0F0F709589-SegmentedRaftLogWorker was interrupted, exiting. There are 0 tasks remaining in the queue.
2019-10-04 12:47:02,209 [d731f014-2bef-4e1e-a18d-30643aa8b715@group-97210D9777EE-SegmentedRaftLogWorker] INFO  segmented.SegmentedRaftLogWorker (SegmentedRaftLogWorker.java:run(316)) - d731f014-2bef-4e1e-a18d-30643aa8b715@group-97210D9777EE-SegmentedRaftLogWorker was interrupted, exiting. There are 0 tasks remaining in the queue.
2019-10-04 12:47:02,212 [ForkJoinPool.commonPool-worker-0] INFO  segmented.SegmentedRaftLogWorker (SegmentedRaftLogWorker.java:close(224)) - 77287545-6a29-40e7-8d42-d8683b781a8c@group-8C0F0F709589-SegmentedRaftLogWorker close()
2019-10-04 12:47:02,214 [main] INFO  segmented.SegmentedRaftLogWorker (SegmentedRaftLogWorker.java:close(224)) - d731f014-2bef-4e1e-a18d-30643aa8b715@group-97210D9777EE-SegmentedRaftLogWorker close()
2019-10-04 12:47:02,219 [ForkJoinPool.commonPool-worker-0] INFO  server.GrpcService (GrpcService.java:closeImpl(164)) - 77287545-6a29-40e7-8d42-d8683b781a8c: shutdown server with port 44457 now
2019-10-04 12:47:02,222 [main] INFO  server.GrpcService (GrpcService.java:closeImpl(164)) - d731f014-2bef-4e1e-a18d-30643aa8b715: shutdown server with port 37655 now
2019-10-04 12:47:02,223 [ForkJoinPool.commonPool-worker-0] INFO  server.GrpcService (GrpcService.java:closeImpl(172)) - 77287545-6a29-40e7-8d42-d8683b781a8c: shutdown server with port 44457 successfully
2019-10-04 12:47:02,223 [grpc-default-executor-7] WARN  client.GrpcClientProtocolService (LogUtils.java:warn(134)) - 1-UnorderedRequestStreamObserver1: onError: org.apache.ratis.thirdparty.io.grpc.StatusRuntimeException: CANCELLED: cancelled before receiving half close
2019-10-04 12:47:02,224 [main] INFO  server.GrpcService (GrpcService.java:closeImpl(172)) - d731f014-2bef-4e1e-a18d-30643aa8b715: shutdown server with port 37655 successfully
2019-10-04 12:47:02,226 [refreshUsed-/workdir/hadoop-ozone/integration-test/target/test-dir/MiniOzoneClusterImpl-e6427d35-fe54-4862-a5ad-7f18edbdadb0/datanode-2/data/containers] WARN  fs.CachingGetSpaceUsed (CachingGetSpaceUsed.java:run(183)) - Thread Interrupted waiting to refresh disk information: sleep interrupted
2019-10-04 12:47:02,230 [refreshUsed-/workdir/hadoop-ozone/integration-test/target/test-dir/MiniOzoneClusterImpl-e6427d35-fe54-4862-a5ad-7f18edbdadb0/datanode-4/data/containers] WARN  fs.CachingGetSpaceUsed (CachingGetSpaceUsed.java:run(183)) - Thread Interrupted waiting to refresh disk information: sleep interrupted
2019-10-04 12:47:02,243 [main] INFO  utils.BackgroundService (BackgroundService.java:shutdown(148)) - Shutting down service BlockDeletingService
2019-10-04 12:47:02,249 [main] INFO  statemachine.DatanodeStateMachine (DatanodeStateMachine.java:stopDaemon(395)) - Ozone container server stopped.
2019-10-04 12:47:02,251 [main] INFO  handler.ContextHandler (ContextHandler.java:doStop(910)) - Stopped o.e.j.w.WebAppContext@4703c998{/,null,UNAVAILABLE}{/hddsDatanode}
2019-10-04 12:47:02,251 [main] INFO  server.AbstractConnector (AbstractConnector.java:doStop(318)) - Stopped ServerConnector@71166348{HTTP/1.1,[http/1.1]}{0.0.0.0:0}
2019-10-04 12:47:02,252 [ForkJoinPool.commonPool-worker-0] INFO  utils.BackgroundService (BackgroundService.java:shutdown(148)) - Shutting down service BlockDeletingService
2019-10-04 12:47:02,252 [main] INFO  handler.ContextHandler (ContextHandler.java:doStop(910)) - Stopped o.e.j.s.ServletContextHandler@56cfe6be{/static,jar:file:/home/user/.m2/repository/org/apache/hadoop/hadoop-hdds-container-service/0.5.0-SNAPSHOT/hadoop-hdds-container-service-0.5.0-SNAPSHOT.jar!/webapps/static,UNAVAILABLE}
2019-10-04 12:47:02,256 [ForkJoinPool.commonPool-worker-0] INFO  statemachine.DatanodeStateMachine (DatanodeStateMachine.java:stopDaemon(395)) - Ozone container server stopped.
2019-10-04 12:47:02,257 [main] INFO  handler.ContextHandler (ContextHandler.java:doStop(910)) - Stopped o.e.j.s.ServletContextHandler@342beaf6{/logs,file:///workdir/hadoop-ozone/integration-test/target/log,UNAVAILABLE}
2019-10-04 12:47:02,261 [ForkJoinPool.commonPool-worker-0] INFO  handler.ContextHandler (ContextHandler.java:doStop(910)) - Stopped o.e.j.w.WebAppContext@7f0766ef{/,null,UNAVAILABLE}{/hddsDatanode}
2019-10-04 12:47:02,262 [ForkJoinPool.commonPool-worker-0] INFO  server.AbstractConnector (AbstractConnector.java:doStop(318)) - Stopped ServerConnector@1e56bc9b{HTTP/1.1,[http/1.1]}{0.0.0.0:0}
2019-10-04 12:47:02,263 [ForkJoinPool.commonPool-worker-0] INFO  handler.ContextHandler (ContextHandler.java:doStop(910)) - Stopped o.e.j.s.ServletContextHandler@5384ce66{/static,jar:file:/home/user/.m2/repository/org/apache/hadoop/hadoop-hdds-container-service/0.5.0-SNAPSHOT/hadoop-hdds-container-service-0.5.0-SNAPSHOT.jar!/webapps/static,UNAVAILABLE}
2019-10-04 12:47:02,265 [ForkJoinPool.commonPool-worker-0] INFO  handler.ContextHandler (ContextHandler.java:doStop(910)) - Stopped o.e.j.s.ServletContextHandler@241b971f{/logs,file:///workdir/hadoop-ozone/integration-test/target/log,UNAVAILABLE}
2019-10-04 12:47:02,267 [Datanode State Machine Thread - 0] INFO  statemachine.DatanodeStateMachine (DatanodeStateMachine.java:lambda$startDaemon$0(350)) - Ozone container server started.
2019-10-04 12:47:02,895 [Datanode State Machine Thread - 0] INFO  statemachine.DatanodeStateMachine (DatanodeStateMachine.java:lambda$startDaemon$0(350)) - Ozone container server started.
2019-10-04 12:47:06,285 [EventQueue-StaleNodeForStaleNodeHandler] INFO  node.StaleNodeHandler (StaleNodeHandler.java:onMessage(58)) - Datanode c902e921-ee31-4bfa-9489-45b373ce8637{ip: 192.168.5.134, host: pr-hdds-2222-6c7sc-20480173, networkLocation: /default-rack, certSerialId: null} moved to stale state. Finalizing its pipelines [PipelineID=b1e4ba91-260f-4a1a-9d35-92a53f8c77ec, PipelineID=9d65434c-c4c4-4cf1-9065-8c0f0f709589]
2019-10-04 12:47:06,285 [EventQueue-StaleNodeForStaleNodeHandler] INFO  pipeline.SCMPipelineManager (SCMPipelineManager.java:finalizeAndDestroyPipeline(315)) - destroying pipeline:Pipeline[ Id: b1e4ba91-260f-4a1a-9d35-92a53f8c77ec, Nodes: c902e921-ee31-4bfa-9489-45b373ce8637{ip: 192.168.5.134, host: pr-hdds-2222-6c7sc-20480173, networkLocation: /default-rack, certSerialId: null}, Type:RATIS, Factor:ONE, State:OPEN]
2019-10-04 12:47:06,286 [EventQueue-StaleNodeForStaleNodeHandler] INFO  pipeline.PipelineStateManager (PipelineStateManager.java:finalizePipeline(123)) - Pipeline Pipeline[ Id: b1e4ba91-260f-4a1a-9d35-92a53f8c77ec, Nodes: c902e921-ee31-4bfa-9489-45b373ce8637{ip: 192.168.5.134, host: pr-hdds-2222-6c7sc-20480173, networkLocation: /default-rack, certSerialId: null}, Type:RATIS, Factor:ONE, State:CLOSED] moved to CLOSED state
2019-10-04 12:47:06,286 [EventQueue-StaleNodeForStaleNodeHandler] INFO  pipeline.SCMPipelineManager (SCMPipelineManager.java:finalizeAndDestroyPipeline(315)) - destroying pipeline:Pipeline[ Id: 9d65434c-c4c4-4cf1-9065-8c0f0f709589, Nodes: e4713c51-7079-47fd-98a0-4779501aff22{ip: 192.168.5.134, host: pr-hdds-2222-6c7sc-20480173, networkLocation: /default-rack, certSerialId: null}c902e921-ee31-4bfa-9489-45b373ce8637{ip: 192.168.5.134, host: pr-hdds-2222-6c7sc-20480173, networkLocation: /default-rack, certSerialId: null}77287545-6a29-40e7-8d42-d8683b781a8c{ip: 192.168.5.134, host: pr-hdds-2222-6c7sc-20480173, networkLocation: /default-rack, certSerialId: null}, Type:RATIS, Factor:THREE, State:CLOSED]
2019-10-04 12:47:06,986 [EventQueue-StaleNodeForStaleNodeHandler] INFO  node.StaleNodeHandler (StaleNodeHandler.java:onMessage(58)) - Datanode 87787cdc-5075-4d48-b9ce-7f12b50f7552{ip: 192.168.5.134, host: pr-hdds-2222-6c7sc-20480173, networkLocation: /default-rack, certSerialId: null} moved to stale state. Finalizing its pipelines [PipelineID=4f6b1d39-120b-4346-aa9c-49482b1c16a1, PipelineID=7b863d42-e559-45ec-b3a2-97210d9777ee]
2019-10-04 12:47:06,986 [EventQueue-StaleNodeForStaleNodeHandler] INFO  pipeline.SCMPipelineManager (SCMPipelineManager.java:finalizeAndDestroyPipeline(315)) - destroying pipeline:Pipeline[ Id: 4f6b1d39-120b-4346-aa9c-49482b1c16a1, Nodes: 87787cdc-5075-4d48-b9ce-7f12b50f7552{ip: 192.168.5.134, host: pr-hdds-2222-6c7sc-20480173, networkLocation: /default-rack, certSerialId: null}, Type:RATIS, Factor:ONE, State:OPEN]
2019-10-04 12:47:06,986 [EventQueue-StaleNodeForStaleNodeHandler] INFO  pipeline.PipelineStateManager (PipelineStateManager.java:finalizePipeline(123)) - Pipeline Pipeline[ Id: 4f6b1d39-120b-4346-aa9c-49482b1c16a1, Nodes: 87787cdc-5075-4d48-b9ce-7f12b50f7552{ip: 192.168.5.134, host: pr-hdds-2222-6c7sc-20480173, networkLocation: /default-rack, certSerialId: null}, Type:RATIS, Factor:ONE, State:CLOSED] moved to CLOSED state
2019-10-04 12:47:06,987 [EventQueue-StaleNodeForStaleNodeHandler] INFO  pipeline.SCMPipelineManager (SCMPipelineManager.java:finalizeAndDestroyPipeline(315)) - destroying pipeline:Pipeline[ Id: 7b863d42-e559-45ec-b3a2-97210d9777ee, Nodes: d731f014-2bef-4e1e-a18d-30643aa8b715{ip: 192.168.5.134, host: pr-hdds-2222-6c7sc-20480173, networkLocation: /default-rack, certSerialId: null}87787cdc-5075-4d48-b9ce-7f12b50f7552{ip: 192.168.5.134, host: pr-hdds-2222-6c7sc-20480173, networkLocation: /default-rack, certSerialId: null}276b89fc-23b6-409b-a3b1-ba154122fca0{ip: 192.168.5.134, host: pr-hdds-2222-6c7sc-20480173, networkLocation: /default-rack, certSerialId: null}, Type:RATIS, Factor:THREE, State:CLOSED]
2019-10-04 12:47:07,266 [main] INFO  ozoneimpl.OzoneContainer (OzoneContainer.java:stop(231)) - Attempting to stop container services.
2019-10-04 12:47:07,269 [ForkJoinPool.commonPool-worker-0] INFO  ozoneimpl.OzoneContainer (OzoneContainer.java:stop(231)) - Attempting to stop container services.
2019-10-04 12:47:07,271 [main] INFO  impl.RaftServerProxy (RaftServerProxy.java:lambda$close$4(314)) - 87787cdc-5075-4d48-b9ce-7f12b50f7552: close
2019-10-04 12:47:07,271 [ForkJoinPool.commonPool-worker-0] INFO  impl.RaftServerProxy (RaftServerProxy.java:lambda$close$4(314)) - c902e921-ee31-4bfa-9489-45b373ce8637: close
2019-10-04 12:47:07,272 [main] INFO  impl.RaftServerImpl (RaftServerImpl.java:lambda$shutdown$3(247)) - 87787cdc-5075-4d48-b9ce-7f12b50f7552@group-49482B1C16A1: shutdown
2019-10-04 12:47:07,272 [ForkJoinPool.commonPool-worker-0] INFO  impl.RaftServerImpl (RaftServerImpl.java:lambda$shutdown$3(247)) - c902e921-ee31-4bfa-9489-45b373ce8637@group-92A53F8C77EC: shutdown
2019-10-04 12:47:07,272 [main] INFO  util.JmxRegister (JmxRegister.java:unregister(73)) - Successfully un-registered JMX Bean with object name Ratis:service=RaftServer,group=group-49482B1C16A1,id=87787cdc-5075-4d48-b9ce-7f12b50f7552
2019-10-04 12:47:07,272 [ForkJoinPool.commonPool-worker-0] INFO  util.JmxRegister (JmxRegister.java:unregister(73)) - Successfully un-registered JMX Bean with object name Ratis:service=RaftServer,group=group-92A53F8C77EC,id=c902e921-ee31-4bfa-9489-45b373ce8637
2019-10-04 12:47:07,272 [main] INFO  impl.RoleInfo (RoleInfo.java:shutdownLeaderState(104)) - 87787cdc-5075-4d48-b9ce-7f12b50f7552: shutdown LeaderState
2019-10-04 12:47:07,273 [ForkJoinPool.commonPool-worker-0] INFO  impl.RoleInfo (RoleInfo.java:shutdownLeaderState(104)) - c902e921-ee31-4bfa-9489-45b373ce8637: shutdown LeaderState
2019-10-04 12:47:07,273 [main] INFO  impl.PendingRequests (PendingRequests.java:sendNotLeaderResponses(202)) - 87787cdc-5075-4d48-b9ce-7f12b50f7552@group-49482B1C16A1-PendingRequests: sendNotLeaderResponses
2019-10-04 12:47:07,273 [ForkJoinPool.commonPool-worker-0] INFO  impl.PendingRequests (PendingRequests.java:sendNotLeaderResponses(202)) - c902e921-ee31-4bfa-9489-45b373ce8637@group-92A53F8C77EC-PendingRequests: sendNotLeaderResponses
2019-10-04 12:47:07,273 [main] INFO  impl.StateMachineUpdater (StateMachineUpdater.java:stopAndJoin(136)) - 87787cdc-5075-4d48-b9ce-7f12b50f7552@group-49482B1C16A1-StateMachineUpdater: set stopIndex = 0
2019-10-04 12:47:07,274 [ForkJoinPool.commonPool-worker-0] INFO  impl.StateMachineUpdater (StateMachineUpdater.java:stopAndJoin(136)) - c902e921-ee31-4bfa-9489-45b373ce8637@group-92A53F8C77EC-StateMachineUpdater: set stopIndex = 0
2019-10-04 12:47:07,274 [ForkJoinPool.commonPool-worker-0] INFO  impl.RaftServerImpl (ServerState.java:close(387)) - c902e921-ee31-4bfa-9489-45b373ce8637@group-92A53F8C77EC: closes. applyIndex: 0
2019-10-04 12:47:07,274 [main] INFO  impl.RaftServerImpl (ServerState.java:close(387)) - 87787cdc-5075-4d48-b9ce-7f12b50f7552@group-49482B1C16A1: closes. applyIndex: 0
2019-10-04 12:47:07,275 [c902e921-ee31-4bfa-9489-45b373ce8637@group-92A53F8C77EC-SegmentedRaftLogWorker] INFO  segmented.SegmentedRaftLogWorker (SegmentedRaftLogWorker.java:run(316)) - c902e921-ee31-4bfa-9489-45b373ce8637@group-92A53F8C77EC-SegmentedRaftLogWorker was interrupted, exiting. There are 0 tasks remaining in the queue.
2019-10-04 12:47:07,275 [87787cdc-5075-4d48-b9ce-7f12b50f7552@group-49482B1C16A1-SegmentedRaftLogWorker] INFO  segmented.SegmentedRaftLogWorker (SegmentedRaftLogWorker.java:run(316)) - 87787cdc-5075-4d48-b9ce-7f12b50f7552@group-49482B1C16A1-SegmentedRaftLogWorker was interrupted, exiting. There are 0 tasks remaining in the queue.
2019-10-04 12:47:07,278 [ForkJoinPool.commonPool-worker-0] INFO  segmented.SegmentedRaftLogWorker (SegmentedRaftLogWorker.java:close(224)) - c902e921-ee31-4bfa-9489-45b373ce8637@group-92A53F8C77EC-SegmentedRaftLogWorker close()
2019-10-04 12:47:07,278 [main] INFO  segmented.SegmentedRaftLogWorker (SegmentedRaftLogWorker.java:close(224)) - 87787cdc-5075-4d48-b9ce-7f12b50f7552@group-49482B1C16A1-SegmentedRaftLogWorker close()
2019-10-04 12:47:07,282 [ForkJoinPool.commonPool-worker-0] INFO  impl.RaftServerImpl (RaftServerImpl.java:lambda$shutdown$3(247)) - c902e921-ee31-4bfa-9489-45b373ce8637@group-8C0F0F709589: shutdown
2019-10-04 12:47:07,285 [main] INFO  impl.RaftServerImpl (RaftServerImpl.java:lambda$shutdown$3(247)) - 87787cdc-5075-4d48-b9ce-7f12b50f7552@group-97210D9777EE: shutdown
2019-10-04 12:47:07,286 [ForkJoinPool.commonPool-worker-0] INFO  util.JmxRegister (JmxRegister.java:unregister(73)) - Successfully un-registered JMX Bean with object name Ratis:service=RaftServer,group=group-8C0F0F709589,id=c902e921-ee31-4bfa-9489-45b373ce8637
2019-10-04 12:47:07,286 [main] INFO  util.JmxRegister (JmxRegister.java:unregister(73)) - Successfully un-registered JMX Bean with object name Ratis:service=RaftServer,group=group-97210D9777EE,id=87787cdc-5075-4d48-b9ce-7f12b50f7552
2019-10-04 12:47:07,286 [ForkJoinPool.commonPool-worker-0] INFO  impl.RoleInfo (RoleInfo.java:shutdownFollowerState(121)) - c902e921-ee31-4bfa-9489-45b373ce8637: shutdown FollowerState
2019-10-04 12:47:07,286 [main] INFO  impl.RoleInfo (RoleInfo.java:shutdownFollowerState(121)) - 87787cdc-5075-4d48-b9ce-7f12b50f7552: shutdown FollowerState
2019-10-04 12:47:07,287 [Thread-3227] INFO  impl.FollowerState (FollowerState.java:run(117)) - c902e921-ee31-4bfa-9489-45b373ce8637@group-8C0F0F709589-FollowerState was interrupted: java.lang.InterruptedException: sleep interrupted
2019-10-04 12:47:07,286 [ForkJoinPool.commonPool-worker-0] INFO  impl.StateMachineUpdater (StateMachineUpdater.java:stopAndJoin(136)) - c902e921-ee31-4bfa-9489-45b373ce8637@group-8C0F0F709589-StateMachineUpdater: set stopIndex = 16
2019-10-04 12:47:07,287 [c902e921-ee31-4bfa-9489-45b373ce8637@group-8C0F0F709589-StateMachineUpdater] INFO  ratis.ContainerStateMachine (ContainerStateMachine.java:takeSnapshot(293)) - group-8C0F0F709589: Taking a snapshot at:(t:1, i:12) file /workdir/hadoop-ozone/integration-test/target/test-dir/MiniOzoneClusterImpl-e6427d35-fe54-4862-a5ad-7f18edbdadb0/datanode-0/data/ratis/9d65434c-c4c4-4cf1-9065-8c0f0f709589/sm/snapshot.1_12
2019-10-04 12:47:07,287 [main] INFO  impl.StateMachineUpdater (StateMachineUpdater.java:stopAndJoin(136)) - 87787cdc-5075-4d48-b9ce-7f12b50f7552@group-97210D9777EE-StateMachineUpdater: set stopIndex = 14
2019-10-04 12:47:07,289 [Thread-3181] INFO  impl.FollowerState (FollowerState.java:run(117)) - 87787cdc-5075-4d48-b9ce-7f12b50f7552@group-97210D9777EE-FollowerState was interrupted: java.lang.InterruptedException: sleep interrupted
2019-10-04 12:47:07,289 [87787cdc-5075-4d48-b9ce-7f12b50f7552@group-97210D9777EE-StateMachineUpdater] INFO  ratis.ContainerStateMachine (ContainerStateMachine.java:takeSnapshot(293)) - group-97210D9777EE: Taking a snapshot at:(t:2, i:12) file /workdir/hadoop-ozone/integration-test/target/test-dir/MiniOzoneClusterImpl-e6427d35-fe54-4862-a5ad-7f18edbdadb0/datanode-3/data/ratis/7b863d42-e559-45ec-b3a2-97210d9777ee/sm/snapshot.2_12
2019-10-04 12:47:07,316 [c902e921-ee31-4bfa-9489-45b373ce8637@group-8C0F0F709589-StateMachineUpdater] INFO  ratis.ContainerStateMachine (ContainerStateMachine.java:takeSnapshot(304)) - group-8C0F0F709589: Finished taking a snapshot at:(t:1, i:12) file:/workdir/hadoop-ozone/integration-test/target/test-dir/MiniOzoneClusterImpl-e6427d35-fe54-4862-a5ad-7f18edbdadb0/datanode-0/data/ratis/9d65434c-c4c4-4cf1-9065-8c0f0f709589/sm/snapshot.1_12 time:30
2019-10-04 12:47:07,317 [87787cdc-5075-4d48-b9ce-7f12b50f7552@group-97210D9777EE-StateMachineUpdater] INFO  ratis.ContainerStateMachine (ContainerStateMachine.java:takeSnapshot(304)) - group-97210D9777EE: Finished taking a snapshot at:(t:2, i:12) file:/workdir/hadoop-ozone/integration-test/target/test-dir/MiniOzoneClusterImpl-e6427d35-fe54-4862-a5ad-7f18edbdadb0/datanode-3/data/ratis/7b863d42-e559-45ec-b3a2-97210d9777ee/sm/snapshot.2_12 time:28
2019-10-04 12:47:07,317 [c902e921-ee31-4bfa-9489-45b373ce8637@group-8C0F0F709589-StateMachineUpdater] INFO  impl.StateMachineUpdater (StateMachineUpdater.java:takeSnapshot(269)) - c902e921-ee31-4bfa-9489-45b373ce8637@group-8C0F0F709589-StateMachineUpdater: Took a snapshot at index 12
2019-10-04 12:47:07,317 [c902e921-ee31-4bfa-9489-45b373ce8637@group-8C0F0F709589-StateMachineUpdater] INFO  impl.StateMachineUpdater (StateMachineUpdater.java:lambda$new$0(84)) - c902e921-ee31-4bfa-9489-45b373ce8637@group-8C0F0F709589-StateMachineUpdater: snapshotIndex: updateIncreasingly -1 -> 12
2019-10-04 12:47:07,317 [87787cdc-5075-4d48-b9ce-7f12b50f7552@group-97210D9777EE-StateMachineUpdater] INFO  impl.StateMachineUpdater (StateMachineUpdater.java:takeSnapshot(269)) - 87787cdc-5075-4d48-b9ce-7f12b50f7552@group-97210D9777EE-StateMachineUpdater: Took a snapshot at index 12
2019-10-04 12:47:07,317 [87787cdc-5075-4d48-b9ce-7f12b50f7552@group-97210D9777EE-StateMachineUpdater] INFO  impl.StateMachineUpdater (StateMachineUpdater.java:lambda$new$0(84)) - 87787cdc-5075-4d48-b9ce-7f12b50f7552@group-97210D9777EE-StateMachineUpdater: snapshotIndex: updateIncreasingly -1 -> 12
2019-10-04 12:47:07,317 [c902e921-ee31-4bfa-9489-45b373ce8637@group-8C0F0F709589-StateMachineUpdater] INFO  ratis.ContainerStateMachine (ContainerStateMachine.java:takeSnapshot(293)) - group-8C0F0F709589: Taking a snapshot at:(t:1, i:12) file /workdir/hadoop-ozone/integration-test/target/test-dir/MiniOzoneClusterImpl-e6427d35-fe54-4862-a5ad-7f18edbdadb0/datanode-0/data/ratis/9d65434c-c4c4-4cf1-9065-8c0f0f709589/sm/snapshot.1_12
2019-10-04 12:47:07,318 [87787cdc-5075-4d48-b9ce-7f12b50f7552@group-97210D9777EE-StateMachineUpdater] INFO  ratis.ContainerStateMachine (ContainerStateMachine.java:takeSnapshot(293)) - group-97210D9777EE: Taking a snapshot at:(t:2, i:12) file /workdir/hadoop-ozone/integration-test/target/test-dir/MiniOzoneClusterImpl-e6427d35-fe54-4862-a5ad-7f18edbdadb0/datanode-3/data/ratis/7b863d42-e559-45ec-b3a2-97210d9777ee/sm/snapshot.2_12
2019-10-04 12:47:07,342 [c902e921-ee31-4bfa-9489-45b373ce8637@group-8C0F0F709589-StateMachineUpdater] INFO  ratis.ContainerStateMachine (ContainerStateMachine.java:takeSnapshot(304)) - group-8C0F0F709589: Finished taking a snapshot at:(t:1, i:12) file:/workdir/hadoop-ozone/integration-test/target/test-dir/MiniOzoneClusterImpl-e6427d35-fe54-4862-a5ad-7f18edbdadb0/datanode-0/data/ratis/9d65434c-c4c4-4cf1-9065-8c0f0f709589/sm/snapshot.1_12 time:25
2019-10-04 12:47:07,342 [87787cdc-5075-4d48-b9ce-7f12b50f7552@group-97210D9777EE-StateMachineUpdater] INFO  ratis.ContainerStateMachine (ContainerStateMachine.java:takeSnapshot(304)) - group-97210D9777EE: Finished taking a snapshot at:(t:2, i:12) file:/workdir/hadoop-ozone/integration-test/target/test-dir/MiniOzoneClusterImpl-e6427d35-fe54-4862-a5ad-7f18edbdadb0/datanode-3/data/ratis/7b863d42-e559-45ec-b3a2-97210d9777ee/sm/snapshot.2_12 time:25
2019-10-04 12:47:07,342 [c902e921-ee31-4bfa-9489-45b373ce8637@group-8C0F0F709589-StateMachineUpdater] INFO  impl.StateMachineUpdater (StateMachineUpdater.java:takeSnapshot(269)) - c902e921-ee31-4bfa-9489-45b373ce8637@group-8C0F0F709589-StateMachineUpdater: Took a snapshot at index 12
2019-10-04 12:47:07,343 [c902e921-ee31-4bfa-9489-45b373ce8637@group-8C0F0F709589-StateMachineUpdater] INFO  impl.StateMachineUpdater (StateMachineUpdater.java:lambda$new$0(84)) - c902e921-ee31-4bfa-9489-45b373ce8637@group-8C0F0F709589-StateMachineUpdater: snapshotIndex: updateIncreasingly 12 -> 12
2019-10-04 12:47:07,343 [87787cdc-5075-4d48-b9ce-7f12b50f7552@group-97210D9777EE-StateMachineUpdater] INFO  impl.StateMachineUpdater (StateMachineUpdater.java:takeSnapshot(269)) - 87787cdc-5075-4d48-b9ce-7f12b50f7552@group-97210D9777EE-StateMachineUpdater: Took a snapshot at index 12
2019-10-04 12:47:07,343 [ForkJoinPool.commonPool-worker-0] INFO  impl.RaftServerImpl (ServerState.java:close(387)) - c902e921-ee31-4bfa-9489-45b373ce8637@group-8C0F0F709589: closes. applyIndex: 16
2019-10-04 12:47:07,343 [87787cdc-5075-4d48-b9ce-7f12b50f7552@group-97210D9777EE-StateMachineUpdater] INFO  impl.StateMachineUpdater (StateMachineUpdater.java:lambda$new$0(84)) - 87787cdc-5075-4d48-b9ce-7f12b50f7552@group-97210D9777EE-StateMachineUpdater: snapshotIndex: updateIncreasingly 12 -> 12
2019-10-04 12:47:07,343 [c902e921-ee31-4bfa-9489-45b373ce8637@group-8C0F0F709589-SegmentedRaftLogWorker] INFO  segmented.SegmentedRaftLogWorker (SegmentedRaftLogWorker.java:run(316)) - c902e921-ee31-4bfa-9489-45b373ce8637@group-8C0F0F709589-SegmentedRaftLogWorker was interrupted, exiting. There are 0 tasks remaining in the queue.
2019-10-04 12:47:07,343 [main] INFO  impl.RaftServerImpl (ServerState.java:close(387)) - 87787cdc-5075-4d48-b9ce-7f12b50f7552@group-97210D9777EE: closes. applyIndex: 14
2019-10-04 12:47:07,345 [ForkJoinPool.commonPool-worker-0] INFO  segmented.SegmentedRaftLogWorker (SegmentedRaftLogWorker.java:close(224)) - c902e921-ee31-4bfa-9489-45b373ce8637@group-8C0F0F709589-SegmentedRaftLogWorker close()
2019-10-04 12:47:07,346 [87787cdc-5075-4d48-b9ce-7f12b50f7552@group-97210D9777EE-SegmentedRaftLogWorker] INFO  segmented.SegmentedRaftLogWorker (SegmentedRaftLogWorker.java:run(316)) - 87787cdc-5075-4d48-b9ce-7f12b50f7552@group-97210D9777EE-SegmentedRaftLogWorker was interrupted, exiting. There are 0 tasks remaining in the queue.
2019-10-04 12:47:07,349 [ForkJoinPool.commonPool-worker-0] INFO  server.GrpcService (GrpcService.java:closeImpl(164)) - c902e921-ee31-4bfa-9489-45b373ce8637: shutdown server with port 40244 now
2019-10-04 12:47:07,351 [main] INFO  segmented.SegmentedRaftLogWorker (SegmentedRaftLogWorker.java:close(224)) - 87787cdc-5075-4d48-b9ce-7f12b50f7552@group-97210D9777EE-SegmentedRaftLogWorker close()
2019-10-04 12:47:07,355 [main] INFO  server.GrpcService (GrpcService.java:closeImpl(164)) - 87787cdc-5075-4d48-b9ce-7f12b50f7552: shutdown server with port 36326 now
2019-10-04 12:47:07,355 [ForkJoinPool.commonPool-worker-0] INFO  server.GrpcService (GrpcService.java:closeImpl(172)) - c902e921-ee31-4bfa-9489-45b373ce8637: shutdown server with port 40244 successfully
2019-10-04 12:47:07,356 [main] INFO  server.GrpcService (GrpcService.java:closeImpl(172)) - 87787cdc-5075-4d48-b9ce-7f12b50f7552: shutdown server with port 36326 successfully
2019-10-04 12:47:07,361 [refreshUsed-/workdir/hadoop-ozone/integration-test/target/test-dir/MiniOzoneClusterImpl-e6427d35-fe54-4862-a5ad-7f18edbdadb0/datanode-0/data/containers] WARN  fs.CachingGetSpaceUsed (CachingGetSpaceUsed.java:run(183)) - Thread Interrupted waiting to refresh disk information: sleep interrupted
2019-10-04 12:47:07,364 [refreshUsed-/workdir/hadoop-ozone/integration-test/target/test-dir/MiniOzoneClusterImpl-e6427d35-fe54-4862-a5ad-7f18edbdadb0/datanode-3/data/containers] WARN  fs.CachingGetSpaceUsed (CachingGetSpaceUsed.java:run(183)) - Thread Interrupted waiting to refresh disk information: sleep interrupted
2019-10-04 12:47:07,383 [ForkJoinPool.commonPool-worker-0] INFO  utils.BackgroundService (BackgroundService.java:shutdown(148)) - Shutting down service BlockDeletingService
2019-10-04 12:47:07,388 [ForkJoinPool.commonPool-worker-0] INFO  statemachine.DatanodeStateMachine (DatanodeStateMachine.java:stopDaemon(395)) - Ozone container server stopped.
2019-10-04 12:47:07,393 [ForkJoinPool.commonPool-worker-0] INFO  handler.ContextHandler (ContextHandler.java:doStop(910)) - Stopped o.e.j.w.WebAppContext@10817f46{/,null,UNAVAILABLE}{/hddsDatanode}
2019-10-04 12:47:07,394 [ForkJoinPool.commonPool-worker-0] INFO  server.AbstractConnector (AbstractConnector.java:doStop(318)) - Stopped ServerConnector@2d4a3e13{HTTP/1.1,[http/1.1]}{0.0.0.0:0}
2019-10-04 12:47:07,395 [ForkJoinPool.commonPool-worker-0] INFO  handler.ContextHandler (ContextHandler.java:doStop(910)) - Stopped o.e.j.s.ServletContextHandler@5fdd97c1{/static,jar:file:/home/user/.m2/repository/org/apache/hadoop/hadoop-hdds-container-service/0.5.0-SNAPSHOT/hadoop-hdds-container-service-0.5.0-SNAPSHOT.jar!/webapps/static,UNAVAILABLE}
2019-10-04 12:47:07,397 [ForkJoinPool.commonPool-worker-0] INFO  handler.ContextHandler (ContextHandler.java:doStop(910)) - Stopped o.e.j.s.ServletContextHandler@279126f5{/logs,file:///workdir/hadoop-ozone/integration-test/target/log,UNAVAILABLE}
2019-10-04 12:47:07,400 [main] INFO  utils.BackgroundService (BackgroundService.java:shutdown(148)) - Shutting down service BlockDeletingService
2019-10-04 12:47:07,405 [main] INFO  statemachine.DatanodeStateMachine (DatanodeStateMachine.java:stopDaemon(395)) - Ozone container server stopped.
2019-10-04 12:47:07,406 [main] INFO  handler.ContextHandler (ContextHandler.java:doStop(910)) - Stopped o.e.j.w.WebAppContext@53125718{/,null,UNAVAILABLE}{/hddsDatanode}
2019-10-04 12:47:07,407 [main] INFO  server.AbstractConnector (AbstractConnector.java:doStop(318)) - Stopped ServerConnector@53016b11{HTTP/1.1,[http/1.1]}{0.0.0.0:0}
2019-10-04 12:47:07,407 [main] INFO  handler.ContextHandler (ContextHandler.java:doStop(910)) - Stopped o.e.j.s.ServletContextHandler@7911cc15{/static,jar:file:/home/user/.m2/repository/org/apache/hadoop/hadoop-hdds-container-service/0.5.0-SNAPSHOT/hadoop-hdds-container-service-0.5.0-SNAPSHOT.jar!/webapps/static,UNAVAILABLE}
2019-10-04 12:47:07,408 [main] INFO  handler.ContextHandler (ContextHandler.java:doStop(910)) - Stopped o.e.j.s.ServletContextHandler@25a5c8e{/logs,file:///workdir/hadoop-ozone/integration-test/target/log,UNAVAILABLE}
2019-10-04 12:47:07,760 [Datanode State Machine Thread - 0] INFO  statemachine.DatanodeStateMachine (DatanodeStateMachine.java:lambda$startDaemon$0(350)) - Ozone container server started.
2019-10-04 12:47:07,925 [Datanode State Machine Thread - 0] INFO  statemachine.DatanodeStateMachine (DatanodeStateMachine.java:lambda$startDaemon$0(350)) - Ozone container server started.
2019-10-04 12:47:11,482 [Thread-3182] INFO  impl.FollowerState (FollowerState.java:run(108)) - 276b89fc-23b6-409b-a3b1-ba154122fca0@group-97210D9777EE-FollowerState: change to CANDIDATE, lastRpcTime:9377ms, electionTimeout:5006ms
2019-10-04 12:47:11,484 [Thread-3182] INFO  impl.RoleInfo (RoleInfo.java:shutdownFollowerState(121)) - 276b89fc-23b6-409b-a3b1-ba154122fca0: shutdown FollowerState
2019-10-04 12:47:11,484 [Thread-3182] INFO  impl.RaftServerImpl (RaftServerImpl.java:setRole(170)) - 276b89fc-23b6-409b-a3b1-ba154122fca0@group-97210D9777EE: changes role from  FOLLOWER to CANDIDATE at term 2 for changeToCandidate
2019-10-04 12:47:11,485 [Thread-3182] INFO  impl.RoleInfo (RoleInfo.java:updateAndGet(143)) - 276b89fc-23b6-409b-a3b1-ba154122fca0: start LeaderElection
2019-10-04 12:47:11,503 [276b89fc-23b6-409b-a3b1-ba154122fca0@group-97210D9777EE-LeaderElection73] INFO  impl.RaftServerImpl (ServerState.java:setLeader(255)) - 276b89fc-23b6-409b-a3b1-ba154122fca0@group-97210D9777EE: change Leader from d731f014-2bef-4e1e-a18d-30643aa8b715 to null at term 2 for initElection
2019-10-04 12:47:11,518 [276b89fc-23b6-409b-a3b1-ba154122fca0@group-97210D9777EE-LeaderElection73] INFO  impl.LeaderElection (LeaderElection.java:askForVotes(178)) - 276b89fc-23b6-409b-a3b1-ba154122fca0@group-97210D9777EE-LeaderElection73: begin an election at term 3 for 0: [87787cdc-5075-4d48-b9ce-7f12b50f7552:192.168.5.134:36326, 276b89fc-23b6-409b-a3b1-ba154122fca0:192.168.5.134:44523, d731f014-2bef-4e1e-a18d-30643aa8b715:192.168.5.134:37655], old=null
2019-10-04 12:47:11,526 [276b89fc-23b6-409b-a3b1-ba154122fca0@group-97210D9777EE-LeaderElection73] INFO  impl.LeaderElection (LogUtils.java:infoOrTrace(149)) - 276b89fc-23b6-409b-a3b1-ba154122fca0@group-97210D9777EE-LeaderElection73 got exception when requesting votes: {}
java.util.concurrent.ExecutionException: org.apache.ratis.thirdparty.io.grpc.StatusRuntimeException: UNAVAILABLE: io exception
	at java.util.concurrent.FutureTask.report(FutureTask.java:122)
	at java.util.concurrent.FutureTask.get(FutureTask.java:192)
	at org.apache.ratis.server.impl.LeaderElection.waitForResults(LeaderElection.java:259)
	at org.apache.ratis.server.impl.LeaderElection.askForVotes(LeaderElection.java:197)
	at org.apache.ratis.server.impl.LeaderElection.run(LeaderElection.java:133)
	at java.lang.Thread.run(Thread.java:748)
Caused by: org.apache.ratis.thirdparty.io.grpc.StatusRuntimeException: UNAVAILABLE: io exception
	at org.apache.ratis.thirdparty.io.grpc.stub.ClientCalls.toStatusRuntimeException(ClientCalls.java:233)
	at org.apache.ratis.thirdparty.io.grpc.stub.ClientCalls.getUnchecked(ClientCalls.java:214)
	at org.apache.ratis.thirdparty.io.grpc.stub.ClientCalls.blockingUnaryCall(ClientCalls.java:139)
	at org.apache.ratis.proto.grpc.RaftServerProtocolServiceGrpc$RaftServerProtocolServiceBlockingStub.requestVote(RaftServerProtocolServiceGrpc.java:265)
	at org.apache.ratis.grpc.server.GrpcServerProtocolClient.requestVote(GrpcServerProtocolClient.java:99)
	at org.apache.ratis.grpc.server.GrpcService.requestVote(GrpcService.java:204)
	at org.apache.ratis.server.impl.LeaderElection.lambda$submitRequests$1(LeaderElection.java:234)
	at java.util.concurrent.FutureTask.run(FutureTask.java:266)
	at java.util.concurrent.Executors$RunnableAdapter.call(Executors.java:511)
	at java.util.concurrent.FutureTask.run(FutureTask.java:266)
	at java.util.concurrent.ThreadPoolExecutor.runWorker(ThreadPoolExecutor.java:1149)
	at java.util.concurrent.ThreadPoolExecutor$Worker.run(ThreadPoolExecutor.java:624)
	... 1 more
Caused by: org.apache.ratis.thirdparty.io.netty.channel.AbstractChannel$AnnotatedConnectException: Connection refused: /192.168.5.134:36326
	at sun.nio.ch.SocketChannelImpl.checkConnect(Native Method)
	at sun.nio.ch.SocketChannelImpl.finishConnect(SocketChannelImpl.java:717)
	at org.apache.ratis.thirdparty.io.netty.channel.socket.nio.NioSocketChannel.doFinishConnect(NioSocketChannel.java:327)
	at org.apache.ratis.thirdparty.io.netty.channel.nio.AbstractNioChannel$AbstractNioUnsafe.finishConnect(AbstractNioChannel.java:340)
	at org.apache.ratis.thirdparty.io.netty.channel.nio.NioEventLoop.processSelectedKey(NioEventLoop.java:632)
	at org.apache.ratis.thirdparty.io.netty.channel.nio.NioEventLoop.processSelectedKeysOptimized(NioEventLoop.java:579)
	at org.apache.ratis.thirdparty.io.netty.channel.nio.NioEventLoop.processSelectedKeys(NioEventLoop.java:496)
	at org.apache.ratis.thirdparty.io.netty.channel.nio.NioEventLoop.run(NioEventLoop.java:458)
	at org.apache.ratis.thirdparty.io.netty.util.concurrent.SingleThreadEventExecutor$5.run(SingleThreadEventExecutor.java:897)
	at org.apache.ratis.thirdparty.io.netty.util.concurrent.FastThreadLocalRunnable.run(FastThreadLocalRunnable.java:30)
	... 1 more
Caused by: java.net.ConnectException: Connection refused
	... 11 more
2019-10-04 12:47:11,529 [276b89fc-23b6-409b-a3b1-ba154122fca0@group-97210D9777EE-LeaderElection73] INFO  impl.LeaderElection (LogUtils.java:infoOrTrace(149)) - 276b89fc-23b6-409b-a3b1-ba154122fca0@group-97210D9777EE-LeaderElection73 got exception when requesting votes: {}
java.util.concurrent.ExecutionException: org.apache.ratis.thirdparty.io.grpc.StatusRuntimeException: UNAVAILABLE: io exception
	at java.util.concurrent.FutureTask.report(FutureTask.java:122)
	at java.util.concurrent.FutureTask.get(FutureTask.java:192)
	at org.apache.ratis.server.impl.LeaderElection.waitForResults(LeaderElection.java:259)
	at org.apache.ratis.server.impl.LeaderElection.askForVotes(LeaderElection.java:197)
	at org.apache.ratis.server.impl.LeaderElection.run(LeaderElection.java:133)
	at java.lang.Thread.run(Thread.java:748)
Caused by: org.apache.ratis.thirdparty.io.grpc.StatusRuntimeException: UNAVAILABLE: io exception
	at org.apache.ratis.thirdparty.io.grpc.stub.ClientCalls.toStatusRuntimeException(ClientCalls.java:233)
	at org.apache.ratis.thirdparty.io.grpc.stub.ClientCalls.getUnchecked(ClientCalls.java:214)
	at org.apache.ratis.thirdparty.io.grpc.stub.ClientCalls.blockingUnaryCall(ClientCalls.java:139)
	at org.apache.ratis.proto.grpc.RaftServerProtocolServiceGrpc$RaftServerProtocolServiceBlockingStub.requestVote(RaftServerProtocolServiceGrpc.java:265)
	at org.apache.ratis.grpc.server.GrpcServerProtocolClient.requestVote(GrpcServerProtocolClient.java:99)
	at org.apache.ratis.grpc.server.GrpcService.requestVote(GrpcService.java:204)
	at org.apache.ratis.server.impl.LeaderElection.lambda$submitRequests$1(LeaderElection.java:234)
	at java.util.concurrent.FutureTask.run(FutureTask.java:266)
	at java.util.concurrent.Executors$RunnableAdapter.call(Executors.java:511)
	at java.util.concurrent.FutureTask.run(FutureTask.java:266)
	at java.util.concurrent.ThreadPoolExecutor.runWorker(ThreadPoolExecutor.java:1149)
	at java.util.concurrent.ThreadPoolExecutor$Worker.run(ThreadPoolExecutor.java:624)
	... 1 more
Caused by: org.apache.ratis.thirdparty.io.netty.channel.AbstractChannel$AnnotatedConnectException: Connection refused: /192.168.5.134:37655
	at sun.nio.ch.SocketChannelImpl.checkConnect(Native Method)
	at sun.nio.ch.SocketChannelImpl.finishConnect(SocketChannelImpl.java:717)
	at org.apache.ratis.thirdparty.io.netty.channel.socket.nio.NioSocketChannel.doFinishConnect(NioSocketChannel.java:327)
	at org.apache.ratis.thirdparty.io.netty.channel.nio.AbstractNioChannel$AbstractNioUnsafe.finishConnect(AbstractNioChannel.java:340)
	at org.apache.ratis.thirdparty.io.netty.channel.nio.NioEventLoop.processSelectedKey(NioEventLoop.java:632)
	at org.apache.ratis.thirdparty.io.netty.channel.nio.NioEventLoop.processSelectedKeysOptimized(NioEventLoop.java:579)
	at org.apache.ratis.thirdparty.io.netty.channel.nio.NioEventLoop.processSelectedKeys(NioEventLoop.java:496)
	at org.apache.ratis.thirdparty.io.netty.channel.nio.NioEventLoop.run(NioEventLoop.java:458)
	at org.apache.ratis.thirdparty.io.netty.util.concurrent.SingleThreadEventExecutor$5.run(SingleThreadEventExecutor.java:897)
	at org.apache.ratis.thirdparty.io.netty.util.concurrent.FastThreadLocalRunnable.run(FastThreadLocalRunnable.java:30)
	... 1 more
Caused by: java.net.ConnectException: Connection refused
	... 11 more
2019-10-04 12:47:11,534 [276b89fc-23b6-409b-a3b1-ba154122fca0@group-97210D9777EE-LeaderElection73] INFO  impl.LeaderElection (LeaderElection.java:logAndReturn(56)) - 276b89fc-23b6-409b-a3b1-ba154122fca0@group-97210D9777EE-LeaderElection73: Election REJECTED; received 0 response(s) [] and 2 exception(s); 276b89fc-23b6-409b-a3b1-ba154122fca0@group-97210D9777EE:t3, leader=null, voted=276b89fc-23b6-409b-a3b1-ba154122fca0, raftlog=276b89fc-23b6-409b-a3b1-ba154122fca0@group-97210D9777EE-SegmentedRaftLog:OPENED:c14,f14,i14, conf=0: [87787cdc-5075-4d48-b9ce-7f12b50f7552:192.168.5.134:36326, 276b89fc-23b6-409b-a3b1-ba154122fca0:192.168.5.134:44523, d731f014-2bef-4e1e-a18d-30643aa8b715:192.168.5.134:37655], old=null
2019-10-04 12:47:11,534 [276b89fc-23b6-409b-a3b1-ba154122fca0@group-97210D9777EE-LeaderElection73] INFO  impl.LeaderElection (LogUtils.java:infoOrTrace(149)) -   Exception 0: {}
java.util.concurrent.ExecutionException: org.apache.ratis.thirdparty.io.grpc.StatusRuntimeException: UNAVAILABLE: io exception
	at java.util.concurrent.FutureTask.report(FutureTask.java:122)
	at java.util.concurrent.FutureTask.get(FutureTask.java:192)
	at org.apache.ratis.server.impl.LeaderElection.waitForResults(LeaderElection.java:259)
	at org.apache.ratis.server.impl.LeaderElection.askForVotes(LeaderElection.java:197)
	at org.apache.ratis.server.impl.LeaderElection.run(LeaderElection.java:133)
	at java.lang.Thread.run(Thread.java:748)
Caused by: org.apache.ratis.thirdparty.io.grpc.StatusRuntimeException: UNAVAILABLE: io exception
	at org.apache.ratis.thirdparty.io.grpc.stub.ClientCalls.toStatusRuntimeException(ClientCalls.java:233)
	at org.apache.ratis.thirdparty.io.grpc.stub.ClientCalls.getUnchecked(ClientCalls.java:214)
	at org.apache.ratis.thirdparty.io.grpc.stub.ClientCalls.blockingUnaryCall(ClientCalls.java:139)
	at org.apache.ratis.proto.grpc.RaftServerProtocolServiceGrpc$RaftServerProtocolServiceBlockingStub.requestVote(RaftServerProtocolServiceGrpc.java:265)
	at org.apache.ratis.grpc.server.GrpcServerProtocolClient.requestVote(GrpcServerProtocolClient.java:99)
	at org.apache.ratis.grpc.server.GrpcService.requestVote(GrpcService.java:204)
	at org.apache.ratis.server.impl.LeaderElection.lambda$submitRequests$1(LeaderElection.java:234)
	at java.util.concurrent.FutureTask.run(FutureTask.java:266)
	at java.util.concurrent.Executors$RunnableAdapter.call(Executors.java:511)
	at java.util.concurrent.FutureTask.run(FutureTask.java:266)
	at java.util.concurrent.ThreadPoolExecutor.runWorker(ThreadPoolExecutor.java:1149)
	at java.util.concurrent.ThreadPoolExecutor$Worker.run(ThreadPoolExecutor.java:624)
	... 1 more
Caused by: org.apache.ratis.thirdparty.io.netty.channel.AbstractChannel$AnnotatedConnectException: Connection refused: /192.168.5.134:36326
	at sun.nio.ch.SocketChannelImpl.checkConnect(Native Method)
	at sun.nio.ch.SocketChannelImpl.finishConnect(SocketChannelImpl.java:717)
	at org.apache.ratis.thirdparty.io.netty.channel.socket.nio.NioSocketChannel.doFinishConnect(NioSocketChannel.java:327)
	at org.apache.ratis.thirdparty.io.netty.channel.nio.AbstractNioChannel$AbstractNioUnsafe.finishConnect(AbstractNioChannel.java:340)
	at org.apache.ratis.thirdparty.io.netty.channel.nio.NioEventLoop.processSelectedKey(NioEventLoop.java:632)
	at org.apache.ratis.thirdparty.io.netty.channel.nio.NioEventLoop.processSelectedKeysOptimized(NioEventLoop.java:579)
	at org.apache.ratis.thirdparty.io.netty.channel.nio.NioEventLoop.processSelectedKeys(NioEventLoop.java:496)
	at org.apache.ratis.thirdparty.io.netty.channel.nio.NioEventLoop.run(NioEventLoop.java:458)
	at org.apache.ratis.thirdparty.io.netty.util.concurrent.SingleThreadEventExecutor$5.run(SingleThreadEventExecutor.java:897)
	at org.apache.ratis.thirdparty.io.netty.util.concurrent.FastThreadLocalRunnable.run(FastThreadLocalRunnable.java:30)
	... 1 more
Caused by: java.net.ConnectException: Connection refused
	... 11 more
2019-10-04 12:47:11,535 [276b89fc-23b6-409b-a3b1-ba154122fca0@group-97210D9777EE-LeaderElection73] INFO  impl.LeaderElection (LogUtils.java:infoOrTrace(149)) -   Exception 1: {}
java.util.concurrent.ExecutionException: org.apache.ratis.thirdparty.io.grpc.StatusRuntimeException: UNAVAILABLE: io exception
	at java.util.concurrent.FutureTask.report(FutureTask.java:122)
	at java.util.concurrent.FutureTask.get(FutureTask.java:192)
	at org.apache.ratis.server.impl.LeaderElection.waitForResults(LeaderElection.java:259)
	at org.apache.ratis.server.impl.LeaderElection.askForVotes(LeaderElection.java:197)
	at org.apache.ratis.server.impl.LeaderElection.run(LeaderElection.java:133)
	at java.lang.Thread.run(Thread.java:748)
Caused by: org.apache.ratis.thirdparty.io.grpc.StatusRuntimeException: UNAVAILABLE: io exception
	at org.apache.ratis.thirdparty.io.grpc.stub.ClientCalls.toStatusRuntimeException(ClientCalls.java:233)
	at org.apache.ratis.thirdparty.io.grpc.stub.ClientCalls.getUnchecked(ClientCalls.java:214)
	at org.apache.ratis.thirdparty.io.grpc.stub.ClientCalls.blockingUnaryCall(ClientCalls.java:139)
	at org.apache.ratis.proto.grpc.RaftServerProtocolServiceGrpc$RaftServerProtocolServiceBlockingStub.requestVote(RaftServerProtocolServiceGrpc.java:265)
	at org.apache.ratis.grpc.server.GrpcServerProtocolClient.requestVote(GrpcServerProtocolClient.java:99)
	at org.apache.ratis.grpc.server.GrpcService.requestVote(GrpcService.java:204)
	at org.apache.ratis.server.impl.LeaderElection.lambda$submitRequests$1(LeaderElection.java:234)
	at java.util.concurrent.FutureTask.run(FutureTask.java:266)
	at java.util.concurrent.Executors$RunnableAdapter.call(Executors.java:511)
	at java.util.concurrent.FutureTask.run(FutureTask.java:266)
	at java.util.concurrent.ThreadPoolExecutor.runWorker(ThreadPoolExecutor.java:1149)
	at java.util.concurrent.ThreadPoolExecutor$Worker.run(ThreadPoolExecutor.java:624)
	... 1 more
Caused by: org.apache.ratis.thirdparty.io.netty.channel.AbstractChannel$AnnotatedConnectException: Connection refused: /192.168.5.134:37655
	at sun.nio.ch.SocketChannelImpl.checkConnect(Native Method)
	at sun.nio.ch.SocketChannelImpl.finishConnect(SocketChannelImpl.java:717)
	at org.apache.ratis.thirdparty.io.netty.channel.socket.nio.NioSocketChannel.doFinishConnect(NioSocketChannel.java:327)
	at org.apache.ratis.thirdparty.io.netty.channel.nio.AbstractNioChannel$AbstractNioUnsafe.finishConnect(AbstractNioChannel.java:340)
	at org.apache.ratis.thirdparty.io.netty.channel.nio.NioEventLoop.processSelectedKey(NioEventLoop.java:632)
	at org.apache.ratis.thirdparty.io.netty.channel.nio.NioEventLoop.processSelectedKeysOptimized(NioEventLoop.java:579)
	at org.apache.ratis.thirdparty.io.netty.channel.nio.NioEventLoop.processSelectedKeys(NioEventLoop.java:496)
	at org.apache.ratis.thirdparty.io.netty.channel.nio.NioEventLoop.run(NioEventLoop.java:458)
	at org.apache.ratis.thirdparty.io.netty.util.concurrent.SingleThreadEventExecutor$5.run(SingleThreadEventExecutor.java:897)
	at org.apache.ratis.thirdparty.io.netty.util.concurrent.FastThreadLocalRunnable.run(FastThreadLocalRunnable.java:30)
	... 1 more
Caused by: java.net.ConnectException: Connection refused
	... 11 more
2019-10-04 12:47:11,535 [276b89fc-23b6-409b-a3b1-ba154122fca0@group-97210D9777EE-LeaderElection73] INFO  impl.RaftServerImpl (RaftServerImpl.java:setRole(170)) - 276b89fc-23b6-409b-a3b1-ba154122fca0@group-97210D9777EE: changes role from CANDIDATE to FOLLOWER at term 3 for DISCOVERED_A_NEW_TERM
2019-10-04 12:47:11,535 [276b89fc-23b6-409b-a3b1-ba154122fca0@group-97210D9777EE-LeaderElection73] INFO  impl.RoleInfo (RoleInfo.java:shutdownLeaderElection(134)) - 276b89fc-23b6-409b-a3b1-ba154122fca0: shutdown LeaderElection
2019-10-04 12:47:11,536 [276b89fc-23b6-409b-a3b1-ba154122fca0@group-97210D9777EE-LeaderElection73] INFO  impl.RoleInfo (RoleInfo.java:updateAndGet(143)) - 276b89fc-23b6-409b-a3b1-ba154122fca0: start FollowerState
2019-10-04 12:47:11,804 [EventQueue-StaleNodeForStaleNodeHandler] INFO  node.StaleNodeHandler (StaleNodeHandler.java:onMessage(58)) - Datanode 67b39e84-3a29-4441-a7df-7ac04642db96{ip: 192.168.5.134, host: pr-hdds-2222-6c7sc-20480173, networkLocation: /default-rack, certSerialId: null} moved to stale state. Finalizing its pipelines []
2019-10-04 12:47:12,004 [EventQueue-StaleNodeForStaleNodeHandler] INFO  node.StaleNodeHandler (StaleNodeHandler.java:onMessage(58)) - Datanode 276b89fc-23b6-409b-a3b1-ba154122fca0{ip: 192.168.5.134, host: pr-hdds-2222-6c7sc-20480173, networkLocation: /default-rack, certSerialId: null} moved to stale state. Finalizing its pipelines [PipelineID=802b8560-dca5-4e0e-ac07-24126896d766, PipelineID=7b863d42-e559-45ec-b3a2-97210d9777ee]
2019-10-04 12:47:12,004 [EventQueue-StaleNodeForStaleNodeHandler] INFO  pipeline.SCMPipelineManager (SCMPipelineManager.java:finalizeAndDestroyPipeline(315)) - destroying pipeline:Pipeline[ Id: 802b8560-dca5-4e0e-ac07-24126896d766, Nodes: 276b89fc-23b6-409b-a3b1-ba154122fca0{ip: 192.168.5.134, host: pr-hdds-2222-6c7sc-20480173, networkLocation: /default-rack, certSerialId: null}, Type:RATIS, Factor:ONE, State:OPEN]
2019-10-04 12:47:12,005 [EventQueue-StaleNodeForStaleNodeHandler] INFO  pipeline.PipelineStateManager (PipelineStateManager.java:finalizePipeline(123)) - Pipeline Pipeline[ Id: 802b8560-dca5-4e0e-ac07-24126896d766, Nodes: 276b89fc-23b6-409b-a3b1-ba154122fca0{ip: 192.168.5.134, host: pr-hdds-2222-6c7sc-20480173, networkLocation: /default-rack, certSerialId: null}, Type:RATIS, Factor:ONE, State:CLOSED] moved to CLOSED state
2019-10-04 12:47:12,006 [EventQueue-StaleNodeForStaleNodeHandler] INFO  pipeline.SCMPipelineManager (SCMPipelineManager.java:finalizeAndDestroyPipeline(315)) - destroying pipeline:Pipeline[ Id: 7b863d42-e559-45ec-b3a2-97210d9777ee, Nodes: d731f014-2bef-4e1e-a18d-30643aa8b715{ip: 192.168.5.134, host: pr-hdds-2222-6c7sc-20480173, networkLocation: /default-rack, certSerialId: null}87787cdc-5075-4d48-b9ce-7f12b50f7552{ip: 192.168.5.134, host: pr-hdds-2222-6c7sc-20480173, networkLocation: /default-rack, certSerialId: null}276b89fc-23b6-409b-a3b1-ba154122fca0{ip: 192.168.5.134, host: pr-hdds-2222-6c7sc-20480173, networkLocation: /default-rack, certSerialId: null}, Type:RATIS, Factor:THREE, State:CLOSED]
2019-10-04 12:47:12,399 [ForkJoinPool.commonPool-worker-0] INFO  ozoneimpl.OzoneContainer (OzoneContainer.java:stop(231)) - Attempting to stop container services.
2019-10-04 12:47:12,400 [ForkJoinPool.commonPool-worker-0] INFO  impl.RaftServerProxy (RaftServerProxy.java:lambda$close$4(314)) - 67b39e84-3a29-4441-a7df-7ac04642db96: close
2019-10-04 12:47:12,404 [ForkJoinPool.commonPool-worker-0] INFO  server.GrpcService (GrpcService.java:closeImpl(164)) - 67b39e84-3a29-4441-a7df-7ac04642db96: shutdown server with port 45133 now
2019-10-04 12:47:12,405 [ForkJoinPool.commonPool-worker-0] INFO  server.GrpcService (GrpcService.java:closeImpl(172)) - 67b39e84-3a29-4441-a7df-7ac04642db96: shutdown server with port 45133 successfully
2019-10-04 12:47:12,408 [refreshUsed-/workdir/hadoop-ozone/integration-test/target/test-dir/MiniOzoneClusterImpl-e6427d35-fe54-4862-a5ad-7f18edbdadb0/datanode-6/data/containers] WARN  fs.CachingGetSpaceUsed (CachingGetSpaceUsed.java:run(183)) - Thread Interrupted waiting to refresh disk information: sleep interrupted
2019-10-04 12:47:12,418 [main] INFO  ozoneimpl.OzoneContainer (OzoneContainer.java:stop(231)) - Attempting to stop container services.
2019-10-04 12:47:12,420 [main] INFO  impl.RaftServerProxy (RaftServerProxy.java:lambda$close$4(314)) - 276b89fc-23b6-409b-a3b1-ba154122fca0: close
2019-10-04 12:47:12,420 [main] INFO  impl.RaftServerImpl (RaftServerImpl.java:lambda$shutdown$3(247)) - 276b89fc-23b6-409b-a3b1-ba154122fca0@group-24126896D766: shutdown
2019-10-04 12:47:12,420 [main] INFO  util.JmxRegister (JmxRegister.java:unregister(73)) - Successfully un-registered JMX Bean with object name Ratis:service=RaftServer,group=group-24126896D766,id=276b89fc-23b6-409b-a3b1-ba154122fca0
2019-10-04 12:47:12,421 [main] INFO  impl.RoleInfo (RoleInfo.java:shutdownLeaderState(104)) - 276b89fc-23b6-409b-a3b1-ba154122fca0: shutdown LeaderState
2019-10-04 12:47:12,421 [main] INFO  impl.PendingRequests (PendingRequests.java:sendNotLeaderResponses(202)) - 276b89fc-23b6-409b-a3b1-ba154122fca0@group-24126896D766-PendingRequests: sendNotLeaderResponses
2019-10-04 12:47:12,422 [main] INFO  impl.StateMachineUpdater (StateMachineUpdater.java:stopAndJoin(136)) - 276b89fc-23b6-409b-a3b1-ba154122fca0@group-24126896D766-StateMachineUpdater: set stopIndex = 0
2019-10-04 12:47:12,422 [main] INFO  impl.RaftServerImpl (ServerState.java:close(387)) - 276b89fc-23b6-409b-a3b1-ba154122fca0@group-24126896D766: closes. applyIndex: 0
2019-10-04 12:47:12,423 [276b89fc-23b6-409b-a3b1-ba154122fca0@group-24126896D766-SegmentedRaftLogWorker] INFO  segmented.SegmentedRaftLogWorker (SegmentedRaftLogWorker.java:run(316)) - 276b89fc-23b6-409b-a3b1-ba154122fca0@group-24126896D766-SegmentedRaftLogWorker was interrupted, exiting. There are 0 tasks remaining in the queue.
2019-10-04 12:47:12,424 [main] INFO  segmented.SegmentedRaftLogWorker (SegmentedRaftLogWorker.java:close(224)) - 276b89fc-23b6-409b-a3b1-ba154122fca0@group-24126896D766-SegmentedRaftLogWorker close()
2019-10-04 12:47:12,427 [main] INFO  impl.RaftServerImpl (RaftServerImpl.java:lambda$shutdown$3(247)) - 276b89fc-23b6-409b-a3b1-ba154122fca0@group-97210D9777EE: shutdown
2019-10-04 12:47:12,427 [main] INFO  util.JmxRegister (JmxRegister.java:unregister(73)) - Successfully un-registered JMX Bean with object name Ratis:service=RaftServer,group=group-97210D9777EE,id=276b89fc-23b6-409b-a3b1-ba154122fca0
2019-10-04 12:47:12,427 [main] INFO  impl.RoleInfo (RoleInfo.java:shutdownFollowerState(121)) - 276b89fc-23b6-409b-a3b1-ba154122fca0: shutdown FollowerState
2019-10-04 12:47:12,427 [main] INFO  impl.StateMachineUpdater (StateMachineUpdater.java:stopAndJoin(136)) - 276b89fc-23b6-409b-a3b1-ba154122fca0@group-97210D9777EE-StateMachineUpdater: set stopIndex = 14
2019-10-04 12:47:12,428 [Thread-3299] INFO  impl.FollowerState (FollowerState.java:run(117)) - 276b89fc-23b6-409b-a3b1-ba154122fca0@group-97210D9777EE-FollowerState was interrupted: java.lang.InterruptedException: sleep interrupted
2019-10-04 12:47:12,428 [276b89fc-23b6-409b-a3b1-ba154122fca0@group-97210D9777EE-StateMachineUpdater] INFO  ratis.ContainerStateMachine (ContainerStateMachine.java:takeSnapshot(293)) - group-97210D9777EE: Taking a snapshot at:(t:2, i:12) file /workdir/hadoop-ozone/integration-test/target/test-dir/MiniOzoneClusterImpl-e6427d35-fe54-4862-a5ad-7f18edbdadb0/datanode-5/data/ratis/7b863d42-e559-45ec-b3a2-97210d9777ee/sm/snapshot.2_12
2019-10-04 12:47:12,439 [ForkJoinPool.commonPool-worker-0] INFO  utils.BackgroundService (BackgroundService.java:shutdown(148)) - Shutting down service BlockDeletingService
2019-10-04 12:47:12,444 [ForkJoinPool.commonPool-worker-0] INFO  statemachine.DatanodeStateMachine (DatanodeStateMachine.java:stopDaemon(395)) - Ozone container server stopped.
2019-10-04 12:47:12,450 [ForkJoinPool.commonPool-worker-0] INFO  handler.ContextHandler (ContextHandler.java:doStop(910)) - Stopped o.e.j.w.WebAppContext@5c1b89ac{/,null,UNAVAILABLE}{/hddsDatanode}
2019-10-04 12:47:12,452 [ForkJoinPool.commonPool-worker-0] INFO  server.AbstractConnector (AbstractConnector.java:doStop(318)) - Stopped ServerConnector@40a1b6d4{HTTP/1.1,[http/1.1]}{0.0.0.0:0}
2019-10-04 12:47:12,458 [ForkJoinPool.commonPool-worker-0] INFO  handler.ContextHandler (ContextHandler.java:doStop(910)) - Stopped o.e.j.s.ServletContextHandler@77aea{/static,jar:file:/home/user/.m2/repository/org/apache/hadoop/hadoop-hdds-container-service/0.5.0-SNAPSHOT/hadoop-hdds-container-service-0.5.0-SNAPSHOT.jar!/webapps/static,UNAVAILABLE}
2019-10-04 12:47:12,458 [ForkJoinPool.commonPool-worker-0] INFO  handler.ContextHandler (ContextHandler.java:doStop(910)) - Stopped o.e.j.s.ServletContextHandler@70f148dc{/logs,file:///workdir/hadoop-ozone/integration-test/target/log,UNAVAILABLE}
2019-10-04 12:47:12,458 [276b89fc-23b6-409b-a3b1-ba154122fca0@group-97210D9777EE-StateMachineUpdater] INFO  ratis.ContainerStateMachine (ContainerStateMachine.java:takeSnapshot(304)) - group-97210D9777EE: Finished taking a snapshot at:(t:2, i:12) file:/workdir/hadoop-ozone/integration-test/target/test-dir/MiniOzoneClusterImpl-e6427d35-fe54-4862-a5ad-7f18edbdadb0/datanode-5/data/ratis/7b863d42-e559-45ec-b3a2-97210d9777ee/sm/snapshot.2_12 time:31
2019-10-04 12:47:12,459 [276b89fc-23b6-409b-a3b1-ba154122fca0@group-97210D9777EE-StateMachineUpdater] INFO  impl.StateMachineUpdater (StateMachineUpdater.java:takeSnapshot(269)) - 276b89fc-23b6-409b-a3b1-ba154122fca0@group-97210D9777EE-StateMachineUpdater: Took a snapshot at index 12
2019-10-04 12:47:12,459 [276b89fc-23b6-409b-a3b1-ba154122fca0@group-97210D9777EE-StateMachineUpdater] INFO  impl.StateMachineUpdater (StateMachineUpdater.java:lambda$new$0(84)) - 276b89fc-23b6-409b-a3b1-ba154122fca0@group-97210D9777EE-StateMachineUpdater: snapshotIndex: updateIncreasingly -1 -> 12
2019-10-04 12:47:12,459 [276b89fc-23b6-409b-a3b1-ba154122fca0@group-97210D9777EE-StateMachineUpdater] INFO  ratis.ContainerStateMachine (ContainerStateMachine.java:takeSnapshot(293)) - group-97210D9777EE: Taking a snapshot at:(t:2, i:12) file /workdir/hadoop-ozone/integration-test/target/test-dir/MiniOzoneClusterImpl-e6427d35-fe54-4862-a5ad-7f18edbdadb0/datanode-5/data/ratis/7b863d42-e559-45ec-b3a2-97210d9777ee/sm/snapshot.2_12
2019-10-04 12:47:12,472 [276b89fc-23b6-409b-a3b1-ba154122fca0@group-97210D9777EE-StateMachineUpdater] INFO  ratis.ContainerStateMachine (ContainerStateMachine.java:takeSnapshot(304)) - group-97210D9777EE: Finished taking a snapshot at:(t:2, i:12) file:/workdir/hadoop-ozone/integration-test/target/test-dir/MiniOzoneClusterImpl-e6427d35-fe54-4862-a5ad-7f18edbdadb0/datanode-5/data/ratis/7b863d42-e559-45ec-b3a2-97210d9777ee/sm/snapshot.2_12 time:13
2019-10-04 12:47:12,472 [276b89fc-23b6-409b-a3b1-ba154122fca0@group-97210D9777EE-StateMachineUpdater] INFO  impl.StateMachineUpdater (StateMachineUpdater.java:takeSnapshot(269)) - 276b89fc-23b6-409b-a3b1-ba154122fca0@group-97210D9777EE-StateMachineUpdater: Took a snapshot at index 12
2019-10-04 12:47:12,472 [276b89fc-23b6-409b-a3b1-ba154122fca0@group-97210D9777EE-StateMachineUpdater] INFO  impl.StateMachineUpdater (StateMachineUpdater.java:lambda$new$0(84)) - 276b89fc-23b6-409b-a3b1-ba154122fca0@group-97210D9777EE-StateMachineUpdater: snapshotIndex: updateIncreasingly 12 -> 12
2019-10-04 12:47:12,473 [main] INFO  impl.RaftServerImpl (ServerState.java:close(387)) - 276b89fc-23b6-409b-a3b1-ba154122fca0@group-97210D9777EE: closes. applyIndex: 14
2019-10-04 12:47:12,473 [276b89fc-23b6-409b-a3b1-ba154122fca0@group-97210D9777EE-SegmentedRaftLogWorker] INFO  segmented.SegmentedRaftLogWorker (SegmentedRaftLogWorker.java:run(316)) - 276b89fc-23b6-409b-a3b1-ba154122fca0@group-97210D9777EE-SegmentedRaftLogWorker was interrupted, exiting. There are 0 tasks remaining in the queue.
2019-10-04 12:47:12,475 [main] INFO  segmented.SegmentedRaftLogWorker (SegmentedRaftLogWorker.java:close(224)) - 276b89fc-23b6-409b-a3b1-ba154122fca0@group-97210D9777EE-SegmentedRaftLogWorker close()
2019-10-04 12:47:12,481 [main] INFO  server.GrpcService (GrpcService.java:closeImpl(164)) - 276b89fc-23b6-409b-a3b1-ba154122fca0: shutdown server with port 44523 now
2019-10-04 12:47:12,482 [main] INFO  server.GrpcService (GrpcService.java:closeImpl(172)) - 276b89fc-23b6-409b-a3b1-ba154122fca0: shutdown server with port 44523 successfully
2019-10-04 12:47:12,484 [refreshUsed-/workdir/hadoop-ozone/integration-test/target/test-dir/MiniOzoneClusterImpl-e6427d35-fe54-4862-a5ad-7f18edbdadb0/datanode-5/data/containers] WARN  fs.CachingGetSpaceUsed (CachingGetSpaceUsed.java:run(183)) - Thread Interrupted waiting to refresh disk information: sleep interrupted
2019-10-04 12:47:12,500 [main] INFO  utils.BackgroundService (BackgroundService.java:shutdown(148)) - Shutting down service BlockDeletingService
2019-10-04 12:47:12,505 [main] INFO  statemachine.DatanodeStateMachine (DatanodeStateMachine.java:stopDaemon(395)) - Ozone container server stopped.
2019-10-04 12:47:12,506 [main] INFO  handler.ContextHandler (ContextHandler.java:doStop(910)) - Stopped o.e.j.w.WebAppContext@38811103{/,null,UNAVAILABLE}{/hddsDatanode}
2019-10-04 12:47:12,507 [main] INFO  server.AbstractConnector (AbstractConnector.java:doStop(318)) - Stopped ServerConnector@787d1f9c{HTTP/1.1,[http/1.1]}{0.0.0.0:0}
2019-10-04 12:47:12,508 [main] INFO  handler.ContextHandler (ContextHandler.java:doStop(910)) - Stopped o.e.j.s.ServletContextHandler@6dae70f9{/static,jar:file:/home/user/.m2/repository/org/apache/hadoop/hadoop-hdds-container-service/0.5.0-SNAPSHOT/hadoop-hdds-container-service-0.5.0-SNAPSHOT.jar!/webapps/static,UNAVAILABLE}
2019-10-04 12:47:12,508 [main] INFO  handler.ContextHandler (ContextHandler.java:doStop(910)) - Stopped o.e.j.s.ServletContextHandler@751d7425{/logs,file:///workdir/hadoop-ozone/integration-test/target/log,UNAVAILABLE}
2019-10-04 12:47:12,509 [main] INFO  ozone.MiniOzoneClusterImpl (MiniOzoneClusterImpl.java:stopSCM(392)) - Stopping the StorageContainerManager
2019-10-04 12:47:12,509 [main] INFO  server.StorageContainerManager (StorageContainerManager.java:stop(808)) - Stopping Replication Manager Service.
2019-10-04 12:47:12,509 [main] INFO  container.ReplicationManager (ReplicationManager.java:stop(203)) - Stopping Replication Monitor Thread.
2019-10-04 12:47:12,509 [main] INFO  server.StorageContainerManager (StorageContainerManager.java:stop(815)) - Stopping Lease Manager of the command watchers
2019-10-04 12:47:12,510 [main] INFO  server.StorageContainerManager (StorageContainerManager.java:stop(822)) - Stopping datanode service RPC server
2019-10-04 12:47:12,510 [main] INFO  server.SCMDatanodeProtocolServer (SCMDatanodeProtocolServer.java:stop(346)) - Stopping the RPC server for DataNodes
2019-10-04 12:47:12,510 [main] INFO  ipc.Server (Server.java:stop(3082)) - Stopping server on 45170
2019-10-04 12:47:12,513 [IPC Server listener on 45170] INFO  ipc.Server (Server.java:run(1185)) - Stopping IPC Server listener on 45170
2019-10-04 12:47:12,514 [IPC Server Responder] INFO  ipc.Server (Server.java:run(1319)) - Stopping IPC Server Responder
2019-10-04 12:47:12,604 [SCM Heartbeat Processing Thread - 0] WARN  node.NodeStateManager (NodeStateManager.java:scheduleNextHealthCheck(646)) - Current Thread is interrupted, shutting down HB processing thread for Node Manager.
2019-10-04 12:47:12,605 [main] INFO  server.StorageContainerManager (StorageContainerManager.java:stop(830)) - Stopping block service RPC server
2019-10-04 12:47:12,605 [main] INFO  server.SCMBlockProtocolServer (SCMBlockProtocolServer.java:stop(155)) - Stopping the RPC server for Block Protocol
2019-10-04 12:47:12,605 [main] INFO  ipc.Server (Server.java:stop(3082)) - Stopping server on 43350
2019-10-04 12:47:12,608 [IPC Server listener on 43350] INFO  ipc.Server (Server.java:run(1185)) - Stopping IPC Server listener on 43350
2019-10-04 12:47:12,608 [main] INFO  server.StorageContainerManager (StorageContainerManager.java:stop(837)) - Stopping the StorageContainerLocationProtocol RPC server
2019-10-04 12:47:12,608 [IPC Server Responder] INFO  ipc.Server (Server.java:run(1319)) - Stopping IPC Server Responder
2019-10-04 12:47:12,610 [main] INFO  server.SCMClientProtocolServer (SCMClientProtocolServer.java:stop(168)) - Stopping the RPC server for Client Protocol
2019-10-04 12:47:12,611 [main] INFO  ipc.Server (Server.java:stop(3082)) - Stopping server on 40977
2019-10-04 12:47:12,614 [IPC Server listener on 40977] INFO  ipc.Server (Server.java:run(1185)) - Stopping IPC Server listener on 40977
2019-10-04 12:47:12,614 [main] INFO  server.StorageContainerManager (StorageContainerManager.java:stop(844)) - Stopping Storage Container Manager HTTP server.
2019-10-04 12:47:12,614 [IPC Server Responder] INFO  ipc.Server (Server.java:run(1319)) - Stopping IPC Server Responder
2019-10-04 12:47:12,617 [main] INFO  handler.ContextHandler (ContextHandler.java:doStop(910)) - Stopped o.e.j.w.WebAppContext@3a3f96ab{/,null,UNAVAILABLE}{/scm}
2019-10-04 12:47:12,617 [main] INFO  server.AbstractConnector (AbstractConnector.java:doStop(318)) - Stopped ServerConnector@4def7d36{HTTP/1.1,[http/1.1]}{0.0.0.0:0}
2019-10-04 12:47:12,618 [main] INFO  handler.ContextHandler (ContextHandler.java:doStop(910)) - Stopped o.e.j.s.ServletContextHandler@6314df3c{/static,file:///workdir/hadoop-ozone/integration-test/target/test-classes/webapps/static,UNAVAILABLE}
2019-10-04 12:47:12,618 [main] INFO  handler.ContextHandler (ContextHandler.java:doStop(910)) - Stopped o.e.j.s.ServletContextHandler@4270b142{/logs,file:///workdir/hadoop-ozone/integration-test/target/log,UNAVAILABLE}
2019-10-04 12:47:12,620 [main] INFO  server.StorageContainerManager (StorageContainerManager.java:stop(855)) - Stopping Block Manager Service.
2019-10-04 12:47:12,620 [main] INFO  utils.BackgroundService (BackgroundService.java:shutdown(148)) - Shutting down service SCMBlockDeletingService
2019-10-04 12:47:12,620 [main] INFO  utils.BackgroundService (BackgroundService.java:shutdown(148)) - Shutting down service SCMBlockDeletingService
2019-10-04 12:47:12,621 [main] INFO  server.StorageContainerManager (StorageContainerManager.java:stop(877)) - Stopping SCM Event Queue.
2019-10-04 12:47:12,626 [main] INFO  impl.MetricsSystemImpl (MetricsSystemImpl.java:stop(210)) - Stopping HddsDatanode metrics system...
2019-10-04 12:47:12,665 [main] INFO  impl.MetricsSystemImpl (MetricsSystemImpl.java:stop(216)) - HddsDatanode metrics system stopped.
]]></system-out>
  </testcase>
  <testcase name="testFailureWithPrimeSizedData" classname="org.apache.hadoop.ozone.client.rpc.TestBlockOutputStreamWithFailures" time="36.29"/>
  <testcase name="testWatchForCommitWithCloseContainerException" classname="org.apache.hadoop.ozone.client.rpc.TestBlockOutputStreamWithFailures" time="36.559">
    <failure message="expected:&lt;2&gt; but was:&lt;3&gt;" type="java.lang.AssertionError"><![CDATA[java.lang.AssertionError: expected:<2> but was:<3>
	at org.junit.Assert.fail(Assert.java:88)
	at org.junit.Assert.failNotEquals(Assert.java:743)
	at org.junit.Assert.assertEquals(Assert.java:118)
	at org.junit.Assert.assertEquals(Assert.java:555)
	at org.junit.Assert.assertEquals(Assert.java:542)
	at org.apache.hadoop.ozone.client.rpc.TestBlockOutputStreamWithFailures.testWatchForCommitWithCloseContainerException(TestBlockOutputStreamWithFailures.java:233)
	at sun.reflect.NativeMethodAccessorImpl.invoke0(Native Method)
	at sun.reflect.NativeMethodAccessorImpl.invoke(NativeMethodAccessorImpl.java:62)
	at sun.reflect.DelegatingMethodAccessorImpl.invoke(DelegatingMethodAccessorImpl.java:43)
	at java.lang.reflect.Method.invoke(Method.java:498)
	at org.junit.runners.model.FrameworkMethod$1.runReflectiveCall(FrameworkMethod.java:47)
	at org.junit.internal.runners.model.ReflectiveCallable.run(ReflectiveCallable.java:12)
	at org.junit.runners.model.FrameworkMethod.invokeExplosively(FrameworkMethod.java:44)
	at org.junit.internal.runners.statements.InvokeMethod.evaluate(InvokeMethod.java:17)
	at org.junit.internal.runners.statements.RunBefores.evaluate(RunBefores.java:26)
	at org.junit.internal.runners.statements.RunAfters.evaluate(RunAfters.java:27)
	at org.junit.runners.ParentRunner.runLeaf(ParentRunner.java:271)
	at org.junit.runners.BlockJUnit4ClassRunner.runChild(BlockJUnit4ClassRunner.java:70)
	at org.junit.runners.BlockJUnit4ClassRunner.runChild(BlockJUnit4ClassRunner.java:50)
	at org.junit.runners.ParentRunner$3.run(ParentRunner.java:238)
	at org.junit.runners.ParentRunner$1.schedule(ParentRunner.java:63)
	at org.junit.runners.ParentRunner.runChildren(ParentRunner.java:236)
	at org.junit.runners.ParentRunner.access$000(ParentRunner.java:53)
	at org.junit.runners.ParentRunner$2.evaluate(ParentRunner.java:229)
	at org.junit.runners.ParentRunner.run(ParentRunner.java:309)
	at org.apache.maven.surefire.junit4.JUnit4Provider.execute(JUnit4Provider.java:365)
	at org.apache.maven.surefire.junit4.JUnit4Provider.executeWithRerun(JUnit4Provider.java:273)
	at org.apache.maven.surefire.junit4.JUnit4Provider.executeTestSet(JUnit4Provider.java:238)
	at org.apache.maven.surefire.junit4.JUnit4Provider.invoke(JUnit4Provider.java:159)
	at org.apache.maven.surefire.booter.ForkedBooter.invokeProviderInSameClassLoader(ForkedBooter.java:384)
	at org.apache.maven.surefire.booter.ForkedBooter.runSuitesInProcess(ForkedBooter.java:345)
	at org.apache.maven.surefire.booter.ForkedBooter.execute(ForkedBooter.java:126)
	at org.apache.maven.surefire.booter.ForkedBooter.main(ForkedBooter.java:418)
]]></failure>
    <system-out><![CDATA[2019-10-04 12:47:49,023 [main] WARN  server.ServerUtils (ServerUtils.java:getScmDbDir(145)) - ozone.scm.db.dirs is not configured. We recommend adding this setting. Falling back to ozone.metadata.dirs instead.
2019-10-04 12:47:49,040 [main] WARN  server.ServerUtils (ServerUtils.java:getScmDbDir(145)) - ozone.scm.db.dirs is not configured. We recommend adding this setting. Falling back to ozone.metadata.dirs instead.
2019-10-04 12:47:49,041 [main] WARN  server.ServerUtils (ServerUtils.java:getScmDbDir(145)) - ozone.scm.db.dirs is not configured. We recommend adding this setting. Falling back to ozone.metadata.dirs instead.
2019-10-04 12:47:49,041 [main] INFO  db.DBStoreBuilder (DBStoreBuilder.java:addTable(117)) - using custom profile for table: deletedBlocks
2019-10-04 12:47:49,041 [main] INFO  db.DBStoreBuilder (DBStoreBuilder.java:processTables(168)) - Using default column profile:DBProfile.DISK for Table:deletedBlocks
2019-10-04 12:47:49,041 [main] INFO  db.DBStoreBuilder (DBStoreBuilder.java:addTable(117)) - using custom profile for table: validCerts
2019-10-04 12:47:49,042 [main] INFO  db.DBStoreBuilder (DBStoreBuilder.java:processTables(168)) - Using default column profile:DBProfile.DISK for Table:validCerts
2019-10-04 12:47:49,042 [main] INFO  db.DBStoreBuilder (DBStoreBuilder.java:addTable(117)) - using custom profile for table: revokedCerts
2019-10-04 12:47:49,042 [main] INFO  db.DBStoreBuilder (DBStoreBuilder.java:processTables(168)) - Using default column profile:DBProfile.DISK for Table:revokedCerts
2019-10-04 12:47:49,042 [main] INFO  db.DBStoreBuilder (DBStoreBuilder.java:addTable(117)) - using custom profile for table: default
2019-10-04 12:47:49,042 [main] INFO  db.DBStoreBuilder (DBStoreBuilder.java:processTables(174)) - Using default column profile:DBProfile.DISK for Table:default
2019-10-04 12:47:49,042 [main] INFO  db.DBStoreBuilder (DBStoreBuilder.java:getDbProfile(205)) - Using default options. DBProfile.DISK
2019-10-04 12:47:49,215 [main] INFO  net.NodeSchemaLoader (NodeSchemaLoader.java:loadSchemaFromFile(125)) - Loading file from sun.misc.CompoundEnumeration@67b560fe
2019-10-04 12:47:49,215 [main] INFO  net.NodeSchemaLoader (NodeSchemaLoader.java:loadSchema(171)) - Loading network topology layer schema file
2019-10-04 12:47:49,219 [main] INFO  node.SCMNodeManager (SCMNodeManager.java:<init>(114)) - Entering startup safe mode.
2019-10-04 12:47:49,219 [main] INFO  algorithms.ContainerPlacementPolicyFactory (ContainerPlacementPolicyFactory.java:getPolicy(57)) - Create container placement policy of type org.apache.hadoop.hdds.scm.container.placement.algorithms.SCMContainerPlacementRandom
2019-10-04 12:47:49,219 [main] WARN  server.ServerUtils (ServerUtils.java:getScmDbDir(145)) - ozone.scm.db.dirs is not configured. We recommend adding this setting. Falling back to ozone.metadata.dirs instead.
2019-10-04 12:47:49,281 [main] INFO  pipeline.SCMPipelineManager (SCMPipelineManager.java:initializePipelineState(132)) - No pipeline exists in current db
2019-10-04 12:47:49,281 [main] WARN  server.ServerUtils (ServerUtils.java:getScmDbDir(145)) - ozone.scm.db.dirs is not configured. We recommend adding this setting. Falling back to ozone.metadata.dirs instead.
2019-10-04 12:47:49,351 [main] WARN  events.EventQueue (EventQueue.java:fireEvent(183)) - No event handler registered for event TypedEvent{payloadType=SafeModeStatus, name='SafeModeStatus'}
2019-10-04 12:47:49,352 [main] INFO  ipc.CallQueueManager (CallQueueManager.java:<init>(84)) - Using callQueue: class java.util.concurrent.LinkedBlockingQueue, queueCapacity: 2000, scheduler: class org.apache.hadoop.ipc.DefaultRpcScheduler, ipcBackoff: false.
2019-10-04 12:47:49,352 [Socket Reader #1 for port 40139] INFO  ipc.Server (Server.java:run(1074)) - Starting Socket Reader #1 for port 40139
2019-10-04 12:47:49,355 [main] INFO  ipc.CallQueueManager (CallQueueManager.java:<init>(84)) - Using callQueue: class java.util.concurrent.LinkedBlockingQueue, queueCapacity: 2000, scheduler: class org.apache.hadoop.ipc.DefaultRpcScheduler, ipcBackoff: false.
2019-10-04 12:47:49,356 [Socket Reader #1 for port 38145] INFO  ipc.Server (Server.java:run(1074)) - Starting Socket Reader #1 for port 38145
2019-10-04 12:47:49,357 [main] INFO  ipc.CallQueueManager (CallQueueManager.java:<init>(84)) - Using callQueue: class java.util.concurrent.LinkedBlockingQueue, queueCapacity: 2000, scheduler: class org.apache.hadoop.ipc.DefaultRpcScheduler, ipcBackoff: false.
2019-10-04 12:47:49,358 [Socket Reader #1 for port 42018] INFO  ipc.Server (Server.java:run(1074)) - Starting Socket Reader #1 for port 42018
2019-10-04 12:47:49,361 [main] INFO  hdfs.DFSUtil (DFSUtil.java:httpServerTemplateForNNAndJN(1641)) - Starting Web-server for scm at: http://0.0.0.0:0
2019-10-04 12:47:49,363 [main] INFO  server.AuthenticationFilter (AuthenticationFilter.java:constructSecretProvider(240)) - Unable to initialize FileSignerSecretProvider, falling back to use random secrets.
2019-10-04 12:47:49,365 [main] WARN  http.HttpRequestLog (HttpRequestLog.java:getRequestLog(97)) - Jetty request log can only be enabled using Log4j
2019-10-04 12:47:49,367 [main] INFO  http.HttpServer2 (HttpServer2.java:addGlobalFilter(975)) - Added global filter 'safety' (class=org.apache.hadoop.http.HttpServer2$QuotingInputFilter)
2019-10-04 12:47:49,367 [main] INFO  http.HttpServer2 (HttpServer2.java:addFilter(948)) - Added filter static_user_filter (class=org.apache.hadoop.http.lib.StaticUserWebFilter$StaticUserFilter) to context scm
2019-10-04 12:47:49,367 [main] INFO  http.HttpServer2 (HttpServer2.java:addFilter(958)) - Added filter static_user_filter (class=org.apache.hadoop.http.lib.StaticUserWebFilter$StaticUserFilter) to context static
2019-10-04 12:47:49,368 [main] INFO  http.HttpServer2 (HttpServer2.java:addFilter(958)) - Added filter static_user_filter (class=org.apache.hadoop.http.lib.StaticUserWebFilter$StaticUserFilter) to context logs
2019-10-04 12:47:49,369 [main] INFO  server.StorageContainerManager (StorageContainerManager.java:start(770)) - StorageContainerLocationProtocol RPC server is listening at /0.0.0.0:42018
2019-10-04 12:47:49,371 [main] WARN  impl.MetricsConfig (MetricsConfig.java:loadFirst(134)) - Cannot locate configuration: tried hadoop-metrics2-storagecontainermanager.properties,hadoop-metrics2.properties
2019-10-04 12:47:49,372 [main] INFO  impl.MetricsSystemImpl (MetricsSystemImpl.java:startTimer(374)) - Scheduled Metric snapshot period at 10 second(s).
2019-10-04 12:47:49,372 [main] INFO  impl.MetricsSystemImpl (MetricsSystemImpl.java:start(191)) - StorageContainerManager metrics system started
2019-10-04 12:47:49,536 [main] WARN  impl.MetricsSystemImpl (MetricsSystemImpl.java:register(276)) - Sink prometheus already exists!
2019-10-04 12:47:49,628 [main] INFO  server.SCMClientProtocolServer (SCMClientProtocolServer.java:start(159)) - RPC server for Client  is listening at /0.0.0.0:42018
2019-10-04 12:47:49,628 [IPC Server Responder] INFO  ipc.Server (Server.java:run(1314)) - IPC Server Responder: starting
2019-10-04 12:47:49,629 [IPC Server listener on 42018] INFO  ipc.Server (Server.java:run(1153)) - IPC Server listener on 42018: starting
2019-10-04 12:47:49,634 [main] INFO  server.StorageContainerManager (StorageContainerManager.java:start(780)) - ScmBlockLocationProtocol RPC server is listening at /0.0.0.0:38145
2019-10-04 12:47:49,634 [main] INFO  server.SCMBlockProtocolServer (SCMBlockProtocolServer.java:start(146)) - RPC server for Block Protocol is listening at /0.0.0.0:38145
2019-10-04 12:47:49,634 [IPC Server Responder] INFO  ipc.Server (Server.java:run(1314)) - IPC Server Responder: starting
2019-10-04 12:47:49,634 [IPC Server listener on 38145] INFO  ipc.Server (Server.java:run(1153)) - IPC Server listener on 38145: starting
2019-10-04 12:47:49,639 [main] INFO  server.StorageContainerManager (StorageContainerManager.java:start(784)) - ScmDatanodeProtocl RPC server is listening at /0.0.0.0:40139
2019-10-04 12:47:49,639 [main] INFO  server.SCMDatanodeProtocolServer (SCMDatanodeProtocolServer.java:start(169)) - RPC server for DataNodes is listening at /0.0.0.0:40139
2019-10-04 12:47:49,640 [IPC Server Responder] INFO  ipc.Server (Server.java:run(1314)) - IPC Server Responder: starting
2019-10-04 12:47:49,640 [IPC Server listener on 40139] INFO  ipc.Server (Server.java:run(1153)) - IPC Server listener on 40139: starting
2019-10-04 12:47:49,645 [main] INFO  http.HttpServer2 (HttpServer2.java:bindListener(1191)) - Jetty bound to port 41351
2019-10-04 12:47:49,645 [main] INFO  server.Server (Server.java:doStart(351)) - jetty-9.3.25.v20180904, build timestamp: 2018-09-04T21:11:46Z, git hash: 3ce520221d0240229c862b122d2b06c12a625732
2019-10-04 12:47:49,647 [main] INFO  handler.ContextHandler (ContextHandler.java:doStart(781)) - Started o.e.j.s.ServletContextHandler@6e068ac9{/logs,file:///workdir/hadoop-ozone/integration-test/target/log,AVAILABLE}
2019-10-04 12:47:49,648 [main] INFO  handler.ContextHandler (ContextHandler.java:doStart(781)) - Started o.e.j.s.ServletContextHandler@bb6f3f7{/static,file:///workdir/hadoop-ozone/integration-test/target/test-classes/webapps/static,AVAILABLE}
2019-10-04 12:47:49,652 [main] INFO  handler.ContextHandler (ContextHandler.java:doStart(781)) - Started o.e.j.w.WebAppContext@46d1b59{/,file:///workdir/hadoop-ozone/integration-test/target/test-classes/webapps/scm/,AVAILABLE}{/scm}
2019-10-04 12:47:49,653 [main] INFO  server.AbstractConnector (AbstractConnector.java:doStart(278)) - Started ServerConnector@61d2f267{HTTP/1.1,[http/1.1]}{0.0.0.0:41351}
2019-10-04 12:47:49,654 [main] INFO  server.Server (Server.java:doStart(419)) - Started @667630ms
2019-10-04 12:47:49,654 [main] WARN  impl.MetricsSystemImpl (MetricsSystemImpl.java:register(276)) - Sink prometheus already exists!
2019-10-04 12:47:49,655 [main] INFO  server.BaseHttpServer (BaseHttpServer.java:updateConnectorAddress(215)) - HTTP server of SCM is listening at http://0.0.0.0:41351
2019-10-04 12:47:49,658 [main] WARN  server.ServerUtils (ServerUtils.java:getDBPath(222)) - ozone.om.db.dirs is not configured. We recommend adding this setting. Falling back to ozone.metadata.dirs instead.
2019-10-04 12:47:49,658 [org.apache.hadoop.util.JvmPauseMonitor$Monitor@85ab964] INFO  util.JvmPauseMonitor (JvmPauseMonitor.java:run(188)) - Starting JVM pause monitor
2019-10-04 12:47:49,671 [main] INFO  ha.OMHANodeDetails (OMHANodeDetails.java:loadOMHAConfig(190)) - Configuration either no ozone.om.address set. Falling back to the default OM address /127.0.0.1:0
2019-10-04 12:47:49,671 [main] INFO  ha.OMHANodeDetails (OMHANodeDetails.java:getOMNodeDetails(220)) - OM Service ID is not set. Setting it to the default ID: omServiceIdDefault
2019-10-04 12:47:49,672 [main] WARN  server.ServerUtils (ServerUtils.java:getDBPath(222)) - ozone.om.db.dirs is not configured. We recommend adding this setting. Falling back to ozone.metadata.dirs instead.
2019-10-04 12:47:49,673 [main] WARN  server.ServerUtils (ServerUtils.java:getDBPath(222)) - ozone.om.db.dirs is not configured. We recommend adding this setting. Falling back to ozone.metadata.dirs instead.
2019-10-04 12:47:49,681 [main] WARN  server.ServerUtils (ServerUtils.java:getDBPath(222)) - ozone.om.db.dirs is not configured. We recommend adding this setting. Falling back to ozone.metadata.dirs instead.
2019-10-04 12:47:49,681 [main] INFO  db.DBStoreBuilder (DBStoreBuilder.java:addTable(117)) - using custom profile for table: userTable
2019-10-04 12:47:49,682 [main] INFO  db.DBStoreBuilder (DBStoreBuilder.java:processTables(168)) - Using default column profile:DBProfile.DISK for Table:userTable
2019-10-04 12:47:49,682 [main] INFO  db.DBStoreBuilder (DBStoreBuilder.java:addTable(117)) - using custom profile for table: volumeTable
2019-10-04 12:47:49,682 [main] INFO  db.DBStoreBuilder (DBStoreBuilder.java:processTables(168)) - Using default column profile:DBProfile.DISK for Table:volumeTable
2019-10-04 12:47:49,682 [main] INFO  db.DBStoreBuilder (DBStoreBuilder.java:addTable(117)) - using custom profile for table: bucketTable
2019-10-04 12:47:49,683 [main] INFO  db.DBStoreBuilder (DBStoreBuilder.java:processTables(168)) - Using default column profile:DBProfile.DISK for Table:bucketTable
2019-10-04 12:47:49,683 [main] INFO  db.DBStoreBuilder (DBStoreBuilder.java:addTable(117)) - using custom profile for table: keyTable
2019-10-04 12:47:49,683 [main] INFO  db.DBStoreBuilder (DBStoreBuilder.java:processTables(168)) - Using default column profile:DBProfile.DISK for Table:keyTable
2019-10-04 12:47:49,683 [main] INFO  db.DBStoreBuilder (DBStoreBuilder.java:addTable(117)) - using custom profile for table: deletedTable
2019-10-04 12:47:49,683 [main] INFO  db.DBStoreBuilder (DBStoreBuilder.java:processTables(168)) - Using default column profile:DBProfile.DISK for Table:deletedTable
2019-10-04 12:47:49,684 [main] INFO  db.DBStoreBuilder (DBStoreBuilder.java:addTable(117)) - using custom profile for table: openKeyTable
2019-10-04 12:47:49,684 [main] INFO  db.DBStoreBuilder (DBStoreBuilder.java:processTables(168)) - Using default column profile:DBProfile.DISK for Table:openKeyTable
2019-10-04 12:47:49,684 [main] INFO  db.DBStoreBuilder (DBStoreBuilder.java:addTable(117)) - using custom profile for table: s3Table
2019-10-04 12:47:49,684 [main] INFO  db.DBStoreBuilder (DBStoreBuilder.java:processTables(168)) - Using default column profile:DBProfile.DISK for Table:s3Table
2019-10-04 12:47:49,685 [main] INFO  db.DBStoreBuilder (DBStoreBuilder.java:addTable(117)) - using custom profile for table: multipartInfoTable
2019-10-04 12:47:49,685 [main] INFO  db.DBStoreBuilder (DBStoreBuilder.java:processTables(168)) - Using default column profile:DBProfile.DISK for Table:multipartInfoTable
2019-10-04 12:47:49,685 [main] INFO  db.DBStoreBuilder (DBStoreBuilder.java:addTable(117)) - using custom profile for table: dTokenTable
2019-10-04 12:47:49,685 [main] INFO  db.DBStoreBuilder (DBStoreBuilder.java:processTables(168)) - Using default column profile:DBProfile.DISK for Table:dTokenTable
2019-10-04 12:47:49,686 [main] INFO  db.DBStoreBuilder (DBStoreBuilder.java:addTable(117)) - using custom profile for table: s3SecretTable
2019-10-04 12:47:49,686 [main] INFO  db.DBStoreBuilder (DBStoreBuilder.java:processTables(168)) - Using default column profile:DBProfile.DISK for Table:s3SecretTable
2019-10-04 12:47:49,686 [main] INFO  db.DBStoreBuilder (DBStoreBuilder.java:addTable(117)) - using custom profile for table: prefixTable
2019-10-04 12:47:49,686 [main] INFO  db.DBStoreBuilder (DBStoreBuilder.java:processTables(168)) - Using default column profile:DBProfile.DISK for Table:prefixTable
2019-10-04 12:47:49,687 [main] INFO  db.DBStoreBuilder (DBStoreBuilder.java:addTable(117)) - using custom profile for table: default
2019-10-04 12:47:49,687 [main] INFO  db.DBStoreBuilder (DBStoreBuilder.java:processTables(174)) - Using default column profile:DBProfile.DISK for Table:default
2019-10-04 12:47:49,687 [main] INFO  db.DBStoreBuilder (DBStoreBuilder.java:getDbProfile(205)) - Using default options. DBProfile.DISK
2019-10-04 12:47:50,204 [main] INFO  ipc.CallQueueManager (CallQueueManager.java:<init>(84)) - Using callQueue: class java.util.concurrent.LinkedBlockingQueue, queueCapacity: 2000, scheduler: class org.apache.hadoop.ipc.DefaultRpcScheduler, ipcBackoff: false.
2019-10-04 12:47:50,204 [Socket Reader #1 for port 46404] INFO  ipc.Server (Server.java:run(1074)) - Starting Socket Reader #1 for port 46404
2019-10-04 12:47:50,218 [main] INFO  om.OzoneManager (OzoneManager.java:start(1069)) - OzoneManager RPC server is listening at localhost/127.0.0.1:46404
2019-10-04 12:47:50,218 [main] INFO  impl.MetricsSystemImpl (MetricsSystemImpl.java:init(158)) - OzoneManager metrics system started (again)
2019-10-04 12:47:50,219 [IPC Server Responder] INFO  ipc.Server (Server.java:run(1314)) - IPC Server Responder: starting
2019-10-04 12:47:50,219 [IPC Server listener on 46404] INFO  ipc.Server (Server.java:run(1153)) - IPC Server listener on 46404: starting
2019-10-04 12:47:50,226 [main] INFO  hdfs.DFSUtil (DFSUtil.java:httpServerTemplateForNNAndJN(1641)) - Starting Web-server for ozoneManager at: http://0.0.0.0:0
2019-10-04 12:47:50,228 [main] INFO  server.AuthenticationFilter (AuthenticationFilter.java:constructSecretProvider(240)) - Unable to initialize FileSignerSecretProvider, falling back to use random secrets.
2019-10-04 12:47:50,229 [main] WARN  http.HttpRequestLog (HttpRequestLog.java:getRequestLog(97)) - Jetty request log can only be enabled using Log4j
2019-10-04 12:47:50,231 [main] INFO  http.HttpServer2 (HttpServer2.java:addGlobalFilter(975)) - Added global filter 'safety' (class=org.apache.hadoop.http.HttpServer2$QuotingInputFilter)
2019-10-04 12:47:50,232 [main] INFO  http.HttpServer2 (HttpServer2.java:addFilter(948)) - Added filter static_user_filter (class=org.apache.hadoop.http.lib.StaticUserWebFilter$StaticUserFilter) to context ozoneManager
2019-10-04 12:47:50,232 [main] INFO  http.HttpServer2 (HttpServer2.java:addFilter(958)) - Added filter static_user_filter (class=org.apache.hadoop.http.lib.StaticUserWebFilter$StaticUserFilter) to context static
2019-10-04 12:47:50,232 [main] INFO  http.HttpServer2 (HttpServer2.java:addFilter(958)) - Added filter static_user_filter (class=org.apache.hadoop.http.lib.StaticUserWebFilter$StaticUserFilter) to context logs
2019-10-04 12:47:50,233 [main] INFO  http.HttpServer2 (HttpServer2.java:bindListener(1191)) - Jetty bound to port 34460
2019-10-04 12:47:50,233 [main] INFO  server.Server (Server.java:doStart(351)) - jetty-9.3.25.v20180904, build timestamp: 2018-09-04T21:11:46Z, git hash: 3ce520221d0240229c862b122d2b06c12a625732
2019-10-04 12:47:50,235 [main] INFO  handler.ContextHandler (ContextHandler.java:doStart(781)) - Started o.e.j.s.ServletContextHandler@29b5533{/logs,file:///workdir/hadoop-ozone/integration-test/target/log,AVAILABLE}
2019-10-04 12:47:50,236 [main] INFO  handler.ContextHandler (ContextHandler.java:doStart(781)) - Started o.e.j.s.ServletContextHandler@75839695{/static,file:///workdir/hadoop-ozone/integration-test/target/test-classes/webapps/static,AVAILABLE}
2019-10-04 12:47:50,239 [main] INFO  handler.ContextHandler (ContextHandler.java:doStart(781)) - Started o.e.j.w.WebAppContext@b55f5b7{/,file:///workdir/hadoop-ozone/integration-test/target/test-classes/webapps/ozoneManager/,AVAILABLE}{/ozoneManager}
2019-10-04 12:47:50,240 [main] INFO  server.AbstractConnector (AbstractConnector.java:doStart(278)) - Started ServerConnector@2aa6bbad{HTTP/1.1,[http/1.1]}{0.0.0.0:34460}
2019-10-04 12:47:50,242 [main] INFO  server.Server (Server.java:doStart(419)) - Started @668219ms
2019-10-04 12:47:50,243 [main] WARN  impl.MetricsSystemImpl (MetricsSystemImpl.java:register(276)) - Sink prometheus already exists!
2019-10-04 12:47:50,244 [main] INFO  server.BaseHttpServer (BaseHttpServer.java:updateConnectorAddress(215)) - HTTP server of OZONEMANAGER is listening at http://0.0.0.0:34460
2019-10-04 12:47:50,263 [main] INFO  impl.MetricsSystemImpl (MetricsSystemImpl.java:init(158)) - HddsDatanode metrics system started (again)
2019-10-04 12:47:50,270 [main] INFO  ozone.HddsDatanodeService (HddsDatanodeService.java:start(184)) - HddsDatanodeService host:pr-hdds-2222-6c7sc-20480173 ip:192.168.5.134
2019-10-04 12:47:50,279 [main] INFO  volume.HddsVolume (HddsVolume.java:<init>(176)) - Creating Volume: /workdir/hadoop-ozone/integration-test/target/test-dir/MiniOzoneClusterImpl-5635d10f-1327-44e0-ad77-5958a3ffe64f/datanode-0/data/containers/hdds of  storage type : DISK and capacity : 1482555576320
2019-10-04 12:47:50,279 [main] INFO  volume.VolumeSet (VolumeSet.java:initializeVolumeSet(170)) - Added Volume : /workdir/hadoop-ozone/integration-test/target/test-dir/MiniOzoneClusterImpl-5635d10f-1327-44e0-ad77-5958a3ffe64f/datanode-0/data/containers/hdds to VolumeSet
2019-10-04 12:47:50,279 [main] INFO  volume.ThrottledAsyncChecker (ThrottledAsyncChecker.java:schedule(139)) - Scheduling a check for org.apache.hadoop.ozone.container.common.volume.HddsVolume@6ef1c3f7
2019-10-04 12:47:50,280 [main] INFO  volume.HddsVolumeChecker (HddsVolumeChecker.java:checkAllVolumes(202)) - Scheduled health check for volume org.apache.hadoop.ozone.container.common.volume.HddsVolume@6ef1c3f7
2019-10-04 12:47:50,296 [main] INFO  impl.RaftServerProxy (ConfUtils.java:logGet(43)) - raft.rpc.type = GRPC (default)
2019-10-04 12:47:50,296 [main] INFO  grpc.GrpcFactory (GrpcFactory.java:checkPooledByteBufAllocatorUseCacheForAllThreads(45)) - PERFORMANCE WARNING: useCacheForAllThreads is true that may cause Netty to create a lot garbage objects and, as a result, trigger GC.
	It is recommended to disable useCacheForAllThreads by setting -Dorg.apache.ratis.thirdparty.io.netty.allocator.useCacheForAllThreads=false in command line.
2019-10-04 12:47:50,296 [main] INFO  grpc.GrpcConfigKeys$Server (ConfUtils.java:logGet(43)) - raft.grpc.server.port = 0 (default)
2019-10-04 12:47:50,296 [main] INFO  server.GrpcService (ConfUtils.java:logGet(43)) - raft.grpc.message.size.max = 33570816 (custom)
2019-10-04 12:47:50,297 [main] INFO  server.RaftServerConfigKeys (ConfUtils.java:logGet(43)) - raft.server.log.appender.buffer.byte-limit = 33554432 (custom)
2019-10-04 12:47:50,297 [main] INFO  server.GrpcService (ConfUtils.java:logGet(43)) - raft.grpc.flow.control.window = 1MB (=1048576) (default)
2019-10-04 12:47:50,297 [main] INFO  server.RaftServerConfigKeys (ConfUtils.java:logGet(43)) - raft.server.rpc.request.timeout = 3000ms (default)
2019-10-04 12:47:50,297 [main] INFO  server.RaftServerConfigKeys (ConfUtils.java:logGet(43)) - raft.server.storage.dir = [/workdir/hadoop-ozone/integration-test/target/test-dir/MiniOzoneClusterImpl-5635d10f-1327-44e0-ad77-5958a3ffe64f/datanode-0/data/ratis] (custom)
2019-10-04 12:47:50,299 [main] INFO  hdfs.DFSUtil (DFSUtil.java:httpServerTemplateForNNAndJN(1641)) - Starting Web-server for hddsDatanode at: http://0.0.0.0:0
2019-10-04 12:47:50,301 [main] INFO  server.AuthenticationFilter (AuthenticationFilter.java:constructSecretProvider(240)) - Unable to initialize FileSignerSecretProvider, falling back to use random secrets.
2019-10-04 12:47:50,301 [main] WARN  http.HttpRequestLog (HttpRequestLog.java:getRequestLog(97)) - Jetty request log can only be enabled using Log4j
2019-10-04 12:47:50,303 [main] INFO  http.HttpServer2 (HttpServer2.java:addGlobalFilter(975)) - Added global filter 'safety' (class=org.apache.hadoop.http.HttpServer2$QuotingInputFilter)
2019-10-04 12:47:50,303 [main] INFO  http.HttpServer2 (HttpServer2.java:addFilter(948)) - Added filter static_user_filter (class=org.apache.hadoop.http.lib.StaticUserWebFilter$StaticUserFilter) to context hddsDatanode
2019-10-04 12:47:50,303 [main] INFO  http.HttpServer2 (HttpServer2.java:addFilter(958)) - Added filter static_user_filter (class=org.apache.hadoop.http.lib.StaticUserWebFilter$StaticUserFilter) to context logs
2019-10-04 12:47:50,304 [main] INFO  http.HttpServer2 (HttpServer2.java:addFilter(958)) - Added filter static_user_filter (class=org.apache.hadoop.http.lib.StaticUserWebFilter$StaticUserFilter) to context static
2019-10-04 12:47:50,304 [main] INFO  http.HttpServer2 (HttpServer2.java:bindListener(1191)) - Jetty bound to port 39913
2019-10-04 12:47:50,304 [main] INFO  server.Server (Server.java:doStart(351)) - jetty-9.3.25.v20180904, build timestamp: 2018-09-04T21:11:46Z, git hash: 3ce520221d0240229c862b122d2b06c12a625732
2019-10-04 12:47:50,306 [main] INFO  handler.ContextHandler (ContextHandler.java:doStart(781)) - Started o.e.j.s.ServletContextHandler@3a3ad8e7{/logs,file:///workdir/hadoop-ozone/integration-test/target/log,AVAILABLE}
2019-10-04 12:47:50,306 [main] INFO  handler.ContextHandler (ContextHandler.java:doStart(781)) - Started o.e.j.s.ServletContextHandler@64b73e0a{/static,jar:file:/home/user/.m2/repository/org/apache/hadoop/hadoop-hdds-container-service/0.5.0-SNAPSHOT/hadoop-hdds-container-service-0.5.0-SNAPSHOT.jar!/webapps/static,AVAILABLE}
2019-10-04 12:47:50,343 [main] INFO  handler.ContextHandler (ContextHandler.java:doStart(781)) - Started o.e.j.w.WebAppContext@15e08615{/,file:///tmp/jetty-0.0.0.0-39913-hddsDatanode-_-any-6945100709031702942.dir/webapp/,AVAILABLE}{/hddsDatanode}
2019-10-04 12:47:50,344 [main] INFO  server.AbstractConnector (AbstractConnector.java:doStart(278)) - Started ServerConnector@19dac2d6{HTTP/1.1,[http/1.1]}{0.0.0.0:39913}
2019-10-04 12:47:50,346 [main] INFO  server.Server (Server.java:doStart(419)) - Started @668322ms
2019-10-04 12:47:50,346 [main] WARN  impl.MetricsSystemImpl (MetricsSystemImpl.java:register(276)) - Sink prometheus already exists!
2019-10-04 12:47:50,347 [main] INFO  server.BaseHttpServer (BaseHttpServer.java:updateConnectorAddress(215)) - HTTP server of HDDSDATANODE is listening at http://0.0.0.0:39913
2019-10-04 12:47:50,348 [main] INFO  impl.MetricsSystemImpl (MetricsSystemImpl.java:init(158)) - HddsDatanode metrics system started (again)
2019-10-04 12:47:50,354 [org.apache.hadoop.util.JvmPauseMonitor$Monitor@260d9aa3] INFO  util.JvmPauseMonitor (JvmPauseMonitor.java:run(188)) - Starting JVM pause monitor
2019-10-04 12:47:50,355 [Datanode State Machine Thread - 0] INFO  datanode.InitDatanodeState (InitDatanodeState.java:persistContainerDatanodeDetails(140)) - DatanodeDetails is persisted to /workdir/hadoop-ozone/integration-test/target/test-dir/MiniOzoneClusterImpl-5635d10f-1327-44e0-ad77-5958a3ffe64f/datanode-0/meta/datanode.id
2019-10-04 12:47:50,356 [main] INFO  ozone.HddsDatanodeService (HddsDatanodeService.java:start(184)) - HddsDatanodeService host:pr-hdds-2222-6c7sc-20480173 ip:192.168.5.134
2019-10-04 12:47:50,362 [main] INFO  volume.HddsVolume (HddsVolume.java:<init>(176)) - Creating Volume: /workdir/hadoop-ozone/integration-test/target/test-dir/MiniOzoneClusterImpl-5635d10f-1327-44e0-ad77-5958a3ffe64f/datanode-1/data/containers/hdds of  storage type : DISK and capacity : 1482555576320
2019-10-04 12:47:50,362 [main] INFO  volume.VolumeSet (VolumeSet.java:initializeVolumeSet(170)) - Added Volume : /workdir/hadoop-ozone/integration-test/target/test-dir/MiniOzoneClusterImpl-5635d10f-1327-44e0-ad77-5958a3ffe64f/datanode-1/data/containers/hdds to VolumeSet
2019-10-04 12:47:50,363 [main] INFO  volume.ThrottledAsyncChecker (ThrottledAsyncChecker.java:schedule(139)) - Scheduling a check for org.apache.hadoop.ozone.container.common.volume.HddsVolume@7845b21a
2019-10-04 12:47:50,363 [main] INFO  volume.HddsVolumeChecker (HddsVolumeChecker.java:checkAllVolumes(202)) - Scheduled health check for volume org.apache.hadoop.ozone.container.common.volume.HddsVolume@7845b21a
2019-10-04 12:47:50,380 [main] INFO  impl.RaftServerProxy (ConfUtils.java:logGet(43)) - raft.rpc.type = GRPC (default)
2019-10-04 12:47:50,380 [main] INFO  grpc.GrpcFactory (GrpcFactory.java:checkPooledByteBufAllocatorUseCacheForAllThreads(45)) - PERFORMANCE WARNING: useCacheForAllThreads is true that may cause Netty to create a lot garbage objects and, as a result, trigger GC.
	It is recommended to disable useCacheForAllThreads by setting -Dorg.apache.ratis.thirdparty.io.netty.allocator.useCacheForAllThreads=false in command line.
2019-10-04 12:47:50,381 [main] INFO  grpc.GrpcConfigKeys$Server (ConfUtils.java:logGet(43)) - raft.grpc.server.port = 0 (default)
2019-10-04 12:47:50,381 [main] INFO  server.GrpcService (ConfUtils.java:logGet(43)) - raft.grpc.message.size.max = 33570816 (custom)
2019-10-04 12:47:50,381 [main] INFO  server.RaftServerConfigKeys (ConfUtils.java:logGet(43)) - raft.server.log.appender.buffer.byte-limit = 33554432 (custom)
2019-10-04 12:47:50,381 [main] INFO  server.GrpcService (ConfUtils.java:logGet(43)) - raft.grpc.flow.control.window = 1MB (=1048576) (default)
2019-10-04 12:47:50,381 [main] INFO  server.RaftServerConfigKeys (ConfUtils.java:logGet(43)) - raft.server.rpc.request.timeout = 3000ms (default)
2019-10-04 12:47:50,382 [main] INFO  server.RaftServerConfigKeys (ConfUtils.java:logGet(43)) - raft.server.storage.dir = [/workdir/hadoop-ozone/integration-test/target/test-dir/MiniOzoneClusterImpl-5635d10f-1327-44e0-ad77-5958a3ffe64f/datanode-1/data/ratis] (custom)
2019-10-04 12:47:50,383 [main] INFO  hdfs.DFSUtil (DFSUtil.java:httpServerTemplateForNNAndJN(1641)) - Starting Web-server for hddsDatanode at: http://0.0.0.0:0
2019-10-04 12:47:50,384 [main] INFO  server.AuthenticationFilter (AuthenticationFilter.java:constructSecretProvider(240)) - Unable to initialize FileSignerSecretProvider, falling back to use random secrets.
2019-10-04 12:47:50,385 [main] WARN  http.HttpRequestLog (HttpRequestLog.java:getRequestLog(97)) - Jetty request log can only be enabled using Log4j
2019-10-04 12:47:50,387 [main] INFO  http.HttpServer2 (HttpServer2.java:addGlobalFilter(975)) - Added global filter 'safety' (class=org.apache.hadoop.http.HttpServer2$QuotingInputFilter)
2019-10-04 12:47:50,387 [main] INFO  http.HttpServer2 (HttpServer2.java:addFilter(948)) - Added filter static_user_filter (class=org.apache.hadoop.http.lib.StaticUserWebFilter$StaticUserFilter) to context hddsDatanode
2019-10-04 12:47:50,387 [main] INFO  http.HttpServer2 (HttpServer2.java:addFilter(958)) - Added filter static_user_filter (class=org.apache.hadoop.http.lib.StaticUserWebFilter$StaticUserFilter) to context logs
2019-10-04 12:47:50,387 [main] INFO  http.HttpServer2 (HttpServer2.java:addFilter(958)) - Added filter static_user_filter (class=org.apache.hadoop.http.lib.StaticUserWebFilter$StaticUserFilter) to context static
2019-10-04 12:47:50,388 [main] INFO  http.HttpServer2 (HttpServer2.java:bindListener(1191)) - Jetty bound to port 33743
2019-10-04 12:47:50,388 [main] INFO  server.Server (Server.java:doStart(351)) - jetty-9.3.25.v20180904, build timestamp: 2018-09-04T21:11:46Z, git hash: 3ce520221d0240229c862b122d2b06c12a625732
2019-10-04 12:47:50,390 [main] INFO  handler.ContextHandler (ContextHandler.java:doStart(781)) - Started o.e.j.s.ServletContextHandler@21090c88{/logs,file:///workdir/hadoop-ozone/integration-test/target/log,AVAILABLE}
2019-10-04 12:47:50,390 [main] INFO  handler.ContextHandler (ContextHandler.java:doStart(781)) - Started o.e.j.s.ServletContextHandler@63a84bb6{/static,jar:file:/home/user/.m2/repository/org/apache/hadoop/hadoop-hdds-container-service/0.5.0-SNAPSHOT/hadoop-hdds-container-service-0.5.0-SNAPSHOT.jar!/webapps/static,AVAILABLE}
2019-10-04 12:47:50,420 [main] INFO  handler.ContextHandler (ContextHandler.java:doStart(781)) - Started o.e.j.w.WebAppContext@455f4483{/,file:///tmp/jetty-0.0.0.0-33743-hddsDatanode-_-any-2629428442112396035.dir/webapp/,AVAILABLE}{/hddsDatanode}
2019-10-04 12:47:50,420 [main] INFO  server.AbstractConnector (AbstractConnector.java:doStart(278)) - Started ServerConnector@6e239337{HTTP/1.1,[http/1.1]}{0.0.0.0:33743}
2019-10-04 12:47:50,422 [main] INFO  server.Server (Server.java:doStart(419)) - Started @668398ms
2019-10-04 12:47:50,422 [main] WARN  impl.MetricsSystemImpl (MetricsSystemImpl.java:register(276)) - Sink prometheus already exists!
2019-10-04 12:47:50,423 [main] INFO  server.BaseHttpServer (BaseHttpServer.java:updateConnectorAddress(215)) - HTTP server of HDDSDATANODE is listening at http://0.0.0.0:33743
2019-10-04 12:47:50,423 [main] INFO  impl.MetricsSystemImpl (MetricsSystemImpl.java:init(158)) - HddsDatanode metrics system started (again)
2019-10-04 12:47:50,429 [org.apache.hadoop.util.JvmPauseMonitor$Monitor@73890251] INFO  util.JvmPauseMonitor (JvmPauseMonitor.java:run(188)) - Starting JVM pause monitor
2019-10-04 12:47:50,429 [Datanode State Machine Thread - 0] INFO  datanode.InitDatanodeState (InitDatanodeState.java:persistContainerDatanodeDetails(140)) - DatanodeDetails is persisted to /workdir/hadoop-ozone/integration-test/target/test-dir/MiniOzoneClusterImpl-5635d10f-1327-44e0-ad77-5958a3ffe64f/datanode-1/meta/datanode.id
2019-10-04 12:47:50,430 [main] INFO  ozone.HddsDatanodeService (HddsDatanodeService.java:start(184)) - HddsDatanodeService host:pr-hdds-2222-6c7sc-20480173 ip:192.168.5.134
2019-10-04 12:47:50,437 [main] INFO  volume.HddsVolume (HddsVolume.java:<init>(176)) - Creating Volume: /workdir/hadoop-ozone/integration-test/target/test-dir/MiniOzoneClusterImpl-5635d10f-1327-44e0-ad77-5958a3ffe64f/datanode-2/data/containers/hdds of  storage type : DISK and capacity : 1482555576320
2019-10-04 12:47:50,437 [main] INFO  volume.VolumeSet (VolumeSet.java:initializeVolumeSet(170)) - Added Volume : /workdir/hadoop-ozone/integration-test/target/test-dir/MiniOzoneClusterImpl-5635d10f-1327-44e0-ad77-5958a3ffe64f/datanode-2/data/containers/hdds to VolumeSet
2019-10-04 12:47:50,437 [main] INFO  volume.ThrottledAsyncChecker (ThrottledAsyncChecker.java:schedule(139)) - Scheduling a check for org.apache.hadoop.ozone.container.common.volume.HddsVolume@38f502fc
2019-10-04 12:47:50,438 [main] INFO  volume.HddsVolumeChecker (HddsVolumeChecker.java:checkAllVolumes(202)) - Scheduled health check for volume org.apache.hadoop.ozone.container.common.volume.HddsVolume@38f502fc
2019-10-04 12:47:50,453 [main] INFO  impl.RaftServerProxy (ConfUtils.java:logGet(43)) - raft.rpc.type = GRPC (default)
2019-10-04 12:47:50,453 [main] INFO  grpc.GrpcFactory (GrpcFactory.java:checkPooledByteBufAllocatorUseCacheForAllThreads(45)) - PERFORMANCE WARNING: useCacheForAllThreads is true that may cause Netty to create a lot garbage objects and, as a result, trigger GC.
	It is recommended to disable useCacheForAllThreads by setting -Dorg.apache.ratis.thirdparty.io.netty.allocator.useCacheForAllThreads=false in command line.
2019-10-04 12:47:50,454 [main] INFO  grpc.GrpcConfigKeys$Server (ConfUtils.java:logGet(43)) - raft.grpc.server.port = 0 (default)
2019-10-04 12:47:50,454 [main] INFO  server.GrpcService (ConfUtils.java:logGet(43)) - raft.grpc.message.size.max = 33570816 (custom)
2019-10-04 12:47:50,454 [main] INFO  server.RaftServerConfigKeys (ConfUtils.java:logGet(43)) - raft.server.log.appender.buffer.byte-limit = 33554432 (custom)
2019-10-04 12:47:50,454 [main] INFO  server.GrpcService (ConfUtils.java:logGet(43)) - raft.grpc.flow.control.window = 1MB (=1048576) (default)
2019-10-04 12:47:50,455 [main] INFO  server.RaftServerConfigKeys (ConfUtils.java:logGet(43)) - raft.server.rpc.request.timeout = 3000ms (default)
2019-10-04 12:47:50,455 [main] INFO  server.RaftServerConfigKeys (ConfUtils.java:logGet(43)) - raft.server.storage.dir = [/workdir/hadoop-ozone/integration-test/target/test-dir/MiniOzoneClusterImpl-5635d10f-1327-44e0-ad77-5958a3ffe64f/datanode-2/data/ratis] (custom)
2019-10-04 12:47:50,456 [main] INFO  hdfs.DFSUtil (DFSUtil.java:httpServerTemplateForNNAndJN(1641)) - Starting Web-server for hddsDatanode at: http://0.0.0.0:0
2019-10-04 12:47:50,458 [main] INFO  server.AuthenticationFilter (AuthenticationFilter.java:constructSecretProvider(240)) - Unable to initialize FileSignerSecretProvider, falling back to use random secrets.
2019-10-04 12:47:50,458 [main] WARN  http.HttpRequestLog (HttpRequestLog.java:getRequestLog(97)) - Jetty request log can only be enabled using Log4j
2019-10-04 12:47:50,460 [main] INFO  http.HttpServer2 (HttpServer2.java:addGlobalFilter(975)) - Added global filter 'safety' (class=org.apache.hadoop.http.HttpServer2$QuotingInputFilter)
2019-10-04 12:47:50,460 [main] INFO  http.HttpServer2 (HttpServer2.java:addFilter(948)) - Added filter static_user_filter (class=org.apache.hadoop.http.lib.StaticUserWebFilter$StaticUserFilter) to context hddsDatanode
2019-10-04 12:47:50,460 [main] INFO  http.HttpServer2 (HttpServer2.java:addFilter(958)) - Added filter static_user_filter (class=org.apache.hadoop.http.lib.StaticUserWebFilter$StaticUserFilter) to context static
2019-10-04 12:47:50,460 [main] INFO  http.HttpServer2 (HttpServer2.java:addFilter(958)) - Added filter static_user_filter (class=org.apache.hadoop.http.lib.StaticUserWebFilter$StaticUserFilter) to context logs
2019-10-04 12:47:50,461 [main] INFO  http.HttpServer2 (HttpServer2.java:bindListener(1191)) - Jetty bound to port 46154
2019-10-04 12:47:50,461 [main] INFO  server.Server (Server.java:doStart(351)) - jetty-9.3.25.v20180904, build timestamp: 2018-09-04T21:11:46Z, git hash: 3ce520221d0240229c862b122d2b06c12a625732
2019-10-04 12:47:50,462 [main] INFO  handler.ContextHandler (ContextHandler.java:doStart(781)) - Started o.e.j.s.ServletContextHandler@e795a1d{/logs,file:///workdir/hadoop-ozone/integration-test/target/log,AVAILABLE}
2019-10-04 12:47:50,463 [main] INFO  handler.ContextHandler (ContextHandler.java:doStart(781)) - Started o.e.j.s.ServletContextHandler@1cc41b77{/static,jar:file:/home/user/.m2/repository/org/apache/hadoop/hadoop-hdds-container-service/0.5.0-SNAPSHOT/hadoop-hdds-container-service-0.5.0-SNAPSHOT.jar!/webapps/static,AVAILABLE}
2019-10-04 12:47:50,491 [main] INFO  handler.ContextHandler (ContextHandler.java:doStart(781)) - Started o.e.j.w.WebAppContext@1bb96449{/,file:///tmp/jetty-0.0.0.0-46154-hddsDatanode-_-any-7853507920617178017.dir/webapp/,AVAILABLE}{/hddsDatanode}
2019-10-04 12:47:50,492 [main] INFO  server.AbstractConnector (AbstractConnector.java:doStart(278)) - Started ServerConnector@26ffd2c0{HTTP/1.1,[http/1.1]}{0.0.0.0:46154}
2019-10-04 12:47:50,494 [main] INFO  server.Server (Server.java:doStart(419)) - Started @668470ms
2019-10-04 12:47:50,494 [main] WARN  impl.MetricsSystemImpl (MetricsSystemImpl.java:register(276)) - Sink prometheus already exists!
2019-10-04 12:47:50,494 [main] INFO  server.BaseHttpServer (BaseHttpServer.java:updateConnectorAddress(215)) - HTTP server of HDDSDATANODE is listening at http://0.0.0.0:46154
2019-10-04 12:47:50,495 [main] INFO  impl.MetricsSystemImpl (MetricsSystemImpl.java:init(158)) - HddsDatanode metrics system started (again)
2019-10-04 12:47:50,501 [org.apache.hadoop.util.JvmPauseMonitor$Monitor@38b81cbf] INFO  util.JvmPauseMonitor (JvmPauseMonitor.java:run(188)) - Starting JVM pause monitor
2019-10-04 12:47:50,502 [Datanode State Machine Thread - 0] INFO  datanode.InitDatanodeState (InitDatanodeState.java:persistContainerDatanodeDetails(140)) - DatanodeDetails is persisted to /workdir/hadoop-ozone/integration-test/target/test-dir/MiniOzoneClusterImpl-5635d10f-1327-44e0-ad77-5958a3ffe64f/datanode-2/meta/datanode.id
2019-10-04 12:47:50,503 [main] INFO  ozone.HddsDatanodeService (HddsDatanodeService.java:start(184)) - HddsDatanodeService host:pr-hdds-2222-6c7sc-20480173 ip:192.168.5.134
2019-10-04 12:47:50,510 [main] INFO  volume.HddsVolume (HddsVolume.java:<init>(176)) - Creating Volume: /workdir/hadoop-ozone/integration-test/target/test-dir/MiniOzoneClusterImpl-5635d10f-1327-44e0-ad77-5958a3ffe64f/datanode-3/data/containers/hdds of  storage type : DISK and capacity : 1482555576320
2019-10-04 12:47:50,510 [main] INFO  volume.VolumeSet (VolumeSet.java:initializeVolumeSet(170)) - Added Volume : /workdir/hadoop-ozone/integration-test/target/test-dir/MiniOzoneClusterImpl-5635d10f-1327-44e0-ad77-5958a3ffe64f/datanode-3/data/containers/hdds to VolumeSet
2019-10-04 12:47:50,510 [main] INFO  volume.ThrottledAsyncChecker (ThrottledAsyncChecker.java:schedule(139)) - Scheduling a check for org.apache.hadoop.ozone.container.common.volume.HddsVolume@34f23816
2019-10-04 12:47:50,511 [main] INFO  volume.HddsVolumeChecker (HddsVolumeChecker.java:checkAllVolumes(202)) - Scheduled health check for volume org.apache.hadoop.ozone.container.common.volume.HddsVolume@34f23816
2019-10-04 12:47:50,526 [main] INFO  impl.RaftServerProxy (ConfUtils.java:logGet(43)) - raft.rpc.type = GRPC (default)
2019-10-04 12:47:50,526 [main] INFO  grpc.GrpcFactory (GrpcFactory.java:checkPooledByteBufAllocatorUseCacheForAllThreads(45)) - PERFORMANCE WARNING: useCacheForAllThreads is true that may cause Netty to create a lot garbage objects and, as a result, trigger GC.
	It is recommended to disable useCacheForAllThreads by setting -Dorg.apache.ratis.thirdparty.io.netty.allocator.useCacheForAllThreads=false in command line.
2019-10-04 12:47:50,526 [main] INFO  grpc.GrpcConfigKeys$Server (ConfUtils.java:logGet(43)) - raft.grpc.server.port = 0 (default)
2019-10-04 12:47:50,526 [main] INFO  server.GrpcService (ConfUtils.java:logGet(43)) - raft.grpc.message.size.max = 33570816 (custom)
2019-10-04 12:47:50,527 [main] INFO  server.RaftServerConfigKeys (ConfUtils.java:logGet(43)) - raft.server.log.appender.buffer.byte-limit = 33554432 (custom)
2019-10-04 12:47:50,527 [main] INFO  server.GrpcService (ConfUtils.java:logGet(43)) - raft.grpc.flow.control.window = 1MB (=1048576) (default)
2019-10-04 12:47:50,527 [main] INFO  server.RaftServerConfigKeys (ConfUtils.java:logGet(43)) - raft.server.rpc.request.timeout = 3000ms (default)
2019-10-04 12:47:50,527 [main] INFO  server.RaftServerConfigKeys (ConfUtils.java:logGet(43)) - raft.server.storage.dir = [/workdir/hadoop-ozone/integration-test/target/test-dir/MiniOzoneClusterImpl-5635d10f-1327-44e0-ad77-5958a3ffe64f/datanode-3/data/ratis] (custom)
2019-10-04 12:47:50,529 [main] INFO  hdfs.DFSUtil (DFSUtil.java:httpServerTemplateForNNAndJN(1641)) - Starting Web-server for hddsDatanode at: http://0.0.0.0:0
2019-10-04 12:47:50,530 [main] INFO  server.AuthenticationFilter (AuthenticationFilter.java:constructSecretProvider(240)) - Unable to initialize FileSignerSecretProvider, falling back to use random secrets.
2019-10-04 12:47:50,530 [main] WARN  http.HttpRequestLog (HttpRequestLog.java:getRequestLog(97)) - Jetty request log can only be enabled using Log4j
2019-10-04 12:47:50,531 [main] INFO  http.HttpServer2 (HttpServer2.java:addGlobalFilter(975)) - Added global filter 'safety' (class=org.apache.hadoop.http.HttpServer2$QuotingInputFilter)
2019-10-04 12:47:50,532 [main] INFO  http.HttpServer2 (HttpServer2.java:addFilter(948)) - Added filter static_user_filter (class=org.apache.hadoop.http.lib.StaticUserWebFilter$StaticUserFilter) to context hddsDatanode
2019-10-04 12:47:50,532 [main] INFO  http.HttpServer2 (HttpServer2.java:addFilter(958)) - Added filter static_user_filter (class=org.apache.hadoop.http.lib.StaticUserWebFilter$StaticUserFilter) to context logs
2019-10-04 12:47:50,532 [main] INFO  http.HttpServer2 (HttpServer2.java:addFilter(958)) - Added filter static_user_filter (class=org.apache.hadoop.http.lib.StaticUserWebFilter$StaticUserFilter) to context static
2019-10-04 12:47:50,533 [main] INFO  http.HttpServer2 (HttpServer2.java:bindListener(1191)) - Jetty bound to port 38946
2019-10-04 12:47:50,533 [main] INFO  server.Server (Server.java:doStart(351)) - jetty-9.3.25.v20180904, build timestamp: 2018-09-04T21:11:46Z, git hash: 3ce520221d0240229c862b122d2b06c12a625732
2019-10-04 12:47:50,534 [main] INFO  handler.ContextHandler (ContextHandler.java:doStart(781)) - Started o.e.j.s.ServletContextHandler@58e03769{/logs,file:///workdir/hadoop-ozone/integration-test/target/log,AVAILABLE}
2019-10-04 12:47:50,535 [main] INFO  handler.ContextHandler (ContextHandler.java:doStart(781)) - Started o.e.j.s.ServletContextHandler@6a51ae7c{/static,jar:file:/home/user/.m2/repository/org/apache/hadoop/hadoop-hdds-container-service/0.5.0-SNAPSHOT/hadoop-hdds-container-service-0.5.0-SNAPSHOT.jar!/webapps/static,AVAILABLE}
2019-10-04 12:47:50,563 [main] INFO  handler.ContextHandler (ContextHandler.java:doStart(781)) - Started o.e.j.w.WebAppContext@6ad6ae45{/,file:///tmp/jetty-0.0.0.0-38946-hddsDatanode-_-any-7685585334417294001.dir/webapp/,AVAILABLE}{/hddsDatanode}
2019-10-04 12:47:50,563 [main] INFO  server.AbstractConnector (AbstractConnector.java:doStart(278)) - Started ServerConnector@7c4d1c7b{HTTP/1.1,[http/1.1]}{0.0.0.0:38946}
2019-10-04 12:47:50,564 [main] INFO  server.Server (Server.java:doStart(419)) - Started @668540ms
2019-10-04 12:47:50,565 [main] WARN  impl.MetricsSystemImpl (MetricsSystemImpl.java:register(276)) - Sink prometheus already exists!
2019-10-04 12:47:50,566 [main] INFO  server.BaseHttpServer (BaseHttpServer.java:updateConnectorAddress(215)) - HTTP server of HDDSDATANODE is listening at http://0.0.0.0:38946
2019-10-04 12:47:50,566 [main] INFO  impl.MetricsSystemImpl (MetricsSystemImpl.java:init(158)) - HddsDatanode metrics system started (again)
2019-10-04 12:47:50,573 [org.apache.hadoop.util.JvmPauseMonitor$Monitor@42a2a781] INFO  util.JvmPauseMonitor (JvmPauseMonitor.java:run(188)) - Starting JVM pause monitor
2019-10-04 12:47:50,574 [Datanode State Machine Thread - 0] INFO  datanode.InitDatanodeState (InitDatanodeState.java:persistContainerDatanodeDetails(140)) - DatanodeDetails is persisted to /workdir/hadoop-ozone/integration-test/target/test-dir/MiniOzoneClusterImpl-5635d10f-1327-44e0-ad77-5958a3ffe64f/datanode-3/meta/datanode.id
2019-10-04 12:47:50,574 [main] INFO  ozone.HddsDatanodeService (HddsDatanodeService.java:start(184)) - HddsDatanodeService host:pr-hdds-2222-6c7sc-20480173 ip:192.168.5.134
2019-10-04 12:47:50,581 [main] INFO  volume.HddsVolume (HddsVolume.java:<init>(176)) - Creating Volume: /workdir/hadoop-ozone/integration-test/target/test-dir/MiniOzoneClusterImpl-5635d10f-1327-44e0-ad77-5958a3ffe64f/datanode-4/data/containers/hdds of  storage type : DISK and capacity : 1482555576320
2019-10-04 12:47:50,581 [main] INFO  volume.VolumeSet (VolumeSet.java:initializeVolumeSet(170)) - Added Volume : /workdir/hadoop-ozone/integration-test/target/test-dir/MiniOzoneClusterImpl-5635d10f-1327-44e0-ad77-5958a3ffe64f/datanode-4/data/containers/hdds to VolumeSet
2019-10-04 12:47:50,581 [main] INFO  volume.ThrottledAsyncChecker (ThrottledAsyncChecker.java:schedule(139)) - Scheduling a check for org.apache.hadoop.ozone.container.common.volume.HddsVolume@3321291a
2019-10-04 12:47:50,582 [main] INFO  volume.HddsVolumeChecker (HddsVolumeChecker.java:checkAllVolumes(202)) - Scheduled health check for volume org.apache.hadoop.ozone.container.common.volume.HddsVolume@3321291a
2019-10-04 12:47:50,596 [main] INFO  impl.RaftServerProxy (ConfUtils.java:logGet(43)) - raft.rpc.type = GRPC (default)
2019-10-04 12:47:50,596 [main] INFO  grpc.GrpcFactory (GrpcFactory.java:checkPooledByteBufAllocatorUseCacheForAllThreads(45)) - PERFORMANCE WARNING: useCacheForAllThreads is true that may cause Netty to create a lot garbage objects and, as a result, trigger GC.
	It is recommended to disable useCacheForAllThreads by setting -Dorg.apache.ratis.thirdparty.io.netty.allocator.useCacheForAllThreads=false in command line.
2019-10-04 12:47:50,596 [main] INFO  grpc.GrpcConfigKeys$Server (ConfUtils.java:logGet(43)) - raft.grpc.server.port = 0 (default)
2019-10-04 12:47:50,596 [main] INFO  server.GrpcService (ConfUtils.java:logGet(43)) - raft.grpc.message.size.max = 33570816 (custom)
2019-10-04 12:47:50,597 [main] INFO  server.RaftServerConfigKeys (ConfUtils.java:logGet(43)) - raft.server.log.appender.buffer.byte-limit = 33554432 (custom)
2019-10-04 12:47:50,597 [main] INFO  server.GrpcService (ConfUtils.java:logGet(43)) - raft.grpc.flow.control.window = 1MB (=1048576) (default)
2019-10-04 12:47:50,597 [main] INFO  server.RaftServerConfigKeys (ConfUtils.java:logGet(43)) - raft.server.rpc.request.timeout = 3000ms (default)
2019-10-04 12:47:50,597 [main] INFO  server.RaftServerConfigKeys (ConfUtils.java:logGet(43)) - raft.server.storage.dir = [/workdir/hadoop-ozone/integration-test/target/test-dir/MiniOzoneClusterImpl-5635d10f-1327-44e0-ad77-5958a3ffe64f/datanode-4/data/ratis] (custom)
2019-10-04 12:47:50,599 [main] INFO  hdfs.DFSUtil (DFSUtil.java:httpServerTemplateForNNAndJN(1641)) - Starting Web-server for hddsDatanode at: http://0.0.0.0:0
2019-10-04 12:47:50,600 [main] INFO  server.AuthenticationFilter (AuthenticationFilter.java:constructSecretProvider(240)) - Unable to initialize FileSignerSecretProvider, falling back to use random secrets.
2019-10-04 12:47:50,600 [main] WARN  http.HttpRequestLog (HttpRequestLog.java:getRequestLog(97)) - Jetty request log can only be enabled using Log4j
2019-10-04 12:47:50,601 [main] INFO  http.HttpServer2 (HttpServer2.java:addGlobalFilter(975)) - Added global filter 'safety' (class=org.apache.hadoop.http.HttpServer2$QuotingInputFilter)
2019-10-04 12:47:50,601 [main] INFO  http.HttpServer2 (HttpServer2.java:addFilter(948)) - Added filter static_user_filter (class=org.apache.hadoop.http.lib.StaticUserWebFilter$StaticUserFilter) to context hddsDatanode
2019-10-04 12:47:50,601 [main] INFO  http.HttpServer2 (HttpServer2.java:addFilter(958)) - Added filter static_user_filter (class=org.apache.hadoop.http.lib.StaticUserWebFilter$StaticUserFilter) to context logs
2019-10-04 12:47:50,602 [main] INFO  http.HttpServer2 (HttpServer2.java:addFilter(958)) - Added filter static_user_filter (class=org.apache.hadoop.http.lib.StaticUserWebFilter$StaticUserFilter) to context static
2019-10-04 12:47:50,602 [main] INFO  http.HttpServer2 (HttpServer2.java:bindListener(1191)) - Jetty bound to port 37214
2019-10-04 12:47:50,602 [main] INFO  server.Server (Server.java:doStart(351)) - jetty-9.3.25.v20180904, build timestamp: 2018-09-04T21:11:46Z, git hash: 3ce520221d0240229c862b122d2b06c12a625732
2019-10-04 12:47:50,603 [main] INFO  handler.ContextHandler (ContextHandler.java:doStart(781)) - Started o.e.j.s.ServletContextHandler@13cc31ae{/logs,file:///workdir/hadoop-ozone/integration-test/target/log,AVAILABLE}
2019-10-04 12:47:50,604 [main] INFO  handler.ContextHandler (ContextHandler.java:doStart(781)) - Started o.e.j.s.ServletContextHandler@4bfa5eb9{/static,jar:file:/home/user/.m2/repository/org/apache/hadoop/hadoop-hdds-container-service/0.5.0-SNAPSHOT/hadoop-hdds-container-service-0.5.0-SNAPSHOT.jar!/webapps/static,AVAILABLE}
2019-10-04 12:47:50,632 [main] INFO  handler.ContextHandler (ContextHandler.java:doStart(781)) - Started o.e.j.w.WebAppContext@5835e24a{/,file:///tmp/jetty-0.0.0.0-37214-hddsDatanode-_-any-887315963662993299.dir/webapp/,AVAILABLE}{/hddsDatanode}
2019-10-04 12:47:50,632 [main] INFO  server.AbstractConnector (AbstractConnector.java:doStart(278)) - Started ServerConnector@5238896f{HTTP/1.1,[http/1.1]}{0.0.0.0:37214}
2019-10-04 12:47:50,634 [main] INFO  server.Server (Server.java:doStart(419)) - Started @668610ms
2019-10-04 12:47:50,634 [main] WARN  impl.MetricsSystemImpl (MetricsSystemImpl.java:register(276)) - Sink prometheus already exists!
2019-10-04 12:47:50,635 [main] INFO  server.BaseHttpServer (BaseHttpServer.java:updateConnectorAddress(215)) - HTTP server of HDDSDATANODE is listening at http://0.0.0.0:37214
2019-10-04 12:47:50,635 [main] INFO  impl.MetricsSystemImpl (MetricsSystemImpl.java:init(158)) - HddsDatanode metrics system started (again)
2019-10-04 12:47:50,645 [org.apache.hadoop.util.JvmPauseMonitor$Monitor@69382534] INFO  util.JvmPauseMonitor (JvmPauseMonitor.java:run(188)) - Starting JVM pause monitor
2019-10-04 12:47:50,646 [Datanode State Machine Thread - 0] INFO  datanode.InitDatanodeState (InitDatanodeState.java:persistContainerDatanodeDetails(140)) - DatanodeDetails is persisted to /workdir/hadoop-ozone/integration-test/target/test-dir/MiniOzoneClusterImpl-5635d10f-1327-44e0-ad77-5958a3ffe64f/datanode-4/meta/datanode.id
2019-10-04 12:47:50,647 [main] INFO  ozone.HddsDatanodeService (HddsDatanodeService.java:start(184)) - HddsDatanodeService host:pr-hdds-2222-6c7sc-20480173 ip:192.168.5.134
2019-10-04 12:47:50,655 [main] INFO  volume.HddsVolume (HddsVolume.java:<init>(176)) - Creating Volume: /workdir/hadoop-ozone/integration-test/target/test-dir/MiniOzoneClusterImpl-5635d10f-1327-44e0-ad77-5958a3ffe64f/datanode-5/data/containers/hdds of  storage type : DISK and capacity : 1482555576320
2019-10-04 12:47:50,655 [main] INFO  volume.VolumeSet (VolumeSet.java:initializeVolumeSet(170)) - Added Volume : /workdir/hadoop-ozone/integration-test/target/test-dir/MiniOzoneClusterImpl-5635d10f-1327-44e0-ad77-5958a3ffe64f/datanode-5/data/containers/hdds to VolumeSet
2019-10-04 12:47:50,655 [main] INFO  volume.ThrottledAsyncChecker (ThrottledAsyncChecker.java:schedule(139)) - Scheduling a check for org.apache.hadoop.ozone.container.common.volume.HddsVolume@2d6a0766
2019-10-04 12:47:50,656 [main] INFO  volume.HddsVolumeChecker (HddsVolumeChecker.java:checkAllVolumes(202)) - Scheduled health check for volume org.apache.hadoop.ozone.container.common.volume.HddsVolume@2d6a0766
2019-10-04 12:47:50,675 [main] INFO  impl.RaftServerProxy (ConfUtils.java:logGet(43)) - raft.rpc.type = GRPC (default)
2019-10-04 12:47:50,676 [main] INFO  grpc.GrpcFactory (GrpcFactory.java:checkPooledByteBufAllocatorUseCacheForAllThreads(45)) - PERFORMANCE WARNING: useCacheForAllThreads is true that may cause Netty to create a lot garbage objects and, as a result, trigger GC.
	It is recommended to disable useCacheForAllThreads by setting -Dorg.apache.ratis.thirdparty.io.netty.allocator.useCacheForAllThreads=false in command line.
2019-10-04 12:47:50,676 [main] INFO  grpc.GrpcConfigKeys$Server (ConfUtils.java:logGet(43)) - raft.grpc.server.port = 0 (default)
2019-10-04 12:47:50,676 [main] INFO  server.GrpcService (ConfUtils.java:logGet(43)) - raft.grpc.message.size.max = 33570816 (custom)
2019-10-04 12:47:50,676 [main] INFO  server.RaftServerConfigKeys (ConfUtils.java:logGet(43)) - raft.server.log.appender.buffer.byte-limit = 33554432 (custom)
2019-10-04 12:47:50,677 [main] INFO  server.GrpcService (ConfUtils.java:logGet(43)) - raft.grpc.flow.control.window = 1MB (=1048576) (default)
2019-10-04 12:47:50,677 [main] INFO  server.RaftServerConfigKeys (ConfUtils.java:logGet(43)) - raft.server.rpc.request.timeout = 3000ms (default)
2019-10-04 12:47:50,677 [main] INFO  server.RaftServerConfigKeys (ConfUtils.java:logGet(43)) - raft.server.storage.dir = [/workdir/hadoop-ozone/integration-test/target/test-dir/MiniOzoneClusterImpl-5635d10f-1327-44e0-ad77-5958a3ffe64f/datanode-5/data/ratis] (custom)
2019-10-04 12:47:50,679 [main] INFO  hdfs.DFSUtil (DFSUtil.java:httpServerTemplateForNNAndJN(1641)) - Starting Web-server for hddsDatanode at: http://0.0.0.0:0
2019-10-04 12:47:50,680 [main] INFO  server.AuthenticationFilter (AuthenticationFilter.java:constructSecretProvider(240)) - Unable to initialize FileSignerSecretProvider, falling back to use random secrets.
2019-10-04 12:47:50,680 [main] WARN  http.HttpRequestLog (HttpRequestLog.java:getRequestLog(97)) - Jetty request log can only be enabled using Log4j
2019-10-04 12:47:50,682 [main] INFO  http.HttpServer2 (HttpServer2.java:addGlobalFilter(975)) - Added global filter 'safety' (class=org.apache.hadoop.http.HttpServer2$QuotingInputFilter)
2019-10-04 12:47:50,682 [main] INFO  http.HttpServer2 (HttpServer2.java:addFilter(948)) - Added filter static_user_filter (class=org.apache.hadoop.http.lib.StaticUserWebFilter$StaticUserFilter) to context hddsDatanode
2019-10-04 12:47:50,682 [main] INFO  http.HttpServer2 (HttpServer2.java:addFilter(958)) - Added filter static_user_filter (class=org.apache.hadoop.http.lib.StaticUserWebFilter$StaticUserFilter) to context logs
2019-10-04 12:47:50,682 [main] INFO  http.HttpServer2 (HttpServer2.java:addFilter(958)) - Added filter static_user_filter (class=org.apache.hadoop.http.lib.StaticUserWebFilter$StaticUserFilter) to context static
2019-10-04 12:47:50,683 [main] INFO  http.HttpServer2 (HttpServer2.java:bindListener(1191)) - Jetty bound to port 41382
2019-10-04 12:47:50,683 [main] INFO  server.Server (Server.java:doStart(351)) - jetty-9.3.25.v20180904, build timestamp: 2018-09-04T21:11:46Z, git hash: 3ce520221d0240229c862b122d2b06c12a625732
2019-10-04 12:47:50,685 [main] INFO  handler.ContextHandler (ContextHandler.java:doStart(781)) - Started o.e.j.s.ServletContextHandler@2a7bc16b{/logs,file:///workdir/hadoop-ozone/integration-test/target/log,AVAILABLE}
2019-10-04 12:47:50,685 [main] INFO  handler.ContextHandler (ContextHandler.java:doStart(781)) - Started o.e.j.s.ServletContextHandler@42cc5460{/static,jar:file:/home/user/.m2/repository/org/apache/hadoop/hadoop-hdds-container-service/0.5.0-SNAPSHOT/hadoop-hdds-container-service-0.5.0-SNAPSHOT.jar!/webapps/static,AVAILABLE}
2019-10-04 12:47:50,717 [main] INFO  handler.ContextHandler (ContextHandler.java:doStart(781)) - Started o.e.j.w.WebAppContext@8383a14{/,file:///tmp/jetty-0.0.0.0-41382-hddsDatanode-_-any-5039043144528136004.dir/webapp/,AVAILABLE}{/hddsDatanode}
2019-10-04 12:47:50,718 [main] INFO  server.AbstractConnector (AbstractConnector.java:doStart(278)) - Started ServerConnector@4b691611{HTTP/1.1,[http/1.1]}{0.0.0.0:41382}
2019-10-04 12:47:50,721 [main] INFO  server.Server (Server.java:doStart(419)) - Started @668697ms
2019-10-04 12:47:50,721 [main] WARN  impl.MetricsSystemImpl (MetricsSystemImpl.java:register(276)) - Sink prometheus already exists!
2019-10-04 12:47:50,722 [main] INFO  server.BaseHttpServer (BaseHttpServer.java:updateConnectorAddress(215)) - HTTP server of HDDSDATANODE is listening at http://0.0.0.0:41382
2019-10-04 12:47:50,722 [main] INFO  impl.MetricsSystemImpl (MetricsSystemImpl.java:init(158)) - HddsDatanode metrics system started (again)
2019-10-04 12:47:50,732 [org.apache.hadoop.util.JvmPauseMonitor$Monitor@2af1cf36] INFO  util.JvmPauseMonitor (JvmPauseMonitor.java:run(188)) - Starting JVM pause monitor
2019-10-04 12:47:50,733 [Datanode State Machine Thread - 0] INFO  datanode.InitDatanodeState (InitDatanodeState.java:persistContainerDatanodeDetails(140)) - DatanodeDetails is persisted to /workdir/hadoop-ozone/integration-test/target/test-dir/MiniOzoneClusterImpl-5635d10f-1327-44e0-ad77-5958a3ffe64f/datanode-5/meta/datanode.id
2019-10-04 12:47:50,733 [main] INFO  ozone.HddsDatanodeService (HddsDatanodeService.java:start(184)) - HddsDatanodeService host:pr-hdds-2222-6c7sc-20480173 ip:192.168.5.134
2019-10-04 12:47:50,741 [main] INFO  volume.HddsVolume (HddsVolume.java:<init>(176)) - Creating Volume: /workdir/hadoop-ozone/integration-test/target/test-dir/MiniOzoneClusterImpl-5635d10f-1327-44e0-ad77-5958a3ffe64f/datanode-6/data/containers/hdds of  storage type : DISK and capacity : 1482555576320
2019-10-04 12:47:50,741 [main] INFO  volume.VolumeSet (VolumeSet.java:initializeVolumeSet(170)) - Added Volume : /workdir/hadoop-ozone/integration-test/target/test-dir/MiniOzoneClusterImpl-5635d10f-1327-44e0-ad77-5958a3ffe64f/datanode-6/data/containers/hdds to VolumeSet
2019-10-04 12:47:50,742 [main] INFO  volume.ThrottledAsyncChecker (ThrottledAsyncChecker.java:schedule(139)) - Scheduling a check for org.apache.hadoop.ozone.container.common.volume.HddsVolume@1584c019
2019-10-04 12:47:50,742 [main] INFO  volume.HddsVolumeChecker (HddsVolumeChecker.java:checkAllVolumes(202)) - Scheduled health check for volume org.apache.hadoop.ozone.container.common.volume.HddsVolume@1584c019
2019-10-04 12:47:50,759 [main] INFO  impl.RaftServerProxy (ConfUtils.java:logGet(43)) - raft.rpc.type = GRPC (default)
2019-10-04 12:47:50,759 [main] INFO  grpc.GrpcFactory (GrpcFactory.java:checkPooledByteBufAllocatorUseCacheForAllThreads(45)) - PERFORMANCE WARNING: useCacheForAllThreads is true that may cause Netty to create a lot garbage objects and, as a result, trigger GC.
	It is recommended to disable useCacheForAllThreads by setting -Dorg.apache.ratis.thirdparty.io.netty.allocator.useCacheForAllThreads=false in command line.
2019-10-04 12:47:50,759 [main] INFO  grpc.GrpcConfigKeys$Server (ConfUtils.java:logGet(43)) - raft.grpc.server.port = 0 (default)
2019-10-04 12:47:50,759 [main] INFO  server.GrpcService (ConfUtils.java:logGet(43)) - raft.grpc.message.size.max = 33570816 (custom)
2019-10-04 12:47:50,760 [main] INFO  server.RaftServerConfigKeys (ConfUtils.java:logGet(43)) - raft.server.log.appender.buffer.byte-limit = 33554432 (custom)
2019-10-04 12:47:50,760 [main] INFO  server.GrpcService (ConfUtils.java:logGet(43)) - raft.grpc.flow.control.window = 1MB (=1048576) (default)
2019-10-04 12:47:50,760 [main] INFO  server.RaftServerConfigKeys (ConfUtils.java:logGet(43)) - raft.server.rpc.request.timeout = 3000ms (default)
2019-10-04 12:47:50,760 [main] INFO  server.RaftServerConfigKeys (ConfUtils.java:logGet(43)) - raft.server.storage.dir = [/workdir/hadoop-ozone/integration-test/target/test-dir/MiniOzoneClusterImpl-5635d10f-1327-44e0-ad77-5958a3ffe64f/datanode-6/data/ratis] (custom)
2019-10-04 12:47:50,762 [main] INFO  hdfs.DFSUtil (DFSUtil.java:httpServerTemplateForNNAndJN(1641)) - Starting Web-server for hddsDatanode at: http://0.0.0.0:0
2019-10-04 12:47:50,763 [main] INFO  server.AuthenticationFilter (AuthenticationFilter.java:constructSecretProvider(240)) - Unable to initialize FileSignerSecretProvider, falling back to use random secrets.
2019-10-04 12:47:50,763 [main] WARN  http.HttpRequestLog (HttpRequestLog.java:getRequestLog(97)) - Jetty request log can only be enabled using Log4j
2019-10-04 12:47:50,765 [main] INFO  http.HttpServer2 (HttpServer2.java:addGlobalFilter(975)) - Added global filter 'safety' (class=org.apache.hadoop.http.HttpServer2$QuotingInputFilter)
2019-10-04 12:47:50,765 [main] INFO  http.HttpServer2 (HttpServer2.java:addFilter(948)) - Added filter static_user_filter (class=org.apache.hadoop.http.lib.StaticUserWebFilter$StaticUserFilter) to context hddsDatanode
2019-10-04 12:47:50,765 [main] INFO  http.HttpServer2 (HttpServer2.java:addFilter(958)) - Added filter static_user_filter (class=org.apache.hadoop.http.lib.StaticUserWebFilter$StaticUserFilter) to context static
2019-10-04 12:47:50,766 [main] INFO  http.HttpServer2 (HttpServer2.java:addFilter(958)) - Added filter static_user_filter (class=org.apache.hadoop.http.lib.StaticUserWebFilter$StaticUserFilter) to context logs
2019-10-04 12:47:50,766 [main] INFO  http.HttpServer2 (HttpServer2.java:bindListener(1191)) - Jetty bound to port 43882
2019-10-04 12:47:50,767 [main] INFO  server.Server (Server.java:doStart(351)) - jetty-9.3.25.v20180904, build timestamp: 2018-09-04T21:11:46Z, git hash: 3ce520221d0240229c862b122d2b06c12a625732
2019-10-04 12:47:50,768 [main] INFO  handler.ContextHandler (ContextHandler.java:doStart(781)) - Started o.e.j.s.ServletContextHandler@74eec640{/logs,file:///workdir/hadoop-ozone/integration-test/target/log,AVAILABLE}
2019-10-04 12:47:50,768 [main] INFO  handler.ContextHandler (ContextHandler.java:doStart(781)) - Started o.e.j.s.ServletContextHandler@18dd7767{/static,jar:file:/home/user/.m2/repository/org/apache/hadoop/hadoop-hdds-container-service/0.5.0-SNAPSHOT/hadoop-hdds-container-service-0.5.0-SNAPSHOT.jar!/webapps/static,AVAILABLE}
2019-10-04 12:47:50,802 [main] INFO  handler.ContextHandler (ContextHandler.java:doStart(781)) - Started o.e.j.w.WebAppContext@138a85d3{/,file:///tmp/jetty-0.0.0.0-43882-hddsDatanode-_-any-1392472625983757987.dir/webapp/,AVAILABLE}{/hddsDatanode}
2019-10-04 12:47:50,802 [main] INFO  server.AbstractConnector (AbstractConnector.java:doStart(278)) - Started ServerConnector@709d86a2{HTTP/1.1,[http/1.1]}{0.0.0.0:43882}
2019-10-04 12:47:50,807 [main] INFO  server.Server (Server.java:doStart(419)) - Started @668783ms
2019-10-04 12:47:50,807 [main] WARN  impl.MetricsSystemImpl (MetricsSystemImpl.java:register(276)) - Sink prometheus already exists!
2019-10-04 12:47:50,808 [main] INFO  server.BaseHttpServer (BaseHttpServer.java:updateConnectorAddress(215)) - HTTP server of HDDSDATANODE is listening at http://0.0.0.0:43882
2019-10-04 12:47:50,808 [main] INFO  ozone.MiniOzoneClusterImpl (MiniOzoneClusterImpl.java:lambda$waitForClusterToBeReady$0(147)) - Waiting for cluster to be ready. Got 0 of 7 DN Heartbeats.
2019-10-04 12:47:50,809 [org.apache.hadoop.util.JvmPauseMonitor$Monitor@3555d9a] INFO  util.JvmPauseMonitor (JvmPauseMonitor.java:run(188)) - Starting JVM pause monitor
2019-10-04 12:47:50,810 [Datanode State Machine Thread - 0] INFO  datanode.InitDatanodeState (InitDatanodeState.java:persistContainerDatanodeDetails(140)) - DatanodeDetails is persisted to /workdir/hadoop-ozone/integration-test/target/test-dir/MiniOzoneClusterImpl-5635d10f-1327-44e0-ad77-5958a3ffe64f/datanode-6/meta/datanode.id
2019-10-04 12:47:51,808 [main] INFO  ozone.MiniOzoneClusterImpl (MiniOzoneClusterImpl.java:lambda$waitForClusterToBeReady$0(147)) - Waiting for cluster to be ready. Got 0 of 7 DN Heartbeats.
2019-10-04 12:47:52,381 [Datanode State Machine Thread - 0] INFO  ozoneimpl.OzoneContainer (OzoneContainer.java:start(217)) - Attempting to start container services.
2019-10-04 12:47:52,382 [Datanode State Machine Thread - 0] INFO  ozoneimpl.OzoneContainer (OzoneContainer.java:startContainerScrub(179)) - Background container scanner has been disabled.
2019-10-04 12:47:52,383 [Datanode State Machine Thread - 0] INFO  ratis.XceiverServerRatis (XceiverServerRatis.java:start(417)) - Starting XceiverServerRatis 3f4f3d77-7d07-4c07-8a80-2ae2fe2fe039 at port 0
2019-10-04 12:47:52,389 [Datanode State Machine Thread - 0] INFO  impl.RaftServerProxy (RaftServerProxy.java:lambda$start$3(299)) - 3f4f3d77-7d07-4c07-8a80-2ae2fe2fe039: start RPC server
2019-10-04 12:47:52,392 [Datanode State Machine Thread - 0] INFO  server.GrpcService (GrpcService.java:startImpl(158)) - 3f4f3d77-7d07-4c07-8a80-2ae2fe2fe039: GrpcService started, listening on 0.0.0.0/0.0.0.0:36715
2019-10-04 12:47:52,393 [Datanode State Machine Thread - 0] INFO  ratis.XceiverServerRatis (XceiverServerRatis.java:start(427)) - XceiverServerRatis 3f4f3d77-7d07-4c07-8a80-2ae2fe2fe039 is started using port 36715
2019-10-04 12:47:52,394 [Datanode State Machine Thread - 0] INFO  server.XceiverServerGrpc (XceiverServerGrpc.java:start(149)) - XceiverServerGrpc 3f4f3d77-7d07-4c07-8a80-2ae2fe2fe039 is started using port 39403
2019-10-04 12:47:52,444 [Datanode State Machine Thread - 0] INFO  ozoneimpl.OzoneContainer (OzoneContainer.java:start(217)) - Attempting to start container services.
2019-10-04 12:47:52,444 [Datanode State Machine Thread - 0] INFO  ozoneimpl.OzoneContainer (OzoneContainer.java:startContainerScrub(179)) - Background container scanner has been disabled.
2019-10-04 12:47:52,444 [Datanode State Machine Thread - 0] INFO  ratis.XceiverServerRatis (XceiverServerRatis.java:start(417)) - Starting XceiverServerRatis 0cc7607f-8c61-40d7-908d-9ac0a630b719 at port 0
2019-10-04 12:47:52,448 [Datanode State Machine Thread - 0] INFO  impl.RaftServerProxy (RaftServerProxy.java:lambda$start$3(299)) - 0cc7607f-8c61-40d7-908d-9ac0a630b719: start RPC server
2019-10-04 12:47:52,449 [Datanode State Machine Thread - 0] INFO  server.GrpcService (GrpcService.java:startImpl(158)) - 0cc7607f-8c61-40d7-908d-9ac0a630b719: GrpcService started, listening on 0.0.0.0/0.0.0.0:46768
2019-10-04 12:47:52,449 [Datanode State Machine Thread - 0] INFO  ratis.XceiverServerRatis (XceiverServerRatis.java:start(427)) - XceiverServerRatis 0cc7607f-8c61-40d7-908d-9ac0a630b719 is started using port 46768
2019-10-04 12:47:52,449 [Datanode State Machine Thread - 0] INFO  server.XceiverServerGrpc (XceiverServerGrpc.java:start(149)) - XceiverServerGrpc 0cc7607f-8c61-40d7-908d-9ac0a630b719 is started using port 39775
2019-10-04 12:47:52,514 [Datanode State Machine Thread - 0] INFO  ozoneimpl.OzoneContainer (OzoneContainer.java:start(217)) - Attempting to start container services.
2019-10-04 12:47:52,514 [Datanode State Machine Thread - 0] INFO  ozoneimpl.OzoneContainer (OzoneContainer.java:startContainerScrub(179)) - Background container scanner has been disabled.
2019-10-04 12:47:52,514 [Datanode State Machine Thread - 0] INFO  ratis.XceiverServerRatis (XceiverServerRatis.java:start(417)) - Starting XceiverServerRatis 584a917b-d03e-4938-835a-6878b8162eea at port 0
2019-10-04 12:47:52,518 [Datanode State Machine Thread - 0] INFO  impl.RaftServerProxy (RaftServerProxy.java:lambda$start$3(299)) - 584a917b-d03e-4938-835a-6878b8162eea: start RPC server
2019-10-04 12:47:52,520 [Datanode State Machine Thread - 0] INFO  server.GrpcService (GrpcService.java:startImpl(158)) - 584a917b-d03e-4938-835a-6878b8162eea: GrpcService started, listening on 0.0.0.0/0.0.0.0:33197
2019-10-04 12:47:52,520 [Datanode State Machine Thread - 0] INFO  ratis.XceiverServerRatis (XceiverServerRatis.java:start(427)) - XceiverServerRatis 584a917b-d03e-4938-835a-6878b8162eea is started using port 33197
2019-10-04 12:47:52,521 [Datanode State Machine Thread - 0] INFO  server.XceiverServerGrpc (XceiverServerGrpc.java:start(149)) - XceiverServerGrpc 584a917b-d03e-4938-835a-6878b8162eea is started using port 39971
2019-10-04 12:47:52,586 [Datanode State Machine Thread - 0] INFO  ozoneimpl.OzoneContainer (OzoneContainer.java:start(217)) - Attempting to start container services.
2019-10-04 12:47:52,586 [Datanode State Machine Thread - 0] INFO  ozoneimpl.OzoneContainer (OzoneContainer.java:startContainerScrub(179)) - Background container scanner has been disabled.
2019-10-04 12:47:52,586 [Datanode State Machine Thread - 0] INFO  ratis.XceiverServerRatis (XceiverServerRatis.java:start(417)) - Starting XceiverServerRatis 2efff099-baa6-464b-b5a1-77a261c7ed99 at port 0
2019-10-04 12:47:52,589 [Datanode State Machine Thread - 0] INFO  impl.RaftServerProxy (RaftServerProxy.java:lambda$start$3(299)) - 2efff099-baa6-464b-b5a1-77a261c7ed99: start RPC server
2019-10-04 12:47:52,590 [Datanode State Machine Thread - 0] INFO  server.GrpcService (GrpcService.java:startImpl(158)) - 2efff099-baa6-464b-b5a1-77a261c7ed99: GrpcService started, listening on 0.0.0.0/0.0.0.0:36985
2019-10-04 12:47:52,590 [Datanode State Machine Thread - 0] INFO  ratis.XceiverServerRatis (XceiverServerRatis.java:start(427)) - XceiverServerRatis 2efff099-baa6-464b-b5a1-77a261c7ed99 is started using port 36985
2019-10-04 12:47:52,607 [Datanode State Machine Thread - 0] INFO  server.XceiverServerGrpc (XceiverServerGrpc.java:start(149)) - XceiverServerGrpc 2efff099-baa6-464b-b5a1-77a261c7ed99 is started using port 46650
2019-10-04 12:47:52,673 [Datanode State Machine Thread - 0] INFO  ozoneimpl.OzoneContainer (OzoneContainer.java:start(217)) - Attempting to start container services.
2019-10-04 12:47:52,673 [Datanode State Machine Thread - 0] INFO  ozoneimpl.OzoneContainer (OzoneContainer.java:startContainerScrub(179)) - Background container scanner has been disabled.
2019-10-04 12:47:52,673 [Datanode State Machine Thread - 0] INFO  ratis.XceiverServerRatis (XceiverServerRatis.java:start(417)) - Starting XceiverServerRatis f825efd4-c0fd-4bb3-a180-360f0e805f39 at port 0
2019-10-04 12:47:52,678 [Datanode State Machine Thread - 0] INFO  impl.RaftServerProxy (RaftServerProxy.java:lambda$start$3(299)) - f825efd4-c0fd-4bb3-a180-360f0e805f39: start RPC server
2019-10-04 12:47:52,679 [Datanode State Machine Thread - 0] INFO  server.GrpcService (GrpcService.java:startImpl(158)) - f825efd4-c0fd-4bb3-a180-360f0e805f39: GrpcService started, listening on 0.0.0.0/0.0.0.0:42550
2019-10-04 12:47:52,679 [Datanode State Machine Thread - 0] INFO  ratis.XceiverServerRatis (XceiverServerRatis.java:start(427)) - XceiverServerRatis f825efd4-c0fd-4bb3-a180-360f0e805f39 is started using port 42550
2019-10-04 12:47:52,679 [Datanode State Machine Thread - 0] INFO  server.XceiverServerGrpc (XceiverServerGrpc.java:start(149)) - XceiverServerGrpc f825efd4-c0fd-4bb3-a180-360f0e805f39 is started using port 46795
2019-10-04 12:47:52,755 [Datanode State Machine Thread - 0] INFO  ozoneimpl.OzoneContainer (OzoneContainer.java:start(217)) - Attempting to start container services.
2019-10-04 12:47:52,755 [Datanode State Machine Thread - 0] INFO  ozoneimpl.OzoneContainer (OzoneContainer.java:startContainerScrub(179)) - Background container scanner has been disabled.
2019-10-04 12:47:52,755 [Datanode State Machine Thread - 0] INFO  ratis.XceiverServerRatis (XceiverServerRatis.java:start(417)) - Starting XceiverServerRatis 51dd3613-214f-48d9-8c41-f6a02a0d7e36 at port 0
2019-10-04 12:47:52,761 [Datanode State Machine Thread - 0] INFO  impl.RaftServerProxy (RaftServerProxy.java:lambda$start$3(299)) - 51dd3613-214f-48d9-8c41-f6a02a0d7e36: start RPC server
2019-10-04 12:47:52,762 [Datanode State Machine Thread - 0] INFO  server.GrpcService (GrpcService.java:startImpl(158)) - 51dd3613-214f-48d9-8c41-f6a02a0d7e36: GrpcService started, listening on 0.0.0.0/0.0.0.0:41960
2019-10-04 12:47:52,762 [Datanode State Machine Thread - 0] INFO  ratis.XceiverServerRatis (XceiverServerRatis.java:start(427)) - XceiverServerRatis 51dd3613-214f-48d9-8c41-f6a02a0d7e36 is started using port 41960
2019-10-04 12:47:52,762 [Datanode State Machine Thread - 0] INFO  server.XceiverServerGrpc (XceiverServerGrpc.java:start(149)) - XceiverServerGrpc 51dd3613-214f-48d9-8c41-f6a02a0d7e36 is started using port 33485
2019-10-04 12:47:52,809 [main] INFO  ozone.MiniOzoneClusterImpl (MiniOzoneClusterImpl.java:lambda$waitForClusterToBeReady$0(147)) - Waiting for cluster to be ready. Got 0 of 7 DN Heartbeats.
2019-10-04 12:47:52,823 [Datanode State Machine Thread - 0] INFO  ozoneimpl.OzoneContainer (OzoneContainer.java:start(217)) - Attempting to start container services.
2019-10-04 12:47:52,823 [Datanode State Machine Thread - 0] INFO  ozoneimpl.OzoneContainer (OzoneContainer.java:startContainerScrub(179)) - Background container scanner has been disabled.
2019-10-04 12:47:52,823 [Datanode State Machine Thread - 0] INFO  ratis.XceiverServerRatis (XceiverServerRatis.java:start(417)) - Starting XceiverServerRatis 4a2d5f32-70e6-464b-abcb-26f14989e5bb at port 0
2019-10-04 12:47:52,828 [Datanode State Machine Thread - 0] INFO  impl.RaftServerProxy (RaftServerProxy.java:lambda$start$3(299)) - 4a2d5f32-70e6-464b-abcb-26f14989e5bb: start RPC server
2019-10-04 12:47:52,832 [Datanode State Machine Thread - 0] INFO  server.GrpcService (GrpcService.java:startImpl(158)) - 4a2d5f32-70e6-464b-abcb-26f14989e5bb: GrpcService started, listening on 0.0.0.0/0.0.0.0:42265
2019-10-04 12:47:52,832 [Datanode State Machine Thread - 0] INFO  ratis.XceiverServerRatis (XceiverServerRatis.java:start(427)) - XceiverServerRatis 4a2d5f32-70e6-464b-abcb-26f14989e5bb is started using port 42265
2019-10-04 12:47:52,832 [Datanode State Machine Thread - 0] INFO  server.XceiverServerGrpc (XceiverServerGrpc.java:start(149)) - XceiverServerGrpc 4a2d5f32-70e6-464b-abcb-26f14989e5bb is started using port 36695
2019-10-04 12:47:53,810 [main] INFO  ozone.MiniOzoneClusterImpl (MiniOzoneClusterImpl.java:lambda$waitForClusterToBeReady$0(147)) - Waiting for cluster to be ready. Got 0 of 7 DN Heartbeats.
2019-10-04 12:47:54,358 [IPC Server handler 0 on 40139] INFO  net.NetworkTopology (NetworkTopologyImpl.java:add(111)) - Added a new node: /default-rack/3f4f3d77-7d07-4c07-8a80-2ae2fe2fe039
2019-10-04 12:47:54,361 [IPC Server handler 0 on 40139] INFO  node.SCMNodeManager (SCMNodeManager.java:register(266)) - Registered Data node : 3f4f3d77-7d07-4c07-8a80-2ae2fe2fe039{ip: 192.168.5.134, host: pr-hdds-2222-6c7sc-20480173, networkLocation: /default-rack, certSerialId: null}
2019-10-04 12:47:54,362 [EventQueue-NodeRegistrationContainerReportForDataNodeSafeModeRule] INFO  safemode.SCMSafeModeManager (DataNodeSafeModeRule.java:process(71)) - SCM in safe mode. 1 DataNodes registered, 1 required.
2019-10-04 12:47:54,365 [EventQueue-NodeRegistrationContainerReportForDataNodeSafeModeRule] INFO  safemode.SCMSafeModeManager (SCMSafeModeManager.java:validateSafeModeExitRules(177)) - ScmSafeModeManager, all rules are successfully validated
2019-10-04 12:47:54,365 [EventQueue-NodeRegistrationContainerReportForDataNodeSafeModeRule] INFO  safemode.SCMSafeModeManager (SCMSafeModeManager.java:exitSafeMode(193)) - SCM exiting safe mode.
2019-10-04 12:47:54,387 [grpc-default-executor-9] INFO  impl.RaftServerProxy (RaftServerProxy.java:addNew(89)) - 3f4f3d77-7d07-4c07-8a80-2ae2fe2fe039: addNew group-86F2B15482BC:[3f4f3d77-7d07-4c07-8a80-2ae2fe2fe039:192.168.5.134:36715] returns group-86F2B15482BC:java.util.concurrent.CompletableFuture@6dbe7484[Not completed]
2019-10-04 12:47:54,389 [pool-589-thread-1] INFO  impl.RaftServerImpl (RaftServerImpl.java:<init>(95)) - 3f4f3d77-7d07-4c07-8a80-2ae2fe2fe039: new RaftServerImpl for group-86F2B15482BC:[3f4f3d77-7d07-4c07-8a80-2ae2fe2fe039:192.168.5.134:36715] with ContainerStateMachine:uninitialized
2019-10-04 12:47:54,389 [pool-589-thread-1] INFO  server.RaftServerConfigKeys (ConfUtils.java:logGet(43)) - raft.server.rpc.timeout.min = 5s (custom)
2019-10-04 12:47:54,389 [pool-589-thread-1] INFO  server.RaftServerConfigKeys (ConfUtils.java:logGet(43)) - raft.server.rpc.timeout.max = 5200ms (custom)
2019-10-04 12:47:54,389 [pool-589-thread-1] INFO  server.RaftServerConfigKeys (ConfUtils.java:logGet(43)) - raft.server.rpcslowness.timeout = 120s (custom)
2019-10-04 12:47:54,389 [pool-589-thread-1] INFO  server.RaftServerConfigKeys (ConfUtils.java:logGet(43)) - raft.server.sleep.deviation.threshold = 300 (default)
2019-10-04 12:47:54,389 [pool-589-thread-1] INFO  server.RaftServerConfigKeys (ConfUtils.java:logGet(43)) - raft.server.log.appender.install.snapshot.enabled = false (custom)
2019-10-04 12:47:54,390 [pool-589-thread-1] INFO  impl.RaftServerImpl (ServerState.java:<init>(103)) - 3f4f3d77-7d07-4c07-8a80-2ae2fe2fe039@group-86F2B15482BC: ConfigurationManager, init=-1: [3f4f3d77-7d07-4c07-8a80-2ae2fe2fe039:192.168.5.134:36715], old=null, confs=<EMPTY_MAP>
2019-10-04 12:47:54,390 [pool-589-thread-1] INFO  server.RaftServerConfigKeys (ConfUtils.java:logGet(43)) - raft.server.storage.dir = [/workdir/hadoop-ozone/integration-test/target/test-dir/MiniOzoneClusterImpl-5635d10f-1327-44e0-ad77-5958a3ffe64f/datanode-0/data/ratis] (custom)
2019-10-04 12:47:54,390 [pool-589-thread-1] INFO  server.RaftServerConfigKeys (ConfUtils.java:logGet(43)) - raft.server.log.corruption.policy = EXCEPTION (default)
2019-10-04 12:47:54,390 [pool-589-thread-1] INFO  storage.RaftStorageDirectory (RaftStorageDirectory.java:analyzeStorage(246)) - The storage directory /workdir/hadoop-ozone/integration-test/target/test-dir/MiniOzoneClusterImpl-5635d10f-1327-44e0-ad77-5958a3ffe64f/datanode-0/data/ratis/0bed6c8e-df2b-47f7-8a1b-86f2b15482bc does not exist. Creating ...
2019-10-04 12:47:54,403 [pool-589-thread-1] INFO  storage.RaftStorageDirectory (RaftStorageDirectory.java:tryLock(328)) - Lock on /workdir/hadoop-ozone/integration-test/target/test-dir/MiniOzoneClusterImpl-5635d10f-1327-44e0-ad77-5958a3ffe64f/datanode-0/data/ratis/0bed6c8e-df2b-47f7-8a1b-86f2b15482bc/in_use.lock acquired by nodename 29076@pr-hdds-2222-6c7sc-20480173
2019-10-04 12:47:54,416 [pool-589-thread-1] INFO  storage.RaftStorage (RaftStorage.java:format(84)) - Storage directory /workdir/hadoop-ozone/integration-test/target/test-dir/MiniOzoneClusterImpl-5635d10f-1327-44e0-ad77-5958a3ffe64f/datanode-0/data/ratis/0bed6c8e-df2b-47f7-8a1b-86f2b15482bc has been successfully formatted.
2019-10-04 12:47:54,417 [pool-589-thread-1] INFO  ratis.ContainerStateMachine (ContainerStateMachine.java:loadSnapshot(230)) - group-86F2B15482BC: The snapshot info is null. Setting the last applied indexto:(t:0, i:~)
2019-10-04 12:47:54,417 [pool-589-thread-1] INFO  server.RaftServerConfigKeys (ConfUtils.java:logGet(43)) - raft.server.notification.no-leader.timeout = 120s (custom)
2019-10-04 12:47:54,417 [pool-589-thread-1] INFO  server.RaftServerConfigKeys (ConfUtils.java:logGet(43)) - raft.server.log.use.memory = false (default)
2019-10-04 12:47:54,417 [pool-589-thread-1] INFO  server.RaftServerConfigKeys (ConfUtils.java:logGet(43)) - raft.server.log.purge.gap = 1000000 (custom)
2019-10-04 12:47:54,417 [pool-589-thread-1] INFO  server.RaftServerConfigKeys (ConfUtils.java:logGet(43)) - raft.server.log.appender.buffer.byte-limit = 33554432 (custom)
2019-10-04 12:47:54,417 [pool-589-thread-1] INFO  server.RaftServerConfigKeys (ConfUtils.java:logGet(43)) - raft.server.log.segment.size.max = 1048576 (custom)
2019-10-04 12:47:54,419 [pool-589-thread-1] INFO  server.RaftServerConfigKeys (ConfUtils.java:logGet(43)) - raft.server.log.segment.cache.num.max = 2 (custom)
2019-10-04 12:47:54,419 [pool-589-thread-1] INFO  segmented.SegmentedRaftLogWorker (SegmentedRaftLogWorker.java:<init>(173)) - new 3f4f3d77-7d07-4c07-8a80-2ae2fe2fe039@group-86F2B15482BC-SegmentedRaftLogWorker for RaftStorage:Storage Directory /workdir/hadoop-ozone/integration-test/target/test-dir/MiniOzoneClusterImpl-5635d10f-1327-44e0-ad77-5958a3ffe64f/datanode-0/data/ratis/0bed6c8e-df2b-47f7-8a1b-86f2b15482bc
2019-10-04 12:47:54,419 [pool-589-thread-1] INFO  server.RaftServerConfigKeys (ConfUtils.java:logGet(43)) - raft.server.log.queue.byte-limit = 2147483647 (custom)
2019-10-04 12:47:54,419 [pool-589-thread-1] INFO  server.RaftServerConfigKeys (ConfUtils.java:logGet(43)) - raft.server.log.queue.element-limit = 1024 (custom)
2019-10-04 12:47:54,419 [pool-589-thread-1] INFO  server.RaftServerConfigKeys (ConfUtils.java:logGet(43)) - raft.server.log.segment.size.max = 1048576 (custom)
2019-10-04 12:47:54,419 [pool-589-thread-1] INFO  server.RaftServerConfigKeys (ConfUtils.java:logGet(43)) - raft.server.log.preallocated.size = 16384 (custom)
2019-10-04 12:47:54,420 [pool-589-thread-1] INFO  server.RaftServerConfigKeys (ConfUtils.java:logGet(43)) - raft.server.log.write.buffer.size = 33554432 (custom)
2019-10-04 12:47:54,420 [pool-589-thread-1] INFO  server.RaftServerConfigKeys (ConfUtils.java:logGet(43)) - raft.server.log.force.sync.num = 128 (default)
2019-10-04 12:47:54,420 [pool-589-thread-1] INFO  server.RaftServerConfigKeys (ConfUtils.java:logGet(43)) - raft.server.log.statemachine.data.sync = true (default)
2019-10-04 12:47:54,420 [pool-589-thread-1] INFO  server.RaftServerConfigKeys (ConfUtils.java:logGet(43)) - raft.server.log.statemachine.data.sync.timeout = 10s (default)
2019-10-04 12:47:54,420 [pool-589-thread-1] INFO  server.RaftServerConfigKeys (ConfUtils.java:logGet(43)) - raft.server.log.statemachine.data.sync.timeout.retry = -1 (default)
2019-10-04 12:47:54,420 [pool-589-thread-1] INFO  server.RaftServerConfigKeys (ConfUtils.java:logGet(43)) - raft.server.log.statemachine.data.caching.enabled = true (custom)
2019-10-04 12:47:54,421 [pool-589-thread-1] INFO  segmented.SegmentedRaftLogWorker (SegmentedRaftLogWorker.java:lambda$new$0(128)) - 3f4f3d77-7d07-4c07-8a80-2ae2fe2fe039@group-86F2B15482BC-SegmentedRaftLogWorker: flushIndex: setUnconditionally 0 -> -1
2019-10-04 12:47:54,421 [pool-589-thread-1] INFO  server.RaftServerConfigKeys (ConfUtils.java:logGet(43)) - raft.server.snapshot.auto.trigger.enabled = true (custom)
2019-10-04 12:47:54,421 [pool-589-thread-1] INFO  server.RaftServerConfigKeys (ConfUtils.java:logGet(43)) - raft.server.snapshot.auto.trigger.threshold = 10000 (custom)
2019-10-04 12:47:54,421 [pool-589-thread-1] INFO  server.RaftServerConfigKeys (ConfUtils.java:logGet(43)) - raft.server.snapshot.retention.file.num = 5 (custom)
2019-10-04 12:47:54,421 [pool-589-thread-1] INFO  server.RaftServerConfigKeys (ConfUtils.java:logGet(43)) - raft.server.retrycache.expirytime = 600000ms (custom)
2019-10-04 12:47:54,423 [pool-589-thread-1] INFO  impl.RaftServerImpl (RaftServerImpl.java:start(181)) - 3f4f3d77-7d07-4c07-8a80-2ae2fe2fe039@group-86F2B15482BC: start as a follower, conf=-1: [3f4f3d77-7d07-4c07-8a80-2ae2fe2fe039:192.168.5.134:36715], old=null
2019-10-04 12:47:54,423 [pool-589-thread-1] INFO  impl.RaftServerImpl (RaftServerImpl.java:setRole(170)) - 3f4f3d77-7d07-4c07-8a80-2ae2fe2fe039@group-86F2B15482BC: changes role from      null to FOLLOWER at term 0 for startAsFollower
2019-10-04 12:47:54,423 [pool-589-thread-1] INFO  impl.RoleInfo (RoleInfo.java:updateAndGet(143)) - 3f4f3d77-7d07-4c07-8a80-2ae2fe2fe039: start FollowerState
2019-10-04 12:47:54,423 [pool-589-thread-1] INFO  util.JmxRegister (JmxRegister.java:tryRegister(44)) - Successfully registered JMX Bean with object name Ratis:service=RaftServer,group=group-86F2B15482BC,id=3f4f3d77-7d07-4c07-8a80-2ae2fe2fe039
2019-10-04 12:47:54,430 [IPC Server handler 4 on 40139] INFO  net.NetworkTopology (NetworkTopologyImpl.java:add(111)) - Added a new node: /default-rack/0cc7607f-8c61-40d7-908d-9ac0a630b719
2019-10-04 12:47:54,430 [IPC Server handler 4 on 40139] INFO  node.SCMNodeManager (SCMNodeManager.java:register(266)) - Registered Data node : 0cc7607f-8c61-40d7-908d-9ac0a630b719{ip: 192.168.5.134, host: pr-hdds-2222-6c7sc-20480173, networkLocation: /default-rack, certSerialId: null}
2019-10-04 12:47:54,442 [RatisPipelineUtilsThread] INFO  pipeline.PipelineStateManager (PipelineStateManager.java:addPipeline(56)) - Created pipeline Pipeline[ Id: 0bed6c8e-df2b-47f7-8a1b-86f2b15482bc, Nodes: 3f4f3d77-7d07-4c07-8a80-2ae2fe2fe039{ip: 192.168.5.134, host: pr-hdds-2222-6c7sc-20480173, networkLocation: /default-rack, certSerialId: null}, Type:RATIS, Factor:ONE, State:OPEN]
2019-10-04 12:47:54,448 [grpc-default-executor-9] INFO  impl.RaftServerProxy (RaftServerProxy.java:addNew(89)) - 0cc7607f-8c61-40d7-908d-9ac0a630b719: addNew group-28F7FC37C67B:[0cc7607f-8c61-40d7-908d-9ac0a630b719:192.168.5.134:46768] returns group-28F7FC37C67B:java.util.concurrent.CompletableFuture@2bb8447a[Not completed]
2019-10-04 12:47:54,449 [pool-599-thread-1] INFO  impl.RaftServerImpl (RaftServerImpl.java:<init>(95)) - 0cc7607f-8c61-40d7-908d-9ac0a630b719: new RaftServerImpl for group-28F7FC37C67B:[0cc7607f-8c61-40d7-908d-9ac0a630b719:192.168.5.134:46768] with ContainerStateMachine:uninitialized
2019-10-04 12:47:54,449 [pool-599-thread-1] INFO  server.RaftServerConfigKeys (ConfUtils.java:logGet(43)) - raft.server.rpc.timeout.min = 5s (custom)
2019-10-04 12:47:54,449 [pool-599-thread-1] INFO  server.RaftServerConfigKeys (ConfUtils.java:logGet(43)) - raft.server.rpc.timeout.max = 5200ms (custom)
2019-10-04 12:47:54,449 [pool-599-thread-1] INFO  server.RaftServerConfigKeys (ConfUtils.java:logGet(43)) - raft.server.rpcslowness.timeout = 120s (custom)
2019-10-04 12:47:54,449 [pool-599-thread-1] INFO  server.RaftServerConfigKeys (ConfUtils.java:logGet(43)) - raft.server.sleep.deviation.threshold = 300 (default)
2019-10-04 12:47:54,450 [pool-599-thread-1] INFO  server.RaftServerConfigKeys (ConfUtils.java:logGet(43)) - raft.server.log.appender.install.snapshot.enabled = false (custom)
2019-10-04 12:47:54,450 [pool-599-thread-1] INFO  impl.RaftServerImpl (ServerState.java:<init>(103)) - 0cc7607f-8c61-40d7-908d-9ac0a630b719@group-28F7FC37C67B: ConfigurationManager, init=-1: [0cc7607f-8c61-40d7-908d-9ac0a630b719:192.168.5.134:46768], old=null, confs=<EMPTY_MAP>
2019-10-04 12:47:54,450 [pool-599-thread-1] INFO  server.RaftServerConfigKeys (ConfUtils.java:logGet(43)) - raft.server.storage.dir = [/workdir/hadoop-ozone/integration-test/target/test-dir/MiniOzoneClusterImpl-5635d10f-1327-44e0-ad77-5958a3ffe64f/datanode-1/data/ratis] (custom)
2019-10-04 12:47:54,450 [pool-599-thread-1] INFO  server.RaftServerConfigKeys (ConfUtils.java:logGet(43)) - raft.server.log.corruption.policy = EXCEPTION (default)
2019-10-04 12:47:54,450 [pool-599-thread-1] INFO  storage.RaftStorageDirectory (RaftStorageDirectory.java:analyzeStorage(246)) - The storage directory /workdir/hadoop-ozone/integration-test/target/test-dir/MiniOzoneClusterImpl-5635d10f-1327-44e0-ad77-5958a3ffe64f/datanode-1/data/ratis/5a1a5253-f2ec-419d-9054-28f7fc37c67b does not exist. Creating ...
2019-10-04 12:47:54,462 [pool-599-thread-1] INFO  storage.RaftStorageDirectory (RaftStorageDirectory.java:tryLock(328)) - Lock on /workdir/hadoop-ozone/integration-test/target/test-dir/MiniOzoneClusterImpl-5635d10f-1327-44e0-ad77-5958a3ffe64f/datanode-1/data/ratis/5a1a5253-f2ec-419d-9054-28f7fc37c67b/in_use.lock acquired by nodename 29076@pr-hdds-2222-6c7sc-20480173
2019-10-04 12:47:54,477 [pool-599-thread-1] INFO  storage.RaftStorage (RaftStorage.java:format(84)) - Storage directory /workdir/hadoop-ozone/integration-test/target/test-dir/MiniOzoneClusterImpl-5635d10f-1327-44e0-ad77-5958a3ffe64f/datanode-1/data/ratis/5a1a5253-f2ec-419d-9054-28f7fc37c67b has been successfully formatted.
2019-10-04 12:47:54,477 [pool-599-thread-1] INFO  ratis.ContainerStateMachine (ContainerStateMachine.java:loadSnapshot(230)) - group-28F7FC37C67B: The snapshot info is null. Setting the last applied indexto:(t:0, i:~)
2019-10-04 12:47:54,477 [pool-599-thread-1] INFO  server.RaftServerConfigKeys (ConfUtils.java:logGet(43)) - raft.server.notification.no-leader.timeout = 120s (custom)
2019-10-04 12:47:54,477 [pool-599-thread-1] INFO  server.RaftServerConfigKeys (ConfUtils.java:logGet(43)) - raft.server.log.use.memory = false (default)
2019-10-04 12:47:54,477 [pool-599-thread-1] INFO  server.RaftServerConfigKeys (ConfUtils.java:logGet(43)) - raft.server.log.purge.gap = 1000000 (custom)
2019-10-04 12:47:54,477 [pool-599-thread-1] INFO  server.RaftServerConfigKeys (ConfUtils.java:logGet(43)) - raft.server.log.appender.buffer.byte-limit = 33554432 (custom)
2019-10-04 12:47:54,477 [pool-599-thread-1] INFO  server.RaftServerConfigKeys (ConfUtils.java:logGet(43)) - raft.server.log.segment.size.max = 1048576 (custom)
2019-10-04 12:47:54,478 [pool-599-thread-1] INFO  server.RaftServerConfigKeys (ConfUtils.java:logGet(43)) - raft.server.log.segment.cache.num.max = 2 (custom)
2019-10-04 12:47:54,478 [pool-599-thread-1] INFO  segmented.SegmentedRaftLogWorker (SegmentedRaftLogWorker.java:<init>(173)) - new 0cc7607f-8c61-40d7-908d-9ac0a630b719@group-28F7FC37C67B-SegmentedRaftLogWorker for RaftStorage:Storage Directory /workdir/hadoop-ozone/integration-test/target/test-dir/MiniOzoneClusterImpl-5635d10f-1327-44e0-ad77-5958a3ffe64f/datanode-1/data/ratis/5a1a5253-f2ec-419d-9054-28f7fc37c67b
2019-10-04 12:47:54,479 [pool-599-thread-1] INFO  server.RaftServerConfigKeys (ConfUtils.java:logGet(43)) - raft.server.log.queue.byte-limit = 2147483647 (custom)
2019-10-04 12:47:54,479 [pool-599-thread-1] INFO  server.RaftServerConfigKeys (ConfUtils.java:logGet(43)) - raft.server.log.queue.element-limit = 1024 (custom)
2019-10-04 12:47:54,479 [pool-599-thread-1] INFO  server.RaftServerConfigKeys (ConfUtils.java:logGet(43)) - raft.server.log.segment.size.max = 1048576 (custom)
2019-10-04 12:47:54,479 [pool-599-thread-1] INFO  server.RaftServerConfigKeys (ConfUtils.java:logGet(43)) - raft.server.log.preallocated.size = 16384 (custom)
2019-10-04 12:47:54,479 [pool-599-thread-1] INFO  server.RaftServerConfigKeys (ConfUtils.java:logGet(43)) - raft.server.log.write.buffer.size = 33554432 (custom)
2019-10-04 12:47:54,479 [pool-599-thread-1] INFO  server.RaftServerConfigKeys (ConfUtils.java:logGet(43)) - raft.server.log.force.sync.num = 128 (default)
2019-10-04 12:47:54,479 [pool-599-thread-1] INFO  server.RaftServerConfigKeys (ConfUtils.java:logGet(43)) - raft.server.log.statemachine.data.sync = true (default)
2019-10-04 12:47:54,479 [pool-599-thread-1] INFO  server.RaftServerConfigKeys (ConfUtils.java:logGet(43)) - raft.server.log.statemachine.data.sync.timeout = 10s (default)
2019-10-04 12:47:54,479 [pool-599-thread-1] INFO  server.RaftServerConfigKeys (ConfUtils.java:logGet(43)) - raft.server.log.statemachine.data.sync.timeout.retry = -1 (default)
2019-10-04 12:47:54,479 [pool-599-thread-1] INFO  server.RaftServerConfigKeys (ConfUtils.java:logGet(43)) - raft.server.log.statemachine.data.caching.enabled = true (custom)
2019-10-04 12:47:54,480 [pool-599-thread-1] INFO  segmented.SegmentedRaftLogWorker (SegmentedRaftLogWorker.java:lambda$new$0(128)) - 0cc7607f-8c61-40d7-908d-9ac0a630b719@group-28F7FC37C67B-SegmentedRaftLogWorker: flushIndex: setUnconditionally 0 -> -1
2019-10-04 12:47:54,480 [pool-599-thread-1] INFO  server.RaftServerConfigKeys (ConfUtils.java:logGet(43)) - raft.server.snapshot.auto.trigger.enabled = true (custom)
2019-10-04 12:47:54,480 [pool-599-thread-1] INFO  server.RaftServerConfigKeys (ConfUtils.java:logGet(43)) - raft.server.snapshot.auto.trigger.threshold = 10000 (custom)
2019-10-04 12:47:54,480 [pool-599-thread-1] INFO  server.RaftServerConfigKeys (ConfUtils.java:logGet(43)) - raft.server.snapshot.retention.file.num = 5 (custom)
2019-10-04 12:47:54,480 [pool-599-thread-1] INFO  server.RaftServerConfigKeys (ConfUtils.java:logGet(43)) - raft.server.retrycache.expirytime = 600000ms (custom)
2019-10-04 12:47:54,481 [pool-599-thread-1] INFO  impl.RaftServerImpl (RaftServerImpl.java:start(181)) - 0cc7607f-8c61-40d7-908d-9ac0a630b719@group-28F7FC37C67B: start as a follower, conf=-1: [0cc7607f-8c61-40d7-908d-9ac0a630b719:192.168.5.134:46768], old=null
2019-10-04 12:47:54,481 [pool-599-thread-1] INFO  impl.RaftServerImpl (RaftServerImpl.java:setRole(170)) - 0cc7607f-8c61-40d7-908d-9ac0a630b719@group-28F7FC37C67B: changes role from      null to FOLLOWER at term 0 for startAsFollower
2019-10-04 12:47:54,481 [pool-599-thread-1] INFO  impl.RoleInfo (RoleInfo.java:updateAndGet(143)) - 0cc7607f-8c61-40d7-908d-9ac0a630b719: start FollowerState
2019-10-04 12:47:54,482 [pool-599-thread-1] INFO  util.JmxRegister (JmxRegister.java:tryRegister(44)) - Successfully registered JMX Bean with object name Ratis:service=RaftServer,group=group-28F7FC37C67B,id=0cc7607f-8c61-40d7-908d-9ac0a630b719
2019-10-04 12:47:54,484 [RatisPipelineUtilsThread] INFO  pipeline.PipelineStateManager (PipelineStateManager.java:addPipeline(56)) - Created pipeline Pipeline[ Id: 5a1a5253-f2ec-419d-9054-28f7fc37c67b, Nodes: 0cc7607f-8c61-40d7-908d-9ac0a630b719{ip: 192.168.5.134, host: pr-hdds-2222-6c7sc-20480173, networkLocation: /default-rack, certSerialId: null}, Type:RATIS, Factor:ONE, State:OPEN]
2019-10-04 12:47:54,501 [IPC Server handler 5 on 40139] INFO  net.NetworkTopology (NetworkTopologyImpl.java:add(111)) - Added a new node: /default-rack/584a917b-d03e-4938-835a-6878b8162eea
2019-10-04 12:47:54,501 [IPC Server handler 5 on 40139] INFO  node.SCMNodeManager (SCMNodeManager.java:register(266)) - Registered Data node : 584a917b-d03e-4938-835a-6878b8162eea{ip: 192.168.5.134, host: pr-hdds-2222-6c7sc-20480173, networkLocation: /default-rack, certSerialId: null}
2019-10-04 12:47:54,517 [grpc-default-executor-9] INFO  impl.RaftServerProxy (RaftServerProxy.java:addNew(89)) - 584a917b-d03e-4938-835a-6878b8162eea: addNew group-72EBC319D263:[584a917b-d03e-4938-835a-6878b8162eea:192.168.5.134:33197] returns group-72EBC319D263:java.util.concurrent.CompletableFuture@7fccce0f[Not completed]
2019-10-04 12:47:54,518 [pool-609-thread-1] INFO  impl.RaftServerImpl (RaftServerImpl.java:<init>(95)) - 584a917b-d03e-4938-835a-6878b8162eea: new RaftServerImpl for group-72EBC319D263:[584a917b-d03e-4938-835a-6878b8162eea:192.168.5.134:33197] with ContainerStateMachine:uninitialized
2019-10-04 12:47:54,518 [pool-609-thread-1] INFO  server.RaftServerConfigKeys (ConfUtils.java:logGet(43)) - raft.server.rpc.timeout.min = 5s (custom)
2019-10-04 12:47:54,518 [pool-609-thread-1] INFO  server.RaftServerConfigKeys (ConfUtils.java:logGet(43)) - raft.server.rpc.timeout.max = 5200ms (custom)
2019-10-04 12:47:54,518 [pool-609-thread-1] INFO  server.RaftServerConfigKeys (ConfUtils.java:logGet(43)) - raft.server.rpcslowness.timeout = 120s (custom)
2019-10-04 12:47:54,518 [pool-609-thread-1] INFO  server.RaftServerConfigKeys (ConfUtils.java:logGet(43)) - raft.server.sleep.deviation.threshold = 300 (default)
2019-10-04 12:47:54,518 [pool-609-thread-1] INFO  server.RaftServerConfigKeys (ConfUtils.java:logGet(43)) - raft.server.log.appender.install.snapshot.enabled = false (custom)
2019-10-04 12:47:54,518 [pool-609-thread-1] INFO  impl.RaftServerImpl (ServerState.java:<init>(103)) - 584a917b-d03e-4938-835a-6878b8162eea@group-72EBC319D263: ConfigurationManager, init=-1: [584a917b-d03e-4938-835a-6878b8162eea:192.168.5.134:33197], old=null, confs=<EMPTY_MAP>
2019-10-04 12:47:54,519 [pool-609-thread-1] INFO  server.RaftServerConfigKeys (ConfUtils.java:logGet(43)) - raft.server.storage.dir = [/workdir/hadoop-ozone/integration-test/target/test-dir/MiniOzoneClusterImpl-5635d10f-1327-44e0-ad77-5958a3ffe64f/datanode-2/data/ratis] (custom)
2019-10-04 12:47:54,519 [pool-609-thread-1] INFO  server.RaftServerConfigKeys (ConfUtils.java:logGet(43)) - raft.server.log.corruption.policy = EXCEPTION (default)
2019-10-04 12:47:54,519 [pool-609-thread-1] INFO  storage.RaftStorageDirectory (RaftStorageDirectory.java:analyzeStorage(246)) - The storage directory /workdir/hadoop-ozone/integration-test/target/test-dir/MiniOzoneClusterImpl-5635d10f-1327-44e0-ad77-5958a3ffe64f/datanode-2/data/ratis/c482087a-d847-409b-bfc2-72ebc319d263 does not exist. Creating ...
2019-10-04 12:47:54,531 [pool-609-thread-1] INFO  storage.RaftStorageDirectory (RaftStorageDirectory.java:tryLock(328)) - Lock on /workdir/hadoop-ozone/integration-test/target/test-dir/MiniOzoneClusterImpl-5635d10f-1327-44e0-ad77-5958a3ffe64f/datanode-2/data/ratis/c482087a-d847-409b-bfc2-72ebc319d263/in_use.lock acquired by nodename 29076@pr-hdds-2222-6c7sc-20480173
2019-10-04 12:47:54,544 [pool-609-thread-1] INFO  storage.RaftStorage (RaftStorage.java:format(84)) - Storage directory /workdir/hadoop-ozone/integration-test/target/test-dir/MiniOzoneClusterImpl-5635d10f-1327-44e0-ad77-5958a3ffe64f/datanode-2/data/ratis/c482087a-d847-409b-bfc2-72ebc319d263 has been successfully formatted.
2019-10-04 12:47:54,544 [pool-609-thread-1] INFO  ratis.ContainerStateMachine (ContainerStateMachine.java:loadSnapshot(230)) - group-72EBC319D263: The snapshot info is null. Setting the last applied indexto:(t:0, i:~)
2019-10-04 12:47:54,544 [pool-609-thread-1] INFO  server.RaftServerConfigKeys (ConfUtils.java:logGet(43)) - raft.server.notification.no-leader.timeout = 120s (custom)
2019-10-04 12:47:54,544 [pool-609-thread-1] INFO  server.RaftServerConfigKeys (ConfUtils.java:logGet(43)) - raft.server.log.use.memory = false (default)
2019-10-04 12:47:54,544 [pool-609-thread-1] INFO  server.RaftServerConfigKeys (ConfUtils.java:logGet(43)) - raft.server.log.purge.gap = 1000000 (custom)
2019-10-04 12:47:54,544 [pool-609-thread-1] INFO  server.RaftServerConfigKeys (ConfUtils.java:logGet(43)) - raft.server.log.appender.buffer.byte-limit = 33554432 (custom)
2019-10-04 12:47:54,545 [pool-609-thread-1] INFO  server.RaftServerConfigKeys (ConfUtils.java:logGet(43)) - raft.server.log.segment.size.max = 1048576 (custom)
2019-10-04 12:47:54,546 [pool-609-thread-1] INFO  server.RaftServerConfigKeys (ConfUtils.java:logGet(43)) - raft.server.log.segment.cache.num.max = 2 (custom)
2019-10-04 12:47:54,546 [pool-609-thread-1] INFO  segmented.SegmentedRaftLogWorker (SegmentedRaftLogWorker.java:<init>(173)) - new 584a917b-d03e-4938-835a-6878b8162eea@group-72EBC319D263-SegmentedRaftLogWorker for RaftStorage:Storage Directory /workdir/hadoop-ozone/integration-test/target/test-dir/MiniOzoneClusterImpl-5635d10f-1327-44e0-ad77-5958a3ffe64f/datanode-2/data/ratis/c482087a-d847-409b-bfc2-72ebc319d263
2019-10-04 12:47:54,546 [pool-609-thread-1] INFO  server.RaftServerConfigKeys (ConfUtils.java:logGet(43)) - raft.server.log.queue.byte-limit = 2147483647 (custom)
2019-10-04 12:47:54,546 [pool-609-thread-1] INFO  server.RaftServerConfigKeys (ConfUtils.java:logGet(43)) - raft.server.log.queue.element-limit = 1024 (custom)
2019-10-04 12:47:54,546 [pool-609-thread-1] INFO  server.RaftServerConfigKeys (ConfUtils.java:logGet(43)) - raft.server.log.segment.size.max = 1048576 (custom)
2019-10-04 12:47:54,546 [pool-609-thread-1] INFO  server.RaftServerConfigKeys (ConfUtils.java:logGet(43)) - raft.server.log.preallocated.size = 16384 (custom)
2019-10-04 12:47:54,546 [pool-609-thread-1] INFO  server.RaftServerConfigKeys (ConfUtils.java:logGet(43)) - raft.server.log.write.buffer.size = 33554432 (custom)
2019-10-04 12:47:54,546 [pool-609-thread-1] INFO  server.RaftServerConfigKeys (ConfUtils.java:logGet(43)) - raft.server.log.force.sync.num = 128 (default)
2019-10-04 12:47:54,546 [pool-609-thread-1] INFO  server.RaftServerConfigKeys (ConfUtils.java:logGet(43)) - raft.server.log.statemachine.data.sync = true (default)
2019-10-04 12:47:54,546 [pool-609-thread-1] INFO  server.RaftServerConfigKeys (ConfUtils.java:logGet(43)) - raft.server.log.statemachine.data.sync.timeout = 10s (default)
2019-10-04 12:47:54,546 [pool-609-thread-1] INFO  server.RaftServerConfigKeys (ConfUtils.java:logGet(43)) - raft.server.log.statemachine.data.sync.timeout.retry = -1 (default)
2019-10-04 12:47:54,546 [pool-609-thread-1] INFO  server.RaftServerConfigKeys (ConfUtils.java:logGet(43)) - raft.server.log.statemachine.data.caching.enabled = true (custom)
2019-10-04 12:47:54,547 [pool-609-thread-1] INFO  segmented.SegmentedRaftLogWorker (SegmentedRaftLogWorker.java:lambda$new$0(128)) - 584a917b-d03e-4938-835a-6878b8162eea@group-72EBC319D263-SegmentedRaftLogWorker: flushIndex: setUnconditionally 0 -> -1
2019-10-04 12:47:54,547 [pool-609-thread-1] INFO  server.RaftServerConfigKeys (ConfUtils.java:logGet(43)) - raft.server.snapshot.auto.trigger.enabled = true (custom)
2019-10-04 12:47:54,547 [pool-609-thread-1] INFO  server.RaftServerConfigKeys (ConfUtils.java:logGet(43)) - raft.server.snapshot.auto.trigger.threshold = 10000 (custom)
2019-10-04 12:47:54,547 [pool-609-thread-1] INFO  server.RaftServerConfigKeys (ConfUtils.java:logGet(43)) - raft.server.snapshot.retention.file.num = 5 (custom)
2019-10-04 12:47:54,547 [pool-609-thread-1] INFO  server.RaftServerConfigKeys (ConfUtils.java:logGet(43)) - raft.server.retrycache.expirytime = 600000ms (custom)
2019-10-04 12:47:54,548 [pool-609-thread-1] INFO  impl.RaftServerImpl (RaftServerImpl.java:start(181)) - 584a917b-d03e-4938-835a-6878b8162eea@group-72EBC319D263: start as a follower, conf=-1: [584a917b-d03e-4938-835a-6878b8162eea:192.168.5.134:33197], old=null
2019-10-04 12:47:54,548 [pool-609-thread-1] INFO  impl.RaftServerImpl (RaftServerImpl.java:setRole(170)) - 584a917b-d03e-4938-835a-6878b8162eea@group-72EBC319D263: changes role from      null to FOLLOWER at term 0 for startAsFollower
2019-10-04 12:47:54,548 [pool-609-thread-1] INFO  impl.RoleInfo (RoleInfo.java:updateAndGet(143)) - 584a917b-d03e-4938-835a-6878b8162eea: start FollowerState
2019-10-04 12:47:54,548 [pool-609-thread-1] INFO  util.JmxRegister (JmxRegister.java:tryRegister(44)) - Successfully registered JMX Bean with object name Ratis:service=RaftServer,group=group-72EBC319D263,id=584a917b-d03e-4938-835a-6878b8162eea
2019-10-04 12:47:54,551 [RatisPipelineUtilsThread] INFO  pipeline.PipelineStateManager (PipelineStateManager.java:addPipeline(56)) - Created pipeline Pipeline[ Id: c482087a-d847-409b-bfc2-72ebc319d263, Nodes: 584a917b-d03e-4938-835a-6878b8162eea{ip: 192.168.5.134, host: pr-hdds-2222-6c7sc-20480173, networkLocation: /default-rack, certSerialId: null}, Type:RATIS, Factor:ONE, State:OPEN]
2019-10-04 12:47:54,569 [grpc-default-executor-9] INFO  impl.RaftServerProxy (RaftServerProxy.java:addNew(89)) - 0cc7607f-8c61-40d7-908d-9ac0a630b719: addNew group-3FC577661888:[0cc7607f-8c61-40d7-908d-9ac0a630b719:192.168.5.134:46768, 3f4f3d77-7d07-4c07-8a80-2ae2fe2fe039:192.168.5.134:36715, 584a917b-d03e-4938-835a-6878b8162eea:192.168.5.134:33197] returns group-3FC577661888:java.util.concurrent.CompletableFuture@432979f5[Not completed]
2019-10-04 12:47:54,569 [grpc-default-executor-8] INFO  impl.RaftServerProxy (RaftServerProxy.java:addNew(89)) - 3f4f3d77-7d07-4c07-8a80-2ae2fe2fe039: addNew group-3FC577661888:[0cc7607f-8c61-40d7-908d-9ac0a630b719:192.168.5.134:46768, 3f4f3d77-7d07-4c07-8a80-2ae2fe2fe039:192.168.5.134:36715, 584a917b-d03e-4938-835a-6878b8162eea:192.168.5.134:33197] returns group-3FC577661888:java.util.concurrent.CompletableFuture@4b3214ef[Not completed]
2019-10-04 12:47:54,569 [grpc-default-executor-10] INFO  impl.RaftServerProxy (RaftServerProxy.java:addNew(89)) - 584a917b-d03e-4938-835a-6878b8162eea: addNew group-3FC577661888:[0cc7607f-8c61-40d7-908d-9ac0a630b719:192.168.5.134:46768, 3f4f3d77-7d07-4c07-8a80-2ae2fe2fe039:192.168.5.134:36715, 584a917b-d03e-4938-835a-6878b8162eea:192.168.5.134:33197] returns group-3FC577661888:java.util.concurrent.CompletableFuture@5eb1a260[Not completed]
2019-10-04 12:47:54,570 [pool-599-thread-1] INFO  impl.RaftServerImpl (RaftServerImpl.java:<init>(95)) - 0cc7607f-8c61-40d7-908d-9ac0a630b719: new RaftServerImpl for group-3FC577661888:[0cc7607f-8c61-40d7-908d-9ac0a630b719:192.168.5.134:46768, 3f4f3d77-7d07-4c07-8a80-2ae2fe2fe039:192.168.5.134:36715, 584a917b-d03e-4938-835a-6878b8162eea:192.168.5.134:33197] with ContainerStateMachine:uninitialized
2019-10-04 12:47:54,570 [pool-599-thread-1] INFO  server.RaftServerConfigKeys (ConfUtils.java:logGet(43)) - raft.server.rpc.timeout.min = 5s (custom)
2019-10-04 12:47:54,570 [pool-599-thread-1] INFO  server.RaftServerConfigKeys (ConfUtils.java:logGet(43)) - raft.server.rpc.timeout.max = 5200ms (custom)
2019-10-04 12:47:54,570 [pool-599-thread-1] INFO  server.RaftServerConfigKeys (ConfUtils.java:logGet(43)) - raft.server.rpcslowness.timeout = 120s (custom)
2019-10-04 12:47:54,570 [pool-599-thread-1] INFO  server.RaftServerConfigKeys (ConfUtils.java:logGet(43)) - raft.server.sleep.deviation.threshold = 300 (default)
2019-10-04 12:47:54,570 [pool-599-thread-1] INFO  server.RaftServerConfigKeys (ConfUtils.java:logGet(43)) - raft.server.log.appender.install.snapshot.enabled = false (custom)
2019-10-04 12:47:54,570 [pool-599-thread-1] INFO  impl.RaftServerImpl (ServerState.java:<init>(103)) - 0cc7607f-8c61-40d7-908d-9ac0a630b719@group-3FC577661888: ConfigurationManager, init=-1: [0cc7607f-8c61-40d7-908d-9ac0a630b719:192.168.5.134:46768, 3f4f3d77-7d07-4c07-8a80-2ae2fe2fe039:192.168.5.134:36715, 584a917b-d03e-4938-835a-6878b8162eea:192.168.5.134:33197], old=null, confs=<EMPTY_MAP>
2019-10-04 12:47:54,570 [pool-609-thread-1] INFO  impl.RaftServerImpl (RaftServerImpl.java:<init>(95)) - 584a917b-d03e-4938-835a-6878b8162eea: new RaftServerImpl for group-3FC577661888:[0cc7607f-8c61-40d7-908d-9ac0a630b719:192.168.5.134:46768, 3f4f3d77-7d07-4c07-8a80-2ae2fe2fe039:192.168.5.134:36715, 584a917b-d03e-4938-835a-6878b8162eea:192.168.5.134:33197] with ContainerStateMachine:uninitialized
2019-10-04 12:47:54,570 [pool-599-thread-1] INFO  server.RaftServerConfigKeys (ConfUtils.java:logGet(43)) - raft.server.storage.dir = [/workdir/hadoop-ozone/integration-test/target/test-dir/MiniOzoneClusterImpl-5635d10f-1327-44e0-ad77-5958a3ffe64f/datanode-1/data/ratis] (custom)
2019-10-04 12:47:54,570 [pool-609-thread-1] INFO  server.RaftServerConfigKeys (ConfUtils.java:logGet(43)) - raft.server.rpc.timeout.min = 5s (custom)
2019-10-04 12:47:54,571 [pool-609-thread-1] INFO  server.RaftServerConfigKeys (ConfUtils.java:logGet(43)) - raft.server.rpc.timeout.max = 5200ms (custom)
2019-10-04 12:47:54,571 [pool-599-thread-1] INFO  server.RaftServerConfigKeys (ConfUtils.java:logGet(43)) - raft.server.log.corruption.policy = EXCEPTION (default)
2019-10-04 12:47:54,571 [pool-609-thread-1] INFO  server.RaftServerConfigKeys (ConfUtils.java:logGet(43)) - raft.server.rpcslowness.timeout = 120s (custom)
2019-10-04 12:47:54,571 [pool-599-thread-1] INFO  storage.RaftStorageDirectory (RaftStorageDirectory.java:analyzeStorage(246)) - The storage directory /workdir/hadoop-ozone/integration-test/target/test-dir/MiniOzoneClusterImpl-5635d10f-1327-44e0-ad77-5958a3ffe64f/datanode-1/data/ratis/645f4c3d-d393-412b-8639-3fc577661888 does not exist. Creating ...
2019-10-04 12:47:54,571 [pool-609-thread-1] INFO  server.RaftServerConfigKeys (ConfUtils.java:logGet(43)) - raft.server.sleep.deviation.threshold = 300 (default)
2019-10-04 12:47:54,571 [pool-609-thread-1] INFO  server.RaftServerConfigKeys (ConfUtils.java:logGet(43)) - raft.server.log.appender.install.snapshot.enabled = false (custom)
2019-10-04 12:47:54,571 [pool-609-thread-1] INFO  impl.RaftServerImpl (ServerState.java:<init>(103)) - 584a917b-d03e-4938-835a-6878b8162eea@group-3FC577661888: ConfigurationManager, init=-1: [0cc7607f-8c61-40d7-908d-9ac0a630b719:192.168.5.134:46768, 3f4f3d77-7d07-4c07-8a80-2ae2fe2fe039:192.168.5.134:36715, 584a917b-d03e-4938-835a-6878b8162eea:192.168.5.134:33197], old=null, confs=<EMPTY_MAP>
2019-10-04 12:47:54,571 [pool-589-thread-1] INFO  impl.RaftServerImpl (RaftServerImpl.java:<init>(95)) - 3f4f3d77-7d07-4c07-8a80-2ae2fe2fe039: new RaftServerImpl for group-3FC577661888:[0cc7607f-8c61-40d7-908d-9ac0a630b719:192.168.5.134:46768, 3f4f3d77-7d07-4c07-8a80-2ae2fe2fe039:192.168.5.134:36715, 584a917b-d03e-4938-835a-6878b8162eea:192.168.5.134:33197] with ContainerStateMachine:uninitialized
2019-10-04 12:47:54,571 [pool-609-thread-1] INFO  server.RaftServerConfigKeys (ConfUtils.java:logGet(43)) - raft.server.storage.dir = [/workdir/hadoop-ozone/integration-test/target/test-dir/MiniOzoneClusterImpl-5635d10f-1327-44e0-ad77-5958a3ffe64f/datanode-2/data/ratis] (custom)
2019-10-04 12:47:54,572 [pool-589-thread-1] INFO  server.RaftServerConfigKeys (ConfUtils.java:logGet(43)) - raft.server.rpc.timeout.min = 5s (custom)
2019-10-04 12:47:54,572 [pool-609-thread-1] INFO  server.RaftServerConfigKeys (ConfUtils.java:logGet(43)) - raft.server.log.corruption.policy = EXCEPTION (default)
2019-10-04 12:47:54,572 [pool-589-thread-1] INFO  server.RaftServerConfigKeys (ConfUtils.java:logGet(43)) - raft.server.rpc.timeout.max = 5200ms (custom)
2019-10-04 12:47:54,572 [pool-609-thread-1] INFO  storage.RaftStorageDirectory (RaftStorageDirectory.java:analyzeStorage(246)) - The storage directory /workdir/hadoop-ozone/integration-test/target/test-dir/MiniOzoneClusterImpl-5635d10f-1327-44e0-ad77-5958a3ffe64f/datanode-2/data/ratis/645f4c3d-d393-412b-8639-3fc577661888 does not exist. Creating ...
2019-10-04 12:47:54,572 [pool-589-thread-1] INFO  server.RaftServerConfigKeys (ConfUtils.java:logGet(43)) - raft.server.rpcslowness.timeout = 120s (custom)
2019-10-04 12:47:54,572 [pool-589-thread-1] INFO  server.RaftServerConfigKeys (ConfUtils.java:logGet(43)) - raft.server.sleep.deviation.threshold = 300 (default)
2019-10-04 12:47:54,572 [pool-589-thread-1] INFO  server.RaftServerConfigKeys (ConfUtils.java:logGet(43)) - raft.server.log.appender.install.snapshot.enabled = false (custom)
2019-10-04 12:47:54,573 [pool-589-thread-1] INFO  impl.RaftServerImpl (ServerState.java:<init>(103)) - 3f4f3d77-7d07-4c07-8a80-2ae2fe2fe039@group-3FC577661888: ConfigurationManager, init=-1: [0cc7607f-8c61-40d7-908d-9ac0a630b719:192.168.5.134:46768, 3f4f3d77-7d07-4c07-8a80-2ae2fe2fe039:192.168.5.134:36715, 584a917b-d03e-4938-835a-6878b8162eea:192.168.5.134:33197], old=null, confs=<EMPTY_MAP>
2019-10-04 12:47:54,573 [pool-589-thread-1] INFO  server.RaftServerConfigKeys (ConfUtils.java:logGet(43)) - raft.server.storage.dir = [/workdir/hadoop-ozone/integration-test/target/test-dir/MiniOzoneClusterImpl-5635d10f-1327-44e0-ad77-5958a3ffe64f/datanode-0/data/ratis] (custom)
2019-10-04 12:47:54,573 [pool-589-thread-1] INFO  server.RaftServerConfigKeys (ConfUtils.java:logGet(43)) - raft.server.log.corruption.policy = EXCEPTION (default)
2019-10-04 12:47:54,573 [pool-589-thread-1] INFO  storage.RaftStorageDirectory (RaftStorageDirectory.java:analyzeStorage(246)) - The storage directory /workdir/hadoop-ozone/integration-test/target/test-dir/MiniOzoneClusterImpl-5635d10f-1327-44e0-ad77-5958a3ffe64f/datanode-0/data/ratis/645f4c3d-d393-412b-8639-3fc577661888 does not exist. Creating ...
2019-10-04 12:47:54,573 [IPC Server handler 15 on 40139] INFO  net.NetworkTopology (NetworkTopologyImpl.java:add(111)) - Added a new node: /default-rack/2efff099-baa6-464b-b5a1-77a261c7ed99
2019-10-04 12:47:54,574 [IPC Server handler 15 on 40139] INFO  node.SCMNodeManager (SCMNodeManager.java:register(266)) - Registered Data node : 2efff099-baa6-464b-b5a1-77a261c7ed99{ip: 192.168.5.134, host: pr-hdds-2222-6c7sc-20480173, networkLocation: /default-rack, certSerialId: null}
2019-10-04 12:47:54,587 [pool-599-thread-1] INFO  storage.RaftStorageDirectory (RaftStorageDirectory.java:tryLock(328)) - Lock on /workdir/hadoop-ozone/integration-test/target/test-dir/MiniOzoneClusterImpl-5635d10f-1327-44e0-ad77-5958a3ffe64f/datanode-1/data/ratis/645f4c3d-d393-412b-8639-3fc577661888/in_use.lock acquired by nodename 29076@pr-hdds-2222-6c7sc-20480173
2019-10-04 12:47:54,587 [pool-589-thread-1] INFO  storage.RaftStorageDirectory (RaftStorageDirectory.java:tryLock(328)) - Lock on /workdir/hadoop-ozone/integration-test/target/test-dir/MiniOzoneClusterImpl-5635d10f-1327-44e0-ad77-5958a3ffe64f/datanode-0/data/ratis/645f4c3d-d393-412b-8639-3fc577661888/in_use.lock acquired by nodename 29076@pr-hdds-2222-6c7sc-20480173
2019-10-04 12:47:54,587 [pool-609-thread-1] INFO  storage.RaftStorageDirectory (RaftStorageDirectory.java:tryLock(328)) - Lock on /workdir/hadoop-ozone/integration-test/target/test-dir/MiniOzoneClusterImpl-5635d10f-1327-44e0-ad77-5958a3ffe64f/datanode-2/data/ratis/645f4c3d-d393-412b-8639-3fc577661888/in_use.lock acquired by nodename 29076@pr-hdds-2222-6c7sc-20480173
2019-10-04 12:47:54,594 [pool-599-thread-1] INFO  storage.RaftStorage (RaftStorage.java:format(84)) - Storage directory /workdir/hadoop-ozone/integration-test/target/test-dir/MiniOzoneClusterImpl-5635d10f-1327-44e0-ad77-5958a3ffe64f/datanode-1/data/ratis/645f4c3d-d393-412b-8639-3fc577661888 has been successfully formatted.
2019-10-04 12:47:54,594 [pool-589-thread-1] INFO  storage.RaftStorage (RaftStorage.java:format(84)) - Storage directory /workdir/hadoop-ozone/integration-test/target/test-dir/MiniOzoneClusterImpl-5635d10f-1327-44e0-ad77-5958a3ffe64f/datanode-0/data/ratis/645f4c3d-d393-412b-8639-3fc577661888 has been successfully formatted.
2019-10-04 12:47:54,594 [pool-609-thread-1] INFO  storage.RaftStorage (RaftStorage.java:format(84)) - Storage directory /workdir/hadoop-ozone/integration-test/target/test-dir/MiniOzoneClusterImpl-5635d10f-1327-44e0-ad77-5958a3ffe64f/datanode-2/data/ratis/645f4c3d-d393-412b-8639-3fc577661888 has been successfully formatted.
2019-10-04 12:47:54,595 [pool-589-thread-1] INFO  ratis.ContainerStateMachine (ContainerStateMachine.java:loadSnapshot(230)) - group-3FC577661888: The snapshot info is null. Setting the last applied indexto:(t:0, i:~)
2019-10-04 12:47:54,595 [pool-599-thread-1] INFO  ratis.ContainerStateMachine (ContainerStateMachine.java:loadSnapshot(230)) - group-3FC577661888: The snapshot info is null. Setting the last applied indexto:(t:0, i:~)
2019-10-04 12:47:54,595 [pool-589-thread-1] INFO  server.RaftServerConfigKeys (ConfUtils.java:logGet(43)) - raft.server.notification.no-leader.timeout = 120s (custom)
2019-10-04 12:47:54,595 [pool-609-thread-1] INFO  ratis.ContainerStateMachine (ContainerStateMachine.java:loadSnapshot(230)) - group-3FC577661888: The snapshot info is null. Setting the last applied indexto:(t:0, i:~)
2019-10-04 12:47:54,595 [pool-589-thread-1] INFO  server.RaftServerConfigKeys (ConfUtils.java:logGet(43)) - raft.server.log.use.memory = false (default)
2019-10-04 12:47:54,595 [pool-599-thread-1] INFO  server.RaftServerConfigKeys (ConfUtils.java:logGet(43)) - raft.server.notification.no-leader.timeout = 120s (custom)
2019-10-04 12:47:54,595 [pool-589-thread-1] INFO  server.RaftServerConfigKeys (ConfUtils.java:logGet(43)) - raft.server.log.purge.gap = 1000000 (custom)
2019-10-04 12:47:54,595 [pool-609-thread-1] INFO  server.RaftServerConfigKeys (ConfUtils.java:logGet(43)) - raft.server.notification.no-leader.timeout = 120s (custom)
2019-10-04 12:47:54,595 [pool-589-thread-1] INFO  server.RaftServerConfigKeys (ConfUtils.java:logGet(43)) - raft.server.log.appender.buffer.byte-limit = 33554432 (custom)
2019-10-04 12:47:54,595 [pool-599-thread-1] INFO  server.RaftServerConfigKeys (ConfUtils.java:logGet(43)) - raft.server.log.use.memory = false (default)
2019-10-04 12:47:54,595 [pool-589-thread-1] INFO  server.RaftServerConfigKeys (ConfUtils.java:logGet(43)) - raft.server.log.segment.size.max = 1048576 (custom)
2019-10-04 12:47:54,595 [pool-609-thread-1] INFO  server.RaftServerConfigKeys (ConfUtils.java:logGet(43)) - raft.server.log.use.memory = false (default)
2019-10-04 12:47:54,596 [pool-589-thread-1] INFO  server.RaftServerConfigKeys (ConfUtils.java:logGet(43)) - raft.server.log.segment.cache.num.max = 2 (custom)
2019-10-04 12:47:54,596 [pool-599-thread-1] INFO  server.RaftServerConfigKeys (ConfUtils.java:logGet(43)) - raft.server.log.purge.gap = 1000000 (custom)
2019-10-04 12:47:54,596 [pool-589-thread-1] INFO  segmented.SegmentedRaftLogWorker (SegmentedRaftLogWorker.java:<init>(173)) - new 3f4f3d77-7d07-4c07-8a80-2ae2fe2fe039@group-3FC577661888-SegmentedRaftLogWorker for RaftStorage:Storage Directory /workdir/hadoop-ozone/integration-test/target/test-dir/MiniOzoneClusterImpl-5635d10f-1327-44e0-ad77-5958a3ffe64f/datanode-0/data/ratis/645f4c3d-d393-412b-8639-3fc577661888
2019-10-04 12:47:54,596 [pool-609-thread-1] INFO  server.RaftServerConfigKeys (ConfUtils.java:logGet(43)) - raft.server.log.purge.gap = 1000000 (custom)
2019-10-04 12:47:54,596 [pool-589-thread-1] INFO  server.RaftServerConfigKeys (ConfUtils.java:logGet(43)) - raft.server.log.queue.byte-limit = 2147483647 (custom)
2019-10-04 12:47:54,596 [pool-599-thread-1] INFO  server.RaftServerConfigKeys (ConfUtils.java:logGet(43)) - raft.server.log.appender.buffer.byte-limit = 33554432 (custom)
2019-10-04 12:47:54,596 [pool-589-thread-1] INFO  server.RaftServerConfigKeys (ConfUtils.java:logGet(43)) - raft.server.log.queue.element-limit = 1024 (custom)
2019-10-04 12:47:54,596 [pool-609-thread-1] INFO  server.RaftServerConfigKeys (ConfUtils.java:logGet(43)) - raft.server.log.appender.buffer.byte-limit = 33554432 (custom)
2019-10-04 12:47:54,596 [pool-589-thread-1] INFO  server.RaftServerConfigKeys (ConfUtils.java:logGet(43)) - raft.server.log.segment.size.max = 1048576 (custom)
2019-10-04 12:47:54,596 [pool-599-thread-1] INFO  server.RaftServerConfigKeys (ConfUtils.java:logGet(43)) - raft.server.log.segment.size.max = 1048576 (custom)
2019-10-04 12:47:54,596 [pool-589-thread-1] INFO  server.RaftServerConfigKeys (ConfUtils.java:logGet(43)) - raft.server.log.preallocated.size = 16384 (custom)
2019-10-04 12:47:54,596 [pool-609-thread-1] INFO  server.RaftServerConfigKeys (ConfUtils.java:logGet(43)) - raft.server.log.segment.size.max = 1048576 (custom)
2019-10-04 12:47:54,597 [pool-589-thread-1] INFO  server.RaftServerConfigKeys (ConfUtils.java:logGet(43)) - raft.server.log.write.buffer.size = 33554432 (custom)
2019-10-04 12:47:54,597 [pool-599-thread-1] INFO  server.RaftServerConfigKeys (ConfUtils.java:logGet(43)) - raft.server.log.segment.cache.num.max = 2 (custom)
2019-10-04 12:47:54,597 [pool-589-thread-1] INFO  server.RaftServerConfigKeys (ConfUtils.java:logGet(43)) - raft.server.log.force.sync.num = 128 (default)
2019-10-04 12:47:54,597 [pool-609-thread-1] INFO  server.RaftServerConfigKeys (ConfUtils.java:logGet(43)) - raft.server.log.segment.cache.num.max = 2 (custom)
2019-10-04 12:47:54,597 [pool-589-thread-1] INFO  server.RaftServerConfigKeys (ConfUtils.java:logGet(43)) - raft.server.log.statemachine.data.sync = true (default)
2019-10-04 12:47:54,597 [pool-599-thread-1] INFO  segmented.SegmentedRaftLogWorker (SegmentedRaftLogWorker.java:<init>(173)) - new 0cc7607f-8c61-40d7-908d-9ac0a630b719@group-3FC577661888-SegmentedRaftLogWorker for RaftStorage:Storage Directory /workdir/hadoop-ozone/integration-test/target/test-dir/MiniOzoneClusterImpl-5635d10f-1327-44e0-ad77-5958a3ffe64f/datanode-1/data/ratis/645f4c3d-d393-412b-8639-3fc577661888
2019-10-04 12:47:54,597 [pool-589-thread-1] INFO  server.RaftServerConfigKeys (ConfUtils.java:logGet(43)) - raft.server.log.statemachine.data.sync.timeout = 10s (default)
2019-10-04 12:47:54,597 [pool-609-thread-1] INFO  segmented.SegmentedRaftLogWorker (SegmentedRaftLogWorker.java:<init>(173)) - new 584a917b-d03e-4938-835a-6878b8162eea@group-3FC577661888-SegmentedRaftLogWorker for RaftStorage:Storage Directory /workdir/hadoop-ozone/integration-test/target/test-dir/MiniOzoneClusterImpl-5635d10f-1327-44e0-ad77-5958a3ffe64f/datanode-2/data/ratis/645f4c3d-d393-412b-8639-3fc577661888
2019-10-04 12:47:54,597 [pool-589-thread-1] INFO  server.RaftServerConfigKeys (ConfUtils.java:logGet(43)) - raft.server.log.statemachine.data.sync.timeout.retry = -1 (default)
2019-10-04 12:47:54,597 [pool-599-thread-1] INFO  server.RaftServerConfigKeys (ConfUtils.java:logGet(43)) - raft.server.log.queue.byte-limit = 2147483647 (custom)
2019-10-04 12:47:54,598 [pool-589-thread-1] INFO  server.RaftServerConfigKeys (ConfUtils.java:logGet(43)) - raft.server.log.statemachine.data.caching.enabled = true (custom)
2019-10-04 12:47:54,597 [pool-609-thread-1] INFO  server.RaftServerConfigKeys (ConfUtils.java:logGet(43)) - raft.server.log.queue.byte-limit = 2147483647 (custom)
2019-10-04 12:47:54,598 [pool-599-thread-1] INFO  server.RaftServerConfigKeys (ConfUtils.java:logGet(43)) - raft.server.log.queue.element-limit = 1024 (custom)
2019-10-04 12:47:54,598 [pool-589-thread-1] INFO  segmented.SegmentedRaftLogWorker (SegmentedRaftLogWorker.java:lambda$new$0(128)) - 3f4f3d77-7d07-4c07-8a80-2ae2fe2fe039@group-3FC577661888-SegmentedRaftLogWorker: flushIndex: setUnconditionally 0 -> -1
2019-10-04 12:47:54,598 [pool-609-thread-1] INFO  server.RaftServerConfigKeys (ConfUtils.java:logGet(43)) - raft.server.log.queue.element-limit = 1024 (custom)
2019-10-04 12:47:54,598 [pool-599-thread-1] INFO  server.RaftServerConfigKeys (ConfUtils.java:logGet(43)) - raft.server.log.segment.size.max = 1048576 (custom)
2019-10-04 12:47:54,598 [pool-589-thread-1] INFO  server.RaftServerConfigKeys (ConfUtils.java:logGet(43)) - raft.server.snapshot.auto.trigger.enabled = true (custom)
2019-10-04 12:47:54,598 [pool-609-thread-1] INFO  server.RaftServerConfigKeys (ConfUtils.java:logGet(43)) - raft.server.log.segment.size.max = 1048576 (custom)
2019-10-04 12:47:54,598 [pool-589-thread-1] INFO  server.RaftServerConfigKeys (ConfUtils.java:logGet(43)) - raft.server.snapshot.auto.trigger.threshold = 10000 (custom)
2019-10-04 12:47:54,598 [pool-599-thread-1] INFO  server.RaftServerConfigKeys (ConfUtils.java:logGet(43)) - raft.server.log.preallocated.size = 16384 (custom)
2019-10-04 12:47:54,598 [pool-589-thread-1] INFO  server.RaftServerConfigKeys (ConfUtils.java:logGet(43)) - raft.server.snapshot.retention.file.num = 5 (custom)
2019-10-04 12:47:54,598 [pool-609-thread-1] INFO  server.RaftServerConfigKeys (ConfUtils.java:logGet(43)) - raft.server.log.preallocated.size = 16384 (custom)
2019-10-04 12:47:54,599 [pool-589-thread-1] INFO  server.RaftServerConfigKeys (ConfUtils.java:logGet(43)) - raft.server.retrycache.expirytime = 600000ms (custom)
2019-10-04 12:47:54,598 [pool-599-thread-1] INFO  server.RaftServerConfigKeys (ConfUtils.java:logGet(43)) - raft.server.log.write.buffer.size = 33554432 (custom)
2019-10-04 12:47:54,599 [pool-609-thread-1] INFO  server.RaftServerConfigKeys (ConfUtils.java:logGet(43)) - raft.server.log.write.buffer.size = 33554432 (custom)
2019-10-04 12:47:54,599 [pool-599-thread-1] INFO  server.RaftServerConfigKeys (ConfUtils.java:logGet(43)) - raft.server.log.force.sync.num = 128 (default)
2019-10-04 12:47:54,599 [pool-609-thread-1] INFO  server.RaftServerConfigKeys (ConfUtils.java:logGet(43)) - raft.server.log.force.sync.num = 128 (default)
2019-10-04 12:47:54,599 [pool-599-thread-1] INFO  server.RaftServerConfigKeys (ConfUtils.java:logGet(43)) - raft.server.log.statemachine.data.sync = true (default)
2019-10-04 12:47:54,599 [pool-609-thread-1] INFO  server.RaftServerConfigKeys (ConfUtils.java:logGet(43)) - raft.server.log.statemachine.data.sync = true (default)
2019-10-04 12:47:54,599 [pool-599-thread-1] INFO  server.RaftServerConfigKeys (ConfUtils.java:logGet(43)) - raft.server.log.statemachine.data.sync.timeout = 10s (default)
2019-10-04 12:47:54,599 [pool-609-thread-1] INFO  server.RaftServerConfigKeys (ConfUtils.java:logGet(43)) - raft.server.log.statemachine.data.sync.timeout = 10s (default)
2019-10-04 12:47:54,599 [pool-599-thread-1] INFO  server.RaftServerConfigKeys (ConfUtils.java:logGet(43)) - raft.server.log.statemachine.data.sync.timeout.retry = -1 (default)
2019-10-04 12:47:54,599 [pool-609-thread-1] INFO  server.RaftServerConfigKeys (ConfUtils.java:logGet(43)) - raft.server.log.statemachine.data.sync.timeout.retry = -1 (default)
2019-10-04 12:47:54,599 [pool-599-thread-1] INFO  server.RaftServerConfigKeys (ConfUtils.java:logGet(43)) - raft.server.log.statemachine.data.caching.enabled = true (custom)
2019-10-04 12:47:54,600 [pool-609-thread-1] INFO  server.RaftServerConfigKeys (ConfUtils.java:logGet(43)) - raft.server.log.statemachine.data.caching.enabled = true (custom)
2019-10-04 12:47:54,600 [pool-599-thread-1] INFO  segmented.SegmentedRaftLogWorker (SegmentedRaftLogWorker.java:lambda$new$0(128)) - 0cc7607f-8c61-40d7-908d-9ac0a630b719@group-3FC577661888-SegmentedRaftLogWorker: flushIndex: setUnconditionally 0 -> -1
2019-10-04 12:47:54,600 [pool-609-thread-1] INFO  segmented.SegmentedRaftLogWorker (SegmentedRaftLogWorker.java:lambda$new$0(128)) - 584a917b-d03e-4938-835a-6878b8162eea@group-3FC577661888-SegmentedRaftLogWorker: flushIndex: setUnconditionally 0 -> -1
2019-10-04 12:47:54,600 [pool-589-thread-1] INFO  impl.RaftServerImpl (RaftServerImpl.java:start(181)) - 3f4f3d77-7d07-4c07-8a80-2ae2fe2fe039@group-3FC577661888: start as a follower, conf=-1: [0cc7607f-8c61-40d7-908d-9ac0a630b719:192.168.5.134:46768, 3f4f3d77-7d07-4c07-8a80-2ae2fe2fe039:192.168.5.134:36715, 584a917b-d03e-4938-835a-6878b8162eea:192.168.5.134:33197], old=null
2019-10-04 12:47:54,600 [pool-599-thread-1] INFO  server.RaftServerConfigKeys (ConfUtils.java:logGet(43)) - raft.server.snapshot.auto.trigger.enabled = true (custom)
2019-10-04 12:47:54,600 [pool-609-thread-1] INFO  server.RaftServerConfigKeys (ConfUtils.java:logGet(43)) - raft.server.snapshot.auto.trigger.enabled = true (custom)
2019-10-04 12:47:54,600 [pool-589-thread-1] INFO  impl.RaftServerImpl (RaftServerImpl.java:setRole(170)) - 3f4f3d77-7d07-4c07-8a80-2ae2fe2fe039@group-3FC577661888: changes role from      null to FOLLOWER at term 0 for startAsFollower
2019-10-04 12:47:54,600 [pool-609-thread-1] INFO  server.RaftServerConfigKeys (ConfUtils.java:logGet(43)) - raft.server.snapshot.auto.trigger.threshold = 10000 (custom)
2019-10-04 12:47:54,600 [pool-599-thread-1] INFO  server.RaftServerConfigKeys (ConfUtils.java:logGet(43)) - raft.server.snapshot.auto.trigger.threshold = 10000 (custom)
2019-10-04 12:47:54,600 [pool-609-thread-1] INFO  server.RaftServerConfigKeys (ConfUtils.java:logGet(43)) - raft.server.snapshot.retention.file.num = 5 (custom)
2019-10-04 12:47:54,600 [pool-589-thread-1] INFO  impl.RoleInfo (RoleInfo.java:updateAndGet(143)) - 3f4f3d77-7d07-4c07-8a80-2ae2fe2fe039: start FollowerState
2019-10-04 12:47:54,600 [pool-609-thread-1] INFO  server.RaftServerConfigKeys (ConfUtils.java:logGet(43)) - raft.server.retrycache.expirytime = 600000ms (custom)
2019-10-04 12:47:54,600 [pool-599-thread-1] INFO  server.RaftServerConfigKeys (ConfUtils.java:logGet(43)) - raft.server.snapshot.retention.file.num = 5 (custom)
2019-10-04 12:47:54,601 [pool-589-thread-1] INFO  util.JmxRegister (JmxRegister.java:tryRegister(44)) - Successfully registered JMX Bean with object name Ratis:service=RaftServer,group=group-3FC577661888,id=3f4f3d77-7d07-4c07-8a80-2ae2fe2fe039
2019-10-04 12:47:54,601 [pool-599-thread-1] INFO  server.RaftServerConfigKeys (ConfUtils.java:logGet(43)) - raft.server.retrycache.expirytime = 600000ms (custom)
2019-10-04 12:47:54,603 [pool-609-thread-1] INFO  impl.RaftServerImpl (RaftServerImpl.java:start(181)) - 584a917b-d03e-4938-835a-6878b8162eea@group-3FC577661888: start as a follower, conf=-1: [0cc7607f-8c61-40d7-908d-9ac0a630b719:192.168.5.134:46768, 3f4f3d77-7d07-4c07-8a80-2ae2fe2fe039:192.168.5.134:36715, 584a917b-d03e-4938-835a-6878b8162eea:192.168.5.134:33197], old=null
2019-10-04 12:47:54,603 [pool-609-thread-1] INFO  impl.RaftServerImpl (RaftServerImpl.java:setRole(170)) - 584a917b-d03e-4938-835a-6878b8162eea@group-3FC577661888: changes role from      null to FOLLOWER at term 0 for startAsFollower
2019-10-04 12:47:54,603 [pool-609-thread-1] INFO  impl.RoleInfo (RoleInfo.java:updateAndGet(143)) - 584a917b-d03e-4938-835a-6878b8162eea: start FollowerState
2019-10-04 12:47:54,604 [pool-599-thread-1] INFO  impl.RaftServerImpl (RaftServerImpl.java:start(181)) - 0cc7607f-8c61-40d7-908d-9ac0a630b719@group-3FC577661888: start as a follower, conf=-1: [0cc7607f-8c61-40d7-908d-9ac0a630b719:192.168.5.134:46768, 3f4f3d77-7d07-4c07-8a80-2ae2fe2fe039:192.168.5.134:36715, 584a917b-d03e-4938-835a-6878b8162eea:192.168.5.134:33197], old=null
2019-10-04 12:47:54,604 [pool-599-thread-1] INFO  impl.RaftServerImpl (RaftServerImpl.java:setRole(170)) - 0cc7607f-8c61-40d7-908d-9ac0a630b719@group-3FC577661888: changes role from      null to FOLLOWER at term 0 for startAsFollower
2019-10-04 12:47:54,604 [pool-609-thread-1] INFO  util.JmxRegister (JmxRegister.java:tryRegister(44)) - Successfully registered JMX Bean with object name Ratis:service=RaftServer,group=group-3FC577661888,id=584a917b-d03e-4938-835a-6878b8162eea
2019-10-04 12:47:54,604 [pool-599-thread-1] INFO  impl.RoleInfo (RoleInfo.java:updateAndGet(143)) - 0cc7607f-8c61-40d7-908d-9ac0a630b719: start FollowerState
2019-10-04 12:47:54,604 [pool-599-thread-1] INFO  util.JmxRegister (JmxRegister.java:tryRegister(44)) - Successfully registered JMX Bean with object name Ratis:service=RaftServer,group=group-3FC577661888,id=0cc7607f-8c61-40d7-908d-9ac0a630b719
2019-10-04 12:47:54,607 [RatisPipelineUtilsThread] INFO  pipeline.PipelineStateManager (PipelineStateManager.java:addPipeline(56)) - Created pipeline Pipeline[ Id: 645f4c3d-d393-412b-8639-3fc577661888, Nodes: 584a917b-d03e-4938-835a-6878b8162eea{ip: 192.168.5.134, host: pr-hdds-2222-6c7sc-20480173, networkLocation: /default-rack, certSerialId: null}0cc7607f-8c61-40d7-908d-9ac0a630b719{ip: 192.168.5.134, host: pr-hdds-2222-6c7sc-20480173, networkLocation: /default-rack, certSerialId: null}3f4f3d77-7d07-4c07-8a80-2ae2fe2fe039{ip: 192.168.5.134, host: pr-hdds-2222-6c7sc-20480173, networkLocation: /default-rack, certSerialId: null}, Type:RATIS, Factor:THREE, State:OPEN]
2019-10-04 12:47:54,646 [IPC Server handler 11 on 40139] INFO  net.NetworkTopology (NetworkTopologyImpl.java:add(111)) - Added a new node: /default-rack/f825efd4-c0fd-4bb3-a180-360f0e805f39
2019-10-04 12:47:54,647 [IPC Server handler 11 on 40139] INFO  node.SCMNodeManager (SCMNodeManager.java:register(266)) - Registered Data node : f825efd4-c0fd-4bb3-a180-360f0e805f39{ip: 192.168.5.134, host: pr-hdds-2222-6c7sc-20480173, networkLocation: /default-rack, certSerialId: null}
2019-10-04 12:47:54,656 [grpc-default-executor-8] INFO  impl.RaftServerProxy (RaftServerProxy.java:addNew(89)) - 2efff099-baa6-464b-b5a1-77a261c7ed99: addNew group-9D0A024EEA84:[2efff099-baa6-464b-b5a1-77a261c7ed99:192.168.5.134:36985] returns group-9D0A024EEA84:java.util.concurrent.CompletableFuture@54771885[Not completed]
2019-10-04 12:47:54,660 [pool-619-thread-1] INFO  impl.RaftServerImpl (RaftServerImpl.java:<init>(95)) - 2efff099-baa6-464b-b5a1-77a261c7ed99: new RaftServerImpl for group-9D0A024EEA84:[2efff099-baa6-464b-b5a1-77a261c7ed99:192.168.5.134:36985] with ContainerStateMachine:uninitialized
2019-10-04 12:47:54,660 [pool-619-thread-1] INFO  server.RaftServerConfigKeys (ConfUtils.java:logGet(43)) - raft.server.rpc.timeout.min = 5s (custom)
2019-10-04 12:47:54,660 [pool-619-thread-1] INFO  server.RaftServerConfigKeys (ConfUtils.java:logGet(43)) - raft.server.rpc.timeout.max = 5200ms (custom)
2019-10-04 12:47:54,660 [pool-619-thread-1] INFO  server.RaftServerConfigKeys (ConfUtils.java:logGet(43)) - raft.server.rpcslowness.timeout = 120s (custom)
2019-10-04 12:47:54,660 [pool-619-thread-1] INFO  server.RaftServerConfigKeys (ConfUtils.java:logGet(43)) - raft.server.sleep.deviation.threshold = 300 (default)
2019-10-04 12:47:54,661 [pool-619-thread-1] INFO  server.RaftServerConfigKeys (ConfUtils.java:logGet(43)) - raft.server.log.appender.install.snapshot.enabled = false (custom)
2019-10-04 12:47:54,661 [pool-619-thread-1] INFO  impl.RaftServerImpl (ServerState.java:<init>(103)) - 2efff099-baa6-464b-b5a1-77a261c7ed99@group-9D0A024EEA84: ConfigurationManager, init=-1: [2efff099-baa6-464b-b5a1-77a261c7ed99:192.168.5.134:36985], old=null, confs=<EMPTY_MAP>
2019-10-04 12:47:54,661 [pool-619-thread-1] INFO  server.RaftServerConfigKeys (ConfUtils.java:logGet(43)) - raft.server.storage.dir = [/workdir/hadoop-ozone/integration-test/target/test-dir/MiniOzoneClusterImpl-5635d10f-1327-44e0-ad77-5958a3ffe64f/datanode-3/data/ratis] (custom)
2019-10-04 12:47:54,661 [pool-619-thread-1] INFO  server.RaftServerConfigKeys (ConfUtils.java:logGet(43)) - raft.server.log.corruption.policy = EXCEPTION (default)
2019-10-04 12:47:54,661 [pool-619-thread-1] INFO  storage.RaftStorageDirectory (RaftStorageDirectory.java:analyzeStorage(246)) - The storage directory /workdir/hadoop-ozone/integration-test/target/test-dir/MiniOzoneClusterImpl-5635d10f-1327-44e0-ad77-5958a3ffe64f/datanode-3/data/ratis/78e831f6-9a49-4d50-b86a-9d0a024eea84 does not exist. Creating ...
2019-10-04 12:47:54,673 [pool-619-thread-1] INFO  storage.RaftStorageDirectory (RaftStorageDirectory.java:tryLock(328)) - Lock on /workdir/hadoop-ozone/integration-test/target/test-dir/MiniOzoneClusterImpl-5635d10f-1327-44e0-ad77-5958a3ffe64f/datanode-3/data/ratis/78e831f6-9a49-4d50-b86a-9d0a024eea84/in_use.lock acquired by nodename 29076@pr-hdds-2222-6c7sc-20480173
2019-10-04 12:47:54,677 [pool-619-thread-1] INFO  storage.RaftStorage (RaftStorage.java:format(84)) - Storage directory /workdir/hadoop-ozone/integration-test/target/test-dir/MiniOzoneClusterImpl-5635d10f-1327-44e0-ad77-5958a3ffe64f/datanode-3/data/ratis/78e831f6-9a49-4d50-b86a-9d0a024eea84 has been successfully formatted.
2019-10-04 12:47:54,677 [pool-619-thread-1] INFO  ratis.ContainerStateMachine (ContainerStateMachine.java:loadSnapshot(230)) - group-9D0A024EEA84: The snapshot info is null. Setting the last applied indexto:(t:0, i:~)
2019-10-04 12:47:54,678 [pool-619-thread-1] INFO  server.RaftServerConfigKeys (ConfUtils.java:logGet(43)) - raft.server.notification.no-leader.timeout = 120s (custom)
2019-10-04 12:47:54,678 [pool-619-thread-1] INFO  server.RaftServerConfigKeys (ConfUtils.java:logGet(43)) - raft.server.log.use.memory = false (default)
2019-10-04 12:47:54,678 [pool-619-thread-1] INFO  server.RaftServerConfigKeys (ConfUtils.java:logGet(43)) - raft.server.log.purge.gap = 1000000 (custom)
2019-10-04 12:47:54,678 [pool-619-thread-1] INFO  server.RaftServerConfigKeys (ConfUtils.java:logGet(43)) - raft.server.log.appender.buffer.byte-limit = 33554432 (custom)
2019-10-04 12:47:54,678 [pool-619-thread-1] INFO  server.RaftServerConfigKeys (ConfUtils.java:logGet(43)) - raft.server.log.segment.size.max = 1048576 (custom)
2019-10-04 12:47:54,679 [pool-619-thread-1] INFO  server.RaftServerConfigKeys (ConfUtils.java:logGet(43)) - raft.server.log.segment.cache.num.max = 2 (custom)
2019-10-04 12:47:54,680 [pool-619-thread-1] INFO  segmented.SegmentedRaftLogWorker (SegmentedRaftLogWorker.java:<init>(173)) - new 2efff099-baa6-464b-b5a1-77a261c7ed99@group-9D0A024EEA84-SegmentedRaftLogWorker for RaftStorage:Storage Directory /workdir/hadoop-ozone/integration-test/target/test-dir/MiniOzoneClusterImpl-5635d10f-1327-44e0-ad77-5958a3ffe64f/datanode-3/data/ratis/78e831f6-9a49-4d50-b86a-9d0a024eea84
2019-10-04 12:47:54,680 [pool-619-thread-1] INFO  server.RaftServerConfigKeys (ConfUtils.java:logGet(43)) - raft.server.log.queue.byte-limit = 2147483647 (custom)
2019-10-04 12:47:54,680 [pool-619-thread-1] INFO  server.RaftServerConfigKeys (ConfUtils.java:logGet(43)) - raft.server.log.queue.element-limit = 1024 (custom)
2019-10-04 12:47:54,680 [pool-619-thread-1] INFO  server.RaftServerConfigKeys (ConfUtils.java:logGet(43)) - raft.server.log.segment.size.max = 1048576 (custom)
2019-10-04 12:47:54,680 [pool-619-thread-1] INFO  server.RaftServerConfigKeys (ConfUtils.java:logGet(43)) - raft.server.log.preallocated.size = 16384 (custom)
2019-10-04 12:47:54,680 [pool-619-thread-1] INFO  server.RaftServerConfigKeys (ConfUtils.java:logGet(43)) - raft.server.log.write.buffer.size = 33554432 (custom)
2019-10-04 12:47:54,680 [pool-619-thread-1] INFO  server.RaftServerConfigKeys (ConfUtils.java:logGet(43)) - raft.server.log.force.sync.num = 128 (default)
2019-10-04 12:47:54,680 [pool-619-thread-1] INFO  server.RaftServerConfigKeys (ConfUtils.java:logGet(43)) - raft.server.log.statemachine.data.sync = true (default)
2019-10-04 12:47:54,681 [pool-619-thread-1] INFO  server.RaftServerConfigKeys (ConfUtils.java:logGet(43)) - raft.server.log.statemachine.data.sync.timeout = 10s (default)
2019-10-04 12:47:54,681 [pool-619-thread-1] INFO  server.RaftServerConfigKeys (ConfUtils.java:logGet(43)) - raft.server.log.statemachine.data.sync.timeout.retry = -1 (default)
2019-10-04 12:47:54,681 [pool-619-thread-1] INFO  server.RaftServerConfigKeys (ConfUtils.java:logGet(43)) - raft.server.log.statemachine.data.caching.enabled = true (custom)
2019-10-04 12:47:54,681 [pool-619-thread-1] INFO  segmented.SegmentedRaftLogWorker (SegmentedRaftLogWorker.java:lambda$new$0(128)) - 2efff099-baa6-464b-b5a1-77a261c7ed99@group-9D0A024EEA84-SegmentedRaftLogWorker: flushIndex: setUnconditionally 0 -> -1
2019-10-04 12:47:54,681 [pool-619-thread-1] INFO  server.RaftServerConfigKeys (ConfUtils.java:logGet(43)) - raft.server.snapshot.auto.trigger.enabled = true (custom)
2019-10-04 12:47:54,682 [pool-619-thread-1] INFO  server.RaftServerConfigKeys (ConfUtils.java:logGet(43)) - raft.server.snapshot.auto.trigger.threshold = 10000 (custom)
2019-10-04 12:47:54,682 [pool-619-thread-1] INFO  server.RaftServerConfigKeys (ConfUtils.java:logGet(43)) - raft.server.snapshot.retention.file.num = 5 (custom)
2019-10-04 12:47:54,682 [pool-619-thread-1] INFO  server.RaftServerConfigKeys (ConfUtils.java:logGet(43)) - raft.server.retrycache.expirytime = 600000ms (custom)
2019-10-04 12:47:54,683 [pool-619-thread-1] INFO  impl.RaftServerImpl (RaftServerImpl.java:start(181)) - 2efff099-baa6-464b-b5a1-77a261c7ed99@group-9D0A024EEA84: start as a follower, conf=-1: [2efff099-baa6-464b-b5a1-77a261c7ed99:192.168.5.134:36985], old=null
2019-10-04 12:47:54,683 [pool-619-thread-1] INFO  impl.RaftServerImpl (RaftServerImpl.java:setRole(170)) - 2efff099-baa6-464b-b5a1-77a261c7ed99@group-9D0A024EEA84: changes role from      null to FOLLOWER at term 0 for startAsFollower
2019-10-04 12:47:54,683 [pool-619-thread-1] INFO  impl.RoleInfo (RoleInfo.java:updateAndGet(143)) - 2efff099-baa6-464b-b5a1-77a261c7ed99: start FollowerState
2019-10-04 12:47:54,693 [pool-619-thread-1] INFO  util.JmxRegister (JmxRegister.java:tryRegister(44)) - Successfully registered JMX Bean with object name Ratis:service=RaftServer,group=group-9D0A024EEA84,id=2efff099-baa6-464b-b5a1-77a261c7ed99
2019-10-04 12:47:54,705 [RatisPipelineUtilsThread] INFO  pipeline.PipelineStateManager (PipelineStateManager.java:addPipeline(56)) - Created pipeline Pipeline[ Id: 78e831f6-9a49-4d50-b86a-9d0a024eea84, Nodes: 2efff099-baa6-464b-b5a1-77a261c7ed99{ip: 192.168.5.134, host: pr-hdds-2222-6c7sc-20480173, networkLocation: /default-rack, certSerialId: null}, Type:RATIS, Factor:ONE, State:OPEN]
2019-10-04 12:47:54,711 [grpc-default-executor-8] INFO  impl.RaftServerProxy (RaftServerProxy.java:addNew(89)) - f825efd4-c0fd-4bb3-a180-360f0e805f39: addNew group-E2EC3B3BA1DB:[f825efd4-c0fd-4bb3-a180-360f0e805f39:192.168.5.134:42550] returns group-E2EC3B3BA1DB:java.util.concurrent.CompletableFuture@6e833f21[Not completed]
2019-10-04 12:47:54,712 [pool-629-thread-1] INFO  impl.RaftServerImpl (RaftServerImpl.java:<init>(95)) - f825efd4-c0fd-4bb3-a180-360f0e805f39: new RaftServerImpl for group-E2EC3B3BA1DB:[f825efd4-c0fd-4bb3-a180-360f0e805f39:192.168.5.134:42550] with ContainerStateMachine:uninitialized
2019-10-04 12:47:54,712 [pool-629-thread-1] INFO  server.RaftServerConfigKeys (ConfUtils.java:logGet(43)) - raft.server.rpc.timeout.min = 5s (custom)
2019-10-04 12:47:54,712 [pool-629-thread-1] INFO  server.RaftServerConfigKeys (ConfUtils.java:logGet(43)) - raft.server.rpc.timeout.max = 5200ms (custom)
2019-10-04 12:47:54,712 [pool-629-thread-1] INFO  server.RaftServerConfigKeys (ConfUtils.java:logGet(43)) - raft.server.rpcslowness.timeout = 120s (custom)
2019-10-04 12:47:54,713 [pool-629-thread-1] INFO  server.RaftServerConfigKeys (ConfUtils.java:logGet(43)) - raft.server.sleep.deviation.threshold = 300 (default)
2019-10-04 12:47:54,713 [pool-629-thread-1] INFO  server.RaftServerConfigKeys (ConfUtils.java:logGet(43)) - raft.server.log.appender.install.snapshot.enabled = false (custom)
2019-10-04 12:47:54,713 [pool-629-thread-1] INFO  impl.RaftServerImpl (ServerState.java:<init>(103)) - f825efd4-c0fd-4bb3-a180-360f0e805f39@group-E2EC3B3BA1DB: ConfigurationManager, init=-1: [f825efd4-c0fd-4bb3-a180-360f0e805f39:192.168.5.134:42550], old=null, confs=<EMPTY_MAP>
2019-10-04 12:47:54,713 [pool-629-thread-1] INFO  server.RaftServerConfigKeys (ConfUtils.java:logGet(43)) - raft.server.storage.dir = [/workdir/hadoop-ozone/integration-test/target/test-dir/MiniOzoneClusterImpl-5635d10f-1327-44e0-ad77-5958a3ffe64f/datanode-4/data/ratis] (custom)
2019-10-04 12:47:54,713 [pool-629-thread-1] INFO  server.RaftServerConfigKeys (ConfUtils.java:logGet(43)) - raft.server.log.corruption.policy = EXCEPTION (default)
2019-10-04 12:47:54,713 [pool-629-thread-1] INFO  storage.RaftStorageDirectory (RaftStorageDirectory.java:analyzeStorage(246)) - The storage directory /workdir/hadoop-ozone/integration-test/target/test-dir/MiniOzoneClusterImpl-5635d10f-1327-44e0-ad77-5958a3ffe64f/datanode-4/data/ratis/6600e04b-d6a5-443e-bb50-e2ec3b3ba1db does not exist. Creating ...
2019-10-04 12:47:54,718 [pool-629-thread-1] INFO  storage.RaftStorageDirectory (RaftStorageDirectory.java:tryLock(328)) - Lock on /workdir/hadoop-ozone/integration-test/target/test-dir/MiniOzoneClusterImpl-5635d10f-1327-44e0-ad77-5958a3ffe64f/datanode-4/data/ratis/6600e04b-d6a5-443e-bb50-e2ec3b3ba1db/in_use.lock acquired by nodename 29076@pr-hdds-2222-6c7sc-20480173
2019-10-04 12:47:54,733 [IPC Server handler 2 on 40139] INFO  net.NetworkTopology (NetworkTopologyImpl.java:add(111)) - Added a new node: /default-rack/51dd3613-214f-48d9-8c41-f6a02a0d7e36
2019-10-04 12:47:54,734 [IPC Server handler 2 on 40139] INFO  node.SCMNodeManager (SCMNodeManager.java:register(266)) - Registered Data node : 51dd3613-214f-48d9-8c41-f6a02a0d7e36{ip: 192.168.5.134, host: pr-hdds-2222-6c7sc-20480173, networkLocation: /default-rack, certSerialId: null}
2019-10-04 12:47:54,736 [pool-629-thread-1] INFO  storage.RaftStorage (RaftStorage.java:format(84)) - Storage directory /workdir/hadoop-ozone/integration-test/target/test-dir/MiniOzoneClusterImpl-5635d10f-1327-44e0-ad77-5958a3ffe64f/datanode-4/data/ratis/6600e04b-d6a5-443e-bb50-e2ec3b3ba1db has been successfully formatted.
2019-10-04 12:47:54,738 [pool-629-thread-1] INFO  ratis.ContainerStateMachine (ContainerStateMachine.java:loadSnapshot(230)) - group-E2EC3B3BA1DB: The snapshot info is null. Setting the last applied indexto:(t:0, i:~)
2019-10-04 12:47:54,738 [pool-629-thread-1] INFO  server.RaftServerConfigKeys (ConfUtils.java:logGet(43)) - raft.server.notification.no-leader.timeout = 120s (custom)
2019-10-04 12:47:54,738 [pool-629-thread-1] INFO  server.RaftServerConfigKeys (ConfUtils.java:logGet(43)) - raft.server.log.use.memory = false (default)
2019-10-04 12:47:54,738 [pool-629-thread-1] INFO  server.RaftServerConfigKeys (ConfUtils.java:logGet(43)) - raft.server.log.purge.gap = 1000000 (custom)
2019-10-04 12:47:54,738 [pool-629-thread-1] INFO  server.RaftServerConfigKeys (ConfUtils.java:logGet(43)) - raft.server.log.appender.buffer.byte-limit = 33554432 (custom)
2019-10-04 12:47:54,739 [pool-629-thread-1] INFO  server.RaftServerConfigKeys (ConfUtils.java:logGet(43)) - raft.server.log.segment.size.max = 1048576 (custom)
2019-10-04 12:47:54,740 [pool-629-thread-1] INFO  server.RaftServerConfigKeys (ConfUtils.java:logGet(43)) - raft.server.log.segment.cache.num.max = 2 (custom)
2019-10-04 12:47:54,740 [pool-629-thread-1] INFO  segmented.SegmentedRaftLogWorker (SegmentedRaftLogWorker.java:<init>(173)) - new f825efd4-c0fd-4bb3-a180-360f0e805f39@group-E2EC3B3BA1DB-SegmentedRaftLogWorker for RaftStorage:Storage Directory /workdir/hadoop-ozone/integration-test/target/test-dir/MiniOzoneClusterImpl-5635d10f-1327-44e0-ad77-5958a3ffe64f/datanode-4/data/ratis/6600e04b-d6a5-443e-bb50-e2ec3b3ba1db
2019-10-04 12:47:54,740 [pool-629-thread-1] INFO  server.RaftServerConfigKeys (ConfUtils.java:logGet(43)) - raft.server.log.queue.byte-limit = 2147483647 (custom)
2019-10-04 12:47:54,740 [pool-629-thread-1] INFO  server.RaftServerConfigKeys (ConfUtils.java:logGet(43)) - raft.server.log.queue.element-limit = 1024 (custom)
2019-10-04 12:47:54,740 [pool-629-thread-1] INFO  server.RaftServerConfigKeys (ConfUtils.java:logGet(43)) - raft.server.log.segment.size.max = 1048576 (custom)
2019-10-04 12:47:54,741 [pool-629-thread-1] INFO  server.RaftServerConfigKeys (ConfUtils.java:logGet(43)) - raft.server.log.preallocated.size = 16384 (custom)
2019-10-04 12:47:54,741 [pool-629-thread-1] INFO  server.RaftServerConfigKeys (ConfUtils.java:logGet(43)) - raft.server.log.write.buffer.size = 33554432 (custom)
2019-10-04 12:47:54,741 [pool-629-thread-1] INFO  server.RaftServerConfigKeys (ConfUtils.java:logGet(43)) - raft.server.log.force.sync.num = 128 (default)
2019-10-04 12:47:54,741 [pool-629-thread-1] INFO  server.RaftServerConfigKeys (ConfUtils.java:logGet(43)) - raft.server.log.statemachine.data.sync = true (default)
2019-10-04 12:47:54,741 [pool-629-thread-1] INFO  server.RaftServerConfigKeys (ConfUtils.java:logGet(43)) - raft.server.log.statemachine.data.sync.timeout = 10s (default)
2019-10-04 12:47:54,741 [pool-629-thread-1] INFO  server.RaftServerConfigKeys (ConfUtils.java:logGet(43)) - raft.server.log.statemachine.data.sync.timeout.retry = -1 (default)
2019-10-04 12:47:54,741 [pool-629-thread-1] INFO  server.RaftServerConfigKeys (ConfUtils.java:logGet(43)) - raft.server.log.statemachine.data.caching.enabled = true (custom)
2019-10-04 12:47:54,742 [pool-629-thread-1] INFO  segmented.SegmentedRaftLogWorker (SegmentedRaftLogWorker.java:lambda$new$0(128)) - f825efd4-c0fd-4bb3-a180-360f0e805f39@group-E2EC3B3BA1DB-SegmentedRaftLogWorker: flushIndex: setUnconditionally 0 -> -1
2019-10-04 12:47:54,742 [pool-629-thread-1] INFO  server.RaftServerConfigKeys (ConfUtils.java:logGet(43)) - raft.server.snapshot.auto.trigger.enabled = true (custom)
2019-10-04 12:47:54,742 [pool-629-thread-1] INFO  server.RaftServerConfigKeys (ConfUtils.java:logGet(43)) - raft.server.snapshot.auto.trigger.threshold = 10000 (custom)
2019-10-04 12:47:54,742 [pool-629-thread-1] INFO  server.RaftServerConfigKeys (ConfUtils.java:logGet(43)) - raft.server.snapshot.retention.file.num = 5 (custom)
2019-10-04 12:47:54,742 [pool-629-thread-1] INFO  server.RaftServerConfigKeys (ConfUtils.java:logGet(43)) - raft.server.retrycache.expirytime = 600000ms (custom)
2019-10-04 12:47:54,743 [pool-629-thread-1] INFO  impl.RaftServerImpl (RaftServerImpl.java:start(181)) - f825efd4-c0fd-4bb3-a180-360f0e805f39@group-E2EC3B3BA1DB: start as a follower, conf=-1: [f825efd4-c0fd-4bb3-a180-360f0e805f39:192.168.5.134:42550], old=null
2019-10-04 12:47:54,743 [pool-629-thread-1] INFO  impl.RaftServerImpl (RaftServerImpl.java:setRole(170)) - f825efd4-c0fd-4bb3-a180-360f0e805f39@group-E2EC3B3BA1DB: changes role from      null to FOLLOWER at term 0 for startAsFollower
2019-10-04 12:47:54,744 [pool-629-thread-1] INFO  impl.RoleInfo (RoleInfo.java:updateAndGet(143)) - f825efd4-c0fd-4bb3-a180-360f0e805f39: start FollowerState
2019-10-04 12:47:54,744 [pool-629-thread-1] INFO  util.JmxRegister (JmxRegister.java:tryRegister(44)) - Successfully registered JMX Bean with object name Ratis:service=RaftServer,group=group-E2EC3B3BA1DB,id=f825efd4-c0fd-4bb3-a180-360f0e805f39
2019-10-04 12:47:54,747 [RatisPipelineUtilsThread] INFO  pipeline.PipelineStateManager (PipelineStateManager.java:addPipeline(56)) - Created pipeline Pipeline[ Id: 6600e04b-d6a5-443e-bb50-e2ec3b3ba1db, Nodes: f825efd4-c0fd-4bb3-a180-360f0e805f39{ip: 192.168.5.134, host: pr-hdds-2222-6c7sc-20480173, networkLocation: /default-rack, certSerialId: null}, Type:RATIS, Factor:ONE, State:OPEN]
2019-10-04 12:47:54,759 [grpc-default-executor-8] INFO  impl.RaftServerProxy (RaftServerProxy.java:addNew(89)) - 51dd3613-214f-48d9-8c41-f6a02a0d7e36: addNew group-C187A73AAFDC:[51dd3613-214f-48d9-8c41-f6a02a0d7e36:192.168.5.134:41960] returns group-C187A73AAFDC:java.util.concurrent.CompletableFuture@6a234f80[Not completed]
2019-10-04 12:47:54,760 [pool-639-thread-1] INFO  impl.RaftServerImpl (RaftServerImpl.java:<init>(95)) - 51dd3613-214f-48d9-8c41-f6a02a0d7e36: new RaftServerImpl for group-C187A73AAFDC:[51dd3613-214f-48d9-8c41-f6a02a0d7e36:192.168.5.134:41960] with ContainerStateMachine:uninitialized
2019-10-04 12:47:54,760 [pool-639-thread-1] INFO  server.RaftServerConfigKeys (ConfUtils.java:logGet(43)) - raft.server.rpc.timeout.min = 5s (custom)
2019-10-04 12:47:54,760 [pool-639-thread-1] INFO  server.RaftServerConfigKeys (ConfUtils.java:logGet(43)) - raft.server.rpc.timeout.max = 5200ms (custom)
2019-10-04 12:47:54,761 [pool-639-thread-1] INFO  server.RaftServerConfigKeys (ConfUtils.java:logGet(43)) - raft.server.rpcslowness.timeout = 120s (custom)
2019-10-04 12:47:54,761 [pool-639-thread-1] INFO  server.RaftServerConfigKeys (ConfUtils.java:logGet(43)) - raft.server.sleep.deviation.threshold = 300 (default)
2019-10-04 12:47:54,761 [pool-639-thread-1] INFO  server.RaftServerConfigKeys (ConfUtils.java:logGet(43)) - raft.server.log.appender.install.snapshot.enabled = false (custom)
2019-10-04 12:47:54,761 [pool-639-thread-1] INFO  impl.RaftServerImpl (ServerState.java:<init>(103)) - 51dd3613-214f-48d9-8c41-f6a02a0d7e36@group-C187A73AAFDC: ConfigurationManager, init=-1: [51dd3613-214f-48d9-8c41-f6a02a0d7e36:192.168.5.134:41960], old=null, confs=<EMPTY_MAP>
2019-10-04 12:47:54,761 [pool-639-thread-1] INFO  server.RaftServerConfigKeys (ConfUtils.java:logGet(43)) - raft.server.storage.dir = [/workdir/hadoop-ozone/integration-test/target/test-dir/MiniOzoneClusterImpl-5635d10f-1327-44e0-ad77-5958a3ffe64f/datanode-5/data/ratis] (custom)
2019-10-04 12:47:54,761 [pool-639-thread-1] INFO  server.RaftServerConfigKeys (ConfUtils.java:logGet(43)) - raft.server.log.corruption.policy = EXCEPTION (default)
2019-10-04 12:47:54,761 [pool-639-thread-1] INFO  storage.RaftStorageDirectory (RaftStorageDirectory.java:analyzeStorage(246)) - The storage directory /workdir/hadoop-ozone/integration-test/target/test-dir/MiniOzoneClusterImpl-5635d10f-1327-44e0-ad77-5958a3ffe64f/datanode-5/data/ratis/89b5b368-e91c-41c5-aa27-c187a73aafdc does not exist. Creating ...
2019-10-04 12:47:54,776 [pool-639-thread-1] INFO  storage.RaftStorageDirectory (RaftStorageDirectory.java:tryLock(328)) - Lock on /workdir/hadoop-ozone/integration-test/target/test-dir/MiniOzoneClusterImpl-5635d10f-1327-44e0-ad77-5958a3ffe64f/datanode-5/data/ratis/89b5b368-e91c-41c5-aa27-c187a73aafdc/in_use.lock acquired by nodename 29076@pr-hdds-2222-6c7sc-20480173
2019-10-04 12:47:54,789 [pool-639-thread-1] INFO  storage.RaftStorage (RaftStorage.java:format(84)) - Storage directory /workdir/hadoop-ozone/integration-test/target/test-dir/MiniOzoneClusterImpl-5635d10f-1327-44e0-ad77-5958a3ffe64f/datanode-5/data/ratis/89b5b368-e91c-41c5-aa27-c187a73aafdc has been successfully formatted.
2019-10-04 12:47:54,789 [pool-639-thread-1] INFO  ratis.ContainerStateMachine (ContainerStateMachine.java:loadSnapshot(230)) - group-C187A73AAFDC: The snapshot info is null. Setting the last applied indexto:(t:0, i:~)
2019-10-04 12:47:54,789 [pool-639-thread-1] INFO  server.RaftServerConfigKeys (ConfUtils.java:logGet(43)) - raft.server.notification.no-leader.timeout = 120s (custom)
2019-10-04 12:47:54,789 [pool-639-thread-1] INFO  server.RaftServerConfigKeys (ConfUtils.java:logGet(43)) - raft.server.log.use.memory = false (default)
2019-10-04 12:47:54,789 [pool-639-thread-1] INFO  server.RaftServerConfigKeys (ConfUtils.java:logGet(43)) - raft.server.log.purge.gap = 1000000 (custom)
2019-10-04 12:47:54,789 [pool-639-thread-1] INFO  server.RaftServerConfigKeys (ConfUtils.java:logGet(43)) - raft.server.log.appender.buffer.byte-limit = 33554432 (custom)
2019-10-04 12:47:54,789 [pool-639-thread-1] INFO  server.RaftServerConfigKeys (ConfUtils.java:logGet(43)) - raft.server.log.segment.size.max = 1048576 (custom)
2019-10-04 12:47:54,791 [pool-639-thread-1] INFO  server.RaftServerConfigKeys (ConfUtils.java:logGet(43)) - raft.server.log.segment.cache.num.max = 2 (custom)
2019-10-04 12:47:54,791 [pool-639-thread-1] INFO  segmented.SegmentedRaftLogWorker (SegmentedRaftLogWorker.java:<init>(173)) - new 51dd3613-214f-48d9-8c41-f6a02a0d7e36@group-C187A73AAFDC-SegmentedRaftLogWorker for RaftStorage:Storage Directory /workdir/hadoop-ozone/integration-test/target/test-dir/MiniOzoneClusterImpl-5635d10f-1327-44e0-ad77-5958a3ffe64f/datanode-5/data/ratis/89b5b368-e91c-41c5-aa27-c187a73aafdc
2019-10-04 12:47:54,791 [pool-639-thread-1] INFO  server.RaftServerConfigKeys (ConfUtils.java:logGet(43)) - raft.server.log.queue.byte-limit = 2147483647 (custom)
2019-10-04 12:47:54,791 [pool-639-thread-1] INFO  server.RaftServerConfigKeys (ConfUtils.java:logGet(43)) - raft.server.log.queue.element-limit = 1024 (custom)
2019-10-04 12:47:54,791 [pool-639-thread-1] INFO  server.RaftServerConfigKeys (ConfUtils.java:logGet(43)) - raft.server.log.segment.size.max = 1048576 (custom)
2019-10-04 12:47:54,791 [pool-639-thread-1] INFO  server.RaftServerConfigKeys (ConfUtils.java:logGet(43)) - raft.server.log.preallocated.size = 16384 (custom)
2019-10-04 12:47:54,791 [pool-639-thread-1] INFO  server.RaftServerConfigKeys (ConfUtils.java:logGet(43)) - raft.server.log.write.buffer.size = 33554432 (custom)
2019-10-04 12:47:54,791 [pool-639-thread-1] INFO  server.RaftServerConfigKeys (ConfUtils.java:logGet(43)) - raft.server.log.force.sync.num = 128 (default)
2019-10-04 12:47:54,791 [pool-639-thread-1] INFO  server.RaftServerConfigKeys (ConfUtils.java:logGet(43)) - raft.server.log.statemachine.data.sync = true (default)
2019-10-04 12:47:54,792 [pool-639-thread-1] INFO  server.RaftServerConfigKeys (ConfUtils.java:logGet(43)) - raft.server.log.statemachine.data.sync.timeout = 10s (default)
2019-10-04 12:47:54,792 [pool-639-thread-1] INFO  server.RaftServerConfigKeys (ConfUtils.java:logGet(43)) - raft.server.log.statemachine.data.sync.timeout.retry = -1 (default)
2019-10-04 12:47:54,792 [pool-639-thread-1] INFO  server.RaftServerConfigKeys (ConfUtils.java:logGet(43)) - raft.server.log.statemachine.data.caching.enabled = true (custom)
2019-10-04 12:47:54,792 [pool-639-thread-1] INFO  segmented.SegmentedRaftLogWorker (SegmentedRaftLogWorker.java:lambda$new$0(128)) - 51dd3613-214f-48d9-8c41-f6a02a0d7e36@group-C187A73AAFDC-SegmentedRaftLogWorker: flushIndex: setUnconditionally 0 -> -1
2019-10-04 12:47:54,792 [pool-639-thread-1] INFO  server.RaftServerConfigKeys (ConfUtils.java:logGet(43)) - raft.server.snapshot.auto.trigger.enabled = true (custom)
2019-10-04 12:47:54,793 [pool-639-thread-1] INFO  server.RaftServerConfigKeys (ConfUtils.java:logGet(43)) - raft.server.snapshot.auto.trigger.threshold = 10000 (custom)
2019-10-04 12:47:54,793 [pool-639-thread-1] INFO  server.RaftServerConfigKeys (ConfUtils.java:logGet(43)) - raft.server.snapshot.retention.file.num = 5 (custom)
2019-10-04 12:47:54,793 [pool-639-thread-1] INFO  server.RaftServerConfigKeys (ConfUtils.java:logGet(43)) - raft.server.retrycache.expirytime = 600000ms (custom)
2019-10-04 12:47:54,794 [pool-639-thread-1] INFO  impl.RaftServerImpl (RaftServerImpl.java:start(181)) - 51dd3613-214f-48d9-8c41-f6a02a0d7e36@group-C187A73AAFDC: start as a follower, conf=-1: [51dd3613-214f-48d9-8c41-f6a02a0d7e36:192.168.5.134:41960], old=null
2019-10-04 12:47:54,794 [pool-639-thread-1] INFO  impl.RaftServerImpl (RaftServerImpl.java:setRole(170)) - 51dd3613-214f-48d9-8c41-f6a02a0d7e36@group-C187A73AAFDC: changes role from      null to FOLLOWER at term 0 for startAsFollower
2019-10-04 12:47:54,794 [pool-639-thread-1] INFO  impl.RoleInfo (RoleInfo.java:updateAndGet(143)) - 51dd3613-214f-48d9-8c41-f6a02a0d7e36: start FollowerState
2019-10-04 12:47:54,795 [pool-639-thread-1] INFO  util.JmxRegister (JmxRegister.java:tryRegister(44)) - Successfully registered JMX Bean with object name Ratis:service=RaftServer,group=group-C187A73AAFDC,id=51dd3613-214f-48d9-8c41-f6a02a0d7e36
2019-10-04 12:47:54,798 [RatisPipelineUtilsThread] INFO  pipeline.PipelineStateManager (PipelineStateManager.java:addPipeline(56)) - Created pipeline Pipeline[ Id: 89b5b368-e91c-41c5-aa27-c187a73aafdc, Nodes: 51dd3613-214f-48d9-8c41-f6a02a0d7e36{ip: 192.168.5.134, host: pr-hdds-2222-6c7sc-20480173, networkLocation: /default-rack, certSerialId: null}, Type:RATIS, Factor:ONE, State:OPEN]
2019-10-04 12:47:54,810 [main] INFO  ozone.MiniOzoneClusterImpl (MiniOzoneClusterImpl.java:lambda$waitForClusterToBeReady$0(147)) - Waiting for cluster to be ready. Got 6 of 7 DN Heartbeats.
2019-10-04 12:47:54,810 [grpc-default-executor-9] INFO  impl.RaftServerProxy (RaftServerProxy.java:addNew(89)) - f825efd4-c0fd-4bb3-a180-360f0e805f39: addNew group-545EE777F559:[2efff099-baa6-464b-b5a1-77a261c7ed99:192.168.5.134:36985, 51dd3613-214f-48d9-8c41-f6a02a0d7e36:192.168.5.134:41960, f825efd4-c0fd-4bb3-a180-360f0e805f39:192.168.5.134:42550] returns group-545EE777F559:java.util.concurrent.CompletableFuture@203d910f[Not completed]
2019-10-04 12:47:54,810 [grpc-default-executor-8] INFO  impl.RaftServerProxy (RaftServerProxy.java:addNew(89)) - 51dd3613-214f-48d9-8c41-f6a02a0d7e36: addNew group-545EE777F559:[2efff099-baa6-464b-b5a1-77a261c7ed99:192.168.5.134:36985, 51dd3613-214f-48d9-8c41-f6a02a0d7e36:192.168.5.134:41960, f825efd4-c0fd-4bb3-a180-360f0e805f39:192.168.5.134:42550] returns group-545EE777F559:java.util.concurrent.CompletableFuture@7a1f4ba2[Not completed]
2019-10-04 12:47:54,810 [grpc-default-executor-10] INFO  impl.RaftServerProxy (RaftServerProxy.java:addNew(89)) - 2efff099-baa6-464b-b5a1-77a261c7ed99: addNew group-545EE777F559:[2efff099-baa6-464b-b5a1-77a261c7ed99:192.168.5.134:36985, 51dd3613-214f-48d9-8c41-f6a02a0d7e36:192.168.5.134:41960, f825efd4-c0fd-4bb3-a180-360f0e805f39:192.168.5.134:42550] returns group-545EE777F559:java.util.concurrent.CompletableFuture@6fa53a69[Not completed]
2019-10-04 12:47:54,810 [IPC Server handler 3 on 40139] INFO  net.NetworkTopology (NetworkTopologyImpl.java:add(111)) - Added a new node: /default-rack/4a2d5f32-70e6-464b-abcb-26f14989e5bb
2019-10-04 12:47:54,811 [pool-619-thread-1] INFO  impl.RaftServerImpl (RaftServerImpl.java:<init>(95)) - 2efff099-baa6-464b-b5a1-77a261c7ed99: new RaftServerImpl for group-545EE777F559:[2efff099-baa6-464b-b5a1-77a261c7ed99:192.168.5.134:36985, 51dd3613-214f-48d9-8c41-f6a02a0d7e36:192.168.5.134:41960, f825efd4-c0fd-4bb3-a180-360f0e805f39:192.168.5.134:42550] with ContainerStateMachine:uninitialized
2019-10-04 12:47:54,811 [IPC Server handler 3 on 40139] INFO  node.SCMNodeManager (SCMNodeManager.java:register(266)) - Registered Data node : 4a2d5f32-70e6-464b-abcb-26f14989e5bb{ip: 192.168.5.134, host: pr-hdds-2222-6c7sc-20480173, networkLocation: /default-rack, certSerialId: null}
2019-10-04 12:47:54,811 [pool-619-thread-1] INFO  server.RaftServerConfigKeys (ConfUtils.java:logGet(43)) - raft.server.rpc.timeout.min = 5s (custom)
2019-10-04 12:47:54,812 [pool-619-thread-1] INFO  server.RaftServerConfigKeys (ConfUtils.java:logGet(43)) - raft.server.rpc.timeout.max = 5200ms (custom)
2019-10-04 12:47:54,812 [pool-619-thread-1] INFO  server.RaftServerConfigKeys (ConfUtils.java:logGet(43)) - raft.server.rpcslowness.timeout = 120s (custom)
2019-10-04 12:47:54,812 [pool-619-thread-1] INFO  server.RaftServerConfigKeys (ConfUtils.java:logGet(43)) - raft.server.sleep.deviation.threshold = 300 (default)
2019-10-04 12:47:54,812 [pool-629-thread-1] INFO  impl.RaftServerImpl (RaftServerImpl.java:<init>(95)) - f825efd4-c0fd-4bb3-a180-360f0e805f39: new RaftServerImpl for group-545EE777F559:[2efff099-baa6-464b-b5a1-77a261c7ed99:192.168.5.134:36985, 51dd3613-214f-48d9-8c41-f6a02a0d7e36:192.168.5.134:41960, f825efd4-c0fd-4bb3-a180-360f0e805f39:192.168.5.134:42550] with ContainerStateMachine:uninitialized
2019-10-04 12:47:54,812 [pool-619-thread-1] INFO  server.RaftServerConfigKeys (ConfUtils.java:logGet(43)) - raft.server.log.appender.install.snapshot.enabled = false (custom)
2019-10-04 12:47:54,812 [pool-629-thread-1] INFO  server.RaftServerConfigKeys (ConfUtils.java:logGet(43)) - raft.server.rpc.timeout.min = 5s (custom)
2019-10-04 12:47:54,812 [pool-619-thread-1] INFO  impl.RaftServerImpl (ServerState.java:<init>(103)) - 2efff099-baa6-464b-b5a1-77a261c7ed99@group-545EE777F559: ConfigurationManager, init=-1: [2efff099-baa6-464b-b5a1-77a261c7ed99:192.168.5.134:36985, 51dd3613-214f-48d9-8c41-f6a02a0d7e36:192.168.5.134:41960, f825efd4-c0fd-4bb3-a180-360f0e805f39:192.168.5.134:42550], old=null, confs=<EMPTY_MAP>
2019-10-04 12:47:54,812 [pool-629-thread-1] INFO  server.RaftServerConfigKeys (ConfUtils.java:logGet(43)) - raft.server.rpc.timeout.max = 5200ms (custom)
2019-10-04 12:47:54,812 [pool-639-thread-1] INFO  impl.RaftServerImpl (RaftServerImpl.java:<init>(95)) - 51dd3613-214f-48d9-8c41-f6a02a0d7e36: new RaftServerImpl for group-545EE777F559:[2efff099-baa6-464b-b5a1-77a261c7ed99:192.168.5.134:36985, 51dd3613-214f-48d9-8c41-f6a02a0d7e36:192.168.5.134:41960, f825efd4-c0fd-4bb3-a180-360f0e805f39:192.168.5.134:42550] with ContainerStateMachine:uninitialized
2019-10-04 12:47:54,812 [pool-619-thread-1] INFO  server.RaftServerConfigKeys (ConfUtils.java:logGet(43)) - raft.server.storage.dir = [/workdir/hadoop-ozone/integration-test/target/test-dir/MiniOzoneClusterImpl-5635d10f-1327-44e0-ad77-5958a3ffe64f/datanode-3/data/ratis] (custom)
2019-10-04 12:47:54,813 [pool-639-thread-1] INFO  server.RaftServerConfigKeys (ConfUtils.java:logGet(43)) - raft.server.rpc.timeout.min = 5s (custom)
2019-10-04 12:47:54,812 [pool-629-thread-1] INFO  server.RaftServerConfigKeys (ConfUtils.java:logGet(43)) - raft.server.rpcslowness.timeout = 120s (custom)
2019-10-04 12:47:54,813 [pool-619-thread-1] INFO  server.RaftServerConfigKeys (ConfUtils.java:logGet(43)) - raft.server.log.corruption.policy = EXCEPTION (default)
2019-10-04 12:47:54,813 [pool-639-thread-1] INFO  server.RaftServerConfigKeys (ConfUtils.java:logGet(43)) - raft.server.rpc.timeout.max = 5200ms (custom)
2019-10-04 12:47:54,813 [pool-619-thread-1] INFO  storage.RaftStorageDirectory (RaftStorageDirectory.java:analyzeStorage(246)) - The storage directory /workdir/hadoop-ozone/integration-test/target/test-dir/MiniOzoneClusterImpl-5635d10f-1327-44e0-ad77-5958a3ffe64f/datanode-3/data/ratis/b060f6f5-a250-451a-aecb-545ee777f559 does not exist. Creating ...
2019-10-04 12:47:54,813 [pool-629-thread-1] INFO  server.RaftServerConfigKeys (ConfUtils.java:logGet(43)) - raft.server.sleep.deviation.threshold = 300 (default)
2019-10-04 12:47:54,813 [pool-639-thread-1] INFO  server.RaftServerConfigKeys (ConfUtils.java:logGet(43)) - raft.server.rpcslowness.timeout = 120s (custom)
2019-10-04 12:47:54,813 [pool-629-thread-1] INFO  server.RaftServerConfigKeys (ConfUtils.java:logGet(43)) - raft.server.log.appender.install.snapshot.enabled = false (custom)
2019-10-04 12:47:54,813 [pool-639-thread-1] INFO  server.RaftServerConfigKeys (ConfUtils.java:logGet(43)) - raft.server.sleep.deviation.threshold = 300 (default)
2019-10-04 12:47:54,813 [pool-629-thread-1] INFO  impl.RaftServerImpl (ServerState.java:<init>(103)) - f825efd4-c0fd-4bb3-a180-360f0e805f39@group-545EE777F559: ConfigurationManager, init=-1: [2efff099-baa6-464b-b5a1-77a261c7ed99:192.168.5.134:36985, 51dd3613-214f-48d9-8c41-f6a02a0d7e36:192.168.5.134:41960, f825efd4-c0fd-4bb3-a180-360f0e805f39:192.168.5.134:42550], old=null, confs=<EMPTY_MAP>
2019-10-04 12:47:54,813 [pool-639-thread-1] INFO  server.RaftServerConfigKeys (ConfUtils.java:logGet(43)) - raft.server.log.appender.install.snapshot.enabled = false (custom)
2019-10-04 12:47:54,814 [pool-629-thread-1] INFO  server.RaftServerConfigKeys (ConfUtils.java:logGet(43)) - raft.server.storage.dir = [/workdir/hadoop-ozone/integration-test/target/test-dir/MiniOzoneClusterImpl-5635d10f-1327-44e0-ad77-5958a3ffe64f/datanode-4/data/ratis] (custom)
2019-10-04 12:47:54,814 [pool-639-thread-1] INFO  impl.RaftServerImpl (ServerState.java:<init>(103)) - 51dd3613-214f-48d9-8c41-f6a02a0d7e36@group-545EE777F559: ConfigurationManager, init=-1: [2efff099-baa6-464b-b5a1-77a261c7ed99:192.168.5.134:36985, 51dd3613-214f-48d9-8c41-f6a02a0d7e36:192.168.5.134:41960, f825efd4-c0fd-4bb3-a180-360f0e805f39:192.168.5.134:42550], old=null, confs=<EMPTY_MAP>
2019-10-04 12:47:54,814 [pool-629-thread-1] INFO  server.RaftServerConfigKeys (ConfUtils.java:logGet(43)) - raft.server.log.corruption.policy = EXCEPTION (default)
2019-10-04 12:47:54,814 [pool-639-thread-1] INFO  server.RaftServerConfigKeys (ConfUtils.java:logGet(43)) - raft.server.storage.dir = [/workdir/hadoop-ozone/integration-test/target/test-dir/MiniOzoneClusterImpl-5635d10f-1327-44e0-ad77-5958a3ffe64f/datanode-5/data/ratis] (custom)
2019-10-04 12:47:54,814 [pool-629-thread-1] INFO  storage.RaftStorageDirectory (RaftStorageDirectory.java:analyzeStorage(246)) - The storage directory /workdir/hadoop-ozone/integration-test/target/test-dir/MiniOzoneClusterImpl-5635d10f-1327-44e0-ad77-5958a3ffe64f/datanode-4/data/ratis/b060f6f5-a250-451a-aecb-545ee777f559 does not exist. Creating ...
2019-10-04 12:47:54,814 [pool-639-thread-1] INFO  server.RaftServerConfigKeys (ConfUtils.java:logGet(43)) - raft.server.log.corruption.policy = EXCEPTION (default)
2019-10-04 12:47:54,814 [pool-639-thread-1] INFO  storage.RaftStorageDirectory (RaftStorageDirectory.java:analyzeStorage(246)) - The storage directory /workdir/hadoop-ozone/integration-test/target/test-dir/MiniOzoneClusterImpl-5635d10f-1327-44e0-ad77-5958a3ffe64f/datanode-5/data/ratis/b060f6f5-a250-451a-aecb-545ee777f559 does not exist. Creating ...
2019-10-04 12:47:54,838 [pool-619-thread-1] INFO  storage.RaftStorageDirectory (RaftStorageDirectory.java:tryLock(328)) - Lock on /workdir/hadoop-ozone/integration-test/target/test-dir/MiniOzoneClusterImpl-5635d10f-1327-44e0-ad77-5958a3ffe64f/datanode-3/data/ratis/b060f6f5-a250-451a-aecb-545ee777f559/in_use.lock acquired by nodename 29076@pr-hdds-2222-6c7sc-20480173
2019-10-04 12:47:54,838 [pool-629-thread-1] INFO  storage.RaftStorageDirectory (RaftStorageDirectory.java:tryLock(328)) - Lock on /workdir/hadoop-ozone/integration-test/target/test-dir/MiniOzoneClusterImpl-5635d10f-1327-44e0-ad77-5958a3ffe64f/datanode-4/data/ratis/b060f6f5-a250-451a-aecb-545ee777f559/in_use.lock acquired by nodename 29076@pr-hdds-2222-6c7sc-20480173
2019-10-04 12:47:54,838 [pool-639-thread-1] INFO  storage.RaftStorageDirectory (RaftStorageDirectory.java:tryLock(328)) - Lock on /workdir/hadoop-ozone/integration-test/target/test-dir/MiniOzoneClusterImpl-5635d10f-1327-44e0-ad77-5958a3ffe64f/datanode-5/data/ratis/b060f6f5-a250-451a-aecb-545ee777f559/in_use.lock acquired by nodename 29076@pr-hdds-2222-6c7sc-20480173
2019-10-04 12:47:54,864 [pool-619-thread-1] INFO  storage.RaftStorage (RaftStorage.java:format(84)) - Storage directory /workdir/hadoop-ozone/integration-test/target/test-dir/MiniOzoneClusterImpl-5635d10f-1327-44e0-ad77-5958a3ffe64f/datanode-3/data/ratis/b060f6f5-a250-451a-aecb-545ee777f559 has been successfully formatted.
2019-10-04 12:47:54,864 [pool-639-thread-1] INFO  storage.RaftStorage (RaftStorage.java:format(84)) - Storage directory /workdir/hadoop-ozone/integration-test/target/test-dir/MiniOzoneClusterImpl-5635d10f-1327-44e0-ad77-5958a3ffe64f/datanode-5/data/ratis/b060f6f5-a250-451a-aecb-545ee777f559 has been successfully formatted.
2019-10-04 12:47:54,864 [pool-629-thread-1] INFO  storage.RaftStorage (RaftStorage.java:format(84)) - Storage directory /workdir/hadoop-ozone/integration-test/target/test-dir/MiniOzoneClusterImpl-5635d10f-1327-44e0-ad77-5958a3ffe64f/datanode-4/data/ratis/b060f6f5-a250-451a-aecb-545ee777f559 has been successfully formatted.
2019-10-04 12:47:54,864 [pool-619-thread-1] INFO  ratis.ContainerStateMachine (ContainerStateMachine.java:loadSnapshot(230)) - group-545EE777F559: The snapshot info is null. Setting the last applied indexto:(t:0, i:~)
2019-10-04 12:47:54,864 [pool-629-thread-1] INFO  ratis.ContainerStateMachine (ContainerStateMachine.java:loadSnapshot(230)) - group-545EE777F559: The snapshot info is null. Setting the last applied indexto:(t:0, i:~)
2019-10-04 12:47:54,864 [pool-619-thread-1] INFO  server.RaftServerConfigKeys (ConfUtils.java:logGet(43)) - raft.server.notification.no-leader.timeout = 120s (custom)
2019-10-04 12:47:54,865 [pool-619-thread-1] INFO  server.RaftServerConfigKeys (ConfUtils.java:logGet(43)) - raft.server.log.use.memory = false (default)
2019-10-04 12:47:54,864 [pool-639-thread-1] INFO  ratis.ContainerStateMachine (ContainerStateMachine.java:loadSnapshot(230)) - group-545EE777F559: The snapshot info is null. Setting the last applied indexto:(t:0, i:~)
2019-10-04 12:47:54,865 [pool-619-thread-1] INFO  server.RaftServerConfigKeys (ConfUtils.java:logGet(43)) - raft.server.log.purge.gap = 1000000 (custom)
2019-10-04 12:47:54,865 [pool-629-thread-1] INFO  server.RaftServerConfigKeys (ConfUtils.java:logGet(43)) - raft.server.notification.no-leader.timeout = 120s (custom)
2019-10-04 12:47:54,865 [pool-619-thread-1] INFO  server.RaftServerConfigKeys (ConfUtils.java:logGet(43)) - raft.server.log.appender.buffer.byte-limit = 33554432 (custom)
2019-10-04 12:47:54,865 [pool-639-thread-1] INFO  server.RaftServerConfigKeys (ConfUtils.java:logGet(43)) - raft.server.notification.no-leader.timeout = 120s (custom)
2019-10-04 12:47:54,865 [pool-619-thread-1] INFO  server.RaftServerConfigKeys (ConfUtils.java:logGet(43)) - raft.server.log.segment.size.max = 1048576 (custom)
2019-10-04 12:47:54,865 [pool-629-thread-1] INFO  server.RaftServerConfigKeys (ConfUtils.java:logGet(43)) - raft.server.log.use.memory = false (default)
2019-10-04 12:47:54,866 [pool-619-thread-1] INFO  server.RaftServerConfigKeys (ConfUtils.java:logGet(43)) - raft.server.log.segment.cache.num.max = 2 (custom)
2019-10-04 12:47:54,865 [pool-639-thread-1] INFO  server.RaftServerConfigKeys (ConfUtils.java:logGet(43)) - raft.server.log.use.memory = false (default)
2019-10-04 12:47:54,866 [pool-619-thread-1] INFO  segmented.SegmentedRaftLogWorker (SegmentedRaftLogWorker.java:<init>(173)) - new 2efff099-baa6-464b-b5a1-77a261c7ed99@group-545EE777F559-SegmentedRaftLogWorker for RaftStorage:Storage Directory /workdir/hadoop-ozone/integration-test/target/test-dir/MiniOzoneClusterImpl-5635d10f-1327-44e0-ad77-5958a3ffe64f/datanode-3/data/ratis/b060f6f5-a250-451a-aecb-545ee777f559
2019-10-04 12:47:54,866 [pool-629-thread-1] INFO  server.RaftServerConfigKeys (ConfUtils.java:logGet(43)) - raft.server.log.purge.gap = 1000000 (custom)
2019-10-04 12:47:54,866 [pool-619-thread-1] INFO  server.RaftServerConfigKeys (ConfUtils.java:logGet(43)) - raft.server.log.queue.byte-limit = 2147483647 (custom)
2019-10-04 12:47:54,866 [pool-639-thread-1] INFO  server.RaftServerConfigKeys (ConfUtils.java:logGet(43)) - raft.server.log.purge.gap = 1000000 (custom)
2019-10-04 12:47:54,866 [pool-619-thread-1] INFO  server.RaftServerConfigKeys (ConfUtils.java:logGet(43)) - raft.server.log.queue.element-limit = 1024 (custom)
2019-10-04 12:47:54,866 [pool-629-thread-1] INFO  server.RaftServerConfigKeys (ConfUtils.java:logGet(43)) - raft.server.log.appender.buffer.byte-limit = 33554432 (custom)
2019-10-04 12:47:54,867 [pool-619-thread-1] INFO  server.RaftServerConfigKeys (ConfUtils.java:logGet(43)) - raft.server.log.segment.size.max = 1048576 (custom)
2019-10-04 12:47:54,867 [pool-639-thread-1] INFO  server.RaftServerConfigKeys (ConfUtils.java:logGet(43)) - raft.server.log.appender.buffer.byte-limit = 33554432 (custom)
2019-10-04 12:47:54,867 [pool-619-thread-1] INFO  server.RaftServerConfigKeys (ConfUtils.java:logGet(43)) - raft.server.log.preallocated.size = 16384 (custom)
2019-10-04 12:47:54,867 [pool-629-thread-1] INFO  server.RaftServerConfigKeys (ConfUtils.java:logGet(43)) - raft.server.log.segment.size.max = 1048576 (custom)
2019-10-04 12:47:54,867 [pool-619-thread-1] INFO  server.RaftServerConfigKeys (ConfUtils.java:logGet(43)) - raft.server.log.write.buffer.size = 33554432 (custom)
2019-10-04 12:47:54,867 [pool-639-thread-1] INFO  server.RaftServerConfigKeys (ConfUtils.java:logGet(43)) - raft.server.log.segment.size.max = 1048576 (custom)
2019-10-04 12:47:54,868 [pool-619-thread-1] INFO  server.RaftServerConfigKeys (ConfUtils.java:logGet(43)) - raft.server.log.force.sync.num = 128 (default)
2019-10-04 12:47:54,867 [pool-629-thread-1] INFO  server.RaftServerConfigKeys (ConfUtils.java:logGet(43)) - raft.server.log.segment.cache.num.max = 2 (custom)
2019-10-04 12:47:54,868 [pool-619-thread-1] INFO  server.RaftServerConfigKeys (ConfUtils.java:logGet(43)) - raft.server.log.statemachine.data.sync = true (default)
2019-10-04 12:47:54,868 [pool-639-thread-1] INFO  server.RaftServerConfigKeys (ConfUtils.java:logGet(43)) - raft.server.log.segment.cache.num.max = 2 (custom)
2019-10-04 12:47:54,868 [pool-619-thread-1] INFO  server.RaftServerConfigKeys (ConfUtils.java:logGet(43)) - raft.server.log.statemachine.data.sync.timeout = 10s (default)
2019-10-04 12:47:54,868 [pool-629-thread-1] INFO  segmented.SegmentedRaftLogWorker (SegmentedRaftLogWorker.java:<init>(173)) - new f825efd4-c0fd-4bb3-a180-360f0e805f39@group-545EE777F559-SegmentedRaftLogWorker for RaftStorage:Storage Directory /workdir/hadoop-ozone/integration-test/target/test-dir/MiniOzoneClusterImpl-5635d10f-1327-44e0-ad77-5958a3ffe64f/datanode-4/data/ratis/b060f6f5-a250-451a-aecb-545ee777f559
2019-10-04 12:47:54,868 [pool-619-thread-1] INFO  server.RaftServerConfigKeys (ConfUtils.java:logGet(43)) - raft.server.log.statemachine.data.sync.timeout.retry = -1 (default)
2019-10-04 12:47:54,868 [pool-639-thread-1] INFO  segmented.SegmentedRaftLogWorker (SegmentedRaftLogWorker.java:<init>(173)) - new 51dd3613-214f-48d9-8c41-f6a02a0d7e36@group-545EE777F559-SegmentedRaftLogWorker for RaftStorage:Storage Directory /workdir/hadoop-ozone/integration-test/target/test-dir/MiniOzoneClusterImpl-5635d10f-1327-44e0-ad77-5958a3ffe64f/datanode-5/data/ratis/b060f6f5-a250-451a-aecb-545ee777f559
2019-10-04 12:47:54,869 [pool-619-thread-1] INFO  server.RaftServerConfigKeys (ConfUtils.java:logGet(43)) - raft.server.log.statemachine.data.caching.enabled = true (custom)
2019-10-04 12:47:54,869 [pool-629-thread-1] INFO  server.RaftServerConfigKeys (ConfUtils.java:logGet(43)) - raft.server.log.queue.byte-limit = 2147483647 (custom)
2019-10-04 12:47:54,869 [pool-619-thread-1] INFO  segmented.SegmentedRaftLogWorker (SegmentedRaftLogWorker.java:lambda$new$0(128)) - 2efff099-baa6-464b-b5a1-77a261c7ed99@group-545EE777F559-SegmentedRaftLogWorker: flushIndex: setUnconditionally 0 -> -1
2019-10-04 12:47:54,869 [pool-639-thread-1] INFO  server.RaftServerConfigKeys (ConfUtils.java:logGet(43)) - raft.server.log.queue.byte-limit = 2147483647 (custom)
2019-10-04 12:47:54,869 [pool-619-thread-1] INFO  server.RaftServerConfigKeys (ConfUtils.java:logGet(43)) - raft.server.snapshot.auto.trigger.enabled = true (custom)
2019-10-04 12:47:54,869 [pool-629-thread-1] INFO  server.RaftServerConfigKeys (ConfUtils.java:logGet(43)) - raft.server.log.queue.element-limit = 1024 (custom)
2019-10-04 12:47:54,870 [pool-619-thread-1] INFO  server.RaftServerConfigKeys (ConfUtils.java:logGet(43)) - raft.server.snapshot.auto.trigger.threshold = 10000 (custom)
2019-10-04 12:47:54,869 [pool-639-thread-1] INFO  server.RaftServerConfigKeys (ConfUtils.java:logGet(43)) - raft.server.log.queue.element-limit = 1024 (custom)
2019-10-04 12:47:54,870 [pool-619-thread-1] INFO  server.RaftServerConfigKeys (ConfUtils.java:logGet(43)) - raft.server.snapshot.retention.file.num = 5 (custom)
2019-10-04 12:47:54,870 [pool-629-thread-1] INFO  server.RaftServerConfigKeys (ConfUtils.java:logGet(43)) - raft.server.log.segment.size.max = 1048576 (custom)
2019-10-04 12:47:54,870 [pool-619-thread-1] INFO  server.RaftServerConfigKeys (ConfUtils.java:logGet(43)) - raft.server.retrycache.expirytime = 600000ms (custom)
2019-10-04 12:47:54,870 [pool-639-thread-1] INFO  server.RaftServerConfigKeys (ConfUtils.java:logGet(43)) - raft.server.log.segment.size.max = 1048576 (custom)
2019-10-04 12:47:54,870 [pool-629-thread-1] INFO  server.RaftServerConfigKeys (ConfUtils.java:logGet(43)) - raft.server.log.preallocated.size = 16384 (custom)
2019-10-04 12:47:54,871 [pool-639-thread-1] INFO  server.RaftServerConfigKeys (ConfUtils.java:logGet(43)) - raft.server.log.preallocated.size = 16384 (custom)
2019-10-04 12:47:54,871 [pool-629-thread-1] INFO  server.RaftServerConfigKeys (ConfUtils.java:logGet(43)) - raft.server.log.write.buffer.size = 33554432 (custom)
2019-10-04 12:47:54,871 [pool-639-thread-1] INFO  server.RaftServerConfigKeys (ConfUtils.java:logGet(43)) - raft.server.log.write.buffer.size = 33554432 (custom)
2019-10-04 12:47:54,871 [pool-629-thread-1] INFO  server.RaftServerConfigKeys (ConfUtils.java:logGet(43)) - raft.server.log.force.sync.num = 128 (default)
2019-10-04 12:47:54,871 [pool-639-thread-1] INFO  server.RaftServerConfigKeys (ConfUtils.java:logGet(43)) - raft.server.log.force.sync.num = 128 (default)
2019-10-04 12:47:54,871 [pool-629-thread-1] INFO  server.RaftServerConfigKeys (ConfUtils.java:logGet(43)) - raft.server.log.statemachine.data.sync = true (default)
2019-10-04 12:47:54,871 [pool-639-thread-1] INFO  server.RaftServerConfigKeys (ConfUtils.java:logGet(43)) - raft.server.log.statemachine.data.sync = true (default)
2019-10-04 12:47:54,872 [pool-629-thread-1] INFO  server.RaftServerConfigKeys (ConfUtils.java:logGet(43)) - raft.server.log.statemachine.data.sync.timeout = 10s (default)
2019-10-04 12:47:54,872 [pool-619-thread-1] INFO  impl.RaftServerImpl (RaftServerImpl.java:start(181)) - 2efff099-baa6-464b-b5a1-77a261c7ed99@group-545EE777F559: start as a follower, conf=-1: [2efff099-baa6-464b-b5a1-77a261c7ed99:192.168.5.134:36985, 51dd3613-214f-48d9-8c41-f6a02a0d7e36:192.168.5.134:41960, f825efd4-c0fd-4bb3-a180-360f0e805f39:192.168.5.134:42550], old=null
2019-10-04 12:47:54,872 [pool-619-thread-1] INFO  impl.RaftServerImpl (RaftServerImpl.java:setRole(170)) - 2efff099-baa6-464b-b5a1-77a261c7ed99@group-545EE777F559: changes role from      null to FOLLOWER at term 0 for startAsFollower
2019-10-04 12:47:54,872 [pool-639-thread-1] INFO  server.RaftServerConfigKeys (ConfUtils.java:logGet(43)) - raft.server.log.statemachine.data.sync.timeout = 10s (default)
2019-10-04 12:47:54,872 [pool-619-thread-1] INFO  impl.RoleInfo (RoleInfo.java:updateAndGet(143)) - 2efff099-baa6-464b-b5a1-77a261c7ed99: start FollowerState
2019-10-04 12:47:54,872 [pool-629-thread-1] INFO  server.RaftServerConfigKeys (ConfUtils.java:logGet(43)) - raft.server.log.statemachine.data.sync.timeout.retry = -1 (default)
2019-10-04 12:47:54,872 [pool-639-thread-1] INFO  server.RaftServerConfigKeys (ConfUtils.java:logGet(43)) - raft.server.log.statemachine.data.sync.timeout.retry = -1 (default)
2019-10-04 12:47:54,873 [pool-629-thread-1] INFO  server.RaftServerConfigKeys (ConfUtils.java:logGet(43)) - raft.server.log.statemachine.data.caching.enabled = true (custom)
2019-10-04 12:47:54,872 [pool-619-thread-1] INFO  util.JmxRegister (JmxRegister.java:tryRegister(44)) - Successfully registered JMX Bean with object name Ratis:service=RaftServer,group=group-545EE777F559,id=2efff099-baa6-464b-b5a1-77a261c7ed99
2019-10-04 12:47:54,873 [pool-639-thread-1] INFO  server.RaftServerConfigKeys (ConfUtils.java:logGet(43)) - raft.server.log.statemachine.data.caching.enabled = true (custom)
2019-10-04 12:47:54,873 [pool-629-thread-1] INFO  segmented.SegmentedRaftLogWorker (SegmentedRaftLogWorker.java:lambda$new$0(128)) - f825efd4-c0fd-4bb3-a180-360f0e805f39@group-545EE777F559-SegmentedRaftLogWorker: flushIndex: setUnconditionally 0 -> -1
2019-10-04 12:47:54,873 [pool-639-thread-1] INFO  segmented.SegmentedRaftLogWorker (SegmentedRaftLogWorker.java:lambda$new$0(128)) - 51dd3613-214f-48d9-8c41-f6a02a0d7e36@group-545EE777F559-SegmentedRaftLogWorker: flushIndex: setUnconditionally 0 -> -1
2019-10-04 12:47:54,873 [pool-629-thread-1] INFO  server.RaftServerConfigKeys (ConfUtils.java:logGet(43)) - raft.server.snapshot.auto.trigger.enabled = true (custom)
2019-10-04 12:47:54,873 [pool-639-thread-1] INFO  server.RaftServerConfigKeys (ConfUtils.java:logGet(43)) - raft.server.snapshot.auto.trigger.enabled = true (custom)
2019-10-04 12:47:54,873 [pool-629-thread-1] INFO  server.RaftServerConfigKeys (ConfUtils.java:logGet(43)) - raft.server.snapshot.auto.trigger.threshold = 10000 (custom)
2019-10-04 12:47:54,874 [pool-639-thread-1] INFO  server.RaftServerConfigKeys (ConfUtils.java:logGet(43)) - raft.server.snapshot.auto.trigger.threshold = 10000 (custom)
2019-10-04 12:47:54,874 [pool-629-thread-1] INFO  server.RaftServerConfigKeys (ConfUtils.java:logGet(43)) - raft.server.snapshot.retention.file.num = 5 (custom)
2019-10-04 12:47:54,874 [pool-639-thread-1] INFO  server.RaftServerConfigKeys (ConfUtils.java:logGet(43)) - raft.server.snapshot.retention.file.num = 5 (custom)
2019-10-04 12:47:54,874 [pool-629-thread-1] INFO  server.RaftServerConfigKeys (ConfUtils.java:logGet(43)) - raft.server.retrycache.expirytime = 600000ms (custom)
2019-10-04 12:47:54,874 [pool-639-thread-1] INFO  server.RaftServerConfigKeys (ConfUtils.java:logGet(43)) - raft.server.retrycache.expirytime = 600000ms (custom)
2019-10-04 12:47:54,878 [pool-629-thread-1] INFO  impl.RaftServerImpl (RaftServerImpl.java:start(181)) - f825efd4-c0fd-4bb3-a180-360f0e805f39@group-545EE777F559: start as a follower, conf=-1: [2efff099-baa6-464b-b5a1-77a261c7ed99:192.168.5.134:36985, 51dd3613-214f-48d9-8c41-f6a02a0d7e36:192.168.5.134:41960, f825efd4-c0fd-4bb3-a180-360f0e805f39:192.168.5.134:42550], old=null
2019-10-04 12:47:54,878 [pool-629-thread-1] INFO  impl.RaftServerImpl (RaftServerImpl.java:setRole(170)) - f825efd4-c0fd-4bb3-a180-360f0e805f39@group-545EE777F559: changes role from      null to FOLLOWER at term 0 for startAsFollower
2019-10-04 12:47:54,878 [pool-639-thread-1] INFO  impl.RaftServerImpl (RaftServerImpl.java:start(181)) - 51dd3613-214f-48d9-8c41-f6a02a0d7e36@group-545EE777F559: start as a follower, conf=-1: [2efff099-baa6-464b-b5a1-77a261c7ed99:192.168.5.134:36985, 51dd3613-214f-48d9-8c41-f6a02a0d7e36:192.168.5.134:41960, f825efd4-c0fd-4bb3-a180-360f0e805f39:192.168.5.134:42550], old=null
2019-10-04 12:47:54,878 [pool-629-thread-1] INFO  impl.RoleInfo (RoleInfo.java:updateAndGet(143)) - f825efd4-c0fd-4bb3-a180-360f0e805f39: start FollowerState
2019-10-04 12:47:54,878 [pool-639-thread-1] INFO  impl.RaftServerImpl (RaftServerImpl.java:setRole(170)) - 51dd3613-214f-48d9-8c41-f6a02a0d7e36@group-545EE777F559: changes role from      null to FOLLOWER at term 0 for startAsFollower
2019-10-04 12:47:54,878 [pool-639-thread-1] INFO  impl.RoleInfo (RoleInfo.java:updateAndGet(143)) - 51dd3613-214f-48d9-8c41-f6a02a0d7e36: start FollowerState
2019-10-04 12:47:54,878 [pool-629-thread-1] INFO  util.JmxRegister (JmxRegister.java:tryRegister(44)) - Successfully registered JMX Bean with object name Ratis:service=RaftServer,group=group-545EE777F559,id=f825efd4-c0fd-4bb3-a180-360f0e805f39
2019-10-04 12:47:54,879 [pool-639-thread-1] INFO  util.JmxRegister (JmxRegister.java:tryRegister(44)) - Successfully registered JMX Bean with object name Ratis:service=RaftServer,group=group-545EE777F559,id=51dd3613-214f-48d9-8c41-f6a02a0d7e36
2019-10-04 12:47:54,884 [RatisPipelineUtilsThread] INFO  pipeline.PipelineStateManager (PipelineStateManager.java:addPipeline(56)) - Created pipeline Pipeline[ Id: b060f6f5-a250-451a-aecb-545ee777f559, Nodes: 51dd3613-214f-48d9-8c41-f6a02a0d7e36{ip: 192.168.5.134, host: pr-hdds-2222-6c7sc-20480173, networkLocation: /default-rack, certSerialId: null}2efff099-baa6-464b-b5a1-77a261c7ed99{ip: 192.168.5.134, host: pr-hdds-2222-6c7sc-20480173, networkLocation: /default-rack, certSerialId: null}f825efd4-c0fd-4bb3-a180-360f0e805f39{ip: 192.168.5.134, host: pr-hdds-2222-6c7sc-20480173, networkLocation: /default-rack, certSerialId: null}, Type:RATIS, Factor:THREE, State:OPEN]
2019-10-04 12:47:55,812 [main] INFO  ozone.MiniOzoneClusterImpl (MiniOzoneClusterImpl.java:lambda$waitForClusterToBeReady$0(147)) - Cluster is ready. Got 7 of 7 DN Heartbeats.
2019-10-04 12:47:55,842 [main] INFO  rpc.RpcClient (RpcClient.java:createVolume(277)) - Creating Volume: testblockoutputstream, with jenkins1000 as owner.
2019-10-04 12:47:55,844 [IPC Server handler 2 on 46404] INFO  volume.OMVolumeCreateRequest (OMVolumeCreateRequest.java:validateAndUpdateCache(193)) - created volume:testblockoutputstream for user:jenkins1000
2019-10-04 12:47:55,857 [main] INFO  rpc.RpcClient (RpcClient.java:createBucket(416)) - Creating Bucket: testblockoutputstream/testblockoutputstream, with Versioning false and Storage Type set to DISK and Encryption set to false 
2019-10-04 12:47:57,366 [Thread-3936] INFO  container.ReplicationManager (ReplicationManager.java:start(162)) - Starting Replication Monitor Thread.
2019-10-04 12:47:57,370 [ReplicationMonitor] INFO  container.ReplicationManager (ReplicationManager.java:run(225)) - Replication Monitor Thread took 1 milliseconds for processing 1 containers.
2019-10-04 12:47:59,549 [Thread-3941] INFO  impl.FollowerState (FollowerState.java:run(108)) - 0cc7607f-8c61-40d7-908d-9ac0a630b719@group-28F7FC37C67B-FollowerState: change to CANDIDATE, lastRpcTime:5067ms, electionTimeout:5067ms
2019-10-04 12:47:59,549 [Thread-3941] INFO  impl.RoleInfo (RoleInfo.java:shutdownFollowerState(121)) - 0cc7607f-8c61-40d7-908d-9ac0a630b719: shutdown FollowerState
2019-10-04 12:47:59,550 [Thread-3941] INFO  impl.RaftServerImpl (RaftServerImpl.java:setRole(170)) - 0cc7607f-8c61-40d7-908d-9ac0a630b719@group-28F7FC37C67B: changes role from  FOLLOWER to CANDIDATE at term 0 for changeToCandidate
2019-10-04 12:47:59,550 [Thread-3941] INFO  impl.RoleInfo (RoleInfo.java:updateAndGet(143)) - 0cc7607f-8c61-40d7-908d-9ac0a630b719: start LeaderElection
2019-10-04 12:47:59,575 [0cc7607f-8c61-40d7-908d-9ac0a630b719@group-28F7FC37C67B-LeaderElection85] INFO  impl.LeaderElection (LeaderElection.java:askForVotes(178)) - 0cc7607f-8c61-40d7-908d-9ac0a630b719@group-28F7FC37C67B-LeaderElection85: begin an election at term 1 for -1: [0cc7607f-8c61-40d7-908d-9ac0a630b719:192.168.5.134:46768], old=null
2019-10-04 12:47:59,575 [0cc7607f-8c61-40d7-908d-9ac0a630b719@group-28F7FC37C67B-LeaderElection85] INFO  impl.RoleInfo (RoleInfo.java:shutdownLeaderElection(134)) - 0cc7607f-8c61-40d7-908d-9ac0a630b719: shutdown LeaderElection
2019-10-04 12:47:59,575 [0cc7607f-8c61-40d7-908d-9ac0a630b719@group-28F7FC37C67B-LeaderElection85] INFO  impl.RaftServerImpl (RaftServerImpl.java:setRole(170)) - 0cc7607f-8c61-40d7-908d-9ac0a630b719@group-28F7FC37C67B: changes role from CANDIDATE to LEADER at term 1 for changeToLeader
2019-10-04 12:47:59,576 [0cc7607f-8c61-40d7-908d-9ac0a630b719@group-28F7FC37C67B-LeaderElection85] INFO  impl.RaftServerImpl (ServerState.java:setLeader(255)) - 0cc7607f-8c61-40d7-908d-9ac0a630b719@group-28F7FC37C67B: change Leader from null to 0cc7607f-8c61-40d7-908d-9ac0a630b719 at term 1 for becomeLeader, leader elected after 5098ms
2019-10-04 12:47:59,576 [0cc7607f-8c61-40d7-908d-9ac0a630b719@group-28F7FC37C67B-LeaderElection85] INFO  server.RaftServerConfigKeys (ConfUtils.java:logGet(43)) - raft.server.staging.catchup.gap = 1000 (default)
2019-10-04 12:47:59,576 [0cc7607f-8c61-40d7-908d-9ac0a630b719@group-28F7FC37C67B-LeaderElection85] INFO  server.RaftServerConfigKeys (ConfUtils.java:logGet(43)) - raft.server.rpc.sleep.time = 25ms (default)
2019-10-04 12:47:59,576 [0cc7607f-8c61-40d7-908d-9ac0a630b719@group-28F7FC37C67B-LeaderElection85] INFO  server.RaftServerConfigKeys (ConfUtils.java:logGet(43)) - raft.server.write.element-limit = 4096 (default)
2019-10-04 12:47:59,576 [0cc7607f-8c61-40d7-908d-9ac0a630b719@group-28F7FC37C67B-LeaderElection85] INFO  server.RaftServerConfigKeys (ConfUtils.java:logGet(43)) - raft.server.watch.timeout = 10s (default)
2019-10-04 12:47:59,577 [0cc7607f-8c61-40d7-908d-9ac0a630b719@group-28F7FC37C67B-LeaderElection85] INFO  server.RaftServerConfigKeys (ConfUtils.java:logGet(43)) - raft.server.watch.timeout.denomination = 1s (default)
2019-10-04 12:47:59,577 [0cc7607f-8c61-40d7-908d-9ac0a630b719@group-28F7FC37C67B-LeaderElection85] INFO  server.RaftServerConfigKeys (ConfUtils.java:logGet(43)) - raft.server.watch.element-limit = 65536 (default)
2019-10-04 12:47:59,579 [0cc7607f-8c61-40d7-908d-9ac0a630b719@group-28F7FC37C67B-LeaderElection85] INFO  impl.RoleInfo (RoleInfo.java:updateAndGet(143)) - 0cc7607f-8c61-40d7-908d-9ac0a630b719: start LeaderState
2019-10-04 12:47:59,580 [0cc7607f-8c61-40d7-908d-9ac0a630b719@group-28F7FC37C67B-LeaderElection85] INFO  segmented.SegmentedRaftLogWorker (SegmentedRaftLogWorker.java:startLogSegment(385)) - 0cc7607f-8c61-40d7-908d-9ac0a630b719@group-28F7FC37C67B-SegmentedRaftLogWorker: Starting segment from index:0
2019-10-04 12:47:59,580 [0cc7607f-8c61-40d7-908d-9ac0a630b719@group-28F7FC37C67B-LeaderElection85] INFO  impl.RaftServerImpl (ServerState.java:setRaftConf(356)) - 0cc7607f-8c61-40d7-908d-9ac0a630b719@group-28F7FC37C67B: set configuration 0: [0cc7607f-8c61-40d7-908d-9ac0a630b719:192.168.5.134:46768], old=null at 0
2019-10-04 12:47:59,616 [Thread-3938] INFO  impl.FollowerState (FollowerState.java:run(108)) - 3f4f3d77-7d07-4c07-8a80-2ae2fe2fe039@group-86F2B15482BC-FollowerState: change to CANDIDATE, lastRpcTime:5192ms, electionTimeout:5192ms
2019-10-04 12:47:59,616 [Thread-3938] INFO  impl.RoleInfo (RoleInfo.java:shutdownFollowerState(121)) - 3f4f3d77-7d07-4c07-8a80-2ae2fe2fe039: shutdown FollowerState
2019-10-04 12:47:59,616 [Thread-3938] INFO  impl.RaftServerImpl (RaftServerImpl.java:setRole(170)) - 3f4f3d77-7d07-4c07-8a80-2ae2fe2fe039@group-86F2B15482BC: changes role from  FOLLOWER to CANDIDATE at term 0 for changeToCandidate
2019-10-04 12:47:59,616 [Thread-3938] INFO  impl.RoleInfo (RoleInfo.java:updateAndGet(143)) - 3f4f3d77-7d07-4c07-8a80-2ae2fe2fe039: start LeaderElection
2019-10-04 12:47:59,625 [0cc7607f-8c61-40d7-908d-9ac0a630b719@group-28F7FC37C67B-SegmentedRaftLogWorker] INFO  segmented.SegmentedRaftLogWorker (SegmentedRaftLogWorker.java:execute(574)) - 0cc7607f-8c61-40d7-908d-9ac0a630b719@group-28F7FC37C67B-SegmentedRaftLogWorker: created new log segment /workdir/hadoop-ozone/integration-test/target/test-dir/MiniOzoneClusterImpl-5635d10f-1327-44e0-ad77-5958a3ffe64f/datanode-1/data/ratis/5a1a5253-f2ec-419d-9054-28f7fc37c67b/current/log_inprogress_0
2019-10-04 12:47:59,629 [3f4f3d77-7d07-4c07-8a80-2ae2fe2fe039@group-86F2B15482BC-LeaderElection86] INFO  impl.LeaderElection (LeaderElection.java:askForVotes(178)) - 3f4f3d77-7d07-4c07-8a80-2ae2fe2fe039@group-86F2B15482BC-LeaderElection86: begin an election at term 1 for -1: [3f4f3d77-7d07-4c07-8a80-2ae2fe2fe039:192.168.5.134:36715], old=null
2019-10-04 12:47:59,629 [3f4f3d77-7d07-4c07-8a80-2ae2fe2fe039@group-86F2B15482BC-LeaderElection86] INFO  impl.RoleInfo (RoleInfo.java:shutdownLeaderElection(134)) - 3f4f3d77-7d07-4c07-8a80-2ae2fe2fe039: shutdown LeaderElection
2019-10-04 12:47:59,629 [3f4f3d77-7d07-4c07-8a80-2ae2fe2fe039@group-86F2B15482BC-LeaderElection86] INFO  impl.RaftServerImpl (RaftServerImpl.java:setRole(170)) - 3f4f3d77-7d07-4c07-8a80-2ae2fe2fe039@group-86F2B15482BC: changes role from CANDIDATE to LEADER at term 1 for changeToLeader
2019-10-04 12:47:59,629 [3f4f3d77-7d07-4c07-8a80-2ae2fe2fe039@group-86F2B15482BC-LeaderElection86] INFO  impl.RaftServerImpl (ServerState.java:setLeader(255)) - 3f4f3d77-7d07-4c07-8a80-2ae2fe2fe039@group-86F2B15482BC: change Leader from null to 3f4f3d77-7d07-4c07-8a80-2ae2fe2fe039 at term 1 for becomeLeader, leader elected after 5212ms
2019-10-04 12:47:59,629 [3f4f3d77-7d07-4c07-8a80-2ae2fe2fe039@group-86F2B15482BC-LeaderElection86] INFO  server.RaftServerConfigKeys (ConfUtils.java:logGet(43)) - raft.server.staging.catchup.gap = 1000 (default)
2019-10-04 12:47:59,630 [3f4f3d77-7d07-4c07-8a80-2ae2fe2fe039@group-86F2B15482BC-LeaderElection86] INFO  server.RaftServerConfigKeys (ConfUtils.java:logGet(43)) - raft.server.rpc.sleep.time = 25ms (default)
2019-10-04 12:47:59,630 [3f4f3d77-7d07-4c07-8a80-2ae2fe2fe039@group-86F2B15482BC-LeaderElection86] INFO  server.RaftServerConfigKeys (ConfUtils.java:logGet(43)) - raft.server.write.element-limit = 4096 (default)
2019-10-04 12:47:59,630 [3f4f3d77-7d07-4c07-8a80-2ae2fe2fe039@group-86F2B15482BC-LeaderElection86] INFO  server.RaftServerConfigKeys (ConfUtils.java:logGet(43)) - raft.server.watch.timeout = 10s (default)
2019-10-04 12:47:59,630 [3f4f3d77-7d07-4c07-8a80-2ae2fe2fe039@group-86F2B15482BC-LeaderElection86] INFO  server.RaftServerConfigKeys (ConfUtils.java:logGet(43)) - raft.server.watch.timeout.denomination = 1s (default)
2019-10-04 12:47:59,630 [3f4f3d77-7d07-4c07-8a80-2ae2fe2fe039@group-86F2B15482BC-LeaderElection86] INFO  server.RaftServerConfigKeys (ConfUtils.java:logGet(43)) - raft.server.watch.element-limit = 65536 (default)
2019-10-04 12:47:59,631 [3f4f3d77-7d07-4c07-8a80-2ae2fe2fe039@group-86F2B15482BC-LeaderElection86] INFO  impl.RoleInfo (RoleInfo.java:updateAndGet(143)) - 3f4f3d77-7d07-4c07-8a80-2ae2fe2fe039: start LeaderState
2019-10-04 12:47:59,631 [3f4f3d77-7d07-4c07-8a80-2ae2fe2fe039@group-86F2B15482BC-LeaderElection86] INFO  segmented.SegmentedRaftLogWorker (SegmentedRaftLogWorker.java:startLogSegment(385)) - 3f4f3d77-7d07-4c07-8a80-2ae2fe2fe039@group-86F2B15482BC-SegmentedRaftLogWorker: Starting segment from index:0
2019-10-04 12:47:59,632 [3f4f3d77-7d07-4c07-8a80-2ae2fe2fe039@group-86F2B15482BC-LeaderElection86] INFO  impl.RaftServerImpl (ServerState.java:setRaftConf(356)) - 3f4f3d77-7d07-4c07-8a80-2ae2fe2fe039@group-86F2B15482BC: set configuration 0: [3f4f3d77-7d07-4c07-8a80-2ae2fe2fe039:192.168.5.134:36715], old=null at 0
2019-10-04 12:47:59,635 [Thread-3947] INFO  impl.FollowerState (FollowerState.java:run(108)) - 3f4f3d77-7d07-4c07-8a80-2ae2fe2fe039@group-3FC577661888-FollowerState: change to CANDIDATE, lastRpcTime:5034ms, electionTimeout:5034ms
2019-10-04 12:47:59,635 [Thread-3947] INFO  impl.RoleInfo (RoleInfo.java:shutdownFollowerState(121)) - 3f4f3d77-7d07-4c07-8a80-2ae2fe2fe039: shutdown FollowerState
2019-10-04 12:47:59,635 [Thread-3947] INFO  impl.RaftServerImpl (RaftServerImpl.java:setRole(170)) - 3f4f3d77-7d07-4c07-8a80-2ae2fe2fe039@group-3FC577661888: changes role from  FOLLOWER to CANDIDATE at term 0 for changeToCandidate
2019-10-04 12:47:59,635 [Thread-3947] INFO  impl.RoleInfo (RoleInfo.java:updateAndGet(143)) - 3f4f3d77-7d07-4c07-8a80-2ae2fe2fe039: start LeaderElection
2019-10-04 12:47:59,664 [3f4f3d77-7d07-4c07-8a80-2ae2fe2fe039@group-86F2B15482BC-SegmentedRaftLogWorker] INFO  segmented.SegmentedRaftLogWorker (SegmentedRaftLogWorker.java:execute(574)) - 3f4f3d77-7d07-4c07-8a80-2ae2fe2fe039@group-86F2B15482BC-SegmentedRaftLogWorker: created new log segment /workdir/hadoop-ozone/integration-test/target/test-dir/MiniOzoneClusterImpl-5635d10f-1327-44e0-ad77-5958a3ffe64f/datanode-0/data/ratis/0bed6c8e-df2b-47f7-8a1b-86f2b15482bc/current/log_inprogress_0
2019-10-04 12:47:59,668 [3f4f3d77-7d07-4c07-8a80-2ae2fe2fe039@group-3FC577661888-LeaderElection87] INFO  impl.LeaderElection (LeaderElection.java:askForVotes(178)) - 3f4f3d77-7d07-4c07-8a80-2ae2fe2fe039@group-3FC577661888-LeaderElection87: begin an election at term 1 for -1: [0cc7607f-8c61-40d7-908d-9ac0a630b719:192.168.5.134:46768, 3f4f3d77-7d07-4c07-8a80-2ae2fe2fe039:192.168.5.134:36715, 584a917b-d03e-4938-835a-6878b8162eea:192.168.5.134:33197], old=null
2019-10-04 12:47:59,672 [grpc-default-executor-10] INFO  impl.RaftServerImpl (RaftServerImpl.java:setRole(170)) - 0cc7607f-8c61-40d7-908d-9ac0a630b719@group-3FC577661888: changes role from  FOLLOWER to FOLLOWER at term 1 for recognizeCandidate:3f4f3d77-7d07-4c07-8a80-2ae2fe2fe039
2019-10-04 12:47:59,672 [grpc-default-executor-8] INFO  impl.RaftServerImpl (RaftServerImpl.java:setRole(170)) - 584a917b-d03e-4938-835a-6878b8162eea@group-3FC577661888: changes role from  FOLLOWER to FOLLOWER at term 1 for recognizeCandidate:3f4f3d77-7d07-4c07-8a80-2ae2fe2fe039
2019-10-04 12:47:59,672 [grpc-default-executor-10] INFO  impl.RoleInfo (RoleInfo.java:shutdownFollowerState(121)) - 0cc7607f-8c61-40d7-908d-9ac0a630b719: shutdown FollowerState
2019-10-04 12:47:59,672 [grpc-default-executor-8] INFO  impl.RoleInfo (RoleInfo.java:shutdownFollowerState(121)) - 584a917b-d03e-4938-835a-6878b8162eea: shutdown FollowerState
2019-10-04 12:47:59,673 [Thread-3952] INFO  impl.FollowerState (FollowerState.java:run(117)) - 0cc7607f-8c61-40d7-908d-9ac0a630b719@group-3FC577661888-FollowerState was interrupted: java.lang.InterruptedException: sleep interrupted
2019-10-04 12:47:59,672 [grpc-default-executor-10] INFO  impl.RoleInfo (RoleInfo.java:updateAndGet(143)) - 0cc7607f-8c61-40d7-908d-9ac0a630b719: start FollowerState
2019-10-04 12:47:59,673 [Thread-3950] INFO  impl.FollowerState (FollowerState.java:run(117)) - 584a917b-d03e-4938-835a-6878b8162eea@group-3FC577661888-FollowerState was interrupted: java.lang.InterruptedException: sleep interrupted
2019-10-04 12:47:59,673 [grpc-default-executor-8] INFO  impl.RoleInfo (RoleInfo.java:updateAndGet(143)) - 584a917b-d03e-4938-835a-6878b8162eea: start FollowerState
2019-10-04 12:47:59,686 [3f4f3d77-7d07-4c07-8a80-2ae2fe2fe039@group-3FC577661888-LeaderElection87] INFO  impl.LeaderElection (LeaderElection.java:logAndReturn(56)) - 3f4f3d77-7d07-4c07-8a80-2ae2fe2fe039@group-3FC577661888-LeaderElection87: Election PASSED; received 1 response(s) [3f4f3d77-7d07-4c07-8a80-2ae2fe2fe039<-0cc7607f-8c61-40d7-908d-9ac0a630b719#0:OK-t1] and 0 exception(s); 3f4f3d77-7d07-4c07-8a80-2ae2fe2fe039@group-3FC577661888:t1, leader=null, voted=3f4f3d77-7d07-4c07-8a80-2ae2fe2fe039, raftlog=3f4f3d77-7d07-4c07-8a80-2ae2fe2fe039@group-3FC577661888-SegmentedRaftLog:OPENED:c-1,f-1,i0, conf=-1: [0cc7607f-8c61-40d7-908d-9ac0a630b719:192.168.5.134:46768, 3f4f3d77-7d07-4c07-8a80-2ae2fe2fe039:192.168.5.134:36715, 584a917b-d03e-4938-835a-6878b8162eea:192.168.5.134:33197], old=null
2019-10-04 12:47:59,687 [3f4f3d77-7d07-4c07-8a80-2ae2fe2fe039@group-3FC577661888-LeaderElection87] INFO  impl.RoleInfo (RoleInfo.java:shutdownLeaderElection(134)) - 3f4f3d77-7d07-4c07-8a80-2ae2fe2fe039: shutdown LeaderElection
2019-10-04 12:47:59,687 [3f4f3d77-7d07-4c07-8a80-2ae2fe2fe039@group-3FC577661888-LeaderElection87] INFO  impl.RaftServerImpl (RaftServerImpl.java:setRole(170)) - 3f4f3d77-7d07-4c07-8a80-2ae2fe2fe039@group-3FC577661888: changes role from CANDIDATE to LEADER at term 1 for changeToLeader
2019-10-04 12:47:59,687 [3f4f3d77-7d07-4c07-8a80-2ae2fe2fe039@group-3FC577661888-LeaderElection87] INFO  impl.RaftServerImpl (ServerState.java:setLeader(255)) - 3f4f3d77-7d07-4c07-8a80-2ae2fe2fe039@group-3FC577661888: change Leader from null to 3f4f3d77-7d07-4c07-8a80-2ae2fe2fe039 at term 1 for becomeLeader, leader elected after 5092ms
2019-10-04 12:47:59,687 [3f4f3d77-7d07-4c07-8a80-2ae2fe2fe039@group-3FC577661888-LeaderElection87] INFO  server.RaftServerConfigKeys (ConfUtils.java:logGet(43)) - raft.server.staging.catchup.gap = 1000 (default)
2019-10-04 12:47:59,687 [3f4f3d77-7d07-4c07-8a80-2ae2fe2fe039@group-3FC577661888-LeaderElection87] INFO  server.RaftServerConfigKeys (ConfUtils.java:logGet(43)) - raft.server.rpc.sleep.time = 25ms (default)
2019-10-04 12:47:59,687 [3f4f3d77-7d07-4c07-8a80-2ae2fe2fe039@group-3FC577661888-LeaderElection87] INFO  server.RaftServerConfigKeys (ConfUtils.java:logGet(43)) - raft.server.write.element-limit = 4096 (default)
2019-10-04 12:47:59,687 [3f4f3d77-7d07-4c07-8a80-2ae2fe2fe039@group-3FC577661888-LeaderElection87] INFO  server.RaftServerConfigKeys (ConfUtils.java:logGet(43)) - raft.server.watch.timeout = 10s (default)
2019-10-04 12:47:59,687 [3f4f3d77-7d07-4c07-8a80-2ae2fe2fe039@group-3FC577661888-LeaderElection87] INFO  server.RaftServerConfigKeys (ConfUtils.java:logGet(43)) - raft.server.watch.timeout.denomination = 1s (default)
2019-10-04 12:47:59,688 [3f4f3d77-7d07-4c07-8a80-2ae2fe2fe039@group-3FC577661888-LeaderElection87] INFO  server.RaftServerConfigKeys (ConfUtils.java:logGet(43)) - raft.server.watch.element-limit = 65536 (default)
2019-10-04 12:47:59,689 [3f4f3d77-7d07-4c07-8a80-2ae2fe2fe039@group-3FC577661888-LeaderElection87] INFO  server.RaftServerConfigKeys (ConfUtils.java:logGet(43)) - raft.server.log.appender.snapshot.chunk.size.max = 16MB (=16777216) (default)
2019-10-04 12:47:59,690 [3f4f3d77-7d07-4c07-8a80-2ae2fe2fe039@group-3FC577661888-LeaderElection87] INFO  server.RaftServerConfigKeys (ConfUtils.java:logGet(43)) - raft.server.log.appender.buffer.byte-limit = 33554432 (custom)
2019-10-04 12:47:59,690 [3f4f3d77-7d07-4c07-8a80-2ae2fe2fe039@group-3FC577661888-LeaderElection87] INFO  server.RaftServerConfigKeys (ConfUtils.java:logGet(43)) - raft.server.log.appender.buffer.element-limit = 1 (custom)
2019-10-04 12:47:59,690 [3f4f3d77-7d07-4c07-8a80-2ae2fe2fe039@group-3FC577661888-LeaderElection87] INFO  grpc.GrpcConfigKeys$Server (ConfUtils.java:logGet(43)) - raft.grpc.server.leader.outstanding.appends.max = 128 (default)
2019-10-04 12:47:59,690 [3f4f3d77-7d07-4c07-8a80-2ae2fe2fe039@group-3FC577661888-LeaderElection87] INFO  server.RaftServerConfigKeys (ConfUtils.java:logGet(43)) - raft.server.rpc.request.timeout = 3000ms (default)
2019-10-04 12:47:59,690 [3f4f3d77-7d07-4c07-8a80-2ae2fe2fe039@group-3FC577661888-LeaderElection87] INFO  server.RaftServerConfigKeys (ConfUtils.java:logGet(43)) - raft.server.log.appender.install.snapshot.enabled = false (custom)
2019-10-04 12:47:59,691 [3f4f3d77-7d07-4c07-8a80-2ae2fe2fe039@group-3FC577661888-LeaderElection87] INFO  server.RaftServerConfigKeys (ConfUtils.java:logGet(43)) - raft.server.log.appender.snapshot.chunk.size.max = 16MB (=16777216) (default)
2019-10-04 12:47:59,691 [3f4f3d77-7d07-4c07-8a80-2ae2fe2fe039@group-3FC577661888-LeaderElection87] INFO  server.RaftServerConfigKeys (ConfUtils.java:logGet(43)) - raft.server.log.appender.buffer.byte-limit = 33554432 (custom)
2019-10-04 12:47:59,691 [3f4f3d77-7d07-4c07-8a80-2ae2fe2fe039@group-3FC577661888-LeaderElection87] INFO  server.RaftServerConfigKeys (ConfUtils.java:logGet(43)) - raft.server.log.appender.buffer.element-limit = 1 (custom)
2019-10-04 12:47:59,691 [3f4f3d77-7d07-4c07-8a80-2ae2fe2fe039@group-3FC577661888-LeaderElection87] INFO  grpc.GrpcConfigKeys$Server (ConfUtils.java:logGet(43)) - raft.grpc.server.leader.outstanding.appends.max = 128 (default)
2019-10-04 12:47:59,691 [3f4f3d77-7d07-4c07-8a80-2ae2fe2fe039@group-3FC577661888-LeaderElection87] INFO  server.RaftServerConfigKeys (ConfUtils.java:logGet(43)) - raft.server.rpc.request.timeout = 3000ms (default)
2019-10-04 12:47:59,692 [3f4f3d77-7d07-4c07-8a80-2ae2fe2fe039@group-3FC577661888-LeaderElection87] INFO  server.RaftServerConfigKeys (ConfUtils.java:logGet(43)) - raft.server.log.appender.install.snapshot.enabled = false (custom)
2019-10-04 12:47:59,692 [3f4f3d77-7d07-4c07-8a80-2ae2fe2fe039@group-3FC577661888-LeaderElection87] INFO  impl.RoleInfo (RoleInfo.java:updateAndGet(143)) - 3f4f3d77-7d07-4c07-8a80-2ae2fe2fe039: start LeaderState
2019-10-04 12:47:59,692 [3f4f3d77-7d07-4c07-8a80-2ae2fe2fe039@group-3FC577661888-LeaderElection87] INFO  segmented.SegmentedRaftLogWorker (SegmentedRaftLogWorker.java:startLogSegment(385)) - 3f4f3d77-7d07-4c07-8a80-2ae2fe2fe039@group-3FC577661888-SegmentedRaftLogWorker: Starting segment from index:0
2019-10-04 12:47:59,693 [3f4f3d77-7d07-4c07-8a80-2ae2fe2fe039@group-3FC577661888-LeaderElection87] INFO  impl.RaftServerImpl (ServerState.java:setRaftConf(356)) - 3f4f3d77-7d07-4c07-8a80-2ae2fe2fe039@group-3FC577661888: set configuration 0: [0cc7607f-8c61-40d7-908d-9ac0a630b719:192.168.5.134:46768, 3f4f3d77-7d07-4c07-8a80-2ae2fe2fe039:192.168.5.134:36715, 584a917b-d03e-4938-835a-6878b8162eea:192.168.5.134:33197], old=null at 0
2019-10-04 12:47:59,716 [grpc-default-executor-10] INFO  impl.RaftServerImpl (ServerState.java:setLeader(255)) - 584a917b-d03e-4938-835a-6878b8162eea@group-3FC577661888: change Leader from null to 3f4f3d77-7d07-4c07-8a80-2ae2fe2fe039 at term 1 for appendEntries, leader elected after 5121ms
2019-10-04 12:47:59,718 [Thread-3944] INFO  impl.FollowerState (FollowerState.java:run(108)) - 584a917b-d03e-4938-835a-6878b8162eea@group-72EBC319D263-FollowerState: change to CANDIDATE, lastRpcTime:5170ms, electionTimeout:5157ms
2019-10-04 12:47:59,719 [Thread-3944] INFO  impl.RoleInfo (RoleInfo.java:shutdownFollowerState(121)) - 584a917b-d03e-4938-835a-6878b8162eea: shutdown FollowerState
2019-10-04 12:47:59,719 [Thread-3944] INFO  impl.RaftServerImpl (RaftServerImpl.java:setRole(170)) - 584a917b-d03e-4938-835a-6878b8162eea@group-72EBC319D263: changes role from  FOLLOWER to CANDIDATE at term 0 for changeToCandidate
2019-10-04 12:47:59,719 [Thread-3944] INFO  impl.RoleInfo (RoleInfo.java:updateAndGet(143)) - 584a917b-d03e-4938-835a-6878b8162eea: start LeaderElection
2019-10-04 12:47:59,719 [grpc-default-executor-10] INFO  impl.RaftServerImpl (ServerState.java:setLeader(255)) - 0cc7607f-8c61-40d7-908d-9ac0a630b719@group-3FC577661888: change Leader from null to 3f4f3d77-7d07-4c07-8a80-2ae2fe2fe039 at term 1 for appendEntries, leader elected after 5124ms
2019-10-04 12:47:59,725 [3f4f3d77-7d07-4c07-8a80-2ae2fe2fe039@group-3FC577661888-SegmentedRaftLogWorker] INFO  segmented.SegmentedRaftLogWorker (SegmentedRaftLogWorker.java:execute(574)) - 3f4f3d77-7d07-4c07-8a80-2ae2fe2fe039@group-3FC577661888-SegmentedRaftLogWorker: created new log segment /workdir/hadoop-ozone/integration-test/target/test-dir/MiniOzoneClusterImpl-5635d10f-1327-44e0-ad77-5958a3ffe64f/datanode-0/data/ratis/645f4c3d-d393-412b-8639-3fc577661888/current/log_inprogress_0
2019-10-04 12:47:59,726 [grpc-default-executor-8] INFO  impl.RaftServerImpl (ServerState.java:setRaftConf(356)) - 584a917b-d03e-4938-835a-6878b8162eea@group-3FC577661888: set configuration 0: [0cc7607f-8c61-40d7-908d-9ac0a630b719:192.168.5.134:46768, 3f4f3d77-7d07-4c07-8a80-2ae2fe2fe039:192.168.5.134:36715, 584a917b-d03e-4938-835a-6878b8162eea:192.168.5.134:33197], old=null at 0
2019-10-04 12:47:59,726 [grpc-default-executor-10] INFO  impl.RaftServerImpl (ServerState.java:setRaftConf(356)) - 0cc7607f-8c61-40d7-908d-9ac0a630b719@group-3FC577661888: set configuration 0: [0cc7607f-8c61-40d7-908d-9ac0a630b719:192.168.5.134:46768, 3f4f3d77-7d07-4c07-8a80-2ae2fe2fe039:192.168.5.134:36715, 584a917b-d03e-4938-835a-6878b8162eea:192.168.5.134:33197], old=null at 0
2019-10-04 12:47:59,726 [grpc-default-executor-8] INFO  segmented.SegmentedRaftLogWorker (SegmentedRaftLogWorker.java:startLogSegment(385)) - 584a917b-d03e-4938-835a-6878b8162eea@group-3FC577661888-SegmentedRaftLogWorker: Starting segment from index:0
2019-10-04 12:47:59,727 [grpc-default-executor-10] INFO  segmented.SegmentedRaftLogWorker (SegmentedRaftLogWorker.java:startLogSegment(385)) - 0cc7607f-8c61-40d7-908d-9ac0a630b719@group-3FC577661888-SegmentedRaftLogWorker: Starting segment from index:0
2019-10-04 12:47:59,729 [584a917b-d03e-4938-835a-6878b8162eea@group-72EBC319D263-LeaderElection88] INFO  impl.LeaderElection (LeaderElection.java:askForVotes(178)) - 584a917b-d03e-4938-835a-6878b8162eea@group-72EBC319D263-LeaderElection88: begin an election at term 1 for -1: [584a917b-d03e-4938-835a-6878b8162eea:192.168.5.134:33197], old=null
2019-10-04 12:47:59,729 [584a917b-d03e-4938-835a-6878b8162eea@group-72EBC319D263-LeaderElection88] INFO  impl.RoleInfo (RoleInfo.java:shutdownLeaderElection(134)) - 584a917b-d03e-4938-835a-6878b8162eea: shutdown LeaderElection
2019-10-04 12:47:59,729 [584a917b-d03e-4938-835a-6878b8162eea@group-72EBC319D263-LeaderElection88] INFO  impl.RaftServerImpl (RaftServerImpl.java:setRole(170)) - 584a917b-d03e-4938-835a-6878b8162eea@group-72EBC319D263: changes role from CANDIDATE to LEADER at term 1 for changeToLeader
2019-10-04 12:47:59,730 [584a917b-d03e-4938-835a-6878b8162eea@group-72EBC319D263-LeaderElection88] INFO  impl.RaftServerImpl (ServerState.java:setLeader(255)) - 584a917b-d03e-4938-835a-6878b8162eea@group-72EBC319D263: change Leader from null to 584a917b-d03e-4938-835a-6878b8162eea at term 1 for becomeLeader, leader elected after 5185ms
2019-10-04 12:47:59,730 [584a917b-d03e-4938-835a-6878b8162eea@group-72EBC319D263-LeaderElection88] INFO  server.RaftServerConfigKeys (ConfUtils.java:logGet(43)) - raft.server.staging.catchup.gap = 1000 (default)
2019-10-04 12:47:59,730 [584a917b-d03e-4938-835a-6878b8162eea@group-72EBC319D263-LeaderElection88] INFO  server.RaftServerConfigKeys (ConfUtils.java:logGet(43)) - raft.server.rpc.sleep.time = 25ms (default)
2019-10-04 12:47:59,730 [584a917b-d03e-4938-835a-6878b8162eea@group-72EBC319D263-LeaderElection88] INFO  server.RaftServerConfigKeys (ConfUtils.java:logGet(43)) - raft.server.write.element-limit = 4096 (default)
2019-10-04 12:47:59,730 [584a917b-d03e-4938-835a-6878b8162eea@group-72EBC319D263-LeaderElection88] INFO  server.RaftServerConfigKeys (ConfUtils.java:logGet(43)) - raft.server.watch.timeout = 10s (default)
2019-10-04 12:47:59,730 [584a917b-d03e-4938-835a-6878b8162eea@group-72EBC319D263-LeaderElection88] INFO  server.RaftServerConfigKeys (ConfUtils.java:logGet(43)) - raft.server.watch.timeout.denomination = 1s (default)
2019-10-04 12:47:59,730 [584a917b-d03e-4938-835a-6878b8162eea@group-72EBC319D263-LeaderElection88] INFO  server.RaftServerConfigKeys (ConfUtils.java:logGet(43)) - raft.server.watch.element-limit = 65536 (default)
2019-10-04 12:47:59,732 [584a917b-d03e-4938-835a-6878b8162eea@group-72EBC319D263-LeaderElection88] INFO  impl.RoleInfo (RoleInfo.java:updateAndGet(143)) - 584a917b-d03e-4938-835a-6878b8162eea: start LeaderState
2019-10-04 12:47:59,732 [584a917b-d03e-4938-835a-6878b8162eea@group-72EBC319D263-LeaderElection88] INFO  segmented.SegmentedRaftLogWorker (SegmentedRaftLogWorker.java:startLogSegment(385)) - 584a917b-d03e-4938-835a-6878b8162eea@group-72EBC319D263-SegmentedRaftLogWorker: Starting segment from index:0
2019-10-04 12:47:59,732 [584a917b-d03e-4938-835a-6878b8162eea@group-72EBC319D263-LeaderElection88] INFO  impl.RaftServerImpl (ServerState.java:setRaftConf(356)) - 584a917b-d03e-4938-835a-6878b8162eea@group-72EBC319D263: set configuration 0: [584a917b-d03e-4938-835a-6878b8162eea:192.168.5.134:33197], old=null at 0
2019-10-04 12:47:59,757 [584a917b-d03e-4938-835a-6878b8162eea@group-3FC577661888-SegmentedRaftLogWorker] INFO  segmented.SegmentedRaftLogWorker (SegmentedRaftLogWorker.java:execute(574)) - 584a917b-d03e-4938-835a-6878b8162eea@group-3FC577661888-SegmentedRaftLogWorker: created new log segment /workdir/hadoop-ozone/integration-test/target/test-dir/MiniOzoneClusterImpl-5635d10f-1327-44e0-ad77-5958a3ffe64f/datanode-2/data/ratis/645f4c3d-d393-412b-8639-3fc577661888/current/log_inprogress_0
2019-10-04 12:47:59,757 [0cc7607f-8c61-40d7-908d-9ac0a630b719@group-3FC577661888-SegmentedRaftLogWorker] INFO  segmented.SegmentedRaftLogWorker (SegmentedRaftLogWorker.java:execute(574)) - 0cc7607f-8c61-40d7-908d-9ac0a630b719@group-3FC577661888-SegmentedRaftLogWorker: created new log segment /workdir/hadoop-ozone/integration-test/target/test-dir/MiniOzoneClusterImpl-5635d10f-1327-44e0-ad77-5958a3ffe64f/datanode-1/data/ratis/645f4c3d-d393-412b-8639-3fc577661888/current/log_inprogress_0
2019-10-04 12:47:59,766 [584a917b-d03e-4938-835a-6878b8162eea@group-72EBC319D263-SegmentedRaftLogWorker] INFO  segmented.SegmentedRaftLogWorker (SegmentedRaftLogWorker.java:execute(574)) - 584a917b-d03e-4938-835a-6878b8162eea@group-72EBC319D263-SegmentedRaftLogWorker: created new log segment /workdir/hadoop-ozone/integration-test/target/test-dir/MiniOzoneClusterImpl-5635d10f-1327-44e0-ad77-5958a3ffe64f/datanode-2/data/ratis/c482087a-d847-409b-bfc2-72ebc319d263/current/log_inprogress_0
2019-10-04 12:47:59,795 [Thread-3962] INFO  impl.FollowerState (FollowerState.java:run(108)) - 51dd3613-214f-48d9-8c41-f6a02a0d7e36@group-C187A73AAFDC-FollowerState: change to CANDIDATE, lastRpcTime:5000ms, electionTimeout:5000ms
2019-10-04 12:47:59,795 [Thread-3962] INFO  impl.RoleInfo (RoleInfo.java:shutdownFollowerState(121)) - 51dd3613-214f-48d9-8c41-f6a02a0d7e36: shutdown FollowerState
2019-10-04 12:47:59,795 [Thread-3962] INFO  impl.RaftServerImpl (RaftServerImpl.java:setRole(170)) - 51dd3613-214f-48d9-8c41-f6a02a0d7e36@group-C187A73AAFDC: changes role from  FOLLOWER to CANDIDATE at term 0 for changeToCandidate
2019-10-04 12:47:59,795 [Thread-3962] INFO  impl.RoleInfo (RoleInfo.java:updateAndGet(143)) - 51dd3613-214f-48d9-8c41-f6a02a0d7e36: start LeaderElection
2019-10-04 12:47:59,835 [51dd3613-214f-48d9-8c41-f6a02a0d7e36@group-C187A73AAFDC-LeaderElection89] INFO  impl.LeaderElection (LeaderElection.java:askForVotes(178)) - 51dd3613-214f-48d9-8c41-f6a02a0d7e36@group-C187A73AAFDC-LeaderElection89: begin an election at term 1 for -1: [51dd3613-214f-48d9-8c41-f6a02a0d7e36:192.168.5.134:41960], old=null
2019-10-04 12:47:59,835 [51dd3613-214f-48d9-8c41-f6a02a0d7e36@group-C187A73AAFDC-LeaderElection89] INFO  impl.RoleInfo (RoleInfo.java:shutdownLeaderElection(134)) - 51dd3613-214f-48d9-8c41-f6a02a0d7e36: shutdown LeaderElection
2019-10-04 12:47:59,835 [51dd3613-214f-48d9-8c41-f6a02a0d7e36@group-C187A73AAFDC-LeaderElection89] INFO  impl.RaftServerImpl (RaftServerImpl.java:setRole(170)) - 51dd3613-214f-48d9-8c41-f6a02a0d7e36@group-C187A73AAFDC: changes role from CANDIDATE to LEADER at term 1 for changeToLeader
2019-10-04 12:47:59,835 [51dd3613-214f-48d9-8c41-f6a02a0d7e36@group-C187A73AAFDC-LeaderElection89] INFO  impl.RaftServerImpl (ServerState.java:setLeader(255)) - 51dd3613-214f-48d9-8c41-f6a02a0d7e36@group-C187A73AAFDC: change Leader from null to 51dd3613-214f-48d9-8c41-f6a02a0d7e36 at term 1 for becomeLeader, leader elected after 5046ms
2019-10-04 12:47:59,835 [51dd3613-214f-48d9-8c41-f6a02a0d7e36@group-C187A73AAFDC-LeaderElection89] INFO  server.RaftServerConfigKeys (ConfUtils.java:logGet(43)) - raft.server.staging.catchup.gap = 1000 (default)
2019-10-04 12:47:59,835 [51dd3613-214f-48d9-8c41-f6a02a0d7e36@group-C187A73AAFDC-LeaderElection89] INFO  server.RaftServerConfigKeys (ConfUtils.java:logGet(43)) - raft.server.rpc.sleep.time = 25ms (default)
2019-10-04 12:47:59,835 [51dd3613-214f-48d9-8c41-f6a02a0d7e36@group-C187A73AAFDC-LeaderElection89] INFO  server.RaftServerConfigKeys (ConfUtils.java:logGet(43)) - raft.server.write.element-limit = 4096 (default)
2019-10-04 12:47:59,836 [51dd3613-214f-48d9-8c41-f6a02a0d7e36@group-C187A73AAFDC-LeaderElection89] INFO  server.RaftServerConfigKeys (ConfUtils.java:logGet(43)) - raft.server.watch.timeout = 10s (default)
2019-10-04 12:47:59,836 [51dd3613-214f-48d9-8c41-f6a02a0d7e36@group-C187A73AAFDC-LeaderElection89] INFO  server.RaftServerConfigKeys (ConfUtils.java:logGet(43)) - raft.server.watch.timeout.denomination = 1s (default)
2019-10-04 12:47:59,836 [51dd3613-214f-48d9-8c41-f6a02a0d7e36@group-C187A73AAFDC-LeaderElection89] INFO  server.RaftServerConfigKeys (ConfUtils.java:logGet(43)) - raft.server.watch.element-limit = 65536 (default)
2019-10-04 12:47:59,838 [51dd3613-214f-48d9-8c41-f6a02a0d7e36@group-C187A73AAFDC-LeaderElection89] INFO  impl.RoleInfo (RoleInfo.java:updateAndGet(143)) - 51dd3613-214f-48d9-8c41-f6a02a0d7e36: start LeaderState
2019-10-04 12:47:59,838 [51dd3613-214f-48d9-8c41-f6a02a0d7e36@group-C187A73AAFDC-LeaderElection89] INFO  segmented.SegmentedRaftLogWorker (SegmentedRaftLogWorker.java:startLogSegment(385)) - 51dd3613-214f-48d9-8c41-f6a02a0d7e36@group-C187A73AAFDC-SegmentedRaftLogWorker: Starting segment from index:0
2019-10-04 12:47:59,838 [51dd3613-214f-48d9-8c41-f6a02a0d7e36@group-C187A73AAFDC-LeaderElection89] INFO  impl.RaftServerImpl (ServerState.java:setRaftConf(356)) - 51dd3613-214f-48d9-8c41-f6a02a0d7e36@group-C187A73AAFDC: set configuration 0: [51dd3613-214f-48d9-8c41-f6a02a0d7e36:192.168.5.134:41960], old=null at 0
2019-10-04 12:47:59,874 [Thread-3956] INFO  impl.FollowerState (FollowerState.java:run(108)) - 2efff099-baa6-464b-b5a1-77a261c7ed99@group-9D0A024EEA84-FollowerState: change to CANDIDATE, lastRpcTime:5190ms, electionTimeout:5190ms
2019-10-04 12:47:59,874 [Thread-3956] INFO  impl.RoleInfo (RoleInfo.java:shutdownFollowerState(121)) - 2efff099-baa6-464b-b5a1-77a261c7ed99: shutdown FollowerState
2019-10-04 12:47:59,874 [Thread-3956] INFO  impl.RaftServerImpl (RaftServerImpl.java:setRole(170)) - 2efff099-baa6-464b-b5a1-77a261c7ed99@group-9D0A024EEA84: changes role from  FOLLOWER to CANDIDATE at term 0 for changeToCandidate
2019-10-04 12:47:59,874 [Thread-3956] INFO  impl.RoleInfo (RoleInfo.java:updateAndGet(143)) - 2efff099-baa6-464b-b5a1-77a261c7ed99: start LeaderElection
2019-10-04 12:47:59,889 [51dd3613-214f-48d9-8c41-f6a02a0d7e36@group-C187A73AAFDC-SegmentedRaftLogWorker] INFO  segmented.SegmentedRaftLogWorker (SegmentedRaftLogWorker.java:execute(574)) - 51dd3613-214f-48d9-8c41-f6a02a0d7e36@group-C187A73AAFDC-SegmentedRaftLogWorker: created new log segment /workdir/hadoop-ozone/integration-test/target/test-dir/MiniOzoneClusterImpl-5635d10f-1327-44e0-ad77-5958a3ffe64f/datanode-5/data/ratis/89b5b368-e91c-41c5-aa27-c187a73aafdc/current/log_inprogress_0
2019-10-04 12:47:59,889 [Thread-3959] INFO  impl.FollowerState (FollowerState.java:run(108)) - f825efd4-c0fd-4bb3-a180-360f0e805f39@group-E2EC3B3BA1DB-FollowerState: change to CANDIDATE, lastRpcTime:5145ms, electionTimeout:5145ms
2019-10-04 12:47:59,889 [Thread-3959] INFO  impl.RoleInfo (RoleInfo.java:shutdownFollowerState(121)) - f825efd4-c0fd-4bb3-a180-360f0e805f39: shutdown FollowerState
2019-10-04 12:47:59,889 [Thread-3959] INFO  impl.RaftServerImpl (RaftServerImpl.java:setRole(170)) - f825efd4-c0fd-4bb3-a180-360f0e805f39@group-E2EC3B3BA1DB: changes role from  FOLLOWER to CANDIDATE at term 0 for changeToCandidate
2019-10-04 12:47:59,889 [Thread-3959] INFO  impl.RoleInfo (RoleInfo.java:updateAndGet(143)) - f825efd4-c0fd-4bb3-a180-360f0e805f39: start LeaderElection
2019-10-04 12:47:59,892 [2efff099-baa6-464b-b5a1-77a261c7ed99@group-9D0A024EEA84-LeaderElection90] INFO  impl.LeaderElection (LeaderElection.java:askForVotes(178)) - 2efff099-baa6-464b-b5a1-77a261c7ed99@group-9D0A024EEA84-LeaderElection90: begin an election at term 1 for -1: [2efff099-baa6-464b-b5a1-77a261c7ed99:192.168.5.134:36985], old=null
2019-10-04 12:47:59,894 [2efff099-baa6-464b-b5a1-77a261c7ed99@group-9D0A024EEA84-LeaderElection90] INFO  impl.RoleInfo (RoleInfo.java:shutdownLeaderElection(134)) - 2efff099-baa6-464b-b5a1-77a261c7ed99: shutdown LeaderElection
2019-10-04 12:47:59,894 [2efff099-baa6-464b-b5a1-77a261c7ed99@group-9D0A024EEA84-LeaderElection90] INFO  impl.RaftServerImpl (RaftServerImpl.java:setRole(170)) - 2efff099-baa6-464b-b5a1-77a261c7ed99@group-9D0A024EEA84: changes role from CANDIDATE to LEADER at term 1 for changeToLeader
2019-10-04 12:47:59,894 [2efff099-baa6-464b-b5a1-77a261c7ed99@group-9D0A024EEA84-LeaderElection90] INFO  impl.RaftServerImpl (ServerState.java:setLeader(255)) - 2efff099-baa6-464b-b5a1-77a261c7ed99@group-9D0A024EEA84: change Leader from null to 2efff099-baa6-464b-b5a1-77a261c7ed99 at term 1 for becomeLeader, leader elected after 5216ms
2019-10-04 12:47:59,895 [2efff099-baa6-464b-b5a1-77a261c7ed99@group-9D0A024EEA84-LeaderElection90] INFO  server.RaftServerConfigKeys (ConfUtils.java:logGet(43)) - raft.server.staging.catchup.gap = 1000 (default)
2019-10-04 12:47:59,895 [2efff099-baa6-464b-b5a1-77a261c7ed99@group-9D0A024EEA84-LeaderElection90] INFO  server.RaftServerConfigKeys (ConfUtils.java:logGet(43)) - raft.server.rpc.sleep.time = 25ms (default)
2019-10-04 12:47:59,895 [2efff099-baa6-464b-b5a1-77a261c7ed99@group-9D0A024EEA84-LeaderElection90] INFO  server.RaftServerConfigKeys (ConfUtils.java:logGet(43)) - raft.server.write.element-limit = 4096 (default)
2019-10-04 12:47:59,895 [2efff099-baa6-464b-b5a1-77a261c7ed99@group-9D0A024EEA84-LeaderElection90] INFO  server.RaftServerConfigKeys (ConfUtils.java:logGet(43)) - raft.server.watch.timeout = 10s (default)
2019-10-04 12:47:59,895 [2efff099-baa6-464b-b5a1-77a261c7ed99@group-9D0A024EEA84-LeaderElection90] INFO  server.RaftServerConfigKeys (ConfUtils.java:logGet(43)) - raft.server.watch.timeout.denomination = 1s (default)
2019-10-04 12:47:59,896 [2efff099-baa6-464b-b5a1-77a261c7ed99@group-9D0A024EEA84-LeaderElection90] INFO  server.RaftServerConfigKeys (ConfUtils.java:logGet(43)) - raft.server.watch.element-limit = 65536 (default)
2019-10-04 12:47:59,898 [2efff099-baa6-464b-b5a1-77a261c7ed99@group-9D0A024EEA84-LeaderElection90] INFO  impl.RoleInfo (RoleInfo.java:updateAndGet(143)) - 2efff099-baa6-464b-b5a1-77a261c7ed99: start LeaderState
2019-10-04 12:47:59,898 [2efff099-baa6-464b-b5a1-77a261c7ed99@group-9D0A024EEA84-LeaderElection90] INFO  segmented.SegmentedRaftLogWorker (SegmentedRaftLogWorker.java:startLogSegment(385)) - 2efff099-baa6-464b-b5a1-77a261c7ed99@group-9D0A024EEA84-SegmentedRaftLogWorker: Starting segment from index:0
2019-10-04 12:47:59,898 [2efff099-baa6-464b-b5a1-77a261c7ed99@group-9D0A024EEA84-LeaderElection90] INFO  impl.RaftServerImpl (ServerState.java:setRaftConf(356)) - 2efff099-baa6-464b-b5a1-77a261c7ed99@group-9D0A024EEA84: set configuration 0: [2efff099-baa6-464b-b5a1-77a261c7ed99:192.168.5.134:36985], old=null at 0
2019-10-04 12:47:59,927 [f825efd4-c0fd-4bb3-a180-360f0e805f39@group-E2EC3B3BA1DB-LeaderElection91] INFO  impl.LeaderElection (LeaderElection.java:askForVotes(178)) - f825efd4-c0fd-4bb3-a180-360f0e805f39@group-E2EC3B3BA1DB-LeaderElection91: begin an election at term 1 for -1: [f825efd4-c0fd-4bb3-a180-360f0e805f39:192.168.5.134:42550], old=null
2019-10-04 12:47:59,928 [f825efd4-c0fd-4bb3-a180-360f0e805f39@group-E2EC3B3BA1DB-LeaderElection91] INFO  impl.RoleInfo (RoleInfo.java:shutdownLeaderElection(134)) - f825efd4-c0fd-4bb3-a180-360f0e805f39: shutdown LeaderElection
2019-10-04 12:47:59,928 [f825efd4-c0fd-4bb3-a180-360f0e805f39@group-E2EC3B3BA1DB-LeaderElection91] INFO  impl.RaftServerImpl (RaftServerImpl.java:setRole(170)) - f825efd4-c0fd-4bb3-a180-360f0e805f39@group-E2EC3B3BA1DB: changes role from CANDIDATE to LEADER at term 1 for changeToLeader
2019-10-04 12:47:59,928 [f825efd4-c0fd-4bb3-a180-360f0e805f39@group-E2EC3B3BA1DB-LeaderElection91] INFO  impl.RaftServerImpl (ServerState.java:setLeader(255)) - f825efd4-c0fd-4bb3-a180-360f0e805f39@group-E2EC3B3BA1DB: change Leader from null to f825efd4-c0fd-4bb3-a180-360f0e805f39 at term 1 for becomeLeader, leader elected after 5189ms
2019-10-04 12:47:59,928 [Thread-3970] INFO  impl.FollowerState (FollowerState.java:run(108)) - 51dd3613-214f-48d9-8c41-f6a02a0d7e36@group-545EE777F559-FollowerState: change to CANDIDATE, lastRpcTime:5049ms, electionTimeout:5049ms
2019-10-04 12:47:59,928 [f825efd4-c0fd-4bb3-a180-360f0e805f39@group-E2EC3B3BA1DB-LeaderElection91] INFO  server.RaftServerConfigKeys (ConfUtils.java:logGet(43)) - raft.server.staging.catchup.gap = 1000 (default)
2019-10-04 12:47:59,928 [Thread-3970] INFO  impl.RoleInfo (RoleInfo.java:shutdownFollowerState(121)) - 51dd3613-214f-48d9-8c41-f6a02a0d7e36: shutdown FollowerState
2019-10-04 12:47:59,928 [f825efd4-c0fd-4bb3-a180-360f0e805f39@group-E2EC3B3BA1DB-LeaderElection91] INFO  server.RaftServerConfigKeys (ConfUtils.java:logGet(43)) - raft.server.rpc.sleep.time = 25ms (default)
2019-10-04 12:47:59,928 [Thread-3970] INFO  impl.RaftServerImpl (RaftServerImpl.java:setRole(170)) - 51dd3613-214f-48d9-8c41-f6a02a0d7e36@group-545EE777F559: changes role from  FOLLOWER to CANDIDATE at term 0 for changeToCandidate
2019-10-04 12:47:59,928 [f825efd4-c0fd-4bb3-a180-360f0e805f39@group-E2EC3B3BA1DB-LeaderElection91] INFO  server.RaftServerConfigKeys (ConfUtils.java:logGet(43)) - raft.server.write.element-limit = 4096 (default)
2019-10-04 12:47:59,928 [Thread-3970] INFO  impl.RoleInfo (RoleInfo.java:updateAndGet(143)) - 51dd3613-214f-48d9-8c41-f6a02a0d7e36: start LeaderElection
2019-10-04 12:47:59,928 [f825efd4-c0fd-4bb3-a180-360f0e805f39@group-E2EC3B3BA1DB-LeaderElection91] INFO  server.RaftServerConfigKeys (ConfUtils.java:logGet(43)) - raft.server.watch.timeout = 10s (default)
2019-10-04 12:47:59,928 [f825efd4-c0fd-4bb3-a180-360f0e805f39@group-E2EC3B3BA1DB-LeaderElection91] INFO  server.RaftServerConfigKeys (ConfUtils.java:logGet(43)) - raft.server.watch.timeout.denomination = 1s (default)
2019-10-04 12:47:59,931 [f825efd4-c0fd-4bb3-a180-360f0e805f39@group-E2EC3B3BA1DB-LeaderElection91] INFO  server.RaftServerConfigKeys (ConfUtils.java:logGet(43)) - raft.server.watch.element-limit = 65536 (default)
2019-10-04 12:47:59,934 [f825efd4-c0fd-4bb3-a180-360f0e805f39@group-E2EC3B3BA1DB-LeaderElection91] INFO  impl.RoleInfo (RoleInfo.java:updateAndGet(143)) - f825efd4-c0fd-4bb3-a180-360f0e805f39: start LeaderState
2019-10-04 12:47:59,934 [f825efd4-c0fd-4bb3-a180-360f0e805f39@group-E2EC3B3BA1DB-LeaderElection91] INFO  segmented.SegmentedRaftLogWorker (SegmentedRaftLogWorker.java:startLogSegment(385)) - f825efd4-c0fd-4bb3-a180-360f0e805f39@group-E2EC3B3BA1DB-SegmentedRaftLogWorker: Starting segment from index:0
2019-10-04 12:47:59,934 [f825efd4-c0fd-4bb3-a180-360f0e805f39@group-E2EC3B3BA1DB-LeaderElection91] INFO  impl.RaftServerImpl (ServerState.java:setRaftConf(356)) - f825efd4-c0fd-4bb3-a180-360f0e805f39@group-E2EC3B3BA1DB: set configuration 0: [f825efd4-c0fd-4bb3-a180-360f0e805f39:192.168.5.134:42550], old=null at 0
2019-10-04 12:47:59,970 [2efff099-baa6-464b-b5a1-77a261c7ed99@group-9D0A024EEA84-SegmentedRaftLogWorker] INFO  segmented.SegmentedRaftLogWorker (SegmentedRaftLogWorker.java:execute(574)) - 2efff099-baa6-464b-b5a1-77a261c7ed99@group-9D0A024EEA84-SegmentedRaftLogWorker: created new log segment /workdir/hadoop-ozone/integration-test/target/test-dir/MiniOzoneClusterImpl-5635d10f-1327-44e0-ad77-5958a3ffe64f/datanode-3/data/ratis/78e831f6-9a49-4d50-b86a-9d0a024eea84/current/log_inprogress_0
2019-10-04 12:47:59,970 [51dd3613-214f-48d9-8c41-f6a02a0d7e36@group-545EE777F559-LeaderElection92] INFO  impl.LeaderElection (LeaderElection.java:askForVotes(178)) - 51dd3613-214f-48d9-8c41-f6a02a0d7e36@group-545EE777F559-LeaderElection92: begin an election at term 1 for -1: [2efff099-baa6-464b-b5a1-77a261c7ed99:192.168.5.134:36985, 51dd3613-214f-48d9-8c41-f6a02a0d7e36:192.168.5.134:41960, f825efd4-c0fd-4bb3-a180-360f0e805f39:192.168.5.134:42550], old=null
2019-10-04 12:47:59,976 [grpc-default-executor-10] INFO  impl.RaftServerImpl (RaftServerImpl.java:setRole(170)) - f825efd4-c0fd-4bb3-a180-360f0e805f39@group-545EE777F559: changes role from  FOLLOWER to FOLLOWER at term 1 for recognizeCandidate:51dd3613-214f-48d9-8c41-f6a02a0d7e36
2019-10-04 12:47:59,976 [grpc-default-executor-10] INFO  impl.RoleInfo (RoleInfo.java:shutdownFollowerState(121)) - f825efd4-c0fd-4bb3-a180-360f0e805f39: shutdown FollowerState
2019-10-04 12:47:59,977 [grpc-default-executor-9] INFO  impl.RaftServerImpl (RaftServerImpl.java:setRole(170)) - 2efff099-baa6-464b-b5a1-77a261c7ed99@group-545EE777F559: changes role from  FOLLOWER to FOLLOWER at term 1 for recognizeCandidate:51dd3613-214f-48d9-8c41-f6a02a0d7e36
2019-10-04 12:47:59,977 [grpc-default-executor-10] INFO  impl.RoleInfo (RoleInfo.java:updateAndGet(143)) - f825efd4-c0fd-4bb3-a180-360f0e805f39: start FollowerState
2019-10-04 12:47:59,977 [grpc-default-executor-9] INFO  impl.RoleInfo (RoleInfo.java:shutdownFollowerState(121)) - 2efff099-baa6-464b-b5a1-77a261c7ed99: shutdown FollowerState
2019-10-04 12:47:59,977 [Thread-3969] INFO  impl.FollowerState (FollowerState.java:run(117)) - f825efd4-c0fd-4bb3-a180-360f0e805f39@group-545EE777F559-FollowerState was interrupted: java.lang.InterruptedException: sleep interrupted
2019-10-04 12:47:59,977 [grpc-default-executor-9] INFO  impl.RoleInfo (RoleInfo.java:updateAndGet(143)) - 2efff099-baa6-464b-b5a1-77a261c7ed99: start FollowerState
2019-10-04 12:47:59,980 [Thread-3965] INFO  impl.FollowerState (FollowerState.java:run(117)) - 2efff099-baa6-464b-b5a1-77a261c7ed99@group-545EE777F559-FollowerState was interrupted: java.lang.InterruptedException: sleep interrupted
2019-10-04 12:47:59,995 [f825efd4-c0fd-4bb3-a180-360f0e805f39@group-E2EC3B3BA1DB-SegmentedRaftLogWorker] INFO  segmented.SegmentedRaftLogWorker (SegmentedRaftLogWorker.java:execute(574)) - f825efd4-c0fd-4bb3-a180-360f0e805f39@group-E2EC3B3BA1DB-SegmentedRaftLogWorker: created new log segment /workdir/hadoop-ozone/integration-test/target/test-dir/MiniOzoneClusterImpl-5635d10f-1327-44e0-ad77-5958a3ffe64f/datanode-4/data/ratis/6600e04b-d6a5-443e-bb50-e2ec3b3ba1db/current/log_inprogress_0
2019-10-04 12:48:00,010 [51dd3613-214f-48d9-8c41-f6a02a0d7e36@group-545EE777F559-LeaderElection92] INFO  impl.LeaderElection (LeaderElection.java:logAndReturn(56)) - 51dd3613-214f-48d9-8c41-f6a02a0d7e36@group-545EE777F559-LeaderElection92: Election PASSED; received 1 response(s) [51dd3613-214f-48d9-8c41-f6a02a0d7e36<-2efff099-baa6-464b-b5a1-77a261c7ed99#0:OK-t1] and 0 exception(s); 51dd3613-214f-48d9-8c41-f6a02a0d7e36@group-545EE777F559:t1, leader=null, voted=51dd3613-214f-48d9-8c41-f6a02a0d7e36, raftlog=51dd3613-214f-48d9-8c41-f6a02a0d7e36@group-545EE777F559-SegmentedRaftLog:OPENED:c-1,f-1,i0, conf=-1: [2efff099-baa6-464b-b5a1-77a261c7ed99:192.168.5.134:36985, 51dd3613-214f-48d9-8c41-f6a02a0d7e36:192.168.5.134:41960, f825efd4-c0fd-4bb3-a180-360f0e805f39:192.168.5.134:42550], old=null
2019-10-04 12:48:00,011 [51dd3613-214f-48d9-8c41-f6a02a0d7e36@group-545EE777F559-LeaderElection92] INFO  impl.RoleInfo (RoleInfo.java:shutdownLeaderElection(134)) - 51dd3613-214f-48d9-8c41-f6a02a0d7e36: shutdown LeaderElection
2019-10-04 12:48:00,011 [51dd3613-214f-48d9-8c41-f6a02a0d7e36@group-545EE777F559-LeaderElection92] INFO  impl.RaftServerImpl (RaftServerImpl.java:setRole(170)) - 51dd3613-214f-48d9-8c41-f6a02a0d7e36@group-545EE777F559: changes role from CANDIDATE to LEADER at term 1 for changeToLeader
2019-10-04 12:48:00,011 [51dd3613-214f-48d9-8c41-f6a02a0d7e36@group-545EE777F559-LeaderElection92] INFO  impl.RaftServerImpl (ServerState.java:setLeader(255)) - 51dd3613-214f-48d9-8c41-f6a02a0d7e36@group-545EE777F559: change Leader from null to 51dd3613-214f-48d9-8c41-f6a02a0d7e36 at term 1 for becomeLeader, leader elected after 5146ms
2019-10-04 12:48:00,011 [51dd3613-214f-48d9-8c41-f6a02a0d7e36@group-545EE777F559-LeaderElection92] INFO  server.RaftServerConfigKeys (ConfUtils.java:logGet(43)) - raft.server.staging.catchup.gap = 1000 (default)
2019-10-04 12:48:00,012 [51dd3613-214f-48d9-8c41-f6a02a0d7e36@group-545EE777F559-LeaderElection92] INFO  server.RaftServerConfigKeys (ConfUtils.java:logGet(43)) - raft.server.rpc.sleep.time = 25ms (default)
2019-10-04 12:48:00,012 [51dd3613-214f-48d9-8c41-f6a02a0d7e36@group-545EE777F559-LeaderElection92] INFO  server.RaftServerConfigKeys (ConfUtils.java:logGet(43)) - raft.server.write.element-limit = 4096 (default)
2019-10-04 12:48:00,012 [51dd3613-214f-48d9-8c41-f6a02a0d7e36@group-545EE777F559-LeaderElection92] INFO  server.RaftServerConfigKeys (ConfUtils.java:logGet(43)) - raft.server.watch.timeout = 10s (default)
2019-10-04 12:48:00,012 [51dd3613-214f-48d9-8c41-f6a02a0d7e36@group-545EE777F559-LeaderElection92] INFO  server.RaftServerConfigKeys (ConfUtils.java:logGet(43)) - raft.server.watch.timeout.denomination = 1s (default)
2019-10-04 12:48:00,012 [51dd3613-214f-48d9-8c41-f6a02a0d7e36@group-545EE777F559-LeaderElection92] INFO  server.RaftServerConfigKeys (ConfUtils.java:logGet(43)) - raft.server.watch.element-limit = 65536 (default)
2019-10-04 12:48:00,014 [51dd3613-214f-48d9-8c41-f6a02a0d7e36@group-545EE777F559-LeaderElection92] INFO  server.RaftServerConfigKeys (ConfUtils.java:logGet(43)) - raft.server.log.appender.snapshot.chunk.size.max = 16MB (=16777216) (default)
2019-10-04 12:48:00,015 [51dd3613-214f-48d9-8c41-f6a02a0d7e36@group-545EE777F559-LeaderElection92] INFO  server.RaftServerConfigKeys (ConfUtils.java:logGet(43)) - raft.server.log.appender.buffer.byte-limit = 33554432 (custom)
2019-10-04 12:48:00,015 [51dd3613-214f-48d9-8c41-f6a02a0d7e36@group-545EE777F559-LeaderElection92] INFO  server.RaftServerConfigKeys (ConfUtils.java:logGet(43)) - raft.server.log.appender.buffer.element-limit = 1 (custom)
2019-10-04 12:48:00,015 [51dd3613-214f-48d9-8c41-f6a02a0d7e36@group-545EE777F559-LeaderElection92] INFO  grpc.GrpcConfigKeys$Server (ConfUtils.java:logGet(43)) - raft.grpc.server.leader.outstanding.appends.max = 128 (default)
2019-10-04 12:48:00,015 [51dd3613-214f-48d9-8c41-f6a02a0d7e36@group-545EE777F559-LeaderElection92] INFO  server.RaftServerConfigKeys (ConfUtils.java:logGet(43)) - raft.server.rpc.request.timeout = 3000ms (default)
2019-10-04 12:48:00,015 [51dd3613-214f-48d9-8c41-f6a02a0d7e36@group-545EE777F559-LeaderElection92] INFO  server.RaftServerConfigKeys (ConfUtils.java:logGet(43)) - raft.server.log.appender.install.snapshot.enabled = false (custom)
2019-10-04 12:48:00,016 [51dd3613-214f-48d9-8c41-f6a02a0d7e36@group-545EE777F559-LeaderElection92] INFO  server.RaftServerConfigKeys (ConfUtils.java:logGet(43)) - raft.server.log.appender.snapshot.chunk.size.max = 16MB (=16777216) (default)
2019-10-04 12:48:00,016 [51dd3613-214f-48d9-8c41-f6a02a0d7e36@group-545EE777F559-LeaderElection92] INFO  server.RaftServerConfigKeys (ConfUtils.java:logGet(43)) - raft.server.log.appender.buffer.byte-limit = 33554432 (custom)
2019-10-04 12:48:00,016 [51dd3613-214f-48d9-8c41-f6a02a0d7e36@group-545EE777F559-LeaderElection92] INFO  server.RaftServerConfigKeys (ConfUtils.java:logGet(43)) - raft.server.log.appender.buffer.element-limit = 1 (custom)
2019-10-04 12:48:00,016 [51dd3613-214f-48d9-8c41-f6a02a0d7e36@group-545EE777F559-LeaderElection92] INFO  grpc.GrpcConfigKeys$Server (ConfUtils.java:logGet(43)) - raft.grpc.server.leader.outstanding.appends.max = 128 (default)
2019-10-04 12:48:00,016 [51dd3613-214f-48d9-8c41-f6a02a0d7e36@group-545EE777F559-LeaderElection92] INFO  server.RaftServerConfigKeys (ConfUtils.java:logGet(43)) - raft.server.rpc.request.timeout = 3000ms (default)
2019-10-04 12:48:00,017 [51dd3613-214f-48d9-8c41-f6a02a0d7e36@group-545EE777F559-LeaderElection92] INFO  server.RaftServerConfigKeys (ConfUtils.java:logGet(43)) - raft.server.log.appender.install.snapshot.enabled = false (custom)
2019-10-04 12:48:00,017 [51dd3613-214f-48d9-8c41-f6a02a0d7e36@group-545EE777F559-LeaderElection92] INFO  impl.RoleInfo (RoleInfo.java:updateAndGet(143)) - 51dd3613-214f-48d9-8c41-f6a02a0d7e36: start LeaderState
2019-10-04 12:48:00,017 [51dd3613-214f-48d9-8c41-f6a02a0d7e36@group-545EE777F559-LeaderElection92] INFO  segmented.SegmentedRaftLogWorker (SegmentedRaftLogWorker.java:startLogSegment(385)) - 51dd3613-214f-48d9-8c41-f6a02a0d7e36@group-545EE777F559-SegmentedRaftLogWorker: Starting segment from index:0
2019-10-04 12:48:00,018 [51dd3613-214f-48d9-8c41-f6a02a0d7e36@group-545EE777F559-LeaderElection92] INFO  impl.RaftServerImpl (ServerState.java:setRaftConf(356)) - 51dd3613-214f-48d9-8c41-f6a02a0d7e36@group-545EE777F559: set configuration 0: [2efff099-baa6-464b-b5a1-77a261c7ed99:192.168.5.134:36985, 51dd3613-214f-48d9-8c41-f6a02a0d7e36:192.168.5.134:41960, f825efd4-c0fd-4bb3-a180-360f0e805f39:192.168.5.134:42550], old=null at 0
2019-10-04 12:48:00,064 [grpc-default-executor-9] INFO  impl.RaftServerImpl (ServerState.java:setLeader(255)) - f825efd4-c0fd-4bb3-a180-360f0e805f39@group-545EE777F559: change Leader from null to 51dd3613-214f-48d9-8c41-f6a02a0d7e36 at term 1 for appendEntries, leader elected after 5197ms
2019-10-04 12:48:00,066 [51dd3613-214f-48d9-8c41-f6a02a0d7e36@group-545EE777F559-SegmentedRaftLogWorker] INFO  segmented.SegmentedRaftLogWorker (SegmentedRaftLogWorker.java:execute(574)) - 51dd3613-214f-48d9-8c41-f6a02a0d7e36@group-545EE777F559-SegmentedRaftLogWorker: created new log segment /workdir/hadoop-ozone/integration-test/target/test-dir/MiniOzoneClusterImpl-5635d10f-1327-44e0-ad77-5958a3ffe64f/datanode-5/data/ratis/b060f6f5-a250-451a-aecb-545ee777f559/current/log_inprogress_0
2019-10-04 12:48:00,066 [grpc-default-executor-9] INFO  impl.RaftServerImpl (ServerState.java:setLeader(255)) - 2efff099-baa6-464b-b5a1-77a261c7ed99@group-545EE777F559: change Leader from null to 51dd3613-214f-48d9-8c41-f6a02a0d7e36 at term 1 for appendEntries, leader elected after 5201ms
2019-10-04 12:48:00,070 [grpc-default-executor-10] INFO  impl.RaftServerImpl (ServerState.java:setRaftConf(356)) - f825efd4-c0fd-4bb3-a180-360f0e805f39@group-545EE777F559: set configuration 0: [2efff099-baa6-464b-b5a1-77a261c7ed99:192.168.5.134:36985, 51dd3613-214f-48d9-8c41-f6a02a0d7e36:192.168.5.134:41960, f825efd4-c0fd-4bb3-a180-360f0e805f39:192.168.5.134:42550], old=null at 0
2019-10-04 12:48:00,070 [grpc-default-executor-10] INFO  segmented.SegmentedRaftLogWorker (SegmentedRaftLogWorker.java:startLogSegment(385)) - f825efd4-c0fd-4bb3-a180-360f0e805f39@group-545EE777F559-SegmentedRaftLogWorker: Starting segment from index:0
2019-10-04 12:48:00,070 [grpc-default-executor-9] INFO  impl.RaftServerImpl (ServerState.java:setRaftConf(356)) - 2efff099-baa6-464b-b5a1-77a261c7ed99@group-545EE777F559: set configuration 0: [2efff099-baa6-464b-b5a1-77a261c7ed99:192.168.5.134:36985, 51dd3613-214f-48d9-8c41-f6a02a0d7e36:192.168.5.134:41960, f825efd4-c0fd-4bb3-a180-360f0e805f39:192.168.5.134:42550], old=null at 0
2019-10-04 12:48:00,070 [grpc-default-executor-9] INFO  segmented.SegmentedRaftLogWorker (SegmentedRaftLogWorker.java:startLogSegment(385)) - 2efff099-baa6-464b-b5a1-77a261c7ed99@group-545EE777F559-SegmentedRaftLogWorker: Starting segment from index:0
2019-10-04 12:48:00,154 [f825efd4-c0fd-4bb3-a180-360f0e805f39@group-545EE777F559-SegmentedRaftLogWorker] INFO  segmented.SegmentedRaftLogWorker (SegmentedRaftLogWorker.java:execute(574)) - f825efd4-c0fd-4bb3-a180-360f0e805f39@group-545EE777F559-SegmentedRaftLogWorker: created new log segment /workdir/hadoop-ozone/integration-test/target/test-dir/MiniOzoneClusterImpl-5635d10f-1327-44e0-ad77-5958a3ffe64f/datanode-4/data/ratis/b060f6f5-a250-451a-aecb-545ee777f559/current/log_inprogress_0
2019-10-04 12:48:00,154 [2efff099-baa6-464b-b5a1-77a261c7ed99@group-545EE777F559-SegmentedRaftLogWorker] INFO  segmented.SegmentedRaftLogWorker (SegmentedRaftLogWorker.java:execute(574)) - 2efff099-baa6-464b-b5a1-77a261c7ed99@group-545EE777F559-SegmentedRaftLogWorker: created new log segment /workdir/hadoop-ozone/integration-test/target/test-dir/MiniOzoneClusterImpl-5635d10f-1327-44e0-ad77-5958a3ffe64f/datanode-3/data/ratis/b060f6f5-a250-451a-aecb-545ee777f559/current/log_inprogress_0
2019-10-04 12:48:00,336 [EventQueue-CloseContainerForCloseContainerEventHandler] INFO  container.CloseContainerEventHandler (CloseContainerEventHandler.java:onMessage(61)) - Close container Event triggered for container : #1
2019-10-04 12:48:00,337 [EventQueue-CloseContainerForCloseContainerEventHandler] INFO  container.CloseContainerEventHandler (CloseContainerEventHandler.java:onMessage(61)) - Close container Event triggered for container : #1
2019-10-04 12:48:00,337 [EventQueue-CloseContainerForCloseContainerEventHandler] INFO  container.CloseContainerEventHandler (CloseContainerEventHandler.java:onMessage(61)) - Close container Event triggered for container : #1
2019-10-04 12:48:02,174 [RatisApplyTransactionExecutor 1] INFO  interfaces.Container (KeyValueContainer.java:flushAndSyncDB(386)) - Container 1 is synced with bcsId 14.
2019-10-04 12:48:02,174 [RatisApplyTransactionExecutor 1] INFO  interfaces.Container (KeyValueContainer.java:flushAndSyncDB(386)) - Container 1 is synced with bcsId 14.
2019-10-04 12:48:02,174 [RatisApplyTransactionExecutor 1] INFO  interfaces.Container (KeyValueContainer.java:flushAndSyncDB(386)) - Container 1 is synced with bcsId 14.
2019-10-04 12:48:02,174 [RatisApplyTransactionExecutor 1] INFO  interfaces.Container (KeyValueContainer.java:flushAndSyncDB(386)) - Container 1 is synced with bcsId 14.
2019-10-04 12:48:02,174 [RatisApplyTransactionExecutor 1] INFO  interfaces.Container (KeyValueContainer.java:flushAndSyncDB(386)) - Container 1 is synced with bcsId 14.
2019-10-04 12:48:02,175 [RatisApplyTransactionExecutor 1] INFO  interfaces.Container (KeyValueContainer.java:flushAndSyncDB(386)) - Container 1 is synced with bcsId 14.
2019-10-04 12:48:02,214 [RatisApplyTransactionExecutor 1] INFO  interfaces.Container (KeyValueContainer.java:close(335)) - Container 1 is closed with bcsId 14.
2019-10-04 12:48:02,214 [RatisApplyTransactionExecutor 1] INFO  interfaces.Container (KeyValueContainer.java:close(335)) - Container 1 is closed with bcsId 14.
2019-10-04 12:48:02,214 [RatisApplyTransactionExecutor 1] INFO  interfaces.Container (KeyValueContainer.java:close(335)) - Container 1 is closed with bcsId 14.
2019-10-04 12:48:02,215 [EventQueue-IncrementalContainerReportForIncrementalContainerReportHandler] INFO  container.IncrementalContainerReportHandler (AbstractContainerReportHandler.java:updateContainerState(176)) - Moving container #1 to CLOSED state, datanode 584a917b-d03e-4938-835a-6878b8162eea{ip: 192.168.5.134, host: pr-hdds-2222-6c7sc-20480173, networkLocation: /default-rack, certSerialId: null} reported CLOSED replica.
12:48:02.341 [grpc-default-executor-7] ERROR DNAudit - user=null | ip=null | op=WRITE_CHUNK {blockData=conID: 1 locID: 102904186527154195 bcsId: 14} | ret=FAILURE
org.apache.hadoop.hdds.scm.container.common.helpers.ContainerNotOpenException: Container 1 in CLOSED state
	at org.apache.hadoop.ozone.container.common.impl.HddsDispatcher.validateContainerCommand(HddsDispatcher.java:434) ~[hadoop-hdds-container-service-0.5.0-SNAPSHOT.jar:?]
	at org.apache.hadoop.ozone.container.common.transport.server.ratis.ContainerStateMachine.startTransaction(ContainerStateMachine.java:319) ~[hadoop-hdds-container-service-0.5.0-SNAPSHOT.jar:?]
	at org.apache.ratis.server.impl.RaftServerImpl.submitClientRequestAsync(RaftServerImpl.java:569) ~[ratis-server-0.5.0-201fc85-SNAPSHOT.jar:0.5.0-201fc85-SNAPSHOT]
	at org.apache.ratis.server.impl.RaftServerProxy.lambda$submitClientRequestAsync$7(RaftServerProxy.java:333) ~[ratis-server-0.5.0-201fc85-SNAPSHOT.jar:0.5.0-201fc85-SNAPSHOT]
	at org.apache.ratis.server.impl.RaftServerProxy.lambda$null$5(RaftServerProxy.java:328) ~[ratis-server-0.5.0-201fc85-SNAPSHOT.jar:0.5.0-201fc85-SNAPSHOT]
	at org.apache.ratis.util.JavaUtils.callAsUnchecked(JavaUtils.java:109) ~[ratis-common-0.5.0-201fc85-SNAPSHOT.jar:0.5.0-201fc85-SNAPSHOT]
	at org.apache.ratis.server.impl.RaftServerProxy.lambda$submitRequest$6(RaftServerProxy.java:328) ~[ratis-server-0.5.0-201fc85-SNAPSHOT.jar:0.5.0-201fc85-SNAPSHOT]
	at java.util.concurrent.CompletableFuture.uniComposeStage(CompletableFuture.java:981) ~[?:1.8.0_212]
	at java.util.concurrent.CompletableFuture.thenCompose(CompletableFuture.java:2124) ~[?:1.8.0_212]
	at org.apache.ratis.server.impl.RaftServerProxy.submitRequest(RaftServerProxy.java:327) ~[ratis-server-0.5.0-201fc85-SNAPSHOT.jar:0.5.0-201fc85-SNAPSHOT]
	at org.apache.ratis.server.impl.RaftServerProxy.submitClientRequestAsync(RaftServerProxy.java:333) ~[ratis-server-0.5.0-201fc85-SNAPSHOT.jar:0.5.0-201fc85-SNAPSHOT]
	at org.apache.ratis.grpc.client.GrpcClientProtocolService$RequestStreamObserver.processClientRequest(GrpcClientProtocolService.java:220) ~[ratis-grpc-0.5.0-201fc85-SNAPSHOT.jar:0.5.0-201fc85-SNAPSHOT]
	at org.apache.ratis.grpc.client.GrpcClientProtocolService$OrderedRequestStreamObserver.processClientRequest(GrpcClientProtocolService.java:326) ~[ratis-grpc-0.5.0-201fc85-SNAPSHOT.jar:0.5.0-201fc85-SNAPSHOT]
	at org.apache.ratis.util.SlidingWindow$Server.processRequestsFromHead(SlidingWindow.java:429) [ratis-common-0.5.0-201fc85-SNAPSHOT.jar:0.5.0-201fc85-SNAPSHOT]
	at org.apache.ratis.util.SlidingWindow$Server.receivedRequest(SlidingWindow.java:421) [ratis-common-0.5.0-201fc85-SNAPSHOT.jar:0.5.0-201fc85-SNAPSHOT]
	at org.apache.ratis.grpc.client.GrpcClientProtocolService$OrderedRequestStreamObserver.processClientRequest(GrpcClientProtocolService.java:345) [ratis-grpc-0.5.0-201fc85-SNAPSHOT.jar:0.5.0-201fc85-SNAPSHOT]
	at org.apache.ratis.grpc.client.GrpcClientProtocolService$RequestStreamObserver.onNext(GrpcClientProtocolService.java:240) [ratis-grpc-0.5.0-201fc85-SNAPSHOT.jar:0.5.0-201fc85-SNAPSHOT]
	at org.apache.ratis.grpc.client.GrpcClientProtocolService$RequestStreamObserver.onNext(GrpcClientProtocolService.java:168) [ratis-grpc-0.5.0-201fc85-SNAPSHOT.jar:0.5.0-201fc85-SNAPSHOT]
	at org.apache.ratis.thirdparty.io.grpc.stub.ServerCalls$StreamingServerCallHandler$StreamingServerCallListener.onMessage(ServerCalls.java:248) [ratis-thirdparty-misc-0.2.0.jar:0.2.0]
	at org.apache.ratis.thirdparty.io.grpc.internal.ServerCallImpl$ServerStreamListenerImpl.messagesAvailable(ServerCallImpl.java:263) [ratis-thirdparty-misc-0.2.0.jar:0.2.0]
	at org.apache.ratis.thirdparty.io.grpc.internal.ServerImpl$JumpToApplicationThreadServerStreamListener$1MessagesAvailable.runInContext(ServerImpl.java:686) [ratis-thirdparty-misc-0.2.0.jar:0.2.0]
	at org.apache.ratis.thirdparty.io.grpc.internal.ContextRunnable.run(ContextRunnable.java:37) [ratis-thirdparty-misc-0.2.0.jar:0.2.0]
	at org.apache.ratis.thirdparty.io.grpc.internal.SerializingExecutor.run(SerializingExecutor.java:123) [ratis-thirdparty-misc-0.2.0.jar:0.2.0]
	at java.util.concurrent.ThreadPoolExecutor.runWorker(ThreadPoolExecutor.java:1149) [?:1.8.0_212]
	at java.util.concurrent.ThreadPoolExecutor$Worker.run(ThreadPoolExecutor.java:624) [?:1.8.0_212]
	at java.lang.Thread.run(Thread.java:748) [?:1.8.0_212]
12:48:02.350 [grpc-default-executor-7] ERROR DNAudit - user=null | ip=null | op=WRITE_CHUNK {blockData=conID: 1 locID: 102904186527154195 bcsId: 14} | ret=FAILURE
org.apache.hadoop.hdds.scm.container.common.helpers.ContainerNotOpenException: Container 1 in CLOSED state
	at org.apache.hadoop.ozone.container.common.impl.HddsDispatcher.validateContainerCommand(HddsDispatcher.java:434) ~[hadoop-hdds-container-service-0.5.0-SNAPSHOT.jar:?]
	at org.apache.hadoop.ozone.container.common.transport.server.ratis.ContainerStateMachine.startTransaction(ContainerStateMachine.java:319) ~[hadoop-hdds-container-service-0.5.0-SNAPSHOT.jar:?]
	at org.apache.ratis.server.impl.RaftServerImpl.submitClientRequestAsync(RaftServerImpl.java:569) ~[ratis-server-0.5.0-201fc85-SNAPSHOT.jar:0.5.0-201fc85-SNAPSHOT]
	at org.apache.ratis.server.impl.RaftServerProxy.lambda$submitClientRequestAsync$7(RaftServerProxy.java:333) ~[ratis-server-0.5.0-201fc85-SNAPSHOT.jar:0.5.0-201fc85-SNAPSHOT]
	at org.apache.ratis.server.impl.RaftServerProxy.lambda$null$5(RaftServerProxy.java:328) ~[ratis-server-0.5.0-201fc85-SNAPSHOT.jar:0.5.0-201fc85-SNAPSHOT]
	at org.apache.ratis.util.JavaUtils.callAsUnchecked(JavaUtils.java:109) ~[ratis-common-0.5.0-201fc85-SNAPSHOT.jar:0.5.0-201fc85-SNAPSHOT]
	at org.apache.ratis.server.impl.RaftServerProxy.lambda$submitRequest$6(RaftServerProxy.java:328) ~[ratis-server-0.5.0-201fc85-SNAPSHOT.jar:0.5.0-201fc85-SNAPSHOT]
	at java.util.concurrent.CompletableFuture.uniComposeStage(CompletableFuture.java:981) ~[?:1.8.0_212]
	at java.util.concurrent.CompletableFuture.thenCompose(CompletableFuture.java:2124) ~[?:1.8.0_212]
	at org.apache.ratis.server.impl.RaftServerProxy.submitRequest(RaftServerProxy.java:327) ~[ratis-server-0.5.0-201fc85-SNAPSHOT.jar:0.5.0-201fc85-SNAPSHOT]
	at org.apache.ratis.server.impl.RaftServerProxy.submitClientRequestAsync(RaftServerProxy.java:333) ~[ratis-server-0.5.0-201fc85-SNAPSHOT.jar:0.5.0-201fc85-SNAPSHOT]
	at org.apache.ratis.grpc.client.GrpcClientProtocolService$RequestStreamObserver.processClientRequest(GrpcClientProtocolService.java:220) ~[ratis-grpc-0.5.0-201fc85-SNAPSHOT.jar:0.5.0-201fc85-SNAPSHOT]
	at org.apache.ratis.grpc.client.GrpcClientProtocolService$OrderedRequestStreamObserver.processClientRequest(GrpcClientProtocolService.java:326) ~[ratis-grpc-0.5.0-201fc85-SNAPSHOT.jar:0.5.0-201fc85-SNAPSHOT]
	at org.apache.ratis.util.SlidingWindow$Server.processRequestsFromHead(SlidingWindow.java:429) [ratis-common-0.5.0-201fc85-SNAPSHOT.jar:0.5.0-201fc85-SNAPSHOT]
	at org.apache.ratis.util.SlidingWindow$Server.receivedRequest(SlidingWindow.java:421) [ratis-common-0.5.0-201fc85-SNAPSHOT.jar:0.5.0-201fc85-SNAPSHOT]
	at org.apache.ratis.grpc.client.GrpcClientProtocolService$OrderedRequestStreamObserver.processClientRequest(GrpcClientProtocolService.java:345) [ratis-grpc-0.5.0-201fc85-SNAPSHOT.jar:0.5.0-201fc85-SNAPSHOT]
	at org.apache.ratis.grpc.client.GrpcClientProtocolService$RequestStreamObserver.onNext(GrpcClientProtocolService.java:240) [ratis-grpc-0.5.0-201fc85-SNAPSHOT.jar:0.5.0-201fc85-SNAPSHOT]
	at org.apache.ratis.grpc.client.GrpcClientProtocolService$RequestStreamObserver.onNext(GrpcClientProtocolService.java:168) [ratis-grpc-0.5.0-201fc85-SNAPSHOT.jar:0.5.0-201fc85-SNAPSHOT]
	at org.apache.ratis.thirdparty.io.grpc.stub.ServerCalls$StreamingServerCallHandler$StreamingServerCallListener.onMessage(ServerCalls.java:248) [ratis-thirdparty-misc-0.2.0.jar:0.2.0]
	at org.apache.ratis.thirdparty.io.grpc.internal.ServerCallImpl$ServerStreamListenerImpl.messagesAvailable(ServerCallImpl.java:263) [ratis-thirdparty-misc-0.2.0.jar:0.2.0]
	at org.apache.ratis.thirdparty.io.grpc.internal.ServerImpl$JumpToApplicationThreadServerStreamListener$1MessagesAvailable.runInContext(ServerImpl.java:686) [ratis-thirdparty-misc-0.2.0.jar:0.2.0]
	at org.apache.ratis.thirdparty.io.grpc.internal.ContextRunnable.run(ContextRunnable.java:37) [ratis-thirdparty-misc-0.2.0.jar:0.2.0]
	at org.apache.ratis.thirdparty.io.grpc.internal.SerializingExecutor.run(SerializingExecutor.java:123) [ratis-thirdparty-misc-0.2.0.jar:0.2.0]
	at java.util.concurrent.ThreadPoolExecutor.runWorker(ThreadPoolExecutor.java:1149) [?:1.8.0_212]
	at java.util.concurrent.ThreadPoolExecutor$Worker.run(ThreadPoolExecutor.java:624) [?:1.8.0_212]
	at java.lang.Thread.run(Thread.java:748) [?:1.8.0_212]
12:48:02.353 [grpc-default-executor-7] ERROR DNAudit - user=null | ip=null | op=PUT_BLOCK {blockData=[blockId=conID: 1 locID: 102904186527154195 bcsId: 0,size=650]} | ret=FAILURE
org.apache.hadoop.hdds.scm.container.common.helpers.ContainerNotOpenException: Container 1 in CLOSED state
	at org.apache.hadoop.ozone.container.common.impl.HddsDispatcher.validateContainerCommand(HddsDispatcher.java:434) ~[hadoop-hdds-container-service-0.5.0-SNAPSHOT.jar:?]
	at org.apache.hadoop.ozone.container.common.transport.server.ratis.ContainerStateMachine.startTransaction(ContainerStateMachine.java:319) ~[hadoop-hdds-container-service-0.5.0-SNAPSHOT.jar:?]
	at org.apache.ratis.server.impl.RaftServerImpl.submitClientRequestAsync(RaftServerImpl.java:569) ~[ratis-server-0.5.0-201fc85-SNAPSHOT.jar:0.5.0-201fc85-SNAPSHOT]
	at org.apache.ratis.server.impl.RaftServerProxy.lambda$submitClientRequestAsync$7(RaftServerProxy.java:333) ~[ratis-server-0.5.0-201fc85-SNAPSHOT.jar:0.5.0-201fc85-SNAPSHOT]
	at org.apache.ratis.server.impl.RaftServerProxy.lambda$null$5(RaftServerProxy.java:328) ~[ratis-server-0.5.0-201fc85-SNAPSHOT.jar:0.5.0-201fc85-SNAPSHOT]
	at org.apache.ratis.util.JavaUtils.callAsUnchecked(JavaUtils.java:109) ~[ratis-common-0.5.0-201fc85-SNAPSHOT.jar:0.5.0-201fc85-SNAPSHOT]
	at org.apache.ratis.server.impl.RaftServerProxy.lambda$submitRequest$6(RaftServerProxy.java:328) ~[ratis-server-0.5.0-201fc85-SNAPSHOT.jar:0.5.0-201fc85-SNAPSHOT]
	at java.util.concurrent.CompletableFuture.uniComposeStage(CompletableFuture.java:981) ~[?:1.8.0_212]
	at java.util.concurrent.CompletableFuture.thenCompose(CompletableFuture.java:2124) ~[?:1.8.0_212]
	at org.apache.ratis.server.impl.RaftServerProxy.submitRequest(RaftServerProxy.java:327) ~[ratis-server-0.5.0-201fc85-SNAPSHOT.jar:0.5.0-201fc85-SNAPSHOT]
	at org.apache.ratis.server.impl.RaftServerProxy.submitClientRequestAsync(RaftServerProxy.java:333) ~[ratis-server-0.5.0-201fc85-SNAPSHOT.jar:0.5.0-201fc85-SNAPSHOT]
	at org.apache.ratis.grpc.client.GrpcClientProtocolService$RequestStreamObserver.processClientRequest(GrpcClientProtocolService.java:220) ~[ratis-grpc-0.5.0-201fc85-SNAPSHOT.jar:0.5.0-201fc85-SNAPSHOT]
	at org.apache.ratis.grpc.client.GrpcClientProtocolService$OrderedRequestStreamObserver.processClientRequest(GrpcClientProtocolService.java:326) ~[ratis-grpc-0.5.0-201fc85-SNAPSHOT.jar:0.5.0-201fc85-SNAPSHOT]
	at org.apache.ratis.util.SlidingWindow$Server.processRequestsFromHead(SlidingWindow.java:429) [ratis-common-0.5.0-201fc85-SNAPSHOT.jar:0.5.0-201fc85-SNAPSHOT]
	at org.apache.ratis.util.SlidingWindow$Server.receivedRequest(SlidingWindow.java:421) [ratis-common-0.5.0-201fc85-SNAPSHOT.jar:0.5.0-201fc85-SNAPSHOT]
	at org.apache.ratis.grpc.client.GrpcClientProtocolService$OrderedRequestStreamObserver.processClientRequest(GrpcClientProtocolService.java:345) [ratis-grpc-0.5.0-201fc85-SNAPSHOT.jar:0.5.0-201fc85-SNAPSHOT]
	at org.apache.ratis.grpc.client.GrpcClientProtocolService$RequestStreamObserver.onNext(GrpcClientProtocolService.java:240) [ratis-grpc-0.5.0-201fc85-SNAPSHOT.jar:0.5.0-201fc85-SNAPSHOT]
	at org.apache.ratis.grpc.client.GrpcClientProtocolService$RequestStreamObserver.onNext(GrpcClientProtocolService.java:168) [ratis-grpc-0.5.0-201fc85-SNAPSHOT.jar:0.5.0-201fc85-SNAPSHOT]
	at org.apache.ratis.thirdparty.io.grpc.stub.ServerCalls$StreamingServerCallHandler$StreamingServerCallListener.onMessage(ServerCalls.java:248) [ratis-thirdparty-misc-0.2.0.jar:0.2.0]
	at org.apache.ratis.thirdparty.io.grpc.internal.ServerCallImpl$ServerStreamListenerImpl.messagesAvailable(ServerCallImpl.java:263) [ratis-thirdparty-misc-0.2.0.jar:0.2.0]
	at org.apache.ratis.thirdparty.io.grpc.internal.ServerImpl$JumpToApplicationThreadServerStreamListener$1MessagesAvailable.runInContext(ServerImpl.java:686) [ratis-thirdparty-misc-0.2.0.jar:0.2.0]
	at org.apache.ratis.thirdparty.io.grpc.internal.ContextRunnable.run(ContextRunnable.java:37) [ratis-thirdparty-misc-0.2.0.jar:0.2.0]
	at org.apache.ratis.thirdparty.io.grpc.internal.SerializingExecutor.run(SerializingExecutor.java:123) [ratis-thirdparty-misc-0.2.0.jar:0.2.0]
	at java.util.concurrent.ThreadPoolExecutor.runWorker(ThreadPoolExecutor.java:1149) [?:1.8.0_212]
	at java.util.concurrent.ThreadPoolExecutor$Worker.run(ThreadPoolExecutor.java:624) [?:1.8.0_212]
	at java.lang.Thread.run(Thread.java:748) [?:1.8.0_212]
12:48:02.368 [grpc-default-executor-7] ERROR DNAudit - user=null | ip=null | op=WRITE_CHUNK {blockData=conID: 1 locID: 102904186527154195 bcsId: 14} | ret=FAILURE
org.apache.hadoop.hdds.scm.container.common.helpers.ContainerNotOpenException: Container 1 in CLOSED state
	at org.apache.hadoop.ozone.container.common.impl.HddsDispatcher.validateContainerCommand(HddsDispatcher.java:434) ~[hadoop-hdds-container-service-0.5.0-SNAPSHOT.jar:?]
	at org.apache.hadoop.ozone.container.common.transport.server.ratis.ContainerStateMachine.startTransaction(ContainerStateMachine.java:319) ~[hadoop-hdds-container-service-0.5.0-SNAPSHOT.jar:?]
	at org.apache.ratis.server.impl.RaftServerImpl.submitClientRequestAsync(RaftServerImpl.java:569) ~[ratis-server-0.5.0-201fc85-SNAPSHOT.jar:0.5.0-201fc85-SNAPSHOT]
	at org.apache.ratis.server.impl.RaftServerProxy.lambda$submitClientRequestAsync$7(RaftServerProxy.java:333) ~[ratis-server-0.5.0-201fc85-SNAPSHOT.jar:0.5.0-201fc85-SNAPSHOT]
	at org.apache.ratis.server.impl.RaftServerProxy.lambda$null$5(RaftServerProxy.java:328) ~[ratis-server-0.5.0-201fc85-SNAPSHOT.jar:0.5.0-201fc85-SNAPSHOT]
	at org.apache.ratis.util.JavaUtils.callAsUnchecked(JavaUtils.java:109) ~[ratis-common-0.5.0-201fc85-SNAPSHOT.jar:0.5.0-201fc85-SNAPSHOT]
	at org.apache.ratis.server.impl.RaftServerProxy.lambda$submitRequest$6(RaftServerProxy.java:328) ~[ratis-server-0.5.0-201fc85-SNAPSHOT.jar:0.5.0-201fc85-SNAPSHOT]
	at java.util.concurrent.CompletableFuture.uniComposeStage(CompletableFuture.java:981) ~[?:1.8.0_212]
	at java.util.concurrent.CompletableFuture.thenCompose(CompletableFuture.java:2124) ~[?:1.8.0_212]
	at org.apache.ratis.server.impl.RaftServerProxy.submitRequest(RaftServerProxy.java:327) ~[ratis-server-0.5.0-201fc85-SNAPSHOT.jar:0.5.0-201fc85-SNAPSHOT]
	at org.apache.ratis.server.impl.RaftServerProxy.submitClientRequestAsync(RaftServerProxy.java:333) ~[ratis-server-0.5.0-201fc85-SNAPSHOT.jar:0.5.0-201fc85-SNAPSHOT]
	at org.apache.ratis.grpc.client.GrpcClientProtocolService$RequestStreamObserver.processClientRequest(GrpcClientProtocolService.java:220) ~[ratis-grpc-0.5.0-201fc85-SNAPSHOT.jar:0.5.0-201fc85-SNAPSHOT]
	at org.apache.ratis.grpc.client.GrpcClientProtocolService$OrderedRequestStreamObserver.processClientRequest(GrpcClientProtocolService.java:326) ~[ratis-grpc-0.5.0-201fc85-SNAPSHOT.jar:0.5.0-201fc85-SNAPSHOT]
	at org.apache.ratis.util.SlidingWindow$Server.processRequestsFromHead(SlidingWindow.java:429) [ratis-common-0.5.0-201fc85-SNAPSHOT.jar:0.5.0-201fc85-SNAPSHOT]
	at org.apache.ratis.util.SlidingWindow$Server.receivedRequest(SlidingWindow.java:421) [ratis-common-0.5.0-201fc85-SNAPSHOT.jar:0.5.0-201fc85-SNAPSHOT]
	at org.apache.ratis.grpc.client.GrpcClientProtocolService$OrderedRequestStreamObserver.processClientRequest(GrpcClientProtocolService.java:345) [ratis-grpc-0.5.0-201fc85-SNAPSHOT.jar:0.5.0-201fc85-SNAPSHOT]
	at org.apache.ratis.grpc.client.GrpcClientProtocolService$RequestStreamObserver.onNext(GrpcClientProtocolService.java:240) [ratis-grpc-0.5.0-201fc85-SNAPSHOT.jar:0.5.0-201fc85-SNAPSHOT]
	at org.apache.ratis.grpc.client.GrpcClientProtocolService$RequestStreamObserver.onNext(GrpcClientProtocolService.java:168) [ratis-grpc-0.5.0-201fc85-SNAPSHOT.jar:0.5.0-201fc85-SNAPSHOT]
	at org.apache.ratis.thirdparty.io.grpc.stub.ServerCalls$StreamingServerCallHandler$StreamingServerCallListener.onMessage(ServerCalls.java:248) [ratis-thirdparty-misc-0.2.0.jar:0.2.0]
	at org.apache.ratis.thirdparty.io.grpc.internal.ServerCallImpl$ServerStreamListenerImpl.messagesAvailable(ServerCallImpl.java:263) [ratis-thirdparty-misc-0.2.0.jar:0.2.0]
	at org.apache.ratis.thirdparty.io.grpc.internal.ServerImpl$JumpToApplicationThreadServerStreamListener$1MessagesAvailable.runInContext(ServerImpl.java:686) [ratis-thirdparty-misc-0.2.0.jar:0.2.0]
	at org.apache.ratis.thirdparty.io.grpc.internal.ContextRunnable.run(ContextRunnable.java:37) [ratis-thirdparty-misc-0.2.0.jar:0.2.0]
	at org.apache.ratis.thirdparty.io.grpc.internal.SerializingExecutor.run(SerializingExecutor.java:123) [ratis-thirdparty-misc-0.2.0.jar:0.2.0]
	at java.util.concurrent.ThreadPoolExecutor.runWorker(ThreadPoolExecutor.java:1149) [?:1.8.0_212]
	at java.util.concurrent.ThreadPoolExecutor$Worker.run(ThreadPoolExecutor.java:624) [?:1.8.0_212]
	at java.lang.Thread.run(Thread.java:748) [?:1.8.0_212]
12:48:02.369 [grpc-default-executor-7] ERROR DNAudit - user=null | ip=null | op=WRITE_CHUNK {blockData=conID: 1 locID: 102904186527154195 bcsId: 14} | ret=FAILURE
org.apache.hadoop.hdds.scm.container.common.helpers.ContainerNotOpenException: Container 1 in CLOSED state
	at org.apache.hadoop.ozone.container.common.impl.HddsDispatcher.validateContainerCommand(HddsDispatcher.java:434) ~[hadoop-hdds-container-service-0.5.0-SNAPSHOT.jar:?]
	at org.apache.hadoop.ozone.container.common.transport.server.ratis.ContainerStateMachine.startTransaction(ContainerStateMachine.java:319) ~[hadoop-hdds-container-service-0.5.0-SNAPSHOT.jar:?]
	at org.apache.ratis.server.impl.RaftServerImpl.submitClientRequestAsync(RaftServerImpl.java:569) ~[ratis-server-0.5.0-201fc85-SNAPSHOT.jar:0.5.0-201fc85-SNAPSHOT]
	at org.apache.ratis.server.impl.RaftServerProxy.lambda$submitClientRequestAsync$7(RaftServerProxy.java:333) ~[ratis-server-0.5.0-201fc85-SNAPSHOT.jar:0.5.0-201fc85-SNAPSHOT]
	at org.apache.ratis.server.impl.RaftServerProxy.lambda$null$5(RaftServerProxy.java:328) ~[ratis-server-0.5.0-201fc85-SNAPSHOT.jar:0.5.0-201fc85-SNAPSHOT]
	at org.apache.ratis.util.JavaUtils.callAsUnchecked(JavaUtils.java:109) ~[ratis-common-0.5.0-201fc85-SNAPSHOT.jar:0.5.0-201fc85-SNAPSHOT]
	at org.apache.ratis.server.impl.RaftServerProxy.lambda$submitRequest$6(RaftServerProxy.java:328) ~[ratis-server-0.5.0-201fc85-SNAPSHOT.jar:0.5.0-201fc85-SNAPSHOT]
	at java.util.concurrent.CompletableFuture.uniComposeStage(CompletableFuture.java:981) ~[?:1.8.0_212]
	at java.util.concurrent.CompletableFuture.thenCompose(CompletableFuture.java:2124) ~[?:1.8.0_212]
	at org.apache.ratis.server.impl.RaftServerProxy.submitRequest(RaftServerProxy.java:327) ~[ratis-server-0.5.0-201fc85-SNAPSHOT.jar:0.5.0-201fc85-SNAPSHOT]
	at org.apache.ratis.server.impl.RaftServerProxy.submitClientRequestAsync(RaftServerProxy.java:333) ~[ratis-server-0.5.0-201fc85-SNAPSHOT.jar:0.5.0-201fc85-SNAPSHOT]
	at org.apache.ratis.grpc.client.GrpcClientProtocolService$RequestStreamObserver.processClientRequest(GrpcClientProtocolService.java:220) ~[ratis-grpc-0.5.0-201fc85-SNAPSHOT.jar:0.5.0-201fc85-SNAPSHOT]
	at org.apache.ratis.grpc.client.GrpcClientProtocolService$OrderedRequestStreamObserver.processClientRequest(GrpcClientProtocolService.java:326) ~[ratis-grpc-0.5.0-201fc85-SNAPSHOT.jar:0.5.0-201fc85-SNAPSHOT]
	at org.apache.ratis.util.SlidingWindow$Server.processRequestsFromHead(SlidingWindow.java:429) [ratis-common-0.5.0-201fc85-SNAPSHOT.jar:0.5.0-201fc85-SNAPSHOT]
	at org.apache.ratis.util.SlidingWindow$Server.receivedRequest(SlidingWindow.java:421) [ratis-common-0.5.0-201fc85-SNAPSHOT.jar:0.5.0-201fc85-SNAPSHOT]
	at org.apache.ratis.grpc.client.GrpcClientProtocolService$OrderedRequestStreamObserver.processClientRequest(GrpcClientProtocolService.java:345) [ratis-grpc-0.5.0-201fc85-SNAPSHOT.jar:0.5.0-201fc85-SNAPSHOT]
	at org.apache.ratis.grpc.client.GrpcClientProtocolService$RequestStreamObserver.onNext(GrpcClientProtocolService.java:240) [ratis-grpc-0.5.0-201fc85-SNAPSHOT.jar:0.5.0-201fc85-SNAPSHOT]
	at org.apache.ratis.grpc.client.GrpcClientProtocolService$RequestStreamObserver.onNext(GrpcClientProtocolService.java:168) [ratis-grpc-0.5.0-201fc85-SNAPSHOT.jar:0.5.0-201fc85-SNAPSHOT]
	at org.apache.ratis.thirdparty.io.grpc.stub.ServerCalls$StreamingServerCallHandler$StreamingServerCallListener.onMessage(ServerCalls.java:248) [ratis-thirdparty-misc-0.2.0.jar:0.2.0]
	at org.apache.ratis.thirdparty.io.grpc.internal.ServerCallImpl$ServerStreamListenerImpl.messagesAvailable(ServerCallImpl.java:263) [ratis-thirdparty-misc-0.2.0.jar:0.2.0]
	at org.apache.ratis.thirdparty.io.grpc.internal.ServerImpl$JumpToApplicationThreadServerStreamListener$1MessagesAvailable.runInContext(ServerImpl.java:686) [ratis-thirdparty-misc-0.2.0.jar:0.2.0]
	at org.apache.ratis.thirdparty.io.grpc.internal.ContextRunnable.run(ContextRunnable.java:37) [ratis-thirdparty-misc-0.2.0.jar:0.2.0]
	at org.apache.ratis.thirdparty.io.grpc.internal.SerializingExecutor.run(SerializingExecutor.java:123) [ratis-thirdparty-misc-0.2.0.jar:0.2.0]
	at java.util.concurrent.ThreadPoolExecutor.runWorker(ThreadPoolExecutor.java:1149) [?:1.8.0_212]
	at java.util.concurrent.ThreadPoolExecutor$Worker.run(ThreadPoolExecutor.java:624) [?:1.8.0_212]
	at java.lang.Thread.run(Thread.java:748) [?:1.8.0_212]
12:48:02.389 [grpc-default-executor-7] ERROR DNAudit - user=null | ip=null | op=PUT_BLOCK {blockData=[blockId=conID: 1 locID: 102904186527154195 bcsId: 0,size=800]} | ret=FAILURE
org.apache.hadoop.hdds.scm.container.common.helpers.ContainerNotOpenException: Container 1 in CLOSED state
	at org.apache.hadoop.ozone.container.common.impl.HddsDispatcher.validateContainerCommand(HddsDispatcher.java:434) ~[hadoop-hdds-container-service-0.5.0-SNAPSHOT.jar:?]
	at org.apache.hadoop.ozone.container.common.transport.server.ratis.ContainerStateMachine.startTransaction(ContainerStateMachine.java:319) ~[hadoop-hdds-container-service-0.5.0-SNAPSHOT.jar:?]
	at org.apache.ratis.server.impl.RaftServerImpl.submitClientRequestAsync(RaftServerImpl.java:569) ~[ratis-server-0.5.0-201fc85-SNAPSHOT.jar:0.5.0-201fc85-SNAPSHOT]
	at org.apache.ratis.server.impl.RaftServerProxy.lambda$submitClientRequestAsync$7(RaftServerProxy.java:333) ~[ratis-server-0.5.0-201fc85-SNAPSHOT.jar:0.5.0-201fc85-SNAPSHOT]
	at org.apache.ratis.server.impl.RaftServerProxy.lambda$null$5(RaftServerProxy.java:328) ~[ratis-server-0.5.0-201fc85-SNAPSHOT.jar:0.5.0-201fc85-SNAPSHOT]
	at org.apache.ratis.util.JavaUtils.callAsUnchecked(JavaUtils.java:109) ~[ratis-common-0.5.0-201fc85-SNAPSHOT.jar:0.5.0-201fc85-SNAPSHOT]
	at org.apache.ratis.server.impl.RaftServerProxy.lambda$submitRequest$6(RaftServerProxy.java:328) ~[ratis-server-0.5.0-201fc85-SNAPSHOT.jar:0.5.0-201fc85-SNAPSHOT]
	at java.util.concurrent.CompletableFuture.uniComposeStage(CompletableFuture.java:981) ~[?:1.8.0_212]
	at java.util.concurrent.CompletableFuture.thenCompose(CompletableFuture.java:2124) ~[?:1.8.0_212]
	at org.apache.ratis.server.impl.RaftServerProxy.submitRequest(RaftServerProxy.java:327) ~[ratis-server-0.5.0-201fc85-SNAPSHOT.jar:0.5.0-201fc85-SNAPSHOT]
	at org.apache.ratis.server.impl.RaftServerProxy.submitClientRequestAsync(RaftServerProxy.java:333) ~[ratis-server-0.5.0-201fc85-SNAPSHOT.jar:0.5.0-201fc85-SNAPSHOT]
	at org.apache.ratis.grpc.client.GrpcClientProtocolService$RequestStreamObserver.processClientRequest(GrpcClientProtocolService.java:220) ~[ratis-grpc-0.5.0-201fc85-SNAPSHOT.jar:0.5.0-201fc85-SNAPSHOT]
	at org.apache.ratis.grpc.client.GrpcClientProtocolService$OrderedRequestStreamObserver.processClientRequest(GrpcClientProtocolService.java:326) ~[ratis-grpc-0.5.0-201fc85-SNAPSHOT.jar:0.5.0-201fc85-SNAPSHOT]
	at org.apache.ratis.util.SlidingWindow$Server.processRequestsFromHead(SlidingWindow.java:429) [ratis-common-0.5.0-201fc85-SNAPSHOT.jar:0.5.0-201fc85-SNAPSHOT]
	at org.apache.ratis.util.SlidingWindow$Server.receivedRequest(SlidingWindow.java:421) [ratis-common-0.5.0-201fc85-SNAPSHOT.jar:0.5.0-201fc85-SNAPSHOT]
	at org.apache.ratis.grpc.client.GrpcClientProtocolService$OrderedRequestStreamObserver.processClientRequest(GrpcClientProtocolService.java:345) [ratis-grpc-0.5.0-201fc85-SNAPSHOT.jar:0.5.0-201fc85-SNAPSHOT]
	at org.apache.ratis.grpc.client.GrpcClientProtocolService$RequestStreamObserver.onNext(GrpcClientProtocolService.java:240) [ratis-grpc-0.5.0-201fc85-SNAPSHOT.jar:0.5.0-201fc85-SNAPSHOT]
	at org.apache.ratis.grpc.client.GrpcClientProtocolService$RequestStreamObserver.onNext(GrpcClientProtocolService.java:168) [ratis-grpc-0.5.0-201fc85-SNAPSHOT.jar:0.5.0-201fc85-SNAPSHOT]
	at org.apache.ratis.thirdparty.io.grpc.stub.ServerCalls$StreamingServerCallHandler$StreamingServerCallListener.onMessage(ServerCalls.java:248) [ratis-thirdparty-misc-0.2.0.jar:0.2.0]
	at org.apache.ratis.thirdparty.io.grpc.internal.ServerCallImpl$ServerStreamListenerImpl.messagesAvailable(ServerCallImpl.java:263) [ratis-thirdparty-misc-0.2.0.jar:0.2.0]
	at org.apache.ratis.thirdparty.io.grpc.internal.ServerImpl$JumpToApplicationThreadServerStreamListener$1MessagesAvailable.runInContext(ServerImpl.java:686) [ratis-thirdparty-misc-0.2.0.jar:0.2.0]
	at org.apache.ratis.thirdparty.io.grpc.internal.ContextRunnable.run(ContextRunnable.java:37) [ratis-thirdparty-misc-0.2.0.jar:0.2.0]
	at org.apache.ratis.thirdparty.io.grpc.internal.SerializingExecutor.run(SerializingExecutor.java:123) [ratis-thirdparty-misc-0.2.0.jar:0.2.0]
	at java.util.concurrent.ThreadPoolExecutor.runWorker(ThreadPoolExecutor.java:1149) [?:1.8.0_212]
	at java.util.concurrent.ThreadPoolExecutor$Worker.run(ThreadPoolExecutor.java:624) [?:1.8.0_212]
	at java.lang.Thread.run(Thread.java:748) [?:1.8.0_212]
2019-10-04 12:48:03,786 [main] WARN  scm.XceiverClientRatis (XceiverClientRatis.java:watchForCommit(292)) - 3 way commit failed on pipeline Pipeline[ Id: b060f6f5-a250-451a-aecb-545ee777f559, Nodes: 51dd3613-214f-48d9-8c41-f6a02a0d7e36{ip: 192.168.5.134, host: pr-hdds-2222-6c7sc-20480173, networkLocation: /default-rack, certSerialId: null}2efff099-baa6-464b-b5a1-77a261c7ed99{ip: 192.168.5.134, host: pr-hdds-2222-6c7sc-20480173, networkLocation: /default-rack, certSerialId: null}f825efd4-c0fd-4bb3-a180-360f0e805f39{ip: 192.168.5.134, host: pr-hdds-2222-6c7sc-20480173, networkLocation: /default-rack, certSerialId: null}, Type:RATIS, Factor:THREE, State:OPEN]
java.util.concurrent.TimeoutException
	at java.util.concurrent.CompletableFuture.timedGet(CompletableFuture.java:1771)
	at java.util.concurrent.CompletableFuture.get(CompletableFuture.java:1915)
	at org.apache.hadoop.hdds.scm.XceiverClientRatis.watchForCommit(XceiverClientRatis.java:289)
	at org.apache.hadoop.hdds.scm.storage.CommitWatcher.watchForCommit(CommitWatcher.java:194)
	at org.apache.hadoop.hdds.scm.storage.CommitWatcher.watchOnLastIndex(CommitWatcher.java:157)
	at org.apache.hadoop.hdds.scm.storage.BlockOutputStream.watchForCommit(BlockOutputStream.java:347)
	at org.apache.hadoop.hdds.scm.storage.BlockOutputStream.handleFlush(BlockOutputStream.java:479)
	at org.apache.hadoop.hdds.scm.storage.BlockOutputStream.flush(BlockOutputStream.java:428)
	at org.apache.hadoop.ozone.client.io.BlockOutputStreamEntry.flush(BlockOutputStreamEntry.java:136)
	at org.apache.hadoop.ozone.client.io.KeyOutputStream.handleFlushOrClose(KeyOutputStream.java:443)
	at org.apache.hadoop.ozone.client.io.KeyOutputStream.flush(KeyOutputStream.java:397)
	at org.apache.hadoop.ozone.client.io.OzoneOutputStream.flush(OzoneOutputStream.java:54)
	at org.apache.hadoop.ozone.client.rpc.TestBlockOutputStreamWithFailures.testWatchForCommitWithCloseContainerException(TestBlockOutputStreamWithFailures.java:232)
	at sun.reflect.NativeMethodAccessorImpl.invoke0(Native Method)
	at sun.reflect.NativeMethodAccessorImpl.invoke(NativeMethodAccessorImpl.java:62)
	at sun.reflect.DelegatingMethodAccessorImpl.invoke(DelegatingMethodAccessorImpl.java:43)
	at java.lang.reflect.Method.invoke(Method.java:498)
	at org.junit.runners.model.FrameworkMethod$1.runReflectiveCall(FrameworkMethod.java:47)
	at org.junit.internal.runners.model.ReflectiveCallable.run(ReflectiveCallable.java:12)
	at org.junit.runners.model.FrameworkMethod.invokeExplosively(FrameworkMethod.java:44)
	at org.junit.internal.runners.statements.InvokeMethod.evaluate(InvokeMethod.java:17)
	at org.junit.internal.runners.statements.RunBefores.evaluate(RunBefores.java:26)
	at org.junit.internal.runners.statements.RunAfters.evaluate(RunAfters.java:27)
	at org.junit.runners.ParentRunner.runLeaf(ParentRunner.java:271)
	at org.junit.runners.BlockJUnit4ClassRunner.runChild(BlockJUnit4ClassRunner.java:70)
	at org.junit.runners.BlockJUnit4ClassRunner.runChild(BlockJUnit4ClassRunner.java:50)
	at org.junit.runners.ParentRunner$3.run(ParentRunner.java:238)
	at org.junit.runners.ParentRunner$1.schedule(ParentRunner.java:63)
	at org.junit.runners.ParentRunner.runChildren(ParentRunner.java:236)
	at org.junit.runners.ParentRunner.access$000(ParentRunner.java:53)
	at org.junit.runners.ParentRunner$2.evaluate(ParentRunner.java:229)
	at org.junit.runners.ParentRunner.run(ParentRunner.java:309)
	at org.apache.maven.surefire.junit4.JUnit4Provider.execute(JUnit4Provider.java:365)
	at org.apache.maven.surefire.junit4.JUnit4Provider.executeWithRerun(JUnit4Provider.java:273)
	at org.apache.maven.surefire.junit4.JUnit4Provider.executeTestSet(JUnit4Provider.java:238)
	at org.apache.maven.surefire.junit4.JUnit4Provider.invoke(JUnit4Provider.java:159)
	at org.apache.maven.surefire.booter.ForkedBooter.invokeProviderInSameClassLoader(ForkedBooter.java:384)
	at org.apache.maven.surefire.booter.ForkedBooter.runSuitesInProcess(ForkedBooter.java:345)
	at org.apache.maven.surefire.booter.ForkedBooter.execute(ForkedBooter.java:126)
	at org.apache.maven.surefire.booter.ForkedBooter.main(ForkedBooter.java:418)
2019-10-04 12:48:04,790 [main] WARN  storage.CommitWatcher (CommitWatcher.java:watchForCommit(203)) - watchForCommit failed for index 14
java.util.concurrent.TimeoutException
	at java.util.concurrent.CompletableFuture.timedGet(CompletableFuture.java:1771)
	at java.util.concurrent.CompletableFuture.get(CompletableFuture.java:1915)
	at org.apache.hadoop.hdds.scm.XceiverClientRatis.watchForCommit(XceiverClientRatis.java:298)
	at org.apache.hadoop.hdds.scm.storage.CommitWatcher.watchForCommit(CommitWatcher.java:194)
	at org.apache.hadoop.hdds.scm.storage.CommitWatcher.watchOnLastIndex(CommitWatcher.java:157)
	at org.apache.hadoop.hdds.scm.storage.BlockOutputStream.watchForCommit(BlockOutputStream.java:347)
	at org.apache.hadoop.hdds.scm.storage.BlockOutputStream.handleFlush(BlockOutputStream.java:479)
	at org.apache.hadoop.hdds.scm.storage.BlockOutputStream.flush(BlockOutputStream.java:428)
	at org.apache.hadoop.ozone.client.io.BlockOutputStreamEntry.flush(BlockOutputStreamEntry.java:136)
	at org.apache.hadoop.ozone.client.io.KeyOutputStream.handleFlushOrClose(KeyOutputStream.java:443)
	at org.apache.hadoop.ozone.client.io.KeyOutputStream.flush(KeyOutputStream.java:397)
	at org.apache.hadoop.ozone.client.io.OzoneOutputStream.flush(OzoneOutputStream.java:54)
	at org.apache.hadoop.ozone.client.rpc.TestBlockOutputStreamWithFailures.testWatchForCommitWithCloseContainerException(TestBlockOutputStreamWithFailures.java:232)
	at sun.reflect.NativeMethodAccessorImpl.invoke0(Native Method)
	at sun.reflect.NativeMethodAccessorImpl.invoke(NativeMethodAccessorImpl.java:62)
	at sun.reflect.DelegatingMethodAccessorImpl.invoke(DelegatingMethodAccessorImpl.java:43)
	at java.lang.reflect.Method.invoke(Method.java:498)
	at org.junit.runners.model.FrameworkMethod$1.runReflectiveCall(FrameworkMethod.java:47)
	at org.junit.internal.runners.model.ReflectiveCallable.run(ReflectiveCallable.java:12)
	at org.junit.runners.model.FrameworkMethod.invokeExplosively(FrameworkMethod.java:44)
	at org.junit.internal.runners.statements.InvokeMethod.evaluate(InvokeMethod.java:17)
	at org.junit.internal.runners.statements.RunBefores.evaluate(RunBefores.java:26)
	at org.junit.internal.runners.statements.RunAfters.evaluate(RunAfters.java:27)
	at org.junit.runners.ParentRunner.runLeaf(ParentRunner.java:271)
	at org.junit.runners.BlockJUnit4ClassRunner.runChild(BlockJUnit4ClassRunner.java:70)
	at org.junit.runners.BlockJUnit4ClassRunner.runChild(BlockJUnit4ClassRunner.java:50)
	at org.junit.runners.ParentRunner$3.run(ParentRunner.java:238)
	at org.junit.runners.ParentRunner$1.schedule(ParentRunner.java:63)
	at org.junit.runners.ParentRunner.runChildren(ParentRunner.java:236)
	at org.junit.runners.ParentRunner.access$000(ParentRunner.java:53)
	at org.junit.runners.ParentRunner$2.evaluate(ParentRunner.java:229)
	at org.junit.runners.ParentRunner.run(ParentRunner.java:309)
	at org.apache.maven.surefire.junit4.JUnit4Provider.execute(JUnit4Provider.java:365)
	at org.apache.maven.surefire.junit4.JUnit4Provider.executeWithRerun(JUnit4Provider.java:273)
	at org.apache.maven.surefire.junit4.JUnit4Provider.executeTestSet(JUnit4Provider.java:238)
	at org.apache.maven.surefire.junit4.JUnit4Provider.invoke(JUnit4Provider.java:159)
	at org.apache.maven.surefire.booter.ForkedBooter.invokeProviderInSameClassLoader(ForkedBooter.java:384)
	at org.apache.maven.surefire.booter.ForkedBooter.runSuitesInProcess(ForkedBooter.java:345)
	at org.apache.maven.surefire.booter.ForkedBooter.execute(ForkedBooter.java:126)
	at org.apache.maven.surefire.booter.ForkedBooter.main(ForkedBooter.java:418)
2019-10-04 12:48:04,791 [main] WARN  io.KeyOutputStream (KeyOutputStream.java:handleException(274)) - Encountered exception java.io.IOException: Unexpected Storage Container Exception: java.io.IOException: Unexpected Storage Container Exception: java.util.concurrent.TimeoutException on the pipeline Pipeline[ Id: b060f6f5-a250-451a-aecb-545ee777f559, Nodes: 51dd3613-214f-48d9-8c41-f6a02a0d7e36{ip: 192.168.5.134, host: pr-hdds-2222-6c7sc-20480173, networkLocation: /default-rack, certSerialId: null}2efff099-baa6-464b-b5a1-77a261c7ed99{ip: 192.168.5.134, host: pr-hdds-2222-6c7sc-20480173, networkLocation: /default-rack, certSerialId: null}f825efd4-c0fd-4bb3-a180-360f0e805f39{ip: 192.168.5.134, host: pr-hdds-2222-6c7sc-20480173, networkLocation: /default-rack, certSerialId: null}, Type:RATIS, Factor:THREE, State:OPEN]. The last committed block length is 400, uncommitted data length is 50 retry count 0
2019-10-04 12:48:05,013 [main] INFO  ozone.MiniOzoneClusterImpl (MiniOzoneClusterImpl.java:shutdown(314)) - Shutting down the Mini Ozone Cluster
2019-10-04 12:48:05,013 [main] INFO  ozone.MiniOzoneClusterImpl (MiniOzoneClusterImpl.java:stop(330)) - Stopping the Mini Ozone Cluster
2019-10-04 12:48:05,013 [main] INFO  ozone.MiniOzoneClusterImpl (MiniOzoneClusterImpl.java:stopOM(400)) - Stopping the OzoneManager
2019-10-04 12:48:05,013 [main] INFO  ipc.Server (Server.java:stop(3082)) - Stopping server on 46404
2019-10-04 12:48:05,024 [IPC Server listener on 46404] INFO  ipc.Server (Server.java:run(1185)) - Stopping IPC Server listener on 46404
2019-10-04 12:48:05,031 [main] INFO  ratis.OzoneManagerDoubleBuffer (OzoneManagerDoubleBuffer.java:stop(248)) - Stopping OMDoubleBuffer flush thread
2019-10-04 12:48:05,033 [IPC Server Responder] INFO  ipc.Server (Server.java:run(1319)) - Stopping IPC Server Responder
2019-10-04 12:48:05,052 [OMDoubleBufferFlushThread] INFO  ratis.OzoneManagerDoubleBuffer (OzoneManagerDoubleBuffer.java:flushTransactions(191)) - OMDoubleBuffer flush thread OMDoubleBufferFlushThread is interrupted and will exit. OMDoubleBufferFlushThread
2019-10-04 12:48:05,060 [main] INFO  utils.BackgroundService (BackgroundService.java:shutdown(148)) - Shutting down service KeyDeletingService
2019-10-04 12:48:05,061 [main] INFO  handler.ContextHandler (ContextHandler.java:doStop(910)) - Stopped o.e.j.w.WebAppContext@b55f5b7{/,null,UNAVAILABLE}{/ozoneManager}
2019-10-04 12:48:05,062 [main] INFO  server.AbstractConnector (AbstractConnector.java:doStop(318)) - Stopped ServerConnector@2aa6bbad{HTTP/1.1,[http/1.1]}{0.0.0.0:0}
2019-10-04 12:48:05,062 [main] INFO  handler.ContextHandler (ContextHandler.java:doStop(910)) - Stopped o.e.j.s.ServletContextHandler@75839695{/static,file:///workdir/hadoop-ozone/integration-test/target/test-classes/webapps/static,UNAVAILABLE}
2019-10-04 12:48:05,062 [main] INFO  handler.ContextHandler (ContextHandler.java:doStop(910)) - Stopped o.e.j.s.ServletContextHandler@29b5533{/logs,file:///workdir/hadoop-ozone/integration-test/target/log,UNAVAILABLE}
2019-10-04 12:48:05,064 [main] INFO  ozone.MiniOzoneClusterImpl (MiniOzoneClusterImpl.java:stopDatanodes(377)) - Stopping the HddsDatanodes
2019-10-04 12:48:05,563 [Datanode State Machine Thread - 0] INFO  statemachine.DatanodeStateMachine (DatanodeStateMachine.java:lambda$startDaemon$0(350)) - Ozone container server started.
2019-10-04 12:48:05,938 [Datanode State Machine Thread - 0] INFO  statemachine.DatanodeStateMachine (DatanodeStateMachine.java:lambda$startDaemon$0(350)) - Ozone container server started.
2019-10-04 12:48:09,573 [EventQueue-StaleNodeForStaleNodeHandler] INFO  node.StaleNodeHandler (StaleNodeHandler.java:onMessage(58)) - Datanode f825efd4-c0fd-4bb3-a180-360f0e805f39{ip: 192.168.5.134, host: pr-hdds-2222-6c7sc-20480173, networkLocation: /default-rack, certSerialId: null} moved to stale state. Finalizing its pipelines [PipelineID=b060f6f5-a250-451a-aecb-545ee777f559, PipelineID=6600e04b-d6a5-443e-bb50-e2ec3b3ba1db]
2019-10-04 12:48:09,574 [EventQueue-StaleNodeForStaleNodeHandler] INFO  pipeline.SCMPipelineManager (SCMPipelineManager.java:finalizeAndDestroyPipeline(315)) - destroying pipeline:Pipeline[ Id: b060f6f5-a250-451a-aecb-545ee777f559, Nodes: 51dd3613-214f-48d9-8c41-f6a02a0d7e36{ip: 192.168.5.134, host: pr-hdds-2222-6c7sc-20480173, networkLocation: /default-rack, certSerialId: null}2efff099-baa6-464b-b5a1-77a261c7ed99{ip: 192.168.5.134, host: pr-hdds-2222-6c7sc-20480173, networkLocation: /default-rack, certSerialId: null}f825efd4-c0fd-4bb3-a180-360f0e805f39{ip: 192.168.5.134, host: pr-hdds-2222-6c7sc-20480173, networkLocation: /default-rack, certSerialId: null}, Type:RATIS, Factor:THREE, State:OPEN]
2019-10-04 12:48:09,575 [EventQueue-StaleNodeForStaleNodeHandler] INFO  pipeline.PipelineStateManager (PipelineStateManager.java:finalizePipeline(123)) - Pipeline Pipeline[ Id: b060f6f5-a250-451a-aecb-545ee777f559, Nodes: 51dd3613-214f-48d9-8c41-f6a02a0d7e36{ip: 192.168.5.134, host: pr-hdds-2222-6c7sc-20480173, networkLocation: /default-rack, certSerialId: null}2efff099-baa6-464b-b5a1-77a261c7ed99{ip: 192.168.5.134, host: pr-hdds-2222-6c7sc-20480173, networkLocation: /default-rack, certSerialId: null}f825efd4-c0fd-4bb3-a180-360f0e805f39{ip: 192.168.5.134, host: pr-hdds-2222-6c7sc-20480173, networkLocation: /default-rack, certSerialId: null}, Type:RATIS, Factor:THREE, State:CLOSED] moved to CLOSED state
2019-10-04 12:48:09,575 [EventQueue-CloseContainerForCloseContainerEventHandler] INFO  container.CloseContainerEventHandler (CloseContainerEventHandler.java:onMessage(61)) - Close container Event triggered for container : #2
2019-10-04 12:48:09,584 [EventQueue-StaleNodeForStaleNodeHandler] INFO  pipeline.SCMPipelineManager (SCMPipelineManager.java:finalizeAndDestroyPipeline(315)) - destroying pipeline:Pipeline[ Id: 6600e04b-d6a5-443e-bb50-e2ec3b3ba1db, Nodes: f825efd4-c0fd-4bb3-a180-360f0e805f39{ip: 192.168.5.134, host: pr-hdds-2222-6c7sc-20480173, networkLocation: /default-rack, certSerialId: null}, Type:RATIS, Factor:ONE, State:OPEN]
2019-10-04 12:48:09,586 [EventQueue-StaleNodeForStaleNodeHandler] INFO  pipeline.PipelineStateManager (PipelineStateManager.java:finalizePipeline(123)) - Pipeline Pipeline[ Id: 6600e04b-d6a5-443e-bb50-e2ec3b3ba1db, Nodes: f825efd4-c0fd-4bb3-a180-360f0e805f39{ip: 192.168.5.134, host: pr-hdds-2222-6c7sc-20480173, networkLocation: /default-rack, certSerialId: null}, Type:RATIS, Factor:ONE, State:CLOSED] moved to CLOSED state
2019-10-04 12:48:09,973 [EventQueue-StaleNodeForStaleNodeHandler] INFO  node.StaleNodeHandler (StaleNodeHandler.java:onMessage(58)) - Datanode 0cc7607f-8c61-40d7-908d-9ac0a630b719{ip: 192.168.5.134, host: pr-hdds-2222-6c7sc-20480173, networkLocation: /default-rack, certSerialId: null} moved to stale state. Finalizing its pipelines [PipelineID=5a1a5253-f2ec-419d-9054-28f7fc37c67b, PipelineID=645f4c3d-d393-412b-8639-3fc577661888]
2019-10-04 12:48:09,974 [EventQueue-StaleNodeForStaleNodeHandler] INFO  pipeline.SCMPipelineManager (SCMPipelineManager.java:finalizeAndDestroyPipeline(315)) - destroying pipeline:Pipeline[ Id: 5a1a5253-f2ec-419d-9054-28f7fc37c67b, Nodes: 0cc7607f-8c61-40d7-908d-9ac0a630b719{ip: 192.168.5.134, host: pr-hdds-2222-6c7sc-20480173, networkLocation: /default-rack, certSerialId: null}, Type:RATIS, Factor:ONE, State:OPEN]
2019-10-04 12:48:09,974 [EventQueue-StaleNodeForStaleNodeHandler] INFO  pipeline.PipelineStateManager (PipelineStateManager.java:finalizePipeline(123)) - Pipeline Pipeline[ Id: 5a1a5253-f2ec-419d-9054-28f7fc37c67b, Nodes: 0cc7607f-8c61-40d7-908d-9ac0a630b719{ip: 192.168.5.134, host: pr-hdds-2222-6c7sc-20480173, networkLocation: /default-rack, certSerialId: null}, Type:RATIS, Factor:ONE, State:CLOSED] moved to CLOSED state
2019-10-04 12:48:09,974 [EventQueue-StaleNodeForStaleNodeHandler] INFO  pipeline.SCMPipelineManager (SCMPipelineManager.java:finalizeAndDestroyPipeline(315)) - destroying pipeline:Pipeline[ Id: 645f4c3d-d393-412b-8639-3fc577661888, Nodes: 584a917b-d03e-4938-835a-6878b8162eea{ip: 192.168.5.134, host: pr-hdds-2222-6c7sc-20480173, networkLocation: /default-rack, certSerialId: null}0cc7607f-8c61-40d7-908d-9ac0a630b719{ip: 192.168.5.134, host: pr-hdds-2222-6c7sc-20480173, networkLocation: /default-rack, certSerialId: null}3f4f3d77-7d07-4c07-8a80-2ae2fe2fe039{ip: 192.168.5.134, host: pr-hdds-2222-6c7sc-20480173, networkLocation: /default-rack, certSerialId: null}, Type:RATIS, Factor:THREE, State:OPEN]
2019-10-04 12:48:09,974 [EventQueue-StaleNodeForStaleNodeHandler] INFO  pipeline.PipelineStateManager (PipelineStateManager.java:finalizePipeline(123)) - Pipeline Pipeline[ Id: 645f4c3d-d393-412b-8639-3fc577661888, Nodes: 584a917b-d03e-4938-835a-6878b8162eea{ip: 192.168.5.134, host: pr-hdds-2222-6c7sc-20480173, networkLocation: /default-rack, certSerialId: null}0cc7607f-8c61-40d7-908d-9ac0a630b719{ip: 192.168.5.134, host: pr-hdds-2222-6c7sc-20480173, networkLocation: /default-rack, certSerialId: null}3f4f3d77-7d07-4c07-8a80-2ae2fe2fe039{ip: 192.168.5.134, host: pr-hdds-2222-6c7sc-20480173, networkLocation: /default-rack, certSerialId: null}, Type:RATIS, Factor:THREE, State:CLOSED] moved to CLOSED state
2019-10-04 12:48:09,975 [EventQueue-CloseContainerForCloseContainerEventHandler] INFO  container.CloseContainerEventHandler (CloseContainerEventHandler.java:onMessage(61)) - Close container Event triggered for container : #3
2019-10-04 12:48:10,065 [ForkJoinPool.commonPool-worker-0] INFO  ozoneimpl.OzoneContainer (OzoneContainer.java:stop(231)) - Attempting to stop container services.
2019-10-04 12:48:10,065 [main] INFO  ozoneimpl.OzoneContainer (OzoneContainer.java:stop(231)) - Attempting to stop container services.
2019-10-04 12:48:10,069 [ForkJoinPool.commonPool-worker-0] INFO  impl.RaftServerProxy (RaftServerProxy.java:lambda$close$4(314)) - 0cc7607f-8c61-40d7-908d-9ac0a630b719: close
2019-10-04 12:48:10,070 [main] INFO  impl.RaftServerProxy (RaftServerProxy.java:lambda$close$4(314)) - f825efd4-c0fd-4bb3-a180-360f0e805f39: close
2019-10-04 12:48:10,070 [ForkJoinPool.commonPool-worker-0] INFO  impl.RaftServerImpl (RaftServerImpl.java:lambda$shutdown$3(247)) - 0cc7607f-8c61-40d7-908d-9ac0a630b719@group-28F7FC37C67B: shutdown
2019-10-04 12:48:10,070 [main] INFO  impl.RaftServerImpl (RaftServerImpl.java:lambda$shutdown$3(247)) - f825efd4-c0fd-4bb3-a180-360f0e805f39@group-545EE777F559: shutdown
2019-10-04 12:48:10,070 [ForkJoinPool.commonPool-worker-0] INFO  util.JmxRegister (JmxRegister.java:unregister(73)) - Successfully un-registered JMX Bean with object name Ratis:service=RaftServer,group=group-28F7FC37C67B,id=0cc7607f-8c61-40d7-908d-9ac0a630b719
2019-10-04 12:48:10,071 [main] INFO  util.JmxRegister (JmxRegister.java:unregister(73)) - Successfully un-registered JMX Bean with object name Ratis:service=RaftServer,group=group-545EE777F559,id=f825efd4-c0fd-4bb3-a180-360f0e805f39
2019-10-04 12:48:10,071 [ForkJoinPool.commonPool-worker-0] INFO  impl.RoleInfo (RoleInfo.java:shutdownLeaderState(104)) - 0cc7607f-8c61-40d7-908d-9ac0a630b719: shutdown LeaderState
2019-10-04 12:48:10,071 [main] INFO  impl.RoleInfo (RoleInfo.java:shutdownFollowerState(121)) - f825efd4-c0fd-4bb3-a180-360f0e805f39: shutdown FollowerState
2019-10-04 12:48:10,072 [ForkJoinPool.commonPool-worker-0] INFO  impl.PendingRequests (PendingRequests.java:sendNotLeaderResponses(202)) - 0cc7607f-8c61-40d7-908d-9ac0a630b719@group-28F7FC37C67B-PendingRequests: sendNotLeaderResponses
2019-10-04 12:48:10,072 [main] INFO  impl.StateMachineUpdater (StateMachineUpdater.java:stopAndJoin(136)) - f825efd4-c0fd-4bb3-a180-360f0e805f39@group-545EE777F559-StateMachineUpdater: set stopIndex = 16
2019-10-04 12:48:10,072 [Thread-4017] INFO  impl.FollowerState (FollowerState.java:run(117)) - f825efd4-c0fd-4bb3-a180-360f0e805f39@group-545EE777F559-FollowerState was interrupted: java.lang.InterruptedException: sleep interrupted
2019-10-04 12:48:10,072 [ForkJoinPool.commonPool-worker-0] INFO  impl.StateMachineUpdater (StateMachineUpdater.java:stopAndJoin(136)) - 0cc7607f-8c61-40d7-908d-9ac0a630b719@group-28F7FC37C67B-StateMachineUpdater: set stopIndex = 0
2019-10-04 12:48:10,072 [f825efd4-c0fd-4bb3-a180-360f0e805f39@group-545EE777F559-StateMachineUpdater] INFO  ratis.ContainerStateMachine (ContainerStateMachine.java:takeSnapshot(293)) - group-545EE777F559: Taking a snapshot at:(t:1, i:16) file /workdir/hadoop-ozone/integration-test/target/test-dir/MiniOzoneClusterImpl-5635d10f-1327-44e0-ad77-5958a3ffe64f/datanode-4/data/ratis/b060f6f5-a250-451a-aecb-545ee777f559/sm/snapshot.1_16
2019-10-04 12:48:10,075 [ForkJoinPool.commonPool-worker-0] INFO  impl.RaftServerImpl (ServerState.java:close(387)) - 0cc7607f-8c61-40d7-908d-9ac0a630b719@group-28F7FC37C67B: closes. applyIndex: 0
2019-10-04 12:48:10,076 [0cc7607f-8c61-40d7-908d-9ac0a630b719@group-28F7FC37C67B-SegmentedRaftLogWorker] INFO  segmented.SegmentedRaftLogWorker (SegmentedRaftLogWorker.java:run(316)) - 0cc7607f-8c61-40d7-908d-9ac0a630b719@group-28F7FC37C67B-SegmentedRaftLogWorker was interrupted, exiting. There are 0 tasks remaining in the queue.
2019-10-04 12:48:10,087 [ForkJoinPool.commonPool-worker-0] INFO  segmented.SegmentedRaftLogWorker (SegmentedRaftLogWorker.java:close(224)) - 0cc7607f-8c61-40d7-908d-9ac0a630b719@group-28F7FC37C67B-SegmentedRaftLogWorker close()
2019-10-04 12:48:10,093 [ForkJoinPool.commonPool-worker-0] INFO  impl.RaftServerImpl (RaftServerImpl.java:lambda$shutdown$3(247)) - 0cc7607f-8c61-40d7-908d-9ac0a630b719@group-3FC577661888: shutdown
2019-10-04 12:48:10,093 [ForkJoinPool.commonPool-worker-0] INFO  util.JmxRegister (JmxRegister.java:unregister(73)) - Successfully un-registered JMX Bean with object name Ratis:service=RaftServer,group=group-3FC577661888,id=0cc7607f-8c61-40d7-908d-9ac0a630b719
2019-10-04 12:48:10,094 [ForkJoinPool.commonPool-worker-0] INFO  impl.RoleInfo (RoleInfo.java:shutdownFollowerState(121)) - 0cc7607f-8c61-40d7-908d-9ac0a630b719: shutdown FollowerState
2019-10-04 12:48:10,094 [ForkJoinPool.commonPool-worker-0] INFO  impl.StateMachineUpdater (StateMachineUpdater.java:stopAndJoin(136)) - 0cc7607f-8c61-40d7-908d-9ac0a630b719@group-3FC577661888-StateMachineUpdater: set stopIndex = 22
2019-10-04 12:48:10,094 [0cc7607f-8c61-40d7-908d-9ac0a630b719@group-3FC577661888-StateMachineUpdater] INFO  ratis.ContainerStateMachine (ContainerStateMachine.java:takeSnapshot(293)) - group-3FC577661888: Taking a snapshot at:(t:1, i:20) file /workdir/hadoop-ozone/integration-test/target/test-dir/MiniOzoneClusterImpl-5635d10f-1327-44e0-ad77-5958a3ffe64f/datanode-1/data/ratis/645f4c3d-d393-412b-8639-3fc577661888/sm/snapshot.1_20
2019-10-04 12:48:10,094 [Thread-3992] INFO  impl.FollowerState (FollowerState.java:run(117)) - 0cc7607f-8c61-40d7-908d-9ac0a630b719@group-3FC577661888-FollowerState was interrupted: java.lang.InterruptedException: sleep interrupted
2019-10-04 12:48:10,104 [f825efd4-c0fd-4bb3-a180-360f0e805f39@group-545EE777F559-StateMachineUpdater] INFO  ratis.ContainerStateMachine (ContainerStateMachine.java:takeSnapshot(304)) - group-545EE777F559: Finished taking a snapshot at:(t:1, i:16) file:/workdir/hadoop-ozone/integration-test/target/test-dir/MiniOzoneClusterImpl-5635d10f-1327-44e0-ad77-5958a3ffe64f/datanode-4/data/ratis/b060f6f5-a250-451a-aecb-545ee777f559/sm/snapshot.1_16 time:32
2019-10-04 12:48:10,104 [f825efd4-c0fd-4bb3-a180-360f0e805f39@group-545EE777F559-StateMachineUpdater] INFO  impl.StateMachineUpdater (StateMachineUpdater.java:takeSnapshot(269)) - f825efd4-c0fd-4bb3-a180-360f0e805f39@group-545EE777F559-StateMachineUpdater: Took a snapshot at index 16
2019-10-04 12:48:10,104 [f825efd4-c0fd-4bb3-a180-360f0e805f39@group-545EE777F559-StateMachineUpdater] INFO  impl.StateMachineUpdater (StateMachineUpdater.java:lambda$new$0(84)) - f825efd4-c0fd-4bb3-a180-360f0e805f39@group-545EE777F559-StateMachineUpdater: snapshotIndex: updateIncreasingly -1 -> 16
2019-10-04 12:48:10,105 [main] INFO  impl.RaftServerImpl (ServerState.java:close(387)) - f825efd4-c0fd-4bb3-a180-360f0e805f39@group-545EE777F559: closes. applyIndex: 16
2019-10-04 12:48:10,105 [f825efd4-c0fd-4bb3-a180-360f0e805f39@group-545EE777F559-SegmentedRaftLogWorker] INFO  segmented.SegmentedRaftLogWorker (SegmentedRaftLogWorker.java:run(316)) - f825efd4-c0fd-4bb3-a180-360f0e805f39@group-545EE777F559-SegmentedRaftLogWorker was interrupted, exiting. There are 0 tasks remaining in the queue.
2019-10-04 12:48:10,108 [main] INFO  segmented.SegmentedRaftLogWorker (SegmentedRaftLogWorker.java:close(224)) - f825efd4-c0fd-4bb3-a180-360f0e805f39@group-545EE777F559-SegmentedRaftLogWorker close()
2019-10-04 12:48:10,113 [main] INFO  impl.RaftServerImpl (RaftServerImpl.java:lambda$shutdown$3(247)) - f825efd4-c0fd-4bb3-a180-360f0e805f39@group-E2EC3B3BA1DB: shutdown
2019-10-04 12:48:10,113 [main] INFO  util.JmxRegister (JmxRegister.java:unregister(73)) - Successfully un-registered JMX Bean with object name Ratis:service=RaftServer,group=group-E2EC3B3BA1DB,id=f825efd4-c0fd-4bb3-a180-360f0e805f39
2019-10-04 12:48:10,113 [main] INFO  impl.RoleInfo (RoleInfo.java:shutdownLeaderState(104)) - f825efd4-c0fd-4bb3-a180-360f0e805f39: shutdown LeaderState
2019-10-04 12:48:10,114 [main] INFO  impl.PendingRequests (PendingRequests.java:sendNotLeaderResponses(202)) - f825efd4-c0fd-4bb3-a180-360f0e805f39@group-E2EC3B3BA1DB-PendingRequests: sendNotLeaderResponses
2019-10-04 12:48:10,114 [main] INFO  impl.StateMachineUpdater (StateMachineUpdater.java:stopAndJoin(136)) - f825efd4-c0fd-4bb3-a180-360f0e805f39@group-E2EC3B3BA1DB-StateMachineUpdater: set stopIndex = 0
2019-10-04 12:48:10,114 [main] INFO  impl.RaftServerImpl (ServerState.java:close(387)) - f825efd4-c0fd-4bb3-a180-360f0e805f39@group-E2EC3B3BA1DB: closes. applyIndex: 0
2019-10-04 12:48:10,115 [f825efd4-c0fd-4bb3-a180-360f0e805f39@group-E2EC3B3BA1DB-SegmentedRaftLogWorker] INFO  segmented.SegmentedRaftLogWorker (SegmentedRaftLogWorker.java:run(316)) - f825efd4-c0fd-4bb3-a180-360f0e805f39@group-E2EC3B3BA1DB-SegmentedRaftLogWorker was interrupted, exiting. There are 0 tasks remaining in the queue.
2019-10-04 12:48:10,117 [main] INFO  segmented.SegmentedRaftLogWorker (SegmentedRaftLogWorker.java:close(224)) - f825efd4-c0fd-4bb3-a180-360f0e805f39@group-E2EC3B3BA1DB-SegmentedRaftLogWorker close()
2019-10-04 12:48:10,122 [0cc7607f-8c61-40d7-908d-9ac0a630b719@group-3FC577661888-StateMachineUpdater] INFO  ratis.ContainerStateMachine (ContainerStateMachine.java:takeSnapshot(304)) - group-3FC577661888: Finished taking a snapshot at:(t:1, i:20) file:/workdir/hadoop-ozone/integration-test/target/test-dir/MiniOzoneClusterImpl-5635d10f-1327-44e0-ad77-5958a3ffe64f/datanode-1/data/ratis/645f4c3d-d393-412b-8639-3fc577661888/sm/snapshot.1_20 time:28
2019-10-04 12:48:10,122 [main] INFO  server.GrpcService (GrpcService.java:closeImpl(164)) - f825efd4-c0fd-4bb3-a180-360f0e805f39: shutdown server with port 42550 now
2019-10-04 12:48:10,123 [0cc7607f-8c61-40d7-908d-9ac0a630b719@group-3FC577661888-StateMachineUpdater] INFO  impl.StateMachineUpdater (StateMachineUpdater.java:takeSnapshot(269)) - 0cc7607f-8c61-40d7-908d-9ac0a630b719@group-3FC577661888-StateMachineUpdater: Took a snapshot at index 20
2019-10-04 12:48:10,123 [0cc7607f-8c61-40d7-908d-9ac0a630b719@group-3FC577661888-StateMachineUpdater] INFO  impl.StateMachineUpdater (StateMachineUpdater.java:lambda$new$0(84)) - 0cc7607f-8c61-40d7-908d-9ac0a630b719@group-3FC577661888-StateMachineUpdater: snapshotIndex: updateIncreasingly -1 -> 20
2019-10-04 12:48:10,123 [0cc7607f-8c61-40d7-908d-9ac0a630b719@group-3FC577661888-StateMachineUpdater] INFO  ratis.ContainerStateMachine (ContainerStateMachine.java:takeSnapshot(293)) - group-3FC577661888: Taking a snapshot at:(t:1, i:20) file /workdir/hadoop-ozone/integration-test/target/test-dir/MiniOzoneClusterImpl-5635d10f-1327-44e0-ad77-5958a3ffe64f/datanode-1/data/ratis/645f4c3d-d393-412b-8639-3fc577661888/sm/snapshot.1_20
2019-10-04 12:48:10,124 [grpc-default-executor-7] WARN  server.GrpcServerProtocolService (LogUtils.java:warn(134)) - f825efd4-c0fd-4bb3-a180-360f0e805f39: installSnapshot onError, lastRequest: 51dd3613-214f-48d9-8c41-f6a02a0d7e36->f825efd4-c0fd-4bb3-a180-360f0e805f39#19-t1, previous=(t:1, i:16), leaderCommit=16, initializing? false, entries: <empty>: org.apache.ratis.thirdparty.io.grpc.StatusRuntimeException: CANCELLED: cancelled before receiving half close
2019-10-04 12:48:10,124 [main] INFO  server.GrpcService (GrpcService.java:closeImpl(172)) - f825efd4-c0fd-4bb3-a180-360f0e805f39: shutdown server with port 42550 successfully
2019-10-04 12:48:10,125 [grpc-default-executor-9] WARN  server.GrpcLogAppender (LogUtils.java:warn(134)) - 51dd3613-214f-48d9-8c41-f6a02a0d7e36@group-545EE777F559->f825efd4-c0fd-4bb3-a180-360f0e805f39-AppendLogResponseHandler: Failed appendEntries: org.apache.ratis.thirdparty.io.grpc.StatusRuntimeException: CANCELLED: HTTP/2 error code: CANCEL
Received Rst Stream
2019-10-04 12:48:10,125 [grpc-default-executor-9] INFO  impl.FollowerInfo (FollowerInfo.java:lambda$new$0(51)) - 51dd3613-214f-48d9-8c41-f6a02a0d7e36@group-545EE777F559->f825efd4-c0fd-4bb3-a180-360f0e805f39: nextIndex: updateUnconditionally 17 -> 16
2019-10-04 12:48:10,128 [refreshUsed-/workdir/hadoop-ozone/integration-test/target/test-dir/MiniOzoneClusterImpl-5635d10f-1327-44e0-ad77-5958a3ffe64f/datanode-4/data/containers] WARN  fs.CachingGetSpaceUsed (CachingGetSpaceUsed.java:run(183)) - Thread Interrupted waiting to refresh disk information: sleep interrupted
2019-10-04 12:48:10,140 [main] INFO  utils.BackgroundService (BackgroundService.java:shutdown(148)) - Shutting down service BlockDeletingService
2019-10-04 12:48:10,148 [main] INFO  statemachine.DatanodeStateMachine (DatanodeStateMachine.java:stopDaemon(395)) - Ozone container server stopped.
2019-10-04 12:48:10,148 [0cc7607f-8c61-40d7-908d-9ac0a630b719@group-3FC577661888-StateMachineUpdater] INFO  ratis.ContainerStateMachine (ContainerStateMachine.java:takeSnapshot(304)) - group-3FC577661888: Finished taking a snapshot at:(t:1, i:20) file:/workdir/hadoop-ozone/integration-test/target/test-dir/MiniOzoneClusterImpl-5635d10f-1327-44e0-ad77-5958a3ffe64f/datanode-1/data/ratis/645f4c3d-d393-412b-8639-3fc577661888/sm/snapshot.1_20 time:25
2019-10-04 12:48:10,148 [0cc7607f-8c61-40d7-908d-9ac0a630b719@group-3FC577661888-StateMachineUpdater] INFO  impl.StateMachineUpdater (StateMachineUpdater.java:takeSnapshot(269)) - 0cc7607f-8c61-40d7-908d-9ac0a630b719@group-3FC577661888-StateMachineUpdater: Took a snapshot at index 20
2019-10-04 12:48:10,149 [0cc7607f-8c61-40d7-908d-9ac0a630b719@group-3FC577661888-StateMachineUpdater] INFO  impl.StateMachineUpdater (StateMachineUpdater.java:lambda$new$0(84)) - 0cc7607f-8c61-40d7-908d-9ac0a630b719@group-3FC577661888-StateMachineUpdater: snapshotIndex: updateIncreasingly 20 -> 20
2019-10-04 12:48:10,149 [ForkJoinPool.commonPool-worker-0] INFO  impl.RaftServerImpl (ServerState.java:close(387)) - 0cc7607f-8c61-40d7-908d-9ac0a630b719@group-3FC577661888: closes. applyIndex: 22
2019-10-04 12:48:10,149 [0cc7607f-8c61-40d7-908d-9ac0a630b719@group-3FC577661888-SegmentedRaftLogWorker] INFO  segmented.SegmentedRaftLogWorker (SegmentedRaftLogWorker.java:run(316)) - 0cc7607f-8c61-40d7-908d-9ac0a630b719@group-3FC577661888-SegmentedRaftLogWorker was interrupted, exiting. There are 0 tasks remaining in the queue.
2019-10-04 12:48:10,152 [ForkJoinPool.commonPool-worker-0] INFO  segmented.SegmentedRaftLogWorker (SegmentedRaftLogWorker.java:close(224)) - 0cc7607f-8c61-40d7-908d-9ac0a630b719@group-3FC577661888-SegmentedRaftLogWorker close()
2019-10-04 12:48:10,156 [ForkJoinPool.commonPool-worker-0] INFO  server.GrpcService (GrpcService.java:closeImpl(164)) - 0cc7607f-8c61-40d7-908d-9ac0a630b719: shutdown server with port 46768 now
2019-10-04 12:48:10,156 [main] INFO  handler.ContextHandler (ContextHandler.java:doStop(910)) - Stopped o.e.j.w.WebAppContext@5835e24a{/,null,UNAVAILABLE}{/hddsDatanode}
2019-10-04 12:48:10,156 [grpc-default-executor-7] WARN  server.GrpcServerProtocolService (LogUtils.java:warn(134)) - 0cc7607f-8c61-40d7-908d-9ac0a630b719: installSnapshot onError, lastRequest: 3f4f3d77-7d07-4c07-8a80-2ae2fe2fe039->0cc7607f-8c61-40d7-908d-9ac0a630b719#26-t1, previous=(t:1, i:22), leaderCommit=22, initializing? false, entries: <empty>: org.apache.ratis.thirdparty.io.grpc.StatusRuntimeException: CANCELLED: cancelled before receiving half close
2019-10-04 12:48:10,157 [grpc-default-executor-8] WARN  server.GrpcLogAppender (LogUtils.java:warn(134)) - 3f4f3d77-7d07-4c07-8a80-2ae2fe2fe039@group-3FC577661888->0cc7607f-8c61-40d7-908d-9ac0a630b719-AppendLogResponseHandler: Failed appendEntries: org.apache.ratis.thirdparty.io.grpc.StatusRuntimeException: CANCELLED: HTTP/2 error code: CANCEL
Received Rst Stream
2019-10-04 12:48:10,157 [ForkJoinPool.commonPool-worker-0] INFO  server.GrpcService (GrpcService.java:closeImpl(172)) - 0cc7607f-8c61-40d7-908d-9ac0a630b719: shutdown server with port 46768 successfully
2019-10-04 12:48:10,157 [main] INFO  server.AbstractConnector (AbstractConnector.java:doStop(318)) - Stopped ServerConnector@5238896f{HTTP/1.1,[http/1.1]}{0.0.0.0:0}
2019-10-04 12:48:10,157 [grpc-default-executor-8] INFO  impl.FollowerInfo (FollowerInfo.java:lambda$new$0(51)) - 3f4f3d77-7d07-4c07-8a80-2ae2fe2fe039@group-3FC577661888->0cc7607f-8c61-40d7-908d-9ac0a630b719: nextIndex: updateUnconditionally 23 -> 22
2019-10-04 12:48:10,158 [main] INFO  handler.ContextHandler (ContextHandler.java:doStop(910)) - Stopped o.e.j.s.ServletContextHandler@4bfa5eb9{/static,jar:file:/home/user/.m2/repository/org/apache/hadoop/hadoop-hdds-container-service/0.5.0-SNAPSHOT/hadoop-hdds-container-service-0.5.0-SNAPSHOT.jar!/webapps/static,UNAVAILABLE}
2019-10-04 12:48:10,158 [refreshUsed-/workdir/hadoop-ozone/integration-test/target/test-dir/MiniOzoneClusterImpl-5635d10f-1327-44e0-ad77-5958a3ffe64f/datanode-1/data/containers] WARN  fs.CachingGetSpaceUsed (CachingGetSpaceUsed.java:run(183)) - Thread Interrupted waiting to refresh disk information: sleep interrupted
2019-10-04 12:48:10,158 [main] INFO  handler.ContextHandler (ContextHandler.java:doStop(910)) - Stopped o.e.j.s.ServletContextHandler@13cc31ae{/logs,file:///workdir/hadoop-ozone/integration-test/target/log,UNAVAILABLE}
2019-10-04 12:48:10,171 [ForkJoinPool.commonPool-worker-0] INFO  utils.BackgroundService (BackgroundService.java:shutdown(148)) - Shutting down service BlockDeletingService
2019-10-04 12:48:10,177 [ForkJoinPool.commonPool-worker-0] INFO  statemachine.DatanodeStateMachine (DatanodeStateMachine.java:stopDaemon(395)) - Ozone container server stopped.
2019-10-04 12:48:10,183 [ForkJoinPool.commonPool-worker-0] INFO  handler.ContextHandler (ContextHandler.java:doStop(910)) - Stopped o.e.j.w.WebAppContext@455f4483{/,null,UNAVAILABLE}{/hddsDatanode}
2019-10-04 12:48:10,184 [ForkJoinPool.commonPool-worker-0] INFO  server.AbstractConnector (AbstractConnector.java:doStop(318)) - Stopped ServerConnector@6e239337{HTTP/1.1,[http/1.1]}{0.0.0.0:0}
2019-10-04 12:48:10,186 [ForkJoinPool.commonPool-worker-0] INFO  handler.ContextHandler (ContextHandler.java:doStop(910)) - Stopped o.e.j.s.ServletContextHandler@63a84bb6{/static,jar:file:/home/user/.m2/repository/org/apache/hadoop/hadoop-hdds-container-service/0.5.0-SNAPSHOT/hadoop-hdds-container-service-0.5.0-SNAPSHOT.jar!/webapps/static,UNAVAILABLE}
2019-10-04 12:48:10,188 [ForkJoinPool.commonPool-worker-0] INFO  handler.ContextHandler (ContextHandler.java:doStop(910)) - Stopped o.e.j.s.ServletContextHandler@21090c88{/logs,file:///workdir/hadoop-ozone/integration-test/target/log,UNAVAILABLE}
2019-10-04 12:48:10,298 [grpc-default-executor-7] WARN  server.GrpcLogAppender (LogUtils.java:warn(134)) - 51dd3613-214f-48d9-8c41-f6a02a0d7e36@group-545EE777F559->f825efd4-c0fd-4bb3-a180-360f0e805f39-AppendLogResponseHandler: Failed appendEntries: org.apache.ratis.thirdparty.io.grpc.StatusRuntimeException: UNAVAILABLE: io exception
2019-10-04 12:48:10,299 [grpc-default-executor-7] INFO  impl.FollowerInfo (FollowerInfo.java:lambda$new$0(51)) - 51dd3613-214f-48d9-8c41-f6a02a0d7e36@group-545EE777F559->f825efd4-c0fd-4bb3-a180-360f0e805f39: nextIndex: updateUnconditionally 16 -> 15
2019-10-04 12:48:10,563 [Datanode State Machine Thread - 0] INFO  statemachine.DatanodeStateMachine (DatanodeStateMachine.java:lambda$startDaemon$0(350)) - Ozone container server started.
2019-10-04 12:48:10,938 [Datanode State Machine Thread - 0] INFO  statemachine.DatanodeStateMachine (DatanodeStateMachine.java:lambda$startDaemon$0(350)) - Ozone container server started.
2019-10-04 12:48:11,586 [grpc-default-executor-9] WARN  server.GrpcLogAppender (LogUtils.java:warn(134)) - 51dd3613-214f-48d9-8c41-f6a02a0d7e36@group-545EE777F559->f825efd4-c0fd-4bb3-a180-360f0e805f39-AppendLogResponseHandler: Failed appendEntries: org.apache.ratis.thirdparty.io.grpc.StatusRuntimeException: UNAVAILABLE: io exception
2019-10-04 12:48:11,586 [grpc-default-executor-9] INFO  impl.FollowerInfo (FollowerInfo.java:lambda$new$0(51)) - 51dd3613-214f-48d9-8c41-f6a02a0d7e36@group-545EE777F559->f825efd4-c0fd-4bb3-a180-360f0e805f39: nextIndex: updateUnconditionally 16 -> 15
2019-10-04 12:48:11,589 [grpc-default-executor-7] WARN  server.GrpcLogAppender (LogUtils.java:warn(134)) - 51dd3613-214f-48d9-8c41-f6a02a0d7e36@group-545EE777F559->f825efd4-c0fd-4bb3-a180-360f0e805f39-AppendLogResponseHandler: Failed appendEntries: org.apache.ratis.thirdparty.io.grpc.StatusRuntimeException: UNAVAILABLE: io exception
2019-10-04 12:48:11,589 [grpc-default-executor-7] INFO  impl.FollowerInfo (FollowerInfo.java:lambda$new$0(51)) - 51dd3613-214f-48d9-8c41-f6a02a0d7e36@group-545EE777F559->f825efd4-c0fd-4bb3-a180-360f0e805f39: nextIndex: updateUnconditionally 16 -> 15
2019-10-04 12:48:11,592 [grpc-default-executor-9] WARN  server.GrpcLogAppender (LogUtils.java:warn(134)) - 51dd3613-214f-48d9-8c41-f6a02a0d7e36@group-545EE777F559->f825efd4-c0fd-4bb3-a180-360f0e805f39-AppendLogResponseHandler: Failed appendEntries: org.apache.ratis.thirdparty.io.grpc.StatusRuntimeException: UNAVAILABLE: io exception
2019-10-04 12:48:11,592 [grpc-default-executor-9] INFO  impl.FollowerInfo (FollowerInfo.java:lambda$new$0(51)) - 51dd3613-214f-48d9-8c41-f6a02a0d7e36@group-545EE777F559->f825efd4-c0fd-4bb3-a180-360f0e805f39: nextIndex: updateUnconditionally 16 -> 15
2019-10-04 12:48:11,601 [RatisApplyTransactionExecutor 2] INFO  interfaces.Container (KeyValueContainer.java:flushAndSyncDB(386)) - Container 2 is synced with bcsId 14.
2019-10-04 12:48:11,601 [RatisApplyTransactionExecutor 2] INFO  interfaces.Container (KeyValueContainer.java:flushAndSyncDB(386)) - Container 2 is synced with bcsId 14.
2019-10-04 12:48:11,615 [RatisApplyTransactionExecutor 2] INFO  interfaces.Container (KeyValueContainer.java:flushAndSyncDB(386)) - Container 2 is synced with bcsId 14.
2019-10-04 12:48:11,616 [RatisApplyTransactionExecutor 2] INFO  interfaces.Container (KeyValueContainer.java:flushAndSyncDB(386)) - Container 2 is synced with bcsId 14.
2019-10-04 12:48:11,616 [RatisApplyTransactionExecutor 2] INFO  interfaces.Container (KeyValueContainer.java:close(335)) - Container 2 is closed with bcsId 14.
2019-10-04 12:48:11,617 [EventQueue-IncrementalContainerReportForIncrementalContainerReportHandler] INFO  container.IncrementalContainerReportHandler (AbstractContainerReportHandler.java:updateContainerState(176)) - Moving container #2 to CLOSED state, datanode 51dd3613-214f-48d9-8c41-f6a02a0d7e36{ip: 192.168.5.134, host: pr-hdds-2222-6c7sc-20480173, networkLocation: /default-rack, certSerialId: null} reported CLOSED replica.
2019-10-04 12:48:11,620 [RatisApplyTransactionExecutor 2] INFO  interfaces.Container (KeyValueContainer.java:close(335)) - Container 2 is closed with bcsId 14.
2019-10-04 12:48:12,264 [grpc-default-executor-7] WARN  server.GrpcLogAppender (LogUtils.java:warn(134)) - 3f4f3d77-7d07-4c07-8a80-2ae2fe2fe039@group-3FC577661888->0cc7607f-8c61-40d7-908d-9ac0a630b719-AppendLogResponseHandler: Failed appendEntries: org.apache.ratis.thirdparty.io.grpc.StatusRuntimeException: UNAVAILABLE: io exception
2019-10-04 12:48:12,264 [grpc-default-executor-7] INFO  impl.FollowerInfo (FollowerInfo.java:lambda$new$0(51)) - 3f4f3d77-7d07-4c07-8a80-2ae2fe2fe039@group-3FC577661888->0cc7607f-8c61-40d7-908d-9ac0a630b719: nextIndex: updateUnconditionally 23 -> 22
2019-10-04 12:48:12,339 [grpc-default-executor-9] WARN  server.GrpcLogAppender (LogUtils.java:warn(134)) - 3f4f3d77-7d07-4c07-8a80-2ae2fe2fe039@group-3FC577661888->0cc7607f-8c61-40d7-908d-9ac0a630b719-AppendLogResponseHandler: Failed appendEntries: org.apache.ratis.thirdparty.io.grpc.StatusRuntimeException: UNAVAILABLE: io exception
2019-10-04 12:48:12,339 [grpc-default-executor-9] INFO  impl.FollowerInfo (FollowerInfo.java:lambda$new$0(51)) - 3f4f3d77-7d07-4c07-8a80-2ae2fe2fe039@group-3FC577661888->0cc7607f-8c61-40d7-908d-9ac0a630b719: nextIndex: updateUnconditionally 23 -> 22
2019-10-04 12:48:12,344 [grpc-default-executor-7] WARN  server.GrpcLogAppender (LogUtils.java:warn(134)) - 3f4f3d77-7d07-4c07-8a80-2ae2fe2fe039@group-3FC577661888->0cc7607f-8c61-40d7-908d-9ac0a630b719-AppendLogResponseHandler: Failed appendEntries: org.apache.ratis.thirdparty.io.grpc.StatusRuntimeException: UNAVAILABLE: io exception
2019-10-04 12:48:12,344 [grpc-default-executor-7] INFO  impl.FollowerInfo (FollowerInfo.java:lambda$new$0(51)) - 3f4f3d77-7d07-4c07-8a80-2ae2fe2fe039@group-3FC577661888->0cc7607f-8c61-40d7-908d-9ac0a630b719: nextIndex: updateUnconditionally 23 -> 22
2019-10-04 12:48:12,352 [RatisApplyTransactionExecutor 3] INFO  interfaces.Container (KeyValueContainer.java:flushAndSyncDB(386)) - Container 3 is synced with bcsId 20.
2019-10-04 12:48:12,352 [RatisApplyTransactionExecutor 3] INFO  interfaces.Container (KeyValueContainer.java:flushAndSyncDB(386)) - Container 3 is synced with bcsId 20.
2019-10-04 12:48:12,361 [RatisApplyTransactionExecutor 3] INFO  interfaces.Container (KeyValueContainer.java:flushAndSyncDB(386)) - Container 3 is synced with bcsId 20.
2019-10-04 12:48:12,361 [RatisApplyTransactionExecutor 3] INFO  interfaces.Container (KeyValueContainer.java:flushAndSyncDB(386)) - Container 3 is synced with bcsId 20.
2019-10-04 12:48:12,361 [RatisApplyTransactionExecutor 3] INFO  interfaces.Container (KeyValueContainer.java:close(335)) - Container 3 is closed with bcsId 20.
2019-10-04 12:48:12,362 [EventQueue-IncrementalContainerReportForIncrementalContainerReportHandler] INFO  container.IncrementalContainerReportHandler (AbstractContainerReportHandler.java:updateContainerState(176)) - Moving container #3 to CLOSED state, datanode 3f4f3d77-7d07-4c07-8a80-2ae2fe2fe039{ip: 192.168.5.134, host: pr-hdds-2222-6c7sc-20480173, networkLocation: /default-rack, certSerialId: null} reported CLOSED replica.
2019-10-04 12:48:12,369 [RatisApplyTransactionExecutor 3] INFO  interfaces.Container (KeyValueContainer.java:close(335)) - Container 3 is closed with bcsId 20.
2019-10-04 12:48:14,093 [grpc-default-executor-8] WARN  server.GrpcLogAppender (LogUtils.java:warn(134)) - 51dd3613-214f-48d9-8c41-f6a02a0d7e36@group-545EE777F559->f825efd4-c0fd-4bb3-a180-360f0e805f39-AppendLogResponseHandler: Failed appendEntries: org.apache.ratis.thirdparty.io.grpc.StatusRuntimeException: UNAVAILABLE: io exception
2019-10-04 12:48:14,093 [grpc-default-executor-8] INFO  impl.FollowerInfo (FollowerInfo.java:lambda$new$0(51)) - 51dd3613-214f-48d9-8c41-f6a02a0d7e36@group-545EE777F559->f825efd4-c0fd-4bb3-a180-360f0e805f39: nextIndex: updateUnconditionally 15 -> 14
2019-10-04 12:48:14,580 [EventQueue-StaleNodeForStaleNodeHandler] INFO  node.StaleNodeHandler (StaleNodeHandler.java:onMessage(58)) - Datanode 2efff099-baa6-464b-b5a1-77a261c7ed99{ip: 192.168.5.134, host: pr-hdds-2222-6c7sc-20480173, networkLocation: /default-rack, certSerialId: null} moved to stale state. Finalizing its pipelines [PipelineID=b060f6f5-a250-451a-aecb-545ee777f559, PipelineID=78e831f6-9a49-4d50-b86a-9d0a024eea84]
2019-10-04 12:48:14,580 [EventQueue-StaleNodeForStaleNodeHandler] INFO  pipeline.SCMPipelineManager (SCMPipelineManager.java:finalizeAndDestroyPipeline(315)) - destroying pipeline:Pipeline[ Id: b060f6f5-a250-451a-aecb-545ee777f559, Nodes: 51dd3613-214f-48d9-8c41-f6a02a0d7e36{ip: 192.168.5.134, host: pr-hdds-2222-6c7sc-20480173, networkLocation: /default-rack, certSerialId: null}2efff099-baa6-464b-b5a1-77a261c7ed99{ip: 192.168.5.134, host: pr-hdds-2222-6c7sc-20480173, networkLocation: /default-rack, certSerialId: null}f825efd4-c0fd-4bb3-a180-360f0e805f39{ip: 192.168.5.134, host: pr-hdds-2222-6c7sc-20480173, networkLocation: /default-rack, certSerialId: null}, Type:RATIS, Factor:THREE, State:CLOSED]
2019-10-04 12:48:14,581 [EventQueue-StaleNodeForStaleNodeHandler] INFO  pipeline.SCMPipelineManager (SCMPipelineManager.java:finalizeAndDestroyPipeline(315)) - destroying pipeline:Pipeline[ Id: 78e831f6-9a49-4d50-b86a-9d0a024eea84, Nodes: 2efff099-baa6-464b-b5a1-77a261c7ed99{ip: 192.168.5.134, host: pr-hdds-2222-6c7sc-20480173, networkLocation: /default-rack, certSerialId: null}, Type:RATIS, Factor:ONE, State:OPEN]
2019-10-04 12:48:14,581 [EventQueue-StaleNodeForStaleNodeHandler] INFO  pipeline.PipelineStateManager (PipelineStateManager.java:finalizePipeline(123)) - Pipeline Pipeline[ Id: 78e831f6-9a49-4d50-b86a-9d0a024eea84, Nodes: 2efff099-baa6-464b-b5a1-77a261c7ed99{ip: 192.168.5.134, host: pr-hdds-2222-6c7sc-20480173, networkLocation: /default-rack, certSerialId: null}, Type:RATIS, Factor:ONE, State:CLOSED] moved to CLOSED state
2019-10-04 12:48:14,845 [grpc-default-executor-7] WARN  server.GrpcLogAppender (LogUtils.java:warn(134)) - 3f4f3d77-7d07-4c07-8a80-2ae2fe2fe039@group-3FC577661888->0cc7607f-8c61-40d7-908d-9ac0a630b719-AppendLogResponseHandler: Failed appendEntries: org.apache.ratis.thirdparty.io.grpc.StatusRuntimeException: UNAVAILABLE: io exception
2019-10-04 12:48:14,849 [grpc-default-executor-7] INFO  impl.FollowerInfo (FollowerInfo.java:lambda$new$0(51)) - 3f4f3d77-7d07-4c07-8a80-2ae2fe2fe039@group-3FC577661888->0cc7607f-8c61-40d7-908d-9ac0a630b719: nextIndex: updateUnconditionally 22 -> 21
2019-10-04 12:48:14,980 [EventQueue-StaleNodeForStaleNodeHandler] INFO  node.StaleNodeHandler (StaleNodeHandler.java:onMessage(58)) - Datanode 584a917b-d03e-4938-835a-6878b8162eea{ip: 192.168.5.134, host: pr-hdds-2222-6c7sc-20480173, networkLocation: /default-rack, certSerialId: null} moved to stale state. Finalizing its pipelines [PipelineID=c482087a-d847-409b-bfc2-72ebc319d263, PipelineID=645f4c3d-d393-412b-8639-3fc577661888]
2019-10-04 12:48:14,981 [EventQueue-StaleNodeForStaleNodeHandler] INFO  pipeline.SCMPipelineManager (SCMPipelineManager.java:finalizeAndDestroyPipeline(315)) - destroying pipeline:Pipeline[ Id: c482087a-d847-409b-bfc2-72ebc319d263, Nodes: 584a917b-d03e-4938-835a-6878b8162eea{ip: 192.168.5.134, host: pr-hdds-2222-6c7sc-20480173, networkLocation: /default-rack, certSerialId: null}, Type:RATIS, Factor:ONE, State:OPEN]
2019-10-04 12:48:14,981 [EventQueue-StaleNodeForStaleNodeHandler] INFO  pipeline.PipelineStateManager (PipelineStateManager.java:finalizePipeline(123)) - Pipeline Pipeline[ Id: c482087a-d847-409b-bfc2-72ebc319d263, Nodes: 584a917b-d03e-4938-835a-6878b8162eea{ip: 192.168.5.134, host: pr-hdds-2222-6c7sc-20480173, networkLocation: /default-rack, certSerialId: null}, Type:RATIS, Factor:ONE, State:CLOSED] moved to CLOSED state
2019-10-04 12:48:14,981 [EventQueue-StaleNodeForStaleNodeHandler] INFO  pipeline.SCMPipelineManager (SCMPipelineManager.java:finalizeAndDestroyPipeline(315)) - destroying pipeline:Pipeline[ Id: 645f4c3d-d393-412b-8639-3fc577661888, Nodes: 584a917b-d03e-4938-835a-6878b8162eea{ip: 192.168.5.134, host: pr-hdds-2222-6c7sc-20480173, networkLocation: /default-rack, certSerialId: null}0cc7607f-8c61-40d7-908d-9ac0a630b719{ip: 192.168.5.134, host: pr-hdds-2222-6c7sc-20480173, networkLocation: /default-rack, certSerialId: null}3f4f3d77-7d07-4c07-8a80-2ae2fe2fe039{ip: 192.168.5.134, host: pr-hdds-2222-6c7sc-20480173, networkLocation: /default-rack, certSerialId: null}, Type:RATIS, Factor:THREE, State:CLOSED]
2019-10-04 12:48:15,162 [main] INFO  ozoneimpl.OzoneContainer (OzoneContainer.java:stop(231)) - Attempting to stop container services.
2019-10-04 12:48:15,163 [main] INFO  impl.RaftServerProxy (RaftServerProxy.java:lambda$close$4(314)) - 2efff099-baa6-464b-b5a1-77a261c7ed99: close
2019-10-04 12:48:15,163 [main] INFO  impl.RaftServerImpl (RaftServerImpl.java:lambda$shutdown$3(247)) - 2efff099-baa6-464b-b5a1-77a261c7ed99@group-545EE777F559: shutdown
2019-10-04 12:48:15,163 [main] INFO  util.JmxRegister (JmxRegister.java:unregister(73)) - Successfully un-registered JMX Bean with object name Ratis:service=RaftServer,group=group-545EE777F559,id=2efff099-baa6-464b-b5a1-77a261c7ed99
2019-10-04 12:48:15,164 [main] INFO  impl.RoleInfo (RoleInfo.java:shutdownFollowerState(121)) - 2efff099-baa6-464b-b5a1-77a261c7ed99: shutdown FollowerState
2019-10-04 12:48:15,164 [main] INFO  impl.StateMachineUpdater (StateMachineUpdater.java:stopAndJoin(136)) - 2efff099-baa6-464b-b5a1-77a261c7ed99@group-545EE777F559-StateMachineUpdater: set stopIndex = 18
2019-10-04 12:48:15,164 [Thread-4018] INFO  impl.FollowerState (FollowerState.java:run(117)) - 2efff099-baa6-464b-b5a1-77a261c7ed99@group-545EE777F559-FollowerState was interrupted: java.lang.InterruptedException: sleep interrupted
2019-10-04 12:48:15,164 [2efff099-baa6-464b-b5a1-77a261c7ed99@group-545EE777F559-StateMachineUpdater] INFO  ratis.ContainerStateMachine (ContainerStateMachine.java:takeSnapshot(293)) - group-545EE777F559: Taking a snapshot at:(t:1, i:17) file /workdir/hadoop-ozone/integration-test/target/test-dir/MiniOzoneClusterImpl-5635d10f-1327-44e0-ad77-5958a3ffe64f/datanode-3/data/ratis/b060f6f5-a250-451a-aecb-545ee777f559/sm/snapshot.1_17
2019-10-04 12:48:15,189 [ForkJoinPool.commonPool-worker-0] INFO  ozoneimpl.OzoneContainer (OzoneContainer.java:stop(231)) - Attempting to stop container services.
2019-10-04 12:48:15,189 [ForkJoinPool.commonPool-worker-0] INFO  impl.RaftServerProxy (RaftServerProxy.java:lambda$close$4(314)) - 584a917b-d03e-4938-835a-6878b8162eea: close
2019-10-04 12:48:15,189 [ForkJoinPool.commonPool-worker-0] INFO  impl.RaftServerImpl (RaftServerImpl.java:lambda$shutdown$3(247)) - 584a917b-d03e-4938-835a-6878b8162eea@group-72EBC319D263: shutdown
2019-10-04 12:48:15,190 [ForkJoinPool.commonPool-worker-0] INFO  util.JmxRegister (JmxRegister.java:unregister(73)) - Successfully un-registered JMX Bean with object name Ratis:service=RaftServer,group=group-72EBC319D263,id=584a917b-d03e-4938-835a-6878b8162eea
2019-10-04 12:48:15,190 [ForkJoinPool.commonPool-worker-0] INFO  impl.RoleInfo (RoleInfo.java:shutdownLeaderState(104)) - 584a917b-d03e-4938-835a-6878b8162eea: shutdown LeaderState
2019-10-04 12:48:15,190 [ForkJoinPool.commonPool-worker-0] INFO  impl.PendingRequests (PendingRequests.java:sendNotLeaderResponses(202)) - 584a917b-d03e-4938-835a-6878b8162eea@group-72EBC319D263-PendingRequests: sendNotLeaderResponses
2019-10-04 12:48:15,190 [ForkJoinPool.commonPool-worker-0] INFO  impl.StateMachineUpdater (StateMachineUpdater.java:stopAndJoin(136)) - 584a917b-d03e-4938-835a-6878b8162eea@group-72EBC319D263-StateMachineUpdater: set stopIndex = 0
2019-10-04 12:48:15,191 [ForkJoinPool.commonPool-worker-0] INFO  impl.RaftServerImpl (ServerState.java:close(387)) - 584a917b-d03e-4938-835a-6878b8162eea@group-72EBC319D263: closes. applyIndex: 0
2019-10-04 12:48:15,191 [584a917b-d03e-4938-835a-6878b8162eea@group-72EBC319D263-SegmentedRaftLogWorker] INFO  segmented.SegmentedRaftLogWorker (SegmentedRaftLogWorker.java:run(316)) - 584a917b-d03e-4938-835a-6878b8162eea@group-72EBC319D263-SegmentedRaftLogWorker was interrupted, exiting. There are 0 tasks remaining in the queue.
2019-10-04 12:48:15,193 [ForkJoinPool.commonPool-worker-0] INFO  segmented.SegmentedRaftLogWorker (SegmentedRaftLogWorker.java:close(224)) - 584a917b-d03e-4938-835a-6878b8162eea@group-72EBC319D263-SegmentedRaftLogWorker close()
2019-10-04 12:48:15,193 [2efff099-baa6-464b-b5a1-77a261c7ed99@group-545EE777F559-StateMachineUpdater] INFO  ratis.ContainerStateMachine (ContainerStateMachine.java:takeSnapshot(304)) - group-545EE777F559: Finished taking a snapshot at:(t:1, i:17) file:/workdir/hadoop-ozone/integration-test/target/test-dir/MiniOzoneClusterImpl-5635d10f-1327-44e0-ad77-5958a3ffe64f/datanode-3/data/ratis/b060f6f5-a250-451a-aecb-545ee777f559/sm/snapshot.1_17 time:29
2019-10-04 12:48:15,199 [ForkJoinPool.commonPool-worker-0] INFO  impl.RaftServerImpl (RaftServerImpl.java:lambda$shutdown$3(247)) - 584a917b-d03e-4938-835a-6878b8162eea@group-3FC577661888: shutdown
2019-10-04 12:48:15,199 [ForkJoinPool.commonPool-worker-0] INFO  util.JmxRegister (JmxRegister.java:unregister(73)) - Successfully un-registered JMX Bean with object name Ratis:service=RaftServer,group=group-3FC577661888,id=584a917b-d03e-4938-835a-6878b8162eea
2019-10-04 12:48:15,199 [2efff099-baa6-464b-b5a1-77a261c7ed99@group-545EE777F559-StateMachineUpdater] INFO  impl.StateMachineUpdater (StateMachineUpdater.java:takeSnapshot(269)) - 2efff099-baa6-464b-b5a1-77a261c7ed99@group-545EE777F559-StateMachineUpdater: Took a snapshot at index 17
2019-10-04 12:48:15,199 [ForkJoinPool.commonPool-worker-0] INFO  impl.RoleInfo (RoleInfo.java:shutdownFollowerState(121)) - 584a917b-d03e-4938-835a-6878b8162eea: shutdown FollowerState
2019-10-04 12:48:15,200 [2efff099-baa6-464b-b5a1-77a261c7ed99@group-545EE777F559-StateMachineUpdater] INFO  impl.StateMachineUpdater (StateMachineUpdater.java:lambda$new$0(84)) - 2efff099-baa6-464b-b5a1-77a261c7ed99@group-545EE777F559-StateMachineUpdater: snapshotIndex: updateIncreasingly -1 -> 17
2019-10-04 12:48:15,200 [Thread-3993] INFO  impl.FollowerState (FollowerState.java:run(117)) - 584a917b-d03e-4938-835a-6878b8162eea@group-3FC577661888-FollowerState was interrupted: java.lang.InterruptedException: sleep interrupted
2019-10-04 12:48:15,200 [ForkJoinPool.commonPool-worker-0] INFO  impl.StateMachineUpdater (StateMachineUpdater.java:stopAndJoin(136)) - 584a917b-d03e-4938-835a-6878b8162eea@group-3FC577661888-StateMachineUpdater: set stopIndex = 24
2019-10-04 12:48:15,200 [584a917b-d03e-4938-835a-6878b8162eea@group-3FC577661888-StateMachineUpdater] INFO  ratis.ContainerStateMachine (ContainerStateMachine.java:takeSnapshot(293)) - group-3FC577661888: Taking a snapshot at:(t:1, i:23) file /workdir/hadoop-ozone/integration-test/target/test-dir/MiniOzoneClusterImpl-5635d10f-1327-44e0-ad77-5958a3ffe64f/datanode-2/data/ratis/645f4c3d-d393-412b-8639-3fc577661888/sm/snapshot.1_23
2019-10-04 12:48:15,214 [2efff099-baa6-464b-b5a1-77a261c7ed99@group-545EE777F559-StateMachineUpdater] INFO  ratis.ContainerStateMachine (ContainerStateMachine.java:takeSnapshot(293)) - group-545EE777F559: Taking a snapshot at:(t:1, i:17) file /workdir/hadoop-ozone/integration-test/target/test-dir/MiniOzoneClusterImpl-5635d10f-1327-44e0-ad77-5958a3ffe64f/datanode-3/data/ratis/b060f6f5-a250-451a-aecb-545ee777f559/sm/snapshot.1_17
2019-10-04 12:48:15,240 [2efff099-baa6-464b-b5a1-77a261c7ed99@group-545EE777F559-StateMachineUpdater] INFO  ratis.ContainerStateMachine (ContainerStateMachine.java:takeSnapshot(304)) - group-545EE777F559: Finished taking a snapshot at:(t:1, i:17) file:/workdir/hadoop-ozone/integration-test/target/test-dir/MiniOzoneClusterImpl-5635d10f-1327-44e0-ad77-5958a3ffe64f/datanode-3/data/ratis/b060f6f5-a250-451a-aecb-545ee777f559/sm/snapshot.1_17 time:26
2019-10-04 12:48:15,240 [584a917b-d03e-4938-835a-6878b8162eea@group-3FC577661888-StateMachineUpdater] INFO  ratis.ContainerStateMachine (ContainerStateMachine.java:takeSnapshot(304)) - group-3FC577661888: Finished taking a snapshot at:(t:1, i:23) file:/workdir/hadoop-ozone/integration-test/target/test-dir/MiniOzoneClusterImpl-5635d10f-1327-44e0-ad77-5958a3ffe64f/datanode-2/data/ratis/645f4c3d-d393-412b-8639-3fc577661888/sm/snapshot.1_23 time:40
2019-10-04 12:48:15,240 [2efff099-baa6-464b-b5a1-77a261c7ed99@group-545EE777F559-StateMachineUpdater] INFO  impl.StateMachineUpdater (StateMachineUpdater.java:takeSnapshot(269)) - 2efff099-baa6-464b-b5a1-77a261c7ed99@group-545EE777F559-StateMachineUpdater: Took a snapshot at index 17
2019-10-04 12:48:15,240 [584a917b-d03e-4938-835a-6878b8162eea@group-3FC577661888-StateMachineUpdater] INFO  impl.StateMachineUpdater (StateMachineUpdater.java:takeSnapshot(269)) - 584a917b-d03e-4938-835a-6878b8162eea@group-3FC577661888-StateMachineUpdater: Took a snapshot at index 23
2019-10-04 12:48:15,240 [2efff099-baa6-464b-b5a1-77a261c7ed99@group-545EE777F559-StateMachineUpdater] INFO  impl.StateMachineUpdater (StateMachineUpdater.java:lambda$new$0(84)) - 2efff099-baa6-464b-b5a1-77a261c7ed99@group-545EE777F559-StateMachineUpdater: snapshotIndex: updateIncreasingly 17 -> 17
2019-10-04 12:48:15,241 [584a917b-d03e-4938-835a-6878b8162eea@group-3FC577661888-StateMachineUpdater] INFO  impl.StateMachineUpdater (StateMachineUpdater.java:lambda$new$0(84)) - 584a917b-d03e-4938-835a-6878b8162eea@group-3FC577661888-StateMachineUpdater: snapshotIndex: updateIncreasingly -1 -> 23
2019-10-04 12:48:15,241 [584a917b-d03e-4938-835a-6878b8162eea@group-3FC577661888-StateMachineUpdater] INFO  ratis.ContainerStateMachine (ContainerStateMachine.java:takeSnapshot(293)) - group-3FC577661888: Taking a snapshot at:(t:1, i:23) file /workdir/hadoop-ozone/integration-test/target/test-dir/MiniOzoneClusterImpl-5635d10f-1327-44e0-ad77-5958a3ffe64f/datanode-2/data/ratis/645f4c3d-d393-412b-8639-3fc577661888/sm/snapshot.1_23
2019-10-04 12:48:15,241 [main] INFO  impl.RaftServerImpl (ServerState.java:close(387)) - 2efff099-baa6-464b-b5a1-77a261c7ed99@group-545EE777F559: closes. applyIndex: 18
2019-10-04 12:48:15,241 [2efff099-baa6-464b-b5a1-77a261c7ed99@group-545EE777F559-SegmentedRaftLogWorker] INFO  segmented.SegmentedRaftLogWorker (SegmentedRaftLogWorker.java:run(316)) - 2efff099-baa6-464b-b5a1-77a261c7ed99@group-545EE777F559-SegmentedRaftLogWorker was interrupted, exiting. There are 0 tasks remaining in the queue.
2019-10-04 12:48:15,244 [main] INFO  segmented.SegmentedRaftLogWorker (SegmentedRaftLogWorker.java:close(224)) - 2efff099-baa6-464b-b5a1-77a261c7ed99@group-545EE777F559-SegmentedRaftLogWorker close()
2019-10-04 12:48:15,248 [main] INFO  impl.RaftServerImpl (RaftServerImpl.java:lambda$shutdown$3(247)) - 2efff099-baa6-464b-b5a1-77a261c7ed99@group-9D0A024EEA84: shutdown
2019-10-04 12:48:15,248 [main] INFO  util.JmxRegister (JmxRegister.java:unregister(73)) - Successfully un-registered JMX Bean with object name Ratis:service=RaftServer,group=group-9D0A024EEA84,id=2efff099-baa6-464b-b5a1-77a261c7ed99
2019-10-04 12:48:15,248 [main] INFO  impl.RoleInfo (RoleInfo.java:shutdownLeaderState(104)) - 2efff099-baa6-464b-b5a1-77a261c7ed99: shutdown LeaderState
2019-10-04 12:48:15,249 [main] INFO  impl.PendingRequests (PendingRequests.java:sendNotLeaderResponses(202)) - 2efff099-baa6-464b-b5a1-77a261c7ed99@group-9D0A024EEA84-PendingRequests: sendNotLeaderResponses
2019-10-04 12:48:15,249 [main] INFO  impl.StateMachineUpdater (StateMachineUpdater.java:stopAndJoin(136)) - 2efff099-baa6-464b-b5a1-77a261c7ed99@group-9D0A024EEA84-StateMachineUpdater: set stopIndex = 0
2019-10-04 12:48:15,249 [main] INFO  impl.RaftServerImpl (ServerState.java:close(387)) - 2efff099-baa6-464b-b5a1-77a261c7ed99@group-9D0A024EEA84: closes. applyIndex: 0
2019-10-04 12:48:15,250 [2efff099-baa6-464b-b5a1-77a261c7ed99@group-9D0A024EEA84-SegmentedRaftLogWorker] INFO  segmented.SegmentedRaftLogWorker (SegmentedRaftLogWorker.java:run(316)) - 2efff099-baa6-464b-b5a1-77a261c7ed99@group-9D0A024EEA84-SegmentedRaftLogWorker was interrupted, exiting. There are 0 tasks remaining in the queue.
2019-10-04 12:48:15,251 [main] INFO  segmented.SegmentedRaftLogWorker (SegmentedRaftLogWorker.java:close(224)) - 2efff099-baa6-464b-b5a1-77a261c7ed99@group-9D0A024EEA84-SegmentedRaftLogWorker close()
2019-10-04 12:48:15,254 [main] INFO  server.GrpcService (GrpcService.java:closeImpl(164)) - 2efff099-baa6-464b-b5a1-77a261c7ed99: shutdown server with port 36985 now
2019-10-04 12:48:15,254 [584a917b-d03e-4938-835a-6878b8162eea@group-3FC577661888-StateMachineUpdater] INFO  ratis.ContainerStateMachine (ContainerStateMachine.java:takeSnapshot(304)) - group-3FC577661888: Finished taking a snapshot at:(t:1, i:23) file:/workdir/hadoop-ozone/integration-test/target/test-dir/MiniOzoneClusterImpl-5635d10f-1327-44e0-ad77-5958a3ffe64f/datanode-2/data/ratis/645f4c3d-d393-412b-8639-3fc577661888/sm/snapshot.1_23 time:13
2019-10-04 12:48:15,255 [584a917b-d03e-4938-835a-6878b8162eea@group-3FC577661888-StateMachineUpdater] INFO  impl.StateMachineUpdater (StateMachineUpdater.java:takeSnapshot(269)) - 584a917b-d03e-4938-835a-6878b8162eea@group-3FC577661888-StateMachineUpdater: Took a snapshot at index 23
2019-10-04 12:48:15,255 [584a917b-d03e-4938-835a-6878b8162eea@group-3FC577661888-StateMachineUpdater] INFO  impl.StateMachineUpdater (StateMachineUpdater.java:lambda$new$0(84)) - 584a917b-d03e-4938-835a-6878b8162eea@group-3FC577661888-StateMachineUpdater: snapshotIndex: updateIncreasingly 23 -> 23
2019-10-04 12:48:15,255 [grpc-default-executor-9] WARN  server.GrpcServerProtocolService (LogUtils.java:warn(134)) - 2efff099-baa6-464b-b5a1-77a261c7ed99: installSnapshot onError, lastRequest: 51dd3613-214f-48d9-8c41-f6a02a0d7e36->2efff099-baa6-464b-b5a1-77a261c7ed99#23-t1, previous=(t:1, i:18), leaderCommit=18, initializing? false, entries: <empty>: org.apache.ratis.thirdparty.io.grpc.StatusRuntimeException: CANCELLED: cancelled before receiving half close
2019-10-04 12:48:15,255 [grpc-default-executor-7] WARN  server.GrpcLogAppender (LogUtils.java:warn(134)) - 51dd3613-214f-48d9-8c41-f6a02a0d7e36@group-545EE777F559->2efff099-baa6-464b-b5a1-77a261c7ed99-AppendLogResponseHandler: Failed appendEntries: org.apache.ratis.thirdparty.io.grpc.StatusRuntimeException: CANCELLED: HTTP/2 error code: CANCEL
Received Rst Stream
2019-10-04 12:48:15,255 [main] INFO  server.GrpcService (GrpcService.java:closeImpl(172)) - 2efff099-baa6-464b-b5a1-77a261c7ed99: shutdown server with port 36985 successfully
2019-10-04 12:48:15,255 [ForkJoinPool.commonPool-worker-0] INFO  impl.RaftServerImpl (ServerState.java:close(387)) - 584a917b-d03e-4938-835a-6878b8162eea@group-3FC577661888: closes. applyIndex: 24
2019-10-04 12:48:15,255 [grpc-default-executor-7] INFO  impl.FollowerInfo (FollowerInfo.java:lambda$new$0(51)) - 51dd3613-214f-48d9-8c41-f6a02a0d7e36@group-545EE777F559->2efff099-baa6-464b-b5a1-77a261c7ed99: nextIndex: updateUnconditionally 19 -> 18
2019-10-04 12:48:15,256 [584a917b-d03e-4938-835a-6878b8162eea@group-3FC577661888-SegmentedRaftLogWorker] INFO  segmented.SegmentedRaftLogWorker (SegmentedRaftLogWorker.java:run(316)) - 584a917b-d03e-4938-835a-6878b8162eea@group-3FC577661888-SegmentedRaftLogWorker was interrupted, exiting. There are 0 tasks remaining in the queue.
2019-10-04 12:48:15,259 [ForkJoinPool.commonPool-worker-0] INFO  segmented.SegmentedRaftLogWorker (SegmentedRaftLogWorker.java:close(224)) - 584a917b-d03e-4938-835a-6878b8162eea@group-3FC577661888-SegmentedRaftLogWorker close()
2019-10-04 12:48:15,262 [ForkJoinPool.commonPool-worker-0] INFO  server.GrpcService (GrpcService.java:closeImpl(164)) - 584a917b-d03e-4938-835a-6878b8162eea: shutdown server with port 33197 now
2019-10-04 12:48:15,262 [grpc-default-executor-9] WARN  server.GrpcServerProtocolService (LogUtils.java:warn(134)) - 584a917b-d03e-4938-835a-6878b8162eea: installSnapshot onError, lastRequest: 3f4f3d77-7d07-4c07-8a80-2ae2fe2fe039->584a917b-d03e-4938-835a-6878b8162eea#29-t1, previous=(t:1, i:24), leaderCommit=24, initializing? false, entries: <empty>: org.apache.ratis.thirdparty.io.grpc.StatusRuntimeException: CANCELLED: cancelled before receiving half close
2019-10-04 12:48:15,262 [refreshUsed-/workdir/hadoop-ozone/integration-test/target/test-dir/MiniOzoneClusterImpl-5635d10f-1327-44e0-ad77-5958a3ffe64f/datanode-3/data/containers] WARN  fs.CachingGetSpaceUsed (CachingGetSpaceUsed.java:run(183)) - Thread Interrupted waiting to refresh disk information: sleep interrupted
2019-10-04 12:48:15,262 [grpc-default-executor-7] WARN  server.GrpcLogAppender (LogUtils.java:warn(134)) - 3f4f3d77-7d07-4c07-8a80-2ae2fe2fe039@group-3FC577661888->584a917b-d03e-4938-835a-6878b8162eea-AppendLogResponseHandler: Failed appendEntries: org.apache.ratis.thirdparty.io.grpc.StatusRuntimeException: CANCELLED: HTTP/2 error code: CANCEL
Received Rst Stream
2019-10-04 12:48:15,262 [ForkJoinPool.commonPool-worker-0] INFO  server.GrpcService (GrpcService.java:closeImpl(172)) - 584a917b-d03e-4938-835a-6878b8162eea: shutdown server with port 33197 successfully
2019-10-04 12:48:15,263 [grpc-default-executor-7] INFO  impl.FollowerInfo (FollowerInfo.java:lambda$new$0(51)) - 3f4f3d77-7d07-4c07-8a80-2ae2fe2fe039@group-3FC577661888->584a917b-d03e-4938-835a-6878b8162eea: nextIndex: updateUnconditionally 25 -> 24
2019-10-04 12:48:15,265 [refreshUsed-/workdir/hadoop-ozone/integration-test/target/test-dir/MiniOzoneClusterImpl-5635d10f-1327-44e0-ad77-5958a3ffe64f/datanode-2/data/containers] WARN  fs.CachingGetSpaceUsed (CachingGetSpaceUsed.java:run(183)) - Thread Interrupted waiting to refresh disk information: sleep interrupted
2019-10-04 12:48:15,283 [ForkJoinPool.commonPool-worker-0] INFO  utils.BackgroundService (BackgroundService.java:shutdown(148)) - Shutting down service BlockDeletingService
2019-10-04 12:48:15,289 [main] INFO  utils.BackgroundService (BackgroundService.java:shutdown(148)) - Shutting down service BlockDeletingService
2019-10-04 12:48:15,291 [ForkJoinPool.commonPool-worker-0] INFO  statemachine.DatanodeStateMachine (DatanodeStateMachine.java:stopDaemon(395)) - Ozone container server stopped.
2019-10-04 12:48:15,299 [ForkJoinPool.commonPool-worker-0] INFO  handler.ContextHandler (ContextHandler.java:doStop(910)) - Stopped o.e.j.w.WebAppContext@1bb96449{/,null,UNAVAILABLE}{/hddsDatanode}
2019-10-04 12:48:15,300 [main] INFO  statemachine.DatanodeStateMachine (DatanodeStateMachine.java:stopDaemon(395)) - Ozone container server stopped.
2019-10-04 12:48:15,300 [ForkJoinPool.commonPool-worker-0] INFO  server.AbstractConnector (AbstractConnector.java:doStop(318)) - Stopped ServerConnector@26ffd2c0{HTTP/1.1,[http/1.1]}{0.0.0.0:0}
2019-10-04 12:48:15,302 [ForkJoinPool.commonPool-worker-0] INFO  handler.ContextHandler (ContextHandler.java:doStop(910)) - Stopped o.e.j.s.ServletContextHandler@1cc41b77{/static,jar:file:/home/user/.m2/repository/org/apache/hadoop/hadoop-hdds-container-service/0.5.0-SNAPSHOT/hadoop-hdds-container-service-0.5.0-SNAPSHOT.jar!/webapps/static,UNAVAILABLE}
2019-10-04 12:48:15,304 [ForkJoinPool.commonPool-worker-0] INFO  handler.ContextHandler (ContextHandler.java:doStop(910)) - Stopped o.e.j.s.ServletContextHandler@e795a1d{/logs,file:///workdir/hadoop-ozone/integration-test/target/log,UNAVAILABLE}
2019-10-04 12:48:15,304 [main] INFO  handler.ContextHandler (ContextHandler.java:doStop(910)) - Stopped o.e.j.w.WebAppContext@6ad6ae45{/,null,UNAVAILABLE}{/hddsDatanode}
2019-10-04 12:48:15,305 [main] INFO  server.AbstractConnector (AbstractConnector.java:doStop(318)) - Stopped ServerConnector@7c4d1c7b{HTTP/1.1,[http/1.1]}{0.0.0.0:0}
2019-10-04 12:48:15,306 [main] INFO  handler.ContextHandler (ContextHandler.java:doStop(910)) - Stopped o.e.j.s.ServletContextHandler@6a51ae7c{/static,jar:file:/home/user/.m2/repository/org/apache/hadoop/hadoop-hdds-container-service/0.5.0-SNAPSHOT/hadoop-hdds-container-service-0.5.0-SNAPSHOT.jar!/webapps/static,UNAVAILABLE}
2019-10-04 12:48:15,306 [main] INFO  handler.ContextHandler (ContextHandler.java:doStop(910)) - Stopped o.e.j.s.ServletContextHandler@58e03769{/logs,file:///workdir/hadoop-ozone/integration-test/target/log,UNAVAILABLE}
2019-10-04 12:48:15,361 [Datanode State Machine Thread - 0] INFO  statemachine.DatanodeStateMachine (DatanodeStateMachine.java:lambda$startDaemon$0(350)) - Ozone container server started.
2019-10-04 12:48:15,822 [Datanode State Machine Thread - 0] INFO  statemachine.DatanodeStateMachine (DatanodeStateMachine.java:lambda$startDaemon$0(350)) - Ozone container server started.
2019-10-04 12:48:16,593 [grpc-default-executor-7] WARN  server.GrpcLogAppender (LogUtils.java:warn(134)) - 51dd3613-214f-48d9-8c41-f6a02a0d7e36@group-545EE777F559->f825efd4-c0fd-4bb3-a180-360f0e805f39-AppendLogResponseHandler: Failed appendEntries: org.apache.ratis.thirdparty.io.grpc.StatusRuntimeException: UNAVAILABLE: io exception
2019-10-04 12:48:16,594 [grpc-default-executor-7] INFO  impl.FollowerInfo (FollowerInfo.java:lambda$new$0(51)) - 51dd3613-214f-48d9-8c41-f6a02a0d7e36@group-545EE777F559->f825efd4-c0fd-4bb3-a180-360f0e805f39: nextIndex: updateUnconditionally 14 -> 13
2019-10-04 12:48:16,594 [grpc-default-executor-8] WARN  server.GrpcLogAppender (LogUtils.java:warn(134)) - 51dd3613-214f-48d9-8c41-f6a02a0d7e36@group-545EE777F559->2efff099-baa6-464b-b5a1-77a261c7ed99-AppendLogResponseHandler: Failed appendEntries: org.apache.ratis.thirdparty.io.grpc.StatusRuntimeException: UNAVAILABLE: io exception
2019-10-04 12:48:16,594 [grpc-default-executor-8] INFO  impl.FollowerInfo (FollowerInfo.java:lambda$new$0(51)) - 51dd3613-214f-48d9-8c41-f6a02a0d7e36@group-545EE777F559->2efff099-baa6-464b-b5a1-77a261c7ed99: nextIndex: updateUnconditionally 18 -> 17
2019-10-04 12:48:17,345 [grpc-default-executor-8] WARN  server.GrpcLogAppender (LogUtils.java:warn(134)) - 3f4f3d77-7d07-4c07-8a80-2ae2fe2fe039@group-3FC577661888->0cc7607f-8c61-40d7-908d-9ac0a630b719-AppendLogResponseHandler: Failed appendEntries: org.apache.ratis.thirdparty.io.grpc.StatusRuntimeException: UNAVAILABLE: io exception
2019-10-04 12:48:17,346 [grpc-default-executor-8] INFO  impl.FollowerInfo (FollowerInfo.java:lambda$new$0(51)) - 3f4f3d77-7d07-4c07-8a80-2ae2fe2fe039@group-3FC577661888->0cc7607f-8c61-40d7-908d-9ac0a630b719: nextIndex: updateUnconditionally 21 -> 20
2019-10-04 12:48:17,350 [grpc-default-executor-9] WARN  server.GrpcLogAppender (LogUtils.java:warn(134)) - 3f4f3d77-7d07-4c07-8a80-2ae2fe2fe039@group-3FC577661888->584a917b-d03e-4938-835a-6878b8162eea-AppendLogResponseHandler: Failed appendEntries: org.apache.ratis.thirdparty.io.grpc.StatusRuntimeException: UNAVAILABLE: io exception
2019-10-04 12:48:17,351 [grpc-default-executor-9] INFO  impl.FollowerInfo (FollowerInfo.java:lambda$new$0(51)) - 3f4f3d77-7d07-4c07-8a80-2ae2fe2fe039@group-3FC577661888->584a917b-d03e-4938-835a-6878b8162eea: nextIndex: updateUnconditionally 24 -> 23
2019-10-04 12:48:19,097 [grpc-default-executor-10] WARN  server.GrpcLogAppender (LogUtils.java:warn(134)) - 51dd3613-214f-48d9-8c41-f6a02a0d7e36@group-545EE777F559->2efff099-baa6-464b-b5a1-77a261c7ed99-AppendLogResponseHandler: Failed appendEntries: org.apache.ratis.thirdparty.io.grpc.StatusRuntimeException: UNAVAILABLE: io exception
2019-10-04 12:48:19,097 [grpc-default-executor-8] WARN  server.GrpcLogAppender (LogUtils.java:warn(134)) - 51dd3613-214f-48d9-8c41-f6a02a0d7e36@group-545EE777F559->f825efd4-c0fd-4bb3-a180-360f0e805f39-AppendLogResponseHandler: Failed appendEntries: org.apache.ratis.thirdparty.io.grpc.StatusRuntimeException: UNAVAILABLE: io exception
2019-10-04 12:48:19,099 [grpc-default-executor-10] INFO  impl.FollowerInfo (FollowerInfo.java:lambda$new$0(51)) - 51dd3613-214f-48d9-8c41-f6a02a0d7e36@group-545EE777F559->2efff099-baa6-464b-b5a1-77a261c7ed99: nextIndex: updateUnconditionally 17 -> 16
2019-10-04 12:48:19,099 [grpc-default-executor-8] INFO  impl.FollowerInfo (FollowerInfo.java:lambda$new$0(51)) - 51dd3613-214f-48d9-8c41-f6a02a0d7e36@group-545EE777F559->f825efd4-c0fd-4bb3-a180-360f0e805f39: nextIndex: updateUnconditionally 13 -> 12
2019-10-04 12:48:19,385 [EventQueue-StaleNodeForStaleNodeHandler] INFO  node.StaleNodeHandler (StaleNodeHandler.java:onMessage(58)) - Datanode 3f4f3d77-7d07-4c07-8a80-2ae2fe2fe039{ip: 192.168.5.134, host: pr-hdds-2222-6c7sc-20480173, networkLocation: /default-rack, certSerialId: null} moved to stale state. Finalizing its pipelines [PipelineID=645f4c3d-d393-412b-8639-3fc577661888, PipelineID=0bed6c8e-df2b-47f7-8a1b-86f2b15482bc]
2019-10-04 12:48:19,386 [EventQueue-StaleNodeForStaleNodeHandler] INFO  pipeline.SCMPipelineManager (SCMPipelineManager.java:finalizeAndDestroyPipeline(315)) - destroying pipeline:Pipeline[ Id: 645f4c3d-d393-412b-8639-3fc577661888, Nodes: 584a917b-d03e-4938-835a-6878b8162eea{ip: 192.168.5.134, host: pr-hdds-2222-6c7sc-20480173, networkLocation: /default-rack, certSerialId: null}0cc7607f-8c61-40d7-908d-9ac0a630b719{ip: 192.168.5.134, host: pr-hdds-2222-6c7sc-20480173, networkLocation: /default-rack, certSerialId: null}3f4f3d77-7d07-4c07-8a80-2ae2fe2fe039{ip: 192.168.5.134, host: pr-hdds-2222-6c7sc-20480173, networkLocation: /default-rack, certSerialId: null}, Type:RATIS, Factor:THREE, State:CLOSED]
2019-10-04 12:48:19,386 [EventQueue-StaleNodeForStaleNodeHandler] INFO  pipeline.SCMPipelineManager (SCMPipelineManager.java:finalizeAndDestroyPipeline(315)) - destroying pipeline:Pipeline[ Id: 0bed6c8e-df2b-47f7-8a1b-86f2b15482bc, Nodes: 3f4f3d77-7d07-4c07-8a80-2ae2fe2fe039{ip: 192.168.5.134, host: pr-hdds-2222-6c7sc-20480173, networkLocation: /default-rack, certSerialId: null}, Type:RATIS, Factor:ONE, State:OPEN]
2019-10-04 12:48:19,386 [EventQueue-StaleNodeForStaleNodeHandler] INFO  pipeline.PipelineStateManager (PipelineStateManager.java:finalizePipeline(123)) - Pipeline Pipeline[ Id: 0bed6c8e-df2b-47f7-8a1b-86f2b15482bc, Nodes: 3f4f3d77-7d07-4c07-8a80-2ae2fe2fe039{ip: 192.168.5.134, host: pr-hdds-2222-6c7sc-20480173, networkLocation: /default-rack, certSerialId: null}, Type:RATIS, Factor:ONE, State:CLOSED] moved to CLOSED state
2019-10-04 12:48:19,850 [grpc-default-executor-8] WARN  server.GrpcLogAppender (LogUtils.java:warn(134)) - 3f4f3d77-7d07-4c07-8a80-2ae2fe2fe039@group-3FC577661888->0cc7607f-8c61-40d7-908d-9ac0a630b719-AppendLogResponseHandler: Failed appendEntries: org.apache.ratis.thirdparty.io.grpc.StatusRuntimeException: UNAVAILABLE: io exception
2019-10-04 12:48:19,857 [grpc-default-executor-9] WARN  server.GrpcLogAppender (LogUtils.java:warn(134)) - 3f4f3d77-7d07-4c07-8a80-2ae2fe2fe039@group-3FC577661888->584a917b-d03e-4938-835a-6878b8162eea-AppendLogResponseHandler: Failed appendEntries: org.apache.ratis.thirdparty.io.grpc.StatusRuntimeException: UNAVAILABLE: io exception
2019-10-04 12:48:19,857 [grpc-default-executor-9] INFO  impl.FollowerInfo (FollowerInfo.java:lambda$new$0(51)) - 3f4f3d77-7d07-4c07-8a80-2ae2fe2fe039@group-3FC577661888->584a917b-d03e-4938-835a-6878b8162eea: nextIndex: updateUnconditionally 23 -> 22
2019-10-04 12:48:19,857 [grpc-default-executor-8] INFO  impl.FollowerInfo (FollowerInfo.java:lambda$new$0(51)) - 3f4f3d77-7d07-4c07-8a80-2ae2fe2fe039@group-3FC577661888->0cc7607f-8c61-40d7-908d-9ac0a630b719: nextIndex: updateUnconditionally 20 -> 19
2019-10-04 12:48:19,886 [EventQueue-StaleNodeForStaleNodeHandler] INFO  node.StaleNodeHandler (StaleNodeHandler.java:onMessage(58)) - Datanode 4a2d5f32-70e6-464b-abcb-26f14989e5bb{ip: 192.168.5.134, host: pr-hdds-2222-6c7sc-20480173, networkLocation: /default-rack, certSerialId: null} moved to stale state. Finalizing its pipelines []
2019-10-04 12:48:20,306 [ForkJoinPool.commonPool-worker-0] INFO  ozoneimpl.OzoneContainer (OzoneContainer.java:stop(231)) - Attempting to stop container services.
2019-10-04 12:48:20,307 [ForkJoinPool.commonPool-worker-0] INFO  impl.RaftServerProxy (RaftServerProxy.java:lambda$close$4(314)) - 3f4f3d77-7d07-4c07-8a80-2ae2fe2fe039: close
2019-10-04 12:48:20,307 [main] INFO  ozoneimpl.OzoneContainer (OzoneContainer.java:stop(231)) - Attempting to stop container services.
2019-10-04 12:48:20,307 [ForkJoinPool.commonPool-worker-0] INFO  impl.RaftServerImpl (RaftServerImpl.java:lambda$shutdown$3(247)) - 3f4f3d77-7d07-4c07-8a80-2ae2fe2fe039@group-3FC577661888: shutdown
2019-10-04 12:48:20,308 [main] INFO  impl.RaftServerProxy (RaftServerProxy.java:lambda$close$4(314)) - 4a2d5f32-70e6-464b-abcb-26f14989e5bb: close
2019-10-04 12:48:20,308 [ForkJoinPool.commonPool-worker-0] INFO  util.JmxRegister (JmxRegister.java:unregister(73)) - Successfully un-registered JMX Bean with object name Ratis:service=RaftServer,group=group-3FC577661888,id=3f4f3d77-7d07-4c07-8a80-2ae2fe2fe039
2019-10-04 12:48:20,310 [main] INFO  server.GrpcService (GrpcService.java:closeImpl(164)) - 4a2d5f32-70e6-464b-abcb-26f14989e5bb: shutdown server with port 42265 now
2019-10-04 12:48:20,311 [ForkJoinPool.commonPool-worker-0] INFO  impl.RoleInfo (RoleInfo.java:shutdownLeaderState(104)) - 3f4f3d77-7d07-4c07-8a80-2ae2fe2fe039: shutdown LeaderState
2019-10-04 12:48:20,311 [main] INFO  server.GrpcService (GrpcService.java:closeImpl(172)) - 4a2d5f32-70e6-464b-abcb-26f14989e5bb: shutdown server with port 42265 successfully
2019-10-04 12:48:20,314 [org.apache.ratis.server.impl.LogAppender$AppenderDaemon$$Lambda$528/1714880846@2f55e2b3] WARN  server.GrpcLogAppender (GrpcLogAppender.java:mayWait(143)) - 3f4f3d77-7d07-4c07-8a80-2ae2fe2fe039@group-3FC577661888->0cc7607f-8c61-40d7-908d-9ac0a630b719-GrpcLogAppender: Wait interrupted by java.lang.InterruptedException
2019-10-04 12:48:20,314 [ForkJoinPool.commonPool-worker-0] INFO  impl.PendingRequests (PendingRequests.java:sendNotLeaderResponses(202)) - 3f4f3d77-7d07-4c07-8a80-2ae2fe2fe039@group-3FC577661888-PendingRequests: sendNotLeaderResponses
2019-10-04 12:48:20,314 [org.apache.ratis.server.impl.LogAppender$AppenderDaemon$$Lambda$528/1714880846@37357dd6] WARN  server.GrpcLogAppender (GrpcLogAppender.java:mayWait(143)) - 3f4f3d77-7d07-4c07-8a80-2ae2fe2fe039@group-3FC577661888->584a917b-d03e-4938-835a-6878b8162eea-GrpcLogAppender: Wait interrupted by java.lang.InterruptedException
2019-10-04 12:48:20,319 [ForkJoinPool.commonPool-worker-0] INFO  impl.StateMachineUpdater (StateMachineUpdater.java:stopAndJoin(136)) - 3f4f3d77-7d07-4c07-8a80-2ae2fe2fe039@group-3FC577661888-StateMachineUpdater: set stopIndex = 24
2019-10-04 12:48:20,319 [3f4f3d77-7d07-4c07-8a80-2ae2fe2fe039@group-3FC577661888-StateMachineUpdater] INFO  ratis.ContainerStateMachine (ContainerStateMachine.java:takeSnapshot(293)) - group-3FC577661888: Taking a snapshot at:(t:1, i:24) file /workdir/hadoop-ozone/integration-test/target/test-dir/MiniOzoneClusterImpl-5635d10f-1327-44e0-ad77-5958a3ffe64f/datanode-0/data/ratis/645f4c3d-d393-412b-8639-3fc577661888/sm/snapshot.1_24
2019-10-04 12:48:20,322 [refreshUsed-/workdir/hadoop-ozone/integration-test/target/test-dir/MiniOzoneClusterImpl-5635d10f-1327-44e0-ad77-5958a3ffe64f/datanode-6/data/containers] WARN  fs.CachingGetSpaceUsed (CachingGetSpaceUsed.java:run(183)) - Thread Interrupted waiting to refresh disk information: sleep interrupted
2019-10-04 12:48:20,325 [3f4f3d77-7d07-4c07-8a80-2ae2fe2fe039@group-3FC577661888-StateMachineUpdater] INFO  ratis.ContainerStateMachine (ContainerStateMachine.java:takeSnapshot(304)) - group-3FC577661888: Finished taking a snapshot at:(t:1, i:24) file:/workdir/hadoop-ozone/integration-test/target/test-dir/MiniOzoneClusterImpl-5635d10f-1327-44e0-ad77-5958a3ffe64f/datanode-0/data/ratis/645f4c3d-d393-412b-8639-3fc577661888/sm/snapshot.1_24 time:6
2019-10-04 12:48:20,325 [3f4f3d77-7d07-4c07-8a80-2ae2fe2fe039@group-3FC577661888-StateMachineUpdater] INFO  impl.StateMachineUpdater (StateMachineUpdater.java:takeSnapshot(269)) - 3f4f3d77-7d07-4c07-8a80-2ae2fe2fe039@group-3FC577661888-StateMachineUpdater: Took a snapshot at index 24
2019-10-04 12:48:20,325 [3f4f3d77-7d07-4c07-8a80-2ae2fe2fe039@group-3FC577661888-StateMachineUpdater] INFO  impl.StateMachineUpdater (StateMachineUpdater.java:lambda$new$0(84)) - 3f4f3d77-7d07-4c07-8a80-2ae2fe2fe039@group-3FC577661888-StateMachineUpdater: snapshotIndex: updateIncreasingly -1 -> 24
2019-10-04 12:48:20,326 [ForkJoinPool.commonPool-worker-0] INFO  impl.RaftServerImpl (ServerState.java:close(387)) - 3f4f3d77-7d07-4c07-8a80-2ae2fe2fe039@group-3FC577661888: closes. applyIndex: 24
2019-10-04 12:48:20,326 [3f4f3d77-7d07-4c07-8a80-2ae2fe2fe039@group-3FC577661888-SegmentedRaftLogWorker] INFO  segmented.SegmentedRaftLogWorker (SegmentedRaftLogWorker.java:run(316)) - 3f4f3d77-7d07-4c07-8a80-2ae2fe2fe039@group-3FC577661888-SegmentedRaftLogWorker was interrupted, exiting. There are 0 tasks remaining in the queue.
2019-10-04 12:48:20,328 [ForkJoinPool.commonPool-worker-0] INFO  segmented.SegmentedRaftLogWorker (SegmentedRaftLogWorker.java:close(224)) - 3f4f3d77-7d07-4c07-8a80-2ae2fe2fe039@group-3FC577661888-SegmentedRaftLogWorker close()
2019-10-04 12:48:20,342 [ForkJoinPool.commonPool-worker-0] INFO  impl.RaftServerImpl (RaftServerImpl.java:lambda$shutdown$3(247)) - 3f4f3d77-7d07-4c07-8a80-2ae2fe2fe039@group-86F2B15482BC: shutdown
2019-10-04 12:48:20,342 [ForkJoinPool.commonPool-worker-0] INFO  util.JmxRegister (JmxRegister.java:unregister(73)) - Successfully un-registered JMX Bean with object name Ratis:service=RaftServer,group=group-86F2B15482BC,id=3f4f3d77-7d07-4c07-8a80-2ae2fe2fe039
2019-10-04 12:48:20,342 [ForkJoinPool.commonPool-worker-0] INFO  impl.RoleInfo (RoleInfo.java:shutdownLeaderState(104)) - 3f4f3d77-7d07-4c07-8a80-2ae2fe2fe039: shutdown LeaderState
2019-10-04 12:48:20,342 [ForkJoinPool.commonPool-worker-0] INFO  impl.PendingRequests (PendingRequests.java:sendNotLeaderResponses(202)) - 3f4f3d77-7d07-4c07-8a80-2ae2fe2fe039@group-86F2B15482BC-PendingRequests: sendNotLeaderResponses
2019-10-04 12:48:20,343 [ForkJoinPool.commonPool-worker-0] INFO  impl.StateMachineUpdater (StateMachineUpdater.java:stopAndJoin(136)) - 3f4f3d77-7d07-4c07-8a80-2ae2fe2fe039@group-86F2B15482BC-StateMachineUpdater: set stopIndex = 0
2019-10-04 12:48:20,343 [ForkJoinPool.commonPool-worker-0] INFO  impl.RaftServerImpl (ServerState.java:close(387)) - 3f4f3d77-7d07-4c07-8a80-2ae2fe2fe039@group-86F2B15482BC: closes. applyIndex: 0
2019-10-04 12:48:20,343 [3f4f3d77-7d07-4c07-8a80-2ae2fe2fe039@group-86F2B15482BC-SegmentedRaftLogWorker] INFO  segmented.SegmentedRaftLogWorker (SegmentedRaftLogWorker.java:run(316)) - 3f4f3d77-7d07-4c07-8a80-2ae2fe2fe039@group-86F2B15482BC-SegmentedRaftLogWorker was interrupted, exiting. There are 0 tasks remaining in the queue.
2019-10-04 12:48:20,346 [ForkJoinPool.commonPool-worker-0] INFO  segmented.SegmentedRaftLogWorker (SegmentedRaftLogWorker.java:close(224)) - 3f4f3d77-7d07-4c07-8a80-2ae2fe2fe039@group-86F2B15482BC-SegmentedRaftLogWorker close()
2019-10-04 12:48:20,350 [ForkJoinPool.commonPool-worker-0] INFO  server.GrpcService (GrpcService.java:closeImpl(164)) - 3f4f3d77-7d07-4c07-8a80-2ae2fe2fe039: shutdown server with port 36715 now
2019-10-04 12:48:20,351 [grpc-default-executor-9] WARN  client.GrpcClientProtocolService (LogUtils.java:warn(134)) - 2-UnorderedRequestStreamObserver2: onError: org.apache.ratis.thirdparty.io.grpc.StatusRuntimeException: CANCELLED: cancelled before receiving half close
2019-10-04 12:48:20,351 [ForkJoinPool.commonPool-worker-0] INFO  server.GrpcService (GrpcService.java:closeImpl(172)) - 3f4f3d77-7d07-4c07-8a80-2ae2fe2fe039: shutdown server with port 36715 successfully
2019-10-04 12:48:20,353 [refreshUsed-/workdir/hadoop-ozone/integration-test/target/test-dir/MiniOzoneClusterImpl-5635d10f-1327-44e0-ad77-5958a3ffe64f/datanode-0/data/containers] WARN  fs.CachingGetSpaceUsed (CachingGetSpaceUsed.java:run(183)) - Thread Interrupted waiting to refresh disk information: sleep interrupted
2019-10-04 12:48:20,369 [main] INFO  utils.BackgroundService (BackgroundService.java:shutdown(148)) - Shutting down service BlockDeletingService
2019-10-04 12:48:20,375 [main] INFO  statemachine.DatanodeStateMachine (DatanodeStateMachine.java:stopDaemon(395)) - Ozone container server stopped.
2019-10-04 12:48:20,377 [main] INFO  handler.ContextHandler (ContextHandler.java:doStop(910)) - Stopped o.e.j.w.WebAppContext@138a85d3{/,null,UNAVAILABLE}{/hddsDatanode}
2019-10-04 12:48:20,378 [main] INFO  server.AbstractConnector (AbstractConnector.java:doStop(318)) - Stopped ServerConnector@709d86a2{HTTP/1.1,[http/1.1]}{0.0.0.0:0}
2019-10-04 12:48:20,379 [main] INFO  handler.ContextHandler (ContextHandler.java:doStop(910)) - Stopped o.e.j.s.ServletContextHandler@18dd7767{/static,jar:file:/home/user/.m2/repository/org/apache/hadoop/hadoop-hdds-container-service/0.5.0-SNAPSHOT/hadoop-hdds-container-service-0.5.0-SNAPSHOT.jar!/webapps/static,UNAVAILABLE}
2019-10-04 12:48:20,379 [main] INFO  handler.ContextHandler (ContextHandler.java:doStop(910)) - Stopped o.e.j.s.ServletContextHandler@74eec640{/logs,file:///workdir/hadoop-ozone/integration-test/target/log,UNAVAILABLE}
2019-10-04 12:48:20,384 [ForkJoinPool.commonPool-worker-0] INFO  utils.BackgroundService (BackgroundService.java:shutdown(148)) - Shutting down service BlockDeletingService
2019-10-04 12:48:20,388 [ForkJoinPool.commonPool-worker-0] INFO  statemachine.DatanodeStateMachine (DatanodeStateMachine.java:stopDaemon(395)) - Ozone container server stopped.
2019-10-04 12:48:20,392 [ForkJoinPool.commonPool-worker-0] INFO  handler.ContextHandler (ContextHandler.java:doStop(910)) - Stopped o.e.j.w.WebAppContext@15e08615{/,null,UNAVAILABLE}{/hddsDatanode}
2019-10-04 12:48:20,392 [ForkJoinPool.commonPool-worker-0] INFO  server.AbstractConnector (AbstractConnector.java:doStop(318)) - Stopped ServerConnector@19dac2d6{HTTP/1.1,[http/1.1]}{0.0.0.0:0}
2019-10-04 12:48:20,394 [ForkJoinPool.commonPool-worker-0] INFO  handler.ContextHandler (ContextHandler.java:doStop(910)) - Stopped o.e.j.s.ServletContextHandler@64b73e0a{/static,jar:file:/home/user/.m2/repository/org/apache/hadoop/hadoop-hdds-container-service/0.5.0-SNAPSHOT/hadoop-hdds-container-service-0.5.0-SNAPSHOT.jar!/webapps/static,UNAVAILABLE}
2019-10-04 12:48:20,395 [ForkJoinPool.commonPool-worker-0] INFO  handler.ContextHandler (ContextHandler.java:doStop(910)) - Stopped o.e.j.s.ServletContextHandler@3a3ad8e7{/logs,file:///workdir/hadoop-ozone/integration-test/target/log,UNAVAILABLE}
2019-10-04 12:48:20,616 [Datanode State Machine Thread - 0] INFO  statemachine.DatanodeStateMachine (DatanodeStateMachine.java:lambda$startDaemon$0(350)) - Ozone container server started.
2019-10-04 12:48:21,596 [grpc-default-executor-10] WARN  server.GrpcLogAppender (LogUtils.java:warn(134)) - 51dd3613-214f-48d9-8c41-f6a02a0d7e36@group-545EE777F559->2efff099-baa6-464b-b5a1-77a261c7ed99-AppendLogResponseHandler: Failed appendEntries: org.apache.ratis.thirdparty.io.grpc.StatusRuntimeException: UNAVAILABLE: io exception
2019-10-04 12:48:21,596 [grpc-default-executor-7] WARN  server.GrpcLogAppender (LogUtils.java:warn(134)) - 51dd3613-214f-48d9-8c41-f6a02a0d7e36@group-545EE777F559->f825efd4-c0fd-4bb3-a180-360f0e805f39-AppendLogResponseHandler: Failed appendEntries: org.apache.ratis.thirdparty.io.grpc.StatusRuntimeException: UNAVAILABLE: io exception
2019-10-04 12:48:21,596 [grpc-default-executor-10] INFO  impl.FollowerInfo (FollowerInfo.java:lambda$new$0(51)) - 51dd3613-214f-48d9-8c41-f6a02a0d7e36@group-545EE777F559->2efff099-baa6-464b-b5a1-77a261c7ed99: nextIndex: updateUnconditionally 16 -> 15
2019-10-04 12:48:21,596 [grpc-default-executor-7] INFO  impl.FollowerInfo (FollowerInfo.java:lambda$new$0(51)) - 51dd3613-214f-48d9-8c41-f6a02a0d7e36@group-545EE777F559->f825efd4-c0fd-4bb3-a180-360f0e805f39: nextIndex: updateUnconditionally 12 -> 11
2019-10-04 12:48:24,097 [grpc-default-executor-10] WARN  server.GrpcLogAppender (LogUtils.java:warn(134)) - 51dd3613-214f-48d9-8c41-f6a02a0d7e36@group-545EE777F559->f825efd4-c0fd-4bb3-a180-360f0e805f39-AppendLogResponseHandler: Failed appendEntries: org.apache.ratis.thirdparty.io.grpc.StatusRuntimeException: UNAVAILABLE: io exception
2019-10-04 12:48:24,097 [grpc-default-executor-9] WARN  server.GrpcLogAppender (LogUtils.java:warn(134)) - 51dd3613-214f-48d9-8c41-f6a02a0d7e36@group-545EE777F559->2efff099-baa6-464b-b5a1-77a261c7ed99-AppendLogResponseHandler: Failed appendEntries: org.apache.ratis.thirdparty.io.grpc.StatusRuntimeException: UNAVAILABLE: io exception
2019-10-04 12:48:24,097 [grpc-default-executor-10] INFO  impl.FollowerInfo (FollowerInfo.java:lambda$new$0(51)) - 51dd3613-214f-48d9-8c41-f6a02a0d7e36@group-545EE777F559->f825efd4-c0fd-4bb3-a180-360f0e805f39: nextIndex: updateUnconditionally 11 -> 10
2019-10-04 12:48:24,097 [grpc-default-executor-9] INFO  impl.FollowerInfo (FollowerInfo.java:lambda$new$0(51)) - 51dd3613-214f-48d9-8c41-f6a02a0d7e36@group-545EE777F559->2efff099-baa6-464b-b5a1-77a261c7ed99: nextIndex: updateUnconditionally 15 -> 14
2019-10-04 12:48:24,694 [EventQueue-StaleNodeForStaleNodeHandler] INFO  node.StaleNodeHandler (StaleNodeHandler.java:onMessage(58)) - Datanode 51dd3613-214f-48d9-8c41-f6a02a0d7e36{ip: 192.168.5.134, host: pr-hdds-2222-6c7sc-20480173, networkLocation: /default-rack, certSerialId: null} moved to stale state. Finalizing its pipelines [PipelineID=89b5b368-e91c-41c5-aa27-c187a73aafdc, PipelineID=b060f6f5-a250-451a-aecb-545ee777f559]
2019-10-04 12:48:24,694 [EventQueue-StaleNodeForStaleNodeHandler] INFO  pipeline.SCMPipelineManager (SCMPipelineManager.java:finalizeAndDestroyPipeline(315)) - destroying pipeline:Pipeline[ Id: 89b5b368-e91c-41c5-aa27-c187a73aafdc, Nodes: 51dd3613-214f-48d9-8c41-f6a02a0d7e36{ip: 192.168.5.134, host: pr-hdds-2222-6c7sc-20480173, networkLocation: /default-rack, certSerialId: null}, Type:RATIS, Factor:ONE, State:OPEN]
2019-10-04 12:48:24,694 [EventQueue-StaleNodeForStaleNodeHandler] INFO  pipeline.PipelineStateManager (PipelineStateManager.java:finalizePipeline(123)) - Pipeline Pipeline[ Id: 89b5b368-e91c-41c5-aa27-c187a73aafdc, Nodes: 51dd3613-214f-48d9-8c41-f6a02a0d7e36{ip: 192.168.5.134, host: pr-hdds-2222-6c7sc-20480173, networkLocation: /default-rack, certSerialId: null}, Type:RATIS, Factor:ONE, State:CLOSED] moved to CLOSED state
2019-10-04 12:48:24,695 [EventQueue-StaleNodeForStaleNodeHandler] INFO  pipeline.SCMPipelineManager (SCMPipelineManager.java:finalizeAndDestroyPipeline(315)) - destroying pipeline:Pipeline[ Id: b060f6f5-a250-451a-aecb-545ee777f559, Nodes: 51dd3613-214f-48d9-8c41-f6a02a0d7e36{ip: 192.168.5.134, host: pr-hdds-2222-6c7sc-20480173, networkLocation: /default-rack, certSerialId: null}2efff099-baa6-464b-b5a1-77a261c7ed99{ip: 192.168.5.134, host: pr-hdds-2222-6c7sc-20480173, networkLocation: /default-rack, certSerialId: null}f825efd4-c0fd-4bb3-a180-360f0e805f39{ip: 192.168.5.134, host: pr-hdds-2222-6c7sc-20480173, networkLocation: /default-rack, certSerialId: null}, Type:RATIS, Factor:THREE, State:CLOSED]
2019-10-04 12:48:25,381 [main] INFO  ozoneimpl.OzoneContainer (OzoneContainer.java:stop(231)) - Attempting to stop container services.
2019-10-04 12:48:25,382 [main] INFO  impl.RaftServerProxy (RaftServerProxy.java:lambda$close$4(314)) - 51dd3613-214f-48d9-8c41-f6a02a0d7e36: close
2019-10-04 12:48:25,382 [main] INFO  impl.RaftServerImpl (RaftServerImpl.java:lambda$shutdown$3(247)) - 51dd3613-214f-48d9-8c41-f6a02a0d7e36@group-C187A73AAFDC: shutdown
2019-10-04 12:48:25,383 [main] INFO  util.JmxRegister (JmxRegister.java:unregister(73)) - Successfully un-registered JMX Bean with object name Ratis:service=RaftServer,group=group-C187A73AAFDC,id=51dd3613-214f-48d9-8c41-f6a02a0d7e36
2019-10-04 12:48:25,383 [main] INFO  impl.RoleInfo (RoleInfo.java:shutdownLeaderState(104)) - 51dd3613-214f-48d9-8c41-f6a02a0d7e36: shutdown LeaderState
2019-10-04 12:48:25,383 [main] INFO  impl.PendingRequests (PendingRequests.java:sendNotLeaderResponses(202)) - 51dd3613-214f-48d9-8c41-f6a02a0d7e36@group-C187A73AAFDC-PendingRequests: sendNotLeaderResponses
2019-10-04 12:48:25,384 [main] INFO  impl.StateMachineUpdater (StateMachineUpdater.java:stopAndJoin(136)) - 51dd3613-214f-48d9-8c41-f6a02a0d7e36@group-C187A73AAFDC-StateMachineUpdater: set stopIndex = 0
2019-10-04 12:48:25,384 [main] INFO  impl.RaftServerImpl (ServerState.java:close(387)) - 51dd3613-214f-48d9-8c41-f6a02a0d7e36@group-C187A73AAFDC: closes. applyIndex: 0
2019-10-04 12:48:25,385 [51dd3613-214f-48d9-8c41-f6a02a0d7e36@group-C187A73AAFDC-SegmentedRaftLogWorker] INFO  segmented.SegmentedRaftLogWorker (SegmentedRaftLogWorker.java:run(316)) - 51dd3613-214f-48d9-8c41-f6a02a0d7e36@group-C187A73AAFDC-SegmentedRaftLogWorker was interrupted, exiting. There are 0 tasks remaining in the queue.
2019-10-04 12:48:25,401 [main] INFO  segmented.SegmentedRaftLogWorker (SegmentedRaftLogWorker.java:close(224)) - 51dd3613-214f-48d9-8c41-f6a02a0d7e36@group-C187A73AAFDC-SegmentedRaftLogWorker close()
2019-10-04 12:48:25,404 [main] INFO  impl.RaftServerImpl (RaftServerImpl.java:lambda$shutdown$3(247)) - 51dd3613-214f-48d9-8c41-f6a02a0d7e36@group-545EE777F559: shutdown
2019-10-04 12:48:25,405 [main] INFO  util.JmxRegister (JmxRegister.java:unregister(73)) - Successfully un-registered JMX Bean with object name Ratis:service=RaftServer,group=group-545EE777F559,id=51dd3613-214f-48d9-8c41-f6a02a0d7e36
2019-10-04 12:48:25,405 [main] INFO  impl.RoleInfo (RoleInfo.java:shutdownLeaderState(104)) - 51dd3613-214f-48d9-8c41-f6a02a0d7e36: shutdown LeaderState
2019-10-04 12:48:25,408 [main] INFO  impl.PendingRequests (PendingRequests.java:sendNotLeaderResponses(202)) - 51dd3613-214f-48d9-8c41-f6a02a0d7e36@group-545EE777F559-PendingRequests: sendNotLeaderResponses
2019-10-04 12:48:25,408 [org.apache.ratis.server.impl.LogAppender$AppenderDaemon$$Lambda$528/1714880846@3ac4047a] WARN  server.GrpcLogAppender (GrpcLogAppender.java:mayWait(143)) - 51dd3613-214f-48d9-8c41-f6a02a0d7e36@group-545EE777F559->2efff099-baa6-464b-b5a1-77a261c7ed99-GrpcLogAppender: Wait interrupted by java.lang.InterruptedException
2019-10-04 12:48:25,408 [org.apache.ratis.server.impl.LogAppender$AppenderDaemon$$Lambda$528/1714880846@388c17ea] WARN  server.GrpcLogAppender (GrpcLogAppender.java:mayWait(143)) - 51dd3613-214f-48d9-8c41-f6a02a0d7e36@group-545EE777F559->f825efd4-c0fd-4bb3-a180-360f0e805f39-GrpcLogAppender: Wait interrupted by java.lang.InterruptedException
2019-10-04 12:48:25,412 [main] INFO  impl.StateMachineUpdater (StateMachineUpdater.java:stopAndJoin(136)) - 51dd3613-214f-48d9-8c41-f6a02a0d7e36@group-545EE777F559-StateMachineUpdater: set stopIndex = 18
2019-10-04 12:48:25,412 [51dd3613-214f-48d9-8c41-f6a02a0d7e36@group-545EE777F559-StateMachineUpdater] INFO  ratis.ContainerStateMachine (ContainerStateMachine.java:takeSnapshot(293)) - group-545EE777F559: Taking a snapshot at:(t:1, i:18) file /workdir/hadoop-ozone/integration-test/target/test-dir/MiniOzoneClusterImpl-5635d10f-1327-44e0-ad77-5958a3ffe64f/datanode-5/data/ratis/b060f6f5-a250-451a-aecb-545ee777f559/sm/snapshot.1_18
2019-10-04 12:48:25,427 [51dd3613-214f-48d9-8c41-f6a02a0d7e36@group-545EE777F559-StateMachineUpdater] INFO  ratis.ContainerStateMachine (ContainerStateMachine.java:takeSnapshot(304)) - group-545EE777F559: Finished taking a snapshot at:(t:1, i:18) file:/workdir/hadoop-ozone/integration-test/target/test-dir/MiniOzoneClusterImpl-5635d10f-1327-44e0-ad77-5958a3ffe64f/datanode-5/data/ratis/b060f6f5-a250-451a-aecb-545ee777f559/sm/snapshot.1_18 time:16
2019-10-04 12:48:25,427 [51dd3613-214f-48d9-8c41-f6a02a0d7e36@group-545EE777F559-StateMachineUpdater] INFO  impl.StateMachineUpdater (StateMachineUpdater.java:takeSnapshot(269)) - 51dd3613-214f-48d9-8c41-f6a02a0d7e36@group-545EE777F559-StateMachineUpdater: Took a snapshot at index 18
2019-10-04 12:48:25,427 [51dd3613-214f-48d9-8c41-f6a02a0d7e36@group-545EE777F559-StateMachineUpdater] INFO  impl.StateMachineUpdater (StateMachineUpdater.java:lambda$new$0(84)) - 51dd3613-214f-48d9-8c41-f6a02a0d7e36@group-545EE777F559-StateMachineUpdater: snapshotIndex: updateIncreasingly -1 -> 18
2019-10-04 12:48:25,428 [main] INFO  impl.RaftServerImpl (ServerState.java:close(387)) - 51dd3613-214f-48d9-8c41-f6a02a0d7e36@group-545EE777F559: closes. applyIndex: 18
2019-10-04 12:48:25,428 [51dd3613-214f-48d9-8c41-f6a02a0d7e36@group-545EE777F559-SegmentedRaftLogWorker] INFO  segmented.SegmentedRaftLogWorker (SegmentedRaftLogWorker.java:run(316)) - 51dd3613-214f-48d9-8c41-f6a02a0d7e36@group-545EE777F559-SegmentedRaftLogWorker was interrupted, exiting. There are 0 tasks remaining in the queue.
2019-10-04 12:48:25,430 [main] INFO  segmented.SegmentedRaftLogWorker (SegmentedRaftLogWorker.java:close(224)) - 51dd3613-214f-48d9-8c41-f6a02a0d7e36@group-545EE777F559-SegmentedRaftLogWorker close()
2019-10-04 12:48:25,434 [main] INFO  server.GrpcService (GrpcService.java:closeImpl(164)) - 51dd3613-214f-48d9-8c41-f6a02a0d7e36: shutdown server with port 41960 now
2019-10-04 12:48:25,435 [grpc-default-executor-10] WARN  client.GrpcClientProtocolService (LogUtils.java:warn(134)) - 1-UnorderedRequestStreamObserver1: onError: org.apache.ratis.thirdparty.io.grpc.StatusRuntimeException: CANCELLED: cancelled before receiving half close
2019-10-04 12:48:25,435 [main] INFO  server.GrpcService (GrpcService.java:closeImpl(172)) - 51dd3613-214f-48d9-8c41-f6a02a0d7e36: shutdown server with port 41960 successfully
2019-10-04 12:48:25,437 [refreshUsed-/workdir/hadoop-ozone/integration-test/target/test-dir/MiniOzoneClusterImpl-5635d10f-1327-44e0-ad77-5958a3ffe64f/datanode-5/data/containers] WARN  fs.CachingGetSpaceUsed (CachingGetSpaceUsed.java:run(183)) - Thread Interrupted waiting to refresh disk information: sleep interrupted
2019-10-04 12:48:25,454 [main] INFO  utils.BackgroundService (BackgroundService.java:shutdown(148)) - Shutting down service BlockDeletingService
2019-10-04 12:48:25,459 [main] INFO  statemachine.DatanodeStateMachine (DatanodeStateMachine.java:stopDaemon(395)) - Ozone container server stopped.
2019-10-04 12:48:25,460 [main] INFO  handler.ContextHandler (ContextHandler.java:doStop(910)) - Stopped o.e.j.w.WebAppContext@8383a14{/,null,UNAVAILABLE}{/hddsDatanode}
2019-10-04 12:48:25,461 [main] INFO  server.AbstractConnector (AbstractConnector.java:doStop(318)) - Stopped ServerConnector@4b691611{HTTP/1.1,[http/1.1]}{0.0.0.0:0}
2019-10-04 12:48:25,461 [main] INFO  handler.ContextHandler (ContextHandler.java:doStop(910)) - Stopped o.e.j.s.ServletContextHandler@42cc5460{/static,jar:file:/home/user/.m2/repository/org/apache/hadoop/hadoop-hdds-container-service/0.5.0-SNAPSHOT/hadoop-hdds-container-service-0.5.0-SNAPSHOT.jar!/webapps/static,UNAVAILABLE}
2019-10-04 12:48:25,461 [main] INFO  handler.ContextHandler (ContextHandler.java:doStop(910)) - Stopped o.e.j.s.ServletContextHandler@2a7bc16b{/logs,file:///workdir/hadoop-ozone/integration-test/target/log,UNAVAILABLE}
2019-10-04 12:48:25,462 [main] INFO  ozone.MiniOzoneClusterImpl (MiniOzoneClusterImpl.java:stopSCM(392)) - Stopping the StorageContainerManager
2019-10-04 12:48:25,462 [main] INFO  server.StorageContainerManager (StorageContainerManager.java:stop(808)) - Stopping Replication Manager Service.
2019-10-04 12:48:25,462 [main] INFO  container.ReplicationManager (ReplicationManager.java:stop(203)) - Stopping Replication Monitor Thread.
2019-10-04 12:48:25,463 [main] INFO  server.StorageContainerManager (StorageContainerManager.java:stop(815)) - Stopping Lease Manager of the command watchers
2019-10-04 12:48:25,463 [main] INFO  server.StorageContainerManager (StorageContainerManager.java:stop(822)) - Stopping datanode service RPC server
2019-10-04 12:48:25,463 [main] INFO  server.SCMDatanodeProtocolServer (SCMDatanodeProtocolServer.java:stop(346)) - Stopping the RPC server for DataNodes
2019-10-04 12:48:25,463 [main] INFO  ipc.Server (Server.java:stop(3082)) - Stopping server on 40139
2019-10-04 12:48:25,466 [IPC Server listener on 40139] INFO  ipc.Server (Server.java:run(1185)) - Stopping IPC Server listener on 40139
2019-10-04 12:48:25,466 [IPC Server Responder] INFO  ipc.Server (Server.java:run(1319)) - Stopping IPC Server Responder
2019-10-04 12:48:25,494 [SCM Heartbeat Processing Thread - 0] WARN  node.NodeStateManager (NodeStateManager.java:scheduleNextHealthCheck(646)) - Current Thread is interrupted, shutting down HB processing thread for Node Manager.
2019-10-04 12:48:25,495 [main] INFO  server.StorageContainerManager (StorageContainerManager.java:stop(830)) - Stopping block service RPC server
2019-10-04 12:48:25,495 [main] INFO  server.SCMBlockProtocolServer (SCMBlockProtocolServer.java:stop(155)) - Stopping the RPC server for Block Protocol
2019-10-04 12:48:25,495 [main] INFO  ipc.Server (Server.java:stop(3082)) - Stopping server on 38145
2019-10-04 12:48:25,498 [IPC Server listener on 38145] INFO  ipc.Server (Server.java:run(1185)) - Stopping IPC Server listener on 38145
2019-10-04 12:48:25,498 [main] INFO  server.StorageContainerManager (StorageContainerManager.java:stop(837)) - Stopping the StorageContainerLocationProtocol RPC server
2019-10-04 12:48:25,498 [IPC Server Responder] INFO  ipc.Server (Server.java:run(1319)) - Stopping IPC Server Responder
2019-10-04 12:48:25,498 [main] INFO  server.SCMClientProtocolServer (SCMClientProtocolServer.java:stop(168)) - Stopping the RPC server for Client Protocol
2019-10-04 12:48:25,499 [main] INFO  ipc.Server (Server.java:stop(3082)) - Stopping server on 42018
2019-10-04 12:48:25,501 [IPC Server listener on 42018] INFO  ipc.Server (Server.java:run(1185)) - Stopping IPC Server listener on 42018
2019-10-04 12:48:25,501 [main] INFO  server.StorageContainerManager (StorageContainerManager.java:stop(844)) - Stopping Storage Container Manager HTTP server.
2019-10-04 12:48:25,502 [IPC Server Responder] INFO  ipc.Server (Server.java:run(1319)) - Stopping IPC Server Responder
2019-10-04 12:48:25,504 [main] INFO  handler.ContextHandler (ContextHandler.java:doStop(910)) - Stopped o.e.j.w.WebAppContext@46d1b59{/,null,UNAVAILABLE}{/scm}
2019-10-04 12:48:25,505 [main] INFO  server.AbstractConnector (AbstractConnector.java:doStop(318)) - Stopped ServerConnector@61d2f267{HTTP/1.1,[http/1.1]}{0.0.0.0:0}
2019-10-04 12:48:25,505 [main] INFO  handler.ContextHandler (ContextHandler.java:doStop(910)) - Stopped o.e.j.s.ServletContextHandler@bb6f3f7{/static,file:///workdir/hadoop-ozone/integration-test/target/test-classes/webapps/static,UNAVAILABLE}
2019-10-04 12:48:25,505 [main] INFO  handler.ContextHandler (ContextHandler.java:doStop(910)) - Stopped o.e.j.s.ServletContextHandler@6e068ac9{/logs,file:///workdir/hadoop-ozone/integration-test/target/log,UNAVAILABLE}
2019-10-04 12:48:25,506 [main] INFO  server.StorageContainerManager (StorageContainerManager.java:stop(855)) - Stopping Block Manager Service.
2019-10-04 12:48:25,506 [main] INFO  utils.BackgroundService (BackgroundService.java:shutdown(148)) - Shutting down service SCMBlockDeletingService
2019-10-04 12:48:25,506 [main] INFO  utils.BackgroundService (BackgroundService.java:shutdown(148)) - Shutting down service SCMBlockDeletingService
2019-10-04 12:48:25,507 [main] INFO  server.StorageContainerManager (StorageContainerManager.java:stop(877)) - Stopping SCM Event Queue.
2019-10-04 12:48:25,510 [main] INFO  impl.MetricsSystemImpl (MetricsSystemImpl.java:stop(210)) - Stopping HddsDatanode metrics system...
2019-10-04 12:48:25,543 [main] INFO  impl.MetricsSystemImpl (MetricsSystemImpl.java:stop(216)) - HddsDatanode metrics system stopped.
]]></system-out>
    <system-err><![CDATA[Oct 04, 2019 12:47:54 PM org.apache.ratis.thirdparty.io.grpc.internal.ManagedChannelOrphanWrapper$ManagedChannelReference cleanQueue
SEVERE: *~*~*~ Channel ManagedChannelImpl{logId=2885, target=192.168.5.134:44293} was not shutdown properly!!! ~*~*~*
    Make sure to call shutdown()/shutdownNow() and wait until awaitTermination() returns true.
java.lang.RuntimeException: ManagedChannel allocation site
	at org.apache.ratis.thirdparty.io.grpc.internal.ManagedChannelOrphanWrapper$ManagedChannelReference.<init>(ManagedChannelOrphanWrapper.java:103)
	at org.apache.ratis.thirdparty.io.grpc.internal.ManagedChannelOrphanWrapper.<init>(ManagedChannelOrphanWrapper.java:53)
	at org.apache.ratis.thirdparty.io.grpc.internal.ManagedChannelOrphanWrapper.<init>(ManagedChannelOrphanWrapper.java:44)
	at org.apache.ratis.thirdparty.io.grpc.internal.AbstractManagedChannelImplBuilder.build(AbstractManagedChannelImplBuilder.java:411)
	at org.apache.hadoop.hdds.scm.XceiverClientGrpc.connectToDatanode(XceiverClientGrpc.java:181)
	at org.apache.hadoop.hdds.scm.XceiverClientGrpc.reconnect(XceiverClientGrpc.java:429)
	at org.apache.hadoop.hdds.scm.XceiverClientGrpc.sendCommandAsync(XceiverClientGrpc.java:378)
	at org.apache.hadoop.hdds.scm.XceiverClientGrpc.sendCommandWithRetry(XceiverClientGrpc.java:291)
	at org.apache.hadoop.hdds.scm.XceiverClientGrpc.sendCommandWithTraceIDAndRetry(XceiverClientGrpc.java:257)
	at org.apache.hadoop.hdds.scm.XceiverClientGrpc.sendCommand(XceiverClientGrpc.java:240)
	at org.apache.hadoop.hdds.scm.storage.ContainerProtocolCalls.getBlock(ContainerProtocolCalls.java:118)
	at org.apache.hadoop.hdds.scm.storage.BlockInputStream.getChunkInfos(BlockInputStream.java:167)
	at org.apache.hadoop.hdds.scm.storage.BlockInputStream.initialize(BlockInputStream.java:118)
	at org.apache.hadoop.hdds.scm.storage.BlockInputStream.read(BlockInputStream.java:222)
	at org.apache.hadoop.ozone.client.io.KeyInputStream.read(KeyInputStream.java:171)
	at org.apache.hadoop.ozone.client.io.OzoneInputStream.read(OzoneInputStream.java:47)
	at java.io.InputStream.read(InputStream.java:101)
	at org.apache.hadoop.ozone.container.ContainerTestHelper.validateData(ContainerTestHelper.java:714)
	at org.apache.hadoop.ozone.client.rpc.TestBlockOutputStreamWithFailures.validateData(TestBlockOutputStreamWithFailures.java:1216)
	at org.apache.hadoop.ozone.client.rpc.TestBlockOutputStreamWithFailures.testWatchForCommitWithSingleNodeRatis(TestBlockOutputStreamWithFailures.java:918)
	at sun.reflect.NativeMethodAccessorImpl.invoke0(Native Method)
	at sun.reflect.NativeMethodAccessorImpl.invoke(NativeMethodAccessorImpl.java:62)
	at sun.reflect.DelegatingMethodAccessorImpl.invoke(DelegatingMethodAccessorImpl.java:43)
	at java.lang.reflect.Method.invoke(Method.java:498)
	at org.junit.runners.model.FrameworkMethod$1.runReflectiveCall(FrameworkMethod.java:47)
	at org.junit.internal.runners.model.ReflectiveCallable.run(ReflectiveCallable.java:12)
	at org.junit.runners.model.FrameworkMethod.invokeExplosively(FrameworkMethod.java:44)
	at org.junit.internal.runners.statements.InvokeMethod.evaluate(InvokeMethod.java:17)
	at org.junit.internal.runners.statements.RunBefores.evaluate(RunBefores.java:26)
	at org.junit.internal.runners.statements.RunAfters.evaluate(RunAfters.java:27)
	at org.junit.runners.ParentRunner.runLeaf(ParentRunner.java:271)
	at org.junit.runners.BlockJUnit4ClassRunner.runChild(BlockJUnit4ClassRunner.java:70)
	at org.junit.runners.BlockJUnit4ClassRunner.runChild(BlockJUnit4ClassRunner.java:50)
	at org.junit.runners.ParentRunner$3.run(ParentRunner.java:238)
	at org.junit.runners.ParentRunner$1.schedule(ParentRunner.java:63)
	at org.junit.runners.ParentRunner.runChildren(ParentRunner.java:236)
	at org.junit.runners.ParentRunner.access$000(ParentRunner.java:53)
	at org.junit.runners.ParentRunner$2.evaluate(ParentRunner.java:229)
	at org.junit.runners.ParentRunner.run(ParentRunner.java:309)
	at org.apache.maven.surefire.junit4.JUnit4Provider.execute(JUnit4Provider.java:365)
	at org.apache.maven.surefire.junit4.JUnit4Provider.executeWithRerun(JUnit4Provider.java:273)
	at org.apache.maven.surefire.junit4.JUnit4Provider.executeTestSet(JUnit4Provider.java:238)
	at org.apache.maven.surefire.junit4.JUnit4Provider.invoke(JUnit4Provider.java:159)
	at org.apache.maven.surefire.booter.ForkedBooter.invokeProviderInSameClassLoader(ForkedBooter.java:384)
	at org.apache.maven.surefire.booter.ForkedBooter.runSuitesInProcess(ForkedBooter.java:345)
	at org.apache.maven.surefire.booter.ForkedBooter.execute(ForkedBooter.java:126)
	at org.apache.maven.surefire.booter.ForkedBooter.main(ForkedBooter.java:418)

Oct 04, 2019 12:47:54 PM org.apache.ratis.thirdparty.io.grpc.internal.ManagedChannelOrphanWrapper$ManagedChannelReference cleanQueue
SEVERE: *~*~*~ Channel ManagedChannelImpl{logId=3180, target=192.168.5.134:44457} was not shutdown properly!!! ~*~*~*
    Make sure to call shutdown()/shutdownNow() and wait until awaitTermination() returns true.
java.lang.RuntimeException: ManagedChannel allocation site
	at org.apache.ratis.thirdparty.io.grpc.internal.ManagedChannelOrphanWrapper$ManagedChannelReference.<init>(ManagedChannelOrphanWrapper.java:103)
	at org.apache.ratis.thirdparty.io.grpc.internal.ManagedChannelOrphanWrapper.<init>(ManagedChannelOrphanWrapper.java:53)
	at org.apache.ratis.thirdparty.io.grpc.internal.ManagedChannelOrphanWrapper.<init>(ManagedChannelOrphanWrapper.java:44)
	at org.apache.ratis.thirdparty.io.grpc.internal.AbstractManagedChannelImplBuilder.build(AbstractManagedChannelImplBuilder.java:411)
	at org.apache.ratis.grpc.client.GrpcClientProtocolClient.<init>(GrpcClientProtocolClient.java:128)
	at org.apache.ratis.grpc.client.GrpcClientRpc.lambda$new$0(GrpcClientRpc.java:55)
	at org.apache.ratis.util.PeerProxyMap$PeerAndProxy.lambda$getProxy$0(PeerProxyMap.java:61)
	at org.apache.ratis.util.LifeCycle.startAndTransition(LifeCycle.java:202)
	at org.apache.ratis.util.PeerProxyMap$PeerAndProxy.getProxy(PeerProxyMap.java:60)
	at org.apache.ratis.util.PeerProxyMap.getProxy(PeerProxyMap.java:108)
	at org.apache.ratis.grpc.client.GrpcClientRpc.sendRequestAsync(GrpcClientRpc.java:66)
	at org.apache.ratis.client.impl.OrderedAsync.sendRequest(OrderedAsync.java:208)
	at org.apache.ratis.client.impl.OrderedAsync.sendRequestWithRetry(OrderedAsync.java:169)
	at org.apache.ratis.util.SlidingWindow$Client.sendOrDelayRequest(SlidingWindow.java:278)
	at org.apache.ratis.util.SlidingWindow$Client.retry(SlidingWindow.java:294)
	at org.apache.ratis.client.impl.OrderedAsync.lambda$scheduleWithTimeout$7(OrderedAsync.java:195)
	at org.apache.ratis.util.TimeoutScheduler.lambda$onTimeout$0(TimeoutScheduler.java:113)
	at org.apache.ratis.util.TimeoutScheduler.lambda$onTimeout$1(TimeoutScheduler.java:133)
	at org.apache.ratis.util.LogUtils.runAndLog(LogUtils.java:50)
	at org.apache.ratis.util.LogUtils$1.run(LogUtils.java:91)
	at java.util.concurrent.Executors$RunnableAdapter.call(Executors.java:511)
	at java.util.concurrent.FutureTask.run(FutureTask.java:266)
	at java.util.concurrent.ScheduledThreadPoolExecutor$ScheduledFutureTask.access$201(ScheduledThreadPoolExecutor.java:180)
	at java.util.concurrent.ScheduledThreadPoolExecutor$ScheduledFutureTask.run(ScheduledThreadPoolExecutor.java:293)
	at java.util.concurrent.ThreadPoolExecutor.runWorker(ThreadPoolExecutor.java:1149)
	at java.util.concurrent.ThreadPoolExecutor$Worker.run(ThreadPoolExecutor.java:624)
	at java.lang.Thread.run(Thread.java:748)

Oct 04, 2019 12:47:54 PM org.apache.ratis.thirdparty.io.grpc.internal.ManagedChannelOrphanWrapper$ManagedChannelReference cleanQueue
SEVERE: *~*~*~ Channel ManagedChannelImpl{logId=2870, target=192.168.5.134:38209} was not shutdown properly!!! ~*~*~*
    Make sure to call shutdown()/shutdownNow() and wait until awaitTermination() returns true.
java.lang.RuntimeException: ManagedChannel allocation site
	at org.apache.ratis.thirdparty.io.grpc.internal.ManagedChannelOrphanWrapper$ManagedChannelReference.<init>(ManagedChannelOrphanWrapper.java:103)
	at org.apache.ratis.thirdparty.io.grpc.internal.ManagedChannelOrphanWrapper.<init>(ManagedChannelOrphanWrapper.java:53)
	at org.apache.ratis.thirdparty.io.grpc.internal.ManagedChannelOrphanWrapper.<init>(ManagedChannelOrphanWrapper.java:44)
	at org.apache.ratis.thirdparty.io.grpc.internal.AbstractManagedChannelImplBuilder.build(AbstractManagedChannelImplBuilder.java:411)
	at org.apache.ratis.grpc.client.GrpcClientProtocolClient.<init>(GrpcClientProtocolClient.java:128)
	at org.apache.ratis.grpc.client.GrpcClientRpc.lambda$new$0(GrpcClientRpc.java:55)
	at org.apache.ratis.util.PeerProxyMap$PeerAndProxy.lambda$getProxy$0(PeerProxyMap.java:61)
	at org.apache.ratis.util.LifeCycle.startAndTransition(LifeCycle.java:202)
	at org.apache.ratis.util.PeerProxyMap$PeerAndProxy.getProxy(PeerProxyMap.java:60)
	at org.apache.ratis.util.PeerProxyMap.getProxy(PeerProxyMap.java:108)
	at org.apache.ratis.grpc.client.GrpcClientRpc.sendRequestAsync(GrpcClientRpc.java:66)
	at org.apache.ratis.client.impl.OrderedAsync.sendRequest(OrderedAsync.java:208)
	at org.apache.ratis.client.impl.OrderedAsync.sendRequestWithRetry(OrderedAsync.java:169)
	at org.apache.ratis.util.SlidingWindow$Client.sendOrDelayRequest(SlidingWindow.java:278)
	at org.apache.ratis.util.SlidingWindow$Client.retry(SlidingWindow.java:294)
	at org.apache.ratis.client.impl.OrderedAsync.lambda$scheduleWithTimeout$7(OrderedAsync.java:195)
	at org.apache.ratis.util.TimeoutScheduler.lambda$onTimeout$0(TimeoutScheduler.java:113)
	at org.apache.ratis.util.TimeoutScheduler.lambda$onTimeout$1(TimeoutScheduler.java:133)
	at org.apache.ratis.util.LogUtils.runAndLog(LogUtils.java:50)
	at org.apache.ratis.util.LogUtils$1.run(LogUtils.java:91)
	at java.util.concurrent.Executors$RunnableAdapter.call(Executors.java:511)
	at java.util.concurrent.FutureTask.run(FutureTask.java:266)
	at java.util.concurrent.ScheduledThreadPoolExecutor$ScheduledFutureTask.access$201(ScheduledThreadPoolExecutor.java:180)
	at java.util.concurrent.ScheduledThreadPoolExecutor$ScheduledFutureTask.run(ScheduledThreadPoolExecutor.java:293)
	at java.util.concurrent.ThreadPoolExecutor.runWorker(ThreadPoolExecutor.java:1149)
	at java.util.concurrent.ThreadPoolExecutor$Worker.run(ThreadPoolExecutor.java:624)
	at java.lang.Thread.run(Thread.java:748)

Oct 04, 2019 12:47:54 PM org.apache.ratis.thirdparty.io.grpc.internal.ManagedChannelOrphanWrapper$ManagedChannelReference cleanQueue
SEVERE: *~*~*~ Channel ManagedChannelImpl{logId=3185, target=192.168.5.134:37655} was not shutdown properly!!! ~*~*~*
    Make sure to call shutdown()/shutdownNow() and wait until awaitTermination() returns true.
java.lang.RuntimeException: ManagedChannel allocation site
	at org.apache.ratis.thirdparty.io.grpc.internal.ManagedChannelOrphanWrapper$ManagedChannelReference.<init>(ManagedChannelOrphanWrapper.java:103)
	at org.apache.ratis.thirdparty.io.grpc.internal.ManagedChannelOrphanWrapper.<init>(ManagedChannelOrphanWrapper.java:53)
	at org.apache.ratis.thirdparty.io.grpc.internal.ManagedChannelOrphanWrapper.<init>(ManagedChannelOrphanWrapper.java:44)
	at org.apache.ratis.thirdparty.io.grpc.internal.AbstractManagedChannelImplBuilder.build(AbstractManagedChannelImplBuilder.java:411)
	at org.apache.ratis.grpc.client.GrpcClientProtocolClient.<init>(GrpcClientProtocolClient.java:128)
	at org.apache.ratis.grpc.client.GrpcClientRpc.lambda$new$0(GrpcClientRpc.java:55)
	at org.apache.ratis.util.PeerProxyMap$PeerAndProxy.lambda$getProxy$0(PeerProxyMap.java:61)
	at org.apache.ratis.util.LifeCycle.startAndTransition(LifeCycle.java:202)
	at org.apache.ratis.util.PeerProxyMap$PeerAndProxy.getProxy(PeerProxyMap.java:60)
	at org.apache.ratis.util.PeerProxyMap.getProxy(PeerProxyMap.java:108)
	at org.apache.ratis.grpc.client.GrpcClientRpc.sendRequestAsync(GrpcClientRpc.java:66)
	at org.apache.ratis.client.impl.OrderedAsync.sendRequest(OrderedAsync.java:208)
	at org.apache.ratis.client.impl.OrderedAsync.sendRequestWithRetry(OrderedAsync.java:169)
	at org.apache.ratis.util.SlidingWindow$Client.sendOrDelayRequest(SlidingWindow.java:278)
	at org.apache.ratis.util.SlidingWindow$Client.submitNewRequest(SlidingWindow.java:257)
	at org.apache.ratis.client.impl.OrderedAsync.send(OrderedAsync.java:155)
	at org.apache.ratis.client.impl.RaftClientImpl.sendAsync(RaftClientImpl.java:144)
	at org.apache.ratis.client.impl.RaftClientImpl.sendAsync(RaftClientImpl.java:124)
	at org.apache.hadoop.hdds.scm.XceiverClientRatis.sendRequestAsync(XceiverClientRatis.java:234)
	at org.apache.hadoop.hdds.scm.XceiverClientRatis.sendCommandAsync(XceiverClientRatis.java:332)
	at org.apache.hadoop.hdds.scm.storage.ContainerProtocolCalls.writeChunkAsync(ContainerProtocolCalls.java:310)
	at org.apache.hadoop.hdds.scm.storage.BlockOutputStream.writeChunkToContainer(BlockOutputStream.java:601)
	at org.apache.hadoop.hdds.scm.storage.BlockOutputStream.writeChunk(BlockOutputStream.java:459)
	at org.apache.hadoop.hdds.scm.storage.BlockOutputStream.writeOnRetry(BlockOutputStream.java:285)
	at org.apache.hadoop.ozone.client.io.BlockOutputStreamEntry.writeOnRetry(BlockOutputStreamEntry.java:200)
	at org.apache.hadoop.ozone.client.io.KeyOutputStream.handleWrite(KeyOutputStream.java:206)
	at org.apache.hadoop.ozone.client.io.KeyOutputStream.handleRetry(KeyOutputStream.java:375)
	at org.apache.hadoop.ozone.client.io.KeyOutputStream.handleException(KeyOutputStream.java:324)
	at org.apache.hadoop.ozone.client.io.KeyOutputStream.handleFlushOrClose(KeyOutputStream.java:449)
	at org.apache.hadoop.ozone.client.io.KeyOutputStream.handleWrite(KeyOutputStream.java:232)
	at org.apache.hadoop.ozone.client.io.KeyOutputStream.write(KeyOutputStream.java:190)
	at org.apache.hadoop.ozone.client.io.OzoneOutputStream.write(OzoneOutputStream.java:49)
	at java.io.OutputStream.write(OutputStream.java:75)
	at org.apache.hadoop.ozone.client.rpc.TestBlockOutputStreamWithFailures.testWatchForCommitDatanodeFailure(TestBlockOutputStreamWithFailures.java:363)
	at sun.reflect.NativeMethodAccessorImpl.invoke0(Native Method)
	at sun.reflect.NativeMethodAccessorImpl.invoke(NativeMethodAccessorImpl.java:62)
	at sun.reflect.DelegatingMethodAccessorImpl.invoke(DelegatingMethodAccessorImpl.java:43)
	at java.lang.reflect.Method.invoke(Method.java:498)
	at org.junit.runners.model.FrameworkMethod$1.runReflectiveCall(FrameworkMethod.java:47)
	at org.junit.internal.runners.model.ReflectiveCallable.run(ReflectiveCallable.java:12)
	at org.junit.runners.model.FrameworkMethod.invokeExplosively(FrameworkMethod.java:44)
	at org.junit.internal.runners.statements.InvokeMethod.evaluate(InvokeMethod.java:17)
	at org.junit.internal.runners.statements.RunBefores.evaluate(RunBefores.java:26)
	at org.junit.internal.runners.statements.RunAfters.evaluate(RunAfters.java:27)
	at org.junit.runners.ParentRunner.runLeaf(ParentRunner.java:271)
	at org.junit.runners.BlockJUnit4ClassRunner.runChild(BlockJUnit4ClassRunner.java:70)
	at org.junit.runners.BlockJUnit4ClassRunner.runChild(BlockJUnit4ClassRunner.java:50)
	at org.junit.runners.ParentRunner$3.run(ParentRunner.java:238)
	at org.junit.runners.ParentRunner$1.schedule(ParentRunner.java:63)
	at org.junit.runners.ParentRunner.runChildren(ParentRunner.java:236)
	at org.junit.runners.ParentRunner.access$000(ParentRunner.java:53)
	at org.junit.runners.ParentRunner$2.evaluate(ParentRunner.java:229)
	at org.junit.runners.ParentRunner.run(ParentRunner.java:309)
	at org.apache.maven.surefire.junit4.JUnit4Provider.execute(JUnit4Provider.java:365)
	at org.apache.maven.surefire.junit4.JUnit4Provider.executeWithRerun(JUnit4Provider.java:273)
	at org.apache.maven.surefire.junit4.JUnit4Provider.executeTestSet(JUnit4Provider.java:238)
	at org.apache.maven.surefire.junit4.JUnit4Provider.invoke(JUnit4Provider.java:159)
	at org.apache.maven.surefire.booter.ForkedBooter.invokeProviderInSameClassLoader(ForkedBooter.java:384)
	at org.apache.maven.surefire.booter.ForkedBooter.runSuitesInProcess(ForkedBooter.java:345)
	at org.apache.maven.surefire.booter.ForkedBooter.execute(ForkedBooter.java:126)
	at org.apache.maven.surefire.booter.ForkedBooter.main(ForkedBooter.java:418)

Oct 04, 2019 12:47:54 PM org.apache.ratis.thirdparty.io.grpc.internal.ManagedChannelOrphanWrapper$ManagedChannelReference cleanQueue
SEVERE: *~*~*~ Channel ManagedChannelImpl{logId=2880, target=192.168.5.134:42152} was not shutdown properly!!! ~*~*~*
    Make sure to call shutdown()/shutdownNow() and wait until awaitTermination() returns true.
java.lang.RuntimeException: ManagedChannel allocation site
	at org.apache.ratis.thirdparty.io.grpc.internal.ManagedChannelOrphanWrapper$ManagedChannelReference.<init>(ManagedChannelOrphanWrapper.java:103)
	at org.apache.ratis.thirdparty.io.grpc.internal.ManagedChannelOrphanWrapper.<init>(ManagedChannelOrphanWrapper.java:53)
	at org.apache.ratis.thirdparty.io.grpc.internal.ManagedChannelOrphanWrapper.<init>(ManagedChannelOrphanWrapper.java:44)
	at org.apache.ratis.thirdparty.io.grpc.internal.AbstractManagedChannelImplBuilder.build(AbstractManagedChannelImplBuilder.java:411)
	at org.apache.hadoop.hdds.scm.XceiverClientGrpc.connectToDatanode(XceiverClientGrpc.java:181)
	at org.apache.hadoop.hdds.scm.XceiverClientGrpc.reconnect(XceiverClientGrpc.java:429)
	at org.apache.hadoop.hdds.scm.XceiverClientGrpc.sendCommandAsync(XceiverClientGrpc.java:378)
	at org.apache.hadoop.hdds.scm.XceiverClientGrpc.sendCommandWithRetry(XceiverClientGrpc.java:291)
	at org.apache.hadoop.hdds.scm.XceiverClientGrpc.sendCommandWithTraceIDAndRetry(XceiverClientGrpc.java:257)
	at org.apache.hadoop.hdds.scm.XceiverClientGrpc.sendCommand(XceiverClientGrpc.java:240)
	at org.apache.hadoop.hdds.scm.storage.ContainerProtocolCalls.getBlock(ContainerProtocolCalls.java:118)
	at org.apache.hadoop.hdds.scm.storage.BlockInputStream.getChunkInfos(BlockInputStream.java:167)
	at org.apache.hadoop.hdds.scm.storage.BlockInputStream.initialize(BlockInputStream.java:118)
	at org.apache.hadoop.hdds.scm.storage.BlockInputStream.read(BlockInputStream.java:222)
	at org.apache.hadoop.ozone.client.io.KeyInputStream.read(KeyInputStream.java:171)
	at org.apache.hadoop.ozone.client.io.OzoneInputStream.read(OzoneInputStream.java:47)
	at java.io.InputStream.read(InputStream.java:101)
	at org.apache.hadoop.ozone.container.ContainerTestHelper.validateData(ContainerTestHelper.java:714)
	at org.apache.hadoop.ozone.client.rpc.TestBlockOutputStreamWithFailures.validateData(TestBlockOutputStreamWithFailures.java:1216)
	at org.apache.hadoop.ozone.client.rpc.TestBlockOutputStreamWithFailures.testWatchForCommitWithSingleNodeRatis(TestBlockOutputStreamWithFailures.java:918)
	at sun.reflect.NativeMethodAccessorImpl.invoke0(Native Method)
	at sun.reflect.NativeMethodAccessorImpl.invoke(NativeMethodAccessorImpl.java:62)
	at sun.reflect.DelegatingMethodAccessorImpl.invoke(DelegatingMethodAccessorImpl.java:43)
	at java.lang.reflect.Method.invoke(Method.java:498)
	at org.junit.runners.model.FrameworkMethod$1.runReflectiveCall(FrameworkMethod.java:47)
	at org.junit.internal.runners.model.ReflectiveCallable.run(ReflectiveCallable.java:12)
	at org.junit.runners.model.FrameworkMethod.invokeExplosively(FrameworkMethod.java:44)
	at org.junit.internal.runners.statements.InvokeMethod.evaluate(InvokeMethod.java:17)
	at org.junit.internal.runners.statements.RunBefores.evaluate(RunBefores.java:26)
	at org.junit.internal.runners.statements.RunAfters.evaluate(RunAfters.java:27)
	at org.junit.runners.ParentRunner.runLeaf(ParentRunner.java:271)
	at org.junit.runners.BlockJUnit4ClassRunner.runChild(BlockJUnit4ClassRunner.java:70)
	at org.junit.runners.BlockJUnit4ClassRunner.runChild(BlockJUnit4ClassRunner.java:50)
	at org.junit.runners.ParentRunner$3.run(ParentRunner.java:238)
	at org.junit.runners.ParentRunner$1.schedule(ParentRunner.java:63)
	at org.junit.runners.ParentRunner.runChildren(ParentRunner.java:236)
	at org.junit.runners.ParentRunner.access$000(ParentRunner.java:53)
	at org.junit.runners.ParentRunner$2.evaluate(ParentRunner.java:229)
	at org.junit.runners.ParentRunner.run(ParentRunner.java:309)
	at org.apache.maven.surefire.junit4.JUnit4Provider.execute(JUnit4Provider.java:365)
	at org.apache.maven.surefire.junit4.JUnit4Provider.executeWithRerun(JUnit4Provider.java:273)
	at org.apache.maven.surefire.junit4.JUnit4Provider.executeTestSet(JUnit4Provider.java:238)
	at org.apache.maven.surefire.junit4.JUnit4Provider.invoke(JUnit4Provider.java:159)
	at org.apache.maven.surefire.booter.ForkedBooter.invokeProviderInSameClassLoader(ForkedBooter.java:384)
	at org.apache.maven.surefire.booter.ForkedBooter.runSuitesInProcess(ForkedBooter.java:345)
	at org.apache.maven.surefire.booter.ForkedBooter.execute(ForkedBooter.java:126)
	at org.apache.maven.surefire.booter.ForkedBooter.main(ForkedBooter.java:418)

Oct 04, 2019 12:47:54 PM org.apache.ratis.thirdparty.io.grpc.internal.ManagedChannelOrphanWrapper$ManagedChannelReference cleanQueue
SEVERE: *~*~*~ Channel ManagedChannelImpl{logId=2875, target=192.168.5.134:45063} was not shutdown properly!!! ~*~*~*
    Make sure to call shutdown()/shutdownNow() and wait until awaitTermination() returns true.
java.lang.RuntimeException: ManagedChannel allocation site
	at org.apache.ratis.thirdparty.io.grpc.internal.ManagedChannelOrphanWrapper$ManagedChannelReference.<init>(ManagedChannelOrphanWrapper.java:103)
	at org.apache.ratis.thirdparty.io.grpc.internal.ManagedChannelOrphanWrapper.<init>(ManagedChannelOrphanWrapper.java:53)
	at org.apache.ratis.thirdparty.io.grpc.internal.ManagedChannelOrphanWrapper.<init>(ManagedChannelOrphanWrapper.java:44)
	at org.apache.ratis.thirdparty.io.grpc.internal.AbstractManagedChannelImplBuilder.build(AbstractManagedChannelImplBuilder.java:411)
	at org.apache.ratis.grpc.client.GrpcClientProtocolClient.<init>(GrpcClientProtocolClient.java:128)
	at org.apache.ratis.grpc.client.GrpcClientRpc.lambda$new$0(GrpcClientRpc.java:55)
	at org.apache.ratis.util.PeerProxyMap$PeerAndProxy.lambda$getProxy$0(PeerProxyMap.java:61)
	at org.apache.ratis.util.LifeCycle.startAndTransition(LifeCycle.java:202)
	at org.apache.ratis.util.PeerProxyMap$PeerAndProxy.getProxy(PeerProxyMap.java:60)
	at org.apache.ratis.util.PeerProxyMap.getProxy(PeerProxyMap.java:108)
	at org.apache.ratis.grpc.client.GrpcClientRpc.sendRequestAsync(GrpcClientRpc.java:66)
	at org.apache.ratis.client.impl.OrderedAsync.sendRequest(OrderedAsync.java:208)
	at org.apache.ratis.client.impl.OrderedAsync.sendRequestWithRetry(OrderedAsync.java:169)
	at org.apache.ratis.util.SlidingWindow$Client.sendOrDelayRequest(SlidingWindow.java:278)
	at org.apache.ratis.util.SlidingWindow$Client.submitNewRequest(SlidingWindow.java:257)
	at org.apache.ratis.client.impl.OrderedAsync.send(OrderedAsync.java:155)
	at org.apache.ratis.client.impl.RaftClientImpl.sendAsync(RaftClientImpl.java:144)
	at org.apache.ratis.client.impl.RaftClientImpl.sendAsync(RaftClientImpl.java:124)
	at org.apache.hadoop.hdds.scm.XceiverClientRatis.sendRequestAsync(XceiverClientRatis.java:234)
	at org.apache.hadoop.hdds.scm.XceiverClientRatis.sendCommandAsync(XceiverClientRatis.java:332)
	at org.apache.hadoop.hdds.scm.storage.ContainerProtocolCalls.writeChunkAsync(ContainerProtocolCalls.java:310)
	at org.apache.hadoop.hdds.scm.storage.BlockOutputStream.writeChunkToContainer(BlockOutputStream.java:601)
	at org.apache.hadoop.hdds.scm.storage.BlockOutputStream.writeChunk(BlockOutputStream.java:459)
	at org.apache.hadoop.hdds.scm.storage.BlockOutputStream.writeOnRetry(BlockOutputStream.java:285)
	at org.apache.hadoop.ozone.client.io.BlockOutputStreamEntry.writeOnRetry(BlockOutputStreamEntry.java:200)
	at org.apache.hadoop.ozone.client.io.KeyOutputStream.handleWrite(KeyOutputStream.java:206)
	at org.apache.hadoop.ozone.client.io.KeyOutputStream.handleRetry(KeyOutputStream.java:375)
	at org.apache.hadoop.ozone.client.io.KeyOutputStream.handleException(KeyOutputStream.java:324)
	at org.apache.hadoop.ozone.client.io.KeyOutputStream.handleFlushOrClose(KeyOutputStream.java:449)
	at org.apache.hadoop.ozone.client.io.KeyOutputStream.handleWrite(KeyOutputStream.java:232)
	at org.apache.hadoop.ozone.client.io.KeyOutputStream.write(KeyOutputStream.java:190)
	at org.apache.hadoop.ozone.client.io.OzoneOutputStream.write(OzoneOutputStream.java:49)
	at java.io.OutputStream.write(OutputStream.java:75)
	at org.apache.hadoop.ozone.client.rpc.TestBlockOutputStreamWithFailures.testWatchForCommitWithSingleNodeRatis(TestBlockOutputStreamWithFailures.java:885)
	at sun.reflect.NativeMethodAccessorImpl.invoke0(Native Method)
	at sun.reflect.NativeMethodAccessorImpl.invoke(NativeMethodAccessorImpl.java:62)
	at sun.reflect.DelegatingMethodAccessorImpl.invoke(DelegatingMethodAccessorImpl.java:43)
	at java.lang.reflect.Method.invoke(Method.java:498)
	at org.junit.runners.model.FrameworkMethod$1.runReflectiveCall(FrameworkMethod.java:47)
	at org.junit.internal.runners.model.ReflectiveCallable.run(ReflectiveCallable.java:12)
	at org.junit.runners.model.FrameworkMethod.invokeExplosively(FrameworkMethod.java:44)
	at org.junit.internal.runners.statements.InvokeMethod.evaluate(InvokeMethod.java:17)
	at org.junit.internal.runners.statements.RunBefores.evaluate(RunBefores.java:26)
	at org.junit.internal.runners.statements.RunAfters.evaluate(RunAfters.java:27)
	at org.junit.runners.ParentRunner.runLeaf(ParentRunner.java:271)
	at org.junit.runners.BlockJUnit4ClassRunner.runChild(BlockJUnit4ClassRunner.java:70)
	at org.junit.runners.BlockJUnit4ClassRunner.runChild(BlockJUnit4ClassRunner.java:50)
	at org.junit.runners.ParentRunner$3.run(ParentRunner.java:238)
	at org.junit.runners.ParentRunner$1.schedule(ParentRunner.java:63)
	at org.junit.runners.ParentRunner.runChildren(ParentRunner.java:236)
	at org.junit.runners.ParentRunner.access$000(ParentRunner.java:53)
	at org.junit.runners.ParentRunner$2.evaluate(ParentRunner.java:229)
	at org.junit.runners.ParentRunner.run(ParentRunner.java:309)
	at org.apache.maven.surefire.junit4.JUnit4Provider.execute(JUnit4Provider.java:365)
	at org.apache.maven.surefire.junit4.JUnit4Provider.executeWithRerun(JUnit4Provider.java:273)
	at org.apache.maven.surefire.junit4.JUnit4Provider.executeTestSet(JUnit4Provider.java:238)
	at org.apache.maven.surefire.junit4.JUnit4Provider.invoke(JUnit4Provider.java:159)
	at org.apache.maven.surefire.booter.ForkedBooter.invokeProviderInSameClassLoader(ForkedBooter.java:384)
	at org.apache.maven.surefire.booter.ForkedBooter.runSuitesInProcess(ForkedBooter.java:345)
	at org.apache.maven.surefire.booter.ForkedBooter.execute(ForkedBooter.java:126)
	at org.apache.maven.surefire.booter.ForkedBooter.main(ForkedBooter.java:418)

Oct 04, 2019 12:48:10 PM org.apache.ratis.thirdparty.io.grpc.internal.SerializingExecutor run
SEVERE: Exception while executing runnable org.apache.ratis.thirdparty.io.grpc.internal.ServerImpl$JumpToApplicationThreadServerStreamListener$1Closed@7d76abe3
org.apache.ratis.thirdparty.io.grpc.StatusRuntimeException: CANCELLED: call already cancelled
	at org.apache.ratis.thirdparty.io.grpc.Status.asRuntimeException(Status.java:517)
	at org.apache.ratis.thirdparty.io.grpc.stub.ServerCalls$ServerCallStreamObserverImpl.onCompleted(ServerCalls.java:356)
	at org.apache.ratis.grpc.server.GrpcServerProtocolService$ServerRequestStreamObserver.onError(GrpcServerProtocolService.java:121)
	at org.apache.ratis.thirdparty.io.grpc.stub.ServerCalls$StreamingServerCallHandler$StreamingServerCallListener.onCancel(ServerCalls.java:269)
	at org.apache.ratis.thirdparty.io.grpc.internal.ServerCallImpl$ServerStreamListenerImpl.closed(ServerCallImpl.java:293)
	at org.apache.ratis.thirdparty.io.grpc.internal.ServerImpl$JumpToApplicationThreadServerStreamListener$1Closed.runInContext(ServerImpl.java:741)
	at org.apache.ratis.thirdparty.io.grpc.internal.ContextRunnable.run(ContextRunnable.java:37)
	at org.apache.ratis.thirdparty.io.grpc.internal.SerializingExecutor.run(SerializingExecutor.java:123)
	at java.util.concurrent.ThreadPoolExecutor.runWorker(ThreadPoolExecutor.java:1149)
	at java.util.concurrent.ThreadPoolExecutor$Worker.run(ThreadPoolExecutor.java:624)
	at java.lang.Thread.run(Thread.java:748)

Oct 04, 2019 12:48:10 PM org.apache.ratis.thirdparty.io.grpc.internal.SerializingExecutor run
SEVERE: Exception while executing runnable org.apache.ratis.thirdparty.io.grpc.internal.ServerImpl$JumpToApplicationThreadServerStreamListener$1Closed@286258a2
org.apache.ratis.thirdparty.io.grpc.StatusRuntimeException: CANCELLED: call already cancelled
	at org.apache.ratis.thirdparty.io.grpc.Status.asRuntimeException(Status.java:517)
	at org.apache.ratis.thirdparty.io.grpc.stub.ServerCalls$ServerCallStreamObserverImpl.onCompleted(ServerCalls.java:356)
	at org.apache.ratis.grpc.server.GrpcServerProtocolService$ServerRequestStreamObserver.onError(GrpcServerProtocolService.java:121)
	at org.apache.ratis.thirdparty.io.grpc.stub.ServerCalls$StreamingServerCallHandler$StreamingServerCallListener.onCancel(ServerCalls.java:269)
	at org.apache.ratis.thirdparty.io.grpc.internal.ServerCallImpl$ServerStreamListenerImpl.closed(ServerCallImpl.java:293)
	at org.apache.ratis.thirdparty.io.grpc.internal.ServerImpl$JumpToApplicationThreadServerStreamListener$1Closed.runInContext(ServerImpl.java:741)
	at org.apache.ratis.thirdparty.io.grpc.internal.ContextRunnable.run(ContextRunnable.java:37)
	at org.apache.ratis.thirdparty.io.grpc.internal.SerializingExecutor.run(SerializingExecutor.java:123)
	at java.util.concurrent.ThreadPoolExecutor.runWorker(ThreadPoolExecutor.java:1149)
	at java.util.concurrent.ThreadPoolExecutor$Worker.run(ThreadPoolExecutor.java:624)
	at java.lang.Thread.run(Thread.java:748)

Oct 04, 2019 12:48:15 PM org.apache.ratis.thirdparty.io.grpc.internal.SerializingExecutor run
SEVERE: Exception while executing runnable org.apache.ratis.thirdparty.io.grpc.internal.ServerImpl$JumpToApplicationThreadServerStreamListener$1Closed@6965c33e
org.apache.ratis.thirdparty.io.grpc.StatusRuntimeException: CANCELLED: call already cancelled
	at org.apache.ratis.thirdparty.io.grpc.Status.asRuntimeException(Status.java:517)
	at org.apache.ratis.thirdparty.io.grpc.stub.ServerCalls$ServerCallStreamObserverImpl.onCompleted(ServerCalls.java:356)
	at org.apache.ratis.grpc.server.GrpcServerProtocolService$ServerRequestStreamObserver.onError(GrpcServerProtocolService.java:121)
	at org.apache.ratis.thirdparty.io.grpc.stub.ServerCalls$StreamingServerCallHandler$StreamingServerCallListener.onCancel(ServerCalls.java:269)
	at org.apache.ratis.thirdparty.io.grpc.internal.ServerCallImpl$ServerStreamListenerImpl.closed(ServerCallImpl.java:293)
	at org.apache.ratis.thirdparty.io.grpc.internal.ServerImpl$JumpToApplicationThreadServerStreamListener$1Closed.runInContext(ServerImpl.java:741)
	at org.apache.ratis.thirdparty.io.grpc.internal.ContextRunnable.run(ContextRunnable.java:37)
	at org.apache.ratis.thirdparty.io.grpc.internal.SerializingExecutor.run(SerializingExecutor.java:123)
	at java.util.concurrent.ThreadPoolExecutor.runWorker(ThreadPoolExecutor.java:1149)
	at java.util.concurrent.ThreadPoolExecutor$Worker.run(ThreadPoolExecutor.java:624)
	at java.lang.Thread.run(Thread.java:748)

Oct 04, 2019 12:48:15 PM org.apache.ratis.thirdparty.io.grpc.internal.SerializingExecutor run
SEVERE: Exception while executing runnable org.apache.ratis.thirdparty.io.grpc.internal.ServerImpl$JumpToApplicationThreadServerStreamListener$1Closed@48c48ea0
org.apache.ratis.thirdparty.io.grpc.StatusRuntimeException: CANCELLED: call already cancelled
	at org.apache.ratis.thirdparty.io.grpc.Status.asRuntimeException(Status.java:517)
	at org.apache.ratis.thirdparty.io.grpc.stub.ServerCalls$ServerCallStreamObserverImpl.onCompleted(ServerCalls.java:356)
	at org.apache.ratis.grpc.server.GrpcServerProtocolService$ServerRequestStreamObserver.onError(GrpcServerProtocolService.java:121)
	at org.apache.ratis.thirdparty.io.grpc.stub.ServerCalls$StreamingServerCallHandler$StreamingServerCallListener.onCancel(ServerCalls.java:269)
	at org.apache.ratis.thirdparty.io.grpc.internal.ServerCallImpl$ServerStreamListenerImpl.closed(ServerCallImpl.java:293)
	at org.apache.ratis.thirdparty.io.grpc.internal.ServerImpl$JumpToApplicationThreadServerStreamListener$1Closed.runInContext(ServerImpl.java:741)
	at org.apache.ratis.thirdparty.io.grpc.internal.ContextRunnable.run(ContextRunnable.java:37)
	at org.apache.ratis.thirdparty.io.grpc.internal.SerializingExecutor.run(SerializingExecutor.java:123)
	at java.util.concurrent.ThreadPoolExecutor.runWorker(ThreadPoolExecutor.java:1149)
	at java.util.concurrent.ThreadPoolExecutor$Worker.run(ThreadPoolExecutor.java:624)
	at java.lang.Thread.run(Thread.java:748)

]]></system-err>
  </testcase>
  <testcase name="testExceptionDuringClose" classname="org.apache.hadoop.ozone.client.rpc.TestBlockOutputStreamWithFailures" time="35.786"/>
</testsuite>