<?xml version="1.0" encoding="UTF-8"?>
<testsuite xmlns:xsi="http://www.w3.org/2001/XMLSchema-instance" xsi:noNamespaceSchemaLocation="https://maven.apache.org/surefire/maven-surefire-plugin/xsd/surefire-test-report.xsd" name="org.apache.hadoop.ozone.client.rpc.Test2WayCommitInRatis" time="34.079" tests="1" errors="1" skipped="0" failures="0">
  <properties>
    <property name="awt.toolkit" value="sun.awt.X11.XToolkit"/>
    <property name="file.encoding.pkg" value="sun.io"/>
    <property name="java.specification.version" value="1.8"/>
    <property name="sun.cpu.isalist" value=""/>
    <property name="sun.jnu.encoding" value="UTF-8"/>
    <property name="java.class.path" value="/workdir/hadoop-ozone/integration-test/target/test-classes:/workdir/hadoop-ozone/integration-test/target/classes:/home/user/.m2/repository/org/apache/hadoop/hadoop-ozone-common/0.5.0-SNAPSHOT/hadoop-ozone-common-0.5.0-SNAPSHOT.jar:/home/user/.m2/repository/org/apache/commons/commons-compress/1.4.1/commons-compress-1.4.1.jar:/home/user/.m2/repository/org/tukaani/xz/1.0/xz-1.0.jar:/home/user/.m2/repository/org/apache/hadoop/hadoop-common/3.2.0/hadoop-common-3.2.0.jar:/home/user/.m2/repository/org/apache/hadoop/hadoop-hdfs/3.2.0/hadoop-hdfs-3.2.0.jar:/home/user/.m2/repository/org/apache/hadoop/hadoop-hdfs-client/3.2.0/hadoop-hdfs-client-3.2.0.jar:/home/user/.m2/repository/com/fasterxml/jackson/core/jackson-annotations/2.9.9/jackson-annotations-2.9.9.jar:/home/user/.m2/repository/org/apache/hadoop/hadoop-hdds-common/0.5.0-SNAPSHOT/hadoop-hdds-common-0.5.0-SNAPSHOT.jar:/home/user/.m2/repository/javax/annotation/javax.annotation-api/1.2/javax.annotation-api-1.2.jar:/home/user/.m2/repository/org/apache/ratis/ratis-server/0.5.0-201fc85-SNAPSHOT/ratis-server-0.5.0-201fc85-SNAPSHOT.jar:/home/user/.m2/repository/org/apache/ratis/ratis-thirdparty-misc/0.2.0/ratis-thirdparty-misc-0.2.0.jar:/home/user/.m2/repository/org/apache/ratis/ratis-proto/0.5.0-201fc85-SNAPSHOT/ratis-proto-0.5.0-201fc85-SNAPSHOT.jar:/home/user/.m2/repository/org/apache/ratis/ratis-common/0.5.0-201fc85-SNAPSHOT/ratis-common-0.5.0-201fc85-SNAPSHOT.jar:/home/user/.m2/repository/org/apache/ratis/ratis-client/0.5.0-201fc85-SNAPSHOT/ratis-client-0.5.0-201fc85-SNAPSHOT.jar:/home/user/.m2/repository/org/apache/ratis/ratis-metrics/0.5.0-201fc85-SNAPSHOT/ratis-metrics-0.5.0-201fc85-SNAPSHOT.jar:/home/user/.m2/repository/com/github/joshelser/dropwizard-metrics-hadoop-metrics2-reporter/0.1.2/dropwizard-metrics-hadoop-metrics2-reporter-0.1.2.jar:/home/user/.m2/repository/io/dropwizard/metrics/metrics-jvm/3.2.5/metrics-jvm-3.2.5.jar:/home/user/.m2/repository/io/dropwizard/metrics/metrics-ganglia/3.2.5/metrics-ganglia-3.2.5.jar:/home/user/.m2/repository/info/ganglia/gmetric4j/gmetric4j/1.0.7/gmetric4j-1.0.7.jar:/home/user/.m2/repository/org/apache/ratis/ratis-netty/0.5.0-201fc85-SNAPSHOT/ratis-netty-0.5.0-201fc85-SNAPSHOT.jar:/home/user/.m2/repository/org/apache/ratis/ratis-grpc/0.5.0-201fc85-SNAPSHOT/ratis-grpc-0.5.0-201fc85-SNAPSHOT.jar:/home/user/.m2/repository/org/rocksdb/rocksdbjni/6.0.1/rocksdbjni-6.0.1.jar:/home/user/.m2/repository/org/apache/logging/log4j/log4j-api/2.11.0/log4j-api-2.11.0.jar:/home/user/.m2/repository/org/apache/logging/log4j/log4j-core/2.11.0/log4j-core-2.11.0.jar:/home/user/.m2/repository/com/lmax/disruptor/3.4.2/disruptor-3.4.2.jar:/home/user/.m2/repository/org/apache/commons/commons-pool2/2.6.0/commons-pool2-2.6.0.jar:/home/user/.m2/repository/org/bouncycastle/bcpkix-jdk15on/1.60/bcpkix-jdk15on-1.60.jar:/home/user/.m2/repository/commons-validator/commons-validator/1.6/commons-validator-1.6.jar:/home/user/.m2/repository/commons-digester/commons-digester/1.8.1/commons-digester-1.8.1.jar:/home/user/.m2/repository/io/jaegertracing/jaeger-client/0.34.0/jaeger-client-0.34.0.jar:/home/user/.m2/repository/io/jaegertracing/jaeger-thrift/0.34.0/jaeger-thrift-0.34.0.jar:/home/user/.m2/repository/org/apache/thrift/libthrift/0.12.0/libthrift-0.12.0.jar:/home/user/.m2/repository/com/squareup/okhttp3/okhttp/3.9.0/okhttp-3.9.0.jar:/home/user/.m2/repository/com/squareup/okio/okio/1.13.0/okio-1.13.0.jar:/home/user/.m2/repository/io/jaegertracing/jaeger-core/0.34.0/jaeger-core-0.34.0.jar:/home/user/.m2/repository/io/jaegertracing/jaeger-tracerresolver/0.34.0/jaeger-tracerresolver-0.34.0.jar:/home/user/.m2/repository/io/opentracing/contrib/opentracing-tracerresolver/0.1.5/opentracing-tracerresolver-0.1.5.jar:/home/user/.m2/repository/io/opentracing/opentracing-util/0.31.0/opentracing-util-0.31.0.jar:/home/user/.m2/repository/io/opentracing/opentracing-api/0.31.0/opentracing-api-0.31.0.jar:/home/user/.m2/repository/io/opentracing/opentracing-noop/0.31.0/opentracing-noop-0.31.0.jar:/home/user/.m2/repository/org/apache/hadoop/hadoop-hdds-server-framework/0.5.0-SNAPSHOT/hadoop-hdds-server-framework-0.5.0-SNAPSHOT.jar:/home/user/.m2/repository/org/apache/hadoop/hadoop-hdds-container-service/0.5.0-SNAPSHOT/hadoop-hdds-container-service-0.5.0-SNAPSHOT.jar:/home/user/.m2/repository/org/apache/hadoop/hadoop-hdds-client/0.5.0-SNAPSHOT/hadoop-hdds-client-0.5.0-SNAPSHOT.jar:/home/user/.m2/repository/org/apache/hadoop/hadoop-hdds-tools/0.5.0-SNAPSHOT/hadoop-hdds-tools-0.5.0-SNAPSHOT.jar:/home/user/.m2/repository/org/apache/hadoop/hadoop-hdds-server-scm/0.5.0-SNAPSHOT/hadoop-hdds-server-scm-0.5.0-SNAPSHOT.jar:/home/user/.m2/repository/org/apache/hadoop/hadoop-hdds-docs/0.5.0-SNAPSHOT/hadoop-hdds-docs-0.5.0-SNAPSHOT.jar:/home/user/.m2/repository/io/dropwizard/metrics/metrics-core/3.2.4/metrics-core-3.2.4.jar:/home/user/.m2/repository/org/hamcrest/hamcrest-all/1.3/hamcrest-all-1.3.jar:/home/user/.m2/repository/org/bouncycastle/bcprov-jdk15on/1.60/bcprov-jdk15on-1.60.jar:/home/user/.m2/repository/info/picocli/picocli/3.9.6/picocli-3.9.6.jar:/home/user/.m2/repository/com/google/protobuf/protobuf-java/2.5.0/protobuf-java-2.5.0.jar:/home/user/.m2/repository/com/google/guava/guava/11.0.2/guava-11.0.2.jar:/home/user/.m2/repository/org/apache/hadoop/hadoop-ozone-ozone-manager/0.5.0-SNAPSHOT/hadoop-ozone-ozone-manager-0.5.0-SNAPSHOT.jar:/home/user/.m2/repository/org/apache/hadoop/hadoop-minikdc/3.2.0/hadoop-minikdc-3.2.0.jar:/home/user/.m2/repository/commons-io/commons-io/2.5/commons-io-2.5.jar:/home/user/.m2/repository/org/apache/kerby/kerb-simplekdc/1.0.1/kerb-simplekdc-1.0.1.jar:/home/user/.m2/repository/org/apache/kerby/kerb-client/1.0.1/kerb-client-1.0.1.jar:/home/user/.m2/repository/org/apache/kerby/kerby-config/1.0.1/kerby-config-1.0.1.jar:/home/user/.m2/repository/org/apache/kerby/kerb-core/1.0.1/kerb-core-1.0.1.jar:/home/user/.m2/repository/org/apache/kerby/kerby-pkix/1.0.1/kerby-pkix-1.0.1.jar:/home/user/.m2/repository/org/apache/kerby/kerby-asn1/1.0.1/kerby-asn1-1.0.1.jar:/home/user/.m2/repository/org/apache/kerby/kerby-util/1.0.1/kerby-util-1.0.1.jar:/home/user/.m2/repository/org/apache/kerby/kerb-common/1.0.1/kerb-common-1.0.1.jar:/home/user/.m2/repository/org/apache/kerby/kerb-crypto/1.0.1/kerb-crypto-1.0.1.jar:/home/user/.m2/repository/org/apache/kerby/kerb-util/1.0.1/kerb-util-1.0.1.jar:/home/user/.m2/repository/org/apache/kerby/token-provider/1.0.1/token-provider-1.0.1.jar:/home/user/.m2/repository/org/apache/kerby/kerb-admin/1.0.1/kerb-admin-1.0.1.jar:/home/user/.m2/repository/org/apache/kerby/kerb-server/1.0.1/kerb-server-1.0.1.jar:/home/user/.m2/repository/org/apache/kerby/kerb-identity/1.0.1/kerb-identity-1.0.1.jar:/home/user/.m2/repository/org/apache/kerby/kerby-xdr/1.0.1/kerby-xdr-1.0.1.jar:/home/user/.m2/repository/org/slf4j/slf4j-log4j12/1.7.25/slf4j-log4j12-1.7.25.jar:/home/user/.m2/repository/org/apache/hadoop/hadoop-ozone-s3gateway/0.5.0-SNAPSHOT/hadoop-ozone-s3gateway-0.5.0-SNAPSHOT.jar:/home/user/.m2/repository/org/jboss/weld/servlet/weld-servlet/2.4.7.Final/weld-servlet-2.4.7.Final.jar:/home/user/.m2/repository/org/glassfish/jersey/containers/jersey-container-servlet-core/2.27/jersey-container-servlet-core-2.27.jar:/home/user/.m2/repository/org/glassfish/hk2/external/javax.inject/2.5.0-b42/javax.inject-2.5.0-b42.jar:/home/user/.m2/repository/org/glassfish/jersey/core/jersey-common/2.27/jersey-common-2.27.jar:/home/user/.m2/repository/org/glassfish/hk2/osgi-resource-locator/1.0.1/osgi-resource-locator-1.0.1.jar:/home/user/.m2/repository/javax/ws/rs/javax.ws.rs-api/2.1/javax.ws.rs-api-2.1.jar:/home/user/.m2/repository/org/glassfish/jersey/ext/cdi/jersey-cdi1x/2.27/jersey-cdi1x-2.27.jar:/home/user/.m2/repository/org/glassfish/jersey/inject/jersey-hk2/2.27/jersey-hk2-2.27.jar:/home/user/.m2/repository/org/glassfish/hk2/hk2-locator/2.5.0-b42/hk2-locator-2.5.0-b42.jar:/home/user/.m2/repository/org/javassist/javassist/3.22.0-CR2/javassist-3.22.0-CR2.jar:/home/user/.m2/repository/org/glassfish/hk2/hk2-api/2.5.0/hk2-api-2.5.0.jar:/home/user/.m2/repository/org/glassfish/hk2/external/jakarta.inject/2.5.0/jakarta.inject-2.5.0.jar:/home/user/.m2/repository/org/glassfish/hk2/hk2-utils/2.5.0/hk2-utils-2.5.0.jar:/home/user/.m2/repository/jakarta/annotation/jakarta.annotation-api/1.3.4/jakarta.annotation-api-1.3.4.jar:/home/user/.m2/repository/org/glassfish/hk2/external/aopalliance-repackaged/2.5.0/aopalliance-repackaged-2.5.0.jar:/home/user/.m2/repository/com/fasterxml/jackson/dataformat/jackson-dataformat-xml/2.9.0/jackson-dataformat-xml-2.9.0.jar:/home/user/.m2/repository/com/fasterxml/jackson/core/jackson-core/2.9.9/jackson-core-2.9.9.jar:/home/user/.m2/repository/com/fasterxml/jackson/module/jackson-module-jaxb-annotations/2.9.9/jackson-module-jaxb-annotations-2.9.9.jar:/home/user/.m2/repository/javax/enterprise/cdi-api/1.2/cdi-api-1.2.jar:/home/user/.m2/repository/javax/el/javax.el-api/3.0.0/javax.el-api-3.0.0.jar:/home/user/.m2/repository/javax/interceptor/javax.interceptor-api/1.2/javax.interceptor-api-1.2.jar:/home/user/.m2/repository/javax/inject/javax.inject/1/javax.inject-1.jar:/home/user/.m2/repository/com/sun/xml/bind/jaxb-impl/2.3.0.1/jaxb-impl-2.3.0.1.jar:/home/user/.m2/repository/com/sun/xml/bind/jaxb-core/2.3.0.1/jaxb-core-2.3.0.1.jar:/home/user/.m2/repository/javax/xml/bind/jaxb-api/2.3.0/jaxb-api-2.3.0.jar:/home/user/.m2/repository/javax/activation/activation/1.1.1/activation-1.1.1.jar:/home/user/.m2/repository/org/apache/hadoop/hadoop-ozone-csi/0.5.0-SNAPSHOT/hadoop-ozone-csi-0.5.0-SNAPSHOT.jar:/home/user/.m2/repository/com/google/protobuf/protobuf-java-util/3.5.1/protobuf-java-util-3.5.1.jar:/home/user/.m2/repository/org/apache/hadoop/hadoop-hdds-config/0.5.0-SNAPSHOT/hadoop-hdds-config-0.5.0-SNAPSHOT.jar:/home/user/.m2/repository/io/grpc/grpc-netty/1.17.1/grpc-netty-1.17.1.jar:/home/user/.m2/repository/io/grpc/grpc-core/1.17.1/grpc-core-1.17.1.jar:/home/user/.m2/repository/io/grpc/grpc-context/1.17.1/grpc-context-1.17.1.jar:/home/user/.m2/repository/com/google/errorprone/error_prone_annotations/2.2.0/error_prone_annotations-2.2.0.jar:/home/user/.m2/repository/org/codehaus/mojo/animal-sniffer-annotations/1.17/animal-sniffer-annotations-1.17.jar:/home/user/.m2/repository/io/opencensus/opencensus-api/0.17.0/opencensus-api-0.17.0.jar:/home/user/.m2/repository/io/opencensus/opencensus-contrib-grpc-metrics/0.17.0/opencensus-contrib-grpc-metrics-0.17.0.jar:/home/user/.m2/repository/io/netty/netty-codec-http2/4.1.30.Final/netty-codec-http2-4.1.30.Final.jar:/home/user/.m2/repository/io/netty/netty-codec-http/4.1.30.Final/netty-codec-http-4.1.30.Final.jar:/home/user/.m2/repository/io/netty/netty-codec/4.1.30.Final/netty-codec-4.1.30.Final.jar:/home/user/.m2/repository/io/netty/netty-handler/4.1.30.Final/netty-handler-4.1.30.Final.jar:/home/user/.m2/repository/io/netty/netty-handler-proxy/4.1.30.Final/netty-handler-proxy-4.1.30.Final.jar:/home/user/.m2/repository/io/netty/netty-codec-socks/4.1.30.Final/netty-codec-socks-4.1.30.Final.jar:/home/user/.m2/repository/io/netty/netty-transport-native-epoll/4.1.30.Final/netty-transport-native-epoll-4.1.30.Final.jar:/home/user/.m2/repository/io/netty/netty-common/4.1.30.Final/netty-common-4.1.30.Final.jar:/home/user/.m2/repository/io/netty/netty-buffer/4.1.30.Final/netty-buffer-4.1.30.Final.jar:/home/user/.m2/repository/io/netty/netty-transport/4.1.30.Final/netty-transport-4.1.30.Final.jar:/home/user/.m2/repository/io/netty/netty-resolver/4.1.30.Final/netty-resolver-4.1.30.Final.jar:/home/user/.m2/repository/io/netty/netty-transport-native-unix-common/4.1.30.Final/netty-transport-native-unix-common-4.1.30.Final.jar:/home/user/.m2/repository/io/grpc/grpc-protobuf/1.17.1/grpc-protobuf-1.17.1.jar:/home/user/.m2/repository/com/google/api/grpc/proto-google-common-protos/1.0.0/proto-google-common-protos-1.0.0.jar:/home/user/.m2/repository/io/grpc/grpc-protobuf-lite/1.17.1/grpc-protobuf-lite-1.17.1.jar:/home/user/.m2/repository/io/grpc/grpc-stub/1.17.1/grpc-stub-1.17.1.jar:/home/user/.m2/repository/org/apache/hadoop/hadoop-ozone-recon/0.5.0-SNAPSHOT/hadoop-ozone-recon-0.5.0-SNAPSHOT.jar:/home/user/.m2/repository/org/apache/hadoop/hadoop-ozone-reconcodegen/0.5.0-SNAPSHOT/hadoop-ozone-reconcodegen-0.5.0-SNAPSHOT.jar:/home/user/.m2/repository/com/google/inject/extensions/guice-multibindings/4.0/guice-multibindings-4.0.jar:/home/user/.m2/repository/com/google/inject/guice/4.0/guice-4.0.jar:/home/user/.m2/repository/aopalliance/aopalliance/1.0/aopalliance-1.0.jar:/home/user/.m2/repository/com/google/inject/extensions/guice-servlet/4.0/guice-servlet-4.0.jar:/home/user/.m2/repository/org/glassfish/jersey/containers/jersey-container-servlet/2.27/jersey-container-servlet-2.27.jar:/home/user/.m2/repository/org/glassfish/hk2/guice-bridge/2.5.0/guice-bridge-2.5.0.jar:/home/user/.m2/repository/org/glassfish/jersey/core/jersey-server/2.27/jersey-server-2.27.jar:/home/user/.m2/repository/org/glassfish/jersey/core/jersey-client/2.27/jersey-client-2.27.jar:/home/user/.m2/repository/org/glassfish/jersey/media/jersey-media-jaxb/2.27/jersey-media-jaxb-2.27.jar:/home/user/.m2/repository/javax/validation/validation-api/1.1.0.Final/validation-api-1.1.0.Final.jar:/home/user/.m2/repository/org/glassfish/jersey/media/jersey-media-json-jackson/2.27/jersey-media-json-jackson-2.27.jar:/home/user/.m2/repository/org/glassfish/jersey/ext/jersey-entity-filtering/2.27/jersey-entity-filtering-2.27.jar:/home/user/.m2/repository/com/google/inject/extensions/guice-assistedinject/4.0/guice-assistedinject-4.0.jar:/home/user/.m2/repository/org/jooq/jooq/3.11.10/jooq-3.11.10.jar:/home/user/.m2/repository/org/jooq/jooq-meta/3.11.10/jooq-meta-3.11.10.jar:/home/user/.m2/repository/org/jooq/jooq-codegen/3.11.10/jooq-codegen-3.11.10.jar:/home/user/.m2/repository/com/jolbox/bonecp/0.8.0.RELEASE/bonecp-0.8.0.RELEASE.jar:/home/user/.m2/repository/org/xerial/sqlite-jdbc/3.25.2/sqlite-jdbc-3.25.2.jar:/home/user/.m2/repository/org/springframework/spring-jdbc/5.1.3.RELEASE/spring-jdbc-5.1.3.RELEASE.jar:/home/user/.m2/repository/org/springframework/spring-beans/5.1.3.RELEASE/spring-beans-5.1.3.RELEASE.jar:/home/user/.m2/repository/org/springframework/spring-core/5.1.3.RELEASE/spring-core-5.1.3.RELEASE.jar:/home/user/.m2/repository/org/springframework/spring-jcl/5.1.3.RELEASE/spring-jcl-5.1.3.RELEASE.jar:/home/user/.m2/repository/org/springframework/spring-tx/5.1.3.RELEASE/spring-tx-5.1.3.RELEASE.jar:/home/user/.m2/repository/org/apache/hadoop/hadoop-ozone-client/0.5.0-SNAPSHOT/hadoop-ozone-client-0.5.0-SNAPSHOT.jar:/home/user/.m2/repository/commons-lang/commons-lang/2.6/commons-lang-2.6.jar:/home/user/.m2/repository/org/apache/hadoop/hadoop-ozone-ozone-manager/0.5.0-SNAPSHOT/hadoop-ozone-ozone-manager-0.5.0-SNAPSHOT-tests.jar:/home/user/.m2/repository/junit/junit/4.11/junit-4.11.jar:/home/user/.m2/repository/org/hamcrest/hamcrest-core/1.3/hamcrest-core-1.3.jar:/home/user/.m2/repository/org/openjdk/jmh/jmh-core/1.19/jmh-core-1.19.jar:/home/user/.m2/repository/net/sf/jopt-simple/jopt-simple/4.6/jopt-simple-4.6.jar:/home/user/.m2/repository/org/apache/commons/commons-math3/3.1.1/commons-math3-3.1.1.jar:/home/user/.m2/repository/org/openjdk/jmh/jmh-generator-annprocess/1.19/jmh-generator-annprocess-1.19.jar:/home/user/.m2/repository/org/mockito/mockito-all/1.8.5/mockito-all-1.8.5.jar:/home/user/.m2/repository/org/apache/hadoop/hadoop-kms/3.2.0/hadoop-kms-3.2.0.jar:/home/user/.m2/repository/org/apache/hadoop/hadoop-auth/3.2.0/hadoop-auth-3.2.0.jar:/home/user/.m2/repository/com/nimbusds/nimbus-jose-jwt/4.41.1/nimbus-jose-jwt-4.41.1.jar:/home/user/.m2/repository/com/github/stephenc/jcip/jcip-annotations/1.0-1/jcip-annotations-1.0-1.jar:/home/user/.m2/repository/net/minidev/json-smart/2.3/json-smart-2.3.jar:/home/user/.m2/repository/net/minidev/accessors-smart/1.2/accessors-smart-1.2.jar:/home/user/.m2/repository/org/ow2/asm/asm/5.0.4/asm-5.0.4.jar:/home/user/.m2/repository/org/apache/curator/curator-framework/2.12.0/curator-framework-2.12.0.jar:/home/user/.m2/repository/com/sun/jersey/jersey-core/1.19/jersey-core-1.19.jar:/home/user/.m2/repository/javax/ws/rs/jsr311-api/1.1.1/jsr311-api-1.1.1.jar:/home/user/.m2/repository/com/sun/jersey/jersey-server/1.19/jersey-server-1.19.jar:/home/user/.m2/repository/javax/servlet/javax.servlet-api/3.1.0/javax.servlet-api-3.1.0.jar:/home/user/.m2/repository/org/eclipse/jetty/jetty-server/9.3.25.v20180904/jetty-server-9.3.25.v20180904.jar:/home/user/.m2/repository/org/eclipse/jetty/jetty-http/9.3.25.v20180904/jetty-http-9.3.25.v20180904.jar:/home/user/.m2/repository/org/eclipse/jetty/jetty-io/9.3.25.v20180904/jetty-io-9.3.25.v20180904.jar:/home/user/.m2/repository/org/eclipse/jetty/jetty-webapp/9.3.25.v20180904/jetty-webapp-9.3.25.v20180904.jar:/home/user/.m2/repository/org/eclipse/jetty/jetty-xml/9.3.25.v20180904/jetty-xml-9.3.25.v20180904.jar:/home/user/.m2/repository/log4j/log4j/1.2.17/log4j-1.2.17.jar:/home/user/.m2/repository/org/slf4j/slf4j-api/1.7.25/slf4j-api-1.7.25.jar:/home/user/.m2/repository/org/slf4j/jul-to-slf4j/1.7.25/jul-to-slf4j-1.7.25.jar:/home/user/.m2/repository/org/eclipse/jetty/jetty-util/9.3.25.v20180904/jetty-util-9.3.25.v20180904.jar:/home/user/.m2/repository/com/fasterxml/jackson/core/jackson-databind/2.9.9/jackson-databind-2.9.9.jar:/home/user/.m2/repository/org/apache/hadoop/hadoop-kms/3.2.0/hadoop-kms-3.2.0-tests.jar:/home/user/.m2/repository/org/apache/hadoop/hadoop-hdds-server-scm/0.5.0-SNAPSHOT/hadoop-hdds-server-scm-0.5.0-SNAPSHOT-tests.jar:/home/user/.m2/repository/org/apache/hadoop/hadoop-hdds-container-service/0.5.0-SNAPSHOT/hadoop-hdds-container-service-0.5.0-SNAPSHOT-tests.jar:/home/user/.m2/repository/org/yaml/snakeyaml/1.16/snakeyaml-1.16.jar:/home/user/.m2/repository/org/apache/hadoop/hadoop-common/3.2.0/hadoop-common-3.2.0-tests.jar:/home/user/.m2/repository/org/apache/hadoop/hadoop-annotations/3.2.0/hadoop-annotations-3.2.0.jar:/usr/lib/jvm/java-1.8-openjdk/jre/../lib/tools.jar:/home/user/.m2/repository/commons-cli/commons-cli/1.2/commons-cli-1.2.jar:/home/user/.m2/repository/org/apache/httpcomponents/httpclient/4.5.2/httpclient-4.5.2.jar:/home/user/.m2/repository/org/apache/httpcomponents/httpcore/4.4.4/httpcore-4.4.4.jar:/home/user/.m2/repository/commons-codec/commons-codec/1.11/commons-codec-1.11.jar:/home/user/.m2/repository/commons-net/commons-net/3.6/commons-net-3.6.jar:/home/user/.m2/repository/commons-collections/commons-collections/3.2.2/commons-collections-3.2.2.jar:/home/user/.m2/repository/org/eclipse/jetty/jetty-servlet/9.3.25.v20180904/jetty-servlet-9.3.25.v20180904.jar:/home/user/.m2/repository/org/eclipse/jetty/jetty-security/9.3.25.v20180904/jetty-security-9.3.25.v20180904.jar:/home/user/.m2/repository/javax/servlet/jsp/jsp-api/2.1/jsp-api-2.1.jar:/home/user/.m2/repository/com/sun/jersey/jersey-servlet/1.19/jersey-servlet-1.19.jar:/home/user/.m2/repository/com/sun/jersey/jersey-json/1.19/jersey-json-1.19.jar:/home/user/.m2/repository/org/codehaus/jettison/jettison/1.1/jettison-1.1.jar:/home/user/.m2/repository/org/codehaus/jackson/jackson-core-asl/1.9.13/jackson-core-asl-1.9.13.jar:/home/user/.m2/repository/org/codehaus/jackson/jackson-mapper-asl/1.9.13/jackson-mapper-asl-1.9.13.jar:/home/user/.m2/repository/org/codehaus/jackson/jackson-jaxrs/1.9.13/jackson-jaxrs-1.9.13.jar:/home/user/.m2/repository/org/codehaus/jackson/jackson-xc/1.9.13/jackson-xc-1.9.13.jar:/home/user/.m2/repository/commons-logging/commons-logging/1.1.3/commons-logging-1.1.3.jar:/home/user/.m2/repository/commons-beanutils/commons-beanutils/1.9.4/commons-beanutils-1.9.4.jar:/home/user/.m2/repository/org/apache/commons/commons-configuration2/2.1.1/commons-configuration2-2.1.1.jar:/home/user/.m2/repository/org/apache/commons/commons-lang3/3.7/commons-lang3-3.7.jar:/home/user/.m2/repository/org/apache/commons/commons-text/1.4/commons-text-1.4.jar:/home/user/.m2/repository/org/apache/avro/avro/1.7.7/avro-1.7.7.jar:/home/user/.m2/repository/com/thoughtworks/paranamer/paranamer/2.3/paranamer-2.3.jar:/home/user/.m2/repository/org/xerial/snappy/snappy-java/1.0.5/snappy-java-1.0.5.jar:/home/user/.m2/repository/com/google/re2j/re2j/1.1/re2j-1.1.jar:/home/user/.m2/repository/com/google/code/gson/gson/2.2.4/gson-2.2.4.jar:/home/user/.m2/repository/com/jcraft/jsch/0.1.54/jsch-0.1.54.jar:/home/user/.m2/repository/org/apache/curator/curator-client/2.12.0/curator-client-2.12.0.jar:/home/user/.m2/repository/org/apache/curator/curator-recipes/2.12.0/curator-recipes-2.12.0.jar:/home/user/.m2/repository/com/google/code/findbugs/jsr305/3.0.0/jsr305-3.0.0.jar:/home/user/.m2/repository/org/apache/htrace/htrace-core4/4.1.0-incubating/htrace-core4-4.1.0-incubating.jar:/home/user/.m2/repository/org/apache/zookeeper/zookeeper/3.4.13/zookeeper-3.4.13.jar:/home/user/.m2/repository/jline/jline/0.9.94/jline-0.9.94.jar:/home/user/.m2/repository/org/apache/yetus/audience-annotations/0.5.0/audience-annotations-0.5.0.jar:/home/user/.m2/repository/org/codehaus/woodstox/stax2-api/3.1.4/stax2-api-3.1.4.jar:/home/user/.m2/repository/com/fasterxml/woodstox/woodstox-core/5.0.3/woodstox-core-5.0.3.jar:/home/user/.m2/repository/dnsjava/dnsjava/2.1.7/dnsjava-2.1.7.jar:/home/user/.m2/repository/org/apache/hadoop/hadoop-hdfs/3.2.0/hadoop-hdfs-3.2.0-tests.jar:/home/user/.m2/repository/org/eclipse/jetty/jetty-util-ajax/9.3.25.v20180904/jetty-util-ajax-9.3.25.v20180904.jar:/home/user/.m2/repository/commons-daemon/commons-daemon/1.0.13/commons-daemon-1.0.13.jar:/home/user/.m2/repository/io/netty/netty/3.10.5.Final/netty-3.10.5.Final.jar:/home/user/.m2/repository/io/netty/netty-all/4.0.52.Final/netty-all-4.0.52.Final.jar:/home/user/.m2/repository/org/fusesource/leveldbjni/leveldbjni-all/1.8/leveldbjni-all-1.8.jar:"/>
    <property name="java.vm.vendor" value="IcedTea"/>
    <property name="sun.arch.data.model" value="64"/>
    <property name="test.build.dir" value="/workdir/hadoop-ozone/integration-test/target/test-dir"/>
    <property name="test.cache.data" value=""/>
    <property name="java.vendor.url" value="https://icedtea.classpath.org"/>
    <property name="user.timezone" value=""/>
    <property name="java.vm.specification.version" value="1.8"/>
    <property name="os.name" value="Linux"/>
    <property name="test.build.data" value="/workdir/hadoop-ozone/integration-test/target/test-dir"/>
    <property name="user.country" value="US"/>
    <property name="sun.java.launcher" value="SUN_STANDARD"/>
    <property name="sun.boot.library.path" value="/usr/lib/jvm/java-1.8-openjdk/jre/lib/amd64"/>
    <property name="sun.java.command" value="/workdir/hadoop-ozone/integration-test/target/surefire/surefirebooter1167761941670811777.jar /workdir/hadoop-ozone/integration-test/target/surefire 2019-10-03T14-11-38_190-jvmRun1 surefire9195175714850684668tmp surefire_623540802665220944596tmp"/>
    <property name="test" value="!TestMiniChaosOzoneCluster"/>
    <property name="surefire.test.class.path" value="/workdir/hadoop-ozone/integration-test/target/test-classes:/workdir/hadoop-ozone/integration-test/target/classes:/home/user/.m2/repository/org/apache/hadoop/hadoop-ozone-common/0.5.0-SNAPSHOT/hadoop-ozone-common-0.5.0-SNAPSHOT.jar:/home/user/.m2/repository/org/apache/commons/commons-compress/1.4.1/commons-compress-1.4.1.jar:/home/user/.m2/repository/org/tukaani/xz/1.0/xz-1.0.jar:/home/user/.m2/repository/org/apache/hadoop/hadoop-common/3.2.0/hadoop-common-3.2.0.jar:/home/user/.m2/repository/org/apache/hadoop/hadoop-hdfs/3.2.0/hadoop-hdfs-3.2.0.jar:/home/user/.m2/repository/org/apache/hadoop/hadoop-hdfs-client/3.2.0/hadoop-hdfs-client-3.2.0.jar:/home/user/.m2/repository/com/fasterxml/jackson/core/jackson-annotations/2.9.9/jackson-annotations-2.9.9.jar:/home/user/.m2/repository/org/apache/hadoop/hadoop-hdds-common/0.5.0-SNAPSHOT/hadoop-hdds-common-0.5.0-SNAPSHOT.jar:/home/user/.m2/repository/javax/annotation/javax.annotation-api/1.2/javax.annotation-api-1.2.jar:/home/user/.m2/repository/org/apache/ratis/ratis-server/0.5.0-201fc85-SNAPSHOT/ratis-server-0.5.0-201fc85-SNAPSHOT.jar:/home/user/.m2/repository/org/apache/ratis/ratis-thirdparty-misc/0.2.0/ratis-thirdparty-misc-0.2.0.jar:/home/user/.m2/repository/org/apache/ratis/ratis-proto/0.5.0-201fc85-SNAPSHOT/ratis-proto-0.5.0-201fc85-SNAPSHOT.jar:/home/user/.m2/repository/org/apache/ratis/ratis-common/0.5.0-201fc85-SNAPSHOT/ratis-common-0.5.0-201fc85-SNAPSHOT.jar:/home/user/.m2/repository/org/apache/ratis/ratis-client/0.5.0-201fc85-SNAPSHOT/ratis-client-0.5.0-201fc85-SNAPSHOT.jar:/home/user/.m2/repository/org/apache/ratis/ratis-metrics/0.5.0-201fc85-SNAPSHOT/ratis-metrics-0.5.0-201fc85-SNAPSHOT.jar:/home/user/.m2/repository/com/github/joshelser/dropwizard-metrics-hadoop-metrics2-reporter/0.1.2/dropwizard-metrics-hadoop-metrics2-reporter-0.1.2.jar:/home/user/.m2/repository/io/dropwizard/metrics/metrics-jvm/3.2.5/metrics-jvm-3.2.5.jar:/home/user/.m2/repository/io/dropwizard/metrics/metrics-ganglia/3.2.5/metrics-ganglia-3.2.5.jar:/home/user/.m2/repository/info/ganglia/gmetric4j/gmetric4j/1.0.7/gmetric4j-1.0.7.jar:/home/user/.m2/repository/org/apache/ratis/ratis-netty/0.5.0-201fc85-SNAPSHOT/ratis-netty-0.5.0-201fc85-SNAPSHOT.jar:/home/user/.m2/repository/org/apache/ratis/ratis-grpc/0.5.0-201fc85-SNAPSHOT/ratis-grpc-0.5.0-201fc85-SNAPSHOT.jar:/home/user/.m2/repository/org/rocksdb/rocksdbjni/6.0.1/rocksdbjni-6.0.1.jar:/home/user/.m2/repository/org/apache/logging/log4j/log4j-api/2.11.0/log4j-api-2.11.0.jar:/home/user/.m2/repository/org/apache/logging/log4j/log4j-core/2.11.0/log4j-core-2.11.0.jar:/home/user/.m2/repository/com/lmax/disruptor/3.4.2/disruptor-3.4.2.jar:/home/user/.m2/repository/org/apache/commons/commons-pool2/2.6.0/commons-pool2-2.6.0.jar:/home/user/.m2/repository/org/bouncycastle/bcpkix-jdk15on/1.60/bcpkix-jdk15on-1.60.jar:/home/user/.m2/repository/commons-validator/commons-validator/1.6/commons-validator-1.6.jar:/home/user/.m2/repository/commons-digester/commons-digester/1.8.1/commons-digester-1.8.1.jar:/home/user/.m2/repository/io/jaegertracing/jaeger-client/0.34.0/jaeger-client-0.34.0.jar:/home/user/.m2/repository/io/jaegertracing/jaeger-thrift/0.34.0/jaeger-thrift-0.34.0.jar:/home/user/.m2/repository/org/apache/thrift/libthrift/0.12.0/libthrift-0.12.0.jar:/home/user/.m2/repository/com/squareup/okhttp3/okhttp/3.9.0/okhttp-3.9.0.jar:/home/user/.m2/repository/com/squareup/okio/okio/1.13.0/okio-1.13.0.jar:/home/user/.m2/repository/io/jaegertracing/jaeger-core/0.34.0/jaeger-core-0.34.0.jar:/home/user/.m2/repository/io/jaegertracing/jaeger-tracerresolver/0.34.0/jaeger-tracerresolver-0.34.0.jar:/home/user/.m2/repository/io/opentracing/contrib/opentracing-tracerresolver/0.1.5/opentracing-tracerresolver-0.1.5.jar:/home/user/.m2/repository/io/opentracing/opentracing-util/0.31.0/opentracing-util-0.31.0.jar:/home/user/.m2/repository/io/opentracing/opentracing-api/0.31.0/opentracing-api-0.31.0.jar:/home/user/.m2/repository/io/opentracing/opentracing-noop/0.31.0/opentracing-noop-0.31.0.jar:/home/user/.m2/repository/org/apache/hadoop/hadoop-hdds-server-framework/0.5.0-SNAPSHOT/hadoop-hdds-server-framework-0.5.0-SNAPSHOT.jar:/home/user/.m2/repository/org/apache/hadoop/hadoop-hdds-container-service/0.5.0-SNAPSHOT/hadoop-hdds-container-service-0.5.0-SNAPSHOT.jar:/home/user/.m2/repository/org/apache/hadoop/hadoop-hdds-client/0.5.0-SNAPSHOT/hadoop-hdds-client-0.5.0-SNAPSHOT.jar:/home/user/.m2/repository/org/apache/hadoop/hadoop-hdds-tools/0.5.0-SNAPSHOT/hadoop-hdds-tools-0.5.0-SNAPSHOT.jar:/home/user/.m2/repository/org/apache/hadoop/hadoop-hdds-server-scm/0.5.0-SNAPSHOT/hadoop-hdds-server-scm-0.5.0-SNAPSHOT.jar:/home/user/.m2/repository/org/apache/hadoop/hadoop-hdds-docs/0.5.0-SNAPSHOT/hadoop-hdds-docs-0.5.0-SNAPSHOT.jar:/home/user/.m2/repository/io/dropwizard/metrics/metrics-core/3.2.4/metrics-core-3.2.4.jar:/home/user/.m2/repository/org/hamcrest/hamcrest-all/1.3/hamcrest-all-1.3.jar:/home/user/.m2/repository/org/bouncycastle/bcprov-jdk15on/1.60/bcprov-jdk15on-1.60.jar:/home/user/.m2/repository/info/picocli/picocli/3.9.6/picocli-3.9.6.jar:/home/user/.m2/repository/com/google/protobuf/protobuf-java/2.5.0/protobuf-java-2.5.0.jar:/home/user/.m2/repository/com/google/guava/guava/11.0.2/guava-11.0.2.jar:/home/user/.m2/repository/org/apache/hadoop/hadoop-ozone-ozone-manager/0.5.0-SNAPSHOT/hadoop-ozone-ozone-manager-0.5.0-SNAPSHOT.jar:/home/user/.m2/repository/org/apache/hadoop/hadoop-minikdc/3.2.0/hadoop-minikdc-3.2.0.jar:/home/user/.m2/repository/commons-io/commons-io/2.5/commons-io-2.5.jar:/home/user/.m2/repository/org/apache/kerby/kerb-simplekdc/1.0.1/kerb-simplekdc-1.0.1.jar:/home/user/.m2/repository/org/apache/kerby/kerb-client/1.0.1/kerb-client-1.0.1.jar:/home/user/.m2/repository/org/apache/kerby/kerby-config/1.0.1/kerby-config-1.0.1.jar:/home/user/.m2/repository/org/apache/kerby/kerb-core/1.0.1/kerb-core-1.0.1.jar:/home/user/.m2/repository/org/apache/kerby/kerby-pkix/1.0.1/kerby-pkix-1.0.1.jar:/home/user/.m2/repository/org/apache/kerby/kerby-asn1/1.0.1/kerby-asn1-1.0.1.jar:/home/user/.m2/repository/org/apache/kerby/kerby-util/1.0.1/kerby-util-1.0.1.jar:/home/user/.m2/repository/org/apache/kerby/kerb-common/1.0.1/kerb-common-1.0.1.jar:/home/user/.m2/repository/org/apache/kerby/kerb-crypto/1.0.1/kerb-crypto-1.0.1.jar:/home/user/.m2/repository/org/apache/kerby/kerb-util/1.0.1/kerb-util-1.0.1.jar:/home/user/.m2/repository/org/apache/kerby/token-provider/1.0.1/token-provider-1.0.1.jar:/home/user/.m2/repository/org/apache/kerby/kerb-admin/1.0.1/kerb-admin-1.0.1.jar:/home/user/.m2/repository/org/apache/kerby/kerb-server/1.0.1/kerb-server-1.0.1.jar:/home/user/.m2/repository/org/apache/kerby/kerb-identity/1.0.1/kerb-identity-1.0.1.jar:/home/user/.m2/repository/org/apache/kerby/kerby-xdr/1.0.1/kerby-xdr-1.0.1.jar:/home/user/.m2/repository/org/slf4j/slf4j-log4j12/1.7.25/slf4j-log4j12-1.7.25.jar:/home/user/.m2/repository/org/apache/hadoop/hadoop-ozone-s3gateway/0.5.0-SNAPSHOT/hadoop-ozone-s3gateway-0.5.0-SNAPSHOT.jar:/home/user/.m2/repository/org/jboss/weld/servlet/weld-servlet/2.4.7.Final/weld-servlet-2.4.7.Final.jar:/home/user/.m2/repository/org/glassfish/jersey/containers/jersey-container-servlet-core/2.27/jersey-container-servlet-core-2.27.jar:/home/user/.m2/repository/org/glassfish/hk2/external/javax.inject/2.5.0-b42/javax.inject-2.5.0-b42.jar:/home/user/.m2/repository/org/glassfish/jersey/core/jersey-common/2.27/jersey-common-2.27.jar:/home/user/.m2/repository/org/glassfish/hk2/osgi-resource-locator/1.0.1/osgi-resource-locator-1.0.1.jar:/home/user/.m2/repository/javax/ws/rs/javax.ws.rs-api/2.1/javax.ws.rs-api-2.1.jar:/home/user/.m2/repository/org/glassfish/jersey/ext/cdi/jersey-cdi1x/2.27/jersey-cdi1x-2.27.jar:/home/user/.m2/repository/org/glassfish/jersey/inject/jersey-hk2/2.27/jersey-hk2-2.27.jar:/home/user/.m2/repository/org/glassfish/hk2/hk2-locator/2.5.0-b42/hk2-locator-2.5.0-b42.jar:/home/user/.m2/repository/org/javassist/javassist/3.22.0-CR2/javassist-3.22.0-CR2.jar:/home/user/.m2/repository/org/glassfish/hk2/hk2-api/2.5.0/hk2-api-2.5.0.jar:/home/user/.m2/repository/org/glassfish/hk2/external/jakarta.inject/2.5.0/jakarta.inject-2.5.0.jar:/home/user/.m2/repository/org/glassfish/hk2/hk2-utils/2.5.0/hk2-utils-2.5.0.jar:/home/user/.m2/repository/jakarta/annotation/jakarta.annotation-api/1.3.4/jakarta.annotation-api-1.3.4.jar:/home/user/.m2/repository/org/glassfish/hk2/external/aopalliance-repackaged/2.5.0/aopalliance-repackaged-2.5.0.jar:/home/user/.m2/repository/com/fasterxml/jackson/dataformat/jackson-dataformat-xml/2.9.0/jackson-dataformat-xml-2.9.0.jar:/home/user/.m2/repository/com/fasterxml/jackson/core/jackson-core/2.9.9/jackson-core-2.9.9.jar:/home/user/.m2/repository/com/fasterxml/jackson/module/jackson-module-jaxb-annotations/2.9.9/jackson-module-jaxb-annotations-2.9.9.jar:/home/user/.m2/repository/javax/enterprise/cdi-api/1.2/cdi-api-1.2.jar:/home/user/.m2/repository/javax/el/javax.el-api/3.0.0/javax.el-api-3.0.0.jar:/home/user/.m2/repository/javax/interceptor/javax.interceptor-api/1.2/javax.interceptor-api-1.2.jar:/home/user/.m2/repository/javax/inject/javax.inject/1/javax.inject-1.jar:/home/user/.m2/repository/com/sun/xml/bind/jaxb-impl/2.3.0.1/jaxb-impl-2.3.0.1.jar:/home/user/.m2/repository/com/sun/xml/bind/jaxb-core/2.3.0.1/jaxb-core-2.3.0.1.jar:/home/user/.m2/repository/javax/xml/bind/jaxb-api/2.3.0/jaxb-api-2.3.0.jar:/home/user/.m2/repository/javax/activation/activation/1.1.1/activation-1.1.1.jar:/home/user/.m2/repository/org/apache/hadoop/hadoop-ozone-csi/0.5.0-SNAPSHOT/hadoop-ozone-csi-0.5.0-SNAPSHOT.jar:/home/user/.m2/repository/com/google/protobuf/protobuf-java-util/3.5.1/protobuf-java-util-3.5.1.jar:/home/user/.m2/repository/org/apache/hadoop/hadoop-hdds-config/0.5.0-SNAPSHOT/hadoop-hdds-config-0.5.0-SNAPSHOT.jar:/home/user/.m2/repository/io/grpc/grpc-netty/1.17.1/grpc-netty-1.17.1.jar:/home/user/.m2/repository/io/grpc/grpc-core/1.17.1/grpc-core-1.17.1.jar:/home/user/.m2/repository/io/grpc/grpc-context/1.17.1/grpc-context-1.17.1.jar:/home/user/.m2/repository/com/google/errorprone/error_prone_annotations/2.2.0/error_prone_annotations-2.2.0.jar:/home/user/.m2/repository/org/codehaus/mojo/animal-sniffer-annotations/1.17/animal-sniffer-annotations-1.17.jar:/home/user/.m2/repository/io/opencensus/opencensus-api/0.17.0/opencensus-api-0.17.0.jar:/home/user/.m2/repository/io/opencensus/opencensus-contrib-grpc-metrics/0.17.0/opencensus-contrib-grpc-metrics-0.17.0.jar:/home/user/.m2/repository/io/netty/netty-codec-http2/4.1.30.Final/netty-codec-http2-4.1.30.Final.jar:/home/user/.m2/repository/io/netty/netty-codec-http/4.1.30.Final/netty-codec-http-4.1.30.Final.jar:/home/user/.m2/repository/io/netty/netty-codec/4.1.30.Final/netty-codec-4.1.30.Final.jar:/home/user/.m2/repository/io/netty/netty-handler/4.1.30.Final/netty-handler-4.1.30.Final.jar:/home/user/.m2/repository/io/netty/netty-handler-proxy/4.1.30.Final/netty-handler-proxy-4.1.30.Final.jar:/home/user/.m2/repository/io/netty/netty-codec-socks/4.1.30.Final/netty-codec-socks-4.1.30.Final.jar:/home/user/.m2/repository/io/netty/netty-transport-native-epoll/4.1.30.Final/netty-transport-native-epoll-4.1.30.Final.jar:/home/user/.m2/repository/io/netty/netty-common/4.1.30.Final/netty-common-4.1.30.Final.jar:/home/user/.m2/repository/io/netty/netty-buffer/4.1.30.Final/netty-buffer-4.1.30.Final.jar:/home/user/.m2/repository/io/netty/netty-transport/4.1.30.Final/netty-transport-4.1.30.Final.jar:/home/user/.m2/repository/io/netty/netty-resolver/4.1.30.Final/netty-resolver-4.1.30.Final.jar:/home/user/.m2/repository/io/netty/netty-transport-native-unix-common/4.1.30.Final/netty-transport-native-unix-common-4.1.30.Final.jar:/home/user/.m2/repository/io/grpc/grpc-protobuf/1.17.1/grpc-protobuf-1.17.1.jar:/home/user/.m2/repository/com/google/api/grpc/proto-google-common-protos/1.0.0/proto-google-common-protos-1.0.0.jar:/home/user/.m2/repository/io/grpc/grpc-protobuf-lite/1.17.1/grpc-protobuf-lite-1.17.1.jar:/home/user/.m2/repository/io/grpc/grpc-stub/1.17.1/grpc-stub-1.17.1.jar:/home/user/.m2/repository/org/apache/hadoop/hadoop-ozone-recon/0.5.0-SNAPSHOT/hadoop-ozone-recon-0.5.0-SNAPSHOT.jar:/home/user/.m2/repository/org/apache/hadoop/hadoop-ozone-reconcodegen/0.5.0-SNAPSHOT/hadoop-ozone-reconcodegen-0.5.0-SNAPSHOT.jar:/home/user/.m2/repository/com/google/inject/extensions/guice-multibindings/4.0/guice-multibindings-4.0.jar:/home/user/.m2/repository/com/google/inject/guice/4.0/guice-4.0.jar:/home/user/.m2/repository/aopalliance/aopalliance/1.0/aopalliance-1.0.jar:/home/user/.m2/repository/com/google/inject/extensions/guice-servlet/4.0/guice-servlet-4.0.jar:/home/user/.m2/repository/org/glassfish/jersey/containers/jersey-container-servlet/2.27/jersey-container-servlet-2.27.jar:/home/user/.m2/repository/org/glassfish/hk2/guice-bridge/2.5.0/guice-bridge-2.5.0.jar:/home/user/.m2/repository/org/glassfish/jersey/core/jersey-server/2.27/jersey-server-2.27.jar:/home/user/.m2/repository/org/glassfish/jersey/core/jersey-client/2.27/jersey-client-2.27.jar:/home/user/.m2/repository/org/glassfish/jersey/media/jersey-media-jaxb/2.27/jersey-media-jaxb-2.27.jar:/home/user/.m2/repository/javax/validation/validation-api/1.1.0.Final/validation-api-1.1.0.Final.jar:/home/user/.m2/repository/org/glassfish/jersey/media/jersey-media-json-jackson/2.27/jersey-media-json-jackson-2.27.jar:/home/user/.m2/repository/org/glassfish/jersey/ext/jersey-entity-filtering/2.27/jersey-entity-filtering-2.27.jar:/home/user/.m2/repository/com/google/inject/extensions/guice-assistedinject/4.0/guice-assistedinject-4.0.jar:/home/user/.m2/repository/org/jooq/jooq/3.11.10/jooq-3.11.10.jar:/home/user/.m2/repository/org/jooq/jooq-meta/3.11.10/jooq-meta-3.11.10.jar:/home/user/.m2/repository/org/jooq/jooq-codegen/3.11.10/jooq-codegen-3.11.10.jar:/home/user/.m2/repository/com/jolbox/bonecp/0.8.0.RELEASE/bonecp-0.8.0.RELEASE.jar:/home/user/.m2/repository/org/xerial/sqlite-jdbc/3.25.2/sqlite-jdbc-3.25.2.jar:/home/user/.m2/repository/org/springframework/spring-jdbc/5.1.3.RELEASE/spring-jdbc-5.1.3.RELEASE.jar:/home/user/.m2/repository/org/springframework/spring-beans/5.1.3.RELEASE/spring-beans-5.1.3.RELEASE.jar:/home/user/.m2/repository/org/springframework/spring-core/5.1.3.RELEASE/spring-core-5.1.3.RELEASE.jar:/home/user/.m2/repository/org/springframework/spring-jcl/5.1.3.RELEASE/spring-jcl-5.1.3.RELEASE.jar:/home/user/.m2/repository/org/springframework/spring-tx/5.1.3.RELEASE/spring-tx-5.1.3.RELEASE.jar:/home/user/.m2/repository/org/apache/hadoop/hadoop-ozone-client/0.5.0-SNAPSHOT/hadoop-ozone-client-0.5.0-SNAPSHOT.jar:/home/user/.m2/repository/commons-lang/commons-lang/2.6/commons-lang-2.6.jar:/home/user/.m2/repository/org/apache/hadoop/hadoop-ozone-ozone-manager/0.5.0-SNAPSHOT/hadoop-ozone-ozone-manager-0.5.0-SNAPSHOT-tests.jar:/home/user/.m2/repository/junit/junit/4.11/junit-4.11.jar:/home/user/.m2/repository/org/hamcrest/hamcrest-core/1.3/hamcrest-core-1.3.jar:/home/user/.m2/repository/org/openjdk/jmh/jmh-core/1.19/jmh-core-1.19.jar:/home/user/.m2/repository/net/sf/jopt-simple/jopt-simple/4.6/jopt-simple-4.6.jar:/home/user/.m2/repository/org/apache/commons/commons-math3/3.1.1/commons-math3-3.1.1.jar:/home/user/.m2/repository/org/openjdk/jmh/jmh-generator-annprocess/1.19/jmh-generator-annprocess-1.19.jar:/home/user/.m2/repository/org/mockito/mockito-all/1.8.5/mockito-all-1.8.5.jar:/home/user/.m2/repository/org/apache/hadoop/hadoop-kms/3.2.0/hadoop-kms-3.2.0.jar:/home/user/.m2/repository/org/apache/hadoop/hadoop-auth/3.2.0/hadoop-auth-3.2.0.jar:/home/user/.m2/repository/com/nimbusds/nimbus-jose-jwt/4.41.1/nimbus-jose-jwt-4.41.1.jar:/home/user/.m2/repository/com/github/stephenc/jcip/jcip-annotations/1.0-1/jcip-annotations-1.0-1.jar:/home/user/.m2/repository/net/minidev/json-smart/2.3/json-smart-2.3.jar:/home/user/.m2/repository/net/minidev/accessors-smart/1.2/accessors-smart-1.2.jar:/home/user/.m2/repository/org/ow2/asm/asm/5.0.4/asm-5.0.4.jar:/home/user/.m2/repository/org/apache/curator/curator-framework/2.12.0/curator-framework-2.12.0.jar:/home/user/.m2/repository/com/sun/jersey/jersey-core/1.19/jersey-core-1.19.jar:/home/user/.m2/repository/javax/ws/rs/jsr311-api/1.1.1/jsr311-api-1.1.1.jar:/home/user/.m2/repository/com/sun/jersey/jersey-server/1.19/jersey-server-1.19.jar:/home/user/.m2/repository/javax/servlet/javax.servlet-api/3.1.0/javax.servlet-api-3.1.0.jar:/home/user/.m2/repository/org/eclipse/jetty/jetty-server/9.3.25.v20180904/jetty-server-9.3.25.v20180904.jar:/home/user/.m2/repository/org/eclipse/jetty/jetty-http/9.3.25.v20180904/jetty-http-9.3.25.v20180904.jar:/home/user/.m2/repository/org/eclipse/jetty/jetty-io/9.3.25.v20180904/jetty-io-9.3.25.v20180904.jar:/home/user/.m2/repository/org/eclipse/jetty/jetty-webapp/9.3.25.v20180904/jetty-webapp-9.3.25.v20180904.jar:/home/user/.m2/repository/org/eclipse/jetty/jetty-xml/9.3.25.v20180904/jetty-xml-9.3.25.v20180904.jar:/home/user/.m2/repository/log4j/log4j/1.2.17/log4j-1.2.17.jar:/home/user/.m2/repository/org/slf4j/slf4j-api/1.7.25/slf4j-api-1.7.25.jar:/home/user/.m2/repository/org/slf4j/jul-to-slf4j/1.7.25/jul-to-slf4j-1.7.25.jar:/home/user/.m2/repository/org/eclipse/jetty/jetty-util/9.3.25.v20180904/jetty-util-9.3.25.v20180904.jar:/home/user/.m2/repository/com/fasterxml/jackson/core/jackson-databind/2.9.9/jackson-databind-2.9.9.jar:/home/user/.m2/repository/org/apache/hadoop/hadoop-kms/3.2.0/hadoop-kms-3.2.0-tests.jar:/home/user/.m2/repository/org/apache/hadoop/hadoop-hdds-server-scm/0.5.0-SNAPSHOT/hadoop-hdds-server-scm-0.5.0-SNAPSHOT-tests.jar:/home/user/.m2/repository/org/apache/hadoop/hadoop-hdds-container-service/0.5.0-SNAPSHOT/hadoop-hdds-container-service-0.5.0-SNAPSHOT-tests.jar:/home/user/.m2/repository/org/yaml/snakeyaml/1.16/snakeyaml-1.16.jar:/home/user/.m2/repository/org/apache/hadoop/hadoop-common/3.2.0/hadoop-common-3.2.0-tests.jar:/home/user/.m2/repository/org/apache/hadoop/hadoop-annotations/3.2.0/hadoop-annotations-3.2.0.jar:/usr/lib/jvm/java-1.8-openjdk/jre/../lib/tools.jar:/home/user/.m2/repository/commons-cli/commons-cli/1.2/commons-cli-1.2.jar:/home/user/.m2/repository/org/apache/httpcomponents/httpclient/4.5.2/httpclient-4.5.2.jar:/home/user/.m2/repository/org/apache/httpcomponents/httpcore/4.4.4/httpcore-4.4.4.jar:/home/user/.m2/repository/commons-codec/commons-codec/1.11/commons-codec-1.11.jar:/home/user/.m2/repository/commons-net/commons-net/3.6/commons-net-3.6.jar:/home/user/.m2/repository/commons-collections/commons-collections/3.2.2/commons-collections-3.2.2.jar:/home/user/.m2/repository/org/eclipse/jetty/jetty-servlet/9.3.25.v20180904/jetty-servlet-9.3.25.v20180904.jar:/home/user/.m2/repository/org/eclipse/jetty/jetty-security/9.3.25.v20180904/jetty-security-9.3.25.v20180904.jar:/home/user/.m2/repository/javax/servlet/jsp/jsp-api/2.1/jsp-api-2.1.jar:/home/user/.m2/repository/com/sun/jersey/jersey-servlet/1.19/jersey-servlet-1.19.jar:/home/user/.m2/repository/com/sun/jersey/jersey-json/1.19/jersey-json-1.19.jar:/home/user/.m2/repository/org/codehaus/jettison/jettison/1.1/jettison-1.1.jar:/home/user/.m2/repository/org/codehaus/jackson/jackson-core-asl/1.9.13/jackson-core-asl-1.9.13.jar:/home/user/.m2/repository/org/codehaus/jackson/jackson-mapper-asl/1.9.13/jackson-mapper-asl-1.9.13.jar:/home/user/.m2/repository/org/codehaus/jackson/jackson-jaxrs/1.9.13/jackson-jaxrs-1.9.13.jar:/home/user/.m2/repository/org/codehaus/jackson/jackson-xc/1.9.13/jackson-xc-1.9.13.jar:/home/user/.m2/repository/commons-logging/commons-logging/1.1.3/commons-logging-1.1.3.jar:/home/user/.m2/repository/commons-beanutils/commons-beanutils/1.9.4/commons-beanutils-1.9.4.jar:/home/user/.m2/repository/org/apache/commons/commons-configuration2/2.1.1/commons-configuration2-2.1.1.jar:/home/user/.m2/repository/org/apache/commons/commons-lang3/3.7/commons-lang3-3.7.jar:/home/user/.m2/repository/org/apache/commons/commons-text/1.4/commons-text-1.4.jar:/home/user/.m2/repository/org/apache/avro/avro/1.7.7/avro-1.7.7.jar:/home/user/.m2/repository/com/thoughtworks/paranamer/paranamer/2.3/paranamer-2.3.jar:/home/user/.m2/repository/org/xerial/snappy/snappy-java/1.0.5/snappy-java-1.0.5.jar:/home/user/.m2/repository/com/google/re2j/re2j/1.1/re2j-1.1.jar:/home/user/.m2/repository/com/google/code/gson/gson/2.2.4/gson-2.2.4.jar:/home/user/.m2/repository/com/jcraft/jsch/0.1.54/jsch-0.1.54.jar:/home/user/.m2/repository/org/apache/curator/curator-client/2.12.0/curator-client-2.12.0.jar:/home/user/.m2/repository/org/apache/curator/curator-recipes/2.12.0/curator-recipes-2.12.0.jar:/home/user/.m2/repository/com/google/code/findbugs/jsr305/3.0.0/jsr305-3.0.0.jar:/home/user/.m2/repository/org/apache/htrace/htrace-core4/4.1.0-incubating/htrace-core4-4.1.0-incubating.jar:/home/user/.m2/repository/org/apache/zookeeper/zookeeper/3.4.13/zookeeper-3.4.13.jar:/home/user/.m2/repository/jline/jline/0.9.94/jline-0.9.94.jar:/home/user/.m2/repository/org/apache/yetus/audience-annotations/0.5.0/audience-annotations-0.5.0.jar:/home/user/.m2/repository/org/codehaus/woodstox/stax2-api/3.1.4/stax2-api-3.1.4.jar:/home/user/.m2/repository/com/fasterxml/woodstox/woodstox-core/5.0.3/woodstox-core-5.0.3.jar:/home/user/.m2/repository/dnsjava/dnsjava/2.1.7/dnsjava-2.1.7.jar:/home/user/.m2/repository/org/apache/hadoop/hadoop-hdfs/3.2.0/hadoop-hdfs-3.2.0-tests.jar:/home/user/.m2/repository/org/eclipse/jetty/jetty-util-ajax/9.3.25.v20180904/jetty-util-ajax-9.3.25.v20180904.jar:/home/user/.m2/repository/commons-daemon/commons-daemon/1.0.13/commons-daemon-1.0.13.jar:/home/user/.m2/repository/io/netty/netty/3.10.5.Final/netty-3.10.5.Final.jar:/home/user/.m2/repository/io/netty/netty-all/4.0.52.Final/netty-all-4.0.52.Final.jar:/home/user/.m2/repository/org/fusesource/leveldbjni/leveldbjni-all/1.8/leveldbjni-all-1.8.jar:"/>
    <property name="sun.cpu.endian" value="little"/>
    <property name="user.home" value="/home/user"/>
    <property name="user.language" value="en"/>
    <property name="java.specification.vendor" value="Oracle Corporation"/>
    <property name="java.home" value="/usr/lib/jvm/java-1.8-openjdk/jre"/>
    <property name="java.security.krb5.conf" value="/workdir/hadoop-ozone/integration-test/target/test-classes/krb5.conf"/>
    <property name="basedir" value="/workdir/hadoop-ozone/integration-test"/>
    <property name="file.separator" value="/"/>
    <property name="line.separator" value="&#10;"/>
    <property name="java.vm.specification.vendor" value="Oracle Corporation"/>
    <property name="java.specification.name" value="Java Platform API Specification"/>
    <property name="java.awt.graphicsenv" value="sun.awt.X11GraphicsEnvironment"/>
    <property name="surefire.real.class.path" value="/workdir/hadoop-ozone/integration-test/target/surefire/surefirebooter1167761941670811777.jar"/>
    <property name="hadoop.log.dir" value="/workdir/hadoop-ozone/integration-test/target/log"/>
    <property name="sun.boot.class.path" value="/usr/lib/jvm/java-1.8-openjdk/jre/lib/resources.jar:/usr/lib/jvm/java-1.8-openjdk/jre/lib/rt.jar:/usr/lib/jvm/java-1.8-openjdk/jre/lib/sunrsasign.jar:/usr/lib/jvm/java-1.8-openjdk/jre/lib/jsse.jar:/usr/lib/jvm/java-1.8-openjdk/jre/lib/jce.jar:/usr/lib/jvm/java-1.8-openjdk/jre/lib/charsets.jar:/usr/lib/jvm/java-1.8-openjdk/jre/lib/jfr.jar:/usr/lib/jvm/java-1.8-openjdk/jre/classes"/>
    <property name="sun.management.compiler" value="HotSpot 64-Bit Tiered Compilers"/>
    <property name="java.runtime.version" value="1.8.0_212-b04"/>
    <property name="java.net.preferIPv4Stack" value="true"/>
    <property name="user.name" value="jenkins1000"/>
    <property name="path.separator" value=":"/>
    <property name="java.security.egd" value="file:///dev/urandom"/>
    <property name="os.version" value="3.10.0-957.12.2.el7.x86_64"/>
    <property name="java.endorsed.dirs" value="/usr/lib/jvm/java-1.8-openjdk/jre/lib/endorsed"/>
    <property name="java.runtime.name" value="OpenJDK Runtime Environment"/>
    <property name="file.encoding" value="UTF-8"/>
    <property name="java.vm.name" value="OpenJDK 64-Bit Server VM"/>
    <property name="test.build.webapps" value=""/>
    <property name="localRepository" value="/home/user/.m2/repository"/>
    <property name="java.vendor.url.bug" value="https://icedtea.classpath.org/bugzilla"/>
    <property name="java.io.tmpdir" value="/tmp"/>
    <property name="require.test.libhadoop" value=""/>
    <property name="java.version" value="1.8.0_212"/>
    <property name="user.dir" value="/workdir/hadoop-ozone/integration-test"/>
    <property name="os.arch" value="amd64"/>
    <property name="java.vm.specification.name" value="Java Virtual Machine Specification"/>
    <property name="test.build.classes" value="/workdir/hadoop-ozone/integration-test/target/test-classes"/>
    <property name="java.awt.printerjob" value="sun.print.PSPrinterJob"/>
    <property name="sun.os.patch.level" value="unknown"/>
    <property name="hadoop.tmp.dir" value="/workdir/hadoop-ozone/integration-test/target/tmp"/>
    <property name="java.library.path" value="/usr/lib/jvm/java-1.8-openjdk/jre/lib/amd64/server:/usr/lib/jvm/java-1.8-openjdk/jre/lib/amd64:/usr/lib/jvm/java-1.8-openjdk/jre/../lib/amd64:/workdir/hadoop-ozone/integration-test/target/native/target/usr/local/lib:/workdir/hadoop-ozone/integration-test/../../hadoop-common-project/hadoop-common/target/native/target/usr/local/lib:/usr/java/packages/lib/amd64:/usr/lib64:/lib64:/lib:/usr/lib"/>
    <property name="java.vm.info" value="mixed mode"/>
    <property name="java.vendor" value="IcedTea"/>
    <property name="java.vm.version" value="25.212-b04"/>
    <property name="java.ext.dirs" value="/usr/lib/jvm/java-1.8-openjdk/jre/lib/ext:/usr/java/packages/lib/ext"/>
    <property name="sun.io.unicode.encoding" value="UnicodeLittle"/>
    <property name="java.class.version" value="52.0"/>
  </properties>
  <testcase name="test2WayCommitForRetryfailure" classname="org.apache.hadoop.ozone.client.rpc.Test2WayCommitInRatis" time="34.014">
    <error message="org.apache.ratis.protocol.RaftRetryFailureException: Failed RaftClientRequest:client-1488867665CC-&gt;5a44bd04-ecf8-4f1a-9db6-edf6da10f7f5@group-097D18AE70C2, cid=14, seq=2*, RW, org.apache.hadoop.hdds.scm.XceiverClientRatis$$Lambda$350/766445308@6dec2d5a for 20 attempts with RetryLimited(maxAttempts=20, sleepTime=1000ms)" type="java.util.concurrent.ExecutionException">java.util.concurrent.ExecutionException: org.apache.ratis.protocol.RaftRetryFailureException: Failed RaftClientRequest:client-1488867665CC->5a44bd04-ecf8-4f1a-9db6-edf6da10f7f5@group-097D18AE70C2, cid=14, seq=2*, RW, org.apache.hadoop.hdds.scm.XceiverClientRatis$$Lambda$350/766445308@6dec2d5a for 20 attempts with RetryLimited(maxAttempts=20, sleepTime=1000ms)
	at java.util.concurrent.CompletableFuture.reportGet(CompletableFuture.java:357)
	at java.util.concurrent.CompletableFuture.get(CompletableFuture.java:1895)
	at org.apache.hadoop.ozone.client.rpc.Test2WayCommitInRatis.test2WayCommitForRetryfailure(Test2WayCommitInRatis.java:144)
	at sun.reflect.NativeMethodAccessorImpl.invoke0(Native Method)
	at sun.reflect.NativeMethodAccessorImpl.invoke(NativeMethodAccessorImpl.java:62)
	at sun.reflect.DelegatingMethodAccessorImpl.invoke(DelegatingMethodAccessorImpl.java:43)
	at java.lang.reflect.Method.invoke(Method.java:498)
	at org.junit.runners.model.FrameworkMethod$1.runReflectiveCall(FrameworkMethod.java:47)
	at org.junit.internal.runners.model.ReflectiveCallable.run(ReflectiveCallable.java:12)
	at org.junit.runners.model.FrameworkMethod.invokeExplosively(FrameworkMethod.java:44)
	at org.junit.internal.runners.statements.InvokeMethod.evaluate(InvokeMethod.java:17)
	at org.junit.runners.ParentRunner.runLeaf(ParentRunner.java:271)
	at org.junit.runners.BlockJUnit4ClassRunner.runChild(BlockJUnit4ClassRunner.java:70)
	at org.junit.runners.BlockJUnit4ClassRunner.runChild(BlockJUnit4ClassRunner.java:50)
	at org.junit.runners.ParentRunner$3.run(ParentRunner.java:238)
	at org.junit.runners.ParentRunner$1.schedule(ParentRunner.java:63)
	at org.junit.runners.ParentRunner.runChildren(ParentRunner.java:236)
	at org.junit.runners.ParentRunner.access$000(ParentRunner.java:53)
	at org.junit.runners.ParentRunner$2.evaluate(ParentRunner.java:229)
	at org.junit.runners.ParentRunner.run(ParentRunner.java:309)
	at org.apache.maven.surefire.junit4.JUnit4Provider.execute(JUnit4Provider.java:365)
	at org.apache.maven.surefire.junit4.JUnit4Provider.executeWithRerun(JUnit4Provider.java:273)
	at org.apache.maven.surefire.junit4.JUnit4Provider.executeTestSet(JUnit4Provider.java:238)
	at org.apache.maven.surefire.junit4.JUnit4Provider.invoke(JUnit4Provider.java:159)
	at org.apache.maven.surefire.booter.ForkedBooter.invokeProviderInSameClassLoader(ForkedBooter.java:384)
	at org.apache.maven.surefire.booter.ForkedBooter.runSuitesInProcess(ForkedBooter.java:345)
	at org.apache.maven.surefire.booter.ForkedBooter.execute(ForkedBooter.java:126)
	at org.apache.maven.surefire.booter.ForkedBooter.main(ForkedBooter.java:418)
Caused by: org.apache.ratis.protocol.RaftRetryFailureException: Failed RaftClientRequest:client-1488867665CC->5a44bd04-ecf8-4f1a-9db6-edf6da10f7f5@group-097D18AE70C2, cid=14, seq=2*, RW, org.apache.hadoop.hdds.scm.XceiverClientRatis$$Lambda$350/766445308@6dec2d5a for 20 attempts with RetryLimited(maxAttempts=20, sleepTime=1000ms)
	at org.apache.ratis.client.impl.RaftClientImpl.noMoreRetries(RaftClientImpl.java:271)
	at org.apache.ratis.client.impl.OrderedAsync.handleAsyncRetryFailure(OrderedAsync.java:138)
	at org.apache.ratis.client.impl.OrderedAsync.lambda$sendRequest$10(OrderedAsync.java:230)
	at java.util.concurrent.CompletableFuture.uniExceptionally(CompletableFuture.java:870)
	at java.util.concurrent.CompletableFuture$UniExceptionally.tryFire(CompletableFuture.java:852)
	at java.util.concurrent.CompletableFuture.postComplete(CompletableFuture.java:474)
	at java.util.concurrent.CompletableFuture.completeExceptionally(CompletableFuture.java:1977)
	at org.apache.ratis.grpc.client.GrpcClientProtocolClient$AsyncStreamObservers.completeReplyExceptionally(GrpcClientProtocolClient.java:345)
	at org.apache.ratis.grpc.client.GrpcClientProtocolClient$AsyncStreamObservers.access$000(GrpcClientProtocolClient.java:261)
	at org.apache.ratis.grpc.client.GrpcClientProtocolClient$AsyncStreamObservers$1.onNext(GrpcClientProtocolClient.java:273)
	at org.apache.ratis.grpc.client.GrpcClientProtocolClient$AsyncStreamObservers$1.onNext(GrpcClientProtocolClient.java:264)
	at org.apache.ratis.thirdparty.io.grpc.stub.ClientCalls$StreamObserverToCallListenerAdapter.onMessage(ClientCalls.java:421)
	at org.apache.ratis.thirdparty.io.grpc.ForwardingClientCallListener.onMessage(ForwardingClientCallListener.java:33)
	at org.apache.ratis.thirdparty.io.grpc.ForwardingClientCallListener.onMessage(ForwardingClientCallListener.java:33)
	at org.apache.ratis.thirdparty.io.grpc.internal.ClientCallImpl$ClientStreamListenerImpl$1MessagesAvailable.runInContext(ClientCallImpl.java:519)
	at org.apache.ratis.thirdparty.io.grpc.internal.ContextRunnable.run(ContextRunnable.java:37)
	at org.apache.ratis.thirdparty.io.grpc.internal.SerializingExecutor.run(SerializingExecutor.java:123)
	at java.util.concurrent.ThreadPoolExecutor.runWorker(ThreadPoolExecutor.java:1149)
	at java.util.concurrent.ThreadPoolExecutor$Worker.run(ThreadPoolExecutor.java:624)
	at java.lang.Thread.run(Thread.java:748)
Caused by: org.apache.ratis.protocol.NotLeaderException: Server 5a44bd04-ecf8-4f1a-9db6-edf6da10f7f5@group-097D18AE70C2 is not the leader
	at org.apache.ratis.client.impl.ClientProtoUtils.toRaftClientReply(ClientProtoUtils.java:243)
	at org.apache.ratis.grpc.client.GrpcClientProtocolClient$AsyncStreamObservers$1.onNext(GrpcClientProtocolClient.java:269)
	... 10 more
</error>
    <system-out><![CDATA[2019-10-03 14:57:43,372 [main] WARN  server.ServerUtils (ServerUtils.java:getScmDbDir(145)) - ozone.scm.db.dirs is not configured. We recommend adding this setting. Falling back to ozone.metadata.dirs instead.
2019-10-03 14:57:43,471 [main] WARN  server.ServerUtils (ServerUtils.java:getScmDbDir(145)) - ozone.scm.db.dirs is not configured. We recommend adding this setting. Falling back to ozone.metadata.dirs instead.
2019-10-03 14:57:43,475 [main] WARN  server.ServerUtils (ServerUtils.java:getScmDbDir(145)) - ozone.scm.db.dirs is not configured. We recommend adding this setting. Falling back to ozone.metadata.dirs instead.
2019-10-03 14:57:43,493 [main] INFO  util.log (Log.java:initialized(192)) - Logging initialized @904ms
2019-10-03 14:57:43,596 [main] INFO  db.DBStoreBuilder (DBStoreBuilder.java:addTable(110)) - using custom profile for table: deletedBlocks
2019-10-03 14:57:43,596 [main] INFO  db.DBStoreBuilder (DBStoreBuilder.java:processTables(161)) - Using default column profile:DBProfile.DISK for Table:deletedBlocks
2019-10-03 14:57:43,597 [main] INFO  db.DBStoreBuilder (DBStoreBuilder.java:addTable(110)) - using custom profile for table: validCerts
2019-10-03 14:57:43,597 [main] INFO  db.DBStoreBuilder (DBStoreBuilder.java:processTables(161)) - Using default column profile:DBProfile.DISK for Table:validCerts
2019-10-03 14:57:43,597 [main] INFO  db.DBStoreBuilder (DBStoreBuilder.java:addTable(110)) - using custom profile for table: revokedCerts
2019-10-03 14:57:43,598 [main] INFO  db.DBStoreBuilder (DBStoreBuilder.java:processTables(161)) - Using default column profile:DBProfile.DISK for Table:revokedCerts
2019-10-03 14:57:43,611 [main] INFO  db.DBStoreBuilder (DBStoreBuilder.java:addTable(110)) - using custom profile for table: default
2019-10-03 14:57:43,612 [main] INFO  db.DBStoreBuilder (DBStoreBuilder.java:processTables(167)) - Using default column profile:DBProfile.DISK for Table:default
2019-10-03 14:57:43,613 [main] INFO  db.DBStoreBuilder (DBStoreBuilder.java:getDbProfile(198)) - Using default options. DBProfile.DISK
2019-10-03 14:57:43,918 [main] INFO  net.NodeSchemaLoader (NodeSchemaLoader.java:loadSchemaFromFile(125)) - Loading file from sun.misc.CompoundEnumeration@77888435
2019-10-03 14:57:43,920 [main] INFO  net.NodeSchemaLoader (NodeSchemaLoader.java:loadSchema(171)) - Loading network topology layer schema file
2019-10-03 14:57:43,996 [main] WARN  server.ServerUtils (ServerUtils.java:sanitizeUserArgs(70)) - ozone.scm.stale.node.interval value = 300000 is larger than max = 100000 based on the key value of ozone.scm.heartbeat.thread.interval, reset to the max value 100000.
2019-10-03 14:57:43,998 [main] WARN  server.ServerUtils (ServerUtils.java:sanitizeUserArgs(70)) - ozone.scm.stale.node.interval value = 300000 is larger than max = 100000 based on the key value of ozone.scm.heartbeat.thread.interval, reset to the max value 100000.
2019-10-03 14:57:44,000 [main] INFO  node.SCMNodeManager (SCMNodeManager.java:<init>(114)) - Entering startup safe mode.
2019-10-03 14:57:44,074 [main] INFO  algorithms.ContainerPlacementPolicyFactory (ContainerPlacementPolicyFactory.java:getPolicy(57)) - Create container placement policy of type org.apache.hadoop.hdds.scm.container.placement.algorithms.SCMContainerPlacementRandom
2019-10-03 14:57:44,089 [main] WARN  server.ServerUtils (ServerUtils.java:getScmDbDir(145)) - ozone.scm.db.dirs is not configured. We recommend adding this setting. Falling back to ozone.metadata.dirs instead.
2019-10-03 14:57:44,172 [main] INFO  pipeline.SCMPipelineManager (SCMPipelineManager.java:initializePipelineState(132)) - No pipeline exists in current db
2019-10-03 14:57:44,175 [main] WARN  server.ServerUtils (ServerUtils.java:getScmDbDir(145)) - ozone.scm.db.dirs is not configured. We recommend adding this setting. Falling back to ozone.metadata.dirs instead.
2019-10-03 14:57:44,352 [main] WARN  events.EventQueue (EventQueue.java:fireEvent(183)) - No event handler registered for event TypedEvent{payloadType=SafeModeStatus, name='SafeModeStatus'}
2019-10-03 14:57:44,733 [main] INFO  ipc.CallQueueManager (CallQueueManager.java:<init>(84)) - Using callQueue: class java.util.concurrent.LinkedBlockingQueue, queueCapacity: 2000, scheduler: class org.apache.hadoop.ipc.DefaultRpcScheduler, ipcBackoff: false.
2019-10-03 14:57:44,762 [Socket Reader #1 for port 45886] INFO  ipc.Server (Server.java:run(1074)) - Starting Socket Reader #1 for port 45886
2019-10-03 14:57:44,912 [main] INFO  ipc.CallQueueManager (CallQueueManager.java:<init>(84)) - Using callQueue: class java.util.concurrent.LinkedBlockingQueue, queueCapacity: 2000, scheduler: class org.apache.hadoop.ipc.DefaultRpcScheduler, ipcBackoff: false.
2019-10-03 14:57:44,913 [Socket Reader #1 for port 41590] INFO  ipc.Server (Server.java:run(1074)) - Starting Socket Reader #1 for port 41590
2019-10-03 14:57:44,924 [main] INFO  ipc.CallQueueManager (CallQueueManager.java:<init>(84)) - Using callQueue: class java.util.concurrent.LinkedBlockingQueue, queueCapacity: 2000, scheduler: class org.apache.hadoop.ipc.DefaultRpcScheduler, ipcBackoff: false.
2019-10-03 14:57:44,925 [Socket Reader #1 for port 39018] INFO  ipc.Server (Server.java:run(1074)) - Starting Socket Reader #1 for port 39018
2019-10-03 14:57:44,961 [main] INFO  hdfs.DFSUtil (DFSUtil.java:httpServerTemplateForNNAndJN(1641)) - Starting Web-server for scm at: http://0.0.0.0:0
2019-10-03 14:57:45,152 [main] INFO  server.AuthenticationFilter (AuthenticationFilter.java:constructSecretProvider(240)) - Unable to initialize FileSignerSecretProvider, falling back to use random secrets.
2019-10-03 14:57:45,161 [main] WARN  http.HttpRequestLog (HttpRequestLog.java:getRequestLog(97)) - Jetty request log can only be enabled using Log4j
2019-10-03 14:57:45,170 [main] INFO  http.HttpServer2 (HttpServer2.java:addGlobalFilter(975)) - Added global filter 'safety' (class=org.apache.hadoop.http.HttpServer2$QuotingInputFilter)
2019-10-03 14:57:45,173 [main] INFO  http.HttpServer2 (HttpServer2.java:addFilter(948)) - Added filter static_user_filter (class=org.apache.hadoop.http.lib.StaticUserWebFilter$StaticUserFilter) to context scm
2019-10-03 14:57:45,173 [main] INFO  http.HttpServer2 (HttpServer2.java:addFilter(958)) - Added filter static_user_filter (class=org.apache.hadoop.http.lib.StaticUserWebFilter$StaticUserFilter) to context static
2019-10-03 14:57:45,173 [main] INFO  http.HttpServer2 (HttpServer2.java:addFilter(958)) - Added filter static_user_filter (class=org.apache.hadoop.http.lib.StaticUserWebFilter$StaticUserFilter) to context logs
2019-10-03 14:57:45,207 [main] INFO  server.StorageContainerManager (StorageContainerManager.java:start(770)) - StorageContainerLocationProtocol RPC server is listening at /0.0.0.0:39018
2019-10-03 14:57:45,284 [main] WARN  impl.MetricsConfig (MetricsConfig.java:loadFirst(134)) - Cannot locate configuration: tried hadoop-metrics2-storagecontainermanager.properties,hadoop-metrics2.properties
2019-10-03 14:57:45,298 [main] INFO  impl.MetricsSystemImpl (MetricsSystemImpl.java:startTimer(374)) - Scheduled Metric snapshot period at 10 second(s).
2019-10-03 14:57:45,299 [main] INFO  impl.MetricsSystemImpl (MetricsSystemImpl.java:start(191)) - StorageContainerManager metrics system started
2019-10-03 14:57:45,552 [main] INFO  server.SCMClientProtocolServer (SCMClientProtocolServer.java:start(159)) - RPC server for Client  is listening at /0.0.0.0:39018
2019-10-03 14:57:45,553 [IPC Server Responder] INFO  ipc.Server (Server.java:run(1314)) - IPC Server Responder: starting
2019-10-03 14:57:45,553 [IPC Server listener on 39018] INFO  ipc.Server (Server.java:run(1153)) - IPC Server listener on 39018: starting
2019-10-03 14:57:45,556 [main] INFO  server.StorageContainerManager (StorageContainerManager.java:start(780)) - ScmBlockLocationProtocol RPC server is listening at /0.0.0.0:41590
2019-10-03 14:57:45,557 [main] INFO  server.SCMBlockProtocolServer (SCMBlockProtocolServer.java:start(146)) - RPC server for Block Protocol is listening at /0.0.0.0:41590
2019-10-03 14:57:45,557 [IPC Server Responder] INFO  ipc.Server (Server.java:run(1314)) - IPC Server Responder: starting
2019-10-03 14:57:45,558 [IPC Server listener on 41590] INFO  ipc.Server (Server.java:run(1153)) - IPC Server listener on 41590: starting
2019-10-03 14:57:45,560 [main] INFO  server.StorageContainerManager (StorageContainerManager.java:start(784)) - ScmDatanodeProtocl RPC server is listening at /0.0.0.0:45886
2019-10-03 14:57:45,560 [main] INFO  server.SCMDatanodeProtocolServer (SCMDatanodeProtocolServer.java:start(169)) - RPC server for DataNodes is listening at /0.0.0.0:45886
2019-10-03 14:57:45,561 [IPC Server Responder] INFO  ipc.Server (Server.java:run(1314)) - IPC Server Responder: starting
2019-10-03 14:57:45,561 [IPC Server listener on 45886] INFO  ipc.Server (Server.java:run(1153)) - IPC Server listener on 45886: starting
2019-10-03 14:57:45,565 [main] INFO  http.HttpServer2 (HttpServer2.java:bindListener(1191)) - Jetty bound to port 44445
2019-10-03 14:57:45,567 [main] INFO  server.Server (Server.java:doStart(351)) - jetty-9.3.25.v20180904, build timestamp: 2018-09-04T21:11:46Z, git hash: 3ce520221d0240229c862b122d2b06c12a625732
2019-10-03 14:57:45,606 [main] INFO  handler.ContextHandler (ContextHandler.java:doStart(781)) - Started o.e.j.s.ServletContextHandler@4c550889{/logs,file:///workdir/hadoop-ozone/integration-test/target/log,AVAILABLE}
2019-10-03 14:57:45,607 [main] INFO  handler.ContextHandler (ContextHandler.java:doStart(781)) - Started o.e.j.s.ServletContextHandler@44040454{/static,file:///workdir/hadoop-ozone/integration-test/target/test-classes/webapps/static,AVAILABLE}
2019-10-03 14:57:45,641 [main] INFO  handler.ContextHandler (ContextHandler.java:doStart(781)) - Started o.e.j.w.WebAppContext@64f857e7{/,file:///workdir/hadoop-ozone/integration-test/target/test-classes/webapps/scm/,AVAILABLE}{/scm}
2019-10-03 14:57:45,660 [main] INFO  server.AbstractConnector (AbstractConnector.java:doStart(278)) - Started ServerConnector@617fe9e1{HTTP/1.1,[http/1.1]}{0.0.0.0:44445}
2019-10-03 14:57:45,660 [main] INFO  server.Server (Server.java:doStart(419)) - Started @3072ms
2019-10-03 14:57:45,663 [main] INFO  impl.MetricsSinkAdapter (MetricsSinkAdapter.java:start(204)) - Sink prometheus started
2019-10-03 14:57:45,663 [main] INFO  impl.MetricsSystemImpl (MetricsSystemImpl.java:registerSink(301)) - Registered sink prometheus
2019-10-03 14:57:45,664 [main] INFO  server.BaseHttpServer (BaseHttpServer.java:updateConnectorAddress(215)) - HTTP server of SCM is listening at http://0.0.0.0:44445
2019-10-03 14:57:45,670 [org.apache.hadoop.util.JvmPauseMonitor$Monitor@42257bdd] INFO  util.JvmPauseMonitor (JvmPauseMonitor.java:run(188)) - Starting JVM pause monitor
2019-10-03 14:57:45,673 [main] WARN  server.ServerUtils (ServerUtils.java:getDBPath(222)) - ozone.om.db.dirs is not configured. We recommend adding this setting. Falling back to ozone.metadata.dirs instead.
2019-10-03 14:57:45,782 [main] INFO  ha.OMHANodeDetails (OMHANodeDetails.java:loadOMHAConfig(190)) - Configuration either no ozone.om.address set. Falling back to the default OM address /127.0.0.1:0
2019-10-03 14:57:45,782 [main] INFO  ha.OMHANodeDetails (OMHANodeDetails.java:getOMNodeDetails(220)) - OM Service ID is not set. Setting it to the default ID: omServiceIdDefault
2019-10-03 14:57:45,784 [main] WARN  server.ServerUtils (ServerUtils.java:getDBPath(222)) - ozone.om.db.dirs is not configured. We recommend adding this setting. Falling back to ozone.metadata.dirs instead.
2019-10-03 14:57:45,785 [main] WARN  server.ServerUtils (ServerUtils.java:getDBPath(222)) - ozone.om.db.dirs is not configured. We recommend adding this setting. Falling back to ozone.metadata.dirs instead.
2019-10-03 14:57:46,456 [main] WARN  server.ServerUtils (ServerUtils.java:getDBPath(222)) - ozone.om.db.dirs is not configured. We recommend adding this setting. Falling back to ozone.metadata.dirs instead.
2019-10-03 14:57:46,464 [main] INFO  db.DBStoreBuilder (DBStoreBuilder.java:addTable(110)) - using custom profile for table: userTable
2019-10-03 14:57:46,464 [main] INFO  db.DBStoreBuilder (DBStoreBuilder.java:processTables(161)) - Using default column profile:DBProfile.DISK for Table:userTable
2019-10-03 14:57:46,464 [main] INFO  db.DBStoreBuilder (DBStoreBuilder.java:addTable(110)) - using custom profile for table: volumeTable
2019-10-03 14:57:46,464 [main] INFO  db.DBStoreBuilder (DBStoreBuilder.java:processTables(161)) - Using default column profile:DBProfile.DISK for Table:volumeTable
2019-10-03 14:57:46,465 [main] INFO  db.DBStoreBuilder (DBStoreBuilder.java:addTable(110)) - using custom profile for table: bucketTable
2019-10-03 14:57:46,465 [main] INFO  db.DBStoreBuilder (DBStoreBuilder.java:processTables(161)) - Using default column profile:DBProfile.DISK for Table:bucketTable
2019-10-03 14:57:46,465 [main] INFO  db.DBStoreBuilder (DBStoreBuilder.java:addTable(110)) - using custom profile for table: keyTable
2019-10-03 14:57:46,465 [main] INFO  db.DBStoreBuilder (DBStoreBuilder.java:processTables(161)) - Using default column profile:DBProfile.DISK for Table:keyTable
2019-10-03 14:57:46,466 [main] INFO  db.DBStoreBuilder (DBStoreBuilder.java:addTable(110)) - using custom profile for table: deletedTable
2019-10-03 14:57:46,466 [main] INFO  db.DBStoreBuilder (DBStoreBuilder.java:processTables(161)) - Using default column profile:DBProfile.DISK for Table:deletedTable
2019-10-03 14:57:46,466 [main] INFO  db.DBStoreBuilder (DBStoreBuilder.java:addTable(110)) - using custom profile for table: openKeyTable
2019-10-03 14:57:46,466 [main] INFO  db.DBStoreBuilder (DBStoreBuilder.java:processTables(161)) - Using default column profile:DBProfile.DISK for Table:openKeyTable
2019-10-03 14:57:46,467 [main] INFO  db.DBStoreBuilder (DBStoreBuilder.java:addTable(110)) - using custom profile for table: s3Table
2019-10-03 14:57:46,467 [main] INFO  db.DBStoreBuilder (DBStoreBuilder.java:processTables(161)) - Using default column profile:DBProfile.DISK for Table:s3Table
2019-10-03 14:57:46,467 [main] INFO  db.DBStoreBuilder (DBStoreBuilder.java:addTable(110)) - using custom profile for table: multipartInfoTable
2019-10-03 14:57:46,467 [main] INFO  db.DBStoreBuilder (DBStoreBuilder.java:processTables(161)) - Using default column profile:DBProfile.DISK for Table:multipartInfoTable
2019-10-03 14:57:46,468 [main] INFO  db.DBStoreBuilder (DBStoreBuilder.java:addTable(110)) - using custom profile for table: dTokenTable
2019-10-03 14:57:46,468 [main] INFO  db.DBStoreBuilder (DBStoreBuilder.java:processTables(161)) - Using default column profile:DBProfile.DISK for Table:dTokenTable
2019-10-03 14:57:46,468 [main] INFO  db.DBStoreBuilder (DBStoreBuilder.java:addTable(110)) - using custom profile for table: s3SecretTable
2019-10-03 14:57:46,468 [main] INFO  db.DBStoreBuilder (DBStoreBuilder.java:processTables(161)) - Using default column profile:DBProfile.DISK for Table:s3SecretTable
2019-10-03 14:57:46,469 [main] INFO  db.DBStoreBuilder (DBStoreBuilder.java:addTable(110)) - using custom profile for table: prefixTable
2019-10-03 14:57:46,469 [main] INFO  db.DBStoreBuilder (DBStoreBuilder.java:processTables(161)) - Using default column profile:DBProfile.DISK for Table:prefixTable
2019-10-03 14:57:46,469 [main] INFO  db.DBStoreBuilder (DBStoreBuilder.java:addTable(110)) - using custom profile for table: default
2019-10-03 14:57:46,469 [main] INFO  db.DBStoreBuilder (DBStoreBuilder.java:processTables(167)) - Using default column profile:DBProfile.DISK for Table:default
2019-10-03 14:57:46,469 [main] INFO  db.DBStoreBuilder (DBStoreBuilder.java:getDbProfile(198)) - Using default options. DBProfile.DISK
2019-10-03 14:57:47,112 [main] INFO  ipc.CallQueueManager (CallQueueManager.java:<init>(84)) - Using callQueue: class java.util.concurrent.LinkedBlockingQueue, queueCapacity: 2000, scheduler: class org.apache.hadoop.ipc.DefaultRpcScheduler, ipcBackoff: false.
2019-10-03 14:57:47,113 [Socket Reader #1 for port 34759] INFO  ipc.Server (Server.java:run(1074)) - Starting Socket Reader #1 for port 34759
2019-10-03 14:57:47,134 [main] INFO  om.OzoneManager (OzoneManager.java:start(1069)) - OzoneManager RPC server is listening at localhost/127.0.0.1:34759
2019-10-03 14:57:47,134 [main] INFO  impl.MetricsSystemImpl (MetricsSystemImpl.java:init(158)) - OzoneManager metrics system started (again)
2019-10-03 14:57:47,135 [IPC Server Responder] INFO  ipc.Server (Server.java:run(1314)) - IPC Server Responder: starting
2019-10-03 14:57:47,137 [IPC Server listener on 34759] INFO  ipc.Server (Server.java:run(1153)) - IPC Server listener on 34759: starting
2019-10-03 14:57:47,142 [main] INFO  hdfs.DFSUtil (DFSUtil.java:httpServerTemplateForNNAndJN(1641)) - Starting Web-server for ozoneManager at: http://0.0.0.0:0
2019-10-03 14:57:47,143 [main] INFO  server.AuthenticationFilter (AuthenticationFilter.java:constructSecretProvider(240)) - Unable to initialize FileSignerSecretProvider, falling back to use random secrets.
2019-10-03 14:57:47,144 [main] WARN  http.HttpRequestLog (HttpRequestLog.java:getRequestLog(97)) - Jetty request log can only be enabled using Log4j
2019-10-03 14:57:47,146 [main] INFO  http.HttpServer2 (HttpServer2.java:addGlobalFilter(975)) - Added global filter 'safety' (class=org.apache.hadoop.http.HttpServer2$QuotingInputFilter)
2019-10-03 14:57:47,147 [main] INFO  http.HttpServer2 (HttpServer2.java:addFilter(948)) - Added filter static_user_filter (class=org.apache.hadoop.http.lib.StaticUserWebFilter$StaticUserFilter) to context ozoneManager
2019-10-03 14:57:47,147 [main] INFO  http.HttpServer2 (HttpServer2.java:addFilter(958)) - Added filter static_user_filter (class=org.apache.hadoop.http.lib.StaticUserWebFilter$StaticUserFilter) to context static
2019-10-03 14:57:47,147 [main] INFO  http.HttpServer2 (HttpServer2.java:addFilter(958)) - Added filter static_user_filter (class=org.apache.hadoop.http.lib.StaticUserWebFilter$StaticUserFilter) to context logs
2019-10-03 14:57:47,149 [main] INFO  http.HttpServer2 (HttpServer2.java:bindListener(1191)) - Jetty bound to port 43004
2019-10-03 14:57:47,150 [main] INFO  server.Server (Server.java:doStart(351)) - jetty-9.3.25.v20180904, build timestamp: 2018-09-04T21:11:46Z, git hash: 3ce520221d0240229c862b122d2b06c12a625732
2019-10-03 14:57:47,152 [main] INFO  handler.ContextHandler (ContextHandler.java:doStart(781)) - Started o.e.j.s.ServletContextHandler@4c27d39d{/logs,file:///workdir/hadoop-ozone/integration-test/target/log,AVAILABLE}
2019-10-03 14:57:47,153 [main] INFO  handler.ContextHandler (ContextHandler.java:doStart(781)) - Started o.e.j.s.ServletContextHandler@7bde1f3a{/static,file:///workdir/hadoop-ozone/integration-test/target/test-classes/webapps/static,AVAILABLE}
2019-10-03 14:57:47,160 [main] INFO  handler.ContextHandler (ContextHandler.java:doStart(781)) - Started o.e.j.w.WebAppContext@3e48e859{/,file:///workdir/hadoop-ozone/integration-test/target/test-classes/webapps/ozoneManager/,AVAILABLE}{/ozoneManager}
2019-10-03 14:57:47,161 [main] INFO  server.AbstractConnector (AbstractConnector.java:doStart(278)) - Started ServerConnector@31ddd4a4{HTTP/1.1,[http/1.1]}{0.0.0.0:43004}
2019-10-03 14:57:47,162 [main] INFO  server.Server (Server.java:doStart(419)) - Started @4573ms
2019-10-03 14:57:47,162 [main] WARN  impl.MetricsSystemImpl (MetricsSystemImpl.java:register(276)) - Sink prometheus already exists!
2019-10-03 14:57:47,163 [main] INFO  server.BaseHttpServer (BaseHttpServer.java:updateConnectorAddress(215)) - HTTP server of OZONEMANAGER is listening at http://0.0.0.0:43004
2019-10-03 14:57:47,512 [main] INFO  impl.MetricsSystemImpl (MetricsSystemImpl.java:init(158)) - HddsDatanode metrics system started (again)
2019-10-03 14:57:47,579 [main] INFO  ozone.HddsDatanodeService (HddsDatanodeService.java:start(184)) - HddsDatanodeService host:pr-hdds-2217-vb45t-2318454878 ip:192.168.151.96
2019-10-03 14:57:47,620 [main] INFO  volume.HddsVolume (HddsVolume.java:<init>(176)) - Creating Volume: /workdir/hadoop-ozone/integration-test/target/test-dir/MiniOzoneClusterImpl-af2b7d54-0113-4939-817a-ba600847c27b/datanode-0/data/containers/hdds of  storage type : DISK and capacity : 1482555576320
2019-10-03 14:57:47,622 [main] INFO  volume.VolumeSet (VolumeSet.java:initializeVolumeSet(170)) - Added Volume : /workdir/hadoop-ozone/integration-test/target/test-dir/MiniOzoneClusterImpl-af2b7d54-0113-4939-817a-ba600847c27b/datanode-0/data/containers/hdds to VolumeSet
2019-10-03 14:57:47,625 [main] INFO  volume.ThrottledAsyncChecker (ThrottledAsyncChecker.java:schedule(139)) - Scheduling a check for org.apache.hadoop.ozone.container.common.volume.HddsVolume@5136207f
2019-10-03 14:57:47,643 [main] INFO  volume.HddsVolumeChecker (HddsVolumeChecker.java:checkAllVolumes(202)) - Scheduled health check for volume org.apache.hadoop.ozone.container.common.volume.HddsVolume@5136207f
2019-10-03 14:57:47,769 [main] INFO  impl.RaftServerProxy (ConfUtils.java:logGet(43)) - raft.rpc.type = GRPC (default)
2019-10-03 14:57:47,840 [main] INFO  grpc.GrpcFactory (GrpcFactory.java:checkPooledByteBufAllocatorUseCacheForAllThreads(45)) - PERFORMANCE WARNING: useCacheForAllThreads is true that may cause Netty to create a lot garbage objects and, as a result, trigger GC.
	It is recommended to disable useCacheForAllThreads by setting -Dorg.apache.ratis.thirdparty.io.netty.allocator.useCacheForAllThreads=false in command line.
2019-10-03 14:57:47,846 [main] INFO  grpc.GrpcConfigKeys$Server (ConfUtils.java:logGet(43)) - raft.grpc.server.port = 0 (default)
2019-10-03 14:57:47,847 [main] INFO  server.GrpcService (ConfUtils.java:logGet(43)) - raft.grpc.message.size.max = 33570816 (custom)
2019-10-03 14:57:47,848 [main] INFO  server.RaftServerConfigKeys (ConfUtils.java:logGet(43)) - raft.server.log.appender.buffer.byte-limit = 33554432 (custom)
2019-10-03 14:57:47,849 [main] INFO  server.GrpcService (ConfUtils.java:logGet(43)) - raft.grpc.flow.control.window = 1MB (=1048576) (default)
2019-10-03 14:57:47,850 [main] INFO  server.RaftServerConfigKeys (ConfUtils.java:logGet(43)) - raft.server.rpc.request.timeout = 3000ms (default)
2019-10-03 14:57:48,013 [main] INFO  server.RaftServerConfigKeys (ConfUtils.java:logGet(43)) - raft.server.storage.dir = [/workdir/hadoop-ozone/integration-test/target/test-dir/MiniOzoneClusterImpl-af2b7d54-0113-4939-817a-ba600847c27b/datanode-0/data/ratis] (custom)
2019-10-03 14:57:48,067 [main] INFO  hdfs.DFSUtil (DFSUtil.java:httpServerTemplateForNNAndJN(1641)) - Starting Web-server for hddsDatanode at: http://0.0.0.0:0
2019-10-03 14:57:48,069 [main] INFO  server.AuthenticationFilter (AuthenticationFilter.java:constructSecretProvider(240)) - Unable to initialize FileSignerSecretProvider, falling back to use random secrets.
2019-10-03 14:57:48,070 [main] WARN  http.HttpRequestLog (HttpRequestLog.java:getRequestLog(97)) - Jetty request log can only be enabled using Log4j
2019-10-03 14:57:48,072 [main] INFO  http.HttpServer2 (HttpServer2.java:addGlobalFilter(975)) - Added global filter 'safety' (class=org.apache.hadoop.http.HttpServer2$QuotingInputFilter)
2019-10-03 14:57:48,073 [main] INFO  http.HttpServer2 (HttpServer2.java:addFilter(948)) - Added filter static_user_filter (class=org.apache.hadoop.http.lib.StaticUserWebFilter$StaticUserFilter) to context hddsDatanode
2019-10-03 14:57:48,073 [main] INFO  http.HttpServer2 (HttpServer2.java:addFilter(958)) - Added filter static_user_filter (class=org.apache.hadoop.http.lib.StaticUserWebFilter$StaticUserFilter) to context logs
2019-10-03 14:57:48,074 [main] INFO  http.HttpServer2 (HttpServer2.java:addFilter(958)) - Added filter static_user_filter (class=org.apache.hadoop.http.lib.StaticUserWebFilter$StaticUserFilter) to context static
2019-10-03 14:57:48,075 [main] INFO  http.HttpServer2 (HttpServer2.java:bindListener(1191)) - Jetty bound to port 44588
2019-10-03 14:57:48,075 [main] INFO  server.Server (Server.java:doStart(351)) - jetty-9.3.25.v20180904, build timestamp: 2018-09-04T21:11:46Z, git hash: 3ce520221d0240229c862b122d2b06c12a625732
2019-10-03 14:57:48,078 [main] INFO  handler.ContextHandler (ContextHandler.java:doStart(781)) - Started o.e.j.s.ServletContextHandler@26dc9bd5{/logs,file:///workdir/hadoop-ozone/integration-test/target/log,AVAILABLE}
2019-10-03 14:57:48,078 [main] INFO  handler.ContextHandler (ContextHandler.java:doStart(781)) - Started o.e.j.s.ServletContextHandler@43045f9f{/static,jar:file:/home/user/.m2/repository/org/apache/hadoop/hadoop-hdds-container-service/0.5.0-SNAPSHOT/hadoop-hdds-container-service-0.5.0-SNAPSHOT.jar!/webapps/static,AVAILABLE}
2019-10-03 14:57:48,116 [main] INFO  handler.ContextHandler (ContextHandler.java:doStart(781)) - Started o.e.j.w.WebAppContext@122d6c22{/,file:///tmp/jetty-0.0.0.0-44588-hddsDatanode-_-any-9054681905130479635.dir/webapp/,AVAILABLE}{/hddsDatanode}
2019-10-03 14:57:48,117 [main] INFO  server.AbstractConnector (AbstractConnector.java:doStart(278)) - Started ServerConnector@2f5ac102{HTTP/1.1,[http/1.1]}{0.0.0.0:44588}
2019-10-03 14:57:48,118 [main] INFO  server.Server (Server.java:doStart(419)) - Started @5530ms
2019-10-03 14:57:48,119 [main] WARN  impl.MetricsSystemImpl (MetricsSystemImpl.java:register(276)) - Sink prometheus already exists!
2019-10-03 14:57:48,119 [main] INFO  server.BaseHttpServer (BaseHttpServer.java:updateConnectorAddress(215)) - HTTP server of HDDSDATANODE is listening at http://0.0.0.0:44588
2019-10-03 14:57:48,120 [main] INFO  impl.MetricsSystemImpl (MetricsSystemImpl.java:init(158)) - HddsDatanode metrics system started (again)
2019-10-03 14:57:48,123 [main] INFO  ozone.HddsDatanodeService (HddsDatanodeService.java:start(184)) - HddsDatanodeService host:pr-hdds-2217-vb45t-2318454878 ip:192.168.151.96
2019-10-03 14:57:48,128 [org.apache.hadoop.util.JvmPauseMonitor$Monitor@446f3159] INFO  util.JvmPauseMonitor (JvmPauseMonitor.java:run(188)) - Starting JVM pause monitor
2019-10-03 14:57:48,132 [main] INFO  volume.HddsVolume (HddsVolume.java:<init>(176)) - Creating Volume: /workdir/hadoop-ozone/integration-test/target/test-dir/MiniOzoneClusterImpl-af2b7d54-0113-4939-817a-ba600847c27b/datanode-1/data/containers/hdds of  storage type : DISK and capacity : 1482555576320
2019-10-03 14:57:48,133 [main] INFO  volume.VolumeSet (VolumeSet.java:initializeVolumeSet(170)) - Added Volume : /workdir/hadoop-ozone/integration-test/target/test-dir/MiniOzoneClusterImpl-af2b7d54-0113-4939-817a-ba600847c27b/datanode-1/data/containers/hdds to VolumeSet
2019-10-03 14:57:48,134 [main] INFO  volume.ThrottledAsyncChecker (ThrottledAsyncChecker.java:schedule(139)) - Scheduling a check for org.apache.hadoop.ozone.container.common.volume.HddsVolume@7e74a380
2019-10-03 14:57:48,136 [main] INFO  volume.HddsVolumeChecker (HddsVolumeChecker.java:checkAllVolumes(202)) - Scheduled health check for volume org.apache.hadoop.ozone.container.common.volume.HddsVolume@7e74a380
2019-10-03 14:57:48,165 [main] INFO  impl.RaftServerProxy (ConfUtils.java:logGet(43)) - raft.rpc.type = GRPC (default)
2019-10-03 14:57:48,166 [main] INFO  grpc.GrpcFactory (GrpcFactory.java:checkPooledByteBufAllocatorUseCacheForAllThreads(45)) - PERFORMANCE WARNING: useCacheForAllThreads is true that may cause Netty to create a lot garbage objects and, as a result, trigger GC.
	It is recommended to disable useCacheForAllThreads by setting -Dorg.apache.ratis.thirdparty.io.netty.allocator.useCacheForAllThreads=false in command line.
2019-10-03 14:57:48,167 [main] INFO  grpc.GrpcConfigKeys$Server (ConfUtils.java:logGet(43)) - raft.grpc.server.port = 0 (default)
2019-10-03 14:57:48,167 [main] INFO  server.GrpcService (ConfUtils.java:logGet(43)) - raft.grpc.message.size.max = 33570816 (custom)
2019-10-03 14:57:48,168 [main] INFO  server.RaftServerConfigKeys (ConfUtils.java:logGet(43)) - raft.server.log.appender.buffer.byte-limit = 33554432 (custom)
2019-10-03 14:57:48,168 [main] INFO  server.GrpcService (ConfUtils.java:logGet(43)) - raft.grpc.flow.control.window = 1MB (=1048576) (default)
2019-10-03 14:57:48,169 [main] INFO  server.RaftServerConfigKeys (ConfUtils.java:logGet(43)) - raft.server.rpc.request.timeout = 3000ms (default)
2019-10-03 14:57:48,170 [main] INFO  server.RaftServerConfigKeys (ConfUtils.java:logGet(43)) - raft.server.storage.dir = [/workdir/hadoop-ozone/integration-test/target/test-dir/MiniOzoneClusterImpl-af2b7d54-0113-4939-817a-ba600847c27b/datanode-1/data/ratis] (custom)
2019-10-03 14:57:48,173 [main] INFO  hdfs.DFSUtil (DFSUtil.java:httpServerTemplateForNNAndJN(1641)) - Starting Web-server for hddsDatanode at: http://0.0.0.0:0
2019-10-03 14:57:48,175 [main] INFO  server.AuthenticationFilter (AuthenticationFilter.java:constructSecretProvider(240)) - Unable to initialize FileSignerSecretProvider, falling back to use random secrets.
2019-10-03 14:57:48,176 [main] WARN  http.HttpRequestLog (HttpRequestLog.java:getRequestLog(97)) - Jetty request log can only be enabled using Log4j
2019-10-03 14:57:48,178 [main] INFO  http.HttpServer2 (HttpServer2.java:addGlobalFilter(975)) - Added global filter 'safety' (class=org.apache.hadoop.http.HttpServer2$QuotingInputFilter)
2019-10-03 14:57:48,179 [main] INFO  http.HttpServer2 (HttpServer2.java:addFilter(948)) - Added filter static_user_filter (class=org.apache.hadoop.http.lib.StaticUserWebFilter$StaticUserFilter) to context hddsDatanode
2019-10-03 14:57:48,179 [main] INFO  http.HttpServer2 (HttpServer2.java:addFilter(958)) - Added filter static_user_filter (class=org.apache.hadoop.http.lib.StaticUserWebFilter$StaticUserFilter) to context logs
2019-10-03 14:57:48,180 [main] INFO  http.HttpServer2 (HttpServer2.java:addFilter(958)) - Added filter static_user_filter (class=org.apache.hadoop.http.lib.StaticUserWebFilter$StaticUserFilter) to context static
2019-10-03 14:57:48,181 [main] INFO  http.HttpServer2 (HttpServer2.java:bindListener(1191)) - Jetty bound to port 39742
2019-10-03 14:57:48,181 [main] INFO  server.Server (Server.java:doStart(351)) - jetty-9.3.25.v20180904, build timestamp: 2018-09-04T21:11:46Z, git hash: 3ce520221d0240229c862b122d2b06c12a625732
2019-10-03 14:57:48,186 [main] INFO  handler.ContextHandler (ContextHandler.java:doStart(781)) - Started o.e.j.s.ServletContextHandler@2f1d0bbc{/logs,file:///workdir/hadoop-ozone/integration-test/target/log,AVAILABLE}
2019-10-03 14:57:48,186 [main] INFO  handler.ContextHandler (ContextHandler.java:doStart(781)) - Started o.e.j.s.ServletContextHandler@a9f023e{/static,jar:file:/home/user/.m2/repository/org/apache/hadoop/hadoop-hdds-container-service/0.5.0-SNAPSHOT/hadoop-hdds-container-service-0.5.0-SNAPSHOT.jar!/webapps/static,AVAILABLE}
2019-10-03 14:57:48,221 [main] INFO  handler.ContextHandler (ContextHandler.java:doStart(781)) - Started o.e.j.w.WebAppContext@a92be4f{/,file:///tmp/jetty-0.0.0.0-39742-hddsDatanode-_-any-2633676694749079115.dir/webapp/,AVAILABLE}{/hddsDatanode}
2019-10-03 14:57:48,221 [main] INFO  server.AbstractConnector (AbstractConnector.java:doStart(278)) - Started ServerConnector@53e800f9{HTTP/1.1,[http/1.1]}{0.0.0.0:39742}
2019-10-03 14:57:48,222 [main] INFO  server.Server (Server.java:doStart(419)) - Started @5634ms
2019-10-03 14:57:48,223 [main] WARN  impl.MetricsSystemImpl (MetricsSystemImpl.java:register(276)) - Sink prometheus already exists!
2019-10-03 14:57:48,224 [main] INFO  server.BaseHttpServer (BaseHttpServer.java:updateConnectorAddress(215)) - HTTP server of HDDSDATANODE is listening at http://0.0.0.0:39742
2019-10-03 14:57:48,224 [main] INFO  impl.MetricsSystemImpl (MetricsSystemImpl.java:init(158)) - HddsDatanode metrics system started (again)
2019-10-03 14:57:48,227 [main] INFO  ozone.HddsDatanodeService (HddsDatanodeService.java:start(184)) - HddsDatanodeService host:pr-hdds-2217-vb45t-2318454878 ip:192.168.151.96
2019-10-03 14:57:48,228 [org.apache.hadoop.util.JvmPauseMonitor$Monitor@60174d99] INFO  util.JvmPauseMonitor (JvmPauseMonitor.java:run(188)) - Starting JVM pause monitor
2019-10-03 14:57:48,236 [main] INFO  volume.HddsVolume (HddsVolume.java:<init>(176)) - Creating Volume: /workdir/hadoop-ozone/integration-test/target/test-dir/MiniOzoneClusterImpl-af2b7d54-0113-4939-817a-ba600847c27b/datanode-2/data/containers/hdds of  storage type : DISK and capacity : 1482555576320
2019-10-03 14:57:48,237 [main] INFO  volume.VolumeSet (VolumeSet.java:initializeVolumeSet(170)) - Added Volume : /workdir/hadoop-ozone/integration-test/target/test-dir/MiniOzoneClusterImpl-af2b7d54-0113-4939-817a-ba600847c27b/datanode-2/data/containers/hdds to VolumeSet
2019-10-03 14:57:48,237 [main] INFO  volume.ThrottledAsyncChecker (ThrottledAsyncChecker.java:schedule(139)) - Scheduling a check for org.apache.hadoop.ozone.container.common.volume.HddsVolume@7cbeac65
2019-10-03 14:57:48,238 [main] INFO  volume.HddsVolumeChecker (HddsVolumeChecker.java:checkAllVolumes(202)) - Scheduled health check for volume org.apache.hadoop.ozone.container.common.volume.HddsVolume@7cbeac65
2019-10-03 14:57:48,250 [main] INFO  impl.RaftServerProxy (ConfUtils.java:logGet(43)) - raft.rpc.type = GRPC (default)
2019-10-03 14:57:48,250 [main] INFO  grpc.GrpcFactory (GrpcFactory.java:checkPooledByteBufAllocatorUseCacheForAllThreads(45)) - PERFORMANCE WARNING: useCacheForAllThreads is true that may cause Netty to create a lot garbage objects and, as a result, trigger GC.
	It is recommended to disable useCacheForAllThreads by setting -Dorg.apache.ratis.thirdparty.io.netty.allocator.useCacheForAllThreads=false in command line.
2019-10-03 14:57:48,251 [main] INFO  grpc.GrpcConfigKeys$Server (ConfUtils.java:logGet(43)) - raft.grpc.server.port = 0 (default)
2019-10-03 14:57:48,251 [main] INFO  server.GrpcService (ConfUtils.java:logGet(43)) - raft.grpc.message.size.max = 33570816 (custom)
2019-10-03 14:57:48,251 [main] INFO  server.RaftServerConfigKeys (ConfUtils.java:logGet(43)) - raft.server.log.appender.buffer.byte-limit = 33554432 (custom)
2019-10-03 14:57:48,251 [main] INFO  server.GrpcService (ConfUtils.java:logGet(43)) - raft.grpc.flow.control.window = 1MB (=1048576) (default)
2019-10-03 14:57:48,252 [main] INFO  server.RaftServerConfigKeys (ConfUtils.java:logGet(43)) - raft.server.rpc.request.timeout = 3000ms (default)
2019-10-03 14:57:48,252 [main] INFO  server.RaftServerConfigKeys (ConfUtils.java:logGet(43)) - raft.server.storage.dir = [/workdir/hadoop-ozone/integration-test/target/test-dir/MiniOzoneClusterImpl-af2b7d54-0113-4939-817a-ba600847c27b/datanode-2/data/ratis] (custom)
2019-10-03 14:57:48,254 [main] INFO  hdfs.DFSUtil (DFSUtil.java:httpServerTemplateForNNAndJN(1641)) - Starting Web-server for hddsDatanode at: http://0.0.0.0:0
2019-10-03 14:57:48,255 [main] INFO  server.AuthenticationFilter (AuthenticationFilter.java:constructSecretProvider(240)) - Unable to initialize FileSignerSecretProvider, falling back to use random secrets.
2019-10-03 14:57:48,256 [main] WARN  http.HttpRequestLog (HttpRequestLog.java:getRequestLog(97)) - Jetty request log can only be enabled using Log4j
2019-10-03 14:57:48,259 [main] INFO  http.HttpServer2 (HttpServer2.java:addGlobalFilter(975)) - Added global filter 'safety' (class=org.apache.hadoop.http.HttpServer2$QuotingInputFilter)
2019-10-03 14:57:48,259 [main] INFO  http.HttpServer2 (HttpServer2.java:addFilter(948)) - Added filter static_user_filter (class=org.apache.hadoop.http.lib.StaticUserWebFilter$StaticUserFilter) to context hddsDatanode
2019-10-03 14:57:48,260 [main] INFO  http.HttpServer2 (HttpServer2.java:addFilter(958)) - Added filter static_user_filter (class=org.apache.hadoop.http.lib.StaticUserWebFilter$StaticUserFilter) to context static
2019-10-03 14:57:48,260 [main] INFO  http.HttpServer2 (HttpServer2.java:addFilter(958)) - Added filter static_user_filter (class=org.apache.hadoop.http.lib.StaticUserWebFilter$StaticUserFilter) to context logs
2019-10-03 14:57:48,260 [main] INFO  http.HttpServer2 (HttpServer2.java:bindListener(1191)) - Jetty bound to port 43191
2019-10-03 14:57:48,261 [main] INFO  server.Server (Server.java:doStart(351)) - jetty-9.3.25.v20180904, build timestamp: 2018-09-04T21:11:46Z, git hash: 3ce520221d0240229c862b122d2b06c12a625732
2019-10-03 14:57:48,263 [Datanode State Machine Thread - 0] INFO  datanode.InitDatanodeState (InitDatanodeState.java:persistContainerDatanodeDetails(140)) - DatanodeDetails is persisted to /workdir/hadoop-ozone/integration-test/target/test-dir/MiniOzoneClusterImpl-af2b7d54-0113-4939-817a-ba600847c27b/datanode-0/meta/datanode.id
2019-10-03 14:57:48,263 [main] INFO  handler.ContextHandler (ContextHandler.java:doStart(781)) - Started o.e.j.s.ServletContextHandler@36681447{/logs,file:///workdir/hadoop-ozone/integration-test/target/log,AVAILABLE}
2019-10-03 14:57:48,264 [main] INFO  handler.ContextHandler (ContextHandler.java:doStart(781)) - Started o.e.j.s.ServletContextHandler@726aa968{/static,jar:file:/home/user/.m2/repository/org/apache/hadoop/hadoop-hdds-container-service/0.5.0-SNAPSHOT/hadoop-hdds-container-service-0.5.0-SNAPSHOT.jar!/webapps/static,AVAILABLE}
2019-10-03 14:57:48,268 [Datanode State Machine Thread - 0] INFO  datanode.InitDatanodeState (InitDatanodeState.java:persistContainerDatanodeDetails(140)) - DatanodeDetails is persisted to /workdir/hadoop-ozone/integration-test/target/test-dir/MiniOzoneClusterImpl-af2b7d54-0113-4939-817a-ba600847c27b/datanode-1/meta/datanode.id
2019-10-03 14:57:48,297 [main] INFO  handler.ContextHandler (ContextHandler.java:doStart(781)) - Started o.e.j.w.WebAppContext@7e642b88{/,file:///tmp/jetty-0.0.0.0-43191-hddsDatanode-_-any-5561803754888253691.dir/webapp/,AVAILABLE}{/hddsDatanode}
2019-10-03 14:57:48,298 [main] INFO  server.AbstractConnector (AbstractConnector.java:doStart(278)) - Started ServerConnector@6b350309{HTTP/1.1,[http/1.1]}{0.0.0.0:43191}
2019-10-03 14:57:48,299 [main] INFO  server.Server (Server.java:doStart(419)) - Started @5710ms
2019-10-03 14:57:48,300 [main] WARN  impl.MetricsSystemImpl (MetricsSystemImpl.java:register(276)) - Sink prometheus already exists!
2019-10-03 14:57:48,301 [main] INFO  server.BaseHttpServer (BaseHttpServer.java:updateConnectorAddress(215)) - HTTP server of HDDSDATANODE is listening at http://0.0.0.0:43191
2019-10-03 14:57:48,302 [main] INFO  impl.MetricsSystemImpl (MetricsSystemImpl.java:init(158)) - HddsDatanode metrics system started (again)
2019-10-03 14:57:48,305 [org.apache.hadoop.util.JvmPauseMonitor$Monitor@6c48d957] INFO  util.JvmPauseMonitor (JvmPauseMonitor.java:run(188)) - Starting JVM pause monitor
2019-10-03 14:57:48,305 [main] INFO  ozone.HddsDatanodeService (HddsDatanodeService.java:start(184)) - HddsDatanodeService host:pr-hdds-2217-vb45t-2318454878 ip:192.168.151.96
2019-10-03 14:57:48,308 [Datanode State Machine Thread - 0] INFO  datanode.InitDatanodeState (InitDatanodeState.java:persistContainerDatanodeDetails(140)) - DatanodeDetails is persisted to /workdir/hadoop-ozone/integration-test/target/test-dir/MiniOzoneClusterImpl-af2b7d54-0113-4939-817a-ba600847c27b/datanode-2/meta/datanode.id
2019-10-03 14:57:48,312 [main] INFO  volume.HddsVolume (HddsVolume.java:<init>(176)) - Creating Volume: /workdir/hadoop-ozone/integration-test/target/test-dir/MiniOzoneClusterImpl-af2b7d54-0113-4939-817a-ba600847c27b/datanode-3/data/containers/hdds of  storage type : DISK and capacity : 1482555576320
2019-10-03 14:57:48,314 [main] INFO  volume.VolumeSet (VolumeSet.java:initializeVolumeSet(170)) - Added Volume : /workdir/hadoop-ozone/integration-test/target/test-dir/MiniOzoneClusterImpl-af2b7d54-0113-4939-817a-ba600847c27b/datanode-3/data/containers/hdds to VolumeSet
2019-10-03 14:57:48,314 [main] INFO  volume.ThrottledAsyncChecker (ThrottledAsyncChecker.java:schedule(139)) - Scheduling a check for org.apache.hadoop.ozone.container.common.volume.HddsVolume@5484117b
2019-10-03 14:57:48,314 [main] INFO  volume.HddsVolumeChecker (HddsVolumeChecker.java:checkAllVolumes(202)) - Scheduled health check for volume org.apache.hadoop.ozone.container.common.volume.HddsVolume@5484117b
2019-10-03 14:57:48,329 [main] INFO  impl.RaftServerProxy (ConfUtils.java:logGet(43)) - raft.rpc.type = GRPC (default)
2019-10-03 14:57:48,329 [main] INFO  grpc.GrpcFactory (GrpcFactory.java:checkPooledByteBufAllocatorUseCacheForAllThreads(45)) - PERFORMANCE WARNING: useCacheForAllThreads is true that may cause Netty to create a lot garbage objects and, as a result, trigger GC.
	It is recommended to disable useCacheForAllThreads by setting -Dorg.apache.ratis.thirdparty.io.netty.allocator.useCacheForAllThreads=false in command line.
2019-10-03 14:57:48,329 [main] INFO  grpc.GrpcConfigKeys$Server (ConfUtils.java:logGet(43)) - raft.grpc.server.port = 0 (default)
2019-10-03 14:57:48,329 [main] INFO  server.GrpcService (ConfUtils.java:logGet(43)) - raft.grpc.message.size.max = 33570816 (custom)
2019-10-03 14:57:48,330 [main] INFO  server.RaftServerConfigKeys (ConfUtils.java:logGet(43)) - raft.server.log.appender.buffer.byte-limit = 33554432 (custom)
2019-10-03 14:57:48,330 [main] INFO  server.GrpcService (ConfUtils.java:logGet(43)) - raft.grpc.flow.control.window = 1MB (=1048576) (default)
2019-10-03 14:57:48,330 [main] INFO  server.RaftServerConfigKeys (ConfUtils.java:logGet(43)) - raft.server.rpc.request.timeout = 3000ms (default)
2019-10-03 14:57:48,331 [main] INFO  server.RaftServerConfigKeys (ConfUtils.java:logGet(43)) - raft.server.storage.dir = [/workdir/hadoop-ozone/integration-test/target/test-dir/MiniOzoneClusterImpl-af2b7d54-0113-4939-817a-ba600847c27b/datanode-3/data/ratis] (custom)
2019-10-03 14:57:48,332 [main] INFO  hdfs.DFSUtil (DFSUtil.java:httpServerTemplateForNNAndJN(1641)) - Starting Web-server for hddsDatanode at: http://0.0.0.0:0
2019-10-03 14:57:48,333 [main] INFO  server.AuthenticationFilter (AuthenticationFilter.java:constructSecretProvider(240)) - Unable to initialize FileSignerSecretProvider, falling back to use random secrets.
2019-10-03 14:57:48,334 [main] WARN  http.HttpRequestLog (HttpRequestLog.java:getRequestLog(97)) - Jetty request log can only be enabled using Log4j
2019-10-03 14:57:48,335 [main] INFO  http.HttpServer2 (HttpServer2.java:addGlobalFilter(975)) - Added global filter 'safety' (class=org.apache.hadoop.http.HttpServer2$QuotingInputFilter)
2019-10-03 14:57:48,336 [main] INFO  http.HttpServer2 (HttpServer2.java:addFilter(948)) - Added filter static_user_filter (class=org.apache.hadoop.http.lib.StaticUserWebFilter$StaticUserFilter) to context hddsDatanode
2019-10-03 14:57:48,336 [main] INFO  http.HttpServer2 (HttpServer2.java:addFilter(958)) - Added filter static_user_filter (class=org.apache.hadoop.http.lib.StaticUserWebFilter$StaticUserFilter) to context logs
2019-10-03 14:57:48,337 [main] INFO  http.HttpServer2 (HttpServer2.java:addFilter(958)) - Added filter static_user_filter (class=org.apache.hadoop.http.lib.StaticUserWebFilter$StaticUserFilter) to context static
2019-10-03 14:57:48,337 [main] INFO  http.HttpServer2 (HttpServer2.java:bindListener(1191)) - Jetty bound to port 35493
2019-10-03 14:57:48,337 [main] INFO  server.Server (Server.java:doStart(351)) - jetty-9.3.25.v20180904, build timestamp: 2018-09-04T21:11:46Z, git hash: 3ce520221d0240229c862b122d2b06c12a625732
2019-10-03 14:57:48,343 [main] INFO  handler.ContextHandler (ContextHandler.java:doStart(781)) - Started o.e.j.s.ServletContextHandler@43af351a{/logs,file:///workdir/hadoop-ozone/integration-test/target/log,AVAILABLE}
2019-10-03 14:57:48,344 [main] INFO  handler.ContextHandler (ContextHandler.java:doStart(781)) - Started o.e.j.s.ServletContextHandler@72f9f27c{/static,jar:file:/home/user/.m2/repository/org/apache/hadoop/hadoop-hdds-container-service/0.5.0-SNAPSHOT/hadoop-hdds-container-service-0.5.0-SNAPSHOT.jar!/webapps/static,AVAILABLE}
2019-10-03 14:57:48,374 [main] INFO  handler.ContextHandler (ContextHandler.java:doStart(781)) - Started o.e.j.w.WebAppContext@317a118b{/,file:///tmp/jetty-0.0.0.0-35493-hddsDatanode-_-any-9086699398328709527.dir/webapp/,AVAILABLE}{/hddsDatanode}
2019-10-03 14:57:48,375 [main] INFO  server.AbstractConnector (AbstractConnector.java:doStart(278)) - Started ServerConnector@56dfab87{HTTP/1.1,[http/1.1]}{0.0.0.0:35493}
2019-10-03 14:57:48,376 [main] INFO  server.Server (Server.java:doStart(419)) - Started @5787ms
2019-10-03 14:57:48,377 [main] WARN  impl.MetricsSystemImpl (MetricsSystemImpl.java:register(276)) - Sink prometheus already exists!
2019-10-03 14:57:48,378 [main] INFO  server.BaseHttpServer (BaseHttpServer.java:updateConnectorAddress(215)) - HTTP server of HDDSDATANODE is listening at http://0.0.0.0:35493
2019-10-03 14:57:48,378 [main] INFO  impl.MetricsSystemImpl (MetricsSystemImpl.java:init(158)) - HddsDatanode metrics system started (again)
2019-10-03 14:57:48,382 [main] INFO  ozone.HddsDatanodeService (HddsDatanodeService.java:start(184)) - HddsDatanodeService host:pr-hdds-2217-vb45t-2318454878 ip:192.168.151.96
2019-10-03 14:57:48,382 [org.apache.hadoop.util.JvmPauseMonitor$Monitor@7900971a] INFO  util.JvmPauseMonitor (JvmPauseMonitor.java:run(188)) - Starting JVM pause monitor
2019-10-03 14:57:48,385 [Datanode State Machine Thread - 0] INFO  datanode.InitDatanodeState (InitDatanodeState.java:persistContainerDatanodeDetails(140)) - DatanodeDetails is persisted to /workdir/hadoop-ozone/integration-test/target/test-dir/MiniOzoneClusterImpl-af2b7d54-0113-4939-817a-ba600847c27b/datanode-3/meta/datanode.id
2019-10-03 14:57:48,390 [main] INFO  volume.HddsVolume (HddsVolume.java:<init>(176)) - Creating Volume: /workdir/hadoop-ozone/integration-test/target/test-dir/MiniOzoneClusterImpl-af2b7d54-0113-4939-817a-ba600847c27b/datanode-4/data/containers/hdds of  storage type : DISK and capacity : 1482555576320
2019-10-03 14:57:48,396 [main] INFO  volume.VolumeSet (VolumeSet.java:initializeVolumeSet(170)) - Added Volume : /workdir/hadoop-ozone/integration-test/target/test-dir/MiniOzoneClusterImpl-af2b7d54-0113-4939-817a-ba600847c27b/datanode-4/data/containers/hdds to VolumeSet
2019-10-03 14:57:48,396 [main] INFO  volume.ThrottledAsyncChecker (ThrottledAsyncChecker.java:schedule(139)) - Scheduling a check for org.apache.hadoop.ozone.container.common.volume.HddsVolume@d5d5353
2019-10-03 14:57:48,397 [main] INFO  volume.HddsVolumeChecker (HddsVolumeChecker.java:checkAllVolumes(202)) - Scheduled health check for volume org.apache.hadoop.ozone.container.common.volume.HddsVolume@d5d5353
2019-10-03 14:57:48,410 [main] INFO  impl.RaftServerProxy (ConfUtils.java:logGet(43)) - raft.rpc.type = GRPC (default)
2019-10-03 14:57:48,410 [main] INFO  grpc.GrpcFactory (GrpcFactory.java:checkPooledByteBufAllocatorUseCacheForAllThreads(45)) - PERFORMANCE WARNING: useCacheForAllThreads is true that may cause Netty to create a lot garbage objects and, as a result, trigger GC.
	It is recommended to disable useCacheForAllThreads by setting -Dorg.apache.ratis.thirdparty.io.netty.allocator.useCacheForAllThreads=false in command line.
2019-10-03 14:57:48,410 [main] INFO  grpc.GrpcConfigKeys$Server (ConfUtils.java:logGet(43)) - raft.grpc.server.port = 0 (default)
2019-10-03 14:57:48,411 [main] INFO  server.GrpcService (ConfUtils.java:logGet(43)) - raft.grpc.message.size.max = 33570816 (custom)
2019-10-03 14:57:48,411 [main] INFO  server.RaftServerConfigKeys (ConfUtils.java:logGet(43)) - raft.server.log.appender.buffer.byte-limit = 33554432 (custom)
2019-10-03 14:57:48,411 [main] INFO  server.GrpcService (ConfUtils.java:logGet(43)) - raft.grpc.flow.control.window = 1MB (=1048576) (default)
2019-10-03 14:57:48,411 [main] INFO  server.RaftServerConfigKeys (ConfUtils.java:logGet(43)) - raft.server.rpc.request.timeout = 3000ms (default)
2019-10-03 14:57:48,412 [main] INFO  server.RaftServerConfigKeys (ConfUtils.java:logGet(43)) - raft.server.storage.dir = [/workdir/hadoop-ozone/integration-test/target/test-dir/MiniOzoneClusterImpl-af2b7d54-0113-4939-817a-ba600847c27b/datanode-4/data/ratis] (custom)
2019-10-03 14:57:48,413 [main] INFO  hdfs.DFSUtil (DFSUtil.java:httpServerTemplateForNNAndJN(1641)) - Starting Web-server for hddsDatanode at: http://0.0.0.0:0
2019-10-03 14:57:48,415 [main] INFO  server.AuthenticationFilter (AuthenticationFilter.java:constructSecretProvider(240)) - Unable to initialize FileSignerSecretProvider, falling back to use random secrets.
2019-10-03 14:57:48,415 [main] WARN  http.HttpRequestLog (HttpRequestLog.java:getRequestLog(97)) - Jetty request log can only be enabled using Log4j
2019-10-03 14:57:48,417 [main] INFO  http.HttpServer2 (HttpServer2.java:addGlobalFilter(975)) - Added global filter 'safety' (class=org.apache.hadoop.http.HttpServer2$QuotingInputFilter)
2019-10-03 14:57:48,417 [main] INFO  http.HttpServer2 (HttpServer2.java:addFilter(948)) - Added filter static_user_filter (class=org.apache.hadoop.http.lib.StaticUserWebFilter$StaticUserFilter) to context hddsDatanode
2019-10-03 14:57:48,417 [main] INFO  http.HttpServer2 (HttpServer2.java:addFilter(958)) - Added filter static_user_filter (class=org.apache.hadoop.http.lib.StaticUserWebFilter$StaticUserFilter) to context logs
2019-10-03 14:57:48,418 [main] INFO  http.HttpServer2 (HttpServer2.java:addFilter(958)) - Added filter static_user_filter (class=org.apache.hadoop.http.lib.StaticUserWebFilter$StaticUserFilter) to context static
2019-10-03 14:57:48,418 [main] INFO  http.HttpServer2 (HttpServer2.java:bindListener(1191)) - Jetty bound to port 34370
2019-10-03 14:57:48,419 [main] INFO  server.Server (Server.java:doStart(351)) - jetty-9.3.25.v20180904, build timestamp: 2018-09-04T21:11:46Z, git hash: 3ce520221d0240229c862b122d2b06c12a625732
2019-10-03 14:57:48,421 [main] INFO  handler.ContextHandler (ContextHandler.java:doStart(781)) - Started o.e.j.s.ServletContextHandler@50fb33a{/logs,file:///workdir/hadoop-ozone/integration-test/target/log,AVAILABLE}
2019-10-03 14:57:48,421 [main] INFO  handler.ContextHandler (ContextHandler.java:doStart(781)) - Started o.e.j.s.ServletContextHandler@1457fde{/static,jar:file:/home/user/.m2/repository/org/apache/hadoop/hadoop-hdds-container-service/0.5.0-SNAPSHOT/hadoop-hdds-container-service-0.5.0-SNAPSHOT.jar!/webapps/static,AVAILABLE}
2019-10-03 14:57:48,451 [main] INFO  handler.ContextHandler (ContextHandler.java:doStart(781)) - Started o.e.j.w.WebAppContext@7b306b9f{/,file:///tmp/jetty-0.0.0.0-34370-hddsDatanode-_-any-7216151396707533462.dir/webapp/,AVAILABLE}{/hddsDatanode}
2019-10-03 14:57:48,453 [main] INFO  server.AbstractConnector (AbstractConnector.java:doStart(278)) - Started ServerConnector@142213d5{HTTP/1.1,[http/1.1]}{0.0.0.0:34370}
2019-10-03 14:57:48,453 [main] INFO  server.Server (Server.java:doStart(419)) - Started @5865ms
2019-10-03 14:57:48,453 [main] WARN  impl.MetricsSystemImpl (MetricsSystemImpl.java:register(276)) - Sink prometheus already exists!
2019-10-03 14:57:48,454 [main] INFO  server.BaseHttpServer (BaseHttpServer.java:updateConnectorAddress(215)) - HTTP server of HDDSDATANODE is listening at http://0.0.0.0:34370
2019-10-03 14:57:48,454 [main] INFO  impl.MetricsSystemImpl (MetricsSystemImpl.java:init(158)) - HddsDatanode metrics system started (again)
2019-10-03 14:57:48,458 [main] INFO  ozone.HddsDatanodeService (HddsDatanodeService.java:start(184)) - HddsDatanodeService host:pr-hdds-2217-vb45t-2318454878 ip:192.168.151.96
2019-10-03 14:57:48,459 [org.apache.hadoop.util.JvmPauseMonitor$Monitor@24030fb1] INFO  util.JvmPauseMonitor (JvmPauseMonitor.java:run(188)) - Starting JVM pause monitor
2019-10-03 14:57:48,462 [Datanode State Machine Thread - 0] INFO  datanode.InitDatanodeState (InitDatanodeState.java:persistContainerDatanodeDetails(140)) - DatanodeDetails is persisted to /workdir/hadoop-ozone/integration-test/target/test-dir/MiniOzoneClusterImpl-af2b7d54-0113-4939-817a-ba600847c27b/datanode-4/meta/datanode.id
2019-10-03 14:57:48,466 [main] INFO  volume.HddsVolume (HddsVolume.java:<init>(176)) - Creating Volume: /workdir/hadoop-ozone/integration-test/target/test-dir/MiniOzoneClusterImpl-af2b7d54-0113-4939-817a-ba600847c27b/datanode-5/data/containers/hdds of  storage type : DISK and capacity : 1482555576320
2019-10-03 14:57:48,466 [main] INFO  volume.VolumeSet (VolumeSet.java:initializeVolumeSet(170)) - Added Volume : /workdir/hadoop-ozone/integration-test/target/test-dir/MiniOzoneClusterImpl-af2b7d54-0113-4939-817a-ba600847c27b/datanode-5/data/containers/hdds to VolumeSet
2019-10-03 14:57:48,466 [main] INFO  volume.ThrottledAsyncChecker (ThrottledAsyncChecker.java:schedule(139)) - Scheduling a check for org.apache.hadoop.ozone.container.common.volume.HddsVolume@6e4f263e
2019-10-03 14:57:48,467 [main] INFO  volume.HddsVolumeChecker (HddsVolumeChecker.java:checkAllVolumes(202)) - Scheduled health check for volume org.apache.hadoop.ozone.container.common.volume.HddsVolume@6e4f263e
2019-10-03 14:57:48,483 [main] INFO  impl.RaftServerProxy (ConfUtils.java:logGet(43)) - raft.rpc.type = GRPC (default)
2019-10-03 14:57:48,484 [main] INFO  grpc.GrpcFactory (GrpcFactory.java:checkPooledByteBufAllocatorUseCacheForAllThreads(45)) - PERFORMANCE WARNING: useCacheForAllThreads is true that may cause Netty to create a lot garbage objects and, as a result, trigger GC.
	It is recommended to disable useCacheForAllThreads by setting -Dorg.apache.ratis.thirdparty.io.netty.allocator.useCacheForAllThreads=false in command line.
2019-10-03 14:57:48,484 [main] INFO  grpc.GrpcConfigKeys$Server (ConfUtils.java:logGet(43)) - raft.grpc.server.port = 0 (default)
2019-10-03 14:57:48,484 [main] INFO  server.GrpcService (ConfUtils.java:logGet(43)) - raft.grpc.message.size.max = 33570816 (custom)
2019-10-03 14:57:48,484 [main] INFO  server.RaftServerConfigKeys (ConfUtils.java:logGet(43)) - raft.server.log.appender.buffer.byte-limit = 33554432 (custom)
2019-10-03 14:57:48,484 [main] INFO  server.GrpcService (ConfUtils.java:logGet(43)) - raft.grpc.flow.control.window = 1MB (=1048576) (default)
2019-10-03 14:57:48,485 [main] INFO  server.RaftServerConfigKeys (ConfUtils.java:logGet(43)) - raft.server.rpc.request.timeout = 3000ms (default)
2019-10-03 14:57:48,485 [main] INFO  server.RaftServerConfigKeys (ConfUtils.java:logGet(43)) - raft.server.storage.dir = [/workdir/hadoop-ozone/integration-test/target/test-dir/MiniOzoneClusterImpl-af2b7d54-0113-4939-817a-ba600847c27b/datanode-5/data/ratis] (custom)
2019-10-03 14:57:48,487 [main] INFO  hdfs.DFSUtil (DFSUtil.java:httpServerTemplateForNNAndJN(1641)) - Starting Web-server for hddsDatanode at: http://0.0.0.0:0
2019-10-03 14:57:48,488 [main] INFO  server.AuthenticationFilter (AuthenticationFilter.java:constructSecretProvider(240)) - Unable to initialize FileSignerSecretProvider, falling back to use random secrets.
2019-10-03 14:57:48,489 [main] WARN  http.HttpRequestLog (HttpRequestLog.java:getRequestLog(97)) - Jetty request log can only be enabled using Log4j
2019-10-03 14:57:48,490 [main] INFO  http.HttpServer2 (HttpServer2.java:addGlobalFilter(975)) - Added global filter 'safety' (class=org.apache.hadoop.http.HttpServer2$QuotingInputFilter)
2019-10-03 14:57:48,491 [main] INFO  http.HttpServer2 (HttpServer2.java:addFilter(948)) - Added filter static_user_filter (class=org.apache.hadoop.http.lib.StaticUserWebFilter$StaticUserFilter) to context hddsDatanode
2019-10-03 14:57:48,491 [main] INFO  http.HttpServer2 (HttpServer2.java:addFilter(958)) - Added filter static_user_filter (class=org.apache.hadoop.http.lib.StaticUserWebFilter$StaticUserFilter) to context logs
2019-10-03 14:57:48,491 [main] INFO  http.HttpServer2 (HttpServer2.java:addFilter(958)) - Added filter static_user_filter (class=org.apache.hadoop.http.lib.StaticUserWebFilter$StaticUserFilter) to context static
2019-10-03 14:57:48,492 [main] INFO  http.HttpServer2 (HttpServer2.java:bindListener(1191)) - Jetty bound to port 41530
2019-10-03 14:57:48,492 [main] INFO  server.Server (Server.java:doStart(351)) - jetty-9.3.25.v20180904, build timestamp: 2018-09-04T21:11:46Z, git hash: 3ce520221d0240229c862b122d2b06c12a625732
2019-10-03 14:57:48,494 [main] INFO  handler.ContextHandler (ContextHandler.java:doStart(781)) - Started o.e.j.s.ServletContextHandler@7e53339{/logs,file:///workdir/hadoop-ozone/integration-test/target/log,AVAILABLE}
2019-10-03 14:57:48,495 [main] INFO  handler.ContextHandler (ContextHandler.java:doStart(781)) - Started o.e.j.s.ServletContextHandler@31ddb930{/static,jar:file:/home/user/.m2/repository/org/apache/hadoop/hadoop-hdds-container-service/0.5.0-SNAPSHOT/hadoop-hdds-container-service-0.5.0-SNAPSHOT.jar!/webapps/static,AVAILABLE}
2019-10-03 14:57:48,540 [main] INFO  handler.ContextHandler (ContextHandler.java:doStart(781)) - Started o.e.j.w.WebAppContext@2bc378f7{/,file:///tmp/jetty-0.0.0.0-41530-hddsDatanode-_-any-9186416270325852976.dir/webapp/,AVAILABLE}{/hddsDatanode}
2019-10-03 14:57:48,542 [main] INFO  server.AbstractConnector (AbstractConnector.java:doStart(278)) - Started ServerConnector@268cbb86{HTTP/1.1,[http/1.1]}{0.0.0.0:41530}
2019-10-03 14:57:48,542 [main] INFO  server.Server (Server.java:doStart(419)) - Started @5954ms
2019-10-03 14:57:48,542 [main] WARN  impl.MetricsSystemImpl (MetricsSystemImpl.java:register(276)) - Sink prometheus already exists!
2019-10-03 14:57:48,543 [main] INFO  server.BaseHttpServer (BaseHttpServer.java:updateConnectorAddress(215)) - HTTP server of HDDSDATANODE is listening at http://0.0.0.0:41530
2019-10-03 14:57:48,544 [main] INFO  impl.MetricsSystemImpl (MetricsSystemImpl.java:init(158)) - HddsDatanode metrics system started (again)
2019-10-03 14:57:48,548 [org.apache.hadoop.util.JvmPauseMonitor$Monitor@97b94bf] INFO  util.JvmPauseMonitor (JvmPauseMonitor.java:run(188)) - Starting JVM pause monitor
2019-10-03 14:57:48,549 [main] INFO  ozone.HddsDatanodeService (HddsDatanodeService.java:start(184)) - HddsDatanodeService host:pr-hdds-2217-vb45t-2318454878 ip:192.168.151.96
2019-10-03 14:57:48,551 [Datanode State Machine Thread - 0] INFO  datanode.InitDatanodeState (InitDatanodeState.java:persistContainerDatanodeDetails(140)) - DatanodeDetails is persisted to /workdir/hadoop-ozone/integration-test/target/test-dir/MiniOzoneClusterImpl-af2b7d54-0113-4939-817a-ba600847c27b/datanode-5/meta/datanode.id
2019-10-03 14:57:48,558 [main] INFO  volume.HddsVolume (HddsVolume.java:<init>(176)) - Creating Volume: /workdir/hadoop-ozone/integration-test/target/test-dir/MiniOzoneClusterImpl-af2b7d54-0113-4939-817a-ba600847c27b/datanode-6/data/containers/hdds of  storage type : DISK and capacity : 1482555576320
2019-10-03 14:57:48,559 [main] INFO  volume.VolumeSet (VolumeSet.java:initializeVolumeSet(170)) - Added Volume : /workdir/hadoop-ozone/integration-test/target/test-dir/MiniOzoneClusterImpl-af2b7d54-0113-4939-817a-ba600847c27b/datanode-6/data/containers/hdds to VolumeSet
2019-10-03 14:57:48,559 [main] INFO  volume.ThrottledAsyncChecker (ThrottledAsyncChecker.java:schedule(139)) - Scheduling a check for org.apache.hadoop.ozone.container.common.volume.HddsVolume@1a1f5f71
2019-10-03 14:57:48,560 [main] INFO  volume.HddsVolumeChecker (HddsVolumeChecker.java:checkAllVolumes(202)) - Scheduled health check for volume org.apache.hadoop.ozone.container.common.volume.HddsVolume@1a1f5f71
2019-10-03 14:57:48,581 [main] INFO  impl.RaftServerProxy (ConfUtils.java:logGet(43)) - raft.rpc.type = GRPC (default)
2019-10-03 14:57:48,582 [main] INFO  grpc.GrpcFactory (GrpcFactory.java:checkPooledByteBufAllocatorUseCacheForAllThreads(45)) - PERFORMANCE WARNING: useCacheForAllThreads is true that may cause Netty to create a lot garbage objects and, as a result, trigger GC.
	It is recommended to disable useCacheForAllThreads by setting -Dorg.apache.ratis.thirdparty.io.netty.allocator.useCacheForAllThreads=false in command line.
2019-10-03 14:57:48,582 [main] INFO  grpc.GrpcConfigKeys$Server (ConfUtils.java:logGet(43)) - raft.grpc.server.port = 0 (default)
2019-10-03 14:57:48,582 [main] INFO  server.GrpcService (ConfUtils.java:logGet(43)) - raft.grpc.message.size.max = 33570816 (custom)
2019-10-03 14:57:48,583 [main] INFO  server.RaftServerConfigKeys (ConfUtils.java:logGet(43)) - raft.server.log.appender.buffer.byte-limit = 33554432 (custom)
2019-10-03 14:57:48,583 [main] INFO  server.GrpcService (ConfUtils.java:logGet(43)) - raft.grpc.flow.control.window = 1MB (=1048576) (default)
2019-10-03 14:57:48,583 [main] INFO  server.RaftServerConfigKeys (ConfUtils.java:logGet(43)) - raft.server.rpc.request.timeout = 3000ms (default)
2019-10-03 14:57:48,584 [main] INFO  server.RaftServerConfigKeys (ConfUtils.java:logGet(43)) - raft.server.storage.dir = [/workdir/hadoop-ozone/integration-test/target/test-dir/MiniOzoneClusterImpl-af2b7d54-0113-4939-817a-ba600847c27b/datanode-6/data/ratis] (custom)
2019-10-03 14:57:48,586 [main] INFO  hdfs.DFSUtil (DFSUtil.java:httpServerTemplateForNNAndJN(1641)) - Starting Web-server for hddsDatanode at: http://0.0.0.0:0
2019-10-03 14:57:48,588 [main] INFO  server.AuthenticationFilter (AuthenticationFilter.java:constructSecretProvider(240)) - Unable to initialize FileSignerSecretProvider, falling back to use random secrets.
2019-10-03 14:57:48,589 [main] WARN  http.HttpRequestLog (HttpRequestLog.java:getRequestLog(97)) - Jetty request log can only be enabled using Log4j
2019-10-03 14:57:48,591 [main] INFO  http.HttpServer2 (HttpServer2.java:addGlobalFilter(975)) - Added global filter 'safety' (class=org.apache.hadoop.http.HttpServer2$QuotingInputFilter)
2019-10-03 14:57:48,592 [main] INFO  http.HttpServer2 (HttpServer2.java:addFilter(948)) - Added filter static_user_filter (class=org.apache.hadoop.http.lib.StaticUserWebFilter$StaticUserFilter) to context hddsDatanode
2019-10-03 14:57:48,592 [main] INFO  http.HttpServer2 (HttpServer2.java:addFilter(958)) - Added filter static_user_filter (class=org.apache.hadoop.http.lib.StaticUserWebFilter$StaticUserFilter) to context static
2019-10-03 14:57:48,592 [main] INFO  http.HttpServer2 (HttpServer2.java:addFilter(958)) - Added filter static_user_filter (class=org.apache.hadoop.http.lib.StaticUserWebFilter$StaticUserFilter) to context logs
2019-10-03 14:57:48,593 [main] INFO  http.HttpServer2 (HttpServer2.java:bindListener(1191)) - Jetty bound to port 36903
2019-10-03 14:57:48,594 [main] INFO  server.Server (Server.java:doStart(351)) - jetty-9.3.25.v20180904, build timestamp: 2018-09-04T21:11:46Z, git hash: 3ce520221d0240229c862b122d2b06c12a625732
2019-10-03 14:57:48,596 [main] INFO  handler.ContextHandler (ContextHandler.java:doStart(781)) - Started o.e.j.s.ServletContextHandler@6edf29c1{/logs,file:///workdir/hadoop-ozone/integration-test/target/log,AVAILABLE}
2019-10-03 14:57:48,597 [main] INFO  handler.ContextHandler (ContextHandler.java:doStart(781)) - Started o.e.j.s.ServletContextHandler@66b59b7d{/static,jar:file:/home/user/.m2/repository/org/apache/hadoop/hadoop-hdds-container-service/0.5.0-SNAPSHOT/hadoop-hdds-container-service-0.5.0-SNAPSHOT.jar!/webapps/static,AVAILABLE}
2019-10-03 14:57:48,635 [main] INFO  handler.ContextHandler (ContextHandler.java:doStart(781)) - Started o.e.j.w.WebAppContext@57272109{/,file:///tmp/jetty-0.0.0.0-36903-hddsDatanode-_-any-4248608777998258361.dir/webapp/,AVAILABLE}{/hddsDatanode}
2019-10-03 14:57:48,636 [main] INFO  server.AbstractConnector (AbstractConnector.java:doStart(278)) - Started ServerConnector@59696551{HTTP/1.1,[http/1.1]}{0.0.0.0:36903}
2019-10-03 14:57:48,637 [main] INFO  server.Server (Server.java:doStart(419)) - Started @6049ms
2019-10-03 14:57:48,638 [main] WARN  impl.MetricsSystemImpl (MetricsSystemImpl.java:register(276)) - Sink prometheus already exists!
2019-10-03 14:57:48,638 [main] INFO  server.BaseHttpServer (BaseHttpServer.java:updateConnectorAddress(215)) - HTTP server of HDDSDATANODE is listening at http://0.0.0.0:36903
2019-10-03 14:57:48,641 [main] INFO  ozone.MiniOzoneClusterImpl (MiniOzoneClusterImpl.java:lambda$waitForClusterToBeReady$0(147)) - Waiting for cluster to be ready. Got 0 of 7 DN Heartbeats.
2019-10-03 14:57:48,642 [org.apache.hadoop.util.JvmPauseMonitor$Monitor@5f0bedf9] INFO  util.JvmPauseMonitor (JvmPauseMonitor.java:run(188)) - Starting JVM pause monitor
2019-10-03 14:57:48,645 [Datanode State Machine Thread - 0] INFO  datanode.InitDatanodeState (InitDatanodeState.java:persistContainerDatanodeDetails(140)) - DatanodeDetails is persisted to /workdir/hadoop-ozone/integration-test/target/test-dir/MiniOzoneClusterImpl-af2b7d54-0113-4939-817a-ba600847c27b/datanode-6/meta/datanode.id
2019-10-03 14:57:49,642 [main] INFO  ozone.MiniOzoneClusterImpl (MiniOzoneClusterImpl.java:lambda$waitForClusterToBeReady$0(147)) - Waiting for cluster to be ready. Got 0 of 7 DN Heartbeats.
2019-10-03 14:57:50,244 [Datanode State Machine Thread - 0] INFO  ozoneimpl.OzoneContainer (OzoneContainer.java:start(217)) - Attempting to start container services.
2019-10-03 14:57:50,245 [Datanode State Machine Thread - 0] INFO  ozoneimpl.OzoneContainer (OzoneContainer.java:start(217)) - Attempting to start container services.
2019-10-03 14:57:50,253 [Datanode State Machine Thread - 0] INFO  ozoneimpl.OzoneContainer (OzoneContainer.java:startContainerScrub(179)) - Background container scanner has been disabled.
2019-10-03 14:57:50,253 [Datanode State Machine Thread - 0] INFO  ozoneimpl.OzoneContainer (OzoneContainer.java:startContainerScrub(179)) - Background container scanner has been disabled.
2019-10-03 14:57:50,253 [Datanode State Machine Thread - 0] INFO  ratis.XceiverServerRatis (XceiverServerRatis.java:start(417)) - Starting XceiverServerRatis 63dc41fb-a235-4553-b1c9-3c734cea9853 at port 0
2019-10-03 14:57:50,253 [Datanode State Machine Thread - 0] INFO  ratis.XceiverServerRatis (XceiverServerRatis.java:start(417)) - Starting XceiverServerRatis 70108865-1e07-4dd3-8a27-85ae9b70a9f3 at port 0
2019-10-03 14:57:50,291 [Datanode State Machine Thread - 0] INFO  impl.RaftServerProxy (RaftServerProxy.java:lambda$start$3(299)) - 63dc41fb-a235-4553-b1c9-3c734cea9853: start RPC server
2019-10-03 14:57:50,291 [Datanode State Machine Thread - 0] INFO  impl.RaftServerProxy (RaftServerProxy.java:lambda$start$3(299)) - 70108865-1e07-4dd3-8a27-85ae9b70a9f3: start RPC server
2019-10-03 14:57:50,322 [Datanode State Machine Thread - 0] INFO  ozoneimpl.OzoneContainer (OzoneContainer.java:start(217)) - Attempting to start container services.
2019-10-03 14:57:50,327 [Datanode State Machine Thread - 0] INFO  ozoneimpl.OzoneContainer (OzoneContainer.java:startContainerScrub(179)) - Background container scanner has been disabled.
2019-10-03 14:57:50,327 [Datanode State Machine Thread - 0] INFO  ratis.XceiverServerRatis (XceiverServerRatis.java:start(417)) - Starting XceiverServerRatis 5939012d-523e-48de-b11a-e17c8814c4fe at port 0
2019-10-03 14:57:50,338 [Datanode State Machine Thread - 0] INFO  impl.RaftServerProxy (RaftServerProxy.java:lambda$start$3(299)) - 5939012d-523e-48de-b11a-e17c8814c4fe: start RPC server
2019-10-03 14:57:50,412 [Datanode State Machine Thread - 0] INFO  ozoneimpl.OzoneContainer (OzoneContainer.java:start(217)) - Attempting to start container services.
2019-10-03 14:57:50,412 [Datanode State Machine Thread - 0] INFO  ozoneimpl.OzoneContainer (OzoneContainer.java:startContainerScrub(179)) - Background container scanner has been disabled.
2019-10-03 14:57:50,412 [Datanode State Machine Thread - 0] INFO  ratis.XceiverServerRatis (XceiverServerRatis.java:start(417)) - Starting XceiverServerRatis 5a44bd04-ecf8-4f1a-9db6-edf6da10f7f5 at port 0
2019-10-03 14:57:50,424 [Datanode State Machine Thread - 0] INFO  impl.RaftServerProxy (RaftServerProxy.java:lambda$start$3(299)) - 5a44bd04-ecf8-4f1a-9db6-edf6da10f7f5: start RPC server
2019-10-03 14:57:50,457 [Datanode State Machine Thread - 0] INFO  server.GrpcService (GrpcService.java:startImpl(158)) - 70108865-1e07-4dd3-8a27-85ae9b70a9f3: GrpcService started, listening on 0.0.0.0/0.0.0.0:45386
2019-10-03 14:57:50,457 [Datanode State Machine Thread - 0] INFO  server.GrpcService (GrpcService.java:startImpl(158)) - 5a44bd04-ecf8-4f1a-9db6-edf6da10f7f5: GrpcService started, listening on 0.0.0.0/0.0.0.0:37447
2019-10-03 14:57:50,457 [Datanode State Machine Thread - 0] INFO  server.GrpcService (GrpcService.java:startImpl(158)) - 5939012d-523e-48de-b11a-e17c8814c4fe: GrpcService started, listening on 0.0.0.0/0.0.0.0:33107
2019-10-03 14:57:50,457 [Datanode State Machine Thread - 0] INFO  server.GrpcService (GrpcService.java:startImpl(158)) - 63dc41fb-a235-4553-b1c9-3c734cea9853: GrpcService started, listening on 0.0.0.0/0.0.0.0:41537
2019-10-03 14:57:50,459 [Datanode State Machine Thread - 0] INFO  ratis.XceiverServerRatis (XceiverServerRatis.java:start(427)) - XceiverServerRatis 5939012d-523e-48de-b11a-e17c8814c4fe is started using port 33107
2019-10-03 14:57:50,458 [Datanode State Machine Thread - 0] INFO  ratis.XceiverServerRatis (XceiverServerRatis.java:start(427)) - XceiverServerRatis 5a44bd04-ecf8-4f1a-9db6-edf6da10f7f5 is started using port 37447
2019-10-03 14:57:50,458 [Datanode State Machine Thread - 0] INFO  ratis.XceiverServerRatis (XceiverServerRatis.java:start(427)) - XceiverServerRatis 70108865-1e07-4dd3-8a27-85ae9b70a9f3 is started using port 45386
2019-10-03 14:57:50,460 [Datanode State Machine Thread - 0] INFO  ratis.XceiverServerRatis (XceiverServerRatis.java:start(427)) - XceiverServerRatis 63dc41fb-a235-4553-b1c9-3c734cea9853 is started using port 41537
2019-10-03 14:57:50,469 [Datanode State Machine Thread - 0] INFO  server.XceiverServerGrpc (XceiverServerGrpc.java:start(149)) - XceiverServerGrpc 5939012d-523e-48de-b11a-e17c8814c4fe is started using port 41491
2019-10-03 14:57:50,469 [Datanode State Machine Thread - 0] INFO  server.XceiverServerGrpc (XceiverServerGrpc.java:start(149)) - XceiverServerGrpc 70108865-1e07-4dd3-8a27-85ae9b70a9f3 is started using port 35044
2019-10-03 14:57:50,469 [Datanode State Machine Thread - 0] INFO  server.XceiverServerGrpc (XceiverServerGrpc.java:start(149)) - XceiverServerGrpc 5a44bd04-ecf8-4f1a-9db6-edf6da10f7f5 is started using port 42089
2019-10-03 14:57:50,470 [Datanode State Machine Thread - 0] INFO  server.XceiverServerGrpc (XceiverServerGrpc.java:start(149)) - XceiverServerGrpc 63dc41fb-a235-4553-b1c9-3c734cea9853 is started using port 33449
2019-10-03 14:57:50,477 [Datanode State Machine Thread - 0] INFO  ozoneimpl.OzoneContainer (OzoneContainer.java:start(217)) - Attempting to start container services.
2019-10-03 14:57:50,477 [Datanode State Machine Thread - 0] INFO  ozoneimpl.OzoneContainer (OzoneContainer.java:startContainerScrub(179)) - Background container scanner has been disabled.
2019-10-03 14:57:50,477 [Datanode State Machine Thread - 0] INFO  ratis.XceiverServerRatis (XceiverServerRatis.java:start(417)) - Starting XceiverServerRatis aeb13d51-4f04-4500-a428-f5834c47dfc1 at port 0
2019-10-03 14:57:50,484 [Datanode State Machine Thread - 0] INFO  impl.RaftServerProxy (RaftServerProxy.java:lambda$start$3(299)) - aeb13d51-4f04-4500-a428-f5834c47dfc1: start RPC server
2019-10-03 14:57:50,487 [Datanode State Machine Thread - 0] INFO  server.GrpcService (GrpcService.java:startImpl(158)) - aeb13d51-4f04-4500-a428-f5834c47dfc1: GrpcService started, listening on 0.0.0.0/0.0.0.0:35942
2019-10-03 14:57:50,487 [Datanode State Machine Thread - 0] INFO  ratis.XceiverServerRatis (XceiverServerRatis.java:start(427)) - XceiverServerRatis aeb13d51-4f04-4500-a428-f5834c47dfc1 is started using port 35942
2019-10-03 14:57:50,490 [Datanode State Machine Thread - 0] INFO  server.XceiverServerGrpc (XceiverServerGrpc.java:start(149)) - XceiverServerGrpc aeb13d51-4f04-4500-a428-f5834c47dfc1 is started using port 37566
2019-10-03 14:57:50,567 [Datanode State Machine Thread - 0] INFO  ozoneimpl.OzoneContainer (OzoneContainer.java:start(217)) - Attempting to start container services.
2019-10-03 14:57:50,568 [Datanode State Machine Thread - 0] INFO  ozoneimpl.OzoneContainer (OzoneContainer.java:startContainerScrub(179)) - Background container scanner has been disabled.
2019-10-03 14:57:50,568 [Datanode State Machine Thread - 0] INFO  ratis.XceiverServerRatis (XceiverServerRatis.java:start(417)) - Starting XceiverServerRatis d0f92f17-6121-461d-b5ce-3d521f80ac07 at port 0
2019-10-03 14:57:50,576 [Datanode State Machine Thread - 0] INFO  impl.RaftServerProxy (RaftServerProxy.java:lambda$start$3(299)) - d0f92f17-6121-461d-b5ce-3d521f80ac07: start RPC server
2019-10-03 14:57:50,580 [Datanode State Machine Thread - 0] INFO  server.GrpcService (GrpcService.java:startImpl(158)) - d0f92f17-6121-461d-b5ce-3d521f80ac07: GrpcService started, listening on 0.0.0.0/0.0.0.0:43444
2019-10-03 14:57:50,580 [Datanode State Machine Thread - 0] INFO  ratis.XceiverServerRatis (XceiverServerRatis.java:start(427)) - XceiverServerRatis d0f92f17-6121-461d-b5ce-3d521f80ac07 is started using port 43444
2019-10-03 14:57:50,584 [Datanode State Machine Thread - 0] INFO  server.XceiverServerGrpc (XceiverServerGrpc.java:start(149)) - XceiverServerGrpc d0f92f17-6121-461d-b5ce-3d521f80ac07 is started using port 32970
2019-10-03 14:57:50,645 [main] INFO  ozone.MiniOzoneClusterImpl (MiniOzoneClusterImpl.java:lambda$waitForClusterToBeReady$0(147)) - Waiting for cluster to be ready. Got 0 of 7 DN Heartbeats.
2019-10-03 14:57:50,658 [Datanode State Machine Thread - 0] INFO  ozoneimpl.OzoneContainer (OzoneContainer.java:start(217)) - Attempting to start container services.
2019-10-03 14:57:50,659 [Datanode State Machine Thread - 0] INFO  ozoneimpl.OzoneContainer (OzoneContainer.java:startContainerScrub(179)) - Background container scanner has been disabled.
2019-10-03 14:57:50,659 [Datanode State Machine Thread - 0] INFO  ratis.XceiverServerRatis (XceiverServerRatis.java:start(417)) - Starting XceiverServerRatis a3cce3e0-5375-4485-8d23-6a2da2048872 at port 0
2019-10-03 14:57:50,669 [Datanode State Machine Thread - 0] INFO  impl.RaftServerProxy (RaftServerProxy.java:lambda$start$3(299)) - a3cce3e0-5375-4485-8d23-6a2da2048872: start RPC server
2019-10-03 14:57:50,674 [Datanode State Machine Thread - 0] INFO  server.GrpcService (GrpcService.java:startImpl(158)) - a3cce3e0-5375-4485-8d23-6a2da2048872: GrpcService started, listening on 0.0.0.0/0.0.0.0:34467
2019-10-03 14:57:50,674 [Datanode State Machine Thread - 0] INFO  ratis.XceiverServerRatis (XceiverServerRatis.java:start(427)) - XceiverServerRatis a3cce3e0-5375-4485-8d23-6a2da2048872 is started using port 34467
2019-10-03 14:57:50,678 [Datanode State Machine Thread - 0] INFO  server.XceiverServerGrpc (XceiverServerGrpc.java:start(149)) - XceiverServerGrpc a3cce3e0-5375-4485-8d23-6a2da2048872 is started using port 33400
2019-10-03 14:57:51,645 [main] INFO  ozone.MiniOzoneClusterImpl (MiniOzoneClusterImpl.java:lambda$waitForClusterToBeReady$0(147)) - Waiting for cluster to be ready. Got 0 of 7 DN Heartbeats.
2019-10-03 14:57:52,163 [IPC Server handler 0 on 45886] INFO  net.NetworkTopology (NetworkTopologyImpl.java:add(111)) - Added a new node: /default-rack/63dc41fb-a235-4553-b1c9-3c734cea9853
2019-10-03 14:57:52,164 [IPC Server handler 0 on 45886] INFO  node.SCMNodeManager (SCMNodeManager.java:register(266)) - Registered Data node : 63dc41fb-a235-4553-b1c9-3c734cea9853{ip: 192.168.151.96, host: pr-hdds-2217-vb45t-2318454878, networkLocation: /default-rack, certSerialId: null}
2019-10-03 14:57:52,168 [EventQueue-NodeRegistrationContainerReportForDataNodeSafeModeRule] INFO  safemode.SCMSafeModeManager (DataNodeSafeModeRule.java:process(71)) - SCM in safe mode. 1 DataNodes registered, 1 required.
2019-10-03 14:57:52,168 [EventQueue-NodeRegistrationContainerReportForDataNodeSafeModeRule] INFO  safemode.SCMSafeModeManager (SCMSafeModeManager.java:validateSafeModeExitRules(177)) - ScmSafeModeManager, all rules are successfully validated
2019-10-03 14:57:52,168 [EventQueue-NodeRegistrationContainerReportForDataNodeSafeModeRule] INFO  safemode.SCMSafeModeManager (SCMSafeModeManager.java:exitSafeMode(193)) - SCM exiting safe mode.
2019-10-03 14:57:52,231 [IPC Server handler 1 on 45886] INFO  net.NetworkTopology (NetworkTopologyImpl.java:add(111)) - Added a new node: /default-rack/70108865-1e07-4dd3-8a27-85ae9b70a9f3
2019-10-03 14:57:52,232 [IPC Server handler 1 on 45886] INFO  node.SCMNodeManager (SCMNodeManager.java:register(266)) - Registered Data node : 70108865-1e07-4dd3-8a27-85ae9b70a9f3{ip: 192.168.151.96, host: pr-hdds-2217-vb45t-2318454878, networkLocation: /default-rack, certSerialId: null}
2019-10-03 14:57:52,309 [IPC Server handler 5 on 45886] INFO  net.NetworkTopology (NetworkTopologyImpl.java:add(111)) - Added a new node: /default-rack/5939012d-523e-48de-b11a-e17c8814c4fe
2019-10-03 14:57:52,310 [IPC Server handler 5 on 45886] INFO  node.SCMNodeManager (SCMNodeManager.java:register(266)) - Registered Data node : 5939012d-523e-48de-b11a-e17c8814c4fe{ip: 192.168.151.96, host: pr-hdds-2217-vb45t-2318454878, networkLocation: /default-rack, certSerialId: null}
2019-10-03 14:57:52,386 [IPC Server handler 4 on 45886] INFO  net.NetworkTopology (NetworkTopologyImpl.java:add(111)) - Added a new node: /default-rack/5a44bd04-ecf8-4f1a-9db6-edf6da10f7f5
2019-10-03 14:57:52,386 [IPC Server handler 4 on 45886] INFO  node.SCMNodeManager (SCMNodeManager.java:register(266)) - Registered Data node : 5a44bd04-ecf8-4f1a-9db6-edf6da10f7f5{ip: 192.168.151.96, host: pr-hdds-2217-vb45t-2318454878, networkLocation: /default-rack, certSerialId: null}
2019-10-03 14:57:52,463 [IPC Server handler 3 on 45886] INFO  net.NetworkTopology (NetworkTopologyImpl.java:add(111)) - Added a new node: /default-rack/aeb13d51-4f04-4500-a428-f5834c47dfc1
2019-10-03 14:57:52,463 [IPC Server handler 3 on 45886] INFO  node.SCMNodeManager (SCMNodeManager.java:register(266)) - Registered Data node : aeb13d51-4f04-4500-a428-f5834c47dfc1{ip: 192.168.151.96, host: pr-hdds-2217-vb45t-2318454878, networkLocation: /default-rack, certSerialId: null}
2019-10-03 14:57:52,556 [IPC Server handler 7 on 45886] INFO  net.NetworkTopology (NetworkTopologyImpl.java:add(111)) - Added a new node: /default-rack/d0f92f17-6121-461d-b5ce-3d521f80ac07
2019-10-03 14:57:52,556 [IPC Server handler 7 on 45886] INFO  node.SCMNodeManager (SCMNodeManager.java:register(266)) - Registered Data node : d0f92f17-6121-461d-b5ce-3d521f80ac07{ip: 192.168.151.96, host: pr-hdds-2217-vb45t-2318454878, networkLocation: /default-rack, certSerialId: null}
2019-10-03 14:57:52,645 [IPC Server handler 2 on 45886] INFO  net.NetworkTopology (NetworkTopologyImpl.java:add(111)) - Added a new node: /default-rack/a3cce3e0-5375-4485-8d23-6a2da2048872
2019-10-03 14:57:52,646 [IPC Server handler 2 on 45886] INFO  node.SCMNodeManager (SCMNodeManager.java:register(266)) - Registered Data node : a3cce3e0-5375-4485-8d23-6a2da2048872{ip: 192.168.151.96, host: pr-hdds-2217-vb45t-2318454878, networkLocation: /default-rack, certSerialId: null}
2019-10-03 14:57:52,646 [main] INFO  ozone.MiniOzoneClusterImpl (MiniOzoneClusterImpl.java:lambda$waitForClusterToBeReady$0(147)) - Cluster is ready. Got 7 of 7 DN Heartbeats.
2019-10-03 14:57:52,778 [grpc-default-executor-0] INFO  impl.RaftServerProxy (RaftServerProxy.java:addNew(89)) - 63dc41fb-a235-4553-b1c9-3c734cea9853: addNew group-F3A00C6B1BF3:[63dc41fb-a235-4553-b1c9-3c734cea9853:192.168.151.96:41537] returns group-F3A00C6B1BF3:java.util.concurrent.CompletableFuture@48ccef31[Not completed]
2019-10-03 14:57:52,795 [pool-27-thread-1] INFO  impl.RaftServerImpl (RaftServerImpl.java:<init>(95)) - 63dc41fb-a235-4553-b1c9-3c734cea9853: new RaftServerImpl for group-F3A00C6B1BF3:[63dc41fb-a235-4553-b1c9-3c734cea9853:192.168.151.96:41537] with ContainerStateMachine:uninitialized
2019-10-03 14:57:52,798 [pool-27-thread-1] INFO  server.RaftServerConfigKeys (ConfUtils.java:logGet(43)) - raft.server.rpc.timeout.min = 5s (custom)
2019-10-03 14:57:52,801 [pool-27-thread-1] INFO  server.RaftServerConfigKeys (ConfUtils.java:logGet(43)) - raft.server.rpc.timeout.max = 5200ms (custom)
2019-10-03 14:57:52,801 [pool-27-thread-1] INFO  server.RaftServerConfigKeys (ConfUtils.java:logGet(43)) - raft.server.rpcslowness.timeout = 120s (custom)
2019-10-03 14:57:52,802 [pool-27-thread-1] INFO  server.RaftServerConfigKeys (ConfUtils.java:logGet(43)) - raft.server.sleep.deviation.threshold = 300 (default)
2019-10-03 14:57:52,803 [pool-27-thread-1] INFO  server.RaftServerConfigKeys (ConfUtils.java:logGet(43)) - raft.server.log.appender.install.snapshot.enabled = false (custom)
2019-10-03 14:57:52,814 [pool-27-thread-1] INFO  impl.RaftServerImpl (ServerState.java:<init>(103)) - 63dc41fb-a235-4553-b1c9-3c734cea9853@group-F3A00C6B1BF3: ConfigurationManager, init=-1: [63dc41fb-a235-4553-b1c9-3c734cea9853:192.168.151.96:41537], old=null, confs=<EMPTY_MAP>
2019-10-03 14:57:52,815 [pool-27-thread-1] INFO  server.RaftServerConfigKeys (ConfUtils.java:logGet(43)) - raft.server.storage.dir = [/workdir/hadoop-ozone/integration-test/target/test-dir/MiniOzoneClusterImpl-af2b7d54-0113-4939-817a-ba600847c27b/datanode-0/data/ratis] (custom)
2019-10-03 14:57:52,823 [pool-27-thread-1] INFO  server.RaftServerConfigKeys (ConfUtils.java:logGet(43)) - raft.server.log.corruption.policy = EXCEPTION (default)
2019-10-03 14:57:52,825 [pool-27-thread-1] INFO  storage.RaftStorageDirectory (RaftStorageDirectory.java:analyzeStorage(246)) - The storage directory /workdir/hadoop-ozone/integration-test/target/test-dir/MiniOzoneClusterImpl-af2b7d54-0113-4939-817a-ba600847c27b/datanode-0/data/ratis/9517183b-700b-4c7f-8018-f3a00c6b1bf3 does not exist. Creating ...
2019-10-03 14:57:52,843 [pool-27-thread-1] INFO  storage.RaftStorageDirectory (RaftStorageDirectory.java:tryLock(328)) - Lock on /workdir/hadoop-ozone/integration-test/target/test-dir/MiniOzoneClusterImpl-af2b7d54-0113-4939-817a-ba600847c27b/datanode-0/data/ratis/9517183b-700b-4c7f-8018-f3a00c6b1bf3/in_use.lock acquired by nodename 22154@pr-hdds-2217-vb45t-2318454878
2019-10-03 14:57:52,859 [pool-27-thread-1] INFO  storage.RaftStorage (RaftStorage.java:format(84)) - Storage directory /workdir/hadoop-ozone/integration-test/target/test-dir/MiniOzoneClusterImpl-af2b7d54-0113-4939-817a-ba600847c27b/datanode-0/data/ratis/9517183b-700b-4c7f-8018-f3a00c6b1bf3 has been successfully formatted.
2019-10-03 14:57:52,862 [pool-27-thread-1] INFO  ratis.ContainerStateMachine (ContainerStateMachine.java:loadSnapshot(230)) - group-F3A00C6B1BF3: The snapshot info is null. Setting the last applied indexto:(t:0, i:~)
2019-10-03 14:57:52,863 [pool-27-thread-1] INFO  server.RaftServerConfigKeys (ConfUtils.java:logGet(43)) - raft.server.notification.no-leader.timeout = 120s (custom)
2019-10-03 14:57:52,866 [pool-27-thread-1] INFO  server.RaftServerConfigKeys (ConfUtils.java:logGet(43)) - raft.server.log.use.memory = false (default)
2019-10-03 14:57:52,873 [pool-27-thread-1] INFO  server.RaftServerConfigKeys (ConfUtils.java:logGet(43)) - raft.server.log.purge.gap = 1000000 (custom)
2019-10-03 14:57:52,874 [pool-27-thread-1] INFO  server.RaftServerConfigKeys (ConfUtils.java:logGet(43)) - raft.server.log.appender.buffer.byte-limit = 33554432 (custom)
2019-10-03 14:57:52,877 [pool-27-thread-1] INFO  server.RaftServerConfigKeys (ConfUtils.java:logGet(43)) - raft.server.log.segment.size.max = 1048576 (custom)
2019-10-03 14:57:52,885 [pool-27-thread-1] INFO  impl.MetricsSystemImpl (MetricsSystemImpl.java:init(158)) - ratis metrics system started (again)
2019-10-03 14:57:52,890 [pool-27-thread-1] INFO  metrics.MetricRegistries (MetricRegistriesLoader.java:load(64)) - Loaded MetricRegistries class org.apache.ratis.metrics.impl.MetricRegistriesImpl
2019-10-03 14:57:52,937 [pool-27-thread-1] INFO  server.RaftServerConfigKeys (ConfUtils.java:logGet(43)) - raft.server.log.segment.cache.num.max = 2 (custom)
2019-10-03 14:57:52,943 [pool-27-thread-1] INFO  segmented.SegmentedRaftLogWorker (SegmentedRaftLogWorker.java:<init>(173)) - new 63dc41fb-a235-4553-b1c9-3c734cea9853@group-F3A00C6B1BF3-SegmentedRaftLogWorker for RaftStorage:Storage Directory /workdir/hadoop-ozone/integration-test/target/test-dir/MiniOzoneClusterImpl-af2b7d54-0113-4939-817a-ba600847c27b/datanode-0/data/ratis/9517183b-700b-4c7f-8018-f3a00c6b1bf3
2019-10-03 14:57:52,944 [pool-27-thread-1] INFO  server.RaftServerConfigKeys (ConfUtils.java:logGet(43)) - raft.server.log.queue.byte-limit = 2147483647 (custom)
2019-10-03 14:57:52,944 [pool-27-thread-1] INFO  server.RaftServerConfigKeys (ConfUtils.java:logGet(43)) - raft.server.log.queue.element-limit = 1024 (custom)
2019-10-03 14:57:52,946 [pool-27-thread-1] INFO  server.RaftServerConfigKeys (ConfUtils.java:logGet(43)) - raft.server.log.segment.size.max = 1048576 (custom)
2019-10-03 14:57:52,946 [pool-27-thread-1] INFO  server.RaftServerConfigKeys (ConfUtils.java:logGet(43)) - raft.server.log.preallocated.size = 16384 (custom)
2019-10-03 14:57:52,946 [pool-27-thread-1] INFO  server.RaftServerConfigKeys (ConfUtils.java:logGet(43)) - raft.server.log.write.buffer.size = 33554432 (custom)
2019-10-03 14:57:52,947 [pool-27-thread-1] INFO  server.RaftServerConfigKeys (ConfUtils.java:logGet(43)) - raft.server.log.force.sync.num = 128 (default)
2019-10-03 14:57:52,948 [pool-27-thread-1] INFO  server.RaftServerConfigKeys (ConfUtils.java:logGet(43)) - raft.server.log.statemachine.data.sync = true (default)
2019-10-03 14:57:52,948 [pool-27-thread-1] INFO  server.RaftServerConfigKeys (ConfUtils.java:logGet(43)) - raft.server.log.statemachine.data.sync.timeout = 10s (default)
2019-10-03 14:57:52,949 [pool-27-thread-1] INFO  server.RaftServerConfigKeys (ConfUtils.java:logGet(43)) - raft.server.log.statemachine.data.sync.timeout.retry = -1 (default)
2019-10-03 14:57:52,961 [pool-27-thread-1] INFO  server.RaftServerConfigKeys (ConfUtils.java:logGet(43)) - raft.server.log.statemachine.data.caching.enabled = true (custom)
2019-10-03 14:57:52,965 [pool-27-thread-1] INFO  segmented.SegmentedRaftLogWorker (SegmentedRaftLogWorker.java:lambda$new$0(128)) - 63dc41fb-a235-4553-b1c9-3c734cea9853@group-F3A00C6B1BF3-SegmentedRaftLogWorker: flushIndex: setUnconditionally 0 -> -1
2019-10-03 14:57:52,969 [pool-27-thread-1] INFO  server.RaftServerConfigKeys (ConfUtils.java:logGet(43)) - raft.server.snapshot.auto.trigger.enabled = true (custom)
2019-10-03 14:57:52,970 [pool-27-thread-1] INFO  server.RaftServerConfigKeys (ConfUtils.java:logGet(43)) - raft.server.snapshot.auto.trigger.threshold = 10000 (custom)
2019-10-03 14:57:52,971 [pool-27-thread-1] INFO  server.RaftServerConfigKeys (ConfUtils.java:logGet(43)) - raft.server.snapshot.retention.file.num = 5 (custom)
2019-10-03 14:57:52,971 [pool-27-thread-1] INFO  server.RaftServerConfigKeys (ConfUtils.java:logGet(43)) - raft.server.retrycache.expirytime = 600000ms (custom)
2019-10-03 14:57:52,998 [pool-27-thread-1] INFO  impl.RaftServerImpl (RaftServerImpl.java:start(181)) - 63dc41fb-a235-4553-b1c9-3c734cea9853@group-F3A00C6B1BF3: start as a follower, conf=-1: [63dc41fb-a235-4553-b1c9-3c734cea9853:192.168.151.96:41537], old=null
2019-10-03 14:57:52,999 [pool-27-thread-1] INFO  impl.RaftServerImpl (RaftServerImpl.java:setRole(170)) - 63dc41fb-a235-4553-b1c9-3c734cea9853@group-F3A00C6B1BF3: changes role from      null to FOLLOWER at term 0 for startAsFollower
2019-10-03 14:57:53,000 [pool-27-thread-1] INFO  impl.RoleInfo (RoleInfo.java:updateAndGet(143)) - 63dc41fb-a235-4553-b1c9-3c734cea9853: start FollowerState
2019-10-03 14:57:53,002 [pool-27-thread-1] INFO  util.JmxRegister (JmxRegister.java:tryRegister(44)) - Successfully registered JMX Bean with object name Ratis:service=RaftServer,group=group-F3A00C6B1BF3,id=63dc41fb-a235-4553-b1c9-3c734cea9853
2019-10-03 14:57:53,102 [RatisPipelineUtilsThread] INFO  pipeline.PipelineStateManager (PipelineStateManager.java:addPipeline(56)) - Created pipeline Pipeline[ Id: 9517183b-700b-4c7f-8018-f3a00c6b1bf3, Nodes: 63dc41fb-a235-4553-b1c9-3c734cea9853{ip: 192.168.151.96, host: pr-hdds-2217-vb45t-2318454878, networkLocation: /default-rack, certSerialId: null}, Type:RATIS, Factor:ONE, State:OPEN]
2019-10-03 14:57:53,138 [grpc-default-executor-0] INFO  impl.RaftServerProxy (RaftServerProxy.java:addNew(89)) - a3cce3e0-5375-4485-8d23-6a2da2048872: addNew group-AD81862F79C0:[a3cce3e0-5375-4485-8d23-6a2da2048872:192.168.151.96:34467] returns group-AD81862F79C0:java.util.concurrent.CompletableFuture@7a14b663[Not completed]
2019-10-03 14:57:53,191 [pool-87-thread-1] INFO  impl.RaftServerImpl (RaftServerImpl.java:<init>(95)) - a3cce3e0-5375-4485-8d23-6a2da2048872: new RaftServerImpl for group-AD81862F79C0:[a3cce3e0-5375-4485-8d23-6a2da2048872:192.168.151.96:34467] with ContainerStateMachine:uninitialized
2019-10-03 14:57:53,192 [pool-87-thread-1] INFO  server.RaftServerConfigKeys (ConfUtils.java:logGet(43)) - raft.server.rpc.timeout.min = 5s (custom)
2019-10-03 14:57:53,193 [pool-87-thread-1] INFO  server.RaftServerConfigKeys (ConfUtils.java:logGet(43)) - raft.server.rpc.timeout.max = 5200ms (custom)
2019-10-03 14:57:53,193 [pool-87-thread-1] INFO  server.RaftServerConfigKeys (ConfUtils.java:logGet(43)) - raft.server.rpcslowness.timeout = 120s (custom)
2019-10-03 14:57:53,193 [pool-87-thread-1] INFO  server.RaftServerConfigKeys (ConfUtils.java:logGet(43)) - raft.server.sleep.deviation.threshold = 300 (default)
2019-10-03 14:57:53,193 [pool-87-thread-1] INFO  server.RaftServerConfigKeys (ConfUtils.java:logGet(43)) - raft.server.log.appender.install.snapshot.enabled = false (custom)
2019-10-03 14:57:53,193 [pool-87-thread-1] INFO  impl.RaftServerImpl (ServerState.java:<init>(103)) - a3cce3e0-5375-4485-8d23-6a2da2048872@group-AD81862F79C0: ConfigurationManager, init=-1: [a3cce3e0-5375-4485-8d23-6a2da2048872:192.168.151.96:34467], old=null, confs=<EMPTY_MAP>
2019-10-03 14:57:53,194 [pool-87-thread-1] INFO  server.RaftServerConfigKeys (ConfUtils.java:logGet(43)) - raft.server.storage.dir = [/workdir/hadoop-ozone/integration-test/target/test-dir/MiniOzoneClusterImpl-af2b7d54-0113-4939-817a-ba600847c27b/datanode-6/data/ratis] (custom)
2019-10-03 14:57:53,194 [pool-87-thread-1] INFO  server.RaftServerConfigKeys (ConfUtils.java:logGet(43)) - raft.server.log.corruption.policy = EXCEPTION (default)
2019-10-03 14:57:53,194 [pool-87-thread-1] INFO  storage.RaftStorageDirectory (RaftStorageDirectory.java:analyzeStorage(246)) - The storage directory /workdir/hadoop-ozone/integration-test/target/test-dir/MiniOzoneClusterImpl-af2b7d54-0113-4939-817a-ba600847c27b/datanode-6/data/ratis/cce1213a-7d09-40e7-8c38-ad81862f79c0 does not exist. Creating ...
2019-10-03 14:57:53,209 [pool-87-thread-1] INFO  storage.RaftStorageDirectory (RaftStorageDirectory.java:tryLock(328)) - Lock on /workdir/hadoop-ozone/integration-test/target/test-dir/MiniOzoneClusterImpl-af2b7d54-0113-4939-817a-ba600847c27b/datanode-6/data/ratis/cce1213a-7d09-40e7-8c38-ad81862f79c0/in_use.lock acquired by nodename 22154@pr-hdds-2217-vb45t-2318454878
2019-10-03 14:57:53,222 [pool-87-thread-1] INFO  storage.RaftStorage (RaftStorage.java:format(84)) - Storage directory /workdir/hadoop-ozone/integration-test/target/test-dir/MiniOzoneClusterImpl-af2b7d54-0113-4939-817a-ba600847c27b/datanode-6/data/ratis/cce1213a-7d09-40e7-8c38-ad81862f79c0 has been successfully formatted.
2019-10-03 14:57:53,225 [pool-87-thread-1] INFO  ratis.ContainerStateMachine (ContainerStateMachine.java:loadSnapshot(230)) - group-AD81862F79C0: The snapshot info is null. Setting the last applied indexto:(t:0, i:~)
2019-10-03 14:57:53,227 [pool-87-thread-1] INFO  server.RaftServerConfigKeys (ConfUtils.java:logGet(43)) - raft.server.notification.no-leader.timeout = 120s (custom)
2019-10-03 14:57:53,227 [pool-87-thread-1] INFO  server.RaftServerConfigKeys (ConfUtils.java:logGet(43)) - raft.server.log.use.memory = false (default)
2019-10-03 14:57:53,227 [pool-87-thread-1] INFO  server.RaftServerConfigKeys (ConfUtils.java:logGet(43)) - raft.server.log.purge.gap = 1000000 (custom)
2019-10-03 14:57:53,227 [pool-87-thread-1] INFO  server.RaftServerConfigKeys (ConfUtils.java:logGet(43)) - raft.server.log.appender.buffer.byte-limit = 33554432 (custom)
2019-10-03 14:57:53,228 [pool-87-thread-1] INFO  server.RaftServerConfigKeys (ConfUtils.java:logGet(43)) - raft.server.log.segment.size.max = 1048576 (custom)
2019-10-03 14:57:53,234 [pool-87-thread-1] INFO  server.RaftServerConfigKeys (ConfUtils.java:logGet(43)) - raft.server.log.segment.cache.num.max = 2 (custom)
2019-10-03 14:57:53,234 [pool-87-thread-1] INFO  segmented.SegmentedRaftLogWorker (SegmentedRaftLogWorker.java:<init>(173)) - new a3cce3e0-5375-4485-8d23-6a2da2048872@group-AD81862F79C0-SegmentedRaftLogWorker for RaftStorage:Storage Directory /workdir/hadoop-ozone/integration-test/target/test-dir/MiniOzoneClusterImpl-af2b7d54-0113-4939-817a-ba600847c27b/datanode-6/data/ratis/cce1213a-7d09-40e7-8c38-ad81862f79c0
2019-10-03 14:57:53,240 [pool-87-thread-1] INFO  server.RaftServerConfigKeys (ConfUtils.java:logGet(43)) - raft.server.log.queue.byte-limit = 2147483647 (custom)
2019-10-03 14:57:53,240 [pool-87-thread-1] INFO  server.RaftServerConfigKeys (ConfUtils.java:logGet(43)) - raft.server.log.queue.element-limit = 1024 (custom)
2019-10-03 14:57:53,241 [pool-87-thread-1] INFO  server.RaftServerConfigKeys (ConfUtils.java:logGet(43)) - raft.server.log.segment.size.max = 1048576 (custom)
2019-10-03 14:57:53,241 [pool-87-thread-1] INFO  server.RaftServerConfigKeys (ConfUtils.java:logGet(43)) - raft.server.log.preallocated.size = 16384 (custom)
2019-10-03 14:57:53,241 [pool-87-thread-1] INFO  server.RaftServerConfigKeys (ConfUtils.java:logGet(43)) - raft.server.log.write.buffer.size = 33554432 (custom)
2019-10-03 14:57:53,241 [pool-87-thread-1] INFO  server.RaftServerConfigKeys (ConfUtils.java:logGet(43)) - raft.server.log.force.sync.num = 128 (default)
2019-10-03 14:57:53,241 [pool-87-thread-1] INFO  server.RaftServerConfigKeys (ConfUtils.java:logGet(43)) - raft.server.log.statemachine.data.sync = true (default)
2019-10-03 14:57:53,242 [pool-87-thread-1] INFO  server.RaftServerConfigKeys (ConfUtils.java:logGet(43)) - raft.server.log.statemachine.data.sync.timeout = 10s (default)
2019-10-03 14:57:53,242 [pool-87-thread-1] INFO  server.RaftServerConfigKeys (ConfUtils.java:logGet(43)) - raft.server.log.statemachine.data.sync.timeout.retry = -1 (default)
2019-10-03 14:57:53,243 [pool-87-thread-1] INFO  server.RaftServerConfigKeys (ConfUtils.java:logGet(43)) - raft.server.log.statemachine.data.caching.enabled = true (custom)
2019-10-03 14:57:53,243 [pool-87-thread-1] INFO  segmented.SegmentedRaftLogWorker (SegmentedRaftLogWorker.java:lambda$new$0(128)) - a3cce3e0-5375-4485-8d23-6a2da2048872@group-AD81862F79C0-SegmentedRaftLogWorker: flushIndex: setUnconditionally 0 -> -1
2019-10-03 14:57:53,244 [pool-87-thread-1] INFO  server.RaftServerConfigKeys (ConfUtils.java:logGet(43)) - raft.server.snapshot.auto.trigger.enabled = true (custom)
2019-10-03 14:57:53,244 [pool-87-thread-1] INFO  server.RaftServerConfigKeys (ConfUtils.java:logGet(43)) - raft.server.snapshot.auto.trigger.threshold = 10000 (custom)
2019-10-03 14:57:53,244 [pool-87-thread-1] INFO  server.RaftServerConfigKeys (ConfUtils.java:logGet(43)) - raft.server.snapshot.retention.file.num = 5 (custom)
2019-10-03 14:57:53,244 [pool-87-thread-1] INFO  server.RaftServerConfigKeys (ConfUtils.java:logGet(43)) - raft.server.retrycache.expirytime = 600000ms (custom)
2019-10-03 14:57:53,251 [pool-87-thread-1] INFO  impl.RaftServerImpl (RaftServerImpl.java:start(181)) - a3cce3e0-5375-4485-8d23-6a2da2048872@group-AD81862F79C0: start as a follower, conf=-1: [a3cce3e0-5375-4485-8d23-6a2da2048872:192.168.151.96:34467], old=null
2019-10-03 14:57:53,251 [pool-87-thread-1] INFO  impl.RaftServerImpl (RaftServerImpl.java:setRole(170)) - a3cce3e0-5375-4485-8d23-6a2da2048872@group-AD81862F79C0: changes role from      null to FOLLOWER at term 0 for startAsFollower
2019-10-03 14:57:53,252 [pool-87-thread-1] INFO  impl.RoleInfo (RoleInfo.java:updateAndGet(143)) - a3cce3e0-5375-4485-8d23-6a2da2048872: start FollowerState
2019-10-03 14:57:53,254 [pool-87-thread-1] INFO  util.JmxRegister (JmxRegister.java:tryRegister(44)) - Successfully registered JMX Bean with object name Ratis:service=RaftServer,group=group-AD81862F79C0,id=a3cce3e0-5375-4485-8d23-6a2da2048872
2019-10-03 14:57:53,290 [RatisPipelineUtilsThread] INFO  pipeline.PipelineStateManager (PipelineStateManager.java:addPipeline(56)) - Created pipeline Pipeline[ Id: cce1213a-7d09-40e7-8c38-ad81862f79c0, Nodes: a3cce3e0-5375-4485-8d23-6a2da2048872{ip: 192.168.151.96, host: pr-hdds-2217-vb45t-2318454878, networkLocation: /default-rack, certSerialId: null}, Type:RATIS, Factor:ONE, State:OPEN]
2019-10-03 14:57:53,331 [grpc-default-executor-0] INFO  impl.RaftServerProxy (RaftServerProxy.java:addNew(89)) - 5a44bd04-ecf8-4f1a-9db6-edf6da10f7f5: addNew group-A628AEA70F5F:[5a44bd04-ecf8-4f1a-9db6-edf6da10f7f5:192.168.151.96:37447] returns group-A628AEA70F5F:java.util.concurrent.CompletableFuture@204719be[Not completed]
2019-10-03 14:57:53,359 [pool-57-thread-1] INFO  impl.RaftServerImpl (RaftServerImpl.java:<init>(95)) - 5a44bd04-ecf8-4f1a-9db6-edf6da10f7f5: new RaftServerImpl for group-A628AEA70F5F:[5a44bd04-ecf8-4f1a-9db6-edf6da10f7f5:192.168.151.96:37447] with ContainerStateMachine:uninitialized
2019-10-03 14:57:53,359 [pool-57-thread-1] INFO  server.RaftServerConfigKeys (ConfUtils.java:logGet(43)) - raft.server.rpc.timeout.min = 5s (custom)
2019-10-03 14:57:53,360 [pool-57-thread-1] INFO  server.RaftServerConfigKeys (ConfUtils.java:logGet(43)) - raft.server.rpc.timeout.max = 5200ms (custom)
2019-10-03 14:57:53,360 [pool-57-thread-1] INFO  server.RaftServerConfigKeys (ConfUtils.java:logGet(43)) - raft.server.rpcslowness.timeout = 120s (custom)
2019-10-03 14:57:53,360 [pool-57-thread-1] INFO  server.RaftServerConfigKeys (ConfUtils.java:logGet(43)) - raft.server.sleep.deviation.threshold = 300 (default)
2019-10-03 14:57:53,360 [pool-57-thread-1] INFO  server.RaftServerConfigKeys (ConfUtils.java:logGet(43)) - raft.server.log.appender.install.snapshot.enabled = false (custom)
2019-10-03 14:57:53,360 [pool-57-thread-1] INFO  impl.RaftServerImpl (ServerState.java:<init>(103)) - 5a44bd04-ecf8-4f1a-9db6-edf6da10f7f5@group-A628AEA70F5F: ConfigurationManager, init=-1: [5a44bd04-ecf8-4f1a-9db6-edf6da10f7f5:192.168.151.96:37447], old=null, confs=<EMPTY_MAP>
2019-10-03 14:57:53,360 [pool-57-thread-1] INFO  server.RaftServerConfigKeys (ConfUtils.java:logGet(43)) - raft.server.storage.dir = [/workdir/hadoop-ozone/integration-test/target/test-dir/MiniOzoneClusterImpl-af2b7d54-0113-4939-817a-ba600847c27b/datanode-3/data/ratis] (custom)
2019-10-03 14:57:53,361 [pool-57-thread-1] INFO  server.RaftServerConfigKeys (ConfUtils.java:logGet(43)) - raft.server.log.corruption.policy = EXCEPTION (default)
2019-10-03 14:57:53,361 [pool-57-thread-1] INFO  storage.RaftStorageDirectory (RaftStorageDirectory.java:analyzeStorage(246)) - The storage directory /workdir/hadoop-ozone/integration-test/target/test-dir/MiniOzoneClusterImpl-af2b7d54-0113-4939-817a-ba600847c27b/datanode-3/data/ratis/65066c4e-dded-4518-9c45-a628aea70f5f does not exist. Creating ...
2019-10-03 14:57:53,386 [pool-57-thread-1] INFO  storage.RaftStorageDirectory (RaftStorageDirectory.java:tryLock(328)) - Lock on /workdir/hadoop-ozone/integration-test/target/test-dir/MiniOzoneClusterImpl-af2b7d54-0113-4939-817a-ba600847c27b/datanode-3/data/ratis/65066c4e-dded-4518-9c45-a628aea70f5f/in_use.lock acquired by nodename 22154@pr-hdds-2217-vb45t-2318454878
2019-10-03 14:57:53,404 [pool-57-thread-1] INFO  storage.RaftStorage (RaftStorage.java:format(84)) - Storage directory /workdir/hadoop-ozone/integration-test/target/test-dir/MiniOzoneClusterImpl-af2b7d54-0113-4939-817a-ba600847c27b/datanode-3/data/ratis/65066c4e-dded-4518-9c45-a628aea70f5f has been successfully formatted.
2019-10-03 14:57:53,407 [pool-57-thread-1] INFO  ratis.ContainerStateMachine (ContainerStateMachine.java:loadSnapshot(230)) - group-A628AEA70F5F: The snapshot info is null. Setting the last applied indexto:(t:0, i:~)
2019-10-03 14:57:53,407 [pool-57-thread-1] INFO  server.RaftServerConfigKeys (ConfUtils.java:logGet(43)) - raft.server.notification.no-leader.timeout = 120s (custom)
2019-10-03 14:57:53,407 [pool-57-thread-1] INFO  server.RaftServerConfigKeys (ConfUtils.java:logGet(43)) - raft.server.log.use.memory = false (default)
2019-10-03 14:57:53,407 [pool-57-thread-1] INFO  server.RaftServerConfigKeys (ConfUtils.java:logGet(43)) - raft.server.log.purge.gap = 1000000 (custom)
2019-10-03 14:57:53,408 [pool-57-thread-1] INFO  server.RaftServerConfigKeys (ConfUtils.java:logGet(43)) - raft.server.log.appender.buffer.byte-limit = 33554432 (custom)
2019-10-03 14:57:53,408 [pool-57-thread-1] INFO  server.RaftServerConfigKeys (ConfUtils.java:logGet(43)) - raft.server.log.segment.size.max = 1048576 (custom)
2019-10-03 14:57:53,446 [pool-57-thread-1] INFO  server.RaftServerConfigKeys (ConfUtils.java:logGet(43)) - raft.server.log.segment.cache.num.max = 2 (custom)
2019-10-03 14:57:53,446 [pool-57-thread-1] INFO  segmented.SegmentedRaftLogWorker (SegmentedRaftLogWorker.java:<init>(173)) - new 5a44bd04-ecf8-4f1a-9db6-edf6da10f7f5@group-A628AEA70F5F-SegmentedRaftLogWorker for RaftStorage:Storage Directory /workdir/hadoop-ozone/integration-test/target/test-dir/MiniOzoneClusterImpl-af2b7d54-0113-4939-817a-ba600847c27b/datanode-3/data/ratis/65066c4e-dded-4518-9c45-a628aea70f5f
2019-10-03 14:57:53,446 [pool-57-thread-1] INFO  server.RaftServerConfigKeys (ConfUtils.java:logGet(43)) - raft.server.log.queue.byte-limit = 2147483647 (custom)
2019-10-03 14:57:53,447 [pool-57-thread-1] INFO  server.RaftServerConfigKeys (ConfUtils.java:logGet(43)) - raft.server.log.queue.element-limit = 1024 (custom)
2019-10-03 14:57:53,447 [main] INFO  rpc.RpcClient (RpcClient.java:createVolume(277)) - Creating Volume: watchforcommithandlingtest, with jenkins1000 as owner.
2019-10-03 14:57:53,447 [pool-57-thread-1] INFO  server.RaftServerConfigKeys (ConfUtils.java:logGet(43)) - raft.server.log.segment.size.max = 1048576 (custom)
2019-10-03 14:57:53,447 [pool-57-thread-1] INFO  server.RaftServerConfigKeys (ConfUtils.java:logGet(43)) - raft.server.log.preallocated.size = 16384 (custom)
2019-10-03 14:57:53,448 [pool-57-thread-1] INFO  server.RaftServerConfigKeys (ConfUtils.java:logGet(43)) - raft.server.log.write.buffer.size = 33554432 (custom)
2019-10-03 14:57:53,448 [pool-57-thread-1] INFO  server.RaftServerConfigKeys (ConfUtils.java:logGet(43)) - raft.server.log.force.sync.num = 128 (default)
2019-10-03 14:57:53,448 [pool-57-thread-1] INFO  server.RaftServerConfigKeys (ConfUtils.java:logGet(43)) - raft.server.log.statemachine.data.sync = true (default)
2019-10-03 14:57:53,448 [pool-57-thread-1] INFO  server.RaftServerConfigKeys (ConfUtils.java:logGet(43)) - raft.server.log.statemachine.data.sync.timeout = 10s (default)
2019-10-03 14:57:53,448 [pool-57-thread-1] INFO  server.RaftServerConfigKeys (ConfUtils.java:logGet(43)) - raft.server.log.statemachine.data.sync.timeout.retry = -1 (default)
2019-10-03 14:57:53,450 [pool-57-thread-1] INFO  server.RaftServerConfigKeys (ConfUtils.java:logGet(43)) - raft.server.log.statemachine.data.caching.enabled = true (custom)
2019-10-03 14:57:53,450 [pool-57-thread-1] INFO  segmented.SegmentedRaftLogWorker (SegmentedRaftLogWorker.java:lambda$new$0(128)) - 5a44bd04-ecf8-4f1a-9db6-edf6da10f7f5@group-A628AEA70F5F-SegmentedRaftLogWorker: flushIndex: setUnconditionally 0 -> -1
2019-10-03 14:57:53,450 [pool-57-thread-1] INFO  server.RaftServerConfigKeys (ConfUtils.java:logGet(43)) - raft.server.snapshot.auto.trigger.enabled = true (custom)
2019-10-03 14:57:53,451 [pool-57-thread-1] INFO  server.RaftServerConfigKeys (ConfUtils.java:logGet(43)) - raft.server.snapshot.auto.trigger.threshold = 10000 (custom)
2019-10-03 14:57:53,451 [pool-57-thread-1] INFO  server.RaftServerConfigKeys (ConfUtils.java:logGet(43)) - raft.server.snapshot.retention.file.num = 5 (custom)
2019-10-03 14:57:53,451 [pool-57-thread-1] INFO  server.RaftServerConfigKeys (ConfUtils.java:logGet(43)) - raft.server.retrycache.expirytime = 600000ms (custom)
2019-10-03 14:57:53,458 [pool-57-thread-1] INFO  impl.RaftServerImpl (RaftServerImpl.java:start(181)) - 5a44bd04-ecf8-4f1a-9db6-edf6da10f7f5@group-A628AEA70F5F: start as a follower, conf=-1: [5a44bd04-ecf8-4f1a-9db6-edf6da10f7f5:192.168.151.96:37447], old=null
2019-10-03 14:57:53,458 [pool-57-thread-1] INFO  impl.RaftServerImpl (RaftServerImpl.java:setRole(170)) - 5a44bd04-ecf8-4f1a-9db6-edf6da10f7f5@group-A628AEA70F5F: changes role from      null to FOLLOWER at term 0 for startAsFollower
2019-10-03 14:57:53,459 [pool-57-thread-1] INFO  impl.RoleInfo (RoleInfo.java:updateAndGet(143)) - 5a44bd04-ecf8-4f1a-9db6-edf6da10f7f5: start FollowerState
2019-10-03 14:57:53,459 [pool-57-thread-1] INFO  util.JmxRegister (JmxRegister.java:tryRegister(44)) - Successfully registered JMX Bean with object name Ratis:service=RaftServer,group=group-A628AEA70F5F,id=5a44bd04-ecf8-4f1a-9db6-edf6da10f7f5
2019-10-03 14:57:53,478 [RatisPipelineUtilsThread] INFO  pipeline.PipelineStateManager (PipelineStateManager.java:addPipeline(56)) - Created pipeline Pipeline[ Id: 65066c4e-dded-4518-9c45-a628aea70f5f, Nodes: 5a44bd04-ecf8-4f1a-9db6-edf6da10f7f5{ip: 192.168.151.96, host: pr-hdds-2217-vb45t-2318454878, networkLocation: /default-rack, certSerialId: null}, Type:RATIS, Factor:ONE, State:OPEN]
2019-10-03 14:57:53,500 [grpc-default-executor-0] INFO  impl.RaftServerProxy (RaftServerProxy.java:addNew(89)) - 5939012d-523e-48de-b11a-e17c8814c4fe: addNew group-DE850F1D368B:[5939012d-523e-48de-b11a-e17c8814c4fe:192.168.151.96:33107] returns group-DE850F1D368B:java.util.concurrent.CompletableFuture@35b91fa5[Not completed]
2019-10-03 14:57:53,503 [pool-47-thread-1] INFO  impl.RaftServerImpl (RaftServerImpl.java:<init>(95)) - 5939012d-523e-48de-b11a-e17c8814c4fe: new RaftServerImpl for group-DE850F1D368B:[5939012d-523e-48de-b11a-e17c8814c4fe:192.168.151.96:33107] with ContainerStateMachine:uninitialized
2019-10-03 14:57:53,503 [pool-47-thread-1] INFO  server.RaftServerConfigKeys (ConfUtils.java:logGet(43)) - raft.server.rpc.timeout.min = 5s (custom)
2019-10-03 14:57:53,503 [pool-47-thread-1] INFO  server.RaftServerConfigKeys (ConfUtils.java:logGet(43)) - raft.server.rpc.timeout.max = 5200ms (custom)
2019-10-03 14:57:53,503 [pool-47-thread-1] INFO  server.RaftServerConfigKeys (ConfUtils.java:logGet(43)) - raft.server.rpcslowness.timeout = 120s (custom)
2019-10-03 14:57:53,504 [pool-47-thread-1] INFO  server.RaftServerConfigKeys (ConfUtils.java:logGet(43)) - raft.server.sleep.deviation.threshold = 300 (default)
2019-10-03 14:57:53,505 [pool-47-thread-1] INFO  server.RaftServerConfigKeys (ConfUtils.java:logGet(43)) - raft.server.log.appender.install.snapshot.enabled = false (custom)
2019-10-03 14:57:53,505 [pool-47-thread-1] INFO  impl.RaftServerImpl (ServerState.java:<init>(103)) - 5939012d-523e-48de-b11a-e17c8814c4fe@group-DE850F1D368B: ConfigurationManager, init=-1: [5939012d-523e-48de-b11a-e17c8814c4fe:192.168.151.96:33107], old=null, confs=<EMPTY_MAP>
2019-10-03 14:57:53,505 [pool-47-thread-1] INFO  server.RaftServerConfigKeys (ConfUtils.java:logGet(43)) - raft.server.storage.dir = [/workdir/hadoop-ozone/integration-test/target/test-dir/MiniOzoneClusterImpl-af2b7d54-0113-4939-817a-ba600847c27b/datanode-2/data/ratis] (custom)
2019-10-03 14:57:53,506 [pool-47-thread-1] INFO  server.RaftServerConfigKeys (ConfUtils.java:logGet(43)) - raft.server.log.corruption.policy = EXCEPTION (default)
2019-10-03 14:57:53,506 [pool-47-thread-1] INFO  storage.RaftStorageDirectory (RaftStorageDirectory.java:analyzeStorage(246)) - The storage directory /workdir/hadoop-ozone/integration-test/target/test-dir/MiniOzoneClusterImpl-af2b7d54-0113-4939-817a-ba600847c27b/datanode-2/data/ratis/71214fbb-ccd4-4574-8139-de850f1d368b does not exist. Creating ...
2019-10-03 14:57:53,516 [pool-47-thread-1] INFO  storage.RaftStorageDirectory (RaftStorageDirectory.java:tryLock(328)) - Lock on /workdir/hadoop-ozone/integration-test/target/test-dir/MiniOzoneClusterImpl-af2b7d54-0113-4939-817a-ba600847c27b/datanode-2/data/ratis/71214fbb-ccd4-4574-8139-de850f1d368b/in_use.lock acquired by nodename 22154@pr-hdds-2217-vb45t-2318454878
2019-10-03 14:57:53,530 [pool-47-thread-1] INFO  storage.RaftStorage (RaftStorage.java:format(84)) - Storage directory /workdir/hadoop-ozone/integration-test/target/test-dir/MiniOzoneClusterImpl-af2b7d54-0113-4939-817a-ba600847c27b/datanode-2/data/ratis/71214fbb-ccd4-4574-8139-de850f1d368b has been successfully formatted.
2019-10-03 14:57:53,531 [pool-47-thread-1] INFO  ratis.ContainerStateMachine (ContainerStateMachine.java:loadSnapshot(230)) - group-DE850F1D368B: The snapshot info is null. Setting the last applied indexto:(t:0, i:~)
2019-10-03 14:57:53,531 [pool-47-thread-1] INFO  server.RaftServerConfigKeys (ConfUtils.java:logGet(43)) - raft.server.notification.no-leader.timeout = 120s (custom)
2019-10-03 14:57:53,531 [pool-47-thread-1] INFO  server.RaftServerConfigKeys (ConfUtils.java:logGet(43)) - raft.server.log.use.memory = false (default)
2019-10-03 14:57:53,531 [pool-47-thread-1] INFO  server.RaftServerConfigKeys (ConfUtils.java:logGet(43)) - raft.server.log.purge.gap = 1000000 (custom)
2019-10-03 14:57:53,532 [pool-47-thread-1] INFO  server.RaftServerConfigKeys (ConfUtils.java:logGet(43)) - raft.server.log.appender.buffer.byte-limit = 33554432 (custom)
2019-10-03 14:57:53,532 [pool-47-thread-1] INFO  server.RaftServerConfigKeys (ConfUtils.java:logGet(43)) - raft.server.log.segment.size.max = 1048576 (custom)
2019-10-03 14:57:53,536 [pool-47-thread-1] INFO  server.RaftServerConfigKeys (ConfUtils.java:logGet(43)) - raft.server.log.segment.cache.num.max = 2 (custom)
2019-10-03 14:57:53,536 [pool-47-thread-1] INFO  segmented.SegmentedRaftLogWorker (SegmentedRaftLogWorker.java:<init>(173)) - new 5939012d-523e-48de-b11a-e17c8814c4fe@group-DE850F1D368B-SegmentedRaftLogWorker for RaftStorage:Storage Directory /workdir/hadoop-ozone/integration-test/target/test-dir/MiniOzoneClusterImpl-af2b7d54-0113-4939-817a-ba600847c27b/datanode-2/data/ratis/71214fbb-ccd4-4574-8139-de850f1d368b
2019-10-03 14:57:53,536 [pool-47-thread-1] INFO  server.RaftServerConfigKeys (ConfUtils.java:logGet(43)) - raft.server.log.queue.byte-limit = 2147483647 (custom)
2019-10-03 14:57:53,536 [pool-47-thread-1] INFO  server.RaftServerConfigKeys (ConfUtils.java:logGet(43)) - raft.server.log.queue.element-limit = 1024 (custom)
2019-10-03 14:57:53,536 [pool-47-thread-1] INFO  server.RaftServerConfigKeys (ConfUtils.java:logGet(43)) - raft.server.log.segment.size.max = 1048576 (custom)
2019-10-03 14:57:53,537 [pool-47-thread-1] INFO  server.RaftServerConfigKeys (ConfUtils.java:logGet(43)) - raft.server.log.preallocated.size = 16384 (custom)
2019-10-03 14:57:53,537 [pool-47-thread-1] INFO  server.RaftServerConfigKeys (ConfUtils.java:logGet(43)) - raft.server.log.write.buffer.size = 33554432 (custom)
2019-10-03 14:57:53,537 [pool-47-thread-1] INFO  server.RaftServerConfigKeys (ConfUtils.java:logGet(43)) - raft.server.log.force.sync.num = 128 (default)
2019-10-03 14:57:53,537 [pool-47-thread-1] INFO  server.RaftServerConfigKeys (ConfUtils.java:logGet(43)) - raft.server.log.statemachine.data.sync = true (default)
2019-10-03 14:57:53,537 [pool-47-thread-1] INFO  server.RaftServerConfigKeys (ConfUtils.java:logGet(43)) - raft.server.log.statemachine.data.sync.timeout = 10s (default)
2019-10-03 14:57:53,537 [pool-47-thread-1] INFO  server.RaftServerConfigKeys (ConfUtils.java:logGet(43)) - raft.server.log.statemachine.data.sync.timeout.retry = -1 (default)
2019-10-03 14:57:53,538 [pool-47-thread-1] INFO  server.RaftServerConfigKeys (ConfUtils.java:logGet(43)) - raft.server.log.statemachine.data.caching.enabled = true (custom)
2019-10-03 14:57:53,538 [pool-47-thread-1] INFO  segmented.SegmentedRaftLogWorker (SegmentedRaftLogWorker.java:lambda$new$0(128)) - 5939012d-523e-48de-b11a-e17c8814c4fe@group-DE850F1D368B-SegmentedRaftLogWorker: flushIndex: setUnconditionally 0 -> -1
2019-10-03 14:57:53,539 [pool-47-thread-1] INFO  server.RaftServerConfigKeys (ConfUtils.java:logGet(43)) - raft.server.snapshot.auto.trigger.enabled = true (custom)
2019-10-03 14:57:53,539 [pool-47-thread-1] INFO  server.RaftServerConfigKeys (ConfUtils.java:logGet(43)) - raft.server.snapshot.auto.trigger.threshold = 10000 (custom)
2019-10-03 14:57:53,539 [pool-47-thread-1] INFO  server.RaftServerConfigKeys (ConfUtils.java:logGet(43)) - raft.server.snapshot.retention.file.num = 5 (custom)
2019-10-03 14:57:53,539 [pool-47-thread-1] INFO  server.RaftServerConfigKeys (ConfUtils.java:logGet(43)) - raft.server.retrycache.expirytime = 600000ms (custom)
2019-10-03 14:57:53,543 [pool-47-thread-1] INFO  impl.RaftServerImpl (RaftServerImpl.java:start(181)) - 5939012d-523e-48de-b11a-e17c8814c4fe@group-DE850F1D368B: start as a follower, conf=-1: [5939012d-523e-48de-b11a-e17c8814c4fe:192.168.151.96:33107], old=null
2019-10-03 14:57:53,543 [pool-47-thread-1] INFO  impl.RaftServerImpl (RaftServerImpl.java:setRole(170)) - 5939012d-523e-48de-b11a-e17c8814c4fe@group-DE850F1D368B: changes role from      null to FOLLOWER at term 0 for startAsFollower
2019-10-03 14:57:53,543 [pool-47-thread-1] INFO  impl.RoleInfo (RoleInfo.java:updateAndGet(143)) - 5939012d-523e-48de-b11a-e17c8814c4fe: start FollowerState
2019-10-03 14:57:53,544 [pool-47-thread-1] INFO  util.JmxRegister (JmxRegister.java:tryRegister(44)) - Successfully registered JMX Bean with object name Ratis:service=RaftServer,group=group-DE850F1D368B,id=5939012d-523e-48de-b11a-e17c8814c4fe
2019-10-03 14:57:53,564 [RatisPipelineUtilsThread] INFO  pipeline.PipelineStateManager (PipelineStateManager.java:addPipeline(56)) - Created pipeline Pipeline[ Id: 71214fbb-ccd4-4574-8139-de850f1d368b, Nodes: 5939012d-523e-48de-b11a-e17c8814c4fe{ip: 192.168.151.96, host: pr-hdds-2217-vb45t-2318454878, networkLocation: /default-rack, certSerialId: null}, Type:RATIS, Factor:ONE, State:OPEN]
2019-10-03 14:57:53,588 [grpc-default-executor-0] INFO  impl.RaftServerProxy (RaftServerProxy.java:addNew(89)) - aeb13d51-4f04-4500-a428-f5834c47dfc1: addNew group-F22580D9FF4C:[aeb13d51-4f04-4500-a428-f5834c47dfc1:192.168.151.96:35942] returns group-F22580D9FF4C:java.util.concurrent.CompletableFuture@466e84aa[Not completed]
2019-10-03 14:57:53,592 [pool-67-thread-1] INFO  impl.RaftServerImpl (RaftServerImpl.java:<init>(95)) - aeb13d51-4f04-4500-a428-f5834c47dfc1: new RaftServerImpl for group-F22580D9FF4C:[aeb13d51-4f04-4500-a428-f5834c47dfc1:192.168.151.96:35942] with ContainerStateMachine:uninitialized
2019-10-03 14:57:53,593 [pool-67-thread-1] INFO  server.RaftServerConfigKeys (ConfUtils.java:logGet(43)) - raft.server.rpc.timeout.min = 5s (custom)
2019-10-03 14:57:53,593 [pool-67-thread-1] INFO  server.RaftServerConfigKeys (ConfUtils.java:logGet(43)) - raft.server.rpc.timeout.max = 5200ms (custom)
2019-10-03 14:57:53,593 [pool-67-thread-1] INFO  server.RaftServerConfigKeys (ConfUtils.java:logGet(43)) - raft.server.rpcslowness.timeout = 120s (custom)
2019-10-03 14:57:53,593 [pool-67-thread-1] INFO  server.RaftServerConfigKeys (ConfUtils.java:logGet(43)) - raft.server.sleep.deviation.threshold = 300 (default)
2019-10-03 14:57:53,593 [pool-67-thread-1] INFO  server.RaftServerConfigKeys (ConfUtils.java:logGet(43)) - raft.server.log.appender.install.snapshot.enabled = false (custom)
2019-10-03 14:57:53,594 [pool-67-thread-1] INFO  impl.RaftServerImpl (ServerState.java:<init>(103)) - aeb13d51-4f04-4500-a428-f5834c47dfc1@group-F22580D9FF4C: ConfigurationManager, init=-1: [aeb13d51-4f04-4500-a428-f5834c47dfc1:192.168.151.96:35942], old=null, confs=<EMPTY_MAP>
2019-10-03 14:57:53,594 [pool-67-thread-1] INFO  server.RaftServerConfigKeys (ConfUtils.java:logGet(43)) - raft.server.storage.dir = [/workdir/hadoop-ozone/integration-test/target/test-dir/MiniOzoneClusterImpl-af2b7d54-0113-4939-817a-ba600847c27b/datanode-4/data/ratis] (custom)
2019-10-03 14:57:53,594 [pool-67-thread-1] INFO  server.RaftServerConfigKeys (ConfUtils.java:logGet(43)) - raft.server.log.corruption.policy = EXCEPTION (default)
2019-10-03 14:57:53,595 [pool-67-thread-1] INFO  storage.RaftStorageDirectory (RaftStorageDirectory.java:analyzeStorage(246)) - The storage directory /workdir/hadoop-ozone/integration-test/target/test-dir/MiniOzoneClusterImpl-af2b7d54-0113-4939-817a-ba600847c27b/datanode-4/data/ratis/05d96b67-d15a-4f17-955b-f22580d9ff4c does not exist. Creating ...
2019-10-03 14:57:53,609 [pool-67-thread-1] INFO  storage.RaftStorageDirectory (RaftStorageDirectory.java:tryLock(328)) - Lock on /workdir/hadoop-ozone/integration-test/target/test-dir/MiniOzoneClusterImpl-af2b7d54-0113-4939-817a-ba600847c27b/datanode-4/data/ratis/05d96b67-d15a-4f17-955b-f22580d9ff4c/in_use.lock acquired by nodename 22154@pr-hdds-2217-vb45t-2318454878
2019-10-03 14:57:53,613 [IPC Server handler 5 on 34759] INFO  volume.OMVolumeCreateRequest (OMVolumeCreateRequest.java:validateAndUpdateCache(193)) - created volume:watchforcommithandlingtest for user:jenkins1000
2019-10-03 14:57:53,980 [pool-67-thread-1] INFO  storage.RaftStorage (RaftStorage.java:format(84)) - Storage directory /workdir/hadoop-ozone/integration-test/target/test-dir/MiniOzoneClusterImpl-af2b7d54-0113-4939-817a-ba600847c27b/datanode-4/data/ratis/05d96b67-d15a-4f17-955b-f22580d9ff4c has been successfully formatted.
2019-10-03 14:57:53,981 [pool-67-thread-1] INFO  ratis.ContainerStateMachine (ContainerStateMachine.java:loadSnapshot(230)) - group-F22580D9FF4C: The snapshot info is null. Setting the last applied indexto:(t:0, i:~)
2019-10-03 14:57:53,981 [pool-67-thread-1] INFO  server.RaftServerConfigKeys (ConfUtils.java:logGet(43)) - raft.server.notification.no-leader.timeout = 120s (custom)
2019-10-03 14:57:53,981 [pool-67-thread-1] INFO  server.RaftServerConfigKeys (ConfUtils.java:logGet(43)) - raft.server.log.use.memory = false (default)
2019-10-03 14:57:53,982 [pool-67-thread-1] INFO  server.RaftServerConfigKeys (ConfUtils.java:logGet(43)) - raft.server.log.purge.gap = 1000000 (custom)
2019-10-03 14:57:53,985 [pool-67-thread-1] INFO  server.RaftServerConfigKeys (ConfUtils.java:logGet(43)) - raft.server.log.appender.buffer.byte-limit = 33554432 (custom)
2019-10-03 14:57:53,987 [pool-67-thread-1] INFO  server.RaftServerConfigKeys (ConfUtils.java:logGet(43)) - raft.server.log.segment.size.max = 1048576 (custom)
2019-10-03 14:57:54,001 [pool-67-thread-1] INFO  server.RaftServerConfigKeys (ConfUtils.java:logGet(43)) - raft.server.log.segment.cache.num.max = 2 (custom)
2019-10-03 14:57:54,002 [pool-67-thread-1] INFO  segmented.SegmentedRaftLogWorker (SegmentedRaftLogWorker.java:<init>(173)) - new aeb13d51-4f04-4500-a428-f5834c47dfc1@group-F22580D9FF4C-SegmentedRaftLogWorker for RaftStorage:Storage Directory /workdir/hadoop-ozone/integration-test/target/test-dir/MiniOzoneClusterImpl-af2b7d54-0113-4939-817a-ba600847c27b/datanode-4/data/ratis/05d96b67-d15a-4f17-955b-f22580d9ff4c
2019-10-03 14:57:54,002 [pool-67-thread-1] INFO  server.RaftServerConfigKeys (ConfUtils.java:logGet(43)) - raft.server.log.queue.byte-limit = 2147483647 (custom)
2019-10-03 14:57:54,002 [pool-67-thread-1] INFO  server.RaftServerConfigKeys (ConfUtils.java:logGet(43)) - raft.server.log.queue.element-limit = 1024 (custom)
2019-10-03 14:57:54,002 [pool-67-thread-1] INFO  server.RaftServerConfigKeys (ConfUtils.java:logGet(43)) - raft.server.log.segment.size.max = 1048576 (custom)
2019-10-03 14:57:54,002 [pool-67-thread-1] INFO  server.RaftServerConfigKeys (ConfUtils.java:logGet(43)) - raft.server.log.preallocated.size = 16384 (custom)
2019-10-03 14:57:54,003 [pool-67-thread-1] INFO  server.RaftServerConfigKeys (ConfUtils.java:logGet(43)) - raft.server.log.write.buffer.size = 33554432 (custom)
2019-10-03 14:57:54,003 [pool-67-thread-1] INFO  server.RaftServerConfigKeys (ConfUtils.java:logGet(43)) - raft.server.log.force.sync.num = 128 (default)
2019-10-03 14:57:54,003 [pool-67-thread-1] INFO  server.RaftServerConfigKeys (ConfUtils.java:logGet(43)) - raft.server.log.statemachine.data.sync = true (default)
2019-10-03 14:57:54,003 [pool-67-thread-1] INFO  server.RaftServerConfigKeys (ConfUtils.java:logGet(43)) - raft.server.log.statemachine.data.sync.timeout = 10s (default)
2019-10-03 14:57:54,003 [pool-67-thread-1] INFO  server.RaftServerConfigKeys (ConfUtils.java:logGet(43)) - raft.server.log.statemachine.data.sync.timeout.retry = -1 (default)
2019-10-03 14:57:54,007 [pool-67-thread-1] INFO  server.RaftServerConfigKeys (ConfUtils.java:logGet(43)) - raft.server.log.statemachine.data.caching.enabled = true (custom)
2019-10-03 14:57:54,008 [pool-67-thread-1] INFO  segmented.SegmentedRaftLogWorker (SegmentedRaftLogWorker.java:lambda$new$0(128)) - aeb13d51-4f04-4500-a428-f5834c47dfc1@group-F22580D9FF4C-SegmentedRaftLogWorker: flushIndex: setUnconditionally 0 -> -1
2019-10-03 14:57:54,008 [pool-67-thread-1] INFO  server.RaftServerConfigKeys (ConfUtils.java:logGet(43)) - raft.server.snapshot.auto.trigger.enabled = true (custom)
2019-10-03 14:57:54,013 [pool-67-thread-1] INFO  server.RaftServerConfigKeys (ConfUtils.java:logGet(43)) - raft.server.snapshot.auto.trigger.threshold = 10000 (custom)
2019-10-03 14:57:54,014 [pool-67-thread-1] INFO  server.RaftServerConfigKeys (ConfUtils.java:logGet(43)) - raft.server.snapshot.retention.file.num = 5 (custom)
2019-10-03 14:57:54,016 [pool-67-thread-1] INFO  server.RaftServerConfigKeys (ConfUtils.java:logGet(43)) - raft.server.retrycache.expirytime = 600000ms (custom)
2019-10-03 14:57:54,042 [pool-67-thread-1] INFO  impl.RaftServerImpl (RaftServerImpl.java:start(181)) - aeb13d51-4f04-4500-a428-f5834c47dfc1@group-F22580D9FF4C: start as a follower, conf=-1: [aeb13d51-4f04-4500-a428-f5834c47dfc1:192.168.151.96:35942], old=null
2019-10-03 14:57:54,043 [pool-67-thread-1] INFO  impl.RaftServerImpl (RaftServerImpl.java:setRole(170)) - aeb13d51-4f04-4500-a428-f5834c47dfc1@group-F22580D9FF4C: changes role from      null to FOLLOWER at term 0 for startAsFollower
2019-10-03 14:57:54,043 [pool-67-thread-1] INFO  impl.RoleInfo (RoleInfo.java:updateAndGet(143)) - aeb13d51-4f04-4500-a428-f5834c47dfc1: start FollowerState
2019-10-03 14:57:54,043 [pool-67-thread-1] INFO  util.JmxRegister (JmxRegister.java:tryRegister(44)) - Successfully registered JMX Bean with object name Ratis:service=RaftServer,group=group-F22580D9FF4C,id=aeb13d51-4f04-4500-a428-f5834c47dfc1
2019-10-03 14:57:54,053 [main] INFO  rpc.RpcClient (RpcClient.java:createBucket(416)) - Creating Bucket: watchforcommithandlingtest/watchforcommithandlingtest, with Versioning false and Storage Type set to DISK and Encryption set to false 
2019-10-03 14:57:54,066 [RatisPipelineUtilsThread] INFO  pipeline.PipelineStateManager (PipelineStateManager.java:addPipeline(56)) - Created pipeline Pipeline[ Id: 05d96b67-d15a-4f17-955b-f22580d9ff4c, Nodes: aeb13d51-4f04-4500-a428-f5834c47dfc1{ip: 192.168.151.96, host: pr-hdds-2217-vb45t-2318454878, networkLocation: /default-rack, certSerialId: null}, Type:RATIS, Factor:ONE, State:OPEN]
2019-10-03 14:57:54,112 [grpc-default-executor-0] INFO  impl.RaftServerProxy (RaftServerProxy.java:addNew(89)) - d0f92f17-6121-461d-b5ce-3d521f80ac07: addNew group-5F0AB043F769:[d0f92f17-6121-461d-b5ce-3d521f80ac07:192.168.151.96:43444] returns group-5F0AB043F769:java.util.concurrent.CompletableFuture@663907f3[Not completed]
2019-10-03 14:57:54,128 [pool-77-thread-1] INFO  impl.RaftServerImpl (RaftServerImpl.java:<init>(95)) - d0f92f17-6121-461d-b5ce-3d521f80ac07: new RaftServerImpl for group-5F0AB043F769:[d0f92f17-6121-461d-b5ce-3d521f80ac07:192.168.151.96:43444] with ContainerStateMachine:uninitialized
2019-10-03 14:57:54,128 [pool-77-thread-1] INFO  server.RaftServerConfigKeys (ConfUtils.java:logGet(43)) - raft.server.rpc.timeout.min = 5s (custom)
2019-10-03 14:57:54,130 [pool-77-thread-1] INFO  server.RaftServerConfigKeys (ConfUtils.java:logGet(43)) - raft.server.rpc.timeout.max = 5200ms (custom)
2019-10-03 14:57:54,130 [pool-77-thread-1] INFO  server.RaftServerConfigKeys (ConfUtils.java:logGet(43)) - raft.server.rpcslowness.timeout = 120s (custom)
2019-10-03 14:57:54,130 [pool-77-thread-1] INFO  server.RaftServerConfigKeys (ConfUtils.java:logGet(43)) - raft.server.sleep.deviation.threshold = 300 (default)
2019-10-03 14:57:54,130 [pool-77-thread-1] INFO  server.RaftServerConfigKeys (ConfUtils.java:logGet(43)) - raft.server.log.appender.install.snapshot.enabled = false (custom)
2019-10-03 14:57:54,131 [pool-77-thread-1] INFO  impl.RaftServerImpl (ServerState.java:<init>(103)) - d0f92f17-6121-461d-b5ce-3d521f80ac07@group-5F0AB043F769: ConfigurationManager, init=-1: [d0f92f17-6121-461d-b5ce-3d521f80ac07:192.168.151.96:43444], old=null, confs=<EMPTY_MAP>
2019-10-03 14:57:54,131 [pool-77-thread-1] INFO  server.RaftServerConfigKeys (ConfUtils.java:logGet(43)) - raft.server.storage.dir = [/workdir/hadoop-ozone/integration-test/target/test-dir/MiniOzoneClusterImpl-af2b7d54-0113-4939-817a-ba600847c27b/datanode-5/data/ratis] (custom)
2019-10-03 14:57:54,131 [pool-77-thread-1] INFO  server.RaftServerConfigKeys (ConfUtils.java:logGet(43)) - raft.server.log.corruption.policy = EXCEPTION (default)
2019-10-03 14:57:54,132 [pool-77-thread-1] INFO  storage.RaftStorageDirectory (RaftStorageDirectory.java:analyzeStorage(246)) - The storage directory /workdir/hadoop-ozone/integration-test/target/test-dir/MiniOzoneClusterImpl-af2b7d54-0113-4939-817a-ba600847c27b/datanode-5/data/ratis/efbddb20-2a57-4f69-aa31-5f0ab043f769 does not exist. Creating ...
2019-10-03 14:57:54,135 [main] INFO  ozone.MiniOzoneClusterImpl (MiniOzoneClusterImpl.java:getStorageContainerLocationClient(234)) - Creating StorageContainerLocationProtocol RPC client with address /0.0.0.0:39018
2019-10-03 14:57:54,157 [pool-77-thread-1] INFO  storage.RaftStorageDirectory (RaftStorageDirectory.java:tryLock(328)) - Lock on /workdir/hadoop-ozone/integration-test/target/test-dir/MiniOzoneClusterImpl-af2b7d54-0113-4939-817a-ba600847c27b/datanode-5/data/ratis/efbddb20-2a57-4f69-aa31-5f0ab043f769/in_use.lock acquired by nodename 22154@pr-hdds-2217-vb45t-2318454878
2019-10-03 14:57:54,170 [pool-77-thread-1] INFO  storage.RaftStorage (RaftStorage.java:format(84)) - Storage directory /workdir/hadoop-ozone/integration-test/target/test-dir/MiniOzoneClusterImpl-af2b7d54-0113-4939-817a-ba600847c27b/datanode-5/data/ratis/efbddb20-2a57-4f69-aa31-5f0ab043f769 has been successfully formatted.
2019-10-03 14:57:54,170 [pool-77-thread-1] INFO  ratis.ContainerStateMachine (ContainerStateMachine.java:loadSnapshot(230)) - group-5F0AB043F769: The snapshot info is null. Setting the last applied indexto:(t:0, i:~)
2019-10-03 14:57:54,171 [pool-77-thread-1] INFO  server.RaftServerConfigKeys (ConfUtils.java:logGet(43)) - raft.server.notification.no-leader.timeout = 120s (custom)
2019-10-03 14:57:54,171 [pool-77-thread-1] INFO  server.RaftServerConfigKeys (ConfUtils.java:logGet(43)) - raft.server.log.use.memory = false (default)
2019-10-03 14:57:54,171 [pool-77-thread-1] INFO  server.RaftServerConfigKeys (ConfUtils.java:logGet(43)) - raft.server.log.purge.gap = 1000000 (custom)
2019-10-03 14:57:54,171 [pool-77-thread-1] INFO  server.RaftServerConfigKeys (ConfUtils.java:logGet(43)) - raft.server.log.appender.buffer.byte-limit = 33554432 (custom)
2019-10-03 14:57:54,171 [pool-77-thread-1] INFO  server.RaftServerConfigKeys (ConfUtils.java:logGet(43)) - raft.server.log.segment.size.max = 1048576 (custom)
2019-10-03 14:57:54,174 [pool-77-thread-1] INFO  server.RaftServerConfigKeys (ConfUtils.java:logGet(43)) - raft.server.log.segment.cache.num.max = 2 (custom)
2019-10-03 14:57:54,174 [pool-77-thread-1] INFO  segmented.SegmentedRaftLogWorker (SegmentedRaftLogWorker.java:<init>(173)) - new d0f92f17-6121-461d-b5ce-3d521f80ac07@group-5F0AB043F769-SegmentedRaftLogWorker for RaftStorage:Storage Directory /workdir/hadoop-ozone/integration-test/target/test-dir/MiniOzoneClusterImpl-af2b7d54-0113-4939-817a-ba600847c27b/datanode-5/data/ratis/efbddb20-2a57-4f69-aa31-5f0ab043f769
2019-10-03 14:57:54,174 [pool-77-thread-1] INFO  server.RaftServerConfigKeys (ConfUtils.java:logGet(43)) - raft.server.log.queue.byte-limit = 2147483647 (custom)
2019-10-03 14:57:54,174 [pool-77-thread-1] INFO  server.RaftServerConfigKeys (ConfUtils.java:logGet(43)) - raft.server.log.queue.element-limit = 1024 (custom)
2019-10-03 14:57:54,174 [pool-77-thread-1] INFO  server.RaftServerConfigKeys (ConfUtils.java:logGet(43)) - raft.server.log.segment.size.max = 1048576 (custom)
2019-10-03 14:57:54,174 [pool-77-thread-1] INFO  server.RaftServerConfigKeys (ConfUtils.java:logGet(43)) - raft.server.log.preallocated.size = 16384 (custom)
2019-10-03 14:57:54,175 [pool-77-thread-1] INFO  server.RaftServerConfigKeys (ConfUtils.java:logGet(43)) - raft.server.log.write.buffer.size = 33554432 (custom)
2019-10-03 14:57:54,175 [pool-77-thread-1] INFO  server.RaftServerConfigKeys (ConfUtils.java:logGet(43)) - raft.server.log.force.sync.num = 128 (default)
2019-10-03 14:57:54,175 [pool-77-thread-1] INFO  server.RaftServerConfigKeys (ConfUtils.java:logGet(43)) - raft.server.log.statemachine.data.sync = true (default)
2019-10-03 14:57:54,175 [pool-77-thread-1] INFO  server.RaftServerConfigKeys (ConfUtils.java:logGet(43)) - raft.server.log.statemachine.data.sync.timeout = 10s (default)
2019-10-03 14:57:54,175 [pool-77-thread-1] INFO  server.RaftServerConfigKeys (ConfUtils.java:logGet(43)) - raft.server.log.statemachine.data.sync.timeout.retry = -1 (default)
2019-10-03 14:57:54,176 [pool-77-thread-1] INFO  server.RaftServerConfigKeys (ConfUtils.java:logGet(43)) - raft.server.log.statemachine.data.caching.enabled = true (custom)
2019-10-03 14:57:54,176 [pool-77-thread-1] INFO  segmented.SegmentedRaftLogWorker (SegmentedRaftLogWorker.java:lambda$new$0(128)) - d0f92f17-6121-461d-b5ce-3d521f80ac07@group-5F0AB043F769-SegmentedRaftLogWorker: flushIndex: setUnconditionally 0 -> -1
2019-10-03 14:57:54,176 [pool-77-thread-1] INFO  server.RaftServerConfigKeys (ConfUtils.java:logGet(43)) - raft.server.snapshot.auto.trigger.enabled = true (custom)
2019-10-03 14:57:54,176 [pool-77-thread-1] INFO  server.RaftServerConfigKeys (ConfUtils.java:logGet(43)) - raft.server.snapshot.auto.trigger.threshold = 10000 (custom)
2019-10-03 14:57:54,176 [pool-77-thread-1] INFO  server.RaftServerConfigKeys (ConfUtils.java:logGet(43)) - raft.server.snapshot.retention.file.num = 5 (custom)
2019-10-03 14:57:54,177 [pool-77-thread-1] INFO  server.RaftServerConfigKeys (ConfUtils.java:logGet(43)) - raft.server.retrycache.expirytime = 600000ms (custom)
2019-10-03 14:57:54,179 [pool-77-thread-1] INFO  impl.RaftServerImpl (RaftServerImpl.java:start(181)) - d0f92f17-6121-461d-b5ce-3d521f80ac07@group-5F0AB043F769: start as a follower, conf=-1: [d0f92f17-6121-461d-b5ce-3d521f80ac07:192.168.151.96:43444], old=null
2019-10-03 14:57:54,179 [pool-77-thread-1] INFO  impl.RaftServerImpl (RaftServerImpl.java:setRole(170)) - d0f92f17-6121-461d-b5ce-3d521f80ac07@group-5F0AB043F769: changes role from      null to FOLLOWER at term 0 for startAsFollower
2019-10-03 14:57:54,179 [pool-77-thread-1] INFO  impl.RoleInfo (RoleInfo.java:updateAndGet(143)) - d0f92f17-6121-461d-b5ce-3d521f80ac07: start FollowerState
2019-10-03 14:57:54,180 [pool-77-thread-1] INFO  util.JmxRegister (JmxRegister.java:tryRegister(44)) - Successfully registered JMX Bean with object name Ratis:service=RaftServer,group=group-5F0AB043F769,id=d0f92f17-6121-461d-b5ce-3d521f80ac07
2019-10-03 14:57:54,194 [RatisPipelineUtilsThread] INFO  pipeline.PipelineStateManager (PipelineStateManager.java:addPipeline(56)) - Created pipeline Pipeline[ Id: efbddb20-2a57-4f69-aa31-5f0ab043f769, Nodes: d0f92f17-6121-461d-b5ce-3d521f80ac07{ip: 192.168.151.96, host: pr-hdds-2217-vb45t-2318454878, networkLocation: /default-rack, certSerialId: null}, Type:RATIS, Factor:ONE, State:OPEN]
2019-10-03 14:57:54,211 [grpc-default-executor-0] INFO  impl.RaftServerProxy (RaftServerProxy.java:addNew(89)) - 70108865-1e07-4dd3-8a27-85ae9b70a9f3: addNew group-2C89C4DFFC19:[70108865-1e07-4dd3-8a27-85ae9b70a9f3:192.168.151.96:45386] returns group-2C89C4DFFC19:java.util.concurrent.CompletableFuture@5f272c76[Not completed]
2019-10-03 14:57:54,213 [pool-37-thread-1] INFO  impl.RaftServerImpl (RaftServerImpl.java:<init>(95)) - 70108865-1e07-4dd3-8a27-85ae9b70a9f3: new RaftServerImpl for group-2C89C4DFFC19:[70108865-1e07-4dd3-8a27-85ae9b70a9f3:192.168.151.96:45386] with ContainerStateMachine:uninitialized
2019-10-03 14:57:54,213 [pool-37-thread-1] INFO  server.RaftServerConfigKeys (ConfUtils.java:logGet(43)) - raft.server.rpc.timeout.min = 5s (custom)
2019-10-03 14:57:54,213 [pool-37-thread-1] INFO  server.RaftServerConfigKeys (ConfUtils.java:logGet(43)) - raft.server.rpc.timeout.max = 5200ms (custom)
2019-10-03 14:57:54,213 [pool-37-thread-1] INFO  server.RaftServerConfigKeys (ConfUtils.java:logGet(43)) - raft.server.rpcslowness.timeout = 120s (custom)
2019-10-03 14:57:54,213 [pool-37-thread-1] INFO  server.RaftServerConfigKeys (ConfUtils.java:logGet(43)) - raft.server.sleep.deviation.threshold = 300 (default)
2019-10-03 14:57:54,214 [pool-37-thread-1] INFO  server.RaftServerConfigKeys (ConfUtils.java:logGet(43)) - raft.server.log.appender.install.snapshot.enabled = false (custom)
2019-10-03 14:57:54,214 [pool-37-thread-1] INFO  impl.RaftServerImpl (ServerState.java:<init>(103)) - 70108865-1e07-4dd3-8a27-85ae9b70a9f3@group-2C89C4DFFC19: ConfigurationManager, init=-1: [70108865-1e07-4dd3-8a27-85ae9b70a9f3:192.168.151.96:45386], old=null, confs=<EMPTY_MAP>
2019-10-03 14:57:54,214 [pool-37-thread-1] INFO  server.RaftServerConfigKeys (ConfUtils.java:logGet(43)) - raft.server.storage.dir = [/workdir/hadoop-ozone/integration-test/target/test-dir/MiniOzoneClusterImpl-af2b7d54-0113-4939-817a-ba600847c27b/datanode-1/data/ratis] (custom)
2019-10-03 14:57:54,214 [pool-37-thread-1] INFO  server.RaftServerConfigKeys (ConfUtils.java:logGet(43)) - raft.server.log.corruption.policy = EXCEPTION (default)
2019-10-03 14:57:54,214 [pool-37-thread-1] INFO  storage.RaftStorageDirectory (RaftStorageDirectory.java:analyzeStorage(246)) - The storage directory /workdir/hadoop-ozone/integration-test/target/test-dir/MiniOzoneClusterImpl-af2b7d54-0113-4939-817a-ba600847c27b/datanode-1/data/ratis/a651abe3-5c02-4329-8f1d-2c89c4dffc19 does not exist. Creating ...
2019-10-03 14:57:54,230 [pool-37-thread-1] INFO  storage.RaftStorageDirectory (RaftStorageDirectory.java:tryLock(328)) - Lock on /workdir/hadoop-ozone/integration-test/target/test-dir/MiniOzoneClusterImpl-af2b7d54-0113-4939-817a-ba600847c27b/datanode-1/data/ratis/a651abe3-5c02-4329-8f1d-2c89c4dffc19/in_use.lock acquired by nodename 22154@pr-hdds-2217-vb45t-2318454878
2019-10-03 14:57:54,243 [pool-37-thread-1] INFO  storage.RaftStorage (RaftStorage.java:format(84)) - Storage directory /workdir/hadoop-ozone/integration-test/target/test-dir/MiniOzoneClusterImpl-af2b7d54-0113-4939-817a-ba600847c27b/datanode-1/data/ratis/a651abe3-5c02-4329-8f1d-2c89c4dffc19 has been successfully formatted.
2019-10-03 14:57:54,243 [pool-37-thread-1] INFO  ratis.ContainerStateMachine (ContainerStateMachine.java:loadSnapshot(230)) - group-2C89C4DFFC19: The snapshot info is null. Setting the last applied indexto:(t:0, i:~)
2019-10-03 14:57:54,243 [pool-37-thread-1] INFO  server.RaftServerConfigKeys (ConfUtils.java:logGet(43)) - raft.server.notification.no-leader.timeout = 120s (custom)
2019-10-03 14:57:54,243 [pool-37-thread-1] INFO  server.RaftServerConfigKeys (ConfUtils.java:logGet(43)) - raft.server.log.use.memory = false (default)
2019-10-03 14:57:54,244 [pool-37-thread-1] INFO  server.RaftServerConfigKeys (ConfUtils.java:logGet(43)) - raft.server.log.purge.gap = 1000000 (custom)
2019-10-03 14:57:54,244 [pool-37-thread-1] INFO  server.RaftServerConfigKeys (ConfUtils.java:logGet(43)) - raft.server.log.appender.buffer.byte-limit = 33554432 (custom)
2019-10-03 14:57:54,244 [pool-37-thread-1] INFO  server.RaftServerConfigKeys (ConfUtils.java:logGet(43)) - raft.server.log.segment.size.max = 1048576 (custom)
2019-10-03 14:57:54,246 [pool-37-thread-1] INFO  server.RaftServerConfigKeys (ConfUtils.java:logGet(43)) - raft.server.log.segment.cache.num.max = 2 (custom)
2019-10-03 14:57:54,246 [pool-37-thread-1] INFO  segmented.SegmentedRaftLogWorker (SegmentedRaftLogWorker.java:<init>(173)) - new 70108865-1e07-4dd3-8a27-85ae9b70a9f3@group-2C89C4DFFC19-SegmentedRaftLogWorker for RaftStorage:Storage Directory /workdir/hadoop-ozone/integration-test/target/test-dir/MiniOzoneClusterImpl-af2b7d54-0113-4939-817a-ba600847c27b/datanode-1/data/ratis/a651abe3-5c02-4329-8f1d-2c89c4dffc19
2019-10-03 14:57:54,246 [pool-37-thread-1] INFO  server.RaftServerConfigKeys (ConfUtils.java:logGet(43)) - raft.server.log.queue.byte-limit = 2147483647 (custom)
2019-10-03 14:57:54,246 [pool-37-thread-1] INFO  server.RaftServerConfigKeys (ConfUtils.java:logGet(43)) - raft.server.log.queue.element-limit = 1024 (custom)
2019-10-03 14:57:54,247 [pool-37-thread-1] INFO  server.RaftServerConfigKeys (ConfUtils.java:logGet(43)) - raft.server.log.segment.size.max = 1048576 (custom)
2019-10-03 14:57:54,247 [pool-37-thread-1] INFO  server.RaftServerConfigKeys (ConfUtils.java:logGet(43)) - raft.server.log.preallocated.size = 16384 (custom)
2019-10-03 14:57:54,247 [pool-37-thread-1] INFO  server.RaftServerConfigKeys (ConfUtils.java:logGet(43)) - raft.server.log.write.buffer.size = 33554432 (custom)
2019-10-03 14:57:54,247 [pool-37-thread-1] INFO  server.RaftServerConfigKeys (ConfUtils.java:logGet(43)) - raft.server.log.force.sync.num = 128 (default)
2019-10-03 14:57:54,247 [pool-37-thread-1] INFO  server.RaftServerConfigKeys (ConfUtils.java:logGet(43)) - raft.server.log.statemachine.data.sync = true (default)
2019-10-03 14:57:54,247 [pool-37-thread-1] INFO  server.RaftServerConfigKeys (ConfUtils.java:logGet(43)) - raft.server.log.statemachine.data.sync.timeout = 10s (default)
2019-10-03 14:57:54,247 [pool-37-thread-1] INFO  server.RaftServerConfigKeys (ConfUtils.java:logGet(43)) - raft.server.log.statemachine.data.sync.timeout.retry = -1 (default)
2019-10-03 14:57:54,248 [pool-37-thread-1] INFO  server.RaftServerConfigKeys (ConfUtils.java:logGet(43)) - raft.server.log.statemachine.data.caching.enabled = true (custom)
2019-10-03 14:57:54,248 [pool-37-thread-1] INFO  segmented.SegmentedRaftLogWorker (SegmentedRaftLogWorker.java:lambda$new$0(128)) - 70108865-1e07-4dd3-8a27-85ae9b70a9f3@group-2C89C4DFFC19-SegmentedRaftLogWorker: flushIndex: setUnconditionally 0 -> -1
2019-10-03 14:57:54,249 [pool-37-thread-1] INFO  server.RaftServerConfigKeys (ConfUtils.java:logGet(43)) - raft.server.snapshot.auto.trigger.enabled = true (custom)
2019-10-03 14:57:54,249 [pool-37-thread-1] INFO  server.RaftServerConfigKeys (ConfUtils.java:logGet(43)) - raft.server.snapshot.auto.trigger.threshold = 10000 (custom)
2019-10-03 14:57:54,249 [pool-37-thread-1] INFO  server.RaftServerConfigKeys (ConfUtils.java:logGet(43)) - raft.server.snapshot.retention.file.num = 5 (custom)
2019-10-03 14:57:54,249 [pool-37-thread-1] INFO  server.RaftServerConfigKeys (ConfUtils.java:logGet(43)) - raft.server.retrycache.expirytime = 600000ms (custom)
2019-10-03 14:57:54,251 [pool-37-thread-1] INFO  impl.RaftServerImpl (RaftServerImpl.java:start(181)) - 70108865-1e07-4dd3-8a27-85ae9b70a9f3@group-2C89C4DFFC19: start as a follower, conf=-1: [70108865-1e07-4dd3-8a27-85ae9b70a9f3:192.168.151.96:45386], old=null
2019-10-03 14:57:54,251 [pool-37-thread-1] INFO  impl.RaftServerImpl (RaftServerImpl.java:setRole(170)) - 70108865-1e07-4dd3-8a27-85ae9b70a9f3@group-2C89C4DFFC19: changes role from      null to FOLLOWER at term 0 for startAsFollower
2019-10-03 14:57:54,251 [pool-37-thread-1] INFO  impl.RoleInfo (RoleInfo.java:updateAndGet(143)) - 70108865-1e07-4dd3-8a27-85ae9b70a9f3: start FollowerState
2019-10-03 14:57:54,252 [pool-37-thread-1] INFO  util.JmxRegister (JmxRegister.java:tryRegister(44)) - Successfully registered JMX Bean with object name Ratis:service=RaftServer,group=group-2C89C4DFFC19,id=70108865-1e07-4dd3-8a27-85ae9b70a9f3
2019-10-03 14:57:54,278 [RatisPipelineUtilsThread] INFO  pipeline.PipelineStateManager (PipelineStateManager.java:addPipeline(56)) - Created pipeline Pipeline[ Id: a651abe3-5c02-4329-8f1d-2c89c4dffc19, Nodes: 70108865-1e07-4dd3-8a27-85ae9b70a9f3{ip: 192.168.151.96, host: pr-hdds-2217-vb45t-2318454878, networkLocation: /default-rack, certSerialId: null}, Type:RATIS, Factor:ONE, State:OPEN]
2019-10-03 14:57:54,327 [grpc-default-executor-2] INFO  impl.RaftServerProxy (RaftServerProxy.java:addNew(89)) - a3cce3e0-5375-4485-8d23-6a2da2048872: addNew group-097D18AE70C2:[a3cce3e0-5375-4485-8d23-6a2da2048872:192.168.151.96:34467, 5a44bd04-ecf8-4f1a-9db6-edf6da10f7f5:192.168.151.96:37447, 63dc41fb-a235-4553-b1c9-3c734cea9853:192.168.151.96:41537] returns group-097D18AE70C2:java.util.concurrent.CompletableFuture@757d887[Not completed]
2019-10-03 14:57:54,329 [pool-87-thread-1] INFO  impl.RaftServerImpl (RaftServerImpl.java:<init>(95)) - a3cce3e0-5375-4485-8d23-6a2da2048872: new RaftServerImpl for group-097D18AE70C2:[a3cce3e0-5375-4485-8d23-6a2da2048872:192.168.151.96:34467, 5a44bd04-ecf8-4f1a-9db6-edf6da10f7f5:192.168.151.96:37447, 63dc41fb-a235-4553-b1c9-3c734cea9853:192.168.151.96:41537] with ContainerStateMachine:uninitialized
2019-10-03 14:57:54,331 [pool-87-thread-1] INFO  server.RaftServerConfigKeys (ConfUtils.java:logGet(43)) - raft.server.rpc.timeout.min = 5s (custom)
2019-10-03 14:57:54,331 [pool-87-thread-1] INFO  server.RaftServerConfigKeys (ConfUtils.java:logGet(43)) - raft.server.rpc.timeout.max = 5200ms (custom)
2019-10-03 14:57:54,331 [pool-87-thread-1] INFO  server.RaftServerConfigKeys (ConfUtils.java:logGet(43)) - raft.server.rpcslowness.timeout = 120s (custom)
2019-10-03 14:57:54,331 [grpc-default-executor-2] INFO  impl.RaftServerProxy (RaftServerProxy.java:addNew(89)) - 5a44bd04-ecf8-4f1a-9db6-edf6da10f7f5: addNew group-097D18AE70C2:[a3cce3e0-5375-4485-8d23-6a2da2048872:192.168.151.96:34467, 5a44bd04-ecf8-4f1a-9db6-edf6da10f7f5:192.168.151.96:37447, 63dc41fb-a235-4553-b1c9-3c734cea9853:192.168.151.96:41537] returns group-097D18AE70C2:java.util.concurrent.CompletableFuture@329565bf[Not completed]
2019-10-03 14:57:54,331 [pool-87-thread-1] INFO  server.RaftServerConfigKeys (ConfUtils.java:logGet(43)) - raft.server.sleep.deviation.threshold = 300 (default)
2019-10-03 14:57:54,334 [pool-87-thread-1] INFO  server.RaftServerConfigKeys (ConfUtils.java:logGet(43)) - raft.server.log.appender.install.snapshot.enabled = false (custom)
2019-10-03 14:57:54,335 [pool-87-thread-1] INFO  impl.RaftServerImpl (ServerState.java:<init>(103)) - a3cce3e0-5375-4485-8d23-6a2da2048872@group-097D18AE70C2: ConfigurationManager, init=-1: [a3cce3e0-5375-4485-8d23-6a2da2048872:192.168.151.96:34467, 5a44bd04-ecf8-4f1a-9db6-edf6da10f7f5:192.168.151.96:37447, 63dc41fb-a235-4553-b1c9-3c734cea9853:192.168.151.96:41537], old=null, confs=<EMPTY_MAP>
2019-10-03 14:57:54,335 [grpc-default-executor-2] INFO  impl.RaftServerProxy (RaftServerProxy.java:addNew(89)) - 63dc41fb-a235-4553-b1c9-3c734cea9853: addNew group-097D18AE70C2:[a3cce3e0-5375-4485-8d23-6a2da2048872:192.168.151.96:34467, 5a44bd04-ecf8-4f1a-9db6-edf6da10f7f5:192.168.151.96:37447, 63dc41fb-a235-4553-b1c9-3c734cea9853:192.168.151.96:41537] returns group-097D18AE70C2:java.util.concurrent.CompletableFuture@735d3613[Not completed]
2019-10-03 14:57:54,335 [pool-87-thread-1] INFO  server.RaftServerConfigKeys (ConfUtils.java:logGet(43)) - raft.server.storage.dir = [/workdir/hadoop-ozone/integration-test/target/test-dir/MiniOzoneClusterImpl-af2b7d54-0113-4939-817a-ba600847c27b/datanode-6/data/ratis] (custom)
2019-10-03 14:57:54,336 [pool-57-thread-1] INFO  impl.RaftServerImpl (RaftServerImpl.java:<init>(95)) - 5a44bd04-ecf8-4f1a-9db6-edf6da10f7f5: new RaftServerImpl for group-097D18AE70C2:[a3cce3e0-5375-4485-8d23-6a2da2048872:192.168.151.96:34467, 5a44bd04-ecf8-4f1a-9db6-edf6da10f7f5:192.168.151.96:37447, 63dc41fb-a235-4553-b1c9-3c734cea9853:192.168.151.96:41537] with ContainerStateMachine:uninitialized
2019-10-03 14:57:54,336 [pool-87-thread-1] INFO  server.RaftServerConfigKeys (ConfUtils.java:logGet(43)) - raft.server.log.corruption.policy = EXCEPTION (default)
2019-10-03 14:57:54,336 [pool-57-thread-1] INFO  server.RaftServerConfigKeys (ConfUtils.java:logGet(43)) - raft.server.rpc.timeout.min = 5s (custom)
2019-10-03 14:57:54,336 [pool-27-thread-1] INFO  impl.RaftServerImpl (RaftServerImpl.java:<init>(95)) - 63dc41fb-a235-4553-b1c9-3c734cea9853: new RaftServerImpl for group-097D18AE70C2:[a3cce3e0-5375-4485-8d23-6a2da2048872:192.168.151.96:34467, 5a44bd04-ecf8-4f1a-9db6-edf6da10f7f5:192.168.151.96:37447, 63dc41fb-a235-4553-b1c9-3c734cea9853:192.168.151.96:41537] with ContainerStateMachine:uninitialized
2019-10-03 14:57:54,336 [pool-87-thread-1] INFO  storage.RaftStorageDirectory (RaftStorageDirectory.java:analyzeStorage(246)) - The storage directory /workdir/hadoop-ozone/integration-test/target/test-dir/MiniOzoneClusterImpl-af2b7d54-0113-4939-817a-ba600847c27b/datanode-6/data/ratis/1375e1aa-fa96-43ec-a45e-097d18ae70c2 does not exist. Creating ...
2019-10-03 14:57:54,336 [pool-27-thread-1] INFO  server.RaftServerConfigKeys (ConfUtils.java:logGet(43)) - raft.server.rpc.timeout.min = 5s (custom)
2019-10-03 14:57:54,336 [pool-57-thread-1] INFO  server.RaftServerConfigKeys (ConfUtils.java:logGet(43)) - raft.server.rpc.timeout.max = 5200ms (custom)
2019-10-03 14:57:54,337 [pool-27-thread-1] INFO  server.RaftServerConfigKeys (ConfUtils.java:logGet(43)) - raft.server.rpc.timeout.max = 5200ms (custom)
2019-10-03 14:57:54,337 [pool-57-thread-1] INFO  server.RaftServerConfigKeys (ConfUtils.java:logGet(43)) - raft.server.rpcslowness.timeout = 120s (custom)
2019-10-03 14:57:54,337 [pool-27-thread-1] INFO  server.RaftServerConfigKeys (ConfUtils.java:logGet(43)) - raft.server.rpcslowness.timeout = 120s (custom)
2019-10-03 14:57:54,337 [pool-57-thread-1] INFO  server.RaftServerConfigKeys (ConfUtils.java:logGet(43)) - raft.server.sleep.deviation.threshold = 300 (default)
2019-10-03 14:57:54,337 [pool-27-thread-1] INFO  server.RaftServerConfigKeys (ConfUtils.java:logGet(43)) - raft.server.sleep.deviation.threshold = 300 (default)
2019-10-03 14:57:54,337 [pool-57-thread-1] INFO  server.RaftServerConfigKeys (ConfUtils.java:logGet(43)) - raft.server.log.appender.install.snapshot.enabled = false (custom)
2019-10-03 14:57:54,338 [pool-27-thread-1] INFO  server.RaftServerConfigKeys (ConfUtils.java:logGet(43)) - raft.server.log.appender.install.snapshot.enabled = false (custom)
2019-10-03 14:57:54,338 [pool-57-thread-1] INFO  impl.RaftServerImpl (ServerState.java:<init>(103)) - 5a44bd04-ecf8-4f1a-9db6-edf6da10f7f5@group-097D18AE70C2: ConfigurationManager, init=-1: [a3cce3e0-5375-4485-8d23-6a2da2048872:192.168.151.96:34467, 5a44bd04-ecf8-4f1a-9db6-edf6da10f7f5:192.168.151.96:37447, 63dc41fb-a235-4553-b1c9-3c734cea9853:192.168.151.96:41537], old=null, confs=<EMPTY_MAP>
2019-10-03 14:57:54,338 [pool-27-thread-1] INFO  impl.RaftServerImpl (ServerState.java:<init>(103)) - 63dc41fb-a235-4553-b1c9-3c734cea9853@group-097D18AE70C2: ConfigurationManager, init=-1: [a3cce3e0-5375-4485-8d23-6a2da2048872:192.168.151.96:34467, 5a44bd04-ecf8-4f1a-9db6-edf6da10f7f5:192.168.151.96:37447, 63dc41fb-a235-4553-b1c9-3c734cea9853:192.168.151.96:41537], old=null, confs=<EMPTY_MAP>
2019-10-03 14:57:54,338 [pool-57-thread-1] INFO  server.RaftServerConfigKeys (ConfUtils.java:logGet(43)) - raft.server.storage.dir = [/workdir/hadoop-ozone/integration-test/target/test-dir/MiniOzoneClusterImpl-af2b7d54-0113-4939-817a-ba600847c27b/datanode-3/data/ratis] (custom)
2019-10-03 14:57:54,338 [pool-27-thread-1] INFO  server.RaftServerConfigKeys (ConfUtils.java:logGet(43)) - raft.server.storage.dir = [/workdir/hadoop-ozone/integration-test/target/test-dir/MiniOzoneClusterImpl-af2b7d54-0113-4939-817a-ba600847c27b/datanode-0/data/ratis] (custom)
2019-10-03 14:57:54,339 [pool-57-thread-1] INFO  server.RaftServerConfigKeys (ConfUtils.java:logGet(43)) - raft.server.log.corruption.policy = EXCEPTION (default)
2019-10-03 14:57:54,339 [pool-27-thread-1] INFO  server.RaftServerConfigKeys (ConfUtils.java:logGet(43)) - raft.server.log.corruption.policy = EXCEPTION (default)
2019-10-03 14:57:54,339 [pool-57-thread-1] INFO  storage.RaftStorageDirectory (RaftStorageDirectory.java:analyzeStorage(246)) - The storage directory /workdir/hadoop-ozone/integration-test/target/test-dir/MiniOzoneClusterImpl-af2b7d54-0113-4939-817a-ba600847c27b/datanode-3/data/ratis/1375e1aa-fa96-43ec-a45e-097d18ae70c2 does not exist. Creating ...
2019-10-03 14:57:54,339 [pool-27-thread-1] INFO  storage.RaftStorageDirectory (RaftStorageDirectory.java:analyzeStorage(246)) - The storage directory /workdir/hadoop-ozone/integration-test/target/test-dir/MiniOzoneClusterImpl-af2b7d54-0113-4939-817a-ba600847c27b/datanode-0/data/ratis/1375e1aa-fa96-43ec-a45e-097d18ae70c2 does not exist. Creating ...
2019-10-03 14:57:54,361 [pool-57-thread-1] INFO  storage.RaftStorageDirectory (RaftStorageDirectory.java:tryLock(328)) - Lock on /workdir/hadoop-ozone/integration-test/target/test-dir/MiniOzoneClusterImpl-af2b7d54-0113-4939-817a-ba600847c27b/datanode-3/data/ratis/1375e1aa-fa96-43ec-a45e-097d18ae70c2/in_use.lock acquired by nodename 22154@pr-hdds-2217-vb45t-2318454878
2019-10-03 14:57:54,361 [pool-87-thread-1] INFO  storage.RaftStorageDirectory (RaftStorageDirectory.java:tryLock(328)) - Lock on /workdir/hadoop-ozone/integration-test/target/test-dir/MiniOzoneClusterImpl-af2b7d54-0113-4939-817a-ba600847c27b/datanode-6/data/ratis/1375e1aa-fa96-43ec-a45e-097d18ae70c2/in_use.lock acquired by nodename 22154@pr-hdds-2217-vb45t-2318454878
2019-10-03 14:57:54,361 [pool-27-thread-1] INFO  storage.RaftStorageDirectory (RaftStorageDirectory.java:tryLock(328)) - Lock on /workdir/hadoop-ozone/integration-test/target/test-dir/MiniOzoneClusterImpl-af2b7d54-0113-4939-817a-ba600847c27b/datanode-0/data/ratis/1375e1aa-fa96-43ec-a45e-097d18ae70c2/in_use.lock acquired by nodename 22154@pr-hdds-2217-vb45t-2318454878
2019-10-03 14:57:54,387 [pool-27-thread-1] INFO  storage.RaftStorage (RaftStorage.java:format(84)) - Storage directory /workdir/hadoop-ozone/integration-test/target/test-dir/MiniOzoneClusterImpl-af2b7d54-0113-4939-817a-ba600847c27b/datanode-0/data/ratis/1375e1aa-fa96-43ec-a45e-097d18ae70c2 has been successfully formatted.
2019-10-03 14:57:54,387 [pool-87-thread-1] INFO  storage.RaftStorage (RaftStorage.java:format(84)) - Storage directory /workdir/hadoop-ozone/integration-test/target/test-dir/MiniOzoneClusterImpl-af2b7d54-0113-4939-817a-ba600847c27b/datanode-6/data/ratis/1375e1aa-fa96-43ec-a45e-097d18ae70c2 has been successfully formatted.
2019-10-03 14:57:54,387 [pool-57-thread-1] INFO  storage.RaftStorage (RaftStorage.java:format(84)) - Storage directory /workdir/hadoop-ozone/integration-test/target/test-dir/MiniOzoneClusterImpl-af2b7d54-0113-4939-817a-ba600847c27b/datanode-3/data/ratis/1375e1aa-fa96-43ec-a45e-097d18ae70c2 has been successfully formatted.
2019-10-03 14:57:54,388 [pool-27-thread-1] INFO  ratis.ContainerStateMachine (ContainerStateMachine.java:loadSnapshot(230)) - group-097D18AE70C2: The snapshot info is null. Setting the last applied indexto:(t:0, i:~)
2019-10-03 14:57:54,388 [pool-87-thread-1] INFO  ratis.ContainerStateMachine (ContainerStateMachine.java:loadSnapshot(230)) - group-097D18AE70C2: The snapshot info is null. Setting the last applied indexto:(t:0, i:~)
2019-10-03 14:57:54,388 [pool-27-thread-1] INFO  server.RaftServerConfigKeys (ConfUtils.java:logGet(43)) - raft.server.notification.no-leader.timeout = 120s (custom)
2019-10-03 14:57:54,388 [pool-57-thread-1] INFO  ratis.ContainerStateMachine (ContainerStateMachine.java:loadSnapshot(230)) - group-097D18AE70C2: The snapshot info is null. Setting the last applied indexto:(t:0, i:~)
2019-10-03 14:57:54,388 [pool-27-thread-1] INFO  server.RaftServerConfigKeys (ConfUtils.java:logGet(43)) - raft.server.log.use.memory = false (default)
2019-10-03 14:57:54,388 [pool-87-thread-1] INFO  server.RaftServerConfigKeys (ConfUtils.java:logGet(43)) - raft.server.notification.no-leader.timeout = 120s (custom)
2019-10-03 14:57:54,389 [pool-27-thread-1] INFO  server.RaftServerConfigKeys (ConfUtils.java:logGet(43)) - raft.server.log.purge.gap = 1000000 (custom)
2019-10-03 14:57:54,389 [pool-57-thread-1] INFO  server.RaftServerConfigKeys (ConfUtils.java:logGet(43)) - raft.server.notification.no-leader.timeout = 120s (custom)
2019-10-03 14:57:54,389 [pool-27-thread-1] INFO  server.RaftServerConfigKeys (ConfUtils.java:logGet(43)) - raft.server.log.appender.buffer.byte-limit = 33554432 (custom)
2019-10-03 14:57:54,389 [pool-87-thread-1] INFO  server.RaftServerConfigKeys (ConfUtils.java:logGet(43)) - raft.server.log.use.memory = false (default)
2019-10-03 14:57:54,389 [pool-27-thread-1] INFO  server.RaftServerConfigKeys (ConfUtils.java:logGet(43)) - raft.server.log.segment.size.max = 1048576 (custom)
2019-10-03 14:57:54,389 [pool-57-thread-1] INFO  server.RaftServerConfigKeys (ConfUtils.java:logGet(43)) - raft.server.log.use.memory = false (default)
2019-10-03 14:57:54,390 [pool-27-thread-1] INFO  server.RaftServerConfigKeys (ConfUtils.java:logGet(43)) - raft.server.log.segment.cache.num.max = 2 (custom)
2019-10-03 14:57:54,390 [pool-27-thread-1] INFO  segmented.SegmentedRaftLogWorker (SegmentedRaftLogWorker.java:<init>(173)) - new 63dc41fb-a235-4553-b1c9-3c734cea9853@group-097D18AE70C2-SegmentedRaftLogWorker for RaftStorage:Storage Directory /workdir/hadoop-ozone/integration-test/target/test-dir/MiniOzoneClusterImpl-af2b7d54-0113-4939-817a-ba600847c27b/datanode-0/data/ratis/1375e1aa-fa96-43ec-a45e-097d18ae70c2
2019-10-03 14:57:54,390 [pool-87-thread-1] INFO  server.RaftServerConfigKeys (ConfUtils.java:logGet(43)) - raft.server.log.purge.gap = 1000000 (custom)
2019-10-03 14:57:54,390 [pool-27-thread-1] INFO  server.RaftServerConfigKeys (ConfUtils.java:logGet(43)) - raft.server.log.queue.byte-limit = 2147483647 (custom)
2019-10-03 14:57:54,390 [pool-57-thread-1] INFO  server.RaftServerConfigKeys (ConfUtils.java:logGet(43)) - raft.server.log.purge.gap = 1000000 (custom)
2019-10-03 14:57:54,391 [pool-27-thread-1] INFO  server.RaftServerConfigKeys (ConfUtils.java:logGet(43)) - raft.server.log.queue.element-limit = 1024 (custom)
2019-10-03 14:57:54,391 [pool-87-thread-1] INFO  server.RaftServerConfigKeys (ConfUtils.java:logGet(43)) - raft.server.log.appender.buffer.byte-limit = 33554432 (custom)
2019-10-03 14:57:54,391 [pool-27-thread-1] INFO  server.RaftServerConfigKeys (ConfUtils.java:logGet(43)) - raft.server.log.segment.size.max = 1048576 (custom)
2019-10-03 14:57:54,391 [pool-57-thread-1] INFO  server.RaftServerConfigKeys (ConfUtils.java:logGet(43)) - raft.server.log.appender.buffer.byte-limit = 33554432 (custom)
2019-10-03 14:57:54,391 [pool-27-thread-1] INFO  server.RaftServerConfigKeys (ConfUtils.java:logGet(43)) - raft.server.log.preallocated.size = 16384 (custom)
2019-10-03 14:57:54,391 [pool-87-thread-1] INFO  server.RaftServerConfigKeys (ConfUtils.java:logGet(43)) - raft.server.log.segment.size.max = 1048576 (custom)
2019-10-03 14:57:54,392 [pool-27-thread-1] INFO  server.RaftServerConfigKeys (ConfUtils.java:logGet(43)) - raft.server.log.write.buffer.size = 33554432 (custom)
2019-10-03 14:57:54,391 [pool-57-thread-1] INFO  server.RaftServerConfigKeys (ConfUtils.java:logGet(43)) - raft.server.log.segment.size.max = 1048576 (custom)
2019-10-03 14:57:54,392 [pool-27-thread-1] INFO  server.RaftServerConfigKeys (ConfUtils.java:logGet(43)) - raft.server.log.force.sync.num = 128 (default)
2019-10-03 14:57:54,392 [pool-87-thread-1] INFO  server.RaftServerConfigKeys (ConfUtils.java:logGet(43)) - raft.server.log.segment.cache.num.max = 2 (custom)
2019-10-03 14:57:54,392 [pool-27-thread-1] INFO  server.RaftServerConfigKeys (ConfUtils.java:logGet(43)) - raft.server.log.statemachine.data.sync = true (default)
2019-10-03 14:57:54,392 [pool-57-thread-1] INFO  server.RaftServerConfigKeys (ConfUtils.java:logGet(43)) - raft.server.log.segment.cache.num.max = 2 (custom)
2019-10-03 14:57:54,393 [pool-27-thread-1] INFO  server.RaftServerConfigKeys (ConfUtils.java:logGet(43)) - raft.server.log.statemachine.data.sync.timeout = 10s (default)
2019-10-03 14:57:54,392 [pool-87-thread-1] INFO  segmented.SegmentedRaftLogWorker (SegmentedRaftLogWorker.java:<init>(173)) - new a3cce3e0-5375-4485-8d23-6a2da2048872@group-097D18AE70C2-SegmentedRaftLogWorker for RaftStorage:Storage Directory /workdir/hadoop-ozone/integration-test/target/test-dir/MiniOzoneClusterImpl-af2b7d54-0113-4939-817a-ba600847c27b/datanode-6/data/ratis/1375e1aa-fa96-43ec-a45e-097d18ae70c2
2019-10-03 14:57:54,393 [pool-27-thread-1] INFO  server.RaftServerConfigKeys (ConfUtils.java:logGet(43)) - raft.server.log.statemachine.data.sync.timeout.retry = -1 (default)
2019-10-03 14:57:54,393 [pool-57-thread-1] INFO  segmented.SegmentedRaftLogWorker (SegmentedRaftLogWorker.java:<init>(173)) - new 5a44bd04-ecf8-4f1a-9db6-edf6da10f7f5@group-097D18AE70C2-SegmentedRaftLogWorker for RaftStorage:Storage Directory /workdir/hadoop-ozone/integration-test/target/test-dir/MiniOzoneClusterImpl-af2b7d54-0113-4939-817a-ba600847c27b/datanode-3/data/ratis/1375e1aa-fa96-43ec-a45e-097d18ae70c2
2019-10-03 14:57:54,393 [pool-87-thread-1] INFO  server.RaftServerConfigKeys (ConfUtils.java:logGet(43)) - raft.server.log.queue.byte-limit = 2147483647 (custom)
2019-10-03 14:57:54,393 [pool-27-thread-1] INFO  server.RaftServerConfigKeys (ConfUtils.java:logGet(43)) - raft.server.log.statemachine.data.caching.enabled = true (custom)
2019-10-03 14:57:54,393 [pool-57-thread-1] INFO  server.RaftServerConfigKeys (ConfUtils.java:logGet(43)) - raft.server.log.queue.byte-limit = 2147483647 (custom)
2019-10-03 14:57:54,394 [pool-87-thread-1] INFO  server.RaftServerConfigKeys (ConfUtils.java:logGet(43)) - raft.server.log.queue.element-limit = 1024 (custom)
2019-10-03 14:57:54,394 [pool-27-thread-1] INFO  segmented.SegmentedRaftLogWorker (SegmentedRaftLogWorker.java:lambda$new$0(128)) - 63dc41fb-a235-4553-b1c9-3c734cea9853@group-097D18AE70C2-SegmentedRaftLogWorker: flushIndex: setUnconditionally 0 -> -1
2019-10-03 14:57:54,394 [pool-57-thread-1] INFO  server.RaftServerConfigKeys (ConfUtils.java:logGet(43)) - raft.server.log.queue.element-limit = 1024 (custom)
2019-10-03 14:57:54,394 [pool-87-thread-1] INFO  server.RaftServerConfigKeys (ConfUtils.java:logGet(43)) - raft.server.log.segment.size.max = 1048576 (custom)
2019-10-03 14:57:54,395 [pool-27-thread-1] INFO  server.RaftServerConfigKeys (ConfUtils.java:logGet(43)) - raft.server.snapshot.auto.trigger.enabled = true (custom)
2019-10-03 14:57:54,394 [pool-57-thread-1] INFO  server.RaftServerConfigKeys (ConfUtils.java:logGet(43)) - raft.server.log.segment.size.max = 1048576 (custom)
2019-10-03 14:57:54,395 [pool-27-thread-1] INFO  server.RaftServerConfigKeys (ConfUtils.java:logGet(43)) - raft.server.snapshot.auto.trigger.threshold = 10000 (custom)
2019-10-03 14:57:54,395 [pool-87-thread-1] INFO  server.RaftServerConfigKeys (ConfUtils.java:logGet(43)) - raft.server.log.preallocated.size = 16384 (custom)
2019-10-03 14:57:54,395 [pool-27-thread-1] INFO  server.RaftServerConfigKeys (ConfUtils.java:logGet(43)) - raft.server.snapshot.retention.file.num = 5 (custom)
2019-10-03 14:57:54,395 [pool-57-thread-1] INFO  server.RaftServerConfigKeys (ConfUtils.java:logGet(43)) - raft.server.log.preallocated.size = 16384 (custom)
2019-10-03 14:57:54,396 [pool-27-thread-1] INFO  server.RaftServerConfigKeys (ConfUtils.java:logGet(43)) - raft.server.retrycache.expirytime = 600000ms (custom)
2019-10-03 14:57:54,395 [pool-87-thread-1] INFO  server.RaftServerConfigKeys (ConfUtils.java:logGet(43)) - raft.server.log.write.buffer.size = 33554432 (custom)
2019-10-03 14:57:54,396 [pool-57-thread-1] INFO  server.RaftServerConfigKeys (ConfUtils.java:logGet(43)) - raft.server.log.write.buffer.size = 33554432 (custom)
2019-10-03 14:57:54,396 [pool-87-thread-1] INFO  server.RaftServerConfigKeys (ConfUtils.java:logGet(43)) - raft.server.log.force.sync.num = 128 (default)
2019-10-03 14:57:54,396 [pool-57-thread-1] INFO  server.RaftServerConfigKeys (ConfUtils.java:logGet(43)) - raft.server.log.force.sync.num = 128 (default)
2019-10-03 14:57:54,396 [pool-87-thread-1] INFO  server.RaftServerConfigKeys (ConfUtils.java:logGet(43)) - raft.server.log.statemachine.data.sync = true (default)
2019-10-03 14:57:54,396 [pool-57-thread-1] INFO  server.RaftServerConfigKeys (ConfUtils.java:logGet(43)) - raft.server.log.statemachine.data.sync = true (default)
2019-10-03 14:57:54,397 [pool-87-thread-1] INFO  server.RaftServerConfigKeys (ConfUtils.java:logGet(43)) - raft.server.log.statemachine.data.sync.timeout = 10s (default)
2019-10-03 14:57:54,397 [pool-57-thread-1] INFO  server.RaftServerConfigKeys (ConfUtils.java:logGet(43)) - raft.server.log.statemachine.data.sync.timeout = 10s (default)
2019-10-03 14:57:54,397 [pool-87-thread-1] INFO  server.RaftServerConfigKeys (ConfUtils.java:logGet(43)) - raft.server.log.statemachine.data.sync.timeout.retry = -1 (default)
2019-10-03 14:57:54,397 [pool-57-thread-1] INFO  server.RaftServerConfigKeys (ConfUtils.java:logGet(43)) - raft.server.log.statemachine.data.sync.timeout.retry = -1 (default)
2019-10-03 14:57:54,398 [pool-87-thread-1] INFO  server.RaftServerConfigKeys (ConfUtils.java:logGet(43)) - raft.server.log.statemachine.data.caching.enabled = true (custom)
2019-10-03 14:57:54,398 [pool-57-thread-1] INFO  server.RaftServerConfigKeys (ConfUtils.java:logGet(43)) - raft.server.log.statemachine.data.caching.enabled = true (custom)
2019-10-03 14:57:54,398 [pool-87-thread-1] INFO  segmented.SegmentedRaftLogWorker (SegmentedRaftLogWorker.java:lambda$new$0(128)) - a3cce3e0-5375-4485-8d23-6a2da2048872@group-097D18AE70C2-SegmentedRaftLogWorker: flushIndex: setUnconditionally 0 -> -1
2019-10-03 14:57:54,398 [pool-57-thread-1] INFO  segmented.SegmentedRaftLogWorker (SegmentedRaftLogWorker.java:lambda$new$0(128)) - 5a44bd04-ecf8-4f1a-9db6-edf6da10f7f5@group-097D18AE70C2-SegmentedRaftLogWorker: flushIndex: setUnconditionally 0 -> -1
2019-10-03 14:57:54,398 [pool-27-thread-1] INFO  impl.RaftServerImpl (RaftServerImpl.java:start(181)) - 63dc41fb-a235-4553-b1c9-3c734cea9853@group-097D18AE70C2: start as a follower, conf=-1: [a3cce3e0-5375-4485-8d23-6a2da2048872:192.168.151.96:34467, 5a44bd04-ecf8-4f1a-9db6-edf6da10f7f5:192.168.151.96:37447, 63dc41fb-a235-4553-b1c9-3c734cea9853:192.168.151.96:41537], old=null
2019-10-03 14:57:54,398 [pool-87-thread-1] INFO  server.RaftServerConfigKeys (ConfUtils.java:logGet(43)) - raft.server.snapshot.auto.trigger.enabled = true (custom)
2019-10-03 14:57:54,399 [pool-57-thread-1] INFO  server.RaftServerConfigKeys (ConfUtils.java:logGet(43)) - raft.server.snapshot.auto.trigger.enabled = true (custom)
2019-10-03 14:57:54,399 [pool-27-thread-1] INFO  impl.RaftServerImpl (RaftServerImpl.java:setRole(170)) - 63dc41fb-a235-4553-b1c9-3c734cea9853@group-097D18AE70C2: changes role from      null to FOLLOWER at term 0 for startAsFollower
2019-10-03 14:57:54,399 [pool-57-thread-1] INFO  server.RaftServerConfigKeys (ConfUtils.java:logGet(43)) - raft.server.snapshot.auto.trigger.threshold = 10000 (custom)
2019-10-03 14:57:54,399 [pool-87-thread-1] INFO  server.RaftServerConfigKeys (ConfUtils.java:logGet(43)) - raft.server.snapshot.auto.trigger.threshold = 10000 (custom)
2019-10-03 14:57:54,399 [pool-57-thread-1] INFO  server.RaftServerConfigKeys (ConfUtils.java:logGet(43)) - raft.server.snapshot.retention.file.num = 5 (custom)
2019-10-03 14:57:54,399 [pool-27-thread-1] INFO  impl.RoleInfo (RoleInfo.java:updateAndGet(143)) - 63dc41fb-a235-4553-b1c9-3c734cea9853: start FollowerState
2019-10-03 14:57:54,399 [pool-87-thread-1] INFO  server.RaftServerConfigKeys (ConfUtils.java:logGet(43)) - raft.server.snapshot.retention.file.num = 5 (custom)
2019-10-03 14:57:54,400 [pool-57-thread-1] INFO  server.RaftServerConfigKeys (ConfUtils.java:logGet(43)) - raft.server.retrycache.expirytime = 600000ms (custom)
2019-10-03 14:57:54,400 [pool-87-thread-1] INFO  server.RaftServerConfigKeys (ConfUtils.java:logGet(43)) - raft.server.retrycache.expirytime = 600000ms (custom)
2019-10-03 14:57:54,400 [pool-27-thread-1] INFO  util.JmxRegister (JmxRegister.java:tryRegister(44)) - Successfully registered JMX Bean with object name Ratis:service=RaftServer,group=group-097D18AE70C2,id=63dc41fb-a235-4553-b1c9-3c734cea9853
2019-10-03 14:57:54,405 [pool-57-thread-1] INFO  impl.RaftServerImpl (RaftServerImpl.java:start(181)) - 5a44bd04-ecf8-4f1a-9db6-edf6da10f7f5@group-097D18AE70C2: start as a follower, conf=-1: [a3cce3e0-5375-4485-8d23-6a2da2048872:192.168.151.96:34467, 5a44bd04-ecf8-4f1a-9db6-edf6da10f7f5:192.168.151.96:37447, 63dc41fb-a235-4553-b1c9-3c734cea9853:192.168.151.96:41537], old=null
2019-10-03 14:57:54,406 [pool-57-thread-1] INFO  impl.RaftServerImpl (RaftServerImpl.java:setRole(170)) - 5a44bd04-ecf8-4f1a-9db6-edf6da10f7f5@group-097D18AE70C2: changes role from      null to FOLLOWER at term 0 for startAsFollower
2019-10-03 14:57:54,406 [pool-57-thread-1] INFO  impl.RoleInfo (RoleInfo.java:updateAndGet(143)) - 5a44bd04-ecf8-4f1a-9db6-edf6da10f7f5: start FollowerState
2019-10-03 14:57:54,406 [pool-87-thread-1] INFO  impl.RaftServerImpl (RaftServerImpl.java:start(181)) - a3cce3e0-5375-4485-8d23-6a2da2048872@group-097D18AE70C2: start as a follower, conf=-1: [a3cce3e0-5375-4485-8d23-6a2da2048872:192.168.151.96:34467, 5a44bd04-ecf8-4f1a-9db6-edf6da10f7f5:192.168.151.96:37447, 63dc41fb-a235-4553-b1c9-3c734cea9853:192.168.151.96:41537], old=null
2019-10-03 14:57:54,406 [pool-57-thread-1] INFO  util.JmxRegister (JmxRegister.java:tryRegister(44)) - Successfully registered JMX Bean with object name Ratis:service=RaftServer,group=group-097D18AE70C2,id=5a44bd04-ecf8-4f1a-9db6-edf6da10f7f5
2019-10-03 14:57:54,406 [pool-87-thread-1] INFO  impl.RaftServerImpl (RaftServerImpl.java:setRole(170)) - a3cce3e0-5375-4485-8d23-6a2da2048872@group-097D18AE70C2: changes role from      null to FOLLOWER at term 0 for startAsFollower
2019-10-03 14:57:54,407 [pool-87-thread-1] INFO  impl.RoleInfo (RoleInfo.java:updateAndGet(143)) - a3cce3e0-5375-4485-8d23-6a2da2048872: start FollowerState
2019-10-03 14:57:54,407 [pool-87-thread-1] INFO  util.JmxRegister (JmxRegister.java:tryRegister(44)) - Successfully registered JMX Bean with object name Ratis:service=RaftServer,group=group-097D18AE70C2,id=a3cce3e0-5375-4485-8d23-6a2da2048872
2019-10-03 14:57:54,441 [RatisPipelineUtilsThread] INFO  pipeline.PipelineStateManager (PipelineStateManager.java:addPipeline(56)) - Created pipeline Pipeline[ Id: 1375e1aa-fa96-43ec-a45e-097d18ae70c2, Nodes: 63dc41fb-a235-4553-b1c9-3c734cea9853{ip: 192.168.151.96, host: pr-hdds-2217-vb45t-2318454878, networkLocation: /default-rack, certSerialId: null}a3cce3e0-5375-4485-8d23-6a2da2048872{ip: 192.168.151.96, host: pr-hdds-2217-vb45t-2318454878, networkLocation: /default-rack, certSerialId: null}5a44bd04-ecf8-4f1a-9db6-edf6da10f7f5{ip: 192.168.151.96, host: pr-hdds-2217-vb45t-2318454878, networkLocation: /default-rack, certSerialId: null}, Type:RATIS, Factor:THREE, State:OPEN]
2019-10-03 14:57:54,489 [grpc-default-executor-2] INFO  impl.RaftServerProxy (RaftServerProxy.java:addNew(89)) - d0f92f17-6121-461d-b5ce-3d521f80ac07: addNew group-9DA53605EF63:[aeb13d51-4f04-4500-a428-f5834c47dfc1:192.168.151.96:35942, 5939012d-523e-48de-b11a-e17c8814c4fe:192.168.151.96:33107, d0f92f17-6121-461d-b5ce-3d521f80ac07:192.168.151.96:43444] returns group-9DA53605EF63:java.util.concurrent.CompletableFuture@227aa946[Not completed]
2019-10-03 14:57:54,489 [grpc-default-executor-1] INFO  impl.RaftServerProxy (RaftServerProxy.java:addNew(89)) - aeb13d51-4f04-4500-a428-f5834c47dfc1: addNew group-9DA53605EF63:[aeb13d51-4f04-4500-a428-f5834c47dfc1:192.168.151.96:35942, 5939012d-523e-48de-b11a-e17c8814c4fe:192.168.151.96:33107, d0f92f17-6121-461d-b5ce-3d521f80ac07:192.168.151.96:43444] returns group-9DA53605EF63:java.util.concurrent.CompletableFuture@61829a0b[Not completed]
2019-10-03 14:57:54,489 [grpc-default-executor-0] INFO  impl.RaftServerProxy (RaftServerProxy.java:addNew(89)) - 5939012d-523e-48de-b11a-e17c8814c4fe: addNew group-9DA53605EF63:[aeb13d51-4f04-4500-a428-f5834c47dfc1:192.168.151.96:35942, 5939012d-523e-48de-b11a-e17c8814c4fe:192.168.151.96:33107, d0f92f17-6121-461d-b5ce-3d521f80ac07:192.168.151.96:43444] returns group-9DA53605EF63:java.util.concurrent.CompletableFuture@166d14e7[Not completed]
2019-10-03 14:57:54,494 [pool-77-thread-1] INFO  impl.RaftServerImpl (RaftServerImpl.java:<init>(95)) - d0f92f17-6121-461d-b5ce-3d521f80ac07: new RaftServerImpl for group-9DA53605EF63:[aeb13d51-4f04-4500-a428-f5834c47dfc1:192.168.151.96:35942, 5939012d-523e-48de-b11a-e17c8814c4fe:192.168.151.96:33107, d0f92f17-6121-461d-b5ce-3d521f80ac07:192.168.151.96:43444] with ContainerStateMachine:uninitialized
2019-10-03 14:57:54,495 [pool-77-thread-1] INFO  server.RaftServerConfigKeys (ConfUtils.java:logGet(43)) - raft.server.rpc.timeout.min = 5s (custom)
2019-10-03 14:57:54,495 [pool-77-thread-1] INFO  server.RaftServerConfigKeys (ConfUtils.java:logGet(43)) - raft.server.rpc.timeout.max = 5200ms (custom)
2019-10-03 14:57:54,495 [pool-77-thread-1] INFO  server.RaftServerConfigKeys (ConfUtils.java:logGet(43)) - raft.server.rpcslowness.timeout = 120s (custom)
2019-10-03 14:57:54,495 [pool-77-thread-1] INFO  server.RaftServerConfigKeys (ConfUtils.java:logGet(43)) - raft.server.sleep.deviation.threshold = 300 (default)
2019-10-03 14:57:54,495 [pool-77-thread-1] INFO  server.RaftServerConfigKeys (ConfUtils.java:logGet(43)) - raft.server.log.appender.install.snapshot.enabled = false (custom)
2019-10-03 14:57:54,495 [pool-67-thread-1] INFO  impl.RaftServerImpl (RaftServerImpl.java:<init>(95)) - aeb13d51-4f04-4500-a428-f5834c47dfc1: new RaftServerImpl for group-9DA53605EF63:[aeb13d51-4f04-4500-a428-f5834c47dfc1:192.168.151.96:35942, 5939012d-523e-48de-b11a-e17c8814c4fe:192.168.151.96:33107, d0f92f17-6121-461d-b5ce-3d521f80ac07:192.168.151.96:43444] with ContainerStateMachine:uninitialized
2019-10-03 14:57:54,496 [pool-77-thread-1] INFO  impl.RaftServerImpl (ServerState.java:<init>(103)) - d0f92f17-6121-461d-b5ce-3d521f80ac07@group-9DA53605EF63: ConfigurationManager, init=-1: [aeb13d51-4f04-4500-a428-f5834c47dfc1:192.168.151.96:35942, 5939012d-523e-48de-b11a-e17c8814c4fe:192.168.151.96:33107, d0f92f17-6121-461d-b5ce-3d521f80ac07:192.168.151.96:43444], old=null, confs=<EMPTY_MAP>
2019-10-03 14:57:54,496 [pool-67-thread-1] INFO  server.RaftServerConfigKeys (ConfUtils.java:logGet(43)) - raft.server.rpc.timeout.min = 5s (custom)
2019-10-03 14:57:54,496 [pool-77-thread-1] INFO  server.RaftServerConfigKeys (ConfUtils.java:logGet(43)) - raft.server.storage.dir = [/workdir/hadoop-ozone/integration-test/target/test-dir/MiniOzoneClusterImpl-af2b7d54-0113-4939-817a-ba600847c27b/datanode-5/data/ratis] (custom)
2019-10-03 14:57:54,496 [pool-67-thread-1] INFO  server.RaftServerConfigKeys (ConfUtils.java:logGet(43)) - raft.server.rpc.timeout.max = 5200ms (custom)
2019-10-03 14:57:54,496 [pool-67-thread-1] INFO  server.RaftServerConfigKeys (ConfUtils.java:logGet(43)) - raft.server.rpcslowness.timeout = 120s (custom)
2019-10-03 14:57:54,496 [pool-77-thread-1] INFO  server.RaftServerConfigKeys (ConfUtils.java:logGet(43)) - raft.server.log.corruption.policy = EXCEPTION (default)
2019-10-03 14:57:54,497 [pool-47-thread-1] INFO  impl.RaftServerImpl (RaftServerImpl.java:<init>(95)) - 5939012d-523e-48de-b11a-e17c8814c4fe: new RaftServerImpl for group-9DA53605EF63:[aeb13d51-4f04-4500-a428-f5834c47dfc1:192.168.151.96:35942, 5939012d-523e-48de-b11a-e17c8814c4fe:192.168.151.96:33107, d0f92f17-6121-461d-b5ce-3d521f80ac07:192.168.151.96:43444] with ContainerStateMachine:uninitialized
2019-10-03 14:57:54,497 [pool-77-thread-1] INFO  storage.RaftStorageDirectory (RaftStorageDirectory.java:analyzeStorage(246)) - The storage directory /workdir/hadoop-ozone/integration-test/target/test-dir/MiniOzoneClusterImpl-af2b7d54-0113-4939-817a-ba600847c27b/datanode-5/data/ratis/3401a888-6c04-42ee-b4f7-9da53605ef63 does not exist. Creating ...
2019-10-03 14:57:54,497 [pool-67-thread-1] INFO  server.RaftServerConfigKeys (ConfUtils.java:logGet(43)) - raft.server.sleep.deviation.threshold = 300 (default)
2019-10-03 14:57:54,497 [pool-47-thread-1] INFO  server.RaftServerConfigKeys (ConfUtils.java:logGet(43)) - raft.server.rpc.timeout.min = 5s (custom)
2019-10-03 14:57:54,497 [pool-67-thread-1] INFO  server.RaftServerConfigKeys (ConfUtils.java:logGet(43)) - raft.server.log.appender.install.snapshot.enabled = false (custom)
2019-10-03 14:57:54,497 [pool-47-thread-1] INFO  server.RaftServerConfigKeys (ConfUtils.java:logGet(43)) - raft.server.rpc.timeout.max = 5200ms (custom)
2019-10-03 14:57:54,498 [pool-67-thread-1] INFO  impl.RaftServerImpl (ServerState.java:<init>(103)) - aeb13d51-4f04-4500-a428-f5834c47dfc1@group-9DA53605EF63: ConfigurationManager, init=-1: [aeb13d51-4f04-4500-a428-f5834c47dfc1:192.168.151.96:35942, 5939012d-523e-48de-b11a-e17c8814c4fe:192.168.151.96:33107, d0f92f17-6121-461d-b5ce-3d521f80ac07:192.168.151.96:43444], old=null, confs=<EMPTY_MAP>
2019-10-03 14:57:54,498 [pool-47-thread-1] INFO  server.RaftServerConfigKeys (ConfUtils.java:logGet(43)) - raft.server.rpcslowness.timeout = 120s (custom)
2019-10-03 14:57:54,498 [pool-67-thread-1] INFO  server.RaftServerConfigKeys (ConfUtils.java:logGet(43)) - raft.server.storage.dir = [/workdir/hadoop-ozone/integration-test/target/test-dir/MiniOzoneClusterImpl-af2b7d54-0113-4939-817a-ba600847c27b/datanode-4/data/ratis] (custom)
2019-10-03 14:57:54,498 [pool-47-thread-1] INFO  server.RaftServerConfigKeys (ConfUtils.java:logGet(43)) - raft.server.sleep.deviation.threshold = 300 (default)
2019-10-03 14:57:54,498 [pool-47-thread-1] INFO  server.RaftServerConfigKeys (ConfUtils.java:logGet(43)) - raft.server.log.appender.install.snapshot.enabled = false (custom)
2019-10-03 14:57:54,498 [pool-67-thread-1] INFO  server.RaftServerConfigKeys (ConfUtils.java:logGet(43)) - raft.server.log.corruption.policy = EXCEPTION (default)
2019-10-03 14:57:54,499 [pool-47-thread-1] INFO  impl.RaftServerImpl (ServerState.java:<init>(103)) - 5939012d-523e-48de-b11a-e17c8814c4fe@group-9DA53605EF63: ConfigurationManager, init=-1: [aeb13d51-4f04-4500-a428-f5834c47dfc1:192.168.151.96:35942, 5939012d-523e-48de-b11a-e17c8814c4fe:192.168.151.96:33107, d0f92f17-6121-461d-b5ce-3d521f80ac07:192.168.151.96:43444], old=null, confs=<EMPTY_MAP>
2019-10-03 14:57:54,499 [pool-67-thread-1] INFO  storage.RaftStorageDirectory (RaftStorageDirectory.java:analyzeStorage(246)) - The storage directory /workdir/hadoop-ozone/integration-test/target/test-dir/MiniOzoneClusterImpl-af2b7d54-0113-4939-817a-ba600847c27b/datanode-4/data/ratis/3401a888-6c04-42ee-b4f7-9da53605ef63 does not exist. Creating ...
2019-10-03 14:57:54,499 [pool-47-thread-1] INFO  server.RaftServerConfigKeys (ConfUtils.java:logGet(43)) - raft.server.storage.dir = [/workdir/hadoop-ozone/integration-test/target/test-dir/MiniOzoneClusterImpl-af2b7d54-0113-4939-817a-ba600847c27b/datanode-2/data/ratis] (custom)
2019-10-03 14:57:54,499 [pool-47-thread-1] INFO  server.RaftServerConfigKeys (ConfUtils.java:logGet(43)) - raft.server.log.corruption.policy = EXCEPTION (default)
2019-10-03 14:57:54,500 [pool-47-thread-1] INFO  storage.RaftStorageDirectory (RaftStorageDirectory.java:analyzeStorage(246)) - The storage directory /workdir/hadoop-ozone/integration-test/target/test-dir/MiniOzoneClusterImpl-af2b7d54-0113-4939-817a-ba600847c27b/datanode-2/data/ratis/3401a888-6c04-42ee-b4f7-9da53605ef63 does not exist. Creating ...
2019-10-03 14:57:54,523 [pool-47-thread-1] INFO  storage.RaftStorageDirectory (RaftStorageDirectory.java:tryLock(328)) - Lock on /workdir/hadoop-ozone/integration-test/target/test-dir/MiniOzoneClusterImpl-af2b7d54-0113-4939-817a-ba600847c27b/datanode-2/data/ratis/3401a888-6c04-42ee-b4f7-9da53605ef63/in_use.lock acquired by nodename 22154@pr-hdds-2217-vb45t-2318454878
2019-10-03 14:57:54,523 [pool-77-thread-1] INFO  storage.RaftStorageDirectory (RaftStorageDirectory.java:tryLock(328)) - Lock on /workdir/hadoop-ozone/integration-test/target/test-dir/MiniOzoneClusterImpl-af2b7d54-0113-4939-817a-ba600847c27b/datanode-5/data/ratis/3401a888-6c04-42ee-b4f7-9da53605ef63/in_use.lock acquired by nodename 22154@pr-hdds-2217-vb45t-2318454878
2019-10-03 14:57:54,523 [pool-67-thread-1] INFO  storage.RaftStorageDirectory (RaftStorageDirectory.java:tryLock(328)) - Lock on /workdir/hadoop-ozone/integration-test/target/test-dir/MiniOzoneClusterImpl-af2b7d54-0113-4939-817a-ba600847c27b/datanode-4/data/ratis/3401a888-6c04-42ee-b4f7-9da53605ef63/in_use.lock acquired by nodename 22154@pr-hdds-2217-vb45t-2318454878
2019-10-03 14:57:54,549 [pool-77-thread-1] INFO  storage.RaftStorage (RaftStorage.java:format(84)) - Storage directory /workdir/hadoop-ozone/integration-test/target/test-dir/MiniOzoneClusterImpl-af2b7d54-0113-4939-817a-ba600847c27b/datanode-5/data/ratis/3401a888-6c04-42ee-b4f7-9da53605ef63 has been successfully formatted.
2019-10-03 14:57:54,549 [pool-47-thread-1] INFO  storage.RaftStorage (RaftStorage.java:format(84)) - Storage directory /workdir/hadoop-ozone/integration-test/target/test-dir/MiniOzoneClusterImpl-af2b7d54-0113-4939-817a-ba600847c27b/datanode-2/data/ratis/3401a888-6c04-42ee-b4f7-9da53605ef63 has been successfully formatted.
2019-10-03 14:57:54,549 [pool-67-thread-1] INFO  storage.RaftStorage (RaftStorage.java:format(84)) - Storage directory /workdir/hadoop-ozone/integration-test/target/test-dir/MiniOzoneClusterImpl-af2b7d54-0113-4939-817a-ba600847c27b/datanode-4/data/ratis/3401a888-6c04-42ee-b4f7-9da53605ef63 has been successfully formatted.
2019-10-03 14:57:54,549 [pool-47-thread-1] INFO  ratis.ContainerStateMachine (ContainerStateMachine.java:loadSnapshot(230)) - group-9DA53605EF63: The snapshot info is null. Setting the last applied indexto:(t:0, i:~)
2019-10-03 14:57:54,549 [pool-77-thread-1] INFO  ratis.ContainerStateMachine (ContainerStateMachine.java:loadSnapshot(230)) - group-9DA53605EF63: The snapshot info is null. Setting the last applied indexto:(t:0, i:~)
2019-10-03 14:57:54,549 [pool-47-thread-1] INFO  server.RaftServerConfigKeys (ConfUtils.java:logGet(43)) - raft.server.notification.no-leader.timeout = 120s (custom)
2019-10-03 14:57:54,549 [pool-67-thread-1] INFO  ratis.ContainerStateMachine (ContainerStateMachine.java:loadSnapshot(230)) - group-9DA53605EF63: The snapshot info is null. Setting the last applied indexto:(t:0, i:~)
2019-10-03 14:57:54,550 [pool-47-thread-1] INFO  server.RaftServerConfigKeys (ConfUtils.java:logGet(43)) - raft.server.log.use.memory = false (default)
2019-10-03 14:57:54,550 [pool-77-thread-1] INFO  server.RaftServerConfigKeys (ConfUtils.java:logGet(43)) - raft.server.notification.no-leader.timeout = 120s (custom)
2019-10-03 14:57:54,550 [pool-47-thread-1] INFO  server.RaftServerConfigKeys (ConfUtils.java:logGet(43)) - raft.server.log.purge.gap = 1000000 (custom)
2019-10-03 14:57:54,550 [pool-67-thread-1] INFO  server.RaftServerConfigKeys (ConfUtils.java:logGet(43)) - raft.server.notification.no-leader.timeout = 120s (custom)
2019-10-03 14:57:54,551 [pool-47-thread-1] INFO  server.RaftServerConfigKeys (ConfUtils.java:logGet(43)) - raft.server.log.appender.buffer.byte-limit = 33554432 (custom)
2019-10-03 14:57:54,550 [pool-77-thread-1] INFO  server.RaftServerConfigKeys (ConfUtils.java:logGet(43)) - raft.server.log.use.memory = false (default)
2019-10-03 14:57:54,551 [pool-47-thread-1] INFO  server.RaftServerConfigKeys (ConfUtils.java:logGet(43)) - raft.server.log.segment.size.max = 1048576 (custom)
2019-10-03 14:57:54,551 [pool-67-thread-1] INFO  server.RaftServerConfigKeys (ConfUtils.java:logGet(43)) - raft.server.log.use.memory = false (default)
2019-10-03 14:57:54,551 [pool-47-thread-1] INFO  server.RaftServerConfigKeys (ConfUtils.java:logGet(43)) - raft.server.log.segment.cache.num.max = 2 (custom)
2019-10-03 14:57:54,551 [pool-77-thread-1] INFO  server.RaftServerConfigKeys (ConfUtils.java:logGet(43)) - raft.server.log.purge.gap = 1000000 (custom)
2019-10-03 14:57:54,552 [pool-47-thread-1] INFO  segmented.SegmentedRaftLogWorker (SegmentedRaftLogWorker.java:<init>(173)) - new 5939012d-523e-48de-b11a-e17c8814c4fe@group-9DA53605EF63-SegmentedRaftLogWorker for RaftStorage:Storage Directory /workdir/hadoop-ozone/integration-test/target/test-dir/MiniOzoneClusterImpl-af2b7d54-0113-4939-817a-ba600847c27b/datanode-2/data/ratis/3401a888-6c04-42ee-b4f7-9da53605ef63
2019-10-03 14:57:54,551 [pool-67-thread-1] INFO  server.RaftServerConfigKeys (ConfUtils.java:logGet(43)) - raft.server.log.purge.gap = 1000000 (custom)
2019-10-03 14:57:54,552 [pool-47-thread-1] INFO  server.RaftServerConfigKeys (ConfUtils.java:logGet(43)) - raft.server.log.queue.byte-limit = 2147483647 (custom)
2019-10-03 14:57:54,552 [pool-77-thread-1] INFO  server.RaftServerConfigKeys (ConfUtils.java:logGet(43)) - raft.server.log.appender.buffer.byte-limit = 33554432 (custom)
2019-10-03 14:57:54,552 [pool-47-thread-1] INFO  server.RaftServerConfigKeys (ConfUtils.java:logGet(43)) - raft.server.log.queue.element-limit = 1024 (custom)
2019-10-03 14:57:54,552 [pool-67-thread-1] INFO  server.RaftServerConfigKeys (ConfUtils.java:logGet(43)) - raft.server.log.appender.buffer.byte-limit = 33554432 (custom)
2019-10-03 14:57:54,553 [pool-47-thread-1] INFO  server.RaftServerConfigKeys (ConfUtils.java:logGet(43)) - raft.server.log.segment.size.max = 1048576 (custom)
2019-10-03 14:57:54,553 [pool-77-thread-1] INFO  server.RaftServerConfigKeys (ConfUtils.java:logGet(43)) - raft.server.log.segment.size.max = 1048576 (custom)
2019-10-03 14:57:54,555 [pool-47-thread-1] INFO  server.RaftServerConfigKeys (ConfUtils.java:logGet(43)) - raft.server.log.preallocated.size = 16384 (custom)
2019-10-03 14:57:54,555 [pool-67-thread-1] INFO  server.RaftServerConfigKeys (ConfUtils.java:logGet(43)) - raft.server.log.segment.size.max = 1048576 (custom)
2019-10-03 14:57:54,556 [pool-47-thread-1] INFO  server.RaftServerConfigKeys (ConfUtils.java:logGet(43)) - raft.server.log.write.buffer.size = 33554432 (custom)
2019-10-03 14:57:54,556 [pool-77-thread-1] INFO  server.RaftServerConfigKeys (ConfUtils.java:logGet(43)) - raft.server.log.segment.cache.num.max = 2 (custom)
2019-10-03 14:57:54,556 [pool-47-thread-1] INFO  server.RaftServerConfigKeys (ConfUtils.java:logGet(43)) - raft.server.log.force.sync.num = 128 (default)
2019-10-03 14:57:54,556 [pool-67-thread-1] INFO  server.RaftServerConfigKeys (ConfUtils.java:logGet(43)) - raft.server.log.segment.cache.num.max = 2 (custom)
2019-10-03 14:57:54,557 [pool-47-thread-1] INFO  server.RaftServerConfigKeys (ConfUtils.java:logGet(43)) - raft.server.log.statemachine.data.sync = true (default)
2019-10-03 14:57:54,556 [pool-77-thread-1] INFO  segmented.SegmentedRaftLogWorker (SegmentedRaftLogWorker.java:<init>(173)) - new d0f92f17-6121-461d-b5ce-3d521f80ac07@group-9DA53605EF63-SegmentedRaftLogWorker for RaftStorage:Storage Directory /workdir/hadoop-ozone/integration-test/target/test-dir/MiniOzoneClusterImpl-af2b7d54-0113-4939-817a-ba600847c27b/datanode-5/data/ratis/3401a888-6c04-42ee-b4f7-9da53605ef63
2019-10-03 14:57:54,557 [pool-47-thread-1] INFO  server.RaftServerConfigKeys (ConfUtils.java:logGet(43)) - raft.server.log.statemachine.data.sync.timeout = 10s (default)
2019-10-03 14:57:54,557 [pool-67-thread-1] INFO  segmented.SegmentedRaftLogWorker (SegmentedRaftLogWorker.java:<init>(173)) - new aeb13d51-4f04-4500-a428-f5834c47dfc1@group-9DA53605EF63-SegmentedRaftLogWorker for RaftStorage:Storage Directory /workdir/hadoop-ozone/integration-test/target/test-dir/MiniOzoneClusterImpl-af2b7d54-0113-4939-817a-ba600847c27b/datanode-4/data/ratis/3401a888-6c04-42ee-b4f7-9da53605ef63
2019-10-03 14:57:54,557 [pool-47-thread-1] INFO  server.RaftServerConfigKeys (ConfUtils.java:logGet(43)) - raft.server.log.statemachine.data.sync.timeout.retry = -1 (default)
2019-10-03 14:57:54,557 [pool-77-thread-1] INFO  server.RaftServerConfigKeys (ConfUtils.java:logGet(43)) - raft.server.log.queue.byte-limit = 2147483647 (custom)
2019-10-03 14:57:54,558 [pool-47-thread-1] INFO  server.RaftServerConfigKeys (ConfUtils.java:logGet(43)) - raft.server.log.statemachine.data.caching.enabled = true (custom)
2019-10-03 14:57:54,558 [pool-77-thread-1] INFO  server.RaftServerConfigKeys (ConfUtils.java:logGet(43)) - raft.server.log.queue.element-limit = 1024 (custom)
2019-10-03 14:57:54,557 [pool-67-thread-1] INFO  server.RaftServerConfigKeys (ConfUtils.java:logGet(43)) - raft.server.log.queue.byte-limit = 2147483647 (custom)
2019-10-03 14:57:54,558 [pool-47-thread-1] INFO  segmented.SegmentedRaftLogWorker (SegmentedRaftLogWorker.java:lambda$new$0(128)) - 5939012d-523e-48de-b11a-e17c8814c4fe@group-9DA53605EF63-SegmentedRaftLogWorker: flushIndex: setUnconditionally 0 -> -1
2019-10-03 14:57:54,558 [pool-77-thread-1] INFO  server.RaftServerConfigKeys (ConfUtils.java:logGet(43)) - raft.server.log.segment.size.max = 1048576 (custom)
2019-10-03 14:57:54,559 [pool-67-thread-1] INFO  server.RaftServerConfigKeys (ConfUtils.java:logGet(43)) - raft.server.log.queue.element-limit = 1024 (custom)
2019-10-03 14:57:54,559 [pool-47-thread-1] INFO  server.RaftServerConfigKeys (ConfUtils.java:logGet(43)) - raft.server.snapshot.auto.trigger.enabled = true (custom)
2019-10-03 14:57:54,559 [pool-77-thread-1] INFO  server.RaftServerConfigKeys (ConfUtils.java:logGet(43)) - raft.server.log.preallocated.size = 16384 (custom)
2019-10-03 14:57:54,559 [pool-47-thread-1] INFO  server.RaftServerConfigKeys (ConfUtils.java:logGet(43)) - raft.server.snapshot.auto.trigger.threshold = 10000 (custom)
2019-10-03 14:57:54,559 [pool-67-thread-1] INFO  server.RaftServerConfigKeys (ConfUtils.java:logGet(43)) - raft.server.log.segment.size.max = 1048576 (custom)
2019-10-03 14:57:54,560 [pool-47-thread-1] INFO  server.RaftServerConfigKeys (ConfUtils.java:logGet(43)) - raft.server.snapshot.retention.file.num = 5 (custom)
2019-10-03 14:57:54,559 [pool-77-thread-1] INFO  server.RaftServerConfigKeys (ConfUtils.java:logGet(43)) - raft.server.log.write.buffer.size = 33554432 (custom)
2019-10-03 14:57:54,560 [pool-47-thread-1] INFO  server.RaftServerConfigKeys (ConfUtils.java:logGet(43)) - raft.server.retrycache.expirytime = 600000ms (custom)
2019-10-03 14:57:54,560 [pool-67-thread-1] INFO  server.RaftServerConfigKeys (ConfUtils.java:logGet(43)) - raft.server.log.preallocated.size = 16384 (custom)
2019-10-03 14:57:54,560 [pool-77-thread-1] INFO  server.RaftServerConfigKeys (ConfUtils.java:logGet(43)) - raft.server.log.force.sync.num = 128 (default)
2019-10-03 14:57:54,561 [pool-67-thread-1] INFO  server.RaftServerConfigKeys (ConfUtils.java:logGet(43)) - raft.server.log.write.buffer.size = 33554432 (custom)
2019-10-03 14:57:54,561 [pool-77-thread-1] INFO  server.RaftServerConfigKeys (ConfUtils.java:logGet(43)) - raft.server.log.statemachine.data.sync = true (default)
2019-10-03 14:57:54,561 [pool-67-thread-1] INFO  server.RaftServerConfigKeys (ConfUtils.java:logGet(43)) - raft.server.log.force.sync.num = 128 (default)
2019-10-03 14:57:54,561 [pool-77-thread-1] INFO  server.RaftServerConfigKeys (ConfUtils.java:logGet(43)) - raft.server.log.statemachine.data.sync.timeout = 10s (default)
2019-10-03 14:57:54,561 [pool-67-thread-1] INFO  server.RaftServerConfigKeys (ConfUtils.java:logGet(43)) - raft.server.log.statemachine.data.sync = true (default)
2019-10-03 14:57:54,562 [pool-77-thread-1] INFO  server.RaftServerConfigKeys (ConfUtils.java:logGet(43)) - raft.server.log.statemachine.data.sync.timeout.retry = -1 (default)
2019-10-03 14:57:54,562 [pool-67-thread-1] INFO  server.RaftServerConfigKeys (ConfUtils.java:logGet(43)) - raft.server.log.statemachine.data.sync.timeout = 10s (default)
2019-10-03 14:57:54,562 [pool-77-thread-1] INFO  server.RaftServerConfigKeys (ConfUtils.java:logGet(43)) - raft.server.log.statemachine.data.caching.enabled = true (custom)
2019-10-03 14:57:54,562 [pool-67-thread-1] INFO  server.RaftServerConfigKeys (ConfUtils.java:logGet(43)) - raft.server.log.statemachine.data.sync.timeout.retry = -1 (default)
2019-10-03 14:57:54,563 [pool-77-thread-1] INFO  segmented.SegmentedRaftLogWorker (SegmentedRaftLogWorker.java:lambda$new$0(128)) - d0f92f17-6121-461d-b5ce-3d521f80ac07@group-9DA53605EF63-SegmentedRaftLogWorker: flushIndex: setUnconditionally 0 -> -1
2019-10-03 14:57:54,563 [pool-67-thread-1] INFO  server.RaftServerConfigKeys (ConfUtils.java:logGet(43)) - raft.server.log.statemachine.data.caching.enabled = true (custom)
2019-10-03 14:57:54,563 [pool-77-thread-1] INFO  server.RaftServerConfigKeys (ConfUtils.java:logGet(43)) - raft.server.snapshot.auto.trigger.enabled = true (custom)
2019-10-03 14:57:54,563 [pool-77-thread-1] INFO  server.RaftServerConfigKeys (ConfUtils.java:logGet(43)) - raft.server.snapshot.auto.trigger.threshold = 10000 (custom)
2019-10-03 14:57:54,563 [pool-67-thread-1] INFO  segmented.SegmentedRaftLogWorker (SegmentedRaftLogWorker.java:lambda$new$0(128)) - aeb13d51-4f04-4500-a428-f5834c47dfc1@group-9DA53605EF63-SegmentedRaftLogWorker: flushIndex: setUnconditionally 0 -> -1
2019-10-03 14:57:54,563 [pool-77-thread-1] INFO  server.RaftServerConfigKeys (ConfUtils.java:logGet(43)) - raft.server.snapshot.retention.file.num = 5 (custom)
2019-10-03 14:57:54,564 [pool-47-thread-1] INFO  impl.RaftServerImpl (RaftServerImpl.java:start(181)) - 5939012d-523e-48de-b11a-e17c8814c4fe@group-9DA53605EF63: start as a follower, conf=-1: [aeb13d51-4f04-4500-a428-f5834c47dfc1:192.168.151.96:35942, 5939012d-523e-48de-b11a-e17c8814c4fe:192.168.151.96:33107, d0f92f17-6121-461d-b5ce-3d521f80ac07:192.168.151.96:43444], old=null
2019-10-03 14:57:54,564 [pool-77-thread-1] INFO  server.RaftServerConfigKeys (ConfUtils.java:logGet(43)) - raft.server.retrycache.expirytime = 600000ms (custom)
2019-10-03 14:57:54,564 [pool-67-thread-1] INFO  server.RaftServerConfigKeys (ConfUtils.java:logGet(43)) - raft.server.snapshot.auto.trigger.enabled = true (custom)
2019-10-03 14:57:54,564 [pool-47-thread-1] INFO  impl.RaftServerImpl (RaftServerImpl.java:setRole(170)) - 5939012d-523e-48de-b11a-e17c8814c4fe@group-9DA53605EF63: changes role from      null to FOLLOWER at term 0 for startAsFollower
2019-10-03 14:57:54,564 [pool-67-thread-1] INFO  server.RaftServerConfigKeys (ConfUtils.java:logGet(43)) - raft.server.snapshot.auto.trigger.threshold = 10000 (custom)
2019-10-03 14:57:54,565 [pool-47-thread-1] INFO  impl.RoleInfo (RoleInfo.java:updateAndGet(143)) - 5939012d-523e-48de-b11a-e17c8814c4fe: start FollowerState
2019-10-03 14:57:54,565 [pool-67-thread-1] INFO  server.RaftServerConfigKeys (ConfUtils.java:logGet(43)) - raft.server.snapshot.retention.file.num = 5 (custom)
2019-10-03 14:57:54,565 [pool-47-thread-1] INFO  util.JmxRegister (JmxRegister.java:tryRegister(44)) - Successfully registered JMX Bean with object name Ratis:service=RaftServer,group=group-9DA53605EF63,id=5939012d-523e-48de-b11a-e17c8814c4fe
2019-10-03 14:57:54,565 [pool-67-thread-1] INFO  server.RaftServerConfigKeys (ConfUtils.java:logGet(43)) - raft.server.retrycache.expirytime = 600000ms (custom)
2019-10-03 14:57:54,568 [pool-77-thread-1] INFO  impl.RaftServerImpl (RaftServerImpl.java:start(181)) - d0f92f17-6121-461d-b5ce-3d521f80ac07@group-9DA53605EF63: start as a follower, conf=-1: [aeb13d51-4f04-4500-a428-f5834c47dfc1:192.168.151.96:35942, 5939012d-523e-48de-b11a-e17c8814c4fe:192.168.151.96:33107, d0f92f17-6121-461d-b5ce-3d521f80ac07:192.168.151.96:43444], old=null
2019-10-03 14:57:54,568 [pool-77-thread-1] INFO  impl.RaftServerImpl (RaftServerImpl.java:setRole(170)) - d0f92f17-6121-461d-b5ce-3d521f80ac07@group-9DA53605EF63: changes role from      null to FOLLOWER at term 0 for startAsFollower
2019-10-03 14:57:54,569 [pool-77-thread-1] INFO  impl.RoleInfo (RoleInfo.java:updateAndGet(143)) - d0f92f17-6121-461d-b5ce-3d521f80ac07: start FollowerState
2019-10-03 14:57:54,569 [pool-77-thread-1] INFO  util.JmxRegister (JmxRegister.java:tryRegister(44)) - Successfully registered JMX Bean with object name Ratis:service=RaftServer,group=group-9DA53605EF63,id=d0f92f17-6121-461d-b5ce-3d521f80ac07
2019-10-03 14:57:54,570 [pool-67-thread-1] INFO  impl.RaftServerImpl (RaftServerImpl.java:start(181)) - aeb13d51-4f04-4500-a428-f5834c47dfc1@group-9DA53605EF63: start as a follower, conf=-1: [aeb13d51-4f04-4500-a428-f5834c47dfc1:192.168.151.96:35942, 5939012d-523e-48de-b11a-e17c8814c4fe:192.168.151.96:33107, d0f92f17-6121-461d-b5ce-3d521f80ac07:192.168.151.96:43444], old=null
2019-10-03 14:57:54,570 [pool-67-thread-1] INFO  impl.RaftServerImpl (RaftServerImpl.java:setRole(170)) - aeb13d51-4f04-4500-a428-f5834c47dfc1@group-9DA53605EF63: changes role from      null to FOLLOWER at term 0 for startAsFollower
2019-10-03 14:57:54,571 [pool-67-thread-1] INFO  impl.RoleInfo (RoleInfo.java:updateAndGet(143)) - aeb13d51-4f04-4500-a428-f5834c47dfc1: start FollowerState
2019-10-03 14:57:54,571 [pool-67-thread-1] INFO  util.JmxRegister (JmxRegister.java:tryRegister(44)) - Successfully registered JMX Bean with object name Ratis:service=RaftServer,group=group-9DA53605EF63,id=aeb13d51-4f04-4500-a428-f5834c47dfc1
2019-10-03 14:57:54,601 [RatisPipelineUtilsThread] INFO  pipeline.PipelineStateManager (PipelineStateManager.java:addPipeline(56)) - Created pipeline Pipeline[ Id: 3401a888-6c04-42ee-b4f7-9da53605ef63, Nodes: 5939012d-523e-48de-b11a-e17c8814c4fe{ip: 192.168.151.96, host: pr-hdds-2217-vb45t-2318454878, networkLocation: /default-rack, certSerialId: null}aeb13d51-4f04-4500-a428-f5834c47dfc1{ip: 192.168.151.96, host: pr-hdds-2217-vb45t-2318454878, networkLocation: /default-rack, certSerialId: null}d0f92f17-6121-461d-b5ce-3d521f80ac07{ip: 192.168.151.96, host: pr-hdds-2217-vb45t-2318454878, networkLocation: /default-rack, certSerialId: null}, Type:RATIS, Factor:THREE, State:OPEN]
2019-10-03 14:57:54,632 [main] INFO  impl.MetricsSystemImpl (MetricsSystemImpl.java:init(158)) - XceiverClientMetrics metrics system started (again)
2019-10-03 14:57:55,173 [Thread-238] INFO  container.ReplicationManager (ReplicationManager.java:start(162)) - Starting Replication Monitor Thread.
2019-10-03 14:57:55,180 [ReplicationMonitor] INFO  container.ReplicationManager (ReplicationManager.java:run(225)) - Replication Monitor Thread took 3 milliseconds for processing 1 containers.
2019-10-03 14:57:58,131 [Thread-241] INFO  impl.FollowerState (FollowerState.java:run(108)) - 63dc41fb-a235-4553-b1c9-3c734cea9853@group-F3A00C6B1BF3-FollowerState: change to CANDIDATE, lastRpcTime:5131ms, electionTimeout:5130ms
2019-10-03 14:57:58,135 [Thread-241] INFO  impl.RoleInfo (RoleInfo.java:shutdownFollowerState(121)) - 63dc41fb-a235-4553-b1c9-3c734cea9853: shutdown FollowerState
2019-10-03 14:57:58,136 [Thread-241] INFO  impl.RaftServerImpl (RaftServerImpl.java:setRole(170)) - 63dc41fb-a235-4553-b1c9-3c734cea9853@group-F3A00C6B1BF3: changes role from  FOLLOWER to CANDIDATE at term 0 for changeToCandidate
2019-10-03 14:57:58,144 [Thread-241] INFO  impl.RoleInfo (RoleInfo.java:updateAndGet(143)) - 63dc41fb-a235-4553-b1c9-3c734cea9853: start LeaderElection
2019-10-03 14:57:58,176 [63dc41fb-a235-4553-b1c9-3c734cea9853@group-F3A00C6B1BF3-LeaderElection1] INFO  impl.LeaderElection (LeaderElection.java:askForVotes(178)) - 63dc41fb-a235-4553-b1c9-3c734cea9853@group-F3A00C6B1BF3-LeaderElection1: begin an election at term 1 for -1: [63dc41fb-a235-4553-b1c9-3c734cea9853:192.168.151.96:41537], old=null
2019-10-03 14:57:58,177 [63dc41fb-a235-4553-b1c9-3c734cea9853@group-F3A00C6B1BF3-LeaderElection1] INFO  impl.RoleInfo (RoleInfo.java:shutdownLeaderElection(134)) - 63dc41fb-a235-4553-b1c9-3c734cea9853: shutdown LeaderElection
2019-10-03 14:57:58,178 [63dc41fb-a235-4553-b1c9-3c734cea9853@group-F3A00C6B1BF3-LeaderElection1] INFO  impl.RaftServerImpl (RaftServerImpl.java:setRole(170)) - 63dc41fb-a235-4553-b1c9-3c734cea9853@group-F3A00C6B1BF3: changes role from CANDIDATE to LEADER at term 1 for changeToLeader
2019-10-03 14:57:58,178 [63dc41fb-a235-4553-b1c9-3c734cea9853@group-F3A00C6B1BF3-LeaderElection1] INFO  impl.RaftServerImpl (ServerState.java:setLeader(255)) - 63dc41fb-a235-4553-b1c9-3c734cea9853@group-F3A00C6B1BF3: change Leader from null to 63dc41fb-a235-4553-b1c9-3c734cea9853 at term 1 for becomeLeader, leader elected after 5315ms
2019-10-03 14:57:58,187 [63dc41fb-a235-4553-b1c9-3c734cea9853@group-F3A00C6B1BF3-LeaderElection1] INFO  server.RaftServerConfigKeys (ConfUtils.java:logGet(43)) - raft.server.staging.catchup.gap = 1000 (default)
2019-10-03 14:57:58,196 [63dc41fb-a235-4553-b1c9-3c734cea9853@group-F3A00C6B1BF3-LeaderElection1] INFO  server.RaftServerConfigKeys (ConfUtils.java:logGet(43)) - raft.server.rpc.sleep.time = 25ms (default)
2019-10-03 14:57:58,214 [63dc41fb-a235-4553-b1c9-3c734cea9853@group-F3A00C6B1BF3-LeaderElection1] INFO  server.RaftServerConfigKeys (ConfUtils.java:logGet(43)) - raft.server.write.element-limit = 4096 (default)
2019-10-03 14:57:58,217 [63dc41fb-a235-4553-b1c9-3c734cea9853@group-F3A00C6B1BF3-LeaderElection1] INFO  server.RaftServerConfigKeys (ConfUtils.java:logGet(43)) - raft.server.watch.timeout = 10s (default)
2019-10-03 14:57:58,217 [63dc41fb-a235-4553-b1c9-3c734cea9853@group-F3A00C6B1BF3-LeaderElection1] INFO  server.RaftServerConfigKeys (ConfUtils.java:logGet(43)) - raft.server.watch.timeout.denomination = 1s (default)
2019-10-03 14:57:58,219 [63dc41fb-a235-4553-b1c9-3c734cea9853@group-F3A00C6B1BF3-LeaderElection1] INFO  server.RaftServerConfigKeys (ConfUtils.java:logGet(43)) - raft.server.watch.element-limit = 65536 (default)
2019-10-03 14:57:58,232 [63dc41fb-a235-4553-b1c9-3c734cea9853@group-F3A00C6B1BF3-LeaderElection1] INFO  impl.RoleInfo (RoleInfo.java:updateAndGet(143)) - 63dc41fb-a235-4553-b1c9-3c734cea9853: start LeaderState
2019-10-03 14:57:58,257 [63dc41fb-a235-4553-b1c9-3c734cea9853@group-F3A00C6B1BF3-LeaderElection1] INFO  segmented.SegmentedRaftLogWorker (SegmentedRaftLogWorker.java:startLogSegment(385)) - 63dc41fb-a235-4553-b1c9-3c734cea9853@group-F3A00C6B1BF3-SegmentedRaftLogWorker: Starting segment from index:0
2019-10-03 14:57:58,265 [63dc41fb-a235-4553-b1c9-3c734cea9853@group-F3A00C6B1BF3-LeaderElection1] INFO  impl.RaftServerImpl (ServerState.java:setRaftConf(356)) - 63dc41fb-a235-4553-b1c9-3c734cea9853@group-F3A00C6B1BF3: set configuration 0: [63dc41fb-a235-4553-b1c9-3c734cea9853:192.168.151.96:41537], old=null at 0
2019-10-03 14:57:58,366 [Thread-245] INFO  impl.FollowerState (FollowerState.java:run(108)) - a3cce3e0-5375-4485-8d23-6a2da2048872@group-AD81862F79C0-FollowerState: change to CANDIDATE, lastRpcTime:5114ms, electionTimeout:5112ms
2019-10-03 14:57:58,375 [Thread-245] INFO  impl.RoleInfo (RoleInfo.java:shutdownFollowerState(121)) - a3cce3e0-5375-4485-8d23-6a2da2048872: shutdown FollowerState
2019-10-03 14:57:58,375 [Thread-245] INFO  impl.RaftServerImpl (RaftServerImpl.java:setRole(170)) - a3cce3e0-5375-4485-8d23-6a2da2048872@group-AD81862F79C0: changes role from  FOLLOWER to CANDIDATE at term 0 for changeToCandidate
2019-10-03 14:57:58,375 [Thread-245] INFO  impl.RoleInfo (RoleInfo.java:updateAndGet(143)) - a3cce3e0-5375-4485-8d23-6a2da2048872: start LeaderElection
2019-10-03 14:57:58,408 [a3cce3e0-5375-4485-8d23-6a2da2048872@group-AD81862F79C0-LeaderElection2] INFO  impl.LeaderElection (LeaderElection.java:askForVotes(178)) - a3cce3e0-5375-4485-8d23-6a2da2048872@group-AD81862F79C0-LeaderElection2: begin an election at term 1 for -1: [a3cce3e0-5375-4485-8d23-6a2da2048872:192.168.151.96:34467], old=null
2019-10-03 14:57:58,408 [a3cce3e0-5375-4485-8d23-6a2da2048872@group-AD81862F79C0-LeaderElection2] INFO  impl.RoleInfo (RoleInfo.java:shutdownLeaderElection(134)) - a3cce3e0-5375-4485-8d23-6a2da2048872: shutdown LeaderElection
2019-10-03 14:57:58,408 [a3cce3e0-5375-4485-8d23-6a2da2048872@group-AD81862F79C0-LeaderElection2] INFO  impl.RaftServerImpl (RaftServerImpl.java:setRole(170)) - a3cce3e0-5375-4485-8d23-6a2da2048872@group-AD81862F79C0: changes role from CANDIDATE to LEADER at term 1 for changeToLeader
2019-10-03 14:57:58,408 [a3cce3e0-5375-4485-8d23-6a2da2048872@group-AD81862F79C0-LeaderElection2] INFO  impl.RaftServerImpl (ServerState.java:setLeader(255)) - a3cce3e0-5375-4485-8d23-6a2da2048872@group-AD81862F79C0: change Leader from null to a3cce3e0-5375-4485-8d23-6a2da2048872 at term 1 for becomeLeader, leader elected after 5181ms
2019-10-03 14:57:58,411 [a3cce3e0-5375-4485-8d23-6a2da2048872@group-AD81862F79C0-LeaderElection2] INFO  server.RaftServerConfigKeys (ConfUtils.java:logGet(43)) - raft.server.staging.catchup.gap = 1000 (default)
2019-10-03 14:57:58,411 [a3cce3e0-5375-4485-8d23-6a2da2048872@group-AD81862F79C0-LeaderElection2] INFO  server.RaftServerConfigKeys (ConfUtils.java:logGet(43)) - raft.server.rpc.sleep.time = 25ms (default)
2019-10-03 14:57:58,411 [a3cce3e0-5375-4485-8d23-6a2da2048872@group-AD81862F79C0-LeaderElection2] INFO  server.RaftServerConfigKeys (ConfUtils.java:logGet(43)) - raft.server.write.element-limit = 4096 (default)
2019-10-03 14:57:58,411 [a3cce3e0-5375-4485-8d23-6a2da2048872@group-AD81862F79C0-LeaderElection2] INFO  server.RaftServerConfigKeys (ConfUtils.java:logGet(43)) - raft.server.watch.timeout = 10s (default)
2019-10-03 14:57:58,412 [a3cce3e0-5375-4485-8d23-6a2da2048872@group-AD81862F79C0-LeaderElection2] INFO  server.RaftServerConfigKeys (ConfUtils.java:logGet(43)) - raft.server.watch.timeout.denomination = 1s (default)
2019-10-03 14:57:58,412 [a3cce3e0-5375-4485-8d23-6a2da2048872@group-AD81862F79C0-LeaderElection2] INFO  server.RaftServerConfigKeys (ConfUtils.java:logGet(43)) - raft.server.watch.element-limit = 65536 (default)
2019-10-03 14:57:58,414 [a3cce3e0-5375-4485-8d23-6a2da2048872@group-AD81862F79C0-LeaderElection2] INFO  impl.RoleInfo (RoleInfo.java:updateAndGet(143)) - a3cce3e0-5375-4485-8d23-6a2da2048872: start LeaderState
2019-10-03 14:57:58,415 [a3cce3e0-5375-4485-8d23-6a2da2048872@group-AD81862F79C0-LeaderElection2] INFO  segmented.SegmentedRaftLogWorker (SegmentedRaftLogWorker.java:startLogSegment(385)) - a3cce3e0-5375-4485-8d23-6a2da2048872@group-AD81862F79C0-SegmentedRaftLogWorker: Starting segment from index:0
2019-10-03 14:57:58,415 [a3cce3e0-5375-4485-8d23-6a2da2048872@group-AD81862F79C0-LeaderElection2] INFO  impl.RaftServerImpl (ServerState.java:setRaftConf(356)) - a3cce3e0-5375-4485-8d23-6a2da2048872@group-AD81862F79C0: set configuration 0: [a3cce3e0-5375-4485-8d23-6a2da2048872:192.168.151.96:34467], old=null at 0
2019-10-03 14:57:58,497 [63dc41fb-a235-4553-b1c9-3c734cea9853@group-F3A00C6B1BF3-SegmentedRaftLogWorker] INFO  segmented.SegmentedRaftLogWorker (SegmentedRaftLogWorker.java:execute(574)) - 63dc41fb-a235-4553-b1c9-3c734cea9853@group-F3A00C6B1BF3-SegmentedRaftLogWorker: created new log segment /workdir/hadoop-ozone/integration-test/target/test-dir/MiniOzoneClusterImpl-af2b7d54-0113-4939-817a-ba600847c27b/datanode-0/data/ratis/9517183b-700b-4c7f-8018-f3a00c6b1bf3/current/log_inprogress_0
2019-10-03 14:57:58,497 [a3cce3e0-5375-4485-8d23-6a2da2048872@group-AD81862F79C0-SegmentedRaftLogWorker] INFO  segmented.SegmentedRaftLogWorker (SegmentedRaftLogWorker.java:execute(574)) - a3cce3e0-5375-4485-8d23-6a2da2048872@group-AD81862F79C0-SegmentedRaftLogWorker: created new log segment /workdir/hadoop-ozone/integration-test/target/test-dir/MiniOzoneClusterImpl-af2b7d54-0113-4939-817a-ba600847c27b/datanode-6/data/ratis/cce1213a-7d09-40e7-8c38-ad81862f79c0/current/log_inprogress_0
2019-10-03 14:57:58,580 [Thread-249] INFO  impl.FollowerState (FollowerState.java:run(108)) - 5a44bd04-ecf8-4f1a-9db6-edf6da10f7f5@group-A628AEA70F5F-FollowerState: change to CANDIDATE, lastRpcTime:5121ms, electionTimeout:5121ms
2019-10-03 14:57:58,584 [Thread-249] INFO  impl.RoleInfo (RoleInfo.java:shutdownFollowerState(121)) - 5a44bd04-ecf8-4f1a-9db6-edf6da10f7f5: shutdown FollowerState
2019-10-03 14:57:58,584 [Thread-249] INFO  impl.RaftServerImpl (RaftServerImpl.java:setRole(170)) - 5a44bd04-ecf8-4f1a-9db6-edf6da10f7f5@group-A628AEA70F5F: changes role from  FOLLOWER to CANDIDATE at term 0 for changeToCandidate
2019-10-03 14:57:58,584 [Thread-249] INFO  impl.RoleInfo (RoleInfo.java:updateAndGet(143)) - 5a44bd04-ecf8-4f1a-9db6-edf6da10f7f5: start LeaderElection
2019-10-03 14:57:58,601 [5a44bd04-ecf8-4f1a-9db6-edf6da10f7f5@group-A628AEA70F5F-LeaderElection3] INFO  impl.LeaderElection (LeaderElection.java:askForVotes(178)) - 5a44bd04-ecf8-4f1a-9db6-edf6da10f7f5@group-A628AEA70F5F-LeaderElection3: begin an election at term 1 for -1: [5a44bd04-ecf8-4f1a-9db6-edf6da10f7f5:192.168.151.96:37447], old=null
2019-10-03 14:57:58,603 [5a44bd04-ecf8-4f1a-9db6-edf6da10f7f5@group-A628AEA70F5F-LeaderElection3] INFO  impl.RoleInfo (RoleInfo.java:shutdownLeaderElection(134)) - 5a44bd04-ecf8-4f1a-9db6-edf6da10f7f5: shutdown LeaderElection
2019-10-03 14:57:58,603 [5a44bd04-ecf8-4f1a-9db6-edf6da10f7f5@group-A628AEA70F5F-LeaderElection3] INFO  impl.RaftServerImpl (RaftServerImpl.java:setRole(170)) - 5a44bd04-ecf8-4f1a-9db6-edf6da10f7f5@group-A628AEA70F5F: changes role from CANDIDATE to LEADER at term 1 for changeToLeader
2019-10-03 14:57:58,603 [5a44bd04-ecf8-4f1a-9db6-edf6da10f7f5@group-A628AEA70F5F-LeaderElection3] INFO  impl.RaftServerImpl (ServerState.java:setLeader(255)) - 5a44bd04-ecf8-4f1a-9db6-edf6da10f7f5@group-A628AEA70F5F: change Leader from null to 5a44bd04-ecf8-4f1a-9db6-edf6da10f7f5 at term 1 for becomeLeader, leader elected after 5196ms
2019-10-03 14:57:58,605 [5a44bd04-ecf8-4f1a-9db6-edf6da10f7f5@group-A628AEA70F5F-LeaderElection3] INFO  server.RaftServerConfigKeys (ConfUtils.java:logGet(43)) - raft.server.staging.catchup.gap = 1000 (default)
2019-10-03 14:57:58,605 [5a44bd04-ecf8-4f1a-9db6-edf6da10f7f5@group-A628AEA70F5F-LeaderElection3] INFO  server.RaftServerConfigKeys (ConfUtils.java:logGet(43)) - raft.server.rpc.sleep.time = 25ms (default)
2019-10-03 14:57:58,606 [5a44bd04-ecf8-4f1a-9db6-edf6da10f7f5@group-A628AEA70F5F-LeaderElection3] INFO  server.RaftServerConfigKeys (ConfUtils.java:logGet(43)) - raft.server.write.element-limit = 4096 (default)
2019-10-03 14:57:58,606 [5a44bd04-ecf8-4f1a-9db6-edf6da10f7f5@group-A628AEA70F5F-LeaderElection3] INFO  server.RaftServerConfigKeys (ConfUtils.java:logGet(43)) - raft.server.watch.timeout = 10s (default)
2019-10-03 14:57:58,606 [5a44bd04-ecf8-4f1a-9db6-edf6da10f7f5@group-A628AEA70F5F-LeaderElection3] INFO  server.RaftServerConfigKeys (ConfUtils.java:logGet(43)) - raft.server.watch.timeout.denomination = 1s (default)
2019-10-03 14:57:58,606 [5a44bd04-ecf8-4f1a-9db6-edf6da10f7f5@group-A628AEA70F5F-LeaderElection3] INFO  server.RaftServerConfigKeys (ConfUtils.java:logGet(43)) - raft.server.watch.element-limit = 65536 (default)
2019-10-03 14:57:58,609 [5a44bd04-ecf8-4f1a-9db6-edf6da10f7f5@group-A628AEA70F5F-LeaderElection3] INFO  impl.RoleInfo (RoleInfo.java:updateAndGet(143)) - 5a44bd04-ecf8-4f1a-9db6-edf6da10f7f5: start LeaderState
2019-10-03 14:57:58,610 [5a44bd04-ecf8-4f1a-9db6-edf6da10f7f5@group-A628AEA70F5F-LeaderElection3] INFO  segmented.SegmentedRaftLogWorker (SegmentedRaftLogWorker.java:startLogSegment(385)) - 5a44bd04-ecf8-4f1a-9db6-edf6da10f7f5@group-A628AEA70F5F-SegmentedRaftLogWorker: Starting segment from index:0
2019-10-03 14:57:58,610 [5a44bd04-ecf8-4f1a-9db6-edf6da10f7f5@group-A628AEA70F5F-LeaderElection3] INFO  impl.RaftServerImpl (ServerState.java:setRaftConf(356)) - 5a44bd04-ecf8-4f1a-9db6-edf6da10f7f5@group-A628AEA70F5F: set configuration 0: [5a44bd04-ecf8-4f1a-9db6-edf6da10f7f5:192.168.151.96:37447], old=null at 0
2019-10-03 14:57:58,660 [5a44bd04-ecf8-4f1a-9db6-edf6da10f7f5@group-A628AEA70F5F-SegmentedRaftLogWorker] INFO  segmented.SegmentedRaftLogWorker (SegmentedRaftLogWorker.java:execute(574)) - 5a44bd04-ecf8-4f1a-9db6-edf6da10f7f5@group-A628AEA70F5F-SegmentedRaftLogWorker: created new log segment /workdir/hadoop-ozone/integration-test/target/test-dir/MiniOzoneClusterImpl-af2b7d54-0113-4939-817a-ba600847c27b/datanode-3/data/ratis/65066c4e-dded-4518-9c45-a628aea70f5f/current/log_inprogress_0
2019-10-03 14:57:58,717 [Thread-252] INFO  impl.FollowerState (FollowerState.java:run(108)) - 5939012d-523e-48de-b11a-e17c8814c4fe@group-DE850F1D368B-FollowerState: change to CANDIDATE, lastRpcTime:5173ms, electionTimeout:5173ms
2019-10-03 14:57:58,717 [Thread-252] INFO  impl.RoleInfo (RoleInfo.java:shutdownFollowerState(121)) - 5939012d-523e-48de-b11a-e17c8814c4fe: shutdown FollowerState
2019-10-03 14:57:58,717 [Thread-252] INFO  impl.RaftServerImpl (RaftServerImpl.java:setRole(170)) - 5939012d-523e-48de-b11a-e17c8814c4fe@group-DE850F1D368B: changes role from  FOLLOWER to CANDIDATE at term 0 for changeToCandidate
2019-10-03 14:57:58,718 [Thread-252] INFO  impl.RoleInfo (RoleInfo.java:updateAndGet(143)) - 5939012d-523e-48de-b11a-e17c8814c4fe: start LeaderElection
2019-10-03 14:57:58,738 [5939012d-523e-48de-b11a-e17c8814c4fe@group-DE850F1D368B-LeaderElection4] INFO  impl.LeaderElection (LeaderElection.java:askForVotes(178)) - 5939012d-523e-48de-b11a-e17c8814c4fe@group-DE850F1D368B-LeaderElection4: begin an election at term 1 for -1: [5939012d-523e-48de-b11a-e17c8814c4fe:192.168.151.96:33107], old=null
2019-10-03 14:57:58,738 [5939012d-523e-48de-b11a-e17c8814c4fe@group-DE850F1D368B-LeaderElection4] INFO  impl.RoleInfo (RoleInfo.java:shutdownLeaderElection(134)) - 5939012d-523e-48de-b11a-e17c8814c4fe: shutdown LeaderElection
2019-10-03 14:57:58,738 [5939012d-523e-48de-b11a-e17c8814c4fe@group-DE850F1D368B-LeaderElection4] INFO  impl.RaftServerImpl (RaftServerImpl.java:setRole(170)) - 5939012d-523e-48de-b11a-e17c8814c4fe@group-DE850F1D368B: changes role from CANDIDATE to LEADER at term 1 for changeToLeader
2019-10-03 14:57:58,738 [5939012d-523e-48de-b11a-e17c8814c4fe@group-DE850F1D368B-LeaderElection4] INFO  impl.RaftServerImpl (ServerState.java:setLeader(255)) - 5939012d-523e-48de-b11a-e17c8814c4fe@group-DE850F1D368B: change Leader from null to 5939012d-523e-48de-b11a-e17c8814c4fe at term 1 for becomeLeader, leader elected after 5207ms
2019-10-03 14:57:58,741 [5939012d-523e-48de-b11a-e17c8814c4fe@group-DE850F1D368B-LeaderElection4] INFO  server.RaftServerConfigKeys (ConfUtils.java:logGet(43)) - raft.server.staging.catchup.gap = 1000 (default)
2019-10-03 14:57:58,741 [5939012d-523e-48de-b11a-e17c8814c4fe@group-DE850F1D368B-LeaderElection4] INFO  server.RaftServerConfigKeys (ConfUtils.java:logGet(43)) - raft.server.rpc.sleep.time = 25ms (default)
2019-10-03 14:57:58,741 [5939012d-523e-48de-b11a-e17c8814c4fe@group-DE850F1D368B-LeaderElection4] INFO  server.RaftServerConfigKeys (ConfUtils.java:logGet(43)) - raft.server.write.element-limit = 4096 (default)
2019-10-03 14:57:58,741 [5939012d-523e-48de-b11a-e17c8814c4fe@group-DE850F1D368B-LeaderElection4] INFO  server.RaftServerConfigKeys (ConfUtils.java:logGet(43)) - raft.server.watch.timeout = 10s (default)
2019-10-03 14:57:58,741 [5939012d-523e-48de-b11a-e17c8814c4fe@group-DE850F1D368B-LeaderElection4] INFO  server.RaftServerConfigKeys (ConfUtils.java:logGet(43)) - raft.server.watch.timeout.denomination = 1s (default)
2019-10-03 14:57:58,741 [5939012d-523e-48de-b11a-e17c8814c4fe@group-DE850F1D368B-LeaderElection4] INFO  server.RaftServerConfigKeys (ConfUtils.java:logGet(43)) - raft.server.watch.element-limit = 65536 (default)
2019-10-03 14:57:58,744 [5939012d-523e-48de-b11a-e17c8814c4fe@group-DE850F1D368B-LeaderElection4] INFO  impl.RoleInfo (RoleInfo.java:updateAndGet(143)) - 5939012d-523e-48de-b11a-e17c8814c4fe: start LeaderState
2019-10-03 14:57:58,745 [5939012d-523e-48de-b11a-e17c8814c4fe@group-DE850F1D368B-LeaderElection4] INFO  segmented.SegmentedRaftLogWorker (SegmentedRaftLogWorker.java:startLogSegment(385)) - 5939012d-523e-48de-b11a-e17c8814c4fe@group-DE850F1D368B-SegmentedRaftLogWorker: Starting segment from index:0
2019-10-03 14:57:58,746 [5939012d-523e-48de-b11a-e17c8814c4fe@group-DE850F1D368B-LeaderElection4] INFO  impl.RaftServerImpl (ServerState.java:setRaftConf(356)) - 5939012d-523e-48de-b11a-e17c8814c4fe@group-DE850F1D368B: set configuration 0: [5939012d-523e-48de-b11a-e17c8814c4fe:192.168.151.96:33107], old=null at 0
2019-10-03 14:57:58,797 [5939012d-523e-48de-b11a-e17c8814c4fe@group-DE850F1D368B-SegmentedRaftLogWorker] INFO  segmented.SegmentedRaftLogWorker (SegmentedRaftLogWorker.java:execute(574)) - 5939012d-523e-48de-b11a-e17c8814c4fe@group-DE850F1D368B-SegmentedRaftLogWorker: created new log segment /workdir/hadoop-ozone/integration-test/target/test-dir/MiniOzoneClusterImpl-af2b7d54-0113-4939-817a-ba600847c27b/datanode-2/data/ratis/71214fbb-ccd4-4574-8139-de850f1d368b/current/log_inprogress_0
2019-10-03 14:57:59,124 [Thread-255] INFO  impl.FollowerState (FollowerState.java:run(108)) - aeb13d51-4f04-4500-a428-f5834c47dfc1@group-F22580D9FF4C-FollowerState: change to CANDIDATE, lastRpcTime:5081ms, electionTimeout:5081ms
2019-10-03 14:57:59,125 [Thread-255] INFO  impl.RoleInfo (RoleInfo.java:shutdownFollowerState(121)) - aeb13d51-4f04-4500-a428-f5834c47dfc1: shutdown FollowerState
2019-10-03 14:57:59,125 [Thread-255] INFO  impl.RaftServerImpl (RaftServerImpl.java:setRole(170)) - aeb13d51-4f04-4500-a428-f5834c47dfc1@group-F22580D9FF4C: changes role from  FOLLOWER to CANDIDATE at term 0 for changeToCandidate
2019-10-03 14:57:59,125 [Thread-255] INFO  impl.RoleInfo (RoleInfo.java:updateAndGet(143)) - aeb13d51-4f04-4500-a428-f5834c47dfc1: start LeaderElection
2019-10-03 14:57:59,143 [aeb13d51-4f04-4500-a428-f5834c47dfc1@group-F22580D9FF4C-LeaderElection5] INFO  impl.LeaderElection (LeaderElection.java:askForVotes(178)) - aeb13d51-4f04-4500-a428-f5834c47dfc1@group-F22580D9FF4C-LeaderElection5: begin an election at term 1 for -1: [aeb13d51-4f04-4500-a428-f5834c47dfc1:192.168.151.96:35942], old=null
2019-10-03 14:57:59,143 [aeb13d51-4f04-4500-a428-f5834c47dfc1@group-F22580D9FF4C-LeaderElection5] INFO  impl.RoleInfo (RoleInfo.java:shutdownLeaderElection(134)) - aeb13d51-4f04-4500-a428-f5834c47dfc1: shutdown LeaderElection
2019-10-03 14:57:59,144 [aeb13d51-4f04-4500-a428-f5834c47dfc1@group-F22580D9FF4C-LeaderElection5] INFO  impl.RaftServerImpl (RaftServerImpl.java:setRole(170)) - aeb13d51-4f04-4500-a428-f5834c47dfc1@group-F22580D9FF4C: changes role from CANDIDATE to LEADER at term 1 for changeToLeader
2019-10-03 14:57:59,144 [aeb13d51-4f04-4500-a428-f5834c47dfc1@group-F22580D9FF4C-LeaderElection5] INFO  impl.RaftServerImpl (ServerState.java:setLeader(255)) - aeb13d51-4f04-4500-a428-f5834c47dfc1@group-F22580D9FF4C: change Leader from null to aeb13d51-4f04-4500-a428-f5834c47dfc1 at term 1 for becomeLeader, leader elected after 5162ms
2019-10-03 14:57:59,146 [aeb13d51-4f04-4500-a428-f5834c47dfc1@group-F22580D9FF4C-LeaderElection5] INFO  server.RaftServerConfigKeys (ConfUtils.java:logGet(43)) - raft.server.staging.catchup.gap = 1000 (default)
2019-10-03 14:57:59,146 [aeb13d51-4f04-4500-a428-f5834c47dfc1@group-F22580D9FF4C-LeaderElection5] INFO  server.RaftServerConfigKeys (ConfUtils.java:logGet(43)) - raft.server.rpc.sleep.time = 25ms (default)
2019-10-03 14:57:59,146 [aeb13d51-4f04-4500-a428-f5834c47dfc1@group-F22580D9FF4C-LeaderElection5] INFO  server.RaftServerConfigKeys (ConfUtils.java:logGet(43)) - raft.server.write.element-limit = 4096 (default)
2019-10-03 14:57:59,146 [aeb13d51-4f04-4500-a428-f5834c47dfc1@group-F22580D9FF4C-LeaderElection5] INFO  server.RaftServerConfigKeys (ConfUtils.java:logGet(43)) - raft.server.watch.timeout = 10s (default)
2019-10-03 14:57:59,147 [aeb13d51-4f04-4500-a428-f5834c47dfc1@group-F22580D9FF4C-LeaderElection5] INFO  server.RaftServerConfigKeys (ConfUtils.java:logGet(43)) - raft.server.watch.timeout.denomination = 1s (default)
2019-10-03 14:57:59,147 [aeb13d51-4f04-4500-a428-f5834c47dfc1@group-F22580D9FF4C-LeaderElection5] INFO  server.RaftServerConfigKeys (ConfUtils.java:logGet(43)) - raft.server.watch.element-limit = 65536 (default)
2019-10-03 14:57:59,150 [aeb13d51-4f04-4500-a428-f5834c47dfc1@group-F22580D9FF4C-LeaderElection5] INFO  impl.RoleInfo (RoleInfo.java:updateAndGet(143)) - aeb13d51-4f04-4500-a428-f5834c47dfc1: start LeaderState
2019-10-03 14:57:59,150 [aeb13d51-4f04-4500-a428-f5834c47dfc1@group-F22580D9FF4C-LeaderElection5] INFO  segmented.SegmentedRaftLogWorker (SegmentedRaftLogWorker.java:startLogSegment(385)) - aeb13d51-4f04-4500-a428-f5834c47dfc1@group-F22580D9FF4C-SegmentedRaftLogWorker: Starting segment from index:0
2019-10-03 14:57:59,151 [aeb13d51-4f04-4500-a428-f5834c47dfc1@group-F22580D9FF4C-LeaderElection5] INFO  impl.RaftServerImpl (ServerState.java:setRaftConf(356)) - aeb13d51-4f04-4500-a428-f5834c47dfc1@group-F22580D9FF4C: set configuration 0: [aeb13d51-4f04-4500-a428-f5834c47dfc1:192.168.151.96:35942], old=null at 0
2019-10-03 14:57:59,201 [Thread-258] INFO  impl.FollowerState (FollowerState.java:run(108)) - d0f92f17-6121-461d-b5ce-3d521f80ac07@group-5F0AB043F769-FollowerState: change to CANDIDATE, lastRpcTime:5021ms, electionTimeout:5021ms
2019-10-03 14:57:59,201 [Thread-258] INFO  impl.RoleInfo (RoleInfo.java:shutdownFollowerState(121)) - d0f92f17-6121-461d-b5ce-3d521f80ac07: shutdown FollowerState
2019-10-03 14:57:59,201 [Thread-258] INFO  impl.RaftServerImpl (RaftServerImpl.java:setRole(170)) - d0f92f17-6121-461d-b5ce-3d521f80ac07@group-5F0AB043F769: changes role from  FOLLOWER to CANDIDATE at term 0 for changeToCandidate
2019-10-03 14:57:59,202 [Thread-258] INFO  impl.RoleInfo (RoleInfo.java:updateAndGet(143)) - d0f92f17-6121-461d-b5ce-3d521f80ac07: start LeaderElection
2019-10-03 14:57:59,204 [aeb13d51-4f04-4500-a428-f5834c47dfc1@group-F22580D9FF4C-SegmentedRaftLogWorker] INFO  segmented.SegmentedRaftLogWorker (SegmentedRaftLogWorker.java:execute(574)) - aeb13d51-4f04-4500-a428-f5834c47dfc1@group-F22580D9FF4C-SegmentedRaftLogWorker: created new log segment /workdir/hadoop-ozone/integration-test/target/test-dir/MiniOzoneClusterImpl-af2b7d54-0113-4939-817a-ba600847c27b/datanode-4/data/ratis/05d96b67-d15a-4f17-955b-f22580d9ff4c/current/log_inprogress_0
2019-10-03 14:57:59,221 [d0f92f17-6121-461d-b5ce-3d521f80ac07@group-5F0AB043F769-LeaderElection6] INFO  impl.LeaderElection (LeaderElection.java:askForVotes(178)) - d0f92f17-6121-461d-b5ce-3d521f80ac07@group-5F0AB043F769-LeaderElection6: begin an election at term 1 for -1: [d0f92f17-6121-461d-b5ce-3d521f80ac07:192.168.151.96:43444], old=null
2019-10-03 14:57:59,221 [d0f92f17-6121-461d-b5ce-3d521f80ac07@group-5F0AB043F769-LeaderElection6] INFO  impl.RoleInfo (RoleInfo.java:shutdownLeaderElection(134)) - d0f92f17-6121-461d-b5ce-3d521f80ac07: shutdown LeaderElection
2019-10-03 14:57:59,221 [d0f92f17-6121-461d-b5ce-3d521f80ac07@group-5F0AB043F769-LeaderElection6] INFO  impl.RaftServerImpl (RaftServerImpl.java:setRole(170)) - d0f92f17-6121-461d-b5ce-3d521f80ac07@group-5F0AB043F769: changes role from CANDIDATE to LEADER at term 1 for changeToLeader
2019-10-03 14:57:59,221 [d0f92f17-6121-461d-b5ce-3d521f80ac07@group-5F0AB043F769-LeaderElection6] INFO  impl.RaftServerImpl (ServerState.java:setLeader(255)) - d0f92f17-6121-461d-b5ce-3d521f80ac07@group-5F0AB043F769: change Leader from null to d0f92f17-6121-461d-b5ce-3d521f80ac07 at term 1 for becomeLeader, leader elected after 5050ms
2019-10-03 14:57:59,223 [d0f92f17-6121-461d-b5ce-3d521f80ac07@group-5F0AB043F769-LeaderElection6] INFO  server.RaftServerConfigKeys (ConfUtils.java:logGet(43)) - raft.server.staging.catchup.gap = 1000 (default)
2019-10-03 14:57:59,223 [d0f92f17-6121-461d-b5ce-3d521f80ac07@group-5F0AB043F769-LeaderElection6] INFO  server.RaftServerConfigKeys (ConfUtils.java:logGet(43)) - raft.server.rpc.sleep.time = 25ms (default)
2019-10-03 14:57:59,223 [d0f92f17-6121-461d-b5ce-3d521f80ac07@group-5F0AB043F769-LeaderElection6] INFO  server.RaftServerConfigKeys (ConfUtils.java:logGet(43)) - raft.server.write.element-limit = 4096 (default)
2019-10-03 14:57:59,223 [d0f92f17-6121-461d-b5ce-3d521f80ac07@group-5F0AB043F769-LeaderElection6] INFO  server.RaftServerConfigKeys (ConfUtils.java:logGet(43)) - raft.server.watch.timeout = 10s (default)
2019-10-03 14:57:59,224 [d0f92f17-6121-461d-b5ce-3d521f80ac07@group-5F0AB043F769-LeaderElection6] INFO  server.RaftServerConfigKeys (ConfUtils.java:logGet(43)) - raft.server.watch.timeout.denomination = 1s (default)
2019-10-03 14:57:59,224 [d0f92f17-6121-461d-b5ce-3d521f80ac07@group-5F0AB043F769-LeaderElection6] INFO  server.RaftServerConfigKeys (ConfUtils.java:logGet(43)) - raft.server.watch.element-limit = 65536 (default)
2019-10-03 14:57:59,227 [d0f92f17-6121-461d-b5ce-3d521f80ac07@group-5F0AB043F769-LeaderElection6] INFO  impl.RoleInfo (RoleInfo.java:updateAndGet(143)) - d0f92f17-6121-461d-b5ce-3d521f80ac07: start LeaderState
2019-10-03 14:57:59,227 [d0f92f17-6121-461d-b5ce-3d521f80ac07@group-5F0AB043F769-LeaderElection6] INFO  segmented.SegmentedRaftLogWorker (SegmentedRaftLogWorker.java:startLogSegment(385)) - d0f92f17-6121-461d-b5ce-3d521f80ac07@group-5F0AB043F769-SegmentedRaftLogWorker: Starting segment from index:0
2019-10-03 14:57:59,230 [d0f92f17-6121-461d-b5ce-3d521f80ac07@group-5F0AB043F769-LeaderElection6] INFO  impl.RaftServerImpl (ServerState.java:setRaftConf(356)) - d0f92f17-6121-461d-b5ce-3d521f80ac07@group-5F0AB043F769: set configuration 0: [d0f92f17-6121-461d-b5ce-3d521f80ac07:192.168.151.96:43444], old=null at 0
2019-10-03 14:57:59,280 [d0f92f17-6121-461d-b5ce-3d521f80ac07@group-5F0AB043F769-SegmentedRaftLogWorker] INFO  segmented.SegmentedRaftLogWorker (SegmentedRaftLogWorker.java:execute(574)) - d0f92f17-6121-461d-b5ce-3d521f80ac07@group-5F0AB043F769-SegmentedRaftLogWorker: created new log segment /workdir/hadoop-ozone/integration-test/target/test-dir/MiniOzoneClusterImpl-af2b7d54-0113-4939-817a-ba600847c27b/datanode-5/data/ratis/efbddb20-2a57-4f69-aa31-5f0ab043f769/current/log_inprogress_0
2019-10-03 14:57:59,381 [Thread-261] INFO  impl.FollowerState (FollowerState.java:run(108)) - 70108865-1e07-4dd3-8a27-85ae9b70a9f3@group-2C89C4DFFC19-FollowerState: change to CANDIDATE, lastRpcTime:5129ms, electionTimeout:5129ms
2019-10-03 14:57:59,381 [Thread-261] INFO  impl.RoleInfo (RoleInfo.java:shutdownFollowerState(121)) - 70108865-1e07-4dd3-8a27-85ae9b70a9f3: shutdown FollowerState
2019-10-03 14:57:59,381 [Thread-261] INFO  impl.RaftServerImpl (RaftServerImpl.java:setRole(170)) - 70108865-1e07-4dd3-8a27-85ae9b70a9f3@group-2C89C4DFFC19: changes role from  FOLLOWER to CANDIDATE at term 0 for changeToCandidate
2019-10-03 14:57:59,382 [Thread-261] INFO  impl.RoleInfo (RoleInfo.java:updateAndGet(143)) - 70108865-1e07-4dd3-8a27-85ae9b70a9f3: start LeaderElection
2019-10-03 14:57:59,401 [70108865-1e07-4dd3-8a27-85ae9b70a9f3@group-2C89C4DFFC19-LeaderElection7] INFO  impl.LeaderElection (LeaderElection.java:askForVotes(178)) - 70108865-1e07-4dd3-8a27-85ae9b70a9f3@group-2C89C4DFFC19-LeaderElection7: begin an election at term 1 for -1: [70108865-1e07-4dd3-8a27-85ae9b70a9f3:192.168.151.96:45386], old=null
2019-10-03 14:57:59,402 [70108865-1e07-4dd3-8a27-85ae9b70a9f3@group-2C89C4DFFC19-LeaderElection7] INFO  impl.RoleInfo (RoleInfo.java:shutdownLeaderElection(134)) - 70108865-1e07-4dd3-8a27-85ae9b70a9f3: shutdown LeaderElection
2019-10-03 14:57:59,402 [70108865-1e07-4dd3-8a27-85ae9b70a9f3@group-2C89C4DFFC19-LeaderElection7] INFO  impl.RaftServerImpl (RaftServerImpl.java:setRole(170)) - 70108865-1e07-4dd3-8a27-85ae9b70a9f3@group-2C89C4DFFC19: changes role from CANDIDATE to LEADER at term 1 for changeToLeader
2019-10-03 14:57:59,402 [70108865-1e07-4dd3-8a27-85ae9b70a9f3@group-2C89C4DFFC19-LeaderElection7] INFO  impl.RaftServerImpl (ServerState.java:setLeader(255)) - 70108865-1e07-4dd3-8a27-85ae9b70a9f3@group-2C89C4DFFC19: change Leader from null to 70108865-1e07-4dd3-8a27-85ae9b70a9f3 at term 1 for becomeLeader, leader elected after 5158ms
2019-10-03 14:57:59,404 [70108865-1e07-4dd3-8a27-85ae9b70a9f3@group-2C89C4DFFC19-LeaderElection7] INFO  server.RaftServerConfigKeys (ConfUtils.java:logGet(43)) - raft.server.staging.catchup.gap = 1000 (default)
2019-10-03 14:57:59,404 [70108865-1e07-4dd3-8a27-85ae9b70a9f3@group-2C89C4DFFC19-LeaderElection7] INFO  server.RaftServerConfigKeys (ConfUtils.java:logGet(43)) - raft.server.rpc.sleep.time = 25ms (default)
2019-10-03 14:57:59,405 [70108865-1e07-4dd3-8a27-85ae9b70a9f3@group-2C89C4DFFC19-LeaderElection7] INFO  server.RaftServerConfigKeys (ConfUtils.java:logGet(43)) - raft.server.write.element-limit = 4096 (default)
2019-10-03 14:57:59,405 [70108865-1e07-4dd3-8a27-85ae9b70a9f3@group-2C89C4DFFC19-LeaderElection7] INFO  server.RaftServerConfigKeys (ConfUtils.java:logGet(43)) - raft.server.watch.timeout = 10s (default)
2019-10-03 14:57:59,405 [70108865-1e07-4dd3-8a27-85ae9b70a9f3@group-2C89C4DFFC19-LeaderElection7] INFO  server.RaftServerConfigKeys (ConfUtils.java:logGet(43)) - raft.server.watch.timeout.denomination = 1s (default)
2019-10-03 14:57:59,405 [70108865-1e07-4dd3-8a27-85ae9b70a9f3@group-2C89C4DFFC19-LeaderElection7] INFO  server.RaftServerConfigKeys (ConfUtils.java:logGet(43)) - raft.server.watch.element-limit = 65536 (default)
2019-10-03 14:57:59,409 [Thread-264] INFO  impl.FollowerState (FollowerState.java:run(108)) - 63dc41fb-a235-4553-b1c9-3c734cea9853@group-097D18AE70C2-FollowerState: change to CANDIDATE, lastRpcTime:5009ms, electionTimeout:5009ms
2019-10-03 14:57:59,409 [70108865-1e07-4dd3-8a27-85ae9b70a9f3@group-2C89C4DFFC19-LeaderElection7] INFO  impl.RoleInfo (RoleInfo.java:updateAndGet(143)) - 70108865-1e07-4dd3-8a27-85ae9b70a9f3: start LeaderState
2019-10-03 14:57:59,409 [Thread-264] INFO  impl.RoleInfo (RoleInfo.java:shutdownFollowerState(121)) - 63dc41fb-a235-4553-b1c9-3c734cea9853: shutdown FollowerState
2019-10-03 14:57:59,410 [Thread-264] INFO  impl.RaftServerImpl (RaftServerImpl.java:setRole(170)) - 63dc41fb-a235-4553-b1c9-3c734cea9853@group-097D18AE70C2: changes role from  FOLLOWER to CANDIDATE at term 0 for changeToCandidate
2019-10-03 14:57:59,410 [70108865-1e07-4dd3-8a27-85ae9b70a9f3@group-2C89C4DFFC19-LeaderElection7] INFO  segmented.SegmentedRaftLogWorker (SegmentedRaftLogWorker.java:startLogSegment(385)) - 70108865-1e07-4dd3-8a27-85ae9b70a9f3@group-2C89C4DFFC19-SegmentedRaftLogWorker: Starting segment from index:0
2019-10-03 14:57:59,410 [Thread-264] INFO  impl.RoleInfo (RoleInfo.java:updateAndGet(143)) - 63dc41fb-a235-4553-b1c9-3c734cea9853: start LeaderElection
2019-10-03 14:57:59,445 [70108865-1e07-4dd3-8a27-85ae9b70a9f3@group-2C89C4DFFC19-LeaderElection7] INFO  impl.RaftServerImpl (ServerState.java:setRaftConf(356)) - 70108865-1e07-4dd3-8a27-85ae9b70a9f3@group-2C89C4DFFC19: set configuration 0: [70108865-1e07-4dd3-8a27-85ae9b70a9f3:192.168.151.96:45386], old=null at 0
2019-10-03 14:57:59,457 [70108865-1e07-4dd3-8a27-85ae9b70a9f3@group-2C89C4DFFC19-SegmentedRaftLogWorker] INFO  segmented.SegmentedRaftLogWorker (SegmentedRaftLogWorker.java:execute(574)) - 70108865-1e07-4dd3-8a27-85ae9b70a9f3@group-2C89C4DFFC19-SegmentedRaftLogWorker: created new log segment /workdir/hadoop-ozone/integration-test/target/test-dir/MiniOzoneClusterImpl-af2b7d54-0113-4939-817a-ba600847c27b/datanode-1/data/ratis/a651abe3-5c02-4329-8f1d-2c89c4dffc19/current/log_inprogress_0
2019-10-03 14:57:59,458 [63dc41fb-a235-4553-b1c9-3c734cea9853@group-097D18AE70C2-LeaderElection8] INFO  impl.LeaderElection (LeaderElection.java:askForVotes(178)) - 63dc41fb-a235-4553-b1c9-3c734cea9853@group-097D18AE70C2-LeaderElection8: begin an election at term 1 for -1: [a3cce3e0-5375-4485-8d23-6a2da2048872:192.168.151.96:34467, 5a44bd04-ecf8-4f1a-9db6-edf6da10f7f5:192.168.151.96:37447, 63dc41fb-a235-4553-b1c9-3c734cea9853:192.168.151.96:41537], old=null
2019-10-03 14:57:59,493 [grpc-default-executor-0] INFO  impl.RaftServerImpl (RaftServerImpl.java:setRole(170)) - 5a44bd04-ecf8-4f1a-9db6-edf6da10f7f5@group-097D18AE70C2: changes role from  FOLLOWER to FOLLOWER at term 1 for recognizeCandidate:63dc41fb-a235-4553-b1c9-3c734cea9853
2019-10-03 14:57:59,493 [grpc-default-executor-1] INFO  impl.RaftServerImpl (RaftServerImpl.java:setRole(170)) - a3cce3e0-5375-4485-8d23-6a2da2048872@group-097D18AE70C2: changes role from  FOLLOWER to FOLLOWER at term 1 for recognizeCandidate:63dc41fb-a235-4553-b1c9-3c734cea9853
2019-10-03 14:57:59,493 [grpc-default-executor-0] INFO  impl.RoleInfo (RoleInfo.java:shutdownFollowerState(121)) - 5a44bd04-ecf8-4f1a-9db6-edf6da10f7f5: shutdown FollowerState
2019-10-03 14:57:59,493 [grpc-default-executor-1] INFO  impl.RoleInfo (RoleInfo.java:shutdownFollowerState(121)) - a3cce3e0-5375-4485-8d23-6a2da2048872: shutdown FollowerState
2019-10-03 14:57:59,493 [Thread-267] INFO  impl.FollowerState (FollowerState.java:run(117)) - 5a44bd04-ecf8-4f1a-9db6-edf6da10f7f5@group-097D18AE70C2-FollowerState was interrupted: java.lang.InterruptedException: sleep interrupted
2019-10-03 14:57:59,493 [Thread-269] INFO  impl.FollowerState (FollowerState.java:run(117)) - a3cce3e0-5375-4485-8d23-6a2da2048872@group-097D18AE70C2-FollowerState was interrupted: java.lang.InterruptedException: sleep interrupted
2019-10-03 14:57:59,493 [grpc-default-executor-1] INFO  impl.RoleInfo (RoleInfo.java:updateAndGet(143)) - a3cce3e0-5375-4485-8d23-6a2da2048872: start FollowerState
2019-10-03 14:57:59,493 [grpc-default-executor-0] INFO  impl.RoleInfo (RoleInfo.java:updateAndGet(143)) - 5a44bd04-ecf8-4f1a-9db6-edf6da10f7f5: start FollowerState
2019-10-03 14:57:59,527 [63dc41fb-a235-4553-b1c9-3c734cea9853@group-097D18AE70C2-LeaderElection8] INFO  impl.LeaderElection (LeaderElection.java:logAndReturn(56)) - 63dc41fb-a235-4553-b1c9-3c734cea9853@group-097D18AE70C2-LeaderElection8: Election PASSED; received 1 response(s) [63dc41fb-a235-4553-b1c9-3c734cea9853<-a3cce3e0-5375-4485-8d23-6a2da2048872#0:OK-t1] and 0 exception(s); 63dc41fb-a235-4553-b1c9-3c734cea9853@group-097D18AE70C2:t1, leader=null, voted=63dc41fb-a235-4553-b1c9-3c734cea9853, raftlog=63dc41fb-a235-4553-b1c9-3c734cea9853@group-097D18AE70C2-SegmentedRaftLog:OPENED:c-1,f-1,i0, conf=-1: [a3cce3e0-5375-4485-8d23-6a2da2048872:192.168.151.96:34467, 5a44bd04-ecf8-4f1a-9db6-edf6da10f7f5:192.168.151.96:37447, 63dc41fb-a235-4553-b1c9-3c734cea9853:192.168.151.96:41537], old=null
2019-10-03 14:57:59,528 [63dc41fb-a235-4553-b1c9-3c734cea9853@group-097D18AE70C2-LeaderElection8] INFO  impl.RoleInfo (RoleInfo.java:shutdownLeaderElection(134)) - 63dc41fb-a235-4553-b1c9-3c734cea9853: shutdown LeaderElection
2019-10-03 14:57:59,528 [63dc41fb-a235-4553-b1c9-3c734cea9853@group-097D18AE70C2-LeaderElection8] INFO  impl.RaftServerImpl (RaftServerImpl.java:setRole(170)) - 63dc41fb-a235-4553-b1c9-3c734cea9853@group-097D18AE70C2: changes role from CANDIDATE to LEADER at term 1 for changeToLeader
2019-10-03 14:57:59,529 [63dc41fb-a235-4553-b1c9-3c734cea9853@group-097D18AE70C2-LeaderElection8] INFO  impl.RaftServerImpl (ServerState.java:setLeader(255)) - 63dc41fb-a235-4553-b1c9-3c734cea9853@group-097D18AE70C2: change Leader from null to 63dc41fb-a235-4553-b1c9-3c734cea9853 at term 1 for becomeLeader, leader elected after 5141ms
2019-10-03 14:57:59,529 [63dc41fb-a235-4553-b1c9-3c734cea9853@group-097D18AE70C2-LeaderElection8] INFO  server.RaftServerConfigKeys (ConfUtils.java:logGet(43)) - raft.server.staging.catchup.gap = 1000 (default)
2019-10-03 14:57:59,529 [63dc41fb-a235-4553-b1c9-3c734cea9853@group-097D18AE70C2-LeaderElection8] INFO  server.RaftServerConfigKeys (ConfUtils.java:logGet(43)) - raft.server.rpc.sleep.time = 25ms (default)
2019-10-03 14:57:59,530 [63dc41fb-a235-4553-b1c9-3c734cea9853@group-097D18AE70C2-LeaderElection8] INFO  server.RaftServerConfigKeys (ConfUtils.java:logGet(43)) - raft.server.write.element-limit = 4096 (default)
2019-10-03 14:57:59,530 [63dc41fb-a235-4553-b1c9-3c734cea9853@group-097D18AE70C2-LeaderElection8] INFO  server.RaftServerConfigKeys (ConfUtils.java:logGet(43)) - raft.server.watch.timeout = 10s (default)
2019-10-03 14:57:59,530 [63dc41fb-a235-4553-b1c9-3c734cea9853@group-097D18AE70C2-LeaderElection8] INFO  server.RaftServerConfigKeys (ConfUtils.java:logGet(43)) - raft.server.watch.timeout.denomination = 1s (default)
2019-10-03 14:57:59,530 [63dc41fb-a235-4553-b1c9-3c734cea9853@group-097D18AE70C2-LeaderElection8] INFO  server.RaftServerConfigKeys (ConfUtils.java:logGet(43)) - raft.server.watch.element-limit = 65536 (default)
2019-10-03 14:57:59,535 [63dc41fb-a235-4553-b1c9-3c734cea9853@group-097D18AE70C2-LeaderElection8] INFO  server.RaftServerConfigKeys (ConfUtils.java:logGet(43)) - raft.server.log.appender.snapshot.chunk.size.max = 16MB (=16777216) (default)
2019-10-03 14:57:59,535 [63dc41fb-a235-4553-b1c9-3c734cea9853@group-097D18AE70C2-LeaderElection8] INFO  server.RaftServerConfigKeys (ConfUtils.java:logGet(43)) - raft.server.log.appender.buffer.byte-limit = 33554432 (custom)
2019-10-03 14:57:59,536 [63dc41fb-a235-4553-b1c9-3c734cea9853@group-097D18AE70C2-LeaderElection8] INFO  server.RaftServerConfigKeys (ConfUtils.java:logGet(43)) - raft.server.log.appender.buffer.element-limit = 1 (custom)
2019-10-03 14:57:59,539 [63dc41fb-a235-4553-b1c9-3c734cea9853@group-097D18AE70C2-LeaderElection8] INFO  grpc.GrpcConfigKeys$Server (ConfUtils.java:logGet(43)) - raft.grpc.server.leader.outstanding.appends.max = 128 (default)
2019-10-03 14:57:59,539 [63dc41fb-a235-4553-b1c9-3c734cea9853@group-097D18AE70C2-LeaderElection8] INFO  server.RaftServerConfigKeys (ConfUtils.java:logGet(43)) - raft.server.rpc.request.timeout = 3000ms (default)
2019-10-03 14:57:59,539 [63dc41fb-a235-4553-b1c9-3c734cea9853@group-097D18AE70C2-LeaderElection8] INFO  server.RaftServerConfigKeys (ConfUtils.java:logGet(43)) - raft.server.log.appender.install.snapshot.enabled = false (custom)
2019-10-03 14:57:59,540 [63dc41fb-a235-4553-b1c9-3c734cea9853@group-097D18AE70C2-LeaderElection8] INFO  server.RaftServerConfigKeys (ConfUtils.java:logGet(43)) - raft.server.log.appender.snapshot.chunk.size.max = 16MB (=16777216) (default)
2019-10-03 14:57:59,540 [63dc41fb-a235-4553-b1c9-3c734cea9853@group-097D18AE70C2-LeaderElection8] INFO  server.RaftServerConfigKeys (ConfUtils.java:logGet(43)) - raft.server.log.appender.buffer.byte-limit = 33554432 (custom)
2019-10-03 14:57:59,540 [63dc41fb-a235-4553-b1c9-3c734cea9853@group-097D18AE70C2-LeaderElection8] INFO  server.RaftServerConfigKeys (ConfUtils.java:logGet(43)) - raft.server.log.appender.buffer.element-limit = 1 (custom)
2019-10-03 14:57:59,540 [63dc41fb-a235-4553-b1c9-3c734cea9853@group-097D18AE70C2-LeaderElection8] INFO  grpc.GrpcConfigKeys$Server (ConfUtils.java:logGet(43)) - raft.grpc.server.leader.outstanding.appends.max = 128 (default)
2019-10-03 14:57:59,541 [63dc41fb-a235-4553-b1c9-3c734cea9853@group-097D18AE70C2-LeaderElection8] INFO  server.RaftServerConfigKeys (ConfUtils.java:logGet(43)) - raft.server.rpc.request.timeout = 3000ms (default)
2019-10-03 14:57:59,541 [63dc41fb-a235-4553-b1c9-3c734cea9853@group-097D18AE70C2-LeaderElection8] INFO  server.RaftServerConfigKeys (ConfUtils.java:logGet(43)) - raft.server.log.appender.install.snapshot.enabled = false (custom)
2019-10-03 14:57:59,542 [63dc41fb-a235-4553-b1c9-3c734cea9853@group-097D18AE70C2-LeaderElection8] INFO  impl.RoleInfo (RoleInfo.java:updateAndGet(143)) - 63dc41fb-a235-4553-b1c9-3c734cea9853: start LeaderState
2019-10-03 14:57:59,542 [63dc41fb-a235-4553-b1c9-3c734cea9853@group-097D18AE70C2-LeaderElection8] INFO  segmented.SegmentedRaftLogWorker (SegmentedRaftLogWorker.java:startLogSegment(385)) - 63dc41fb-a235-4553-b1c9-3c734cea9853@group-097D18AE70C2-SegmentedRaftLogWorker: Starting segment from index:0
2019-10-03 14:57:59,543 [63dc41fb-a235-4553-b1c9-3c734cea9853@group-097D18AE70C2-LeaderElection8] INFO  impl.RaftServerImpl (ServerState.java:setRaftConf(356)) - 63dc41fb-a235-4553-b1c9-3c734cea9853@group-097D18AE70C2: set configuration 0: [a3cce3e0-5375-4485-8d23-6a2da2048872:192.168.151.96:34467, 5a44bd04-ecf8-4f1a-9db6-edf6da10f7f5:192.168.151.96:37447, 63dc41fb-a235-4553-b1c9-3c734cea9853:192.168.151.96:41537], old=null at 0
2019-10-03 14:57:59,582 [Thread-278] INFO  impl.FollowerState (FollowerState.java:run(108)) - aeb13d51-4f04-4500-a428-f5834c47dfc1@group-9DA53605EF63-FollowerState: change to CANDIDATE, lastRpcTime:5011ms, electionTimeout:5011ms
2019-10-03 14:57:59,584 [63dc41fb-a235-4553-b1c9-3c734cea9853@group-097D18AE70C2-SegmentedRaftLogWorker] INFO  segmented.SegmentedRaftLogWorker (SegmentedRaftLogWorker.java:execute(574)) - 63dc41fb-a235-4553-b1c9-3c734cea9853@group-097D18AE70C2-SegmentedRaftLogWorker: created new log segment /workdir/hadoop-ozone/integration-test/target/test-dir/MiniOzoneClusterImpl-af2b7d54-0113-4939-817a-ba600847c27b/datanode-0/data/ratis/1375e1aa-fa96-43ec-a45e-097d18ae70c2/current/log_inprogress_0
2019-10-03 14:57:59,584 [Thread-278] INFO  impl.RoleInfo (RoleInfo.java:shutdownFollowerState(121)) - aeb13d51-4f04-4500-a428-f5834c47dfc1: shutdown FollowerState
2019-10-03 14:57:59,585 [Thread-278] INFO  impl.RaftServerImpl (RaftServerImpl.java:setRole(170)) - aeb13d51-4f04-4500-a428-f5834c47dfc1@group-9DA53605EF63: changes role from  FOLLOWER to CANDIDATE at term 0 for changeToCandidate
2019-10-03 14:57:59,585 [Thread-278] INFO  impl.RoleInfo (RoleInfo.java:updateAndGet(143)) - aeb13d51-4f04-4500-a428-f5834c47dfc1: start LeaderElection
2019-10-03 14:57:59,596 [grpc-default-executor-1] INFO  impl.RaftServerImpl (ServerState.java:setLeader(255)) - a3cce3e0-5375-4485-8d23-6a2da2048872@group-097D18AE70C2: change Leader from null to 63dc41fb-a235-4553-b1c9-3c734cea9853 at term 1 for appendEntries, leader elected after 5207ms
2019-10-03 14:57:59,596 [grpc-default-executor-0] INFO  impl.RaftServerImpl (ServerState.java:setLeader(255)) - 5a44bd04-ecf8-4f1a-9db6-edf6da10f7f5@group-097D18AE70C2: change Leader from null to 63dc41fb-a235-4553-b1c9-3c734cea9853 at term 1 for appendEntries, leader elected after 5207ms
2019-10-03 14:57:59,599 [aeb13d51-4f04-4500-a428-f5834c47dfc1@group-9DA53605EF63-LeaderElection9] INFO  impl.LeaderElection (LeaderElection.java:askForVotes(178)) - aeb13d51-4f04-4500-a428-f5834c47dfc1@group-9DA53605EF63-LeaderElection9: begin an election at term 1 for -1: [aeb13d51-4f04-4500-a428-f5834c47dfc1:192.168.151.96:35942, 5939012d-523e-48de-b11a-e17c8814c4fe:192.168.151.96:33107, d0f92f17-6121-461d-b5ce-3d521f80ac07:192.168.151.96:43444], old=null
2019-10-03 14:57:59,601 [Thread-276] INFO  impl.FollowerState (FollowerState.java:run(108)) - d0f92f17-6121-461d-b5ce-3d521f80ac07@group-9DA53605EF63-FollowerState: change to CANDIDATE, lastRpcTime:5032ms, electionTimeout:5031ms
2019-10-03 14:57:59,601 [Thread-276] INFO  impl.RoleInfo (RoleInfo.java:shutdownFollowerState(121)) - d0f92f17-6121-461d-b5ce-3d521f80ac07: shutdown FollowerState
2019-10-03 14:57:59,602 [Thread-276] INFO  impl.RaftServerImpl (RaftServerImpl.java:setRole(170)) - d0f92f17-6121-461d-b5ce-3d521f80ac07@group-9DA53605EF63: changes role from  FOLLOWER to CANDIDATE at term 0 for changeToCandidate
2019-10-03 14:57:59,606 [Thread-276] INFO  impl.RoleInfo (RoleInfo.java:updateAndGet(143)) - d0f92f17-6121-461d-b5ce-3d521f80ac07: start LeaderElection
2019-10-03 14:57:59,624 [grpc-default-executor-3] INFO  impl.RaftServerImpl (RaftServerImpl.java:setRole(170)) - 5939012d-523e-48de-b11a-e17c8814c4fe@group-9DA53605EF63: changes role from  FOLLOWER to FOLLOWER at term 1 for recognizeCandidate:aeb13d51-4f04-4500-a428-f5834c47dfc1
2019-10-03 14:57:59,625 [grpc-default-executor-3] INFO  impl.RoleInfo (RoleInfo.java:shutdownFollowerState(121)) - 5939012d-523e-48de-b11a-e17c8814c4fe: shutdown FollowerState
2019-10-03 14:57:59,625 [grpc-default-executor-3] INFO  impl.RoleInfo (RoleInfo.java:updateAndGet(143)) - 5939012d-523e-48de-b11a-e17c8814c4fe: start FollowerState
2019-10-03 14:57:59,625 [d0f92f17-6121-461d-b5ce-3d521f80ac07@group-9DA53605EF63-LeaderElection10] INFO  impl.LeaderElection (LeaderElection.java:askForVotes(178)) - d0f92f17-6121-461d-b5ce-3d521f80ac07@group-9DA53605EF63-LeaderElection10: begin an election at term 1 for -1: [aeb13d51-4f04-4500-a428-f5834c47dfc1:192.168.151.96:35942, 5939012d-523e-48de-b11a-e17c8814c4fe:192.168.151.96:33107, d0f92f17-6121-461d-b5ce-3d521f80ac07:192.168.151.96:43444], old=null
2019-10-03 14:57:59,625 [Thread-274] INFO  impl.FollowerState (FollowerState.java:run(117)) - 5939012d-523e-48de-b11a-e17c8814c4fe@group-9DA53605EF63-FollowerState was interrupted: java.lang.InterruptedException: sleep interrupted
2019-10-03 14:57:59,646 [grpc-default-executor-1] INFO  impl.RaftServerImpl (ServerState.java:setRaftConf(356)) - a3cce3e0-5375-4485-8d23-6a2da2048872@group-097D18AE70C2: set configuration 0: [a3cce3e0-5375-4485-8d23-6a2da2048872:192.168.151.96:34467, 5a44bd04-ecf8-4f1a-9db6-edf6da10f7f5:192.168.151.96:37447, 63dc41fb-a235-4553-b1c9-3c734cea9853:192.168.151.96:41537], old=null at 0
2019-10-03 14:57:59,646 [grpc-default-executor-1] INFO  segmented.SegmentedRaftLogWorker (SegmentedRaftLogWorker.java:startLogSegment(385)) - a3cce3e0-5375-4485-8d23-6a2da2048872@group-097D18AE70C2-SegmentedRaftLogWorker: Starting segment from index:0
2019-10-03 14:57:59,646 [grpc-default-executor-0] INFO  impl.RaftServerImpl (ServerState.java:setRaftConf(356)) - 5a44bd04-ecf8-4f1a-9db6-edf6da10f7f5@group-097D18AE70C2: set configuration 0: [a3cce3e0-5375-4485-8d23-6a2da2048872:192.168.151.96:34467, 5a44bd04-ecf8-4f1a-9db6-edf6da10f7f5:192.168.151.96:37447, 63dc41fb-a235-4553-b1c9-3c734cea9853:192.168.151.96:41537], old=null at 0
2019-10-03 14:57:59,646 [aeb13d51-4f04-4500-a428-f5834c47dfc1@group-9DA53605EF63-LeaderElection9] INFO  impl.LeaderElection (LeaderElection.java:logAndReturn(56)) - aeb13d51-4f04-4500-a428-f5834c47dfc1@group-9DA53605EF63-LeaderElection9: Election PASSED; received 2 response(s) [aeb13d51-4f04-4500-a428-f5834c47dfc1<-5939012d-523e-48de-b11a-e17c8814c4fe#0:OK-t1, aeb13d51-4f04-4500-a428-f5834c47dfc1<-d0f92f17-6121-461d-b5ce-3d521f80ac07#0:FAIL-t1] and 0 exception(s); aeb13d51-4f04-4500-a428-f5834c47dfc1@group-9DA53605EF63:t1, leader=null, voted=aeb13d51-4f04-4500-a428-f5834c47dfc1, raftlog=aeb13d51-4f04-4500-a428-f5834c47dfc1@group-9DA53605EF63-SegmentedRaftLog:OPENED:c-1,f-1,i0, conf=-1: [aeb13d51-4f04-4500-a428-f5834c47dfc1:192.168.151.96:35942, 5939012d-523e-48de-b11a-e17c8814c4fe:192.168.151.96:33107, d0f92f17-6121-461d-b5ce-3d521f80ac07:192.168.151.96:43444], old=null
2019-10-03 14:57:59,646 [d0f92f17-6121-461d-b5ce-3d521f80ac07@group-9DA53605EF63-LeaderElection10] INFO  impl.LeaderElection (LeaderElection.java:logAndReturn(56)) - d0f92f17-6121-461d-b5ce-3d521f80ac07@group-9DA53605EF63-LeaderElection10: Election REJECTED; received 2 response(s) [d0f92f17-6121-461d-b5ce-3d521f80ac07<-aeb13d51-4f04-4500-a428-f5834c47dfc1#0:FAIL-t1, d0f92f17-6121-461d-b5ce-3d521f80ac07<-5939012d-523e-48de-b11a-e17c8814c4fe#0:FAIL-t1] and 0 exception(s); d0f92f17-6121-461d-b5ce-3d521f80ac07@group-9DA53605EF63:t1, leader=null, voted=d0f92f17-6121-461d-b5ce-3d521f80ac07, raftlog=d0f92f17-6121-461d-b5ce-3d521f80ac07@group-9DA53605EF63-SegmentedRaftLog:OPENED:c-1,f-1,i0, conf=-1: [aeb13d51-4f04-4500-a428-f5834c47dfc1:192.168.151.96:35942, 5939012d-523e-48de-b11a-e17c8814c4fe:192.168.151.96:33107, d0f92f17-6121-461d-b5ce-3d521f80ac07:192.168.151.96:43444], old=null
2019-10-03 14:57:59,647 [aeb13d51-4f04-4500-a428-f5834c47dfc1@group-9DA53605EF63-LeaderElection9] INFO  impl.RoleInfo (RoleInfo.java:shutdownLeaderElection(134)) - aeb13d51-4f04-4500-a428-f5834c47dfc1: shutdown LeaderElection
2019-10-03 14:57:59,646 [grpc-default-executor-0] INFO  segmented.SegmentedRaftLogWorker (SegmentedRaftLogWorker.java:startLogSegment(385)) - 5a44bd04-ecf8-4f1a-9db6-edf6da10f7f5@group-097D18AE70C2-SegmentedRaftLogWorker: Starting segment from index:0
2019-10-03 14:57:59,676 [d0f92f17-6121-461d-b5ce-3d521f80ac07@group-9DA53605EF63-LeaderElection10] INFO  impl.RaftServerImpl (RaftServerImpl.java:setRole(170)) - d0f92f17-6121-461d-b5ce-3d521f80ac07@group-9DA53605EF63: changes role from CANDIDATE to FOLLOWER at term 1 for DISCOVERED_A_NEW_TERM
2019-10-03 14:57:59,674 [aeb13d51-4f04-4500-a428-f5834c47dfc1@group-9DA53605EF63-LeaderElection9] INFO  impl.RaftServerImpl (RaftServerImpl.java:setRole(170)) - aeb13d51-4f04-4500-a428-f5834c47dfc1@group-9DA53605EF63: changes role from CANDIDATE to LEADER at term 1 for changeToLeader
2019-10-03 14:57:59,679 [d0f92f17-6121-461d-b5ce-3d521f80ac07@group-9DA53605EF63-LeaderElection10] INFO  impl.RoleInfo (RoleInfo.java:shutdownLeaderElection(134)) - d0f92f17-6121-461d-b5ce-3d521f80ac07: shutdown LeaderElection
2019-10-03 14:57:59,679 [aeb13d51-4f04-4500-a428-f5834c47dfc1@group-9DA53605EF63-LeaderElection9] INFO  impl.RaftServerImpl (ServerState.java:setLeader(255)) - aeb13d51-4f04-4500-a428-f5834c47dfc1@group-9DA53605EF63: change Leader from null to aeb13d51-4f04-4500-a428-f5834c47dfc1 at term 1 for becomeLeader, leader elected after 5128ms
2019-10-03 14:57:59,679 [aeb13d51-4f04-4500-a428-f5834c47dfc1@group-9DA53605EF63-LeaderElection9] INFO  server.RaftServerConfigKeys (ConfUtils.java:logGet(43)) - raft.server.staging.catchup.gap = 1000 (default)
2019-10-03 14:57:59,679 [d0f92f17-6121-461d-b5ce-3d521f80ac07@group-9DA53605EF63-LeaderElection10] INFO  impl.RoleInfo (RoleInfo.java:updateAndGet(143)) - d0f92f17-6121-461d-b5ce-3d521f80ac07: start FollowerState
2019-10-03 14:57:59,679 [aeb13d51-4f04-4500-a428-f5834c47dfc1@group-9DA53605EF63-LeaderElection9] INFO  server.RaftServerConfigKeys (ConfUtils.java:logGet(43)) - raft.server.rpc.sleep.time = 25ms (default)
2019-10-03 14:57:59,680 [aeb13d51-4f04-4500-a428-f5834c47dfc1@group-9DA53605EF63-LeaderElection9] INFO  server.RaftServerConfigKeys (ConfUtils.java:logGet(43)) - raft.server.write.element-limit = 4096 (default)
2019-10-03 14:57:59,713 [a3cce3e0-5375-4485-8d23-6a2da2048872@group-097D18AE70C2-SegmentedRaftLogWorker] INFO  segmented.SegmentedRaftLogWorker (SegmentedRaftLogWorker.java:execute(574)) - a3cce3e0-5375-4485-8d23-6a2da2048872@group-097D18AE70C2-SegmentedRaftLogWorker: created new log segment /workdir/hadoop-ozone/integration-test/target/test-dir/MiniOzoneClusterImpl-af2b7d54-0113-4939-817a-ba600847c27b/datanode-6/data/ratis/1375e1aa-fa96-43ec-a45e-097d18ae70c2/current/log_inprogress_0
2019-10-03 14:57:59,714 [aeb13d51-4f04-4500-a428-f5834c47dfc1@group-9DA53605EF63-LeaderElection9] INFO  server.RaftServerConfigKeys (ConfUtils.java:logGet(43)) - raft.server.watch.timeout = 10s (default)
2019-10-03 14:57:59,714 [aeb13d51-4f04-4500-a428-f5834c47dfc1@group-9DA53605EF63-LeaderElection9] INFO  server.RaftServerConfigKeys (ConfUtils.java:logGet(43)) - raft.server.watch.timeout.denomination = 1s (default)
2019-10-03 14:57:59,714 [aeb13d51-4f04-4500-a428-f5834c47dfc1@group-9DA53605EF63-LeaderElection9] INFO  server.RaftServerConfigKeys (ConfUtils.java:logGet(43)) - raft.server.watch.element-limit = 65536 (default)
2019-10-03 14:57:59,716 [aeb13d51-4f04-4500-a428-f5834c47dfc1@group-9DA53605EF63-LeaderElection9] INFO  server.RaftServerConfigKeys (ConfUtils.java:logGet(43)) - raft.server.log.appender.snapshot.chunk.size.max = 16MB (=16777216) (default)
2019-10-03 14:57:59,716 [aeb13d51-4f04-4500-a428-f5834c47dfc1@group-9DA53605EF63-LeaderElection9] INFO  server.RaftServerConfigKeys (ConfUtils.java:logGet(43)) - raft.server.log.appender.buffer.byte-limit = 33554432 (custom)
2019-10-03 14:57:59,716 [aeb13d51-4f04-4500-a428-f5834c47dfc1@group-9DA53605EF63-LeaderElection9] INFO  server.RaftServerConfigKeys (ConfUtils.java:logGet(43)) - raft.server.log.appender.buffer.element-limit = 1 (custom)
2019-10-03 14:57:59,716 [aeb13d51-4f04-4500-a428-f5834c47dfc1@group-9DA53605EF63-LeaderElection9] INFO  grpc.GrpcConfigKeys$Server (ConfUtils.java:logGet(43)) - raft.grpc.server.leader.outstanding.appends.max = 128 (default)
2019-10-03 14:57:59,718 [aeb13d51-4f04-4500-a428-f5834c47dfc1@group-9DA53605EF63-LeaderElection9] INFO  server.RaftServerConfigKeys (ConfUtils.java:logGet(43)) - raft.server.rpc.request.timeout = 3000ms (default)
2019-10-03 14:57:59,718 [aeb13d51-4f04-4500-a428-f5834c47dfc1@group-9DA53605EF63-LeaderElection9] INFO  server.RaftServerConfigKeys (ConfUtils.java:logGet(43)) - raft.server.log.appender.install.snapshot.enabled = false (custom)
2019-10-03 14:57:59,718 [aeb13d51-4f04-4500-a428-f5834c47dfc1@group-9DA53605EF63-LeaderElection9] INFO  server.RaftServerConfigKeys (ConfUtils.java:logGet(43)) - raft.server.log.appender.snapshot.chunk.size.max = 16MB (=16777216) (default)
2019-10-03 14:57:59,718 [aeb13d51-4f04-4500-a428-f5834c47dfc1@group-9DA53605EF63-LeaderElection9] INFO  server.RaftServerConfigKeys (ConfUtils.java:logGet(43)) - raft.server.log.appender.buffer.byte-limit = 33554432 (custom)
2019-10-03 14:57:59,719 [aeb13d51-4f04-4500-a428-f5834c47dfc1@group-9DA53605EF63-LeaderElection9] INFO  server.RaftServerConfigKeys (ConfUtils.java:logGet(43)) - raft.server.log.appender.buffer.element-limit = 1 (custom)
2019-10-03 14:57:59,719 [aeb13d51-4f04-4500-a428-f5834c47dfc1@group-9DA53605EF63-LeaderElection9] INFO  grpc.GrpcConfigKeys$Server (ConfUtils.java:logGet(43)) - raft.grpc.server.leader.outstanding.appends.max = 128 (default)
2019-10-03 14:57:59,719 [aeb13d51-4f04-4500-a428-f5834c47dfc1@group-9DA53605EF63-LeaderElection9] INFO  server.RaftServerConfigKeys (ConfUtils.java:logGet(43)) - raft.server.rpc.request.timeout = 3000ms (default)
2019-10-03 14:57:59,719 [aeb13d51-4f04-4500-a428-f5834c47dfc1@group-9DA53605EF63-LeaderElection9] INFO  server.RaftServerConfigKeys (ConfUtils.java:logGet(43)) - raft.server.log.appender.install.snapshot.enabled = false (custom)
2019-10-03 14:57:59,719 [aeb13d51-4f04-4500-a428-f5834c47dfc1@group-9DA53605EF63-LeaderElection9] INFO  impl.RoleInfo (RoleInfo.java:updateAndGet(143)) - aeb13d51-4f04-4500-a428-f5834c47dfc1: start LeaderState
2019-10-03 14:57:59,719 [aeb13d51-4f04-4500-a428-f5834c47dfc1@group-9DA53605EF63-LeaderElection9] INFO  segmented.SegmentedRaftLogWorker (SegmentedRaftLogWorker.java:startLogSegment(385)) - aeb13d51-4f04-4500-a428-f5834c47dfc1@group-9DA53605EF63-SegmentedRaftLogWorker: Starting segment from index:0
2019-10-03 14:57:59,720 [aeb13d51-4f04-4500-a428-f5834c47dfc1@group-9DA53605EF63-LeaderElection9] INFO  impl.RaftServerImpl (ServerState.java:setRaftConf(356)) - aeb13d51-4f04-4500-a428-f5834c47dfc1@group-9DA53605EF63: set configuration 0: [aeb13d51-4f04-4500-a428-f5834c47dfc1:192.168.151.96:35942, 5939012d-523e-48de-b11a-e17c8814c4fe:192.168.151.96:33107, d0f92f17-6121-461d-b5ce-3d521f80ac07:192.168.151.96:43444], old=null at 0
2019-10-03 14:57:59,723 [grpc-default-executor-0] INFO  impl.RaftServerImpl (ServerState.java:setLeader(255)) - 5939012d-523e-48de-b11a-e17c8814c4fe@group-9DA53605EF63: change Leader from null to aeb13d51-4f04-4500-a428-f5834c47dfc1 at term 1 for appendEntries, leader elected after 5173ms
2019-10-03 14:57:59,724 [grpc-default-executor-0] INFO  impl.RaftServerImpl (ServerState.java:setLeader(255)) - d0f92f17-6121-461d-b5ce-3d521f80ac07@group-9DA53605EF63: change Leader from null to aeb13d51-4f04-4500-a428-f5834c47dfc1 at term 1 for appendEntries, leader elected after 5174ms
2019-10-03 14:57:59,758 [5a44bd04-ecf8-4f1a-9db6-edf6da10f7f5@group-097D18AE70C2-SegmentedRaftLogWorker] INFO  segmented.SegmentedRaftLogWorker (SegmentedRaftLogWorker.java:execute(574)) - 5a44bd04-ecf8-4f1a-9db6-edf6da10f7f5@group-097D18AE70C2-SegmentedRaftLogWorker: created new log segment /workdir/hadoop-ozone/integration-test/target/test-dir/MiniOzoneClusterImpl-af2b7d54-0113-4939-817a-ba600847c27b/datanode-3/data/ratis/1375e1aa-fa96-43ec-a45e-097d18ae70c2/current/log_inprogress_0
2019-10-03 14:57:59,768 [grpc-default-executor-1] INFO  impl.RaftServerImpl (ServerState.java:setRaftConf(356)) - d0f92f17-6121-461d-b5ce-3d521f80ac07@group-9DA53605EF63: set configuration 0: [aeb13d51-4f04-4500-a428-f5834c47dfc1:192.168.151.96:35942, 5939012d-523e-48de-b11a-e17c8814c4fe:192.168.151.96:33107, d0f92f17-6121-461d-b5ce-3d521f80ac07:192.168.151.96:43444], old=null at 0
2019-10-03 14:57:59,768 [grpc-default-executor-4] INFO  impl.RaftServerImpl (ServerState.java:setRaftConf(356)) - 5939012d-523e-48de-b11a-e17c8814c4fe@group-9DA53605EF63: set configuration 0: [aeb13d51-4f04-4500-a428-f5834c47dfc1:192.168.151.96:35942, 5939012d-523e-48de-b11a-e17c8814c4fe:192.168.151.96:33107, d0f92f17-6121-461d-b5ce-3d521f80ac07:192.168.151.96:43444], old=null at 0
2019-10-03 14:57:59,768 [grpc-default-executor-1] INFO  segmented.SegmentedRaftLogWorker (SegmentedRaftLogWorker.java:startLogSegment(385)) - d0f92f17-6121-461d-b5ce-3d521f80ac07@group-9DA53605EF63-SegmentedRaftLogWorker: Starting segment from index:0
2019-10-03 14:57:59,769 [grpc-default-executor-4] INFO  segmented.SegmentedRaftLogWorker (SegmentedRaftLogWorker.java:startLogSegment(385)) - 5939012d-523e-48de-b11a-e17c8814c4fe@group-9DA53605EF63-SegmentedRaftLogWorker: Starting segment from index:0
2019-10-03 14:57:59,771 [aeb13d51-4f04-4500-a428-f5834c47dfc1@group-9DA53605EF63-SegmentedRaftLogWorker] INFO  segmented.SegmentedRaftLogWorker (SegmentedRaftLogWorker.java:execute(574)) - aeb13d51-4f04-4500-a428-f5834c47dfc1@group-9DA53605EF63-SegmentedRaftLogWorker: created new log segment /workdir/hadoop-ozone/integration-test/target/test-dir/MiniOzoneClusterImpl-af2b7d54-0113-4939-817a-ba600847c27b/datanode-4/data/ratis/3401a888-6c04-42ee-b4f7-9da53605ef63/current/log_inprogress_0
2019-10-03 14:57:59,835 [5939012d-523e-48de-b11a-e17c8814c4fe@group-9DA53605EF63-SegmentedRaftLogWorker] INFO  segmented.SegmentedRaftLogWorker (SegmentedRaftLogWorker.java:execute(574)) - 5939012d-523e-48de-b11a-e17c8814c4fe@group-9DA53605EF63-SegmentedRaftLogWorker: created new log segment /workdir/hadoop-ozone/integration-test/target/test-dir/MiniOzoneClusterImpl-af2b7d54-0113-4939-817a-ba600847c27b/datanode-2/data/ratis/3401a888-6c04-42ee-b4f7-9da53605ef63/current/log_inprogress_0
2019-10-03 14:57:59,835 [d0f92f17-6121-461d-b5ce-3d521f80ac07@group-9DA53605EF63-SegmentedRaftLogWorker] INFO  segmented.SegmentedRaftLogWorker (SegmentedRaftLogWorker.java:execute(574)) - d0f92f17-6121-461d-b5ce-3d521f80ac07@group-9DA53605EF63-SegmentedRaftLogWorker: created new log segment /workdir/hadoop-ozone/integration-test/target/test-dir/MiniOzoneClusterImpl-af2b7d54-0113-4939-817a-ba600847c27b/datanode-5/data/ratis/3401a888-6c04-42ee-b4f7-9da53605ef63/current/log_inprogress_0
2019-10-03 14:58:01,167 [Datanode State Machine Thread - 0] INFO  statemachine.DatanodeStateMachine (DatanodeStateMachine.java:lambda$startDaemon$0(350)) - Ozone container server started.
2019-10-03 14:58:05,224 [main] INFO  ozoneimpl.OzoneContainer (OzoneContainer.java:stop(231)) - Attempting to stop container services.
2019-10-03 14:58:05,225 [main] INFO  impl.RaftServerProxy (RaftServerProxy.java:lambda$close$4(314)) - 63dc41fb-a235-4553-b1c9-3c734cea9853: close
2019-10-03 14:58:05,229 [main] INFO  impl.RaftServerImpl (RaftServerImpl.java:lambda$shutdown$3(247)) - 63dc41fb-a235-4553-b1c9-3c734cea9853@group-F3A00C6B1BF3: shutdown
2019-10-03 14:58:05,230 [main] INFO  util.JmxRegister (JmxRegister.java:unregister(73)) - Successfully un-registered JMX Bean with object name Ratis:service=RaftServer,group=group-F3A00C6B1BF3,id=63dc41fb-a235-4553-b1c9-3c734cea9853
2019-10-03 14:58:05,230 [main] INFO  impl.RoleInfo (RoleInfo.java:shutdownLeaderState(104)) - 63dc41fb-a235-4553-b1c9-3c734cea9853: shutdown LeaderState
2019-10-03 14:58:05,231 [main] INFO  impl.PendingRequests (PendingRequests.java:sendNotLeaderResponses(202)) - 63dc41fb-a235-4553-b1c9-3c734cea9853@group-F3A00C6B1BF3-PendingRequests: sendNotLeaderResponses
2019-10-03 14:58:05,234 [main] INFO  impl.StateMachineUpdater (StateMachineUpdater.java:stopAndJoin(136)) - 63dc41fb-a235-4553-b1c9-3c734cea9853@group-F3A00C6B1BF3-StateMachineUpdater: set stopIndex = 0
2019-10-03 14:58:05,234 [main] INFO  impl.RaftServerImpl (ServerState.java:close(387)) - 63dc41fb-a235-4553-b1c9-3c734cea9853@group-F3A00C6B1BF3: closes. applyIndex: 0
2019-10-03 14:58:05,237 [63dc41fb-a235-4553-b1c9-3c734cea9853@group-F3A00C6B1BF3-SegmentedRaftLogWorker] INFO  segmented.SegmentedRaftLogWorker (SegmentedRaftLogWorker.java:run(316)) - 63dc41fb-a235-4553-b1c9-3c734cea9853@group-F3A00C6B1BF3-SegmentedRaftLogWorker was interrupted, exiting. There are 0 tasks remaining in the queue.
2019-10-03 14:58:05,241 [main] INFO  segmented.SegmentedRaftLogWorker (SegmentedRaftLogWorker.java:close(224)) - 63dc41fb-a235-4553-b1c9-3c734cea9853@group-F3A00C6B1BF3-SegmentedRaftLogWorker close()
2019-10-03 14:58:05,245 [main] INFO  impl.RaftServerImpl (RaftServerImpl.java:lambda$shutdown$3(247)) - 63dc41fb-a235-4553-b1c9-3c734cea9853@group-097D18AE70C2: shutdown
2019-10-03 14:58:05,246 [main] INFO  util.JmxRegister (JmxRegister.java:unregister(73)) - Successfully un-registered JMX Bean with object name Ratis:service=RaftServer,group=group-097D18AE70C2,id=63dc41fb-a235-4553-b1c9-3c734cea9853
2019-10-03 14:58:05,246 [main] INFO  impl.RoleInfo (RoleInfo.java:shutdownLeaderState(104)) - 63dc41fb-a235-4553-b1c9-3c734cea9853: shutdown LeaderState
2019-10-03 14:58:05,250 [org.apache.ratis.server.impl.LogAppender$AppenderDaemon$$Lambda$502/1109967181@4efb1ba1] WARN  server.GrpcLogAppender (GrpcLogAppender.java:mayWait(143)) - 63dc41fb-a235-4553-b1c9-3c734cea9853@group-097D18AE70C2->5a44bd04-ecf8-4f1a-9db6-edf6da10f7f5-GrpcLogAppender: Wait interrupted by java.lang.InterruptedException
2019-10-03 14:58:05,250 [org.apache.ratis.server.impl.LogAppender$AppenderDaemon$$Lambda$502/1109967181@655f2b6a] WARN  server.GrpcLogAppender (GrpcLogAppender.java:mayWait(143)) - 63dc41fb-a235-4553-b1c9-3c734cea9853@group-097D18AE70C2->a3cce3e0-5375-4485-8d23-6a2da2048872-GrpcLogAppender: Wait interrupted by java.lang.InterruptedException
2019-10-03 14:58:05,250 [main] INFO  impl.PendingRequests (PendingRequests.java:sendNotLeaderResponses(202)) - 63dc41fb-a235-4553-b1c9-3c734cea9853@group-097D18AE70C2-PendingRequests: sendNotLeaderResponses
2019-10-03 14:58:05,270 [main] INFO  impl.StateMachineUpdater (StateMachineUpdater.java:stopAndJoin(136)) - 63dc41fb-a235-4553-b1c9-3c734cea9853@group-097D18AE70C2-StateMachineUpdater: set stopIndex = 2
2019-10-03 14:58:05,271 [63dc41fb-a235-4553-b1c9-3c734cea9853@group-097D18AE70C2-StateMachineUpdater] INFO  ratis.ContainerStateMachine (ContainerStateMachine.java:takeSnapshot(293)) - group-097D18AE70C2: Taking a snapshot at:(t:1, i:2) file /workdir/hadoop-ozone/integration-test/target/test-dir/MiniOzoneClusterImpl-af2b7d54-0113-4939-817a-ba600847c27b/datanode-0/data/ratis/1375e1aa-fa96-43ec-a45e-097d18ae70c2/sm/snapshot.1_2
2019-10-03 14:58:05,272 [grpc-default-executor-4] INFO  server.GrpcServerProtocolService (GrpcServerProtocolService.java:onCompleted(113)) - a3cce3e0-5375-4485-8d23-6a2da2048872: Completed APPEND_ENTRIES, lastRequest: 63dc41fb-a235-4553-b1c9-3c734cea9853->a3cce3e0-5375-4485-8d23-6a2da2048872#5-t1, previous=(t:1, i:2), leaderCommit=2, initializing? false, entries: <empty>
2019-10-03 14:58:05,272 [grpc-default-executor-1] INFO  server.GrpcServerProtocolService (GrpcServerProtocolService.java:onCompleted(113)) - 5a44bd04-ecf8-4f1a-9db6-edf6da10f7f5: Completed APPEND_ENTRIES, lastRequest: 63dc41fb-a235-4553-b1c9-3c734cea9853->5a44bd04-ecf8-4f1a-9db6-edf6da10f7f5#5-t1, previous=(t:1, i:2), leaderCommit=2, initializing? false, entries: <empty>
2019-10-03 14:58:05,284 [grpc-default-executor-3] INFO  server.GrpcLogAppender (GrpcLogAppender.java:onCompleted(293)) - 63dc41fb-a235-4553-b1c9-3c734cea9853@group-097D18AE70C2->5a44bd04-ecf8-4f1a-9db6-edf6da10f7f5-AppendLogResponseHandler: follower responses appendEntries COMPLETED
2019-10-03 14:58:05,284 [grpc-default-executor-1] INFO  server.GrpcLogAppender (GrpcLogAppender.java:onCompleted(293)) - 63dc41fb-a235-4553-b1c9-3c734cea9853@group-097D18AE70C2->a3cce3e0-5375-4485-8d23-6a2da2048872-AppendLogResponseHandler: follower responses appendEntries COMPLETED
2019-10-03 14:58:05,291 [grpc-default-executor-3] INFO  impl.FollowerInfo (FollowerInfo.java:lambda$new$0(51)) - 63dc41fb-a235-4553-b1c9-3c734cea9853@group-097D18AE70C2->5a44bd04-ecf8-4f1a-9db6-edf6da10f7f5: nextIndex: updateUnconditionally 3 -> 2
2019-10-03 14:58:05,291 [grpc-default-executor-1] INFO  impl.FollowerInfo (FollowerInfo.java:lambda$new$0(51)) - 63dc41fb-a235-4553-b1c9-3c734cea9853@group-097D18AE70C2->a3cce3e0-5375-4485-8d23-6a2da2048872: nextIndex: updateUnconditionally 3 -> 2
2019-10-03 14:58:05,449 [63dc41fb-a235-4553-b1c9-3c734cea9853@group-097D18AE70C2-StateMachineUpdater] INFO  ratis.ContainerStateMachine (ContainerStateMachine.java:takeSnapshot(304)) - group-097D18AE70C2: Finished taking a snapshot at:(t:1, i:2) file:/workdir/hadoop-ozone/integration-test/target/test-dir/MiniOzoneClusterImpl-af2b7d54-0113-4939-817a-ba600847c27b/datanode-0/data/ratis/1375e1aa-fa96-43ec-a45e-097d18ae70c2/sm/snapshot.1_2 time:179
2019-10-03 14:58:05,450 [63dc41fb-a235-4553-b1c9-3c734cea9853@group-097D18AE70C2-StateMachineUpdater] INFO  impl.StateMachineUpdater (StateMachineUpdater.java:takeSnapshot(269)) - 63dc41fb-a235-4553-b1c9-3c734cea9853@group-097D18AE70C2-StateMachineUpdater: Took a snapshot at index 2
2019-10-03 14:58:05,456 [63dc41fb-a235-4553-b1c9-3c734cea9853@group-097D18AE70C2-StateMachineUpdater] INFO  impl.StateMachineUpdater (StateMachineUpdater.java:lambda$new$0(84)) - 63dc41fb-a235-4553-b1c9-3c734cea9853@group-097D18AE70C2-StateMachineUpdater: snapshotIndex: updateIncreasingly -1 -> 2
2019-10-03 14:58:05,466 [main] INFO  impl.RaftServerImpl (ServerState.java:close(387)) - 63dc41fb-a235-4553-b1c9-3c734cea9853@group-097D18AE70C2: closes. applyIndex: 2
2019-10-03 14:58:05,467 [63dc41fb-a235-4553-b1c9-3c734cea9853@group-097D18AE70C2-SegmentedRaftLogWorker] INFO  segmented.SegmentedRaftLogWorker (SegmentedRaftLogWorker.java:run(316)) - 63dc41fb-a235-4553-b1c9-3c734cea9853@group-097D18AE70C2-SegmentedRaftLogWorker was interrupted, exiting. There are 0 tasks remaining in the queue.
2019-10-03 14:58:05,470 [main] INFO  segmented.SegmentedRaftLogWorker (SegmentedRaftLogWorker.java:close(224)) - 63dc41fb-a235-4553-b1c9-3c734cea9853@group-097D18AE70C2-SegmentedRaftLogWorker close()
2019-10-03 14:58:05,491 [main] INFO  server.GrpcService (GrpcService.java:closeImpl(164)) - 63dc41fb-a235-4553-b1c9-3c734cea9853: shutdown server with port 41537 now
2019-10-03 14:58:05,494 [main] INFO  server.GrpcService (GrpcService.java:closeImpl(172)) - 63dc41fb-a235-4553-b1c9-3c734cea9853: shutdown server with port 41537 successfully
2019-10-03 14:58:05,505 [refreshUsed-/workdir/hadoop-ozone/integration-test/target/test-dir/MiniOzoneClusterImpl-af2b7d54-0113-4939-817a-ba600847c27b/datanode-0/data/containers] WARN  fs.CachingGetSpaceUsed (CachingGetSpaceUsed.java:run(183)) - Thread Interrupted waiting to refresh disk information: sleep interrupted
2019-10-03 14:58:05,520 [main] INFO  utils.BackgroundService (BackgroundService.java:shutdown(148)) - Shutting down service BlockDeletingService
2019-10-03 14:58:05,529 [main] INFO  statemachine.DatanodeStateMachine (DatanodeStateMachine.java:stopDaemon(395)) - Ozone container server stopped.
2019-10-03 14:58:05,535 [main] INFO  handler.ContextHandler (ContextHandler.java:doStop(910)) - Stopped o.e.j.w.WebAppContext@122d6c22{/,null,UNAVAILABLE}{/hddsDatanode}
2019-10-03 14:58:05,541 [main] INFO  server.AbstractConnector (AbstractConnector.java:doStop(318)) - Stopped ServerConnector@2f5ac102{HTTP/1.1,[http/1.1]}{0.0.0.0:0}
2019-10-03 14:58:05,541 [main] INFO  handler.ContextHandler (ContextHandler.java:doStop(910)) - Stopped o.e.j.s.ServletContextHandler@43045f9f{/static,jar:file:/home/user/.m2/repository/org/apache/hadoop/hadoop-hdds-container-service/0.5.0-SNAPSHOT/hadoop-hdds-container-service-0.5.0-SNAPSHOT.jar!/webapps/static,UNAVAILABLE}
2019-10-03 14:58:05,542 [main] INFO  handler.ContextHandler (ContextHandler.java:doStop(910)) - Stopped o.e.j.s.ServletContextHandler@26dc9bd5{/logs,file:///workdir/hadoop-ozone/integration-test/target/log,UNAVAILABLE}
2019-10-03 14:58:14,838 [Thread-311] INFO  impl.FollowerState (FollowerState.java:run(108)) - a3cce3e0-5375-4485-8d23-6a2da2048872@group-097D18AE70C2-FollowerState: change to CANDIDATE, lastRpcTime:9801ms, electionTimeout:5080ms
2019-10-03 14:58:14,839 [Thread-311] INFO  impl.RoleInfo (RoleInfo.java:shutdownFollowerState(121)) - a3cce3e0-5375-4485-8d23-6a2da2048872: shutdown FollowerState
2019-10-03 14:58:14,839 [Thread-311] INFO  impl.RaftServerImpl (RaftServerImpl.java:setRole(170)) - a3cce3e0-5375-4485-8d23-6a2da2048872@group-097D18AE70C2: changes role from  FOLLOWER to CANDIDATE at term 1 for changeToCandidate
2019-10-03 14:58:14,839 [Thread-311] INFO  impl.RoleInfo (RoleInfo.java:updateAndGet(143)) - a3cce3e0-5375-4485-8d23-6a2da2048872: start LeaderElection
2019-10-03 14:58:14,843 [a3cce3e0-5375-4485-8d23-6a2da2048872@group-097D18AE70C2-LeaderElection11] INFO  impl.RaftServerImpl (ServerState.java:setLeader(255)) - a3cce3e0-5375-4485-8d23-6a2da2048872@group-097D18AE70C2: change Leader from 63dc41fb-a235-4553-b1c9-3c734cea9853 to null at term 1 for initElection
2019-10-03 14:58:14,857 [a3cce3e0-5375-4485-8d23-6a2da2048872@group-097D18AE70C2-LeaderElection11] INFO  impl.LeaderElection (LeaderElection.java:askForVotes(178)) - a3cce3e0-5375-4485-8d23-6a2da2048872@group-097D18AE70C2-LeaderElection11: begin an election at term 2 for 0: [a3cce3e0-5375-4485-8d23-6a2da2048872:192.168.151.96:34467, 5a44bd04-ecf8-4f1a-9db6-edf6da10f7f5:192.168.151.96:37447, 63dc41fb-a235-4553-b1c9-3c734cea9853:192.168.151.96:41537], old=null
2019-10-03 14:58:14,862 [Thread-310] INFO  impl.FollowerState (FollowerState.java:run(108)) - 5a44bd04-ecf8-4f1a-9db6-edf6da10f7f5@group-097D18AE70C2-FollowerState: change to CANDIDATE, lastRpcTime:9825ms, electionTimeout:5150ms
2019-10-03 14:58:14,862 [Thread-310] INFO  impl.RoleInfo (RoleInfo.java:shutdownFollowerState(121)) - 5a44bd04-ecf8-4f1a-9db6-edf6da10f7f5: shutdown FollowerState
2019-10-03 14:58:14,862 [Thread-310] INFO  impl.RaftServerImpl (RaftServerImpl.java:setRole(170)) - 5a44bd04-ecf8-4f1a-9db6-edf6da10f7f5@group-097D18AE70C2: changes role from  FOLLOWER to CANDIDATE at term 1 for changeToCandidate
2019-10-03 14:58:14,863 [Thread-310] INFO  impl.RoleInfo (RoleInfo.java:updateAndGet(143)) - 5a44bd04-ecf8-4f1a-9db6-edf6da10f7f5: start LeaderElection
2019-10-03 14:58:14,865 [5a44bd04-ecf8-4f1a-9db6-edf6da10f7f5@group-097D18AE70C2-LeaderElection12] INFO  impl.RaftServerImpl (ServerState.java:setLeader(255)) - 5a44bd04-ecf8-4f1a-9db6-edf6da10f7f5@group-097D18AE70C2: change Leader from 63dc41fb-a235-4553-b1c9-3c734cea9853 to null at term 1 for initElection
2019-10-03 14:58:14,873 [a3cce3e0-5375-4485-8d23-6a2da2048872@group-097D18AE70C2-LeaderElection11] INFO  impl.LeaderElection (LogUtils.java:infoOrTrace(149)) - a3cce3e0-5375-4485-8d23-6a2da2048872@group-097D18AE70C2-LeaderElection11 got exception when requesting votes: {}
java.util.concurrent.ExecutionException: org.apache.ratis.thirdparty.io.grpc.StatusRuntimeException: UNAVAILABLE: io exception
	at java.util.concurrent.FutureTask.report(FutureTask.java:122)
	at java.util.concurrent.FutureTask.get(FutureTask.java:192)
	at org.apache.ratis.server.impl.LeaderElection.waitForResults(LeaderElection.java:259)
	at org.apache.ratis.server.impl.LeaderElection.askForVotes(LeaderElection.java:197)
	at org.apache.ratis.server.impl.LeaderElection.run(LeaderElection.java:133)
	at java.lang.Thread.run(Thread.java:748)
Caused by: org.apache.ratis.thirdparty.io.grpc.StatusRuntimeException: UNAVAILABLE: io exception
	at org.apache.ratis.thirdparty.io.grpc.stub.ClientCalls.toStatusRuntimeException(ClientCalls.java:233)
	at org.apache.ratis.thirdparty.io.grpc.stub.ClientCalls.getUnchecked(ClientCalls.java:214)
	at org.apache.ratis.thirdparty.io.grpc.stub.ClientCalls.blockingUnaryCall(ClientCalls.java:139)
	at org.apache.ratis.proto.grpc.RaftServerProtocolServiceGrpc$RaftServerProtocolServiceBlockingStub.requestVote(RaftServerProtocolServiceGrpc.java:265)
	at org.apache.ratis.grpc.server.GrpcServerProtocolClient.requestVote(GrpcServerProtocolClient.java:99)
	at org.apache.ratis.grpc.server.GrpcService.requestVote(GrpcService.java:204)
	at org.apache.ratis.server.impl.LeaderElection.lambda$submitRequests$1(LeaderElection.java:234)
	at java.util.concurrent.FutureTask.run(FutureTask.java:266)
	at java.util.concurrent.Executors$RunnableAdapter.call(Executors.java:511)
	at java.util.concurrent.FutureTask.run(FutureTask.java:266)
	at java.util.concurrent.ThreadPoolExecutor.runWorker(ThreadPoolExecutor.java:1149)
	at java.util.concurrent.ThreadPoolExecutor$Worker.run(ThreadPoolExecutor.java:624)
	... 1 more
Caused by: org.apache.ratis.thirdparty.io.netty.channel.AbstractChannel$AnnotatedConnectException: Connection refused: /192.168.151.96:41537
	at sun.nio.ch.SocketChannelImpl.checkConnect(Native Method)
	at sun.nio.ch.SocketChannelImpl.finishConnect(SocketChannelImpl.java:717)
	at org.apache.ratis.thirdparty.io.netty.channel.socket.nio.NioSocketChannel.doFinishConnect(NioSocketChannel.java:327)
	at org.apache.ratis.thirdparty.io.netty.channel.nio.AbstractNioChannel$AbstractNioUnsafe.finishConnect(AbstractNioChannel.java:340)
	at org.apache.ratis.thirdparty.io.netty.channel.nio.NioEventLoop.processSelectedKey(NioEventLoop.java:632)
	at org.apache.ratis.thirdparty.io.netty.channel.nio.NioEventLoop.processSelectedKeysOptimized(NioEventLoop.java:579)
	at org.apache.ratis.thirdparty.io.netty.channel.nio.NioEventLoop.processSelectedKeys(NioEventLoop.java:496)
	at org.apache.ratis.thirdparty.io.netty.channel.nio.NioEventLoop.run(NioEventLoop.java:458)
	at org.apache.ratis.thirdparty.io.netty.util.concurrent.SingleThreadEventExecutor$5.run(SingleThreadEventExecutor.java:897)
	at org.apache.ratis.thirdparty.io.netty.util.concurrent.FastThreadLocalRunnable.run(FastThreadLocalRunnable.java:30)
	... 1 more
Caused by: java.net.ConnectException: Connection refused
	... 11 more
2019-10-03 14:58:14,878 [5a44bd04-ecf8-4f1a-9db6-edf6da10f7f5@group-097D18AE70C2-LeaderElection12] INFO  impl.LeaderElection (LeaderElection.java:askForVotes(178)) - 5a44bd04-ecf8-4f1a-9db6-edf6da10f7f5@group-097D18AE70C2-LeaderElection12: begin an election at term 2 for 0: [a3cce3e0-5375-4485-8d23-6a2da2048872:192.168.151.96:34467, 5a44bd04-ecf8-4f1a-9db6-edf6da10f7f5:192.168.151.96:37447, 63dc41fb-a235-4553-b1c9-3c734cea9853:192.168.151.96:41537], old=null
2019-10-03 14:58:14,882 [a3cce3e0-5375-4485-8d23-6a2da2048872@group-097D18AE70C2-LeaderElection11] INFO  impl.LeaderElection (LeaderElection.java:logAndReturn(56)) - a3cce3e0-5375-4485-8d23-6a2da2048872@group-097D18AE70C2-LeaderElection11: Election REJECTED; received 1 response(s) [a3cce3e0-5375-4485-8d23-6a2da2048872<-5a44bd04-ecf8-4f1a-9db6-edf6da10f7f5#0:FAIL-t2] and 1 exception(s); a3cce3e0-5375-4485-8d23-6a2da2048872@group-097D18AE70C2:t2, leader=null, voted=a3cce3e0-5375-4485-8d23-6a2da2048872, raftlog=a3cce3e0-5375-4485-8d23-6a2da2048872@group-097D18AE70C2-SegmentedRaftLog:OPENED:c2,f2,i2, conf=0: [a3cce3e0-5375-4485-8d23-6a2da2048872:192.168.151.96:34467, 5a44bd04-ecf8-4f1a-9db6-edf6da10f7f5:192.168.151.96:37447, 63dc41fb-a235-4553-b1c9-3c734cea9853:192.168.151.96:41537], old=null
2019-10-03 14:58:14,883 [5a44bd04-ecf8-4f1a-9db6-edf6da10f7f5@group-097D18AE70C2-LeaderElection12] INFO  impl.LeaderElection (LogUtils.java:infoOrTrace(149)) - 5a44bd04-ecf8-4f1a-9db6-edf6da10f7f5@group-097D18AE70C2-LeaderElection12 got exception when requesting votes: {}
java.util.concurrent.ExecutionException: org.apache.ratis.thirdparty.io.grpc.StatusRuntimeException: UNAVAILABLE: io exception
	at java.util.concurrent.FutureTask.report(FutureTask.java:122)
	at java.util.concurrent.FutureTask.get(FutureTask.java:192)
	at org.apache.ratis.server.impl.LeaderElection.waitForResults(LeaderElection.java:259)
	at org.apache.ratis.server.impl.LeaderElection.askForVotes(LeaderElection.java:197)
	at org.apache.ratis.server.impl.LeaderElection.run(LeaderElection.java:133)
	at java.lang.Thread.run(Thread.java:748)
Caused by: org.apache.ratis.thirdparty.io.grpc.StatusRuntimeException: UNAVAILABLE: io exception
	at org.apache.ratis.thirdparty.io.grpc.stub.ClientCalls.toStatusRuntimeException(ClientCalls.java:233)
	at org.apache.ratis.thirdparty.io.grpc.stub.ClientCalls.getUnchecked(ClientCalls.java:214)
	at org.apache.ratis.thirdparty.io.grpc.stub.ClientCalls.blockingUnaryCall(ClientCalls.java:139)
	at org.apache.ratis.proto.grpc.RaftServerProtocolServiceGrpc$RaftServerProtocolServiceBlockingStub.requestVote(RaftServerProtocolServiceGrpc.java:265)
	at org.apache.ratis.grpc.server.GrpcServerProtocolClient.requestVote(GrpcServerProtocolClient.java:99)
	at org.apache.ratis.grpc.server.GrpcService.requestVote(GrpcService.java:204)
	at org.apache.ratis.server.impl.LeaderElection.lambda$submitRequests$1(LeaderElection.java:234)
	at java.util.concurrent.FutureTask.run(FutureTask.java:266)
	at java.util.concurrent.Executors$RunnableAdapter.call(Executors.java:511)
	at java.util.concurrent.FutureTask.run(FutureTask.java:266)
	at java.util.concurrent.ThreadPoolExecutor.runWorker(ThreadPoolExecutor.java:1149)
	at java.util.concurrent.ThreadPoolExecutor$Worker.run(ThreadPoolExecutor.java:624)
	... 1 more
Caused by: org.apache.ratis.thirdparty.io.netty.channel.AbstractChannel$AnnotatedConnectException: Connection refused: /192.168.151.96:41537
	at sun.nio.ch.SocketChannelImpl.checkConnect(Native Method)
	at sun.nio.ch.SocketChannelImpl.finishConnect(SocketChannelImpl.java:717)
	at org.apache.ratis.thirdparty.io.netty.channel.socket.nio.NioSocketChannel.doFinishConnect(NioSocketChannel.java:327)
	at org.apache.ratis.thirdparty.io.netty.channel.nio.AbstractNioChannel$AbstractNioUnsafe.finishConnect(AbstractNioChannel.java:340)
	at org.apache.ratis.thirdparty.io.netty.channel.nio.NioEventLoop.processSelectedKey(NioEventLoop.java:632)
	at org.apache.ratis.thirdparty.io.netty.channel.nio.NioEventLoop.processSelectedKeysOptimized(NioEventLoop.java:579)
	at org.apache.ratis.thirdparty.io.netty.channel.nio.NioEventLoop.processSelectedKeys(NioEventLoop.java:496)
	at org.apache.ratis.thirdparty.io.netty.channel.nio.NioEventLoop.run(NioEventLoop.java:458)
	at org.apache.ratis.thirdparty.io.netty.util.concurrent.SingleThreadEventExecutor$5.run(SingleThreadEventExecutor.java:897)
	at org.apache.ratis.thirdparty.io.netty.util.concurrent.FastThreadLocalRunnable.run(FastThreadLocalRunnable.java:30)
	... 1 more
Caused by: java.net.ConnectException: Connection refused
	... 11 more
2019-10-03 14:58:14,885 [a3cce3e0-5375-4485-8d23-6a2da2048872@group-097D18AE70C2-LeaderElection11] INFO  impl.LeaderElection (LogUtils.java:infoOrTrace(149)) -   Exception 0: {}
java.util.concurrent.ExecutionException: org.apache.ratis.thirdparty.io.grpc.StatusRuntimeException: UNAVAILABLE: io exception
	at java.util.concurrent.FutureTask.report(FutureTask.java:122)
	at java.util.concurrent.FutureTask.get(FutureTask.java:192)
	at org.apache.ratis.server.impl.LeaderElection.waitForResults(LeaderElection.java:259)
	at org.apache.ratis.server.impl.LeaderElection.askForVotes(LeaderElection.java:197)
	at org.apache.ratis.server.impl.LeaderElection.run(LeaderElection.java:133)
	at java.lang.Thread.run(Thread.java:748)
Caused by: org.apache.ratis.thirdparty.io.grpc.StatusRuntimeException: UNAVAILABLE: io exception
	at org.apache.ratis.thirdparty.io.grpc.stub.ClientCalls.toStatusRuntimeException(ClientCalls.java:233)
	at org.apache.ratis.thirdparty.io.grpc.stub.ClientCalls.getUnchecked(ClientCalls.java:214)
	at org.apache.ratis.thirdparty.io.grpc.stub.ClientCalls.blockingUnaryCall(ClientCalls.java:139)
	at org.apache.ratis.proto.grpc.RaftServerProtocolServiceGrpc$RaftServerProtocolServiceBlockingStub.requestVote(RaftServerProtocolServiceGrpc.java:265)
	at org.apache.ratis.grpc.server.GrpcServerProtocolClient.requestVote(GrpcServerProtocolClient.java:99)
	at org.apache.ratis.grpc.server.GrpcService.requestVote(GrpcService.java:204)
	at org.apache.ratis.server.impl.LeaderElection.lambda$submitRequests$1(LeaderElection.java:234)
	at java.util.concurrent.FutureTask.run(FutureTask.java:266)
	at java.util.concurrent.Executors$RunnableAdapter.call(Executors.java:511)
	at java.util.concurrent.FutureTask.run(FutureTask.java:266)
	at java.util.concurrent.ThreadPoolExecutor.runWorker(ThreadPoolExecutor.java:1149)
	at java.util.concurrent.ThreadPoolExecutor$Worker.run(ThreadPoolExecutor.java:624)
	... 1 more
Caused by: org.apache.ratis.thirdparty.io.netty.channel.AbstractChannel$AnnotatedConnectException: Connection refused: /192.168.151.96:41537
	at sun.nio.ch.SocketChannelImpl.checkConnect(Native Method)
	at sun.nio.ch.SocketChannelImpl.finishConnect(SocketChannelImpl.java:717)
	at org.apache.ratis.thirdparty.io.netty.channel.socket.nio.NioSocketChannel.doFinishConnect(NioSocketChannel.java:327)
	at org.apache.ratis.thirdparty.io.netty.channel.nio.AbstractNioChannel$AbstractNioUnsafe.finishConnect(AbstractNioChannel.java:340)
	at org.apache.ratis.thirdparty.io.netty.channel.nio.NioEventLoop.processSelectedKey(NioEventLoop.java:632)
	at org.apache.ratis.thirdparty.io.netty.channel.nio.NioEventLoop.processSelectedKeysOptimized(NioEventLoop.java:579)
	at org.apache.ratis.thirdparty.io.netty.channel.nio.NioEventLoop.processSelectedKeys(NioEventLoop.java:496)
	at org.apache.ratis.thirdparty.io.netty.channel.nio.NioEventLoop.run(NioEventLoop.java:458)
	at org.apache.ratis.thirdparty.io.netty.util.concurrent.SingleThreadEventExecutor$5.run(SingleThreadEventExecutor.java:897)
	at org.apache.ratis.thirdparty.io.netty.util.concurrent.FastThreadLocalRunnable.run(FastThreadLocalRunnable.java:30)
	... 1 more
Caused by: java.net.ConnectException: Connection refused
	... 11 more
2019-10-03 14:58:14,888 [a3cce3e0-5375-4485-8d23-6a2da2048872@group-097D18AE70C2-LeaderElection11] INFO  impl.RaftServerImpl (RaftServerImpl.java:setRole(170)) - a3cce3e0-5375-4485-8d23-6a2da2048872@group-097D18AE70C2: changes role from CANDIDATE to FOLLOWER at term 2 for DISCOVERED_A_NEW_TERM
2019-10-03 14:58:14,888 [a3cce3e0-5375-4485-8d23-6a2da2048872@group-097D18AE70C2-LeaderElection11] INFO  impl.RoleInfo (RoleInfo.java:shutdownLeaderElection(134)) - a3cce3e0-5375-4485-8d23-6a2da2048872: shutdown LeaderElection
2019-10-03 14:58:14,890 [a3cce3e0-5375-4485-8d23-6a2da2048872@group-097D18AE70C2-LeaderElection11] INFO  impl.RoleInfo (RoleInfo.java:updateAndGet(143)) - a3cce3e0-5375-4485-8d23-6a2da2048872: start FollowerState
2019-10-03 14:58:14,894 [5a44bd04-ecf8-4f1a-9db6-edf6da10f7f5@group-097D18AE70C2-LeaderElection12] INFO  impl.LeaderElection (LeaderElection.java:logAndReturn(56)) - 5a44bd04-ecf8-4f1a-9db6-edf6da10f7f5@group-097D18AE70C2-LeaderElection12: Election REJECTED; received 1 response(s) [5a44bd04-ecf8-4f1a-9db6-edf6da10f7f5<-a3cce3e0-5375-4485-8d23-6a2da2048872#0:FAIL-t2] and 1 exception(s); 5a44bd04-ecf8-4f1a-9db6-edf6da10f7f5@group-097D18AE70C2:t2, leader=null, voted=5a44bd04-ecf8-4f1a-9db6-edf6da10f7f5, raftlog=5a44bd04-ecf8-4f1a-9db6-edf6da10f7f5@group-097D18AE70C2-SegmentedRaftLog:OPENED:c2,f2,i2, conf=0: [a3cce3e0-5375-4485-8d23-6a2da2048872:192.168.151.96:34467, 5a44bd04-ecf8-4f1a-9db6-edf6da10f7f5:192.168.151.96:37447, 63dc41fb-a235-4553-b1c9-3c734cea9853:192.168.151.96:41537], old=null
2019-10-03 14:58:14,894 [5a44bd04-ecf8-4f1a-9db6-edf6da10f7f5@group-097D18AE70C2-LeaderElection12] INFO  impl.LeaderElection (LogUtils.java:infoOrTrace(149)) -   Exception 0: {}
java.util.concurrent.ExecutionException: org.apache.ratis.thirdparty.io.grpc.StatusRuntimeException: UNAVAILABLE: io exception
	at java.util.concurrent.FutureTask.report(FutureTask.java:122)
	at java.util.concurrent.FutureTask.get(FutureTask.java:192)
	at org.apache.ratis.server.impl.LeaderElection.waitForResults(LeaderElection.java:259)
	at org.apache.ratis.server.impl.LeaderElection.askForVotes(LeaderElection.java:197)
	at org.apache.ratis.server.impl.LeaderElection.run(LeaderElection.java:133)
	at java.lang.Thread.run(Thread.java:748)
Caused by: org.apache.ratis.thirdparty.io.grpc.StatusRuntimeException: UNAVAILABLE: io exception
	at org.apache.ratis.thirdparty.io.grpc.stub.ClientCalls.toStatusRuntimeException(ClientCalls.java:233)
	at org.apache.ratis.thirdparty.io.grpc.stub.ClientCalls.getUnchecked(ClientCalls.java:214)
	at org.apache.ratis.thirdparty.io.grpc.stub.ClientCalls.blockingUnaryCall(ClientCalls.java:139)
	at org.apache.ratis.proto.grpc.RaftServerProtocolServiceGrpc$RaftServerProtocolServiceBlockingStub.requestVote(RaftServerProtocolServiceGrpc.java:265)
	at org.apache.ratis.grpc.server.GrpcServerProtocolClient.requestVote(GrpcServerProtocolClient.java:99)
	at org.apache.ratis.grpc.server.GrpcService.requestVote(GrpcService.java:204)
	at org.apache.ratis.server.impl.LeaderElection.lambda$submitRequests$1(LeaderElection.java:234)
	at java.util.concurrent.FutureTask.run(FutureTask.java:266)
	at java.util.concurrent.Executors$RunnableAdapter.call(Executors.java:511)
	at java.util.concurrent.FutureTask.run(FutureTask.java:266)
	at java.util.concurrent.ThreadPoolExecutor.runWorker(ThreadPoolExecutor.java:1149)
	at java.util.concurrent.ThreadPoolExecutor$Worker.run(ThreadPoolExecutor.java:624)
	... 1 more
Caused by: org.apache.ratis.thirdparty.io.netty.channel.AbstractChannel$AnnotatedConnectException: Connection refused: /192.168.151.96:41537
	at sun.nio.ch.SocketChannelImpl.checkConnect(Native Method)
	at sun.nio.ch.SocketChannelImpl.finishConnect(SocketChannelImpl.java:717)
	at org.apache.ratis.thirdparty.io.netty.channel.socket.nio.NioSocketChannel.doFinishConnect(NioSocketChannel.java:327)
	at org.apache.ratis.thirdparty.io.netty.channel.nio.AbstractNioChannel$AbstractNioUnsafe.finishConnect(AbstractNioChannel.java:340)
	at org.apache.ratis.thirdparty.io.netty.channel.nio.NioEventLoop.processSelectedKey(NioEventLoop.java:632)
	at org.apache.ratis.thirdparty.io.netty.channel.nio.NioEventLoop.processSelectedKeysOptimized(NioEventLoop.java:579)
	at org.apache.ratis.thirdparty.io.netty.channel.nio.NioEventLoop.processSelectedKeys(NioEventLoop.java:496)
	at org.apache.ratis.thirdparty.io.netty.channel.nio.NioEventLoop.run(NioEventLoop.java:458)
	at org.apache.ratis.thirdparty.io.netty.util.concurrent.SingleThreadEventExecutor$5.run(SingleThreadEventExecutor.java:897)
	at org.apache.ratis.thirdparty.io.netty.util.concurrent.FastThreadLocalRunnable.run(FastThreadLocalRunnable.java:30)
	... 1 more
Caused by: java.net.ConnectException: Connection refused
	... 11 more
2019-10-03 14:58:14,895 [5a44bd04-ecf8-4f1a-9db6-edf6da10f7f5@group-097D18AE70C2-LeaderElection12] INFO  impl.RaftServerImpl (RaftServerImpl.java:setRole(170)) - 5a44bd04-ecf8-4f1a-9db6-edf6da10f7f5@group-097D18AE70C2: changes role from CANDIDATE to FOLLOWER at term 2 for DISCOVERED_A_NEW_TERM
2019-10-03 14:58:14,895 [5a44bd04-ecf8-4f1a-9db6-edf6da10f7f5@group-097D18AE70C2-LeaderElection12] INFO  impl.RoleInfo (RoleInfo.java:shutdownLeaderElection(134)) - 5a44bd04-ecf8-4f1a-9db6-edf6da10f7f5: shutdown LeaderElection
2019-10-03 14:58:14,895 [5a44bd04-ecf8-4f1a-9db6-edf6da10f7f5@group-097D18AE70C2-LeaderElection12] INFO  impl.RoleInfo (RoleInfo.java:updateAndGet(143)) - 5a44bd04-ecf8-4f1a-9db6-edf6da10f7f5: start FollowerState
]]></system-out>
    <system-err><![CDATA[ERROR StatusLogger No Log4j 2 configuration file found. Using default configuration (logging only errors to the console), or user programmatically provided configurations. Set system property 'log4j2.debug' to show Log4j 2 internal initialization logging. See https://logging.apache.org/log4j/2.x/manual/configuration.html for instructions on how to configure Log4j 2
]]></system-err>
  </testcase>
</testsuite>