<?xml version="1.0" encoding="UTF-8"?>
<testsuite xmlns:xsi="http://www.w3.org/2001/XMLSchema-instance" xsi:noNamespaceSchemaLocation="https://maven.apache.org/surefire/maven-surefire-plugin/xsd/surefire-test-report.xsd" name="org.apache.hadoop.ozone.scm.TestSCMContainerPlacementPolicyMetrics" time="82.068" tests="1" errors="1" skipped="0" failures="0">
  <properties>
    <property name="awt.toolkit" value="sun.awt.X11.XToolkit"/>
    <property name="file.encoding.pkg" value="sun.io"/>
    <property name="java.specification.version" value="1.8"/>
    <property name="sun.cpu.isalist" value=""/>
    <property name="sun.jnu.encoding" value="ANSI_X3.4-1968"/>
    <property name="java.class.path" value="/workdir/hadoop-ozone/integration-test/target/test-classes:/workdir/hadoop-ozone/integration-test/target/classes:/home/user/.m2/repository/org/apache/hadoop/hadoop-ozone-common/0.5.0-SNAPSHOT/hadoop-ozone-common-0.5.0-SNAPSHOT.jar:/home/user/.m2/repository/org/apache/commons/commons-compress/1.4.1/commons-compress-1.4.1.jar:/home/user/.m2/repository/org/tukaani/xz/1.0/xz-1.0.jar:/home/user/.m2/repository/org/apache/hadoop/hadoop-common/3.2.0/hadoop-common-3.2.0.jar:/home/user/.m2/repository/org/apache/hadoop/hadoop-hdfs/3.2.0/hadoop-hdfs-3.2.0.jar:/home/user/.m2/repository/org/apache/hadoop/hadoop-hdfs-client/3.2.0/hadoop-hdfs-client-3.2.0.jar:/home/user/.m2/repository/com/fasterxml/jackson/core/jackson-annotations/2.9.9/jackson-annotations-2.9.9.jar:/home/user/.m2/repository/org/apache/hadoop/hadoop-hdds-common/0.5.0-SNAPSHOT/hadoop-hdds-common-0.5.0-SNAPSHOT.jar:/home/user/.m2/repository/javax/annotation/javax.annotation-api/1.2/javax.annotation-api-1.2.jar:/home/user/.m2/repository/org/apache/ratis/ratis-server/0.5.0-3f446aa-SNAPSHOT/ratis-server-0.5.0-3f446aa-SNAPSHOT.jar:/home/user/.m2/repository/org/apache/ratis/ratis-thirdparty-misc/0.2.0/ratis-thirdparty-misc-0.2.0.jar:/home/user/.m2/repository/org/apache/ratis/ratis-proto/0.5.0-3f446aa-SNAPSHOT/ratis-proto-0.5.0-3f446aa-SNAPSHOT.jar:/home/user/.m2/repository/org/apache/ratis/ratis-common/0.5.0-3f446aa-SNAPSHOT/ratis-common-0.5.0-3f446aa-SNAPSHOT.jar:/home/user/.m2/repository/org/apache/ratis/ratis-client/0.5.0-3f446aa-SNAPSHOT/ratis-client-0.5.0-3f446aa-SNAPSHOT.jar:/home/user/.m2/repository/org/apache/ratis/ratis-metrics/0.5.0-3f446aa-SNAPSHOT/ratis-metrics-0.5.0-3f446aa-SNAPSHOT.jar:/home/user/.m2/repository/com/github/joshelser/dropwizard-metrics-hadoop-metrics2-reporter/0.1.2/dropwizard-metrics-hadoop-metrics2-reporter-0.1.2.jar:/home/user/.m2/repository/io/dropwizard/metrics/metrics-jvm/3.2.5/metrics-jvm-3.2.5.jar:/home/user/.m2/repository/io/dropwizard/metrics/metrics-ganglia/3.2.5/metrics-ganglia-3.2.5.jar:/home/user/.m2/repository/info/ganglia/gmetric4j/gmetric4j/1.0.7/gmetric4j-1.0.7.jar:/home/user/.m2/repository/org/apache/ratis/ratis-netty/0.5.0-3f446aa-SNAPSHOT/ratis-netty-0.5.0-3f446aa-SNAPSHOT.jar:/home/user/.m2/repository/org/apache/ratis/ratis-grpc/0.5.0-3f446aa-SNAPSHOT/ratis-grpc-0.5.0-3f446aa-SNAPSHOT.jar:/home/user/.m2/repository/org/rocksdb/rocksdbjni/6.0.1/rocksdbjni-6.0.1.jar:/home/user/.m2/repository/org/apache/logging/log4j/log4j-api/2.11.0/log4j-api-2.11.0.jar:/home/user/.m2/repository/org/apache/logging/log4j/log4j-core/2.11.0/log4j-core-2.11.0.jar:/home/user/.m2/repository/com/lmax/disruptor/3.4.2/disruptor-3.4.2.jar:/home/user/.m2/repository/org/apache/commons/commons-pool2/2.6.0/commons-pool2-2.6.0.jar:/home/user/.m2/repository/org/bouncycastle/bcpkix-jdk15on/1.60/bcpkix-jdk15on-1.60.jar:/home/user/.m2/repository/commons-validator/commons-validator/1.6/commons-validator-1.6.jar:/home/user/.m2/repository/commons-digester/commons-digester/1.8.1/commons-digester-1.8.1.jar:/home/user/.m2/repository/io/jaegertracing/jaeger-client/0.34.0/jaeger-client-0.34.0.jar:/home/user/.m2/repository/io/jaegertracing/jaeger-thrift/0.34.0/jaeger-thrift-0.34.0.jar:/home/user/.m2/repository/org/apache/thrift/libthrift/0.12.0/libthrift-0.12.0.jar:/home/user/.m2/repository/com/squareup/okhttp3/okhttp/3.9.0/okhttp-3.9.0.jar:/home/user/.m2/repository/com/squareup/okio/okio/1.13.0/okio-1.13.0.jar:/home/user/.m2/repository/io/jaegertracing/jaeger-core/0.34.0/jaeger-core-0.34.0.jar:/home/user/.m2/repository/io/jaegertracing/jaeger-tracerresolver/0.34.0/jaeger-tracerresolver-0.34.0.jar:/home/user/.m2/repository/io/opentracing/contrib/opentracing-tracerresolver/0.1.5/opentracing-tracerresolver-0.1.5.jar:/home/user/.m2/repository/io/opentracing/opentracing-util/0.31.0/opentracing-util-0.31.0.jar:/home/user/.m2/repository/io/opentracing/opentracing-api/0.31.0/opentracing-api-0.31.0.jar:/home/user/.m2/repository/io/opentracing/opentracing-noop/0.31.0/opentracing-noop-0.31.0.jar:/home/user/.m2/repository/org/apache/hadoop/hadoop-hdds-server-framework/0.5.0-SNAPSHOT/hadoop-hdds-server-framework-0.5.0-SNAPSHOT.jar:/home/user/.m2/repository/org/apache/hadoop/hadoop-hdds-container-service/0.5.0-SNAPSHOT/hadoop-hdds-container-service-0.5.0-SNAPSHOT.jar:/home/user/.m2/repository/org/apache/hadoop/hadoop-hdds-client/0.5.0-SNAPSHOT/hadoop-hdds-client-0.5.0-SNAPSHOT.jar:/home/user/.m2/repository/org/apache/hadoop/hadoop-hdds-tools/0.5.0-SNAPSHOT/hadoop-hdds-tools-0.5.0-SNAPSHOT.jar:/home/user/.m2/repository/org/apache/hadoop/hadoop-hdds-server-scm/0.5.0-SNAPSHOT/hadoop-hdds-server-scm-0.5.0-SNAPSHOT.jar:/home/user/.m2/repository/org/apache/hadoop/hadoop-hdds-docs/0.5.0-SNAPSHOT/hadoop-hdds-docs-0.5.0-SNAPSHOT.jar:/home/user/.m2/repository/io/dropwizard/metrics/metrics-core/3.2.4/metrics-core-3.2.4.jar:/home/user/.m2/repository/org/hamcrest/hamcrest-all/1.3/hamcrest-all-1.3.jar:/home/user/.m2/repository/org/bouncycastle/bcprov-jdk15on/1.60/bcprov-jdk15on-1.60.jar:/home/user/.m2/repository/info/picocli/picocli/3.9.6/picocli-3.9.6.jar:/home/user/.m2/repository/com/google/protobuf/protobuf-java/2.5.0/protobuf-java-2.5.0.jar:/home/user/.m2/repository/com/google/guava/guava/11.0.2/guava-11.0.2.jar:/home/user/.m2/repository/org/apache/hadoop/hadoop-ozone-ozone-manager/0.5.0-SNAPSHOT/hadoop-ozone-ozone-manager-0.5.0-SNAPSHOT.jar:/home/user/.m2/repository/org/apache/hadoop/hadoop-minikdc/3.2.0/hadoop-minikdc-3.2.0.jar:/home/user/.m2/repository/commons-io/commons-io/2.5/commons-io-2.5.jar:/home/user/.m2/repository/org/apache/kerby/kerb-simplekdc/1.0.1/kerb-simplekdc-1.0.1.jar:/home/user/.m2/repository/org/apache/kerby/kerb-client/1.0.1/kerb-client-1.0.1.jar:/home/user/.m2/repository/org/apache/kerby/kerby-config/1.0.1/kerby-config-1.0.1.jar:/home/user/.m2/repository/org/apache/kerby/kerb-core/1.0.1/kerb-core-1.0.1.jar:/home/user/.m2/repository/org/apache/kerby/kerby-pkix/1.0.1/kerby-pkix-1.0.1.jar:/home/user/.m2/repository/org/apache/kerby/kerby-asn1/1.0.1/kerby-asn1-1.0.1.jar:/home/user/.m2/repository/org/apache/kerby/kerby-util/1.0.1/kerby-util-1.0.1.jar:/home/user/.m2/repository/org/apache/kerby/kerb-common/1.0.1/kerb-common-1.0.1.jar:/home/user/.m2/repository/org/apache/kerby/kerb-crypto/1.0.1/kerb-crypto-1.0.1.jar:/home/user/.m2/repository/org/apache/kerby/kerb-util/1.0.1/kerb-util-1.0.1.jar:/home/user/.m2/repository/org/apache/kerby/token-provider/1.0.1/token-provider-1.0.1.jar:/home/user/.m2/repository/org/apache/kerby/kerb-admin/1.0.1/kerb-admin-1.0.1.jar:/home/user/.m2/repository/org/apache/kerby/kerb-server/1.0.1/kerb-server-1.0.1.jar:/home/user/.m2/repository/org/apache/kerby/kerb-identity/1.0.1/kerb-identity-1.0.1.jar:/home/user/.m2/repository/org/apache/kerby/kerby-xdr/1.0.1/kerby-xdr-1.0.1.jar:/home/user/.m2/repository/org/slf4j/slf4j-log4j12/1.7.25/slf4j-log4j12-1.7.25.jar:/home/user/.m2/repository/org/apache/hadoop/hadoop-ozone-s3gateway/0.5.0-SNAPSHOT/hadoop-ozone-s3gateway-0.5.0-SNAPSHOT.jar:/home/user/.m2/repository/org/jboss/weld/servlet/weld-servlet/2.4.7.Final/weld-servlet-2.4.7.Final.jar:/home/user/.m2/repository/org/glassfish/jersey/containers/jersey-container-servlet-core/2.27/jersey-container-servlet-core-2.27.jar:/home/user/.m2/repository/org/glassfish/hk2/external/javax.inject/2.5.0-b42/javax.inject-2.5.0-b42.jar:/home/user/.m2/repository/org/glassfish/jersey/core/jersey-common/2.27/jersey-common-2.27.jar:/home/user/.m2/repository/org/glassfish/hk2/osgi-resource-locator/1.0.1/osgi-resource-locator-1.0.1.jar:/home/user/.m2/repository/javax/ws/rs/javax.ws.rs-api/2.1/javax.ws.rs-api-2.1.jar:/home/user/.m2/repository/org/glassfish/jersey/ext/cdi/jersey-cdi1x/2.27/jersey-cdi1x-2.27.jar:/home/user/.m2/repository/org/glassfish/jersey/inject/jersey-hk2/2.27/jersey-hk2-2.27.jar:/home/user/.m2/repository/org/glassfish/hk2/hk2-locator/2.5.0-b42/hk2-locator-2.5.0-b42.jar:/home/user/.m2/repository/org/javassist/javassist/3.22.0-CR2/javassist-3.22.0-CR2.jar:/home/user/.m2/repository/org/glassfish/hk2/hk2-api/2.5.0/hk2-api-2.5.0.jar:/home/user/.m2/repository/org/glassfish/hk2/external/jakarta.inject/2.5.0/jakarta.inject-2.5.0.jar:/home/user/.m2/repository/org/glassfish/hk2/hk2-utils/2.5.0/hk2-utils-2.5.0.jar:/home/user/.m2/repository/jakarta/annotation/jakarta.annotation-api/1.3.4/jakarta.annotation-api-1.3.4.jar:/home/user/.m2/repository/org/glassfish/hk2/external/aopalliance-repackaged/2.5.0/aopalliance-repackaged-2.5.0.jar:/home/user/.m2/repository/com/fasterxml/jackson/dataformat/jackson-dataformat-xml/2.9.0/jackson-dataformat-xml-2.9.0.jar:/home/user/.m2/repository/com/fasterxml/jackson/core/jackson-core/2.9.9/jackson-core-2.9.9.jar:/home/user/.m2/repository/com/fasterxml/jackson/module/jackson-module-jaxb-annotations/2.9.9/jackson-module-jaxb-annotations-2.9.9.jar:/home/user/.m2/repository/javax/enterprise/cdi-api/1.2/cdi-api-1.2.jar:/home/user/.m2/repository/javax/el/javax.el-api/3.0.0/javax.el-api-3.0.0.jar:/home/user/.m2/repository/javax/interceptor/javax.interceptor-api/1.2/javax.interceptor-api-1.2.jar:/home/user/.m2/repository/javax/inject/javax.inject/1/javax.inject-1.jar:/home/user/.m2/repository/com/sun/xml/bind/jaxb-impl/2.3.0.1/jaxb-impl-2.3.0.1.jar:/home/user/.m2/repository/com/sun/xml/bind/jaxb-core/2.3.0.1/jaxb-core-2.3.0.1.jar:/home/user/.m2/repository/javax/xml/bind/jaxb-api/2.3.0/jaxb-api-2.3.0.jar:/home/user/.m2/repository/javax/activation/activation/1.1.1/activation-1.1.1.jar:/home/user/.m2/repository/org/apache/hadoop/hadoop-ozone-csi/0.5.0-SNAPSHOT/hadoop-ozone-csi-0.5.0-SNAPSHOT.jar:/home/user/.m2/repository/com/google/protobuf/protobuf-java-util/3.5.1/protobuf-java-util-3.5.1.jar:/home/user/.m2/repository/org/apache/hadoop/hadoop-hdds-config/0.5.0-SNAPSHOT/hadoop-hdds-config-0.5.0-SNAPSHOT.jar:/home/user/.m2/repository/io/grpc/grpc-netty/1.17.1/grpc-netty-1.17.1.jar:/home/user/.m2/repository/io/grpc/grpc-core/1.17.1/grpc-core-1.17.1.jar:/home/user/.m2/repository/io/grpc/grpc-context/1.17.1/grpc-context-1.17.1.jar:/home/user/.m2/repository/com/google/errorprone/error_prone_annotations/2.2.0/error_prone_annotations-2.2.0.jar:/home/user/.m2/repository/org/codehaus/mojo/animal-sniffer-annotations/1.17/animal-sniffer-annotations-1.17.jar:/home/user/.m2/repository/io/opencensus/opencensus-api/0.17.0/opencensus-api-0.17.0.jar:/home/user/.m2/repository/io/opencensus/opencensus-contrib-grpc-metrics/0.17.0/opencensus-contrib-grpc-metrics-0.17.0.jar:/home/user/.m2/repository/io/netty/netty-codec-http2/4.1.30.Final/netty-codec-http2-4.1.30.Final.jar:/home/user/.m2/repository/io/netty/netty-codec-http/4.1.30.Final/netty-codec-http-4.1.30.Final.jar:/home/user/.m2/repository/io/netty/netty-codec/4.1.30.Final/netty-codec-4.1.30.Final.jar:/home/user/.m2/repository/io/netty/netty-handler/4.1.30.Final/netty-handler-4.1.30.Final.jar:/home/user/.m2/repository/io/netty/netty-handler-proxy/4.1.30.Final/netty-handler-proxy-4.1.30.Final.jar:/home/user/.m2/repository/io/netty/netty-codec-socks/4.1.30.Final/netty-codec-socks-4.1.30.Final.jar:/home/user/.m2/repository/io/netty/netty-transport-native-epoll/4.1.30.Final/netty-transport-native-epoll-4.1.30.Final.jar:/home/user/.m2/repository/io/netty/netty-common/4.1.30.Final/netty-common-4.1.30.Final.jar:/home/user/.m2/repository/io/netty/netty-buffer/4.1.30.Final/netty-buffer-4.1.30.Final.jar:/home/user/.m2/repository/io/netty/netty-transport/4.1.30.Final/netty-transport-4.1.30.Final.jar:/home/user/.m2/repository/io/netty/netty-resolver/4.1.30.Final/netty-resolver-4.1.30.Final.jar:/home/user/.m2/repository/io/netty/netty-transport-native-unix-common/4.1.30.Final/netty-transport-native-unix-common-4.1.30.Final.jar:/home/user/.m2/repository/io/grpc/grpc-protobuf/1.17.1/grpc-protobuf-1.17.1.jar:/home/user/.m2/repository/com/google/api/grpc/proto-google-common-protos/1.0.0/proto-google-common-protos-1.0.0.jar:/home/user/.m2/repository/io/grpc/grpc-protobuf-lite/1.17.1/grpc-protobuf-lite-1.17.1.jar:/home/user/.m2/repository/io/grpc/grpc-stub/1.17.1/grpc-stub-1.17.1.jar:/home/user/.m2/repository/org/apache/hadoop/hadoop-ozone-recon/0.5.0-SNAPSHOT/hadoop-ozone-recon-0.5.0-SNAPSHOT.jar:/home/user/.m2/repository/org/apache/hadoop/hadoop-ozone-reconcodegen/0.5.0-SNAPSHOT/hadoop-ozone-reconcodegen-0.5.0-SNAPSHOT.jar:/home/user/.m2/repository/com/google/inject/extensions/guice-multibindings/4.0/guice-multibindings-4.0.jar:/home/user/.m2/repository/com/google/inject/guice/4.0/guice-4.0.jar:/home/user/.m2/repository/aopalliance/aopalliance/1.0/aopalliance-1.0.jar:/home/user/.m2/repository/com/google/inject/extensions/guice-servlet/4.0/guice-servlet-4.0.jar:/home/user/.m2/repository/org/glassfish/jersey/containers/jersey-container-servlet/2.27/jersey-container-servlet-2.27.jar:/home/user/.m2/repository/org/glassfish/hk2/guice-bridge/2.5.0/guice-bridge-2.5.0.jar:/home/user/.m2/repository/org/glassfish/jersey/core/jersey-server/2.27/jersey-server-2.27.jar:/home/user/.m2/repository/org/glassfish/jersey/core/jersey-client/2.27/jersey-client-2.27.jar:/home/user/.m2/repository/org/glassfish/jersey/media/jersey-media-jaxb/2.27/jersey-media-jaxb-2.27.jar:/home/user/.m2/repository/javax/validation/validation-api/1.1.0.Final/validation-api-1.1.0.Final.jar:/home/user/.m2/repository/org/glassfish/jersey/media/jersey-media-json-jackson/2.27/jersey-media-json-jackson-2.27.jar:/home/user/.m2/repository/org/glassfish/jersey/ext/jersey-entity-filtering/2.27/jersey-entity-filtering-2.27.jar:/home/user/.m2/repository/com/google/inject/extensions/guice-assistedinject/4.0/guice-assistedinject-4.0.jar:/home/user/.m2/repository/org/jooq/jooq/3.11.10/jooq-3.11.10.jar:/home/user/.m2/repository/org/jooq/jooq-meta/3.11.10/jooq-meta-3.11.10.jar:/home/user/.m2/repository/org/jooq/jooq-codegen/3.11.10/jooq-codegen-3.11.10.jar:/home/user/.m2/repository/com/jolbox/bonecp/0.8.0.RELEASE/bonecp-0.8.0.RELEASE.jar:/home/user/.m2/repository/org/xerial/sqlite-jdbc/3.25.2/sqlite-jdbc-3.25.2.jar:/home/user/.m2/repository/org/springframework/spring-jdbc/5.1.3.RELEASE/spring-jdbc-5.1.3.RELEASE.jar:/home/user/.m2/repository/org/springframework/spring-beans/5.1.3.RELEASE/spring-beans-5.1.3.RELEASE.jar:/home/user/.m2/repository/org/springframework/spring-core/5.1.3.RELEASE/spring-core-5.1.3.RELEASE.jar:/home/user/.m2/repository/org/springframework/spring-jcl/5.1.3.RELEASE/spring-jcl-5.1.3.RELEASE.jar:/home/user/.m2/repository/org/springframework/spring-tx/5.1.3.RELEASE/spring-tx-5.1.3.RELEASE.jar:/home/user/.m2/repository/org/apache/hadoop/hadoop-ozone-client/0.5.0-SNAPSHOT/hadoop-ozone-client-0.5.0-SNAPSHOT.jar:/home/user/.m2/repository/commons-lang/commons-lang/2.6/commons-lang-2.6.jar:/home/user/.m2/repository/org/apache/hadoop/hadoop-ozone-ozone-manager/0.5.0-SNAPSHOT/hadoop-ozone-ozone-manager-0.5.0-SNAPSHOT-tests.jar:/home/user/.m2/repository/junit/junit/4.11/junit-4.11.jar:/home/user/.m2/repository/org/hamcrest/hamcrest-core/1.3/hamcrest-core-1.3.jar:/home/user/.m2/repository/org/openjdk/jmh/jmh-core/1.19/jmh-core-1.19.jar:/home/user/.m2/repository/net/sf/jopt-simple/jopt-simple/4.6/jopt-simple-4.6.jar:/home/user/.m2/repository/org/apache/commons/commons-math3/3.1.1/commons-math3-3.1.1.jar:/home/user/.m2/repository/org/openjdk/jmh/jmh-generator-annprocess/1.19/jmh-generator-annprocess-1.19.jar:/home/user/.m2/repository/org/mockito/mockito-all/1.8.5/mockito-all-1.8.5.jar:/home/user/.m2/repository/org/apache/hadoop/hadoop-kms/3.2.0/hadoop-kms-3.2.0.jar:/home/user/.m2/repository/org/apache/hadoop/hadoop-auth/3.2.0/hadoop-auth-3.2.0.jar:/home/user/.m2/repository/com/nimbusds/nimbus-jose-jwt/4.41.1/nimbus-jose-jwt-4.41.1.jar:/home/user/.m2/repository/com/github/stephenc/jcip/jcip-annotations/1.0-1/jcip-annotations-1.0-1.jar:/home/user/.m2/repository/net/minidev/json-smart/2.3/json-smart-2.3.jar:/home/user/.m2/repository/net/minidev/accessors-smart/1.2/accessors-smart-1.2.jar:/home/user/.m2/repository/org/ow2/asm/asm/5.0.4/asm-5.0.4.jar:/home/user/.m2/repository/org/apache/curator/curator-framework/2.12.0/curator-framework-2.12.0.jar:/home/user/.m2/repository/com/sun/jersey/jersey-core/1.19/jersey-core-1.19.jar:/home/user/.m2/repository/javax/ws/rs/jsr311-api/1.1.1/jsr311-api-1.1.1.jar:/home/user/.m2/repository/com/sun/jersey/jersey-server/1.19/jersey-server-1.19.jar:/home/user/.m2/repository/javax/servlet/javax.servlet-api/3.1.0/javax.servlet-api-3.1.0.jar:/home/user/.m2/repository/org/eclipse/jetty/jetty-server/9.3.25.v20180904/jetty-server-9.3.25.v20180904.jar:/home/user/.m2/repository/org/eclipse/jetty/jetty-http/9.3.25.v20180904/jetty-http-9.3.25.v20180904.jar:/home/user/.m2/repository/org/eclipse/jetty/jetty-io/9.3.25.v20180904/jetty-io-9.3.25.v20180904.jar:/home/user/.m2/repository/org/eclipse/jetty/jetty-webapp/9.3.25.v20180904/jetty-webapp-9.3.25.v20180904.jar:/home/user/.m2/repository/org/eclipse/jetty/jetty-xml/9.3.25.v20180904/jetty-xml-9.3.25.v20180904.jar:/home/user/.m2/repository/log4j/log4j/1.2.17/log4j-1.2.17.jar:/home/user/.m2/repository/org/slf4j/slf4j-api/1.7.25/slf4j-api-1.7.25.jar:/home/user/.m2/repository/org/slf4j/jul-to-slf4j/1.7.25/jul-to-slf4j-1.7.25.jar:/home/user/.m2/repository/org/eclipse/jetty/jetty-util/9.3.25.v20180904/jetty-util-9.3.25.v20180904.jar:/home/user/.m2/repository/com/fasterxml/jackson/core/jackson-databind/2.9.9/jackson-databind-2.9.9.jar:/home/user/.m2/repository/org/apache/hadoop/hadoop-kms/3.2.0/hadoop-kms-3.2.0-tests.jar:/home/user/.m2/repository/org/apache/hadoop/hadoop-hdds-server-scm/0.5.0-SNAPSHOT/hadoop-hdds-server-scm-0.5.0-SNAPSHOT-tests.jar:/home/user/.m2/repository/org/apache/hadoop/hadoop-hdds-container-service/0.5.0-SNAPSHOT/hadoop-hdds-container-service-0.5.0-SNAPSHOT-tests.jar:/home/user/.m2/repository/org/yaml/snakeyaml/1.16/snakeyaml-1.16.jar:/home/user/.m2/repository/org/apache/hadoop/hadoop-common/3.2.0/hadoop-common-3.2.0-tests.jar:/home/user/.m2/repository/org/apache/hadoop/hadoop-annotations/3.2.0/hadoop-annotations-3.2.0.jar:/usr/lib/jvm/java-1.8.0-openjdk-1.8.0.222.b10-1.el7_7.x86_64/jre/../lib/tools.jar:/home/user/.m2/repository/commons-cli/commons-cli/1.2/commons-cli-1.2.jar:/home/user/.m2/repository/org/apache/httpcomponents/httpclient/4.5.2/httpclient-4.5.2.jar:/home/user/.m2/repository/org/apache/httpcomponents/httpcore/4.4.4/httpcore-4.4.4.jar:/home/user/.m2/repository/commons-codec/commons-codec/1.11/commons-codec-1.11.jar:/home/user/.m2/repository/commons-net/commons-net/3.6/commons-net-3.6.jar:/home/user/.m2/repository/commons-collections/commons-collections/3.2.2/commons-collections-3.2.2.jar:/home/user/.m2/repository/org/eclipse/jetty/jetty-servlet/9.3.25.v20180904/jetty-servlet-9.3.25.v20180904.jar:/home/user/.m2/repository/org/eclipse/jetty/jetty-security/9.3.25.v20180904/jetty-security-9.3.25.v20180904.jar:/home/user/.m2/repository/javax/servlet/jsp/jsp-api/2.1/jsp-api-2.1.jar:/home/user/.m2/repository/com/sun/jersey/jersey-servlet/1.19/jersey-servlet-1.19.jar:/home/user/.m2/repository/com/sun/jersey/jersey-json/1.19/jersey-json-1.19.jar:/home/user/.m2/repository/org/codehaus/jettison/jettison/1.1/jettison-1.1.jar:/home/user/.m2/repository/org/codehaus/jackson/jackson-core-asl/1.9.13/jackson-core-asl-1.9.13.jar:/home/user/.m2/repository/org/codehaus/jackson/jackson-mapper-asl/1.9.13/jackson-mapper-asl-1.9.13.jar:/home/user/.m2/repository/org/codehaus/jackson/jackson-jaxrs/1.9.13/jackson-jaxrs-1.9.13.jar:/home/user/.m2/repository/org/codehaus/jackson/jackson-xc/1.9.13/jackson-xc-1.9.13.jar:/home/user/.m2/repository/commons-logging/commons-logging/1.1.3/commons-logging-1.1.3.jar:/home/user/.m2/repository/commons-beanutils/commons-beanutils/1.9.4/commons-beanutils-1.9.4.jar:/home/user/.m2/repository/org/apache/commons/commons-configuration2/2.1.1/commons-configuration2-2.1.1.jar:/home/user/.m2/repository/org/apache/commons/commons-lang3/3.7/commons-lang3-3.7.jar:/home/user/.m2/repository/org/apache/commons/commons-text/1.4/commons-text-1.4.jar:/home/user/.m2/repository/org/apache/avro/avro/1.7.7/avro-1.7.7.jar:/home/user/.m2/repository/com/thoughtworks/paranamer/paranamer/2.3/paranamer-2.3.jar:/home/user/.m2/repository/org/xerial/snappy/snappy-java/1.0.5/snappy-java-1.0.5.jar:/home/user/.m2/repository/com/google/re2j/re2j/1.1/re2j-1.1.jar:/home/user/.m2/repository/com/google/code/gson/gson/2.2.4/gson-2.2.4.jar:/home/user/.m2/repository/com/jcraft/jsch/0.1.54/jsch-0.1.54.jar:/home/user/.m2/repository/org/apache/curator/curator-client/2.12.0/curator-client-2.12.0.jar:/home/user/.m2/repository/org/apache/curator/curator-recipes/2.12.0/curator-recipes-2.12.0.jar:/home/user/.m2/repository/com/google/code/findbugs/jsr305/3.0.0/jsr305-3.0.0.jar:/home/user/.m2/repository/org/apache/htrace/htrace-core4/4.1.0-incubating/htrace-core4-4.1.0-incubating.jar:/home/user/.m2/repository/org/apache/zookeeper/zookeeper/3.4.13/zookeeper-3.4.13.jar:/home/user/.m2/repository/jline/jline/0.9.94/jline-0.9.94.jar:/home/user/.m2/repository/org/apache/yetus/audience-annotations/0.5.0/audience-annotations-0.5.0.jar:/home/user/.m2/repository/org/codehaus/woodstox/stax2-api/3.1.4/stax2-api-3.1.4.jar:/home/user/.m2/repository/com/fasterxml/woodstox/woodstox-core/5.0.3/woodstox-core-5.0.3.jar:/home/user/.m2/repository/dnsjava/dnsjava/2.1.7/dnsjava-2.1.7.jar:/home/user/.m2/repository/org/apache/hadoop/hadoop-hdfs/3.2.0/hadoop-hdfs-3.2.0-tests.jar:/home/user/.m2/repository/org/eclipse/jetty/jetty-util-ajax/9.3.25.v20180904/jetty-util-ajax-9.3.25.v20180904.jar:/home/user/.m2/repository/commons-daemon/commons-daemon/1.0.13/commons-daemon-1.0.13.jar:/home/user/.m2/repository/io/netty/netty/3.10.5.Final/netty-3.10.5.Final.jar:/home/user/.m2/repository/io/netty/netty-all/4.0.52.Final/netty-all-4.0.52.Final.jar:/home/user/.m2/repository/org/fusesource/leveldbjni/leveldbjni-all/1.8/leveldbjni-all-1.8.jar:"/>
    <property name="java.vm.vendor" value="Oracle Corporation"/>
    <property name="sun.arch.data.model" value="64"/>
    <property name="test.build.dir" value="/workdir/hadoop-ozone/integration-test/target/test-dir"/>
    <property name="test.cache.data" value=""/>
    <property name="java.vendor.url" value="http://java.oracle.com/"/>
    <property name="user.timezone" value=""/>
    <property name="java.vm.specification.version" value="1.8"/>
    <property name="os.name" value="Linux"/>
    <property name="test.build.data" value="/workdir/hadoop-ozone/integration-test/target/test-dir"/>
    <property name="user.country" value="US"/>
    <property name="sun.java.launcher" value="SUN_STANDARD"/>
    <property name="sun.boot.library.path" value="/usr/lib/jvm/java-1.8.0-openjdk-1.8.0.222.b10-1.el7_7.x86_64/jre/lib/amd64"/>
    <property name="sun.java.command" value="/workdir/hadoop-ozone/integration-test/target/surefire/surefirebooter6112957339882093581.jar /workdir/hadoop-ozone/integration-test/target/surefire 2019-10-17T21-06-53_162-jvmRun1 surefire3898859824644331147tmp surefire_163040921492588893749tmp"/>
    <property name="surefire.test.class.path" value="/workdir/hadoop-ozone/integration-test/target/test-classes:/workdir/hadoop-ozone/integration-test/target/classes:/home/user/.m2/repository/org/apache/hadoop/hadoop-ozone-common/0.5.0-SNAPSHOT/hadoop-ozone-common-0.5.0-SNAPSHOT.jar:/home/user/.m2/repository/org/apache/commons/commons-compress/1.4.1/commons-compress-1.4.1.jar:/home/user/.m2/repository/org/tukaani/xz/1.0/xz-1.0.jar:/home/user/.m2/repository/org/apache/hadoop/hadoop-common/3.2.0/hadoop-common-3.2.0.jar:/home/user/.m2/repository/org/apache/hadoop/hadoop-hdfs/3.2.0/hadoop-hdfs-3.2.0.jar:/home/user/.m2/repository/org/apache/hadoop/hadoop-hdfs-client/3.2.0/hadoop-hdfs-client-3.2.0.jar:/home/user/.m2/repository/com/fasterxml/jackson/core/jackson-annotations/2.9.9/jackson-annotations-2.9.9.jar:/home/user/.m2/repository/org/apache/hadoop/hadoop-hdds-common/0.5.0-SNAPSHOT/hadoop-hdds-common-0.5.0-SNAPSHOT.jar:/home/user/.m2/repository/javax/annotation/javax.annotation-api/1.2/javax.annotation-api-1.2.jar:/home/user/.m2/repository/org/apache/ratis/ratis-server/0.5.0-3f446aa-SNAPSHOT/ratis-server-0.5.0-3f446aa-SNAPSHOT.jar:/home/user/.m2/repository/org/apache/ratis/ratis-thirdparty-misc/0.2.0/ratis-thirdparty-misc-0.2.0.jar:/home/user/.m2/repository/org/apache/ratis/ratis-proto/0.5.0-3f446aa-SNAPSHOT/ratis-proto-0.5.0-3f446aa-SNAPSHOT.jar:/home/user/.m2/repository/org/apache/ratis/ratis-common/0.5.0-3f446aa-SNAPSHOT/ratis-common-0.5.0-3f446aa-SNAPSHOT.jar:/home/user/.m2/repository/org/apache/ratis/ratis-client/0.5.0-3f446aa-SNAPSHOT/ratis-client-0.5.0-3f446aa-SNAPSHOT.jar:/home/user/.m2/repository/org/apache/ratis/ratis-metrics/0.5.0-3f446aa-SNAPSHOT/ratis-metrics-0.5.0-3f446aa-SNAPSHOT.jar:/home/user/.m2/repository/com/github/joshelser/dropwizard-metrics-hadoop-metrics2-reporter/0.1.2/dropwizard-metrics-hadoop-metrics2-reporter-0.1.2.jar:/home/user/.m2/repository/io/dropwizard/metrics/metrics-jvm/3.2.5/metrics-jvm-3.2.5.jar:/home/user/.m2/repository/io/dropwizard/metrics/metrics-ganglia/3.2.5/metrics-ganglia-3.2.5.jar:/home/user/.m2/repository/info/ganglia/gmetric4j/gmetric4j/1.0.7/gmetric4j-1.0.7.jar:/home/user/.m2/repository/org/apache/ratis/ratis-netty/0.5.0-3f446aa-SNAPSHOT/ratis-netty-0.5.0-3f446aa-SNAPSHOT.jar:/home/user/.m2/repository/org/apache/ratis/ratis-grpc/0.5.0-3f446aa-SNAPSHOT/ratis-grpc-0.5.0-3f446aa-SNAPSHOT.jar:/home/user/.m2/repository/org/rocksdb/rocksdbjni/6.0.1/rocksdbjni-6.0.1.jar:/home/user/.m2/repository/org/apache/logging/log4j/log4j-api/2.11.0/log4j-api-2.11.0.jar:/home/user/.m2/repository/org/apache/logging/log4j/log4j-core/2.11.0/log4j-core-2.11.0.jar:/home/user/.m2/repository/com/lmax/disruptor/3.4.2/disruptor-3.4.2.jar:/home/user/.m2/repository/org/apache/commons/commons-pool2/2.6.0/commons-pool2-2.6.0.jar:/home/user/.m2/repository/org/bouncycastle/bcpkix-jdk15on/1.60/bcpkix-jdk15on-1.60.jar:/home/user/.m2/repository/commons-validator/commons-validator/1.6/commons-validator-1.6.jar:/home/user/.m2/repository/commons-digester/commons-digester/1.8.1/commons-digester-1.8.1.jar:/home/user/.m2/repository/io/jaegertracing/jaeger-client/0.34.0/jaeger-client-0.34.0.jar:/home/user/.m2/repository/io/jaegertracing/jaeger-thrift/0.34.0/jaeger-thrift-0.34.0.jar:/home/user/.m2/repository/org/apache/thrift/libthrift/0.12.0/libthrift-0.12.0.jar:/home/user/.m2/repository/com/squareup/okhttp3/okhttp/3.9.0/okhttp-3.9.0.jar:/home/user/.m2/repository/com/squareup/okio/okio/1.13.0/okio-1.13.0.jar:/home/user/.m2/repository/io/jaegertracing/jaeger-core/0.34.0/jaeger-core-0.34.0.jar:/home/user/.m2/repository/io/jaegertracing/jaeger-tracerresolver/0.34.0/jaeger-tracerresolver-0.34.0.jar:/home/user/.m2/repository/io/opentracing/contrib/opentracing-tracerresolver/0.1.5/opentracing-tracerresolver-0.1.5.jar:/home/user/.m2/repository/io/opentracing/opentracing-util/0.31.0/opentracing-util-0.31.0.jar:/home/user/.m2/repository/io/opentracing/opentracing-api/0.31.0/opentracing-api-0.31.0.jar:/home/user/.m2/repository/io/opentracing/opentracing-noop/0.31.0/opentracing-noop-0.31.0.jar:/home/user/.m2/repository/org/apache/hadoop/hadoop-hdds-server-framework/0.5.0-SNAPSHOT/hadoop-hdds-server-framework-0.5.0-SNAPSHOT.jar:/home/user/.m2/repository/org/apache/hadoop/hadoop-hdds-container-service/0.5.0-SNAPSHOT/hadoop-hdds-container-service-0.5.0-SNAPSHOT.jar:/home/user/.m2/repository/org/apache/hadoop/hadoop-hdds-client/0.5.0-SNAPSHOT/hadoop-hdds-client-0.5.0-SNAPSHOT.jar:/home/user/.m2/repository/org/apache/hadoop/hadoop-hdds-tools/0.5.0-SNAPSHOT/hadoop-hdds-tools-0.5.0-SNAPSHOT.jar:/home/user/.m2/repository/org/apache/hadoop/hadoop-hdds-server-scm/0.5.0-SNAPSHOT/hadoop-hdds-server-scm-0.5.0-SNAPSHOT.jar:/home/user/.m2/repository/org/apache/hadoop/hadoop-hdds-docs/0.5.0-SNAPSHOT/hadoop-hdds-docs-0.5.0-SNAPSHOT.jar:/home/user/.m2/repository/io/dropwizard/metrics/metrics-core/3.2.4/metrics-core-3.2.4.jar:/home/user/.m2/repository/org/hamcrest/hamcrest-all/1.3/hamcrest-all-1.3.jar:/home/user/.m2/repository/org/bouncycastle/bcprov-jdk15on/1.60/bcprov-jdk15on-1.60.jar:/home/user/.m2/repository/info/picocli/picocli/3.9.6/picocli-3.9.6.jar:/home/user/.m2/repository/com/google/protobuf/protobuf-java/2.5.0/protobuf-java-2.5.0.jar:/home/user/.m2/repository/com/google/guava/guava/11.0.2/guava-11.0.2.jar:/home/user/.m2/repository/org/apache/hadoop/hadoop-ozone-ozone-manager/0.5.0-SNAPSHOT/hadoop-ozone-ozone-manager-0.5.0-SNAPSHOT.jar:/home/user/.m2/repository/org/apache/hadoop/hadoop-minikdc/3.2.0/hadoop-minikdc-3.2.0.jar:/home/user/.m2/repository/commons-io/commons-io/2.5/commons-io-2.5.jar:/home/user/.m2/repository/org/apache/kerby/kerb-simplekdc/1.0.1/kerb-simplekdc-1.0.1.jar:/home/user/.m2/repository/org/apache/kerby/kerb-client/1.0.1/kerb-client-1.0.1.jar:/home/user/.m2/repository/org/apache/kerby/kerby-config/1.0.1/kerby-config-1.0.1.jar:/home/user/.m2/repository/org/apache/kerby/kerb-core/1.0.1/kerb-core-1.0.1.jar:/home/user/.m2/repository/org/apache/kerby/kerby-pkix/1.0.1/kerby-pkix-1.0.1.jar:/home/user/.m2/repository/org/apache/kerby/kerby-asn1/1.0.1/kerby-asn1-1.0.1.jar:/home/user/.m2/repository/org/apache/kerby/kerby-util/1.0.1/kerby-util-1.0.1.jar:/home/user/.m2/repository/org/apache/kerby/kerb-common/1.0.1/kerb-common-1.0.1.jar:/home/user/.m2/repository/org/apache/kerby/kerb-crypto/1.0.1/kerb-crypto-1.0.1.jar:/home/user/.m2/repository/org/apache/kerby/kerb-util/1.0.1/kerb-util-1.0.1.jar:/home/user/.m2/repository/org/apache/kerby/token-provider/1.0.1/token-provider-1.0.1.jar:/home/user/.m2/repository/org/apache/kerby/kerb-admin/1.0.1/kerb-admin-1.0.1.jar:/home/user/.m2/repository/org/apache/kerby/kerb-server/1.0.1/kerb-server-1.0.1.jar:/home/user/.m2/repository/org/apache/kerby/kerb-identity/1.0.1/kerb-identity-1.0.1.jar:/home/user/.m2/repository/org/apache/kerby/kerby-xdr/1.0.1/kerby-xdr-1.0.1.jar:/home/user/.m2/repository/org/slf4j/slf4j-log4j12/1.7.25/slf4j-log4j12-1.7.25.jar:/home/user/.m2/repository/org/apache/hadoop/hadoop-ozone-s3gateway/0.5.0-SNAPSHOT/hadoop-ozone-s3gateway-0.5.0-SNAPSHOT.jar:/home/user/.m2/repository/org/jboss/weld/servlet/weld-servlet/2.4.7.Final/weld-servlet-2.4.7.Final.jar:/home/user/.m2/repository/org/glassfish/jersey/containers/jersey-container-servlet-core/2.27/jersey-container-servlet-core-2.27.jar:/home/user/.m2/repository/org/glassfish/hk2/external/javax.inject/2.5.0-b42/javax.inject-2.5.0-b42.jar:/home/user/.m2/repository/org/glassfish/jersey/core/jersey-common/2.27/jersey-common-2.27.jar:/home/user/.m2/repository/org/glassfish/hk2/osgi-resource-locator/1.0.1/osgi-resource-locator-1.0.1.jar:/home/user/.m2/repository/javax/ws/rs/javax.ws.rs-api/2.1/javax.ws.rs-api-2.1.jar:/home/user/.m2/repository/org/glassfish/jersey/ext/cdi/jersey-cdi1x/2.27/jersey-cdi1x-2.27.jar:/home/user/.m2/repository/org/glassfish/jersey/inject/jersey-hk2/2.27/jersey-hk2-2.27.jar:/home/user/.m2/repository/org/glassfish/hk2/hk2-locator/2.5.0-b42/hk2-locator-2.5.0-b42.jar:/home/user/.m2/repository/org/javassist/javassist/3.22.0-CR2/javassist-3.22.0-CR2.jar:/home/user/.m2/repository/org/glassfish/hk2/hk2-api/2.5.0/hk2-api-2.5.0.jar:/home/user/.m2/repository/org/glassfish/hk2/external/jakarta.inject/2.5.0/jakarta.inject-2.5.0.jar:/home/user/.m2/repository/org/glassfish/hk2/hk2-utils/2.5.0/hk2-utils-2.5.0.jar:/home/user/.m2/repository/jakarta/annotation/jakarta.annotation-api/1.3.4/jakarta.annotation-api-1.3.4.jar:/home/user/.m2/repository/org/glassfish/hk2/external/aopalliance-repackaged/2.5.0/aopalliance-repackaged-2.5.0.jar:/home/user/.m2/repository/com/fasterxml/jackson/dataformat/jackson-dataformat-xml/2.9.0/jackson-dataformat-xml-2.9.0.jar:/home/user/.m2/repository/com/fasterxml/jackson/core/jackson-core/2.9.9/jackson-core-2.9.9.jar:/home/user/.m2/repository/com/fasterxml/jackson/module/jackson-module-jaxb-annotations/2.9.9/jackson-module-jaxb-annotations-2.9.9.jar:/home/user/.m2/repository/javax/enterprise/cdi-api/1.2/cdi-api-1.2.jar:/home/user/.m2/repository/javax/el/javax.el-api/3.0.0/javax.el-api-3.0.0.jar:/home/user/.m2/repository/javax/interceptor/javax.interceptor-api/1.2/javax.interceptor-api-1.2.jar:/home/user/.m2/repository/javax/inject/javax.inject/1/javax.inject-1.jar:/home/user/.m2/repository/com/sun/xml/bind/jaxb-impl/2.3.0.1/jaxb-impl-2.3.0.1.jar:/home/user/.m2/repository/com/sun/xml/bind/jaxb-core/2.3.0.1/jaxb-core-2.3.0.1.jar:/home/user/.m2/repository/javax/xml/bind/jaxb-api/2.3.0/jaxb-api-2.3.0.jar:/home/user/.m2/repository/javax/activation/activation/1.1.1/activation-1.1.1.jar:/home/user/.m2/repository/org/apache/hadoop/hadoop-ozone-csi/0.5.0-SNAPSHOT/hadoop-ozone-csi-0.5.0-SNAPSHOT.jar:/home/user/.m2/repository/com/google/protobuf/protobuf-java-util/3.5.1/protobuf-java-util-3.5.1.jar:/home/user/.m2/repository/org/apache/hadoop/hadoop-hdds-config/0.5.0-SNAPSHOT/hadoop-hdds-config-0.5.0-SNAPSHOT.jar:/home/user/.m2/repository/io/grpc/grpc-netty/1.17.1/grpc-netty-1.17.1.jar:/home/user/.m2/repository/io/grpc/grpc-core/1.17.1/grpc-core-1.17.1.jar:/home/user/.m2/repository/io/grpc/grpc-context/1.17.1/grpc-context-1.17.1.jar:/home/user/.m2/repository/com/google/errorprone/error_prone_annotations/2.2.0/error_prone_annotations-2.2.0.jar:/home/user/.m2/repository/org/codehaus/mojo/animal-sniffer-annotations/1.17/animal-sniffer-annotations-1.17.jar:/home/user/.m2/repository/io/opencensus/opencensus-api/0.17.0/opencensus-api-0.17.0.jar:/home/user/.m2/repository/io/opencensus/opencensus-contrib-grpc-metrics/0.17.0/opencensus-contrib-grpc-metrics-0.17.0.jar:/home/user/.m2/repository/io/netty/netty-codec-http2/4.1.30.Final/netty-codec-http2-4.1.30.Final.jar:/home/user/.m2/repository/io/netty/netty-codec-http/4.1.30.Final/netty-codec-http-4.1.30.Final.jar:/home/user/.m2/repository/io/netty/netty-codec/4.1.30.Final/netty-codec-4.1.30.Final.jar:/home/user/.m2/repository/io/netty/netty-handler/4.1.30.Final/netty-handler-4.1.30.Final.jar:/home/user/.m2/repository/io/netty/netty-handler-proxy/4.1.30.Final/netty-handler-proxy-4.1.30.Final.jar:/home/user/.m2/repository/io/netty/netty-codec-socks/4.1.30.Final/netty-codec-socks-4.1.30.Final.jar:/home/user/.m2/repository/io/netty/netty-transport-native-epoll/4.1.30.Final/netty-transport-native-epoll-4.1.30.Final.jar:/home/user/.m2/repository/io/netty/netty-common/4.1.30.Final/netty-common-4.1.30.Final.jar:/home/user/.m2/repository/io/netty/netty-buffer/4.1.30.Final/netty-buffer-4.1.30.Final.jar:/home/user/.m2/repository/io/netty/netty-transport/4.1.30.Final/netty-transport-4.1.30.Final.jar:/home/user/.m2/repository/io/netty/netty-resolver/4.1.30.Final/netty-resolver-4.1.30.Final.jar:/home/user/.m2/repository/io/netty/netty-transport-native-unix-common/4.1.30.Final/netty-transport-native-unix-common-4.1.30.Final.jar:/home/user/.m2/repository/io/grpc/grpc-protobuf/1.17.1/grpc-protobuf-1.17.1.jar:/home/user/.m2/repository/com/google/api/grpc/proto-google-common-protos/1.0.0/proto-google-common-protos-1.0.0.jar:/home/user/.m2/repository/io/grpc/grpc-protobuf-lite/1.17.1/grpc-protobuf-lite-1.17.1.jar:/home/user/.m2/repository/io/grpc/grpc-stub/1.17.1/grpc-stub-1.17.1.jar:/home/user/.m2/repository/org/apache/hadoop/hadoop-ozone-recon/0.5.0-SNAPSHOT/hadoop-ozone-recon-0.5.0-SNAPSHOT.jar:/home/user/.m2/repository/org/apache/hadoop/hadoop-ozone-reconcodegen/0.5.0-SNAPSHOT/hadoop-ozone-reconcodegen-0.5.0-SNAPSHOT.jar:/home/user/.m2/repository/com/google/inject/extensions/guice-multibindings/4.0/guice-multibindings-4.0.jar:/home/user/.m2/repository/com/google/inject/guice/4.0/guice-4.0.jar:/home/user/.m2/repository/aopalliance/aopalliance/1.0/aopalliance-1.0.jar:/home/user/.m2/repository/com/google/inject/extensions/guice-servlet/4.0/guice-servlet-4.0.jar:/home/user/.m2/repository/org/glassfish/jersey/containers/jersey-container-servlet/2.27/jersey-container-servlet-2.27.jar:/home/user/.m2/repository/org/glassfish/hk2/guice-bridge/2.5.0/guice-bridge-2.5.0.jar:/home/user/.m2/repository/org/glassfish/jersey/core/jersey-server/2.27/jersey-server-2.27.jar:/home/user/.m2/repository/org/glassfish/jersey/core/jersey-client/2.27/jersey-client-2.27.jar:/home/user/.m2/repository/org/glassfish/jersey/media/jersey-media-jaxb/2.27/jersey-media-jaxb-2.27.jar:/home/user/.m2/repository/javax/validation/validation-api/1.1.0.Final/validation-api-1.1.0.Final.jar:/home/user/.m2/repository/org/glassfish/jersey/media/jersey-media-json-jackson/2.27/jersey-media-json-jackson-2.27.jar:/home/user/.m2/repository/org/glassfish/jersey/ext/jersey-entity-filtering/2.27/jersey-entity-filtering-2.27.jar:/home/user/.m2/repository/com/google/inject/extensions/guice-assistedinject/4.0/guice-assistedinject-4.0.jar:/home/user/.m2/repository/org/jooq/jooq/3.11.10/jooq-3.11.10.jar:/home/user/.m2/repository/org/jooq/jooq-meta/3.11.10/jooq-meta-3.11.10.jar:/home/user/.m2/repository/org/jooq/jooq-codegen/3.11.10/jooq-codegen-3.11.10.jar:/home/user/.m2/repository/com/jolbox/bonecp/0.8.0.RELEASE/bonecp-0.8.0.RELEASE.jar:/home/user/.m2/repository/org/xerial/sqlite-jdbc/3.25.2/sqlite-jdbc-3.25.2.jar:/home/user/.m2/repository/org/springframework/spring-jdbc/5.1.3.RELEASE/spring-jdbc-5.1.3.RELEASE.jar:/home/user/.m2/repository/org/springframework/spring-beans/5.1.3.RELEASE/spring-beans-5.1.3.RELEASE.jar:/home/user/.m2/repository/org/springframework/spring-core/5.1.3.RELEASE/spring-core-5.1.3.RELEASE.jar:/home/user/.m2/repository/org/springframework/spring-jcl/5.1.3.RELEASE/spring-jcl-5.1.3.RELEASE.jar:/home/user/.m2/repository/org/springframework/spring-tx/5.1.3.RELEASE/spring-tx-5.1.3.RELEASE.jar:/home/user/.m2/repository/org/apache/hadoop/hadoop-ozone-client/0.5.0-SNAPSHOT/hadoop-ozone-client-0.5.0-SNAPSHOT.jar:/home/user/.m2/repository/commons-lang/commons-lang/2.6/commons-lang-2.6.jar:/home/user/.m2/repository/org/apache/hadoop/hadoop-ozone-ozone-manager/0.5.0-SNAPSHOT/hadoop-ozone-ozone-manager-0.5.0-SNAPSHOT-tests.jar:/home/user/.m2/repository/junit/junit/4.11/junit-4.11.jar:/home/user/.m2/repository/org/hamcrest/hamcrest-core/1.3/hamcrest-core-1.3.jar:/home/user/.m2/repository/org/openjdk/jmh/jmh-core/1.19/jmh-core-1.19.jar:/home/user/.m2/repository/net/sf/jopt-simple/jopt-simple/4.6/jopt-simple-4.6.jar:/home/user/.m2/repository/org/apache/commons/commons-math3/3.1.1/commons-math3-3.1.1.jar:/home/user/.m2/repository/org/openjdk/jmh/jmh-generator-annprocess/1.19/jmh-generator-annprocess-1.19.jar:/home/user/.m2/repository/org/mockito/mockito-all/1.8.5/mockito-all-1.8.5.jar:/home/user/.m2/repository/org/apache/hadoop/hadoop-kms/3.2.0/hadoop-kms-3.2.0.jar:/home/user/.m2/repository/org/apache/hadoop/hadoop-auth/3.2.0/hadoop-auth-3.2.0.jar:/home/user/.m2/repository/com/nimbusds/nimbus-jose-jwt/4.41.1/nimbus-jose-jwt-4.41.1.jar:/home/user/.m2/repository/com/github/stephenc/jcip/jcip-annotations/1.0-1/jcip-annotations-1.0-1.jar:/home/user/.m2/repository/net/minidev/json-smart/2.3/json-smart-2.3.jar:/home/user/.m2/repository/net/minidev/accessors-smart/1.2/accessors-smart-1.2.jar:/home/user/.m2/repository/org/ow2/asm/asm/5.0.4/asm-5.0.4.jar:/home/user/.m2/repository/org/apache/curator/curator-framework/2.12.0/curator-framework-2.12.0.jar:/home/user/.m2/repository/com/sun/jersey/jersey-core/1.19/jersey-core-1.19.jar:/home/user/.m2/repository/javax/ws/rs/jsr311-api/1.1.1/jsr311-api-1.1.1.jar:/home/user/.m2/repository/com/sun/jersey/jersey-server/1.19/jersey-server-1.19.jar:/home/user/.m2/repository/javax/servlet/javax.servlet-api/3.1.0/javax.servlet-api-3.1.0.jar:/home/user/.m2/repository/org/eclipse/jetty/jetty-server/9.3.25.v20180904/jetty-server-9.3.25.v20180904.jar:/home/user/.m2/repository/org/eclipse/jetty/jetty-http/9.3.25.v20180904/jetty-http-9.3.25.v20180904.jar:/home/user/.m2/repository/org/eclipse/jetty/jetty-io/9.3.25.v20180904/jetty-io-9.3.25.v20180904.jar:/home/user/.m2/repository/org/eclipse/jetty/jetty-webapp/9.3.25.v20180904/jetty-webapp-9.3.25.v20180904.jar:/home/user/.m2/repository/org/eclipse/jetty/jetty-xml/9.3.25.v20180904/jetty-xml-9.3.25.v20180904.jar:/home/user/.m2/repository/log4j/log4j/1.2.17/log4j-1.2.17.jar:/home/user/.m2/repository/org/slf4j/slf4j-api/1.7.25/slf4j-api-1.7.25.jar:/home/user/.m2/repository/org/slf4j/jul-to-slf4j/1.7.25/jul-to-slf4j-1.7.25.jar:/home/user/.m2/repository/org/eclipse/jetty/jetty-util/9.3.25.v20180904/jetty-util-9.3.25.v20180904.jar:/home/user/.m2/repository/com/fasterxml/jackson/core/jackson-databind/2.9.9/jackson-databind-2.9.9.jar:/home/user/.m2/repository/org/apache/hadoop/hadoop-kms/3.2.0/hadoop-kms-3.2.0-tests.jar:/home/user/.m2/repository/org/apache/hadoop/hadoop-hdds-server-scm/0.5.0-SNAPSHOT/hadoop-hdds-server-scm-0.5.0-SNAPSHOT-tests.jar:/home/user/.m2/repository/org/apache/hadoop/hadoop-hdds-container-service/0.5.0-SNAPSHOT/hadoop-hdds-container-service-0.5.0-SNAPSHOT-tests.jar:/home/user/.m2/repository/org/yaml/snakeyaml/1.16/snakeyaml-1.16.jar:/home/user/.m2/repository/org/apache/hadoop/hadoop-common/3.2.0/hadoop-common-3.2.0-tests.jar:/home/user/.m2/repository/org/apache/hadoop/hadoop-annotations/3.2.0/hadoop-annotations-3.2.0.jar:/usr/lib/jvm/java-1.8.0-openjdk-1.8.0.222.b10-1.el7_7.x86_64/jre/../lib/tools.jar:/home/user/.m2/repository/commons-cli/commons-cli/1.2/commons-cli-1.2.jar:/home/user/.m2/repository/org/apache/httpcomponents/httpclient/4.5.2/httpclient-4.5.2.jar:/home/user/.m2/repository/org/apache/httpcomponents/httpcore/4.4.4/httpcore-4.4.4.jar:/home/user/.m2/repository/commons-codec/commons-codec/1.11/commons-codec-1.11.jar:/home/user/.m2/repository/commons-net/commons-net/3.6/commons-net-3.6.jar:/home/user/.m2/repository/commons-collections/commons-collections/3.2.2/commons-collections-3.2.2.jar:/home/user/.m2/repository/org/eclipse/jetty/jetty-servlet/9.3.25.v20180904/jetty-servlet-9.3.25.v20180904.jar:/home/user/.m2/repository/org/eclipse/jetty/jetty-security/9.3.25.v20180904/jetty-security-9.3.25.v20180904.jar:/home/user/.m2/repository/javax/servlet/jsp/jsp-api/2.1/jsp-api-2.1.jar:/home/user/.m2/repository/com/sun/jersey/jersey-servlet/1.19/jersey-servlet-1.19.jar:/home/user/.m2/repository/com/sun/jersey/jersey-json/1.19/jersey-json-1.19.jar:/home/user/.m2/repository/org/codehaus/jettison/jettison/1.1/jettison-1.1.jar:/home/user/.m2/repository/org/codehaus/jackson/jackson-core-asl/1.9.13/jackson-core-asl-1.9.13.jar:/home/user/.m2/repository/org/codehaus/jackson/jackson-mapper-asl/1.9.13/jackson-mapper-asl-1.9.13.jar:/home/user/.m2/repository/org/codehaus/jackson/jackson-jaxrs/1.9.13/jackson-jaxrs-1.9.13.jar:/home/user/.m2/repository/org/codehaus/jackson/jackson-xc/1.9.13/jackson-xc-1.9.13.jar:/home/user/.m2/repository/commons-logging/commons-logging/1.1.3/commons-logging-1.1.3.jar:/home/user/.m2/repository/commons-beanutils/commons-beanutils/1.9.4/commons-beanutils-1.9.4.jar:/home/user/.m2/repository/org/apache/commons/commons-configuration2/2.1.1/commons-configuration2-2.1.1.jar:/home/user/.m2/repository/org/apache/commons/commons-lang3/3.7/commons-lang3-3.7.jar:/home/user/.m2/repository/org/apache/commons/commons-text/1.4/commons-text-1.4.jar:/home/user/.m2/repository/org/apache/avro/avro/1.7.7/avro-1.7.7.jar:/home/user/.m2/repository/com/thoughtworks/paranamer/paranamer/2.3/paranamer-2.3.jar:/home/user/.m2/repository/org/xerial/snappy/snappy-java/1.0.5/snappy-java-1.0.5.jar:/home/user/.m2/repository/com/google/re2j/re2j/1.1/re2j-1.1.jar:/home/user/.m2/repository/com/google/code/gson/gson/2.2.4/gson-2.2.4.jar:/home/user/.m2/repository/com/jcraft/jsch/0.1.54/jsch-0.1.54.jar:/home/user/.m2/repository/org/apache/curator/curator-client/2.12.0/curator-client-2.12.0.jar:/home/user/.m2/repository/org/apache/curator/curator-recipes/2.12.0/curator-recipes-2.12.0.jar:/home/user/.m2/repository/com/google/code/findbugs/jsr305/3.0.0/jsr305-3.0.0.jar:/home/user/.m2/repository/org/apache/htrace/htrace-core4/4.1.0-incubating/htrace-core4-4.1.0-incubating.jar:/home/user/.m2/repository/org/apache/zookeeper/zookeeper/3.4.13/zookeeper-3.4.13.jar:/home/user/.m2/repository/jline/jline/0.9.94/jline-0.9.94.jar:/home/user/.m2/repository/org/apache/yetus/audience-annotations/0.5.0/audience-annotations-0.5.0.jar:/home/user/.m2/repository/org/codehaus/woodstox/stax2-api/3.1.4/stax2-api-3.1.4.jar:/home/user/.m2/repository/com/fasterxml/woodstox/woodstox-core/5.0.3/woodstox-core-5.0.3.jar:/home/user/.m2/repository/dnsjava/dnsjava/2.1.7/dnsjava-2.1.7.jar:/home/user/.m2/repository/org/apache/hadoop/hadoop-hdfs/3.2.0/hadoop-hdfs-3.2.0-tests.jar:/home/user/.m2/repository/org/eclipse/jetty/jetty-util-ajax/9.3.25.v20180904/jetty-util-ajax-9.3.25.v20180904.jar:/home/user/.m2/repository/commons-daemon/commons-daemon/1.0.13/commons-daemon-1.0.13.jar:/home/user/.m2/repository/io/netty/netty/3.10.5.Final/netty-3.10.5.Final.jar:/home/user/.m2/repository/io/netty/netty-all/4.0.52.Final/netty-all-4.0.52.Final.jar:/home/user/.m2/repository/org/fusesource/leveldbjni/leveldbjni-all/1.8/leveldbjni-all-1.8.jar:"/>
    <property name="sun.cpu.endian" value="little"/>
    <property name="user.home" value="/home/user"/>
    <property name="user.language" value="en"/>
    <property name="java.specification.vendor" value="Oracle Corporation"/>
    <property name="java.home" value="/usr/lib/jvm/java-1.8.0-openjdk-1.8.0.222.b10-1.el7_7.x86_64/jre"/>
    <property name="surefire.excludesFile" value="/tools/ozone-bad-unit-tests"/>
    <property name="java.security.krb5.conf" value="/workdir/hadoop-ozone/integration-test/target/test-classes/krb5.conf"/>
    <property name="basedir" value="/workdir/hadoop-ozone/integration-test"/>
    <property name="file.separator" value="/"/>
    <property name="line.separator" value="&#10;"/>
    <property name="java.vm.specification.vendor" value="Oracle Corporation"/>
    <property name="java.specification.name" value="Java Platform API Specification"/>
    <property name="java.awt.graphicsenv" value="sun.awt.X11GraphicsEnvironment"/>
    <property name="surefire.real.class.path" value="/workdir/hadoop-ozone/integration-test/target/surefire/surefirebooter6112957339882093581.jar"/>
    <property name="hadoop.log.dir" value="/workdir/hadoop-ozone/integration-test/target/log"/>
    <property name="sun.boot.class.path" value="/usr/lib/jvm/java-1.8.0-openjdk-1.8.0.222.b10-1.el7_7.x86_64/jre/lib/resources.jar:/usr/lib/jvm/java-1.8.0-openjdk-1.8.0.222.b10-1.el7_7.x86_64/jre/lib/rt.jar:/usr/lib/jvm/java-1.8.0-openjdk-1.8.0.222.b10-1.el7_7.x86_64/jre/lib/sunrsasign.jar:/usr/lib/jvm/java-1.8.0-openjdk-1.8.0.222.b10-1.el7_7.x86_64/jre/lib/jsse.jar:/usr/lib/jvm/java-1.8.0-openjdk-1.8.0.222.b10-1.el7_7.x86_64/jre/lib/jce.jar:/usr/lib/jvm/java-1.8.0-openjdk-1.8.0.222.b10-1.el7_7.x86_64/jre/lib/charsets.jar:/usr/lib/jvm/java-1.8.0-openjdk-1.8.0.222.b10-1.el7_7.x86_64/jre/lib/jfr.jar:/usr/lib/jvm/java-1.8.0-openjdk-1.8.0.222.b10-1.el7_7.x86_64/jre/classes"/>
    <property name="sun.management.compiler" value="HotSpot 64-Bit Tiered Compilers"/>
    <property name="java.runtime.version" value="1.8.0_222-b10"/>
    <property name="java.net.preferIPv4Stack" value="true"/>
    <property name="user.name" value="jenkins1000"/>
    <property name="path.separator" value=":"/>
    <property name="java.security.egd" value="file:///dev/urandom"/>
    <property name="os.version" value="3.10.0-957.12.2.el7.x86_64"/>
    <property name="java.endorsed.dirs" value="/usr/lib/jvm/java-1.8.0-openjdk-1.8.0.222.b10-1.el7_7.x86_64/jre/lib/endorsed"/>
    <property name="java.runtime.name" value="OpenJDK Runtime Environment"/>
    <property name="file.encoding" value="ANSI_X3.4-1968"/>
    <property name="java.vm.name" value="OpenJDK 64-Bit Server VM"/>
    <property name="test.build.webapps" value=""/>
    <property name="localRepository" value="/home/user/.m2/repository"/>
    <property name="java.vendor.url.bug" value="http://bugreport.sun.com/bugreport/"/>
    <property name="java.io.tmpdir" value="/tmp"/>
    <property name="require.test.libhadoop" value=""/>
    <property name="java.version" value="1.8.0_222"/>
    <property name="user.dir" value="/workdir/hadoop-ozone/integration-test"/>
    <property name="os.arch" value="amd64"/>
    <property name="java.vm.specification.name" value="Java Virtual Machine Specification"/>
    <property name="test.build.classes" value="/workdir/hadoop-ozone/integration-test/target/test-classes"/>
    <property name="java.awt.printerjob" value="sun.print.PSPrinterJob"/>
    <property name="sun.os.patch.level" value="unknown"/>
    <property name="hadoop.tmp.dir" value="/workdir/hadoop-ozone/integration-test/target/tmp"/>
    <property name="java.library.path" value="/usr/lib:/workdir/hadoop-ozone/integration-test/target/native/target/usr/local/lib:/workdir/hadoop-ozone/integration-test/../../hadoop-common-project/hadoop-common/target/native/target/usr/local/lib:/usr/java/packages/lib/amd64:/usr/lib64:/lib64:/lib:/usr/lib"/>
    <property name="java.vm.info" value="mixed mode"/>
    <property name="java.vendor" value="Oracle Corporation"/>
    <property name="java.vm.version" value="25.222-b10"/>
    <property name="java.ext.dirs" value="/usr/lib/jvm/java-1.8.0-openjdk-1.8.0.222.b10-1.el7_7.x86_64/jre/lib/ext:/usr/java/packages/lib/ext"/>
    <property name="sun.io.unicode.encoding" value="UnicodeLittle"/>
    <property name="java.class.version" value="52.0"/>
  </properties>
  <testcase name="test" classname="org.apache.hadoop.ozone.scm.TestSCMContainerPlacementPolicyMetrics" time="82.007">
    <error message="test timed out after 60000 milliseconds" type="java.lang.Exception">java.lang.Exception: test timed out after 60000 milliseconds
	at sun.misc.Unsafe.park(Native Method)
	at java.util.concurrent.locks.LockSupport.park(LockSupport.java:175)
	at java.util.concurrent.CompletableFuture$Signaller.block(CompletableFuture.java:1693)
	at java.util.concurrent.ForkJoinPool.managedBlock(ForkJoinPool.java:3323)
	at java.util.concurrent.CompletableFuture.waitingGet(CompletableFuture.java:1729)
	at java.util.concurrent.CompletableFuture.get(CompletableFuture.java:1895)
	at org.apache.hadoop.hdds.scm.storage.BlockOutputStream.waitOnFlushFutures(BlockOutputStream.java:518)
	at org.apache.hadoop.hdds.scm.storage.BlockOutputStream.handleFlush(BlockOutputStream.java:481)
	at org.apache.hadoop.hdds.scm.storage.BlockOutputStream.close(BlockOutputStream.java:496)
	at org.apache.hadoop.ozone.client.io.BlockOutputStreamEntry.close(BlockOutputStreamEntry.java:143)
	at org.apache.hadoop.ozone.client.io.KeyOutputStream.handleFlushOrClose(KeyOutputStream.java:435)
	at org.apache.hadoop.ozone.client.io.KeyOutputStream.close(KeyOutputStream.java:473)
	at org.apache.hadoop.ozone.client.io.OzoneOutputStream.close(OzoneOutputStream.java:60)
	at org.apache.hadoop.ozone.scm.TestSCMContainerPlacementPolicyMetrics.test(TestSCMContainerPlacementPolicyMetrics.java:112)
	at sun.reflect.NativeMethodAccessorImpl.invoke0(Native Method)
	at sun.reflect.NativeMethodAccessorImpl.invoke(NativeMethodAccessorImpl.java:62)
	at sun.reflect.DelegatingMethodAccessorImpl.invoke(DelegatingMethodAccessorImpl.java:43)
	at java.lang.reflect.Method.invoke(Method.java:498)
	at org.junit.runners.model.FrameworkMethod$1.runReflectiveCall(FrameworkMethod.java:47)
	at org.junit.internal.runners.model.ReflectiveCallable.run(ReflectiveCallable.java:12)
	at org.junit.runners.model.FrameworkMethod.invokeExplosively(FrameworkMethod.java:44)
	at org.junit.internal.runners.statements.InvokeMethod.evaluate(InvokeMethod.java:17)
	at org.junit.internal.runners.statements.FailOnTimeout$StatementThread.run(FailOnTimeout.java:74)
</error>
    <system-out><![CDATA[2019-10-17 21:15:17,675 [main] WARN  server.ServerUtils (ServerUtils.java:getScmDbDir(145)) - ozone.scm.db.dirs is not configured. We recommend adding this setting. Falling back to ozone.metadata.dirs instead.
2019-10-17 21:15:17,789 [main] WARN  server.ServerUtils (ServerUtils.java:getScmDbDir(145)) - ozone.scm.db.dirs is not configured. We recommend adding this setting. Falling back to ozone.metadata.dirs instead.
2019-10-17 21:15:17,793 [main] WARN  server.ServerUtils (ServerUtils.java:getScmDbDir(145)) - ozone.scm.db.dirs is not configured. We recommend adding this setting. Falling back to ozone.metadata.dirs instead.
2019-10-17 21:15:17,821 [main] INFO  util.log (Log.java:initialized(192)) - Logging initialized @874ms
2019-10-17 21:15:17,917 [main] INFO  db.DBStoreBuilder (DBStoreBuilder.java:addTable(117)) - using custom profile for table: deletedBlocks
2019-10-17 21:15:17,917 [main] INFO  db.DBStoreBuilder (DBStoreBuilder.java:processTables(168)) - Using default column profile:DBProfile.DISK for Table:deletedBlocks
2019-10-17 21:15:17,918 [main] INFO  db.DBStoreBuilder (DBStoreBuilder.java:addTable(117)) - using custom profile for table: validCerts
2019-10-17 21:15:17,918 [main] INFO  db.DBStoreBuilder (DBStoreBuilder.java:processTables(168)) - Using default column profile:DBProfile.DISK for Table:validCerts
2019-10-17 21:15:17,918 [main] INFO  db.DBStoreBuilder (DBStoreBuilder.java:addTable(117)) - using custom profile for table: revokedCerts
2019-10-17 21:15:17,919 [main] INFO  db.DBStoreBuilder (DBStoreBuilder.java:processTables(168)) - Using default column profile:DBProfile.DISK for Table:revokedCerts
2019-10-17 21:15:17,930 [main] INFO  db.DBStoreBuilder (DBStoreBuilder.java:addTable(117)) - using custom profile for table: default
2019-10-17 21:15:17,930 [main] INFO  db.DBStoreBuilder (DBStoreBuilder.java:processTables(174)) - Using default column profile:DBProfile.DISK for Table:default
2019-10-17 21:15:17,931 [main] INFO  db.DBStoreBuilder (DBStoreBuilder.java:getDbProfile(205)) - Using default options. DBProfile.DISK
2019-10-17 21:15:18,190 [main] INFO  net.NodeSchemaLoader (NodeSchemaLoader.java:loadSchemaFromFile(125)) - Loading file from sun.misc.CompoundEnumeration@75d4a5c2
2019-10-17 21:15:18,192 [main] INFO  net.NodeSchemaLoader (NodeSchemaLoader.java:loadSchema(171)) - Loading network topology layer schema file
2019-10-17 21:15:18,248 [main] WARN  server.ServerUtils (ServerUtils.java:sanitizeUserArgs(70)) - ozone.scm.stale.node.interval value = 300000 is larger than max = 100000 based on the key value of ozone.scm.heartbeat.thread.interval, reset to the max value 100000.
2019-10-17 21:15:18,250 [main] WARN  server.ServerUtils (ServerUtils.java:sanitizeUserArgs(70)) - ozone.scm.stale.node.interval value = 300000 is larger than max = 100000 based on the key value of ozone.scm.heartbeat.thread.interval, reset to the max value 100000.
2019-10-17 21:15:18,252 [main] INFO  node.SCMNodeManager (SCMNodeManager.java:<init>(116)) - Entering startup safe mode.
2019-10-17 21:15:18,308 [main] INFO  Configuration.deprecation (Configuration.java:logDeprecation(1394)) - hadoop.configured.node.mapping is deprecated. Instead, use net.topology.configured.node.mapping
2019-10-17 21:15:18,312 [main] INFO  algorithms.ContainerPlacementPolicyFactory (ContainerPlacementPolicyFactory.java:getPolicy(57)) - Create container placement policy of type org.apache.hadoop.hdds.scm.container.placement.algorithms.SCMContainerPlacementRackAware
2019-10-17 21:15:18,325 [main] WARN  server.ServerUtils (ServerUtils.java:getScmDbDir(145)) - ozone.scm.db.dirs is not configured. We recommend adding this setting. Falling back to ozone.metadata.dirs instead.
2019-10-17 21:15:18,418 [main] INFO  pipeline.SCMPipelineManager (SCMPipelineManager.java:initializePipelineState(132)) - No pipeline exists in current db
2019-10-17 21:15:18,422 [main] WARN  server.ServerUtils (ServerUtils.java:getScmDbDir(145)) - ozone.scm.db.dirs is not configured. We recommend adding this setting. Falling back to ozone.metadata.dirs instead.
2019-10-17 21:15:18,547 [main] WARN  events.EventQueue (EventQueue.java:fireEvent(183)) - No event handler registered for event TypedEvent{payloadType=SafeModeStatus, name='SafeModeStatus'}
2019-10-17 21:15:18,928 [main] INFO  ipc.CallQueueManager (CallQueueManager.java:<init>(84)) - Using callQueue: class java.util.concurrent.LinkedBlockingQueue, queueCapacity: 2000, scheduler: class org.apache.hadoop.ipc.DefaultRpcScheduler, ipcBackoff: false.
2019-10-17 21:15:18,953 [Socket Reader #1 for port 37821] INFO  ipc.Server (Server.java:run(1074)) - Starting Socket Reader #1 for port 37821
2019-10-17 21:15:19,091 [main] INFO  ipc.CallQueueManager (CallQueueManager.java:<init>(84)) - Using callQueue: class java.util.concurrent.LinkedBlockingQueue, queueCapacity: 2000, scheduler: class org.apache.hadoop.ipc.DefaultRpcScheduler, ipcBackoff: false.
2019-10-17 21:15:19,092 [Socket Reader #1 for port 34201] INFO  ipc.Server (Server.java:run(1074)) - Starting Socket Reader #1 for port 34201
2019-10-17 21:15:19,101 [main] INFO  ipc.CallQueueManager (CallQueueManager.java:<init>(84)) - Using callQueue: class java.util.concurrent.LinkedBlockingQueue, queueCapacity: 2000, scheduler: class org.apache.hadoop.ipc.DefaultRpcScheduler, ipcBackoff: false.
2019-10-17 21:15:19,102 [Socket Reader #1 for port 35268] INFO  ipc.Server (Server.java:run(1074)) - Starting Socket Reader #1 for port 35268
2019-10-17 21:15:19,126 [main] INFO  hdfs.DFSUtil (DFSUtil.java:httpServerTemplateForNNAndJN(1641)) - Starting Web-server for scm at: http://0.0.0.0:0
2019-10-17 21:15:19,307 [main] INFO  server.AuthenticationFilter (AuthenticationFilter.java:constructSecretProvider(240)) - Unable to initialize FileSignerSecretProvider, falling back to use random secrets.
2019-10-17 21:15:19,315 [main] WARN  http.HttpRequestLog (HttpRequestLog.java:getRequestLog(97)) - Jetty request log can only be enabled using Log4j
2019-10-17 21:15:19,324 [main] INFO  http.HttpServer2 (HttpServer2.java:addGlobalFilter(975)) - Added global filter 'safety' (class=org.apache.hadoop.http.HttpServer2$QuotingInputFilter)
2019-10-17 21:15:19,327 [main] INFO  http.HttpServer2 (HttpServer2.java:addFilter(948)) - Added filter static_user_filter (class=org.apache.hadoop.http.lib.StaticUserWebFilter$StaticUserFilter) to context scm
2019-10-17 21:15:19,327 [main] INFO  http.HttpServer2 (HttpServer2.java:addFilter(958)) - Added filter static_user_filter (class=org.apache.hadoop.http.lib.StaticUserWebFilter$StaticUserFilter) to context logs
2019-10-17 21:15:19,327 [main] INFO  http.HttpServer2 (HttpServer2.java:addFilter(958)) - Added filter static_user_filter (class=org.apache.hadoop.http.lib.StaticUserWebFilter$StaticUserFilter) to context static
2019-10-17 21:15:19,360 [main] INFO  server.StorageContainerManager (StorageContainerManager.java:start(772)) - StorageContainerLocationProtocol RPC server is listening at /0.0.0.0:35268
2019-10-17 21:15:19,425 [main] WARN  impl.MetricsConfig (MetricsConfig.java:loadFirst(134)) - Cannot locate configuration: tried hadoop-metrics2-storagecontainermanager.properties,hadoop-metrics2.properties
2019-10-17 21:15:19,438 [main] INFO  impl.MetricsSystemImpl (MetricsSystemImpl.java:startTimer(374)) - Scheduled Metric snapshot period at 10 second(s).
2019-10-17 21:15:19,438 [main] INFO  impl.MetricsSystemImpl (MetricsSystemImpl.java:start(191)) - StorageContainerManager metrics system started
2019-10-17 21:15:19,673 [main] INFO  server.SCMClientProtocolServer (SCMClientProtocolServer.java:start(159)) - RPC server for Client  is listening at /0.0.0.0:35268
2019-10-17 21:15:19,674 [IPC Server Responder] INFO  ipc.Server (Server.java:run(1314)) - IPC Server Responder: starting
2019-10-17 21:15:19,674 [IPC Server listener on 35268] INFO  ipc.Server (Server.java:run(1153)) - IPC Server listener on 35268: starting
2019-10-17 21:15:19,677 [main] INFO  server.StorageContainerManager (StorageContainerManager.java:start(782)) - ScmBlockLocationProtocol RPC server is listening at /0.0.0.0:34201
2019-10-17 21:15:19,678 [main] INFO  server.SCMBlockProtocolServer (SCMBlockProtocolServer.java:start(146)) - RPC server for Block Protocol is listening at /0.0.0.0:34201
2019-10-17 21:15:19,679 [IPC Server Responder] INFO  ipc.Server (Server.java:run(1314)) - IPC Server Responder: starting
2019-10-17 21:15:19,679 [IPC Server listener on 34201] INFO  ipc.Server (Server.java:run(1153)) - IPC Server listener on 34201: starting
2019-10-17 21:15:19,681 [main] INFO  server.StorageContainerManager (StorageContainerManager.java:start(786)) - ScmDatanodeProtocl RPC server is listening at /0.0.0.0:37821
2019-10-17 21:15:19,682 [main] INFO  server.SCMDatanodeProtocolServer (SCMDatanodeProtocolServer.java:start(169)) - RPC server for DataNodes is listening at /0.0.0.0:37821
2019-10-17 21:15:19,683 [IPC Server Responder] INFO  ipc.Server (Server.java:run(1314)) - IPC Server Responder: starting
2019-10-17 21:15:19,683 [IPC Server listener on 37821] INFO  ipc.Server (Server.java:run(1153)) - IPC Server listener on 37821: starting
2019-10-17 21:15:19,686 [main] INFO  http.HttpServer2 (HttpServer2.java:bindListener(1191)) - Jetty bound to port 35737
2019-10-17 21:15:19,688 [main] INFO  server.Server (Server.java:doStart(351)) - jetty-9.3.25.v20180904, build timestamp: 2018-09-04T21:11:46Z, git hash: 3ce520221d0240229c862b122d2b06c12a625732
2019-10-17 21:15:19,728 [main] INFO  handler.ContextHandler (ContextHandler.java:doStart(781)) - Started o.e.j.s.ServletContextHandler@a43ce46{/logs,file:///workdir/hadoop-ozone/integration-test/target/log,AVAILABLE}
2019-10-17 21:15:19,729 [main] INFO  handler.ContextHandler (ContextHandler.java:doStart(781)) - Started o.e.j.s.ServletContextHandler@424ebba3{/static,file:///workdir/hadoop-ozone/integration-test/target/test-classes/webapps/static,AVAILABLE}
2019-10-17 21:15:19,762 [main] INFO  handler.ContextHandler (ContextHandler.java:doStart(781)) - Started o.e.j.w.WebAppContext@7fb9f71f{/,file:///workdir/hadoop-ozone/integration-test/target/test-classes/webapps/scm/,AVAILABLE}{/scm}
2019-10-17 21:15:19,767 [main] INFO  server.AbstractConnector (AbstractConnector.java:doStart(278)) - Started ServerConnector@407cf41{HTTP/1.1,[http/1.1]}{0.0.0.0:35737}
2019-10-17 21:15:19,768 [main] INFO  server.Server (Server.java:doStart(419)) - Started @2821ms
2019-10-17 21:15:19,770 [main] INFO  impl.MetricsSinkAdapter (MetricsSinkAdapter.java:start(204)) - Sink prometheus started
2019-10-17 21:15:19,770 [main] INFO  impl.MetricsSystemImpl (MetricsSystemImpl.java:registerSink(301)) - Registered sink prometheus
2019-10-17 21:15:19,772 [main] INFO  server.BaseHttpServer (BaseHttpServer.java:updateConnectorAddress(215)) - HTTP server of SCM is listening at http://0.0.0.0:35737
2019-10-17 21:15:19,779 [org.apache.hadoop.util.JvmPauseMonitor$Monitor@5922ae77] INFO  util.JvmPauseMonitor (JvmPauseMonitor.java:run(188)) - Starting JVM pause monitor
2019-10-17 21:15:19,783 [main] WARN  server.ServerUtils (ServerUtils.java:getDBPath(222)) - ozone.om.db.dirs is not configured. We recommend adding this setting. Falling back to ozone.metadata.dirs instead.
2019-10-17 21:15:20,128 [main] INFO  ha.OMHANodeDetails (OMHANodeDetails.java:loadOMHAConfig(190)) - Configuration either no ozone.om.address set. Falling back to the default OM address /127.0.0.1:0
2019-10-17 21:15:20,129 [main] INFO  ha.OMHANodeDetails (OMHANodeDetails.java:getOMNodeDetails(220)) - OM Service ID is not set. Setting it to the default ID: omServiceIdDefault
2019-10-17 21:15:20,130 [main] WARN  server.ServerUtils (ServerUtils.java:getDBPath(222)) - ozone.om.db.dirs is not configured. We recommend adding this setting. Falling back to ozone.metadata.dirs instead.
2019-10-17 21:15:20,131 [main] WARN  server.ServerUtils (ServerUtils.java:getDBPath(222)) - ozone.om.db.dirs is not configured. We recommend adding this setting. Falling back to ozone.metadata.dirs instead.
2019-10-17 21:15:20,805 [main] WARN  server.ServerUtils (ServerUtils.java:getDBPath(222)) - ozone.om.db.dirs is not configured. We recommend adding this setting. Falling back to ozone.metadata.dirs instead.
2019-10-17 21:15:20,814 [main] INFO  db.DBStoreBuilder (DBStoreBuilder.java:addTable(117)) - using custom profile for table: userTable
2019-10-17 21:15:20,814 [main] INFO  db.DBStoreBuilder (DBStoreBuilder.java:processTables(168)) - Using default column profile:DBProfile.DISK for Table:userTable
2019-10-17 21:15:20,814 [main] INFO  db.DBStoreBuilder (DBStoreBuilder.java:addTable(117)) - using custom profile for table: volumeTable
2019-10-17 21:15:20,814 [main] INFO  db.DBStoreBuilder (DBStoreBuilder.java:processTables(168)) - Using default column profile:DBProfile.DISK for Table:volumeTable
2019-10-17 21:15:20,815 [main] INFO  db.DBStoreBuilder (DBStoreBuilder.java:addTable(117)) - using custom profile for table: bucketTable
2019-10-17 21:15:20,815 [main] INFO  db.DBStoreBuilder (DBStoreBuilder.java:processTables(168)) - Using default column profile:DBProfile.DISK for Table:bucketTable
2019-10-17 21:15:20,815 [main] INFO  db.DBStoreBuilder (DBStoreBuilder.java:addTable(117)) - using custom profile for table: keyTable
2019-10-17 21:15:20,815 [main] INFO  db.DBStoreBuilder (DBStoreBuilder.java:processTables(168)) - Using default column profile:DBProfile.DISK for Table:keyTable
2019-10-17 21:15:20,816 [main] INFO  db.DBStoreBuilder (DBStoreBuilder.java:addTable(117)) - using custom profile for table: deletedTable
2019-10-17 21:15:20,816 [main] INFO  db.DBStoreBuilder (DBStoreBuilder.java:processTables(168)) - Using default column profile:DBProfile.DISK for Table:deletedTable
2019-10-17 21:15:20,816 [main] INFO  db.DBStoreBuilder (DBStoreBuilder.java:addTable(117)) - using custom profile for table: openKeyTable
2019-10-17 21:15:20,816 [main] INFO  db.DBStoreBuilder (DBStoreBuilder.java:processTables(168)) - Using default column profile:DBProfile.DISK for Table:openKeyTable
2019-10-17 21:15:20,816 [main] INFO  db.DBStoreBuilder (DBStoreBuilder.java:addTable(117)) - using custom profile for table: s3Table
2019-10-17 21:15:20,817 [main] INFO  db.DBStoreBuilder (DBStoreBuilder.java:processTables(168)) - Using default column profile:DBProfile.DISK for Table:s3Table
2019-10-17 21:15:20,817 [main] INFO  db.DBStoreBuilder (DBStoreBuilder.java:addTable(117)) - using custom profile for table: multipartInfoTable
2019-10-17 21:15:20,817 [main] INFO  db.DBStoreBuilder (DBStoreBuilder.java:processTables(168)) - Using default column profile:DBProfile.DISK for Table:multipartInfoTable
2019-10-17 21:15:20,817 [main] INFO  db.DBStoreBuilder (DBStoreBuilder.java:addTable(117)) - using custom profile for table: dTokenTable
2019-10-17 21:15:20,818 [main] INFO  db.DBStoreBuilder (DBStoreBuilder.java:processTables(168)) - Using default column profile:DBProfile.DISK for Table:dTokenTable
2019-10-17 21:15:20,818 [main] INFO  db.DBStoreBuilder (DBStoreBuilder.java:addTable(117)) - using custom profile for table: s3SecretTable
2019-10-17 21:15:20,818 [main] INFO  db.DBStoreBuilder (DBStoreBuilder.java:processTables(168)) - Using default column profile:DBProfile.DISK for Table:s3SecretTable
2019-10-17 21:15:20,818 [main] INFO  db.DBStoreBuilder (DBStoreBuilder.java:addTable(117)) - using custom profile for table: prefixTable
2019-10-17 21:15:20,819 [main] INFO  db.DBStoreBuilder (DBStoreBuilder.java:processTables(168)) - Using default column profile:DBProfile.DISK for Table:prefixTable
2019-10-17 21:15:20,819 [main] INFO  db.DBStoreBuilder (DBStoreBuilder.java:addTable(117)) - using custom profile for table: default
2019-10-17 21:15:20,819 [main] INFO  db.DBStoreBuilder (DBStoreBuilder.java:processTables(174)) - Using default column profile:DBProfile.DISK for Table:default
2019-10-17 21:15:20,819 [main] INFO  db.DBStoreBuilder (DBStoreBuilder.java:getDbProfile(205)) - Using default options. DBProfile.DISK
2019-10-17 21:15:21,163 [main] WARN  scm.HddsServerUtil (HddsServerUtil.java:getDefaultRatisDirectory(354)) - Storage directory for Ratis is not configured. It is a good idea to map this to an SSD disk. Falling back to ozone.metadata.dirs
2019-10-17 21:15:21,195 [main] INFO  ratis.OzoneManagerRatisServer (OzoneManagerRatisServer.java:<init>(243)) - Instantiating OM Ratis server with GroupID: omServiceIdDefault and Raft Peers: localhost:9872
2019-10-17 21:15:21,227 [main] INFO  impl.RaftServerProxy (ConfUtils.java:logGet(43)) - raft.rpc.type = GRPC (default)
2019-10-17 21:15:21,460 [main] INFO  grpc.GrpcFactory (GrpcFactory.java:checkPooledByteBufAllocatorUseCacheForAllThreads(45)) - PERFORMANCE WARNING: useCacheForAllThreads is true that may cause Netty to create a lot garbage objects and, as a result, trigger GC.
	It is recommended to disable useCacheForAllThreads by setting -Dorg.apache.ratis.thirdparty.io.netty.allocator.useCacheForAllThreads=false in command line.
2019-10-17 21:15:21,466 [main] INFO  grpc.GrpcConfigKeys$Server (ConfUtils.java:logGet(43)) - raft.grpc.server.port = 9872 (custom)
2019-10-17 21:15:21,468 [main] INFO  server.GrpcService (ConfUtils.java:logGet(43)) - raft.grpc.message.size.max = 33554432 (custom)
2019-10-17 21:15:21,469 [main] INFO  server.RaftServerConfigKeys (ConfUtils.java:logGet(43)) - raft.server.log.appender.buffer.byte-limit = 33554432 (custom)
2019-10-17 21:15:21,470 [main] INFO  server.GrpcService (ConfUtils.java:logGet(43)) - raft.grpc.flow.control.window = 1MB (=1048576) (default)
2019-10-17 21:15:21,471 [main] INFO  server.RaftServerConfigKeys (ConfUtils.java:logGet(43)) - raft.server.rpc.request.timeout = 3000ms (default)
2019-10-17 21:15:21,633 [main] INFO  server.RaftServerConfigKeys (ConfUtils.java:logGet(43)) - raft.server.storage.dir = [/workdir/hadoop-ozone/integration-test/target/test-dir/MiniOzoneClusterImpl-b9b5409c-d29d-4233-95df-efa4b45819dc/ozone-meta/ratis] (custom)
2019-10-17 21:15:21,640 [main] INFO  impl.RaftServerProxy (RaftServerProxy.java:addNew(89)) - 269b3a8f-c976-4744-bd50-57f338f48d60: addNew group-C5BA1605619E:[269b3a8f-c976-4744-bd50-57f338f48d60:localhost:9872] returns group-C5BA1605619E:java.util.concurrent.CompletableFuture@69fa8e76[Not completed]
2019-10-17 21:15:21,642 [main] INFO  om.OzoneManager (OzoneManager.java:initializeRatisServer(1220)) - OzoneManager Ratis server initialized at port 9872
2019-10-17 21:15:21,644 [main] WARN  scm.HddsServerUtil (HddsServerUtil.java:getDefaultRatisDirectory(354)) - Storage directory for Ratis is not configured. It is a good idea to map this to an SSD disk. Falling back to ozone.metadata.dirs
2019-10-17 21:15:21,645 [main] WARN  scm.HddsServerUtil (HddsServerUtil.java:getDefaultRatisDirectory(354)) - Storage directory for Ratis is not configured. It is a good idea to map this to an SSD disk. Falling back to ozone.metadata.dirs
2019-10-17 21:15:21,653 [pool-22-thread-1] INFO  impl.RaftServerImpl (RaftServerImpl.java:<init>(104)) - 269b3a8f-c976-4744-bd50-57f338f48d60: new RaftServerImpl for group-C5BA1605619E:[269b3a8f-c976-4744-bd50-57f338f48d60:localhost:9872] with OzoneManagerStateMachine:uninitialized
2019-10-17 21:15:21,655 [pool-22-thread-1] INFO  server.RaftServerConfigKeys (ConfUtils.java:logGet(43)) - raft.server.rpc.timeout.min = 1s (custom)
2019-10-17 21:15:21,656 [pool-22-thread-1] INFO  server.RaftServerConfigKeys (ConfUtils.java:logGet(43)) - raft.server.rpc.timeout.max = 1200ms (custom)
2019-10-17 21:15:21,656 [pool-22-thread-1] INFO  server.RaftServerConfigKeys (ConfUtils.java:logGet(43)) - raft.server.rpcslowness.timeout = 120s (custom)
2019-10-17 21:15:21,656 [pool-22-thread-1] INFO  server.RaftServerConfigKeys (ConfUtils.java:logGet(43)) - raft.server.sleep.deviation.threshold = 300 (default)
2019-10-17 21:15:21,657 [pool-22-thread-1] INFO  server.RaftServerConfigKeys (ConfUtils.java:logGet(43)) - raft.server.log.appender.install.snapshot.enabled = false (custom)
2019-10-17 21:15:21,660 [main] INFO  ipc.CallQueueManager (CallQueueManager.java:<init>(84)) - Using callQueue: class java.util.concurrent.LinkedBlockingQueue, queueCapacity: 2000, scheduler: class org.apache.hadoop.ipc.DefaultRpcScheduler, ipcBackoff: false.
2019-10-17 21:15:21,661 [Socket Reader #1 for port 45422] INFO  ipc.Server (Server.java:run(1074)) - Starting Socket Reader #1 for port 45422
2019-10-17 21:15:21,665 [pool-22-thread-1] INFO  impl.RaftServerImpl (ServerState.java:<init>(103)) - 269b3a8f-c976-4744-bd50-57f338f48d60@group-C5BA1605619E: ConfigurationManager, init=-1: [269b3a8f-c976-4744-bd50-57f338f48d60:localhost:9872], old=null, confs=<EMPTY_MAP>
2019-10-17 21:15:21,665 [pool-22-thread-1] INFO  server.RaftServerConfigKeys (ConfUtils.java:logGet(43)) - raft.server.storage.dir = [/workdir/hadoop-ozone/integration-test/target/test-dir/MiniOzoneClusterImpl-b9b5409c-d29d-4233-95df-efa4b45819dc/ozone-meta/ratis] (custom)
2019-10-17 21:15:21,674 [pool-22-thread-1] INFO  server.RaftServerConfigKeys (ConfUtils.java:logGet(43)) - raft.server.log.corruption.policy = EXCEPTION (default)
2019-10-17 21:15:21,676 [pool-22-thread-1] INFO  storage.RaftStorageDirectory (RaftStorageDirectory.java:analyzeStorage(246)) - The storage directory /workdir/hadoop-ozone/integration-test/target/test-dir/MiniOzoneClusterImpl-b9b5409c-d29d-4233-95df-efa4b45819dc/ozone-meta/ratis/bf265839-605b-3f16-9796-c5ba1605619e does not exist. Creating ...
2019-10-17 21:15:21,683 [main] INFO  om.OzoneManager (OzoneManager.java:start(1074)) - OzoneManager RPC server is listening at localhost/127.0.0.1:45422
2019-10-17 21:15:21,683 [main] INFO  impl.MetricsSystemImpl (MetricsSystemImpl.java:init(158)) - OzoneManager metrics system started (again)
2019-10-17 21:15:21,683 [main] INFO  ratis.OzoneManagerRatisServer (OzoneManagerRatisServer.java:start(333)) - Starting OzoneManagerRatisServer 269b3a8f-c976-4744-bd50-57f338f48d60 at port 9872
2019-10-17 21:15:21,704 [pool-22-thread-1] INFO  storage.RaftStorageDirectory (RaftStorageDirectory.java:tryLock(328)) - Lock on /workdir/hadoop-ozone/integration-test/target/test-dir/MiniOzoneClusterImpl-b9b5409c-d29d-4233-95df-efa4b45819dc/ozone-meta/ratis/bf265839-605b-3f16-9796-c5ba1605619e/in_use.lock acquired by nodename 17718@pr-hdds-2310-7mltm-1665714090
2019-10-17 21:15:21,719 [pool-22-thread-1] INFO  storage.RaftStorage (RaftStorage.java:format(84)) - Storage directory /workdir/hadoop-ozone/integration-test/target/test-dir/MiniOzoneClusterImpl-b9b5409c-d29d-4233-95df-efa4b45819dc/ozone-meta/ratis/bf265839-605b-3f16-9796-c5ba1605619e has been successfully formatted.
2019-10-17 21:15:21,722 [pool-22-thread-1] INFO  server.RaftServerConfigKeys (ConfUtils.java:logGet(43)) - raft.server.notification.no-leader.timeout = 120s (custom)
2019-10-17 21:15:21,725 [pool-22-thread-1] INFO  server.RaftServerConfigKeys (ConfUtils.java:logGet(43)) - raft.server.log.use.memory = false (default)
2019-10-17 21:15:21,730 [pool-22-thread-1] INFO  server.RaftServerConfigKeys (ConfUtils.java:logGet(43)) - raft.server.log.purge.gap = 1000000 (custom)
2019-10-17 21:15:21,730 [pool-22-thread-1] INFO  server.RaftServerConfigKeys (ConfUtils.java:logGet(43)) - raft.server.log.appender.buffer.byte-limit = 33554432 (custom)
2019-10-17 21:15:21,732 [pool-22-thread-1] INFO  server.RaftServerConfigKeys (ConfUtils.java:logGet(43)) - raft.server.log.segment.size.max = 16384 (custom)
2019-10-17 21:15:21,734 [pool-22-thread-1] INFO  impl.MetricsSystemImpl (MetricsSystemImpl.java:init(158)) - ratis metrics system started (again)
2019-10-17 21:15:21,737 [pool-22-thread-1] INFO  metrics.MetricRegistries (MetricRegistriesLoader.java:load(64)) - Loaded MetricRegistries class org.apache.ratis.metrics.impl.MetricRegistriesImpl
2019-10-17 21:15:21,768 [pool-22-thread-1] INFO  server.RaftServerConfigKeys (ConfUtils.java:logGet(43)) - raft.server.log.segment.cache.num.max = 2 (custom)
2019-10-17 21:15:21,773 [pool-22-thread-1] INFO  segmented.SegmentedRaftLogWorker (SegmentedRaftLogWorker.java:<init>(173)) - new 269b3a8f-c976-4744-bd50-57f338f48d60@group-C5BA1605619E-SegmentedRaftLogWorker for RaftStorage:Storage Directory /workdir/hadoop-ozone/integration-test/target/test-dir/MiniOzoneClusterImpl-b9b5409c-d29d-4233-95df-efa4b45819dc/ozone-meta/ratis/bf265839-605b-3f16-9796-c5ba1605619e
2019-10-17 21:15:21,773 [pool-22-thread-1] INFO  server.RaftServerConfigKeys (ConfUtils.java:logGet(43)) - raft.server.log.queue.byte-limit = 64MB (=67108864) (default)
2019-10-17 21:15:21,774 [pool-22-thread-1] INFO  server.RaftServerConfigKeys (ConfUtils.java:logGet(43)) - raft.server.log.queue.element-limit = 4096 (default)
2019-10-17 21:15:21,775 [pool-22-thread-1] INFO  server.RaftServerConfigKeys (ConfUtils.java:logGet(43)) - raft.server.log.segment.size.max = 16384 (custom)
2019-10-17 21:15:21,775 [pool-22-thread-1] INFO  server.RaftServerConfigKeys (ConfUtils.java:logGet(43)) - raft.server.log.preallocated.size = 16384 (custom)
2019-10-17 21:15:21,776 [pool-22-thread-1] INFO  server.RaftServerConfigKeys (ConfUtils.java:logGet(43)) - raft.server.log.write.buffer.size = 64KB (=65536) (default)
2019-10-17 21:15:21,776 [pool-22-thread-1] INFO  server.RaftServerConfigKeys (ConfUtils.java:logGet(43)) - raft.server.log.force.sync.num = 128 (default)
2019-10-17 21:15:21,777 [pool-22-thread-1] INFO  server.RaftServerConfigKeys (ConfUtils.java:logGet(43)) - raft.server.log.statemachine.data.sync = true (default)
2019-10-17 21:15:21,778 [pool-22-thread-1] INFO  server.RaftServerConfigKeys (ConfUtils.java:logGet(43)) - raft.server.log.statemachine.data.sync.timeout = 10s (default)
2019-10-17 21:15:21,778 [pool-22-thread-1] INFO  server.RaftServerConfigKeys (ConfUtils.java:logGet(43)) - raft.server.log.statemachine.data.sync.timeout.retry = -1 (default)
2019-10-17 21:15:21,789 [pool-22-thread-1] INFO  server.RaftServerConfigKeys (ConfUtils.java:logGet(43)) - raft.server.log.statemachine.data.caching.enabled = false (default)
2019-10-17 21:15:21,794 [pool-22-thread-1] INFO  segmented.SegmentedRaftLogWorker (SegmentedRaftLogWorker.java:lambda$new$0(128)) - 269b3a8f-c976-4744-bd50-57f338f48d60@group-C5BA1605619E-SegmentedRaftLogWorker: flushIndex: setUnconditionally 0 -> -1
2019-10-17 21:15:21,799 [pool-22-thread-1] INFO  server.RaftServerConfigKeys (ConfUtils.java:logGet(43)) - raft.server.snapshot.auto.trigger.enabled = true (custom)
2019-10-17 21:15:21,801 [pool-22-thread-1] INFO  server.RaftServerConfigKeys (ConfUtils.java:logGet(43)) - raft.server.snapshot.auto.trigger.threshold = 400000 (default)
2019-10-17 21:15:21,802 [pool-22-thread-1] INFO  server.RaftServerConfigKeys (ConfUtils.java:logGet(43)) - raft.server.snapshot.retention.file.num = -1 (default)
2019-10-17 21:15:21,802 [pool-22-thread-1] INFO  server.RaftServerConfigKeys (ConfUtils.java:logGet(43)) - raft.server.retrycache.expirytime = 600000ms (custom)
2019-10-17 21:15:21,835 [main] INFO  impl.RaftServerImpl (RaftServerImpl.java:start(195)) - 269b3a8f-c976-4744-bd50-57f338f48d60@group-C5BA1605619E: start as a follower, conf=-1: [269b3a8f-c976-4744-bd50-57f338f48d60:localhost:9872], old=null
2019-10-17 21:15:21,839 [main] INFO  impl.RaftServerImpl (RaftServerImpl.java:setRole(184)) - 269b3a8f-c976-4744-bd50-57f338f48d60@group-C5BA1605619E: changes role from      null to FOLLOWER at term 0 for startAsFollower
2019-10-17 21:15:21,841 [main] INFO  impl.RoleInfo (RoleInfo.java:updateAndGet(143)) - 269b3a8f-c976-4744-bd50-57f338f48d60: start FollowerState
2019-10-17 21:15:21,845 [main] INFO  util.JmxRegister (JmxRegister.java:tryRegister(44)) - Successfully registered JMX Bean with object name Ratis:service=RaftServer,group=group-C5BA1605619E,id=269b3a8f-c976-4744-bd50-57f338f48d60
2019-10-17 21:15:21,864 [main] INFO  impl.RaftServerProxy (RaftServerProxy.java:lambda$start$3(299)) - 269b3a8f-c976-4744-bd50-57f338f48d60: start RPC server
2019-10-17 21:15:21,961 [Thread-93] INFO  impl.FollowerState (FollowerState.java:run(108)) - 269b3a8f-c976-4744-bd50-57f338f48d60@group-C5BA1605619E-FollowerState: change to CANDIDATE, lastRpcTime:120ms, electionTimeout:119ms
2019-10-17 21:15:21,964 [Thread-93] INFO  impl.RoleInfo (RoleInfo.java:shutdownFollowerState(121)) - 269b3a8f-c976-4744-bd50-57f338f48d60: shutdown FollowerState
2019-10-17 21:15:21,965 [Thread-93] INFO  impl.RaftServerImpl (RaftServerImpl.java:setRole(184)) - 269b3a8f-c976-4744-bd50-57f338f48d60@group-C5BA1605619E: changes role from  FOLLOWER to CANDIDATE at term 0 for changeToCandidate
2019-10-17 21:15:21,967 [Thread-93] INFO  impl.RoleInfo (RoleInfo.java:updateAndGet(143)) - 269b3a8f-c976-4744-bd50-57f338f48d60: start LeaderElection
2019-10-17 21:15:21,971 [main] INFO  server.GrpcService (GrpcService.java:startImpl(158)) - 269b3a8f-c976-4744-bd50-57f338f48d60: GrpcService started, listening on 0.0.0.0/0.0.0.0:9872
2019-10-17 21:15:21,986 [269b3a8f-c976-4744-bd50-57f338f48d60@group-C5BA1605619E-LeaderElection1] INFO  impl.LeaderElection (LeaderElection.java:askForVotes(178)) - 269b3a8f-c976-4744-bd50-57f338f48d60@group-C5BA1605619E-LeaderElection1: begin an election at term 1 for -1: [269b3a8f-c976-4744-bd50-57f338f48d60:localhost:9872], old=null
2019-10-17 21:15:21,988 [269b3a8f-c976-4744-bd50-57f338f48d60@group-C5BA1605619E-LeaderElection1] INFO  impl.RoleInfo (RoleInfo.java:shutdownLeaderElection(134)) - 269b3a8f-c976-4744-bd50-57f338f48d60: shutdown LeaderElection
2019-10-17 21:15:21,989 [269b3a8f-c976-4744-bd50-57f338f48d60@group-C5BA1605619E-LeaderElection1] INFO  impl.RaftServerImpl (RaftServerImpl.java:setRole(184)) - 269b3a8f-c976-4744-bd50-57f338f48d60@group-C5BA1605619E: changes role from CANDIDATE to LEADER at term 1 for changeToLeader
2019-10-17 21:15:21,989 [269b3a8f-c976-4744-bd50-57f338f48d60@group-C5BA1605619E-LeaderElection1] INFO  impl.RaftServerImpl (ServerState.java:setLeader(256)) - 269b3a8f-c976-4744-bd50-57f338f48d60@group-C5BA1605619E: change Leader from null to 269b3a8f-c976-4744-bd50-57f338f48d60 at term 1 for becomeLeader, leader elected after 266ms
2019-10-17 21:15:21,993 [IPC Server Responder] INFO  ipc.Server (Server.java:run(1314)) - IPC Server Responder: starting
2019-10-17 21:15:21,993 [IPC Server listener on 45422] INFO  ipc.Server (Server.java:run(1153)) - IPC Server listener on 45422: starting
2019-10-17 21:15:21,997 [269b3a8f-c976-4744-bd50-57f338f48d60@group-C5BA1605619E-LeaderElection1] INFO  server.RaftServerConfigKeys (ConfUtils.java:logGet(43)) - raft.server.staging.catchup.gap = 1000 (default)
2019-10-17 21:15:21,998 [269b3a8f-c976-4744-bd50-57f338f48d60@group-C5BA1605619E-LeaderElection1] INFO  server.RaftServerConfigKeys (ConfUtils.java:logGet(43)) - raft.server.rpc.sleep.time = 25ms (default)
2019-10-17 21:15:22,002 [main] INFO  hdfs.DFSUtil (DFSUtil.java:httpServerTemplateForNNAndJN(1641)) - Starting Web-server for ozoneManager at: http://0.0.0.0:0
2019-10-17 21:15:22,003 [269b3a8f-c976-4744-bd50-57f338f48d60@group-C5BA1605619E-LeaderElection1] INFO  server.RaftServerConfigKeys (ConfUtils.java:logGet(43)) - raft.server.write.element-limit = 4096 (default)
2019-10-17 21:15:22,005 [main] INFO  server.AuthenticationFilter (AuthenticationFilter.java:constructSecretProvider(240)) - Unable to initialize FileSignerSecretProvider, falling back to use random secrets.
2019-10-17 21:15:22,006 [main] WARN  http.HttpRequestLog (HttpRequestLog.java:getRequestLog(97)) - Jetty request log can only be enabled using Log4j
2019-10-17 21:15:22,009 [main] INFO  http.HttpServer2 (HttpServer2.java:addGlobalFilter(975)) - Added global filter 'safety' (class=org.apache.hadoop.http.HttpServer2$QuotingInputFilter)
2019-10-17 21:15:22,009 [269b3a8f-c976-4744-bd50-57f338f48d60@group-C5BA1605619E-LeaderElection1] INFO  server.RaftServerConfigKeys (ConfUtils.java:logGet(43)) - raft.server.watch.timeout = 10s (default)
2019-10-17 21:15:22,010 [269b3a8f-c976-4744-bd50-57f338f48d60@group-C5BA1605619E-LeaderElection1] INFO  server.RaftServerConfigKeys (ConfUtils.java:logGet(43)) - raft.server.watch.timeout.denomination = 1s (default)
2019-10-17 21:15:22,010 [main] INFO  http.HttpServer2 (HttpServer2.java:addFilter(948)) - Added filter static_user_filter (class=org.apache.hadoop.http.lib.StaticUserWebFilter$StaticUserFilter) to context ozoneManager
2019-10-17 21:15:22,011 [main] INFO  http.HttpServer2 (HttpServer2.java:addFilter(958)) - Added filter static_user_filter (class=org.apache.hadoop.http.lib.StaticUserWebFilter$StaticUserFilter) to context logs
2019-10-17 21:15:22,011 [main] INFO  http.HttpServer2 (HttpServer2.java:addFilter(958)) - Added filter static_user_filter (class=org.apache.hadoop.http.lib.StaticUserWebFilter$StaticUserFilter) to context static
2019-10-17 21:15:22,011 [269b3a8f-c976-4744-bd50-57f338f48d60@group-C5BA1605619E-LeaderElection1] INFO  server.RaftServerConfigKeys (ConfUtils.java:logGet(43)) - raft.server.watch.element-limit = 65536 (default)
2019-10-17 21:15:22,015 [main] INFO  http.HttpServer2 (HttpServer2.java:bindListener(1191)) - Jetty bound to port 43410
2019-10-17 21:15:22,015 [main] INFO  server.Server (Server.java:doStart(351)) - jetty-9.3.25.v20180904, build timestamp: 2018-09-04T21:11:46Z, git hash: 3ce520221d0240229c862b122d2b06c12a625732
2019-10-17 21:15:22,018 [main] INFO  handler.ContextHandler (ContextHandler.java:doStart(781)) - Started o.e.j.s.ServletContextHandler@5fe7f967{/logs,file:///workdir/hadoop-ozone/integration-test/target/log,AVAILABLE}
2019-10-17 21:15:22,023 [main] INFO  handler.ContextHandler (ContextHandler.java:doStart(781)) - Started o.e.j.s.ServletContextHandler@2caa5d7c{/static,file:///workdir/hadoop-ozone/integration-test/target/test-classes/webapps/static,AVAILABLE}
2019-10-17 21:15:22,033 [main] INFO  handler.ContextHandler (ContextHandler.java:doStart(781)) - Started o.e.j.w.WebAppContext@5633dafd{/,file:///workdir/hadoop-ozone/integration-test/target/test-classes/webapps/ozoneManager/,AVAILABLE}{/ozoneManager}
2019-10-17 21:15:22,034 [main] INFO  server.AbstractConnector (AbstractConnector.java:doStart(278)) - Started ServerConnector@5d5160e6{HTTP/1.1,[http/1.1]}{0.0.0.0:43410}
2019-10-17 21:15:22,034 [main] INFO  server.Server (Server.java:doStart(419)) - Started @5088ms
2019-10-17 21:15:22,035 [main] WARN  impl.MetricsSystemImpl (MetricsSystemImpl.java:register(276)) - Sink prometheus already exists!
2019-10-17 21:15:22,036 [main] INFO  server.BaseHttpServer (BaseHttpServer.java:updateConnectorAddress(215)) - HTTP server of OZONEMANAGER is listening at http://0.0.0.0:43410
2019-10-17 21:15:22,037 [269b3a8f-c976-4744-bd50-57f338f48d60@group-C5BA1605619E-LeaderElection1] INFO  impl.RoleInfo (RoleInfo.java:updateAndGet(143)) - 269b3a8f-c976-4744-bd50-57f338f48d60: start LeaderState
2019-10-17 21:15:22,057 [269b3a8f-c976-4744-bd50-57f338f48d60@group-C5BA1605619E-LeaderElection1] INFO  segmented.SegmentedRaftLogWorker (SegmentedRaftLogWorker.java:startLogSegment(385)) - 269b3a8f-c976-4744-bd50-57f338f48d60@group-C5BA1605619E-SegmentedRaftLogWorker: Starting segment from index:0
2019-10-17 21:15:22,075 [269b3a8f-c976-4744-bd50-57f338f48d60@group-C5BA1605619E-LeaderElection1] INFO  impl.RaftServerImpl (ServerState.java:setRaftConf(357)) - 269b3a8f-c976-4744-bd50-57f338f48d60@group-C5BA1605619E: set configuration 0: [269b3a8f-c976-4744-bd50-57f338f48d60:localhost:9872], old=null at 0
2019-10-17 21:15:22,171 [main] INFO  impl.MetricsSystemImpl (MetricsSystemImpl.java:init(158)) - HddsDatanode metrics system started (again)
2019-10-17 21:15:22,211 [main] INFO  ozone.HddsDatanodeService (HddsDatanodeService.java:start(184)) - HddsDatanodeService host:pr-hdds-2310-7mltm-1665714090 ip:192.168.157.223
2019-10-17 21:15:22,219 [269b3a8f-c976-4744-bd50-57f338f48d60@group-C5BA1605619E-SegmentedRaftLogWorker] INFO  segmented.SegmentedRaftLogWorker (SegmentedRaftLogWorker.java:execute(576)) - 269b3a8f-c976-4744-bd50-57f338f48d60@group-C5BA1605619E-SegmentedRaftLogWorker: created new log segment /workdir/hadoop-ozone/integration-test/target/test-dir/MiniOzoneClusterImpl-b9b5409c-d29d-4233-95df-efa4b45819dc/ozone-meta/ratis/bf265839-605b-3f16-9796-c5ba1605619e/current/log_inprogress_0
2019-10-17 21:15:22,239 [main] INFO  volume.HddsVolume (HddsVolume.java:<init>(176)) - Creating Volume: /workdir/hadoop-ozone/integration-test/target/test-dir/MiniOzoneClusterImpl-b9b5409c-d29d-4233-95df-efa4b45819dc/datanode-0/data/containers/hdds of  storage type : DISK and capacity : 1482555576320
2019-10-17 21:15:22,241 [main] INFO  volume.VolumeSet (VolumeSet.java:initializeVolumeSet(170)) - Added Volume : /workdir/hadoop-ozone/integration-test/target/test-dir/MiniOzoneClusterImpl-b9b5409c-d29d-4233-95df-efa4b45819dc/datanode-0/data/containers/hdds to VolumeSet
2019-10-17 21:15:22,243 [main] INFO  volume.ThrottledAsyncChecker (ThrottledAsyncChecker.java:schedule(141)) - Scheduling a check for /workdir/hadoop-ozone/integration-test/target/test-dir/MiniOzoneClusterImpl-b9b5409c-d29d-4233-95df-efa4b45819dc/datanode-0/data/containers/hdds
2019-10-17 21:15:22,258 [main] INFO  volume.HddsVolumeChecker (HddsVolumeChecker.java:checkAllVolumes(204)) - Scheduled health check for volume /workdir/hadoop-ozone/integration-test/target/test-dir/MiniOzoneClusterImpl-b9b5409c-d29d-4233-95df-efa4b45819dc/datanode-0/data/containers/hdds
2019-10-17 21:15:22,302 [main] INFO  impl.RaftServerProxy (ConfUtils.java:logGet(43)) - raft.rpc.type = GRPC (default)
2019-10-17 21:15:22,303 [main] INFO  grpc.GrpcFactory (GrpcFactory.java:checkPooledByteBufAllocatorUseCacheForAllThreads(45)) - PERFORMANCE WARNING: useCacheForAllThreads is true that may cause Netty to create a lot garbage objects and, as a result, trigger GC.
	It is recommended to disable useCacheForAllThreads by setting -Dorg.apache.ratis.thirdparty.io.netty.allocator.useCacheForAllThreads=false in command line.
2019-10-17 21:15:22,303 [main] INFO  grpc.GrpcConfigKeys$Server (ConfUtils.java:logGet(43)) - raft.grpc.server.port = 0 (default)
2019-10-17 21:15:22,303 [main] INFO  server.GrpcService (ConfUtils.java:logGet(43)) - raft.grpc.message.size.max = 33570816 (custom)
2019-10-17 21:15:22,303 [main] INFO  server.RaftServerConfigKeys (ConfUtils.java:logGet(43)) - raft.server.log.appender.buffer.byte-limit = 33554432 (custom)
2019-10-17 21:15:22,304 [main] INFO  server.GrpcService (ConfUtils.java:logGet(43)) - raft.grpc.flow.control.window = 1MB (=1048576) (default)
2019-10-17 21:15:22,304 [main] INFO  server.RaftServerConfigKeys (ConfUtils.java:logGet(43)) - raft.server.rpc.request.timeout = 3000ms (default)
2019-10-17 21:15:22,304 [main] INFO  server.RaftServerConfigKeys (ConfUtils.java:logGet(43)) - raft.server.storage.dir = [/workdir/hadoop-ozone/integration-test/target/test-dir/MiniOzoneClusterImpl-b9b5409c-d29d-4233-95df-efa4b45819dc/datanode-0/data/ratis] (custom)
2019-10-17 21:15:22,351 [main] INFO  hdfs.DFSUtil (DFSUtil.java:httpServerTemplateForNNAndJN(1641)) - Starting Web-server for hddsDatanode at: http://0.0.0.0:0
2019-10-17 21:15:22,353 [main] INFO  server.AuthenticationFilter (AuthenticationFilter.java:constructSecretProvider(240)) - Unable to initialize FileSignerSecretProvider, falling back to use random secrets.
2019-10-17 21:15:22,353 [main] WARN  http.HttpRequestLog (HttpRequestLog.java:getRequestLog(97)) - Jetty request log can only be enabled using Log4j
2019-10-17 21:15:22,356 [main] INFO  http.HttpServer2 (HttpServer2.java:addGlobalFilter(975)) - Added global filter 'safety' (class=org.apache.hadoop.http.HttpServer2$QuotingInputFilter)
2019-10-17 21:15:22,358 [main] INFO  http.HttpServer2 (HttpServer2.java:addFilter(948)) - Added filter static_user_filter (class=org.apache.hadoop.http.lib.StaticUserWebFilter$StaticUserFilter) to context hddsDatanode
2019-10-17 21:15:22,358 [main] INFO  http.HttpServer2 (HttpServer2.java:addFilter(958)) - Added filter static_user_filter (class=org.apache.hadoop.http.lib.StaticUserWebFilter$StaticUserFilter) to context logs
2019-10-17 21:15:22,358 [main] INFO  http.HttpServer2 (HttpServer2.java:addFilter(958)) - Added filter static_user_filter (class=org.apache.hadoop.http.lib.StaticUserWebFilter$StaticUserFilter) to context static
2019-10-17 21:15:22,360 [main] INFO  http.HttpServer2 (HttpServer2.java:bindListener(1191)) - Jetty bound to port 37569
2019-10-17 21:15:22,360 [main] INFO  server.Server (Server.java:doStart(351)) - jetty-9.3.25.v20180904, build timestamp: 2018-09-04T21:11:46Z, git hash: 3ce520221d0240229c862b122d2b06c12a625732
2019-10-17 21:15:22,364 [main] INFO  handler.ContextHandler (ContextHandler.java:doStart(781)) - Started o.e.j.s.ServletContextHandler@1ab5f08a{/logs,file:///workdir/hadoop-ozone/integration-test/target/log,AVAILABLE}
2019-10-17 21:15:22,365 [main] INFO  handler.ContextHandler (ContextHandler.java:doStart(781)) - Started o.e.j.s.ServletContextHandler@79a04e5f{/static,jar:file:/home/user/.m2/repository/org/apache/hadoop/hadoop-hdds-container-service/0.5.0-SNAPSHOT/hadoop-hdds-container-service-0.5.0-SNAPSHOT.jar!/webapps/static,AVAILABLE}
2019-10-17 21:15:22,413 [main] INFO  handler.ContextHandler (ContextHandler.java:doStart(781)) - Started o.e.j.w.WebAppContext@59696551{/,file:///tmp/jetty-0.0.0.0-37569-hddsDatanode-_-any-3131549203606110746.dir/webapp/,AVAILABLE}{/hddsDatanode}
2019-10-17 21:15:22,414 [main] INFO  server.AbstractConnector (AbstractConnector.java:doStart(278)) - Started ServerConnector@648d0e6d{HTTP/1.1,[http/1.1]}{0.0.0.0:37569}
2019-10-17 21:15:22,415 [main] INFO  server.Server (Server.java:doStart(419)) - Started @5468ms
2019-10-17 21:15:22,415 [main] WARN  impl.MetricsSystemImpl (MetricsSystemImpl.java:register(276)) - Sink prometheus already exists!
2019-10-17 21:15:22,416 [main] INFO  server.BaseHttpServer (BaseHttpServer.java:updateConnectorAddress(215)) - HTTP server of HDDSDATANODE is listening at http://0.0.0.0:37569
2019-10-17 21:15:22,417 [main] INFO  impl.MetricsSystemImpl (MetricsSystemImpl.java:init(158)) - HddsDatanode metrics system started (again)
2019-10-17 21:15:22,419 [main] INFO  ozone.HddsDatanodeService (HddsDatanodeService.java:start(184)) - HddsDatanodeService host:pr-hdds-2310-7mltm-1665714090 ip:192.168.157.223
2019-10-17 21:15:22,422 [org.apache.hadoop.util.JvmPauseMonitor$Monitor@ea5fff0] INFO  util.JvmPauseMonitor (JvmPauseMonitor.java:run(188)) - Starting JVM pause monitor
2019-10-17 21:15:22,428 [main] INFO  volume.HddsVolume (HddsVolume.java:<init>(176)) - Creating Volume: /workdir/hadoop-ozone/integration-test/target/test-dir/MiniOzoneClusterImpl-b9b5409c-d29d-4233-95df-efa4b45819dc/datanode-1/data/containers/hdds of  storage type : DISK and capacity : 1482555576320
2019-10-17 21:15:22,428 [main] INFO  volume.VolumeSet (VolumeSet.java:initializeVolumeSet(170)) - Added Volume : /workdir/hadoop-ozone/integration-test/target/test-dir/MiniOzoneClusterImpl-b9b5409c-d29d-4233-95df-efa4b45819dc/datanode-1/data/containers/hdds to VolumeSet
2019-10-17 21:15:22,429 [main] INFO  volume.ThrottledAsyncChecker (ThrottledAsyncChecker.java:schedule(141)) - Scheduling a check for /workdir/hadoop-ozone/integration-test/target/test-dir/MiniOzoneClusterImpl-b9b5409c-d29d-4233-95df-efa4b45819dc/datanode-1/data/containers/hdds
2019-10-17 21:15:22,429 [main] INFO  volume.HddsVolumeChecker (HddsVolumeChecker.java:checkAllVolumes(204)) - Scheduled health check for volume /workdir/hadoop-ozone/integration-test/target/test-dir/MiniOzoneClusterImpl-b9b5409c-d29d-4233-95df-efa4b45819dc/datanode-1/data/containers/hdds
2019-10-17 21:15:22,442 [main] INFO  impl.RaftServerProxy (ConfUtils.java:logGet(43)) - raft.rpc.type = GRPC (default)
2019-10-17 21:15:22,443 [main] INFO  grpc.GrpcFactory (GrpcFactory.java:checkPooledByteBufAllocatorUseCacheForAllThreads(45)) - PERFORMANCE WARNING: useCacheForAllThreads is true that may cause Netty to create a lot garbage objects and, as a result, trigger GC.
	It is recommended to disable useCacheForAllThreads by setting -Dorg.apache.ratis.thirdparty.io.netty.allocator.useCacheForAllThreads=false in command line.
2019-10-17 21:15:22,443 [main] INFO  grpc.GrpcConfigKeys$Server (ConfUtils.java:logGet(43)) - raft.grpc.server.port = 0 (default)
2019-10-17 21:15:22,443 [main] INFO  server.GrpcService (ConfUtils.java:logGet(43)) - raft.grpc.message.size.max = 33570816 (custom)
2019-10-17 21:15:22,443 [main] INFO  server.RaftServerConfigKeys (ConfUtils.java:logGet(43)) - raft.server.log.appender.buffer.byte-limit = 33554432 (custom)
2019-10-17 21:15:22,443 [main] INFO  server.GrpcService (ConfUtils.java:logGet(43)) - raft.grpc.flow.control.window = 1MB (=1048576) (default)
2019-10-17 21:15:22,444 [main] INFO  server.RaftServerConfigKeys (ConfUtils.java:logGet(43)) - raft.server.rpc.request.timeout = 3000ms (default)
2019-10-17 21:15:22,444 [main] INFO  server.RaftServerConfigKeys (ConfUtils.java:logGet(43)) - raft.server.storage.dir = [/workdir/hadoop-ozone/integration-test/target/test-dir/MiniOzoneClusterImpl-b9b5409c-d29d-4233-95df-efa4b45819dc/datanode-1/data/ratis] (custom)
2019-10-17 21:15:22,446 [main] INFO  hdfs.DFSUtil (DFSUtil.java:httpServerTemplateForNNAndJN(1641)) - Starting Web-server for hddsDatanode at: http://0.0.0.0:0
2019-10-17 21:15:22,447 [main] INFO  server.AuthenticationFilter (AuthenticationFilter.java:constructSecretProvider(240)) - Unable to initialize FileSignerSecretProvider, falling back to use random secrets.
2019-10-17 21:15:22,448 [main] WARN  http.HttpRequestLog (HttpRequestLog.java:getRequestLog(97)) - Jetty request log can only be enabled using Log4j
2019-10-17 21:15:22,449 [main] INFO  http.HttpServer2 (HttpServer2.java:addGlobalFilter(975)) - Added global filter 'safety' (class=org.apache.hadoop.http.HttpServer2$QuotingInputFilter)
2019-10-17 21:15:22,450 [main] INFO  http.HttpServer2 (HttpServer2.java:addFilter(948)) - Added filter static_user_filter (class=org.apache.hadoop.http.lib.StaticUserWebFilter$StaticUserFilter) to context hddsDatanode
2019-10-17 21:15:22,450 [main] INFO  http.HttpServer2 (HttpServer2.java:addFilter(958)) - Added filter static_user_filter (class=org.apache.hadoop.http.lib.StaticUserWebFilter$StaticUserFilter) to context static
2019-10-17 21:15:22,450 [main] INFO  http.HttpServer2 (HttpServer2.java:addFilter(958)) - Added filter static_user_filter (class=org.apache.hadoop.http.lib.StaticUserWebFilter$StaticUserFilter) to context logs
2019-10-17 21:15:22,451 [main] INFO  http.HttpServer2 (HttpServer2.java:bindListener(1191)) - Jetty bound to port 38140
2019-10-17 21:15:22,451 [main] INFO  server.Server (Server.java:doStart(351)) - jetty-9.3.25.v20180904, build timestamp: 2018-09-04T21:11:46Z, git hash: 3ce520221d0240229c862b122d2b06c12a625732
2019-10-17 21:15:22,454 [main] INFO  handler.ContextHandler (ContextHandler.java:doStart(781)) - Started o.e.j.s.ServletContextHandler@2da3b078{/logs,file:///workdir/hadoop-ozone/integration-test/target/log,AVAILABLE}
2019-10-17 21:15:22,454 [main] INFO  handler.ContextHandler (ContextHandler.java:doStart(781)) - Started o.e.j.s.ServletContextHandler@7fb66650{/static,jar:file:/home/user/.m2/repository/org/apache/hadoop/hadoop-hdds-container-service/0.5.0-SNAPSHOT/hadoop-hdds-container-service-0.5.0-SNAPSHOT.jar!/webapps/static,AVAILABLE}
2019-10-17 21:15:22,484 [main] INFO  handler.ContextHandler (ContextHandler.java:doStart(781)) - Started o.e.j.w.WebAppContext@57f9b467{/,file:///tmp/jetty-0.0.0.0-38140-hddsDatanode-_-any-1991059497812476974.dir/webapp/,AVAILABLE}{/hddsDatanode}
2019-10-17 21:15:22,485 [main] INFO  server.AbstractConnector (AbstractConnector.java:doStart(278)) - Started ServerConnector@6d5c2745{HTTP/1.1,[http/1.1]}{0.0.0.0:38140}
2019-10-17 21:15:22,485 [main] INFO  server.Server (Server.java:doStart(419)) - Started @5538ms
2019-10-17 21:15:22,486 [main] WARN  impl.MetricsSystemImpl (MetricsSystemImpl.java:register(276)) - Sink prometheus already exists!
2019-10-17 21:15:22,487 [main] INFO  server.BaseHttpServer (BaseHttpServer.java:updateConnectorAddress(215)) - HTTP server of HDDSDATANODE is listening at http://0.0.0.0:38140
2019-10-17 21:15:22,487 [main] INFO  impl.MetricsSystemImpl (MetricsSystemImpl.java:init(158)) - HddsDatanode metrics system started (again)
2019-10-17 21:15:22,490 [main] INFO  ozone.HddsDatanodeService (HddsDatanodeService.java:start(184)) - HddsDatanodeService host:pr-hdds-2310-7mltm-1665714090 ip:192.168.157.223
2019-10-17 21:15:22,490 [org.apache.hadoop.util.JvmPauseMonitor$Monitor@2d9c1770] INFO  util.JvmPauseMonitor (JvmPauseMonitor.java:run(188)) - Starting JVM pause monitor
2019-10-17 21:15:22,498 [main] INFO  volume.HddsVolume (HddsVolume.java:<init>(176)) - Creating Volume: /workdir/hadoop-ozone/integration-test/target/test-dir/MiniOzoneClusterImpl-b9b5409c-d29d-4233-95df-efa4b45819dc/datanode-2/data/containers/hdds of  storage type : DISK and capacity : 1482555576320
2019-10-17 21:15:22,499 [main] INFO  volume.VolumeSet (VolumeSet.java:initializeVolumeSet(170)) - Added Volume : /workdir/hadoop-ozone/integration-test/target/test-dir/MiniOzoneClusterImpl-b9b5409c-d29d-4233-95df-efa4b45819dc/datanode-2/data/containers/hdds to VolumeSet
2019-10-17 21:15:22,499 [main] INFO  volume.ThrottledAsyncChecker (ThrottledAsyncChecker.java:schedule(141)) - Scheduling a check for /workdir/hadoop-ozone/integration-test/target/test-dir/MiniOzoneClusterImpl-b9b5409c-d29d-4233-95df-efa4b45819dc/datanode-2/data/containers/hdds
2019-10-17 21:15:22,499 [main] INFO  volume.HddsVolumeChecker (HddsVolumeChecker.java:checkAllVolumes(204)) - Scheduled health check for volume /workdir/hadoop-ozone/integration-test/target/test-dir/MiniOzoneClusterImpl-b9b5409c-d29d-4233-95df-efa4b45819dc/datanode-2/data/containers/hdds
2019-10-17 21:15:22,513 [main] INFO  impl.RaftServerProxy (ConfUtils.java:logGet(43)) - raft.rpc.type = GRPC (default)
2019-10-17 21:15:22,513 [main] INFO  grpc.GrpcFactory (GrpcFactory.java:checkPooledByteBufAllocatorUseCacheForAllThreads(45)) - PERFORMANCE WARNING: useCacheForAllThreads is true that may cause Netty to create a lot garbage objects and, as a result, trigger GC.
	It is recommended to disable useCacheForAllThreads by setting -Dorg.apache.ratis.thirdparty.io.netty.allocator.useCacheForAllThreads=false in command line.
2019-10-17 21:15:22,513 [main] INFO  grpc.GrpcConfigKeys$Server (ConfUtils.java:logGet(43)) - raft.grpc.server.port = 0 (default)
2019-10-17 21:15:22,513 [main] INFO  server.GrpcService (ConfUtils.java:logGet(43)) - raft.grpc.message.size.max = 33570816 (custom)
2019-10-17 21:15:22,514 [main] INFO  server.RaftServerConfigKeys (ConfUtils.java:logGet(43)) - raft.server.log.appender.buffer.byte-limit = 33554432 (custom)
2019-10-17 21:15:22,514 [main] INFO  server.GrpcService (ConfUtils.java:logGet(43)) - raft.grpc.flow.control.window = 1MB (=1048576) (default)
2019-10-17 21:15:22,514 [main] INFO  server.RaftServerConfigKeys (ConfUtils.java:logGet(43)) - raft.server.rpc.request.timeout = 3000ms (default)
2019-10-17 21:15:22,515 [main] INFO  server.RaftServerConfigKeys (ConfUtils.java:logGet(43)) - raft.server.storage.dir = [/workdir/hadoop-ozone/integration-test/target/test-dir/MiniOzoneClusterImpl-b9b5409c-d29d-4233-95df-efa4b45819dc/datanode-2/data/ratis] (custom)
2019-10-17 21:15:22,516 [main] INFO  hdfs.DFSUtil (DFSUtil.java:httpServerTemplateForNNAndJN(1641)) - Starting Web-server for hddsDatanode at: http://0.0.0.0:0
2019-10-17 21:15:22,518 [main] INFO  server.AuthenticationFilter (AuthenticationFilter.java:constructSecretProvider(240)) - Unable to initialize FileSignerSecretProvider, falling back to use random secrets.
2019-10-17 21:15:22,518 [main] WARN  http.HttpRequestLog (HttpRequestLog.java:getRequestLog(97)) - Jetty request log can only be enabled using Log4j
2019-10-17 21:15:22,519 [Datanode State Machine Thread - 0] INFO  datanode.InitDatanodeState (InitDatanodeState.java:persistContainerDatanodeDetails(140)) - DatanodeDetails is persisted to /workdir/hadoop-ozone/integration-test/target/test-dir/MiniOzoneClusterImpl-b9b5409c-d29d-4233-95df-efa4b45819dc/datanode-0/meta/datanode.id
2019-10-17 21:15:22,519 [main] INFO  http.HttpServer2 (HttpServer2.java:addGlobalFilter(975)) - Added global filter 'safety' (class=org.apache.hadoop.http.HttpServer2$QuotingInputFilter)
2019-10-17 21:15:22,522 [main] INFO  http.HttpServer2 (HttpServer2.java:addFilter(948)) - Added filter static_user_filter (class=org.apache.hadoop.http.lib.StaticUserWebFilter$StaticUserFilter) to context hddsDatanode
2019-10-17 21:15:22,522 [main] INFO  http.HttpServer2 (HttpServer2.java:addFilter(958)) - Added filter static_user_filter (class=org.apache.hadoop.http.lib.StaticUserWebFilter$StaticUserFilter) to context static
2019-10-17 21:15:22,522 [main] INFO  http.HttpServer2 (HttpServer2.java:addFilter(958)) - Added filter static_user_filter (class=org.apache.hadoop.http.lib.StaticUserWebFilter$StaticUserFilter) to context logs
2019-10-17 21:15:22,523 [main] INFO  http.HttpServer2 (HttpServer2.java:bindListener(1191)) - Jetty bound to port 38570
2019-10-17 21:15:22,523 [main] INFO  server.Server (Server.java:doStart(351)) - jetty-9.3.25.v20180904, build timestamp: 2018-09-04T21:11:46Z, git hash: 3ce520221d0240229c862b122d2b06c12a625732
2019-10-17 21:15:22,523 [Datanode State Machine Thread - 0] INFO  datanode.InitDatanodeState (InitDatanodeState.java:persistContainerDatanodeDetails(140)) - DatanodeDetails is persisted to /workdir/hadoop-ozone/integration-test/target/test-dir/MiniOzoneClusterImpl-b9b5409c-d29d-4233-95df-efa4b45819dc/datanode-1/meta/datanode.id
2019-10-17 21:15:22,525 [main] INFO  handler.ContextHandler (ContextHandler.java:doStart(781)) - Started o.e.j.s.ServletContextHandler@714f3da4{/logs,file:///workdir/hadoop-ozone/integration-test/target/log,AVAILABLE}
2019-10-17 21:15:22,525 [main] INFO  handler.ContextHandler (ContextHandler.java:doStart(781)) - Started o.e.j.s.ServletContextHandler@1f53481b{/static,jar:file:/home/user/.m2/repository/org/apache/hadoop/hadoop-hdds-container-service/0.5.0-SNAPSHOT/hadoop-hdds-container-service-0.5.0-SNAPSHOT.jar!/webapps/static,AVAILABLE}
2019-10-17 21:15:22,555 [main] INFO  handler.ContextHandler (ContextHandler.java:doStart(781)) - Started o.e.j.w.WebAppContext@4cbc2e3b{/,file:///tmp/jetty-0.0.0.0-38570-hddsDatanode-_-any-4528939751678933149.dir/webapp/,AVAILABLE}{/hddsDatanode}
2019-10-17 21:15:22,555 [main] INFO  server.AbstractConnector (AbstractConnector.java:doStart(278)) - Started ServerConnector@2975a9e{HTTP/1.1,[http/1.1]}{0.0.0.0:38570}
2019-10-17 21:15:22,556 [main] INFO  server.Server (Server.java:doStart(419)) - Started @5609ms
2019-10-17 21:15:22,556 [main] WARN  impl.MetricsSystemImpl (MetricsSystemImpl.java:register(276)) - Sink prometheus already exists!
2019-10-17 21:15:22,557 [main] INFO  server.BaseHttpServer (BaseHttpServer.java:updateConnectorAddress(215)) - HTTP server of HDDSDATANODE is listening at http://0.0.0.0:38570
2019-10-17 21:15:22,558 [main] INFO  impl.MetricsSystemImpl (MetricsSystemImpl.java:init(158)) - HddsDatanode metrics system started (again)
2019-10-17 21:15:22,560 [main] INFO  ozone.HddsDatanodeService (HddsDatanodeService.java:start(184)) - HddsDatanodeService host:pr-hdds-2310-7mltm-1665714090 ip:192.168.157.223
2019-10-17 21:15:22,561 [org.apache.hadoop.util.JvmPauseMonitor$Monitor@310073eb] INFO  util.JvmPauseMonitor (JvmPauseMonitor.java:run(188)) - Starting JVM pause monitor
2019-10-17 21:15:22,564 [Datanode State Machine Thread - 0] INFO  datanode.InitDatanodeState (InitDatanodeState.java:persistContainerDatanodeDetails(140)) - DatanodeDetails is persisted to /workdir/hadoop-ozone/integration-test/target/test-dir/MiniOzoneClusterImpl-b9b5409c-d29d-4233-95df-efa4b45819dc/datanode-2/meta/datanode.id
2019-10-17 21:15:22,568 [main] INFO  volume.HddsVolume (HddsVolume.java:<init>(176)) - Creating Volume: /workdir/hadoop-ozone/integration-test/target/test-dir/MiniOzoneClusterImpl-b9b5409c-d29d-4233-95df-efa4b45819dc/datanode-3/data/containers/hdds of  storage type : DISK and capacity : 1482555576320
2019-10-17 21:15:22,568 [main] INFO  volume.VolumeSet (VolumeSet.java:initializeVolumeSet(170)) - Added Volume : /workdir/hadoop-ozone/integration-test/target/test-dir/MiniOzoneClusterImpl-b9b5409c-d29d-4233-95df-efa4b45819dc/datanode-3/data/containers/hdds to VolumeSet
2019-10-17 21:15:22,569 [main] INFO  volume.ThrottledAsyncChecker (ThrottledAsyncChecker.java:schedule(141)) - Scheduling a check for /workdir/hadoop-ozone/integration-test/target/test-dir/MiniOzoneClusterImpl-b9b5409c-d29d-4233-95df-efa4b45819dc/datanode-3/data/containers/hdds
2019-10-17 21:15:22,569 [main] INFO  volume.HddsVolumeChecker (HddsVolumeChecker.java:checkAllVolumes(204)) - Scheduled health check for volume /workdir/hadoop-ozone/integration-test/target/test-dir/MiniOzoneClusterImpl-b9b5409c-d29d-4233-95df-efa4b45819dc/datanode-3/data/containers/hdds
2019-10-17 21:15:22,583 [main] INFO  impl.RaftServerProxy (ConfUtils.java:logGet(43)) - raft.rpc.type = GRPC (default)
2019-10-17 21:15:22,583 [main] INFO  grpc.GrpcFactory (GrpcFactory.java:checkPooledByteBufAllocatorUseCacheForAllThreads(45)) - PERFORMANCE WARNING: useCacheForAllThreads is true that may cause Netty to create a lot garbage objects and, as a result, trigger GC.
	It is recommended to disable useCacheForAllThreads by setting -Dorg.apache.ratis.thirdparty.io.netty.allocator.useCacheForAllThreads=false in command line.
2019-10-17 21:15:22,583 [main] INFO  grpc.GrpcConfigKeys$Server (ConfUtils.java:logGet(43)) - raft.grpc.server.port = 0 (default)
2019-10-17 21:15:22,583 [main] INFO  server.GrpcService (ConfUtils.java:logGet(43)) - raft.grpc.message.size.max = 33570816 (custom)
2019-10-17 21:15:22,583 [main] INFO  server.RaftServerConfigKeys (ConfUtils.java:logGet(43)) - raft.server.log.appender.buffer.byte-limit = 33554432 (custom)
2019-10-17 21:15:22,584 [main] INFO  server.GrpcService (ConfUtils.java:logGet(43)) - raft.grpc.flow.control.window = 1MB (=1048576) (default)
2019-10-17 21:15:22,584 [main] INFO  server.RaftServerConfigKeys (ConfUtils.java:logGet(43)) - raft.server.rpc.request.timeout = 3000ms (default)
2019-10-17 21:15:22,584 [main] INFO  server.RaftServerConfigKeys (ConfUtils.java:logGet(43)) - raft.server.storage.dir = [/workdir/hadoop-ozone/integration-test/target/test-dir/MiniOzoneClusterImpl-b9b5409c-d29d-4233-95df-efa4b45819dc/datanode-3/data/ratis] (custom)
2019-10-17 21:15:22,586 [main] INFO  hdfs.DFSUtil (DFSUtil.java:httpServerTemplateForNNAndJN(1641)) - Starting Web-server for hddsDatanode at: http://0.0.0.0:0
2019-10-17 21:15:22,587 [main] INFO  server.AuthenticationFilter (AuthenticationFilter.java:constructSecretProvider(240)) - Unable to initialize FileSignerSecretProvider, falling back to use random secrets.
2019-10-17 21:15:22,587 [main] WARN  http.HttpRequestLog (HttpRequestLog.java:getRequestLog(97)) - Jetty request log can only be enabled using Log4j
2019-10-17 21:15:22,589 [main] INFO  http.HttpServer2 (HttpServer2.java:addGlobalFilter(975)) - Added global filter 'safety' (class=org.apache.hadoop.http.HttpServer2$QuotingInputFilter)
2019-10-17 21:15:22,589 [main] INFO  http.HttpServer2 (HttpServer2.java:addFilter(948)) - Added filter static_user_filter (class=org.apache.hadoop.http.lib.StaticUserWebFilter$StaticUserFilter) to context hddsDatanode
2019-10-17 21:15:22,589 [main] INFO  http.HttpServer2 (HttpServer2.java:addFilter(958)) - Added filter static_user_filter (class=org.apache.hadoop.http.lib.StaticUserWebFilter$StaticUserFilter) to context logs
2019-10-17 21:15:22,590 [main] INFO  http.HttpServer2 (HttpServer2.java:addFilter(958)) - Added filter static_user_filter (class=org.apache.hadoop.http.lib.StaticUserWebFilter$StaticUserFilter) to context static
2019-10-17 21:15:22,590 [main] INFO  http.HttpServer2 (HttpServer2.java:bindListener(1191)) - Jetty bound to port 35492
2019-10-17 21:15:22,590 [main] INFO  server.Server (Server.java:doStart(351)) - jetty-9.3.25.v20180904, build timestamp: 2018-09-04T21:11:46Z, git hash: 3ce520221d0240229c862b122d2b06c12a625732
2019-10-17 21:15:22,594 [main] INFO  handler.ContextHandler (ContextHandler.java:doStart(781)) - Started o.e.j.s.ServletContextHandler@77049094{/logs,file:///workdir/hadoop-ozone/integration-test/target/log,AVAILABLE}
2019-10-17 21:15:22,595 [main] INFO  handler.ContextHandler (ContextHandler.java:doStart(781)) - Started o.e.j.s.ServletContextHandler@59bbe88a{/static,jar:file:/home/user/.m2/repository/org/apache/hadoop/hadoop-hdds-container-service/0.5.0-SNAPSHOT/hadoop-hdds-container-service-0.5.0-SNAPSHOT.jar!/webapps/static,AVAILABLE}
2019-10-17 21:15:22,625 [main] INFO  handler.ContextHandler (ContextHandler.java:doStart(781)) - Started o.e.j.w.WebAppContext@640ab13c{/,file:///tmp/jetty-0.0.0.0-35492-hddsDatanode-_-any-3754685567447694329.dir/webapp/,AVAILABLE}{/hddsDatanode}
2019-10-17 21:15:22,626 [main] INFO  server.AbstractConnector (AbstractConnector.java:doStart(278)) - Started ServerConnector@1e0a864d{HTTP/1.1,[http/1.1]}{0.0.0.0:35492}
2019-10-17 21:15:22,626 [main] INFO  server.Server (Server.java:doStart(419)) - Started @5680ms
2019-10-17 21:15:22,627 [main] WARN  impl.MetricsSystemImpl (MetricsSystemImpl.java:register(276)) - Sink prometheus already exists!
2019-10-17 21:15:22,628 [main] INFO  server.BaseHttpServer (BaseHttpServer.java:updateConnectorAddress(215)) - HTTP server of HDDSDATANODE is listening at http://0.0.0.0:35492
2019-10-17 21:15:22,630 [main] INFO  ozone.MiniOzoneClusterImpl (MiniOzoneClusterImpl.java:lambda$waitForClusterToBeReady$0(147)) - Waiting for cluster to be ready. Got 0 of 4 DN Heartbeats.
2019-10-17 21:15:22,632 [org.apache.hadoop.util.JvmPauseMonitor$Monitor@3fbb1b89] INFO  util.JvmPauseMonitor (JvmPauseMonitor.java:run(188)) - Starting JVM pause monitor
2019-10-17 21:15:22,635 [Datanode State Machine Thread - 0] INFO  datanode.InitDatanodeState (InitDatanodeState.java:persistContainerDatanodeDetails(140)) - DatanodeDetails is persisted to /workdir/hadoop-ozone/integration-test/target/test-dir/MiniOzoneClusterImpl-b9b5409c-d29d-4233-95df-efa4b45819dc/datanode-3/meta/datanode.id
2019-10-17 21:15:23,630 [main] INFO  ozone.MiniOzoneClusterImpl (MiniOzoneClusterImpl.java:lambda$waitForClusterToBeReady$0(147)) - Waiting for cluster to be ready. Got 0 of 4 DN Heartbeats.
2019-10-17 21:15:24,528 [Datanode State Machine Thread - 0] INFO  ozoneimpl.OzoneContainer (OzoneContainer.java:start(213)) - Attempting to start container services.
2019-10-17 21:15:24,528 [Datanode State Machine Thread - 0] INFO  ozoneimpl.OzoneContainer (OzoneContainer.java:start(213)) - Attempting to start container services.
2019-10-17 21:15:24,532 [Datanode State Machine Thread - 0] INFO  ozoneimpl.OzoneContainer (OzoneContainer.java:startContainerScrub(177)) - Background container scanner has been disabled.
2019-10-17 21:15:24,532 [Datanode State Machine Thread - 0] INFO  ozoneimpl.OzoneContainer (OzoneContainer.java:startContainerScrub(177)) - Background container scanner has been disabled.
2019-10-17 21:15:24,532 [Datanode State Machine Thread - 0] INFO  ratis.XceiverServerRatis (XceiverServerRatis.java:start(418)) - Starting XceiverServerRatis 3909bd6a-278d-4911-9d70-32680c972d02 at port 0
2019-10-17 21:15:24,532 [Datanode State Machine Thread - 0] INFO  ratis.XceiverServerRatis (XceiverServerRatis.java:start(418)) - Starting XceiverServerRatis 7c510082-4284-44ef-8cd9-bb38fb15579f at port 0
2019-10-17 21:15:24,551 [Datanode State Machine Thread - 0] INFO  impl.RaftServerProxy (RaftServerProxy.java:lambda$start$3(299)) - 3909bd6a-278d-4911-9d70-32680c972d02: start RPC server
2019-10-17 21:15:24,552 [Datanode State Machine Thread - 0] INFO  impl.RaftServerProxy (RaftServerProxy.java:lambda$start$3(299)) - 7c510082-4284-44ef-8cd9-bb38fb15579f: start RPC server
2019-10-17 21:15:24,556 [Datanode State Machine Thread - 0] INFO  server.GrpcService (GrpcService.java:startImpl(158)) - 7c510082-4284-44ef-8cd9-bb38fb15579f: GrpcService started, listening on 0.0.0.0/0.0.0.0:33098
2019-10-17 21:15:24,557 [Datanode State Machine Thread - 0] INFO  server.GrpcService (GrpcService.java:startImpl(158)) - 3909bd6a-278d-4911-9d70-32680c972d02: GrpcService started, listening on 0.0.0.0/0.0.0.0:33343
2019-10-17 21:15:24,557 [Datanode State Machine Thread - 0] INFO  ratis.XceiverServerRatis (XceiverServerRatis.java:start(428)) - XceiverServerRatis 7c510082-4284-44ef-8cd9-bb38fb15579f is started using port 33098
2019-10-17 21:15:24,557 [Datanode State Machine Thread - 0] INFO  ratis.XceiverServerRatis (XceiverServerRatis.java:start(428)) - XceiverServerRatis 3909bd6a-278d-4911-9d70-32680c972d02 is started using port 33343
2019-10-17 21:15:24,561 [Datanode State Machine Thread - 0] INFO  server.XceiverServerGrpc (XceiverServerGrpc.java:start(149)) - XceiverServerGrpc 3909bd6a-278d-4911-9d70-32680c972d02 is started using port 46765
2019-10-17 21:15:24,561 [Datanode State Machine Thread - 0] INFO  server.XceiverServerGrpc (XceiverServerGrpc.java:start(149)) - XceiverServerGrpc 7c510082-4284-44ef-8cd9-bb38fb15579f is started using port 40162
2019-10-17 21:15:24,593 [Datanode State Machine Thread - 0] INFO  ozoneimpl.OzoneContainer (OzoneContainer.java:start(213)) - Attempting to start container services.
2019-10-17 21:15:24,595 [Datanode State Machine Thread - 0] INFO  ozoneimpl.OzoneContainer (OzoneContainer.java:startContainerScrub(177)) - Background container scanner has been disabled.
2019-10-17 21:15:24,595 [Datanode State Machine Thread - 0] INFO  ratis.XceiverServerRatis (XceiverServerRatis.java:start(418)) - Starting XceiverServerRatis d2424f4d-20d2-4104-abcc-02e6288f3ffc at port 0
2019-10-17 21:15:24,604 [Datanode State Machine Thread - 0] INFO  impl.RaftServerProxy (RaftServerProxy.java:lambda$start$3(299)) - d2424f4d-20d2-4104-abcc-02e6288f3ffc: start RPC server
2019-10-17 21:15:24,607 [Datanode State Machine Thread - 0] INFO  server.GrpcService (GrpcService.java:startImpl(158)) - d2424f4d-20d2-4104-abcc-02e6288f3ffc: GrpcService started, listening on 0.0.0.0/0.0.0.0:39352
2019-10-17 21:15:24,607 [Datanode State Machine Thread - 0] INFO  ratis.XceiverServerRatis (XceiverServerRatis.java:start(428)) - XceiverServerRatis d2424f4d-20d2-4104-abcc-02e6288f3ffc is started using port 39352
2019-10-17 21:15:24,608 [Datanode State Machine Thread - 0] INFO  server.XceiverServerGrpc (XceiverServerGrpc.java:start(149)) - XceiverServerGrpc d2424f4d-20d2-4104-abcc-02e6288f3ffc is started using port 40364
2019-10-17 21:15:24,631 [main] INFO  ozone.MiniOzoneClusterImpl (MiniOzoneClusterImpl.java:lambda$waitForClusterToBeReady$0(147)) - Waiting for cluster to be ready. Got 0 of 4 DN Heartbeats.
2019-10-17 21:15:24,648 [Datanode State Machine Thread - 0] INFO  ozoneimpl.OzoneContainer (OzoneContainer.java:start(213)) - Attempting to start container services.
2019-10-17 21:15:24,650 [Datanode State Machine Thread - 0] INFO  ozoneimpl.OzoneContainer (OzoneContainer.java:startContainerScrub(177)) - Background container scanner has been disabled.
2019-10-17 21:15:24,650 [Datanode State Machine Thread - 0] INFO  ratis.XceiverServerRatis (XceiverServerRatis.java:start(418)) - Starting XceiverServerRatis 2813c479-5627-4e56-a839-b6377bb34e33 at port 0
2019-10-17 21:15:24,661 [Datanode State Machine Thread - 0] INFO  impl.RaftServerProxy (RaftServerProxy.java:lambda$start$3(299)) - 2813c479-5627-4e56-a839-b6377bb34e33: start RPC server
2019-10-17 21:15:24,664 [Datanode State Machine Thread - 0] INFO  server.GrpcService (GrpcService.java:startImpl(158)) - 2813c479-5627-4e56-a839-b6377bb34e33: GrpcService started, listening on 0.0.0.0/0.0.0.0:41976
2019-10-17 21:15:24,664 [Datanode State Machine Thread - 0] INFO  ratis.XceiverServerRatis (XceiverServerRatis.java:start(428)) - XceiverServerRatis 2813c479-5627-4e56-a839-b6377bb34e33 is started using port 41976
2019-10-17 21:15:24,666 [Datanode State Machine Thread - 0] INFO  server.XceiverServerGrpc (XceiverServerGrpc.java:start(149)) - XceiverServerGrpc 2813c479-5627-4e56-a839-b6377bb34e33 is started using port 33942
2019-10-17 21:15:25,633 [main] INFO  ozone.MiniOzoneClusterImpl (MiniOzoneClusterImpl.java:lambda$waitForClusterToBeReady$0(147)) - Waiting for cluster to be ready. Got 0 of 4 DN Heartbeats.
2019-10-17 21:15:26,475 [IPC Server handler 0 on 37821] INFO  net.NetworkTopology (NetworkTopologyImpl.java:add(111)) - Added a new node: /rack1/3909bd6a-278d-4911-9d70-32680c972d02
2019-10-17 21:15:26,477 [IPC Server handler 0 on 37821] INFO  node.SCMNodeManager (SCMNodeManager.java:register(268)) - Registered Data node : 3909bd6a-278d-4911-9d70-32680c972d02{ip: 192.168.157.223, host: pr-hdds-2310-7mltm-1665714090, networkLocation: /rack1, certSerialId: null}
2019-10-17 21:15:26,480 [EventQueue-NodeRegistrationContainerReportForDataNodeSafeModeRule] INFO  safemode.SCMSafeModeManager (DataNodeSafeModeRule.java:process(71)) - SCM in safe mode. 1 DataNodes registered, 1 required.
2019-10-17 21:15:26,480 [EventQueue-NodeRegistrationContainerReportForDataNodeSafeModeRule] INFO  safemode.SCMSafeModeManager (SCMSafeModeManager.java:validateSafeModeExitRules(177)) - ScmSafeModeManager, all rules are successfully validated
2019-10-17 21:15:26,481 [EventQueue-NodeRegistrationContainerReportForDataNodeSafeModeRule] INFO  safemode.SCMSafeModeManager (SCMSafeModeManager.java:exitSafeMode(193)) - SCM exiting safe mode.
2019-10-17 21:15:26,494 [IPC Server handler 1 on 37821] INFO  net.NetworkTopology (NetworkTopologyImpl.java:add(111)) - Added a new node: /rack1/7c510082-4284-44ef-8cd9-bb38fb15579f
2019-10-17 21:15:26,494 [IPC Server handler 1 on 37821] INFO  node.SCMNodeManager (SCMNodeManager.java:register(268)) - Registered Data node : 7c510082-4284-44ef-8cd9-bb38fb15579f{ip: 192.168.157.223, host: pr-hdds-2310-7mltm-1665714090, networkLocation: /rack1, certSerialId: null}
2019-10-17 21:15:26,564 [IPC Server handler 2 on 37821] INFO  net.NetworkTopology (NetworkTopologyImpl.java:add(111)) - Added a new node: /rack1/d2424f4d-20d2-4104-abcc-02e6288f3ffc
2019-10-17 21:15:26,564 [IPC Server handler 2 on 37821] INFO  node.SCMNodeManager (SCMNodeManager.java:register(268)) - Registered Data node : d2424f4d-20d2-4104-abcc-02e6288f3ffc{ip: 192.168.157.223, host: pr-hdds-2310-7mltm-1665714090, networkLocation: /rack1, certSerialId: null}
2019-10-17 21:15:26,634 [main] INFO  ozone.MiniOzoneClusterImpl (MiniOzoneClusterImpl.java:lambda$waitForClusterToBeReady$0(147)) - Waiting for cluster to be ready. Got 3 of 4 DN Heartbeats.
2019-10-17 21:15:26,635 [IPC Server handler 4 on 37821] INFO  net.NetworkTopology (NetworkTopologyImpl.java:add(111)) - Added a new node: /rack1/2813c479-5627-4e56-a839-b6377bb34e33
2019-10-17 21:15:26,636 [IPC Server handler 4 on 37821] INFO  node.SCMNodeManager (SCMNodeManager.java:register(268)) - Registered Data node : 2813c479-5627-4e56-a839-b6377bb34e33{ip: 192.168.157.223, host: pr-hdds-2310-7mltm-1665714090, networkLocation: /rack1, certSerialId: null}
2019-10-17 21:15:26,918 [grpc-default-executor-0] INFO  impl.RaftServerProxy (RaftServerProxy.java:addNew(89)) - 3909bd6a-278d-4911-9d70-32680c972d02: addNew group-FD62546677EA:[3909bd6a-278d-4911-9d70-32680c972d02:192.168.157.223:33343] returns group-FD62546677EA:java.util.concurrent.CompletableFuture@aefe55f[Not completed]
2019-10-17 21:15:26,930 [pool-32-thread-1] INFO  impl.RaftServerImpl (RaftServerImpl.java:<init>(104)) - 3909bd6a-278d-4911-9d70-32680c972d02: new RaftServerImpl for group-FD62546677EA:[3909bd6a-278d-4911-9d70-32680c972d02:192.168.157.223:33343] with ContainerStateMachine:uninitialized
2019-10-17 21:15:26,931 [pool-32-thread-1] INFO  server.RaftServerConfigKeys (ConfUtils.java:logGet(43)) - raft.server.rpc.timeout.min = 5s (custom)
2019-10-17 21:15:26,931 [pool-32-thread-1] INFO  server.RaftServerConfigKeys (ConfUtils.java:logGet(43)) - raft.server.rpc.timeout.max = 5200ms (custom)
2019-10-17 21:15:26,932 [pool-32-thread-1] INFO  server.RaftServerConfigKeys (ConfUtils.java:logGet(43)) - raft.server.rpcslowness.timeout = 120s (custom)
2019-10-17 21:15:26,932 [pool-32-thread-1] INFO  server.RaftServerConfigKeys (ConfUtils.java:logGet(43)) - raft.server.sleep.deviation.threshold = 300 (default)
2019-10-17 21:15:26,932 [pool-32-thread-1] INFO  server.RaftServerConfigKeys (ConfUtils.java:logGet(43)) - raft.server.log.appender.install.snapshot.enabled = false (custom)
2019-10-17 21:15:26,932 [pool-32-thread-1] INFO  impl.RaftServerImpl (ServerState.java:<init>(103)) - 3909bd6a-278d-4911-9d70-32680c972d02@group-FD62546677EA: ConfigurationManager, init=-1: [3909bd6a-278d-4911-9d70-32680c972d02:192.168.157.223:33343], old=null, confs=<EMPTY_MAP>
2019-10-17 21:15:26,933 [pool-32-thread-1] INFO  server.RaftServerConfigKeys (ConfUtils.java:logGet(43)) - raft.server.storage.dir = [/workdir/hadoop-ozone/integration-test/target/test-dir/MiniOzoneClusterImpl-b9b5409c-d29d-4233-95df-efa4b45819dc/datanode-0/data/ratis] (custom)
2019-10-17 21:15:26,933 [pool-32-thread-1] INFO  server.RaftServerConfigKeys (ConfUtils.java:logGet(43)) - raft.server.log.corruption.policy = EXCEPTION (default)
2019-10-17 21:15:26,934 [pool-32-thread-1] INFO  storage.RaftStorageDirectory (RaftStorageDirectory.java:analyzeStorage(246)) - The storage directory /workdir/hadoop-ozone/integration-test/target/test-dir/MiniOzoneClusterImpl-b9b5409c-d29d-4233-95df-efa4b45819dc/datanode-0/data/ratis/c1af5acb-84d3-462e-a6a9-fd62546677ea does not exist. Creating ...
2019-10-17 21:15:26,961 [pool-32-thread-1] INFO  storage.RaftStorageDirectory (RaftStorageDirectory.java:tryLock(328)) - Lock on /workdir/hadoop-ozone/integration-test/target/test-dir/MiniOzoneClusterImpl-b9b5409c-d29d-4233-95df-efa4b45819dc/datanode-0/data/ratis/c1af5acb-84d3-462e-a6a9-fd62546677ea/in_use.lock acquired by nodename 17718@pr-hdds-2310-7mltm-1665714090
2019-10-17 21:15:26,974 [pool-32-thread-1] INFO  storage.RaftStorage (RaftStorage.java:format(84)) - Storage directory /workdir/hadoop-ozone/integration-test/target/test-dir/MiniOzoneClusterImpl-b9b5409c-d29d-4233-95df-efa4b45819dc/datanode-0/data/ratis/c1af5acb-84d3-462e-a6a9-fd62546677ea has been successfully formatted.
2019-10-17 21:15:26,975 [pool-32-thread-1] INFO  ratis.ContainerStateMachine (ContainerStateMachine.java:loadSnapshot(231)) - group-FD62546677EA: The snapshot info is null. Setting the last applied indexto:(t:0, i:~)
2019-10-17 21:15:26,976 [pool-32-thread-1] INFO  server.RaftServerConfigKeys (ConfUtils.java:logGet(43)) - raft.server.notification.no-leader.timeout = 120s (custom)
2019-10-17 21:15:26,976 [pool-32-thread-1] INFO  server.RaftServerConfigKeys (ConfUtils.java:logGet(43)) - raft.server.log.use.memory = false (default)
2019-10-17 21:15:26,976 [pool-32-thread-1] INFO  server.RaftServerConfigKeys (ConfUtils.java:logGet(43)) - raft.server.log.purge.gap = 1000000 (custom)
2019-10-17 21:15:26,976 [pool-32-thread-1] INFO  server.RaftServerConfigKeys (ConfUtils.java:logGet(43)) - raft.server.log.appender.buffer.byte-limit = 33554432 (custom)
2019-10-17 21:15:26,977 [pool-32-thread-1] INFO  server.RaftServerConfigKeys (ConfUtils.java:logGet(43)) - raft.server.log.segment.size.max = 1048576 (custom)
2019-10-17 21:15:26,985 [pool-32-thread-1] INFO  server.RaftServerConfigKeys (ConfUtils.java:logGet(43)) - raft.server.log.segment.cache.num.max = 2 (custom)
2019-10-17 21:15:26,986 [pool-32-thread-1] INFO  segmented.SegmentedRaftLogWorker (SegmentedRaftLogWorker.java:<init>(173)) - new 3909bd6a-278d-4911-9d70-32680c972d02@group-FD62546677EA-SegmentedRaftLogWorker for RaftStorage:Storage Directory /workdir/hadoop-ozone/integration-test/target/test-dir/MiniOzoneClusterImpl-b9b5409c-d29d-4233-95df-efa4b45819dc/datanode-0/data/ratis/c1af5acb-84d3-462e-a6a9-fd62546677ea
2019-10-17 21:15:26,986 [pool-32-thread-1] INFO  server.RaftServerConfigKeys (ConfUtils.java:logGet(43)) - raft.server.log.queue.byte-limit = 2147483647 (custom)
2019-10-17 21:15:26,986 [pool-32-thread-1] INFO  server.RaftServerConfigKeys (ConfUtils.java:logGet(43)) - raft.server.log.queue.element-limit = 1024 (custom)
2019-10-17 21:15:26,987 [pool-32-thread-1] INFO  server.RaftServerConfigKeys (ConfUtils.java:logGet(43)) - raft.server.log.segment.size.max = 1048576 (custom)
2019-10-17 21:15:26,987 [pool-32-thread-1] INFO  server.RaftServerConfigKeys (ConfUtils.java:logGet(43)) - raft.server.log.preallocated.size = 16384 (custom)
2019-10-17 21:15:26,987 [pool-32-thread-1] INFO  server.RaftServerConfigKeys (ConfUtils.java:logGet(43)) - raft.server.log.write.buffer.size = 33554432 (custom)
2019-10-17 21:15:26,987 [pool-32-thread-1] INFO  server.RaftServerConfigKeys (ConfUtils.java:logGet(43)) - raft.server.log.force.sync.num = 128 (default)
2019-10-17 21:15:26,988 [pool-32-thread-1] INFO  server.RaftServerConfigKeys (ConfUtils.java:logGet(43)) - raft.server.log.statemachine.data.sync = true (default)
2019-10-17 21:15:26,988 [pool-32-thread-1] INFO  server.RaftServerConfigKeys (ConfUtils.java:logGet(43)) - raft.server.log.statemachine.data.sync.timeout = 10s (default)
2019-10-17 21:15:26,988 [pool-32-thread-1] INFO  server.RaftServerConfigKeys (ConfUtils.java:logGet(43)) - raft.server.log.statemachine.data.sync.timeout.retry = -1 (default)
2019-10-17 21:15:26,990 [pool-32-thread-1] INFO  server.RaftServerConfigKeys (ConfUtils.java:logGet(43)) - raft.server.log.statemachine.data.caching.enabled = true (custom)
2019-10-17 21:15:26,991 [pool-32-thread-1] INFO  segmented.SegmentedRaftLogWorker (SegmentedRaftLogWorker.java:lambda$new$0(128)) - 3909bd6a-278d-4911-9d70-32680c972d02@group-FD62546677EA-SegmentedRaftLogWorker: flushIndex: setUnconditionally 0 -> -1
2019-10-17 21:15:26,991 [pool-32-thread-1] INFO  server.RaftServerConfigKeys (ConfUtils.java:logGet(43)) - raft.server.snapshot.auto.trigger.enabled = true (custom)
2019-10-17 21:15:26,992 [pool-32-thread-1] INFO  server.RaftServerConfigKeys (ConfUtils.java:logGet(43)) - raft.server.snapshot.auto.trigger.threshold = 10000 (custom)
2019-10-17 21:15:26,992 [pool-32-thread-1] INFO  server.RaftServerConfigKeys (ConfUtils.java:logGet(43)) - raft.server.snapshot.retention.file.num = 5 (custom)
2019-10-17 21:15:26,992 [pool-32-thread-1] INFO  server.RaftServerConfigKeys (ConfUtils.java:logGet(43)) - raft.server.retrycache.expirytime = 600000ms (custom)
2019-10-17 21:15:27,007 [pool-32-thread-1] INFO  impl.RaftServerImpl (RaftServerImpl.java:start(195)) - 3909bd6a-278d-4911-9d70-32680c972d02@group-FD62546677EA: start as a follower, conf=-1: [3909bd6a-278d-4911-9d70-32680c972d02:192.168.157.223:33343], old=null
2019-10-17 21:15:27,007 [pool-32-thread-1] INFO  impl.RaftServerImpl (RaftServerImpl.java:setRole(184)) - 3909bd6a-278d-4911-9d70-32680c972d02@group-FD62546677EA: changes role from      null to FOLLOWER at term 0 for startAsFollower
2019-10-17 21:15:27,008 [pool-32-thread-1] INFO  impl.RoleInfo (RoleInfo.java:updateAndGet(143)) - 3909bd6a-278d-4911-9d70-32680c972d02: start FollowerState
2019-10-17 21:15:27,008 [pool-32-thread-1] INFO  util.JmxRegister (JmxRegister.java:tryRegister(44)) - Successfully registered JMX Bean with object name Ratis:service=RaftServer,group=group-FD62546677EA,id=3909bd6a-278d-4911-9d70-32680c972d02
2019-10-17 21:15:27,050 [Thread-202] INFO  impl.FollowerState (FollowerState.java:run(108)) - 3909bd6a-278d-4911-9d70-32680c972d02@group-FD62546677EA-FollowerState: change to CANDIDATE, lastRpcTime:42ms, electionTimeout:42ms
2019-10-17 21:15:27,052 [Thread-202] INFO  impl.RoleInfo (RoleInfo.java:shutdownFollowerState(121)) - 3909bd6a-278d-4911-9d70-32680c972d02: shutdown FollowerState
2019-10-17 21:15:27,052 [Thread-202] INFO  impl.RaftServerImpl (RaftServerImpl.java:setRole(184)) - 3909bd6a-278d-4911-9d70-32680c972d02@group-FD62546677EA: changes role from  FOLLOWER to CANDIDATE at term 0 for changeToCandidate
2019-10-17 21:15:27,052 [Thread-202] INFO  impl.RoleInfo (RoleInfo.java:updateAndGet(143)) - 3909bd6a-278d-4911-9d70-32680c972d02: start LeaderElection
2019-10-17 21:15:27,068 [3909bd6a-278d-4911-9d70-32680c972d02@group-FD62546677EA-LeaderElection2] INFO  impl.LeaderElection (LeaderElection.java:askForVotes(178)) - 3909bd6a-278d-4911-9d70-32680c972d02@group-FD62546677EA-LeaderElection2: begin an election at term 1 for -1: [3909bd6a-278d-4911-9d70-32680c972d02:192.168.157.223:33343], old=null
2019-10-17 21:15:27,070 [3909bd6a-278d-4911-9d70-32680c972d02@group-FD62546677EA-LeaderElection2] INFO  impl.RoleInfo (RoleInfo.java:shutdownLeaderElection(134)) - 3909bd6a-278d-4911-9d70-32680c972d02: shutdown LeaderElection
2019-10-17 21:15:27,070 [3909bd6a-278d-4911-9d70-32680c972d02@group-FD62546677EA-LeaderElection2] INFO  impl.RaftServerImpl (RaftServerImpl.java:setRole(184)) - 3909bd6a-278d-4911-9d70-32680c972d02@group-FD62546677EA: changes role from CANDIDATE to LEADER at term 1 for changeToLeader
2019-10-17 21:15:27,071 [3909bd6a-278d-4911-9d70-32680c972d02@group-FD62546677EA-LeaderElection2] INFO  impl.RaftServerImpl (ServerState.java:setLeader(256)) - 3909bd6a-278d-4911-9d70-32680c972d02@group-FD62546677EA: change Leader from null to 3909bd6a-278d-4911-9d70-32680c972d02 at term 1 for becomeLeader, leader elected after 95ms
2019-10-17 21:15:27,071 [3909bd6a-278d-4911-9d70-32680c972d02@group-FD62546677EA-LeaderElection2] INFO  server.RaftServerConfigKeys (ConfUtils.java:logGet(43)) - raft.server.staging.catchup.gap = 1000 (default)
2019-10-17 21:15:27,071 [3909bd6a-278d-4911-9d70-32680c972d02@group-FD62546677EA-LeaderElection2] INFO  server.RaftServerConfigKeys (ConfUtils.java:logGet(43)) - raft.server.rpc.sleep.time = 25ms (default)
2019-10-17 21:15:27,071 [3909bd6a-278d-4911-9d70-32680c972d02@group-FD62546677EA-LeaderElection2] INFO  server.RaftServerConfigKeys (ConfUtils.java:logGet(43)) - raft.server.write.element-limit = 4096 (default)
2019-10-17 21:15:27,072 [3909bd6a-278d-4911-9d70-32680c972d02@group-FD62546677EA-LeaderElection2] INFO  server.RaftServerConfigKeys (ConfUtils.java:logGet(43)) - raft.server.watch.timeout = 10s (default)
2019-10-17 21:15:27,072 [3909bd6a-278d-4911-9d70-32680c972d02@group-FD62546677EA-LeaderElection2] INFO  server.RaftServerConfigKeys (ConfUtils.java:logGet(43)) - raft.server.watch.timeout.denomination = 1s (default)
2019-10-17 21:15:27,072 [3909bd6a-278d-4911-9d70-32680c972d02@group-FD62546677EA-LeaderElection2] INFO  server.RaftServerConfigKeys (ConfUtils.java:logGet(43)) - raft.server.watch.element-limit = 65536 (default)
2019-10-17 21:15:27,078 [3909bd6a-278d-4911-9d70-32680c972d02@group-FD62546677EA-LeaderElection2] INFO  impl.RoleInfo (RoleInfo.java:updateAndGet(143)) - 3909bd6a-278d-4911-9d70-32680c972d02: start LeaderState
2019-10-17 21:15:27,078 [3909bd6a-278d-4911-9d70-32680c972d02@group-FD62546677EA-LeaderElection2] INFO  segmented.SegmentedRaftLogWorker (SegmentedRaftLogWorker.java:startLogSegment(385)) - 3909bd6a-278d-4911-9d70-32680c972d02@group-FD62546677EA-SegmentedRaftLogWorker: Starting segment from index:0
2019-10-17 21:15:27,079 [3909bd6a-278d-4911-9d70-32680c972d02@group-FD62546677EA-LeaderElection2] INFO  impl.RaftServerImpl (ServerState.java:setRaftConf(357)) - 3909bd6a-278d-4911-9d70-32680c972d02@group-FD62546677EA: set configuration 0: [3909bd6a-278d-4911-9d70-32680c972d02:192.168.157.223:33343], old=null at 0
2019-10-17 21:15:27,113 [RatisPipelineUtilsThread] INFO  pipeline.PipelineStateManager (PipelineStateManager.java:addPipeline(56)) - Created pipeline Pipeline[ Id: c1af5acb-84d3-462e-a6a9-fd62546677ea, Nodes: 3909bd6a-278d-4911-9d70-32680c972d02{ip: 192.168.157.223, host: pr-hdds-2310-7mltm-1665714090, networkLocation: /rack1, certSerialId: null}, Type:RATIS, Factor:ONE, State:OPEN]
2019-10-17 21:15:27,124 [3909bd6a-278d-4911-9d70-32680c972d02@group-FD62546677EA-SegmentedRaftLogWorker] INFO  segmented.SegmentedRaftLogWorker (SegmentedRaftLogWorker.java:execute(576)) - 3909bd6a-278d-4911-9d70-32680c972d02@group-FD62546677EA-SegmentedRaftLogWorker: created new log segment /workdir/hadoop-ozone/integration-test/target/test-dir/MiniOzoneClusterImpl-b9b5409c-d29d-4233-95df-efa4b45819dc/datanode-0/data/ratis/c1af5acb-84d3-462e-a6a9-fd62546677ea/current/log_inprogress_0
2019-10-17 21:15:27,136 [grpc-default-executor-0] INFO  impl.RaftServerProxy (RaftServerProxy.java:addNew(89)) - d2424f4d-20d2-4104-abcc-02e6288f3ffc: addNew group-187250EBB6DA:[d2424f4d-20d2-4104-abcc-02e6288f3ffc:192.168.157.223:39352] returns group-187250EBB6DA:java.util.concurrent.CompletableFuture@4aba573[Not completed]
2019-10-17 21:15:27,148 [pool-52-thread-1] INFO  impl.RaftServerImpl (RaftServerImpl.java:<init>(104)) - d2424f4d-20d2-4104-abcc-02e6288f3ffc: new RaftServerImpl for group-187250EBB6DA:[d2424f4d-20d2-4104-abcc-02e6288f3ffc:192.168.157.223:39352] with ContainerStateMachine:uninitialized
2019-10-17 21:15:27,154 [pool-52-thread-1] INFO  server.RaftServerConfigKeys (ConfUtils.java:logGet(43)) - raft.server.rpc.timeout.min = 5s (custom)
2019-10-17 21:15:27,154 [pool-52-thread-1] INFO  server.RaftServerConfigKeys (ConfUtils.java:logGet(43)) - raft.server.rpc.timeout.max = 5200ms (custom)
2019-10-17 21:15:27,155 [pool-52-thread-1] INFO  server.RaftServerConfigKeys (ConfUtils.java:logGet(43)) - raft.server.rpcslowness.timeout = 120s (custom)
2019-10-17 21:15:27,155 [pool-52-thread-1] INFO  server.RaftServerConfigKeys (ConfUtils.java:logGet(43)) - raft.server.sleep.deviation.threshold = 300 (default)
2019-10-17 21:15:27,155 [pool-52-thread-1] INFO  server.RaftServerConfigKeys (ConfUtils.java:logGet(43)) - raft.server.log.appender.install.snapshot.enabled = false (custom)
2019-10-17 21:15:27,155 [pool-52-thread-1] INFO  impl.RaftServerImpl (ServerState.java:<init>(103)) - d2424f4d-20d2-4104-abcc-02e6288f3ffc@group-187250EBB6DA: ConfigurationManager, init=-1: [d2424f4d-20d2-4104-abcc-02e6288f3ffc:192.168.157.223:39352], old=null, confs=<EMPTY_MAP>
2019-10-17 21:15:27,156 [pool-52-thread-1] INFO  server.RaftServerConfigKeys (ConfUtils.java:logGet(43)) - raft.server.storage.dir = [/workdir/hadoop-ozone/integration-test/target/test-dir/MiniOzoneClusterImpl-b9b5409c-d29d-4233-95df-efa4b45819dc/datanode-2/data/ratis] (custom)
2019-10-17 21:15:27,157 [pool-52-thread-1] INFO  server.RaftServerConfigKeys (ConfUtils.java:logGet(43)) - raft.server.log.corruption.policy = EXCEPTION (default)
2019-10-17 21:15:27,157 [pool-52-thread-1] INFO  storage.RaftStorageDirectory (RaftStorageDirectory.java:analyzeStorage(246)) - The storage directory /workdir/hadoop-ozone/integration-test/target/test-dir/MiniOzoneClusterImpl-b9b5409c-d29d-4233-95df-efa4b45819dc/datanode-2/data/ratis/e3cc5954-1ce8-4c63-9029-187250ebb6da does not exist. Creating ...
2019-10-17 21:15:27,170 [pool-52-thread-1] INFO  storage.RaftStorageDirectory (RaftStorageDirectory.java:tryLock(328)) - Lock on /workdir/hadoop-ozone/integration-test/target/test-dir/MiniOzoneClusterImpl-b9b5409c-d29d-4233-95df-efa4b45819dc/datanode-2/data/ratis/e3cc5954-1ce8-4c63-9029-187250ebb6da/in_use.lock acquired by nodename 17718@pr-hdds-2310-7mltm-1665714090
2019-10-17 21:15:27,184 [pool-52-thread-1] INFO  storage.RaftStorage (RaftStorage.java:format(84)) - Storage directory /workdir/hadoop-ozone/integration-test/target/test-dir/MiniOzoneClusterImpl-b9b5409c-d29d-4233-95df-efa4b45819dc/datanode-2/data/ratis/e3cc5954-1ce8-4c63-9029-187250ebb6da has been successfully formatted.
2019-10-17 21:15:27,184 [pool-52-thread-1] INFO  ratis.ContainerStateMachine (ContainerStateMachine.java:loadSnapshot(231)) - group-187250EBB6DA: The snapshot info is null. Setting the last applied indexto:(t:0, i:~)
2019-10-17 21:15:27,185 [pool-52-thread-1] INFO  server.RaftServerConfigKeys (ConfUtils.java:logGet(43)) - raft.server.notification.no-leader.timeout = 120s (custom)
2019-10-17 21:15:27,186 [pool-52-thread-1] INFO  server.RaftServerConfigKeys (ConfUtils.java:logGet(43)) - raft.server.log.use.memory = false (default)
2019-10-17 21:15:27,186 [pool-52-thread-1] INFO  server.RaftServerConfigKeys (ConfUtils.java:logGet(43)) - raft.server.log.purge.gap = 1000000 (custom)
2019-10-17 21:15:27,186 [pool-52-thread-1] INFO  server.RaftServerConfigKeys (ConfUtils.java:logGet(43)) - raft.server.log.appender.buffer.byte-limit = 33554432 (custom)
2019-10-17 21:15:27,186 [pool-52-thread-1] INFO  server.RaftServerConfigKeys (ConfUtils.java:logGet(43)) - raft.server.log.segment.size.max = 1048576 (custom)
2019-10-17 21:15:27,189 [pool-52-thread-1] INFO  server.RaftServerConfigKeys (ConfUtils.java:logGet(43)) - raft.server.log.segment.cache.num.max = 2 (custom)
2019-10-17 21:15:27,189 [pool-52-thread-1] INFO  segmented.SegmentedRaftLogWorker (SegmentedRaftLogWorker.java:<init>(173)) - new d2424f4d-20d2-4104-abcc-02e6288f3ffc@group-187250EBB6DA-SegmentedRaftLogWorker for RaftStorage:Storage Directory /workdir/hadoop-ozone/integration-test/target/test-dir/MiniOzoneClusterImpl-b9b5409c-d29d-4233-95df-efa4b45819dc/datanode-2/data/ratis/e3cc5954-1ce8-4c63-9029-187250ebb6da
2019-10-17 21:15:27,189 [pool-52-thread-1] INFO  server.RaftServerConfigKeys (ConfUtils.java:logGet(43)) - raft.server.log.queue.byte-limit = 2147483647 (custom)
2019-10-17 21:15:27,189 [pool-52-thread-1] INFO  server.RaftServerConfigKeys (ConfUtils.java:logGet(43)) - raft.server.log.queue.element-limit = 1024 (custom)
2019-10-17 21:15:27,189 [pool-52-thread-1] INFO  server.RaftServerConfigKeys (ConfUtils.java:logGet(43)) - raft.server.log.segment.size.max = 1048576 (custom)
2019-10-17 21:15:27,189 [pool-52-thread-1] INFO  server.RaftServerConfigKeys (ConfUtils.java:logGet(43)) - raft.server.log.preallocated.size = 16384 (custom)
2019-10-17 21:15:27,189 [pool-52-thread-1] INFO  server.RaftServerConfigKeys (ConfUtils.java:logGet(43)) - raft.server.log.write.buffer.size = 33554432 (custom)
2019-10-17 21:15:27,190 [pool-52-thread-1] INFO  server.RaftServerConfigKeys (ConfUtils.java:logGet(43)) - raft.server.log.force.sync.num = 128 (default)
2019-10-17 21:15:27,190 [pool-52-thread-1] INFO  server.RaftServerConfigKeys (ConfUtils.java:logGet(43)) - raft.server.log.statemachine.data.sync = true (default)
2019-10-17 21:15:27,190 [pool-52-thread-1] INFO  server.RaftServerConfigKeys (ConfUtils.java:logGet(43)) - raft.server.log.statemachine.data.sync.timeout = 10s (default)
2019-10-17 21:15:27,190 [pool-52-thread-1] INFO  server.RaftServerConfigKeys (ConfUtils.java:logGet(43)) - raft.server.log.statemachine.data.sync.timeout.retry = -1 (default)
2019-10-17 21:15:27,190 [pool-52-thread-1] INFO  server.RaftServerConfigKeys (ConfUtils.java:logGet(43)) - raft.server.log.statemachine.data.caching.enabled = true (custom)
2019-10-17 21:15:27,191 [pool-52-thread-1] INFO  segmented.SegmentedRaftLogWorker (SegmentedRaftLogWorker.java:lambda$new$0(128)) - d2424f4d-20d2-4104-abcc-02e6288f3ffc@group-187250EBB6DA-SegmentedRaftLogWorker: flushIndex: setUnconditionally 0 -> -1
2019-10-17 21:15:27,191 [pool-52-thread-1] INFO  server.RaftServerConfigKeys (ConfUtils.java:logGet(43)) - raft.server.snapshot.auto.trigger.enabled = true (custom)
2019-10-17 21:15:27,191 [pool-52-thread-1] INFO  server.RaftServerConfigKeys (ConfUtils.java:logGet(43)) - raft.server.snapshot.auto.trigger.threshold = 10000 (custom)
2019-10-17 21:15:27,191 [pool-52-thread-1] INFO  server.RaftServerConfigKeys (ConfUtils.java:logGet(43)) - raft.server.snapshot.retention.file.num = 5 (custom)
2019-10-17 21:15:27,191 [pool-52-thread-1] INFO  server.RaftServerConfigKeys (ConfUtils.java:logGet(43)) - raft.server.retrycache.expirytime = 600000ms (custom)
2019-10-17 21:15:27,196 [pool-52-thread-1] INFO  impl.RaftServerImpl (RaftServerImpl.java:start(195)) - d2424f4d-20d2-4104-abcc-02e6288f3ffc@group-187250EBB6DA: start as a follower, conf=-1: [d2424f4d-20d2-4104-abcc-02e6288f3ffc:192.168.157.223:39352], old=null
2019-10-17 21:15:27,196 [pool-52-thread-1] INFO  impl.RaftServerImpl (RaftServerImpl.java:setRole(184)) - d2424f4d-20d2-4104-abcc-02e6288f3ffc@group-187250EBB6DA: changes role from      null to FOLLOWER at term 0 for startAsFollower
2019-10-17 21:15:27,196 [pool-52-thread-1] INFO  impl.RoleInfo (RoleInfo.java:updateAndGet(143)) - d2424f4d-20d2-4104-abcc-02e6288f3ffc: start FollowerState
2019-10-17 21:15:27,197 [pool-52-thread-1] INFO  util.JmxRegister (JmxRegister.java:tryRegister(44)) - Successfully registered JMX Bean with object name Ratis:service=RaftServer,group=group-187250EBB6DA,id=d2424f4d-20d2-4104-abcc-02e6288f3ffc
2019-10-17 21:15:27,213 [RatisPipelineUtilsThread] INFO  pipeline.PipelineStateManager (PipelineStateManager.java:addPipeline(56)) - Created pipeline Pipeline[ Id: e3cc5954-1ce8-4c63-9029-187250ebb6da, Nodes: d2424f4d-20d2-4104-abcc-02e6288f3ffc{ip: 192.168.157.223, host: pr-hdds-2310-7mltm-1665714090, networkLocation: /rack1, certSerialId: null}, Type:RATIS, Factor:ONE, State:OPEN]
2019-10-17 21:15:27,232 [grpc-default-executor-0] INFO  impl.RaftServerProxy (RaftServerProxy.java:addNew(89)) - 7c510082-4284-44ef-8cd9-bb38fb15579f: addNew group-86322AC6EADB:[7c510082-4284-44ef-8cd9-bb38fb15579f:192.168.157.223:33098] returns group-86322AC6EADB:java.util.concurrent.CompletableFuture@5dee3bf[Not completed]
2019-10-17 21:15:27,234 [pool-42-thread-1] INFO  impl.RaftServerImpl (RaftServerImpl.java:<init>(104)) - 7c510082-4284-44ef-8cd9-bb38fb15579f: new RaftServerImpl for group-86322AC6EADB:[7c510082-4284-44ef-8cd9-bb38fb15579f:192.168.157.223:33098] with ContainerStateMachine:uninitialized
2019-10-17 21:15:27,235 [pool-42-thread-1] INFO  server.RaftServerConfigKeys (ConfUtils.java:logGet(43)) - raft.server.rpc.timeout.min = 5s (custom)
2019-10-17 21:15:27,235 [pool-42-thread-1] INFO  server.RaftServerConfigKeys (ConfUtils.java:logGet(43)) - raft.server.rpc.timeout.max = 5200ms (custom)
2019-10-17 21:15:27,235 [pool-42-thread-1] INFO  server.RaftServerConfigKeys (ConfUtils.java:logGet(43)) - raft.server.rpcslowness.timeout = 120s (custom)
2019-10-17 21:15:27,235 [pool-42-thread-1] INFO  server.RaftServerConfigKeys (ConfUtils.java:logGet(43)) - raft.server.sleep.deviation.threshold = 300 (default)
2019-10-17 21:15:27,235 [pool-42-thread-1] INFO  server.RaftServerConfigKeys (ConfUtils.java:logGet(43)) - raft.server.log.appender.install.snapshot.enabled = false (custom)
2019-10-17 21:15:27,235 [pool-42-thread-1] INFO  impl.RaftServerImpl (ServerState.java:<init>(103)) - 7c510082-4284-44ef-8cd9-bb38fb15579f@group-86322AC6EADB: ConfigurationManager, init=-1: [7c510082-4284-44ef-8cd9-bb38fb15579f:192.168.157.223:33098], old=null, confs=<EMPTY_MAP>
2019-10-17 21:15:27,236 [pool-42-thread-1] INFO  server.RaftServerConfigKeys (ConfUtils.java:logGet(43)) - raft.server.storage.dir = [/workdir/hadoop-ozone/integration-test/target/test-dir/MiniOzoneClusterImpl-b9b5409c-d29d-4233-95df-efa4b45819dc/datanode-1/data/ratis] (custom)
2019-10-17 21:15:27,236 [pool-42-thread-1] INFO  server.RaftServerConfigKeys (ConfUtils.java:logGet(43)) - raft.server.log.corruption.policy = EXCEPTION (default)
2019-10-17 21:15:27,237 [pool-42-thread-1] INFO  storage.RaftStorageDirectory (RaftStorageDirectory.java:analyzeStorage(246)) - The storage directory /workdir/hadoop-ozone/integration-test/target/test-dir/MiniOzoneClusterImpl-b9b5409c-d29d-4233-95df-efa4b45819dc/datanode-1/data/ratis/de8a1e01-903a-4805-afd8-86322ac6eadb does not exist. Creating ...
2019-10-17 21:15:27,249 [pool-42-thread-1] INFO  storage.RaftStorageDirectory (RaftStorageDirectory.java:tryLock(328)) - Lock on /workdir/hadoop-ozone/integration-test/target/test-dir/MiniOzoneClusterImpl-b9b5409c-d29d-4233-95df-efa4b45819dc/datanode-1/data/ratis/de8a1e01-903a-4805-afd8-86322ac6eadb/in_use.lock acquired by nodename 17718@pr-hdds-2310-7mltm-1665714090
2019-10-17 21:15:27,262 [pool-42-thread-1] INFO  storage.RaftStorage (RaftStorage.java:format(84)) - Storage directory /workdir/hadoop-ozone/integration-test/target/test-dir/MiniOzoneClusterImpl-b9b5409c-d29d-4233-95df-efa4b45819dc/datanode-1/data/ratis/de8a1e01-903a-4805-afd8-86322ac6eadb has been successfully formatted.
2019-10-17 21:15:27,262 [pool-42-thread-1] INFO  ratis.ContainerStateMachine (ContainerStateMachine.java:loadSnapshot(231)) - group-86322AC6EADB: The snapshot info is null. Setting the last applied indexto:(t:0, i:~)
2019-10-17 21:15:27,263 [pool-42-thread-1] INFO  server.RaftServerConfigKeys (ConfUtils.java:logGet(43)) - raft.server.notification.no-leader.timeout = 120s (custom)
2019-10-17 21:15:27,263 [pool-42-thread-1] INFO  server.RaftServerConfigKeys (ConfUtils.java:logGet(43)) - raft.server.log.use.memory = false (default)
2019-10-17 21:15:27,263 [pool-42-thread-1] INFO  server.RaftServerConfigKeys (ConfUtils.java:logGet(43)) - raft.server.log.purge.gap = 1000000 (custom)
2019-10-17 21:15:27,263 [pool-42-thread-1] INFO  server.RaftServerConfigKeys (ConfUtils.java:logGet(43)) - raft.server.log.appender.buffer.byte-limit = 33554432 (custom)
2019-10-17 21:15:27,263 [pool-42-thread-1] INFO  server.RaftServerConfigKeys (ConfUtils.java:logGet(43)) - raft.server.log.segment.size.max = 1048576 (custom)
2019-10-17 21:15:27,266 [pool-42-thread-1] INFO  server.RaftServerConfigKeys (ConfUtils.java:logGet(43)) - raft.server.log.segment.cache.num.max = 2 (custom)
2019-10-17 21:15:27,266 [pool-42-thread-1] INFO  segmented.SegmentedRaftLogWorker (SegmentedRaftLogWorker.java:<init>(173)) - new 7c510082-4284-44ef-8cd9-bb38fb15579f@group-86322AC6EADB-SegmentedRaftLogWorker for RaftStorage:Storage Directory /workdir/hadoop-ozone/integration-test/target/test-dir/MiniOzoneClusterImpl-b9b5409c-d29d-4233-95df-efa4b45819dc/datanode-1/data/ratis/de8a1e01-903a-4805-afd8-86322ac6eadb
2019-10-17 21:15:27,266 [pool-42-thread-1] INFO  server.RaftServerConfigKeys (ConfUtils.java:logGet(43)) - raft.server.log.queue.byte-limit = 2147483647 (custom)
2019-10-17 21:15:27,266 [pool-42-thread-1] INFO  server.RaftServerConfigKeys (ConfUtils.java:logGet(43)) - raft.server.log.queue.element-limit = 1024 (custom)
2019-10-17 21:15:27,267 [pool-42-thread-1] INFO  server.RaftServerConfigKeys (ConfUtils.java:logGet(43)) - raft.server.log.segment.size.max = 1048576 (custom)
2019-10-17 21:15:27,267 [pool-42-thread-1] INFO  server.RaftServerConfigKeys (ConfUtils.java:logGet(43)) - raft.server.log.preallocated.size = 16384 (custom)
2019-10-17 21:15:27,267 [pool-42-thread-1] INFO  server.RaftServerConfigKeys (ConfUtils.java:logGet(43)) - raft.server.log.write.buffer.size = 33554432 (custom)
2019-10-17 21:15:27,267 [pool-42-thread-1] INFO  server.RaftServerConfigKeys (ConfUtils.java:logGet(43)) - raft.server.log.force.sync.num = 128 (default)
2019-10-17 21:15:27,267 [pool-42-thread-1] INFO  server.RaftServerConfigKeys (ConfUtils.java:logGet(43)) - raft.server.log.statemachine.data.sync = true (default)
2019-10-17 21:15:27,267 [pool-42-thread-1] INFO  server.RaftServerConfigKeys (ConfUtils.java:logGet(43)) - raft.server.log.statemachine.data.sync.timeout = 10s (default)
2019-10-17 21:15:27,267 [pool-42-thread-1] INFO  server.RaftServerConfigKeys (ConfUtils.java:logGet(43)) - raft.server.log.statemachine.data.sync.timeout.retry = -1 (default)
2019-10-17 21:15:27,268 [pool-42-thread-1] INFO  server.RaftServerConfigKeys (ConfUtils.java:logGet(43)) - raft.server.log.statemachine.data.caching.enabled = true (custom)
2019-10-17 21:15:27,268 [pool-42-thread-1] INFO  segmented.SegmentedRaftLogWorker (SegmentedRaftLogWorker.java:lambda$new$0(128)) - 7c510082-4284-44ef-8cd9-bb38fb15579f@group-86322AC6EADB-SegmentedRaftLogWorker: flushIndex: setUnconditionally 0 -> -1
2019-10-17 21:15:27,269 [pool-42-thread-1] INFO  server.RaftServerConfigKeys (ConfUtils.java:logGet(43)) - raft.server.snapshot.auto.trigger.enabled = true (custom)
2019-10-17 21:15:27,269 [pool-42-thread-1] INFO  server.RaftServerConfigKeys (ConfUtils.java:logGet(43)) - raft.server.snapshot.auto.trigger.threshold = 10000 (custom)
2019-10-17 21:15:27,269 [pool-42-thread-1] INFO  server.RaftServerConfigKeys (ConfUtils.java:logGet(43)) - raft.server.snapshot.retention.file.num = 5 (custom)
2019-10-17 21:15:27,269 [pool-42-thread-1] INFO  server.RaftServerConfigKeys (ConfUtils.java:logGet(43)) - raft.server.retrycache.expirytime = 600000ms (custom)
2019-10-17 21:15:27,274 [pool-42-thread-1] INFO  impl.RaftServerImpl (RaftServerImpl.java:start(195)) - 7c510082-4284-44ef-8cd9-bb38fb15579f@group-86322AC6EADB: start as a follower, conf=-1: [7c510082-4284-44ef-8cd9-bb38fb15579f:192.168.157.223:33098], old=null
2019-10-17 21:15:27,274 [pool-42-thread-1] INFO  impl.RaftServerImpl (RaftServerImpl.java:setRole(184)) - 7c510082-4284-44ef-8cd9-bb38fb15579f@group-86322AC6EADB: changes role from      null to FOLLOWER at term 0 for startAsFollower
2019-10-17 21:15:27,274 [pool-42-thread-1] INFO  impl.RoleInfo (RoleInfo.java:updateAndGet(143)) - 7c510082-4284-44ef-8cd9-bb38fb15579f: start FollowerState
2019-10-17 21:15:27,275 [pool-42-thread-1] INFO  util.JmxRegister (JmxRegister.java:tryRegister(44)) - Successfully registered JMX Bean with object name Ratis:service=RaftServer,group=group-86322AC6EADB,id=7c510082-4284-44ef-8cd9-bb38fb15579f
2019-10-17 21:15:27,287 [RatisPipelineUtilsThread] INFO  pipeline.PipelineStateManager (PipelineStateManager.java:addPipeline(56)) - Created pipeline Pipeline[ Id: de8a1e01-903a-4805-afd8-86322ac6eadb, Nodes: 7c510082-4284-44ef-8cd9-bb38fb15579f{ip: 192.168.157.223, host: pr-hdds-2310-7mltm-1665714090, networkLocation: /rack1, certSerialId: null}, Type:RATIS, Factor:ONE, State:OPEN]
2019-10-17 21:15:27,302 [grpc-default-executor-0] INFO  impl.RaftServerProxy (RaftServerProxy.java:addNew(89)) - 2813c479-5627-4e56-a839-b6377bb34e33: addNew group-A4F4000A90EE:[2813c479-5627-4e56-a839-b6377bb34e33:192.168.157.223:41976] returns group-A4F4000A90EE:java.util.concurrent.CompletableFuture@4152543a[Not completed]
2019-10-17 21:15:27,304 [pool-62-thread-1] INFO  impl.RaftServerImpl (RaftServerImpl.java:<init>(104)) - 2813c479-5627-4e56-a839-b6377bb34e33: new RaftServerImpl for group-A4F4000A90EE:[2813c479-5627-4e56-a839-b6377bb34e33:192.168.157.223:41976] with ContainerStateMachine:uninitialized
2019-10-17 21:15:27,304 [pool-62-thread-1] INFO  server.RaftServerConfigKeys (ConfUtils.java:logGet(43)) - raft.server.rpc.timeout.min = 5s (custom)
2019-10-17 21:15:27,304 [pool-62-thread-1] INFO  server.RaftServerConfigKeys (ConfUtils.java:logGet(43)) - raft.server.rpc.timeout.max = 5200ms (custom)
2019-10-17 21:15:27,304 [pool-62-thread-1] INFO  server.RaftServerConfigKeys (ConfUtils.java:logGet(43)) - raft.server.rpcslowness.timeout = 120s (custom)
2019-10-17 21:15:27,304 [pool-62-thread-1] INFO  server.RaftServerConfigKeys (ConfUtils.java:logGet(43)) - raft.server.sleep.deviation.threshold = 300 (default)
2019-10-17 21:15:27,304 [pool-62-thread-1] INFO  server.RaftServerConfigKeys (ConfUtils.java:logGet(43)) - raft.server.log.appender.install.snapshot.enabled = false (custom)
2019-10-17 21:15:27,305 [pool-62-thread-1] INFO  impl.RaftServerImpl (ServerState.java:<init>(103)) - 2813c479-5627-4e56-a839-b6377bb34e33@group-A4F4000A90EE: ConfigurationManager, init=-1: [2813c479-5627-4e56-a839-b6377bb34e33:192.168.157.223:41976], old=null, confs=<EMPTY_MAP>
2019-10-17 21:15:27,305 [pool-62-thread-1] INFO  server.RaftServerConfigKeys (ConfUtils.java:logGet(43)) - raft.server.storage.dir = [/workdir/hadoop-ozone/integration-test/target/test-dir/MiniOzoneClusterImpl-b9b5409c-d29d-4233-95df-efa4b45819dc/datanode-3/data/ratis] (custom)
2019-10-17 21:15:27,305 [pool-62-thread-1] INFO  server.RaftServerConfigKeys (ConfUtils.java:logGet(43)) - raft.server.log.corruption.policy = EXCEPTION (default)
2019-10-17 21:15:27,306 [pool-62-thread-1] INFO  storage.RaftStorageDirectory (RaftStorageDirectory.java:analyzeStorage(246)) - The storage directory /workdir/hadoop-ozone/integration-test/target/test-dir/MiniOzoneClusterImpl-b9b5409c-d29d-4233-95df-efa4b45819dc/datanode-3/data/ratis/7672d857-1652-45f8-baa6-a4f4000a90ee does not exist. Creating ...
2019-10-17 21:15:27,318 [pool-62-thread-1] INFO  storage.RaftStorageDirectory (RaftStorageDirectory.java:tryLock(328)) - Lock on /workdir/hadoop-ozone/integration-test/target/test-dir/MiniOzoneClusterImpl-b9b5409c-d29d-4233-95df-efa4b45819dc/datanode-3/data/ratis/7672d857-1652-45f8-baa6-a4f4000a90ee/in_use.lock acquired by nodename 17718@pr-hdds-2310-7mltm-1665714090
2019-10-17 21:15:27,335 [pool-62-thread-1] INFO  storage.RaftStorage (RaftStorage.java:format(84)) - Storage directory /workdir/hadoop-ozone/integration-test/target/test-dir/MiniOzoneClusterImpl-b9b5409c-d29d-4233-95df-efa4b45819dc/datanode-3/data/ratis/7672d857-1652-45f8-baa6-a4f4000a90ee has been successfully formatted.
2019-10-17 21:15:27,336 [pool-62-thread-1] INFO  ratis.ContainerStateMachine (ContainerStateMachine.java:loadSnapshot(231)) - group-A4F4000A90EE: The snapshot info is null. Setting the last applied indexto:(t:0, i:~)
2019-10-17 21:15:27,336 [pool-62-thread-1] INFO  server.RaftServerConfigKeys (ConfUtils.java:logGet(43)) - raft.server.notification.no-leader.timeout = 120s (custom)
2019-10-17 21:15:27,336 [pool-62-thread-1] INFO  server.RaftServerConfigKeys (ConfUtils.java:logGet(43)) - raft.server.log.use.memory = false (default)
2019-10-17 21:15:27,336 [pool-62-thread-1] INFO  server.RaftServerConfigKeys (ConfUtils.java:logGet(43)) - raft.server.log.purge.gap = 1000000 (custom)
2019-10-17 21:15:27,336 [pool-62-thread-1] INFO  server.RaftServerConfigKeys (ConfUtils.java:logGet(43)) - raft.server.log.appender.buffer.byte-limit = 33554432 (custom)
2019-10-17 21:15:27,336 [pool-62-thread-1] INFO  server.RaftServerConfigKeys (ConfUtils.java:logGet(43)) - raft.server.log.segment.size.max = 1048576 (custom)
2019-10-17 21:15:27,339 [pool-62-thread-1] INFO  server.RaftServerConfigKeys (ConfUtils.java:logGet(43)) - raft.server.log.segment.cache.num.max = 2 (custom)
2019-10-17 21:15:27,339 [pool-62-thread-1] INFO  segmented.SegmentedRaftLogWorker (SegmentedRaftLogWorker.java:<init>(173)) - new 2813c479-5627-4e56-a839-b6377bb34e33@group-A4F4000A90EE-SegmentedRaftLogWorker for RaftStorage:Storage Directory /workdir/hadoop-ozone/integration-test/target/test-dir/MiniOzoneClusterImpl-b9b5409c-d29d-4233-95df-efa4b45819dc/datanode-3/data/ratis/7672d857-1652-45f8-baa6-a4f4000a90ee
2019-10-17 21:15:27,339 [pool-62-thread-1] INFO  server.RaftServerConfigKeys (ConfUtils.java:logGet(43)) - raft.server.log.queue.byte-limit = 2147483647 (custom)
2019-10-17 21:15:27,339 [pool-62-thread-1] INFO  server.RaftServerConfigKeys (ConfUtils.java:logGet(43)) - raft.server.log.queue.element-limit = 1024 (custom)
2019-10-17 21:15:27,339 [pool-62-thread-1] INFO  server.RaftServerConfigKeys (ConfUtils.java:logGet(43)) - raft.server.log.segment.size.max = 1048576 (custom)
2019-10-17 21:15:27,339 [pool-62-thread-1] INFO  server.RaftServerConfigKeys (ConfUtils.java:logGet(43)) - raft.server.log.preallocated.size = 16384 (custom)
2019-10-17 21:15:27,340 [pool-62-thread-1] INFO  server.RaftServerConfigKeys (ConfUtils.java:logGet(43)) - raft.server.log.write.buffer.size = 33554432 (custom)
2019-10-17 21:15:27,340 [pool-62-thread-1] INFO  server.RaftServerConfigKeys (ConfUtils.java:logGet(43)) - raft.server.log.force.sync.num = 128 (default)
2019-10-17 21:15:27,340 [pool-62-thread-1] INFO  server.RaftServerConfigKeys (ConfUtils.java:logGet(43)) - raft.server.log.statemachine.data.sync = true (default)
2019-10-17 21:15:27,340 [pool-62-thread-1] INFO  server.RaftServerConfigKeys (ConfUtils.java:logGet(43)) - raft.server.log.statemachine.data.sync.timeout = 10s (default)
2019-10-17 21:15:27,340 [pool-62-thread-1] INFO  server.RaftServerConfigKeys (ConfUtils.java:logGet(43)) - raft.server.log.statemachine.data.sync.timeout.retry = -1 (default)
2019-10-17 21:15:27,340 [pool-62-thread-1] INFO  server.RaftServerConfigKeys (ConfUtils.java:logGet(43)) - raft.server.log.statemachine.data.caching.enabled = true (custom)
2019-10-17 21:15:27,341 [pool-62-thread-1] INFO  segmented.SegmentedRaftLogWorker (SegmentedRaftLogWorker.java:lambda$new$0(128)) - 2813c479-5627-4e56-a839-b6377bb34e33@group-A4F4000A90EE-SegmentedRaftLogWorker: flushIndex: setUnconditionally 0 -> -1
2019-10-17 21:15:27,341 [pool-62-thread-1] INFO  server.RaftServerConfigKeys (ConfUtils.java:logGet(43)) - raft.server.snapshot.auto.trigger.enabled = true (custom)
2019-10-17 21:15:27,341 [pool-62-thread-1] INFO  server.RaftServerConfigKeys (ConfUtils.java:logGet(43)) - raft.server.snapshot.auto.trigger.threshold = 10000 (custom)
2019-10-17 21:15:27,341 [pool-62-thread-1] INFO  server.RaftServerConfigKeys (ConfUtils.java:logGet(43)) - raft.server.snapshot.retention.file.num = 5 (custom)
2019-10-17 21:15:27,342 [pool-62-thread-1] INFO  server.RaftServerConfigKeys (ConfUtils.java:logGet(43)) - raft.server.retrycache.expirytime = 600000ms (custom)
2019-10-17 21:15:27,346 [pool-62-thread-1] INFO  impl.RaftServerImpl (RaftServerImpl.java:start(195)) - 2813c479-5627-4e56-a839-b6377bb34e33@group-A4F4000A90EE: start as a follower, conf=-1: [2813c479-5627-4e56-a839-b6377bb34e33:192.168.157.223:41976], old=null
2019-10-17 21:15:27,346 [pool-62-thread-1] INFO  impl.RaftServerImpl (RaftServerImpl.java:setRole(184)) - 2813c479-5627-4e56-a839-b6377bb34e33@group-A4F4000A90EE: changes role from      null to FOLLOWER at term 0 for startAsFollower
2019-10-17 21:15:27,346 [pool-62-thread-1] INFO  impl.RoleInfo (RoleInfo.java:updateAndGet(143)) - 2813c479-5627-4e56-a839-b6377bb34e33: start FollowerState
2019-10-17 21:15:27,347 [pool-62-thread-1] INFO  util.JmxRegister (JmxRegister.java:tryRegister(44)) - Successfully registered JMX Bean with object name Ratis:service=RaftServer,group=group-A4F4000A90EE,id=2813c479-5627-4e56-a839-b6377bb34e33
2019-10-17 21:15:27,349 [Thread-207] INFO  impl.FollowerState (FollowerState.java:run(108)) - d2424f4d-20d2-4104-abcc-02e6288f3ffc@group-187250EBB6DA-FollowerState: change to CANDIDATE, lastRpcTime:152ms, electionTimeout:152ms
2019-10-17 21:15:27,349 [Thread-207] INFO  impl.RoleInfo (RoleInfo.java:shutdownFollowerState(121)) - d2424f4d-20d2-4104-abcc-02e6288f3ffc: shutdown FollowerState
2019-10-17 21:15:27,349 [Thread-207] INFO  impl.RaftServerImpl (RaftServerImpl.java:setRole(184)) - d2424f4d-20d2-4104-abcc-02e6288f3ffc@group-187250EBB6DA: changes role from  FOLLOWER to CANDIDATE at term 0 for changeToCandidate
2019-10-17 21:15:27,349 [Thread-207] INFO  impl.RoleInfo (RoleInfo.java:updateAndGet(143)) - d2424f4d-20d2-4104-abcc-02e6288f3ffc: start LeaderElection
2019-10-17 21:15:27,361 [RatisPipelineUtilsThread] INFO  pipeline.PipelineStateManager (PipelineStateManager.java:addPipeline(56)) - Created pipeline Pipeline[ Id: 7672d857-1652-45f8-baa6-a4f4000a90ee, Nodes: 2813c479-5627-4e56-a839-b6377bb34e33{ip: 192.168.157.223, host: pr-hdds-2310-7mltm-1665714090, networkLocation: /rack1, certSerialId: null}, Type:RATIS, Factor:ONE, State:OPEN]
2019-10-17 21:15:27,377 [d2424f4d-20d2-4104-abcc-02e6288f3ffc@group-187250EBB6DA-LeaderElection3] INFO  impl.LeaderElection (LeaderElection.java:askForVotes(178)) - d2424f4d-20d2-4104-abcc-02e6288f3ffc@group-187250EBB6DA-LeaderElection3: begin an election at term 1 for -1: [d2424f4d-20d2-4104-abcc-02e6288f3ffc:192.168.157.223:39352], old=null
2019-10-17 21:15:27,379 [d2424f4d-20d2-4104-abcc-02e6288f3ffc@group-187250EBB6DA-LeaderElection3] INFO  impl.RoleInfo (RoleInfo.java:shutdownLeaderElection(134)) - d2424f4d-20d2-4104-abcc-02e6288f3ffc: shutdown LeaderElection
2019-10-17 21:15:27,381 [d2424f4d-20d2-4104-abcc-02e6288f3ffc@group-187250EBB6DA-LeaderElection3] INFO  impl.RaftServerImpl (RaftServerImpl.java:setRole(184)) - d2424f4d-20d2-4104-abcc-02e6288f3ffc@group-187250EBB6DA: changes role from CANDIDATE to LEADER at term 1 for changeToLeader
2019-10-17 21:15:27,382 [d2424f4d-20d2-4104-abcc-02e6288f3ffc@group-187250EBB6DA-LeaderElection3] INFO  impl.RaftServerImpl (ServerState.java:setLeader(256)) - d2424f4d-20d2-4104-abcc-02e6288f3ffc@group-187250EBB6DA: change Leader from null to d2424f4d-20d2-4104-abcc-02e6288f3ffc at term 1 for becomeLeader, leader elected after 196ms
2019-10-17 21:15:27,382 [d2424f4d-20d2-4104-abcc-02e6288f3ffc@group-187250EBB6DA-LeaderElection3] INFO  server.RaftServerConfigKeys (ConfUtils.java:logGet(43)) - raft.server.staging.catchup.gap = 1000 (default)
2019-10-17 21:15:27,383 [d2424f4d-20d2-4104-abcc-02e6288f3ffc@group-187250EBB6DA-LeaderElection3] INFO  server.RaftServerConfigKeys (ConfUtils.java:logGet(43)) - raft.server.rpc.sleep.time = 25ms (default)
2019-10-17 21:15:27,385 [d2424f4d-20d2-4104-abcc-02e6288f3ffc@group-187250EBB6DA-LeaderElection3] INFO  server.RaftServerConfigKeys (ConfUtils.java:logGet(43)) - raft.server.write.element-limit = 4096 (default)
2019-10-17 21:15:27,387 [d2424f4d-20d2-4104-abcc-02e6288f3ffc@group-187250EBB6DA-LeaderElection3] INFO  server.RaftServerConfigKeys (ConfUtils.java:logGet(43)) - raft.server.watch.timeout = 10s (default)
2019-10-17 21:15:27,388 [d2424f4d-20d2-4104-abcc-02e6288f3ffc@group-187250EBB6DA-LeaderElection3] INFO  server.RaftServerConfigKeys (ConfUtils.java:logGet(43)) - raft.server.watch.timeout.denomination = 1s (default)
2019-10-17 21:15:27,389 [d2424f4d-20d2-4104-abcc-02e6288f3ffc@group-187250EBB6DA-LeaderElection3] INFO  server.RaftServerConfigKeys (ConfUtils.java:logGet(43)) - raft.server.watch.element-limit = 65536 (default)
2019-10-17 21:15:27,400 [d2424f4d-20d2-4104-abcc-02e6288f3ffc@group-187250EBB6DA-LeaderElection3] INFO  impl.RoleInfo (RoleInfo.java:updateAndGet(143)) - d2424f4d-20d2-4104-abcc-02e6288f3ffc: start LeaderState
2019-10-17 21:15:27,400 [grpc-default-executor-2] INFO  impl.RaftServerProxy (RaftServerProxy.java:addNew(89)) - 3909bd6a-278d-4911-9d70-32680c972d02: addNew group-62509A8A5C15:[3909bd6a-278d-4911-9d70-32680c972d02:192.168.157.223:33343, d2424f4d-20d2-4104-abcc-02e6288f3ffc:192.168.157.223:39352, 7c510082-4284-44ef-8cd9-bb38fb15579f:192.168.157.223:33098] returns group-62509A8A5C15:java.util.concurrent.CompletableFuture@22fed0bd[Not completed]
2019-10-17 21:15:27,401 [d2424f4d-20d2-4104-abcc-02e6288f3ffc@group-187250EBB6DA-LeaderElection3] INFO  segmented.SegmentedRaftLogWorker (SegmentedRaftLogWorker.java:startLogSegment(385)) - d2424f4d-20d2-4104-abcc-02e6288f3ffc@group-187250EBB6DA-SegmentedRaftLogWorker: Starting segment from index:0
2019-10-17 21:15:27,406 [grpc-default-executor-1] INFO  impl.RaftServerProxy (RaftServerProxy.java:addNew(89)) - d2424f4d-20d2-4104-abcc-02e6288f3ffc: addNew group-62509A8A5C15:[3909bd6a-278d-4911-9d70-32680c972d02:192.168.157.223:33343, d2424f4d-20d2-4104-abcc-02e6288f3ffc:192.168.157.223:39352, 7c510082-4284-44ef-8cd9-bb38fb15579f:192.168.157.223:33098] returns group-62509A8A5C15:java.util.concurrent.CompletableFuture@77283c79[Not completed]
2019-10-17 21:15:27,406 [d2424f4d-20d2-4104-abcc-02e6288f3ffc@group-187250EBB6DA-LeaderElection3] INFO  impl.RaftServerImpl (ServerState.java:setRaftConf(357)) - d2424f4d-20d2-4104-abcc-02e6288f3ffc@group-187250EBB6DA: set configuration 0: [d2424f4d-20d2-4104-abcc-02e6288f3ffc:192.168.157.223:39352], old=null at 0
2019-10-17 21:15:27,443 [pool-32-thread-1] INFO  impl.RaftServerImpl (RaftServerImpl.java:<init>(104)) - 3909bd6a-278d-4911-9d70-32680c972d02: new RaftServerImpl for group-62509A8A5C15:[3909bd6a-278d-4911-9d70-32680c972d02:192.168.157.223:33343, d2424f4d-20d2-4104-abcc-02e6288f3ffc:192.168.157.223:39352, 7c510082-4284-44ef-8cd9-bb38fb15579f:192.168.157.223:33098] with ContainerStateMachine:uninitialized
2019-10-17 21:15:27,444 [grpc-default-executor-1] INFO  impl.RaftServerProxy (RaftServerProxy.java:addNew(89)) - 7c510082-4284-44ef-8cd9-bb38fb15579f: addNew group-62509A8A5C15:[3909bd6a-278d-4911-9d70-32680c972d02:192.168.157.223:33343, d2424f4d-20d2-4104-abcc-02e6288f3ffc:192.168.157.223:39352, 7c510082-4284-44ef-8cd9-bb38fb15579f:192.168.157.223:33098] returns group-62509A8A5C15:java.util.concurrent.CompletableFuture@322aacf8[Not completed]
2019-10-17 21:15:27,444 [pool-32-thread-1] INFO  server.RaftServerConfigKeys (ConfUtils.java:logGet(43)) - raft.server.rpc.timeout.min = 5s (custom)
2019-10-17 21:15:27,444 [pool-32-thread-1] INFO  server.RaftServerConfigKeys (ConfUtils.java:logGet(43)) - raft.server.rpc.timeout.max = 5200ms (custom)
2019-10-17 21:15:27,444 [pool-32-thread-1] INFO  server.RaftServerConfigKeys (ConfUtils.java:logGet(43)) - raft.server.rpcslowness.timeout = 120s (custom)
2019-10-17 21:15:27,445 [pool-32-thread-1] INFO  server.RaftServerConfigKeys (ConfUtils.java:logGet(43)) - raft.server.sleep.deviation.threshold = 300 (default)
2019-10-17 21:15:27,445 [pool-32-thread-1] INFO  server.RaftServerConfigKeys (ConfUtils.java:logGet(43)) - raft.server.log.appender.install.snapshot.enabled = false (custom)
2019-10-17 21:15:27,445 [pool-32-thread-1] INFO  impl.RaftServerImpl (ServerState.java:<init>(103)) - 3909bd6a-278d-4911-9d70-32680c972d02@group-62509A8A5C15: ConfigurationManager, init=-1: [3909bd6a-278d-4911-9d70-32680c972d02:192.168.157.223:33343, d2424f4d-20d2-4104-abcc-02e6288f3ffc:192.168.157.223:39352, 7c510082-4284-44ef-8cd9-bb38fb15579f:192.168.157.223:33098], old=null, confs=<EMPTY_MAP>
2019-10-17 21:15:27,445 [pool-52-thread-1] INFO  impl.RaftServerImpl (RaftServerImpl.java:<init>(104)) - d2424f4d-20d2-4104-abcc-02e6288f3ffc: new RaftServerImpl for group-62509A8A5C15:[3909bd6a-278d-4911-9d70-32680c972d02:192.168.157.223:33343, d2424f4d-20d2-4104-abcc-02e6288f3ffc:192.168.157.223:39352, 7c510082-4284-44ef-8cd9-bb38fb15579f:192.168.157.223:33098] with ContainerStateMachine:uninitialized
2019-10-17 21:15:27,445 [pool-32-thread-1] INFO  server.RaftServerConfigKeys (ConfUtils.java:logGet(43)) - raft.server.storage.dir = [/workdir/hadoop-ozone/integration-test/target/test-dir/MiniOzoneClusterImpl-b9b5409c-d29d-4233-95df-efa4b45819dc/datanode-0/data/ratis] (custom)
2019-10-17 21:15:27,445 [pool-52-thread-1] INFO  server.RaftServerConfigKeys (ConfUtils.java:logGet(43)) - raft.server.rpc.timeout.min = 5s (custom)
2019-10-17 21:15:27,446 [pool-52-thread-1] INFO  server.RaftServerConfigKeys (ConfUtils.java:logGet(43)) - raft.server.rpc.timeout.max = 5200ms (custom)
2019-10-17 21:15:27,446 [pool-32-thread-1] INFO  server.RaftServerConfigKeys (ConfUtils.java:logGet(43)) - raft.server.log.corruption.policy = EXCEPTION (default)
2019-10-17 21:15:27,446 [pool-52-thread-1] INFO  server.RaftServerConfigKeys (ConfUtils.java:logGet(43)) - raft.server.rpcslowness.timeout = 120s (custom)
2019-10-17 21:15:27,446 [pool-42-thread-1] INFO  impl.RaftServerImpl (RaftServerImpl.java:<init>(104)) - 7c510082-4284-44ef-8cd9-bb38fb15579f: new RaftServerImpl for group-62509A8A5C15:[3909bd6a-278d-4911-9d70-32680c972d02:192.168.157.223:33343, d2424f4d-20d2-4104-abcc-02e6288f3ffc:192.168.157.223:39352, 7c510082-4284-44ef-8cd9-bb38fb15579f:192.168.157.223:33098] with ContainerStateMachine:uninitialized
2019-10-17 21:15:27,446 [pool-32-thread-1] INFO  storage.RaftStorageDirectory (RaftStorageDirectory.java:analyzeStorage(246)) - The storage directory /workdir/hadoop-ozone/integration-test/target/test-dir/MiniOzoneClusterImpl-b9b5409c-d29d-4233-95df-efa4b45819dc/datanode-0/data/ratis/b8f7852e-7842-4f24-b950-62509a8a5c15 does not exist. Creating ...
2019-10-17 21:15:27,446 [pool-52-thread-1] INFO  server.RaftServerConfigKeys (ConfUtils.java:logGet(43)) - raft.server.sleep.deviation.threshold = 300 (default)
2019-10-17 21:15:27,446 [pool-42-thread-1] INFO  server.RaftServerConfigKeys (ConfUtils.java:logGet(43)) - raft.server.rpc.timeout.min = 5s (custom)
2019-10-17 21:15:27,447 [pool-52-thread-1] INFO  server.RaftServerConfigKeys (ConfUtils.java:logGet(43)) - raft.server.log.appender.install.snapshot.enabled = false (custom)
2019-10-17 21:15:27,447 [pool-42-thread-1] INFO  server.RaftServerConfigKeys (ConfUtils.java:logGet(43)) - raft.server.rpc.timeout.max = 5200ms (custom)
2019-10-17 21:15:27,447 [pool-42-thread-1] INFO  server.RaftServerConfigKeys (ConfUtils.java:logGet(43)) - raft.server.rpcslowness.timeout = 120s (custom)
2019-10-17 21:15:27,447 [pool-52-thread-1] INFO  impl.RaftServerImpl (ServerState.java:<init>(103)) - d2424f4d-20d2-4104-abcc-02e6288f3ffc@group-62509A8A5C15: ConfigurationManager, init=-1: [3909bd6a-278d-4911-9d70-32680c972d02:192.168.157.223:33343, d2424f4d-20d2-4104-abcc-02e6288f3ffc:192.168.157.223:39352, 7c510082-4284-44ef-8cd9-bb38fb15579f:192.168.157.223:33098], old=null, confs=<EMPTY_MAP>
2019-10-17 21:15:27,447 [pool-42-thread-1] INFO  server.RaftServerConfigKeys (ConfUtils.java:logGet(43)) - raft.server.sleep.deviation.threshold = 300 (default)
2019-10-17 21:15:27,447 [pool-42-thread-1] INFO  server.RaftServerConfigKeys (ConfUtils.java:logGet(43)) - raft.server.log.appender.install.snapshot.enabled = false (custom)
2019-10-17 21:15:27,447 [pool-52-thread-1] INFO  server.RaftServerConfigKeys (ConfUtils.java:logGet(43)) - raft.server.storage.dir = [/workdir/hadoop-ozone/integration-test/target/test-dir/MiniOzoneClusterImpl-b9b5409c-d29d-4233-95df-efa4b45819dc/datanode-2/data/ratis] (custom)
2019-10-17 21:15:27,447 [pool-42-thread-1] INFO  impl.RaftServerImpl (ServerState.java:<init>(103)) - 7c510082-4284-44ef-8cd9-bb38fb15579f@group-62509A8A5C15: ConfigurationManager, init=-1: [3909bd6a-278d-4911-9d70-32680c972d02:192.168.157.223:33343, d2424f4d-20d2-4104-abcc-02e6288f3ffc:192.168.157.223:39352, 7c510082-4284-44ef-8cd9-bb38fb15579f:192.168.157.223:33098], old=null, confs=<EMPTY_MAP>
2019-10-17 21:15:27,448 [pool-42-thread-1] INFO  server.RaftServerConfigKeys (ConfUtils.java:logGet(43)) - raft.server.storage.dir = [/workdir/hadoop-ozone/integration-test/target/test-dir/MiniOzoneClusterImpl-b9b5409c-d29d-4233-95df-efa4b45819dc/datanode-1/data/ratis] (custom)
2019-10-17 21:15:27,448 [pool-52-thread-1] INFO  server.RaftServerConfigKeys (ConfUtils.java:logGet(43)) - raft.server.log.corruption.policy = EXCEPTION (default)
2019-10-17 21:15:27,448 [pool-42-thread-1] INFO  server.RaftServerConfigKeys (ConfUtils.java:logGet(43)) - raft.server.log.corruption.policy = EXCEPTION (default)
2019-10-17 21:15:27,448 [pool-52-thread-1] INFO  storage.RaftStorageDirectory (RaftStorageDirectory.java:analyzeStorage(246)) - The storage directory /workdir/hadoop-ozone/integration-test/target/test-dir/MiniOzoneClusterImpl-b9b5409c-d29d-4233-95df-efa4b45819dc/datanode-2/data/ratis/b8f7852e-7842-4f24-b950-62509a8a5c15 does not exist. Creating ...
2019-10-17 21:15:27,448 [pool-42-thread-1] INFO  storage.RaftStorageDirectory (RaftStorageDirectory.java:analyzeStorage(246)) - The storage directory /workdir/hadoop-ozone/integration-test/target/test-dir/MiniOzoneClusterImpl-b9b5409c-d29d-4233-95df-efa4b45819dc/datanode-1/data/ratis/b8f7852e-7842-4f24-b950-62509a8a5c15 does not exist. Creating ...
2019-10-17 21:15:27,449 [Thread-213] INFO  impl.FollowerState (FollowerState.java:run(108)) - 2813c479-5627-4e56-a839-b6377bb34e33@group-A4F4000A90EE-FollowerState: change to CANDIDATE, lastRpcTime:102ms, electionTimeout:102ms
2019-10-17 21:15:27,449 [Thread-213] INFO  impl.RoleInfo (RoleInfo.java:shutdownFollowerState(121)) - 2813c479-5627-4e56-a839-b6377bb34e33: shutdown FollowerState
2019-10-17 21:15:27,449 [Thread-213] INFO  impl.RaftServerImpl (RaftServerImpl.java:setRole(184)) - 2813c479-5627-4e56-a839-b6377bb34e33@group-A4F4000A90EE: changes role from  FOLLOWER to CANDIDATE at term 0 for changeToCandidate
2019-10-17 21:15:27,450 [Thread-213] INFO  impl.RoleInfo (RoleInfo.java:updateAndGet(143)) - 2813c479-5627-4e56-a839-b6377bb34e33: start LeaderElection
2019-10-17 21:15:27,454 [pool-42-thread-1] INFO  storage.RaftStorageDirectory (RaftStorageDirectory.java:tryLock(328)) - Lock on /workdir/hadoop-ozone/integration-test/target/test-dir/MiniOzoneClusterImpl-b9b5409c-d29d-4233-95df-efa4b45819dc/datanode-1/data/ratis/b8f7852e-7842-4f24-b950-62509a8a5c15/in_use.lock acquired by nodename 17718@pr-hdds-2310-7mltm-1665714090
2019-10-17 21:15:27,454 [2813c479-5627-4e56-a839-b6377bb34e33@group-A4F4000A90EE-LeaderElection4] INFO  impl.LeaderElection (LeaderElection.java:askForVotes(178)) - 2813c479-5627-4e56-a839-b6377bb34e33@group-A4F4000A90EE-LeaderElection4: begin an election at term 1 for -1: [2813c479-5627-4e56-a839-b6377bb34e33:192.168.157.223:41976], old=null
2019-10-17 21:15:27,454 [d2424f4d-20d2-4104-abcc-02e6288f3ffc@group-187250EBB6DA-SegmentedRaftLogWorker] INFO  segmented.SegmentedRaftLogWorker (SegmentedRaftLogWorker.java:execute(576)) - d2424f4d-20d2-4104-abcc-02e6288f3ffc@group-187250EBB6DA-SegmentedRaftLogWorker: created new log segment /workdir/hadoop-ozone/integration-test/target/test-dir/MiniOzoneClusterImpl-b9b5409c-d29d-4233-95df-efa4b45819dc/datanode-2/data/ratis/e3cc5954-1ce8-4c63-9029-187250ebb6da/current/log_inprogress_0
2019-10-17 21:15:27,454 [pool-52-thread-1] INFO  storage.RaftStorageDirectory (RaftStorageDirectory.java:tryLock(328)) - Lock on /workdir/hadoop-ozone/integration-test/target/test-dir/MiniOzoneClusterImpl-b9b5409c-d29d-4233-95df-efa4b45819dc/datanode-2/data/ratis/b8f7852e-7842-4f24-b950-62509a8a5c15/in_use.lock acquired by nodename 17718@pr-hdds-2310-7mltm-1665714090
2019-10-17 21:15:27,454 [pool-32-thread-1] INFO  storage.RaftStorageDirectory (RaftStorageDirectory.java:tryLock(328)) - Lock on /workdir/hadoop-ozone/integration-test/target/test-dir/MiniOzoneClusterImpl-b9b5409c-d29d-4233-95df-efa4b45819dc/datanode-0/data/ratis/b8f7852e-7842-4f24-b950-62509a8a5c15/in_use.lock acquired by nodename 17718@pr-hdds-2310-7mltm-1665714090
2019-10-17 21:15:27,455 [2813c479-5627-4e56-a839-b6377bb34e33@group-A4F4000A90EE-LeaderElection4] INFO  impl.RoleInfo (RoleInfo.java:shutdownLeaderElection(134)) - 2813c479-5627-4e56-a839-b6377bb34e33: shutdown LeaderElection
2019-10-17 21:15:27,455 [2813c479-5627-4e56-a839-b6377bb34e33@group-A4F4000A90EE-LeaderElection4] INFO  impl.RaftServerImpl (RaftServerImpl.java:setRole(184)) - 2813c479-5627-4e56-a839-b6377bb34e33@group-A4F4000A90EE: changes role from CANDIDATE to LEADER at term 1 for changeToLeader
2019-10-17 21:15:27,455 [2813c479-5627-4e56-a839-b6377bb34e33@group-A4F4000A90EE-LeaderElection4] INFO  impl.RaftServerImpl (ServerState.java:setLeader(256)) - 2813c479-5627-4e56-a839-b6377bb34e33@group-A4F4000A90EE: change Leader from null to 2813c479-5627-4e56-a839-b6377bb34e33 at term 1 for becomeLeader, leader elected after 119ms
2019-10-17 21:15:27,456 [2813c479-5627-4e56-a839-b6377bb34e33@group-A4F4000A90EE-LeaderElection4] INFO  server.RaftServerConfigKeys (ConfUtils.java:logGet(43)) - raft.server.staging.catchup.gap = 1000 (default)
2019-10-17 21:15:27,456 [Thread-210] INFO  impl.FollowerState (FollowerState.java:run(108)) - 7c510082-4284-44ef-8cd9-bb38fb15579f@group-86322AC6EADB-FollowerState: change to CANDIDATE, lastRpcTime:182ms, electionTimeout:181ms
2019-10-17 21:15:27,456 [2813c479-5627-4e56-a839-b6377bb34e33@group-A4F4000A90EE-LeaderElection4] INFO  server.RaftServerConfigKeys (ConfUtils.java:logGet(43)) - raft.server.rpc.sleep.time = 25ms (default)
2019-10-17 21:15:27,457 [Thread-210] INFO  impl.RoleInfo (RoleInfo.java:shutdownFollowerState(121)) - 7c510082-4284-44ef-8cd9-bb38fb15579f: shutdown FollowerState
2019-10-17 21:15:27,457 [Thread-210] INFO  impl.RaftServerImpl (RaftServerImpl.java:setRole(184)) - 7c510082-4284-44ef-8cd9-bb38fb15579f@group-86322AC6EADB: changes role from  FOLLOWER to CANDIDATE at term 0 for changeToCandidate
2019-10-17 21:15:27,457 [2813c479-5627-4e56-a839-b6377bb34e33@group-A4F4000A90EE-LeaderElection4] INFO  server.RaftServerConfigKeys (ConfUtils.java:logGet(43)) - raft.server.write.element-limit = 4096 (default)
2019-10-17 21:15:27,457 [Thread-210] INFO  impl.RoleInfo (RoleInfo.java:updateAndGet(143)) - 7c510082-4284-44ef-8cd9-bb38fb15579f: start LeaderElection
2019-10-17 21:15:27,457 [2813c479-5627-4e56-a839-b6377bb34e33@group-A4F4000A90EE-LeaderElection4] INFO  server.RaftServerConfigKeys (ConfUtils.java:logGet(43)) - raft.server.watch.timeout = 10s (default)
2019-10-17 21:15:27,457 [2813c479-5627-4e56-a839-b6377bb34e33@group-A4F4000A90EE-LeaderElection4] INFO  server.RaftServerConfigKeys (ConfUtils.java:logGet(43)) - raft.server.watch.timeout.denomination = 1s (default)
2019-10-17 21:15:27,459 [2813c479-5627-4e56-a839-b6377bb34e33@group-A4F4000A90EE-LeaderElection4] INFO  server.RaftServerConfigKeys (ConfUtils.java:logGet(43)) - raft.server.watch.element-limit = 65536 (default)
2019-10-17 21:15:27,462 [2813c479-5627-4e56-a839-b6377bb34e33@group-A4F4000A90EE-LeaderElection4] INFO  impl.RoleInfo (RoleInfo.java:updateAndGet(143)) - 2813c479-5627-4e56-a839-b6377bb34e33: start LeaderState
2019-10-17 21:15:27,463 [2813c479-5627-4e56-a839-b6377bb34e33@group-A4F4000A90EE-LeaderElection4] INFO  segmented.SegmentedRaftLogWorker (SegmentedRaftLogWorker.java:startLogSegment(385)) - 2813c479-5627-4e56-a839-b6377bb34e33@group-A4F4000A90EE-SegmentedRaftLogWorker: Starting segment from index:0
2019-10-17 21:15:27,464 [2813c479-5627-4e56-a839-b6377bb34e33@group-A4F4000A90EE-LeaderElection4] INFO  impl.RaftServerImpl (ServerState.java:setRaftConf(357)) - 2813c479-5627-4e56-a839-b6377bb34e33@group-A4F4000A90EE: set configuration 0: [2813c479-5627-4e56-a839-b6377bb34e33:192.168.157.223:41976], old=null at 0
2019-10-17 21:15:27,500 [pool-52-thread-1] INFO  storage.RaftStorage (RaftStorage.java:format(84)) - Storage directory /workdir/hadoop-ozone/integration-test/target/test-dir/MiniOzoneClusterImpl-b9b5409c-d29d-4233-95df-efa4b45819dc/datanode-2/data/ratis/b8f7852e-7842-4f24-b950-62509a8a5c15 has been successfully formatted.
2019-10-17 21:15:27,500 [pool-42-thread-1] INFO  storage.RaftStorage (RaftStorage.java:format(84)) - Storage directory /workdir/hadoop-ozone/integration-test/target/test-dir/MiniOzoneClusterImpl-b9b5409c-d29d-4233-95df-efa4b45819dc/datanode-1/data/ratis/b8f7852e-7842-4f24-b950-62509a8a5c15 has been successfully formatted.
2019-10-17 21:15:27,500 [7c510082-4284-44ef-8cd9-bb38fb15579f@group-86322AC6EADB-LeaderElection5] INFO  impl.LeaderElection (LeaderElection.java:askForVotes(178)) - 7c510082-4284-44ef-8cd9-bb38fb15579f@group-86322AC6EADB-LeaderElection5: begin an election at term 1 for -1: [7c510082-4284-44ef-8cd9-bb38fb15579f:192.168.157.223:33098], old=null
2019-10-17 21:15:27,500 [pool-32-thread-1] INFO  storage.RaftStorage (RaftStorage.java:format(84)) - Storage directory /workdir/hadoop-ozone/integration-test/target/test-dir/MiniOzoneClusterImpl-b9b5409c-d29d-4233-95df-efa4b45819dc/datanode-0/data/ratis/b8f7852e-7842-4f24-b950-62509a8a5c15 has been successfully formatted.
2019-10-17 21:15:27,501 [pool-42-thread-1] INFO  ratis.ContainerStateMachine (ContainerStateMachine.java:loadSnapshot(231)) - group-62509A8A5C15: The snapshot info is null. Setting the last applied indexto:(t:0, i:~)
2019-10-17 21:15:27,501 [7c510082-4284-44ef-8cd9-bb38fb15579f@group-86322AC6EADB-LeaderElection5] INFO  impl.RoleInfo (RoleInfo.java:shutdownLeaderElection(134)) - 7c510082-4284-44ef-8cd9-bb38fb15579f: shutdown LeaderElection
2019-10-17 21:15:27,501 [pool-52-thread-1] INFO  ratis.ContainerStateMachine (ContainerStateMachine.java:loadSnapshot(231)) - group-62509A8A5C15: The snapshot info is null. Setting the last applied indexto:(t:0, i:~)
2019-10-17 21:15:27,501 [7c510082-4284-44ef-8cd9-bb38fb15579f@group-86322AC6EADB-LeaderElection5] INFO  impl.RaftServerImpl (RaftServerImpl.java:setRole(184)) - 7c510082-4284-44ef-8cd9-bb38fb15579f@group-86322AC6EADB: changes role from CANDIDATE to LEADER at term 1 for changeToLeader
2019-10-17 21:15:27,501 [pool-32-thread-1] INFO  ratis.ContainerStateMachine (ContainerStateMachine.java:loadSnapshot(231)) - group-62509A8A5C15: The snapshot info is null. Setting the last applied indexto:(t:0, i:~)
2019-10-17 21:15:27,501 [pool-42-thread-1] INFO  server.RaftServerConfigKeys (ConfUtils.java:logGet(43)) - raft.server.notification.no-leader.timeout = 120s (custom)
2019-10-17 21:15:27,502 [pool-32-thread-1] INFO  server.RaftServerConfigKeys (ConfUtils.java:logGet(43)) - raft.server.notification.no-leader.timeout = 120s (custom)
2019-10-17 21:15:27,502 [7c510082-4284-44ef-8cd9-bb38fb15579f@group-86322AC6EADB-LeaderElection5] INFO  impl.RaftServerImpl (ServerState.java:setLeader(256)) - 7c510082-4284-44ef-8cd9-bb38fb15579f@group-86322AC6EADB: change Leader from null to 7c510082-4284-44ef-8cd9-bb38fb15579f at term 1 for becomeLeader, leader elected after 238ms
2019-10-17 21:15:27,501 [pool-52-thread-1] INFO  server.RaftServerConfigKeys (ConfUtils.java:logGet(43)) - raft.server.notification.no-leader.timeout = 120s (custom)
2019-10-17 21:15:27,504 [7c510082-4284-44ef-8cd9-bb38fb15579f@group-86322AC6EADB-LeaderElection5] INFO  server.RaftServerConfigKeys (ConfUtils.java:logGet(43)) - raft.server.staging.catchup.gap = 1000 (default)
2019-10-17 21:15:27,503 [pool-32-thread-1] INFO  server.RaftServerConfigKeys (ConfUtils.java:logGet(43)) - raft.server.log.use.memory = false (default)
2019-10-17 21:15:27,503 [pool-42-thread-1] INFO  server.RaftServerConfigKeys (ConfUtils.java:logGet(43)) - raft.server.log.use.memory = false (default)
2019-10-17 21:15:27,504 [pool-32-thread-1] INFO  server.RaftServerConfigKeys (ConfUtils.java:logGet(43)) - raft.server.log.purge.gap = 1000000 (custom)
2019-10-17 21:15:27,504 [7c510082-4284-44ef-8cd9-bb38fb15579f@group-86322AC6EADB-LeaderElection5] INFO  server.RaftServerConfigKeys (ConfUtils.java:logGet(43)) - raft.server.rpc.sleep.time = 25ms (default)
2019-10-17 21:15:27,504 [pool-52-thread-1] INFO  server.RaftServerConfigKeys (ConfUtils.java:logGet(43)) - raft.server.log.use.memory = false (default)
2019-10-17 21:15:27,505 [pool-32-thread-1] INFO  server.RaftServerConfigKeys (ConfUtils.java:logGet(43)) - raft.server.log.appender.buffer.byte-limit = 33554432 (custom)
2019-10-17 21:15:27,505 [pool-42-thread-1] INFO  server.RaftServerConfigKeys (ConfUtils.java:logGet(43)) - raft.server.log.purge.gap = 1000000 (custom)
2019-10-17 21:15:27,505 [pool-32-thread-1] INFO  server.RaftServerConfigKeys (ConfUtils.java:logGet(43)) - raft.server.log.segment.size.max = 1048576 (custom)
2019-10-17 21:15:27,505 [pool-52-thread-1] INFO  server.RaftServerConfigKeys (ConfUtils.java:logGet(43)) - raft.server.log.purge.gap = 1000000 (custom)
2019-10-17 21:15:27,505 [7c510082-4284-44ef-8cd9-bb38fb15579f@group-86322AC6EADB-LeaderElection5] INFO  server.RaftServerConfigKeys (ConfUtils.java:logGet(43)) - raft.server.write.element-limit = 4096 (default)
2019-10-17 21:15:27,506 [pool-52-thread-1] INFO  server.RaftServerConfigKeys (ConfUtils.java:logGet(43)) - raft.server.log.appender.buffer.byte-limit = 33554432 (custom)
2019-10-17 21:15:27,506 [pool-32-thread-1] INFO  server.RaftServerConfigKeys (ConfUtils.java:logGet(43)) - raft.server.log.segment.cache.num.max = 2 (custom)
2019-10-17 21:15:27,505 [pool-42-thread-1] INFO  server.RaftServerConfigKeys (ConfUtils.java:logGet(43)) - raft.server.log.appender.buffer.byte-limit = 33554432 (custom)
2019-10-17 21:15:27,506 [pool-32-thread-1] INFO  segmented.SegmentedRaftLogWorker (SegmentedRaftLogWorker.java:<init>(173)) - new 3909bd6a-278d-4911-9d70-32680c972d02@group-62509A8A5C15-SegmentedRaftLogWorker for RaftStorage:Storage Directory /workdir/hadoop-ozone/integration-test/target/test-dir/MiniOzoneClusterImpl-b9b5409c-d29d-4233-95df-efa4b45819dc/datanode-0/data/ratis/b8f7852e-7842-4f24-b950-62509a8a5c15
2019-10-17 21:15:27,506 [pool-52-thread-1] INFO  server.RaftServerConfigKeys (ConfUtils.java:logGet(43)) - raft.server.log.segment.size.max = 1048576 (custom)
2019-10-17 21:15:27,506 [7c510082-4284-44ef-8cd9-bb38fb15579f@group-86322AC6EADB-LeaderElection5] INFO  server.RaftServerConfigKeys (ConfUtils.java:logGet(43)) - raft.server.watch.timeout = 10s (default)
2019-10-17 21:15:27,507 [pool-52-thread-1] INFO  server.RaftServerConfigKeys (ConfUtils.java:logGet(43)) - raft.server.log.segment.cache.num.max = 2 (custom)
2019-10-17 21:15:27,506 [pool-32-thread-1] INFO  server.RaftServerConfigKeys (ConfUtils.java:logGet(43)) - raft.server.log.queue.byte-limit = 2147483647 (custom)
2019-10-17 21:15:27,506 [pool-42-thread-1] INFO  server.RaftServerConfigKeys (ConfUtils.java:logGet(43)) - raft.server.log.segment.size.max = 1048576 (custom)
2019-10-17 21:15:27,507 [pool-32-thread-1] INFO  server.RaftServerConfigKeys (ConfUtils.java:logGet(43)) - raft.server.log.queue.element-limit = 1024 (custom)
2019-10-17 21:15:27,507 [pool-52-thread-1] INFO  segmented.SegmentedRaftLogWorker (SegmentedRaftLogWorker.java:<init>(173)) - new d2424f4d-20d2-4104-abcc-02e6288f3ffc@group-62509A8A5C15-SegmentedRaftLogWorker for RaftStorage:Storage Directory /workdir/hadoop-ozone/integration-test/target/test-dir/MiniOzoneClusterImpl-b9b5409c-d29d-4233-95df-efa4b45819dc/datanode-2/data/ratis/b8f7852e-7842-4f24-b950-62509a8a5c15
2019-10-17 21:15:27,507 [7c510082-4284-44ef-8cd9-bb38fb15579f@group-86322AC6EADB-LeaderElection5] INFO  server.RaftServerConfigKeys (ConfUtils.java:logGet(43)) - raft.server.watch.timeout.denomination = 1s (default)
2019-10-17 21:15:27,508 [pool-52-thread-1] INFO  server.RaftServerConfigKeys (ConfUtils.java:logGet(43)) - raft.server.log.queue.byte-limit = 2147483647 (custom)
2019-10-17 21:15:27,507 [pool-32-thread-1] INFO  server.RaftServerConfigKeys (ConfUtils.java:logGet(43)) - raft.server.log.segment.size.max = 1048576 (custom)
2019-10-17 21:15:27,507 [pool-42-thread-1] INFO  server.RaftServerConfigKeys (ConfUtils.java:logGet(43)) - raft.server.log.segment.cache.num.max = 2 (custom)
2019-10-17 21:15:27,508 [pool-32-thread-1] INFO  server.RaftServerConfigKeys (ConfUtils.java:logGet(43)) - raft.server.log.preallocated.size = 16384 (custom)
2019-10-17 21:15:27,508 [pool-52-thread-1] INFO  server.RaftServerConfigKeys (ConfUtils.java:logGet(43)) - raft.server.log.queue.element-limit = 1024 (custom)
2019-10-17 21:15:27,508 [7c510082-4284-44ef-8cd9-bb38fb15579f@group-86322AC6EADB-LeaderElection5] INFO  server.RaftServerConfigKeys (ConfUtils.java:logGet(43)) - raft.server.watch.element-limit = 65536 (default)
2019-10-17 21:15:27,509 [pool-52-thread-1] INFO  server.RaftServerConfigKeys (ConfUtils.java:logGet(43)) - raft.server.log.segment.size.max = 1048576 (custom)
2019-10-17 21:15:27,509 [pool-32-thread-1] INFO  server.RaftServerConfigKeys (ConfUtils.java:logGet(43)) - raft.server.log.write.buffer.size = 33554432 (custom)
2019-10-17 21:15:27,508 [pool-42-thread-1] INFO  segmented.SegmentedRaftLogWorker (SegmentedRaftLogWorker.java:<init>(173)) - new 7c510082-4284-44ef-8cd9-bb38fb15579f@group-62509A8A5C15-SegmentedRaftLogWorker for RaftStorage:Storage Directory /workdir/hadoop-ozone/integration-test/target/test-dir/MiniOzoneClusterImpl-b9b5409c-d29d-4233-95df-efa4b45819dc/datanode-1/data/ratis/b8f7852e-7842-4f24-b950-62509a8a5c15
2019-10-17 21:15:27,509 [pool-32-thread-1] INFO  server.RaftServerConfigKeys (ConfUtils.java:logGet(43)) - raft.server.log.force.sync.num = 128 (default)
2019-10-17 21:15:27,509 [pool-52-thread-1] INFO  server.RaftServerConfigKeys (ConfUtils.java:logGet(43)) - raft.server.log.preallocated.size = 16384 (custom)
2019-10-17 21:15:27,509 [pool-32-thread-1] INFO  server.RaftServerConfigKeys (ConfUtils.java:logGet(43)) - raft.server.log.statemachine.data.sync = true (default)
2019-10-17 21:15:27,509 [pool-42-thread-1] INFO  server.RaftServerConfigKeys (ConfUtils.java:logGet(43)) - raft.server.log.queue.byte-limit = 2147483647 (custom)
2019-10-17 21:15:27,510 [pool-32-thread-1] INFO  server.RaftServerConfigKeys (ConfUtils.java:logGet(43)) - raft.server.log.statemachine.data.sync.timeout = 10s (default)
2019-10-17 21:15:27,510 [pool-52-thread-1] INFO  server.RaftServerConfigKeys (ConfUtils.java:logGet(43)) - raft.server.log.write.buffer.size = 33554432 (custom)
2019-10-17 21:15:27,510 [pool-32-thread-1] INFO  server.RaftServerConfigKeys (ConfUtils.java:logGet(43)) - raft.server.log.statemachine.data.sync.timeout.retry = -1 (default)
2019-10-17 21:15:27,510 [pool-42-thread-1] INFO  server.RaftServerConfigKeys (ConfUtils.java:logGet(43)) - raft.server.log.queue.element-limit = 1024 (custom)
2019-10-17 21:15:27,510 [pool-32-thread-1] INFO  server.RaftServerConfigKeys (ConfUtils.java:logGet(43)) - raft.server.log.statemachine.data.caching.enabled = true (custom)
2019-10-17 21:15:27,510 [pool-52-thread-1] INFO  server.RaftServerConfigKeys (ConfUtils.java:logGet(43)) - raft.server.log.force.sync.num = 128 (default)
2019-10-17 21:15:27,511 [pool-32-thread-1] INFO  segmented.SegmentedRaftLogWorker (SegmentedRaftLogWorker.java:lambda$new$0(128)) - 3909bd6a-278d-4911-9d70-32680c972d02@group-62509A8A5C15-SegmentedRaftLogWorker: flushIndex: setUnconditionally 0 -> -1
2019-10-17 21:15:27,510 [pool-42-thread-1] INFO  server.RaftServerConfigKeys (ConfUtils.java:logGet(43)) - raft.server.log.segment.size.max = 1048576 (custom)
2019-10-17 21:15:27,511 [pool-52-thread-1] INFO  server.RaftServerConfigKeys (ConfUtils.java:logGet(43)) - raft.server.log.statemachine.data.sync = true (default)
2019-10-17 21:15:27,512 [pool-32-thread-1] INFO  server.RaftServerConfigKeys (ConfUtils.java:logGet(43)) - raft.server.snapshot.auto.trigger.enabled = true (custom)
2019-10-17 21:15:27,512 [pool-32-thread-1] INFO  server.RaftServerConfigKeys (ConfUtils.java:logGet(43)) - raft.server.snapshot.auto.trigger.threshold = 10000 (custom)
2019-10-17 21:15:27,512 [pool-42-thread-1] INFO  server.RaftServerConfigKeys (ConfUtils.java:logGet(43)) - raft.server.log.preallocated.size = 16384 (custom)
2019-10-17 21:15:27,513 [pool-32-thread-1] INFO  server.RaftServerConfigKeys (ConfUtils.java:logGet(43)) - raft.server.snapshot.retention.file.num = 5 (custom)
2019-10-17 21:15:27,512 [pool-52-thread-1] INFO  server.RaftServerConfigKeys (ConfUtils.java:logGet(43)) - raft.server.log.statemachine.data.sync.timeout = 10s (default)
2019-10-17 21:15:27,513 [pool-32-thread-1] INFO  server.RaftServerConfigKeys (ConfUtils.java:logGet(43)) - raft.server.retrycache.expirytime = 600000ms (custom)
2019-10-17 21:15:27,513 [2813c479-5627-4e56-a839-b6377bb34e33@group-A4F4000A90EE-SegmentedRaftLogWorker] INFO  segmented.SegmentedRaftLogWorker (SegmentedRaftLogWorker.java:execute(576)) - 2813c479-5627-4e56-a839-b6377bb34e33@group-A4F4000A90EE-SegmentedRaftLogWorker: created new log segment /workdir/hadoop-ozone/integration-test/target/test-dir/MiniOzoneClusterImpl-b9b5409c-d29d-4233-95df-efa4b45819dc/datanode-3/data/ratis/7672d857-1652-45f8-baa6-a4f4000a90ee/current/log_inprogress_0
2019-10-17 21:15:27,513 [7c510082-4284-44ef-8cd9-bb38fb15579f@group-86322AC6EADB-LeaderElection5] INFO  impl.RoleInfo (RoleInfo.java:updateAndGet(143)) - 7c510082-4284-44ef-8cd9-bb38fb15579f: start LeaderState
2019-10-17 21:15:27,513 [pool-42-thread-1] INFO  server.RaftServerConfigKeys (ConfUtils.java:logGet(43)) - raft.server.log.write.buffer.size = 33554432 (custom)
2019-10-17 21:15:27,513 [pool-52-thread-1] INFO  server.RaftServerConfigKeys (ConfUtils.java:logGet(43)) - raft.server.log.statemachine.data.sync.timeout.retry = -1 (default)
2019-10-17 21:15:27,517 [7c510082-4284-44ef-8cd9-bb38fb15579f@group-86322AC6EADB-LeaderElection5] INFO  segmented.SegmentedRaftLogWorker (SegmentedRaftLogWorker.java:startLogSegment(385)) - 7c510082-4284-44ef-8cd9-bb38fb15579f@group-86322AC6EADB-SegmentedRaftLogWorker: Starting segment from index:0
2019-10-17 21:15:27,517 [pool-42-thread-1] INFO  server.RaftServerConfigKeys (ConfUtils.java:logGet(43)) - raft.server.log.force.sync.num = 128 (default)
2019-10-17 21:15:27,517 [pool-52-thread-1] INFO  server.RaftServerConfigKeys (ConfUtils.java:logGet(43)) - raft.server.log.statemachine.data.caching.enabled = true (custom)
2019-10-17 21:15:27,517 [pool-42-thread-1] INFO  server.RaftServerConfigKeys (ConfUtils.java:logGet(43)) - raft.server.log.statemachine.data.sync = true (default)
2019-10-17 21:15:27,518 [7c510082-4284-44ef-8cd9-bb38fb15579f@group-86322AC6EADB-LeaderElection5] INFO  impl.RaftServerImpl (ServerState.java:setRaftConf(357)) - 7c510082-4284-44ef-8cd9-bb38fb15579f@group-86322AC6EADB: set configuration 0: [7c510082-4284-44ef-8cd9-bb38fb15579f:192.168.157.223:33098], old=null at 0
2019-10-17 21:15:27,518 [pool-42-thread-1] INFO  server.RaftServerConfigKeys (ConfUtils.java:logGet(43)) - raft.server.log.statemachine.data.sync.timeout = 10s (default)
2019-10-17 21:15:27,518 [pool-52-thread-1] INFO  segmented.SegmentedRaftLogWorker (SegmentedRaftLogWorker.java:lambda$new$0(128)) - d2424f4d-20d2-4104-abcc-02e6288f3ffc@group-62509A8A5C15-SegmentedRaftLogWorker: flushIndex: setUnconditionally 0 -> -1
2019-10-17 21:15:27,519 [pool-42-thread-1] INFO  server.RaftServerConfigKeys (ConfUtils.java:logGet(43)) - raft.server.log.statemachine.data.sync.timeout.retry = -1 (default)
2019-10-17 21:15:27,519 [pool-52-thread-1] INFO  server.RaftServerConfigKeys (ConfUtils.java:logGet(43)) - raft.server.snapshot.auto.trigger.enabled = true (custom)
2019-10-17 21:15:27,519 [pool-42-thread-1] INFO  server.RaftServerConfigKeys (ConfUtils.java:logGet(43)) - raft.server.log.statemachine.data.caching.enabled = true (custom)
2019-10-17 21:15:27,520 [pool-52-thread-1] INFO  server.RaftServerConfigKeys (ConfUtils.java:logGet(43)) - raft.server.snapshot.auto.trigger.threshold = 10000 (custom)
2019-10-17 21:15:27,520 [pool-52-thread-1] INFO  server.RaftServerConfigKeys (ConfUtils.java:logGet(43)) - raft.server.snapshot.retention.file.num = 5 (custom)
2019-10-17 21:15:27,520 [pool-42-thread-1] INFO  segmented.SegmentedRaftLogWorker (SegmentedRaftLogWorker.java:lambda$new$0(128)) - 7c510082-4284-44ef-8cd9-bb38fb15579f@group-62509A8A5C15-SegmentedRaftLogWorker: flushIndex: setUnconditionally 0 -> -1
2019-10-17 21:15:27,520 [pool-52-thread-1] INFO  server.RaftServerConfigKeys (ConfUtils.java:logGet(43)) - raft.server.retrycache.expirytime = 600000ms (custom)
2019-10-17 21:15:27,520 [pool-42-thread-1] INFO  server.RaftServerConfigKeys (ConfUtils.java:logGet(43)) - raft.server.snapshot.auto.trigger.enabled = true (custom)
2019-10-17 21:15:27,521 [pool-42-thread-1] INFO  server.RaftServerConfigKeys (ConfUtils.java:logGet(43)) - raft.server.snapshot.auto.trigger.threshold = 10000 (custom)
2019-10-17 21:15:27,521 [pool-32-thread-1] INFO  impl.RaftServerImpl (RaftServerImpl.java:start(195)) - 3909bd6a-278d-4911-9d70-32680c972d02@group-62509A8A5C15: start as a follower, conf=-1: [3909bd6a-278d-4911-9d70-32680c972d02:192.168.157.223:33343, d2424f4d-20d2-4104-abcc-02e6288f3ffc:192.168.157.223:39352, 7c510082-4284-44ef-8cd9-bb38fb15579f:192.168.157.223:33098], old=null
2019-10-17 21:15:27,521 [pool-42-thread-1] INFO  server.RaftServerConfigKeys (ConfUtils.java:logGet(43)) - raft.server.snapshot.retention.file.num = 5 (custom)
2019-10-17 21:15:27,521 [pool-32-thread-1] INFO  impl.RaftServerImpl (RaftServerImpl.java:setRole(184)) - 3909bd6a-278d-4911-9d70-32680c972d02@group-62509A8A5C15: changes role from      null to FOLLOWER at term 0 for startAsFollower
2019-10-17 21:15:27,521 [pool-42-thread-1] INFO  server.RaftServerConfigKeys (ConfUtils.java:logGet(43)) - raft.server.retrycache.expirytime = 600000ms (custom)
2019-10-17 21:15:27,521 [pool-32-thread-1] INFO  impl.RoleInfo (RoleInfo.java:updateAndGet(143)) - 3909bd6a-278d-4911-9d70-32680c972d02: start FollowerState
2019-10-17 21:15:27,522 [pool-32-thread-1] INFO  util.JmxRegister (JmxRegister.java:tryRegister(44)) - Successfully registered JMX Bean with object name Ratis:service=RaftServer,group=group-62509A8A5C15,id=3909bd6a-278d-4911-9d70-32680c972d02
2019-10-17 21:15:27,525 [pool-52-thread-1] INFO  impl.RaftServerImpl (RaftServerImpl.java:start(195)) - d2424f4d-20d2-4104-abcc-02e6288f3ffc@group-62509A8A5C15: start as a follower, conf=-1: [3909bd6a-278d-4911-9d70-32680c972d02:192.168.157.223:33343, d2424f4d-20d2-4104-abcc-02e6288f3ffc:192.168.157.223:39352, 7c510082-4284-44ef-8cd9-bb38fb15579f:192.168.157.223:33098], old=null
2019-10-17 21:15:27,525 [pool-52-thread-1] INFO  impl.RaftServerImpl (RaftServerImpl.java:setRole(184)) - d2424f4d-20d2-4104-abcc-02e6288f3ffc@group-62509A8A5C15: changes role from      null to FOLLOWER at term 0 for startAsFollower
2019-10-17 21:15:27,526 [pool-52-thread-1] INFO  impl.RoleInfo (RoleInfo.java:updateAndGet(143)) - d2424f4d-20d2-4104-abcc-02e6288f3ffc: start FollowerState
2019-10-17 21:15:27,526 [Thread-224] INFO  impl.FollowerState (FollowerState.java:run(108)) - 3909bd6a-278d-4911-9d70-32680c972d02@group-62509A8A5C15-FollowerState: change to CANDIDATE, lastRpcTime:4ms, electionTimeout:4ms
2019-10-17 21:15:27,526 [Thread-224] INFO  impl.RoleInfo (RoleInfo.java:shutdownFollowerState(121)) - 3909bd6a-278d-4911-9d70-32680c972d02: shutdown FollowerState
2019-10-17 21:15:27,526 [pool-52-thread-1] INFO  util.JmxRegister (JmxRegister.java:tryRegister(44)) - Successfully registered JMX Bean with object name Ratis:service=RaftServer,group=group-62509A8A5C15,id=d2424f4d-20d2-4104-abcc-02e6288f3ffc
2019-10-17 21:15:27,526 [pool-42-thread-1] INFO  impl.RaftServerImpl (RaftServerImpl.java:start(195)) - 7c510082-4284-44ef-8cd9-bb38fb15579f@group-62509A8A5C15: start as a follower, conf=-1: [3909bd6a-278d-4911-9d70-32680c972d02:192.168.157.223:33343, d2424f4d-20d2-4104-abcc-02e6288f3ffc:192.168.157.223:39352, 7c510082-4284-44ef-8cd9-bb38fb15579f:192.168.157.223:33098], old=null
2019-10-17 21:15:27,526 [Thread-224] INFO  impl.RaftServerImpl (RaftServerImpl.java:setRole(184)) - 3909bd6a-278d-4911-9d70-32680c972d02@group-62509A8A5C15: changes role from  FOLLOWER to CANDIDATE at term 0 for changeToCandidate
2019-10-17 21:15:27,527 [pool-42-thread-1] INFO  impl.RaftServerImpl (RaftServerImpl.java:setRole(184)) - 7c510082-4284-44ef-8cd9-bb38fb15579f@group-62509A8A5C15: changes role from      null to FOLLOWER at term 0 for startAsFollower
2019-10-17 21:15:27,527 [Thread-224] INFO  impl.RoleInfo (RoleInfo.java:updateAndGet(143)) - 3909bd6a-278d-4911-9d70-32680c972d02: start LeaderElection
2019-10-17 21:15:27,527 [pool-42-thread-1] INFO  impl.RoleInfo (RoleInfo.java:updateAndGet(143)) - 7c510082-4284-44ef-8cd9-bb38fb15579f: start FollowerState
2019-10-17 21:15:27,551 [pool-42-thread-1] INFO  util.JmxRegister (JmxRegister.java:tryRegister(44)) - Successfully registered JMX Bean with object name Ratis:service=RaftServer,group=group-62509A8A5C15,id=7c510082-4284-44ef-8cd9-bb38fb15579f
2019-10-17 21:15:27,565 [7c510082-4284-44ef-8cd9-bb38fb15579f@group-86322AC6EADB-SegmentedRaftLogWorker] INFO  segmented.SegmentedRaftLogWorker (SegmentedRaftLogWorker.java:execute(576)) - 7c510082-4284-44ef-8cd9-bb38fb15579f@group-86322AC6EADB-SegmentedRaftLogWorker: created new log segment /workdir/hadoop-ozone/integration-test/target/test-dir/MiniOzoneClusterImpl-b9b5409c-d29d-4233-95df-efa4b45819dc/datanode-1/data/ratis/de8a1e01-903a-4805-afd8-86322ac6eadb/current/log_inprogress_0
2019-10-17 21:15:27,565 [3909bd6a-278d-4911-9d70-32680c972d02@group-62509A8A5C15-LeaderElection6] INFO  impl.LeaderElection (LeaderElection.java:askForVotes(178)) - 3909bd6a-278d-4911-9d70-32680c972d02@group-62509A8A5C15-LeaderElection6: begin an election at term 1 for -1: [3909bd6a-278d-4911-9d70-32680c972d02:192.168.157.223:33343, d2424f4d-20d2-4104-abcc-02e6288f3ffc:192.168.157.223:39352, 7c510082-4284-44ef-8cd9-bb38fb15579f:192.168.157.223:33098], old=null
2019-10-17 21:15:27,577 [RatisPipelineUtilsThread] INFO  pipeline.PipelineStateManager (PipelineStateManager.java:addPipeline(56)) - Created pipeline Pipeline[ Id: b8f7852e-7842-4f24-b950-62509a8a5c15, Nodes: d2424f4d-20d2-4104-abcc-02e6288f3ffc{ip: 192.168.157.223, host: pr-hdds-2310-7mltm-1665714090, networkLocation: /rack1, certSerialId: null}3909bd6a-278d-4911-9d70-32680c972d02{ip: 192.168.157.223, host: pr-hdds-2310-7mltm-1665714090, networkLocation: /rack1, certSerialId: null}7c510082-4284-44ef-8cd9-bb38fb15579f{ip: 192.168.157.223, host: pr-hdds-2310-7mltm-1665714090, networkLocation: /rack1, certSerialId: null}, Type:RATIS, Factor:THREE, State:OPEN]
2019-10-17 21:15:27,599 [grpc-default-executor-2] INFO  impl.RaftServerImpl (RaftServerImpl.java:setRole(184)) - 7c510082-4284-44ef-8cd9-bb38fb15579f@group-62509A8A5C15: changes role from  FOLLOWER to FOLLOWER at term 1 for recognizeCandidate:3909bd6a-278d-4911-9d70-32680c972d02
2019-10-17 21:15:27,599 [grpc-default-executor-1] INFO  impl.RaftServerImpl (RaftServerImpl.java:setRole(184)) - d2424f4d-20d2-4104-abcc-02e6288f3ffc@group-62509A8A5C15: changes role from  FOLLOWER to FOLLOWER at term 1 for recognizeCandidate:3909bd6a-278d-4911-9d70-32680c972d02
2019-10-17 21:15:27,599 [grpc-default-executor-2] INFO  impl.RoleInfo (RoleInfo.java:shutdownFollowerState(121)) - 7c510082-4284-44ef-8cd9-bb38fb15579f: shutdown FollowerState
2019-10-17 21:15:27,600 [grpc-default-executor-1] INFO  impl.RoleInfo (RoleInfo.java:shutdownFollowerState(121)) - d2424f4d-20d2-4104-abcc-02e6288f3ffc: shutdown FollowerState
2019-10-17 21:15:27,601 [Thread-227] INFO  impl.FollowerState (FollowerState.java:run(117)) - 7c510082-4284-44ef-8cd9-bb38fb15579f@group-62509A8A5C15-FollowerState was interrupted: java.lang.InterruptedException: sleep interrupted
2019-10-17 21:15:27,601 [Thread-225] INFO  impl.FollowerState (FollowerState.java:run(117)) - d2424f4d-20d2-4104-abcc-02e6288f3ffc@group-62509A8A5C15-FollowerState was interrupted: java.lang.InterruptedException: sleep interrupted
2019-10-17 21:15:27,601 [grpc-default-executor-2] INFO  impl.RoleInfo (RoleInfo.java:updateAndGet(143)) - 7c510082-4284-44ef-8cd9-bb38fb15579f: start FollowerState
2019-10-17 21:15:27,601 [grpc-default-executor-1] INFO  impl.RoleInfo (RoleInfo.java:updateAndGet(143)) - d2424f4d-20d2-4104-abcc-02e6288f3ffc: start FollowerState
2019-10-17 21:15:27,631 [3909bd6a-278d-4911-9d70-32680c972d02@group-62509A8A5C15-LeaderElection6] INFO  impl.LeaderElection (LeaderElection.java:logAndReturn(56)) - 3909bd6a-278d-4911-9d70-32680c972d02@group-62509A8A5C15-LeaderElection6: Election PASSED; received 1 response(s) [3909bd6a-278d-4911-9d70-32680c972d02<-7c510082-4284-44ef-8cd9-bb38fb15579f#0:OK-t1] and 0 exception(s); 3909bd6a-278d-4911-9d70-32680c972d02@group-62509A8A5C15:t1, leader=null, voted=3909bd6a-278d-4911-9d70-32680c972d02, raftlog=3909bd6a-278d-4911-9d70-32680c972d02@group-62509A8A5C15-SegmentedRaftLog:OPENED:c-1,f-1,i0, conf=-1: [3909bd6a-278d-4911-9d70-32680c972d02:192.168.157.223:33343, d2424f4d-20d2-4104-abcc-02e6288f3ffc:192.168.157.223:39352, 7c510082-4284-44ef-8cd9-bb38fb15579f:192.168.157.223:33098], old=null
2019-10-17 21:15:27,631 [3909bd6a-278d-4911-9d70-32680c972d02@group-62509A8A5C15-LeaderElection6] INFO  impl.RoleInfo (RoleInfo.java:shutdownLeaderElection(134)) - 3909bd6a-278d-4911-9d70-32680c972d02: shutdown LeaderElection
2019-10-17 21:15:27,633 [3909bd6a-278d-4911-9d70-32680c972d02@group-62509A8A5C15-LeaderElection6] INFO  impl.RaftServerImpl (RaftServerImpl.java:setRole(184)) - 3909bd6a-278d-4911-9d70-32680c972d02@group-62509A8A5C15: changes role from CANDIDATE to LEADER at term 1 for changeToLeader
2019-10-17 21:15:27,633 [3909bd6a-278d-4911-9d70-32680c972d02@group-62509A8A5C15-LeaderElection6] INFO  impl.RaftServerImpl (ServerState.java:setLeader(256)) - 3909bd6a-278d-4911-9d70-32680c972d02@group-62509A8A5C15: change Leader from null to 3909bd6a-278d-4911-9d70-32680c972d02 at term 1 for becomeLeader, leader elected after 131ms
2019-10-17 21:15:27,634 [3909bd6a-278d-4911-9d70-32680c972d02@group-62509A8A5C15-LeaderElection6] INFO  server.RaftServerConfigKeys (ConfUtils.java:logGet(43)) - raft.server.staging.catchup.gap = 1000 (default)
2019-10-17 21:15:27,634 [3909bd6a-278d-4911-9d70-32680c972d02@group-62509A8A5C15-LeaderElection6] INFO  server.RaftServerConfigKeys (ConfUtils.java:logGet(43)) - raft.server.rpc.sleep.time = 25ms (default)
2019-10-17 21:15:27,634 [3909bd6a-278d-4911-9d70-32680c972d02@group-62509A8A5C15-LeaderElection6] INFO  server.RaftServerConfigKeys (ConfUtils.java:logGet(43)) - raft.server.write.element-limit = 4096 (default)
2019-10-17 21:15:27,634 [3909bd6a-278d-4911-9d70-32680c972d02@group-62509A8A5C15-LeaderElection6] INFO  server.RaftServerConfigKeys (ConfUtils.java:logGet(43)) - raft.server.watch.timeout = 10s (default)
2019-10-17 21:15:27,635 [3909bd6a-278d-4911-9d70-32680c972d02@group-62509A8A5C15-LeaderElection6] INFO  server.RaftServerConfigKeys (ConfUtils.java:logGet(43)) - raft.server.watch.timeout.denomination = 1s (default)
2019-10-17 21:15:27,635 [3909bd6a-278d-4911-9d70-32680c972d02@group-62509A8A5C15-LeaderElection6] INFO  server.RaftServerConfigKeys (ConfUtils.java:logGet(43)) - raft.server.watch.element-limit = 65536 (default)
2019-10-17 21:15:27,635 [main] INFO  ozone.MiniOzoneClusterImpl (MiniOzoneClusterImpl.java:lambda$waitForClusterToBeReady$0(147)) - Cluster is ready. Got 4 of 4 DN Heartbeats.
2019-10-17 21:15:27,645 [3909bd6a-278d-4911-9d70-32680c972d02@group-62509A8A5C15-LeaderElection6] INFO  server.RaftServerConfigKeys (ConfUtils.java:logGet(43)) - raft.server.log.appender.snapshot.chunk.size.max = 16MB (=16777216) (default)
2019-10-17 21:15:27,646 [3909bd6a-278d-4911-9d70-32680c972d02@group-62509A8A5C15-LeaderElection6] INFO  server.RaftServerConfigKeys (ConfUtils.java:logGet(43)) - raft.server.log.appender.buffer.byte-limit = 33554432 (custom)
2019-10-17 21:15:27,647 [3909bd6a-278d-4911-9d70-32680c972d02@group-62509A8A5C15-LeaderElection6] INFO  server.RaftServerConfigKeys (ConfUtils.java:logGet(43)) - raft.server.log.appender.buffer.element-limit = 1 (custom)
2019-10-17 21:15:27,652 [3909bd6a-278d-4911-9d70-32680c972d02@group-62509A8A5C15-LeaderElection6] INFO  grpc.GrpcConfigKeys$Server (ConfUtils.java:logGet(43)) - raft.grpc.server.leader.outstanding.appends.max = 128 (default)
2019-10-17 21:15:27,653 [3909bd6a-278d-4911-9d70-32680c972d02@group-62509A8A5C15-LeaderElection6] INFO  server.RaftServerConfigKeys (ConfUtils.java:logGet(43)) - raft.server.rpc.request.timeout = 3000ms (default)
2019-10-17 21:15:27,654 [3909bd6a-278d-4911-9d70-32680c972d02@group-62509A8A5C15-LeaderElection6] INFO  server.RaftServerConfigKeys (ConfUtils.java:logGet(43)) - raft.server.log.appender.install.snapshot.enabled = false (custom)
2019-10-17 21:15:27,662 [3909bd6a-278d-4911-9d70-32680c972d02@group-62509A8A5C15-LeaderElection6] INFO  server.RaftServerConfigKeys (ConfUtils.java:logGet(43)) - raft.server.log.appender.snapshot.chunk.size.max = 16MB (=16777216) (default)
2019-10-17 21:15:27,662 [3909bd6a-278d-4911-9d70-32680c972d02@group-62509A8A5C15-LeaderElection6] INFO  server.RaftServerConfigKeys (ConfUtils.java:logGet(43)) - raft.server.log.appender.buffer.byte-limit = 33554432 (custom)
2019-10-17 21:15:27,662 [3909bd6a-278d-4911-9d70-32680c972d02@group-62509A8A5C15-LeaderElection6] INFO  server.RaftServerConfigKeys (ConfUtils.java:logGet(43)) - raft.server.log.appender.buffer.element-limit = 1 (custom)
2019-10-17 21:15:27,663 [3909bd6a-278d-4911-9d70-32680c972d02@group-62509A8A5C15-LeaderElection6] INFO  grpc.GrpcConfigKeys$Server (ConfUtils.java:logGet(43)) - raft.grpc.server.leader.outstanding.appends.max = 128 (default)
2019-10-17 21:15:27,663 [3909bd6a-278d-4911-9d70-32680c972d02@group-62509A8A5C15-LeaderElection6] INFO  server.RaftServerConfigKeys (ConfUtils.java:logGet(43)) - raft.server.rpc.request.timeout = 3000ms (default)
2019-10-17 21:15:27,663 [3909bd6a-278d-4911-9d70-32680c972d02@group-62509A8A5C15-LeaderElection6] INFO  server.RaftServerConfigKeys (ConfUtils.java:logGet(43)) - raft.server.log.appender.install.snapshot.enabled = false (custom)
2019-10-17 21:15:27,672 [Thread-234] INFO  impl.FollowerState (FollowerState.java:run(108)) - d2424f4d-20d2-4104-abcc-02e6288f3ffc@group-62509A8A5C15-FollowerState: change to CANDIDATE, lastRpcTime:71ms, electionTimeout:68ms
2019-10-17 21:15:27,672 [Thread-234] INFO  impl.RoleInfo (RoleInfo.java:shutdownFollowerState(121)) - d2424f4d-20d2-4104-abcc-02e6288f3ffc: shutdown FollowerState
2019-10-17 21:15:27,672 [Thread-234] INFO  impl.RaftServerImpl (RaftServerImpl.java:setRole(184)) - d2424f4d-20d2-4104-abcc-02e6288f3ffc@group-62509A8A5C15: changes role from  FOLLOWER to CANDIDATE at term 1 for changeToCandidate
2019-10-17 21:15:27,673 [Thread-234] INFO  impl.RoleInfo (RoleInfo.java:updateAndGet(143)) - d2424f4d-20d2-4104-abcc-02e6288f3ffc: start LeaderElection
2019-10-17 21:15:27,674 [3909bd6a-278d-4911-9d70-32680c972d02@group-62509A8A5C15-LeaderElection6] INFO  impl.RoleInfo (RoleInfo.java:updateAndGet(143)) - 3909bd6a-278d-4911-9d70-32680c972d02: start LeaderState
2019-10-17 21:15:27,675 [3909bd6a-278d-4911-9d70-32680c972d02@group-62509A8A5C15-LeaderElection6] INFO  segmented.SegmentedRaftLogWorker (SegmentedRaftLogWorker.java:startLogSegment(385)) - 3909bd6a-278d-4911-9d70-32680c972d02@group-62509A8A5C15-SegmentedRaftLogWorker: Starting segment from index:0
2019-10-17 21:15:27,677 [3909bd6a-278d-4911-9d70-32680c972d02@group-62509A8A5C15-LeaderElection6] INFO  impl.RaftServerImpl (ServerState.java:setRaftConf(357)) - 3909bd6a-278d-4911-9d70-32680c972d02@group-62509A8A5C15: set configuration 0: [3909bd6a-278d-4911-9d70-32680c972d02:192.168.157.223:33343, d2424f4d-20d2-4104-abcc-02e6288f3ffc:192.168.157.223:39352, 7c510082-4284-44ef-8cd9-bb38fb15579f:192.168.157.223:33098], old=null at 0
2019-10-17 21:15:27,717 [Thread-233] INFO  impl.FollowerState (FollowerState.java:run(108)) - 7c510082-4284-44ef-8cd9-bb38fb15579f@group-62509A8A5C15-FollowerState: change to CANDIDATE, lastRpcTime:115ms, electionTimeout:112ms
2019-10-17 21:15:27,722 [d2424f4d-20d2-4104-abcc-02e6288f3ffc@group-62509A8A5C15-LeaderElection7] INFO  impl.LeaderElection (LeaderElection.java:askForVotes(178)) - d2424f4d-20d2-4104-abcc-02e6288f3ffc@group-62509A8A5C15-LeaderElection7: begin an election at term 2 for -1: [3909bd6a-278d-4911-9d70-32680c972d02:192.168.157.223:33343, d2424f4d-20d2-4104-abcc-02e6288f3ffc:192.168.157.223:39352, 7c510082-4284-44ef-8cd9-bb38fb15579f:192.168.157.223:33098], old=null
2019-10-17 21:15:27,723 [Thread-233] INFO  impl.RoleInfo (RoleInfo.java:shutdownFollowerState(121)) - 7c510082-4284-44ef-8cd9-bb38fb15579f: shutdown FollowerState
2019-10-17 21:15:27,723 [Thread-233] INFO  impl.RaftServerImpl (RaftServerImpl.java:setRole(184)) - 7c510082-4284-44ef-8cd9-bb38fb15579f@group-62509A8A5C15: changes role from  FOLLOWER to CANDIDATE at term 1 for changeToCandidate
2019-10-17 21:15:27,723 [Thread-233] INFO  impl.RoleInfo (RoleInfo.java:updateAndGet(143)) - 7c510082-4284-44ef-8cd9-bb38fb15579f: start LeaderElection
2019-10-17 21:15:27,736 [d2424f4d-20d2-4104-abcc-02e6288f3ffc@group-62509A8A5C15-LeaderElection7] INFO  impl.LeaderElection (LeaderElection.java:logAndReturn(56)) - d2424f4d-20d2-4104-abcc-02e6288f3ffc@group-62509A8A5C15-LeaderElection7: Election TIMEOUT; received 0 response(s) [] and 0 exception(s); d2424f4d-20d2-4104-abcc-02e6288f3ffc@group-62509A8A5C15:t2, leader=null, voted=d2424f4d-20d2-4104-abcc-02e6288f3ffc, raftlog=d2424f4d-20d2-4104-abcc-02e6288f3ffc@group-62509A8A5C15-SegmentedRaftLog:OPENED:c-1,f-1,i0, conf=-1: [3909bd6a-278d-4911-9d70-32680c972d02:192.168.157.223:33343, d2424f4d-20d2-4104-abcc-02e6288f3ffc:192.168.157.223:39352, 7c510082-4284-44ef-8cd9-bb38fb15579f:192.168.157.223:33098], old=null
2019-10-17 21:15:27,736 [3909bd6a-278d-4911-9d70-32680c972d02@group-62509A8A5C15-SegmentedRaftLogWorker] INFO  segmented.SegmentedRaftLogWorker (SegmentedRaftLogWorker.java:execute(576)) - 3909bd6a-278d-4911-9d70-32680c972d02@group-62509A8A5C15-SegmentedRaftLogWorker: created new log segment /workdir/hadoop-ozone/integration-test/target/test-dir/MiniOzoneClusterImpl-b9b5409c-d29d-4233-95df-efa4b45819dc/datanode-0/data/ratis/b8f7852e-7842-4f24-b950-62509a8a5c15/current/log_inprogress_0
2019-10-17 21:15:27,736 [7c510082-4284-44ef-8cd9-bb38fb15579f@group-62509A8A5C15-LeaderElection8] INFO  impl.LeaderElection (LeaderElection.java:askForVotes(178)) - 7c510082-4284-44ef-8cd9-bb38fb15579f@group-62509A8A5C15-LeaderElection8: begin an election at term 2 for -1: [3909bd6a-278d-4911-9d70-32680c972d02:192.168.157.223:33343, d2424f4d-20d2-4104-abcc-02e6288f3ffc:192.168.157.223:39352, 7c510082-4284-44ef-8cd9-bb38fb15579f:192.168.157.223:33098], old=null
2019-10-17 21:15:27,748 [grpc-default-executor-1] INFO  impl.RaftServerImpl (ServerState.java:setLeader(256)) - 3909bd6a-278d-4911-9d70-32680c972d02@group-62509A8A5C15: change Leader from 3909bd6a-278d-4911-9d70-32680c972d02 to null at term 2 for updateCurrentTerm
2019-10-17 21:15:27,749 [grpc-default-executor-1] INFO  impl.RaftServerImpl (RaftServerImpl.java:setRole(184)) - 3909bd6a-278d-4911-9d70-32680c972d02@group-62509A8A5C15: changes role from    LEADER to FOLLOWER at term 2 for recognizeCandidate:d2424f4d-20d2-4104-abcc-02e6288f3ffc
2019-10-17 21:15:27,749 [grpc-default-executor-1] INFO  impl.RoleInfo (RoleInfo.java:shutdownLeaderState(104)) - 3909bd6a-278d-4911-9d70-32680c972d02: shutdown LeaderState
2019-10-17 21:15:27,753 [d2424f4d-20d2-4104-abcc-02e6288f3ffc@group-62509A8A5C15-LeaderElection7] INFO  impl.LeaderElection (LeaderElection.java:askForVotes(178)) - d2424f4d-20d2-4104-abcc-02e6288f3ffc@group-62509A8A5C15-LeaderElection7: begin an election at term 3 for -1: [3909bd6a-278d-4911-9d70-32680c972d02:192.168.157.223:33343, d2424f4d-20d2-4104-abcc-02e6288f3ffc:192.168.157.223:39352, 7c510082-4284-44ef-8cd9-bb38fb15579f:192.168.157.223:33098], old=null
2019-10-17 21:15:27,754 [grpc-default-executor-1] INFO  impl.PendingRequests (PendingRequests.java:sendNotLeaderResponses(202)) - 3909bd6a-278d-4911-9d70-32680c972d02@group-62509A8A5C15-PendingRequests: sendNotLeaderResponses
2019-10-17 21:15:27,755 [org.apache.ratis.server.impl.LogAppender$AppenderDaemon$$Lambda$408/873984450@4401eb6] WARN  server.GrpcLogAppender (GrpcLogAppender.java:mayWait(149)) - 3909bd6a-278d-4911-9d70-32680c972d02@group-62509A8A5C15->7c510082-4284-44ef-8cd9-bb38fb15579f-GrpcLogAppender: Wait interrupted by java.lang.InterruptedException
2019-10-17 21:15:27,755 [org.apache.ratis.server.impl.LogAppender$AppenderDaemon$$Lambda$408/873984450@3d8d048b] WARN  server.GrpcLogAppender (GrpcLogAppender.java:mayWait(149)) - 3909bd6a-278d-4911-9d70-32680c972d02@group-62509A8A5C15->d2424f4d-20d2-4104-abcc-02e6288f3ffc-GrpcLogAppender: Wait interrupted by java.lang.InterruptedException
2019-10-17 21:15:27,760 [grpc-default-executor-1] INFO  impl.RoleInfo (RoleInfo.java:updateAndGet(143)) - 3909bd6a-278d-4911-9d70-32680c972d02: start FollowerState
2019-10-17 21:15:27,768 [grpc-default-executor-4] INFO  impl.RaftServerImpl (RaftServerImpl.java:setRole(184)) - 7c510082-4284-44ef-8cd9-bb38fb15579f@group-62509A8A5C15: changes role from CANDIDATE to FOLLOWER at term 3 for recognizeCandidate:d2424f4d-20d2-4104-abcc-02e6288f3ffc
2019-10-17 21:15:27,771 [grpc-default-executor-4] INFO  impl.RoleInfo (RoleInfo.java:shutdownLeaderElection(134)) - 7c510082-4284-44ef-8cd9-bb38fb15579f: shutdown LeaderElection
2019-10-17 21:15:27,773 [grpc-default-executor-4] INFO  impl.RoleInfo (RoleInfo.java:updateAndGet(143)) - 7c510082-4284-44ef-8cd9-bb38fb15579f: start FollowerState
2019-10-17 21:15:27,775 [grpc-default-executor-0] INFO  impl.RaftServerImpl (RaftServerImpl.java:setRole(184)) - 3909bd6a-278d-4911-9d70-32680c972d02@group-62509A8A5C15: changes role from  FOLLOWER to FOLLOWER at term 2 for recognizeCandidate:7c510082-4284-44ef-8cd9-bb38fb15579f
2019-10-17 21:15:27,775 [grpc-default-executor-0] INFO  impl.RoleInfo (RoleInfo.java:shutdownFollowerState(121)) - 3909bd6a-278d-4911-9d70-32680c972d02: shutdown FollowerState
2019-10-17 21:15:27,776 [Thread-248] INFO  impl.FollowerState (FollowerState.java:run(117)) - 3909bd6a-278d-4911-9d70-32680c972d02@group-62509A8A5C15-FollowerState was interrupted: java.lang.InterruptedException: sleep interrupted
2019-10-17 21:15:27,779 [grpc-default-executor-0] INFO  impl.RoleInfo (RoleInfo.java:updateAndGet(143)) - 3909bd6a-278d-4911-9d70-32680c972d02: start FollowerState
2019-10-17 21:15:27,780 [grpc-default-executor-5] INFO  impl.RaftServerImpl (RaftServerImpl.java:setRole(184)) - 3909bd6a-278d-4911-9d70-32680c972d02@group-62509A8A5C15: changes role from  FOLLOWER to FOLLOWER at term 3 for recognizeCandidate:d2424f4d-20d2-4104-abcc-02e6288f3ffc
2019-10-17 21:15:27,780 [grpc-default-executor-5] INFO  impl.RoleInfo (RoleInfo.java:shutdownFollowerState(121)) - 3909bd6a-278d-4911-9d70-32680c972d02: shutdown FollowerState
2019-10-17 21:15:27,780 [Thread-250] INFO  impl.FollowerState (FollowerState.java:run(117)) - 3909bd6a-278d-4911-9d70-32680c972d02@group-62509A8A5C15-FollowerState was interrupted: java.lang.InterruptedException: sleep interrupted
2019-10-17 21:15:27,781 [grpc-default-executor-5] INFO  impl.RoleInfo (RoleInfo.java:updateAndGet(143)) - 3909bd6a-278d-4911-9d70-32680c972d02: start FollowerState
2019-10-17 21:15:27,792 [7c510082-4284-44ef-8cd9-bb38fb15579f@group-62509A8A5C15-LeaderElection8] INFO  impl.LeaderElection (LeaderElection.java:logAndReturn(56)) - 7c510082-4284-44ef-8cd9-bb38fb15579f@group-62509A8A5C15-LeaderElection8: Election DISCOVERED_A_NEW_TERM; received 1 response(s) [7c510082-4284-44ef-8cd9-bb38fb15579f<-d2424f4d-20d2-4104-abcc-02e6288f3ffc#0:FAIL-t3] and 0 exception(s); 7c510082-4284-44ef-8cd9-bb38fb15579f@group-62509A8A5C15:t3, leader=null, voted=null, raftlog=7c510082-4284-44ef-8cd9-bb38fb15579f@group-62509A8A5C15-SegmentedRaftLog:OPENED:c-1,f-1,i0, conf=-1: [3909bd6a-278d-4911-9d70-32680c972d02:192.168.157.223:33343, d2424f4d-20d2-4104-abcc-02e6288f3ffc:192.168.157.223:39352, 7c510082-4284-44ef-8cd9-bb38fb15579f:192.168.157.223:33098], old=null
2019-10-17 21:15:27,796 [grpc-default-executor-3] INFO  server.GrpcServerProtocolService (GrpcServerProtocolService.java:onCompleted(113)) - d2424f4d-20d2-4104-abcc-02e6288f3ffc: Completed APPEND_ENTRIES, lastRequest: 3909bd6a-278d-4911-9d70-32680c972d02->d2424f4d-20d2-4104-abcc-02e6288f3ffc#0-t1, previous=(t:0, i:0), leaderCommit=-1, initializing? false, entries: <empty>
2019-10-17 21:15:27,797 [grpc-default-executor-2] INFO  server.GrpcServerProtocolService (GrpcServerProtocolService.java:onCompleted(113)) - 7c510082-4284-44ef-8cd9-bb38fb15579f: Completed APPEND_ENTRIES, lastRequest: 3909bd6a-278d-4911-9d70-32680c972d02->7c510082-4284-44ef-8cd9-bb38fb15579f#0-t1, previous=(t:0, i:0), leaderCommit=-1, initializing? false, entries: <empty>
2019-10-17 21:15:27,805 [grpc-default-executor-2] INFO  server.GrpcLogAppender (GrpcLogAppender.java:onCompleted(308)) - 3909bd6a-278d-4911-9d70-32680c972d02@group-62509A8A5C15->7c510082-4284-44ef-8cd9-bb38fb15579f-AppendLogResponseHandler: follower responses appendEntries COMPLETED
2019-10-17 21:15:27,805 [grpc-default-executor-6] INFO  server.GrpcLogAppender (GrpcLogAppender.java:onCompleted(308)) - 3909bd6a-278d-4911-9d70-32680c972d02@group-62509A8A5C15->d2424f4d-20d2-4104-abcc-02e6288f3ffc-AppendLogResponseHandler: follower responses appendEntries COMPLETED
2019-10-17 21:15:27,808 [d2424f4d-20d2-4104-abcc-02e6288f3ffc@group-62509A8A5C15-LeaderElection7] INFO  impl.LeaderElection (LeaderElection.java:logAndReturn(56)) - d2424f4d-20d2-4104-abcc-02e6288f3ffc@group-62509A8A5C15-LeaderElection7: Election REJECTED; received 2 response(s) [d2424f4d-20d2-4104-abcc-02e6288f3ffc<-3909bd6a-278d-4911-9d70-32680c972d02#0:FAIL-t3, d2424f4d-20d2-4104-abcc-02e6288f3ffc<-7c510082-4284-44ef-8cd9-bb38fb15579f#0:FAIL-t3] and 0 exception(s); d2424f4d-20d2-4104-abcc-02e6288f3ffc@group-62509A8A5C15:t3, leader=null, voted=d2424f4d-20d2-4104-abcc-02e6288f3ffc, raftlog=d2424f4d-20d2-4104-abcc-02e6288f3ffc@group-62509A8A5C15-SegmentedRaftLog:OPENED:c-1,f-1,i0, conf=-1: [3909bd6a-278d-4911-9d70-32680c972d02:192.168.157.223:33343, d2424f4d-20d2-4104-abcc-02e6288f3ffc:192.168.157.223:39352, 7c510082-4284-44ef-8cd9-bb38fb15579f:192.168.157.223:33098], old=null
2019-10-17 21:15:27,808 [d2424f4d-20d2-4104-abcc-02e6288f3ffc@group-62509A8A5C15-LeaderElection7] INFO  impl.RaftServerImpl (RaftServerImpl.java:setRole(184)) - d2424f4d-20d2-4104-abcc-02e6288f3ffc@group-62509A8A5C15: changes role from CANDIDATE to FOLLOWER at term 3 for DISCOVERED_A_NEW_TERM
2019-10-17 21:15:27,809 [d2424f4d-20d2-4104-abcc-02e6288f3ffc@group-62509A8A5C15-LeaderElection7] INFO  impl.RoleInfo (RoleInfo.java:shutdownLeaderElection(134)) - d2424f4d-20d2-4104-abcc-02e6288f3ffc: shutdown LeaderElection
2019-10-17 21:15:27,810 [d2424f4d-20d2-4104-abcc-02e6288f3ffc@group-62509A8A5C15-LeaderElection7] INFO  impl.RoleInfo (RoleInfo.java:updateAndGet(143)) - d2424f4d-20d2-4104-abcc-02e6288f3ffc: start FollowerState
2019-10-17 21:15:27,813 [grpc-default-executor-2] INFO  impl.FollowerInfo (FollowerInfo.java:lambda$new$0(51)) - 3909bd6a-278d-4911-9d70-32680c972d02@group-62509A8A5C15->7c510082-4284-44ef-8cd9-bb38fb15579f: nextIndex: updateUnconditionally 0 -> 0
2019-10-17 21:15:27,814 [grpc-default-executor-6] INFO  impl.FollowerInfo (FollowerInfo.java:lambda$new$0(51)) - 3909bd6a-278d-4911-9d70-32680c972d02@group-62509A8A5C15->d2424f4d-20d2-4104-abcc-02e6288f3ffc: nextIndex: updateUnconditionally 0 -> 0
2019-10-17 21:15:27,828 [Thread-249] INFO  impl.FollowerState (FollowerState.java:run(108)) - 7c510082-4284-44ef-8cd9-bb38fb15579f@group-62509A8A5C15-FollowerState: change to CANDIDATE, lastRpcTime:54ms, electionTimeout:53ms
2019-10-17 21:15:27,828 [Thread-249] INFO  impl.RoleInfo (RoleInfo.java:shutdownFollowerState(121)) - 7c510082-4284-44ef-8cd9-bb38fb15579f: shutdown FollowerState
2019-10-17 21:15:27,829 [Thread-249] INFO  impl.RaftServerImpl (RaftServerImpl.java:setRole(184)) - 7c510082-4284-44ef-8cd9-bb38fb15579f@group-62509A8A5C15: changes role from  FOLLOWER to CANDIDATE at term 3 for changeToCandidate
2019-10-17 21:15:27,829 [Thread-249] INFO  impl.RoleInfo (RoleInfo.java:updateAndGet(143)) - 7c510082-4284-44ef-8cd9-bb38fb15579f: start LeaderElection
2019-10-17 21:15:27,846 [7c510082-4284-44ef-8cd9-bb38fb15579f@group-62509A8A5C15-LeaderElection9] INFO  impl.LeaderElection (LeaderElection.java:askForVotes(178)) - 7c510082-4284-44ef-8cd9-bb38fb15579f@group-62509A8A5C15-LeaderElection9: begin an election at term 4 for -1: [3909bd6a-278d-4911-9d70-32680c972d02:192.168.157.223:33343, d2424f4d-20d2-4104-abcc-02e6288f3ffc:192.168.157.223:39352, 7c510082-4284-44ef-8cd9-bb38fb15579f:192.168.157.223:33098], old=null
2019-10-17 21:15:27,852 [grpc-default-executor-2] INFO  impl.RaftServerImpl (RaftServerImpl.java:setRole(184)) - d2424f4d-20d2-4104-abcc-02e6288f3ffc@group-62509A8A5C15: changes role from  FOLLOWER to FOLLOWER at term 4 for recognizeCandidate:7c510082-4284-44ef-8cd9-bb38fb15579f
2019-10-17 21:15:27,852 [grpc-default-executor-6] INFO  impl.RaftServerImpl (RaftServerImpl.java:setRole(184)) - 3909bd6a-278d-4911-9d70-32680c972d02@group-62509A8A5C15: changes role from  FOLLOWER to FOLLOWER at term 4 for recognizeCandidate:7c510082-4284-44ef-8cd9-bb38fb15579f
2019-10-17 21:15:27,852 [grpc-default-executor-2] INFO  impl.RoleInfo (RoleInfo.java:shutdownFollowerState(121)) - d2424f4d-20d2-4104-abcc-02e6288f3ffc: shutdown FollowerState
2019-10-17 21:15:27,852 [grpc-default-executor-6] INFO  impl.RoleInfo (RoleInfo.java:shutdownFollowerState(121)) - 3909bd6a-278d-4911-9d70-32680c972d02: shutdown FollowerState
2019-10-17 21:15:27,852 [grpc-default-executor-2] INFO  impl.RoleInfo (RoleInfo.java:updateAndGet(143)) - d2424f4d-20d2-4104-abcc-02e6288f3ffc: start FollowerState
2019-10-17 21:15:27,852 [Thread-252] INFO  impl.FollowerState (FollowerState.java:run(117)) - d2424f4d-20d2-4104-abcc-02e6288f3ffc@group-62509A8A5C15-FollowerState was interrupted: java.lang.InterruptedException: sleep interrupted
2019-10-17 21:15:27,853 [Thread-251] INFO  impl.FollowerState (FollowerState.java:run(117)) - 3909bd6a-278d-4911-9d70-32680c972d02@group-62509A8A5C15-FollowerState was interrupted: java.lang.InterruptedException: sleep interrupted
2019-10-17 21:15:27,853 [grpc-default-executor-6] INFO  impl.RoleInfo (RoleInfo.java:updateAndGet(143)) - 3909bd6a-278d-4911-9d70-32680c972d02: start FollowerState
2019-10-17 21:15:27,870 [7c510082-4284-44ef-8cd9-bb38fb15579f@group-62509A8A5C15-LeaderElection9] INFO  impl.LeaderElection (LeaderElection.java:logAndReturn(56)) - 7c510082-4284-44ef-8cd9-bb38fb15579f@group-62509A8A5C15-LeaderElection9: Election PASSED; received 1 response(s) [7c510082-4284-44ef-8cd9-bb38fb15579f<-d2424f4d-20d2-4104-abcc-02e6288f3ffc#0:OK-t4] and 0 exception(s); 7c510082-4284-44ef-8cd9-bb38fb15579f@group-62509A8A5C15:t4, leader=null, voted=7c510082-4284-44ef-8cd9-bb38fb15579f, raftlog=7c510082-4284-44ef-8cd9-bb38fb15579f@group-62509A8A5C15-SegmentedRaftLog:OPENED:c-1,f-1,i0, conf=-1: [3909bd6a-278d-4911-9d70-32680c972d02:192.168.157.223:33343, d2424f4d-20d2-4104-abcc-02e6288f3ffc:192.168.157.223:39352, 7c510082-4284-44ef-8cd9-bb38fb15579f:192.168.157.223:33098], old=null
2019-10-17 21:15:27,870 [7c510082-4284-44ef-8cd9-bb38fb15579f@group-62509A8A5C15-LeaderElection9] INFO  impl.RoleInfo (RoleInfo.java:shutdownLeaderElection(134)) - 7c510082-4284-44ef-8cd9-bb38fb15579f: shutdown LeaderElection
2019-10-17 21:15:27,873 [7c510082-4284-44ef-8cd9-bb38fb15579f@group-62509A8A5C15-LeaderElection9] INFO  impl.RaftServerImpl (RaftServerImpl.java:setRole(184)) - 7c510082-4284-44ef-8cd9-bb38fb15579f@group-62509A8A5C15: changes role from CANDIDATE to LEADER at term 4 for changeToLeader
2019-10-17 21:15:27,874 [7c510082-4284-44ef-8cd9-bb38fb15579f@group-62509A8A5C15-LeaderElection9] INFO  impl.RaftServerImpl (ServerState.java:setLeader(256)) - 7c510082-4284-44ef-8cd9-bb38fb15579f@group-62509A8A5C15: change Leader from null to 7c510082-4284-44ef-8cd9-bb38fb15579f at term 4 for becomeLeader, leader elected after 372ms
2019-10-17 21:15:27,874 [7c510082-4284-44ef-8cd9-bb38fb15579f@group-62509A8A5C15-LeaderElection9] INFO  server.RaftServerConfigKeys (ConfUtils.java:logGet(43)) - raft.server.staging.catchup.gap = 1000 (default)
2019-10-17 21:15:27,874 [7c510082-4284-44ef-8cd9-bb38fb15579f@group-62509A8A5C15-LeaderElection9] INFO  server.RaftServerConfigKeys (ConfUtils.java:logGet(43)) - raft.server.rpc.sleep.time = 25ms (default)
2019-10-17 21:15:27,874 [7c510082-4284-44ef-8cd9-bb38fb15579f@group-62509A8A5C15-LeaderElection9] INFO  server.RaftServerConfigKeys (ConfUtils.java:logGet(43)) - raft.server.write.element-limit = 4096 (default)
2019-10-17 21:15:27,874 [7c510082-4284-44ef-8cd9-bb38fb15579f@group-62509A8A5C15-LeaderElection9] INFO  server.RaftServerConfigKeys (ConfUtils.java:logGet(43)) - raft.server.watch.timeout = 10s (default)
2019-10-17 21:15:27,875 [7c510082-4284-44ef-8cd9-bb38fb15579f@group-62509A8A5C15-LeaderElection9] INFO  server.RaftServerConfigKeys (ConfUtils.java:logGet(43)) - raft.server.watch.timeout.denomination = 1s (default)
2019-10-17 21:15:27,875 [7c510082-4284-44ef-8cd9-bb38fb15579f@group-62509A8A5C15-LeaderElection9] INFO  server.RaftServerConfigKeys (ConfUtils.java:logGet(43)) - raft.server.watch.element-limit = 65536 (default)
2019-10-17 21:15:27,878 [7c510082-4284-44ef-8cd9-bb38fb15579f@group-62509A8A5C15-LeaderElection9] INFO  server.RaftServerConfigKeys (ConfUtils.java:logGet(43)) - raft.server.log.appender.snapshot.chunk.size.max = 16MB (=16777216) (default)
2019-10-17 21:15:27,878 [7c510082-4284-44ef-8cd9-bb38fb15579f@group-62509A8A5C15-LeaderElection9] INFO  server.RaftServerConfigKeys (ConfUtils.java:logGet(43)) - raft.server.log.appender.buffer.byte-limit = 33554432 (custom)
2019-10-17 21:15:27,879 [7c510082-4284-44ef-8cd9-bb38fb15579f@group-62509A8A5C15-LeaderElection9] INFO  server.RaftServerConfigKeys (ConfUtils.java:logGet(43)) - raft.server.log.appender.buffer.element-limit = 1 (custom)
2019-10-17 21:15:27,879 [7c510082-4284-44ef-8cd9-bb38fb15579f@group-62509A8A5C15-LeaderElection9] INFO  grpc.GrpcConfigKeys$Server (ConfUtils.java:logGet(43)) - raft.grpc.server.leader.outstanding.appends.max = 128 (default)
2019-10-17 21:15:27,879 [7c510082-4284-44ef-8cd9-bb38fb15579f@group-62509A8A5C15-LeaderElection9] INFO  server.RaftServerConfigKeys (ConfUtils.java:logGet(43)) - raft.server.rpc.request.timeout = 3000ms (default)
2019-10-17 21:15:27,879 [Thread-256] INFO  impl.FollowerState (FollowerState.java:run(108)) - d2424f4d-20d2-4104-abcc-02e6288f3ffc@group-62509A8A5C15-FollowerState: change to CANDIDATE, lastRpcTime:26ms, electionTimeout:25ms
2019-10-17 21:15:27,879 [7c510082-4284-44ef-8cd9-bb38fb15579f@group-62509A8A5C15-LeaderElection9] INFO  server.RaftServerConfigKeys (ConfUtils.java:logGet(43)) - raft.server.log.appender.install.snapshot.enabled = false (custom)
2019-10-17 21:15:27,880 [Thread-256] INFO  impl.RoleInfo (RoleInfo.java:shutdownFollowerState(121)) - d2424f4d-20d2-4104-abcc-02e6288f3ffc: shutdown FollowerState
2019-10-17 21:15:27,881 [Thread-256] INFO  impl.RaftServerImpl (RaftServerImpl.java:setRole(184)) - d2424f4d-20d2-4104-abcc-02e6288f3ffc@group-62509A8A5C15: changes role from  FOLLOWER to CANDIDATE at term 4 for changeToCandidate
2019-10-17 21:15:27,881 [Thread-256] INFO  impl.RoleInfo (RoleInfo.java:updateAndGet(143)) - d2424f4d-20d2-4104-abcc-02e6288f3ffc: start LeaderElection
2019-10-17 21:15:27,884 [7c510082-4284-44ef-8cd9-bb38fb15579f@group-62509A8A5C15-LeaderElection9] INFO  server.RaftServerConfigKeys (ConfUtils.java:logGet(43)) - raft.server.log.appender.snapshot.chunk.size.max = 16MB (=16777216) (default)
2019-10-17 21:15:27,884 [7c510082-4284-44ef-8cd9-bb38fb15579f@group-62509A8A5C15-LeaderElection9] INFO  server.RaftServerConfigKeys (ConfUtils.java:logGet(43)) - raft.server.log.appender.buffer.byte-limit = 33554432 (custom)
2019-10-17 21:15:27,884 [7c510082-4284-44ef-8cd9-bb38fb15579f@group-62509A8A5C15-LeaderElection9] INFO  server.RaftServerConfigKeys (ConfUtils.java:logGet(43)) - raft.server.log.appender.buffer.element-limit = 1 (custom)
2019-10-17 21:15:27,885 [7c510082-4284-44ef-8cd9-bb38fb15579f@group-62509A8A5C15-LeaderElection9] INFO  grpc.GrpcConfigKeys$Server (ConfUtils.java:logGet(43)) - raft.grpc.server.leader.outstanding.appends.max = 128 (default)
2019-10-17 21:15:27,885 [7c510082-4284-44ef-8cd9-bb38fb15579f@group-62509A8A5C15-LeaderElection9] INFO  server.RaftServerConfigKeys (ConfUtils.java:logGet(43)) - raft.server.rpc.request.timeout = 3000ms (default)
2019-10-17 21:15:27,885 [7c510082-4284-44ef-8cd9-bb38fb15579f@group-62509A8A5C15-LeaderElection9] INFO  server.RaftServerConfigKeys (ConfUtils.java:logGet(43)) - raft.server.log.appender.install.snapshot.enabled = false (custom)
2019-10-17 21:15:27,888 [7c510082-4284-44ef-8cd9-bb38fb15579f@group-62509A8A5C15-LeaderElection9] INFO  impl.RoleInfo (RoleInfo.java:updateAndGet(143)) - 7c510082-4284-44ef-8cd9-bb38fb15579f: start LeaderState
2019-10-17 21:15:27,888 [7c510082-4284-44ef-8cd9-bb38fb15579f@group-62509A8A5C15-LeaderElection9] INFO  segmented.SegmentedRaftLogWorker (SegmentedRaftLogWorker.java:startLogSegment(385)) - 7c510082-4284-44ef-8cd9-bb38fb15579f@group-62509A8A5C15-SegmentedRaftLogWorker: Starting segment from index:0
2019-10-17 21:15:27,889 [7c510082-4284-44ef-8cd9-bb38fb15579f@group-62509A8A5C15-LeaderElection9] INFO  impl.RaftServerImpl (ServerState.java:setRaftConf(357)) - 7c510082-4284-44ef-8cd9-bb38fb15579f@group-62509A8A5C15: set configuration 0: [3909bd6a-278d-4911-9d70-32680c972d02:192.168.157.223:33343, d2424f4d-20d2-4104-abcc-02e6288f3ffc:192.168.157.223:39352, 7c510082-4284-44ef-8cd9-bb38fb15579f:192.168.157.223:33098], old=null at 0
2019-10-17 21:15:27,893 [grpc-default-executor-6] INFO  impl.RaftServerImpl (ServerState.java:setLeader(256)) - 3909bd6a-278d-4911-9d70-32680c972d02@group-62509A8A5C15: change Leader from null to 7c510082-4284-44ef-8cd9-bb38fb15579f at term 4 for appendEntries, leader elected after 145ms
2019-10-17 21:15:27,908 [d2424f4d-20d2-4104-abcc-02e6288f3ffc@group-62509A8A5C15-LeaderElection10] INFO  impl.LeaderElection (LeaderElection.java:askForVotes(178)) - d2424f4d-20d2-4104-abcc-02e6288f3ffc@group-62509A8A5C15-LeaderElection10: begin an election at term 5 for -1: [3909bd6a-278d-4911-9d70-32680c972d02:192.168.157.223:33343, d2424f4d-20d2-4104-abcc-02e6288f3ffc:192.168.157.223:39352, 7c510082-4284-44ef-8cd9-bb38fb15579f:192.168.157.223:33098], old=null
2019-10-17 21:15:27,928 [Thread-258] INFO  impl.RaftServerImpl (ServerState.java:setLeader(256)) - 7c510082-4284-44ef-8cd9-bb38fb15579f@group-62509A8A5C15: change Leader from 7c510082-4284-44ef-8cd9-bb38fb15579f to null at term 5 for updateCurrentTerm
2019-10-17 21:15:27,928 [Thread-258] INFO  impl.RaftServerImpl (RaftServerImpl.java:setRole(184)) - 7c510082-4284-44ef-8cd9-bb38fb15579f@group-62509A8A5C15: changes role from    LEADER to FOLLOWER at term 5 for stepDown
2019-10-17 21:15:27,928 [Thread-258] INFO  impl.RoleInfo (RoleInfo.java:shutdownLeaderState(104)) - 7c510082-4284-44ef-8cd9-bb38fb15579f: shutdown LeaderState
2019-10-17 21:15:27,931 [org.apache.ratis.server.impl.LogAppender$AppenderDaemon$$Lambda$408/873984450@586f2088] WARN  server.GrpcLogAppender (GrpcLogAppender.java:mayWait(149)) - 7c510082-4284-44ef-8cd9-bb38fb15579f@group-62509A8A5C15->d2424f4d-20d2-4104-abcc-02e6288f3ffc-GrpcLogAppender: Wait interrupted by java.lang.InterruptedException
2019-10-17 21:15:27,931 [Thread-258] INFO  impl.PendingRequests (PendingRequests.java:sendNotLeaderResponses(202)) - 7c510082-4284-44ef-8cd9-bb38fb15579f@group-62509A8A5C15-PendingRequests: sendNotLeaderResponses
2019-10-17 21:15:27,931 [org.apache.ratis.server.impl.LogAppender$AppenderDaemon$$Lambda$408/873984450@694c6aaa] WARN  server.GrpcLogAppender (GrpcLogAppender.java:mayWait(149)) - 7c510082-4284-44ef-8cd9-bb38fb15579f@group-62509A8A5C15->3909bd6a-278d-4911-9d70-32680c972d02-GrpcLogAppender: Wait interrupted by java.lang.InterruptedException
2019-10-17 21:15:27,937 [Thread-258] INFO  impl.RoleInfo (RoleInfo.java:updateAndGet(143)) - 7c510082-4284-44ef-8cd9-bb38fb15579f: start FollowerState
2019-10-17 21:15:27,938 [grpc-default-executor-3] INFO  server.GrpcServerProtocolService (GrpcServerProtocolService.java:onCompleted(113)) - d2424f4d-20d2-4104-abcc-02e6288f3ffc: Completed APPEND_ENTRIES, lastRequest: 7c510082-4284-44ef-8cd9-bb38fb15579f->d2424f4d-20d2-4104-abcc-02e6288f3ffc#0-t4, previous=(t:0, i:0), leaderCommit=-1, initializing? false, entries: <empty>
2019-10-17 21:15:27,939 [grpc-default-executor-6] INFO  impl.RaftServerImpl (ServerState.java:setRaftConf(357)) - 3909bd6a-278d-4911-9d70-32680c972d02@group-62509A8A5C15: set configuration 0: [3909bd6a-278d-4911-9d70-32680c972d02:192.168.157.223:33343, d2424f4d-20d2-4104-abcc-02e6288f3ffc:192.168.157.223:39352, 7c510082-4284-44ef-8cd9-bb38fb15579f:192.168.157.223:33098], old=null at 0
2019-10-17 21:15:27,939 [grpc-default-executor-2] INFO  impl.RaftServerImpl (ServerState.java:setLeader(256)) - 3909bd6a-278d-4911-9d70-32680c972d02@group-62509A8A5C15: change Leader from 7c510082-4284-44ef-8cd9-bb38fb15579f to null at term 5 for updateCurrentTerm
2019-10-17 21:15:27,939 [grpc-default-executor-2] INFO  impl.RaftServerImpl (RaftServerImpl.java:setRole(184)) - 3909bd6a-278d-4911-9d70-32680c972d02@group-62509A8A5C15: changes role from  FOLLOWER to FOLLOWER at term 5 for recognizeCandidate:d2424f4d-20d2-4104-abcc-02e6288f3ffc
2019-10-17 21:15:27,939 [grpc-default-executor-3] INFO  server.GrpcLogAppender (GrpcLogAppender.java:onCompleted(308)) - 7c510082-4284-44ef-8cd9-bb38fb15579f@group-62509A8A5C15->d2424f4d-20d2-4104-abcc-02e6288f3ffc-AppendLogResponseHandler: follower responses appendEntries COMPLETED
2019-10-17 21:15:27,939 [grpc-default-executor-2] INFO  impl.RoleInfo (RoleInfo.java:shutdownFollowerState(121)) - 3909bd6a-278d-4911-9d70-32680c972d02: shutdown FollowerState
2019-10-17 21:15:27,941 [Thread-257] INFO  impl.FollowerState (FollowerState.java:run(117)) - 3909bd6a-278d-4911-9d70-32680c972d02@group-62509A8A5C15-FollowerState was interrupted: java.lang.InterruptedException: sleep interrupted
2019-10-17 21:15:27,941 [grpc-default-executor-2] INFO  impl.RoleInfo (RoleInfo.java:updateAndGet(143)) - 3909bd6a-278d-4911-9d70-32680c972d02: start FollowerState
2019-10-17 21:15:27,942 [grpc-default-executor-3] INFO  impl.FollowerInfo (FollowerInfo.java:lambda$new$0(51)) - 7c510082-4284-44ef-8cd9-bb38fb15579f@group-62509A8A5C15->d2424f4d-20d2-4104-abcc-02e6288f3ffc: nextIndex: updateUnconditionally 0 -> 0
2019-10-17 21:15:27,945 [grpc-default-executor-6] INFO  segmented.SegmentedRaftLogWorker (SegmentedRaftLogWorker.java:truncate(401)) - 3909bd6a-278d-4911-9d70-32680c972d02@group-62509A8A5C15-SegmentedRaftLogWorker: Truncating segments toTruncate: null
  toDelete: [(0, 0) isOpen? true, length=0, newEndIndex=-1], start index 0
2019-10-17 21:15:27,946 [grpc-default-executor-6] INFO  segmented.SegmentedRaftLogWorker (SegmentedRaftLogWorker.java:startLogSegment(385)) - 3909bd6a-278d-4911-9d70-32680c972d02@group-62509A8A5C15-SegmentedRaftLogWorker: Starting segment from index:0
2019-10-17 21:15:27,948 [3909bd6a-278d-4911-9d70-32680c972d02@group-62509A8A5C15-SegmentedRaftLogWorker] INFO  segmented.SegmentedRaftLogWorker (SegmentedRaftLogWorker.java:execute(640)) - 3909bd6a-278d-4911-9d70-32680c972d02@group-62509A8A5C15-SegmentedRaftLogWorker: Deleted log file /workdir/hadoop-ozone/integration-test/target/test-dir/MiniOzoneClusterImpl-b9b5409c-d29d-4233-95df-efa4b45819dc/datanode-0/data/ratis/b8f7852e-7842-4f24-b950-62509a8a5c15/current/log_inprogress_0
2019-10-17 21:15:27,948 [grpc-default-executor-6] INFO  server.GrpcServerProtocolService (GrpcServerProtocolService.java:onCompleted(113)) - 3909bd6a-278d-4911-9d70-32680c972d02: Completed APPEND_ENTRIES, lastRequest: 7c510082-4284-44ef-8cd9-bb38fb15579f->3909bd6a-278d-4911-9d70-32680c972d02#1-t4, previous=(t:0, i:0), leaderCommit=-1, initializing? false, entries: size=1, first=(t:4, i:0), CONFIGURATIONENTRY
2019-10-17 21:15:27,948 [3909bd6a-278d-4911-9d70-32680c972d02@group-62509A8A5C15-SegmentedRaftLogWorker] INFO  segmented.SegmentedRaftLogWorker (SegmentedRaftLogWorker.java:lambda$new$0(128)) - 3909bd6a-278d-4911-9d70-32680c972d02@group-62509A8A5C15-SegmentedRaftLogWorker: flushIndex: setUnconditionally 0 -> -1
2019-10-17 21:15:27,949 [grpc-default-executor-6] INFO  server.GrpcLogAppender (GrpcLogAppender.java:onCompleted(308)) - 7c510082-4284-44ef-8cd9-bb38fb15579f@group-62509A8A5C15->3909bd6a-278d-4911-9d70-32680c972d02-AppendLogResponseHandler: follower responses appendEntries COMPLETED
2019-10-17 21:15:27,984 [7c510082-4284-44ef-8cd9-bb38fb15579f@group-62509A8A5C15-SegmentedRaftLogWorker] INFO  segmented.SegmentedRaftLogWorker (SegmentedRaftLogWorker.java:execute(576)) - 7c510082-4284-44ef-8cd9-bb38fb15579f@group-62509A8A5C15-SegmentedRaftLogWorker: created new log segment /workdir/hadoop-ozone/integration-test/target/test-dir/MiniOzoneClusterImpl-b9b5409c-d29d-4233-95df-efa4b45819dc/datanode-1/data/ratis/b8f7852e-7842-4f24-b950-62509a8a5c15/current/log_inprogress_0
2019-10-17 21:15:27,985 [grpc-default-executor-4] INFO  impl.RaftServerImpl (RaftServerImpl.java:setRole(184)) - 7c510082-4284-44ef-8cd9-bb38fb15579f@group-62509A8A5C15: changes role from  FOLLOWER to FOLLOWER at term 5 for recognizeCandidate:d2424f4d-20d2-4104-abcc-02e6288f3ffc
2019-10-17 21:15:27,984 [d2424f4d-20d2-4104-abcc-02e6288f3ffc@group-62509A8A5C15-LeaderElection10] INFO  impl.LeaderElection (LeaderElection.java:logAndReturn(56)) - d2424f4d-20d2-4104-abcc-02e6288f3ffc@group-62509A8A5C15-LeaderElection10: Election TIMEOUT; received 0 response(s) [] and 0 exception(s); d2424f4d-20d2-4104-abcc-02e6288f3ffc@group-62509A8A5C15:t5, leader=null, voted=d2424f4d-20d2-4104-abcc-02e6288f3ffc, raftlog=d2424f4d-20d2-4104-abcc-02e6288f3ffc@group-62509A8A5C15-SegmentedRaftLog:OPENED:c-1,f-1,i0, conf=-1: [3909bd6a-278d-4911-9d70-32680c972d02:192.168.157.223:33343, d2424f4d-20d2-4104-abcc-02e6288f3ffc:192.168.157.223:39352, 7c510082-4284-44ef-8cd9-bb38fb15579f:192.168.157.223:33098], old=null
2019-10-17 21:15:27,986 [grpc-default-executor-4] INFO  impl.RoleInfo (RoleInfo.java:shutdownFollowerState(121)) - 7c510082-4284-44ef-8cd9-bb38fb15579f: shutdown FollowerState
2019-10-17 21:15:27,986 [grpc-default-executor-4] INFO  impl.RoleInfo (RoleInfo.java:updateAndGet(143)) - 7c510082-4284-44ef-8cd9-bb38fb15579f: start FollowerState
2019-10-17 21:15:27,987 [Thread-267] INFO  impl.FollowerState (FollowerState.java:run(117)) - 7c510082-4284-44ef-8cd9-bb38fb15579f@group-62509A8A5C15-FollowerState was interrupted: java.lang.InterruptedException: sleep interrupted
2019-10-17 21:15:27,992 [grpc-default-executor-6] INFO  impl.FollowerInfo (FollowerInfo.java:lambda$new$0(51)) - 7c510082-4284-44ef-8cd9-bb38fb15579f@group-62509A8A5C15->3909bd6a-278d-4911-9d70-32680c972d02: nextIndex: updateUnconditionally 1 -> 0
2019-10-17 21:15:27,999 [3909bd6a-278d-4911-9d70-32680c972d02@group-62509A8A5C15-SegmentedRaftLogWorker] INFO  segmented.SegmentedRaftLogWorker (SegmentedRaftLogWorker.java:execute(576)) - 3909bd6a-278d-4911-9d70-32680c972d02@group-62509A8A5C15-SegmentedRaftLogWorker: created new log segment /workdir/hadoop-ozone/integration-test/target/test-dir/MiniOzoneClusterImpl-b9b5409c-d29d-4233-95df-efa4b45819dc/datanode-0/data/ratis/b8f7852e-7842-4f24-b950-62509a8a5c15/current/log_inprogress_0
2019-10-17 21:15:27,999 [d2424f4d-20d2-4104-abcc-02e6288f3ffc@group-62509A8A5C15-LeaderElection10] INFO  impl.LeaderElection (LeaderElection.java:askForVotes(178)) - d2424f4d-20d2-4104-abcc-02e6288f3ffc@group-62509A8A5C15-LeaderElection10: begin an election at term 6 for -1: [3909bd6a-278d-4911-9d70-32680c972d02:192.168.157.223:33343, d2424f4d-20d2-4104-abcc-02e6288f3ffc:192.168.157.223:39352, 7c510082-4284-44ef-8cd9-bb38fb15579f:192.168.157.223:33098], old=null
2019-10-17 21:15:28,003 [grpc-default-executor-6] INFO  impl.RaftServerImpl (RaftServerImpl.java:setRole(184)) - 3909bd6a-278d-4911-9d70-32680c972d02@group-62509A8A5C15: changes role from  FOLLOWER to FOLLOWER at term 6 for recognizeCandidate:d2424f4d-20d2-4104-abcc-02e6288f3ffc
2019-10-17 21:15:28,005 [grpc-default-executor-6] INFO  impl.RoleInfo (RoleInfo.java:shutdownFollowerState(121)) - 3909bd6a-278d-4911-9d70-32680c972d02: shutdown FollowerState
2019-10-17 21:15:28,005 [Thread-268] INFO  impl.FollowerState (FollowerState.java:run(117)) - 3909bd6a-278d-4911-9d70-32680c972d02@group-62509A8A5C15-FollowerState was interrupted: java.lang.InterruptedException: sleep interrupted
2019-10-17 21:15:28,005 [grpc-default-executor-6] INFO  impl.RoleInfo (RoleInfo.java:updateAndGet(143)) - 3909bd6a-278d-4911-9d70-32680c972d02: start FollowerState
2019-10-17 21:15:28,005 [grpc-default-executor-2] INFO  impl.RaftServerImpl (RaftServerImpl.java:setRole(184)) - 7c510082-4284-44ef-8cd9-bb38fb15579f@group-62509A8A5C15: changes role from  FOLLOWER to FOLLOWER at term 6 for recognizeCandidate:d2424f4d-20d2-4104-abcc-02e6288f3ffc
2019-10-17 21:15:28,007 [grpc-default-executor-2] INFO  impl.RoleInfo (RoleInfo.java:shutdownFollowerState(121)) - 7c510082-4284-44ef-8cd9-bb38fb15579f: shutdown FollowerState
2019-10-17 21:15:28,007 [Thread-269] INFO  impl.FollowerState (FollowerState.java:run(117)) - 7c510082-4284-44ef-8cd9-bb38fb15579f@group-62509A8A5C15-FollowerState was interrupted: java.lang.InterruptedException: sleep interrupted
2019-10-17 21:15:28,007 [grpc-default-executor-2] INFO  impl.RoleInfo (RoleInfo.java:updateAndGet(143)) - 7c510082-4284-44ef-8cd9-bb38fb15579f: start FollowerState
2019-10-17 21:15:28,013 [d2424f4d-20d2-4104-abcc-02e6288f3ffc@group-62509A8A5C15-LeaderElection10] INFO  impl.LeaderElection (LeaderElection.java:logAndReturn(56)) - d2424f4d-20d2-4104-abcc-02e6288f3ffc@group-62509A8A5C15-LeaderElection10: Election TIMEOUT; received 0 response(s) [] and 0 exception(s); d2424f4d-20d2-4104-abcc-02e6288f3ffc@group-62509A8A5C15:t6, leader=null, voted=d2424f4d-20d2-4104-abcc-02e6288f3ffc, raftlog=d2424f4d-20d2-4104-abcc-02e6288f3ffc@group-62509A8A5C15-SegmentedRaftLog:OPENED:c-1,f-1,i0, conf=-1: [3909bd6a-278d-4911-9d70-32680c972d02:192.168.157.223:33343, d2424f4d-20d2-4104-abcc-02e6288f3ffc:192.168.157.223:39352, 7c510082-4284-44ef-8cd9-bb38fb15579f:192.168.157.223:33098], old=null
2019-10-17 21:15:28,037 [d2424f4d-20d2-4104-abcc-02e6288f3ffc@group-62509A8A5C15-LeaderElection10] INFO  impl.LeaderElection (LeaderElection.java:askForVotes(178)) - d2424f4d-20d2-4104-abcc-02e6288f3ffc@group-62509A8A5C15-LeaderElection10: begin an election at term 7 for -1: [3909bd6a-278d-4911-9d70-32680c972d02:192.168.157.223:33343, d2424f4d-20d2-4104-abcc-02e6288f3ffc:192.168.157.223:39352, 7c510082-4284-44ef-8cd9-bb38fb15579f:192.168.157.223:33098], old=null
2019-10-17 21:15:28,046 [grpc-default-executor-2] INFO  impl.RaftServerImpl (RaftServerImpl.java:setRole(184)) - 3909bd6a-278d-4911-9d70-32680c972d02@group-62509A8A5C15: changes role from  FOLLOWER to FOLLOWER at term 7 for recognizeCandidate:d2424f4d-20d2-4104-abcc-02e6288f3ffc
2019-10-17 21:15:28,048 [grpc-default-executor-2] INFO  impl.RoleInfo (RoleInfo.java:shutdownFollowerState(121)) - 3909bd6a-278d-4911-9d70-32680c972d02: shutdown FollowerState
2019-10-17 21:15:28,048 [grpc-default-executor-6] INFO  impl.RaftServerImpl (RaftServerImpl.java:setRole(184)) - 7c510082-4284-44ef-8cd9-bb38fb15579f@group-62509A8A5C15: changes role from  FOLLOWER to FOLLOWER at term 7 for recognizeCandidate:d2424f4d-20d2-4104-abcc-02e6288f3ffc
2019-10-17 21:15:28,048 [Thread-272] INFO  impl.FollowerState (FollowerState.java:run(117)) - 3909bd6a-278d-4911-9d70-32680c972d02@group-62509A8A5C15-FollowerState was interrupted: java.lang.InterruptedException: sleep interrupted
2019-10-17 21:15:28,048 [grpc-default-executor-6] INFO  impl.RoleInfo (RoleInfo.java:shutdownFollowerState(121)) - 7c510082-4284-44ef-8cd9-bb38fb15579f: shutdown FollowerState
2019-10-17 21:15:28,048 [grpc-default-executor-2] INFO  impl.RoleInfo (RoleInfo.java:updateAndGet(143)) - 3909bd6a-278d-4911-9d70-32680c972d02: start FollowerState
2019-10-17 21:15:28,048 [grpc-default-executor-6] INFO  impl.RoleInfo (RoleInfo.java:updateAndGet(143)) - 7c510082-4284-44ef-8cd9-bb38fb15579f: start FollowerState
2019-10-17 21:15:28,048 [Thread-273] INFO  impl.FollowerState (FollowerState.java:run(117)) - 7c510082-4284-44ef-8cd9-bb38fb15579f@group-62509A8A5C15-FollowerState was interrupted: java.lang.InterruptedException: sleep interrupted
2019-10-17 21:15:28,066 [d2424f4d-20d2-4104-abcc-02e6288f3ffc@group-62509A8A5C15-LeaderElection10] INFO  impl.LeaderElection (LeaderElection.java:logAndReturn(56)) - d2424f4d-20d2-4104-abcc-02e6288f3ffc@group-62509A8A5C15-LeaderElection10: Election REJECTED; received 2 response(s) [d2424f4d-20d2-4104-abcc-02e6288f3ffc<-3909bd6a-278d-4911-9d70-32680c972d02#0:FAIL-t7, d2424f4d-20d2-4104-abcc-02e6288f3ffc<-7c510082-4284-44ef-8cd9-bb38fb15579f#0:FAIL-t7] and 0 exception(s); d2424f4d-20d2-4104-abcc-02e6288f3ffc@group-62509A8A5C15:t7, leader=null, voted=d2424f4d-20d2-4104-abcc-02e6288f3ffc, raftlog=d2424f4d-20d2-4104-abcc-02e6288f3ffc@group-62509A8A5C15-SegmentedRaftLog:OPENED:c-1,f-1,i0, conf=-1: [3909bd6a-278d-4911-9d70-32680c972d02:192.168.157.223:33343, d2424f4d-20d2-4104-abcc-02e6288f3ffc:192.168.157.223:39352, 7c510082-4284-44ef-8cd9-bb38fb15579f:192.168.157.223:33098], old=null
2019-10-17 21:15:28,066 [d2424f4d-20d2-4104-abcc-02e6288f3ffc@group-62509A8A5C15-LeaderElection10] INFO  impl.RaftServerImpl (RaftServerImpl.java:setRole(184)) - d2424f4d-20d2-4104-abcc-02e6288f3ffc@group-62509A8A5C15: changes role from CANDIDATE to FOLLOWER at term 7 for DISCOVERED_A_NEW_TERM
2019-10-17 21:15:28,068 [d2424f4d-20d2-4104-abcc-02e6288f3ffc@group-62509A8A5C15-LeaderElection10] INFO  impl.RoleInfo (RoleInfo.java:shutdownLeaderElection(134)) - d2424f4d-20d2-4104-abcc-02e6288f3ffc: shutdown LeaderElection
2019-10-17 21:15:28,068 [d2424f4d-20d2-4104-abcc-02e6288f3ffc@group-62509A8A5C15-LeaderElection10] INFO  impl.RoleInfo (RoleInfo.java:updateAndGet(143)) - d2424f4d-20d2-4104-abcc-02e6288f3ffc: start FollowerState
2019-10-17 21:15:28,101 [Thread-279] INFO  impl.FollowerState (FollowerState.java:run(108)) - d2424f4d-20d2-4104-abcc-02e6288f3ffc@group-62509A8A5C15-FollowerState: change to CANDIDATE, lastRpcTime:33ms, electionTimeout:32ms
2019-10-17 21:15:28,102 [Thread-279] INFO  impl.RoleInfo (RoleInfo.java:shutdownFollowerState(121)) - d2424f4d-20d2-4104-abcc-02e6288f3ffc: shutdown FollowerState
2019-10-17 21:15:28,103 [Thread-279] INFO  impl.RaftServerImpl (RaftServerImpl.java:setRole(184)) - d2424f4d-20d2-4104-abcc-02e6288f3ffc@group-62509A8A5C15: changes role from  FOLLOWER to CANDIDATE at term 7 for changeToCandidate
2019-10-17 21:15:28,103 [Thread-279] INFO  impl.RoleInfo (RoleInfo.java:updateAndGet(143)) - d2424f4d-20d2-4104-abcc-02e6288f3ffc: start LeaderElection
2019-10-17 21:15:28,117 [d2424f4d-20d2-4104-abcc-02e6288f3ffc@group-62509A8A5C15-LeaderElection11] INFO  impl.LeaderElection (LeaderElection.java:askForVotes(178)) - d2424f4d-20d2-4104-abcc-02e6288f3ffc@group-62509A8A5C15-LeaderElection11: begin an election at term 8 for -1: [3909bd6a-278d-4911-9d70-32680c972d02:192.168.157.223:33343, d2424f4d-20d2-4104-abcc-02e6288f3ffc:192.168.157.223:39352, 7c510082-4284-44ef-8cd9-bb38fb15579f:192.168.157.223:33098], old=null
2019-10-17 21:15:28,123 [grpc-default-executor-6] INFO  impl.RaftServerImpl (RaftServerImpl.java:setRole(184)) - 3909bd6a-278d-4911-9d70-32680c972d02@group-62509A8A5C15: changes role from  FOLLOWER to FOLLOWER at term 8 for recognizeCandidate:d2424f4d-20d2-4104-abcc-02e6288f3ffc
2019-10-17 21:15:28,124 [grpc-default-executor-6] INFO  impl.RoleInfo (RoleInfo.java:shutdownFollowerState(121)) - 3909bd6a-278d-4911-9d70-32680c972d02: shutdown FollowerState
2019-10-17 21:15:28,124 [Thread-277] INFO  impl.FollowerState (FollowerState.java:run(117)) - 3909bd6a-278d-4911-9d70-32680c972d02@group-62509A8A5C15-FollowerState was interrupted: java.lang.InterruptedException: sleep interrupted
2019-10-17 21:15:28,124 [grpc-default-executor-6] INFO  impl.RoleInfo (RoleInfo.java:updateAndGet(143)) - 3909bd6a-278d-4911-9d70-32680c972d02: start FollowerState
2019-10-17 21:15:28,124 [grpc-default-executor-2] INFO  impl.RaftServerImpl (RaftServerImpl.java:setRole(184)) - 7c510082-4284-44ef-8cd9-bb38fb15579f@group-62509A8A5C15: changes role from  FOLLOWER to FOLLOWER at term 8 for recognizeCandidate:d2424f4d-20d2-4104-abcc-02e6288f3ffc
2019-10-17 21:15:28,127 [grpc-default-executor-2] INFO  impl.RoleInfo (RoleInfo.java:shutdownFollowerState(121)) - 7c510082-4284-44ef-8cd9-bb38fb15579f: shutdown FollowerState
2019-10-17 21:15:28,127 [Thread-278] INFO  impl.FollowerState (FollowerState.java:run(117)) - 7c510082-4284-44ef-8cd9-bb38fb15579f@group-62509A8A5C15-FollowerState was interrupted: java.lang.InterruptedException: sleep interrupted
2019-10-17 21:15:28,127 [grpc-default-executor-2] INFO  impl.RoleInfo (RoleInfo.java:updateAndGet(143)) - 7c510082-4284-44ef-8cd9-bb38fb15579f: start FollowerState
2019-10-17 21:15:28,140 [d2424f4d-20d2-4104-abcc-02e6288f3ffc@group-62509A8A5C15-LeaderElection11] INFO  impl.LeaderElection (LeaderElection.java:logAndReturn(56)) - d2424f4d-20d2-4104-abcc-02e6288f3ffc@group-62509A8A5C15-LeaderElection11: Election REJECTED; received 2 response(s) [d2424f4d-20d2-4104-abcc-02e6288f3ffc<-3909bd6a-278d-4911-9d70-32680c972d02#0:FAIL-t8, d2424f4d-20d2-4104-abcc-02e6288f3ffc<-7c510082-4284-44ef-8cd9-bb38fb15579f#0:FAIL-t8] and 0 exception(s); d2424f4d-20d2-4104-abcc-02e6288f3ffc@group-62509A8A5C15:t8, leader=null, voted=d2424f4d-20d2-4104-abcc-02e6288f3ffc, raftlog=d2424f4d-20d2-4104-abcc-02e6288f3ffc@group-62509A8A5C15-SegmentedRaftLog:OPENED:c-1,f-1,i0, conf=-1: [3909bd6a-278d-4911-9d70-32680c972d02:192.168.157.223:33343, d2424f4d-20d2-4104-abcc-02e6288f3ffc:192.168.157.223:39352, 7c510082-4284-44ef-8cd9-bb38fb15579f:192.168.157.223:33098], old=null
2019-10-17 21:15:28,140 [d2424f4d-20d2-4104-abcc-02e6288f3ffc@group-62509A8A5C15-LeaderElection11] INFO  impl.RaftServerImpl (RaftServerImpl.java:setRole(184)) - d2424f4d-20d2-4104-abcc-02e6288f3ffc@group-62509A8A5C15: changes role from CANDIDATE to FOLLOWER at term 8 for DISCOVERED_A_NEW_TERM
2019-10-17 21:15:28,142 [d2424f4d-20d2-4104-abcc-02e6288f3ffc@group-62509A8A5C15-LeaderElection11] INFO  impl.RoleInfo (RoleInfo.java:shutdownLeaderElection(134)) - d2424f4d-20d2-4104-abcc-02e6288f3ffc: shutdown LeaderElection
2019-10-17 21:15:28,142 [d2424f4d-20d2-4104-abcc-02e6288f3ffc@group-62509A8A5C15-LeaderElection11] INFO  impl.RoleInfo (RoleInfo.java:updateAndGet(143)) - d2424f4d-20d2-4104-abcc-02e6288f3ffc: start FollowerState
2019-10-17 21:15:28,280 [Thread-285] INFO  impl.FollowerState (FollowerState.java:run(108)) - d2424f4d-20d2-4104-abcc-02e6288f3ffc@group-62509A8A5C15-FollowerState: change to CANDIDATE, lastRpcTime:138ms, electionTimeout:137ms
2019-10-17 21:15:28,282 [Thread-285] INFO  impl.RoleInfo (RoleInfo.java:shutdownFollowerState(121)) - d2424f4d-20d2-4104-abcc-02e6288f3ffc: shutdown FollowerState
2019-10-17 21:15:28,282 [Thread-285] INFO  impl.RaftServerImpl (RaftServerImpl.java:setRole(184)) - d2424f4d-20d2-4104-abcc-02e6288f3ffc@group-62509A8A5C15: changes role from  FOLLOWER to CANDIDATE at term 8 for changeToCandidate
2019-10-17 21:15:28,282 [Thread-285] INFO  impl.RoleInfo (RoleInfo.java:updateAndGet(143)) - d2424f4d-20d2-4104-abcc-02e6288f3ffc: start LeaderElection
2019-10-17 21:15:28,309 [d2424f4d-20d2-4104-abcc-02e6288f3ffc@group-62509A8A5C15-LeaderElection12] INFO  impl.LeaderElection (LeaderElection.java:askForVotes(178)) - d2424f4d-20d2-4104-abcc-02e6288f3ffc@group-62509A8A5C15-LeaderElection12: begin an election at term 9 for -1: [3909bd6a-278d-4911-9d70-32680c972d02:192.168.157.223:33343, d2424f4d-20d2-4104-abcc-02e6288f3ffc:192.168.157.223:39352, 7c510082-4284-44ef-8cd9-bb38fb15579f:192.168.157.223:33098], old=null
2019-10-17 21:15:28,318 [grpc-default-executor-6] INFO  impl.RaftServerImpl (RaftServerImpl.java:setRole(184)) - 3909bd6a-278d-4911-9d70-32680c972d02@group-62509A8A5C15: changes role from  FOLLOWER to FOLLOWER at term 9 for recognizeCandidate:d2424f4d-20d2-4104-abcc-02e6288f3ffc
2019-10-17 21:15:28,318 [grpc-default-executor-2] INFO  impl.RaftServerImpl (RaftServerImpl.java:setRole(184)) - 7c510082-4284-44ef-8cd9-bb38fb15579f@group-62509A8A5C15: changes role from  FOLLOWER to FOLLOWER at term 9 for recognizeCandidate:d2424f4d-20d2-4104-abcc-02e6288f3ffc
2019-10-17 21:15:28,318 [grpc-default-executor-6] INFO  impl.RoleInfo (RoleInfo.java:shutdownFollowerState(121)) - 3909bd6a-278d-4911-9d70-32680c972d02: shutdown FollowerState
2019-10-17 21:15:28,318 [grpc-default-executor-2] INFO  impl.RoleInfo (RoleInfo.java:shutdownFollowerState(121)) - 7c510082-4284-44ef-8cd9-bb38fb15579f: shutdown FollowerState
2019-10-17 21:15:28,318 [Thread-283] INFO  impl.FollowerState (FollowerState.java:run(117)) - 3909bd6a-278d-4911-9d70-32680c972d02@group-62509A8A5C15-FollowerState was interrupted: java.lang.InterruptedException: sleep interrupted
2019-10-17 21:15:28,318 [grpc-default-executor-2] INFO  impl.RoleInfo (RoleInfo.java:updateAndGet(143)) - 7c510082-4284-44ef-8cd9-bb38fb15579f: start FollowerState
2019-10-17 21:15:28,318 [grpc-default-executor-6] INFO  impl.RoleInfo (RoleInfo.java:updateAndGet(143)) - 3909bd6a-278d-4911-9d70-32680c972d02: start FollowerState
2019-10-17 21:15:28,318 [Thread-284] INFO  impl.FollowerState (FollowerState.java:run(117)) - 7c510082-4284-44ef-8cd9-bb38fb15579f@group-62509A8A5C15-FollowerState was interrupted: java.lang.InterruptedException: sleep interrupted
2019-10-17 21:15:28,337 [d2424f4d-20d2-4104-abcc-02e6288f3ffc@group-62509A8A5C15-LeaderElection12] INFO  impl.LeaderElection (LeaderElection.java:logAndReturn(56)) - d2424f4d-20d2-4104-abcc-02e6288f3ffc@group-62509A8A5C15-LeaderElection12: Election REJECTED; received 2 response(s) [d2424f4d-20d2-4104-abcc-02e6288f3ffc<-3909bd6a-278d-4911-9d70-32680c972d02#0:FAIL-t9, d2424f4d-20d2-4104-abcc-02e6288f3ffc<-7c510082-4284-44ef-8cd9-bb38fb15579f#0:FAIL-t9] and 0 exception(s); d2424f4d-20d2-4104-abcc-02e6288f3ffc@group-62509A8A5C15:t9, leader=null, voted=d2424f4d-20d2-4104-abcc-02e6288f3ffc, raftlog=d2424f4d-20d2-4104-abcc-02e6288f3ffc@group-62509A8A5C15-SegmentedRaftLog:OPENED:c-1,f-1,i0, conf=-1: [3909bd6a-278d-4911-9d70-32680c972d02:192.168.157.223:33343, d2424f4d-20d2-4104-abcc-02e6288f3ffc:192.168.157.223:39352, 7c510082-4284-44ef-8cd9-bb38fb15579f:192.168.157.223:33098], old=null
2019-10-17 21:15:28,337 [d2424f4d-20d2-4104-abcc-02e6288f3ffc@group-62509A8A5C15-LeaderElection12] INFO  impl.RaftServerImpl (RaftServerImpl.java:setRole(184)) - d2424f4d-20d2-4104-abcc-02e6288f3ffc@group-62509A8A5C15: changes role from CANDIDATE to FOLLOWER at term 9 for DISCOVERED_A_NEW_TERM
2019-10-17 21:15:28,338 [d2424f4d-20d2-4104-abcc-02e6288f3ffc@group-62509A8A5C15-LeaderElection12] INFO  impl.RoleInfo (RoleInfo.java:shutdownLeaderElection(134)) - d2424f4d-20d2-4104-abcc-02e6288f3ffc: shutdown LeaderElection
2019-10-17 21:15:28,339 [d2424f4d-20d2-4104-abcc-02e6288f3ffc@group-62509A8A5C15-LeaderElection12] INFO  impl.RoleInfo (RoleInfo.java:updateAndGet(143)) - d2424f4d-20d2-4104-abcc-02e6288f3ffc: start FollowerState
2019-10-17 21:15:28,714 [Thread-292] INFO  impl.FollowerState (FollowerState.java:run(108)) - d2424f4d-20d2-4104-abcc-02e6288f3ffc@group-62509A8A5C15-FollowerState: change to CANDIDATE, lastRpcTime:375ms, electionTimeout:184ms
2019-10-17 21:15:28,720 [Thread-292] INFO  impl.RoleInfo (RoleInfo.java:shutdownFollowerState(121)) - d2424f4d-20d2-4104-abcc-02e6288f3ffc: shutdown FollowerState
2019-10-17 21:15:28,727 [Thread-292] INFO  impl.RaftServerImpl (RaftServerImpl.java:setRole(184)) - d2424f4d-20d2-4104-abcc-02e6288f3ffc@group-62509A8A5C15: changes role from  FOLLOWER to CANDIDATE at term 9 for changeToCandidate
2019-10-17 21:15:28,727 [Thread-292] INFO  impl.RoleInfo (RoleInfo.java:updateAndGet(143)) - d2424f4d-20d2-4104-abcc-02e6288f3ffc: start LeaderElection
2019-10-17 21:15:28,760 [d2424f4d-20d2-4104-abcc-02e6288f3ffc@group-62509A8A5C15-LeaderElection13] INFO  impl.LeaderElection (LeaderElection.java:askForVotes(178)) - d2424f4d-20d2-4104-abcc-02e6288f3ffc@group-62509A8A5C15-LeaderElection13: begin an election at term 10 for -1: [3909bd6a-278d-4911-9d70-32680c972d02:192.168.157.223:33343, d2424f4d-20d2-4104-abcc-02e6288f3ffc:192.168.157.223:39352, 7c510082-4284-44ef-8cd9-bb38fb15579f:192.168.157.223:33098], old=null
2019-10-17 21:15:28,777 [grpc-default-executor-6] INFO  impl.RaftServerImpl (RaftServerImpl.java:setRole(184)) - 7c510082-4284-44ef-8cd9-bb38fb15579f@group-62509A8A5C15: changes role from  FOLLOWER to FOLLOWER at term 10 for recognizeCandidate:d2424f4d-20d2-4104-abcc-02e6288f3ffc
2019-10-17 21:15:28,777 [grpc-default-executor-2] INFO  impl.RaftServerImpl (RaftServerImpl.java:setRole(184)) - 3909bd6a-278d-4911-9d70-32680c972d02@group-62509A8A5C15: changes role from  FOLLOWER to FOLLOWER at term 10 for recognizeCandidate:d2424f4d-20d2-4104-abcc-02e6288f3ffc
2019-10-17 21:15:28,777 [grpc-default-executor-6] INFO  impl.RoleInfo (RoleInfo.java:shutdownFollowerState(121)) - 7c510082-4284-44ef-8cd9-bb38fb15579f: shutdown FollowerState
2019-10-17 21:15:28,777 [grpc-default-executor-2] INFO  impl.RoleInfo (RoleInfo.java:shutdownFollowerState(121)) - 3909bd6a-278d-4911-9d70-32680c972d02: shutdown FollowerState
2019-10-17 21:15:28,778 [grpc-default-executor-6] INFO  impl.RoleInfo (RoleInfo.java:updateAndGet(143)) - 7c510082-4284-44ef-8cd9-bb38fb15579f: start FollowerState
2019-10-17 21:15:28,778 [Thread-291] INFO  impl.FollowerState (FollowerState.java:run(117)) - 7c510082-4284-44ef-8cd9-bb38fb15579f@group-62509A8A5C15-FollowerState was interrupted: java.lang.InterruptedException: sleep interrupted
2019-10-17 21:15:28,778 [grpc-default-executor-2] INFO  impl.RoleInfo (RoleInfo.java:updateAndGet(143)) - 3909bd6a-278d-4911-9d70-32680c972d02: start FollowerState
2019-10-17 21:15:28,778 [Thread-290] INFO  impl.FollowerState (FollowerState.java:run(117)) - 3909bd6a-278d-4911-9d70-32680c972d02@group-62509A8A5C15-FollowerState was interrupted: java.lang.InterruptedException: sleep interrupted
2019-10-17 21:15:28,795 [d2424f4d-20d2-4104-abcc-02e6288f3ffc@group-62509A8A5C15-LeaderElection13] INFO  impl.LeaderElection (LeaderElection.java:logAndReturn(56)) - d2424f4d-20d2-4104-abcc-02e6288f3ffc@group-62509A8A5C15-LeaderElection13: Election REJECTED; received 2 response(s) [d2424f4d-20d2-4104-abcc-02e6288f3ffc<-3909bd6a-278d-4911-9d70-32680c972d02#0:FAIL-t10, d2424f4d-20d2-4104-abcc-02e6288f3ffc<-7c510082-4284-44ef-8cd9-bb38fb15579f#0:FAIL-t10] and 0 exception(s); d2424f4d-20d2-4104-abcc-02e6288f3ffc@group-62509A8A5C15:t10, leader=null, voted=d2424f4d-20d2-4104-abcc-02e6288f3ffc, raftlog=d2424f4d-20d2-4104-abcc-02e6288f3ffc@group-62509A8A5C15-SegmentedRaftLog:OPENED:c-1,f-1,i0, conf=-1: [3909bd6a-278d-4911-9d70-32680c972d02:192.168.157.223:33343, d2424f4d-20d2-4104-abcc-02e6288f3ffc:192.168.157.223:39352, 7c510082-4284-44ef-8cd9-bb38fb15579f:192.168.157.223:33098], old=null
2019-10-17 21:15:28,796 [d2424f4d-20d2-4104-abcc-02e6288f3ffc@group-62509A8A5C15-LeaderElection13] INFO  impl.RaftServerImpl (RaftServerImpl.java:setRole(184)) - d2424f4d-20d2-4104-abcc-02e6288f3ffc@group-62509A8A5C15: changes role from CANDIDATE to FOLLOWER at term 10 for DISCOVERED_A_NEW_TERM
2019-10-17 21:15:28,799 [d2424f4d-20d2-4104-abcc-02e6288f3ffc@group-62509A8A5C15-LeaderElection13] INFO  impl.RoleInfo (RoleInfo.java:shutdownLeaderElection(134)) - d2424f4d-20d2-4104-abcc-02e6288f3ffc: shutdown LeaderElection
2019-10-17 21:15:28,800 [d2424f4d-20d2-4104-abcc-02e6288f3ffc@group-62509A8A5C15-LeaderElection13] INFO  impl.RoleInfo (RoleInfo.java:updateAndGet(143)) - d2424f4d-20d2-4104-abcc-02e6288f3ffc: start FollowerState
2019-10-17 21:15:28,862 [Thread-298] INFO  impl.FollowerState (FollowerState.java:run(108)) - d2424f4d-20d2-4104-abcc-02e6288f3ffc@group-62509A8A5C15-FollowerState: change to CANDIDATE, lastRpcTime:62ms, electionTimeout:61ms
2019-10-17 21:15:28,863 [Thread-298] INFO  impl.RoleInfo (RoleInfo.java:shutdownFollowerState(121)) - d2424f4d-20d2-4104-abcc-02e6288f3ffc: shutdown FollowerState
2019-10-17 21:15:28,863 [Thread-298] INFO  impl.RaftServerImpl (RaftServerImpl.java:setRole(184)) - d2424f4d-20d2-4104-abcc-02e6288f3ffc@group-62509A8A5C15: changes role from  FOLLOWER to CANDIDATE at term 10 for changeToCandidate
2019-10-17 21:15:28,863 [Thread-298] INFO  impl.RoleInfo (RoleInfo.java:updateAndGet(143)) - d2424f4d-20d2-4104-abcc-02e6288f3ffc: start LeaderElection
2019-10-17 21:15:28,878 [d2424f4d-20d2-4104-abcc-02e6288f3ffc@group-62509A8A5C15-LeaderElection14] INFO  impl.LeaderElection (LeaderElection.java:askForVotes(178)) - d2424f4d-20d2-4104-abcc-02e6288f3ffc@group-62509A8A5C15-LeaderElection14: begin an election at term 11 for -1: [3909bd6a-278d-4911-9d70-32680c972d02:192.168.157.223:33343, d2424f4d-20d2-4104-abcc-02e6288f3ffc:192.168.157.223:39352, 7c510082-4284-44ef-8cd9-bb38fb15579f:192.168.157.223:33098], old=null
2019-10-17 21:15:28,884 [grpc-default-executor-2] INFO  impl.RaftServerImpl (RaftServerImpl.java:setRole(184)) - 3909bd6a-278d-4911-9d70-32680c972d02@group-62509A8A5C15: changes role from  FOLLOWER to FOLLOWER at term 11 for recognizeCandidate:d2424f4d-20d2-4104-abcc-02e6288f3ffc
2019-10-17 21:15:28,884 [grpc-default-executor-2] INFO  impl.RoleInfo (RoleInfo.java:shutdownFollowerState(121)) - 3909bd6a-278d-4911-9d70-32680c972d02: shutdown FollowerState
2019-10-17 21:15:28,884 [grpc-default-executor-6] INFO  impl.RaftServerImpl (RaftServerImpl.java:setRole(184)) - 7c510082-4284-44ef-8cd9-bb38fb15579f@group-62509A8A5C15: changes role from  FOLLOWER to FOLLOWER at term 11 for recognizeCandidate:d2424f4d-20d2-4104-abcc-02e6288f3ffc
2019-10-17 21:15:28,885 [grpc-default-executor-2] INFO  impl.RoleInfo (RoleInfo.java:updateAndGet(143)) - 3909bd6a-278d-4911-9d70-32680c972d02: start FollowerState
2019-10-17 21:15:28,885 [Thread-297] INFO  impl.FollowerState (FollowerState.java:run(117)) - 3909bd6a-278d-4911-9d70-32680c972d02@group-62509A8A5C15-FollowerState was interrupted: java.lang.InterruptedException: sleep interrupted
2019-10-17 21:15:28,885 [grpc-default-executor-6] INFO  impl.RoleInfo (RoleInfo.java:shutdownFollowerState(121)) - 7c510082-4284-44ef-8cd9-bb38fb15579f: shutdown FollowerState
2019-10-17 21:15:28,886 [Thread-296] INFO  impl.FollowerState (FollowerState.java:run(117)) - 7c510082-4284-44ef-8cd9-bb38fb15579f@group-62509A8A5C15-FollowerState was interrupted: java.lang.InterruptedException: sleep interrupted
2019-10-17 21:15:28,886 [grpc-default-executor-6] INFO  impl.RoleInfo (RoleInfo.java:updateAndGet(143)) - 7c510082-4284-44ef-8cd9-bb38fb15579f: start FollowerState
2019-10-17 21:15:28,904 [d2424f4d-20d2-4104-abcc-02e6288f3ffc@group-62509A8A5C15-LeaderElection14] INFO  impl.LeaderElection (LeaderElection.java:logAndReturn(56)) - d2424f4d-20d2-4104-abcc-02e6288f3ffc@group-62509A8A5C15-LeaderElection14: Election REJECTED; received 2 response(s) [d2424f4d-20d2-4104-abcc-02e6288f3ffc<-3909bd6a-278d-4911-9d70-32680c972d02#0:FAIL-t11, d2424f4d-20d2-4104-abcc-02e6288f3ffc<-7c510082-4284-44ef-8cd9-bb38fb15579f#0:FAIL-t11] and 0 exception(s); d2424f4d-20d2-4104-abcc-02e6288f3ffc@group-62509A8A5C15:t11, leader=null, voted=d2424f4d-20d2-4104-abcc-02e6288f3ffc, raftlog=d2424f4d-20d2-4104-abcc-02e6288f3ffc@group-62509A8A5C15-SegmentedRaftLog:OPENED:c-1,f-1,i0, conf=-1: [3909bd6a-278d-4911-9d70-32680c972d02:192.168.157.223:33343, d2424f4d-20d2-4104-abcc-02e6288f3ffc:192.168.157.223:39352, 7c510082-4284-44ef-8cd9-bb38fb15579f:192.168.157.223:33098], old=null
2019-10-17 21:15:28,904 [d2424f4d-20d2-4104-abcc-02e6288f3ffc@group-62509A8A5C15-LeaderElection14] INFO  impl.RaftServerImpl (RaftServerImpl.java:setRole(184)) - d2424f4d-20d2-4104-abcc-02e6288f3ffc@group-62509A8A5C15: changes role from CANDIDATE to FOLLOWER at term 11 for DISCOVERED_A_NEW_TERM
2019-10-17 21:15:28,908 [d2424f4d-20d2-4104-abcc-02e6288f3ffc@group-62509A8A5C15-LeaderElection14] INFO  impl.RoleInfo (RoleInfo.java:shutdownLeaderElection(134)) - d2424f4d-20d2-4104-abcc-02e6288f3ffc: shutdown LeaderElection
2019-10-17 21:15:28,908 [d2424f4d-20d2-4104-abcc-02e6288f3ffc@group-62509A8A5C15-LeaderElection14] INFO  impl.RoleInfo (RoleInfo.java:updateAndGet(143)) - d2424f4d-20d2-4104-abcc-02e6288f3ffc: start FollowerState
2019-10-17 21:15:28,919 [Thread-305] INFO  impl.FollowerState (FollowerState.java:run(108)) - d2424f4d-20d2-4104-abcc-02e6288f3ffc@group-62509A8A5C15-FollowerState: change to CANDIDATE, lastRpcTime:10ms, electionTimeout:10ms
2019-10-17 21:15:28,919 [Thread-305] INFO  impl.RoleInfo (RoleInfo.java:shutdownFollowerState(121)) - d2424f4d-20d2-4104-abcc-02e6288f3ffc: shutdown FollowerState
2019-10-17 21:15:28,919 [Thread-305] INFO  impl.RaftServerImpl (RaftServerImpl.java:setRole(184)) - d2424f4d-20d2-4104-abcc-02e6288f3ffc@group-62509A8A5C15: changes role from  FOLLOWER to CANDIDATE at term 11 for changeToCandidate
2019-10-17 21:15:28,920 [Thread-305] INFO  impl.RoleInfo (RoleInfo.java:updateAndGet(143)) - d2424f4d-20d2-4104-abcc-02e6288f3ffc: start LeaderElection
2019-10-17 21:15:28,935 [d2424f4d-20d2-4104-abcc-02e6288f3ffc@group-62509A8A5C15-LeaderElection15] INFO  impl.LeaderElection (LeaderElection.java:askForVotes(178)) - d2424f4d-20d2-4104-abcc-02e6288f3ffc@group-62509A8A5C15-LeaderElection15: begin an election at term 12 for -1: [3909bd6a-278d-4911-9d70-32680c972d02:192.168.157.223:33343, d2424f4d-20d2-4104-abcc-02e6288f3ffc:192.168.157.223:39352, 7c510082-4284-44ef-8cd9-bb38fb15579f:192.168.157.223:33098], old=null
2019-10-17 21:15:28,943 [grpc-default-executor-6] INFO  impl.RaftServerImpl (RaftServerImpl.java:setRole(184)) - 7c510082-4284-44ef-8cd9-bb38fb15579f@group-62509A8A5C15: changes role from  FOLLOWER to FOLLOWER at term 12 for recognizeCandidate:d2424f4d-20d2-4104-abcc-02e6288f3ffc
2019-10-17 21:15:28,943 [grpc-default-executor-2] INFO  impl.RaftServerImpl (RaftServerImpl.java:setRole(184)) - 3909bd6a-278d-4911-9d70-32680c972d02@group-62509A8A5C15: changes role from  FOLLOWER to FOLLOWER at term 12 for recognizeCandidate:d2424f4d-20d2-4104-abcc-02e6288f3ffc
2019-10-17 21:15:28,943 [grpc-default-executor-6] INFO  impl.RoleInfo (RoleInfo.java:shutdownFollowerState(121)) - 7c510082-4284-44ef-8cd9-bb38fb15579f: shutdown FollowerState
2019-10-17 21:15:28,943 [grpc-default-executor-2] INFO  impl.RoleInfo (RoleInfo.java:shutdownFollowerState(121)) - 3909bd6a-278d-4911-9d70-32680c972d02: shutdown FollowerState
2019-10-17 21:15:28,944 [grpc-default-executor-6] INFO  impl.RoleInfo (RoleInfo.java:updateAndGet(143)) - 7c510082-4284-44ef-8cd9-bb38fb15579f: start FollowerState
2019-10-17 21:15:28,944 [Thread-304] INFO  impl.FollowerState (FollowerState.java:run(117)) - 7c510082-4284-44ef-8cd9-bb38fb15579f@group-62509A8A5C15-FollowerState was interrupted: java.lang.InterruptedException: sleep interrupted
2019-10-17 21:15:28,944 [Thread-303] INFO  impl.FollowerState (FollowerState.java:run(117)) - 3909bd6a-278d-4911-9d70-32680c972d02@group-62509A8A5C15-FollowerState was interrupted: java.lang.InterruptedException: sleep interrupted
2019-10-17 21:15:28,944 [grpc-default-executor-2] INFO  impl.RoleInfo (RoleInfo.java:updateAndGet(143)) - 3909bd6a-278d-4911-9d70-32680c972d02: start FollowerState
2019-10-17 21:15:28,954 [d2424f4d-20d2-4104-abcc-02e6288f3ffc@group-62509A8A5C15-LeaderElection15] INFO  impl.LeaderElection (LeaderElection.java:logAndReturn(56)) - d2424f4d-20d2-4104-abcc-02e6288f3ffc@group-62509A8A5C15-LeaderElection15: Election REJECTED; received 2 response(s) [d2424f4d-20d2-4104-abcc-02e6288f3ffc<-3909bd6a-278d-4911-9d70-32680c972d02#0:FAIL-t12, d2424f4d-20d2-4104-abcc-02e6288f3ffc<-7c510082-4284-44ef-8cd9-bb38fb15579f#0:FAIL-t12] and 0 exception(s); d2424f4d-20d2-4104-abcc-02e6288f3ffc@group-62509A8A5C15:t12, leader=null, voted=d2424f4d-20d2-4104-abcc-02e6288f3ffc, raftlog=d2424f4d-20d2-4104-abcc-02e6288f3ffc@group-62509A8A5C15-SegmentedRaftLog:OPENED:c-1,f-1,i0, conf=-1: [3909bd6a-278d-4911-9d70-32680c972d02:192.168.157.223:33343, d2424f4d-20d2-4104-abcc-02e6288f3ffc:192.168.157.223:39352, 7c510082-4284-44ef-8cd9-bb38fb15579f:192.168.157.223:33098], old=null
2019-10-17 21:15:28,955 [d2424f4d-20d2-4104-abcc-02e6288f3ffc@group-62509A8A5C15-LeaderElection15] INFO  impl.RaftServerImpl (RaftServerImpl.java:setRole(184)) - d2424f4d-20d2-4104-abcc-02e6288f3ffc@group-62509A8A5C15: changes role from CANDIDATE to FOLLOWER at term 12 for DISCOVERED_A_NEW_TERM
2019-10-17 21:15:28,955 [d2424f4d-20d2-4104-abcc-02e6288f3ffc@group-62509A8A5C15-LeaderElection15] INFO  impl.RoleInfo (RoleInfo.java:shutdownLeaderElection(134)) - d2424f4d-20d2-4104-abcc-02e6288f3ffc: shutdown LeaderElection
2019-10-17 21:15:28,955 [d2424f4d-20d2-4104-abcc-02e6288f3ffc@group-62509A8A5C15-LeaderElection15] INFO  impl.RoleInfo (RoleInfo.java:updateAndGet(143)) - d2424f4d-20d2-4104-abcc-02e6288f3ffc: start FollowerState
2019-10-17 21:15:28,995 [Thread-312] INFO  rpc.RpcClient (RpcClient.java:createVolume(272)) - Creating Volume: 435c4898-74a0-45b4-b90a-ebd50bd131b3, with jenkins1000 as owner.
2019-10-17 21:15:29,057 [Thread-311] INFO  impl.FollowerState (FollowerState.java:run(108)) - d2424f4d-20d2-4104-abcc-02e6288f3ffc@group-62509A8A5C15-FollowerState: change to CANDIDATE, lastRpcTime:102ms, electionTimeout:102ms
2019-10-17 21:15:29,058 [Thread-311] INFO  impl.RoleInfo (RoleInfo.java:shutdownFollowerState(121)) - d2424f4d-20d2-4104-abcc-02e6288f3ffc: shutdown FollowerState
2019-10-17 21:15:29,058 [Thread-311] INFO  impl.RaftServerImpl (RaftServerImpl.java:setRole(184)) - d2424f4d-20d2-4104-abcc-02e6288f3ffc@group-62509A8A5C15: changes role from  FOLLOWER to CANDIDATE at term 12 for changeToCandidate
2019-10-17 21:15:29,058 [Thread-311] INFO  impl.RoleInfo (RoleInfo.java:updateAndGet(143)) - d2424f4d-20d2-4104-abcc-02e6288f3ffc: start LeaderElection
2019-10-17 21:15:29,077 [d2424f4d-20d2-4104-abcc-02e6288f3ffc@group-62509A8A5C15-LeaderElection16] INFO  impl.LeaderElection (LeaderElection.java:askForVotes(178)) - d2424f4d-20d2-4104-abcc-02e6288f3ffc@group-62509A8A5C15-LeaderElection16: begin an election at term 13 for -1: [3909bd6a-278d-4911-9d70-32680c972d02:192.168.157.223:33343, d2424f4d-20d2-4104-abcc-02e6288f3ffc:192.168.157.223:39352, 7c510082-4284-44ef-8cd9-bb38fb15579f:192.168.157.223:33098], old=null
2019-10-17 21:15:29,084 [grpc-default-executor-2] INFO  impl.RaftServerImpl (RaftServerImpl.java:setRole(184)) - 3909bd6a-278d-4911-9d70-32680c972d02@group-62509A8A5C15: changes role from  FOLLOWER to FOLLOWER at term 13 for recognizeCandidate:d2424f4d-20d2-4104-abcc-02e6288f3ffc
2019-10-17 21:15:29,084 [grpc-default-executor-6] INFO  impl.RaftServerImpl (RaftServerImpl.java:setRole(184)) - 7c510082-4284-44ef-8cd9-bb38fb15579f@group-62509A8A5C15: changes role from  FOLLOWER to FOLLOWER at term 13 for recognizeCandidate:d2424f4d-20d2-4104-abcc-02e6288f3ffc
2019-10-17 21:15:29,084 [grpc-default-executor-2] INFO  impl.RoleInfo (RoleInfo.java:shutdownFollowerState(121)) - 3909bd6a-278d-4911-9d70-32680c972d02: shutdown FollowerState
2019-10-17 21:15:29,084 [grpc-default-executor-6] INFO  impl.RoleInfo (RoleInfo.java:shutdownFollowerState(121)) - 7c510082-4284-44ef-8cd9-bb38fb15579f: shutdown FollowerState
2019-10-17 21:15:29,084 [grpc-default-executor-2] INFO  impl.RoleInfo (RoleInfo.java:updateAndGet(143)) - 3909bd6a-278d-4911-9d70-32680c972d02: start FollowerState
2019-10-17 21:15:29,085 [grpc-default-executor-6] INFO  impl.RoleInfo (RoleInfo.java:updateAndGet(143)) - 7c510082-4284-44ef-8cd9-bb38fb15579f: start FollowerState
2019-10-17 21:15:29,085 [Thread-309] INFO  impl.FollowerState (FollowerState.java:run(117)) - 7c510082-4284-44ef-8cd9-bb38fb15579f@group-62509A8A5C15-FollowerState was interrupted: java.lang.InterruptedException: sleep interrupted
2019-10-17 21:15:29,084 [Thread-310] INFO  impl.FollowerState (FollowerState.java:run(117)) - 3909bd6a-278d-4911-9d70-32680c972d02@group-62509A8A5C15-FollowerState was interrupted: java.lang.InterruptedException: sleep interrupted
2019-10-17 21:15:29,113 [d2424f4d-20d2-4104-abcc-02e6288f3ffc@group-62509A8A5C15-LeaderElection16] INFO  impl.LeaderElection (LeaderElection.java:logAndReturn(56)) - d2424f4d-20d2-4104-abcc-02e6288f3ffc@group-62509A8A5C15-LeaderElection16: Election REJECTED; received 2 response(s) [d2424f4d-20d2-4104-abcc-02e6288f3ffc<-3909bd6a-278d-4911-9d70-32680c972d02#0:FAIL-t13, d2424f4d-20d2-4104-abcc-02e6288f3ffc<-7c510082-4284-44ef-8cd9-bb38fb15579f#0:FAIL-t13] and 0 exception(s); d2424f4d-20d2-4104-abcc-02e6288f3ffc@group-62509A8A5C15:t13, leader=null, voted=d2424f4d-20d2-4104-abcc-02e6288f3ffc, raftlog=d2424f4d-20d2-4104-abcc-02e6288f3ffc@group-62509A8A5C15-SegmentedRaftLog:OPENED:c-1,f-1,i0, conf=-1: [3909bd6a-278d-4911-9d70-32680c972d02:192.168.157.223:33343, d2424f4d-20d2-4104-abcc-02e6288f3ffc:192.168.157.223:39352, 7c510082-4284-44ef-8cd9-bb38fb15579f:192.168.157.223:33098], old=null
2019-10-17 21:15:29,113 [d2424f4d-20d2-4104-abcc-02e6288f3ffc@group-62509A8A5C15-LeaderElection16] INFO  impl.RaftServerImpl (RaftServerImpl.java:setRole(184)) - d2424f4d-20d2-4104-abcc-02e6288f3ffc@group-62509A8A5C15: changes role from CANDIDATE to FOLLOWER at term 13 for DISCOVERED_A_NEW_TERM
2019-10-17 21:15:29,113 [d2424f4d-20d2-4104-abcc-02e6288f3ffc@group-62509A8A5C15-LeaderElection16] INFO  impl.RoleInfo (RoleInfo.java:shutdownLeaderElection(134)) - d2424f4d-20d2-4104-abcc-02e6288f3ffc: shutdown LeaderElection
2019-10-17 21:15:29,113 [d2424f4d-20d2-4104-abcc-02e6288f3ffc@group-62509A8A5C15-LeaderElection16] INFO  impl.RoleInfo (RoleInfo.java:updateAndGet(143)) - d2424f4d-20d2-4104-abcc-02e6288f3ffc: start FollowerState
2019-10-17 21:15:29,116 [OM StateMachine ApplyTransaction Thread - 0] INFO  volume.OMVolumeCreateRequest (OMVolumeCreateRequest.java:validateAndUpdateCache(193)) - created volume:435c4898-74a0-45b4-b90a-ebd50bd131b3 for user:jenkins1000
2019-10-17 21:15:29,135 [Thread-312] INFO  rpc.RpcClient (RpcClient.java:createBucket(411)) - Creating Bucket: 435c4898-74a0-45b4-b90a-ebd50bd131b3/2e3a4300-40ac-4c1a-a19c-74afd30f6636, with Versioning false and Storage Type set to DISK and Encryption set to false 
2019-10-17 21:15:29,279 [Thread-319] INFO  impl.FollowerState (FollowerState.java:run(108)) - d2424f4d-20d2-4104-abcc-02e6288f3ffc@group-62509A8A5C15-FollowerState: change to CANDIDATE, lastRpcTime:165ms, electionTimeout:165ms
2019-10-17 21:15:29,279 [Thread-319] INFO  impl.RoleInfo (RoleInfo.java:shutdownFollowerState(121)) - d2424f4d-20d2-4104-abcc-02e6288f3ffc: shutdown FollowerState
2019-10-17 21:15:29,279 [Thread-319] INFO  impl.RaftServerImpl (RaftServerImpl.java:setRole(184)) - d2424f4d-20d2-4104-abcc-02e6288f3ffc@group-62509A8A5C15: changes role from  FOLLOWER to CANDIDATE at term 13 for changeToCandidate
2019-10-17 21:15:29,279 [Thread-319] INFO  impl.RoleInfo (RoleInfo.java:updateAndGet(143)) - d2424f4d-20d2-4104-abcc-02e6288f3ffc: start LeaderElection
2019-10-17 21:15:29,298 [d2424f4d-20d2-4104-abcc-02e6288f3ffc@group-62509A8A5C15-LeaderElection17] INFO  impl.LeaderElection (LeaderElection.java:askForVotes(178)) - d2424f4d-20d2-4104-abcc-02e6288f3ffc@group-62509A8A5C15-LeaderElection17: begin an election at term 14 for -1: [3909bd6a-278d-4911-9d70-32680c972d02:192.168.157.223:33343, d2424f4d-20d2-4104-abcc-02e6288f3ffc:192.168.157.223:39352, 7c510082-4284-44ef-8cd9-bb38fb15579f:192.168.157.223:33098], old=null
2019-10-17 21:15:29,307 [grpc-default-executor-6] INFO  impl.RaftServerImpl (RaftServerImpl.java:setRole(184)) - 3909bd6a-278d-4911-9d70-32680c972d02@group-62509A8A5C15: changes role from  FOLLOWER to FOLLOWER at term 14 for recognizeCandidate:d2424f4d-20d2-4104-abcc-02e6288f3ffc
2019-10-17 21:15:29,308 [grpc-default-executor-2] INFO  impl.RaftServerImpl (RaftServerImpl.java:setRole(184)) - 7c510082-4284-44ef-8cd9-bb38fb15579f@group-62509A8A5C15: changes role from  FOLLOWER to FOLLOWER at term 14 for recognizeCandidate:d2424f4d-20d2-4104-abcc-02e6288f3ffc
2019-10-17 21:15:29,308 [grpc-default-executor-2] INFO  impl.RoleInfo (RoleInfo.java:shutdownFollowerState(121)) - 7c510082-4284-44ef-8cd9-bb38fb15579f: shutdown FollowerState
2019-10-17 21:15:29,308 [grpc-default-executor-6] INFO  impl.RoleInfo (RoleInfo.java:shutdownFollowerState(121)) - 3909bd6a-278d-4911-9d70-32680c972d02: shutdown FollowerState
2019-10-17 21:15:29,308 [Thread-318] INFO  impl.FollowerState (FollowerState.java:run(117)) - 7c510082-4284-44ef-8cd9-bb38fb15579f@group-62509A8A5C15-FollowerState was interrupted: java.lang.InterruptedException: sleep interrupted
2019-10-17 21:15:29,308 [grpc-default-executor-6] INFO  impl.RoleInfo (RoleInfo.java:updateAndGet(143)) - 3909bd6a-278d-4911-9d70-32680c972d02: start FollowerState
2019-10-17 21:15:29,308 [grpc-default-executor-2] INFO  impl.RoleInfo (RoleInfo.java:updateAndGet(143)) - 7c510082-4284-44ef-8cd9-bb38fb15579f: start FollowerState
2019-10-17 21:15:29,308 [Thread-317] INFO  impl.FollowerState (FollowerState.java:run(117)) - 3909bd6a-278d-4911-9d70-32680c972d02@group-62509A8A5C15-FollowerState was interrupted: java.lang.InterruptedException: sleep interrupted
2019-10-17 21:15:29,325 [d2424f4d-20d2-4104-abcc-02e6288f3ffc@group-62509A8A5C15-LeaderElection17] INFO  impl.LeaderElection (LeaderElection.java:logAndReturn(56)) - d2424f4d-20d2-4104-abcc-02e6288f3ffc@group-62509A8A5C15-LeaderElection17: Election REJECTED; received 2 response(s) [d2424f4d-20d2-4104-abcc-02e6288f3ffc<-3909bd6a-278d-4911-9d70-32680c972d02#0:FAIL-t14, d2424f4d-20d2-4104-abcc-02e6288f3ffc<-7c510082-4284-44ef-8cd9-bb38fb15579f#0:FAIL-t14] and 0 exception(s); d2424f4d-20d2-4104-abcc-02e6288f3ffc@group-62509A8A5C15:t14, leader=null, voted=d2424f4d-20d2-4104-abcc-02e6288f3ffc, raftlog=d2424f4d-20d2-4104-abcc-02e6288f3ffc@group-62509A8A5C15-SegmentedRaftLog:OPENED:c-1,f-1,i0, conf=-1: [3909bd6a-278d-4911-9d70-32680c972d02:192.168.157.223:33343, d2424f4d-20d2-4104-abcc-02e6288f3ffc:192.168.157.223:39352, 7c510082-4284-44ef-8cd9-bb38fb15579f:192.168.157.223:33098], old=null
2019-10-17 21:15:29,325 [d2424f4d-20d2-4104-abcc-02e6288f3ffc@group-62509A8A5C15-LeaderElection17] INFO  impl.RaftServerImpl (RaftServerImpl.java:setRole(184)) - d2424f4d-20d2-4104-abcc-02e6288f3ffc@group-62509A8A5C15: changes role from CANDIDATE to FOLLOWER at term 14 for DISCOVERED_A_NEW_TERM
2019-10-17 21:15:29,325 [d2424f4d-20d2-4104-abcc-02e6288f3ffc@group-62509A8A5C15-LeaderElection17] INFO  impl.RoleInfo (RoleInfo.java:shutdownLeaderElection(134)) - d2424f4d-20d2-4104-abcc-02e6288f3ffc: shutdown LeaderElection
2019-10-17 21:15:29,325 [d2424f4d-20d2-4104-abcc-02e6288f3ffc@group-62509A8A5C15-LeaderElection17] INFO  impl.RoleInfo (RoleInfo.java:updateAndGet(143)) - d2424f4d-20d2-4104-abcc-02e6288f3ffc: start FollowerState
2019-10-17 21:15:29,331 [Thread-312] INFO  impl.MetricsSystemImpl (MetricsSystemImpl.java:init(158)) - XceiverClientMetrics metrics system started (again)
2019-10-17 21:15:29,337 [Thread-325] INFO  impl.FollowerState (FollowerState.java:run(108)) - d2424f4d-20d2-4104-abcc-02e6288f3ffc@group-62509A8A5C15-FollowerState: change to CANDIDATE, lastRpcTime:11ms, electionTimeout:11ms
2019-10-17 21:15:29,337 [Thread-325] INFO  impl.RoleInfo (RoleInfo.java:shutdownFollowerState(121)) - d2424f4d-20d2-4104-abcc-02e6288f3ffc: shutdown FollowerState
2019-10-17 21:15:29,337 [Thread-325] INFO  impl.RaftServerImpl (RaftServerImpl.java:setRole(184)) - d2424f4d-20d2-4104-abcc-02e6288f3ffc@group-62509A8A5C15: changes role from  FOLLOWER to CANDIDATE at term 14 for changeToCandidate
2019-10-17 21:15:29,337 [Thread-325] INFO  impl.RoleInfo (RoleInfo.java:updateAndGet(143)) - d2424f4d-20d2-4104-abcc-02e6288f3ffc: start LeaderElection
2019-10-17 21:15:29,352 [d2424f4d-20d2-4104-abcc-02e6288f3ffc@group-62509A8A5C15-LeaderElection18] INFO  impl.LeaderElection (LeaderElection.java:askForVotes(178)) - d2424f4d-20d2-4104-abcc-02e6288f3ffc@group-62509A8A5C15-LeaderElection18: begin an election at term 15 for -1: [3909bd6a-278d-4911-9d70-32680c972d02:192.168.157.223:33343, d2424f4d-20d2-4104-abcc-02e6288f3ffc:192.168.157.223:39352, 7c510082-4284-44ef-8cd9-bb38fb15579f:192.168.157.223:33098], old=null
2019-10-17 21:15:29,356 [grpc-default-executor-2] INFO  impl.RaftServerImpl (RaftServerImpl.java:setRole(184)) - 3909bd6a-278d-4911-9d70-32680c972d02@group-62509A8A5C15: changes role from  FOLLOWER to FOLLOWER at term 15 for recognizeCandidate:d2424f4d-20d2-4104-abcc-02e6288f3ffc
2019-10-17 21:15:29,356 [grpc-default-executor-2] INFO  impl.RoleInfo (RoleInfo.java:shutdownFollowerState(121)) - 3909bd6a-278d-4911-9d70-32680c972d02: shutdown FollowerState
2019-10-17 21:15:29,356 [grpc-default-executor-6] INFO  impl.RaftServerImpl (RaftServerImpl.java:setRole(184)) - 7c510082-4284-44ef-8cd9-bb38fb15579f@group-62509A8A5C15: changes role from  FOLLOWER to FOLLOWER at term 15 for recognizeCandidate:d2424f4d-20d2-4104-abcc-02e6288f3ffc
2019-10-17 21:15:29,357 [grpc-default-executor-2] INFO  impl.RoleInfo (RoleInfo.java:updateAndGet(143)) - 3909bd6a-278d-4911-9d70-32680c972d02: start FollowerState
2019-10-17 21:15:29,356 [Thread-324] INFO  impl.FollowerState (FollowerState.java:run(117)) - 3909bd6a-278d-4911-9d70-32680c972d02@group-62509A8A5C15-FollowerState was interrupted: java.lang.InterruptedException: sleep interrupted
2019-10-17 21:15:29,357 [grpc-default-executor-6] INFO  impl.RoleInfo (RoleInfo.java:shutdownFollowerState(121)) - 7c510082-4284-44ef-8cd9-bb38fb15579f: shutdown FollowerState
2019-10-17 21:15:29,357 [Thread-323] INFO  impl.FollowerState (FollowerState.java:run(117)) - 7c510082-4284-44ef-8cd9-bb38fb15579f@group-62509A8A5C15-FollowerState was interrupted: java.lang.InterruptedException: sleep interrupted
2019-10-17 21:15:29,357 [grpc-default-executor-6] INFO  impl.RoleInfo (RoleInfo.java:updateAndGet(143)) - 7c510082-4284-44ef-8cd9-bb38fb15579f: start FollowerState
2019-10-17 21:15:29,385 [d2424f4d-20d2-4104-abcc-02e6288f3ffc@group-62509A8A5C15-LeaderElection18] INFO  impl.LeaderElection (LeaderElection.java:logAndReturn(56)) - d2424f4d-20d2-4104-abcc-02e6288f3ffc@group-62509A8A5C15-LeaderElection18: Election REJECTED; received 2 response(s) [d2424f4d-20d2-4104-abcc-02e6288f3ffc<-3909bd6a-278d-4911-9d70-32680c972d02#0:FAIL-t15, d2424f4d-20d2-4104-abcc-02e6288f3ffc<-7c510082-4284-44ef-8cd9-bb38fb15579f#0:FAIL-t15] and 0 exception(s); d2424f4d-20d2-4104-abcc-02e6288f3ffc@group-62509A8A5C15:t15, leader=null, voted=d2424f4d-20d2-4104-abcc-02e6288f3ffc, raftlog=d2424f4d-20d2-4104-abcc-02e6288f3ffc@group-62509A8A5C15-SegmentedRaftLog:OPENED:c-1,f-1,i0, conf=-1: [3909bd6a-278d-4911-9d70-32680c972d02:192.168.157.223:33343, d2424f4d-20d2-4104-abcc-02e6288f3ffc:192.168.157.223:39352, 7c510082-4284-44ef-8cd9-bb38fb15579f:192.168.157.223:33098], old=null
2019-10-17 21:15:29,385 [d2424f4d-20d2-4104-abcc-02e6288f3ffc@group-62509A8A5C15-LeaderElection18] INFO  impl.RaftServerImpl (RaftServerImpl.java:setRole(184)) - d2424f4d-20d2-4104-abcc-02e6288f3ffc@group-62509A8A5C15: changes role from CANDIDATE to FOLLOWER at term 15 for DISCOVERED_A_NEW_TERM
2019-10-17 21:15:29,385 [d2424f4d-20d2-4104-abcc-02e6288f3ffc@group-62509A8A5C15-LeaderElection18] INFO  impl.RoleInfo (RoleInfo.java:shutdownLeaderElection(134)) - d2424f4d-20d2-4104-abcc-02e6288f3ffc: shutdown LeaderElection
2019-10-17 21:15:29,386 [d2424f4d-20d2-4104-abcc-02e6288f3ffc@group-62509A8A5C15-LeaderElection18] INFO  impl.RoleInfo (RoleInfo.java:updateAndGet(143)) - d2424f4d-20d2-4104-abcc-02e6288f3ffc: start FollowerState
2019-10-17 21:15:29,461 [Thread-331] INFO  impl.FollowerState (FollowerState.java:run(108)) - d2424f4d-20d2-4104-abcc-02e6288f3ffc@group-62509A8A5C15-FollowerState: change to CANDIDATE, lastRpcTime:75ms, electionTimeout:75ms
2019-10-17 21:15:29,465 [Thread-331] INFO  impl.RoleInfo (RoleInfo.java:shutdownFollowerState(121)) - d2424f4d-20d2-4104-abcc-02e6288f3ffc: shutdown FollowerState
2019-10-17 21:15:29,465 [Thread-331] INFO  impl.RaftServerImpl (RaftServerImpl.java:setRole(184)) - d2424f4d-20d2-4104-abcc-02e6288f3ffc@group-62509A8A5C15: changes role from  FOLLOWER to CANDIDATE at term 15 for changeToCandidate
2019-10-17 21:15:29,465 [Thread-331] INFO  impl.RoleInfo (RoleInfo.java:updateAndGet(143)) - d2424f4d-20d2-4104-abcc-02e6288f3ffc: start LeaderElection
2019-10-17 21:15:29,482 [d2424f4d-20d2-4104-abcc-02e6288f3ffc@group-62509A8A5C15-LeaderElection19] INFO  impl.LeaderElection (LeaderElection.java:askForVotes(178)) - d2424f4d-20d2-4104-abcc-02e6288f3ffc@group-62509A8A5C15-LeaderElection19: begin an election at term 16 for -1: [3909bd6a-278d-4911-9d70-32680c972d02:192.168.157.223:33343, d2424f4d-20d2-4104-abcc-02e6288f3ffc:192.168.157.223:39352, 7c510082-4284-44ef-8cd9-bb38fb15579f:192.168.157.223:33098], old=null
2019-10-17 21:15:29,508 [grpc-default-executor-6] INFO  impl.RaftServerImpl (RaftServerImpl.java:setRole(184)) - 7c510082-4284-44ef-8cd9-bb38fb15579f@group-62509A8A5C15: changes role from  FOLLOWER to FOLLOWER at term 16 for recognizeCandidate:d2424f4d-20d2-4104-abcc-02e6288f3ffc
2019-10-17 21:15:29,508 [grpc-default-executor-2] INFO  impl.RaftServerImpl (RaftServerImpl.java:setRole(184)) - 3909bd6a-278d-4911-9d70-32680c972d02@group-62509A8A5C15: changes role from  FOLLOWER to FOLLOWER at term 16 for recognizeCandidate:d2424f4d-20d2-4104-abcc-02e6288f3ffc
2019-10-17 21:15:29,508 [grpc-default-executor-6] INFO  impl.RoleInfo (RoleInfo.java:shutdownFollowerState(121)) - 7c510082-4284-44ef-8cd9-bb38fb15579f: shutdown FollowerState
2019-10-17 21:15:29,508 [grpc-default-executor-2] INFO  impl.RoleInfo (RoleInfo.java:shutdownFollowerState(121)) - 3909bd6a-278d-4911-9d70-32680c972d02: shutdown FollowerState
2019-10-17 21:15:29,511 [Thread-329] INFO  impl.FollowerState (FollowerState.java:run(117)) - 3909bd6a-278d-4911-9d70-32680c972d02@group-62509A8A5C15-FollowerState was interrupted: java.lang.InterruptedException: sleep interrupted
2019-10-17 21:15:29,511 [grpc-default-executor-6] INFO  impl.RoleInfo (RoleInfo.java:updateAndGet(143)) - 7c510082-4284-44ef-8cd9-bb38fb15579f: start FollowerState
2019-10-17 21:15:29,511 [grpc-default-executor-2] INFO  impl.RoleInfo (RoleInfo.java:updateAndGet(143)) - 3909bd6a-278d-4911-9d70-32680c972d02: start FollowerState
2019-10-17 21:15:29,511 [Thread-330] INFO  impl.FollowerState (FollowerState.java:run(117)) - 7c510082-4284-44ef-8cd9-bb38fb15579f@group-62509A8A5C15-FollowerState was interrupted: java.lang.InterruptedException: sleep interrupted
2019-10-17 21:15:29,539 [d2424f4d-20d2-4104-abcc-02e6288f3ffc@group-62509A8A5C15-LeaderElection19] INFO  impl.LeaderElection (LeaderElection.java:logAndReturn(56)) - d2424f4d-20d2-4104-abcc-02e6288f3ffc@group-62509A8A5C15-LeaderElection19: Election REJECTED; received 2 response(s) [d2424f4d-20d2-4104-abcc-02e6288f3ffc<-3909bd6a-278d-4911-9d70-32680c972d02#0:FAIL-t16, d2424f4d-20d2-4104-abcc-02e6288f3ffc<-7c510082-4284-44ef-8cd9-bb38fb15579f#0:FAIL-t16] and 0 exception(s); d2424f4d-20d2-4104-abcc-02e6288f3ffc@group-62509A8A5C15:t16, leader=null, voted=d2424f4d-20d2-4104-abcc-02e6288f3ffc, raftlog=d2424f4d-20d2-4104-abcc-02e6288f3ffc@group-62509A8A5C15-SegmentedRaftLog:OPENED:c-1,f-1,i0, conf=-1: [3909bd6a-278d-4911-9d70-32680c972d02:192.168.157.223:33343, d2424f4d-20d2-4104-abcc-02e6288f3ffc:192.168.157.223:39352, 7c510082-4284-44ef-8cd9-bb38fb15579f:192.168.157.223:33098], old=null
2019-10-17 21:15:29,543 [d2424f4d-20d2-4104-abcc-02e6288f3ffc@group-62509A8A5C15-LeaderElection19] INFO  impl.RaftServerImpl (RaftServerImpl.java:setRole(184)) - d2424f4d-20d2-4104-abcc-02e6288f3ffc@group-62509A8A5C15: changes role from CANDIDATE to FOLLOWER at term 16 for DISCOVERED_A_NEW_TERM
2019-10-17 21:15:29,545 [d2424f4d-20d2-4104-abcc-02e6288f3ffc@group-62509A8A5C15-LeaderElection19] INFO  impl.RoleInfo (RoleInfo.java:shutdownLeaderElection(134)) - d2424f4d-20d2-4104-abcc-02e6288f3ffc: shutdown LeaderElection
2019-10-17 21:15:29,548 [d2424f4d-20d2-4104-abcc-02e6288f3ffc@group-62509A8A5C15-LeaderElection19] INFO  impl.RoleInfo (RoleInfo.java:updateAndGet(143)) - d2424f4d-20d2-4104-abcc-02e6288f3ffc: start FollowerState
2019-10-17 21:15:29,558 [Thread-200] INFO  container.ReplicationManager (ReplicationManager.java:start(162)) - Starting Replication Monitor Thread.
2019-10-17 21:15:29,563 [ReplicationMonitor] INFO  container.ReplicationManager (ReplicationManager.java:run(225)) - Replication Monitor Thread took 4 milliseconds for processing 1 containers.
2019-10-17 21:15:29,606 [Thread-340] INFO  impl.FollowerState (FollowerState.java:run(108)) - d2424f4d-20d2-4104-abcc-02e6288f3ffc@group-62509A8A5C15-FollowerState: change to CANDIDATE, lastRpcTime:58ms, electionTimeout:54ms
2019-10-17 21:15:29,606 [Thread-340] INFO  impl.RoleInfo (RoleInfo.java:shutdownFollowerState(121)) - d2424f4d-20d2-4104-abcc-02e6288f3ffc: shutdown FollowerState
2019-10-17 21:15:29,606 [Thread-340] INFO  impl.RaftServerImpl (RaftServerImpl.java:setRole(184)) - d2424f4d-20d2-4104-abcc-02e6288f3ffc@group-62509A8A5C15: changes role from  FOLLOWER to CANDIDATE at term 16 for changeToCandidate
2019-10-17 21:15:29,606 [Thread-340] INFO  impl.RoleInfo (RoleInfo.java:updateAndGet(143)) - d2424f4d-20d2-4104-abcc-02e6288f3ffc: start LeaderElection
2019-10-17 21:15:29,632 [d2424f4d-20d2-4104-abcc-02e6288f3ffc@group-62509A8A5C15-LeaderElection20] INFO  impl.LeaderElection (LeaderElection.java:askForVotes(178)) - d2424f4d-20d2-4104-abcc-02e6288f3ffc@group-62509A8A5C15-LeaderElection20: begin an election at term 17 for -1: [3909bd6a-278d-4911-9d70-32680c972d02:192.168.157.223:33343, d2424f4d-20d2-4104-abcc-02e6288f3ffc:192.168.157.223:39352, 7c510082-4284-44ef-8cd9-bb38fb15579f:192.168.157.223:33098], old=null
2019-10-17 21:15:29,638 [grpc-default-executor-2] INFO  impl.RaftServerImpl (RaftServerImpl.java:setRole(184)) - 3909bd6a-278d-4911-9d70-32680c972d02@group-62509A8A5C15: changes role from  FOLLOWER to FOLLOWER at term 17 for recognizeCandidate:d2424f4d-20d2-4104-abcc-02e6288f3ffc
2019-10-17 21:15:29,638 [grpc-default-executor-6] INFO  impl.RaftServerImpl (RaftServerImpl.java:setRole(184)) - 7c510082-4284-44ef-8cd9-bb38fb15579f@group-62509A8A5C15: changes role from  FOLLOWER to FOLLOWER at term 17 for recognizeCandidate:d2424f4d-20d2-4104-abcc-02e6288f3ffc
2019-10-17 21:15:29,638 [grpc-default-executor-2] INFO  impl.RoleInfo (RoleInfo.java:shutdownFollowerState(121)) - 3909bd6a-278d-4911-9d70-32680c972d02: shutdown FollowerState
2019-10-17 21:15:29,638 [grpc-default-executor-6] INFO  impl.RoleInfo (RoleInfo.java:shutdownFollowerState(121)) - 7c510082-4284-44ef-8cd9-bb38fb15579f: shutdown FollowerState
2019-10-17 21:15:29,638 [Thread-338] INFO  impl.FollowerState (FollowerState.java:run(117)) - 3909bd6a-278d-4911-9d70-32680c972d02@group-62509A8A5C15-FollowerState was interrupted: java.lang.InterruptedException: sleep interrupted
2019-10-17 21:15:29,638 [Thread-339] INFO  impl.FollowerState (FollowerState.java:run(117)) - 7c510082-4284-44ef-8cd9-bb38fb15579f@group-62509A8A5C15-FollowerState was interrupted: java.lang.InterruptedException: sleep interrupted
2019-10-17 21:15:29,638 [grpc-default-executor-2] INFO  impl.RoleInfo (RoleInfo.java:updateAndGet(143)) - 3909bd6a-278d-4911-9d70-32680c972d02: start FollowerState
2019-10-17 21:15:29,638 [grpc-default-executor-6] INFO  impl.RoleInfo (RoleInfo.java:updateAndGet(143)) - 7c510082-4284-44ef-8cd9-bb38fb15579f: start FollowerState
2019-10-17 21:15:29,655 [d2424f4d-20d2-4104-abcc-02e6288f3ffc@group-62509A8A5C15-LeaderElection20] INFO  impl.LeaderElection (LeaderElection.java:logAndReturn(56)) - d2424f4d-20d2-4104-abcc-02e6288f3ffc@group-62509A8A5C15-LeaderElection20: Election REJECTED; received 2 response(s) [d2424f4d-20d2-4104-abcc-02e6288f3ffc<-3909bd6a-278d-4911-9d70-32680c972d02#0:FAIL-t17, d2424f4d-20d2-4104-abcc-02e6288f3ffc<-7c510082-4284-44ef-8cd9-bb38fb15579f#0:FAIL-t17] and 0 exception(s); d2424f4d-20d2-4104-abcc-02e6288f3ffc@group-62509A8A5C15:t17, leader=null, voted=d2424f4d-20d2-4104-abcc-02e6288f3ffc, raftlog=d2424f4d-20d2-4104-abcc-02e6288f3ffc@group-62509A8A5C15-SegmentedRaftLog:OPENED:c-1,f-1,i0, conf=-1: [3909bd6a-278d-4911-9d70-32680c972d02:192.168.157.223:33343, d2424f4d-20d2-4104-abcc-02e6288f3ffc:192.168.157.223:39352, 7c510082-4284-44ef-8cd9-bb38fb15579f:192.168.157.223:33098], old=null
2019-10-17 21:15:29,655 [d2424f4d-20d2-4104-abcc-02e6288f3ffc@group-62509A8A5C15-LeaderElection20] INFO  impl.RaftServerImpl (RaftServerImpl.java:setRole(184)) - d2424f4d-20d2-4104-abcc-02e6288f3ffc@group-62509A8A5C15: changes role from CANDIDATE to FOLLOWER at term 17 for DISCOVERED_A_NEW_TERM
2019-10-17 21:15:29,656 [d2424f4d-20d2-4104-abcc-02e6288f3ffc@group-62509A8A5C15-LeaderElection20] INFO  impl.RoleInfo (RoleInfo.java:shutdownLeaderElection(134)) - d2424f4d-20d2-4104-abcc-02e6288f3ffc: shutdown LeaderElection
2019-10-17 21:15:29,656 [d2424f4d-20d2-4104-abcc-02e6288f3ffc@group-62509A8A5C15-LeaderElection20] INFO  impl.RoleInfo (RoleInfo.java:updateAndGet(143)) - d2424f4d-20d2-4104-abcc-02e6288f3ffc: start FollowerState
2019-10-17 21:15:29,712 [Thread-347] INFO  impl.FollowerState (FollowerState.java:run(108)) - d2424f4d-20d2-4104-abcc-02e6288f3ffc@group-62509A8A5C15-FollowerState: change to CANDIDATE, lastRpcTime:56ms, electionTimeout:56ms
2019-10-17 21:15:29,714 [Thread-347] INFO  impl.RoleInfo (RoleInfo.java:shutdownFollowerState(121)) - d2424f4d-20d2-4104-abcc-02e6288f3ffc: shutdown FollowerState
2019-10-17 21:15:29,714 [Thread-347] INFO  impl.RaftServerImpl (RaftServerImpl.java:setRole(184)) - d2424f4d-20d2-4104-abcc-02e6288f3ffc@group-62509A8A5C15: changes role from  FOLLOWER to CANDIDATE at term 17 for changeToCandidate
2019-10-17 21:15:29,714 [Thread-347] INFO  impl.RoleInfo (RoleInfo.java:updateAndGet(143)) - d2424f4d-20d2-4104-abcc-02e6288f3ffc: start LeaderElection
2019-10-17 21:15:29,728 [d2424f4d-20d2-4104-abcc-02e6288f3ffc@group-62509A8A5C15-LeaderElection21] INFO  impl.LeaderElection (LeaderElection.java:askForVotes(178)) - d2424f4d-20d2-4104-abcc-02e6288f3ffc@group-62509A8A5C15-LeaderElection21: begin an election at term 18 for -1: [3909bd6a-278d-4911-9d70-32680c972d02:192.168.157.223:33343, d2424f4d-20d2-4104-abcc-02e6288f3ffc:192.168.157.223:39352, 7c510082-4284-44ef-8cd9-bb38fb15579f:192.168.157.223:33098], old=null
2019-10-17 21:15:29,731 [grpc-default-executor-2] INFO  impl.RaftServerImpl (RaftServerImpl.java:setRole(184)) - 3909bd6a-278d-4911-9d70-32680c972d02@group-62509A8A5C15: changes role from  FOLLOWER to FOLLOWER at term 18 for recognizeCandidate:d2424f4d-20d2-4104-abcc-02e6288f3ffc
2019-10-17 21:15:29,731 [grpc-default-executor-6] INFO  impl.RaftServerImpl (RaftServerImpl.java:setRole(184)) - 7c510082-4284-44ef-8cd9-bb38fb15579f@group-62509A8A5C15: changes role from  FOLLOWER to FOLLOWER at term 18 for recognizeCandidate:d2424f4d-20d2-4104-abcc-02e6288f3ffc
2019-10-17 21:15:29,731 [grpc-default-executor-2] INFO  impl.RoleInfo (RoleInfo.java:shutdownFollowerState(121)) - 3909bd6a-278d-4911-9d70-32680c972d02: shutdown FollowerState
2019-10-17 21:15:29,731 [grpc-default-executor-6] INFO  impl.RoleInfo (RoleInfo.java:shutdownFollowerState(121)) - 7c510082-4284-44ef-8cd9-bb38fb15579f: shutdown FollowerState
2019-10-17 21:15:29,732 [Thread-345] INFO  impl.FollowerState (FollowerState.java:run(117)) - 3909bd6a-278d-4911-9d70-32680c972d02@group-62509A8A5C15-FollowerState was interrupted: java.lang.InterruptedException: sleep interrupted
2019-10-17 21:15:29,732 [grpc-default-executor-2] INFO  impl.RoleInfo (RoleInfo.java:updateAndGet(143)) - 3909bd6a-278d-4911-9d70-32680c972d02: start FollowerState
2019-10-17 21:15:29,732 [grpc-default-executor-6] INFO  impl.RoleInfo (RoleInfo.java:updateAndGet(143)) - 7c510082-4284-44ef-8cd9-bb38fb15579f: start FollowerState
2019-10-17 21:15:29,732 [Thread-346] INFO  impl.FollowerState (FollowerState.java:run(117)) - 7c510082-4284-44ef-8cd9-bb38fb15579f@group-62509A8A5C15-FollowerState was interrupted: java.lang.InterruptedException: sleep interrupted
2019-10-17 21:15:29,748 [d2424f4d-20d2-4104-abcc-02e6288f3ffc@group-62509A8A5C15-LeaderElection21] INFO  impl.LeaderElection (LeaderElection.java:logAndReturn(56)) - d2424f4d-20d2-4104-abcc-02e6288f3ffc@group-62509A8A5C15-LeaderElection21: Election REJECTED; received 2 response(s) [d2424f4d-20d2-4104-abcc-02e6288f3ffc<-3909bd6a-278d-4911-9d70-32680c972d02#0:FAIL-t18, d2424f4d-20d2-4104-abcc-02e6288f3ffc<-7c510082-4284-44ef-8cd9-bb38fb15579f#0:FAIL-t18] and 0 exception(s); d2424f4d-20d2-4104-abcc-02e6288f3ffc@group-62509A8A5C15:t18, leader=null, voted=d2424f4d-20d2-4104-abcc-02e6288f3ffc, raftlog=d2424f4d-20d2-4104-abcc-02e6288f3ffc@group-62509A8A5C15-SegmentedRaftLog:OPENED:c-1,f-1,i0, conf=-1: [3909bd6a-278d-4911-9d70-32680c972d02:192.168.157.223:33343, d2424f4d-20d2-4104-abcc-02e6288f3ffc:192.168.157.223:39352, 7c510082-4284-44ef-8cd9-bb38fb15579f:192.168.157.223:33098], old=null
2019-10-17 21:15:29,748 [d2424f4d-20d2-4104-abcc-02e6288f3ffc@group-62509A8A5C15-LeaderElection21] INFO  impl.RaftServerImpl (RaftServerImpl.java:setRole(184)) - d2424f4d-20d2-4104-abcc-02e6288f3ffc@group-62509A8A5C15: changes role from CANDIDATE to FOLLOWER at term 18 for DISCOVERED_A_NEW_TERM
2019-10-17 21:15:29,748 [d2424f4d-20d2-4104-abcc-02e6288f3ffc@group-62509A8A5C15-LeaderElection21] INFO  impl.RoleInfo (RoleInfo.java:shutdownLeaderElection(134)) - d2424f4d-20d2-4104-abcc-02e6288f3ffc: shutdown LeaderElection
2019-10-17 21:15:29,748 [d2424f4d-20d2-4104-abcc-02e6288f3ffc@group-62509A8A5C15-LeaderElection21] INFO  impl.RoleInfo (RoleInfo.java:updateAndGet(143)) - d2424f4d-20d2-4104-abcc-02e6288f3ffc: start FollowerState
2019-10-17 21:15:29,813 [Thread-353] INFO  impl.FollowerState (FollowerState.java:run(108)) - d2424f4d-20d2-4104-abcc-02e6288f3ffc@group-62509A8A5C15-FollowerState: change to CANDIDATE, lastRpcTime:64ms, electionTimeout:64ms
2019-10-17 21:15:29,818 [Thread-353] INFO  impl.RoleInfo (RoleInfo.java:shutdownFollowerState(121)) - d2424f4d-20d2-4104-abcc-02e6288f3ffc: shutdown FollowerState
2019-10-17 21:15:29,819 [Thread-353] INFO  impl.RaftServerImpl (RaftServerImpl.java:setRole(184)) - d2424f4d-20d2-4104-abcc-02e6288f3ffc@group-62509A8A5C15: changes role from  FOLLOWER to CANDIDATE at term 18 for changeToCandidate
2019-10-17 21:15:29,819 [Thread-353] INFO  impl.RoleInfo (RoleInfo.java:updateAndGet(143)) - d2424f4d-20d2-4104-abcc-02e6288f3ffc: start LeaderElection
2019-10-17 21:15:29,833 [d2424f4d-20d2-4104-abcc-02e6288f3ffc@group-62509A8A5C15-LeaderElection22] INFO  impl.LeaderElection (LeaderElection.java:askForVotes(178)) - d2424f4d-20d2-4104-abcc-02e6288f3ffc@group-62509A8A5C15-LeaderElection22: begin an election at term 19 for -1: [3909bd6a-278d-4911-9d70-32680c972d02:192.168.157.223:33343, d2424f4d-20d2-4104-abcc-02e6288f3ffc:192.168.157.223:39352, 7c510082-4284-44ef-8cd9-bb38fb15579f:192.168.157.223:33098], old=null
2019-10-17 21:15:29,839 [grpc-default-executor-6] INFO  impl.RaftServerImpl (RaftServerImpl.java:setRole(184)) - 7c510082-4284-44ef-8cd9-bb38fb15579f@group-62509A8A5C15: changes role from  FOLLOWER to FOLLOWER at term 19 for recognizeCandidate:d2424f4d-20d2-4104-abcc-02e6288f3ffc
2019-10-17 21:15:29,839 [grpc-default-executor-6] INFO  impl.RoleInfo (RoleInfo.java:shutdownFollowerState(121)) - 7c510082-4284-44ef-8cd9-bb38fb15579f: shutdown FollowerState
2019-10-17 21:15:29,839 [grpc-default-executor-2] INFO  impl.RaftServerImpl (RaftServerImpl.java:setRole(184)) - 3909bd6a-278d-4911-9d70-32680c972d02@group-62509A8A5C15: changes role from  FOLLOWER to FOLLOWER at term 19 for recognizeCandidate:d2424f4d-20d2-4104-abcc-02e6288f3ffc
2019-10-17 21:15:29,839 [Thread-352] INFO  impl.FollowerState (FollowerState.java:run(117)) - 7c510082-4284-44ef-8cd9-bb38fb15579f@group-62509A8A5C15-FollowerState was interrupted: java.lang.InterruptedException: sleep interrupted
2019-10-17 21:15:29,839 [grpc-default-executor-2] INFO  impl.RoleInfo (RoleInfo.java:shutdownFollowerState(121)) - 3909bd6a-278d-4911-9d70-32680c972d02: shutdown FollowerState
2019-10-17 21:15:29,839 [grpc-default-executor-6] INFO  impl.RoleInfo (RoleInfo.java:updateAndGet(143)) - 7c510082-4284-44ef-8cd9-bb38fb15579f: start FollowerState
2019-10-17 21:15:29,839 [grpc-default-executor-2] INFO  impl.RoleInfo (RoleInfo.java:updateAndGet(143)) - 3909bd6a-278d-4911-9d70-32680c972d02: start FollowerState
2019-10-17 21:15:29,839 [Thread-351] INFO  impl.FollowerState (FollowerState.java:run(117)) - 3909bd6a-278d-4911-9d70-32680c972d02@group-62509A8A5C15-FollowerState was interrupted: java.lang.InterruptedException: sleep interrupted
2019-10-17 21:15:29,866 [d2424f4d-20d2-4104-abcc-02e6288f3ffc@group-62509A8A5C15-LeaderElection22] INFO  impl.LeaderElection (LeaderElection.java:logAndReturn(56)) - d2424f4d-20d2-4104-abcc-02e6288f3ffc@group-62509A8A5C15-LeaderElection22: Election REJECTED; received 2 response(s) [d2424f4d-20d2-4104-abcc-02e6288f3ffc<-3909bd6a-278d-4911-9d70-32680c972d02#0:FAIL-t19, d2424f4d-20d2-4104-abcc-02e6288f3ffc<-7c510082-4284-44ef-8cd9-bb38fb15579f#0:FAIL-t19] and 0 exception(s); d2424f4d-20d2-4104-abcc-02e6288f3ffc@group-62509A8A5C15:t19, leader=null, voted=d2424f4d-20d2-4104-abcc-02e6288f3ffc, raftlog=d2424f4d-20d2-4104-abcc-02e6288f3ffc@group-62509A8A5C15-SegmentedRaftLog:OPENED:c-1,f-1,i0, conf=-1: [3909bd6a-278d-4911-9d70-32680c972d02:192.168.157.223:33343, d2424f4d-20d2-4104-abcc-02e6288f3ffc:192.168.157.223:39352, 7c510082-4284-44ef-8cd9-bb38fb15579f:192.168.157.223:33098], old=null
2019-10-17 21:15:29,866 [d2424f4d-20d2-4104-abcc-02e6288f3ffc@group-62509A8A5C15-LeaderElection22] INFO  impl.RaftServerImpl (RaftServerImpl.java:setRole(184)) - d2424f4d-20d2-4104-abcc-02e6288f3ffc@group-62509A8A5C15: changes role from CANDIDATE to FOLLOWER at term 19 for DISCOVERED_A_NEW_TERM
2019-10-17 21:15:29,867 [d2424f4d-20d2-4104-abcc-02e6288f3ffc@group-62509A8A5C15-LeaderElection22] INFO  impl.RoleInfo (RoleInfo.java:shutdownLeaderElection(134)) - d2424f4d-20d2-4104-abcc-02e6288f3ffc: shutdown LeaderElection
2019-10-17 21:15:29,867 [d2424f4d-20d2-4104-abcc-02e6288f3ffc@group-62509A8A5C15-LeaderElection22] INFO  impl.RoleInfo (RoleInfo.java:updateAndGet(143)) - d2424f4d-20d2-4104-abcc-02e6288f3ffc: start FollowerState
2019-10-17 21:15:29,872 [Thread-359] INFO  impl.FollowerState (FollowerState.java:run(108)) - d2424f4d-20d2-4104-abcc-02e6288f3ffc@group-62509A8A5C15-FollowerState: change to CANDIDATE, lastRpcTime:5ms, electionTimeout:5ms
2019-10-17 21:15:29,873 [Thread-359] INFO  impl.RoleInfo (RoleInfo.java:shutdownFollowerState(121)) - d2424f4d-20d2-4104-abcc-02e6288f3ffc: shutdown FollowerState
2019-10-17 21:15:29,873 [Thread-359] INFO  impl.RaftServerImpl (RaftServerImpl.java:setRole(184)) - d2424f4d-20d2-4104-abcc-02e6288f3ffc@group-62509A8A5C15: changes role from  FOLLOWER to CANDIDATE at term 19 for changeToCandidate
2019-10-17 21:15:29,873 [Thread-359] INFO  impl.RoleInfo (RoleInfo.java:updateAndGet(143)) - d2424f4d-20d2-4104-abcc-02e6288f3ffc: start LeaderElection
2019-10-17 21:15:29,887 [d2424f4d-20d2-4104-abcc-02e6288f3ffc@group-62509A8A5C15-LeaderElection23] INFO  impl.LeaderElection (LeaderElection.java:askForVotes(178)) - d2424f4d-20d2-4104-abcc-02e6288f3ffc@group-62509A8A5C15-LeaderElection23: begin an election at term 20 for -1: [3909bd6a-278d-4911-9d70-32680c972d02:192.168.157.223:33343, d2424f4d-20d2-4104-abcc-02e6288f3ffc:192.168.157.223:39352, 7c510082-4284-44ef-8cd9-bb38fb15579f:192.168.157.223:33098], old=null
2019-10-17 21:15:29,889 [grpc-default-executor-2] INFO  impl.RaftServerImpl (RaftServerImpl.java:setRole(184)) - 3909bd6a-278d-4911-9d70-32680c972d02@group-62509A8A5C15: changes role from  FOLLOWER to FOLLOWER at term 20 for recognizeCandidate:d2424f4d-20d2-4104-abcc-02e6288f3ffc
2019-10-17 21:15:29,889 [grpc-default-executor-2] INFO  impl.RoleInfo (RoleInfo.java:shutdownFollowerState(121)) - 3909bd6a-278d-4911-9d70-32680c972d02: shutdown FollowerState
2019-10-17 21:15:29,889 [grpc-default-executor-6] INFO  impl.RaftServerImpl (RaftServerImpl.java:setRole(184)) - 7c510082-4284-44ef-8cd9-bb38fb15579f@group-62509A8A5C15: changes role from  FOLLOWER to FOLLOWER at term 20 for recognizeCandidate:d2424f4d-20d2-4104-abcc-02e6288f3ffc
2019-10-17 21:15:29,890 [Thread-358] INFO  impl.FollowerState (FollowerState.java:run(117)) - 3909bd6a-278d-4911-9d70-32680c972d02@group-62509A8A5C15-FollowerState was interrupted: java.lang.InterruptedException: sleep interrupted
2019-10-17 21:15:29,890 [grpc-default-executor-2] INFO  impl.RoleInfo (RoleInfo.java:updateAndGet(143)) - 3909bd6a-278d-4911-9d70-32680c972d02: start FollowerState
2019-10-17 21:15:29,890 [grpc-default-executor-6] INFO  impl.RoleInfo (RoleInfo.java:shutdownFollowerState(121)) - 7c510082-4284-44ef-8cd9-bb38fb15579f: shutdown FollowerState
2019-10-17 21:15:29,890 [grpc-default-executor-6] INFO  impl.RoleInfo (RoleInfo.java:updateAndGet(143)) - 7c510082-4284-44ef-8cd9-bb38fb15579f: start FollowerState
2019-10-17 21:15:29,890 [Thread-357] INFO  impl.FollowerState (FollowerState.java:run(117)) - 7c510082-4284-44ef-8cd9-bb38fb15579f@group-62509A8A5C15-FollowerState was interrupted: java.lang.InterruptedException: sleep interrupted
2019-10-17 21:15:29,918 [d2424f4d-20d2-4104-abcc-02e6288f3ffc@group-62509A8A5C15-LeaderElection23] INFO  impl.LeaderElection (LeaderElection.java:logAndReturn(56)) - d2424f4d-20d2-4104-abcc-02e6288f3ffc@group-62509A8A5C15-LeaderElection23: Election REJECTED; received 2 response(s) [d2424f4d-20d2-4104-abcc-02e6288f3ffc<-3909bd6a-278d-4911-9d70-32680c972d02#0:FAIL-t20, d2424f4d-20d2-4104-abcc-02e6288f3ffc<-7c510082-4284-44ef-8cd9-bb38fb15579f#0:FAIL-t20] and 0 exception(s); d2424f4d-20d2-4104-abcc-02e6288f3ffc@group-62509A8A5C15:t20, leader=null, voted=d2424f4d-20d2-4104-abcc-02e6288f3ffc, raftlog=d2424f4d-20d2-4104-abcc-02e6288f3ffc@group-62509A8A5C15-SegmentedRaftLog:OPENED:c-1,f-1,i0, conf=-1: [3909bd6a-278d-4911-9d70-32680c972d02:192.168.157.223:33343, d2424f4d-20d2-4104-abcc-02e6288f3ffc:192.168.157.223:39352, 7c510082-4284-44ef-8cd9-bb38fb15579f:192.168.157.223:33098], old=null
2019-10-17 21:15:29,918 [d2424f4d-20d2-4104-abcc-02e6288f3ffc@group-62509A8A5C15-LeaderElection23] INFO  impl.RaftServerImpl (RaftServerImpl.java:setRole(184)) - d2424f4d-20d2-4104-abcc-02e6288f3ffc@group-62509A8A5C15: changes role from CANDIDATE to FOLLOWER at term 20 for DISCOVERED_A_NEW_TERM
2019-10-17 21:15:29,918 [d2424f4d-20d2-4104-abcc-02e6288f3ffc@group-62509A8A5C15-LeaderElection23] INFO  impl.RoleInfo (RoleInfo.java:shutdownLeaderElection(134)) - d2424f4d-20d2-4104-abcc-02e6288f3ffc: shutdown LeaderElection
2019-10-17 21:15:29,919 [d2424f4d-20d2-4104-abcc-02e6288f3ffc@group-62509A8A5C15-LeaderElection23] INFO  impl.RoleInfo (RoleInfo.java:updateAndGet(143)) - d2424f4d-20d2-4104-abcc-02e6288f3ffc: start FollowerState
2019-10-17 21:15:30,101 [Thread-365] INFO  impl.FollowerState (FollowerState.java:run(108)) - d2424f4d-20d2-4104-abcc-02e6288f3ffc@group-62509A8A5C15-FollowerState: change to CANDIDATE, lastRpcTime:182ms, electionTimeout:182ms
2019-10-17 21:15:30,103 [Thread-365] INFO  impl.RoleInfo (RoleInfo.java:shutdownFollowerState(121)) - d2424f4d-20d2-4104-abcc-02e6288f3ffc: shutdown FollowerState
2019-10-17 21:15:30,103 [Thread-365] INFO  impl.RaftServerImpl (RaftServerImpl.java:setRole(184)) - d2424f4d-20d2-4104-abcc-02e6288f3ffc@group-62509A8A5C15: changes role from  FOLLOWER to CANDIDATE at term 20 for changeToCandidate
2019-10-17 21:15:30,103 [Thread-365] INFO  impl.RoleInfo (RoleInfo.java:updateAndGet(143)) - d2424f4d-20d2-4104-abcc-02e6288f3ffc: start LeaderElection
2019-10-17 21:15:30,117 [d2424f4d-20d2-4104-abcc-02e6288f3ffc@group-62509A8A5C15-LeaderElection24] INFO  impl.LeaderElection (LeaderElection.java:askForVotes(178)) - d2424f4d-20d2-4104-abcc-02e6288f3ffc@group-62509A8A5C15-LeaderElection24: begin an election at term 21 for -1: [3909bd6a-278d-4911-9d70-32680c972d02:192.168.157.223:33343, d2424f4d-20d2-4104-abcc-02e6288f3ffc:192.168.157.223:39352, 7c510082-4284-44ef-8cd9-bb38fb15579f:192.168.157.223:33098], old=null
2019-10-17 21:15:30,121 [grpc-default-executor-6] INFO  impl.RaftServerImpl (RaftServerImpl.java:setRole(184)) - 3909bd6a-278d-4911-9d70-32680c972d02@group-62509A8A5C15: changes role from  FOLLOWER to FOLLOWER at term 21 for recognizeCandidate:d2424f4d-20d2-4104-abcc-02e6288f3ffc
2019-10-17 21:15:30,122 [grpc-default-executor-2] INFO  impl.RaftServerImpl (RaftServerImpl.java:setRole(184)) - 7c510082-4284-44ef-8cd9-bb38fb15579f@group-62509A8A5C15: changes role from  FOLLOWER to FOLLOWER at term 21 for recognizeCandidate:d2424f4d-20d2-4104-abcc-02e6288f3ffc
2019-10-17 21:15:30,122 [grpc-default-executor-6] INFO  impl.RoleInfo (RoleInfo.java:shutdownFollowerState(121)) - 3909bd6a-278d-4911-9d70-32680c972d02: shutdown FollowerState
2019-10-17 21:15:30,122 [grpc-default-executor-2] INFO  impl.RoleInfo (RoleInfo.java:shutdownFollowerState(121)) - 7c510082-4284-44ef-8cd9-bb38fb15579f: shutdown FollowerState
2019-10-17 21:15:30,122 [grpc-default-executor-6] INFO  impl.RoleInfo (RoleInfo.java:updateAndGet(143)) - 3909bd6a-278d-4911-9d70-32680c972d02: start FollowerState
2019-10-17 21:15:30,122 [Thread-363] INFO  impl.FollowerState (FollowerState.java:run(117)) - 3909bd6a-278d-4911-9d70-32680c972d02@group-62509A8A5C15-FollowerState was interrupted: java.lang.InterruptedException: sleep interrupted
2019-10-17 21:15:30,122 [grpc-default-executor-2] INFO  impl.RoleInfo (RoleInfo.java:updateAndGet(143)) - 7c510082-4284-44ef-8cd9-bb38fb15579f: start FollowerState
2019-10-17 21:15:30,122 [Thread-364] INFO  impl.FollowerState (FollowerState.java:run(117)) - 7c510082-4284-44ef-8cd9-bb38fb15579f@group-62509A8A5C15-FollowerState was interrupted: java.lang.InterruptedException: sleep interrupted
2019-10-17 21:15:30,128 [d2424f4d-20d2-4104-abcc-02e6288f3ffc@group-62509A8A5C15-LeaderElection24] INFO  impl.LeaderElection (LeaderElection.java:logAndReturn(56)) - d2424f4d-20d2-4104-abcc-02e6288f3ffc@group-62509A8A5C15-LeaderElection24: Election TIMEOUT; received 0 response(s) [] and 0 exception(s); d2424f4d-20d2-4104-abcc-02e6288f3ffc@group-62509A8A5C15:t21, leader=null, voted=d2424f4d-20d2-4104-abcc-02e6288f3ffc, raftlog=d2424f4d-20d2-4104-abcc-02e6288f3ffc@group-62509A8A5C15-SegmentedRaftLog:OPENED:c-1,f-1,i0, conf=-1: [3909bd6a-278d-4911-9d70-32680c972d02:192.168.157.223:33343, d2424f4d-20d2-4104-abcc-02e6288f3ffc:192.168.157.223:39352, 7c510082-4284-44ef-8cd9-bb38fb15579f:192.168.157.223:33098], old=null
2019-10-17 21:15:30,148 [d2424f4d-20d2-4104-abcc-02e6288f3ffc@group-62509A8A5C15-LeaderElection24] INFO  impl.LeaderElection (LeaderElection.java:askForVotes(178)) - d2424f4d-20d2-4104-abcc-02e6288f3ffc@group-62509A8A5C15-LeaderElection24: begin an election at term 22 for -1: [3909bd6a-278d-4911-9d70-32680c972d02:192.168.157.223:33343, d2424f4d-20d2-4104-abcc-02e6288f3ffc:192.168.157.223:39352, 7c510082-4284-44ef-8cd9-bb38fb15579f:192.168.157.223:33098], old=null
2019-10-17 21:15:30,151 [grpc-default-executor-6] INFO  impl.RaftServerImpl (RaftServerImpl.java:setRole(184)) - 7c510082-4284-44ef-8cd9-bb38fb15579f@group-62509A8A5C15: changes role from  FOLLOWER to FOLLOWER at term 22 for recognizeCandidate:d2424f4d-20d2-4104-abcc-02e6288f3ffc
2019-10-17 21:15:30,151 [grpc-default-executor-2] INFO  impl.RaftServerImpl (RaftServerImpl.java:setRole(184)) - 3909bd6a-278d-4911-9d70-32680c972d02@group-62509A8A5C15: changes role from  FOLLOWER to FOLLOWER at term 22 for recognizeCandidate:d2424f4d-20d2-4104-abcc-02e6288f3ffc
2019-10-17 21:15:30,153 [grpc-default-executor-6] INFO  impl.RoleInfo (RoleInfo.java:shutdownFollowerState(121)) - 7c510082-4284-44ef-8cd9-bb38fb15579f: shutdown FollowerState
2019-10-17 21:15:30,153 [grpc-default-executor-2] INFO  impl.RoleInfo (RoleInfo.java:shutdownFollowerState(121)) - 3909bd6a-278d-4911-9d70-32680c972d02: shutdown FollowerState
2019-10-17 21:15:30,153 [Thread-370] INFO  impl.FollowerState (FollowerState.java:run(117)) - 7c510082-4284-44ef-8cd9-bb38fb15579f@group-62509A8A5C15-FollowerState was interrupted: java.lang.InterruptedException: sleep interrupted
2019-10-17 21:15:30,153 [grpc-default-executor-6] INFO  impl.RoleInfo (RoleInfo.java:updateAndGet(143)) - 7c510082-4284-44ef-8cd9-bb38fb15579f: start FollowerState
2019-10-17 21:15:30,153 [Thread-369] INFO  impl.FollowerState (FollowerState.java:run(117)) - 3909bd6a-278d-4911-9d70-32680c972d02@group-62509A8A5C15-FollowerState was interrupted: java.lang.InterruptedException: sleep interrupted
2019-10-17 21:15:30,153 [grpc-default-executor-2] INFO  impl.RoleInfo (RoleInfo.java:updateAndGet(143)) - 3909bd6a-278d-4911-9d70-32680c972d02: start FollowerState
2019-10-17 21:15:30,170 [d2424f4d-20d2-4104-abcc-02e6288f3ffc@group-62509A8A5C15-LeaderElection24] INFO  impl.LeaderElection (LeaderElection.java:logAndReturn(56)) - d2424f4d-20d2-4104-abcc-02e6288f3ffc@group-62509A8A5C15-LeaderElection24: Election REJECTED; received 2 response(s) [d2424f4d-20d2-4104-abcc-02e6288f3ffc<-3909bd6a-278d-4911-9d70-32680c972d02#0:FAIL-t22, d2424f4d-20d2-4104-abcc-02e6288f3ffc<-7c510082-4284-44ef-8cd9-bb38fb15579f#0:FAIL-t22] and 0 exception(s); d2424f4d-20d2-4104-abcc-02e6288f3ffc@group-62509A8A5C15:t22, leader=null, voted=d2424f4d-20d2-4104-abcc-02e6288f3ffc, raftlog=d2424f4d-20d2-4104-abcc-02e6288f3ffc@group-62509A8A5C15-SegmentedRaftLog:OPENED:c-1,f-1,i0, conf=-1: [3909bd6a-278d-4911-9d70-32680c972d02:192.168.157.223:33343, d2424f4d-20d2-4104-abcc-02e6288f3ffc:192.168.157.223:39352, 7c510082-4284-44ef-8cd9-bb38fb15579f:192.168.157.223:33098], old=null
2019-10-17 21:15:30,170 [d2424f4d-20d2-4104-abcc-02e6288f3ffc@group-62509A8A5C15-LeaderElection24] INFO  impl.RaftServerImpl (RaftServerImpl.java:setRole(184)) - d2424f4d-20d2-4104-abcc-02e6288f3ffc@group-62509A8A5C15: changes role from CANDIDATE to FOLLOWER at term 22 for DISCOVERED_A_NEW_TERM
2019-10-17 21:15:30,170 [d2424f4d-20d2-4104-abcc-02e6288f3ffc@group-62509A8A5C15-LeaderElection24] INFO  impl.RoleInfo (RoleInfo.java:shutdownLeaderElection(134)) - d2424f4d-20d2-4104-abcc-02e6288f3ffc: shutdown LeaderElection
2019-10-17 21:15:30,170 [d2424f4d-20d2-4104-abcc-02e6288f3ffc@group-62509A8A5C15-LeaderElection24] INFO  impl.RoleInfo (RoleInfo.java:updateAndGet(143)) - d2424f4d-20d2-4104-abcc-02e6288f3ffc: start FollowerState
2019-10-17 21:15:30,223 [Thread-375] INFO  impl.FollowerState (FollowerState.java:run(108)) - d2424f4d-20d2-4104-abcc-02e6288f3ffc@group-62509A8A5C15-FollowerState: change to CANDIDATE, lastRpcTime:53ms, electionTimeout:53ms
2019-10-17 21:15:30,225 [Thread-375] INFO  impl.RoleInfo (RoleInfo.java:shutdownFollowerState(121)) - d2424f4d-20d2-4104-abcc-02e6288f3ffc: shutdown FollowerState
2019-10-17 21:15:30,225 [Thread-375] INFO  impl.RaftServerImpl (RaftServerImpl.java:setRole(184)) - d2424f4d-20d2-4104-abcc-02e6288f3ffc@group-62509A8A5C15: changes role from  FOLLOWER to CANDIDATE at term 22 for changeToCandidate
2019-10-17 21:15:30,226 [Thread-375] INFO  impl.RoleInfo (RoleInfo.java:updateAndGet(143)) - d2424f4d-20d2-4104-abcc-02e6288f3ffc: start LeaderElection
2019-10-17 21:15:30,239 [d2424f4d-20d2-4104-abcc-02e6288f3ffc@group-62509A8A5C15-LeaderElection25] INFO  impl.LeaderElection (LeaderElection.java:askForVotes(178)) - d2424f4d-20d2-4104-abcc-02e6288f3ffc@group-62509A8A5C15-LeaderElection25: begin an election at term 23 for -1: [3909bd6a-278d-4911-9d70-32680c972d02:192.168.157.223:33343, d2424f4d-20d2-4104-abcc-02e6288f3ffc:192.168.157.223:39352, 7c510082-4284-44ef-8cd9-bb38fb15579f:192.168.157.223:33098], old=null
2019-10-17 21:15:30,248 [grpc-default-executor-2] INFO  impl.RaftServerImpl (RaftServerImpl.java:setRole(184)) - 7c510082-4284-44ef-8cd9-bb38fb15579f@group-62509A8A5C15: changes role from  FOLLOWER to FOLLOWER at term 23 for recognizeCandidate:d2424f4d-20d2-4104-abcc-02e6288f3ffc
2019-10-17 21:15:30,248 [grpc-default-executor-6] INFO  impl.RaftServerImpl (RaftServerImpl.java:setRole(184)) - 3909bd6a-278d-4911-9d70-32680c972d02@group-62509A8A5C15: changes role from  FOLLOWER to FOLLOWER at term 23 for recognizeCandidate:d2424f4d-20d2-4104-abcc-02e6288f3ffc
2019-10-17 21:15:30,248 [grpc-default-executor-2] INFO  impl.RoleInfo (RoleInfo.java:shutdownFollowerState(121)) - 7c510082-4284-44ef-8cd9-bb38fb15579f: shutdown FollowerState
2019-10-17 21:15:30,248 [grpc-default-executor-6] INFO  impl.RoleInfo (RoleInfo.java:shutdownFollowerState(121)) - 3909bd6a-278d-4911-9d70-32680c972d02: shutdown FollowerState
2019-10-17 21:15:30,248 [Thread-373] INFO  impl.FollowerState (FollowerState.java:run(117)) - 7c510082-4284-44ef-8cd9-bb38fb15579f@group-62509A8A5C15-FollowerState was interrupted: java.lang.InterruptedException: sleep interrupted
2019-10-17 21:15:30,248 [grpc-default-executor-2] INFO  impl.RoleInfo (RoleInfo.java:updateAndGet(143)) - 7c510082-4284-44ef-8cd9-bb38fb15579f: start FollowerState
2019-10-17 21:15:30,249 [grpc-default-executor-6] INFO  impl.RoleInfo (RoleInfo.java:updateAndGet(143)) - 3909bd6a-278d-4911-9d70-32680c972d02: start FollowerState
2019-10-17 21:15:30,249 [Thread-374] INFO  impl.FollowerState (FollowerState.java:run(117)) - 3909bd6a-278d-4911-9d70-32680c972d02@group-62509A8A5C15-FollowerState was interrupted: java.lang.InterruptedException: sleep interrupted
2019-10-17 21:15:30,265 [d2424f4d-20d2-4104-abcc-02e6288f3ffc@group-62509A8A5C15-LeaderElection25] INFO  impl.LeaderElection (LeaderElection.java:logAndReturn(56)) - d2424f4d-20d2-4104-abcc-02e6288f3ffc@group-62509A8A5C15-LeaderElection25: Election REJECTED; received 2 response(s) [d2424f4d-20d2-4104-abcc-02e6288f3ffc<-3909bd6a-278d-4911-9d70-32680c972d02#0:FAIL-t23, d2424f4d-20d2-4104-abcc-02e6288f3ffc<-7c510082-4284-44ef-8cd9-bb38fb15579f#0:FAIL-t23] and 0 exception(s); d2424f4d-20d2-4104-abcc-02e6288f3ffc@group-62509A8A5C15:t23, leader=null, voted=d2424f4d-20d2-4104-abcc-02e6288f3ffc, raftlog=d2424f4d-20d2-4104-abcc-02e6288f3ffc@group-62509A8A5C15-SegmentedRaftLog:OPENED:c-1,f-1,i0, conf=-1: [3909bd6a-278d-4911-9d70-32680c972d02:192.168.157.223:33343, d2424f4d-20d2-4104-abcc-02e6288f3ffc:192.168.157.223:39352, 7c510082-4284-44ef-8cd9-bb38fb15579f:192.168.157.223:33098], old=null
2019-10-17 21:15:30,265 [d2424f4d-20d2-4104-abcc-02e6288f3ffc@group-62509A8A5C15-LeaderElection25] INFO  impl.RaftServerImpl (RaftServerImpl.java:setRole(184)) - d2424f4d-20d2-4104-abcc-02e6288f3ffc@group-62509A8A5C15: changes role from CANDIDATE to FOLLOWER at term 23 for DISCOVERED_A_NEW_TERM
2019-10-17 21:15:30,265 [d2424f4d-20d2-4104-abcc-02e6288f3ffc@group-62509A8A5C15-LeaderElection25] INFO  impl.RoleInfo (RoleInfo.java:shutdownLeaderElection(134)) - d2424f4d-20d2-4104-abcc-02e6288f3ffc: shutdown LeaderElection
2019-10-17 21:15:30,265 [d2424f4d-20d2-4104-abcc-02e6288f3ffc@group-62509A8A5C15-LeaderElection25] INFO  impl.RoleInfo (RoleInfo.java:updateAndGet(143)) - d2424f4d-20d2-4104-abcc-02e6288f3ffc: start FollowerState
2019-10-17 21:15:30,270 [Thread-381] INFO  impl.FollowerState (FollowerState.java:run(108)) - d2424f4d-20d2-4104-abcc-02e6288f3ffc@group-62509A8A5C15-FollowerState: change to CANDIDATE, lastRpcTime:4ms, electionTimeout:4ms
2019-10-17 21:15:30,271 [Thread-381] INFO  impl.RoleInfo (RoleInfo.java:shutdownFollowerState(121)) - d2424f4d-20d2-4104-abcc-02e6288f3ffc: shutdown FollowerState
2019-10-17 21:15:30,271 [Thread-381] INFO  impl.RaftServerImpl (RaftServerImpl.java:setRole(184)) - d2424f4d-20d2-4104-abcc-02e6288f3ffc@group-62509A8A5C15: changes role from  FOLLOWER to CANDIDATE at term 23 for changeToCandidate
2019-10-17 21:15:30,272 [Thread-381] INFO  impl.RoleInfo (RoleInfo.java:updateAndGet(143)) - d2424f4d-20d2-4104-abcc-02e6288f3ffc: start LeaderElection
2019-10-17 21:15:30,297 [d2424f4d-20d2-4104-abcc-02e6288f3ffc@group-62509A8A5C15-LeaderElection26] INFO  impl.LeaderElection (LeaderElection.java:askForVotes(178)) - d2424f4d-20d2-4104-abcc-02e6288f3ffc@group-62509A8A5C15-LeaderElection26: begin an election at term 24 for -1: [3909bd6a-278d-4911-9d70-32680c972d02:192.168.157.223:33343, d2424f4d-20d2-4104-abcc-02e6288f3ffc:192.168.157.223:39352, 7c510082-4284-44ef-8cd9-bb38fb15579f:192.168.157.223:33098], old=null
2019-10-17 21:15:30,301 [grpc-default-executor-2] INFO  impl.RaftServerImpl (RaftServerImpl.java:setRole(184)) - 3909bd6a-278d-4911-9d70-32680c972d02@group-62509A8A5C15: changes role from  FOLLOWER to FOLLOWER at term 24 for recognizeCandidate:d2424f4d-20d2-4104-abcc-02e6288f3ffc
2019-10-17 21:15:30,301 [grpc-default-executor-2] INFO  impl.RoleInfo (RoleInfo.java:shutdownFollowerState(121)) - 3909bd6a-278d-4911-9d70-32680c972d02: shutdown FollowerState
2019-10-17 21:15:30,301 [grpc-default-executor-6] INFO  impl.RaftServerImpl (RaftServerImpl.java:setRole(184)) - 7c510082-4284-44ef-8cd9-bb38fb15579f@group-62509A8A5C15: changes role from  FOLLOWER to FOLLOWER at term 24 for recognizeCandidate:d2424f4d-20d2-4104-abcc-02e6288f3ffc
2019-10-17 21:15:30,301 [Thread-380] INFO  impl.FollowerState (FollowerState.java:run(117)) - 3909bd6a-278d-4911-9d70-32680c972d02@group-62509A8A5C15-FollowerState was interrupted: java.lang.InterruptedException: sleep interrupted
2019-10-17 21:15:30,301 [grpc-default-executor-2] INFO  impl.RoleInfo (RoleInfo.java:updateAndGet(143)) - 3909bd6a-278d-4911-9d70-32680c972d02: start FollowerState
2019-10-17 21:15:30,302 [grpc-default-executor-6] INFO  impl.RoleInfo (RoleInfo.java:shutdownFollowerState(121)) - 7c510082-4284-44ef-8cd9-bb38fb15579f: shutdown FollowerState
2019-10-17 21:15:30,302 [Thread-379] INFO  impl.FollowerState (FollowerState.java:run(117)) - 7c510082-4284-44ef-8cd9-bb38fb15579f@group-62509A8A5C15-FollowerState was interrupted: java.lang.InterruptedException: sleep interrupted
2019-10-17 21:15:30,302 [grpc-default-executor-6] INFO  impl.RoleInfo (RoleInfo.java:updateAndGet(143)) - 7c510082-4284-44ef-8cd9-bb38fb15579f: start FollowerState
2019-10-17 21:15:30,326 [d2424f4d-20d2-4104-abcc-02e6288f3ffc@group-62509A8A5C15-LeaderElection26] INFO  impl.LeaderElection (LeaderElection.java:logAndReturn(56)) - d2424f4d-20d2-4104-abcc-02e6288f3ffc@group-62509A8A5C15-LeaderElection26: Election REJECTED; received 2 response(s) [d2424f4d-20d2-4104-abcc-02e6288f3ffc<-3909bd6a-278d-4911-9d70-32680c972d02#0:FAIL-t24, d2424f4d-20d2-4104-abcc-02e6288f3ffc<-7c510082-4284-44ef-8cd9-bb38fb15579f#0:FAIL-t24] and 0 exception(s); d2424f4d-20d2-4104-abcc-02e6288f3ffc@group-62509A8A5C15:t24, leader=null, voted=d2424f4d-20d2-4104-abcc-02e6288f3ffc, raftlog=d2424f4d-20d2-4104-abcc-02e6288f3ffc@group-62509A8A5C15-SegmentedRaftLog:OPENED:c-1,f-1,i0, conf=-1: [3909bd6a-278d-4911-9d70-32680c972d02:192.168.157.223:33343, d2424f4d-20d2-4104-abcc-02e6288f3ffc:192.168.157.223:39352, 7c510082-4284-44ef-8cd9-bb38fb15579f:192.168.157.223:33098], old=null
2019-10-17 21:15:30,326 [d2424f4d-20d2-4104-abcc-02e6288f3ffc@group-62509A8A5C15-LeaderElection26] INFO  impl.RaftServerImpl (RaftServerImpl.java:setRole(184)) - d2424f4d-20d2-4104-abcc-02e6288f3ffc@group-62509A8A5C15: changes role from CANDIDATE to FOLLOWER at term 24 for DISCOVERED_A_NEW_TERM
2019-10-17 21:15:30,326 [d2424f4d-20d2-4104-abcc-02e6288f3ffc@group-62509A8A5C15-LeaderElection26] INFO  impl.RoleInfo (RoleInfo.java:shutdownLeaderElection(134)) - d2424f4d-20d2-4104-abcc-02e6288f3ffc: shutdown LeaderElection
2019-10-17 21:15:30,326 [d2424f4d-20d2-4104-abcc-02e6288f3ffc@group-62509A8A5C15-LeaderElection26] INFO  impl.RoleInfo (RoleInfo.java:updateAndGet(143)) - d2424f4d-20d2-4104-abcc-02e6288f3ffc: start FollowerState
2019-10-17 21:15:30,398 [Thread-387] INFO  impl.FollowerState (FollowerState.java:run(108)) - d2424f4d-20d2-4104-abcc-02e6288f3ffc@group-62509A8A5C15-FollowerState: change to CANDIDATE, lastRpcTime:71ms, electionTimeout:71ms
2019-10-17 21:15:30,400 [Thread-387] INFO  impl.RoleInfo (RoleInfo.java:shutdownFollowerState(121)) - d2424f4d-20d2-4104-abcc-02e6288f3ffc: shutdown FollowerState
2019-10-17 21:15:30,400 [Thread-387] INFO  impl.RaftServerImpl (RaftServerImpl.java:setRole(184)) - d2424f4d-20d2-4104-abcc-02e6288f3ffc@group-62509A8A5C15: changes role from  FOLLOWER to CANDIDATE at term 24 for changeToCandidate
2019-10-17 21:15:30,400 [Thread-387] INFO  impl.RoleInfo (RoleInfo.java:updateAndGet(143)) - d2424f4d-20d2-4104-abcc-02e6288f3ffc: start LeaderElection
2019-10-17 21:15:30,414 [d2424f4d-20d2-4104-abcc-02e6288f3ffc@group-62509A8A5C15-LeaderElection27] INFO  impl.LeaderElection (LeaderElection.java:askForVotes(178)) - d2424f4d-20d2-4104-abcc-02e6288f3ffc@group-62509A8A5C15-LeaderElection27: begin an election at term 25 for -1: [3909bd6a-278d-4911-9d70-32680c972d02:192.168.157.223:33343, d2424f4d-20d2-4104-abcc-02e6288f3ffc:192.168.157.223:39352, 7c510082-4284-44ef-8cd9-bb38fb15579f:192.168.157.223:33098], old=null
2019-10-17 21:15:30,418 [grpc-default-executor-6] INFO  impl.RaftServerImpl (RaftServerImpl.java:setRole(184)) - 7c510082-4284-44ef-8cd9-bb38fb15579f@group-62509A8A5C15: changes role from  FOLLOWER to FOLLOWER at term 25 for recognizeCandidate:d2424f4d-20d2-4104-abcc-02e6288f3ffc
2019-10-17 21:15:30,419 [grpc-default-executor-6] INFO  impl.RoleInfo (RoleInfo.java:shutdownFollowerState(121)) - 7c510082-4284-44ef-8cd9-bb38fb15579f: shutdown FollowerState
2019-10-17 21:15:30,419 [grpc-default-executor-2] INFO  impl.RaftServerImpl (RaftServerImpl.java:setRole(184)) - 3909bd6a-278d-4911-9d70-32680c972d02@group-62509A8A5C15: changes role from  FOLLOWER to FOLLOWER at term 25 for recognizeCandidate:d2424f4d-20d2-4104-abcc-02e6288f3ffc
2019-10-17 21:15:30,419 [grpc-default-executor-2] INFO  impl.RoleInfo (RoleInfo.java:shutdownFollowerState(121)) - 3909bd6a-278d-4911-9d70-32680c972d02: shutdown FollowerState
2019-10-17 21:15:30,419 [grpc-default-executor-6] INFO  impl.RoleInfo (RoleInfo.java:updateAndGet(143)) - 7c510082-4284-44ef-8cd9-bb38fb15579f: start FollowerState
2019-10-17 21:15:30,419 [Thread-386] INFO  impl.FollowerState (FollowerState.java:run(117)) - 7c510082-4284-44ef-8cd9-bb38fb15579f@group-62509A8A5C15-FollowerState was interrupted: java.lang.InterruptedException: sleep interrupted
2019-10-17 21:15:30,419 [grpc-default-executor-2] INFO  impl.RoleInfo (RoleInfo.java:updateAndGet(143)) - 3909bd6a-278d-4911-9d70-32680c972d02: start FollowerState
2019-10-17 21:15:30,419 [Thread-385] INFO  impl.FollowerState (FollowerState.java:run(117)) - 3909bd6a-278d-4911-9d70-32680c972d02@group-62509A8A5C15-FollowerState was interrupted: java.lang.InterruptedException: sleep interrupted
2019-10-17 21:15:30,448 [d2424f4d-20d2-4104-abcc-02e6288f3ffc@group-62509A8A5C15-LeaderElection27] INFO  impl.LeaderElection (LeaderElection.java:logAndReturn(56)) - d2424f4d-20d2-4104-abcc-02e6288f3ffc@group-62509A8A5C15-LeaderElection27: Election REJECTED; received 2 response(s) [d2424f4d-20d2-4104-abcc-02e6288f3ffc<-3909bd6a-278d-4911-9d70-32680c972d02#0:FAIL-t25, d2424f4d-20d2-4104-abcc-02e6288f3ffc<-7c510082-4284-44ef-8cd9-bb38fb15579f#0:FAIL-t25] and 0 exception(s); d2424f4d-20d2-4104-abcc-02e6288f3ffc@group-62509A8A5C15:t25, leader=null, voted=d2424f4d-20d2-4104-abcc-02e6288f3ffc, raftlog=d2424f4d-20d2-4104-abcc-02e6288f3ffc@group-62509A8A5C15-SegmentedRaftLog:OPENED:c-1,f-1,i0, conf=-1: [3909bd6a-278d-4911-9d70-32680c972d02:192.168.157.223:33343, d2424f4d-20d2-4104-abcc-02e6288f3ffc:192.168.157.223:39352, 7c510082-4284-44ef-8cd9-bb38fb15579f:192.168.157.223:33098], old=null
2019-10-17 21:15:30,451 [d2424f4d-20d2-4104-abcc-02e6288f3ffc@group-62509A8A5C15-LeaderElection27] INFO  impl.RaftServerImpl (RaftServerImpl.java:setRole(184)) - d2424f4d-20d2-4104-abcc-02e6288f3ffc@group-62509A8A5C15: changes role from CANDIDATE to FOLLOWER at term 25 for DISCOVERED_A_NEW_TERM
2019-10-17 21:15:30,451 [d2424f4d-20d2-4104-abcc-02e6288f3ffc@group-62509A8A5C15-LeaderElection27] INFO  impl.RoleInfo (RoleInfo.java:shutdownLeaderElection(134)) - d2424f4d-20d2-4104-abcc-02e6288f3ffc: shutdown LeaderElection
2019-10-17 21:15:30,451 [d2424f4d-20d2-4104-abcc-02e6288f3ffc@group-62509A8A5C15-LeaderElection27] INFO  impl.RoleInfo (RoleInfo.java:updateAndGet(143)) - d2424f4d-20d2-4104-abcc-02e6288f3ffc: start FollowerState
2019-10-17 21:15:30,581 [Thread-395] INFO  impl.FollowerState (FollowerState.java:run(108)) - d2424f4d-20d2-4104-abcc-02e6288f3ffc@group-62509A8A5C15-FollowerState: change to CANDIDATE, lastRpcTime:129ms, electionTimeout:128ms
2019-10-17 21:15:30,583 [Thread-395] INFO  impl.RoleInfo (RoleInfo.java:shutdownFollowerState(121)) - d2424f4d-20d2-4104-abcc-02e6288f3ffc: shutdown FollowerState
2019-10-17 21:15:30,583 [Thread-395] INFO  impl.RaftServerImpl (RaftServerImpl.java:setRole(184)) - d2424f4d-20d2-4104-abcc-02e6288f3ffc@group-62509A8A5C15: changes role from  FOLLOWER to CANDIDATE at term 25 for changeToCandidate
2019-10-17 21:15:30,583 [Thread-395] INFO  impl.RoleInfo (RoleInfo.java:updateAndGet(143)) - d2424f4d-20d2-4104-abcc-02e6288f3ffc: start LeaderElection
2019-10-17 21:15:30,609 [d2424f4d-20d2-4104-abcc-02e6288f3ffc@group-62509A8A5C15-LeaderElection28] INFO  impl.LeaderElection (LeaderElection.java:askForVotes(178)) - d2424f4d-20d2-4104-abcc-02e6288f3ffc@group-62509A8A5C15-LeaderElection28: begin an election at term 26 for -1: [3909bd6a-278d-4911-9d70-32680c972d02:192.168.157.223:33343, d2424f4d-20d2-4104-abcc-02e6288f3ffc:192.168.157.223:39352, 7c510082-4284-44ef-8cd9-bb38fb15579f:192.168.157.223:33098], old=null
2019-10-17 21:15:30,613 [grpc-default-executor-6] INFO  impl.RaftServerImpl (RaftServerImpl.java:setRole(184)) - 7c510082-4284-44ef-8cd9-bb38fb15579f@group-62509A8A5C15: changes role from  FOLLOWER to FOLLOWER at term 26 for recognizeCandidate:d2424f4d-20d2-4104-abcc-02e6288f3ffc
2019-10-17 21:15:30,613 [grpc-default-executor-6] INFO  impl.RoleInfo (RoleInfo.java:shutdownFollowerState(121)) - 7c510082-4284-44ef-8cd9-bb38fb15579f: shutdown FollowerState
2019-10-17 21:15:30,613 [Thread-391] INFO  impl.FollowerState (FollowerState.java:run(117)) - 7c510082-4284-44ef-8cd9-bb38fb15579f@group-62509A8A5C15-FollowerState was interrupted: java.lang.InterruptedException: sleep interrupted
2019-10-17 21:15:30,613 [grpc-default-executor-6] INFO  impl.RoleInfo (RoleInfo.java:updateAndGet(143)) - 7c510082-4284-44ef-8cd9-bb38fb15579f: start FollowerState
2019-10-17 21:15:30,613 [grpc-default-executor-2] INFO  impl.RaftServerImpl (RaftServerImpl.java:setRole(184)) - 3909bd6a-278d-4911-9d70-32680c972d02@group-62509A8A5C15: changes role from  FOLLOWER to FOLLOWER at term 26 for recognizeCandidate:d2424f4d-20d2-4104-abcc-02e6288f3ffc
2019-10-17 21:15:30,614 [grpc-default-executor-2] INFO  impl.RoleInfo (RoleInfo.java:shutdownFollowerState(121)) - 3909bd6a-278d-4911-9d70-32680c972d02: shutdown FollowerState
2019-10-17 21:15:30,614 [Thread-392] INFO  impl.FollowerState (FollowerState.java:run(117)) - 3909bd6a-278d-4911-9d70-32680c972d02@group-62509A8A5C15-FollowerState was interrupted: java.lang.InterruptedException: sleep interrupted
2019-10-17 21:15:30,614 [grpc-default-executor-2] INFO  impl.RoleInfo (RoleInfo.java:updateAndGet(143)) - 3909bd6a-278d-4911-9d70-32680c972d02: start FollowerState
2019-10-17 21:15:30,641 [d2424f4d-20d2-4104-abcc-02e6288f3ffc@group-62509A8A5C15-LeaderElection28] INFO  impl.LeaderElection (LeaderElection.java:logAndReturn(56)) - d2424f4d-20d2-4104-abcc-02e6288f3ffc@group-62509A8A5C15-LeaderElection28: Election REJECTED; received 2 response(s) [d2424f4d-20d2-4104-abcc-02e6288f3ffc<-3909bd6a-278d-4911-9d70-32680c972d02#0:FAIL-t26, d2424f4d-20d2-4104-abcc-02e6288f3ffc<-7c510082-4284-44ef-8cd9-bb38fb15579f#0:FAIL-t26] and 0 exception(s); d2424f4d-20d2-4104-abcc-02e6288f3ffc@group-62509A8A5C15:t26, leader=null, voted=d2424f4d-20d2-4104-abcc-02e6288f3ffc, raftlog=d2424f4d-20d2-4104-abcc-02e6288f3ffc@group-62509A8A5C15-SegmentedRaftLog:OPENED:c-1,f-1,i0, conf=-1: [3909bd6a-278d-4911-9d70-32680c972d02:192.168.157.223:33343, d2424f4d-20d2-4104-abcc-02e6288f3ffc:192.168.157.223:39352, 7c510082-4284-44ef-8cd9-bb38fb15579f:192.168.157.223:33098], old=null
2019-10-17 21:15:30,641 [d2424f4d-20d2-4104-abcc-02e6288f3ffc@group-62509A8A5C15-LeaderElection28] INFO  impl.RaftServerImpl (RaftServerImpl.java:setRole(184)) - d2424f4d-20d2-4104-abcc-02e6288f3ffc@group-62509A8A5C15: changes role from CANDIDATE to FOLLOWER at term 26 for DISCOVERED_A_NEW_TERM
2019-10-17 21:15:30,641 [d2424f4d-20d2-4104-abcc-02e6288f3ffc@group-62509A8A5C15-LeaderElection28] INFO  impl.RoleInfo (RoleInfo.java:shutdownLeaderElection(134)) - d2424f4d-20d2-4104-abcc-02e6288f3ffc: shutdown LeaderElection
2019-10-17 21:15:30,641 [d2424f4d-20d2-4104-abcc-02e6288f3ffc@group-62509A8A5C15-LeaderElection28] INFO  impl.RoleInfo (RoleInfo.java:updateAndGet(143)) - d2424f4d-20d2-4104-abcc-02e6288f3ffc: start FollowerState
2019-10-17 21:15:30,813 [Thread-401] INFO  impl.FollowerState (FollowerState.java:run(108)) - d2424f4d-20d2-4104-abcc-02e6288f3ffc@group-62509A8A5C15-FollowerState: change to CANDIDATE, lastRpcTime:171ms, electionTimeout:171ms
2019-10-17 21:15:30,814 [Thread-401] INFO  impl.RoleInfo (RoleInfo.java:shutdownFollowerState(121)) - d2424f4d-20d2-4104-abcc-02e6288f3ffc: shutdown FollowerState
2019-10-17 21:15:30,814 [Thread-401] INFO  impl.RaftServerImpl (RaftServerImpl.java:setRole(184)) - d2424f4d-20d2-4104-abcc-02e6288f3ffc@group-62509A8A5C15: changes role from  FOLLOWER to CANDIDATE at term 26 for changeToCandidate
2019-10-17 21:15:30,814 [Thread-401] INFO  impl.RoleInfo (RoleInfo.java:updateAndGet(143)) - d2424f4d-20d2-4104-abcc-02e6288f3ffc: start LeaderElection
2019-10-17 21:15:30,838 [d2424f4d-20d2-4104-abcc-02e6288f3ffc@group-62509A8A5C15-LeaderElection29] INFO  impl.LeaderElection (LeaderElection.java:askForVotes(178)) - d2424f4d-20d2-4104-abcc-02e6288f3ffc@group-62509A8A5C15-LeaderElection29: begin an election at term 27 for -1: [3909bd6a-278d-4911-9d70-32680c972d02:192.168.157.223:33343, d2424f4d-20d2-4104-abcc-02e6288f3ffc:192.168.157.223:39352, 7c510082-4284-44ef-8cd9-bb38fb15579f:192.168.157.223:33098], old=null
2019-10-17 21:15:30,842 [grpc-default-executor-6] INFO  impl.RaftServerImpl (RaftServerImpl.java:setRole(184)) - 7c510082-4284-44ef-8cd9-bb38fb15579f@group-62509A8A5C15: changes role from  FOLLOWER to FOLLOWER at term 27 for recognizeCandidate:d2424f4d-20d2-4104-abcc-02e6288f3ffc
2019-10-17 21:15:30,842 [grpc-default-executor-2] INFO  impl.RaftServerImpl (RaftServerImpl.java:setRole(184)) - 3909bd6a-278d-4911-9d70-32680c972d02@group-62509A8A5C15: changes role from  FOLLOWER to FOLLOWER at term 27 for recognizeCandidate:d2424f4d-20d2-4104-abcc-02e6288f3ffc
2019-10-17 21:15:30,842 [grpc-default-executor-6] INFO  impl.RoleInfo (RoleInfo.java:shutdownFollowerState(121)) - 7c510082-4284-44ef-8cd9-bb38fb15579f: shutdown FollowerState
2019-10-17 21:15:30,842 [grpc-default-executor-2] INFO  impl.RoleInfo (RoleInfo.java:shutdownFollowerState(121)) - 3909bd6a-278d-4911-9d70-32680c972d02: shutdown FollowerState
2019-10-17 21:15:30,843 [grpc-default-executor-6] INFO  impl.RoleInfo (RoleInfo.java:updateAndGet(143)) - 7c510082-4284-44ef-8cd9-bb38fb15579f: start FollowerState
2019-10-17 21:15:30,843 [Thread-399] INFO  impl.FollowerState (FollowerState.java:run(117)) - 7c510082-4284-44ef-8cd9-bb38fb15579f@group-62509A8A5C15-FollowerState was interrupted: java.lang.InterruptedException: sleep interrupted
2019-10-17 21:15:30,843 [Thread-400] INFO  impl.FollowerState (FollowerState.java:run(117)) - 3909bd6a-278d-4911-9d70-32680c972d02@group-62509A8A5C15-FollowerState was interrupted: java.lang.InterruptedException: sleep interrupted
2019-10-17 21:15:30,843 [grpc-default-executor-2] INFO  impl.RoleInfo (RoleInfo.java:updateAndGet(143)) - 3909bd6a-278d-4911-9d70-32680c972d02: start FollowerState
2019-10-17 21:15:30,867 [d2424f4d-20d2-4104-abcc-02e6288f3ffc@group-62509A8A5C15-LeaderElection29] INFO  impl.LeaderElection (LeaderElection.java:logAndReturn(56)) - d2424f4d-20d2-4104-abcc-02e6288f3ffc@group-62509A8A5C15-LeaderElection29: Election REJECTED; received 2 response(s) [d2424f4d-20d2-4104-abcc-02e6288f3ffc<-3909bd6a-278d-4911-9d70-32680c972d02#0:FAIL-t27, d2424f4d-20d2-4104-abcc-02e6288f3ffc<-7c510082-4284-44ef-8cd9-bb38fb15579f#0:FAIL-t27] and 0 exception(s); d2424f4d-20d2-4104-abcc-02e6288f3ffc@group-62509A8A5C15:t27, leader=null, voted=d2424f4d-20d2-4104-abcc-02e6288f3ffc, raftlog=d2424f4d-20d2-4104-abcc-02e6288f3ffc@group-62509A8A5C15-SegmentedRaftLog:OPENED:c-1,f-1,i0, conf=-1: [3909bd6a-278d-4911-9d70-32680c972d02:192.168.157.223:33343, d2424f4d-20d2-4104-abcc-02e6288f3ffc:192.168.157.223:39352, 7c510082-4284-44ef-8cd9-bb38fb15579f:192.168.157.223:33098], old=null
2019-10-17 21:15:30,867 [d2424f4d-20d2-4104-abcc-02e6288f3ffc@group-62509A8A5C15-LeaderElection29] INFO  impl.RaftServerImpl (RaftServerImpl.java:setRole(184)) - d2424f4d-20d2-4104-abcc-02e6288f3ffc@group-62509A8A5C15: changes role from CANDIDATE to FOLLOWER at term 27 for DISCOVERED_A_NEW_TERM
2019-10-17 21:15:30,867 [d2424f4d-20d2-4104-abcc-02e6288f3ffc@group-62509A8A5C15-LeaderElection29] INFO  impl.RoleInfo (RoleInfo.java:shutdownLeaderElection(134)) - d2424f4d-20d2-4104-abcc-02e6288f3ffc: shutdown LeaderElection
2019-10-17 21:15:30,867 [d2424f4d-20d2-4104-abcc-02e6288f3ffc@group-62509A8A5C15-LeaderElection29] INFO  impl.RoleInfo (RoleInfo.java:updateAndGet(143)) - d2424f4d-20d2-4104-abcc-02e6288f3ffc: start FollowerState
2019-10-17 21:15:30,886 [Thread-407] INFO  impl.FollowerState (FollowerState.java:run(108)) - d2424f4d-20d2-4104-abcc-02e6288f3ffc@group-62509A8A5C15-FollowerState: change to CANDIDATE, lastRpcTime:18ms, electionTimeout:18ms
2019-10-17 21:15:30,887 [Thread-407] INFO  impl.RoleInfo (RoleInfo.java:shutdownFollowerState(121)) - d2424f4d-20d2-4104-abcc-02e6288f3ffc: shutdown FollowerState
2019-10-17 21:15:30,887 [Thread-407] INFO  impl.RaftServerImpl (RaftServerImpl.java:setRole(184)) - d2424f4d-20d2-4104-abcc-02e6288f3ffc@group-62509A8A5C15: changes role from  FOLLOWER to CANDIDATE at term 27 for changeToCandidate
2019-10-17 21:15:30,887 [Thread-407] INFO  impl.RoleInfo (RoleInfo.java:updateAndGet(143)) - d2424f4d-20d2-4104-abcc-02e6288f3ffc: start LeaderElection
2019-10-17 21:15:30,913 [d2424f4d-20d2-4104-abcc-02e6288f3ffc@group-62509A8A5C15-LeaderElection30] INFO  impl.LeaderElection (LeaderElection.java:askForVotes(178)) - d2424f4d-20d2-4104-abcc-02e6288f3ffc@group-62509A8A5C15-LeaderElection30: begin an election at term 28 for -1: [3909bd6a-278d-4911-9d70-32680c972d02:192.168.157.223:33343, d2424f4d-20d2-4104-abcc-02e6288f3ffc:192.168.157.223:39352, 7c510082-4284-44ef-8cd9-bb38fb15579f:192.168.157.223:33098], old=null
2019-10-17 21:15:30,915 [grpc-default-executor-2] INFO  impl.RaftServerImpl (RaftServerImpl.java:setRole(184)) - 3909bd6a-278d-4911-9d70-32680c972d02@group-62509A8A5C15: changes role from  FOLLOWER to FOLLOWER at term 28 for recognizeCandidate:d2424f4d-20d2-4104-abcc-02e6288f3ffc
2019-10-17 21:15:30,916 [grpc-default-executor-6] INFO  impl.RaftServerImpl (RaftServerImpl.java:setRole(184)) - 7c510082-4284-44ef-8cd9-bb38fb15579f@group-62509A8A5C15: changes role from  FOLLOWER to FOLLOWER at term 28 for recognizeCandidate:d2424f4d-20d2-4104-abcc-02e6288f3ffc
2019-10-17 21:15:30,916 [grpc-default-executor-2] INFO  impl.RoleInfo (RoleInfo.java:shutdownFollowerState(121)) - 3909bd6a-278d-4911-9d70-32680c972d02: shutdown FollowerState
2019-10-17 21:15:30,916 [grpc-default-executor-6] INFO  impl.RoleInfo (RoleInfo.java:shutdownFollowerState(121)) - 7c510082-4284-44ef-8cd9-bb38fb15579f: shutdown FollowerState
2019-10-17 21:15:30,916 [grpc-default-executor-2] INFO  impl.RoleInfo (RoleInfo.java:updateAndGet(143)) - 3909bd6a-278d-4911-9d70-32680c972d02: start FollowerState
2019-10-17 21:15:30,916 [Thread-406] INFO  impl.FollowerState (FollowerState.java:run(117)) - 3909bd6a-278d-4911-9d70-32680c972d02@group-62509A8A5C15-FollowerState was interrupted: java.lang.InterruptedException: sleep interrupted
2019-10-17 21:15:30,916 [grpc-default-executor-6] INFO  impl.RoleInfo (RoleInfo.java:updateAndGet(143)) - 7c510082-4284-44ef-8cd9-bb38fb15579f: start FollowerState
2019-10-17 21:15:30,916 [Thread-405] INFO  impl.FollowerState (FollowerState.java:run(117)) - 7c510082-4284-44ef-8cd9-bb38fb15579f@group-62509A8A5C15-FollowerState was interrupted: java.lang.InterruptedException: sleep interrupted
2019-10-17 21:15:30,943 [d2424f4d-20d2-4104-abcc-02e6288f3ffc@group-62509A8A5C15-LeaderElection30] INFO  impl.LeaderElection (LeaderElection.java:logAndReturn(56)) - d2424f4d-20d2-4104-abcc-02e6288f3ffc@group-62509A8A5C15-LeaderElection30: Election REJECTED; received 2 response(s) [d2424f4d-20d2-4104-abcc-02e6288f3ffc<-3909bd6a-278d-4911-9d70-32680c972d02#0:FAIL-t28, d2424f4d-20d2-4104-abcc-02e6288f3ffc<-7c510082-4284-44ef-8cd9-bb38fb15579f#0:FAIL-t28] and 0 exception(s); d2424f4d-20d2-4104-abcc-02e6288f3ffc@group-62509A8A5C15:t28, leader=null, voted=d2424f4d-20d2-4104-abcc-02e6288f3ffc, raftlog=d2424f4d-20d2-4104-abcc-02e6288f3ffc@group-62509A8A5C15-SegmentedRaftLog:OPENED:c-1,f-1,i0, conf=-1: [3909bd6a-278d-4911-9d70-32680c972d02:192.168.157.223:33343, d2424f4d-20d2-4104-abcc-02e6288f3ffc:192.168.157.223:39352, 7c510082-4284-44ef-8cd9-bb38fb15579f:192.168.157.223:33098], old=null
2019-10-17 21:15:30,943 [d2424f4d-20d2-4104-abcc-02e6288f3ffc@group-62509A8A5C15-LeaderElection30] INFO  impl.RaftServerImpl (RaftServerImpl.java:setRole(184)) - d2424f4d-20d2-4104-abcc-02e6288f3ffc@group-62509A8A5C15: changes role from CANDIDATE to FOLLOWER at term 28 for DISCOVERED_A_NEW_TERM
2019-10-17 21:15:30,944 [d2424f4d-20d2-4104-abcc-02e6288f3ffc@group-62509A8A5C15-LeaderElection30] INFO  impl.RoleInfo (RoleInfo.java:shutdownLeaderElection(134)) - d2424f4d-20d2-4104-abcc-02e6288f3ffc: shutdown LeaderElection
2019-10-17 21:15:30,944 [d2424f4d-20d2-4104-abcc-02e6288f3ffc@group-62509A8A5C15-LeaderElection30] INFO  impl.RoleInfo (RoleInfo.java:updateAndGet(143)) - d2424f4d-20d2-4104-abcc-02e6288f3ffc: start FollowerState
2019-10-17 21:15:30,963 [Thread-413] INFO  impl.FollowerState (FollowerState.java:run(108)) - d2424f4d-20d2-4104-abcc-02e6288f3ffc@group-62509A8A5C15-FollowerState: change to CANDIDATE, lastRpcTime:19ms, electionTimeout:19ms
2019-10-17 21:15:30,964 [Thread-413] INFO  impl.RoleInfo (RoleInfo.java:shutdownFollowerState(121)) - d2424f4d-20d2-4104-abcc-02e6288f3ffc: shutdown FollowerState
2019-10-17 21:15:30,965 [Thread-413] INFO  impl.RaftServerImpl (RaftServerImpl.java:setRole(184)) - d2424f4d-20d2-4104-abcc-02e6288f3ffc@group-62509A8A5C15: changes role from  FOLLOWER to CANDIDATE at term 28 for changeToCandidate
2019-10-17 21:15:30,965 [Thread-413] INFO  impl.RoleInfo (RoleInfo.java:updateAndGet(143)) - d2424f4d-20d2-4104-abcc-02e6288f3ffc: start LeaderElection
2019-10-17 21:15:30,979 [d2424f4d-20d2-4104-abcc-02e6288f3ffc@group-62509A8A5C15-LeaderElection31] INFO  impl.LeaderElection (LeaderElection.java:askForVotes(178)) - d2424f4d-20d2-4104-abcc-02e6288f3ffc@group-62509A8A5C15-LeaderElection31: begin an election at term 29 for -1: [3909bd6a-278d-4911-9d70-32680c972d02:192.168.157.223:33343, d2424f4d-20d2-4104-abcc-02e6288f3ffc:192.168.157.223:39352, 7c510082-4284-44ef-8cd9-bb38fb15579f:192.168.157.223:33098], old=null
2019-10-17 21:15:30,982 [grpc-default-executor-2] INFO  impl.RaftServerImpl (RaftServerImpl.java:setRole(184)) - 3909bd6a-278d-4911-9d70-32680c972d02@group-62509A8A5C15: changes role from  FOLLOWER to FOLLOWER at term 29 for recognizeCandidate:d2424f4d-20d2-4104-abcc-02e6288f3ffc
2019-10-17 21:15:30,982 [grpc-default-executor-2] INFO  impl.RoleInfo (RoleInfo.java:shutdownFollowerState(121)) - 3909bd6a-278d-4911-9d70-32680c972d02: shutdown FollowerState
2019-10-17 21:15:30,983 [grpc-default-executor-6] INFO  impl.RaftServerImpl (RaftServerImpl.java:setRole(184)) - 7c510082-4284-44ef-8cd9-bb38fb15579f@group-62509A8A5C15: changes role from  FOLLOWER to FOLLOWER at term 29 for recognizeCandidate:d2424f4d-20d2-4104-abcc-02e6288f3ffc
2019-10-17 21:15:30,983 [Thread-411] INFO  impl.FollowerState (FollowerState.java:run(117)) - 3909bd6a-278d-4911-9d70-32680c972d02@group-62509A8A5C15-FollowerState was interrupted: java.lang.InterruptedException: sleep interrupted
2019-10-17 21:15:30,983 [grpc-default-executor-2] INFO  impl.RoleInfo (RoleInfo.java:updateAndGet(143)) - 3909bd6a-278d-4911-9d70-32680c972d02: start FollowerState
2019-10-17 21:15:30,983 [grpc-default-executor-6] INFO  impl.RoleInfo (RoleInfo.java:shutdownFollowerState(121)) - 7c510082-4284-44ef-8cd9-bb38fb15579f: shutdown FollowerState
2019-10-17 21:15:30,983 [grpc-default-executor-6] INFO  impl.RoleInfo (RoleInfo.java:updateAndGet(143)) - 7c510082-4284-44ef-8cd9-bb38fb15579f: start FollowerState
2019-10-17 21:15:30,983 [Thread-412] INFO  impl.FollowerState (FollowerState.java:run(117)) - 7c510082-4284-44ef-8cd9-bb38fb15579f@group-62509A8A5C15-FollowerState was interrupted: java.lang.InterruptedException: sleep interrupted
2019-10-17 21:15:31,009 [d2424f4d-20d2-4104-abcc-02e6288f3ffc@group-62509A8A5C15-LeaderElection31] INFO  impl.LeaderElection (LeaderElection.java:logAndReturn(56)) - d2424f4d-20d2-4104-abcc-02e6288f3ffc@group-62509A8A5C15-LeaderElection31: Election REJECTED; received 2 response(s) [d2424f4d-20d2-4104-abcc-02e6288f3ffc<-3909bd6a-278d-4911-9d70-32680c972d02#0:FAIL-t29, d2424f4d-20d2-4104-abcc-02e6288f3ffc<-7c510082-4284-44ef-8cd9-bb38fb15579f#0:FAIL-t29] and 0 exception(s); d2424f4d-20d2-4104-abcc-02e6288f3ffc@group-62509A8A5C15:t29, leader=null, voted=d2424f4d-20d2-4104-abcc-02e6288f3ffc, raftlog=d2424f4d-20d2-4104-abcc-02e6288f3ffc@group-62509A8A5C15-SegmentedRaftLog:OPENED:c-1,f-1,i0, conf=-1: [3909bd6a-278d-4911-9d70-32680c972d02:192.168.157.223:33343, d2424f4d-20d2-4104-abcc-02e6288f3ffc:192.168.157.223:39352, 7c510082-4284-44ef-8cd9-bb38fb15579f:192.168.157.223:33098], old=null
2019-10-17 21:15:31,009 [d2424f4d-20d2-4104-abcc-02e6288f3ffc@group-62509A8A5C15-LeaderElection31] INFO  impl.RaftServerImpl (RaftServerImpl.java:setRole(184)) - d2424f4d-20d2-4104-abcc-02e6288f3ffc@group-62509A8A5C15: changes role from CANDIDATE to FOLLOWER at term 29 for DISCOVERED_A_NEW_TERM
2019-10-17 21:15:31,009 [d2424f4d-20d2-4104-abcc-02e6288f3ffc@group-62509A8A5C15-LeaderElection31] INFO  impl.RoleInfo (RoleInfo.java:shutdownLeaderElection(134)) - d2424f4d-20d2-4104-abcc-02e6288f3ffc: shutdown LeaderElection
2019-10-17 21:15:31,010 [d2424f4d-20d2-4104-abcc-02e6288f3ffc@group-62509A8A5C15-LeaderElection31] INFO  impl.RoleInfo (RoleInfo.java:updateAndGet(143)) - d2424f4d-20d2-4104-abcc-02e6288f3ffc: start FollowerState
2019-10-17 21:15:31,139 [Thread-419] INFO  impl.FollowerState (FollowerState.java:run(108)) - d2424f4d-20d2-4104-abcc-02e6288f3ffc@group-62509A8A5C15-FollowerState: change to CANDIDATE, lastRpcTime:129ms, electionTimeout:129ms
2019-10-17 21:15:31,141 [Thread-419] INFO  impl.RoleInfo (RoleInfo.java:shutdownFollowerState(121)) - d2424f4d-20d2-4104-abcc-02e6288f3ffc: shutdown FollowerState
2019-10-17 21:15:31,141 [Thread-419] INFO  impl.RaftServerImpl (RaftServerImpl.java:setRole(184)) - d2424f4d-20d2-4104-abcc-02e6288f3ffc@group-62509A8A5C15: changes role from  FOLLOWER to CANDIDATE at term 29 for changeToCandidate
2019-10-17 21:15:31,142 [Thread-419] INFO  impl.RoleInfo (RoleInfo.java:updateAndGet(143)) - d2424f4d-20d2-4104-abcc-02e6288f3ffc: start LeaderElection
2019-10-17 21:15:31,162 [d2424f4d-20d2-4104-abcc-02e6288f3ffc@group-62509A8A5C15-LeaderElection32] INFO  impl.LeaderElection (LeaderElection.java:askForVotes(178)) - d2424f4d-20d2-4104-abcc-02e6288f3ffc@group-62509A8A5C15-LeaderElection32: begin an election at term 30 for -1: [3909bd6a-278d-4911-9d70-32680c972d02:192.168.157.223:33343, d2424f4d-20d2-4104-abcc-02e6288f3ffc:192.168.157.223:39352, 7c510082-4284-44ef-8cd9-bb38fb15579f:192.168.157.223:33098], old=null
2019-10-17 21:15:31,166 [grpc-default-executor-6] INFO  impl.RaftServerImpl (RaftServerImpl.java:setRole(184)) - 7c510082-4284-44ef-8cd9-bb38fb15579f@group-62509A8A5C15: changes role from  FOLLOWER to FOLLOWER at term 30 for recognizeCandidate:d2424f4d-20d2-4104-abcc-02e6288f3ffc
2019-10-17 21:15:31,166 [grpc-default-executor-2] INFO  impl.RaftServerImpl (RaftServerImpl.java:setRole(184)) - 3909bd6a-278d-4911-9d70-32680c972d02@group-62509A8A5C15: changes role from  FOLLOWER to FOLLOWER at term 30 for recognizeCandidate:d2424f4d-20d2-4104-abcc-02e6288f3ffc
2019-10-17 21:15:31,166 [grpc-default-executor-6] INFO  impl.RoleInfo (RoleInfo.java:shutdownFollowerState(121)) - 7c510082-4284-44ef-8cd9-bb38fb15579f: shutdown FollowerState
2019-10-17 21:15:31,166 [grpc-default-executor-2] INFO  impl.RoleInfo (RoleInfo.java:shutdownFollowerState(121)) - 3909bd6a-278d-4911-9d70-32680c972d02: shutdown FollowerState
2019-10-17 21:15:31,167 [Thread-418] INFO  impl.FollowerState (FollowerState.java:run(117)) - 7c510082-4284-44ef-8cd9-bb38fb15579f@group-62509A8A5C15-FollowerState was interrupted: java.lang.InterruptedException: sleep interrupted
2019-10-17 21:15:31,167 [grpc-default-executor-6] INFO  impl.RoleInfo (RoleInfo.java:updateAndGet(143)) - 7c510082-4284-44ef-8cd9-bb38fb15579f: start FollowerState
2019-10-17 21:15:31,167 [grpc-default-executor-2] INFO  impl.RoleInfo (RoleInfo.java:updateAndGet(143)) - 3909bd6a-278d-4911-9d70-32680c972d02: start FollowerState
2019-10-17 21:15:31,167 [Thread-417] INFO  impl.FollowerState (FollowerState.java:run(117)) - 3909bd6a-278d-4911-9d70-32680c972d02@group-62509A8A5C15-FollowerState was interrupted: java.lang.InterruptedException: sleep interrupted
2019-10-17 21:15:31,183 [d2424f4d-20d2-4104-abcc-02e6288f3ffc@group-62509A8A5C15-LeaderElection32] INFO  impl.LeaderElection (LeaderElection.java:logAndReturn(56)) - d2424f4d-20d2-4104-abcc-02e6288f3ffc@group-62509A8A5C15-LeaderElection32: Election REJECTED; received 2 response(s) [d2424f4d-20d2-4104-abcc-02e6288f3ffc<-3909bd6a-278d-4911-9d70-32680c972d02#0:FAIL-t30, d2424f4d-20d2-4104-abcc-02e6288f3ffc<-7c510082-4284-44ef-8cd9-bb38fb15579f#0:FAIL-t30] and 0 exception(s); d2424f4d-20d2-4104-abcc-02e6288f3ffc@group-62509A8A5C15:t30, leader=null, voted=d2424f4d-20d2-4104-abcc-02e6288f3ffc, raftlog=d2424f4d-20d2-4104-abcc-02e6288f3ffc@group-62509A8A5C15-SegmentedRaftLog:OPENED:c-1,f-1,i0, conf=-1: [3909bd6a-278d-4911-9d70-32680c972d02:192.168.157.223:33343, d2424f4d-20d2-4104-abcc-02e6288f3ffc:192.168.157.223:39352, 7c510082-4284-44ef-8cd9-bb38fb15579f:192.168.157.223:33098], old=null
2019-10-17 21:15:31,183 [d2424f4d-20d2-4104-abcc-02e6288f3ffc@group-62509A8A5C15-LeaderElection32] INFO  impl.RaftServerImpl (RaftServerImpl.java:setRole(184)) - d2424f4d-20d2-4104-abcc-02e6288f3ffc@group-62509A8A5C15: changes role from CANDIDATE to FOLLOWER at term 30 for DISCOVERED_A_NEW_TERM
2019-10-17 21:15:31,183 [d2424f4d-20d2-4104-abcc-02e6288f3ffc@group-62509A8A5C15-LeaderElection32] INFO  impl.RoleInfo (RoleInfo.java:shutdownLeaderElection(134)) - d2424f4d-20d2-4104-abcc-02e6288f3ffc: shutdown LeaderElection
2019-10-17 21:15:31,183 [d2424f4d-20d2-4104-abcc-02e6288f3ffc@group-62509A8A5C15-LeaderElection32] INFO  impl.RoleInfo (RoleInfo.java:updateAndGet(143)) - d2424f4d-20d2-4104-abcc-02e6288f3ffc: start FollowerState
2019-10-17 21:15:31,313 [Thread-425] INFO  impl.FollowerState (FollowerState.java:run(108)) - d2424f4d-20d2-4104-abcc-02e6288f3ffc@group-62509A8A5C15-FollowerState: change to CANDIDATE, lastRpcTime:130ms, electionTimeout:130ms
2019-10-17 21:15:31,315 [Thread-425] INFO  impl.RoleInfo (RoleInfo.java:shutdownFollowerState(121)) - d2424f4d-20d2-4104-abcc-02e6288f3ffc: shutdown FollowerState
2019-10-17 21:15:31,315 [Thread-425] INFO  impl.RaftServerImpl (RaftServerImpl.java:setRole(184)) - d2424f4d-20d2-4104-abcc-02e6288f3ffc@group-62509A8A5C15: changes role from  FOLLOWER to CANDIDATE at term 30 for changeToCandidate
2019-10-17 21:15:31,316 [Thread-425] INFO  impl.RoleInfo (RoleInfo.java:updateAndGet(143)) - d2424f4d-20d2-4104-abcc-02e6288f3ffc: start LeaderElection
2019-10-17 21:15:31,330 [d2424f4d-20d2-4104-abcc-02e6288f3ffc@group-62509A8A5C15-LeaderElection33] INFO  impl.LeaderElection (LeaderElection.java:askForVotes(178)) - d2424f4d-20d2-4104-abcc-02e6288f3ffc@group-62509A8A5C15-LeaderElection33: begin an election at term 31 for -1: [3909bd6a-278d-4911-9d70-32680c972d02:192.168.157.223:33343, d2424f4d-20d2-4104-abcc-02e6288f3ffc:192.168.157.223:39352, 7c510082-4284-44ef-8cd9-bb38fb15579f:192.168.157.223:33098], old=null
2019-10-17 21:15:31,334 [grpc-default-executor-6] INFO  impl.RaftServerImpl (RaftServerImpl.java:setRole(184)) - 3909bd6a-278d-4911-9d70-32680c972d02@group-62509A8A5C15: changes role from  FOLLOWER to FOLLOWER at term 31 for recognizeCandidate:d2424f4d-20d2-4104-abcc-02e6288f3ffc
2019-10-17 21:15:31,334 [grpc-default-executor-6] INFO  impl.RoleInfo (RoleInfo.java:shutdownFollowerState(121)) - 3909bd6a-278d-4911-9d70-32680c972d02: shutdown FollowerState
2019-10-17 21:15:31,334 [grpc-default-executor-2] INFO  impl.RaftServerImpl (RaftServerImpl.java:setRole(184)) - 7c510082-4284-44ef-8cd9-bb38fb15579f@group-62509A8A5C15: changes role from  FOLLOWER to FOLLOWER at term 31 for recognizeCandidate:d2424f4d-20d2-4104-abcc-02e6288f3ffc
2019-10-17 21:15:31,334 [grpc-default-executor-6] INFO  impl.RoleInfo (RoleInfo.java:updateAndGet(143)) - 3909bd6a-278d-4911-9d70-32680c972d02: start FollowerState
2019-10-17 21:15:31,334 [Thread-424] INFO  impl.FollowerState (FollowerState.java:run(117)) - 3909bd6a-278d-4911-9d70-32680c972d02@group-62509A8A5C15-FollowerState was interrupted: java.lang.InterruptedException: sleep interrupted
2019-10-17 21:15:31,334 [grpc-default-executor-2] INFO  impl.RoleInfo (RoleInfo.java:shutdownFollowerState(121)) - 7c510082-4284-44ef-8cd9-bb38fb15579f: shutdown FollowerState
2019-10-17 21:15:31,335 [grpc-default-executor-2] INFO  impl.RoleInfo (RoleInfo.java:updateAndGet(143)) - 7c510082-4284-44ef-8cd9-bb38fb15579f: start FollowerState
2019-10-17 21:15:31,335 [Thread-423] INFO  impl.FollowerState (FollowerState.java:run(117)) - 7c510082-4284-44ef-8cd9-bb38fb15579f@group-62509A8A5C15-FollowerState was interrupted: java.lang.InterruptedException: sleep interrupted
2019-10-17 21:15:31,349 [d2424f4d-20d2-4104-abcc-02e6288f3ffc@group-62509A8A5C15-LeaderElection33] INFO  impl.LeaderElection (LeaderElection.java:logAndReturn(56)) - d2424f4d-20d2-4104-abcc-02e6288f3ffc@group-62509A8A5C15-LeaderElection33: Election REJECTED; received 2 response(s) [d2424f4d-20d2-4104-abcc-02e6288f3ffc<-3909bd6a-278d-4911-9d70-32680c972d02#0:FAIL-t31, d2424f4d-20d2-4104-abcc-02e6288f3ffc<-7c510082-4284-44ef-8cd9-bb38fb15579f#0:FAIL-t31] and 0 exception(s); d2424f4d-20d2-4104-abcc-02e6288f3ffc@group-62509A8A5C15:t31, leader=null, voted=d2424f4d-20d2-4104-abcc-02e6288f3ffc, raftlog=d2424f4d-20d2-4104-abcc-02e6288f3ffc@group-62509A8A5C15-SegmentedRaftLog:OPENED:c-1,f-1,i0, conf=-1: [3909bd6a-278d-4911-9d70-32680c972d02:192.168.157.223:33343, d2424f4d-20d2-4104-abcc-02e6288f3ffc:192.168.157.223:39352, 7c510082-4284-44ef-8cd9-bb38fb15579f:192.168.157.223:33098], old=null
2019-10-17 21:15:31,350 [d2424f4d-20d2-4104-abcc-02e6288f3ffc@group-62509A8A5C15-LeaderElection33] INFO  impl.RaftServerImpl (RaftServerImpl.java:setRole(184)) - d2424f4d-20d2-4104-abcc-02e6288f3ffc@group-62509A8A5C15: changes role from CANDIDATE to FOLLOWER at term 31 for DISCOVERED_A_NEW_TERM
2019-10-17 21:15:31,350 [d2424f4d-20d2-4104-abcc-02e6288f3ffc@group-62509A8A5C15-LeaderElection33] INFO  impl.RoleInfo (RoleInfo.java:shutdownLeaderElection(134)) - d2424f4d-20d2-4104-abcc-02e6288f3ffc: shutdown LeaderElection
2019-10-17 21:15:31,350 [d2424f4d-20d2-4104-abcc-02e6288f3ffc@group-62509A8A5C15-LeaderElection33] INFO  impl.RoleInfo (RoleInfo.java:updateAndGet(143)) - d2424f4d-20d2-4104-abcc-02e6288f3ffc: start FollowerState
2019-10-17 21:15:31,545 [Thread-431] INFO  impl.FollowerState (FollowerState.java:run(108)) - d2424f4d-20d2-4104-abcc-02e6288f3ffc@group-62509A8A5C15-FollowerState: change to CANDIDATE, lastRpcTime:195ms, electionTimeout:195ms
2019-10-17 21:15:31,547 [Thread-431] INFO  impl.RoleInfo (RoleInfo.java:shutdownFollowerState(121)) - d2424f4d-20d2-4104-abcc-02e6288f3ffc: shutdown FollowerState
2019-10-17 21:15:31,547 [Thread-431] INFO  impl.RaftServerImpl (RaftServerImpl.java:setRole(184)) - d2424f4d-20d2-4104-abcc-02e6288f3ffc@group-62509A8A5C15: changes role from  FOLLOWER to CANDIDATE at term 31 for changeToCandidate
2019-10-17 21:15:31,547 [Thread-431] INFO  impl.RoleInfo (RoleInfo.java:updateAndGet(143)) - d2424f4d-20d2-4104-abcc-02e6288f3ffc: start LeaderElection
2019-10-17 21:15:31,573 [d2424f4d-20d2-4104-abcc-02e6288f3ffc@group-62509A8A5C15-LeaderElection34] INFO  impl.LeaderElection (LeaderElection.java:askForVotes(178)) - d2424f4d-20d2-4104-abcc-02e6288f3ffc@group-62509A8A5C15-LeaderElection34: begin an election at term 32 for -1: [3909bd6a-278d-4911-9d70-32680c972d02:192.168.157.223:33343, d2424f4d-20d2-4104-abcc-02e6288f3ffc:192.168.157.223:39352, 7c510082-4284-44ef-8cd9-bb38fb15579f:192.168.157.223:33098], old=null
2019-10-17 21:15:31,577 [grpc-default-executor-2] INFO  impl.RaftServerImpl (RaftServerImpl.java:setRole(184)) - 3909bd6a-278d-4911-9d70-32680c972d02@group-62509A8A5C15: changes role from  FOLLOWER to FOLLOWER at term 32 for recognizeCandidate:d2424f4d-20d2-4104-abcc-02e6288f3ffc
2019-10-17 21:15:31,577 [grpc-default-executor-2] INFO  impl.RoleInfo (RoleInfo.java:shutdownFollowerState(121)) - 3909bd6a-278d-4911-9d70-32680c972d02: shutdown FollowerState
2019-10-17 21:15:31,577 [grpc-default-executor-2] INFO  impl.RoleInfo (RoleInfo.java:updateAndGet(143)) - 3909bd6a-278d-4911-9d70-32680c972d02: start FollowerState
2019-10-17 21:15:31,577 [Thread-429] INFO  impl.FollowerState (FollowerState.java:run(117)) - 3909bd6a-278d-4911-9d70-32680c972d02@group-62509A8A5C15-FollowerState was interrupted: java.lang.InterruptedException: sleep interrupted
2019-10-17 21:15:31,577 [grpc-default-executor-6] INFO  impl.RaftServerImpl (RaftServerImpl.java:setRole(184)) - 7c510082-4284-44ef-8cd9-bb38fb15579f@group-62509A8A5C15: changes role from  FOLLOWER to FOLLOWER at term 32 for recognizeCandidate:d2424f4d-20d2-4104-abcc-02e6288f3ffc
2019-10-17 21:15:31,578 [grpc-default-executor-6] INFO  impl.RoleInfo (RoleInfo.java:shutdownFollowerState(121)) - 7c510082-4284-44ef-8cd9-bb38fb15579f: shutdown FollowerState
2019-10-17 21:15:31,578 [grpc-default-executor-6] INFO  impl.RoleInfo (RoleInfo.java:updateAndGet(143)) - 7c510082-4284-44ef-8cd9-bb38fb15579f: start FollowerState
2019-10-17 21:15:31,578 [Thread-430] INFO  impl.FollowerState (FollowerState.java:run(117)) - 7c510082-4284-44ef-8cd9-bb38fb15579f@group-62509A8A5C15-FollowerState was interrupted: java.lang.InterruptedException: sleep interrupted
2019-10-17 21:15:31,594 [d2424f4d-20d2-4104-abcc-02e6288f3ffc@group-62509A8A5C15-LeaderElection34] INFO  impl.LeaderElection (LeaderElection.java:logAndReturn(56)) - d2424f4d-20d2-4104-abcc-02e6288f3ffc@group-62509A8A5C15-LeaderElection34: Election REJECTED; received 2 response(s) [d2424f4d-20d2-4104-abcc-02e6288f3ffc<-3909bd6a-278d-4911-9d70-32680c972d02#0:FAIL-t32, d2424f4d-20d2-4104-abcc-02e6288f3ffc<-7c510082-4284-44ef-8cd9-bb38fb15579f#0:FAIL-t32] and 0 exception(s); d2424f4d-20d2-4104-abcc-02e6288f3ffc@group-62509A8A5C15:t32, leader=null, voted=d2424f4d-20d2-4104-abcc-02e6288f3ffc, raftlog=d2424f4d-20d2-4104-abcc-02e6288f3ffc@group-62509A8A5C15-SegmentedRaftLog:OPENED:c-1,f-1,i0, conf=-1: [3909bd6a-278d-4911-9d70-32680c972d02:192.168.157.223:33343, d2424f4d-20d2-4104-abcc-02e6288f3ffc:192.168.157.223:39352, 7c510082-4284-44ef-8cd9-bb38fb15579f:192.168.157.223:33098], old=null
2019-10-17 21:15:31,594 [d2424f4d-20d2-4104-abcc-02e6288f3ffc@group-62509A8A5C15-LeaderElection34] INFO  impl.RaftServerImpl (RaftServerImpl.java:setRole(184)) - d2424f4d-20d2-4104-abcc-02e6288f3ffc@group-62509A8A5C15: changes role from CANDIDATE to FOLLOWER at term 32 for DISCOVERED_A_NEW_TERM
2019-10-17 21:15:31,595 [d2424f4d-20d2-4104-abcc-02e6288f3ffc@group-62509A8A5C15-LeaderElection34] INFO  impl.RoleInfo (RoleInfo.java:shutdownLeaderElection(134)) - d2424f4d-20d2-4104-abcc-02e6288f3ffc: shutdown LeaderElection
2019-10-17 21:15:31,595 [d2424f4d-20d2-4104-abcc-02e6288f3ffc@group-62509A8A5C15-LeaderElection34] INFO  impl.RoleInfo (RoleInfo.java:updateAndGet(143)) - d2424f4d-20d2-4104-abcc-02e6288f3ffc: start FollowerState
2019-10-17 21:15:31,741 [Thread-439] INFO  impl.FollowerState (FollowerState.java:run(108)) - d2424f4d-20d2-4104-abcc-02e6288f3ffc@group-62509A8A5C15-FollowerState: change to CANDIDATE, lastRpcTime:146ms, electionTimeout:146ms
2019-10-17 21:15:31,743 [Thread-439] INFO  impl.RoleInfo (RoleInfo.java:shutdownFollowerState(121)) - d2424f4d-20d2-4104-abcc-02e6288f3ffc: shutdown FollowerState
2019-10-17 21:15:31,743 [Thread-439] INFO  impl.RaftServerImpl (RaftServerImpl.java:setRole(184)) - d2424f4d-20d2-4104-abcc-02e6288f3ffc@group-62509A8A5C15: changes role from  FOLLOWER to CANDIDATE at term 32 for changeToCandidate
2019-10-17 21:15:31,743 [Thread-439] INFO  impl.RoleInfo (RoleInfo.java:updateAndGet(143)) - d2424f4d-20d2-4104-abcc-02e6288f3ffc: start LeaderElection
2019-10-17 21:15:31,769 [d2424f4d-20d2-4104-abcc-02e6288f3ffc@group-62509A8A5C15-LeaderElection35] INFO  impl.LeaderElection (LeaderElection.java:askForVotes(178)) - d2424f4d-20d2-4104-abcc-02e6288f3ffc@group-62509A8A5C15-LeaderElection35: begin an election at term 33 for -1: [3909bd6a-278d-4911-9d70-32680c972d02:192.168.157.223:33343, d2424f4d-20d2-4104-abcc-02e6288f3ffc:192.168.157.223:39352, 7c510082-4284-44ef-8cd9-bb38fb15579f:192.168.157.223:33098], old=null
2019-10-17 21:15:31,774 [grpc-default-executor-6] INFO  impl.RaftServerImpl (RaftServerImpl.java:setRole(184)) - 7c510082-4284-44ef-8cd9-bb38fb15579f@group-62509A8A5C15: changes role from  FOLLOWER to FOLLOWER at term 33 for recognizeCandidate:d2424f4d-20d2-4104-abcc-02e6288f3ffc
2019-10-17 21:15:31,774 [grpc-default-executor-2] INFO  impl.RaftServerImpl (RaftServerImpl.java:setRole(184)) - 3909bd6a-278d-4911-9d70-32680c972d02@group-62509A8A5C15: changes role from  FOLLOWER to FOLLOWER at term 33 for recognizeCandidate:d2424f4d-20d2-4104-abcc-02e6288f3ffc
2019-10-17 21:15:31,775 [grpc-default-executor-6] INFO  impl.RoleInfo (RoleInfo.java:shutdownFollowerState(121)) - 7c510082-4284-44ef-8cd9-bb38fb15579f: shutdown FollowerState
2019-10-17 21:15:31,775 [grpc-default-executor-2] INFO  impl.RoleInfo (RoleInfo.java:shutdownFollowerState(121)) - 3909bd6a-278d-4911-9d70-32680c972d02: shutdown FollowerState
2019-10-17 21:15:31,775 [Thread-438] INFO  impl.FollowerState (FollowerState.java:run(117)) - 7c510082-4284-44ef-8cd9-bb38fb15579f@group-62509A8A5C15-FollowerState was interrupted: java.lang.InterruptedException: sleep interrupted
2019-10-17 21:15:31,775 [grpc-default-executor-6] INFO  impl.RoleInfo (RoleInfo.java:updateAndGet(143)) - 7c510082-4284-44ef-8cd9-bb38fb15579f: start FollowerState
2019-10-17 21:15:31,779 [grpc-default-executor-2] INFO  impl.RoleInfo (RoleInfo.java:updateAndGet(143)) - 3909bd6a-278d-4911-9d70-32680c972d02: start FollowerState
2019-10-17 21:15:31,779 [Thread-437] INFO  impl.FollowerState (FollowerState.java:run(117)) - 3909bd6a-278d-4911-9d70-32680c972d02@group-62509A8A5C15-FollowerState was interrupted: java.lang.InterruptedException: sleep interrupted
2019-10-17 21:15:31,807 [d2424f4d-20d2-4104-abcc-02e6288f3ffc@group-62509A8A5C15-LeaderElection35] INFO  impl.LeaderElection (LeaderElection.java:logAndReturn(56)) - d2424f4d-20d2-4104-abcc-02e6288f3ffc@group-62509A8A5C15-LeaderElection35: Election REJECTED; received 2 response(s) [d2424f4d-20d2-4104-abcc-02e6288f3ffc<-3909bd6a-278d-4911-9d70-32680c972d02#0:FAIL-t33, d2424f4d-20d2-4104-abcc-02e6288f3ffc<-7c510082-4284-44ef-8cd9-bb38fb15579f#0:FAIL-t33] and 0 exception(s); d2424f4d-20d2-4104-abcc-02e6288f3ffc@group-62509A8A5C15:t33, leader=null, voted=d2424f4d-20d2-4104-abcc-02e6288f3ffc, raftlog=d2424f4d-20d2-4104-abcc-02e6288f3ffc@group-62509A8A5C15-SegmentedRaftLog:OPENED:c-1,f-1,i0, conf=-1: [3909bd6a-278d-4911-9d70-32680c972d02:192.168.157.223:33343, d2424f4d-20d2-4104-abcc-02e6288f3ffc:192.168.157.223:39352, 7c510082-4284-44ef-8cd9-bb38fb15579f:192.168.157.223:33098], old=null
2019-10-17 21:15:31,807 [d2424f4d-20d2-4104-abcc-02e6288f3ffc@group-62509A8A5C15-LeaderElection35] INFO  impl.RaftServerImpl (RaftServerImpl.java:setRole(184)) - d2424f4d-20d2-4104-abcc-02e6288f3ffc@group-62509A8A5C15: changes role from CANDIDATE to FOLLOWER at term 33 for DISCOVERED_A_NEW_TERM
2019-10-17 21:15:31,807 [d2424f4d-20d2-4104-abcc-02e6288f3ffc@group-62509A8A5C15-LeaderElection35] INFO  impl.RoleInfo (RoleInfo.java:shutdownLeaderElection(134)) - d2424f4d-20d2-4104-abcc-02e6288f3ffc: shutdown LeaderElection
2019-10-17 21:15:31,807 [d2424f4d-20d2-4104-abcc-02e6288f3ffc@group-62509A8A5C15-LeaderElection35] INFO  impl.RoleInfo (RoleInfo.java:updateAndGet(143)) - d2424f4d-20d2-4104-abcc-02e6288f3ffc: start FollowerState
2019-10-17 21:15:31,981 [Thread-445] INFO  impl.FollowerState (FollowerState.java:run(108)) - d2424f4d-20d2-4104-abcc-02e6288f3ffc@group-62509A8A5C15-FollowerState: change to CANDIDATE, lastRpcTime:173ms, electionTimeout:173ms
2019-10-17 21:15:31,984 [Thread-445] INFO  impl.RoleInfo (RoleInfo.java:shutdownFollowerState(121)) - d2424f4d-20d2-4104-abcc-02e6288f3ffc: shutdown FollowerState
2019-10-17 21:15:31,985 [Thread-445] INFO  impl.RaftServerImpl (RaftServerImpl.java:setRole(184)) - d2424f4d-20d2-4104-abcc-02e6288f3ffc@group-62509A8A5C15: changes role from  FOLLOWER to CANDIDATE at term 33 for changeToCandidate
2019-10-17 21:15:31,985 [Thread-445] INFO  impl.RoleInfo (RoleInfo.java:updateAndGet(143)) - d2424f4d-20d2-4104-abcc-02e6288f3ffc: start LeaderElection
2019-10-17 21:15:32,001 [d2424f4d-20d2-4104-abcc-02e6288f3ffc@group-62509A8A5C15-LeaderElection36] INFO  impl.LeaderElection (LeaderElection.java:askForVotes(178)) - d2424f4d-20d2-4104-abcc-02e6288f3ffc@group-62509A8A5C15-LeaderElection36: begin an election at term 34 for -1: [3909bd6a-278d-4911-9d70-32680c972d02:192.168.157.223:33343, d2424f4d-20d2-4104-abcc-02e6288f3ffc:192.168.157.223:39352, 7c510082-4284-44ef-8cd9-bb38fb15579f:192.168.157.223:33098], old=null
2019-10-17 21:15:32,006 [grpc-default-executor-2] INFO  impl.RaftServerImpl (RaftServerImpl.java:setRole(184)) - 3909bd6a-278d-4911-9d70-32680c972d02@group-62509A8A5C15: changes role from  FOLLOWER to FOLLOWER at term 34 for recognizeCandidate:d2424f4d-20d2-4104-abcc-02e6288f3ffc
2019-10-17 21:15:32,007 [grpc-default-executor-6] INFO  impl.RaftServerImpl (RaftServerImpl.java:setRole(184)) - 7c510082-4284-44ef-8cd9-bb38fb15579f@group-62509A8A5C15: changes role from  FOLLOWER to FOLLOWER at term 34 for recognizeCandidate:d2424f4d-20d2-4104-abcc-02e6288f3ffc
2019-10-17 21:15:32,007 [grpc-default-executor-2] INFO  impl.RoleInfo (RoleInfo.java:shutdownFollowerState(121)) - 3909bd6a-278d-4911-9d70-32680c972d02: shutdown FollowerState
2019-10-17 21:15:32,007 [grpc-default-executor-6] INFO  impl.RoleInfo (RoleInfo.java:shutdownFollowerState(121)) - 7c510082-4284-44ef-8cd9-bb38fb15579f: shutdown FollowerState
2019-10-17 21:15:32,007 [grpc-default-executor-2] INFO  impl.RoleInfo (RoleInfo.java:updateAndGet(143)) - 3909bd6a-278d-4911-9d70-32680c972d02: start FollowerState
2019-10-17 21:15:32,007 [Thread-444] INFO  impl.FollowerState (FollowerState.java:run(117)) - 3909bd6a-278d-4911-9d70-32680c972d02@group-62509A8A5C15-FollowerState was interrupted: java.lang.InterruptedException: sleep interrupted
2019-10-17 21:15:32,007 [Thread-443] INFO  impl.FollowerState (FollowerState.java:run(117)) - 7c510082-4284-44ef-8cd9-bb38fb15579f@group-62509A8A5C15-FollowerState was interrupted: java.lang.InterruptedException: sleep interrupted
2019-10-17 21:15:32,007 [grpc-default-executor-6] INFO  impl.RoleInfo (RoleInfo.java:updateAndGet(143)) - 7c510082-4284-44ef-8cd9-bb38fb15579f: start FollowerState
2019-10-17 21:15:32,024 [d2424f4d-20d2-4104-abcc-02e6288f3ffc@group-62509A8A5C15-LeaderElection36] INFO  impl.LeaderElection (LeaderElection.java:logAndReturn(56)) - d2424f4d-20d2-4104-abcc-02e6288f3ffc@group-62509A8A5C15-LeaderElection36: Election REJECTED; received 2 response(s) [d2424f4d-20d2-4104-abcc-02e6288f3ffc<-3909bd6a-278d-4911-9d70-32680c972d02#0:FAIL-t34, d2424f4d-20d2-4104-abcc-02e6288f3ffc<-7c510082-4284-44ef-8cd9-bb38fb15579f#0:FAIL-t34] and 0 exception(s); d2424f4d-20d2-4104-abcc-02e6288f3ffc@group-62509A8A5C15:t34, leader=null, voted=d2424f4d-20d2-4104-abcc-02e6288f3ffc, raftlog=d2424f4d-20d2-4104-abcc-02e6288f3ffc@group-62509A8A5C15-SegmentedRaftLog:OPENED:c-1,f-1,i0, conf=-1: [3909bd6a-278d-4911-9d70-32680c972d02:192.168.157.223:33343, d2424f4d-20d2-4104-abcc-02e6288f3ffc:192.168.157.223:39352, 7c510082-4284-44ef-8cd9-bb38fb15579f:192.168.157.223:33098], old=null
2019-10-17 21:15:32,024 [d2424f4d-20d2-4104-abcc-02e6288f3ffc@group-62509A8A5C15-LeaderElection36] INFO  impl.RaftServerImpl (RaftServerImpl.java:setRole(184)) - d2424f4d-20d2-4104-abcc-02e6288f3ffc@group-62509A8A5C15: changes role from CANDIDATE to FOLLOWER at term 34 for DISCOVERED_A_NEW_TERM
2019-10-17 21:15:32,024 [d2424f4d-20d2-4104-abcc-02e6288f3ffc@group-62509A8A5C15-LeaderElection36] INFO  impl.RoleInfo (RoleInfo.java:shutdownLeaderElection(134)) - d2424f4d-20d2-4104-abcc-02e6288f3ffc: shutdown LeaderElection
2019-10-17 21:15:32,025 [d2424f4d-20d2-4104-abcc-02e6288f3ffc@group-62509A8A5C15-LeaderElection36] INFO  impl.RoleInfo (RoleInfo.java:updateAndGet(143)) - d2424f4d-20d2-4104-abcc-02e6288f3ffc: start FollowerState
2019-10-17 21:15:32,115 [Thread-451] INFO  impl.FollowerState (FollowerState.java:run(108)) - d2424f4d-20d2-4104-abcc-02e6288f3ffc@group-62509A8A5C15-FollowerState: change to CANDIDATE, lastRpcTime:90ms, electionTimeout:90ms
2019-10-17 21:15:32,117 [Thread-451] INFO  impl.RoleInfo (RoleInfo.java:shutdownFollowerState(121)) - d2424f4d-20d2-4104-abcc-02e6288f3ffc: shutdown FollowerState
2019-10-17 21:15:32,117 [Thread-451] INFO  impl.RaftServerImpl (RaftServerImpl.java:setRole(184)) - d2424f4d-20d2-4104-abcc-02e6288f3ffc@group-62509A8A5C15: changes role from  FOLLOWER to CANDIDATE at term 34 for changeToCandidate
2019-10-17 21:15:32,118 [Thread-451] INFO  impl.RoleInfo (RoleInfo.java:updateAndGet(143)) - d2424f4d-20d2-4104-abcc-02e6288f3ffc: start LeaderElection
2019-10-17 21:15:32,143 [d2424f4d-20d2-4104-abcc-02e6288f3ffc@group-62509A8A5C15-LeaderElection37] INFO  impl.LeaderElection (LeaderElection.java:askForVotes(178)) - d2424f4d-20d2-4104-abcc-02e6288f3ffc@group-62509A8A5C15-LeaderElection37: begin an election at term 35 for -1: [3909bd6a-278d-4911-9d70-32680c972d02:192.168.157.223:33343, d2424f4d-20d2-4104-abcc-02e6288f3ffc:192.168.157.223:39352, 7c510082-4284-44ef-8cd9-bb38fb15579f:192.168.157.223:33098], old=null
2019-10-17 21:15:32,147 [grpc-default-executor-2] INFO  impl.RaftServerImpl (RaftServerImpl.java:setRole(184)) - 3909bd6a-278d-4911-9d70-32680c972d02@group-62509A8A5C15: changes role from  FOLLOWER to FOLLOWER at term 35 for recognizeCandidate:d2424f4d-20d2-4104-abcc-02e6288f3ffc
2019-10-17 21:15:32,148 [grpc-default-executor-2] INFO  impl.RoleInfo (RoleInfo.java:shutdownFollowerState(121)) - 3909bd6a-278d-4911-9d70-32680c972d02: shutdown FollowerState
2019-10-17 21:15:32,148 [grpc-default-executor-6] INFO  impl.RaftServerImpl (RaftServerImpl.java:setRole(184)) - 7c510082-4284-44ef-8cd9-bb38fb15579f@group-62509A8A5C15: changes role from  FOLLOWER to FOLLOWER at term 35 for recognizeCandidate:d2424f4d-20d2-4104-abcc-02e6288f3ffc
2019-10-17 21:15:32,148 [grpc-default-executor-2] INFO  impl.RoleInfo (RoleInfo.java:updateAndGet(143)) - 3909bd6a-278d-4911-9d70-32680c972d02: start FollowerState
2019-10-17 21:15:32,148 [Thread-449] INFO  impl.FollowerState (FollowerState.java:run(117)) - 3909bd6a-278d-4911-9d70-32680c972d02@group-62509A8A5C15-FollowerState was interrupted: java.lang.InterruptedException: sleep interrupted
2019-10-17 21:15:32,148 [grpc-default-executor-6] INFO  impl.RoleInfo (RoleInfo.java:shutdownFollowerState(121)) - 7c510082-4284-44ef-8cd9-bb38fb15579f: shutdown FollowerState
2019-10-17 21:15:32,149 [grpc-default-executor-6] INFO  impl.RoleInfo (RoleInfo.java:updateAndGet(143)) - 7c510082-4284-44ef-8cd9-bb38fb15579f: start FollowerState
2019-10-17 21:15:32,149 [Thread-450] INFO  impl.FollowerState (FollowerState.java:run(117)) - 7c510082-4284-44ef-8cd9-bb38fb15579f@group-62509A8A5C15-FollowerState was interrupted: java.lang.InterruptedException: sleep interrupted
2019-10-17 21:15:32,175 [d2424f4d-20d2-4104-abcc-02e6288f3ffc@group-62509A8A5C15-LeaderElection37] INFO  impl.LeaderElection (LeaderElection.java:logAndReturn(56)) - d2424f4d-20d2-4104-abcc-02e6288f3ffc@group-62509A8A5C15-LeaderElection37: Election REJECTED; received 2 response(s) [d2424f4d-20d2-4104-abcc-02e6288f3ffc<-3909bd6a-278d-4911-9d70-32680c972d02#0:FAIL-t35, d2424f4d-20d2-4104-abcc-02e6288f3ffc<-7c510082-4284-44ef-8cd9-bb38fb15579f#0:FAIL-t35] and 0 exception(s); d2424f4d-20d2-4104-abcc-02e6288f3ffc@group-62509A8A5C15:t35, leader=null, voted=d2424f4d-20d2-4104-abcc-02e6288f3ffc, raftlog=d2424f4d-20d2-4104-abcc-02e6288f3ffc@group-62509A8A5C15-SegmentedRaftLog:OPENED:c-1,f-1,i0, conf=-1: [3909bd6a-278d-4911-9d70-32680c972d02:192.168.157.223:33343, d2424f4d-20d2-4104-abcc-02e6288f3ffc:192.168.157.223:39352, 7c510082-4284-44ef-8cd9-bb38fb15579f:192.168.157.223:33098], old=null
2019-10-17 21:15:32,176 [d2424f4d-20d2-4104-abcc-02e6288f3ffc@group-62509A8A5C15-LeaderElection37] INFO  impl.RaftServerImpl (RaftServerImpl.java:setRole(184)) - d2424f4d-20d2-4104-abcc-02e6288f3ffc@group-62509A8A5C15: changes role from CANDIDATE to FOLLOWER at term 35 for DISCOVERED_A_NEW_TERM
2019-10-17 21:15:32,176 [d2424f4d-20d2-4104-abcc-02e6288f3ffc@group-62509A8A5C15-LeaderElection37] INFO  impl.RoleInfo (RoleInfo.java:shutdownLeaderElection(134)) - d2424f4d-20d2-4104-abcc-02e6288f3ffc: shutdown LeaderElection
2019-10-17 21:15:32,176 [d2424f4d-20d2-4104-abcc-02e6288f3ffc@group-62509A8A5C15-LeaderElection37] INFO  impl.RoleInfo (RoleInfo.java:updateAndGet(143)) - d2424f4d-20d2-4104-abcc-02e6288f3ffc: start FollowerState
2019-10-17 21:15:32,332 [Thread-457] INFO  impl.FollowerState (FollowerState.java:run(108)) - d2424f4d-20d2-4104-abcc-02e6288f3ffc@group-62509A8A5C15-FollowerState: change to CANDIDATE, lastRpcTime:156ms, electionTimeout:156ms
2019-10-17 21:15:32,334 [Thread-457] INFO  impl.RoleInfo (RoleInfo.java:shutdownFollowerState(121)) - d2424f4d-20d2-4104-abcc-02e6288f3ffc: shutdown FollowerState
2019-10-17 21:15:32,334 [Thread-457] INFO  impl.RaftServerImpl (RaftServerImpl.java:setRole(184)) - d2424f4d-20d2-4104-abcc-02e6288f3ffc@group-62509A8A5C15: changes role from  FOLLOWER to CANDIDATE at term 35 for changeToCandidate
2019-10-17 21:15:32,334 [Thread-457] INFO  impl.RoleInfo (RoleInfo.java:updateAndGet(143)) - d2424f4d-20d2-4104-abcc-02e6288f3ffc: start LeaderElection
2019-10-17 21:15:32,360 [d2424f4d-20d2-4104-abcc-02e6288f3ffc@group-62509A8A5C15-LeaderElection38] INFO  impl.LeaderElection (LeaderElection.java:askForVotes(178)) - d2424f4d-20d2-4104-abcc-02e6288f3ffc@group-62509A8A5C15-LeaderElection38: begin an election at term 36 for -1: [3909bd6a-278d-4911-9d70-32680c972d02:192.168.157.223:33343, d2424f4d-20d2-4104-abcc-02e6288f3ffc:192.168.157.223:39352, 7c510082-4284-44ef-8cd9-bb38fb15579f:192.168.157.223:33098], old=null
2019-10-17 21:15:32,364 [grpc-default-executor-2] INFO  impl.RaftServerImpl (RaftServerImpl.java:setRole(184)) - 3909bd6a-278d-4911-9d70-32680c972d02@group-62509A8A5C15: changes role from  FOLLOWER to FOLLOWER at term 36 for recognizeCandidate:d2424f4d-20d2-4104-abcc-02e6288f3ffc
2019-10-17 21:15:32,364 [grpc-default-executor-2] INFO  impl.RoleInfo (RoleInfo.java:shutdownFollowerState(121)) - 3909bd6a-278d-4911-9d70-32680c972d02: shutdown FollowerState
2019-10-17 21:15:32,364 [grpc-default-executor-2] INFO  impl.RoleInfo (RoleInfo.java:updateAndGet(143)) - 3909bd6a-278d-4911-9d70-32680c972d02: start FollowerState
2019-10-17 21:15:32,364 [Thread-455] INFO  impl.FollowerState (FollowerState.java:run(117)) - 3909bd6a-278d-4911-9d70-32680c972d02@group-62509A8A5C15-FollowerState was interrupted: java.lang.InterruptedException: sleep interrupted
2019-10-17 21:15:32,365 [grpc-default-executor-6] INFO  impl.RaftServerImpl (RaftServerImpl.java:setRole(184)) - 7c510082-4284-44ef-8cd9-bb38fb15579f@group-62509A8A5C15: changes role from  FOLLOWER to FOLLOWER at term 36 for recognizeCandidate:d2424f4d-20d2-4104-abcc-02e6288f3ffc
2019-10-17 21:15:32,365 [grpc-default-executor-6] INFO  impl.RoleInfo (RoleInfo.java:shutdownFollowerState(121)) - 7c510082-4284-44ef-8cd9-bb38fb15579f: shutdown FollowerState
2019-10-17 21:15:32,365 [grpc-default-executor-6] INFO  impl.RoleInfo (RoleInfo.java:updateAndGet(143)) - 7c510082-4284-44ef-8cd9-bb38fb15579f: start FollowerState
2019-10-17 21:15:32,365 [Thread-456] INFO  impl.FollowerState (FollowerState.java:run(117)) - 7c510082-4284-44ef-8cd9-bb38fb15579f@group-62509A8A5C15-FollowerState was interrupted: java.lang.InterruptedException: sleep interrupted
2019-10-17 21:15:32,391 [d2424f4d-20d2-4104-abcc-02e6288f3ffc@group-62509A8A5C15-LeaderElection38] INFO  impl.LeaderElection (LeaderElection.java:logAndReturn(56)) - d2424f4d-20d2-4104-abcc-02e6288f3ffc@group-62509A8A5C15-LeaderElection38: Election REJECTED; received 2 response(s) [d2424f4d-20d2-4104-abcc-02e6288f3ffc<-3909bd6a-278d-4911-9d70-32680c972d02#0:FAIL-t36, d2424f4d-20d2-4104-abcc-02e6288f3ffc<-7c510082-4284-44ef-8cd9-bb38fb15579f#0:FAIL-t36] and 0 exception(s); d2424f4d-20d2-4104-abcc-02e6288f3ffc@group-62509A8A5C15:t36, leader=null, voted=d2424f4d-20d2-4104-abcc-02e6288f3ffc, raftlog=d2424f4d-20d2-4104-abcc-02e6288f3ffc@group-62509A8A5C15-SegmentedRaftLog:OPENED:c-1,f-1,i0, conf=-1: [3909bd6a-278d-4911-9d70-32680c972d02:192.168.157.223:33343, d2424f4d-20d2-4104-abcc-02e6288f3ffc:192.168.157.223:39352, 7c510082-4284-44ef-8cd9-bb38fb15579f:192.168.157.223:33098], old=null
2019-10-17 21:15:32,392 [d2424f4d-20d2-4104-abcc-02e6288f3ffc@group-62509A8A5C15-LeaderElection38] INFO  impl.RaftServerImpl (RaftServerImpl.java:setRole(184)) - d2424f4d-20d2-4104-abcc-02e6288f3ffc@group-62509A8A5C15: changes role from CANDIDATE to FOLLOWER at term 36 for DISCOVERED_A_NEW_TERM
2019-10-17 21:15:32,392 [d2424f4d-20d2-4104-abcc-02e6288f3ffc@group-62509A8A5C15-LeaderElection38] INFO  impl.RoleInfo (RoleInfo.java:shutdownLeaderElection(134)) - d2424f4d-20d2-4104-abcc-02e6288f3ffc: shutdown LeaderElection
2019-10-17 21:15:32,392 [d2424f4d-20d2-4104-abcc-02e6288f3ffc@group-62509A8A5C15-LeaderElection38] INFO  impl.RoleInfo (RoleInfo.java:updateAndGet(143)) - d2424f4d-20d2-4104-abcc-02e6288f3ffc: start FollowerState
2019-10-17 21:15:32,538 [Thread-463] INFO  impl.FollowerState (FollowerState.java:run(108)) - d2424f4d-20d2-4104-abcc-02e6288f3ffc@group-62509A8A5C15-FollowerState: change to CANDIDATE, lastRpcTime:146ms, electionTimeout:146ms
2019-10-17 21:15:32,540 [Thread-463] INFO  impl.RoleInfo (RoleInfo.java:shutdownFollowerState(121)) - d2424f4d-20d2-4104-abcc-02e6288f3ffc: shutdown FollowerState
2019-10-17 21:15:32,540 [Thread-463] INFO  impl.RaftServerImpl (RaftServerImpl.java:setRole(184)) - d2424f4d-20d2-4104-abcc-02e6288f3ffc@group-62509A8A5C15: changes role from  FOLLOWER to CANDIDATE at term 36 for changeToCandidate
2019-10-17 21:15:32,540 [Thread-463] INFO  impl.RoleInfo (RoleInfo.java:updateAndGet(143)) - d2424f4d-20d2-4104-abcc-02e6288f3ffc: start LeaderElection
2019-10-17 21:15:32,555 [d2424f4d-20d2-4104-abcc-02e6288f3ffc@group-62509A8A5C15-LeaderElection39] INFO  impl.LeaderElection (LeaderElection.java:askForVotes(178)) - d2424f4d-20d2-4104-abcc-02e6288f3ffc@group-62509A8A5C15-LeaderElection39: begin an election at term 37 for -1: [3909bd6a-278d-4911-9d70-32680c972d02:192.168.157.223:33343, d2424f4d-20d2-4104-abcc-02e6288f3ffc:192.168.157.223:39352, 7c510082-4284-44ef-8cd9-bb38fb15579f:192.168.157.223:33098], old=null
2019-10-17 21:15:32,560 [grpc-default-executor-6] INFO  impl.RaftServerImpl (RaftServerImpl.java:setRole(184)) - 3909bd6a-278d-4911-9d70-32680c972d02@group-62509A8A5C15: changes role from  FOLLOWER to FOLLOWER at term 37 for recognizeCandidate:d2424f4d-20d2-4104-abcc-02e6288f3ffc
2019-10-17 21:15:32,560 [grpc-default-executor-6] INFO  impl.RoleInfo (RoleInfo.java:shutdownFollowerState(121)) - 3909bd6a-278d-4911-9d70-32680c972d02: shutdown FollowerState
2019-10-17 21:15:32,561 [grpc-default-executor-6] INFO  impl.RoleInfo (RoleInfo.java:updateAndGet(143)) - 3909bd6a-278d-4911-9d70-32680c972d02: start FollowerState
2019-10-17 21:15:32,561 [Thread-461] INFO  impl.FollowerState (FollowerState.java:run(117)) - 3909bd6a-278d-4911-9d70-32680c972d02@group-62509A8A5C15-FollowerState was interrupted: java.lang.InterruptedException: sleep interrupted
2019-10-17 21:15:32,561 [grpc-default-executor-2] INFO  impl.RaftServerImpl (RaftServerImpl.java:setRole(184)) - 7c510082-4284-44ef-8cd9-bb38fb15579f@group-62509A8A5C15: changes role from  FOLLOWER to FOLLOWER at term 37 for recognizeCandidate:d2424f4d-20d2-4104-abcc-02e6288f3ffc
2019-10-17 21:15:32,561 [grpc-default-executor-2] INFO  impl.RoleInfo (RoleInfo.java:shutdownFollowerState(121)) - 7c510082-4284-44ef-8cd9-bb38fb15579f: shutdown FollowerState
2019-10-17 21:15:32,562 [grpc-default-executor-2] INFO  impl.RoleInfo (RoleInfo.java:updateAndGet(143)) - 7c510082-4284-44ef-8cd9-bb38fb15579f: start FollowerState
2019-10-17 21:15:32,562 [Thread-462] INFO  impl.FollowerState (FollowerState.java:run(117)) - 7c510082-4284-44ef-8cd9-bb38fb15579f@group-62509A8A5C15-FollowerState was interrupted: java.lang.InterruptedException: sleep interrupted
2019-10-17 21:15:32,576 [d2424f4d-20d2-4104-abcc-02e6288f3ffc@group-62509A8A5C15-LeaderElection39] INFO  impl.LeaderElection (LeaderElection.java:logAndReturn(56)) - d2424f4d-20d2-4104-abcc-02e6288f3ffc@group-62509A8A5C15-LeaderElection39: Election TIMEOUT; received 0 response(s) [] and 0 exception(s); d2424f4d-20d2-4104-abcc-02e6288f3ffc@group-62509A8A5C15:t37, leader=null, voted=d2424f4d-20d2-4104-abcc-02e6288f3ffc, raftlog=d2424f4d-20d2-4104-abcc-02e6288f3ffc@group-62509A8A5C15-SegmentedRaftLog:OPENED:c-1,f-1,i0, conf=-1: [3909bd6a-278d-4911-9d70-32680c972d02:192.168.157.223:33343, d2424f4d-20d2-4104-abcc-02e6288f3ffc:192.168.157.223:39352, 7c510082-4284-44ef-8cd9-bb38fb15579f:192.168.157.223:33098], old=null
2019-10-17 21:15:32,598 [d2424f4d-20d2-4104-abcc-02e6288f3ffc@group-62509A8A5C15-LeaderElection39] INFO  impl.LeaderElection (LeaderElection.java:askForVotes(178)) - d2424f4d-20d2-4104-abcc-02e6288f3ffc@group-62509A8A5C15-LeaderElection39: begin an election at term 38 for -1: [3909bd6a-278d-4911-9d70-32680c972d02:192.168.157.223:33343, d2424f4d-20d2-4104-abcc-02e6288f3ffc:192.168.157.223:39352, 7c510082-4284-44ef-8cd9-bb38fb15579f:192.168.157.223:33098], old=null
2019-10-17 21:15:32,601 [grpc-default-executor-2] INFO  impl.RaftServerImpl (RaftServerImpl.java:setRole(184)) - 3909bd6a-278d-4911-9d70-32680c972d02@group-62509A8A5C15: changes role from  FOLLOWER to FOLLOWER at term 38 for recognizeCandidate:d2424f4d-20d2-4104-abcc-02e6288f3ffc
2019-10-17 21:15:32,614 [grpc-default-executor-2] INFO  impl.RoleInfo (RoleInfo.java:shutdownFollowerState(121)) - 3909bd6a-278d-4911-9d70-32680c972d02: shutdown FollowerState
2019-10-17 21:15:32,614 [grpc-default-executor-2] INFO  impl.RoleInfo (RoleInfo.java:updateAndGet(143)) - 3909bd6a-278d-4911-9d70-32680c972d02: start FollowerState
2019-10-17 21:15:32,614 [Thread-469] INFO  impl.FollowerState (FollowerState.java:run(117)) - 3909bd6a-278d-4911-9d70-32680c972d02@group-62509A8A5C15-FollowerState was interrupted: java.lang.InterruptedException: sleep interrupted
2019-10-17 21:15:32,615 [grpc-default-executor-6] INFO  impl.RaftServerImpl (RaftServerImpl.java:setRole(184)) - 7c510082-4284-44ef-8cd9-bb38fb15579f@group-62509A8A5C15: changes role from  FOLLOWER to FOLLOWER at term 38 for recognizeCandidate:d2424f4d-20d2-4104-abcc-02e6288f3ffc
2019-10-17 21:15:32,615 [grpc-default-executor-6] INFO  impl.RoleInfo (RoleInfo.java:shutdownFollowerState(121)) - 7c510082-4284-44ef-8cd9-bb38fb15579f: shutdown FollowerState
2019-10-17 21:15:32,615 [Thread-470] INFO  impl.FollowerState (FollowerState.java:run(117)) - 7c510082-4284-44ef-8cd9-bb38fb15579f@group-62509A8A5C15-FollowerState was interrupted: java.lang.InterruptedException: sleep interrupted
2019-10-17 21:15:32,616 [grpc-default-executor-6] INFO  impl.RoleInfo (RoleInfo.java:updateAndGet(143)) - 7c510082-4284-44ef-8cd9-bb38fb15579f: start FollowerState
2019-10-17 21:15:32,641 [d2424f4d-20d2-4104-abcc-02e6288f3ffc@group-62509A8A5C15-LeaderElection39] INFO  impl.LeaderElection (LeaderElection.java:logAndReturn(56)) - d2424f4d-20d2-4104-abcc-02e6288f3ffc@group-62509A8A5C15-LeaderElection39: Election REJECTED; received 2 response(s) [d2424f4d-20d2-4104-abcc-02e6288f3ffc<-3909bd6a-278d-4911-9d70-32680c972d02#0:FAIL-t38, d2424f4d-20d2-4104-abcc-02e6288f3ffc<-7c510082-4284-44ef-8cd9-bb38fb15579f#0:FAIL-t38] and 0 exception(s); d2424f4d-20d2-4104-abcc-02e6288f3ffc@group-62509A8A5C15:t38, leader=null, voted=d2424f4d-20d2-4104-abcc-02e6288f3ffc, raftlog=d2424f4d-20d2-4104-abcc-02e6288f3ffc@group-62509A8A5C15-SegmentedRaftLog:OPENED:c-1,f-1,i0, conf=-1: [3909bd6a-278d-4911-9d70-32680c972d02:192.168.157.223:33343, d2424f4d-20d2-4104-abcc-02e6288f3ffc:192.168.157.223:39352, 7c510082-4284-44ef-8cd9-bb38fb15579f:192.168.157.223:33098], old=null
2019-10-17 21:15:32,642 [d2424f4d-20d2-4104-abcc-02e6288f3ffc@group-62509A8A5C15-LeaderElection39] INFO  impl.RaftServerImpl (RaftServerImpl.java:setRole(184)) - d2424f4d-20d2-4104-abcc-02e6288f3ffc@group-62509A8A5C15: changes role from CANDIDATE to FOLLOWER at term 38 for DISCOVERED_A_NEW_TERM
2019-10-17 21:15:32,642 [d2424f4d-20d2-4104-abcc-02e6288f3ffc@group-62509A8A5C15-LeaderElection39] INFO  impl.RoleInfo (RoleInfo.java:shutdownLeaderElection(134)) - d2424f4d-20d2-4104-abcc-02e6288f3ffc: shutdown LeaderElection
2019-10-17 21:15:32,642 [d2424f4d-20d2-4104-abcc-02e6288f3ffc@group-62509A8A5C15-LeaderElection39] INFO  impl.RoleInfo (RoleInfo.java:updateAndGet(143)) - d2424f4d-20d2-4104-abcc-02e6288f3ffc: start FollowerState
2019-10-17 21:15:32,796 [Thread-475] INFO  impl.FollowerState (FollowerState.java:run(108)) - d2424f4d-20d2-4104-abcc-02e6288f3ffc@group-62509A8A5C15-FollowerState: change to CANDIDATE, lastRpcTime:153ms, electionTimeout:153ms
2019-10-17 21:15:32,796 [Thread-475] INFO  impl.RoleInfo (RoleInfo.java:shutdownFollowerState(121)) - d2424f4d-20d2-4104-abcc-02e6288f3ffc: shutdown FollowerState
2019-10-17 21:15:32,796 [Thread-475] INFO  impl.RaftServerImpl (RaftServerImpl.java:setRole(184)) - d2424f4d-20d2-4104-abcc-02e6288f3ffc@group-62509A8A5C15: changes role from  FOLLOWER to CANDIDATE at term 38 for changeToCandidate
2019-10-17 21:15:32,797 [Thread-475] INFO  impl.RoleInfo (RoleInfo.java:updateAndGet(143)) - d2424f4d-20d2-4104-abcc-02e6288f3ffc: start LeaderElection
2019-10-17 21:15:32,812 [d2424f4d-20d2-4104-abcc-02e6288f3ffc@group-62509A8A5C15-LeaderElection40] INFO  impl.LeaderElection (LeaderElection.java:askForVotes(178)) - d2424f4d-20d2-4104-abcc-02e6288f3ffc@group-62509A8A5C15-LeaderElection40: begin an election at term 39 for -1: [3909bd6a-278d-4911-9d70-32680c972d02:192.168.157.223:33343, d2424f4d-20d2-4104-abcc-02e6288f3ffc:192.168.157.223:39352, 7c510082-4284-44ef-8cd9-bb38fb15579f:192.168.157.223:33098], old=null
2019-10-17 21:15:32,818 [grpc-default-executor-6] INFO  impl.RaftServerImpl (RaftServerImpl.java:setRole(184)) - 7c510082-4284-44ef-8cd9-bb38fb15579f@group-62509A8A5C15: changes role from  FOLLOWER to FOLLOWER at term 39 for recognizeCandidate:d2424f4d-20d2-4104-abcc-02e6288f3ffc
2019-10-17 21:15:32,818 [grpc-default-executor-2] INFO  impl.RaftServerImpl (RaftServerImpl.java:setRole(184)) - 3909bd6a-278d-4911-9d70-32680c972d02@group-62509A8A5C15: changes role from  FOLLOWER to FOLLOWER at term 39 for recognizeCandidate:d2424f4d-20d2-4104-abcc-02e6288f3ffc
2019-10-17 21:15:32,818 [grpc-default-executor-6] INFO  impl.RoleInfo (RoleInfo.java:shutdownFollowerState(121)) - 7c510082-4284-44ef-8cd9-bb38fb15579f: shutdown FollowerState
2019-10-17 21:15:32,818 [grpc-default-executor-2] INFO  impl.RoleInfo (RoleInfo.java:shutdownFollowerState(121)) - 3909bd6a-278d-4911-9d70-32680c972d02: shutdown FollowerState
2019-10-17 21:15:32,818 [grpc-default-executor-6] INFO  impl.RoleInfo (RoleInfo.java:updateAndGet(143)) - 7c510082-4284-44ef-8cd9-bb38fb15579f: start FollowerState
2019-10-17 21:15:32,818 [Thread-474] INFO  impl.FollowerState (FollowerState.java:run(117)) - 7c510082-4284-44ef-8cd9-bb38fb15579f@group-62509A8A5C15-FollowerState was interrupted: java.lang.InterruptedException: sleep interrupted
2019-10-17 21:15:32,819 [Thread-473] INFO  impl.FollowerState (FollowerState.java:run(117)) - 3909bd6a-278d-4911-9d70-32680c972d02@group-62509A8A5C15-FollowerState was interrupted: java.lang.InterruptedException: sleep interrupted
2019-10-17 21:15:32,818 [grpc-default-executor-2] INFO  impl.RoleInfo (RoleInfo.java:updateAndGet(143)) - 3909bd6a-278d-4911-9d70-32680c972d02: start FollowerState
2019-10-17 21:15:32,830 [d2424f4d-20d2-4104-abcc-02e6288f3ffc@group-62509A8A5C15-LeaderElection40] INFO  impl.LeaderElection (LeaderElection.java:logAndReturn(56)) - d2424f4d-20d2-4104-abcc-02e6288f3ffc@group-62509A8A5C15-LeaderElection40: Election REJECTED; received 2 response(s) [d2424f4d-20d2-4104-abcc-02e6288f3ffc<-3909bd6a-278d-4911-9d70-32680c972d02#0:FAIL-t39, d2424f4d-20d2-4104-abcc-02e6288f3ffc<-7c510082-4284-44ef-8cd9-bb38fb15579f#0:FAIL-t39] and 0 exception(s); d2424f4d-20d2-4104-abcc-02e6288f3ffc@group-62509A8A5C15:t39, leader=null, voted=d2424f4d-20d2-4104-abcc-02e6288f3ffc, raftlog=d2424f4d-20d2-4104-abcc-02e6288f3ffc@group-62509A8A5C15-SegmentedRaftLog:OPENED:c-1,f-1,i0, conf=-1: [3909bd6a-278d-4911-9d70-32680c972d02:192.168.157.223:33343, d2424f4d-20d2-4104-abcc-02e6288f3ffc:192.168.157.223:39352, 7c510082-4284-44ef-8cd9-bb38fb15579f:192.168.157.223:33098], old=null
2019-10-17 21:15:32,831 [d2424f4d-20d2-4104-abcc-02e6288f3ffc@group-62509A8A5C15-LeaderElection40] INFO  impl.RaftServerImpl (RaftServerImpl.java:setRole(184)) - d2424f4d-20d2-4104-abcc-02e6288f3ffc@group-62509A8A5C15: changes role from CANDIDATE to FOLLOWER at term 39 for DISCOVERED_A_NEW_TERM
2019-10-17 21:15:32,831 [d2424f4d-20d2-4104-abcc-02e6288f3ffc@group-62509A8A5C15-LeaderElection40] INFO  impl.RoleInfo (RoleInfo.java:shutdownLeaderElection(134)) - d2424f4d-20d2-4104-abcc-02e6288f3ffc: shutdown LeaderElection
2019-10-17 21:15:32,831 [d2424f4d-20d2-4104-abcc-02e6288f3ffc@group-62509A8A5C15-LeaderElection40] INFO  impl.RoleInfo (RoleInfo.java:updateAndGet(143)) - d2424f4d-20d2-4104-abcc-02e6288f3ffc: start FollowerState
2019-10-17 21:15:32,916 [Thread-481] INFO  impl.FollowerState (FollowerState.java:run(108)) - d2424f4d-20d2-4104-abcc-02e6288f3ffc@group-62509A8A5C15-FollowerState: change to CANDIDATE, lastRpcTime:85ms, electionTimeout:85ms
2019-10-17 21:15:32,917 [Thread-481] INFO  impl.RoleInfo (RoleInfo.java:shutdownFollowerState(121)) - d2424f4d-20d2-4104-abcc-02e6288f3ffc: shutdown FollowerState
2019-10-17 21:15:32,917 [Thread-481] INFO  impl.RaftServerImpl (RaftServerImpl.java:setRole(184)) - d2424f4d-20d2-4104-abcc-02e6288f3ffc@group-62509A8A5C15: changes role from  FOLLOWER to CANDIDATE at term 39 for changeToCandidate
2019-10-17 21:15:32,917 [Thread-481] INFO  impl.RoleInfo (RoleInfo.java:updateAndGet(143)) - d2424f4d-20d2-4104-abcc-02e6288f3ffc: start LeaderElection
2019-10-17 21:15:32,931 [d2424f4d-20d2-4104-abcc-02e6288f3ffc@group-62509A8A5C15-LeaderElection41] INFO  impl.LeaderElection (LeaderElection.java:askForVotes(178)) - d2424f4d-20d2-4104-abcc-02e6288f3ffc@group-62509A8A5C15-LeaderElection41: begin an election at term 40 for -1: [3909bd6a-278d-4911-9d70-32680c972d02:192.168.157.223:33343, d2424f4d-20d2-4104-abcc-02e6288f3ffc:192.168.157.223:39352, 7c510082-4284-44ef-8cd9-bb38fb15579f:192.168.157.223:33098], old=null
2019-10-17 21:15:32,934 [grpc-default-executor-2] INFO  impl.RaftServerImpl (RaftServerImpl.java:setRole(184)) - 3909bd6a-278d-4911-9d70-32680c972d02@group-62509A8A5C15: changes role from  FOLLOWER to FOLLOWER at term 40 for recognizeCandidate:d2424f4d-20d2-4104-abcc-02e6288f3ffc
2019-10-17 21:15:32,935 [grpc-default-executor-2] INFO  impl.RoleInfo (RoleInfo.java:shutdownFollowerState(121)) - 3909bd6a-278d-4911-9d70-32680c972d02: shutdown FollowerState
2019-10-17 21:15:32,935 [grpc-default-executor-2] INFO  impl.RoleInfo (RoleInfo.java:updateAndGet(143)) - 3909bd6a-278d-4911-9d70-32680c972d02: start FollowerState
2019-10-17 21:15:32,935 [Thread-480] INFO  impl.FollowerState (FollowerState.java:run(117)) - 3909bd6a-278d-4911-9d70-32680c972d02@group-62509A8A5C15-FollowerState was interrupted: java.lang.InterruptedException: sleep interrupted
2019-10-17 21:15:32,935 [grpc-default-executor-6] INFO  impl.RaftServerImpl (RaftServerImpl.java:setRole(184)) - 7c510082-4284-44ef-8cd9-bb38fb15579f@group-62509A8A5C15: changes role from  FOLLOWER to FOLLOWER at term 40 for recognizeCandidate:d2424f4d-20d2-4104-abcc-02e6288f3ffc
2019-10-17 21:15:32,936 [grpc-default-executor-6] INFO  impl.RoleInfo (RoleInfo.java:shutdownFollowerState(121)) - 7c510082-4284-44ef-8cd9-bb38fb15579f: shutdown FollowerState
2019-10-17 21:15:32,936 [Thread-479] INFO  impl.FollowerState (FollowerState.java:run(117)) - 7c510082-4284-44ef-8cd9-bb38fb15579f@group-62509A8A5C15-FollowerState was interrupted: java.lang.InterruptedException: sleep interrupted
2019-10-17 21:15:32,936 [grpc-default-executor-6] INFO  impl.RoleInfo (RoleInfo.java:updateAndGet(143)) - 7c510082-4284-44ef-8cd9-bb38fb15579f: start FollowerState
2019-10-17 21:15:32,950 [d2424f4d-20d2-4104-abcc-02e6288f3ffc@group-62509A8A5C15-LeaderElection41] INFO  impl.LeaderElection (LeaderElection.java:logAndReturn(56)) - d2424f4d-20d2-4104-abcc-02e6288f3ffc@group-62509A8A5C15-LeaderElection41: Election REJECTED; received 2 response(s) [d2424f4d-20d2-4104-abcc-02e6288f3ffc<-3909bd6a-278d-4911-9d70-32680c972d02#0:FAIL-t40, d2424f4d-20d2-4104-abcc-02e6288f3ffc<-7c510082-4284-44ef-8cd9-bb38fb15579f#0:FAIL-t40] and 0 exception(s); d2424f4d-20d2-4104-abcc-02e6288f3ffc@group-62509A8A5C15:t40, leader=null, voted=d2424f4d-20d2-4104-abcc-02e6288f3ffc, raftlog=d2424f4d-20d2-4104-abcc-02e6288f3ffc@group-62509A8A5C15-SegmentedRaftLog:OPENED:c-1,f-1,i0, conf=-1: [3909bd6a-278d-4911-9d70-32680c972d02:192.168.157.223:33343, d2424f4d-20d2-4104-abcc-02e6288f3ffc:192.168.157.223:39352, 7c510082-4284-44ef-8cd9-bb38fb15579f:192.168.157.223:33098], old=null
2019-10-17 21:15:32,951 [d2424f4d-20d2-4104-abcc-02e6288f3ffc@group-62509A8A5C15-LeaderElection41] INFO  impl.RaftServerImpl (RaftServerImpl.java:setRole(184)) - d2424f4d-20d2-4104-abcc-02e6288f3ffc@group-62509A8A5C15: changes role from CANDIDATE to FOLLOWER at term 40 for DISCOVERED_A_NEW_TERM
2019-10-17 21:15:32,951 [d2424f4d-20d2-4104-abcc-02e6288f3ffc@group-62509A8A5C15-LeaderElection41] INFO  impl.RoleInfo (RoleInfo.java:shutdownLeaderElection(134)) - d2424f4d-20d2-4104-abcc-02e6288f3ffc: shutdown LeaderElection
2019-10-17 21:15:32,951 [d2424f4d-20d2-4104-abcc-02e6288f3ffc@group-62509A8A5C15-LeaderElection41] INFO  impl.RoleInfo (RoleInfo.java:updateAndGet(143)) - d2424f4d-20d2-4104-abcc-02e6288f3ffc: start FollowerState
2019-10-17 21:15:33,147 [Thread-487] INFO  impl.FollowerState (FollowerState.java:run(108)) - d2424f4d-20d2-4104-abcc-02e6288f3ffc@group-62509A8A5C15-FollowerState: change to CANDIDATE, lastRpcTime:195ms, electionTimeout:195ms
2019-10-17 21:15:33,147 [Thread-487] INFO  impl.RoleInfo (RoleInfo.java:shutdownFollowerState(121)) - d2424f4d-20d2-4104-abcc-02e6288f3ffc: shutdown FollowerState
2019-10-17 21:15:33,147 [Thread-487] INFO  impl.RaftServerImpl (RaftServerImpl.java:setRole(184)) - d2424f4d-20d2-4104-abcc-02e6288f3ffc@group-62509A8A5C15: changes role from  FOLLOWER to CANDIDATE at term 40 for changeToCandidate
2019-10-17 21:15:33,147 [Thread-487] INFO  impl.RoleInfo (RoleInfo.java:updateAndGet(143)) - d2424f4d-20d2-4104-abcc-02e6288f3ffc: start LeaderElection
2019-10-17 21:15:33,174 [d2424f4d-20d2-4104-abcc-02e6288f3ffc@group-62509A8A5C15-LeaderElection42] INFO  impl.LeaderElection (LeaderElection.java:askForVotes(178)) - d2424f4d-20d2-4104-abcc-02e6288f3ffc@group-62509A8A5C15-LeaderElection42: begin an election at term 41 for -1: [3909bd6a-278d-4911-9d70-32680c972d02:192.168.157.223:33343, d2424f4d-20d2-4104-abcc-02e6288f3ffc:192.168.157.223:39352, 7c510082-4284-44ef-8cd9-bb38fb15579f:192.168.157.223:33098], old=null
2019-10-17 21:15:33,180 [grpc-default-executor-2] INFO  impl.RaftServerImpl (RaftServerImpl.java:setRole(184)) - 3909bd6a-278d-4911-9d70-32680c972d02@group-62509A8A5C15: changes role from  FOLLOWER to FOLLOWER at term 41 for recognizeCandidate:d2424f4d-20d2-4104-abcc-02e6288f3ffc
2019-10-17 21:15:33,180 [grpc-default-executor-6] INFO  impl.RaftServerImpl (RaftServerImpl.java:setRole(184)) - 7c510082-4284-44ef-8cd9-bb38fb15579f@group-62509A8A5C15: changes role from  FOLLOWER to FOLLOWER at term 41 for recognizeCandidate:d2424f4d-20d2-4104-abcc-02e6288f3ffc
2019-10-17 21:15:33,180 [grpc-default-executor-2] INFO  impl.RoleInfo (RoleInfo.java:shutdownFollowerState(121)) - 3909bd6a-278d-4911-9d70-32680c972d02: shutdown FollowerState
2019-10-17 21:15:33,180 [grpc-default-executor-6] INFO  impl.RoleInfo (RoleInfo.java:shutdownFollowerState(121)) - 7c510082-4284-44ef-8cd9-bb38fb15579f: shutdown FollowerState
2019-10-17 21:15:33,180 [grpc-default-executor-2] INFO  impl.RoleInfo (RoleInfo.java:updateAndGet(143)) - 3909bd6a-278d-4911-9d70-32680c972d02: start FollowerState
2019-10-17 21:15:33,180 [Thread-486] INFO  impl.FollowerState (FollowerState.java:run(117)) - 7c510082-4284-44ef-8cd9-bb38fb15579f@group-62509A8A5C15-FollowerState was interrupted: java.lang.InterruptedException: sleep interrupted
2019-10-17 21:15:33,180 [Thread-485] INFO  impl.FollowerState (FollowerState.java:run(117)) - 3909bd6a-278d-4911-9d70-32680c972d02@group-62509A8A5C15-FollowerState was interrupted: java.lang.InterruptedException: sleep interrupted
2019-10-17 21:15:33,180 [grpc-default-executor-6] INFO  impl.RoleInfo (RoleInfo.java:updateAndGet(143)) - 7c510082-4284-44ef-8cd9-bb38fb15579f: start FollowerState
2019-10-17 21:15:33,198 [d2424f4d-20d2-4104-abcc-02e6288f3ffc@group-62509A8A5C15-LeaderElection42] INFO  impl.LeaderElection (LeaderElection.java:logAndReturn(56)) - d2424f4d-20d2-4104-abcc-02e6288f3ffc@group-62509A8A5C15-LeaderElection42: Election REJECTED; received 2 response(s) [d2424f4d-20d2-4104-abcc-02e6288f3ffc<-3909bd6a-278d-4911-9d70-32680c972d02#0:FAIL-t41, d2424f4d-20d2-4104-abcc-02e6288f3ffc<-7c510082-4284-44ef-8cd9-bb38fb15579f#0:FAIL-t41] and 0 exception(s); d2424f4d-20d2-4104-abcc-02e6288f3ffc@group-62509A8A5C15:t41, leader=null, voted=d2424f4d-20d2-4104-abcc-02e6288f3ffc, raftlog=d2424f4d-20d2-4104-abcc-02e6288f3ffc@group-62509A8A5C15-SegmentedRaftLog:OPENED:c-1,f-1,i0, conf=-1: [3909bd6a-278d-4911-9d70-32680c972d02:192.168.157.223:33343, d2424f4d-20d2-4104-abcc-02e6288f3ffc:192.168.157.223:39352, 7c510082-4284-44ef-8cd9-bb38fb15579f:192.168.157.223:33098], old=null
2019-10-17 21:15:33,198 [d2424f4d-20d2-4104-abcc-02e6288f3ffc@group-62509A8A5C15-LeaderElection42] INFO  impl.RaftServerImpl (RaftServerImpl.java:setRole(184)) - d2424f4d-20d2-4104-abcc-02e6288f3ffc@group-62509A8A5C15: changes role from CANDIDATE to FOLLOWER at term 41 for DISCOVERED_A_NEW_TERM
2019-10-17 21:15:33,198 [d2424f4d-20d2-4104-abcc-02e6288f3ffc@group-62509A8A5C15-LeaderElection42] INFO  impl.RoleInfo (RoleInfo.java:shutdownLeaderElection(134)) - d2424f4d-20d2-4104-abcc-02e6288f3ffc: shutdown LeaderElection
2019-10-17 21:15:33,198 [d2424f4d-20d2-4104-abcc-02e6288f3ffc@group-62509A8A5C15-LeaderElection42] INFO  impl.RoleInfo (RoleInfo.java:updateAndGet(143)) - d2424f4d-20d2-4104-abcc-02e6288f3ffc: start FollowerState
2019-10-17 21:15:33,379 [Thread-493] INFO  impl.FollowerState (FollowerState.java:run(108)) - d2424f4d-20d2-4104-abcc-02e6288f3ffc@group-62509A8A5C15-FollowerState: change to CANDIDATE, lastRpcTime:180ms, electionTimeout:180ms
2019-10-17 21:15:33,379 [Thread-493] INFO  impl.RoleInfo (RoleInfo.java:shutdownFollowerState(121)) - d2424f4d-20d2-4104-abcc-02e6288f3ffc: shutdown FollowerState
2019-10-17 21:15:33,379 [Thread-493] INFO  impl.RaftServerImpl (RaftServerImpl.java:setRole(184)) - d2424f4d-20d2-4104-abcc-02e6288f3ffc@group-62509A8A5C15: changes role from  FOLLOWER to CANDIDATE at term 41 for changeToCandidate
2019-10-17 21:15:33,379 [Thread-493] INFO  impl.RoleInfo (RoleInfo.java:updateAndGet(143)) - d2424f4d-20d2-4104-abcc-02e6288f3ffc: start LeaderElection
2019-10-17 21:15:33,405 [d2424f4d-20d2-4104-abcc-02e6288f3ffc@group-62509A8A5C15-LeaderElection43] INFO  impl.LeaderElection (LeaderElection.java:askForVotes(178)) - d2424f4d-20d2-4104-abcc-02e6288f3ffc@group-62509A8A5C15-LeaderElection43: begin an election at term 42 for -1: [3909bd6a-278d-4911-9d70-32680c972d02:192.168.157.223:33343, d2424f4d-20d2-4104-abcc-02e6288f3ffc:192.168.157.223:39352, 7c510082-4284-44ef-8cd9-bb38fb15579f:192.168.157.223:33098], old=null
2019-10-17 21:15:33,409 [grpc-default-executor-2] INFO  impl.RaftServerImpl (RaftServerImpl.java:setRole(184)) - 3909bd6a-278d-4911-9d70-32680c972d02@group-62509A8A5C15: changes role from  FOLLOWER to FOLLOWER at term 42 for recognizeCandidate:d2424f4d-20d2-4104-abcc-02e6288f3ffc
2019-10-17 21:15:33,409 [grpc-default-executor-2] INFO  impl.RoleInfo (RoleInfo.java:shutdownFollowerState(121)) - 3909bd6a-278d-4911-9d70-32680c972d02: shutdown FollowerState
2019-10-17 21:15:33,409 [grpc-default-executor-2] INFO  impl.RoleInfo (RoleInfo.java:updateAndGet(143)) - 3909bd6a-278d-4911-9d70-32680c972d02: start FollowerState
2019-10-17 21:15:33,409 [Thread-491] INFO  impl.FollowerState (FollowerState.java:run(117)) - 3909bd6a-278d-4911-9d70-32680c972d02@group-62509A8A5C15-FollowerState was interrupted: java.lang.InterruptedException: sleep interrupted
2019-10-17 21:15:33,410 [grpc-default-executor-6] INFO  impl.RaftServerImpl (RaftServerImpl.java:setRole(184)) - 7c510082-4284-44ef-8cd9-bb38fb15579f@group-62509A8A5C15: changes role from  FOLLOWER to FOLLOWER at term 42 for recognizeCandidate:d2424f4d-20d2-4104-abcc-02e6288f3ffc
2019-10-17 21:15:33,410 [grpc-default-executor-6] INFO  impl.RoleInfo (RoleInfo.java:shutdownFollowerState(121)) - 7c510082-4284-44ef-8cd9-bb38fb15579f: shutdown FollowerState
2019-10-17 21:15:33,410 [grpc-default-executor-6] INFO  impl.RoleInfo (RoleInfo.java:updateAndGet(143)) - 7c510082-4284-44ef-8cd9-bb38fb15579f: start FollowerState
2019-10-17 21:15:33,410 [Thread-492] INFO  impl.FollowerState (FollowerState.java:run(117)) - 7c510082-4284-44ef-8cd9-bb38fb15579f@group-62509A8A5C15-FollowerState was interrupted: java.lang.InterruptedException: sleep interrupted
2019-10-17 21:15:33,437 [d2424f4d-20d2-4104-abcc-02e6288f3ffc@group-62509A8A5C15-LeaderElection43] INFO  impl.LeaderElection (LeaderElection.java:logAndReturn(56)) - d2424f4d-20d2-4104-abcc-02e6288f3ffc@group-62509A8A5C15-LeaderElection43: Election REJECTED; received 2 response(s) [d2424f4d-20d2-4104-abcc-02e6288f3ffc<-3909bd6a-278d-4911-9d70-32680c972d02#0:FAIL-t42, d2424f4d-20d2-4104-abcc-02e6288f3ffc<-7c510082-4284-44ef-8cd9-bb38fb15579f#0:FAIL-t42] and 0 exception(s); d2424f4d-20d2-4104-abcc-02e6288f3ffc@group-62509A8A5C15:t42, leader=null, voted=d2424f4d-20d2-4104-abcc-02e6288f3ffc, raftlog=d2424f4d-20d2-4104-abcc-02e6288f3ffc@group-62509A8A5C15-SegmentedRaftLog:OPENED:c-1,f-1,i0, conf=-1: [3909bd6a-278d-4911-9d70-32680c972d02:192.168.157.223:33343, d2424f4d-20d2-4104-abcc-02e6288f3ffc:192.168.157.223:39352, 7c510082-4284-44ef-8cd9-bb38fb15579f:192.168.157.223:33098], old=null
2019-10-17 21:15:33,437 [d2424f4d-20d2-4104-abcc-02e6288f3ffc@group-62509A8A5C15-LeaderElection43] INFO  impl.RaftServerImpl (RaftServerImpl.java:setRole(184)) - d2424f4d-20d2-4104-abcc-02e6288f3ffc@group-62509A8A5C15: changes role from CANDIDATE to FOLLOWER at term 42 for DISCOVERED_A_NEW_TERM
2019-10-17 21:15:33,437 [d2424f4d-20d2-4104-abcc-02e6288f3ffc@group-62509A8A5C15-LeaderElection43] INFO  impl.RoleInfo (RoleInfo.java:shutdownLeaderElection(134)) - d2424f4d-20d2-4104-abcc-02e6288f3ffc: shutdown LeaderElection
2019-10-17 21:15:33,438 [d2424f4d-20d2-4104-abcc-02e6288f3ffc@group-62509A8A5C15-LeaderElection43] INFO  impl.RoleInfo (RoleInfo.java:updateAndGet(143)) - d2424f4d-20d2-4104-abcc-02e6288f3ffc: start FollowerState
2019-10-17 21:15:33,458 [Thread-499] INFO  impl.FollowerState (FollowerState.java:run(108)) - d2424f4d-20d2-4104-abcc-02e6288f3ffc@group-62509A8A5C15-FollowerState: change to CANDIDATE, lastRpcTime:20ms, electionTimeout:20ms
2019-10-17 21:15:33,458 [Thread-499] INFO  impl.RoleInfo (RoleInfo.java:shutdownFollowerState(121)) - d2424f4d-20d2-4104-abcc-02e6288f3ffc: shutdown FollowerState
2019-10-17 21:15:33,459 [Thread-499] INFO  impl.RaftServerImpl (RaftServerImpl.java:setRole(184)) - d2424f4d-20d2-4104-abcc-02e6288f3ffc@group-62509A8A5C15: changes role from  FOLLOWER to CANDIDATE at term 42 for changeToCandidate
2019-10-17 21:15:33,459 [Thread-499] INFO  impl.RoleInfo (RoleInfo.java:updateAndGet(143)) - d2424f4d-20d2-4104-abcc-02e6288f3ffc: start LeaderElection
2019-10-17 21:15:33,473 [d2424f4d-20d2-4104-abcc-02e6288f3ffc@group-62509A8A5C15-LeaderElection44] INFO  impl.LeaderElection (LeaderElection.java:askForVotes(178)) - d2424f4d-20d2-4104-abcc-02e6288f3ffc@group-62509A8A5C15-LeaderElection44: begin an election at term 43 for -1: [3909bd6a-278d-4911-9d70-32680c972d02:192.168.157.223:33343, d2424f4d-20d2-4104-abcc-02e6288f3ffc:192.168.157.223:39352, 7c510082-4284-44ef-8cd9-bb38fb15579f:192.168.157.223:33098], old=null
2019-10-17 21:15:33,478 [grpc-default-executor-2] INFO  impl.RaftServerImpl (RaftServerImpl.java:setRole(184)) - 7c510082-4284-44ef-8cd9-bb38fb15579f@group-62509A8A5C15: changes role from  FOLLOWER to FOLLOWER at term 43 for recognizeCandidate:d2424f4d-20d2-4104-abcc-02e6288f3ffc
2019-10-17 21:15:33,479 [grpc-default-executor-2] INFO  impl.RoleInfo (RoleInfo.java:shutdownFollowerState(121)) - 7c510082-4284-44ef-8cd9-bb38fb15579f: shutdown FollowerState
2019-10-17 21:15:33,478 [grpc-default-executor-6] INFO  impl.RaftServerImpl (RaftServerImpl.java:setRole(184)) - 3909bd6a-278d-4911-9d70-32680c972d02@group-62509A8A5C15: changes role from  FOLLOWER to FOLLOWER at term 43 for recognizeCandidate:d2424f4d-20d2-4104-abcc-02e6288f3ffc
2019-10-17 21:15:33,479 [grpc-default-executor-2] INFO  impl.RoleInfo (RoleInfo.java:updateAndGet(143)) - 7c510082-4284-44ef-8cd9-bb38fb15579f: start FollowerState
2019-10-17 21:15:33,479 [Thread-498] INFO  impl.FollowerState (FollowerState.java:run(117)) - 7c510082-4284-44ef-8cd9-bb38fb15579f@group-62509A8A5C15-FollowerState was interrupted: java.lang.InterruptedException: sleep interrupted
2019-10-17 21:15:33,479 [grpc-default-executor-6] INFO  impl.RoleInfo (RoleInfo.java:shutdownFollowerState(121)) - 3909bd6a-278d-4911-9d70-32680c972d02: shutdown FollowerState
2019-10-17 21:15:33,480 [grpc-default-executor-6] INFO  impl.RoleInfo (RoleInfo.java:updateAndGet(143)) - 3909bd6a-278d-4911-9d70-32680c972d02: start FollowerState
2019-10-17 21:15:33,480 [Thread-497] INFO  impl.FollowerState (FollowerState.java:run(117)) - 3909bd6a-278d-4911-9d70-32680c972d02@group-62509A8A5C15-FollowerState was interrupted: java.lang.InterruptedException: sleep interrupted
2019-10-17 21:15:33,507 [d2424f4d-20d2-4104-abcc-02e6288f3ffc@group-62509A8A5C15-LeaderElection44] INFO  impl.LeaderElection (LeaderElection.java:logAndReturn(56)) - d2424f4d-20d2-4104-abcc-02e6288f3ffc@group-62509A8A5C15-LeaderElection44: Election REJECTED; received 2 response(s) [d2424f4d-20d2-4104-abcc-02e6288f3ffc<-3909bd6a-278d-4911-9d70-32680c972d02#0:FAIL-t43, d2424f4d-20d2-4104-abcc-02e6288f3ffc<-7c510082-4284-44ef-8cd9-bb38fb15579f#0:FAIL-t43] and 0 exception(s); d2424f4d-20d2-4104-abcc-02e6288f3ffc@group-62509A8A5C15:t43, leader=null, voted=d2424f4d-20d2-4104-abcc-02e6288f3ffc, raftlog=d2424f4d-20d2-4104-abcc-02e6288f3ffc@group-62509A8A5C15-SegmentedRaftLog:OPENED:c-1,f-1,i0, conf=-1: [3909bd6a-278d-4911-9d70-32680c972d02:192.168.157.223:33343, d2424f4d-20d2-4104-abcc-02e6288f3ffc:192.168.157.223:39352, 7c510082-4284-44ef-8cd9-bb38fb15579f:192.168.157.223:33098], old=null
2019-10-17 21:15:33,507 [d2424f4d-20d2-4104-abcc-02e6288f3ffc@group-62509A8A5C15-LeaderElection44] INFO  impl.RaftServerImpl (RaftServerImpl.java:setRole(184)) - d2424f4d-20d2-4104-abcc-02e6288f3ffc@group-62509A8A5C15: changes role from CANDIDATE to FOLLOWER at term 43 for DISCOVERED_A_NEW_TERM
2019-10-17 21:15:33,507 [d2424f4d-20d2-4104-abcc-02e6288f3ffc@group-62509A8A5C15-LeaderElection44] INFO  impl.RoleInfo (RoleInfo.java:shutdownLeaderElection(134)) - d2424f4d-20d2-4104-abcc-02e6288f3ffc: shutdown LeaderElection
2019-10-17 21:15:33,508 [d2424f4d-20d2-4104-abcc-02e6288f3ffc@group-62509A8A5C15-LeaderElection44] INFO  impl.RoleInfo (RoleInfo.java:updateAndGet(143)) - d2424f4d-20d2-4104-abcc-02e6288f3ffc: start FollowerState
2019-10-17 21:15:33,658 [Thread-506] INFO  impl.FollowerState (FollowerState.java:run(108)) - d2424f4d-20d2-4104-abcc-02e6288f3ffc@group-62509A8A5C15-FollowerState: change to CANDIDATE, lastRpcTime:150ms, electionTimeout:149ms
2019-10-17 21:15:33,659 [Thread-506] INFO  impl.RoleInfo (RoleInfo.java:shutdownFollowerState(121)) - d2424f4d-20d2-4104-abcc-02e6288f3ffc: shutdown FollowerState
2019-10-17 21:15:33,659 [Thread-506] INFO  impl.RaftServerImpl (RaftServerImpl.java:setRole(184)) - d2424f4d-20d2-4104-abcc-02e6288f3ffc@group-62509A8A5C15: changes role from  FOLLOWER to CANDIDATE at term 43 for changeToCandidate
2019-10-17 21:15:33,659 [Thread-506] INFO  impl.RoleInfo (RoleInfo.java:updateAndGet(143)) - d2424f4d-20d2-4104-abcc-02e6288f3ffc: start LeaderElection
2019-10-17 21:15:33,694 [d2424f4d-20d2-4104-abcc-02e6288f3ffc@group-62509A8A5C15-LeaderElection45] INFO  impl.LeaderElection (LeaderElection.java:askForVotes(178)) - d2424f4d-20d2-4104-abcc-02e6288f3ffc@group-62509A8A5C15-LeaderElection45: begin an election at term 44 for -1: [3909bd6a-278d-4911-9d70-32680c972d02:192.168.157.223:33343, d2424f4d-20d2-4104-abcc-02e6288f3ffc:192.168.157.223:39352, 7c510082-4284-44ef-8cd9-bb38fb15579f:192.168.157.223:33098], old=null
2019-10-17 21:15:33,697 [grpc-default-executor-4] INFO  impl.RaftServerImpl (RaftServerImpl.java:setRole(184)) - 7c510082-4284-44ef-8cd9-bb38fb15579f@group-62509A8A5C15: changes role from  FOLLOWER to FOLLOWER at term 44 for recognizeCandidate:d2424f4d-20d2-4104-abcc-02e6288f3ffc
2019-10-17 21:15:33,697 [grpc-default-executor-6] INFO  impl.RaftServerImpl (RaftServerImpl.java:setRole(184)) - 3909bd6a-278d-4911-9d70-32680c972d02@group-62509A8A5C15: changes role from  FOLLOWER to FOLLOWER at term 44 for recognizeCandidate:d2424f4d-20d2-4104-abcc-02e6288f3ffc
2019-10-17 21:15:33,697 [grpc-default-executor-4] INFO  impl.RoleInfo (RoleInfo.java:shutdownFollowerState(121)) - 7c510082-4284-44ef-8cd9-bb38fb15579f: shutdown FollowerState
2019-10-17 21:15:33,697 [grpc-default-executor-6] INFO  impl.RoleInfo (RoleInfo.java:shutdownFollowerState(121)) - 3909bd6a-278d-4911-9d70-32680c972d02: shutdown FollowerState
2019-10-17 21:15:33,698 [Thread-503] INFO  impl.FollowerState (FollowerState.java:run(117)) - 7c510082-4284-44ef-8cd9-bb38fb15579f@group-62509A8A5C15-FollowerState was interrupted: java.lang.InterruptedException: sleep interrupted
2019-10-17 21:15:33,698 [grpc-default-executor-6] INFO  impl.RoleInfo (RoleInfo.java:updateAndGet(143)) - 3909bd6a-278d-4911-9d70-32680c972d02: start FollowerState
2019-10-17 21:15:33,698 [grpc-default-executor-4] INFO  impl.RoleInfo (RoleInfo.java:updateAndGet(143)) - 7c510082-4284-44ef-8cd9-bb38fb15579f: start FollowerState
2019-10-17 21:15:33,698 [Thread-504] INFO  impl.FollowerState (FollowerState.java:run(117)) - 3909bd6a-278d-4911-9d70-32680c972d02@group-62509A8A5C15-FollowerState was interrupted: java.lang.InterruptedException: sleep interrupted
2019-10-17 21:15:33,731 [d2424f4d-20d2-4104-abcc-02e6288f3ffc@group-62509A8A5C15-LeaderElection45] INFO  impl.LeaderElection (LeaderElection.java:logAndReturn(56)) - d2424f4d-20d2-4104-abcc-02e6288f3ffc@group-62509A8A5C15-LeaderElection45: Election REJECTED; received 2 response(s) [d2424f4d-20d2-4104-abcc-02e6288f3ffc<-3909bd6a-278d-4911-9d70-32680c972d02#0:FAIL-t44, d2424f4d-20d2-4104-abcc-02e6288f3ffc<-7c510082-4284-44ef-8cd9-bb38fb15579f#0:FAIL-t44] and 0 exception(s); d2424f4d-20d2-4104-abcc-02e6288f3ffc@group-62509A8A5C15:t44, leader=null, voted=d2424f4d-20d2-4104-abcc-02e6288f3ffc, raftlog=d2424f4d-20d2-4104-abcc-02e6288f3ffc@group-62509A8A5C15-SegmentedRaftLog:OPENED:c-1,f-1,i0, conf=-1: [3909bd6a-278d-4911-9d70-32680c972d02:192.168.157.223:33343, d2424f4d-20d2-4104-abcc-02e6288f3ffc:192.168.157.223:39352, 7c510082-4284-44ef-8cd9-bb38fb15579f:192.168.157.223:33098], old=null
2019-10-17 21:15:33,731 [d2424f4d-20d2-4104-abcc-02e6288f3ffc@group-62509A8A5C15-LeaderElection45] INFO  impl.RaftServerImpl (RaftServerImpl.java:setRole(184)) - d2424f4d-20d2-4104-abcc-02e6288f3ffc@group-62509A8A5C15: changes role from CANDIDATE to FOLLOWER at term 44 for DISCOVERED_A_NEW_TERM
2019-10-17 21:15:33,731 [d2424f4d-20d2-4104-abcc-02e6288f3ffc@group-62509A8A5C15-LeaderElection45] INFO  impl.RoleInfo (RoleInfo.java:shutdownLeaderElection(134)) - d2424f4d-20d2-4104-abcc-02e6288f3ffc: shutdown LeaderElection
2019-10-17 21:15:33,732 [d2424f4d-20d2-4104-abcc-02e6288f3ffc@group-62509A8A5C15-LeaderElection45] INFO  impl.RoleInfo (RoleInfo.java:updateAndGet(143)) - d2424f4d-20d2-4104-abcc-02e6288f3ffc: start FollowerState
2019-10-17 21:15:33,828 [Thread-513] INFO  impl.FollowerState (FollowerState.java:run(108)) - d2424f4d-20d2-4104-abcc-02e6288f3ffc@group-62509A8A5C15-FollowerState: change to CANDIDATE, lastRpcTime:96ms, electionTimeout:96ms
2019-10-17 21:15:33,828 [Thread-513] INFO  impl.RoleInfo (RoleInfo.java:shutdownFollowerState(121)) - d2424f4d-20d2-4104-abcc-02e6288f3ffc: shutdown FollowerState
2019-10-17 21:15:33,828 [Thread-513] INFO  impl.RaftServerImpl (RaftServerImpl.java:setRole(184)) - d2424f4d-20d2-4104-abcc-02e6288f3ffc@group-62509A8A5C15: changes role from  FOLLOWER to CANDIDATE at term 44 for changeToCandidate
2019-10-17 21:15:33,829 [Thread-513] INFO  impl.RoleInfo (RoleInfo.java:updateAndGet(143)) - d2424f4d-20d2-4104-abcc-02e6288f3ffc: start LeaderElection
2019-10-17 21:15:33,842 [d2424f4d-20d2-4104-abcc-02e6288f3ffc@group-62509A8A5C15-LeaderElection46] INFO  impl.LeaderElection (LeaderElection.java:askForVotes(178)) - d2424f4d-20d2-4104-abcc-02e6288f3ffc@group-62509A8A5C15-LeaderElection46: begin an election at term 45 for -1: [3909bd6a-278d-4911-9d70-32680c972d02:192.168.157.223:33343, d2424f4d-20d2-4104-abcc-02e6288f3ffc:192.168.157.223:39352, 7c510082-4284-44ef-8cd9-bb38fb15579f:192.168.157.223:33098], old=null
2019-10-17 21:15:33,846 [grpc-default-executor-6] INFO  impl.RaftServerImpl (RaftServerImpl.java:setRole(184)) - 3909bd6a-278d-4911-9d70-32680c972d02@group-62509A8A5C15: changes role from  FOLLOWER to FOLLOWER at term 45 for recognizeCandidate:d2424f4d-20d2-4104-abcc-02e6288f3ffc
2019-10-17 21:15:33,846 [grpc-default-executor-4] INFO  impl.RaftServerImpl (RaftServerImpl.java:setRole(184)) - 7c510082-4284-44ef-8cd9-bb38fb15579f@group-62509A8A5C15: changes role from  FOLLOWER to FOLLOWER at term 45 for recognizeCandidate:d2424f4d-20d2-4104-abcc-02e6288f3ffc
2019-10-17 21:15:33,846 [grpc-default-executor-6] INFO  impl.RoleInfo (RoleInfo.java:shutdownFollowerState(121)) - 3909bd6a-278d-4911-9d70-32680c972d02: shutdown FollowerState
2019-10-17 21:15:33,846 [grpc-default-executor-4] INFO  impl.RoleInfo (RoleInfo.java:shutdownFollowerState(121)) - 7c510082-4284-44ef-8cd9-bb38fb15579f: shutdown FollowerState
2019-10-17 21:15:33,846 [grpc-default-executor-6] INFO  impl.RoleInfo (RoleInfo.java:updateAndGet(143)) - 3909bd6a-278d-4911-9d70-32680c972d02: start FollowerState
2019-10-17 21:15:33,846 [Thread-512] INFO  impl.FollowerState (FollowerState.java:run(117)) - 3909bd6a-278d-4911-9d70-32680c972d02@group-62509A8A5C15-FollowerState was interrupted: java.lang.InterruptedException: sleep interrupted
2019-10-17 21:15:33,846 [Thread-511] INFO  impl.FollowerState (FollowerState.java:run(117)) - 7c510082-4284-44ef-8cd9-bb38fb15579f@group-62509A8A5C15-FollowerState was interrupted: java.lang.InterruptedException: sleep interrupted
2019-10-17 21:15:33,846 [grpc-default-executor-4] INFO  impl.RoleInfo (RoleInfo.java:updateAndGet(143)) - 7c510082-4284-44ef-8cd9-bb38fb15579f: start FollowerState
2019-10-17 21:15:33,873 [d2424f4d-20d2-4104-abcc-02e6288f3ffc@group-62509A8A5C15-LeaderElection46] INFO  impl.LeaderElection (LeaderElection.java:logAndReturn(56)) - d2424f4d-20d2-4104-abcc-02e6288f3ffc@group-62509A8A5C15-LeaderElection46: Election REJECTED; received 2 response(s) [d2424f4d-20d2-4104-abcc-02e6288f3ffc<-3909bd6a-278d-4911-9d70-32680c972d02#0:FAIL-t45, d2424f4d-20d2-4104-abcc-02e6288f3ffc<-7c510082-4284-44ef-8cd9-bb38fb15579f#0:FAIL-t45] and 0 exception(s); d2424f4d-20d2-4104-abcc-02e6288f3ffc@group-62509A8A5C15:t45, leader=null, voted=d2424f4d-20d2-4104-abcc-02e6288f3ffc, raftlog=d2424f4d-20d2-4104-abcc-02e6288f3ffc@group-62509A8A5C15-SegmentedRaftLog:OPENED:c-1,f-1,i0, conf=-1: [3909bd6a-278d-4911-9d70-32680c972d02:192.168.157.223:33343, d2424f4d-20d2-4104-abcc-02e6288f3ffc:192.168.157.223:39352, 7c510082-4284-44ef-8cd9-bb38fb15579f:192.168.157.223:33098], old=null
2019-10-17 21:15:33,873 [d2424f4d-20d2-4104-abcc-02e6288f3ffc@group-62509A8A5C15-LeaderElection46] INFO  impl.RaftServerImpl (RaftServerImpl.java:setRole(184)) - d2424f4d-20d2-4104-abcc-02e6288f3ffc@group-62509A8A5C15: changes role from CANDIDATE to FOLLOWER at term 45 for DISCOVERED_A_NEW_TERM
2019-10-17 21:15:33,873 [d2424f4d-20d2-4104-abcc-02e6288f3ffc@group-62509A8A5C15-LeaderElection46] INFO  impl.RoleInfo (RoleInfo.java:shutdownLeaderElection(134)) - d2424f4d-20d2-4104-abcc-02e6288f3ffc: shutdown LeaderElection
2019-10-17 21:15:33,873 [d2424f4d-20d2-4104-abcc-02e6288f3ffc@group-62509A8A5C15-LeaderElection46] INFO  impl.RoleInfo (RoleInfo.java:updateAndGet(143)) - d2424f4d-20d2-4104-abcc-02e6288f3ffc: start FollowerState
2019-10-17 21:15:34,012 [Thread-519] INFO  impl.FollowerState (FollowerState.java:run(108)) - d2424f4d-20d2-4104-abcc-02e6288f3ffc@group-62509A8A5C15-FollowerState: change to CANDIDATE, lastRpcTime:138ms, electionTimeout:138ms
2019-10-17 21:15:34,012 [Thread-519] INFO  impl.RoleInfo (RoleInfo.java:shutdownFollowerState(121)) - d2424f4d-20d2-4104-abcc-02e6288f3ffc: shutdown FollowerState
2019-10-17 21:15:34,012 [Thread-519] INFO  impl.RaftServerImpl (RaftServerImpl.java:setRole(184)) - d2424f4d-20d2-4104-abcc-02e6288f3ffc@group-62509A8A5C15: changes role from  FOLLOWER to CANDIDATE at term 45 for changeToCandidate
2019-10-17 21:15:34,013 [Thread-519] INFO  impl.RoleInfo (RoleInfo.java:updateAndGet(143)) - d2424f4d-20d2-4104-abcc-02e6288f3ffc: start LeaderElection
2019-10-17 21:15:34,038 [d2424f4d-20d2-4104-abcc-02e6288f3ffc@group-62509A8A5C15-LeaderElection47] INFO  impl.LeaderElection (LeaderElection.java:askForVotes(178)) - d2424f4d-20d2-4104-abcc-02e6288f3ffc@group-62509A8A5C15-LeaderElection47: begin an election at term 46 for -1: [3909bd6a-278d-4911-9d70-32680c972d02:192.168.157.223:33343, d2424f4d-20d2-4104-abcc-02e6288f3ffc:192.168.157.223:39352, 7c510082-4284-44ef-8cd9-bb38fb15579f:192.168.157.223:33098], old=null
2019-10-17 21:15:34,041 [grpc-default-executor-6] INFO  impl.RaftServerImpl (RaftServerImpl.java:setRole(184)) - 3909bd6a-278d-4911-9d70-32680c972d02@group-62509A8A5C15: changes role from  FOLLOWER to FOLLOWER at term 46 for recognizeCandidate:d2424f4d-20d2-4104-abcc-02e6288f3ffc
2019-10-17 21:15:34,041 [grpc-default-executor-6] INFO  impl.RoleInfo (RoleInfo.java:shutdownFollowerState(121)) - 3909bd6a-278d-4911-9d70-32680c972d02: shutdown FollowerState
2019-10-17 21:15:34,041 [grpc-default-executor-6] INFO  impl.RoleInfo (RoleInfo.java:updateAndGet(143)) - 3909bd6a-278d-4911-9d70-32680c972d02: start FollowerState
2019-10-17 21:15:34,041 [Thread-517] INFO  impl.FollowerState (FollowerState.java:run(117)) - 3909bd6a-278d-4911-9d70-32680c972d02@group-62509A8A5C15-FollowerState was interrupted: java.lang.InterruptedException: sleep interrupted
2019-10-17 21:15:34,041 [grpc-default-executor-4] INFO  impl.RaftServerImpl (RaftServerImpl.java:setRole(184)) - 7c510082-4284-44ef-8cd9-bb38fb15579f@group-62509A8A5C15: changes role from  FOLLOWER to FOLLOWER at term 46 for recognizeCandidate:d2424f4d-20d2-4104-abcc-02e6288f3ffc
2019-10-17 21:15:34,042 [grpc-default-executor-4] INFO  impl.RoleInfo (RoleInfo.java:shutdownFollowerState(121)) - 7c510082-4284-44ef-8cd9-bb38fb15579f: shutdown FollowerState
2019-10-17 21:15:34,042 [grpc-default-executor-4] INFO  impl.RoleInfo (RoleInfo.java:updateAndGet(143)) - 7c510082-4284-44ef-8cd9-bb38fb15579f: start FollowerState
2019-10-17 21:15:34,042 [Thread-518] INFO  impl.FollowerState (FollowerState.java:run(117)) - 7c510082-4284-44ef-8cd9-bb38fb15579f@group-62509A8A5C15-FollowerState was interrupted: java.lang.InterruptedException: sleep interrupted
2019-10-17 21:15:34,068 [d2424f4d-20d2-4104-abcc-02e6288f3ffc@group-62509A8A5C15-LeaderElection47] INFO  impl.LeaderElection (LeaderElection.java:logAndReturn(56)) - d2424f4d-20d2-4104-abcc-02e6288f3ffc@group-62509A8A5C15-LeaderElection47: Election REJECTED; received 2 response(s) [d2424f4d-20d2-4104-abcc-02e6288f3ffc<-3909bd6a-278d-4911-9d70-32680c972d02#0:FAIL-t46, d2424f4d-20d2-4104-abcc-02e6288f3ffc<-7c510082-4284-44ef-8cd9-bb38fb15579f#0:FAIL-t46] and 0 exception(s); d2424f4d-20d2-4104-abcc-02e6288f3ffc@group-62509A8A5C15:t46, leader=null, voted=d2424f4d-20d2-4104-abcc-02e6288f3ffc, raftlog=d2424f4d-20d2-4104-abcc-02e6288f3ffc@group-62509A8A5C15-SegmentedRaftLog:OPENED:c-1,f-1,i0, conf=-1: [3909bd6a-278d-4911-9d70-32680c972d02:192.168.157.223:33343, d2424f4d-20d2-4104-abcc-02e6288f3ffc:192.168.157.223:39352, 7c510082-4284-44ef-8cd9-bb38fb15579f:192.168.157.223:33098], old=null
2019-10-17 21:15:34,068 [d2424f4d-20d2-4104-abcc-02e6288f3ffc@group-62509A8A5C15-LeaderElection47] INFO  impl.RaftServerImpl (RaftServerImpl.java:setRole(184)) - d2424f4d-20d2-4104-abcc-02e6288f3ffc@group-62509A8A5C15: changes role from CANDIDATE to FOLLOWER at term 46 for DISCOVERED_A_NEW_TERM
2019-10-17 21:15:34,068 [d2424f4d-20d2-4104-abcc-02e6288f3ffc@group-62509A8A5C15-LeaderElection47] INFO  impl.RoleInfo (RoleInfo.java:shutdownLeaderElection(134)) - d2424f4d-20d2-4104-abcc-02e6288f3ffc: shutdown LeaderElection
2019-10-17 21:15:34,069 [d2424f4d-20d2-4104-abcc-02e6288f3ffc@group-62509A8A5C15-LeaderElection47] INFO  impl.RoleInfo (RoleInfo.java:updateAndGet(143)) - d2424f4d-20d2-4104-abcc-02e6288f3ffc: start FollowerState
2019-10-17 21:15:34,209 [Thread-525] INFO  impl.FollowerState (FollowerState.java:run(108)) - d2424f4d-20d2-4104-abcc-02e6288f3ffc@group-62509A8A5C15-FollowerState: change to CANDIDATE, lastRpcTime:140ms, electionTimeout:140ms
2019-10-17 21:15:34,209 [Thread-525] INFO  impl.RoleInfo (RoleInfo.java:shutdownFollowerState(121)) - d2424f4d-20d2-4104-abcc-02e6288f3ffc: shutdown FollowerState
2019-10-17 21:15:34,209 [Thread-525] INFO  impl.RaftServerImpl (RaftServerImpl.java:setRole(184)) - d2424f4d-20d2-4104-abcc-02e6288f3ffc@group-62509A8A5C15: changes role from  FOLLOWER to CANDIDATE at term 46 for changeToCandidate
2019-10-17 21:15:34,209 [Thread-525] INFO  impl.RoleInfo (RoleInfo.java:updateAndGet(143)) - d2424f4d-20d2-4104-abcc-02e6288f3ffc: start LeaderElection
2019-10-17 21:15:34,224 [d2424f4d-20d2-4104-abcc-02e6288f3ffc@group-62509A8A5C15-LeaderElection48] INFO  impl.LeaderElection (LeaderElection.java:askForVotes(178)) - d2424f4d-20d2-4104-abcc-02e6288f3ffc@group-62509A8A5C15-LeaderElection48: begin an election at term 47 for -1: [3909bd6a-278d-4911-9d70-32680c972d02:192.168.157.223:33343, d2424f4d-20d2-4104-abcc-02e6288f3ffc:192.168.157.223:39352, 7c510082-4284-44ef-8cd9-bb38fb15579f:192.168.157.223:33098], old=null
2019-10-17 21:15:34,227 [grpc-default-executor-4] INFO  impl.RaftServerImpl (RaftServerImpl.java:setRole(184)) - 3909bd6a-278d-4911-9d70-32680c972d02@group-62509A8A5C15: changes role from  FOLLOWER to FOLLOWER at term 47 for recognizeCandidate:d2424f4d-20d2-4104-abcc-02e6288f3ffc
2019-10-17 21:15:34,227 [grpc-default-executor-6] INFO  impl.RaftServerImpl (RaftServerImpl.java:setRole(184)) - 7c510082-4284-44ef-8cd9-bb38fb15579f@group-62509A8A5C15: changes role from  FOLLOWER to FOLLOWER at term 47 for recognizeCandidate:d2424f4d-20d2-4104-abcc-02e6288f3ffc
2019-10-17 21:15:34,228 [grpc-default-executor-4] INFO  impl.RoleInfo (RoleInfo.java:shutdownFollowerState(121)) - 3909bd6a-278d-4911-9d70-32680c972d02: shutdown FollowerState
2019-10-17 21:15:34,228 [grpc-default-executor-6] INFO  impl.RoleInfo (RoleInfo.java:shutdownFollowerState(121)) - 7c510082-4284-44ef-8cd9-bb38fb15579f: shutdown FollowerState
2019-10-17 21:15:34,228 [grpc-default-executor-4] INFO  impl.RoleInfo (RoleInfo.java:updateAndGet(143)) - 3909bd6a-278d-4911-9d70-32680c972d02: start FollowerState
2019-10-17 21:15:34,228 [Thread-523] INFO  impl.FollowerState (FollowerState.java:run(117)) - 3909bd6a-278d-4911-9d70-32680c972d02@group-62509A8A5C15-FollowerState was interrupted: java.lang.InterruptedException: sleep interrupted
2019-10-17 21:15:34,228 [Thread-524] INFO  impl.FollowerState (FollowerState.java:run(117)) - 7c510082-4284-44ef-8cd9-bb38fb15579f@group-62509A8A5C15-FollowerState was interrupted: java.lang.InterruptedException: sleep interrupted
2019-10-17 21:15:34,228 [grpc-default-executor-6] INFO  impl.RoleInfo (RoleInfo.java:updateAndGet(143)) - 7c510082-4284-44ef-8cd9-bb38fb15579f: start FollowerState
2019-10-17 21:15:34,247 [d2424f4d-20d2-4104-abcc-02e6288f3ffc@group-62509A8A5C15-LeaderElection48] INFO  impl.LeaderElection (LeaderElection.java:logAndReturn(56)) - d2424f4d-20d2-4104-abcc-02e6288f3ffc@group-62509A8A5C15-LeaderElection48: Election REJECTED; received 2 response(s) [d2424f4d-20d2-4104-abcc-02e6288f3ffc<-3909bd6a-278d-4911-9d70-32680c972d02#0:FAIL-t47, d2424f4d-20d2-4104-abcc-02e6288f3ffc<-7c510082-4284-44ef-8cd9-bb38fb15579f#0:FAIL-t47] and 0 exception(s); d2424f4d-20d2-4104-abcc-02e6288f3ffc@group-62509A8A5C15:t47, leader=null, voted=d2424f4d-20d2-4104-abcc-02e6288f3ffc, raftlog=d2424f4d-20d2-4104-abcc-02e6288f3ffc@group-62509A8A5C15-SegmentedRaftLog:OPENED:c-1,f-1,i0, conf=-1: [3909bd6a-278d-4911-9d70-32680c972d02:192.168.157.223:33343, d2424f4d-20d2-4104-abcc-02e6288f3ffc:192.168.157.223:39352, 7c510082-4284-44ef-8cd9-bb38fb15579f:192.168.157.223:33098], old=null
2019-10-17 21:15:34,248 [d2424f4d-20d2-4104-abcc-02e6288f3ffc@group-62509A8A5C15-LeaderElection48] INFO  impl.RaftServerImpl (RaftServerImpl.java:setRole(184)) - d2424f4d-20d2-4104-abcc-02e6288f3ffc@group-62509A8A5C15: changes role from CANDIDATE to FOLLOWER at term 47 for DISCOVERED_A_NEW_TERM
2019-10-17 21:15:34,248 [d2424f4d-20d2-4104-abcc-02e6288f3ffc@group-62509A8A5C15-LeaderElection48] INFO  impl.RoleInfo (RoleInfo.java:shutdownLeaderElection(134)) - d2424f4d-20d2-4104-abcc-02e6288f3ffc: shutdown LeaderElection
2019-10-17 21:15:34,248 [d2424f4d-20d2-4104-abcc-02e6288f3ffc@group-62509A8A5C15-LeaderElection48] INFO  impl.RoleInfo (RoleInfo.java:updateAndGet(143)) - d2424f4d-20d2-4104-abcc-02e6288f3ffc: start FollowerState
2019-10-17 21:15:34,438 [Thread-531] INFO  impl.FollowerState (FollowerState.java:run(108)) - d2424f4d-20d2-4104-abcc-02e6288f3ffc@group-62509A8A5C15-FollowerState: change to CANDIDATE, lastRpcTime:190ms, electionTimeout:190ms
2019-10-17 21:15:34,439 [Thread-531] INFO  impl.RoleInfo (RoleInfo.java:shutdownFollowerState(121)) - d2424f4d-20d2-4104-abcc-02e6288f3ffc: shutdown FollowerState
2019-10-17 21:15:34,439 [Thread-531] INFO  impl.RaftServerImpl (RaftServerImpl.java:setRole(184)) - d2424f4d-20d2-4104-abcc-02e6288f3ffc@group-62509A8A5C15: changes role from  FOLLOWER to CANDIDATE at term 47 for changeToCandidate
2019-10-17 21:15:34,439 [Thread-531] INFO  impl.RoleInfo (RoleInfo.java:updateAndGet(143)) - d2424f4d-20d2-4104-abcc-02e6288f3ffc: start LeaderElection
2019-10-17 21:15:34,464 [d2424f4d-20d2-4104-abcc-02e6288f3ffc@group-62509A8A5C15-LeaderElection49] INFO  impl.LeaderElection (LeaderElection.java:askForVotes(178)) - d2424f4d-20d2-4104-abcc-02e6288f3ffc@group-62509A8A5C15-LeaderElection49: begin an election at term 48 for -1: [3909bd6a-278d-4911-9d70-32680c972d02:192.168.157.223:33343, d2424f4d-20d2-4104-abcc-02e6288f3ffc:192.168.157.223:39352, 7c510082-4284-44ef-8cd9-bb38fb15579f:192.168.157.223:33098], old=null
2019-10-17 21:15:34,467 [grpc-default-executor-6] INFO  impl.RaftServerImpl (RaftServerImpl.java:setRole(184)) - 3909bd6a-278d-4911-9d70-32680c972d02@group-62509A8A5C15: changes role from  FOLLOWER to FOLLOWER at term 48 for recognizeCandidate:d2424f4d-20d2-4104-abcc-02e6288f3ffc
2019-10-17 21:15:34,467 [grpc-default-executor-6] INFO  impl.RoleInfo (RoleInfo.java:shutdownFollowerState(121)) - 3909bd6a-278d-4911-9d70-32680c972d02: shutdown FollowerState
2019-10-17 21:15:34,467 [grpc-default-executor-4] INFO  impl.RaftServerImpl (RaftServerImpl.java:setRole(184)) - 7c510082-4284-44ef-8cd9-bb38fb15579f@group-62509A8A5C15: changes role from  FOLLOWER to FOLLOWER at term 48 for recognizeCandidate:d2424f4d-20d2-4104-abcc-02e6288f3ffc
2019-10-17 21:15:34,468 [grpc-default-executor-6] INFO  impl.RoleInfo (RoleInfo.java:updateAndGet(143)) - 3909bd6a-278d-4911-9d70-32680c972d02: start FollowerState
2019-10-17 21:15:34,468 [Thread-529] INFO  impl.FollowerState (FollowerState.java:run(117)) - 3909bd6a-278d-4911-9d70-32680c972d02@group-62509A8A5C15-FollowerState was interrupted: java.lang.InterruptedException: sleep interrupted
2019-10-17 21:15:34,468 [grpc-default-executor-4] INFO  impl.RoleInfo (RoleInfo.java:shutdownFollowerState(121)) - 7c510082-4284-44ef-8cd9-bb38fb15579f: shutdown FollowerState
2019-10-17 21:15:34,468 [grpc-default-executor-4] INFO  impl.RoleInfo (RoleInfo.java:updateAndGet(143)) - 7c510082-4284-44ef-8cd9-bb38fb15579f: start FollowerState
2019-10-17 21:15:34,468 [Thread-530] INFO  impl.FollowerState (FollowerState.java:run(117)) - 7c510082-4284-44ef-8cd9-bb38fb15579f@group-62509A8A5C15-FollowerState was interrupted: java.lang.InterruptedException: sleep interrupted
2019-10-17 21:15:34,483 [d2424f4d-20d2-4104-abcc-02e6288f3ffc@group-62509A8A5C15-LeaderElection49] INFO  impl.LeaderElection (LeaderElection.java:logAndReturn(56)) - d2424f4d-20d2-4104-abcc-02e6288f3ffc@group-62509A8A5C15-LeaderElection49: Election REJECTED; received 2 response(s) [d2424f4d-20d2-4104-abcc-02e6288f3ffc<-3909bd6a-278d-4911-9d70-32680c972d02#0:FAIL-t48, d2424f4d-20d2-4104-abcc-02e6288f3ffc<-7c510082-4284-44ef-8cd9-bb38fb15579f#0:FAIL-t48] and 0 exception(s); d2424f4d-20d2-4104-abcc-02e6288f3ffc@group-62509A8A5C15:t48, leader=null, voted=d2424f4d-20d2-4104-abcc-02e6288f3ffc, raftlog=d2424f4d-20d2-4104-abcc-02e6288f3ffc@group-62509A8A5C15-SegmentedRaftLog:OPENED:c-1,f-1,i0, conf=-1: [3909bd6a-278d-4911-9d70-32680c972d02:192.168.157.223:33343, d2424f4d-20d2-4104-abcc-02e6288f3ffc:192.168.157.223:39352, 7c510082-4284-44ef-8cd9-bb38fb15579f:192.168.157.223:33098], old=null
2019-10-17 21:15:34,483 [d2424f4d-20d2-4104-abcc-02e6288f3ffc@group-62509A8A5C15-LeaderElection49] INFO  impl.RaftServerImpl (RaftServerImpl.java:setRole(184)) - d2424f4d-20d2-4104-abcc-02e6288f3ffc@group-62509A8A5C15: changes role from CANDIDATE to FOLLOWER at term 48 for DISCOVERED_A_NEW_TERM
2019-10-17 21:15:34,483 [d2424f4d-20d2-4104-abcc-02e6288f3ffc@group-62509A8A5C15-LeaderElection49] INFO  impl.RoleInfo (RoleInfo.java:shutdownLeaderElection(134)) - d2424f4d-20d2-4104-abcc-02e6288f3ffc: shutdown LeaderElection
2019-10-17 21:15:34,483 [d2424f4d-20d2-4104-abcc-02e6288f3ffc@group-62509A8A5C15-LeaderElection49] INFO  impl.RoleInfo (RoleInfo.java:updateAndGet(143)) - d2424f4d-20d2-4104-abcc-02e6288f3ffc: start FollowerState
2019-10-17 21:15:34,510 [Thread-537] INFO  impl.FollowerState (FollowerState.java:run(108)) - d2424f4d-20d2-4104-abcc-02e6288f3ffc@group-62509A8A5C15-FollowerState: change to CANDIDATE, lastRpcTime:26ms, electionTimeout:26ms
2019-10-17 21:15:34,510 [Thread-537] INFO  impl.RoleInfo (RoleInfo.java:shutdownFollowerState(121)) - d2424f4d-20d2-4104-abcc-02e6288f3ffc: shutdown FollowerState
2019-10-17 21:15:34,510 [Thread-537] INFO  impl.RaftServerImpl (RaftServerImpl.java:setRole(184)) - d2424f4d-20d2-4104-abcc-02e6288f3ffc@group-62509A8A5C15: changes role from  FOLLOWER to CANDIDATE at term 48 for changeToCandidate
2019-10-17 21:15:34,510 [Thread-537] INFO  impl.RoleInfo (RoleInfo.java:updateAndGet(143)) - d2424f4d-20d2-4104-abcc-02e6288f3ffc: start LeaderElection
2019-10-17 21:15:34,524 [d2424f4d-20d2-4104-abcc-02e6288f3ffc@group-62509A8A5C15-LeaderElection50] INFO  impl.LeaderElection (LeaderElection.java:askForVotes(178)) - d2424f4d-20d2-4104-abcc-02e6288f3ffc@group-62509A8A5C15-LeaderElection50: begin an election at term 49 for -1: [3909bd6a-278d-4911-9d70-32680c972d02:192.168.157.223:33343, d2424f4d-20d2-4104-abcc-02e6288f3ffc:192.168.157.223:39352, 7c510082-4284-44ef-8cd9-bb38fb15579f:192.168.157.223:33098], old=null
2019-10-17 21:15:34,530 [grpc-default-executor-2] INFO  impl.RaftServerImpl (RaftServerImpl.java:setRole(184)) - 7c510082-4284-44ef-8cd9-bb38fb15579f@group-62509A8A5C15: changes role from  FOLLOWER to FOLLOWER at term 49 for recognizeCandidate:d2424f4d-20d2-4104-abcc-02e6288f3ffc
2019-10-17 21:15:34,530 [grpc-default-executor-4] INFO  impl.RaftServerImpl (RaftServerImpl.java:setRole(184)) - 3909bd6a-278d-4911-9d70-32680c972d02@group-62509A8A5C15: changes role from  FOLLOWER to FOLLOWER at term 49 for recognizeCandidate:d2424f4d-20d2-4104-abcc-02e6288f3ffc
2019-10-17 21:15:34,530 [grpc-default-executor-2] INFO  impl.RoleInfo (RoleInfo.java:shutdownFollowerState(121)) - 7c510082-4284-44ef-8cd9-bb38fb15579f: shutdown FollowerState
2019-10-17 21:15:34,530 [grpc-default-executor-4] INFO  impl.RoleInfo (RoleInfo.java:shutdownFollowerState(121)) - 3909bd6a-278d-4911-9d70-32680c972d02: shutdown FollowerState
2019-10-17 21:15:34,532 [Thread-536] INFO  impl.FollowerState (FollowerState.java:run(117)) - 7c510082-4284-44ef-8cd9-bb38fb15579f@group-62509A8A5C15-FollowerState was interrupted: java.lang.InterruptedException: sleep interrupted
2019-10-17 21:15:34,535 [Thread-535] INFO  impl.FollowerState (FollowerState.java:run(117)) - 3909bd6a-278d-4911-9d70-32680c972d02@group-62509A8A5C15-FollowerState was interrupted: java.lang.InterruptedException: sleep interrupted
2019-10-17 21:15:34,532 [grpc-default-executor-2] INFO  impl.RoleInfo (RoleInfo.java:updateAndGet(143)) - 7c510082-4284-44ef-8cd9-bb38fb15579f: start FollowerState
2019-10-17 21:15:34,535 [grpc-default-executor-4] INFO  impl.RoleInfo (RoleInfo.java:updateAndGet(143)) - 3909bd6a-278d-4911-9d70-32680c972d02: start FollowerState
2019-10-17 21:15:34,551 [d2424f4d-20d2-4104-abcc-02e6288f3ffc@group-62509A8A5C15-LeaderElection50] INFO  impl.LeaderElection (LeaderElection.java:logAndReturn(56)) - d2424f4d-20d2-4104-abcc-02e6288f3ffc@group-62509A8A5C15-LeaderElection50: Election REJECTED; received 2 response(s) [d2424f4d-20d2-4104-abcc-02e6288f3ffc<-3909bd6a-278d-4911-9d70-32680c972d02#0:FAIL-t49, d2424f4d-20d2-4104-abcc-02e6288f3ffc<-7c510082-4284-44ef-8cd9-bb38fb15579f#0:FAIL-t49] and 0 exception(s); d2424f4d-20d2-4104-abcc-02e6288f3ffc@group-62509A8A5C15:t49, leader=null, voted=d2424f4d-20d2-4104-abcc-02e6288f3ffc, raftlog=d2424f4d-20d2-4104-abcc-02e6288f3ffc@group-62509A8A5C15-SegmentedRaftLog:OPENED:c-1,f-1,i0, conf=-1: [3909bd6a-278d-4911-9d70-32680c972d02:192.168.157.223:33343, d2424f4d-20d2-4104-abcc-02e6288f3ffc:192.168.157.223:39352, 7c510082-4284-44ef-8cd9-bb38fb15579f:192.168.157.223:33098], old=null
2019-10-17 21:15:34,552 [d2424f4d-20d2-4104-abcc-02e6288f3ffc@group-62509A8A5C15-LeaderElection50] INFO  impl.RaftServerImpl (RaftServerImpl.java:setRole(184)) - d2424f4d-20d2-4104-abcc-02e6288f3ffc@group-62509A8A5C15: changes role from CANDIDATE to FOLLOWER at term 49 for DISCOVERED_A_NEW_TERM
2019-10-17 21:15:34,552 [d2424f4d-20d2-4104-abcc-02e6288f3ffc@group-62509A8A5C15-LeaderElection50] INFO  impl.RoleInfo (RoleInfo.java:shutdownLeaderElection(134)) - d2424f4d-20d2-4104-abcc-02e6288f3ffc: shutdown LeaderElection
2019-10-17 21:15:34,552 [d2424f4d-20d2-4104-abcc-02e6288f3ffc@group-62509A8A5C15-LeaderElection50] INFO  impl.RoleInfo (RoleInfo.java:updateAndGet(143)) - d2424f4d-20d2-4104-abcc-02e6288f3ffc: start FollowerState
2019-10-17 21:15:34,624 [Thread-545] INFO  impl.FollowerState (FollowerState.java:run(108)) - d2424f4d-20d2-4104-abcc-02e6288f3ffc@group-62509A8A5C15-FollowerState: change to CANDIDATE, lastRpcTime:72ms, electionTimeout:72ms
2019-10-17 21:15:34,625 [Thread-545] INFO  impl.RoleInfo (RoleInfo.java:shutdownFollowerState(121)) - d2424f4d-20d2-4104-abcc-02e6288f3ffc: shutdown FollowerState
2019-10-17 21:15:34,625 [Thread-545] INFO  impl.RaftServerImpl (RaftServerImpl.java:setRole(184)) - d2424f4d-20d2-4104-abcc-02e6288f3ffc@group-62509A8A5C15: changes role from  FOLLOWER to CANDIDATE at term 49 for changeToCandidate
2019-10-17 21:15:34,625 [Thread-545] INFO  impl.RoleInfo (RoleInfo.java:updateAndGet(143)) - d2424f4d-20d2-4104-abcc-02e6288f3ffc: start LeaderElection
2019-10-17 21:15:34,639 [d2424f4d-20d2-4104-abcc-02e6288f3ffc@group-62509A8A5C15-LeaderElection51] INFO  impl.LeaderElection (LeaderElection.java:askForVotes(178)) - d2424f4d-20d2-4104-abcc-02e6288f3ffc@group-62509A8A5C15-LeaderElection51: begin an election at term 50 for -1: [3909bd6a-278d-4911-9d70-32680c972d02:192.168.157.223:33343, d2424f4d-20d2-4104-abcc-02e6288f3ffc:192.168.157.223:39352, 7c510082-4284-44ef-8cd9-bb38fb15579f:192.168.157.223:33098], old=null
2019-10-17 21:15:34,643 [grpc-default-executor-2] INFO  impl.RaftServerImpl (RaftServerImpl.java:setRole(184)) - 7c510082-4284-44ef-8cd9-bb38fb15579f@group-62509A8A5C15: changes role from  FOLLOWER to FOLLOWER at term 50 for recognizeCandidate:d2424f4d-20d2-4104-abcc-02e6288f3ffc
2019-10-17 21:15:34,643 [grpc-default-executor-4] INFO  impl.RaftServerImpl (RaftServerImpl.java:setRole(184)) - 3909bd6a-278d-4911-9d70-32680c972d02@group-62509A8A5C15: changes role from  FOLLOWER to FOLLOWER at term 50 for recognizeCandidate:d2424f4d-20d2-4104-abcc-02e6288f3ffc
2019-10-17 21:15:34,643 [grpc-default-executor-2] INFO  impl.RoleInfo (RoleInfo.java:shutdownFollowerState(121)) - 7c510082-4284-44ef-8cd9-bb38fb15579f: shutdown FollowerState
2019-10-17 21:15:34,643 [grpc-default-executor-4] INFO  impl.RoleInfo (RoleInfo.java:shutdownFollowerState(121)) - 3909bd6a-278d-4911-9d70-32680c972d02: shutdown FollowerState
2019-10-17 21:15:34,643 [grpc-default-executor-2] INFO  impl.RoleInfo (RoleInfo.java:updateAndGet(143)) - 7c510082-4284-44ef-8cd9-bb38fb15579f: start FollowerState
2019-10-17 21:15:34,643 [Thread-543] INFO  impl.FollowerState (FollowerState.java:run(117)) - 7c510082-4284-44ef-8cd9-bb38fb15579f@group-62509A8A5C15-FollowerState was interrupted: java.lang.InterruptedException: sleep interrupted
2019-10-17 21:15:34,644 [Thread-544] INFO  impl.FollowerState (FollowerState.java:run(117)) - 3909bd6a-278d-4911-9d70-32680c972d02@group-62509A8A5C15-FollowerState was interrupted: java.lang.InterruptedException: sleep interrupted
2019-10-17 21:15:34,644 [grpc-default-executor-4] INFO  impl.RoleInfo (RoleInfo.java:updateAndGet(143)) - 3909bd6a-278d-4911-9d70-32680c972d02: start FollowerState
2019-10-17 21:15:34,661 [d2424f4d-20d2-4104-abcc-02e6288f3ffc@group-62509A8A5C15-LeaderElection51] INFO  impl.LeaderElection (LeaderElection.java:logAndReturn(56)) - d2424f4d-20d2-4104-abcc-02e6288f3ffc@group-62509A8A5C15-LeaderElection51: Election REJECTED; received 2 response(s) [d2424f4d-20d2-4104-abcc-02e6288f3ffc<-3909bd6a-278d-4911-9d70-32680c972d02#0:FAIL-t50, d2424f4d-20d2-4104-abcc-02e6288f3ffc<-7c510082-4284-44ef-8cd9-bb38fb15579f#0:FAIL-t50] and 0 exception(s); d2424f4d-20d2-4104-abcc-02e6288f3ffc@group-62509A8A5C15:t50, leader=null, voted=d2424f4d-20d2-4104-abcc-02e6288f3ffc, raftlog=d2424f4d-20d2-4104-abcc-02e6288f3ffc@group-62509A8A5C15-SegmentedRaftLog:OPENED:c-1,f-1,i0, conf=-1: [3909bd6a-278d-4911-9d70-32680c972d02:192.168.157.223:33343, d2424f4d-20d2-4104-abcc-02e6288f3ffc:192.168.157.223:39352, 7c510082-4284-44ef-8cd9-bb38fb15579f:192.168.157.223:33098], old=null
2019-10-17 21:15:34,661 [d2424f4d-20d2-4104-abcc-02e6288f3ffc@group-62509A8A5C15-LeaderElection51] INFO  impl.RaftServerImpl (RaftServerImpl.java:setRole(184)) - d2424f4d-20d2-4104-abcc-02e6288f3ffc@group-62509A8A5C15: changes role from CANDIDATE to FOLLOWER at term 50 for DISCOVERED_A_NEW_TERM
2019-10-17 21:15:34,661 [d2424f4d-20d2-4104-abcc-02e6288f3ffc@group-62509A8A5C15-LeaderElection51] INFO  impl.RoleInfo (RoleInfo.java:shutdownLeaderElection(134)) - d2424f4d-20d2-4104-abcc-02e6288f3ffc: shutdown LeaderElection
2019-10-17 21:15:34,661 [d2424f4d-20d2-4104-abcc-02e6288f3ffc@group-62509A8A5C15-LeaderElection51] INFO  impl.RoleInfo (RoleInfo.java:updateAndGet(143)) - d2424f4d-20d2-4104-abcc-02e6288f3ffc: start FollowerState
2019-10-17 21:15:34,809 [Thread-551] INFO  impl.FollowerState (FollowerState.java:run(108)) - d2424f4d-20d2-4104-abcc-02e6288f3ffc@group-62509A8A5C15-FollowerState: change to CANDIDATE, lastRpcTime:147ms, electionTimeout:147ms
2019-10-17 21:15:34,809 [Thread-551] INFO  impl.RoleInfo (RoleInfo.java:shutdownFollowerState(121)) - d2424f4d-20d2-4104-abcc-02e6288f3ffc: shutdown FollowerState
2019-10-17 21:15:34,809 [Thread-551] INFO  impl.RaftServerImpl (RaftServerImpl.java:setRole(184)) - d2424f4d-20d2-4104-abcc-02e6288f3ffc@group-62509A8A5C15: changes role from  FOLLOWER to CANDIDATE at term 50 for changeToCandidate
2019-10-17 21:15:34,809 [Thread-551] INFO  impl.RoleInfo (RoleInfo.java:updateAndGet(143)) - d2424f4d-20d2-4104-abcc-02e6288f3ffc: start LeaderElection
2019-10-17 21:15:34,824 [d2424f4d-20d2-4104-abcc-02e6288f3ffc@group-62509A8A5C15-LeaderElection52] INFO  impl.LeaderElection (LeaderElection.java:askForVotes(178)) - d2424f4d-20d2-4104-abcc-02e6288f3ffc@group-62509A8A5C15-LeaderElection52: begin an election at term 51 for -1: [3909bd6a-278d-4911-9d70-32680c972d02:192.168.157.223:33343, d2424f4d-20d2-4104-abcc-02e6288f3ffc:192.168.157.223:39352, 7c510082-4284-44ef-8cd9-bb38fb15579f:192.168.157.223:33098], old=null
2019-10-17 21:15:34,829 [grpc-default-executor-2] INFO  impl.RaftServerImpl (RaftServerImpl.java:setRole(184)) - 7c510082-4284-44ef-8cd9-bb38fb15579f@group-62509A8A5C15: changes role from  FOLLOWER to FOLLOWER at term 51 for recognizeCandidate:d2424f4d-20d2-4104-abcc-02e6288f3ffc
2019-10-17 21:15:34,829 [grpc-default-executor-4] INFO  impl.RaftServerImpl (RaftServerImpl.java:setRole(184)) - 3909bd6a-278d-4911-9d70-32680c972d02@group-62509A8A5C15: changes role from  FOLLOWER to FOLLOWER at term 51 for recognizeCandidate:d2424f4d-20d2-4104-abcc-02e6288f3ffc
2019-10-17 21:15:34,830 [grpc-default-executor-2] INFO  impl.RoleInfo (RoleInfo.java:shutdownFollowerState(121)) - 7c510082-4284-44ef-8cd9-bb38fb15579f: shutdown FollowerState
2019-10-17 21:15:34,830 [grpc-default-executor-4] INFO  impl.RoleInfo (RoleInfo.java:shutdownFollowerState(121)) - 3909bd6a-278d-4911-9d70-32680c972d02: shutdown FollowerState
2019-10-17 21:15:34,830 [grpc-default-executor-2] INFO  impl.RoleInfo (RoleInfo.java:updateAndGet(143)) - 7c510082-4284-44ef-8cd9-bb38fb15579f: start FollowerState
2019-10-17 21:15:34,830 [Thread-549] INFO  impl.FollowerState (FollowerState.java:run(117)) - 7c510082-4284-44ef-8cd9-bb38fb15579f@group-62509A8A5C15-FollowerState was interrupted: java.lang.InterruptedException: sleep interrupted
2019-10-17 21:15:34,830 [grpc-default-executor-4] INFO  impl.RoleInfo (RoleInfo.java:updateAndGet(143)) - 3909bd6a-278d-4911-9d70-32680c972d02: start FollowerState
2019-10-17 21:15:34,830 [Thread-550] INFO  impl.FollowerState (FollowerState.java:run(117)) - 3909bd6a-278d-4911-9d70-32680c972d02@group-62509A8A5C15-FollowerState was interrupted: java.lang.InterruptedException: sleep interrupted
2019-10-17 21:15:34,847 [d2424f4d-20d2-4104-abcc-02e6288f3ffc@group-62509A8A5C15-LeaderElection52] INFO  impl.LeaderElection (LeaderElection.java:logAndReturn(56)) - d2424f4d-20d2-4104-abcc-02e6288f3ffc@group-62509A8A5C15-LeaderElection52: Election REJECTED; received 2 response(s) [d2424f4d-20d2-4104-abcc-02e6288f3ffc<-3909bd6a-278d-4911-9d70-32680c972d02#0:FAIL-t51, d2424f4d-20d2-4104-abcc-02e6288f3ffc<-7c510082-4284-44ef-8cd9-bb38fb15579f#0:FAIL-t51] and 0 exception(s); d2424f4d-20d2-4104-abcc-02e6288f3ffc@group-62509A8A5C15:t51, leader=null, voted=d2424f4d-20d2-4104-abcc-02e6288f3ffc, raftlog=d2424f4d-20d2-4104-abcc-02e6288f3ffc@group-62509A8A5C15-SegmentedRaftLog:OPENED:c-1,f-1,i0, conf=-1: [3909bd6a-278d-4911-9d70-32680c972d02:192.168.157.223:33343, d2424f4d-20d2-4104-abcc-02e6288f3ffc:192.168.157.223:39352, 7c510082-4284-44ef-8cd9-bb38fb15579f:192.168.157.223:33098], old=null
2019-10-17 21:15:34,847 [d2424f4d-20d2-4104-abcc-02e6288f3ffc@group-62509A8A5C15-LeaderElection52] INFO  impl.RaftServerImpl (RaftServerImpl.java:setRole(184)) - d2424f4d-20d2-4104-abcc-02e6288f3ffc@group-62509A8A5C15: changes role from CANDIDATE to FOLLOWER at term 51 for DISCOVERED_A_NEW_TERM
2019-10-17 21:15:34,850 [d2424f4d-20d2-4104-abcc-02e6288f3ffc@group-62509A8A5C15-LeaderElection52] INFO  impl.RoleInfo (RoleInfo.java:shutdownLeaderElection(134)) - d2424f4d-20d2-4104-abcc-02e6288f3ffc: shutdown LeaderElection
2019-10-17 21:15:34,850 [d2424f4d-20d2-4104-abcc-02e6288f3ffc@group-62509A8A5C15-LeaderElection52] INFO  impl.RoleInfo (RoleInfo.java:updateAndGet(143)) - d2424f4d-20d2-4104-abcc-02e6288f3ffc: start FollowerState
2019-10-17 21:15:34,859 [Thread-557] INFO  impl.FollowerState (FollowerState.java:run(108)) - d2424f4d-20d2-4104-abcc-02e6288f3ffc@group-62509A8A5C15-FollowerState: change to CANDIDATE, lastRpcTime:9ms, electionTimeout:9ms
2019-10-17 21:15:34,859 [Thread-557] INFO  impl.RoleInfo (RoleInfo.java:shutdownFollowerState(121)) - d2424f4d-20d2-4104-abcc-02e6288f3ffc: shutdown FollowerState
2019-10-17 21:15:34,860 [Thread-557] INFO  impl.RaftServerImpl (RaftServerImpl.java:setRole(184)) - d2424f4d-20d2-4104-abcc-02e6288f3ffc@group-62509A8A5C15: changes role from  FOLLOWER to CANDIDATE at term 51 for changeToCandidate
2019-10-17 21:15:34,860 [Thread-557] INFO  impl.RoleInfo (RoleInfo.java:updateAndGet(143)) - d2424f4d-20d2-4104-abcc-02e6288f3ffc: start LeaderElection
2019-10-17 21:15:34,875 [d2424f4d-20d2-4104-abcc-02e6288f3ffc@group-62509A8A5C15-LeaderElection53] INFO  impl.LeaderElection (LeaderElection.java:askForVotes(178)) - d2424f4d-20d2-4104-abcc-02e6288f3ffc@group-62509A8A5C15-LeaderElection53: begin an election at term 52 for -1: [3909bd6a-278d-4911-9d70-32680c972d02:192.168.157.223:33343, d2424f4d-20d2-4104-abcc-02e6288f3ffc:192.168.157.223:39352, 7c510082-4284-44ef-8cd9-bb38fb15579f:192.168.157.223:33098], old=null
2019-10-17 21:15:34,877 [grpc-default-executor-4] INFO  impl.RaftServerImpl (RaftServerImpl.java:setRole(184)) - 3909bd6a-278d-4911-9d70-32680c972d02@group-62509A8A5C15: changes role from  FOLLOWER to FOLLOWER at term 52 for recognizeCandidate:d2424f4d-20d2-4104-abcc-02e6288f3ffc
2019-10-17 21:15:34,878 [grpc-default-executor-4] INFO  impl.RoleInfo (RoleInfo.java:shutdownFollowerState(121)) - 3909bd6a-278d-4911-9d70-32680c972d02: shutdown FollowerState
2019-10-17 21:15:34,878 [grpc-default-executor-2] INFO  impl.RaftServerImpl (RaftServerImpl.java:setRole(184)) - 7c510082-4284-44ef-8cd9-bb38fb15579f@group-62509A8A5C15: changes role from  FOLLOWER to FOLLOWER at term 52 for recognizeCandidate:d2424f4d-20d2-4104-abcc-02e6288f3ffc
2019-10-17 21:15:34,878 [Thread-556] INFO  impl.FollowerState (FollowerState.java:run(117)) - 3909bd6a-278d-4911-9d70-32680c972d02@group-62509A8A5C15-FollowerState was interrupted: java.lang.InterruptedException: sleep interrupted
2019-10-17 21:15:34,878 [grpc-default-executor-4] INFO  impl.RoleInfo (RoleInfo.java:updateAndGet(143)) - 3909bd6a-278d-4911-9d70-32680c972d02: start FollowerState
2019-10-17 21:15:34,878 [grpc-default-executor-2] INFO  impl.RoleInfo (RoleInfo.java:shutdownFollowerState(121)) - 7c510082-4284-44ef-8cd9-bb38fb15579f: shutdown FollowerState
2019-10-17 21:15:34,878 [grpc-default-executor-2] INFO  impl.RoleInfo (RoleInfo.java:updateAndGet(143)) - 7c510082-4284-44ef-8cd9-bb38fb15579f: start FollowerState
2019-10-17 21:15:34,878 [Thread-555] INFO  impl.FollowerState (FollowerState.java:run(117)) - 7c510082-4284-44ef-8cd9-bb38fb15579f@group-62509A8A5C15-FollowerState was interrupted: java.lang.InterruptedException: sleep interrupted
2019-10-17 21:15:34,905 [d2424f4d-20d2-4104-abcc-02e6288f3ffc@group-62509A8A5C15-LeaderElection53] INFO  impl.LeaderElection (LeaderElection.java:logAndReturn(56)) - d2424f4d-20d2-4104-abcc-02e6288f3ffc@group-62509A8A5C15-LeaderElection53: Election REJECTED; received 2 response(s) [d2424f4d-20d2-4104-abcc-02e6288f3ffc<-3909bd6a-278d-4911-9d70-32680c972d02#0:FAIL-t52, d2424f4d-20d2-4104-abcc-02e6288f3ffc<-7c510082-4284-44ef-8cd9-bb38fb15579f#0:FAIL-t52] and 0 exception(s); d2424f4d-20d2-4104-abcc-02e6288f3ffc@group-62509A8A5C15:t52, leader=null, voted=d2424f4d-20d2-4104-abcc-02e6288f3ffc, raftlog=d2424f4d-20d2-4104-abcc-02e6288f3ffc@group-62509A8A5C15-SegmentedRaftLog:OPENED:c-1,f-1,i0, conf=-1: [3909bd6a-278d-4911-9d70-32680c972d02:192.168.157.223:33343, d2424f4d-20d2-4104-abcc-02e6288f3ffc:192.168.157.223:39352, 7c510082-4284-44ef-8cd9-bb38fb15579f:192.168.157.223:33098], old=null
2019-10-17 21:15:34,905 [d2424f4d-20d2-4104-abcc-02e6288f3ffc@group-62509A8A5C15-LeaderElection53] INFO  impl.RaftServerImpl (RaftServerImpl.java:setRole(184)) - d2424f4d-20d2-4104-abcc-02e6288f3ffc@group-62509A8A5C15: changes role from CANDIDATE to FOLLOWER at term 52 for DISCOVERED_A_NEW_TERM
2019-10-17 21:15:34,905 [d2424f4d-20d2-4104-abcc-02e6288f3ffc@group-62509A8A5C15-LeaderElection53] INFO  impl.RoleInfo (RoleInfo.java:shutdownLeaderElection(134)) - d2424f4d-20d2-4104-abcc-02e6288f3ffc: shutdown LeaderElection
2019-10-17 21:15:34,905 [d2424f4d-20d2-4104-abcc-02e6288f3ffc@group-62509A8A5C15-LeaderElection53] INFO  impl.RoleInfo (RoleInfo.java:updateAndGet(143)) - d2424f4d-20d2-4104-abcc-02e6288f3ffc: start FollowerState
2019-10-17 21:15:34,920 [Thread-563] INFO  impl.FollowerState (FollowerState.java:run(108)) - d2424f4d-20d2-4104-abcc-02e6288f3ffc@group-62509A8A5C15-FollowerState: change to CANDIDATE, lastRpcTime:14ms, electionTimeout:14ms
2019-10-17 21:15:34,920 [Thread-563] INFO  impl.RoleInfo (RoleInfo.java:shutdownFollowerState(121)) - d2424f4d-20d2-4104-abcc-02e6288f3ffc: shutdown FollowerState
2019-10-17 21:15:34,920 [Thread-563] INFO  impl.RaftServerImpl (RaftServerImpl.java:setRole(184)) - d2424f4d-20d2-4104-abcc-02e6288f3ffc@group-62509A8A5C15: changes role from  FOLLOWER to CANDIDATE at term 52 for changeToCandidate
2019-10-17 21:15:34,920 [Thread-563] INFO  impl.RoleInfo (RoleInfo.java:updateAndGet(143)) - d2424f4d-20d2-4104-abcc-02e6288f3ffc: start LeaderElection
2019-10-17 21:15:34,935 [d2424f4d-20d2-4104-abcc-02e6288f3ffc@group-62509A8A5C15-LeaderElection54] INFO  impl.LeaderElection (LeaderElection.java:askForVotes(178)) - d2424f4d-20d2-4104-abcc-02e6288f3ffc@group-62509A8A5C15-LeaderElection54: begin an election at term 53 for -1: [3909bd6a-278d-4911-9d70-32680c972d02:192.168.157.223:33343, d2424f4d-20d2-4104-abcc-02e6288f3ffc:192.168.157.223:39352, 7c510082-4284-44ef-8cd9-bb38fb15579f:192.168.157.223:33098], old=null
2019-10-17 21:15:34,938 [grpc-default-executor-4] INFO  impl.RaftServerImpl (RaftServerImpl.java:setRole(184)) - 3909bd6a-278d-4911-9d70-32680c972d02@group-62509A8A5C15: changes role from  FOLLOWER to FOLLOWER at term 53 for recognizeCandidate:d2424f4d-20d2-4104-abcc-02e6288f3ffc
2019-10-17 21:15:34,938 [grpc-default-executor-2] INFO  impl.RaftServerImpl (RaftServerImpl.java:setRole(184)) - 7c510082-4284-44ef-8cd9-bb38fb15579f@group-62509A8A5C15: changes role from  FOLLOWER to FOLLOWER at term 53 for recognizeCandidate:d2424f4d-20d2-4104-abcc-02e6288f3ffc
2019-10-17 21:15:34,938 [grpc-default-executor-4] INFO  impl.RoleInfo (RoleInfo.java:shutdownFollowerState(121)) - 3909bd6a-278d-4911-9d70-32680c972d02: shutdown FollowerState
2019-10-17 21:15:34,939 [grpc-default-executor-2] INFO  impl.RoleInfo (RoleInfo.java:shutdownFollowerState(121)) - 7c510082-4284-44ef-8cd9-bb38fb15579f: shutdown FollowerState
2019-10-17 21:15:34,939 [Thread-561] INFO  impl.FollowerState (FollowerState.java:run(117)) - 3909bd6a-278d-4911-9d70-32680c972d02@group-62509A8A5C15-FollowerState was interrupted: java.lang.InterruptedException: sleep interrupted
2019-10-17 21:15:34,939 [grpc-default-executor-4] INFO  impl.RoleInfo (RoleInfo.java:updateAndGet(143)) - 3909bd6a-278d-4911-9d70-32680c972d02: start FollowerState
2019-10-17 21:15:34,939 [Thread-562] INFO  impl.FollowerState (FollowerState.java:run(117)) - 7c510082-4284-44ef-8cd9-bb38fb15579f@group-62509A8A5C15-FollowerState was interrupted: java.lang.InterruptedException: sleep interrupted
2019-10-17 21:15:34,939 [grpc-default-executor-2] INFO  impl.RoleInfo (RoleInfo.java:updateAndGet(143)) - 7c510082-4284-44ef-8cd9-bb38fb15579f: start FollowerState
2019-10-17 21:15:34,948 [d2424f4d-20d2-4104-abcc-02e6288f3ffc@group-62509A8A5C15-LeaderElection54] INFO  impl.LeaderElection (LeaderElection.java:logAndReturn(56)) - d2424f4d-20d2-4104-abcc-02e6288f3ffc@group-62509A8A5C15-LeaderElection54: Election TIMEOUT; received 0 response(s) [] and 0 exception(s); d2424f4d-20d2-4104-abcc-02e6288f3ffc@group-62509A8A5C15:t53, leader=null, voted=d2424f4d-20d2-4104-abcc-02e6288f3ffc, raftlog=d2424f4d-20d2-4104-abcc-02e6288f3ffc@group-62509A8A5C15-SegmentedRaftLog:OPENED:c-1,f-1,i0, conf=-1: [3909bd6a-278d-4911-9d70-32680c972d02:192.168.157.223:33343, d2424f4d-20d2-4104-abcc-02e6288f3ffc:192.168.157.223:39352, 7c510082-4284-44ef-8cd9-bb38fb15579f:192.168.157.223:33098], old=null
2019-10-17 21:15:34,964 [d2424f4d-20d2-4104-abcc-02e6288f3ffc@group-62509A8A5C15-LeaderElection54] INFO  impl.LeaderElection (LeaderElection.java:askForVotes(178)) - d2424f4d-20d2-4104-abcc-02e6288f3ffc@group-62509A8A5C15-LeaderElection54: begin an election at term 54 for -1: [3909bd6a-278d-4911-9d70-32680c972d02:192.168.157.223:33343, d2424f4d-20d2-4104-abcc-02e6288f3ffc:192.168.157.223:39352, 7c510082-4284-44ef-8cd9-bb38fb15579f:192.168.157.223:33098], old=null
2019-10-17 21:15:34,966 [grpc-default-executor-4] INFO  impl.RaftServerImpl (RaftServerImpl.java:setRole(184)) - 3909bd6a-278d-4911-9d70-32680c972d02@group-62509A8A5C15: changes role from  FOLLOWER to FOLLOWER at term 54 for recognizeCandidate:d2424f4d-20d2-4104-abcc-02e6288f3ffc
2019-10-17 21:15:34,967 [grpc-default-executor-4] INFO  impl.RoleInfo (RoleInfo.java:shutdownFollowerState(121)) - 3909bd6a-278d-4911-9d70-32680c972d02: shutdown FollowerState
2019-10-17 21:15:34,967 [grpc-default-executor-2] INFO  impl.RaftServerImpl (RaftServerImpl.java:setRole(184)) - 7c510082-4284-44ef-8cd9-bb38fb15579f@group-62509A8A5C15: changes role from  FOLLOWER to FOLLOWER at term 54 for recognizeCandidate:d2424f4d-20d2-4104-abcc-02e6288f3ffc
2019-10-17 21:15:34,967 [grpc-default-executor-2] INFO  impl.RoleInfo (RoleInfo.java:shutdownFollowerState(121)) - 7c510082-4284-44ef-8cd9-bb38fb15579f: shutdown FollowerState
2019-10-17 21:15:34,967 [Thread-567] INFO  impl.FollowerState (FollowerState.java:run(117)) - 3909bd6a-278d-4911-9d70-32680c972d02@group-62509A8A5C15-FollowerState was interrupted: java.lang.InterruptedException: sleep interrupted
2019-10-17 21:15:34,967 [grpc-default-executor-4] INFO  impl.RoleInfo (RoleInfo.java:updateAndGet(143)) - 3909bd6a-278d-4911-9d70-32680c972d02: start FollowerState
2019-10-17 21:15:34,967 [Thread-568] INFO  impl.FollowerState (FollowerState.java:run(117)) - 7c510082-4284-44ef-8cd9-bb38fb15579f@group-62509A8A5C15-FollowerState was interrupted: java.lang.InterruptedException: sleep interrupted
2019-10-17 21:15:34,967 [grpc-default-executor-2] INFO  impl.RoleInfo (RoleInfo.java:updateAndGet(143)) - 7c510082-4284-44ef-8cd9-bb38fb15579f: start FollowerState
2019-10-17 21:15:34,984 [d2424f4d-20d2-4104-abcc-02e6288f3ffc@group-62509A8A5C15-LeaderElection54] INFO  impl.LeaderElection (LeaderElection.java:logAndReturn(56)) - d2424f4d-20d2-4104-abcc-02e6288f3ffc@group-62509A8A5C15-LeaderElection54: Election TIMEOUT; received 0 response(s) [] and 0 exception(s); d2424f4d-20d2-4104-abcc-02e6288f3ffc@group-62509A8A5C15:t54, leader=null, voted=d2424f4d-20d2-4104-abcc-02e6288f3ffc, raftlog=d2424f4d-20d2-4104-abcc-02e6288f3ffc@group-62509A8A5C15-SegmentedRaftLog:OPENED:c-1,f-1,i0, conf=-1: [3909bd6a-278d-4911-9d70-32680c972d02:192.168.157.223:33343, d2424f4d-20d2-4104-abcc-02e6288f3ffc:192.168.157.223:39352, 7c510082-4284-44ef-8cd9-bb38fb15579f:192.168.157.223:33098], old=null
2019-10-17 21:15:34,996 [d2424f4d-20d2-4104-abcc-02e6288f3ffc@group-62509A8A5C15-LeaderElection54] INFO  impl.LeaderElection (LeaderElection.java:askForVotes(178)) - d2424f4d-20d2-4104-abcc-02e6288f3ffc@group-62509A8A5C15-LeaderElection54: begin an election at term 55 for -1: [3909bd6a-278d-4911-9d70-32680c972d02:192.168.157.223:33343, d2424f4d-20d2-4104-abcc-02e6288f3ffc:192.168.157.223:39352, 7c510082-4284-44ef-8cd9-bb38fb15579f:192.168.157.223:33098], old=null
2019-10-17 21:15:35,002 [grpc-default-executor-4] INFO  impl.RaftServerImpl (RaftServerImpl.java:setRole(184)) - 7c510082-4284-44ef-8cd9-bb38fb15579f@group-62509A8A5C15: changes role from  FOLLOWER to FOLLOWER at term 55 for recognizeCandidate:d2424f4d-20d2-4104-abcc-02e6288f3ffc
2019-10-17 21:15:35,002 [grpc-default-executor-2] INFO  impl.RaftServerImpl (RaftServerImpl.java:setRole(184)) - 3909bd6a-278d-4911-9d70-32680c972d02@group-62509A8A5C15: changes role from  FOLLOWER to FOLLOWER at term 55 for recognizeCandidate:d2424f4d-20d2-4104-abcc-02e6288f3ffc
2019-10-17 21:15:35,002 [grpc-default-executor-4] INFO  impl.RoleInfo (RoleInfo.java:shutdownFollowerState(121)) - 7c510082-4284-44ef-8cd9-bb38fb15579f: shutdown FollowerState
2019-10-17 21:15:35,002 [grpc-default-executor-2] INFO  impl.RoleInfo (RoleInfo.java:shutdownFollowerState(121)) - 3909bd6a-278d-4911-9d70-32680c972d02: shutdown FollowerState
2019-10-17 21:15:35,002 [Thread-572] INFO  impl.FollowerState (FollowerState.java:run(117)) - 7c510082-4284-44ef-8cd9-bb38fb15579f@group-62509A8A5C15-FollowerState was interrupted: java.lang.InterruptedException: sleep interrupted
2019-10-17 21:15:35,002 [grpc-default-executor-4] INFO  impl.RoleInfo (RoleInfo.java:updateAndGet(143)) - 7c510082-4284-44ef-8cd9-bb38fb15579f: start FollowerState
2019-10-17 21:15:35,002 [grpc-default-executor-2] INFO  impl.RoleInfo (RoleInfo.java:updateAndGet(143)) - 3909bd6a-278d-4911-9d70-32680c972d02: start FollowerState
2019-10-17 21:15:35,002 [Thread-571] INFO  impl.FollowerState (FollowerState.java:run(117)) - 3909bd6a-278d-4911-9d70-32680c972d02@group-62509A8A5C15-FollowerState was interrupted: java.lang.InterruptedException: sleep interrupted
2019-10-17 21:15:35,011 [d2424f4d-20d2-4104-abcc-02e6288f3ffc@group-62509A8A5C15-LeaderElection54] INFO  impl.LeaderElection (LeaderElection.java:logAndReturn(56)) - d2424f4d-20d2-4104-abcc-02e6288f3ffc@group-62509A8A5C15-LeaderElection54: Election REJECTED; received 2 response(s) [d2424f4d-20d2-4104-abcc-02e6288f3ffc<-3909bd6a-278d-4911-9d70-32680c972d02#0:FAIL-t55, d2424f4d-20d2-4104-abcc-02e6288f3ffc<-7c510082-4284-44ef-8cd9-bb38fb15579f#0:FAIL-t55] and 0 exception(s); d2424f4d-20d2-4104-abcc-02e6288f3ffc@group-62509A8A5C15:t55, leader=null, voted=d2424f4d-20d2-4104-abcc-02e6288f3ffc, raftlog=d2424f4d-20d2-4104-abcc-02e6288f3ffc@group-62509A8A5C15-SegmentedRaftLog:OPENED:c-1,f-1,i0, conf=-1: [3909bd6a-278d-4911-9d70-32680c972d02:192.168.157.223:33343, d2424f4d-20d2-4104-abcc-02e6288f3ffc:192.168.157.223:39352, 7c510082-4284-44ef-8cd9-bb38fb15579f:192.168.157.223:33098], old=null
2019-10-17 21:15:35,011 [d2424f4d-20d2-4104-abcc-02e6288f3ffc@group-62509A8A5C15-LeaderElection54] INFO  impl.RaftServerImpl (RaftServerImpl.java:setRole(184)) - d2424f4d-20d2-4104-abcc-02e6288f3ffc@group-62509A8A5C15: changes role from CANDIDATE to FOLLOWER at term 55 for DISCOVERED_A_NEW_TERM
2019-10-17 21:15:35,012 [d2424f4d-20d2-4104-abcc-02e6288f3ffc@group-62509A8A5C15-LeaderElection54] INFO  impl.RoleInfo (RoleInfo.java:shutdownLeaderElection(134)) - d2424f4d-20d2-4104-abcc-02e6288f3ffc: shutdown LeaderElection
2019-10-17 21:15:35,012 [d2424f4d-20d2-4104-abcc-02e6288f3ffc@group-62509A8A5C15-LeaderElection54] INFO  impl.RoleInfo (RoleInfo.java:updateAndGet(143)) - d2424f4d-20d2-4104-abcc-02e6288f3ffc: start FollowerState
2019-10-17 21:15:35,155 [Thread-577] INFO  impl.FollowerState (FollowerState.java:run(108)) - d2424f4d-20d2-4104-abcc-02e6288f3ffc@group-62509A8A5C15-FollowerState: change to CANDIDATE, lastRpcTime:143ms, electionTimeout:143ms
2019-10-17 21:15:35,155 [Thread-577] INFO  impl.RoleInfo (RoleInfo.java:shutdownFollowerState(121)) - d2424f4d-20d2-4104-abcc-02e6288f3ffc: shutdown FollowerState
2019-10-17 21:15:35,155 [Thread-577] INFO  impl.RaftServerImpl (RaftServerImpl.java:setRole(184)) - d2424f4d-20d2-4104-abcc-02e6288f3ffc@group-62509A8A5C15: changes role from  FOLLOWER to CANDIDATE at term 55 for changeToCandidate
2019-10-17 21:15:35,156 [Thread-577] INFO  impl.RoleInfo (RoleInfo.java:updateAndGet(143)) - d2424f4d-20d2-4104-abcc-02e6288f3ffc: start LeaderElection
2019-10-17 21:15:35,170 [d2424f4d-20d2-4104-abcc-02e6288f3ffc@group-62509A8A5C15-LeaderElection55] INFO  impl.LeaderElection (LeaderElection.java:askForVotes(178)) - d2424f4d-20d2-4104-abcc-02e6288f3ffc@group-62509A8A5C15-LeaderElection55: begin an election at term 56 for -1: [3909bd6a-278d-4911-9d70-32680c972d02:192.168.157.223:33343, d2424f4d-20d2-4104-abcc-02e6288f3ffc:192.168.157.223:39352, 7c510082-4284-44ef-8cd9-bb38fb15579f:192.168.157.223:33098], old=null
2019-10-17 21:15:35,173 [grpc-default-executor-4] INFO  impl.RaftServerImpl (RaftServerImpl.java:setRole(184)) - 7c510082-4284-44ef-8cd9-bb38fb15579f@group-62509A8A5C15: changes role from  FOLLOWER to FOLLOWER at term 56 for recognizeCandidate:d2424f4d-20d2-4104-abcc-02e6288f3ffc
2019-10-17 21:15:35,174 [grpc-default-executor-2] INFO  impl.RaftServerImpl (RaftServerImpl.java:setRole(184)) - 3909bd6a-278d-4911-9d70-32680c972d02@group-62509A8A5C15: changes role from  FOLLOWER to FOLLOWER at term 56 for recognizeCandidate:d2424f4d-20d2-4104-abcc-02e6288f3ffc
2019-10-17 21:15:35,174 [grpc-default-executor-4] INFO  impl.RoleInfo (RoleInfo.java:shutdownFollowerState(121)) - 7c510082-4284-44ef-8cd9-bb38fb15579f: shutdown FollowerState
2019-10-17 21:15:35,174 [grpc-default-executor-2] INFO  impl.RoleInfo (RoleInfo.java:shutdownFollowerState(121)) - 3909bd6a-278d-4911-9d70-32680c972d02: shutdown FollowerState
2019-10-17 21:15:35,174 [grpc-default-executor-4] INFO  impl.RoleInfo (RoleInfo.java:updateAndGet(143)) - 7c510082-4284-44ef-8cd9-bb38fb15579f: start FollowerState
2019-10-17 21:15:35,174 [Thread-575] INFO  impl.FollowerState (FollowerState.java:run(117)) - 7c510082-4284-44ef-8cd9-bb38fb15579f@group-62509A8A5C15-FollowerState was interrupted: java.lang.InterruptedException: sleep interrupted
2019-10-17 21:15:35,174 [Thread-576] INFO  impl.FollowerState (FollowerState.java:run(117)) - 3909bd6a-278d-4911-9d70-32680c972d02@group-62509A8A5C15-FollowerState was interrupted: java.lang.InterruptedException: sleep interrupted
2019-10-17 21:15:35,174 [grpc-default-executor-2] INFO  impl.RoleInfo (RoleInfo.java:updateAndGet(143)) - 3909bd6a-278d-4911-9d70-32680c972d02: start FollowerState
2019-10-17 21:15:35,201 [d2424f4d-20d2-4104-abcc-02e6288f3ffc@group-62509A8A5C15-LeaderElection55] INFO  impl.LeaderElection (LeaderElection.java:logAndReturn(56)) - d2424f4d-20d2-4104-abcc-02e6288f3ffc@group-62509A8A5C15-LeaderElection55: Election REJECTED; received 2 response(s) [d2424f4d-20d2-4104-abcc-02e6288f3ffc<-3909bd6a-278d-4911-9d70-32680c972d02#0:FAIL-t56, d2424f4d-20d2-4104-abcc-02e6288f3ffc<-7c510082-4284-44ef-8cd9-bb38fb15579f#0:FAIL-t56] and 0 exception(s); d2424f4d-20d2-4104-abcc-02e6288f3ffc@group-62509A8A5C15:t56, leader=null, voted=d2424f4d-20d2-4104-abcc-02e6288f3ffc, raftlog=d2424f4d-20d2-4104-abcc-02e6288f3ffc@group-62509A8A5C15-SegmentedRaftLog:OPENED:c-1,f-1,i0, conf=-1: [3909bd6a-278d-4911-9d70-32680c972d02:192.168.157.223:33343, d2424f4d-20d2-4104-abcc-02e6288f3ffc:192.168.157.223:39352, 7c510082-4284-44ef-8cd9-bb38fb15579f:192.168.157.223:33098], old=null
2019-10-17 21:15:35,202 [d2424f4d-20d2-4104-abcc-02e6288f3ffc@group-62509A8A5C15-LeaderElection55] INFO  impl.RaftServerImpl (RaftServerImpl.java:setRole(184)) - d2424f4d-20d2-4104-abcc-02e6288f3ffc@group-62509A8A5C15: changes role from CANDIDATE to FOLLOWER at term 56 for DISCOVERED_A_NEW_TERM
2019-10-17 21:15:35,202 [d2424f4d-20d2-4104-abcc-02e6288f3ffc@group-62509A8A5C15-LeaderElection55] INFO  impl.RoleInfo (RoleInfo.java:shutdownLeaderElection(134)) - d2424f4d-20d2-4104-abcc-02e6288f3ffc: shutdown LeaderElection
2019-10-17 21:15:35,202 [d2424f4d-20d2-4104-abcc-02e6288f3ffc@group-62509A8A5C15-LeaderElection55] INFO  impl.RoleInfo (RoleInfo.java:updateAndGet(143)) - d2424f4d-20d2-4104-abcc-02e6288f3ffc: start FollowerState
2019-10-17 21:15:35,358 [Thread-583] INFO  impl.FollowerState (FollowerState.java:run(108)) - d2424f4d-20d2-4104-abcc-02e6288f3ffc@group-62509A8A5C15-FollowerState: change to CANDIDATE, lastRpcTime:156ms, electionTimeout:156ms
2019-10-17 21:15:35,358 [Thread-583] INFO  impl.RoleInfo (RoleInfo.java:shutdownFollowerState(121)) - d2424f4d-20d2-4104-abcc-02e6288f3ffc: shutdown FollowerState
2019-10-17 21:15:35,359 [Thread-583] INFO  impl.RaftServerImpl (RaftServerImpl.java:setRole(184)) - d2424f4d-20d2-4104-abcc-02e6288f3ffc@group-62509A8A5C15: changes role from  FOLLOWER to CANDIDATE at term 56 for changeToCandidate
2019-10-17 21:15:35,359 [Thread-583] INFO  impl.RoleInfo (RoleInfo.java:updateAndGet(143)) - d2424f4d-20d2-4104-abcc-02e6288f3ffc: start LeaderElection
2019-10-17 21:15:35,372 [d2424f4d-20d2-4104-abcc-02e6288f3ffc@group-62509A8A5C15-LeaderElection56] INFO  impl.LeaderElection (LeaderElection.java:askForVotes(178)) - d2424f4d-20d2-4104-abcc-02e6288f3ffc@group-62509A8A5C15-LeaderElection56: begin an election at term 57 for -1: [3909bd6a-278d-4911-9d70-32680c972d02:192.168.157.223:33343, d2424f4d-20d2-4104-abcc-02e6288f3ffc:192.168.157.223:39352, 7c510082-4284-44ef-8cd9-bb38fb15579f:192.168.157.223:33098], old=null
2019-10-17 21:15:35,375 [grpc-default-executor-4] INFO  impl.RaftServerImpl (RaftServerImpl.java:setRole(184)) - 3909bd6a-278d-4911-9d70-32680c972d02@group-62509A8A5C15: changes role from  FOLLOWER to FOLLOWER at term 57 for recognizeCandidate:d2424f4d-20d2-4104-abcc-02e6288f3ffc
2019-10-17 21:15:35,375 [grpc-default-executor-2] INFO  impl.RaftServerImpl (RaftServerImpl.java:setRole(184)) - 7c510082-4284-44ef-8cd9-bb38fb15579f@group-62509A8A5C15: changes role from  FOLLOWER to FOLLOWER at term 57 for recognizeCandidate:d2424f4d-20d2-4104-abcc-02e6288f3ffc
2019-10-17 21:15:35,375 [grpc-default-executor-4] INFO  impl.RoleInfo (RoleInfo.java:shutdownFollowerState(121)) - 3909bd6a-278d-4911-9d70-32680c972d02: shutdown FollowerState
2019-10-17 21:15:35,375 [grpc-default-executor-2] INFO  impl.RoleInfo (RoleInfo.java:shutdownFollowerState(121)) - 7c510082-4284-44ef-8cd9-bb38fb15579f: shutdown FollowerState
2019-10-17 21:15:35,376 [Thread-582] INFO  impl.FollowerState (FollowerState.java:run(117)) - 3909bd6a-278d-4911-9d70-32680c972d02@group-62509A8A5C15-FollowerState was interrupted: java.lang.InterruptedException: sleep interrupted
2019-10-17 21:15:35,375 [grpc-default-executor-4] INFO  impl.RoleInfo (RoleInfo.java:updateAndGet(143)) - 3909bd6a-278d-4911-9d70-32680c972d02: start FollowerState
2019-10-17 21:15:35,376 [grpc-default-executor-2] INFO  impl.RoleInfo (RoleInfo.java:updateAndGet(143)) - 7c510082-4284-44ef-8cd9-bb38fb15579f: start FollowerState
2019-10-17 21:15:35,376 [Thread-581] INFO  impl.FollowerState (FollowerState.java:run(117)) - 7c510082-4284-44ef-8cd9-bb38fb15579f@group-62509A8A5C15-FollowerState was interrupted: java.lang.InterruptedException: sleep interrupted
2019-10-17 21:15:35,393 [d2424f4d-20d2-4104-abcc-02e6288f3ffc@group-62509A8A5C15-LeaderElection56] INFO  impl.LeaderElection (LeaderElection.java:logAndReturn(56)) - d2424f4d-20d2-4104-abcc-02e6288f3ffc@group-62509A8A5C15-LeaderElection56: Election REJECTED; received 2 response(s) [d2424f4d-20d2-4104-abcc-02e6288f3ffc<-3909bd6a-278d-4911-9d70-32680c972d02#0:FAIL-t57, d2424f4d-20d2-4104-abcc-02e6288f3ffc<-7c510082-4284-44ef-8cd9-bb38fb15579f#0:FAIL-t57] and 0 exception(s); d2424f4d-20d2-4104-abcc-02e6288f3ffc@group-62509A8A5C15:t57, leader=null, voted=d2424f4d-20d2-4104-abcc-02e6288f3ffc, raftlog=d2424f4d-20d2-4104-abcc-02e6288f3ffc@group-62509A8A5C15-SegmentedRaftLog:OPENED:c-1,f-1,i0, conf=-1: [3909bd6a-278d-4911-9d70-32680c972d02:192.168.157.223:33343, d2424f4d-20d2-4104-abcc-02e6288f3ffc:192.168.157.223:39352, 7c510082-4284-44ef-8cd9-bb38fb15579f:192.168.157.223:33098], old=null
2019-10-17 21:15:35,393 [d2424f4d-20d2-4104-abcc-02e6288f3ffc@group-62509A8A5C15-LeaderElection56] INFO  impl.RaftServerImpl (RaftServerImpl.java:setRole(184)) - d2424f4d-20d2-4104-abcc-02e6288f3ffc@group-62509A8A5C15: changes role from CANDIDATE to FOLLOWER at term 57 for DISCOVERED_A_NEW_TERM
2019-10-17 21:15:35,393 [d2424f4d-20d2-4104-abcc-02e6288f3ffc@group-62509A8A5C15-LeaderElection56] INFO  impl.RoleInfo (RoleInfo.java:shutdownLeaderElection(134)) - d2424f4d-20d2-4104-abcc-02e6288f3ffc: shutdown LeaderElection
2019-10-17 21:15:35,393 [d2424f4d-20d2-4104-abcc-02e6288f3ffc@group-62509A8A5C15-LeaderElection56] INFO  impl.RoleInfo (RoleInfo.java:updateAndGet(143)) - d2424f4d-20d2-4104-abcc-02e6288f3ffc: start FollowerState
2019-10-17 21:15:35,558 [Thread-589] INFO  impl.FollowerState (FollowerState.java:run(108)) - d2424f4d-20d2-4104-abcc-02e6288f3ffc@group-62509A8A5C15-FollowerState: change to CANDIDATE, lastRpcTime:165ms, electionTimeout:164ms
2019-10-17 21:15:35,559 [Thread-589] INFO  impl.RoleInfo (RoleInfo.java:shutdownFollowerState(121)) - d2424f4d-20d2-4104-abcc-02e6288f3ffc: shutdown FollowerState
2019-10-17 21:15:35,559 [Thread-589] INFO  impl.RaftServerImpl (RaftServerImpl.java:setRole(184)) - d2424f4d-20d2-4104-abcc-02e6288f3ffc@group-62509A8A5C15: changes role from  FOLLOWER to CANDIDATE at term 57 for changeToCandidate
2019-10-17 21:15:35,560 [Thread-589] INFO  impl.RoleInfo (RoleInfo.java:updateAndGet(143)) - d2424f4d-20d2-4104-abcc-02e6288f3ffc: start LeaderElection
2019-10-17 21:15:35,576 [d2424f4d-20d2-4104-abcc-02e6288f3ffc@group-62509A8A5C15-LeaderElection57] INFO  impl.LeaderElection (LeaderElection.java:askForVotes(178)) - d2424f4d-20d2-4104-abcc-02e6288f3ffc@group-62509A8A5C15-LeaderElection57: begin an election at term 58 for -1: [3909bd6a-278d-4911-9d70-32680c972d02:192.168.157.223:33343, d2424f4d-20d2-4104-abcc-02e6288f3ffc:192.168.157.223:39352, 7c510082-4284-44ef-8cd9-bb38fb15579f:192.168.157.223:33098], old=null
2019-10-17 21:15:35,578 [grpc-default-executor-2] INFO  impl.RaftServerImpl (RaftServerImpl.java:setRole(184)) - 3909bd6a-278d-4911-9d70-32680c972d02@group-62509A8A5C15: changes role from  FOLLOWER to FOLLOWER at term 58 for recognizeCandidate:d2424f4d-20d2-4104-abcc-02e6288f3ffc
2019-10-17 21:15:35,578 [grpc-default-executor-4] INFO  impl.RaftServerImpl (RaftServerImpl.java:setRole(184)) - 7c510082-4284-44ef-8cd9-bb38fb15579f@group-62509A8A5C15: changes role from  FOLLOWER to FOLLOWER at term 58 for recognizeCandidate:d2424f4d-20d2-4104-abcc-02e6288f3ffc
2019-10-17 21:15:35,579 [grpc-default-executor-2] INFO  impl.RoleInfo (RoleInfo.java:shutdownFollowerState(121)) - 3909bd6a-278d-4911-9d70-32680c972d02: shutdown FollowerState
2019-10-17 21:15:35,579 [grpc-default-executor-4] INFO  impl.RoleInfo (RoleInfo.java:shutdownFollowerState(121)) - 7c510082-4284-44ef-8cd9-bb38fb15579f: shutdown FollowerState
2019-10-17 21:15:35,579 [Thread-587] INFO  impl.FollowerState (FollowerState.java:run(117)) - 3909bd6a-278d-4911-9d70-32680c972d02@group-62509A8A5C15-FollowerState was interrupted: java.lang.InterruptedException: sleep interrupted
2019-10-17 21:15:35,579 [Thread-588] INFO  impl.FollowerState (FollowerState.java:run(117)) - 7c510082-4284-44ef-8cd9-bb38fb15579f@group-62509A8A5C15-FollowerState was interrupted: java.lang.InterruptedException: sleep interrupted
2019-10-17 21:15:35,579 [grpc-default-executor-2] INFO  impl.RoleInfo (RoleInfo.java:updateAndGet(143)) - 3909bd6a-278d-4911-9d70-32680c972d02: start FollowerState
2019-10-17 21:15:35,579 [grpc-default-executor-4] INFO  impl.RoleInfo (RoleInfo.java:updateAndGet(143)) - 7c510082-4284-44ef-8cd9-bb38fb15579f: start FollowerState
2019-10-17 21:15:35,594 [d2424f4d-20d2-4104-abcc-02e6288f3ffc@group-62509A8A5C15-LeaderElection57] INFO  impl.LeaderElection (LeaderElection.java:logAndReturn(56)) - d2424f4d-20d2-4104-abcc-02e6288f3ffc@group-62509A8A5C15-LeaderElection57: Election REJECTED; received 2 response(s) [d2424f4d-20d2-4104-abcc-02e6288f3ffc<-3909bd6a-278d-4911-9d70-32680c972d02#0:FAIL-t58, d2424f4d-20d2-4104-abcc-02e6288f3ffc<-7c510082-4284-44ef-8cd9-bb38fb15579f#0:FAIL-t58] and 0 exception(s); d2424f4d-20d2-4104-abcc-02e6288f3ffc@group-62509A8A5C15:t58, leader=null, voted=d2424f4d-20d2-4104-abcc-02e6288f3ffc, raftlog=d2424f4d-20d2-4104-abcc-02e6288f3ffc@group-62509A8A5C15-SegmentedRaftLog:OPENED:c-1,f-1,i0, conf=-1: [3909bd6a-278d-4911-9d70-32680c972d02:192.168.157.223:33343, d2424f4d-20d2-4104-abcc-02e6288f3ffc:192.168.157.223:39352, 7c510082-4284-44ef-8cd9-bb38fb15579f:192.168.157.223:33098], old=null
2019-10-17 21:15:35,594 [d2424f4d-20d2-4104-abcc-02e6288f3ffc@group-62509A8A5C15-LeaderElection57] INFO  impl.RaftServerImpl (RaftServerImpl.java:setRole(184)) - d2424f4d-20d2-4104-abcc-02e6288f3ffc@group-62509A8A5C15: changes role from CANDIDATE to FOLLOWER at term 58 for DISCOVERED_A_NEW_TERM
2019-10-17 21:15:35,594 [d2424f4d-20d2-4104-abcc-02e6288f3ffc@group-62509A8A5C15-LeaderElection57] INFO  impl.RoleInfo (RoleInfo.java:shutdownLeaderElection(134)) - d2424f4d-20d2-4104-abcc-02e6288f3ffc: shutdown LeaderElection
2019-10-17 21:15:35,595 [d2424f4d-20d2-4104-abcc-02e6288f3ffc@group-62509A8A5C15-LeaderElection57] INFO  impl.RoleInfo (RoleInfo.java:updateAndGet(143)) - d2424f4d-20d2-4104-abcc-02e6288f3ffc: start FollowerState
2019-10-17 21:15:35,711 [Thread-597] INFO  impl.FollowerState (FollowerState.java:run(108)) - d2424f4d-20d2-4104-abcc-02e6288f3ffc@group-62509A8A5C15-FollowerState: change to CANDIDATE, lastRpcTime:116ms, electionTimeout:116ms
2019-10-17 21:15:35,711 [Thread-597] INFO  impl.RoleInfo (RoleInfo.java:shutdownFollowerState(121)) - d2424f4d-20d2-4104-abcc-02e6288f3ffc: shutdown FollowerState
2019-10-17 21:15:35,711 [Thread-597] INFO  impl.RaftServerImpl (RaftServerImpl.java:setRole(184)) - d2424f4d-20d2-4104-abcc-02e6288f3ffc@group-62509A8A5C15: changes role from  FOLLOWER to CANDIDATE at term 58 for changeToCandidate
2019-10-17 21:15:35,712 [Thread-597] INFO  impl.RoleInfo (RoleInfo.java:updateAndGet(143)) - d2424f4d-20d2-4104-abcc-02e6288f3ffc: start LeaderElection
2019-10-17 21:15:35,737 [d2424f4d-20d2-4104-abcc-02e6288f3ffc@group-62509A8A5C15-LeaderElection58] INFO  impl.LeaderElection (LeaderElection.java:askForVotes(178)) - d2424f4d-20d2-4104-abcc-02e6288f3ffc@group-62509A8A5C15-LeaderElection58: begin an election at term 59 for -1: [3909bd6a-278d-4911-9d70-32680c972d02:192.168.157.223:33343, d2424f4d-20d2-4104-abcc-02e6288f3ffc:192.168.157.223:39352, 7c510082-4284-44ef-8cd9-bb38fb15579f:192.168.157.223:33098], old=null
2019-10-17 21:15:35,740 [grpc-default-executor-4] INFO  impl.RaftServerImpl (RaftServerImpl.java:setRole(184)) - 3909bd6a-278d-4911-9d70-32680c972d02@group-62509A8A5C15: changes role from  FOLLOWER to FOLLOWER at term 59 for recognizeCandidate:d2424f4d-20d2-4104-abcc-02e6288f3ffc
2019-10-17 21:15:35,740 [grpc-default-executor-2] INFO  impl.RaftServerImpl (RaftServerImpl.java:setRole(184)) - 7c510082-4284-44ef-8cd9-bb38fb15579f@group-62509A8A5C15: changes role from  FOLLOWER to FOLLOWER at term 59 for recognizeCandidate:d2424f4d-20d2-4104-abcc-02e6288f3ffc
2019-10-17 21:15:35,740 [grpc-default-executor-4] INFO  impl.RoleInfo (RoleInfo.java:shutdownFollowerState(121)) - 3909bd6a-278d-4911-9d70-32680c972d02: shutdown FollowerState
2019-10-17 21:15:35,740 [grpc-default-executor-2] INFO  impl.RoleInfo (RoleInfo.java:shutdownFollowerState(121)) - 7c510082-4284-44ef-8cd9-bb38fb15579f: shutdown FollowerState
2019-10-17 21:15:35,741 [grpc-default-executor-4] INFO  impl.RoleInfo (RoleInfo.java:updateAndGet(143)) - 3909bd6a-278d-4911-9d70-32680c972d02: start FollowerState
2019-10-17 21:15:35,741 [Thread-595] INFO  impl.FollowerState (FollowerState.java:run(117)) - 3909bd6a-278d-4911-9d70-32680c972d02@group-62509A8A5C15-FollowerState was interrupted: java.lang.InterruptedException: sleep interrupted
2019-10-17 21:15:35,741 [Thread-596] INFO  impl.FollowerState (FollowerState.java:run(117)) - 7c510082-4284-44ef-8cd9-bb38fb15579f@group-62509A8A5C15-FollowerState was interrupted: java.lang.InterruptedException: sleep interrupted
2019-10-17 21:15:35,741 [grpc-default-executor-2] INFO  impl.RoleInfo (RoleInfo.java:updateAndGet(143)) - 7c510082-4284-44ef-8cd9-bb38fb15579f: start FollowerState
2019-10-17 21:15:35,767 [d2424f4d-20d2-4104-abcc-02e6288f3ffc@group-62509A8A5C15-LeaderElection58] INFO  impl.LeaderElection (LeaderElection.java:logAndReturn(56)) - d2424f4d-20d2-4104-abcc-02e6288f3ffc@group-62509A8A5C15-LeaderElection58: Election REJECTED; received 2 response(s) [d2424f4d-20d2-4104-abcc-02e6288f3ffc<-3909bd6a-278d-4911-9d70-32680c972d02#0:FAIL-t59, d2424f4d-20d2-4104-abcc-02e6288f3ffc<-7c510082-4284-44ef-8cd9-bb38fb15579f#0:FAIL-t59] and 0 exception(s); d2424f4d-20d2-4104-abcc-02e6288f3ffc@group-62509A8A5C15:t59, leader=null, voted=d2424f4d-20d2-4104-abcc-02e6288f3ffc, raftlog=d2424f4d-20d2-4104-abcc-02e6288f3ffc@group-62509A8A5C15-SegmentedRaftLog:OPENED:c-1,f-1,i0, conf=-1: [3909bd6a-278d-4911-9d70-32680c972d02:192.168.157.223:33343, d2424f4d-20d2-4104-abcc-02e6288f3ffc:192.168.157.223:39352, 7c510082-4284-44ef-8cd9-bb38fb15579f:192.168.157.223:33098], old=null
2019-10-17 21:15:35,767 [d2424f4d-20d2-4104-abcc-02e6288f3ffc@group-62509A8A5C15-LeaderElection58] INFO  impl.RaftServerImpl (RaftServerImpl.java:setRole(184)) - d2424f4d-20d2-4104-abcc-02e6288f3ffc@group-62509A8A5C15: changes role from CANDIDATE to FOLLOWER at term 59 for DISCOVERED_A_NEW_TERM
2019-10-17 21:15:35,767 [d2424f4d-20d2-4104-abcc-02e6288f3ffc@group-62509A8A5C15-LeaderElection58] INFO  impl.RoleInfo (RoleInfo.java:shutdownLeaderElection(134)) - d2424f4d-20d2-4104-abcc-02e6288f3ffc: shutdown LeaderElection
2019-10-17 21:15:35,768 [d2424f4d-20d2-4104-abcc-02e6288f3ffc@group-62509A8A5C15-LeaderElection58] INFO  impl.RoleInfo (RoleInfo.java:updateAndGet(143)) - d2424f4d-20d2-4104-abcc-02e6288f3ffc: start FollowerState
2019-10-17 21:15:35,859 [Thread-603] INFO  impl.FollowerState (FollowerState.java:run(108)) - d2424f4d-20d2-4104-abcc-02e6288f3ffc@group-62509A8A5C15-FollowerState: change to CANDIDATE, lastRpcTime:91ms, electionTimeout:91ms
2019-10-17 21:15:35,859 [Thread-603] INFO  impl.RoleInfo (RoleInfo.java:shutdownFollowerState(121)) - d2424f4d-20d2-4104-abcc-02e6288f3ffc: shutdown FollowerState
2019-10-17 21:15:35,859 [Thread-603] INFO  impl.RaftServerImpl (RaftServerImpl.java:setRole(184)) - d2424f4d-20d2-4104-abcc-02e6288f3ffc@group-62509A8A5C15: changes role from  FOLLOWER to CANDIDATE at term 59 for changeToCandidate
2019-10-17 21:15:35,860 [Thread-603] INFO  impl.RoleInfo (RoleInfo.java:updateAndGet(143)) - d2424f4d-20d2-4104-abcc-02e6288f3ffc: start LeaderElection
2019-10-17 21:15:35,891 [d2424f4d-20d2-4104-abcc-02e6288f3ffc@group-62509A8A5C15-LeaderElection59] INFO  impl.LeaderElection (LeaderElection.java:askForVotes(178)) - d2424f4d-20d2-4104-abcc-02e6288f3ffc@group-62509A8A5C15-LeaderElection59: begin an election at term 60 for -1: [3909bd6a-278d-4911-9d70-32680c972d02:192.168.157.223:33343, d2424f4d-20d2-4104-abcc-02e6288f3ffc:192.168.157.223:39352, 7c510082-4284-44ef-8cd9-bb38fb15579f:192.168.157.223:33098], old=null
2019-10-17 21:15:35,894 [grpc-default-executor-2] INFO  impl.RaftServerImpl (RaftServerImpl.java:setRole(184)) - 3909bd6a-278d-4911-9d70-32680c972d02@group-62509A8A5C15: changes role from  FOLLOWER to FOLLOWER at term 60 for recognizeCandidate:d2424f4d-20d2-4104-abcc-02e6288f3ffc
2019-10-17 21:15:35,894 [grpc-default-executor-4] INFO  impl.RaftServerImpl (RaftServerImpl.java:setRole(184)) - 7c510082-4284-44ef-8cd9-bb38fb15579f@group-62509A8A5C15: changes role from  FOLLOWER to FOLLOWER at term 60 for recognizeCandidate:d2424f4d-20d2-4104-abcc-02e6288f3ffc
2019-10-17 21:15:35,894 [grpc-default-executor-2] INFO  impl.RoleInfo (RoleInfo.java:shutdownFollowerState(121)) - 3909bd6a-278d-4911-9d70-32680c972d02: shutdown FollowerState
2019-10-17 21:15:35,894 [grpc-default-executor-4] INFO  impl.RoleInfo (RoleInfo.java:shutdownFollowerState(121)) - 7c510082-4284-44ef-8cd9-bb38fb15579f: shutdown FollowerState
2019-10-17 21:15:35,895 [Thread-601] INFO  impl.FollowerState (FollowerState.java:run(117)) - 3909bd6a-278d-4911-9d70-32680c972d02@group-62509A8A5C15-FollowerState was interrupted: java.lang.InterruptedException: sleep interrupted
2019-10-17 21:15:35,895 [grpc-default-executor-2] INFO  impl.RoleInfo (RoleInfo.java:updateAndGet(143)) - 3909bd6a-278d-4911-9d70-32680c972d02: start FollowerState
2019-10-17 21:15:35,895 [Thread-602] INFO  impl.FollowerState (FollowerState.java:run(117)) - 7c510082-4284-44ef-8cd9-bb38fb15579f@group-62509A8A5C15-FollowerState was interrupted: java.lang.InterruptedException: sleep interrupted
2019-10-17 21:15:35,895 [grpc-default-executor-4] INFO  impl.RoleInfo (RoleInfo.java:updateAndGet(143)) - 7c510082-4284-44ef-8cd9-bb38fb15579f: start FollowerState
2019-10-17 21:15:35,922 [d2424f4d-20d2-4104-abcc-02e6288f3ffc@group-62509A8A5C15-LeaderElection59] INFO  impl.LeaderElection (LeaderElection.java:logAndReturn(56)) - d2424f4d-20d2-4104-abcc-02e6288f3ffc@group-62509A8A5C15-LeaderElection59: Election REJECTED; received 2 response(s) [d2424f4d-20d2-4104-abcc-02e6288f3ffc<-3909bd6a-278d-4911-9d70-32680c972d02#0:FAIL-t60, d2424f4d-20d2-4104-abcc-02e6288f3ffc<-7c510082-4284-44ef-8cd9-bb38fb15579f#0:FAIL-t60] and 0 exception(s); d2424f4d-20d2-4104-abcc-02e6288f3ffc@group-62509A8A5C15:t60, leader=null, voted=d2424f4d-20d2-4104-abcc-02e6288f3ffc, raftlog=d2424f4d-20d2-4104-abcc-02e6288f3ffc@group-62509A8A5C15-SegmentedRaftLog:OPENED:c-1,f-1,i0, conf=-1: [3909bd6a-278d-4911-9d70-32680c972d02:192.168.157.223:33343, d2424f4d-20d2-4104-abcc-02e6288f3ffc:192.168.157.223:39352, 7c510082-4284-44ef-8cd9-bb38fb15579f:192.168.157.223:33098], old=null
2019-10-17 21:15:35,923 [d2424f4d-20d2-4104-abcc-02e6288f3ffc@group-62509A8A5C15-LeaderElection59] INFO  impl.RaftServerImpl (RaftServerImpl.java:setRole(184)) - d2424f4d-20d2-4104-abcc-02e6288f3ffc@group-62509A8A5C15: changes role from CANDIDATE to FOLLOWER at term 60 for DISCOVERED_A_NEW_TERM
2019-10-17 21:15:35,923 [d2424f4d-20d2-4104-abcc-02e6288f3ffc@group-62509A8A5C15-LeaderElection59] INFO  impl.RoleInfo (RoleInfo.java:shutdownLeaderElection(134)) - d2424f4d-20d2-4104-abcc-02e6288f3ffc: shutdown LeaderElection
2019-10-17 21:15:35,923 [d2424f4d-20d2-4104-abcc-02e6288f3ffc@group-62509A8A5C15-LeaderElection59] INFO  impl.RoleInfo (RoleInfo.java:updateAndGet(143)) - d2424f4d-20d2-4104-abcc-02e6288f3ffc: start FollowerState
2019-10-17 21:15:36,084 [Thread-609] INFO  impl.FollowerState (FollowerState.java:run(108)) - d2424f4d-20d2-4104-abcc-02e6288f3ffc@group-62509A8A5C15-FollowerState: change to CANDIDATE, lastRpcTime:161ms, electionTimeout:161ms
2019-10-17 21:15:36,085 [Thread-609] INFO  impl.RoleInfo (RoleInfo.java:shutdownFollowerState(121)) - d2424f4d-20d2-4104-abcc-02e6288f3ffc: shutdown FollowerState
2019-10-17 21:15:36,085 [Thread-609] INFO  impl.RaftServerImpl (RaftServerImpl.java:setRole(184)) - d2424f4d-20d2-4104-abcc-02e6288f3ffc@group-62509A8A5C15: changes role from  FOLLOWER to CANDIDATE at term 60 for changeToCandidate
2019-10-17 21:15:36,085 [Thread-609] INFO  impl.RoleInfo (RoleInfo.java:updateAndGet(143)) - d2424f4d-20d2-4104-abcc-02e6288f3ffc: start LeaderElection
2019-10-17 21:15:36,099 [d2424f4d-20d2-4104-abcc-02e6288f3ffc@group-62509A8A5C15-LeaderElection60] INFO  impl.LeaderElection (LeaderElection.java:askForVotes(178)) - d2424f4d-20d2-4104-abcc-02e6288f3ffc@group-62509A8A5C15-LeaderElection60: begin an election at term 61 for -1: [3909bd6a-278d-4911-9d70-32680c972d02:192.168.157.223:33343, d2424f4d-20d2-4104-abcc-02e6288f3ffc:192.168.157.223:39352, 7c510082-4284-44ef-8cd9-bb38fb15579f:192.168.157.223:33098], old=null
2019-10-17 21:15:36,103 [grpc-default-executor-2] INFO  impl.RaftServerImpl (RaftServerImpl.java:setRole(184)) - 7c510082-4284-44ef-8cd9-bb38fb15579f@group-62509A8A5C15: changes role from  FOLLOWER to FOLLOWER at term 61 for recognizeCandidate:d2424f4d-20d2-4104-abcc-02e6288f3ffc
2019-10-17 21:15:36,103 [grpc-default-executor-4] INFO  impl.RaftServerImpl (RaftServerImpl.java:setRole(184)) - 3909bd6a-278d-4911-9d70-32680c972d02@group-62509A8A5C15: changes role from  FOLLOWER to FOLLOWER at term 61 for recognizeCandidate:d2424f4d-20d2-4104-abcc-02e6288f3ffc
2019-10-17 21:15:36,103 [grpc-default-executor-2] INFO  impl.RoleInfo (RoleInfo.java:shutdownFollowerState(121)) - 7c510082-4284-44ef-8cd9-bb38fb15579f: shutdown FollowerState
2019-10-17 21:15:36,103 [grpc-default-executor-4] INFO  impl.RoleInfo (RoleInfo.java:shutdownFollowerState(121)) - 3909bd6a-278d-4911-9d70-32680c972d02: shutdown FollowerState
2019-10-17 21:15:36,104 [Thread-608] INFO  impl.FollowerState (FollowerState.java:run(117)) - 7c510082-4284-44ef-8cd9-bb38fb15579f@group-62509A8A5C15-FollowerState was interrupted: java.lang.InterruptedException: sleep interrupted
2019-10-17 21:15:36,103 [grpc-default-executor-2] INFO  impl.RoleInfo (RoleInfo.java:updateAndGet(143)) - 7c510082-4284-44ef-8cd9-bb38fb15579f: start FollowerState
2019-10-17 21:15:36,104 [Thread-607] INFO  impl.FollowerState (FollowerState.java:run(117)) - 3909bd6a-278d-4911-9d70-32680c972d02@group-62509A8A5C15-FollowerState was interrupted: java.lang.InterruptedException: sleep interrupted
2019-10-17 21:15:36,104 [grpc-default-executor-4] INFO  impl.RoleInfo (RoleInfo.java:updateAndGet(143)) - 3909bd6a-278d-4911-9d70-32680c972d02: start FollowerState
2019-10-17 21:15:36,122 [d2424f4d-20d2-4104-abcc-02e6288f3ffc@group-62509A8A5C15-LeaderElection60] INFO  impl.LeaderElection (LeaderElection.java:logAndReturn(56)) - d2424f4d-20d2-4104-abcc-02e6288f3ffc@group-62509A8A5C15-LeaderElection60: Election REJECTED; received 2 response(s) [d2424f4d-20d2-4104-abcc-02e6288f3ffc<-3909bd6a-278d-4911-9d70-32680c972d02#0:FAIL-t61, d2424f4d-20d2-4104-abcc-02e6288f3ffc<-7c510082-4284-44ef-8cd9-bb38fb15579f#0:FAIL-t61] and 0 exception(s); d2424f4d-20d2-4104-abcc-02e6288f3ffc@group-62509A8A5C15:t61, leader=null, voted=d2424f4d-20d2-4104-abcc-02e6288f3ffc, raftlog=d2424f4d-20d2-4104-abcc-02e6288f3ffc@group-62509A8A5C15-SegmentedRaftLog:OPENED:c-1,f-1,i0, conf=-1: [3909bd6a-278d-4911-9d70-32680c972d02:192.168.157.223:33343, d2424f4d-20d2-4104-abcc-02e6288f3ffc:192.168.157.223:39352, 7c510082-4284-44ef-8cd9-bb38fb15579f:192.168.157.223:33098], old=null
2019-10-17 21:15:36,122 [d2424f4d-20d2-4104-abcc-02e6288f3ffc@group-62509A8A5C15-LeaderElection60] INFO  impl.RaftServerImpl (RaftServerImpl.java:setRole(184)) - d2424f4d-20d2-4104-abcc-02e6288f3ffc@group-62509A8A5C15: changes role from CANDIDATE to FOLLOWER at term 61 for DISCOVERED_A_NEW_TERM
2019-10-17 21:15:36,122 [d2424f4d-20d2-4104-abcc-02e6288f3ffc@group-62509A8A5C15-LeaderElection60] INFO  impl.RoleInfo (RoleInfo.java:shutdownLeaderElection(134)) - d2424f4d-20d2-4104-abcc-02e6288f3ffc: shutdown LeaderElection
2019-10-17 21:15:36,122 [d2424f4d-20d2-4104-abcc-02e6288f3ffc@group-62509A8A5C15-LeaderElection60] INFO  impl.RoleInfo (RoleInfo.java:updateAndGet(143)) - d2424f4d-20d2-4104-abcc-02e6288f3ffc: start FollowerState
2019-10-17 21:15:36,153 [Thread-615] INFO  impl.FollowerState (FollowerState.java:run(108)) - d2424f4d-20d2-4104-abcc-02e6288f3ffc@group-62509A8A5C15-FollowerState: change to CANDIDATE, lastRpcTime:30ms, electionTimeout:30ms
2019-10-17 21:15:36,153 [Thread-615] INFO  impl.RoleInfo (RoleInfo.java:shutdownFollowerState(121)) - d2424f4d-20d2-4104-abcc-02e6288f3ffc: shutdown FollowerState
2019-10-17 21:15:36,153 [Thread-615] INFO  impl.RaftServerImpl (RaftServerImpl.java:setRole(184)) - d2424f4d-20d2-4104-abcc-02e6288f3ffc@group-62509A8A5C15: changes role from  FOLLOWER to CANDIDATE at term 61 for changeToCandidate
2019-10-17 21:15:36,153 [Thread-615] INFO  impl.RoleInfo (RoleInfo.java:updateAndGet(143)) - d2424f4d-20d2-4104-abcc-02e6288f3ffc: start LeaderElection
2019-10-17 21:15:36,180 [d2424f4d-20d2-4104-abcc-02e6288f3ffc@group-62509A8A5C15-LeaderElection61] INFO  impl.LeaderElection (LeaderElection.java:askForVotes(178)) - d2424f4d-20d2-4104-abcc-02e6288f3ffc@group-62509A8A5C15-LeaderElection61: begin an election at term 62 for -1: [3909bd6a-278d-4911-9d70-32680c972d02:192.168.157.223:33343, d2424f4d-20d2-4104-abcc-02e6288f3ffc:192.168.157.223:39352, 7c510082-4284-44ef-8cd9-bb38fb15579f:192.168.157.223:33098], old=null
2019-10-17 21:15:36,183 [grpc-default-executor-2] INFO  impl.RaftServerImpl (RaftServerImpl.java:setRole(184)) - 7c510082-4284-44ef-8cd9-bb38fb15579f@group-62509A8A5C15: changes role from  FOLLOWER to FOLLOWER at term 62 for recognizeCandidate:d2424f4d-20d2-4104-abcc-02e6288f3ffc
2019-10-17 21:15:36,183 [grpc-default-executor-4] INFO  impl.RaftServerImpl (RaftServerImpl.java:setRole(184)) - 3909bd6a-278d-4911-9d70-32680c972d02@group-62509A8A5C15: changes role from  FOLLOWER to FOLLOWER at term 62 for recognizeCandidate:d2424f4d-20d2-4104-abcc-02e6288f3ffc
2019-10-17 21:15:36,183 [grpc-default-executor-2] INFO  impl.RoleInfo (RoleInfo.java:shutdownFollowerState(121)) - 7c510082-4284-44ef-8cd9-bb38fb15579f: shutdown FollowerState
2019-10-17 21:15:36,183 [grpc-default-executor-4] INFO  impl.RoleInfo (RoleInfo.java:shutdownFollowerState(121)) - 3909bd6a-278d-4911-9d70-32680c972d02: shutdown FollowerState
2019-10-17 21:15:36,184 [Thread-613] INFO  impl.FollowerState (FollowerState.java:run(117)) - 7c510082-4284-44ef-8cd9-bb38fb15579f@group-62509A8A5C15-FollowerState was interrupted: java.lang.InterruptedException: sleep interrupted
2019-10-17 21:15:36,184 [grpc-default-executor-2] INFO  impl.RoleInfo (RoleInfo.java:updateAndGet(143)) - 7c510082-4284-44ef-8cd9-bb38fb15579f: start FollowerState
2019-10-17 21:15:36,184 [Thread-614] INFO  impl.FollowerState (FollowerState.java:run(117)) - 3909bd6a-278d-4911-9d70-32680c972d02@group-62509A8A5C15-FollowerState was interrupted: java.lang.InterruptedException: sleep interrupted
2019-10-17 21:15:36,184 [grpc-default-executor-4] INFO  impl.RoleInfo (RoleInfo.java:updateAndGet(143)) - 3909bd6a-278d-4911-9d70-32680c972d02: start FollowerState
2019-10-17 21:15:36,199 [d2424f4d-20d2-4104-abcc-02e6288f3ffc@group-62509A8A5C15-LeaderElection61] INFO  impl.LeaderElection (LeaderElection.java:logAndReturn(56)) - d2424f4d-20d2-4104-abcc-02e6288f3ffc@group-62509A8A5C15-LeaderElection61: Election REJECTED; received 2 response(s) [d2424f4d-20d2-4104-abcc-02e6288f3ffc<-3909bd6a-278d-4911-9d70-32680c972d02#0:FAIL-t62, d2424f4d-20d2-4104-abcc-02e6288f3ffc<-7c510082-4284-44ef-8cd9-bb38fb15579f#0:FAIL-t62] and 0 exception(s); d2424f4d-20d2-4104-abcc-02e6288f3ffc@group-62509A8A5C15:t62, leader=null, voted=d2424f4d-20d2-4104-abcc-02e6288f3ffc, raftlog=d2424f4d-20d2-4104-abcc-02e6288f3ffc@group-62509A8A5C15-SegmentedRaftLog:OPENED:c-1,f-1,i0, conf=-1: [3909bd6a-278d-4911-9d70-32680c972d02:192.168.157.223:33343, d2424f4d-20d2-4104-abcc-02e6288f3ffc:192.168.157.223:39352, 7c510082-4284-44ef-8cd9-bb38fb15579f:192.168.157.223:33098], old=null
2019-10-17 21:15:36,199 [d2424f4d-20d2-4104-abcc-02e6288f3ffc@group-62509A8A5C15-LeaderElection61] INFO  impl.RaftServerImpl (RaftServerImpl.java:setRole(184)) - d2424f4d-20d2-4104-abcc-02e6288f3ffc@group-62509A8A5C15: changes role from CANDIDATE to FOLLOWER at term 62 for DISCOVERED_A_NEW_TERM
2019-10-17 21:15:36,199 [d2424f4d-20d2-4104-abcc-02e6288f3ffc@group-62509A8A5C15-LeaderElection61] INFO  impl.RoleInfo (RoleInfo.java:shutdownLeaderElection(134)) - d2424f4d-20d2-4104-abcc-02e6288f3ffc: shutdown LeaderElection
2019-10-17 21:15:36,200 [d2424f4d-20d2-4104-abcc-02e6288f3ffc@group-62509A8A5C15-LeaderElection61] INFO  impl.RoleInfo (RoleInfo.java:updateAndGet(143)) - d2424f4d-20d2-4104-abcc-02e6288f3ffc: start FollowerState
2019-10-17 21:15:36,337 [Thread-621] INFO  impl.FollowerState (FollowerState.java:run(108)) - d2424f4d-20d2-4104-abcc-02e6288f3ffc@group-62509A8A5C15-FollowerState: change to CANDIDATE, lastRpcTime:137ms, electionTimeout:137ms
2019-10-17 21:15:36,337 [Thread-621] INFO  impl.RoleInfo (RoleInfo.java:shutdownFollowerState(121)) - d2424f4d-20d2-4104-abcc-02e6288f3ffc: shutdown FollowerState
2019-10-17 21:15:36,337 [Thread-621] INFO  impl.RaftServerImpl (RaftServerImpl.java:setRole(184)) - d2424f4d-20d2-4104-abcc-02e6288f3ffc@group-62509A8A5C15: changes role from  FOLLOWER to CANDIDATE at term 62 for changeToCandidate
2019-10-17 21:15:36,338 [Thread-621] INFO  impl.RoleInfo (RoleInfo.java:updateAndGet(143)) - d2424f4d-20d2-4104-abcc-02e6288f3ffc: start LeaderElection
2019-10-17 21:15:36,343 [d2424f4d-20d2-4104-abcc-02e6288f3ffc@group-62509A8A5C15-LeaderElection62] INFO  impl.LeaderElection (LeaderElection.java:askForVotes(178)) - d2424f4d-20d2-4104-abcc-02e6288f3ffc@group-62509A8A5C15-LeaderElection62: begin an election at term 63 for -1: [3909bd6a-278d-4911-9d70-32680c972d02:192.168.157.223:33343, d2424f4d-20d2-4104-abcc-02e6288f3ffc:192.168.157.223:39352, 7c510082-4284-44ef-8cd9-bb38fb15579f:192.168.157.223:33098], old=null
2019-10-17 21:15:36,346 [grpc-default-executor-4] INFO  impl.RaftServerImpl (RaftServerImpl.java:setRole(184)) - 3909bd6a-278d-4911-9d70-32680c972d02@group-62509A8A5C15: changes role from  FOLLOWER to FOLLOWER at term 63 for recognizeCandidate:d2424f4d-20d2-4104-abcc-02e6288f3ffc
2019-10-17 21:15:36,346 [grpc-default-executor-4] INFO  impl.RoleInfo (RoleInfo.java:shutdownFollowerState(121)) - 3909bd6a-278d-4911-9d70-32680c972d02: shutdown FollowerState
2019-10-17 21:15:36,346 [grpc-default-executor-2] INFO  impl.RaftServerImpl (RaftServerImpl.java:setRole(184)) - 7c510082-4284-44ef-8cd9-bb38fb15579f@group-62509A8A5C15: changes role from  FOLLOWER to FOLLOWER at term 63 for recognizeCandidate:d2424f4d-20d2-4104-abcc-02e6288f3ffc
2019-10-17 21:15:36,347 [Thread-620] INFO  impl.FollowerState (FollowerState.java:run(117)) - 3909bd6a-278d-4911-9d70-32680c972d02@group-62509A8A5C15-FollowerState was interrupted: java.lang.InterruptedException: sleep interrupted
2019-10-17 21:15:36,347 [grpc-default-executor-4] INFO  impl.RoleInfo (RoleInfo.java:updateAndGet(143)) - 3909bd6a-278d-4911-9d70-32680c972d02: start FollowerState
2019-10-17 21:15:36,347 [grpc-default-executor-2] INFO  impl.RoleInfo (RoleInfo.java:shutdownFollowerState(121)) - 7c510082-4284-44ef-8cd9-bb38fb15579f: shutdown FollowerState
2019-10-17 21:15:36,348 [grpc-default-executor-2] INFO  impl.RoleInfo (RoleInfo.java:updateAndGet(143)) - 7c510082-4284-44ef-8cd9-bb38fb15579f: start FollowerState
2019-10-17 21:15:36,348 [Thread-619] INFO  impl.FollowerState (FollowerState.java:run(117)) - 7c510082-4284-44ef-8cd9-bb38fb15579f@group-62509A8A5C15-FollowerState was interrupted: java.lang.InterruptedException: sleep interrupted
2019-10-17 21:15:36,353 [d2424f4d-20d2-4104-abcc-02e6288f3ffc@group-62509A8A5C15-LeaderElection62] INFO  impl.LeaderElection (LeaderElection.java:logAndReturn(56)) - d2424f4d-20d2-4104-abcc-02e6288f3ffc@group-62509A8A5C15-LeaderElection62: Election REJECTED; received 2 response(s) [d2424f4d-20d2-4104-abcc-02e6288f3ffc<-3909bd6a-278d-4911-9d70-32680c972d02#0:FAIL-t63, d2424f4d-20d2-4104-abcc-02e6288f3ffc<-7c510082-4284-44ef-8cd9-bb38fb15579f#0:FAIL-t63] and 0 exception(s); d2424f4d-20d2-4104-abcc-02e6288f3ffc@group-62509A8A5C15:t63, leader=null, voted=d2424f4d-20d2-4104-abcc-02e6288f3ffc, raftlog=d2424f4d-20d2-4104-abcc-02e6288f3ffc@group-62509A8A5C15-SegmentedRaftLog:OPENED:c-1,f-1,i0, conf=-1: [3909bd6a-278d-4911-9d70-32680c972d02:192.168.157.223:33343, d2424f4d-20d2-4104-abcc-02e6288f3ffc:192.168.157.223:39352, 7c510082-4284-44ef-8cd9-bb38fb15579f:192.168.157.223:33098], old=null
2019-10-17 21:15:36,353 [d2424f4d-20d2-4104-abcc-02e6288f3ffc@group-62509A8A5C15-LeaderElection62] INFO  impl.RaftServerImpl (RaftServerImpl.java:setRole(184)) - d2424f4d-20d2-4104-abcc-02e6288f3ffc@group-62509A8A5C15: changes role from CANDIDATE to FOLLOWER at term 63 for DISCOVERED_A_NEW_TERM
2019-10-17 21:15:36,353 [d2424f4d-20d2-4104-abcc-02e6288f3ffc@group-62509A8A5C15-LeaderElection62] INFO  impl.RoleInfo (RoleInfo.java:shutdownLeaderElection(134)) - d2424f4d-20d2-4104-abcc-02e6288f3ffc: shutdown LeaderElection
2019-10-17 21:15:36,354 [d2424f4d-20d2-4104-abcc-02e6288f3ffc@group-62509A8A5C15-LeaderElection62] INFO  impl.RoleInfo (RoleInfo.java:updateAndGet(143)) - d2424f4d-20d2-4104-abcc-02e6288f3ffc: start FollowerState
2019-10-17 21:15:36,473 [Thread-627] INFO  impl.FollowerState (FollowerState.java:run(108)) - d2424f4d-20d2-4104-abcc-02e6288f3ffc@group-62509A8A5C15-FollowerState: change to CANDIDATE, lastRpcTime:119ms, electionTimeout:119ms
2019-10-17 21:15:36,473 [Thread-627] INFO  impl.RoleInfo (RoleInfo.java:shutdownFollowerState(121)) - d2424f4d-20d2-4104-abcc-02e6288f3ffc: shutdown FollowerState
2019-10-17 21:15:36,474 [Thread-627] INFO  impl.RaftServerImpl (RaftServerImpl.java:setRole(184)) - d2424f4d-20d2-4104-abcc-02e6288f3ffc@group-62509A8A5C15: changes role from  FOLLOWER to CANDIDATE at term 63 for changeToCandidate
2019-10-17 21:15:36,474 [Thread-627] INFO  impl.RoleInfo (RoleInfo.java:updateAndGet(143)) - d2424f4d-20d2-4104-abcc-02e6288f3ffc: start LeaderElection
2019-10-17 21:15:36,488 [d2424f4d-20d2-4104-abcc-02e6288f3ffc@group-62509A8A5C15-LeaderElection63] INFO  impl.LeaderElection (LeaderElection.java:askForVotes(178)) - d2424f4d-20d2-4104-abcc-02e6288f3ffc@group-62509A8A5C15-LeaderElection63: begin an election at term 64 for -1: [3909bd6a-278d-4911-9d70-32680c972d02:192.168.157.223:33343, d2424f4d-20d2-4104-abcc-02e6288f3ffc:192.168.157.223:39352, 7c510082-4284-44ef-8cd9-bb38fb15579f:192.168.157.223:33098], old=null
2019-10-17 21:15:36,492 [grpc-default-executor-2] INFO  impl.RaftServerImpl (RaftServerImpl.java:setRole(184)) - 7c510082-4284-44ef-8cd9-bb38fb15579f@group-62509A8A5C15: changes role from  FOLLOWER to FOLLOWER at term 64 for recognizeCandidate:d2424f4d-20d2-4104-abcc-02e6288f3ffc
2019-10-17 21:15:36,492 [grpc-default-executor-4] INFO  impl.RaftServerImpl (RaftServerImpl.java:setRole(184)) - 3909bd6a-278d-4911-9d70-32680c972d02@group-62509A8A5C15: changes role from  FOLLOWER to FOLLOWER at term 64 for recognizeCandidate:d2424f4d-20d2-4104-abcc-02e6288f3ffc
2019-10-17 21:15:36,492 [grpc-default-executor-2] INFO  impl.RoleInfo (RoleInfo.java:shutdownFollowerState(121)) - 7c510082-4284-44ef-8cd9-bb38fb15579f: shutdown FollowerState
2019-10-17 21:15:36,492 [grpc-default-executor-4] INFO  impl.RoleInfo (RoleInfo.java:shutdownFollowerState(121)) - 3909bd6a-278d-4911-9d70-32680c972d02: shutdown FollowerState
2019-10-17 21:15:36,492 [Thread-626] INFO  impl.FollowerState (FollowerState.java:run(117)) - 7c510082-4284-44ef-8cd9-bb38fb15579f@group-62509A8A5C15-FollowerState was interrupted: java.lang.InterruptedException: sleep interrupted
2019-10-17 21:15:36,492 [grpc-default-executor-2] INFO  impl.RoleInfo (RoleInfo.java:updateAndGet(143)) - 7c510082-4284-44ef-8cd9-bb38fb15579f: start FollowerState
2019-10-17 21:15:36,493 [Thread-625] INFO  impl.FollowerState (FollowerState.java:run(117)) - 3909bd6a-278d-4911-9d70-32680c972d02@group-62509A8A5C15-FollowerState was interrupted: java.lang.InterruptedException: sleep interrupted
2019-10-17 21:15:36,493 [grpc-default-executor-4] INFO  impl.RoleInfo (RoleInfo.java:updateAndGet(143)) - 3909bd6a-278d-4911-9d70-32680c972d02: start FollowerState
2019-10-17 21:15:36,513 [d2424f4d-20d2-4104-abcc-02e6288f3ffc@group-62509A8A5C15-LeaderElection63] INFO  impl.LeaderElection (LeaderElection.java:logAndReturn(56)) - d2424f4d-20d2-4104-abcc-02e6288f3ffc@group-62509A8A5C15-LeaderElection63: Election REJECTED; received 2 response(s) [d2424f4d-20d2-4104-abcc-02e6288f3ffc<-3909bd6a-278d-4911-9d70-32680c972d02#0:FAIL-t64, d2424f4d-20d2-4104-abcc-02e6288f3ffc<-7c510082-4284-44ef-8cd9-bb38fb15579f#0:FAIL-t64] and 0 exception(s); d2424f4d-20d2-4104-abcc-02e6288f3ffc@group-62509A8A5C15:t64, leader=null, voted=d2424f4d-20d2-4104-abcc-02e6288f3ffc, raftlog=d2424f4d-20d2-4104-abcc-02e6288f3ffc@group-62509A8A5C15-SegmentedRaftLog:OPENED:c-1,f-1,i0, conf=-1: [3909bd6a-278d-4911-9d70-32680c972d02:192.168.157.223:33343, d2424f4d-20d2-4104-abcc-02e6288f3ffc:192.168.157.223:39352, 7c510082-4284-44ef-8cd9-bb38fb15579f:192.168.157.223:33098], old=null
2019-10-17 21:15:36,513 [d2424f4d-20d2-4104-abcc-02e6288f3ffc@group-62509A8A5C15-LeaderElection63] INFO  impl.RaftServerImpl (RaftServerImpl.java:setRole(184)) - d2424f4d-20d2-4104-abcc-02e6288f3ffc@group-62509A8A5C15: changes role from CANDIDATE to FOLLOWER at term 64 for DISCOVERED_A_NEW_TERM
2019-10-17 21:15:36,513 [d2424f4d-20d2-4104-abcc-02e6288f3ffc@group-62509A8A5C15-LeaderElection63] INFO  impl.RoleInfo (RoleInfo.java:shutdownLeaderElection(134)) - d2424f4d-20d2-4104-abcc-02e6288f3ffc: shutdown LeaderElection
2019-10-17 21:15:36,513 [d2424f4d-20d2-4104-abcc-02e6288f3ffc@group-62509A8A5C15-LeaderElection63] INFO  impl.RoleInfo (RoleInfo.java:updateAndGet(143)) - d2424f4d-20d2-4104-abcc-02e6288f3ffc: start FollowerState
2019-10-17 21:15:36,543 [Thread-633] INFO  impl.FollowerState (FollowerState.java:run(108)) - d2424f4d-20d2-4104-abcc-02e6288f3ffc@group-62509A8A5C15-FollowerState: change to CANDIDATE, lastRpcTime:29ms, electionTimeout:29ms
2019-10-17 21:15:36,543 [Thread-633] INFO  impl.RoleInfo (RoleInfo.java:shutdownFollowerState(121)) - d2424f4d-20d2-4104-abcc-02e6288f3ffc: shutdown FollowerState
2019-10-17 21:15:36,543 [Thread-633] INFO  impl.RaftServerImpl (RaftServerImpl.java:setRole(184)) - d2424f4d-20d2-4104-abcc-02e6288f3ffc@group-62509A8A5C15: changes role from  FOLLOWER to CANDIDATE at term 64 for changeToCandidate
2019-10-17 21:15:36,543 [Thread-633] INFO  impl.RoleInfo (RoleInfo.java:updateAndGet(143)) - d2424f4d-20d2-4104-abcc-02e6288f3ffc: start LeaderElection
2019-10-17 21:15:36,558 [d2424f4d-20d2-4104-abcc-02e6288f3ffc@group-62509A8A5C15-LeaderElection64] INFO  impl.LeaderElection (LeaderElection.java:askForVotes(178)) - d2424f4d-20d2-4104-abcc-02e6288f3ffc@group-62509A8A5C15-LeaderElection64: begin an election at term 65 for -1: [3909bd6a-278d-4911-9d70-32680c972d02:192.168.157.223:33343, d2424f4d-20d2-4104-abcc-02e6288f3ffc:192.168.157.223:39352, 7c510082-4284-44ef-8cd9-bb38fb15579f:192.168.157.223:33098], old=null
2019-10-17 21:15:36,561 [grpc-default-executor-4] INFO  impl.RaftServerImpl (RaftServerImpl.java:setRole(184)) - 3909bd6a-278d-4911-9d70-32680c972d02@group-62509A8A5C15: changes role from  FOLLOWER to FOLLOWER at term 65 for recognizeCandidate:d2424f4d-20d2-4104-abcc-02e6288f3ffc
2019-10-17 21:15:36,561 [grpc-default-executor-2] INFO  impl.RaftServerImpl (RaftServerImpl.java:setRole(184)) - 7c510082-4284-44ef-8cd9-bb38fb15579f@group-62509A8A5C15: changes role from  FOLLOWER to FOLLOWER at term 65 for recognizeCandidate:d2424f4d-20d2-4104-abcc-02e6288f3ffc
2019-10-17 21:15:36,561 [grpc-default-executor-4] INFO  impl.RoleInfo (RoleInfo.java:shutdownFollowerState(121)) - 3909bd6a-278d-4911-9d70-32680c972d02: shutdown FollowerState
2019-10-17 21:15:36,561 [grpc-default-executor-2] INFO  impl.RoleInfo (RoleInfo.java:shutdownFollowerState(121)) - 7c510082-4284-44ef-8cd9-bb38fb15579f: shutdown FollowerState
2019-10-17 21:15:36,562 [grpc-default-executor-4] INFO  impl.RoleInfo (RoleInfo.java:updateAndGet(143)) - 3909bd6a-278d-4911-9d70-32680c972d02: start FollowerState
2019-10-17 21:15:36,562 [Thread-632] INFO  impl.FollowerState (FollowerState.java:run(117)) - 3909bd6a-278d-4911-9d70-32680c972d02@group-62509A8A5C15-FollowerState was interrupted: java.lang.InterruptedException: sleep interrupted
2019-10-17 21:15:36,562 [Thread-631] INFO  impl.FollowerState (FollowerState.java:run(117)) - 7c510082-4284-44ef-8cd9-bb38fb15579f@group-62509A8A5C15-FollowerState was interrupted: java.lang.InterruptedException: sleep interrupted
2019-10-17 21:15:36,562 [grpc-default-executor-2] INFO  impl.RoleInfo (RoleInfo.java:updateAndGet(143)) - 7c510082-4284-44ef-8cd9-bb38fb15579f: start FollowerState
2019-10-17 21:15:36,574 [d2424f4d-20d2-4104-abcc-02e6288f3ffc@group-62509A8A5C15-LeaderElection64] INFO  impl.LeaderElection (LeaderElection.java:logAndReturn(56)) - d2424f4d-20d2-4104-abcc-02e6288f3ffc@group-62509A8A5C15-LeaderElection64: Election REJECTED; received 2 response(s) [d2424f4d-20d2-4104-abcc-02e6288f3ffc<-3909bd6a-278d-4911-9d70-32680c972d02#0:FAIL-t65, d2424f4d-20d2-4104-abcc-02e6288f3ffc<-7c510082-4284-44ef-8cd9-bb38fb15579f#0:FAIL-t65] and 0 exception(s); d2424f4d-20d2-4104-abcc-02e6288f3ffc@group-62509A8A5C15:t65, leader=null, voted=d2424f4d-20d2-4104-abcc-02e6288f3ffc, raftlog=d2424f4d-20d2-4104-abcc-02e6288f3ffc@group-62509A8A5C15-SegmentedRaftLog:OPENED:c-1,f-1,i0, conf=-1: [3909bd6a-278d-4911-9d70-32680c972d02:192.168.157.223:33343, d2424f4d-20d2-4104-abcc-02e6288f3ffc:192.168.157.223:39352, 7c510082-4284-44ef-8cd9-bb38fb15579f:192.168.157.223:33098], old=null
2019-10-17 21:15:36,575 [d2424f4d-20d2-4104-abcc-02e6288f3ffc@group-62509A8A5C15-LeaderElection64] INFO  impl.RaftServerImpl (RaftServerImpl.java:setRole(184)) - d2424f4d-20d2-4104-abcc-02e6288f3ffc@group-62509A8A5C15: changes role from CANDIDATE to FOLLOWER at term 65 for DISCOVERED_A_NEW_TERM
2019-10-17 21:15:36,576 [d2424f4d-20d2-4104-abcc-02e6288f3ffc@group-62509A8A5C15-LeaderElection64] INFO  impl.RoleInfo (RoleInfo.java:shutdownLeaderElection(134)) - d2424f4d-20d2-4104-abcc-02e6288f3ffc: shutdown LeaderElection
2019-10-17 21:15:36,578 [d2424f4d-20d2-4104-abcc-02e6288f3ffc@group-62509A8A5C15-LeaderElection64] INFO  impl.RoleInfo (RoleInfo.java:updateAndGet(143)) - d2424f4d-20d2-4104-abcc-02e6288f3ffc: start FollowerState
2019-10-17 21:15:36,691 [Thread-641] INFO  impl.FollowerState (FollowerState.java:run(108)) - d2424f4d-20d2-4104-abcc-02e6288f3ffc@group-62509A8A5C15-FollowerState: change to CANDIDATE, lastRpcTime:112ms, electionTimeout:112ms
2019-10-17 21:15:36,691 [Thread-641] INFO  impl.RoleInfo (RoleInfo.java:shutdownFollowerState(121)) - d2424f4d-20d2-4104-abcc-02e6288f3ffc: shutdown FollowerState
2019-10-17 21:15:36,691 [Thread-641] INFO  impl.RaftServerImpl (RaftServerImpl.java:setRole(184)) - d2424f4d-20d2-4104-abcc-02e6288f3ffc@group-62509A8A5C15: changes role from  FOLLOWER to CANDIDATE at term 65 for changeToCandidate
2019-10-17 21:15:36,691 [Thread-641] INFO  impl.RoleInfo (RoleInfo.java:updateAndGet(143)) - d2424f4d-20d2-4104-abcc-02e6288f3ffc: start LeaderElection
2019-10-17 21:15:36,717 [d2424f4d-20d2-4104-abcc-02e6288f3ffc@group-62509A8A5C15-LeaderElection65] INFO  impl.LeaderElection (LeaderElection.java:askForVotes(178)) - d2424f4d-20d2-4104-abcc-02e6288f3ffc@group-62509A8A5C15-LeaderElection65: begin an election at term 66 for -1: [3909bd6a-278d-4911-9d70-32680c972d02:192.168.157.223:33343, d2424f4d-20d2-4104-abcc-02e6288f3ffc:192.168.157.223:39352, 7c510082-4284-44ef-8cd9-bb38fb15579f:192.168.157.223:33098], old=null
2019-10-17 21:15:36,719 [d2424f4d-20d2-4104-abcc-02e6288f3ffc@group-62509A8A5C15-LeaderElection65] INFO  impl.LeaderElection (LeaderElection.java:logAndReturn(56)) - d2424f4d-20d2-4104-abcc-02e6288f3ffc@group-62509A8A5C15-LeaderElection65: Election TIMEOUT; received 0 response(s) [] and 0 exception(s); d2424f4d-20d2-4104-abcc-02e6288f3ffc@group-62509A8A5C15:t66, leader=null, voted=d2424f4d-20d2-4104-abcc-02e6288f3ffc, raftlog=d2424f4d-20d2-4104-abcc-02e6288f3ffc@group-62509A8A5C15-SegmentedRaftLog:OPENED:c-1,f-1,i0, conf=-1: [3909bd6a-278d-4911-9d70-32680c972d02:192.168.157.223:33343, d2424f4d-20d2-4104-abcc-02e6288f3ffc:192.168.157.223:39352, 7c510082-4284-44ef-8cd9-bb38fb15579f:192.168.157.223:33098], old=null
2019-10-17 21:15:36,720 [grpc-default-executor-4] INFO  impl.RaftServerImpl (RaftServerImpl.java:setRole(184)) - 3909bd6a-278d-4911-9d70-32680c972d02@group-62509A8A5C15: changes role from  FOLLOWER to FOLLOWER at term 66 for recognizeCandidate:d2424f4d-20d2-4104-abcc-02e6288f3ffc
2019-10-17 21:15:36,720 [grpc-default-executor-4] INFO  impl.RoleInfo (RoleInfo.java:shutdownFollowerState(121)) - 3909bd6a-278d-4911-9d70-32680c972d02: shutdown FollowerState
2019-10-17 21:15:36,720 [grpc-default-executor-2] INFO  impl.RaftServerImpl (RaftServerImpl.java:setRole(184)) - 7c510082-4284-44ef-8cd9-bb38fb15579f@group-62509A8A5C15: changes role from  FOLLOWER to FOLLOWER at term 66 for recognizeCandidate:d2424f4d-20d2-4104-abcc-02e6288f3ffc
2019-10-17 21:15:36,721 [Thread-637] INFO  impl.FollowerState (FollowerState.java:run(117)) - 3909bd6a-278d-4911-9d70-32680c972d02@group-62509A8A5C15-FollowerState was interrupted: java.lang.InterruptedException: sleep interrupted
2019-10-17 21:15:36,721 [grpc-default-executor-4] INFO  impl.RoleInfo (RoleInfo.java:updateAndGet(143)) - 3909bd6a-278d-4911-9d70-32680c972d02: start FollowerState
2019-10-17 21:15:36,721 [grpc-default-executor-2] INFO  impl.RoleInfo (RoleInfo.java:shutdownFollowerState(121)) - 7c510082-4284-44ef-8cd9-bb38fb15579f: shutdown FollowerState
2019-10-17 21:15:36,721 [grpc-default-executor-2] INFO  impl.RoleInfo (RoleInfo.java:updateAndGet(143)) - 7c510082-4284-44ef-8cd9-bb38fb15579f: start FollowerState
2019-10-17 21:15:36,721 [Thread-638] INFO  impl.FollowerState (FollowerState.java:run(117)) - 7c510082-4284-44ef-8cd9-bb38fb15579f@group-62509A8A5C15-FollowerState was interrupted: java.lang.InterruptedException: sleep interrupted
2019-10-17 21:15:36,744 [d2424f4d-20d2-4104-abcc-02e6288f3ffc@group-62509A8A5C15-LeaderElection65] INFO  impl.LeaderElection (LeaderElection.java:askForVotes(178)) - d2424f4d-20d2-4104-abcc-02e6288f3ffc@group-62509A8A5C15-LeaderElection65: begin an election at term 67 for -1: [3909bd6a-278d-4911-9d70-32680c972d02:192.168.157.223:33343, d2424f4d-20d2-4104-abcc-02e6288f3ffc:192.168.157.223:39352, 7c510082-4284-44ef-8cd9-bb38fb15579f:192.168.157.223:33098], old=null
2019-10-17 21:15:36,747 [grpc-default-executor-4] INFO  impl.RaftServerImpl (RaftServerImpl.java:setRole(184)) - 3909bd6a-278d-4911-9d70-32680c972d02@group-62509A8A5C15: changes role from  FOLLOWER to FOLLOWER at term 67 for recognizeCandidate:d2424f4d-20d2-4104-abcc-02e6288f3ffc
2019-10-17 21:15:36,747 [grpc-default-executor-4] INFO  impl.RoleInfo (RoleInfo.java:shutdownFollowerState(121)) - 3909bd6a-278d-4911-9d70-32680c972d02: shutdown FollowerState
2019-10-17 21:15:36,747 [grpc-default-executor-4] INFO  impl.RoleInfo (RoleInfo.java:updateAndGet(143)) - 3909bd6a-278d-4911-9d70-32680c972d02: start FollowerState
2019-10-17 21:15:36,747 [Thread-645] INFO  impl.FollowerState (FollowerState.java:run(117)) - 3909bd6a-278d-4911-9d70-32680c972d02@group-62509A8A5C15-FollowerState was interrupted: java.lang.InterruptedException: sleep interrupted
2019-10-17 21:15:36,747 [grpc-default-executor-2] INFO  impl.RaftServerImpl (RaftServerImpl.java:setRole(184)) - 7c510082-4284-44ef-8cd9-bb38fb15579f@group-62509A8A5C15: changes role from  FOLLOWER to FOLLOWER at term 67 for recognizeCandidate:d2424f4d-20d2-4104-abcc-02e6288f3ffc
2019-10-17 21:15:36,747 [grpc-default-executor-2] INFO  impl.RoleInfo (RoleInfo.java:shutdownFollowerState(121)) - 7c510082-4284-44ef-8cd9-bb38fb15579f: shutdown FollowerState
2019-10-17 21:15:36,747 [grpc-default-executor-2] INFO  impl.RoleInfo (RoleInfo.java:updateAndGet(143)) - 7c510082-4284-44ef-8cd9-bb38fb15579f: start FollowerState
2019-10-17 21:15:36,747 [Thread-646] INFO  impl.FollowerState (FollowerState.java:run(117)) - 7c510082-4284-44ef-8cd9-bb38fb15579f@group-62509A8A5C15-FollowerState was interrupted: java.lang.InterruptedException: sleep interrupted
2019-10-17 21:15:36,774 [d2424f4d-20d2-4104-abcc-02e6288f3ffc@group-62509A8A5C15-LeaderElection65] INFO  impl.LeaderElection (LeaderElection.java:logAndReturn(56)) - d2424f4d-20d2-4104-abcc-02e6288f3ffc@group-62509A8A5C15-LeaderElection65: Election REJECTED; received 2 response(s) [d2424f4d-20d2-4104-abcc-02e6288f3ffc<-3909bd6a-278d-4911-9d70-32680c972d02#0:FAIL-t67, d2424f4d-20d2-4104-abcc-02e6288f3ffc<-7c510082-4284-44ef-8cd9-bb38fb15579f#0:FAIL-t67] and 0 exception(s); d2424f4d-20d2-4104-abcc-02e6288f3ffc@group-62509A8A5C15:t67, leader=null, voted=d2424f4d-20d2-4104-abcc-02e6288f3ffc, raftlog=d2424f4d-20d2-4104-abcc-02e6288f3ffc@group-62509A8A5C15-SegmentedRaftLog:OPENED:c-1,f-1,i0, conf=-1: [3909bd6a-278d-4911-9d70-32680c972d02:192.168.157.223:33343, d2424f4d-20d2-4104-abcc-02e6288f3ffc:192.168.157.223:39352, 7c510082-4284-44ef-8cd9-bb38fb15579f:192.168.157.223:33098], old=null
2019-10-17 21:15:36,774 [d2424f4d-20d2-4104-abcc-02e6288f3ffc@group-62509A8A5C15-LeaderElection65] INFO  impl.RaftServerImpl (RaftServerImpl.java:setRole(184)) - d2424f4d-20d2-4104-abcc-02e6288f3ffc@group-62509A8A5C15: changes role from CANDIDATE to FOLLOWER at term 67 for DISCOVERED_A_NEW_TERM
2019-10-17 21:15:36,775 [d2424f4d-20d2-4104-abcc-02e6288f3ffc@group-62509A8A5C15-LeaderElection65] INFO  impl.RoleInfo (RoleInfo.java:shutdownLeaderElection(134)) - d2424f4d-20d2-4104-abcc-02e6288f3ffc: shutdown LeaderElection
2019-10-17 21:15:36,775 [d2424f4d-20d2-4104-abcc-02e6288f3ffc@group-62509A8A5C15-LeaderElection65] INFO  impl.RoleInfo (RoleInfo.java:updateAndGet(143)) - d2424f4d-20d2-4104-abcc-02e6288f3ffc: start FollowerState
2019-10-17 21:15:36,882 [Thread-651] INFO  impl.FollowerState (FollowerState.java:run(108)) - d2424f4d-20d2-4104-abcc-02e6288f3ffc@group-62509A8A5C15-FollowerState: change to CANDIDATE, lastRpcTime:107ms, electionTimeout:107ms
2019-10-17 21:15:36,882 [Thread-651] INFO  impl.RoleInfo (RoleInfo.java:shutdownFollowerState(121)) - d2424f4d-20d2-4104-abcc-02e6288f3ffc: shutdown FollowerState
2019-10-17 21:15:36,882 [Thread-651] INFO  impl.RaftServerImpl (RaftServerImpl.java:setRole(184)) - d2424f4d-20d2-4104-abcc-02e6288f3ffc@group-62509A8A5C15: changes role from  FOLLOWER to CANDIDATE at term 67 for changeToCandidate
2019-10-17 21:15:36,883 [Thread-651] INFO  impl.RoleInfo (RoleInfo.java:updateAndGet(143)) - d2424f4d-20d2-4104-abcc-02e6288f3ffc: start LeaderElection
2019-10-17 21:15:36,896 [d2424f4d-20d2-4104-abcc-02e6288f3ffc@group-62509A8A5C15-LeaderElection66] INFO  impl.LeaderElection (LeaderElection.java:askForVotes(178)) - d2424f4d-20d2-4104-abcc-02e6288f3ffc@group-62509A8A5C15-LeaderElection66: begin an election at term 68 for -1: [3909bd6a-278d-4911-9d70-32680c972d02:192.168.157.223:33343, d2424f4d-20d2-4104-abcc-02e6288f3ffc:192.168.157.223:39352, 7c510082-4284-44ef-8cd9-bb38fb15579f:192.168.157.223:33098], old=null
2019-10-17 21:15:36,899 [grpc-default-executor-4] INFO  impl.RaftServerImpl (RaftServerImpl.java:setRole(184)) - 3909bd6a-278d-4911-9d70-32680c972d02@group-62509A8A5C15: changes role from  FOLLOWER to FOLLOWER at term 68 for recognizeCandidate:d2424f4d-20d2-4104-abcc-02e6288f3ffc
2019-10-17 21:15:36,899 [grpc-default-executor-2] INFO  impl.RaftServerImpl (RaftServerImpl.java:setRole(184)) - 7c510082-4284-44ef-8cd9-bb38fb15579f@group-62509A8A5C15: changes role from  FOLLOWER to FOLLOWER at term 68 for recognizeCandidate:d2424f4d-20d2-4104-abcc-02e6288f3ffc
2019-10-17 21:15:36,899 [grpc-default-executor-4] INFO  impl.RoleInfo (RoleInfo.java:shutdownFollowerState(121)) - 3909bd6a-278d-4911-9d70-32680c972d02: shutdown FollowerState
2019-10-17 21:15:36,899 [grpc-default-executor-2] INFO  impl.RoleInfo (RoleInfo.java:shutdownFollowerState(121)) - 7c510082-4284-44ef-8cd9-bb38fb15579f: shutdown FollowerState
2019-10-17 21:15:36,899 [Thread-649] INFO  impl.FollowerState (FollowerState.java:run(117)) - 3909bd6a-278d-4911-9d70-32680c972d02@group-62509A8A5C15-FollowerState was interrupted: java.lang.InterruptedException: sleep interrupted
2019-10-17 21:15:36,899 [grpc-default-executor-4] INFO  impl.RoleInfo (RoleInfo.java:updateAndGet(143)) - 3909bd6a-278d-4911-9d70-32680c972d02: start FollowerState
2019-10-17 21:15:36,899 [Thread-650] INFO  impl.FollowerState (FollowerState.java:run(117)) - 7c510082-4284-44ef-8cd9-bb38fb15579f@group-62509A8A5C15-FollowerState was interrupted: java.lang.InterruptedException: sleep interrupted
2019-10-17 21:15:36,899 [grpc-default-executor-2] INFO  impl.RoleInfo (RoleInfo.java:updateAndGet(143)) - 7c510082-4284-44ef-8cd9-bb38fb15579f: start FollowerState
2019-10-17 21:15:36,927 [d2424f4d-20d2-4104-abcc-02e6288f3ffc@group-62509A8A5C15-LeaderElection66] INFO  impl.LeaderElection (LeaderElection.java:logAndReturn(56)) - d2424f4d-20d2-4104-abcc-02e6288f3ffc@group-62509A8A5C15-LeaderElection66: Election REJECTED; received 2 response(s) [d2424f4d-20d2-4104-abcc-02e6288f3ffc<-3909bd6a-278d-4911-9d70-32680c972d02#0:FAIL-t68, d2424f4d-20d2-4104-abcc-02e6288f3ffc<-7c510082-4284-44ef-8cd9-bb38fb15579f#0:FAIL-t68] and 0 exception(s); d2424f4d-20d2-4104-abcc-02e6288f3ffc@group-62509A8A5C15:t68, leader=null, voted=d2424f4d-20d2-4104-abcc-02e6288f3ffc, raftlog=d2424f4d-20d2-4104-abcc-02e6288f3ffc@group-62509A8A5C15-SegmentedRaftLog:OPENED:c-1,f-1,i0, conf=-1: [3909bd6a-278d-4911-9d70-32680c972d02:192.168.157.223:33343, d2424f4d-20d2-4104-abcc-02e6288f3ffc:192.168.157.223:39352, 7c510082-4284-44ef-8cd9-bb38fb15579f:192.168.157.223:33098], old=null
2019-10-17 21:15:36,927 [d2424f4d-20d2-4104-abcc-02e6288f3ffc@group-62509A8A5C15-LeaderElection66] INFO  impl.RaftServerImpl (RaftServerImpl.java:setRole(184)) - d2424f4d-20d2-4104-abcc-02e6288f3ffc@group-62509A8A5C15: changes role from CANDIDATE to FOLLOWER at term 68 for DISCOVERED_A_NEW_TERM
2019-10-17 21:15:36,928 [d2424f4d-20d2-4104-abcc-02e6288f3ffc@group-62509A8A5C15-LeaderElection66] INFO  impl.RoleInfo (RoleInfo.java:shutdownLeaderElection(134)) - d2424f4d-20d2-4104-abcc-02e6288f3ffc: shutdown LeaderElection
2019-10-17 21:15:36,928 [d2424f4d-20d2-4104-abcc-02e6288f3ffc@group-62509A8A5C15-LeaderElection66] INFO  impl.RoleInfo (RoleInfo.java:updateAndGet(143)) - d2424f4d-20d2-4104-abcc-02e6288f3ffc: start FollowerState
2019-10-17 21:15:37,027 [Thread-657] INFO  impl.FollowerState (FollowerState.java:run(108)) - d2424f4d-20d2-4104-abcc-02e6288f3ffc@group-62509A8A5C15-FollowerState: change to CANDIDATE, lastRpcTime:99ms, electionTimeout:99ms
2019-10-17 21:15:37,027 [Thread-657] INFO  impl.RoleInfo (RoleInfo.java:shutdownFollowerState(121)) - d2424f4d-20d2-4104-abcc-02e6288f3ffc: shutdown FollowerState
2019-10-17 21:15:37,027 [Thread-657] INFO  impl.RaftServerImpl (RaftServerImpl.java:setRole(184)) - d2424f4d-20d2-4104-abcc-02e6288f3ffc@group-62509A8A5C15: changes role from  FOLLOWER to CANDIDATE at term 68 for changeToCandidate
2019-10-17 21:15:37,027 [Thread-657] INFO  impl.RoleInfo (RoleInfo.java:updateAndGet(143)) - d2424f4d-20d2-4104-abcc-02e6288f3ffc: start LeaderElection
2019-10-17 21:15:37,041 [d2424f4d-20d2-4104-abcc-02e6288f3ffc@group-62509A8A5C15-LeaderElection67] INFO  impl.LeaderElection (LeaderElection.java:askForVotes(178)) - d2424f4d-20d2-4104-abcc-02e6288f3ffc@group-62509A8A5C15-LeaderElection67: begin an election at term 69 for -1: [3909bd6a-278d-4911-9d70-32680c972d02:192.168.157.223:33343, d2424f4d-20d2-4104-abcc-02e6288f3ffc:192.168.157.223:39352, 7c510082-4284-44ef-8cd9-bb38fb15579f:192.168.157.223:33098], old=null
2019-10-17 21:15:37,044 [grpc-default-executor-2] INFO  impl.RaftServerImpl (RaftServerImpl.java:setRole(184)) - 7c510082-4284-44ef-8cd9-bb38fb15579f@group-62509A8A5C15: changes role from  FOLLOWER to FOLLOWER at term 69 for recognizeCandidate:d2424f4d-20d2-4104-abcc-02e6288f3ffc
2019-10-17 21:15:37,044 [grpc-default-executor-4] INFO  impl.RaftServerImpl (RaftServerImpl.java:setRole(184)) - 3909bd6a-278d-4911-9d70-32680c972d02@group-62509A8A5C15: changes role from  FOLLOWER to FOLLOWER at term 69 for recognizeCandidate:d2424f4d-20d2-4104-abcc-02e6288f3ffc
2019-10-17 21:15:37,044 [grpc-default-executor-2] INFO  impl.RoleInfo (RoleInfo.java:shutdownFollowerState(121)) - 7c510082-4284-44ef-8cd9-bb38fb15579f: shutdown FollowerState
2019-10-17 21:15:37,044 [grpc-default-executor-4] INFO  impl.RoleInfo (RoleInfo.java:shutdownFollowerState(121)) - 3909bd6a-278d-4911-9d70-32680c972d02: shutdown FollowerState
2019-10-17 21:15:37,044 [Thread-656] INFO  impl.FollowerState (FollowerState.java:run(117)) - 7c510082-4284-44ef-8cd9-bb38fb15579f@group-62509A8A5C15-FollowerState was interrupted: java.lang.InterruptedException: sleep interrupted
2019-10-17 21:15:37,044 [grpc-default-executor-2] INFO  impl.RoleInfo (RoleInfo.java:updateAndGet(143)) - 7c510082-4284-44ef-8cd9-bb38fb15579f: start FollowerState
2019-10-17 21:15:37,045 [Thread-655] INFO  impl.FollowerState (FollowerState.java:run(117)) - 3909bd6a-278d-4911-9d70-32680c972d02@group-62509A8A5C15-FollowerState was interrupted: java.lang.InterruptedException: sleep interrupted
2019-10-17 21:15:37,045 [grpc-default-executor-4] INFO  impl.RoleInfo (RoleInfo.java:updateAndGet(143)) - 3909bd6a-278d-4911-9d70-32680c972d02: start FollowerState
2019-10-17 21:15:37,072 [d2424f4d-20d2-4104-abcc-02e6288f3ffc@group-62509A8A5C15-LeaderElection67] INFO  impl.LeaderElection (LeaderElection.java:logAndReturn(56)) - d2424f4d-20d2-4104-abcc-02e6288f3ffc@group-62509A8A5C15-LeaderElection67: Election REJECTED; received 2 response(s) [d2424f4d-20d2-4104-abcc-02e6288f3ffc<-3909bd6a-278d-4911-9d70-32680c972d02#0:FAIL-t69, d2424f4d-20d2-4104-abcc-02e6288f3ffc<-7c510082-4284-44ef-8cd9-bb38fb15579f#0:FAIL-t69] and 0 exception(s); d2424f4d-20d2-4104-abcc-02e6288f3ffc@group-62509A8A5C15:t69, leader=null, voted=d2424f4d-20d2-4104-abcc-02e6288f3ffc, raftlog=d2424f4d-20d2-4104-abcc-02e6288f3ffc@group-62509A8A5C15-SegmentedRaftLog:OPENED:c-1,f-1,i0, conf=-1: [3909bd6a-278d-4911-9d70-32680c972d02:192.168.157.223:33343, d2424f4d-20d2-4104-abcc-02e6288f3ffc:192.168.157.223:39352, 7c510082-4284-44ef-8cd9-bb38fb15579f:192.168.157.223:33098], old=null
2019-10-17 21:15:37,072 [d2424f4d-20d2-4104-abcc-02e6288f3ffc@group-62509A8A5C15-LeaderElection67] INFO  impl.RaftServerImpl (RaftServerImpl.java:setRole(184)) - d2424f4d-20d2-4104-abcc-02e6288f3ffc@group-62509A8A5C15: changes role from CANDIDATE to FOLLOWER at term 69 for DISCOVERED_A_NEW_TERM
2019-10-17 21:15:37,072 [d2424f4d-20d2-4104-abcc-02e6288f3ffc@group-62509A8A5C15-LeaderElection67] INFO  impl.RoleInfo (RoleInfo.java:shutdownLeaderElection(134)) - d2424f4d-20d2-4104-abcc-02e6288f3ffc: shutdown LeaderElection
2019-10-17 21:15:37,073 [d2424f4d-20d2-4104-abcc-02e6288f3ffc@group-62509A8A5C15-LeaderElection67] INFO  impl.RoleInfo (RoleInfo.java:updateAndGet(143)) - d2424f4d-20d2-4104-abcc-02e6288f3ffc: start FollowerState
2019-10-17 21:15:37,086 [Thread-663] INFO  impl.FollowerState (FollowerState.java:run(108)) - d2424f4d-20d2-4104-abcc-02e6288f3ffc@group-62509A8A5C15-FollowerState: change to CANDIDATE, lastRpcTime:13ms, electionTimeout:13ms
2019-10-17 21:15:37,086 [Thread-663] INFO  impl.RoleInfo (RoleInfo.java:shutdownFollowerState(121)) - d2424f4d-20d2-4104-abcc-02e6288f3ffc: shutdown FollowerState
2019-10-17 21:15:37,086 [Thread-663] INFO  impl.RaftServerImpl (RaftServerImpl.java:setRole(184)) - d2424f4d-20d2-4104-abcc-02e6288f3ffc@group-62509A8A5C15: changes role from  FOLLOWER to CANDIDATE at term 69 for changeToCandidate
2019-10-17 21:15:37,086 [Thread-663] INFO  impl.RoleInfo (RoleInfo.java:updateAndGet(143)) - d2424f4d-20d2-4104-abcc-02e6288f3ffc: start LeaderElection
2019-10-17 21:15:37,097 [d2424f4d-20d2-4104-abcc-02e6288f3ffc@group-62509A8A5C15-LeaderElection68] INFO  impl.LeaderElection (LeaderElection.java:askForVotes(178)) - d2424f4d-20d2-4104-abcc-02e6288f3ffc@group-62509A8A5C15-LeaderElection68: begin an election at term 70 for -1: [3909bd6a-278d-4911-9d70-32680c972d02:192.168.157.223:33343, d2424f4d-20d2-4104-abcc-02e6288f3ffc:192.168.157.223:39352, 7c510082-4284-44ef-8cd9-bb38fb15579f:192.168.157.223:33098], old=null
2019-10-17 21:15:37,099 [grpc-default-executor-4] INFO  impl.RaftServerImpl (RaftServerImpl.java:setRole(184)) - 7c510082-4284-44ef-8cd9-bb38fb15579f@group-62509A8A5C15: changes role from  FOLLOWER to FOLLOWER at term 70 for recognizeCandidate:d2424f4d-20d2-4104-abcc-02e6288f3ffc
2019-10-17 21:15:37,100 [grpc-default-executor-2] INFO  impl.RaftServerImpl (RaftServerImpl.java:setRole(184)) - 3909bd6a-278d-4911-9d70-32680c972d02@group-62509A8A5C15: changes role from  FOLLOWER to FOLLOWER at term 70 for recognizeCandidate:d2424f4d-20d2-4104-abcc-02e6288f3ffc
2019-10-17 21:15:37,100 [grpc-default-executor-4] INFO  impl.RoleInfo (RoleInfo.java:shutdownFollowerState(121)) - 7c510082-4284-44ef-8cd9-bb38fb15579f: shutdown FollowerState
2019-10-17 21:15:37,100 [grpc-default-executor-2] INFO  impl.RoleInfo (RoleInfo.java:shutdownFollowerState(121)) - 3909bd6a-278d-4911-9d70-32680c972d02: shutdown FollowerState
2019-10-17 21:15:37,100 [Thread-661] INFO  impl.FollowerState (FollowerState.java:run(117)) - 7c510082-4284-44ef-8cd9-bb38fb15579f@group-62509A8A5C15-FollowerState was interrupted: java.lang.InterruptedException: sleep interrupted
2019-10-17 21:15:37,100 [grpc-default-executor-4] INFO  impl.RoleInfo (RoleInfo.java:updateAndGet(143)) - 7c510082-4284-44ef-8cd9-bb38fb15579f: start FollowerState
2019-10-17 21:15:37,100 [Thread-662] INFO  impl.FollowerState (FollowerState.java:run(117)) - 3909bd6a-278d-4911-9d70-32680c972d02@group-62509A8A5C15-FollowerState was interrupted: java.lang.InterruptedException: sleep interrupted
2019-10-17 21:15:37,100 [grpc-default-executor-2] INFO  impl.RoleInfo (RoleInfo.java:updateAndGet(143)) - 3909bd6a-278d-4911-9d70-32680c972d02: start FollowerState
2019-10-17 21:15:37,127 [d2424f4d-20d2-4104-abcc-02e6288f3ffc@group-62509A8A5C15-LeaderElection68] INFO  impl.LeaderElection (LeaderElection.java:logAndReturn(56)) - d2424f4d-20d2-4104-abcc-02e6288f3ffc@group-62509A8A5C15-LeaderElection68: Election REJECTED; received 2 response(s) [d2424f4d-20d2-4104-abcc-02e6288f3ffc<-3909bd6a-278d-4911-9d70-32680c972d02#0:FAIL-t70, d2424f4d-20d2-4104-abcc-02e6288f3ffc<-7c510082-4284-44ef-8cd9-bb38fb15579f#0:FAIL-t70] and 0 exception(s); d2424f4d-20d2-4104-abcc-02e6288f3ffc@group-62509A8A5C15:t70, leader=null, voted=d2424f4d-20d2-4104-abcc-02e6288f3ffc, raftlog=d2424f4d-20d2-4104-abcc-02e6288f3ffc@group-62509A8A5C15-SegmentedRaftLog:OPENED:c-1,f-1,i0, conf=-1: [3909bd6a-278d-4911-9d70-32680c972d02:192.168.157.223:33343, d2424f4d-20d2-4104-abcc-02e6288f3ffc:192.168.157.223:39352, 7c510082-4284-44ef-8cd9-bb38fb15579f:192.168.157.223:33098], old=null
2019-10-17 21:15:37,128 [d2424f4d-20d2-4104-abcc-02e6288f3ffc@group-62509A8A5C15-LeaderElection68] INFO  impl.RaftServerImpl (RaftServerImpl.java:setRole(184)) - d2424f4d-20d2-4104-abcc-02e6288f3ffc@group-62509A8A5C15: changes role from CANDIDATE to FOLLOWER at term 70 for DISCOVERED_A_NEW_TERM
2019-10-17 21:15:37,128 [d2424f4d-20d2-4104-abcc-02e6288f3ffc@group-62509A8A5C15-LeaderElection68] INFO  impl.RoleInfo (RoleInfo.java:shutdownLeaderElection(134)) - d2424f4d-20d2-4104-abcc-02e6288f3ffc: shutdown LeaderElection
2019-10-17 21:15:37,128 [d2424f4d-20d2-4104-abcc-02e6288f3ffc@group-62509A8A5C15-LeaderElection68] INFO  impl.RoleInfo (RoleInfo.java:updateAndGet(143)) - d2424f4d-20d2-4104-abcc-02e6288f3ffc: start FollowerState
2019-10-17 21:15:37,210 [Thread-669] INFO  impl.FollowerState (FollowerState.java:run(108)) - d2424f4d-20d2-4104-abcc-02e6288f3ffc@group-62509A8A5C15-FollowerState: change to CANDIDATE, lastRpcTime:82ms, electionTimeout:82ms
2019-10-17 21:15:37,211 [Thread-669] INFO  impl.RoleInfo (RoleInfo.java:shutdownFollowerState(121)) - d2424f4d-20d2-4104-abcc-02e6288f3ffc: shutdown FollowerState
2019-10-17 21:15:37,211 [Thread-669] INFO  impl.RaftServerImpl (RaftServerImpl.java:setRole(184)) - d2424f4d-20d2-4104-abcc-02e6288f3ffc@group-62509A8A5C15: changes role from  FOLLOWER to CANDIDATE at term 70 for changeToCandidate
2019-10-17 21:15:37,211 [Thread-669] INFO  impl.RoleInfo (RoleInfo.java:updateAndGet(143)) - d2424f4d-20d2-4104-abcc-02e6288f3ffc: start LeaderElection
2019-10-17 21:15:37,237 [d2424f4d-20d2-4104-abcc-02e6288f3ffc@group-62509A8A5C15-LeaderElection69] INFO  impl.LeaderElection (LeaderElection.java:askForVotes(178)) - d2424f4d-20d2-4104-abcc-02e6288f3ffc@group-62509A8A5C15-LeaderElection69: begin an election at term 71 for -1: [3909bd6a-278d-4911-9d70-32680c972d02:192.168.157.223:33343, d2424f4d-20d2-4104-abcc-02e6288f3ffc:192.168.157.223:39352, 7c510082-4284-44ef-8cd9-bb38fb15579f:192.168.157.223:33098], old=null
2019-10-17 21:15:37,240 [grpc-default-executor-4] INFO  impl.RaftServerImpl (RaftServerImpl.java:setRole(184)) - 7c510082-4284-44ef-8cd9-bb38fb15579f@group-62509A8A5C15: changes role from  FOLLOWER to FOLLOWER at term 71 for recognizeCandidate:d2424f4d-20d2-4104-abcc-02e6288f3ffc
2019-10-17 21:15:37,240 [grpc-default-executor-4] INFO  impl.RoleInfo (RoleInfo.java:shutdownFollowerState(121)) - 7c510082-4284-44ef-8cd9-bb38fb15579f: shutdown FollowerState
2019-10-17 21:15:37,240 [grpc-default-executor-2] INFO  impl.RaftServerImpl (RaftServerImpl.java:setRole(184)) - 3909bd6a-278d-4911-9d70-32680c972d02@group-62509A8A5C15: changes role from  FOLLOWER to FOLLOWER at term 71 for recognizeCandidate:d2424f4d-20d2-4104-abcc-02e6288f3ffc
2019-10-17 21:15:37,240 [Thread-667] INFO  impl.FollowerState (FollowerState.java:run(117)) - 7c510082-4284-44ef-8cd9-bb38fb15579f@group-62509A8A5C15-FollowerState was interrupted: java.lang.InterruptedException: sleep interrupted
2019-10-17 21:15:37,240 [grpc-default-executor-4] INFO  impl.RoleInfo (RoleInfo.java:updateAndGet(143)) - 7c510082-4284-44ef-8cd9-bb38fb15579f: start FollowerState
2019-10-17 21:15:37,240 [grpc-default-executor-2] INFO  impl.RoleInfo (RoleInfo.java:shutdownFollowerState(121)) - 3909bd6a-278d-4911-9d70-32680c972d02: shutdown FollowerState
2019-10-17 21:15:37,240 [grpc-default-executor-2] INFO  impl.RoleInfo (RoleInfo.java:updateAndGet(143)) - 3909bd6a-278d-4911-9d70-32680c972d02: start FollowerState
2019-10-17 21:15:37,240 [Thread-668] INFO  impl.FollowerState (FollowerState.java:run(117)) - 3909bd6a-278d-4911-9d70-32680c972d02@group-62509A8A5C15-FollowerState was interrupted: java.lang.InterruptedException: sleep interrupted
2019-10-17 21:15:37,305 [d2424f4d-20d2-4104-abcc-02e6288f3ffc@group-62509A8A5C15-LeaderElection69] INFO  impl.LeaderElection (LeaderElection.java:logAndReturn(56)) - d2424f4d-20d2-4104-abcc-02e6288f3ffc@group-62509A8A5C15-LeaderElection69: Election REJECTED; received 2 response(s) [d2424f4d-20d2-4104-abcc-02e6288f3ffc<-3909bd6a-278d-4911-9d70-32680c972d02#0:FAIL-t71, d2424f4d-20d2-4104-abcc-02e6288f3ffc<-7c510082-4284-44ef-8cd9-bb38fb15579f#0:FAIL-t71] and 0 exception(s); d2424f4d-20d2-4104-abcc-02e6288f3ffc@group-62509A8A5C15:t71, leader=null, voted=d2424f4d-20d2-4104-abcc-02e6288f3ffc, raftlog=d2424f4d-20d2-4104-abcc-02e6288f3ffc@group-62509A8A5C15-SegmentedRaftLog:OPENED:c-1,f-1,i0, conf=-1: [3909bd6a-278d-4911-9d70-32680c972d02:192.168.157.223:33343, d2424f4d-20d2-4104-abcc-02e6288f3ffc:192.168.157.223:39352, 7c510082-4284-44ef-8cd9-bb38fb15579f:192.168.157.223:33098], old=null
2019-10-17 21:15:37,305 [d2424f4d-20d2-4104-abcc-02e6288f3ffc@group-62509A8A5C15-LeaderElection69] INFO  impl.RaftServerImpl (RaftServerImpl.java:setRole(184)) - d2424f4d-20d2-4104-abcc-02e6288f3ffc@group-62509A8A5C15: changes role from CANDIDATE to FOLLOWER at term 71 for DISCOVERED_A_NEW_TERM
2019-10-17 21:15:37,305 [d2424f4d-20d2-4104-abcc-02e6288f3ffc@group-62509A8A5C15-LeaderElection69] INFO  impl.RoleInfo (RoleInfo.java:shutdownLeaderElection(134)) - d2424f4d-20d2-4104-abcc-02e6288f3ffc: shutdown LeaderElection
2019-10-17 21:15:37,306 [d2424f4d-20d2-4104-abcc-02e6288f3ffc@group-62509A8A5C15-LeaderElection69] INFO  impl.RoleInfo (RoleInfo.java:updateAndGet(143)) - d2424f4d-20d2-4104-abcc-02e6288f3ffc: start FollowerState
2019-10-17 21:15:37,379 [Thread-675] INFO  impl.FollowerState (FollowerState.java:run(108)) - d2424f4d-20d2-4104-abcc-02e6288f3ffc@group-62509A8A5C15-FollowerState: change to CANDIDATE, lastRpcTime:73ms, electionTimeout:73ms
2019-10-17 21:15:37,379 [Thread-675] INFO  impl.RoleInfo (RoleInfo.java:shutdownFollowerState(121)) - d2424f4d-20d2-4104-abcc-02e6288f3ffc: shutdown FollowerState
2019-10-17 21:15:37,379 [Thread-675] INFO  impl.RaftServerImpl (RaftServerImpl.java:setRole(184)) - d2424f4d-20d2-4104-abcc-02e6288f3ffc@group-62509A8A5C15: changes role from  FOLLOWER to CANDIDATE at term 71 for changeToCandidate
2019-10-17 21:15:37,379 [Thread-675] INFO  impl.RoleInfo (RoleInfo.java:updateAndGet(143)) - d2424f4d-20d2-4104-abcc-02e6288f3ffc: start LeaderElection
2019-10-17 21:15:37,397 [d2424f4d-20d2-4104-abcc-02e6288f3ffc@group-62509A8A5C15-LeaderElection70] INFO  impl.LeaderElection (LeaderElection.java:askForVotes(178)) - d2424f4d-20d2-4104-abcc-02e6288f3ffc@group-62509A8A5C15-LeaderElection70: begin an election at term 72 for -1: [3909bd6a-278d-4911-9d70-32680c972d02:192.168.157.223:33343, d2424f4d-20d2-4104-abcc-02e6288f3ffc:192.168.157.223:39352, 7c510082-4284-44ef-8cd9-bb38fb15579f:192.168.157.223:33098], old=null
2019-10-17 21:15:37,400 [grpc-default-executor-4] INFO  impl.RaftServerImpl (RaftServerImpl.java:setRole(184)) - 3909bd6a-278d-4911-9d70-32680c972d02@group-62509A8A5C15: changes role from  FOLLOWER to FOLLOWER at term 72 for recognizeCandidate:d2424f4d-20d2-4104-abcc-02e6288f3ffc
2019-10-17 21:15:37,400 [grpc-default-executor-2] INFO  impl.RaftServerImpl (RaftServerImpl.java:setRole(184)) - 7c510082-4284-44ef-8cd9-bb38fb15579f@group-62509A8A5C15: changes role from  FOLLOWER to FOLLOWER at term 72 for recognizeCandidate:d2424f4d-20d2-4104-abcc-02e6288f3ffc
2019-10-17 21:15:37,400 [grpc-default-executor-4] INFO  impl.RoleInfo (RoleInfo.java:shutdownFollowerState(121)) - 3909bd6a-278d-4911-9d70-32680c972d02: shutdown FollowerState
2019-10-17 21:15:37,400 [grpc-default-executor-2] INFO  impl.RoleInfo (RoleInfo.java:shutdownFollowerState(121)) - 7c510082-4284-44ef-8cd9-bb38fb15579f: shutdown FollowerState
2019-10-17 21:15:37,400 [Thread-674] INFO  impl.FollowerState (FollowerState.java:run(117)) - 3909bd6a-278d-4911-9d70-32680c972d02@group-62509A8A5C15-FollowerState was interrupted: java.lang.InterruptedException: sleep interrupted
2019-10-17 21:15:37,400 [grpc-default-executor-4] INFO  impl.RoleInfo (RoleInfo.java:updateAndGet(143)) - 3909bd6a-278d-4911-9d70-32680c972d02: start FollowerState
2019-10-17 21:15:37,401 [grpc-default-executor-2] INFO  impl.RoleInfo (RoleInfo.java:updateAndGet(143)) - 7c510082-4284-44ef-8cd9-bb38fb15579f: start FollowerState
2019-10-17 21:15:37,400 [Thread-673] INFO  impl.FollowerState (FollowerState.java:run(117)) - 7c510082-4284-44ef-8cd9-bb38fb15579f@group-62509A8A5C15-FollowerState was interrupted: java.lang.InterruptedException: sleep interrupted
2019-10-17 21:15:37,422 [d2424f4d-20d2-4104-abcc-02e6288f3ffc@group-62509A8A5C15-LeaderElection70] INFO  impl.LeaderElection (LeaderElection.java:logAndReturn(56)) - d2424f4d-20d2-4104-abcc-02e6288f3ffc@group-62509A8A5C15-LeaderElection70: Election REJECTED; received 2 response(s) [d2424f4d-20d2-4104-abcc-02e6288f3ffc<-3909bd6a-278d-4911-9d70-32680c972d02#0:FAIL-t72, d2424f4d-20d2-4104-abcc-02e6288f3ffc<-7c510082-4284-44ef-8cd9-bb38fb15579f#0:FAIL-t72] and 0 exception(s); d2424f4d-20d2-4104-abcc-02e6288f3ffc@group-62509A8A5C15:t72, leader=null, voted=d2424f4d-20d2-4104-abcc-02e6288f3ffc, raftlog=d2424f4d-20d2-4104-abcc-02e6288f3ffc@group-62509A8A5C15-SegmentedRaftLog:OPENED:c-1,f-1,i0, conf=-1: [3909bd6a-278d-4911-9d70-32680c972d02:192.168.157.223:33343, d2424f4d-20d2-4104-abcc-02e6288f3ffc:192.168.157.223:39352, 7c510082-4284-44ef-8cd9-bb38fb15579f:192.168.157.223:33098], old=null
2019-10-17 21:15:37,422 [d2424f4d-20d2-4104-abcc-02e6288f3ffc@group-62509A8A5C15-LeaderElection70] INFO  impl.RaftServerImpl (RaftServerImpl.java:setRole(184)) - d2424f4d-20d2-4104-abcc-02e6288f3ffc@group-62509A8A5C15: changes role from CANDIDATE to FOLLOWER at term 72 for DISCOVERED_A_NEW_TERM
2019-10-17 21:15:37,422 [d2424f4d-20d2-4104-abcc-02e6288f3ffc@group-62509A8A5C15-LeaderElection70] INFO  impl.RoleInfo (RoleInfo.java:shutdownLeaderElection(134)) - d2424f4d-20d2-4104-abcc-02e6288f3ffc: shutdown LeaderElection
2019-10-17 21:15:37,422 [d2424f4d-20d2-4104-abcc-02e6288f3ffc@group-62509A8A5C15-LeaderElection70] INFO  impl.RoleInfo (RoleInfo.java:updateAndGet(143)) - d2424f4d-20d2-4104-abcc-02e6288f3ffc: start FollowerState
2019-10-17 21:15:37,615 [Thread-681] INFO  impl.FollowerState (FollowerState.java:run(108)) - d2424f4d-20d2-4104-abcc-02e6288f3ffc@group-62509A8A5C15-FollowerState: change to CANDIDATE, lastRpcTime:192ms, electionTimeout:192ms
2019-10-17 21:15:37,615 [Thread-681] INFO  impl.RoleInfo (RoleInfo.java:shutdownFollowerState(121)) - d2424f4d-20d2-4104-abcc-02e6288f3ffc: shutdown FollowerState
2019-10-17 21:15:37,615 [Thread-681] INFO  impl.RaftServerImpl (RaftServerImpl.java:setRole(184)) - d2424f4d-20d2-4104-abcc-02e6288f3ffc@group-62509A8A5C15: changes role from  FOLLOWER to CANDIDATE at term 72 for changeToCandidate
2019-10-17 21:15:37,615 [Thread-681] INFO  impl.RoleInfo (RoleInfo.java:updateAndGet(143)) - d2424f4d-20d2-4104-abcc-02e6288f3ffc: start LeaderElection
2019-10-17 21:15:37,634 [d2424f4d-20d2-4104-abcc-02e6288f3ffc@group-62509A8A5C15-LeaderElection71] INFO  impl.LeaderElection (LeaderElection.java:askForVotes(178)) - d2424f4d-20d2-4104-abcc-02e6288f3ffc@group-62509A8A5C15-LeaderElection71: begin an election at term 73 for -1: [3909bd6a-278d-4911-9d70-32680c972d02:192.168.157.223:33343, d2424f4d-20d2-4104-abcc-02e6288f3ffc:192.168.157.223:39352, 7c510082-4284-44ef-8cd9-bb38fb15579f:192.168.157.223:33098], old=null
2019-10-17 21:15:37,636 [grpc-default-executor-2] INFO  impl.RaftServerImpl (RaftServerImpl.java:setRole(184)) - 3909bd6a-278d-4911-9d70-32680c972d02@group-62509A8A5C15: changes role from  FOLLOWER to FOLLOWER at term 73 for recognizeCandidate:d2424f4d-20d2-4104-abcc-02e6288f3ffc
2019-10-17 21:15:37,636 [grpc-default-executor-4] INFO  impl.RaftServerImpl (RaftServerImpl.java:setRole(184)) - 7c510082-4284-44ef-8cd9-bb38fb15579f@group-62509A8A5C15: changes role from  FOLLOWER to FOLLOWER at term 73 for recognizeCandidate:d2424f4d-20d2-4104-abcc-02e6288f3ffc
2019-10-17 21:15:37,637 [grpc-default-executor-2] INFO  impl.RoleInfo (RoleInfo.java:shutdownFollowerState(121)) - 3909bd6a-278d-4911-9d70-32680c972d02: shutdown FollowerState
2019-10-17 21:15:37,637 [grpc-default-executor-4] INFO  impl.RoleInfo (RoleInfo.java:shutdownFollowerState(121)) - 7c510082-4284-44ef-8cd9-bb38fb15579f: shutdown FollowerState
2019-10-17 21:15:37,637 [Thread-679] INFO  impl.FollowerState (FollowerState.java:run(117)) - 3909bd6a-278d-4911-9d70-32680c972d02@group-62509A8A5C15-FollowerState was interrupted: java.lang.InterruptedException: sleep interrupted
2019-10-17 21:15:37,637 [Thread-680] INFO  impl.FollowerState (FollowerState.java:run(117)) - 7c510082-4284-44ef-8cd9-bb38fb15579f@group-62509A8A5C15-FollowerState was interrupted: java.lang.InterruptedException: sleep interrupted
2019-10-17 21:15:37,637 [grpc-default-executor-2] INFO  impl.RoleInfo (RoleInfo.java:updateAndGet(143)) - 3909bd6a-278d-4911-9d70-32680c972d02: start FollowerState
2019-10-17 21:15:37,637 [grpc-default-executor-4] INFO  impl.RoleInfo (RoleInfo.java:updateAndGet(143)) - 7c510082-4284-44ef-8cd9-bb38fb15579f: start FollowerState
2019-10-17 21:15:37,654 [d2424f4d-20d2-4104-abcc-02e6288f3ffc@group-62509A8A5C15-LeaderElection71] INFO  impl.LeaderElection (LeaderElection.java:logAndReturn(56)) - d2424f4d-20d2-4104-abcc-02e6288f3ffc@group-62509A8A5C15-LeaderElection71: Election REJECTED; received 2 response(s) [d2424f4d-20d2-4104-abcc-02e6288f3ffc<-3909bd6a-278d-4911-9d70-32680c972d02#0:FAIL-t73, d2424f4d-20d2-4104-abcc-02e6288f3ffc<-7c510082-4284-44ef-8cd9-bb38fb15579f#0:FAIL-t73] and 0 exception(s); d2424f4d-20d2-4104-abcc-02e6288f3ffc@group-62509A8A5C15:t73, leader=null, voted=d2424f4d-20d2-4104-abcc-02e6288f3ffc, raftlog=d2424f4d-20d2-4104-abcc-02e6288f3ffc@group-62509A8A5C15-SegmentedRaftLog:OPENED:c-1,f-1,i0, conf=-1: [3909bd6a-278d-4911-9d70-32680c972d02:192.168.157.223:33343, d2424f4d-20d2-4104-abcc-02e6288f3ffc:192.168.157.223:39352, 7c510082-4284-44ef-8cd9-bb38fb15579f:192.168.157.223:33098], old=null
2019-10-17 21:15:37,654 [d2424f4d-20d2-4104-abcc-02e6288f3ffc@group-62509A8A5C15-LeaderElection71] INFO  impl.RaftServerImpl (RaftServerImpl.java:setRole(184)) - d2424f4d-20d2-4104-abcc-02e6288f3ffc@group-62509A8A5C15: changes role from CANDIDATE to FOLLOWER at term 73 for DISCOVERED_A_NEW_TERM
2019-10-17 21:15:37,654 [d2424f4d-20d2-4104-abcc-02e6288f3ffc@group-62509A8A5C15-LeaderElection71] INFO  impl.RoleInfo (RoleInfo.java:shutdownLeaderElection(134)) - d2424f4d-20d2-4104-abcc-02e6288f3ffc: shutdown LeaderElection
2019-10-17 21:15:37,655 [d2424f4d-20d2-4104-abcc-02e6288f3ffc@group-62509A8A5C15-LeaderElection71] INFO  impl.RoleInfo (RoleInfo.java:updateAndGet(143)) - d2424f4d-20d2-4104-abcc-02e6288f3ffc: start FollowerState
2019-10-17 21:15:37,749 [Thread-690] INFO  impl.FollowerState (FollowerState.java:run(108)) - d2424f4d-20d2-4104-abcc-02e6288f3ffc@group-62509A8A5C15-FollowerState: change to CANDIDATE, lastRpcTime:94ms, electionTimeout:94ms
2019-10-17 21:15:37,749 [Thread-690] INFO  impl.RoleInfo (RoleInfo.java:shutdownFollowerState(121)) - d2424f4d-20d2-4104-abcc-02e6288f3ffc: shutdown FollowerState
2019-10-17 21:15:37,749 [Thread-690] INFO  impl.RaftServerImpl (RaftServerImpl.java:setRole(184)) - d2424f4d-20d2-4104-abcc-02e6288f3ffc@group-62509A8A5C15: changes role from  FOLLOWER to CANDIDATE at term 73 for changeToCandidate
2019-10-17 21:15:37,750 [Thread-690] INFO  impl.RoleInfo (RoleInfo.java:updateAndGet(143)) - d2424f4d-20d2-4104-abcc-02e6288f3ffc: start LeaderElection
2019-10-17 21:15:37,764 [d2424f4d-20d2-4104-abcc-02e6288f3ffc@group-62509A8A5C15-LeaderElection72] INFO  impl.LeaderElection (LeaderElection.java:askForVotes(178)) - d2424f4d-20d2-4104-abcc-02e6288f3ffc@group-62509A8A5C15-LeaderElection72: begin an election at term 74 for -1: [3909bd6a-278d-4911-9d70-32680c972d02:192.168.157.223:33343, d2424f4d-20d2-4104-abcc-02e6288f3ffc:192.168.157.223:39352, 7c510082-4284-44ef-8cd9-bb38fb15579f:192.168.157.223:33098], old=null
2019-10-17 21:15:37,768 [grpc-default-executor-2] INFO  impl.RaftServerImpl (RaftServerImpl.java:setRole(184)) - 3909bd6a-278d-4911-9d70-32680c972d02@group-62509A8A5C15: changes role from  FOLLOWER to FOLLOWER at term 74 for recognizeCandidate:d2424f4d-20d2-4104-abcc-02e6288f3ffc
2019-10-17 21:15:37,768 [grpc-default-executor-2] INFO  impl.RoleInfo (RoleInfo.java:shutdownFollowerState(121)) - 3909bd6a-278d-4911-9d70-32680c972d02: shutdown FollowerState
2019-10-17 21:15:37,768 [grpc-default-executor-4] INFO  impl.RaftServerImpl (RaftServerImpl.java:setRole(184)) - 7c510082-4284-44ef-8cd9-bb38fb15579f@group-62509A8A5C15: changes role from  FOLLOWER to FOLLOWER at term 74 for recognizeCandidate:d2424f4d-20d2-4104-abcc-02e6288f3ffc
2019-10-17 21:15:37,768 [Thread-687] INFO  impl.FollowerState (FollowerState.java:run(117)) - 3909bd6a-278d-4911-9d70-32680c972d02@group-62509A8A5C15-FollowerState was interrupted: java.lang.InterruptedException: sleep interrupted
2019-10-17 21:15:37,768 [grpc-default-executor-2] INFO  impl.RoleInfo (RoleInfo.java:updateAndGet(143)) - 3909bd6a-278d-4911-9d70-32680c972d02: start FollowerState
2019-10-17 21:15:37,768 [grpc-default-executor-4] INFO  impl.RoleInfo (RoleInfo.java:shutdownFollowerState(121)) - 7c510082-4284-44ef-8cd9-bb38fb15579f: shutdown FollowerState
2019-10-17 21:15:37,769 [grpc-default-executor-4] INFO  impl.RoleInfo (RoleInfo.java:updateAndGet(143)) - 7c510082-4284-44ef-8cd9-bb38fb15579f: start FollowerState
2019-10-17 21:15:37,769 [Thread-688] INFO  impl.FollowerState (FollowerState.java:run(117)) - 7c510082-4284-44ef-8cd9-bb38fb15579f@group-62509A8A5C15-FollowerState was interrupted: java.lang.InterruptedException: sleep interrupted
2019-10-17 21:15:37,792 [d2424f4d-20d2-4104-abcc-02e6288f3ffc@group-62509A8A5C15-LeaderElection72] INFO  impl.LeaderElection (LeaderElection.java:logAndReturn(56)) - d2424f4d-20d2-4104-abcc-02e6288f3ffc@group-62509A8A5C15-LeaderElection72: Election REJECTED; received 2 response(s) [d2424f4d-20d2-4104-abcc-02e6288f3ffc<-3909bd6a-278d-4911-9d70-32680c972d02#0:FAIL-t74, d2424f4d-20d2-4104-abcc-02e6288f3ffc<-7c510082-4284-44ef-8cd9-bb38fb15579f#0:FAIL-t74] and 0 exception(s); d2424f4d-20d2-4104-abcc-02e6288f3ffc@group-62509A8A5C15:t74, leader=null, voted=d2424f4d-20d2-4104-abcc-02e6288f3ffc, raftlog=d2424f4d-20d2-4104-abcc-02e6288f3ffc@group-62509A8A5C15-SegmentedRaftLog:OPENED:c-1,f-1,i0, conf=-1: [3909bd6a-278d-4911-9d70-32680c972d02:192.168.157.223:33343, d2424f4d-20d2-4104-abcc-02e6288f3ffc:192.168.157.223:39352, 7c510082-4284-44ef-8cd9-bb38fb15579f:192.168.157.223:33098], old=null
2019-10-17 21:15:37,793 [d2424f4d-20d2-4104-abcc-02e6288f3ffc@group-62509A8A5C15-LeaderElection72] INFO  impl.RaftServerImpl (RaftServerImpl.java:setRole(184)) - d2424f4d-20d2-4104-abcc-02e6288f3ffc@group-62509A8A5C15: changes role from CANDIDATE to FOLLOWER at term 74 for DISCOVERED_A_NEW_TERM
2019-10-17 21:15:37,793 [d2424f4d-20d2-4104-abcc-02e6288f3ffc@group-62509A8A5C15-LeaderElection72] INFO  impl.RoleInfo (RoleInfo.java:shutdownLeaderElection(134)) - d2424f4d-20d2-4104-abcc-02e6288f3ffc: shutdown LeaderElection
2019-10-17 21:15:37,793 [d2424f4d-20d2-4104-abcc-02e6288f3ffc@group-62509A8A5C15-LeaderElection72] INFO  impl.RoleInfo (RoleInfo.java:updateAndGet(143)) - d2424f4d-20d2-4104-abcc-02e6288f3ffc: start FollowerState
2019-10-17 21:15:37,951 [Thread-696] INFO  impl.FollowerState (FollowerState.java:run(108)) - d2424f4d-20d2-4104-abcc-02e6288f3ffc@group-62509A8A5C15-FollowerState: change to CANDIDATE, lastRpcTime:157ms, electionTimeout:157ms
2019-10-17 21:15:37,951 [Thread-696] INFO  impl.RoleInfo (RoleInfo.java:shutdownFollowerState(121)) - d2424f4d-20d2-4104-abcc-02e6288f3ffc: shutdown FollowerState
2019-10-17 21:15:37,951 [Thread-696] INFO  impl.RaftServerImpl (RaftServerImpl.java:setRole(184)) - d2424f4d-20d2-4104-abcc-02e6288f3ffc@group-62509A8A5C15: changes role from  FOLLOWER to CANDIDATE at term 74 for changeToCandidate
2019-10-17 21:15:37,951 [Thread-696] INFO  impl.RoleInfo (RoleInfo.java:updateAndGet(143)) - d2424f4d-20d2-4104-abcc-02e6288f3ffc: start LeaderElection
2019-10-17 21:15:37,965 [d2424f4d-20d2-4104-abcc-02e6288f3ffc@group-62509A8A5C15-LeaderElection73] INFO  impl.LeaderElection (LeaderElection.java:askForVotes(178)) - d2424f4d-20d2-4104-abcc-02e6288f3ffc@group-62509A8A5C15-LeaderElection73: begin an election at term 75 for -1: [3909bd6a-278d-4911-9d70-32680c972d02:192.168.157.223:33343, d2424f4d-20d2-4104-abcc-02e6288f3ffc:192.168.157.223:39352, 7c510082-4284-44ef-8cd9-bb38fb15579f:192.168.157.223:33098], old=null
2019-10-17 21:15:37,968 [grpc-default-executor-4] INFO  impl.RaftServerImpl (RaftServerImpl.java:setRole(184)) - 3909bd6a-278d-4911-9d70-32680c972d02@group-62509A8A5C15: changes role from  FOLLOWER to FOLLOWER at term 75 for recognizeCandidate:d2424f4d-20d2-4104-abcc-02e6288f3ffc
2019-10-17 21:15:37,968 [grpc-default-executor-2] INFO  impl.RaftServerImpl (RaftServerImpl.java:setRole(184)) - 7c510082-4284-44ef-8cd9-bb38fb15579f@group-62509A8A5C15: changes role from  FOLLOWER to FOLLOWER at term 75 for recognizeCandidate:d2424f4d-20d2-4104-abcc-02e6288f3ffc
2019-10-17 21:15:37,969 [grpc-default-executor-2] INFO  impl.RoleInfo (RoleInfo.java:shutdownFollowerState(121)) - 7c510082-4284-44ef-8cd9-bb38fb15579f: shutdown FollowerState
2019-10-17 21:15:37,968 [grpc-default-executor-4] INFO  impl.RoleInfo (RoleInfo.java:shutdownFollowerState(121)) - 3909bd6a-278d-4911-9d70-32680c972d02: shutdown FollowerState
2019-10-17 21:15:37,969 [Thread-695] INFO  impl.FollowerState (FollowerState.java:run(117)) - 7c510082-4284-44ef-8cd9-bb38fb15579f@group-62509A8A5C15-FollowerState was interrupted: java.lang.InterruptedException: sleep interrupted
2019-10-17 21:15:37,969 [grpc-default-executor-2] INFO  impl.RoleInfo (RoleInfo.java:updateAndGet(143)) - 7c510082-4284-44ef-8cd9-bb38fb15579f: start FollowerState
2019-10-17 21:15:37,969 [grpc-default-executor-4] INFO  impl.RoleInfo (RoleInfo.java:updateAndGet(143)) - 3909bd6a-278d-4911-9d70-32680c972d02: start FollowerState
2019-10-17 21:15:37,969 [Thread-694] INFO  impl.FollowerState (FollowerState.java:run(117)) - 3909bd6a-278d-4911-9d70-32680c972d02@group-62509A8A5C15-FollowerState was interrupted: java.lang.InterruptedException: sleep interrupted
2019-10-17 21:15:37,996 [d2424f4d-20d2-4104-abcc-02e6288f3ffc@group-62509A8A5C15-LeaderElection73] INFO  impl.LeaderElection (LeaderElection.java:logAndReturn(56)) - d2424f4d-20d2-4104-abcc-02e6288f3ffc@group-62509A8A5C15-LeaderElection73: Election REJECTED; received 2 response(s) [d2424f4d-20d2-4104-abcc-02e6288f3ffc<-3909bd6a-278d-4911-9d70-32680c972d02#0:FAIL-t75, d2424f4d-20d2-4104-abcc-02e6288f3ffc<-7c510082-4284-44ef-8cd9-bb38fb15579f#0:FAIL-t75] and 0 exception(s); d2424f4d-20d2-4104-abcc-02e6288f3ffc@group-62509A8A5C15:t75, leader=null, voted=d2424f4d-20d2-4104-abcc-02e6288f3ffc, raftlog=d2424f4d-20d2-4104-abcc-02e6288f3ffc@group-62509A8A5C15-SegmentedRaftLog:OPENED:c-1,f-1,i0, conf=-1: [3909bd6a-278d-4911-9d70-32680c972d02:192.168.157.223:33343, d2424f4d-20d2-4104-abcc-02e6288f3ffc:192.168.157.223:39352, 7c510082-4284-44ef-8cd9-bb38fb15579f:192.168.157.223:33098], old=null
2019-10-17 21:15:37,997 [d2424f4d-20d2-4104-abcc-02e6288f3ffc@group-62509A8A5C15-LeaderElection73] INFO  impl.RaftServerImpl (RaftServerImpl.java:setRole(184)) - d2424f4d-20d2-4104-abcc-02e6288f3ffc@group-62509A8A5C15: changes role from CANDIDATE to FOLLOWER at term 75 for DISCOVERED_A_NEW_TERM
2019-10-17 21:15:37,997 [d2424f4d-20d2-4104-abcc-02e6288f3ffc@group-62509A8A5C15-LeaderElection73] INFO  impl.RoleInfo (RoleInfo.java:shutdownLeaderElection(134)) - d2424f4d-20d2-4104-abcc-02e6288f3ffc: shutdown LeaderElection
2019-10-17 21:15:37,997 [d2424f4d-20d2-4104-abcc-02e6288f3ffc@group-62509A8A5C15-LeaderElection73] INFO  impl.RoleInfo (RoleInfo.java:updateAndGet(143)) - d2424f4d-20d2-4104-abcc-02e6288f3ffc: start FollowerState
2019-10-17 21:15:38,083 [Thread-702] INFO  impl.FollowerState (FollowerState.java:run(108)) - d2424f4d-20d2-4104-abcc-02e6288f3ffc@group-62509A8A5C15-FollowerState: change to CANDIDATE, lastRpcTime:85ms, electionTimeout:85ms
2019-10-17 21:15:38,083 [Thread-702] INFO  impl.RoleInfo (RoleInfo.java:shutdownFollowerState(121)) - d2424f4d-20d2-4104-abcc-02e6288f3ffc: shutdown FollowerState
2019-10-17 21:15:38,083 [Thread-702] INFO  impl.RaftServerImpl (RaftServerImpl.java:setRole(184)) - d2424f4d-20d2-4104-abcc-02e6288f3ffc@group-62509A8A5C15: changes role from  FOLLOWER to CANDIDATE at term 75 for changeToCandidate
2019-10-17 21:15:38,083 [Thread-702] INFO  impl.RoleInfo (RoleInfo.java:updateAndGet(143)) - d2424f4d-20d2-4104-abcc-02e6288f3ffc: start LeaderElection
2019-10-17 21:15:38,099 [d2424f4d-20d2-4104-abcc-02e6288f3ffc@group-62509A8A5C15-LeaderElection74] INFO  impl.LeaderElection (LeaderElection.java:askForVotes(178)) - d2424f4d-20d2-4104-abcc-02e6288f3ffc@group-62509A8A5C15-LeaderElection74: begin an election at term 76 for -1: [3909bd6a-278d-4911-9d70-32680c972d02:192.168.157.223:33343, d2424f4d-20d2-4104-abcc-02e6288f3ffc:192.168.157.223:39352, 7c510082-4284-44ef-8cd9-bb38fb15579f:192.168.157.223:33098], old=null
2019-10-17 21:15:38,101 [grpc-default-executor-4] INFO  impl.RaftServerImpl (RaftServerImpl.java:setRole(184)) - 3909bd6a-278d-4911-9d70-32680c972d02@group-62509A8A5C15: changes role from  FOLLOWER to FOLLOWER at term 76 for recognizeCandidate:d2424f4d-20d2-4104-abcc-02e6288f3ffc
2019-10-17 21:15:38,102 [grpc-default-executor-4] INFO  impl.RoleInfo (RoleInfo.java:shutdownFollowerState(121)) - 3909bd6a-278d-4911-9d70-32680c972d02: shutdown FollowerState
2019-10-17 21:15:38,102 [grpc-default-executor-2] INFO  impl.RaftServerImpl (RaftServerImpl.java:setRole(184)) - 7c510082-4284-44ef-8cd9-bb38fb15579f@group-62509A8A5C15: changes role from  FOLLOWER to FOLLOWER at term 76 for recognizeCandidate:d2424f4d-20d2-4104-abcc-02e6288f3ffc
2019-10-17 21:15:38,102 [Thread-701] INFO  impl.FollowerState (FollowerState.java:run(117)) - 3909bd6a-278d-4911-9d70-32680c972d02@group-62509A8A5C15-FollowerState was interrupted: java.lang.InterruptedException: sleep interrupted
2019-10-17 21:15:38,102 [grpc-default-executor-4] INFO  impl.RoleInfo (RoleInfo.java:updateAndGet(143)) - 3909bd6a-278d-4911-9d70-32680c972d02: start FollowerState
2019-10-17 21:15:38,102 [grpc-default-executor-2] INFO  impl.RoleInfo (RoleInfo.java:shutdownFollowerState(121)) - 7c510082-4284-44ef-8cd9-bb38fb15579f: shutdown FollowerState
2019-10-17 21:15:38,102 [grpc-default-executor-2] INFO  impl.RoleInfo (RoleInfo.java:updateAndGet(143)) - 7c510082-4284-44ef-8cd9-bb38fb15579f: start FollowerState
2019-10-17 21:15:38,102 [Thread-700] INFO  impl.FollowerState (FollowerState.java:run(117)) - 7c510082-4284-44ef-8cd9-bb38fb15579f@group-62509A8A5C15-FollowerState was interrupted: java.lang.InterruptedException: sleep interrupted
2019-10-17 21:15:38,119 [d2424f4d-20d2-4104-abcc-02e6288f3ffc@group-62509A8A5C15-LeaderElection74] INFO  impl.LeaderElection (LeaderElection.java:logAndReturn(56)) - d2424f4d-20d2-4104-abcc-02e6288f3ffc@group-62509A8A5C15-LeaderElection74: Election REJECTED; received 2 response(s) [d2424f4d-20d2-4104-abcc-02e6288f3ffc<-3909bd6a-278d-4911-9d70-32680c972d02#0:FAIL-t76, d2424f4d-20d2-4104-abcc-02e6288f3ffc<-7c510082-4284-44ef-8cd9-bb38fb15579f#0:FAIL-t76] and 0 exception(s); d2424f4d-20d2-4104-abcc-02e6288f3ffc@group-62509A8A5C15:t76, leader=null, voted=d2424f4d-20d2-4104-abcc-02e6288f3ffc, raftlog=d2424f4d-20d2-4104-abcc-02e6288f3ffc@group-62509A8A5C15-SegmentedRaftLog:OPENED:c-1,f-1,i0, conf=-1: [3909bd6a-278d-4911-9d70-32680c972d02:192.168.157.223:33343, d2424f4d-20d2-4104-abcc-02e6288f3ffc:192.168.157.223:39352, 7c510082-4284-44ef-8cd9-bb38fb15579f:192.168.157.223:33098], old=null
2019-10-17 21:15:38,119 [d2424f4d-20d2-4104-abcc-02e6288f3ffc@group-62509A8A5C15-LeaderElection74] INFO  impl.RaftServerImpl (RaftServerImpl.java:setRole(184)) - d2424f4d-20d2-4104-abcc-02e6288f3ffc@group-62509A8A5C15: changes role from CANDIDATE to FOLLOWER at term 76 for DISCOVERED_A_NEW_TERM
2019-10-17 21:15:38,120 [d2424f4d-20d2-4104-abcc-02e6288f3ffc@group-62509A8A5C15-LeaderElection74] INFO  impl.RoleInfo (RoleInfo.java:shutdownLeaderElection(134)) - d2424f4d-20d2-4104-abcc-02e6288f3ffc: shutdown LeaderElection
2019-10-17 21:15:38,120 [d2424f4d-20d2-4104-abcc-02e6288f3ffc@group-62509A8A5C15-LeaderElection74] INFO  impl.RoleInfo (RoleInfo.java:updateAndGet(143)) - d2424f4d-20d2-4104-abcc-02e6288f3ffc: start FollowerState
2019-10-17 21:15:38,229 [Thread-708] INFO  impl.FollowerState (FollowerState.java:run(108)) - d2424f4d-20d2-4104-abcc-02e6288f3ffc@group-62509A8A5C15-FollowerState: change to CANDIDATE, lastRpcTime:109ms, electionTimeout:109ms
2019-10-17 21:15:38,229 [Thread-708] INFO  impl.RoleInfo (RoleInfo.java:shutdownFollowerState(121)) - d2424f4d-20d2-4104-abcc-02e6288f3ffc: shutdown FollowerState
2019-10-17 21:15:38,230 [Thread-708] INFO  impl.RaftServerImpl (RaftServerImpl.java:setRole(184)) - d2424f4d-20d2-4104-abcc-02e6288f3ffc@group-62509A8A5C15: changes role from  FOLLOWER to CANDIDATE at term 76 for changeToCandidate
2019-10-17 21:15:38,230 [Thread-708] INFO  impl.RoleInfo (RoleInfo.java:updateAndGet(143)) - d2424f4d-20d2-4104-abcc-02e6288f3ffc: start LeaderElection
2019-10-17 21:15:38,243 [d2424f4d-20d2-4104-abcc-02e6288f3ffc@group-62509A8A5C15-LeaderElection75] INFO  impl.LeaderElection (LeaderElection.java:askForVotes(178)) - d2424f4d-20d2-4104-abcc-02e6288f3ffc@group-62509A8A5C15-LeaderElection75: begin an election at term 77 for -1: [3909bd6a-278d-4911-9d70-32680c972d02:192.168.157.223:33343, d2424f4d-20d2-4104-abcc-02e6288f3ffc:192.168.157.223:39352, 7c510082-4284-44ef-8cd9-bb38fb15579f:192.168.157.223:33098], old=null
2019-10-17 21:15:38,246 [grpc-default-executor-4] INFO  impl.RaftServerImpl (RaftServerImpl.java:setRole(184)) - 3909bd6a-278d-4911-9d70-32680c972d02@group-62509A8A5C15: changes role from  FOLLOWER to FOLLOWER at term 77 for recognizeCandidate:d2424f4d-20d2-4104-abcc-02e6288f3ffc
2019-10-17 21:15:38,246 [grpc-default-executor-4] INFO  impl.RoleInfo (RoleInfo.java:shutdownFollowerState(121)) - 3909bd6a-278d-4911-9d70-32680c972d02: shutdown FollowerState
2019-10-17 21:15:38,246 [grpc-default-executor-2] INFO  impl.RaftServerImpl (RaftServerImpl.java:setRole(184)) - 7c510082-4284-44ef-8cd9-bb38fb15579f@group-62509A8A5C15: changes role from  FOLLOWER to FOLLOWER at term 77 for recognizeCandidate:d2424f4d-20d2-4104-abcc-02e6288f3ffc
2019-10-17 21:15:38,246 [Thread-706] INFO  impl.FollowerState (FollowerState.java:run(117)) - 3909bd6a-278d-4911-9d70-32680c972d02@group-62509A8A5C15-FollowerState was interrupted: java.lang.InterruptedException: sleep interrupted
2019-10-17 21:15:38,246 [grpc-default-executor-4] INFO  impl.RoleInfo (RoleInfo.java:updateAndGet(143)) - 3909bd6a-278d-4911-9d70-32680c972d02: start FollowerState
2019-10-17 21:15:38,246 [grpc-default-executor-2] INFO  impl.RoleInfo (RoleInfo.java:shutdownFollowerState(121)) - 7c510082-4284-44ef-8cd9-bb38fb15579f: shutdown FollowerState
2019-10-17 21:15:38,247 [grpc-default-executor-2] INFO  impl.RoleInfo (RoleInfo.java:updateAndGet(143)) - 7c510082-4284-44ef-8cd9-bb38fb15579f: start FollowerState
2019-10-17 21:15:38,247 [Thread-707] INFO  impl.FollowerState (FollowerState.java:run(117)) - 7c510082-4284-44ef-8cd9-bb38fb15579f@group-62509A8A5C15-FollowerState was interrupted: java.lang.InterruptedException: sleep interrupted
2019-10-17 21:15:38,274 [d2424f4d-20d2-4104-abcc-02e6288f3ffc@group-62509A8A5C15-LeaderElection75] INFO  impl.LeaderElection (LeaderElection.java:logAndReturn(56)) - d2424f4d-20d2-4104-abcc-02e6288f3ffc@group-62509A8A5C15-LeaderElection75: Election REJECTED; received 2 response(s) [d2424f4d-20d2-4104-abcc-02e6288f3ffc<-3909bd6a-278d-4911-9d70-32680c972d02#0:FAIL-t77, d2424f4d-20d2-4104-abcc-02e6288f3ffc<-7c510082-4284-44ef-8cd9-bb38fb15579f#0:FAIL-t77] and 0 exception(s); d2424f4d-20d2-4104-abcc-02e6288f3ffc@group-62509A8A5C15:t77, leader=null, voted=d2424f4d-20d2-4104-abcc-02e6288f3ffc, raftlog=d2424f4d-20d2-4104-abcc-02e6288f3ffc@group-62509A8A5C15-SegmentedRaftLog:OPENED:c-1,f-1,i0, conf=-1: [3909bd6a-278d-4911-9d70-32680c972d02:192.168.157.223:33343, d2424f4d-20d2-4104-abcc-02e6288f3ffc:192.168.157.223:39352, 7c510082-4284-44ef-8cd9-bb38fb15579f:192.168.157.223:33098], old=null
2019-10-17 21:15:38,274 [d2424f4d-20d2-4104-abcc-02e6288f3ffc@group-62509A8A5C15-LeaderElection75] INFO  impl.RaftServerImpl (RaftServerImpl.java:setRole(184)) - d2424f4d-20d2-4104-abcc-02e6288f3ffc@group-62509A8A5C15: changes role from CANDIDATE to FOLLOWER at term 77 for DISCOVERED_A_NEW_TERM
2019-10-17 21:15:38,274 [d2424f4d-20d2-4104-abcc-02e6288f3ffc@group-62509A8A5C15-LeaderElection75] INFO  impl.RoleInfo (RoleInfo.java:shutdownLeaderElection(134)) - d2424f4d-20d2-4104-abcc-02e6288f3ffc: shutdown LeaderElection
2019-10-17 21:15:38,274 [d2424f4d-20d2-4104-abcc-02e6288f3ffc@group-62509A8A5C15-LeaderElection75] INFO  impl.RoleInfo (RoleInfo.java:updateAndGet(143)) - d2424f4d-20d2-4104-abcc-02e6288f3ffc: start FollowerState
2019-10-17 21:15:38,373 [Thread-714] INFO  impl.FollowerState (FollowerState.java:run(108)) - d2424f4d-20d2-4104-abcc-02e6288f3ffc@group-62509A8A5C15-FollowerState: change to CANDIDATE, lastRpcTime:98ms, electionTimeout:98ms
2019-10-17 21:15:38,373 [Thread-714] INFO  impl.RoleInfo (RoleInfo.java:shutdownFollowerState(121)) - d2424f4d-20d2-4104-abcc-02e6288f3ffc: shutdown FollowerState
2019-10-17 21:15:38,373 [Thread-714] INFO  impl.RaftServerImpl (RaftServerImpl.java:setRole(184)) - d2424f4d-20d2-4104-abcc-02e6288f3ffc@group-62509A8A5C15: changes role from  FOLLOWER to CANDIDATE at term 77 for changeToCandidate
2019-10-17 21:15:38,374 [Thread-714] INFO  impl.RoleInfo (RoleInfo.java:updateAndGet(143)) - d2424f4d-20d2-4104-abcc-02e6288f3ffc: start LeaderElection
2019-10-17 21:15:38,389 [d2424f4d-20d2-4104-abcc-02e6288f3ffc@group-62509A8A5C15-LeaderElection76] INFO  impl.LeaderElection (LeaderElection.java:askForVotes(178)) - d2424f4d-20d2-4104-abcc-02e6288f3ffc@group-62509A8A5C15-LeaderElection76: begin an election at term 78 for -1: [3909bd6a-278d-4911-9d70-32680c972d02:192.168.157.223:33343, d2424f4d-20d2-4104-abcc-02e6288f3ffc:192.168.157.223:39352, 7c510082-4284-44ef-8cd9-bb38fb15579f:192.168.157.223:33098], old=null
2019-10-17 21:15:38,393 [grpc-default-executor-4] INFO  impl.RaftServerImpl (RaftServerImpl.java:setRole(184)) - 3909bd6a-278d-4911-9d70-32680c972d02@group-62509A8A5C15: changes role from  FOLLOWER to FOLLOWER at term 78 for recognizeCandidate:d2424f4d-20d2-4104-abcc-02e6288f3ffc
2019-10-17 21:15:38,393 [grpc-default-executor-2] INFO  impl.RaftServerImpl (RaftServerImpl.java:setRole(184)) - 7c510082-4284-44ef-8cd9-bb38fb15579f@group-62509A8A5C15: changes role from  FOLLOWER to FOLLOWER at term 78 for recognizeCandidate:d2424f4d-20d2-4104-abcc-02e6288f3ffc
2019-10-17 21:15:38,394 [grpc-default-executor-4] INFO  impl.RoleInfo (RoleInfo.java:shutdownFollowerState(121)) - 3909bd6a-278d-4911-9d70-32680c972d02: shutdown FollowerState
2019-10-17 21:15:38,394 [grpc-default-executor-2] INFO  impl.RoleInfo (RoleInfo.java:shutdownFollowerState(121)) - 7c510082-4284-44ef-8cd9-bb38fb15579f: shutdown FollowerState
2019-10-17 21:15:38,394 [Thread-712] INFO  impl.FollowerState (FollowerState.java:run(117)) - 3909bd6a-278d-4911-9d70-32680c972d02@group-62509A8A5C15-FollowerState was interrupted: java.lang.InterruptedException: sleep interrupted
2019-10-17 21:15:38,394 [grpc-default-executor-4] INFO  impl.RoleInfo (RoleInfo.java:updateAndGet(143)) - 3909bd6a-278d-4911-9d70-32680c972d02: start FollowerState
2019-10-17 21:15:38,394 [Thread-713] INFO  impl.FollowerState (FollowerState.java:run(117)) - 7c510082-4284-44ef-8cd9-bb38fb15579f@group-62509A8A5C15-FollowerState was interrupted: java.lang.InterruptedException: sleep interrupted
2019-10-17 21:15:38,394 [grpc-default-executor-2] INFO  impl.RoleInfo (RoleInfo.java:updateAndGet(143)) - 7c510082-4284-44ef-8cd9-bb38fb15579f: start FollowerState
2019-10-17 21:15:38,421 [d2424f4d-20d2-4104-abcc-02e6288f3ffc@group-62509A8A5C15-LeaderElection76] INFO  impl.LeaderElection (LeaderElection.java:logAndReturn(56)) - d2424f4d-20d2-4104-abcc-02e6288f3ffc@group-62509A8A5C15-LeaderElection76: Election REJECTED; received 2 response(s) [d2424f4d-20d2-4104-abcc-02e6288f3ffc<-3909bd6a-278d-4911-9d70-32680c972d02#0:FAIL-t78, d2424f4d-20d2-4104-abcc-02e6288f3ffc<-7c510082-4284-44ef-8cd9-bb38fb15579f#0:FAIL-t78] and 0 exception(s); d2424f4d-20d2-4104-abcc-02e6288f3ffc@group-62509A8A5C15:t78, leader=null, voted=d2424f4d-20d2-4104-abcc-02e6288f3ffc, raftlog=d2424f4d-20d2-4104-abcc-02e6288f3ffc@group-62509A8A5C15-SegmentedRaftLog:OPENED:c-1,f-1,i0, conf=-1: [3909bd6a-278d-4911-9d70-32680c972d02:192.168.157.223:33343, d2424f4d-20d2-4104-abcc-02e6288f3ffc:192.168.157.223:39352, 7c510082-4284-44ef-8cd9-bb38fb15579f:192.168.157.223:33098], old=null
2019-10-17 21:15:38,422 [d2424f4d-20d2-4104-abcc-02e6288f3ffc@group-62509A8A5C15-LeaderElection76] INFO  impl.RaftServerImpl (RaftServerImpl.java:setRole(184)) - d2424f4d-20d2-4104-abcc-02e6288f3ffc@group-62509A8A5C15: changes role from CANDIDATE to FOLLOWER at term 78 for DISCOVERED_A_NEW_TERM
2019-10-17 21:15:38,422 [d2424f4d-20d2-4104-abcc-02e6288f3ffc@group-62509A8A5C15-LeaderElection76] INFO  impl.RoleInfo (RoleInfo.java:shutdownLeaderElection(134)) - d2424f4d-20d2-4104-abcc-02e6288f3ffc: shutdown LeaderElection
2019-10-17 21:15:38,422 [d2424f4d-20d2-4104-abcc-02e6288f3ffc@group-62509A8A5C15-LeaderElection76] INFO  impl.RoleInfo (RoleInfo.java:updateAndGet(143)) - d2424f4d-20d2-4104-abcc-02e6288f3ffc: start FollowerState
2019-10-17 21:15:38,431 [Thread-720] INFO  impl.FollowerState (FollowerState.java:run(108)) - d2424f4d-20d2-4104-abcc-02e6288f3ffc@group-62509A8A5C15-FollowerState: change to CANDIDATE, lastRpcTime:8ms, electionTimeout:8ms
2019-10-17 21:15:38,431 [Thread-720] INFO  impl.RoleInfo (RoleInfo.java:shutdownFollowerState(121)) - d2424f4d-20d2-4104-abcc-02e6288f3ffc: shutdown FollowerState
2019-10-17 21:15:38,431 [Thread-720] INFO  impl.RaftServerImpl (RaftServerImpl.java:setRole(184)) - d2424f4d-20d2-4104-abcc-02e6288f3ffc@group-62509A8A5C15: changes role from  FOLLOWER to CANDIDATE at term 78 for changeToCandidate
2019-10-17 21:15:38,431 [Thread-720] INFO  impl.RoleInfo (RoleInfo.java:updateAndGet(143)) - d2424f4d-20d2-4104-abcc-02e6288f3ffc: start LeaderElection
2019-10-17 21:15:38,445 [d2424f4d-20d2-4104-abcc-02e6288f3ffc@group-62509A8A5C15-LeaderElection77] INFO  impl.LeaderElection (LeaderElection.java:askForVotes(178)) - d2424f4d-20d2-4104-abcc-02e6288f3ffc@group-62509A8A5C15-LeaderElection77: begin an election at term 79 for -1: [3909bd6a-278d-4911-9d70-32680c972d02:192.168.157.223:33343, d2424f4d-20d2-4104-abcc-02e6288f3ffc:192.168.157.223:39352, 7c510082-4284-44ef-8cd9-bb38fb15579f:192.168.157.223:33098], old=null
2019-10-17 21:15:38,446 [d2424f4d-20d2-4104-abcc-02e6288f3ffc@group-62509A8A5C15-LeaderElection77] INFO  impl.LeaderElection (LeaderElection.java:logAndReturn(56)) - d2424f4d-20d2-4104-abcc-02e6288f3ffc@group-62509A8A5C15-LeaderElection77: Election TIMEOUT; received 0 response(s) [] and 0 exception(s); d2424f4d-20d2-4104-abcc-02e6288f3ffc@group-62509A8A5C15:t79, leader=null, voted=d2424f4d-20d2-4104-abcc-02e6288f3ffc, raftlog=d2424f4d-20d2-4104-abcc-02e6288f3ffc@group-62509A8A5C15-SegmentedRaftLog:OPENED:c-1,f-1,i0, conf=-1: [3909bd6a-278d-4911-9d70-32680c972d02:192.168.157.223:33343, d2424f4d-20d2-4104-abcc-02e6288f3ffc:192.168.157.223:39352, 7c510082-4284-44ef-8cd9-bb38fb15579f:192.168.157.223:33098], old=null
2019-10-17 21:15:38,448 [grpc-default-executor-4] INFO  impl.RaftServerImpl (RaftServerImpl.java:setRole(184)) - 3909bd6a-278d-4911-9d70-32680c972d02@group-62509A8A5C15: changes role from  FOLLOWER to FOLLOWER at term 79 for recognizeCandidate:d2424f4d-20d2-4104-abcc-02e6288f3ffc
2019-10-17 21:15:38,448 [grpc-default-executor-2] INFO  impl.RaftServerImpl (RaftServerImpl.java:setRole(184)) - 7c510082-4284-44ef-8cd9-bb38fb15579f@group-62509A8A5C15: changes role from  FOLLOWER to FOLLOWER at term 79 for recognizeCandidate:d2424f4d-20d2-4104-abcc-02e6288f3ffc
2019-10-17 21:15:38,448 [grpc-default-executor-4] INFO  impl.RoleInfo (RoleInfo.java:shutdownFollowerState(121)) - 3909bd6a-278d-4911-9d70-32680c972d02: shutdown FollowerState
2019-10-17 21:15:38,448 [grpc-default-executor-2] INFO  impl.RoleInfo (RoleInfo.java:shutdownFollowerState(121)) - 7c510082-4284-44ef-8cd9-bb38fb15579f: shutdown FollowerState
2019-10-17 21:15:38,448 [Thread-718] INFO  impl.FollowerState (FollowerState.java:run(117)) - 3909bd6a-278d-4911-9d70-32680c972d02@group-62509A8A5C15-FollowerState was interrupted: java.lang.InterruptedException: sleep interrupted
2019-10-17 21:15:38,448 [grpc-default-executor-4] INFO  impl.RoleInfo (RoleInfo.java:updateAndGet(143)) - 3909bd6a-278d-4911-9d70-32680c972d02: start FollowerState
2019-10-17 21:15:38,448 [Thread-719] INFO  impl.FollowerState (FollowerState.java:run(117)) - 7c510082-4284-44ef-8cd9-bb38fb15579f@group-62509A8A5C15-FollowerState was interrupted: java.lang.InterruptedException: sleep interrupted
2019-10-17 21:15:38,448 [grpc-default-executor-2] INFO  impl.RoleInfo (RoleInfo.java:updateAndGet(143)) - 7c510082-4284-44ef-8cd9-bb38fb15579f: start FollowerState
2019-10-17 21:15:38,472 [d2424f4d-20d2-4104-abcc-02e6288f3ffc@group-62509A8A5C15-LeaderElection77] INFO  impl.LeaderElection (LeaderElection.java:askForVotes(178)) - d2424f4d-20d2-4104-abcc-02e6288f3ffc@group-62509A8A5C15-LeaderElection77: begin an election at term 80 for -1: [3909bd6a-278d-4911-9d70-32680c972d02:192.168.157.223:33343, d2424f4d-20d2-4104-abcc-02e6288f3ffc:192.168.157.223:39352, 7c510082-4284-44ef-8cd9-bb38fb15579f:192.168.157.223:33098], old=null
2019-10-17 21:15:38,474 [grpc-default-executor-4] INFO  impl.RaftServerImpl (RaftServerImpl.java:setRole(184)) - 3909bd6a-278d-4911-9d70-32680c972d02@group-62509A8A5C15: changes role from  FOLLOWER to FOLLOWER at term 80 for recognizeCandidate:d2424f4d-20d2-4104-abcc-02e6288f3ffc
2019-10-17 21:15:38,474 [grpc-default-executor-4] INFO  impl.RoleInfo (RoleInfo.java:shutdownFollowerState(121)) - 3909bd6a-278d-4911-9d70-32680c972d02: shutdown FollowerState
2019-10-17 21:15:38,475 [grpc-default-executor-4] INFO  impl.RoleInfo (RoleInfo.java:updateAndGet(143)) - 3909bd6a-278d-4911-9d70-32680c972d02: start FollowerState
2019-10-17 21:15:38,475 [Thread-724] INFO  impl.FollowerState (FollowerState.java:run(117)) - 3909bd6a-278d-4911-9d70-32680c972d02@group-62509A8A5C15-FollowerState was interrupted: java.lang.InterruptedException: sleep interrupted
2019-10-17 21:15:38,475 [grpc-default-executor-2] INFO  impl.RaftServerImpl (RaftServerImpl.java:setRole(184)) - 7c510082-4284-44ef-8cd9-bb38fb15579f@group-62509A8A5C15: changes role from  FOLLOWER to FOLLOWER at term 80 for recognizeCandidate:d2424f4d-20d2-4104-abcc-02e6288f3ffc
2019-10-17 21:15:38,475 [grpc-default-executor-2] INFO  impl.RoleInfo (RoleInfo.java:shutdownFollowerState(121)) - 7c510082-4284-44ef-8cd9-bb38fb15579f: shutdown FollowerState
2019-10-17 21:15:38,475 [grpc-default-executor-2] INFO  impl.RoleInfo (RoleInfo.java:updateAndGet(143)) - 7c510082-4284-44ef-8cd9-bb38fb15579f: start FollowerState
2019-10-17 21:15:38,476 [Thread-725] INFO  impl.FollowerState (FollowerState.java:run(117)) - 7c510082-4284-44ef-8cd9-bb38fb15579f@group-62509A8A5C15-FollowerState was interrupted: java.lang.InterruptedException: sleep interrupted
2019-10-17 21:15:38,483 [d2424f4d-20d2-4104-abcc-02e6288f3ffc@group-62509A8A5C15-LeaderElection77] INFO  impl.LeaderElection (LeaderElection.java:logAndReturn(56)) - d2424f4d-20d2-4104-abcc-02e6288f3ffc@group-62509A8A5C15-LeaderElection77: Election REJECTED; received 2 response(s) [d2424f4d-20d2-4104-abcc-02e6288f3ffc<-3909bd6a-278d-4911-9d70-32680c972d02#0:FAIL-t80, d2424f4d-20d2-4104-abcc-02e6288f3ffc<-7c510082-4284-44ef-8cd9-bb38fb15579f#0:FAIL-t80] and 0 exception(s); d2424f4d-20d2-4104-abcc-02e6288f3ffc@group-62509A8A5C15:t80, leader=null, voted=d2424f4d-20d2-4104-abcc-02e6288f3ffc, raftlog=d2424f4d-20d2-4104-abcc-02e6288f3ffc@group-62509A8A5C15-SegmentedRaftLog:OPENED:c-1,f-1,i0, conf=-1: [3909bd6a-278d-4911-9d70-32680c972d02:192.168.157.223:33343, d2424f4d-20d2-4104-abcc-02e6288f3ffc:192.168.157.223:39352, 7c510082-4284-44ef-8cd9-bb38fb15579f:192.168.157.223:33098], old=null
2019-10-17 21:15:38,483 [d2424f4d-20d2-4104-abcc-02e6288f3ffc@group-62509A8A5C15-LeaderElection77] INFO  impl.RaftServerImpl (RaftServerImpl.java:setRole(184)) - d2424f4d-20d2-4104-abcc-02e6288f3ffc@group-62509A8A5C15: changes role from CANDIDATE to FOLLOWER at term 80 for DISCOVERED_A_NEW_TERM
2019-10-17 21:15:38,483 [d2424f4d-20d2-4104-abcc-02e6288f3ffc@group-62509A8A5C15-LeaderElection77] INFO  impl.RoleInfo (RoleInfo.java:shutdownLeaderElection(134)) - d2424f4d-20d2-4104-abcc-02e6288f3ffc: shutdown LeaderElection
2019-10-17 21:15:38,484 [d2424f4d-20d2-4104-abcc-02e6288f3ffc@group-62509A8A5C15-LeaderElection77] INFO  impl.RoleInfo (RoleInfo.java:updateAndGet(143)) - d2424f4d-20d2-4104-abcc-02e6288f3ffc: start FollowerState
2019-10-17 21:15:38,520 [Thread-730] INFO  impl.FollowerState (FollowerState.java:run(108)) - d2424f4d-20d2-4104-abcc-02e6288f3ffc@group-62509A8A5C15-FollowerState: change to CANDIDATE, lastRpcTime:36ms, electionTimeout:36ms
2019-10-17 21:15:38,520 [Thread-730] INFO  impl.RoleInfo (RoleInfo.java:shutdownFollowerState(121)) - d2424f4d-20d2-4104-abcc-02e6288f3ffc: shutdown FollowerState
2019-10-17 21:15:38,520 [Thread-730] INFO  impl.RaftServerImpl (RaftServerImpl.java:setRole(184)) - d2424f4d-20d2-4104-abcc-02e6288f3ffc@group-62509A8A5C15: changes role from  FOLLOWER to CANDIDATE at term 80 for changeToCandidate
2019-10-17 21:15:38,521 [Thread-730] INFO  impl.RoleInfo (RoleInfo.java:updateAndGet(143)) - d2424f4d-20d2-4104-abcc-02e6288f3ffc: start LeaderElection
2019-10-17 21:15:38,533 [d2424f4d-20d2-4104-abcc-02e6288f3ffc@group-62509A8A5C15-LeaderElection78] INFO  impl.LeaderElection (LeaderElection.java:askForVotes(178)) - d2424f4d-20d2-4104-abcc-02e6288f3ffc@group-62509A8A5C15-LeaderElection78: begin an election at term 81 for -1: [3909bd6a-278d-4911-9d70-32680c972d02:192.168.157.223:33343, d2424f4d-20d2-4104-abcc-02e6288f3ffc:192.168.157.223:39352, 7c510082-4284-44ef-8cd9-bb38fb15579f:192.168.157.223:33098], old=null
2019-10-17 21:15:38,536 [grpc-default-executor-4] INFO  impl.RaftServerImpl (RaftServerImpl.java:setRole(184)) - 3909bd6a-278d-4911-9d70-32680c972d02@group-62509A8A5C15: changes role from  FOLLOWER to FOLLOWER at term 81 for recognizeCandidate:d2424f4d-20d2-4104-abcc-02e6288f3ffc
2019-10-17 21:15:38,536 [grpc-default-executor-2] INFO  impl.RaftServerImpl (RaftServerImpl.java:setRole(184)) - 7c510082-4284-44ef-8cd9-bb38fb15579f@group-62509A8A5C15: changes role from  FOLLOWER to FOLLOWER at term 81 for recognizeCandidate:d2424f4d-20d2-4104-abcc-02e6288f3ffc
2019-10-17 21:15:38,536 [grpc-default-executor-4] INFO  impl.RoleInfo (RoleInfo.java:shutdownFollowerState(121)) - 3909bd6a-278d-4911-9d70-32680c972d02: shutdown FollowerState
2019-10-17 21:15:38,536 [grpc-default-executor-2] INFO  impl.RoleInfo (RoleInfo.java:shutdownFollowerState(121)) - 7c510082-4284-44ef-8cd9-bb38fb15579f: shutdown FollowerState
2019-10-17 21:15:38,536 [Thread-728] INFO  impl.FollowerState (FollowerState.java:run(117)) - 3909bd6a-278d-4911-9d70-32680c972d02@group-62509A8A5C15-FollowerState was interrupted: java.lang.InterruptedException: sleep interrupted
2019-10-17 21:15:38,536 [grpc-default-executor-4] INFO  impl.RoleInfo (RoleInfo.java:updateAndGet(143)) - 3909bd6a-278d-4911-9d70-32680c972d02: start FollowerState
2019-10-17 21:15:38,536 [Thread-729] INFO  impl.FollowerState (FollowerState.java:run(117)) - 7c510082-4284-44ef-8cd9-bb38fb15579f@group-62509A8A5C15-FollowerState was interrupted: java.lang.InterruptedException: sleep interrupted
2019-10-17 21:15:38,536 [grpc-default-executor-2] INFO  impl.RoleInfo (RoleInfo.java:updateAndGet(143)) - 7c510082-4284-44ef-8cd9-bb38fb15579f: start FollowerState
2019-10-17 21:15:38,545 [d2424f4d-20d2-4104-abcc-02e6288f3ffc@group-62509A8A5C15-LeaderElection78] INFO  impl.LeaderElection (LeaderElection.java:logAndReturn(56)) - d2424f4d-20d2-4104-abcc-02e6288f3ffc@group-62509A8A5C15-LeaderElection78: Election REJECTED; received 2 response(s) [d2424f4d-20d2-4104-abcc-02e6288f3ffc<-3909bd6a-278d-4911-9d70-32680c972d02#0:FAIL-t81, d2424f4d-20d2-4104-abcc-02e6288f3ffc<-7c510082-4284-44ef-8cd9-bb38fb15579f#0:FAIL-t81] and 0 exception(s); d2424f4d-20d2-4104-abcc-02e6288f3ffc@group-62509A8A5C15:t81, leader=null, voted=d2424f4d-20d2-4104-abcc-02e6288f3ffc, raftlog=d2424f4d-20d2-4104-abcc-02e6288f3ffc@group-62509A8A5C15-SegmentedRaftLog:OPENED:c-1,f-1,i0, conf=-1: [3909bd6a-278d-4911-9d70-32680c972d02:192.168.157.223:33343, d2424f4d-20d2-4104-abcc-02e6288f3ffc:192.168.157.223:39352, 7c510082-4284-44ef-8cd9-bb38fb15579f:192.168.157.223:33098], old=null
2019-10-17 21:15:38,545 [d2424f4d-20d2-4104-abcc-02e6288f3ffc@group-62509A8A5C15-LeaderElection78] INFO  impl.RaftServerImpl (RaftServerImpl.java:setRole(184)) - d2424f4d-20d2-4104-abcc-02e6288f3ffc@group-62509A8A5C15: changes role from CANDIDATE to FOLLOWER at term 81 for DISCOVERED_A_NEW_TERM
2019-10-17 21:15:38,545 [d2424f4d-20d2-4104-abcc-02e6288f3ffc@group-62509A8A5C15-LeaderElection78] INFO  impl.RoleInfo (RoleInfo.java:shutdownLeaderElection(134)) - d2424f4d-20d2-4104-abcc-02e6288f3ffc: shutdown LeaderElection
2019-10-17 21:15:38,545 [d2424f4d-20d2-4104-abcc-02e6288f3ffc@group-62509A8A5C15-LeaderElection78] INFO  impl.RoleInfo (RoleInfo.java:updateAndGet(143)) - d2424f4d-20d2-4104-abcc-02e6288f3ffc: start FollowerState
2019-10-17 21:15:38,643 [Thread-736] INFO  impl.FollowerState (FollowerState.java:run(108)) - d2424f4d-20d2-4104-abcc-02e6288f3ffc@group-62509A8A5C15-FollowerState: change to CANDIDATE, lastRpcTime:97ms, electionTimeout:97ms
2019-10-17 21:15:38,643 [Thread-736] INFO  impl.RoleInfo (RoleInfo.java:shutdownFollowerState(121)) - d2424f4d-20d2-4104-abcc-02e6288f3ffc: shutdown FollowerState
2019-10-17 21:15:38,643 [Thread-736] INFO  impl.RaftServerImpl (RaftServerImpl.java:setRole(184)) - d2424f4d-20d2-4104-abcc-02e6288f3ffc@group-62509A8A5C15: changes role from  FOLLOWER to CANDIDATE at term 81 for changeToCandidate
2019-10-17 21:15:38,643 [Thread-736] INFO  impl.RoleInfo (RoleInfo.java:updateAndGet(143)) - d2424f4d-20d2-4104-abcc-02e6288f3ffc: start LeaderElection
2019-10-17 21:15:38,658 [d2424f4d-20d2-4104-abcc-02e6288f3ffc@group-62509A8A5C15-LeaderElection79] INFO  impl.LeaderElection (LeaderElection.java:askForVotes(178)) - d2424f4d-20d2-4104-abcc-02e6288f3ffc@group-62509A8A5C15-LeaderElection79: begin an election at term 82 for -1: [3909bd6a-278d-4911-9d70-32680c972d02:192.168.157.223:33343, d2424f4d-20d2-4104-abcc-02e6288f3ffc:192.168.157.223:39352, 7c510082-4284-44ef-8cd9-bb38fb15579f:192.168.157.223:33098], old=null
2019-10-17 21:15:38,661 [grpc-default-executor-2] INFO  impl.RaftServerImpl (RaftServerImpl.java:setRole(184)) - 3909bd6a-278d-4911-9d70-32680c972d02@group-62509A8A5C15: changes role from  FOLLOWER to FOLLOWER at term 82 for recognizeCandidate:d2424f4d-20d2-4104-abcc-02e6288f3ffc
2019-10-17 21:15:38,661 [grpc-default-executor-4] INFO  impl.RaftServerImpl (RaftServerImpl.java:setRole(184)) - 7c510082-4284-44ef-8cd9-bb38fb15579f@group-62509A8A5C15: changes role from  FOLLOWER to FOLLOWER at term 82 for recognizeCandidate:d2424f4d-20d2-4104-abcc-02e6288f3ffc
2019-10-17 21:15:38,662 [grpc-default-executor-2] INFO  impl.RoleInfo (RoleInfo.java:shutdownFollowerState(121)) - 3909bd6a-278d-4911-9d70-32680c972d02: shutdown FollowerState
2019-10-17 21:15:38,662 [grpc-default-executor-4] INFO  impl.RoleInfo (RoleInfo.java:shutdownFollowerState(121)) - 7c510082-4284-44ef-8cd9-bb38fb15579f: shutdown FollowerState
2019-10-17 21:15:38,662 [grpc-default-executor-2] INFO  impl.RoleInfo (RoleInfo.java:updateAndGet(143)) - 3909bd6a-278d-4911-9d70-32680c972d02: start FollowerState
2019-10-17 21:15:38,662 [Thread-734] INFO  impl.FollowerState (FollowerState.java:run(117)) - 3909bd6a-278d-4911-9d70-32680c972d02@group-62509A8A5C15-FollowerState was interrupted: java.lang.InterruptedException: sleep interrupted
2019-10-17 21:15:38,662 [Thread-735] INFO  impl.FollowerState (FollowerState.java:run(117)) - 7c510082-4284-44ef-8cd9-bb38fb15579f@group-62509A8A5C15-FollowerState was interrupted: java.lang.InterruptedException: sleep interrupted
2019-10-17 21:15:38,662 [grpc-default-executor-4] INFO  impl.RoleInfo (RoleInfo.java:updateAndGet(143)) - 7c510082-4284-44ef-8cd9-bb38fb15579f: start FollowerState
2019-10-17 21:15:38,685 [d2424f4d-20d2-4104-abcc-02e6288f3ffc@group-62509A8A5C15-LeaderElection79] INFO  impl.LeaderElection (LeaderElection.java:logAndReturn(56)) - d2424f4d-20d2-4104-abcc-02e6288f3ffc@group-62509A8A5C15-LeaderElection79: Election REJECTED; received 2 response(s) [d2424f4d-20d2-4104-abcc-02e6288f3ffc<-3909bd6a-278d-4911-9d70-32680c972d02#0:FAIL-t82, d2424f4d-20d2-4104-abcc-02e6288f3ffc<-7c510082-4284-44ef-8cd9-bb38fb15579f#0:FAIL-t82] and 0 exception(s); d2424f4d-20d2-4104-abcc-02e6288f3ffc@group-62509A8A5C15:t82, leader=null, voted=d2424f4d-20d2-4104-abcc-02e6288f3ffc, raftlog=d2424f4d-20d2-4104-abcc-02e6288f3ffc@group-62509A8A5C15-SegmentedRaftLog:OPENED:c-1,f-1,i0, conf=-1: [3909bd6a-278d-4911-9d70-32680c972d02:192.168.157.223:33343, d2424f4d-20d2-4104-abcc-02e6288f3ffc:192.168.157.223:39352, 7c510082-4284-44ef-8cd9-bb38fb15579f:192.168.157.223:33098], old=null
2019-10-17 21:15:38,686 [d2424f4d-20d2-4104-abcc-02e6288f3ffc@group-62509A8A5C15-LeaderElection79] INFO  impl.RaftServerImpl (RaftServerImpl.java:setRole(184)) - d2424f4d-20d2-4104-abcc-02e6288f3ffc@group-62509A8A5C15: changes role from CANDIDATE to FOLLOWER at term 82 for DISCOVERED_A_NEW_TERM
2019-10-17 21:15:38,686 [d2424f4d-20d2-4104-abcc-02e6288f3ffc@group-62509A8A5C15-LeaderElection79] INFO  impl.RoleInfo (RoleInfo.java:shutdownLeaderElection(134)) - d2424f4d-20d2-4104-abcc-02e6288f3ffc: shutdown LeaderElection
2019-10-17 21:15:38,686 [d2424f4d-20d2-4104-abcc-02e6288f3ffc@group-62509A8A5C15-LeaderElection79] INFO  impl.RoleInfo (RoleInfo.java:updateAndGet(143)) - d2424f4d-20d2-4104-abcc-02e6288f3ffc: start FollowerState
2019-10-17 21:15:38,785 [Thread-744] INFO  impl.FollowerState (FollowerState.java:run(108)) - d2424f4d-20d2-4104-abcc-02e6288f3ffc@group-62509A8A5C15-FollowerState: change to CANDIDATE, lastRpcTime:99ms, electionTimeout:99ms
2019-10-17 21:15:38,786 [Thread-744] INFO  impl.RoleInfo (RoleInfo.java:shutdownFollowerState(121)) - d2424f4d-20d2-4104-abcc-02e6288f3ffc: shutdown FollowerState
2019-10-17 21:15:38,786 [Thread-744] INFO  impl.RaftServerImpl (RaftServerImpl.java:setRole(184)) - d2424f4d-20d2-4104-abcc-02e6288f3ffc@group-62509A8A5C15: changes role from  FOLLOWER to CANDIDATE at term 82 for changeToCandidate
2019-10-17 21:15:38,786 [Thread-744] INFO  impl.RoleInfo (RoleInfo.java:updateAndGet(143)) - d2424f4d-20d2-4104-abcc-02e6288f3ffc: start LeaderElection
2019-10-17 21:15:38,801 [d2424f4d-20d2-4104-abcc-02e6288f3ffc@group-62509A8A5C15-LeaderElection80] INFO  impl.LeaderElection (LeaderElection.java:askForVotes(178)) - d2424f4d-20d2-4104-abcc-02e6288f3ffc@group-62509A8A5C15-LeaderElection80: begin an election at term 83 for -1: [3909bd6a-278d-4911-9d70-32680c972d02:192.168.157.223:33343, d2424f4d-20d2-4104-abcc-02e6288f3ffc:192.168.157.223:39352, 7c510082-4284-44ef-8cd9-bb38fb15579f:192.168.157.223:33098], old=null
2019-10-17 21:15:38,805 [grpc-default-executor-4] INFO  impl.RaftServerImpl (RaftServerImpl.java:setRole(184)) - 3909bd6a-278d-4911-9d70-32680c972d02@group-62509A8A5C15: changes role from  FOLLOWER to FOLLOWER at term 83 for recognizeCandidate:d2424f4d-20d2-4104-abcc-02e6288f3ffc
2019-10-17 21:15:38,805 [grpc-default-executor-4] INFO  impl.RoleInfo (RoleInfo.java:shutdownFollowerState(121)) - 3909bd6a-278d-4911-9d70-32680c972d02: shutdown FollowerState
2019-10-17 21:15:38,805 [grpc-default-executor-2] INFO  impl.RaftServerImpl (RaftServerImpl.java:setRole(184)) - 7c510082-4284-44ef-8cd9-bb38fb15579f@group-62509A8A5C15: changes role from  FOLLOWER to FOLLOWER at term 83 for recognizeCandidate:d2424f4d-20d2-4104-abcc-02e6288f3ffc
2019-10-17 21:15:38,805 [Thread-742] INFO  impl.FollowerState (FollowerState.java:run(117)) - 3909bd6a-278d-4911-9d70-32680c972d02@group-62509A8A5C15-FollowerState was interrupted: java.lang.InterruptedException: sleep interrupted
2019-10-17 21:15:38,805 [grpc-default-executor-4] INFO  impl.RoleInfo (RoleInfo.java:updateAndGet(143)) - 3909bd6a-278d-4911-9d70-32680c972d02: start FollowerState
2019-10-17 21:15:38,806 [grpc-default-executor-2] INFO  impl.RoleInfo (RoleInfo.java:shutdownFollowerState(121)) - 7c510082-4284-44ef-8cd9-bb38fb15579f: shutdown FollowerState
2019-10-17 21:15:38,806 [grpc-default-executor-2] INFO  impl.RoleInfo (RoleInfo.java:updateAndGet(143)) - 7c510082-4284-44ef-8cd9-bb38fb15579f: start FollowerState
2019-10-17 21:15:38,806 [Thread-743] INFO  impl.FollowerState (FollowerState.java:run(117)) - 7c510082-4284-44ef-8cd9-bb38fb15579f@group-62509A8A5C15-FollowerState was interrupted: java.lang.InterruptedException: sleep interrupted
2019-10-17 21:15:38,832 [d2424f4d-20d2-4104-abcc-02e6288f3ffc@group-62509A8A5C15-LeaderElection80] INFO  impl.LeaderElection (LeaderElection.java:logAndReturn(56)) - d2424f4d-20d2-4104-abcc-02e6288f3ffc@group-62509A8A5C15-LeaderElection80: Election REJECTED; received 2 response(s) [d2424f4d-20d2-4104-abcc-02e6288f3ffc<-3909bd6a-278d-4911-9d70-32680c972d02#0:FAIL-t83, d2424f4d-20d2-4104-abcc-02e6288f3ffc<-7c510082-4284-44ef-8cd9-bb38fb15579f#0:FAIL-t83] and 0 exception(s); d2424f4d-20d2-4104-abcc-02e6288f3ffc@group-62509A8A5C15:t83, leader=null, voted=d2424f4d-20d2-4104-abcc-02e6288f3ffc, raftlog=d2424f4d-20d2-4104-abcc-02e6288f3ffc@group-62509A8A5C15-SegmentedRaftLog:OPENED:c-1,f-1,i0, conf=-1: [3909bd6a-278d-4911-9d70-32680c972d02:192.168.157.223:33343, d2424f4d-20d2-4104-abcc-02e6288f3ffc:192.168.157.223:39352, 7c510082-4284-44ef-8cd9-bb38fb15579f:192.168.157.223:33098], old=null
2019-10-17 21:15:38,833 [d2424f4d-20d2-4104-abcc-02e6288f3ffc@group-62509A8A5C15-LeaderElection80] INFO  impl.RaftServerImpl (RaftServerImpl.java:setRole(184)) - d2424f4d-20d2-4104-abcc-02e6288f3ffc@group-62509A8A5C15: changes role from CANDIDATE to FOLLOWER at term 83 for DISCOVERED_A_NEW_TERM
2019-10-17 21:15:38,833 [d2424f4d-20d2-4104-abcc-02e6288f3ffc@group-62509A8A5C15-LeaderElection80] INFO  impl.RoleInfo (RoleInfo.java:shutdownLeaderElection(134)) - d2424f4d-20d2-4104-abcc-02e6288f3ffc: shutdown LeaderElection
2019-10-17 21:15:38,833 [d2424f4d-20d2-4104-abcc-02e6288f3ffc@group-62509A8A5C15-LeaderElection80] INFO  impl.RoleInfo (RoleInfo.java:updateAndGet(143)) - d2424f4d-20d2-4104-abcc-02e6288f3ffc: start FollowerState
2019-10-17 21:15:39,029 [Thread-750] INFO  impl.FollowerState (FollowerState.java:run(108)) - d2424f4d-20d2-4104-abcc-02e6288f3ffc@group-62509A8A5C15-FollowerState: change to CANDIDATE, lastRpcTime:195ms, electionTimeout:195ms
2019-10-17 21:15:39,029 [Thread-750] INFO  impl.RoleInfo (RoleInfo.java:shutdownFollowerState(121)) - d2424f4d-20d2-4104-abcc-02e6288f3ffc: shutdown FollowerState
2019-10-17 21:15:39,029 [Thread-750] INFO  impl.RaftServerImpl (RaftServerImpl.java:setRole(184)) - d2424f4d-20d2-4104-abcc-02e6288f3ffc@group-62509A8A5C15: changes role from  FOLLOWER to CANDIDATE at term 83 for changeToCandidate
2019-10-17 21:15:39,029 [Thread-750] INFO  impl.RoleInfo (RoleInfo.java:updateAndGet(143)) - d2424f4d-20d2-4104-abcc-02e6288f3ffc: start LeaderElection
2019-10-17 21:15:39,055 [d2424f4d-20d2-4104-abcc-02e6288f3ffc@group-62509A8A5C15-LeaderElection81] INFO  impl.LeaderElection (LeaderElection.java:askForVotes(178)) - d2424f4d-20d2-4104-abcc-02e6288f3ffc@group-62509A8A5C15-LeaderElection81: begin an election at term 84 for -1: [3909bd6a-278d-4911-9d70-32680c972d02:192.168.157.223:33343, d2424f4d-20d2-4104-abcc-02e6288f3ffc:192.168.157.223:39352, 7c510082-4284-44ef-8cd9-bb38fb15579f:192.168.157.223:33098], old=null
2019-10-17 21:15:39,058 [grpc-default-executor-4] INFO  impl.RaftServerImpl (RaftServerImpl.java:setRole(184)) - 7c510082-4284-44ef-8cd9-bb38fb15579f@group-62509A8A5C15: changes role from  FOLLOWER to FOLLOWER at term 84 for recognizeCandidate:d2424f4d-20d2-4104-abcc-02e6288f3ffc
2019-10-17 21:15:39,058 [grpc-default-executor-2] INFO  impl.RaftServerImpl (RaftServerImpl.java:setRole(184)) - 3909bd6a-278d-4911-9d70-32680c972d02@group-62509A8A5C15: changes role from  FOLLOWER to FOLLOWER at term 84 for recognizeCandidate:d2424f4d-20d2-4104-abcc-02e6288f3ffc
2019-10-17 21:15:39,059 [grpc-default-executor-4] INFO  impl.RoleInfo (RoleInfo.java:shutdownFollowerState(121)) - 7c510082-4284-44ef-8cd9-bb38fb15579f: shutdown FollowerState
2019-10-17 21:15:39,059 [grpc-default-executor-2] INFO  impl.RoleInfo (RoleInfo.java:shutdownFollowerState(121)) - 3909bd6a-278d-4911-9d70-32680c972d02: shutdown FollowerState
2019-10-17 21:15:39,059 [Thread-749] INFO  impl.FollowerState (FollowerState.java:run(117)) - 7c510082-4284-44ef-8cd9-bb38fb15579f@group-62509A8A5C15-FollowerState was interrupted: java.lang.InterruptedException: sleep interrupted
2019-10-17 21:15:39,059 [grpc-default-executor-4] INFO  impl.RoleInfo (RoleInfo.java:updateAndGet(143)) - 7c510082-4284-44ef-8cd9-bb38fb15579f: start FollowerState
2019-10-17 21:15:39,059 [grpc-default-executor-2] INFO  impl.RoleInfo (RoleInfo.java:updateAndGet(143)) - 3909bd6a-278d-4911-9d70-32680c972d02: start FollowerState
2019-10-17 21:15:39,059 [Thread-748] INFO  impl.FollowerState (FollowerState.java:run(117)) - 3909bd6a-278d-4911-9d70-32680c972d02@group-62509A8A5C15-FollowerState was interrupted: java.lang.InterruptedException: sleep interrupted
2019-10-17 21:15:39,087 [d2424f4d-20d2-4104-abcc-02e6288f3ffc@group-62509A8A5C15-LeaderElection81] INFO  impl.LeaderElection (LeaderElection.java:logAndReturn(56)) - d2424f4d-20d2-4104-abcc-02e6288f3ffc@group-62509A8A5C15-LeaderElection81: Election REJECTED; received 2 response(s) [d2424f4d-20d2-4104-abcc-02e6288f3ffc<-3909bd6a-278d-4911-9d70-32680c972d02#0:FAIL-t84, d2424f4d-20d2-4104-abcc-02e6288f3ffc<-7c510082-4284-44ef-8cd9-bb38fb15579f#0:FAIL-t84] and 0 exception(s); d2424f4d-20d2-4104-abcc-02e6288f3ffc@group-62509A8A5C15:t84, leader=null, voted=d2424f4d-20d2-4104-abcc-02e6288f3ffc, raftlog=d2424f4d-20d2-4104-abcc-02e6288f3ffc@group-62509A8A5C15-SegmentedRaftLog:OPENED:c-1,f-1,i0, conf=-1: [3909bd6a-278d-4911-9d70-32680c972d02:192.168.157.223:33343, d2424f4d-20d2-4104-abcc-02e6288f3ffc:192.168.157.223:39352, 7c510082-4284-44ef-8cd9-bb38fb15579f:192.168.157.223:33098], old=null
2019-10-17 21:15:39,087 [d2424f4d-20d2-4104-abcc-02e6288f3ffc@group-62509A8A5C15-LeaderElection81] INFO  impl.RaftServerImpl (RaftServerImpl.java:setRole(184)) - d2424f4d-20d2-4104-abcc-02e6288f3ffc@group-62509A8A5C15: changes role from CANDIDATE to FOLLOWER at term 84 for DISCOVERED_A_NEW_TERM
2019-10-17 21:15:39,087 [d2424f4d-20d2-4104-abcc-02e6288f3ffc@group-62509A8A5C15-LeaderElection81] INFO  impl.RoleInfo (RoleInfo.java:shutdownLeaderElection(134)) - d2424f4d-20d2-4104-abcc-02e6288f3ffc: shutdown LeaderElection
2019-10-17 21:15:39,087 [d2424f4d-20d2-4104-abcc-02e6288f3ffc@group-62509A8A5C15-LeaderElection81] INFO  impl.RoleInfo (RoleInfo.java:updateAndGet(143)) - d2424f4d-20d2-4104-abcc-02e6288f3ffc: start FollowerState
2019-10-17 21:15:39,091 [Thread-756] INFO  impl.FollowerState (FollowerState.java:run(108)) - d2424f4d-20d2-4104-abcc-02e6288f3ffc@group-62509A8A5C15-FollowerState: change to CANDIDATE, lastRpcTime:3ms, electionTimeout:3ms
2019-10-17 21:15:39,091 [Thread-756] INFO  impl.RoleInfo (RoleInfo.java:shutdownFollowerState(121)) - d2424f4d-20d2-4104-abcc-02e6288f3ffc: shutdown FollowerState
2019-10-17 21:15:39,091 [Thread-756] INFO  impl.RaftServerImpl (RaftServerImpl.java:setRole(184)) - d2424f4d-20d2-4104-abcc-02e6288f3ffc@group-62509A8A5C15: changes role from  FOLLOWER to CANDIDATE at term 84 for changeToCandidate
2019-10-17 21:15:39,091 [Thread-756] INFO  impl.RoleInfo (RoleInfo.java:updateAndGet(143)) - d2424f4d-20d2-4104-abcc-02e6288f3ffc: start LeaderElection
2019-10-17 21:15:39,105 [d2424f4d-20d2-4104-abcc-02e6288f3ffc@group-62509A8A5C15-LeaderElection82] INFO  impl.LeaderElection (LeaderElection.java:askForVotes(178)) - d2424f4d-20d2-4104-abcc-02e6288f3ffc@group-62509A8A5C15-LeaderElection82: begin an election at term 85 for -1: [3909bd6a-278d-4911-9d70-32680c972d02:192.168.157.223:33343, d2424f4d-20d2-4104-abcc-02e6288f3ffc:192.168.157.223:39352, 7c510082-4284-44ef-8cd9-bb38fb15579f:192.168.157.223:33098], old=null
2019-10-17 21:15:39,108 [grpc-default-executor-4] INFO  impl.RaftServerImpl (RaftServerImpl.java:setRole(184)) - 7c510082-4284-44ef-8cd9-bb38fb15579f@group-62509A8A5C15: changes role from  FOLLOWER to FOLLOWER at term 85 for recognizeCandidate:d2424f4d-20d2-4104-abcc-02e6288f3ffc
2019-10-17 21:15:39,108 [grpc-default-executor-2] INFO  impl.RaftServerImpl (RaftServerImpl.java:setRole(184)) - 3909bd6a-278d-4911-9d70-32680c972d02@group-62509A8A5C15: changes role from  FOLLOWER to FOLLOWER at term 85 for recognizeCandidate:d2424f4d-20d2-4104-abcc-02e6288f3ffc
2019-10-17 21:15:39,108 [grpc-default-executor-4] INFO  impl.RoleInfo (RoleInfo.java:shutdownFollowerState(121)) - 7c510082-4284-44ef-8cd9-bb38fb15579f: shutdown FollowerState
2019-10-17 21:15:39,108 [grpc-default-executor-2] INFO  impl.RoleInfo (RoleInfo.java:shutdownFollowerState(121)) - 3909bd6a-278d-4911-9d70-32680c972d02: shutdown FollowerState
2019-10-17 21:15:39,109 [Thread-754] INFO  impl.FollowerState (FollowerState.java:run(117)) - 7c510082-4284-44ef-8cd9-bb38fb15579f@group-62509A8A5C15-FollowerState was interrupted: java.lang.InterruptedException: sleep interrupted
2019-10-17 21:15:39,109 [grpc-default-executor-4] INFO  impl.RoleInfo (RoleInfo.java:updateAndGet(143)) - 7c510082-4284-44ef-8cd9-bb38fb15579f: start FollowerState
2019-10-17 21:15:39,109 [Thread-755] INFO  impl.FollowerState (FollowerState.java:run(117)) - 3909bd6a-278d-4911-9d70-32680c972d02@group-62509A8A5C15-FollowerState was interrupted: java.lang.InterruptedException: sleep interrupted
2019-10-17 21:15:39,109 [grpc-default-executor-2] INFO  impl.RoleInfo (RoleInfo.java:updateAndGet(143)) - 3909bd6a-278d-4911-9d70-32680c972d02: start FollowerState
2019-10-17 21:15:39,126 [d2424f4d-20d2-4104-abcc-02e6288f3ffc@group-62509A8A5C15-LeaderElection82] INFO  impl.LeaderElection (LeaderElection.java:logAndReturn(56)) - d2424f4d-20d2-4104-abcc-02e6288f3ffc@group-62509A8A5C15-LeaderElection82: Election REJECTED; received 2 response(s) [d2424f4d-20d2-4104-abcc-02e6288f3ffc<-3909bd6a-278d-4911-9d70-32680c972d02#0:FAIL-t85, d2424f4d-20d2-4104-abcc-02e6288f3ffc<-7c510082-4284-44ef-8cd9-bb38fb15579f#0:FAIL-t85] and 0 exception(s); d2424f4d-20d2-4104-abcc-02e6288f3ffc@group-62509A8A5C15:t85, leader=null, voted=d2424f4d-20d2-4104-abcc-02e6288f3ffc, raftlog=d2424f4d-20d2-4104-abcc-02e6288f3ffc@group-62509A8A5C15-SegmentedRaftLog:OPENED:c-1,f-1,i0, conf=-1: [3909bd6a-278d-4911-9d70-32680c972d02:192.168.157.223:33343, d2424f4d-20d2-4104-abcc-02e6288f3ffc:192.168.157.223:39352, 7c510082-4284-44ef-8cd9-bb38fb15579f:192.168.157.223:33098], old=null
2019-10-17 21:15:39,127 [d2424f4d-20d2-4104-abcc-02e6288f3ffc@group-62509A8A5C15-LeaderElection82] INFO  impl.RaftServerImpl (RaftServerImpl.java:setRole(184)) - d2424f4d-20d2-4104-abcc-02e6288f3ffc@group-62509A8A5C15: changes role from CANDIDATE to FOLLOWER at term 85 for DISCOVERED_A_NEW_TERM
2019-10-17 21:15:39,127 [d2424f4d-20d2-4104-abcc-02e6288f3ffc@group-62509A8A5C15-LeaderElection82] INFO  impl.RoleInfo (RoleInfo.java:shutdownLeaderElection(134)) - d2424f4d-20d2-4104-abcc-02e6288f3ffc: shutdown LeaderElection
2019-10-17 21:15:39,127 [d2424f4d-20d2-4104-abcc-02e6288f3ffc@group-62509A8A5C15-LeaderElection82] INFO  impl.RoleInfo (RoleInfo.java:updateAndGet(143)) - d2424f4d-20d2-4104-abcc-02e6288f3ffc: start FollowerState
2019-10-17 21:15:39,312 [Thread-762] INFO  impl.FollowerState (FollowerState.java:run(108)) - d2424f4d-20d2-4104-abcc-02e6288f3ffc@group-62509A8A5C15-FollowerState: change to CANDIDATE, lastRpcTime:184ms, electionTimeout:184ms
2019-10-17 21:15:39,312 [Thread-762] INFO  impl.RoleInfo (RoleInfo.java:shutdownFollowerState(121)) - d2424f4d-20d2-4104-abcc-02e6288f3ffc: shutdown FollowerState
2019-10-17 21:15:39,313 [Thread-762] INFO  impl.RaftServerImpl (RaftServerImpl.java:setRole(184)) - d2424f4d-20d2-4104-abcc-02e6288f3ffc@group-62509A8A5C15: changes role from  FOLLOWER to CANDIDATE at term 85 for changeToCandidate
2019-10-17 21:15:39,313 [Thread-762] INFO  impl.RoleInfo (RoleInfo.java:updateAndGet(143)) - d2424f4d-20d2-4104-abcc-02e6288f3ffc: start LeaderElection
2019-10-17 21:15:39,327 [d2424f4d-20d2-4104-abcc-02e6288f3ffc@group-62509A8A5C15-LeaderElection83] INFO  impl.LeaderElection (LeaderElection.java:askForVotes(178)) - d2424f4d-20d2-4104-abcc-02e6288f3ffc@group-62509A8A5C15-LeaderElection83: begin an election at term 86 for -1: [3909bd6a-278d-4911-9d70-32680c972d02:192.168.157.223:33343, d2424f4d-20d2-4104-abcc-02e6288f3ffc:192.168.157.223:39352, 7c510082-4284-44ef-8cd9-bb38fb15579f:192.168.157.223:33098], old=null
2019-10-17 21:15:39,332 [grpc-default-executor-4] INFO  impl.RaftServerImpl (RaftServerImpl.java:setRole(184)) - 7c510082-4284-44ef-8cd9-bb38fb15579f@group-62509A8A5C15: changes role from  FOLLOWER to FOLLOWER at term 86 for recognizeCandidate:d2424f4d-20d2-4104-abcc-02e6288f3ffc
2019-10-17 21:15:39,332 [grpc-default-executor-2] INFO  impl.RaftServerImpl (RaftServerImpl.java:setRole(184)) - 3909bd6a-278d-4911-9d70-32680c972d02@group-62509A8A5C15: changes role from  FOLLOWER to FOLLOWER at term 86 for recognizeCandidate:d2424f4d-20d2-4104-abcc-02e6288f3ffc
2019-10-17 21:15:39,332 [grpc-default-executor-4] INFO  impl.RoleInfo (RoleInfo.java:shutdownFollowerState(121)) - 7c510082-4284-44ef-8cd9-bb38fb15579f: shutdown FollowerState
2019-10-17 21:15:39,332 [grpc-default-executor-2] INFO  impl.RoleInfo (RoleInfo.java:shutdownFollowerState(121)) - 3909bd6a-278d-4911-9d70-32680c972d02: shutdown FollowerState
2019-10-17 21:15:39,333 [Thread-760] INFO  impl.FollowerState (FollowerState.java:run(117)) - 7c510082-4284-44ef-8cd9-bb38fb15579f@group-62509A8A5C15-FollowerState was interrupted: java.lang.InterruptedException: sleep interrupted
2019-10-17 21:15:39,333 [Thread-761] INFO  impl.FollowerState (FollowerState.java:run(117)) - 3909bd6a-278d-4911-9d70-32680c972d02@group-62509A8A5C15-FollowerState was interrupted: java.lang.InterruptedException: sleep interrupted
2019-10-17 21:15:39,333 [grpc-default-executor-4] INFO  impl.RoleInfo (RoleInfo.java:updateAndGet(143)) - 7c510082-4284-44ef-8cd9-bb38fb15579f: start FollowerState
2019-10-17 21:15:39,333 [grpc-default-executor-2] INFO  impl.RoleInfo (RoleInfo.java:updateAndGet(143)) - 3909bd6a-278d-4911-9d70-32680c972d02: start FollowerState
2019-10-17 21:15:39,360 [d2424f4d-20d2-4104-abcc-02e6288f3ffc@group-62509A8A5C15-LeaderElection83] INFO  impl.LeaderElection (LeaderElection.java:logAndReturn(56)) - d2424f4d-20d2-4104-abcc-02e6288f3ffc@group-62509A8A5C15-LeaderElection83: Election REJECTED; received 2 response(s) [d2424f4d-20d2-4104-abcc-02e6288f3ffc<-3909bd6a-278d-4911-9d70-32680c972d02#0:FAIL-t86, d2424f4d-20d2-4104-abcc-02e6288f3ffc<-7c510082-4284-44ef-8cd9-bb38fb15579f#0:FAIL-t86] and 0 exception(s); d2424f4d-20d2-4104-abcc-02e6288f3ffc@group-62509A8A5C15:t86, leader=null, voted=d2424f4d-20d2-4104-abcc-02e6288f3ffc, raftlog=d2424f4d-20d2-4104-abcc-02e6288f3ffc@group-62509A8A5C15-SegmentedRaftLog:OPENED:c-1,f-1,i0, conf=-1: [3909bd6a-278d-4911-9d70-32680c972d02:192.168.157.223:33343, d2424f4d-20d2-4104-abcc-02e6288f3ffc:192.168.157.223:39352, 7c510082-4284-44ef-8cd9-bb38fb15579f:192.168.157.223:33098], old=null
2019-10-17 21:15:39,361 [d2424f4d-20d2-4104-abcc-02e6288f3ffc@group-62509A8A5C15-LeaderElection83] INFO  impl.RaftServerImpl (RaftServerImpl.java:setRole(184)) - d2424f4d-20d2-4104-abcc-02e6288f3ffc@group-62509A8A5C15: changes role from CANDIDATE to FOLLOWER at term 86 for DISCOVERED_A_NEW_TERM
2019-10-17 21:15:39,361 [d2424f4d-20d2-4104-abcc-02e6288f3ffc@group-62509A8A5C15-LeaderElection83] INFO  impl.RoleInfo (RoleInfo.java:shutdownLeaderElection(134)) - d2424f4d-20d2-4104-abcc-02e6288f3ffc: shutdown LeaderElection
2019-10-17 21:15:39,361 [d2424f4d-20d2-4104-abcc-02e6288f3ffc@group-62509A8A5C15-LeaderElection83] INFO  impl.RoleInfo (RoleInfo.java:updateAndGet(143)) - d2424f4d-20d2-4104-abcc-02e6288f3ffc: start FollowerState
2019-10-17 21:15:39,456 [Thread-768] INFO  impl.FollowerState (FollowerState.java:run(108)) - d2424f4d-20d2-4104-abcc-02e6288f3ffc@group-62509A8A5C15-FollowerState: change to CANDIDATE, lastRpcTime:95ms, electionTimeout:94ms
2019-10-17 21:15:39,457 [Thread-768] INFO  impl.RoleInfo (RoleInfo.java:shutdownFollowerState(121)) - d2424f4d-20d2-4104-abcc-02e6288f3ffc: shutdown FollowerState
2019-10-17 21:15:39,457 [Thread-768] INFO  impl.RaftServerImpl (RaftServerImpl.java:setRole(184)) - d2424f4d-20d2-4104-abcc-02e6288f3ffc@group-62509A8A5C15: changes role from  FOLLOWER to CANDIDATE at term 86 for changeToCandidate
2019-10-17 21:15:39,457 [Thread-768] INFO  impl.RoleInfo (RoleInfo.java:updateAndGet(143)) - d2424f4d-20d2-4104-abcc-02e6288f3ffc: start LeaderElection
2019-10-17 21:15:39,470 [d2424f4d-20d2-4104-abcc-02e6288f3ffc@group-62509A8A5C15-LeaderElection84] INFO  impl.LeaderElection (LeaderElection.java:askForVotes(178)) - d2424f4d-20d2-4104-abcc-02e6288f3ffc@group-62509A8A5C15-LeaderElection84: begin an election at term 87 for -1: [3909bd6a-278d-4911-9d70-32680c972d02:192.168.157.223:33343, d2424f4d-20d2-4104-abcc-02e6288f3ffc:192.168.157.223:39352, 7c510082-4284-44ef-8cd9-bb38fb15579f:192.168.157.223:33098], old=null
2019-10-17 21:15:39,474 [grpc-default-executor-4] INFO  impl.RaftServerImpl (RaftServerImpl.java:setRole(184)) - 7c510082-4284-44ef-8cd9-bb38fb15579f@group-62509A8A5C15: changes role from  FOLLOWER to FOLLOWER at term 87 for recognizeCandidate:d2424f4d-20d2-4104-abcc-02e6288f3ffc
2019-10-17 21:15:39,474 [grpc-default-executor-2] INFO  impl.RaftServerImpl (RaftServerImpl.java:setRole(184)) - 3909bd6a-278d-4911-9d70-32680c972d02@group-62509A8A5C15: changes role from  FOLLOWER to FOLLOWER at term 87 for recognizeCandidate:d2424f4d-20d2-4104-abcc-02e6288f3ffc
2019-10-17 21:15:39,474 [grpc-default-executor-2] INFO  impl.RoleInfo (RoleInfo.java:shutdownFollowerState(121)) - 3909bd6a-278d-4911-9d70-32680c972d02: shutdown FollowerState
2019-10-17 21:15:39,474 [grpc-default-executor-4] INFO  impl.RoleInfo (RoleInfo.java:shutdownFollowerState(121)) - 7c510082-4284-44ef-8cd9-bb38fb15579f: shutdown FollowerState
2019-10-17 21:15:39,474 [Thread-767] INFO  impl.FollowerState (FollowerState.java:run(117)) - 3909bd6a-278d-4911-9d70-32680c972d02@group-62509A8A5C15-FollowerState was interrupted: java.lang.InterruptedException: sleep interrupted
2019-10-17 21:15:39,474 [grpc-default-executor-2] INFO  impl.RoleInfo (RoleInfo.java:updateAndGet(143)) - 3909bd6a-278d-4911-9d70-32680c972d02: start FollowerState
2019-10-17 21:15:39,474 [Thread-766] INFO  impl.FollowerState (FollowerState.java:run(117)) - 7c510082-4284-44ef-8cd9-bb38fb15579f@group-62509A8A5C15-FollowerState was interrupted: java.lang.InterruptedException: sleep interrupted
2019-10-17 21:15:39,474 [grpc-default-executor-4] INFO  impl.RoleInfo (RoleInfo.java:updateAndGet(143)) - 7c510082-4284-44ef-8cd9-bb38fb15579f: start FollowerState
2019-10-17 21:15:39,498 [d2424f4d-20d2-4104-abcc-02e6288f3ffc@group-62509A8A5C15-LeaderElection84] INFO  impl.LeaderElection (LeaderElection.java:logAndReturn(56)) - d2424f4d-20d2-4104-abcc-02e6288f3ffc@group-62509A8A5C15-LeaderElection84: Election REJECTED; received 2 response(s) [d2424f4d-20d2-4104-abcc-02e6288f3ffc<-3909bd6a-278d-4911-9d70-32680c972d02#0:FAIL-t87, d2424f4d-20d2-4104-abcc-02e6288f3ffc<-7c510082-4284-44ef-8cd9-bb38fb15579f#0:FAIL-t87] and 0 exception(s); d2424f4d-20d2-4104-abcc-02e6288f3ffc@group-62509A8A5C15:t87, leader=null, voted=d2424f4d-20d2-4104-abcc-02e6288f3ffc, raftlog=d2424f4d-20d2-4104-abcc-02e6288f3ffc@group-62509A8A5C15-SegmentedRaftLog:OPENED:c-1,f-1,i0, conf=-1: [3909bd6a-278d-4911-9d70-32680c972d02:192.168.157.223:33343, d2424f4d-20d2-4104-abcc-02e6288f3ffc:192.168.157.223:39352, 7c510082-4284-44ef-8cd9-bb38fb15579f:192.168.157.223:33098], old=null
2019-10-17 21:15:39,498 [d2424f4d-20d2-4104-abcc-02e6288f3ffc@group-62509A8A5C15-LeaderElection84] INFO  impl.RaftServerImpl (RaftServerImpl.java:setRole(184)) - d2424f4d-20d2-4104-abcc-02e6288f3ffc@group-62509A8A5C15: changes role from CANDIDATE to FOLLOWER at term 87 for DISCOVERED_A_NEW_TERM
2019-10-17 21:15:39,498 [d2424f4d-20d2-4104-abcc-02e6288f3ffc@group-62509A8A5C15-LeaderElection84] INFO  impl.RoleInfo (RoleInfo.java:shutdownLeaderElection(134)) - d2424f4d-20d2-4104-abcc-02e6288f3ffc: shutdown LeaderElection
2019-10-17 21:15:39,498 [d2424f4d-20d2-4104-abcc-02e6288f3ffc@group-62509A8A5C15-LeaderElection84] INFO  impl.RoleInfo (RoleInfo.java:updateAndGet(143)) - d2424f4d-20d2-4104-abcc-02e6288f3ffc: start FollowerState
2019-10-17 21:15:39,661 [Thread-774] INFO  impl.FollowerState (FollowerState.java:run(108)) - d2424f4d-20d2-4104-abcc-02e6288f3ffc@group-62509A8A5C15-FollowerState: change to CANDIDATE, lastRpcTime:162ms, electionTimeout:162ms
2019-10-17 21:15:39,662 [Thread-774] INFO  impl.RoleInfo (RoleInfo.java:shutdownFollowerState(121)) - d2424f4d-20d2-4104-abcc-02e6288f3ffc: shutdown FollowerState
2019-10-17 21:15:39,662 [Thread-774] INFO  impl.RaftServerImpl (RaftServerImpl.java:setRole(184)) - d2424f4d-20d2-4104-abcc-02e6288f3ffc@group-62509A8A5C15: changes role from  FOLLOWER to CANDIDATE at term 87 for changeToCandidate
2019-10-17 21:15:39,662 [Thread-774] INFO  impl.RoleInfo (RoleInfo.java:updateAndGet(143)) - d2424f4d-20d2-4104-abcc-02e6288f3ffc: start LeaderElection
2019-10-17 21:15:39,676 [d2424f4d-20d2-4104-abcc-02e6288f3ffc@group-62509A8A5C15-LeaderElection85] INFO  impl.LeaderElection (LeaderElection.java:askForVotes(178)) - d2424f4d-20d2-4104-abcc-02e6288f3ffc@group-62509A8A5C15-LeaderElection85: begin an election at term 88 for -1: [3909bd6a-278d-4911-9d70-32680c972d02:192.168.157.223:33343, d2424f4d-20d2-4104-abcc-02e6288f3ffc:192.168.157.223:39352, 7c510082-4284-44ef-8cd9-bb38fb15579f:192.168.157.223:33098], old=null
2019-10-17 21:15:39,679 [grpc-default-executor-2] INFO  impl.RaftServerImpl (RaftServerImpl.java:setRole(184)) - 3909bd6a-278d-4911-9d70-32680c972d02@group-62509A8A5C15: changes role from  FOLLOWER to FOLLOWER at term 88 for recognizeCandidate:d2424f4d-20d2-4104-abcc-02e6288f3ffc
2019-10-17 21:15:39,679 [grpc-default-executor-4] INFO  impl.RaftServerImpl (RaftServerImpl.java:setRole(184)) - 7c510082-4284-44ef-8cd9-bb38fb15579f@group-62509A8A5C15: changes role from  FOLLOWER to FOLLOWER at term 88 for recognizeCandidate:d2424f4d-20d2-4104-abcc-02e6288f3ffc
2019-10-17 21:15:39,679 [grpc-default-executor-2] INFO  impl.RoleInfo (RoleInfo.java:shutdownFollowerState(121)) - 3909bd6a-278d-4911-9d70-32680c972d02: shutdown FollowerState
2019-10-17 21:15:39,680 [grpc-default-executor-4] INFO  impl.RoleInfo (RoleInfo.java:shutdownFollowerState(121)) - 7c510082-4284-44ef-8cd9-bb38fb15579f: shutdown FollowerState
2019-10-17 21:15:39,680 [Thread-772] INFO  impl.FollowerState (FollowerState.java:run(117)) - 3909bd6a-278d-4911-9d70-32680c972d02@group-62509A8A5C15-FollowerState was interrupted: java.lang.InterruptedException: sleep interrupted
2019-10-17 21:15:39,680 [grpc-default-executor-2] INFO  impl.RoleInfo (RoleInfo.java:updateAndGet(143)) - 3909bd6a-278d-4911-9d70-32680c972d02: start FollowerState
2019-10-17 21:15:39,680 [grpc-default-executor-4] INFO  impl.RoleInfo (RoleInfo.java:updateAndGet(143)) - 7c510082-4284-44ef-8cd9-bb38fb15579f: start FollowerState
2019-10-17 21:15:39,681 [Thread-773] INFO  impl.FollowerState (FollowerState.java:run(117)) - 7c510082-4284-44ef-8cd9-bb38fb15579f@group-62509A8A5C15-FollowerState was interrupted: java.lang.InterruptedException: sleep interrupted
2019-10-17 21:15:39,695 [d2424f4d-20d2-4104-abcc-02e6288f3ffc@group-62509A8A5C15-LeaderElection85] INFO  impl.LeaderElection (LeaderElection.java:logAndReturn(56)) - d2424f4d-20d2-4104-abcc-02e6288f3ffc@group-62509A8A5C15-LeaderElection85: Election REJECTED; received 2 response(s) [d2424f4d-20d2-4104-abcc-02e6288f3ffc<-3909bd6a-278d-4911-9d70-32680c972d02#0:FAIL-t88, d2424f4d-20d2-4104-abcc-02e6288f3ffc<-7c510082-4284-44ef-8cd9-bb38fb15579f#0:FAIL-t88] and 0 exception(s); d2424f4d-20d2-4104-abcc-02e6288f3ffc@group-62509A8A5C15:t88, leader=null, voted=d2424f4d-20d2-4104-abcc-02e6288f3ffc, raftlog=d2424f4d-20d2-4104-abcc-02e6288f3ffc@group-62509A8A5C15-SegmentedRaftLog:OPENED:c-1,f-1,i0, conf=-1: [3909bd6a-278d-4911-9d70-32680c972d02:192.168.157.223:33343, d2424f4d-20d2-4104-abcc-02e6288f3ffc:192.168.157.223:39352, 7c510082-4284-44ef-8cd9-bb38fb15579f:192.168.157.223:33098], old=null
2019-10-17 21:15:39,695 [d2424f4d-20d2-4104-abcc-02e6288f3ffc@group-62509A8A5C15-LeaderElection85] INFO  impl.RaftServerImpl (RaftServerImpl.java:setRole(184)) - d2424f4d-20d2-4104-abcc-02e6288f3ffc@group-62509A8A5C15: changes role from CANDIDATE to FOLLOWER at term 88 for DISCOVERED_A_NEW_TERM
2019-10-17 21:15:39,695 [d2424f4d-20d2-4104-abcc-02e6288f3ffc@group-62509A8A5C15-LeaderElection85] INFO  impl.RoleInfo (RoleInfo.java:shutdownLeaderElection(134)) - d2424f4d-20d2-4104-abcc-02e6288f3ffc: shutdown LeaderElection
2019-10-17 21:15:39,695 [d2424f4d-20d2-4104-abcc-02e6288f3ffc@group-62509A8A5C15-LeaderElection85] INFO  impl.RoleInfo (RoleInfo.java:updateAndGet(143)) - d2424f4d-20d2-4104-abcc-02e6288f3ffc: start FollowerState
2019-10-17 21:15:39,715 [Thread-782] INFO  impl.FollowerState (FollowerState.java:run(108)) - d2424f4d-20d2-4104-abcc-02e6288f3ffc@group-62509A8A5C15-FollowerState: change to CANDIDATE, lastRpcTime:19ms, electionTimeout:19ms
2019-10-17 21:15:39,715 [Thread-782] INFO  impl.RoleInfo (RoleInfo.java:shutdownFollowerState(121)) - d2424f4d-20d2-4104-abcc-02e6288f3ffc: shutdown FollowerState
2019-10-17 21:15:39,715 [Thread-782] INFO  impl.RaftServerImpl (RaftServerImpl.java:setRole(184)) - d2424f4d-20d2-4104-abcc-02e6288f3ffc@group-62509A8A5C15: changes role from  FOLLOWER to CANDIDATE at term 88 for changeToCandidate
2019-10-17 21:15:39,715 [Thread-782] INFO  impl.RoleInfo (RoleInfo.java:updateAndGet(143)) - d2424f4d-20d2-4104-abcc-02e6288f3ffc: start LeaderElection
2019-10-17 21:15:39,731 [d2424f4d-20d2-4104-abcc-02e6288f3ffc@group-62509A8A5C15-LeaderElection86] INFO  impl.LeaderElection (LeaderElection.java:askForVotes(178)) - d2424f4d-20d2-4104-abcc-02e6288f3ffc@group-62509A8A5C15-LeaderElection86: begin an election at term 89 for -1: [3909bd6a-278d-4911-9d70-32680c972d02:192.168.157.223:33343, d2424f4d-20d2-4104-abcc-02e6288f3ffc:192.168.157.223:39352, 7c510082-4284-44ef-8cd9-bb38fb15579f:192.168.157.223:33098], old=null
2019-10-17 21:15:39,733 [grpc-default-executor-4] INFO  impl.RaftServerImpl (RaftServerImpl.java:setRole(184)) - 3909bd6a-278d-4911-9d70-32680c972d02@group-62509A8A5C15: changes role from  FOLLOWER to FOLLOWER at term 89 for recognizeCandidate:d2424f4d-20d2-4104-abcc-02e6288f3ffc
2019-10-17 21:15:39,733 [grpc-default-executor-4] INFO  impl.RoleInfo (RoleInfo.java:shutdownFollowerState(121)) - 3909bd6a-278d-4911-9d70-32680c972d02: shutdown FollowerState
2019-10-17 21:15:39,733 [grpc-default-executor-2] INFO  impl.RaftServerImpl (RaftServerImpl.java:setRole(184)) - 7c510082-4284-44ef-8cd9-bb38fb15579f@group-62509A8A5C15: changes role from  FOLLOWER to FOLLOWER at term 89 for recognizeCandidate:d2424f4d-20d2-4104-abcc-02e6288f3ffc
2019-10-17 21:15:39,734 [Thread-780] INFO  impl.FollowerState (FollowerState.java:run(117)) - 3909bd6a-278d-4911-9d70-32680c972d02@group-62509A8A5C15-FollowerState was interrupted: java.lang.InterruptedException: sleep interrupted
2019-10-17 21:15:39,734 [grpc-default-executor-4] INFO  impl.RoleInfo (RoleInfo.java:updateAndGet(143)) - 3909bd6a-278d-4911-9d70-32680c972d02: start FollowerState
2019-10-17 21:15:39,734 [grpc-default-executor-2] INFO  impl.RoleInfo (RoleInfo.java:shutdownFollowerState(121)) - 7c510082-4284-44ef-8cd9-bb38fb15579f: shutdown FollowerState
2019-10-17 21:15:39,734 [grpc-default-executor-2] INFO  impl.RoleInfo (RoleInfo.java:updateAndGet(143)) - 7c510082-4284-44ef-8cd9-bb38fb15579f: start FollowerState
2019-10-17 21:15:39,734 [Thread-781] INFO  impl.FollowerState (FollowerState.java:run(117)) - 7c510082-4284-44ef-8cd9-bb38fb15579f@group-62509A8A5C15-FollowerState was interrupted: java.lang.InterruptedException: sleep interrupted
2019-10-17 21:15:39,767 [d2424f4d-20d2-4104-abcc-02e6288f3ffc@group-62509A8A5C15-LeaderElection86] INFO  impl.LeaderElection (LeaderElection.java:logAndReturn(56)) - d2424f4d-20d2-4104-abcc-02e6288f3ffc@group-62509A8A5C15-LeaderElection86: Election REJECTED; received 2 response(s) [d2424f4d-20d2-4104-abcc-02e6288f3ffc<-3909bd6a-278d-4911-9d70-32680c972d02#0:FAIL-t89, d2424f4d-20d2-4104-abcc-02e6288f3ffc<-7c510082-4284-44ef-8cd9-bb38fb15579f#0:FAIL-t89] and 0 exception(s); d2424f4d-20d2-4104-abcc-02e6288f3ffc@group-62509A8A5C15:t89, leader=null, voted=d2424f4d-20d2-4104-abcc-02e6288f3ffc, raftlog=d2424f4d-20d2-4104-abcc-02e6288f3ffc@group-62509A8A5C15-SegmentedRaftLog:OPENED:c-1,f-1,i0, conf=-1: [3909bd6a-278d-4911-9d70-32680c972d02:192.168.157.223:33343, d2424f4d-20d2-4104-abcc-02e6288f3ffc:192.168.157.223:39352, 7c510082-4284-44ef-8cd9-bb38fb15579f:192.168.157.223:33098], old=null
2019-10-17 21:15:39,767 [d2424f4d-20d2-4104-abcc-02e6288f3ffc@group-62509A8A5C15-LeaderElection86] INFO  impl.RaftServerImpl (RaftServerImpl.java:setRole(184)) - d2424f4d-20d2-4104-abcc-02e6288f3ffc@group-62509A8A5C15: changes role from CANDIDATE to FOLLOWER at term 89 for DISCOVERED_A_NEW_TERM
2019-10-17 21:15:39,767 [d2424f4d-20d2-4104-abcc-02e6288f3ffc@group-62509A8A5C15-LeaderElection86] INFO  impl.RoleInfo (RoleInfo.java:shutdownLeaderElection(134)) - d2424f4d-20d2-4104-abcc-02e6288f3ffc: shutdown LeaderElection
2019-10-17 21:15:39,768 [d2424f4d-20d2-4104-abcc-02e6288f3ffc@group-62509A8A5C15-LeaderElection86] INFO  impl.RoleInfo (RoleInfo.java:updateAndGet(143)) - d2424f4d-20d2-4104-abcc-02e6288f3ffc: start FollowerState
2019-10-17 21:15:39,913 [Thread-788] INFO  impl.FollowerState (FollowerState.java:run(108)) - d2424f4d-20d2-4104-abcc-02e6288f3ffc@group-62509A8A5C15-FollowerState: change to CANDIDATE, lastRpcTime:145ms, electionTimeout:145ms
2019-10-17 21:15:39,913 [Thread-788] INFO  impl.RoleInfo (RoleInfo.java:shutdownFollowerState(121)) - d2424f4d-20d2-4104-abcc-02e6288f3ffc: shutdown FollowerState
2019-10-17 21:15:39,914 [Thread-788] INFO  impl.RaftServerImpl (RaftServerImpl.java:setRole(184)) - d2424f4d-20d2-4104-abcc-02e6288f3ffc@group-62509A8A5C15: changes role from  FOLLOWER to CANDIDATE at term 89 for changeToCandidate
2019-10-17 21:15:39,914 [Thread-788] INFO  impl.RoleInfo (RoleInfo.java:updateAndGet(143)) - d2424f4d-20d2-4104-abcc-02e6288f3ffc: start LeaderElection
2019-10-17 21:15:39,927 [d2424f4d-20d2-4104-abcc-02e6288f3ffc@group-62509A8A5C15-LeaderElection87] INFO  impl.LeaderElection (LeaderElection.java:askForVotes(178)) - d2424f4d-20d2-4104-abcc-02e6288f3ffc@group-62509A8A5C15-LeaderElection87: begin an election at term 90 for -1: [3909bd6a-278d-4911-9d70-32680c972d02:192.168.157.223:33343, d2424f4d-20d2-4104-abcc-02e6288f3ffc:192.168.157.223:39352, 7c510082-4284-44ef-8cd9-bb38fb15579f:192.168.157.223:33098], old=null
2019-10-17 21:15:39,930 [grpc-default-executor-2] INFO  impl.RaftServerImpl (RaftServerImpl.java:setRole(184)) - 3909bd6a-278d-4911-9d70-32680c972d02@group-62509A8A5C15: changes role from  FOLLOWER to FOLLOWER at term 90 for recognizeCandidate:d2424f4d-20d2-4104-abcc-02e6288f3ffc
2019-10-17 21:15:39,930 [grpc-default-executor-4] INFO  impl.RaftServerImpl (RaftServerImpl.java:setRole(184)) - 7c510082-4284-44ef-8cd9-bb38fb15579f@group-62509A8A5C15: changes role from  FOLLOWER to FOLLOWER at term 90 for recognizeCandidate:d2424f4d-20d2-4104-abcc-02e6288f3ffc
2019-10-17 21:15:39,930 [grpc-default-executor-2] INFO  impl.RoleInfo (RoleInfo.java:shutdownFollowerState(121)) - 3909bd6a-278d-4911-9d70-32680c972d02: shutdown FollowerState
2019-10-17 21:15:39,930 [grpc-default-executor-4] INFO  impl.RoleInfo (RoleInfo.java:shutdownFollowerState(121)) - 7c510082-4284-44ef-8cd9-bb38fb15579f: shutdown FollowerState
2019-10-17 21:15:39,930 [grpc-default-executor-2] INFO  impl.RoleInfo (RoleInfo.java:updateAndGet(143)) - 3909bd6a-278d-4911-9d70-32680c972d02: start FollowerState
2019-10-17 21:15:39,930 [Thread-787] INFO  impl.FollowerState (FollowerState.java:run(117)) - 7c510082-4284-44ef-8cd9-bb38fb15579f@group-62509A8A5C15-FollowerState was interrupted: java.lang.InterruptedException: sleep interrupted
2019-10-17 21:15:39,930 [Thread-786] INFO  impl.FollowerState (FollowerState.java:run(117)) - 3909bd6a-278d-4911-9d70-32680c972d02@group-62509A8A5C15-FollowerState was interrupted: java.lang.InterruptedException: sleep interrupted
2019-10-17 21:15:39,930 [grpc-default-executor-4] INFO  impl.RoleInfo (RoleInfo.java:updateAndGet(143)) - 7c510082-4284-44ef-8cd9-bb38fb15579f: start FollowerState
2019-10-17 21:15:39,934 [d2424f4d-20d2-4104-abcc-02e6288f3ffc@group-62509A8A5C15-LeaderElection87] INFO  impl.LeaderElection (LeaderElection.java:logAndReturn(56)) - d2424f4d-20d2-4104-abcc-02e6288f3ffc@group-62509A8A5C15-LeaderElection87: Election TIMEOUT; received 0 response(s) [] and 0 exception(s); d2424f4d-20d2-4104-abcc-02e6288f3ffc@group-62509A8A5C15:t90, leader=null, voted=d2424f4d-20d2-4104-abcc-02e6288f3ffc, raftlog=d2424f4d-20d2-4104-abcc-02e6288f3ffc@group-62509A8A5C15-SegmentedRaftLog:OPENED:c-1,f-1,i0, conf=-1: [3909bd6a-278d-4911-9d70-32680c972d02:192.168.157.223:33343, d2424f4d-20d2-4104-abcc-02e6288f3ffc:192.168.157.223:39352, 7c510082-4284-44ef-8cd9-bb38fb15579f:192.168.157.223:33098], old=null
2019-10-17 21:15:39,955 [d2424f4d-20d2-4104-abcc-02e6288f3ffc@group-62509A8A5C15-LeaderElection87] INFO  impl.LeaderElection (LeaderElection.java:askForVotes(178)) - d2424f4d-20d2-4104-abcc-02e6288f3ffc@group-62509A8A5C15-LeaderElection87: begin an election at term 91 for -1: [3909bd6a-278d-4911-9d70-32680c972d02:192.168.157.223:33343, d2424f4d-20d2-4104-abcc-02e6288f3ffc:192.168.157.223:39352, 7c510082-4284-44ef-8cd9-bb38fb15579f:192.168.157.223:33098], old=null
2019-10-17 21:15:39,957 [grpc-default-executor-2] INFO  impl.RaftServerImpl (RaftServerImpl.java:setRole(184)) - 3909bd6a-278d-4911-9d70-32680c972d02@group-62509A8A5C15: changes role from  FOLLOWER to FOLLOWER at term 91 for recognizeCandidate:d2424f4d-20d2-4104-abcc-02e6288f3ffc
2019-10-17 21:15:39,957 [grpc-default-executor-2] INFO  impl.RoleInfo (RoleInfo.java:shutdownFollowerState(121)) - 3909bd6a-278d-4911-9d70-32680c972d02: shutdown FollowerState
2019-10-17 21:15:39,957 [grpc-default-executor-4] INFO  impl.RaftServerImpl (RaftServerImpl.java:setRole(184)) - 7c510082-4284-44ef-8cd9-bb38fb15579f@group-62509A8A5C15: changes role from  FOLLOWER to FOLLOWER at term 91 for recognizeCandidate:d2424f4d-20d2-4104-abcc-02e6288f3ffc
2019-10-17 21:15:39,958 [grpc-default-executor-2] INFO  impl.RoleInfo (RoleInfo.java:updateAndGet(143)) - 3909bd6a-278d-4911-9d70-32680c972d02: start FollowerState
2019-10-17 21:15:39,958 [grpc-default-executor-4] INFO  impl.RoleInfo (RoleInfo.java:shutdownFollowerState(121)) - 7c510082-4284-44ef-8cd9-bb38fb15579f: shutdown FollowerState
2019-10-17 21:15:39,958 [Thread-792] INFO  impl.FollowerState (FollowerState.java:run(117)) - 3909bd6a-278d-4911-9d70-32680c972d02@group-62509A8A5C15-FollowerState was interrupted: java.lang.InterruptedException: sleep interrupted
2019-10-17 21:15:39,958 [grpc-default-executor-4] INFO  impl.RoleInfo (RoleInfo.java:updateAndGet(143)) - 7c510082-4284-44ef-8cd9-bb38fb15579f: start FollowerState
2019-10-17 21:15:39,958 [Thread-793] INFO  impl.FollowerState (FollowerState.java:run(117)) - 7c510082-4284-44ef-8cd9-bb38fb15579f@group-62509A8A5C15-FollowerState was interrupted: java.lang.InterruptedException: sleep interrupted
2019-10-17 21:15:39,974 [d2424f4d-20d2-4104-abcc-02e6288f3ffc@group-62509A8A5C15-LeaderElection87] INFO  impl.LeaderElection (LeaderElection.java:logAndReturn(56)) - d2424f4d-20d2-4104-abcc-02e6288f3ffc@group-62509A8A5C15-LeaderElection87: Election REJECTED; received 2 response(s) [d2424f4d-20d2-4104-abcc-02e6288f3ffc<-3909bd6a-278d-4911-9d70-32680c972d02#0:FAIL-t91, d2424f4d-20d2-4104-abcc-02e6288f3ffc<-7c510082-4284-44ef-8cd9-bb38fb15579f#0:FAIL-t91] and 0 exception(s); d2424f4d-20d2-4104-abcc-02e6288f3ffc@group-62509A8A5C15:t91, leader=null, voted=d2424f4d-20d2-4104-abcc-02e6288f3ffc, raftlog=d2424f4d-20d2-4104-abcc-02e6288f3ffc@group-62509A8A5C15-SegmentedRaftLog:OPENED:c-1,f-1,i0, conf=-1: [3909bd6a-278d-4911-9d70-32680c972d02:192.168.157.223:33343, d2424f4d-20d2-4104-abcc-02e6288f3ffc:192.168.157.223:39352, 7c510082-4284-44ef-8cd9-bb38fb15579f:192.168.157.223:33098], old=null
2019-10-17 21:15:39,974 [d2424f4d-20d2-4104-abcc-02e6288f3ffc@group-62509A8A5C15-LeaderElection87] INFO  impl.RaftServerImpl (RaftServerImpl.java:setRole(184)) - d2424f4d-20d2-4104-abcc-02e6288f3ffc@group-62509A8A5C15: changes role from CANDIDATE to FOLLOWER at term 91 for DISCOVERED_A_NEW_TERM
2019-10-17 21:15:39,974 [d2424f4d-20d2-4104-abcc-02e6288f3ffc@group-62509A8A5C15-LeaderElection87] INFO  impl.RoleInfo (RoleInfo.java:shutdownLeaderElection(134)) - d2424f4d-20d2-4104-abcc-02e6288f3ffc: shutdown LeaderElection
2019-10-17 21:15:39,974 [d2424f4d-20d2-4104-abcc-02e6288f3ffc@group-62509A8A5C15-LeaderElection87] INFO  impl.RoleInfo (RoleInfo.java:updateAndGet(143)) - d2424f4d-20d2-4104-abcc-02e6288f3ffc: start FollowerState
2019-10-17 21:15:39,997 [Thread-798] INFO  impl.FollowerState (FollowerState.java:run(108)) - d2424f4d-20d2-4104-abcc-02e6288f3ffc@group-62509A8A5C15-FollowerState: change to CANDIDATE, lastRpcTime:23ms, electionTimeout:23ms
2019-10-17 21:15:39,997 [Thread-798] INFO  impl.RoleInfo (RoleInfo.java:shutdownFollowerState(121)) - d2424f4d-20d2-4104-abcc-02e6288f3ffc: shutdown FollowerState
2019-10-17 21:15:39,998 [Thread-798] INFO  impl.RaftServerImpl (RaftServerImpl.java:setRole(184)) - d2424f4d-20d2-4104-abcc-02e6288f3ffc@group-62509A8A5C15: changes role from  FOLLOWER to CANDIDATE at term 91 for changeToCandidate
2019-10-17 21:15:39,998 [Thread-798] INFO  impl.RoleInfo (RoleInfo.java:updateAndGet(143)) - d2424f4d-20d2-4104-abcc-02e6288f3ffc: start LeaderElection
2019-10-17 21:15:40,011 [d2424f4d-20d2-4104-abcc-02e6288f3ffc@group-62509A8A5C15-LeaderElection88] INFO  impl.LeaderElection (LeaderElection.java:askForVotes(178)) - d2424f4d-20d2-4104-abcc-02e6288f3ffc@group-62509A8A5C15-LeaderElection88: begin an election at term 92 for -1: [3909bd6a-278d-4911-9d70-32680c972d02:192.168.157.223:33343, d2424f4d-20d2-4104-abcc-02e6288f3ffc:192.168.157.223:39352, 7c510082-4284-44ef-8cd9-bb38fb15579f:192.168.157.223:33098], old=null
2019-10-17 21:15:40,013 [grpc-default-executor-4] INFO  impl.RaftServerImpl (RaftServerImpl.java:setRole(184)) - 3909bd6a-278d-4911-9d70-32680c972d02@group-62509A8A5C15: changes role from  FOLLOWER to FOLLOWER at term 92 for recognizeCandidate:d2424f4d-20d2-4104-abcc-02e6288f3ffc
2019-10-17 21:15:40,014 [grpc-default-executor-4] INFO  impl.RoleInfo (RoleInfo.java:shutdownFollowerState(121)) - 3909bd6a-278d-4911-9d70-32680c972d02: shutdown FollowerState
2019-10-17 21:15:40,014 [grpc-default-executor-2] INFO  impl.RaftServerImpl (RaftServerImpl.java:setRole(184)) - 7c510082-4284-44ef-8cd9-bb38fb15579f@group-62509A8A5C15: changes role from  FOLLOWER to FOLLOWER at term 92 for recognizeCandidate:d2424f4d-20d2-4104-abcc-02e6288f3ffc
2019-10-17 21:15:40,014 [Thread-796] INFO  impl.FollowerState (FollowerState.java:run(117)) - 3909bd6a-278d-4911-9d70-32680c972d02@group-62509A8A5C15-FollowerState was interrupted: java.lang.InterruptedException: sleep interrupted
2019-10-17 21:15:40,014 [grpc-default-executor-4] INFO  impl.RoleInfo (RoleInfo.java:updateAndGet(143)) - 3909bd6a-278d-4911-9d70-32680c972d02: start FollowerState
2019-10-17 21:15:40,014 [grpc-default-executor-2] INFO  impl.RoleInfo (RoleInfo.java:shutdownFollowerState(121)) - 7c510082-4284-44ef-8cd9-bb38fb15579f: shutdown FollowerState
2019-10-17 21:15:40,014 [grpc-default-executor-2] INFO  impl.RoleInfo (RoleInfo.java:updateAndGet(143)) - 7c510082-4284-44ef-8cd9-bb38fb15579f: start FollowerState
2019-10-17 21:15:40,014 [Thread-797] INFO  impl.FollowerState (FollowerState.java:run(117)) - 7c510082-4284-44ef-8cd9-bb38fb15579f@group-62509A8A5C15-FollowerState was interrupted: java.lang.InterruptedException: sleep interrupted
2019-10-17 21:15:40,041 [d2424f4d-20d2-4104-abcc-02e6288f3ffc@group-62509A8A5C15-LeaderElection88] INFO  impl.LeaderElection (LeaderElection.java:logAndReturn(56)) - d2424f4d-20d2-4104-abcc-02e6288f3ffc@group-62509A8A5C15-LeaderElection88: Election REJECTED; received 2 response(s) [d2424f4d-20d2-4104-abcc-02e6288f3ffc<-3909bd6a-278d-4911-9d70-32680c972d02#0:FAIL-t92, d2424f4d-20d2-4104-abcc-02e6288f3ffc<-7c510082-4284-44ef-8cd9-bb38fb15579f#0:FAIL-t92] and 0 exception(s); d2424f4d-20d2-4104-abcc-02e6288f3ffc@group-62509A8A5C15:t92, leader=null, voted=d2424f4d-20d2-4104-abcc-02e6288f3ffc, raftlog=d2424f4d-20d2-4104-abcc-02e6288f3ffc@group-62509A8A5C15-SegmentedRaftLog:OPENED:c-1,f-1,i0, conf=-1: [3909bd6a-278d-4911-9d70-32680c972d02:192.168.157.223:33343, d2424f4d-20d2-4104-abcc-02e6288f3ffc:192.168.157.223:39352, 7c510082-4284-44ef-8cd9-bb38fb15579f:192.168.157.223:33098], old=null
2019-10-17 21:15:40,041 [d2424f4d-20d2-4104-abcc-02e6288f3ffc@group-62509A8A5C15-LeaderElection88] INFO  impl.RaftServerImpl (RaftServerImpl.java:setRole(184)) - d2424f4d-20d2-4104-abcc-02e6288f3ffc@group-62509A8A5C15: changes role from CANDIDATE to FOLLOWER at term 92 for DISCOVERED_A_NEW_TERM
2019-10-17 21:15:40,041 [d2424f4d-20d2-4104-abcc-02e6288f3ffc@group-62509A8A5C15-LeaderElection88] INFO  impl.RoleInfo (RoleInfo.java:shutdownLeaderElection(134)) - d2424f4d-20d2-4104-abcc-02e6288f3ffc: shutdown LeaderElection
2019-10-17 21:15:40,041 [d2424f4d-20d2-4104-abcc-02e6288f3ffc@group-62509A8A5C15-LeaderElection88] INFO  impl.RoleInfo (RoleInfo.java:updateAndGet(143)) - d2424f4d-20d2-4104-abcc-02e6288f3ffc: start FollowerState
2019-10-17 21:15:40,162 [Thread-804] INFO  impl.FollowerState (FollowerState.java:run(108)) - d2424f4d-20d2-4104-abcc-02e6288f3ffc@group-62509A8A5C15-FollowerState: change to CANDIDATE, lastRpcTime:120ms, electionTimeout:120ms
2019-10-17 21:15:40,162 [Thread-804] INFO  impl.RoleInfo (RoleInfo.java:shutdownFollowerState(121)) - d2424f4d-20d2-4104-abcc-02e6288f3ffc: shutdown FollowerState
2019-10-17 21:15:40,162 [Thread-804] INFO  impl.RaftServerImpl (RaftServerImpl.java:setRole(184)) - d2424f4d-20d2-4104-abcc-02e6288f3ffc@group-62509A8A5C15: changes role from  FOLLOWER to CANDIDATE at term 92 for changeToCandidate
2019-10-17 21:15:40,162 [Thread-804] INFO  impl.RoleInfo (RoleInfo.java:updateAndGet(143)) - d2424f4d-20d2-4104-abcc-02e6288f3ffc: start LeaderElection
2019-10-17 21:15:40,177 [d2424f4d-20d2-4104-abcc-02e6288f3ffc@group-62509A8A5C15-LeaderElection89] INFO  impl.LeaderElection (LeaderElection.java:askForVotes(178)) - d2424f4d-20d2-4104-abcc-02e6288f3ffc@group-62509A8A5C15-LeaderElection89: begin an election at term 93 for -1: [3909bd6a-278d-4911-9d70-32680c972d02:192.168.157.223:33343, d2424f4d-20d2-4104-abcc-02e6288f3ffc:192.168.157.223:39352, 7c510082-4284-44ef-8cd9-bb38fb15579f:192.168.157.223:33098], old=null
2019-10-17 21:15:40,179 [grpc-default-executor-2] INFO  impl.RaftServerImpl (RaftServerImpl.java:setRole(184)) - 3909bd6a-278d-4911-9d70-32680c972d02@group-62509A8A5C15: changes role from  FOLLOWER to FOLLOWER at term 93 for recognizeCandidate:d2424f4d-20d2-4104-abcc-02e6288f3ffc
2019-10-17 21:15:40,179 [grpc-default-executor-2] INFO  impl.RoleInfo (RoleInfo.java:shutdownFollowerState(121)) - 3909bd6a-278d-4911-9d70-32680c972d02: shutdown FollowerState
2019-10-17 21:15:40,180 [grpc-default-executor-2] INFO  impl.RoleInfo (RoleInfo.java:updateAndGet(143)) - 3909bd6a-278d-4911-9d70-32680c972d02: start FollowerState
2019-10-17 21:15:40,180 [Thread-802] INFO  impl.FollowerState (FollowerState.java:run(117)) - 3909bd6a-278d-4911-9d70-32680c972d02@group-62509A8A5C15-FollowerState was interrupted: java.lang.InterruptedException: sleep interrupted
2019-10-17 21:15:40,180 [grpc-default-executor-4] INFO  impl.RaftServerImpl (RaftServerImpl.java:setRole(184)) - 7c510082-4284-44ef-8cd9-bb38fb15579f@group-62509A8A5C15: changes role from  FOLLOWER to FOLLOWER at term 93 for recognizeCandidate:d2424f4d-20d2-4104-abcc-02e6288f3ffc
2019-10-17 21:15:40,180 [grpc-default-executor-4] INFO  impl.RoleInfo (RoleInfo.java:shutdownFollowerState(121)) - 7c510082-4284-44ef-8cd9-bb38fb15579f: shutdown FollowerState
2019-10-17 21:15:40,180 [grpc-default-executor-4] INFO  impl.RoleInfo (RoleInfo.java:updateAndGet(143)) - 7c510082-4284-44ef-8cd9-bb38fb15579f: start FollowerState
2019-10-17 21:15:40,180 [Thread-803] INFO  impl.FollowerState (FollowerState.java:run(117)) - 7c510082-4284-44ef-8cd9-bb38fb15579f@group-62509A8A5C15-FollowerState was interrupted: java.lang.InterruptedException: sleep interrupted
2019-10-17 21:15:40,196 [d2424f4d-20d2-4104-abcc-02e6288f3ffc@group-62509A8A5C15-LeaderElection89] INFO  impl.LeaderElection (LeaderElection.java:logAndReturn(56)) - d2424f4d-20d2-4104-abcc-02e6288f3ffc@group-62509A8A5C15-LeaderElection89: Election REJECTED; received 2 response(s) [d2424f4d-20d2-4104-abcc-02e6288f3ffc<-3909bd6a-278d-4911-9d70-32680c972d02#0:FAIL-t93, d2424f4d-20d2-4104-abcc-02e6288f3ffc<-7c510082-4284-44ef-8cd9-bb38fb15579f#0:FAIL-t93] and 0 exception(s); d2424f4d-20d2-4104-abcc-02e6288f3ffc@group-62509A8A5C15:t93, leader=null, voted=d2424f4d-20d2-4104-abcc-02e6288f3ffc, raftlog=d2424f4d-20d2-4104-abcc-02e6288f3ffc@group-62509A8A5C15-SegmentedRaftLog:OPENED:c-1,f-1,i0, conf=-1: [3909bd6a-278d-4911-9d70-32680c972d02:192.168.157.223:33343, d2424f4d-20d2-4104-abcc-02e6288f3ffc:192.168.157.223:39352, 7c510082-4284-44ef-8cd9-bb38fb15579f:192.168.157.223:33098], old=null
2019-10-17 21:15:40,197 [d2424f4d-20d2-4104-abcc-02e6288f3ffc@group-62509A8A5C15-LeaderElection89] INFO  impl.RaftServerImpl (RaftServerImpl.java:setRole(184)) - d2424f4d-20d2-4104-abcc-02e6288f3ffc@group-62509A8A5C15: changes role from CANDIDATE to FOLLOWER at term 93 for DISCOVERED_A_NEW_TERM
2019-10-17 21:15:40,197 [d2424f4d-20d2-4104-abcc-02e6288f3ffc@group-62509A8A5C15-LeaderElection89] INFO  impl.RoleInfo (RoleInfo.java:shutdownLeaderElection(134)) - d2424f4d-20d2-4104-abcc-02e6288f3ffc: shutdown LeaderElection
2019-10-17 21:15:40,197 [d2424f4d-20d2-4104-abcc-02e6288f3ffc@group-62509A8A5C15-LeaderElection89] INFO  impl.RoleInfo (RoleInfo.java:updateAndGet(143)) - d2424f4d-20d2-4104-abcc-02e6288f3ffc: start FollowerState
2019-10-17 21:15:40,366 [Thread-810] INFO  impl.FollowerState (FollowerState.java:run(108)) - d2424f4d-20d2-4104-abcc-02e6288f3ffc@group-62509A8A5C15-FollowerState: change to CANDIDATE, lastRpcTime:169ms, electionTimeout:169ms
2019-10-17 21:15:40,367 [Thread-810] INFO  impl.RoleInfo (RoleInfo.java:shutdownFollowerState(121)) - d2424f4d-20d2-4104-abcc-02e6288f3ffc: shutdown FollowerState
2019-10-17 21:15:40,367 [Thread-810] INFO  impl.RaftServerImpl (RaftServerImpl.java:setRole(184)) - d2424f4d-20d2-4104-abcc-02e6288f3ffc@group-62509A8A5C15: changes role from  FOLLOWER to CANDIDATE at term 93 for changeToCandidate
2019-10-17 21:15:40,367 [Thread-810] INFO  impl.RoleInfo (RoleInfo.java:updateAndGet(143)) - d2424f4d-20d2-4104-abcc-02e6288f3ffc: start LeaderElection
2019-10-17 21:15:40,392 [d2424f4d-20d2-4104-abcc-02e6288f3ffc@group-62509A8A5C15-LeaderElection90] INFO  impl.LeaderElection (LeaderElection.java:askForVotes(178)) - d2424f4d-20d2-4104-abcc-02e6288f3ffc@group-62509A8A5C15-LeaderElection90: begin an election at term 94 for -1: [3909bd6a-278d-4911-9d70-32680c972d02:192.168.157.223:33343, d2424f4d-20d2-4104-abcc-02e6288f3ffc:192.168.157.223:39352, 7c510082-4284-44ef-8cd9-bb38fb15579f:192.168.157.223:33098], old=null
2019-10-17 21:15:40,395 [grpc-default-executor-2] INFO  impl.RaftServerImpl (RaftServerImpl.java:setRole(184)) - 3909bd6a-278d-4911-9d70-32680c972d02@group-62509A8A5C15: changes role from  FOLLOWER to FOLLOWER at term 94 for recognizeCandidate:d2424f4d-20d2-4104-abcc-02e6288f3ffc
2019-10-17 21:15:40,395 [grpc-default-executor-4] INFO  impl.RaftServerImpl (RaftServerImpl.java:setRole(184)) - 7c510082-4284-44ef-8cd9-bb38fb15579f@group-62509A8A5C15: changes role from  FOLLOWER to FOLLOWER at term 94 for recognizeCandidate:d2424f4d-20d2-4104-abcc-02e6288f3ffc
2019-10-17 21:15:40,395 [grpc-default-executor-2] INFO  impl.RoleInfo (RoleInfo.java:shutdownFollowerState(121)) - 3909bd6a-278d-4911-9d70-32680c972d02: shutdown FollowerState
2019-10-17 21:15:40,395 [grpc-default-executor-4] INFO  impl.RoleInfo (RoleInfo.java:shutdownFollowerState(121)) - 7c510082-4284-44ef-8cd9-bb38fb15579f: shutdown FollowerState
2019-10-17 21:15:40,396 [Thread-808] INFO  impl.FollowerState (FollowerState.java:run(117)) - 3909bd6a-278d-4911-9d70-32680c972d02@group-62509A8A5C15-FollowerState was interrupted: java.lang.InterruptedException: sleep interrupted
2019-10-17 21:15:40,395 [grpc-default-executor-2] INFO  impl.RoleInfo (RoleInfo.java:updateAndGet(143)) - 3909bd6a-278d-4911-9d70-32680c972d02: start FollowerState
2019-10-17 21:15:40,396 [Thread-809] INFO  impl.FollowerState (FollowerState.java:run(117)) - 7c510082-4284-44ef-8cd9-bb38fb15579f@group-62509A8A5C15-FollowerState was interrupted: java.lang.InterruptedException: sleep interrupted
2019-10-17 21:15:40,396 [grpc-default-executor-4] INFO  impl.RoleInfo (RoleInfo.java:updateAndGet(143)) - 7c510082-4284-44ef-8cd9-bb38fb15579f: start FollowerState
2019-10-17 21:15:40,411 [d2424f4d-20d2-4104-abcc-02e6288f3ffc@group-62509A8A5C15-LeaderElection90] INFO  impl.LeaderElection (LeaderElection.java:logAndReturn(56)) - d2424f4d-20d2-4104-abcc-02e6288f3ffc@group-62509A8A5C15-LeaderElection90: Election REJECTED; received 2 response(s) [d2424f4d-20d2-4104-abcc-02e6288f3ffc<-3909bd6a-278d-4911-9d70-32680c972d02#0:FAIL-t94, d2424f4d-20d2-4104-abcc-02e6288f3ffc<-7c510082-4284-44ef-8cd9-bb38fb15579f#0:FAIL-t94] and 0 exception(s); d2424f4d-20d2-4104-abcc-02e6288f3ffc@group-62509A8A5C15:t94, leader=null, voted=d2424f4d-20d2-4104-abcc-02e6288f3ffc, raftlog=d2424f4d-20d2-4104-abcc-02e6288f3ffc@group-62509A8A5C15-SegmentedRaftLog:OPENED:c-1,f-1,i0, conf=-1: [3909bd6a-278d-4911-9d70-32680c972d02:192.168.157.223:33343, d2424f4d-20d2-4104-abcc-02e6288f3ffc:192.168.157.223:39352, 7c510082-4284-44ef-8cd9-bb38fb15579f:192.168.157.223:33098], old=null
2019-10-17 21:15:40,411 [d2424f4d-20d2-4104-abcc-02e6288f3ffc@group-62509A8A5C15-LeaderElection90] INFO  impl.RaftServerImpl (RaftServerImpl.java:setRole(184)) - d2424f4d-20d2-4104-abcc-02e6288f3ffc@group-62509A8A5C15: changes role from CANDIDATE to FOLLOWER at term 94 for DISCOVERED_A_NEW_TERM
2019-10-17 21:15:40,411 [d2424f4d-20d2-4104-abcc-02e6288f3ffc@group-62509A8A5C15-LeaderElection90] INFO  impl.RoleInfo (RoleInfo.java:shutdownLeaderElection(134)) - d2424f4d-20d2-4104-abcc-02e6288f3ffc: shutdown LeaderElection
2019-10-17 21:15:40,411 [d2424f4d-20d2-4104-abcc-02e6288f3ffc@group-62509A8A5C15-LeaderElection90] INFO  impl.RoleInfo (RoleInfo.java:updateAndGet(143)) - d2424f4d-20d2-4104-abcc-02e6288f3ffc: start FollowerState
2019-10-17 21:15:40,491 [Thread-816] INFO  impl.FollowerState (FollowerState.java:run(108)) - d2424f4d-20d2-4104-abcc-02e6288f3ffc@group-62509A8A5C15-FollowerState: change to CANDIDATE, lastRpcTime:79ms, electionTimeout:79ms
2019-10-17 21:15:40,491 [Thread-816] INFO  impl.RoleInfo (RoleInfo.java:shutdownFollowerState(121)) - d2424f4d-20d2-4104-abcc-02e6288f3ffc: shutdown FollowerState
2019-10-17 21:15:40,491 [Thread-816] INFO  impl.RaftServerImpl (RaftServerImpl.java:setRole(184)) - d2424f4d-20d2-4104-abcc-02e6288f3ffc@group-62509A8A5C15: changes role from  FOLLOWER to CANDIDATE at term 94 for changeToCandidate
2019-10-17 21:15:40,491 [Thread-816] INFO  impl.RoleInfo (RoleInfo.java:updateAndGet(143)) - d2424f4d-20d2-4104-abcc-02e6288f3ffc: start LeaderElection
2019-10-17 21:15:40,506 [d2424f4d-20d2-4104-abcc-02e6288f3ffc@group-62509A8A5C15-LeaderElection91] INFO  impl.LeaderElection (LeaderElection.java:askForVotes(178)) - d2424f4d-20d2-4104-abcc-02e6288f3ffc@group-62509A8A5C15-LeaderElection91: begin an election at term 95 for -1: [3909bd6a-278d-4911-9d70-32680c972d02:192.168.157.223:33343, d2424f4d-20d2-4104-abcc-02e6288f3ffc:192.168.157.223:39352, 7c510082-4284-44ef-8cd9-bb38fb15579f:192.168.157.223:33098], old=null
2019-10-17 21:15:40,509 [grpc-default-executor-4] INFO  impl.RaftServerImpl (RaftServerImpl.java:setRole(184)) - 3909bd6a-278d-4911-9d70-32680c972d02@group-62509A8A5C15: changes role from  FOLLOWER to FOLLOWER at term 95 for recognizeCandidate:d2424f4d-20d2-4104-abcc-02e6288f3ffc
2019-10-17 21:15:40,509 [grpc-default-executor-4] INFO  impl.RoleInfo (RoleInfo.java:shutdownFollowerState(121)) - 3909bd6a-278d-4911-9d70-32680c972d02: shutdown FollowerState
2019-10-17 21:15:40,509 [grpc-default-executor-2] INFO  impl.RaftServerImpl (RaftServerImpl.java:setRole(184)) - 7c510082-4284-44ef-8cd9-bb38fb15579f@group-62509A8A5C15: changes role from  FOLLOWER to FOLLOWER at term 95 for recognizeCandidate:d2424f4d-20d2-4104-abcc-02e6288f3ffc
2019-10-17 21:15:40,510 [Thread-814] INFO  impl.FollowerState (FollowerState.java:run(117)) - 3909bd6a-278d-4911-9d70-32680c972d02@group-62509A8A5C15-FollowerState was interrupted: java.lang.InterruptedException: sleep interrupted
2019-10-17 21:15:40,509 [grpc-default-executor-4] INFO  impl.RoleInfo (RoleInfo.java:updateAndGet(143)) - 3909bd6a-278d-4911-9d70-32680c972d02: start FollowerState
2019-10-17 21:15:40,510 [grpc-default-executor-2] INFO  impl.RoleInfo (RoleInfo.java:shutdownFollowerState(121)) - 7c510082-4284-44ef-8cd9-bb38fb15579f: shutdown FollowerState
2019-10-17 21:15:40,510 [grpc-default-executor-2] INFO  impl.RoleInfo (RoleInfo.java:updateAndGet(143)) - 7c510082-4284-44ef-8cd9-bb38fb15579f: start FollowerState
2019-10-17 21:15:40,510 [Thread-815] INFO  impl.FollowerState (FollowerState.java:run(117)) - 7c510082-4284-44ef-8cd9-bb38fb15579f@group-62509A8A5C15-FollowerState was interrupted: java.lang.InterruptedException: sleep interrupted
2019-10-17 21:15:40,526 [d2424f4d-20d2-4104-abcc-02e6288f3ffc@group-62509A8A5C15-LeaderElection91] INFO  impl.LeaderElection (LeaderElection.java:logAndReturn(56)) - d2424f4d-20d2-4104-abcc-02e6288f3ffc@group-62509A8A5C15-LeaderElection91: Election REJECTED; received 2 response(s) [d2424f4d-20d2-4104-abcc-02e6288f3ffc<-3909bd6a-278d-4911-9d70-32680c972d02#0:FAIL-t95, d2424f4d-20d2-4104-abcc-02e6288f3ffc<-7c510082-4284-44ef-8cd9-bb38fb15579f#0:FAIL-t95] and 0 exception(s); d2424f4d-20d2-4104-abcc-02e6288f3ffc@group-62509A8A5C15:t95, leader=null, voted=d2424f4d-20d2-4104-abcc-02e6288f3ffc, raftlog=d2424f4d-20d2-4104-abcc-02e6288f3ffc@group-62509A8A5C15-SegmentedRaftLog:OPENED:c-1,f-1,i0, conf=-1: [3909bd6a-278d-4911-9d70-32680c972d02:192.168.157.223:33343, d2424f4d-20d2-4104-abcc-02e6288f3ffc:192.168.157.223:39352, 7c510082-4284-44ef-8cd9-bb38fb15579f:192.168.157.223:33098], old=null
2019-10-17 21:15:40,527 [d2424f4d-20d2-4104-abcc-02e6288f3ffc@group-62509A8A5C15-LeaderElection91] INFO  impl.RaftServerImpl (RaftServerImpl.java:setRole(184)) - d2424f4d-20d2-4104-abcc-02e6288f3ffc@group-62509A8A5C15: changes role from CANDIDATE to FOLLOWER at term 95 for DISCOVERED_A_NEW_TERM
2019-10-17 21:15:40,527 [d2424f4d-20d2-4104-abcc-02e6288f3ffc@group-62509A8A5C15-LeaderElection91] INFO  impl.RoleInfo (RoleInfo.java:shutdownLeaderElection(134)) - d2424f4d-20d2-4104-abcc-02e6288f3ffc: shutdown LeaderElection
2019-10-17 21:15:40,527 [d2424f4d-20d2-4104-abcc-02e6288f3ffc@group-62509A8A5C15-LeaderElection91] INFO  impl.RoleInfo (RoleInfo.java:updateAndGet(143)) - d2424f4d-20d2-4104-abcc-02e6288f3ffc: start FollowerState
2019-10-17 21:15:40,539 [Thread-822] INFO  impl.FollowerState (FollowerState.java:run(108)) - d2424f4d-20d2-4104-abcc-02e6288f3ffc@group-62509A8A5C15-FollowerState: change to CANDIDATE, lastRpcTime:12ms, electionTimeout:12ms
2019-10-17 21:15:40,539 [Thread-822] INFO  impl.RoleInfo (RoleInfo.java:shutdownFollowerState(121)) - d2424f4d-20d2-4104-abcc-02e6288f3ffc: shutdown FollowerState
2019-10-17 21:15:40,540 [Thread-822] INFO  impl.RaftServerImpl (RaftServerImpl.java:setRole(184)) - d2424f4d-20d2-4104-abcc-02e6288f3ffc@group-62509A8A5C15: changes role from  FOLLOWER to CANDIDATE at term 95 for changeToCandidate
2019-10-17 21:15:40,540 [Thread-822] INFO  impl.RoleInfo (RoleInfo.java:updateAndGet(143)) - d2424f4d-20d2-4104-abcc-02e6288f3ffc: start LeaderElection
2019-10-17 21:15:40,577 [d2424f4d-20d2-4104-abcc-02e6288f3ffc@group-62509A8A5C15-LeaderElection92] INFO  impl.LeaderElection (LeaderElection.java:askForVotes(178)) - d2424f4d-20d2-4104-abcc-02e6288f3ffc@group-62509A8A5C15-LeaderElection92: begin an election at term 96 for -1: [3909bd6a-278d-4911-9d70-32680c972d02:192.168.157.223:33343, d2424f4d-20d2-4104-abcc-02e6288f3ffc:192.168.157.223:39352, 7c510082-4284-44ef-8cd9-bb38fb15579f:192.168.157.223:33098], old=null
2019-10-17 21:15:40,580 [grpc-default-executor-4] INFO  impl.RaftServerImpl (RaftServerImpl.java:setRole(184)) - 7c510082-4284-44ef-8cd9-bb38fb15579f@group-62509A8A5C15: changes role from  FOLLOWER to FOLLOWER at term 96 for recognizeCandidate:d2424f4d-20d2-4104-abcc-02e6288f3ffc
2019-10-17 21:15:40,580 [grpc-default-executor-4] INFO  impl.RoleInfo (RoleInfo.java:shutdownFollowerState(121)) - 7c510082-4284-44ef-8cd9-bb38fb15579f: shutdown FollowerState
2019-10-17 21:15:40,580 [grpc-default-executor-4] INFO  impl.RoleInfo (RoleInfo.java:updateAndGet(143)) - 7c510082-4284-44ef-8cd9-bb38fb15579f: start FollowerState
2019-10-17 21:15:40,580 [Thread-821] INFO  impl.FollowerState (FollowerState.java:run(117)) - 7c510082-4284-44ef-8cd9-bb38fb15579f@group-62509A8A5C15-FollowerState was interrupted: java.lang.InterruptedException: sleep interrupted
2019-10-17 21:15:40,581 [grpc-default-executor-2] INFO  impl.RaftServerImpl (RaftServerImpl.java:setRole(184)) - 3909bd6a-278d-4911-9d70-32680c972d02@group-62509A8A5C15: changes role from  FOLLOWER to FOLLOWER at term 96 for recognizeCandidate:d2424f4d-20d2-4104-abcc-02e6288f3ffc
2019-10-17 21:15:40,581 [grpc-default-executor-2] INFO  impl.RoleInfo (RoleInfo.java:shutdownFollowerState(121)) - 3909bd6a-278d-4911-9d70-32680c972d02: shutdown FollowerState
2019-10-17 21:15:40,581 [grpc-default-executor-2] INFO  impl.RoleInfo (RoleInfo.java:updateAndGet(143)) - 3909bd6a-278d-4911-9d70-32680c972d02: start FollowerState
2019-10-17 21:15:40,581 [Thread-820] INFO  impl.FollowerState (FollowerState.java:run(117)) - 3909bd6a-278d-4911-9d70-32680c972d02@group-62509A8A5C15-FollowerState was interrupted: java.lang.InterruptedException: sleep interrupted
2019-10-17 21:15:40,597 [d2424f4d-20d2-4104-abcc-02e6288f3ffc@group-62509A8A5C15-LeaderElection92] INFO  impl.LeaderElection (LeaderElection.java:logAndReturn(56)) - d2424f4d-20d2-4104-abcc-02e6288f3ffc@group-62509A8A5C15-LeaderElection92: Election REJECTED; received 2 response(s) [d2424f4d-20d2-4104-abcc-02e6288f3ffc<-3909bd6a-278d-4911-9d70-32680c972d02#0:FAIL-t96, d2424f4d-20d2-4104-abcc-02e6288f3ffc<-7c510082-4284-44ef-8cd9-bb38fb15579f#0:FAIL-t96] and 0 exception(s); d2424f4d-20d2-4104-abcc-02e6288f3ffc@group-62509A8A5C15:t96, leader=null, voted=d2424f4d-20d2-4104-abcc-02e6288f3ffc, raftlog=d2424f4d-20d2-4104-abcc-02e6288f3ffc@group-62509A8A5C15-SegmentedRaftLog:OPENED:c-1,f-1,i0, conf=-1: [3909bd6a-278d-4911-9d70-32680c972d02:192.168.157.223:33343, d2424f4d-20d2-4104-abcc-02e6288f3ffc:192.168.157.223:39352, 7c510082-4284-44ef-8cd9-bb38fb15579f:192.168.157.223:33098], old=null
2019-10-17 21:15:40,597 [d2424f4d-20d2-4104-abcc-02e6288f3ffc@group-62509A8A5C15-LeaderElection92] INFO  impl.RaftServerImpl (RaftServerImpl.java:setRole(184)) - d2424f4d-20d2-4104-abcc-02e6288f3ffc@group-62509A8A5C15: changes role from CANDIDATE to FOLLOWER at term 96 for DISCOVERED_A_NEW_TERM
2019-10-17 21:15:40,597 [d2424f4d-20d2-4104-abcc-02e6288f3ffc@group-62509A8A5C15-LeaderElection92] INFO  impl.RoleInfo (RoleInfo.java:shutdownLeaderElection(134)) - d2424f4d-20d2-4104-abcc-02e6288f3ffc: shutdown LeaderElection
2019-10-17 21:15:40,598 [d2424f4d-20d2-4104-abcc-02e6288f3ffc@group-62509A8A5C15-LeaderElection92] INFO  impl.RoleInfo (RoleInfo.java:updateAndGet(143)) - d2424f4d-20d2-4104-abcc-02e6288f3ffc: start FollowerState
2019-10-17 21:15:40,658 [Thread-828] INFO  impl.FollowerState (FollowerState.java:run(108)) - d2424f4d-20d2-4104-abcc-02e6288f3ffc@group-62509A8A5C15-FollowerState: change to CANDIDATE, lastRpcTime:60ms, electionTimeout:60ms
2019-10-17 21:15:40,658 [Thread-828] INFO  impl.RoleInfo (RoleInfo.java:shutdownFollowerState(121)) - d2424f4d-20d2-4104-abcc-02e6288f3ffc: shutdown FollowerState
2019-10-17 21:15:40,658 [Thread-828] INFO  impl.RaftServerImpl (RaftServerImpl.java:setRole(184)) - d2424f4d-20d2-4104-abcc-02e6288f3ffc@group-62509A8A5C15: changes role from  FOLLOWER to CANDIDATE at term 96 for changeToCandidate
2019-10-17 21:15:40,659 [Thread-828] INFO  impl.RoleInfo (RoleInfo.java:updateAndGet(143)) - d2424f4d-20d2-4104-abcc-02e6288f3ffc: start LeaderElection
2019-10-17 21:15:40,684 [d2424f4d-20d2-4104-abcc-02e6288f3ffc@group-62509A8A5C15-LeaderElection93] INFO  impl.LeaderElection (LeaderElection.java:askForVotes(178)) - d2424f4d-20d2-4104-abcc-02e6288f3ffc@group-62509A8A5C15-LeaderElection93: begin an election at term 97 for -1: [3909bd6a-278d-4911-9d70-32680c972d02:192.168.157.223:33343, d2424f4d-20d2-4104-abcc-02e6288f3ffc:192.168.157.223:39352, 7c510082-4284-44ef-8cd9-bb38fb15579f:192.168.157.223:33098], old=null
2019-10-17 21:15:40,687 [grpc-default-executor-4] INFO  impl.RaftServerImpl (RaftServerImpl.java:setRole(184)) - 3909bd6a-278d-4911-9d70-32680c972d02@group-62509A8A5C15: changes role from  FOLLOWER to FOLLOWER at term 97 for recognizeCandidate:d2424f4d-20d2-4104-abcc-02e6288f3ffc
2019-10-17 21:15:40,687 [grpc-default-executor-2] INFO  impl.RaftServerImpl (RaftServerImpl.java:setRole(184)) - 7c510082-4284-44ef-8cd9-bb38fb15579f@group-62509A8A5C15: changes role from  FOLLOWER to FOLLOWER at term 97 for recognizeCandidate:d2424f4d-20d2-4104-abcc-02e6288f3ffc
2019-10-17 21:15:40,687 [grpc-default-executor-4] INFO  impl.RoleInfo (RoleInfo.java:shutdownFollowerState(121)) - 3909bd6a-278d-4911-9d70-32680c972d02: shutdown FollowerState
2019-10-17 21:15:40,688 [grpc-default-executor-2] INFO  impl.RoleInfo (RoleInfo.java:shutdownFollowerState(121)) - 7c510082-4284-44ef-8cd9-bb38fb15579f: shutdown FollowerState
2019-10-17 21:15:40,688 [Thread-827] INFO  impl.FollowerState (FollowerState.java:run(117)) - 3909bd6a-278d-4911-9d70-32680c972d02@group-62509A8A5C15-FollowerState was interrupted: java.lang.InterruptedException: sleep interrupted
2019-10-17 21:15:40,688 [grpc-default-executor-4] INFO  impl.RoleInfo (RoleInfo.java:updateAndGet(143)) - 3909bd6a-278d-4911-9d70-32680c972d02: start FollowerState
2019-10-17 21:15:40,688 [Thread-826] INFO  impl.FollowerState (FollowerState.java:run(117)) - 7c510082-4284-44ef-8cd9-bb38fb15579f@group-62509A8A5C15-FollowerState was interrupted: java.lang.InterruptedException: sleep interrupted
2019-10-17 21:15:40,688 [grpc-default-executor-2] INFO  impl.RoleInfo (RoleInfo.java:updateAndGet(143)) - 7c510082-4284-44ef-8cd9-bb38fb15579f: start FollowerState
2019-10-17 21:15:40,715 [d2424f4d-20d2-4104-abcc-02e6288f3ffc@group-62509A8A5C15-LeaderElection93] INFO  impl.LeaderElection (LeaderElection.java:logAndReturn(56)) - d2424f4d-20d2-4104-abcc-02e6288f3ffc@group-62509A8A5C15-LeaderElection93: Election REJECTED; received 2 response(s) [d2424f4d-20d2-4104-abcc-02e6288f3ffc<-3909bd6a-278d-4911-9d70-32680c972d02#0:FAIL-t97, d2424f4d-20d2-4104-abcc-02e6288f3ffc<-7c510082-4284-44ef-8cd9-bb38fb15579f#0:FAIL-t97] and 0 exception(s); d2424f4d-20d2-4104-abcc-02e6288f3ffc@group-62509A8A5C15:t97, leader=null, voted=d2424f4d-20d2-4104-abcc-02e6288f3ffc, raftlog=d2424f4d-20d2-4104-abcc-02e6288f3ffc@group-62509A8A5C15-SegmentedRaftLog:OPENED:c-1,f-1,i0, conf=-1: [3909bd6a-278d-4911-9d70-32680c972d02:192.168.157.223:33343, d2424f4d-20d2-4104-abcc-02e6288f3ffc:192.168.157.223:39352, 7c510082-4284-44ef-8cd9-bb38fb15579f:192.168.157.223:33098], old=null
2019-10-17 21:15:40,715 [d2424f4d-20d2-4104-abcc-02e6288f3ffc@group-62509A8A5C15-LeaderElection93] INFO  impl.RaftServerImpl (RaftServerImpl.java:setRole(184)) - d2424f4d-20d2-4104-abcc-02e6288f3ffc@group-62509A8A5C15: changes role from CANDIDATE to FOLLOWER at term 97 for DISCOVERED_A_NEW_TERM
2019-10-17 21:15:40,715 [d2424f4d-20d2-4104-abcc-02e6288f3ffc@group-62509A8A5C15-LeaderElection93] INFO  impl.RoleInfo (RoleInfo.java:shutdownLeaderElection(134)) - d2424f4d-20d2-4104-abcc-02e6288f3ffc: shutdown LeaderElection
2019-10-17 21:15:40,715 [d2424f4d-20d2-4104-abcc-02e6288f3ffc@group-62509A8A5C15-LeaderElection93] INFO  impl.RoleInfo (RoleInfo.java:updateAndGet(143)) - d2424f4d-20d2-4104-abcc-02e6288f3ffc: start FollowerState
2019-10-17 21:15:40,769 [Thread-836] INFO  impl.FollowerState (FollowerState.java:run(108)) - d2424f4d-20d2-4104-abcc-02e6288f3ffc@group-62509A8A5C15-FollowerState: change to CANDIDATE, lastRpcTime:53ms, electionTimeout:53ms
2019-10-17 21:15:40,769 [Thread-836] INFO  impl.RoleInfo (RoleInfo.java:shutdownFollowerState(121)) - d2424f4d-20d2-4104-abcc-02e6288f3ffc: shutdown FollowerState
2019-10-17 21:15:40,769 [Thread-836] INFO  impl.RaftServerImpl (RaftServerImpl.java:setRole(184)) - d2424f4d-20d2-4104-abcc-02e6288f3ffc@group-62509A8A5C15: changes role from  FOLLOWER to CANDIDATE at term 97 for changeToCandidate
2019-10-17 21:15:40,769 [Thread-836] INFO  impl.RoleInfo (RoleInfo.java:updateAndGet(143)) - d2424f4d-20d2-4104-abcc-02e6288f3ffc: start LeaderElection
2019-10-17 21:15:40,783 [d2424f4d-20d2-4104-abcc-02e6288f3ffc@group-62509A8A5C15-LeaderElection94] INFO  impl.LeaderElection (LeaderElection.java:askForVotes(178)) - d2424f4d-20d2-4104-abcc-02e6288f3ffc@group-62509A8A5C15-LeaderElection94: begin an election at term 98 for -1: [3909bd6a-278d-4911-9d70-32680c972d02:192.168.157.223:33343, d2424f4d-20d2-4104-abcc-02e6288f3ffc:192.168.157.223:39352, 7c510082-4284-44ef-8cd9-bb38fb15579f:192.168.157.223:33098], old=null
2019-10-17 21:15:40,785 [grpc-default-executor-4] INFO  impl.RaftServerImpl (RaftServerImpl.java:setRole(184)) - 3909bd6a-278d-4911-9d70-32680c972d02@group-62509A8A5C15: changes role from  FOLLOWER to FOLLOWER at term 98 for recognizeCandidate:d2424f4d-20d2-4104-abcc-02e6288f3ffc
2019-10-17 21:15:40,785 [grpc-default-executor-4] INFO  impl.RoleInfo (RoleInfo.java:shutdownFollowerState(121)) - 3909bd6a-278d-4911-9d70-32680c972d02: shutdown FollowerState
2019-10-17 21:15:40,785 [grpc-default-executor-2] INFO  impl.RaftServerImpl (RaftServerImpl.java:setRole(184)) - 7c510082-4284-44ef-8cd9-bb38fb15579f@group-62509A8A5C15: changes role from  FOLLOWER to FOLLOWER at term 98 for recognizeCandidate:d2424f4d-20d2-4104-abcc-02e6288f3ffc
2019-10-17 21:15:40,786 [Thread-834] INFO  impl.FollowerState (FollowerState.java:run(117)) - 3909bd6a-278d-4911-9d70-32680c972d02@group-62509A8A5C15-FollowerState was interrupted: java.lang.InterruptedException: sleep interrupted
2019-10-17 21:15:40,786 [grpc-default-executor-4] INFO  impl.RoleInfo (RoleInfo.java:updateAndGet(143)) - 3909bd6a-278d-4911-9d70-32680c972d02: start FollowerState
2019-10-17 21:15:40,786 [grpc-default-executor-2] INFO  impl.RoleInfo (RoleInfo.java:shutdownFollowerState(121)) - 7c510082-4284-44ef-8cd9-bb38fb15579f: shutdown FollowerState
2019-10-17 21:15:40,786 [grpc-default-executor-2] INFO  impl.RoleInfo (RoleInfo.java:updateAndGet(143)) - 7c510082-4284-44ef-8cd9-bb38fb15579f: start FollowerState
2019-10-17 21:15:40,786 [Thread-835] INFO  impl.FollowerState (FollowerState.java:run(117)) - 7c510082-4284-44ef-8cd9-bb38fb15579f@group-62509A8A5C15-FollowerState was interrupted: java.lang.InterruptedException: sleep interrupted
2019-10-17 21:15:40,804 [d2424f4d-20d2-4104-abcc-02e6288f3ffc@group-62509A8A5C15-LeaderElection94] INFO  impl.LeaderElection (LeaderElection.java:logAndReturn(56)) - d2424f4d-20d2-4104-abcc-02e6288f3ffc@group-62509A8A5C15-LeaderElection94: Election REJECTED; received 2 response(s) [d2424f4d-20d2-4104-abcc-02e6288f3ffc<-3909bd6a-278d-4911-9d70-32680c972d02#0:FAIL-t98, d2424f4d-20d2-4104-abcc-02e6288f3ffc<-7c510082-4284-44ef-8cd9-bb38fb15579f#0:FAIL-t98] and 0 exception(s); d2424f4d-20d2-4104-abcc-02e6288f3ffc@group-62509A8A5C15:t98, leader=null, voted=d2424f4d-20d2-4104-abcc-02e6288f3ffc, raftlog=d2424f4d-20d2-4104-abcc-02e6288f3ffc@group-62509A8A5C15-SegmentedRaftLog:OPENED:c-1,f-1,i0, conf=-1: [3909bd6a-278d-4911-9d70-32680c972d02:192.168.157.223:33343, d2424f4d-20d2-4104-abcc-02e6288f3ffc:192.168.157.223:39352, 7c510082-4284-44ef-8cd9-bb38fb15579f:192.168.157.223:33098], old=null
2019-10-17 21:15:40,805 [d2424f4d-20d2-4104-abcc-02e6288f3ffc@group-62509A8A5C15-LeaderElection94] INFO  impl.RaftServerImpl (RaftServerImpl.java:setRole(184)) - d2424f4d-20d2-4104-abcc-02e6288f3ffc@group-62509A8A5C15: changes role from CANDIDATE to FOLLOWER at term 98 for DISCOVERED_A_NEW_TERM
2019-10-17 21:15:40,805 [d2424f4d-20d2-4104-abcc-02e6288f3ffc@group-62509A8A5C15-LeaderElection94] INFO  impl.RoleInfo (RoleInfo.java:shutdownLeaderElection(134)) - d2424f4d-20d2-4104-abcc-02e6288f3ffc: shutdown LeaderElection
2019-10-17 21:15:40,805 [d2424f4d-20d2-4104-abcc-02e6288f3ffc@group-62509A8A5C15-LeaderElection94] INFO  impl.RoleInfo (RoleInfo.java:updateAndGet(143)) - d2424f4d-20d2-4104-abcc-02e6288f3ffc: start FollowerState
2019-10-17 21:15:40,865 [Thread-842] INFO  impl.FollowerState (FollowerState.java:run(108)) - d2424f4d-20d2-4104-abcc-02e6288f3ffc@group-62509A8A5C15-FollowerState: change to CANDIDATE, lastRpcTime:60ms, electionTimeout:60ms
2019-10-17 21:15:40,866 [Thread-842] INFO  impl.RoleInfo (RoleInfo.java:shutdownFollowerState(121)) - d2424f4d-20d2-4104-abcc-02e6288f3ffc: shutdown FollowerState
2019-10-17 21:15:40,866 [Thread-842] INFO  impl.RaftServerImpl (RaftServerImpl.java:setRole(184)) - d2424f4d-20d2-4104-abcc-02e6288f3ffc@group-62509A8A5C15: changes role from  FOLLOWER to CANDIDATE at term 98 for changeToCandidate
2019-10-17 21:15:40,866 [Thread-842] INFO  impl.RoleInfo (RoleInfo.java:updateAndGet(143)) - d2424f4d-20d2-4104-abcc-02e6288f3ffc: start LeaderElection
2019-10-17 21:15:40,881 [d2424f4d-20d2-4104-abcc-02e6288f3ffc@group-62509A8A5C15-LeaderElection95] INFO  impl.LeaderElection (LeaderElection.java:askForVotes(178)) - d2424f4d-20d2-4104-abcc-02e6288f3ffc@group-62509A8A5C15-LeaderElection95: begin an election at term 99 for -1: [3909bd6a-278d-4911-9d70-32680c972d02:192.168.157.223:33343, d2424f4d-20d2-4104-abcc-02e6288f3ffc:192.168.157.223:39352, 7c510082-4284-44ef-8cd9-bb38fb15579f:192.168.157.223:33098], old=null
2019-10-17 21:15:40,884 [grpc-default-executor-4] INFO  impl.RaftServerImpl (RaftServerImpl.java:setRole(184)) - 3909bd6a-278d-4911-9d70-32680c972d02@group-62509A8A5C15: changes role from  FOLLOWER to FOLLOWER at term 99 for recognizeCandidate:d2424f4d-20d2-4104-abcc-02e6288f3ffc
2019-10-17 21:15:40,884 [grpc-default-executor-4] INFO  impl.RoleInfo (RoleInfo.java:shutdownFollowerState(121)) - 3909bd6a-278d-4911-9d70-32680c972d02: shutdown FollowerState
2019-10-17 21:15:40,884 [grpc-default-executor-2] INFO  impl.RaftServerImpl (RaftServerImpl.java:setRole(184)) - 7c510082-4284-44ef-8cd9-bb38fb15579f@group-62509A8A5C15: changes role from  FOLLOWER to FOLLOWER at term 99 for recognizeCandidate:d2424f4d-20d2-4104-abcc-02e6288f3ffc
2019-10-17 21:15:40,885 [grpc-default-executor-2] INFO  impl.RoleInfo (RoleInfo.java:shutdownFollowerState(121)) - 7c510082-4284-44ef-8cd9-bb38fb15579f: shutdown FollowerState
2019-10-17 21:15:40,884 [Thread-840] INFO  impl.FollowerState (FollowerState.java:run(117)) - 3909bd6a-278d-4911-9d70-32680c972d02@group-62509A8A5C15-FollowerState was interrupted: java.lang.InterruptedException: sleep interrupted
2019-10-17 21:15:40,884 [grpc-default-executor-4] INFO  impl.RoleInfo (RoleInfo.java:updateAndGet(143)) - 3909bd6a-278d-4911-9d70-32680c972d02: start FollowerState
2019-10-17 21:15:40,885 [Thread-841] INFO  impl.FollowerState (FollowerState.java:run(117)) - 7c510082-4284-44ef-8cd9-bb38fb15579f@group-62509A8A5C15-FollowerState was interrupted: java.lang.InterruptedException: sleep interrupted
2019-10-17 21:15:40,885 [grpc-default-executor-2] INFO  impl.RoleInfo (RoleInfo.java:updateAndGet(143)) - 7c510082-4284-44ef-8cd9-bb38fb15579f: start FollowerState
2019-10-17 21:15:40,916 [d2424f4d-20d2-4104-abcc-02e6288f3ffc@group-62509A8A5C15-LeaderElection95] INFO  impl.LeaderElection (LeaderElection.java:logAndReturn(56)) - d2424f4d-20d2-4104-abcc-02e6288f3ffc@group-62509A8A5C15-LeaderElection95: Election REJECTED; received 2 response(s) [d2424f4d-20d2-4104-abcc-02e6288f3ffc<-3909bd6a-278d-4911-9d70-32680c972d02#0:FAIL-t99, d2424f4d-20d2-4104-abcc-02e6288f3ffc<-7c510082-4284-44ef-8cd9-bb38fb15579f#0:FAIL-t99] and 0 exception(s); d2424f4d-20d2-4104-abcc-02e6288f3ffc@group-62509A8A5C15:t99, leader=null, voted=d2424f4d-20d2-4104-abcc-02e6288f3ffc, raftlog=d2424f4d-20d2-4104-abcc-02e6288f3ffc@group-62509A8A5C15-SegmentedRaftLog:OPENED:c-1,f-1,i0, conf=-1: [3909bd6a-278d-4911-9d70-32680c972d02:192.168.157.223:33343, d2424f4d-20d2-4104-abcc-02e6288f3ffc:192.168.157.223:39352, 7c510082-4284-44ef-8cd9-bb38fb15579f:192.168.157.223:33098], old=null
2019-10-17 21:15:40,916 [d2424f4d-20d2-4104-abcc-02e6288f3ffc@group-62509A8A5C15-LeaderElection95] INFO  impl.RaftServerImpl (RaftServerImpl.java:setRole(184)) - d2424f4d-20d2-4104-abcc-02e6288f3ffc@group-62509A8A5C15: changes role from CANDIDATE to FOLLOWER at term 99 for DISCOVERED_A_NEW_TERM
2019-10-17 21:15:40,916 [d2424f4d-20d2-4104-abcc-02e6288f3ffc@group-62509A8A5C15-LeaderElection95] INFO  impl.RoleInfo (RoleInfo.java:shutdownLeaderElection(134)) - d2424f4d-20d2-4104-abcc-02e6288f3ffc: shutdown LeaderElection
2019-10-17 21:15:40,917 [d2424f4d-20d2-4104-abcc-02e6288f3ffc@group-62509A8A5C15-LeaderElection95] INFO  impl.RoleInfo (RoleInfo.java:updateAndGet(143)) - d2424f4d-20d2-4104-abcc-02e6288f3ffc: start FollowerState
2019-10-17 21:15:41,053 [Thread-848] INFO  impl.FollowerState (FollowerState.java:run(108)) - d2424f4d-20d2-4104-abcc-02e6288f3ffc@group-62509A8A5C15-FollowerState: change to CANDIDATE, lastRpcTime:136ms, electionTimeout:136ms
2019-10-17 21:15:41,053 [Thread-848] INFO  impl.RoleInfo (RoleInfo.java:shutdownFollowerState(121)) - d2424f4d-20d2-4104-abcc-02e6288f3ffc: shutdown FollowerState
2019-10-17 21:15:41,053 [Thread-848] INFO  impl.RaftServerImpl (RaftServerImpl.java:setRole(184)) - d2424f4d-20d2-4104-abcc-02e6288f3ffc@group-62509A8A5C15: changes role from  FOLLOWER to CANDIDATE at term 99 for changeToCandidate
2019-10-17 21:15:41,053 [Thread-848] INFO  impl.RoleInfo (RoleInfo.java:updateAndGet(143)) - d2424f4d-20d2-4104-abcc-02e6288f3ffc: start LeaderElection
2019-10-17 21:15:41,069 [d2424f4d-20d2-4104-abcc-02e6288f3ffc@group-62509A8A5C15-LeaderElection96] INFO  impl.LeaderElection (LeaderElection.java:askForVotes(178)) - d2424f4d-20d2-4104-abcc-02e6288f3ffc@group-62509A8A5C15-LeaderElection96: begin an election at term 100 for -1: [3909bd6a-278d-4911-9d70-32680c972d02:192.168.157.223:33343, d2424f4d-20d2-4104-abcc-02e6288f3ffc:192.168.157.223:39352, 7c510082-4284-44ef-8cd9-bb38fb15579f:192.168.157.223:33098], old=null
2019-10-17 21:15:41,072 [grpc-default-executor-4] INFO  impl.RaftServerImpl (RaftServerImpl.java:setRole(184)) - 7c510082-4284-44ef-8cd9-bb38fb15579f@group-62509A8A5C15: changes role from  FOLLOWER to FOLLOWER at term 100 for recognizeCandidate:d2424f4d-20d2-4104-abcc-02e6288f3ffc
2019-10-17 21:15:41,072 [grpc-default-executor-2] INFO  impl.RaftServerImpl (RaftServerImpl.java:setRole(184)) - 3909bd6a-278d-4911-9d70-32680c972d02@group-62509A8A5C15: changes role from  FOLLOWER to FOLLOWER at term 100 for recognizeCandidate:d2424f4d-20d2-4104-abcc-02e6288f3ffc
2019-10-17 21:15:41,072 [grpc-default-executor-4] INFO  impl.RoleInfo (RoleInfo.java:shutdownFollowerState(121)) - 7c510082-4284-44ef-8cd9-bb38fb15579f: shutdown FollowerState
2019-10-17 21:15:41,072 [grpc-default-executor-2] INFO  impl.RoleInfo (RoleInfo.java:shutdownFollowerState(121)) - 3909bd6a-278d-4911-9d70-32680c972d02: shutdown FollowerState
2019-10-17 21:15:41,073 [grpc-default-executor-2] INFO  impl.RoleInfo (RoleInfo.java:updateAndGet(143)) - 3909bd6a-278d-4911-9d70-32680c972d02: start FollowerState
2019-10-17 21:15:41,073 [Thread-847] INFO  impl.FollowerState (FollowerState.java:run(117)) - 7c510082-4284-44ef-8cd9-bb38fb15579f@group-62509A8A5C15-FollowerState was interrupted: java.lang.InterruptedException: sleep interrupted
2019-10-17 21:15:41,073 [grpc-default-executor-4] INFO  impl.RoleInfo (RoleInfo.java:updateAndGet(143)) - 7c510082-4284-44ef-8cd9-bb38fb15579f: start FollowerState
2019-10-17 21:15:41,073 [Thread-846] INFO  impl.FollowerState (FollowerState.java:run(117)) - 3909bd6a-278d-4911-9d70-32680c972d02@group-62509A8A5C15-FollowerState was interrupted: java.lang.InterruptedException: sleep interrupted
2019-10-17 21:15:41,092 [d2424f4d-20d2-4104-abcc-02e6288f3ffc@group-62509A8A5C15-LeaderElection96] INFO  impl.LeaderElection (LeaderElection.java:logAndReturn(56)) - d2424f4d-20d2-4104-abcc-02e6288f3ffc@group-62509A8A5C15-LeaderElection96: Election REJECTED; received 2 response(s) [d2424f4d-20d2-4104-abcc-02e6288f3ffc<-3909bd6a-278d-4911-9d70-32680c972d02#0:FAIL-t100, d2424f4d-20d2-4104-abcc-02e6288f3ffc<-7c510082-4284-44ef-8cd9-bb38fb15579f#0:FAIL-t100] and 0 exception(s); d2424f4d-20d2-4104-abcc-02e6288f3ffc@group-62509A8A5C15:t100, leader=null, voted=d2424f4d-20d2-4104-abcc-02e6288f3ffc, raftlog=d2424f4d-20d2-4104-abcc-02e6288f3ffc@group-62509A8A5C15-SegmentedRaftLog:OPENED:c-1,f-1,i0, conf=-1: [3909bd6a-278d-4911-9d70-32680c972d02:192.168.157.223:33343, d2424f4d-20d2-4104-abcc-02e6288f3ffc:192.168.157.223:39352, 7c510082-4284-44ef-8cd9-bb38fb15579f:192.168.157.223:33098], old=null
2019-10-17 21:15:41,092 [d2424f4d-20d2-4104-abcc-02e6288f3ffc@group-62509A8A5C15-LeaderElection96] INFO  impl.RaftServerImpl (RaftServerImpl.java:setRole(184)) - d2424f4d-20d2-4104-abcc-02e6288f3ffc@group-62509A8A5C15: changes role from CANDIDATE to FOLLOWER at term 100 for DISCOVERED_A_NEW_TERM
2019-10-17 21:15:41,092 [d2424f4d-20d2-4104-abcc-02e6288f3ffc@group-62509A8A5C15-LeaderElection96] INFO  impl.RoleInfo (RoleInfo.java:shutdownLeaderElection(134)) - d2424f4d-20d2-4104-abcc-02e6288f3ffc: shutdown LeaderElection
2019-10-17 21:15:41,092 [d2424f4d-20d2-4104-abcc-02e6288f3ffc@group-62509A8A5C15-LeaderElection96] INFO  impl.RoleInfo (RoleInfo.java:updateAndGet(143)) - d2424f4d-20d2-4104-abcc-02e6288f3ffc: start FollowerState
2019-10-17 21:15:41,164 [Thread-854] INFO  impl.FollowerState (FollowerState.java:run(108)) - d2424f4d-20d2-4104-abcc-02e6288f3ffc@group-62509A8A5C15-FollowerState: change to CANDIDATE, lastRpcTime:71ms, electionTimeout:71ms
2019-10-17 21:15:41,164 [Thread-854] INFO  impl.RoleInfo (RoleInfo.java:shutdownFollowerState(121)) - d2424f4d-20d2-4104-abcc-02e6288f3ffc: shutdown FollowerState
2019-10-17 21:15:41,164 [Thread-854] INFO  impl.RaftServerImpl (RaftServerImpl.java:setRole(184)) - d2424f4d-20d2-4104-abcc-02e6288f3ffc@group-62509A8A5C15: changes role from  FOLLOWER to CANDIDATE at term 100 for changeToCandidate
2019-10-17 21:15:41,164 [Thread-854] INFO  impl.RoleInfo (RoleInfo.java:updateAndGet(143)) - d2424f4d-20d2-4104-abcc-02e6288f3ffc: start LeaderElection
2019-10-17 21:15:41,179 [d2424f4d-20d2-4104-abcc-02e6288f3ffc@group-62509A8A5C15-LeaderElection97] INFO  impl.LeaderElection (LeaderElection.java:askForVotes(178)) - d2424f4d-20d2-4104-abcc-02e6288f3ffc@group-62509A8A5C15-LeaderElection97: begin an election at term 101 for -1: [3909bd6a-278d-4911-9d70-32680c972d02:192.168.157.223:33343, d2424f4d-20d2-4104-abcc-02e6288f3ffc:192.168.157.223:39352, 7c510082-4284-44ef-8cd9-bb38fb15579f:192.168.157.223:33098], old=null
2019-10-17 21:15:41,182 [grpc-default-executor-2] INFO  impl.RaftServerImpl (RaftServerImpl.java:setRole(184)) - 3909bd6a-278d-4911-9d70-32680c972d02@group-62509A8A5C15: changes role from  FOLLOWER to FOLLOWER at term 101 for recognizeCandidate:d2424f4d-20d2-4104-abcc-02e6288f3ffc
2019-10-17 21:15:41,182 [grpc-default-executor-4] INFO  impl.RaftServerImpl (RaftServerImpl.java:setRole(184)) - 7c510082-4284-44ef-8cd9-bb38fb15579f@group-62509A8A5C15: changes role from  FOLLOWER to FOLLOWER at term 101 for recognizeCandidate:d2424f4d-20d2-4104-abcc-02e6288f3ffc
2019-10-17 21:15:41,182 [grpc-default-executor-2] INFO  impl.RoleInfo (RoleInfo.java:shutdownFollowerState(121)) - 3909bd6a-278d-4911-9d70-32680c972d02: shutdown FollowerState
2019-10-17 21:15:41,182 [grpc-default-executor-4] INFO  impl.RoleInfo (RoleInfo.java:shutdownFollowerState(121)) - 7c510082-4284-44ef-8cd9-bb38fb15579f: shutdown FollowerState
2019-10-17 21:15:41,182 [Thread-853] INFO  impl.FollowerState (FollowerState.java:run(117)) - 3909bd6a-278d-4911-9d70-32680c972d02@group-62509A8A5C15-FollowerState was interrupted: java.lang.InterruptedException: sleep interrupted
2019-10-17 21:15:41,182 [grpc-default-executor-2] INFO  impl.RoleInfo (RoleInfo.java:updateAndGet(143)) - 3909bd6a-278d-4911-9d70-32680c972d02: start FollowerState
2019-10-17 21:15:41,182 [Thread-852] INFO  impl.FollowerState (FollowerState.java:run(117)) - 7c510082-4284-44ef-8cd9-bb38fb15579f@group-62509A8A5C15-FollowerState was interrupted: java.lang.InterruptedException: sleep interrupted
2019-10-17 21:15:41,182 [grpc-default-executor-4] INFO  impl.RoleInfo (RoleInfo.java:updateAndGet(143)) - 7c510082-4284-44ef-8cd9-bb38fb15579f: start FollowerState
2019-10-17 21:15:41,210 [d2424f4d-20d2-4104-abcc-02e6288f3ffc@group-62509A8A5C15-LeaderElection97] INFO  impl.LeaderElection (LeaderElection.java:logAndReturn(56)) - d2424f4d-20d2-4104-abcc-02e6288f3ffc@group-62509A8A5C15-LeaderElection97: Election REJECTED; received 2 response(s) [d2424f4d-20d2-4104-abcc-02e6288f3ffc<-3909bd6a-278d-4911-9d70-32680c972d02#0:FAIL-t101, d2424f4d-20d2-4104-abcc-02e6288f3ffc<-7c510082-4284-44ef-8cd9-bb38fb15579f#0:FAIL-t101] and 0 exception(s); d2424f4d-20d2-4104-abcc-02e6288f3ffc@group-62509A8A5C15:t101, leader=null, voted=d2424f4d-20d2-4104-abcc-02e6288f3ffc, raftlog=d2424f4d-20d2-4104-abcc-02e6288f3ffc@group-62509A8A5C15-SegmentedRaftLog:OPENED:c-1,f-1,i0, conf=-1: [3909bd6a-278d-4911-9d70-32680c972d02:192.168.157.223:33343, d2424f4d-20d2-4104-abcc-02e6288f3ffc:192.168.157.223:39352, 7c510082-4284-44ef-8cd9-bb38fb15579f:192.168.157.223:33098], old=null
2019-10-17 21:15:41,210 [d2424f4d-20d2-4104-abcc-02e6288f3ffc@group-62509A8A5C15-LeaderElection97] INFO  impl.RaftServerImpl (RaftServerImpl.java:setRole(184)) - d2424f4d-20d2-4104-abcc-02e6288f3ffc@group-62509A8A5C15: changes role from CANDIDATE to FOLLOWER at term 101 for DISCOVERED_A_NEW_TERM
2019-10-17 21:15:41,210 [d2424f4d-20d2-4104-abcc-02e6288f3ffc@group-62509A8A5C15-LeaderElection97] INFO  impl.RoleInfo (RoleInfo.java:shutdownLeaderElection(134)) - d2424f4d-20d2-4104-abcc-02e6288f3ffc: shutdown LeaderElection
2019-10-17 21:15:41,210 [d2424f4d-20d2-4104-abcc-02e6288f3ffc@group-62509A8A5C15-LeaderElection97] INFO  impl.RoleInfo (RoleInfo.java:updateAndGet(143)) - d2424f4d-20d2-4104-abcc-02e6288f3ffc: start FollowerState
2019-10-17 21:15:41,350 [Thread-860] INFO  impl.FollowerState (FollowerState.java:run(108)) - d2424f4d-20d2-4104-abcc-02e6288f3ffc@group-62509A8A5C15-FollowerState: change to CANDIDATE, lastRpcTime:140ms, electionTimeout:140ms
2019-10-17 21:15:41,351 [Thread-860] INFO  impl.RoleInfo (RoleInfo.java:shutdownFollowerState(121)) - d2424f4d-20d2-4104-abcc-02e6288f3ffc: shutdown FollowerState
2019-10-17 21:15:41,351 [Thread-860] INFO  impl.RaftServerImpl (RaftServerImpl.java:setRole(184)) - d2424f4d-20d2-4104-abcc-02e6288f3ffc@group-62509A8A5C15: changes role from  FOLLOWER to CANDIDATE at term 101 for changeToCandidate
2019-10-17 21:15:41,351 [Thread-860] INFO  impl.RoleInfo (RoleInfo.java:updateAndGet(143)) - d2424f4d-20d2-4104-abcc-02e6288f3ffc: start LeaderElection
2019-10-17 21:15:41,377 [d2424f4d-20d2-4104-abcc-02e6288f3ffc@group-62509A8A5C15-LeaderElection98] INFO  impl.LeaderElection (LeaderElection.java:askForVotes(178)) - d2424f4d-20d2-4104-abcc-02e6288f3ffc@group-62509A8A5C15-LeaderElection98: begin an election at term 102 for -1: [3909bd6a-278d-4911-9d70-32680c972d02:192.168.157.223:33343, d2424f4d-20d2-4104-abcc-02e6288f3ffc:192.168.157.223:39352, 7c510082-4284-44ef-8cd9-bb38fb15579f:192.168.157.223:33098], old=null
2019-10-17 21:15:41,379 [grpc-default-executor-2] INFO  impl.RaftServerImpl (RaftServerImpl.java:setRole(184)) - 3909bd6a-278d-4911-9d70-32680c972d02@group-62509A8A5C15: changes role from  FOLLOWER to FOLLOWER at term 102 for recognizeCandidate:d2424f4d-20d2-4104-abcc-02e6288f3ffc
2019-10-17 21:15:41,379 [grpc-default-executor-2] INFO  impl.RoleInfo (RoleInfo.java:shutdownFollowerState(121)) - 3909bd6a-278d-4911-9d70-32680c972d02: shutdown FollowerState
2019-10-17 21:15:41,379 [grpc-default-executor-2] INFO  impl.RoleInfo (RoleInfo.java:updateAndGet(143)) - 3909bd6a-278d-4911-9d70-32680c972d02: start FollowerState
2019-10-17 21:15:41,380 [grpc-default-executor-4] INFO  impl.RaftServerImpl (RaftServerImpl.java:setRole(184)) - 7c510082-4284-44ef-8cd9-bb38fb15579f@group-62509A8A5C15: changes role from  FOLLOWER to FOLLOWER at term 102 for recognizeCandidate:d2424f4d-20d2-4104-abcc-02e6288f3ffc
2019-10-17 21:15:41,380 [Thread-858] INFO  impl.FollowerState (FollowerState.java:run(117)) - 3909bd6a-278d-4911-9d70-32680c972d02@group-62509A8A5C15-FollowerState was interrupted: java.lang.InterruptedException: sleep interrupted
2019-10-17 21:15:41,380 [grpc-default-executor-4] INFO  impl.RoleInfo (RoleInfo.java:shutdownFollowerState(121)) - 7c510082-4284-44ef-8cd9-bb38fb15579f: shutdown FollowerState
2019-10-17 21:15:41,380 [grpc-default-executor-4] INFO  impl.RoleInfo (RoleInfo.java:updateAndGet(143)) - 7c510082-4284-44ef-8cd9-bb38fb15579f: start FollowerState
2019-10-17 21:15:41,380 [Thread-859] INFO  impl.FollowerState (FollowerState.java:run(117)) - 7c510082-4284-44ef-8cd9-bb38fb15579f@group-62509A8A5C15-FollowerState was interrupted: java.lang.InterruptedException: sleep interrupted
2019-10-17 21:15:41,394 [d2424f4d-20d2-4104-abcc-02e6288f3ffc@group-62509A8A5C15-LeaderElection98] INFO  impl.LeaderElection (LeaderElection.java:logAndReturn(56)) - d2424f4d-20d2-4104-abcc-02e6288f3ffc@group-62509A8A5C15-LeaderElection98: Election REJECTED; received 2 response(s) [d2424f4d-20d2-4104-abcc-02e6288f3ffc<-3909bd6a-278d-4911-9d70-32680c972d02#0:FAIL-t102, d2424f4d-20d2-4104-abcc-02e6288f3ffc<-7c510082-4284-44ef-8cd9-bb38fb15579f#0:FAIL-t102] and 0 exception(s); d2424f4d-20d2-4104-abcc-02e6288f3ffc@group-62509A8A5C15:t102, leader=null, voted=d2424f4d-20d2-4104-abcc-02e6288f3ffc, raftlog=d2424f4d-20d2-4104-abcc-02e6288f3ffc@group-62509A8A5C15-SegmentedRaftLog:OPENED:c-1,f-1,i0, conf=-1: [3909bd6a-278d-4911-9d70-32680c972d02:192.168.157.223:33343, d2424f4d-20d2-4104-abcc-02e6288f3ffc:192.168.157.223:39352, 7c510082-4284-44ef-8cd9-bb38fb15579f:192.168.157.223:33098], old=null
2019-10-17 21:15:41,395 [d2424f4d-20d2-4104-abcc-02e6288f3ffc@group-62509A8A5C15-LeaderElection98] INFO  impl.RaftServerImpl (RaftServerImpl.java:setRole(184)) - d2424f4d-20d2-4104-abcc-02e6288f3ffc@group-62509A8A5C15: changes role from CANDIDATE to FOLLOWER at term 102 for DISCOVERED_A_NEW_TERM
2019-10-17 21:15:41,395 [d2424f4d-20d2-4104-abcc-02e6288f3ffc@group-62509A8A5C15-LeaderElection98] INFO  impl.RoleInfo (RoleInfo.java:shutdownLeaderElection(134)) - d2424f4d-20d2-4104-abcc-02e6288f3ffc: shutdown LeaderElection
2019-10-17 21:15:41,395 [d2424f4d-20d2-4104-abcc-02e6288f3ffc@group-62509A8A5C15-LeaderElection98] INFO  impl.RoleInfo (RoleInfo.java:updateAndGet(143)) - d2424f4d-20d2-4104-abcc-02e6288f3ffc: start FollowerState
2019-10-17 21:15:41,421 [Thread-866] INFO  impl.FollowerState (FollowerState.java:run(108)) - d2424f4d-20d2-4104-abcc-02e6288f3ffc@group-62509A8A5C15-FollowerState: change to CANDIDATE, lastRpcTime:26ms, electionTimeout:26ms
2019-10-17 21:15:41,422 [Thread-866] INFO  impl.RoleInfo (RoleInfo.java:shutdownFollowerState(121)) - d2424f4d-20d2-4104-abcc-02e6288f3ffc: shutdown FollowerState
2019-10-17 21:15:41,422 [Thread-866] INFO  impl.RaftServerImpl (RaftServerImpl.java:setRole(184)) - d2424f4d-20d2-4104-abcc-02e6288f3ffc@group-62509A8A5C15: changes role from  FOLLOWER to CANDIDATE at term 102 for changeToCandidate
2019-10-17 21:15:41,422 [Thread-866] INFO  impl.RoleInfo (RoleInfo.java:updateAndGet(143)) - d2424f4d-20d2-4104-abcc-02e6288f3ffc: start LeaderElection
2019-10-17 21:15:41,437 [d2424f4d-20d2-4104-abcc-02e6288f3ffc@group-62509A8A5C15-LeaderElection99] INFO  impl.LeaderElection (LeaderElection.java:askForVotes(178)) - d2424f4d-20d2-4104-abcc-02e6288f3ffc@group-62509A8A5C15-LeaderElection99: begin an election at term 103 for -1: [3909bd6a-278d-4911-9d70-32680c972d02:192.168.157.223:33343, d2424f4d-20d2-4104-abcc-02e6288f3ffc:192.168.157.223:39352, 7c510082-4284-44ef-8cd9-bb38fb15579f:192.168.157.223:33098], old=null
2019-10-17 21:15:41,440 [grpc-default-executor-4] INFO  impl.RaftServerImpl (RaftServerImpl.java:setRole(184)) - 3909bd6a-278d-4911-9d70-32680c972d02@group-62509A8A5C15: changes role from  FOLLOWER to FOLLOWER at term 103 for recognizeCandidate:d2424f4d-20d2-4104-abcc-02e6288f3ffc
2019-10-17 21:15:41,440 [grpc-default-executor-2] INFO  impl.RaftServerImpl (RaftServerImpl.java:setRole(184)) - 7c510082-4284-44ef-8cd9-bb38fb15579f@group-62509A8A5C15: changes role from  FOLLOWER to FOLLOWER at term 103 for recognizeCandidate:d2424f4d-20d2-4104-abcc-02e6288f3ffc
2019-10-17 21:15:41,440 [grpc-default-executor-4] INFO  impl.RoleInfo (RoleInfo.java:shutdownFollowerState(121)) - 3909bd6a-278d-4911-9d70-32680c972d02: shutdown FollowerState
2019-10-17 21:15:41,440 [grpc-default-executor-2] INFO  impl.RoleInfo (RoleInfo.java:shutdownFollowerState(121)) - 7c510082-4284-44ef-8cd9-bb38fb15579f: shutdown FollowerState
2019-10-17 21:15:41,440 [Thread-864] INFO  impl.FollowerState (FollowerState.java:run(117)) - 3909bd6a-278d-4911-9d70-32680c972d02@group-62509A8A5C15-FollowerState was interrupted: java.lang.InterruptedException: sleep interrupted
2019-10-17 21:15:41,440 [grpc-default-executor-4] INFO  impl.RoleInfo (RoleInfo.java:updateAndGet(143)) - 3909bd6a-278d-4911-9d70-32680c972d02: start FollowerState
2019-10-17 21:15:41,440 [Thread-865] INFO  impl.FollowerState (FollowerState.java:run(117)) - 7c510082-4284-44ef-8cd9-bb38fb15579f@group-62509A8A5C15-FollowerState was interrupted: java.lang.InterruptedException: sleep interrupted
2019-10-17 21:15:41,440 [grpc-default-executor-2] INFO  impl.RoleInfo (RoleInfo.java:updateAndGet(143)) - 7c510082-4284-44ef-8cd9-bb38fb15579f: start FollowerState
2019-10-17 21:15:41,467 [d2424f4d-20d2-4104-abcc-02e6288f3ffc@group-62509A8A5C15-LeaderElection99] INFO  impl.LeaderElection (LeaderElection.java:logAndReturn(56)) - d2424f4d-20d2-4104-abcc-02e6288f3ffc@group-62509A8A5C15-LeaderElection99: Election REJECTED; received 2 response(s) [d2424f4d-20d2-4104-abcc-02e6288f3ffc<-3909bd6a-278d-4911-9d70-32680c972d02#0:FAIL-t103, d2424f4d-20d2-4104-abcc-02e6288f3ffc<-7c510082-4284-44ef-8cd9-bb38fb15579f#0:FAIL-t103] and 0 exception(s); d2424f4d-20d2-4104-abcc-02e6288f3ffc@group-62509A8A5C15:t103, leader=null, voted=d2424f4d-20d2-4104-abcc-02e6288f3ffc, raftlog=d2424f4d-20d2-4104-abcc-02e6288f3ffc@group-62509A8A5C15-SegmentedRaftLog:OPENED:c-1,f-1,i0, conf=-1: [3909bd6a-278d-4911-9d70-32680c972d02:192.168.157.223:33343, d2424f4d-20d2-4104-abcc-02e6288f3ffc:192.168.157.223:39352, 7c510082-4284-44ef-8cd9-bb38fb15579f:192.168.157.223:33098], old=null
2019-10-17 21:15:41,468 [d2424f4d-20d2-4104-abcc-02e6288f3ffc@group-62509A8A5C15-LeaderElection99] INFO  impl.RaftServerImpl (RaftServerImpl.java:setRole(184)) - d2424f4d-20d2-4104-abcc-02e6288f3ffc@group-62509A8A5C15: changes role from CANDIDATE to FOLLOWER at term 103 for DISCOVERED_A_NEW_TERM
2019-10-17 21:15:41,468 [d2424f4d-20d2-4104-abcc-02e6288f3ffc@group-62509A8A5C15-LeaderElection99] INFO  impl.RoleInfo (RoleInfo.java:shutdownLeaderElection(134)) - d2424f4d-20d2-4104-abcc-02e6288f3ffc: shutdown LeaderElection
2019-10-17 21:15:41,468 [d2424f4d-20d2-4104-abcc-02e6288f3ffc@group-62509A8A5C15-LeaderElection99] INFO  impl.RoleInfo (RoleInfo.java:updateAndGet(143)) - d2424f4d-20d2-4104-abcc-02e6288f3ffc: start FollowerState
2019-10-17 21:15:41,487 [Thread-872] INFO  impl.FollowerState (FollowerState.java:run(108)) - d2424f4d-20d2-4104-abcc-02e6288f3ffc@group-62509A8A5C15-FollowerState: change to CANDIDATE, lastRpcTime:19ms, electionTimeout:19ms
2019-10-17 21:15:41,488 [Thread-872] INFO  impl.RoleInfo (RoleInfo.java:shutdownFollowerState(121)) - d2424f4d-20d2-4104-abcc-02e6288f3ffc: shutdown FollowerState
2019-10-17 21:15:41,488 [Thread-872] INFO  impl.RaftServerImpl (RaftServerImpl.java:setRole(184)) - d2424f4d-20d2-4104-abcc-02e6288f3ffc@group-62509A8A5C15: changes role from  FOLLOWER to CANDIDATE at term 103 for changeToCandidate
2019-10-17 21:15:41,488 [Thread-872] INFO  impl.RoleInfo (RoleInfo.java:updateAndGet(143)) - d2424f4d-20d2-4104-abcc-02e6288f3ffc: start LeaderElection
2019-10-17 21:15:41,503 [d2424f4d-20d2-4104-abcc-02e6288f3ffc@group-62509A8A5C15-LeaderElection100] INFO  impl.LeaderElection (LeaderElection.java:askForVotes(178)) - d2424f4d-20d2-4104-abcc-02e6288f3ffc@group-62509A8A5C15-LeaderElection100: begin an election at term 104 for -1: [3909bd6a-278d-4911-9d70-32680c972d02:192.168.157.223:33343, d2424f4d-20d2-4104-abcc-02e6288f3ffc:192.168.157.223:39352, 7c510082-4284-44ef-8cd9-bb38fb15579f:192.168.157.223:33098], old=null
2019-10-17 21:15:41,505 [grpc-default-executor-2] INFO  impl.RaftServerImpl (RaftServerImpl.java:setRole(184)) - 3909bd6a-278d-4911-9d70-32680c972d02@group-62509A8A5C15: changes role from  FOLLOWER to FOLLOWER at term 104 for recognizeCandidate:d2424f4d-20d2-4104-abcc-02e6288f3ffc
2019-10-17 21:15:41,506 [grpc-default-executor-2] INFO  impl.RoleInfo (RoleInfo.java:shutdownFollowerState(121)) - 3909bd6a-278d-4911-9d70-32680c972d02: shutdown FollowerState
2019-10-17 21:15:41,506 [grpc-default-executor-4] INFO  impl.RaftServerImpl (RaftServerImpl.java:setRole(184)) - 7c510082-4284-44ef-8cd9-bb38fb15579f@group-62509A8A5C15: changes role from  FOLLOWER to FOLLOWER at term 104 for recognizeCandidate:d2424f4d-20d2-4104-abcc-02e6288f3ffc
2019-10-17 21:15:41,506 [Thread-870] INFO  impl.FollowerState (FollowerState.java:run(117)) - 3909bd6a-278d-4911-9d70-32680c972d02@group-62509A8A5C15-FollowerState was interrupted: java.lang.InterruptedException: sleep interrupted
2019-10-17 21:15:41,506 [grpc-default-executor-2] INFO  impl.RoleInfo (RoleInfo.java:updateAndGet(143)) - 3909bd6a-278d-4911-9d70-32680c972d02: start FollowerState
2019-10-17 21:15:41,506 [grpc-default-executor-4] INFO  impl.RoleInfo (RoleInfo.java:shutdownFollowerState(121)) - 7c510082-4284-44ef-8cd9-bb38fb15579f: shutdown FollowerState
2019-10-17 21:15:41,507 [grpc-default-executor-4] INFO  impl.RoleInfo (RoleInfo.java:updateAndGet(143)) - 7c510082-4284-44ef-8cd9-bb38fb15579f: start FollowerState
2019-10-17 21:15:41,507 [Thread-871] INFO  impl.FollowerState (FollowerState.java:run(117)) - 7c510082-4284-44ef-8cd9-bb38fb15579f@group-62509A8A5C15-FollowerState was interrupted: java.lang.InterruptedException: sleep interrupted
2019-10-17 21:15:41,521 [d2424f4d-20d2-4104-abcc-02e6288f3ffc@group-62509A8A5C15-LeaderElection100] INFO  impl.LeaderElection (LeaderElection.java:logAndReturn(56)) - d2424f4d-20d2-4104-abcc-02e6288f3ffc@group-62509A8A5C15-LeaderElection100: Election REJECTED; received 2 response(s) [d2424f4d-20d2-4104-abcc-02e6288f3ffc<-3909bd6a-278d-4911-9d70-32680c972d02#0:FAIL-t104, d2424f4d-20d2-4104-abcc-02e6288f3ffc<-7c510082-4284-44ef-8cd9-bb38fb15579f#0:FAIL-t104] and 0 exception(s); d2424f4d-20d2-4104-abcc-02e6288f3ffc@group-62509A8A5C15:t104, leader=null, voted=d2424f4d-20d2-4104-abcc-02e6288f3ffc, raftlog=d2424f4d-20d2-4104-abcc-02e6288f3ffc@group-62509A8A5C15-SegmentedRaftLog:OPENED:c-1,f-1,i0, conf=-1: [3909bd6a-278d-4911-9d70-32680c972d02:192.168.157.223:33343, d2424f4d-20d2-4104-abcc-02e6288f3ffc:192.168.157.223:39352, 7c510082-4284-44ef-8cd9-bb38fb15579f:192.168.157.223:33098], old=null
2019-10-17 21:15:41,521 [d2424f4d-20d2-4104-abcc-02e6288f3ffc@group-62509A8A5C15-LeaderElection100] INFO  impl.RaftServerImpl (RaftServerImpl.java:setRole(184)) - d2424f4d-20d2-4104-abcc-02e6288f3ffc@group-62509A8A5C15: changes role from CANDIDATE to FOLLOWER at term 104 for DISCOVERED_A_NEW_TERM
2019-10-17 21:15:41,521 [d2424f4d-20d2-4104-abcc-02e6288f3ffc@group-62509A8A5C15-LeaderElection100] INFO  impl.RoleInfo (RoleInfo.java:shutdownLeaderElection(134)) - d2424f4d-20d2-4104-abcc-02e6288f3ffc: shutdown LeaderElection
2019-10-17 21:15:41,521 [d2424f4d-20d2-4104-abcc-02e6288f3ffc@group-62509A8A5C15-LeaderElection100] INFO  impl.RoleInfo (RoleInfo.java:updateAndGet(143)) - d2424f4d-20d2-4104-abcc-02e6288f3ffc: start FollowerState
2019-10-17 21:15:41,562 [Thread-878] INFO  impl.FollowerState (FollowerState.java:run(108)) - d2424f4d-20d2-4104-abcc-02e6288f3ffc@group-62509A8A5C15-FollowerState: change to CANDIDATE, lastRpcTime:40ms, electionTimeout:40ms
2019-10-17 21:15:41,562 [Thread-878] INFO  impl.RoleInfo (RoleInfo.java:shutdownFollowerState(121)) - d2424f4d-20d2-4104-abcc-02e6288f3ffc: shutdown FollowerState
2019-10-17 21:15:41,562 [Thread-878] INFO  impl.RaftServerImpl (RaftServerImpl.java:setRole(184)) - d2424f4d-20d2-4104-abcc-02e6288f3ffc@group-62509A8A5C15: changes role from  FOLLOWER to CANDIDATE at term 104 for changeToCandidate
2019-10-17 21:15:41,562 [Thread-878] INFO  impl.RoleInfo (RoleInfo.java:updateAndGet(143)) - d2424f4d-20d2-4104-abcc-02e6288f3ffc: start LeaderElection
2019-10-17 21:15:41,576 [d2424f4d-20d2-4104-abcc-02e6288f3ffc@group-62509A8A5C15-LeaderElection101] INFO  impl.LeaderElection (LeaderElection.java:askForVotes(178)) - d2424f4d-20d2-4104-abcc-02e6288f3ffc@group-62509A8A5C15-LeaderElection101: begin an election at term 105 for -1: [3909bd6a-278d-4911-9d70-32680c972d02:192.168.157.223:33343, d2424f4d-20d2-4104-abcc-02e6288f3ffc:192.168.157.223:39352, 7c510082-4284-44ef-8cd9-bb38fb15579f:192.168.157.223:33098], old=null
2019-10-17 21:15:41,578 [grpc-default-executor-4] INFO  impl.RaftServerImpl (RaftServerImpl.java:setRole(184)) - 3909bd6a-278d-4911-9d70-32680c972d02@group-62509A8A5C15: changes role from  FOLLOWER to FOLLOWER at term 105 for recognizeCandidate:d2424f4d-20d2-4104-abcc-02e6288f3ffc
2019-10-17 21:15:41,578 [grpc-default-executor-4] INFO  impl.RoleInfo (RoleInfo.java:shutdownFollowerState(121)) - 3909bd6a-278d-4911-9d70-32680c972d02: shutdown FollowerState
2019-10-17 21:15:41,578 [grpc-default-executor-2] INFO  impl.RaftServerImpl (RaftServerImpl.java:setRole(184)) - 7c510082-4284-44ef-8cd9-bb38fb15579f@group-62509A8A5C15: changes role from  FOLLOWER to FOLLOWER at term 105 for recognizeCandidate:d2424f4d-20d2-4104-abcc-02e6288f3ffc
2019-10-17 21:15:41,578 [Thread-876] INFO  impl.FollowerState (FollowerState.java:run(117)) - 3909bd6a-278d-4911-9d70-32680c972d02@group-62509A8A5C15-FollowerState was interrupted: java.lang.InterruptedException: sleep interrupted
2019-10-17 21:15:41,578 [grpc-default-executor-4] INFO  impl.RoleInfo (RoleInfo.java:updateAndGet(143)) - 3909bd6a-278d-4911-9d70-32680c972d02: start FollowerState
2019-10-17 21:15:41,578 [grpc-default-executor-2] INFO  impl.RoleInfo (RoleInfo.java:shutdownFollowerState(121)) - 7c510082-4284-44ef-8cd9-bb38fb15579f: shutdown FollowerState
2019-10-17 21:15:41,579 [grpc-default-executor-2] INFO  impl.RoleInfo (RoleInfo.java:updateAndGet(143)) - 7c510082-4284-44ef-8cd9-bb38fb15579f: start FollowerState
2019-10-17 21:15:41,579 [Thread-877] INFO  impl.FollowerState (FollowerState.java:run(117)) - 7c510082-4284-44ef-8cd9-bb38fb15579f@group-62509A8A5C15-FollowerState was interrupted: java.lang.InterruptedException: sleep interrupted
2019-10-17 21:15:41,601 [d2424f4d-20d2-4104-abcc-02e6288f3ffc@group-62509A8A5C15-LeaderElection101] INFO  impl.LeaderElection (LeaderElection.java:logAndReturn(56)) - d2424f4d-20d2-4104-abcc-02e6288f3ffc@group-62509A8A5C15-LeaderElection101: Election REJECTED; received 2 response(s) [d2424f4d-20d2-4104-abcc-02e6288f3ffc<-3909bd6a-278d-4911-9d70-32680c972d02#0:FAIL-t105, d2424f4d-20d2-4104-abcc-02e6288f3ffc<-7c510082-4284-44ef-8cd9-bb38fb15579f#0:FAIL-t105] and 0 exception(s); d2424f4d-20d2-4104-abcc-02e6288f3ffc@group-62509A8A5C15:t105, leader=null, voted=d2424f4d-20d2-4104-abcc-02e6288f3ffc, raftlog=d2424f4d-20d2-4104-abcc-02e6288f3ffc@group-62509A8A5C15-SegmentedRaftLog:OPENED:c-1,f-1,i0, conf=-1: [3909bd6a-278d-4911-9d70-32680c972d02:192.168.157.223:33343, d2424f4d-20d2-4104-abcc-02e6288f3ffc:192.168.157.223:39352, 7c510082-4284-44ef-8cd9-bb38fb15579f:192.168.157.223:33098], old=null
2019-10-17 21:15:41,602 [d2424f4d-20d2-4104-abcc-02e6288f3ffc@group-62509A8A5C15-LeaderElection101] INFO  impl.RaftServerImpl (RaftServerImpl.java:setRole(184)) - d2424f4d-20d2-4104-abcc-02e6288f3ffc@group-62509A8A5C15: changes role from CANDIDATE to FOLLOWER at term 105 for DISCOVERED_A_NEW_TERM
2019-10-17 21:15:41,602 [d2424f4d-20d2-4104-abcc-02e6288f3ffc@group-62509A8A5C15-LeaderElection101] INFO  impl.RoleInfo (RoleInfo.java:shutdownLeaderElection(134)) - d2424f4d-20d2-4104-abcc-02e6288f3ffc: shutdown LeaderElection
2019-10-17 21:15:41,602 [d2424f4d-20d2-4104-abcc-02e6288f3ffc@group-62509A8A5C15-LeaderElection101] INFO  impl.RoleInfo (RoleInfo.java:updateAndGet(143)) - d2424f4d-20d2-4104-abcc-02e6288f3ffc: start FollowerState
2019-10-17 21:15:41,673 [Thread-884] INFO  impl.FollowerState (FollowerState.java:run(108)) - d2424f4d-20d2-4104-abcc-02e6288f3ffc@group-62509A8A5C15-FollowerState: change to CANDIDATE, lastRpcTime:71ms, electionTimeout:71ms
2019-10-17 21:15:41,674 [Thread-884] INFO  impl.RoleInfo (RoleInfo.java:shutdownFollowerState(121)) - d2424f4d-20d2-4104-abcc-02e6288f3ffc: shutdown FollowerState
2019-10-17 21:15:41,674 [Thread-884] INFO  impl.RaftServerImpl (RaftServerImpl.java:setRole(184)) - d2424f4d-20d2-4104-abcc-02e6288f3ffc@group-62509A8A5C15: changes role from  FOLLOWER to CANDIDATE at term 105 for changeToCandidate
2019-10-17 21:15:41,674 [Thread-884] INFO  impl.RoleInfo (RoleInfo.java:updateAndGet(143)) - d2424f4d-20d2-4104-abcc-02e6288f3ffc: start LeaderElection
2019-10-17 21:15:41,688 [d2424f4d-20d2-4104-abcc-02e6288f3ffc@group-62509A8A5C15-LeaderElection102] INFO  impl.LeaderElection (LeaderElection.java:askForVotes(178)) - d2424f4d-20d2-4104-abcc-02e6288f3ffc@group-62509A8A5C15-LeaderElection102: begin an election at term 106 for -1: [3909bd6a-278d-4911-9d70-32680c972d02:192.168.157.223:33343, d2424f4d-20d2-4104-abcc-02e6288f3ffc:192.168.157.223:39352, 7c510082-4284-44ef-8cd9-bb38fb15579f:192.168.157.223:33098], old=null
2019-10-17 21:15:41,690 [grpc-default-executor-2] INFO  impl.RaftServerImpl (RaftServerImpl.java:setRole(184)) - 3909bd6a-278d-4911-9d70-32680c972d02@group-62509A8A5C15: changes role from  FOLLOWER to FOLLOWER at term 106 for recognizeCandidate:d2424f4d-20d2-4104-abcc-02e6288f3ffc
2019-10-17 21:15:41,691 [grpc-default-executor-4] INFO  impl.RaftServerImpl (RaftServerImpl.java:setRole(184)) - 7c510082-4284-44ef-8cd9-bb38fb15579f@group-62509A8A5C15: changes role from  FOLLOWER to FOLLOWER at term 106 for recognizeCandidate:d2424f4d-20d2-4104-abcc-02e6288f3ffc
2019-10-17 21:15:41,691 [grpc-default-executor-2] INFO  impl.RoleInfo (RoleInfo.java:shutdownFollowerState(121)) - 3909bd6a-278d-4911-9d70-32680c972d02: shutdown FollowerState
2019-10-17 21:15:41,691 [grpc-default-executor-4] INFO  impl.RoleInfo (RoleInfo.java:shutdownFollowerState(121)) - 7c510082-4284-44ef-8cd9-bb38fb15579f: shutdown FollowerState
2019-10-17 21:15:41,691 [Thread-882] INFO  impl.FollowerState (FollowerState.java:run(117)) - 3909bd6a-278d-4911-9d70-32680c972d02@group-62509A8A5C15-FollowerState was interrupted: java.lang.InterruptedException: sleep interrupted
2019-10-17 21:15:41,691 [grpc-default-executor-2] INFO  impl.RoleInfo (RoleInfo.java:updateAndGet(143)) - 3909bd6a-278d-4911-9d70-32680c972d02: start FollowerState
2019-10-17 21:15:41,691 [Thread-883] INFO  impl.FollowerState (FollowerState.java:run(117)) - 7c510082-4284-44ef-8cd9-bb38fb15579f@group-62509A8A5C15-FollowerState was interrupted: java.lang.InterruptedException: sleep interrupted
2019-10-17 21:15:41,691 [grpc-default-executor-4] INFO  impl.RoleInfo (RoleInfo.java:updateAndGet(143)) - 7c510082-4284-44ef-8cd9-bb38fb15579f: start FollowerState
2019-10-17 21:15:41,707 [d2424f4d-20d2-4104-abcc-02e6288f3ffc@group-62509A8A5C15-LeaderElection102] INFO  impl.LeaderElection (LeaderElection.java:logAndReturn(56)) - d2424f4d-20d2-4104-abcc-02e6288f3ffc@group-62509A8A5C15-LeaderElection102: Election REJECTED; received 2 response(s) [d2424f4d-20d2-4104-abcc-02e6288f3ffc<-3909bd6a-278d-4911-9d70-32680c972d02#0:FAIL-t106, d2424f4d-20d2-4104-abcc-02e6288f3ffc<-7c510082-4284-44ef-8cd9-bb38fb15579f#0:FAIL-t106] and 0 exception(s); d2424f4d-20d2-4104-abcc-02e6288f3ffc@group-62509A8A5C15:t106, leader=null, voted=d2424f4d-20d2-4104-abcc-02e6288f3ffc, raftlog=d2424f4d-20d2-4104-abcc-02e6288f3ffc@group-62509A8A5C15-SegmentedRaftLog:OPENED:c-1,f-1,i0, conf=-1: [3909bd6a-278d-4911-9d70-32680c972d02:192.168.157.223:33343, d2424f4d-20d2-4104-abcc-02e6288f3ffc:192.168.157.223:39352, 7c510082-4284-44ef-8cd9-bb38fb15579f:192.168.157.223:33098], old=null
2019-10-17 21:15:41,707 [d2424f4d-20d2-4104-abcc-02e6288f3ffc@group-62509A8A5C15-LeaderElection102] INFO  impl.RaftServerImpl (RaftServerImpl.java:setRole(184)) - d2424f4d-20d2-4104-abcc-02e6288f3ffc@group-62509A8A5C15: changes role from CANDIDATE to FOLLOWER at term 106 for DISCOVERED_A_NEW_TERM
2019-10-17 21:15:41,707 [d2424f4d-20d2-4104-abcc-02e6288f3ffc@group-62509A8A5C15-LeaderElection102] INFO  impl.RoleInfo (RoleInfo.java:shutdownLeaderElection(134)) - d2424f4d-20d2-4104-abcc-02e6288f3ffc: shutdown LeaderElection
2019-10-17 21:15:41,707 [d2424f4d-20d2-4104-abcc-02e6288f3ffc@group-62509A8A5C15-LeaderElection102] INFO  impl.RoleInfo (RoleInfo.java:updateAndGet(143)) - d2424f4d-20d2-4104-abcc-02e6288f3ffc: start FollowerState
2019-10-17 21:15:41,726 [Thread-892] INFO  impl.FollowerState (FollowerState.java:run(108)) - d2424f4d-20d2-4104-abcc-02e6288f3ffc@group-62509A8A5C15-FollowerState: change to CANDIDATE, lastRpcTime:18ms, electionTimeout:18ms
2019-10-17 21:15:41,726 [Thread-892] INFO  impl.RoleInfo (RoleInfo.java:shutdownFollowerState(121)) - d2424f4d-20d2-4104-abcc-02e6288f3ffc: shutdown FollowerState
2019-10-17 21:15:41,726 [Thread-892] INFO  impl.RaftServerImpl (RaftServerImpl.java:setRole(184)) - d2424f4d-20d2-4104-abcc-02e6288f3ffc@group-62509A8A5C15: changes role from  FOLLOWER to CANDIDATE at term 106 for changeToCandidate
2019-10-17 21:15:41,726 [Thread-892] INFO  impl.RoleInfo (RoleInfo.java:updateAndGet(143)) - d2424f4d-20d2-4104-abcc-02e6288f3ffc: start LeaderElection
2019-10-17 21:15:41,741 [d2424f4d-20d2-4104-abcc-02e6288f3ffc@group-62509A8A5C15-LeaderElection103] INFO  impl.LeaderElection (LeaderElection.java:askForVotes(178)) - d2424f4d-20d2-4104-abcc-02e6288f3ffc@group-62509A8A5C15-LeaderElection103: begin an election at term 107 for -1: [3909bd6a-278d-4911-9d70-32680c972d02:192.168.157.223:33343, d2424f4d-20d2-4104-abcc-02e6288f3ffc:192.168.157.223:39352, 7c510082-4284-44ef-8cd9-bb38fb15579f:192.168.157.223:33098], old=null
2019-10-17 21:15:41,744 [grpc-default-executor-2] INFO  impl.RaftServerImpl (RaftServerImpl.java:setRole(184)) - 3909bd6a-278d-4911-9d70-32680c972d02@group-62509A8A5C15: changes role from  FOLLOWER to FOLLOWER at term 107 for recognizeCandidate:d2424f4d-20d2-4104-abcc-02e6288f3ffc
2019-10-17 21:15:41,744 [grpc-default-executor-4] INFO  impl.RaftServerImpl (RaftServerImpl.java:setRole(184)) - 7c510082-4284-44ef-8cd9-bb38fb15579f@group-62509A8A5C15: changes role from  FOLLOWER to FOLLOWER at term 107 for recognizeCandidate:d2424f4d-20d2-4104-abcc-02e6288f3ffc
2019-10-17 21:15:41,744 [grpc-default-executor-2] INFO  impl.RoleInfo (RoleInfo.java:shutdownFollowerState(121)) - 3909bd6a-278d-4911-9d70-32680c972d02: shutdown FollowerState
2019-10-17 21:15:41,744 [grpc-default-executor-4] INFO  impl.RoleInfo (RoleInfo.java:shutdownFollowerState(121)) - 7c510082-4284-44ef-8cd9-bb38fb15579f: shutdown FollowerState
2019-10-17 21:15:41,744 [Thread-890] INFO  impl.FollowerState (FollowerState.java:run(117)) - 3909bd6a-278d-4911-9d70-32680c972d02@group-62509A8A5C15-FollowerState was interrupted: java.lang.InterruptedException: sleep interrupted
2019-10-17 21:15:41,744 [grpc-default-executor-2] INFO  impl.RoleInfo (RoleInfo.java:updateAndGet(143)) - 3909bd6a-278d-4911-9d70-32680c972d02: start FollowerState
2019-10-17 21:15:41,745 [Thread-891] INFO  impl.FollowerState (FollowerState.java:run(117)) - 7c510082-4284-44ef-8cd9-bb38fb15579f@group-62509A8A5C15-FollowerState was interrupted: java.lang.InterruptedException: sleep interrupted
2019-10-17 21:15:41,745 [grpc-default-executor-4] INFO  impl.RoleInfo (RoleInfo.java:updateAndGet(143)) - 7c510082-4284-44ef-8cd9-bb38fb15579f: start FollowerState
2019-10-17 21:15:41,760 [d2424f4d-20d2-4104-abcc-02e6288f3ffc@group-62509A8A5C15-LeaderElection103] INFO  impl.LeaderElection (LeaderElection.java:logAndReturn(56)) - d2424f4d-20d2-4104-abcc-02e6288f3ffc@group-62509A8A5C15-LeaderElection103: Election REJECTED; received 2 response(s) [d2424f4d-20d2-4104-abcc-02e6288f3ffc<-3909bd6a-278d-4911-9d70-32680c972d02#0:FAIL-t107, d2424f4d-20d2-4104-abcc-02e6288f3ffc<-7c510082-4284-44ef-8cd9-bb38fb15579f#0:FAIL-t107] and 0 exception(s); d2424f4d-20d2-4104-abcc-02e6288f3ffc@group-62509A8A5C15:t107, leader=null, voted=d2424f4d-20d2-4104-abcc-02e6288f3ffc, raftlog=d2424f4d-20d2-4104-abcc-02e6288f3ffc@group-62509A8A5C15-SegmentedRaftLog:OPENED:c-1,f-1,i0, conf=-1: [3909bd6a-278d-4911-9d70-32680c972d02:192.168.157.223:33343, d2424f4d-20d2-4104-abcc-02e6288f3ffc:192.168.157.223:39352, 7c510082-4284-44ef-8cd9-bb38fb15579f:192.168.157.223:33098], old=null
2019-10-17 21:15:41,760 [d2424f4d-20d2-4104-abcc-02e6288f3ffc@group-62509A8A5C15-LeaderElection103] INFO  impl.RaftServerImpl (RaftServerImpl.java:setRole(184)) - d2424f4d-20d2-4104-abcc-02e6288f3ffc@group-62509A8A5C15: changes role from CANDIDATE to FOLLOWER at term 107 for DISCOVERED_A_NEW_TERM
2019-10-17 21:15:41,760 [d2424f4d-20d2-4104-abcc-02e6288f3ffc@group-62509A8A5C15-LeaderElection103] INFO  impl.RoleInfo (RoleInfo.java:shutdownLeaderElection(134)) - d2424f4d-20d2-4104-abcc-02e6288f3ffc: shutdown LeaderElection
2019-10-17 21:15:41,760 [d2424f4d-20d2-4104-abcc-02e6288f3ffc@group-62509A8A5C15-LeaderElection103] INFO  impl.RoleInfo (RoleInfo.java:updateAndGet(143)) - d2424f4d-20d2-4104-abcc-02e6288f3ffc: start FollowerState
2019-10-17 21:15:41,855 [Thread-898] INFO  impl.FollowerState (FollowerState.java:run(108)) - d2424f4d-20d2-4104-abcc-02e6288f3ffc@group-62509A8A5C15-FollowerState: change to CANDIDATE, lastRpcTime:94ms, electionTimeout:94ms
2019-10-17 21:15:41,855 [Thread-898] INFO  impl.RoleInfo (RoleInfo.java:shutdownFollowerState(121)) - d2424f4d-20d2-4104-abcc-02e6288f3ffc: shutdown FollowerState
2019-10-17 21:15:41,855 [Thread-898] INFO  impl.RaftServerImpl (RaftServerImpl.java:setRole(184)) - d2424f4d-20d2-4104-abcc-02e6288f3ffc@group-62509A8A5C15: changes role from  FOLLOWER to CANDIDATE at term 107 for changeToCandidate
2019-10-17 21:15:41,855 [Thread-898] INFO  impl.RoleInfo (RoleInfo.java:updateAndGet(143)) - d2424f4d-20d2-4104-abcc-02e6288f3ffc: start LeaderElection
2019-10-17 21:15:41,861 [d2424f4d-20d2-4104-abcc-02e6288f3ffc@group-62509A8A5C15-LeaderElection104] INFO  impl.LeaderElection (LeaderElection.java:askForVotes(178)) - d2424f4d-20d2-4104-abcc-02e6288f3ffc@group-62509A8A5C15-LeaderElection104: begin an election at term 108 for -1: [3909bd6a-278d-4911-9d70-32680c972d02:192.168.157.223:33343, d2424f4d-20d2-4104-abcc-02e6288f3ffc:192.168.157.223:39352, 7c510082-4284-44ef-8cd9-bb38fb15579f:192.168.157.223:33098], old=null
2019-10-17 21:15:41,863 [grpc-default-executor-4] INFO  impl.RaftServerImpl (RaftServerImpl.java:setRole(184)) - 3909bd6a-278d-4911-9d70-32680c972d02@group-62509A8A5C15: changes role from  FOLLOWER to FOLLOWER at term 108 for recognizeCandidate:d2424f4d-20d2-4104-abcc-02e6288f3ffc
2019-10-17 21:15:41,864 [grpc-default-executor-2] INFO  impl.RaftServerImpl (RaftServerImpl.java:setRole(184)) - 7c510082-4284-44ef-8cd9-bb38fb15579f@group-62509A8A5C15: changes role from  FOLLOWER to FOLLOWER at term 108 for recognizeCandidate:d2424f4d-20d2-4104-abcc-02e6288f3ffc
2019-10-17 21:15:41,864 [grpc-default-executor-4] INFO  impl.RoleInfo (RoleInfo.java:shutdownFollowerState(121)) - 3909bd6a-278d-4911-9d70-32680c972d02: shutdown FollowerState
2019-10-17 21:15:41,864 [grpc-default-executor-2] INFO  impl.RoleInfo (RoleInfo.java:shutdownFollowerState(121)) - 7c510082-4284-44ef-8cd9-bb38fb15579f: shutdown FollowerState
2019-10-17 21:15:41,864 [Thread-896] INFO  impl.FollowerState (FollowerState.java:run(117)) - 3909bd6a-278d-4911-9d70-32680c972d02@group-62509A8A5C15-FollowerState was interrupted: java.lang.InterruptedException: sleep interrupted
2019-10-17 21:15:41,864 [grpc-default-executor-4] INFO  impl.RoleInfo (RoleInfo.java:updateAndGet(143)) - 3909bd6a-278d-4911-9d70-32680c972d02: start FollowerState
2019-10-17 21:15:41,864 [Thread-897] INFO  impl.FollowerState (FollowerState.java:run(117)) - 7c510082-4284-44ef-8cd9-bb38fb15579f@group-62509A8A5C15-FollowerState was interrupted: java.lang.InterruptedException: sleep interrupted
2019-10-17 21:15:41,864 [grpc-default-executor-2] INFO  impl.RoleInfo (RoleInfo.java:updateAndGet(143)) - 7c510082-4284-44ef-8cd9-bb38fb15579f: start FollowerState
2019-10-17 21:15:41,878 [d2424f4d-20d2-4104-abcc-02e6288f3ffc@group-62509A8A5C15-LeaderElection104] INFO  impl.LeaderElection (LeaderElection.java:logAndReturn(56)) - d2424f4d-20d2-4104-abcc-02e6288f3ffc@group-62509A8A5C15-LeaderElection104: Election REJECTED; received 2 response(s) [d2424f4d-20d2-4104-abcc-02e6288f3ffc<-3909bd6a-278d-4911-9d70-32680c972d02#0:FAIL-t108, d2424f4d-20d2-4104-abcc-02e6288f3ffc<-7c510082-4284-44ef-8cd9-bb38fb15579f#0:FAIL-t108] and 0 exception(s); d2424f4d-20d2-4104-abcc-02e6288f3ffc@group-62509A8A5C15:t108, leader=null, voted=d2424f4d-20d2-4104-abcc-02e6288f3ffc, raftlog=d2424f4d-20d2-4104-abcc-02e6288f3ffc@group-62509A8A5C15-SegmentedRaftLog:OPENED:c-1,f-1,i0, conf=-1: [3909bd6a-278d-4911-9d70-32680c972d02:192.168.157.223:33343, d2424f4d-20d2-4104-abcc-02e6288f3ffc:192.168.157.223:39352, 7c510082-4284-44ef-8cd9-bb38fb15579f:192.168.157.223:33098], old=null
2019-10-17 21:15:41,878 [d2424f4d-20d2-4104-abcc-02e6288f3ffc@group-62509A8A5C15-LeaderElection104] INFO  impl.RaftServerImpl (RaftServerImpl.java:setRole(184)) - d2424f4d-20d2-4104-abcc-02e6288f3ffc@group-62509A8A5C15: changes role from CANDIDATE to FOLLOWER at term 108 for DISCOVERED_A_NEW_TERM
2019-10-17 21:15:41,878 [d2424f4d-20d2-4104-abcc-02e6288f3ffc@group-62509A8A5C15-LeaderElection104] INFO  impl.RoleInfo (RoleInfo.java:shutdownLeaderElection(134)) - d2424f4d-20d2-4104-abcc-02e6288f3ffc: shutdown LeaderElection
2019-10-17 21:15:41,879 [d2424f4d-20d2-4104-abcc-02e6288f3ffc@group-62509A8A5C15-LeaderElection104] INFO  impl.RoleInfo (RoleInfo.java:updateAndGet(143)) - d2424f4d-20d2-4104-abcc-02e6288f3ffc: start FollowerState
2019-10-17 21:15:42,027 [Thread-904] INFO  impl.FollowerState (FollowerState.java:run(108)) - d2424f4d-20d2-4104-abcc-02e6288f3ffc@group-62509A8A5C15-FollowerState: change to CANDIDATE, lastRpcTime:148ms, electionTimeout:148ms
2019-10-17 21:15:42,027 [Thread-904] INFO  impl.RoleInfo (RoleInfo.java:shutdownFollowerState(121)) - d2424f4d-20d2-4104-abcc-02e6288f3ffc: shutdown FollowerState
2019-10-17 21:15:42,027 [Thread-904] INFO  impl.RaftServerImpl (RaftServerImpl.java:setRole(184)) - d2424f4d-20d2-4104-abcc-02e6288f3ffc@group-62509A8A5C15: changes role from  FOLLOWER to CANDIDATE at term 108 for changeToCandidate
2019-10-17 21:15:42,028 [Thread-904] INFO  impl.RoleInfo (RoleInfo.java:updateAndGet(143)) - d2424f4d-20d2-4104-abcc-02e6288f3ffc: start LeaderElection
2019-10-17 21:15:42,053 [d2424f4d-20d2-4104-abcc-02e6288f3ffc@group-62509A8A5C15-LeaderElection105] INFO  impl.LeaderElection (LeaderElection.java:askForVotes(178)) - d2424f4d-20d2-4104-abcc-02e6288f3ffc@group-62509A8A5C15-LeaderElection105: begin an election at term 109 for -1: [3909bd6a-278d-4911-9d70-32680c972d02:192.168.157.223:33343, d2424f4d-20d2-4104-abcc-02e6288f3ffc:192.168.157.223:39352, 7c510082-4284-44ef-8cd9-bb38fb15579f:192.168.157.223:33098], old=null
2019-10-17 21:15:42,056 [grpc-default-executor-2] INFO  impl.RaftServerImpl (RaftServerImpl.java:setRole(184)) - 3909bd6a-278d-4911-9d70-32680c972d02@group-62509A8A5C15: changes role from  FOLLOWER to FOLLOWER at term 109 for recognizeCandidate:d2424f4d-20d2-4104-abcc-02e6288f3ffc
2019-10-17 21:15:42,057 [grpc-default-executor-2] INFO  impl.RoleInfo (RoleInfo.java:shutdownFollowerState(121)) - 3909bd6a-278d-4911-9d70-32680c972d02: shutdown FollowerState
2019-10-17 21:15:42,057 [grpc-default-executor-4] INFO  impl.RaftServerImpl (RaftServerImpl.java:setRole(184)) - 7c510082-4284-44ef-8cd9-bb38fb15579f@group-62509A8A5C15: changes role from  FOLLOWER to FOLLOWER at term 109 for recognizeCandidate:d2424f4d-20d2-4104-abcc-02e6288f3ffc
2019-10-17 21:15:42,057 [Thread-902] INFO  impl.FollowerState (FollowerState.java:run(117)) - 3909bd6a-278d-4911-9d70-32680c972d02@group-62509A8A5C15-FollowerState was interrupted: java.lang.InterruptedException: sleep interrupted
2019-10-17 21:15:42,057 [grpc-default-executor-2] INFO  impl.RoleInfo (RoleInfo.java:updateAndGet(143)) - 3909bd6a-278d-4911-9d70-32680c972d02: start FollowerState
2019-10-17 21:15:42,057 [d2424f4d-20d2-4104-abcc-02e6288f3ffc@group-62509A8A5C15-LeaderElection105] INFO  impl.LeaderElection (LeaderElection.java:logAndReturn(56)) - d2424f4d-20d2-4104-abcc-02e6288f3ffc@group-62509A8A5C15-LeaderElection105: Election TIMEOUT; received 0 response(s) [] and 0 exception(s); d2424f4d-20d2-4104-abcc-02e6288f3ffc@group-62509A8A5C15:t109, leader=null, voted=d2424f4d-20d2-4104-abcc-02e6288f3ffc, raftlog=d2424f4d-20d2-4104-abcc-02e6288f3ffc@group-62509A8A5C15-SegmentedRaftLog:OPENED:c-1,f-1,i0, conf=-1: [3909bd6a-278d-4911-9d70-32680c972d02:192.168.157.223:33343, d2424f4d-20d2-4104-abcc-02e6288f3ffc:192.168.157.223:39352, 7c510082-4284-44ef-8cd9-bb38fb15579f:192.168.157.223:33098], old=null
2019-10-17 21:15:42,057 [grpc-default-executor-4] INFO  impl.RoleInfo (RoleInfo.java:shutdownFollowerState(121)) - 7c510082-4284-44ef-8cd9-bb38fb15579f: shutdown FollowerState
2019-10-17 21:15:42,058 [Thread-903] INFO  impl.FollowerState (FollowerState.java:run(117)) - 7c510082-4284-44ef-8cd9-bb38fb15579f@group-62509A8A5C15-FollowerState was interrupted: java.lang.InterruptedException: sleep interrupted
2019-10-17 21:15:42,058 [grpc-default-executor-4] INFO  impl.RoleInfo (RoleInfo.java:updateAndGet(143)) - 7c510082-4284-44ef-8cd9-bb38fb15579f: start FollowerState
2019-10-17 21:15:42,072 [d2424f4d-20d2-4104-abcc-02e6288f3ffc@group-62509A8A5C15-LeaderElection105] INFO  impl.LeaderElection (LeaderElection.java:askForVotes(178)) - d2424f4d-20d2-4104-abcc-02e6288f3ffc@group-62509A8A5C15-LeaderElection105: begin an election at term 110 for -1: [3909bd6a-278d-4911-9d70-32680c972d02:192.168.157.223:33343, d2424f4d-20d2-4104-abcc-02e6288f3ffc:192.168.157.223:39352, 7c510082-4284-44ef-8cd9-bb38fb15579f:192.168.157.223:33098], old=null
2019-10-17 21:15:42,074 [grpc-default-executor-4] INFO  impl.RaftServerImpl (RaftServerImpl.java:setRole(184)) - 3909bd6a-278d-4911-9d70-32680c972d02@group-62509A8A5C15: changes role from  FOLLOWER to FOLLOWER at term 110 for recognizeCandidate:d2424f4d-20d2-4104-abcc-02e6288f3ffc
2019-10-17 21:15:42,074 [grpc-default-executor-4] INFO  impl.RoleInfo (RoleInfo.java:shutdownFollowerState(121)) - 3909bd6a-278d-4911-9d70-32680c972d02: shutdown FollowerState
2019-10-17 21:15:42,075 [grpc-default-executor-4] INFO  impl.RoleInfo (RoleInfo.java:updateAndGet(143)) - 3909bd6a-278d-4911-9d70-32680c972d02: start FollowerState
2019-10-17 21:15:42,075 [Thread-908] INFO  impl.FollowerState (FollowerState.java:run(117)) - 3909bd6a-278d-4911-9d70-32680c972d02@group-62509A8A5C15-FollowerState was interrupted: java.lang.InterruptedException: sleep interrupted
2019-10-17 21:15:42,075 [grpc-default-executor-2] INFO  impl.RaftServerImpl (RaftServerImpl.java:setRole(184)) - 7c510082-4284-44ef-8cd9-bb38fb15579f@group-62509A8A5C15: changes role from  FOLLOWER to FOLLOWER at term 110 for recognizeCandidate:d2424f4d-20d2-4104-abcc-02e6288f3ffc
2019-10-17 21:15:42,075 [grpc-default-executor-2] INFO  impl.RoleInfo (RoleInfo.java:shutdownFollowerState(121)) - 7c510082-4284-44ef-8cd9-bb38fb15579f: shutdown FollowerState
2019-10-17 21:15:42,075 [grpc-default-executor-2] INFO  impl.RoleInfo (RoleInfo.java:updateAndGet(143)) - 7c510082-4284-44ef-8cd9-bb38fb15579f: start FollowerState
2019-10-17 21:15:42,076 [Thread-909] INFO  impl.FollowerState (FollowerState.java:run(117)) - 7c510082-4284-44ef-8cd9-bb38fb15579f@group-62509A8A5C15-FollowerState was interrupted: java.lang.InterruptedException: sleep interrupted
2019-10-17 21:15:42,103 [d2424f4d-20d2-4104-abcc-02e6288f3ffc@group-62509A8A5C15-LeaderElection105] INFO  impl.LeaderElection (LeaderElection.java:logAndReturn(56)) - d2424f4d-20d2-4104-abcc-02e6288f3ffc@group-62509A8A5C15-LeaderElection105: Election REJECTED; received 2 response(s) [d2424f4d-20d2-4104-abcc-02e6288f3ffc<-3909bd6a-278d-4911-9d70-32680c972d02#0:FAIL-t110, d2424f4d-20d2-4104-abcc-02e6288f3ffc<-7c510082-4284-44ef-8cd9-bb38fb15579f#0:FAIL-t110] and 0 exception(s); d2424f4d-20d2-4104-abcc-02e6288f3ffc@group-62509A8A5C15:t110, leader=null, voted=d2424f4d-20d2-4104-abcc-02e6288f3ffc, raftlog=d2424f4d-20d2-4104-abcc-02e6288f3ffc@group-62509A8A5C15-SegmentedRaftLog:OPENED:c-1,f-1,i0, conf=-1: [3909bd6a-278d-4911-9d70-32680c972d02:192.168.157.223:33343, d2424f4d-20d2-4104-abcc-02e6288f3ffc:192.168.157.223:39352, 7c510082-4284-44ef-8cd9-bb38fb15579f:192.168.157.223:33098], old=null
2019-10-17 21:15:42,103 [d2424f4d-20d2-4104-abcc-02e6288f3ffc@group-62509A8A5C15-LeaderElection105] INFO  impl.RaftServerImpl (RaftServerImpl.java:setRole(184)) - d2424f4d-20d2-4104-abcc-02e6288f3ffc@group-62509A8A5C15: changes role from CANDIDATE to FOLLOWER at term 110 for DISCOVERED_A_NEW_TERM
2019-10-17 21:15:42,103 [d2424f4d-20d2-4104-abcc-02e6288f3ffc@group-62509A8A5C15-LeaderElection105] INFO  impl.RoleInfo (RoleInfo.java:shutdownLeaderElection(134)) - d2424f4d-20d2-4104-abcc-02e6288f3ffc: shutdown LeaderElection
2019-10-17 21:15:42,103 [d2424f4d-20d2-4104-abcc-02e6288f3ffc@group-62509A8A5C15-LeaderElection105] INFO  impl.RoleInfo (RoleInfo.java:updateAndGet(143)) - d2424f4d-20d2-4104-abcc-02e6288f3ffc: start FollowerState
2019-10-17 21:15:42,193 [Thread-914] INFO  impl.FollowerState (FollowerState.java:run(108)) - d2424f4d-20d2-4104-abcc-02e6288f3ffc@group-62509A8A5C15-FollowerState: change to CANDIDATE, lastRpcTime:89ms, electionTimeout:89ms
2019-10-17 21:15:42,193 [Thread-914] INFO  impl.RoleInfo (RoleInfo.java:shutdownFollowerState(121)) - d2424f4d-20d2-4104-abcc-02e6288f3ffc: shutdown FollowerState
2019-10-17 21:15:42,194 [Thread-914] INFO  impl.RaftServerImpl (RaftServerImpl.java:setRole(184)) - d2424f4d-20d2-4104-abcc-02e6288f3ffc@group-62509A8A5C15: changes role from  FOLLOWER to CANDIDATE at term 110 for changeToCandidate
2019-10-17 21:15:42,194 [Thread-914] INFO  impl.RoleInfo (RoleInfo.java:updateAndGet(143)) - d2424f4d-20d2-4104-abcc-02e6288f3ffc: start LeaderElection
2019-10-17 21:15:42,220 [d2424f4d-20d2-4104-abcc-02e6288f3ffc@group-62509A8A5C15-LeaderElection106] INFO  impl.LeaderElection (LeaderElection.java:askForVotes(178)) - d2424f4d-20d2-4104-abcc-02e6288f3ffc@group-62509A8A5C15-LeaderElection106: begin an election at term 111 for -1: [3909bd6a-278d-4911-9d70-32680c972d02:192.168.157.223:33343, d2424f4d-20d2-4104-abcc-02e6288f3ffc:192.168.157.223:39352, 7c510082-4284-44ef-8cd9-bb38fb15579f:192.168.157.223:33098], old=null
2019-10-17 21:15:42,223 [grpc-default-executor-4] INFO  impl.RaftServerImpl (RaftServerImpl.java:setRole(184)) - 3909bd6a-278d-4911-9d70-32680c972d02@group-62509A8A5C15: changes role from  FOLLOWER to FOLLOWER at term 111 for recognizeCandidate:d2424f4d-20d2-4104-abcc-02e6288f3ffc
2019-10-17 21:15:42,223 [grpc-default-executor-4] INFO  impl.RoleInfo (RoleInfo.java:shutdownFollowerState(121)) - 3909bd6a-278d-4911-9d70-32680c972d02: shutdown FollowerState
2019-10-17 21:15:42,223 [grpc-default-executor-4] INFO  impl.RoleInfo (RoleInfo.java:updateAndGet(143)) - 3909bd6a-278d-4911-9d70-32680c972d02: start FollowerState
2019-10-17 21:15:42,224 [Thread-912] INFO  impl.FollowerState (FollowerState.java:run(117)) - 3909bd6a-278d-4911-9d70-32680c972d02@group-62509A8A5C15-FollowerState was interrupted: java.lang.InterruptedException: sleep interrupted
2019-10-17 21:15:42,224 [grpc-default-executor-2] INFO  impl.RaftServerImpl (RaftServerImpl.java:setRole(184)) - 7c510082-4284-44ef-8cd9-bb38fb15579f@group-62509A8A5C15: changes role from  FOLLOWER to FOLLOWER at term 111 for recognizeCandidate:d2424f4d-20d2-4104-abcc-02e6288f3ffc
2019-10-17 21:15:42,224 [grpc-default-executor-2] INFO  impl.RoleInfo (RoleInfo.java:shutdownFollowerState(121)) - 7c510082-4284-44ef-8cd9-bb38fb15579f: shutdown FollowerState
2019-10-17 21:15:42,225 [grpc-default-executor-2] INFO  impl.RoleInfo (RoleInfo.java:updateAndGet(143)) - 7c510082-4284-44ef-8cd9-bb38fb15579f: start FollowerState
2019-10-17 21:15:42,225 [Thread-913] INFO  impl.FollowerState (FollowerState.java:run(117)) - 7c510082-4284-44ef-8cd9-bb38fb15579f@group-62509A8A5C15-FollowerState was interrupted: java.lang.InterruptedException: sleep interrupted
2019-10-17 21:15:42,240 [d2424f4d-20d2-4104-abcc-02e6288f3ffc@group-62509A8A5C15-LeaderElection106] INFO  impl.LeaderElection (LeaderElection.java:logAndReturn(56)) - d2424f4d-20d2-4104-abcc-02e6288f3ffc@group-62509A8A5C15-LeaderElection106: Election REJECTED; received 2 response(s) [d2424f4d-20d2-4104-abcc-02e6288f3ffc<-3909bd6a-278d-4911-9d70-32680c972d02#0:FAIL-t111, d2424f4d-20d2-4104-abcc-02e6288f3ffc<-7c510082-4284-44ef-8cd9-bb38fb15579f#0:FAIL-t111] and 0 exception(s); d2424f4d-20d2-4104-abcc-02e6288f3ffc@group-62509A8A5C15:t111, leader=null, voted=d2424f4d-20d2-4104-abcc-02e6288f3ffc, raftlog=d2424f4d-20d2-4104-abcc-02e6288f3ffc@group-62509A8A5C15-SegmentedRaftLog:OPENED:c-1,f-1,i0, conf=-1: [3909bd6a-278d-4911-9d70-32680c972d02:192.168.157.223:33343, d2424f4d-20d2-4104-abcc-02e6288f3ffc:192.168.157.223:39352, 7c510082-4284-44ef-8cd9-bb38fb15579f:192.168.157.223:33098], old=null
2019-10-17 21:15:42,240 [d2424f4d-20d2-4104-abcc-02e6288f3ffc@group-62509A8A5C15-LeaderElection106] INFO  impl.RaftServerImpl (RaftServerImpl.java:setRole(184)) - d2424f4d-20d2-4104-abcc-02e6288f3ffc@group-62509A8A5C15: changes role from CANDIDATE to FOLLOWER at term 111 for DISCOVERED_A_NEW_TERM
2019-10-17 21:15:42,240 [d2424f4d-20d2-4104-abcc-02e6288f3ffc@group-62509A8A5C15-LeaderElection106] INFO  impl.RoleInfo (RoleInfo.java:shutdownLeaderElection(134)) - d2424f4d-20d2-4104-abcc-02e6288f3ffc: shutdown LeaderElection
2019-10-17 21:15:42,240 [d2424f4d-20d2-4104-abcc-02e6288f3ffc@group-62509A8A5C15-LeaderElection106] INFO  impl.RoleInfo (RoleInfo.java:updateAndGet(143)) - d2424f4d-20d2-4104-abcc-02e6288f3ffc: start FollowerState
2019-10-17 21:15:42,416 [Thread-920] INFO  impl.FollowerState (FollowerState.java:run(108)) - d2424f4d-20d2-4104-abcc-02e6288f3ffc@group-62509A8A5C15-FollowerState: change to CANDIDATE, lastRpcTime:175ms, electionTimeout:175ms
2019-10-17 21:15:42,416 [Thread-920] INFO  impl.RoleInfo (RoleInfo.java:shutdownFollowerState(121)) - d2424f4d-20d2-4104-abcc-02e6288f3ffc: shutdown FollowerState
2019-10-17 21:15:42,416 [Thread-920] INFO  impl.RaftServerImpl (RaftServerImpl.java:setRole(184)) - d2424f4d-20d2-4104-abcc-02e6288f3ffc@group-62509A8A5C15: changes role from  FOLLOWER to CANDIDATE at term 111 for changeToCandidate
2019-10-17 21:15:42,416 [Thread-920] INFO  impl.RoleInfo (RoleInfo.java:updateAndGet(143)) - d2424f4d-20d2-4104-abcc-02e6288f3ffc: start LeaderElection
2019-10-17 21:15:42,442 [d2424f4d-20d2-4104-abcc-02e6288f3ffc@group-62509A8A5C15-LeaderElection107] INFO  impl.LeaderElection (LeaderElection.java:askForVotes(178)) - d2424f4d-20d2-4104-abcc-02e6288f3ffc@group-62509A8A5C15-LeaderElection107: begin an election at term 112 for -1: [3909bd6a-278d-4911-9d70-32680c972d02:192.168.157.223:33343, d2424f4d-20d2-4104-abcc-02e6288f3ffc:192.168.157.223:39352, 7c510082-4284-44ef-8cd9-bb38fb15579f:192.168.157.223:33098], old=null
2019-10-17 21:15:42,445 [grpc-default-executor-4] INFO  impl.RaftServerImpl (RaftServerImpl.java:setRole(184)) - 3909bd6a-278d-4911-9d70-32680c972d02@group-62509A8A5C15: changes role from  FOLLOWER to FOLLOWER at term 112 for recognizeCandidate:d2424f4d-20d2-4104-abcc-02e6288f3ffc
2019-10-17 21:15:42,446 [grpc-default-executor-4] INFO  impl.RoleInfo (RoleInfo.java:shutdownFollowerState(121)) - 3909bd6a-278d-4911-9d70-32680c972d02: shutdown FollowerState
2019-10-17 21:15:42,446 [grpc-default-executor-4] INFO  impl.RoleInfo (RoleInfo.java:updateAndGet(143)) - 3909bd6a-278d-4911-9d70-32680c972d02: start FollowerState
2019-10-17 21:15:42,446 [grpc-default-executor-2] INFO  impl.RaftServerImpl (RaftServerImpl.java:setRole(184)) - 7c510082-4284-44ef-8cd9-bb38fb15579f@group-62509A8A5C15: changes role from  FOLLOWER to FOLLOWER at term 112 for recognizeCandidate:d2424f4d-20d2-4104-abcc-02e6288f3ffc
2019-10-17 21:15:42,446 [Thread-918] INFO  impl.FollowerState (FollowerState.java:run(117)) - 3909bd6a-278d-4911-9d70-32680c972d02@group-62509A8A5C15-FollowerState was interrupted: java.lang.InterruptedException: sleep interrupted
2019-10-17 21:15:42,446 [grpc-default-executor-2] INFO  impl.RoleInfo (RoleInfo.java:shutdownFollowerState(121)) - 7c510082-4284-44ef-8cd9-bb38fb15579f: shutdown FollowerState
2019-10-17 21:15:42,446 [grpc-default-executor-2] INFO  impl.RoleInfo (RoleInfo.java:updateAndGet(143)) - 7c510082-4284-44ef-8cd9-bb38fb15579f: start FollowerState
2019-10-17 21:15:42,447 [Thread-919] INFO  impl.FollowerState (FollowerState.java:run(117)) - 7c510082-4284-44ef-8cd9-bb38fb15579f@group-62509A8A5C15-FollowerState was interrupted: java.lang.InterruptedException: sleep interrupted
2019-10-17 21:15:42,473 [d2424f4d-20d2-4104-abcc-02e6288f3ffc@group-62509A8A5C15-LeaderElection107] INFO  impl.LeaderElection (LeaderElection.java:logAndReturn(56)) - d2424f4d-20d2-4104-abcc-02e6288f3ffc@group-62509A8A5C15-LeaderElection107: Election REJECTED; received 2 response(s) [d2424f4d-20d2-4104-abcc-02e6288f3ffc<-3909bd6a-278d-4911-9d70-32680c972d02#0:FAIL-t112, d2424f4d-20d2-4104-abcc-02e6288f3ffc<-7c510082-4284-44ef-8cd9-bb38fb15579f#0:FAIL-t112] and 0 exception(s); d2424f4d-20d2-4104-abcc-02e6288f3ffc@group-62509A8A5C15:t112, leader=null, voted=d2424f4d-20d2-4104-abcc-02e6288f3ffc, raftlog=d2424f4d-20d2-4104-abcc-02e6288f3ffc@group-62509A8A5C15-SegmentedRaftLog:OPENED:c-1,f-1,i0, conf=-1: [3909bd6a-278d-4911-9d70-32680c972d02:192.168.157.223:33343, d2424f4d-20d2-4104-abcc-02e6288f3ffc:192.168.157.223:39352, 7c510082-4284-44ef-8cd9-bb38fb15579f:192.168.157.223:33098], old=null
2019-10-17 21:15:42,473 [d2424f4d-20d2-4104-abcc-02e6288f3ffc@group-62509A8A5C15-LeaderElection107] INFO  impl.RaftServerImpl (RaftServerImpl.java:setRole(184)) - d2424f4d-20d2-4104-abcc-02e6288f3ffc@group-62509A8A5C15: changes role from CANDIDATE to FOLLOWER at term 112 for DISCOVERED_A_NEW_TERM
2019-10-17 21:15:42,473 [d2424f4d-20d2-4104-abcc-02e6288f3ffc@group-62509A8A5C15-LeaderElection107] INFO  impl.RoleInfo (RoleInfo.java:shutdownLeaderElection(134)) - d2424f4d-20d2-4104-abcc-02e6288f3ffc: shutdown LeaderElection
2019-10-17 21:15:42,473 [d2424f4d-20d2-4104-abcc-02e6288f3ffc@group-62509A8A5C15-LeaderElection107] INFO  impl.RoleInfo (RoleInfo.java:updateAndGet(143)) - d2424f4d-20d2-4104-abcc-02e6288f3ffc: start FollowerState
2019-10-17 21:15:42,649 [Thread-926] INFO  impl.FollowerState (FollowerState.java:run(108)) - d2424f4d-20d2-4104-abcc-02e6288f3ffc@group-62509A8A5C15-FollowerState: change to CANDIDATE, lastRpcTime:175ms, electionTimeout:175ms
2019-10-17 21:15:42,649 [Thread-926] INFO  impl.RoleInfo (RoleInfo.java:shutdownFollowerState(121)) - d2424f4d-20d2-4104-abcc-02e6288f3ffc: shutdown FollowerState
2019-10-17 21:15:42,649 [Thread-926] INFO  impl.RaftServerImpl (RaftServerImpl.java:setRole(184)) - d2424f4d-20d2-4104-abcc-02e6288f3ffc@group-62509A8A5C15: changes role from  FOLLOWER to CANDIDATE at term 112 for changeToCandidate
2019-10-17 21:15:42,649 [Thread-926] INFO  impl.RoleInfo (RoleInfo.java:updateAndGet(143)) - d2424f4d-20d2-4104-abcc-02e6288f3ffc: start LeaderElection
2019-10-17 21:15:42,664 [d2424f4d-20d2-4104-abcc-02e6288f3ffc@group-62509A8A5C15-LeaderElection108] INFO  impl.LeaderElection (LeaderElection.java:askForVotes(178)) - d2424f4d-20d2-4104-abcc-02e6288f3ffc@group-62509A8A5C15-LeaderElection108: begin an election at term 113 for -1: [3909bd6a-278d-4911-9d70-32680c972d02:192.168.157.223:33343, d2424f4d-20d2-4104-abcc-02e6288f3ffc:192.168.157.223:39352, 7c510082-4284-44ef-8cd9-bb38fb15579f:192.168.157.223:33098], old=null
2019-10-17 21:15:42,666 [grpc-default-executor-2] INFO  impl.RaftServerImpl (RaftServerImpl.java:setRole(184)) - 3909bd6a-278d-4911-9d70-32680c972d02@group-62509A8A5C15: changes role from  FOLLOWER to FOLLOWER at term 113 for recognizeCandidate:d2424f4d-20d2-4104-abcc-02e6288f3ffc
2019-10-17 21:15:42,666 [grpc-default-executor-2] INFO  impl.RoleInfo (RoleInfo.java:shutdownFollowerState(121)) - 3909bd6a-278d-4911-9d70-32680c972d02: shutdown FollowerState
2019-10-17 21:15:42,666 [grpc-default-executor-2] INFO  impl.RoleInfo (RoleInfo.java:updateAndGet(143)) - 3909bd6a-278d-4911-9d70-32680c972d02: start FollowerState
2019-10-17 21:15:42,666 [Thread-924] INFO  impl.FollowerState (FollowerState.java:run(117)) - 3909bd6a-278d-4911-9d70-32680c972d02@group-62509A8A5C15-FollowerState was interrupted: java.lang.InterruptedException: sleep interrupted
2019-10-17 21:15:42,666 [grpc-default-executor-4] INFO  impl.RaftServerImpl (RaftServerImpl.java:setRole(184)) - 7c510082-4284-44ef-8cd9-bb38fb15579f@group-62509A8A5C15: changes role from  FOLLOWER to FOLLOWER at term 113 for recognizeCandidate:d2424f4d-20d2-4104-abcc-02e6288f3ffc
2019-10-17 21:15:42,667 [grpc-default-executor-4] INFO  impl.RoleInfo (RoleInfo.java:shutdownFollowerState(121)) - 7c510082-4284-44ef-8cd9-bb38fb15579f: shutdown FollowerState
2019-10-17 21:15:42,667 [grpc-default-executor-4] INFO  impl.RoleInfo (RoleInfo.java:updateAndGet(143)) - 7c510082-4284-44ef-8cd9-bb38fb15579f: start FollowerState
2019-10-17 21:15:42,667 [Thread-925] INFO  impl.FollowerState (FollowerState.java:run(117)) - 7c510082-4284-44ef-8cd9-bb38fb15579f@group-62509A8A5C15-FollowerState was interrupted: java.lang.InterruptedException: sleep interrupted
2019-10-17 21:15:42,682 [d2424f4d-20d2-4104-abcc-02e6288f3ffc@group-62509A8A5C15-LeaderElection108] INFO  impl.LeaderElection (LeaderElection.java:logAndReturn(56)) - d2424f4d-20d2-4104-abcc-02e6288f3ffc@group-62509A8A5C15-LeaderElection108: Election REJECTED; received 2 response(s) [d2424f4d-20d2-4104-abcc-02e6288f3ffc<-3909bd6a-278d-4911-9d70-32680c972d02#0:FAIL-t113, d2424f4d-20d2-4104-abcc-02e6288f3ffc<-7c510082-4284-44ef-8cd9-bb38fb15579f#0:FAIL-t113] and 0 exception(s); d2424f4d-20d2-4104-abcc-02e6288f3ffc@group-62509A8A5C15:t113, leader=null, voted=d2424f4d-20d2-4104-abcc-02e6288f3ffc, raftlog=d2424f4d-20d2-4104-abcc-02e6288f3ffc@group-62509A8A5C15-SegmentedRaftLog:OPENED:c-1,f-1,i0, conf=-1: [3909bd6a-278d-4911-9d70-32680c972d02:192.168.157.223:33343, d2424f4d-20d2-4104-abcc-02e6288f3ffc:192.168.157.223:39352, 7c510082-4284-44ef-8cd9-bb38fb15579f:192.168.157.223:33098], old=null
2019-10-17 21:15:42,683 [d2424f4d-20d2-4104-abcc-02e6288f3ffc@group-62509A8A5C15-LeaderElection108] INFO  impl.RaftServerImpl (RaftServerImpl.java:setRole(184)) - d2424f4d-20d2-4104-abcc-02e6288f3ffc@group-62509A8A5C15: changes role from CANDIDATE to FOLLOWER at term 113 for DISCOVERED_A_NEW_TERM
2019-10-17 21:15:42,683 [d2424f4d-20d2-4104-abcc-02e6288f3ffc@group-62509A8A5C15-LeaderElection108] INFO  impl.RoleInfo (RoleInfo.java:shutdownLeaderElection(134)) - d2424f4d-20d2-4104-abcc-02e6288f3ffc: shutdown LeaderElection
2019-10-17 21:15:42,683 [d2424f4d-20d2-4104-abcc-02e6288f3ffc@group-62509A8A5C15-LeaderElection108] INFO  impl.RoleInfo (RoleInfo.java:updateAndGet(143)) - d2424f4d-20d2-4104-abcc-02e6288f3ffc: start FollowerState
2019-10-17 21:15:42,808 [Thread-934] INFO  impl.FollowerState (FollowerState.java:run(108)) - d2424f4d-20d2-4104-abcc-02e6288f3ffc@group-62509A8A5C15-FollowerState: change to CANDIDATE, lastRpcTime:124ms, electionTimeout:121ms
2019-10-17 21:15:42,808 [Thread-934] INFO  impl.RoleInfo (RoleInfo.java:shutdownFollowerState(121)) - d2424f4d-20d2-4104-abcc-02e6288f3ffc: shutdown FollowerState
2019-10-17 21:15:42,808 [Thread-934] INFO  impl.RaftServerImpl (RaftServerImpl.java:setRole(184)) - d2424f4d-20d2-4104-abcc-02e6288f3ffc@group-62509A8A5C15: changes role from  FOLLOWER to CANDIDATE at term 113 for changeToCandidate
2019-10-17 21:15:42,808 [Thread-934] INFO  impl.RoleInfo (RoleInfo.java:updateAndGet(143)) - d2424f4d-20d2-4104-abcc-02e6288f3ffc: start LeaderElection
2019-10-17 21:15:42,834 [d2424f4d-20d2-4104-abcc-02e6288f3ffc@group-62509A8A5C15-LeaderElection109] INFO  impl.LeaderElection (LeaderElection.java:askForVotes(178)) - d2424f4d-20d2-4104-abcc-02e6288f3ffc@group-62509A8A5C15-LeaderElection109: begin an election at term 114 for -1: [3909bd6a-278d-4911-9d70-32680c972d02:192.168.157.223:33343, d2424f4d-20d2-4104-abcc-02e6288f3ffc:192.168.157.223:39352, 7c510082-4284-44ef-8cd9-bb38fb15579f:192.168.157.223:33098], old=null
2019-10-17 21:15:42,836 [grpc-default-executor-6] INFO  impl.RaftServerImpl (RaftServerImpl.java:setRole(184)) - 3909bd6a-278d-4911-9d70-32680c972d02@group-62509A8A5C15: changes role from  FOLLOWER to FOLLOWER at term 114 for recognizeCandidate:d2424f4d-20d2-4104-abcc-02e6288f3ffc
2019-10-17 21:15:42,836 [grpc-default-executor-6] INFO  impl.RoleInfo (RoleInfo.java:shutdownFollowerState(121)) - 3909bd6a-278d-4911-9d70-32680c972d02: shutdown FollowerState
2019-10-17 21:15:42,836 [grpc-default-executor-6] INFO  impl.RoleInfo (RoleInfo.java:updateAndGet(143)) - 3909bd6a-278d-4911-9d70-32680c972d02: start FollowerState
2019-10-17 21:15:42,837 [grpc-default-executor-2] INFO  impl.RaftServerImpl (RaftServerImpl.java:setRole(184)) - 7c510082-4284-44ef-8cd9-bb38fb15579f@group-62509A8A5C15: changes role from  FOLLOWER to FOLLOWER at term 114 for recognizeCandidate:d2424f4d-20d2-4104-abcc-02e6288f3ffc
2019-10-17 21:15:42,837 [Thread-930] INFO  impl.FollowerState (FollowerState.java:run(117)) - 3909bd6a-278d-4911-9d70-32680c972d02@group-62509A8A5C15-FollowerState was interrupted: java.lang.InterruptedException: sleep interrupted
2019-10-17 21:15:42,837 [grpc-default-executor-2] INFO  impl.RoleInfo (RoleInfo.java:shutdownFollowerState(121)) - 7c510082-4284-44ef-8cd9-bb38fb15579f: shutdown FollowerState
2019-10-17 21:15:42,837 [grpc-default-executor-2] INFO  impl.RoleInfo (RoleInfo.java:updateAndGet(143)) - 7c510082-4284-44ef-8cd9-bb38fb15579f: start FollowerState
2019-10-17 21:15:42,837 [Thread-931] INFO  impl.FollowerState (FollowerState.java:run(117)) - 7c510082-4284-44ef-8cd9-bb38fb15579f@group-62509A8A5C15-FollowerState was interrupted: java.lang.InterruptedException: sleep interrupted
2019-10-17 21:15:42,865 [d2424f4d-20d2-4104-abcc-02e6288f3ffc@group-62509A8A5C15-LeaderElection109] INFO  impl.LeaderElection (LeaderElection.java:logAndReturn(56)) - d2424f4d-20d2-4104-abcc-02e6288f3ffc@group-62509A8A5C15-LeaderElection109: Election REJECTED; received 2 response(s) [d2424f4d-20d2-4104-abcc-02e6288f3ffc<-3909bd6a-278d-4911-9d70-32680c972d02#0:FAIL-t114, d2424f4d-20d2-4104-abcc-02e6288f3ffc<-7c510082-4284-44ef-8cd9-bb38fb15579f#0:FAIL-t114] and 0 exception(s); d2424f4d-20d2-4104-abcc-02e6288f3ffc@group-62509A8A5C15:t114, leader=null, voted=d2424f4d-20d2-4104-abcc-02e6288f3ffc, raftlog=d2424f4d-20d2-4104-abcc-02e6288f3ffc@group-62509A8A5C15-SegmentedRaftLog:OPENED:c-1,f-1,i0, conf=-1: [3909bd6a-278d-4911-9d70-32680c972d02:192.168.157.223:33343, d2424f4d-20d2-4104-abcc-02e6288f3ffc:192.168.157.223:39352, 7c510082-4284-44ef-8cd9-bb38fb15579f:192.168.157.223:33098], old=null
2019-10-17 21:15:42,865 [d2424f4d-20d2-4104-abcc-02e6288f3ffc@group-62509A8A5C15-LeaderElection109] INFO  impl.RaftServerImpl (RaftServerImpl.java:setRole(184)) - d2424f4d-20d2-4104-abcc-02e6288f3ffc@group-62509A8A5C15: changes role from CANDIDATE to FOLLOWER at term 114 for DISCOVERED_A_NEW_TERM
2019-10-17 21:15:42,865 [d2424f4d-20d2-4104-abcc-02e6288f3ffc@group-62509A8A5C15-LeaderElection109] INFO  impl.RoleInfo (RoleInfo.java:shutdownLeaderElection(134)) - d2424f4d-20d2-4104-abcc-02e6288f3ffc: shutdown LeaderElection
2019-10-17 21:15:42,865 [d2424f4d-20d2-4104-abcc-02e6288f3ffc@group-62509A8A5C15-LeaderElection109] INFO  impl.RoleInfo (RoleInfo.java:updateAndGet(143)) - d2424f4d-20d2-4104-abcc-02e6288f3ffc: start FollowerState
2019-10-17 21:15:43,015 [Thread-940] INFO  impl.FollowerState (FollowerState.java:run(108)) - d2424f4d-20d2-4104-abcc-02e6288f3ffc@group-62509A8A5C15-FollowerState: change to CANDIDATE, lastRpcTime:149ms, electionTimeout:149ms
2019-10-17 21:15:43,015 [Thread-940] INFO  impl.RoleInfo (RoleInfo.java:shutdownFollowerState(121)) - d2424f4d-20d2-4104-abcc-02e6288f3ffc: shutdown FollowerState
2019-10-17 21:15:43,015 [Thread-940] INFO  impl.RaftServerImpl (RaftServerImpl.java:setRole(184)) - d2424f4d-20d2-4104-abcc-02e6288f3ffc@group-62509A8A5C15: changes role from  FOLLOWER to CANDIDATE at term 114 for changeToCandidate
2019-10-17 21:15:43,015 [Thread-940] INFO  impl.RoleInfo (RoleInfo.java:updateAndGet(143)) - d2424f4d-20d2-4104-abcc-02e6288f3ffc: start LeaderElection
2019-10-17 21:15:43,073 [d2424f4d-20d2-4104-abcc-02e6288f3ffc@group-62509A8A5C15-LeaderElection110] INFO  impl.LeaderElection (LeaderElection.java:askForVotes(178)) - d2424f4d-20d2-4104-abcc-02e6288f3ffc@group-62509A8A5C15-LeaderElection110: begin an election at term 115 for -1: [3909bd6a-278d-4911-9d70-32680c972d02:192.168.157.223:33343, d2424f4d-20d2-4104-abcc-02e6288f3ffc:192.168.157.223:39352, 7c510082-4284-44ef-8cd9-bb38fb15579f:192.168.157.223:33098], old=null
2019-10-17 21:15:43,077 [grpc-default-executor-2] INFO  impl.RaftServerImpl (RaftServerImpl.java:setRole(184)) - 3909bd6a-278d-4911-9d70-32680c972d02@group-62509A8A5C15: changes role from  FOLLOWER to FOLLOWER at term 115 for recognizeCandidate:d2424f4d-20d2-4104-abcc-02e6288f3ffc
2019-10-17 21:15:43,077 [grpc-default-executor-6] INFO  impl.RaftServerImpl (RaftServerImpl.java:setRole(184)) - 7c510082-4284-44ef-8cd9-bb38fb15579f@group-62509A8A5C15: changes role from  FOLLOWER to FOLLOWER at term 115 for recognizeCandidate:d2424f4d-20d2-4104-abcc-02e6288f3ffc
2019-10-17 21:15:43,077 [grpc-default-executor-2] INFO  impl.RoleInfo (RoleInfo.java:shutdownFollowerState(121)) - 3909bd6a-278d-4911-9d70-32680c972d02: shutdown FollowerState
2019-10-17 21:15:43,077 [grpc-default-executor-6] INFO  impl.RoleInfo (RoleInfo.java:shutdownFollowerState(121)) - 7c510082-4284-44ef-8cd9-bb38fb15579f: shutdown FollowerState
2019-10-17 21:15:43,077 [grpc-default-executor-2] INFO  impl.RoleInfo (RoleInfo.java:updateAndGet(143)) - 3909bd6a-278d-4911-9d70-32680c972d02: start FollowerState
2019-10-17 21:15:43,077 [Thread-938] INFO  impl.FollowerState (FollowerState.java:run(117)) - 3909bd6a-278d-4911-9d70-32680c972d02@group-62509A8A5C15-FollowerState was interrupted: java.lang.InterruptedException: sleep interrupted
2019-10-17 21:15:43,078 [Thread-939] INFO  impl.FollowerState (FollowerState.java:run(117)) - 7c510082-4284-44ef-8cd9-bb38fb15579f@group-62509A8A5C15-FollowerState was interrupted: java.lang.InterruptedException: sleep interrupted
2019-10-17 21:15:43,078 [grpc-default-executor-6] INFO  impl.RoleInfo (RoleInfo.java:updateAndGet(143)) - 7c510082-4284-44ef-8cd9-bb38fb15579f: start FollowerState
2019-10-17 21:15:43,093 [d2424f4d-20d2-4104-abcc-02e6288f3ffc@group-62509A8A5C15-LeaderElection110] INFO  impl.LeaderElection (LeaderElection.java:logAndReturn(56)) - d2424f4d-20d2-4104-abcc-02e6288f3ffc@group-62509A8A5C15-LeaderElection110: Election REJECTED; received 2 response(s) [d2424f4d-20d2-4104-abcc-02e6288f3ffc<-3909bd6a-278d-4911-9d70-32680c972d02#0:FAIL-t115, d2424f4d-20d2-4104-abcc-02e6288f3ffc<-7c510082-4284-44ef-8cd9-bb38fb15579f#0:FAIL-t115] and 0 exception(s); d2424f4d-20d2-4104-abcc-02e6288f3ffc@group-62509A8A5C15:t115, leader=null, voted=d2424f4d-20d2-4104-abcc-02e6288f3ffc, raftlog=d2424f4d-20d2-4104-abcc-02e6288f3ffc@group-62509A8A5C15-SegmentedRaftLog:OPENED:c-1,f-1,i0, conf=-1: [3909bd6a-278d-4911-9d70-32680c972d02:192.168.157.223:33343, d2424f4d-20d2-4104-abcc-02e6288f3ffc:192.168.157.223:39352, 7c510082-4284-44ef-8cd9-bb38fb15579f:192.168.157.223:33098], old=null
2019-10-17 21:15:43,093 [d2424f4d-20d2-4104-abcc-02e6288f3ffc@group-62509A8A5C15-LeaderElection110] INFO  impl.RaftServerImpl (RaftServerImpl.java:setRole(184)) - d2424f4d-20d2-4104-abcc-02e6288f3ffc@group-62509A8A5C15: changes role from CANDIDATE to FOLLOWER at term 115 for DISCOVERED_A_NEW_TERM
2019-10-17 21:15:43,093 [d2424f4d-20d2-4104-abcc-02e6288f3ffc@group-62509A8A5C15-LeaderElection110] INFO  impl.RoleInfo (RoleInfo.java:shutdownLeaderElection(134)) - d2424f4d-20d2-4104-abcc-02e6288f3ffc: shutdown LeaderElection
2019-10-17 21:15:43,094 [d2424f4d-20d2-4104-abcc-02e6288f3ffc@group-62509A8A5C15-LeaderElection110] INFO  impl.RoleInfo (RoleInfo.java:updateAndGet(143)) - d2424f4d-20d2-4104-abcc-02e6288f3ffc: start FollowerState
2019-10-17 21:15:43,104 [Thread-946] INFO  impl.FollowerState (FollowerState.java:run(108)) - d2424f4d-20d2-4104-abcc-02e6288f3ffc@group-62509A8A5C15-FollowerState: change to CANDIDATE, lastRpcTime:10ms, electionTimeout:10ms
2019-10-17 21:15:43,104 [Thread-946] INFO  impl.RoleInfo (RoleInfo.java:shutdownFollowerState(121)) - d2424f4d-20d2-4104-abcc-02e6288f3ffc: shutdown FollowerState
2019-10-17 21:15:43,104 [Thread-946] INFO  impl.RaftServerImpl (RaftServerImpl.java:setRole(184)) - d2424f4d-20d2-4104-abcc-02e6288f3ffc@group-62509A8A5C15: changes role from  FOLLOWER to CANDIDATE at term 115 for changeToCandidate
2019-10-17 21:15:43,105 [Thread-946] INFO  impl.RoleInfo (RoleInfo.java:updateAndGet(143)) - d2424f4d-20d2-4104-abcc-02e6288f3ffc: start LeaderElection
2019-10-17 21:15:43,118 [d2424f4d-20d2-4104-abcc-02e6288f3ffc@group-62509A8A5C15-LeaderElection111] INFO  impl.LeaderElection (LeaderElection.java:askForVotes(178)) - d2424f4d-20d2-4104-abcc-02e6288f3ffc@group-62509A8A5C15-LeaderElection111: begin an election at term 116 for -1: [3909bd6a-278d-4911-9d70-32680c972d02:192.168.157.223:33343, d2424f4d-20d2-4104-abcc-02e6288f3ffc:192.168.157.223:39352, 7c510082-4284-44ef-8cd9-bb38fb15579f:192.168.157.223:33098], old=null
2019-10-17 21:15:43,120 [grpc-default-executor-6] INFO  impl.RaftServerImpl (RaftServerImpl.java:setRole(184)) - 3909bd6a-278d-4911-9d70-32680c972d02@group-62509A8A5C15: changes role from  FOLLOWER to FOLLOWER at term 116 for recognizeCandidate:d2424f4d-20d2-4104-abcc-02e6288f3ffc
2019-10-17 21:15:43,120 [grpc-default-executor-2] INFO  impl.RaftServerImpl (RaftServerImpl.java:setRole(184)) - 7c510082-4284-44ef-8cd9-bb38fb15579f@group-62509A8A5C15: changes role from  FOLLOWER to FOLLOWER at term 116 for recognizeCandidate:d2424f4d-20d2-4104-abcc-02e6288f3ffc
2019-10-17 21:15:43,121 [grpc-default-executor-6] INFO  impl.RoleInfo (RoleInfo.java:shutdownFollowerState(121)) - 3909bd6a-278d-4911-9d70-32680c972d02: shutdown FollowerState
2019-10-17 21:15:43,121 [grpc-default-executor-2] INFO  impl.RoleInfo (RoleInfo.java:shutdownFollowerState(121)) - 7c510082-4284-44ef-8cd9-bb38fb15579f: shutdown FollowerState
2019-10-17 21:15:43,121 [Thread-944] INFO  impl.FollowerState (FollowerState.java:run(117)) - 3909bd6a-278d-4911-9d70-32680c972d02@group-62509A8A5C15-FollowerState was interrupted: java.lang.InterruptedException: sleep interrupted
2019-10-17 21:15:43,121 [grpc-default-executor-6] INFO  impl.RoleInfo (RoleInfo.java:updateAndGet(143)) - 3909bd6a-278d-4911-9d70-32680c972d02: start FollowerState
2019-10-17 21:15:43,121 [Thread-945] INFO  impl.FollowerState (FollowerState.java:run(117)) - 7c510082-4284-44ef-8cd9-bb38fb15579f@group-62509A8A5C15-FollowerState was interrupted: java.lang.InterruptedException: sleep interrupted
2019-10-17 21:15:43,121 [grpc-default-executor-2] INFO  impl.RoleInfo (RoleInfo.java:updateAndGet(143)) - 7c510082-4284-44ef-8cd9-bb38fb15579f: start FollowerState
2019-10-17 21:15:43,136 [d2424f4d-20d2-4104-abcc-02e6288f3ffc@group-62509A8A5C15-LeaderElection111] INFO  impl.LeaderElection (LeaderElection.java:logAndReturn(56)) - d2424f4d-20d2-4104-abcc-02e6288f3ffc@group-62509A8A5C15-LeaderElection111: Election REJECTED; received 2 response(s) [d2424f4d-20d2-4104-abcc-02e6288f3ffc<-3909bd6a-278d-4911-9d70-32680c972d02#0:FAIL-t116, d2424f4d-20d2-4104-abcc-02e6288f3ffc<-7c510082-4284-44ef-8cd9-bb38fb15579f#0:FAIL-t116] and 0 exception(s); d2424f4d-20d2-4104-abcc-02e6288f3ffc@group-62509A8A5C15:t116, leader=null, voted=d2424f4d-20d2-4104-abcc-02e6288f3ffc, raftlog=d2424f4d-20d2-4104-abcc-02e6288f3ffc@group-62509A8A5C15-SegmentedRaftLog:OPENED:c-1,f-1,i0, conf=-1: [3909bd6a-278d-4911-9d70-32680c972d02:192.168.157.223:33343, d2424f4d-20d2-4104-abcc-02e6288f3ffc:192.168.157.223:39352, 7c510082-4284-44ef-8cd9-bb38fb15579f:192.168.157.223:33098], old=null
2019-10-17 21:15:43,136 [d2424f4d-20d2-4104-abcc-02e6288f3ffc@group-62509A8A5C15-LeaderElection111] INFO  impl.RaftServerImpl (RaftServerImpl.java:setRole(184)) - d2424f4d-20d2-4104-abcc-02e6288f3ffc@group-62509A8A5C15: changes role from CANDIDATE to FOLLOWER at term 116 for DISCOVERED_A_NEW_TERM
2019-10-17 21:15:43,136 [d2424f4d-20d2-4104-abcc-02e6288f3ffc@group-62509A8A5C15-LeaderElection111] INFO  impl.RoleInfo (RoleInfo.java:shutdownLeaderElection(134)) - d2424f4d-20d2-4104-abcc-02e6288f3ffc: shutdown LeaderElection
2019-10-17 21:15:43,137 [d2424f4d-20d2-4104-abcc-02e6288f3ffc@group-62509A8A5C15-LeaderElection111] INFO  impl.RoleInfo (RoleInfo.java:updateAndGet(143)) - d2424f4d-20d2-4104-abcc-02e6288f3ffc: start FollowerState
2019-10-17 21:15:43,222 [Thread-952] INFO  impl.FollowerState (FollowerState.java:run(108)) - d2424f4d-20d2-4104-abcc-02e6288f3ffc@group-62509A8A5C15-FollowerState: change to CANDIDATE, lastRpcTime:85ms, electionTimeout:85ms
2019-10-17 21:15:43,222 [Thread-952] INFO  impl.RoleInfo (RoleInfo.java:shutdownFollowerState(121)) - d2424f4d-20d2-4104-abcc-02e6288f3ffc: shutdown FollowerState
2019-10-17 21:15:43,222 [Thread-952] INFO  impl.RaftServerImpl (RaftServerImpl.java:setRole(184)) - d2424f4d-20d2-4104-abcc-02e6288f3ffc@group-62509A8A5C15: changes role from  FOLLOWER to CANDIDATE at term 116 for changeToCandidate
2019-10-17 21:15:43,223 [Thread-952] INFO  impl.RoleInfo (RoleInfo.java:updateAndGet(143)) - d2424f4d-20d2-4104-abcc-02e6288f3ffc: start LeaderElection
2019-10-17 21:15:43,231 [d2424f4d-20d2-4104-abcc-02e6288f3ffc@group-62509A8A5C15-LeaderElection112] INFO  impl.LeaderElection (LeaderElection.java:askForVotes(178)) - d2424f4d-20d2-4104-abcc-02e6288f3ffc@group-62509A8A5C15-LeaderElection112: begin an election at term 117 for -1: [3909bd6a-278d-4911-9d70-32680c972d02:192.168.157.223:33343, d2424f4d-20d2-4104-abcc-02e6288f3ffc:192.168.157.223:39352, 7c510082-4284-44ef-8cd9-bb38fb15579f:192.168.157.223:33098], old=null
2019-10-17 21:15:43,234 [grpc-default-executor-6] INFO  impl.RaftServerImpl (RaftServerImpl.java:setRole(184)) - 3909bd6a-278d-4911-9d70-32680c972d02@group-62509A8A5C15: changes role from  FOLLOWER to FOLLOWER at term 117 for recognizeCandidate:d2424f4d-20d2-4104-abcc-02e6288f3ffc
2019-10-17 21:15:43,234 [grpc-default-executor-6] INFO  impl.RoleInfo (RoleInfo.java:shutdownFollowerState(121)) - 3909bd6a-278d-4911-9d70-32680c972d02: shutdown FollowerState
2019-10-17 21:15:43,234 [grpc-default-executor-6] INFO  impl.RoleInfo (RoleInfo.java:updateAndGet(143)) - 3909bd6a-278d-4911-9d70-32680c972d02: start FollowerState
2019-10-17 21:15:43,234 [Thread-950] INFO  impl.FollowerState (FollowerState.java:run(117)) - 3909bd6a-278d-4911-9d70-32680c972d02@group-62509A8A5C15-FollowerState was interrupted: java.lang.InterruptedException: sleep interrupted
2019-10-17 21:15:43,234 [grpc-default-executor-2] INFO  impl.RaftServerImpl (RaftServerImpl.java:setRole(184)) - 7c510082-4284-44ef-8cd9-bb38fb15579f@group-62509A8A5C15: changes role from  FOLLOWER to FOLLOWER at term 117 for recognizeCandidate:d2424f4d-20d2-4104-abcc-02e6288f3ffc
2019-10-17 21:15:43,234 [grpc-default-executor-2] INFO  impl.RoleInfo (RoleInfo.java:shutdownFollowerState(121)) - 7c510082-4284-44ef-8cd9-bb38fb15579f: shutdown FollowerState
2019-10-17 21:15:43,235 [grpc-default-executor-2] INFO  impl.RoleInfo (RoleInfo.java:updateAndGet(143)) - 7c510082-4284-44ef-8cd9-bb38fb15579f: start FollowerState
2019-10-17 21:15:43,235 [Thread-951] INFO  impl.FollowerState (FollowerState.java:run(117)) - 7c510082-4284-44ef-8cd9-bb38fb15579f@group-62509A8A5C15-FollowerState was interrupted: java.lang.InterruptedException: sleep interrupted
2019-10-17 21:15:43,251 [d2424f4d-20d2-4104-abcc-02e6288f3ffc@group-62509A8A5C15-LeaderElection112] INFO  impl.LeaderElection (LeaderElection.java:logAndReturn(56)) - d2424f4d-20d2-4104-abcc-02e6288f3ffc@group-62509A8A5C15-LeaderElection112: Election REJECTED; received 2 response(s) [d2424f4d-20d2-4104-abcc-02e6288f3ffc<-3909bd6a-278d-4911-9d70-32680c972d02#0:FAIL-t117, d2424f4d-20d2-4104-abcc-02e6288f3ffc<-7c510082-4284-44ef-8cd9-bb38fb15579f#0:FAIL-t117] and 0 exception(s); d2424f4d-20d2-4104-abcc-02e6288f3ffc@group-62509A8A5C15:t117, leader=null, voted=d2424f4d-20d2-4104-abcc-02e6288f3ffc, raftlog=d2424f4d-20d2-4104-abcc-02e6288f3ffc@group-62509A8A5C15-SegmentedRaftLog:OPENED:c-1,f-1,i0, conf=-1: [3909bd6a-278d-4911-9d70-32680c972d02:192.168.157.223:33343, d2424f4d-20d2-4104-abcc-02e6288f3ffc:192.168.157.223:39352, 7c510082-4284-44ef-8cd9-bb38fb15579f:192.168.157.223:33098], old=null
2019-10-17 21:15:43,251 [d2424f4d-20d2-4104-abcc-02e6288f3ffc@group-62509A8A5C15-LeaderElection112] INFO  impl.RaftServerImpl (RaftServerImpl.java:setRole(184)) - d2424f4d-20d2-4104-abcc-02e6288f3ffc@group-62509A8A5C15: changes role from CANDIDATE to FOLLOWER at term 117 for DISCOVERED_A_NEW_TERM
2019-10-17 21:15:43,251 [d2424f4d-20d2-4104-abcc-02e6288f3ffc@group-62509A8A5C15-LeaderElection112] INFO  impl.RoleInfo (RoleInfo.java:shutdownLeaderElection(134)) - d2424f4d-20d2-4104-abcc-02e6288f3ffc: shutdown LeaderElection
2019-10-17 21:15:43,251 [d2424f4d-20d2-4104-abcc-02e6288f3ffc@group-62509A8A5C15-LeaderElection112] INFO  impl.RoleInfo (RoleInfo.java:updateAndGet(143)) - d2424f4d-20d2-4104-abcc-02e6288f3ffc: start FollowerState
2019-10-17 21:15:43,390 [Thread-958] INFO  impl.FollowerState (FollowerState.java:run(108)) - d2424f4d-20d2-4104-abcc-02e6288f3ffc@group-62509A8A5C15-FollowerState: change to CANDIDATE, lastRpcTime:138ms, electionTimeout:138ms
2019-10-17 21:15:43,390 [Thread-958] INFO  impl.RoleInfo (RoleInfo.java:shutdownFollowerState(121)) - d2424f4d-20d2-4104-abcc-02e6288f3ffc: shutdown FollowerState
2019-10-17 21:15:43,390 [Thread-958] INFO  impl.RaftServerImpl (RaftServerImpl.java:setRole(184)) - d2424f4d-20d2-4104-abcc-02e6288f3ffc@group-62509A8A5C15: changes role from  FOLLOWER to CANDIDATE at term 117 for changeToCandidate
2019-10-17 21:15:43,390 [Thread-958] INFO  impl.RoleInfo (RoleInfo.java:updateAndGet(143)) - d2424f4d-20d2-4104-abcc-02e6288f3ffc: start LeaderElection
2019-10-17 21:15:43,403 [d2424f4d-20d2-4104-abcc-02e6288f3ffc@group-62509A8A5C15-LeaderElection113] INFO  impl.LeaderElection (LeaderElection.java:askForVotes(178)) - d2424f4d-20d2-4104-abcc-02e6288f3ffc@group-62509A8A5C15-LeaderElection113: begin an election at term 118 for -1: [3909bd6a-278d-4911-9d70-32680c972d02:192.168.157.223:33343, d2424f4d-20d2-4104-abcc-02e6288f3ffc:192.168.157.223:39352, 7c510082-4284-44ef-8cd9-bb38fb15579f:192.168.157.223:33098], old=null
2019-10-17 21:15:43,405 [grpc-default-executor-6] INFO  impl.RaftServerImpl (RaftServerImpl.java:setRole(184)) - 3909bd6a-278d-4911-9d70-32680c972d02@group-62509A8A5C15: changes role from  FOLLOWER to FOLLOWER at term 118 for recognizeCandidate:d2424f4d-20d2-4104-abcc-02e6288f3ffc
2019-10-17 21:15:43,406 [grpc-default-executor-6] INFO  impl.RoleInfo (RoleInfo.java:shutdownFollowerState(121)) - 3909bd6a-278d-4911-9d70-32680c972d02: shutdown FollowerState
2019-10-17 21:15:43,406 [grpc-default-executor-2] INFO  impl.RaftServerImpl (RaftServerImpl.java:setRole(184)) - 7c510082-4284-44ef-8cd9-bb38fb15579f@group-62509A8A5C15: changes role from  FOLLOWER to FOLLOWER at term 118 for recognizeCandidate:d2424f4d-20d2-4104-abcc-02e6288f3ffc
2019-10-17 21:15:43,406 [grpc-default-executor-6] INFO  impl.RoleInfo (RoleInfo.java:updateAndGet(143)) - 3909bd6a-278d-4911-9d70-32680c972d02: start FollowerState
2019-10-17 21:15:43,406 [Thread-956] INFO  impl.FollowerState (FollowerState.java:run(117)) - 3909bd6a-278d-4911-9d70-32680c972d02@group-62509A8A5C15-FollowerState was interrupted: java.lang.InterruptedException: sleep interrupted
2019-10-17 21:15:43,406 [grpc-default-executor-2] INFO  impl.RoleInfo (RoleInfo.java:shutdownFollowerState(121)) - 7c510082-4284-44ef-8cd9-bb38fb15579f: shutdown FollowerState
2019-10-17 21:15:43,407 [grpc-default-executor-2] INFO  impl.RoleInfo (RoleInfo.java:updateAndGet(143)) - 7c510082-4284-44ef-8cd9-bb38fb15579f: start FollowerState
2019-10-17 21:15:43,407 [Thread-957] INFO  impl.FollowerState (FollowerState.java:run(117)) - 7c510082-4284-44ef-8cd9-bb38fb15579f@group-62509A8A5C15-FollowerState was interrupted: java.lang.InterruptedException: sleep interrupted
2019-10-17 21:15:43,432 [d2424f4d-20d2-4104-abcc-02e6288f3ffc@group-62509A8A5C15-LeaderElection113] INFO  impl.LeaderElection (LeaderElection.java:logAndReturn(56)) - d2424f4d-20d2-4104-abcc-02e6288f3ffc@group-62509A8A5C15-LeaderElection113: Election REJECTED; received 2 response(s) [d2424f4d-20d2-4104-abcc-02e6288f3ffc<-3909bd6a-278d-4911-9d70-32680c972d02#0:FAIL-t118, d2424f4d-20d2-4104-abcc-02e6288f3ffc<-7c510082-4284-44ef-8cd9-bb38fb15579f#0:FAIL-t118] and 0 exception(s); d2424f4d-20d2-4104-abcc-02e6288f3ffc@group-62509A8A5C15:t118, leader=null, voted=d2424f4d-20d2-4104-abcc-02e6288f3ffc, raftlog=d2424f4d-20d2-4104-abcc-02e6288f3ffc@group-62509A8A5C15-SegmentedRaftLog:OPENED:c-1,f-1,i0, conf=-1: [3909bd6a-278d-4911-9d70-32680c972d02:192.168.157.223:33343, d2424f4d-20d2-4104-abcc-02e6288f3ffc:192.168.157.223:39352, 7c510082-4284-44ef-8cd9-bb38fb15579f:192.168.157.223:33098], old=null
2019-10-17 21:15:43,433 [d2424f4d-20d2-4104-abcc-02e6288f3ffc@group-62509A8A5C15-LeaderElection113] INFO  impl.RaftServerImpl (RaftServerImpl.java:setRole(184)) - d2424f4d-20d2-4104-abcc-02e6288f3ffc@group-62509A8A5C15: changes role from CANDIDATE to FOLLOWER at term 118 for DISCOVERED_A_NEW_TERM
2019-10-17 21:15:43,433 [d2424f4d-20d2-4104-abcc-02e6288f3ffc@group-62509A8A5C15-LeaderElection113] INFO  impl.RoleInfo (RoleInfo.java:shutdownLeaderElection(134)) - d2424f4d-20d2-4104-abcc-02e6288f3ffc: shutdown LeaderElection
2019-10-17 21:15:43,433 [d2424f4d-20d2-4104-abcc-02e6288f3ffc@group-62509A8A5C15-LeaderElection113] INFO  impl.RoleInfo (RoleInfo.java:updateAndGet(143)) - d2424f4d-20d2-4104-abcc-02e6288f3ffc: start FollowerState
2019-10-17 21:15:43,444 [Thread-964] INFO  impl.FollowerState (FollowerState.java:run(108)) - d2424f4d-20d2-4104-abcc-02e6288f3ffc@group-62509A8A5C15-FollowerState: change to CANDIDATE, lastRpcTime:10ms, electionTimeout:10ms
2019-10-17 21:15:43,444 [Thread-964] INFO  impl.RoleInfo (RoleInfo.java:shutdownFollowerState(121)) - d2424f4d-20d2-4104-abcc-02e6288f3ffc: shutdown FollowerState
2019-10-17 21:15:43,444 [Thread-964] INFO  impl.RaftServerImpl (RaftServerImpl.java:setRole(184)) - d2424f4d-20d2-4104-abcc-02e6288f3ffc@group-62509A8A5C15: changes role from  FOLLOWER to CANDIDATE at term 118 for changeToCandidate
2019-10-17 21:15:43,444 [Thread-964] INFO  impl.RoleInfo (RoleInfo.java:updateAndGet(143)) - d2424f4d-20d2-4104-abcc-02e6288f3ffc: start LeaderElection
2019-10-17 21:15:43,457 [d2424f4d-20d2-4104-abcc-02e6288f3ffc@group-62509A8A5C15-LeaderElection114] INFO  impl.LeaderElection (LeaderElection.java:askForVotes(178)) - d2424f4d-20d2-4104-abcc-02e6288f3ffc@group-62509A8A5C15-LeaderElection114: begin an election at term 119 for -1: [3909bd6a-278d-4911-9d70-32680c972d02:192.168.157.223:33343, d2424f4d-20d2-4104-abcc-02e6288f3ffc:192.168.157.223:39352, 7c510082-4284-44ef-8cd9-bb38fb15579f:192.168.157.223:33098], old=null
2019-10-17 21:15:43,460 [grpc-default-executor-6] INFO  impl.RaftServerImpl (RaftServerImpl.java:setRole(184)) - 3909bd6a-278d-4911-9d70-32680c972d02@group-62509A8A5C15: changes role from  FOLLOWER to FOLLOWER at term 119 for recognizeCandidate:d2424f4d-20d2-4104-abcc-02e6288f3ffc
2019-10-17 21:15:43,460 [grpc-default-executor-6] INFO  impl.RoleInfo (RoleInfo.java:shutdownFollowerState(121)) - 3909bd6a-278d-4911-9d70-32680c972d02: shutdown FollowerState
2019-10-17 21:15:43,460 [grpc-default-executor-6] INFO  impl.RoleInfo (RoleInfo.java:updateAndGet(143)) - 3909bd6a-278d-4911-9d70-32680c972d02: start FollowerState
2019-10-17 21:15:43,460 [Thread-962] INFO  impl.FollowerState (FollowerState.java:run(117)) - 3909bd6a-278d-4911-9d70-32680c972d02@group-62509A8A5C15-FollowerState was interrupted: java.lang.InterruptedException: sleep interrupted
2019-10-17 21:15:43,460 [grpc-default-executor-2] INFO  impl.RaftServerImpl (RaftServerImpl.java:setRole(184)) - 7c510082-4284-44ef-8cd9-bb38fb15579f@group-62509A8A5C15: changes role from  FOLLOWER to FOLLOWER at term 119 for recognizeCandidate:d2424f4d-20d2-4104-abcc-02e6288f3ffc
2019-10-17 21:15:43,461 [grpc-default-executor-2] INFO  impl.RoleInfo (RoleInfo.java:shutdownFollowerState(121)) - 7c510082-4284-44ef-8cd9-bb38fb15579f: shutdown FollowerState
2019-10-17 21:15:43,461 [grpc-default-executor-2] INFO  impl.RoleInfo (RoleInfo.java:updateAndGet(143)) - 7c510082-4284-44ef-8cd9-bb38fb15579f: start FollowerState
2019-10-17 21:15:43,461 [Thread-963] INFO  impl.FollowerState (FollowerState.java:run(117)) - 7c510082-4284-44ef-8cd9-bb38fb15579f@group-62509A8A5C15-FollowerState was interrupted: java.lang.InterruptedException: sleep interrupted
2019-10-17 21:15:43,477 [d2424f4d-20d2-4104-abcc-02e6288f3ffc@group-62509A8A5C15-LeaderElection114] INFO  impl.LeaderElection (LeaderElection.java:logAndReturn(56)) - d2424f4d-20d2-4104-abcc-02e6288f3ffc@group-62509A8A5C15-LeaderElection114: Election REJECTED; received 2 response(s) [d2424f4d-20d2-4104-abcc-02e6288f3ffc<-3909bd6a-278d-4911-9d70-32680c972d02#0:FAIL-t119, d2424f4d-20d2-4104-abcc-02e6288f3ffc<-7c510082-4284-44ef-8cd9-bb38fb15579f#0:FAIL-t119] and 0 exception(s); d2424f4d-20d2-4104-abcc-02e6288f3ffc@group-62509A8A5C15:t119, leader=null, voted=d2424f4d-20d2-4104-abcc-02e6288f3ffc, raftlog=d2424f4d-20d2-4104-abcc-02e6288f3ffc@group-62509A8A5C15-SegmentedRaftLog:OPENED:c-1,f-1,i0, conf=-1: [3909bd6a-278d-4911-9d70-32680c972d02:192.168.157.223:33343, d2424f4d-20d2-4104-abcc-02e6288f3ffc:192.168.157.223:39352, 7c510082-4284-44ef-8cd9-bb38fb15579f:192.168.157.223:33098], old=null
2019-10-17 21:15:43,477 [d2424f4d-20d2-4104-abcc-02e6288f3ffc@group-62509A8A5C15-LeaderElection114] INFO  impl.RaftServerImpl (RaftServerImpl.java:setRole(184)) - d2424f4d-20d2-4104-abcc-02e6288f3ffc@group-62509A8A5C15: changes role from CANDIDATE to FOLLOWER at term 119 for DISCOVERED_A_NEW_TERM
2019-10-17 21:15:43,477 [d2424f4d-20d2-4104-abcc-02e6288f3ffc@group-62509A8A5C15-LeaderElection114] INFO  impl.RoleInfo (RoleInfo.java:shutdownLeaderElection(134)) - d2424f4d-20d2-4104-abcc-02e6288f3ffc: shutdown LeaderElection
2019-10-17 21:15:43,478 [d2424f4d-20d2-4104-abcc-02e6288f3ffc@group-62509A8A5C15-LeaderElection114] INFO  impl.RoleInfo (RoleInfo.java:updateAndGet(143)) - d2424f4d-20d2-4104-abcc-02e6288f3ffc: start FollowerState
2019-10-17 21:15:43,632 [Thread-970] INFO  impl.FollowerState (FollowerState.java:run(108)) - d2424f4d-20d2-4104-abcc-02e6288f3ffc@group-62509A8A5C15-FollowerState: change to CANDIDATE, lastRpcTime:154ms, electionTimeout:154ms
2019-10-17 21:15:43,632 [Thread-970] INFO  impl.RoleInfo (RoleInfo.java:shutdownFollowerState(121)) - d2424f4d-20d2-4104-abcc-02e6288f3ffc: shutdown FollowerState
2019-10-17 21:15:43,632 [Thread-970] INFO  impl.RaftServerImpl (RaftServerImpl.java:setRole(184)) - d2424f4d-20d2-4104-abcc-02e6288f3ffc@group-62509A8A5C15: changes role from  FOLLOWER to CANDIDATE at term 119 for changeToCandidate
2019-10-17 21:15:43,633 [Thread-970] INFO  impl.RoleInfo (RoleInfo.java:updateAndGet(143)) - d2424f4d-20d2-4104-abcc-02e6288f3ffc: start LeaderElection
2019-10-17 21:15:43,647 [d2424f4d-20d2-4104-abcc-02e6288f3ffc@group-62509A8A5C15-LeaderElection115] INFO  impl.LeaderElection (LeaderElection.java:askForVotes(178)) - d2424f4d-20d2-4104-abcc-02e6288f3ffc@group-62509A8A5C15-LeaderElection115: begin an election at term 120 for -1: [3909bd6a-278d-4911-9d70-32680c972d02:192.168.157.223:33343, d2424f4d-20d2-4104-abcc-02e6288f3ffc:192.168.157.223:39352, 7c510082-4284-44ef-8cd9-bb38fb15579f:192.168.157.223:33098], old=null
2019-10-17 21:15:43,651 [grpc-default-executor-2] INFO  impl.RaftServerImpl (RaftServerImpl.java:setRole(184)) - 7c510082-4284-44ef-8cd9-bb38fb15579f@group-62509A8A5C15: changes role from  FOLLOWER to FOLLOWER at term 120 for recognizeCandidate:d2424f4d-20d2-4104-abcc-02e6288f3ffc
2019-10-17 21:15:43,651 [grpc-default-executor-2] INFO  impl.RoleInfo (RoleInfo.java:shutdownFollowerState(121)) - 7c510082-4284-44ef-8cd9-bb38fb15579f: shutdown FollowerState
2019-10-17 21:15:43,651 [grpc-default-executor-2] INFO  impl.RoleInfo (RoleInfo.java:updateAndGet(143)) - 7c510082-4284-44ef-8cd9-bb38fb15579f: start FollowerState
2019-10-17 21:15:43,651 [Thread-969] INFO  impl.FollowerState (FollowerState.java:run(117)) - 7c510082-4284-44ef-8cd9-bb38fb15579f@group-62509A8A5C15-FollowerState was interrupted: java.lang.InterruptedException: sleep interrupted
2019-10-17 21:15:43,651 [grpc-default-executor-6] INFO  impl.RaftServerImpl (RaftServerImpl.java:setRole(184)) - 3909bd6a-278d-4911-9d70-32680c972d02@group-62509A8A5C15: changes role from  FOLLOWER to FOLLOWER at term 120 for recognizeCandidate:d2424f4d-20d2-4104-abcc-02e6288f3ffc
2019-10-17 21:15:43,652 [grpc-default-executor-6] INFO  impl.RoleInfo (RoleInfo.java:shutdownFollowerState(121)) - 3909bd6a-278d-4911-9d70-32680c972d02: shutdown FollowerState
2019-10-17 21:15:43,652 [grpc-default-executor-6] INFO  impl.RoleInfo (RoleInfo.java:updateAndGet(143)) - 3909bd6a-278d-4911-9d70-32680c972d02: start FollowerState
2019-10-17 21:15:43,652 [Thread-968] INFO  impl.FollowerState (FollowerState.java:run(117)) - 3909bd6a-278d-4911-9d70-32680c972d02@group-62509A8A5C15-FollowerState was interrupted: java.lang.InterruptedException: sleep interrupted
2019-10-17 21:15:43,668 [d2424f4d-20d2-4104-abcc-02e6288f3ffc@group-62509A8A5C15-LeaderElection115] INFO  impl.LeaderElection (LeaderElection.java:logAndReturn(56)) - d2424f4d-20d2-4104-abcc-02e6288f3ffc@group-62509A8A5C15-LeaderElection115: Election REJECTED; received 2 response(s) [d2424f4d-20d2-4104-abcc-02e6288f3ffc<-3909bd6a-278d-4911-9d70-32680c972d02#0:FAIL-t120, d2424f4d-20d2-4104-abcc-02e6288f3ffc<-7c510082-4284-44ef-8cd9-bb38fb15579f#0:FAIL-t120] and 0 exception(s); d2424f4d-20d2-4104-abcc-02e6288f3ffc@group-62509A8A5C15:t120, leader=null, voted=d2424f4d-20d2-4104-abcc-02e6288f3ffc, raftlog=d2424f4d-20d2-4104-abcc-02e6288f3ffc@group-62509A8A5C15-SegmentedRaftLog:OPENED:c-1,f-1,i0, conf=-1: [3909bd6a-278d-4911-9d70-32680c972d02:192.168.157.223:33343, d2424f4d-20d2-4104-abcc-02e6288f3ffc:192.168.157.223:39352, 7c510082-4284-44ef-8cd9-bb38fb15579f:192.168.157.223:33098], old=null
2019-10-17 21:15:43,668 [d2424f4d-20d2-4104-abcc-02e6288f3ffc@group-62509A8A5C15-LeaderElection115] INFO  impl.RaftServerImpl (RaftServerImpl.java:setRole(184)) - d2424f4d-20d2-4104-abcc-02e6288f3ffc@group-62509A8A5C15: changes role from CANDIDATE to FOLLOWER at term 120 for DISCOVERED_A_NEW_TERM
2019-10-17 21:15:43,668 [d2424f4d-20d2-4104-abcc-02e6288f3ffc@group-62509A8A5C15-LeaderElection115] INFO  impl.RoleInfo (RoleInfo.java:shutdownLeaderElection(134)) - d2424f4d-20d2-4104-abcc-02e6288f3ffc: shutdown LeaderElection
2019-10-17 21:15:43,668 [d2424f4d-20d2-4104-abcc-02e6288f3ffc@group-62509A8A5C15-LeaderElection115] INFO  impl.RoleInfo (RoleInfo.java:updateAndGet(143)) - d2424f4d-20d2-4104-abcc-02e6288f3ffc: start FollowerState
2019-10-17 21:15:43,806 [Thread-976] INFO  impl.FollowerState (FollowerState.java:run(108)) - d2424f4d-20d2-4104-abcc-02e6288f3ffc@group-62509A8A5C15-FollowerState: change to CANDIDATE, lastRpcTime:137ms, electionTimeout:137ms
2019-10-17 21:15:43,806 [Thread-976] INFO  impl.RoleInfo (RoleInfo.java:shutdownFollowerState(121)) - d2424f4d-20d2-4104-abcc-02e6288f3ffc: shutdown FollowerState
2019-10-17 21:15:43,806 [Thread-976] INFO  impl.RaftServerImpl (RaftServerImpl.java:setRole(184)) - d2424f4d-20d2-4104-abcc-02e6288f3ffc@group-62509A8A5C15: changes role from  FOLLOWER to CANDIDATE at term 120 for changeToCandidate
2019-10-17 21:15:43,806 [Thread-976] INFO  impl.RoleInfo (RoleInfo.java:updateAndGet(143)) - d2424f4d-20d2-4104-abcc-02e6288f3ffc: start LeaderElection
2019-10-17 21:15:43,828 [d2424f4d-20d2-4104-abcc-02e6288f3ffc@group-62509A8A5C15-LeaderElection116] INFO  impl.LeaderElection (LeaderElection.java:askForVotes(178)) - d2424f4d-20d2-4104-abcc-02e6288f3ffc@group-62509A8A5C15-LeaderElection116: begin an election at term 121 for -1: [3909bd6a-278d-4911-9d70-32680c972d02:192.168.157.223:33343, d2424f4d-20d2-4104-abcc-02e6288f3ffc:192.168.157.223:39352, 7c510082-4284-44ef-8cd9-bb38fb15579f:192.168.157.223:33098], old=null
2019-10-17 21:15:43,831 [grpc-default-executor-6] INFO  impl.RaftServerImpl (RaftServerImpl.java:setRole(184)) - 3909bd6a-278d-4911-9d70-32680c972d02@group-62509A8A5C15: changes role from  FOLLOWER to FOLLOWER at term 121 for recognizeCandidate:d2424f4d-20d2-4104-abcc-02e6288f3ffc
2019-10-17 21:15:43,832 [grpc-default-executor-6] INFO  impl.RoleInfo (RoleInfo.java:shutdownFollowerState(121)) - 3909bd6a-278d-4911-9d70-32680c972d02: shutdown FollowerState
2019-10-17 21:15:43,832 [grpc-default-executor-6] INFO  impl.RoleInfo (RoleInfo.java:updateAndGet(143)) - 3909bd6a-278d-4911-9d70-32680c972d02: start FollowerState
2019-10-17 21:15:43,832 [Thread-975] INFO  impl.FollowerState (FollowerState.java:run(117)) - 3909bd6a-278d-4911-9d70-32680c972d02@group-62509A8A5C15-FollowerState was interrupted: java.lang.InterruptedException: sleep interrupted
2019-10-17 21:15:43,832 [grpc-default-executor-2] INFO  impl.RaftServerImpl (RaftServerImpl.java:setRole(184)) - 7c510082-4284-44ef-8cd9-bb38fb15579f@group-62509A8A5C15: changes role from  FOLLOWER to FOLLOWER at term 121 for recognizeCandidate:d2424f4d-20d2-4104-abcc-02e6288f3ffc
2019-10-17 21:15:43,832 [grpc-default-executor-2] INFO  impl.RoleInfo (RoleInfo.java:shutdownFollowerState(121)) - 7c510082-4284-44ef-8cd9-bb38fb15579f: shutdown FollowerState
2019-10-17 21:15:43,833 [grpc-default-executor-2] INFO  impl.RoleInfo (RoleInfo.java:updateAndGet(143)) - 7c510082-4284-44ef-8cd9-bb38fb15579f: start FollowerState
2019-10-17 21:15:43,833 [Thread-974] INFO  impl.FollowerState (FollowerState.java:run(117)) - 7c510082-4284-44ef-8cd9-bb38fb15579f@group-62509A8A5C15-FollowerState was interrupted: java.lang.InterruptedException: sleep interrupted
2019-10-17 21:15:43,859 [d2424f4d-20d2-4104-abcc-02e6288f3ffc@group-62509A8A5C15-LeaderElection116] INFO  impl.LeaderElection (LeaderElection.java:logAndReturn(56)) - d2424f4d-20d2-4104-abcc-02e6288f3ffc@group-62509A8A5C15-LeaderElection116: Election REJECTED; received 2 response(s) [d2424f4d-20d2-4104-abcc-02e6288f3ffc<-3909bd6a-278d-4911-9d70-32680c972d02#0:FAIL-t121, d2424f4d-20d2-4104-abcc-02e6288f3ffc<-7c510082-4284-44ef-8cd9-bb38fb15579f#0:FAIL-t121] and 0 exception(s); d2424f4d-20d2-4104-abcc-02e6288f3ffc@group-62509A8A5C15:t121, leader=null, voted=d2424f4d-20d2-4104-abcc-02e6288f3ffc, raftlog=d2424f4d-20d2-4104-abcc-02e6288f3ffc@group-62509A8A5C15-SegmentedRaftLog:OPENED:c-1,f-1,i0, conf=-1: [3909bd6a-278d-4911-9d70-32680c972d02:192.168.157.223:33343, d2424f4d-20d2-4104-abcc-02e6288f3ffc:192.168.157.223:39352, 7c510082-4284-44ef-8cd9-bb38fb15579f:192.168.157.223:33098], old=null
2019-10-17 21:15:43,859 [d2424f4d-20d2-4104-abcc-02e6288f3ffc@group-62509A8A5C15-LeaderElection116] INFO  impl.RaftServerImpl (RaftServerImpl.java:setRole(184)) - d2424f4d-20d2-4104-abcc-02e6288f3ffc@group-62509A8A5C15: changes role from CANDIDATE to FOLLOWER at term 121 for DISCOVERED_A_NEW_TERM
2019-10-17 21:15:43,859 [d2424f4d-20d2-4104-abcc-02e6288f3ffc@group-62509A8A5C15-LeaderElection116] INFO  impl.RoleInfo (RoleInfo.java:shutdownLeaderElection(134)) - d2424f4d-20d2-4104-abcc-02e6288f3ffc: shutdown LeaderElection
2019-10-17 21:15:43,859 [d2424f4d-20d2-4104-abcc-02e6288f3ffc@group-62509A8A5C15-LeaderElection116] INFO  impl.RoleInfo (RoleInfo.java:updateAndGet(143)) - d2424f4d-20d2-4104-abcc-02e6288f3ffc: start FollowerState
2019-10-17 21:15:44,031 [Thread-984] INFO  impl.FollowerState (FollowerState.java:run(108)) - d2424f4d-20d2-4104-abcc-02e6288f3ffc@group-62509A8A5C15-FollowerState: change to CANDIDATE, lastRpcTime:171ms, electionTimeout:171ms
2019-10-17 21:15:44,031 [Thread-984] INFO  impl.RoleInfo (RoleInfo.java:shutdownFollowerState(121)) - d2424f4d-20d2-4104-abcc-02e6288f3ffc: shutdown FollowerState
2019-10-17 21:15:44,031 [Thread-984] INFO  impl.RaftServerImpl (RaftServerImpl.java:setRole(184)) - d2424f4d-20d2-4104-abcc-02e6288f3ffc@group-62509A8A5C15: changes role from  FOLLOWER to CANDIDATE at term 121 for changeToCandidate
2019-10-17 21:15:44,032 [Thread-984] INFO  impl.RoleInfo (RoleInfo.java:updateAndGet(143)) - d2424f4d-20d2-4104-abcc-02e6288f3ffc: start LeaderElection
2019-10-17 21:15:44,045 [d2424f4d-20d2-4104-abcc-02e6288f3ffc@group-62509A8A5C15-LeaderElection117] INFO  impl.LeaderElection (LeaderElection.java:askForVotes(178)) - d2424f4d-20d2-4104-abcc-02e6288f3ffc@group-62509A8A5C15-LeaderElection117: begin an election at term 122 for -1: [3909bd6a-278d-4911-9d70-32680c972d02:192.168.157.223:33343, d2424f4d-20d2-4104-abcc-02e6288f3ffc:192.168.157.223:39352, 7c510082-4284-44ef-8cd9-bb38fb15579f:192.168.157.223:33098], old=null
2019-10-17 21:15:44,050 [grpc-default-executor-2] INFO  impl.RaftServerImpl (RaftServerImpl.java:setRole(184)) - 7c510082-4284-44ef-8cd9-bb38fb15579f@group-62509A8A5C15: changes role from  FOLLOWER to FOLLOWER at term 122 for recognizeCandidate:d2424f4d-20d2-4104-abcc-02e6288f3ffc
2019-10-17 21:15:44,050 [grpc-default-executor-6] INFO  impl.RaftServerImpl (RaftServerImpl.java:setRole(184)) - 3909bd6a-278d-4911-9d70-32680c972d02@group-62509A8A5C15: changes role from  FOLLOWER to FOLLOWER at term 122 for recognizeCandidate:d2424f4d-20d2-4104-abcc-02e6288f3ffc
2019-10-17 21:15:44,051 [grpc-default-executor-2] INFO  impl.RoleInfo (RoleInfo.java:shutdownFollowerState(121)) - 7c510082-4284-44ef-8cd9-bb38fb15579f: shutdown FollowerState
2019-10-17 21:15:44,051 [grpc-default-executor-6] INFO  impl.RoleInfo (RoleInfo.java:shutdownFollowerState(121)) - 3909bd6a-278d-4911-9d70-32680c972d02: shutdown FollowerState
2019-10-17 21:15:44,051 [Thread-983] INFO  impl.FollowerState (FollowerState.java:run(117)) - 7c510082-4284-44ef-8cd9-bb38fb15579f@group-62509A8A5C15-FollowerState was interrupted: java.lang.InterruptedException: sleep interrupted
2019-10-17 21:15:44,051 [grpc-default-executor-2] INFO  impl.RoleInfo (RoleInfo.java:updateAndGet(143)) - 7c510082-4284-44ef-8cd9-bb38fb15579f: start FollowerState
2019-10-17 21:15:44,051 [Thread-982] INFO  impl.FollowerState (FollowerState.java:run(117)) - 3909bd6a-278d-4911-9d70-32680c972d02@group-62509A8A5C15-FollowerState was interrupted: java.lang.InterruptedException: sleep interrupted
2019-10-17 21:15:44,051 [grpc-default-executor-6] INFO  impl.RoleInfo (RoleInfo.java:updateAndGet(143)) - 3909bd6a-278d-4911-9d70-32680c972d02: start FollowerState
2019-10-17 21:15:44,064 [d2424f4d-20d2-4104-abcc-02e6288f3ffc@group-62509A8A5C15-LeaderElection117] INFO  impl.LeaderElection (LeaderElection.java:logAndReturn(56)) - d2424f4d-20d2-4104-abcc-02e6288f3ffc@group-62509A8A5C15-LeaderElection117: Election REJECTED; received 2 response(s) [d2424f4d-20d2-4104-abcc-02e6288f3ffc<-3909bd6a-278d-4911-9d70-32680c972d02#0:FAIL-t122, d2424f4d-20d2-4104-abcc-02e6288f3ffc<-7c510082-4284-44ef-8cd9-bb38fb15579f#0:FAIL-t122] and 0 exception(s); d2424f4d-20d2-4104-abcc-02e6288f3ffc@group-62509A8A5C15:t122, leader=null, voted=d2424f4d-20d2-4104-abcc-02e6288f3ffc, raftlog=d2424f4d-20d2-4104-abcc-02e6288f3ffc@group-62509A8A5C15-SegmentedRaftLog:OPENED:c-1,f-1,i0, conf=-1: [3909bd6a-278d-4911-9d70-32680c972d02:192.168.157.223:33343, d2424f4d-20d2-4104-abcc-02e6288f3ffc:192.168.157.223:39352, 7c510082-4284-44ef-8cd9-bb38fb15579f:192.168.157.223:33098], old=null
2019-10-17 21:15:44,065 [d2424f4d-20d2-4104-abcc-02e6288f3ffc@group-62509A8A5C15-LeaderElection117] INFO  impl.RaftServerImpl (RaftServerImpl.java:setRole(184)) - d2424f4d-20d2-4104-abcc-02e6288f3ffc@group-62509A8A5C15: changes role from CANDIDATE to FOLLOWER at term 122 for DISCOVERED_A_NEW_TERM
2019-10-17 21:15:44,065 [d2424f4d-20d2-4104-abcc-02e6288f3ffc@group-62509A8A5C15-LeaderElection117] INFO  impl.RoleInfo (RoleInfo.java:shutdownLeaderElection(134)) - d2424f4d-20d2-4104-abcc-02e6288f3ffc: shutdown LeaderElection
2019-10-17 21:15:44,065 [d2424f4d-20d2-4104-abcc-02e6288f3ffc@group-62509A8A5C15-LeaderElection117] INFO  impl.RoleInfo (RoleInfo.java:updateAndGet(143)) - d2424f4d-20d2-4104-abcc-02e6288f3ffc: start FollowerState
2019-10-17 21:15:44,147 [Thread-990] INFO  impl.FollowerState (FollowerState.java:run(108)) - d2424f4d-20d2-4104-abcc-02e6288f3ffc@group-62509A8A5C15-FollowerState: change to CANDIDATE, lastRpcTime:82ms, electionTimeout:82ms
2019-10-17 21:15:44,147 [Thread-990] INFO  impl.RoleInfo (RoleInfo.java:shutdownFollowerState(121)) - d2424f4d-20d2-4104-abcc-02e6288f3ffc: shutdown FollowerState
2019-10-17 21:15:44,148 [Thread-990] INFO  impl.RaftServerImpl (RaftServerImpl.java:setRole(184)) - d2424f4d-20d2-4104-abcc-02e6288f3ffc@group-62509A8A5C15: changes role from  FOLLOWER to CANDIDATE at term 122 for changeToCandidate
2019-10-17 21:15:44,148 [Thread-990] INFO  impl.RoleInfo (RoleInfo.java:updateAndGet(143)) - d2424f4d-20d2-4104-abcc-02e6288f3ffc: start LeaderElection
2019-10-17 21:15:44,174 [d2424f4d-20d2-4104-abcc-02e6288f3ffc@group-62509A8A5C15-LeaderElection118] INFO  impl.LeaderElection (LeaderElection.java:askForVotes(178)) - d2424f4d-20d2-4104-abcc-02e6288f3ffc@group-62509A8A5C15-LeaderElection118: begin an election at term 123 for -1: [3909bd6a-278d-4911-9d70-32680c972d02:192.168.157.223:33343, d2424f4d-20d2-4104-abcc-02e6288f3ffc:192.168.157.223:39352, 7c510082-4284-44ef-8cd9-bb38fb15579f:192.168.157.223:33098], old=null
2019-10-17 21:15:44,176 [grpc-default-executor-2] INFO  impl.RaftServerImpl (RaftServerImpl.java:setRole(184)) - 3909bd6a-278d-4911-9d70-32680c972d02@group-62509A8A5C15: changes role from  FOLLOWER to FOLLOWER at term 123 for recognizeCandidate:d2424f4d-20d2-4104-abcc-02e6288f3ffc
2019-10-17 21:15:44,176 [grpc-default-executor-2] INFO  impl.RoleInfo (RoleInfo.java:shutdownFollowerState(121)) - 3909bd6a-278d-4911-9d70-32680c972d02: shutdown FollowerState
2019-10-17 21:15:44,177 [grpc-default-executor-2] INFO  impl.RoleInfo (RoleInfo.java:updateAndGet(143)) - 3909bd6a-278d-4911-9d70-32680c972d02: start FollowerState
2019-10-17 21:15:44,177 [Thread-989] INFO  impl.FollowerState (FollowerState.java:run(117)) - 3909bd6a-278d-4911-9d70-32680c972d02@group-62509A8A5C15-FollowerState was interrupted: java.lang.InterruptedException: sleep interrupted
2019-10-17 21:15:44,177 [grpc-default-executor-6] INFO  impl.RaftServerImpl (RaftServerImpl.java:setRole(184)) - 7c510082-4284-44ef-8cd9-bb38fb15579f@group-62509A8A5C15: changes role from  FOLLOWER to FOLLOWER at term 123 for recognizeCandidate:d2424f4d-20d2-4104-abcc-02e6288f3ffc
2019-10-17 21:15:44,177 [grpc-default-executor-6] INFO  impl.RoleInfo (RoleInfo.java:shutdownFollowerState(121)) - 7c510082-4284-44ef-8cd9-bb38fb15579f: shutdown FollowerState
2019-10-17 21:15:44,177 [grpc-default-executor-6] INFO  impl.RoleInfo (RoleInfo.java:updateAndGet(143)) - 7c510082-4284-44ef-8cd9-bb38fb15579f: start FollowerState
2019-10-17 21:15:44,177 [Thread-988] INFO  impl.FollowerState (FollowerState.java:run(117)) - 7c510082-4284-44ef-8cd9-bb38fb15579f@group-62509A8A5C15-FollowerState was interrupted: java.lang.InterruptedException: sleep interrupted
2019-10-17 21:15:44,203 [d2424f4d-20d2-4104-abcc-02e6288f3ffc@group-62509A8A5C15-LeaderElection118] INFO  impl.LeaderElection (LeaderElection.java:logAndReturn(56)) - d2424f4d-20d2-4104-abcc-02e6288f3ffc@group-62509A8A5C15-LeaderElection118: Election REJECTED; received 2 response(s) [d2424f4d-20d2-4104-abcc-02e6288f3ffc<-3909bd6a-278d-4911-9d70-32680c972d02#0:FAIL-t123, d2424f4d-20d2-4104-abcc-02e6288f3ffc<-7c510082-4284-44ef-8cd9-bb38fb15579f#0:FAIL-t123] and 0 exception(s); d2424f4d-20d2-4104-abcc-02e6288f3ffc@group-62509A8A5C15:t123, leader=null, voted=d2424f4d-20d2-4104-abcc-02e6288f3ffc, raftlog=d2424f4d-20d2-4104-abcc-02e6288f3ffc@group-62509A8A5C15-SegmentedRaftLog:OPENED:c-1,f-1,i0, conf=-1: [3909bd6a-278d-4911-9d70-32680c972d02:192.168.157.223:33343, d2424f4d-20d2-4104-abcc-02e6288f3ffc:192.168.157.223:39352, 7c510082-4284-44ef-8cd9-bb38fb15579f:192.168.157.223:33098], old=null
2019-10-17 21:15:44,204 [d2424f4d-20d2-4104-abcc-02e6288f3ffc@group-62509A8A5C15-LeaderElection118] INFO  impl.RaftServerImpl (RaftServerImpl.java:setRole(184)) - d2424f4d-20d2-4104-abcc-02e6288f3ffc@group-62509A8A5C15: changes role from CANDIDATE to FOLLOWER at term 123 for DISCOVERED_A_NEW_TERM
2019-10-17 21:15:44,204 [d2424f4d-20d2-4104-abcc-02e6288f3ffc@group-62509A8A5C15-LeaderElection118] INFO  impl.RoleInfo (RoleInfo.java:shutdownLeaderElection(134)) - d2424f4d-20d2-4104-abcc-02e6288f3ffc: shutdown LeaderElection
2019-10-17 21:15:44,204 [d2424f4d-20d2-4104-abcc-02e6288f3ffc@group-62509A8A5C15-LeaderElection118] INFO  impl.RoleInfo (RoleInfo.java:updateAndGet(143)) - d2424f4d-20d2-4104-abcc-02e6288f3ffc: start FollowerState
2019-10-17 21:15:44,291 [Thread-996] INFO  impl.FollowerState (FollowerState.java:run(108)) - d2424f4d-20d2-4104-abcc-02e6288f3ffc@group-62509A8A5C15-FollowerState: change to CANDIDATE, lastRpcTime:87ms, electionTimeout:87ms
2019-10-17 21:15:44,292 [Thread-996] INFO  impl.RoleInfo (RoleInfo.java:shutdownFollowerState(121)) - d2424f4d-20d2-4104-abcc-02e6288f3ffc: shutdown FollowerState
2019-10-17 21:15:44,292 [Thread-996] INFO  impl.RaftServerImpl (RaftServerImpl.java:setRole(184)) - d2424f4d-20d2-4104-abcc-02e6288f3ffc@group-62509A8A5C15: changes role from  FOLLOWER to CANDIDATE at term 123 for changeToCandidate
2019-10-17 21:15:44,292 [Thread-996] INFO  impl.RoleInfo (RoleInfo.java:updateAndGet(143)) - d2424f4d-20d2-4104-abcc-02e6288f3ffc: start LeaderElection
2019-10-17 21:15:44,307 [d2424f4d-20d2-4104-abcc-02e6288f3ffc@group-62509A8A5C15-LeaderElection119] INFO  impl.LeaderElection (LeaderElection.java:askForVotes(178)) - d2424f4d-20d2-4104-abcc-02e6288f3ffc@group-62509A8A5C15-LeaderElection119: begin an election at term 124 for -1: [3909bd6a-278d-4911-9d70-32680c972d02:192.168.157.223:33343, d2424f4d-20d2-4104-abcc-02e6288f3ffc:192.168.157.223:39352, 7c510082-4284-44ef-8cd9-bb38fb15579f:192.168.157.223:33098], old=null
2019-10-17 21:15:44,309 [grpc-default-executor-6] INFO  impl.RaftServerImpl (RaftServerImpl.java:setRole(184)) - 3909bd6a-278d-4911-9d70-32680c972d02@group-62509A8A5C15: changes role from  FOLLOWER to FOLLOWER at term 124 for recognizeCandidate:d2424f4d-20d2-4104-abcc-02e6288f3ffc
2019-10-17 21:15:44,309 [grpc-default-executor-6] INFO  impl.RoleInfo (RoleInfo.java:shutdownFollowerState(121)) - 3909bd6a-278d-4911-9d70-32680c972d02: shutdown FollowerState
2019-10-17 21:15:44,309 [grpc-default-executor-2] INFO  impl.RaftServerImpl (RaftServerImpl.java:setRole(184)) - 7c510082-4284-44ef-8cd9-bb38fb15579f@group-62509A8A5C15: changes role from  FOLLOWER to FOLLOWER at term 124 for recognizeCandidate:d2424f4d-20d2-4104-abcc-02e6288f3ffc
2019-10-17 21:15:44,310 [Thread-994] INFO  impl.FollowerState (FollowerState.java:run(117)) - 3909bd6a-278d-4911-9d70-32680c972d02@group-62509A8A5C15-FollowerState was interrupted: java.lang.InterruptedException: sleep interrupted
2019-10-17 21:15:44,310 [grpc-default-executor-6] INFO  impl.RoleInfo (RoleInfo.java:updateAndGet(143)) - 3909bd6a-278d-4911-9d70-32680c972d02: start FollowerState
2019-10-17 21:15:44,310 [grpc-default-executor-2] INFO  impl.RoleInfo (RoleInfo.java:shutdownFollowerState(121)) - 7c510082-4284-44ef-8cd9-bb38fb15579f: shutdown FollowerState
2019-10-17 21:15:44,310 [grpc-default-executor-2] INFO  impl.RoleInfo (RoleInfo.java:updateAndGet(143)) - 7c510082-4284-44ef-8cd9-bb38fb15579f: start FollowerState
2019-10-17 21:15:44,310 [Thread-995] INFO  impl.FollowerState (FollowerState.java:run(117)) - 7c510082-4284-44ef-8cd9-bb38fb15579f@group-62509A8A5C15-FollowerState was interrupted: java.lang.InterruptedException: sleep interrupted
2019-10-17 21:15:44,329 [d2424f4d-20d2-4104-abcc-02e6288f3ffc@group-62509A8A5C15-LeaderElection119] INFO  impl.LeaderElection (LeaderElection.java:logAndReturn(56)) - d2424f4d-20d2-4104-abcc-02e6288f3ffc@group-62509A8A5C15-LeaderElection119: Election REJECTED; received 2 response(s) [d2424f4d-20d2-4104-abcc-02e6288f3ffc<-3909bd6a-278d-4911-9d70-32680c972d02#0:FAIL-t124, d2424f4d-20d2-4104-abcc-02e6288f3ffc<-7c510082-4284-44ef-8cd9-bb38fb15579f#0:FAIL-t124] and 0 exception(s); d2424f4d-20d2-4104-abcc-02e6288f3ffc@group-62509A8A5C15:t124, leader=null, voted=d2424f4d-20d2-4104-abcc-02e6288f3ffc, raftlog=d2424f4d-20d2-4104-abcc-02e6288f3ffc@group-62509A8A5C15-SegmentedRaftLog:OPENED:c-1,f-1,i0, conf=-1: [3909bd6a-278d-4911-9d70-32680c972d02:192.168.157.223:33343, d2424f4d-20d2-4104-abcc-02e6288f3ffc:192.168.157.223:39352, 7c510082-4284-44ef-8cd9-bb38fb15579f:192.168.157.223:33098], old=null
2019-10-17 21:15:44,329 [d2424f4d-20d2-4104-abcc-02e6288f3ffc@group-62509A8A5C15-LeaderElection119] INFO  impl.RaftServerImpl (RaftServerImpl.java:setRole(184)) - d2424f4d-20d2-4104-abcc-02e6288f3ffc@group-62509A8A5C15: changes role from CANDIDATE to FOLLOWER at term 124 for DISCOVERED_A_NEW_TERM
2019-10-17 21:15:44,329 [d2424f4d-20d2-4104-abcc-02e6288f3ffc@group-62509A8A5C15-LeaderElection119] INFO  impl.RoleInfo (RoleInfo.java:shutdownLeaderElection(134)) - d2424f4d-20d2-4104-abcc-02e6288f3ffc: shutdown LeaderElection
2019-10-17 21:15:44,330 [d2424f4d-20d2-4104-abcc-02e6288f3ffc@group-62509A8A5C15-LeaderElection119] INFO  impl.RoleInfo (RoleInfo.java:updateAndGet(143)) - d2424f4d-20d2-4104-abcc-02e6288f3ffc: start FollowerState
2019-10-17 21:15:44,493 [Thread-1002] INFO  impl.FollowerState (FollowerState.java:run(108)) - d2424f4d-20d2-4104-abcc-02e6288f3ffc@group-62509A8A5C15-FollowerState: change to CANDIDATE, lastRpcTime:163ms, electionTimeout:163ms
2019-10-17 21:15:44,493 [Thread-1002] INFO  impl.RoleInfo (RoleInfo.java:shutdownFollowerState(121)) - d2424f4d-20d2-4104-abcc-02e6288f3ffc: shutdown FollowerState
2019-10-17 21:15:44,493 [Thread-1002] INFO  impl.RaftServerImpl (RaftServerImpl.java:setRole(184)) - d2424f4d-20d2-4104-abcc-02e6288f3ffc@group-62509A8A5C15: changes role from  FOLLOWER to CANDIDATE at term 124 for changeToCandidate
2019-10-17 21:15:44,493 [Thread-1002] INFO  impl.RoleInfo (RoleInfo.java:updateAndGet(143)) - d2424f4d-20d2-4104-abcc-02e6288f3ffc: start LeaderElection
2019-10-17 21:15:44,519 [d2424f4d-20d2-4104-abcc-02e6288f3ffc@group-62509A8A5C15-LeaderElection120] INFO  impl.LeaderElection (LeaderElection.java:askForVotes(178)) - d2424f4d-20d2-4104-abcc-02e6288f3ffc@group-62509A8A5C15-LeaderElection120: begin an election at term 125 for -1: [3909bd6a-278d-4911-9d70-32680c972d02:192.168.157.223:33343, d2424f4d-20d2-4104-abcc-02e6288f3ffc:192.168.157.223:39352, 7c510082-4284-44ef-8cd9-bb38fb15579f:192.168.157.223:33098], old=null
2019-10-17 21:15:44,523 [grpc-default-executor-2] INFO  impl.RaftServerImpl (RaftServerImpl.java:setRole(184)) - 7c510082-4284-44ef-8cd9-bb38fb15579f@group-62509A8A5C15: changes role from  FOLLOWER to FOLLOWER at term 125 for recognizeCandidate:d2424f4d-20d2-4104-abcc-02e6288f3ffc
2019-10-17 21:15:44,523 [grpc-default-executor-6] INFO  impl.RaftServerImpl (RaftServerImpl.java:setRole(184)) - 3909bd6a-278d-4911-9d70-32680c972d02@group-62509A8A5C15: changes role from  FOLLOWER to FOLLOWER at term 125 for recognizeCandidate:d2424f4d-20d2-4104-abcc-02e6288f3ffc
2019-10-17 21:15:44,523 [grpc-default-executor-2] INFO  impl.RoleInfo (RoleInfo.java:shutdownFollowerState(121)) - 7c510082-4284-44ef-8cd9-bb38fb15579f: shutdown FollowerState
2019-10-17 21:15:44,524 [grpc-default-executor-6] INFO  impl.RoleInfo (RoleInfo.java:shutdownFollowerState(121)) - 3909bd6a-278d-4911-9d70-32680c972d02: shutdown FollowerState
2019-10-17 21:15:44,524 [Thread-1001] INFO  impl.FollowerState (FollowerState.java:run(117)) - 7c510082-4284-44ef-8cd9-bb38fb15579f@group-62509A8A5C15-FollowerState was interrupted: java.lang.InterruptedException: sleep interrupted
2019-10-17 21:15:44,524 [grpc-default-executor-2] INFO  impl.RoleInfo (RoleInfo.java:updateAndGet(143)) - 7c510082-4284-44ef-8cd9-bb38fb15579f: start FollowerState
2019-10-17 21:15:44,524 [Thread-1000] INFO  impl.FollowerState (FollowerState.java:run(117)) - 3909bd6a-278d-4911-9d70-32680c972d02@group-62509A8A5C15-FollowerState was interrupted: java.lang.InterruptedException: sleep interrupted
2019-10-17 21:15:44,524 [grpc-default-executor-6] INFO  impl.RoleInfo (RoleInfo.java:updateAndGet(143)) - 3909bd6a-278d-4911-9d70-32680c972d02: start FollowerState
2019-10-17 21:15:44,551 [d2424f4d-20d2-4104-abcc-02e6288f3ffc@group-62509A8A5C15-LeaderElection120] INFO  impl.LeaderElection (LeaderElection.java:logAndReturn(56)) - d2424f4d-20d2-4104-abcc-02e6288f3ffc@group-62509A8A5C15-LeaderElection120: Election REJECTED; received 2 response(s) [d2424f4d-20d2-4104-abcc-02e6288f3ffc<-3909bd6a-278d-4911-9d70-32680c972d02#0:FAIL-t125, d2424f4d-20d2-4104-abcc-02e6288f3ffc<-7c510082-4284-44ef-8cd9-bb38fb15579f#0:FAIL-t125] and 0 exception(s); d2424f4d-20d2-4104-abcc-02e6288f3ffc@group-62509A8A5C15:t125, leader=null, voted=d2424f4d-20d2-4104-abcc-02e6288f3ffc, raftlog=d2424f4d-20d2-4104-abcc-02e6288f3ffc@group-62509A8A5C15-SegmentedRaftLog:OPENED:c-1,f-1,i0, conf=-1: [3909bd6a-278d-4911-9d70-32680c972d02:192.168.157.223:33343, d2424f4d-20d2-4104-abcc-02e6288f3ffc:192.168.157.223:39352, 7c510082-4284-44ef-8cd9-bb38fb15579f:192.168.157.223:33098], old=null
2019-10-17 21:15:44,551 [d2424f4d-20d2-4104-abcc-02e6288f3ffc@group-62509A8A5C15-LeaderElection120] INFO  impl.RaftServerImpl (RaftServerImpl.java:setRole(184)) - d2424f4d-20d2-4104-abcc-02e6288f3ffc@group-62509A8A5C15: changes role from CANDIDATE to FOLLOWER at term 125 for DISCOVERED_A_NEW_TERM
2019-10-17 21:15:44,551 [d2424f4d-20d2-4104-abcc-02e6288f3ffc@group-62509A8A5C15-LeaderElection120] INFO  impl.RoleInfo (RoleInfo.java:shutdownLeaderElection(134)) - d2424f4d-20d2-4104-abcc-02e6288f3ffc: shutdown LeaderElection
2019-10-17 21:15:44,551 [d2424f4d-20d2-4104-abcc-02e6288f3ffc@group-62509A8A5C15-LeaderElection120] INFO  impl.RoleInfo (RoleInfo.java:updateAndGet(143)) - d2424f4d-20d2-4104-abcc-02e6288f3ffc: start FollowerState
2019-10-17 21:15:44,556 [Thread-1008] INFO  impl.FollowerState (FollowerState.java:run(108)) - d2424f4d-20d2-4104-abcc-02e6288f3ffc@group-62509A8A5C15-FollowerState: change to CANDIDATE, lastRpcTime:4ms, electionTimeout:4ms
2019-10-17 21:15:44,556 [Thread-1008] INFO  impl.RoleInfo (RoleInfo.java:shutdownFollowerState(121)) - d2424f4d-20d2-4104-abcc-02e6288f3ffc: shutdown FollowerState
2019-10-17 21:15:44,556 [Thread-1008] INFO  impl.RaftServerImpl (RaftServerImpl.java:setRole(184)) - d2424f4d-20d2-4104-abcc-02e6288f3ffc@group-62509A8A5C15: changes role from  FOLLOWER to CANDIDATE at term 125 for changeToCandidate
2019-10-17 21:15:44,556 [Thread-1008] INFO  impl.RoleInfo (RoleInfo.java:updateAndGet(143)) - d2424f4d-20d2-4104-abcc-02e6288f3ffc: start LeaderElection
2019-10-17 21:15:44,580 [d2424f4d-20d2-4104-abcc-02e6288f3ffc@group-62509A8A5C15-LeaderElection121] INFO  impl.LeaderElection (LeaderElection.java:askForVotes(178)) - d2424f4d-20d2-4104-abcc-02e6288f3ffc@group-62509A8A5C15-LeaderElection121: begin an election at term 126 for -1: [3909bd6a-278d-4911-9d70-32680c972d02:192.168.157.223:33343, d2424f4d-20d2-4104-abcc-02e6288f3ffc:192.168.157.223:39352, 7c510082-4284-44ef-8cd9-bb38fb15579f:192.168.157.223:33098], old=null
2019-10-17 21:15:44,583 [grpc-default-executor-6] INFO  impl.RaftServerImpl (RaftServerImpl.java:setRole(184)) - 3909bd6a-278d-4911-9d70-32680c972d02@group-62509A8A5C15: changes role from  FOLLOWER to FOLLOWER at term 126 for recognizeCandidate:d2424f4d-20d2-4104-abcc-02e6288f3ffc
2019-10-17 21:15:44,583 [grpc-default-executor-6] INFO  impl.RoleInfo (RoleInfo.java:shutdownFollowerState(121)) - 3909bd6a-278d-4911-9d70-32680c972d02: shutdown FollowerState
2019-10-17 21:15:44,583 [grpc-default-executor-6] INFO  impl.RoleInfo (RoleInfo.java:updateAndGet(143)) - 3909bd6a-278d-4911-9d70-32680c972d02: start FollowerState
2019-10-17 21:15:44,583 [Thread-1007] INFO  impl.FollowerState (FollowerState.java:run(117)) - 3909bd6a-278d-4911-9d70-32680c972d02@group-62509A8A5C15-FollowerState was interrupted: java.lang.InterruptedException: sleep interrupted
2019-10-17 21:15:44,583 [grpc-default-executor-2] INFO  impl.RaftServerImpl (RaftServerImpl.java:setRole(184)) - 7c510082-4284-44ef-8cd9-bb38fb15579f@group-62509A8A5C15: changes role from  FOLLOWER to FOLLOWER at term 126 for recognizeCandidate:d2424f4d-20d2-4104-abcc-02e6288f3ffc
2019-10-17 21:15:44,584 [grpc-default-executor-2] INFO  impl.RoleInfo (RoleInfo.java:shutdownFollowerState(121)) - 7c510082-4284-44ef-8cd9-bb38fb15579f: shutdown FollowerState
2019-10-17 21:15:44,584 [grpc-default-executor-2] INFO  impl.RoleInfo (RoleInfo.java:updateAndGet(143)) - 7c510082-4284-44ef-8cd9-bb38fb15579f: start FollowerState
2019-10-17 21:15:44,584 [Thread-1006] INFO  impl.FollowerState (FollowerState.java:run(117)) - 7c510082-4284-44ef-8cd9-bb38fb15579f@group-62509A8A5C15-FollowerState was interrupted: java.lang.InterruptedException: sleep interrupted
2019-10-17 21:15:44,599 [d2424f4d-20d2-4104-abcc-02e6288f3ffc@group-62509A8A5C15-LeaderElection121] INFO  impl.LeaderElection (LeaderElection.java:logAndReturn(56)) - d2424f4d-20d2-4104-abcc-02e6288f3ffc@group-62509A8A5C15-LeaderElection121: Election REJECTED; received 2 response(s) [d2424f4d-20d2-4104-abcc-02e6288f3ffc<-3909bd6a-278d-4911-9d70-32680c972d02#0:FAIL-t126, d2424f4d-20d2-4104-abcc-02e6288f3ffc<-7c510082-4284-44ef-8cd9-bb38fb15579f#0:FAIL-t126] and 0 exception(s); d2424f4d-20d2-4104-abcc-02e6288f3ffc@group-62509A8A5C15:t126, leader=null, voted=d2424f4d-20d2-4104-abcc-02e6288f3ffc, raftlog=d2424f4d-20d2-4104-abcc-02e6288f3ffc@group-62509A8A5C15-SegmentedRaftLog:OPENED:c-1,f-1,i0, conf=-1: [3909bd6a-278d-4911-9d70-32680c972d02:192.168.157.223:33343, d2424f4d-20d2-4104-abcc-02e6288f3ffc:192.168.157.223:39352, 7c510082-4284-44ef-8cd9-bb38fb15579f:192.168.157.223:33098], old=null
2019-10-17 21:15:44,599 [d2424f4d-20d2-4104-abcc-02e6288f3ffc@group-62509A8A5C15-LeaderElection121] INFO  impl.RaftServerImpl (RaftServerImpl.java:setRole(184)) - d2424f4d-20d2-4104-abcc-02e6288f3ffc@group-62509A8A5C15: changes role from CANDIDATE to FOLLOWER at term 126 for DISCOVERED_A_NEW_TERM
2019-10-17 21:15:44,600 [d2424f4d-20d2-4104-abcc-02e6288f3ffc@group-62509A8A5C15-LeaderElection121] INFO  impl.RoleInfo (RoleInfo.java:shutdownLeaderElection(134)) - d2424f4d-20d2-4104-abcc-02e6288f3ffc: shutdown LeaderElection
2019-10-17 21:15:44,600 [d2424f4d-20d2-4104-abcc-02e6288f3ffc@group-62509A8A5C15-LeaderElection121] INFO  impl.RoleInfo (RoleInfo.java:updateAndGet(143)) - d2424f4d-20d2-4104-abcc-02e6288f3ffc: start FollowerState
2019-10-17 21:15:44,640 [Thread-1014] INFO  impl.FollowerState (FollowerState.java:run(108)) - d2424f4d-20d2-4104-abcc-02e6288f3ffc@group-62509A8A5C15-FollowerState: change to CANDIDATE, lastRpcTime:40ms, electionTimeout:40ms
2019-10-17 21:15:44,640 [Thread-1014] INFO  impl.RoleInfo (RoleInfo.java:shutdownFollowerState(121)) - d2424f4d-20d2-4104-abcc-02e6288f3ffc: shutdown FollowerState
2019-10-17 21:15:44,640 [Thread-1014] INFO  impl.RaftServerImpl (RaftServerImpl.java:setRole(184)) - d2424f4d-20d2-4104-abcc-02e6288f3ffc@group-62509A8A5C15: changes role from  FOLLOWER to CANDIDATE at term 126 for changeToCandidate
2019-10-17 21:15:44,641 [Thread-1014] INFO  impl.RoleInfo (RoleInfo.java:updateAndGet(143)) - d2424f4d-20d2-4104-abcc-02e6288f3ffc: start LeaderElection
2019-10-17 21:15:44,666 [d2424f4d-20d2-4104-abcc-02e6288f3ffc@group-62509A8A5C15-LeaderElection122] INFO  impl.LeaderElection (LeaderElection.java:askForVotes(178)) - d2424f4d-20d2-4104-abcc-02e6288f3ffc@group-62509A8A5C15-LeaderElection122: begin an election at term 127 for -1: [3909bd6a-278d-4911-9d70-32680c972d02:192.168.157.223:33343, d2424f4d-20d2-4104-abcc-02e6288f3ffc:192.168.157.223:39352, 7c510082-4284-44ef-8cd9-bb38fb15579f:192.168.157.223:33098], old=null
2019-10-17 21:15:44,668 [grpc-default-executor-2] INFO  impl.RaftServerImpl (RaftServerImpl.java:setRole(184)) - 3909bd6a-278d-4911-9d70-32680c972d02@group-62509A8A5C15: changes role from  FOLLOWER to FOLLOWER at term 127 for recognizeCandidate:d2424f4d-20d2-4104-abcc-02e6288f3ffc
2019-10-17 21:15:44,669 [grpc-default-executor-2] INFO  impl.RoleInfo (RoleInfo.java:shutdownFollowerState(121)) - 3909bd6a-278d-4911-9d70-32680c972d02: shutdown FollowerState
2019-10-17 21:15:44,669 [grpc-default-executor-6] INFO  impl.RaftServerImpl (RaftServerImpl.java:setRole(184)) - 7c510082-4284-44ef-8cd9-bb38fb15579f@group-62509A8A5C15: changes role from  FOLLOWER to FOLLOWER at term 127 for recognizeCandidate:d2424f4d-20d2-4104-abcc-02e6288f3ffc
2019-10-17 21:15:44,669 [Thread-1012] INFO  impl.FollowerState (FollowerState.java:run(117)) - 3909bd6a-278d-4911-9d70-32680c972d02@group-62509A8A5C15-FollowerState was interrupted: java.lang.InterruptedException: sleep interrupted
2019-10-17 21:15:44,669 [grpc-default-executor-2] INFO  impl.RoleInfo (RoleInfo.java:updateAndGet(143)) - 3909bd6a-278d-4911-9d70-32680c972d02: start FollowerState
2019-10-17 21:15:44,669 [grpc-default-executor-6] INFO  impl.RoleInfo (RoleInfo.java:shutdownFollowerState(121)) - 7c510082-4284-44ef-8cd9-bb38fb15579f: shutdown FollowerState
2019-10-17 21:15:44,670 [grpc-default-executor-6] INFO  impl.RoleInfo (RoleInfo.java:updateAndGet(143)) - 7c510082-4284-44ef-8cd9-bb38fb15579f: start FollowerState
2019-10-17 21:15:44,670 [Thread-1013] INFO  impl.FollowerState (FollowerState.java:run(117)) - 7c510082-4284-44ef-8cd9-bb38fb15579f@group-62509A8A5C15-FollowerState was interrupted: java.lang.InterruptedException: sleep interrupted
2019-10-17 21:15:44,684 [d2424f4d-20d2-4104-abcc-02e6288f3ffc@group-62509A8A5C15-LeaderElection122] INFO  impl.LeaderElection (LeaderElection.java:logAndReturn(56)) - d2424f4d-20d2-4104-abcc-02e6288f3ffc@group-62509A8A5C15-LeaderElection122: Election REJECTED; received 2 response(s) [d2424f4d-20d2-4104-abcc-02e6288f3ffc<-3909bd6a-278d-4911-9d70-32680c972d02#0:FAIL-t127, d2424f4d-20d2-4104-abcc-02e6288f3ffc<-7c510082-4284-44ef-8cd9-bb38fb15579f#0:FAIL-t127] and 0 exception(s); d2424f4d-20d2-4104-abcc-02e6288f3ffc@group-62509A8A5C15:t127, leader=null, voted=d2424f4d-20d2-4104-abcc-02e6288f3ffc, raftlog=d2424f4d-20d2-4104-abcc-02e6288f3ffc@group-62509A8A5C15-SegmentedRaftLog:OPENED:c-1,f-1,i0, conf=-1: [3909bd6a-278d-4911-9d70-32680c972d02:192.168.157.223:33343, d2424f4d-20d2-4104-abcc-02e6288f3ffc:192.168.157.223:39352, 7c510082-4284-44ef-8cd9-bb38fb15579f:192.168.157.223:33098], old=null
2019-10-17 21:15:44,684 [d2424f4d-20d2-4104-abcc-02e6288f3ffc@group-62509A8A5C15-LeaderElection122] INFO  impl.RaftServerImpl (RaftServerImpl.java:setRole(184)) - d2424f4d-20d2-4104-abcc-02e6288f3ffc@group-62509A8A5C15: changes role from CANDIDATE to FOLLOWER at term 127 for DISCOVERED_A_NEW_TERM
2019-10-17 21:15:44,684 [d2424f4d-20d2-4104-abcc-02e6288f3ffc@group-62509A8A5C15-LeaderElection122] INFO  impl.RoleInfo (RoleInfo.java:shutdownLeaderElection(134)) - d2424f4d-20d2-4104-abcc-02e6288f3ffc: shutdown LeaderElection
2019-10-17 21:15:44,685 [d2424f4d-20d2-4104-abcc-02e6288f3ffc@group-62509A8A5C15-LeaderElection122] INFO  impl.RoleInfo (RoleInfo.java:updateAndGet(143)) - d2424f4d-20d2-4104-abcc-02e6288f3ffc: start FollowerState
2019-10-17 21:15:44,877 [Thread-1020] INFO  impl.FollowerState (FollowerState.java:run(108)) - d2424f4d-20d2-4104-abcc-02e6288f3ffc@group-62509A8A5C15-FollowerState: change to CANDIDATE, lastRpcTime:192ms, electionTimeout:192ms
2019-10-17 21:15:44,877 [Thread-1020] INFO  impl.RoleInfo (RoleInfo.java:shutdownFollowerState(121)) - d2424f4d-20d2-4104-abcc-02e6288f3ffc: shutdown FollowerState
2019-10-17 21:15:44,878 [Thread-1020] INFO  impl.RaftServerImpl (RaftServerImpl.java:setRole(184)) - d2424f4d-20d2-4104-abcc-02e6288f3ffc@group-62509A8A5C15: changes role from  FOLLOWER to CANDIDATE at term 127 for changeToCandidate
2019-10-17 21:15:44,878 [Thread-1020] INFO  impl.RoleInfo (RoleInfo.java:updateAndGet(143)) - d2424f4d-20d2-4104-abcc-02e6288f3ffc: start LeaderElection
2019-10-17 21:15:44,892 [d2424f4d-20d2-4104-abcc-02e6288f3ffc@group-62509A8A5C15-LeaderElection123] INFO  impl.LeaderElection (LeaderElection.java:askForVotes(178)) - d2424f4d-20d2-4104-abcc-02e6288f3ffc@group-62509A8A5C15-LeaderElection123: begin an election at term 128 for -1: [3909bd6a-278d-4911-9d70-32680c972d02:192.168.157.223:33343, d2424f4d-20d2-4104-abcc-02e6288f3ffc:192.168.157.223:39352, 7c510082-4284-44ef-8cd9-bb38fb15579f:192.168.157.223:33098], old=null
2019-10-17 21:15:44,895 [grpc-default-executor-2] INFO  impl.RaftServerImpl (RaftServerImpl.java:setRole(184)) - 3909bd6a-278d-4911-9d70-32680c972d02@group-62509A8A5C15: changes role from  FOLLOWER to FOLLOWER at term 128 for recognizeCandidate:d2424f4d-20d2-4104-abcc-02e6288f3ffc
2019-10-17 21:15:44,895 [grpc-default-executor-2] INFO  impl.RoleInfo (RoleInfo.java:shutdownFollowerState(121)) - 3909bd6a-278d-4911-9d70-32680c972d02: shutdown FollowerState
2019-10-17 21:15:44,895 [grpc-default-executor-6] INFO  impl.RaftServerImpl (RaftServerImpl.java:setRole(184)) - 7c510082-4284-44ef-8cd9-bb38fb15579f@group-62509A8A5C15: changes role from  FOLLOWER to FOLLOWER at term 128 for recognizeCandidate:d2424f4d-20d2-4104-abcc-02e6288f3ffc
2019-10-17 21:15:44,895 [Thread-1018] INFO  impl.FollowerState (FollowerState.java:run(117)) - 3909bd6a-278d-4911-9d70-32680c972d02@group-62509A8A5C15-FollowerState was interrupted: java.lang.InterruptedException: sleep interrupted
2019-10-17 21:15:44,895 [grpc-default-executor-2] INFO  impl.RoleInfo (RoleInfo.java:updateAndGet(143)) - 3909bd6a-278d-4911-9d70-32680c972d02: start FollowerState
2019-10-17 21:15:44,895 [grpc-default-executor-6] INFO  impl.RoleInfo (RoleInfo.java:shutdownFollowerState(121)) - 7c510082-4284-44ef-8cd9-bb38fb15579f: shutdown FollowerState
2019-10-17 21:15:44,896 [grpc-default-executor-6] INFO  impl.RoleInfo (RoleInfo.java:updateAndGet(143)) - 7c510082-4284-44ef-8cd9-bb38fb15579f: start FollowerState
2019-10-17 21:15:44,896 [Thread-1019] INFO  impl.FollowerState (FollowerState.java:run(117)) - 7c510082-4284-44ef-8cd9-bb38fb15579f@group-62509A8A5C15-FollowerState was interrupted: java.lang.InterruptedException: sleep interrupted
2019-10-17 21:15:44,922 [d2424f4d-20d2-4104-abcc-02e6288f3ffc@group-62509A8A5C15-LeaderElection123] INFO  impl.LeaderElection (LeaderElection.java:logAndReturn(56)) - d2424f4d-20d2-4104-abcc-02e6288f3ffc@group-62509A8A5C15-LeaderElection123: Election REJECTED; received 2 response(s) [d2424f4d-20d2-4104-abcc-02e6288f3ffc<-3909bd6a-278d-4911-9d70-32680c972d02#0:FAIL-t128, d2424f4d-20d2-4104-abcc-02e6288f3ffc<-7c510082-4284-44ef-8cd9-bb38fb15579f#0:FAIL-t128] and 0 exception(s); d2424f4d-20d2-4104-abcc-02e6288f3ffc@group-62509A8A5C15:t128, leader=null, voted=d2424f4d-20d2-4104-abcc-02e6288f3ffc, raftlog=d2424f4d-20d2-4104-abcc-02e6288f3ffc@group-62509A8A5C15-SegmentedRaftLog:OPENED:c-1,f-1,i0, conf=-1: [3909bd6a-278d-4911-9d70-32680c972d02:192.168.157.223:33343, d2424f4d-20d2-4104-abcc-02e6288f3ffc:192.168.157.223:39352, 7c510082-4284-44ef-8cd9-bb38fb15579f:192.168.157.223:33098], old=null
2019-10-17 21:15:44,922 [d2424f4d-20d2-4104-abcc-02e6288f3ffc@group-62509A8A5C15-LeaderElection123] INFO  impl.RaftServerImpl (RaftServerImpl.java:setRole(184)) - d2424f4d-20d2-4104-abcc-02e6288f3ffc@group-62509A8A5C15: changes role from CANDIDATE to FOLLOWER at term 128 for DISCOVERED_A_NEW_TERM
2019-10-17 21:15:44,922 [d2424f4d-20d2-4104-abcc-02e6288f3ffc@group-62509A8A5C15-LeaderElection123] INFO  impl.RoleInfo (RoleInfo.java:shutdownLeaderElection(134)) - d2424f4d-20d2-4104-abcc-02e6288f3ffc: shutdown LeaderElection
2019-10-17 21:15:44,922 [d2424f4d-20d2-4104-abcc-02e6288f3ffc@group-62509A8A5C15-LeaderElection123] INFO  impl.RoleInfo (RoleInfo.java:updateAndGet(143)) - d2424f4d-20d2-4104-abcc-02e6288f3ffc: start FollowerState
2019-10-17 21:15:45,013 [Thread-1028] INFO  impl.FollowerState (FollowerState.java:run(108)) - d2424f4d-20d2-4104-abcc-02e6288f3ffc@group-62509A8A5C15-FollowerState: change to CANDIDATE, lastRpcTime:90ms, electionTimeout:90ms
2019-10-17 21:15:45,013 [Thread-1028] INFO  impl.RoleInfo (RoleInfo.java:shutdownFollowerState(121)) - d2424f4d-20d2-4104-abcc-02e6288f3ffc: shutdown FollowerState
2019-10-17 21:15:45,014 [Thread-1028] INFO  impl.RaftServerImpl (RaftServerImpl.java:setRole(184)) - d2424f4d-20d2-4104-abcc-02e6288f3ffc@group-62509A8A5C15: changes role from  FOLLOWER to CANDIDATE at term 128 for changeToCandidate
2019-10-17 21:15:45,014 [Thread-1028] INFO  impl.RoleInfo (RoleInfo.java:updateAndGet(143)) - d2424f4d-20d2-4104-abcc-02e6288f3ffc: start LeaderElection
2019-10-17 21:15:45,028 [d2424f4d-20d2-4104-abcc-02e6288f3ffc@group-62509A8A5C15-LeaderElection124] INFO  impl.LeaderElection (LeaderElection.java:askForVotes(178)) - d2424f4d-20d2-4104-abcc-02e6288f3ffc@group-62509A8A5C15-LeaderElection124: begin an election at term 129 for -1: [3909bd6a-278d-4911-9d70-32680c972d02:192.168.157.223:33343, d2424f4d-20d2-4104-abcc-02e6288f3ffc:192.168.157.223:39352, 7c510082-4284-44ef-8cd9-bb38fb15579f:192.168.157.223:33098], old=null
2019-10-17 21:15:45,031 [grpc-default-executor-6] INFO  impl.RaftServerImpl (RaftServerImpl.java:setRole(184)) - 3909bd6a-278d-4911-9d70-32680c972d02@group-62509A8A5C15: changes role from  FOLLOWER to FOLLOWER at term 129 for recognizeCandidate:d2424f4d-20d2-4104-abcc-02e6288f3ffc
2019-10-17 21:15:45,032 [grpc-default-executor-6] INFO  impl.RoleInfo (RoleInfo.java:shutdownFollowerState(121)) - 3909bd6a-278d-4911-9d70-32680c972d02: shutdown FollowerState
2019-10-17 21:15:45,032 [grpc-default-executor-6] INFO  impl.RoleInfo (RoleInfo.java:updateAndGet(143)) - 3909bd6a-278d-4911-9d70-32680c972d02: start FollowerState
2019-10-17 21:15:45,032 [Thread-1026] INFO  impl.FollowerState (FollowerState.java:run(117)) - 3909bd6a-278d-4911-9d70-32680c972d02@group-62509A8A5C15-FollowerState was interrupted: java.lang.InterruptedException: sleep interrupted
2019-10-17 21:15:45,032 [grpc-default-executor-2] INFO  impl.RaftServerImpl (RaftServerImpl.java:setRole(184)) - 7c510082-4284-44ef-8cd9-bb38fb15579f@group-62509A8A5C15: changes role from  FOLLOWER to FOLLOWER at term 129 for recognizeCandidate:d2424f4d-20d2-4104-abcc-02e6288f3ffc
2019-10-17 21:15:45,032 [grpc-default-executor-2] INFO  impl.RoleInfo (RoleInfo.java:shutdownFollowerState(121)) - 7c510082-4284-44ef-8cd9-bb38fb15579f: shutdown FollowerState
2019-10-17 21:15:45,032 [grpc-default-executor-2] INFO  impl.RoleInfo (RoleInfo.java:updateAndGet(143)) - 7c510082-4284-44ef-8cd9-bb38fb15579f: start FollowerState
2019-10-17 21:15:45,032 [Thread-1027] INFO  impl.FollowerState (FollowerState.java:run(117)) - 7c510082-4284-44ef-8cd9-bb38fb15579f@group-62509A8A5C15-FollowerState was interrupted: java.lang.InterruptedException: sleep interrupted
2019-10-17 21:15:45,062 [d2424f4d-20d2-4104-abcc-02e6288f3ffc@group-62509A8A5C15-LeaderElection124] INFO  impl.LeaderElection (LeaderElection.java:logAndReturn(56)) - d2424f4d-20d2-4104-abcc-02e6288f3ffc@group-62509A8A5C15-LeaderElection124: Election REJECTED; received 2 response(s) [d2424f4d-20d2-4104-abcc-02e6288f3ffc<-3909bd6a-278d-4911-9d70-32680c972d02#0:FAIL-t129, d2424f4d-20d2-4104-abcc-02e6288f3ffc<-7c510082-4284-44ef-8cd9-bb38fb15579f#0:FAIL-t129] and 0 exception(s); d2424f4d-20d2-4104-abcc-02e6288f3ffc@group-62509A8A5C15:t129, leader=null, voted=d2424f4d-20d2-4104-abcc-02e6288f3ffc, raftlog=d2424f4d-20d2-4104-abcc-02e6288f3ffc@group-62509A8A5C15-SegmentedRaftLog:OPENED:c-1,f-1,i0, conf=-1: [3909bd6a-278d-4911-9d70-32680c972d02:192.168.157.223:33343, d2424f4d-20d2-4104-abcc-02e6288f3ffc:192.168.157.223:39352, 7c510082-4284-44ef-8cd9-bb38fb15579f:192.168.157.223:33098], old=null
2019-10-17 21:15:45,064 [d2424f4d-20d2-4104-abcc-02e6288f3ffc@group-62509A8A5C15-LeaderElection124] INFO  impl.RaftServerImpl (RaftServerImpl.java:setRole(184)) - d2424f4d-20d2-4104-abcc-02e6288f3ffc@group-62509A8A5C15: changes role from CANDIDATE to FOLLOWER at term 129 for DISCOVERED_A_NEW_TERM
2019-10-17 21:15:45,064 [d2424f4d-20d2-4104-abcc-02e6288f3ffc@group-62509A8A5C15-LeaderElection124] INFO  impl.RoleInfo (RoleInfo.java:shutdownLeaderElection(134)) - d2424f4d-20d2-4104-abcc-02e6288f3ffc: shutdown LeaderElection
2019-10-17 21:15:45,065 [d2424f4d-20d2-4104-abcc-02e6288f3ffc@group-62509A8A5C15-LeaderElection124] INFO  impl.RoleInfo (RoleInfo.java:updateAndGet(143)) - d2424f4d-20d2-4104-abcc-02e6288f3ffc: start FollowerState
2019-10-17 21:15:45,150 [Thread-1034] INFO  impl.FollowerState (FollowerState.java:run(108)) - d2424f4d-20d2-4104-abcc-02e6288f3ffc@group-62509A8A5C15-FollowerState: change to CANDIDATE, lastRpcTime:85ms, electionTimeout:85ms
2019-10-17 21:15:45,151 [Thread-1034] INFO  impl.RoleInfo (RoleInfo.java:shutdownFollowerState(121)) - d2424f4d-20d2-4104-abcc-02e6288f3ffc: shutdown FollowerState
2019-10-17 21:15:45,151 [Thread-1034] INFO  impl.RaftServerImpl (RaftServerImpl.java:setRole(184)) - d2424f4d-20d2-4104-abcc-02e6288f3ffc@group-62509A8A5C15: changes role from  FOLLOWER to CANDIDATE at term 129 for changeToCandidate
2019-10-17 21:15:45,151 [Thread-1034] INFO  impl.RoleInfo (RoleInfo.java:updateAndGet(143)) - d2424f4d-20d2-4104-abcc-02e6288f3ffc: start LeaderElection
2019-10-17 21:15:45,166 [d2424f4d-20d2-4104-abcc-02e6288f3ffc@group-62509A8A5C15-LeaderElection125] INFO  impl.LeaderElection (LeaderElection.java:askForVotes(178)) - d2424f4d-20d2-4104-abcc-02e6288f3ffc@group-62509A8A5C15-LeaderElection125: begin an election at term 130 for -1: [3909bd6a-278d-4911-9d70-32680c972d02:192.168.157.223:33343, d2424f4d-20d2-4104-abcc-02e6288f3ffc:192.168.157.223:39352, 7c510082-4284-44ef-8cd9-bb38fb15579f:192.168.157.223:33098], old=null
2019-10-17 21:15:45,170 [grpc-default-executor-6] INFO  impl.RaftServerImpl (RaftServerImpl.java:setRole(184)) - 7c510082-4284-44ef-8cd9-bb38fb15579f@group-62509A8A5C15: changes role from  FOLLOWER to FOLLOWER at term 130 for recognizeCandidate:d2424f4d-20d2-4104-abcc-02e6288f3ffc
2019-10-17 21:15:45,170 [grpc-default-executor-2] INFO  impl.RaftServerImpl (RaftServerImpl.java:setRole(184)) - 3909bd6a-278d-4911-9d70-32680c972d02@group-62509A8A5C15: changes role from  FOLLOWER to FOLLOWER at term 130 for recognizeCandidate:d2424f4d-20d2-4104-abcc-02e6288f3ffc
2019-10-17 21:15:45,170 [grpc-default-executor-6] INFO  impl.RoleInfo (RoleInfo.java:shutdownFollowerState(121)) - 7c510082-4284-44ef-8cd9-bb38fb15579f: shutdown FollowerState
2019-10-17 21:15:45,171 [grpc-default-executor-2] INFO  impl.RoleInfo (RoleInfo.java:shutdownFollowerState(121)) - 3909bd6a-278d-4911-9d70-32680c972d02: shutdown FollowerState
2019-10-17 21:15:45,171 [Thread-1033] INFO  impl.FollowerState (FollowerState.java:run(117)) - 7c510082-4284-44ef-8cd9-bb38fb15579f@group-62509A8A5C15-FollowerState was interrupted: java.lang.InterruptedException: sleep interrupted
2019-10-17 21:15:45,171 [grpc-default-executor-2] INFO  impl.RoleInfo (RoleInfo.java:updateAndGet(143)) - 3909bd6a-278d-4911-9d70-32680c972d02: start FollowerState
2019-10-17 21:15:45,171 [grpc-default-executor-6] INFO  impl.RoleInfo (RoleInfo.java:updateAndGet(143)) - 7c510082-4284-44ef-8cd9-bb38fb15579f: start FollowerState
2019-10-17 21:15:45,171 [Thread-1032] INFO  impl.FollowerState (FollowerState.java:run(117)) - 3909bd6a-278d-4911-9d70-32680c972d02@group-62509A8A5C15-FollowerState was interrupted: java.lang.InterruptedException: sleep interrupted
2019-10-17 21:15:45,198 [d2424f4d-20d2-4104-abcc-02e6288f3ffc@group-62509A8A5C15-LeaderElection125] INFO  impl.LeaderElection (LeaderElection.java:logAndReturn(56)) - d2424f4d-20d2-4104-abcc-02e6288f3ffc@group-62509A8A5C15-LeaderElection125: Election REJECTED; received 2 response(s) [d2424f4d-20d2-4104-abcc-02e6288f3ffc<-3909bd6a-278d-4911-9d70-32680c972d02#0:FAIL-t130, d2424f4d-20d2-4104-abcc-02e6288f3ffc<-7c510082-4284-44ef-8cd9-bb38fb15579f#0:FAIL-t130] and 0 exception(s); d2424f4d-20d2-4104-abcc-02e6288f3ffc@group-62509A8A5C15:t130, leader=null, voted=d2424f4d-20d2-4104-abcc-02e6288f3ffc, raftlog=d2424f4d-20d2-4104-abcc-02e6288f3ffc@group-62509A8A5C15-SegmentedRaftLog:OPENED:c-1,f-1,i0, conf=-1: [3909bd6a-278d-4911-9d70-32680c972d02:192.168.157.223:33343, d2424f4d-20d2-4104-abcc-02e6288f3ffc:192.168.157.223:39352, 7c510082-4284-44ef-8cd9-bb38fb15579f:192.168.157.223:33098], old=null
2019-10-17 21:15:45,198 [d2424f4d-20d2-4104-abcc-02e6288f3ffc@group-62509A8A5C15-LeaderElection125] INFO  impl.RaftServerImpl (RaftServerImpl.java:setRole(184)) - d2424f4d-20d2-4104-abcc-02e6288f3ffc@group-62509A8A5C15: changes role from CANDIDATE to FOLLOWER at term 130 for DISCOVERED_A_NEW_TERM
2019-10-17 21:15:45,198 [d2424f4d-20d2-4104-abcc-02e6288f3ffc@group-62509A8A5C15-LeaderElection125] INFO  impl.RoleInfo (RoleInfo.java:shutdownLeaderElection(134)) - d2424f4d-20d2-4104-abcc-02e6288f3ffc: shutdown LeaderElection
2019-10-17 21:15:45,199 [d2424f4d-20d2-4104-abcc-02e6288f3ffc@group-62509A8A5C15-LeaderElection125] INFO  impl.RoleInfo (RoleInfo.java:updateAndGet(143)) - d2424f4d-20d2-4104-abcc-02e6288f3ffc: start FollowerState
2019-10-17 21:15:45,307 [Thread-1040] INFO  impl.FollowerState (FollowerState.java:run(108)) - d2424f4d-20d2-4104-abcc-02e6288f3ffc@group-62509A8A5C15-FollowerState: change to CANDIDATE, lastRpcTime:108ms, electionTimeout:108ms
2019-10-17 21:15:45,307 [Thread-1040] INFO  impl.RoleInfo (RoleInfo.java:shutdownFollowerState(121)) - d2424f4d-20d2-4104-abcc-02e6288f3ffc: shutdown FollowerState
2019-10-17 21:15:45,308 [Thread-1040] INFO  impl.RaftServerImpl (RaftServerImpl.java:setRole(184)) - d2424f4d-20d2-4104-abcc-02e6288f3ffc@group-62509A8A5C15: changes role from  FOLLOWER to CANDIDATE at term 130 for changeToCandidate
2019-10-17 21:15:45,308 [Thread-1040] INFO  impl.RoleInfo (RoleInfo.java:updateAndGet(143)) - d2424f4d-20d2-4104-abcc-02e6288f3ffc: start LeaderElection
2019-10-17 21:15:45,323 [d2424f4d-20d2-4104-abcc-02e6288f3ffc@group-62509A8A5C15-LeaderElection126] INFO  impl.LeaderElection (LeaderElection.java:askForVotes(178)) - d2424f4d-20d2-4104-abcc-02e6288f3ffc@group-62509A8A5C15-LeaderElection126: begin an election at term 131 for -1: [3909bd6a-278d-4911-9d70-32680c972d02:192.168.157.223:33343, d2424f4d-20d2-4104-abcc-02e6288f3ffc:192.168.157.223:39352, 7c510082-4284-44ef-8cd9-bb38fb15579f:192.168.157.223:33098], old=null
2019-10-17 21:15:45,326 [grpc-default-executor-6] INFO  impl.RaftServerImpl (RaftServerImpl.java:setRole(184)) - 3909bd6a-278d-4911-9d70-32680c972d02@group-62509A8A5C15: changes role from  FOLLOWER to FOLLOWER at term 131 for recognizeCandidate:d2424f4d-20d2-4104-abcc-02e6288f3ffc
2019-10-17 21:15:45,326 [grpc-default-executor-6] INFO  impl.RoleInfo (RoleInfo.java:shutdownFollowerState(121)) - 3909bd6a-278d-4911-9d70-32680c972d02: shutdown FollowerState
2019-10-17 21:15:45,326 [grpc-default-executor-2] INFO  impl.RaftServerImpl (RaftServerImpl.java:setRole(184)) - 7c510082-4284-44ef-8cd9-bb38fb15579f@group-62509A8A5C15: changes role from  FOLLOWER to FOLLOWER at term 131 for recognizeCandidate:d2424f4d-20d2-4104-abcc-02e6288f3ffc
2019-10-17 21:15:45,326 [Thread-1039] INFO  impl.FollowerState (FollowerState.java:run(117)) - 3909bd6a-278d-4911-9d70-32680c972d02@group-62509A8A5C15-FollowerState was interrupted: java.lang.InterruptedException: sleep interrupted
2019-10-17 21:15:45,326 [grpc-default-executor-6] INFO  impl.RoleInfo (RoleInfo.java:updateAndGet(143)) - 3909bd6a-278d-4911-9d70-32680c972d02: start FollowerState
2019-10-17 21:15:45,327 [grpc-default-executor-2] INFO  impl.RoleInfo (RoleInfo.java:shutdownFollowerState(121)) - 7c510082-4284-44ef-8cd9-bb38fb15579f: shutdown FollowerState
2019-10-17 21:15:45,327 [grpc-default-executor-2] INFO  impl.RoleInfo (RoleInfo.java:updateAndGet(143)) - 7c510082-4284-44ef-8cd9-bb38fb15579f: start FollowerState
2019-10-17 21:15:45,327 [Thread-1038] INFO  impl.FollowerState (FollowerState.java:run(117)) - 7c510082-4284-44ef-8cd9-bb38fb15579f@group-62509A8A5C15-FollowerState was interrupted: java.lang.InterruptedException: sleep interrupted
2019-10-17 21:15:45,341 [d2424f4d-20d2-4104-abcc-02e6288f3ffc@group-62509A8A5C15-LeaderElection126] INFO  impl.LeaderElection (LeaderElection.java:logAndReturn(56)) - d2424f4d-20d2-4104-abcc-02e6288f3ffc@group-62509A8A5C15-LeaderElection126: Election REJECTED; received 2 response(s) [d2424f4d-20d2-4104-abcc-02e6288f3ffc<-3909bd6a-278d-4911-9d70-32680c972d02#0:FAIL-t131, d2424f4d-20d2-4104-abcc-02e6288f3ffc<-7c510082-4284-44ef-8cd9-bb38fb15579f#0:FAIL-t131] and 0 exception(s); d2424f4d-20d2-4104-abcc-02e6288f3ffc@group-62509A8A5C15:t131, leader=null, voted=d2424f4d-20d2-4104-abcc-02e6288f3ffc, raftlog=d2424f4d-20d2-4104-abcc-02e6288f3ffc@group-62509A8A5C15-SegmentedRaftLog:OPENED:c-1,f-1,i0, conf=-1: [3909bd6a-278d-4911-9d70-32680c972d02:192.168.157.223:33343, d2424f4d-20d2-4104-abcc-02e6288f3ffc:192.168.157.223:39352, 7c510082-4284-44ef-8cd9-bb38fb15579f:192.168.157.223:33098], old=null
2019-10-17 21:15:45,341 [d2424f4d-20d2-4104-abcc-02e6288f3ffc@group-62509A8A5C15-LeaderElection126] INFO  impl.RaftServerImpl (RaftServerImpl.java:setRole(184)) - d2424f4d-20d2-4104-abcc-02e6288f3ffc@group-62509A8A5C15: changes role from CANDIDATE to FOLLOWER at term 131 for DISCOVERED_A_NEW_TERM
2019-10-17 21:15:45,341 [d2424f4d-20d2-4104-abcc-02e6288f3ffc@group-62509A8A5C15-LeaderElection126] INFO  impl.RoleInfo (RoleInfo.java:shutdownLeaderElection(134)) - d2424f4d-20d2-4104-abcc-02e6288f3ffc: shutdown LeaderElection
2019-10-17 21:15:45,342 [d2424f4d-20d2-4104-abcc-02e6288f3ffc@group-62509A8A5C15-LeaderElection126] INFO  impl.RoleInfo (RoleInfo.java:updateAndGet(143)) - d2424f4d-20d2-4104-abcc-02e6288f3ffc: start FollowerState
2019-10-17 21:15:45,442 [Thread-1046] INFO  impl.FollowerState (FollowerState.java:run(108)) - d2424f4d-20d2-4104-abcc-02e6288f3ffc@group-62509A8A5C15-FollowerState: change to CANDIDATE, lastRpcTime:100ms, electionTimeout:100ms
2019-10-17 21:15:45,442 [Thread-1046] INFO  impl.RoleInfo (RoleInfo.java:shutdownFollowerState(121)) - d2424f4d-20d2-4104-abcc-02e6288f3ffc: shutdown FollowerState
2019-10-17 21:15:45,442 [Thread-1046] INFO  impl.RaftServerImpl (RaftServerImpl.java:setRole(184)) - d2424f4d-20d2-4104-abcc-02e6288f3ffc@group-62509A8A5C15: changes role from  FOLLOWER to CANDIDATE at term 131 for changeToCandidate
2019-10-17 21:15:45,443 [Thread-1046] INFO  impl.RoleInfo (RoleInfo.java:updateAndGet(143)) - d2424f4d-20d2-4104-abcc-02e6288f3ffc: start LeaderElection
2019-10-17 21:15:45,468 [d2424f4d-20d2-4104-abcc-02e6288f3ffc@group-62509A8A5C15-LeaderElection127] INFO  impl.LeaderElection (LeaderElection.java:askForVotes(178)) - d2424f4d-20d2-4104-abcc-02e6288f3ffc@group-62509A8A5C15-LeaderElection127: begin an election at term 132 for -1: [3909bd6a-278d-4911-9d70-32680c972d02:192.168.157.223:33343, d2424f4d-20d2-4104-abcc-02e6288f3ffc:192.168.157.223:39352, 7c510082-4284-44ef-8cd9-bb38fb15579f:192.168.157.223:33098], old=null
2019-10-17 21:15:45,471 [grpc-default-executor-2] INFO  impl.RaftServerImpl (RaftServerImpl.java:setRole(184)) - 3909bd6a-278d-4911-9d70-32680c972d02@group-62509A8A5C15: changes role from  FOLLOWER to FOLLOWER at term 132 for recognizeCandidate:d2424f4d-20d2-4104-abcc-02e6288f3ffc
2019-10-17 21:15:45,471 [grpc-default-executor-2] INFO  impl.RoleInfo (RoleInfo.java:shutdownFollowerState(121)) - 3909bd6a-278d-4911-9d70-32680c972d02: shutdown FollowerState
2019-10-17 21:15:45,471 [grpc-default-executor-6] INFO  impl.RaftServerImpl (RaftServerImpl.java:setRole(184)) - 7c510082-4284-44ef-8cd9-bb38fb15579f@group-62509A8A5C15: changes role from  FOLLOWER to FOLLOWER at term 132 for recognizeCandidate:d2424f4d-20d2-4104-abcc-02e6288f3ffc
2019-10-17 21:15:45,471 [Thread-1044] INFO  impl.FollowerState (FollowerState.java:run(117)) - 3909bd6a-278d-4911-9d70-32680c972d02@group-62509A8A5C15-FollowerState was interrupted: java.lang.InterruptedException: sleep interrupted
2019-10-17 21:15:45,471 [grpc-default-executor-2] INFO  impl.RoleInfo (RoleInfo.java:updateAndGet(143)) - 3909bd6a-278d-4911-9d70-32680c972d02: start FollowerState
2019-10-17 21:15:45,471 [grpc-default-executor-6] INFO  impl.RoleInfo (RoleInfo.java:shutdownFollowerState(121)) - 7c510082-4284-44ef-8cd9-bb38fb15579f: shutdown FollowerState
2019-10-17 21:15:45,472 [grpc-default-executor-6] INFO  impl.RoleInfo (RoleInfo.java:updateAndGet(143)) - 7c510082-4284-44ef-8cd9-bb38fb15579f: start FollowerState
2019-10-17 21:15:45,472 [Thread-1045] INFO  impl.FollowerState (FollowerState.java:run(117)) - 7c510082-4284-44ef-8cd9-bb38fb15579f@group-62509A8A5C15-FollowerState was interrupted: java.lang.InterruptedException: sleep interrupted
2019-10-17 21:15:45,499 [d2424f4d-20d2-4104-abcc-02e6288f3ffc@group-62509A8A5C15-LeaderElection127] INFO  impl.LeaderElection (LeaderElection.java:logAndReturn(56)) - d2424f4d-20d2-4104-abcc-02e6288f3ffc@group-62509A8A5C15-LeaderElection127: Election REJECTED; received 2 response(s) [d2424f4d-20d2-4104-abcc-02e6288f3ffc<-3909bd6a-278d-4911-9d70-32680c972d02#0:FAIL-t132, d2424f4d-20d2-4104-abcc-02e6288f3ffc<-7c510082-4284-44ef-8cd9-bb38fb15579f#0:FAIL-t132] and 0 exception(s); d2424f4d-20d2-4104-abcc-02e6288f3ffc@group-62509A8A5C15:t132, leader=null, voted=d2424f4d-20d2-4104-abcc-02e6288f3ffc, raftlog=d2424f4d-20d2-4104-abcc-02e6288f3ffc@group-62509A8A5C15-SegmentedRaftLog:OPENED:c-1,f-1,i0, conf=-1: [3909bd6a-278d-4911-9d70-32680c972d02:192.168.157.223:33343, d2424f4d-20d2-4104-abcc-02e6288f3ffc:192.168.157.223:39352, 7c510082-4284-44ef-8cd9-bb38fb15579f:192.168.157.223:33098], old=null
2019-10-17 21:15:45,499 [d2424f4d-20d2-4104-abcc-02e6288f3ffc@group-62509A8A5C15-LeaderElection127] INFO  impl.RaftServerImpl (RaftServerImpl.java:setRole(184)) - d2424f4d-20d2-4104-abcc-02e6288f3ffc@group-62509A8A5C15: changes role from CANDIDATE to FOLLOWER at term 132 for DISCOVERED_A_NEW_TERM
2019-10-17 21:15:45,499 [d2424f4d-20d2-4104-abcc-02e6288f3ffc@group-62509A8A5C15-LeaderElection127] INFO  impl.RoleInfo (RoleInfo.java:shutdownLeaderElection(134)) - d2424f4d-20d2-4104-abcc-02e6288f3ffc: shutdown LeaderElection
2019-10-17 21:15:45,499 [d2424f4d-20d2-4104-abcc-02e6288f3ffc@group-62509A8A5C15-LeaderElection127] INFO  impl.RoleInfo (RoleInfo.java:updateAndGet(143)) - d2424f4d-20d2-4104-abcc-02e6288f3ffc: start FollowerState
2019-10-17 21:15:45,512 [Thread-1052] INFO  impl.FollowerState (FollowerState.java:run(108)) - d2424f4d-20d2-4104-abcc-02e6288f3ffc@group-62509A8A5C15-FollowerState: change to CANDIDATE, lastRpcTime:12ms, electionTimeout:12ms
2019-10-17 21:15:45,512 [Thread-1052] INFO  impl.RoleInfo (RoleInfo.java:shutdownFollowerState(121)) - d2424f4d-20d2-4104-abcc-02e6288f3ffc: shutdown FollowerState
2019-10-17 21:15:45,512 [Thread-1052] INFO  impl.RaftServerImpl (RaftServerImpl.java:setRole(184)) - d2424f4d-20d2-4104-abcc-02e6288f3ffc@group-62509A8A5C15: changes role from  FOLLOWER to CANDIDATE at term 132 for changeToCandidate
2019-10-17 21:15:45,512 [Thread-1052] INFO  impl.RoleInfo (RoleInfo.java:updateAndGet(143)) - d2424f4d-20d2-4104-abcc-02e6288f3ffc: start LeaderElection
2019-10-17 21:15:45,527 [d2424f4d-20d2-4104-abcc-02e6288f3ffc@group-62509A8A5C15-LeaderElection128] INFO  impl.LeaderElection (LeaderElection.java:askForVotes(178)) - d2424f4d-20d2-4104-abcc-02e6288f3ffc@group-62509A8A5C15-LeaderElection128: begin an election at term 133 for -1: [3909bd6a-278d-4911-9d70-32680c972d02:192.168.157.223:33343, d2424f4d-20d2-4104-abcc-02e6288f3ffc:192.168.157.223:39352, 7c510082-4284-44ef-8cd9-bb38fb15579f:192.168.157.223:33098], old=null
2019-10-17 21:15:45,529 [grpc-default-executor-6] INFO  impl.RaftServerImpl (RaftServerImpl.java:setRole(184)) - 3909bd6a-278d-4911-9d70-32680c972d02@group-62509A8A5C15: changes role from  FOLLOWER to FOLLOWER at term 133 for recognizeCandidate:d2424f4d-20d2-4104-abcc-02e6288f3ffc
2019-10-17 21:15:45,529 [grpc-default-executor-6] INFO  impl.RoleInfo (RoleInfo.java:shutdownFollowerState(121)) - 3909bd6a-278d-4911-9d70-32680c972d02: shutdown FollowerState
2019-10-17 21:15:45,529 [grpc-default-executor-6] INFO  impl.RoleInfo (RoleInfo.java:updateAndGet(143)) - 3909bd6a-278d-4911-9d70-32680c972d02: start FollowerState
2019-10-17 21:15:45,530 [grpc-default-executor-2] INFO  impl.RaftServerImpl (RaftServerImpl.java:setRole(184)) - 7c510082-4284-44ef-8cd9-bb38fb15579f@group-62509A8A5C15: changes role from  FOLLOWER to FOLLOWER at term 133 for recognizeCandidate:d2424f4d-20d2-4104-abcc-02e6288f3ffc
2019-10-17 21:15:45,530 [Thread-1050] INFO  impl.FollowerState (FollowerState.java:run(117)) - 3909bd6a-278d-4911-9d70-32680c972d02@group-62509A8A5C15-FollowerState was interrupted: java.lang.InterruptedException: sleep interrupted
2019-10-17 21:15:45,530 [grpc-default-executor-2] INFO  impl.RoleInfo (RoleInfo.java:shutdownFollowerState(121)) - 7c510082-4284-44ef-8cd9-bb38fb15579f: shutdown FollowerState
2019-10-17 21:15:45,530 [Thread-1051] INFO  impl.FollowerState (FollowerState.java:run(117)) - 7c510082-4284-44ef-8cd9-bb38fb15579f@group-62509A8A5C15-FollowerState was interrupted: java.lang.InterruptedException: sleep interrupted
2019-10-17 21:15:45,530 [grpc-default-executor-2] INFO  impl.RoleInfo (RoleInfo.java:updateAndGet(143)) - 7c510082-4284-44ef-8cd9-bb38fb15579f: start FollowerState
2019-10-17 21:15:45,556 [d2424f4d-20d2-4104-abcc-02e6288f3ffc@group-62509A8A5C15-LeaderElection128] INFO  impl.LeaderElection (LeaderElection.java:logAndReturn(56)) - d2424f4d-20d2-4104-abcc-02e6288f3ffc@group-62509A8A5C15-LeaderElection128: Election REJECTED; received 2 response(s) [d2424f4d-20d2-4104-abcc-02e6288f3ffc<-3909bd6a-278d-4911-9d70-32680c972d02#0:FAIL-t133, d2424f4d-20d2-4104-abcc-02e6288f3ffc<-7c510082-4284-44ef-8cd9-bb38fb15579f#0:FAIL-t133] and 0 exception(s); d2424f4d-20d2-4104-abcc-02e6288f3ffc@group-62509A8A5C15:t133, leader=null, voted=d2424f4d-20d2-4104-abcc-02e6288f3ffc, raftlog=d2424f4d-20d2-4104-abcc-02e6288f3ffc@group-62509A8A5C15-SegmentedRaftLog:OPENED:c-1,f-1,i0, conf=-1: [3909bd6a-278d-4911-9d70-32680c972d02:192.168.157.223:33343, d2424f4d-20d2-4104-abcc-02e6288f3ffc:192.168.157.223:39352, 7c510082-4284-44ef-8cd9-bb38fb15579f:192.168.157.223:33098], old=null
2019-10-17 21:15:45,557 [d2424f4d-20d2-4104-abcc-02e6288f3ffc@group-62509A8A5C15-LeaderElection128] INFO  impl.RaftServerImpl (RaftServerImpl.java:setRole(184)) - d2424f4d-20d2-4104-abcc-02e6288f3ffc@group-62509A8A5C15: changes role from CANDIDATE to FOLLOWER at term 133 for DISCOVERED_A_NEW_TERM
2019-10-17 21:15:45,557 [d2424f4d-20d2-4104-abcc-02e6288f3ffc@group-62509A8A5C15-LeaderElection128] INFO  impl.RoleInfo (RoleInfo.java:shutdownLeaderElection(134)) - d2424f4d-20d2-4104-abcc-02e6288f3ffc: shutdown LeaderElection
2019-10-17 21:15:45,557 [d2424f4d-20d2-4104-abcc-02e6288f3ffc@group-62509A8A5C15-LeaderElection128] INFO  impl.RoleInfo (RoleInfo.java:updateAndGet(143)) - d2424f4d-20d2-4104-abcc-02e6288f3ffc: start FollowerState
2019-10-17 21:15:45,599 [Thread-1058] INFO  impl.FollowerState (FollowerState.java:run(108)) - d2424f4d-20d2-4104-abcc-02e6288f3ffc@group-62509A8A5C15-FollowerState: change to CANDIDATE, lastRpcTime:42ms, electionTimeout:42ms
2019-10-17 21:15:45,599 [Thread-1058] INFO  impl.RoleInfo (RoleInfo.java:shutdownFollowerState(121)) - d2424f4d-20d2-4104-abcc-02e6288f3ffc: shutdown FollowerState
2019-10-17 21:15:45,600 [Thread-1058] INFO  impl.RaftServerImpl (RaftServerImpl.java:setRole(184)) - d2424f4d-20d2-4104-abcc-02e6288f3ffc@group-62509A8A5C15: changes role from  FOLLOWER to CANDIDATE at term 133 for changeToCandidate
2019-10-17 21:15:45,600 [Thread-1058] INFO  impl.RoleInfo (RoleInfo.java:updateAndGet(143)) - d2424f4d-20d2-4104-abcc-02e6288f3ffc: start LeaderElection
2019-10-17 21:15:45,615 [d2424f4d-20d2-4104-abcc-02e6288f3ffc@group-62509A8A5C15-LeaderElection129] INFO  impl.LeaderElection (LeaderElection.java:askForVotes(178)) - d2424f4d-20d2-4104-abcc-02e6288f3ffc@group-62509A8A5C15-LeaderElection129: begin an election at term 134 for -1: [3909bd6a-278d-4911-9d70-32680c972d02:192.168.157.223:33343, d2424f4d-20d2-4104-abcc-02e6288f3ffc:192.168.157.223:39352, 7c510082-4284-44ef-8cd9-bb38fb15579f:192.168.157.223:33098], old=null
2019-10-17 21:15:45,617 [grpc-default-executor-6] INFO  impl.RaftServerImpl (RaftServerImpl.java:setRole(184)) - 3909bd6a-278d-4911-9d70-32680c972d02@group-62509A8A5C15: changes role from  FOLLOWER to FOLLOWER at term 134 for recognizeCandidate:d2424f4d-20d2-4104-abcc-02e6288f3ffc
2019-10-17 21:15:45,617 [grpc-default-executor-6] INFO  impl.RoleInfo (RoleInfo.java:shutdownFollowerState(121)) - 3909bd6a-278d-4911-9d70-32680c972d02: shutdown FollowerState
2019-10-17 21:15:45,617 [grpc-default-executor-2] INFO  impl.RaftServerImpl (RaftServerImpl.java:setRole(184)) - 7c510082-4284-44ef-8cd9-bb38fb15579f@group-62509A8A5C15: changes role from  FOLLOWER to FOLLOWER at term 134 for recognizeCandidate:d2424f4d-20d2-4104-abcc-02e6288f3ffc
2019-10-17 21:15:45,617 [Thread-1056] INFO  impl.FollowerState (FollowerState.java:run(117)) - 3909bd6a-278d-4911-9d70-32680c972d02@group-62509A8A5C15-FollowerState was interrupted: java.lang.InterruptedException: sleep interrupted
2019-10-17 21:15:45,617 [grpc-default-executor-6] INFO  impl.RoleInfo (RoleInfo.java:updateAndGet(143)) - 3909bd6a-278d-4911-9d70-32680c972d02: start FollowerState
2019-10-17 21:15:45,618 [grpc-default-executor-2] INFO  impl.RoleInfo (RoleInfo.java:shutdownFollowerState(121)) - 7c510082-4284-44ef-8cd9-bb38fb15579f: shutdown FollowerState
2019-10-17 21:15:45,618 [grpc-default-executor-2] INFO  impl.RoleInfo (RoleInfo.java:updateAndGet(143)) - 7c510082-4284-44ef-8cd9-bb38fb15579f: start FollowerState
2019-10-17 21:15:45,618 [Thread-1057] INFO  impl.FollowerState (FollowerState.java:run(117)) - 7c510082-4284-44ef-8cd9-bb38fb15579f@group-62509A8A5C15-FollowerState was interrupted: java.lang.InterruptedException: sleep interrupted
2019-10-17 21:15:45,644 [d2424f4d-20d2-4104-abcc-02e6288f3ffc@group-62509A8A5C15-LeaderElection129] INFO  impl.LeaderElection (LeaderElection.java:logAndReturn(56)) - d2424f4d-20d2-4104-abcc-02e6288f3ffc@group-62509A8A5C15-LeaderElection129: Election REJECTED; received 2 response(s) [d2424f4d-20d2-4104-abcc-02e6288f3ffc<-3909bd6a-278d-4911-9d70-32680c972d02#0:FAIL-t134, d2424f4d-20d2-4104-abcc-02e6288f3ffc<-7c510082-4284-44ef-8cd9-bb38fb15579f#0:FAIL-t134] and 0 exception(s); d2424f4d-20d2-4104-abcc-02e6288f3ffc@group-62509A8A5C15:t134, leader=null, voted=d2424f4d-20d2-4104-abcc-02e6288f3ffc, raftlog=d2424f4d-20d2-4104-abcc-02e6288f3ffc@group-62509A8A5C15-SegmentedRaftLog:OPENED:c-1,f-1,i0, conf=-1: [3909bd6a-278d-4911-9d70-32680c972d02:192.168.157.223:33343, d2424f4d-20d2-4104-abcc-02e6288f3ffc:192.168.157.223:39352, 7c510082-4284-44ef-8cd9-bb38fb15579f:192.168.157.223:33098], old=null
2019-10-17 21:15:45,644 [d2424f4d-20d2-4104-abcc-02e6288f3ffc@group-62509A8A5C15-LeaderElection129] INFO  impl.RaftServerImpl (RaftServerImpl.java:setRole(184)) - d2424f4d-20d2-4104-abcc-02e6288f3ffc@group-62509A8A5C15: changes role from CANDIDATE to FOLLOWER at term 134 for DISCOVERED_A_NEW_TERM
2019-10-17 21:15:45,645 [d2424f4d-20d2-4104-abcc-02e6288f3ffc@group-62509A8A5C15-LeaderElection129] INFO  impl.RoleInfo (RoleInfo.java:shutdownLeaderElection(134)) - d2424f4d-20d2-4104-abcc-02e6288f3ffc: shutdown LeaderElection
2019-10-17 21:15:45,645 [d2424f4d-20d2-4104-abcc-02e6288f3ffc@group-62509A8A5C15-LeaderElection129] INFO  impl.RoleInfo (RoleInfo.java:updateAndGet(143)) - d2424f4d-20d2-4104-abcc-02e6288f3ffc: start FollowerState
2019-10-17 21:15:45,702 [Thread-1064] INFO  impl.FollowerState (FollowerState.java:run(108)) - d2424f4d-20d2-4104-abcc-02e6288f3ffc@group-62509A8A5C15-FollowerState: change to CANDIDATE, lastRpcTime:57ms, electionTimeout:57ms
2019-10-17 21:15:45,702 [Thread-1064] INFO  impl.RoleInfo (RoleInfo.java:shutdownFollowerState(121)) - d2424f4d-20d2-4104-abcc-02e6288f3ffc: shutdown FollowerState
2019-10-17 21:15:45,703 [Thread-1064] INFO  impl.RaftServerImpl (RaftServerImpl.java:setRole(184)) - d2424f4d-20d2-4104-abcc-02e6288f3ffc@group-62509A8A5C15: changes role from  FOLLOWER to CANDIDATE at term 134 for changeToCandidate
2019-10-17 21:15:45,703 [Thread-1064] INFO  impl.RoleInfo (RoleInfo.java:updateAndGet(143)) - d2424f4d-20d2-4104-abcc-02e6288f3ffc: start LeaderElection
2019-10-17 21:15:45,715 [d2424f4d-20d2-4104-abcc-02e6288f3ffc@group-62509A8A5C15-LeaderElection130] INFO  impl.LeaderElection (LeaderElection.java:askForVotes(178)) - d2424f4d-20d2-4104-abcc-02e6288f3ffc@group-62509A8A5C15-LeaderElection130: begin an election at term 135 for -1: [3909bd6a-278d-4911-9d70-32680c972d02:192.168.157.223:33343, d2424f4d-20d2-4104-abcc-02e6288f3ffc:192.168.157.223:39352, 7c510082-4284-44ef-8cd9-bb38fb15579f:192.168.157.223:33098], old=null
2019-10-17 21:15:45,717 [grpc-default-executor-6] INFO  impl.RaftServerImpl (RaftServerImpl.java:setRole(184)) - 3909bd6a-278d-4911-9d70-32680c972d02@group-62509A8A5C15: changes role from  FOLLOWER to FOLLOWER at term 135 for recognizeCandidate:d2424f4d-20d2-4104-abcc-02e6288f3ffc
2019-10-17 21:15:45,718 [grpc-default-executor-6] INFO  impl.RoleInfo (RoleInfo.java:shutdownFollowerState(121)) - 3909bd6a-278d-4911-9d70-32680c972d02: shutdown FollowerState
2019-10-17 21:15:45,717 [grpc-default-executor-2] INFO  impl.RaftServerImpl (RaftServerImpl.java:setRole(184)) - 7c510082-4284-44ef-8cd9-bb38fb15579f@group-62509A8A5C15: changes role from  FOLLOWER to FOLLOWER at term 135 for recognizeCandidate:d2424f4d-20d2-4104-abcc-02e6288f3ffc
2019-10-17 21:15:45,718 [grpc-default-executor-2] INFO  impl.RoleInfo (RoleInfo.java:shutdownFollowerState(121)) - 7c510082-4284-44ef-8cd9-bb38fb15579f: shutdown FollowerState
2019-10-17 21:15:45,718 [Thread-1062] INFO  impl.FollowerState (FollowerState.java:run(117)) - 3909bd6a-278d-4911-9d70-32680c972d02@group-62509A8A5C15-FollowerState was interrupted: java.lang.InterruptedException: sleep interrupted
2019-10-17 21:15:45,718 [grpc-default-executor-6] INFO  impl.RoleInfo (RoleInfo.java:updateAndGet(143)) - 3909bd6a-278d-4911-9d70-32680c972d02: start FollowerState
2019-10-17 21:15:45,718 [Thread-1063] INFO  impl.FollowerState (FollowerState.java:run(117)) - 7c510082-4284-44ef-8cd9-bb38fb15579f@group-62509A8A5C15-FollowerState was interrupted: java.lang.InterruptedException: sleep interrupted
2019-10-17 21:15:45,718 [grpc-default-executor-2] INFO  impl.RoleInfo (RoleInfo.java:updateAndGet(143)) - 7c510082-4284-44ef-8cd9-bb38fb15579f: start FollowerState
2019-10-17 21:15:45,736 [d2424f4d-20d2-4104-abcc-02e6288f3ffc@group-62509A8A5C15-LeaderElection130] INFO  impl.LeaderElection (LeaderElection.java:logAndReturn(56)) - d2424f4d-20d2-4104-abcc-02e6288f3ffc@group-62509A8A5C15-LeaderElection130: Election REJECTED; received 2 response(s) [d2424f4d-20d2-4104-abcc-02e6288f3ffc<-3909bd6a-278d-4911-9d70-32680c972d02#0:FAIL-t135, d2424f4d-20d2-4104-abcc-02e6288f3ffc<-7c510082-4284-44ef-8cd9-bb38fb15579f#0:FAIL-t135] and 0 exception(s); d2424f4d-20d2-4104-abcc-02e6288f3ffc@group-62509A8A5C15:t135, leader=null, voted=d2424f4d-20d2-4104-abcc-02e6288f3ffc, raftlog=d2424f4d-20d2-4104-abcc-02e6288f3ffc@group-62509A8A5C15-SegmentedRaftLog:OPENED:c-1,f-1,i0, conf=-1: [3909bd6a-278d-4911-9d70-32680c972d02:192.168.157.223:33343, d2424f4d-20d2-4104-abcc-02e6288f3ffc:192.168.157.223:39352, 7c510082-4284-44ef-8cd9-bb38fb15579f:192.168.157.223:33098], old=null
2019-10-17 21:15:45,736 [d2424f4d-20d2-4104-abcc-02e6288f3ffc@group-62509A8A5C15-LeaderElection130] INFO  impl.RaftServerImpl (RaftServerImpl.java:setRole(184)) - d2424f4d-20d2-4104-abcc-02e6288f3ffc@group-62509A8A5C15: changes role from CANDIDATE to FOLLOWER at term 135 for DISCOVERED_A_NEW_TERM
2019-10-17 21:15:45,736 [d2424f4d-20d2-4104-abcc-02e6288f3ffc@group-62509A8A5C15-LeaderElection130] INFO  impl.RoleInfo (RoleInfo.java:shutdownLeaderElection(134)) - d2424f4d-20d2-4104-abcc-02e6288f3ffc: shutdown LeaderElection
2019-10-17 21:15:45,736 [d2424f4d-20d2-4104-abcc-02e6288f3ffc@group-62509A8A5C15-LeaderElection130] INFO  impl.RoleInfo (RoleInfo.java:updateAndGet(143)) - d2424f4d-20d2-4104-abcc-02e6288f3ffc: start FollowerState
2019-10-17 21:15:45,757 [Thread-1070] INFO  impl.FollowerState (FollowerState.java:run(108)) - d2424f4d-20d2-4104-abcc-02e6288f3ffc@group-62509A8A5C15-FollowerState: change to CANDIDATE, lastRpcTime:21ms, electionTimeout:21ms
2019-10-17 21:15:45,758 [Thread-1070] INFO  impl.RoleInfo (RoleInfo.java:shutdownFollowerState(121)) - d2424f4d-20d2-4104-abcc-02e6288f3ffc: shutdown FollowerState
2019-10-17 21:15:45,758 [Thread-1070] INFO  impl.RaftServerImpl (RaftServerImpl.java:setRole(184)) - d2424f4d-20d2-4104-abcc-02e6288f3ffc@group-62509A8A5C15: changes role from  FOLLOWER to CANDIDATE at term 135 for changeToCandidate
2019-10-17 21:15:45,758 [Thread-1070] INFO  impl.RoleInfo (RoleInfo.java:updateAndGet(143)) - d2424f4d-20d2-4104-abcc-02e6288f3ffc: start LeaderElection
2019-10-17 21:15:45,773 [d2424f4d-20d2-4104-abcc-02e6288f3ffc@group-62509A8A5C15-LeaderElection131] INFO  impl.LeaderElection (LeaderElection.java:askForVotes(178)) - d2424f4d-20d2-4104-abcc-02e6288f3ffc@group-62509A8A5C15-LeaderElection131: begin an election at term 136 for -1: [3909bd6a-278d-4911-9d70-32680c972d02:192.168.157.223:33343, d2424f4d-20d2-4104-abcc-02e6288f3ffc:192.168.157.223:39352, 7c510082-4284-44ef-8cd9-bb38fb15579f:192.168.157.223:33098], old=null
2019-10-17 21:15:45,775 [grpc-default-executor-6] INFO  impl.RaftServerImpl (RaftServerImpl.java:setRole(184)) - 3909bd6a-278d-4911-9d70-32680c972d02@group-62509A8A5C15: changes role from  FOLLOWER to FOLLOWER at term 136 for recognizeCandidate:d2424f4d-20d2-4104-abcc-02e6288f3ffc
2019-10-17 21:15:45,776 [grpc-default-executor-6] INFO  impl.RoleInfo (RoleInfo.java:shutdownFollowerState(121)) - 3909bd6a-278d-4911-9d70-32680c972d02: shutdown FollowerState
2019-10-17 21:15:45,776 [grpc-default-executor-2] INFO  impl.RaftServerImpl (RaftServerImpl.java:setRole(184)) - 7c510082-4284-44ef-8cd9-bb38fb15579f@group-62509A8A5C15: changes role from  FOLLOWER to FOLLOWER at term 136 for recognizeCandidate:d2424f4d-20d2-4104-abcc-02e6288f3ffc
2019-10-17 21:15:45,776 [Thread-1068] INFO  impl.FollowerState (FollowerState.java:run(117)) - 3909bd6a-278d-4911-9d70-32680c972d02@group-62509A8A5C15-FollowerState was interrupted: java.lang.InterruptedException: sleep interrupted
2019-10-17 21:15:45,776 [grpc-default-executor-6] INFO  impl.RoleInfo (RoleInfo.java:updateAndGet(143)) - 3909bd6a-278d-4911-9d70-32680c972d02: start FollowerState
2019-10-17 21:15:45,776 [grpc-default-executor-2] INFO  impl.RoleInfo (RoleInfo.java:shutdownFollowerState(121)) - 7c510082-4284-44ef-8cd9-bb38fb15579f: shutdown FollowerState
2019-10-17 21:15:45,777 [grpc-default-executor-2] INFO  impl.RoleInfo (RoleInfo.java:updateAndGet(143)) - 7c510082-4284-44ef-8cd9-bb38fb15579f: start FollowerState
2019-10-17 21:15:45,777 [Thread-1069] INFO  impl.FollowerState (FollowerState.java:run(117)) - 7c510082-4284-44ef-8cd9-bb38fb15579f@group-62509A8A5C15-FollowerState was interrupted: java.lang.InterruptedException: sleep interrupted
2019-10-17 21:15:45,792 [d2424f4d-20d2-4104-abcc-02e6288f3ffc@group-62509A8A5C15-LeaderElection131] INFO  impl.LeaderElection (LeaderElection.java:logAndReturn(56)) - d2424f4d-20d2-4104-abcc-02e6288f3ffc@group-62509A8A5C15-LeaderElection131: Election REJECTED; received 2 response(s) [d2424f4d-20d2-4104-abcc-02e6288f3ffc<-3909bd6a-278d-4911-9d70-32680c972d02#0:FAIL-t136, d2424f4d-20d2-4104-abcc-02e6288f3ffc<-7c510082-4284-44ef-8cd9-bb38fb15579f#0:FAIL-t136] and 0 exception(s); d2424f4d-20d2-4104-abcc-02e6288f3ffc@group-62509A8A5C15:t136, leader=null, voted=d2424f4d-20d2-4104-abcc-02e6288f3ffc, raftlog=d2424f4d-20d2-4104-abcc-02e6288f3ffc@group-62509A8A5C15-SegmentedRaftLog:OPENED:c-1,f-1,i0, conf=-1: [3909bd6a-278d-4911-9d70-32680c972d02:192.168.157.223:33343, d2424f4d-20d2-4104-abcc-02e6288f3ffc:192.168.157.223:39352, 7c510082-4284-44ef-8cd9-bb38fb15579f:192.168.157.223:33098], old=null
2019-10-17 21:15:45,792 [d2424f4d-20d2-4104-abcc-02e6288f3ffc@group-62509A8A5C15-LeaderElection131] INFO  impl.RaftServerImpl (RaftServerImpl.java:setRole(184)) - d2424f4d-20d2-4104-abcc-02e6288f3ffc@group-62509A8A5C15: changes role from CANDIDATE to FOLLOWER at term 136 for DISCOVERED_A_NEW_TERM
2019-10-17 21:15:45,792 [d2424f4d-20d2-4104-abcc-02e6288f3ffc@group-62509A8A5C15-LeaderElection131] INFO  impl.RoleInfo (RoleInfo.java:shutdownLeaderElection(134)) - d2424f4d-20d2-4104-abcc-02e6288f3ffc: shutdown LeaderElection
2019-10-17 21:15:45,792 [d2424f4d-20d2-4104-abcc-02e6288f3ffc@group-62509A8A5C15-LeaderElection131] INFO  impl.RoleInfo (RoleInfo.java:updateAndGet(143)) - d2424f4d-20d2-4104-abcc-02e6288f3ffc: start FollowerState
2019-10-17 21:15:45,938 [Thread-1078] INFO  impl.FollowerState (FollowerState.java:run(108)) - d2424f4d-20d2-4104-abcc-02e6288f3ffc@group-62509A8A5C15-FollowerState: change to CANDIDATE, lastRpcTime:145ms, electionTimeout:145ms
2019-10-17 21:15:45,938 [Thread-1078] INFO  impl.RoleInfo (RoleInfo.java:shutdownFollowerState(121)) - d2424f4d-20d2-4104-abcc-02e6288f3ffc: shutdown FollowerState
2019-10-17 21:15:45,938 [Thread-1078] INFO  impl.RaftServerImpl (RaftServerImpl.java:setRole(184)) - d2424f4d-20d2-4104-abcc-02e6288f3ffc@group-62509A8A5C15: changes role from  FOLLOWER to CANDIDATE at term 136 for changeToCandidate
2019-10-17 21:15:45,938 [Thread-1078] INFO  impl.RoleInfo (RoleInfo.java:updateAndGet(143)) - d2424f4d-20d2-4104-abcc-02e6288f3ffc: start LeaderElection
2019-10-17 21:15:45,953 [d2424f4d-20d2-4104-abcc-02e6288f3ffc@group-62509A8A5C15-LeaderElection132] INFO  impl.LeaderElection (LeaderElection.java:askForVotes(178)) - d2424f4d-20d2-4104-abcc-02e6288f3ffc@group-62509A8A5C15-LeaderElection132: begin an election at term 137 for -1: [3909bd6a-278d-4911-9d70-32680c972d02:192.168.157.223:33343, d2424f4d-20d2-4104-abcc-02e6288f3ffc:192.168.157.223:39352, 7c510082-4284-44ef-8cd9-bb38fb15579f:192.168.157.223:33098], old=null
2019-10-17 21:15:45,955 [grpc-default-executor-6] INFO  impl.RaftServerImpl (RaftServerImpl.java:setRole(184)) - 3909bd6a-278d-4911-9d70-32680c972d02@group-62509A8A5C15: changes role from  FOLLOWER to FOLLOWER at term 137 for recognizeCandidate:d2424f4d-20d2-4104-abcc-02e6288f3ffc
2019-10-17 21:15:45,955 [grpc-default-executor-6] INFO  impl.RoleInfo (RoleInfo.java:shutdownFollowerState(121)) - 3909bd6a-278d-4911-9d70-32680c972d02: shutdown FollowerState
2019-10-17 21:15:45,955 [grpc-default-executor-2] INFO  impl.RaftServerImpl (RaftServerImpl.java:setRole(184)) - 7c510082-4284-44ef-8cd9-bb38fb15579f@group-62509A8A5C15: changes role from  FOLLOWER to FOLLOWER at term 137 for recognizeCandidate:d2424f4d-20d2-4104-abcc-02e6288f3ffc
2019-10-17 21:15:45,955 [Thread-1076] INFO  impl.FollowerState (FollowerState.java:run(117)) - 3909bd6a-278d-4911-9d70-32680c972d02@group-62509A8A5C15-FollowerState was interrupted: java.lang.InterruptedException: sleep interrupted
2019-10-17 21:15:45,955 [grpc-default-executor-6] INFO  impl.RoleInfo (RoleInfo.java:updateAndGet(143)) - 3909bd6a-278d-4911-9d70-32680c972d02: start FollowerState
2019-10-17 21:15:45,956 [grpc-default-executor-2] INFO  impl.RoleInfo (RoleInfo.java:shutdownFollowerState(121)) - 7c510082-4284-44ef-8cd9-bb38fb15579f: shutdown FollowerState
2019-10-17 21:15:45,956 [grpc-default-executor-2] INFO  impl.RoleInfo (RoleInfo.java:updateAndGet(143)) - 7c510082-4284-44ef-8cd9-bb38fb15579f: start FollowerState
2019-10-17 21:15:45,956 [Thread-1077] INFO  impl.FollowerState (FollowerState.java:run(117)) - 7c510082-4284-44ef-8cd9-bb38fb15579f@group-62509A8A5C15-FollowerState was interrupted: java.lang.InterruptedException: sleep interrupted
2019-10-17 21:15:45,980 [d2424f4d-20d2-4104-abcc-02e6288f3ffc@group-62509A8A5C15-LeaderElection132] INFO  impl.LeaderElection (LeaderElection.java:logAndReturn(56)) - d2424f4d-20d2-4104-abcc-02e6288f3ffc@group-62509A8A5C15-LeaderElection132: Election TIMEOUT; received 0 response(s) [] and 0 exception(s); d2424f4d-20d2-4104-abcc-02e6288f3ffc@group-62509A8A5C15:t137, leader=null, voted=d2424f4d-20d2-4104-abcc-02e6288f3ffc, raftlog=d2424f4d-20d2-4104-abcc-02e6288f3ffc@group-62509A8A5C15-SegmentedRaftLog:OPENED:c-1,f-1,i0, conf=-1: [3909bd6a-278d-4911-9d70-32680c972d02:192.168.157.223:33343, d2424f4d-20d2-4104-abcc-02e6288f3ffc:192.168.157.223:39352, 7c510082-4284-44ef-8cd9-bb38fb15579f:192.168.157.223:33098], old=null
2019-10-17 21:15:45,985 [d2424f4d-20d2-4104-abcc-02e6288f3ffc@group-62509A8A5C15-LeaderElection132] INFO  impl.LeaderElection (LeaderElection.java:askForVotes(178)) - d2424f4d-20d2-4104-abcc-02e6288f3ffc@group-62509A8A5C15-LeaderElection132: begin an election at term 138 for -1: [3909bd6a-278d-4911-9d70-32680c972d02:192.168.157.223:33343, d2424f4d-20d2-4104-abcc-02e6288f3ffc:192.168.157.223:39352, 7c510082-4284-44ef-8cd9-bb38fb15579f:192.168.157.223:33098], old=null
2019-10-17 21:15:45,987 [grpc-default-executor-2] INFO  impl.RaftServerImpl (RaftServerImpl.java:setRole(184)) - 3909bd6a-278d-4911-9d70-32680c972d02@group-62509A8A5C15: changes role from  FOLLOWER to FOLLOWER at term 138 for recognizeCandidate:d2424f4d-20d2-4104-abcc-02e6288f3ffc
2019-10-17 21:15:45,987 [grpc-default-executor-2] INFO  impl.RoleInfo (RoleInfo.java:shutdownFollowerState(121)) - 3909bd6a-278d-4911-9d70-32680c972d02: shutdown FollowerState
2019-10-17 21:15:45,987 [grpc-default-executor-6] INFO  impl.RaftServerImpl (RaftServerImpl.java:setRole(184)) - 7c510082-4284-44ef-8cd9-bb38fb15579f@group-62509A8A5C15: changes role from  FOLLOWER to FOLLOWER at term 138 for recognizeCandidate:d2424f4d-20d2-4104-abcc-02e6288f3ffc
2019-10-17 21:15:45,987 [Thread-1082] INFO  impl.FollowerState (FollowerState.java:run(117)) - 3909bd6a-278d-4911-9d70-32680c972d02@group-62509A8A5C15-FollowerState was interrupted: java.lang.InterruptedException: sleep interrupted
2019-10-17 21:15:45,987 [grpc-default-executor-2] INFO  impl.RoleInfo (RoleInfo.java:updateAndGet(143)) - 3909bd6a-278d-4911-9d70-32680c972d02: start FollowerState
2019-10-17 21:15:45,988 [grpc-default-executor-6] INFO  impl.RoleInfo (RoleInfo.java:shutdownFollowerState(121)) - 7c510082-4284-44ef-8cd9-bb38fb15579f: shutdown FollowerState
2019-10-17 21:15:45,988 [grpc-default-executor-6] INFO  impl.RoleInfo (RoleInfo.java:updateAndGet(143)) - 7c510082-4284-44ef-8cd9-bb38fb15579f: start FollowerState
2019-10-17 21:15:45,988 [Thread-1083] INFO  impl.FollowerState (FollowerState.java:run(117)) - 7c510082-4284-44ef-8cd9-bb38fb15579f@group-62509A8A5C15-FollowerState was interrupted: java.lang.InterruptedException: sleep interrupted
2019-10-17 21:15:46,004 [d2424f4d-20d2-4104-abcc-02e6288f3ffc@group-62509A8A5C15-LeaderElection132] INFO  impl.LeaderElection (LeaderElection.java:logAndReturn(56)) - d2424f4d-20d2-4104-abcc-02e6288f3ffc@group-62509A8A5C15-LeaderElection132: Election REJECTED; received 2 response(s) [d2424f4d-20d2-4104-abcc-02e6288f3ffc<-3909bd6a-278d-4911-9d70-32680c972d02#0:FAIL-t138, d2424f4d-20d2-4104-abcc-02e6288f3ffc<-7c510082-4284-44ef-8cd9-bb38fb15579f#0:FAIL-t138] and 0 exception(s); d2424f4d-20d2-4104-abcc-02e6288f3ffc@group-62509A8A5C15:t138, leader=null, voted=d2424f4d-20d2-4104-abcc-02e6288f3ffc, raftlog=d2424f4d-20d2-4104-abcc-02e6288f3ffc@group-62509A8A5C15-SegmentedRaftLog:OPENED:c-1,f-1,i0, conf=-1: [3909bd6a-278d-4911-9d70-32680c972d02:192.168.157.223:33343, d2424f4d-20d2-4104-abcc-02e6288f3ffc:192.168.157.223:39352, 7c510082-4284-44ef-8cd9-bb38fb15579f:192.168.157.223:33098], old=null
2019-10-17 21:15:46,004 [d2424f4d-20d2-4104-abcc-02e6288f3ffc@group-62509A8A5C15-LeaderElection132] INFO  impl.RaftServerImpl (RaftServerImpl.java:setRole(184)) - d2424f4d-20d2-4104-abcc-02e6288f3ffc@group-62509A8A5C15: changes role from CANDIDATE to FOLLOWER at term 138 for DISCOVERED_A_NEW_TERM
2019-10-17 21:15:46,004 [d2424f4d-20d2-4104-abcc-02e6288f3ffc@group-62509A8A5C15-LeaderElection132] INFO  impl.RoleInfo (RoleInfo.java:shutdownLeaderElection(134)) - d2424f4d-20d2-4104-abcc-02e6288f3ffc: shutdown LeaderElection
2019-10-17 21:15:46,004 [d2424f4d-20d2-4104-abcc-02e6288f3ffc@group-62509A8A5C15-LeaderElection132] INFO  impl.RoleInfo (RoleInfo.java:updateAndGet(143)) - d2424f4d-20d2-4104-abcc-02e6288f3ffc: start FollowerState
2019-10-17 21:15:46,199 [Thread-1088] INFO  impl.FollowerState (FollowerState.java:run(108)) - d2424f4d-20d2-4104-abcc-02e6288f3ffc@group-62509A8A5C15-FollowerState: change to CANDIDATE, lastRpcTime:194ms, electionTimeout:194ms
2019-10-17 21:15:46,199 [Thread-1088] INFO  impl.RoleInfo (RoleInfo.java:shutdownFollowerState(121)) - d2424f4d-20d2-4104-abcc-02e6288f3ffc: shutdown FollowerState
2019-10-17 21:15:46,199 [Thread-1088] INFO  impl.RaftServerImpl (RaftServerImpl.java:setRole(184)) - d2424f4d-20d2-4104-abcc-02e6288f3ffc@group-62509A8A5C15: changes role from  FOLLOWER to CANDIDATE at term 138 for changeToCandidate
2019-10-17 21:15:46,199 [Thread-1088] INFO  impl.RoleInfo (RoleInfo.java:updateAndGet(143)) - d2424f4d-20d2-4104-abcc-02e6288f3ffc: start LeaderElection
2019-10-17 21:15:46,214 [d2424f4d-20d2-4104-abcc-02e6288f3ffc@group-62509A8A5C15-LeaderElection133] INFO  impl.LeaderElection (LeaderElection.java:askForVotes(178)) - d2424f4d-20d2-4104-abcc-02e6288f3ffc@group-62509A8A5C15-LeaderElection133: begin an election at term 139 for -1: [3909bd6a-278d-4911-9d70-32680c972d02:192.168.157.223:33343, d2424f4d-20d2-4104-abcc-02e6288f3ffc:192.168.157.223:39352, 7c510082-4284-44ef-8cd9-bb38fb15579f:192.168.157.223:33098], old=null
2019-10-17 21:15:46,217 [grpc-default-executor-2] INFO  impl.RaftServerImpl (RaftServerImpl.java:setRole(184)) - 3909bd6a-278d-4911-9d70-32680c972d02@group-62509A8A5C15: changes role from  FOLLOWER to FOLLOWER at term 139 for recognizeCandidate:d2424f4d-20d2-4104-abcc-02e6288f3ffc
2019-10-17 21:15:46,217 [grpc-default-executor-2] INFO  impl.RoleInfo (RoleInfo.java:shutdownFollowerState(121)) - 3909bd6a-278d-4911-9d70-32680c972d02: shutdown FollowerState
2019-10-17 21:15:46,217 [grpc-default-executor-6] INFO  impl.RaftServerImpl (RaftServerImpl.java:setRole(184)) - 7c510082-4284-44ef-8cd9-bb38fb15579f@group-62509A8A5C15: changes role from  FOLLOWER to FOLLOWER at term 139 for recognizeCandidate:d2424f4d-20d2-4104-abcc-02e6288f3ffc
2019-10-17 21:15:46,217 [grpc-default-executor-6] INFO  impl.RoleInfo (RoleInfo.java:shutdownFollowerState(121)) - 7c510082-4284-44ef-8cd9-bb38fb15579f: shutdown FollowerState
2019-10-17 21:15:46,217 [Thread-1086] INFO  impl.FollowerState (FollowerState.java:run(117)) - 3909bd6a-278d-4911-9d70-32680c972d02@group-62509A8A5C15-FollowerState was interrupted: java.lang.InterruptedException: sleep interrupted
2019-10-17 21:15:46,217 [grpc-default-executor-2] INFO  impl.RoleInfo (RoleInfo.java:updateAndGet(143)) - 3909bd6a-278d-4911-9d70-32680c972d02: start FollowerState
2019-10-17 21:15:46,218 [Thread-1087] INFO  impl.FollowerState (FollowerState.java:run(117)) - 7c510082-4284-44ef-8cd9-bb38fb15579f@group-62509A8A5C15-FollowerState was interrupted: java.lang.InterruptedException: sleep interrupted
2019-10-17 21:15:46,218 [grpc-default-executor-6] INFO  impl.RoleInfo (RoleInfo.java:updateAndGet(143)) - 7c510082-4284-44ef-8cd9-bb38fb15579f: start FollowerState
2019-10-17 21:15:46,242 [d2424f4d-20d2-4104-abcc-02e6288f3ffc@group-62509A8A5C15-LeaderElection133] INFO  impl.LeaderElection (LeaderElection.java:logAndReturn(56)) - d2424f4d-20d2-4104-abcc-02e6288f3ffc@group-62509A8A5C15-LeaderElection133: Election REJECTED; received 2 response(s) [d2424f4d-20d2-4104-abcc-02e6288f3ffc<-3909bd6a-278d-4911-9d70-32680c972d02#0:FAIL-t139, d2424f4d-20d2-4104-abcc-02e6288f3ffc<-7c510082-4284-44ef-8cd9-bb38fb15579f#0:FAIL-t139] and 0 exception(s); d2424f4d-20d2-4104-abcc-02e6288f3ffc@group-62509A8A5C15:t139, leader=null, voted=d2424f4d-20d2-4104-abcc-02e6288f3ffc, raftlog=d2424f4d-20d2-4104-abcc-02e6288f3ffc@group-62509A8A5C15-SegmentedRaftLog:OPENED:c-1,f-1,i0, conf=-1: [3909bd6a-278d-4911-9d70-32680c972d02:192.168.157.223:33343, d2424f4d-20d2-4104-abcc-02e6288f3ffc:192.168.157.223:39352, 7c510082-4284-44ef-8cd9-bb38fb15579f:192.168.157.223:33098], old=null
2019-10-17 21:15:46,243 [d2424f4d-20d2-4104-abcc-02e6288f3ffc@group-62509A8A5C15-LeaderElection133] INFO  impl.RaftServerImpl (RaftServerImpl.java:setRole(184)) - d2424f4d-20d2-4104-abcc-02e6288f3ffc@group-62509A8A5C15: changes role from CANDIDATE to FOLLOWER at term 139 for DISCOVERED_A_NEW_TERM
2019-10-17 21:15:46,243 [d2424f4d-20d2-4104-abcc-02e6288f3ffc@group-62509A8A5C15-LeaderElection133] INFO  impl.RoleInfo (RoleInfo.java:shutdownLeaderElection(134)) - d2424f4d-20d2-4104-abcc-02e6288f3ffc: shutdown LeaderElection
2019-10-17 21:15:46,243 [d2424f4d-20d2-4104-abcc-02e6288f3ffc@group-62509A8A5C15-LeaderElection133] INFO  impl.RoleInfo (RoleInfo.java:updateAndGet(143)) - d2424f4d-20d2-4104-abcc-02e6288f3ffc: start FollowerState
2019-10-17 21:15:46,426 [Thread-1094] INFO  impl.FollowerState (FollowerState.java:run(108)) - d2424f4d-20d2-4104-abcc-02e6288f3ffc@group-62509A8A5C15-FollowerState: change to CANDIDATE, lastRpcTime:182ms, electionTimeout:182ms
2019-10-17 21:15:46,426 [Thread-1094] INFO  impl.RoleInfo (RoleInfo.java:shutdownFollowerState(121)) - d2424f4d-20d2-4104-abcc-02e6288f3ffc: shutdown FollowerState
2019-10-17 21:15:46,426 [Thread-1094] INFO  impl.RaftServerImpl (RaftServerImpl.java:setRole(184)) - d2424f4d-20d2-4104-abcc-02e6288f3ffc@group-62509A8A5C15: changes role from  FOLLOWER to CANDIDATE at term 139 for changeToCandidate
2019-10-17 21:15:46,426 [Thread-1094] INFO  impl.RoleInfo (RoleInfo.java:updateAndGet(143)) - d2424f4d-20d2-4104-abcc-02e6288f3ffc: start LeaderElection
2019-10-17 21:15:46,441 [d2424f4d-20d2-4104-abcc-02e6288f3ffc@group-62509A8A5C15-LeaderElection134] INFO  impl.LeaderElection (LeaderElection.java:askForVotes(178)) - d2424f4d-20d2-4104-abcc-02e6288f3ffc@group-62509A8A5C15-LeaderElection134: begin an election at term 140 for -1: [3909bd6a-278d-4911-9d70-32680c972d02:192.168.157.223:33343, d2424f4d-20d2-4104-abcc-02e6288f3ffc:192.168.157.223:39352, 7c510082-4284-44ef-8cd9-bb38fb15579f:192.168.157.223:33098], old=null
2019-10-17 21:15:46,444 [grpc-default-executor-6] INFO  impl.RaftServerImpl (RaftServerImpl.java:setRole(184)) - 7c510082-4284-44ef-8cd9-bb38fb15579f@group-62509A8A5C15: changes role from  FOLLOWER to FOLLOWER at term 140 for recognizeCandidate:d2424f4d-20d2-4104-abcc-02e6288f3ffc
2019-10-17 21:15:46,444 [grpc-default-executor-6] INFO  impl.RoleInfo (RoleInfo.java:shutdownFollowerState(121)) - 7c510082-4284-44ef-8cd9-bb38fb15579f: shutdown FollowerState
2019-10-17 21:15:46,444 [grpc-default-executor-2] INFO  impl.RaftServerImpl (RaftServerImpl.java:setRole(184)) - 3909bd6a-278d-4911-9d70-32680c972d02@group-62509A8A5C15: changes role from  FOLLOWER to FOLLOWER at term 140 for recognizeCandidate:d2424f4d-20d2-4104-abcc-02e6288f3ffc
2019-10-17 21:15:46,444 [grpc-default-executor-2] INFO  impl.RoleInfo (RoleInfo.java:shutdownFollowerState(121)) - 3909bd6a-278d-4911-9d70-32680c972d02: shutdown FollowerState
2019-10-17 21:15:46,444 [Thread-1093] INFO  impl.FollowerState (FollowerState.java:run(117)) - 7c510082-4284-44ef-8cd9-bb38fb15579f@group-62509A8A5C15-FollowerState was interrupted: java.lang.InterruptedException: sleep interrupted
2019-10-17 21:15:46,444 [grpc-default-executor-6] INFO  impl.RoleInfo (RoleInfo.java:updateAndGet(143)) - 7c510082-4284-44ef-8cd9-bb38fb15579f: start FollowerState
2019-10-17 21:15:46,445 [Thread-1092] INFO  impl.FollowerState (FollowerState.java:run(117)) - 3909bd6a-278d-4911-9d70-32680c972d02@group-62509A8A5C15-FollowerState was interrupted: java.lang.InterruptedException: sleep interrupted
2019-10-17 21:15:46,445 [grpc-default-executor-2] INFO  impl.RoleInfo (RoleInfo.java:updateAndGet(143)) - 3909bd6a-278d-4911-9d70-32680c972d02: start FollowerState
2019-10-17 21:15:46,471 [d2424f4d-20d2-4104-abcc-02e6288f3ffc@group-62509A8A5C15-LeaderElection134] INFO  impl.LeaderElection (LeaderElection.java:logAndReturn(56)) - d2424f4d-20d2-4104-abcc-02e6288f3ffc@group-62509A8A5C15-LeaderElection134: Election REJECTED; received 2 response(s) [d2424f4d-20d2-4104-abcc-02e6288f3ffc<-3909bd6a-278d-4911-9d70-32680c972d02#0:FAIL-t140, d2424f4d-20d2-4104-abcc-02e6288f3ffc<-7c510082-4284-44ef-8cd9-bb38fb15579f#0:FAIL-t140] and 0 exception(s); d2424f4d-20d2-4104-abcc-02e6288f3ffc@group-62509A8A5C15:t140, leader=null, voted=d2424f4d-20d2-4104-abcc-02e6288f3ffc, raftlog=d2424f4d-20d2-4104-abcc-02e6288f3ffc@group-62509A8A5C15-SegmentedRaftLog:OPENED:c-1,f-1,i0, conf=-1: [3909bd6a-278d-4911-9d70-32680c972d02:192.168.157.223:33343, d2424f4d-20d2-4104-abcc-02e6288f3ffc:192.168.157.223:39352, 7c510082-4284-44ef-8cd9-bb38fb15579f:192.168.157.223:33098], old=null
2019-10-17 21:15:46,471 [d2424f4d-20d2-4104-abcc-02e6288f3ffc@group-62509A8A5C15-LeaderElection134] INFO  impl.RaftServerImpl (RaftServerImpl.java:setRole(184)) - d2424f4d-20d2-4104-abcc-02e6288f3ffc@group-62509A8A5C15: changes role from CANDIDATE to FOLLOWER at term 140 for DISCOVERED_A_NEW_TERM
2019-10-17 21:15:46,471 [d2424f4d-20d2-4104-abcc-02e6288f3ffc@group-62509A8A5C15-LeaderElection134] INFO  impl.RoleInfo (RoleInfo.java:shutdownLeaderElection(134)) - d2424f4d-20d2-4104-abcc-02e6288f3ffc: shutdown LeaderElection
2019-10-17 21:15:46,471 [d2424f4d-20d2-4104-abcc-02e6288f3ffc@group-62509A8A5C15-LeaderElection134] INFO  impl.RoleInfo (RoleInfo.java:updateAndGet(143)) - d2424f4d-20d2-4104-abcc-02e6288f3ffc: start FollowerState
2019-10-17 21:15:46,531 [Thread-1100] INFO  impl.FollowerState (FollowerState.java:run(108)) - d2424f4d-20d2-4104-abcc-02e6288f3ffc@group-62509A8A5C15-FollowerState: change to CANDIDATE, lastRpcTime:59ms, electionTimeout:59ms
2019-10-17 21:15:46,531 [Thread-1100] INFO  impl.RoleInfo (RoleInfo.java:shutdownFollowerState(121)) - d2424f4d-20d2-4104-abcc-02e6288f3ffc: shutdown FollowerState
2019-10-17 21:15:46,531 [Thread-1100] INFO  impl.RaftServerImpl (RaftServerImpl.java:setRole(184)) - d2424f4d-20d2-4104-abcc-02e6288f3ffc@group-62509A8A5C15: changes role from  FOLLOWER to CANDIDATE at term 140 for changeToCandidate
2019-10-17 21:15:46,531 [Thread-1100] INFO  impl.RoleInfo (RoleInfo.java:updateAndGet(143)) - d2424f4d-20d2-4104-abcc-02e6288f3ffc: start LeaderElection
2019-10-17 21:15:46,541 [d2424f4d-20d2-4104-abcc-02e6288f3ffc@group-62509A8A5C15-LeaderElection135] INFO  impl.LeaderElection (LeaderElection.java:askForVotes(178)) - d2424f4d-20d2-4104-abcc-02e6288f3ffc@group-62509A8A5C15-LeaderElection135: begin an election at term 141 for -1: [3909bd6a-278d-4911-9d70-32680c972d02:192.168.157.223:33343, d2424f4d-20d2-4104-abcc-02e6288f3ffc:192.168.157.223:39352, 7c510082-4284-44ef-8cd9-bb38fb15579f:192.168.157.223:33098], old=null
2019-10-17 21:15:46,544 [grpc-default-executor-6] INFO  impl.RaftServerImpl (RaftServerImpl.java:setRole(184)) - 7c510082-4284-44ef-8cd9-bb38fb15579f@group-62509A8A5C15: changes role from  FOLLOWER to FOLLOWER at term 141 for recognizeCandidate:d2424f4d-20d2-4104-abcc-02e6288f3ffc
2019-10-17 21:15:46,544 [grpc-default-executor-6] INFO  impl.RoleInfo (RoleInfo.java:shutdownFollowerState(121)) - 7c510082-4284-44ef-8cd9-bb38fb15579f: shutdown FollowerState
2019-10-17 21:15:46,544 [grpc-default-executor-2] INFO  impl.RaftServerImpl (RaftServerImpl.java:setRole(184)) - 3909bd6a-278d-4911-9d70-32680c972d02@group-62509A8A5C15: changes role from  FOLLOWER to FOLLOWER at term 141 for recognizeCandidate:d2424f4d-20d2-4104-abcc-02e6288f3ffc
2019-10-17 21:15:46,544 [Thread-1098] INFO  impl.FollowerState (FollowerState.java:run(117)) - 7c510082-4284-44ef-8cd9-bb38fb15579f@group-62509A8A5C15-FollowerState was interrupted: java.lang.InterruptedException: sleep interrupted
2019-10-17 21:15:46,544 [grpc-default-executor-6] INFO  impl.RoleInfo (RoleInfo.java:updateAndGet(143)) - 7c510082-4284-44ef-8cd9-bb38fb15579f: start FollowerState
2019-10-17 21:15:46,545 [grpc-default-executor-2] INFO  impl.RoleInfo (RoleInfo.java:shutdownFollowerState(121)) - 3909bd6a-278d-4911-9d70-32680c972d02: shutdown FollowerState
2019-10-17 21:15:46,545 [grpc-default-executor-2] INFO  impl.RoleInfo (RoleInfo.java:updateAndGet(143)) - 3909bd6a-278d-4911-9d70-32680c972d02: start FollowerState
2019-10-17 21:15:46,545 [Thread-1099] INFO  impl.FollowerState (FollowerState.java:run(117)) - 3909bd6a-278d-4911-9d70-32680c972d02@group-62509A8A5C15-FollowerState was interrupted: java.lang.InterruptedException: sleep interrupted
2019-10-17 21:15:46,560 [d2424f4d-20d2-4104-abcc-02e6288f3ffc@group-62509A8A5C15-LeaderElection135] INFO  impl.LeaderElection (LeaderElection.java:logAndReturn(56)) - d2424f4d-20d2-4104-abcc-02e6288f3ffc@group-62509A8A5C15-LeaderElection135: Election REJECTED; received 2 response(s) [d2424f4d-20d2-4104-abcc-02e6288f3ffc<-3909bd6a-278d-4911-9d70-32680c972d02#0:FAIL-t141, d2424f4d-20d2-4104-abcc-02e6288f3ffc<-7c510082-4284-44ef-8cd9-bb38fb15579f#0:FAIL-t141] and 0 exception(s); d2424f4d-20d2-4104-abcc-02e6288f3ffc@group-62509A8A5C15:t141, leader=null, voted=d2424f4d-20d2-4104-abcc-02e6288f3ffc, raftlog=d2424f4d-20d2-4104-abcc-02e6288f3ffc@group-62509A8A5C15-SegmentedRaftLog:OPENED:c-1,f-1,i0, conf=-1: [3909bd6a-278d-4911-9d70-32680c972d02:192.168.157.223:33343, d2424f4d-20d2-4104-abcc-02e6288f3ffc:192.168.157.223:39352, 7c510082-4284-44ef-8cd9-bb38fb15579f:192.168.157.223:33098], old=null
2019-10-17 21:15:46,560 [d2424f4d-20d2-4104-abcc-02e6288f3ffc@group-62509A8A5C15-LeaderElection135] INFO  impl.RaftServerImpl (RaftServerImpl.java:setRole(184)) - d2424f4d-20d2-4104-abcc-02e6288f3ffc@group-62509A8A5C15: changes role from CANDIDATE to FOLLOWER at term 141 for DISCOVERED_A_NEW_TERM
2019-10-17 21:15:46,560 [d2424f4d-20d2-4104-abcc-02e6288f3ffc@group-62509A8A5C15-LeaderElection135] INFO  impl.RoleInfo (RoleInfo.java:shutdownLeaderElection(134)) - d2424f4d-20d2-4104-abcc-02e6288f3ffc: shutdown LeaderElection
2019-10-17 21:15:46,560 [d2424f4d-20d2-4104-abcc-02e6288f3ffc@group-62509A8A5C15-LeaderElection135] INFO  impl.RoleInfo (RoleInfo.java:updateAndGet(143)) - d2424f4d-20d2-4104-abcc-02e6288f3ffc: start FollowerState
2019-10-17 21:15:46,731 [Thread-1106] INFO  impl.FollowerState (FollowerState.java:run(108)) - d2424f4d-20d2-4104-abcc-02e6288f3ffc@group-62509A8A5C15-FollowerState: change to CANDIDATE, lastRpcTime:170ms, electionTimeout:170ms
2019-10-17 21:15:46,731 [Thread-1106] INFO  impl.RoleInfo (RoleInfo.java:shutdownFollowerState(121)) - d2424f4d-20d2-4104-abcc-02e6288f3ffc: shutdown FollowerState
2019-10-17 21:15:46,731 [Thread-1106] INFO  impl.RaftServerImpl (RaftServerImpl.java:setRole(184)) - d2424f4d-20d2-4104-abcc-02e6288f3ffc@group-62509A8A5C15: changes role from  FOLLOWER to CANDIDATE at term 141 for changeToCandidate
2019-10-17 21:15:46,731 [Thread-1106] INFO  impl.RoleInfo (RoleInfo.java:updateAndGet(143)) - d2424f4d-20d2-4104-abcc-02e6288f3ffc: start LeaderElection
2019-10-17 21:15:46,745 [d2424f4d-20d2-4104-abcc-02e6288f3ffc@group-62509A8A5C15-LeaderElection136] INFO  impl.LeaderElection (LeaderElection.java:askForVotes(178)) - d2424f4d-20d2-4104-abcc-02e6288f3ffc@group-62509A8A5C15-LeaderElection136: begin an election at term 142 for -1: [3909bd6a-278d-4911-9d70-32680c972d02:192.168.157.223:33343, d2424f4d-20d2-4104-abcc-02e6288f3ffc:192.168.157.223:39352, 7c510082-4284-44ef-8cd9-bb38fb15579f:192.168.157.223:33098], old=null
2019-10-17 21:15:46,748 [grpc-default-executor-2] INFO  impl.RaftServerImpl (RaftServerImpl.java:setRole(184)) - 3909bd6a-278d-4911-9d70-32680c972d02@group-62509A8A5C15: changes role from  FOLLOWER to FOLLOWER at term 142 for recognizeCandidate:d2424f4d-20d2-4104-abcc-02e6288f3ffc
2019-10-17 21:15:46,748 [grpc-default-executor-2] INFO  impl.RoleInfo (RoleInfo.java:shutdownFollowerState(121)) - 3909bd6a-278d-4911-9d70-32680c972d02: shutdown FollowerState
2019-10-17 21:15:46,748 [grpc-default-executor-2] INFO  impl.RoleInfo (RoleInfo.java:updateAndGet(143)) - 3909bd6a-278d-4911-9d70-32680c972d02: start FollowerState
2019-10-17 21:15:46,748 [Thread-1105] INFO  impl.FollowerState (FollowerState.java:run(117)) - 3909bd6a-278d-4911-9d70-32680c972d02@group-62509A8A5C15-FollowerState was interrupted: java.lang.InterruptedException: sleep interrupted
2019-10-17 21:15:46,748 [grpc-default-executor-6] INFO  impl.RaftServerImpl (RaftServerImpl.java:setRole(184)) - 7c510082-4284-44ef-8cd9-bb38fb15579f@group-62509A8A5C15: changes role from  FOLLOWER to FOLLOWER at term 142 for recognizeCandidate:d2424f4d-20d2-4104-abcc-02e6288f3ffc
2019-10-17 21:15:46,749 [grpc-default-executor-6] INFO  impl.RoleInfo (RoleInfo.java:shutdownFollowerState(121)) - 7c510082-4284-44ef-8cd9-bb38fb15579f: shutdown FollowerState
2019-10-17 21:15:46,749 [grpc-default-executor-6] INFO  impl.RoleInfo (RoleInfo.java:updateAndGet(143)) - 7c510082-4284-44ef-8cd9-bb38fb15579f: start FollowerState
2019-10-17 21:15:46,749 [Thread-1104] INFO  impl.FollowerState (FollowerState.java:run(117)) - 7c510082-4284-44ef-8cd9-bb38fb15579f@group-62509A8A5C15-FollowerState was interrupted: java.lang.InterruptedException: sleep interrupted
2019-10-17 21:15:46,763 [d2424f4d-20d2-4104-abcc-02e6288f3ffc@group-62509A8A5C15-LeaderElection136] INFO  impl.LeaderElection (LeaderElection.java:logAndReturn(56)) - d2424f4d-20d2-4104-abcc-02e6288f3ffc@group-62509A8A5C15-LeaderElection136: Election REJECTED; received 2 response(s) [d2424f4d-20d2-4104-abcc-02e6288f3ffc<-3909bd6a-278d-4911-9d70-32680c972d02#0:FAIL-t142, d2424f4d-20d2-4104-abcc-02e6288f3ffc<-7c510082-4284-44ef-8cd9-bb38fb15579f#0:FAIL-t142] and 0 exception(s); d2424f4d-20d2-4104-abcc-02e6288f3ffc@group-62509A8A5C15:t142, leader=null, voted=d2424f4d-20d2-4104-abcc-02e6288f3ffc, raftlog=d2424f4d-20d2-4104-abcc-02e6288f3ffc@group-62509A8A5C15-SegmentedRaftLog:OPENED:c-1,f-1,i0, conf=-1: [3909bd6a-278d-4911-9d70-32680c972d02:192.168.157.223:33343, d2424f4d-20d2-4104-abcc-02e6288f3ffc:192.168.157.223:39352, 7c510082-4284-44ef-8cd9-bb38fb15579f:192.168.157.223:33098], old=null
2019-10-17 21:15:46,763 [d2424f4d-20d2-4104-abcc-02e6288f3ffc@group-62509A8A5C15-LeaderElection136] INFO  impl.RaftServerImpl (RaftServerImpl.java:setRole(184)) - d2424f4d-20d2-4104-abcc-02e6288f3ffc@group-62509A8A5C15: changes role from CANDIDATE to FOLLOWER at term 142 for DISCOVERED_A_NEW_TERM
2019-10-17 21:15:46,763 [d2424f4d-20d2-4104-abcc-02e6288f3ffc@group-62509A8A5C15-LeaderElection136] INFO  impl.RoleInfo (RoleInfo.java:shutdownLeaderElection(134)) - d2424f4d-20d2-4104-abcc-02e6288f3ffc: shutdown LeaderElection
2019-10-17 21:15:46,763 [d2424f4d-20d2-4104-abcc-02e6288f3ffc@group-62509A8A5C15-LeaderElection136] INFO  impl.RoleInfo (RoleInfo.java:updateAndGet(143)) - d2424f4d-20d2-4104-abcc-02e6288f3ffc: start FollowerState
2019-10-17 21:15:46,768 [Thread-1113] INFO  impl.FollowerState (FollowerState.java:run(108)) - d2424f4d-20d2-4104-abcc-02e6288f3ffc@group-62509A8A5C15-FollowerState: change to CANDIDATE, lastRpcTime:5ms, electionTimeout:4ms
2019-10-17 21:15:46,769 [Thread-1113] INFO  impl.RoleInfo (RoleInfo.java:shutdownFollowerState(121)) - d2424f4d-20d2-4104-abcc-02e6288f3ffc: shutdown FollowerState
2019-10-17 21:15:46,769 [Thread-1113] INFO  impl.RaftServerImpl (RaftServerImpl.java:setRole(184)) - d2424f4d-20d2-4104-abcc-02e6288f3ffc@group-62509A8A5C15: changes role from  FOLLOWER to CANDIDATE at term 142 for changeToCandidate
2019-10-17 21:15:46,769 [Thread-1113] INFO  impl.RoleInfo (RoleInfo.java:updateAndGet(143)) - d2424f4d-20d2-4104-abcc-02e6288f3ffc: start LeaderElection
2019-10-17 21:15:46,798 [d2424f4d-20d2-4104-abcc-02e6288f3ffc@group-62509A8A5C15-LeaderElection137] INFO  impl.LeaderElection (LeaderElection.java:askForVotes(178)) - d2424f4d-20d2-4104-abcc-02e6288f3ffc@group-62509A8A5C15-LeaderElection137: begin an election at term 143 for -1: [3909bd6a-278d-4911-9d70-32680c972d02:192.168.157.223:33343, d2424f4d-20d2-4104-abcc-02e6288f3ffc:192.168.157.223:39352, 7c510082-4284-44ef-8cd9-bb38fb15579f:192.168.157.223:33098], old=null
2019-10-17 21:15:46,801 [grpc-default-executor-6] INFO  impl.RaftServerImpl (RaftServerImpl.java:setRole(184)) - 3909bd6a-278d-4911-9d70-32680c972d02@group-62509A8A5C15: changes role from  FOLLOWER to FOLLOWER at term 143 for recognizeCandidate:d2424f4d-20d2-4104-abcc-02e6288f3ffc
2019-10-17 21:15:46,801 [grpc-default-executor-6] INFO  impl.RoleInfo (RoleInfo.java:shutdownFollowerState(121)) - 3909bd6a-278d-4911-9d70-32680c972d02: shutdown FollowerState
2019-10-17 21:15:46,801 [grpc-default-executor-6] INFO  impl.RoleInfo (RoleInfo.java:updateAndGet(143)) - 3909bd6a-278d-4911-9d70-32680c972d02: start FollowerState
2019-10-17 21:15:46,801 [Thread-1110] INFO  impl.FollowerState (FollowerState.java:run(117)) - 3909bd6a-278d-4911-9d70-32680c972d02@group-62509A8A5C15-FollowerState was interrupted: java.lang.InterruptedException: sleep interrupted
2019-10-17 21:15:46,801 [grpc-default-executor-2] INFO  impl.RaftServerImpl (RaftServerImpl.java:setRole(184)) - 7c510082-4284-44ef-8cd9-bb38fb15579f@group-62509A8A5C15: changes role from  FOLLOWER to FOLLOWER at term 143 for recognizeCandidate:d2424f4d-20d2-4104-abcc-02e6288f3ffc
2019-10-17 21:15:46,801 [grpc-default-executor-2] INFO  impl.RoleInfo (RoleInfo.java:shutdownFollowerState(121)) - 7c510082-4284-44ef-8cd9-bb38fb15579f: shutdown FollowerState
2019-10-17 21:15:46,802 [grpc-default-executor-2] INFO  impl.RoleInfo (RoleInfo.java:updateAndGet(143)) - 7c510082-4284-44ef-8cd9-bb38fb15579f: start FollowerState
2019-10-17 21:15:46,802 [Thread-1111] INFO  impl.FollowerState (FollowerState.java:run(117)) - 7c510082-4284-44ef-8cd9-bb38fb15579f@group-62509A8A5C15-FollowerState was interrupted: java.lang.InterruptedException: sleep interrupted
2019-10-17 21:15:46,816 [d2424f4d-20d2-4104-abcc-02e6288f3ffc@group-62509A8A5C15-LeaderElection137] INFO  impl.LeaderElection (LeaderElection.java:logAndReturn(56)) - d2424f4d-20d2-4104-abcc-02e6288f3ffc@group-62509A8A5C15-LeaderElection137: Election REJECTED; received 2 response(s) [d2424f4d-20d2-4104-abcc-02e6288f3ffc<-3909bd6a-278d-4911-9d70-32680c972d02#0:FAIL-t143, d2424f4d-20d2-4104-abcc-02e6288f3ffc<-7c510082-4284-44ef-8cd9-bb38fb15579f#0:FAIL-t143] and 0 exception(s); d2424f4d-20d2-4104-abcc-02e6288f3ffc@group-62509A8A5C15:t143, leader=null, voted=d2424f4d-20d2-4104-abcc-02e6288f3ffc, raftlog=d2424f4d-20d2-4104-abcc-02e6288f3ffc@group-62509A8A5C15-SegmentedRaftLog:OPENED:c-1,f-1,i0, conf=-1: [3909bd6a-278d-4911-9d70-32680c972d02:192.168.157.223:33343, d2424f4d-20d2-4104-abcc-02e6288f3ffc:192.168.157.223:39352, 7c510082-4284-44ef-8cd9-bb38fb15579f:192.168.157.223:33098], old=null
2019-10-17 21:15:46,816 [d2424f4d-20d2-4104-abcc-02e6288f3ffc@group-62509A8A5C15-LeaderElection137] INFO  impl.RaftServerImpl (RaftServerImpl.java:setRole(184)) - d2424f4d-20d2-4104-abcc-02e6288f3ffc@group-62509A8A5C15: changes role from CANDIDATE to FOLLOWER at term 143 for DISCOVERED_A_NEW_TERM
2019-10-17 21:15:46,816 [d2424f4d-20d2-4104-abcc-02e6288f3ffc@group-62509A8A5C15-LeaderElection137] INFO  impl.RoleInfo (RoleInfo.java:shutdownLeaderElection(134)) - d2424f4d-20d2-4104-abcc-02e6288f3ffc: shutdown LeaderElection
2019-10-17 21:15:46,817 [d2424f4d-20d2-4104-abcc-02e6288f3ffc@group-62509A8A5C15-LeaderElection137] INFO  impl.RoleInfo (RoleInfo.java:updateAndGet(143)) - d2424f4d-20d2-4104-abcc-02e6288f3ffc: start FollowerState
2019-10-17 21:15:46,954 [Thread-1120] INFO  impl.FollowerState (FollowerState.java:run(108)) - d2424f4d-20d2-4104-abcc-02e6288f3ffc@group-62509A8A5C15-FollowerState: change to CANDIDATE, lastRpcTime:137ms, electionTimeout:137ms
2019-10-17 21:15:46,954 [Thread-1120] INFO  impl.RoleInfo (RoleInfo.java:shutdownFollowerState(121)) - d2424f4d-20d2-4104-abcc-02e6288f3ffc: shutdown FollowerState
2019-10-17 21:15:46,954 [Thread-1120] INFO  impl.RaftServerImpl (RaftServerImpl.java:setRole(184)) - d2424f4d-20d2-4104-abcc-02e6288f3ffc@group-62509A8A5C15: changes role from  FOLLOWER to CANDIDATE at term 143 for changeToCandidate
2019-10-17 21:15:46,955 [Thread-1120] INFO  impl.RoleInfo (RoleInfo.java:updateAndGet(143)) - d2424f4d-20d2-4104-abcc-02e6288f3ffc: start LeaderElection
2019-10-17 21:15:46,968 [d2424f4d-20d2-4104-abcc-02e6288f3ffc@group-62509A8A5C15-LeaderElection138] INFO  impl.LeaderElection (LeaderElection.java:askForVotes(178)) - d2424f4d-20d2-4104-abcc-02e6288f3ffc@group-62509A8A5C15-LeaderElection138: begin an election at term 144 for -1: [3909bd6a-278d-4911-9d70-32680c972d02:192.168.157.223:33343, d2424f4d-20d2-4104-abcc-02e6288f3ffc:192.168.157.223:39352, 7c510082-4284-44ef-8cd9-bb38fb15579f:192.168.157.223:33098], old=null
2019-10-17 21:15:46,971 [grpc-default-executor-2] INFO  impl.RaftServerImpl (RaftServerImpl.java:setRole(184)) - 3909bd6a-278d-4911-9d70-32680c972d02@group-62509A8A5C15: changes role from  FOLLOWER to FOLLOWER at term 144 for recognizeCandidate:d2424f4d-20d2-4104-abcc-02e6288f3ffc
2019-10-17 21:15:46,971 [grpc-default-executor-2] INFO  impl.RoleInfo (RoleInfo.java:shutdownFollowerState(121)) - 3909bd6a-278d-4911-9d70-32680c972d02: shutdown FollowerState
2019-10-17 21:15:46,971 [grpc-default-executor-2] INFO  impl.RoleInfo (RoleInfo.java:updateAndGet(143)) - 3909bd6a-278d-4911-9d70-32680c972d02: start FollowerState
2019-10-17 21:15:46,972 [Thread-1118] INFO  impl.FollowerState (FollowerState.java:run(117)) - 3909bd6a-278d-4911-9d70-32680c972d02@group-62509A8A5C15-FollowerState was interrupted: java.lang.InterruptedException: sleep interrupted
2019-10-17 21:15:46,972 [grpc-default-executor-6] INFO  impl.RaftServerImpl (RaftServerImpl.java:setRole(184)) - 7c510082-4284-44ef-8cd9-bb38fb15579f@group-62509A8A5C15: changes role from  FOLLOWER to FOLLOWER at term 144 for recognizeCandidate:d2424f4d-20d2-4104-abcc-02e6288f3ffc
2019-10-17 21:15:46,972 [grpc-default-executor-6] INFO  impl.RoleInfo (RoleInfo.java:shutdownFollowerState(121)) - 7c510082-4284-44ef-8cd9-bb38fb15579f: shutdown FollowerState
2019-10-17 21:15:46,972 [grpc-default-executor-6] INFO  impl.RoleInfo (RoleInfo.java:updateAndGet(143)) - 7c510082-4284-44ef-8cd9-bb38fb15579f: start FollowerState
2019-10-17 21:15:46,972 [Thread-1119] INFO  impl.FollowerState (FollowerState.java:run(117)) - 7c510082-4284-44ef-8cd9-bb38fb15579f@group-62509A8A5C15-FollowerState was interrupted: java.lang.InterruptedException: sleep interrupted
2019-10-17 21:15:46,988 [d2424f4d-20d2-4104-abcc-02e6288f3ffc@group-62509A8A5C15-LeaderElection138] INFO  impl.LeaderElection (LeaderElection.java:logAndReturn(56)) - d2424f4d-20d2-4104-abcc-02e6288f3ffc@group-62509A8A5C15-LeaderElection138: Election REJECTED; received 2 response(s) [d2424f4d-20d2-4104-abcc-02e6288f3ffc<-3909bd6a-278d-4911-9d70-32680c972d02#0:FAIL-t144, d2424f4d-20d2-4104-abcc-02e6288f3ffc<-7c510082-4284-44ef-8cd9-bb38fb15579f#0:FAIL-t144] and 0 exception(s); d2424f4d-20d2-4104-abcc-02e6288f3ffc@group-62509A8A5C15:t144, leader=null, voted=d2424f4d-20d2-4104-abcc-02e6288f3ffc, raftlog=d2424f4d-20d2-4104-abcc-02e6288f3ffc@group-62509A8A5C15-SegmentedRaftLog:OPENED:c-1,f-1,i0, conf=-1: [3909bd6a-278d-4911-9d70-32680c972d02:192.168.157.223:33343, d2424f4d-20d2-4104-abcc-02e6288f3ffc:192.168.157.223:39352, 7c510082-4284-44ef-8cd9-bb38fb15579f:192.168.157.223:33098], old=null
2019-10-17 21:15:46,988 [d2424f4d-20d2-4104-abcc-02e6288f3ffc@group-62509A8A5C15-LeaderElection138] INFO  impl.RaftServerImpl (RaftServerImpl.java:setRole(184)) - d2424f4d-20d2-4104-abcc-02e6288f3ffc@group-62509A8A5C15: changes role from CANDIDATE to FOLLOWER at term 144 for DISCOVERED_A_NEW_TERM
2019-10-17 21:15:46,988 [d2424f4d-20d2-4104-abcc-02e6288f3ffc@group-62509A8A5C15-LeaderElection138] INFO  impl.RoleInfo (RoleInfo.java:shutdownLeaderElection(134)) - d2424f4d-20d2-4104-abcc-02e6288f3ffc: shutdown LeaderElection
2019-10-17 21:15:46,988 [d2424f4d-20d2-4104-abcc-02e6288f3ffc@group-62509A8A5C15-LeaderElection138] INFO  impl.RoleInfo (RoleInfo.java:updateAndGet(143)) - d2424f4d-20d2-4104-abcc-02e6288f3ffc: start FollowerState
2019-10-17 21:15:46,997 [Thread-1126] INFO  impl.FollowerState (FollowerState.java:run(108)) - d2424f4d-20d2-4104-abcc-02e6288f3ffc@group-62509A8A5C15-FollowerState: change to CANDIDATE, lastRpcTime:8ms, electionTimeout:8ms
2019-10-17 21:15:46,997 [Thread-1126] INFO  impl.RoleInfo (RoleInfo.java:shutdownFollowerState(121)) - d2424f4d-20d2-4104-abcc-02e6288f3ffc: shutdown FollowerState
2019-10-17 21:15:46,997 [Thread-1126] INFO  impl.RaftServerImpl (RaftServerImpl.java:setRole(184)) - d2424f4d-20d2-4104-abcc-02e6288f3ffc@group-62509A8A5C15: changes role from  FOLLOWER to CANDIDATE at term 144 for changeToCandidate
2019-10-17 21:15:46,997 [Thread-1126] INFO  impl.RoleInfo (RoleInfo.java:updateAndGet(143)) - d2424f4d-20d2-4104-abcc-02e6288f3ffc: start LeaderElection
2019-10-17 21:15:47,003 [d2424f4d-20d2-4104-abcc-02e6288f3ffc@group-62509A8A5C15-LeaderElection139] INFO  impl.LeaderElection (LeaderElection.java:askForVotes(178)) - d2424f4d-20d2-4104-abcc-02e6288f3ffc@group-62509A8A5C15-LeaderElection139: begin an election at term 145 for -1: [3909bd6a-278d-4911-9d70-32680c972d02:192.168.157.223:33343, d2424f4d-20d2-4104-abcc-02e6288f3ffc:192.168.157.223:39352, 7c510082-4284-44ef-8cd9-bb38fb15579f:192.168.157.223:33098], old=null
2019-10-17 21:15:47,006 [grpc-default-executor-6] INFO  impl.RaftServerImpl (RaftServerImpl.java:setRole(184)) - 3909bd6a-278d-4911-9d70-32680c972d02@group-62509A8A5C15: changes role from  FOLLOWER to FOLLOWER at term 145 for recognizeCandidate:d2424f4d-20d2-4104-abcc-02e6288f3ffc
2019-10-17 21:15:47,009 [grpc-default-executor-6] INFO  impl.RoleInfo (RoleInfo.java:shutdownFollowerState(121)) - 3909bd6a-278d-4911-9d70-32680c972d02: shutdown FollowerState
2019-10-17 21:15:47,009 [grpc-default-executor-6] INFO  impl.RoleInfo (RoleInfo.java:updateAndGet(143)) - 3909bd6a-278d-4911-9d70-32680c972d02: start FollowerState
2019-10-17 21:15:47,009 [Thread-1124] INFO  impl.FollowerState (FollowerState.java:run(117)) - 3909bd6a-278d-4911-9d70-32680c972d02@group-62509A8A5C15-FollowerState was interrupted: java.lang.InterruptedException: sleep interrupted
2019-10-17 21:15:47,009 [grpc-default-executor-2] INFO  impl.RaftServerImpl (RaftServerImpl.java:setRole(184)) - 7c510082-4284-44ef-8cd9-bb38fb15579f@group-62509A8A5C15: changes role from  FOLLOWER to FOLLOWER at term 145 for recognizeCandidate:d2424f4d-20d2-4104-abcc-02e6288f3ffc
2019-10-17 21:15:47,010 [grpc-default-executor-2] INFO  impl.RoleInfo (RoleInfo.java:shutdownFollowerState(121)) - 7c510082-4284-44ef-8cd9-bb38fb15579f: shutdown FollowerState
2019-10-17 21:15:47,010 [grpc-default-executor-2] INFO  impl.RoleInfo (RoleInfo.java:updateAndGet(143)) - 7c510082-4284-44ef-8cd9-bb38fb15579f: start FollowerState
2019-10-17 21:15:47,010 [Thread-1125] INFO  impl.FollowerState (FollowerState.java:run(117)) - 7c510082-4284-44ef-8cd9-bb38fb15579f@group-62509A8A5C15-FollowerState was interrupted: java.lang.InterruptedException: sleep interrupted
2019-10-17 21:15:47,018 [d2424f4d-20d2-4104-abcc-02e6288f3ffc@group-62509A8A5C15-LeaderElection139] INFO  impl.LeaderElection (LeaderElection.java:logAndReturn(56)) - d2424f4d-20d2-4104-abcc-02e6288f3ffc@group-62509A8A5C15-LeaderElection139: Election REJECTED; received 2 response(s) [d2424f4d-20d2-4104-abcc-02e6288f3ffc<-3909bd6a-278d-4911-9d70-32680c972d02#0:FAIL-t145, d2424f4d-20d2-4104-abcc-02e6288f3ffc<-7c510082-4284-44ef-8cd9-bb38fb15579f#0:FAIL-t145] and 0 exception(s); d2424f4d-20d2-4104-abcc-02e6288f3ffc@group-62509A8A5C15:t145, leader=null, voted=d2424f4d-20d2-4104-abcc-02e6288f3ffc, raftlog=d2424f4d-20d2-4104-abcc-02e6288f3ffc@group-62509A8A5C15-SegmentedRaftLog:OPENED:c-1,f-1,i0, conf=-1: [3909bd6a-278d-4911-9d70-32680c972d02:192.168.157.223:33343, d2424f4d-20d2-4104-abcc-02e6288f3ffc:192.168.157.223:39352, 7c510082-4284-44ef-8cd9-bb38fb15579f:192.168.157.223:33098], old=null
2019-10-17 21:15:47,018 [d2424f4d-20d2-4104-abcc-02e6288f3ffc@group-62509A8A5C15-LeaderElection139] INFO  impl.RaftServerImpl (RaftServerImpl.java:setRole(184)) - d2424f4d-20d2-4104-abcc-02e6288f3ffc@group-62509A8A5C15: changes role from CANDIDATE to FOLLOWER at term 145 for DISCOVERED_A_NEW_TERM
2019-10-17 21:15:47,018 [d2424f4d-20d2-4104-abcc-02e6288f3ffc@group-62509A8A5C15-LeaderElection139] INFO  impl.RoleInfo (RoleInfo.java:shutdownLeaderElection(134)) - d2424f4d-20d2-4104-abcc-02e6288f3ffc: shutdown LeaderElection
2019-10-17 21:15:47,019 [d2424f4d-20d2-4104-abcc-02e6288f3ffc@group-62509A8A5C15-LeaderElection139] INFO  impl.RoleInfo (RoleInfo.java:updateAndGet(143)) - d2424f4d-20d2-4104-abcc-02e6288f3ffc: start FollowerState
2019-10-17 21:15:47,179 [Thread-1132] INFO  impl.FollowerState (FollowerState.java:run(108)) - d2424f4d-20d2-4104-abcc-02e6288f3ffc@group-62509A8A5C15-FollowerState: change to CANDIDATE, lastRpcTime:160ms, electionTimeout:160ms
2019-10-17 21:15:47,179 [Thread-1132] INFO  impl.RoleInfo (RoleInfo.java:shutdownFollowerState(121)) - d2424f4d-20d2-4104-abcc-02e6288f3ffc: shutdown FollowerState
2019-10-17 21:15:47,179 [Thread-1132] INFO  impl.RaftServerImpl (RaftServerImpl.java:setRole(184)) - d2424f4d-20d2-4104-abcc-02e6288f3ffc@group-62509A8A5C15: changes role from  FOLLOWER to CANDIDATE at term 145 for changeToCandidate
2019-10-17 21:15:47,180 [Thread-1132] INFO  impl.RoleInfo (RoleInfo.java:updateAndGet(143)) - d2424f4d-20d2-4104-abcc-02e6288f3ffc: start LeaderElection
2019-10-17 21:15:47,206 [d2424f4d-20d2-4104-abcc-02e6288f3ffc@group-62509A8A5C15-LeaderElection140] INFO  impl.LeaderElection (LeaderElection.java:askForVotes(178)) - d2424f4d-20d2-4104-abcc-02e6288f3ffc@group-62509A8A5C15-LeaderElection140: begin an election at term 146 for -1: [3909bd6a-278d-4911-9d70-32680c972d02:192.168.157.223:33343, d2424f4d-20d2-4104-abcc-02e6288f3ffc:192.168.157.223:39352, 7c510082-4284-44ef-8cd9-bb38fb15579f:192.168.157.223:33098], old=null
2019-10-17 21:15:47,210 [grpc-default-executor-6] INFO  impl.RaftServerImpl (RaftServerImpl.java:setRole(184)) - 3909bd6a-278d-4911-9d70-32680c972d02@group-62509A8A5C15: changes role from  FOLLOWER to FOLLOWER at term 146 for recognizeCandidate:d2424f4d-20d2-4104-abcc-02e6288f3ffc
2019-10-17 21:15:47,210 [grpc-default-executor-6] INFO  impl.RoleInfo (RoleInfo.java:shutdownFollowerState(121)) - 3909bd6a-278d-4911-9d70-32680c972d02: shutdown FollowerState
2019-10-17 21:15:47,210 [grpc-default-executor-2] INFO  impl.RaftServerImpl (RaftServerImpl.java:setRole(184)) - 7c510082-4284-44ef-8cd9-bb38fb15579f@group-62509A8A5C15: changes role from  FOLLOWER to FOLLOWER at term 146 for recognizeCandidate:d2424f4d-20d2-4104-abcc-02e6288f3ffc
2019-10-17 21:15:47,210 [Thread-1130] INFO  impl.FollowerState (FollowerState.java:run(117)) - 3909bd6a-278d-4911-9d70-32680c972d02@group-62509A8A5C15-FollowerState was interrupted: java.lang.InterruptedException: sleep interrupted
2019-10-17 21:15:47,210 [grpc-default-executor-6] INFO  impl.RoleInfo (RoleInfo.java:updateAndGet(143)) - 3909bd6a-278d-4911-9d70-32680c972d02: start FollowerState
2019-10-17 21:15:47,211 [grpc-default-executor-2] INFO  impl.RoleInfo (RoleInfo.java:shutdownFollowerState(121)) - 7c510082-4284-44ef-8cd9-bb38fb15579f: shutdown FollowerState
2019-10-17 21:15:47,211 [grpc-default-executor-2] INFO  impl.RoleInfo (RoleInfo.java:updateAndGet(143)) - 7c510082-4284-44ef-8cd9-bb38fb15579f: start FollowerState
2019-10-17 21:15:47,211 [Thread-1131] INFO  impl.FollowerState (FollowerState.java:run(117)) - 7c510082-4284-44ef-8cd9-bb38fb15579f@group-62509A8A5C15-FollowerState was interrupted: java.lang.InterruptedException: sleep interrupted
2019-10-17 21:15:47,226 [d2424f4d-20d2-4104-abcc-02e6288f3ffc@group-62509A8A5C15-LeaderElection140] INFO  impl.LeaderElection (LeaderElection.java:logAndReturn(56)) - d2424f4d-20d2-4104-abcc-02e6288f3ffc@group-62509A8A5C15-LeaderElection140: Election REJECTED; received 2 response(s) [d2424f4d-20d2-4104-abcc-02e6288f3ffc<-3909bd6a-278d-4911-9d70-32680c972d02#0:FAIL-t146, d2424f4d-20d2-4104-abcc-02e6288f3ffc<-7c510082-4284-44ef-8cd9-bb38fb15579f#0:FAIL-t146] and 0 exception(s); d2424f4d-20d2-4104-abcc-02e6288f3ffc@group-62509A8A5C15:t146, leader=null, voted=d2424f4d-20d2-4104-abcc-02e6288f3ffc, raftlog=d2424f4d-20d2-4104-abcc-02e6288f3ffc@group-62509A8A5C15-SegmentedRaftLog:OPENED:c-1,f-1,i0, conf=-1: [3909bd6a-278d-4911-9d70-32680c972d02:192.168.157.223:33343, d2424f4d-20d2-4104-abcc-02e6288f3ffc:192.168.157.223:39352, 7c510082-4284-44ef-8cd9-bb38fb15579f:192.168.157.223:33098], old=null
2019-10-17 21:15:47,226 [d2424f4d-20d2-4104-abcc-02e6288f3ffc@group-62509A8A5C15-LeaderElection140] INFO  impl.RaftServerImpl (RaftServerImpl.java:setRole(184)) - d2424f4d-20d2-4104-abcc-02e6288f3ffc@group-62509A8A5C15: changes role from CANDIDATE to FOLLOWER at term 146 for DISCOVERED_A_NEW_TERM
2019-10-17 21:15:47,226 [d2424f4d-20d2-4104-abcc-02e6288f3ffc@group-62509A8A5C15-LeaderElection140] INFO  impl.RoleInfo (RoleInfo.java:shutdownLeaderElection(134)) - d2424f4d-20d2-4104-abcc-02e6288f3ffc: shutdown LeaderElection
2019-10-17 21:15:47,226 [d2424f4d-20d2-4104-abcc-02e6288f3ffc@group-62509A8A5C15-LeaderElection140] INFO  impl.RoleInfo (RoleInfo.java:updateAndGet(143)) - d2424f4d-20d2-4104-abcc-02e6288f3ffc: start FollowerState
2019-10-17 21:15:47,370 [Thread-1138] INFO  impl.FollowerState (FollowerState.java:run(108)) - d2424f4d-20d2-4104-abcc-02e6288f3ffc@group-62509A8A5C15-FollowerState: change to CANDIDATE, lastRpcTime:143ms, electionTimeout:143ms
2019-10-17 21:15:47,370 [Thread-1138] INFO  impl.RoleInfo (RoleInfo.java:shutdownFollowerState(121)) - d2424f4d-20d2-4104-abcc-02e6288f3ffc: shutdown FollowerState
2019-10-17 21:15:47,370 [Thread-1138] INFO  impl.RaftServerImpl (RaftServerImpl.java:setRole(184)) - d2424f4d-20d2-4104-abcc-02e6288f3ffc@group-62509A8A5C15: changes role from  FOLLOWER to CANDIDATE at term 146 for changeToCandidate
2019-10-17 21:15:47,370 [Thread-1138] INFO  impl.RoleInfo (RoleInfo.java:updateAndGet(143)) - d2424f4d-20d2-4104-abcc-02e6288f3ffc: start LeaderElection
2019-10-17 21:15:47,396 [d2424f4d-20d2-4104-abcc-02e6288f3ffc@group-62509A8A5C15-LeaderElection141] INFO  impl.LeaderElection (LeaderElection.java:askForVotes(178)) - d2424f4d-20d2-4104-abcc-02e6288f3ffc@group-62509A8A5C15-LeaderElection141: begin an election at term 147 for -1: [3909bd6a-278d-4911-9d70-32680c972d02:192.168.157.223:33343, d2424f4d-20d2-4104-abcc-02e6288f3ffc:192.168.157.223:39352, 7c510082-4284-44ef-8cd9-bb38fb15579f:192.168.157.223:33098], old=null
2019-10-17 21:15:47,399 [grpc-default-executor-6] INFO  impl.RaftServerImpl (RaftServerImpl.java:setRole(184)) - 7c510082-4284-44ef-8cd9-bb38fb15579f@group-62509A8A5C15: changes role from  FOLLOWER to FOLLOWER at term 147 for recognizeCandidate:d2424f4d-20d2-4104-abcc-02e6288f3ffc
2019-10-17 21:15:47,400 [grpc-default-executor-6] INFO  impl.RoleInfo (RoleInfo.java:shutdownFollowerState(121)) - 7c510082-4284-44ef-8cd9-bb38fb15579f: shutdown FollowerState
2019-10-17 21:15:47,400 [grpc-default-executor-6] INFO  impl.RoleInfo (RoleInfo.java:updateAndGet(143)) - 7c510082-4284-44ef-8cd9-bb38fb15579f: start FollowerState
2019-10-17 21:15:47,400 [Thread-1137] INFO  impl.FollowerState (FollowerState.java:run(117)) - 7c510082-4284-44ef-8cd9-bb38fb15579f@group-62509A8A5C15-FollowerState was interrupted: java.lang.InterruptedException: sleep interrupted
2019-10-17 21:15:47,400 [grpc-default-executor-2] INFO  impl.RaftServerImpl (RaftServerImpl.java:setRole(184)) - 3909bd6a-278d-4911-9d70-32680c972d02@group-62509A8A5C15: changes role from  FOLLOWER to FOLLOWER at term 147 for recognizeCandidate:d2424f4d-20d2-4104-abcc-02e6288f3ffc
2019-10-17 21:15:47,400 [grpc-default-executor-2] INFO  impl.RoleInfo (RoleInfo.java:shutdownFollowerState(121)) - 3909bd6a-278d-4911-9d70-32680c972d02: shutdown FollowerState
2019-10-17 21:15:47,400 [grpc-default-executor-2] INFO  impl.RoleInfo (RoleInfo.java:updateAndGet(143)) - 3909bd6a-278d-4911-9d70-32680c972d02: start FollowerState
2019-10-17 21:15:47,401 [d2424f4d-20d2-4104-abcc-02e6288f3ffc@group-62509A8A5C15-LeaderElection141] INFO  impl.LeaderElection (LeaderElection.java:logAndReturn(56)) - d2424f4d-20d2-4104-abcc-02e6288f3ffc@group-62509A8A5C15-LeaderElection141: Election TIMEOUT; received 0 response(s) [] and 0 exception(s); d2424f4d-20d2-4104-abcc-02e6288f3ffc@group-62509A8A5C15:t147, leader=null, voted=d2424f4d-20d2-4104-abcc-02e6288f3ffc, raftlog=d2424f4d-20d2-4104-abcc-02e6288f3ffc@group-62509A8A5C15-SegmentedRaftLog:OPENED:c-1,f-1,i0, conf=-1: [3909bd6a-278d-4911-9d70-32680c972d02:192.168.157.223:33343, d2424f4d-20d2-4104-abcc-02e6288f3ffc:192.168.157.223:39352, 7c510082-4284-44ef-8cd9-bb38fb15579f:192.168.157.223:33098], old=null
2019-10-17 21:15:47,400 [Thread-1136] INFO  impl.FollowerState (FollowerState.java:run(117)) - 3909bd6a-278d-4911-9d70-32680c972d02@group-62509A8A5C15-FollowerState was interrupted: java.lang.InterruptedException: sleep interrupted
2019-10-17 21:15:47,414 [d2424f4d-20d2-4104-abcc-02e6288f3ffc@group-62509A8A5C15-LeaderElection141] INFO  impl.LeaderElection (LeaderElection.java:askForVotes(178)) - d2424f4d-20d2-4104-abcc-02e6288f3ffc@group-62509A8A5C15-LeaderElection141: begin an election at term 148 for -1: [3909bd6a-278d-4911-9d70-32680c972d02:192.168.157.223:33343, d2424f4d-20d2-4104-abcc-02e6288f3ffc:192.168.157.223:39352, 7c510082-4284-44ef-8cd9-bb38fb15579f:192.168.157.223:33098], old=null
2019-10-17 21:15:47,416 [grpc-default-executor-2] INFO  impl.RaftServerImpl (RaftServerImpl.java:setRole(184)) - 3909bd6a-278d-4911-9d70-32680c972d02@group-62509A8A5C15: changes role from  FOLLOWER to FOLLOWER at term 148 for recognizeCandidate:d2424f4d-20d2-4104-abcc-02e6288f3ffc
2019-10-17 21:15:47,416 [grpc-default-executor-2] INFO  impl.RoleInfo (RoleInfo.java:shutdownFollowerState(121)) - 3909bd6a-278d-4911-9d70-32680c972d02: shutdown FollowerState
2019-10-17 21:15:47,417 [grpc-default-executor-2] INFO  impl.RoleInfo (RoleInfo.java:updateAndGet(143)) - 3909bd6a-278d-4911-9d70-32680c972d02: start FollowerState
2019-10-17 21:15:47,417 [Thread-1143] INFO  impl.FollowerState (FollowerState.java:run(117)) - 3909bd6a-278d-4911-9d70-32680c972d02@group-62509A8A5C15-FollowerState was interrupted: java.lang.InterruptedException: sleep interrupted
2019-10-17 21:15:47,417 [grpc-default-executor-6] INFO  impl.RaftServerImpl (RaftServerImpl.java:setRole(184)) - 7c510082-4284-44ef-8cd9-bb38fb15579f@group-62509A8A5C15: changes role from  FOLLOWER to FOLLOWER at term 148 for recognizeCandidate:d2424f4d-20d2-4104-abcc-02e6288f3ffc
2019-10-17 21:15:47,417 [grpc-default-executor-6] INFO  impl.RoleInfo (RoleInfo.java:shutdownFollowerState(121)) - 7c510082-4284-44ef-8cd9-bb38fb15579f: shutdown FollowerState
2019-10-17 21:15:47,418 [grpc-default-executor-6] INFO  impl.RoleInfo (RoleInfo.java:updateAndGet(143)) - 7c510082-4284-44ef-8cd9-bb38fb15579f: start FollowerState
2019-10-17 21:15:47,418 [Thread-1142] INFO  impl.FollowerState (FollowerState.java:run(117)) - 7c510082-4284-44ef-8cd9-bb38fb15579f@group-62509A8A5C15-FollowerState was interrupted: java.lang.InterruptedException: sleep interrupted
2019-10-17 21:15:47,431 [d2424f4d-20d2-4104-abcc-02e6288f3ffc@group-62509A8A5C15-LeaderElection141] INFO  impl.LeaderElection (LeaderElection.java:logAndReturn(56)) - d2424f4d-20d2-4104-abcc-02e6288f3ffc@group-62509A8A5C15-LeaderElection141: Election REJECTED; received 2 response(s) [d2424f4d-20d2-4104-abcc-02e6288f3ffc<-3909bd6a-278d-4911-9d70-32680c972d02#0:FAIL-t148, d2424f4d-20d2-4104-abcc-02e6288f3ffc<-7c510082-4284-44ef-8cd9-bb38fb15579f#0:FAIL-t148] and 0 exception(s); d2424f4d-20d2-4104-abcc-02e6288f3ffc@group-62509A8A5C15:t148, leader=null, voted=d2424f4d-20d2-4104-abcc-02e6288f3ffc, raftlog=d2424f4d-20d2-4104-abcc-02e6288f3ffc@group-62509A8A5C15-SegmentedRaftLog:OPENED:c-1,f-1,i0, conf=-1: [3909bd6a-278d-4911-9d70-32680c972d02:192.168.157.223:33343, d2424f4d-20d2-4104-abcc-02e6288f3ffc:192.168.157.223:39352, 7c510082-4284-44ef-8cd9-bb38fb15579f:192.168.157.223:33098], old=null
2019-10-17 21:15:47,431 [d2424f4d-20d2-4104-abcc-02e6288f3ffc@group-62509A8A5C15-LeaderElection141] INFO  impl.RaftServerImpl (RaftServerImpl.java:setRole(184)) - d2424f4d-20d2-4104-abcc-02e6288f3ffc@group-62509A8A5C15: changes role from CANDIDATE to FOLLOWER at term 148 for DISCOVERED_A_NEW_TERM
2019-10-17 21:15:47,432 [d2424f4d-20d2-4104-abcc-02e6288f3ffc@group-62509A8A5C15-LeaderElection141] INFO  impl.RoleInfo (RoleInfo.java:shutdownLeaderElection(134)) - d2424f4d-20d2-4104-abcc-02e6288f3ffc: shutdown LeaderElection
2019-10-17 21:15:47,432 [d2424f4d-20d2-4104-abcc-02e6288f3ffc@group-62509A8A5C15-LeaderElection141] INFO  impl.RoleInfo (RoleInfo.java:updateAndGet(143)) - d2424f4d-20d2-4104-abcc-02e6288f3ffc: start FollowerState
2019-10-17 21:15:47,448 [Thread-1148] INFO  impl.FollowerState (FollowerState.java:run(108)) - d2424f4d-20d2-4104-abcc-02e6288f3ffc@group-62509A8A5C15-FollowerState: change to CANDIDATE, lastRpcTime:16ms, electionTimeout:16ms
2019-10-17 21:15:47,448 [Thread-1148] INFO  impl.RoleInfo (RoleInfo.java:shutdownFollowerState(121)) - d2424f4d-20d2-4104-abcc-02e6288f3ffc: shutdown FollowerState
2019-10-17 21:15:47,449 [Thread-1148] INFO  impl.RaftServerImpl (RaftServerImpl.java:setRole(184)) - d2424f4d-20d2-4104-abcc-02e6288f3ffc@group-62509A8A5C15: changes role from  FOLLOWER to CANDIDATE at term 148 for changeToCandidate
2019-10-17 21:15:47,449 [Thread-1148] INFO  impl.RoleInfo (RoleInfo.java:updateAndGet(143)) - d2424f4d-20d2-4104-abcc-02e6288f3ffc: start LeaderElection
2019-10-17 21:15:47,462 [d2424f4d-20d2-4104-abcc-02e6288f3ffc@group-62509A8A5C15-LeaderElection142] INFO  impl.LeaderElection (LeaderElection.java:askForVotes(178)) - d2424f4d-20d2-4104-abcc-02e6288f3ffc@group-62509A8A5C15-LeaderElection142: begin an election at term 149 for -1: [3909bd6a-278d-4911-9d70-32680c972d02:192.168.157.223:33343, d2424f4d-20d2-4104-abcc-02e6288f3ffc:192.168.157.223:39352, 7c510082-4284-44ef-8cd9-bb38fb15579f:192.168.157.223:33098], old=null
2019-10-17 21:15:47,465 [grpc-default-executor-6] INFO  impl.RaftServerImpl (RaftServerImpl.java:setRole(184)) - 3909bd6a-278d-4911-9d70-32680c972d02@group-62509A8A5C15: changes role from  FOLLOWER to FOLLOWER at term 149 for recognizeCandidate:d2424f4d-20d2-4104-abcc-02e6288f3ffc
2019-10-17 21:15:47,465 [grpc-default-executor-6] INFO  impl.RoleInfo (RoleInfo.java:shutdownFollowerState(121)) - 3909bd6a-278d-4911-9d70-32680c972d02: shutdown FollowerState
2019-10-17 21:15:47,465 [grpc-default-executor-6] INFO  impl.RoleInfo (RoleInfo.java:updateAndGet(143)) - 3909bd6a-278d-4911-9d70-32680c972d02: start FollowerState
2019-10-17 21:15:47,465 [Thread-1146] INFO  impl.FollowerState (FollowerState.java:run(117)) - 3909bd6a-278d-4911-9d70-32680c972d02@group-62509A8A5C15-FollowerState was interrupted: java.lang.InterruptedException: sleep interrupted
2019-10-17 21:15:47,466 [grpc-default-executor-2] INFO  impl.RaftServerImpl (RaftServerImpl.java:setRole(184)) - 7c510082-4284-44ef-8cd9-bb38fb15579f@group-62509A8A5C15: changes role from  FOLLOWER to FOLLOWER at term 149 for recognizeCandidate:d2424f4d-20d2-4104-abcc-02e6288f3ffc
2019-10-17 21:15:47,466 [grpc-default-executor-2] INFO  impl.RoleInfo (RoleInfo.java:shutdownFollowerState(121)) - 7c510082-4284-44ef-8cd9-bb38fb15579f: shutdown FollowerState
2019-10-17 21:15:47,466 [grpc-default-executor-2] INFO  impl.RoleInfo (RoleInfo.java:updateAndGet(143)) - 7c510082-4284-44ef-8cd9-bb38fb15579f: start FollowerState
2019-10-17 21:15:47,466 [Thread-1147] INFO  impl.FollowerState (FollowerState.java:run(117)) - 7c510082-4284-44ef-8cd9-bb38fb15579f@group-62509A8A5C15-FollowerState was interrupted: java.lang.InterruptedException: sleep interrupted
2019-10-17 21:15:47,482 [d2424f4d-20d2-4104-abcc-02e6288f3ffc@group-62509A8A5C15-LeaderElection142] INFO  impl.LeaderElection (LeaderElection.java:logAndReturn(56)) - d2424f4d-20d2-4104-abcc-02e6288f3ffc@group-62509A8A5C15-LeaderElection142: Election REJECTED; received 2 response(s) [d2424f4d-20d2-4104-abcc-02e6288f3ffc<-3909bd6a-278d-4911-9d70-32680c972d02#0:FAIL-t149, d2424f4d-20d2-4104-abcc-02e6288f3ffc<-7c510082-4284-44ef-8cd9-bb38fb15579f#0:FAIL-t149] and 0 exception(s); d2424f4d-20d2-4104-abcc-02e6288f3ffc@group-62509A8A5C15:t149, leader=null, voted=d2424f4d-20d2-4104-abcc-02e6288f3ffc, raftlog=d2424f4d-20d2-4104-abcc-02e6288f3ffc@group-62509A8A5C15-SegmentedRaftLog:OPENED:c-1,f-1,i0, conf=-1: [3909bd6a-278d-4911-9d70-32680c972d02:192.168.157.223:33343, d2424f4d-20d2-4104-abcc-02e6288f3ffc:192.168.157.223:39352, 7c510082-4284-44ef-8cd9-bb38fb15579f:192.168.157.223:33098], old=null
2019-10-17 21:15:47,482 [d2424f4d-20d2-4104-abcc-02e6288f3ffc@group-62509A8A5C15-LeaderElection142] INFO  impl.RaftServerImpl (RaftServerImpl.java:setRole(184)) - d2424f4d-20d2-4104-abcc-02e6288f3ffc@group-62509A8A5C15: changes role from CANDIDATE to FOLLOWER at term 149 for DISCOVERED_A_NEW_TERM
2019-10-17 21:15:47,482 [d2424f4d-20d2-4104-abcc-02e6288f3ffc@group-62509A8A5C15-LeaderElection142] INFO  impl.RoleInfo (RoleInfo.java:shutdownLeaderElection(134)) - d2424f4d-20d2-4104-abcc-02e6288f3ffc: shutdown LeaderElection
2019-10-17 21:15:47,482 [d2424f4d-20d2-4104-abcc-02e6288f3ffc@group-62509A8A5C15-LeaderElection142] INFO  impl.RoleInfo (RoleInfo.java:updateAndGet(143)) - d2424f4d-20d2-4104-abcc-02e6288f3ffc: start FollowerState
2019-10-17 21:15:47,650 [Thread-1154] INFO  impl.FollowerState (FollowerState.java:run(108)) - d2424f4d-20d2-4104-abcc-02e6288f3ffc@group-62509A8A5C15-FollowerState: change to CANDIDATE, lastRpcTime:167ms, electionTimeout:167ms
2019-10-17 21:15:47,650 [Thread-1154] INFO  impl.RoleInfo (RoleInfo.java:shutdownFollowerState(121)) - d2424f4d-20d2-4104-abcc-02e6288f3ffc: shutdown FollowerState
2019-10-17 21:15:47,650 [Thread-1154] INFO  impl.RaftServerImpl (RaftServerImpl.java:setRole(184)) - d2424f4d-20d2-4104-abcc-02e6288f3ffc@group-62509A8A5C15: changes role from  FOLLOWER to CANDIDATE at term 149 for changeToCandidate
2019-10-17 21:15:47,650 [Thread-1154] INFO  impl.RoleInfo (RoleInfo.java:updateAndGet(143)) - d2424f4d-20d2-4104-abcc-02e6288f3ffc: start LeaderElection
2019-10-17 21:15:47,676 [d2424f4d-20d2-4104-abcc-02e6288f3ffc@group-62509A8A5C15-LeaderElection143] INFO  impl.LeaderElection (LeaderElection.java:askForVotes(178)) - d2424f4d-20d2-4104-abcc-02e6288f3ffc@group-62509A8A5C15-LeaderElection143: begin an election at term 150 for -1: [3909bd6a-278d-4911-9d70-32680c972d02:192.168.157.223:33343, d2424f4d-20d2-4104-abcc-02e6288f3ffc:192.168.157.223:39352, 7c510082-4284-44ef-8cd9-bb38fb15579f:192.168.157.223:33098], old=null
2019-10-17 21:15:47,679 [grpc-default-executor-2] INFO  impl.RaftServerImpl (RaftServerImpl.java:setRole(184)) - 3909bd6a-278d-4911-9d70-32680c972d02@group-62509A8A5C15: changes role from  FOLLOWER to FOLLOWER at term 150 for recognizeCandidate:d2424f4d-20d2-4104-abcc-02e6288f3ffc
2019-10-17 21:15:47,679 [grpc-default-executor-2] INFO  impl.RoleInfo (RoleInfo.java:shutdownFollowerState(121)) - 3909bd6a-278d-4911-9d70-32680c972d02: shutdown FollowerState
2019-10-17 21:15:47,679 [grpc-default-executor-6] INFO  impl.RaftServerImpl (RaftServerImpl.java:setRole(184)) - 7c510082-4284-44ef-8cd9-bb38fb15579f@group-62509A8A5C15: changes role from  FOLLOWER to FOLLOWER at term 150 for recognizeCandidate:d2424f4d-20d2-4104-abcc-02e6288f3ffc
2019-10-17 21:15:47,679 [grpc-default-executor-6] INFO  impl.RoleInfo (RoleInfo.java:shutdownFollowerState(121)) - 7c510082-4284-44ef-8cd9-bb38fb15579f: shutdown FollowerState
2019-10-17 21:15:47,679 [Thread-1152] INFO  impl.FollowerState (FollowerState.java:run(117)) - 3909bd6a-278d-4911-9d70-32680c972d02@group-62509A8A5C15-FollowerState was interrupted: java.lang.InterruptedException: sleep interrupted
2019-10-17 21:15:47,680 [Thread-1153] INFO  impl.FollowerState (FollowerState.java:run(117)) - 7c510082-4284-44ef-8cd9-bb38fb15579f@group-62509A8A5C15-FollowerState was interrupted: java.lang.InterruptedException: sleep interrupted
2019-10-17 21:15:47,679 [grpc-default-executor-2] INFO  impl.RoleInfo (RoleInfo.java:updateAndGet(143)) - 3909bd6a-278d-4911-9d70-32680c972d02: start FollowerState
2019-10-17 21:15:47,679 [grpc-default-executor-6] INFO  impl.RoleInfo (RoleInfo.java:updateAndGet(143)) - 7c510082-4284-44ef-8cd9-bb38fb15579f: start FollowerState
2019-10-17 21:15:47,696 [d2424f4d-20d2-4104-abcc-02e6288f3ffc@group-62509A8A5C15-LeaderElection143] INFO  impl.LeaderElection (LeaderElection.java:logAndReturn(56)) - d2424f4d-20d2-4104-abcc-02e6288f3ffc@group-62509A8A5C15-LeaderElection143: Election REJECTED; received 2 response(s) [d2424f4d-20d2-4104-abcc-02e6288f3ffc<-3909bd6a-278d-4911-9d70-32680c972d02#0:FAIL-t150, d2424f4d-20d2-4104-abcc-02e6288f3ffc<-7c510082-4284-44ef-8cd9-bb38fb15579f#0:FAIL-t150] and 0 exception(s); d2424f4d-20d2-4104-abcc-02e6288f3ffc@group-62509A8A5C15:t150, leader=null, voted=d2424f4d-20d2-4104-abcc-02e6288f3ffc, raftlog=d2424f4d-20d2-4104-abcc-02e6288f3ffc@group-62509A8A5C15-SegmentedRaftLog:OPENED:c-1,f-1,i0, conf=-1: [3909bd6a-278d-4911-9d70-32680c972d02:192.168.157.223:33343, d2424f4d-20d2-4104-abcc-02e6288f3ffc:192.168.157.223:39352, 7c510082-4284-44ef-8cd9-bb38fb15579f:192.168.157.223:33098], old=null
2019-10-17 21:15:47,696 [d2424f4d-20d2-4104-abcc-02e6288f3ffc@group-62509A8A5C15-LeaderElection143] INFO  impl.RaftServerImpl (RaftServerImpl.java:setRole(184)) - d2424f4d-20d2-4104-abcc-02e6288f3ffc@group-62509A8A5C15: changes role from CANDIDATE to FOLLOWER at term 150 for DISCOVERED_A_NEW_TERM
2019-10-17 21:15:47,696 [d2424f4d-20d2-4104-abcc-02e6288f3ffc@group-62509A8A5C15-LeaderElection143] INFO  impl.RoleInfo (RoleInfo.java:shutdownLeaderElection(134)) - d2424f4d-20d2-4104-abcc-02e6288f3ffc: shutdown LeaderElection
2019-10-17 21:15:47,696 [d2424f4d-20d2-4104-abcc-02e6288f3ffc@group-62509A8A5C15-LeaderElection143] INFO  impl.RoleInfo (RoleInfo.java:updateAndGet(143)) - d2424f4d-20d2-4104-abcc-02e6288f3ffc: start FollowerState
2019-10-17 21:15:47,854 [Thread-1160] INFO  impl.FollowerState (FollowerState.java:run(108)) - d2424f4d-20d2-4104-abcc-02e6288f3ffc@group-62509A8A5C15-FollowerState: change to CANDIDATE, lastRpcTime:157ms, electionTimeout:157ms
2019-10-17 21:15:47,854 [Thread-1160] INFO  impl.RoleInfo (RoleInfo.java:shutdownFollowerState(121)) - d2424f4d-20d2-4104-abcc-02e6288f3ffc: shutdown FollowerState
2019-10-17 21:15:47,854 [Thread-1160] INFO  impl.RaftServerImpl (RaftServerImpl.java:setRole(184)) - d2424f4d-20d2-4104-abcc-02e6288f3ffc@group-62509A8A5C15: changes role from  FOLLOWER to CANDIDATE at term 150 for changeToCandidate
2019-10-17 21:15:47,854 [Thread-1160] INFO  impl.RoleInfo (RoleInfo.java:updateAndGet(143)) - d2424f4d-20d2-4104-abcc-02e6288f3ffc: start LeaderElection
2019-10-17 21:15:47,869 [d2424f4d-20d2-4104-abcc-02e6288f3ffc@group-62509A8A5C15-LeaderElection144] INFO  impl.LeaderElection (LeaderElection.java:askForVotes(178)) - d2424f4d-20d2-4104-abcc-02e6288f3ffc@group-62509A8A5C15-LeaderElection144: begin an election at term 151 for -1: [3909bd6a-278d-4911-9d70-32680c972d02:192.168.157.223:33343, d2424f4d-20d2-4104-abcc-02e6288f3ffc:192.168.157.223:39352, 7c510082-4284-44ef-8cd9-bb38fb15579f:192.168.157.223:33098], old=null
2019-10-17 21:15:47,871 [grpc-default-executor-2] INFO  impl.RaftServerImpl (RaftServerImpl.java:setRole(184)) - 3909bd6a-278d-4911-9d70-32680c972d02@group-62509A8A5C15: changes role from  FOLLOWER to FOLLOWER at term 151 for recognizeCandidate:d2424f4d-20d2-4104-abcc-02e6288f3ffc
2019-10-17 21:15:47,872 [grpc-default-executor-2] INFO  impl.RoleInfo (RoleInfo.java:shutdownFollowerState(121)) - 3909bd6a-278d-4911-9d70-32680c972d02: shutdown FollowerState
2019-10-17 21:15:47,872 [grpc-default-executor-6] INFO  impl.RaftServerImpl (RaftServerImpl.java:setRole(184)) - 7c510082-4284-44ef-8cd9-bb38fb15579f@group-62509A8A5C15: changes role from  FOLLOWER to FOLLOWER at term 151 for recognizeCandidate:d2424f4d-20d2-4104-abcc-02e6288f3ffc
2019-10-17 21:15:47,872 [Thread-1158] INFO  impl.FollowerState (FollowerState.java:run(117)) - 3909bd6a-278d-4911-9d70-32680c972d02@group-62509A8A5C15-FollowerState was interrupted: java.lang.InterruptedException: sleep interrupted
2019-10-17 21:15:47,872 [grpc-default-executor-2] INFO  impl.RoleInfo (RoleInfo.java:updateAndGet(143)) - 3909bd6a-278d-4911-9d70-32680c972d02: start FollowerState
2019-10-17 21:15:47,872 [grpc-default-executor-6] INFO  impl.RoleInfo (RoleInfo.java:shutdownFollowerState(121)) - 7c510082-4284-44ef-8cd9-bb38fb15579f: shutdown FollowerState
2019-10-17 21:15:47,872 [grpc-default-executor-6] INFO  impl.RoleInfo (RoleInfo.java:updateAndGet(143)) - 7c510082-4284-44ef-8cd9-bb38fb15579f: start FollowerState
2019-10-17 21:15:47,873 [Thread-1159] INFO  impl.FollowerState (FollowerState.java:run(117)) - 7c510082-4284-44ef-8cd9-bb38fb15579f@group-62509A8A5C15-FollowerState was interrupted: java.lang.InterruptedException: sleep interrupted
2019-10-17 21:15:47,889 [d2424f4d-20d2-4104-abcc-02e6288f3ffc@group-62509A8A5C15-LeaderElection144] INFO  impl.LeaderElection (LeaderElection.java:logAndReturn(56)) - d2424f4d-20d2-4104-abcc-02e6288f3ffc@group-62509A8A5C15-LeaderElection144: Election REJECTED; received 2 response(s) [d2424f4d-20d2-4104-abcc-02e6288f3ffc<-3909bd6a-278d-4911-9d70-32680c972d02#0:FAIL-t151, d2424f4d-20d2-4104-abcc-02e6288f3ffc<-7c510082-4284-44ef-8cd9-bb38fb15579f#0:FAIL-t151] and 0 exception(s); d2424f4d-20d2-4104-abcc-02e6288f3ffc@group-62509A8A5C15:t151, leader=null, voted=d2424f4d-20d2-4104-abcc-02e6288f3ffc, raftlog=d2424f4d-20d2-4104-abcc-02e6288f3ffc@group-62509A8A5C15-SegmentedRaftLog:OPENED:c-1,f-1,i0, conf=-1: [3909bd6a-278d-4911-9d70-32680c972d02:192.168.157.223:33343, d2424f4d-20d2-4104-abcc-02e6288f3ffc:192.168.157.223:39352, 7c510082-4284-44ef-8cd9-bb38fb15579f:192.168.157.223:33098], old=null
2019-10-17 21:15:47,889 [d2424f4d-20d2-4104-abcc-02e6288f3ffc@group-62509A8A5C15-LeaderElection144] INFO  impl.RaftServerImpl (RaftServerImpl.java:setRole(184)) - d2424f4d-20d2-4104-abcc-02e6288f3ffc@group-62509A8A5C15: changes role from CANDIDATE to FOLLOWER at term 151 for DISCOVERED_A_NEW_TERM
2019-10-17 21:15:47,890 [d2424f4d-20d2-4104-abcc-02e6288f3ffc@group-62509A8A5C15-LeaderElection144] INFO  impl.RoleInfo (RoleInfo.java:shutdownLeaderElection(134)) - d2424f4d-20d2-4104-abcc-02e6288f3ffc: shutdown LeaderElection
2019-10-17 21:15:47,890 [d2424f4d-20d2-4104-abcc-02e6288f3ffc@group-62509A8A5C15-LeaderElection144] INFO  impl.RoleInfo (RoleInfo.java:updateAndGet(143)) - d2424f4d-20d2-4104-abcc-02e6288f3ffc: start FollowerState
2019-10-17 21:15:48,013 [Thread-1168] INFO  impl.FollowerState (FollowerState.java:run(108)) - d2424f4d-20d2-4104-abcc-02e6288f3ffc@group-62509A8A5C15-FollowerState: change to CANDIDATE, lastRpcTime:123ms, electionTimeout:123ms
2019-10-17 21:15:48,014 [Thread-1168] INFO  impl.RoleInfo (RoleInfo.java:shutdownFollowerState(121)) - d2424f4d-20d2-4104-abcc-02e6288f3ffc: shutdown FollowerState
2019-10-17 21:15:48,014 [Thread-1168] INFO  impl.RaftServerImpl (RaftServerImpl.java:setRole(184)) - d2424f4d-20d2-4104-abcc-02e6288f3ffc@group-62509A8A5C15: changes role from  FOLLOWER to CANDIDATE at term 151 for changeToCandidate
2019-10-17 21:15:48,014 [Thread-1168] INFO  impl.RoleInfo (RoleInfo.java:updateAndGet(143)) - d2424f4d-20d2-4104-abcc-02e6288f3ffc: start LeaderElection
2019-10-17 21:15:48,039 [d2424f4d-20d2-4104-abcc-02e6288f3ffc@group-62509A8A5C15-LeaderElection145] INFO  impl.LeaderElection (LeaderElection.java:askForVotes(178)) - d2424f4d-20d2-4104-abcc-02e6288f3ffc@group-62509A8A5C15-LeaderElection145: begin an election at term 152 for -1: [3909bd6a-278d-4911-9d70-32680c972d02:192.168.157.223:33343, d2424f4d-20d2-4104-abcc-02e6288f3ffc:192.168.157.223:39352, 7c510082-4284-44ef-8cd9-bb38fb15579f:192.168.157.223:33098], old=null
2019-10-17 21:15:48,042 [grpc-default-executor-6] INFO  impl.RaftServerImpl (RaftServerImpl.java:setRole(184)) - 7c510082-4284-44ef-8cd9-bb38fb15579f@group-62509A8A5C15: changes role from  FOLLOWER to FOLLOWER at term 152 for recognizeCandidate:d2424f4d-20d2-4104-abcc-02e6288f3ffc
2019-10-17 21:15:48,043 [grpc-default-executor-6] INFO  impl.RoleInfo (RoleInfo.java:shutdownFollowerState(121)) - 7c510082-4284-44ef-8cd9-bb38fb15579f: shutdown FollowerState
2019-10-17 21:15:48,043 [grpc-default-executor-6] INFO  impl.RoleInfo (RoleInfo.java:updateAndGet(143)) - 7c510082-4284-44ef-8cd9-bb38fb15579f: start FollowerState
2019-10-17 21:15:48,043 [Thread-1167] INFO  impl.FollowerState (FollowerState.java:run(117)) - 7c510082-4284-44ef-8cd9-bb38fb15579f@group-62509A8A5C15-FollowerState was interrupted: java.lang.InterruptedException: sleep interrupted
2019-10-17 21:15:48,043 [grpc-default-executor-2] INFO  impl.RaftServerImpl (RaftServerImpl.java:setRole(184)) - 3909bd6a-278d-4911-9d70-32680c972d02@group-62509A8A5C15: changes role from  FOLLOWER to FOLLOWER at term 152 for recognizeCandidate:d2424f4d-20d2-4104-abcc-02e6288f3ffc
2019-10-17 21:15:48,043 [grpc-default-executor-2] INFO  impl.RoleInfo (RoleInfo.java:shutdownFollowerState(121)) - 3909bd6a-278d-4911-9d70-32680c972d02: shutdown FollowerState
2019-10-17 21:15:48,044 [grpc-default-executor-2] INFO  impl.RoleInfo (RoleInfo.java:updateAndGet(143)) - 3909bd6a-278d-4911-9d70-32680c972d02: start FollowerState
2019-10-17 21:15:48,044 [Thread-1166] INFO  impl.FollowerState (FollowerState.java:run(117)) - 3909bd6a-278d-4911-9d70-32680c972d02@group-62509A8A5C15-FollowerState was interrupted: java.lang.InterruptedException: sleep interrupted
2019-10-17 21:15:48,058 [d2424f4d-20d2-4104-abcc-02e6288f3ffc@group-62509A8A5C15-LeaderElection145] INFO  impl.LeaderElection (LeaderElection.java:logAndReturn(56)) - d2424f4d-20d2-4104-abcc-02e6288f3ffc@group-62509A8A5C15-LeaderElection145: Election REJECTED; received 2 response(s) [d2424f4d-20d2-4104-abcc-02e6288f3ffc<-3909bd6a-278d-4911-9d70-32680c972d02#0:FAIL-t152, d2424f4d-20d2-4104-abcc-02e6288f3ffc<-7c510082-4284-44ef-8cd9-bb38fb15579f#0:FAIL-t152] and 0 exception(s); d2424f4d-20d2-4104-abcc-02e6288f3ffc@group-62509A8A5C15:t152, leader=null, voted=d2424f4d-20d2-4104-abcc-02e6288f3ffc, raftlog=d2424f4d-20d2-4104-abcc-02e6288f3ffc@group-62509A8A5C15-SegmentedRaftLog:OPENED:c-1,f-1,i0, conf=-1: [3909bd6a-278d-4911-9d70-32680c972d02:192.168.157.223:33343, d2424f4d-20d2-4104-abcc-02e6288f3ffc:192.168.157.223:39352, 7c510082-4284-44ef-8cd9-bb38fb15579f:192.168.157.223:33098], old=null
2019-10-17 21:15:48,058 [d2424f4d-20d2-4104-abcc-02e6288f3ffc@group-62509A8A5C15-LeaderElection145] INFO  impl.RaftServerImpl (RaftServerImpl.java:setRole(184)) - d2424f4d-20d2-4104-abcc-02e6288f3ffc@group-62509A8A5C15: changes role from CANDIDATE to FOLLOWER at term 152 for DISCOVERED_A_NEW_TERM
2019-10-17 21:15:48,059 [d2424f4d-20d2-4104-abcc-02e6288f3ffc@group-62509A8A5C15-LeaderElection145] INFO  impl.RoleInfo (RoleInfo.java:shutdownLeaderElection(134)) - d2424f4d-20d2-4104-abcc-02e6288f3ffc: shutdown LeaderElection
2019-10-17 21:15:48,059 [d2424f4d-20d2-4104-abcc-02e6288f3ffc@group-62509A8A5C15-LeaderElection145] INFO  impl.RoleInfo (RoleInfo.java:updateAndGet(143)) - d2424f4d-20d2-4104-abcc-02e6288f3ffc: start FollowerState
2019-10-17 21:15:48,154 [Thread-1174] INFO  impl.FollowerState (FollowerState.java:run(108)) - d2424f4d-20d2-4104-abcc-02e6288f3ffc@group-62509A8A5C15-FollowerState: change to CANDIDATE, lastRpcTime:95ms, electionTimeout:95ms
2019-10-17 21:15:48,154 [Thread-1174] INFO  impl.RoleInfo (RoleInfo.java:shutdownFollowerState(121)) - d2424f4d-20d2-4104-abcc-02e6288f3ffc: shutdown FollowerState
2019-10-17 21:15:48,155 [Thread-1174] INFO  impl.RaftServerImpl (RaftServerImpl.java:setRole(184)) - d2424f4d-20d2-4104-abcc-02e6288f3ffc@group-62509A8A5C15: changes role from  FOLLOWER to CANDIDATE at term 152 for changeToCandidate
2019-10-17 21:15:48,155 [Thread-1174] INFO  impl.RoleInfo (RoleInfo.java:updateAndGet(143)) - d2424f4d-20d2-4104-abcc-02e6288f3ffc: start LeaderElection
2019-10-17 21:15:48,169 [d2424f4d-20d2-4104-abcc-02e6288f3ffc@group-62509A8A5C15-LeaderElection146] INFO  impl.LeaderElection (LeaderElection.java:askForVotes(178)) - d2424f4d-20d2-4104-abcc-02e6288f3ffc@group-62509A8A5C15-LeaderElection146: begin an election at term 153 for -1: [3909bd6a-278d-4911-9d70-32680c972d02:192.168.157.223:33343, d2424f4d-20d2-4104-abcc-02e6288f3ffc:192.168.157.223:39352, 7c510082-4284-44ef-8cd9-bb38fb15579f:192.168.157.223:33098], old=null
2019-10-17 21:15:48,172 [grpc-default-executor-6] INFO  impl.RaftServerImpl (RaftServerImpl.java:setRole(184)) - 3909bd6a-278d-4911-9d70-32680c972d02@group-62509A8A5C15: changes role from  FOLLOWER to FOLLOWER at term 153 for recognizeCandidate:d2424f4d-20d2-4104-abcc-02e6288f3ffc
2019-10-17 21:15:48,172 [grpc-default-executor-6] INFO  impl.RoleInfo (RoleInfo.java:shutdownFollowerState(121)) - 3909bd6a-278d-4911-9d70-32680c972d02: shutdown FollowerState
2019-10-17 21:15:48,173 [grpc-default-executor-6] INFO  impl.RoleInfo (RoleInfo.java:updateAndGet(143)) - 3909bd6a-278d-4911-9d70-32680c972d02: start FollowerState
2019-10-17 21:15:48,173 [Thread-1173] INFO  impl.FollowerState (FollowerState.java:run(117)) - 3909bd6a-278d-4911-9d70-32680c972d02@group-62509A8A5C15-FollowerState was interrupted: java.lang.InterruptedException: sleep interrupted
2019-10-17 21:15:48,173 [grpc-default-executor-2] INFO  impl.RaftServerImpl (RaftServerImpl.java:setRole(184)) - 7c510082-4284-44ef-8cd9-bb38fb15579f@group-62509A8A5C15: changes role from  FOLLOWER to FOLLOWER at term 153 for recognizeCandidate:d2424f4d-20d2-4104-abcc-02e6288f3ffc
2019-10-17 21:15:48,173 [grpc-default-executor-2] INFO  impl.RoleInfo (RoleInfo.java:shutdownFollowerState(121)) - 7c510082-4284-44ef-8cd9-bb38fb15579f: shutdown FollowerState
2019-10-17 21:15:48,173 [grpc-default-executor-2] INFO  impl.RoleInfo (RoleInfo.java:updateAndGet(143)) - 7c510082-4284-44ef-8cd9-bb38fb15579f: start FollowerState
2019-10-17 21:15:48,173 [Thread-1172] INFO  impl.FollowerState (FollowerState.java:run(117)) - 7c510082-4284-44ef-8cd9-bb38fb15579f@group-62509A8A5C15-FollowerState was interrupted: java.lang.InterruptedException: sleep interrupted
2019-10-17 21:15:48,199 [d2424f4d-20d2-4104-abcc-02e6288f3ffc@group-62509A8A5C15-LeaderElection146] INFO  impl.LeaderElection (LeaderElection.java:logAndReturn(56)) - d2424f4d-20d2-4104-abcc-02e6288f3ffc@group-62509A8A5C15-LeaderElection146: Election REJECTED; received 2 response(s) [d2424f4d-20d2-4104-abcc-02e6288f3ffc<-3909bd6a-278d-4911-9d70-32680c972d02#0:FAIL-t153, d2424f4d-20d2-4104-abcc-02e6288f3ffc<-7c510082-4284-44ef-8cd9-bb38fb15579f#0:FAIL-t153] and 0 exception(s); d2424f4d-20d2-4104-abcc-02e6288f3ffc@group-62509A8A5C15:t153, leader=null, voted=d2424f4d-20d2-4104-abcc-02e6288f3ffc, raftlog=d2424f4d-20d2-4104-abcc-02e6288f3ffc@group-62509A8A5C15-SegmentedRaftLog:OPENED:c-1,f-1,i0, conf=-1: [3909bd6a-278d-4911-9d70-32680c972d02:192.168.157.223:33343, d2424f4d-20d2-4104-abcc-02e6288f3ffc:192.168.157.223:39352, 7c510082-4284-44ef-8cd9-bb38fb15579f:192.168.157.223:33098], old=null
2019-10-17 21:15:48,199 [d2424f4d-20d2-4104-abcc-02e6288f3ffc@group-62509A8A5C15-LeaderElection146] INFO  impl.RaftServerImpl (RaftServerImpl.java:setRole(184)) - d2424f4d-20d2-4104-abcc-02e6288f3ffc@group-62509A8A5C15: changes role from CANDIDATE to FOLLOWER at term 153 for DISCOVERED_A_NEW_TERM
2019-10-17 21:15:48,199 [d2424f4d-20d2-4104-abcc-02e6288f3ffc@group-62509A8A5C15-LeaderElection146] INFO  impl.RoleInfo (RoleInfo.java:shutdownLeaderElection(134)) - d2424f4d-20d2-4104-abcc-02e6288f3ffc: shutdown LeaderElection
2019-10-17 21:15:48,200 [d2424f4d-20d2-4104-abcc-02e6288f3ffc@group-62509A8A5C15-LeaderElection146] INFO  impl.RoleInfo (RoleInfo.java:updateAndGet(143)) - d2424f4d-20d2-4104-abcc-02e6288f3ffc: start FollowerState
2019-10-17 21:15:48,214 [Thread-1180] INFO  impl.FollowerState (FollowerState.java:run(108)) - d2424f4d-20d2-4104-abcc-02e6288f3ffc@group-62509A8A5C15-FollowerState: change to CANDIDATE, lastRpcTime:14ms, electionTimeout:14ms
2019-10-17 21:15:48,214 [Thread-1180] INFO  impl.RoleInfo (RoleInfo.java:shutdownFollowerState(121)) - d2424f4d-20d2-4104-abcc-02e6288f3ffc: shutdown FollowerState
2019-10-17 21:15:48,214 [Thread-1180] INFO  impl.RaftServerImpl (RaftServerImpl.java:setRole(184)) - d2424f4d-20d2-4104-abcc-02e6288f3ffc@group-62509A8A5C15: changes role from  FOLLOWER to CANDIDATE at term 153 for changeToCandidate
2019-10-17 21:15:48,214 [Thread-1180] INFO  impl.RoleInfo (RoleInfo.java:updateAndGet(143)) - d2424f4d-20d2-4104-abcc-02e6288f3ffc: start LeaderElection
2019-10-17 21:15:48,230 [d2424f4d-20d2-4104-abcc-02e6288f3ffc@group-62509A8A5C15-LeaderElection147] INFO  impl.LeaderElection (LeaderElection.java:askForVotes(178)) - d2424f4d-20d2-4104-abcc-02e6288f3ffc@group-62509A8A5C15-LeaderElection147: begin an election at term 154 for -1: [3909bd6a-278d-4911-9d70-32680c972d02:192.168.157.223:33343, d2424f4d-20d2-4104-abcc-02e6288f3ffc:192.168.157.223:39352, 7c510082-4284-44ef-8cd9-bb38fb15579f:192.168.157.223:33098], old=null
2019-10-17 21:15:48,233 [grpc-default-executor-2] INFO  impl.RaftServerImpl (RaftServerImpl.java:setRole(184)) - 3909bd6a-278d-4911-9d70-32680c972d02@group-62509A8A5C15: changes role from  FOLLOWER to FOLLOWER at term 154 for recognizeCandidate:d2424f4d-20d2-4104-abcc-02e6288f3ffc
2019-10-17 21:15:48,233 [grpc-default-executor-2] INFO  impl.RoleInfo (RoleInfo.java:shutdownFollowerState(121)) - 3909bd6a-278d-4911-9d70-32680c972d02: shutdown FollowerState
2019-10-17 21:15:48,233 [grpc-default-executor-2] INFO  impl.RoleInfo (RoleInfo.java:updateAndGet(143)) - 3909bd6a-278d-4911-9d70-32680c972d02: start FollowerState
2019-10-17 21:15:48,233 [Thread-1178] INFO  impl.FollowerState (FollowerState.java:run(117)) - 3909bd6a-278d-4911-9d70-32680c972d02@group-62509A8A5C15-FollowerState was interrupted: java.lang.InterruptedException: sleep interrupted
2019-10-17 21:15:48,233 [grpc-default-executor-6] INFO  impl.RaftServerImpl (RaftServerImpl.java:setRole(184)) - 7c510082-4284-44ef-8cd9-bb38fb15579f@group-62509A8A5C15: changes role from  FOLLOWER to FOLLOWER at term 154 for recognizeCandidate:d2424f4d-20d2-4104-abcc-02e6288f3ffc
2019-10-17 21:15:48,233 [grpc-default-executor-6] INFO  impl.RoleInfo (RoleInfo.java:shutdownFollowerState(121)) - 7c510082-4284-44ef-8cd9-bb38fb15579f: shutdown FollowerState
2019-10-17 21:15:48,234 [Thread-1179] INFO  impl.FollowerState (FollowerState.java:run(117)) - 7c510082-4284-44ef-8cd9-bb38fb15579f@group-62509A8A5C15-FollowerState was interrupted: java.lang.InterruptedException: sleep interrupted
2019-10-17 21:15:48,234 [grpc-default-executor-6] INFO  impl.RoleInfo (RoleInfo.java:updateAndGet(143)) - 7c510082-4284-44ef-8cd9-bb38fb15579f: start FollowerState
2019-10-17 21:15:48,249 [d2424f4d-20d2-4104-abcc-02e6288f3ffc@group-62509A8A5C15-LeaderElection147] INFO  impl.LeaderElection (LeaderElection.java:logAndReturn(56)) - d2424f4d-20d2-4104-abcc-02e6288f3ffc@group-62509A8A5C15-LeaderElection147: Election REJECTED; received 2 response(s) [d2424f4d-20d2-4104-abcc-02e6288f3ffc<-3909bd6a-278d-4911-9d70-32680c972d02#0:FAIL-t154, d2424f4d-20d2-4104-abcc-02e6288f3ffc<-7c510082-4284-44ef-8cd9-bb38fb15579f#0:FAIL-t154] and 0 exception(s); d2424f4d-20d2-4104-abcc-02e6288f3ffc@group-62509A8A5C15:t154, leader=null, voted=d2424f4d-20d2-4104-abcc-02e6288f3ffc, raftlog=d2424f4d-20d2-4104-abcc-02e6288f3ffc@group-62509A8A5C15-SegmentedRaftLog:OPENED:c-1,f-1,i0, conf=-1: [3909bd6a-278d-4911-9d70-32680c972d02:192.168.157.223:33343, d2424f4d-20d2-4104-abcc-02e6288f3ffc:192.168.157.223:39352, 7c510082-4284-44ef-8cd9-bb38fb15579f:192.168.157.223:33098], old=null
2019-10-17 21:15:48,249 [d2424f4d-20d2-4104-abcc-02e6288f3ffc@group-62509A8A5C15-LeaderElection147] INFO  impl.RaftServerImpl (RaftServerImpl.java:setRole(184)) - d2424f4d-20d2-4104-abcc-02e6288f3ffc@group-62509A8A5C15: changes role from CANDIDATE to FOLLOWER at term 154 for DISCOVERED_A_NEW_TERM
2019-10-17 21:15:48,249 [d2424f4d-20d2-4104-abcc-02e6288f3ffc@group-62509A8A5C15-LeaderElection147] INFO  impl.RoleInfo (RoleInfo.java:shutdownLeaderElection(134)) - d2424f4d-20d2-4104-abcc-02e6288f3ffc: shutdown LeaderElection
2019-10-17 21:15:48,249 [d2424f4d-20d2-4104-abcc-02e6288f3ffc@group-62509A8A5C15-LeaderElection147] INFO  impl.RoleInfo (RoleInfo.java:updateAndGet(143)) - d2424f4d-20d2-4104-abcc-02e6288f3ffc: start FollowerState
2019-10-17 21:15:48,327 [Thread-1186] INFO  impl.FollowerState (FollowerState.java:run(108)) - d2424f4d-20d2-4104-abcc-02e6288f3ffc@group-62509A8A5C15-FollowerState: change to CANDIDATE, lastRpcTime:77ms, electionTimeout:77ms
2019-10-17 21:15:48,327 [Thread-1186] INFO  impl.RoleInfo (RoleInfo.java:shutdownFollowerState(121)) - d2424f4d-20d2-4104-abcc-02e6288f3ffc: shutdown FollowerState
2019-10-17 21:15:48,327 [Thread-1186] INFO  impl.RaftServerImpl (RaftServerImpl.java:setRole(184)) - d2424f4d-20d2-4104-abcc-02e6288f3ffc@group-62509A8A5C15: changes role from  FOLLOWER to CANDIDATE at term 154 for changeToCandidate
2019-10-17 21:15:48,327 [Thread-1186] INFO  impl.RoleInfo (RoleInfo.java:updateAndGet(143)) - d2424f4d-20d2-4104-abcc-02e6288f3ffc: start LeaderElection
2019-10-17 21:15:48,341 [d2424f4d-20d2-4104-abcc-02e6288f3ffc@group-62509A8A5C15-LeaderElection148] INFO  impl.LeaderElection (LeaderElection.java:askForVotes(178)) - d2424f4d-20d2-4104-abcc-02e6288f3ffc@group-62509A8A5C15-LeaderElection148: begin an election at term 155 for -1: [3909bd6a-278d-4911-9d70-32680c972d02:192.168.157.223:33343, d2424f4d-20d2-4104-abcc-02e6288f3ffc:192.168.157.223:39352, 7c510082-4284-44ef-8cd9-bb38fb15579f:192.168.157.223:33098], old=null
2019-10-17 21:15:48,343 [grpc-default-executor-6] INFO  impl.RaftServerImpl (RaftServerImpl.java:setRole(184)) - 3909bd6a-278d-4911-9d70-32680c972d02@group-62509A8A5C15: changes role from  FOLLOWER to FOLLOWER at term 155 for recognizeCandidate:d2424f4d-20d2-4104-abcc-02e6288f3ffc
2019-10-17 21:15:48,344 [grpc-default-executor-6] INFO  impl.RoleInfo (RoleInfo.java:shutdownFollowerState(121)) - 3909bd6a-278d-4911-9d70-32680c972d02: shutdown FollowerState
2019-10-17 21:15:48,344 [grpc-default-executor-2] INFO  impl.RaftServerImpl (RaftServerImpl.java:setRole(184)) - 7c510082-4284-44ef-8cd9-bb38fb15579f@group-62509A8A5C15: changes role from  FOLLOWER to FOLLOWER at term 155 for recognizeCandidate:d2424f4d-20d2-4104-abcc-02e6288f3ffc
2019-10-17 21:15:48,344 [grpc-default-executor-2] INFO  impl.RoleInfo (RoleInfo.java:shutdownFollowerState(121)) - 7c510082-4284-44ef-8cd9-bb38fb15579f: shutdown FollowerState
2019-10-17 21:15:48,344 [Thread-1184] INFO  impl.FollowerState (FollowerState.java:run(117)) - 3909bd6a-278d-4911-9d70-32680c972d02@group-62509A8A5C15-FollowerState was interrupted: java.lang.InterruptedException: sleep interrupted
2019-10-17 21:15:48,344 [grpc-default-executor-6] INFO  impl.RoleInfo (RoleInfo.java:updateAndGet(143)) - 3909bd6a-278d-4911-9d70-32680c972d02: start FollowerState
2019-10-17 21:15:48,344 [Thread-1185] INFO  impl.FollowerState (FollowerState.java:run(117)) - 7c510082-4284-44ef-8cd9-bb38fb15579f@group-62509A8A5C15-FollowerState was interrupted: java.lang.InterruptedException: sleep interrupted
2019-10-17 21:15:48,344 [grpc-default-executor-2] INFO  impl.RoleInfo (RoleInfo.java:updateAndGet(143)) - 7c510082-4284-44ef-8cd9-bb38fb15579f: start FollowerState
2019-10-17 21:15:48,359 [d2424f4d-20d2-4104-abcc-02e6288f3ffc@group-62509A8A5C15-LeaderElection148] INFO  impl.LeaderElection (LeaderElection.java:logAndReturn(56)) - d2424f4d-20d2-4104-abcc-02e6288f3ffc@group-62509A8A5C15-LeaderElection148: Election REJECTED; received 2 response(s) [d2424f4d-20d2-4104-abcc-02e6288f3ffc<-3909bd6a-278d-4911-9d70-32680c972d02#0:FAIL-t155, d2424f4d-20d2-4104-abcc-02e6288f3ffc<-7c510082-4284-44ef-8cd9-bb38fb15579f#0:FAIL-t155] and 0 exception(s); d2424f4d-20d2-4104-abcc-02e6288f3ffc@group-62509A8A5C15:t155, leader=null, voted=d2424f4d-20d2-4104-abcc-02e6288f3ffc, raftlog=d2424f4d-20d2-4104-abcc-02e6288f3ffc@group-62509A8A5C15-SegmentedRaftLog:OPENED:c-1,f-1,i0, conf=-1: [3909bd6a-278d-4911-9d70-32680c972d02:192.168.157.223:33343, d2424f4d-20d2-4104-abcc-02e6288f3ffc:192.168.157.223:39352, 7c510082-4284-44ef-8cd9-bb38fb15579f:192.168.157.223:33098], old=null
2019-10-17 21:15:48,359 [d2424f4d-20d2-4104-abcc-02e6288f3ffc@group-62509A8A5C15-LeaderElection148] INFO  impl.RaftServerImpl (RaftServerImpl.java:setRole(184)) - d2424f4d-20d2-4104-abcc-02e6288f3ffc@group-62509A8A5C15: changes role from CANDIDATE to FOLLOWER at term 155 for DISCOVERED_A_NEW_TERM
2019-10-17 21:15:48,360 [d2424f4d-20d2-4104-abcc-02e6288f3ffc@group-62509A8A5C15-LeaderElection148] INFO  impl.RoleInfo (RoleInfo.java:shutdownLeaderElection(134)) - d2424f4d-20d2-4104-abcc-02e6288f3ffc: shutdown LeaderElection
2019-10-17 21:15:48,360 [d2424f4d-20d2-4104-abcc-02e6288f3ffc@group-62509A8A5C15-LeaderElection148] INFO  impl.RoleInfo (RoleInfo.java:updateAndGet(143)) - d2424f4d-20d2-4104-abcc-02e6288f3ffc: start FollowerState
2019-10-17 21:15:48,550 [Thread-1192] INFO  impl.FollowerState (FollowerState.java:run(108)) - d2424f4d-20d2-4104-abcc-02e6288f3ffc@group-62509A8A5C15-FollowerState: change to CANDIDATE, lastRpcTime:190ms, electionTimeout:190ms
2019-10-17 21:15:48,550 [Thread-1192] INFO  impl.RoleInfo (RoleInfo.java:shutdownFollowerState(121)) - d2424f4d-20d2-4104-abcc-02e6288f3ffc: shutdown FollowerState
2019-10-17 21:15:48,550 [Thread-1192] INFO  impl.RaftServerImpl (RaftServerImpl.java:setRole(184)) - d2424f4d-20d2-4104-abcc-02e6288f3ffc@group-62509A8A5C15: changes role from  FOLLOWER to CANDIDATE at term 155 for changeToCandidate
2019-10-17 21:15:48,551 [Thread-1192] INFO  impl.RoleInfo (RoleInfo.java:updateAndGet(143)) - d2424f4d-20d2-4104-abcc-02e6288f3ffc: start LeaderElection
2019-10-17 21:15:48,576 [d2424f4d-20d2-4104-abcc-02e6288f3ffc@group-62509A8A5C15-LeaderElection149] INFO  impl.LeaderElection (LeaderElection.java:askForVotes(178)) - d2424f4d-20d2-4104-abcc-02e6288f3ffc@group-62509A8A5C15-LeaderElection149: begin an election at term 156 for -1: [3909bd6a-278d-4911-9d70-32680c972d02:192.168.157.223:33343, d2424f4d-20d2-4104-abcc-02e6288f3ffc:192.168.157.223:39352, 7c510082-4284-44ef-8cd9-bb38fb15579f:192.168.157.223:33098], old=null
2019-10-17 21:15:48,579 [grpc-default-executor-6] INFO  impl.RaftServerImpl (RaftServerImpl.java:setRole(184)) - 3909bd6a-278d-4911-9d70-32680c972d02@group-62509A8A5C15: changes role from  FOLLOWER to FOLLOWER at term 156 for recognizeCandidate:d2424f4d-20d2-4104-abcc-02e6288f3ffc
2019-10-17 21:15:48,579 [grpc-default-executor-6] INFO  impl.RoleInfo (RoleInfo.java:shutdownFollowerState(121)) - 3909bd6a-278d-4911-9d70-32680c972d02: shutdown FollowerState
2019-10-17 21:15:48,579 [grpc-default-executor-6] INFO  impl.RoleInfo (RoleInfo.java:updateAndGet(143)) - 3909bd6a-278d-4911-9d70-32680c972d02: start FollowerState
2019-10-17 21:15:48,579 [Thread-1190] INFO  impl.FollowerState (FollowerState.java:run(117)) - 3909bd6a-278d-4911-9d70-32680c972d02@group-62509A8A5C15-FollowerState was interrupted: java.lang.InterruptedException: sleep interrupted
2019-10-17 21:15:48,579 [grpc-default-executor-2] INFO  impl.RaftServerImpl (RaftServerImpl.java:setRole(184)) - 7c510082-4284-44ef-8cd9-bb38fb15579f@group-62509A8A5C15: changes role from  FOLLOWER to FOLLOWER at term 156 for recognizeCandidate:d2424f4d-20d2-4104-abcc-02e6288f3ffc
2019-10-17 21:15:48,580 [grpc-default-executor-2] INFO  impl.RoleInfo (RoleInfo.java:shutdownFollowerState(121)) - 7c510082-4284-44ef-8cd9-bb38fb15579f: shutdown FollowerState
2019-10-17 21:15:48,580 [grpc-default-executor-2] INFO  impl.RoleInfo (RoleInfo.java:updateAndGet(143)) - 7c510082-4284-44ef-8cd9-bb38fb15579f: start FollowerState
2019-10-17 21:15:48,580 [Thread-1191] INFO  impl.FollowerState (FollowerState.java:run(117)) - 7c510082-4284-44ef-8cd9-bb38fb15579f@group-62509A8A5C15-FollowerState was interrupted: java.lang.InterruptedException: sleep interrupted
2019-10-17 21:15:48,594 [d2424f4d-20d2-4104-abcc-02e6288f3ffc@group-62509A8A5C15-LeaderElection149] INFO  impl.LeaderElection (LeaderElection.java:logAndReturn(56)) - d2424f4d-20d2-4104-abcc-02e6288f3ffc@group-62509A8A5C15-LeaderElection149: Election REJECTED; received 2 response(s) [d2424f4d-20d2-4104-abcc-02e6288f3ffc<-3909bd6a-278d-4911-9d70-32680c972d02#0:FAIL-t156, d2424f4d-20d2-4104-abcc-02e6288f3ffc<-7c510082-4284-44ef-8cd9-bb38fb15579f#0:FAIL-t156] and 0 exception(s); d2424f4d-20d2-4104-abcc-02e6288f3ffc@group-62509A8A5C15:t156, leader=null, voted=d2424f4d-20d2-4104-abcc-02e6288f3ffc, raftlog=d2424f4d-20d2-4104-abcc-02e6288f3ffc@group-62509A8A5C15-SegmentedRaftLog:OPENED:c-1,f-1,i0, conf=-1: [3909bd6a-278d-4911-9d70-32680c972d02:192.168.157.223:33343, d2424f4d-20d2-4104-abcc-02e6288f3ffc:192.168.157.223:39352, 7c510082-4284-44ef-8cd9-bb38fb15579f:192.168.157.223:33098], old=null
2019-10-17 21:15:48,595 [d2424f4d-20d2-4104-abcc-02e6288f3ffc@group-62509A8A5C15-LeaderElection149] INFO  impl.RaftServerImpl (RaftServerImpl.java:setRole(184)) - d2424f4d-20d2-4104-abcc-02e6288f3ffc@group-62509A8A5C15: changes role from CANDIDATE to FOLLOWER at term 156 for DISCOVERED_A_NEW_TERM
2019-10-17 21:15:48,595 [d2424f4d-20d2-4104-abcc-02e6288f3ffc@group-62509A8A5C15-LeaderElection149] INFO  impl.RoleInfo (RoleInfo.java:shutdownLeaderElection(134)) - d2424f4d-20d2-4104-abcc-02e6288f3ffc: shutdown LeaderElection
2019-10-17 21:15:48,595 [d2424f4d-20d2-4104-abcc-02e6288f3ffc@group-62509A8A5C15-LeaderElection149] INFO  impl.RoleInfo (RoleInfo.java:updateAndGet(143)) - d2424f4d-20d2-4104-abcc-02e6288f3ffc: start FollowerState
2019-10-17 21:15:48,673 [Thread-1198] INFO  impl.FollowerState (FollowerState.java:run(108)) - d2424f4d-20d2-4104-abcc-02e6288f3ffc@group-62509A8A5C15-FollowerState: change to CANDIDATE, lastRpcTime:78ms, electionTimeout:78ms
2019-10-17 21:15:48,674 [Thread-1198] INFO  impl.RoleInfo (RoleInfo.java:shutdownFollowerState(121)) - d2424f4d-20d2-4104-abcc-02e6288f3ffc: shutdown FollowerState
2019-10-17 21:15:48,674 [Thread-1198] INFO  impl.RaftServerImpl (RaftServerImpl.java:setRole(184)) - d2424f4d-20d2-4104-abcc-02e6288f3ffc@group-62509A8A5C15: changes role from  FOLLOWER to CANDIDATE at term 156 for changeToCandidate
2019-10-17 21:15:48,675 [Thread-1198] INFO  impl.RoleInfo (RoleInfo.java:updateAndGet(143)) - d2424f4d-20d2-4104-abcc-02e6288f3ffc: start LeaderElection
2019-10-17 21:15:48,701 [d2424f4d-20d2-4104-abcc-02e6288f3ffc@group-62509A8A5C15-LeaderElection150] INFO  impl.LeaderElection (LeaderElection.java:askForVotes(178)) - d2424f4d-20d2-4104-abcc-02e6288f3ffc@group-62509A8A5C15-LeaderElection150: begin an election at term 157 for -1: [3909bd6a-278d-4911-9d70-32680c972d02:192.168.157.223:33343, d2424f4d-20d2-4104-abcc-02e6288f3ffc:192.168.157.223:39352, 7c510082-4284-44ef-8cd9-bb38fb15579f:192.168.157.223:33098], old=null
2019-10-17 21:15:48,707 [grpc-default-executor-6] INFO  impl.RaftServerImpl (RaftServerImpl.java:setRole(184)) - 3909bd6a-278d-4911-9d70-32680c972d02@group-62509A8A5C15: changes role from  FOLLOWER to FOLLOWER at term 157 for recognizeCandidate:d2424f4d-20d2-4104-abcc-02e6288f3ffc
2019-10-17 21:15:48,707 [grpc-default-executor-6] INFO  impl.RoleInfo (RoleInfo.java:shutdownFollowerState(121)) - 3909bd6a-278d-4911-9d70-32680c972d02: shutdown FollowerState
2019-10-17 21:15:48,707 [grpc-default-executor-2] INFO  impl.RaftServerImpl (RaftServerImpl.java:setRole(184)) - 7c510082-4284-44ef-8cd9-bb38fb15579f@group-62509A8A5C15: changes role from  FOLLOWER to FOLLOWER at term 157 for recognizeCandidate:d2424f4d-20d2-4104-abcc-02e6288f3ffc
2019-10-17 21:15:48,707 [grpc-default-executor-2] INFO  impl.RoleInfo (RoleInfo.java:shutdownFollowerState(121)) - 7c510082-4284-44ef-8cd9-bb38fb15579f: shutdown FollowerState
2019-10-17 21:15:48,707 [Thread-1196] INFO  impl.FollowerState (FollowerState.java:run(117)) - 3909bd6a-278d-4911-9d70-32680c972d02@group-62509A8A5C15-FollowerState was interrupted: java.lang.InterruptedException: sleep interrupted
2019-10-17 21:15:48,707 [grpc-default-executor-6] INFO  impl.RoleInfo (RoleInfo.java:updateAndGet(143)) - 3909bd6a-278d-4911-9d70-32680c972d02: start FollowerState
2019-10-17 21:15:48,707 [Thread-1197] INFO  impl.FollowerState (FollowerState.java:run(117)) - 7c510082-4284-44ef-8cd9-bb38fb15579f@group-62509A8A5C15-FollowerState was interrupted: java.lang.InterruptedException: sleep interrupted
2019-10-17 21:15:48,707 [grpc-default-executor-2] INFO  impl.RoleInfo (RoleInfo.java:updateAndGet(143)) - 7c510082-4284-44ef-8cd9-bb38fb15579f: start FollowerState
2019-10-17 21:15:48,710 [d2424f4d-20d2-4104-abcc-02e6288f3ffc@group-62509A8A5C15-LeaderElection150] INFO  impl.LeaderElection (LeaderElection.java:logAndReturn(56)) - d2424f4d-20d2-4104-abcc-02e6288f3ffc@group-62509A8A5C15-LeaderElection150: Election TIMEOUT; received 0 response(s) [] and 0 exception(s); d2424f4d-20d2-4104-abcc-02e6288f3ffc@group-62509A8A5C15:t157, leader=null, voted=d2424f4d-20d2-4104-abcc-02e6288f3ffc, raftlog=d2424f4d-20d2-4104-abcc-02e6288f3ffc@group-62509A8A5C15-SegmentedRaftLog:OPENED:c-1,f-1,i0, conf=-1: [3909bd6a-278d-4911-9d70-32680c972d02:192.168.157.223:33343, d2424f4d-20d2-4104-abcc-02e6288f3ffc:192.168.157.223:39352, 7c510082-4284-44ef-8cd9-bb38fb15579f:192.168.157.223:33098], old=null
2019-10-17 21:15:48,733 [d2424f4d-20d2-4104-abcc-02e6288f3ffc@group-62509A8A5C15-LeaderElection150] INFO  impl.LeaderElection (LeaderElection.java:askForVotes(178)) - d2424f4d-20d2-4104-abcc-02e6288f3ffc@group-62509A8A5C15-LeaderElection150: begin an election at term 158 for -1: [3909bd6a-278d-4911-9d70-32680c972d02:192.168.157.223:33343, d2424f4d-20d2-4104-abcc-02e6288f3ffc:192.168.157.223:39352, 7c510082-4284-44ef-8cd9-bb38fb15579f:192.168.157.223:33098], old=null
2019-10-17 21:15:48,735 [grpc-default-executor-6] INFO  impl.RaftServerImpl (RaftServerImpl.java:setRole(184)) - 3909bd6a-278d-4911-9d70-32680c972d02@group-62509A8A5C15: changes role from  FOLLOWER to FOLLOWER at term 158 for recognizeCandidate:d2424f4d-20d2-4104-abcc-02e6288f3ffc
2019-10-17 21:15:48,735 [grpc-default-executor-6] INFO  impl.RoleInfo (RoleInfo.java:shutdownFollowerState(121)) - 3909bd6a-278d-4911-9d70-32680c972d02: shutdown FollowerState
2019-10-17 21:15:48,735 [grpc-default-executor-6] INFO  impl.RoleInfo (RoleInfo.java:updateAndGet(143)) - 3909bd6a-278d-4911-9d70-32680c972d02: start FollowerState
2019-10-17 21:15:48,735 [Thread-1202] INFO  impl.FollowerState (FollowerState.java:run(117)) - 3909bd6a-278d-4911-9d70-32680c972d02@group-62509A8A5C15-FollowerState was interrupted: java.lang.InterruptedException: sleep interrupted
2019-10-17 21:15:48,736 [grpc-default-executor-2] INFO  impl.RaftServerImpl (RaftServerImpl.java:setRole(184)) - 7c510082-4284-44ef-8cd9-bb38fb15579f@group-62509A8A5C15: changes role from  FOLLOWER to FOLLOWER at term 158 for recognizeCandidate:d2424f4d-20d2-4104-abcc-02e6288f3ffc
2019-10-17 21:15:48,736 [grpc-default-executor-2] INFO  impl.RoleInfo (RoleInfo.java:shutdownFollowerState(121)) - 7c510082-4284-44ef-8cd9-bb38fb15579f: shutdown FollowerState
2019-10-17 21:15:48,736 [grpc-default-executor-2] INFO  impl.RoleInfo (RoleInfo.java:updateAndGet(143)) - 7c510082-4284-44ef-8cd9-bb38fb15579f: start FollowerState
2019-10-17 21:15:48,736 [Thread-1203] INFO  impl.FollowerState (FollowerState.java:run(117)) - 7c510082-4284-44ef-8cd9-bb38fb15579f@group-62509A8A5C15-FollowerState was interrupted: java.lang.InterruptedException: sleep interrupted
2019-10-17 21:15:48,763 [d2424f4d-20d2-4104-abcc-02e6288f3ffc@group-62509A8A5C15-LeaderElection150] INFO  impl.LeaderElection (LeaderElection.java:logAndReturn(56)) - d2424f4d-20d2-4104-abcc-02e6288f3ffc@group-62509A8A5C15-LeaderElection150: Election REJECTED; received 2 response(s) [d2424f4d-20d2-4104-abcc-02e6288f3ffc<-3909bd6a-278d-4911-9d70-32680c972d02#0:FAIL-t158, d2424f4d-20d2-4104-abcc-02e6288f3ffc<-7c510082-4284-44ef-8cd9-bb38fb15579f#0:FAIL-t158] and 0 exception(s); d2424f4d-20d2-4104-abcc-02e6288f3ffc@group-62509A8A5C15:t158, leader=null, voted=d2424f4d-20d2-4104-abcc-02e6288f3ffc, raftlog=d2424f4d-20d2-4104-abcc-02e6288f3ffc@group-62509A8A5C15-SegmentedRaftLog:OPENED:c-1,f-1,i0, conf=-1: [3909bd6a-278d-4911-9d70-32680c972d02:192.168.157.223:33343, d2424f4d-20d2-4104-abcc-02e6288f3ffc:192.168.157.223:39352, 7c510082-4284-44ef-8cd9-bb38fb15579f:192.168.157.223:33098], old=null
2019-10-17 21:15:48,763 [d2424f4d-20d2-4104-abcc-02e6288f3ffc@group-62509A8A5C15-LeaderElection150] INFO  impl.RaftServerImpl (RaftServerImpl.java:setRole(184)) - d2424f4d-20d2-4104-abcc-02e6288f3ffc@group-62509A8A5C15: changes role from CANDIDATE to FOLLOWER at term 158 for DISCOVERED_A_NEW_TERM
2019-10-17 21:15:48,763 [d2424f4d-20d2-4104-abcc-02e6288f3ffc@group-62509A8A5C15-LeaderElection150] INFO  impl.RoleInfo (RoleInfo.java:shutdownLeaderElection(134)) - d2424f4d-20d2-4104-abcc-02e6288f3ffc: shutdown LeaderElection
2019-10-17 21:15:48,763 [d2424f4d-20d2-4104-abcc-02e6288f3ffc@group-62509A8A5C15-LeaderElection150] INFO  impl.RoleInfo (RoleInfo.java:updateAndGet(143)) - d2424f4d-20d2-4104-abcc-02e6288f3ffc: start FollowerState
2019-10-17 21:15:48,806 [Thread-1208] INFO  impl.FollowerState (FollowerState.java:run(108)) - d2424f4d-20d2-4104-abcc-02e6288f3ffc@group-62509A8A5C15-FollowerState: change to CANDIDATE, lastRpcTime:43ms, electionTimeout:36ms
2019-10-17 21:15:48,807 [Thread-1208] INFO  impl.RoleInfo (RoleInfo.java:shutdownFollowerState(121)) - d2424f4d-20d2-4104-abcc-02e6288f3ffc: shutdown FollowerState
2019-10-17 21:15:48,807 [Thread-1208] INFO  impl.RaftServerImpl (RaftServerImpl.java:setRole(184)) - d2424f4d-20d2-4104-abcc-02e6288f3ffc@group-62509A8A5C15: changes role from  FOLLOWER to CANDIDATE at term 158 for changeToCandidate
2019-10-17 21:15:48,808 [Thread-1208] INFO  impl.RoleInfo (RoleInfo.java:updateAndGet(143)) - d2424f4d-20d2-4104-abcc-02e6288f3ffc: start LeaderElection
2019-10-17 21:15:48,828 [d2424f4d-20d2-4104-abcc-02e6288f3ffc@group-62509A8A5C15-LeaderElection151] INFO  impl.LeaderElection (LeaderElection.java:askForVotes(178)) - d2424f4d-20d2-4104-abcc-02e6288f3ffc@group-62509A8A5C15-LeaderElection151: begin an election at term 159 for -1: [3909bd6a-278d-4911-9d70-32680c972d02:192.168.157.223:33343, d2424f4d-20d2-4104-abcc-02e6288f3ffc:192.168.157.223:39352, 7c510082-4284-44ef-8cd9-bb38fb15579f:192.168.157.223:33098], old=null
2019-10-17 21:15:48,830 [grpc-default-executor-6] INFO  impl.RaftServerImpl (RaftServerImpl.java:setRole(184)) - 3909bd6a-278d-4911-9d70-32680c972d02@group-62509A8A5C15: changes role from  FOLLOWER to FOLLOWER at term 159 for recognizeCandidate:d2424f4d-20d2-4104-abcc-02e6288f3ffc
2019-10-17 21:15:48,830 [grpc-default-executor-2] INFO  impl.RaftServerImpl (RaftServerImpl.java:setRole(184)) - 7c510082-4284-44ef-8cd9-bb38fb15579f@group-62509A8A5C15: changes role from  FOLLOWER to FOLLOWER at term 159 for recognizeCandidate:d2424f4d-20d2-4104-abcc-02e6288f3ffc
2019-10-17 21:15:48,830 [grpc-default-executor-2] INFO  impl.RoleInfo (RoleInfo.java:shutdownFollowerState(121)) - 7c510082-4284-44ef-8cd9-bb38fb15579f: shutdown FollowerState
2019-10-17 21:15:48,830 [grpc-default-executor-6] INFO  impl.RoleInfo (RoleInfo.java:shutdownFollowerState(121)) - 3909bd6a-278d-4911-9d70-32680c972d02: shutdown FollowerState
2019-10-17 21:15:48,830 [Thread-1207] INFO  impl.FollowerState (FollowerState.java:run(117)) - 7c510082-4284-44ef-8cd9-bb38fb15579f@group-62509A8A5C15-FollowerState was interrupted: java.lang.InterruptedException: sleep interrupted
2019-10-17 21:15:48,830 [grpc-default-executor-2] INFO  impl.RoleInfo (RoleInfo.java:updateAndGet(143)) - 7c510082-4284-44ef-8cd9-bb38fb15579f: start FollowerState
2019-10-17 21:15:48,831 [Thread-1206] INFO  impl.FollowerState (FollowerState.java:run(117)) - 3909bd6a-278d-4911-9d70-32680c972d02@group-62509A8A5C15-FollowerState was interrupted: java.lang.InterruptedException: sleep interrupted
2019-10-17 21:15:48,831 [grpc-default-executor-6] INFO  impl.RoleInfo (RoleInfo.java:updateAndGet(143)) - 3909bd6a-278d-4911-9d70-32680c972d02: start FollowerState
2019-10-17 21:15:48,857 [d2424f4d-20d2-4104-abcc-02e6288f3ffc@group-62509A8A5C15-LeaderElection151] INFO  impl.LeaderElection (LeaderElection.java:logAndReturn(56)) - d2424f4d-20d2-4104-abcc-02e6288f3ffc@group-62509A8A5C15-LeaderElection151: Election REJECTED; received 2 response(s) [d2424f4d-20d2-4104-abcc-02e6288f3ffc<-3909bd6a-278d-4911-9d70-32680c972d02#0:FAIL-t159, d2424f4d-20d2-4104-abcc-02e6288f3ffc<-7c510082-4284-44ef-8cd9-bb38fb15579f#0:FAIL-t159] and 0 exception(s); d2424f4d-20d2-4104-abcc-02e6288f3ffc@group-62509A8A5C15:t159, leader=null, voted=d2424f4d-20d2-4104-abcc-02e6288f3ffc, raftlog=d2424f4d-20d2-4104-abcc-02e6288f3ffc@group-62509A8A5C15-SegmentedRaftLog:OPENED:c-1,f-1,i0, conf=-1: [3909bd6a-278d-4911-9d70-32680c972d02:192.168.157.223:33343, d2424f4d-20d2-4104-abcc-02e6288f3ffc:192.168.157.223:39352, 7c510082-4284-44ef-8cd9-bb38fb15579f:192.168.157.223:33098], old=null
2019-10-17 21:15:48,857 [d2424f4d-20d2-4104-abcc-02e6288f3ffc@group-62509A8A5C15-LeaderElection151] INFO  impl.RaftServerImpl (RaftServerImpl.java:setRole(184)) - d2424f4d-20d2-4104-abcc-02e6288f3ffc@group-62509A8A5C15: changes role from CANDIDATE to FOLLOWER at term 159 for DISCOVERED_A_NEW_TERM
2019-10-17 21:15:48,858 [d2424f4d-20d2-4104-abcc-02e6288f3ffc@group-62509A8A5C15-LeaderElection151] INFO  impl.RoleInfo (RoleInfo.java:shutdownLeaderElection(134)) - d2424f4d-20d2-4104-abcc-02e6288f3ffc: shutdown LeaderElection
2019-10-17 21:15:48,858 [d2424f4d-20d2-4104-abcc-02e6288f3ffc@group-62509A8A5C15-LeaderElection151] INFO  impl.RoleInfo (RoleInfo.java:updateAndGet(143)) - d2424f4d-20d2-4104-abcc-02e6288f3ffc: start FollowerState
2019-10-17 21:15:48,873 [Thread-1216] INFO  impl.FollowerState (FollowerState.java:run(108)) - d2424f4d-20d2-4104-abcc-02e6288f3ffc@group-62509A8A5C15-FollowerState: change to CANDIDATE, lastRpcTime:15ms, electionTimeout:15ms
2019-10-17 21:15:48,873 [Thread-1216] INFO  impl.RoleInfo (RoleInfo.java:shutdownFollowerState(121)) - d2424f4d-20d2-4104-abcc-02e6288f3ffc: shutdown FollowerState
2019-10-17 21:15:48,873 [Thread-1216] INFO  impl.RaftServerImpl (RaftServerImpl.java:setRole(184)) - d2424f4d-20d2-4104-abcc-02e6288f3ffc@group-62509A8A5C15: changes role from  FOLLOWER to CANDIDATE at term 159 for changeToCandidate
2019-10-17 21:15:48,874 [Thread-1216] INFO  impl.RoleInfo (RoleInfo.java:updateAndGet(143)) - d2424f4d-20d2-4104-abcc-02e6288f3ffc: start LeaderElection
2019-10-17 21:15:48,886 [d2424f4d-20d2-4104-abcc-02e6288f3ffc@group-62509A8A5C15-LeaderElection152] INFO  impl.LeaderElection (LeaderElection.java:askForVotes(178)) - d2424f4d-20d2-4104-abcc-02e6288f3ffc@group-62509A8A5C15-LeaderElection152: begin an election at term 160 for -1: [3909bd6a-278d-4911-9d70-32680c972d02:192.168.157.223:33343, d2424f4d-20d2-4104-abcc-02e6288f3ffc:192.168.157.223:39352, 7c510082-4284-44ef-8cd9-bb38fb15579f:192.168.157.223:33098], old=null
2019-10-17 21:15:48,889 [grpc-default-executor-2] INFO  impl.RaftServerImpl (RaftServerImpl.java:setRole(184)) - 3909bd6a-278d-4911-9d70-32680c972d02@group-62509A8A5C15: changes role from  FOLLOWER to FOLLOWER at term 160 for recognizeCandidate:d2424f4d-20d2-4104-abcc-02e6288f3ffc
2019-10-17 21:15:48,889 [grpc-default-executor-6] INFO  impl.RaftServerImpl (RaftServerImpl.java:setRole(184)) - 7c510082-4284-44ef-8cd9-bb38fb15579f@group-62509A8A5C15: changes role from  FOLLOWER to FOLLOWER at term 160 for recognizeCandidate:d2424f4d-20d2-4104-abcc-02e6288f3ffc
2019-10-17 21:15:48,889 [grpc-default-executor-6] INFO  impl.RoleInfo (RoleInfo.java:shutdownFollowerState(121)) - 7c510082-4284-44ef-8cd9-bb38fb15579f: shutdown FollowerState
2019-10-17 21:15:48,889 [grpc-default-executor-2] INFO  impl.RoleInfo (RoleInfo.java:shutdownFollowerState(121)) - 3909bd6a-278d-4911-9d70-32680c972d02: shutdown FollowerState
2019-10-17 21:15:48,889 [Thread-1214] INFO  impl.FollowerState (FollowerState.java:run(117)) - 7c510082-4284-44ef-8cd9-bb38fb15579f@group-62509A8A5C15-FollowerState was interrupted: java.lang.InterruptedException: sleep interrupted
2019-10-17 21:15:48,889 [grpc-default-executor-6] INFO  impl.RoleInfo (RoleInfo.java:updateAndGet(143)) - 7c510082-4284-44ef-8cd9-bb38fb15579f: start FollowerState
2019-10-17 21:15:48,890 [grpc-default-executor-2] INFO  impl.RoleInfo (RoleInfo.java:updateAndGet(143)) - 3909bd6a-278d-4911-9d70-32680c972d02: start FollowerState
2019-10-17 21:15:48,890 [Thread-1215] INFO  impl.FollowerState (FollowerState.java:run(117)) - 3909bd6a-278d-4911-9d70-32680c972d02@group-62509A8A5C15-FollowerState was interrupted: java.lang.InterruptedException: sleep interrupted
2019-10-17 21:15:48,916 [d2424f4d-20d2-4104-abcc-02e6288f3ffc@group-62509A8A5C15-LeaderElection152] INFO  impl.LeaderElection (LeaderElection.java:logAndReturn(56)) - d2424f4d-20d2-4104-abcc-02e6288f3ffc@group-62509A8A5C15-LeaderElection152: Election REJECTED; received 2 response(s) [d2424f4d-20d2-4104-abcc-02e6288f3ffc<-3909bd6a-278d-4911-9d70-32680c972d02#0:FAIL-t160, d2424f4d-20d2-4104-abcc-02e6288f3ffc<-7c510082-4284-44ef-8cd9-bb38fb15579f#0:FAIL-t160] and 0 exception(s); d2424f4d-20d2-4104-abcc-02e6288f3ffc@group-62509A8A5C15:t160, leader=null, voted=d2424f4d-20d2-4104-abcc-02e6288f3ffc, raftlog=d2424f4d-20d2-4104-abcc-02e6288f3ffc@group-62509A8A5C15-SegmentedRaftLog:OPENED:c-1,f-1,i0, conf=-1: [3909bd6a-278d-4911-9d70-32680c972d02:192.168.157.223:33343, d2424f4d-20d2-4104-abcc-02e6288f3ffc:192.168.157.223:39352, 7c510082-4284-44ef-8cd9-bb38fb15579f:192.168.157.223:33098], old=null
2019-10-17 21:15:48,916 [d2424f4d-20d2-4104-abcc-02e6288f3ffc@group-62509A8A5C15-LeaderElection152] INFO  impl.RaftServerImpl (RaftServerImpl.java:setRole(184)) - d2424f4d-20d2-4104-abcc-02e6288f3ffc@group-62509A8A5C15: changes role from CANDIDATE to FOLLOWER at term 160 for DISCOVERED_A_NEW_TERM
2019-10-17 21:15:48,916 [d2424f4d-20d2-4104-abcc-02e6288f3ffc@group-62509A8A5C15-LeaderElection152] INFO  impl.RoleInfo (RoleInfo.java:shutdownLeaderElection(134)) - d2424f4d-20d2-4104-abcc-02e6288f3ffc: shutdown LeaderElection
2019-10-17 21:15:48,916 [d2424f4d-20d2-4104-abcc-02e6288f3ffc@group-62509A8A5C15-LeaderElection152] INFO  impl.RoleInfo (RoleInfo.java:updateAndGet(143)) - d2424f4d-20d2-4104-abcc-02e6288f3ffc: start FollowerState
2019-10-17 21:15:48,937 [Thread-1222] INFO  impl.FollowerState (FollowerState.java:run(108)) - d2424f4d-20d2-4104-abcc-02e6288f3ffc@group-62509A8A5C15-FollowerState: change to CANDIDATE, lastRpcTime:20ms, electionTimeout:20ms
2019-10-17 21:15:48,937 [Thread-1222] INFO  impl.RoleInfo (RoleInfo.java:shutdownFollowerState(121)) - d2424f4d-20d2-4104-abcc-02e6288f3ffc: shutdown FollowerState
2019-10-17 21:15:48,937 [Thread-1222] INFO  impl.RaftServerImpl (RaftServerImpl.java:setRole(184)) - d2424f4d-20d2-4104-abcc-02e6288f3ffc@group-62509A8A5C15: changes role from  FOLLOWER to CANDIDATE at term 160 for changeToCandidate
2019-10-17 21:15:48,937 [Thread-1222] INFO  impl.RoleInfo (RoleInfo.java:updateAndGet(143)) - d2424f4d-20d2-4104-abcc-02e6288f3ffc: start LeaderElection
2019-10-17 21:15:48,960 [d2424f4d-20d2-4104-abcc-02e6288f3ffc@group-62509A8A5C15-LeaderElection153] INFO  impl.LeaderElection (LeaderElection.java:askForVotes(178)) - d2424f4d-20d2-4104-abcc-02e6288f3ffc@group-62509A8A5C15-LeaderElection153: begin an election at term 161 for -1: [3909bd6a-278d-4911-9d70-32680c972d02:192.168.157.223:33343, d2424f4d-20d2-4104-abcc-02e6288f3ffc:192.168.157.223:39352, 7c510082-4284-44ef-8cd9-bb38fb15579f:192.168.157.223:33098], old=null
2019-10-17 21:15:48,963 [grpc-default-executor-2] INFO  impl.RaftServerImpl (RaftServerImpl.java:setRole(184)) - 3909bd6a-278d-4911-9d70-32680c972d02@group-62509A8A5C15: changes role from  FOLLOWER to FOLLOWER at term 161 for recognizeCandidate:d2424f4d-20d2-4104-abcc-02e6288f3ffc
2019-10-17 21:15:48,964 [grpc-default-executor-2] INFO  impl.RoleInfo (RoleInfo.java:shutdownFollowerState(121)) - 3909bd6a-278d-4911-9d70-32680c972d02: shutdown FollowerState
2019-10-17 21:15:48,964 [grpc-default-executor-2] INFO  impl.RoleInfo (RoleInfo.java:updateAndGet(143)) - 3909bd6a-278d-4911-9d70-32680c972d02: start FollowerState
2019-10-17 21:15:48,964 [grpc-default-executor-6] INFO  impl.RaftServerImpl (RaftServerImpl.java:setRole(184)) - 7c510082-4284-44ef-8cd9-bb38fb15579f@group-62509A8A5C15: changes role from  FOLLOWER to FOLLOWER at term 161 for recognizeCandidate:d2424f4d-20d2-4104-abcc-02e6288f3ffc
2019-10-17 21:15:48,964 [grpc-default-executor-6] INFO  impl.RoleInfo (RoleInfo.java:shutdownFollowerState(121)) - 7c510082-4284-44ef-8cd9-bb38fb15579f: shutdown FollowerState
2019-10-17 21:15:48,964 [Thread-1221] INFO  impl.FollowerState (FollowerState.java:run(117)) - 3909bd6a-278d-4911-9d70-32680c972d02@group-62509A8A5C15-FollowerState was interrupted: java.lang.InterruptedException: sleep interrupted
2019-10-17 21:15:48,964 [Thread-1220] INFO  impl.FollowerState (FollowerState.java:run(117)) - 7c510082-4284-44ef-8cd9-bb38fb15579f@group-62509A8A5C15-FollowerState was interrupted: java.lang.InterruptedException: sleep interrupted
2019-10-17 21:15:48,964 [grpc-default-executor-6] INFO  impl.RoleInfo (RoleInfo.java:updateAndGet(143)) - 7c510082-4284-44ef-8cd9-bb38fb15579f: start FollowerState
2019-10-17 21:15:48,978 [d2424f4d-20d2-4104-abcc-02e6288f3ffc@group-62509A8A5C15-LeaderElection153] INFO  impl.LeaderElection (LeaderElection.java:logAndReturn(56)) - d2424f4d-20d2-4104-abcc-02e6288f3ffc@group-62509A8A5C15-LeaderElection153: Election REJECTED; received 2 response(s) [d2424f4d-20d2-4104-abcc-02e6288f3ffc<-3909bd6a-278d-4911-9d70-32680c972d02#0:FAIL-t161, d2424f4d-20d2-4104-abcc-02e6288f3ffc<-7c510082-4284-44ef-8cd9-bb38fb15579f#0:FAIL-t161] and 0 exception(s); d2424f4d-20d2-4104-abcc-02e6288f3ffc@group-62509A8A5C15:t161, leader=null, voted=d2424f4d-20d2-4104-abcc-02e6288f3ffc, raftlog=d2424f4d-20d2-4104-abcc-02e6288f3ffc@group-62509A8A5C15-SegmentedRaftLog:OPENED:c-1,f-1,i0, conf=-1: [3909bd6a-278d-4911-9d70-32680c972d02:192.168.157.223:33343, d2424f4d-20d2-4104-abcc-02e6288f3ffc:192.168.157.223:39352, 7c510082-4284-44ef-8cd9-bb38fb15579f:192.168.157.223:33098], old=null
2019-10-17 21:15:48,978 [d2424f4d-20d2-4104-abcc-02e6288f3ffc@group-62509A8A5C15-LeaderElection153] INFO  impl.RaftServerImpl (RaftServerImpl.java:setRole(184)) - d2424f4d-20d2-4104-abcc-02e6288f3ffc@group-62509A8A5C15: changes role from CANDIDATE to FOLLOWER at term 161 for DISCOVERED_A_NEW_TERM
2019-10-17 21:15:48,978 [d2424f4d-20d2-4104-abcc-02e6288f3ffc@group-62509A8A5C15-LeaderElection153] INFO  impl.RoleInfo (RoleInfo.java:shutdownLeaderElection(134)) - d2424f4d-20d2-4104-abcc-02e6288f3ffc: shutdown LeaderElection
2019-10-17 21:15:48,978 [d2424f4d-20d2-4104-abcc-02e6288f3ffc@group-62509A8A5C15-LeaderElection153] INFO  impl.RoleInfo (RoleInfo.java:updateAndGet(143)) - d2424f4d-20d2-4104-abcc-02e6288f3ffc: start FollowerState
2019-10-17 21:15:49,064 [Thread-1228] INFO  impl.FollowerState (FollowerState.java:run(108)) - d2424f4d-20d2-4104-abcc-02e6288f3ffc@group-62509A8A5C15-FollowerState: change to CANDIDATE, lastRpcTime:85ms, electionTimeout:85ms
2019-10-17 21:15:49,064 [Thread-1228] INFO  impl.RoleInfo (RoleInfo.java:shutdownFollowerState(121)) - d2424f4d-20d2-4104-abcc-02e6288f3ffc: shutdown FollowerState
2019-10-17 21:15:49,064 [Thread-1228] INFO  impl.RaftServerImpl (RaftServerImpl.java:setRole(184)) - d2424f4d-20d2-4104-abcc-02e6288f3ffc@group-62509A8A5C15: changes role from  FOLLOWER to CANDIDATE at term 161 for changeToCandidate
2019-10-17 21:15:49,065 [Thread-1228] INFO  impl.RoleInfo (RoleInfo.java:updateAndGet(143)) - d2424f4d-20d2-4104-abcc-02e6288f3ffc: start LeaderElection
2019-10-17 21:15:49,079 [d2424f4d-20d2-4104-abcc-02e6288f3ffc@group-62509A8A5C15-LeaderElection154] INFO  impl.LeaderElection (LeaderElection.java:askForVotes(178)) - d2424f4d-20d2-4104-abcc-02e6288f3ffc@group-62509A8A5C15-LeaderElection154: begin an election at term 162 for -1: [3909bd6a-278d-4911-9d70-32680c972d02:192.168.157.223:33343, d2424f4d-20d2-4104-abcc-02e6288f3ffc:192.168.157.223:39352, 7c510082-4284-44ef-8cd9-bb38fb15579f:192.168.157.223:33098], old=null
2019-10-17 21:15:49,082 [grpc-default-executor-2] INFO  impl.RaftServerImpl (RaftServerImpl.java:setRole(184)) - 7c510082-4284-44ef-8cd9-bb38fb15579f@group-62509A8A5C15: changes role from  FOLLOWER to FOLLOWER at term 162 for recognizeCandidate:d2424f4d-20d2-4104-abcc-02e6288f3ffc
2019-10-17 21:15:49,083 [grpc-default-executor-2] INFO  impl.RoleInfo (RoleInfo.java:shutdownFollowerState(121)) - 7c510082-4284-44ef-8cd9-bb38fb15579f: shutdown FollowerState
2019-10-17 21:15:49,083 [grpc-default-executor-6] INFO  impl.RaftServerImpl (RaftServerImpl.java:setRole(184)) - 3909bd6a-278d-4911-9d70-32680c972d02@group-62509A8A5C15: changes role from  FOLLOWER to FOLLOWER at term 162 for recognizeCandidate:d2424f4d-20d2-4104-abcc-02e6288f3ffc
2019-10-17 21:15:49,083 [Thread-1227] INFO  impl.FollowerState (FollowerState.java:run(117)) - 7c510082-4284-44ef-8cd9-bb38fb15579f@group-62509A8A5C15-FollowerState was interrupted: java.lang.InterruptedException: sleep interrupted
2019-10-17 21:15:49,083 [grpc-default-executor-2] INFO  impl.RoleInfo (RoleInfo.java:updateAndGet(143)) - 7c510082-4284-44ef-8cd9-bb38fb15579f: start FollowerState
2019-10-17 21:15:49,083 [grpc-default-executor-6] INFO  impl.RoleInfo (RoleInfo.java:shutdownFollowerState(121)) - 3909bd6a-278d-4911-9d70-32680c972d02: shutdown FollowerState
2019-10-17 21:15:49,083 [grpc-default-executor-6] INFO  impl.RoleInfo (RoleInfo.java:updateAndGet(143)) - 3909bd6a-278d-4911-9d70-32680c972d02: start FollowerState
2019-10-17 21:15:49,084 [Thread-1226] INFO  impl.FollowerState (FollowerState.java:run(117)) - 3909bd6a-278d-4911-9d70-32680c972d02@group-62509A8A5C15-FollowerState was interrupted: java.lang.InterruptedException: sleep interrupted
2019-10-17 21:15:49,110 [d2424f4d-20d2-4104-abcc-02e6288f3ffc@group-62509A8A5C15-LeaderElection154] INFO  impl.LeaderElection (LeaderElection.java:logAndReturn(56)) - d2424f4d-20d2-4104-abcc-02e6288f3ffc@group-62509A8A5C15-LeaderElection154: Election TIMEOUT; received 0 response(s) [] and 0 exception(s); d2424f4d-20d2-4104-abcc-02e6288f3ffc@group-62509A8A5C15:t162, leader=null, voted=d2424f4d-20d2-4104-abcc-02e6288f3ffc, raftlog=d2424f4d-20d2-4104-abcc-02e6288f3ffc@group-62509A8A5C15-SegmentedRaftLog:OPENED:c-1,f-1,i0, conf=-1: [3909bd6a-278d-4911-9d70-32680c972d02:192.168.157.223:33343, d2424f4d-20d2-4104-abcc-02e6288f3ffc:192.168.157.223:39352, 7c510082-4284-44ef-8cd9-bb38fb15579f:192.168.157.223:33098], old=null
2019-10-17 21:15:49,124 [d2424f4d-20d2-4104-abcc-02e6288f3ffc@group-62509A8A5C15-LeaderElection154] INFO  impl.LeaderElection (LeaderElection.java:askForVotes(178)) - d2424f4d-20d2-4104-abcc-02e6288f3ffc@group-62509A8A5C15-LeaderElection154: begin an election at term 163 for -1: [3909bd6a-278d-4911-9d70-32680c972d02:192.168.157.223:33343, d2424f4d-20d2-4104-abcc-02e6288f3ffc:192.168.157.223:39352, 7c510082-4284-44ef-8cd9-bb38fb15579f:192.168.157.223:33098], old=null
2019-10-17 21:15:49,127 [grpc-default-executor-2] INFO  impl.RaftServerImpl (RaftServerImpl.java:setRole(184)) - 7c510082-4284-44ef-8cd9-bb38fb15579f@group-62509A8A5C15: changes role from  FOLLOWER to FOLLOWER at term 163 for recognizeCandidate:d2424f4d-20d2-4104-abcc-02e6288f3ffc
2019-10-17 21:15:49,127 [grpc-default-executor-6] INFO  impl.RaftServerImpl (RaftServerImpl.java:setRole(184)) - 3909bd6a-278d-4911-9d70-32680c972d02@group-62509A8A5C15: changes role from  FOLLOWER to FOLLOWER at term 163 for recognizeCandidate:d2424f4d-20d2-4104-abcc-02e6288f3ffc
2019-10-17 21:15:49,127 [grpc-default-executor-2] INFO  impl.RoleInfo (RoleInfo.java:shutdownFollowerState(121)) - 7c510082-4284-44ef-8cd9-bb38fb15579f: shutdown FollowerState
2019-10-17 21:15:49,128 [grpc-default-executor-6] INFO  impl.RoleInfo (RoleInfo.java:shutdownFollowerState(121)) - 3909bd6a-278d-4911-9d70-32680c972d02: shutdown FollowerState
2019-10-17 21:15:49,128 [Thread-1232] INFO  impl.FollowerState (FollowerState.java:run(117)) - 7c510082-4284-44ef-8cd9-bb38fb15579f@group-62509A8A5C15-FollowerState was interrupted: java.lang.InterruptedException: sleep interrupted
2019-10-17 21:15:49,128 [grpc-default-executor-2] INFO  impl.RoleInfo (RoleInfo.java:updateAndGet(143)) - 7c510082-4284-44ef-8cd9-bb38fb15579f: start FollowerState
2019-10-17 21:15:49,128 [grpc-default-executor-6] INFO  impl.RoleInfo (RoleInfo.java:updateAndGet(143)) - 3909bd6a-278d-4911-9d70-32680c972d02: start FollowerState
2019-10-17 21:15:49,128 [Thread-1233] INFO  impl.FollowerState (FollowerState.java:run(117)) - 3909bd6a-278d-4911-9d70-32680c972d02@group-62509A8A5C15-FollowerState was interrupted: java.lang.InterruptedException: sleep interrupted
2019-10-17 21:15:49,155 [d2424f4d-20d2-4104-abcc-02e6288f3ffc@group-62509A8A5C15-LeaderElection154] INFO  impl.LeaderElection (LeaderElection.java:logAndReturn(56)) - d2424f4d-20d2-4104-abcc-02e6288f3ffc@group-62509A8A5C15-LeaderElection154: Election REJECTED; received 2 response(s) [d2424f4d-20d2-4104-abcc-02e6288f3ffc<-3909bd6a-278d-4911-9d70-32680c972d02#0:FAIL-t163, d2424f4d-20d2-4104-abcc-02e6288f3ffc<-7c510082-4284-44ef-8cd9-bb38fb15579f#0:FAIL-t163] and 0 exception(s); d2424f4d-20d2-4104-abcc-02e6288f3ffc@group-62509A8A5C15:t163, leader=null, voted=d2424f4d-20d2-4104-abcc-02e6288f3ffc, raftlog=d2424f4d-20d2-4104-abcc-02e6288f3ffc@group-62509A8A5C15-SegmentedRaftLog:OPENED:c-1,f-1,i0, conf=-1: [3909bd6a-278d-4911-9d70-32680c972d02:192.168.157.223:33343, d2424f4d-20d2-4104-abcc-02e6288f3ffc:192.168.157.223:39352, 7c510082-4284-44ef-8cd9-bb38fb15579f:192.168.157.223:33098], old=null
2019-10-17 21:15:49,155 [d2424f4d-20d2-4104-abcc-02e6288f3ffc@group-62509A8A5C15-LeaderElection154] INFO  impl.RaftServerImpl (RaftServerImpl.java:setRole(184)) - d2424f4d-20d2-4104-abcc-02e6288f3ffc@group-62509A8A5C15: changes role from CANDIDATE to FOLLOWER at term 163 for DISCOVERED_A_NEW_TERM
2019-10-17 21:15:49,155 [d2424f4d-20d2-4104-abcc-02e6288f3ffc@group-62509A8A5C15-LeaderElection154] INFO  impl.RoleInfo (RoleInfo.java:shutdownLeaderElection(134)) - d2424f4d-20d2-4104-abcc-02e6288f3ffc: shutdown LeaderElection
2019-10-17 21:15:49,156 [d2424f4d-20d2-4104-abcc-02e6288f3ffc@group-62509A8A5C15-LeaderElection154] INFO  impl.RoleInfo (RoleInfo.java:updateAndGet(143)) - d2424f4d-20d2-4104-abcc-02e6288f3ffc: start FollowerState
2019-10-17 21:15:49,249 [Thread-1238] INFO  impl.FollowerState (FollowerState.java:run(108)) - d2424f4d-20d2-4104-abcc-02e6288f3ffc@group-62509A8A5C15-FollowerState: change to CANDIDATE, lastRpcTime:93ms, electionTimeout:93ms
2019-10-17 21:15:49,249 [Thread-1238] INFO  impl.RoleInfo (RoleInfo.java:shutdownFollowerState(121)) - d2424f4d-20d2-4104-abcc-02e6288f3ffc: shutdown FollowerState
2019-10-17 21:15:49,249 [Thread-1238] INFO  impl.RaftServerImpl (RaftServerImpl.java:setRole(184)) - d2424f4d-20d2-4104-abcc-02e6288f3ffc@group-62509A8A5C15: changes role from  FOLLOWER to CANDIDATE at term 163 for changeToCandidate
2019-10-17 21:15:49,250 [Thread-1238] INFO  impl.RoleInfo (RoleInfo.java:updateAndGet(143)) - d2424f4d-20d2-4104-abcc-02e6288f3ffc: start LeaderElection
2019-10-17 21:15:49,276 [d2424f4d-20d2-4104-abcc-02e6288f3ffc@group-62509A8A5C15-LeaderElection155] INFO  impl.LeaderElection (LeaderElection.java:askForVotes(178)) - d2424f4d-20d2-4104-abcc-02e6288f3ffc@group-62509A8A5C15-LeaderElection155: begin an election at term 164 for -1: [3909bd6a-278d-4911-9d70-32680c972d02:192.168.157.223:33343, d2424f4d-20d2-4104-abcc-02e6288f3ffc:192.168.157.223:39352, 7c510082-4284-44ef-8cd9-bb38fb15579f:192.168.157.223:33098], old=null
2019-10-17 21:15:49,281 [grpc-default-executor-6] INFO  impl.RaftServerImpl (RaftServerImpl.java:setRole(184)) - 3909bd6a-278d-4911-9d70-32680c972d02@group-62509A8A5C15: changes role from  FOLLOWER to FOLLOWER at term 164 for recognizeCandidate:d2424f4d-20d2-4104-abcc-02e6288f3ffc
2019-10-17 21:15:49,281 [grpc-default-executor-2] INFO  impl.RaftServerImpl (RaftServerImpl.java:setRole(184)) - 7c510082-4284-44ef-8cd9-bb38fb15579f@group-62509A8A5C15: changes role from  FOLLOWER to FOLLOWER at term 164 for recognizeCandidate:d2424f4d-20d2-4104-abcc-02e6288f3ffc
2019-10-17 21:15:49,281 [grpc-default-executor-6] INFO  impl.RoleInfo (RoleInfo.java:shutdownFollowerState(121)) - 3909bd6a-278d-4911-9d70-32680c972d02: shutdown FollowerState
2019-10-17 21:15:49,281 [grpc-default-executor-2] INFO  impl.RoleInfo (RoleInfo.java:shutdownFollowerState(121)) - 7c510082-4284-44ef-8cd9-bb38fb15579f: shutdown FollowerState
2019-10-17 21:15:49,282 [Thread-1237] INFO  impl.FollowerState (FollowerState.java:run(117)) - 3909bd6a-278d-4911-9d70-32680c972d02@group-62509A8A5C15-FollowerState was interrupted: java.lang.InterruptedException: sleep interrupted
2019-10-17 21:15:49,281 [grpc-default-executor-6] INFO  impl.RoleInfo (RoleInfo.java:updateAndGet(143)) - 3909bd6a-278d-4911-9d70-32680c972d02: start FollowerState
2019-10-17 21:15:49,282 [Thread-1236] INFO  impl.FollowerState (FollowerState.java:run(117)) - 7c510082-4284-44ef-8cd9-bb38fb15579f@group-62509A8A5C15-FollowerState was interrupted: java.lang.InterruptedException: sleep interrupted
2019-10-17 21:15:49,282 [grpc-default-executor-2] INFO  impl.RoleInfo (RoleInfo.java:updateAndGet(143)) - 7c510082-4284-44ef-8cd9-bb38fb15579f: start FollowerState
2019-10-17 21:15:49,309 [d2424f4d-20d2-4104-abcc-02e6288f3ffc@group-62509A8A5C15-LeaderElection155] INFO  impl.LeaderElection (LeaderElection.java:logAndReturn(56)) - d2424f4d-20d2-4104-abcc-02e6288f3ffc@group-62509A8A5C15-LeaderElection155: Election REJECTED; received 2 response(s) [d2424f4d-20d2-4104-abcc-02e6288f3ffc<-3909bd6a-278d-4911-9d70-32680c972d02#0:FAIL-t164, d2424f4d-20d2-4104-abcc-02e6288f3ffc<-7c510082-4284-44ef-8cd9-bb38fb15579f#0:FAIL-t164] and 0 exception(s); d2424f4d-20d2-4104-abcc-02e6288f3ffc@group-62509A8A5C15:t164, leader=null, voted=d2424f4d-20d2-4104-abcc-02e6288f3ffc, raftlog=d2424f4d-20d2-4104-abcc-02e6288f3ffc@group-62509A8A5C15-SegmentedRaftLog:OPENED:c-1,f-1,i0, conf=-1: [3909bd6a-278d-4911-9d70-32680c972d02:192.168.157.223:33343, d2424f4d-20d2-4104-abcc-02e6288f3ffc:192.168.157.223:39352, 7c510082-4284-44ef-8cd9-bb38fb15579f:192.168.157.223:33098], old=null
2019-10-17 21:15:49,309 [d2424f4d-20d2-4104-abcc-02e6288f3ffc@group-62509A8A5C15-LeaderElection155] INFO  impl.RaftServerImpl (RaftServerImpl.java:setRole(184)) - d2424f4d-20d2-4104-abcc-02e6288f3ffc@group-62509A8A5C15: changes role from CANDIDATE to FOLLOWER at term 164 for DISCOVERED_A_NEW_TERM
2019-10-17 21:15:49,309 [d2424f4d-20d2-4104-abcc-02e6288f3ffc@group-62509A8A5C15-LeaderElection155] INFO  impl.RoleInfo (RoleInfo.java:shutdownLeaderElection(134)) - d2424f4d-20d2-4104-abcc-02e6288f3ffc: shutdown LeaderElection
2019-10-17 21:15:49,309 [d2424f4d-20d2-4104-abcc-02e6288f3ffc@group-62509A8A5C15-LeaderElection155] INFO  impl.RoleInfo (RoleInfo.java:updateAndGet(143)) - d2424f4d-20d2-4104-abcc-02e6288f3ffc: start FollowerState
2019-10-17 21:15:49,452 [Thread-1244] INFO  impl.FollowerState (FollowerState.java:run(108)) - d2424f4d-20d2-4104-abcc-02e6288f3ffc@group-62509A8A5C15-FollowerState: change to CANDIDATE, lastRpcTime:142ms, electionTimeout:142ms
2019-10-17 21:15:49,452 [Thread-1244] INFO  impl.RoleInfo (RoleInfo.java:shutdownFollowerState(121)) - d2424f4d-20d2-4104-abcc-02e6288f3ffc: shutdown FollowerState
2019-10-17 21:15:49,452 [Thread-1244] INFO  impl.RaftServerImpl (RaftServerImpl.java:setRole(184)) - d2424f4d-20d2-4104-abcc-02e6288f3ffc@group-62509A8A5C15: changes role from  FOLLOWER to CANDIDATE at term 164 for changeToCandidate
2019-10-17 21:15:49,456 [Thread-1244] INFO  impl.RoleInfo (RoleInfo.java:updateAndGet(143)) - d2424f4d-20d2-4104-abcc-02e6288f3ffc: start LeaderElection
2019-10-17 21:15:49,470 [d2424f4d-20d2-4104-abcc-02e6288f3ffc@group-62509A8A5C15-LeaderElection156] INFO  impl.LeaderElection (LeaderElection.java:askForVotes(178)) - d2424f4d-20d2-4104-abcc-02e6288f3ffc@group-62509A8A5C15-LeaderElection156: begin an election at term 165 for -1: [3909bd6a-278d-4911-9d70-32680c972d02:192.168.157.223:33343, d2424f4d-20d2-4104-abcc-02e6288f3ffc:192.168.157.223:39352, 7c510082-4284-44ef-8cd9-bb38fb15579f:192.168.157.223:33098], old=null
2019-10-17 21:15:49,473 [grpc-default-executor-6] INFO  impl.RaftServerImpl (RaftServerImpl.java:setRole(184)) - 3909bd6a-278d-4911-9d70-32680c972d02@group-62509A8A5C15: changes role from  FOLLOWER to FOLLOWER at term 165 for recognizeCandidate:d2424f4d-20d2-4104-abcc-02e6288f3ffc
2019-10-17 21:15:49,473 [grpc-default-executor-6] INFO  impl.RoleInfo (RoleInfo.java:shutdownFollowerState(121)) - 3909bd6a-278d-4911-9d70-32680c972d02: shutdown FollowerState
2019-10-17 21:15:49,476 [grpc-default-executor-6] INFO  impl.RoleInfo (RoleInfo.java:updateAndGet(143)) - 3909bd6a-278d-4911-9d70-32680c972d02: start FollowerState
2019-10-17 21:15:49,476 [Thread-1242] INFO  impl.FollowerState (FollowerState.java:run(117)) - 3909bd6a-278d-4911-9d70-32680c972d02@group-62509A8A5C15-FollowerState was interrupted: java.lang.InterruptedException: sleep interrupted
2019-10-17 21:15:49,478 [grpc-default-executor-2] INFO  impl.RaftServerImpl (RaftServerImpl.java:setRole(184)) - 7c510082-4284-44ef-8cd9-bb38fb15579f@group-62509A8A5C15: changes role from  FOLLOWER to FOLLOWER at term 165 for recognizeCandidate:d2424f4d-20d2-4104-abcc-02e6288f3ffc
2019-10-17 21:15:49,478 [grpc-default-executor-2] INFO  impl.RoleInfo (RoleInfo.java:shutdownFollowerState(121)) - 7c510082-4284-44ef-8cd9-bb38fb15579f: shutdown FollowerState
2019-10-17 21:15:49,483 [grpc-default-executor-2] INFO  impl.RoleInfo (RoleInfo.java:updateAndGet(143)) - 7c510082-4284-44ef-8cd9-bb38fb15579f: start FollowerState
2019-10-17 21:15:49,483 [Thread-1243] INFO  impl.FollowerState (FollowerState.java:run(117)) - 7c510082-4284-44ef-8cd9-bb38fb15579f@group-62509A8A5C15-FollowerState was interrupted: java.lang.InterruptedException: sleep interrupted
2019-10-17 21:15:49,490 [d2424f4d-20d2-4104-abcc-02e6288f3ffc@group-62509A8A5C15-LeaderElection156] INFO  impl.LeaderElection (LeaderElection.java:logAndReturn(56)) - d2424f4d-20d2-4104-abcc-02e6288f3ffc@group-62509A8A5C15-LeaderElection156: Election REJECTED; received 2 response(s) [d2424f4d-20d2-4104-abcc-02e6288f3ffc<-3909bd6a-278d-4911-9d70-32680c972d02#0:FAIL-t165, d2424f4d-20d2-4104-abcc-02e6288f3ffc<-7c510082-4284-44ef-8cd9-bb38fb15579f#0:FAIL-t165] and 0 exception(s); d2424f4d-20d2-4104-abcc-02e6288f3ffc@group-62509A8A5C15:t165, leader=null, voted=d2424f4d-20d2-4104-abcc-02e6288f3ffc, raftlog=d2424f4d-20d2-4104-abcc-02e6288f3ffc@group-62509A8A5C15-SegmentedRaftLog:OPENED:c-1,f-1,i0, conf=-1: [3909bd6a-278d-4911-9d70-32680c972d02:192.168.157.223:33343, d2424f4d-20d2-4104-abcc-02e6288f3ffc:192.168.157.223:39352, 7c510082-4284-44ef-8cd9-bb38fb15579f:192.168.157.223:33098], old=null
2019-10-17 21:15:49,490 [d2424f4d-20d2-4104-abcc-02e6288f3ffc@group-62509A8A5C15-LeaderElection156] INFO  impl.RaftServerImpl (RaftServerImpl.java:setRole(184)) - d2424f4d-20d2-4104-abcc-02e6288f3ffc@group-62509A8A5C15: changes role from CANDIDATE to FOLLOWER at term 165 for DISCOVERED_A_NEW_TERM
2019-10-17 21:15:49,490 [d2424f4d-20d2-4104-abcc-02e6288f3ffc@group-62509A8A5C15-LeaderElection156] INFO  impl.RoleInfo (RoleInfo.java:shutdownLeaderElection(134)) - d2424f4d-20d2-4104-abcc-02e6288f3ffc: shutdown LeaderElection
2019-10-17 21:15:49,491 [d2424f4d-20d2-4104-abcc-02e6288f3ffc@group-62509A8A5C15-LeaderElection156] INFO  impl.RoleInfo (RoleInfo.java:updateAndGet(143)) - d2424f4d-20d2-4104-abcc-02e6288f3ffc: start FollowerState
2019-10-17 21:15:49,579 [Thread-1250] INFO  impl.FollowerState (FollowerState.java:run(108)) - d2424f4d-20d2-4104-abcc-02e6288f3ffc@group-62509A8A5C15-FollowerState: change to CANDIDATE, lastRpcTime:88ms, electionTimeout:88ms
2019-10-17 21:15:49,579 [Thread-1250] INFO  impl.RoleInfo (RoleInfo.java:shutdownFollowerState(121)) - d2424f4d-20d2-4104-abcc-02e6288f3ffc: shutdown FollowerState
2019-10-17 21:15:49,579 [Thread-1250] INFO  impl.RaftServerImpl (RaftServerImpl.java:setRole(184)) - d2424f4d-20d2-4104-abcc-02e6288f3ffc@group-62509A8A5C15: changes role from  FOLLOWER to CANDIDATE at term 165 for changeToCandidate
2019-10-17 21:15:49,580 [Thread-1250] INFO  impl.RoleInfo (RoleInfo.java:updateAndGet(143)) - d2424f4d-20d2-4104-abcc-02e6288f3ffc: start LeaderElection
2019-10-17 21:15:49,594 [d2424f4d-20d2-4104-abcc-02e6288f3ffc@group-62509A8A5C15-LeaderElection157] INFO  impl.LeaderElection (LeaderElection.java:askForVotes(178)) - d2424f4d-20d2-4104-abcc-02e6288f3ffc@group-62509A8A5C15-LeaderElection157: begin an election at term 166 for -1: [3909bd6a-278d-4911-9d70-32680c972d02:192.168.157.223:33343, d2424f4d-20d2-4104-abcc-02e6288f3ffc:192.168.157.223:39352, 7c510082-4284-44ef-8cd9-bb38fb15579f:192.168.157.223:33098], old=null
2019-10-17 21:15:49,597 [grpc-default-executor-2] INFO  impl.RaftServerImpl (RaftServerImpl.java:setRole(184)) - 3909bd6a-278d-4911-9d70-32680c972d02@group-62509A8A5C15: changes role from  FOLLOWER to FOLLOWER at term 166 for recognizeCandidate:d2424f4d-20d2-4104-abcc-02e6288f3ffc
2019-10-17 21:15:49,597 [grpc-default-executor-6] INFO  impl.RaftServerImpl (RaftServerImpl.java:setRole(184)) - 7c510082-4284-44ef-8cd9-bb38fb15579f@group-62509A8A5C15: changes role from  FOLLOWER to FOLLOWER at term 166 for recognizeCandidate:d2424f4d-20d2-4104-abcc-02e6288f3ffc
2019-10-17 21:15:49,598 [grpc-default-executor-2] INFO  impl.RoleInfo (RoleInfo.java:shutdownFollowerState(121)) - 3909bd6a-278d-4911-9d70-32680c972d02: shutdown FollowerState
2019-10-17 21:15:49,598 [grpc-default-executor-6] INFO  impl.RoleInfo (RoleInfo.java:shutdownFollowerState(121)) - 7c510082-4284-44ef-8cd9-bb38fb15579f: shutdown FollowerState
2019-10-17 21:15:49,598 [Thread-1248] INFO  impl.FollowerState (FollowerState.java:run(117)) - 3909bd6a-278d-4911-9d70-32680c972d02@group-62509A8A5C15-FollowerState was interrupted: java.lang.InterruptedException: sleep interrupted
2019-10-17 21:15:49,598 [grpc-default-executor-2] INFO  impl.RoleInfo (RoleInfo.java:updateAndGet(143)) - 3909bd6a-278d-4911-9d70-32680c972d02: start FollowerState
2019-10-17 21:15:49,598 [Thread-1249] INFO  impl.FollowerState (FollowerState.java:run(117)) - 7c510082-4284-44ef-8cd9-bb38fb15579f@group-62509A8A5C15-FollowerState was interrupted: java.lang.InterruptedException: sleep interrupted
2019-10-17 21:15:49,598 [grpc-default-executor-6] INFO  impl.RoleInfo (RoleInfo.java:updateAndGet(143)) - 7c510082-4284-44ef-8cd9-bb38fb15579f: start FollowerState
2019-10-17 21:15:49,625 [d2424f4d-20d2-4104-abcc-02e6288f3ffc@group-62509A8A5C15-LeaderElection157] INFO  impl.LeaderElection (LeaderElection.java:logAndReturn(56)) - d2424f4d-20d2-4104-abcc-02e6288f3ffc@group-62509A8A5C15-LeaderElection157: Election REJECTED; received 2 response(s) [d2424f4d-20d2-4104-abcc-02e6288f3ffc<-3909bd6a-278d-4911-9d70-32680c972d02#0:FAIL-t166, d2424f4d-20d2-4104-abcc-02e6288f3ffc<-7c510082-4284-44ef-8cd9-bb38fb15579f#0:FAIL-t166] and 0 exception(s); d2424f4d-20d2-4104-abcc-02e6288f3ffc@group-62509A8A5C15:t166, leader=null, voted=d2424f4d-20d2-4104-abcc-02e6288f3ffc, raftlog=d2424f4d-20d2-4104-abcc-02e6288f3ffc@group-62509A8A5C15-SegmentedRaftLog:OPENED:c-1,f-1,i0, conf=-1: [3909bd6a-278d-4911-9d70-32680c972d02:192.168.157.223:33343, d2424f4d-20d2-4104-abcc-02e6288f3ffc:192.168.157.223:39352, 7c510082-4284-44ef-8cd9-bb38fb15579f:192.168.157.223:33098], old=null
2019-10-17 21:15:49,626 [d2424f4d-20d2-4104-abcc-02e6288f3ffc@group-62509A8A5C15-LeaderElection157] INFO  impl.RaftServerImpl (RaftServerImpl.java:setRole(184)) - d2424f4d-20d2-4104-abcc-02e6288f3ffc@group-62509A8A5C15: changes role from CANDIDATE to FOLLOWER at term 166 for DISCOVERED_A_NEW_TERM
2019-10-17 21:15:49,626 [d2424f4d-20d2-4104-abcc-02e6288f3ffc@group-62509A8A5C15-LeaderElection157] INFO  impl.RoleInfo (RoleInfo.java:shutdownLeaderElection(134)) - d2424f4d-20d2-4104-abcc-02e6288f3ffc: shutdown LeaderElection
2019-10-17 21:15:49,626 [d2424f4d-20d2-4104-abcc-02e6288f3ffc@group-62509A8A5C15-LeaderElection157] INFO  impl.RoleInfo (RoleInfo.java:updateAndGet(143)) - d2424f4d-20d2-4104-abcc-02e6288f3ffc: start FollowerState
2019-10-17 21:15:49,704 [Thread-1256] INFO  impl.FollowerState (FollowerState.java:run(108)) - d2424f4d-20d2-4104-abcc-02e6288f3ffc@group-62509A8A5C15-FollowerState: change to CANDIDATE, lastRpcTime:77ms, electionTimeout:77ms
2019-10-17 21:15:49,704 [Thread-1256] INFO  impl.RoleInfo (RoleInfo.java:shutdownFollowerState(121)) - d2424f4d-20d2-4104-abcc-02e6288f3ffc: shutdown FollowerState
2019-10-17 21:15:49,704 [Thread-1256] INFO  impl.RaftServerImpl (RaftServerImpl.java:setRole(184)) - d2424f4d-20d2-4104-abcc-02e6288f3ffc@group-62509A8A5C15: changes role from  FOLLOWER to CANDIDATE at term 166 for changeToCandidate
2019-10-17 21:15:49,704 [Thread-1256] INFO  impl.RoleInfo (RoleInfo.java:updateAndGet(143)) - d2424f4d-20d2-4104-abcc-02e6288f3ffc: start LeaderElection
2019-10-17 21:15:49,718 [d2424f4d-20d2-4104-abcc-02e6288f3ffc@group-62509A8A5C15-LeaderElection158] INFO  impl.LeaderElection (LeaderElection.java:askForVotes(178)) - d2424f4d-20d2-4104-abcc-02e6288f3ffc@group-62509A8A5C15-LeaderElection158: begin an election at term 167 for -1: [3909bd6a-278d-4911-9d70-32680c972d02:192.168.157.223:33343, d2424f4d-20d2-4104-abcc-02e6288f3ffc:192.168.157.223:39352, 7c510082-4284-44ef-8cd9-bb38fb15579f:192.168.157.223:33098], old=null
2019-10-17 21:15:49,721 [grpc-default-executor-2] INFO  impl.RaftServerImpl (RaftServerImpl.java:setRole(184)) - 7c510082-4284-44ef-8cd9-bb38fb15579f@group-62509A8A5C15: changes role from  FOLLOWER to FOLLOWER at term 167 for recognizeCandidate:d2424f4d-20d2-4104-abcc-02e6288f3ffc
2019-10-17 21:15:49,721 [grpc-default-executor-6] INFO  impl.RaftServerImpl (RaftServerImpl.java:setRole(184)) - 3909bd6a-278d-4911-9d70-32680c972d02@group-62509A8A5C15: changes role from  FOLLOWER to FOLLOWER at term 167 for recognizeCandidate:d2424f4d-20d2-4104-abcc-02e6288f3ffc
2019-10-17 21:15:49,721 [grpc-default-executor-2] INFO  impl.RoleInfo (RoleInfo.java:shutdownFollowerState(121)) - 7c510082-4284-44ef-8cd9-bb38fb15579f: shutdown FollowerState
2019-10-17 21:15:49,721 [grpc-default-executor-6] INFO  impl.RoleInfo (RoleInfo.java:shutdownFollowerState(121)) - 3909bd6a-278d-4911-9d70-32680c972d02: shutdown FollowerState
2019-10-17 21:15:49,722 [Thread-1255] INFO  impl.FollowerState (FollowerState.java:run(117)) - 7c510082-4284-44ef-8cd9-bb38fb15579f@group-62509A8A5C15-FollowerState was interrupted: java.lang.InterruptedException: sleep interrupted
2019-10-17 21:15:49,722 [grpc-default-executor-2] INFO  impl.RoleInfo (RoleInfo.java:updateAndGet(143)) - 7c510082-4284-44ef-8cd9-bb38fb15579f: start FollowerState
2019-10-17 21:15:49,722 [Thread-1254] INFO  impl.FollowerState (FollowerState.java:run(117)) - 3909bd6a-278d-4911-9d70-32680c972d02@group-62509A8A5C15-FollowerState was interrupted: java.lang.InterruptedException: sleep interrupted
2019-10-17 21:15:49,722 [grpc-default-executor-6] INFO  impl.RoleInfo (RoleInfo.java:updateAndGet(143)) - 3909bd6a-278d-4911-9d70-32680c972d02: start FollowerState
2019-10-17 21:15:49,737 [d2424f4d-20d2-4104-abcc-02e6288f3ffc@group-62509A8A5C15-LeaderElection158] INFO  impl.LeaderElection (LeaderElection.java:logAndReturn(56)) - d2424f4d-20d2-4104-abcc-02e6288f3ffc@group-62509A8A5C15-LeaderElection158: Election REJECTED; received 2 response(s) [d2424f4d-20d2-4104-abcc-02e6288f3ffc<-3909bd6a-278d-4911-9d70-32680c972d02#0:FAIL-t167, d2424f4d-20d2-4104-abcc-02e6288f3ffc<-7c510082-4284-44ef-8cd9-bb38fb15579f#0:FAIL-t167] and 0 exception(s); d2424f4d-20d2-4104-abcc-02e6288f3ffc@group-62509A8A5C15:t167, leader=null, voted=d2424f4d-20d2-4104-abcc-02e6288f3ffc, raftlog=d2424f4d-20d2-4104-abcc-02e6288f3ffc@group-62509A8A5C15-SegmentedRaftLog:OPENED:c-1,f-1,i0, conf=-1: [3909bd6a-278d-4911-9d70-32680c972d02:192.168.157.223:33343, d2424f4d-20d2-4104-abcc-02e6288f3ffc:192.168.157.223:39352, 7c510082-4284-44ef-8cd9-bb38fb15579f:192.168.157.223:33098], old=null
2019-10-17 21:15:49,737 [d2424f4d-20d2-4104-abcc-02e6288f3ffc@group-62509A8A5C15-LeaderElection158] INFO  impl.RaftServerImpl (RaftServerImpl.java:setRole(184)) - d2424f4d-20d2-4104-abcc-02e6288f3ffc@group-62509A8A5C15: changes role from CANDIDATE to FOLLOWER at term 167 for DISCOVERED_A_NEW_TERM
2019-10-17 21:15:49,737 [d2424f4d-20d2-4104-abcc-02e6288f3ffc@group-62509A8A5C15-LeaderElection158] INFO  impl.RoleInfo (RoleInfo.java:shutdownLeaderElection(134)) - d2424f4d-20d2-4104-abcc-02e6288f3ffc: shutdown LeaderElection
2019-10-17 21:15:49,738 [d2424f4d-20d2-4104-abcc-02e6288f3ffc@group-62509A8A5C15-LeaderElection158] INFO  impl.RoleInfo (RoleInfo.java:updateAndGet(143)) - d2424f4d-20d2-4104-abcc-02e6288f3ffc: start FollowerState
2019-10-17 21:15:49,745 [Thread-1262] INFO  impl.FollowerState (FollowerState.java:run(108)) - d2424f4d-20d2-4104-abcc-02e6288f3ffc@group-62509A8A5C15-FollowerState: change to CANDIDATE, lastRpcTime:7ms, electionTimeout:7ms
2019-10-17 21:15:49,745 [Thread-1262] INFO  impl.RoleInfo (RoleInfo.java:shutdownFollowerState(121)) - d2424f4d-20d2-4104-abcc-02e6288f3ffc: shutdown FollowerState
2019-10-17 21:15:49,745 [Thread-1262] INFO  impl.RaftServerImpl (RaftServerImpl.java:setRole(184)) - d2424f4d-20d2-4104-abcc-02e6288f3ffc@group-62509A8A5C15: changes role from  FOLLOWER to CANDIDATE at term 167 for changeToCandidate
2019-10-17 21:15:49,745 [Thread-1262] INFO  impl.RoleInfo (RoleInfo.java:updateAndGet(143)) - d2424f4d-20d2-4104-abcc-02e6288f3ffc: start LeaderElection
2019-10-17 21:15:49,751 [d2424f4d-20d2-4104-abcc-02e6288f3ffc@group-62509A8A5C15-LeaderElection159] INFO  impl.LeaderElection (LeaderElection.java:askForVotes(178)) - d2424f4d-20d2-4104-abcc-02e6288f3ffc@group-62509A8A5C15-LeaderElection159: begin an election at term 168 for -1: [3909bd6a-278d-4911-9d70-32680c972d02:192.168.157.223:33343, d2424f4d-20d2-4104-abcc-02e6288f3ffc:192.168.157.223:39352, 7c510082-4284-44ef-8cd9-bb38fb15579f:192.168.157.223:33098], old=null
2019-10-17 21:15:49,754 [grpc-default-executor-6] INFO  impl.RaftServerImpl (RaftServerImpl.java:setRole(184)) - 3909bd6a-278d-4911-9d70-32680c972d02@group-62509A8A5C15: changes role from  FOLLOWER to FOLLOWER at term 168 for recognizeCandidate:d2424f4d-20d2-4104-abcc-02e6288f3ffc
2019-10-17 21:15:49,754 [grpc-default-executor-6] INFO  impl.RoleInfo (RoleInfo.java:shutdownFollowerState(121)) - 3909bd6a-278d-4911-9d70-32680c972d02: shutdown FollowerState
2019-10-17 21:15:49,754 [grpc-default-executor-6] INFO  impl.RoleInfo (RoleInfo.java:updateAndGet(143)) - 3909bd6a-278d-4911-9d70-32680c972d02: start FollowerState
2019-10-17 21:15:49,754 [Thread-1261] INFO  impl.FollowerState (FollowerState.java:run(117)) - 3909bd6a-278d-4911-9d70-32680c972d02@group-62509A8A5C15-FollowerState was interrupted: java.lang.InterruptedException: sleep interrupted
2019-10-17 21:15:49,754 [grpc-default-executor-2] INFO  impl.RaftServerImpl (RaftServerImpl.java:setRole(184)) - 7c510082-4284-44ef-8cd9-bb38fb15579f@group-62509A8A5C15: changes role from  FOLLOWER to FOLLOWER at term 168 for recognizeCandidate:d2424f4d-20d2-4104-abcc-02e6288f3ffc
2019-10-17 21:15:49,754 [grpc-default-executor-2] INFO  impl.RoleInfo (RoleInfo.java:shutdownFollowerState(121)) - 7c510082-4284-44ef-8cd9-bb38fb15579f: shutdown FollowerState
2019-10-17 21:15:49,755 [Thread-1260] INFO  impl.FollowerState (FollowerState.java:run(117)) - 7c510082-4284-44ef-8cd9-bb38fb15579f@group-62509A8A5C15-FollowerState was interrupted: java.lang.InterruptedException: sleep interrupted
2019-10-17 21:15:49,755 [grpc-default-executor-2] INFO  impl.RoleInfo (RoleInfo.java:updateAndGet(143)) - 7c510082-4284-44ef-8cd9-bb38fb15579f: start FollowerState
2019-10-17 21:15:49,768 [d2424f4d-20d2-4104-abcc-02e6288f3ffc@group-62509A8A5C15-LeaderElection159] INFO  impl.LeaderElection (LeaderElection.java:logAndReturn(56)) - d2424f4d-20d2-4104-abcc-02e6288f3ffc@group-62509A8A5C15-LeaderElection159: Election REJECTED; received 2 response(s) [d2424f4d-20d2-4104-abcc-02e6288f3ffc<-3909bd6a-278d-4911-9d70-32680c972d02#0:FAIL-t168, d2424f4d-20d2-4104-abcc-02e6288f3ffc<-7c510082-4284-44ef-8cd9-bb38fb15579f#0:FAIL-t168] and 0 exception(s); d2424f4d-20d2-4104-abcc-02e6288f3ffc@group-62509A8A5C15:t168, leader=null, voted=d2424f4d-20d2-4104-abcc-02e6288f3ffc, raftlog=d2424f4d-20d2-4104-abcc-02e6288f3ffc@group-62509A8A5C15-SegmentedRaftLog:OPENED:c-1,f-1,i0, conf=-1: [3909bd6a-278d-4911-9d70-32680c972d02:192.168.157.223:33343, d2424f4d-20d2-4104-abcc-02e6288f3ffc:192.168.157.223:39352, 7c510082-4284-44ef-8cd9-bb38fb15579f:192.168.157.223:33098], old=null
2019-10-17 21:15:49,769 [d2424f4d-20d2-4104-abcc-02e6288f3ffc@group-62509A8A5C15-LeaderElection159] INFO  impl.RaftServerImpl (RaftServerImpl.java:setRole(184)) - d2424f4d-20d2-4104-abcc-02e6288f3ffc@group-62509A8A5C15: changes role from CANDIDATE to FOLLOWER at term 168 for DISCOVERED_A_NEW_TERM
2019-10-17 21:15:49,769 [d2424f4d-20d2-4104-abcc-02e6288f3ffc@group-62509A8A5C15-LeaderElection159] INFO  impl.RoleInfo (RoleInfo.java:shutdownLeaderElection(134)) - d2424f4d-20d2-4104-abcc-02e6288f3ffc: shutdown LeaderElection
2019-10-17 21:15:49,769 [d2424f4d-20d2-4104-abcc-02e6288f3ffc@group-62509A8A5C15-LeaderElection159] INFO  impl.RoleInfo (RoleInfo.java:updateAndGet(143)) - d2424f4d-20d2-4104-abcc-02e6288f3ffc: start FollowerState
2019-10-17 21:15:49,851 [Thread-1268] INFO  impl.FollowerState (FollowerState.java:run(108)) - d2424f4d-20d2-4104-abcc-02e6288f3ffc@group-62509A8A5C15-FollowerState: change to CANDIDATE, lastRpcTime:82ms, electionTimeout:82ms
2019-10-17 21:15:49,852 [Thread-1268] INFO  impl.RoleInfo (RoleInfo.java:shutdownFollowerState(121)) - d2424f4d-20d2-4104-abcc-02e6288f3ffc: shutdown FollowerState
2019-10-17 21:15:49,852 [Thread-1268] INFO  impl.RaftServerImpl (RaftServerImpl.java:setRole(184)) - d2424f4d-20d2-4104-abcc-02e6288f3ffc@group-62509A8A5C15: changes role from  FOLLOWER to CANDIDATE at term 168 for changeToCandidate
2019-10-17 21:15:49,852 [Thread-1268] INFO  impl.RoleInfo (RoleInfo.java:updateAndGet(143)) - d2424f4d-20d2-4104-abcc-02e6288f3ffc: start LeaderElection
2019-10-17 21:15:49,877 [d2424f4d-20d2-4104-abcc-02e6288f3ffc@group-62509A8A5C15-LeaderElection160] INFO  impl.LeaderElection (LeaderElection.java:askForVotes(178)) - d2424f4d-20d2-4104-abcc-02e6288f3ffc@group-62509A8A5C15-LeaderElection160: begin an election at term 169 for -1: [3909bd6a-278d-4911-9d70-32680c972d02:192.168.157.223:33343, d2424f4d-20d2-4104-abcc-02e6288f3ffc:192.168.157.223:39352, 7c510082-4284-44ef-8cd9-bb38fb15579f:192.168.157.223:33098], old=null
2019-10-17 21:15:49,879 [grpc-default-executor-6] INFO  impl.RaftServerImpl (RaftServerImpl.java:setRole(184)) - 3909bd6a-278d-4911-9d70-32680c972d02@group-62509A8A5C15: changes role from  FOLLOWER to FOLLOWER at term 169 for recognizeCandidate:d2424f4d-20d2-4104-abcc-02e6288f3ffc
2019-10-17 21:15:49,879 [grpc-default-executor-6] INFO  impl.RoleInfo (RoleInfo.java:shutdownFollowerState(121)) - 3909bd6a-278d-4911-9d70-32680c972d02: shutdown FollowerState
2019-10-17 21:15:49,879 [grpc-default-executor-2] INFO  impl.RaftServerImpl (RaftServerImpl.java:setRole(184)) - 7c510082-4284-44ef-8cd9-bb38fb15579f@group-62509A8A5C15: changes role from  FOLLOWER to FOLLOWER at term 169 for recognizeCandidate:d2424f4d-20d2-4104-abcc-02e6288f3ffc
2019-10-17 21:15:49,879 [Thread-1266] INFO  impl.FollowerState (FollowerState.java:run(117)) - 3909bd6a-278d-4911-9d70-32680c972d02@group-62509A8A5C15-FollowerState was interrupted: java.lang.InterruptedException: sleep interrupted
2019-10-17 21:15:49,879 [grpc-default-executor-6] INFO  impl.RoleInfo (RoleInfo.java:updateAndGet(143)) - 3909bd6a-278d-4911-9d70-32680c972d02: start FollowerState
2019-10-17 21:15:49,879 [grpc-default-executor-2] INFO  impl.RoleInfo (RoleInfo.java:shutdownFollowerState(121)) - 7c510082-4284-44ef-8cd9-bb38fb15579f: shutdown FollowerState
2019-10-17 21:15:49,880 [grpc-default-executor-2] INFO  impl.RoleInfo (RoleInfo.java:updateAndGet(143)) - 7c510082-4284-44ef-8cd9-bb38fb15579f: start FollowerState
2019-10-17 21:15:49,880 [Thread-1267] INFO  impl.FollowerState (FollowerState.java:run(117)) - 7c510082-4284-44ef-8cd9-bb38fb15579f@group-62509A8A5C15-FollowerState was interrupted: java.lang.InterruptedException: sleep interrupted
2019-10-17 21:15:49,906 [d2424f4d-20d2-4104-abcc-02e6288f3ffc@group-62509A8A5C15-LeaderElection160] INFO  impl.LeaderElection (LeaderElection.java:logAndReturn(56)) - d2424f4d-20d2-4104-abcc-02e6288f3ffc@group-62509A8A5C15-LeaderElection160: Election REJECTED; received 2 response(s) [d2424f4d-20d2-4104-abcc-02e6288f3ffc<-3909bd6a-278d-4911-9d70-32680c972d02#0:FAIL-t169, d2424f4d-20d2-4104-abcc-02e6288f3ffc<-7c510082-4284-44ef-8cd9-bb38fb15579f#0:FAIL-t169] and 0 exception(s); d2424f4d-20d2-4104-abcc-02e6288f3ffc@group-62509A8A5C15:t169, leader=null, voted=d2424f4d-20d2-4104-abcc-02e6288f3ffc, raftlog=d2424f4d-20d2-4104-abcc-02e6288f3ffc@group-62509A8A5C15-SegmentedRaftLog:OPENED:c-1,f-1,i0, conf=-1: [3909bd6a-278d-4911-9d70-32680c972d02:192.168.157.223:33343, d2424f4d-20d2-4104-abcc-02e6288f3ffc:192.168.157.223:39352, 7c510082-4284-44ef-8cd9-bb38fb15579f:192.168.157.223:33098], old=null
2019-10-17 21:15:49,906 [d2424f4d-20d2-4104-abcc-02e6288f3ffc@group-62509A8A5C15-LeaderElection160] INFO  impl.RaftServerImpl (RaftServerImpl.java:setRole(184)) - d2424f4d-20d2-4104-abcc-02e6288f3ffc@group-62509A8A5C15: changes role from CANDIDATE to FOLLOWER at term 169 for DISCOVERED_A_NEW_TERM
2019-10-17 21:15:49,906 [d2424f4d-20d2-4104-abcc-02e6288f3ffc@group-62509A8A5C15-LeaderElection160] INFO  impl.RoleInfo (RoleInfo.java:shutdownLeaderElection(134)) - d2424f4d-20d2-4104-abcc-02e6288f3ffc: shutdown LeaderElection
2019-10-17 21:15:49,906 [d2424f4d-20d2-4104-abcc-02e6288f3ffc@group-62509A8A5C15-LeaderElection160] INFO  impl.RoleInfo (RoleInfo.java:updateAndGet(143)) - d2424f4d-20d2-4104-abcc-02e6288f3ffc: start FollowerState
2019-10-17 21:15:49,968 [Thread-1276] INFO  impl.FollowerState (FollowerState.java:run(108)) - d2424f4d-20d2-4104-abcc-02e6288f3ffc@group-62509A8A5C15-FollowerState: change to CANDIDATE, lastRpcTime:61ms, electionTimeout:61ms
2019-10-17 21:15:49,968 [Thread-1276] INFO  impl.RoleInfo (RoleInfo.java:shutdownFollowerState(121)) - d2424f4d-20d2-4104-abcc-02e6288f3ffc: shutdown FollowerState
2019-10-17 21:15:49,968 [Thread-1276] INFO  impl.RaftServerImpl (RaftServerImpl.java:setRole(184)) - d2424f4d-20d2-4104-abcc-02e6288f3ffc@group-62509A8A5C15: changes role from  FOLLOWER to CANDIDATE at term 169 for changeToCandidate
2019-10-17 21:15:49,968 [Thread-1276] INFO  impl.RoleInfo (RoleInfo.java:updateAndGet(143)) - d2424f4d-20d2-4104-abcc-02e6288f3ffc: start LeaderElection
2019-10-17 21:15:49,983 [d2424f4d-20d2-4104-abcc-02e6288f3ffc@group-62509A8A5C15-LeaderElection161] INFO  impl.LeaderElection (LeaderElection.java:askForVotes(178)) - d2424f4d-20d2-4104-abcc-02e6288f3ffc@group-62509A8A5C15-LeaderElection161: begin an election at term 170 for -1: [3909bd6a-278d-4911-9d70-32680c972d02:192.168.157.223:33343, d2424f4d-20d2-4104-abcc-02e6288f3ffc:192.168.157.223:39352, 7c510082-4284-44ef-8cd9-bb38fb15579f:192.168.157.223:33098], old=null
2019-10-17 21:15:49,985 [grpc-default-executor-6] INFO  impl.RaftServerImpl (RaftServerImpl.java:setRole(184)) - 3909bd6a-278d-4911-9d70-32680c972d02@group-62509A8A5C15: changes role from  FOLLOWER to FOLLOWER at term 170 for recognizeCandidate:d2424f4d-20d2-4104-abcc-02e6288f3ffc
2019-10-17 21:15:49,985 [grpc-default-executor-2] INFO  impl.RaftServerImpl (RaftServerImpl.java:setRole(184)) - 7c510082-4284-44ef-8cd9-bb38fb15579f@group-62509A8A5C15: changes role from  FOLLOWER to FOLLOWER at term 170 for recognizeCandidate:d2424f4d-20d2-4104-abcc-02e6288f3ffc
2019-10-17 21:15:49,985 [grpc-default-executor-6] INFO  impl.RoleInfo (RoleInfo.java:shutdownFollowerState(121)) - 3909bd6a-278d-4911-9d70-32680c972d02: shutdown FollowerState
2019-10-17 21:15:49,985 [grpc-default-executor-2] INFO  impl.RoleInfo (RoleInfo.java:shutdownFollowerState(121)) - 7c510082-4284-44ef-8cd9-bb38fb15579f: shutdown FollowerState
2019-10-17 21:15:49,985 [Thread-1274] INFO  impl.FollowerState (FollowerState.java:run(117)) - 3909bd6a-278d-4911-9d70-32680c972d02@group-62509A8A5C15-FollowerState was interrupted: java.lang.InterruptedException: sleep interrupted
2019-10-17 21:15:49,985 [grpc-default-executor-6] INFO  impl.RoleInfo (RoleInfo.java:updateAndGet(143)) - 3909bd6a-278d-4911-9d70-32680c972d02: start FollowerState
2019-10-17 21:15:49,986 [Thread-1275] INFO  impl.FollowerState (FollowerState.java:run(117)) - 7c510082-4284-44ef-8cd9-bb38fb15579f@group-62509A8A5C15-FollowerState was interrupted: java.lang.InterruptedException: sleep interrupted
2019-10-17 21:15:49,986 [grpc-default-executor-2] INFO  impl.RoleInfo (RoleInfo.java:updateAndGet(143)) - 7c510082-4284-44ef-8cd9-bb38fb15579f: start FollowerState
2019-10-17 21:15:50,014 [d2424f4d-20d2-4104-abcc-02e6288f3ffc@group-62509A8A5C15-LeaderElection161] INFO  impl.LeaderElection (LeaderElection.java:logAndReturn(56)) - d2424f4d-20d2-4104-abcc-02e6288f3ffc@group-62509A8A5C15-LeaderElection161: Election REJECTED; received 2 response(s) [d2424f4d-20d2-4104-abcc-02e6288f3ffc<-3909bd6a-278d-4911-9d70-32680c972d02#0:FAIL-t170, d2424f4d-20d2-4104-abcc-02e6288f3ffc<-7c510082-4284-44ef-8cd9-bb38fb15579f#0:FAIL-t170] and 0 exception(s); d2424f4d-20d2-4104-abcc-02e6288f3ffc@group-62509A8A5C15:t170, leader=null, voted=d2424f4d-20d2-4104-abcc-02e6288f3ffc, raftlog=d2424f4d-20d2-4104-abcc-02e6288f3ffc@group-62509A8A5C15-SegmentedRaftLog:OPENED:c-1,f-1,i0, conf=-1: [3909bd6a-278d-4911-9d70-32680c972d02:192.168.157.223:33343, d2424f4d-20d2-4104-abcc-02e6288f3ffc:192.168.157.223:39352, 7c510082-4284-44ef-8cd9-bb38fb15579f:192.168.157.223:33098], old=null
2019-10-17 21:15:50,015 [d2424f4d-20d2-4104-abcc-02e6288f3ffc@group-62509A8A5C15-LeaderElection161] INFO  impl.RaftServerImpl (RaftServerImpl.java:setRole(184)) - d2424f4d-20d2-4104-abcc-02e6288f3ffc@group-62509A8A5C15: changes role from CANDIDATE to FOLLOWER at term 170 for DISCOVERED_A_NEW_TERM
2019-10-17 21:15:50,015 [d2424f4d-20d2-4104-abcc-02e6288f3ffc@group-62509A8A5C15-LeaderElection161] INFO  impl.RoleInfo (RoleInfo.java:shutdownLeaderElection(134)) - d2424f4d-20d2-4104-abcc-02e6288f3ffc: shutdown LeaderElection
2019-10-17 21:15:50,015 [d2424f4d-20d2-4104-abcc-02e6288f3ffc@group-62509A8A5C15-LeaderElection161] INFO  impl.RoleInfo (RoleInfo.java:updateAndGet(143)) - d2424f4d-20d2-4104-abcc-02e6288f3ffc: start FollowerState
2019-10-17 21:15:50,024 [Thread-1282] INFO  impl.FollowerState (FollowerState.java:run(108)) - d2424f4d-20d2-4104-abcc-02e6288f3ffc@group-62509A8A5C15-FollowerState: change to CANDIDATE, lastRpcTime:9ms, electionTimeout:9ms
2019-10-17 21:15:50,024 [Thread-1282] INFO  impl.RoleInfo (RoleInfo.java:shutdownFollowerState(121)) - d2424f4d-20d2-4104-abcc-02e6288f3ffc: shutdown FollowerState
2019-10-17 21:15:50,025 [Thread-1282] INFO  impl.RaftServerImpl (RaftServerImpl.java:setRole(184)) - d2424f4d-20d2-4104-abcc-02e6288f3ffc@group-62509A8A5C15: changes role from  FOLLOWER to CANDIDATE at term 170 for changeToCandidate
2019-10-17 21:15:50,025 [Thread-1282] INFO  impl.RoleInfo (RoleInfo.java:updateAndGet(143)) - d2424f4d-20d2-4104-abcc-02e6288f3ffc: start LeaderElection
2019-10-17 21:15:50,050 [d2424f4d-20d2-4104-abcc-02e6288f3ffc@group-62509A8A5C15-LeaderElection162] INFO  impl.LeaderElection (LeaderElection.java:askForVotes(178)) - d2424f4d-20d2-4104-abcc-02e6288f3ffc@group-62509A8A5C15-LeaderElection162: begin an election at term 171 for -1: [3909bd6a-278d-4911-9d70-32680c972d02:192.168.157.223:33343, d2424f4d-20d2-4104-abcc-02e6288f3ffc:192.168.157.223:39352, 7c510082-4284-44ef-8cd9-bb38fb15579f:192.168.157.223:33098], old=null
2019-10-17 21:15:50,055 [grpc-default-executor-2] INFO  impl.RaftServerImpl (RaftServerImpl.java:setRole(184)) - 3909bd6a-278d-4911-9d70-32680c972d02@group-62509A8A5C15: changes role from  FOLLOWER to FOLLOWER at term 171 for recognizeCandidate:d2424f4d-20d2-4104-abcc-02e6288f3ffc
2019-10-17 21:15:50,055 [grpc-default-executor-6] INFO  impl.RaftServerImpl (RaftServerImpl.java:setRole(184)) - 7c510082-4284-44ef-8cd9-bb38fb15579f@group-62509A8A5C15: changes role from  FOLLOWER to FOLLOWER at term 171 for recognizeCandidate:d2424f4d-20d2-4104-abcc-02e6288f3ffc
2019-10-17 21:15:50,055 [grpc-default-executor-6] INFO  impl.RoleInfo (RoleInfo.java:shutdownFollowerState(121)) - 7c510082-4284-44ef-8cd9-bb38fb15579f: shutdown FollowerState
2019-10-17 21:15:50,055 [grpc-default-executor-2] INFO  impl.RoleInfo (RoleInfo.java:shutdownFollowerState(121)) - 3909bd6a-278d-4911-9d70-32680c972d02: shutdown FollowerState
2019-10-17 21:15:50,055 [Thread-1281] INFO  impl.FollowerState (FollowerState.java:run(117)) - 7c510082-4284-44ef-8cd9-bb38fb15579f@group-62509A8A5C15-FollowerState was interrupted: java.lang.InterruptedException: sleep interrupted
2019-10-17 21:15:50,055 [grpc-default-executor-6] INFO  impl.RoleInfo (RoleInfo.java:updateAndGet(143)) - 7c510082-4284-44ef-8cd9-bb38fb15579f: start FollowerState
2019-10-17 21:15:50,056 [grpc-default-executor-2] INFO  impl.RoleInfo (RoleInfo.java:updateAndGet(143)) - 3909bd6a-278d-4911-9d70-32680c972d02: start FollowerState
2019-10-17 21:15:50,056 [Thread-1280] INFO  impl.FollowerState (FollowerState.java:run(117)) - 3909bd6a-278d-4911-9d70-32680c972d02@group-62509A8A5C15-FollowerState was interrupted: java.lang.InterruptedException: sleep interrupted
2019-10-17 21:15:50,082 [d2424f4d-20d2-4104-abcc-02e6288f3ffc@group-62509A8A5C15-LeaderElection162] INFO  impl.LeaderElection (LeaderElection.java:logAndReturn(56)) - d2424f4d-20d2-4104-abcc-02e6288f3ffc@group-62509A8A5C15-LeaderElection162: Election REJECTED; received 2 response(s) [d2424f4d-20d2-4104-abcc-02e6288f3ffc<-3909bd6a-278d-4911-9d70-32680c972d02#0:FAIL-t171, d2424f4d-20d2-4104-abcc-02e6288f3ffc<-7c510082-4284-44ef-8cd9-bb38fb15579f#0:FAIL-t171] and 0 exception(s); d2424f4d-20d2-4104-abcc-02e6288f3ffc@group-62509A8A5C15:t171, leader=null, voted=d2424f4d-20d2-4104-abcc-02e6288f3ffc, raftlog=d2424f4d-20d2-4104-abcc-02e6288f3ffc@group-62509A8A5C15-SegmentedRaftLog:OPENED:c-1,f-1,i0, conf=-1: [3909bd6a-278d-4911-9d70-32680c972d02:192.168.157.223:33343, d2424f4d-20d2-4104-abcc-02e6288f3ffc:192.168.157.223:39352, 7c510082-4284-44ef-8cd9-bb38fb15579f:192.168.157.223:33098], old=null
2019-10-17 21:15:50,082 [d2424f4d-20d2-4104-abcc-02e6288f3ffc@group-62509A8A5C15-LeaderElection162] INFO  impl.RaftServerImpl (RaftServerImpl.java:setRole(184)) - d2424f4d-20d2-4104-abcc-02e6288f3ffc@group-62509A8A5C15: changes role from CANDIDATE to FOLLOWER at term 171 for DISCOVERED_A_NEW_TERM
2019-10-17 21:15:50,082 [d2424f4d-20d2-4104-abcc-02e6288f3ffc@group-62509A8A5C15-LeaderElection162] INFO  impl.RoleInfo (RoleInfo.java:shutdownLeaderElection(134)) - d2424f4d-20d2-4104-abcc-02e6288f3ffc: shutdown LeaderElection
2019-10-17 21:15:50,083 [d2424f4d-20d2-4104-abcc-02e6288f3ffc@group-62509A8A5C15-LeaderElection162] INFO  impl.RoleInfo (RoleInfo.java:updateAndGet(143)) - d2424f4d-20d2-4104-abcc-02e6288f3ffc: start FollowerState
2019-10-17 21:15:50,207 [Thread-1288] INFO  impl.FollowerState (FollowerState.java:run(108)) - d2424f4d-20d2-4104-abcc-02e6288f3ffc@group-62509A8A5C15-FollowerState: change to CANDIDATE, lastRpcTime:124ms, electionTimeout:124ms
2019-10-17 21:15:50,207 [Thread-1288] INFO  impl.RoleInfo (RoleInfo.java:shutdownFollowerState(121)) - d2424f4d-20d2-4104-abcc-02e6288f3ffc: shutdown FollowerState
2019-10-17 21:15:50,207 [Thread-1288] INFO  impl.RaftServerImpl (RaftServerImpl.java:setRole(184)) - d2424f4d-20d2-4104-abcc-02e6288f3ffc@group-62509A8A5C15: changes role from  FOLLOWER to CANDIDATE at term 171 for changeToCandidate
2019-10-17 21:15:50,208 [Thread-1288] INFO  impl.RoleInfo (RoleInfo.java:updateAndGet(143)) - d2424f4d-20d2-4104-abcc-02e6288f3ffc: start LeaderElection
2019-10-17 21:15:50,223 [d2424f4d-20d2-4104-abcc-02e6288f3ffc@group-62509A8A5C15-LeaderElection163] INFO  impl.LeaderElection (LeaderElection.java:askForVotes(178)) - d2424f4d-20d2-4104-abcc-02e6288f3ffc@group-62509A8A5C15-LeaderElection163: begin an election at term 172 for -1: [3909bd6a-278d-4911-9d70-32680c972d02:192.168.157.223:33343, d2424f4d-20d2-4104-abcc-02e6288f3ffc:192.168.157.223:39352, 7c510082-4284-44ef-8cd9-bb38fb15579f:192.168.157.223:33098], old=null
2019-10-17 21:15:50,226 [grpc-default-executor-6] INFO  impl.RaftServerImpl (RaftServerImpl.java:setRole(184)) - 3909bd6a-278d-4911-9d70-32680c972d02@group-62509A8A5C15: changes role from  FOLLOWER to FOLLOWER at term 172 for recognizeCandidate:d2424f4d-20d2-4104-abcc-02e6288f3ffc
2019-10-17 21:15:50,226 [grpc-default-executor-6] INFO  impl.RoleInfo (RoleInfo.java:shutdownFollowerState(121)) - 3909bd6a-278d-4911-9d70-32680c972d02: shutdown FollowerState
2019-10-17 21:15:50,226 [grpc-default-executor-2] INFO  impl.RaftServerImpl (RaftServerImpl.java:setRole(184)) - 7c510082-4284-44ef-8cd9-bb38fb15579f@group-62509A8A5C15: changes role from  FOLLOWER to FOLLOWER at term 172 for recognizeCandidate:d2424f4d-20d2-4104-abcc-02e6288f3ffc
2019-10-17 21:15:50,226 [grpc-default-executor-2] INFO  impl.RoleInfo (RoleInfo.java:shutdownFollowerState(121)) - 7c510082-4284-44ef-8cd9-bb38fb15579f: shutdown FollowerState
2019-10-17 21:15:50,227 [grpc-default-executor-2] INFO  impl.RoleInfo (RoleInfo.java:updateAndGet(143)) - 7c510082-4284-44ef-8cd9-bb38fb15579f: start FollowerState
2019-10-17 21:15:50,226 [Thread-1287] INFO  impl.FollowerState (FollowerState.java:run(117)) - 3909bd6a-278d-4911-9d70-32680c972d02@group-62509A8A5C15-FollowerState was interrupted: java.lang.InterruptedException: sleep interrupted
2019-10-17 21:15:50,226 [grpc-default-executor-6] INFO  impl.RoleInfo (RoleInfo.java:updateAndGet(143)) - 3909bd6a-278d-4911-9d70-32680c972d02: start FollowerState
2019-10-17 21:15:50,227 [Thread-1286] INFO  impl.FollowerState (FollowerState.java:run(117)) - 7c510082-4284-44ef-8cd9-bb38fb15579f@group-62509A8A5C15-FollowerState was interrupted: java.lang.InterruptedException: sleep interrupted
2019-10-17 21:15:50,240 [d2424f4d-20d2-4104-abcc-02e6288f3ffc@group-62509A8A5C15-LeaderElection163] INFO  impl.LeaderElection (LeaderElection.java:logAndReturn(56)) - d2424f4d-20d2-4104-abcc-02e6288f3ffc@group-62509A8A5C15-LeaderElection163: Election TIMEOUT; received 0 response(s) [] and 0 exception(s); d2424f4d-20d2-4104-abcc-02e6288f3ffc@group-62509A8A5C15:t172, leader=null, voted=d2424f4d-20d2-4104-abcc-02e6288f3ffc, raftlog=d2424f4d-20d2-4104-abcc-02e6288f3ffc@group-62509A8A5C15-SegmentedRaftLog:OPENED:c-1,f-1,i0, conf=-1: [3909bd6a-278d-4911-9d70-32680c972d02:192.168.157.223:33343, d2424f4d-20d2-4104-abcc-02e6288f3ffc:192.168.157.223:39352, 7c510082-4284-44ef-8cd9-bb38fb15579f:192.168.157.223:33098], old=null
2019-10-17 21:15:50,245 [d2424f4d-20d2-4104-abcc-02e6288f3ffc@group-62509A8A5C15-LeaderElection163] INFO  impl.LeaderElection (LeaderElection.java:askForVotes(178)) - d2424f4d-20d2-4104-abcc-02e6288f3ffc@group-62509A8A5C15-LeaderElection163: begin an election at term 173 for -1: [3909bd6a-278d-4911-9d70-32680c972d02:192.168.157.223:33343, d2424f4d-20d2-4104-abcc-02e6288f3ffc:192.168.157.223:39352, 7c510082-4284-44ef-8cd9-bb38fb15579f:192.168.157.223:33098], old=null
2019-10-17 21:15:50,248 [grpc-default-executor-2] INFO  impl.RaftServerImpl (RaftServerImpl.java:setRole(184)) - 3909bd6a-278d-4911-9d70-32680c972d02@group-62509A8A5C15: changes role from  FOLLOWER to FOLLOWER at term 173 for recognizeCandidate:d2424f4d-20d2-4104-abcc-02e6288f3ffc
2019-10-17 21:15:50,248 [grpc-default-executor-2] INFO  impl.RoleInfo (RoleInfo.java:shutdownFollowerState(121)) - 3909bd6a-278d-4911-9d70-32680c972d02: shutdown FollowerState
2019-10-17 21:15:50,248 [grpc-default-executor-6] INFO  impl.RaftServerImpl (RaftServerImpl.java:setRole(184)) - 7c510082-4284-44ef-8cd9-bb38fb15579f@group-62509A8A5C15: changes role from  FOLLOWER to FOLLOWER at term 173 for recognizeCandidate:d2424f4d-20d2-4104-abcc-02e6288f3ffc
2019-10-17 21:15:50,248 [Thread-1292] INFO  impl.FollowerState (FollowerState.java:run(117)) - 3909bd6a-278d-4911-9d70-32680c972d02@group-62509A8A5C15-FollowerState was interrupted: java.lang.InterruptedException: sleep interrupted
2019-10-17 21:15:50,248 [grpc-default-executor-2] INFO  impl.RoleInfo (RoleInfo.java:updateAndGet(143)) - 3909bd6a-278d-4911-9d70-32680c972d02: start FollowerState
2019-10-17 21:15:50,248 [grpc-default-executor-6] INFO  impl.RoleInfo (RoleInfo.java:shutdownFollowerState(121)) - 7c510082-4284-44ef-8cd9-bb38fb15579f: shutdown FollowerState
2019-10-17 21:15:50,249 [grpc-default-executor-6] INFO  impl.RoleInfo (RoleInfo.java:updateAndGet(143)) - 7c510082-4284-44ef-8cd9-bb38fb15579f: start FollowerState
2019-10-17 21:15:50,249 [Thread-1293] INFO  impl.FollowerState (FollowerState.java:run(117)) - 7c510082-4284-44ef-8cd9-bb38fb15579f@group-62509A8A5C15-FollowerState was interrupted: java.lang.InterruptedException: sleep interrupted
2019-10-17 21:15:50,261 [d2424f4d-20d2-4104-abcc-02e6288f3ffc@group-62509A8A5C15-LeaderElection163] INFO  impl.LeaderElection (LeaderElection.java:logAndReturn(56)) - d2424f4d-20d2-4104-abcc-02e6288f3ffc@group-62509A8A5C15-LeaderElection163: Election REJECTED; received 2 response(s) [d2424f4d-20d2-4104-abcc-02e6288f3ffc<-3909bd6a-278d-4911-9d70-32680c972d02#0:FAIL-t173, d2424f4d-20d2-4104-abcc-02e6288f3ffc<-7c510082-4284-44ef-8cd9-bb38fb15579f#0:FAIL-t173] and 0 exception(s); d2424f4d-20d2-4104-abcc-02e6288f3ffc@group-62509A8A5C15:t173, leader=null, voted=d2424f4d-20d2-4104-abcc-02e6288f3ffc, raftlog=d2424f4d-20d2-4104-abcc-02e6288f3ffc@group-62509A8A5C15-SegmentedRaftLog:OPENED:c-1,f-1,i0, conf=-1: [3909bd6a-278d-4911-9d70-32680c972d02:192.168.157.223:33343, d2424f4d-20d2-4104-abcc-02e6288f3ffc:192.168.157.223:39352, 7c510082-4284-44ef-8cd9-bb38fb15579f:192.168.157.223:33098], old=null
2019-10-17 21:15:50,261 [d2424f4d-20d2-4104-abcc-02e6288f3ffc@group-62509A8A5C15-LeaderElection163] INFO  impl.RaftServerImpl (RaftServerImpl.java:setRole(184)) - d2424f4d-20d2-4104-abcc-02e6288f3ffc@group-62509A8A5C15: changes role from CANDIDATE to FOLLOWER at term 173 for DISCOVERED_A_NEW_TERM
2019-10-17 21:15:50,261 [d2424f4d-20d2-4104-abcc-02e6288f3ffc@group-62509A8A5C15-LeaderElection163] INFO  impl.RoleInfo (RoleInfo.java:shutdownLeaderElection(134)) - d2424f4d-20d2-4104-abcc-02e6288f3ffc: shutdown LeaderElection
2019-10-17 21:15:50,261 [d2424f4d-20d2-4104-abcc-02e6288f3ffc@group-62509A8A5C15-LeaderElection163] INFO  impl.RoleInfo (RoleInfo.java:updateAndGet(143)) - d2424f4d-20d2-4104-abcc-02e6288f3ffc: start FollowerState
2019-10-17 21:15:50,438 [Thread-1298] INFO  impl.FollowerState (FollowerState.java:run(108)) - d2424f4d-20d2-4104-abcc-02e6288f3ffc@group-62509A8A5C15-FollowerState: change to CANDIDATE, lastRpcTime:177ms, electionTimeout:177ms
2019-10-17 21:15:50,439 [Thread-1298] INFO  impl.RoleInfo (RoleInfo.java:shutdownFollowerState(121)) - d2424f4d-20d2-4104-abcc-02e6288f3ffc: shutdown FollowerState
2019-10-17 21:15:50,439 [Thread-1298] INFO  impl.RaftServerImpl (RaftServerImpl.java:setRole(184)) - d2424f4d-20d2-4104-abcc-02e6288f3ffc@group-62509A8A5C15: changes role from  FOLLOWER to CANDIDATE at term 173 for changeToCandidate
2019-10-17 21:15:50,439 [Thread-1298] INFO  impl.RoleInfo (RoleInfo.java:updateAndGet(143)) - d2424f4d-20d2-4104-abcc-02e6288f3ffc: start LeaderElection
2019-10-17 21:15:50,453 [d2424f4d-20d2-4104-abcc-02e6288f3ffc@group-62509A8A5C15-LeaderElection164] INFO  impl.LeaderElection (LeaderElection.java:askForVotes(178)) - d2424f4d-20d2-4104-abcc-02e6288f3ffc@group-62509A8A5C15-LeaderElection164: begin an election at term 174 for -1: [3909bd6a-278d-4911-9d70-32680c972d02:192.168.157.223:33343, d2424f4d-20d2-4104-abcc-02e6288f3ffc:192.168.157.223:39352, 7c510082-4284-44ef-8cd9-bb38fb15579f:192.168.157.223:33098], old=null
2019-10-17 21:15:50,455 [grpc-default-executor-6] INFO  impl.RaftServerImpl (RaftServerImpl.java:setRole(184)) - 3909bd6a-278d-4911-9d70-32680c972d02@group-62509A8A5C15: changes role from  FOLLOWER to FOLLOWER at term 174 for recognizeCandidate:d2424f4d-20d2-4104-abcc-02e6288f3ffc
2019-10-17 21:15:50,455 [grpc-default-executor-2] INFO  impl.RaftServerImpl (RaftServerImpl.java:setRole(184)) - 7c510082-4284-44ef-8cd9-bb38fb15579f@group-62509A8A5C15: changes role from  FOLLOWER to FOLLOWER at term 174 for recognizeCandidate:d2424f4d-20d2-4104-abcc-02e6288f3ffc
2019-10-17 21:15:50,455 [grpc-default-executor-6] INFO  impl.RoleInfo (RoleInfo.java:shutdownFollowerState(121)) - 3909bd6a-278d-4911-9d70-32680c972d02: shutdown FollowerState
2019-10-17 21:15:50,455 [grpc-default-executor-2] INFO  impl.RoleInfo (RoleInfo.java:shutdownFollowerState(121)) - 7c510082-4284-44ef-8cd9-bb38fb15579f: shutdown FollowerState
2019-10-17 21:15:50,455 [Thread-1296] INFO  impl.FollowerState (FollowerState.java:run(117)) - 3909bd6a-278d-4911-9d70-32680c972d02@group-62509A8A5C15-FollowerState was interrupted: java.lang.InterruptedException: sleep interrupted
2019-10-17 21:15:50,455 [Thread-1297] INFO  impl.FollowerState (FollowerState.java:run(117)) - 7c510082-4284-44ef-8cd9-bb38fb15579f@group-62509A8A5C15-FollowerState was interrupted: java.lang.InterruptedException: sleep interrupted
2019-10-17 21:15:50,455 [grpc-default-executor-6] INFO  impl.RoleInfo (RoleInfo.java:updateAndGet(143)) - 3909bd6a-278d-4911-9d70-32680c972d02: start FollowerState
2019-10-17 21:15:50,455 [grpc-default-executor-2] INFO  impl.RoleInfo (RoleInfo.java:updateAndGet(143)) - 7c510082-4284-44ef-8cd9-bb38fb15579f: start FollowerState
2019-10-17 21:15:50,482 [d2424f4d-20d2-4104-abcc-02e6288f3ffc@group-62509A8A5C15-LeaderElection164] INFO  impl.LeaderElection (LeaderElection.java:logAndReturn(56)) - d2424f4d-20d2-4104-abcc-02e6288f3ffc@group-62509A8A5C15-LeaderElection164: Election REJECTED; received 2 response(s) [d2424f4d-20d2-4104-abcc-02e6288f3ffc<-3909bd6a-278d-4911-9d70-32680c972d02#0:FAIL-t174, d2424f4d-20d2-4104-abcc-02e6288f3ffc<-7c510082-4284-44ef-8cd9-bb38fb15579f#0:FAIL-t174] and 0 exception(s); d2424f4d-20d2-4104-abcc-02e6288f3ffc@group-62509A8A5C15:t174, leader=null, voted=d2424f4d-20d2-4104-abcc-02e6288f3ffc, raftlog=d2424f4d-20d2-4104-abcc-02e6288f3ffc@group-62509A8A5C15-SegmentedRaftLog:OPENED:c-1,f-1,i0, conf=-1: [3909bd6a-278d-4911-9d70-32680c972d02:192.168.157.223:33343, d2424f4d-20d2-4104-abcc-02e6288f3ffc:192.168.157.223:39352, 7c510082-4284-44ef-8cd9-bb38fb15579f:192.168.157.223:33098], old=null
2019-10-17 21:15:50,482 [d2424f4d-20d2-4104-abcc-02e6288f3ffc@group-62509A8A5C15-LeaderElection164] INFO  impl.RaftServerImpl (RaftServerImpl.java:setRole(184)) - d2424f4d-20d2-4104-abcc-02e6288f3ffc@group-62509A8A5C15: changes role from CANDIDATE to FOLLOWER at term 174 for DISCOVERED_A_NEW_TERM
2019-10-17 21:15:50,482 [d2424f4d-20d2-4104-abcc-02e6288f3ffc@group-62509A8A5C15-LeaderElection164] INFO  impl.RoleInfo (RoleInfo.java:shutdownLeaderElection(134)) - d2424f4d-20d2-4104-abcc-02e6288f3ffc: shutdown LeaderElection
2019-10-17 21:15:50,482 [d2424f4d-20d2-4104-abcc-02e6288f3ffc@group-62509A8A5C15-LeaderElection164] INFO  impl.RoleInfo (RoleInfo.java:updateAndGet(143)) - d2424f4d-20d2-4104-abcc-02e6288f3ffc: start FollowerState
2019-10-17 21:15:50,533 [Thread-1304] INFO  impl.FollowerState (FollowerState.java:run(108)) - d2424f4d-20d2-4104-abcc-02e6288f3ffc@group-62509A8A5C15-FollowerState: change to CANDIDATE, lastRpcTime:50ms, electionTimeout:50ms
2019-10-17 21:15:50,533 [Thread-1304] INFO  impl.RoleInfo (RoleInfo.java:shutdownFollowerState(121)) - d2424f4d-20d2-4104-abcc-02e6288f3ffc: shutdown FollowerState
2019-10-17 21:15:50,533 [Thread-1304] INFO  impl.RaftServerImpl (RaftServerImpl.java:setRole(184)) - d2424f4d-20d2-4104-abcc-02e6288f3ffc@group-62509A8A5C15: changes role from  FOLLOWER to CANDIDATE at term 174 for changeToCandidate
2019-10-17 21:15:50,533 [Thread-1304] INFO  impl.RoleInfo (RoleInfo.java:updateAndGet(143)) - d2424f4d-20d2-4104-abcc-02e6288f3ffc: start LeaderElection
2019-10-17 21:15:50,547 [d2424f4d-20d2-4104-abcc-02e6288f3ffc@group-62509A8A5C15-LeaderElection165] INFO  impl.LeaderElection (LeaderElection.java:askForVotes(178)) - d2424f4d-20d2-4104-abcc-02e6288f3ffc@group-62509A8A5C15-LeaderElection165: begin an election at term 175 for -1: [3909bd6a-278d-4911-9d70-32680c972d02:192.168.157.223:33343, d2424f4d-20d2-4104-abcc-02e6288f3ffc:192.168.157.223:39352, 7c510082-4284-44ef-8cd9-bb38fb15579f:192.168.157.223:33098], old=null
2019-10-17 21:15:50,549 [grpc-default-executor-6] INFO  impl.RaftServerImpl (RaftServerImpl.java:setRole(184)) - 3909bd6a-278d-4911-9d70-32680c972d02@group-62509A8A5C15: changes role from  FOLLOWER to FOLLOWER at term 175 for recognizeCandidate:d2424f4d-20d2-4104-abcc-02e6288f3ffc
2019-10-17 21:15:50,549 [grpc-default-executor-6] INFO  impl.RoleInfo (RoleInfo.java:shutdownFollowerState(121)) - 3909bd6a-278d-4911-9d70-32680c972d02: shutdown FollowerState
2019-10-17 21:15:50,549 [grpc-default-executor-2] INFO  impl.RaftServerImpl (RaftServerImpl.java:setRole(184)) - 7c510082-4284-44ef-8cd9-bb38fb15579f@group-62509A8A5C15: changes role from  FOLLOWER to FOLLOWER at term 175 for recognizeCandidate:d2424f4d-20d2-4104-abcc-02e6288f3ffc
2019-10-17 21:15:50,549 [Thread-1302] INFO  impl.FollowerState (FollowerState.java:run(117)) - 3909bd6a-278d-4911-9d70-32680c972d02@group-62509A8A5C15-FollowerState was interrupted: java.lang.InterruptedException: sleep interrupted
2019-10-17 21:15:50,549 [grpc-default-executor-6] INFO  impl.RoleInfo (RoleInfo.java:updateAndGet(143)) - 3909bd6a-278d-4911-9d70-32680c972d02: start FollowerState
2019-10-17 21:15:50,550 [grpc-default-executor-2] INFO  impl.RoleInfo (RoleInfo.java:shutdownFollowerState(121)) - 7c510082-4284-44ef-8cd9-bb38fb15579f: shutdown FollowerState
2019-10-17 21:15:50,550 [grpc-default-executor-2] INFO  impl.RoleInfo (RoleInfo.java:updateAndGet(143)) - 7c510082-4284-44ef-8cd9-bb38fb15579f: start FollowerState
2019-10-17 21:15:50,550 [Thread-1303] INFO  impl.FollowerState (FollowerState.java:run(117)) - 7c510082-4284-44ef-8cd9-bb38fb15579f@group-62509A8A5C15-FollowerState was interrupted: java.lang.InterruptedException: sleep interrupted
2019-10-17 21:15:50,577 [d2424f4d-20d2-4104-abcc-02e6288f3ffc@group-62509A8A5C15-LeaderElection165] INFO  impl.LeaderElection (LeaderElection.java:logAndReturn(56)) - d2424f4d-20d2-4104-abcc-02e6288f3ffc@group-62509A8A5C15-LeaderElection165: Election REJECTED; received 2 response(s) [d2424f4d-20d2-4104-abcc-02e6288f3ffc<-3909bd6a-278d-4911-9d70-32680c972d02#0:FAIL-t175, d2424f4d-20d2-4104-abcc-02e6288f3ffc<-7c510082-4284-44ef-8cd9-bb38fb15579f#0:FAIL-t175] and 0 exception(s); d2424f4d-20d2-4104-abcc-02e6288f3ffc@group-62509A8A5C15:t175, leader=null, voted=d2424f4d-20d2-4104-abcc-02e6288f3ffc, raftlog=d2424f4d-20d2-4104-abcc-02e6288f3ffc@group-62509A8A5C15-SegmentedRaftLog:OPENED:c-1,f-1,i0, conf=-1: [3909bd6a-278d-4911-9d70-32680c972d02:192.168.157.223:33343, d2424f4d-20d2-4104-abcc-02e6288f3ffc:192.168.157.223:39352, 7c510082-4284-44ef-8cd9-bb38fb15579f:192.168.157.223:33098], old=null
2019-10-17 21:15:50,577 [d2424f4d-20d2-4104-abcc-02e6288f3ffc@group-62509A8A5C15-LeaderElection165] INFO  impl.RaftServerImpl (RaftServerImpl.java:setRole(184)) - d2424f4d-20d2-4104-abcc-02e6288f3ffc@group-62509A8A5C15: changes role from CANDIDATE to FOLLOWER at term 175 for DISCOVERED_A_NEW_TERM
2019-10-17 21:15:50,577 [d2424f4d-20d2-4104-abcc-02e6288f3ffc@group-62509A8A5C15-LeaderElection165] INFO  impl.RoleInfo (RoleInfo.java:shutdownLeaderElection(134)) - d2424f4d-20d2-4104-abcc-02e6288f3ffc: shutdown LeaderElection
2019-10-17 21:15:50,577 [d2424f4d-20d2-4104-abcc-02e6288f3ffc@group-62509A8A5C15-LeaderElection165] INFO  impl.RoleInfo (RoleInfo.java:updateAndGet(143)) - d2424f4d-20d2-4104-abcc-02e6288f3ffc: start FollowerState
2019-10-17 21:15:50,734 [Thread-1310] INFO  impl.FollowerState (FollowerState.java:run(108)) - d2424f4d-20d2-4104-abcc-02e6288f3ffc@group-62509A8A5C15-FollowerState: change to CANDIDATE, lastRpcTime:156ms, electionTimeout:156ms
2019-10-17 21:15:50,734 [Thread-1310] INFO  impl.RoleInfo (RoleInfo.java:shutdownFollowerState(121)) - d2424f4d-20d2-4104-abcc-02e6288f3ffc: shutdown FollowerState
2019-10-17 21:15:50,734 [Thread-1310] INFO  impl.RaftServerImpl (RaftServerImpl.java:setRole(184)) - d2424f4d-20d2-4104-abcc-02e6288f3ffc@group-62509A8A5C15: changes role from  FOLLOWER to CANDIDATE at term 175 for changeToCandidate
2019-10-17 21:15:50,734 [Thread-1310] INFO  impl.RoleInfo (RoleInfo.java:updateAndGet(143)) - d2424f4d-20d2-4104-abcc-02e6288f3ffc: start LeaderElection
2019-10-17 21:15:50,750 [d2424f4d-20d2-4104-abcc-02e6288f3ffc@group-62509A8A5C15-LeaderElection166] INFO  impl.LeaderElection (LeaderElection.java:askForVotes(178)) - d2424f4d-20d2-4104-abcc-02e6288f3ffc@group-62509A8A5C15-LeaderElection166: begin an election at term 176 for -1: [3909bd6a-278d-4911-9d70-32680c972d02:192.168.157.223:33343, d2424f4d-20d2-4104-abcc-02e6288f3ffc:192.168.157.223:39352, 7c510082-4284-44ef-8cd9-bb38fb15579f:192.168.157.223:33098], old=null
2019-10-17 21:15:50,753 [grpc-default-executor-2] INFO  impl.RaftServerImpl (RaftServerImpl.java:setRole(184)) - 3909bd6a-278d-4911-9d70-32680c972d02@group-62509A8A5C15: changes role from  FOLLOWER to FOLLOWER at term 176 for recognizeCandidate:d2424f4d-20d2-4104-abcc-02e6288f3ffc
2019-10-17 21:15:50,753 [grpc-default-executor-6] INFO  impl.RaftServerImpl (RaftServerImpl.java:setRole(184)) - 7c510082-4284-44ef-8cd9-bb38fb15579f@group-62509A8A5C15: changes role from  FOLLOWER to FOLLOWER at term 176 for recognizeCandidate:d2424f4d-20d2-4104-abcc-02e6288f3ffc
2019-10-17 21:15:50,753 [grpc-default-executor-2] INFO  impl.RoleInfo (RoleInfo.java:shutdownFollowerState(121)) - 3909bd6a-278d-4911-9d70-32680c972d02: shutdown FollowerState
2019-10-17 21:15:50,754 [grpc-default-executor-6] INFO  impl.RoleInfo (RoleInfo.java:shutdownFollowerState(121)) - 7c510082-4284-44ef-8cd9-bb38fb15579f: shutdown FollowerState
2019-10-17 21:15:50,754 [Thread-1308] INFO  impl.FollowerState (FollowerState.java:run(117)) - 3909bd6a-278d-4911-9d70-32680c972d02@group-62509A8A5C15-FollowerState was interrupted: java.lang.InterruptedException: sleep interrupted
2019-10-17 21:15:50,754 [grpc-default-executor-2] INFO  impl.RoleInfo (RoleInfo.java:updateAndGet(143)) - 3909bd6a-278d-4911-9d70-32680c972d02: start FollowerState
2019-10-17 21:15:50,754 [Thread-1309] INFO  impl.FollowerState (FollowerState.java:run(117)) - 7c510082-4284-44ef-8cd9-bb38fb15579f@group-62509A8A5C15-FollowerState was interrupted: java.lang.InterruptedException: sleep interrupted
2019-10-17 21:15:50,754 [grpc-default-executor-6] INFO  impl.RoleInfo (RoleInfo.java:updateAndGet(143)) - 7c510082-4284-44ef-8cd9-bb38fb15579f: start FollowerState
2019-10-17 21:15:50,771 [d2424f4d-20d2-4104-abcc-02e6288f3ffc@group-62509A8A5C15-LeaderElection166] INFO  impl.LeaderElection (LeaderElection.java:logAndReturn(56)) - d2424f4d-20d2-4104-abcc-02e6288f3ffc@group-62509A8A5C15-LeaderElection166: Election REJECTED; received 2 response(s) [d2424f4d-20d2-4104-abcc-02e6288f3ffc<-3909bd6a-278d-4911-9d70-32680c972d02#0:FAIL-t176, d2424f4d-20d2-4104-abcc-02e6288f3ffc<-7c510082-4284-44ef-8cd9-bb38fb15579f#0:FAIL-t176] and 0 exception(s); d2424f4d-20d2-4104-abcc-02e6288f3ffc@group-62509A8A5C15:t176, leader=null, voted=d2424f4d-20d2-4104-abcc-02e6288f3ffc, raftlog=d2424f4d-20d2-4104-abcc-02e6288f3ffc@group-62509A8A5C15-SegmentedRaftLog:OPENED:c-1,f-1,i0, conf=-1: [3909bd6a-278d-4911-9d70-32680c972d02:192.168.157.223:33343, d2424f4d-20d2-4104-abcc-02e6288f3ffc:192.168.157.223:39352, 7c510082-4284-44ef-8cd9-bb38fb15579f:192.168.157.223:33098], old=null
2019-10-17 21:15:50,771 [d2424f4d-20d2-4104-abcc-02e6288f3ffc@group-62509A8A5C15-LeaderElection166] INFO  impl.RaftServerImpl (RaftServerImpl.java:setRole(184)) - d2424f4d-20d2-4104-abcc-02e6288f3ffc@group-62509A8A5C15: changes role from CANDIDATE to FOLLOWER at term 176 for DISCOVERED_A_NEW_TERM
2019-10-17 21:15:50,771 [d2424f4d-20d2-4104-abcc-02e6288f3ffc@group-62509A8A5C15-LeaderElection166] INFO  impl.RoleInfo (RoleInfo.java:shutdownLeaderElection(134)) - d2424f4d-20d2-4104-abcc-02e6288f3ffc: shutdown LeaderElection
2019-10-17 21:15:50,771 [d2424f4d-20d2-4104-abcc-02e6288f3ffc@group-62509A8A5C15-LeaderElection166] INFO  impl.RoleInfo (RoleInfo.java:updateAndGet(143)) - d2424f4d-20d2-4104-abcc-02e6288f3ffc: start FollowerState
2019-10-17 21:15:50,866 [Thread-1316] INFO  impl.FollowerState (FollowerState.java:run(108)) - d2424f4d-20d2-4104-abcc-02e6288f3ffc@group-62509A8A5C15-FollowerState: change to CANDIDATE, lastRpcTime:94ms, electionTimeout:94ms
2019-10-17 21:15:50,866 [Thread-1316] INFO  impl.RoleInfo (RoleInfo.java:shutdownFollowerState(121)) - d2424f4d-20d2-4104-abcc-02e6288f3ffc: shutdown FollowerState
2019-10-17 21:15:50,866 [Thread-1316] INFO  impl.RaftServerImpl (RaftServerImpl.java:setRole(184)) - d2424f4d-20d2-4104-abcc-02e6288f3ffc@group-62509A8A5C15: changes role from  FOLLOWER to CANDIDATE at term 176 for changeToCandidate
2019-10-17 21:15:50,866 [Thread-1316] INFO  impl.RoleInfo (RoleInfo.java:updateAndGet(143)) - d2424f4d-20d2-4104-abcc-02e6288f3ffc: start LeaderElection
2019-10-17 21:15:50,892 [d2424f4d-20d2-4104-abcc-02e6288f3ffc@group-62509A8A5C15-LeaderElection167] INFO  impl.LeaderElection (LeaderElection.java:askForVotes(178)) - d2424f4d-20d2-4104-abcc-02e6288f3ffc@group-62509A8A5C15-LeaderElection167: begin an election at term 177 for -1: [3909bd6a-278d-4911-9d70-32680c972d02:192.168.157.223:33343, d2424f4d-20d2-4104-abcc-02e6288f3ffc:192.168.157.223:39352, 7c510082-4284-44ef-8cd9-bb38fb15579f:192.168.157.223:33098], old=null
2019-10-17 21:15:50,895 [grpc-default-executor-6] INFO  impl.RaftServerImpl (RaftServerImpl.java:setRole(184)) - 3909bd6a-278d-4911-9d70-32680c972d02@group-62509A8A5C15: changes role from  FOLLOWER to FOLLOWER at term 177 for recognizeCandidate:d2424f4d-20d2-4104-abcc-02e6288f3ffc
2019-10-17 21:15:50,895 [grpc-default-executor-6] INFO  impl.RoleInfo (RoleInfo.java:shutdownFollowerState(121)) - 3909bd6a-278d-4911-9d70-32680c972d02: shutdown FollowerState
2019-10-17 21:15:50,895 [grpc-default-executor-2] INFO  impl.RaftServerImpl (RaftServerImpl.java:setRole(184)) - 7c510082-4284-44ef-8cd9-bb38fb15579f@group-62509A8A5C15: changes role from  FOLLOWER to FOLLOWER at term 177 for recognizeCandidate:d2424f4d-20d2-4104-abcc-02e6288f3ffc
2019-10-17 21:15:50,895 [grpc-default-executor-2] INFO  impl.RoleInfo (RoleInfo.java:shutdownFollowerState(121)) - 7c510082-4284-44ef-8cd9-bb38fb15579f: shutdown FollowerState
2019-10-17 21:15:50,895 [Thread-1314] INFO  impl.FollowerState (FollowerState.java:run(117)) - 3909bd6a-278d-4911-9d70-32680c972d02@group-62509A8A5C15-FollowerState was interrupted: java.lang.InterruptedException: sleep interrupted
2019-10-17 21:15:50,895 [grpc-default-executor-6] INFO  impl.RoleInfo (RoleInfo.java:updateAndGet(143)) - 3909bd6a-278d-4911-9d70-32680c972d02: start FollowerState
2019-10-17 21:15:50,895 [grpc-default-executor-2] INFO  impl.RoleInfo (RoleInfo.java:updateAndGet(143)) - 7c510082-4284-44ef-8cd9-bb38fb15579f: start FollowerState
2019-10-17 21:15:50,895 [Thread-1315] INFO  impl.FollowerState (FollowerState.java:run(117)) - 7c510082-4284-44ef-8cd9-bb38fb15579f@group-62509A8A5C15-FollowerState was interrupted: java.lang.InterruptedException: sleep interrupted
2019-10-17 21:15:50,911 [d2424f4d-20d2-4104-abcc-02e6288f3ffc@group-62509A8A5C15-LeaderElection167] INFO  impl.LeaderElection (LeaderElection.java:logAndReturn(56)) - d2424f4d-20d2-4104-abcc-02e6288f3ffc@group-62509A8A5C15-LeaderElection167: Election REJECTED; received 2 response(s) [d2424f4d-20d2-4104-abcc-02e6288f3ffc<-3909bd6a-278d-4911-9d70-32680c972d02#0:FAIL-t177, d2424f4d-20d2-4104-abcc-02e6288f3ffc<-7c510082-4284-44ef-8cd9-bb38fb15579f#0:FAIL-t177] and 0 exception(s); d2424f4d-20d2-4104-abcc-02e6288f3ffc@group-62509A8A5C15:t177, leader=null, voted=d2424f4d-20d2-4104-abcc-02e6288f3ffc, raftlog=d2424f4d-20d2-4104-abcc-02e6288f3ffc@group-62509A8A5C15-SegmentedRaftLog:OPENED:c-1,f-1,i0, conf=-1: [3909bd6a-278d-4911-9d70-32680c972d02:192.168.157.223:33343, d2424f4d-20d2-4104-abcc-02e6288f3ffc:192.168.157.223:39352, 7c510082-4284-44ef-8cd9-bb38fb15579f:192.168.157.223:33098], old=null
2019-10-17 21:15:50,911 [d2424f4d-20d2-4104-abcc-02e6288f3ffc@group-62509A8A5C15-LeaderElection167] INFO  impl.RaftServerImpl (RaftServerImpl.java:setRole(184)) - d2424f4d-20d2-4104-abcc-02e6288f3ffc@group-62509A8A5C15: changes role from CANDIDATE to FOLLOWER at term 177 for DISCOVERED_A_NEW_TERM
2019-10-17 21:15:50,911 [d2424f4d-20d2-4104-abcc-02e6288f3ffc@group-62509A8A5C15-LeaderElection167] INFO  impl.RoleInfo (RoleInfo.java:shutdownLeaderElection(134)) - d2424f4d-20d2-4104-abcc-02e6288f3ffc: shutdown LeaderElection
2019-10-17 21:15:50,911 [d2424f4d-20d2-4104-abcc-02e6288f3ffc@group-62509A8A5C15-LeaderElection167] INFO  impl.RoleInfo (RoleInfo.java:updateAndGet(143)) - d2424f4d-20d2-4104-abcc-02e6288f3ffc: start FollowerState
2019-10-17 21:15:50,950 [Thread-1324] INFO  impl.FollowerState (FollowerState.java:run(108)) - d2424f4d-20d2-4104-abcc-02e6288f3ffc@group-62509A8A5C15-FollowerState: change to CANDIDATE, lastRpcTime:38ms, electionTimeout:38ms
2019-10-17 21:15:50,950 [Thread-1324] INFO  impl.RoleInfo (RoleInfo.java:shutdownFollowerState(121)) - d2424f4d-20d2-4104-abcc-02e6288f3ffc: shutdown FollowerState
2019-10-17 21:15:50,950 [Thread-1324] INFO  impl.RaftServerImpl (RaftServerImpl.java:setRole(184)) - d2424f4d-20d2-4104-abcc-02e6288f3ffc@group-62509A8A5C15: changes role from  FOLLOWER to CANDIDATE at term 177 for changeToCandidate
2019-10-17 21:15:50,950 [Thread-1324] INFO  impl.RoleInfo (RoleInfo.java:updateAndGet(143)) - d2424f4d-20d2-4104-abcc-02e6288f3ffc: start LeaderElection
2019-10-17 21:15:50,965 [d2424f4d-20d2-4104-abcc-02e6288f3ffc@group-62509A8A5C15-LeaderElection168] INFO  impl.LeaderElection (LeaderElection.java:askForVotes(178)) - d2424f4d-20d2-4104-abcc-02e6288f3ffc@group-62509A8A5C15-LeaderElection168: begin an election at term 178 for -1: [3909bd6a-278d-4911-9d70-32680c972d02:192.168.157.223:33343, d2424f4d-20d2-4104-abcc-02e6288f3ffc:192.168.157.223:39352, 7c510082-4284-44ef-8cd9-bb38fb15579f:192.168.157.223:33098], old=null
2019-10-17 21:15:50,969 [grpc-default-executor-2] INFO  impl.RaftServerImpl (RaftServerImpl.java:setRole(184)) - 7c510082-4284-44ef-8cd9-bb38fb15579f@group-62509A8A5C15: changes role from  FOLLOWER to FOLLOWER at term 178 for recognizeCandidate:d2424f4d-20d2-4104-abcc-02e6288f3ffc
2019-10-17 21:15:50,969 [grpc-default-executor-6] INFO  impl.RaftServerImpl (RaftServerImpl.java:setRole(184)) - 3909bd6a-278d-4911-9d70-32680c972d02@group-62509A8A5C15: changes role from  FOLLOWER to FOLLOWER at term 178 for recognizeCandidate:d2424f4d-20d2-4104-abcc-02e6288f3ffc
2019-10-17 21:15:50,969 [grpc-default-executor-2] INFO  impl.RoleInfo (RoleInfo.java:shutdownFollowerState(121)) - 7c510082-4284-44ef-8cd9-bb38fb15579f: shutdown FollowerState
2019-10-17 21:15:50,969 [grpc-default-executor-6] INFO  impl.RoleInfo (RoleInfo.java:shutdownFollowerState(121)) - 3909bd6a-278d-4911-9d70-32680c972d02: shutdown FollowerState
2019-10-17 21:15:50,969 [Thread-1323] INFO  impl.FollowerState (FollowerState.java:run(117)) - 7c510082-4284-44ef-8cd9-bb38fb15579f@group-62509A8A5C15-FollowerState was interrupted: java.lang.InterruptedException: sleep interrupted
2019-10-17 21:15:50,969 [Thread-1322] INFO  impl.FollowerState (FollowerState.java:run(117)) - 3909bd6a-278d-4911-9d70-32680c972d02@group-62509A8A5C15-FollowerState was interrupted: java.lang.InterruptedException: sleep interrupted
2019-10-17 21:15:50,969 [grpc-default-executor-6] INFO  impl.RoleInfo (RoleInfo.java:updateAndGet(143)) - 3909bd6a-278d-4911-9d70-32680c972d02: start FollowerState
2019-10-17 21:15:50,969 [grpc-default-executor-2] INFO  impl.RoleInfo (RoleInfo.java:updateAndGet(143)) - 7c510082-4284-44ef-8cd9-bb38fb15579f: start FollowerState
2019-10-17 21:15:50,996 [d2424f4d-20d2-4104-abcc-02e6288f3ffc@group-62509A8A5C15-LeaderElection168] INFO  impl.LeaderElection (LeaderElection.java:logAndReturn(56)) - d2424f4d-20d2-4104-abcc-02e6288f3ffc@group-62509A8A5C15-LeaderElection168: Election REJECTED; received 2 response(s) [d2424f4d-20d2-4104-abcc-02e6288f3ffc<-3909bd6a-278d-4911-9d70-32680c972d02#0:FAIL-t178, d2424f4d-20d2-4104-abcc-02e6288f3ffc<-7c510082-4284-44ef-8cd9-bb38fb15579f#0:FAIL-t178] and 0 exception(s); d2424f4d-20d2-4104-abcc-02e6288f3ffc@group-62509A8A5C15:t178, leader=null, voted=d2424f4d-20d2-4104-abcc-02e6288f3ffc, raftlog=d2424f4d-20d2-4104-abcc-02e6288f3ffc@group-62509A8A5C15-SegmentedRaftLog:OPENED:c-1,f-1,i0, conf=-1: [3909bd6a-278d-4911-9d70-32680c972d02:192.168.157.223:33343, d2424f4d-20d2-4104-abcc-02e6288f3ffc:192.168.157.223:39352, 7c510082-4284-44ef-8cd9-bb38fb15579f:192.168.157.223:33098], old=null
2019-10-17 21:15:50,996 [d2424f4d-20d2-4104-abcc-02e6288f3ffc@group-62509A8A5C15-LeaderElection168] INFO  impl.RaftServerImpl (RaftServerImpl.java:setRole(184)) - d2424f4d-20d2-4104-abcc-02e6288f3ffc@group-62509A8A5C15: changes role from CANDIDATE to FOLLOWER at term 178 for DISCOVERED_A_NEW_TERM
2019-10-17 21:15:50,996 [d2424f4d-20d2-4104-abcc-02e6288f3ffc@group-62509A8A5C15-LeaderElection168] INFO  impl.RoleInfo (RoleInfo.java:shutdownLeaderElection(134)) - d2424f4d-20d2-4104-abcc-02e6288f3ffc: shutdown LeaderElection
2019-10-17 21:15:50,997 [d2424f4d-20d2-4104-abcc-02e6288f3ffc@group-62509A8A5C15-LeaderElection168] INFO  impl.RoleInfo (RoleInfo.java:updateAndGet(143)) - d2424f4d-20d2-4104-abcc-02e6288f3ffc: start FollowerState
2019-10-17 21:15:51,086 [Thread-1330] INFO  impl.FollowerState (FollowerState.java:run(108)) - d2424f4d-20d2-4104-abcc-02e6288f3ffc@group-62509A8A5C15-FollowerState: change to CANDIDATE, lastRpcTime:89ms, electionTimeout:89ms
2019-10-17 21:15:51,087 [Thread-1330] INFO  impl.RoleInfo (RoleInfo.java:shutdownFollowerState(121)) - d2424f4d-20d2-4104-abcc-02e6288f3ffc: shutdown FollowerState
2019-10-17 21:15:51,087 [Thread-1330] INFO  impl.RaftServerImpl (RaftServerImpl.java:setRole(184)) - d2424f4d-20d2-4104-abcc-02e6288f3ffc@group-62509A8A5C15: changes role from  FOLLOWER to CANDIDATE at term 178 for changeToCandidate
2019-10-17 21:15:51,087 [Thread-1330] INFO  impl.RoleInfo (RoleInfo.java:updateAndGet(143)) - d2424f4d-20d2-4104-abcc-02e6288f3ffc: start LeaderElection
2019-10-17 21:15:51,101 [d2424f4d-20d2-4104-abcc-02e6288f3ffc@group-62509A8A5C15-LeaderElection169] INFO  impl.LeaderElection (LeaderElection.java:askForVotes(178)) - d2424f4d-20d2-4104-abcc-02e6288f3ffc@group-62509A8A5C15-LeaderElection169: begin an election at term 179 for -1: [3909bd6a-278d-4911-9d70-32680c972d02:192.168.157.223:33343, d2424f4d-20d2-4104-abcc-02e6288f3ffc:192.168.157.223:39352, 7c510082-4284-44ef-8cd9-bb38fb15579f:192.168.157.223:33098], old=null
2019-10-17 21:15:51,104 [grpc-default-executor-6] INFO  impl.RaftServerImpl (RaftServerImpl.java:setRole(184)) - 3909bd6a-278d-4911-9d70-32680c972d02@group-62509A8A5C15: changes role from  FOLLOWER to FOLLOWER at term 179 for recognizeCandidate:d2424f4d-20d2-4104-abcc-02e6288f3ffc
2019-10-17 21:15:51,104 [grpc-default-executor-2] INFO  impl.RaftServerImpl (RaftServerImpl.java:setRole(184)) - 7c510082-4284-44ef-8cd9-bb38fb15579f@group-62509A8A5C15: changes role from  FOLLOWER to FOLLOWER at term 179 for recognizeCandidate:d2424f4d-20d2-4104-abcc-02e6288f3ffc
2019-10-17 21:15:51,104 [grpc-default-executor-6] INFO  impl.RoleInfo (RoleInfo.java:shutdownFollowerState(121)) - 3909bd6a-278d-4911-9d70-32680c972d02: shutdown FollowerState
2019-10-17 21:15:51,105 [grpc-default-executor-2] INFO  impl.RoleInfo (RoleInfo.java:shutdownFollowerState(121)) - 7c510082-4284-44ef-8cd9-bb38fb15579f: shutdown FollowerState
2019-10-17 21:15:51,105 [Thread-1329] INFO  impl.FollowerState (FollowerState.java:run(117)) - 3909bd6a-278d-4911-9d70-32680c972d02@group-62509A8A5C15-FollowerState was interrupted: java.lang.InterruptedException: sleep interrupted
2019-10-17 21:15:51,105 [grpc-default-executor-6] INFO  impl.RoleInfo (RoleInfo.java:updateAndGet(143)) - 3909bd6a-278d-4911-9d70-32680c972d02: start FollowerState
2019-10-17 21:15:51,105 [Thread-1328] INFO  impl.FollowerState (FollowerState.java:run(117)) - 7c510082-4284-44ef-8cd9-bb38fb15579f@group-62509A8A5C15-FollowerState was interrupted: java.lang.InterruptedException: sleep interrupted
2019-10-17 21:15:51,105 [grpc-default-executor-2] INFO  impl.RoleInfo (RoleInfo.java:updateAndGet(143)) - 7c510082-4284-44ef-8cd9-bb38fb15579f: start FollowerState
2019-10-17 21:15:51,120 [d2424f4d-20d2-4104-abcc-02e6288f3ffc@group-62509A8A5C15-LeaderElection169] INFO  impl.LeaderElection (LeaderElection.java:logAndReturn(56)) - d2424f4d-20d2-4104-abcc-02e6288f3ffc@group-62509A8A5C15-LeaderElection169: Election REJECTED; received 2 response(s) [d2424f4d-20d2-4104-abcc-02e6288f3ffc<-3909bd6a-278d-4911-9d70-32680c972d02#0:FAIL-t179, d2424f4d-20d2-4104-abcc-02e6288f3ffc<-7c510082-4284-44ef-8cd9-bb38fb15579f#0:FAIL-t179] and 0 exception(s); d2424f4d-20d2-4104-abcc-02e6288f3ffc@group-62509A8A5C15:t179, leader=null, voted=d2424f4d-20d2-4104-abcc-02e6288f3ffc, raftlog=d2424f4d-20d2-4104-abcc-02e6288f3ffc@group-62509A8A5C15-SegmentedRaftLog:OPENED:c-1,f-1,i0, conf=-1: [3909bd6a-278d-4911-9d70-32680c972d02:192.168.157.223:33343, d2424f4d-20d2-4104-abcc-02e6288f3ffc:192.168.157.223:39352, 7c510082-4284-44ef-8cd9-bb38fb15579f:192.168.157.223:33098], old=null
2019-10-17 21:15:51,120 [d2424f4d-20d2-4104-abcc-02e6288f3ffc@group-62509A8A5C15-LeaderElection169] INFO  impl.RaftServerImpl (RaftServerImpl.java:setRole(184)) - d2424f4d-20d2-4104-abcc-02e6288f3ffc@group-62509A8A5C15: changes role from CANDIDATE to FOLLOWER at term 179 for DISCOVERED_A_NEW_TERM
2019-10-17 21:15:51,120 [d2424f4d-20d2-4104-abcc-02e6288f3ffc@group-62509A8A5C15-LeaderElection169] INFO  impl.RoleInfo (RoleInfo.java:shutdownLeaderElection(134)) - d2424f4d-20d2-4104-abcc-02e6288f3ffc: shutdown LeaderElection
2019-10-17 21:15:51,121 [d2424f4d-20d2-4104-abcc-02e6288f3ffc@group-62509A8A5C15-LeaderElection169] INFO  impl.RoleInfo (RoleInfo.java:updateAndGet(143)) - d2424f4d-20d2-4104-abcc-02e6288f3ffc: start FollowerState
2019-10-17 21:15:51,262 [Thread-1336] INFO  impl.FollowerState (FollowerState.java:run(108)) - d2424f4d-20d2-4104-abcc-02e6288f3ffc@group-62509A8A5C15-FollowerState: change to CANDIDATE, lastRpcTime:141ms, electionTimeout:141ms
2019-10-17 21:15:51,262 [Thread-1336] INFO  impl.RoleInfo (RoleInfo.java:shutdownFollowerState(121)) - d2424f4d-20d2-4104-abcc-02e6288f3ffc: shutdown FollowerState
2019-10-17 21:15:51,262 [Thread-1336] INFO  impl.RaftServerImpl (RaftServerImpl.java:setRole(184)) - d2424f4d-20d2-4104-abcc-02e6288f3ffc@group-62509A8A5C15: changes role from  FOLLOWER to CANDIDATE at term 179 for changeToCandidate
2019-10-17 21:15:51,263 [Thread-1336] INFO  impl.RoleInfo (RoleInfo.java:updateAndGet(143)) - d2424f4d-20d2-4104-abcc-02e6288f3ffc: start LeaderElection
2019-10-17 21:15:51,309 [d2424f4d-20d2-4104-abcc-02e6288f3ffc@group-62509A8A5C15-LeaderElection170] INFO  impl.LeaderElection (LeaderElection.java:askForVotes(178)) - d2424f4d-20d2-4104-abcc-02e6288f3ffc@group-62509A8A5C15-LeaderElection170: begin an election at term 180 for -1: [3909bd6a-278d-4911-9d70-32680c972d02:192.168.157.223:33343, d2424f4d-20d2-4104-abcc-02e6288f3ffc:192.168.157.223:39352, 7c510082-4284-44ef-8cd9-bb38fb15579f:192.168.157.223:33098], old=null
2019-10-17 21:15:51,313 [grpc-default-executor-2] INFO  impl.RaftServerImpl (RaftServerImpl.java:setRole(184)) - 3909bd6a-278d-4911-9d70-32680c972d02@group-62509A8A5C15: changes role from  FOLLOWER to FOLLOWER at term 180 for recognizeCandidate:d2424f4d-20d2-4104-abcc-02e6288f3ffc
2019-10-17 21:15:51,313 [grpc-default-executor-2] INFO  impl.RoleInfo (RoleInfo.java:shutdownFollowerState(121)) - 3909bd6a-278d-4911-9d70-32680c972d02: shutdown FollowerState
2019-10-17 21:15:51,313 [grpc-default-executor-6] INFO  impl.RaftServerImpl (RaftServerImpl.java:setRole(184)) - 7c510082-4284-44ef-8cd9-bb38fb15579f@group-62509A8A5C15: changes role from  FOLLOWER to FOLLOWER at term 180 for recognizeCandidate:d2424f4d-20d2-4104-abcc-02e6288f3ffc
2019-10-17 21:15:51,313 [Thread-1334] INFO  impl.FollowerState (FollowerState.java:run(117)) - 3909bd6a-278d-4911-9d70-32680c972d02@group-62509A8A5C15-FollowerState was interrupted: java.lang.InterruptedException: sleep interrupted
2019-10-17 21:15:51,313 [grpc-default-executor-2] INFO  impl.RoleInfo (RoleInfo.java:updateAndGet(143)) - 3909bd6a-278d-4911-9d70-32680c972d02: start FollowerState
2019-10-17 21:15:51,313 [grpc-default-executor-6] INFO  impl.RoleInfo (RoleInfo.java:shutdownFollowerState(121)) - 7c510082-4284-44ef-8cd9-bb38fb15579f: shutdown FollowerState
2019-10-17 21:15:51,314 [grpc-default-executor-6] INFO  impl.RoleInfo (RoleInfo.java:updateAndGet(143)) - 7c510082-4284-44ef-8cd9-bb38fb15579f: start FollowerState
2019-10-17 21:15:51,314 [Thread-1335] INFO  impl.FollowerState (FollowerState.java:run(117)) - 7c510082-4284-44ef-8cd9-bb38fb15579f@group-62509A8A5C15-FollowerState was interrupted: java.lang.InterruptedException: sleep interrupted
2019-10-17 21:15:51,329 [d2424f4d-20d2-4104-abcc-02e6288f3ffc@group-62509A8A5C15-LeaderElection170] INFO  impl.LeaderElection (LeaderElection.java:logAndReturn(56)) - d2424f4d-20d2-4104-abcc-02e6288f3ffc@group-62509A8A5C15-LeaderElection170: Election REJECTED; received 2 response(s) [d2424f4d-20d2-4104-abcc-02e6288f3ffc<-3909bd6a-278d-4911-9d70-32680c972d02#0:FAIL-t180, d2424f4d-20d2-4104-abcc-02e6288f3ffc<-7c510082-4284-44ef-8cd9-bb38fb15579f#0:FAIL-t180] and 0 exception(s); d2424f4d-20d2-4104-abcc-02e6288f3ffc@group-62509A8A5C15:t180, leader=null, voted=d2424f4d-20d2-4104-abcc-02e6288f3ffc, raftlog=d2424f4d-20d2-4104-abcc-02e6288f3ffc@group-62509A8A5C15-SegmentedRaftLog:OPENED:c-1,f-1,i0, conf=-1: [3909bd6a-278d-4911-9d70-32680c972d02:192.168.157.223:33343, d2424f4d-20d2-4104-abcc-02e6288f3ffc:192.168.157.223:39352, 7c510082-4284-44ef-8cd9-bb38fb15579f:192.168.157.223:33098], old=null
2019-10-17 21:15:51,329 [d2424f4d-20d2-4104-abcc-02e6288f3ffc@group-62509A8A5C15-LeaderElection170] INFO  impl.RaftServerImpl (RaftServerImpl.java:setRole(184)) - d2424f4d-20d2-4104-abcc-02e6288f3ffc@group-62509A8A5C15: changes role from CANDIDATE to FOLLOWER at term 180 for DISCOVERED_A_NEW_TERM
2019-10-17 21:15:51,329 [d2424f4d-20d2-4104-abcc-02e6288f3ffc@group-62509A8A5C15-LeaderElection170] INFO  impl.RoleInfo (RoleInfo.java:shutdownLeaderElection(134)) - d2424f4d-20d2-4104-abcc-02e6288f3ffc: shutdown LeaderElection
2019-10-17 21:15:51,329 [d2424f4d-20d2-4104-abcc-02e6288f3ffc@group-62509A8A5C15-LeaderElection170] INFO  impl.RoleInfo (RoleInfo.java:updateAndGet(143)) - d2424f4d-20d2-4104-abcc-02e6288f3ffc: start FollowerState
2019-10-17 21:15:51,454 [Thread-1342] INFO  impl.FollowerState (FollowerState.java:run(108)) - d2424f4d-20d2-4104-abcc-02e6288f3ffc@group-62509A8A5C15-FollowerState: change to CANDIDATE, lastRpcTime:125ms, electionTimeout:125ms
2019-10-17 21:15:51,455 [Thread-1342] INFO  impl.RoleInfo (RoleInfo.java:shutdownFollowerState(121)) - d2424f4d-20d2-4104-abcc-02e6288f3ffc: shutdown FollowerState
2019-10-17 21:15:51,455 [Thread-1342] INFO  impl.RaftServerImpl (RaftServerImpl.java:setRole(184)) - d2424f4d-20d2-4104-abcc-02e6288f3ffc@group-62509A8A5C15: changes role from  FOLLOWER to CANDIDATE at term 180 for changeToCandidate
2019-10-17 21:15:51,455 [Thread-1342] INFO  impl.RoleInfo (RoleInfo.java:updateAndGet(143)) - d2424f4d-20d2-4104-abcc-02e6288f3ffc: start LeaderElection
2019-10-17 21:15:51,471 [d2424f4d-20d2-4104-abcc-02e6288f3ffc@group-62509A8A5C15-LeaderElection171] INFO  impl.LeaderElection (LeaderElection.java:askForVotes(178)) - d2424f4d-20d2-4104-abcc-02e6288f3ffc@group-62509A8A5C15-LeaderElection171: begin an election at term 181 for -1: [3909bd6a-278d-4911-9d70-32680c972d02:192.168.157.223:33343, d2424f4d-20d2-4104-abcc-02e6288f3ffc:192.168.157.223:39352, 7c510082-4284-44ef-8cd9-bb38fb15579f:192.168.157.223:33098], old=null
2019-10-17 21:15:51,474 [grpc-default-executor-6] INFO  impl.RaftServerImpl (RaftServerImpl.java:setRole(184)) - 3909bd6a-278d-4911-9d70-32680c972d02@group-62509A8A5C15: changes role from  FOLLOWER to FOLLOWER at term 181 for recognizeCandidate:d2424f4d-20d2-4104-abcc-02e6288f3ffc
2019-10-17 21:15:51,474 [grpc-default-executor-6] INFO  impl.RoleInfo (RoleInfo.java:shutdownFollowerState(121)) - 3909bd6a-278d-4911-9d70-32680c972d02: shutdown FollowerState
2019-10-17 21:15:51,474 [grpc-default-executor-2] INFO  impl.RaftServerImpl (RaftServerImpl.java:setRole(184)) - 7c510082-4284-44ef-8cd9-bb38fb15579f@group-62509A8A5C15: changes role from  FOLLOWER to FOLLOWER at term 181 for recognizeCandidate:d2424f4d-20d2-4104-abcc-02e6288f3ffc
2019-10-17 21:15:51,475 [Thread-1340] INFO  impl.FollowerState (FollowerState.java:run(117)) - 3909bd6a-278d-4911-9d70-32680c972d02@group-62509A8A5C15-FollowerState was interrupted: java.lang.InterruptedException: sleep interrupted
2019-10-17 21:15:51,475 [grpc-default-executor-6] INFO  impl.RoleInfo (RoleInfo.java:updateAndGet(143)) - 3909bd6a-278d-4911-9d70-32680c972d02: start FollowerState
2019-10-17 21:15:51,475 [grpc-default-executor-2] INFO  impl.RoleInfo (RoleInfo.java:shutdownFollowerState(121)) - 7c510082-4284-44ef-8cd9-bb38fb15579f: shutdown FollowerState
2019-10-17 21:15:51,475 [grpc-default-executor-2] INFO  impl.RoleInfo (RoleInfo.java:updateAndGet(143)) - 7c510082-4284-44ef-8cd9-bb38fb15579f: start FollowerState
2019-10-17 21:15:51,475 [Thread-1341] INFO  impl.FollowerState (FollowerState.java:run(117)) - 7c510082-4284-44ef-8cd9-bb38fb15579f@group-62509A8A5C15-FollowerState was interrupted: java.lang.InterruptedException: sleep interrupted
2019-10-17 21:15:51,490 [d2424f4d-20d2-4104-abcc-02e6288f3ffc@group-62509A8A5C15-LeaderElection171] INFO  impl.LeaderElection (LeaderElection.java:logAndReturn(56)) - d2424f4d-20d2-4104-abcc-02e6288f3ffc@group-62509A8A5C15-LeaderElection171: Election REJECTED; received 2 response(s) [d2424f4d-20d2-4104-abcc-02e6288f3ffc<-3909bd6a-278d-4911-9d70-32680c972d02#0:FAIL-t181, d2424f4d-20d2-4104-abcc-02e6288f3ffc<-7c510082-4284-44ef-8cd9-bb38fb15579f#0:FAIL-t181] and 0 exception(s); d2424f4d-20d2-4104-abcc-02e6288f3ffc@group-62509A8A5C15:t181, leader=null, voted=d2424f4d-20d2-4104-abcc-02e6288f3ffc, raftlog=d2424f4d-20d2-4104-abcc-02e6288f3ffc@group-62509A8A5C15-SegmentedRaftLog:OPENED:c-1,f-1,i0, conf=-1: [3909bd6a-278d-4911-9d70-32680c972d02:192.168.157.223:33343, d2424f4d-20d2-4104-abcc-02e6288f3ffc:192.168.157.223:39352, 7c510082-4284-44ef-8cd9-bb38fb15579f:192.168.157.223:33098], old=null
2019-10-17 21:15:51,490 [d2424f4d-20d2-4104-abcc-02e6288f3ffc@group-62509A8A5C15-LeaderElection171] INFO  impl.RaftServerImpl (RaftServerImpl.java:setRole(184)) - d2424f4d-20d2-4104-abcc-02e6288f3ffc@group-62509A8A5C15: changes role from CANDIDATE to FOLLOWER at term 181 for DISCOVERED_A_NEW_TERM
2019-10-17 21:15:51,490 [d2424f4d-20d2-4104-abcc-02e6288f3ffc@group-62509A8A5C15-LeaderElection171] INFO  impl.RoleInfo (RoleInfo.java:shutdownLeaderElection(134)) - d2424f4d-20d2-4104-abcc-02e6288f3ffc: shutdown LeaderElection
2019-10-17 21:15:51,490 [d2424f4d-20d2-4104-abcc-02e6288f3ffc@group-62509A8A5C15-LeaderElection171] INFO  impl.RoleInfo (RoleInfo.java:updateAndGet(143)) - d2424f4d-20d2-4104-abcc-02e6288f3ffc: start FollowerState
2019-10-17 21:15:51,633 [Thread-1348] INFO  impl.FollowerState (FollowerState.java:run(108)) - d2424f4d-20d2-4104-abcc-02e6288f3ffc@group-62509A8A5C15-FollowerState: change to CANDIDATE, lastRpcTime:142ms, electionTimeout:142ms
2019-10-17 21:15:51,633 [Thread-1348] INFO  impl.RoleInfo (RoleInfo.java:shutdownFollowerState(121)) - d2424f4d-20d2-4104-abcc-02e6288f3ffc: shutdown FollowerState
2019-10-17 21:15:51,633 [Thread-1348] INFO  impl.RaftServerImpl (RaftServerImpl.java:setRole(184)) - d2424f4d-20d2-4104-abcc-02e6288f3ffc@group-62509A8A5C15: changes role from  FOLLOWER to CANDIDATE at term 181 for changeToCandidate
2019-10-17 21:15:51,633 [Thread-1348] INFO  impl.RoleInfo (RoleInfo.java:updateAndGet(143)) - d2424f4d-20d2-4104-abcc-02e6288f3ffc: start LeaderElection
2019-10-17 21:15:51,660 [d2424f4d-20d2-4104-abcc-02e6288f3ffc@group-62509A8A5C15-LeaderElection172] INFO  impl.LeaderElection (LeaderElection.java:askForVotes(178)) - d2424f4d-20d2-4104-abcc-02e6288f3ffc@group-62509A8A5C15-LeaderElection172: begin an election at term 182 for -1: [3909bd6a-278d-4911-9d70-32680c972d02:192.168.157.223:33343, d2424f4d-20d2-4104-abcc-02e6288f3ffc:192.168.157.223:39352, 7c510082-4284-44ef-8cd9-bb38fb15579f:192.168.157.223:33098], old=null
2019-10-17 21:15:51,663 [grpc-default-executor-6] INFO  impl.RaftServerImpl (RaftServerImpl.java:setRole(184)) - 3909bd6a-278d-4911-9d70-32680c972d02@group-62509A8A5C15: changes role from  FOLLOWER to FOLLOWER at term 182 for recognizeCandidate:d2424f4d-20d2-4104-abcc-02e6288f3ffc
2019-10-17 21:15:51,663 [grpc-default-executor-6] INFO  impl.RoleInfo (RoleInfo.java:shutdownFollowerState(121)) - 3909bd6a-278d-4911-9d70-32680c972d02: shutdown FollowerState
2019-10-17 21:15:51,663 [grpc-default-executor-6] INFO  impl.RoleInfo (RoleInfo.java:updateAndGet(143)) - 3909bd6a-278d-4911-9d70-32680c972d02: start FollowerState
2019-10-17 21:15:51,663 [grpc-default-executor-2] INFO  impl.RaftServerImpl (RaftServerImpl.java:setRole(184)) - 7c510082-4284-44ef-8cd9-bb38fb15579f@group-62509A8A5C15: changes role from  FOLLOWER to FOLLOWER at term 182 for recognizeCandidate:d2424f4d-20d2-4104-abcc-02e6288f3ffc
2019-10-17 21:15:51,664 [grpc-default-executor-2] INFO  impl.RoleInfo (RoleInfo.java:shutdownFollowerState(121)) - 7c510082-4284-44ef-8cd9-bb38fb15579f: shutdown FollowerState
2019-10-17 21:15:51,663 [Thread-1346] INFO  impl.FollowerState (FollowerState.java:run(117)) - 3909bd6a-278d-4911-9d70-32680c972d02@group-62509A8A5C15-FollowerState was interrupted: java.lang.InterruptedException: sleep interrupted
2019-10-17 21:15:51,664 [Thread-1347] INFO  impl.FollowerState (FollowerState.java:run(117)) - 7c510082-4284-44ef-8cd9-bb38fb15579f@group-62509A8A5C15-FollowerState was interrupted: java.lang.InterruptedException: sleep interrupted
2019-10-17 21:15:51,664 [grpc-default-executor-2] INFO  impl.RoleInfo (RoleInfo.java:updateAndGet(143)) - 7c510082-4284-44ef-8cd9-bb38fb15579f: start FollowerState
2019-10-17 21:15:51,689 [d2424f4d-20d2-4104-abcc-02e6288f3ffc@group-62509A8A5C15-LeaderElection172] INFO  impl.LeaderElection (LeaderElection.java:logAndReturn(56)) - d2424f4d-20d2-4104-abcc-02e6288f3ffc@group-62509A8A5C15-LeaderElection172: Election TIMEOUT; received 0 response(s) [] and 0 exception(s); d2424f4d-20d2-4104-abcc-02e6288f3ffc@group-62509A8A5C15:t182, leader=null, voted=d2424f4d-20d2-4104-abcc-02e6288f3ffc, raftlog=d2424f4d-20d2-4104-abcc-02e6288f3ffc@group-62509A8A5C15-SegmentedRaftLog:OPENED:c-1,f-1,i0, conf=-1: [3909bd6a-278d-4911-9d70-32680c972d02:192.168.157.223:33343, d2424f4d-20d2-4104-abcc-02e6288f3ffc:192.168.157.223:39352, 7c510082-4284-44ef-8cd9-bb38fb15579f:192.168.157.223:33098], old=null
2019-10-17 21:15:51,702 [d2424f4d-20d2-4104-abcc-02e6288f3ffc@group-62509A8A5C15-LeaderElection172] INFO  impl.LeaderElection (LeaderElection.java:askForVotes(178)) - d2424f4d-20d2-4104-abcc-02e6288f3ffc@group-62509A8A5C15-LeaderElection172: begin an election at term 183 for -1: [3909bd6a-278d-4911-9d70-32680c972d02:192.168.157.223:33343, d2424f4d-20d2-4104-abcc-02e6288f3ffc:192.168.157.223:39352, 7c510082-4284-44ef-8cd9-bb38fb15579f:192.168.157.223:33098], old=null
2019-10-17 21:15:51,705 [grpc-default-executor-2] INFO  impl.RaftServerImpl (RaftServerImpl.java:setRole(184)) - 3909bd6a-278d-4911-9d70-32680c972d02@group-62509A8A5C15: changes role from  FOLLOWER to FOLLOWER at term 183 for recognizeCandidate:d2424f4d-20d2-4104-abcc-02e6288f3ffc
2019-10-17 21:15:51,705 [grpc-default-executor-2] INFO  impl.RoleInfo (RoleInfo.java:shutdownFollowerState(121)) - 3909bd6a-278d-4911-9d70-32680c972d02: shutdown FollowerState
2019-10-17 21:15:51,705 [grpc-default-executor-2] INFO  impl.RoleInfo (RoleInfo.java:updateAndGet(143)) - 3909bd6a-278d-4911-9d70-32680c972d02: start FollowerState
2019-10-17 21:15:51,705 [Thread-1352] INFO  impl.FollowerState (FollowerState.java:run(117)) - 3909bd6a-278d-4911-9d70-32680c972d02@group-62509A8A5C15-FollowerState was interrupted: java.lang.InterruptedException: sleep interrupted
2019-10-17 21:15:51,705 [grpc-default-executor-6] INFO  impl.RaftServerImpl (RaftServerImpl.java:setRole(184)) - 7c510082-4284-44ef-8cd9-bb38fb15579f@group-62509A8A5C15: changes role from  FOLLOWER to FOLLOWER at term 183 for recognizeCandidate:d2424f4d-20d2-4104-abcc-02e6288f3ffc
2019-10-17 21:15:51,706 [grpc-default-executor-6] INFO  impl.RoleInfo (RoleInfo.java:shutdownFollowerState(121)) - 7c510082-4284-44ef-8cd9-bb38fb15579f: shutdown FollowerState
2019-10-17 21:15:51,706 [grpc-default-executor-6] INFO  impl.RoleInfo (RoleInfo.java:updateAndGet(143)) - 7c510082-4284-44ef-8cd9-bb38fb15579f: start FollowerState
2019-10-17 21:15:51,706 [Thread-1353] INFO  impl.FollowerState (FollowerState.java:run(117)) - 7c510082-4284-44ef-8cd9-bb38fb15579f@group-62509A8A5C15-FollowerState was interrupted: java.lang.InterruptedException: sleep interrupted
2019-10-17 21:15:51,732 [d2424f4d-20d2-4104-abcc-02e6288f3ffc@group-62509A8A5C15-LeaderElection172] INFO  impl.LeaderElection (LeaderElection.java:logAndReturn(56)) - d2424f4d-20d2-4104-abcc-02e6288f3ffc@group-62509A8A5C15-LeaderElection172: Election REJECTED; received 2 response(s) [d2424f4d-20d2-4104-abcc-02e6288f3ffc<-3909bd6a-278d-4911-9d70-32680c972d02#0:FAIL-t183, d2424f4d-20d2-4104-abcc-02e6288f3ffc<-7c510082-4284-44ef-8cd9-bb38fb15579f#0:FAIL-t183] and 0 exception(s); d2424f4d-20d2-4104-abcc-02e6288f3ffc@group-62509A8A5C15:t183, leader=null, voted=d2424f4d-20d2-4104-abcc-02e6288f3ffc, raftlog=d2424f4d-20d2-4104-abcc-02e6288f3ffc@group-62509A8A5C15-SegmentedRaftLog:OPENED:c-1,f-1,i0, conf=-1: [3909bd6a-278d-4911-9d70-32680c972d02:192.168.157.223:33343, d2424f4d-20d2-4104-abcc-02e6288f3ffc:192.168.157.223:39352, 7c510082-4284-44ef-8cd9-bb38fb15579f:192.168.157.223:33098], old=null
2019-10-17 21:15:51,732 [d2424f4d-20d2-4104-abcc-02e6288f3ffc@group-62509A8A5C15-LeaderElection172] INFO  impl.RaftServerImpl (RaftServerImpl.java:setRole(184)) - d2424f4d-20d2-4104-abcc-02e6288f3ffc@group-62509A8A5C15: changes role from CANDIDATE to FOLLOWER at term 183 for DISCOVERED_A_NEW_TERM
2019-10-17 21:15:51,732 [d2424f4d-20d2-4104-abcc-02e6288f3ffc@group-62509A8A5C15-LeaderElection172] INFO  impl.RoleInfo (RoleInfo.java:shutdownLeaderElection(134)) - d2424f4d-20d2-4104-abcc-02e6288f3ffc: shutdown LeaderElection
2019-10-17 21:15:51,732 [d2424f4d-20d2-4104-abcc-02e6288f3ffc@group-62509A8A5C15-LeaderElection172] INFO  impl.RoleInfo (RoleInfo.java:updateAndGet(143)) - d2424f4d-20d2-4104-abcc-02e6288f3ffc: start FollowerState
2019-10-17 21:15:51,863 [Thread-1358] INFO  impl.FollowerState (FollowerState.java:run(108)) - d2424f4d-20d2-4104-abcc-02e6288f3ffc@group-62509A8A5C15-FollowerState: change to CANDIDATE, lastRpcTime:130ms, electionTimeout:126ms
2019-10-17 21:15:51,864 [Thread-1358] INFO  impl.RoleInfo (RoleInfo.java:shutdownFollowerState(121)) - d2424f4d-20d2-4104-abcc-02e6288f3ffc: shutdown FollowerState
2019-10-17 21:15:51,864 [Thread-1358] INFO  impl.RaftServerImpl (RaftServerImpl.java:setRole(184)) - d2424f4d-20d2-4104-abcc-02e6288f3ffc@group-62509A8A5C15: changes role from  FOLLOWER to CANDIDATE at term 183 for changeToCandidate
2019-10-17 21:15:51,864 [Thread-1358] INFO  impl.RoleInfo (RoleInfo.java:updateAndGet(143)) - d2424f4d-20d2-4104-abcc-02e6288f3ffc: start LeaderElection
2019-10-17 21:15:51,880 [d2424f4d-20d2-4104-abcc-02e6288f3ffc@group-62509A8A5C15-LeaderElection173] INFO  impl.LeaderElection (LeaderElection.java:askForVotes(178)) - d2424f4d-20d2-4104-abcc-02e6288f3ffc@group-62509A8A5C15-LeaderElection173: begin an election at term 184 for -1: [3909bd6a-278d-4911-9d70-32680c972d02:192.168.157.223:33343, d2424f4d-20d2-4104-abcc-02e6288f3ffc:192.168.157.223:39352, 7c510082-4284-44ef-8cd9-bb38fb15579f:192.168.157.223:33098], old=null
2019-10-17 21:15:51,882 [grpc-default-executor-2] INFO  impl.RaftServerImpl (RaftServerImpl.java:setRole(184)) - 7c510082-4284-44ef-8cd9-bb38fb15579f@group-62509A8A5C15: changes role from  FOLLOWER to FOLLOWER at term 184 for recognizeCandidate:d2424f4d-20d2-4104-abcc-02e6288f3ffc
2019-10-17 21:15:51,882 [grpc-default-executor-6] INFO  impl.RaftServerImpl (RaftServerImpl.java:setRole(184)) - 3909bd6a-278d-4911-9d70-32680c972d02@group-62509A8A5C15: changes role from  FOLLOWER to FOLLOWER at term 184 for recognizeCandidate:d2424f4d-20d2-4104-abcc-02e6288f3ffc
2019-10-17 21:15:51,882 [grpc-default-executor-2] INFO  impl.RoleInfo (RoleInfo.java:shutdownFollowerState(121)) - 7c510082-4284-44ef-8cd9-bb38fb15579f: shutdown FollowerState
2019-10-17 21:15:51,883 [grpc-default-executor-6] INFO  impl.RoleInfo (RoleInfo.java:shutdownFollowerState(121)) - 3909bd6a-278d-4911-9d70-32680c972d02: shutdown FollowerState
2019-10-17 21:15:51,883 [Thread-1357] INFO  impl.FollowerState (FollowerState.java:run(117)) - 7c510082-4284-44ef-8cd9-bb38fb15579f@group-62509A8A5C15-FollowerState was interrupted: java.lang.InterruptedException: sleep interrupted
2019-10-17 21:15:51,883 [Thread-1356] INFO  impl.FollowerState (FollowerState.java:run(117)) - 3909bd6a-278d-4911-9d70-32680c972d02@group-62509A8A5C15-FollowerState was interrupted: java.lang.InterruptedException: sleep interrupted
2019-10-17 21:15:51,883 [grpc-default-executor-2] INFO  impl.RoleInfo (RoleInfo.java:updateAndGet(143)) - 7c510082-4284-44ef-8cd9-bb38fb15579f: start FollowerState
2019-10-17 21:15:51,883 [grpc-default-executor-6] INFO  impl.RoleInfo (RoleInfo.java:updateAndGet(143)) - 3909bd6a-278d-4911-9d70-32680c972d02: start FollowerState
2019-10-17 21:15:51,900 [d2424f4d-20d2-4104-abcc-02e6288f3ffc@group-62509A8A5C15-LeaderElection173] INFO  impl.LeaderElection (LeaderElection.java:logAndReturn(56)) - d2424f4d-20d2-4104-abcc-02e6288f3ffc@group-62509A8A5C15-LeaderElection173: Election REJECTED; received 2 response(s) [d2424f4d-20d2-4104-abcc-02e6288f3ffc<-3909bd6a-278d-4911-9d70-32680c972d02#0:FAIL-t184, d2424f4d-20d2-4104-abcc-02e6288f3ffc<-7c510082-4284-44ef-8cd9-bb38fb15579f#0:FAIL-t184] and 0 exception(s); d2424f4d-20d2-4104-abcc-02e6288f3ffc@group-62509A8A5C15:t184, leader=null, voted=d2424f4d-20d2-4104-abcc-02e6288f3ffc, raftlog=d2424f4d-20d2-4104-abcc-02e6288f3ffc@group-62509A8A5C15-SegmentedRaftLog:OPENED:c-1,f-1,i0, conf=-1: [3909bd6a-278d-4911-9d70-32680c972d02:192.168.157.223:33343, d2424f4d-20d2-4104-abcc-02e6288f3ffc:192.168.157.223:39352, 7c510082-4284-44ef-8cd9-bb38fb15579f:192.168.157.223:33098], old=null
2019-10-17 21:15:51,900 [d2424f4d-20d2-4104-abcc-02e6288f3ffc@group-62509A8A5C15-LeaderElection173] INFO  impl.RaftServerImpl (RaftServerImpl.java:setRole(184)) - d2424f4d-20d2-4104-abcc-02e6288f3ffc@group-62509A8A5C15: changes role from CANDIDATE to FOLLOWER at term 184 for DISCOVERED_A_NEW_TERM
2019-10-17 21:15:51,900 [d2424f4d-20d2-4104-abcc-02e6288f3ffc@group-62509A8A5C15-LeaderElection173] INFO  impl.RoleInfo (RoleInfo.java:shutdownLeaderElection(134)) - d2424f4d-20d2-4104-abcc-02e6288f3ffc: shutdown LeaderElection
2019-10-17 21:15:51,900 [d2424f4d-20d2-4104-abcc-02e6288f3ffc@group-62509A8A5C15-LeaderElection173] INFO  impl.RoleInfo (RoleInfo.java:updateAndGet(143)) - d2424f4d-20d2-4104-abcc-02e6288f3ffc: start FollowerState
2019-10-17 21:15:51,934 [Thread-1366] INFO  impl.FollowerState (FollowerState.java:run(108)) - d2424f4d-20d2-4104-abcc-02e6288f3ffc@group-62509A8A5C15-FollowerState: change to CANDIDATE, lastRpcTime:33ms, electionTimeout:33ms
2019-10-17 21:15:51,934 [Thread-1366] INFO  impl.RoleInfo (RoleInfo.java:shutdownFollowerState(121)) - d2424f4d-20d2-4104-abcc-02e6288f3ffc: shutdown FollowerState
2019-10-17 21:15:51,934 [Thread-1366] INFO  impl.RaftServerImpl (RaftServerImpl.java:setRole(184)) - d2424f4d-20d2-4104-abcc-02e6288f3ffc@group-62509A8A5C15: changes role from  FOLLOWER to CANDIDATE at term 184 for changeToCandidate
2019-10-17 21:15:51,934 [Thread-1366] INFO  impl.RoleInfo (RoleInfo.java:updateAndGet(143)) - d2424f4d-20d2-4104-abcc-02e6288f3ffc: start LeaderElection
2019-10-17 21:15:51,950 [d2424f4d-20d2-4104-abcc-02e6288f3ffc@group-62509A8A5C15-LeaderElection174] INFO  impl.LeaderElection (LeaderElection.java:askForVotes(178)) - d2424f4d-20d2-4104-abcc-02e6288f3ffc@group-62509A8A5C15-LeaderElection174: begin an election at term 185 for -1: [3909bd6a-278d-4911-9d70-32680c972d02:192.168.157.223:33343, d2424f4d-20d2-4104-abcc-02e6288f3ffc:192.168.157.223:39352, 7c510082-4284-44ef-8cd9-bb38fb15579f:192.168.157.223:33098], old=null
2019-10-17 21:15:51,952 [grpc-default-executor-6] INFO  impl.RaftServerImpl (RaftServerImpl.java:setRole(184)) - 7c510082-4284-44ef-8cd9-bb38fb15579f@group-62509A8A5C15: changes role from  FOLLOWER to FOLLOWER at term 185 for recognizeCandidate:d2424f4d-20d2-4104-abcc-02e6288f3ffc
2019-10-17 21:15:51,952 [grpc-default-executor-6] INFO  impl.RoleInfo (RoleInfo.java:shutdownFollowerState(121)) - 7c510082-4284-44ef-8cd9-bb38fb15579f: shutdown FollowerState
2019-10-17 21:15:51,952 [grpc-default-executor-2] INFO  impl.RaftServerImpl (RaftServerImpl.java:setRole(184)) - 3909bd6a-278d-4911-9d70-32680c972d02@group-62509A8A5C15: changes role from  FOLLOWER to FOLLOWER at term 185 for recognizeCandidate:d2424f4d-20d2-4104-abcc-02e6288f3ffc
2019-10-17 21:15:51,952 [grpc-default-executor-2] INFO  impl.RoleInfo (RoleInfo.java:shutdownFollowerState(121)) - 3909bd6a-278d-4911-9d70-32680c972d02: shutdown FollowerState
2019-10-17 21:15:51,952 [Thread-1364] INFO  impl.FollowerState (FollowerState.java:run(117)) - 7c510082-4284-44ef-8cd9-bb38fb15579f@group-62509A8A5C15-FollowerState was interrupted: java.lang.InterruptedException: sleep interrupted
2019-10-17 21:15:51,952 [grpc-default-executor-6] INFO  impl.RoleInfo (RoleInfo.java:updateAndGet(143)) - 7c510082-4284-44ef-8cd9-bb38fb15579f: start FollowerState
2019-10-17 21:15:51,953 [Thread-1365] INFO  impl.FollowerState (FollowerState.java:run(117)) - 3909bd6a-278d-4911-9d70-32680c972d02@group-62509A8A5C15-FollowerState was interrupted: java.lang.InterruptedException: sleep interrupted
2019-10-17 21:15:51,952 [grpc-default-executor-2] INFO  impl.RoleInfo (RoleInfo.java:updateAndGet(143)) - 3909bd6a-278d-4911-9d70-32680c972d02: start FollowerState
2019-10-17 21:15:51,979 [d2424f4d-20d2-4104-abcc-02e6288f3ffc@group-62509A8A5C15-LeaderElection174] INFO  impl.LeaderElection (LeaderElection.java:logAndReturn(56)) - d2424f4d-20d2-4104-abcc-02e6288f3ffc@group-62509A8A5C15-LeaderElection174: Election REJECTED; received 2 response(s) [d2424f4d-20d2-4104-abcc-02e6288f3ffc<-3909bd6a-278d-4911-9d70-32680c972d02#0:FAIL-t185, d2424f4d-20d2-4104-abcc-02e6288f3ffc<-7c510082-4284-44ef-8cd9-bb38fb15579f#0:FAIL-t185] and 0 exception(s); d2424f4d-20d2-4104-abcc-02e6288f3ffc@group-62509A8A5C15:t185, leader=null, voted=d2424f4d-20d2-4104-abcc-02e6288f3ffc, raftlog=d2424f4d-20d2-4104-abcc-02e6288f3ffc@group-62509A8A5C15-SegmentedRaftLog:OPENED:c-1,f-1,i0, conf=-1: [3909bd6a-278d-4911-9d70-32680c972d02:192.168.157.223:33343, d2424f4d-20d2-4104-abcc-02e6288f3ffc:192.168.157.223:39352, 7c510082-4284-44ef-8cd9-bb38fb15579f:192.168.157.223:33098], old=null
2019-10-17 21:15:51,979 [d2424f4d-20d2-4104-abcc-02e6288f3ffc@group-62509A8A5C15-LeaderElection174] INFO  impl.RaftServerImpl (RaftServerImpl.java:setRole(184)) - d2424f4d-20d2-4104-abcc-02e6288f3ffc@group-62509A8A5C15: changes role from CANDIDATE to FOLLOWER at term 185 for DISCOVERED_A_NEW_TERM
2019-10-17 21:15:51,979 [d2424f4d-20d2-4104-abcc-02e6288f3ffc@group-62509A8A5C15-LeaderElection174] INFO  impl.RoleInfo (RoleInfo.java:shutdownLeaderElection(134)) - d2424f4d-20d2-4104-abcc-02e6288f3ffc: shutdown LeaderElection
2019-10-17 21:15:51,980 [d2424f4d-20d2-4104-abcc-02e6288f3ffc@group-62509A8A5C15-LeaderElection174] INFO  impl.RoleInfo (RoleInfo.java:updateAndGet(143)) - d2424f4d-20d2-4104-abcc-02e6288f3ffc: start FollowerState
2019-10-17 21:15:52,153 [Thread-1372] INFO  impl.FollowerState (FollowerState.java:run(108)) - d2424f4d-20d2-4104-abcc-02e6288f3ffc@group-62509A8A5C15-FollowerState: change to CANDIDATE, lastRpcTime:173ms, electionTimeout:173ms
2019-10-17 21:15:52,153 [Thread-1372] INFO  impl.RoleInfo (RoleInfo.java:shutdownFollowerState(121)) - d2424f4d-20d2-4104-abcc-02e6288f3ffc: shutdown FollowerState
2019-10-17 21:15:52,154 [Thread-1372] INFO  impl.RaftServerImpl (RaftServerImpl.java:setRole(184)) - d2424f4d-20d2-4104-abcc-02e6288f3ffc@group-62509A8A5C15: changes role from  FOLLOWER to CANDIDATE at term 185 for changeToCandidate
2019-10-17 21:15:52,154 [Thread-1372] INFO  impl.RoleInfo (RoleInfo.java:updateAndGet(143)) - d2424f4d-20d2-4104-abcc-02e6288f3ffc: start LeaderElection
2019-10-17 21:15:52,168 [d2424f4d-20d2-4104-abcc-02e6288f3ffc@group-62509A8A5C15-LeaderElection175] INFO  impl.LeaderElection (LeaderElection.java:askForVotes(178)) - d2424f4d-20d2-4104-abcc-02e6288f3ffc@group-62509A8A5C15-LeaderElection175: begin an election at term 186 for -1: [3909bd6a-278d-4911-9d70-32680c972d02:192.168.157.223:33343, d2424f4d-20d2-4104-abcc-02e6288f3ffc:192.168.157.223:39352, 7c510082-4284-44ef-8cd9-bb38fb15579f:192.168.157.223:33098], old=null
2019-10-17 21:15:52,171 [grpc-default-executor-6] INFO  impl.RaftServerImpl (RaftServerImpl.java:setRole(184)) - 3909bd6a-278d-4911-9d70-32680c972d02@group-62509A8A5C15: changes role from  FOLLOWER to FOLLOWER at term 186 for recognizeCandidate:d2424f4d-20d2-4104-abcc-02e6288f3ffc
2019-10-17 21:15:52,171 [grpc-default-executor-2] INFO  impl.RaftServerImpl (RaftServerImpl.java:setRole(184)) - 7c510082-4284-44ef-8cd9-bb38fb15579f@group-62509A8A5C15: changes role from  FOLLOWER to FOLLOWER at term 186 for recognizeCandidate:d2424f4d-20d2-4104-abcc-02e6288f3ffc
2019-10-17 21:15:52,171 [grpc-default-executor-6] INFO  impl.RoleInfo (RoleInfo.java:shutdownFollowerState(121)) - 3909bd6a-278d-4911-9d70-32680c972d02: shutdown FollowerState
2019-10-17 21:15:52,171 [grpc-default-executor-2] INFO  impl.RoleInfo (RoleInfo.java:shutdownFollowerState(121)) - 7c510082-4284-44ef-8cd9-bb38fb15579f: shutdown FollowerState
2019-10-17 21:15:52,172 [Thread-1371] INFO  impl.FollowerState (FollowerState.java:run(117)) - 3909bd6a-278d-4911-9d70-32680c972d02@group-62509A8A5C15-FollowerState was interrupted: java.lang.InterruptedException: sleep interrupted
2019-10-17 21:15:52,171 [grpc-default-executor-6] INFO  impl.RoleInfo (RoleInfo.java:updateAndGet(143)) - 3909bd6a-278d-4911-9d70-32680c972d02: start FollowerState
2019-10-17 21:15:52,172 [Thread-1370] INFO  impl.FollowerState (FollowerState.java:run(117)) - 7c510082-4284-44ef-8cd9-bb38fb15579f@group-62509A8A5C15-FollowerState was interrupted: java.lang.InterruptedException: sleep interrupted
2019-10-17 21:15:52,172 [grpc-default-executor-2] INFO  impl.RoleInfo (RoleInfo.java:updateAndGet(143)) - 7c510082-4284-44ef-8cd9-bb38fb15579f: start FollowerState
2019-10-17 21:15:52,188 [d2424f4d-20d2-4104-abcc-02e6288f3ffc@group-62509A8A5C15-LeaderElection175] INFO  impl.LeaderElection (LeaderElection.java:logAndReturn(56)) - d2424f4d-20d2-4104-abcc-02e6288f3ffc@group-62509A8A5C15-LeaderElection175: Election REJECTED; received 2 response(s) [d2424f4d-20d2-4104-abcc-02e6288f3ffc<-3909bd6a-278d-4911-9d70-32680c972d02#0:FAIL-t186, d2424f4d-20d2-4104-abcc-02e6288f3ffc<-7c510082-4284-44ef-8cd9-bb38fb15579f#0:FAIL-t186] and 0 exception(s); d2424f4d-20d2-4104-abcc-02e6288f3ffc@group-62509A8A5C15:t186, leader=null, voted=d2424f4d-20d2-4104-abcc-02e6288f3ffc, raftlog=d2424f4d-20d2-4104-abcc-02e6288f3ffc@group-62509A8A5C15-SegmentedRaftLog:OPENED:c-1,f-1,i0, conf=-1: [3909bd6a-278d-4911-9d70-32680c972d02:192.168.157.223:33343, d2424f4d-20d2-4104-abcc-02e6288f3ffc:192.168.157.223:39352, 7c510082-4284-44ef-8cd9-bb38fb15579f:192.168.157.223:33098], old=null
2019-10-17 21:15:52,188 [d2424f4d-20d2-4104-abcc-02e6288f3ffc@group-62509A8A5C15-LeaderElection175] INFO  impl.RaftServerImpl (RaftServerImpl.java:setRole(184)) - d2424f4d-20d2-4104-abcc-02e6288f3ffc@group-62509A8A5C15: changes role from CANDIDATE to FOLLOWER at term 186 for DISCOVERED_A_NEW_TERM
2019-10-17 21:15:52,188 [d2424f4d-20d2-4104-abcc-02e6288f3ffc@group-62509A8A5C15-LeaderElection175] INFO  impl.RoleInfo (RoleInfo.java:shutdownLeaderElection(134)) - d2424f4d-20d2-4104-abcc-02e6288f3ffc: shutdown LeaderElection
2019-10-17 21:15:52,188 [d2424f4d-20d2-4104-abcc-02e6288f3ffc@group-62509A8A5C15-LeaderElection175] INFO  impl.RoleInfo (RoleInfo.java:updateAndGet(143)) - d2424f4d-20d2-4104-abcc-02e6288f3ffc: start FollowerState
2019-10-17 21:15:52,249 [Thread-1378] INFO  impl.FollowerState (FollowerState.java:run(108)) - d2424f4d-20d2-4104-abcc-02e6288f3ffc@group-62509A8A5C15-FollowerState: change to CANDIDATE, lastRpcTime:60ms, electionTimeout:60ms
2019-10-17 21:15:52,249 [Thread-1378] INFO  impl.RoleInfo (RoleInfo.java:shutdownFollowerState(121)) - d2424f4d-20d2-4104-abcc-02e6288f3ffc: shutdown FollowerState
2019-10-17 21:15:52,249 [Thread-1378] INFO  impl.RaftServerImpl (RaftServerImpl.java:setRole(184)) - d2424f4d-20d2-4104-abcc-02e6288f3ffc@group-62509A8A5C15: changes role from  FOLLOWER to CANDIDATE at term 186 for changeToCandidate
2019-10-17 21:15:52,249 [Thread-1378] INFO  impl.RoleInfo (RoleInfo.java:updateAndGet(143)) - d2424f4d-20d2-4104-abcc-02e6288f3ffc: start LeaderElection
2019-10-17 21:15:52,265 [d2424f4d-20d2-4104-abcc-02e6288f3ffc@group-62509A8A5C15-LeaderElection176] INFO  impl.LeaderElection (LeaderElection.java:askForVotes(178)) - d2424f4d-20d2-4104-abcc-02e6288f3ffc@group-62509A8A5C15-LeaderElection176: begin an election at term 187 for -1: [3909bd6a-278d-4911-9d70-32680c972d02:192.168.157.223:33343, d2424f4d-20d2-4104-abcc-02e6288f3ffc:192.168.157.223:39352, 7c510082-4284-44ef-8cd9-bb38fb15579f:192.168.157.223:33098], old=null
2019-10-17 21:15:52,268 [grpc-default-executor-2] INFO  impl.RaftServerImpl (RaftServerImpl.java:setRole(184)) - 3909bd6a-278d-4911-9d70-32680c972d02@group-62509A8A5C15: changes role from  FOLLOWER to FOLLOWER at term 187 for recognizeCandidate:d2424f4d-20d2-4104-abcc-02e6288f3ffc
2019-10-17 21:15:52,268 [grpc-default-executor-6] INFO  impl.RaftServerImpl (RaftServerImpl.java:setRole(184)) - 7c510082-4284-44ef-8cd9-bb38fb15579f@group-62509A8A5C15: changes role from  FOLLOWER to FOLLOWER at term 187 for recognizeCandidate:d2424f4d-20d2-4104-abcc-02e6288f3ffc
2019-10-17 21:15:52,268 [grpc-default-executor-2] INFO  impl.RoleInfo (RoleInfo.java:shutdownFollowerState(121)) - 3909bd6a-278d-4911-9d70-32680c972d02: shutdown FollowerState
2019-10-17 21:15:52,268 [grpc-default-executor-6] INFO  impl.RoleInfo (RoleInfo.java:shutdownFollowerState(121)) - 7c510082-4284-44ef-8cd9-bb38fb15579f: shutdown FollowerState
2019-10-17 21:15:52,268 [grpc-default-executor-2] INFO  impl.RoleInfo (RoleInfo.java:updateAndGet(143)) - 3909bd6a-278d-4911-9d70-32680c972d02: start FollowerState
2019-10-17 21:15:52,269 [Thread-1377] INFO  impl.FollowerState (FollowerState.java:run(117)) - 7c510082-4284-44ef-8cd9-bb38fb15579f@group-62509A8A5C15-FollowerState was interrupted: java.lang.InterruptedException: sleep interrupted
2019-10-17 21:15:52,268 [grpc-default-executor-6] INFO  impl.RoleInfo (RoleInfo.java:updateAndGet(143)) - 7c510082-4284-44ef-8cd9-bb38fb15579f: start FollowerState
2019-10-17 21:15:52,268 [Thread-1376] INFO  impl.FollowerState (FollowerState.java:run(117)) - 3909bd6a-278d-4911-9d70-32680c972d02@group-62509A8A5C15-FollowerState was interrupted: java.lang.InterruptedException: sleep interrupted
2019-10-17 21:15:52,308 [d2424f4d-20d2-4104-abcc-02e6288f3ffc@group-62509A8A5C15-LeaderElection176] INFO  impl.LeaderElection (LeaderElection.java:logAndReturn(56)) - d2424f4d-20d2-4104-abcc-02e6288f3ffc@group-62509A8A5C15-LeaderElection176: Election TIMEOUT; received 0 response(s) [] and 0 exception(s); d2424f4d-20d2-4104-abcc-02e6288f3ffc@group-62509A8A5C15:t187, leader=null, voted=d2424f4d-20d2-4104-abcc-02e6288f3ffc, raftlog=d2424f4d-20d2-4104-abcc-02e6288f3ffc@group-62509A8A5C15-SegmentedRaftLog:OPENED:c-1,f-1,i0, conf=-1: [3909bd6a-278d-4911-9d70-32680c972d02:192.168.157.223:33343, d2424f4d-20d2-4104-abcc-02e6288f3ffc:192.168.157.223:39352, 7c510082-4284-44ef-8cd9-bb38fb15579f:192.168.157.223:33098], old=null
2019-10-17 21:15:52,346 [d2424f4d-20d2-4104-abcc-02e6288f3ffc@group-62509A8A5C15-LeaderElection176] INFO  impl.LeaderElection (LeaderElection.java:askForVotes(178)) - d2424f4d-20d2-4104-abcc-02e6288f3ffc@group-62509A8A5C15-LeaderElection176: begin an election at term 188 for -1: [3909bd6a-278d-4911-9d70-32680c972d02:192.168.157.223:33343, d2424f4d-20d2-4104-abcc-02e6288f3ffc:192.168.157.223:39352, 7c510082-4284-44ef-8cd9-bb38fb15579f:192.168.157.223:33098], old=null
2019-10-17 21:15:52,348 [grpc-default-executor-6] INFO  impl.RaftServerImpl (RaftServerImpl.java:setRole(184)) - 3909bd6a-278d-4911-9d70-32680c972d02@group-62509A8A5C15: changes role from  FOLLOWER to FOLLOWER at term 188 for recognizeCandidate:d2424f4d-20d2-4104-abcc-02e6288f3ffc
2019-10-17 21:15:52,349 [grpc-default-executor-6] INFO  impl.RoleInfo (RoleInfo.java:shutdownFollowerState(121)) - 3909bd6a-278d-4911-9d70-32680c972d02: shutdown FollowerState
2019-10-17 21:15:52,349 [grpc-default-executor-6] INFO  impl.RoleInfo (RoleInfo.java:updateAndGet(143)) - 3909bd6a-278d-4911-9d70-32680c972d02: start FollowerState
2019-10-17 21:15:52,349 [Thread-1382] INFO  impl.FollowerState (FollowerState.java:run(117)) - 3909bd6a-278d-4911-9d70-32680c972d02@group-62509A8A5C15-FollowerState was interrupted: java.lang.InterruptedException: sleep interrupted
2019-10-17 21:15:52,349 [grpc-default-executor-2] INFO  impl.RaftServerImpl (RaftServerImpl.java:setRole(184)) - 7c510082-4284-44ef-8cd9-bb38fb15579f@group-62509A8A5C15: changes role from  FOLLOWER to FOLLOWER at term 188 for recognizeCandidate:d2424f4d-20d2-4104-abcc-02e6288f3ffc
2019-10-17 21:15:52,349 [grpc-default-executor-2] INFO  impl.RoleInfo (RoleInfo.java:shutdownFollowerState(121)) - 7c510082-4284-44ef-8cd9-bb38fb15579f: shutdown FollowerState
2019-10-17 21:15:52,349 [grpc-default-executor-2] INFO  impl.RoleInfo (RoleInfo.java:updateAndGet(143)) - 7c510082-4284-44ef-8cd9-bb38fb15579f: start FollowerState
2019-10-17 21:15:52,349 [Thread-1383] INFO  impl.FollowerState (FollowerState.java:run(117)) - 7c510082-4284-44ef-8cd9-bb38fb15579f@group-62509A8A5C15-FollowerState was interrupted: java.lang.InterruptedException: sleep interrupted
2019-10-17 21:15:52,375 [d2424f4d-20d2-4104-abcc-02e6288f3ffc@group-62509A8A5C15-LeaderElection176] INFO  impl.LeaderElection (LeaderElection.java:logAndReturn(56)) - d2424f4d-20d2-4104-abcc-02e6288f3ffc@group-62509A8A5C15-LeaderElection176: Election REJECTED; received 2 response(s) [d2424f4d-20d2-4104-abcc-02e6288f3ffc<-3909bd6a-278d-4911-9d70-32680c972d02#0:FAIL-t188, d2424f4d-20d2-4104-abcc-02e6288f3ffc<-7c510082-4284-44ef-8cd9-bb38fb15579f#0:FAIL-t188] and 0 exception(s); d2424f4d-20d2-4104-abcc-02e6288f3ffc@group-62509A8A5C15:t188, leader=null, voted=d2424f4d-20d2-4104-abcc-02e6288f3ffc, raftlog=d2424f4d-20d2-4104-abcc-02e6288f3ffc@group-62509A8A5C15-SegmentedRaftLog:OPENED:c-1,f-1,i0, conf=-1: [3909bd6a-278d-4911-9d70-32680c972d02:192.168.157.223:33343, d2424f4d-20d2-4104-abcc-02e6288f3ffc:192.168.157.223:39352, 7c510082-4284-44ef-8cd9-bb38fb15579f:192.168.157.223:33098], old=null
2019-10-17 21:15:52,375 [d2424f4d-20d2-4104-abcc-02e6288f3ffc@group-62509A8A5C15-LeaderElection176] INFO  impl.RaftServerImpl (RaftServerImpl.java:setRole(184)) - d2424f4d-20d2-4104-abcc-02e6288f3ffc@group-62509A8A5C15: changes role from CANDIDATE to FOLLOWER at term 188 for DISCOVERED_A_NEW_TERM
2019-10-17 21:15:52,375 [d2424f4d-20d2-4104-abcc-02e6288f3ffc@group-62509A8A5C15-LeaderElection176] INFO  impl.RoleInfo (RoleInfo.java:shutdownLeaderElection(134)) - d2424f4d-20d2-4104-abcc-02e6288f3ffc: shutdown LeaderElection
2019-10-17 21:15:52,376 [d2424f4d-20d2-4104-abcc-02e6288f3ffc@group-62509A8A5C15-LeaderElection176] INFO  impl.RoleInfo (RoleInfo.java:updateAndGet(143)) - d2424f4d-20d2-4104-abcc-02e6288f3ffc: start FollowerState
2019-10-17 21:15:52,435 [Thread-1388] INFO  impl.FollowerState (FollowerState.java:run(108)) - d2424f4d-20d2-4104-abcc-02e6288f3ffc@group-62509A8A5C15-FollowerState: change to CANDIDATE, lastRpcTime:59ms, electionTimeout:59ms
2019-10-17 21:15:52,435 [Thread-1388] INFO  impl.RoleInfo (RoleInfo.java:shutdownFollowerState(121)) - d2424f4d-20d2-4104-abcc-02e6288f3ffc: shutdown FollowerState
2019-10-17 21:15:52,435 [Thread-1388] INFO  impl.RaftServerImpl (RaftServerImpl.java:setRole(184)) - d2424f4d-20d2-4104-abcc-02e6288f3ffc@group-62509A8A5C15: changes role from  FOLLOWER to CANDIDATE at term 188 for changeToCandidate
2019-10-17 21:15:52,435 [Thread-1388] INFO  impl.RoleInfo (RoleInfo.java:updateAndGet(143)) - d2424f4d-20d2-4104-abcc-02e6288f3ffc: start LeaderElection
2019-10-17 21:15:52,448 [d2424f4d-20d2-4104-abcc-02e6288f3ffc@group-62509A8A5C15-LeaderElection177] INFO  impl.LeaderElection (LeaderElection.java:askForVotes(178)) - d2424f4d-20d2-4104-abcc-02e6288f3ffc@group-62509A8A5C15-LeaderElection177: begin an election at term 189 for -1: [3909bd6a-278d-4911-9d70-32680c972d02:192.168.157.223:33343, d2424f4d-20d2-4104-abcc-02e6288f3ffc:192.168.157.223:39352, 7c510082-4284-44ef-8cd9-bb38fb15579f:192.168.157.223:33098], old=null
2019-10-17 21:15:52,450 [grpc-default-executor-2] INFO  impl.RaftServerImpl (RaftServerImpl.java:setRole(184)) - 7c510082-4284-44ef-8cd9-bb38fb15579f@group-62509A8A5C15: changes role from  FOLLOWER to FOLLOWER at term 189 for recognizeCandidate:d2424f4d-20d2-4104-abcc-02e6288f3ffc
2019-10-17 21:15:52,451 [grpc-default-executor-2] INFO  impl.RoleInfo (RoleInfo.java:shutdownFollowerState(121)) - 7c510082-4284-44ef-8cd9-bb38fb15579f: shutdown FollowerState
2019-10-17 21:15:52,451 [grpc-default-executor-6] INFO  impl.RaftServerImpl (RaftServerImpl.java:setRole(184)) - 3909bd6a-278d-4911-9d70-32680c972d02@group-62509A8A5C15: changes role from  FOLLOWER to FOLLOWER at term 189 for recognizeCandidate:d2424f4d-20d2-4104-abcc-02e6288f3ffc
2019-10-17 21:15:52,451 [grpc-default-executor-2] INFO  impl.RoleInfo (RoleInfo.java:updateAndGet(143)) - 7c510082-4284-44ef-8cd9-bb38fb15579f: start FollowerState
2019-10-17 21:15:52,451 [Thread-1387] INFO  impl.FollowerState (FollowerState.java:run(117)) - 7c510082-4284-44ef-8cd9-bb38fb15579f@group-62509A8A5C15-FollowerState was interrupted: java.lang.InterruptedException: sleep interrupted
2019-10-17 21:15:52,451 [grpc-default-executor-6] INFO  impl.RoleInfo (RoleInfo.java:shutdownFollowerState(121)) - 3909bd6a-278d-4911-9d70-32680c972d02: shutdown FollowerState
2019-10-17 21:15:52,451 [grpc-default-executor-6] INFO  impl.RoleInfo (RoleInfo.java:updateAndGet(143)) - 3909bd6a-278d-4911-9d70-32680c972d02: start FollowerState
2019-10-17 21:15:52,451 [Thread-1386] INFO  impl.FollowerState (FollowerState.java:run(117)) - 3909bd6a-278d-4911-9d70-32680c972d02@group-62509A8A5C15-FollowerState was interrupted: java.lang.InterruptedException: sleep interrupted
2019-10-17 21:15:52,476 [d2424f4d-20d2-4104-abcc-02e6288f3ffc@group-62509A8A5C15-LeaderElection177] INFO  impl.LeaderElection (LeaderElection.java:logAndReturn(56)) - d2424f4d-20d2-4104-abcc-02e6288f3ffc@group-62509A8A5C15-LeaderElection177: Election REJECTED; received 2 response(s) [d2424f4d-20d2-4104-abcc-02e6288f3ffc<-3909bd6a-278d-4911-9d70-32680c972d02#0:FAIL-t189, d2424f4d-20d2-4104-abcc-02e6288f3ffc<-7c510082-4284-44ef-8cd9-bb38fb15579f#0:FAIL-t189] and 0 exception(s); d2424f4d-20d2-4104-abcc-02e6288f3ffc@group-62509A8A5C15:t189, leader=null, voted=d2424f4d-20d2-4104-abcc-02e6288f3ffc, raftlog=d2424f4d-20d2-4104-abcc-02e6288f3ffc@group-62509A8A5C15-SegmentedRaftLog:OPENED:c-1,f-1,i0, conf=-1: [3909bd6a-278d-4911-9d70-32680c972d02:192.168.157.223:33343, d2424f4d-20d2-4104-abcc-02e6288f3ffc:192.168.157.223:39352, 7c510082-4284-44ef-8cd9-bb38fb15579f:192.168.157.223:33098], old=null
2019-10-17 21:15:52,476 [d2424f4d-20d2-4104-abcc-02e6288f3ffc@group-62509A8A5C15-LeaderElection177] INFO  impl.RaftServerImpl (RaftServerImpl.java:setRole(184)) - d2424f4d-20d2-4104-abcc-02e6288f3ffc@group-62509A8A5C15: changes role from CANDIDATE to FOLLOWER at term 189 for DISCOVERED_A_NEW_TERM
2019-10-17 21:15:52,476 [d2424f4d-20d2-4104-abcc-02e6288f3ffc@group-62509A8A5C15-LeaderElection177] INFO  impl.RoleInfo (RoleInfo.java:shutdownLeaderElection(134)) - d2424f4d-20d2-4104-abcc-02e6288f3ffc: shutdown LeaderElection
2019-10-17 21:15:52,476 [d2424f4d-20d2-4104-abcc-02e6288f3ffc@group-62509A8A5C15-LeaderElection177] INFO  impl.RoleInfo (RoleInfo.java:updateAndGet(143)) - d2424f4d-20d2-4104-abcc-02e6288f3ffc: start FollowerState
2019-10-17 21:15:52,528 [Thread-1394] INFO  impl.FollowerState (FollowerState.java:run(108)) - d2424f4d-20d2-4104-abcc-02e6288f3ffc@group-62509A8A5C15-FollowerState: change to CANDIDATE, lastRpcTime:51ms, electionTimeout:51ms
2019-10-17 21:15:52,528 [Thread-1394] INFO  impl.RoleInfo (RoleInfo.java:shutdownFollowerState(121)) - d2424f4d-20d2-4104-abcc-02e6288f3ffc: shutdown FollowerState
2019-10-17 21:15:52,528 [Thread-1394] INFO  impl.RaftServerImpl (RaftServerImpl.java:setRole(184)) - d2424f4d-20d2-4104-abcc-02e6288f3ffc@group-62509A8A5C15: changes role from  FOLLOWER to CANDIDATE at term 189 for changeToCandidate
2019-10-17 21:15:52,528 [Thread-1394] INFO  impl.RoleInfo (RoleInfo.java:updateAndGet(143)) - d2424f4d-20d2-4104-abcc-02e6288f3ffc: start LeaderElection
2019-10-17 21:15:52,541 [d2424f4d-20d2-4104-abcc-02e6288f3ffc@group-62509A8A5C15-LeaderElection178] INFO  impl.LeaderElection (LeaderElection.java:askForVotes(178)) - d2424f4d-20d2-4104-abcc-02e6288f3ffc@group-62509A8A5C15-LeaderElection178: begin an election at term 190 for -1: [3909bd6a-278d-4911-9d70-32680c972d02:192.168.157.223:33343, d2424f4d-20d2-4104-abcc-02e6288f3ffc:192.168.157.223:39352, 7c510082-4284-44ef-8cd9-bb38fb15579f:192.168.157.223:33098], old=null
2019-10-17 21:15:52,543 [grpc-default-executor-6] INFO  impl.RaftServerImpl (RaftServerImpl.java:setRole(184)) - 7c510082-4284-44ef-8cd9-bb38fb15579f@group-62509A8A5C15: changes role from  FOLLOWER to FOLLOWER at term 190 for recognizeCandidate:d2424f4d-20d2-4104-abcc-02e6288f3ffc
2019-10-17 21:15:52,543 [grpc-default-executor-2] INFO  impl.RaftServerImpl (RaftServerImpl.java:setRole(184)) - 3909bd6a-278d-4911-9d70-32680c972d02@group-62509A8A5C15: changes role from  FOLLOWER to FOLLOWER at term 190 for recognizeCandidate:d2424f4d-20d2-4104-abcc-02e6288f3ffc
2019-10-17 21:15:52,543 [grpc-default-executor-6] INFO  impl.RoleInfo (RoleInfo.java:shutdownFollowerState(121)) - 7c510082-4284-44ef-8cd9-bb38fb15579f: shutdown FollowerState
2019-10-17 21:15:52,543 [grpc-default-executor-2] INFO  impl.RoleInfo (RoleInfo.java:shutdownFollowerState(121)) - 3909bd6a-278d-4911-9d70-32680c972d02: shutdown FollowerState
2019-10-17 21:15:52,543 [grpc-default-executor-6] INFO  impl.RoleInfo (RoleInfo.java:updateAndGet(143)) - 7c510082-4284-44ef-8cd9-bb38fb15579f: start FollowerState
2019-10-17 21:15:52,544 [Thread-1393] INFO  impl.FollowerState (FollowerState.java:run(117)) - 3909bd6a-278d-4911-9d70-32680c972d02@group-62509A8A5C15-FollowerState was interrupted: java.lang.InterruptedException: sleep interrupted
2019-10-17 21:15:52,544 [grpc-default-executor-2] INFO  impl.RoleInfo (RoleInfo.java:updateAndGet(143)) - 3909bd6a-278d-4911-9d70-32680c972d02: start FollowerState
2019-10-17 21:15:52,544 [Thread-1392] INFO  impl.FollowerState (FollowerState.java:run(117)) - 7c510082-4284-44ef-8cd9-bb38fb15579f@group-62509A8A5C15-FollowerState was interrupted: java.lang.InterruptedException: sleep interrupted
2019-10-17 21:15:52,558 [d2424f4d-20d2-4104-abcc-02e6288f3ffc@group-62509A8A5C15-LeaderElection178] INFO  impl.LeaderElection (LeaderElection.java:logAndReturn(56)) - d2424f4d-20d2-4104-abcc-02e6288f3ffc@group-62509A8A5C15-LeaderElection178: Election TIMEOUT; received 0 response(s) [] and 0 exception(s); d2424f4d-20d2-4104-abcc-02e6288f3ffc@group-62509A8A5C15:t190, leader=null, voted=d2424f4d-20d2-4104-abcc-02e6288f3ffc, raftlog=d2424f4d-20d2-4104-abcc-02e6288f3ffc@group-62509A8A5C15-SegmentedRaftLog:OPENED:c-1,f-1,i0, conf=-1: [3909bd6a-278d-4911-9d70-32680c972d02:192.168.157.223:33343, d2424f4d-20d2-4104-abcc-02e6288f3ffc:192.168.157.223:39352, 7c510082-4284-44ef-8cd9-bb38fb15579f:192.168.157.223:33098], old=null
2019-10-17 21:15:52,570 [d2424f4d-20d2-4104-abcc-02e6288f3ffc@group-62509A8A5C15-LeaderElection178] INFO  impl.LeaderElection (LeaderElection.java:askForVotes(178)) - d2424f4d-20d2-4104-abcc-02e6288f3ffc@group-62509A8A5C15-LeaderElection178: begin an election at term 191 for -1: [3909bd6a-278d-4911-9d70-32680c972d02:192.168.157.223:33343, d2424f4d-20d2-4104-abcc-02e6288f3ffc:192.168.157.223:39352, 7c510082-4284-44ef-8cd9-bb38fb15579f:192.168.157.223:33098], old=null
2019-10-17 21:15:52,572 [grpc-default-executor-6] INFO  impl.RaftServerImpl (RaftServerImpl.java:setRole(184)) - 3909bd6a-278d-4911-9d70-32680c972d02@group-62509A8A5C15: changes role from  FOLLOWER to FOLLOWER at term 191 for recognizeCandidate:d2424f4d-20d2-4104-abcc-02e6288f3ffc
2019-10-17 21:15:52,572 [grpc-default-executor-6] INFO  impl.RoleInfo (RoleInfo.java:shutdownFollowerState(121)) - 3909bd6a-278d-4911-9d70-32680c972d02: shutdown FollowerState
2019-10-17 21:15:52,572 [grpc-default-executor-6] INFO  impl.RoleInfo (RoleInfo.java:updateAndGet(143)) - 3909bd6a-278d-4911-9d70-32680c972d02: start FollowerState
2019-10-17 21:15:52,572 [Thread-1399] INFO  impl.FollowerState (FollowerState.java:run(117)) - 3909bd6a-278d-4911-9d70-32680c972d02@group-62509A8A5C15-FollowerState was interrupted: java.lang.InterruptedException: sleep interrupted
2019-10-17 21:15:52,573 [grpc-default-executor-2] INFO  impl.RaftServerImpl (RaftServerImpl.java:setRole(184)) - 7c510082-4284-44ef-8cd9-bb38fb15579f@group-62509A8A5C15: changes role from  FOLLOWER to FOLLOWER at term 191 for recognizeCandidate:d2424f4d-20d2-4104-abcc-02e6288f3ffc
2019-10-17 21:15:52,573 [grpc-default-executor-2] INFO  impl.RoleInfo (RoleInfo.java:shutdownFollowerState(121)) - 7c510082-4284-44ef-8cd9-bb38fb15579f: shutdown FollowerState
2019-10-17 21:15:52,573 [grpc-default-executor-2] INFO  impl.RoleInfo (RoleInfo.java:updateAndGet(143)) - 7c510082-4284-44ef-8cd9-bb38fb15579f: start FollowerState
2019-10-17 21:15:52,573 [Thread-1398] INFO  impl.FollowerState (FollowerState.java:run(117)) - 7c510082-4284-44ef-8cd9-bb38fb15579f@group-62509A8A5C15-FollowerState was interrupted: java.lang.InterruptedException: sleep interrupted
2019-10-17 21:15:52,589 [d2424f4d-20d2-4104-abcc-02e6288f3ffc@group-62509A8A5C15-LeaderElection178] INFO  impl.LeaderElection (LeaderElection.java:logAndReturn(56)) - d2424f4d-20d2-4104-abcc-02e6288f3ffc@group-62509A8A5C15-LeaderElection178: Election REJECTED; received 2 response(s) [d2424f4d-20d2-4104-abcc-02e6288f3ffc<-3909bd6a-278d-4911-9d70-32680c972d02#0:FAIL-t191, d2424f4d-20d2-4104-abcc-02e6288f3ffc<-7c510082-4284-44ef-8cd9-bb38fb15579f#0:FAIL-t191] and 0 exception(s); d2424f4d-20d2-4104-abcc-02e6288f3ffc@group-62509A8A5C15:t191, leader=null, voted=d2424f4d-20d2-4104-abcc-02e6288f3ffc, raftlog=d2424f4d-20d2-4104-abcc-02e6288f3ffc@group-62509A8A5C15-SegmentedRaftLog:OPENED:c-1,f-1,i0, conf=-1: [3909bd6a-278d-4911-9d70-32680c972d02:192.168.157.223:33343, d2424f4d-20d2-4104-abcc-02e6288f3ffc:192.168.157.223:39352, 7c510082-4284-44ef-8cd9-bb38fb15579f:192.168.157.223:33098], old=null
2019-10-17 21:15:52,589 [d2424f4d-20d2-4104-abcc-02e6288f3ffc@group-62509A8A5C15-LeaderElection178] INFO  impl.RaftServerImpl (RaftServerImpl.java:setRole(184)) - d2424f4d-20d2-4104-abcc-02e6288f3ffc@group-62509A8A5C15: changes role from CANDIDATE to FOLLOWER at term 191 for DISCOVERED_A_NEW_TERM
2019-10-17 21:15:52,589 [d2424f4d-20d2-4104-abcc-02e6288f3ffc@group-62509A8A5C15-LeaderElection178] INFO  impl.RoleInfo (RoleInfo.java:shutdownLeaderElection(134)) - d2424f4d-20d2-4104-abcc-02e6288f3ffc: shutdown LeaderElection
2019-10-17 21:15:52,589 [d2424f4d-20d2-4104-abcc-02e6288f3ffc@group-62509A8A5C15-LeaderElection178] INFO  impl.RoleInfo (RoleInfo.java:updateAndGet(143)) - d2424f4d-20d2-4104-abcc-02e6288f3ffc: start FollowerState
2019-10-17 21:15:52,622 [Thread-1404] INFO  impl.FollowerState (FollowerState.java:run(108)) - d2424f4d-20d2-4104-abcc-02e6288f3ffc@group-62509A8A5C15-FollowerState: change to CANDIDATE, lastRpcTime:33ms, electionTimeout:33ms
2019-10-17 21:15:52,623 [Thread-1404] INFO  impl.RoleInfo (RoleInfo.java:shutdownFollowerState(121)) - d2424f4d-20d2-4104-abcc-02e6288f3ffc: shutdown FollowerState
2019-10-17 21:15:52,623 [Thread-1404] INFO  impl.RaftServerImpl (RaftServerImpl.java:setRole(184)) - d2424f4d-20d2-4104-abcc-02e6288f3ffc@group-62509A8A5C15: changes role from  FOLLOWER to CANDIDATE at term 191 for changeToCandidate
2019-10-17 21:15:52,623 [Thread-1404] INFO  impl.RoleInfo (RoleInfo.java:updateAndGet(143)) - d2424f4d-20d2-4104-abcc-02e6288f3ffc: start LeaderElection
2019-10-17 21:15:52,636 [d2424f4d-20d2-4104-abcc-02e6288f3ffc@group-62509A8A5C15-LeaderElection179] INFO  impl.LeaderElection (LeaderElection.java:askForVotes(178)) - d2424f4d-20d2-4104-abcc-02e6288f3ffc@group-62509A8A5C15-LeaderElection179: begin an election at term 192 for -1: [3909bd6a-278d-4911-9d70-32680c972d02:192.168.157.223:33343, d2424f4d-20d2-4104-abcc-02e6288f3ffc:192.168.157.223:39352, 7c510082-4284-44ef-8cd9-bb38fb15579f:192.168.157.223:33098], old=null
2019-10-17 21:15:52,638 [grpc-default-executor-6] INFO  impl.RaftServerImpl (RaftServerImpl.java:setRole(184)) - 7c510082-4284-44ef-8cd9-bb38fb15579f@group-62509A8A5C15: changes role from  FOLLOWER to FOLLOWER at term 192 for recognizeCandidate:d2424f4d-20d2-4104-abcc-02e6288f3ffc
2019-10-17 21:15:52,638 [grpc-default-executor-6] INFO  impl.RoleInfo (RoleInfo.java:shutdownFollowerState(121)) - 7c510082-4284-44ef-8cd9-bb38fb15579f: shutdown FollowerState
2019-10-17 21:15:52,638 [grpc-default-executor-6] INFO  impl.RoleInfo (RoleInfo.java:updateAndGet(143)) - 7c510082-4284-44ef-8cd9-bb38fb15579f: start FollowerState
2019-10-17 21:15:52,638 [Thread-1403] INFO  impl.FollowerState (FollowerState.java:run(117)) - 7c510082-4284-44ef-8cd9-bb38fb15579f@group-62509A8A5C15-FollowerState was interrupted: java.lang.InterruptedException: sleep interrupted
2019-10-17 21:15:52,638 [grpc-default-executor-2] INFO  impl.RaftServerImpl (RaftServerImpl.java:setRole(184)) - 3909bd6a-278d-4911-9d70-32680c972d02@group-62509A8A5C15: changes role from  FOLLOWER to FOLLOWER at term 192 for recognizeCandidate:d2424f4d-20d2-4104-abcc-02e6288f3ffc
2019-10-17 21:15:52,639 [grpc-default-executor-2] INFO  impl.RoleInfo (RoleInfo.java:shutdownFollowerState(121)) - 3909bd6a-278d-4911-9d70-32680c972d02: shutdown FollowerState
2019-10-17 21:15:52,639 [grpc-default-executor-2] INFO  impl.RoleInfo (RoleInfo.java:updateAndGet(143)) - 3909bd6a-278d-4911-9d70-32680c972d02: start FollowerState
2019-10-17 21:15:52,639 [Thread-1402] INFO  impl.FollowerState (FollowerState.java:run(117)) - 3909bd6a-278d-4911-9d70-32680c972d02@group-62509A8A5C15-FollowerState was interrupted: java.lang.InterruptedException: sleep interrupted
2019-10-17 21:15:52,656 [d2424f4d-20d2-4104-abcc-02e6288f3ffc@group-62509A8A5C15-LeaderElection179] INFO  impl.LeaderElection (LeaderElection.java:logAndReturn(56)) - d2424f4d-20d2-4104-abcc-02e6288f3ffc@group-62509A8A5C15-LeaderElection179: Election REJECTED; received 2 response(s) [d2424f4d-20d2-4104-abcc-02e6288f3ffc<-3909bd6a-278d-4911-9d70-32680c972d02#0:FAIL-t192, d2424f4d-20d2-4104-abcc-02e6288f3ffc<-7c510082-4284-44ef-8cd9-bb38fb15579f#0:FAIL-t192] and 0 exception(s); d2424f4d-20d2-4104-abcc-02e6288f3ffc@group-62509A8A5C15:t192, leader=null, voted=d2424f4d-20d2-4104-abcc-02e6288f3ffc, raftlog=d2424f4d-20d2-4104-abcc-02e6288f3ffc@group-62509A8A5C15-SegmentedRaftLog:OPENED:c-1,f-1,i0, conf=-1: [3909bd6a-278d-4911-9d70-32680c972d02:192.168.157.223:33343, d2424f4d-20d2-4104-abcc-02e6288f3ffc:192.168.157.223:39352, 7c510082-4284-44ef-8cd9-bb38fb15579f:192.168.157.223:33098], old=null
2019-10-17 21:15:52,656 [d2424f4d-20d2-4104-abcc-02e6288f3ffc@group-62509A8A5C15-LeaderElection179] INFO  impl.RaftServerImpl (RaftServerImpl.java:setRole(184)) - d2424f4d-20d2-4104-abcc-02e6288f3ffc@group-62509A8A5C15: changes role from CANDIDATE to FOLLOWER at term 192 for DISCOVERED_A_NEW_TERM
2019-10-17 21:15:52,656 [d2424f4d-20d2-4104-abcc-02e6288f3ffc@group-62509A8A5C15-LeaderElection179] INFO  impl.RoleInfo (RoleInfo.java:shutdownLeaderElection(134)) - d2424f4d-20d2-4104-abcc-02e6288f3ffc: shutdown LeaderElection
2019-10-17 21:15:52,656 [d2424f4d-20d2-4104-abcc-02e6288f3ffc@group-62509A8A5C15-LeaderElection179] INFO  impl.RoleInfo (RoleInfo.java:updateAndGet(143)) - d2424f4d-20d2-4104-abcc-02e6288f3ffc: start FollowerState
2019-10-17 21:15:52,713 [Thread-1411] INFO  impl.FollowerState (FollowerState.java:run(108)) - d2424f4d-20d2-4104-abcc-02e6288f3ffc@group-62509A8A5C15-FollowerState: change to CANDIDATE, lastRpcTime:57ms, electionTimeout:57ms
2019-10-17 21:15:52,714 [Thread-1411] INFO  impl.RoleInfo (RoleInfo.java:shutdownFollowerState(121)) - d2424f4d-20d2-4104-abcc-02e6288f3ffc: shutdown FollowerState
2019-10-17 21:15:52,714 [Thread-1411] INFO  impl.RaftServerImpl (RaftServerImpl.java:setRole(184)) - d2424f4d-20d2-4104-abcc-02e6288f3ffc@group-62509A8A5C15: changes role from  FOLLOWER to CANDIDATE at term 192 for changeToCandidate
2019-10-17 21:15:52,714 [Thread-1411] INFO  impl.RoleInfo (RoleInfo.java:updateAndGet(143)) - d2424f4d-20d2-4104-abcc-02e6288f3ffc: start LeaderElection
2019-10-17 21:15:52,727 [d2424f4d-20d2-4104-abcc-02e6288f3ffc@group-62509A8A5C15-LeaderElection180] INFO  impl.LeaderElection (LeaderElection.java:askForVotes(178)) - d2424f4d-20d2-4104-abcc-02e6288f3ffc@group-62509A8A5C15-LeaderElection180: begin an election at term 193 for -1: [3909bd6a-278d-4911-9d70-32680c972d02:192.168.157.223:33343, d2424f4d-20d2-4104-abcc-02e6288f3ffc:192.168.157.223:39352, 7c510082-4284-44ef-8cd9-bb38fb15579f:192.168.157.223:33098], old=null
2019-10-17 21:15:52,729 [grpc-default-executor-6] INFO  impl.RaftServerImpl (RaftServerImpl.java:setRole(184)) - 3909bd6a-278d-4911-9d70-32680c972d02@group-62509A8A5C15: changes role from  FOLLOWER to FOLLOWER at term 193 for recognizeCandidate:d2424f4d-20d2-4104-abcc-02e6288f3ffc
2019-10-17 21:15:52,729 [grpc-default-executor-6] INFO  impl.RoleInfo (RoleInfo.java:shutdownFollowerState(121)) - 3909bd6a-278d-4911-9d70-32680c972d02: shutdown FollowerState
2019-10-17 21:15:52,729 [grpc-default-executor-2] INFO  impl.RaftServerImpl (RaftServerImpl.java:setRole(184)) - 7c510082-4284-44ef-8cd9-bb38fb15579f@group-62509A8A5C15: changes role from  FOLLOWER to FOLLOWER at term 193 for recognizeCandidate:d2424f4d-20d2-4104-abcc-02e6288f3ffc
2019-10-17 21:15:52,729 [Thread-1409] INFO  impl.FollowerState (FollowerState.java:run(117)) - 3909bd6a-278d-4911-9d70-32680c972d02@group-62509A8A5C15-FollowerState was interrupted: java.lang.InterruptedException: sleep interrupted
2019-10-17 21:15:52,729 [grpc-default-executor-6] INFO  impl.RoleInfo (RoleInfo.java:updateAndGet(143)) - 3909bd6a-278d-4911-9d70-32680c972d02: start FollowerState
2019-10-17 21:15:52,729 [grpc-default-executor-2] INFO  impl.RoleInfo (RoleInfo.java:shutdownFollowerState(121)) - 7c510082-4284-44ef-8cd9-bb38fb15579f: shutdown FollowerState
2019-10-17 21:15:52,730 [grpc-default-executor-2] INFO  impl.RoleInfo (RoleInfo.java:updateAndGet(143)) - 7c510082-4284-44ef-8cd9-bb38fb15579f: start FollowerState
2019-10-17 21:15:52,730 [Thread-1408] INFO  impl.FollowerState (FollowerState.java:run(117)) - 7c510082-4284-44ef-8cd9-bb38fb15579f@group-62509A8A5C15-FollowerState was interrupted: java.lang.InterruptedException: sleep interrupted
2019-10-17 21:15:52,746 [d2424f4d-20d2-4104-abcc-02e6288f3ffc@group-62509A8A5C15-LeaderElection180] INFO  impl.LeaderElection (LeaderElection.java:logAndReturn(56)) - d2424f4d-20d2-4104-abcc-02e6288f3ffc@group-62509A8A5C15-LeaderElection180: Election REJECTED; received 2 response(s) [d2424f4d-20d2-4104-abcc-02e6288f3ffc<-3909bd6a-278d-4911-9d70-32680c972d02#0:FAIL-t193, d2424f4d-20d2-4104-abcc-02e6288f3ffc<-7c510082-4284-44ef-8cd9-bb38fb15579f#0:FAIL-t193] and 0 exception(s); d2424f4d-20d2-4104-abcc-02e6288f3ffc@group-62509A8A5C15:t193, leader=null, voted=d2424f4d-20d2-4104-abcc-02e6288f3ffc, raftlog=d2424f4d-20d2-4104-abcc-02e6288f3ffc@group-62509A8A5C15-SegmentedRaftLog:OPENED:c-1,f-1,i0, conf=-1: [3909bd6a-278d-4911-9d70-32680c972d02:192.168.157.223:33343, d2424f4d-20d2-4104-abcc-02e6288f3ffc:192.168.157.223:39352, 7c510082-4284-44ef-8cd9-bb38fb15579f:192.168.157.223:33098], old=null
2019-10-17 21:15:52,746 [d2424f4d-20d2-4104-abcc-02e6288f3ffc@group-62509A8A5C15-LeaderElection180] INFO  impl.RaftServerImpl (RaftServerImpl.java:setRole(184)) - d2424f4d-20d2-4104-abcc-02e6288f3ffc@group-62509A8A5C15: changes role from CANDIDATE to FOLLOWER at term 193 for DISCOVERED_A_NEW_TERM
2019-10-17 21:15:52,746 [d2424f4d-20d2-4104-abcc-02e6288f3ffc@group-62509A8A5C15-LeaderElection180] INFO  impl.RoleInfo (RoleInfo.java:shutdownLeaderElection(134)) - d2424f4d-20d2-4104-abcc-02e6288f3ffc: shutdown LeaderElection
2019-10-17 21:15:52,746 [d2424f4d-20d2-4104-abcc-02e6288f3ffc@group-62509A8A5C15-LeaderElection180] INFO  impl.RoleInfo (RoleInfo.java:updateAndGet(143)) - d2424f4d-20d2-4104-abcc-02e6288f3ffc: start FollowerState
2019-10-17 21:15:52,762 [Thread-1417] INFO  impl.FollowerState (FollowerState.java:run(108)) - d2424f4d-20d2-4104-abcc-02e6288f3ffc@group-62509A8A5C15-FollowerState: change to CANDIDATE, lastRpcTime:15ms, electionTimeout:15ms
2019-10-17 21:15:52,762 [Thread-1417] INFO  impl.RoleInfo (RoleInfo.java:shutdownFollowerState(121)) - d2424f4d-20d2-4104-abcc-02e6288f3ffc: shutdown FollowerState
2019-10-17 21:15:52,762 [Thread-1417] INFO  impl.RaftServerImpl (RaftServerImpl.java:setRole(184)) - d2424f4d-20d2-4104-abcc-02e6288f3ffc@group-62509A8A5C15: changes role from  FOLLOWER to CANDIDATE at term 193 for changeToCandidate
2019-10-17 21:15:52,762 [Thread-1417] INFO  impl.RoleInfo (RoleInfo.java:updateAndGet(143)) - d2424f4d-20d2-4104-abcc-02e6288f3ffc: start LeaderElection
2019-10-17 21:15:52,797 [d2424f4d-20d2-4104-abcc-02e6288f3ffc@group-62509A8A5C15-LeaderElection181] INFO  impl.LeaderElection (LeaderElection.java:askForVotes(178)) - d2424f4d-20d2-4104-abcc-02e6288f3ffc@group-62509A8A5C15-LeaderElection181: begin an election at term 194 for -1: [3909bd6a-278d-4911-9d70-32680c972d02:192.168.157.223:33343, d2424f4d-20d2-4104-abcc-02e6288f3ffc:192.168.157.223:39352, 7c510082-4284-44ef-8cd9-bb38fb15579f:192.168.157.223:33098], old=null
2019-10-17 21:15:52,799 [grpc-default-executor-2] INFO  impl.RaftServerImpl (RaftServerImpl.java:setRole(184)) - 3909bd6a-278d-4911-9d70-32680c972d02@group-62509A8A5C15: changes role from  FOLLOWER to FOLLOWER at term 194 for recognizeCandidate:d2424f4d-20d2-4104-abcc-02e6288f3ffc
2019-10-17 21:15:52,799 [grpc-default-executor-2] INFO  impl.RoleInfo (RoleInfo.java:shutdownFollowerState(121)) - 3909bd6a-278d-4911-9d70-32680c972d02: shutdown FollowerState
2019-10-17 21:15:52,799 [grpc-default-executor-6] INFO  impl.RaftServerImpl (RaftServerImpl.java:setRole(184)) - 7c510082-4284-44ef-8cd9-bb38fb15579f@group-62509A8A5C15: changes role from  FOLLOWER to FOLLOWER at term 194 for recognizeCandidate:d2424f4d-20d2-4104-abcc-02e6288f3ffc
2019-10-17 21:15:52,800 [Thread-1415] INFO  impl.FollowerState (FollowerState.java:run(117)) - 3909bd6a-278d-4911-9d70-32680c972d02@group-62509A8A5C15-FollowerState was interrupted: java.lang.InterruptedException: sleep interrupted
2019-10-17 21:15:52,800 [grpc-default-executor-2] INFO  impl.RoleInfo (RoleInfo.java:updateAndGet(143)) - 3909bd6a-278d-4911-9d70-32680c972d02: start FollowerState
2019-10-17 21:15:52,800 [grpc-default-executor-6] INFO  impl.RoleInfo (RoleInfo.java:shutdownFollowerState(121)) - 7c510082-4284-44ef-8cd9-bb38fb15579f: shutdown FollowerState
2019-10-17 21:15:52,800 [grpc-default-executor-6] INFO  impl.RoleInfo (RoleInfo.java:updateAndGet(143)) - 7c510082-4284-44ef-8cd9-bb38fb15579f: start FollowerState
2019-10-17 21:15:52,800 [Thread-1416] INFO  impl.FollowerState (FollowerState.java:run(117)) - 7c510082-4284-44ef-8cd9-bb38fb15579f@group-62509A8A5C15-FollowerState was interrupted: java.lang.InterruptedException: sleep interrupted
2019-10-17 21:15:52,825 [d2424f4d-20d2-4104-abcc-02e6288f3ffc@group-62509A8A5C15-LeaderElection181] INFO  impl.LeaderElection (LeaderElection.java:logAndReturn(56)) - d2424f4d-20d2-4104-abcc-02e6288f3ffc@group-62509A8A5C15-LeaderElection181: Election REJECTED; received 2 response(s) [d2424f4d-20d2-4104-abcc-02e6288f3ffc<-3909bd6a-278d-4911-9d70-32680c972d02#0:FAIL-t194, d2424f4d-20d2-4104-abcc-02e6288f3ffc<-7c510082-4284-44ef-8cd9-bb38fb15579f#0:FAIL-t194] and 0 exception(s); d2424f4d-20d2-4104-abcc-02e6288f3ffc@group-62509A8A5C15:t194, leader=null, voted=d2424f4d-20d2-4104-abcc-02e6288f3ffc, raftlog=d2424f4d-20d2-4104-abcc-02e6288f3ffc@group-62509A8A5C15-SegmentedRaftLog:OPENED:c-1,f-1,i0, conf=-1: [3909bd6a-278d-4911-9d70-32680c972d02:192.168.157.223:33343, d2424f4d-20d2-4104-abcc-02e6288f3ffc:192.168.157.223:39352, 7c510082-4284-44ef-8cd9-bb38fb15579f:192.168.157.223:33098], old=null
2019-10-17 21:15:52,825 [d2424f4d-20d2-4104-abcc-02e6288f3ffc@group-62509A8A5C15-LeaderElection181] INFO  impl.RaftServerImpl (RaftServerImpl.java:setRole(184)) - d2424f4d-20d2-4104-abcc-02e6288f3ffc@group-62509A8A5C15: changes role from CANDIDATE to FOLLOWER at term 194 for DISCOVERED_A_NEW_TERM
2019-10-17 21:15:52,825 [d2424f4d-20d2-4104-abcc-02e6288f3ffc@group-62509A8A5C15-LeaderElection181] INFO  impl.RoleInfo (RoleInfo.java:shutdownLeaderElection(134)) - d2424f4d-20d2-4104-abcc-02e6288f3ffc: shutdown LeaderElection
2019-10-17 21:15:52,825 [d2424f4d-20d2-4104-abcc-02e6288f3ffc@group-62509A8A5C15-LeaderElection181] INFO  impl.RoleInfo (RoleInfo.java:updateAndGet(143)) - d2424f4d-20d2-4104-abcc-02e6288f3ffc: start FollowerState
2019-10-17 21:15:52,912 [Thread-1423] INFO  impl.FollowerState (FollowerState.java:run(108)) - d2424f4d-20d2-4104-abcc-02e6288f3ffc@group-62509A8A5C15-FollowerState: change to CANDIDATE, lastRpcTime:86ms, electionTimeout:86ms
2019-10-17 21:15:52,912 [Thread-1423] INFO  impl.RoleInfo (RoleInfo.java:shutdownFollowerState(121)) - d2424f4d-20d2-4104-abcc-02e6288f3ffc: shutdown FollowerState
2019-10-17 21:15:52,912 [Thread-1423] INFO  impl.RaftServerImpl (RaftServerImpl.java:setRole(184)) - d2424f4d-20d2-4104-abcc-02e6288f3ffc@group-62509A8A5C15: changes role from  FOLLOWER to CANDIDATE at term 194 for changeToCandidate
2019-10-17 21:15:52,912 [Thread-1423] INFO  impl.RoleInfo (RoleInfo.java:updateAndGet(143)) - d2424f4d-20d2-4104-abcc-02e6288f3ffc: start LeaderElection
2019-10-17 21:15:52,926 [d2424f4d-20d2-4104-abcc-02e6288f3ffc@group-62509A8A5C15-LeaderElection182] INFO  impl.LeaderElection (LeaderElection.java:askForVotes(178)) - d2424f4d-20d2-4104-abcc-02e6288f3ffc@group-62509A8A5C15-LeaderElection182: begin an election at term 195 for -1: [3909bd6a-278d-4911-9d70-32680c972d02:192.168.157.223:33343, d2424f4d-20d2-4104-abcc-02e6288f3ffc:192.168.157.223:39352, 7c510082-4284-44ef-8cd9-bb38fb15579f:192.168.157.223:33098], old=null
2019-10-17 21:15:52,928 [grpc-default-executor-6] INFO  impl.RaftServerImpl (RaftServerImpl.java:setRole(184)) - 3909bd6a-278d-4911-9d70-32680c972d02@group-62509A8A5C15: changes role from  FOLLOWER to FOLLOWER at term 195 for recognizeCandidate:d2424f4d-20d2-4104-abcc-02e6288f3ffc
2019-10-17 21:15:52,928 [grpc-default-executor-6] INFO  impl.RoleInfo (RoleInfo.java:shutdownFollowerState(121)) - 3909bd6a-278d-4911-9d70-32680c972d02: shutdown FollowerState
2019-10-17 21:15:52,928 [grpc-default-executor-6] INFO  impl.RoleInfo (RoleInfo.java:updateAndGet(143)) - 3909bd6a-278d-4911-9d70-32680c972d02: start FollowerState
2019-10-17 21:15:52,928 [Thread-1421] INFO  impl.FollowerState (FollowerState.java:run(117)) - 3909bd6a-278d-4911-9d70-32680c972d02@group-62509A8A5C15-FollowerState was interrupted: java.lang.InterruptedException: sleep interrupted
2019-10-17 21:15:52,928 [grpc-default-executor-2] INFO  impl.RaftServerImpl (RaftServerImpl.java:setRole(184)) - 7c510082-4284-44ef-8cd9-bb38fb15579f@group-62509A8A5C15: changes role from  FOLLOWER to FOLLOWER at term 195 for recognizeCandidate:d2424f4d-20d2-4104-abcc-02e6288f3ffc
2019-10-17 21:15:52,929 [grpc-default-executor-2] INFO  impl.RoleInfo (RoleInfo.java:shutdownFollowerState(121)) - 7c510082-4284-44ef-8cd9-bb38fb15579f: shutdown FollowerState
2019-10-17 21:15:52,929 [grpc-default-executor-2] INFO  impl.RoleInfo (RoleInfo.java:updateAndGet(143)) - 7c510082-4284-44ef-8cd9-bb38fb15579f: start FollowerState
2019-10-17 21:15:52,929 [Thread-1422] INFO  impl.FollowerState (FollowerState.java:run(117)) - 7c510082-4284-44ef-8cd9-bb38fb15579f@group-62509A8A5C15-FollowerState was interrupted: java.lang.InterruptedException: sleep interrupted
2019-10-17 21:15:52,944 [d2424f4d-20d2-4104-abcc-02e6288f3ffc@group-62509A8A5C15-LeaderElection182] INFO  impl.LeaderElection (LeaderElection.java:logAndReturn(56)) - d2424f4d-20d2-4104-abcc-02e6288f3ffc@group-62509A8A5C15-LeaderElection182: Election REJECTED; received 2 response(s) [d2424f4d-20d2-4104-abcc-02e6288f3ffc<-3909bd6a-278d-4911-9d70-32680c972d02#0:FAIL-t195, d2424f4d-20d2-4104-abcc-02e6288f3ffc<-7c510082-4284-44ef-8cd9-bb38fb15579f#0:FAIL-t195] and 0 exception(s); d2424f4d-20d2-4104-abcc-02e6288f3ffc@group-62509A8A5C15:t195, leader=null, voted=d2424f4d-20d2-4104-abcc-02e6288f3ffc, raftlog=d2424f4d-20d2-4104-abcc-02e6288f3ffc@group-62509A8A5C15-SegmentedRaftLog:OPENED:c-1,f-1,i0, conf=-1: [3909bd6a-278d-4911-9d70-32680c972d02:192.168.157.223:33343, d2424f4d-20d2-4104-abcc-02e6288f3ffc:192.168.157.223:39352, 7c510082-4284-44ef-8cd9-bb38fb15579f:192.168.157.223:33098], old=null
2019-10-17 21:15:52,944 [d2424f4d-20d2-4104-abcc-02e6288f3ffc@group-62509A8A5C15-LeaderElection182] INFO  impl.RaftServerImpl (RaftServerImpl.java:setRole(184)) - d2424f4d-20d2-4104-abcc-02e6288f3ffc@group-62509A8A5C15: changes role from CANDIDATE to FOLLOWER at term 195 for DISCOVERED_A_NEW_TERM
2019-10-17 21:15:52,944 [d2424f4d-20d2-4104-abcc-02e6288f3ffc@group-62509A8A5C15-LeaderElection182] INFO  impl.RoleInfo (RoleInfo.java:shutdownLeaderElection(134)) - d2424f4d-20d2-4104-abcc-02e6288f3ffc: shutdown LeaderElection
2019-10-17 21:15:52,944 [d2424f4d-20d2-4104-abcc-02e6288f3ffc@group-62509A8A5C15-LeaderElection182] INFO  impl.RoleInfo (RoleInfo.java:updateAndGet(143)) - d2424f4d-20d2-4104-abcc-02e6288f3ffc: start FollowerState
2019-10-17 21:15:52,958 [Thread-1431] INFO  impl.FollowerState (FollowerState.java:run(108)) - d2424f4d-20d2-4104-abcc-02e6288f3ffc@group-62509A8A5C15-FollowerState: change to CANDIDATE, lastRpcTime:13ms, electionTimeout:13ms
2019-10-17 21:15:52,958 [Thread-1431] INFO  impl.RoleInfo (RoleInfo.java:shutdownFollowerState(121)) - d2424f4d-20d2-4104-abcc-02e6288f3ffc: shutdown FollowerState
2019-10-17 21:15:52,958 [Thread-1431] INFO  impl.RaftServerImpl (RaftServerImpl.java:setRole(184)) - d2424f4d-20d2-4104-abcc-02e6288f3ffc@group-62509A8A5C15: changes role from  FOLLOWER to CANDIDATE at term 195 for changeToCandidate
2019-10-17 21:15:52,958 [Thread-1431] INFO  impl.RoleInfo (RoleInfo.java:updateAndGet(143)) - d2424f4d-20d2-4104-abcc-02e6288f3ffc: start LeaderElection
2019-10-17 21:15:52,973 [d2424f4d-20d2-4104-abcc-02e6288f3ffc@group-62509A8A5C15-LeaderElection183] INFO  impl.LeaderElection (LeaderElection.java:askForVotes(178)) - d2424f4d-20d2-4104-abcc-02e6288f3ffc@group-62509A8A5C15-LeaderElection183: begin an election at term 196 for -1: [3909bd6a-278d-4911-9d70-32680c972d02:192.168.157.223:33343, d2424f4d-20d2-4104-abcc-02e6288f3ffc:192.168.157.223:39352, 7c510082-4284-44ef-8cd9-bb38fb15579f:192.168.157.223:33098], old=null
2019-10-17 21:15:52,975 [grpc-default-executor-2] INFO  impl.RaftServerImpl (RaftServerImpl.java:setRole(184)) - 3909bd6a-278d-4911-9d70-32680c972d02@group-62509A8A5C15: changes role from  FOLLOWER to FOLLOWER at term 196 for recognizeCandidate:d2424f4d-20d2-4104-abcc-02e6288f3ffc
2019-10-17 21:15:52,975 [grpc-default-executor-2] INFO  impl.RoleInfo (RoleInfo.java:shutdownFollowerState(121)) - 3909bd6a-278d-4911-9d70-32680c972d02: shutdown FollowerState
2019-10-17 21:15:52,975 [grpc-default-executor-6] INFO  impl.RaftServerImpl (RaftServerImpl.java:setRole(184)) - 7c510082-4284-44ef-8cd9-bb38fb15579f@group-62509A8A5C15: changes role from  FOLLOWER to FOLLOWER at term 196 for recognizeCandidate:d2424f4d-20d2-4104-abcc-02e6288f3ffc
2019-10-17 21:15:52,976 [grpc-default-executor-6] INFO  impl.RoleInfo (RoleInfo.java:shutdownFollowerState(121)) - 7c510082-4284-44ef-8cd9-bb38fb15579f: shutdown FollowerState
2019-10-17 21:15:52,975 [Thread-1429] INFO  impl.FollowerState (FollowerState.java:run(117)) - 3909bd6a-278d-4911-9d70-32680c972d02@group-62509A8A5C15-FollowerState was interrupted: java.lang.InterruptedException: sleep interrupted
2019-10-17 21:15:52,975 [grpc-default-executor-2] INFO  impl.RoleInfo (RoleInfo.java:updateAndGet(143)) - 3909bd6a-278d-4911-9d70-32680c972d02: start FollowerState
2019-10-17 21:15:52,976 [Thread-1430] INFO  impl.FollowerState (FollowerState.java:run(117)) - 7c510082-4284-44ef-8cd9-bb38fb15579f@group-62509A8A5C15-FollowerState was interrupted: java.lang.InterruptedException: sleep interrupted
2019-10-17 21:15:52,976 [grpc-default-executor-6] INFO  impl.RoleInfo (RoleInfo.java:updateAndGet(143)) - 7c510082-4284-44ef-8cd9-bb38fb15579f: start FollowerState
2019-10-17 21:15:52,990 [d2424f4d-20d2-4104-abcc-02e6288f3ffc@group-62509A8A5C15-LeaderElection183] INFO  impl.LeaderElection (LeaderElection.java:logAndReturn(56)) - d2424f4d-20d2-4104-abcc-02e6288f3ffc@group-62509A8A5C15-LeaderElection183: Election REJECTED; received 2 response(s) [d2424f4d-20d2-4104-abcc-02e6288f3ffc<-3909bd6a-278d-4911-9d70-32680c972d02#0:FAIL-t196, d2424f4d-20d2-4104-abcc-02e6288f3ffc<-7c510082-4284-44ef-8cd9-bb38fb15579f#0:FAIL-t196] and 0 exception(s); d2424f4d-20d2-4104-abcc-02e6288f3ffc@group-62509A8A5C15:t196, leader=null, voted=d2424f4d-20d2-4104-abcc-02e6288f3ffc, raftlog=d2424f4d-20d2-4104-abcc-02e6288f3ffc@group-62509A8A5C15-SegmentedRaftLog:OPENED:c-1,f-1,i0, conf=-1: [3909bd6a-278d-4911-9d70-32680c972d02:192.168.157.223:33343, d2424f4d-20d2-4104-abcc-02e6288f3ffc:192.168.157.223:39352, 7c510082-4284-44ef-8cd9-bb38fb15579f:192.168.157.223:33098], old=null
2019-10-17 21:15:52,990 [d2424f4d-20d2-4104-abcc-02e6288f3ffc@group-62509A8A5C15-LeaderElection183] INFO  impl.RaftServerImpl (RaftServerImpl.java:setRole(184)) - d2424f4d-20d2-4104-abcc-02e6288f3ffc@group-62509A8A5C15: changes role from CANDIDATE to FOLLOWER at term 196 for DISCOVERED_A_NEW_TERM
2019-10-17 21:15:52,990 [d2424f4d-20d2-4104-abcc-02e6288f3ffc@group-62509A8A5C15-LeaderElection183] INFO  impl.RoleInfo (RoleInfo.java:shutdownLeaderElection(134)) - d2424f4d-20d2-4104-abcc-02e6288f3ffc: shutdown LeaderElection
2019-10-17 21:15:52,991 [d2424f4d-20d2-4104-abcc-02e6288f3ffc@group-62509A8A5C15-LeaderElection183] INFO  impl.RoleInfo (RoleInfo.java:updateAndGet(143)) - d2424f4d-20d2-4104-abcc-02e6288f3ffc: start FollowerState
2019-10-17 21:15:53,173 [Thread-1437] INFO  impl.FollowerState (FollowerState.java:run(108)) - d2424f4d-20d2-4104-abcc-02e6288f3ffc@group-62509A8A5C15-FollowerState: change to CANDIDATE, lastRpcTime:182ms, electionTimeout:182ms
2019-10-17 21:15:53,173 [Thread-1437] INFO  impl.RoleInfo (RoleInfo.java:shutdownFollowerState(121)) - d2424f4d-20d2-4104-abcc-02e6288f3ffc: shutdown FollowerState
2019-10-17 21:15:53,173 [Thread-1437] INFO  impl.RaftServerImpl (RaftServerImpl.java:setRole(184)) - d2424f4d-20d2-4104-abcc-02e6288f3ffc@group-62509A8A5C15: changes role from  FOLLOWER to CANDIDATE at term 196 for changeToCandidate
2019-10-17 21:15:53,174 [Thread-1437] INFO  impl.RoleInfo (RoleInfo.java:updateAndGet(143)) - d2424f4d-20d2-4104-abcc-02e6288f3ffc: start LeaderElection
2019-10-17 21:15:53,188 [d2424f4d-20d2-4104-abcc-02e6288f3ffc@group-62509A8A5C15-LeaderElection184] INFO  impl.LeaderElection (LeaderElection.java:askForVotes(178)) - d2424f4d-20d2-4104-abcc-02e6288f3ffc@group-62509A8A5C15-LeaderElection184: begin an election at term 197 for -1: [3909bd6a-278d-4911-9d70-32680c972d02:192.168.157.223:33343, d2424f4d-20d2-4104-abcc-02e6288f3ffc:192.168.157.223:39352, 7c510082-4284-44ef-8cd9-bb38fb15579f:192.168.157.223:33098], old=null
2019-10-17 21:15:53,191 [grpc-default-executor-6] INFO  impl.RaftServerImpl (RaftServerImpl.java:setRole(184)) - 3909bd6a-278d-4911-9d70-32680c972d02@group-62509A8A5C15: changes role from  FOLLOWER to FOLLOWER at term 197 for recognizeCandidate:d2424f4d-20d2-4104-abcc-02e6288f3ffc
2019-10-17 21:15:53,191 [grpc-default-executor-2] INFO  impl.RaftServerImpl (RaftServerImpl.java:setRole(184)) - 7c510082-4284-44ef-8cd9-bb38fb15579f@group-62509A8A5C15: changes role from  FOLLOWER to FOLLOWER at term 197 for recognizeCandidate:d2424f4d-20d2-4104-abcc-02e6288f3ffc
2019-10-17 21:15:53,192 [grpc-default-executor-6] INFO  impl.RoleInfo (RoleInfo.java:shutdownFollowerState(121)) - 3909bd6a-278d-4911-9d70-32680c972d02: shutdown FollowerState
2019-10-17 21:15:53,192 [grpc-default-executor-2] INFO  impl.RoleInfo (RoleInfo.java:shutdownFollowerState(121)) - 7c510082-4284-44ef-8cd9-bb38fb15579f: shutdown FollowerState
2019-10-17 21:15:53,192 [Thread-1435] INFO  impl.FollowerState (FollowerState.java:run(117)) - 3909bd6a-278d-4911-9d70-32680c972d02@group-62509A8A5C15-FollowerState was interrupted: java.lang.InterruptedException: sleep interrupted
2019-10-17 21:15:53,192 [grpc-default-executor-6] INFO  impl.RoleInfo (RoleInfo.java:updateAndGet(143)) - 3909bd6a-278d-4911-9d70-32680c972d02: start FollowerState
2019-10-17 21:15:53,192 [Thread-1436] INFO  impl.FollowerState (FollowerState.java:run(117)) - 7c510082-4284-44ef-8cd9-bb38fb15579f@group-62509A8A5C15-FollowerState was interrupted: java.lang.InterruptedException: sleep interrupted
2019-10-17 21:15:53,192 [grpc-default-executor-2] INFO  impl.RoleInfo (RoleInfo.java:updateAndGet(143)) - 7c510082-4284-44ef-8cd9-bb38fb15579f: start FollowerState
2019-10-17 21:15:53,216 [d2424f4d-20d2-4104-abcc-02e6288f3ffc@group-62509A8A5C15-LeaderElection184] INFO  impl.LeaderElection (LeaderElection.java:logAndReturn(56)) - d2424f4d-20d2-4104-abcc-02e6288f3ffc@group-62509A8A5C15-LeaderElection184: Election REJECTED; received 2 response(s) [d2424f4d-20d2-4104-abcc-02e6288f3ffc<-3909bd6a-278d-4911-9d70-32680c972d02#0:FAIL-t197, d2424f4d-20d2-4104-abcc-02e6288f3ffc<-7c510082-4284-44ef-8cd9-bb38fb15579f#0:FAIL-t197] and 0 exception(s); d2424f4d-20d2-4104-abcc-02e6288f3ffc@group-62509A8A5C15:t197, leader=null, voted=d2424f4d-20d2-4104-abcc-02e6288f3ffc, raftlog=d2424f4d-20d2-4104-abcc-02e6288f3ffc@group-62509A8A5C15-SegmentedRaftLog:OPENED:c-1,f-1,i0, conf=-1: [3909bd6a-278d-4911-9d70-32680c972d02:192.168.157.223:33343, d2424f4d-20d2-4104-abcc-02e6288f3ffc:192.168.157.223:39352, 7c510082-4284-44ef-8cd9-bb38fb15579f:192.168.157.223:33098], old=null
2019-10-17 21:15:53,216 [d2424f4d-20d2-4104-abcc-02e6288f3ffc@group-62509A8A5C15-LeaderElection184] INFO  impl.RaftServerImpl (RaftServerImpl.java:setRole(184)) - d2424f4d-20d2-4104-abcc-02e6288f3ffc@group-62509A8A5C15: changes role from CANDIDATE to FOLLOWER at term 197 for DISCOVERED_A_NEW_TERM
2019-10-17 21:15:53,216 [d2424f4d-20d2-4104-abcc-02e6288f3ffc@group-62509A8A5C15-LeaderElection184] INFO  impl.RoleInfo (RoleInfo.java:shutdownLeaderElection(134)) - d2424f4d-20d2-4104-abcc-02e6288f3ffc: shutdown LeaderElection
2019-10-17 21:15:53,217 [d2424f4d-20d2-4104-abcc-02e6288f3ffc@group-62509A8A5C15-LeaderElection184] INFO  impl.RoleInfo (RoleInfo.java:updateAndGet(143)) - d2424f4d-20d2-4104-abcc-02e6288f3ffc: start FollowerState
2019-10-17 21:15:53,362 [Thread-1443] INFO  impl.FollowerState (FollowerState.java:run(108)) - d2424f4d-20d2-4104-abcc-02e6288f3ffc@group-62509A8A5C15-FollowerState: change to CANDIDATE, lastRpcTime:145ms, electionTimeout:145ms
2019-10-17 21:15:53,362 [Thread-1443] INFO  impl.RoleInfo (RoleInfo.java:shutdownFollowerState(121)) - d2424f4d-20d2-4104-abcc-02e6288f3ffc: shutdown FollowerState
2019-10-17 21:15:53,362 [Thread-1443] INFO  impl.RaftServerImpl (RaftServerImpl.java:setRole(184)) - d2424f4d-20d2-4104-abcc-02e6288f3ffc@group-62509A8A5C15: changes role from  FOLLOWER to CANDIDATE at term 197 for changeToCandidate
2019-10-17 21:15:53,362 [Thread-1443] INFO  impl.RoleInfo (RoleInfo.java:updateAndGet(143)) - d2424f4d-20d2-4104-abcc-02e6288f3ffc: start LeaderElection
2019-10-17 21:15:53,376 [d2424f4d-20d2-4104-abcc-02e6288f3ffc@group-62509A8A5C15-LeaderElection185] INFO  impl.LeaderElection (LeaderElection.java:askForVotes(178)) - d2424f4d-20d2-4104-abcc-02e6288f3ffc@group-62509A8A5C15-LeaderElection185: begin an election at term 198 for -1: [3909bd6a-278d-4911-9d70-32680c972d02:192.168.157.223:33343, d2424f4d-20d2-4104-abcc-02e6288f3ffc:192.168.157.223:39352, 7c510082-4284-44ef-8cd9-bb38fb15579f:192.168.157.223:33098], old=null
2019-10-17 21:15:53,378 [grpc-default-executor-6] INFO  impl.RaftServerImpl (RaftServerImpl.java:setRole(184)) - 3909bd6a-278d-4911-9d70-32680c972d02@group-62509A8A5C15: changes role from  FOLLOWER to FOLLOWER at term 198 for recognizeCandidate:d2424f4d-20d2-4104-abcc-02e6288f3ffc
2019-10-17 21:15:53,379 [grpc-default-executor-6] INFO  impl.RoleInfo (RoleInfo.java:shutdownFollowerState(121)) - 3909bd6a-278d-4911-9d70-32680c972d02: shutdown FollowerState
2019-10-17 21:15:53,379 [grpc-default-executor-6] INFO  impl.RoleInfo (RoleInfo.java:updateAndGet(143)) - 3909bd6a-278d-4911-9d70-32680c972d02: start FollowerState
2019-10-17 21:15:53,379 [Thread-1441] INFO  impl.FollowerState (FollowerState.java:run(117)) - 3909bd6a-278d-4911-9d70-32680c972d02@group-62509A8A5C15-FollowerState was interrupted: java.lang.InterruptedException: sleep interrupted
2019-10-17 21:15:53,379 [grpc-default-executor-2] INFO  impl.RaftServerImpl (RaftServerImpl.java:setRole(184)) - 7c510082-4284-44ef-8cd9-bb38fb15579f@group-62509A8A5C15: changes role from  FOLLOWER to FOLLOWER at term 198 for recognizeCandidate:d2424f4d-20d2-4104-abcc-02e6288f3ffc
2019-10-17 21:15:53,379 [grpc-default-executor-2] INFO  impl.RoleInfo (RoleInfo.java:shutdownFollowerState(121)) - 7c510082-4284-44ef-8cd9-bb38fb15579f: shutdown FollowerState
2019-10-17 21:15:53,380 [grpc-default-executor-2] INFO  impl.RoleInfo (RoleInfo.java:updateAndGet(143)) - 7c510082-4284-44ef-8cd9-bb38fb15579f: start FollowerState
2019-10-17 21:15:53,380 [Thread-1442] INFO  impl.FollowerState (FollowerState.java:run(117)) - 7c510082-4284-44ef-8cd9-bb38fb15579f@group-62509A8A5C15-FollowerState was interrupted: java.lang.InterruptedException: sleep interrupted
2019-10-17 21:15:53,394 [d2424f4d-20d2-4104-abcc-02e6288f3ffc@group-62509A8A5C15-LeaderElection185] INFO  impl.LeaderElection (LeaderElection.java:logAndReturn(56)) - d2424f4d-20d2-4104-abcc-02e6288f3ffc@group-62509A8A5C15-LeaderElection185: Election REJECTED; received 2 response(s) [d2424f4d-20d2-4104-abcc-02e6288f3ffc<-3909bd6a-278d-4911-9d70-32680c972d02#0:FAIL-t198, d2424f4d-20d2-4104-abcc-02e6288f3ffc<-7c510082-4284-44ef-8cd9-bb38fb15579f#0:FAIL-t198] and 0 exception(s); d2424f4d-20d2-4104-abcc-02e6288f3ffc@group-62509A8A5C15:t198, leader=null, voted=d2424f4d-20d2-4104-abcc-02e6288f3ffc, raftlog=d2424f4d-20d2-4104-abcc-02e6288f3ffc@group-62509A8A5C15-SegmentedRaftLog:OPENED:c-1,f-1,i0, conf=-1: [3909bd6a-278d-4911-9d70-32680c972d02:192.168.157.223:33343, d2424f4d-20d2-4104-abcc-02e6288f3ffc:192.168.157.223:39352, 7c510082-4284-44ef-8cd9-bb38fb15579f:192.168.157.223:33098], old=null
2019-10-17 21:15:53,394 [d2424f4d-20d2-4104-abcc-02e6288f3ffc@group-62509A8A5C15-LeaderElection185] INFO  impl.RaftServerImpl (RaftServerImpl.java:setRole(184)) - d2424f4d-20d2-4104-abcc-02e6288f3ffc@group-62509A8A5C15: changes role from CANDIDATE to FOLLOWER at term 198 for DISCOVERED_A_NEW_TERM
2019-10-17 21:15:53,395 [d2424f4d-20d2-4104-abcc-02e6288f3ffc@group-62509A8A5C15-LeaderElection185] INFO  impl.RoleInfo (RoleInfo.java:shutdownLeaderElection(134)) - d2424f4d-20d2-4104-abcc-02e6288f3ffc: shutdown LeaderElection
2019-10-17 21:15:53,395 [d2424f4d-20d2-4104-abcc-02e6288f3ffc@group-62509A8A5C15-LeaderElection185] INFO  impl.RoleInfo (RoleInfo.java:updateAndGet(143)) - d2424f4d-20d2-4104-abcc-02e6288f3ffc: start FollowerState
2019-10-17 21:15:53,517 [Thread-1449] INFO  impl.FollowerState (FollowerState.java:run(108)) - d2424f4d-20d2-4104-abcc-02e6288f3ffc@group-62509A8A5C15-FollowerState: change to CANDIDATE, lastRpcTime:122ms, electionTimeout:122ms
2019-10-17 21:15:53,517 [Thread-1449] INFO  impl.RoleInfo (RoleInfo.java:shutdownFollowerState(121)) - d2424f4d-20d2-4104-abcc-02e6288f3ffc: shutdown FollowerState
2019-10-17 21:15:53,518 [Thread-1449] INFO  impl.RaftServerImpl (RaftServerImpl.java:setRole(184)) - d2424f4d-20d2-4104-abcc-02e6288f3ffc@group-62509A8A5C15: changes role from  FOLLOWER to CANDIDATE at term 198 for changeToCandidate
2019-10-17 21:15:53,518 [Thread-1449] INFO  impl.RoleInfo (RoleInfo.java:updateAndGet(143)) - d2424f4d-20d2-4104-abcc-02e6288f3ffc: start LeaderElection
2019-10-17 21:15:53,532 [d2424f4d-20d2-4104-abcc-02e6288f3ffc@group-62509A8A5C15-LeaderElection186] INFO  impl.LeaderElection (LeaderElection.java:askForVotes(178)) - d2424f4d-20d2-4104-abcc-02e6288f3ffc@group-62509A8A5C15-LeaderElection186: begin an election at term 199 for -1: [3909bd6a-278d-4911-9d70-32680c972d02:192.168.157.223:33343, d2424f4d-20d2-4104-abcc-02e6288f3ffc:192.168.157.223:39352, 7c510082-4284-44ef-8cd9-bb38fb15579f:192.168.157.223:33098], old=null
2019-10-17 21:15:53,535 [grpc-default-executor-2] INFO  impl.RaftServerImpl (RaftServerImpl.java:setRole(184)) - 3909bd6a-278d-4911-9d70-32680c972d02@group-62509A8A5C15: changes role from  FOLLOWER to FOLLOWER at term 199 for recognizeCandidate:d2424f4d-20d2-4104-abcc-02e6288f3ffc
2019-10-17 21:15:53,535 [grpc-default-executor-2] INFO  impl.RoleInfo (RoleInfo.java:shutdownFollowerState(121)) - 3909bd6a-278d-4911-9d70-32680c972d02: shutdown FollowerState
2019-10-17 21:15:53,535 [grpc-default-executor-2] INFO  impl.RoleInfo (RoleInfo.java:updateAndGet(143)) - 3909bd6a-278d-4911-9d70-32680c972d02: start FollowerState
2019-10-17 21:15:53,535 [Thread-1447] INFO  impl.FollowerState (FollowerState.java:run(117)) - 3909bd6a-278d-4911-9d70-32680c972d02@group-62509A8A5C15-FollowerState was interrupted: java.lang.InterruptedException: sleep interrupted
2019-10-17 21:15:53,535 [grpc-default-executor-6] INFO  impl.RaftServerImpl (RaftServerImpl.java:setRole(184)) - 7c510082-4284-44ef-8cd9-bb38fb15579f@group-62509A8A5C15: changes role from  FOLLOWER to FOLLOWER at term 199 for recognizeCandidate:d2424f4d-20d2-4104-abcc-02e6288f3ffc
2019-10-17 21:15:53,536 [grpc-default-executor-6] INFO  impl.RoleInfo (RoleInfo.java:shutdownFollowerState(121)) - 7c510082-4284-44ef-8cd9-bb38fb15579f: shutdown FollowerState
2019-10-17 21:15:53,536 [grpc-default-executor-6] INFO  impl.RoleInfo (RoleInfo.java:updateAndGet(143)) - 7c510082-4284-44ef-8cd9-bb38fb15579f: start FollowerState
2019-10-17 21:15:53,536 [Thread-1448] INFO  impl.FollowerState (FollowerState.java:run(117)) - 7c510082-4284-44ef-8cd9-bb38fb15579f@group-62509A8A5C15-FollowerState was interrupted: java.lang.InterruptedException: sleep interrupted
2019-10-17 21:15:53,561 [d2424f4d-20d2-4104-abcc-02e6288f3ffc@group-62509A8A5C15-LeaderElection186] INFO  impl.LeaderElection (LeaderElection.java:logAndReturn(56)) - d2424f4d-20d2-4104-abcc-02e6288f3ffc@group-62509A8A5C15-LeaderElection186: Election REJECTED; received 2 response(s) [d2424f4d-20d2-4104-abcc-02e6288f3ffc<-3909bd6a-278d-4911-9d70-32680c972d02#0:FAIL-t199, d2424f4d-20d2-4104-abcc-02e6288f3ffc<-7c510082-4284-44ef-8cd9-bb38fb15579f#0:FAIL-t199] and 0 exception(s); d2424f4d-20d2-4104-abcc-02e6288f3ffc@group-62509A8A5C15:t199, leader=null, voted=d2424f4d-20d2-4104-abcc-02e6288f3ffc, raftlog=d2424f4d-20d2-4104-abcc-02e6288f3ffc@group-62509A8A5C15-SegmentedRaftLog:OPENED:c-1,f-1,i0, conf=-1: [3909bd6a-278d-4911-9d70-32680c972d02:192.168.157.223:33343, d2424f4d-20d2-4104-abcc-02e6288f3ffc:192.168.157.223:39352, 7c510082-4284-44ef-8cd9-bb38fb15579f:192.168.157.223:33098], old=null
2019-10-17 21:15:53,561 [d2424f4d-20d2-4104-abcc-02e6288f3ffc@group-62509A8A5C15-LeaderElection186] INFO  impl.RaftServerImpl (RaftServerImpl.java:setRole(184)) - d2424f4d-20d2-4104-abcc-02e6288f3ffc@group-62509A8A5C15: changes role from CANDIDATE to FOLLOWER at term 199 for DISCOVERED_A_NEW_TERM
2019-10-17 21:15:53,561 [d2424f4d-20d2-4104-abcc-02e6288f3ffc@group-62509A8A5C15-LeaderElection186] INFO  impl.RoleInfo (RoleInfo.java:shutdownLeaderElection(134)) - d2424f4d-20d2-4104-abcc-02e6288f3ffc: shutdown LeaderElection
2019-10-17 21:15:53,561 [d2424f4d-20d2-4104-abcc-02e6288f3ffc@group-62509A8A5C15-LeaderElection186] INFO  impl.RoleInfo (RoleInfo.java:updateAndGet(143)) - d2424f4d-20d2-4104-abcc-02e6288f3ffc: start FollowerState
2019-10-17 21:15:53,676 [Thread-1455] INFO  impl.FollowerState (FollowerState.java:run(108)) - d2424f4d-20d2-4104-abcc-02e6288f3ffc@group-62509A8A5C15-FollowerState: change to CANDIDATE, lastRpcTime:114ms, electionTimeout:114ms
2019-10-17 21:15:53,676 [Thread-1455] INFO  impl.RoleInfo (RoleInfo.java:shutdownFollowerState(121)) - d2424f4d-20d2-4104-abcc-02e6288f3ffc: shutdown FollowerState
2019-10-17 21:15:53,676 [Thread-1455] INFO  impl.RaftServerImpl (RaftServerImpl.java:setRole(184)) - d2424f4d-20d2-4104-abcc-02e6288f3ffc@group-62509A8A5C15: changes role from  FOLLOWER to CANDIDATE at term 199 for changeToCandidate
2019-10-17 21:15:53,677 [Thread-1455] INFO  impl.RoleInfo (RoleInfo.java:updateAndGet(143)) - d2424f4d-20d2-4104-abcc-02e6288f3ffc: start LeaderElection
2019-10-17 21:15:53,702 [d2424f4d-20d2-4104-abcc-02e6288f3ffc@group-62509A8A5C15-LeaderElection187] INFO  impl.LeaderElection (LeaderElection.java:askForVotes(178)) - d2424f4d-20d2-4104-abcc-02e6288f3ffc@group-62509A8A5C15-LeaderElection187: begin an election at term 200 for -1: [3909bd6a-278d-4911-9d70-32680c972d02:192.168.157.223:33343, d2424f4d-20d2-4104-abcc-02e6288f3ffc:192.168.157.223:39352, 7c510082-4284-44ef-8cd9-bb38fb15579f:192.168.157.223:33098], old=null
2019-10-17 21:15:53,704 [grpc-default-executor-6] INFO  impl.RaftServerImpl (RaftServerImpl.java:setRole(184)) - 3909bd6a-278d-4911-9d70-32680c972d02@group-62509A8A5C15: changes role from  FOLLOWER to FOLLOWER at term 200 for recognizeCandidate:d2424f4d-20d2-4104-abcc-02e6288f3ffc
2019-10-17 21:15:53,704 [grpc-default-executor-2] INFO  impl.RaftServerImpl (RaftServerImpl.java:setRole(184)) - 7c510082-4284-44ef-8cd9-bb38fb15579f@group-62509A8A5C15: changes role from  FOLLOWER to FOLLOWER at term 200 for recognizeCandidate:d2424f4d-20d2-4104-abcc-02e6288f3ffc
2019-10-17 21:15:53,704 [grpc-default-executor-6] INFO  impl.RoleInfo (RoleInfo.java:shutdownFollowerState(121)) - 3909bd6a-278d-4911-9d70-32680c972d02: shutdown FollowerState
2019-10-17 21:15:53,704 [grpc-default-executor-2] INFO  impl.RoleInfo (RoleInfo.java:shutdownFollowerState(121)) - 7c510082-4284-44ef-8cd9-bb38fb15579f: shutdown FollowerState
2019-10-17 21:15:53,705 [Thread-1453] INFO  impl.FollowerState (FollowerState.java:run(117)) - 3909bd6a-278d-4911-9d70-32680c972d02@group-62509A8A5C15-FollowerState was interrupted: java.lang.InterruptedException: sleep interrupted
2019-10-17 21:15:53,705 [grpc-default-executor-6] INFO  impl.RoleInfo (RoleInfo.java:updateAndGet(143)) - 3909bd6a-278d-4911-9d70-32680c972d02: start FollowerState
2019-10-17 21:15:53,705 [Thread-1454] INFO  impl.FollowerState (FollowerState.java:run(117)) - 7c510082-4284-44ef-8cd9-bb38fb15579f@group-62509A8A5C15-FollowerState was interrupted: java.lang.InterruptedException: sleep interrupted
2019-10-17 21:15:53,705 [grpc-default-executor-2] INFO  impl.RoleInfo (RoleInfo.java:updateAndGet(143)) - 7c510082-4284-44ef-8cd9-bb38fb15579f: start FollowerState
2019-10-17 21:15:53,731 [d2424f4d-20d2-4104-abcc-02e6288f3ffc@group-62509A8A5C15-LeaderElection187] INFO  impl.LeaderElection (LeaderElection.java:logAndReturn(56)) - d2424f4d-20d2-4104-abcc-02e6288f3ffc@group-62509A8A5C15-LeaderElection187: Election REJECTED; received 2 response(s) [d2424f4d-20d2-4104-abcc-02e6288f3ffc<-3909bd6a-278d-4911-9d70-32680c972d02#0:FAIL-t200, d2424f4d-20d2-4104-abcc-02e6288f3ffc<-7c510082-4284-44ef-8cd9-bb38fb15579f#0:FAIL-t200] and 0 exception(s); d2424f4d-20d2-4104-abcc-02e6288f3ffc@group-62509A8A5C15:t200, leader=null, voted=d2424f4d-20d2-4104-abcc-02e6288f3ffc, raftlog=d2424f4d-20d2-4104-abcc-02e6288f3ffc@group-62509A8A5C15-SegmentedRaftLog:OPENED:c-1,f-1,i0, conf=-1: [3909bd6a-278d-4911-9d70-32680c972d02:192.168.157.223:33343, d2424f4d-20d2-4104-abcc-02e6288f3ffc:192.168.157.223:39352, 7c510082-4284-44ef-8cd9-bb38fb15579f:192.168.157.223:33098], old=null
2019-10-17 21:15:53,731 [d2424f4d-20d2-4104-abcc-02e6288f3ffc@group-62509A8A5C15-LeaderElection187] INFO  impl.RaftServerImpl (RaftServerImpl.java:setRole(184)) - d2424f4d-20d2-4104-abcc-02e6288f3ffc@group-62509A8A5C15: changes role from CANDIDATE to FOLLOWER at term 200 for DISCOVERED_A_NEW_TERM
2019-10-17 21:15:53,731 [d2424f4d-20d2-4104-abcc-02e6288f3ffc@group-62509A8A5C15-LeaderElection187] INFO  impl.RoleInfo (RoleInfo.java:shutdownLeaderElection(134)) - d2424f4d-20d2-4104-abcc-02e6288f3ffc: shutdown LeaderElection
2019-10-17 21:15:53,732 [d2424f4d-20d2-4104-abcc-02e6288f3ffc@group-62509A8A5C15-LeaderElection187] INFO  impl.RoleInfo (RoleInfo.java:updateAndGet(143)) - d2424f4d-20d2-4104-abcc-02e6288f3ffc: start FollowerState
2019-10-17 21:15:53,750 [Thread-1461] INFO  impl.FollowerState (FollowerState.java:run(108)) - d2424f4d-20d2-4104-abcc-02e6288f3ffc@group-62509A8A5C15-FollowerState: change to CANDIDATE, lastRpcTime:18ms, electionTimeout:18ms
2019-10-17 21:15:53,750 [Thread-1461] INFO  impl.RoleInfo (RoleInfo.java:shutdownFollowerState(121)) - d2424f4d-20d2-4104-abcc-02e6288f3ffc: shutdown FollowerState
2019-10-17 21:15:53,750 [Thread-1461] INFO  impl.RaftServerImpl (RaftServerImpl.java:setRole(184)) - d2424f4d-20d2-4104-abcc-02e6288f3ffc@group-62509A8A5C15: changes role from  FOLLOWER to CANDIDATE at term 200 for changeToCandidate
2019-10-17 21:15:53,750 [Thread-1461] INFO  impl.RoleInfo (RoleInfo.java:updateAndGet(143)) - d2424f4d-20d2-4104-abcc-02e6288f3ffc: start LeaderElection
2019-10-17 21:15:53,763 [d2424f4d-20d2-4104-abcc-02e6288f3ffc@group-62509A8A5C15-LeaderElection188] INFO  impl.LeaderElection (LeaderElection.java:askForVotes(178)) - d2424f4d-20d2-4104-abcc-02e6288f3ffc@group-62509A8A5C15-LeaderElection188: begin an election at term 201 for -1: [3909bd6a-278d-4911-9d70-32680c972d02:192.168.157.223:33343, d2424f4d-20d2-4104-abcc-02e6288f3ffc:192.168.157.223:39352, 7c510082-4284-44ef-8cd9-bb38fb15579f:192.168.157.223:33098], old=null
2019-10-17 21:15:53,766 [grpc-default-executor-6] INFO  impl.RaftServerImpl (RaftServerImpl.java:setRole(184)) - 3909bd6a-278d-4911-9d70-32680c972d02@group-62509A8A5C15: changes role from  FOLLOWER to FOLLOWER at term 201 for recognizeCandidate:d2424f4d-20d2-4104-abcc-02e6288f3ffc
2019-10-17 21:15:53,766 [grpc-default-executor-6] INFO  impl.RoleInfo (RoleInfo.java:shutdownFollowerState(121)) - 3909bd6a-278d-4911-9d70-32680c972d02: shutdown FollowerState
2019-10-17 21:15:53,766 [grpc-default-executor-2] INFO  impl.RaftServerImpl (RaftServerImpl.java:setRole(184)) - 7c510082-4284-44ef-8cd9-bb38fb15579f@group-62509A8A5C15: changes role from  FOLLOWER to FOLLOWER at term 201 for recognizeCandidate:d2424f4d-20d2-4104-abcc-02e6288f3ffc
2019-10-17 21:15:53,766 [Thread-1459] INFO  impl.FollowerState (FollowerState.java:run(117)) - 3909bd6a-278d-4911-9d70-32680c972d02@group-62509A8A5C15-FollowerState was interrupted: java.lang.InterruptedException: sleep interrupted
2019-10-17 21:15:53,766 [grpc-default-executor-6] INFO  impl.RoleInfo (RoleInfo.java:updateAndGet(143)) - 3909bd6a-278d-4911-9d70-32680c972d02: start FollowerState
2019-10-17 21:15:53,766 [grpc-default-executor-2] INFO  impl.RoleInfo (RoleInfo.java:shutdownFollowerState(121)) - 7c510082-4284-44ef-8cd9-bb38fb15579f: shutdown FollowerState
2019-10-17 21:15:53,767 [grpc-default-executor-2] INFO  impl.RoleInfo (RoleInfo.java:updateAndGet(143)) - 7c510082-4284-44ef-8cd9-bb38fb15579f: start FollowerState
2019-10-17 21:15:53,767 [Thread-1460] INFO  impl.FollowerState (FollowerState.java:run(117)) - 7c510082-4284-44ef-8cd9-bb38fb15579f@group-62509A8A5C15-FollowerState was interrupted: java.lang.InterruptedException: sleep interrupted
2019-10-17 21:15:53,793 [d2424f4d-20d2-4104-abcc-02e6288f3ffc@group-62509A8A5C15-LeaderElection188] INFO  impl.LeaderElection (LeaderElection.java:logAndReturn(56)) - d2424f4d-20d2-4104-abcc-02e6288f3ffc@group-62509A8A5C15-LeaderElection188: Election REJECTED; received 2 response(s) [d2424f4d-20d2-4104-abcc-02e6288f3ffc<-3909bd6a-278d-4911-9d70-32680c972d02#0:FAIL-t201, d2424f4d-20d2-4104-abcc-02e6288f3ffc<-7c510082-4284-44ef-8cd9-bb38fb15579f#0:FAIL-t201] and 0 exception(s); d2424f4d-20d2-4104-abcc-02e6288f3ffc@group-62509A8A5C15:t201, leader=null, voted=d2424f4d-20d2-4104-abcc-02e6288f3ffc, raftlog=d2424f4d-20d2-4104-abcc-02e6288f3ffc@group-62509A8A5C15-SegmentedRaftLog:OPENED:c-1,f-1,i0, conf=-1: [3909bd6a-278d-4911-9d70-32680c972d02:192.168.157.223:33343, d2424f4d-20d2-4104-abcc-02e6288f3ffc:192.168.157.223:39352, 7c510082-4284-44ef-8cd9-bb38fb15579f:192.168.157.223:33098], old=null
2019-10-17 21:15:53,793 [d2424f4d-20d2-4104-abcc-02e6288f3ffc@group-62509A8A5C15-LeaderElection188] INFO  impl.RaftServerImpl (RaftServerImpl.java:setRole(184)) - d2424f4d-20d2-4104-abcc-02e6288f3ffc@group-62509A8A5C15: changes role from CANDIDATE to FOLLOWER at term 201 for DISCOVERED_A_NEW_TERM
2019-10-17 21:15:53,793 [d2424f4d-20d2-4104-abcc-02e6288f3ffc@group-62509A8A5C15-LeaderElection188] INFO  impl.RoleInfo (RoleInfo.java:shutdownLeaderElection(134)) - d2424f4d-20d2-4104-abcc-02e6288f3ffc: shutdown LeaderElection
2019-10-17 21:15:53,793 [d2424f4d-20d2-4104-abcc-02e6288f3ffc@group-62509A8A5C15-LeaderElection188] INFO  impl.RoleInfo (RoleInfo.java:updateAndGet(143)) - d2424f4d-20d2-4104-abcc-02e6288f3ffc: start FollowerState
2019-10-17 21:15:53,802 [Thread-1467] INFO  impl.FollowerState (FollowerState.java:run(108)) - d2424f4d-20d2-4104-abcc-02e6288f3ffc@group-62509A8A5C15-FollowerState: change to CANDIDATE, lastRpcTime:8ms, electionTimeout:8ms
2019-10-17 21:15:53,802 [Thread-1467] INFO  impl.RoleInfo (RoleInfo.java:shutdownFollowerState(121)) - d2424f4d-20d2-4104-abcc-02e6288f3ffc: shutdown FollowerState
2019-10-17 21:15:53,802 [Thread-1467] INFO  impl.RaftServerImpl (RaftServerImpl.java:setRole(184)) - d2424f4d-20d2-4104-abcc-02e6288f3ffc@group-62509A8A5C15: changes role from  FOLLOWER to CANDIDATE at term 201 for changeToCandidate
2019-10-17 21:15:53,802 [Thread-1467] INFO  impl.RoleInfo (RoleInfo.java:updateAndGet(143)) - d2424f4d-20d2-4104-abcc-02e6288f3ffc: start LeaderElection
2019-10-17 21:15:53,817 [d2424f4d-20d2-4104-abcc-02e6288f3ffc@group-62509A8A5C15-LeaderElection189] INFO  impl.LeaderElection (LeaderElection.java:askForVotes(178)) - d2424f4d-20d2-4104-abcc-02e6288f3ffc@group-62509A8A5C15-LeaderElection189: begin an election at term 202 for -1: [3909bd6a-278d-4911-9d70-32680c972d02:192.168.157.223:33343, d2424f4d-20d2-4104-abcc-02e6288f3ffc:192.168.157.223:39352, 7c510082-4284-44ef-8cd9-bb38fb15579f:192.168.157.223:33098], old=null
2019-10-17 21:15:53,819 [grpc-default-executor-2] INFO  impl.RaftServerImpl (RaftServerImpl.java:setRole(184)) - 3909bd6a-278d-4911-9d70-32680c972d02@group-62509A8A5C15: changes role from  FOLLOWER to FOLLOWER at term 202 for recognizeCandidate:d2424f4d-20d2-4104-abcc-02e6288f3ffc
2019-10-17 21:15:53,819 [grpc-default-executor-2] INFO  impl.RoleInfo (RoleInfo.java:shutdownFollowerState(121)) - 3909bd6a-278d-4911-9d70-32680c972d02: shutdown FollowerState
2019-10-17 21:15:53,820 [grpc-default-executor-2] INFO  impl.RoleInfo (RoleInfo.java:updateAndGet(143)) - 3909bd6a-278d-4911-9d70-32680c972d02: start FollowerState
2019-10-17 21:15:53,820 [Thread-1465] INFO  impl.FollowerState (FollowerState.java:run(117)) - 3909bd6a-278d-4911-9d70-32680c972d02@group-62509A8A5C15-FollowerState was interrupted: java.lang.InterruptedException: sleep interrupted
2019-10-17 21:15:53,820 [grpc-default-executor-6] INFO  impl.RaftServerImpl (RaftServerImpl.java:setRole(184)) - 7c510082-4284-44ef-8cd9-bb38fb15579f@group-62509A8A5C15: changes role from  FOLLOWER to FOLLOWER at term 202 for recognizeCandidate:d2424f4d-20d2-4104-abcc-02e6288f3ffc
2019-10-17 21:15:53,820 [grpc-default-executor-6] INFO  impl.RoleInfo (RoleInfo.java:shutdownFollowerState(121)) - 7c510082-4284-44ef-8cd9-bb38fb15579f: shutdown FollowerState
2019-10-17 21:15:53,820 [grpc-default-executor-6] INFO  impl.RoleInfo (RoleInfo.java:updateAndGet(143)) - 7c510082-4284-44ef-8cd9-bb38fb15579f: start FollowerState
2019-10-17 21:15:53,820 [Thread-1466] INFO  impl.FollowerState (FollowerState.java:run(117)) - 7c510082-4284-44ef-8cd9-bb38fb15579f@group-62509A8A5C15-FollowerState was interrupted: java.lang.InterruptedException: sleep interrupted
2019-10-17 21:15:53,841 [d2424f4d-20d2-4104-abcc-02e6288f3ffc@group-62509A8A5C15-LeaderElection189] INFO  impl.LeaderElection (LeaderElection.java:logAndReturn(56)) - d2424f4d-20d2-4104-abcc-02e6288f3ffc@group-62509A8A5C15-LeaderElection189: Election REJECTED; received 2 response(s) [d2424f4d-20d2-4104-abcc-02e6288f3ffc<-3909bd6a-278d-4911-9d70-32680c972d02#0:FAIL-t202, d2424f4d-20d2-4104-abcc-02e6288f3ffc<-7c510082-4284-44ef-8cd9-bb38fb15579f#0:FAIL-t202] and 0 exception(s); d2424f4d-20d2-4104-abcc-02e6288f3ffc@group-62509A8A5C15:t202, leader=null, voted=d2424f4d-20d2-4104-abcc-02e6288f3ffc, raftlog=d2424f4d-20d2-4104-abcc-02e6288f3ffc@group-62509A8A5C15-SegmentedRaftLog:OPENED:c-1,f-1,i0, conf=-1: [3909bd6a-278d-4911-9d70-32680c972d02:192.168.157.223:33343, d2424f4d-20d2-4104-abcc-02e6288f3ffc:192.168.157.223:39352, 7c510082-4284-44ef-8cd9-bb38fb15579f:192.168.157.223:33098], old=null
2019-10-17 21:15:53,841 [d2424f4d-20d2-4104-abcc-02e6288f3ffc@group-62509A8A5C15-LeaderElection189] INFO  impl.RaftServerImpl (RaftServerImpl.java:setRole(184)) - d2424f4d-20d2-4104-abcc-02e6288f3ffc@group-62509A8A5C15: changes role from CANDIDATE to FOLLOWER at term 202 for DISCOVERED_A_NEW_TERM
2019-10-17 21:15:53,841 [d2424f4d-20d2-4104-abcc-02e6288f3ffc@group-62509A8A5C15-LeaderElection189] INFO  impl.RoleInfo (RoleInfo.java:shutdownLeaderElection(134)) - d2424f4d-20d2-4104-abcc-02e6288f3ffc: shutdown LeaderElection
2019-10-17 21:15:53,841 [d2424f4d-20d2-4104-abcc-02e6288f3ffc@group-62509A8A5C15-LeaderElection189] INFO  impl.RoleInfo (RoleInfo.java:updateAndGet(143)) - d2424f4d-20d2-4104-abcc-02e6288f3ffc: start FollowerState
2019-10-17 21:15:53,892 [Thread-1473] INFO  impl.FollowerState (FollowerState.java:run(108)) - d2424f4d-20d2-4104-abcc-02e6288f3ffc@group-62509A8A5C15-FollowerState: change to CANDIDATE, lastRpcTime:51ms, electionTimeout:51ms
2019-10-17 21:15:53,892 [Thread-1473] INFO  impl.RoleInfo (RoleInfo.java:shutdownFollowerState(121)) - d2424f4d-20d2-4104-abcc-02e6288f3ffc: shutdown FollowerState
2019-10-17 21:15:53,893 [Thread-1473] INFO  impl.RaftServerImpl (RaftServerImpl.java:setRole(184)) - d2424f4d-20d2-4104-abcc-02e6288f3ffc@group-62509A8A5C15: changes role from  FOLLOWER to CANDIDATE at term 202 for changeToCandidate
2019-10-17 21:15:53,893 [Thread-1473] INFO  impl.RoleInfo (RoleInfo.java:updateAndGet(143)) - d2424f4d-20d2-4104-abcc-02e6288f3ffc: start LeaderElection
2019-10-17 21:15:53,908 [d2424f4d-20d2-4104-abcc-02e6288f3ffc@group-62509A8A5C15-LeaderElection190] INFO  impl.LeaderElection (LeaderElection.java:askForVotes(178)) - d2424f4d-20d2-4104-abcc-02e6288f3ffc@group-62509A8A5C15-LeaderElection190: begin an election at term 203 for -1: [3909bd6a-278d-4911-9d70-32680c972d02:192.168.157.223:33343, d2424f4d-20d2-4104-abcc-02e6288f3ffc:192.168.157.223:39352, 7c510082-4284-44ef-8cd9-bb38fb15579f:192.168.157.223:33098], old=null
2019-10-17 21:15:53,913 [grpc-default-executor-2] INFO  impl.RaftServerImpl (RaftServerImpl.java:setRole(184)) - 3909bd6a-278d-4911-9d70-32680c972d02@group-62509A8A5C15: changes role from  FOLLOWER to FOLLOWER at term 203 for recognizeCandidate:d2424f4d-20d2-4104-abcc-02e6288f3ffc
2019-10-17 21:15:53,913 [grpc-default-executor-2] INFO  impl.RoleInfo (RoleInfo.java:shutdownFollowerState(121)) - 3909bd6a-278d-4911-9d70-32680c972d02: shutdown FollowerState
2019-10-17 21:15:53,913 [grpc-default-executor-6] INFO  impl.RaftServerImpl (RaftServerImpl.java:setRole(184)) - 7c510082-4284-44ef-8cd9-bb38fb15579f@group-62509A8A5C15: changes role from  FOLLOWER to FOLLOWER at term 203 for recognizeCandidate:d2424f4d-20d2-4104-abcc-02e6288f3ffc
2019-10-17 21:15:53,913 [Thread-1471] INFO  impl.FollowerState (FollowerState.java:run(117)) - 3909bd6a-278d-4911-9d70-32680c972d02@group-62509A8A5C15-FollowerState was interrupted: java.lang.InterruptedException: sleep interrupted
2019-10-17 21:15:53,913 [grpc-default-executor-6] INFO  impl.RoleInfo (RoleInfo.java:shutdownFollowerState(121)) - 7c510082-4284-44ef-8cd9-bb38fb15579f: shutdown FollowerState
2019-10-17 21:15:53,913 [grpc-default-executor-2] INFO  impl.RoleInfo (RoleInfo.java:updateAndGet(143)) - 3909bd6a-278d-4911-9d70-32680c972d02: start FollowerState
2019-10-17 21:15:53,914 [Thread-1472] INFO  impl.FollowerState (FollowerState.java:run(117)) - 7c510082-4284-44ef-8cd9-bb38fb15579f@group-62509A8A5C15-FollowerState was interrupted: java.lang.InterruptedException: sleep interrupted
2019-10-17 21:15:53,914 [grpc-default-executor-6] INFO  impl.RoleInfo (RoleInfo.java:updateAndGet(143)) - 7c510082-4284-44ef-8cd9-bb38fb15579f: start FollowerState
2019-10-17 21:15:53,940 [d2424f4d-20d2-4104-abcc-02e6288f3ffc@group-62509A8A5C15-LeaderElection190] INFO  impl.LeaderElection (LeaderElection.java:logAndReturn(56)) - d2424f4d-20d2-4104-abcc-02e6288f3ffc@group-62509A8A5C15-LeaderElection190: Election REJECTED; received 2 response(s) [d2424f4d-20d2-4104-abcc-02e6288f3ffc<-3909bd6a-278d-4911-9d70-32680c972d02#0:FAIL-t203, d2424f4d-20d2-4104-abcc-02e6288f3ffc<-7c510082-4284-44ef-8cd9-bb38fb15579f#0:FAIL-t203] and 0 exception(s); d2424f4d-20d2-4104-abcc-02e6288f3ffc@group-62509A8A5C15:t203, leader=null, voted=d2424f4d-20d2-4104-abcc-02e6288f3ffc, raftlog=d2424f4d-20d2-4104-abcc-02e6288f3ffc@group-62509A8A5C15-SegmentedRaftLog:OPENED:c-1,f-1,i0, conf=-1: [3909bd6a-278d-4911-9d70-32680c972d02:192.168.157.223:33343, d2424f4d-20d2-4104-abcc-02e6288f3ffc:192.168.157.223:39352, 7c510082-4284-44ef-8cd9-bb38fb15579f:192.168.157.223:33098], old=null
2019-10-17 21:15:53,940 [d2424f4d-20d2-4104-abcc-02e6288f3ffc@group-62509A8A5C15-LeaderElection190] INFO  impl.RaftServerImpl (RaftServerImpl.java:setRole(184)) - d2424f4d-20d2-4104-abcc-02e6288f3ffc@group-62509A8A5C15: changes role from CANDIDATE to FOLLOWER at term 203 for DISCOVERED_A_NEW_TERM
2019-10-17 21:15:53,940 [d2424f4d-20d2-4104-abcc-02e6288f3ffc@group-62509A8A5C15-LeaderElection190] INFO  impl.RoleInfo (RoleInfo.java:shutdownLeaderElection(134)) - d2424f4d-20d2-4104-abcc-02e6288f3ffc: shutdown LeaderElection
2019-10-17 21:15:53,940 [d2424f4d-20d2-4104-abcc-02e6288f3ffc@group-62509A8A5C15-LeaderElection190] INFO  impl.RoleInfo (RoleInfo.java:updateAndGet(143)) - d2424f4d-20d2-4104-abcc-02e6288f3ffc: start FollowerState
2019-10-17 21:15:53,961 [Thread-1481] INFO  impl.FollowerState (FollowerState.java:run(108)) - d2424f4d-20d2-4104-abcc-02e6288f3ffc@group-62509A8A5C15-FollowerState: change to CANDIDATE, lastRpcTime:20ms, electionTimeout:20ms
2019-10-17 21:15:53,961 [Thread-1481] INFO  impl.RoleInfo (RoleInfo.java:shutdownFollowerState(121)) - d2424f4d-20d2-4104-abcc-02e6288f3ffc: shutdown FollowerState
2019-10-17 21:15:53,961 [Thread-1481] INFO  impl.RaftServerImpl (RaftServerImpl.java:setRole(184)) - d2424f4d-20d2-4104-abcc-02e6288f3ffc@group-62509A8A5C15: changes role from  FOLLOWER to CANDIDATE at term 203 for changeToCandidate
2019-10-17 21:15:53,961 [Thread-1481] INFO  impl.RoleInfo (RoleInfo.java:updateAndGet(143)) - d2424f4d-20d2-4104-abcc-02e6288f3ffc: start LeaderElection
2019-10-17 21:15:53,975 [d2424f4d-20d2-4104-abcc-02e6288f3ffc@group-62509A8A5C15-LeaderElection191] INFO  impl.LeaderElection (LeaderElection.java:askForVotes(178)) - d2424f4d-20d2-4104-abcc-02e6288f3ffc@group-62509A8A5C15-LeaderElection191: begin an election at term 204 for -1: [3909bd6a-278d-4911-9d70-32680c972d02:192.168.157.223:33343, d2424f4d-20d2-4104-abcc-02e6288f3ffc:192.168.157.223:39352, 7c510082-4284-44ef-8cd9-bb38fb15579f:192.168.157.223:33098], old=null
2019-10-17 21:15:53,977 [grpc-default-executor-2] INFO  impl.RaftServerImpl (RaftServerImpl.java:setRole(184)) - 3909bd6a-278d-4911-9d70-32680c972d02@group-62509A8A5C15: changes role from  FOLLOWER to FOLLOWER at term 204 for recognizeCandidate:d2424f4d-20d2-4104-abcc-02e6288f3ffc
2019-10-17 21:15:53,977 [grpc-default-executor-2] INFO  impl.RoleInfo (RoleInfo.java:shutdownFollowerState(121)) - 3909bd6a-278d-4911-9d70-32680c972d02: shutdown FollowerState
2019-10-17 21:15:53,977 [grpc-default-executor-6] INFO  impl.RaftServerImpl (RaftServerImpl.java:setRole(184)) - 7c510082-4284-44ef-8cd9-bb38fb15579f@group-62509A8A5C15: changes role from  FOLLOWER to FOLLOWER at term 204 for recognizeCandidate:d2424f4d-20d2-4104-abcc-02e6288f3ffc
2019-10-17 21:15:53,977 [Thread-1479] INFO  impl.FollowerState (FollowerState.java:run(117)) - 3909bd6a-278d-4911-9d70-32680c972d02@group-62509A8A5C15-FollowerState was interrupted: java.lang.InterruptedException: sleep interrupted
2019-10-17 21:15:53,977 [grpc-default-executor-2] INFO  impl.RoleInfo (RoleInfo.java:updateAndGet(143)) - 3909bd6a-278d-4911-9d70-32680c972d02: start FollowerState
2019-10-17 21:15:53,977 [grpc-default-executor-6] INFO  impl.RoleInfo (RoleInfo.java:shutdownFollowerState(121)) - 7c510082-4284-44ef-8cd9-bb38fb15579f: shutdown FollowerState
2019-10-17 21:15:53,978 [grpc-default-executor-6] INFO  impl.RoleInfo (RoleInfo.java:updateAndGet(143)) - 7c510082-4284-44ef-8cd9-bb38fb15579f: start FollowerState
2019-10-17 21:15:53,978 [Thread-1480] INFO  impl.FollowerState (FollowerState.java:run(117)) - 7c510082-4284-44ef-8cd9-bb38fb15579f@group-62509A8A5C15-FollowerState was interrupted: java.lang.InterruptedException: sleep interrupted
2019-10-17 21:15:54,004 [d2424f4d-20d2-4104-abcc-02e6288f3ffc@group-62509A8A5C15-LeaderElection191] INFO  impl.LeaderElection (LeaderElection.java:logAndReturn(56)) - d2424f4d-20d2-4104-abcc-02e6288f3ffc@group-62509A8A5C15-LeaderElection191: Election REJECTED; received 2 response(s) [d2424f4d-20d2-4104-abcc-02e6288f3ffc<-3909bd6a-278d-4911-9d70-32680c972d02#0:FAIL-t204, d2424f4d-20d2-4104-abcc-02e6288f3ffc<-7c510082-4284-44ef-8cd9-bb38fb15579f#0:FAIL-t204] and 0 exception(s); d2424f4d-20d2-4104-abcc-02e6288f3ffc@group-62509A8A5C15:t204, leader=null, voted=d2424f4d-20d2-4104-abcc-02e6288f3ffc, raftlog=d2424f4d-20d2-4104-abcc-02e6288f3ffc@group-62509A8A5C15-SegmentedRaftLog:OPENED:c-1,f-1,i0, conf=-1: [3909bd6a-278d-4911-9d70-32680c972d02:192.168.157.223:33343, d2424f4d-20d2-4104-abcc-02e6288f3ffc:192.168.157.223:39352, 7c510082-4284-44ef-8cd9-bb38fb15579f:192.168.157.223:33098], old=null
2019-10-17 21:15:54,004 [d2424f4d-20d2-4104-abcc-02e6288f3ffc@group-62509A8A5C15-LeaderElection191] INFO  impl.RaftServerImpl (RaftServerImpl.java:setRole(184)) - d2424f4d-20d2-4104-abcc-02e6288f3ffc@group-62509A8A5C15: changes role from CANDIDATE to FOLLOWER at term 204 for DISCOVERED_A_NEW_TERM
2019-10-17 21:15:54,004 [d2424f4d-20d2-4104-abcc-02e6288f3ffc@group-62509A8A5C15-LeaderElection191] INFO  impl.RoleInfo (RoleInfo.java:shutdownLeaderElection(134)) - d2424f4d-20d2-4104-abcc-02e6288f3ffc: shutdown LeaderElection
2019-10-17 21:15:54,004 [d2424f4d-20d2-4104-abcc-02e6288f3ffc@group-62509A8A5C15-LeaderElection191] INFO  impl.RoleInfo (RoleInfo.java:updateAndGet(143)) - d2424f4d-20d2-4104-abcc-02e6288f3ffc: start FollowerState
2019-10-17 21:15:54,059 [Thread-1487] INFO  impl.FollowerState (FollowerState.java:run(108)) - d2424f4d-20d2-4104-abcc-02e6288f3ffc@group-62509A8A5C15-FollowerState: change to CANDIDATE, lastRpcTime:54ms, electionTimeout:54ms
2019-10-17 21:15:54,059 [Thread-1487] INFO  impl.RoleInfo (RoleInfo.java:shutdownFollowerState(121)) - d2424f4d-20d2-4104-abcc-02e6288f3ffc: shutdown FollowerState
2019-10-17 21:15:54,059 [Thread-1487] INFO  impl.RaftServerImpl (RaftServerImpl.java:setRole(184)) - d2424f4d-20d2-4104-abcc-02e6288f3ffc@group-62509A8A5C15: changes role from  FOLLOWER to CANDIDATE at term 204 for changeToCandidate
2019-10-17 21:15:54,059 [Thread-1487] INFO  impl.RoleInfo (RoleInfo.java:updateAndGet(143)) - d2424f4d-20d2-4104-abcc-02e6288f3ffc: start LeaderElection
2019-10-17 21:15:54,075 [d2424f4d-20d2-4104-abcc-02e6288f3ffc@group-62509A8A5C15-LeaderElection192] INFO  impl.LeaderElection (LeaderElection.java:askForVotes(178)) - d2424f4d-20d2-4104-abcc-02e6288f3ffc@group-62509A8A5C15-LeaderElection192: begin an election at term 205 for -1: [3909bd6a-278d-4911-9d70-32680c972d02:192.168.157.223:33343, d2424f4d-20d2-4104-abcc-02e6288f3ffc:192.168.157.223:39352, 7c510082-4284-44ef-8cd9-bb38fb15579f:192.168.157.223:33098], old=null
2019-10-17 21:15:54,077 [grpc-default-executor-2] INFO  impl.RaftServerImpl (RaftServerImpl.java:setRole(184)) - 3909bd6a-278d-4911-9d70-32680c972d02@group-62509A8A5C15: changes role from  FOLLOWER to FOLLOWER at term 205 for recognizeCandidate:d2424f4d-20d2-4104-abcc-02e6288f3ffc
2019-10-17 21:15:54,077 [grpc-default-executor-6] INFO  impl.RaftServerImpl (RaftServerImpl.java:setRole(184)) - 7c510082-4284-44ef-8cd9-bb38fb15579f@group-62509A8A5C15: changes role from  FOLLOWER to FOLLOWER at term 205 for recognizeCandidate:d2424f4d-20d2-4104-abcc-02e6288f3ffc
2019-10-17 21:15:54,077 [grpc-default-executor-2] INFO  impl.RoleInfo (RoleInfo.java:shutdownFollowerState(121)) - 3909bd6a-278d-4911-9d70-32680c972d02: shutdown FollowerState
2019-10-17 21:15:54,077 [grpc-default-executor-6] INFO  impl.RoleInfo (RoleInfo.java:shutdownFollowerState(121)) - 7c510082-4284-44ef-8cd9-bb38fb15579f: shutdown FollowerState
2019-10-17 21:15:54,077 [Thread-1485] INFO  impl.FollowerState (FollowerState.java:run(117)) - 3909bd6a-278d-4911-9d70-32680c972d02@group-62509A8A5C15-FollowerState was interrupted: java.lang.InterruptedException: sleep interrupted
2019-10-17 21:15:54,078 [Thread-1486] INFO  impl.FollowerState (FollowerState.java:run(117)) - 7c510082-4284-44ef-8cd9-bb38fb15579f@group-62509A8A5C15-FollowerState was interrupted: java.lang.InterruptedException: sleep interrupted
2019-10-17 21:15:54,077 [grpc-default-executor-2] INFO  impl.RoleInfo (RoleInfo.java:updateAndGet(143)) - 3909bd6a-278d-4911-9d70-32680c972d02: start FollowerState
2019-10-17 21:15:54,078 [grpc-default-executor-6] INFO  impl.RoleInfo (RoleInfo.java:updateAndGet(143)) - 7c510082-4284-44ef-8cd9-bb38fb15579f: start FollowerState
2019-10-17 21:15:54,101 [d2424f4d-20d2-4104-abcc-02e6288f3ffc@group-62509A8A5C15-LeaderElection192] INFO  impl.LeaderElection (LeaderElection.java:logAndReturn(56)) - d2424f4d-20d2-4104-abcc-02e6288f3ffc@group-62509A8A5C15-LeaderElection192: Election REJECTED; received 2 response(s) [d2424f4d-20d2-4104-abcc-02e6288f3ffc<-3909bd6a-278d-4911-9d70-32680c972d02#0:FAIL-t205, d2424f4d-20d2-4104-abcc-02e6288f3ffc<-7c510082-4284-44ef-8cd9-bb38fb15579f#0:FAIL-t205] and 0 exception(s); d2424f4d-20d2-4104-abcc-02e6288f3ffc@group-62509A8A5C15:t205, leader=null, voted=d2424f4d-20d2-4104-abcc-02e6288f3ffc, raftlog=d2424f4d-20d2-4104-abcc-02e6288f3ffc@group-62509A8A5C15-SegmentedRaftLog:OPENED:c-1,f-1,i0, conf=-1: [3909bd6a-278d-4911-9d70-32680c972d02:192.168.157.223:33343, d2424f4d-20d2-4104-abcc-02e6288f3ffc:192.168.157.223:39352, 7c510082-4284-44ef-8cd9-bb38fb15579f:192.168.157.223:33098], old=null
2019-10-17 21:15:54,101 [d2424f4d-20d2-4104-abcc-02e6288f3ffc@group-62509A8A5C15-LeaderElection192] INFO  impl.RaftServerImpl (RaftServerImpl.java:setRole(184)) - d2424f4d-20d2-4104-abcc-02e6288f3ffc@group-62509A8A5C15: changes role from CANDIDATE to FOLLOWER at term 205 for DISCOVERED_A_NEW_TERM
2019-10-17 21:15:54,101 [d2424f4d-20d2-4104-abcc-02e6288f3ffc@group-62509A8A5C15-LeaderElection192] INFO  impl.RoleInfo (RoleInfo.java:shutdownLeaderElection(134)) - d2424f4d-20d2-4104-abcc-02e6288f3ffc: shutdown LeaderElection
2019-10-17 21:15:54,101 [d2424f4d-20d2-4104-abcc-02e6288f3ffc@group-62509A8A5C15-LeaderElection192] INFO  impl.RoleInfo (RoleInfo.java:updateAndGet(143)) - d2424f4d-20d2-4104-abcc-02e6288f3ffc: start FollowerState
2019-10-17 21:15:54,219 [Thread-1493] INFO  impl.FollowerState (FollowerState.java:run(108)) - d2424f4d-20d2-4104-abcc-02e6288f3ffc@group-62509A8A5C15-FollowerState: change to CANDIDATE, lastRpcTime:117ms, electionTimeout:117ms
2019-10-17 21:15:54,219 [Thread-1493] INFO  impl.RoleInfo (RoleInfo.java:shutdownFollowerState(121)) - d2424f4d-20d2-4104-abcc-02e6288f3ffc: shutdown FollowerState
2019-10-17 21:15:54,219 [Thread-1493] INFO  impl.RaftServerImpl (RaftServerImpl.java:setRole(184)) - d2424f4d-20d2-4104-abcc-02e6288f3ffc@group-62509A8A5C15: changes role from  FOLLOWER to CANDIDATE at term 205 for changeToCandidate
2019-10-17 21:15:54,219 [Thread-1493] INFO  impl.RoleInfo (RoleInfo.java:updateAndGet(143)) - d2424f4d-20d2-4104-abcc-02e6288f3ffc: start LeaderElection
2019-10-17 21:15:54,233 [d2424f4d-20d2-4104-abcc-02e6288f3ffc@group-62509A8A5C15-LeaderElection193] INFO  impl.LeaderElection (LeaderElection.java:askForVotes(178)) - d2424f4d-20d2-4104-abcc-02e6288f3ffc@group-62509A8A5C15-LeaderElection193: begin an election at term 206 for -1: [3909bd6a-278d-4911-9d70-32680c972d02:192.168.157.223:33343, d2424f4d-20d2-4104-abcc-02e6288f3ffc:192.168.157.223:39352, 7c510082-4284-44ef-8cd9-bb38fb15579f:192.168.157.223:33098], old=null
2019-10-17 21:15:54,235 [grpc-default-executor-2] INFO  impl.RaftServerImpl (RaftServerImpl.java:setRole(184)) - 3909bd6a-278d-4911-9d70-32680c972d02@group-62509A8A5C15: changes role from  FOLLOWER to FOLLOWER at term 206 for recognizeCandidate:d2424f4d-20d2-4104-abcc-02e6288f3ffc
2019-10-17 21:15:54,236 [grpc-default-executor-2] INFO  impl.RoleInfo (RoleInfo.java:shutdownFollowerState(121)) - 3909bd6a-278d-4911-9d70-32680c972d02: shutdown FollowerState
2019-10-17 21:15:54,236 [grpc-default-executor-2] INFO  impl.RoleInfo (RoleInfo.java:updateAndGet(143)) - 3909bd6a-278d-4911-9d70-32680c972d02: start FollowerState
2019-10-17 21:15:54,236 [grpc-default-executor-6] INFO  impl.RaftServerImpl (RaftServerImpl.java:setRole(184)) - 7c510082-4284-44ef-8cd9-bb38fb15579f@group-62509A8A5C15: changes role from  FOLLOWER to FOLLOWER at term 206 for recognizeCandidate:d2424f4d-20d2-4104-abcc-02e6288f3ffc
2019-10-17 21:15:54,236 [grpc-default-executor-6] INFO  impl.RoleInfo (RoleInfo.java:shutdownFollowerState(121)) - 7c510082-4284-44ef-8cd9-bb38fb15579f: shutdown FollowerState
2019-10-17 21:15:54,236 [Thread-1491] INFO  impl.FollowerState (FollowerState.java:run(117)) - 3909bd6a-278d-4911-9d70-32680c972d02@group-62509A8A5C15-FollowerState was interrupted: java.lang.InterruptedException: sleep interrupted
2019-10-17 21:15:54,236 [Thread-1492] INFO  impl.FollowerState (FollowerState.java:run(117)) - 7c510082-4284-44ef-8cd9-bb38fb15579f@group-62509A8A5C15-FollowerState was interrupted: java.lang.InterruptedException: sleep interrupted
2019-10-17 21:15:54,236 [grpc-default-executor-6] INFO  impl.RoleInfo (RoleInfo.java:updateAndGet(143)) - 7c510082-4284-44ef-8cd9-bb38fb15579f: start FollowerState
2019-10-17 21:15:54,262 [d2424f4d-20d2-4104-abcc-02e6288f3ffc@group-62509A8A5C15-LeaderElection193] INFO  impl.LeaderElection (LeaderElection.java:logAndReturn(56)) - d2424f4d-20d2-4104-abcc-02e6288f3ffc@group-62509A8A5C15-LeaderElection193: Election REJECTED; received 2 response(s) [d2424f4d-20d2-4104-abcc-02e6288f3ffc<-3909bd6a-278d-4911-9d70-32680c972d02#0:FAIL-t206, d2424f4d-20d2-4104-abcc-02e6288f3ffc<-7c510082-4284-44ef-8cd9-bb38fb15579f#0:FAIL-t206] and 0 exception(s); d2424f4d-20d2-4104-abcc-02e6288f3ffc@group-62509A8A5C15:t206, leader=null, voted=d2424f4d-20d2-4104-abcc-02e6288f3ffc, raftlog=d2424f4d-20d2-4104-abcc-02e6288f3ffc@group-62509A8A5C15-SegmentedRaftLog:OPENED:c-1,f-1,i0, conf=-1: [3909bd6a-278d-4911-9d70-32680c972d02:192.168.157.223:33343, d2424f4d-20d2-4104-abcc-02e6288f3ffc:192.168.157.223:39352, 7c510082-4284-44ef-8cd9-bb38fb15579f:192.168.157.223:33098], old=null
2019-10-17 21:15:54,262 [d2424f4d-20d2-4104-abcc-02e6288f3ffc@group-62509A8A5C15-LeaderElection193] INFO  impl.RaftServerImpl (RaftServerImpl.java:setRole(184)) - d2424f4d-20d2-4104-abcc-02e6288f3ffc@group-62509A8A5C15: changes role from CANDIDATE to FOLLOWER at term 206 for DISCOVERED_A_NEW_TERM
2019-10-17 21:15:54,263 [d2424f4d-20d2-4104-abcc-02e6288f3ffc@group-62509A8A5C15-LeaderElection193] INFO  impl.RoleInfo (RoleInfo.java:shutdownLeaderElection(134)) - d2424f4d-20d2-4104-abcc-02e6288f3ffc: shutdown LeaderElection
2019-10-17 21:15:54,263 [d2424f4d-20d2-4104-abcc-02e6288f3ffc@group-62509A8A5C15-LeaderElection193] INFO  impl.RoleInfo (RoleInfo.java:updateAndGet(143)) - d2424f4d-20d2-4104-abcc-02e6288f3ffc: start FollowerState
2019-10-17 21:15:54,305 [Thread-1499] INFO  impl.FollowerState (FollowerState.java:run(108)) - d2424f4d-20d2-4104-abcc-02e6288f3ffc@group-62509A8A5C15-FollowerState: change to CANDIDATE, lastRpcTime:42ms, electionTimeout:42ms
2019-10-17 21:15:54,305 [Thread-1499] INFO  impl.RoleInfo (RoleInfo.java:shutdownFollowerState(121)) - d2424f4d-20d2-4104-abcc-02e6288f3ffc: shutdown FollowerState
2019-10-17 21:15:54,306 [Thread-1499] INFO  impl.RaftServerImpl (RaftServerImpl.java:setRole(184)) - d2424f4d-20d2-4104-abcc-02e6288f3ffc@group-62509A8A5C15: changes role from  FOLLOWER to CANDIDATE at term 206 for changeToCandidate
2019-10-17 21:15:54,306 [Thread-1499] INFO  impl.RoleInfo (RoleInfo.java:updateAndGet(143)) - d2424f4d-20d2-4104-abcc-02e6288f3ffc: start LeaderElection
2019-10-17 21:15:54,321 [d2424f4d-20d2-4104-abcc-02e6288f3ffc@group-62509A8A5C15-LeaderElection194] INFO  impl.LeaderElection (LeaderElection.java:askForVotes(178)) - d2424f4d-20d2-4104-abcc-02e6288f3ffc@group-62509A8A5C15-LeaderElection194: begin an election at term 207 for -1: [3909bd6a-278d-4911-9d70-32680c972d02:192.168.157.223:33343, d2424f4d-20d2-4104-abcc-02e6288f3ffc:192.168.157.223:39352, 7c510082-4284-44ef-8cd9-bb38fb15579f:192.168.157.223:33098], old=null
2019-10-17 21:15:54,323 [grpc-default-executor-2] INFO  impl.RaftServerImpl (RaftServerImpl.java:setRole(184)) - 3909bd6a-278d-4911-9d70-32680c972d02@group-62509A8A5C15: changes role from  FOLLOWER to FOLLOWER at term 207 for recognizeCandidate:d2424f4d-20d2-4104-abcc-02e6288f3ffc
2019-10-17 21:15:54,323 [grpc-default-executor-2] INFO  impl.RoleInfo (RoleInfo.java:shutdownFollowerState(121)) - 3909bd6a-278d-4911-9d70-32680c972d02: shutdown FollowerState
2019-10-17 21:15:54,323 [grpc-default-executor-2] INFO  impl.RoleInfo (RoleInfo.java:updateAndGet(143)) - 3909bd6a-278d-4911-9d70-32680c972d02: start FollowerState
2019-10-17 21:15:54,323 [Thread-1497] INFO  impl.FollowerState (FollowerState.java:run(117)) - 3909bd6a-278d-4911-9d70-32680c972d02@group-62509A8A5C15-FollowerState was interrupted: java.lang.InterruptedException: sleep interrupted
2019-10-17 21:15:54,324 [grpc-default-executor-6] INFO  impl.RaftServerImpl (RaftServerImpl.java:setRole(184)) - 7c510082-4284-44ef-8cd9-bb38fb15579f@group-62509A8A5C15: changes role from  FOLLOWER to FOLLOWER at term 207 for recognizeCandidate:d2424f4d-20d2-4104-abcc-02e6288f3ffc
2019-10-17 21:15:54,324 [grpc-default-executor-6] INFO  impl.RoleInfo (RoleInfo.java:shutdownFollowerState(121)) - 7c510082-4284-44ef-8cd9-bb38fb15579f: shutdown FollowerState
2019-10-17 21:15:54,324 [grpc-default-executor-6] INFO  impl.RoleInfo (RoleInfo.java:updateAndGet(143)) - 7c510082-4284-44ef-8cd9-bb38fb15579f: start FollowerState
2019-10-17 21:15:54,324 [Thread-1498] INFO  impl.FollowerState (FollowerState.java:run(117)) - 7c510082-4284-44ef-8cd9-bb38fb15579f@group-62509A8A5C15-FollowerState was interrupted: java.lang.InterruptedException: sleep interrupted
2019-10-17 21:15:54,350 [d2424f4d-20d2-4104-abcc-02e6288f3ffc@group-62509A8A5C15-LeaderElection194] INFO  impl.LeaderElection (LeaderElection.java:logAndReturn(56)) - d2424f4d-20d2-4104-abcc-02e6288f3ffc@group-62509A8A5C15-LeaderElection194: Election REJECTED; received 2 response(s) [d2424f4d-20d2-4104-abcc-02e6288f3ffc<-3909bd6a-278d-4911-9d70-32680c972d02#0:FAIL-t207, d2424f4d-20d2-4104-abcc-02e6288f3ffc<-7c510082-4284-44ef-8cd9-bb38fb15579f#0:FAIL-t207] and 0 exception(s); d2424f4d-20d2-4104-abcc-02e6288f3ffc@group-62509A8A5C15:t207, leader=null, voted=d2424f4d-20d2-4104-abcc-02e6288f3ffc, raftlog=d2424f4d-20d2-4104-abcc-02e6288f3ffc@group-62509A8A5C15-SegmentedRaftLog:OPENED:c-1,f-1,i0, conf=-1: [3909bd6a-278d-4911-9d70-32680c972d02:192.168.157.223:33343, d2424f4d-20d2-4104-abcc-02e6288f3ffc:192.168.157.223:39352, 7c510082-4284-44ef-8cd9-bb38fb15579f:192.168.157.223:33098], old=null
2019-10-17 21:15:54,350 [d2424f4d-20d2-4104-abcc-02e6288f3ffc@group-62509A8A5C15-LeaderElection194] INFO  impl.RaftServerImpl (RaftServerImpl.java:setRole(184)) - d2424f4d-20d2-4104-abcc-02e6288f3ffc@group-62509A8A5C15: changes role from CANDIDATE to FOLLOWER at term 207 for DISCOVERED_A_NEW_TERM
2019-10-17 21:15:54,350 [d2424f4d-20d2-4104-abcc-02e6288f3ffc@group-62509A8A5C15-LeaderElection194] INFO  impl.RoleInfo (RoleInfo.java:shutdownLeaderElection(134)) - d2424f4d-20d2-4104-abcc-02e6288f3ffc: shutdown LeaderElection
2019-10-17 21:15:54,350 [d2424f4d-20d2-4104-abcc-02e6288f3ffc@group-62509A8A5C15-LeaderElection194] INFO  impl.RoleInfo (RoleInfo.java:updateAndGet(143)) - d2424f4d-20d2-4104-abcc-02e6288f3ffc: start FollowerState
2019-10-17 21:15:54,476 [Thread-1505] INFO  impl.FollowerState (FollowerState.java:run(108)) - d2424f4d-20d2-4104-abcc-02e6288f3ffc@group-62509A8A5C15-FollowerState: change to CANDIDATE, lastRpcTime:125ms, electionTimeout:125ms
2019-10-17 21:15:54,476 [Thread-1505] INFO  impl.RoleInfo (RoleInfo.java:shutdownFollowerState(121)) - d2424f4d-20d2-4104-abcc-02e6288f3ffc: shutdown FollowerState
2019-10-17 21:15:54,476 [Thread-1505] INFO  impl.RaftServerImpl (RaftServerImpl.java:setRole(184)) - d2424f4d-20d2-4104-abcc-02e6288f3ffc@group-62509A8A5C15: changes role from  FOLLOWER to CANDIDATE at term 207 for changeToCandidate
2019-10-17 21:15:54,476 [Thread-1505] INFO  impl.RoleInfo (RoleInfo.java:updateAndGet(143)) - d2424f4d-20d2-4104-abcc-02e6288f3ffc: start LeaderElection
2019-10-17 21:15:54,506 [d2424f4d-20d2-4104-abcc-02e6288f3ffc@group-62509A8A5C15-LeaderElection195] INFO  impl.LeaderElection (LeaderElection.java:askForVotes(178)) - d2424f4d-20d2-4104-abcc-02e6288f3ffc@group-62509A8A5C15-LeaderElection195: begin an election at term 208 for -1: [3909bd6a-278d-4911-9d70-32680c972d02:192.168.157.223:33343, d2424f4d-20d2-4104-abcc-02e6288f3ffc:192.168.157.223:39352, 7c510082-4284-44ef-8cd9-bb38fb15579f:192.168.157.223:33098], old=null
2019-10-17 21:15:54,508 [grpc-default-executor-6] INFO  impl.RaftServerImpl (RaftServerImpl.java:setRole(184)) - 3909bd6a-278d-4911-9d70-32680c972d02@group-62509A8A5C15: changes role from  FOLLOWER to FOLLOWER at term 208 for recognizeCandidate:d2424f4d-20d2-4104-abcc-02e6288f3ffc
2019-10-17 21:15:54,509 [grpc-default-executor-6] INFO  impl.RoleInfo (RoleInfo.java:shutdownFollowerState(121)) - 3909bd6a-278d-4911-9d70-32680c972d02: shutdown FollowerState
2019-10-17 21:15:54,509 [grpc-default-executor-6] INFO  impl.RoleInfo (RoleInfo.java:updateAndGet(143)) - 3909bd6a-278d-4911-9d70-32680c972d02: start FollowerState
2019-10-17 21:15:54,509 [Thread-1503] INFO  impl.FollowerState (FollowerState.java:run(117)) - 3909bd6a-278d-4911-9d70-32680c972d02@group-62509A8A5C15-FollowerState was interrupted: java.lang.InterruptedException: sleep interrupted
2019-10-17 21:15:54,509 [grpc-default-executor-2] INFO  impl.RaftServerImpl (RaftServerImpl.java:setRole(184)) - 7c510082-4284-44ef-8cd9-bb38fb15579f@group-62509A8A5C15: changes role from  FOLLOWER to FOLLOWER at term 208 for recognizeCandidate:d2424f4d-20d2-4104-abcc-02e6288f3ffc
2019-10-17 21:15:54,509 [grpc-default-executor-2] INFO  impl.RoleInfo (RoleInfo.java:shutdownFollowerState(121)) - 7c510082-4284-44ef-8cd9-bb38fb15579f: shutdown FollowerState
2019-10-17 21:15:54,509 [grpc-default-executor-2] INFO  impl.RoleInfo (RoleInfo.java:updateAndGet(143)) - 7c510082-4284-44ef-8cd9-bb38fb15579f: start FollowerState
2019-10-17 21:15:54,509 [Thread-1504] INFO  impl.FollowerState (FollowerState.java:run(117)) - 7c510082-4284-44ef-8cd9-bb38fb15579f@group-62509A8A5C15-FollowerState was interrupted: java.lang.InterruptedException: sleep interrupted
2019-10-17 21:15:54,516 [d2424f4d-20d2-4104-abcc-02e6288f3ffc@group-62509A8A5C15-LeaderElection195] INFO  impl.LeaderElection (LeaderElection.java:logAndReturn(56)) - d2424f4d-20d2-4104-abcc-02e6288f3ffc@group-62509A8A5C15-LeaderElection195: Election REJECTED; received 2 response(s) [d2424f4d-20d2-4104-abcc-02e6288f3ffc<-3909bd6a-278d-4911-9d70-32680c972d02#0:FAIL-t208, d2424f4d-20d2-4104-abcc-02e6288f3ffc<-7c510082-4284-44ef-8cd9-bb38fb15579f#0:FAIL-t208] and 0 exception(s); d2424f4d-20d2-4104-abcc-02e6288f3ffc@group-62509A8A5C15:t208, leader=null, voted=d2424f4d-20d2-4104-abcc-02e6288f3ffc, raftlog=d2424f4d-20d2-4104-abcc-02e6288f3ffc@group-62509A8A5C15-SegmentedRaftLog:OPENED:c-1,f-1,i0, conf=-1: [3909bd6a-278d-4911-9d70-32680c972d02:192.168.157.223:33343, d2424f4d-20d2-4104-abcc-02e6288f3ffc:192.168.157.223:39352, 7c510082-4284-44ef-8cd9-bb38fb15579f:192.168.157.223:33098], old=null
2019-10-17 21:15:54,517 [d2424f4d-20d2-4104-abcc-02e6288f3ffc@group-62509A8A5C15-LeaderElection195] INFO  impl.RaftServerImpl (RaftServerImpl.java:setRole(184)) - d2424f4d-20d2-4104-abcc-02e6288f3ffc@group-62509A8A5C15: changes role from CANDIDATE to FOLLOWER at term 208 for DISCOVERED_A_NEW_TERM
2019-10-17 21:15:54,517 [d2424f4d-20d2-4104-abcc-02e6288f3ffc@group-62509A8A5C15-LeaderElection195] INFO  impl.RoleInfo (RoleInfo.java:shutdownLeaderElection(134)) - d2424f4d-20d2-4104-abcc-02e6288f3ffc: shutdown LeaderElection
2019-10-17 21:15:54,517 [d2424f4d-20d2-4104-abcc-02e6288f3ffc@group-62509A8A5C15-LeaderElection195] INFO  impl.RoleInfo (RoleInfo.java:updateAndGet(143)) - d2424f4d-20d2-4104-abcc-02e6288f3ffc: start FollowerState
2019-10-17 21:15:54,573 [Thread-1511] INFO  impl.FollowerState (FollowerState.java:run(108)) - d2424f4d-20d2-4104-abcc-02e6288f3ffc@group-62509A8A5C15-FollowerState: change to CANDIDATE, lastRpcTime:56ms, electionTimeout:56ms
2019-10-17 21:15:54,574 [Thread-1511] INFO  impl.RoleInfo (RoleInfo.java:shutdownFollowerState(121)) - d2424f4d-20d2-4104-abcc-02e6288f3ffc: shutdown FollowerState
2019-10-17 21:15:54,574 [Thread-1511] INFO  impl.RaftServerImpl (RaftServerImpl.java:setRole(184)) - d2424f4d-20d2-4104-abcc-02e6288f3ffc@group-62509A8A5C15: changes role from  FOLLOWER to CANDIDATE at term 208 for changeToCandidate
2019-10-17 21:15:54,574 [Thread-1511] INFO  impl.RoleInfo (RoleInfo.java:updateAndGet(143)) - d2424f4d-20d2-4104-abcc-02e6288f3ffc: start LeaderElection
2019-10-17 21:15:54,586 [d2424f4d-20d2-4104-abcc-02e6288f3ffc@group-62509A8A5C15-LeaderElection196] INFO  impl.LeaderElection (LeaderElection.java:askForVotes(178)) - d2424f4d-20d2-4104-abcc-02e6288f3ffc@group-62509A8A5C15-LeaderElection196: begin an election at term 209 for -1: [3909bd6a-278d-4911-9d70-32680c972d02:192.168.157.223:33343, d2424f4d-20d2-4104-abcc-02e6288f3ffc:192.168.157.223:39352, 7c510082-4284-44ef-8cd9-bb38fb15579f:192.168.157.223:33098], old=null
2019-10-17 21:15:54,588 [grpc-default-executor-2] INFO  impl.RaftServerImpl (RaftServerImpl.java:setRole(184)) - 3909bd6a-278d-4911-9d70-32680c972d02@group-62509A8A5C15: changes role from  FOLLOWER to FOLLOWER at term 209 for recognizeCandidate:d2424f4d-20d2-4104-abcc-02e6288f3ffc
2019-10-17 21:15:54,588 [grpc-default-executor-2] INFO  impl.RoleInfo (RoleInfo.java:shutdownFollowerState(121)) - 3909bd6a-278d-4911-9d70-32680c972d02: shutdown FollowerState
2019-10-17 21:15:54,588 [grpc-default-executor-6] INFO  impl.RaftServerImpl (RaftServerImpl.java:setRole(184)) - 7c510082-4284-44ef-8cd9-bb38fb15579f@group-62509A8A5C15: changes role from  FOLLOWER to FOLLOWER at term 209 for recognizeCandidate:d2424f4d-20d2-4104-abcc-02e6288f3ffc
2019-10-17 21:15:54,588 [grpc-default-executor-6] INFO  impl.RoleInfo (RoleInfo.java:shutdownFollowerState(121)) - 7c510082-4284-44ef-8cd9-bb38fb15579f: shutdown FollowerState
2019-10-17 21:15:54,588 [Thread-1509] INFO  impl.FollowerState (FollowerState.java:run(117)) - 3909bd6a-278d-4911-9d70-32680c972d02@group-62509A8A5C15-FollowerState was interrupted: java.lang.InterruptedException: sleep interrupted
2019-10-17 21:15:54,588 [grpc-default-executor-2] INFO  impl.RoleInfo (RoleInfo.java:updateAndGet(143)) - 3909bd6a-278d-4911-9d70-32680c972d02: start FollowerState
2019-10-17 21:15:54,589 [Thread-1510] INFO  impl.FollowerState (FollowerState.java:run(117)) - 7c510082-4284-44ef-8cd9-bb38fb15579f@group-62509A8A5C15-FollowerState was interrupted: java.lang.InterruptedException: sleep interrupted
2019-10-17 21:15:54,589 [grpc-default-executor-6] INFO  impl.RoleInfo (RoleInfo.java:updateAndGet(143)) - 7c510082-4284-44ef-8cd9-bb38fb15579f: start FollowerState
2019-10-17 21:15:54,592 [d2424f4d-20d2-4104-abcc-02e6288f3ffc@group-62509A8A5C15-LeaderElection196] INFO  impl.LeaderElection (LeaderElection.java:logAndReturn(56)) - d2424f4d-20d2-4104-abcc-02e6288f3ffc@group-62509A8A5C15-LeaderElection196: Election TIMEOUT; received 0 response(s) [] and 0 exception(s); d2424f4d-20d2-4104-abcc-02e6288f3ffc@group-62509A8A5C15:t209, leader=null, voted=d2424f4d-20d2-4104-abcc-02e6288f3ffc, raftlog=d2424f4d-20d2-4104-abcc-02e6288f3ffc@group-62509A8A5C15-SegmentedRaftLog:OPENED:c-1,f-1,i0, conf=-1: [3909bd6a-278d-4911-9d70-32680c972d02:192.168.157.223:33343, d2424f4d-20d2-4104-abcc-02e6288f3ffc:192.168.157.223:39352, 7c510082-4284-44ef-8cd9-bb38fb15579f:192.168.157.223:33098], old=null
2019-10-17 21:15:54,613 [d2424f4d-20d2-4104-abcc-02e6288f3ffc@group-62509A8A5C15-LeaderElection196] INFO  impl.LeaderElection (LeaderElection.java:askForVotes(178)) - d2424f4d-20d2-4104-abcc-02e6288f3ffc@group-62509A8A5C15-LeaderElection196: begin an election at term 210 for -1: [3909bd6a-278d-4911-9d70-32680c972d02:192.168.157.223:33343, d2424f4d-20d2-4104-abcc-02e6288f3ffc:192.168.157.223:39352, 7c510082-4284-44ef-8cd9-bb38fb15579f:192.168.157.223:33098], old=null
2019-10-17 21:15:54,615 [grpc-default-executor-2] INFO  impl.RaftServerImpl (RaftServerImpl.java:setRole(184)) - 3909bd6a-278d-4911-9d70-32680c972d02@group-62509A8A5C15: changes role from  FOLLOWER to FOLLOWER at term 210 for recognizeCandidate:d2424f4d-20d2-4104-abcc-02e6288f3ffc
2019-10-17 21:15:54,615 [grpc-default-executor-2] INFO  impl.RoleInfo (RoleInfo.java:shutdownFollowerState(121)) - 3909bd6a-278d-4911-9d70-32680c972d02: shutdown FollowerState
2019-10-17 21:15:54,616 [grpc-default-executor-2] INFO  impl.RoleInfo (RoleInfo.java:updateAndGet(143)) - 3909bd6a-278d-4911-9d70-32680c972d02: start FollowerState
2019-10-17 21:15:54,616 [Thread-1515] INFO  impl.FollowerState (FollowerState.java:run(117)) - 3909bd6a-278d-4911-9d70-32680c972d02@group-62509A8A5C15-FollowerState was interrupted: java.lang.InterruptedException: sleep interrupted
2019-10-17 21:15:54,616 [grpc-default-executor-6] INFO  impl.RaftServerImpl (RaftServerImpl.java:setRole(184)) - 7c510082-4284-44ef-8cd9-bb38fb15579f@group-62509A8A5C15: changes role from  FOLLOWER to FOLLOWER at term 210 for recognizeCandidate:d2424f4d-20d2-4104-abcc-02e6288f3ffc
2019-10-17 21:15:54,616 [grpc-default-executor-6] INFO  impl.RoleInfo (RoleInfo.java:shutdownFollowerState(121)) - 7c510082-4284-44ef-8cd9-bb38fb15579f: shutdown FollowerState
2019-10-17 21:15:54,616 [grpc-default-executor-6] INFO  impl.RoleInfo (RoleInfo.java:updateAndGet(143)) - 7c510082-4284-44ef-8cd9-bb38fb15579f: start FollowerState
2019-10-17 21:15:54,616 [Thread-1516] INFO  impl.FollowerState (FollowerState.java:run(117)) - 7c510082-4284-44ef-8cd9-bb38fb15579f@group-62509A8A5C15-FollowerState was interrupted: java.lang.InterruptedException: sleep interrupted
2019-10-17 21:15:54,653 [d2424f4d-20d2-4104-abcc-02e6288f3ffc@group-62509A8A5C15-LeaderElection196] INFO  impl.LeaderElection (LeaderElection.java:logAndReturn(56)) - d2424f4d-20d2-4104-abcc-02e6288f3ffc@group-62509A8A5C15-LeaderElection196: Election REJECTED; received 2 response(s) [d2424f4d-20d2-4104-abcc-02e6288f3ffc<-3909bd6a-278d-4911-9d70-32680c972d02#0:FAIL-t210, d2424f4d-20d2-4104-abcc-02e6288f3ffc<-7c510082-4284-44ef-8cd9-bb38fb15579f#0:FAIL-t210] and 0 exception(s); d2424f4d-20d2-4104-abcc-02e6288f3ffc@group-62509A8A5C15:t210, leader=null, voted=d2424f4d-20d2-4104-abcc-02e6288f3ffc, raftlog=d2424f4d-20d2-4104-abcc-02e6288f3ffc@group-62509A8A5C15-SegmentedRaftLog:OPENED:c-1,f-1,i0, conf=-1: [3909bd6a-278d-4911-9d70-32680c972d02:192.168.157.223:33343, d2424f4d-20d2-4104-abcc-02e6288f3ffc:192.168.157.223:39352, 7c510082-4284-44ef-8cd9-bb38fb15579f:192.168.157.223:33098], old=null
2019-10-17 21:15:54,653 [d2424f4d-20d2-4104-abcc-02e6288f3ffc@group-62509A8A5C15-LeaderElection196] INFO  impl.RaftServerImpl (RaftServerImpl.java:setRole(184)) - d2424f4d-20d2-4104-abcc-02e6288f3ffc@group-62509A8A5C15: changes role from CANDIDATE to FOLLOWER at term 210 for DISCOVERED_A_NEW_TERM
2019-10-17 21:15:54,653 [d2424f4d-20d2-4104-abcc-02e6288f3ffc@group-62509A8A5C15-LeaderElection196] INFO  impl.RoleInfo (RoleInfo.java:shutdownLeaderElection(134)) - d2424f4d-20d2-4104-abcc-02e6288f3ffc: shutdown LeaderElection
2019-10-17 21:15:54,653 [d2424f4d-20d2-4104-abcc-02e6288f3ffc@group-62509A8A5C15-LeaderElection196] INFO  impl.RoleInfo (RoleInfo.java:updateAndGet(143)) - d2424f4d-20d2-4104-abcc-02e6288f3ffc: start FollowerState
2019-10-17 21:15:54,749 [Thread-1521] INFO  impl.FollowerState (FollowerState.java:run(108)) - d2424f4d-20d2-4104-abcc-02e6288f3ffc@group-62509A8A5C15-FollowerState: change to CANDIDATE, lastRpcTime:95ms, electionTimeout:95ms
2019-10-17 21:15:54,749 [Thread-1521] INFO  impl.RoleInfo (RoleInfo.java:shutdownFollowerState(121)) - d2424f4d-20d2-4104-abcc-02e6288f3ffc: shutdown FollowerState
2019-10-17 21:15:54,749 [Thread-1521] INFO  impl.RaftServerImpl (RaftServerImpl.java:setRole(184)) - d2424f4d-20d2-4104-abcc-02e6288f3ffc@group-62509A8A5C15: changes role from  FOLLOWER to CANDIDATE at term 210 for changeToCandidate
2019-10-17 21:15:54,749 [Thread-1521] INFO  impl.RoleInfo (RoleInfo.java:updateAndGet(143)) - d2424f4d-20d2-4104-abcc-02e6288f3ffc: start LeaderElection
2019-10-17 21:15:54,775 [d2424f4d-20d2-4104-abcc-02e6288f3ffc@group-62509A8A5C15-LeaderElection197] INFO  impl.LeaderElection (LeaderElection.java:askForVotes(178)) - d2424f4d-20d2-4104-abcc-02e6288f3ffc@group-62509A8A5C15-LeaderElection197: begin an election at term 211 for -1: [3909bd6a-278d-4911-9d70-32680c972d02:192.168.157.223:33343, d2424f4d-20d2-4104-abcc-02e6288f3ffc:192.168.157.223:39352, 7c510082-4284-44ef-8cd9-bb38fb15579f:192.168.157.223:33098], old=null
2019-10-17 21:15:54,779 [grpc-default-executor-6] INFO  impl.RaftServerImpl (RaftServerImpl.java:setRole(184)) - 3909bd6a-278d-4911-9d70-32680c972d02@group-62509A8A5C15: changes role from  FOLLOWER to FOLLOWER at term 211 for recognizeCandidate:d2424f4d-20d2-4104-abcc-02e6288f3ffc
2019-10-17 21:15:54,779 [grpc-default-executor-6] INFO  impl.RoleInfo (RoleInfo.java:shutdownFollowerState(121)) - 3909bd6a-278d-4911-9d70-32680c972d02: shutdown FollowerState
2019-10-17 21:15:54,779 [grpc-default-executor-6] INFO  impl.RoleInfo (RoleInfo.java:updateAndGet(143)) - 3909bd6a-278d-4911-9d70-32680c972d02: start FollowerState
2019-10-17 21:15:54,779 [Thread-1519] INFO  impl.FollowerState (FollowerState.java:run(117)) - 3909bd6a-278d-4911-9d70-32680c972d02@group-62509A8A5C15-FollowerState was interrupted: java.lang.InterruptedException: sleep interrupted
2019-10-17 21:15:54,780 [grpc-default-executor-2] INFO  impl.RaftServerImpl (RaftServerImpl.java:setRole(184)) - 7c510082-4284-44ef-8cd9-bb38fb15579f@group-62509A8A5C15: changes role from  FOLLOWER to FOLLOWER at term 211 for recognizeCandidate:d2424f4d-20d2-4104-abcc-02e6288f3ffc
2019-10-17 21:15:54,780 [grpc-default-executor-2] INFO  impl.RoleInfo (RoleInfo.java:shutdownFollowerState(121)) - 7c510082-4284-44ef-8cd9-bb38fb15579f: shutdown FollowerState
2019-10-17 21:15:54,780 [grpc-default-executor-2] INFO  impl.RoleInfo (RoleInfo.java:updateAndGet(143)) - 7c510082-4284-44ef-8cd9-bb38fb15579f: start FollowerState
2019-10-17 21:15:54,780 [Thread-1520] INFO  impl.FollowerState (FollowerState.java:run(117)) - 7c510082-4284-44ef-8cd9-bb38fb15579f@group-62509A8A5C15-FollowerState was interrupted: java.lang.InterruptedException: sleep interrupted
2019-10-17 21:15:54,794 [d2424f4d-20d2-4104-abcc-02e6288f3ffc@group-62509A8A5C15-LeaderElection197] INFO  impl.LeaderElection (LeaderElection.java:logAndReturn(56)) - d2424f4d-20d2-4104-abcc-02e6288f3ffc@group-62509A8A5C15-LeaderElection197: Election REJECTED; received 2 response(s) [d2424f4d-20d2-4104-abcc-02e6288f3ffc<-3909bd6a-278d-4911-9d70-32680c972d02#0:FAIL-t211, d2424f4d-20d2-4104-abcc-02e6288f3ffc<-7c510082-4284-44ef-8cd9-bb38fb15579f#0:FAIL-t211] and 0 exception(s); d2424f4d-20d2-4104-abcc-02e6288f3ffc@group-62509A8A5C15:t211, leader=null, voted=d2424f4d-20d2-4104-abcc-02e6288f3ffc, raftlog=d2424f4d-20d2-4104-abcc-02e6288f3ffc@group-62509A8A5C15-SegmentedRaftLog:OPENED:c-1,f-1,i0, conf=-1: [3909bd6a-278d-4911-9d70-32680c972d02:192.168.157.223:33343, d2424f4d-20d2-4104-abcc-02e6288f3ffc:192.168.157.223:39352, 7c510082-4284-44ef-8cd9-bb38fb15579f:192.168.157.223:33098], old=null
2019-10-17 21:15:54,795 [d2424f4d-20d2-4104-abcc-02e6288f3ffc@group-62509A8A5C15-LeaderElection197] INFO  impl.RaftServerImpl (RaftServerImpl.java:setRole(184)) - d2424f4d-20d2-4104-abcc-02e6288f3ffc@group-62509A8A5C15: changes role from CANDIDATE to FOLLOWER at term 211 for DISCOVERED_A_NEW_TERM
2019-10-17 21:15:54,795 [d2424f4d-20d2-4104-abcc-02e6288f3ffc@group-62509A8A5C15-LeaderElection197] INFO  impl.RoleInfo (RoleInfo.java:shutdownLeaderElection(134)) - d2424f4d-20d2-4104-abcc-02e6288f3ffc: shutdown LeaderElection
2019-10-17 21:15:54,795 [d2424f4d-20d2-4104-abcc-02e6288f3ffc@group-62509A8A5C15-LeaderElection197] INFO  impl.RoleInfo (RoleInfo.java:updateAndGet(143)) - d2424f4d-20d2-4104-abcc-02e6288f3ffc: start FollowerState
2019-10-17 21:15:54,885 [Thread-1527] INFO  impl.FollowerState (FollowerState.java:run(108)) - d2424f4d-20d2-4104-abcc-02e6288f3ffc@group-62509A8A5C15-FollowerState: change to CANDIDATE, lastRpcTime:90ms, electionTimeout:90ms
2019-10-17 21:15:54,886 [Thread-1527] INFO  impl.RoleInfo (RoleInfo.java:shutdownFollowerState(121)) - d2424f4d-20d2-4104-abcc-02e6288f3ffc: shutdown FollowerState
2019-10-17 21:15:54,886 [Thread-1527] INFO  impl.RaftServerImpl (RaftServerImpl.java:setRole(184)) - d2424f4d-20d2-4104-abcc-02e6288f3ffc@group-62509A8A5C15: changes role from  FOLLOWER to CANDIDATE at term 211 for changeToCandidate
2019-10-17 21:15:54,886 [Thread-1527] INFO  impl.RoleInfo (RoleInfo.java:updateAndGet(143)) - d2424f4d-20d2-4104-abcc-02e6288f3ffc: start LeaderElection
2019-10-17 21:15:54,911 [d2424f4d-20d2-4104-abcc-02e6288f3ffc@group-62509A8A5C15-LeaderElection198] INFO  impl.LeaderElection (LeaderElection.java:askForVotes(178)) - d2424f4d-20d2-4104-abcc-02e6288f3ffc@group-62509A8A5C15-LeaderElection198: begin an election at term 212 for -1: [3909bd6a-278d-4911-9d70-32680c972d02:192.168.157.223:33343, d2424f4d-20d2-4104-abcc-02e6288f3ffc:192.168.157.223:39352, 7c510082-4284-44ef-8cd9-bb38fb15579f:192.168.157.223:33098], old=null
2019-10-17 21:15:54,915 [grpc-default-executor-6] INFO  impl.RaftServerImpl (RaftServerImpl.java:setRole(184)) - 7c510082-4284-44ef-8cd9-bb38fb15579f@group-62509A8A5C15: changes role from  FOLLOWER to FOLLOWER at term 212 for recognizeCandidate:d2424f4d-20d2-4104-abcc-02e6288f3ffc
2019-10-17 21:15:54,915 [grpc-default-executor-6] INFO  impl.RoleInfo (RoleInfo.java:shutdownFollowerState(121)) - 7c510082-4284-44ef-8cd9-bb38fb15579f: shutdown FollowerState
2019-10-17 21:15:54,915 [grpc-default-executor-6] INFO  impl.RoleInfo (RoleInfo.java:updateAndGet(143)) - 7c510082-4284-44ef-8cd9-bb38fb15579f: start FollowerState
2019-10-17 21:15:54,916 [Thread-1526] INFO  impl.FollowerState (FollowerState.java:run(117)) - 7c510082-4284-44ef-8cd9-bb38fb15579f@group-62509A8A5C15-FollowerState was interrupted: java.lang.InterruptedException: sleep interrupted
2019-10-17 21:15:54,916 [grpc-default-executor-2] INFO  impl.RaftServerImpl (RaftServerImpl.java:setRole(184)) - 3909bd6a-278d-4911-9d70-32680c972d02@group-62509A8A5C15: changes role from  FOLLOWER to FOLLOWER at term 212 for recognizeCandidate:d2424f4d-20d2-4104-abcc-02e6288f3ffc
2019-10-17 21:15:54,916 [grpc-default-executor-2] INFO  impl.RoleInfo (RoleInfo.java:shutdownFollowerState(121)) - 3909bd6a-278d-4911-9d70-32680c972d02: shutdown FollowerState
2019-10-17 21:15:54,916 [grpc-default-executor-2] INFO  impl.RoleInfo (RoleInfo.java:updateAndGet(143)) - 3909bd6a-278d-4911-9d70-32680c972d02: start FollowerState
2019-10-17 21:15:54,916 [Thread-1525] INFO  impl.FollowerState (FollowerState.java:run(117)) - 3909bd6a-278d-4911-9d70-32680c972d02@group-62509A8A5C15-FollowerState was interrupted: java.lang.InterruptedException: sleep interrupted
2019-10-17 21:15:54,943 [d2424f4d-20d2-4104-abcc-02e6288f3ffc@group-62509A8A5C15-LeaderElection198] INFO  impl.LeaderElection (LeaderElection.java:logAndReturn(56)) - d2424f4d-20d2-4104-abcc-02e6288f3ffc@group-62509A8A5C15-LeaderElection198: Election REJECTED; received 2 response(s) [d2424f4d-20d2-4104-abcc-02e6288f3ffc<-3909bd6a-278d-4911-9d70-32680c972d02#0:FAIL-t212, d2424f4d-20d2-4104-abcc-02e6288f3ffc<-7c510082-4284-44ef-8cd9-bb38fb15579f#0:FAIL-t212] and 0 exception(s); d2424f4d-20d2-4104-abcc-02e6288f3ffc@group-62509A8A5C15:t212, leader=null, voted=d2424f4d-20d2-4104-abcc-02e6288f3ffc, raftlog=d2424f4d-20d2-4104-abcc-02e6288f3ffc@group-62509A8A5C15-SegmentedRaftLog:OPENED:c-1,f-1,i0, conf=-1: [3909bd6a-278d-4911-9d70-32680c972d02:192.168.157.223:33343, d2424f4d-20d2-4104-abcc-02e6288f3ffc:192.168.157.223:39352, 7c510082-4284-44ef-8cd9-bb38fb15579f:192.168.157.223:33098], old=null
2019-10-17 21:15:54,943 [d2424f4d-20d2-4104-abcc-02e6288f3ffc@group-62509A8A5C15-LeaderElection198] INFO  impl.RaftServerImpl (RaftServerImpl.java:setRole(184)) - d2424f4d-20d2-4104-abcc-02e6288f3ffc@group-62509A8A5C15: changes role from CANDIDATE to FOLLOWER at term 212 for DISCOVERED_A_NEW_TERM
2019-10-17 21:15:54,943 [d2424f4d-20d2-4104-abcc-02e6288f3ffc@group-62509A8A5C15-LeaderElection198] INFO  impl.RoleInfo (RoleInfo.java:shutdownLeaderElection(134)) - d2424f4d-20d2-4104-abcc-02e6288f3ffc: shutdown LeaderElection
2019-10-17 21:15:54,943 [d2424f4d-20d2-4104-abcc-02e6288f3ffc@group-62509A8A5C15-LeaderElection198] INFO  impl.RoleInfo (RoleInfo.java:updateAndGet(143)) - d2424f4d-20d2-4104-abcc-02e6288f3ffc: start FollowerState
2019-10-17 21:15:55,052 [Thread-1535] INFO  impl.FollowerState (FollowerState.java:run(108)) - d2424f4d-20d2-4104-abcc-02e6288f3ffc@group-62509A8A5C15-FollowerState: change to CANDIDATE, lastRpcTime:108ms, electionTimeout:108ms
2019-10-17 21:15:55,052 [Thread-1535] INFO  impl.RoleInfo (RoleInfo.java:shutdownFollowerState(121)) - d2424f4d-20d2-4104-abcc-02e6288f3ffc: shutdown FollowerState
2019-10-17 21:15:55,052 [Thread-1535] INFO  impl.RaftServerImpl (RaftServerImpl.java:setRole(184)) - d2424f4d-20d2-4104-abcc-02e6288f3ffc@group-62509A8A5C15: changes role from  FOLLOWER to CANDIDATE at term 212 for changeToCandidate
2019-10-17 21:15:55,053 [Thread-1535] INFO  impl.RoleInfo (RoleInfo.java:updateAndGet(143)) - d2424f4d-20d2-4104-abcc-02e6288f3ffc: start LeaderElection
2019-10-17 21:15:55,079 [d2424f4d-20d2-4104-abcc-02e6288f3ffc@group-62509A8A5C15-LeaderElection199] INFO  impl.LeaderElection (LeaderElection.java:askForVotes(178)) - d2424f4d-20d2-4104-abcc-02e6288f3ffc@group-62509A8A5C15-LeaderElection199: begin an election at term 213 for -1: [3909bd6a-278d-4911-9d70-32680c972d02:192.168.157.223:33343, d2424f4d-20d2-4104-abcc-02e6288f3ffc:192.168.157.223:39352, 7c510082-4284-44ef-8cd9-bb38fb15579f:192.168.157.223:33098], old=null
2019-10-17 21:15:55,082 [grpc-default-executor-2] INFO  impl.RaftServerImpl (RaftServerImpl.java:setRole(184)) - 7c510082-4284-44ef-8cd9-bb38fb15579f@group-62509A8A5C15: changes role from  FOLLOWER to FOLLOWER at term 213 for recognizeCandidate:d2424f4d-20d2-4104-abcc-02e6288f3ffc
2019-10-17 21:15:55,082 [grpc-default-executor-6] INFO  impl.RaftServerImpl (RaftServerImpl.java:setRole(184)) - 3909bd6a-278d-4911-9d70-32680c972d02@group-62509A8A5C15: changes role from  FOLLOWER to FOLLOWER at term 213 for recognizeCandidate:d2424f4d-20d2-4104-abcc-02e6288f3ffc
2019-10-17 21:15:55,082 [grpc-default-executor-2] INFO  impl.RoleInfo (RoleInfo.java:shutdownFollowerState(121)) - 7c510082-4284-44ef-8cd9-bb38fb15579f: shutdown FollowerState
2019-10-17 21:15:55,082 [grpc-default-executor-6] INFO  impl.RoleInfo (RoleInfo.java:shutdownFollowerState(121)) - 3909bd6a-278d-4911-9d70-32680c972d02: shutdown FollowerState
2019-10-17 21:15:55,082 [Thread-1532] INFO  impl.FollowerState (FollowerState.java:run(117)) - 7c510082-4284-44ef-8cd9-bb38fb15579f@group-62509A8A5C15-FollowerState was interrupted: java.lang.InterruptedException: sleep interrupted
2019-10-17 21:15:55,082 [grpc-default-executor-2] INFO  impl.RoleInfo (RoleInfo.java:updateAndGet(143)) - 7c510082-4284-44ef-8cd9-bb38fb15579f: start FollowerState
2019-10-17 21:15:55,083 [Thread-1533] INFO  impl.FollowerState (FollowerState.java:run(117)) - 3909bd6a-278d-4911-9d70-32680c972d02@group-62509A8A5C15-FollowerState was interrupted: java.lang.InterruptedException: sleep interrupted
2019-10-17 21:15:55,083 [grpc-default-executor-6] INFO  impl.RoleInfo (RoleInfo.java:updateAndGet(143)) - 3909bd6a-278d-4911-9d70-32680c972d02: start FollowerState
2019-10-17 21:15:55,109 [d2424f4d-20d2-4104-abcc-02e6288f3ffc@group-62509A8A5C15-LeaderElection199] INFO  impl.LeaderElection (LeaderElection.java:logAndReturn(56)) - d2424f4d-20d2-4104-abcc-02e6288f3ffc@group-62509A8A5C15-LeaderElection199: Election REJECTED; received 2 response(s) [d2424f4d-20d2-4104-abcc-02e6288f3ffc<-3909bd6a-278d-4911-9d70-32680c972d02#0:FAIL-t213, d2424f4d-20d2-4104-abcc-02e6288f3ffc<-7c510082-4284-44ef-8cd9-bb38fb15579f#0:FAIL-t213] and 0 exception(s); d2424f4d-20d2-4104-abcc-02e6288f3ffc@group-62509A8A5C15:t213, leader=null, voted=d2424f4d-20d2-4104-abcc-02e6288f3ffc, raftlog=d2424f4d-20d2-4104-abcc-02e6288f3ffc@group-62509A8A5C15-SegmentedRaftLog:OPENED:c-1,f-1,i0, conf=-1: [3909bd6a-278d-4911-9d70-32680c972d02:192.168.157.223:33343, d2424f4d-20d2-4104-abcc-02e6288f3ffc:192.168.157.223:39352, 7c510082-4284-44ef-8cd9-bb38fb15579f:192.168.157.223:33098], old=null
2019-10-17 21:15:55,110 [d2424f4d-20d2-4104-abcc-02e6288f3ffc@group-62509A8A5C15-LeaderElection199] INFO  impl.RaftServerImpl (RaftServerImpl.java:setRole(184)) - d2424f4d-20d2-4104-abcc-02e6288f3ffc@group-62509A8A5C15: changes role from CANDIDATE to FOLLOWER at term 213 for DISCOVERED_A_NEW_TERM
2019-10-17 21:15:55,110 [d2424f4d-20d2-4104-abcc-02e6288f3ffc@group-62509A8A5C15-LeaderElection199] INFO  impl.RoleInfo (RoleInfo.java:shutdownLeaderElection(134)) - d2424f4d-20d2-4104-abcc-02e6288f3ffc: shutdown LeaderElection
2019-10-17 21:15:55,110 [d2424f4d-20d2-4104-abcc-02e6288f3ffc@group-62509A8A5C15-LeaderElection199] INFO  impl.RoleInfo (RoleInfo.java:updateAndGet(143)) - d2424f4d-20d2-4104-abcc-02e6288f3ffc: start FollowerState
2019-10-17 21:15:55,281 [Thread-1541] INFO  impl.FollowerState (FollowerState.java:run(108)) - d2424f4d-20d2-4104-abcc-02e6288f3ffc@group-62509A8A5C15-FollowerState: change to CANDIDATE, lastRpcTime:171ms, electionTimeout:171ms
2019-10-17 21:15:55,282 [Thread-1541] INFO  impl.RoleInfo (RoleInfo.java:shutdownFollowerState(121)) - d2424f4d-20d2-4104-abcc-02e6288f3ffc: shutdown FollowerState
2019-10-17 21:15:55,282 [Thread-1541] INFO  impl.RaftServerImpl (RaftServerImpl.java:setRole(184)) - d2424f4d-20d2-4104-abcc-02e6288f3ffc@group-62509A8A5C15: changes role from  FOLLOWER to CANDIDATE at term 213 for changeToCandidate
2019-10-17 21:15:55,282 [Thread-1541] INFO  impl.RoleInfo (RoleInfo.java:updateAndGet(143)) - d2424f4d-20d2-4104-abcc-02e6288f3ffc: start LeaderElection
2019-10-17 21:15:55,308 [d2424f4d-20d2-4104-abcc-02e6288f3ffc@group-62509A8A5C15-LeaderElection200] INFO  impl.LeaderElection (LeaderElection.java:askForVotes(178)) - d2424f4d-20d2-4104-abcc-02e6288f3ffc@group-62509A8A5C15-LeaderElection200: begin an election at term 214 for -1: [3909bd6a-278d-4911-9d70-32680c972d02:192.168.157.223:33343, d2424f4d-20d2-4104-abcc-02e6288f3ffc:192.168.157.223:39352, 7c510082-4284-44ef-8cd9-bb38fb15579f:192.168.157.223:33098], old=null
2019-10-17 21:15:55,310 [grpc-default-executor-6] INFO  impl.RaftServerImpl (RaftServerImpl.java:setRole(184)) - 3909bd6a-278d-4911-9d70-32680c972d02@group-62509A8A5C15: changes role from  FOLLOWER to FOLLOWER at term 214 for recognizeCandidate:d2424f4d-20d2-4104-abcc-02e6288f3ffc
2019-10-17 21:15:55,310 [grpc-default-executor-2] INFO  impl.RaftServerImpl (RaftServerImpl.java:setRole(184)) - 7c510082-4284-44ef-8cd9-bb38fb15579f@group-62509A8A5C15: changes role from  FOLLOWER to FOLLOWER at term 214 for recognizeCandidate:d2424f4d-20d2-4104-abcc-02e6288f3ffc
2019-10-17 21:15:55,311 [grpc-default-executor-6] INFO  impl.RoleInfo (RoleInfo.java:shutdownFollowerState(121)) - 3909bd6a-278d-4911-9d70-32680c972d02: shutdown FollowerState
2019-10-17 21:15:55,311 [grpc-default-executor-2] INFO  impl.RoleInfo (RoleInfo.java:shutdownFollowerState(121)) - 7c510082-4284-44ef-8cd9-bb38fb15579f: shutdown FollowerState
2019-10-17 21:15:55,311 [Thread-1540] INFO  impl.FollowerState (FollowerState.java:run(117)) - 3909bd6a-278d-4911-9d70-32680c972d02@group-62509A8A5C15-FollowerState was interrupted: java.lang.InterruptedException: sleep interrupted
2019-10-17 21:15:55,311 [Thread-1539] INFO  impl.FollowerState (FollowerState.java:run(117)) - 7c510082-4284-44ef-8cd9-bb38fb15579f@group-62509A8A5C15-FollowerState was interrupted: java.lang.InterruptedException: sleep interrupted
2019-10-17 21:15:55,311 [grpc-default-executor-6] INFO  impl.RoleInfo (RoleInfo.java:updateAndGet(143)) - 3909bd6a-278d-4911-9d70-32680c972d02: start FollowerState
2019-10-17 21:15:55,311 [grpc-default-executor-2] INFO  impl.RoleInfo (RoleInfo.java:updateAndGet(143)) - 7c510082-4284-44ef-8cd9-bb38fb15579f: start FollowerState
2019-10-17 21:15:55,339 [d2424f4d-20d2-4104-abcc-02e6288f3ffc@group-62509A8A5C15-LeaderElection200] INFO  impl.LeaderElection (LeaderElection.java:logAndReturn(56)) - d2424f4d-20d2-4104-abcc-02e6288f3ffc@group-62509A8A5C15-LeaderElection200: Election REJECTED; received 2 response(s) [d2424f4d-20d2-4104-abcc-02e6288f3ffc<-3909bd6a-278d-4911-9d70-32680c972d02#0:FAIL-t214, d2424f4d-20d2-4104-abcc-02e6288f3ffc<-7c510082-4284-44ef-8cd9-bb38fb15579f#0:FAIL-t214] and 0 exception(s); d2424f4d-20d2-4104-abcc-02e6288f3ffc@group-62509A8A5C15:t214, leader=null, voted=d2424f4d-20d2-4104-abcc-02e6288f3ffc, raftlog=d2424f4d-20d2-4104-abcc-02e6288f3ffc@group-62509A8A5C15-SegmentedRaftLog:OPENED:c-1,f-1,i0, conf=-1: [3909bd6a-278d-4911-9d70-32680c972d02:192.168.157.223:33343, d2424f4d-20d2-4104-abcc-02e6288f3ffc:192.168.157.223:39352, 7c510082-4284-44ef-8cd9-bb38fb15579f:192.168.157.223:33098], old=null
2019-10-17 21:15:55,339 [d2424f4d-20d2-4104-abcc-02e6288f3ffc@group-62509A8A5C15-LeaderElection200] INFO  impl.RaftServerImpl (RaftServerImpl.java:setRole(184)) - d2424f4d-20d2-4104-abcc-02e6288f3ffc@group-62509A8A5C15: changes role from CANDIDATE to FOLLOWER at term 214 for DISCOVERED_A_NEW_TERM
2019-10-17 21:15:55,339 [d2424f4d-20d2-4104-abcc-02e6288f3ffc@group-62509A8A5C15-LeaderElection200] INFO  impl.RoleInfo (RoleInfo.java:shutdownLeaderElection(134)) - d2424f4d-20d2-4104-abcc-02e6288f3ffc: shutdown LeaderElection
2019-10-17 21:15:55,339 [d2424f4d-20d2-4104-abcc-02e6288f3ffc@group-62509A8A5C15-LeaderElection200] INFO  impl.RoleInfo (RoleInfo.java:updateAndGet(143)) - d2424f4d-20d2-4104-abcc-02e6288f3ffc: start FollowerState
2019-10-17 21:15:55,415 [Thread-1547] INFO  impl.FollowerState (FollowerState.java:run(108)) - d2424f4d-20d2-4104-abcc-02e6288f3ffc@group-62509A8A5C15-FollowerState: change to CANDIDATE, lastRpcTime:75ms, electionTimeout:75ms
2019-10-17 21:15:55,415 [Thread-1547] INFO  impl.RoleInfo (RoleInfo.java:shutdownFollowerState(121)) - d2424f4d-20d2-4104-abcc-02e6288f3ffc: shutdown FollowerState
2019-10-17 21:15:55,415 [Thread-1547] INFO  impl.RaftServerImpl (RaftServerImpl.java:setRole(184)) - d2424f4d-20d2-4104-abcc-02e6288f3ffc@group-62509A8A5C15: changes role from  FOLLOWER to CANDIDATE at term 214 for changeToCandidate
2019-10-17 21:15:55,415 [Thread-1547] INFO  impl.RoleInfo (RoleInfo.java:updateAndGet(143)) - d2424f4d-20d2-4104-abcc-02e6288f3ffc: start LeaderElection
2019-10-17 21:15:55,447 [d2424f4d-20d2-4104-abcc-02e6288f3ffc@group-62509A8A5C15-LeaderElection201] INFO  impl.LeaderElection (LeaderElection.java:askForVotes(178)) - d2424f4d-20d2-4104-abcc-02e6288f3ffc@group-62509A8A5C15-LeaderElection201: begin an election at term 215 for -1: [3909bd6a-278d-4911-9d70-32680c972d02:192.168.157.223:33343, d2424f4d-20d2-4104-abcc-02e6288f3ffc:192.168.157.223:39352, 7c510082-4284-44ef-8cd9-bb38fb15579f:192.168.157.223:33098], old=null
2019-10-17 21:15:55,449 [grpc-default-executor-2] INFO  impl.RaftServerImpl (RaftServerImpl.java:setRole(184)) - 3909bd6a-278d-4911-9d70-32680c972d02@group-62509A8A5C15: changes role from  FOLLOWER to FOLLOWER at term 215 for recognizeCandidate:d2424f4d-20d2-4104-abcc-02e6288f3ffc
2019-10-17 21:15:55,449 [grpc-default-executor-2] INFO  impl.RoleInfo (RoleInfo.java:shutdownFollowerState(121)) - 3909bd6a-278d-4911-9d70-32680c972d02: shutdown FollowerState
2019-10-17 21:15:55,449 [grpc-default-executor-6] INFO  impl.RaftServerImpl (RaftServerImpl.java:setRole(184)) - 7c510082-4284-44ef-8cd9-bb38fb15579f@group-62509A8A5C15: changes role from  FOLLOWER to FOLLOWER at term 215 for recognizeCandidate:d2424f4d-20d2-4104-abcc-02e6288f3ffc
2019-10-17 21:15:55,449 [Thread-1545] INFO  impl.FollowerState (FollowerState.java:run(117)) - 3909bd6a-278d-4911-9d70-32680c972d02@group-62509A8A5C15-FollowerState was interrupted: java.lang.InterruptedException: sleep interrupted
2019-10-17 21:15:55,449 [grpc-default-executor-2] INFO  impl.RoleInfo (RoleInfo.java:updateAndGet(143)) - 3909bd6a-278d-4911-9d70-32680c972d02: start FollowerState
2019-10-17 21:15:55,449 [grpc-default-executor-6] INFO  impl.RoleInfo (RoleInfo.java:shutdownFollowerState(121)) - 7c510082-4284-44ef-8cd9-bb38fb15579f: shutdown FollowerState
2019-10-17 21:15:55,450 [grpc-default-executor-6] INFO  impl.RoleInfo (RoleInfo.java:updateAndGet(143)) - 7c510082-4284-44ef-8cd9-bb38fb15579f: start FollowerState
2019-10-17 21:15:55,450 [Thread-1546] INFO  impl.FollowerState (FollowerState.java:run(117)) - 7c510082-4284-44ef-8cd9-bb38fb15579f@group-62509A8A5C15-FollowerState was interrupted: java.lang.InterruptedException: sleep interrupted
2019-10-17 21:15:55,464 [d2424f4d-20d2-4104-abcc-02e6288f3ffc@group-62509A8A5C15-LeaderElection201] INFO  impl.LeaderElection (LeaderElection.java:logAndReturn(56)) - d2424f4d-20d2-4104-abcc-02e6288f3ffc@group-62509A8A5C15-LeaderElection201: Election REJECTED; received 2 response(s) [d2424f4d-20d2-4104-abcc-02e6288f3ffc<-3909bd6a-278d-4911-9d70-32680c972d02#0:FAIL-t215, d2424f4d-20d2-4104-abcc-02e6288f3ffc<-7c510082-4284-44ef-8cd9-bb38fb15579f#0:FAIL-t215] and 0 exception(s); d2424f4d-20d2-4104-abcc-02e6288f3ffc@group-62509A8A5C15:t215, leader=null, voted=d2424f4d-20d2-4104-abcc-02e6288f3ffc, raftlog=d2424f4d-20d2-4104-abcc-02e6288f3ffc@group-62509A8A5C15-SegmentedRaftLog:OPENED:c-1,f-1,i0, conf=-1: [3909bd6a-278d-4911-9d70-32680c972d02:192.168.157.223:33343, d2424f4d-20d2-4104-abcc-02e6288f3ffc:192.168.157.223:39352, 7c510082-4284-44ef-8cd9-bb38fb15579f:192.168.157.223:33098], old=null
2019-10-17 21:15:55,464 [d2424f4d-20d2-4104-abcc-02e6288f3ffc@group-62509A8A5C15-LeaderElection201] INFO  impl.RaftServerImpl (RaftServerImpl.java:setRole(184)) - d2424f4d-20d2-4104-abcc-02e6288f3ffc@group-62509A8A5C15: changes role from CANDIDATE to FOLLOWER at term 215 for DISCOVERED_A_NEW_TERM
2019-10-17 21:15:55,465 [d2424f4d-20d2-4104-abcc-02e6288f3ffc@group-62509A8A5C15-LeaderElection201] INFO  impl.RoleInfo (RoleInfo.java:shutdownLeaderElection(134)) - d2424f4d-20d2-4104-abcc-02e6288f3ffc: shutdown LeaderElection
2019-10-17 21:15:55,465 [d2424f4d-20d2-4104-abcc-02e6288f3ffc@group-62509A8A5C15-LeaderElection201] INFO  impl.RoleInfo (RoleInfo.java:updateAndGet(143)) - d2424f4d-20d2-4104-abcc-02e6288f3ffc: start FollowerState
2019-10-17 21:15:55,645 [Thread-1553] INFO  impl.FollowerState (FollowerState.java:run(108)) - d2424f4d-20d2-4104-abcc-02e6288f3ffc@group-62509A8A5C15-FollowerState: change to CANDIDATE, lastRpcTime:180ms, electionTimeout:180ms
2019-10-17 21:15:55,645 [Thread-1553] INFO  impl.RoleInfo (RoleInfo.java:shutdownFollowerState(121)) - d2424f4d-20d2-4104-abcc-02e6288f3ffc: shutdown FollowerState
2019-10-17 21:15:55,645 [Thread-1553] INFO  impl.RaftServerImpl (RaftServerImpl.java:setRole(184)) - d2424f4d-20d2-4104-abcc-02e6288f3ffc@group-62509A8A5C15: changes role from  FOLLOWER to CANDIDATE at term 215 for changeToCandidate
2019-10-17 21:15:55,646 [Thread-1553] INFO  impl.RoleInfo (RoleInfo.java:updateAndGet(143)) - d2424f4d-20d2-4104-abcc-02e6288f3ffc: start LeaderElection
2019-10-17 21:15:55,661 [d2424f4d-20d2-4104-abcc-02e6288f3ffc@group-62509A8A5C15-LeaderElection202] INFO  impl.LeaderElection (LeaderElection.java:askForVotes(178)) - d2424f4d-20d2-4104-abcc-02e6288f3ffc@group-62509A8A5C15-LeaderElection202: begin an election at term 216 for -1: [3909bd6a-278d-4911-9d70-32680c972d02:192.168.157.223:33343, d2424f4d-20d2-4104-abcc-02e6288f3ffc:192.168.157.223:39352, 7c510082-4284-44ef-8cd9-bb38fb15579f:192.168.157.223:33098], old=null
2019-10-17 21:15:55,663 [grpc-default-executor-6] INFO  impl.RaftServerImpl (RaftServerImpl.java:setRole(184)) - 3909bd6a-278d-4911-9d70-32680c972d02@group-62509A8A5C15: changes role from  FOLLOWER to FOLLOWER at term 216 for recognizeCandidate:d2424f4d-20d2-4104-abcc-02e6288f3ffc
2019-10-17 21:15:55,664 [grpc-default-executor-6] INFO  impl.RoleInfo (RoleInfo.java:shutdownFollowerState(121)) - 3909bd6a-278d-4911-9d70-32680c972d02: shutdown FollowerState
2019-10-17 21:15:55,664 [grpc-default-executor-6] INFO  impl.RoleInfo (RoleInfo.java:updateAndGet(143)) - 3909bd6a-278d-4911-9d70-32680c972d02: start FollowerState
2019-10-17 21:15:55,664 [Thread-1551] INFO  impl.FollowerState (FollowerState.java:run(117)) - 3909bd6a-278d-4911-9d70-32680c972d02@group-62509A8A5C15-FollowerState was interrupted: java.lang.InterruptedException: sleep interrupted
2019-10-17 21:15:55,664 [grpc-default-executor-2] INFO  impl.RaftServerImpl (RaftServerImpl.java:setRole(184)) - 7c510082-4284-44ef-8cd9-bb38fb15579f@group-62509A8A5C15: changes role from  FOLLOWER to FOLLOWER at term 216 for recognizeCandidate:d2424f4d-20d2-4104-abcc-02e6288f3ffc
2019-10-17 21:15:55,664 [grpc-default-executor-2] INFO  impl.RoleInfo (RoleInfo.java:shutdownFollowerState(121)) - 7c510082-4284-44ef-8cd9-bb38fb15579f: shutdown FollowerState
2019-10-17 21:15:55,665 [grpc-default-executor-2] INFO  impl.RoleInfo (RoleInfo.java:updateAndGet(143)) - 7c510082-4284-44ef-8cd9-bb38fb15579f: start FollowerState
2019-10-17 21:15:55,665 [Thread-1552] INFO  impl.FollowerState (FollowerState.java:run(117)) - 7c510082-4284-44ef-8cd9-bb38fb15579f@group-62509A8A5C15-FollowerState was interrupted: java.lang.InterruptedException: sleep interrupted
2019-10-17 21:15:55,700 [d2424f4d-20d2-4104-abcc-02e6288f3ffc@group-62509A8A5C15-LeaderElection202] INFO  impl.LeaderElection (LeaderElection.java:logAndReturn(56)) - d2424f4d-20d2-4104-abcc-02e6288f3ffc@group-62509A8A5C15-LeaderElection202: Election REJECTED; received 2 response(s) [d2424f4d-20d2-4104-abcc-02e6288f3ffc<-3909bd6a-278d-4911-9d70-32680c972d02#0:FAIL-t216, d2424f4d-20d2-4104-abcc-02e6288f3ffc<-7c510082-4284-44ef-8cd9-bb38fb15579f#0:FAIL-t216] and 0 exception(s); d2424f4d-20d2-4104-abcc-02e6288f3ffc@group-62509A8A5C15:t216, leader=null, voted=d2424f4d-20d2-4104-abcc-02e6288f3ffc, raftlog=d2424f4d-20d2-4104-abcc-02e6288f3ffc@group-62509A8A5C15-SegmentedRaftLog:OPENED:c-1,f-1,i0, conf=-1: [3909bd6a-278d-4911-9d70-32680c972d02:192.168.157.223:33343, d2424f4d-20d2-4104-abcc-02e6288f3ffc:192.168.157.223:39352, 7c510082-4284-44ef-8cd9-bb38fb15579f:192.168.157.223:33098], old=null
2019-10-17 21:15:55,700 [d2424f4d-20d2-4104-abcc-02e6288f3ffc@group-62509A8A5C15-LeaderElection202] INFO  impl.RaftServerImpl (RaftServerImpl.java:setRole(184)) - d2424f4d-20d2-4104-abcc-02e6288f3ffc@group-62509A8A5C15: changes role from CANDIDATE to FOLLOWER at term 216 for DISCOVERED_A_NEW_TERM
2019-10-17 21:15:55,700 [d2424f4d-20d2-4104-abcc-02e6288f3ffc@group-62509A8A5C15-LeaderElection202] INFO  impl.RoleInfo (RoleInfo.java:shutdownLeaderElection(134)) - d2424f4d-20d2-4104-abcc-02e6288f3ffc: shutdown LeaderElection
2019-10-17 21:15:55,700 [d2424f4d-20d2-4104-abcc-02e6288f3ffc@group-62509A8A5C15-LeaderElection202] INFO  impl.RoleInfo (RoleInfo.java:updateAndGet(143)) - d2424f4d-20d2-4104-abcc-02e6288f3ffc: start FollowerState
2019-10-17 21:15:55,854 [Thread-1559] INFO  impl.FollowerState (FollowerState.java:run(108)) - d2424f4d-20d2-4104-abcc-02e6288f3ffc@group-62509A8A5C15-FollowerState: change to CANDIDATE, lastRpcTime:153ms, electionTimeout:153ms
2019-10-17 21:15:55,854 [Thread-1559] INFO  impl.RoleInfo (RoleInfo.java:shutdownFollowerState(121)) - d2424f4d-20d2-4104-abcc-02e6288f3ffc: shutdown FollowerState
2019-10-17 21:15:55,854 [Thread-1559] INFO  impl.RaftServerImpl (RaftServerImpl.java:setRole(184)) - d2424f4d-20d2-4104-abcc-02e6288f3ffc@group-62509A8A5C15: changes role from  FOLLOWER to CANDIDATE at term 216 for changeToCandidate
2019-10-17 21:15:55,854 [Thread-1559] INFO  impl.RoleInfo (RoleInfo.java:updateAndGet(143)) - d2424f4d-20d2-4104-abcc-02e6288f3ffc: start LeaderElection
2019-10-17 21:15:55,868 [d2424f4d-20d2-4104-abcc-02e6288f3ffc@group-62509A8A5C15-LeaderElection203] INFO  impl.LeaderElection (LeaderElection.java:askForVotes(178)) - d2424f4d-20d2-4104-abcc-02e6288f3ffc@group-62509A8A5C15-LeaderElection203: begin an election at term 217 for -1: [3909bd6a-278d-4911-9d70-32680c972d02:192.168.157.223:33343, d2424f4d-20d2-4104-abcc-02e6288f3ffc:192.168.157.223:39352, 7c510082-4284-44ef-8cd9-bb38fb15579f:192.168.157.223:33098], old=null
2019-10-17 21:15:55,871 [grpc-default-executor-6] INFO  impl.RaftServerImpl (RaftServerImpl.java:setRole(184)) - 3909bd6a-278d-4911-9d70-32680c972d02@group-62509A8A5C15: changes role from  FOLLOWER to FOLLOWER at term 217 for recognizeCandidate:d2424f4d-20d2-4104-abcc-02e6288f3ffc
2019-10-17 21:15:55,871 [grpc-default-executor-6] INFO  impl.RoleInfo (RoleInfo.java:shutdownFollowerState(121)) - 3909bd6a-278d-4911-9d70-32680c972d02: shutdown FollowerState
2019-10-17 21:15:55,871 [grpc-default-executor-6] INFO  impl.RoleInfo (RoleInfo.java:updateAndGet(143)) - 3909bd6a-278d-4911-9d70-32680c972d02: start FollowerState
2019-10-17 21:15:55,871 [Thread-1557] INFO  impl.FollowerState (FollowerState.java:run(117)) - 3909bd6a-278d-4911-9d70-32680c972d02@group-62509A8A5C15-FollowerState was interrupted: java.lang.InterruptedException: sleep interrupted
2019-10-17 21:15:55,871 [grpc-default-executor-2] INFO  impl.RaftServerImpl (RaftServerImpl.java:setRole(184)) - 7c510082-4284-44ef-8cd9-bb38fb15579f@group-62509A8A5C15: changes role from  FOLLOWER to FOLLOWER at term 217 for recognizeCandidate:d2424f4d-20d2-4104-abcc-02e6288f3ffc
2019-10-17 21:15:55,872 [grpc-default-executor-2] INFO  impl.RoleInfo (RoleInfo.java:shutdownFollowerState(121)) - 7c510082-4284-44ef-8cd9-bb38fb15579f: shutdown FollowerState
2019-10-17 21:15:55,872 [grpc-default-executor-2] INFO  impl.RoleInfo (RoleInfo.java:updateAndGet(143)) - 7c510082-4284-44ef-8cd9-bb38fb15579f: start FollowerState
2019-10-17 21:15:55,872 [Thread-1558] INFO  impl.FollowerState (FollowerState.java:run(117)) - 7c510082-4284-44ef-8cd9-bb38fb15579f@group-62509A8A5C15-FollowerState was interrupted: java.lang.InterruptedException: sleep interrupted
2019-10-17 21:15:55,898 [d2424f4d-20d2-4104-abcc-02e6288f3ffc@group-62509A8A5C15-LeaderElection203] INFO  impl.LeaderElection (LeaderElection.java:logAndReturn(56)) - d2424f4d-20d2-4104-abcc-02e6288f3ffc@group-62509A8A5C15-LeaderElection203: Election REJECTED; received 2 response(s) [d2424f4d-20d2-4104-abcc-02e6288f3ffc<-3909bd6a-278d-4911-9d70-32680c972d02#0:FAIL-t217, d2424f4d-20d2-4104-abcc-02e6288f3ffc<-7c510082-4284-44ef-8cd9-bb38fb15579f#0:FAIL-t217] and 0 exception(s); d2424f4d-20d2-4104-abcc-02e6288f3ffc@group-62509A8A5C15:t217, leader=null, voted=d2424f4d-20d2-4104-abcc-02e6288f3ffc, raftlog=d2424f4d-20d2-4104-abcc-02e6288f3ffc@group-62509A8A5C15-SegmentedRaftLog:OPENED:c-1,f-1,i0, conf=-1: [3909bd6a-278d-4911-9d70-32680c972d02:192.168.157.223:33343, d2424f4d-20d2-4104-abcc-02e6288f3ffc:192.168.157.223:39352, 7c510082-4284-44ef-8cd9-bb38fb15579f:192.168.157.223:33098], old=null
2019-10-17 21:15:55,898 [d2424f4d-20d2-4104-abcc-02e6288f3ffc@group-62509A8A5C15-LeaderElection203] INFO  impl.RaftServerImpl (RaftServerImpl.java:setRole(184)) - d2424f4d-20d2-4104-abcc-02e6288f3ffc@group-62509A8A5C15: changes role from CANDIDATE to FOLLOWER at term 217 for DISCOVERED_A_NEW_TERM
2019-10-17 21:15:55,899 [d2424f4d-20d2-4104-abcc-02e6288f3ffc@group-62509A8A5C15-LeaderElection203] INFO  impl.RoleInfo (RoleInfo.java:shutdownLeaderElection(134)) - d2424f4d-20d2-4104-abcc-02e6288f3ffc: shutdown LeaderElection
2019-10-17 21:15:55,899 [d2424f4d-20d2-4104-abcc-02e6288f3ffc@group-62509A8A5C15-LeaderElection203] INFO  impl.RoleInfo (RoleInfo.java:updateAndGet(143)) - d2424f4d-20d2-4104-abcc-02e6288f3ffc: start FollowerState
2019-10-17 21:15:56,016 [Thread-1565] INFO  impl.FollowerState (FollowerState.java:run(108)) - d2424f4d-20d2-4104-abcc-02e6288f3ffc@group-62509A8A5C15-FollowerState: change to CANDIDATE, lastRpcTime:117ms, electionTimeout:117ms
2019-10-17 21:15:56,016 [Thread-1565] INFO  impl.RoleInfo (RoleInfo.java:shutdownFollowerState(121)) - d2424f4d-20d2-4104-abcc-02e6288f3ffc: shutdown FollowerState
2019-10-17 21:15:56,016 [Thread-1565] INFO  impl.RaftServerImpl (RaftServerImpl.java:setRole(184)) - d2424f4d-20d2-4104-abcc-02e6288f3ffc@group-62509A8A5C15: changes role from  FOLLOWER to CANDIDATE at term 217 for changeToCandidate
2019-10-17 21:15:56,017 [Thread-1565] INFO  impl.RoleInfo (RoleInfo.java:updateAndGet(143)) - d2424f4d-20d2-4104-abcc-02e6288f3ffc: start LeaderElection
2019-10-17 21:15:56,043 [d2424f4d-20d2-4104-abcc-02e6288f3ffc@group-62509A8A5C15-LeaderElection204] INFO  impl.LeaderElection (LeaderElection.java:askForVotes(178)) - d2424f4d-20d2-4104-abcc-02e6288f3ffc@group-62509A8A5C15-LeaderElection204: begin an election at term 218 for -1: [3909bd6a-278d-4911-9d70-32680c972d02:192.168.157.223:33343, d2424f4d-20d2-4104-abcc-02e6288f3ffc:192.168.157.223:39352, 7c510082-4284-44ef-8cd9-bb38fb15579f:192.168.157.223:33098], old=null
2019-10-17 21:15:56,046 [grpc-default-executor-6] INFO  impl.RaftServerImpl (RaftServerImpl.java:setRole(184)) - 3909bd6a-278d-4911-9d70-32680c972d02@group-62509A8A5C15: changes role from  FOLLOWER to FOLLOWER at term 218 for recognizeCandidate:d2424f4d-20d2-4104-abcc-02e6288f3ffc
2019-10-17 21:15:56,046 [grpc-default-executor-6] INFO  impl.RoleInfo (RoleInfo.java:shutdownFollowerState(121)) - 3909bd6a-278d-4911-9d70-32680c972d02: shutdown FollowerState
2019-10-17 21:15:56,046 [grpc-default-executor-6] INFO  impl.RoleInfo (RoleInfo.java:updateAndGet(143)) - 3909bd6a-278d-4911-9d70-32680c972d02: start FollowerState
2019-10-17 21:15:56,046 [Thread-1563] INFO  impl.FollowerState (FollowerState.java:run(117)) - 3909bd6a-278d-4911-9d70-32680c972d02@group-62509A8A5C15-FollowerState was interrupted: java.lang.InterruptedException: sleep interrupted
2019-10-17 21:15:56,046 [grpc-default-executor-2] INFO  impl.RaftServerImpl (RaftServerImpl.java:setRole(184)) - 7c510082-4284-44ef-8cd9-bb38fb15579f@group-62509A8A5C15: changes role from  FOLLOWER to FOLLOWER at term 218 for recognizeCandidate:d2424f4d-20d2-4104-abcc-02e6288f3ffc
2019-10-17 21:15:56,047 [grpc-default-executor-2] INFO  impl.RoleInfo (RoleInfo.java:shutdownFollowerState(121)) - 7c510082-4284-44ef-8cd9-bb38fb15579f: shutdown FollowerState
2019-10-17 21:15:56,047 [grpc-default-executor-2] INFO  impl.RoleInfo (RoleInfo.java:updateAndGet(143)) - 7c510082-4284-44ef-8cd9-bb38fb15579f: start FollowerState
2019-10-17 21:15:56,047 [Thread-1564] INFO  impl.FollowerState (FollowerState.java:run(117)) - 7c510082-4284-44ef-8cd9-bb38fb15579f@group-62509A8A5C15-FollowerState was interrupted: java.lang.InterruptedException: sleep interrupted
2019-10-17 21:15:56,061 [d2424f4d-20d2-4104-abcc-02e6288f3ffc@group-62509A8A5C15-LeaderElection204] INFO  impl.LeaderElection (LeaderElection.java:logAndReturn(56)) - d2424f4d-20d2-4104-abcc-02e6288f3ffc@group-62509A8A5C15-LeaderElection204: Election REJECTED; received 2 response(s) [d2424f4d-20d2-4104-abcc-02e6288f3ffc<-3909bd6a-278d-4911-9d70-32680c972d02#0:FAIL-t218, d2424f4d-20d2-4104-abcc-02e6288f3ffc<-7c510082-4284-44ef-8cd9-bb38fb15579f#0:FAIL-t218] and 0 exception(s); d2424f4d-20d2-4104-abcc-02e6288f3ffc@group-62509A8A5C15:t218, leader=null, voted=d2424f4d-20d2-4104-abcc-02e6288f3ffc, raftlog=d2424f4d-20d2-4104-abcc-02e6288f3ffc@group-62509A8A5C15-SegmentedRaftLog:OPENED:c-1,f-1,i0, conf=-1: [3909bd6a-278d-4911-9d70-32680c972d02:192.168.157.223:33343, d2424f4d-20d2-4104-abcc-02e6288f3ffc:192.168.157.223:39352, 7c510082-4284-44ef-8cd9-bb38fb15579f:192.168.157.223:33098], old=null
2019-10-17 21:15:56,062 [d2424f4d-20d2-4104-abcc-02e6288f3ffc@group-62509A8A5C15-LeaderElection204] INFO  impl.RaftServerImpl (RaftServerImpl.java:setRole(184)) - d2424f4d-20d2-4104-abcc-02e6288f3ffc@group-62509A8A5C15: changes role from CANDIDATE to FOLLOWER at term 218 for DISCOVERED_A_NEW_TERM
2019-10-17 21:15:56,062 [d2424f4d-20d2-4104-abcc-02e6288f3ffc@group-62509A8A5C15-LeaderElection204] INFO  impl.RoleInfo (RoleInfo.java:shutdownLeaderElection(134)) - d2424f4d-20d2-4104-abcc-02e6288f3ffc: shutdown LeaderElection
2019-10-17 21:15:56,062 [d2424f4d-20d2-4104-abcc-02e6288f3ffc@group-62509A8A5C15-LeaderElection204] INFO  impl.RoleInfo (RoleInfo.java:updateAndGet(143)) - d2424f4d-20d2-4104-abcc-02e6288f3ffc: start FollowerState
2019-10-17 21:15:56,163 [Thread-1573] INFO  impl.FollowerState (FollowerState.java:run(108)) - d2424f4d-20d2-4104-abcc-02e6288f3ffc@group-62509A8A5C15-FollowerState: change to CANDIDATE, lastRpcTime:101ms, electionTimeout:101ms
2019-10-17 21:15:56,164 [Thread-1573] INFO  impl.RoleInfo (RoleInfo.java:shutdownFollowerState(121)) - d2424f4d-20d2-4104-abcc-02e6288f3ffc: shutdown FollowerState
2019-10-17 21:15:56,164 [Thread-1573] INFO  impl.RaftServerImpl (RaftServerImpl.java:setRole(184)) - d2424f4d-20d2-4104-abcc-02e6288f3ffc@group-62509A8A5C15: changes role from  FOLLOWER to CANDIDATE at term 218 for changeToCandidate
2019-10-17 21:15:56,164 [Thread-1573] INFO  impl.RoleInfo (RoleInfo.java:updateAndGet(143)) - d2424f4d-20d2-4104-abcc-02e6288f3ffc: start LeaderElection
2019-10-17 21:15:56,179 [d2424f4d-20d2-4104-abcc-02e6288f3ffc@group-62509A8A5C15-LeaderElection205] INFO  impl.LeaderElection (LeaderElection.java:askForVotes(178)) - d2424f4d-20d2-4104-abcc-02e6288f3ffc@group-62509A8A5C15-LeaderElection205: begin an election at term 219 for -1: [3909bd6a-278d-4911-9d70-32680c972d02:192.168.157.223:33343, d2424f4d-20d2-4104-abcc-02e6288f3ffc:192.168.157.223:39352, 7c510082-4284-44ef-8cd9-bb38fb15579f:192.168.157.223:33098], old=null
2019-10-17 21:15:56,182 [grpc-default-executor-6] INFO  impl.RaftServerImpl (RaftServerImpl.java:setRole(184)) - 3909bd6a-278d-4911-9d70-32680c972d02@group-62509A8A5C15: changes role from  FOLLOWER to FOLLOWER at term 219 for recognizeCandidate:d2424f4d-20d2-4104-abcc-02e6288f3ffc
2019-10-17 21:15:56,182 [grpc-default-executor-6] INFO  impl.RoleInfo (RoleInfo.java:shutdownFollowerState(121)) - 3909bd6a-278d-4911-9d70-32680c972d02: shutdown FollowerState
2019-10-17 21:15:56,182 [grpc-default-executor-2] INFO  impl.RaftServerImpl (RaftServerImpl.java:setRole(184)) - 7c510082-4284-44ef-8cd9-bb38fb15579f@group-62509A8A5C15: changes role from  FOLLOWER to FOLLOWER at term 219 for recognizeCandidate:d2424f4d-20d2-4104-abcc-02e6288f3ffc
2019-10-17 21:15:56,182 [Thread-1571] INFO  impl.FollowerState (FollowerState.java:run(117)) - 3909bd6a-278d-4911-9d70-32680c972d02@group-62509A8A5C15-FollowerState was interrupted: java.lang.InterruptedException: sleep interrupted
2019-10-17 21:15:56,182 [grpc-default-executor-6] INFO  impl.RoleInfo (RoleInfo.java:updateAndGet(143)) - 3909bd6a-278d-4911-9d70-32680c972d02: start FollowerState
2019-10-17 21:15:56,182 [grpc-default-executor-2] INFO  impl.RoleInfo (RoleInfo.java:shutdownFollowerState(121)) - 7c510082-4284-44ef-8cd9-bb38fb15579f: shutdown FollowerState
2019-10-17 21:15:56,183 [grpc-default-executor-2] INFO  impl.RoleInfo (RoleInfo.java:updateAndGet(143)) - 7c510082-4284-44ef-8cd9-bb38fb15579f: start FollowerState
2019-10-17 21:15:56,183 [Thread-1572] INFO  impl.FollowerState (FollowerState.java:run(117)) - 7c510082-4284-44ef-8cd9-bb38fb15579f@group-62509A8A5C15-FollowerState was interrupted: java.lang.InterruptedException: sleep interrupted
2019-10-17 21:15:56,199 [d2424f4d-20d2-4104-abcc-02e6288f3ffc@group-62509A8A5C15-LeaderElection205] INFO  impl.LeaderElection (LeaderElection.java:logAndReturn(56)) - d2424f4d-20d2-4104-abcc-02e6288f3ffc@group-62509A8A5C15-LeaderElection205: Election REJECTED; received 2 response(s) [d2424f4d-20d2-4104-abcc-02e6288f3ffc<-3909bd6a-278d-4911-9d70-32680c972d02#0:FAIL-t219, d2424f4d-20d2-4104-abcc-02e6288f3ffc<-7c510082-4284-44ef-8cd9-bb38fb15579f#0:FAIL-t219] and 0 exception(s); d2424f4d-20d2-4104-abcc-02e6288f3ffc@group-62509A8A5C15:t219, leader=null, voted=d2424f4d-20d2-4104-abcc-02e6288f3ffc, raftlog=d2424f4d-20d2-4104-abcc-02e6288f3ffc@group-62509A8A5C15-SegmentedRaftLog:OPENED:c-1,f-1,i0, conf=-1: [3909bd6a-278d-4911-9d70-32680c972d02:192.168.157.223:33343, d2424f4d-20d2-4104-abcc-02e6288f3ffc:192.168.157.223:39352, 7c510082-4284-44ef-8cd9-bb38fb15579f:192.168.157.223:33098], old=null
2019-10-17 21:15:56,199 [d2424f4d-20d2-4104-abcc-02e6288f3ffc@group-62509A8A5C15-LeaderElection205] INFO  impl.RaftServerImpl (RaftServerImpl.java:setRole(184)) - d2424f4d-20d2-4104-abcc-02e6288f3ffc@group-62509A8A5C15: changes role from CANDIDATE to FOLLOWER at term 219 for DISCOVERED_A_NEW_TERM
2019-10-17 21:15:56,200 [d2424f4d-20d2-4104-abcc-02e6288f3ffc@group-62509A8A5C15-LeaderElection205] INFO  impl.RoleInfo (RoleInfo.java:shutdownLeaderElection(134)) - d2424f4d-20d2-4104-abcc-02e6288f3ffc: shutdown LeaderElection
2019-10-17 21:15:56,200 [d2424f4d-20d2-4104-abcc-02e6288f3ffc@group-62509A8A5C15-LeaderElection205] INFO  impl.RoleInfo (RoleInfo.java:updateAndGet(143)) - d2424f4d-20d2-4104-abcc-02e6288f3ffc: start FollowerState
2019-10-17 21:15:56,338 [Thread-1579] INFO  impl.FollowerState (FollowerState.java:run(108)) - d2424f4d-20d2-4104-abcc-02e6288f3ffc@group-62509A8A5C15-FollowerState: change to CANDIDATE, lastRpcTime:138ms, electionTimeout:138ms
2019-10-17 21:15:56,338 [Thread-1579] INFO  impl.RoleInfo (RoleInfo.java:shutdownFollowerState(121)) - d2424f4d-20d2-4104-abcc-02e6288f3ffc: shutdown FollowerState
2019-10-17 21:15:56,338 [Thread-1579] INFO  impl.RaftServerImpl (RaftServerImpl.java:setRole(184)) - d2424f4d-20d2-4104-abcc-02e6288f3ffc@group-62509A8A5C15: changes role from  FOLLOWER to CANDIDATE at term 219 for changeToCandidate
2019-10-17 21:15:56,339 [Thread-1579] INFO  impl.RoleInfo (RoleInfo.java:updateAndGet(143)) - d2424f4d-20d2-4104-abcc-02e6288f3ffc: start LeaderElection
2019-10-17 21:15:56,364 [d2424f4d-20d2-4104-abcc-02e6288f3ffc@group-62509A8A5C15-LeaderElection206] INFO  impl.LeaderElection (LeaderElection.java:askForVotes(178)) - d2424f4d-20d2-4104-abcc-02e6288f3ffc@group-62509A8A5C15-LeaderElection206: begin an election at term 220 for -1: [3909bd6a-278d-4911-9d70-32680c972d02:192.168.157.223:33343, d2424f4d-20d2-4104-abcc-02e6288f3ffc:192.168.157.223:39352, 7c510082-4284-44ef-8cd9-bb38fb15579f:192.168.157.223:33098], old=null
2019-10-17 21:15:56,367 [grpc-default-executor-2] INFO  impl.RaftServerImpl (RaftServerImpl.java:setRole(184)) - 3909bd6a-278d-4911-9d70-32680c972d02@group-62509A8A5C15: changes role from  FOLLOWER to FOLLOWER at term 220 for recognizeCandidate:d2424f4d-20d2-4104-abcc-02e6288f3ffc
2019-10-17 21:15:56,367 [grpc-default-executor-2] INFO  impl.RoleInfo (RoleInfo.java:shutdownFollowerState(121)) - 3909bd6a-278d-4911-9d70-32680c972d02: shutdown FollowerState
2019-10-17 21:15:56,367 [grpc-default-executor-6] INFO  impl.RaftServerImpl (RaftServerImpl.java:setRole(184)) - 7c510082-4284-44ef-8cd9-bb38fb15579f@group-62509A8A5C15: changes role from  FOLLOWER to FOLLOWER at term 220 for recognizeCandidate:d2424f4d-20d2-4104-abcc-02e6288f3ffc
2019-10-17 21:15:56,367 [Thread-1577] INFO  impl.FollowerState (FollowerState.java:run(117)) - 3909bd6a-278d-4911-9d70-32680c972d02@group-62509A8A5C15-FollowerState was interrupted: java.lang.InterruptedException: sleep interrupted
2019-10-17 21:15:56,367 [grpc-default-executor-2] INFO  impl.RoleInfo (RoleInfo.java:updateAndGet(143)) - 3909bd6a-278d-4911-9d70-32680c972d02: start FollowerState
2019-10-17 21:15:56,367 [grpc-default-executor-6] INFO  impl.RoleInfo (RoleInfo.java:shutdownFollowerState(121)) - 7c510082-4284-44ef-8cd9-bb38fb15579f: shutdown FollowerState
2019-10-17 21:15:56,368 [grpc-default-executor-6] INFO  impl.RoleInfo (RoleInfo.java:updateAndGet(143)) - 7c510082-4284-44ef-8cd9-bb38fb15579f: start FollowerState
2019-10-17 21:15:56,368 [Thread-1578] INFO  impl.FollowerState (FollowerState.java:run(117)) - 7c510082-4284-44ef-8cd9-bb38fb15579f@group-62509A8A5C15-FollowerState was interrupted: java.lang.InterruptedException: sleep interrupted
2019-10-17 21:15:56,394 [d2424f4d-20d2-4104-abcc-02e6288f3ffc@group-62509A8A5C15-LeaderElection206] INFO  impl.LeaderElection (LeaderElection.java:logAndReturn(56)) - d2424f4d-20d2-4104-abcc-02e6288f3ffc@group-62509A8A5C15-LeaderElection206: Election REJECTED; received 2 response(s) [d2424f4d-20d2-4104-abcc-02e6288f3ffc<-3909bd6a-278d-4911-9d70-32680c972d02#0:FAIL-t220, d2424f4d-20d2-4104-abcc-02e6288f3ffc<-7c510082-4284-44ef-8cd9-bb38fb15579f#0:FAIL-t220] and 0 exception(s); d2424f4d-20d2-4104-abcc-02e6288f3ffc@group-62509A8A5C15:t220, leader=null, voted=d2424f4d-20d2-4104-abcc-02e6288f3ffc, raftlog=d2424f4d-20d2-4104-abcc-02e6288f3ffc@group-62509A8A5C15-SegmentedRaftLog:OPENED:c-1,f-1,i0, conf=-1: [3909bd6a-278d-4911-9d70-32680c972d02:192.168.157.223:33343, d2424f4d-20d2-4104-abcc-02e6288f3ffc:192.168.157.223:39352, 7c510082-4284-44ef-8cd9-bb38fb15579f:192.168.157.223:33098], old=null
2019-10-17 21:15:56,394 [d2424f4d-20d2-4104-abcc-02e6288f3ffc@group-62509A8A5C15-LeaderElection206] INFO  impl.RaftServerImpl (RaftServerImpl.java:setRole(184)) - d2424f4d-20d2-4104-abcc-02e6288f3ffc@group-62509A8A5C15: changes role from CANDIDATE to FOLLOWER at term 220 for DISCOVERED_A_NEW_TERM
2019-10-17 21:15:56,394 [d2424f4d-20d2-4104-abcc-02e6288f3ffc@group-62509A8A5C15-LeaderElection206] INFO  impl.RoleInfo (RoleInfo.java:shutdownLeaderElection(134)) - d2424f4d-20d2-4104-abcc-02e6288f3ffc: shutdown LeaderElection
2019-10-17 21:15:56,395 [d2424f4d-20d2-4104-abcc-02e6288f3ffc@group-62509A8A5C15-LeaderElection206] INFO  impl.RoleInfo (RoleInfo.java:updateAndGet(143)) - d2424f4d-20d2-4104-abcc-02e6288f3ffc: start FollowerState
2019-10-17 21:15:56,540 [Thread-1585] INFO  impl.FollowerState (FollowerState.java:run(108)) - d2424f4d-20d2-4104-abcc-02e6288f3ffc@group-62509A8A5C15-FollowerState: change to CANDIDATE, lastRpcTime:145ms, electionTimeout:145ms
2019-10-17 21:15:56,540 [Thread-1585] INFO  impl.RoleInfo (RoleInfo.java:shutdownFollowerState(121)) - d2424f4d-20d2-4104-abcc-02e6288f3ffc: shutdown FollowerState
2019-10-17 21:15:56,540 [Thread-1585] INFO  impl.RaftServerImpl (RaftServerImpl.java:setRole(184)) - d2424f4d-20d2-4104-abcc-02e6288f3ffc@group-62509A8A5C15: changes role from  FOLLOWER to CANDIDATE at term 220 for changeToCandidate
2019-10-17 21:15:56,540 [Thread-1585] INFO  impl.RoleInfo (RoleInfo.java:updateAndGet(143)) - d2424f4d-20d2-4104-abcc-02e6288f3ffc: start LeaderElection
2019-10-17 21:15:56,547 [d2424f4d-20d2-4104-abcc-02e6288f3ffc@group-62509A8A5C15-LeaderElection207] INFO  impl.LeaderElection (LeaderElection.java:askForVotes(178)) - d2424f4d-20d2-4104-abcc-02e6288f3ffc@group-62509A8A5C15-LeaderElection207: begin an election at term 221 for -1: [3909bd6a-278d-4911-9d70-32680c972d02:192.168.157.223:33343, d2424f4d-20d2-4104-abcc-02e6288f3ffc:192.168.157.223:39352, 7c510082-4284-44ef-8cd9-bb38fb15579f:192.168.157.223:33098], old=null
2019-10-17 21:15:56,549 [grpc-default-executor-6] INFO  impl.RaftServerImpl (RaftServerImpl.java:setRole(184)) - 3909bd6a-278d-4911-9d70-32680c972d02@group-62509A8A5C15: changes role from  FOLLOWER to FOLLOWER at term 221 for recognizeCandidate:d2424f4d-20d2-4104-abcc-02e6288f3ffc
2019-10-17 21:15:56,549 [grpc-default-executor-2] INFO  impl.RaftServerImpl (RaftServerImpl.java:setRole(184)) - 7c510082-4284-44ef-8cd9-bb38fb15579f@group-62509A8A5C15: changes role from  FOLLOWER to FOLLOWER at term 221 for recognizeCandidate:d2424f4d-20d2-4104-abcc-02e6288f3ffc
2019-10-17 21:15:56,549 [grpc-default-executor-6] INFO  impl.RoleInfo (RoleInfo.java:shutdownFollowerState(121)) - 3909bd6a-278d-4911-9d70-32680c972d02: shutdown FollowerState
2019-10-17 21:15:56,550 [grpc-default-executor-2] INFO  impl.RoleInfo (RoleInfo.java:shutdownFollowerState(121)) - 7c510082-4284-44ef-8cd9-bb38fb15579f: shutdown FollowerState
2019-10-17 21:15:56,550 [Thread-1583] INFO  impl.FollowerState (FollowerState.java:run(117)) - 3909bd6a-278d-4911-9d70-32680c972d02@group-62509A8A5C15-FollowerState was interrupted: java.lang.InterruptedException: sleep interrupted
2019-10-17 21:15:56,550 [grpc-default-executor-6] INFO  impl.RoleInfo (RoleInfo.java:updateAndGet(143)) - 3909bd6a-278d-4911-9d70-32680c972d02: start FollowerState
2019-10-17 21:15:56,550 [Thread-1584] INFO  impl.FollowerState (FollowerState.java:run(117)) - 7c510082-4284-44ef-8cd9-bb38fb15579f@group-62509A8A5C15-FollowerState was interrupted: java.lang.InterruptedException: sleep interrupted
2019-10-17 21:15:56,550 [grpc-default-executor-2] INFO  impl.RoleInfo (RoleInfo.java:updateAndGet(143)) - 7c510082-4284-44ef-8cd9-bb38fb15579f: start FollowerState
2019-10-17 21:15:56,574 [d2424f4d-20d2-4104-abcc-02e6288f3ffc@group-62509A8A5C15-LeaderElection207] INFO  impl.LeaderElection (LeaderElection.java:logAndReturn(56)) - d2424f4d-20d2-4104-abcc-02e6288f3ffc@group-62509A8A5C15-LeaderElection207: Election REJECTED; received 2 response(s) [d2424f4d-20d2-4104-abcc-02e6288f3ffc<-3909bd6a-278d-4911-9d70-32680c972d02#0:FAIL-t221, d2424f4d-20d2-4104-abcc-02e6288f3ffc<-7c510082-4284-44ef-8cd9-bb38fb15579f#0:FAIL-t221] and 0 exception(s); d2424f4d-20d2-4104-abcc-02e6288f3ffc@group-62509A8A5C15:t221, leader=null, voted=d2424f4d-20d2-4104-abcc-02e6288f3ffc, raftlog=d2424f4d-20d2-4104-abcc-02e6288f3ffc@group-62509A8A5C15-SegmentedRaftLog:OPENED:c-1,f-1,i0, conf=-1: [3909bd6a-278d-4911-9d70-32680c972d02:192.168.157.223:33343, d2424f4d-20d2-4104-abcc-02e6288f3ffc:192.168.157.223:39352, 7c510082-4284-44ef-8cd9-bb38fb15579f:192.168.157.223:33098], old=null
2019-10-17 21:15:56,575 [d2424f4d-20d2-4104-abcc-02e6288f3ffc@group-62509A8A5C15-LeaderElection207] INFO  impl.RaftServerImpl (RaftServerImpl.java:setRole(184)) - d2424f4d-20d2-4104-abcc-02e6288f3ffc@group-62509A8A5C15: changes role from CANDIDATE to FOLLOWER at term 221 for DISCOVERED_A_NEW_TERM
2019-10-17 21:15:56,575 [d2424f4d-20d2-4104-abcc-02e6288f3ffc@group-62509A8A5C15-LeaderElection207] INFO  impl.RoleInfo (RoleInfo.java:shutdownLeaderElection(134)) - d2424f4d-20d2-4104-abcc-02e6288f3ffc: shutdown LeaderElection
2019-10-17 21:15:56,575 [d2424f4d-20d2-4104-abcc-02e6288f3ffc@group-62509A8A5C15-LeaderElection207] INFO  impl.RoleInfo (RoleInfo.java:updateAndGet(143)) - d2424f4d-20d2-4104-abcc-02e6288f3ffc: start FollowerState
2019-10-17 21:15:56,769 [Thread-1591] INFO  impl.FollowerState (FollowerState.java:run(108)) - d2424f4d-20d2-4104-abcc-02e6288f3ffc@group-62509A8A5C15-FollowerState: change to CANDIDATE, lastRpcTime:194ms, electionTimeout:194ms
2019-10-17 21:15:56,770 [Thread-1591] INFO  impl.RoleInfo (RoleInfo.java:shutdownFollowerState(121)) - d2424f4d-20d2-4104-abcc-02e6288f3ffc: shutdown FollowerState
2019-10-17 21:15:56,770 [Thread-1591] INFO  impl.RaftServerImpl (RaftServerImpl.java:setRole(184)) - d2424f4d-20d2-4104-abcc-02e6288f3ffc@group-62509A8A5C15: changes role from  FOLLOWER to CANDIDATE at term 221 for changeToCandidate
2019-10-17 21:15:56,770 [Thread-1591] INFO  impl.RoleInfo (RoleInfo.java:updateAndGet(143)) - d2424f4d-20d2-4104-abcc-02e6288f3ffc: start LeaderElection
2019-10-17 21:15:56,796 [d2424f4d-20d2-4104-abcc-02e6288f3ffc@group-62509A8A5C15-LeaderElection208] INFO  impl.LeaderElection (LeaderElection.java:askForVotes(178)) - d2424f4d-20d2-4104-abcc-02e6288f3ffc@group-62509A8A5C15-LeaderElection208: begin an election at term 222 for -1: [3909bd6a-278d-4911-9d70-32680c972d02:192.168.157.223:33343, d2424f4d-20d2-4104-abcc-02e6288f3ffc:192.168.157.223:39352, 7c510082-4284-44ef-8cd9-bb38fb15579f:192.168.157.223:33098], old=null
2019-10-17 21:15:56,800 [grpc-default-executor-2] INFO  impl.RaftServerImpl (RaftServerImpl.java:setRole(184)) - 7c510082-4284-44ef-8cd9-bb38fb15579f@group-62509A8A5C15: changes role from  FOLLOWER to FOLLOWER at term 222 for recognizeCandidate:d2424f4d-20d2-4104-abcc-02e6288f3ffc
2019-10-17 21:15:56,800 [grpc-default-executor-6] INFO  impl.RaftServerImpl (RaftServerImpl.java:setRole(184)) - 3909bd6a-278d-4911-9d70-32680c972d02@group-62509A8A5C15: changes role from  FOLLOWER to FOLLOWER at term 222 for recognizeCandidate:d2424f4d-20d2-4104-abcc-02e6288f3ffc
2019-10-17 21:15:56,800 [grpc-default-executor-2] INFO  impl.RoleInfo (RoleInfo.java:shutdownFollowerState(121)) - 7c510082-4284-44ef-8cd9-bb38fb15579f: shutdown FollowerState
2019-10-17 21:15:56,801 [grpc-default-executor-6] INFO  impl.RoleInfo (RoleInfo.java:shutdownFollowerState(121)) - 3909bd6a-278d-4911-9d70-32680c972d02: shutdown FollowerState
2019-10-17 21:15:56,801 [Thread-1590] INFO  impl.FollowerState (FollowerState.java:run(117)) - 7c510082-4284-44ef-8cd9-bb38fb15579f@group-62509A8A5C15-FollowerState was interrupted: java.lang.InterruptedException: sleep interrupted
2019-10-17 21:15:56,801 [Thread-1589] INFO  impl.FollowerState (FollowerState.java:run(117)) - 3909bd6a-278d-4911-9d70-32680c972d02@group-62509A8A5C15-FollowerState was interrupted: java.lang.InterruptedException: sleep interrupted
2019-10-17 21:15:56,801 [grpc-default-executor-2] INFO  impl.RoleInfo (RoleInfo.java:updateAndGet(143)) - 7c510082-4284-44ef-8cd9-bb38fb15579f: start FollowerState
2019-10-17 21:15:56,801 [grpc-default-executor-6] INFO  impl.RoleInfo (RoleInfo.java:updateAndGet(143)) - 3909bd6a-278d-4911-9d70-32680c972d02: start FollowerState
2019-10-17 21:15:56,815 [d2424f4d-20d2-4104-abcc-02e6288f3ffc@group-62509A8A5C15-LeaderElection208] INFO  impl.LeaderElection (LeaderElection.java:logAndReturn(56)) - d2424f4d-20d2-4104-abcc-02e6288f3ffc@group-62509A8A5C15-LeaderElection208: Election REJECTED; received 2 response(s) [d2424f4d-20d2-4104-abcc-02e6288f3ffc<-3909bd6a-278d-4911-9d70-32680c972d02#0:FAIL-t222, d2424f4d-20d2-4104-abcc-02e6288f3ffc<-7c510082-4284-44ef-8cd9-bb38fb15579f#0:FAIL-t222] and 0 exception(s); d2424f4d-20d2-4104-abcc-02e6288f3ffc@group-62509A8A5C15:t222, leader=null, voted=d2424f4d-20d2-4104-abcc-02e6288f3ffc, raftlog=d2424f4d-20d2-4104-abcc-02e6288f3ffc@group-62509A8A5C15-SegmentedRaftLog:OPENED:c-1,f-1,i0, conf=-1: [3909bd6a-278d-4911-9d70-32680c972d02:192.168.157.223:33343, d2424f4d-20d2-4104-abcc-02e6288f3ffc:192.168.157.223:39352, 7c510082-4284-44ef-8cd9-bb38fb15579f:192.168.157.223:33098], old=null
2019-10-17 21:15:56,815 [d2424f4d-20d2-4104-abcc-02e6288f3ffc@group-62509A8A5C15-LeaderElection208] INFO  impl.RaftServerImpl (RaftServerImpl.java:setRole(184)) - d2424f4d-20d2-4104-abcc-02e6288f3ffc@group-62509A8A5C15: changes role from CANDIDATE to FOLLOWER at term 222 for DISCOVERED_A_NEW_TERM
2019-10-17 21:15:56,815 [d2424f4d-20d2-4104-abcc-02e6288f3ffc@group-62509A8A5C15-LeaderElection208] INFO  impl.RoleInfo (RoleInfo.java:shutdownLeaderElection(134)) - d2424f4d-20d2-4104-abcc-02e6288f3ffc: shutdown LeaderElection
2019-10-17 21:15:56,815 [d2424f4d-20d2-4104-abcc-02e6288f3ffc@group-62509A8A5C15-LeaderElection208] INFO  impl.RoleInfo (RoleInfo.java:updateAndGet(143)) - d2424f4d-20d2-4104-abcc-02e6288f3ffc: start FollowerState
2019-10-17 21:15:56,988 [Thread-1597] INFO  impl.FollowerState (FollowerState.java:run(108)) - d2424f4d-20d2-4104-abcc-02e6288f3ffc@group-62509A8A5C15-FollowerState: change to CANDIDATE, lastRpcTime:172ms, electionTimeout:172ms
2019-10-17 21:15:56,988 [Thread-1597] INFO  impl.RoleInfo (RoleInfo.java:shutdownFollowerState(121)) - d2424f4d-20d2-4104-abcc-02e6288f3ffc: shutdown FollowerState
2019-10-17 21:15:56,988 [Thread-1597] INFO  impl.RaftServerImpl (RaftServerImpl.java:setRole(184)) - d2424f4d-20d2-4104-abcc-02e6288f3ffc@group-62509A8A5C15: changes role from  FOLLOWER to CANDIDATE at term 222 for changeToCandidate
2019-10-17 21:15:56,988 [Thread-1597] INFO  impl.RoleInfo (RoleInfo.java:updateAndGet(143)) - d2424f4d-20d2-4104-abcc-02e6288f3ffc: start LeaderElection
2019-10-17 21:15:57,003 [d2424f4d-20d2-4104-abcc-02e6288f3ffc@group-62509A8A5C15-LeaderElection209] INFO  impl.LeaderElection (LeaderElection.java:askForVotes(178)) - d2424f4d-20d2-4104-abcc-02e6288f3ffc@group-62509A8A5C15-LeaderElection209: begin an election at term 223 for -1: [3909bd6a-278d-4911-9d70-32680c972d02:192.168.157.223:33343, d2424f4d-20d2-4104-abcc-02e6288f3ffc:192.168.157.223:39352, 7c510082-4284-44ef-8cd9-bb38fb15579f:192.168.157.223:33098], old=null
2019-10-17 21:15:57,004 [grpc-default-executor-2] INFO  impl.RaftServerImpl (RaftServerImpl.java:setRole(184)) - 3909bd6a-278d-4911-9d70-32680c972d02@group-62509A8A5C15: changes role from  FOLLOWER to FOLLOWER at term 223 for recognizeCandidate:d2424f4d-20d2-4104-abcc-02e6288f3ffc
2019-10-17 21:15:57,004 [grpc-default-executor-2] INFO  impl.RoleInfo (RoleInfo.java:shutdownFollowerState(121)) - 3909bd6a-278d-4911-9d70-32680c972d02: shutdown FollowerState
2019-10-17 21:15:57,005 [grpc-default-executor-2] INFO  impl.RoleInfo (RoleInfo.java:updateAndGet(143)) - 3909bd6a-278d-4911-9d70-32680c972d02: start FollowerState
2019-10-17 21:15:57,005 [grpc-default-executor-6] INFO  impl.RaftServerImpl (RaftServerImpl.java:setRole(184)) - 7c510082-4284-44ef-8cd9-bb38fb15579f@group-62509A8A5C15: changes role from  FOLLOWER to FOLLOWER at term 223 for recognizeCandidate:d2424f4d-20d2-4104-abcc-02e6288f3ffc
2019-10-17 21:15:57,005 [Thread-1596] INFO  impl.FollowerState (FollowerState.java:run(117)) - 3909bd6a-278d-4911-9d70-32680c972d02@group-62509A8A5C15-FollowerState was interrupted: java.lang.InterruptedException: sleep interrupted
2019-10-17 21:15:57,005 [grpc-default-executor-6] INFO  impl.RoleInfo (RoleInfo.java:shutdownFollowerState(121)) - 7c510082-4284-44ef-8cd9-bb38fb15579f: shutdown FollowerState
2019-10-17 21:15:57,005 [grpc-default-executor-6] INFO  impl.RoleInfo (RoleInfo.java:updateAndGet(143)) - 7c510082-4284-44ef-8cd9-bb38fb15579f: start FollowerState
2019-10-17 21:15:57,005 [Thread-1595] INFO  impl.FollowerState (FollowerState.java:run(117)) - 7c510082-4284-44ef-8cd9-bb38fb15579f@group-62509A8A5C15-FollowerState was interrupted: java.lang.InterruptedException: sleep interrupted
2019-10-17 21:15:57,020 [d2424f4d-20d2-4104-abcc-02e6288f3ffc@group-62509A8A5C15-LeaderElection209] INFO  impl.LeaderElection (LeaderElection.java:logAndReturn(56)) - d2424f4d-20d2-4104-abcc-02e6288f3ffc@group-62509A8A5C15-LeaderElection209: Election REJECTED; received 2 response(s) [d2424f4d-20d2-4104-abcc-02e6288f3ffc<-3909bd6a-278d-4911-9d70-32680c972d02#0:FAIL-t223, d2424f4d-20d2-4104-abcc-02e6288f3ffc<-7c510082-4284-44ef-8cd9-bb38fb15579f#0:FAIL-t223] and 0 exception(s); d2424f4d-20d2-4104-abcc-02e6288f3ffc@group-62509A8A5C15:t223, leader=null, voted=d2424f4d-20d2-4104-abcc-02e6288f3ffc, raftlog=d2424f4d-20d2-4104-abcc-02e6288f3ffc@group-62509A8A5C15-SegmentedRaftLog:OPENED:c-1,f-1,i0, conf=-1: [3909bd6a-278d-4911-9d70-32680c972d02:192.168.157.223:33343, d2424f4d-20d2-4104-abcc-02e6288f3ffc:192.168.157.223:39352, 7c510082-4284-44ef-8cd9-bb38fb15579f:192.168.157.223:33098], old=null
2019-10-17 21:15:57,020 [d2424f4d-20d2-4104-abcc-02e6288f3ffc@group-62509A8A5C15-LeaderElection209] INFO  impl.RaftServerImpl (RaftServerImpl.java:setRole(184)) - d2424f4d-20d2-4104-abcc-02e6288f3ffc@group-62509A8A5C15: changes role from CANDIDATE to FOLLOWER at term 223 for DISCOVERED_A_NEW_TERM
2019-10-17 21:15:57,020 [d2424f4d-20d2-4104-abcc-02e6288f3ffc@group-62509A8A5C15-LeaderElection209] INFO  impl.RoleInfo (RoleInfo.java:shutdownLeaderElection(134)) - d2424f4d-20d2-4104-abcc-02e6288f3ffc: shutdown LeaderElection
2019-10-17 21:15:57,021 [d2424f4d-20d2-4104-abcc-02e6288f3ffc@group-62509A8A5C15-LeaderElection209] INFO  impl.RoleInfo (RoleInfo.java:updateAndGet(143)) - d2424f4d-20d2-4104-abcc-02e6288f3ffc: start FollowerState
2019-10-17 21:15:57,143 [Thread-1605] INFO  impl.FollowerState (FollowerState.java:run(108)) - d2424f4d-20d2-4104-abcc-02e6288f3ffc@group-62509A8A5C15-FollowerState: change to CANDIDATE, lastRpcTime:122ms, electionTimeout:122ms
2019-10-17 21:15:57,143 [Thread-1605] INFO  impl.RoleInfo (RoleInfo.java:shutdownFollowerState(121)) - d2424f4d-20d2-4104-abcc-02e6288f3ffc: shutdown FollowerState
2019-10-17 21:15:57,143 [Thread-1605] INFO  impl.RaftServerImpl (RaftServerImpl.java:setRole(184)) - d2424f4d-20d2-4104-abcc-02e6288f3ffc@group-62509A8A5C15: changes role from  FOLLOWER to CANDIDATE at term 223 for changeToCandidate
2019-10-17 21:15:57,143 [Thread-1605] INFO  impl.RoleInfo (RoleInfo.java:updateAndGet(143)) - d2424f4d-20d2-4104-abcc-02e6288f3ffc: start LeaderElection
2019-10-17 21:15:57,157 [d2424f4d-20d2-4104-abcc-02e6288f3ffc@group-62509A8A5C15-LeaderElection210] INFO  impl.LeaderElection (LeaderElection.java:askForVotes(178)) - d2424f4d-20d2-4104-abcc-02e6288f3ffc@group-62509A8A5C15-LeaderElection210: begin an election at term 224 for -1: [3909bd6a-278d-4911-9d70-32680c972d02:192.168.157.223:33343, d2424f4d-20d2-4104-abcc-02e6288f3ffc:192.168.157.223:39352, 7c510082-4284-44ef-8cd9-bb38fb15579f:192.168.157.223:33098], old=null
2019-10-17 21:15:57,160 [grpc-default-executor-6] INFO  impl.RaftServerImpl (RaftServerImpl.java:setRole(184)) - 3909bd6a-278d-4911-9d70-32680c972d02@group-62509A8A5C15: changes role from  FOLLOWER to FOLLOWER at term 224 for recognizeCandidate:d2424f4d-20d2-4104-abcc-02e6288f3ffc
2019-10-17 21:15:57,160 [grpc-default-executor-2] INFO  impl.RaftServerImpl (RaftServerImpl.java:setRole(184)) - 7c510082-4284-44ef-8cd9-bb38fb15579f@group-62509A8A5C15: changes role from  FOLLOWER to FOLLOWER at term 224 for recognizeCandidate:d2424f4d-20d2-4104-abcc-02e6288f3ffc
2019-10-17 21:15:57,160 [grpc-default-executor-6] INFO  impl.RoleInfo (RoleInfo.java:shutdownFollowerState(121)) - 3909bd6a-278d-4911-9d70-32680c972d02: shutdown FollowerState
2019-10-17 21:15:57,160 [grpc-default-executor-2] INFO  impl.RoleInfo (RoleInfo.java:shutdownFollowerState(121)) - 7c510082-4284-44ef-8cd9-bb38fb15579f: shutdown FollowerState
2019-10-17 21:15:57,161 [grpc-default-executor-6] INFO  impl.RoleInfo (RoleInfo.java:updateAndGet(143)) - 3909bd6a-278d-4911-9d70-32680c972d02: start FollowerState
2019-10-17 21:15:57,161 [Thread-1603] INFO  impl.FollowerState (FollowerState.java:run(117)) - 3909bd6a-278d-4911-9d70-32680c972d02@group-62509A8A5C15-FollowerState was interrupted: java.lang.InterruptedException: sleep interrupted
2019-10-17 21:15:57,161 [grpc-default-executor-2] INFO  impl.RoleInfo (RoleInfo.java:updateAndGet(143)) - 7c510082-4284-44ef-8cd9-bb38fb15579f: start FollowerState
2019-10-17 21:15:57,161 [Thread-1604] INFO  impl.FollowerState (FollowerState.java:run(117)) - 7c510082-4284-44ef-8cd9-bb38fb15579f@group-62509A8A5C15-FollowerState was interrupted: java.lang.InterruptedException: sleep interrupted
2019-10-17 21:15:57,174 [d2424f4d-20d2-4104-abcc-02e6288f3ffc@group-62509A8A5C15-LeaderElection210] INFO  impl.LeaderElection (LeaderElection.java:logAndReturn(56)) - d2424f4d-20d2-4104-abcc-02e6288f3ffc@group-62509A8A5C15-LeaderElection210: Election REJECTED; received 2 response(s) [d2424f4d-20d2-4104-abcc-02e6288f3ffc<-3909bd6a-278d-4911-9d70-32680c972d02#0:FAIL-t224, d2424f4d-20d2-4104-abcc-02e6288f3ffc<-7c510082-4284-44ef-8cd9-bb38fb15579f#0:FAIL-t224] and 0 exception(s); d2424f4d-20d2-4104-abcc-02e6288f3ffc@group-62509A8A5C15:t224, leader=null, voted=d2424f4d-20d2-4104-abcc-02e6288f3ffc, raftlog=d2424f4d-20d2-4104-abcc-02e6288f3ffc@group-62509A8A5C15-SegmentedRaftLog:OPENED:c-1,f-1,i0, conf=-1: [3909bd6a-278d-4911-9d70-32680c972d02:192.168.157.223:33343, d2424f4d-20d2-4104-abcc-02e6288f3ffc:192.168.157.223:39352, 7c510082-4284-44ef-8cd9-bb38fb15579f:192.168.157.223:33098], old=null
2019-10-17 21:15:57,175 [d2424f4d-20d2-4104-abcc-02e6288f3ffc@group-62509A8A5C15-LeaderElection210] INFO  impl.RaftServerImpl (RaftServerImpl.java:setRole(184)) - d2424f4d-20d2-4104-abcc-02e6288f3ffc@group-62509A8A5C15: changes role from CANDIDATE to FOLLOWER at term 224 for DISCOVERED_A_NEW_TERM
2019-10-17 21:15:57,175 [d2424f4d-20d2-4104-abcc-02e6288f3ffc@group-62509A8A5C15-LeaderElection210] INFO  impl.RoleInfo (RoleInfo.java:shutdownLeaderElection(134)) - d2424f4d-20d2-4104-abcc-02e6288f3ffc: shutdown LeaderElection
2019-10-17 21:15:57,175 [d2424f4d-20d2-4104-abcc-02e6288f3ffc@group-62509A8A5C15-LeaderElection210] INFO  impl.RoleInfo (RoleInfo.java:updateAndGet(143)) - d2424f4d-20d2-4104-abcc-02e6288f3ffc: start FollowerState
2019-10-17 21:15:57,375 [Thread-1611] INFO  impl.FollowerState (FollowerState.java:run(108)) - d2424f4d-20d2-4104-abcc-02e6288f3ffc@group-62509A8A5C15-FollowerState: change to CANDIDATE, lastRpcTime:200ms, electionTimeout:200ms
2019-10-17 21:15:57,375 [Thread-1611] INFO  impl.RoleInfo (RoleInfo.java:shutdownFollowerState(121)) - d2424f4d-20d2-4104-abcc-02e6288f3ffc: shutdown FollowerState
2019-10-17 21:15:57,376 [Thread-1611] INFO  impl.RaftServerImpl (RaftServerImpl.java:setRole(184)) - d2424f4d-20d2-4104-abcc-02e6288f3ffc@group-62509A8A5C15: changes role from  FOLLOWER to CANDIDATE at term 224 for changeToCandidate
2019-10-17 21:15:57,376 [Thread-1611] INFO  impl.RoleInfo (RoleInfo.java:updateAndGet(143)) - d2424f4d-20d2-4104-abcc-02e6288f3ffc: start LeaderElection
2019-10-17 21:15:57,402 [d2424f4d-20d2-4104-abcc-02e6288f3ffc@group-62509A8A5C15-LeaderElection211] INFO  impl.LeaderElection (LeaderElection.java:askForVotes(178)) - d2424f4d-20d2-4104-abcc-02e6288f3ffc@group-62509A8A5C15-LeaderElection211: begin an election at term 225 for -1: [3909bd6a-278d-4911-9d70-32680c972d02:192.168.157.223:33343, d2424f4d-20d2-4104-abcc-02e6288f3ffc:192.168.157.223:39352, 7c510082-4284-44ef-8cd9-bb38fb15579f:192.168.157.223:33098], old=null
2019-10-17 21:15:57,405 [grpc-default-executor-6] INFO  impl.RaftServerImpl (RaftServerImpl.java:setRole(184)) - 7c510082-4284-44ef-8cd9-bb38fb15579f@group-62509A8A5C15: changes role from  FOLLOWER to FOLLOWER at term 225 for recognizeCandidate:d2424f4d-20d2-4104-abcc-02e6288f3ffc
2019-10-17 21:15:57,405 [grpc-default-executor-2] INFO  impl.RaftServerImpl (RaftServerImpl.java:setRole(184)) - 3909bd6a-278d-4911-9d70-32680c972d02@group-62509A8A5C15: changes role from  FOLLOWER to FOLLOWER at term 225 for recognizeCandidate:d2424f4d-20d2-4104-abcc-02e6288f3ffc
2019-10-17 21:15:57,406 [grpc-default-executor-6] INFO  impl.RoleInfo (RoleInfo.java:shutdownFollowerState(121)) - 7c510082-4284-44ef-8cd9-bb38fb15579f: shutdown FollowerState
2019-10-17 21:15:57,406 [grpc-default-executor-2] INFO  impl.RoleInfo (RoleInfo.java:shutdownFollowerState(121)) - 3909bd6a-278d-4911-9d70-32680c972d02: shutdown FollowerState
2019-10-17 21:15:57,406 [Thread-1610] INFO  impl.FollowerState (FollowerState.java:run(117)) - 7c510082-4284-44ef-8cd9-bb38fb15579f@group-62509A8A5C15-FollowerState was interrupted: java.lang.InterruptedException: sleep interrupted
2019-10-17 21:15:57,406 [grpc-default-executor-6] INFO  impl.RoleInfo (RoleInfo.java:updateAndGet(143)) - 7c510082-4284-44ef-8cd9-bb38fb15579f: start FollowerState
2019-10-17 21:15:57,406 [Thread-1609] INFO  impl.FollowerState (FollowerState.java:run(117)) - 3909bd6a-278d-4911-9d70-32680c972d02@group-62509A8A5C15-FollowerState was interrupted: java.lang.InterruptedException: sleep interrupted
2019-10-17 21:15:57,406 [grpc-default-executor-2] INFO  impl.RoleInfo (RoleInfo.java:updateAndGet(143)) - 3909bd6a-278d-4911-9d70-32680c972d02: start FollowerState
2019-10-17 21:15:57,432 [d2424f4d-20d2-4104-abcc-02e6288f3ffc@group-62509A8A5C15-LeaderElection211] INFO  impl.LeaderElection (LeaderElection.java:logAndReturn(56)) - d2424f4d-20d2-4104-abcc-02e6288f3ffc@group-62509A8A5C15-LeaderElection211: Election REJECTED; received 2 response(s) [d2424f4d-20d2-4104-abcc-02e6288f3ffc<-3909bd6a-278d-4911-9d70-32680c972d02#0:FAIL-t225, d2424f4d-20d2-4104-abcc-02e6288f3ffc<-7c510082-4284-44ef-8cd9-bb38fb15579f#0:FAIL-t225] and 0 exception(s); d2424f4d-20d2-4104-abcc-02e6288f3ffc@group-62509A8A5C15:t225, leader=null, voted=d2424f4d-20d2-4104-abcc-02e6288f3ffc, raftlog=d2424f4d-20d2-4104-abcc-02e6288f3ffc@group-62509A8A5C15-SegmentedRaftLog:OPENED:c-1,f-1,i0, conf=-1: [3909bd6a-278d-4911-9d70-32680c972d02:192.168.157.223:33343, d2424f4d-20d2-4104-abcc-02e6288f3ffc:192.168.157.223:39352, 7c510082-4284-44ef-8cd9-bb38fb15579f:192.168.157.223:33098], old=null
2019-10-17 21:15:57,433 [d2424f4d-20d2-4104-abcc-02e6288f3ffc@group-62509A8A5C15-LeaderElection211] INFO  impl.RaftServerImpl (RaftServerImpl.java:setRole(184)) - d2424f4d-20d2-4104-abcc-02e6288f3ffc@group-62509A8A5C15: changes role from CANDIDATE to FOLLOWER at term 225 for DISCOVERED_A_NEW_TERM
2019-10-17 21:15:57,433 [d2424f4d-20d2-4104-abcc-02e6288f3ffc@group-62509A8A5C15-LeaderElection211] INFO  impl.RoleInfo (RoleInfo.java:shutdownLeaderElection(134)) - d2424f4d-20d2-4104-abcc-02e6288f3ffc: shutdown LeaderElection
2019-10-17 21:15:57,433 [d2424f4d-20d2-4104-abcc-02e6288f3ffc@group-62509A8A5C15-LeaderElection211] INFO  impl.RoleInfo (RoleInfo.java:updateAndGet(143)) - d2424f4d-20d2-4104-abcc-02e6288f3ffc: start FollowerState
2019-10-17 21:15:57,479 [Thread-1617] INFO  impl.FollowerState (FollowerState.java:run(108)) - d2424f4d-20d2-4104-abcc-02e6288f3ffc@group-62509A8A5C15-FollowerState: change to CANDIDATE, lastRpcTime:45ms, electionTimeout:45ms
2019-10-17 21:15:57,479 [Thread-1617] INFO  impl.RoleInfo (RoleInfo.java:shutdownFollowerState(121)) - d2424f4d-20d2-4104-abcc-02e6288f3ffc: shutdown FollowerState
2019-10-17 21:15:57,479 [Thread-1617] INFO  impl.RaftServerImpl (RaftServerImpl.java:setRole(184)) - d2424f4d-20d2-4104-abcc-02e6288f3ffc@group-62509A8A5C15: changes role from  FOLLOWER to CANDIDATE at term 225 for changeToCandidate
2019-10-17 21:15:57,479 [Thread-1617] INFO  impl.RoleInfo (RoleInfo.java:updateAndGet(143)) - d2424f4d-20d2-4104-abcc-02e6288f3ffc: start LeaderElection
2019-10-17 21:15:57,494 [d2424f4d-20d2-4104-abcc-02e6288f3ffc@group-62509A8A5C15-LeaderElection212] INFO  impl.LeaderElection (LeaderElection.java:askForVotes(178)) - d2424f4d-20d2-4104-abcc-02e6288f3ffc@group-62509A8A5C15-LeaderElection212: begin an election at term 226 for -1: [3909bd6a-278d-4911-9d70-32680c972d02:192.168.157.223:33343, d2424f4d-20d2-4104-abcc-02e6288f3ffc:192.168.157.223:39352, 7c510082-4284-44ef-8cd9-bb38fb15579f:192.168.157.223:33098], old=null
2019-10-17 21:15:57,496 [grpc-default-executor-2] INFO  impl.RaftServerImpl (RaftServerImpl.java:setRole(184)) - 3909bd6a-278d-4911-9d70-32680c972d02@group-62509A8A5C15: changes role from  FOLLOWER to FOLLOWER at term 226 for recognizeCandidate:d2424f4d-20d2-4104-abcc-02e6288f3ffc
2019-10-17 21:15:57,496 [grpc-default-executor-2] INFO  impl.RoleInfo (RoleInfo.java:shutdownFollowerState(121)) - 3909bd6a-278d-4911-9d70-32680c972d02: shutdown FollowerState
2019-10-17 21:15:57,496 [grpc-default-executor-2] INFO  impl.RoleInfo (RoleInfo.java:updateAndGet(143)) - 3909bd6a-278d-4911-9d70-32680c972d02: start FollowerState
2019-10-17 21:15:57,496 [Thread-1616] INFO  impl.FollowerState (FollowerState.java:run(117)) - 3909bd6a-278d-4911-9d70-32680c972d02@group-62509A8A5C15-FollowerState was interrupted: java.lang.InterruptedException: sleep interrupted
2019-10-17 21:15:57,496 [grpc-default-executor-6] INFO  impl.RaftServerImpl (RaftServerImpl.java:setRole(184)) - 7c510082-4284-44ef-8cd9-bb38fb15579f@group-62509A8A5C15: changes role from  FOLLOWER to FOLLOWER at term 226 for recognizeCandidate:d2424f4d-20d2-4104-abcc-02e6288f3ffc
2019-10-17 21:15:57,497 [grpc-default-executor-6] INFO  impl.RoleInfo (RoleInfo.java:shutdownFollowerState(121)) - 7c510082-4284-44ef-8cd9-bb38fb15579f: shutdown FollowerState
2019-10-17 21:15:57,497 [Thread-1615] INFO  impl.FollowerState (FollowerState.java:run(117)) - 7c510082-4284-44ef-8cd9-bb38fb15579f@group-62509A8A5C15-FollowerState was interrupted: java.lang.InterruptedException: sleep interrupted
2019-10-17 21:15:57,497 [grpc-default-executor-6] INFO  impl.RoleInfo (RoleInfo.java:updateAndGet(143)) - 7c510082-4284-44ef-8cd9-bb38fb15579f: start FollowerState
2019-10-17 21:15:57,522 [d2424f4d-20d2-4104-abcc-02e6288f3ffc@group-62509A8A5C15-LeaderElection212] INFO  impl.LeaderElection (LeaderElection.java:logAndReturn(56)) - d2424f4d-20d2-4104-abcc-02e6288f3ffc@group-62509A8A5C15-LeaderElection212: Election REJECTED; received 2 response(s) [d2424f4d-20d2-4104-abcc-02e6288f3ffc<-3909bd6a-278d-4911-9d70-32680c972d02#0:FAIL-t226, d2424f4d-20d2-4104-abcc-02e6288f3ffc<-7c510082-4284-44ef-8cd9-bb38fb15579f#0:FAIL-t226] and 0 exception(s); d2424f4d-20d2-4104-abcc-02e6288f3ffc@group-62509A8A5C15:t226, leader=null, voted=d2424f4d-20d2-4104-abcc-02e6288f3ffc, raftlog=d2424f4d-20d2-4104-abcc-02e6288f3ffc@group-62509A8A5C15-SegmentedRaftLog:OPENED:c-1,f-1,i0, conf=-1: [3909bd6a-278d-4911-9d70-32680c972d02:192.168.157.223:33343, d2424f4d-20d2-4104-abcc-02e6288f3ffc:192.168.157.223:39352, 7c510082-4284-44ef-8cd9-bb38fb15579f:192.168.157.223:33098], old=null
2019-10-17 21:15:57,523 [d2424f4d-20d2-4104-abcc-02e6288f3ffc@group-62509A8A5C15-LeaderElection212] INFO  impl.RaftServerImpl (RaftServerImpl.java:setRole(184)) - d2424f4d-20d2-4104-abcc-02e6288f3ffc@group-62509A8A5C15: changes role from CANDIDATE to FOLLOWER at term 226 for DISCOVERED_A_NEW_TERM
2019-10-17 21:15:57,523 [d2424f4d-20d2-4104-abcc-02e6288f3ffc@group-62509A8A5C15-LeaderElection212] INFO  impl.RoleInfo (RoleInfo.java:shutdownLeaderElection(134)) - d2424f4d-20d2-4104-abcc-02e6288f3ffc: shutdown LeaderElection
2019-10-17 21:15:57,523 [d2424f4d-20d2-4104-abcc-02e6288f3ffc@group-62509A8A5C15-LeaderElection212] INFO  impl.RoleInfo (RoleInfo.java:updateAndGet(143)) - d2424f4d-20d2-4104-abcc-02e6288f3ffc: start FollowerState
2019-10-17 21:15:57,580 [Thread-1623] INFO  impl.FollowerState (FollowerState.java:run(108)) - d2424f4d-20d2-4104-abcc-02e6288f3ffc@group-62509A8A5C15-FollowerState: change to CANDIDATE, lastRpcTime:57ms, electionTimeout:57ms
2019-10-17 21:15:57,581 [Thread-1623] INFO  impl.RoleInfo (RoleInfo.java:shutdownFollowerState(121)) - d2424f4d-20d2-4104-abcc-02e6288f3ffc: shutdown FollowerState
2019-10-17 21:15:57,581 [Thread-1623] INFO  impl.RaftServerImpl (RaftServerImpl.java:setRole(184)) - d2424f4d-20d2-4104-abcc-02e6288f3ffc@group-62509A8A5C15: changes role from  FOLLOWER to CANDIDATE at term 226 for changeToCandidate
2019-10-17 21:15:57,581 [Thread-1623] INFO  impl.RoleInfo (RoleInfo.java:updateAndGet(143)) - d2424f4d-20d2-4104-abcc-02e6288f3ffc: start LeaderElection
2019-10-17 21:15:57,594 [d2424f4d-20d2-4104-abcc-02e6288f3ffc@group-62509A8A5C15-LeaderElection213] INFO  impl.LeaderElection (LeaderElection.java:askForVotes(178)) - d2424f4d-20d2-4104-abcc-02e6288f3ffc@group-62509A8A5C15-LeaderElection213: begin an election at term 227 for -1: [3909bd6a-278d-4911-9d70-32680c972d02:192.168.157.223:33343, d2424f4d-20d2-4104-abcc-02e6288f3ffc:192.168.157.223:39352, 7c510082-4284-44ef-8cd9-bb38fb15579f:192.168.157.223:33098], old=null
2019-10-17 21:15:57,596 [grpc-default-executor-6] INFO  impl.RaftServerImpl (RaftServerImpl.java:setRole(184)) - 3909bd6a-278d-4911-9d70-32680c972d02@group-62509A8A5C15: changes role from  FOLLOWER to FOLLOWER at term 227 for recognizeCandidate:d2424f4d-20d2-4104-abcc-02e6288f3ffc
2019-10-17 21:15:57,596 [grpc-default-executor-6] INFO  impl.RoleInfo (RoleInfo.java:shutdownFollowerState(121)) - 3909bd6a-278d-4911-9d70-32680c972d02: shutdown FollowerState
2019-10-17 21:15:57,597 [grpc-default-executor-2] INFO  impl.RaftServerImpl (RaftServerImpl.java:setRole(184)) - 7c510082-4284-44ef-8cd9-bb38fb15579f@group-62509A8A5C15: changes role from  FOLLOWER to FOLLOWER at term 227 for recognizeCandidate:d2424f4d-20d2-4104-abcc-02e6288f3ffc
2019-10-17 21:15:57,597 [Thread-1621] INFO  impl.FollowerState (FollowerState.java:run(117)) - 3909bd6a-278d-4911-9d70-32680c972d02@group-62509A8A5C15-FollowerState was interrupted: java.lang.InterruptedException: sleep interrupted
2019-10-17 21:15:57,597 [grpc-default-executor-6] INFO  impl.RoleInfo (RoleInfo.java:updateAndGet(143)) - 3909bd6a-278d-4911-9d70-32680c972d02: start FollowerState
2019-10-17 21:15:57,597 [grpc-default-executor-2] INFO  impl.RoleInfo (RoleInfo.java:shutdownFollowerState(121)) - 7c510082-4284-44ef-8cd9-bb38fb15579f: shutdown FollowerState
2019-10-17 21:15:57,597 [grpc-default-executor-2] INFO  impl.RoleInfo (RoleInfo.java:updateAndGet(143)) - 7c510082-4284-44ef-8cd9-bb38fb15579f: start FollowerState
2019-10-17 21:15:57,597 [Thread-1622] INFO  impl.FollowerState (FollowerState.java:run(117)) - 7c510082-4284-44ef-8cd9-bb38fb15579f@group-62509A8A5C15-FollowerState was interrupted: java.lang.InterruptedException: sleep interrupted
2019-10-17 21:15:57,623 [d2424f4d-20d2-4104-abcc-02e6288f3ffc@group-62509A8A5C15-LeaderElection213] INFO  impl.LeaderElection (LeaderElection.java:logAndReturn(56)) - d2424f4d-20d2-4104-abcc-02e6288f3ffc@group-62509A8A5C15-LeaderElection213: Election REJECTED; received 2 response(s) [d2424f4d-20d2-4104-abcc-02e6288f3ffc<-3909bd6a-278d-4911-9d70-32680c972d02#0:FAIL-t227, d2424f4d-20d2-4104-abcc-02e6288f3ffc<-7c510082-4284-44ef-8cd9-bb38fb15579f#0:FAIL-t227] and 0 exception(s); d2424f4d-20d2-4104-abcc-02e6288f3ffc@group-62509A8A5C15:t227, leader=null, voted=d2424f4d-20d2-4104-abcc-02e6288f3ffc, raftlog=d2424f4d-20d2-4104-abcc-02e6288f3ffc@group-62509A8A5C15-SegmentedRaftLog:OPENED:c-1,f-1,i0, conf=-1: [3909bd6a-278d-4911-9d70-32680c972d02:192.168.157.223:33343, d2424f4d-20d2-4104-abcc-02e6288f3ffc:192.168.157.223:39352, 7c510082-4284-44ef-8cd9-bb38fb15579f:192.168.157.223:33098], old=null
2019-10-17 21:15:57,624 [d2424f4d-20d2-4104-abcc-02e6288f3ffc@group-62509A8A5C15-LeaderElection213] INFO  impl.RaftServerImpl (RaftServerImpl.java:setRole(184)) - d2424f4d-20d2-4104-abcc-02e6288f3ffc@group-62509A8A5C15: changes role from CANDIDATE to FOLLOWER at term 227 for DISCOVERED_A_NEW_TERM
2019-10-17 21:15:57,624 [d2424f4d-20d2-4104-abcc-02e6288f3ffc@group-62509A8A5C15-LeaderElection213] INFO  impl.RoleInfo (RoleInfo.java:shutdownLeaderElection(134)) - d2424f4d-20d2-4104-abcc-02e6288f3ffc: shutdown LeaderElection
2019-10-17 21:15:57,624 [d2424f4d-20d2-4104-abcc-02e6288f3ffc@group-62509A8A5C15-LeaderElection213] INFO  impl.RoleInfo (RoleInfo.java:updateAndGet(143)) - d2424f4d-20d2-4104-abcc-02e6288f3ffc: start FollowerState
2019-10-17 21:15:57,769 [Thread-1629] INFO  impl.FollowerState (FollowerState.java:run(108)) - d2424f4d-20d2-4104-abcc-02e6288f3ffc@group-62509A8A5C15-FollowerState: change to CANDIDATE, lastRpcTime:145ms, electionTimeout:145ms
2019-10-17 21:15:57,770 [Thread-1629] INFO  impl.RoleInfo (RoleInfo.java:shutdownFollowerState(121)) - d2424f4d-20d2-4104-abcc-02e6288f3ffc: shutdown FollowerState
2019-10-17 21:15:57,770 [Thread-1629] INFO  impl.RaftServerImpl (RaftServerImpl.java:setRole(184)) - d2424f4d-20d2-4104-abcc-02e6288f3ffc@group-62509A8A5C15: changes role from  FOLLOWER to CANDIDATE at term 227 for changeToCandidate
2019-10-17 21:15:57,770 [Thread-1629] INFO  impl.RoleInfo (RoleInfo.java:updateAndGet(143)) - d2424f4d-20d2-4104-abcc-02e6288f3ffc: start LeaderElection
2019-10-17 21:15:57,784 [d2424f4d-20d2-4104-abcc-02e6288f3ffc@group-62509A8A5C15-LeaderElection214] INFO  impl.LeaderElection (LeaderElection.java:askForVotes(178)) - d2424f4d-20d2-4104-abcc-02e6288f3ffc@group-62509A8A5C15-LeaderElection214: begin an election at term 228 for -1: [3909bd6a-278d-4911-9d70-32680c972d02:192.168.157.223:33343, d2424f4d-20d2-4104-abcc-02e6288f3ffc:192.168.157.223:39352, 7c510082-4284-44ef-8cd9-bb38fb15579f:192.168.157.223:33098], old=null
2019-10-17 21:15:57,786 [grpc-default-executor-2] INFO  impl.RaftServerImpl (RaftServerImpl.java:setRole(184)) - 3909bd6a-278d-4911-9d70-32680c972d02@group-62509A8A5C15: changes role from  FOLLOWER to FOLLOWER at term 228 for recognizeCandidate:d2424f4d-20d2-4104-abcc-02e6288f3ffc
2019-10-17 21:15:57,786 [grpc-default-executor-6] INFO  impl.RaftServerImpl (RaftServerImpl.java:setRole(184)) - 7c510082-4284-44ef-8cd9-bb38fb15579f@group-62509A8A5C15: changes role from  FOLLOWER to FOLLOWER at term 228 for recognizeCandidate:d2424f4d-20d2-4104-abcc-02e6288f3ffc
2019-10-17 21:15:57,786 [grpc-default-executor-2] INFO  impl.RoleInfo (RoleInfo.java:shutdownFollowerState(121)) - 3909bd6a-278d-4911-9d70-32680c972d02: shutdown FollowerState
2019-10-17 21:15:57,786 [grpc-default-executor-6] INFO  impl.RoleInfo (RoleInfo.java:shutdownFollowerState(121)) - 7c510082-4284-44ef-8cd9-bb38fb15579f: shutdown FollowerState
2019-10-17 21:15:57,786 [Thread-1627] INFO  impl.FollowerState (FollowerState.java:run(117)) - 3909bd6a-278d-4911-9d70-32680c972d02@group-62509A8A5C15-FollowerState was interrupted: java.lang.InterruptedException: sleep interrupted
2019-10-17 21:15:57,786 [grpc-default-executor-2] INFO  impl.RoleInfo (RoleInfo.java:updateAndGet(143)) - 3909bd6a-278d-4911-9d70-32680c972d02: start FollowerState
2019-10-17 21:15:57,787 [Thread-1628] INFO  impl.FollowerState (FollowerState.java:run(117)) - 7c510082-4284-44ef-8cd9-bb38fb15579f@group-62509A8A5C15-FollowerState was interrupted: java.lang.InterruptedException: sleep interrupted
2019-10-17 21:15:57,786 [grpc-default-executor-6] INFO  impl.RoleInfo (RoleInfo.java:updateAndGet(143)) - 7c510082-4284-44ef-8cd9-bb38fb15579f: start FollowerState
2019-10-17 21:15:57,801 [d2424f4d-20d2-4104-abcc-02e6288f3ffc@group-62509A8A5C15-LeaderElection214] INFO  impl.LeaderElection (LeaderElection.java:logAndReturn(56)) - d2424f4d-20d2-4104-abcc-02e6288f3ffc@group-62509A8A5C15-LeaderElection214: Election REJECTED; received 2 response(s) [d2424f4d-20d2-4104-abcc-02e6288f3ffc<-3909bd6a-278d-4911-9d70-32680c972d02#0:FAIL-t228, d2424f4d-20d2-4104-abcc-02e6288f3ffc<-7c510082-4284-44ef-8cd9-bb38fb15579f#0:FAIL-t228] and 0 exception(s); d2424f4d-20d2-4104-abcc-02e6288f3ffc@group-62509A8A5C15:t228, leader=null, voted=d2424f4d-20d2-4104-abcc-02e6288f3ffc, raftlog=d2424f4d-20d2-4104-abcc-02e6288f3ffc@group-62509A8A5C15-SegmentedRaftLog:OPENED:c-1,f-1,i0, conf=-1: [3909bd6a-278d-4911-9d70-32680c972d02:192.168.157.223:33343, d2424f4d-20d2-4104-abcc-02e6288f3ffc:192.168.157.223:39352, 7c510082-4284-44ef-8cd9-bb38fb15579f:192.168.157.223:33098], old=null
2019-10-17 21:15:57,801 [d2424f4d-20d2-4104-abcc-02e6288f3ffc@group-62509A8A5C15-LeaderElection214] INFO  impl.RaftServerImpl (RaftServerImpl.java:setRole(184)) - d2424f4d-20d2-4104-abcc-02e6288f3ffc@group-62509A8A5C15: changes role from CANDIDATE to FOLLOWER at term 228 for DISCOVERED_A_NEW_TERM
2019-10-17 21:15:57,801 [d2424f4d-20d2-4104-abcc-02e6288f3ffc@group-62509A8A5C15-LeaderElection214] INFO  impl.RoleInfo (RoleInfo.java:shutdownLeaderElection(134)) - d2424f4d-20d2-4104-abcc-02e6288f3ffc: shutdown LeaderElection
2019-10-17 21:15:57,802 [d2424f4d-20d2-4104-abcc-02e6288f3ffc@group-62509A8A5C15-LeaderElection214] INFO  impl.RoleInfo (RoleInfo.java:updateAndGet(143)) - d2424f4d-20d2-4104-abcc-02e6288f3ffc: start FollowerState
2019-10-17 21:15:57,899 [Thread-1635] INFO  impl.FollowerState (FollowerState.java:run(108)) - d2424f4d-20d2-4104-abcc-02e6288f3ffc@group-62509A8A5C15-FollowerState: change to CANDIDATE, lastRpcTime:97ms, electionTimeout:97ms
2019-10-17 21:15:57,899 [Thread-1635] INFO  impl.RoleInfo (RoleInfo.java:shutdownFollowerState(121)) - d2424f4d-20d2-4104-abcc-02e6288f3ffc: shutdown FollowerState
2019-10-17 21:15:57,899 [Thread-1635] INFO  impl.RaftServerImpl (RaftServerImpl.java:setRole(184)) - d2424f4d-20d2-4104-abcc-02e6288f3ffc@group-62509A8A5C15: changes role from  FOLLOWER to CANDIDATE at term 228 for changeToCandidate
2019-10-17 21:15:57,899 [Thread-1635] INFO  impl.RoleInfo (RoleInfo.java:updateAndGet(143)) - d2424f4d-20d2-4104-abcc-02e6288f3ffc: start LeaderElection
2019-10-17 21:15:57,913 [d2424f4d-20d2-4104-abcc-02e6288f3ffc@group-62509A8A5C15-LeaderElection215] INFO  impl.LeaderElection (LeaderElection.java:askForVotes(178)) - d2424f4d-20d2-4104-abcc-02e6288f3ffc@group-62509A8A5C15-LeaderElection215: begin an election at term 229 for -1: [3909bd6a-278d-4911-9d70-32680c972d02:192.168.157.223:33343, d2424f4d-20d2-4104-abcc-02e6288f3ffc:192.168.157.223:39352, 7c510082-4284-44ef-8cd9-bb38fb15579f:192.168.157.223:33098], old=null
2019-10-17 21:15:57,915 [grpc-default-executor-2] INFO  impl.RaftServerImpl (RaftServerImpl.java:setRole(184)) - 3909bd6a-278d-4911-9d70-32680c972d02@group-62509A8A5C15: changes role from  FOLLOWER to FOLLOWER at term 229 for recognizeCandidate:d2424f4d-20d2-4104-abcc-02e6288f3ffc
2019-10-17 21:15:57,915 [grpc-default-executor-2] INFO  impl.RoleInfo (RoleInfo.java:shutdownFollowerState(121)) - 3909bd6a-278d-4911-9d70-32680c972d02: shutdown FollowerState
2019-10-17 21:15:57,916 [grpc-default-executor-2] INFO  impl.RoleInfo (RoleInfo.java:updateAndGet(143)) - 3909bd6a-278d-4911-9d70-32680c972d02: start FollowerState
2019-10-17 21:15:57,916 [Thread-1633] INFO  impl.FollowerState (FollowerState.java:run(117)) - 3909bd6a-278d-4911-9d70-32680c972d02@group-62509A8A5C15-FollowerState was interrupted: java.lang.InterruptedException: sleep interrupted
2019-10-17 21:15:57,916 [grpc-default-executor-6] INFO  impl.RaftServerImpl (RaftServerImpl.java:setRole(184)) - 7c510082-4284-44ef-8cd9-bb38fb15579f@group-62509A8A5C15: changes role from  FOLLOWER to FOLLOWER at term 229 for recognizeCandidate:d2424f4d-20d2-4104-abcc-02e6288f3ffc
2019-10-17 21:15:57,916 [grpc-default-executor-6] INFO  impl.RoleInfo (RoleInfo.java:shutdownFollowerState(121)) - 7c510082-4284-44ef-8cd9-bb38fb15579f: shutdown FollowerState
2019-10-17 21:15:57,916 [grpc-default-executor-6] INFO  impl.RoleInfo (RoleInfo.java:updateAndGet(143)) - 7c510082-4284-44ef-8cd9-bb38fb15579f: start FollowerState
2019-10-17 21:15:57,916 [Thread-1634] INFO  impl.FollowerState (FollowerState.java:run(117)) - 7c510082-4284-44ef-8cd9-bb38fb15579f@group-62509A8A5C15-FollowerState was interrupted: java.lang.InterruptedException: sleep interrupted
2019-10-17 21:15:57,931 [d2424f4d-20d2-4104-abcc-02e6288f3ffc@group-62509A8A5C15-LeaderElection215] INFO  impl.LeaderElection (LeaderElection.java:logAndReturn(56)) - d2424f4d-20d2-4104-abcc-02e6288f3ffc@group-62509A8A5C15-LeaderElection215: Election REJECTED; received 2 response(s) [d2424f4d-20d2-4104-abcc-02e6288f3ffc<-3909bd6a-278d-4911-9d70-32680c972d02#0:FAIL-t229, d2424f4d-20d2-4104-abcc-02e6288f3ffc<-7c510082-4284-44ef-8cd9-bb38fb15579f#0:FAIL-t229] and 0 exception(s); d2424f4d-20d2-4104-abcc-02e6288f3ffc@group-62509A8A5C15:t229, leader=null, voted=d2424f4d-20d2-4104-abcc-02e6288f3ffc, raftlog=d2424f4d-20d2-4104-abcc-02e6288f3ffc@group-62509A8A5C15-SegmentedRaftLog:OPENED:c-1,f-1,i0, conf=-1: [3909bd6a-278d-4911-9d70-32680c972d02:192.168.157.223:33343, d2424f4d-20d2-4104-abcc-02e6288f3ffc:192.168.157.223:39352, 7c510082-4284-44ef-8cd9-bb38fb15579f:192.168.157.223:33098], old=null
2019-10-17 21:15:57,931 [d2424f4d-20d2-4104-abcc-02e6288f3ffc@group-62509A8A5C15-LeaderElection215] INFO  impl.RaftServerImpl (RaftServerImpl.java:setRole(184)) - d2424f4d-20d2-4104-abcc-02e6288f3ffc@group-62509A8A5C15: changes role from CANDIDATE to FOLLOWER at term 229 for DISCOVERED_A_NEW_TERM
2019-10-17 21:15:57,932 [d2424f4d-20d2-4104-abcc-02e6288f3ffc@group-62509A8A5C15-LeaderElection215] INFO  impl.RoleInfo (RoleInfo.java:shutdownLeaderElection(134)) - d2424f4d-20d2-4104-abcc-02e6288f3ffc: shutdown LeaderElection
2019-10-17 21:15:57,932 [d2424f4d-20d2-4104-abcc-02e6288f3ffc@group-62509A8A5C15-LeaderElection215] INFO  impl.RoleInfo (RoleInfo.java:updateAndGet(143)) - d2424f4d-20d2-4104-abcc-02e6288f3ffc: start FollowerState
2019-10-17 21:15:57,979 [Thread-1641] INFO  impl.FollowerState (FollowerState.java:run(108)) - d2424f4d-20d2-4104-abcc-02e6288f3ffc@group-62509A8A5C15-FollowerState: change to CANDIDATE, lastRpcTime:47ms, electionTimeout:47ms
2019-10-17 21:15:57,980 [Thread-1641] INFO  impl.RoleInfo (RoleInfo.java:shutdownFollowerState(121)) - d2424f4d-20d2-4104-abcc-02e6288f3ffc: shutdown FollowerState
2019-10-17 21:15:57,980 [Thread-1641] INFO  impl.RaftServerImpl (RaftServerImpl.java:setRole(184)) - d2424f4d-20d2-4104-abcc-02e6288f3ffc@group-62509A8A5C15: changes role from  FOLLOWER to CANDIDATE at term 229 for changeToCandidate
2019-10-17 21:15:57,980 [Thread-1641] INFO  impl.RoleInfo (RoleInfo.java:updateAndGet(143)) - d2424f4d-20d2-4104-abcc-02e6288f3ffc: start LeaderElection
2019-10-17 21:15:57,994 [d2424f4d-20d2-4104-abcc-02e6288f3ffc@group-62509A8A5C15-LeaderElection216] INFO  impl.LeaderElection (LeaderElection.java:askForVotes(178)) - d2424f4d-20d2-4104-abcc-02e6288f3ffc@group-62509A8A5C15-LeaderElection216: begin an election at term 230 for -1: [3909bd6a-278d-4911-9d70-32680c972d02:192.168.157.223:33343, d2424f4d-20d2-4104-abcc-02e6288f3ffc:192.168.157.223:39352, 7c510082-4284-44ef-8cd9-bb38fb15579f:192.168.157.223:33098], old=null
2019-10-17 21:15:57,996 [grpc-default-executor-2] INFO  impl.RaftServerImpl (RaftServerImpl.java:setRole(184)) - 3909bd6a-278d-4911-9d70-32680c972d02@group-62509A8A5C15: changes role from  FOLLOWER to FOLLOWER at term 230 for recognizeCandidate:d2424f4d-20d2-4104-abcc-02e6288f3ffc
2019-10-17 21:15:57,996 [grpc-default-executor-2] INFO  impl.RoleInfo (RoleInfo.java:shutdownFollowerState(121)) - 3909bd6a-278d-4911-9d70-32680c972d02: shutdown FollowerState
2019-10-17 21:15:57,996 [grpc-default-executor-6] INFO  impl.RaftServerImpl (RaftServerImpl.java:setRole(184)) - 7c510082-4284-44ef-8cd9-bb38fb15579f@group-62509A8A5C15: changes role from  FOLLOWER to FOLLOWER at term 230 for recognizeCandidate:d2424f4d-20d2-4104-abcc-02e6288f3ffc
2019-10-17 21:15:57,996 [Thread-1639] INFO  impl.FollowerState (FollowerState.java:run(117)) - 3909bd6a-278d-4911-9d70-32680c972d02@group-62509A8A5C15-FollowerState was interrupted: java.lang.InterruptedException: sleep interrupted
2019-10-17 21:15:57,996 [grpc-default-executor-6] INFO  impl.RoleInfo (RoleInfo.java:shutdownFollowerState(121)) - 7c510082-4284-44ef-8cd9-bb38fb15579f: shutdown FollowerState
2019-10-17 21:15:57,996 [grpc-default-executor-2] INFO  impl.RoleInfo (RoleInfo.java:updateAndGet(143)) - 3909bd6a-278d-4911-9d70-32680c972d02: start FollowerState
2019-10-17 21:15:57,997 [Thread-1640] INFO  impl.FollowerState (FollowerState.java:run(117)) - 7c510082-4284-44ef-8cd9-bb38fb15579f@group-62509A8A5C15-FollowerState was interrupted: java.lang.InterruptedException: sleep interrupted
2019-10-17 21:15:57,996 [grpc-default-executor-6] INFO  impl.RoleInfo (RoleInfo.java:updateAndGet(143)) - 7c510082-4284-44ef-8cd9-bb38fb15579f: start FollowerState
2019-10-17 21:15:58,014 [d2424f4d-20d2-4104-abcc-02e6288f3ffc@group-62509A8A5C15-LeaderElection216] INFO  impl.LeaderElection (LeaderElection.java:logAndReturn(56)) - d2424f4d-20d2-4104-abcc-02e6288f3ffc@group-62509A8A5C15-LeaderElection216: Election TIMEOUT; received 0 response(s) [] and 0 exception(s); d2424f4d-20d2-4104-abcc-02e6288f3ffc@group-62509A8A5C15:t230, leader=null, voted=d2424f4d-20d2-4104-abcc-02e6288f3ffc, raftlog=d2424f4d-20d2-4104-abcc-02e6288f3ffc@group-62509A8A5C15-SegmentedRaftLog:OPENED:c-1,f-1,i0, conf=-1: [3909bd6a-278d-4911-9d70-32680c972d02:192.168.157.223:33343, d2424f4d-20d2-4104-abcc-02e6288f3ffc:192.168.157.223:39352, 7c510082-4284-44ef-8cd9-bb38fb15579f:192.168.157.223:33098], old=null
2019-10-17 21:15:58,025 [d2424f4d-20d2-4104-abcc-02e6288f3ffc@group-62509A8A5C15-LeaderElection216] INFO  impl.LeaderElection (LeaderElection.java:askForVotes(178)) - d2424f4d-20d2-4104-abcc-02e6288f3ffc@group-62509A8A5C15-LeaderElection216: begin an election at term 231 for -1: [3909bd6a-278d-4911-9d70-32680c972d02:192.168.157.223:33343, d2424f4d-20d2-4104-abcc-02e6288f3ffc:192.168.157.223:39352, 7c510082-4284-44ef-8cd9-bb38fb15579f:192.168.157.223:33098], old=null
2019-10-17 21:15:58,026 [grpc-default-executor-2] INFO  impl.RaftServerImpl (RaftServerImpl.java:setRole(184)) - 3909bd6a-278d-4911-9d70-32680c972d02@group-62509A8A5C15: changes role from  FOLLOWER to FOLLOWER at term 231 for recognizeCandidate:d2424f4d-20d2-4104-abcc-02e6288f3ffc
2019-10-17 21:15:58,026 [grpc-default-executor-2] INFO  impl.RoleInfo (RoleInfo.java:shutdownFollowerState(121)) - 3909bd6a-278d-4911-9d70-32680c972d02: shutdown FollowerState
2019-10-17 21:15:58,027 [grpc-default-executor-6] INFO  impl.RaftServerImpl (RaftServerImpl.java:setRole(184)) - 7c510082-4284-44ef-8cd9-bb38fb15579f@group-62509A8A5C15: changes role from  FOLLOWER to FOLLOWER at term 231 for recognizeCandidate:d2424f4d-20d2-4104-abcc-02e6288f3ffc
2019-10-17 21:15:58,027 [grpc-default-executor-6] INFO  impl.RoleInfo (RoleInfo.java:shutdownFollowerState(121)) - 7c510082-4284-44ef-8cd9-bb38fb15579f: shutdown FollowerState
2019-10-17 21:15:58,027 [Thread-1647] INFO  impl.FollowerState (FollowerState.java:run(117)) - 3909bd6a-278d-4911-9d70-32680c972d02@group-62509A8A5C15-FollowerState was interrupted: java.lang.InterruptedException: sleep interrupted
2019-10-17 21:15:58,027 [grpc-default-executor-2] INFO  impl.RoleInfo (RoleInfo.java:updateAndGet(143)) - 3909bd6a-278d-4911-9d70-32680c972d02: start FollowerState
2019-10-17 21:15:58,027 [grpc-default-executor-6] INFO  impl.RoleInfo (RoleInfo.java:updateAndGet(143)) - 7c510082-4284-44ef-8cd9-bb38fb15579f: start FollowerState
2019-10-17 21:15:58,027 [Thread-1648] INFO  impl.FollowerState (FollowerState.java:run(117)) - 7c510082-4284-44ef-8cd9-bb38fb15579f@group-62509A8A5C15-FollowerState was interrupted: java.lang.InterruptedException: sleep interrupted
2019-10-17 21:15:58,053 [d2424f4d-20d2-4104-abcc-02e6288f3ffc@group-62509A8A5C15-LeaderElection216] INFO  impl.LeaderElection (LeaderElection.java:logAndReturn(56)) - d2424f4d-20d2-4104-abcc-02e6288f3ffc@group-62509A8A5C15-LeaderElection216: Election REJECTED; received 2 response(s) [d2424f4d-20d2-4104-abcc-02e6288f3ffc<-3909bd6a-278d-4911-9d70-32680c972d02#0:FAIL-t231, d2424f4d-20d2-4104-abcc-02e6288f3ffc<-7c510082-4284-44ef-8cd9-bb38fb15579f#0:FAIL-t231] and 0 exception(s); d2424f4d-20d2-4104-abcc-02e6288f3ffc@group-62509A8A5C15:t231, leader=null, voted=d2424f4d-20d2-4104-abcc-02e6288f3ffc, raftlog=d2424f4d-20d2-4104-abcc-02e6288f3ffc@group-62509A8A5C15-SegmentedRaftLog:OPENED:c-1,f-1,i0, conf=-1: [3909bd6a-278d-4911-9d70-32680c972d02:192.168.157.223:33343, d2424f4d-20d2-4104-abcc-02e6288f3ffc:192.168.157.223:39352, 7c510082-4284-44ef-8cd9-bb38fb15579f:192.168.157.223:33098], old=null
2019-10-17 21:15:58,054 [d2424f4d-20d2-4104-abcc-02e6288f3ffc@group-62509A8A5C15-LeaderElection216] INFO  impl.RaftServerImpl (RaftServerImpl.java:setRole(184)) - d2424f4d-20d2-4104-abcc-02e6288f3ffc@group-62509A8A5C15: changes role from CANDIDATE to FOLLOWER at term 231 for DISCOVERED_A_NEW_TERM
2019-10-17 21:15:58,054 [d2424f4d-20d2-4104-abcc-02e6288f3ffc@group-62509A8A5C15-LeaderElection216] INFO  impl.RoleInfo (RoleInfo.java:shutdownLeaderElection(134)) - d2424f4d-20d2-4104-abcc-02e6288f3ffc: shutdown LeaderElection
2019-10-17 21:15:58,054 [d2424f4d-20d2-4104-abcc-02e6288f3ffc@group-62509A8A5C15-LeaderElection216] INFO  impl.RoleInfo (RoleInfo.java:updateAndGet(143)) - d2424f4d-20d2-4104-abcc-02e6288f3ffc: start FollowerState
2019-10-17 21:15:58,253 [Thread-1653] INFO  impl.FollowerState (FollowerState.java:run(108)) - d2424f4d-20d2-4104-abcc-02e6288f3ffc@group-62509A8A5C15-FollowerState: change to CANDIDATE, lastRpcTime:198ms, electionTimeout:198ms
2019-10-17 21:15:58,254 [Thread-1653] INFO  impl.RoleInfo (RoleInfo.java:shutdownFollowerState(121)) - d2424f4d-20d2-4104-abcc-02e6288f3ffc: shutdown FollowerState
2019-10-17 21:15:58,254 [Thread-1653] INFO  impl.RaftServerImpl (RaftServerImpl.java:setRole(184)) - d2424f4d-20d2-4104-abcc-02e6288f3ffc@group-62509A8A5C15: changes role from  FOLLOWER to CANDIDATE at term 231 for changeToCandidate
2019-10-17 21:15:58,255 [Thread-1653] INFO  impl.RoleInfo (RoleInfo.java:updateAndGet(143)) - d2424f4d-20d2-4104-abcc-02e6288f3ffc: start LeaderElection
2019-10-17 21:15:58,278 [d2424f4d-20d2-4104-abcc-02e6288f3ffc@group-62509A8A5C15-LeaderElection217] INFO  impl.LeaderElection (LeaderElection.java:askForVotes(178)) - d2424f4d-20d2-4104-abcc-02e6288f3ffc@group-62509A8A5C15-LeaderElection217: begin an election at term 232 for -1: [3909bd6a-278d-4911-9d70-32680c972d02:192.168.157.223:33343, d2424f4d-20d2-4104-abcc-02e6288f3ffc:192.168.157.223:39352, 7c510082-4284-44ef-8cd9-bb38fb15579f:192.168.157.223:33098], old=null
2019-10-17 21:15:58,284 [grpc-default-executor-6] INFO  impl.RaftServerImpl (RaftServerImpl.java:setRole(184)) - 3909bd6a-278d-4911-9d70-32680c972d02@group-62509A8A5C15: changes role from  FOLLOWER to FOLLOWER at term 232 for recognizeCandidate:d2424f4d-20d2-4104-abcc-02e6288f3ffc
2019-10-17 21:15:58,284 [grpc-default-executor-2] INFO  impl.RaftServerImpl (RaftServerImpl.java:setRole(184)) - 7c510082-4284-44ef-8cd9-bb38fb15579f@group-62509A8A5C15: changes role from  FOLLOWER to FOLLOWER at term 232 for recognizeCandidate:d2424f4d-20d2-4104-abcc-02e6288f3ffc
2019-10-17 21:15:58,285 [grpc-default-executor-6] INFO  impl.RoleInfo (RoleInfo.java:shutdownFollowerState(121)) - 3909bd6a-278d-4911-9d70-32680c972d02: shutdown FollowerState
2019-10-17 21:15:58,285 [grpc-default-executor-2] INFO  impl.RoleInfo (RoleInfo.java:shutdownFollowerState(121)) - 7c510082-4284-44ef-8cd9-bb38fb15579f: shutdown FollowerState
2019-10-17 21:15:58,285 [grpc-default-executor-6] INFO  impl.RoleInfo (RoleInfo.java:updateAndGet(143)) - 3909bd6a-278d-4911-9d70-32680c972d02: start FollowerState
2019-10-17 21:15:58,285 [Thread-1651] INFO  impl.FollowerState (FollowerState.java:run(117)) - 3909bd6a-278d-4911-9d70-32680c972d02@group-62509A8A5C15-FollowerState was interrupted: java.lang.InterruptedException: sleep interrupted
2019-10-17 21:15:58,285 [Thread-1652] INFO  impl.FollowerState (FollowerState.java:run(117)) - 7c510082-4284-44ef-8cd9-bb38fb15579f@group-62509A8A5C15-FollowerState was interrupted: java.lang.InterruptedException: sleep interrupted
2019-10-17 21:15:58,285 [grpc-default-executor-2] INFO  impl.RoleInfo (RoleInfo.java:updateAndGet(143)) - 7c510082-4284-44ef-8cd9-bb38fb15579f: start FollowerState
2019-10-17 21:15:58,312 [d2424f4d-20d2-4104-abcc-02e6288f3ffc@group-62509A8A5C15-LeaderElection217] INFO  impl.LeaderElection (LeaderElection.java:logAndReturn(56)) - d2424f4d-20d2-4104-abcc-02e6288f3ffc@group-62509A8A5C15-LeaderElection217: Election REJECTED; received 2 response(s) [d2424f4d-20d2-4104-abcc-02e6288f3ffc<-3909bd6a-278d-4911-9d70-32680c972d02#0:FAIL-t232, d2424f4d-20d2-4104-abcc-02e6288f3ffc<-7c510082-4284-44ef-8cd9-bb38fb15579f#0:FAIL-t232] and 0 exception(s); d2424f4d-20d2-4104-abcc-02e6288f3ffc@group-62509A8A5C15:t232, leader=null, voted=d2424f4d-20d2-4104-abcc-02e6288f3ffc, raftlog=d2424f4d-20d2-4104-abcc-02e6288f3ffc@group-62509A8A5C15-SegmentedRaftLog:OPENED:c-1,f-1,i0, conf=-1: [3909bd6a-278d-4911-9d70-32680c972d02:192.168.157.223:33343, d2424f4d-20d2-4104-abcc-02e6288f3ffc:192.168.157.223:39352, 7c510082-4284-44ef-8cd9-bb38fb15579f:192.168.157.223:33098], old=null
2019-10-17 21:15:58,313 [d2424f4d-20d2-4104-abcc-02e6288f3ffc@group-62509A8A5C15-LeaderElection217] INFO  impl.RaftServerImpl (RaftServerImpl.java:setRole(184)) - d2424f4d-20d2-4104-abcc-02e6288f3ffc@group-62509A8A5C15: changes role from CANDIDATE to FOLLOWER at term 232 for DISCOVERED_A_NEW_TERM
2019-10-17 21:15:58,313 [d2424f4d-20d2-4104-abcc-02e6288f3ffc@group-62509A8A5C15-LeaderElection217] INFO  impl.RoleInfo (RoleInfo.java:shutdownLeaderElection(134)) - d2424f4d-20d2-4104-abcc-02e6288f3ffc: shutdown LeaderElection
2019-10-17 21:15:58,313 [d2424f4d-20d2-4104-abcc-02e6288f3ffc@group-62509A8A5C15-LeaderElection217] INFO  impl.RoleInfo (RoleInfo.java:updateAndGet(143)) - d2424f4d-20d2-4104-abcc-02e6288f3ffc: start FollowerState
2019-10-17 21:15:58,372 [Thread-1659] INFO  impl.FollowerState (FollowerState.java:run(108)) - d2424f4d-20d2-4104-abcc-02e6288f3ffc@group-62509A8A5C15-FollowerState: change to CANDIDATE, lastRpcTime:59ms, electionTimeout:59ms
2019-10-17 21:15:58,373 [Thread-1659] INFO  impl.RoleInfo (RoleInfo.java:shutdownFollowerState(121)) - d2424f4d-20d2-4104-abcc-02e6288f3ffc: shutdown FollowerState
2019-10-17 21:15:58,373 [Thread-1659] INFO  impl.RaftServerImpl (RaftServerImpl.java:setRole(184)) - d2424f4d-20d2-4104-abcc-02e6288f3ffc@group-62509A8A5C15: changes role from  FOLLOWER to CANDIDATE at term 232 for changeToCandidate
2019-10-17 21:15:58,373 [Thread-1659] INFO  impl.RoleInfo (RoleInfo.java:updateAndGet(143)) - d2424f4d-20d2-4104-abcc-02e6288f3ffc: start LeaderElection
2019-10-17 21:15:58,386 [d2424f4d-20d2-4104-abcc-02e6288f3ffc@group-62509A8A5C15-LeaderElection218] INFO  impl.LeaderElection (LeaderElection.java:askForVotes(178)) - d2424f4d-20d2-4104-abcc-02e6288f3ffc@group-62509A8A5C15-LeaderElection218: begin an election at term 233 for -1: [3909bd6a-278d-4911-9d70-32680c972d02:192.168.157.223:33343, d2424f4d-20d2-4104-abcc-02e6288f3ffc:192.168.157.223:39352, 7c510082-4284-44ef-8cd9-bb38fb15579f:192.168.157.223:33098], old=null
2019-10-17 21:15:58,388 [grpc-default-executor-6] INFO  impl.RaftServerImpl (RaftServerImpl.java:setRole(184)) - 3909bd6a-278d-4911-9d70-32680c972d02@group-62509A8A5C15: changes role from  FOLLOWER to FOLLOWER at term 233 for recognizeCandidate:d2424f4d-20d2-4104-abcc-02e6288f3ffc
2019-10-17 21:15:58,389 [grpc-default-executor-6] INFO  impl.RoleInfo (RoleInfo.java:shutdownFollowerState(121)) - 3909bd6a-278d-4911-9d70-32680c972d02: shutdown FollowerState
2019-10-17 21:15:58,389 [grpc-default-executor-2] INFO  impl.RaftServerImpl (RaftServerImpl.java:setRole(184)) - 7c510082-4284-44ef-8cd9-bb38fb15579f@group-62509A8A5C15: changes role from  FOLLOWER to FOLLOWER at term 233 for recognizeCandidate:d2424f4d-20d2-4104-abcc-02e6288f3ffc
2019-10-17 21:15:58,389 [grpc-default-executor-2] INFO  impl.RoleInfo (RoleInfo.java:shutdownFollowerState(121)) - 7c510082-4284-44ef-8cd9-bb38fb15579f: shutdown FollowerState
2019-10-17 21:15:58,389 [Thread-1657] INFO  impl.FollowerState (FollowerState.java:run(117)) - 3909bd6a-278d-4911-9d70-32680c972d02@group-62509A8A5C15-FollowerState was interrupted: java.lang.InterruptedException: sleep interrupted
2019-10-17 21:15:58,389 [grpc-default-executor-6] INFO  impl.RoleInfo (RoleInfo.java:updateAndGet(143)) - 3909bd6a-278d-4911-9d70-32680c972d02: start FollowerState
2019-10-17 21:15:58,389 [Thread-1658] INFO  impl.FollowerState (FollowerState.java:run(117)) - 7c510082-4284-44ef-8cd9-bb38fb15579f@group-62509A8A5C15-FollowerState was interrupted: java.lang.InterruptedException: sleep interrupted
2019-10-17 21:15:58,389 [grpc-default-executor-2] INFO  impl.RoleInfo (RoleInfo.java:updateAndGet(143)) - 7c510082-4284-44ef-8cd9-bb38fb15579f: start FollowerState
2019-10-17 21:15:58,416 [d2424f4d-20d2-4104-abcc-02e6288f3ffc@group-62509A8A5C15-LeaderElection218] INFO  impl.LeaderElection (LeaderElection.java:logAndReturn(56)) - d2424f4d-20d2-4104-abcc-02e6288f3ffc@group-62509A8A5C15-LeaderElection218: Election REJECTED; received 2 response(s) [d2424f4d-20d2-4104-abcc-02e6288f3ffc<-3909bd6a-278d-4911-9d70-32680c972d02#0:FAIL-t233, d2424f4d-20d2-4104-abcc-02e6288f3ffc<-7c510082-4284-44ef-8cd9-bb38fb15579f#0:FAIL-t233] and 0 exception(s); d2424f4d-20d2-4104-abcc-02e6288f3ffc@group-62509A8A5C15:t233, leader=null, voted=d2424f4d-20d2-4104-abcc-02e6288f3ffc, raftlog=d2424f4d-20d2-4104-abcc-02e6288f3ffc@group-62509A8A5C15-SegmentedRaftLog:OPENED:c-1,f-1,i0, conf=-1: [3909bd6a-278d-4911-9d70-32680c972d02:192.168.157.223:33343, d2424f4d-20d2-4104-abcc-02e6288f3ffc:192.168.157.223:39352, 7c510082-4284-44ef-8cd9-bb38fb15579f:192.168.157.223:33098], old=null
2019-10-17 21:15:58,416 [d2424f4d-20d2-4104-abcc-02e6288f3ffc@group-62509A8A5C15-LeaderElection218] INFO  impl.RaftServerImpl (RaftServerImpl.java:setRole(184)) - d2424f4d-20d2-4104-abcc-02e6288f3ffc@group-62509A8A5C15: changes role from CANDIDATE to FOLLOWER at term 233 for DISCOVERED_A_NEW_TERM
2019-10-17 21:15:58,416 [d2424f4d-20d2-4104-abcc-02e6288f3ffc@group-62509A8A5C15-LeaderElection218] INFO  impl.RoleInfo (RoleInfo.java:shutdownLeaderElection(134)) - d2424f4d-20d2-4104-abcc-02e6288f3ffc: shutdown LeaderElection
2019-10-17 21:15:58,416 [d2424f4d-20d2-4104-abcc-02e6288f3ffc@group-62509A8A5C15-LeaderElection218] INFO  impl.RoleInfo (RoleInfo.java:updateAndGet(143)) - d2424f4d-20d2-4104-abcc-02e6288f3ffc: start FollowerState
2019-10-17 21:15:58,531 [Thread-1665] INFO  impl.FollowerState (FollowerState.java:run(108)) - d2424f4d-20d2-4104-abcc-02e6288f3ffc@group-62509A8A5C15-FollowerState: change to CANDIDATE, lastRpcTime:114ms, electionTimeout:114ms
2019-10-17 21:15:58,531 [Thread-1665] INFO  impl.RoleInfo (RoleInfo.java:shutdownFollowerState(121)) - d2424f4d-20d2-4104-abcc-02e6288f3ffc: shutdown FollowerState
2019-10-17 21:15:58,531 [Thread-1665] INFO  impl.RaftServerImpl (RaftServerImpl.java:setRole(184)) - d2424f4d-20d2-4104-abcc-02e6288f3ffc@group-62509A8A5C15: changes role from  FOLLOWER to CANDIDATE at term 233 for changeToCandidate
2019-10-17 21:15:58,531 [Thread-1665] INFO  impl.RoleInfo (RoleInfo.java:updateAndGet(143)) - d2424f4d-20d2-4104-abcc-02e6288f3ffc: start LeaderElection
2019-10-17 21:15:58,552 [d2424f4d-20d2-4104-abcc-02e6288f3ffc@group-62509A8A5C15-LeaderElection219] INFO  impl.LeaderElection (LeaderElection.java:askForVotes(178)) - d2424f4d-20d2-4104-abcc-02e6288f3ffc@group-62509A8A5C15-LeaderElection219: begin an election at term 234 for -1: [3909bd6a-278d-4911-9d70-32680c972d02:192.168.157.223:33343, d2424f4d-20d2-4104-abcc-02e6288f3ffc:192.168.157.223:39352, 7c510082-4284-44ef-8cd9-bb38fb15579f:192.168.157.223:33098], old=null
2019-10-17 21:15:58,554 [grpc-default-executor-2] INFO  impl.RaftServerImpl (RaftServerImpl.java:setRole(184)) - 3909bd6a-278d-4911-9d70-32680c972d02@group-62509A8A5C15: changes role from  FOLLOWER to FOLLOWER at term 234 for recognizeCandidate:d2424f4d-20d2-4104-abcc-02e6288f3ffc
2019-10-17 21:15:58,554 [grpc-default-executor-6] INFO  impl.RaftServerImpl (RaftServerImpl.java:setRole(184)) - 7c510082-4284-44ef-8cd9-bb38fb15579f@group-62509A8A5C15: changes role from  FOLLOWER to FOLLOWER at term 234 for recognizeCandidate:d2424f4d-20d2-4104-abcc-02e6288f3ffc
2019-10-17 21:15:58,555 [grpc-default-executor-2] INFO  impl.RoleInfo (RoleInfo.java:shutdownFollowerState(121)) - 3909bd6a-278d-4911-9d70-32680c972d02: shutdown FollowerState
2019-10-17 21:15:58,555 [grpc-default-executor-6] INFO  impl.RoleInfo (RoleInfo.java:shutdownFollowerState(121)) - 7c510082-4284-44ef-8cd9-bb38fb15579f: shutdown FollowerState
2019-10-17 21:15:58,555 [Thread-1663] INFO  impl.FollowerState (FollowerState.java:run(117)) - 3909bd6a-278d-4911-9d70-32680c972d02@group-62509A8A5C15-FollowerState was interrupted: java.lang.InterruptedException: sleep interrupted
2019-10-17 21:15:58,555 [grpc-default-executor-2] INFO  impl.RoleInfo (RoleInfo.java:updateAndGet(143)) - 3909bd6a-278d-4911-9d70-32680c972d02: start FollowerState
2019-10-17 21:15:58,555 [Thread-1664] INFO  impl.FollowerState (FollowerState.java:run(117)) - 7c510082-4284-44ef-8cd9-bb38fb15579f@group-62509A8A5C15-FollowerState was interrupted: java.lang.InterruptedException: sleep interrupted
2019-10-17 21:15:58,555 [grpc-default-executor-6] INFO  impl.RoleInfo (RoleInfo.java:updateAndGet(143)) - 7c510082-4284-44ef-8cd9-bb38fb15579f: start FollowerState
2019-10-17 21:15:58,582 [d2424f4d-20d2-4104-abcc-02e6288f3ffc@group-62509A8A5C15-LeaderElection219] INFO  impl.LeaderElection (LeaderElection.java:logAndReturn(56)) - d2424f4d-20d2-4104-abcc-02e6288f3ffc@group-62509A8A5C15-LeaderElection219: Election REJECTED; received 2 response(s) [d2424f4d-20d2-4104-abcc-02e6288f3ffc<-3909bd6a-278d-4911-9d70-32680c972d02#0:FAIL-t234, d2424f4d-20d2-4104-abcc-02e6288f3ffc<-7c510082-4284-44ef-8cd9-bb38fb15579f#0:FAIL-t234] and 0 exception(s); d2424f4d-20d2-4104-abcc-02e6288f3ffc@group-62509A8A5C15:t234, leader=null, voted=d2424f4d-20d2-4104-abcc-02e6288f3ffc, raftlog=d2424f4d-20d2-4104-abcc-02e6288f3ffc@group-62509A8A5C15-SegmentedRaftLog:OPENED:c-1,f-1,i0, conf=-1: [3909bd6a-278d-4911-9d70-32680c972d02:192.168.157.223:33343, d2424f4d-20d2-4104-abcc-02e6288f3ffc:192.168.157.223:39352, 7c510082-4284-44ef-8cd9-bb38fb15579f:192.168.157.223:33098], old=null
2019-10-17 21:15:58,583 [d2424f4d-20d2-4104-abcc-02e6288f3ffc@group-62509A8A5C15-LeaderElection219] INFO  impl.RaftServerImpl (RaftServerImpl.java:setRole(184)) - d2424f4d-20d2-4104-abcc-02e6288f3ffc@group-62509A8A5C15: changes role from CANDIDATE to FOLLOWER at term 234 for DISCOVERED_A_NEW_TERM
2019-10-17 21:15:58,583 [d2424f4d-20d2-4104-abcc-02e6288f3ffc@group-62509A8A5C15-LeaderElection219] INFO  impl.RoleInfo (RoleInfo.java:shutdownLeaderElection(134)) - d2424f4d-20d2-4104-abcc-02e6288f3ffc: shutdown LeaderElection
2019-10-17 21:15:58,583 [d2424f4d-20d2-4104-abcc-02e6288f3ffc@group-62509A8A5C15-LeaderElection219] INFO  impl.RoleInfo (RoleInfo.java:updateAndGet(143)) - d2424f4d-20d2-4104-abcc-02e6288f3ffc: start FollowerState
2019-10-17 21:15:58,739 [Thread-1671] INFO  impl.FollowerState (FollowerState.java:run(108)) - d2424f4d-20d2-4104-abcc-02e6288f3ffc@group-62509A8A5C15-FollowerState: change to CANDIDATE, lastRpcTime:156ms, electionTimeout:156ms
2019-10-17 21:15:58,740 [Thread-1671] INFO  impl.RoleInfo (RoleInfo.java:shutdownFollowerState(121)) - d2424f4d-20d2-4104-abcc-02e6288f3ffc: shutdown FollowerState
2019-10-17 21:15:58,740 [Thread-1671] INFO  impl.RaftServerImpl (RaftServerImpl.java:setRole(184)) - d2424f4d-20d2-4104-abcc-02e6288f3ffc@group-62509A8A5C15: changes role from  FOLLOWER to CANDIDATE at term 234 for changeToCandidate
2019-10-17 21:15:58,740 [Thread-1671] INFO  impl.RoleInfo (RoleInfo.java:updateAndGet(143)) - d2424f4d-20d2-4104-abcc-02e6288f3ffc: start LeaderElection
2019-10-17 21:15:58,754 [d2424f4d-20d2-4104-abcc-02e6288f3ffc@group-62509A8A5C15-LeaderElection220] INFO  impl.LeaderElection (LeaderElection.java:askForVotes(178)) - d2424f4d-20d2-4104-abcc-02e6288f3ffc@group-62509A8A5C15-LeaderElection220: begin an election at term 235 for -1: [3909bd6a-278d-4911-9d70-32680c972d02:192.168.157.223:33343, d2424f4d-20d2-4104-abcc-02e6288f3ffc:192.168.157.223:39352, 7c510082-4284-44ef-8cd9-bb38fb15579f:192.168.157.223:33098], old=null
2019-10-17 21:15:58,757 [grpc-default-executor-6] INFO  impl.RaftServerImpl (RaftServerImpl.java:setRole(184)) - 3909bd6a-278d-4911-9d70-32680c972d02@group-62509A8A5C15: changes role from  FOLLOWER to FOLLOWER at term 235 for recognizeCandidate:d2424f4d-20d2-4104-abcc-02e6288f3ffc
2019-10-17 21:15:58,757 [grpc-default-executor-6] INFO  impl.RoleInfo (RoleInfo.java:shutdownFollowerState(121)) - 3909bd6a-278d-4911-9d70-32680c972d02: shutdown FollowerState
2019-10-17 21:15:58,758 [grpc-default-executor-6] INFO  impl.RoleInfo (RoleInfo.java:updateAndGet(143)) - 3909bd6a-278d-4911-9d70-32680c972d02: start FollowerState
2019-10-17 21:15:58,758 [Thread-1669] INFO  impl.FollowerState (FollowerState.java:run(117)) - 3909bd6a-278d-4911-9d70-32680c972d02@group-62509A8A5C15-FollowerState was interrupted: java.lang.InterruptedException: sleep interrupted
2019-10-17 21:15:58,758 [grpc-default-executor-2] INFO  impl.RaftServerImpl (RaftServerImpl.java:setRole(184)) - 7c510082-4284-44ef-8cd9-bb38fb15579f@group-62509A8A5C15: changes role from  FOLLOWER to FOLLOWER at term 235 for recognizeCandidate:d2424f4d-20d2-4104-abcc-02e6288f3ffc
2019-10-17 21:15:58,759 [grpc-default-executor-2] INFO  impl.RoleInfo (RoleInfo.java:shutdownFollowerState(121)) - 7c510082-4284-44ef-8cd9-bb38fb15579f: shutdown FollowerState
2019-10-17 21:15:58,759 [Thread-1670] INFO  impl.FollowerState (FollowerState.java:run(117)) - 7c510082-4284-44ef-8cd9-bb38fb15579f@group-62509A8A5C15-FollowerState was interrupted: java.lang.InterruptedException: sleep interrupted
2019-10-17 21:15:58,759 [grpc-default-executor-2] INFO  impl.RoleInfo (RoleInfo.java:updateAndGet(143)) - 7c510082-4284-44ef-8cd9-bb38fb15579f: start FollowerState
2019-10-17 21:15:58,784 [d2424f4d-20d2-4104-abcc-02e6288f3ffc@group-62509A8A5C15-LeaderElection220] INFO  impl.LeaderElection (LeaderElection.java:logAndReturn(56)) - d2424f4d-20d2-4104-abcc-02e6288f3ffc@group-62509A8A5C15-LeaderElection220: Election REJECTED; received 2 response(s) [d2424f4d-20d2-4104-abcc-02e6288f3ffc<-3909bd6a-278d-4911-9d70-32680c972d02#0:FAIL-t235, d2424f4d-20d2-4104-abcc-02e6288f3ffc<-7c510082-4284-44ef-8cd9-bb38fb15579f#0:FAIL-t235] and 0 exception(s); d2424f4d-20d2-4104-abcc-02e6288f3ffc@group-62509A8A5C15:t235, leader=null, voted=d2424f4d-20d2-4104-abcc-02e6288f3ffc, raftlog=d2424f4d-20d2-4104-abcc-02e6288f3ffc@group-62509A8A5C15-SegmentedRaftLog:OPENED:c-1,f-1,i0, conf=-1: [3909bd6a-278d-4911-9d70-32680c972d02:192.168.157.223:33343, d2424f4d-20d2-4104-abcc-02e6288f3ffc:192.168.157.223:39352, 7c510082-4284-44ef-8cd9-bb38fb15579f:192.168.157.223:33098], old=null
2019-10-17 21:15:58,785 [d2424f4d-20d2-4104-abcc-02e6288f3ffc@group-62509A8A5C15-LeaderElection220] INFO  impl.RaftServerImpl (RaftServerImpl.java:setRole(184)) - d2424f4d-20d2-4104-abcc-02e6288f3ffc@group-62509A8A5C15: changes role from CANDIDATE to FOLLOWER at term 235 for DISCOVERED_A_NEW_TERM
2019-10-17 21:15:58,785 [d2424f4d-20d2-4104-abcc-02e6288f3ffc@group-62509A8A5C15-LeaderElection220] INFO  impl.RoleInfo (RoleInfo.java:shutdownLeaderElection(134)) - d2424f4d-20d2-4104-abcc-02e6288f3ffc: shutdown LeaderElection
2019-10-17 21:15:58,785 [d2424f4d-20d2-4104-abcc-02e6288f3ffc@group-62509A8A5C15-LeaderElection220] INFO  impl.RoleInfo (RoleInfo.java:updateAndGet(143)) - d2424f4d-20d2-4104-abcc-02e6288f3ffc: start FollowerState
2019-10-17 21:15:58,866 [Thread-1677] INFO  impl.FollowerState (FollowerState.java:run(108)) - d2424f4d-20d2-4104-abcc-02e6288f3ffc@group-62509A8A5C15-FollowerState: change to CANDIDATE, lastRpcTime:80ms, electionTimeout:80ms
2019-10-17 21:15:58,866 [Thread-1677] INFO  impl.RoleInfo (RoleInfo.java:shutdownFollowerState(121)) - d2424f4d-20d2-4104-abcc-02e6288f3ffc: shutdown FollowerState
2019-10-17 21:15:58,866 [Thread-1677] INFO  impl.RaftServerImpl (RaftServerImpl.java:setRole(184)) - d2424f4d-20d2-4104-abcc-02e6288f3ffc@group-62509A8A5C15: changes role from  FOLLOWER to CANDIDATE at term 235 for changeToCandidate
2019-10-17 21:15:58,866 [Thread-1677] INFO  impl.RoleInfo (RoleInfo.java:updateAndGet(143)) - d2424f4d-20d2-4104-abcc-02e6288f3ffc: start LeaderElection
2019-10-17 21:15:58,882 [d2424f4d-20d2-4104-abcc-02e6288f3ffc@group-62509A8A5C15-LeaderElection221] INFO  impl.LeaderElection (LeaderElection.java:askForVotes(178)) - d2424f4d-20d2-4104-abcc-02e6288f3ffc@group-62509A8A5C15-LeaderElection221: begin an election at term 236 for -1: [3909bd6a-278d-4911-9d70-32680c972d02:192.168.157.223:33343, d2424f4d-20d2-4104-abcc-02e6288f3ffc:192.168.157.223:39352, 7c510082-4284-44ef-8cd9-bb38fb15579f:192.168.157.223:33098], old=null
2019-10-17 21:15:58,886 [grpc-default-executor-6] INFO  impl.RaftServerImpl (RaftServerImpl.java:setRole(184)) - 3909bd6a-278d-4911-9d70-32680c972d02@group-62509A8A5C15: changes role from  FOLLOWER to FOLLOWER at term 236 for recognizeCandidate:d2424f4d-20d2-4104-abcc-02e6288f3ffc
2019-10-17 21:15:58,886 [grpc-default-executor-2] INFO  impl.RaftServerImpl (RaftServerImpl.java:setRole(184)) - 7c510082-4284-44ef-8cd9-bb38fb15579f@group-62509A8A5C15: changes role from  FOLLOWER to FOLLOWER at term 236 for recognizeCandidate:d2424f4d-20d2-4104-abcc-02e6288f3ffc
2019-10-17 21:15:58,886 [grpc-default-executor-6] INFO  impl.RoleInfo (RoleInfo.java:shutdownFollowerState(121)) - 3909bd6a-278d-4911-9d70-32680c972d02: shutdown FollowerState
2019-10-17 21:15:58,886 [grpc-default-executor-2] INFO  impl.RoleInfo (RoleInfo.java:shutdownFollowerState(121)) - 7c510082-4284-44ef-8cd9-bb38fb15579f: shutdown FollowerState
2019-10-17 21:15:58,886 [Thread-1675] INFO  impl.FollowerState (FollowerState.java:run(117)) - 3909bd6a-278d-4911-9d70-32680c972d02@group-62509A8A5C15-FollowerState was interrupted: java.lang.InterruptedException: sleep interrupted
2019-10-17 21:15:58,886 [Thread-1676] INFO  impl.FollowerState (FollowerState.java:run(117)) - 7c510082-4284-44ef-8cd9-bb38fb15579f@group-62509A8A5C15-FollowerState was interrupted: java.lang.InterruptedException: sleep interrupted
2019-10-17 21:15:58,886 [grpc-default-executor-6] INFO  impl.RoleInfo (RoleInfo.java:updateAndGet(143)) - 3909bd6a-278d-4911-9d70-32680c972d02: start FollowerState
2019-10-17 21:15:58,886 [grpc-default-executor-2] INFO  impl.RoleInfo (RoleInfo.java:updateAndGet(143)) - 7c510082-4284-44ef-8cd9-bb38fb15579f: start FollowerState
2019-10-17 21:15:58,902 [d2424f4d-20d2-4104-abcc-02e6288f3ffc@group-62509A8A5C15-LeaderElection221] INFO  impl.LeaderElection (LeaderElection.java:logAndReturn(56)) - d2424f4d-20d2-4104-abcc-02e6288f3ffc@group-62509A8A5C15-LeaderElection221: Election REJECTED; received 2 response(s) [d2424f4d-20d2-4104-abcc-02e6288f3ffc<-3909bd6a-278d-4911-9d70-32680c972d02#0:FAIL-t236, d2424f4d-20d2-4104-abcc-02e6288f3ffc<-7c510082-4284-44ef-8cd9-bb38fb15579f#0:FAIL-t236] and 0 exception(s); d2424f4d-20d2-4104-abcc-02e6288f3ffc@group-62509A8A5C15:t236, leader=null, voted=d2424f4d-20d2-4104-abcc-02e6288f3ffc, raftlog=d2424f4d-20d2-4104-abcc-02e6288f3ffc@group-62509A8A5C15-SegmentedRaftLog:OPENED:c-1,f-1,i0, conf=-1: [3909bd6a-278d-4911-9d70-32680c972d02:192.168.157.223:33343, d2424f4d-20d2-4104-abcc-02e6288f3ffc:192.168.157.223:39352, 7c510082-4284-44ef-8cd9-bb38fb15579f:192.168.157.223:33098], old=null
2019-10-17 21:15:58,902 [d2424f4d-20d2-4104-abcc-02e6288f3ffc@group-62509A8A5C15-LeaderElection221] INFO  impl.RaftServerImpl (RaftServerImpl.java:setRole(184)) - d2424f4d-20d2-4104-abcc-02e6288f3ffc@group-62509A8A5C15: changes role from CANDIDATE to FOLLOWER at term 236 for DISCOVERED_A_NEW_TERM
2019-10-17 21:15:58,902 [d2424f4d-20d2-4104-abcc-02e6288f3ffc@group-62509A8A5C15-LeaderElection221] INFO  impl.RoleInfo (RoleInfo.java:shutdownLeaderElection(134)) - d2424f4d-20d2-4104-abcc-02e6288f3ffc: shutdown LeaderElection
2019-10-17 21:15:58,902 [d2424f4d-20d2-4104-abcc-02e6288f3ffc@group-62509A8A5C15-LeaderElection221] INFO  impl.RoleInfo (RoleInfo.java:updateAndGet(143)) - d2424f4d-20d2-4104-abcc-02e6288f3ffc: start FollowerState
2019-10-17 21:15:59,016 [Thread-1683] INFO  impl.FollowerState (FollowerState.java:run(108)) - d2424f4d-20d2-4104-abcc-02e6288f3ffc@group-62509A8A5C15-FollowerState: change to CANDIDATE, lastRpcTime:114ms, electionTimeout:114ms
2019-10-17 21:15:59,017 [Thread-1683] INFO  impl.RoleInfo (RoleInfo.java:shutdownFollowerState(121)) - d2424f4d-20d2-4104-abcc-02e6288f3ffc: shutdown FollowerState
2019-10-17 21:15:59,017 [Thread-1683] INFO  impl.RaftServerImpl (RaftServerImpl.java:setRole(184)) - d2424f4d-20d2-4104-abcc-02e6288f3ffc@group-62509A8A5C15: changes role from  FOLLOWER to CANDIDATE at term 236 for changeToCandidate
2019-10-17 21:15:59,017 [Thread-1683] INFO  impl.RoleInfo (RoleInfo.java:updateAndGet(143)) - d2424f4d-20d2-4104-abcc-02e6288f3ffc: start LeaderElection
2019-10-17 21:15:59,047 [d2424f4d-20d2-4104-abcc-02e6288f3ffc@group-62509A8A5C15-LeaderElection222] INFO  impl.LeaderElection (LeaderElection.java:askForVotes(178)) - d2424f4d-20d2-4104-abcc-02e6288f3ffc@group-62509A8A5C15-LeaderElection222: begin an election at term 237 for -1: [3909bd6a-278d-4911-9d70-32680c972d02:192.168.157.223:33343, d2424f4d-20d2-4104-abcc-02e6288f3ffc:192.168.157.223:39352, 7c510082-4284-44ef-8cd9-bb38fb15579f:192.168.157.223:33098], old=null
2019-10-17 21:15:59,050 [grpc-default-executor-6] INFO  impl.RaftServerImpl (RaftServerImpl.java:setRole(184)) - 7c510082-4284-44ef-8cd9-bb38fb15579f@group-62509A8A5C15: changes role from  FOLLOWER to FOLLOWER at term 237 for recognizeCandidate:d2424f4d-20d2-4104-abcc-02e6288f3ffc
2019-10-17 21:15:59,050 [grpc-default-executor-2] INFO  impl.RaftServerImpl (RaftServerImpl.java:setRole(184)) - 3909bd6a-278d-4911-9d70-32680c972d02@group-62509A8A5C15: changes role from  FOLLOWER to FOLLOWER at term 237 for recognizeCandidate:d2424f4d-20d2-4104-abcc-02e6288f3ffc
2019-10-17 21:15:59,050 [grpc-default-executor-6] INFO  impl.RoleInfo (RoleInfo.java:shutdownFollowerState(121)) - 7c510082-4284-44ef-8cd9-bb38fb15579f: shutdown FollowerState
2019-10-17 21:15:59,050 [grpc-default-executor-2] INFO  impl.RoleInfo (RoleInfo.java:shutdownFollowerState(121)) - 3909bd6a-278d-4911-9d70-32680c972d02: shutdown FollowerState
2019-10-17 21:15:59,051 [Thread-1682] INFO  impl.FollowerState (FollowerState.java:run(117)) - 7c510082-4284-44ef-8cd9-bb38fb15579f@group-62509A8A5C15-FollowerState was interrupted: java.lang.InterruptedException: sleep interrupted
2019-10-17 21:15:59,051 [grpc-default-executor-6] INFO  impl.RoleInfo (RoleInfo.java:updateAndGet(143)) - 7c510082-4284-44ef-8cd9-bb38fb15579f: start FollowerState
2019-10-17 21:15:59,051 [Thread-1681] INFO  impl.FollowerState (FollowerState.java:run(117)) - 3909bd6a-278d-4911-9d70-32680c972d02@group-62509A8A5C15-FollowerState was interrupted: java.lang.InterruptedException: sleep interrupted
2019-10-17 21:15:59,051 [grpc-default-executor-2] INFO  impl.RoleInfo (RoleInfo.java:updateAndGet(143)) - 3909bd6a-278d-4911-9d70-32680c972d02: start FollowerState
2019-10-17 21:15:59,077 [d2424f4d-20d2-4104-abcc-02e6288f3ffc@group-62509A8A5C15-LeaderElection222] INFO  impl.LeaderElection (LeaderElection.java:logAndReturn(56)) - d2424f4d-20d2-4104-abcc-02e6288f3ffc@group-62509A8A5C15-LeaderElection222: Election REJECTED; received 2 response(s) [d2424f4d-20d2-4104-abcc-02e6288f3ffc<-3909bd6a-278d-4911-9d70-32680c972d02#0:FAIL-t237, d2424f4d-20d2-4104-abcc-02e6288f3ffc<-7c510082-4284-44ef-8cd9-bb38fb15579f#0:FAIL-t237] and 0 exception(s); d2424f4d-20d2-4104-abcc-02e6288f3ffc@group-62509A8A5C15:t237, leader=null, voted=d2424f4d-20d2-4104-abcc-02e6288f3ffc, raftlog=d2424f4d-20d2-4104-abcc-02e6288f3ffc@group-62509A8A5C15-SegmentedRaftLog:OPENED:c-1,f-1,i0, conf=-1: [3909bd6a-278d-4911-9d70-32680c972d02:192.168.157.223:33343, d2424f4d-20d2-4104-abcc-02e6288f3ffc:192.168.157.223:39352, 7c510082-4284-44ef-8cd9-bb38fb15579f:192.168.157.223:33098], old=null
2019-10-17 21:15:59,078 [d2424f4d-20d2-4104-abcc-02e6288f3ffc@group-62509A8A5C15-LeaderElection222] INFO  impl.RaftServerImpl (RaftServerImpl.java:setRole(184)) - d2424f4d-20d2-4104-abcc-02e6288f3ffc@group-62509A8A5C15: changes role from CANDIDATE to FOLLOWER at term 237 for DISCOVERED_A_NEW_TERM
2019-10-17 21:15:59,078 [d2424f4d-20d2-4104-abcc-02e6288f3ffc@group-62509A8A5C15-LeaderElection222] INFO  impl.RoleInfo (RoleInfo.java:shutdownLeaderElection(134)) - d2424f4d-20d2-4104-abcc-02e6288f3ffc: shutdown LeaderElection
2019-10-17 21:15:59,078 [d2424f4d-20d2-4104-abcc-02e6288f3ffc@group-62509A8A5C15-LeaderElection222] INFO  impl.RoleInfo (RoleInfo.java:updateAndGet(143)) - d2424f4d-20d2-4104-abcc-02e6288f3ffc: start FollowerState
2019-10-17 21:15:59,194 [Thread-1691] INFO  impl.FollowerState (FollowerState.java:run(108)) - d2424f4d-20d2-4104-abcc-02e6288f3ffc@group-62509A8A5C15-FollowerState: change to CANDIDATE, lastRpcTime:116ms, electionTimeout:116ms
2019-10-17 21:15:59,195 [Thread-1691] INFO  impl.RoleInfo (RoleInfo.java:shutdownFollowerState(121)) - d2424f4d-20d2-4104-abcc-02e6288f3ffc: shutdown FollowerState
2019-10-17 21:15:59,195 [Thread-1691] INFO  impl.RaftServerImpl (RaftServerImpl.java:setRole(184)) - d2424f4d-20d2-4104-abcc-02e6288f3ffc@group-62509A8A5C15: changes role from  FOLLOWER to CANDIDATE at term 237 for changeToCandidate
2019-10-17 21:15:59,195 [Thread-1691] INFO  impl.RoleInfo (RoleInfo.java:updateAndGet(143)) - d2424f4d-20d2-4104-abcc-02e6288f3ffc: start LeaderElection
2019-10-17 21:15:59,210 [d2424f4d-20d2-4104-abcc-02e6288f3ffc@group-62509A8A5C15-LeaderElection223] INFO  impl.LeaderElection (LeaderElection.java:askForVotes(178)) - d2424f4d-20d2-4104-abcc-02e6288f3ffc@group-62509A8A5C15-LeaderElection223: begin an election at term 238 for -1: [3909bd6a-278d-4911-9d70-32680c972d02:192.168.157.223:33343, d2424f4d-20d2-4104-abcc-02e6288f3ffc:192.168.157.223:39352, 7c510082-4284-44ef-8cd9-bb38fb15579f:192.168.157.223:33098], old=null
2019-10-17 21:15:59,213 [grpc-default-executor-2] INFO  impl.RaftServerImpl (RaftServerImpl.java:setRole(184)) - 3909bd6a-278d-4911-9d70-32680c972d02@group-62509A8A5C15: changes role from  FOLLOWER to FOLLOWER at term 238 for recognizeCandidate:d2424f4d-20d2-4104-abcc-02e6288f3ffc
2019-10-17 21:15:59,213 [grpc-default-executor-2] INFO  impl.RoleInfo (RoleInfo.java:shutdownFollowerState(121)) - 3909bd6a-278d-4911-9d70-32680c972d02: shutdown FollowerState
2019-10-17 21:15:59,213 [grpc-default-executor-6] INFO  impl.RaftServerImpl (RaftServerImpl.java:setRole(184)) - 7c510082-4284-44ef-8cd9-bb38fb15579f@group-62509A8A5C15: changes role from  FOLLOWER to FOLLOWER at term 238 for recognizeCandidate:d2424f4d-20d2-4104-abcc-02e6288f3ffc
2019-10-17 21:15:59,213 [Thread-1690] INFO  impl.FollowerState (FollowerState.java:run(117)) - 3909bd6a-278d-4911-9d70-32680c972d02@group-62509A8A5C15-FollowerState was interrupted: java.lang.InterruptedException: sleep interrupted
2019-10-17 21:15:59,213 [grpc-default-executor-2] INFO  impl.RoleInfo (RoleInfo.java:updateAndGet(143)) - 3909bd6a-278d-4911-9d70-32680c972d02: start FollowerState
2019-10-17 21:15:59,213 [grpc-default-executor-6] INFO  impl.RoleInfo (RoleInfo.java:shutdownFollowerState(121)) - 7c510082-4284-44ef-8cd9-bb38fb15579f: shutdown FollowerState
2019-10-17 21:15:59,214 [grpc-default-executor-6] INFO  impl.RoleInfo (RoleInfo.java:updateAndGet(143)) - 7c510082-4284-44ef-8cd9-bb38fb15579f: start FollowerState
2019-10-17 21:15:59,214 [Thread-1689] INFO  impl.FollowerState (FollowerState.java:run(117)) - 7c510082-4284-44ef-8cd9-bb38fb15579f@group-62509A8A5C15-FollowerState was interrupted: java.lang.InterruptedException: sleep interrupted
2019-10-17 21:15:59,234 [d2424f4d-20d2-4104-abcc-02e6288f3ffc@group-62509A8A5C15-LeaderElection223] INFO  impl.LeaderElection (LeaderElection.java:logAndReturn(56)) - d2424f4d-20d2-4104-abcc-02e6288f3ffc@group-62509A8A5C15-LeaderElection223: Election TIMEOUT; received 0 response(s) [] and 0 exception(s); d2424f4d-20d2-4104-abcc-02e6288f3ffc@group-62509A8A5C15:t238, leader=null, voted=d2424f4d-20d2-4104-abcc-02e6288f3ffc, raftlog=d2424f4d-20d2-4104-abcc-02e6288f3ffc@group-62509A8A5C15-SegmentedRaftLog:OPENED:c-1,f-1,i0, conf=-1: [3909bd6a-278d-4911-9d70-32680c972d02:192.168.157.223:33343, d2424f4d-20d2-4104-abcc-02e6288f3ffc:192.168.157.223:39352, 7c510082-4284-44ef-8cd9-bb38fb15579f:192.168.157.223:33098], old=null
2019-10-17 21:15:59,243 [d2424f4d-20d2-4104-abcc-02e6288f3ffc@group-62509A8A5C15-LeaderElection223] INFO  impl.LeaderElection (LeaderElection.java:askForVotes(178)) - d2424f4d-20d2-4104-abcc-02e6288f3ffc@group-62509A8A5C15-LeaderElection223: begin an election at term 239 for -1: [3909bd6a-278d-4911-9d70-32680c972d02:192.168.157.223:33343, d2424f4d-20d2-4104-abcc-02e6288f3ffc:192.168.157.223:39352, 7c510082-4284-44ef-8cd9-bb38fb15579f:192.168.157.223:33098], old=null
2019-10-17 21:15:59,244 [grpc-default-executor-2] INFO  impl.RaftServerImpl (RaftServerImpl.java:setRole(184)) - 3909bd6a-278d-4911-9d70-32680c972d02@group-62509A8A5C15: changes role from  FOLLOWER to FOLLOWER at term 239 for recognizeCandidate:d2424f4d-20d2-4104-abcc-02e6288f3ffc
2019-10-17 21:15:59,245 [grpc-default-executor-2] INFO  impl.RoleInfo (RoleInfo.java:shutdownFollowerState(121)) - 3909bd6a-278d-4911-9d70-32680c972d02: shutdown FollowerState
2019-10-17 21:15:59,245 [grpc-default-executor-2] INFO  impl.RoleInfo (RoleInfo.java:updateAndGet(143)) - 3909bd6a-278d-4911-9d70-32680c972d02: start FollowerState
2019-10-17 21:15:59,245 [grpc-default-executor-6] INFO  impl.RaftServerImpl (RaftServerImpl.java:setRole(184)) - 7c510082-4284-44ef-8cd9-bb38fb15579f@group-62509A8A5C15: changes role from  FOLLOWER to FOLLOWER at term 239 for recognizeCandidate:d2424f4d-20d2-4104-abcc-02e6288f3ffc
2019-10-17 21:15:59,245 [grpc-default-executor-6] INFO  impl.RoleInfo (RoleInfo.java:shutdownFollowerState(121)) - 7c510082-4284-44ef-8cd9-bb38fb15579f: shutdown FollowerState
2019-10-17 21:15:59,245 [Thread-1695] INFO  impl.FollowerState (FollowerState.java:run(117)) - 3909bd6a-278d-4911-9d70-32680c972d02@group-62509A8A5C15-FollowerState was interrupted: java.lang.InterruptedException: sleep interrupted
2019-10-17 21:15:59,245 [Thread-1696] INFO  impl.FollowerState (FollowerState.java:run(117)) - 7c510082-4284-44ef-8cd9-bb38fb15579f@group-62509A8A5C15-FollowerState was interrupted: java.lang.InterruptedException: sleep interrupted
2019-10-17 21:15:59,245 [grpc-default-executor-6] INFO  impl.RoleInfo (RoleInfo.java:updateAndGet(143)) - 7c510082-4284-44ef-8cd9-bb38fb15579f: start FollowerState
2019-10-17 21:15:59,259 [d2424f4d-20d2-4104-abcc-02e6288f3ffc@group-62509A8A5C15-LeaderElection223] INFO  impl.LeaderElection (LeaderElection.java:logAndReturn(56)) - d2424f4d-20d2-4104-abcc-02e6288f3ffc@group-62509A8A5C15-LeaderElection223: Election REJECTED; received 2 response(s) [d2424f4d-20d2-4104-abcc-02e6288f3ffc<-3909bd6a-278d-4911-9d70-32680c972d02#0:FAIL-t239, d2424f4d-20d2-4104-abcc-02e6288f3ffc<-7c510082-4284-44ef-8cd9-bb38fb15579f#0:FAIL-t239] and 0 exception(s); d2424f4d-20d2-4104-abcc-02e6288f3ffc@group-62509A8A5C15:t239, leader=null, voted=d2424f4d-20d2-4104-abcc-02e6288f3ffc, raftlog=d2424f4d-20d2-4104-abcc-02e6288f3ffc@group-62509A8A5C15-SegmentedRaftLog:OPENED:c-1,f-1,i0, conf=-1: [3909bd6a-278d-4911-9d70-32680c972d02:192.168.157.223:33343, d2424f4d-20d2-4104-abcc-02e6288f3ffc:192.168.157.223:39352, 7c510082-4284-44ef-8cd9-bb38fb15579f:192.168.157.223:33098], old=null
2019-10-17 21:15:59,259 [d2424f4d-20d2-4104-abcc-02e6288f3ffc@group-62509A8A5C15-LeaderElection223] INFO  impl.RaftServerImpl (RaftServerImpl.java:setRole(184)) - d2424f4d-20d2-4104-abcc-02e6288f3ffc@group-62509A8A5C15: changes role from CANDIDATE to FOLLOWER at term 239 for DISCOVERED_A_NEW_TERM
2019-10-17 21:15:59,259 [d2424f4d-20d2-4104-abcc-02e6288f3ffc@group-62509A8A5C15-LeaderElection223] INFO  impl.RoleInfo (RoleInfo.java:shutdownLeaderElection(134)) - d2424f4d-20d2-4104-abcc-02e6288f3ffc: shutdown LeaderElection
2019-10-17 21:15:59,259 [d2424f4d-20d2-4104-abcc-02e6288f3ffc@group-62509A8A5C15-LeaderElection223] INFO  impl.RoleInfo (RoleInfo.java:updateAndGet(143)) - d2424f4d-20d2-4104-abcc-02e6288f3ffc: start FollowerState
2019-10-17 21:15:59,376 [Thread-1701] INFO  impl.FollowerState (FollowerState.java:run(108)) - d2424f4d-20d2-4104-abcc-02e6288f3ffc@group-62509A8A5C15-FollowerState: change to CANDIDATE, lastRpcTime:116ms, electionTimeout:116ms
2019-10-17 21:15:59,376 [Thread-1701] INFO  impl.RoleInfo (RoleInfo.java:shutdownFollowerState(121)) - d2424f4d-20d2-4104-abcc-02e6288f3ffc: shutdown FollowerState
2019-10-17 21:15:59,376 [Thread-1701] INFO  impl.RaftServerImpl (RaftServerImpl.java:setRole(184)) - d2424f4d-20d2-4104-abcc-02e6288f3ffc@group-62509A8A5C15: changes role from  FOLLOWER to CANDIDATE at term 239 for changeToCandidate
2019-10-17 21:15:59,376 [Thread-1701] INFO  impl.RoleInfo (RoleInfo.java:updateAndGet(143)) - d2424f4d-20d2-4104-abcc-02e6288f3ffc: start LeaderElection
2019-10-17 21:15:59,402 [d2424f4d-20d2-4104-abcc-02e6288f3ffc@group-62509A8A5C15-LeaderElection224] INFO  impl.LeaderElection (LeaderElection.java:askForVotes(178)) - d2424f4d-20d2-4104-abcc-02e6288f3ffc@group-62509A8A5C15-LeaderElection224: begin an election at term 240 for -1: [3909bd6a-278d-4911-9d70-32680c972d02:192.168.157.223:33343, d2424f4d-20d2-4104-abcc-02e6288f3ffc:192.168.157.223:39352, 7c510082-4284-44ef-8cd9-bb38fb15579f:192.168.157.223:33098], old=null
2019-10-17 21:15:59,404 [grpc-default-executor-6] INFO  impl.RaftServerImpl (RaftServerImpl.java:setRole(184)) - 3909bd6a-278d-4911-9d70-32680c972d02@group-62509A8A5C15: changes role from  FOLLOWER to FOLLOWER at term 240 for recognizeCandidate:d2424f4d-20d2-4104-abcc-02e6288f3ffc
2019-10-17 21:15:59,404 [grpc-default-executor-2] INFO  impl.RaftServerImpl (RaftServerImpl.java:setRole(184)) - 7c510082-4284-44ef-8cd9-bb38fb15579f@group-62509A8A5C15: changes role from  FOLLOWER to FOLLOWER at term 240 for recognizeCandidate:d2424f4d-20d2-4104-abcc-02e6288f3ffc
2019-10-17 21:15:59,404 [grpc-default-executor-6] INFO  impl.RoleInfo (RoleInfo.java:shutdownFollowerState(121)) - 3909bd6a-278d-4911-9d70-32680c972d02: shutdown FollowerState
2019-10-17 21:15:59,405 [grpc-default-executor-2] INFO  impl.RoleInfo (RoleInfo.java:shutdownFollowerState(121)) - 7c510082-4284-44ef-8cd9-bb38fb15579f: shutdown FollowerState
2019-10-17 21:15:59,405 [Thread-1699] INFO  impl.FollowerState (FollowerState.java:run(117)) - 3909bd6a-278d-4911-9d70-32680c972d02@group-62509A8A5C15-FollowerState was interrupted: java.lang.InterruptedException: sleep interrupted
2019-10-17 21:15:59,405 [grpc-default-executor-6] INFO  impl.RoleInfo (RoleInfo.java:updateAndGet(143)) - 3909bd6a-278d-4911-9d70-32680c972d02: start FollowerState
2019-10-17 21:15:59,405 [Thread-1700] INFO  impl.FollowerState (FollowerState.java:run(117)) - 7c510082-4284-44ef-8cd9-bb38fb15579f@group-62509A8A5C15-FollowerState was interrupted: java.lang.InterruptedException: sleep interrupted
2019-10-17 21:15:59,405 [grpc-default-executor-2] INFO  impl.RoleInfo (RoleInfo.java:updateAndGet(143)) - 7c510082-4284-44ef-8cd9-bb38fb15579f: start FollowerState
2019-10-17 21:15:59,420 [d2424f4d-20d2-4104-abcc-02e6288f3ffc@group-62509A8A5C15-LeaderElection224] INFO  impl.LeaderElection (LeaderElection.java:logAndReturn(56)) - d2424f4d-20d2-4104-abcc-02e6288f3ffc@group-62509A8A5C15-LeaderElection224: Election REJECTED; received 2 response(s) [d2424f4d-20d2-4104-abcc-02e6288f3ffc<-3909bd6a-278d-4911-9d70-32680c972d02#0:FAIL-t240, d2424f4d-20d2-4104-abcc-02e6288f3ffc<-7c510082-4284-44ef-8cd9-bb38fb15579f#0:FAIL-t240] and 0 exception(s); d2424f4d-20d2-4104-abcc-02e6288f3ffc@group-62509A8A5C15:t240, leader=null, voted=d2424f4d-20d2-4104-abcc-02e6288f3ffc, raftlog=d2424f4d-20d2-4104-abcc-02e6288f3ffc@group-62509A8A5C15-SegmentedRaftLog:OPENED:c-1,f-1,i0, conf=-1: [3909bd6a-278d-4911-9d70-32680c972d02:192.168.157.223:33343, d2424f4d-20d2-4104-abcc-02e6288f3ffc:192.168.157.223:39352, 7c510082-4284-44ef-8cd9-bb38fb15579f:192.168.157.223:33098], old=null
2019-10-17 21:15:59,420 [d2424f4d-20d2-4104-abcc-02e6288f3ffc@group-62509A8A5C15-LeaderElection224] INFO  impl.RaftServerImpl (RaftServerImpl.java:setRole(184)) - d2424f4d-20d2-4104-abcc-02e6288f3ffc@group-62509A8A5C15: changes role from CANDIDATE to FOLLOWER at term 240 for DISCOVERED_A_NEW_TERM
2019-10-17 21:15:59,420 [d2424f4d-20d2-4104-abcc-02e6288f3ffc@group-62509A8A5C15-LeaderElection224] INFO  impl.RoleInfo (RoleInfo.java:shutdownLeaderElection(134)) - d2424f4d-20d2-4104-abcc-02e6288f3ffc: shutdown LeaderElection
2019-10-17 21:15:59,421 [d2424f4d-20d2-4104-abcc-02e6288f3ffc@group-62509A8A5C15-LeaderElection224] INFO  impl.RoleInfo (RoleInfo.java:updateAndGet(143)) - d2424f4d-20d2-4104-abcc-02e6288f3ffc: start FollowerState
2019-10-17 21:15:59,476 [Thread-1707] INFO  impl.FollowerState (FollowerState.java:run(108)) - d2424f4d-20d2-4104-abcc-02e6288f3ffc@group-62509A8A5C15-FollowerState: change to CANDIDATE, lastRpcTime:55ms, electionTimeout:55ms
2019-10-17 21:15:59,476 [Thread-1707] INFO  impl.RoleInfo (RoleInfo.java:shutdownFollowerState(121)) - d2424f4d-20d2-4104-abcc-02e6288f3ffc: shutdown FollowerState
2019-10-17 21:15:59,476 [Thread-1707] INFO  impl.RaftServerImpl (RaftServerImpl.java:setRole(184)) - d2424f4d-20d2-4104-abcc-02e6288f3ffc@group-62509A8A5C15: changes role from  FOLLOWER to CANDIDATE at term 240 for changeToCandidate
2019-10-17 21:15:59,478 [Thread-1707] INFO  impl.RoleInfo (RoleInfo.java:updateAndGet(143)) - d2424f4d-20d2-4104-abcc-02e6288f3ffc: start LeaderElection
2019-10-17 21:15:59,493 [d2424f4d-20d2-4104-abcc-02e6288f3ffc@group-62509A8A5C15-LeaderElection225] INFO  impl.LeaderElection (LeaderElection.java:askForVotes(178)) - d2424f4d-20d2-4104-abcc-02e6288f3ffc@group-62509A8A5C15-LeaderElection225: begin an election at term 241 for -1: [3909bd6a-278d-4911-9d70-32680c972d02:192.168.157.223:33343, d2424f4d-20d2-4104-abcc-02e6288f3ffc:192.168.157.223:39352, 7c510082-4284-44ef-8cd9-bb38fb15579f:192.168.157.223:33098], old=null
2019-10-17 21:15:59,495 [grpc-default-executor-6] INFO  impl.RaftServerImpl (RaftServerImpl.java:setRole(184)) - 7c510082-4284-44ef-8cd9-bb38fb15579f@group-62509A8A5C15: changes role from  FOLLOWER to FOLLOWER at term 241 for recognizeCandidate:d2424f4d-20d2-4104-abcc-02e6288f3ffc
2019-10-17 21:15:59,495 [grpc-default-executor-6] INFO  impl.RoleInfo (RoleInfo.java:shutdownFollowerState(121)) - 7c510082-4284-44ef-8cd9-bb38fb15579f: shutdown FollowerState
2019-10-17 21:15:59,495 [grpc-default-executor-2] INFO  impl.RaftServerImpl (RaftServerImpl.java:setRole(184)) - 3909bd6a-278d-4911-9d70-32680c972d02@group-62509A8A5C15: changes role from  FOLLOWER to FOLLOWER at term 241 for recognizeCandidate:d2424f4d-20d2-4104-abcc-02e6288f3ffc
2019-10-17 21:15:59,496 [grpc-default-executor-2] INFO  impl.RoleInfo (RoleInfo.java:shutdownFollowerState(121)) - 3909bd6a-278d-4911-9d70-32680c972d02: shutdown FollowerState
2019-10-17 21:15:59,496 [Thread-1706] INFO  impl.FollowerState (FollowerState.java:run(117)) - 7c510082-4284-44ef-8cd9-bb38fb15579f@group-62509A8A5C15-FollowerState was interrupted: java.lang.InterruptedException: sleep interrupted
2019-10-17 21:15:59,496 [grpc-default-executor-6] INFO  impl.RoleInfo (RoleInfo.java:updateAndGet(143)) - 7c510082-4284-44ef-8cd9-bb38fb15579f: start FollowerState
2019-10-17 21:15:59,496 [Thread-1705] INFO  impl.FollowerState (FollowerState.java:run(117)) - 3909bd6a-278d-4911-9d70-32680c972d02@group-62509A8A5C15-FollowerState was interrupted: java.lang.InterruptedException: sleep interrupted
2019-10-17 21:15:59,496 [grpc-default-executor-2] INFO  impl.RoleInfo (RoleInfo.java:updateAndGet(143)) - 3909bd6a-278d-4911-9d70-32680c972d02: start FollowerState
2019-10-17 21:15:59,500 [d2424f4d-20d2-4104-abcc-02e6288f3ffc@group-62509A8A5C15-LeaderElection225] INFO  impl.LeaderElection (LeaderElection.java:logAndReturn(56)) - d2424f4d-20d2-4104-abcc-02e6288f3ffc@group-62509A8A5C15-LeaderElection225: Election TIMEOUT; received 0 response(s) [] and 0 exception(s); d2424f4d-20d2-4104-abcc-02e6288f3ffc@group-62509A8A5C15:t241, leader=null, voted=d2424f4d-20d2-4104-abcc-02e6288f3ffc, raftlog=d2424f4d-20d2-4104-abcc-02e6288f3ffc@group-62509A8A5C15-SegmentedRaftLog:OPENED:c-1,f-1,i0, conf=-1: [3909bd6a-278d-4911-9d70-32680c972d02:192.168.157.223:33343, d2424f4d-20d2-4104-abcc-02e6288f3ffc:192.168.157.223:39352, 7c510082-4284-44ef-8cd9-bb38fb15579f:192.168.157.223:33098], old=null
2019-10-17 21:15:59,510 [d2424f4d-20d2-4104-abcc-02e6288f3ffc@group-62509A8A5C15-LeaderElection225] INFO  impl.LeaderElection (LeaderElection.java:askForVotes(178)) - d2424f4d-20d2-4104-abcc-02e6288f3ffc@group-62509A8A5C15-LeaderElection225: begin an election at term 242 for -1: [3909bd6a-278d-4911-9d70-32680c972d02:192.168.157.223:33343, d2424f4d-20d2-4104-abcc-02e6288f3ffc:192.168.157.223:39352, 7c510082-4284-44ef-8cd9-bb38fb15579f:192.168.157.223:33098], old=null
2019-10-17 21:15:59,512 [grpc-default-executor-2] INFO  impl.RaftServerImpl (RaftServerImpl.java:setRole(184)) - 3909bd6a-278d-4911-9d70-32680c972d02@group-62509A8A5C15: changes role from  FOLLOWER to FOLLOWER at term 242 for recognizeCandidate:d2424f4d-20d2-4104-abcc-02e6288f3ffc
2019-10-17 21:15:59,512 [grpc-default-executor-2] INFO  impl.RoleInfo (RoleInfo.java:shutdownFollowerState(121)) - 3909bd6a-278d-4911-9d70-32680c972d02: shutdown FollowerState
2019-10-17 21:15:59,512 [grpc-default-executor-2] INFO  impl.RoleInfo (RoleInfo.java:updateAndGet(143)) - 3909bd6a-278d-4911-9d70-32680c972d02: start FollowerState
2019-10-17 21:15:59,512 [Thread-1712] INFO  impl.FollowerState (FollowerState.java:run(117)) - 3909bd6a-278d-4911-9d70-32680c972d02@group-62509A8A5C15-FollowerState was interrupted: java.lang.InterruptedException: sleep interrupted
2019-10-17 21:15:59,513 [grpc-default-executor-6] INFO  impl.RaftServerImpl (RaftServerImpl.java:setRole(184)) - 7c510082-4284-44ef-8cd9-bb38fb15579f@group-62509A8A5C15: changes role from  FOLLOWER to FOLLOWER at term 242 for recognizeCandidate:d2424f4d-20d2-4104-abcc-02e6288f3ffc
2019-10-17 21:15:59,513 [grpc-default-executor-6] INFO  impl.RoleInfo (RoleInfo.java:shutdownFollowerState(121)) - 7c510082-4284-44ef-8cd9-bb38fb15579f: shutdown FollowerState
2019-10-17 21:15:59,513 [grpc-default-executor-6] INFO  impl.RoleInfo (RoleInfo.java:updateAndGet(143)) - 7c510082-4284-44ef-8cd9-bb38fb15579f: start FollowerState
2019-10-17 21:15:59,513 [Thread-1711] INFO  impl.FollowerState (FollowerState.java:run(117)) - 7c510082-4284-44ef-8cd9-bb38fb15579f@group-62509A8A5C15-FollowerState was interrupted: java.lang.InterruptedException: sleep interrupted
2019-10-17 21:15:59,555 [d2424f4d-20d2-4104-abcc-02e6288f3ffc@group-62509A8A5C15-LeaderElection225] INFO  impl.LeaderElection (LeaderElection.java:logAndReturn(56)) - d2424f4d-20d2-4104-abcc-02e6288f3ffc@group-62509A8A5C15-LeaderElection225: Election REJECTED; received 2 response(s) [d2424f4d-20d2-4104-abcc-02e6288f3ffc<-3909bd6a-278d-4911-9d70-32680c972d02#0:FAIL-t242, d2424f4d-20d2-4104-abcc-02e6288f3ffc<-7c510082-4284-44ef-8cd9-bb38fb15579f#0:FAIL-t242] and 0 exception(s); d2424f4d-20d2-4104-abcc-02e6288f3ffc@group-62509A8A5C15:t242, leader=null, voted=d2424f4d-20d2-4104-abcc-02e6288f3ffc, raftlog=d2424f4d-20d2-4104-abcc-02e6288f3ffc@group-62509A8A5C15-SegmentedRaftLog:OPENED:c-1,f-1,i0, conf=-1: [3909bd6a-278d-4911-9d70-32680c972d02:192.168.157.223:33343, d2424f4d-20d2-4104-abcc-02e6288f3ffc:192.168.157.223:39352, 7c510082-4284-44ef-8cd9-bb38fb15579f:192.168.157.223:33098], old=null
2019-10-17 21:15:59,556 [d2424f4d-20d2-4104-abcc-02e6288f3ffc@group-62509A8A5C15-LeaderElection225] INFO  impl.RaftServerImpl (RaftServerImpl.java:setRole(184)) - d2424f4d-20d2-4104-abcc-02e6288f3ffc@group-62509A8A5C15: changes role from CANDIDATE to FOLLOWER at term 242 for DISCOVERED_A_NEW_TERM
2019-10-17 21:15:59,556 [d2424f4d-20d2-4104-abcc-02e6288f3ffc@group-62509A8A5C15-LeaderElection225] INFO  impl.RoleInfo (RoleInfo.java:shutdownLeaderElection(134)) - d2424f4d-20d2-4104-abcc-02e6288f3ffc: shutdown LeaderElection
2019-10-17 21:15:59,556 [d2424f4d-20d2-4104-abcc-02e6288f3ffc@group-62509A8A5C15-LeaderElection225] INFO  impl.RoleInfo (RoleInfo.java:updateAndGet(143)) - d2424f4d-20d2-4104-abcc-02e6288f3ffc: start FollowerState
2019-10-17 21:15:59,672 [Thread-1717] INFO  impl.FollowerState (FollowerState.java:run(108)) - d2424f4d-20d2-4104-abcc-02e6288f3ffc@group-62509A8A5C15-FollowerState: change to CANDIDATE, lastRpcTime:115ms, electionTimeout:115ms
2019-10-17 21:15:59,672 [Thread-1717] INFO  impl.RoleInfo (RoleInfo.java:shutdownFollowerState(121)) - d2424f4d-20d2-4104-abcc-02e6288f3ffc: shutdown FollowerState
2019-10-17 21:15:59,672 [Thread-1717] INFO  impl.RaftServerImpl (RaftServerImpl.java:setRole(184)) - d2424f4d-20d2-4104-abcc-02e6288f3ffc@group-62509A8A5C15: changes role from  FOLLOWER to CANDIDATE at term 242 for changeToCandidate
2019-10-17 21:15:59,672 [Thread-1717] INFO  impl.RoleInfo (RoleInfo.java:updateAndGet(143)) - d2424f4d-20d2-4104-abcc-02e6288f3ffc: start LeaderElection
2019-10-17 21:15:59,686 [d2424f4d-20d2-4104-abcc-02e6288f3ffc@group-62509A8A5C15-LeaderElection226] INFO  impl.LeaderElection (LeaderElection.java:askForVotes(178)) - d2424f4d-20d2-4104-abcc-02e6288f3ffc@group-62509A8A5C15-LeaderElection226: begin an election at term 243 for -1: [3909bd6a-278d-4911-9d70-32680c972d02:192.168.157.223:33343, d2424f4d-20d2-4104-abcc-02e6288f3ffc:192.168.157.223:39352, 7c510082-4284-44ef-8cd9-bb38fb15579f:192.168.157.223:33098], old=null
2019-10-17 21:15:59,688 [grpc-default-executor-6] INFO  impl.RaftServerImpl (RaftServerImpl.java:setRole(184)) - 7c510082-4284-44ef-8cd9-bb38fb15579f@group-62509A8A5C15: changes role from  FOLLOWER to FOLLOWER at term 243 for recognizeCandidate:d2424f4d-20d2-4104-abcc-02e6288f3ffc
2019-10-17 21:15:59,688 [grpc-default-executor-6] INFO  impl.RoleInfo (RoleInfo.java:shutdownFollowerState(121)) - 7c510082-4284-44ef-8cd9-bb38fb15579f: shutdown FollowerState
2019-10-17 21:15:59,688 [grpc-default-executor-2] INFO  impl.RaftServerImpl (RaftServerImpl.java:setRole(184)) - 3909bd6a-278d-4911-9d70-32680c972d02@group-62509A8A5C15: changes role from  FOLLOWER to FOLLOWER at term 243 for recognizeCandidate:d2424f4d-20d2-4104-abcc-02e6288f3ffc
2019-10-17 21:15:59,688 [Thread-1716] INFO  impl.FollowerState (FollowerState.java:run(117)) - 7c510082-4284-44ef-8cd9-bb38fb15579f@group-62509A8A5C15-FollowerState was interrupted: java.lang.InterruptedException: sleep interrupted
2019-10-17 21:15:59,688 [grpc-default-executor-6] INFO  impl.RoleInfo (RoleInfo.java:updateAndGet(143)) - 7c510082-4284-44ef-8cd9-bb38fb15579f: start FollowerState
2019-10-17 21:15:59,689 [grpc-default-executor-2] INFO  impl.RoleInfo (RoleInfo.java:shutdownFollowerState(121)) - 3909bd6a-278d-4911-9d70-32680c972d02: shutdown FollowerState
2019-10-17 21:15:59,689 [Thread-1715] INFO  impl.FollowerState (FollowerState.java:run(117)) - 3909bd6a-278d-4911-9d70-32680c972d02@group-62509A8A5C15-FollowerState was interrupted: java.lang.InterruptedException: sleep interrupted
2019-10-17 21:15:59,689 [grpc-default-executor-2] INFO  impl.RoleInfo (RoleInfo.java:updateAndGet(143)) - 3909bd6a-278d-4911-9d70-32680c972d02: start FollowerState
2019-10-17 21:15:59,715 [d2424f4d-20d2-4104-abcc-02e6288f3ffc@group-62509A8A5C15-LeaderElection226] INFO  impl.LeaderElection (LeaderElection.java:logAndReturn(56)) - d2424f4d-20d2-4104-abcc-02e6288f3ffc@group-62509A8A5C15-LeaderElection226: Election REJECTED; received 2 response(s) [d2424f4d-20d2-4104-abcc-02e6288f3ffc<-3909bd6a-278d-4911-9d70-32680c972d02#0:FAIL-t243, d2424f4d-20d2-4104-abcc-02e6288f3ffc<-7c510082-4284-44ef-8cd9-bb38fb15579f#0:FAIL-t243] and 0 exception(s); d2424f4d-20d2-4104-abcc-02e6288f3ffc@group-62509A8A5C15:t243, leader=null, voted=d2424f4d-20d2-4104-abcc-02e6288f3ffc, raftlog=d2424f4d-20d2-4104-abcc-02e6288f3ffc@group-62509A8A5C15-SegmentedRaftLog:OPENED:c-1,f-1,i0, conf=-1: [3909bd6a-278d-4911-9d70-32680c972d02:192.168.157.223:33343, d2424f4d-20d2-4104-abcc-02e6288f3ffc:192.168.157.223:39352, 7c510082-4284-44ef-8cd9-bb38fb15579f:192.168.157.223:33098], old=null
2019-10-17 21:15:59,715 [d2424f4d-20d2-4104-abcc-02e6288f3ffc@group-62509A8A5C15-LeaderElection226] INFO  impl.RaftServerImpl (RaftServerImpl.java:setRole(184)) - d2424f4d-20d2-4104-abcc-02e6288f3ffc@group-62509A8A5C15: changes role from CANDIDATE to FOLLOWER at term 243 for DISCOVERED_A_NEW_TERM
2019-10-17 21:15:59,715 [d2424f4d-20d2-4104-abcc-02e6288f3ffc@group-62509A8A5C15-LeaderElection226] INFO  impl.RoleInfo (RoleInfo.java:shutdownLeaderElection(134)) - d2424f4d-20d2-4104-abcc-02e6288f3ffc: shutdown LeaderElection
2019-10-17 21:15:59,716 [d2424f4d-20d2-4104-abcc-02e6288f3ffc@group-62509A8A5C15-LeaderElection226] INFO  impl.RoleInfo (RoleInfo.java:updateAndGet(143)) - d2424f4d-20d2-4104-abcc-02e6288f3ffc: start FollowerState
2019-10-17 21:15:59,881 [Thread-1723] INFO  impl.FollowerState (FollowerState.java:run(108)) - d2424f4d-20d2-4104-abcc-02e6288f3ffc@group-62509A8A5C15-FollowerState: change to CANDIDATE, lastRpcTime:165ms, electionTimeout:165ms
2019-10-17 21:15:59,881 [Thread-1723] INFO  impl.RoleInfo (RoleInfo.java:shutdownFollowerState(121)) - d2424f4d-20d2-4104-abcc-02e6288f3ffc: shutdown FollowerState
2019-10-17 21:15:59,881 [Thread-1723] INFO  impl.RaftServerImpl (RaftServerImpl.java:setRole(184)) - d2424f4d-20d2-4104-abcc-02e6288f3ffc@group-62509A8A5C15: changes role from  FOLLOWER to CANDIDATE at term 243 for changeToCandidate
2019-10-17 21:15:59,881 [Thread-1723] INFO  impl.RoleInfo (RoleInfo.java:updateAndGet(143)) - d2424f4d-20d2-4104-abcc-02e6288f3ffc: start LeaderElection
2019-10-17 21:15:59,895 [d2424f4d-20d2-4104-abcc-02e6288f3ffc@group-62509A8A5C15-LeaderElection227] INFO  impl.LeaderElection (LeaderElection.java:askForVotes(178)) - d2424f4d-20d2-4104-abcc-02e6288f3ffc@group-62509A8A5C15-LeaderElection227: begin an election at term 244 for -1: [3909bd6a-278d-4911-9d70-32680c972d02:192.168.157.223:33343, d2424f4d-20d2-4104-abcc-02e6288f3ffc:192.168.157.223:39352, 7c510082-4284-44ef-8cd9-bb38fb15579f:192.168.157.223:33098], old=null
2019-10-17 21:15:59,897 [grpc-default-executor-6] INFO  impl.RaftServerImpl (RaftServerImpl.java:setRole(184)) - 7c510082-4284-44ef-8cd9-bb38fb15579f@group-62509A8A5C15: changes role from  FOLLOWER to FOLLOWER at term 244 for recognizeCandidate:d2424f4d-20d2-4104-abcc-02e6288f3ffc
2019-10-17 21:15:59,897 [grpc-default-executor-6] INFO  impl.RoleInfo (RoleInfo.java:shutdownFollowerState(121)) - 7c510082-4284-44ef-8cd9-bb38fb15579f: shutdown FollowerState
2019-10-17 21:15:59,897 [grpc-default-executor-2] INFO  impl.RaftServerImpl (RaftServerImpl.java:setRole(184)) - 3909bd6a-278d-4911-9d70-32680c972d02@group-62509A8A5C15: changes role from  FOLLOWER to FOLLOWER at term 244 for recognizeCandidate:d2424f4d-20d2-4104-abcc-02e6288f3ffc
2019-10-17 21:15:59,898 [Thread-1721] INFO  impl.FollowerState (FollowerState.java:run(117)) - 7c510082-4284-44ef-8cd9-bb38fb15579f@group-62509A8A5C15-FollowerState was interrupted: java.lang.InterruptedException: sleep interrupted
2019-10-17 21:15:59,898 [grpc-default-executor-6] INFO  impl.RoleInfo (RoleInfo.java:updateAndGet(143)) - 7c510082-4284-44ef-8cd9-bb38fb15579f: start FollowerState
2019-10-17 21:15:59,898 [grpc-default-executor-2] INFO  impl.RoleInfo (RoleInfo.java:shutdownFollowerState(121)) - 3909bd6a-278d-4911-9d70-32680c972d02: shutdown FollowerState
2019-10-17 21:15:59,898 [grpc-default-executor-2] INFO  impl.RoleInfo (RoleInfo.java:updateAndGet(143)) - 3909bd6a-278d-4911-9d70-32680c972d02: start FollowerState
2019-10-17 21:15:59,898 [Thread-1722] INFO  impl.FollowerState (FollowerState.java:run(117)) - 3909bd6a-278d-4911-9d70-32680c972d02@group-62509A8A5C15-FollowerState was interrupted: java.lang.InterruptedException: sleep interrupted
2019-10-17 21:15:59,924 [d2424f4d-20d2-4104-abcc-02e6288f3ffc@group-62509A8A5C15-LeaderElection227] INFO  impl.LeaderElection (LeaderElection.java:logAndReturn(56)) - d2424f4d-20d2-4104-abcc-02e6288f3ffc@group-62509A8A5C15-LeaderElection227: Election REJECTED; received 2 response(s) [d2424f4d-20d2-4104-abcc-02e6288f3ffc<-3909bd6a-278d-4911-9d70-32680c972d02#0:FAIL-t244, d2424f4d-20d2-4104-abcc-02e6288f3ffc<-7c510082-4284-44ef-8cd9-bb38fb15579f#0:FAIL-t244] and 0 exception(s); d2424f4d-20d2-4104-abcc-02e6288f3ffc@group-62509A8A5C15:t244, leader=null, voted=d2424f4d-20d2-4104-abcc-02e6288f3ffc, raftlog=d2424f4d-20d2-4104-abcc-02e6288f3ffc@group-62509A8A5C15-SegmentedRaftLog:OPENED:c-1,f-1,i0, conf=-1: [3909bd6a-278d-4911-9d70-32680c972d02:192.168.157.223:33343, d2424f4d-20d2-4104-abcc-02e6288f3ffc:192.168.157.223:39352, 7c510082-4284-44ef-8cd9-bb38fb15579f:192.168.157.223:33098], old=null
2019-10-17 21:15:59,924 [d2424f4d-20d2-4104-abcc-02e6288f3ffc@group-62509A8A5C15-LeaderElection227] INFO  impl.RaftServerImpl (RaftServerImpl.java:setRole(184)) - d2424f4d-20d2-4104-abcc-02e6288f3ffc@group-62509A8A5C15: changes role from CANDIDATE to FOLLOWER at term 244 for DISCOVERED_A_NEW_TERM
2019-10-17 21:15:59,924 [d2424f4d-20d2-4104-abcc-02e6288f3ffc@group-62509A8A5C15-LeaderElection227] INFO  impl.RoleInfo (RoleInfo.java:shutdownLeaderElection(134)) - d2424f4d-20d2-4104-abcc-02e6288f3ffc: shutdown LeaderElection
2019-10-17 21:15:59,925 [d2424f4d-20d2-4104-abcc-02e6288f3ffc@group-62509A8A5C15-LeaderElection227] INFO  impl.RoleInfo (RoleInfo.java:updateAndGet(143)) - d2424f4d-20d2-4104-abcc-02e6288f3ffc: start FollowerState
2019-10-17 21:16:00,011 [Thread-1729] INFO  impl.FollowerState (FollowerState.java:run(108)) - d2424f4d-20d2-4104-abcc-02e6288f3ffc@group-62509A8A5C15-FollowerState: change to CANDIDATE, lastRpcTime:86ms, electionTimeout:86ms
2019-10-17 21:16:00,011 [Thread-1729] INFO  impl.RoleInfo (RoleInfo.java:shutdownFollowerState(121)) - d2424f4d-20d2-4104-abcc-02e6288f3ffc: shutdown FollowerState
2019-10-17 21:16:00,012 [Thread-1729] INFO  impl.RaftServerImpl (RaftServerImpl.java:setRole(184)) - d2424f4d-20d2-4104-abcc-02e6288f3ffc@group-62509A8A5C15: changes role from  FOLLOWER to CANDIDATE at term 244 for changeToCandidate
2019-10-17 21:16:00,013 [Thread-1729] INFO  impl.RoleInfo (RoleInfo.java:updateAndGet(143)) - d2424f4d-20d2-4104-abcc-02e6288f3ffc: start LeaderElection
2019-10-17 21:16:00,027 [d2424f4d-20d2-4104-abcc-02e6288f3ffc@group-62509A8A5C15-LeaderElection228] INFO  impl.LeaderElection (LeaderElection.java:askForVotes(178)) - d2424f4d-20d2-4104-abcc-02e6288f3ffc@group-62509A8A5C15-LeaderElection228: begin an election at term 245 for -1: [3909bd6a-278d-4911-9d70-32680c972d02:192.168.157.223:33343, d2424f4d-20d2-4104-abcc-02e6288f3ffc:192.168.157.223:39352, 7c510082-4284-44ef-8cd9-bb38fb15579f:192.168.157.223:33098], old=null
2019-10-17 21:16:00,029 [grpc-default-executor-6] INFO  impl.RaftServerImpl (RaftServerImpl.java:setRole(184)) - 3909bd6a-278d-4911-9d70-32680c972d02@group-62509A8A5C15: changes role from  FOLLOWER to FOLLOWER at term 245 for recognizeCandidate:d2424f4d-20d2-4104-abcc-02e6288f3ffc
2019-10-17 21:16:00,029 [grpc-default-executor-6] INFO  impl.RoleInfo (RoleInfo.java:shutdownFollowerState(121)) - 3909bd6a-278d-4911-9d70-32680c972d02: shutdown FollowerState
2019-10-17 21:16:00,029 [grpc-default-executor-6] INFO  impl.RoleInfo (RoleInfo.java:updateAndGet(143)) - 3909bd6a-278d-4911-9d70-32680c972d02: start FollowerState
2019-10-17 21:16:00,029 [Thread-1728] INFO  impl.FollowerState (FollowerState.java:run(117)) - 3909bd6a-278d-4911-9d70-32680c972d02@group-62509A8A5C15-FollowerState was interrupted: java.lang.InterruptedException: sleep interrupted
2019-10-17 21:16:00,029 [grpc-default-executor-2] INFO  impl.RaftServerImpl (RaftServerImpl.java:setRole(184)) - 7c510082-4284-44ef-8cd9-bb38fb15579f@group-62509A8A5C15: changes role from  FOLLOWER to FOLLOWER at term 245 for recognizeCandidate:d2424f4d-20d2-4104-abcc-02e6288f3ffc
2019-10-17 21:16:00,030 [grpc-default-executor-2] INFO  impl.RoleInfo (RoleInfo.java:shutdownFollowerState(121)) - 7c510082-4284-44ef-8cd9-bb38fb15579f: shutdown FollowerState
2019-10-17 21:16:00,030 [grpc-default-executor-2] INFO  impl.RoleInfo (RoleInfo.java:updateAndGet(143)) - 7c510082-4284-44ef-8cd9-bb38fb15579f: start FollowerState
2019-10-17 21:16:00,030 [Thread-1727] INFO  impl.FollowerState (FollowerState.java:run(117)) - 7c510082-4284-44ef-8cd9-bb38fb15579f@group-62509A8A5C15-FollowerState was interrupted: java.lang.InterruptedException: sleep interrupted
2019-10-17 21:16:00,055 [d2424f4d-20d2-4104-abcc-02e6288f3ffc@group-62509A8A5C15-LeaderElection228] INFO  impl.LeaderElection (LeaderElection.java:logAndReturn(56)) - d2424f4d-20d2-4104-abcc-02e6288f3ffc@group-62509A8A5C15-LeaderElection228: Election REJECTED; received 2 response(s) [d2424f4d-20d2-4104-abcc-02e6288f3ffc<-3909bd6a-278d-4911-9d70-32680c972d02#0:FAIL-t245, d2424f4d-20d2-4104-abcc-02e6288f3ffc<-7c510082-4284-44ef-8cd9-bb38fb15579f#0:FAIL-t245] and 0 exception(s); d2424f4d-20d2-4104-abcc-02e6288f3ffc@group-62509A8A5C15:t245, leader=null, voted=d2424f4d-20d2-4104-abcc-02e6288f3ffc, raftlog=d2424f4d-20d2-4104-abcc-02e6288f3ffc@group-62509A8A5C15-SegmentedRaftLog:OPENED:c-1,f-1,i0, conf=-1: [3909bd6a-278d-4911-9d70-32680c972d02:192.168.157.223:33343, d2424f4d-20d2-4104-abcc-02e6288f3ffc:192.168.157.223:39352, 7c510082-4284-44ef-8cd9-bb38fb15579f:192.168.157.223:33098], old=null
2019-10-17 21:16:00,055 [d2424f4d-20d2-4104-abcc-02e6288f3ffc@group-62509A8A5C15-LeaderElection228] INFO  impl.RaftServerImpl (RaftServerImpl.java:setRole(184)) - d2424f4d-20d2-4104-abcc-02e6288f3ffc@group-62509A8A5C15: changes role from CANDIDATE to FOLLOWER at term 245 for DISCOVERED_A_NEW_TERM
2019-10-17 21:16:00,056 [d2424f4d-20d2-4104-abcc-02e6288f3ffc@group-62509A8A5C15-LeaderElection228] INFO  impl.RoleInfo (RoleInfo.java:shutdownLeaderElection(134)) - d2424f4d-20d2-4104-abcc-02e6288f3ffc: shutdown LeaderElection
2019-10-17 21:16:00,056 [d2424f4d-20d2-4104-abcc-02e6288f3ffc@group-62509A8A5C15-LeaderElection228] INFO  impl.RoleInfo (RoleInfo.java:updateAndGet(143)) - d2424f4d-20d2-4104-abcc-02e6288f3ffc: start FollowerState
2019-10-17 21:16:00,195 [Thread-1737] INFO  impl.FollowerState (FollowerState.java:run(108)) - d2424f4d-20d2-4104-abcc-02e6288f3ffc@group-62509A8A5C15-FollowerState: change to CANDIDATE, lastRpcTime:139ms, electionTimeout:139ms
2019-10-17 21:16:00,195 [Thread-1737] INFO  impl.RoleInfo (RoleInfo.java:shutdownFollowerState(121)) - d2424f4d-20d2-4104-abcc-02e6288f3ffc: shutdown FollowerState
2019-10-17 21:16:00,195 [Thread-1737] INFO  impl.RaftServerImpl (RaftServerImpl.java:setRole(184)) - d2424f4d-20d2-4104-abcc-02e6288f3ffc@group-62509A8A5C15: changes role from  FOLLOWER to CANDIDATE at term 245 for changeToCandidate
2019-10-17 21:16:00,195 [Thread-1737] INFO  impl.RoleInfo (RoleInfo.java:updateAndGet(143)) - d2424f4d-20d2-4104-abcc-02e6288f3ffc: start LeaderElection
2019-10-17 21:16:00,210 [d2424f4d-20d2-4104-abcc-02e6288f3ffc@group-62509A8A5C15-LeaderElection229] INFO  impl.LeaderElection (LeaderElection.java:askForVotes(178)) - d2424f4d-20d2-4104-abcc-02e6288f3ffc@group-62509A8A5C15-LeaderElection229: begin an election at term 246 for -1: [3909bd6a-278d-4911-9d70-32680c972d02:192.168.157.223:33343, d2424f4d-20d2-4104-abcc-02e6288f3ffc:192.168.157.223:39352, 7c510082-4284-44ef-8cd9-bb38fb15579f:192.168.157.223:33098], old=null
2019-10-17 21:16:00,212 [grpc-default-executor-6] INFO  impl.RaftServerImpl (RaftServerImpl.java:setRole(184)) - 3909bd6a-278d-4911-9d70-32680c972d02@group-62509A8A5C15: changes role from  FOLLOWER to FOLLOWER at term 246 for recognizeCandidate:d2424f4d-20d2-4104-abcc-02e6288f3ffc
2019-10-17 21:16:00,212 [grpc-default-executor-6] INFO  impl.RoleInfo (RoleInfo.java:shutdownFollowerState(121)) - 3909bd6a-278d-4911-9d70-32680c972d02: shutdown FollowerState
2019-10-17 21:16:00,212 [grpc-default-executor-2] INFO  impl.RaftServerImpl (RaftServerImpl.java:setRole(184)) - 7c510082-4284-44ef-8cd9-bb38fb15579f@group-62509A8A5C15: changes role from  FOLLOWER to FOLLOWER at term 246 for recognizeCandidate:d2424f4d-20d2-4104-abcc-02e6288f3ffc
2019-10-17 21:16:00,212 [grpc-default-executor-2] INFO  impl.RoleInfo (RoleInfo.java:shutdownFollowerState(121)) - 7c510082-4284-44ef-8cd9-bb38fb15579f: shutdown FollowerState
2019-10-17 21:16:00,212 [Thread-1735] INFO  impl.FollowerState (FollowerState.java:run(117)) - 3909bd6a-278d-4911-9d70-32680c972d02@group-62509A8A5C15-FollowerState was interrupted: java.lang.InterruptedException: sleep interrupted
2019-10-17 21:16:00,212 [grpc-default-executor-6] INFO  impl.RoleInfo (RoleInfo.java:updateAndGet(143)) - 3909bd6a-278d-4911-9d70-32680c972d02: start FollowerState
2019-10-17 21:16:00,213 [Thread-1736] INFO  impl.FollowerState (FollowerState.java:run(117)) - 7c510082-4284-44ef-8cd9-bb38fb15579f@group-62509A8A5C15-FollowerState was interrupted: java.lang.InterruptedException: sleep interrupted
2019-10-17 21:16:00,213 [grpc-default-executor-2] INFO  impl.RoleInfo (RoleInfo.java:updateAndGet(143)) - 7c510082-4284-44ef-8cd9-bb38fb15579f: start FollowerState
2019-10-17 21:16:00,228 [d2424f4d-20d2-4104-abcc-02e6288f3ffc@group-62509A8A5C15-LeaderElection229] INFO  impl.LeaderElection (LeaderElection.java:logAndReturn(56)) - d2424f4d-20d2-4104-abcc-02e6288f3ffc@group-62509A8A5C15-LeaderElection229: Election REJECTED; received 2 response(s) [d2424f4d-20d2-4104-abcc-02e6288f3ffc<-3909bd6a-278d-4911-9d70-32680c972d02#0:FAIL-t246, d2424f4d-20d2-4104-abcc-02e6288f3ffc<-7c510082-4284-44ef-8cd9-bb38fb15579f#0:FAIL-t246] and 0 exception(s); d2424f4d-20d2-4104-abcc-02e6288f3ffc@group-62509A8A5C15:t246, leader=null, voted=d2424f4d-20d2-4104-abcc-02e6288f3ffc, raftlog=d2424f4d-20d2-4104-abcc-02e6288f3ffc@group-62509A8A5C15-SegmentedRaftLog:OPENED:c-1,f-1,i0, conf=-1: [3909bd6a-278d-4911-9d70-32680c972d02:192.168.157.223:33343, d2424f4d-20d2-4104-abcc-02e6288f3ffc:192.168.157.223:39352, 7c510082-4284-44ef-8cd9-bb38fb15579f:192.168.157.223:33098], old=null
2019-10-17 21:16:00,228 [d2424f4d-20d2-4104-abcc-02e6288f3ffc@group-62509A8A5C15-LeaderElection229] INFO  impl.RaftServerImpl (RaftServerImpl.java:setRole(184)) - d2424f4d-20d2-4104-abcc-02e6288f3ffc@group-62509A8A5C15: changes role from CANDIDATE to FOLLOWER at term 246 for DISCOVERED_A_NEW_TERM
2019-10-17 21:16:00,228 [d2424f4d-20d2-4104-abcc-02e6288f3ffc@group-62509A8A5C15-LeaderElection229] INFO  impl.RoleInfo (RoleInfo.java:shutdownLeaderElection(134)) - d2424f4d-20d2-4104-abcc-02e6288f3ffc: shutdown LeaderElection
2019-10-17 21:16:00,228 [d2424f4d-20d2-4104-abcc-02e6288f3ffc@group-62509A8A5C15-LeaderElection229] INFO  impl.RoleInfo (RoleInfo.java:updateAndGet(143)) - d2424f4d-20d2-4104-abcc-02e6288f3ffc: start FollowerState
2019-10-17 21:16:00,248 [Thread-1743] INFO  impl.FollowerState (FollowerState.java:run(108)) - d2424f4d-20d2-4104-abcc-02e6288f3ffc@group-62509A8A5C15-FollowerState: change to CANDIDATE, lastRpcTime:20ms, electionTimeout:20ms
2019-10-17 21:16:00,249 [Thread-1743] INFO  impl.RoleInfo (RoleInfo.java:shutdownFollowerState(121)) - d2424f4d-20d2-4104-abcc-02e6288f3ffc: shutdown FollowerState
2019-10-17 21:16:00,249 [Thread-1743] INFO  impl.RaftServerImpl (RaftServerImpl.java:setRole(184)) - d2424f4d-20d2-4104-abcc-02e6288f3ffc@group-62509A8A5C15: changes role from  FOLLOWER to CANDIDATE at term 246 for changeToCandidate
2019-10-17 21:16:00,249 [Thread-1743] INFO  impl.RoleInfo (RoleInfo.java:updateAndGet(143)) - d2424f4d-20d2-4104-abcc-02e6288f3ffc: start LeaderElection
2019-10-17 21:16:00,262 [d2424f4d-20d2-4104-abcc-02e6288f3ffc@group-62509A8A5C15-LeaderElection230] INFO  impl.LeaderElection (LeaderElection.java:askForVotes(178)) - d2424f4d-20d2-4104-abcc-02e6288f3ffc@group-62509A8A5C15-LeaderElection230: begin an election at term 247 for -1: [3909bd6a-278d-4911-9d70-32680c972d02:192.168.157.223:33343, d2424f4d-20d2-4104-abcc-02e6288f3ffc:192.168.157.223:39352, 7c510082-4284-44ef-8cd9-bb38fb15579f:192.168.157.223:33098], old=null
2019-10-17 21:16:00,265 [grpc-default-executor-6] INFO  impl.RaftServerImpl (RaftServerImpl.java:setRole(184)) - 3909bd6a-278d-4911-9d70-32680c972d02@group-62509A8A5C15: changes role from  FOLLOWER to FOLLOWER at term 247 for recognizeCandidate:d2424f4d-20d2-4104-abcc-02e6288f3ffc
2019-10-17 21:16:00,265 [grpc-default-executor-6] INFO  impl.RoleInfo (RoleInfo.java:shutdownFollowerState(121)) - 3909bd6a-278d-4911-9d70-32680c972d02: shutdown FollowerState
2019-10-17 21:16:00,265 [grpc-default-executor-6] INFO  impl.RoleInfo (RoleInfo.java:updateAndGet(143)) - 3909bd6a-278d-4911-9d70-32680c972d02: start FollowerState
2019-10-17 21:16:00,265 [Thread-1741] INFO  impl.FollowerState (FollowerState.java:run(117)) - 3909bd6a-278d-4911-9d70-32680c972d02@group-62509A8A5C15-FollowerState was interrupted: java.lang.InterruptedException: sleep interrupted
2019-10-17 21:16:00,265 [grpc-default-executor-2] INFO  impl.RaftServerImpl (RaftServerImpl.java:setRole(184)) - 7c510082-4284-44ef-8cd9-bb38fb15579f@group-62509A8A5C15: changes role from  FOLLOWER to FOLLOWER at term 247 for recognizeCandidate:d2424f4d-20d2-4104-abcc-02e6288f3ffc
2019-10-17 21:16:00,265 [grpc-default-executor-2] INFO  impl.RoleInfo (RoleInfo.java:shutdownFollowerState(121)) - 7c510082-4284-44ef-8cd9-bb38fb15579f: shutdown FollowerState
2019-10-17 21:16:00,266 [grpc-default-executor-2] INFO  impl.RoleInfo (RoleInfo.java:updateAndGet(143)) - 7c510082-4284-44ef-8cd9-bb38fb15579f: start FollowerState
2019-10-17 21:16:00,266 [Thread-1742] INFO  impl.FollowerState (FollowerState.java:run(117)) - 7c510082-4284-44ef-8cd9-bb38fb15579f@group-62509A8A5C15-FollowerState was interrupted: java.lang.InterruptedException: sleep interrupted
2019-10-17 21:16:00,280 [d2424f4d-20d2-4104-abcc-02e6288f3ffc@group-62509A8A5C15-LeaderElection230] INFO  impl.LeaderElection (LeaderElection.java:logAndReturn(56)) - d2424f4d-20d2-4104-abcc-02e6288f3ffc@group-62509A8A5C15-LeaderElection230: Election REJECTED; received 2 response(s) [d2424f4d-20d2-4104-abcc-02e6288f3ffc<-3909bd6a-278d-4911-9d70-32680c972d02#0:FAIL-t247, d2424f4d-20d2-4104-abcc-02e6288f3ffc<-7c510082-4284-44ef-8cd9-bb38fb15579f#0:FAIL-t247] and 0 exception(s); d2424f4d-20d2-4104-abcc-02e6288f3ffc@group-62509A8A5C15:t247, leader=null, voted=d2424f4d-20d2-4104-abcc-02e6288f3ffc, raftlog=d2424f4d-20d2-4104-abcc-02e6288f3ffc@group-62509A8A5C15-SegmentedRaftLog:OPENED:c-1,f-1,i0, conf=-1: [3909bd6a-278d-4911-9d70-32680c972d02:192.168.157.223:33343, d2424f4d-20d2-4104-abcc-02e6288f3ffc:192.168.157.223:39352, 7c510082-4284-44ef-8cd9-bb38fb15579f:192.168.157.223:33098], old=null
2019-10-17 21:16:00,281 [d2424f4d-20d2-4104-abcc-02e6288f3ffc@group-62509A8A5C15-LeaderElection230] INFO  impl.RaftServerImpl (RaftServerImpl.java:setRole(184)) - d2424f4d-20d2-4104-abcc-02e6288f3ffc@group-62509A8A5C15: changes role from CANDIDATE to FOLLOWER at term 247 for DISCOVERED_A_NEW_TERM
2019-10-17 21:16:00,281 [d2424f4d-20d2-4104-abcc-02e6288f3ffc@group-62509A8A5C15-LeaderElection230] INFO  impl.RoleInfo (RoleInfo.java:shutdownLeaderElection(134)) - d2424f4d-20d2-4104-abcc-02e6288f3ffc: shutdown LeaderElection
2019-10-17 21:16:00,281 [d2424f4d-20d2-4104-abcc-02e6288f3ffc@group-62509A8A5C15-LeaderElection230] INFO  impl.RoleInfo (RoleInfo.java:updateAndGet(143)) - d2424f4d-20d2-4104-abcc-02e6288f3ffc: start FollowerState
2019-10-17 21:16:00,401 [Thread-1749] INFO  impl.FollowerState (FollowerState.java:run(108)) - d2424f4d-20d2-4104-abcc-02e6288f3ffc@group-62509A8A5C15-FollowerState: change to CANDIDATE, lastRpcTime:120ms, electionTimeout:120ms
2019-10-17 21:16:00,401 [Thread-1749] INFO  impl.RoleInfo (RoleInfo.java:shutdownFollowerState(121)) - d2424f4d-20d2-4104-abcc-02e6288f3ffc: shutdown FollowerState
2019-10-17 21:16:00,401 [Thread-1749] INFO  impl.RaftServerImpl (RaftServerImpl.java:setRole(184)) - d2424f4d-20d2-4104-abcc-02e6288f3ffc@group-62509A8A5C15: changes role from  FOLLOWER to CANDIDATE at term 247 for changeToCandidate
2019-10-17 21:16:00,402 [Thread-1749] INFO  impl.RoleInfo (RoleInfo.java:updateAndGet(143)) - d2424f4d-20d2-4104-abcc-02e6288f3ffc: start LeaderElection
2019-10-17 21:16:00,416 [d2424f4d-20d2-4104-abcc-02e6288f3ffc@group-62509A8A5C15-LeaderElection231] INFO  impl.LeaderElection (LeaderElection.java:askForVotes(178)) - d2424f4d-20d2-4104-abcc-02e6288f3ffc@group-62509A8A5C15-LeaderElection231: begin an election at term 248 for -1: [3909bd6a-278d-4911-9d70-32680c972d02:192.168.157.223:33343, d2424f4d-20d2-4104-abcc-02e6288f3ffc:192.168.157.223:39352, 7c510082-4284-44ef-8cd9-bb38fb15579f:192.168.157.223:33098], old=null
2019-10-17 21:16:00,418 [grpc-default-executor-2] INFO  impl.RaftServerImpl (RaftServerImpl.java:setRole(184)) - 3909bd6a-278d-4911-9d70-32680c972d02@group-62509A8A5C15: changes role from  FOLLOWER to FOLLOWER at term 248 for recognizeCandidate:d2424f4d-20d2-4104-abcc-02e6288f3ffc
2019-10-17 21:16:00,418 [grpc-default-executor-2] INFO  impl.RoleInfo (RoleInfo.java:shutdownFollowerState(121)) - 3909bd6a-278d-4911-9d70-32680c972d02: shutdown FollowerState
2019-10-17 21:16:00,418 [grpc-default-executor-6] INFO  impl.RaftServerImpl (RaftServerImpl.java:setRole(184)) - 7c510082-4284-44ef-8cd9-bb38fb15579f@group-62509A8A5C15: changes role from  FOLLOWER to FOLLOWER at term 248 for recognizeCandidate:d2424f4d-20d2-4104-abcc-02e6288f3ffc
2019-10-17 21:16:00,418 [Thread-1747] INFO  impl.FollowerState (FollowerState.java:run(117)) - 3909bd6a-278d-4911-9d70-32680c972d02@group-62509A8A5C15-FollowerState was interrupted: java.lang.InterruptedException: sleep interrupted
2019-10-17 21:16:00,418 [grpc-default-executor-2] INFO  impl.RoleInfo (RoleInfo.java:updateAndGet(143)) - 3909bd6a-278d-4911-9d70-32680c972d02: start FollowerState
2019-10-17 21:16:00,419 [grpc-default-executor-6] INFO  impl.RoleInfo (RoleInfo.java:shutdownFollowerState(121)) - 7c510082-4284-44ef-8cd9-bb38fb15579f: shutdown FollowerState
2019-10-17 21:16:00,419 [grpc-default-executor-6] INFO  impl.RoleInfo (RoleInfo.java:updateAndGet(143)) - 7c510082-4284-44ef-8cd9-bb38fb15579f: start FollowerState
2019-10-17 21:16:00,419 [Thread-1748] INFO  impl.FollowerState (FollowerState.java:run(117)) - 7c510082-4284-44ef-8cd9-bb38fb15579f@group-62509A8A5C15-FollowerState was interrupted: java.lang.InterruptedException: sleep interrupted
2019-10-17 21:16:00,433 [d2424f4d-20d2-4104-abcc-02e6288f3ffc@group-62509A8A5C15-LeaderElection231] INFO  impl.LeaderElection (LeaderElection.java:logAndReturn(56)) - d2424f4d-20d2-4104-abcc-02e6288f3ffc@group-62509A8A5C15-LeaderElection231: Election REJECTED; received 2 response(s) [d2424f4d-20d2-4104-abcc-02e6288f3ffc<-3909bd6a-278d-4911-9d70-32680c972d02#0:FAIL-t248, d2424f4d-20d2-4104-abcc-02e6288f3ffc<-7c510082-4284-44ef-8cd9-bb38fb15579f#0:FAIL-t248] and 0 exception(s); d2424f4d-20d2-4104-abcc-02e6288f3ffc@group-62509A8A5C15:t248, leader=null, voted=d2424f4d-20d2-4104-abcc-02e6288f3ffc, raftlog=d2424f4d-20d2-4104-abcc-02e6288f3ffc@group-62509A8A5C15-SegmentedRaftLog:OPENED:c-1,f-1,i0, conf=-1: [3909bd6a-278d-4911-9d70-32680c972d02:192.168.157.223:33343, d2424f4d-20d2-4104-abcc-02e6288f3ffc:192.168.157.223:39352, 7c510082-4284-44ef-8cd9-bb38fb15579f:192.168.157.223:33098], old=null
2019-10-17 21:16:00,433 [d2424f4d-20d2-4104-abcc-02e6288f3ffc@group-62509A8A5C15-LeaderElection231] INFO  impl.RaftServerImpl (RaftServerImpl.java:setRole(184)) - d2424f4d-20d2-4104-abcc-02e6288f3ffc@group-62509A8A5C15: changes role from CANDIDATE to FOLLOWER at term 248 for DISCOVERED_A_NEW_TERM
2019-10-17 21:16:00,433 [d2424f4d-20d2-4104-abcc-02e6288f3ffc@group-62509A8A5C15-LeaderElection231] INFO  impl.RoleInfo (RoleInfo.java:shutdownLeaderElection(134)) - d2424f4d-20d2-4104-abcc-02e6288f3ffc: shutdown LeaderElection
2019-10-17 21:16:00,433 [d2424f4d-20d2-4104-abcc-02e6288f3ffc@group-62509A8A5C15-LeaderElection231] INFO  impl.RoleInfo (RoleInfo.java:updateAndGet(143)) - d2424f4d-20d2-4104-abcc-02e6288f3ffc: start FollowerState
2019-10-17 21:16:00,578 [Thread-1755] INFO  impl.FollowerState (FollowerState.java:run(108)) - d2424f4d-20d2-4104-abcc-02e6288f3ffc@group-62509A8A5C15-FollowerState: change to CANDIDATE, lastRpcTime:144ms, electionTimeout:144ms
2019-10-17 21:16:00,578 [Thread-1755] INFO  impl.RoleInfo (RoleInfo.java:shutdownFollowerState(121)) - d2424f4d-20d2-4104-abcc-02e6288f3ffc: shutdown FollowerState
2019-10-17 21:16:00,578 [Thread-1755] INFO  impl.RaftServerImpl (RaftServerImpl.java:setRole(184)) - d2424f4d-20d2-4104-abcc-02e6288f3ffc@group-62509A8A5C15: changes role from  FOLLOWER to CANDIDATE at term 248 for changeToCandidate
2019-10-17 21:16:00,578 [Thread-1755] INFO  impl.RoleInfo (RoleInfo.java:updateAndGet(143)) - d2424f4d-20d2-4104-abcc-02e6288f3ffc: start LeaderElection
2019-10-17 21:16:00,592 [d2424f4d-20d2-4104-abcc-02e6288f3ffc@group-62509A8A5C15-LeaderElection232] INFO  impl.LeaderElection (LeaderElection.java:askForVotes(178)) - d2424f4d-20d2-4104-abcc-02e6288f3ffc@group-62509A8A5C15-LeaderElection232: begin an election at term 249 for -1: [3909bd6a-278d-4911-9d70-32680c972d02:192.168.157.223:33343, d2424f4d-20d2-4104-abcc-02e6288f3ffc:192.168.157.223:39352, 7c510082-4284-44ef-8cd9-bb38fb15579f:192.168.157.223:33098], old=null
2019-10-17 21:16:00,594 [grpc-default-executor-6] INFO  impl.RaftServerImpl (RaftServerImpl.java:setRole(184)) - 3909bd6a-278d-4911-9d70-32680c972d02@group-62509A8A5C15: changes role from  FOLLOWER to FOLLOWER at term 249 for recognizeCandidate:d2424f4d-20d2-4104-abcc-02e6288f3ffc
2019-10-17 21:16:00,594 [grpc-default-executor-6] INFO  impl.RoleInfo (RoleInfo.java:shutdownFollowerState(121)) - 3909bd6a-278d-4911-9d70-32680c972d02: shutdown FollowerState
2019-10-17 21:16:00,594 [grpc-default-executor-2] INFO  impl.RaftServerImpl (RaftServerImpl.java:setRole(184)) - 7c510082-4284-44ef-8cd9-bb38fb15579f@group-62509A8A5C15: changes role from  FOLLOWER to FOLLOWER at term 249 for recognizeCandidate:d2424f4d-20d2-4104-abcc-02e6288f3ffc
2019-10-17 21:16:00,594 [grpc-default-executor-6] INFO  impl.RoleInfo (RoleInfo.java:updateAndGet(143)) - 3909bd6a-278d-4911-9d70-32680c972d02: start FollowerState
2019-10-17 21:16:00,594 [Thread-1753] INFO  impl.FollowerState (FollowerState.java:run(117)) - 3909bd6a-278d-4911-9d70-32680c972d02@group-62509A8A5C15-FollowerState was interrupted: java.lang.InterruptedException: sleep interrupted
2019-10-17 21:16:00,594 [grpc-default-executor-2] INFO  impl.RoleInfo (RoleInfo.java:shutdownFollowerState(121)) - 7c510082-4284-44ef-8cd9-bb38fb15579f: shutdown FollowerState
2019-10-17 21:16:00,595 [Thread-1754] INFO  impl.FollowerState (FollowerState.java:run(117)) - 7c510082-4284-44ef-8cd9-bb38fb15579f@group-62509A8A5C15-FollowerState was interrupted: java.lang.InterruptedException: sleep interrupted
2019-10-17 21:16:00,595 [grpc-default-executor-2] INFO  impl.RoleInfo (RoleInfo.java:updateAndGet(143)) - 7c510082-4284-44ef-8cd9-bb38fb15579f: start FollowerState
2019-10-17 21:16:00,621 [d2424f4d-20d2-4104-abcc-02e6288f3ffc@group-62509A8A5C15-LeaderElection232] INFO  impl.LeaderElection (LeaderElection.java:logAndReturn(56)) - d2424f4d-20d2-4104-abcc-02e6288f3ffc@group-62509A8A5C15-LeaderElection232: Election REJECTED; received 2 response(s) [d2424f4d-20d2-4104-abcc-02e6288f3ffc<-3909bd6a-278d-4911-9d70-32680c972d02#0:FAIL-t249, d2424f4d-20d2-4104-abcc-02e6288f3ffc<-7c510082-4284-44ef-8cd9-bb38fb15579f#0:FAIL-t249] and 0 exception(s); d2424f4d-20d2-4104-abcc-02e6288f3ffc@group-62509A8A5C15:t249, leader=null, voted=d2424f4d-20d2-4104-abcc-02e6288f3ffc, raftlog=d2424f4d-20d2-4104-abcc-02e6288f3ffc@group-62509A8A5C15-SegmentedRaftLog:OPENED:c-1,f-1,i0, conf=-1: [3909bd6a-278d-4911-9d70-32680c972d02:192.168.157.223:33343, d2424f4d-20d2-4104-abcc-02e6288f3ffc:192.168.157.223:39352, 7c510082-4284-44ef-8cd9-bb38fb15579f:192.168.157.223:33098], old=null
2019-10-17 21:16:00,621 [d2424f4d-20d2-4104-abcc-02e6288f3ffc@group-62509A8A5C15-LeaderElection232] INFO  impl.RaftServerImpl (RaftServerImpl.java:setRole(184)) - d2424f4d-20d2-4104-abcc-02e6288f3ffc@group-62509A8A5C15: changes role from CANDIDATE to FOLLOWER at term 249 for DISCOVERED_A_NEW_TERM
2019-10-17 21:16:00,621 [d2424f4d-20d2-4104-abcc-02e6288f3ffc@group-62509A8A5C15-LeaderElection232] INFO  impl.RoleInfo (RoleInfo.java:shutdownLeaderElection(134)) - d2424f4d-20d2-4104-abcc-02e6288f3ffc: shutdown LeaderElection
2019-10-17 21:16:00,621 [d2424f4d-20d2-4104-abcc-02e6288f3ffc@group-62509A8A5C15-LeaderElection232] INFO  impl.RoleInfo (RoleInfo.java:updateAndGet(143)) - d2424f4d-20d2-4104-abcc-02e6288f3ffc: start FollowerState
2019-10-17 21:16:00,738 [Thread-1761] INFO  impl.FollowerState (FollowerState.java:run(108)) - d2424f4d-20d2-4104-abcc-02e6288f3ffc@group-62509A8A5C15-FollowerState: change to CANDIDATE, lastRpcTime:116ms, electionTimeout:116ms
2019-10-17 21:16:00,738 [Thread-1761] INFO  impl.RoleInfo (RoleInfo.java:shutdownFollowerState(121)) - d2424f4d-20d2-4104-abcc-02e6288f3ffc: shutdown FollowerState
2019-10-17 21:16:00,738 [Thread-1761] INFO  impl.RaftServerImpl (RaftServerImpl.java:setRole(184)) - d2424f4d-20d2-4104-abcc-02e6288f3ffc@group-62509A8A5C15: changes role from  FOLLOWER to CANDIDATE at term 249 for changeToCandidate
2019-10-17 21:16:00,738 [Thread-1761] INFO  impl.RoleInfo (RoleInfo.java:updateAndGet(143)) - d2424f4d-20d2-4104-abcc-02e6288f3ffc: start LeaderElection
2019-10-17 21:16:00,752 [d2424f4d-20d2-4104-abcc-02e6288f3ffc@group-62509A8A5C15-LeaderElection233] INFO  impl.LeaderElection (LeaderElection.java:askForVotes(178)) - d2424f4d-20d2-4104-abcc-02e6288f3ffc@group-62509A8A5C15-LeaderElection233: begin an election at term 250 for -1: [3909bd6a-278d-4911-9d70-32680c972d02:192.168.157.223:33343, d2424f4d-20d2-4104-abcc-02e6288f3ffc:192.168.157.223:39352, 7c510082-4284-44ef-8cd9-bb38fb15579f:192.168.157.223:33098], old=null
2019-10-17 21:16:00,754 [grpc-default-executor-2] INFO  impl.RaftServerImpl (RaftServerImpl.java:setRole(184)) - 7c510082-4284-44ef-8cd9-bb38fb15579f@group-62509A8A5C15: changes role from  FOLLOWER to FOLLOWER at term 250 for recognizeCandidate:d2424f4d-20d2-4104-abcc-02e6288f3ffc
2019-10-17 21:16:00,754 [grpc-default-executor-2] INFO  impl.RoleInfo (RoleInfo.java:shutdownFollowerState(121)) - 7c510082-4284-44ef-8cd9-bb38fb15579f: shutdown FollowerState
2019-10-17 21:16:00,754 [grpc-default-executor-6] INFO  impl.RaftServerImpl (RaftServerImpl.java:setRole(184)) - 3909bd6a-278d-4911-9d70-32680c972d02@group-62509A8A5C15: changes role from  FOLLOWER to FOLLOWER at term 250 for recognizeCandidate:d2424f4d-20d2-4104-abcc-02e6288f3ffc
2019-10-17 21:16:00,754 [Thread-1760] INFO  impl.FollowerState (FollowerState.java:run(117)) - 7c510082-4284-44ef-8cd9-bb38fb15579f@group-62509A8A5C15-FollowerState was interrupted: java.lang.InterruptedException: sleep interrupted
2019-10-17 21:16:00,754 [grpc-default-executor-2] INFO  impl.RoleInfo (RoleInfo.java:updateAndGet(143)) - 7c510082-4284-44ef-8cd9-bb38fb15579f: start FollowerState
2019-10-17 21:16:00,754 [grpc-default-executor-6] INFO  impl.RoleInfo (RoleInfo.java:shutdownFollowerState(121)) - 3909bd6a-278d-4911-9d70-32680c972d02: shutdown FollowerState
2019-10-17 21:16:00,755 [grpc-default-executor-6] INFO  impl.RoleInfo (RoleInfo.java:updateAndGet(143)) - 3909bd6a-278d-4911-9d70-32680c972d02: start FollowerState
2019-10-17 21:16:00,755 [Thread-1759] INFO  impl.FollowerState (FollowerState.java:run(117)) - 3909bd6a-278d-4911-9d70-32680c972d02@group-62509A8A5C15-FollowerState was interrupted: java.lang.InterruptedException: sleep interrupted
2019-10-17 21:16:00,769 [d2424f4d-20d2-4104-abcc-02e6288f3ffc@group-62509A8A5C15-LeaderElection233] INFO  impl.LeaderElection (LeaderElection.java:logAndReturn(56)) - d2424f4d-20d2-4104-abcc-02e6288f3ffc@group-62509A8A5C15-LeaderElection233: Election REJECTED; received 2 response(s) [d2424f4d-20d2-4104-abcc-02e6288f3ffc<-3909bd6a-278d-4911-9d70-32680c972d02#0:FAIL-t250, d2424f4d-20d2-4104-abcc-02e6288f3ffc<-7c510082-4284-44ef-8cd9-bb38fb15579f#0:FAIL-t250] and 0 exception(s); d2424f4d-20d2-4104-abcc-02e6288f3ffc@group-62509A8A5C15:t250, leader=null, voted=d2424f4d-20d2-4104-abcc-02e6288f3ffc, raftlog=d2424f4d-20d2-4104-abcc-02e6288f3ffc@group-62509A8A5C15-SegmentedRaftLog:OPENED:c-1,f-1,i0, conf=-1: [3909bd6a-278d-4911-9d70-32680c972d02:192.168.157.223:33343, d2424f4d-20d2-4104-abcc-02e6288f3ffc:192.168.157.223:39352, 7c510082-4284-44ef-8cd9-bb38fb15579f:192.168.157.223:33098], old=null
2019-10-17 21:16:00,769 [d2424f4d-20d2-4104-abcc-02e6288f3ffc@group-62509A8A5C15-LeaderElection233] INFO  impl.RaftServerImpl (RaftServerImpl.java:setRole(184)) - d2424f4d-20d2-4104-abcc-02e6288f3ffc@group-62509A8A5C15: changes role from CANDIDATE to FOLLOWER at term 250 for DISCOVERED_A_NEW_TERM
2019-10-17 21:16:00,769 [d2424f4d-20d2-4104-abcc-02e6288f3ffc@group-62509A8A5C15-LeaderElection233] INFO  impl.RoleInfo (RoleInfo.java:shutdownLeaderElection(134)) - d2424f4d-20d2-4104-abcc-02e6288f3ffc: shutdown LeaderElection
2019-10-17 21:16:00,769 [d2424f4d-20d2-4104-abcc-02e6288f3ffc@group-62509A8A5C15-LeaderElection233] INFO  impl.RoleInfo (RoleInfo.java:updateAndGet(143)) - d2424f4d-20d2-4104-abcc-02e6288f3ffc: start FollowerState
2019-10-17 21:16:00,900 [Thread-1767] INFO  impl.FollowerState (FollowerState.java:run(108)) - d2424f4d-20d2-4104-abcc-02e6288f3ffc@group-62509A8A5C15-FollowerState: change to CANDIDATE, lastRpcTime:130ms, electionTimeout:130ms
2019-10-17 21:16:00,900 [Thread-1767] INFO  impl.RoleInfo (RoleInfo.java:shutdownFollowerState(121)) - d2424f4d-20d2-4104-abcc-02e6288f3ffc: shutdown FollowerState
2019-10-17 21:16:00,900 [Thread-1767] INFO  impl.RaftServerImpl (RaftServerImpl.java:setRole(184)) - d2424f4d-20d2-4104-abcc-02e6288f3ffc@group-62509A8A5C15: changes role from  FOLLOWER to CANDIDATE at term 250 for changeToCandidate
2019-10-17 21:16:00,900 [Thread-1767] INFO  impl.RoleInfo (RoleInfo.java:updateAndGet(143)) - d2424f4d-20d2-4104-abcc-02e6288f3ffc: start LeaderElection
2019-10-17 21:16:00,914 [d2424f4d-20d2-4104-abcc-02e6288f3ffc@group-62509A8A5C15-LeaderElection234] INFO  impl.LeaderElection (LeaderElection.java:askForVotes(178)) - d2424f4d-20d2-4104-abcc-02e6288f3ffc@group-62509A8A5C15-LeaderElection234: begin an election at term 251 for -1: [3909bd6a-278d-4911-9d70-32680c972d02:192.168.157.223:33343, d2424f4d-20d2-4104-abcc-02e6288f3ffc:192.168.157.223:39352, 7c510082-4284-44ef-8cd9-bb38fb15579f:192.168.157.223:33098], old=null
2019-10-17 21:16:00,916 [grpc-default-executor-2] INFO  impl.RaftServerImpl (RaftServerImpl.java:setRole(184)) - 7c510082-4284-44ef-8cd9-bb38fb15579f@group-62509A8A5C15: changes role from  FOLLOWER to FOLLOWER at term 251 for recognizeCandidate:d2424f4d-20d2-4104-abcc-02e6288f3ffc
2019-10-17 21:16:00,916 [grpc-default-executor-2] INFO  impl.RoleInfo (RoleInfo.java:shutdownFollowerState(121)) - 7c510082-4284-44ef-8cd9-bb38fb15579f: shutdown FollowerState
2019-10-17 21:16:00,916 [grpc-default-executor-6] INFO  impl.RaftServerImpl (RaftServerImpl.java:setRole(184)) - 3909bd6a-278d-4911-9d70-32680c972d02@group-62509A8A5C15: changes role from  FOLLOWER to FOLLOWER at term 251 for recognizeCandidate:d2424f4d-20d2-4104-abcc-02e6288f3ffc
2019-10-17 21:16:00,917 [Thread-1765] INFO  impl.FollowerState (FollowerState.java:run(117)) - 7c510082-4284-44ef-8cd9-bb38fb15579f@group-62509A8A5C15-FollowerState was interrupted: java.lang.InterruptedException: sleep interrupted
2019-10-17 21:16:00,917 [grpc-default-executor-2] INFO  impl.RoleInfo (RoleInfo.java:updateAndGet(143)) - 7c510082-4284-44ef-8cd9-bb38fb15579f: start FollowerState
2019-10-17 21:16:00,917 [grpc-default-executor-6] INFO  impl.RoleInfo (RoleInfo.java:shutdownFollowerState(121)) - 3909bd6a-278d-4911-9d70-32680c972d02: shutdown FollowerState
2019-10-17 21:16:00,917 [grpc-default-executor-6] INFO  impl.RoleInfo (RoleInfo.java:updateAndGet(143)) - 3909bd6a-278d-4911-9d70-32680c972d02: start FollowerState
2019-10-17 21:16:00,917 [Thread-1766] INFO  impl.FollowerState (FollowerState.java:run(117)) - 3909bd6a-278d-4911-9d70-32680c972d02@group-62509A8A5C15-FollowerState was interrupted: java.lang.InterruptedException: sleep interrupted
2019-10-17 21:16:00,932 [d2424f4d-20d2-4104-abcc-02e6288f3ffc@group-62509A8A5C15-LeaderElection234] INFO  impl.LeaderElection (LeaderElection.java:logAndReturn(56)) - d2424f4d-20d2-4104-abcc-02e6288f3ffc@group-62509A8A5C15-LeaderElection234: Election REJECTED; received 2 response(s) [d2424f4d-20d2-4104-abcc-02e6288f3ffc<-3909bd6a-278d-4911-9d70-32680c972d02#0:FAIL-t251, d2424f4d-20d2-4104-abcc-02e6288f3ffc<-7c510082-4284-44ef-8cd9-bb38fb15579f#0:FAIL-t251] and 0 exception(s); d2424f4d-20d2-4104-abcc-02e6288f3ffc@group-62509A8A5C15:t251, leader=null, voted=d2424f4d-20d2-4104-abcc-02e6288f3ffc, raftlog=d2424f4d-20d2-4104-abcc-02e6288f3ffc@group-62509A8A5C15-SegmentedRaftLog:OPENED:c-1,f-1,i0, conf=-1: [3909bd6a-278d-4911-9d70-32680c972d02:192.168.157.223:33343, d2424f4d-20d2-4104-abcc-02e6288f3ffc:192.168.157.223:39352, 7c510082-4284-44ef-8cd9-bb38fb15579f:192.168.157.223:33098], old=null
2019-10-17 21:16:00,932 [d2424f4d-20d2-4104-abcc-02e6288f3ffc@group-62509A8A5C15-LeaderElection234] INFO  impl.RaftServerImpl (RaftServerImpl.java:setRole(184)) - d2424f4d-20d2-4104-abcc-02e6288f3ffc@group-62509A8A5C15: changes role from CANDIDATE to FOLLOWER at term 251 for DISCOVERED_A_NEW_TERM
2019-10-17 21:16:00,932 [d2424f4d-20d2-4104-abcc-02e6288f3ffc@group-62509A8A5C15-LeaderElection234] INFO  impl.RoleInfo (RoleInfo.java:shutdownLeaderElection(134)) - d2424f4d-20d2-4104-abcc-02e6288f3ffc: shutdown LeaderElection
2019-10-17 21:16:00,932 [d2424f4d-20d2-4104-abcc-02e6288f3ffc@group-62509A8A5C15-LeaderElection234] INFO  impl.RoleInfo (RoleInfo.java:updateAndGet(143)) - d2424f4d-20d2-4104-abcc-02e6288f3ffc: start FollowerState
2019-10-17 21:16:00,964 [Thread-1773] INFO  impl.FollowerState (FollowerState.java:run(108)) - d2424f4d-20d2-4104-abcc-02e6288f3ffc@group-62509A8A5C15-FollowerState: change to CANDIDATE, lastRpcTime:32ms, electionTimeout:32ms
2019-10-17 21:16:00,965 [Thread-1773] INFO  impl.RoleInfo (RoleInfo.java:shutdownFollowerState(121)) - d2424f4d-20d2-4104-abcc-02e6288f3ffc: shutdown FollowerState
2019-10-17 21:16:00,965 [Thread-1773] INFO  impl.RaftServerImpl (RaftServerImpl.java:setRole(184)) - d2424f4d-20d2-4104-abcc-02e6288f3ffc@group-62509A8A5C15: changes role from  FOLLOWER to CANDIDATE at term 251 for changeToCandidate
2019-10-17 21:16:00,965 [Thread-1773] INFO  impl.RoleInfo (RoleInfo.java:updateAndGet(143)) - d2424f4d-20d2-4104-abcc-02e6288f3ffc: start LeaderElection
2019-10-17 21:16:00,979 [d2424f4d-20d2-4104-abcc-02e6288f3ffc@group-62509A8A5C15-LeaderElection235] INFO  impl.LeaderElection (LeaderElection.java:askForVotes(178)) - d2424f4d-20d2-4104-abcc-02e6288f3ffc@group-62509A8A5C15-LeaderElection235: begin an election at term 252 for -1: [3909bd6a-278d-4911-9d70-32680c972d02:192.168.157.223:33343, d2424f4d-20d2-4104-abcc-02e6288f3ffc:192.168.157.223:39352, 7c510082-4284-44ef-8cd9-bb38fb15579f:192.168.157.223:33098], old=null
2019-10-17 21:16:00,981 [grpc-default-executor-2] INFO  impl.RaftServerImpl (RaftServerImpl.java:setRole(184)) - 3909bd6a-278d-4911-9d70-32680c972d02@group-62509A8A5C15: changes role from  FOLLOWER to FOLLOWER at term 252 for recognizeCandidate:d2424f4d-20d2-4104-abcc-02e6288f3ffc
2019-10-17 21:16:00,981 [grpc-default-executor-6] INFO  impl.RaftServerImpl (RaftServerImpl.java:setRole(184)) - 7c510082-4284-44ef-8cd9-bb38fb15579f@group-62509A8A5C15: changes role from  FOLLOWER to FOLLOWER at term 252 for recognizeCandidate:d2424f4d-20d2-4104-abcc-02e6288f3ffc
2019-10-17 21:16:00,981 [grpc-default-executor-2] INFO  impl.RoleInfo (RoleInfo.java:shutdownFollowerState(121)) - 3909bd6a-278d-4911-9d70-32680c972d02: shutdown FollowerState
2019-10-17 21:16:00,982 [grpc-default-executor-6] INFO  impl.RoleInfo (RoleInfo.java:shutdownFollowerState(121)) - 7c510082-4284-44ef-8cd9-bb38fb15579f: shutdown FollowerState
2019-10-17 21:16:00,982 [Thread-1772] INFO  impl.FollowerState (FollowerState.java:run(117)) - 3909bd6a-278d-4911-9d70-32680c972d02@group-62509A8A5C15-FollowerState was interrupted: java.lang.InterruptedException: sleep interrupted
2019-10-17 21:16:00,982 [grpc-default-executor-2] INFO  impl.RoleInfo (RoleInfo.java:updateAndGet(143)) - 3909bd6a-278d-4911-9d70-32680c972d02: start FollowerState
2019-10-17 21:16:00,982 [grpc-default-executor-6] INFO  impl.RoleInfo (RoleInfo.java:updateAndGet(143)) - 7c510082-4284-44ef-8cd9-bb38fb15579f: start FollowerState
2019-10-17 21:16:00,982 [Thread-1771] INFO  impl.FollowerState (FollowerState.java:run(117)) - 7c510082-4284-44ef-8cd9-bb38fb15579f@group-62509A8A5C15-FollowerState was interrupted: java.lang.InterruptedException: sleep interrupted
2019-10-17 21:16:01,008 [d2424f4d-20d2-4104-abcc-02e6288f3ffc@group-62509A8A5C15-LeaderElection235] INFO  impl.LeaderElection (LeaderElection.java:logAndReturn(56)) - d2424f4d-20d2-4104-abcc-02e6288f3ffc@group-62509A8A5C15-LeaderElection235: Election REJECTED; received 2 response(s) [d2424f4d-20d2-4104-abcc-02e6288f3ffc<-3909bd6a-278d-4911-9d70-32680c972d02#0:FAIL-t252, d2424f4d-20d2-4104-abcc-02e6288f3ffc<-7c510082-4284-44ef-8cd9-bb38fb15579f#0:FAIL-t252] and 0 exception(s); d2424f4d-20d2-4104-abcc-02e6288f3ffc@group-62509A8A5C15:t252, leader=null, voted=d2424f4d-20d2-4104-abcc-02e6288f3ffc, raftlog=d2424f4d-20d2-4104-abcc-02e6288f3ffc@group-62509A8A5C15-SegmentedRaftLog:OPENED:c-1,f-1,i0, conf=-1: [3909bd6a-278d-4911-9d70-32680c972d02:192.168.157.223:33343, d2424f4d-20d2-4104-abcc-02e6288f3ffc:192.168.157.223:39352, 7c510082-4284-44ef-8cd9-bb38fb15579f:192.168.157.223:33098], old=null
2019-10-17 21:16:01,009 [d2424f4d-20d2-4104-abcc-02e6288f3ffc@group-62509A8A5C15-LeaderElection235] INFO  impl.RaftServerImpl (RaftServerImpl.java:setRole(184)) - d2424f4d-20d2-4104-abcc-02e6288f3ffc@group-62509A8A5C15: changes role from CANDIDATE to FOLLOWER at term 252 for DISCOVERED_A_NEW_TERM
2019-10-17 21:16:01,009 [d2424f4d-20d2-4104-abcc-02e6288f3ffc@group-62509A8A5C15-LeaderElection235] INFO  impl.RoleInfo (RoleInfo.java:shutdownLeaderElection(134)) - d2424f4d-20d2-4104-abcc-02e6288f3ffc: shutdown LeaderElection
2019-10-17 21:16:01,009 [d2424f4d-20d2-4104-abcc-02e6288f3ffc@group-62509A8A5C15-LeaderElection235] INFO  impl.RoleInfo (RoleInfo.java:updateAndGet(143)) - d2424f4d-20d2-4104-abcc-02e6288f3ffc: start FollowerState
2019-10-17 21:16:01,062 [Thread-1779] INFO  impl.FollowerState (FollowerState.java:run(108)) - d2424f4d-20d2-4104-abcc-02e6288f3ffc@group-62509A8A5C15-FollowerState: change to CANDIDATE, lastRpcTime:52ms, electionTimeout:52ms
2019-10-17 21:16:01,062 [Thread-1779] INFO  impl.RoleInfo (RoleInfo.java:shutdownFollowerState(121)) - d2424f4d-20d2-4104-abcc-02e6288f3ffc: shutdown FollowerState
2019-10-17 21:16:01,062 [Thread-1779] INFO  impl.RaftServerImpl (RaftServerImpl.java:setRole(184)) - d2424f4d-20d2-4104-abcc-02e6288f3ffc@group-62509A8A5C15: changes role from  FOLLOWER to CANDIDATE at term 252 for changeToCandidate
2019-10-17 21:16:01,062 [Thread-1779] INFO  impl.RoleInfo (RoleInfo.java:updateAndGet(143)) - d2424f4d-20d2-4104-abcc-02e6288f3ffc: start LeaderElection
2019-10-17 21:16:01,088 [d2424f4d-20d2-4104-abcc-02e6288f3ffc@group-62509A8A5C15-LeaderElection236] INFO  impl.LeaderElection (LeaderElection.java:askForVotes(178)) - d2424f4d-20d2-4104-abcc-02e6288f3ffc@group-62509A8A5C15-LeaderElection236: begin an election at term 253 for -1: [3909bd6a-278d-4911-9d70-32680c972d02:192.168.157.223:33343, d2424f4d-20d2-4104-abcc-02e6288f3ffc:192.168.157.223:39352, 7c510082-4284-44ef-8cd9-bb38fb15579f:192.168.157.223:33098], old=null
2019-10-17 21:16:01,090 [grpc-default-executor-6] INFO  impl.RaftServerImpl (RaftServerImpl.java:setRole(184)) - 7c510082-4284-44ef-8cd9-bb38fb15579f@group-62509A8A5C15: changes role from  FOLLOWER to FOLLOWER at term 253 for recognizeCandidate:d2424f4d-20d2-4104-abcc-02e6288f3ffc
2019-10-17 21:16:01,090 [grpc-default-executor-6] INFO  impl.RoleInfo (RoleInfo.java:shutdownFollowerState(121)) - 7c510082-4284-44ef-8cd9-bb38fb15579f: shutdown FollowerState
2019-10-17 21:16:01,090 [grpc-default-executor-2] INFO  impl.RaftServerImpl (RaftServerImpl.java:setRole(184)) - 3909bd6a-278d-4911-9d70-32680c972d02@group-62509A8A5C15: changes role from  FOLLOWER to FOLLOWER at term 253 for recognizeCandidate:d2424f4d-20d2-4104-abcc-02e6288f3ffc
2019-10-17 21:16:01,091 [Thread-1778] INFO  impl.FollowerState (FollowerState.java:run(117)) - 7c510082-4284-44ef-8cd9-bb38fb15579f@group-62509A8A5C15-FollowerState was interrupted: java.lang.InterruptedException: sleep interrupted
2019-10-17 21:16:01,091 [grpc-default-executor-6] INFO  impl.RoleInfo (RoleInfo.java:updateAndGet(143)) - 7c510082-4284-44ef-8cd9-bb38fb15579f: start FollowerState
2019-10-17 21:16:01,091 [grpc-default-executor-2] INFO  impl.RoleInfo (RoleInfo.java:shutdownFollowerState(121)) - 3909bd6a-278d-4911-9d70-32680c972d02: shutdown FollowerState
2019-10-17 21:16:01,091 [Thread-1777] INFO  impl.FollowerState (FollowerState.java:run(117)) - 3909bd6a-278d-4911-9d70-32680c972d02@group-62509A8A5C15-FollowerState was interrupted: java.lang.InterruptedException: sleep interrupted
2019-10-17 21:16:01,091 [grpc-default-executor-2] INFO  impl.RoleInfo (RoleInfo.java:updateAndGet(143)) - 3909bd6a-278d-4911-9d70-32680c972d02: start FollowerState
2019-10-17 21:16:01,117 [d2424f4d-20d2-4104-abcc-02e6288f3ffc@group-62509A8A5C15-LeaderElection236] INFO  impl.LeaderElection (LeaderElection.java:logAndReturn(56)) - d2424f4d-20d2-4104-abcc-02e6288f3ffc@group-62509A8A5C15-LeaderElection236: Election REJECTED; received 2 response(s) [d2424f4d-20d2-4104-abcc-02e6288f3ffc<-3909bd6a-278d-4911-9d70-32680c972d02#0:FAIL-t253, d2424f4d-20d2-4104-abcc-02e6288f3ffc<-7c510082-4284-44ef-8cd9-bb38fb15579f#0:FAIL-t253] and 0 exception(s); d2424f4d-20d2-4104-abcc-02e6288f3ffc@group-62509A8A5C15:t253, leader=null, voted=d2424f4d-20d2-4104-abcc-02e6288f3ffc, raftlog=d2424f4d-20d2-4104-abcc-02e6288f3ffc@group-62509A8A5C15-SegmentedRaftLog:OPENED:c-1,f-1,i0, conf=-1: [3909bd6a-278d-4911-9d70-32680c972d02:192.168.157.223:33343, d2424f4d-20d2-4104-abcc-02e6288f3ffc:192.168.157.223:39352, 7c510082-4284-44ef-8cd9-bb38fb15579f:192.168.157.223:33098], old=null
2019-10-17 21:16:01,118 [d2424f4d-20d2-4104-abcc-02e6288f3ffc@group-62509A8A5C15-LeaderElection236] INFO  impl.RaftServerImpl (RaftServerImpl.java:setRole(184)) - d2424f4d-20d2-4104-abcc-02e6288f3ffc@group-62509A8A5C15: changes role from CANDIDATE to FOLLOWER at term 253 for DISCOVERED_A_NEW_TERM
2019-10-17 21:16:01,118 [d2424f4d-20d2-4104-abcc-02e6288f3ffc@group-62509A8A5C15-LeaderElection236] INFO  impl.RoleInfo (RoleInfo.java:shutdownLeaderElection(134)) - d2424f4d-20d2-4104-abcc-02e6288f3ffc: shutdown LeaderElection
2019-10-17 21:16:01,118 [d2424f4d-20d2-4104-abcc-02e6288f3ffc@group-62509A8A5C15-LeaderElection236] INFO  impl.RoleInfo (RoleInfo.java:updateAndGet(143)) - d2424f4d-20d2-4104-abcc-02e6288f3ffc: start FollowerState
2019-10-17 21:16:01,167 [Thread-1787] INFO  impl.FollowerState (FollowerState.java:run(108)) - d2424f4d-20d2-4104-abcc-02e6288f3ffc@group-62509A8A5C15-FollowerState: change to CANDIDATE, lastRpcTime:49ms, electionTimeout:49ms
2019-10-17 21:16:01,168 [Thread-1787] INFO  impl.RoleInfo (RoleInfo.java:shutdownFollowerState(121)) - d2424f4d-20d2-4104-abcc-02e6288f3ffc: shutdown FollowerState
2019-10-17 21:16:01,168 [Thread-1787] INFO  impl.RaftServerImpl (RaftServerImpl.java:setRole(184)) - d2424f4d-20d2-4104-abcc-02e6288f3ffc@group-62509A8A5C15: changes role from  FOLLOWER to CANDIDATE at term 253 for changeToCandidate
2019-10-17 21:16:01,168 [Thread-1787] INFO  impl.RoleInfo (RoleInfo.java:updateAndGet(143)) - d2424f4d-20d2-4104-abcc-02e6288f3ffc: start LeaderElection
2019-10-17 21:16:01,181 [d2424f4d-20d2-4104-abcc-02e6288f3ffc@group-62509A8A5C15-LeaderElection237] INFO  impl.LeaderElection (LeaderElection.java:askForVotes(178)) - d2424f4d-20d2-4104-abcc-02e6288f3ffc@group-62509A8A5C15-LeaderElection237: begin an election at term 254 for -1: [3909bd6a-278d-4911-9d70-32680c972d02:192.168.157.223:33343, d2424f4d-20d2-4104-abcc-02e6288f3ffc:192.168.157.223:39352, 7c510082-4284-44ef-8cd9-bb38fb15579f:192.168.157.223:33098], old=null
2019-10-17 21:16:01,184 [grpc-default-executor-6] INFO  impl.RaftServerImpl (RaftServerImpl.java:setRole(184)) - 3909bd6a-278d-4911-9d70-32680c972d02@group-62509A8A5C15: changes role from  FOLLOWER to FOLLOWER at term 254 for recognizeCandidate:d2424f4d-20d2-4104-abcc-02e6288f3ffc
2019-10-17 21:16:01,184 [grpc-default-executor-6] INFO  impl.RoleInfo (RoleInfo.java:shutdownFollowerState(121)) - 3909bd6a-278d-4911-9d70-32680c972d02: shutdown FollowerState
2019-10-17 21:16:01,184 [grpc-default-executor-2] INFO  impl.RaftServerImpl (RaftServerImpl.java:setRole(184)) - 7c510082-4284-44ef-8cd9-bb38fb15579f@group-62509A8A5C15: changes role from  FOLLOWER to FOLLOWER at term 254 for recognizeCandidate:d2424f4d-20d2-4104-abcc-02e6288f3ffc
2019-10-17 21:16:01,184 [grpc-default-executor-6] INFO  impl.RoleInfo (RoleInfo.java:updateAndGet(143)) - 3909bd6a-278d-4911-9d70-32680c972d02: start FollowerState
2019-10-17 21:16:01,184 [Thread-1786] INFO  impl.FollowerState (FollowerState.java:run(117)) - 3909bd6a-278d-4911-9d70-32680c972d02@group-62509A8A5C15-FollowerState was interrupted: java.lang.InterruptedException: sleep interrupted
2019-10-17 21:16:01,184 [grpc-default-executor-2] INFO  impl.RoleInfo (RoleInfo.java:shutdownFollowerState(121)) - 7c510082-4284-44ef-8cd9-bb38fb15579f: shutdown FollowerState
2019-10-17 21:16:01,185 [grpc-default-executor-2] INFO  impl.RoleInfo (RoleInfo.java:updateAndGet(143)) - 7c510082-4284-44ef-8cd9-bb38fb15579f: start FollowerState
2019-10-17 21:16:01,185 [Thread-1785] INFO  impl.FollowerState (FollowerState.java:run(117)) - 7c510082-4284-44ef-8cd9-bb38fb15579f@group-62509A8A5C15-FollowerState was interrupted: java.lang.InterruptedException: sleep interrupted
2019-10-17 21:16:01,212 [d2424f4d-20d2-4104-abcc-02e6288f3ffc@group-62509A8A5C15-LeaderElection237] INFO  impl.LeaderElection (LeaderElection.java:logAndReturn(56)) - d2424f4d-20d2-4104-abcc-02e6288f3ffc@group-62509A8A5C15-LeaderElection237: Election REJECTED; received 2 response(s) [d2424f4d-20d2-4104-abcc-02e6288f3ffc<-3909bd6a-278d-4911-9d70-32680c972d02#0:FAIL-t254, d2424f4d-20d2-4104-abcc-02e6288f3ffc<-7c510082-4284-44ef-8cd9-bb38fb15579f#0:FAIL-t254] and 0 exception(s); d2424f4d-20d2-4104-abcc-02e6288f3ffc@group-62509A8A5C15:t254, leader=null, voted=d2424f4d-20d2-4104-abcc-02e6288f3ffc, raftlog=d2424f4d-20d2-4104-abcc-02e6288f3ffc@group-62509A8A5C15-SegmentedRaftLog:OPENED:c-1,f-1,i0, conf=-1: [3909bd6a-278d-4911-9d70-32680c972d02:192.168.157.223:33343, d2424f4d-20d2-4104-abcc-02e6288f3ffc:192.168.157.223:39352, 7c510082-4284-44ef-8cd9-bb38fb15579f:192.168.157.223:33098], old=null
2019-10-17 21:16:01,212 [d2424f4d-20d2-4104-abcc-02e6288f3ffc@group-62509A8A5C15-LeaderElection237] INFO  impl.RaftServerImpl (RaftServerImpl.java:setRole(184)) - d2424f4d-20d2-4104-abcc-02e6288f3ffc@group-62509A8A5C15: changes role from CANDIDATE to FOLLOWER at term 254 for DISCOVERED_A_NEW_TERM
2019-10-17 21:16:01,212 [d2424f4d-20d2-4104-abcc-02e6288f3ffc@group-62509A8A5C15-LeaderElection237] INFO  impl.RoleInfo (RoleInfo.java:shutdownLeaderElection(134)) - d2424f4d-20d2-4104-abcc-02e6288f3ffc: shutdown LeaderElection
2019-10-17 21:16:01,212 [d2424f4d-20d2-4104-abcc-02e6288f3ffc@group-62509A8A5C15-LeaderElection237] INFO  impl.RoleInfo (RoleInfo.java:updateAndGet(143)) - d2424f4d-20d2-4104-abcc-02e6288f3ffc: start FollowerState
2019-10-17 21:16:01,217 [Thread-1793] INFO  impl.FollowerState (FollowerState.java:run(108)) - d2424f4d-20d2-4104-abcc-02e6288f3ffc@group-62509A8A5C15-FollowerState: change to CANDIDATE, lastRpcTime:5ms, electionTimeout:5ms
2019-10-17 21:16:01,218 [Thread-1793] INFO  impl.RoleInfo (RoleInfo.java:shutdownFollowerState(121)) - d2424f4d-20d2-4104-abcc-02e6288f3ffc: shutdown FollowerState
2019-10-17 21:16:01,218 [Thread-1793] INFO  impl.RaftServerImpl (RaftServerImpl.java:setRole(184)) - d2424f4d-20d2-4104-abcc-02e6288f3ffc@group-62509A8A5C15: changes role from  FOLLOWER to CANDIDATE at term 254 for changeToCandidate
2019-10-17 21:16:01,218 [Thread-1793] INFO  impl.RoleInfo (RoleInfo.java:updateAndGet(143)) - d2424f4d-20d2-4104-abcc-02e6288f3ffc: start LeaderElection
2019-10-17 21:16:01,239 [d2424f4d-20d2-4104-abcc-02e6288f3ffc@group-62509A8A5C15-LeaderElection238] INFO  impl.LeaderElection (LeaderElection.java:askForVotes(178)) - d2424f4d-20d2-4104-abcc-02e6288f3ffc@group-62509A8A5C15-LeaderElection238: begin an election at term 255 for -1: [3909bd6a-278d-4911-9d70-32680c972d02:192.168.157.223:33343, d2424f4d-20d2-4104-abcc-02e6288f3ffc:192.168.157.223:39352, 7c510082-4284-44ef-8cd9-bb38fb15579f:192.168.157.223:33098], old=null
2019-10-17 21:16:01,241 [grpc-default-executor-6] INFO  impl.RaftServerImpl (RaftServerImpl.java:setRole(184)) - 3909bd6a-278d-4911-9d70-32680c972d02@group-62509A8A5C15: changes role from  FOLLOWER to FOLLOWER at term 255 for recognizeCandidate:d2424f4d-20d2-4104-abcc-02e6288f3ffc
2019-10-17 21:16:01,241 [grpc-default-executor-6] INFO  impl.RoleInfo (RoleInfo.java:shutdownFollowerState(121)) - 3909bd6a-278d-4911-9d70-32680c972d02: shutdown FollowerState
2019-10-17 21:16:01,241 [grpc-default-executor-2] INFO  impl.RaftServerImpl (RaftServerImpl.java:setRole(184)) - 7c510082-4284-44ef-8cd9-bb38fb15579f@group-62509A8A5C15: changes role from  FOLLOWER to FOLLOWER at term 255 for recognizeCandidate:d2424f4d-20d2-4104-abcc-02e6288f3ffc
2019-10-17 21:16:01,241 [Thread-1791] INFO  impl.FollowerState (FollowerState.java:run(117)) - 3909bd6a-278d-4911-9d70-32680c972d02@group-62509A8A5C15-FollowerState was interrupted: java.lang.InterruptedException: sleep interrupted
2019-10-17 21:16:01,241 [grpc-default-executor-6] INFO  impl.RoleInfo (RoleInfo.java:updateAndGet(143)) - 3909bd6a-278d-4911-9d70-32680c972d02: start FollowerState
2019-10-17 21:16:01,242 [grpc-default-executor-2] INFO  impl.RoleInfo (RoleInfo.java:shutdownFollowerState(121)) - 7c510082-4284-44ef-8cd9-bb38fb15579f: shutdown FollowerState
2019-10-17 21:16:01,242 [grpc-default-executor-2] INFO  impl.RoleInfo (RoleInfo.java:updateAndGet(143)) - 7c510082-4284-44ef-8cd9-bb38fb15579f: start FollowerState
2019-10-17 21:16:01,242 [Thread-1792] INFO  impl.FollowerState (FollowerState.java:run(117)) - 7c510082-4284-44ef-8cd9-bb38fb15579f@group-62509A8A5C15-FollowerState was interrupted: java.lang.InterruptedException: sleep interrupted
2019-10-17 21:16:01,255 [d2424f4d-20d2-4104-abcc-02e6288f3ffc@group-62509A8A5C15-LeaderElection238] INFO  impl.LeaderElection (LeaderElection.java:logAndReturn(56)) - d2424f4d-20d2-4104-abcc-02e6288f3ffc@group-62509A8A5C15-LeaderElection238: Election TIMEOUT; received 0 response(s) [] and 0 exception(s); d2424f4d-20d2-4104-abcc-02e6288f3ffc@group-62509A8A5C15:t255, leader=null, voted=d2424f4d-20d2-4104-abcc-02e6288f3ffc, raftlog=d2424f4d-20d2-4104-abcc-02e6288f3ffc@group-62509A8A5C15-SegmentedRaftLog:OPENED:c-1,f-1,i0, conf=-1: [3909bd6a-278d-4911-9d70-32680c972d02:192.168.157.223:33343, d2424f4d-20d2-4104-abcc-02e6288f3ffc:192.168.157.223:39352, 7c510082-4284-44ef-8cd9-bb38fb15579f:192.168.157.223:33098], old=null
2019-10-17 21:16:01,269 [d2424f4d-20d2-4104-abcc-02e6288f3ffc@group-62509A8A5C15-LeaderElection238] INFO  impl.LeaderElection (LeaderElection.java:askForVotes(178)) - d2424f4d-20d2-4104-abcc-02e6288f3ffc@group-62509A8A5C15-LeaderElection238: begin an election at term 256 for -1: [3909bd6a-278d-4911-9d70-32680c972d02:192.168.157.223:33343, d2424f4d-20d2-4104-abcc-02e6288f3ffc:192.168.157.223:39352, 7c510082-4284-44ef-8cd9-bb38fb15579f:192.168.157.223:33098], old=null
2019-10-17 21:16:01,271 [grpc-default-executor-6] INFO  impl.RaftServerImpl (RaftServerImpl.java:setRole(184)) - 3909bd6a-278d-4911-9d70-32680c972d02@group-62509A8A5C15: changes role from  FOLLOWER to FOLLOWER at term 256 for recognizeCandidate:d2424f4d-20d2-4104-abcc-02e6288f3ffc
2019-10-17 21:16:01,271 [grpc-default-executor-6] INFO  impl.RoleInfo (RoleInfo.java:shutdownFollowerState(121)) - 3909bd6a-278d-4911-9d70-32680c972d02: shutdown FollowerState
2019-10-17 21:16:01,271 [grpc-default-executor-2] INFO  impl.RaftServerImpl (RaftServerImpl.java:setRole(184)) - 7c510082-4284-44ef-8cd9-bb38fb15579f@group-62509A8A5C15: changes role from  FOLLOWER to FOLLOWER at term 256 for recognizeCandidate:d2424f4d-20d2-4104-abcc-02e6288f3ffc
2019-10-17 21:16:01,271 [Thread-1797] INFO  impl.FollowerState (FollowerState.java:run(117)) - 3909bd6a-278d-4911-9d70-32680c972d02@group-62509A8A5C15-FollowerState was interrupted: java.lang.InterruptedException: sleep interrupted
2019-10-17 21:16:01,271 [grpc-default-executor-6] INFO  impl.RoleInfo (RoleInfo.java:updateAndGet(143)) - 3909bd6a-278d-4911-9d70-32680c972d02: start FollowerState
2019-10-17 21:16:01,271 [grpc-default-executor-2] INFO  impl.RoleInfo (RoleInfo.java:shutdownFollowerState(121)) - 7c510082-4284-44ef-8cd9-bb38fb15579f: shutdown FollowerState
2019-10-17 21:16:01,272 [grpc-default-executor-2] INFO  impl.RoleInfo (RoleInfo.java:updateAndGet(143)) - 7c510082-4284-44ef-8cd9-bb38fb15579f: start FollowerState
2019-10-17 21:16:01,272 [Thread-1798] INFO  impl.FollowerState (FollowerState.java:run(117)) - 7c510082-4284-44ef-8cd9-bb38fb15579f@group-62509A8A5C15-FollowerState was interrupted: java.lang.InterruptedException: sleep interrupted
2019-10-17 21:16:01,294 [d2424f4d-20d2-4104-abcc-02e6288f3ffc@group-62509A8A5C15-LeaderElection238] INFO  impl.LeaderElection (LeaderElection.java:logAndReturn(56)) - d2424f4d-20d2-4104-abcc-02e6288f3ffc@group-62509A8A5C15-LeaderElection238: Election REJECTED; received 2 response(s) [d2424f4d-20d2-4104-abcc-02e6288f3ffc<-3909bd6a-278d-4911-9d70-32680c972d02#0:FAIL-t256, d2424f4d-20d2-4104-abcc-02e6288f3ffc<-7c510082-4284-44ef-8cd9-bb38fb15579f#0:FAIL-t256] and 0 exception(s); d2424f4d-20d2-4104-abcc-02e6288f3ffc@group-62509A8A5C15:t256, leader=null, voted=d2424f4d-20d2-4104-abcc-02e6288f3ffc, raftlog=d2424f4d-20d2-4104-abcc-02e6288f3ffc@group-62509A8A5C15-SegmentedRaftLog:OPENED:c-1,f-1,i0, conf=-1: [3909bd6a-278d-4911-9d70-32680c972d02:192.168.157.223:33343, d2424f4d-20d2-4104-abcc-02e6288f3ffc:192.168.157.223:39352, 7c510082-4284-44ef-8cd9-bb38fb15579f:192.168.157.223:33098], old=null
2019-10-17 21:16:01,294 [d2424f4d-20d2-4104-abcc-02e6288f3ffc@group-62509A8A5C15-LeaderElection238] INFO  impl.RaftServerImpl (RaftServerImpl.java:setRole(184)) - d2424f4d-20d2-4104-abcc-02e6288f3ffc@group-62509A8A5C15: changes role from CANDIDATE to FOLLOWER at term 256 for DISCOVERED_A_NEW_TERM
2019-10-17 21:16:01,294 [d2424f4d-20d2-4104-abcc-02e6288f3ffc@group-62509A8A5C15-LeaderElection238] INFO  impl.RoleInfo (RoleInfo.java:shutdownLeaderElection(134)) - d2424f4d-20d2-4104-abcc-02e6288f3ffc: shutdown LeaderElection
2019-10-17 21:16:01,295 [d2424f4d-20d2-4104-abcc-02e6288f3ffc@group-62509A8A5C15-LeaderElection238] INFO  impl.RoleInfo (RoleInfo.java:updateAndGet(143)) - d2424f4d-20d2-4104-abcc-02e6288f3ffc: start FollowerState
2019-10-17 21:16:01,436 [Thread-1803] INFO  impl.FollowerState (FollowerState.java:run(108)) - d2424f4d-20d2-4104-abcc-02e6288f3ffc@group-62509A8A5C15-FollowerState: change to CANDIDATE, lastRpcTime:141ms, electionTimeout:141ms
2019-10-17 21:16:01,436 [Thread-1803] INFO  impl.RoleInfo (RoleInfo.java:shutdownFollowerState(121)) - d2424f4d-20d2-4104-abcc-02e6288f3ffc: shutdown FollowerState
2019-10-17 21:16:01,436 [Thread-1803] INFO  impl.RaftServerImpl (RaftServerImpl.java:setRole(184)) - d2424f4d-20d2-4104-abcc-02e6288f3ffc@group-62509A8A5C15: changes role from  FOLLOWER to CANDIDATE at term 256 for changeToCandidate
2019-10-17 21:16:01,437 [Thread-1803] INFO  impl.RoleInfo (RoleInfo.java:updateAndGet(143)) - d2424f4d-20d2-4104-abcc-02e6288f3ffc: start LeaderElection
2019-10-17 21:16:01,450 [d2424f4d-20d2-4104-abcc-02e6288f3ffc@group-62509A8A5C15-LeaderElection239] INFO  impl.LeaderElection (LeaderElection.java:askForVotes(178)) - d2424f4d-20d2-4104-abcc-02e6288f3ffc@group-62509A8A5C15-LeaderElection239: begin an election at term 257 for -1: [3909bd6a-278d-4911-9d70-32680c972d02:192.168.157.223:33343, d2424f4d-20d2-4104-abcc-02e6288f3ffc:192.168.157.223:39352, 7c510082-4284-44ef-8cd9-bb38fb15579f:192.168.157.223:33098], old=null
2019-10-17 21:16:01,452 [grpc-default-executor-2] INFO  impl.RaftServerImpl (RaftServerImpl.java:setRole(184)) - 3909bd6a-278d-4911-9d70-32680c972d02@group-62509A8A5C15: changes role from  FOLLOWER to FOLLOWER at term 257 for recognizeCandidate:d2424f4d-20d2-4104-abcc-02e6288f3ffc
2019-10-17 21:16:01,452 [grpc-default-executor-6] INFO  impl.RaftServerImpl (RaftServerImpl.java:setRole(184)) - 7c510082-4284-44ef-8cd9-bb38fb15579f@group-62509A8A5C15: changes role from  FOLLOWER to FOLLOWER at term 257 for recognizeCandidate:d2424f4d-20d2-4104-abcc-02e6288f3ffc
2019-10-17 21:16:01,452 [grpc-default-executor-2] INFO  impl.RoleInfo (RoleInfo.java:shutdownFollowerState(121)) - 3909bd6a-278d-4911-9d70-32680c972d02: shutdown FollowerState
2019-10-17 21:16:01,452 [grpc-default-executor-6] INFO  impl.RoleInfo (RoleInfo.java:shutdownFollowerState(121)) - 7c510082-4284-44ef-8cd9-bb38fb15579f: shutdown FollowerState
2019-10-17 21:16:01,452 [Thread-1801] INFO  impl.FollowerState (FollowerState.java:run(117)) - 3909bd6a-278d-4911-9d70-32680c972d02@group-62509A8A5C15-FollowerState was interrupted: java.lang.InterruptedException: sleep interrupted
2019-10-17 21:16:01,452 [grpc-default-executor-2] INFO  impl.RoleInfo (RoleInfo.java:updateAndGet(143)) - 3909bd6a-278d-4911-9d70-32680c972d02: start FollowerState
2019-10-17 21:16:01,453 [Thread-1802] INFO  impl.FollowerState (FollowerState.java:run(117)) - 7c510082-4284-44ef-8cd9-bb38fb15579f@group-62509A8A5C15-FollowerState was interrupted: java.lang.InterruptedException: sleep interrupted
2019-10-17 21:16:01,453 [grpc-default-executor-6] INFO  impl.RoleInfo (RoleInfo.java:updateAndGet(143)) - 7c510082-4284-44ef-8cd9-bb38fb15579f: start FollowerState
2019-10-17 21:16:01,466 [d2424f4d-20d2-4104-abcc-02e6288f3ffc@group-62509A8A5C15-LeaderElection239] INFO  impl.LeaderElection (LeaderElection.java:logAndReturn(56)) - d2424f4d-20d2-4104-abcc-02e6288f3ffc@group-62509A8A5C15-LeaderElection239: Election REJECTED; received 2 response(s) [d2424f4d-20d2-4104-abcc-02e6288f3ffc<-3909bd6a-278d-4911-9d70-32680c972d02#0:FAIL-t257, d2424f4d-20d2-4104-abcc-02e6288f3ffc<-7c510082-4284-44ef-8cd9-bb38fb15579f#0:FAIL-t257] and 0 exception(s); d2424f4d-20d2-4104-abcc-02e6288f3ffc@group-62509A8A5C15:t257, leader=null, voted=d2424f4d-20d2-4104-abcc-02e6288f3ffc, raftlog=d2424f4d-20d2-4104-abcc-02e6288f3ffc@group-62509A8A5C15-SegmentedRaftLog:OPENED:c-1,f-1,i0, conf=-1: [3909bd6a-278d-4911-9d70-32680c972d02:192.168.157.223:33343, d2424f4d-20d2-4104-abcc-02e6288f3ffc:192.168.157.223:39352, 7c510082-4284-44ef-8cd9-bb38fb15579f:192.168.157.223:33098], old=null
2019-10-17 21:16:01,466 [d2424f4d-20d2-4104-abcc-02e6288f3ffc@group-62509A8A5C15-LeaderElection239] INFO  impl.RaftServerImpl (RaftServerImpl.java:setRole(184)) - d2424f4d-20d2-4104-abcc-02e6288f3ffc@group-62509A8A5C15: changes role from CANDIDATE to FOLLOWER at term 257 for DISCOVERED_A_NEW_TERM
2019-10-17 21:16:01,466 [d2424f4d-20d2-4104-abcc-02e6288f3ffc@group-62509A8A5C15-LeaderElection239] INFO  impl.RoleInfo (RoleInfo.java:shutdownLeaderElection(134)) - d2424f4d-20d2-4104-abcc-02e6288f3ffc: shutdown LeaderElection
2019-10-17 21:16:01,466 [d2424f4d-20d2-4104-abcc-02e6288f3ffc@group-62509A8A5C15-LeaderElection239] INFO  impl.RoleInfo (RoleInfo.java:updateAndGet(143)) - d2424f4d-20d2-4104-abcc-02e6288f3ffc: start FollowerState
2019-10-17 21:16:01,654 [Thread-1809] INFO  impl.FollowerState (FollowerState.java:run(108)) - d2424f4d-20d2-4104-abcc-02e6288f3ffc@group-62509A8A5C15-FollowerState: change to CANDIDATE, lastRpcTime:187ms, electionTimeout:187ms
2019-10-17 21:16:01,654 [Thread-1809] INFO  impl.RoleInfo (RoleInfo.java:shutdownFollowerState(121)) - d2424f4d-20d2-4104-abcc-02e6288f3ffc: shutdown FollowerState
2019-10-17 21:16:01,654 [Thread-1809] INFO  impl.RaftServerImpl (RaftServerImpl.java:setRole(184)) - d2424f4d-20d2-4104-abcc-02e6288f3ffc@group-62509A8A5C15: changes role from  FOLLOWER to CANDIDATE at term 257 for changeToCandidate
2019-10-17 21:16:01,654 [Thread-1809] INFO  impl.RoleInfo (RoleInfo.java:updateAndGet(143)) - d2424f4d-20d2-4104-abcc-02e6288f3ffc: start LeaderElection
2019-10-17 21:16:01,668 [d2424f4d-20d2-4104-abcc-02e6288f3ffc@group-62509A8A5C15-LeaderElection240] INFO  impl.LeaderElection (LeaderElection.java:askForVotes(178)) - d2424f4d-20d2-4104-abcc-02e6288f3ffc@group-62509A8A5C15-LeaderElection240: begin an election at term 258 for -1: [3909bd6a-278d-4911-9d70-32680c972d02:192.168.157.223:33343, d2424f4d-20d2-4104-abcc-02e6288f3ffc:192.168.157.223:39352, 7c510082-4284-44ef-8cd9-bb38fb15579f:192.168.157.223:33098], old=null
2019-10-17 21:16:01,670 [grpc-default-executor-2] INFO  impl.RaftServerImpl (RaftServerImpl.java:setRole(184)) - 3909bd6a-278d-4911-9d70-32680c972d02@group-62509A8A5C15: changes role from  FOLLOWER to FOLLOWER at term 258 for recognizeCandidate:d2424f4d-20d2-4104-abcc-02e6288f3ffc
2019-10-17 21:16:01,670 [grpc-default-executor-2] INFO  impl.RoleInfo (RoleInfo.java:shutdownFollowerState(121)) - 3909bd6a-278d-4911-9d70-32680c972d02: shutdown FollowerState
2019-10-17 21:16:01,670 [grpc-default-executor-6] INFO  impl.RaftServerImpl (RaftServerImpl.java:setRole(184)) - 7c510082-4284-44ef-8cd9-bb38fb15579f@group-62509A8A5C15: changes role from  FOLLOWER to FOLLOWER at term 258 for recognizeCandidate:d2424f4d-20d2-4104-abcc-02e6288f3ffc
2019-10-17 21:16:01,670 [Thread-1807] INFO  impl.FollowerState (FollowerState.java:run(117)) - 3909bd6a-278d-4911-9d70-32680c972d02@group-62509A8A5C15-FollowerState was interrupted: java.lang.InterruptedException: sleep interrupted
2019-10-17 21:16:01,670 [grpc-default-executor-2] INFO  impl.RoleInfo (RoleInfo.java:updateAndGet(143)) - 3909bd6a-278d-4911-9d70-32680c972d02: start FollowerState
2019-10-17 21:16:01,670 [grpc-default-executor-6] INFO  impl.RoleInfo (RoleInfo.java:shutdownFollowerState(121)) - 7c510082-4284-44ef-8cd9-bb38fb15579f: shutdown FollowerState
2019-10-17 21:16:01,671 [grpc-default-executor-6] INFO  impl.RoleInfo (RoleInfo.java:updateAndGet(143)) - 7c510082-4284-44ef-8cd9-bb38fb15579f: start FollowerState
2019-10-17 21:16:01,671 [Thread-1808] INFO  impl.FollowerState (FollowerState.java:run(117)) - 7c510082-4284-44ef-8cd9-bb38fb15579f@group-62509A8A5C15-FollowerState was interrupted: java.lang.InterruptedException: sleep interrupted
2019-10-17 21:16:01,696 [d2424f4d-20d2-4104-abcc-02e6288f3ffc@group-62509A8A5C15-LeaderElection240] INFO  impl.LeaderElection (LeaderElection.java:logAndReturn(56)) - d2424f4d-20d2-4104-abcc-02e6288f3ffc@group-62509A8A5C15-LeaderElection240: Election REJECTED; received 2 response(s) [d2424f4d-20d2-4104-abcc-02e6288f3ffc<-3909bd6a-278d-4911-9d70-32680c972d02#0:FAIL-t258, d2424f4d-20d2-4104-abcc-02e6288f3ffc<-7c510082-4284-44ef-8cd9-bb38fb15579f#0:FAIL-t258] and 0 exception(s); d2424f4d-20d2-4104-abcc-02e6288f3ffc@group-62509A8A5C15:t258, leader=null, voted=d2424f4d-20d2-4104-abcc-02e6288f3ffc, raftlog=d2424f4d-20d2-4104-abcc-02e6288f3ffc@group-62509A8A5C15-SegmentedRaftLog:OPENED:c-1,f-1,i0, conf=-1: [3909bd6a-278d-4911-9d70-32680c972d02:192.168.157.223:33343, d2424f4d-20d2-4104-abcc-02e6288f3ffc:192.168.157.223:39352, 7c510082-4284-44ef-8cd9-bb38fb15579f:192.168.157.223:33098], old=null
2019-10-17 21:16:01,697 [d2424f4d-20d2-4104-abcc-02e6288f3ffc@group-62509A8A5C15-LeaderElection240] INFO  impl.RaftServerImpl (RaftServerImpl.java:setRole(184)) - d2424f4d-20d2-4104-abcc-02e6288f3ffc@group-62509A8A5C15: changes role from CANDIDATE to FOLLOWER at term 258 for DISCOVERED_A_NEW_TERM
2019-10-17 21:16:01,697 [d2424f4d-20d2-4104-abcc-02e6288f3ffc@group-62509A8A5C15-LeaderElection240] INFO  impl.RoleInfo (RoleInfo.java:shutdownLeaderElection(134)) - d2424f4d-20d2-4104-abcc-02e6288f3ffc: shutdown LeaderElection
2019-10-17 21:16:01,697 [d2424f4d-20d2-4104-abcc-02e6288f3ffc@group-62509A8A5C15-LeaderElection240] INFO  impl.RoleInfo (RoleInfo.java:updateAndGet(143)) - d2424f4d-20d2-4104-abcc-02e6288f3ffc: start FollowerState
2019-10-17 21:16:01,729 [Thread-1815] INFO  impl.FollowerState (FollowerState.java:run(108)) - d2424f4d-20d2-4104-abcc-02e6288f3ffc@group-62509A8A5C15-FollowerState: change to CANDIDATE, lastRpcTime:32ms, electionTimeout:32ms
2019-10-17 21:16:01,730 [Thread-1815] INFO  impl.RoleInfo (RoleInfo.java:shutdownFollowerState(121)) - d2424f4d-20d2-4104-abcc-02e6288f3ffc: shutdown FollowerState
2019-10-17 21:16:01,730 [Thread-1815] INFO  impl.RaftServerImpl (RaftServerImpl.java:setRole(184)) - d2424f4d-20d2-4104-abcc-02e6288f3ffc@group-62509A8A5C15: changes role from  FOLLOWER to CANDIDATE at term 258 for changeToCandidate
2019-10-17 21:16:01,730 [Thread-1815] INFO  impl.RoleInfo (RoleInfo.java:updateAndGet(143)) - d2424f4d-20d2-4104-abcc-02e6288f3ffc: start LeaderElection
2019-10-17 21:16:01,756 [d2424f4d-20d2-4104-abcc-02e6288f3ffc@group-62509A8A5C15-LeaderElection241] INFO  impl.LeaderElection (LeaderElection.java:askForVotes(178)) - d2424f4d-20d2-4104-abcc-02e6288f3ffc@group-62509A8A5C15-LeaderElection241: begin an election at term 259 for -1: [3909bd6a-278d-4911-9d70-32680c972d02:192.168.157.223:33343, d2424f4d-20d2-4104-abcc-02e6288f3ffc:192.168.157.223:39352, 7c510082-4284-44ef-8cd9-bb38fb15579f:192.168.157.223:33098], old=null
2019-10-17 21:16:01,758 [grpc-default-executor-6] INFO  impl.RaftServerImpl (RaftServerImpl.java:setRole(184)) - 3909bd6a-278d-4911-9d70-32680c972d02@group-62509A8A5C15: changes role from  FOLLOWER to FOLLOWER at term 259 for recognizeCandidate:d2424f4d-20d2-4104-abcc-02e6288f3ffc
2019-10-17 21:16:01,759 [grpc-default-executor-6] INFO  impl.RoleInfo (RoleInfo.java:shutdownFollowerState(121)) - 3909bd6a-278d-4911-9d70-32680c972d02: shutdown FollowerState
2019-10-17 21:16:01,759 [grpc-default-executor-2] INFO  impl.RaftServerImpl (RaftServerImpl.java:setRole(184)) - 7c510082-4284-44ef-8cd9-bb38fb15579f@group-62509A8A5C15: changes role from  FOLLOWER to FOLLOWER at term 259 for recognizeCandidate:d2424f4d-20d2-4104-abcc-02e6288f3ffc
2019-10-17 21:16:01,759 [grpc-default-executor-2] INFO  impl.RoleInfo (RoleInfo.java:shutdownFollowerState(121)) - 7c510082-4284-44ef-8cd9-bb38fb15579f: shutdown FollowerState
2019-10-17 21:16:01,759 [Thread-1813] INFO  impl.FollowerState (FollowerState.java:run(117)) - 3909bd6a-278d-4911-9d70-32680c972d02@group-62509A8A5C15-FollowerState was interrupted: java.lang.InterruptedException: sleep interrupted
2019-10-17 21:16:01,759 [Thread-1814] INFO  impl.FollowerState (FollowerState.java:run(117)) - 7c510082-4284-44ef-8cd9-bb38fb15579f@group-62509A8A5C15-FollowerState was interrupted: java.lang.InterruptedException: sleep interrupted
2019-10-17 21:16:01,759 [grpc-default-executor-6] INFO  impl.RoleInfo (RoleInfo.java:updateAndGet(143)) - 3909bd6a-278d-4911-9d70-32680c972d02: start FollowerState
2019-10-17 21:16:01,759 [grpc-default-executor-2] INFO  impl.RoleInfo (RoleInfo.java:updateAndGet(143)) - 7c510082-4284-44ef-8cd9-bb38fb15579f: start FollowerState
2019-10-17 21:16:01,775 [d2424f4d-20d2-4104-abcc-02e6288f3ffc@group-62509A8A5C15-LeaderElection241] INFO  impl.LeaderElection (LeaderElection.java:logAndReturn(56)) - d2424f4d-20d2-4104-abcc-02e6288f3ffc@group-62509A8A5C15-LeaderElection241: Election REJECTED; received 2 response(s) [d2424f4d-20d2-4104-abcc-02e6288f3ffc<-3909bd6a-278d-4911-9d70-32680c972d02#0:FAIL-t259, d2424f4d-20d2-4104-abcc-02e6288f3ffc<-7c510082-4284-44ef-8cd9-bb38fb15579f#0:FAIL-t259] and 0 exception(s); d2424f4d-20d2-4104-abcc-02e6288f3ffc@group-62509A8A5C15:t259, leader=null, voted=d2424f4d-20d2-4104-abcc-02e6288f3ffc, raftlog=d2424f4d-20d2-4104-abcc-02e6288f3ffc@group-62509A8A5C15-SegmentedRaftLog:OPENED:c-1,f-1,i0, conf=-1: [3909bd6a-278d-4911-9d70-32680c972d02:192.168.157.223:33343, d2424f4d-20d2-4104-abcc-02e6288f3ffc:192.168.157.223:39352, 7c510082-4284-44ef-8cd9-bb38fb15579f:192.168.157.223:33098], old=null
2019-10-17 21:16:01,775 [d2424f4d-20d2-4104-abcc-02e6288f3ffc@group-62509A8A5C15-LeaderElection241] INFO  impl.RaftServerImpl (RaftServerImpl.java:setRole(184)) - d2424f4d-20d2-4104-abcc-02e6288f3ffc@group-62509A8A5C15: changes role from CANDIDATE to FOLLOWER at term 259 for DISCOVERED_A_NEW_TERM
2019-10-17 21:16:01,775 [d2424f4d-20d2-4104-abcc-02e6288f3ffc@group-62509A8A5C15-LeaderElection241] INFO  impl.RoleInfo (RoleInfo.java:shutdownLeaderElection(134)) - d2424f4d-20d2-4104-abcc-02e6288f3ffc: shutdown LeaderElection
2019-10-17 21:16:01,776 [d2424f4d-20d2-4104-abcc-02e6288f3ffc@group-62509A8A5C15-LeaderElection241] INFO  impl.RoleInfo (RoleInfo.java:updateAndGet(143)) - d2424f4d-20d2-4104-abcc-02e6288f3ffc: start FollowerState
2019-10-17 21:16:01,778 [Thread-1821] INFO  impl.FollowerState (FollowerState.java:run(108)) - d2424f4d-20d2-4104-abcc-02e6288f3ffc@group-62509A8A5C15-FollowerState: change to CANDIDATE, lastRpcTime:2ms, electionTimeout:2ms
2019-10-17 21:16:01,778 [Thread-1821] INFO  impl.RoleInfo (RoleInfo.java:shutdownFollowerState(121)) - d2424f4d-20d2-4104-abcc-02e6288f3ffc: shutdown FollowerState
2019-10-17 21:16:01,778 [Thread-1821] INFO  impl.RaftServerImpl (RaftServerImpl.java:setRole(184)) - d2424f4d-20d2-4104-abcc-02e6288f3ffc@group-62509A8A5C15: changes role from  FOLLOWER to CANDIDATE at term 259 for changeToCandidate
2019-10-17 21:16:01,778 [Thread-1821] INFO  impl.RoleInfo (RoleInfo.java:updateAndGet(143)) - d2424f4d-20d2-4104-abcc-02e6288f3ffc: start LeaderElection
2019-10-17 21:16:01,794 [d2424f4d-20d2-4104-abcc-02e6288f3ffc@group-62509A8A5C15-LeaderElection242] INFO  impl.LeaderElection (LeaderElection.java:askForVotes(178)) - d2424f4d-20d2-4104-abcc-02e6288f3ffc@group-62509A8A5C15-LeaderElection242: begin an election at term 260 for -1: [3909bd6a-278d-4911-9d70-32680c972d02:192.168.157.223:33343, d2424f4d-20d2-4104-abcc-02e6288f3ffc:192.168.157.223:39352, 7c510082-4284-44ef-8cd9-bb38fb15579f:192.168.157.223:33098], old=null
2019-10-17 21:16:01,796 [grpc-default-executor-2] INFO  impl.RaftServerImpl (RaftServerImpl.java:setRole(184)) - 3909bd6a-278d-4911-9d70-32680c972d02@group-62509A8A5C15: changes role from  FOLLOWER to FOLLOWER at term 260 for recognizeCandidate:d2424f4d-20d2-4104-abcc-02e6288f3ffc
2019-10-17 21:16:01,796 [grpc-default-executor-2] INFO  impl.RoleInfo (RoleInfo.java:shutdownFollowerState(121)) - 3909bd6a-278d-4911-9d70-32680c972d02: shutdown FollowerState
2019-10-17 21:16:01,796 [grpc-default-executor-2] INFO  impl.RoleInfo (RoleInfo.java:updateAndGet(143)) - 3909bd6a-278d-4911-9d70-32680c972d02: start FollowerState
2019-10-17 21:16:01,796 [grpc-default-executor-6] INFO  impl.RaftServerImpl (RaftServerImpl.java:setRole(184)) - 7c510082-4284-44ef-8cd9-bb38fb15579f@group-62509A8A5C15: changes role from  FOLLOWER to FOLLOWER at term 260 for recognizeCandidate:d2424f4d-20d2-4104-abcc-02e6288f3ffc
2019-10-17 21:16:01,796 [Thread-1819] INFO  impl.FollowerState (FollowerState.java:run(117)) - 3909bd6a-278d-4911-9d70-32680c972d02@group-62509A8A5C15-FollowerState was interrupted: java.lang.InterruptedException: sleep interrupted
2019-10-17 21:16:01,796 [grpc-default-executor-6] INFO  impl.RoleInfo (RoleInfo.java:shutdownFollowerState(121)) - 7c510082-4284-44ef-8cd9-bb38fb15579f: shutdown FollowerState
2019-10-17 21:16:01,797 [grpc-default-executor-6] INFO  impl.RoleInfo (RoleInfo.java:updateAndGet(143)) - 7c510082-4284-44ef-8cd9-bb38fb15579f: start FollowerState
2019-10-17 21:16:01,797 [Thread-1820] INFO  impl.FollowerState (FollowerState.java:run(117)) - 7c510082-4284-44ef-8cd9-bb38fb15579f@group-62509A8A5C15-FollowerState was interrupted: java.lang.InterruptedException: sleep interrupted
2019-10-17 21:16:01,812 [d2424f4d-20d2-4104-abcc-02e6288f3ffc@group-62509A8A5C15-LeaderElection242] INFO  impl.LeaderElection (LeaderElection.java:logAndReturn(56)) - d2424f4d-20d2-4104-abcc-02e6288f3ffc@group-62509A8A5C15-LeaderElection242: Election REJECTED; received 2 response(s) [d2424f4d-20d2-4104-abcc-02e6288f3ffc<-3909bd6a-278d-4911-9d70-32680c972d02#0:FAIL-t260, d2424f4d-20d2-4104-abcc-02e6288f3ffc<-7c510082-4284-44ef-8cd9-bb38fb15579f#0:FAIL-t260] and 0 exception(s); d2424f4d-20d2-4104-abcc-02e6288f3ffc@group-62509A8A5C15:t260, leader=null, voted=d2424f4d-20d2-4104-abcc-02e6288f3ffc, raftlog=d2424f4d-20d2-4104-abcc-02e6288f3ffc@group-62509A8A5C15-SegmentedRaftLog:OPENED:c-1,f-1,i0, conf=-1: [3909bd6a-278d-4911-9d70-32680c972d02:192.168.157.223:33343, d2424f4d-20d2-4104-abcc-02e6288f3ffc:192.168.157.223:39352, 7c510082-4284-44ef-8cd9-bb38fb15579f:192.168.157.223:33098], old=null
2019-10-17 21:16:01,812 [d2424f4d-20d2-4104-abcc-02e6288f3ffc@group-62509A8A5C15-LeaderElection242] INFO  impl.RaftServerImpl (RaftServerImpl.java:setRole(184)) - d2424f4d-20d2-4104-abcc-02e6288f3ffc@group-62509A8A5C15: changes role from CANDIDATE to FOLLOWER at term 260 for DISCOVERED_A_NEW_TERM
2019-10-17 21:16:01,812 [d2424f4d-20d2-4104-abcc-02e6288f3ffc@group-62509A8A5C15-LeaderElection242] INFO  impl.RoleInfo (RoleInfo.java:shutdownLeaderElection(134)) - d2424f4d-20d2-4104-abcc-02e6288f3ffc: shutdown LeaderElection
2019-10-17 21:16:01,813 [d2424f4d-20d2-4104-abcc-02e6288f3ffc@group-62509A8A5C15-LeaderElection242] INFO  impl.RoleInfo (RoleInfo.java:updateAndGet(143)) - d2424f4d-20d2-4104-abcc-02e6288f3ffc: start FollowerState
2019-10-17 21:16:01,881 [Thread-1827] INFO  impl.FollowerState (FollowerState.java:run(108)) - d2424f4d-20d2-4104-abcc-02e6288f3ffc@group-62509A8A5C15-FollowerState: change to CANDIDATE, lastRpcTime:68ms, electionTimeout:68ms
2019-10-17 21:16:01,881 [Thread-1827] INFO  impl.RoleInfo (RoleInfo.java:shutdownFollowerState(121)) - d2424f4d-20d2-4104-abcc-02e6288f3ffc: shutdown FollowerState
2019-10-17 21:16:01,881 [Thread-1827] INFO  impl.RaftServerImpl (RaftServerImpl.java:setRole(184)) - d2424f4d-20d2-4104-abcc-02e6288f3ffc@group-62509A8A5C15: changes role from  FOLLOWER to CANDIDATE at term 260 for changeToCandidate
2019-10-17 21:16:01,881 [Thread-1827] INFO  impl.RoleInfo (RoleInfo.java:updateAndGet(143)) - d2424f4d-20d2-4104-abcc-02e6288f3ffc: start LeaderElection
2019-10-17 21:16:01,896 [d2424f4d-20d2-4104-abcc-02e6288f3ffc@group-62509A8A5C15-LeaderElection243] INFO  impl.LeaderElection (LeaderElection.java:askForVotes(178)) - d2424f4d-20d2-4104-abcc-02e6288f3ffc@group-62509A8A5C15-LeaderElection243: begin an election at term 261 for -1: [3909bd6a-278d-4911-9d70-32680c972d02:192.168.157.223:33343, d2424f4d-20d2-4104-abcc-02e6288f3ffc:192.168.157.223:39352, 7c510082-4284-44ef-8cd9-bb38fb15579f:192.168.157.223:33098], old=null
2019-10-17 21:16:01,898 [grpc-default-executor-2] INFO  impl.RaftServerImpl (RaftServerImpl.java:setRole(184)) - 3909bd6a-278d-4911-9d70-32680c972d02@group-62509A8A5C15: changes role from  FOLLOWER to FOLLOWER at term 261 for recognizeCandidate:d2424f4d-20d2-4104-abcc-02e6288f3ffc
2019-10-17 21:16:01,898 [grpc-default-executor-2] INFO  impl.RoleInfo (RoleInfo.java:shutdownFollowerState(121)) - 3909bd6a-278d-4911-9d70-32680c972d02: shutdown FollowerState
2019-10-17 21:16:01,898 [grpc-default-executor-6] INFO  impl.RaftServerImpl (RaftServerImpl.java:setRole(184)) - 7c510082-4284-44ef-8cd9-bb38fb15579f@group-62509A8A5C15: changes role from  FOLLOWER to FOLLOWER at term 261 for recognizeCandidate:d2424f4d-20d2-4104-abcc-02e6288f3ffc
2019-10-17 21:16:01,898 [grpc-default-executor-6] INFO  impl.RoleInfo (RoleInfo.java:shutdownFollowerState(121)) - 7c510082-4284-44ef-8cd9-bb38fb15579f: shutdown FollowerState
2019-10-17 21:16:01,898 [grpc-default-executor-6] INFO  impl.RoleInfo (RoleInfo.java:updateAndGet(143)) - 7c510082-4284-44ef-8cd9-bb38fb15579f: start FollowerState
2019-10-17 21:16:01,898 [Thread-1825] INFO  impl.FollowerState (FollowerState.java:run(117)) - 3909bd6a-278d-4911-9d70-32680c972d02@group-62509A8A5C15-FollowerState was interrupted: java.lang.InterruptedException: sleep interrupted
2019-10-17 21:16:01,898 [grpc-default-executor-2] INFO  impl.RoleInfo (RoleInfo.java:updateAndGet(143)) - 3909bd6a-278d-4911-9d70-32680c972d02: start FollowerState
2019-10-17 21:16:01,898 [Thread-1826] INFO  impl.FollowerState (FollowerState.java:run(117)) - 7c510082-4284-44ef-8cd9-bb38fb15579f@group-62509A8A5C15-FollowerState was interrupted: java.lang.InterruptedException: sleep interrupted
2019-10-17 21:16:01,915 [d2424f4d-20d2-4104-abcc-02e6288f3ffc@group-62509A8A5C15-LeaderElection243] INFO  impl.LeaderElection (LeaderElection.java:logAndReturn(56)) - d2424f4d-20d2-4104-abcc-02e6288f3ffc@group-62509A8A5C15-LeaderElection243: Election REJECTED; received 2 response(s) [d2424f4d-20d2-4104-abcc-02e6288f3ffc<-3909bd6a-278d-4911-9d70-32680c972d02#0:FAIL-t261, d2424f4d-20d2-4104-abcc-02e6288f3ffc<-7c510082-4284-44ef-8cd9-bb38fb15579f#0:FAIL-t261] and 0 exception(s); d2424f4d-20d2-4104-abcc-02e6288f3ffc@group-62509A8A5C15:t261, leader=null, voted=d2424f4d-20d2-4104-abcc-02e6288f3ffc, raftlog=d2424f4d-20d2-4104-abcc-02e6288f3ffc@group-62509A8A5C15-SegmentedRaftLog:OPENED:c-1,f-1,i0, conf=-1: [3909bd6a-278d-4911-9d70-32680c972d02:192.168.157.223:33343, d2424f4d-20d2-4104-abcc-02e6288f3ffc:192.168.157.223:39352, 7c510082-4284-44ef-8cd9-bb38fb15579f:192.168.157.223:33098], old=null
2019-10-17 21:16:01,915 [d2424f4d-20d2-4104-abcc-02e6288f3ffc@group-62509A8A5C15-LeaderElection243] INFO  impl.RaftServerImpl (RaftServerImpl.java:setRole(184)) - d2424f4d-20d2-4104-abcc-02e6288f3ffc@group-62509A8A5C15: changes role from CANDIDATE to FOLLOWER at term 261 for DISCOVERED_A_NEW_TERM
2019-10-17 21:16:01,915 [d2424f4d-20d2-4104-abcc-02e6288f3ffc@group-62509A8A5C15-LeaderElection243] INFO  impl.RoleInfo (RoleInfo.java:shutdownLeaderElection(134)) - d2424f4d-20d2-4104-abcc-02e6288f3ffc: shutdown LeaderElection
2019-10-17 21:16:01,915 [d2424f4d-20d2-4104-abcc-02e6288f3ffc@group-62509A8A5C15-LeaderElection243] INFO  impl.RoleInfo (RoleInfo.java:updateAndGet(143)) - d2424f4d-20d2-4104-abcc-02e6288f3ffc: start FollowerState
2019-10-17 21:16:01,985 [Thread-1833] INFO  impl.FollowerState (FollowerState.java:run(108)) - d2424f4d-20d2-4104-abcc-02e6288f3ffc@group-62509A8A5C15-FollowerState: change to CANDIDATE, lastRpcTime:70ms, electionTimeout:70ms
2019-10-17 21:16:01,985 [Thread-1833] INFO  impl.RoleInfo (RoleInfo.java:shutdownFollowerState(121)) - d2424f4d-20d2-4104-abcc-02e6288f3ffc: shutdown FollowerState
2019-10-17 21:16:01,986 [Thread-1833] INFO  impl.RaftServerImpl (RaftServerImpl.java:setRole(184)) - d2424f4d-20d2-4104-abcc-02e6288f3ffc@group-62509A8A5C15: changes role from  FOLLOWER to CANDIDATE at term 261 for changeToCandidate
2019-10-17 21:16:01,986 [Thread-1833] INFO  impl.RoleInfo (RoleInfo.java:updateAndGet(143)) - d2424f4d-20d2-4104-abcc-02e6288f3ffc: start LeaderElection
2019-10-17 21:16:02,008 [d2424f4d-20d2-4104-abcc-02e6288f3ffc@group-62509A8A5C15-LeaderElection244] INFO  impl.LeaderElection (LeaderElection.java:askForVotes(178)) - d2424f4d-20d2-4104-abcc-02e6288f3ffc@group-62509A8A5C15-LeaderElection244: begin an election at term 262 for -1: [3909bd6a-278d-4911-9d70-32680c972d02:192.168.157.223:33343, d2424f4d-20d2-4104-abcc-02e6288f3ffc:192.168.157.223:39352, 7c510082-4284-44ef-8cd9-bb38fb15579f:192.168.157.223:33098], old=null
2019-10-17 21:16:02,010 [grpc-default-executor-6] INFO  impl.RaftServerImpl (RaftServerImpl.java:setRole(184)) - 3909bd6a-278d-4911-9d70-32680c972d02@group-62509A8A5C15: changes role from  FOLLOWER to FOLLOWER at term 262 for recognizeCandidate:d2424f4d-20d2-4104-abcc-02e6288f3ffc
2019-10-17 21:16:02,010 [grpc-default-executor-6] INFO  impl.RoleInfo (RoleInfo.java:shutdownFollowerState(121)) - 3909bd6a-278d-4911-9d70-32680c972d02: shutdown FollowerState
2019-10-17 21:16:02,010 [grpc-default-executor-2] INFO  impl.RaftServerImpl (RaftServerImpl.java:setRole(184)) - 7c510082-4284-44ef-8cd9-bb38fb15579f@group-62509A8A5C15: changes role from  FOLLOWER to FOLLOWER at term 262 for recognizeCandidate:d2424f4d-20d2-4104-abcc-02e6288f3ffc
2019-10-17 21:16:02,010 [Thread-1831] INFO  impl.FollowerState (FollowerState.java:run(117)) - 3909bd6a-278d-4911-9d70-32680c972d02@group-62509A8A5C15-FollowerState was interrupted: java.lang.InterruptedException: sleep interrupted
2019-10-17 21:16:02,010 [grpc-default-executor-6] INFO  impl.RoleInfo (RoleInfo.java:updateAndGet(143)) - 3909bd6a-278d-4911-9d70-32680c972d02: start FollowerState
2019-10-17 21:16:02,010 [grpc-default-executor-2] INFO  impl.RoleInfo (RoleInfo.java:shutdownFollowerState(121)) - 7c510082-4284-44ef-8cd9-bb38fb15579f: shutdown FollowerState
2019-10-17 21:16:02,011 [grpc-default-executor-2] INFO  impl.RoleInfo (RoleInfo.java:updateAndGet(143)) - 7c510082-4284-44ef-8cd9-bb38fb15579f: start FollowerState
2019-10-17 21:16:02,011 [Thread-1832] INFO  impl.FollowerState (FollowerState.java:run(117)) - 7c510082-4284-44ef-8cd9-bb38fb15579f@group-62509A8A5C15-FollowerState was interrupted: java.lang.InterruptedException: sleep interrupted
2019-10-17 21:16:02,039 [d2424f4d-20d2-4104-abcc-02e6288f3ffc@group-62509A8A5C15-LeaderElection244] INFO  impl.LeaderElection (LeaderElection.java:logAndReturn(56)) - d2424f4d-20d2-4104-abcc-02e6288f3ffc@group-62509A8A5C15-LeaderElection244: Election REJECTED; received 2 response(s) [d2424f4d-20d2-4104-abcc-02e6288f3ffc<-3909bd6a-278d-4911-9d70-32680c972d02#0:FAIL-t262, d2424f4d-20d2-4104-abcc-02e6288f3ffc<-7c510082-4284-44ef-8cd9-bb38fb15579f#0:FAIL-t262] and 0 exception(s); d2424f4d-20d2-4104-abcc-02e6288f3ffc@group-62509A8A5C15:t262, leader=null, voted=d2424f4d-20d2-4104-abcc-02e6288f3ffc, raftlog=d2424f4d-20d2-4104-abcc-02e6288f3ffc@group-62509A8A5C15-SegmentedRaftLog:OPENED:c-1,f-1,i0, conf=-1: [3909bd6a-278d-4911-9d70-32680c972d02:192.168.157.223:33343, d2424f4d-20d2-4104-abcc-02e6288f3ffc:192.168.157.223:39352, 7c510082-4284-44ef-8cd9-bb38fb15579f:192.168.157.223:33098], old=null
2019-10-17 21:16:02,039 [d2424f4d-20d2-4104-abcc-02e6288f3ffc@group-62509A8A5C15-LeaderElection244] INFO  impl.RaftServerImpl (RaftServerImpl.java:setRole(184)) - d2424f4d-20d2-4104-abcc-02e6288f3ffc@group-62509A8A5C15: changes role from CANDIDATE to FOLLOWER at term 262 for DISCOVERED_A_NEW_TERM
2019-10-17 21:16:02,039 [d2424f4d-20d2-4104-abcc-02e6288f3ffc@group-62509A8A5C15-LeaderElection244] INFO  impl.RoleInfo (RoleInfo.java:shutdownLeaderElection(134)) - d2424f4d-20d2-4104-abcc-02e6288f3ffc: shutdown LeaderElection
2019-10-17 21:16:02,040 [d2424f4d-20d2-4104-abcc-02e6288f3ffc@group-62509A8A5C15-LeaderElection244] INFO  impl.RoleInfo (RoleInfo.java:updateAndGet(143)) - d2424f4d-20d2-4104-abcc-02e6288f3ffc: start FollowerState
2019-10-17 21:16:02,174 [Thread-1841] INFO  impl.FollowerState (FollowerState.java:run(108)) - d2424f4d-20d2-4104-abcc-02e6288f3ffc@group-62509A8A5C15-FollowerState: change to CANDIDATE, lastRpcTime:134ms, electionTimeout:133ms
2019-10-17 21:16:02,174 [Thread-1841] INFO  impl.RoleInfo (RoleInfo.java:shutdownFollowerState(121)) - d2424f4d-20d2-4104-abcc-02e6288f3ffc: shutdown FollowerState
2019-10-17 21:16:02,174 [Thread-1841] INFO  impl.RaftServerImpl (RaftServerImpl.java:setRole(184)) - d2424f4d-20d2-4104-abcc-02e6288f3ffc@group-62509A8A5C15: changes role from  FOLLOWER to CANDIDATE at term 262 for changeToCandidate
2019-10-17 21:16:02,174 [Thread-1841] INFO  impl.RoleInfo (RoleInfo.java:updateAndGet(143)) - d2424f4d-20d2-4104-abcc-02e6288f3ffc: start LeaderElection
2019-10-17 21:16:02,190 [d2424f4d-20d2-4104-abcc-02e6288f3ffc@group-62509A8A5C15-LeaderElection245] INFO  impl.LeaderElection (LeaderElection.java:askForVotes(178)) - d2424f4d-20d2-4104-abcc-02e6288f3ffc@group-62509A8A5C15-LeaderElection245: begin an election at term 263 for -1: [3909bd6a-278d-4911-9d70-32680c972d02:192.168.157.223:33343, d2424f4d-20d2-4104-abcc-02e6288f3ffc:192.168.157.223:39352, 7c510082-4284-44ef-8cd9-bb38fb15579f:192.168.157.223:33098], old=null
2019-10-17 21:16:02,192 [grpc-default-executor-4] INFO  impl.RaftServerImpl (RaftServerImpl.java:setRole(184)) - 3909bd6a-278d-4911-9d70-32680c972d02@group-62509A8A5C15: changes role from  FOLLOWER to FOLLOWER at term 263 for recognizeCandidate:d2424f4d-20d2-4104-abcc-02e6288f3ffc
2019-10-17 21:16:02,193 [grpc-default-executor-4] INFO  impl.RoleInfo (RoleInfo.java:shutdownFollowerState(121)) - 3909bd6a-278d-4911-9d70-32680c972d02: shutdown FollowerState
2019-10-17 21:16:02,193 [grpc-default-executor-6] INFO  impl.RaftServerImpl (RaftServerImpl.java:setRole(184)) - 7c510082-4284-44ef-8cd9-bb38fb15579f@group-62509A8A5C15: changes role from  FOLLOWER to FOLLOWER at term 263 for recognizeCandidate:d2424f4d-20d2-4104-abcc-02e6288f3ffc
2019-10-17 21:16:02,193 [Thread-1837] INFO  impl.FollowerState (FollowerState.java:run(117)) - 3909bd6a-278d-4911-9d70-32680c972d02@group-62509A8A5C15-FollowerState was interrupted: java.lang.InterruptedException: sleep interrupted
2019-10-17 21:16:02,193 [grpc-default-executor-6] INFO  impl.RoleInfo (RoleInfo.java:shutdownFollowerState(121)) - 7c510082-4284-44ef-8cd9-bb38fb15579f: shutdown FollowerState
2019-10-17 21:16:02,193 [grpc-default-executor-4] INFO  impl.RoleInfo (RoleInfo.java:updateAndGet(143)) - 3909bd6a-278d-4911-9d70-32680c972d02: start FollowerState
2019-10-17 21:16:02,193 [Thread-1838] INFO  impl.FollowerState (FollowerState.java:run(117)) - 7c510082-4284-44ef-8cd9-bb38fb15579f@group-62509A8A5C15-FollowerState was interrupted: java.lang.InterruptedException: sleep interrupted
2019-10-17 21:16:02,193 [grpc-default-executor-6] INFO  impl.RoleInfo (RoleInfo.java:updateAndGet(143)) - 7c510082-4284-44ef-8cd9-bb38fb15579f: start FollowerState
2019-10-17 21:16:02,220 [d2424f4d-20d2-4104-abcc-02e6288f3ffc@group-62509A8A5C15-LeaderElection245] INFO  impl.LeaderElection (LeaderElection.java:logAndReturn(56)) - d2424f4d-20d2-4104-abcc-02e6288f3ffc@group-62509A8A5C15-LeaderElection245: Election REJECTED; received 2 response(s) [d2424f4d-20d2-4104-abcc-02e6288f3ffc<-3909bd6a-278d-4911-9d70-32680c972d02#0:FAIL-t263, d2424f4d-20d2-4104-abcc-02e6288f3ffc<-7c510082-4284-44ef-8cd9-bb38fb15579f#0:FAIL-t263] and 0 exception(s); d2424f4d-20d2-4104-abcc-02e6288f3ffc@group-62509A8A5C15:t263, leader=null, voted=d2424f4d-20d2-4104-abcc-02e6288f3ffc, raftlog=d2424f4d-20d2-4104-abcc-02e6288f3ffc@group-62509A8A5C15-SegmentedRaftLog:OPENED:c-1,f-1,i0, conf=-1: [3909bd6a-278d-4911-9d70-32680c972d02:192.168.157.223:33343, d2424f4d-20d2-4104-abcc-02e6288f3ffc:192.168.157.223:39352, 7c510082-4284-44ef-8cd9-bb38fb15579f:192.168.157.223:33098], old=null
2019-10-17 21:16:02,221 [d2424f4d-20d2-4104-abcc-02e6288f3ffc@group-62509A8A5C15-LeaderElection245] INFO  impl.RaftServerImpl (RaftServerImpl.java:setRole(184)) - d2424f4d-20d2-4104-abcc-02e6288f3ffc@group-62509A8A5C15: changes role from CANDIDATE to FOLLOWER at term 263 for DISCOVERED_A_NEW_TERM
2019-10-17 21:16:02,221 [d2424f4d-20d2-4104-abcc-02e6288f3ffc@group-62509A8A5C15-LeaderElection245] INFO  impl.RoleInfo (RoleInfo.java:shutdownLeaderElection(134)) - d2424f4d-20d2-4104-abcc-02e6288f3ffc: shutdown LeaderElection
2019-10-17 21:16:02,221 [d2424f4d-20d2-4104-abcc-02e6288f3ffc@group-62509A8A5C15-LeaderElection245] INFO  impl.RoleInfo (RoleInfo.java:updateAndGet(143)) - d2424f4d-20d2-4104-abcc-02e6288f3ffc: start FollowerState
2019-10-17 21:16:02,290 [Thread-1847] INFO  impl.FollowerState (FollowerState.java:run(108)) - d2424f4d-20d2-4104-abcc-02e6288f3ffc@group-62509A8A5C15-FollowerState: change to CANDIDATE, lastRpcTime:69ms, electionTimeout:69ms
2019-10-17 21:16:02,291 [Thread-1847] INFO  impl.RoleInfo (RoleInfo.java:shutdownFollowerState(121)) - d2424f4d-20d2-4104-abcc-02e6288f3ffc: shutdown FollowerState
2019-10-17 21:16:02,291 [Thread-1847] INFO  impl.RaftServerImpl (RaftServerImpl.java:setRole(184)) - d2424f4d-20d2-4104-abcc-02e6288f3ffc@group-62509A8A5C15: changes role from  FOLLOWER to CANDIDATE at term 263 for changeToCandidate
2019-10-17 21:16:02,291 [Thread-1847] INFO  impl.RoleInfo (RoleInfo.java:updateAndGet(143)) - d2424f4d-20d2-4104-abcc-02e6288f3ffc: start LeaderElection
2019-10-17 21:16:02,305 [d2424f4d-20d2-4104-abcc-02e6288f3ffc@group-62509A8A5C15-LeaderElection246] INFO  impl.LeaderElection (LeaderElection.java:askForVotes(178)) - d2424f4d-20d2-4104-abcc-02e6288f3ffc@group-62509A8A5C15-LeaderElection246: begin an election at term 264 for -1: [3909bd6a-278d-4911-9d70-32680c972d02:192.168.157.223:33343, d2424f4d-20d2-4104-abcc-02e6288f3ffc:192.168.157.223:39352, 7c510082-4284-44ef-8cd9-bb38fb15579f:192.168.157.223:33098], old=null
2019-10-17 21:16:02,307 [grpc-default-executor-6] INFO  impl.RaftServerImpl (RaftServerImpl.java:setRole(184)) - 7c510082-4284-44ef-8cd9-bb38fb15579f@group-62509A8A5C15: changes role from  FOLLOWER to FOLLOWER at term 264 for recognizeCandidate:d2424f4d-20d2-4104-abcc-02e6288f3ffc
2019-10-17 21:16:02,307 [grpc-default-executor-6] INFO  impl.RoleInfo (RoleInfo.java:shutdownFollowerState(121)) - 7c510082-4284-44ef-8cd9-bb38fb15579f: shutdown FollowerState
2019-10-17 21:16:02,307 [grpc-default-executor-4] INFO  impl.RaftServerImpl (RaftServerImpl.java:setRole(184)) - 3909bd6a-278d-4911-9d70-32680c972d02@group-62509A8A5C15: changes role from  FOLLOWER to FOLLOWER at term 264 for recognizeCandidate:d2424f4d-20d2-4104-abcc-02e6288f3ffc
2019-10-17 21:16:02,308 [Thread-1846] INFO  impl.FollowerState (FollowerState.java:run(117)) - 7c510082-4284-44ef-8cd9-bb38fb15579f@group-62509A8A5C15-FollowerState was interrupted: java.lang.InterruptedException: sleep interrupted
2019-10-17 21:16:02,308 [grpc-default-executor-6] INFO  impl.RoleInfo (RoleInfo.java:updateAndGet(143)) - 7c510082-4284-44ef-8cd9-bb38fb15579f: start FollowerState
2019-10-17 21:16:02,308 [grpc-default-executor-4] INFO  impl.RoleInfo (RoleInfo.java:shutdownFollowerState(121)) - 3909bd6a-278d-4911-9d70-32680c972d02: shutdown FollowerState
2019-10-17 21:16:02,308 [grpc-default-executor-4] INFO  impl.RoleInfo (RoleInfo.java:updateAndGet(143)) - 3909bd6a-278d-4911-9d70-32680c972d02: start FollowerState
2019-10-17 21:16:02,308 [Thread-1845] INFO  impl.FollowerState (FollowerState.java:run(117)) - 3909bd6a-278d-4911-9d70-32680c972d02@group-62509A8A5C15-FollowerState was interrupted: java.lang.InterruptedException: sleep interrupted
2019-10-17 21:16:02,334 [d2424f4d-20d2-4104-abcc-02e6288f3ffc@group-62509A8A5C15-LeaderElection246] INFO  impl.LeaderElection (LeaderElection.java:logAndReturn(56)) - d2424f4d-20d2-4104-abcc-02e6288f3ffc@group-62509A8A5C15-LeaderElection246: Election REJECTED; received 2 response(s) [d2424f4d-20d2-4104-abcc-02e6288f3ffc<-3909bd6a-278d-4911-9d70-32680c972d02#0:FAIL-t264, d2424f4d-20d2-4104-abcc-02e6288f3ffc<-7c510082-4284-44ef-8cd9-bb38fb15579f#0:FAIL-t264] and 0 exception(s); d2424f4d-20d2-4104-abcc-02e6288f3ffc@group-62509A8A5C15:t264, leader=null, voted=d2424f4d-20d2-4104-abcc-02e6288f3ffc, raftlog=d2424f4d-20d2-4104-abcc-02e6288f3ffc@group-62509A8A5C15-SegmentedRaftLog:OPENED:c-1,f-1,i0, conf=-1: [3909bd6a-278d-4911-9d70-32680c972d02:192.168.157.223:33343, d2424f4d-20d2-4104-abcc-02e6288f3ffc:192.168.157.223:39352, 7c510082-4284-44ef-8cd9-bb38fb15579f:192.168.157.223:33098], old=null
2019-10-17 21:16:02,334 [d2424f4d-20d2-4104-abcc-02e6288f3ffc@group-62509A8A5C15-LeaderElection246] INFO  impl.RaftServerImpl (RaftServerImpl.java:setRole(184)) - d2424f4d-20d2-4104-abcc-02e6288f3ffc@group-62509A8A5C15: changes role from CANDIDATE to FOLLOWER at term 264 for DISCOVERED_A_NEW_TERM
2019-10-17 21:16:02,334 [d2424f4d-20d2-4104-abcc-02e6288f3ffc@group-62509A8A5C15-LeaderElection246] INFO  impl.RoleInfo (RoleInfo.java:shutdownLeaderElection(134)) - d2424f4d-20d2-4104-abcc-02e6288f3ffc: shutdown LeaderElection
2019-10-17 21:16:02,335 [d2424f4d-20d2-4104-abcc-02e6288f3ffc@group-62509A8A5C15-LeaderElection246] INFO  impl.RoleInfo (RoleInfo.java:updateAndGet(143)) - d2424f4d-20d2-4104-abcc-02e6288f3ffc: start FollowerState
2019-10-17 21:16:02,528 [Thread-1853] INFO  impl.FollowerState (FollowerState.java:run(108)) - d2424f4d-20d2-4104-abcc-02e6288f3ffc@group-62509A8A5C15-FollowerState: change to CANDIDATE, lastRpcTime:193ms, electionTimeout:193ms
2019-10-17 21:16:02,528 [Thread-1853] INFO  impl.RoleInfo (RoleInfo.java:shutdownFollowerState(121)) - d2424f4d-20d2-4104-abcc-02e6288f3ffc: shutdown FollowerState
2019-10-17 21:16:02,528 [Thread-1853] INFO  impl.RaftServerImpl (RaftServerImpl.java:setRole(184)) - d2424f4d-20d2-4104-abcc-02e6288f3ffc@group-62509A8A5C15: changes role from  FOLLOWER to CANDIDATE at term 264 for changeToCandidate
2019-10-17 21:16:02,529 [Thread-1853] INFO  impl.RoleInfo (RoleInfo.java:updateAndGet(143)) - d2424f4d-20d2-4104-abcc-02e6288f3ffc: start LeaderElection
2019-10-17 21:16:02,542 [d2424f4d-20d2-4104-abcc-02e6288f3ffc@group-62509A8A5C15-LeaderElection247] INFO  impl.LeaderElection (LeaderElection.java:askForVotes(178)) - d2424f4d-20d2-4104-abcc-02e6288f3ffc@group-62509A8A5C15-LeaderElection247: begin an election at term 265 for -1: [3909bd6a-278d-4911-9d70-32680c972d02:192.168.157.223:33343, d2424f4d-20d2-4104-abcc-02e6288f3ffc:192.168.157.223:39352, 7c510082-4284-44ef-8cd9-bb38fb15579f:192.168.157.223:33098], old=null
2019-10-17 21:16:02,544 [grpc-default-executor-4] INFO  impl.RaftServerImpl (RaftServerImpl.java:setRole(184)) - 3909bd6a-278d-4911-9d70-32680c972d02@group-62509A8A5C15: changes role from  FOLLOWER to FOLLOWER at term 265 for recognizeCandidate:d2424f4d-20d2-4104-abcc-02e6288f3ffc
2019-10-17 21:16:02,544 [grpc-default-executor-4] INFO  impl.RoleInfo (RoleInfo.java:shutdownFollowerState(121)) - 3909bd6a-278d-4911-9d70-32680c972d02: shutdown FollowerState
2019-10-17 21:16:02,544 [grpc-default-executor-6] INFO  impl.RaftServerImpl (RaftServerImpl.java:setRole(184)) - 7c510082-4284-44ef-8cd9-bb38fb15579f@group-62509A8A5C15: changes role from  FOLLOWER to FOLLOWER at term 265 for recognizeCandidate:d2424f4d-20d2-4104-abcc-02e6288f3ffc
2019-10-17 21:16:02,545 [Thread-1852] INFO  impl.FollowerState (FollowerState.java:run(117)) - 3909bd6a-278d-4911-9d70-32680c972d02@group-62509A8A5C15-FollowerState was interrupted: java.lang.InterruptedException: sleep interrupted
2019-10-17 21:16:02,545 [grpc-default-executor-4] INFO  impl.RoleInfo (RoleInfo.java:updateAndGet(143)) - 3909bd6a-278d-4911-9d70-32680c972d02: start FollowerState
2019-10-17 21:16:02,545 [grpc-default-executor-6] INFO  impl.RoleInfo (RoleInfo.java:shutdownFollowerState(121)) - 7c510082-4284-44ef-8cd9-bb38fb15579f: shutdown FollowerState
2019-10-17 21:16:02,545 [Thread-1851] INFO  impl.FollowerState (FollowerState.java:run(117)) - 7c510082-4284-44ef-8cd9-bb38fb15579f@group-62509A8A5C15-FollowerState was interrupted: java.lang.InterruptedException: sleep interrupted
2019-10-17 21:16:02,545 [grpc-default-executor-6] INFO  impl.RoleInfo (RoleInfo.java:updateAndGet(143)) - 7c510082-4284-44ef-8cd9-bb38fb15579f: start FollowerState
2019-10-17 21:16:02,565 [d2424f4d-20d2-4104-abcc-02e6288f3ffc@group-62509A8A5C15-LeaderElection247] INFO  impl.LeaderElection (LeaderElection.java:logAndReturn(56)) - d2424f4d-20d2-4104-abcc-02e6288f3ffc@group-62509A8A5C15-LeaderElection247: Election TIMEOUT; received 0 response(s) [] and 0 exception(s); d2424f4d-20d2-4104-abcc-02e6288f3ffc@group-62509A8A5C15:t265, leader=null, voted=d2424f4d-20d2-4104-abcc-02e6288f3ffc, raftlog=d2424f4d-20d2-4104-abcc-02e6288f3ffc@group-62509A8A5C15-SegmentedRaftLog:OPENED:c-1,f-1,i0, conf=-1: [3909bd6a-278d-4911-9d70-32680c972d02:192.168.157.223:33343, d2424f4d-20d2-4104-abcc-02e6288f3ffc:192.168.157.223:39352, 7c510082-4284-44ef-8cd9-bb38fb15579f:192.168.157.223:33098], old=null
2019-10-17 21:16:02,573 [d2424f4d-20d2-4104-abcc-02e6288f3ffc@group-62509A8A5C15-LeaderElection247] INFO  impl.LeaderElection (LeaderElection.java:askForVotes(178)) - d2424f4d-20d2-4104-abcc-02e6288f3ffc@group-62509A8A5C15-LeaderElection247: begin an election at term 266 for -1: [3909bd6a-278d-4911-9d70-32680c972d02:192.168.157.223:33343, d2424f4d-20d2-4104-abcc-02e6288f3ffc:192.168.157.223:39352, 7c510082-4284-44ef-8cd9-bb38fb15579f:192.168.157.223:33098], old=null
2019-10-17 21:16:02,575 [grpc-default-executor-6] INFO  impl.RaftServerImpl (RaftServerImpl.java:setRole(184)) - 3909bd6a-278d-4911-9d70-32680c972d02@group-62509A8A5C15: changes role from  FOLLOWER to FOLLOWER at term 266 for recognizeCandidate:d2424f4d-20d2-4104-abcc-02e6288f3ffc
2019-10-17 21:16:02,575 [grpc-default-executor-6] INFO  impl.RoleInfo (RoleInfo.java:shutdownFollowerState(121)) - 3909bd6a-278d-4911-9d70-32680c972d02: shutdown FollowerState
2019-10-17 21:16:02,575 [grpc-default-executor-4] INFO  impl.RaftServerImpl (RaftServerImpl.java:setRole(184)) - 7c510082-4284-44ef-8cd9-bb38fb15579f@group-62509A8A5C15: changes role from  FOLLOWER to FOLLOWER at term 266 for recognizeCandidate:d2424f4d-20d2-4104-abcc-02e6288f3ffc
2019-10-17 21:16:02,575 [Thread-1857] INFO  impl.FollowerState (FollowerState.java:run(117)) - 3909bd6a-278d-4911-9d70-32680c972d02@group-62509A8A5C15-FollowerState was interrupted: java.lang.InterruptedException: sleep interrupted
2019-10-17 21:16:02,575 [grpc-default-executor-6] INFO  impl.RoleInfo (RoleInfo.java:updateAndGet(143)) - 3909bd6a-278d-4911-9d70-32680c972d02: start FollowerState
2019-10-17 21:16:02,575 [grpc-default-executor-4] INFO  impl.RoleInfo (RoleInfo.java:shutdownFollowerState(121)) - 7c510082-4284-44ef-8cd9-bb38fb15579f: shutdown FollowerState
2019-10-17 21:16:02,576 [Thread-1858] INFO  impl.FollowerState (FollowerState.java:run(117)) - 7c510082-4284-44ef-8cd9-bb38fb15579f@group-62509A8A5C15-FollowerState was interrupted: java.lang.InterruptedException: sleep interrupted
2019-10-17 21:16:02,576 [grpc-default-executor-4] INFO  impl.RoleInfo (RoleInfo.java:updateAndGet(143)) - 7c510082-4284-44ef-8cd9-bb38fb15579f: start FollowerState
2019-10-17 21:16:02,581 [d2424f4d-20d2-4104-abcc-02e6288f3ffc@group-62509A8A5C15-LeaderElection247] INFO  impl.LeaderElection (LeaderElection.java:logAndReturn(56)) - d2424f4d-20d2-4104-abcc-02e6288f3ffc@group-62509A8A5C15-LeaderElection247: Election TIMEOUT; received 0 response(s) [] and 0 exception(s); d2424f4d-20d2-4104-abcc-02e6288f3ffc@group-62509A8A5C15:t266, leader=null, voted=d2424f4d-20d2-4104-abcc-02e6288f3ffc, raftlog=d2424f4d-20d2-4104-abcc-02e6288f3ffc@group-62509A8A5C15-SegmentedRaftLog:OPENED:c-1,f-1,i0, conf=-1: [3909bd6a-278d-4911-9d70-32680c972d02:192.168.157.223:33343, d2424f4d-20d2-4104-abcc-02e6288f3ffc:192.168.157.223:39352, 7c510082-4284-44ef-8cd9-bb38fb15579f:192.168.157.223:33098], old=null
2019-10-17 21:16:02,600 [d2424f4d-20d2-4104-abcc-02e6288f3ffc@group-62509A8A5C15-LeaderElection247] INFO  impl.LeaderElection (LeaderElection.java:askForVotes(178)) - d2424f4d-20d2-4104-abcc-02e6288f3ffc@group-62509A8A5C15-LeaderElection247: begin an election at term 267 for -1: [3909bd6a-278d-4911-9d70-32680c972d02:192.168.157.223:33343, d2424f4d-20d2-4104-abcc-02e6288f3ffc:192.168.157.223:39352, 7c510082-4284-44ef-8cd9-bb38fb15579f:192.168.157.223:33098], old=null
2019-10-17 21:16:02,602 [grpc-default-executor-4] INFO  impl.RaftServerImpl (RaftServerImpl.java:setRole(184)) - 7c510082-4284-44ef-8cd9-bb38fb15579f@group-62509A8A5C15: changes role from  FOLLOWER to FOLLOWER at term 267 for recognizeCandidate:d2424f4d-20d2-4104-abcc-02e6288f3ffc
2019-10-17 21:16:02,602 [grpc-default-executor-4] INFO  impl.RoleInfo (RoleInfo.java:shutdownFollowerState(121)) - 7c510082-4284-44ef-8cd9-bb38fb15579f: shutdown FollowerState
2019-10-17 21:16:02,602 [grpc-default-executor-4] INFO  impl.RoleInfo (RoleInfo.java:updateAndGet(143)) - 7c510082-4284-44ef-8cd9-bb38fb15579f: start FollowerState
2019-10-17 21:16:02,602 [Thread-1862] INFO  impl.FollowerState (FollowerState.java:run(117)) - 7c510082-4284-44ef-8cd9-bb38fb15579f@group-62509A8A5C15-FollowerState was interrupted: java.lang.InterruptedException: sleep interrupted
2019-10-17 21:16:02,607 [grpc-default-executor-6] INFO  impl.RaftServerImpl (RaftServerImpl.java:setRole(184)) - 3909bd6a-278d-4911-9d70-32680c972d02@group-62509A8A5C15: changes role from  FOLLOWER to FOLLOWER at term 267 for recognizeCandidate:d2424f4d-20d2-4104-abcc-02e6288f3ffc
2019-10-17 21:16:02,607 [grpc-default-executor-6] INFO  impl.RoleInfo (RoleInfo.java:shutdownFollowerState(121)) - 3909bd6a-278d-4911-9d70-32680c972d02: shutdown FollowerState
2019-10-17 21:16:02,607 [grpc-default-executor-6] INFO  impl.RoleInfo (RoleInfo.java:updateAndGet(143)) - 3909bd6a-278d-4911-9d70-32680c972d02: start FollowerState
2019-10-17 21:16:02,608 [Thread-1861] INFO  impl.FollowerState (FollowerState.java:run(117)) - 3909bd6a-278d-4911-9d70-32680c972d02@group-62509A8A5C15-FollowerState was interrupted: java.lang.InterruptedException: sleep interrupted
2019-10-17 21:16:02,614 [d2424f4d-20d2-4104-abcc-02e6288f3ffc@group-62509A8A5C15-LeaderElection247] INFO  impl.LeaderElection (LeaderElection.java:logAndReturn(56)) - d2424f4d-20d2-4104-abcc-02e6288f3ffc@group-62509A8A5C15-LeaderElection247: Election TIMEOUT; received 0 response(s) [] and 0 exception(s); d2424f4d-20d2-4104-abcc-02e6288f3ffc@group-62509A8A5C15:t267, leader=null, voted=d2424f4d-20d2-4104-abcc-02e6288f3ffc, raftlog=d2424f4d-20d2-4104-abcc-02e6288f3ffc@group-62509A8A5C15-SegmentedRaftLog:OPENED:c-1,f-1,i0, conf=-1: [3909bd6a-278d-4911-9d70-32680c972d02:192.168.157.223:33343, d2424f4d-20d2-4104-abcc-02e6288f3ffc:192.168.157.223:39352, 7c510082-4284-44ef-8cd9-bb38fb15579f:192.168.157.223:33098], old=null
2019-10-17 21:16:02,631 [d2424f4d-20d2-4104-abcc-02e6288f3ffc@group-62509A8A5C15-LeaderElection247] INFO  impl.LeaderElection (LeaderElection.java:askForVotes(178)) - d2424f4d-20d2-4104-abcc-02e6288f3ffc@group-62509A8A5C15-LeaderElection247: begin an election at term 268 for -1: [3909bd6a-278d-4911-9d70-32680c972d02:192.168.157.223:33343, d2424f4d-20d2-4104-abcc-02e6288f3ffc:192.168.157.223:39352, 7c510082-4284-44ef-8cd9-bb38fb15579f:192.168.157.223:33098], old=null
2019-10-17 21:16:02,633 [grpc-default-executor-6] INFO  impl.RaftServerImpl (RaftServerImpl.java:setRole(184)) - 7c510082-4284-44ef-8cd9-bb38fb15579f@group-62509A8A5C15: changes role from  FOLLOWER to FOLLOWER at term 268 for recognizeCandidate:d2424f4d-20d2-4104-abcc-02e6288f3ffc
2019-10-17 21:16:02,633 [grpc-default-executor-4] INFO  impl.RaftServerImpl (RaftServerImpl.java:setRole(184)) - 3909bd6a-278d-4911-9d70-32680c972d02@group-62509A8A5C15: changes role from  FOLLOWER to FOLLOWER at term 268 for recognizeCandidate:d2424f4d-20d2-4104-abcc-02e6288f3ffc
2019-10-17 21:16:02,633 [grpc-default-executor-6] INFO  impl.RoleInfo (RoleInfo.java:shutdownFollowerState(121)) - 7c510082-4284-44ef-8cd9-bb38fb15579f: shutdown FollowerState
2019-10-17 21:16:02,634 [grpc-default-executor-4] INFO  impl.RoleInfo (RoleInfo.java:shutdownFollowerState(121)) - 3909bd6a-278d-4911-9d70-32680c972d02: shutdown FollowerState
2019-10-17 21:16:02,634 [Thread-1865] INFO  impl.FollowerState (FollowerState.java:run(117)) - 7c510082-4284-44ef-8cd9-bb38fb15579f@group-62509A8A5C15-FollowerState was interrupted: java.lang.InterruptedException: sleep interrupted
2019-10-17 21:16:02,634 [grpc-default-executor-6] INFO  impl.RoleInfo (RoleInfo.java:updateAndGet(143)) - 7c510082-4284-44ef-8cd9-bb38fb15579f: start FollowerState
2019-10-17 21:16:02,634 [Thread-1866] INFO  impl.FollowerState (FollowerState.java:run(117)) - 3909bd6a-278d-4911-9d70-32680c972d02@group-62509A8A5C15-FollowerState was interrupted: java.lang.InterruptedException: sleep interrupted
2019-10-17 21:16:02,634 [grpc-default-executor-4] INFO  impl.RoleInfo (RoleInfo.java:updateAndGet(143)) - 3909bd6a-278d-4911-9d70-32680c972d02: start FollowerState
2019-10-17 21:16:02,649 [d2424f4d-20d2-4104-abcc-02e6288f3ffc@group-62509A8A5C15-LeaderElection247] INFO  impl.LeaderElection (LeaderElection.java:logAndReturn(56)) - d2424f4d-20d2-4104-abcc-02e6288f3ffc@group-62509A8A5C15-LeaderElection247: Election REJECTED; received 2 response(s) [d2424f4d-20d2-4104-abcc-02e6288f3ffc<-3909bd6a-278d-4911-9d70-32680c972d02#0:FAIL-t268, d2424f4d-20d2-4104-abcc-02e6288f3ffc<-7c510082-4284-44ef-8cd9-bb38fb15579f#0:FAIL-t268] and 0 exception(s); d2424f4d-20d2-4104-abcc-02e6288f3ffc@group-62509A8A5C15:t268, leader=null, voted=d2424f4d-20d2-4104-abcc-02e6288f3ffc, raftlog=d2424f4d-20d2-4104-abcc-02e6288f3ffc@group-62509A8A5C15-SegmentedRaftLog:OPENED:c-1,f-1,i0, conf=-1: [3909bd6a-278d-4911-9d70-32680c972d02:192.168.157.223:33343, d2424f4d-20d2-4104-abcc-02e6288f3ffc:192.168.157.223:39352, 7c510082-4284-44ef-8cd9-bb38fb15579f:192.168.157.223:33098], old=null
2019-10-17 21:16:02,649 [d2424f4d-20d2-4104-abcc-02e6288f3ffc@group-62509A8A5C15-LeaderElection247] INFO  impl.RaftServerImpl (RaftServerImpl.java:setRole(184)) - d2424f4d-20d2-4104-abcc-02e6288f3ffc@group-62509A8A5C15: changes role from CANDIDATE to FOLLOWER at term 268 for DISCOVERED_A_NEW_TERM
2019-10-17 21:16:02,649 [d2424f4d-20d2-4104-abcc-02e6288f3ffc@group-62509A8A5C15-LeaderElection247] INFO  impl.RoleInfo (RoleInfo.java:shutdownLeaderElection(134)) - d2424f4d-20d2-4104-abcc-02e6288f3ffc: shutdown LeaderElection
2019-10-17 21:16:02,649 [d2424f4d-20d2-4104-abcc-02e6288f3ffc@group-62509A8A5C15-LeaderElection247] INFO  impl.RoleInfo (RoleInfo.java:updateAndGet(143)) - d2424f4d-20d2-4104-abcc-02e6288f3ffc: start FollowerState
2019-10-17 21:16:02,657 [Thread-1871] INFO  impl.FollowerState (FollowerState.java:run(108)) - d2424f4d-20d2-4104-abcc-02e6288f3ffc@group-62509A8A5C15-FollowerState: change to CANDIDATE, lastRpcTime:7ms, electionTimeout:7ms
2019-10-17 21:16:02,657 [Thread-1871] INFO  impl.RoleInfo (RoleInfo.java:shutdownFollowerState(121)) - d2424f4d-20d2-4104-abcc-02e6288f3ffc: shutdown FollowerState
2019-10-17 21:16:02,657 [Thread-1871] INFO  impl.RaftServerImpl (RaftServerImpl.java:setRole(184)) - d2424f4d-20d2-4104-abcc-02e6288f3ffc@group-62509A8A5C15: changes role from  FOLLOWER to CANDIDATE at term 268 for changeToCandidate
2019-10-17 21:16:02,657 [Thread-1871] INFO  impl.RoleInfo (RoleInfo.java:updateAndGet(143)) - d2424f4d-20d2-4104-abcc-02e6288f3ffc: start LeaderElection
2019-10-17 21:16:02,670 [d2424f4d-20d2-4104-abcc-02e6288f3ffc@group-62509A8A5C15-LeaderElection248] INFO  impl.LeaderElection (LeaderElection.java:askForVotes(178)) - d2424f4d-20d2-4104-abcc-02e6288f3ffc@group-62509A8A5C15-LeaderElection248: begin an election at term 269 for -1: [3909bd6a-278d-4911-9d70-32680c972d02:192.168.157.223:33343, d2424f4d-20d2-4104-abcc-02e6288f3ffc:192.168.157.223:39352, 7c510082-4284-44ef-8cd9-bb38fb15579f:192.168.157.223:33098], old=null
2019-10-17 21:16:02,672 [grpc-default-executor-4] INFO  impl.RaftServerImpl (RaftServerImpl.java:setRole(184)) - 7c510082-4284-44ef-8cd9-bb38fb15579f@group-62509A8A5C15: changes role from  FOLLOWER to FOLLOWER at term 269 for recognizeCandidate:d2424f4d-20d2-4104-abcc-02e6288f3ffc
2019-10-17 21:16:02,672 [grpc-default-executor-6] INFO  impl.RaftServerImpl (RaftServerImpl.java:setRole(184)) - 3909bd6a-278d-4911-9d70-32680c972d02@group-62509A8A5C15: changes role from  FOLLOWER to FOLLOWER at term 269 for recognizeCandidate:d2424f4d-20d2-4104-abcc-02e6288f3ffc
2019-10-17 21:16:02,672 [grpc-default-executor-4] INFO  impl.RoleInfo (RoleInfo.java:shutdownFollowerState(121)) - 7c510082-4284-44ef-8cd9-bb38fb15579f: shutdown FollowerState
2019-10-17 21:16:02,672 [grpc-default-executor-6] INFO  impl.RoleInfo (RoleInfo.java:shutdownFollowerState(121)) - 3909bd6a-278d-4911-9d70-32680c972d02: shutdown FollowerState
2019-10-17 21:16:02,672 [Thread-1869] INFO  impl.FollowerState (FollowerState.java:run(117)) - 7c510082-4284-44ef-8cd9-bb38fb15579f@group-62509A8A5C15-FollowerState was interrupted: java.lang.InterruptedException: sleep interrupted
2019-10-17 21:16:02,672 [grpc-default-executor-4] INFO  impl.RoleInfo (RoleInfo.java:updateAndGet(143)) - 7c510082-4284-44ef-8cd9-bb38fb15579f: start FollowerState
2019-10-17 21:16:02,672 [grpc-default-executor-6] INFO  impl.RoleInfo (RoleInfo.java:updateAndGet(143)) - 3909bd6a-278d-4911-9d70-32680c972d02: start FollowerState
2019-10-17 21:16:02,672 [Thread-1870] INFO  impl.FollowerState (FollowerState.java:run(117)) - 3909bd6a-278d-4911-9d70-32680c972d02@group-62509A8A5C15-FollowerState was interrupted: java.lang.InterruptedException: sleep interrupted
2019-10-17 21:16:02,686 [d2424f4d-20d2-4104-abcc-02e6288f3ffc@group-62509A8A5C15-LeaderElection248] INFO  impl.LeaderElection (LeaderElection.java:logAndReturn(56)) - d2424f4d-20d2-4104-abcc-02e6288f3ffc@group-62509A8A5C15-LeaderElection248: Election REJECTED; received 2 response(s) [d2424f4d-20d2-4104-abcc-02e6288f3ffc<-3909bd6a-278d-4911-9d70-32680c972d02#0:FAIL-t269, d2424f4d-20d2-4104-abcc-02e6288f3ffc<-7c510082-4284-44ef-8cd9-bb38fb15579f#0:FAIL-t269] and 0 exception(s); d2424f4d-20d2-4104-abcc-02e6288f3ffc@group-62509A8A5C15:t269, leader=null, voted=d2424f4d-20d2-4104-abcc-02e6288f3ffc, raftlog=d2424f4d-20d2-4104-abcc-02e6288f3ffc@group-62509A8A5C15-SegmentedRaftLog:OPENED:c-1,f-1,i0, conf=-1: [3909bd6a-278d-4911-9d70-32680c972d02:192.168.157.223:33343, d2424f4d-20d2-4104-abcc-02e6288f3ffc:192.168.157.223:39352, 7c510082-4284-44ef-8cd9-bb38fb15579f:192.168.157.223:33098], old=null
2019-10-17 21:16:02,686 [d2424f4d-20d2-4104-abcc-02e6288f3ffc@group-62509A8A5C15-LeaderElection248] INFO  impl.RaftServerImpl (RaftServerImpl.java:setRole(184)) - d2424f4d-20d2-4104-abcc-02e6288f3ffc@group-62509A8A5C15: changes role from CANDIDATE to FOLLOWER at term 269 for DISCOVERED_A_NEW_TERM
2019-10-17 21:16:02,686 [d2424f4d-20d2-4104-abcc-02e6288f3ffc@group-62509A8A5C15-LeaderElection248] INFO  impl.RoleInfo (RoleInfo.java:shutdownLeaderElection(134)) - d2424f4d-20d2-4104-abcc-02e6288f3ffc: shutdown LeaderElection
2019-10-17 21:16:02,686 [d2424f4d-20d2-4104-abcc-02e6288f3ffc@group-62509A8A5C15-LeaderElection248] INFO  impl.RoleInfo (RoleInfo.java:updateAndGet(143)) - d2424f4d-20d2-4104-abcc-02e6288f3ffc: start FollowerState
2019-10-17 21:16:02,879 [Thread-1877] INFO  impl.FollowerState (FollowerState.java:run(108)) - d2424f4d-20d2-4104-abcc-02e6288f3ffc@group-62509A8A5C15-FollowerState: change to CANDIDATE, lastRpcTime:192ms, electionTimeout:192ms
2019-10-17 21:16:02,879 [Thread-1877] INFO  impl.RoleInfo (RoleInfo.java:shutdownFollowerState(121)) - d2424f4d-20d2-4104-abcc-02e6288f3ffc: shutdown FollowerState
2019-10-17 21:16:02,879 [Thread-1877] INFO  impl.RaftServerImpl (RaftServerImpl.java:setRole(184)) - d2424f4d-20d2-4104-abcc-02e6288f3ffc@group-62509A8A5C15: changes role from  FOLLOWER to CANDIDATE at term 269 for changeToCandidate
2019-10-17 21:16:02,879 [Thread-1877] INFO  impl.RoleInfo (RoleInfo.java:updateAndGet(143)) - d2424f4d-20d2-4104-abcc-02e6288f3ffc: start LeaderElection
2019-10-17 21:16:02,904 [d2424f4d-20d2-4104-abcc-02e6288f3ffc@group-62509A8A5C15-LeaderElection249] INFO  impl.LeaderElection (LeaderElection.java:askForVotes(178)) - d2424f4d-20d2-4104-abcc-02e6288f3ffc@group-62509A8A5C15-LeaderElection249: begin an election at term 270 for -1: [3909bd6a-278d-4911-9d70-32680c972d02:192.168.157.223:33343, d2424f4d-20d2-4104-abcc-02e6288f3ffc:192.168.157.223:39352, 7c510082-4284-44ef-8cd9-bb38fb15579f:192.168.157.223:33098], old=null
2019-10-17 21:16:02,907 [grpc-default-executor-6] INFO  impl.RaftServerImpl (RaftServerImpl.java:setRole(184)) - 3909bd6a-278d-4911-9d70-32680c972d02@group-62509A8A5C15: changes role from  FOLLOWER to FOLLOWER at term 270 for recognizeCandidate:d2424f4d-20d2-4104-abcc-02e6288f3ffc
2019-10-17 21:16:02,907 [grpc-default-executor-6] INFO  impl.RoleInfo (RoleInfo.java:shutdownFollowerState(121)) - 3909bd6a-278d-4911-9d70-32680c972d02: shutdown FollowerState
2019-10-17 21:16:02,907 [grpc-default-executor-4] INFO  impl.RaftServerImpl (RaftServerImpl.java:setRole(184)) - 7c510082-4284-44ef-8cd9-bb38fb15579f@group-62509A8A5C15: changes role from  FOLLOWER to FOLLOWER at term 270 for recognizeCandidate:d2424f4d-20d2-4104-abcc-02e6288f3ffc
2019-10-17 21:16:02,907 [grpc-default-executor-4] INFO  impl.RoleInfo (RoleInfo.java:shutdownFollowerState(121)) - 7c510082-4284-44ef-8cd9-bb38fb15579f: shutdown FollowerState
2019-10-17 21:16:02,907 [grpc-default-executor-4] INFO  impl.RoleInfo (RoleInfo.java:updateAndGet(143)) - 7c510082-4284-44ef-8cd9-bb38fb15579f: start FollowerState
2019-10-17 21:16:02,907 [Thread-1876] INFO  impl.FollowerState (FollowerState.java:run(117)) - 3909bd6a-278d-4911-9d70-32680c972d02@group-62509A8A5C15-FollowerState was interrupted: java.lang.InterruptedException: sleep interrupted
2019-10-17 21:16:02,907 [grpc-default-executor-6] INFO  impl.RoleInfo (RoleInfo.java:updateAndGet(143)) - 3909bd6a-278d-4911-9d70-32680c972d02: start FollowerState
2019-10-17 21:16:02,907 [Thread-1875] INFO  impl.FollowerState (FollowerState.java:run(117)) - 7c510082-4284-44ef-8cd9-bb38fb15579f@group-62509A8A5C15-FollowerState was interrupted: java.lang.InterruptedException: sleep interrupted
2019-10-17 21:16:02,933 [d2424f4d-20d2-4104-abcc-02e6288f3ffc@group-62509A8A5C15-LeaderElection249] INFO  impl.LeaderElection (LeaderElection.java:logAndReturn(56)) - d2424f4d-20d2-4104-abcc-02e6288f3ffc@group-62509A8A5C15-LeaderElection249: Election REJECTED; received 2 response(s) [d2424f4d-20d2-4104-abcc-02e6288f3ffc<-3909bd6a-278d-4911-9d70-32680c972d02#0:FAIL-t270, d2424f4d-20d2-4104-abcc-02e6288f3ffc<-7c510082-4284-44ef-8cd9-bb38fb15579f#0:FAIL-t270] and 0 exception(s); d2424f4d-20d2-4104-abcc-02e6288f3ffc@group-62509A8A5C15:t270, leader=null, voted=d2424f4d-20d2-4104-abcc-02e6288f3ffc, raftlog=d2424f4d-20d2-4104-abcc-02e6288f3ffc@group-62509A8A5C15-SegmentedRaftLog:OPENED:c-1,f-1,i0, conf=-1: [3909bd6a-278d-4911-9d70-32680c972d02:192.168.157.223:33343, d2424f4d-20d2-4104-abcc-02e6288f3ffc:192.168.157.223:39352, 7c510082-4284-44ef-8cd9-bb38fb15579f:192.168.157.223:33098], old=null
2019-10-17 21:16:02,934 [d2424f4d-20d2-4104-abcc-02e6288f3ffc@group-62509A8A5C15-LeaderElection249] INFO  impl.RaftServerImpl (RaftServerImpl.java:setRole(184)) - d2424f4d-20d2-4104-abcc-02e6288f3ffc@group-62509A8A5C15: changes role from CANDIDATE to FOLLOWER at term 270 for DISCOVERED_A_NEW_TERM
2019-10-17 21:16:02,934 [d2424f4d-20d2-4104-abcc-02e6288f3ffc@group-62509A8A5C15-LeaderElection249] INFO  impl.RoleInfo (RoleInfo.java:shutdownLeaderElection(134)) - d2424f4d-20d2-4104-abcc-02e6288f3ffc: shutdown LeaderElection
2019-10-17 21:16:02,934 [d2424f4d-20d2-4104-abcc-02e6288f3ffc@group-62509A8A5C15-LeaderElection249] INFO  impl.RoleInfo (RoleInfo.java:updateAndGet(143)) - d2424f4d-20d2-4104-abcc-02e6288f3ffc: start FollowerState
2019-10-17 21:16:03,002 [Thread-1883] INFO  impl.FollowerState (FollowerState.java:run(108)) - d2424f4d-20d2-4104-abcc-02e6288f3ffc@group-62509A8A5C15-FollowerState: change to CANDIDATE, lastRpcTime:68ms, electionTimeout:68ms
2019-10-17 21:16:03,003 [Thread-1883] INFO  impl.RoleInfo (RoleInfo.java:shutdownFollowerState(121)) - d2424f4d-20d2-4104-abcc-02e6288f3ffc: shutdown FollowerState
2019-10-17 21:16:03,003 [Thread-1883] INFO  impl.RaftServerImpl (RaftServerImpl.java:setRole(184)) - d2424f4d-20d2-4104-abcc-02e6288f3ffc@group-62509A8A5C15: changes role from  FOLLOWER to CANDIDATE at term 270 for changeToCandidate
2019-10-17 21:16:03,003 [Thread-1883] INFO  impl.RoleInfo (RoleInfo.java:updateAndGet(143)) - d2424f4d-20d2-4104-abcc-02e6288f3ffc: start LeaderElection
2019-10-17 21:16:03,018 [d2424f4d-20d2-4104-abcc-02e6288f3ffc@group-62509A8A5C15-LeaderElection250] INFO  impl.LeaderElection (LeaderElection.java:askForVotes(178)) - d2424f4d-20d2-4104-abcc-02e6288f3ffc@group-62509A8A5C15-LeaderElection250: begin an election at term 271 for -1: [3909bd6a-278d-4911-9d70-32680c972d02:192.168.157.223:33343, d2424f4d-20d2-4104-abcc-02e6288f3ffc:192.168.157.223:39352, 7c510082-4284-44ef-8cd9-bb38fb15579f:192.168.157.223:33098], old=null
2019-10-17 21:16:03,020 [grpc-default-executor-4] INFO  impl.RaftServerImpl (RaftServerImpl.java:setRole(184)) - 3909bd6a-278d-4911-9d70-32680c972d02@group-62509A8A5C15: changes role from  FOLLOWER to FOLLOWER at term 271 for recognizeCandidate:d2424f4d-20d2-4104-abcc-02e6288f3ffc
2019-10-17 21:16:03,020 [grpc-default-executor-4] INFO  impl.RoleInfo (RoleInfo.java:shutdownFollowerState(121)) - 3909bd6a-278d-4911-9d70-32680c972d02: shutdown FollowerState
2019-10-17 21:16:03,021 [grpc-default-executor-4] INFO  impl.RoleInfo (RoleInfo.java:updateAndGet(143)) - 3909bd6a-278d-4911-9d70-32680c972d02: start FollowerState
2019-10-17 21:16:03,021 [grpc-default-executor-6] INFO  impl.RaftServerImpl (RaftServerImpl.java:setRole(184)) - 7c510082-4284-44ef-8cd9-bb38fb15579f@group-62509A8A5C15: changes role from  FOLLOWER to FOLLOWER at term 271 for recognizeCandidate:d2424f4d-20d2-4104-abcc-02e6288f3ffc
2019-10-17 21:16:03,021 [grpc-default-executor-6] INFO  impl.RoleInfo (RoleInfo.java:shutdownFollowerState(121)) - 7c510082-4284-44ef-8cd9-bb38fb15579f: shutdown FollowerState
2019-10-17 21:16:03,021 [Thread-1881] INFO  impl.FollowerState (FollowerState.java:run(117)) - 3909bd6a-278d-4911-9d70-32680c972d02@group-62509A8A5C15-FollowerState was interrupted: java.lang.InterruptedException: sleep interrupted
2019-10-17 21:16:03,021 [Thread-1882] INFO  impl.FollowerState (FollowerState.java:run(117)) - 7c510082-4284-44ef-8cd9-bb38fb15579f@group-62509A8A5C15-FollowerState was interrupted: java.lang.InterruptedException: sleep interrupted
2019-10-17 21:16:03,021 [grpc-default-executor-6] INFO  impl.RoleInfo (RoleInfo.java:updateAndGet(143)) - 7c510082-4284-44ef-8cd9-bb38fb15579f: start FollowerState
2019-10-17 21:16:03,035 [d2424f4d-20d2-4104-abcc-02e6288f3ffc@group-62509A8A5C15-LeaderElection250] INFO  impl.LeaderElection (LeaderElection.java:logAndReturn(56)) - d2424f4d-20d2-4104-abcc-02e6288f3ffc@group-62509A8A5C15-LeaderElection250: Election REJECTED; received 2 response(s) [d2424f4d-20d2-4104-abcc-02e6288f3ffc<-3909bd6a-278d-4911-9d70-32680c972d02#0:FAIL-t271, d2424f4d-20d2-4104-abcc-02e6288f3ffc<-7c510082-4284-44ef-8cd9-bb38fb15579f#0:FAIL-t271] and 0 exception(s); d2424f4d-20d2-4104-abcc-02e6288f3ffc@group-62509A8A5C15:t271, leader=null, voted=d2424f4d-20d2-4104-abcc-02e6288f3ffc, raftlog=d2424f4d-20d2-4104-abcc-02e6288f3ffc@group-62509A8A5C15-SegmentedRaftLog:OPENED:c-1,f-1,i0, conf=-1: [3909bd6a-278d-4911-9d70-32680c972d02:192.168.157.223:33343, d2424f4d-20d2-4104-abcc-02e6288f3ffc:192.168.157.223:39352, 7c510082-4284-44ef-8cd9-bb38fb15579f:192.168.157.223:33098], old=null
2019-10-17 21:16:03,035 [d2424f4d-20d2-4104-abcc-02e6288f3ffc@group-62509A8A5C15-LeaderElection250] INFO  impl.RaftServerImpl (RaftServerImpl.java:setRole(184)) - d2424f4d-20d2-4104-abcc-02e6288f3ffc@group-62509A8A5C15: changes role from CANDIDATE to FOLLOWER at term 271 for DISCOVERED_A_NEW_TERM
2019-10-17 21:16:03,035 [d2424f4d-20d2-4104-abcc-02e6288f3ffc@group-62509A8A5C15-LeaderElection250] INFO  impl.RoleInfo (RoleInfo.java:shutdownLeaderElection(134)) - d2424f4d-20d2-4104-abcc-02e6288f3ffc: shutdown LeaderElection
2019-10-17 21:16:03,035 [d2424f4d-20d2-4104-abcc-02e6288f3ffc@group-62509A8A5C15-LeaderElection250] INFO  impl.RoleInfo (RoleInfo.java:updateAndGet(143)) - d2424f4d-20d2-4104-abcc-02e6288f3ffc: start FollowerState
2019-10-17 21:16:03,079 [Thread-1889] INFO  impl.FollowerState (FollowerState.java:run(108)) - d2424f4d-20d2-4104-abcc-02e6288f3ffc@group-62509A8A5C15-FollowerState: change to CANDIDATE, lastRpcTime:43ms, electionTimeout:43ms
2019-10-17 21:16:03,080 [Thread-1889] INFO  impl.RoleInfo (RoleInfo.java:shutdownFollowerState(121)) - d2424f4d-20d2-4104-abcc-02e6288f3ffc: shutdown FollowerState
2019-10-17 21:16:03,080 [Thread-1889] INFO  impl.RaftServerImpl (RaftServerImpl.java:setRole(184)) - d2424f4d-20d2-4104-abcc-02e6288f3ffc@group-62509A8A5C15: changes role from  FOLLOWER to CANDIDATE at term 271 for changeToCandidate
2019-10-17 21:16:03,080 [Thread-1889] INFO  impl.RoleInfo (RoleInfo.java:updateAndGet(143)) - d2424f4d-20d2-4104-abcc-02e6288f3ffc: start LeaderElection
2019-10-17 21:16:03,095 [d2424f4d-20d2-4104-abcc-02e6288f3ffc@group-62509A8A5C15-LeaderElection251] INFO  impl.LeaderElection (LeaderElection.java:askForVotes(178)) - d2424f4d-20d2-4104-abcc-02e6288f3ffc@group-62509A8A5C15-LeaderElection251: begin an election at term 272 for -1: [3909bd6a-278d-4911-9d70-32680c972d02:192.168.157.223:33343, d2424f4d-20d2-4104-abcc-02e6288f3ffc:192.168.157.223:39352, 7c510082-4284-44ef-8cd9-bb38fb15579f:192.168.157.223:33098], old=null
2019-10-17 21:16:03,098 [grpc-default-executor-6] INFO  impl.RaftServerImpl (RaftServerImpl.java:setRole(184)) - 7c510082-4284-44ef-8cd9-bb38fb15579f@group-62509A8A5C15: changes role from  FOLLOWER to FOLLOWER at term 272 for recognizeCandidate:d2424f4d-20d2-4104-abcc-02e6288f3ffc
2019-10-17 21:16:03,098 [grpc-default-executor-6] INFO  impl.RoleInfo (RoleInfo.java:shutdownFollowerState(121)) - 7c510082-4284-44ef-8cd9-bb38fb15579f: shutdown FollowerState
2019-10-17 21:16:03,098 [grpc-default-executor-6] INFO  impl.RoleInfo (RoleInfo.java:updateAndGet(143)) - 7c510082-4284-44ef-8cd9-bb38fb15579f: start FollowerState
2019-10-17 21:16:03,098 [grpc-default-executor-4] INFO  impl.RaftServerImpl (RaftServerImpl.java:setRole(184)) - 3909bd6a-278d-4911-9d70-32680c972d02@group-62509A8A5C15: changes role from  FOLLOWER to FOLLOWER at term 272 for recognizeCandidate:d2424f4d-20d2-4104-abcc-02e6288f3ffc
2019-10-17 21:16:03,098 [Thread-1888] INFO  impl.FollowerState (FollowerState.java:run(117)) - 7c510082-4284-44ef-8cd9-bb38fb15579f@group-62509A8A5C15-FollowerState was interrupted: java.lang.InterruptedException: sleep interrupted
2019-10-17 21:16:03,099 [grpc-default-executor-4] INFO  impl.RoleInfo (RoleInfo.java:shutdownFollowerState(121)) - 3909bd6a-278d-4911-9d70-32680c972d02: shutdown FollowerState
2019-10-17 21:16:03,099 [grpc-default-executor-4] INFO  impl.RoleInfo (RoleInfo.java:updateAndGet(143)) - 3909bd6a-278d-4911-9d70-32680c972d02: start FollowerState
2019-10-17 21:16:03,099 [Thread-1887] INFO  impl.FollowerState (FollowerState.java:run(117)) - 3909bd6a-278d-4911-9d70-32680c972d02@group-62509A8A5C15-FollowerState was interrupted: java.lang.InterruptedException: sleep interrupted
2019-10-17 21:16:03,113 [d2424f4d-20d2-4104-abcc-02e6288f3ffc@group-62509A8A5C15-LeaderElection251] INFO  impl.LeaderElection (LeaderElection.java:logAndReturn(56)) - d2424f4d-20d2-4104-abcc-02e6288f3ffc@group-62509A8A5C15-LeaderElection251: Election REJECTED; received 2 response(s) [d2424f4d-20d2-4104-abcc-02e6288f3ffc<-3909bd6a-278d-4911-9d70-32680c972d02#0:FAIL-t272, d2424f4d-20d2-4104-abcc-02e6288f3ffc<-7c510082-4284-44ef-8cd9-bb38fb15579f#0:FAIL-t272] and 0 exception(s); d2424f4d-20d2-4104-abcc-02e6288f3ffc@group-62509A8A5C15:t272, leader=null, voted=d2424f4d-20d2-4104-abcc-02e6288f3ffc, raftlog=d2424f4d-20d2-4104-abcc-02e6288f3ffc@group-62509A8A5C15-SegmentedRaftLog:OPENED:c-1,f-1,i0, conf=-1: [3909bd6a-278d-4911-9d70-32680c972d02:192.168.157.223:33343, d2424f4d-20d2-4104-abcc-02e6288f3ffc:192.168.157.223:39352, 7c510082-4284-44ef-8cd9-bb38fb15579f:192.168.157.223:33098], old=null
2019-10-17 21:16:03,113 [d2424f4d-20d2-4104-abcc-02e6288f3ffc@group-62509A8A5C15-LeaderElection251] INFO  impl.RaftServerImpl (RaftServerImpl.java:setRole(184)) - d2424f4d-20d2-4104-abcc-02e6288f3ffc@group-62509A8A5C15: changes role from CANDIDATE to FOLLOWER at term 272 for DISCOVERED_A_NEW_TERM
2019-10-17 21:16:03,113 [d2424f4d-20d2-4104-abcc-02e6288f3ffc@group-62509A8A5C15-LeaderElection251] INFO  impl.RoleInfo (RoleInfo.java:shutdownLeaderElection(134)) - d2424f4d-20d2-4104-abcc-02e6288f3ffc: shutdown LeaderElection
2019-10-17 21:16:03,113 [d2424f4d-20d2-4104-abcc-02e6288f3ffc@group-62509A8A5C15-LeaderElection251] INFO  impl.RoleInfo (RoleInfo.java:updateAndGet(143)) - d2424f4d-20d2-4104-abcc-02e6288f3ffc: start FollowerState
2019-10-17 21:16:03,256 [Thread-1897] INFO  impl.FollowerState (FollowerState.java:run(108)) - d2424f4d-20d2-4104-abcc-02e6288f3ffc@group-62509A8A5C15-FollowerState: change to CANDIDATE, lastRpcTime:142ms, electionTimeout:142ms
2019-10-17 21:16:03,256 [Thread-1897] INFO  impl.RoleInfo (RoleInfo.java:shutdownFollowerState(121)) - d2424f4d-20d2-4104-abcc-02e6288f3ffc: shutdown FollowerState
2019-10-17 21:16:03,256 [Thread-1897] INFO  impl.RaftServerImpl (RaftServerImpl.java:setRole(184)) - d2424f4d-20d2-4104-abcc-02e6288f3ffc@group-62509A8A5C15: changes role from  FOLLOWER to CANDIDATE at term 272 for changeToCandidate
2019-10-17 21:16:03,256 [Thread-1897] INFO  impl.RoleInfo (RoleInfo.java:updateAndGet(143)) - d2424f4d-20d2-4104-abcc-02e6288f3ffc: start LeaderElection
2019-10-17 21:16:03,283 [d2424f4d-20d2-4104-abcc-02e6288f3ffc@group-62509A8A5C15-LeaderElection252] INFO  impl.LeaderElection (LeaderElection.java:askForVotes(178)) - d2424f4d-20d2-4104-abcc-02e6288f3ffc@group-62509A8A5C15-LeaderElection252: begin an election at term 273 for -1: [3909bd6a-278d-4911-9d70-32680c972d02:192.168.157.223:33343, d2424f4d-20d2-4104-abcc-02e6288f3ffc:192.168.157.223:39352, 7c510082-4284-44ef-8cd9-bb38fb15579f:192.168.157.223:33098], old=null
2019-10-17 21:16:03,286 [grpc-default-executor-4] INFO  impl.RaftServerImpl (RaftServerImpl.java:setRole(184)) - 3909bd6a-278d-4911-9d70-32680c972d02@group-62509A8A5C15: changes role from  FOLLOWER to FOLLOWER at term 273 for recognizeCandidate:d2424f4d-20d2-4104-abcc-02e6288f3ffc
2019-10-17 21:16:03,286 [grpc-default-executor-4] INFO  impl.RoleInfo (RoleInfo.java:shutdownFollowerState(121)) - 3909bd6a-278d-4911-9d70-32680c972d02: shutdown FollowerState
2019-10-17 21:16:03,286 [grpc-default-executor-6] INFO  impl.RaftServerImpl (RaftServerImpl.java:setRole(184)) - 7c510082-4284-44ef-8cd9-bb38fb15579f@group-62509A8A5C15: changes role from  FOLLOWER to FOLLOWER at term 273 for recognizeCandidate:d2424f4d-20d2-4104-abcc-02e6288f3ffc
2019-10-17 21:16:03,286 [Thread-1896] INFO  impl.FollowerState (FollowerState.java:run(117)) - 3909bd6a-278d-4911-9d70-32680c972d02@group-62509A8A5C15-FollowerState was interrupted: java.lang.InterruptedException: sleep interrupted
2019-10-17 21:16:03,286 [grpc-default-executor-4] INFO  impl.RoleInfo (RoleInfo.java:updateAndGet(143)) - 3909bd6a-278d-4911-9d70-32680c972d02: start FollowerState
2019-10-17 21:16:03,286 [grpc-default-executor-6] INFO  impl.RoleInfo (RoleInfo.java:shutdownFollowerState(121)) - 7c510082-4284-44ef-8cd9-bb38fb15579f: shutdown FollowerState
2019-10-17 21:16:03,287 [grpc-default-executor-6] INFO  impl.RoleInfo (RoleInfo.java:updateAndGet(143)) - 7c510082-4284-44ef-8cd9-bb38fb15579f: start FollowerState
2019-10-17 21:16:03,287 [Thread-1895] INFO  impl.FollowerState (FollowerState.java:run(117)) - 7c510082-4284-44ef-8cd9-bb38fb15579f@group-62509A8A5C15-FollowerState was interrupted: java.lang.InterruptedException: sleep interrupted
2019-10-17 21:16:03,301 [d2424f4d-20d2-4104-abcc-02e6288f3ffc@group-62509A8A5C15-LeaderElection252] INFO  impl.LeaderElection (LeaderElection.java:logAndReturn(56)) - d2424f4d-20d2-4104-abcc-02e6288f3ffc@group-62509A8A5C15-LeaderElection252: Election REJECTED; received 2 response(s) [d2424f4d-20d2-4104-abcc-02e6288f3ffc<-3909bd6a-278d-4911-9d70-32680c972d02#0:FAIL-t273, d2424f4d-20d2-4104-abcc-02e6288f3ffc<-7c510082-4284-44ef-8cd9-bb38fb15579f#0:FAIL-t273] and 0 exception(s); d2424f4d-20d2-4104-abcc-02e6288f3ffc@group-62509A8A5C15:t273, leader=null, voted=d2424f4d-20d2-4104-abcc-02e6288f3ffc, raftlog=d2424f4d-20d2-4104-abcc-02e6288f3ffc@group-62509A8A5C15-SegmentedRaftLog:OPENED:c-1,f-1,i0, conf=-1: [3909bd6a-278d-4911-9d70-32680c972d02:192.168.157.223:33343, d2424f4d-20d2-4104-abcc-02e6288f3ffc:192.168.157.223:39352, 7c510082-4284-44ef-8cd9-bb38fb15579f:192.168.157.223:33098], old=null
2019-10-17 21:16:03,301 [d2424f4d-20d2-4104-abcc-02e6288f3ffc@group-62509A8A5C15-LeaderElection252] INFO  impl.RaftServerImpl (RaftServerImpl.java:setRole(184)) - d2424f4d-20d2-4104-abcc-02e6288f3ffc@group-62509A8A5C15: changes role from CANDIDATE to FOLLOWER at term 273 for DISCOVERED_A_NEW_TERM
2019-10-17 21:16:03,301 [d2424f4d-20d2-4104-abcc-02e6288f3ffc@group-62509A8A5C15-LeaderElection252] INFO  impl.RoleInfo (RoleInfo.java:shutdownLeaderElection(134)) - d2424f4d-20d2-4104-abcc-02e6288f3ffc: shutdown LeaderElection
2019-10-17 21:16:03,302 [d2424f4d-20d2-4104-abcc-02e6288f3ffc@group-62509A8A5C15-LeaderElection252] INFO  impl.RoleInfo (RoleInfo.java:updateAndGet(143)) - d2424f4d-20d2-4104-abcc-02e6288f3ffc: start FollowerState
2019-10-17 21:16:03,352 [Thread-1903] INFO  impl.FollowerState (FollowerState.java:run(108)) - d2424f4d-20d2-4104-abcc-02e6288f3ffc@group-62509A8A5C15-FollowerState: change to CANDIDATE, lastRpcTime:50ms, electionTimeout:50ms
2019-10-17 21:16:03,352 [Thread-1903] INFO  impl.RoleInfo (RoleInfo.java:shutdownFollowerState(121)) - d2424f4d-20d2-4104-abcc-02e6288f3ffc: shutdown FollowerState
2019-10-17 21:16:03,352 [Thread-1903] INFO  impl.RaftServerImpl (RaftServerImpl.java:setRole(184)) - d2424f4d-20d2-4104-abcc-02e6288f3ffc@group-62509A8A5C15: changes role from  FOLLOWER to CANDIDATE at term 273 for changeToCandidate
2019-10-17 21:16:03,353 [Thread-1903] INFO  impl.RoleInfo (RoleInfo.java:updateAndGet(143)) - d2424f4d-20d2-4104-abcc-02e6288f3ffc: start LeaderElection
2019-10-17 21:16:03,379 [d2424f4d-20d2-4104-abcc-02e6288f3ffc@group-62509A8A5C15-LeaderElection253] INFO  impl.LeaderElection (LeaderElection.java:askForVotes(178)) - d2424f4d-20d2-4104-abcc-02e6288f3ffc@group-62509A8A5C15-LeaderElection253: begin an election at term 274 for -1: [3909bd6a-278d-4911-9d70-32680c972d02:192.168.157.223:33343, d2424f4d-20d2-4104-abcc-02e6288f3ffc:192.168.157.223:39352, 7c510082-4284-44ef-8cd9-bb38fb15579f:192.168.157.223:33098], old=null
2019-10-17 21:16:03,382 [grpc-default-executor-4] INFO  impl.RaftServerImpl (RaftServerImpl.java:setRole(184)) - 3909bd6a-278d-4911-9d70-32680c972d02@group-62509A8A5C15: changes role from  FOLLOWER to FOLLOWER at term 274 for recognizeCandidate:d2424f4d-20d2-4104-abcc-02e6288f3ffc
2019-10-17 21:16:03,383 [grpc-default-executor-4] INFO  impl.RoleInfo (RoleInfo.java:shutdownFollowerState(121)) - 3909bd6a-278d-4911-9d70-32680c972d02: shutdown FollowerState
2019-10-17 21:16:03,383 [grpc-default-executor-6] INFO  impl.RaftServerImpl (RaftServerImpl.java:setRole(184)) - 7c510082-4284-44ef-8cd9-bb38fb15579f@group-62509A8A5C15: changes role from  FOLLOWER to FOLLOWER at term 274 for recognizeCandidate:d2424f4d-20d2-4104-abcc-02e6288f3ffc
2019-10-17 21:16:03,383 [grpc-default-executor-6] INFO  impl.RoleInfo (RoleInfo.java:shutdownFollowerState(121)) - 7c510082-4284-44ef-8cd9-bb38fb15579f: shutdown FollowerState
2019-10-17 21:16:03,383 [Thread-1901] INFO  impl.FollowerState (FollowerState.java:run(117)) - 3909bd6a-278d-4911-9d70-32680c972d02@group-62509A8A5C15-FollowerState was interrupted: java.lang.InterruptedException: sleep interrupted
2019-10-17 21:16:03,383 [grpc-default-executor-4] INFO  impl.RoleInfo (RoleInfo.java:updateAndGet(143)) - 3909bd6a-278d-4911-9d70-32680c972d02: start FollowerState
2019-10-17 21:16:03,383 [Thread-1902] INFO  impl.FollowerState (FollowerState.java:run(117)) - 7c510082-4284-44ef-8cd9-bb38fb15579f@group-62509A8A5C15-FollowerState was interrupted: java.lang.InterruptedException: sleep interrupted
2019-10-17 21:16:03,383 [grpc-default-executor-6] INFO  impl.RoleInfo (RoleInfo.java:updateAndGet(143)) - 7c510082-4284-44ef-8cd9-bb38fb15579f: start FollowerState
2019-10-17 21:16:03,396 [d2424f4d-20d2-4104-abcc-02e6288f3ffc@group-62509A8A5C15-LeaderElection253] INFO  impl.LeaderElection (LeaderElection.java:logAndReturn(56)) - d2424f4d-20d2-4104-abcc-02e6288f3ffc@group-62509A8A5C15-LeaderElection253: Election TIMEOUT; received 0 response(s) [] and 0 exception(s); d2424f4d-20d2-4104-abcc-02e6288f3ffc@group-62509A8A5C15:t274, leader=null, voted=d2424f4d-20d2-4104-abcc-02e6288f3ffc, raftlog=d2424f4d-20d2-4104-abcc-02e6288f3ffc@group-62509A8A5C15-SegmentedRaftLog:OPENED:c-1,f-1,i0, conf=-1: [3909bd6a-278d-4911-9d70-32680c972d02:192.168.157.223:33343, d2424f4d-20d2-4104-abcc-02e6288f3ffc:192.168.157.223:39352, 7c510082-4284-44ef-8cd9-bb38fb15579f:192.168.157.223:33098], old=null
2019-10-17 21:16:03,401 [d2424f4d-20d2-4104-abcc-02e6288f3ffc@group-62509A8A5C15-LeaderElection253] INFO  impl.LeaderElection (LeaderElection.java:askForVotes(178)) - d2424f4d-20d2-4104-abcc-02e6288f3ffc@group-62509A8A5C15-LeaderElection253: begin an election at term 275 for -1: [3909bd6a-278d-4911-9d70-32680c972d02:192.168.157.223:33343, d2424f4d-20d2-4104-abcc-02e6288f3ffc:192.168.157.223:39352, 7c510082-4284-44ef-8cd9-bb38fb15579f:192.168.157.223:33098], old=null
2019-10-17 21:16:03,403 [grpc-default-executor-6] INFO  impl.RaftServerImpl (RaftServerImpl.java:setRole(184)) - 3909bd6a-278d-4911-9d70-32680c972d02@group-62509A8A5C15: changes role from  FOLLOWER to FOLLOWER at term 275 for recognizeCandidate:d2424f4d-20d2-4104-abcc-02e6288f3ffc
2019-10-17 21:16:03,403 [grpc-default-executor-4] INFO  impl.RaftServerImpl (RaftServerImpl.java:setRole(184)) - 7c510082-4284-44ef-8cd9-bb38fb15579f@group-62509A8A5C15: changes role from  FOLLOWER to FOLLOWER at term 275 for recognizeCandidate:d2424f4d-20d2-4104-abcc-02e6288f3ffc
2019-10-17 21:16:03,403 [grpc-default-executor-6] INFO  impl.RoleInfo (RoleInfo.java:shutdownFollowerState(121)) - 3909bd6a-278d-4911-9d70-32680c972d02: shutdown FollowerState
2019-10-17 21:16:03,403 [grpc-default-executor-4] INFO  impl.RoleInfo (RoleInfo.java:shutdownFollowerState(121)) - 7c510082-4284-44ef-8cd9-bb38fb15579f: shutdown FollowerState
2019-10-17 21:16:03,403 [Thread-1907] INFO  impl.FollowerState (FollowerState.java:run(117)) - 3909bd6a-278d-4911-9d70-32680c972d02@group-62509A8A5C15-FollowerState was interrupted: java.lang.InterruptedException: sleep interrupted
2019-10-17 21:16:03,403 [grpc-default-executor-6] INFO  impl.RoleInfo (RoleInfo.java:updateAndGet(143)) - 3909bd6a-278d-4911-9d70-32680c972d02: start FollowerState
2019-10-17 21:16:03,403 [Thread-1908] INFO  impl.FollowerState (FollowerState.java:run(117)) - 7c510082-4284-44ef-8cd9-bb38fb15579f@group-62509A8A5C15-FollowerState was interrupted: java.lang.InterruptedException: sleep interrupted
2019-10-17 21:16:03,403 [grpc-default-executor-4] INFO  impl.RoleInfo (RoleInfo.java:updateAndGet(143)) - 7c510082-4284-44ef-8cd9-bb38fb15579f: start FollowerState
2019-10-17 21:16:03,410 [d2424f4d-20d2-4104-abcc-02e6288f3ffc@group-62509A8A5C15-LeaderElection253] INFO  impl.LeaderElection (LeaderElection.java:logAndReturn(56)) - d2424f4d-20d2-4104-abcc-02e6288f3ffc@group-62509A8A5C15-LeaderElection253: Election REJECTED; received 2 response(s) [d2424f4d-20d2-4104-abcc-02e6288f3ffc<-3909bd6a-278d-4911-9d70-32680c972d02#0:FAIL-t275, d2424f4d-20d2-4104-abcc-02e6288f3ffc<-7c510082-4284-44ef-8cd9-bb38fb15579f#0:FAIL-t275] and 0 exception(s); d2424f4d-20d2-4104-abcc-02e6288f3ffc@group-62509A8A5C15:t275, leader=null, voted=d2424f4d-20d2-4104-abcc-02e6288f3ffc, raftlog=d2424f4d-20d2-4104-abcc-02e6288f3ffc@group-62509A8A5C15-SegmentedRaftLog:OPENED:c-1,f-1,i0, conf=-1: [3909bd6a-278d-4911-9d70-32680c972d02:192.168.157.223:33343, d2424f4d-20d2-4104-abcc-02e6288f3ffc:192.168.157.223:39352, 7c510082-4284-44ef-8cd9-bb38fb15579f:192.168.157.223:33098], old=null
2019-10-17 21:16:03,411 [d2424f4d-20d2-4104-abcc-02e6288f3ffc@group-62509A8A5C15-LeaderElection253] INFO  impl.RaftServerImpl (RaftServerImpl.java:setRole(184)) - d2424f4d-20d2-4104-abcc-02e6288f3ffc@group-62509A8A5C15: changes role from CANDIDATE to FOLLOWER at term 275 for DISCOVERED_A_NEW_TERM
2019-10-17 21:16:03,411 [d2424f4d-20d2-4104-abcc-02e6288f3ffc@group-62509A8A5C15-LeaderElection253] INFO  impl.RoleInfo (RoleInfo.java:shutdownLeaderElection(134)) - d2424f4d-20d2-4104-abcc-02e6288f3ffc: shutdown LeaderElection
2019-10-17 21:16:03,411 [d2424f4d-20d2-4104-abcc-02e6288f3ffc@group-62509A8A5C15-LeaderElection253] INFO  impl.RoleInfo (RoleInfo.java:updateAndGet(143)) - d2424f4d-20d2-4104-abcc-02e6288f3ffc: start FollowerState
2019-10-17 21:16:03,498 [Thread-1913] INFO  impl.FollowerState (FollowerState.java:run(108)) - d2424f4d-20d2-4104-abcc-02e6288f3ffc@group-62509A8A5C15-FollowerState: change to CANDIDATE, lastRpcTime:87ms, electionTimeout:87ms
2019-10-17 21:16:03,499 [Thread-1913] INFO  impl.RoleInfo (RoleInfo.java:shutdownFollowerState(121)) - d2424f4d-20d2-4104-abcc-02e6288f3ffc: shutdown FollowerState
2019-10-17 21:16:03,499 [Thread-1913] INFO  impl.RaftServerImpl (RaftServerImpl.java:setRole(184)) - d2424f4d-20d2-4104-abcc-02e6288f3ffc@group-62509A8A5C15: changes role from  FOLLOWER to CANDIDATE at term 275 for changeToCandidate
2019-10-17 21:16:03,499 [Thread-1913] INFO  impl.RoleInfo (RoleInfo.java:updateAndGet(143)) - d2424f4d-20d2-4104-abcc-02e6288f3ffc: start LeaderElection
2019-10-17 21:16:03,525 [d2424f4d-20d2-4104-abcc-02e6288f3ffc@group-62509A8A5C15-LeaderElection254] INFO  impl.LeaderElection (LeaderElection.java:askForVotes(178)) - d2424f4d-20d2-4104-abcc-02e6288f3ffc@group-62509A8A5C15-LeaderElection254: begin an election at term 276 for -1: [3909bd6a-278d-4911-9d70-32680c972d02:192.168.157.223:33343, d2424f4d-20d2-4104-abcc-02e6288f3ffc:192.168.157.223:39352, 7c510082-4284-44ef-8cd9-bb38fb15579f:192.168.157.223:33098], old=null
2019-10-17 21:16:03,527 [grpc-default-executor-4] INFO  impl.RaftServerImpl (RaftServerImpl.java:setRole(184)) - 3909bd6a-278d-4911-9d70-32680c972d02@group-62509A8A5C15: changes role from  FOLLOWER to FOLLOWER at term 276 for recognizeCandidate:d2424f4d-20d2-4104-abcc-02e6288f3ffc
2019-10-17 21:16:03,527 [grpc-default-executor-4] INFO  impl.RoleInfo (RoleInfo.java:shutdownFollowerState(121)) - 3909bd6a-278d-4911-9d70-32680c972d02: shutdown FollowerState
2019-10-17 21:16:03,527 [grpc-default-executor-6] INFO  impl.RaftServerImpl (RaftServerImpl.java:setRole(184)) - 7c510082-4284-44ef-8cd9-bb38fb15579f@group-62509A8A5C15: changes role from  FOLLOWER to FOLLOWER at term 276 for recognizeCandidate:d2424f4d-20d2-4104-abcc-02e6288f3ffc
2019-10-17 21:16:03,528 [Thread-1911] INFO  impl.FollowerState (FollowerState.java:run(117)) - 3909bd6a-278d-4911-9d70-32680c972d02@group-62509A8A5C15-FollowerState was interrupted: java.lang.InterruptedException: sleep interrupted
2019-10-17 21:16:03,528 [grpc-default-executor-4] INFO  impl.RoleInfo (RoleInfo.java:updateAndGet(143)) - 3909bd6a-278d-4911-9d70-32680c972d02: start FollowerState
2019-10-17 21:16:03,528 [grpc-default-executor-6] INFO  impl.RoleInfo (RoleInfo.java:shutdownFollowerState(121)) - 7c510082-4284-44ef-8cd9-bb38fb15579f: shutdown FollowerState
2019-10-17 21:16:03,528 [grpc-default-executor-6] INFO  impl.RoleInfo (RoleInfo.java:updateAndGet(143)) - 7c510082-4284-44ef-8cd9-bb38fb15579f: start FollowerState
2019-10-17 21:16:03,528 [Thread-1912] INFO  impl.FollowerState (FollowerState.java:run(117)) - 7c510082-4284-44ef-8cd9-bb38fb15579f@group-62509A8A5C15-FollowerState was interrupted: java.lang.InterruptedException: sleep interrupted
2019-10-17 21:16:03,550 [d2424f4d-20d2-4104-abcc-02e6288f3ffc@group-62509A8A5C15-LeaderElection254] INFO  impl.LeaderElection (LeaderElection.java:logAndReturn(56)) - d2424f4d-20d2-4104-abcc-02e6288f3ffc@group-62509A8A5C15-LeaderElection254: Election REJECTED; received 2 response(s) [d2424f4d-20d2-4104-abcc-02e6288f3ffc<-3909bd6a-278d-4911-9d70-32680c972d02#0:FAIL-t276, d2424f4d-20d2-4104-abcc-02e6288f3ffc<-7c510082-4284-44ef-8cd9-bb38fb15579f#0:FAIL-t276] and 0 exception(s); d2424f4d-20d2-4104-abcc-02e6288f3ffc@group-62509A8A5C15:t276, leader=null, voted=d2424f4d-20d2-4104-abcc-02e6288f3ffc, raftlog=d2424f4d-20d2-4104-abcc-02e6288f3ffc@group-62509A8A5C15-SegmentedRaftLog:OPENED:c-1,f-1,i0, conf=-1: [3909bd6a-278d-4911-9d70-32680c972d02:192.168.157.223:33343, d2424f4d-20d2-4104-abcc-02e6288f3ffc:192.168.157.223:39352, 7c510082-4284-44ef-8cd9-bb38fb15579f:192.168.157.223:33098], old=null
2019-10-17 21:16:03,550 [d2424f4d-20d2-4104-abcc-02e6288f3ffc@group-62509A8A5C15-LeaderElection254] INFO  impl.RaftServerImpl (RaftServerImpl.java:setRole(184)) - d2424f4d-20d2-4104-abcc-02e6288f3ffc@group-62509A8A5C15: changes role from CANDIDATE to FOLLOWER at term 276 for DISCOVERED_A_NEW_TERM
2019-10-17 21:16:03,551 [d2424f4d-20d2-4104-abcc-02e6288f3ffc@group-62509A8A5C15-LeaderElection254] INFO  impl.RoleInfo (RoleInfo.java:shutdownLeaderElection(134)) - d2424f4d-20d2-4104-abcc-02e6288f3ffc: shutdown LeaderElection
2019-10-17 21:16:03,551 [d2424f4d-20d2-4104-abcc-02e6288f3ffc@group-62509A8A5C15-LeaderElection254] INFO  impl.RoleInfo (RoleInfo.java:updateAndGet(143)) - d2424f4d-20d2-4104-abcc-02e6288f3ffc: start FollowerState
2019-10-17 21:16:03,700 [Thread-1919] INFO  impl.FollowerState (FollowerState.java:run(108)) - d2424f4d-20d2-4104-abcc-02e6288f3ffc@group-62509A8A5C15-FollowerState: change to CANDIDATE, lastRpcTime:149ms, electionTimeout:149ms
2019-10-17 21:16:03,701 [Thread-1919] INFO  impl.RoleInfo (RoleInfo.java:shutdownFollowerState(121)) - d2424f4d-20d2-4104-abcc-02e6288f3ffc: shutdown FollowerState
2019-10-17 21:16:03,701 [Thread-1919] INFO  impl.RaftServerImpl (RaftServerImpl.java:setRole(184)) - d2424f4d-20d2-4104-abcc-02e6288f3ffc@group-62509A8A5C15: changes role from  FOLLOWER to CANDIDATE at term 276 for changeToCandidate
2019-10-17 21:16:03,701 [Thread-1919] INFO  impl.RoleInfo (RoleInfo.java:updateAndGet(143)) - d2424f4d-20d2-4104-abcc-02e6288f3ffc: start LeaderElection
2019-10-17 21:16:03,727 [d2424f4d-20d2-4104-abcc-02e6288f3ffc@group-62509A8A5C15-LeaderElection255] INFO  impl.LeaderElection (LeaderElection.java:askForVotes(178)) - d2424f4d-20d2-4104-abcc-02e6288f3ffc@group-62509A8A5C15-LeaderElection255: begin an election at term 277 for -1: [3909bd6a-278d-4911-9d70-32680c972d02:192.168.157.223:33343, d2424f4d-20d2-4104-abcc-02e6288f3ffc:192.168.157.223:39352, 7c510082-4284-44ef-8cd9-bb38fb15579f:192.168.157.223:33098], old=null
2019-10-17 21:16:03,730 [grpc-default-executor-6] INFO  impl.RaftServerImpl (RaftServerImpl.java:setRole(184)) - 3909bd6a-278d-4911-9d70-32680c972d02@group-62509A8A5C15: changes role from  FOLLOWER to FOLLOWER at term 277 for recognizeCandidate:d2424f4d-20d2-4104-abcc-02e6288f3ffc
2019-10-17 21:16:03,730 [grpc-default-executor-4] INFO  impl.RaftServerImpl (RaftServerImpl.java:setRole(184)) - 7c510082-4284-44ef-8cd9-bb38fb15579f@group-62509A8A5C15: changes role from  FOLLOWER to FOLLOWER at term 277 for recognizeCandidate:d2424f4d-20d2-4104-abcc-02e6288f3ffc
2019-10-17 21:16:03,730 [grpc-default-executor-6] INFO  impl.RoleInfo (RoleInfo.java:shutdownFollowerState(121)) - 3909bd6a-278d-4911-9d70-32680c972d02: shutdown FollowerState
2019-10-17 21:16:03,730 [grpc-default-executor-4] INFO  impl.RoleInfo (RoleInfo.java:shutdownFollowerState(121)) - 7c510082-4284-44ef-8cd9-bb38fb15579f: shutdown FollowerState
2019-10-17 21:16:03,730 [grpc-default-executor-4] INFO  impl.RoleInfo (RoleInfo.java:updateAndGet(143)) - 7c510082-4284-44ef-8cd9-bb38fb15579f: start FollowerState
2019-10-17 21:16:03,730 [Thread-1917] INFO  impl.FollowerState (FollowerState.java:run(117)) - 3909bd6a-278d-4911-9d70-32680c972d02@group-62509A8A5C15-FollowerState was interrupted: java.lang.InterruptedException: sleep interrupted
2019-10-17 21:16:03,730 [grpc-default-executor-6] INFO  impl.RoleInfo (RoleInfo.java:updateAndGet(143)) - 3909bd6a-278d-4911-9d70-32680c972d02: start FollowerState
2019-10-17 21:16:03,730 [Thread-1918] INFO  impl.FollowerState (FollowerState.java:run(117)) - 7c510082-4284-44ef-8cd9-bb38fb15579f@group-62509A8A5C15-FollowerState was interrupted: java.lang.InterruptedException: sleep interrupted
2019-10-17 21:16:03,757 [d2424f4d-20d2-4104-abcc-02e6288f3ffc@group-62509A8A5C15-LeaderElection255] INFO  impl.LeaderElection (LeaderElection.java:logAndReturn(56)) - d2424f4d-20d2-4104-abcc-02e6288f3ffc@group-62509A8A5C15-LeaderElection255: Election REJECTED; received 2 response(s) [d2424f4d-20d2-4104-abcc-02e6288f3ffc<-3909bd6a-278d-4911-9d70-32680c972d02#0:FAIL-t277, d2424f4d-20d2-4104-abcc-02e6288f3ffc<-7c510082-4284-44ef-8cd9-bb38fb15579f#0:FAIL-t277] and 0 exception(s); d2424f4d-20d2-4104-abcc-02e6288f3ffc@group-62509A8A5C15:t277, leader=null, voted=d2424f4d-20d2-4104-abcc-02e6288f3ffc, raftlog=d2424f4d-20d2-4104-abcc-02e6288f3ffc@group-62509A8A5C15-SegmentedRaftLog:OPENED:c-1,f-1,i0, conf=-1: [3909bd6a-278d-4911-9d70-32680c972d02:192.168.157.223:33343, d2424f4d-20d2-4104-abcc-02e6288f3ffc:192.168.157.223:39352, 7c510082-4284-44ef-8cd9-bb38fb15579f:192.168.157.223:33098], old=null
2019-10-17 21:16:03,757 [d2424f4d-20d2-4104-abcc-02e6288f3ffc@group-62509A8A5C15-LeaderElection255] INFO  impl.RaftServerImpl (RaftServerImpl.java:setRole(184)) - d2424f4d-20d2-4104-abcc-02e6288f3ffc@group-62509A8A5C15: changes role from CANDIDATE to FOLLOWER at term 277 for DISCOVERED_A_NEW_TERM
2019-10-17 21:16:03,757 [d2424f4d-20d2-4104-abcc-02e6288f3ffc@group-62509A8A5C15-LeaderElection255] INFO  impl.RoleInfo (RoleInfo.java:shutdownLeaderElection(134)) - d2424f4d-20d2-4104-abcc-02e6288f3ffc: shutdown LeaderElection
2019-10-17 21:16:03,757 [d2424f4d-20d2-4104-abcc-02e6288f3ffc@group-62509A8A5C15-LeaderElection255] INFO  impl.RoleInfo (RoleInfo.java:updateAndGet(143)) - d2424f4d-20d2-4104-abcc-02e6288f3ffc: start FollowerState
2019-10-17 21:16:03,946 [Thread-1925] INFO  impl.FollowerState (FollowerState.java:run(108)) - d2424f4d-20d2-4104-abcc-02e6288f3ffc@group-62509A8A5C15-FollowerState: change to CANDIDATE, lastRpcTime:188ms, electionTimeout:188ms
2019-10-17 21:16:03,946 [Thread-1925] INFO  impl.RoleInfo (RoleInfo.java:shutdownFollowerState(121)) - d2424f4d-20d2-4104-abcc-02e6288f3ffc: shutdown FollowerState
2019-10-17 21:16:03,946 [Thread-1925] INFO  impl.RaftServerImpl (RaftServerImpl.java:setRole(184)) - d2424f4d-20d2-4104-abcc-02e6288f3ffc@group-62509A8A5C15: changes role from  FOLLOWER to CANDIDATE at term 277 for changeToCandidate
2019-10-17 21:16:03,947 [Thread-1925] INFO  impl.RoleInfo (RoleInfo.java:updateAndGet(143)) - d2424f4d-20d2-4104-abcc-02e6288f3ffc: start LeaderElection
2019-10-17 21:16:03,961 [d2424f4d-20d2-4104-abcc-02e6288f3ffc@group-62509A8A5C15-LeaderElection256] INFO  impl.LeaderElection (LeaderElection.java:askForVotes(178)) - d2424f4d-20d2-4104-abcc-02e6288f3ffc@group-62509A8A5C15-LeaderElection256: begin an election at term 278 for -1: [3909bd6a-278d-4911-9d70-32680c972d02:192.168.157.223:33343, d2424f4d-20d2-4104-abcc-02e6288f3ffc:192.168.157.223:39352, 7c510082-4284-44ef-8cd9-bb38fb15579f:192.168.157.223:33098], old=null
2019-10-17 21:16:03,964 [grpc-default-executor-6] INFO  impl.RaftServerImpl (RaftServerImpl.java:setRole(184)) - 7c510082-4284-44ef-8cd9-bb38fb15579f@group-62509A8A5C15: changes role from  FOLLOWER to FOLLOWER at term 278 for recognizeCandidate:d2424f4d-20d2-4104-abcc-02e6288f3ffc
2019-10-17 21:16:03,964 [grpc-default-executor-4] INFO  impl.RaftServerImpl (RaftServerImpl.java:setRole(184)) - 3909bd6a-278d-4911-9d70-32680c972d02@group-62509A8A5C15: changes role from  FOLLOWER to FOLLOWER at term 278 for recognizeCandidate:d2424f4d-20d2-4104-abcc-02e6288f3ffc
2019-10-17 21:16:03,964 [grpc-default-executor-6] INFO  impl.RoleInfo (RoleInfo.java:shutdownFollowerState(121)) - 7c510082-4284-44ef-8cd9-bb38fb15579f: shutdown FollowerState
2019-10-17 21:16:03,964 [grpc-default-executor-4] INFO  impl.RoleInfo (RoleInfo.java:shutdownFollowerState(121)) - 3909bd6a-278d-4911-9d70-32680c972d02: shutdown FollowerState
2019-10-17 21:16:03,964 [Thread-1924] INFO  impl.FollowerState (FollowerState.java:run(117)) - 7c510082-4284-44ef-8cd9-bb38fb15579f@group-62509A8A5C15-FollowerState was interrupted: java.lang.InterruptedException: sleep interrupted
2019-10-17 21:16:03,964 [grpc-default-executor-6] INFO  impl.RoleInfo (RoleInfo.java:updateAndGet(143)) - 7c510082-4284-44ef-8cd9-bb38fb15579f: start FollowerState
2019-10-17 21:16:03,964 [Thread-1923] INFO  impl.FollowerState (FollowerState.java:run(117)) - 3909bd6a-278d-4911-9d70-32680c972d02@group-62509A8A5C15-FollowerState was interrupted: java.lang.InterruptedException: sleep interrupted
2019-10-17 21:16:03,964 [grpc-default-executor-4] INFO  impl.RoleInfo (RoleInfo.java:updateAndGet(143)) - 3909bd6a-278d-4911-9d70-32680c972d02: start FollowerState
2019-10-17 21:16:03,991 [d2424f4d-20d2-4104-abcc-02e6288f3ffc@group-62509A8A5C15-LeaderElection256] INFO  impl.LeaderElection (LeaderElection.java:logAndReturn(56)) - d2424f4d-20d2-4104-abcc-02e6288f3ffc@group-62509A8A5C15-LeaderElection256: Election REJECTED; received 2 response(s) [d2424f4d-20d2-4104-abcc-02e6288f3ffc<-3909bd6a-278d-4911-9d70-32680c972d02#0:FAIL-t278, d2424f4d-20d2-4104-abcc-02e6288f3ffc<-7c510082-4284-44ef-8cd9-bb38fb15579f#0:FAIL-t278] and 0 exception(s); d2424f4d-20d2-4104-abcc-02e6288f3ffc@group-62509A8A5C15:t278, leader=null, voted=d2424f4d-20d2-4104-abcc-02e6288f3ffc, raftlog=d2424f4d-20d2-4104-abcc-02e6288f3ffc@group-62509A8A5C15-SegmentedRaftLog:OPENED:c-1,f-1,i0, conf=-1: [3909bd6a-278d-4911-9d70-32680c972d02:192.168.157.223:33343, d2424f4d-20d2-4104-abcc-02e6288f3ffc:192.168.157.223:39352, 7c510082-4284-44ef-8cd9-bb38fb15579f:192.168.157.223:33098], old=null
2019-10-17 21:16:03,992 [d2424f4d-20d2-4104-abcc-02e6288f3ffc@group-62509A8A5C15-LeaderElection256] INFO  impl.RaftServerImpl (RaftServerImpl.java:setRole(184)) - d2424f4d-20d2-4104-abcc-02e6288f3ffc@group-62509A8A5C15: changes role from CANDIDATE to FOLLOWER at term 278 for DISCOVERED_A_NEW_TERM
2019-10-17 21:16:03,992 [d2424f4d-20d2-4104-abcc-02e6288f3ffc@group-62509A8A5C15-LeaderElection256] INFO  impl.RoleInfo (RoleInfo.java:shutdownLeaderElection(134)) - d2424f4d-20d2-4104-abcc-02e6288f3ffc: shutdown LeaderElection
2019-10-17 21:16:03,992 [d2424f4d-20d2-4104-abcc-02e6288f3ffc@group-62509A8A5C15-LeaderElection256] INFO  impl.RoleInfo (RoleInfo.java:updateAndGet(143)) - d2424f4d-20d2-4104-abcc-02e6288f3ffc: start FollowerState
2019-10-17 21:16:04,065 [Thread-1931] INFO  impl.FollowerState (FollowerState.java:run(108)) - d2424f4d-20d2-4104-abcc-02e6288f3ffc@group-62509A8A5C15-FollowerState: change to CANDIDATE, lastRpcTime:72ms, electionTimeout:72ms
2019-10-17 21:16:04,065 [Thread-1931] INFO  impl.RoleInfo (RoleInfo.java:shutdownFollowerState(121)) - d2424f4d-20d2-4104-abcc-02e6288f3ffc: shutdown FollowerState
2019-10-17 21:16:04,066 [Thread-1931] INFO  impl.RaftServerImpl (RaftServerImpl.java:setRole(184)) - d2424f4d-20d2-4104-abcc-02e6288f3ffc@group-62509A8A5C15: changes role from  FOLLOWER to CANDIDATE at term 278 for changeToCandidate
2019-10-17 21:16:04,067 [Thread-1931] INFO  impl.RoleInfo (RoleInfo.java:updateAndGet(143)) - d2424f4d-20d2-4104-abcc-02e6288f3ffc: start LeaderElection
2019-10-17 21:16:04,086 [d2424f4d-20d2-4104-abcc-02e6288f3ffc@group-62509A8A5C15-LeaderElection257] INFO  impl.LeaderElection (LeaderElection.java:askForVotes(178)) - d2424f4d-20d2-4104-abcc-02e6288f3ffc@group-62509A8A5C15-LeaderElection257: begin an election at term 279 for -1: [3909bd6a-278d-4911-9d70-32680c972d02:192.168.157.223:33343, d2424f4d-20d2-4104-abcc-02e6288f3ffc:192.168.157.223:39352, 7c510082-4284-44ef-8cd9-bb38fb15579f:192.168.157.223:33098], old=null
2019-10-17 21:16:04,088 [grpc-default-executor-6] INFO  impl.RaftServerImpl (RaftServerImpl.java:setRole(184)) - 7c510082-4284-44ef-8cd9-bb38fb15579f@group-62509A8A5C15: changes role from  FOLLOWER to FOLLOWER at term 279 for recognizeCandidate:d2424f4d-20d2-4104-abcc-02e6288f3ffc
2019-10-17 21:16:04,088 [grpc-default-executor-6] INFO  impl.RoleInfo (RoleInfo.java:shutdownFollowerState(121)) - 7c510082-4284-44ef-8cd9-bb38fb15579f: shutdown FollowerState
2019-10-17 21:16:04,088 [grpc-default-executor-6] INFO  impl.RoleInfo (RoleInfo.java:updateAndGet(143)) - 7c510082-4284-44ef-8cd9-bb38fb15579f: start FollowerState
2019-10-17 21:16:04,088 [Thread-1929] INFO  impl.FollowerState (FollowerState.java:run(117)) - 7c510082-4284-44ef-8cd9-bb38fb15579f@group-62509A8A5C15-FollowerState was interrupted: java.lang.InterruptedException: sleep interrupted
2019-10-17 21:16:04,088 [grpc-default-executor-4] INFO  impl.RaftServerImpl (RaftServerImpl.java:setRole(184)) - 3909bd6a-278d-4911-9d70-32680c972d02@group-62509A8A5C15: changes role from  FOLLOWER to FOLLOWER at term 279 for recognizeCandidate:d2424f4d-20d2-4104-abcc-02e6288f3ffc
2019-10-17 21:16:04,089 [grpc-default-executor-4] INFO  impl.RoleInfo (RoleInfo.java:shutdownFollowerState(121)) - 3909bd6a-278d-4911-9d70-32680c972d02: shutdown FollowerState
2019-10-17 21:16:04,089 [d2424f4d-20d2-4104-abcc-02e6288f3ffc@group-62509A8A5C15-LeaderElection257] INFO  impl.LeaderElection (LeaderElection.java:logAndReturn(56)) - d2424f4d-20d2-4104-abcc-02e6288f3ffc@group-62509A8A5C15-LeaderElection257: Election TIMEOUT; received 0 response(s) [] and 0 exception(s); d2424f4d-20d2-4104-abcc-02e6288f3ffc@group-62509A8A5C15:t279, leader=null, voted=d2424f4d-20d2-4104-abcc-02e6288f3ffc, raftlog=d2424f4d-20d2-4104-abcc-02e6288f3ffc@group-62509A8A5C15-SegmentedRaftLog:OPENED:c-1,f-1,i0, conf=-1: [3909bd6a-278d-4911-9d70-32680c972d02:192.168.157.223:33343, d2424f4d-20d2-4104-abcc-02e6288f3ffc:192.168.157.223:39352, 7c510082-4284-44ef-8cd9-bb38fb15579f:192.168.157.223:33098], old=null
2019-10-17 21:16:04,089 [Thread-1930] INFO  impl.FollowerState (FollowerState.java:run(117)) - 3909bd6a-278d-4911-9d70-32680c972d02@group-62509A8A5C15-FollowerState was interrupted: java.lang.InterruptedException: sleep interrupted
2019-10-17 21:16:04,089 [grpc-default-executor-4] INFO  impl.RoleInfo (RoleInfo.java:updateAndGet(143)) - 3909bd6a-278d-4911-9d70-32680c972d02: start FollowerState
2019-10-17 21:16:04,113 [d2424f4d-20d2-4104-abcc-02e6288f3ffc@group-62509A8A5C15-LeaderElection257] INFO  impl.LeaderElection (LeaderElection.java:askForVotes(178)) - d2424f4d-20d2-4104-abcc-02e6288f3ffc@group-62509A8A5C15-LeaderElection257: begin an election at term 280 for -1: [3909bd6a-278d-4911-9d70-32680c972d02:192.168.157.223:33343, d2424f4d-20d2-4104-abcc-02e6288f3ffc:192.168.157.223:39352, 7c510082-4284-44ef-8cd9-bb38fb15579f:192.168.157.223:33098], old=null
2019-10-17 21:16:04,115 [grpc-default-executor-4] INFO  impl.RaftServerImpl (RaftServerImpl.java:setRole(184)) - 3909bd6a-278d-4911-9d70-32680c972d02@group-62509A8A5C15: changes role from  FOLLOWER to FOLLOWER at term 280 for recognizeCandidate:d2424f4d-20d2-4104-abcc-02e6288f3ffc
2019-10-17 21:16:04,115 [grpc-default-executor-4] INFO  impl.RoleInfo (RoleInfo.java:shutdownFollowerState(121)) - 3909bd6a-278d-4911-9d70-32680c972d02: shutdown FollowerState
2019-10-17 21:16:04,115 [grpc-default-executor-6] INFO  impl.RaftServerImpl (RaftServerImpl.java:setRole(184)) - 7c510082-4284-44ef-8cd9-bb38fb15579f@group-62509A8A5C15: changes role from  FOLLOWER to FOLLOWER at term 280 for recognizeCandidate:d2424f4d-20d2-4104-abcc-02e6288f3ffc
2019-10-17 21:16:04,115 [grpc-default-executor-6] INFO  impl.RoleInfo (RoleInfo.java:shutdownFollowerState(121)) - 7c510082-4284-44ef-8cd9-bb38fb15579f: shutdown FollowerState
2019-10-17 21:16:04,115 [Thread-1938] INFO  impl.FollowerState (FollowerState.java:run(117)) - 3909bd6a-278d-4911-9d70-32680c972d02@group-62509A8A5C15-FollowerState was interrupted: java.lang.InterruptedException: sleep interrupted
2019-10-17 21:16:04,115 [grpc-default-executor-4] INFO  impl.RoleInfo (RoleInfo.java:updateAndGet(143)) - 3909bd6a-278d-4911-9d70-32680c972d02: start FollowerState
2019-10-17 21:16:04,116 [grpc-default-executor-6] INFO  impl.RoleInfo (RoleInfo.java:updateAndGet(143)) - 7c510082-4284-44ef-8cd9-bb38fb15579f: start FollowerState
2019-10-17 21:16:04,116 [Thread-1937] INFO  impl.FollowerState (FollowerState.java:run(117)) - 7c510082-4284-44ef-8cd9-bb38fb15579f@group-62509A8A5C15-FollowerState was interrupted: java.lang.InterruptedException: sleep interrupted
2019-10-17 21:16:04,130 [d2424f4d-20d2-4104-abcc-02e6288f3ffc@group-62509A8A5C15-LeaderElection257] INFO  impl.LeaderElection (LeaderElection.java:logAndReturn(56)) - d2424f4d-20d2-4104-abcc-02e6288f3ffc@group-62509A8A5C15-LeaderElection257: Election REJECTED; received 2 response(s) [d2424f4d-20d2-4104-abcc-02e6288f3ffc<-3909bd6a-278d-4911-9d70-32680c972d02#0:FAIL-t280, d2424f4d-20d2-4104-abcc-02e6288f3ffc<-7c510082-4284-44ef-8cd9-bb38fb15579f#0:FAIL-t280] and 0 exception(s); d2424f4d-20d2-4104-abcc-02e6288f3ffc@group-62509A8A5C15:t280, leader=null, voted=d2424f4d-20d2-4104-abcc-02e6288f3ffc, raftlog=d2424f4d-20d2-4104-abcc-02e6288f3ffc@group-62509A8A5C15-SegmentedRaftLog:OPENED:c-1,f-1,i0, conf=-1: [3909bd6a-278d-4911-9d70-32680c972d02:192.168.157.223:33343, d2424f4d-20d2-4104-abcc-02e6288f3ffc:192.168.157.223:39352, 7c510082-4284-44ef-8cd9-bb38fb15579f:192.168.157.223:33098], old=null
2019-10-17 21:16:04,130 [d2424f4d-20d2-4104-abcc-02e6288f3ffc@group-62509A8A5C15-LeaderElection257] INFO  impl.RaftServerImpl (RaftServerImpl.java:setRole(184)) - d2424f4d-20d2-4104-abcc-02e6288f3ffc@group-62509A8A5C15: changes role from CANDIDATE to FOLLOWER at term 280 for DISCOVERED_A_NEW_TERM
2019-10-17 21:16:04,130 [d2424f4d-20d2-4104-abcc-02e6288f3ffc@group-62509A8A5C15-LeaderElection257] INFO  impl.RoleInfo (RoleInfo.java:shutdownLeaderElection(134)) - d2424f4d-20d2-4104-abcc-02e6288f3ffc: shutdown LeaderElection
2019-10-17 21:16:04,130 [d2424f4d-20d2-4104-abcc-02e6288f3ffc@group-62509A8A5C15-LeaderElection257] INFO  impl.RoleInfo (RoleInfo.java:updateAndGet(143)) - d2424f4d-20d2-4104-abcc-02e6288f3ffc: start FollowerState
2019-10-17 21:16:04,197 [Thread-1943] INFO  impl.FollowerState (FollowerState.java:run(108)) - d2424f4d-20d2-4104-abcc-02e6288f3ffc@group-62509A8A5C15-FollowerState: change to CANDIDATE, lastRpcTime:67ms, electionTimeout:67ms
2019-10-17 21:16:04,198 [Thread-1943] INFO  impl.RoleInfo (RoleInfo.java:shutdownFollowerState(121)) - d2424f4d-20d2-4104-abcc-02e6288f3ffc: shutdown FollowerState
2019-10-17 21:16:04,198 [Thread-1943] INFO  impl.RaftServerImpl (RaftServerImpl.java:setRole(184)) - d2424f4d-20d2-4104-abcc-02e6288f3ffc@group-62509A8A5C15: changes role from  FOLLOWER to CANDIDATE at term 280 for changeToCandidate
2019-10-17 21:16:04,198 [Thread-1943] INFO  impl.RoleInfo (RoleInfo.java:updateAndGet(143)) - d2424f4d-20d2-4104-abcc-02e6288f3ffc: start LeaderElection
2019-10-17 21:16:04,212 [d2424f4d-20d2-4104-abcc-02e6288f3ffc@group-62509A8A5C15-LeaderElection258] INFO  impl.LeaderElection (LeaderElection.java:askForVotes(178)) - d2424f4d-20d2-4104-abcc-02e6288f3ffc@group-62509A8A5C15-LeaderElection258: begin an election at term 281 for -1: [3909bd6a-278d-4911-9d70-32680c972d02:192.168.157.223:33343, d2424f4d-20d2-4104-abcc-02e6288f3ffc:192.168.157.223:39352, 7c510082-4284-44ef-8cd9-bb38fb15579f:192.168.157.223:33098], old=null
2019-10-17 21:16:04,215 [grpc-default-executor-4] INFO  impl.RaftServerImpl (RaftServerImpl.java:setRole(184)) - 3909bd6a-278d-4911-9d70-32680c972d02@group-62509A8A5C15: changes role from  FOLLOWER to FOLLOWER at term 281 for recognizeCandidate:d2424f4d-20d2-4104-abcc-02e6288f3ffc
2019-10-17 21:16:04,215 [grpc-default-executor-4] INFO  impl.RoleInfo (RoleInfo.java:shutdownFollowerState(121)) - 3909bd6a-278d-4911-9d70-32680c972d02: shutdown FollowerState
2019-10-17 21:16:04,215 [grpc-default-executor-6] INFO  impl.RaftServerImpl (RaftServerImpl.java:setRole(184)) - 7c510082-4284-44ef-8cd9-bb38fb15579f@group-62509A8A5C15: changes role from  FOLLOWER to FOLLOWER at term 281 for recognizeCandidate:d2424f4d-20d2-4104-abcc-02e6288f3ffc
2019-10-17 21:16:04,215 [Thread-1941] INFO  impl.FollowerState (FollowerState.java:run(117)) - 3909bd6a-278d-4911-9d70-32680c972d02@group-62509A8A5C15-FollowerState was interrupted: java.lang.InterruptedException: sleep interrupted
2019-10-17 21:16:04,215 [grpc-default-executor-4] INFO  impl.RoleInfo (RoleInfo.java:updateAndGet(143)) - 3909bd6a-278d-4911-9d70-32680c972d02: start FollowerState
2019-10-17 21:16:04,215 [grpc-default-executor-6] INFO  impl.RoleInfo (RoleInfo.java:shutdownFollowerState(121)) - 7c510082-4284-44ef-8cd9-bb38fb15579f: shutdown FollowerState
2019-10-17 21:16:04,216 [grpc-default-executor-6] INFO  impl.RoleInfo (RoleInfo.java:updateAndGet(143)) - 7c510082-4284-44ef-8cd9-bb38fb15579f: start FollowerState
2019-10-17 21:16:04,216 [Thread-1942] INFO  impl.FollowerState (FollowerState.java:run(117)) - 7c510082-4284-44ef-8cd9-bb38fb15579f@group-62509A8A5C15-FollowerState was interrupted: java.lang.InterruptedException: sleep interrupted
2019-10-17 21:16:04,239 [d2424f4d-20d2-4104-abcc-02e6288f3ffc@group-62509A8A5C15-LeaderElection258] INFO  impl.LeaderElection (LeaderElection.java:logAndReturn(56)) - d2424f4d-20d2-4104-abcc-02e6288f3ffc@group-62509A8A5C15-LeaderElection258: Election REJECTED; received 2 response(s) [d2424f4d-20d2-4104-abcc-02e6288f3ffc<-3909bd6a-278d-4911-9d70-32680c972d02#0:FAIL-t281, d2424f4d-20d2-4104-abcc-02e6288f3ffc<-7c510082-4284-44ef-8cd9-bb38fb15579f#0:FAIL-t281] and 0 exception(s); d2424f4d-20d2-4104-abcc-02e6288f3ffc@group-62509A8A5C15:t281, leader=null, voted=d2424f4d-20d2-4104-abcc-02e6288f3ffc, raftlog=d2424f4d-20d2-4104-abcc-02e6288f3ffc@group-62509A8A5C15-SegmentedRaftLog:OPENED:c-1,f-1,i0, conf=-1: [3909bd6a-278d-4911-9d70-32680c972d02:192.168.157.223:33343, d2424f4d-20d2-4104-abcc-02e6288f3ffc:192.168.157.223:39352, 7c510082-4284-44ef-8cd9-bb38fb15579f:192.168.157.223:33098], old=null
2019-10-17 21:16:04,240 [d2424f4d-20d2-4104-abcc-02e6288f3ffc@group-62509A8A5C15-LeaderElection258] INFO  impl.RaftServerImpl (RaftServerImpl.java:setRole(184)) - d2424f4d-20d2-4104-abcc-02e6288f3ffc@group-62509A8A5C15: changes role from CANDIDATE to FOLLOWER at term 281 for DISCOVERED_A_NEW_TERM
2019-10-17 21:16:04,240 [d2424f4d-20d2-4104-abcc-02e6288f3ffc@group-62509A8A5C15-LeaderElection258] INFO  impl.RoleInfo (RoleInfo.java:shutdownLeaderElection(134)) - d2424f4d-20d2-4104-abcc-02e6288f3ffc: shutdown LeaderElection
2019-10-17 21:16:04,240 [d2424f4d-20d2-4104-abcc-02e6288f3ffc@group-62509A8A5C15-LeaderElection258] INFO  impl.RoleInfo (RoleInfo.java:updateAndGet(143)) - d2424f4d-20d2-4104-abcc-02e6288f3ffc: start FollowerState
2019-10-17 21:16:04,370 [Thread-1949] INFO  impl.FollowerState (FollowerState.java:run(108)) - d2424f4d-20d2-4104-abcc-02e6288f3ffc@group-62509A8A5C15-FollowerState: change to CANDIDATE, lastRpcTime:130ms, electionTimeout:130ms
2019-10-17 21:16:04,370 [Thread-1949] INFO  impl.RoleInfo (RoleInfo.java:shutdownFollowerState(121)) - d2424f4d-20d2-4104-abcc-02e6288f3ffc: shutdown FollowerState
2019-10-17 21:16:04,370 [Thread-1949] INFO  impl.RaftServerImpl (RaftServerImpl.java:setRole(184)) - d2424f4d-20d2-4104-abcc-02e6288f3ffc@group-62509A8A5C15: changes role from  FOLLOWER to CANDIDATE at term 281 for changeToCandidate
2019-10-17 21:16:04,371 [Thread-1949] INFO  impl.RoleInfo (RoleInfo.java:updateAndGet(143)) - d2424f4d-20d2-4104-abcc-02e6288f3ffc: start LeaderElection
2019-10-17 21:16:04,385 [d2424f4d-20d2-4104-abcc-02e6288f3ffc@group-62509A8A5C15-LeaderElection259] INFO  impl.LeaderElection (LeaderElection.java:askForVotes(178)) - d2424f4d-20d2-4104-abcc-02e6288f3ffc@group-62509A8A5C15-LeaderElection259: begin an election at term 282 for -1: [3909bd6a-278d-4911-9d70-32680c972d02:192.168.157.223:33343, d2424f4d-20d2-4104-abcc-02e6288f3ffc:192.168.157.223:39352, 7c510082-4284-44ef-8cd9-bb38fb15579f:192.168.157.223:33098], old=null
2019-10-17 21:16:04,387 [grpc-default-executor-6] INFO  impl.RaftServerImpl (RaftServerImpl.java:setRole(184)) - 3909bd6a-278d-4911-9d70-32680c972d02@group-62509A8A5C15: changes role from  FOLLOWER to FOLLOWER at term 282 for recognizeCandidate:d2424f4d-20d2-4104-abcc-02e6288f3ffc
2019-10-17 21:16:04,387 [grpc-default-executor-6] INFO  impl.RoleInfo (RoleInfo.java:shutdownFollowerState(121)) - 3909bd6a-278d-4911-9d70-32680c972d02: shutdown FollowerState
2019-10-17 21:16:04,387 [grpc-default-executor-4] INFO  impl.RaftServerImpl (RaftServerImpl.java:setRole(184)) - 7c510082-4284-44ef-8cd9-bb38fb15579f@group-62509A8A5C15: changes role from  FOLLOWER to FOLLOWER at term 282 for recognizeCandidate:d2424f4d-20d2-4104-abcc-02e6288f3ffc
2019-10-17 21:16:04,387 [Thread-1947] INFO  impl.FollowerState (FollowerState.java:run(117)) - 3909bd6a-278d-4911-9d70-32680c972d02@group-62509A8A5C15-FollowerState was interrupted: java.lang.InterruptedException: sleep interrupted
2019-10-17 21:16:04,387 [grpc-default-executor-6] INFO  impl.RoleInfo (RoleInfo.java:updateAndGet(143)) - 3909bd6a-278d-4911-9d70-32680c972d02: start FollowerState
2019-10-17 21:16:04,387 [grpc-default-executor-4] INFO  impl.RoleInfo (RoleInfo.java:shutdownFollowerState(121)) - 7c510082-4284-44ef-8cd9-bb38fb15579f: shutdown FollowerState
2019-10-17 21:16:04,388 [grpc-default-executor-4] INFO  impl.RoleInfo (RoleInfo.java:updateAndGet(143)) - 7c510082-4284-44ef-8cd9-bb38fb15579f: start FollowerState
2019-10-17 21:16:04,388 [Thread-1948] INFO  impl.FollowerState (FollowerState.java:run(117)) - 7c510082-4284-44ef-8cd9-bb38fb15579f@group-62509A8A5C15-FollowerState was interrupted: java.lang.InterruptedException: sleep interrupted
2019-10-17 21:16:04,402 [d2424f4d-20d2-4104-abcc-02e6288f3ffc@group-62509A8A5C15-LeaderElection259] INFO  impl.LeaderElection (LeaderElection.java:logAndReturn(56)) - d2424f4d-20d2-4104-abcc-02e6288f3ffc@group-62509A8A5C15-LeaderElection259: Election REJECTED; received 2 response(s) [d2424f4d-20d2-4104-abcc-02e6288f3ffc<-3909bd6a-278d-4911-9d70-32680c972d02#0:FAIL-t282, d2424f4d-20d2-4104-abcc-02e6288f3ffc<-7c510082-4284-44ef-8cd9-bb38fb15579f#0:FAIL-t282] and 0 exception(s); d2424f4d-20d2-4104-abcc-02e6288f3ffc@group-62509A8A5C15:t282, leader=null, voted=d2424f4d-20d2-4104-abcc-02e6288f3ffc, raftlog=d2424f4d-20d2-4104-abcc-02e6288f3ffc@group-62509A8A5C15-SegmentedRaftLog:OPENED:c-1,f-1,i0, conf=-1: [3909bd6a-278d-4911-9d70-32680c972d02:192.168.157.223:33343, d2424f4d-20d2-4104-abcc-02e6288f3ffc:192.168.157.223:39352, 7c510082-4284-44ef-8cd9-bb38fb15579f:192.168.157.223:33098], old=null
2019-10-17 21:16:04,402 [d2424f4d-20d2-4104-abcc-02e6288f3ffc@group-62509A8A5C15-LeaderElection259] INFO  impl.RaftServerImpl (RaftServerImpl.java:setRole(184)) - d2424f4d-20d2-4104-abcc-02e6288f3ffc@group-62509A8A5C15: changes role from CANDIDATE to FOLLOWER at term 282 for DISCOVERED_A_NEW_TERM
2019-10-17 21:16:04,402 [d2424f4d-20d2-4104-abcc-02e6288f3ffc@group-62509A8A5C15-LeaderElection259] INFO  impl.RoleInfo (RoleInfo.java:shutdownLeaderElection(134)) - d2424f4d-20d2-4104-abcc-02e6288f3ffc: shutdown LeaderElection
2019-10-17 21:16:04,403 [d2424f4d-20d2-4104-abcc-02e6288f3ffc@group-62509A8A5C15-LeaderElection259] INFO  impl.RoleInfo (RoleInfo.java:updateAndGet(143)) - d2424f4d-20d2-4104-abcc-02e6288f3ffc: start FollowerState
2019-10-17 21:16:04,567 [Thread-1955] INFO  impl.FollowerState (FollowerState.java:run(108)) - d2424f4d-20d2-4104-abcc-02e6288f3ffc@group-62509A8A5C15-FollowerState: change to CANDIDATE, lastRpcTime:164ms, electionTimeout:164ms
2019-10-17 21:16:04,567 [Thread-1955] INFO  impl.RoleInfo (RoleInfo.java:shutdownFollowerState(121)) - d2424f4d-20d2-4104-abcc-02e6288f3ffc: shutdown FollowerState
2019-10-17 21:16:04,567 [Thread-1955] INFO  impl.RaftServerImpl (RaftServerImpl.java:setRole(184)) - d2424f4d-20d2-4104-abcc-02e6288f3ffc@group-62509A8A5C15: changes role from  FOLLOWER to CANDIDATE at term 282 for changeToCandidate
2019-10-17 21:16:04,567 [Thread-1955] INFO  impl.RoleInfo (RoleInfo.java:updateAndGet(143)) - d2424f4d-20d2-4104-abcc-02e6288f3ffc: start LeaderElection
2019-10-17 21:16:04,593 [d2424f4d-20d2-4104-abcc-02e6288f3ffc@group-62509A8A5C15-LeaderElection260] INFO  impl.LeaderElection (LeaderElection.java:askForVotes(178)) - d2424f4d-20d2-4104-abcc-02e6288f3ffc@group-62509A8A5C15-LeaderElection260: begin an election at term 283 for -1: [3909bd6a-278d-4911-9d70-32680c972d02:192.168.157.223:33343, d2424f4d-20d2-4104-abcc-02e6288f3ffc:192.168.157.223:39352, 7c510082-4284-44ef-8cd9-bb38fb15579f:192.168.157.223:33098], old=null
2019-10-17 21:16:04,595 [grpc-default-executor-4] INFO  impl.RaftServerImpl (RaftServerImpl.java:setRole(184)) - 3909bd6a-278d-4911-9d70-32680c972d02@group-62509A8A5C15: changes role from  FOLLOWER to FOLLOWER at term 283 for recognizeCandidate:d2424f4d-20d2-4104-abcc-02e6288f3ffc
2019-10-17 21:16:04,595 [grpc-default-executor-6] INFO  impl.RaftServerImpl (RaftServerImpl.java:setRole(184)) - 7c510082-4284-44ef-8cd9-bb38fb15579f@group-62509A8A5C15: changes role from  FOLLOWER to FOLLOWER at term 283 for recognizeCandidate:d2424f4d-20d2-4104-abcc-02e6288f3ffc
2019-10-17 21:16:04,596 [grpc-default-executor-6] INFO  impl.RoleInfo (RoleInfo.java:shutdownFollowerState(121)) - 7c510082-4284-44ef-8cd9-bb38fb15579f: shutdown FollowerState
2019-10-17 21:16:04,595 [grpc-default-executor-4] INFO  impl.RoleInfo (RoleInfo.java:shutdownFollowerState(121)) - 3909bd6a-278d-4911-9d70-32680c972d02: shutdown FollowerState
2019-10-17 21:16:04,596 [Thread-1954] INFO  impl.FollowerState (FollowerState.java:run(117)) - 7c510082-4284-44ef-8cd9-bb38fb15579f@group-62509A8A5C15-FollowerState was interrupted: java.lang.InterruptedException: sleep interrupted
2019-10-17 21:16:04,596 [grpc-default-executor-6] INFO  impl.RoleInfo (RoleInfo.java:updateAndGet(143)) - 7c510082-4284-44ef-8cd9-bb38fb15579f: start FollowerState
2019-10-17 21:16:04,596 [Thread-1953] INFO  impl.FollowerState (FollowerState.java:run(117)) - 3909bd6a-278d-4911-9d70-32680c972d02@group-62509A8A5C15-FollowerState was interrupted: java.lang.InterruptedException: sleep interrupted
2019-10-17 21:16:04,596 [grpc-default-executor-4] INFO  impl.RoleInfo (RoleInfo.java:updateAndGet(143)) - 3909bd6a-278d-4911-9d70-32680c972d02: start FollowerState
2019-10-17 21:16:04,611 [d2424f4d-20d2-4104-abcc-02e6288f3ffc@group-62509A8A5C15-LeaderElection260] INFO  impl.LeaderElection (LeaderElection.java:logAndReturn(56)) - d2424f4d-20d2-4104-abcc-02e6288f3ffc@group-62509A8A5C15-LeaderElection260: Election REJECTED; received 2 response(s) [d2424f4d-20d2-4104-abcc-02e6288f3ffc<-3909bd6a-278d-4911-9d70-32680c972d02#0:FAIL-t283, d2424f4d-20d2-4104-abcc-02e6288f3ffc<-7c510082-4284-44ef-8cd9-bb38fb15579f#0:FAIL-t283] and 0 exception(s); d2424f4d-20d2-4104-abcc-02e6288f3ffc@group-62509A8A5C15:t283, leader=null, voted=d2424f4d-20d2-4104-abcc-02e6288f3ffc, raftlog=d2424f4d-20d2-4104-abcc-02e6288f3ffc@group-62509A8A5C15-SegmentedRaftLog:OPENED:c-1,f-1,i0, conf=-1: [3909bd6a-278d-4911-9d70-32680c972d02:192.168.157.223:33343, d2424f4d-20d2-4104-abcc-02e6288f3ffc:192.168.157.223:39352, 7c510082-4284-44ef-8cd9-bb38fb15579f:192.168.157.223:33098], old=null
2019-10-17 21:16:04,612 [d2424f4d-20d2-4104-abcc-02e6288f3ffc@group-62509A8A5C15-LeaderElection260] INFO  impl.RaftServerImpl (RaftServerImpl.java:setRole(184)) - d2424f4d-20d2-4104-abcc-02e6288f3ffc@group-62509A8A5C15: changes role from CANDIDATE to FOLLOWER at term 283 for DISCOVERED_A_NEW_TERM
2019-10-17 21:16:04,612 [d2424f4d-20d2-4104-abcc-02e6288f3ffc@group-62509A8A5C15-LeaderElection260] INFO  impl.RoleInfo (RoleInfo.java:shutdownLeaderElection(134)) - d2424f4d-20d2-4104-abcc-02e6288f3ffc: shutdown LeaderElection
2019-10-17 21:16:04,612 [d2424f4d-20d2-4104-abcc-02e6288f3ffc@group-62509A8A5C15-LeaderElection260] INFO  impl.RoleInfo (RoleInfo.java:updateAndGet(143)) - d2424f4d-20d2-4104-abcc-02e6288f3ffc: start FollowerState
2019-10-17 21:16:04,628 [Thread-1961] INFO  impl.FollowerState (FollowerState.java:run(108)) - d2424f4d-20d2-4104-abcc-02e6288f3ffc@group-62509A8A5C15-FollowerState: change to CANDIDATE, lastRpcTime:16ms, electionTimeout:16ms
2019-10-17 21:16:04,628 [Thread-1961] INFO  impl.RoleInfo (RoleInfo.java:shutdownFollowerState(121)) - d2424f4d-20d2-4104-abcc-02e6288f3ffc: shutdown FollowerState
2019-10-17 21:16:04,628 [Thread-1961] INFO  impl.RaftServerImpl (RaftServerImpl.java:setRole(184)) - d2424f4d-20d2-4104-abcc-02e6288f3ffc@group-62509A8A5C15: changes role from  FOLLOWER to CANDIDATE at term 283 for changeToCandidate
2019-10-17 21:16:04,629 [Thread-1961] INFO  impl.RoleInfo (RoleInfo.java:updateAndGet(143)) - d2424f4d-20d2-4104-abcc-02e6288f3ffc: start LeaderElection
2019-10-17 21:16:04,644 [d2424f4d-20d2-4104-abcc-02e6288f3ffc@group-62509A8A5C15-LeaderElection261] INFO  impl.LeaderElection (LeaderElection.java:askForVotes(178)) - d2424f4d-20d2-4104-abcc-02e6288f3ffc@group-62509A8A5C15-LeaderElection261: begin an election at term 284 for -1: [3909bd6a-278d-4911-9d70-32680c972d02:192.168.157.223:33343, d2424f4d-20d2-4104-abcc-02e6288f3ffc:192.168.157.223:39352, 7c510082-4284-44ef-8cd9-bb38fb15579f:192.168.157.223:33098], old=null
2019-10-17 21:16:04,646 [grpc-default-executor-6] INFO  impl.RaftServerImpl (RaftServerImpl.java:setRole(184)) - 3909bd6a-278d-4911-9d70-32680c972d02@group-62509A8A5C15: changes role from  FOLLOWER to FOLLOWER at term 284 for recognizeCandidate:d2424f4d-20d2-4104-abcc-02e6288f3ffc
2019-10-17 21:16:04,646 [grpc-default-executor-6] INFO  impl.RoleInfo (RoleInfo.java:shutdownFollowerState(121)) - 3909bd6a-278d-4911-9d70-32680c972d02: shutdown FollowerState
2019-10-17 21:16:04,646 [grpc-default-executor-6] INFO  impl.RoleInfo (RoleInfo.java:updateAndGet(143)) - 3909bd6a-278d-4911-9d70-32680c972d02: start FollowerState
2019-10-17 21:16:04,646 [Thread-1960] INFO  impl.FollowerState (FollowerState.java:run(117)) - 3909bd6a-278d-4911-9d70-32680c972d02@group-62509A8A5C15-FollowerState was interrupted: java.lang.InterruptedException: sleep interrupted
2019-10-17 21:16:04,647 [grpc-default-executor-4] INFO  impl.RaftServerImpl (RaftServerImpl.java:setRole(184)) - 7c510082-4284-44ef-8cd9-bb38fb15579f@group-62509A8A5C15: changes role from  FOLLOWER to FOLLOWER at term 284 for recognizeCandidate:d2424f4d-20d2-4104-abcc-02e6288f3ffc
2019-10-17 21:16:04,647 [grpc-default-executor-4] INFO  impl.RoleInfo (RoleInfo.java:shutdownFollowerState(121)) - 7c510082-4284-44ef-8cd9-bb38fb15579f: shutdown FollowerState
2019-10-17 21:16:04,647 [grpc-default-executor-4] INFO  impl.RoleInfo (RoleInfo.java:updateAndGet(143)) - 7c510082-4284-44ef-8cd9-bb38fb15579f: start FollowerState
2019-10-17 21:16:04,647 [Thread-1959] INFO  impl.FollowerState (FollowerState.java:run(117)) - 7c510082-4284-44ef-8cd9-bb38fb15579f@group-62509A8A5C15-FollowerState was interrupted: java.lang.InterruptedException: sleep interrupted
2019-10-17 21:16:04,662 [d2424f4d-20d2-4104-abcc-02e6288f3ffc@group-62509A8A5C15-LeaderElection261] INFO  impl.LeaderElection (LeaderElection.java:logAndReturn(56)) - d2424f4d-20d2-4104-abcc-02e6288f3ffc@group-62509A8A5C15-LeaderElection261: Election REJECTED; received 2 response(s) [d2424f4d-20d2-4104-abcc-02e6288f3ffc<-3909bd6a-278d-4911-9d70-32680c972d02#0:FAIL-t284, d2424f4d-20d2-4104-abcc-02e6288f3ffc<-7c510082-4284-44ef-8cd9-bb38fb15579f#0:FAIL-t284] and 0 exception(s); d2424f4d-20d2-4104-abcc-02e6288f3ffc@group-62509A8A5C15:t284, leader=null, voted=d2424f4d-20d2-4104-abcc-02e6288f3ffc, raftlog=d2424f4d-20d2-4104-abcc-02e6288f3ffc@group-62509A8A5C15-SegmentedRaftLog:OPENED:c-1,f-1,i0, conf=-1: [3909bd6a-278d-4911-9d70-32680c972d02:192.168.157.223:33343, d2424f4d-20d2-4104-abcc-02e6288f3ffc:192.168.157.223:39352, 7c510082-4284-44ef-8cd9-bb38fb15579f:192.168.157.223:33098], old=null
2019-10-17 21:16:04,662 [d2424f4d-20d2-4104-abcc-02e6288f3ffc@group-62509A8A5C15-LeaderElection261] INFO  impl.RaftServerImpl (RaftServerImpl.java:setRole(184)) - d2424f4d-20d2-4104-abcc-02e6288f3ffc@group-62509A8A5C15: changes role from CANDIDATE to FOLLOWER at term 284 for DISCOVERED_A_NEW_TERM
2019-10-17 21:16:04,662 [d2424f4d-20d2-4104-abcc-02e6288f3ffc@group-62509A8A5C15-LeaderElection261] INFO  impl.RoleInfo (RoleInfo.java:shutdownLeaderElection(134)) - d2424f4d-20d2-4104-abcc-02e6288f3ffc: shutdown LeaderElection
2019-10-17 21:16:04,662 [d2424f4d-20d2-4104-abcc-02e6288f3ffc@group-62509A8A5C15-LeaderElection261] INFO  impl.RoleInfo (RoleInfo.java:updateAndGet(143)) - d2424f4d-20d2-4104-abcc-02e6288f3ffc: start FollowerState
2019-10-17 21:16:04,844 [Thread-1967] INFO  impl.FollowerState (FollowerState.java:run(108)) - d2424f4d-20d2-4104-abcc-02e6288f3ffc@group-62509A8A5C15-FollowerState: change to CANDIDATE, lastRpcTime:181ms, electionTimeout:181ms
2019-10-17 21:16:04,844 [Thread-1967] INFO  impl.RoleInfo (RoleInfo.java:shutdownFollowerState(121)) - d2424f4d-20d2-4104-abcc-02e6288f3ffc: shutdown FollowerState
2019-10-17 21:16:04,844 [Thread-1967] INFO  impl.RaftServerImpl (RaftServerImpl.java:setRole(184)) - d2424f4d-20d2-4104-abcc-02e6288f3ffc@group-62509A8A5C15: changes role from  FOLLOWER to CANDIDATE at term 284 for changeToCandidate
2019-10-17 21:16:04,844 [Thread-1967] INFO  impl.RoleInfo (RoleInfo.java:updateAndGet(143)) - d2424f4d-20d2-4104-abcc-02e6288f3ffc: start LeaderElection
2019-10-17 21:16:04,858 [d2424f4d-20d2-4104-abcc-02e6288f3ffc@group-62509A8A5C15-LeaderElection262] INFO  impl.LeaderElection (LeaderElection.java:askForVotes(178)) - d2424f4d-20d2-4104-abcc-02e6288f3ffc@group-62509A8A5C15-LeaderElection262: begin an election at term 285 for -1: [3909bd6a-278d-4911-9d70-32680c972d02:192.168.157.223:33343, d2424f4d-20d2-4104-abcc-02e6288f3ffc:192.168.157.223:39352, 7c510082-4284-44ef-8cd9-bb38fb15579f:192.168.157.223:33098], old=null
2019-10-17 21:16:04,859 [grpc-default-executor-6] INFO  impl.RaftServerImpl (RaftServerImpl.java:setRole(184)) - 3909bd6a-278d-4911-9d70-32680c972d02@group-62509A8A5C15: changes role from  FOLLOWER to FOLLOWER at term 285 for recognizeCandidate:d2424f4d-20d2-4104-abcc-02e6288f3ffc
2019-10-17 21:16:04,860 [grpc-default-executor-6] INFO  impl.RoleInfo (RoleInfo.java:shutdownFollowerState(121)) - 3909bd6a-278d-4911-9d70-32680c972d02: shutdown FollowerState
2019-10-17 21:16:04,860 [grpc-default-executor-4] INFO  impl.RaftServerImpl (RaftServerImpl.java:setRole(184)) - 7c510082-4284-44ef-8cd9-bb38fb15579f@group-62509A8A5C15: changes role from  FOLLOWER to FOLLOWER at term 285 for recognizeCandidate:d2424f4d-20d2-4104-abcc-02e6288f3ffc
2019-10-17 21:16:04,860 [grpc-default-executor-4] INFO  impl.RoleInfo (RoleInfo.java:shutdownFollowerState(121)) - 7c510082-4284-44ef-8cd9-bb38fb15579f: shutdown FollowerState
2019-10-17 21:16:04,860 [Thread-1965] INFO  impl.FollowerState (FollowerState.java:run(117)) - 3909bd6a-278d-4911-9d70-32680c972d02@group-62509A8A5C15-FollowerState was interrupted: java.lang.InterruptedException: sleep interrupted
2019-10-17 21:16:04,860 [grpc-default-executor-6] INFO  impl.RoleInfo (RoleInfo.java:updateAndGet(143)) - 3909bd6a-278d-4911-9d70-32680c972d02: start FollowerState
2019-10-17 21:16:04,860 [Thread-1966] INFO  impl.FollowerState (FollowerState.java:run(117)) - 7c510082-4284-44ef-8cd9-bb38fb15579f@group-62509A8A5C15-FollowerState was interrupted: java.lang.InterruptedException: sleep interrupted
2019-10-17 21:16:04,860 [grpc-default-executor-4] INFO  impl.RoleInfo (RoleInfo.java:updateAndGet(143)) - 7c510082-4284-44ef-8cd9-bb38fb15579f: start FollowerState
2019-10-17 21:16:04,876 [d2424f4d-20d2-4104-abcc-02e6288f3ffc@group-62509A8A5C15-LeaderElection262] INFO  impl.LeaderElection (LeaderElection.java:logAndReturn(56)) - d2424f4d-20d2-4104-abcc-02e6288f3ffc@group-62509A8A5C15-LeaderElection262: Election REJECTED; received 2 response(s) [d2424f4d-20d2-4104-abcc-02e6288f3ffc<-3909bd6a-278d-4911-9d70-32680c972d02#0:FAIL-t285, d2424f4d-20d2-4104-abcc-02e6288f3ffc<-7c510082-4284-44ef-8cd9-bb38fb15579f#0:FAIL-t285] and 0 exception(s); d2424f4d-20d2-4104-abcc-02e6288f3ffc@group-62509A8A5C15:t285, leader=null, voted=d2424f4d-20d2-4104-abcc-02e6288f3ffc, raftlog=d2424f4d-20d2-4104-abcc-02e6288f3ffc@group-62509A8A5C15-SegmentedRaftLog:OPENED:c-1,f-1,i0, conf=-1: [3909bd6a-278d-4911-9d70-32680c972d02:192.168.157.223:33343, d2424f4d-20d2-4104-abcc-02e6288f3ffc:192.168.157.223:39352, 7c510082-4284-44ef-8cd9-bb38fb15579f:192.168.157.223:33098], old=null
2019-10-17 21:16:04,876 [d2424f4d-20d2-4104-abcc-02e6288f3ffc@group-62509A8A5C15-LeaderElection262] INFO  impl.RaftServerImpl (RaftServerImpl.java:setRole(184)) - d2424f4d-20d2-4104-abcc-02e6288f3ffc@group-62509A8A5C15: changes role from CANDIDATE to FOLLOWER at term 285 for DISCOVERED_A_NEW_TERM
2019-10-17 21:16:04,877 [d2424f4d-20d2-4104-abcc-02e6288f3ffc@group-62509A8A5C15-LeaderElection262] INFO  impl.RoleInfo (RoleInfo.java:shutdownLeaderElection(134)) - d2424f4d-20d2-4104-abcc-02e6288f3ffc: shutdown LeaderElection
2019-10-17 21:16:04,877 [d2424f4d-20d2-4104-abcc-02e6288f3ffc@group-62509A8A5C15-LeaderElection262] INFO  impl.RoleInfo (RoleInfo.java:updateAndGet(143)) - d2424f4d-20d2-4104-abcc-02e6288f3ffc: start FollowerState
2019-10-17 21:16:04,903 [Thread-1973] INFO  impl.FollowerState (FollowerState.java:run(108)) - d2424f4d-20d2-4104-abcc-02e6288f3ffc@group-62509A8A5C15-FollowerState: change to CANDIDATE, lastRpcTime:26ms, electionTimeout:26ms
2019-10-17 21:16:04,903 [Thread-1973] INFO  impl.RoleInfo (RoleInfo.java:shutdownFollowerState(121)) - d2424f4d-20d2-4104-abcc-02e6288f3ffc: shutdown FollowerState
2019-10-17 21:16:04,903 [Thread-1973] INFO  impl.RaftServerImpl (RaftServerImpl.java:setRole(184)) - d2424f4d-20d2-4104-abcc-02e6288f3ffc@group-62509A8A5C15: changes role from  FOLLOWER to CANDIDATE at term 285 for changeToCandidate
2019-10-17 21:16:04,903 [Thread-1973] INFO  impl.RoleInfo (RoleInfo.java:updateAndGet(143)) - d2424f4d-20d2-4104-abcc-02e6288f3ffc: start LeaderElection
2019-10-17 21:16:04,918 [d2424f4d-20d2-4104-abcc-02e6288f3ffc@group-62509A8A5C15-LeaderElection263] INFO  impl.LeaderElection (LeaderElection.java:askForVotes(178)) - d2424f4d-20d2-4104-abcc-02e6288f3ffc@group-62509A8A5C15-LeaderElection263: begin an election at term 286 for -1: [3909bd6a-278d-4911-9d70-32680c972d02:192.168.157.223:33343, d2424f4d-20d2-4104-abcc-02e6288f3ffc:192.168.157.223:39352, 7c510082-4284-44ef-8cd9-bb38fb15579f:192.168.157.223:33098], old=null
2019-10-17 21:16:04,921 [grpc-default-executor-6] INFO  impl.RaftServerImpl (RaftServerImpl.java:setRole(184)) - 3909bd6a-278d-4911-9d70-32680c972d02@group-62509A8A5C15: changes role from  FOLLOWER to FOLLOWER at term 286 for recognizeCandidate:d2424f4d-20d2-4104-abcc-02e6288f3ffc
2019-10-17 21:16:04,921 [grpc-default-executor-6] INFO  impl.RoleInfo (RoleInfo.java:shutdownFollowerState(121)) - 3909bd6a-278d-4911-9d70-32680c972d02: shutdown FollowerState
2019-10-17 21:16:04,921 [grpc-default-executor-6] INFO  impl.RoleInfo (RoleInfo.java:updateAndGet(143)) - 3909bd6a-278d-4911-9d70-32680c972d02: start FollowerState
2019-10-17 21:16:04,921 [grpc-default-executor-4] INFO  impl.RaftServerImpl (RaftServerImpl.java:setRole(184)) - 7c510082-4284-44ef-8cd9-bb38fb15579f@group-62509A8A5C15: changes role from  FOLLOWER to FOLLOWER at term 286 for recognizeCandidate:d2424f4d-20d2-4104-abcc-02e6288f3ffc
2019-10-17 21:16:04,921 [grpc-default-executor-4] INFO  impl.RoleInfo (RoleInfo.java:shutdownFollowerState(121)) - 7c510082-4284-44ef-8cd9-bb38fb15579f: shutdown FollowerState
2019-10-17 21:16:04,921 [Thread-1971] INFO  impl.FollowerState (FollowerState.java:run(117)) - 3909bd6a-278d-4911-9d70-32680c972d02@group-62509A8A5C15-FollowerState was interrupted: java.lang.InterruptedException: sleep interrupted
2019-10-17 21:16:04,922 [Thread-1972] INFO  impl.FollowerState (FollowerState.java:run(117)) - 7c510082-4284-44ef-8cd9-bb38fb15579f@group-62509A8A5C15-FollowerState was interrupted: java.lang.InterruptedException: sleep interrupted
2019-10-17 21:16:04,922 [grpc-default-executor-4] INFO  impl.RoleInfo (RoleInfo.java:updateAndGet(143)) - 7c510082-4284-44ef-8cd9-bb38fb15579f: start FollowerState
2019-10-17 21:16:04,947 [d2424f4d-20d2-4104-abcc-02e6288f3ffc@group-62509A8A5C15-LeaderElection263] INFO  impl.LeaderElection (LeaderElection.java:logAndReturn(56)) - d2424f4d-20d2-4104-abcc-02e6288f3ffc@group-62509A8A5C15-LeaderElection263: Election REJECTED; received 2 response(s) [d2424f4d-20d2-4104-abcc-02e6288f3ffc<-3909bd6a-278d-4911-9d70-32680c972d02#0:FAIL-t286, d2424f4d-20d2-4104-abcc-02e6288f3ffc<-7c510082-4284-44ef-8cd9-bb38fb15579f#0:FAIL-t286] and 0 exception(s); d2424f4d-20d2-4104-abcc-02e6288f3ffc@group-62509A8A5C15:t286, leader=null, voted=d2424f4d-20d2-4104-abcc-02e6288f3ffc, raftlog=d2424f4d-20d2-4104-abcc-02e6288f3ffc@group-62509A8A5C15-SegmentedRaftLog:OPENED:c-1,f-1,i0, conf=-1: [3909bd6a-278d-4911-9d70-32680c972d02:192.168.157.223:33343, d2424f4d-20d2-4104-abcc-02e6288f3ffc:192.168.157.223:39352, 7c510082-4284-44ef-8cd9-bb38fb15579f:192.168.157.223:33098], old=null
2019-10-17 21:16:04,948 [d2424f4d-20d2-4104-abcc-02e6288f3ffc@group-62509A8A5C15-LeaderElection263] INFO  impl.RaftServerImpl (RaftServerImpl.java:setRole(184)) - d2424f4d-20d2-4104-abcc-02e6288f3ffc@group-62509A8A5C15: changes role from CANDIDATE to FOLLOWER at term 286 for DISCOVERED_A_NEW_TERM
2019-10-17 21:16:04,948 [d2424f4d-20d2-4104-abcc-02e6288f3ffc@group-62509A8A5C15-LeaderElection263] INFO  impl.RoleInfo (RoleInfo.java:shutdownLeaderElection(134)) - d2424f4d-20d2-4104-abcc-02e6288f3ffc: shutdown LeaderElection
2019-10-17 21:16:04,948 [d2424f4d-20d2-4104-abcc-02e6288f3ffc@group-62509A8A5C15-LeaderElection263] INFO  impl.RoleInfo (RoleInfo.java:updateAndGet(143)) - d2424f4d-20d2-4104-abcc-02e6288f3ffc: start FollowerState
2019-10-17 21:16:04,955 [Thread-1979] INFO  impl.FollowerState (FollowerState.java:run(108)) - d2424f4d-20d2-4104-abcc-02e6288f3ffc@group-62509A8A5C15-FollowerState: change to CANDIDATE, lastRpcTime:7ms, electionTimeout:7ms
2019-10-17 21:16:04,955 [Thread-1979] INFO  impl.RoleInfo (RoleInfo.java:shutdownFollowerState(121)) - d2424f4d-20d2-4104-abcc-02e6288f3ffc: shutdown FollowerState
2019-10-17 21:16:04,956 [Thread-1979] INFO  impl.RaftServerImpl (RaftServerImpl.java:setRole(184)) - d2424f4d-20d2-4104-abcc-02e6288f3ffc@group-62509A8A5C15: changes role from  FOLLOWER to CANDIDATE at term 286 for changeToCandidate
2019-10-17 21:16:04,956 [Thread-1979] INFO  impl.RoleInfo (RoleInfo.java:updateAndGet(143)) - d2424f4d-20d2-4104-abcc-02e6288f3ffc: start LeaderElection
2019-10-17 21:16:04,968 [d2424f4d-20d2-4104-abcc-02e6288f3ffc@group-62509A8A5C15-LeaderElection264] INFO  impl.LeaderElection (LeaderElection.java:askForVotes(178)) - d2424f4d-20d2-4104-abcc-02e6288f3ffc@group-62509A8A5C15-LeaderElection264: begin an election at term 287 for -1: [3909bd6a-278d-4911-9d70-32680c972d02:192.168.157.223:33343, d2424f4d-20d2-4104-abcc-02e6288f3ffc:192.168.157.223:39352, 7c510082-4284-44ef-8cd9-bb38fb15579f:192.168.157.223:33098], old=null
2019-10-17 21:16:04,970 [grpc-default-executor-4] INFO  impl.RaftServerImpl (RaftServerImpl.java:setRole(184)) - 3909bd6a-278d-4911-9d70-32680c972d02@group-62509A8A5C15: changes role from  FOLLOWER to FOLLOWER at term 287 for recognizeCandidate:d2424f4d-20d2-4104-abcc-02e6288f3ffc
2019-10-17 21:16:04,970 [grpc-default-executor-4] INFO  impl.RoleInfo (RoleInfo.java:shutdownFollowerState(121)) - 3909bd6a-278d-4911-9d70-32680c972d02: shutdown FollowerState
2019-10-17 21:16:04,971 [grpc-default-executor-6] INFO  impl.RaftServerImpl (RaftServerImpl.java:setRole(184)) - 7c510082-4284-44ef-8cd9-bb38fb15579f@group-62509A8A5C15: changes role from  FOLLOWER to FOLLOWER at term 287 for recognizeCandidate:d2424f4d-20d2-4104-abcc-02e6288f3ffc
2019-10-17 21:16:04,971 [Thread-1977] INFO  impl.FollowerState (FollowerState.java:run(117)) - 3909bd6a-278d-4911-9d70-32680c972d02@group-62509A8A5C15-FollowerState was interrupted: java.lang.InterruptedException: sleep interrupted
2019-10-17 21:16:04,971 [grpc-default-executor-4] INFO  impl.RoleInfo (RoleInfo.java:updateAndGet(143)) - 3909bd6a-278d-4911-9d70-32680c972d02: start FollowerState
2019-10-17 21:16:04,971 [grpc-default-executor-6] INFO  impl.RoleInfo (RoleInfo.java:shutdownFollowerState(121)) - 7c510082-4284-44ef-8cd9-bb38fb15579f: shutdown FollowerState
2019-10-17 21:16:04,971 [grpc-default-executor-6] INFO  impl.RoleInfo (RoleInfo.java:updateAndGet(143)) - 7c510082-4284-44ef-8cd9-bb38fb15579f: start FollowerState
2019-10-17 21:16:04,971 [Thread-1978] INFO  impl.FollowerState (FollowerState.java:run(117)) - 7c510082-4284-44ef-8cd9-bb38fb15579f@group-62509A8A5C15-FollowerState was interrupted: java.lang.InterruptedException: sleep interrupted
2019-10-17 21:16:04,986 [d2424f4d-20d2-4104-abcc-02e6288f3ffc@group-62509A8A5C15-LeaderElection264] INFO  impl.LeaderElection (LeaderElection.java:logAndReturn(56)) - d2424f4d-20d2-4104-abcc-02e6288f3ffc@group-62509A8A5C15-LeaderElection264: Election REJECTED; received 2 response(s) [d2424f4d-20d2-4104-abcc-02e6288f3ffc<-3909bd6a-278d-4911-9d70-32680c972d02#0:FAIL-t287, d2424f4d-20d2-4104-abcc-02e6288f3ffc<-7c510082-4284-44ef-8cd9-bb38fb15579f#0:FAIL-t287] and 0 exception(s); d2424f4d-20d2-4104-abcc-02e6288f3ffc@group-62509A8A5C15:t287, leader=null, voted=d2424f4d-20d2-4104-abcc-02e6288f3ffc, raftlog=d2424f4d-20d2-4104-abcc-02e6288f3ffc@group-62509A8A5C15-SegmentedRaftLog:OPENED:c-1,f-1,i0, conf=-1: [3909bd6a-278d-4911-9d70-32680c972d02:192.168.157.223:33343, d2424f4d-20d2-4104-abcc-02e6288f3ffc:192.168.157.223:39352, 7c510082-4284-44ef-8cd9-bb38fb15579f:192.168.157.223:33098], old=null
2019-10-17 21:16:04,986 [d2424f4d-20d2-4104-abcc-02e6288f3ffc@group-62509A8A5C15-LeaderElection264] INFO  impl.RaftServerImpl (RaftServerImpl.java:setRole(184)) - d2424f4d-20d2-4104-abcc-02e6288f3ffc@group-62509A8A5C15: changes role from CANDIDATE to FOLLOWER at term 287 for DISCOVERED_A_NEW_TERM
2019-10-17 21:16:04,986 [d2424f4d-20d2-4104-abcc-02e6288f3ffc@group-62509A8A5C15-LeaderElection264] INFO  impl.RoleInfo (RoleInfo.java:shutdownLeaderElection(134)) - d2424f4d-20d2-4104-abcc-02e6288f3ffc: shutdown LeaderElection
2019-10-17 21:16:04,986 [d2424f4d-20d2-4104-abcc-02e6288f3ffc@group-62509A8A5C15-LeaderElection264] INFO  impl.RoleInfo (RoleInfo.java:updateAndGet(143)) - d2424f4d-20d2-4104-abcc-02e6288f3ffc: start FollowerState
2019-10-17 21:16:05,158 [Thread-1985] INFO  impl.FollowerState (FollowerState.java:run(108)) - d2424f4d-20d2-4104-abcc-02e6288f3ffc@group-62509A8A5C15-FollowerState: change to CANDIDATE, lastRpcTime:172ms, electionTimeout:172ms
2019-10-17 21:16:05,159 [Thread-1985] INFO  impl.RoleInfo (RoleInfo.java:shutdownFollowerState(121)) - d2424f4d-20d2-4104-abcc-02e6288f3ffc: shutdown FollowerState
2019-10-17 21:16:05,159 [Thread-1985] INFO  impl.RaftServerImpl (RaftServerImpl.java:setRole(184)) - d2424f4d-20d2-4104-abcc-02e6288f3ffc@group-62509A8A5C15: changes role from  FOLLOWER to CANDIDATE at term 287 for changeToCandidate
2019-10-17 21:16:05,159 [Thread-1985] INFO  impl.RoleInfo (RoleInfo.java:updateAndGet(143)) - d2424f4d-20d2-4104-abcc-02e6288f3ffc: start LeaderElection
2019-10-17 21:16:05,186 [d2424f4d-20d2-4104-abcc-02e6288f3ffc@group-62509A8A5C15-LeaderElection265] INFO  impl.LeaderElection (LeaderElection.java:askForVotes(178)) - d2424f4d-20d2-4104-abcc-02e6288f3ffc@group-62509A8A5C15-LeaderElection265: begin an election at term 288 for -1: [3909bd6a-278d-4911-9d70-32680c972d02:192.168.157.223:33343, d2424f4d-20d2-4104-abcc-02e6288f3ffc:192.168.157.223:39352, 7c510082-4284-44ef-8cd9-bb38fb15579f:192.168.157.223:33098], old=null
2019-10-17 21:16:05,188 [grpc-default-executor-6] INFO  impl.RaftServerImpl (RaftServerImpl.java:setRole(184)) - 3909bd6a-278d-4911-9d70-32680c972d02@group-62509A8A5C15: changes role from  FOLLOWER to FOLLOWER at term 288 for recognizeCandidate:d2424f4d-20d2-4104-abcc-02e6288f3ffc
2019-10-17 21:16:05,189 [grpc-default-executor-6] INFO  impl.RoleInfo (RoleInfo.java:shutdownFollowerState(121)) - 3909bd6a-278d-4911-9d70-32680c972d02: shutdown FollowerState
2019-10-17 21:16:05,189 [grpc-default-executor-4] INFO  impl.RaftServerImpl (RaftServerImpl.java:setRole(184)) - 7c510082-4284-44ef-8cd9-bb38fb15579f@group-62509A8A5C15: changes role from  FOLLOWER to FOLLOWER at term 288 for recognizeCandidate:d2424f4d-20d2-4104-abcc-02e6288f3ffc
2019-10-17 21:16:05,189 [Thread-1983] INFO  impl.FollowerState (FollowerState.java:run(117)) - 3909bd6a-278d-4911-9d70-32680c972d02@group-62509A8A5C15-FollowerState was interrupted: java.lang.InterruptedException: sleep interrupted
2019-10-17 21:16:05,189 [grpc-default-executor-6] INFO  impl.RoleInfo (RoleInfo.java:updateAndGet(143)) - 3909bd6a-278d-4911-9d70-32680c972d02: start FollowerState
2019-10-17 21:16:05,189 [grpc-default-executor-4] INFO  impl.RoleInfo (RoleInfo.java:shutdownFollowerState(121)) - 7c510082-4284-44ef-8cd9-bb38fb15579f: shutdown FollowerState
2019-10-17 21:16:05,189 [grpc-default-executor-4] INFO  impl.RoleInfo (RoleInfo.java:updateAndGet(143)) - 7c510082-4284-44ef-8cd9-bb38fb15579f: start FollowerState
2019-10-17 21:16:05,189 [Thread-1984] INFO  impl.FollowerState (FollowerState.java:run(117)) - 7c510082-4284-44ef-8cd9-bb38fb15579f@group-62509A8A5C15-FollowerState was interrupted: java.lang.InterruptedException: sleep interrupted
2019-10-17 21:16:05,215 [d2424f4d-20d2-4104-abcc-02e6288f3ffc@group-62509A8A5C15-LeaderElection265] INFO  impl.LeaderElection (LeaderElection.java:logAndReturn(56)) - d2424f4d-20d2-4104-abcc-02e6288f3ffc@group-62509A8A5C15-LeaderElection265: Election REJECTED; received 2 response(s) [d2424f4d-20d2-4104-abcc-02e6288f3ffc<-3909bd6a-278d-4911-9d70-32680c972d02#0:FAIL-t288, d2424f4d-20d2-4104-abcc-02e6288f3ffc<-7c510082-4284-44ef-8cd9-bb38fb15579f#0:FAIL-t288] and 0 exception(s); d2424f4d-20d2-4104-abcc-02e6288f3ffc@group-62509A8A5C15:t288, leader=null, voted=d2424f4d-20d2-4104-abcc-02e6288f3ffc, raftlog=d2424f4d-20d2-4104-abcc-02e6288f3ffc@group-62509A8A5C15-SegmentedRaftLog:OPENED:c-1,f-1,i0, conf=-1: [3909bd6a-278d-4911-9d70-32680c972d02:192.168.157.223:33343, d2424f4d-20d2-4104-abcc-02e6288f3ffc:192.168.157.223:39352, 7c510082-4284-44ef-8cd9-bb38fb15579f:192.168.157.223:33098], old=null
2019-10-17 21:16:05,215 [d2424f4d-20d2-4104-abcc-02e6288f3ffc@group-62509A8A5C15-LeaderElection265] INFO  impl.RaftServerImpl (RaftServerImpl.java:setRole(184)) - d2424f4d-20d2-4104-abcc-02e6288f3ffc@group-62509A8A5C15: changes role from CANDIDATE to FOLLOWER at term 288 for DISCOVERED_A_NEW_TERM
2019-10-17 21:16:05,215 [d2424f4d-20d2-4104-abcc-02e6288f3ffc@group-62509A8A5C15-LeaderElection265] INFO  impl.RoleInfo (RoleInfo.java:shutdownLeaderElection(134)) - d2424f4d-20d2-4104-abcc-02e6288f3ffc: shutdown LeaderElection
2019-10-17 21:16:05,216 [d2424f4d-20d2-4104-abcc-02e6288f3ffc@group-62509A8A5C15-LeaderElection265] INFO  impl.RoleInfo (RoleInfo.java:updateAndGet(143)) - d2424f4d-20d2-4104-abcc-02e6288f3ffc: start FollowerState
2019-10-17 21:16:05,289 [Thread-1993] INFO  impl.FollowerState (FollowerState.java:run(108)) - d2424f4d-20d2-4104-abcc-02e6288f3ffc@group-62509A8A5C15-FollowerState: change to CANDIDATE, lastRpcTime:73ms, electionTimeout:73ms
2019-10-17 21:16:05,289 [Thread-1993] INFO  impl.RoleInfo (RoleInfo.java:shutdownFollowerState(121)) - d2424f4d-20d2-4104-abcc-02e6288f3ffc: shutdown FollowerState
2019-10-17 21:16:05,289 [Thread-1993] INFO  impl.RaftServerImpl (RaftServerImpl.java:setRole(184)) - d2424f4d-20d2-4104-abcc-02e6288f3ffc@group-62509A8A5C15: changes role from  FOLLOWER to CANDIDATE at term 288 for changeToCandidate
2019-10-17 21:16:05,290 [Thread-1993] INFO  impl.RoleInfo (RoleInfo.java:updateAndGet(143)) - d2424f4d-20d2-4104-abcc-02e6288f3ffc: start LeaderElection
2019-10-17 21:16:05,303 [d2424f4d-20d2-4104-abcc-02e6288f3ffc@group-62509A8A5C15-LeaderElection266] INFO  impl.LeaderElection (LeaderElection.java:askForVotes(178)) - d2424f4d-20d2-4104-abcc-02e6288f3ffc@group-62509A8A5C15-LeaderElection266: begin an election at term 289 for -1: [3909bd6a-278d-4911-9d70-32680c972d02:192.168.157.223:33343, d2424f4d-20d2-4104-abcc-02e6288f3ffc:192.168.157.223:39352, 7c510082-4284-44ef-8cd9-bb38fb15579f:192.168.157.223:33098], old=null
2019-10-17 21:16:05,308 [grpc-default-executor-6] INFO  impl.RaftServerImpl (RaftServerImpl.java:setRole(184)) - 3909bd6a-278d-4911-9d70-32680c972d02@group-62509A8A5C15: changes role from  FOLLOWER to FOLLOWER at term 289 for recognizeCandidate:d2424f4d-20d2-4104-abcc-02e6288f3ffc
2019-10-17 21:16:05,308 [grpc-default-executor-6] INFO  impl.RoleInfo (RoleInfo.java:shutdownFollowerState(121)) - 3909bd6a-278d-4911-9d70-32680c972d02: shutdown FollowerState
2019-10-17 21:16:05,308 [grpc-default-executor-4] INFO  impl.RaftServerImpl (RaftServerImpl.java:setRole(184)) - 7c510082-4284-44ef-8cd9-bb38fb15579f@group-62509A8A5C15: changes role from  FOLLOWER to FOLLOWER at term 289 for recognizeCandidate:d2424f4d-20d2-4104-abcc-02e6288f3ffc
2019-10-17 21:16:05,308 [Thread-1991] INFO  impl.FollowerState (FollowerState.java:run(117)) - 3909bd6a-278d-4911-9d70-32680c972d02@group-62509A8A5C15-FollowerState was interrupted: java.lang.InterruptedException: sleep interrupted
2019-10-17 21:16:05,308 [grpc-default-executor-6] INFO  impl.RoleInfo (RoleInfo.java:updateAndGet(143)) - 3909bd6a-278d-4911-9d70-32680c972d02: start FollowerState
2019-10-17 21:16:05,308 [grpc-default-executor-4] INFO  impl.RoleInfo (RoleInfo.java:shutdownFollowerState(121)) - 7c510082-4284-44ef-8cd9-bb38fb15579f: shutdown FollowerState
2019-10-17 21:16:05,309 [grpc-default-executor-4] INFO  impl.RoleInfo (RoleInfo.java:updateAndGet(143)) - 7c510082-4284-44ef-8cd9-bb38fb15579f: start FollowerState
2019-10-17 21:16:05,309 [Thread-1992] INFO  impl.FollowerState (FollowerState.java:run(117)) - 7c510082-4284-44ef-8cd9-bb38fb15579f@group-62509A8A5C15-FollowerState was interrupted: java.lang.InterruptedException: sleep interrupted
2019-10-17 21:16:05,334 [d2424f4d-20d2-4104-abcc-02e6288f3ffc@group-62509A8A5C15-LeaderElection266] INFO  impl.LeaderElection (LeaderElection.java:logAndReturn(56)) - d2424f4d-20d2-4104-abcc-02e6288f3ffc@group-62509A8A5C15-LeaderElection266: Election REJECTED; received 2 response(s) [d2424f4d-20d2-4104-abcc-02e6288f3ffc<-3909bd6a-278d-4911-9d70-32680c972d02#0:FAIL-t289, d2424f4d-20d2-4104-abcc-02e6288f3ffc<-7c510082-4284-44ef-8cd9-bb38fb15579f#0:FAIL-t289] and 0 exception(s); d2424f4d-20d2-4104-abcc-02e6288f3ffc@group-62509A8A5C15:t289, leader=null, voted=d2424f4d-20d2-4104-abcc-02e6288f3ffc, raftlog=d2424f4d-20d2-4104-abcc-02e6288f3ffc@group-62509A8A5C15-SegmentedRaftLog:OPENED:c-1,f-1,i0, conf=-1: [3909bd6a-278d-4911-9d70-32680c972d02:192.168.157.223:33343, d2424f4d-20d2-4104-abcc-02e6288f3ffc:192.168.157.223:39352, 7c510082-4284-44ef-8cd9-bb38fb15579f:192.168.157.223:33098], old=null
2019-10-17 21:16:05,335 [d2424f4d-20d2-4104-abcc-02e6288f3ffc@group-62509A8A5C15-LeaderElection266] INFO  impl.RaftServerImpl (RaftServerImpl.java:setRole(184)) - d2424f4d-20d2-4104-abcc-02e6288f3ffc@group-62509A8A5C15: changes role from CANDIDATE to FOLLOWER at term 289 for DISCOVERED_A_NEW_TERM
2019-10-17 21:16:05,335 [d2424f4d-20d2-4104-abcc-02e6288f3ffc@group-62509A8A5C15-LeaderElection266] INFO  impl.RoleInfo (RoleInfo.java:shutdownLeaderElection(134)) - d2424f4d-20d2-4104-abcc-02e6288f3ffc: shutdown LeaderElection
2019-10-17 21:16:05,335 [d2424f4d-20d2-4104-abcc-02e6288f3ffc@group-62509A8A5C15-LeaderElection266] INFO  impl.RoleInfo (RoleInfo.java:updateAndGet(143)) - d2424f4d-20d2-4104-abcc-02e6288f3ffc: start FollowerState
2019-10-17 21:16:05,454 [Thread-1999] INFO  impl.FollowerState (FollowerState.java:run(108)) - d2424f4d-20d2-4104-abcc-02e6288f3ffc@group-62509A8A5C15-FollowerState: change to CANDIDATE, lastRpcTime:119ms, electionTimeout:119ms
2019-10-17 21:16:05,454 [Thread-1999] INFO  impl.RoleInfo (RoleInfo.java:shutdownFollowerState(121)) - d2424f4d-20d2-4104-abcc-02e6288f3ffc: shutdown FollowerState
2019-10-17 21:16:05,454 [Thread-1999] INFO  impl.RaftServerImpl (RaftServerImpl.java:setRole(184)) - d2424f4d-20d2-4104-abcc-02e6288f3ffc@group-62509A8A5C15: changes role from  FOLLOWER to CANDIDATE at term 289 for changeToCandidate
2019-10-17 21:16:05,455 [Thread-1999] INFO  impl.RoleInfo (RoleInfo.java:updateAndGet(143)) - d2424f4d-20d2-4104-abcc-02e6288f3ffc: start LeaderElection
2019-10-17 21:16:05,481 [d2424f4d-20d2-4104-abcc-02e6288f3ffc@group-62509A8A5C15-LeaderElection267] INFO  impl.LeaderElection (LeaderElection.java:askForVotes(178)) - d2424f4d-20d2-4104-abcc-02e6288f3ffc@group-62509A8A5C15-LeaderElection267: begin an election at term 290 for -1: [3909bd6a-278d-4911-9d70-32680c972d02:192.168.157.223:33343, d2424f4d-20d2-4104-abcc-02e6288f3ffc:192.168.157.223:39352, 7c510082-4284-44ef-8cd9-bb38fb15579f:192.168.157.223:33098], old=null
2019-10-17 21:16:05,483 [grpc-default-executor-4] INFO  impl.RaftServerImpl (RaftServerImpl.java:setRole(184)) - 3909bd6a-278d-4911-9d70-32680c972d02@group-62509A8A5C15: changes role from  FOLLOWER to FOLLOWER at term 290 for recognizeCandidate:d2424f4d-20d2-4104-abcc-02e6288f3ffc
2019-10-17 21:16:05,483 [grpc-default-executor-4] INFO  impl.RoleInfo (RoleInfo.java:shutdownFollowerState(121)) - 3909bd6a-278d-4911-9d70-32680c972d02: shutdown FollowerState
2019-10-17 21:16:05,484 [grpc-default-executor-4] INFO  impl.RoleInfo (RoleInfo.java:updateAndGet(143)) - 3909bd6a-278d-4911-9d70-32680c972d02: start FollowerState
2019-10-17 21:16:05,484 [Thread-1997] INFO  impl.FollowerState (FollowerState.java:run(117)) - 3909bd6a-278d-4911-9d70-32680c972d02@group-62509A8A5C15-FollowerState was interrupted: java.lang.InterruptedException: sleep interrupted
2019-10-17 21:16:05,484 [grpc-default-executor-6] INFO  impl.RaftServerImpl (RaftServerImpl.java:setRole(184)) - 7c510082-4284-44ef-8cd9-bb38fb15579f@group-62509A8A5C15: changes role from  FOLLOWER to FOLLOWER at term 290 for recognizeCandidate:d2424f4d-20d2-4104-abcc-02e6288f3ffc
2019-10-17 21:16:05,484 [grpc-default-executor-6] INFO  impl.RoleInfo (RoleInfo.java:shutdownFollowerState(121)) - 7c510082-4284-44ef-8cd9-bb38fb15579f: shutdown FollowerState
2019-10-17 21:16:05,484 [grpc-default-executor-6] INFO  impl.RoleInfo (RoleInfo.java:updateAndGet(143)) - 7c510082-4284-44ef-8cd9-bb38fb15579f: start FollowerState
2019-10-17 21:16:05,484 [Thread-1998] INFO  impl.FollowerState (FollowerState.java:run(117)) - 7c510082-4284-44ef-8cd9-bb38fb15579f@group-62509A8A5C15-FollowerState was interrupted: java.lang.InterruptedException: sleep interrupted
2019-10-17 21:16:05,510 [d2424f4d-20d2-4104-abcc-02e6288f3ffc@group-62509A8A5C15-LeaderElection267] INFO  impl.LeaderElection (LeaderElection.java:logAndReturn(56)) - d2424f4d-20d2-4104-abcc-02e6288f3ffc@group-62509A8A5C15-LeaderElection267: Election REJECTED; received 2 response(s) [d2424f4d-20d2-4104-abcc-02e6288f3ffc<-3909bd6a-278d-4911-9d70-32680c972d02#0:FAIL-t290, d2424f4d-20d2-4104-abcc-02e6288f3ffc<-7c510082-4284-44ef-8cd9-bb38fb15579f#0:FAIL-t290] and 0 exception(s); d2424f4d-20d2-4104-abcc-02e6288f3ffc@group-62509A8A5C15:t290, leader=null, voted=d2424f4d-20d2-4104-abcc-02e6288f3ffc, raftlog=d2424f4d-20d2-4104-abcc-02e6288f3ffc@group-62509A8A5C15-SegmentedRaftLog:OPENED:c-1,f-1,i0, conf=-1: [3909bd6a-278d-4911-9d70-32680c972d02:192.168.157.223:33343, d2424f4d-20d2-4104-abcc-02e6288f3ffc:192.168.157.223:39352, 7c510082-4284-44ef-8cd9-bb38fb15579f:192.168.157.223:33098], old=null
2019-10-17 21:16:05,510 [d2424f4d-20d2-4104-abcc-02e6288f3ffc@group-62509A8A5C15-LeaderElection267] INFO  impl.RaftServerImpl (RaftServerImpl.java:setRole(184)) - d2424f4d-20d2-4104-abcc-02e6288f3ffc@group-62509A8A5C15: changes role from CANDIDATE to FOLLOWER at term 290 for DISCOVERED_A_NEW_TERM
2019-10-17 21:16:05,510 [d2424f4d-20d2-4104-abcc-02e6288f3ffc@group-62509A8A5C15-LeaderElection267] INFO  impl.RoleInfo (RoleInfo.java:shutdownLeaderElection(134)) - d2424f4d-20d2-4104-abcc-02e6288f3ffc: shutdown LeaderElection
2019-10-17 21:16:05,511 [d2424f4d-20d2-4104-abcc-02e6288f3ffc@group-62509A8A5C15-LeaderElection267] INFO  impl.RoleInfo (RoleInfo.java:updateAndGet(143)) - d2424f4d-20d2-4104-abcc-02e6288f3ffc: start FollowerState
2019-10-17 21:16:05,579 [Thread-2005] INFO  impl.FollowerState (FollowerState.java:run(108)) - d2424f4d-20d2-4104-abcc-02e6288f3ffc@group-62509A8A5C15-FollowerState: change to CANDIDATE, lastRpcTime:68ms, electionTimeout:68ms
2019-10-17 21:16:05,579 [Thread-2005] INFO  impl.RoleInfo (RoleInfo.java:shutdownFollowerState(121)) - d2424f4d-20d2-4104-abcc-02e6288f3ffc: shutdown FollowerState
2019-10-17 21:16:05,579 [Thread-2005] INFO  impl.RaftServerImpl (RaftServerImpl.java:setRole(184)) - d2424f4d-20d2-4104-abcc-02e6288f3ffc@group-62509A8A5C15: changes role from  FOLLOWER to CANDIDATE at term 290 for changeToCandidate
2019-10-17 21:16:05,579 [Thread-2005] INFO  impl.RoleInfo (RoleInfo.java:updateAndGet(143)) - d2424f4d-20d2-4104-abcc-02e6288f3ffc: start LeaderElection
2019-10-17 21:16:05,593 [d2424f4d-20d2-4104-abcc-02e6288f3ffc@group-62509A8A5C15-LeaderElection268] INFO  impl.LeaderElection (LeaderElection.java:askForVotes(178)) - d2424f4d-20d2-4104-abcc-02e6288f3ffc@group-62509A8A5C15-LeaderElection268: begin an election at term 291 for -1: [3909bd6a-278d-4911-9d70-32680c972d02:192.168.157.223:33343, d2424f4d-20d2-4104-abcc-02e6288f3ffc:192.168.157.223:39352, 7c510082-4284-44ef-8cd9-bb38fb15579f:192.168.157.223:33098], old=null
2019-10-17 21:16:05,596 [grpc-default-executor-4] INFO  impl.RaftServerImpl (RaftServerImpl.java:setRole(184)) - 3909bd6a-278d-4911-9d70-32680c972d02@group-62509A8A5C15: changes role from  FOLLOWER to FOLLOWER at term 291 for recognizeCandidate:d2424f4d-20d2-4104-abcc-02e6288f3ffc
2019-10-17 21:16:05,596 [grpc-default-executor-6] INFO  impl.RaftServerImpl (RaftServerImpl.java:setRole(184)) - 7c510082-4284-44ef-8cd9-bb38fb15579f@group-62509A8A5C15: changes role from  FOLLOWER to FOLLOWER at term 291 for recognizeCandidate:d2424f4d-20d2-4104-abcc-02e6288f3ffc
2019-10-17 21:16:05,597 [grpc-default-executor-6] INFO  impl.RoleInfo (RoleInfo.java:shutdownFollowerState(121)) - 7c510082-4284-44ef-8cd9-bb38fb15579f: shutdown FollowerState
2019-10-17 21:16:05,597 [grpc-default-executor-4] INFO  impl.RoleInfo (RoleInfo.java:shutdownFollowerState(121)) - 3909bd6a-278d-4911-9d70-32680c972d02: shutdown FollowerState
2019-10-17 21:16:05,597 [Thread-2004] INFO  impl.FollowerState (FollowerState.java:run(117)) - 7c510082-4284-44ef-8cd9-bb38fb15579f@group-62509A8A5C15-FollowerState was interrupted: java.lang.InterruptedException: sleep interrupted
2019-10-17 21:16:05,597 [grpc-default-executor-6] INFO  impl.RoleInfo (RoleInfo.java:updateAndGet(143)) - 7c510082-4284-44ef-8cd9-bb38fb15579f: start FollowerState
2019-10-17 21:16:05,597 [Thread-2003] INFO  impl.FollowerState (FollowerState.java:run(117)) - 3909bd6a-278d-4911-9d70-32680c972d02@group-62509A8A5C15-FollowerState was interrupted: java.lang.InterruptedException: sleep interrupted
2019-10-17 21:16:05,597 [grpc-default-executor-4] INFO  impl.RoleInfo (RoleInfo.java:updateAndGet(143)) - 3909bd6a-278d-4911-9d70-32680c972d02: start FollowerState
2019-10-17 21:16:05,626 [d2424f4d-20d2-4104-abcc-02e6288f3ffc@group-62509A8A5C15-LeaderElection268] INFO  impl.LeaderElection (LeaderElection.java:logAndReturn(56)) - d2424f4d-20d2-4104-abcc-02e6288f3ffc@group-62509A8A5C15-LeaderElection268: Election REJECTED; received 2 response(s) [d2424f4d-20d2-4104-abcc-02e6288f3ffc<-3909bd6a-278d-4911-9d70-32680c972d02#0:FAIL-t291, d2424f4d-20d2-4104-abcc-02e6288f3ffc<-7c510082-4284-44ef-8cd9-bb38fb15579f#0:FAIL-t291] and 0 exception(s); d2424f4d-20d2-4104-abcc-02e6288f3ffc@group-62509A8A5C15:t291, leader=null, voted=d2424f4d-20d2-4104-abcc-02e6288f3ffc, raftlog=d2424f4d-20d2-4104-abcc-02e6288f3ffc@group-62509A8A5C15-SegmentedRaftLog:OPENED:c-1,f-1,i0, conf=-1: [3909bd6a-278d-4911-9d70-32680c972d02:192.168.157.223:33343, d2424f4d-20d2-4104-abcc-02e6288f3ffc:192.168.157.223:39352, 7c510082-4284-44ef-8cd9-bb38fb15579f:192.168.157.223:33098], old=null
2019-10-17 21:16:05,626 [d2424f4d-20d2-4104-abcc-02e6288f3ffc@group-62509A8A5C15-LeaderElection268] INFO  impl.RaftServerImpl (RaftServerImpl.java:setRole(184)) - d2424f4d-20d2-4104-abcc-02e6288f3ffc@group-62509A8A5C15: changes role from CANDIDATE to FOLLOWER at term 291 for DISCOVERED_A_NEW_TERM
2019-10-17 21:16:05,626 [d2424f4d-20d2-4104-abcc-02e6288f3ffc@group-62509A8A5C15-LeaderElection268] INFO  impl.RoleInfo (RoleInfo.java:shutdownLeaderElection(134)) - d2424f4d-20d2-4104-abcc-02e6288f3ffc: shutdown LeaderElection
2019-10-17 21:16:05,626 [d2424f4d-20d2-4104-abcc-02e6288f3ffc@group-62509A8A5C15-LeaderElection268] INFO  impl.RoleInfo (RoleInfo.java:updateAndGet(143)) - d2424f4d-20d2-4104-abcc-02e6288f3ffc: start FollowerState
2019-10-17 21:16:05,737 [Thread-2011] INFO  impl.FollowerState (FollowerState.java:run(108)) - d2424f4d-20d2-4104-abcc-02e6288f3ffc@group-62509A8A5C15-FollowerState: change to CANDIDATE, lastRpcTime:110ms, electionTimeout:110ms
2019-10-17 21:16:05,737 [Thread-2011] INFO  impl.RoleInfo (RoleInfo.java:shutdownFollowerState(121)) - d2424f4d-20d2-4104-abcc-02e6288f3ffc: shutdown FollowerState
2019-10-17 21:16:05,737 [Thread-2011] INFO  impl.RaftServerImpl (RaftServerImpl.java:setRole(184)) - d2424f4d-20d2-4104-abcc-02e6288f3ffc@group-62509A8A5C15: changes role from  FOLLOWER to CANDIDATE at term 291 for changeToCandidate
2019-10-17 21:16:05,737 [Thread-2011] INFO  impl.RoleInfo (RoleInfo.java:updateAndGet(143)) - d2424f4d-20d2-4104-abcc-02e6288f3ffc: start LeaderElection
2019-10-17 21:16:05,763 [d2424f4d-20d2-4104-abcc-02e6288f3ffc@group-62509A8A5C15-LeaderElection269] INFO  impl.LeaderElection (LeaderElection.java:askForVotes(178)) - d2424f4d-20d2-4104-abcc-02e6288f3ffc@group-62509A8A5C15-LeaderElection269: begin an election at term 292 for -1: [3909bd6a-278d-4911-9d70-32680c972d02:192.168.157.223:33343, d2424f4d-20d2-4104-abcc-02e6288f3ffc:192.168.157.223:39352, 7c510082-4284-44ef-8cd9-bb38fb15579f:192.168.157.223:33098], old=null
2019-10-17 21:16:05,766 [grpc-default-executor-4] INFO  impl.RaftServerImpl (RaftServerImpl.java:setRole(184)) - 3909bd6a-278d-4911-9d70-32680c972d02@group-62509A8A5C15: changes role from  FOLLOWER to FOLLOWER at term 292 for recognizeCandidate:d2424f4d-20d2-4104-abcc-02e6288f3ffc
2019-10-17 21:16:05,766 [grpc-default-executor-4] INFO  impl.RoleInfo (RoleInfo.java:shutdownFollowerState(121)) - 3909bd6a-278d-4911-9d70-32680c972d02: shutdown FollowerState
2019-10-17 21:16:05,766 [grpc-default-executor-4] INFO  impl.RoleInfo (RoleInfo.java:updateAndGet(143)) - 3909bd6a-278d-4911-9d70-32680c972d02: start FollowerState
2019-10-17 21:16:05,766 [Thread-2010] INFO  impl.FollowerState (FollowerState.java:run(117)) - 3909bd6a-278d-4911-9d70-32680c972d02@group-62509A8A5C15-FollowerState was interrupted: java.lang.InterruptedException: sleep interrupted
2019-10-17 21:16:05,767 [grpc-default-executor-6] INFO  impl.RaftServerImpl (RaftServerImpl.java:setRole(184)) - 7c510082-4284-44ef-8cd9-bb38fb15579f@group-62509A8A5C15: changes role from  FOLLOWER to FOLLOWER at term 292 for recognizeCandidate:d2424f4d-20d2-4104-abcc-02e6288f3ffc
2019-10-17 21:16:05,767 [grpc-default-executor-6] INFO  impl.RoleInfo (RoleInfo.java:shutdownFollowerState(121)) - 7c510082-4284-44ef-8cd9-bb38fb15579f: shutdown FollowerState
2019-10-17 21:16:05,767 [grpc-default-executor-6] INFO  impl.RoleInfo (RoleInfo.java:updateAndGet(143)) - 7c510082-4284-44ef-8cd9-bb38fb15579f: start FollowerState
2019-10-17 21:16:05,767 [Thread-2009] INFO  impl.FollowerState (FollowerState.java:run(117)) - 7c510082-4284-44ef-8cd9-bb38fb15579f@group-62509A8A5C15-FollowerState was interrupted: java.lang.InterruptedException: sleep interrupted
2019-10-17 21:16:05,783 [d2424f4d-20d2-4104-abcc-02e6288f3ffc@group-62509A8A5C15-LeaderElection269] INFO  impl.LeaderElection (LeaderElection.java:logAndReturn(56)) - d2424f4d-20d2-4104-abcc-02e6288f3ffc@group-62509A8A5C15-LeaderElection269: Election REJECTED; received 2 response(s) [d2424f4d-20d2-4104-abcc-02e6288f3ffc<-3909bd6a-278d-4911-9d70-32680c972d02#0:FAIL-t292, d2424f4d-20d2-4104-abcc-02e6288f3ffc<-7c510082-4284-44ef-8cd9-bb38fb15579f#0:FAIL-t292] and 0 exception(s); d2424f4d-20d2-4104-abcc-02e6288f3ffc@group-62509A8A5C15:t292, leader=null, voted=d2424f4d-20d2-4104-abcc-02e6288f3ffc, raftlog=d2424f4d-20d2-4104-abcc-02e6288f3ffc@group-62509A8A5C15-SegmentedRaftLog:OPENED:c-1,f-1,i0, conf=-1: [3909bd6a-278d-4911-9d70-32680c972d02:192.168.157.223:33343, d2424f4d-20d2-4104-abcc-02e6288f3ffc:192.168.157.223:39352, 7c510082-4284-44ef-8cd9-bb38fb15579f:192.168.157.223:33098], old=null
2019-10-17 21:16:05,783 [d2424f4d-20d2-4104-abcc-02e6288f3ffc@group-62509A8A5C15-LeaderElection269] INFO  impl.RaftServerImpl (RaftServerImpl.java:setRole(184)) - d2424f4d-20d2-4104-abcc-02e6288f3ffc@group-62509A8A5C15: changes role from CANDIDATE to FOLLOWER at term 292 for DISCOVERED_A_NEW_TERM
2019-10-17 21:16:05,784 [d2424f4d-20d2-4104-abcc-02e6288f3ffc@group-62509A8A5C15-LeaderElection269] INFO  impl.RoleInfo (RoleInfo.java:shutdownLeaderElection(134)) - d2424f4d-20d2-4104-abcc-02e6288f3ffc: shutdown LeaderElection
2019-10-17 21:16:05,784 [d2424f4d-20d2-4104-abcc-02e6288f3ffc@group-62509A8A5C15-LeaderElection269] INFO  impl.RoleInfo (RoleInfo.java:updateAndGet(143)) - d2424f4d-20d2-4104-abcc-02e6288f3ffc: start FollowerState
2019-10-17 21:16:05,942 [Thread-2017] INFO  impl.FollowerState (FollowerState.java:run(108)) - d2424f4d-20d2-4104-abcc-02e6288f3ffc@group-62509A8A5C15-FollowerState: change to CANDIDATE, lastRpcTime:158ms, electionTimeout:158ms
2019-10-17 21:16:05,942 [Thread-2017] INFO  impl.RoleInfo (RoleInfo.java:shutdownFollowerState(121)) - d2424f4d-20d2-4104-abcc-02e6288f3ffc: shutdown FollowerState
2019-10-17 21:16:05,942 [Thread-2017] INFO  impl.RaftServerImpl (RaftServerImpl.java:setRole(184)) - d2424f4d-20d2-4104-abcc-02e6288f3ffc@group-62509A8A5C15: changes role from  FOLLOWER to CANDIDATE at term 292 for changeToCandidate
2019-10-17 21:16:05,943 [Thread-2017] INFO  impl.RoleInfo (RoleInfo.java:updateAndGet(143)) - d2424f4d-20d2-4104-abcc-02e6288f3ffc: start LeaderElection
2019-10-17 21:16:05,957 [d2424f4d-20d2-4104-abcc-02e6288f3ffc@group-62509A8A5C15-LeaderElection270] INFO  impl.LeaderElection (LeaderElection.java:askForVotes(178)) - d2424f4d-20d2-4104-abcc-02e6288f3ffc@group-62509A8A5C15-LeaderElection270: begin an election at term 293 for -1: [3909bd6a-278d-4911-9d70-32680c972d02:192.168.157.223:33343, d2424f4d-20d2-4104-abcc-02e6288f3ffc:192.168.157.223:39352, 7c510082-4284-44ef-8cd9-bb38fb15579f:192.168.157.223:33098], old=null
2019-10-17 21:16:05,959 [grpc-default-executor-6] INFO  impl.RaftServerImpl (RaftServerImpl.java:setRole(184)) - 3909bd6a-278d-4911-9d70-32680c972d02@group-62509A8A5C15: changes role from  FOLLOWER to FOLLOWER at term 293 for recognizeCandidate:d2424f4d-20d2-4104-abcc-02e6288f3ffc
2019-10-17 21:16:05,959 [grpc-default-executor-6] INFO  impl.RoleInfo (RoleInfo.java:shutdownFollowerState(121)) - 3909bd6a-278d-4911-9d70-32680c972d02: shutdown FollowerState
2019-10-17 21:16:05,959 [grpc-default-executor-4] INFO  impl.RaftServerImpl (RaftServerImpl.java:setRole(184)) - 7c510082-4284-44ef-8cd9-bb38fb15579f@group-62509A8A5C15: changes role from  FOLLOWER to FOLLOWER at term 293 for recognizeCandidate:d2424f4d-20d2-4104-abcc-02e6288f3ffc
2019-10-17 21:16:05,959 [grpc-default-executor-6] INFO  impl.RoleInfo (RoleInfo.java:updateAndGet(143)) - 3909bd6a-278d-4911-9d70-32680c972d02: start FollowerState
2019-10-17 21:16:05,959 [Thread-2015] INFO  impl.FollowerState (FollowerState.java:run(117)) - 3909bd6a-278d-4911-9d70-32680c972d02@group-62509A8A5C15-FollowerState was interrupted: java.lang.InterruptedException: sleep interrupted
2019-10-17 21:16:05,959 [grpc-default-executor-4] INFO  impl.RoleInfo (RoleInfo.java:shutdownFollowerState(121)) - 7c510082-4284-44ef-8cd9-bb38fb15579f: shutdown FollowerState
2019-10-17 21:16:05,960 [Thread-2016] INFO  impl.FollowerState (FollowerState.java:run(117)) - 7c510082-4284-44ef-8cd9-bb38fb15579f@group-62509A8A5C15-FollowerState was interrupted: java.lang.InterruptedException: sleep interrupted
2019-10-17 21:16:05,960 [grpc-default-executor-4] INFO  impl.RoleInfo (RoleInfo.java:updateAndGet(143)) - 7c510082-4284-44ef-8cd9-bb38fb15579f: start FollowerState
2019-10-17 21:16:05,965 [d2424f4d-20d2-4104-abcc-02e6288f3ffc@group-62509A8A5C15-LeaderElection270] INFO  impl.LeaderElection (LeaderElection.java:logAndReturn(56)) - d2424f4d-20d2-4104-abcc-02e6288f3ffc@group-62509A8A5C15-LeaderElection270: Election TIMEOUT; received 0 response(s) [] and 0 exception(s); d2424f4d-20d2-4104-abcc-02e6288f3ffc@group-62509A8A5C15:t293, leader=null, voted=d2424f4d-20d2-4104-abcc-02e6288f3ffc, raftlog=d2424f4d-20d2-4104-abcc-02e6288f3ffc@group-62509A8A5C15-SegmentedRaftLog:OPENED:c-1,f-1,i0, conf=-1: [3909bd6a-278d-4911-9d70-32680c972d02:192.168.157.223:33343, d2424f4d-20d2-4104-abcc-02e6288f3ffc:192.168.157.223:39352, 7c510082-4284-44ef-8cd9-bb38fb15579f:192.168.157.223:33098], old=null
2019-10-17 21:16:05,985 [d2424f4d-20d2-4104-abcc-02e6288f3ffc@group-62509A8A5C15-LeaderElection270] INFO  impl.LeaderElection (LeaderElection.java:askForVotes(178)) - d2424f4d-20d2-4104-abcc-02e6288f3ffc@group-62509A8A5C15-LeaderElection270: begin an election at term 294 for -1: [3909bd6a-278d-4911-9d70-32680c972d02:192.168.157.223:33343, d2424f4d-20d2-4104-abcc-02e6288f3ffc:192.168.157.223:39352, 7c510082-4284-44ef-8cd9-bb38fb15579f:192.168.157.223:33098], old=null
2019-10-17 21:16:05,987 [grpc-default-executor-4] INFO  impl.RaftServerImpl (RaftServerImpl.java:setRole(184)) - 3909bd6a-278d-4911-9d70-32680c972d02@group-62509A8A5C15: changes role from  FOLLOWER to FOLLOWER at term 294 for recognizeCandidate:d2424f4d-20d2-4104-abcc-02e6288f3ffc
2019-10-17 21:16:05,987 [grpc-default-executor-4] INFO  impl.RoleInfo (RoleInfo.java:shutdownFollowerState(121)) - 3909bd6a-278d-4911-9d70-32680c972d02: shutdown FollowerState
2019-10-17 21:16:05,987 [grpc-default-executor-6] INFO  impl.RaftServerImpl (RaftServerImpl.java:setRole(184)) - 7c510082-4284-44ef-8cd9-bb38fb15579f@group-62509A8A5C15: changes role from  FOLLOWER to FOLLOWER at term 294 for recognizeCandidate:d2424f4d-20d2-4104-abcc-02e6288f3ffc
2019-10-17 21:16:05,988 [grpc-default-executor-6] INFO  impl.RoleInfo (RoleInfo.java:shutdownFollowerState(121)) - 7c510082-4284-44ef-8cd9-bb38fb15579f: shutdown FollowerState
2019-10-17 21:16:05,988 [grpc-default-executor-4] INFO  impl.RoleInfo (RoleInfo.java:updateAndGet(143)) - 3909bd6a-278d-4911-9d70-32680c972d02: start FollowerState
2019-10-17 21:16:05,988 [Thread-2021] INFO  impl.FollowerState (FollowerState.java:run(117)) - 3909bd6a-278d-4911-9d70-32680c972d02@group-62509A8A5C15-FollowerState was interrupted: java.lang.InterruptedException: sleep interrupted
2019-10-17 21:16:05,988 [Thread-2022] INFO  impl.FollowerState (FollowerState.java:run(117)) - 7c510082-4284-44ef-8cd9-bb38fb15579f@group-62509A8A5C15-FollowerState was interrupted: java.lang.InterruptedException: sleep interrupted
2019-10-17 21:16:05,988 [grpc-default-executor-6] INFO  impl.RoleInfo (RoleInfo.java:updateAndGet(143)) - 7c510082-4284-44ef-8cd9-bb38fb15579f: start FollowerState
2019-10-17 21:16:06,015 [d2424f4d-20d2-4104-abcc-02e6288f3ffc@group-62509A8A5C15-LeaderElection270] INFO  impl.LeaderElection (LeaderElection.java:logAndReturn(56)) - d2424f4d-20d2-4104-abcc-02e6288f3ffc@group-62509A8A5C15-LeaderElection270: Election REJECTED; received 2 response(s) [d2424f4d-20d2-4104-abcc-02e6288f3ffc<-3909bd6a-278d-4911-9d70-32680c972d02#0:FAIL-t294, d2424f4d-20d2-4104-abcc-02e6288f3ffc<-7c510082-4284-44ef-8cd9-bb38fb15579f#0:FAIL-t294] and 0 exception(s); d2424f4d-20d2-4104-abcc-02e6288f3ffc@group-62509A8A5C15:t294, leader=null, voted=d2424f4d-20d2-4104-abcc-02e6288f3ffc, raftlog=d2424f4d-20d2-4104-abcc-02e6288f3ffc@group-62509A8A5C15-SegmentedRaftLog:OPENED:c-1,f-1,i0, conf=-1: [3909bd6a-278d-4911-9d70-32680c972d02:192.168.157.223:33343, d2424f4d-20d2-4104-abcc-02e6288f3ffc:192.168.157.223:39352, 7c510082-4284-44ef-8cd9-bb38fb15579f:192.168.157.223:33098], old=null
2019-10-17 21:16:06,015 [d2424f4d-20d2-4104-abcc-02e6288f3ffc@group-62509A8A5C15-LeaderElection270] INFO  impl.RaftServerImpl (RaftServerImpl.java:setRole(184)) - d2424f4d-20d2-4104-abcc-02e6288f3ffc@group-62509A8A5C15: changes role from CANDIDATE to FOLLOWER at term 294 for DISCOVERED_A_NEW_TERM
2019-10-17 21:16:06,015 [d2424f4d-20d2-4104-abcc-02e6288f3ffc@group-62509A8A5C15-LeaderElection270] INFO  impl.RoleInfo (RoleInfo.java:shutdownLeaderElection(134)) - d2424f4d-20d2-4104-abcc-02e6288f3ffc: shutdown LeaderElection
2019-10-17 21:16:06,015 [d2424f4d-20d2-4104-abcc-02e6288f3ffc@group-62509A8A5C15-LeaderElection270] INFO  impl.RoleInfo (RoleInfo.java:updateAndGet(143)) - d2424f4d-20d2-4104-abcc-02e6288f3ffc: start FollowerState
2019-10-17 21:16:06,212 [Thread-2027] INFO  impl.FollowerState (FollowerState.java:run(108)) - d2424f4d-20d2-4104-abcc-02e6288f3ffc@group-62509A8A5C15-FollowerState: change to CANDIDATE, lastRpcTime:196ms, electionTimeout:196ms
2019-10-17 21:16:06,212 [Thread-2027] INFO  impl.RoleInfo (RoleInfo.java:shutdownFollowerState(121)) - d2424f4d-20d2-4104-abcc-02e6288f3ffc: shutdown FollowerState
2019-10-17 21:16:06,212 [Thread-2027] INFO  impl.RaftServerImpl (RaftServerImpl.java:setRole(184)) - d2424f4d-20d2-4104-abcc-02e6288f3ffc@group-62509A8A5C15: changes role from  FOLLOWER to CANDIDATE at term 294 for changeToCandidate
2019-10-17 21:16:06,212 [Thread-2027] INFO  impl.RoleInfo (RoleInfo.java:updateAndGet(143)) - d2424f4d-20d2-4104-abcc-02e6288f3ffc: start LeaderElection
2019-10-17 21:16:06,239 [d2424f4d-20d2-4104-abcc-02e6288f3ffc@group-62509A8A5C15-LeaderElection271] INFO  impl.LeaderElection (LeaderElection.java:askForVotes(178)) - d2424f4d-20d2-4104-abcc-02e6288f3ffc@group-62509A8A5C15-LeaderElection271: begin an election at term 295 for -1: [3909bd6a-278d-4911-9d70-32680c972d02:192.168.157.223:33343, d2424f4d-20d2-4104-abcc-02e6288f3ffc:192.168.157.223:39352, 7c510082-4284-44ef-8cd9-bb38fb15579f:192.168.157.223:33098], old=null
2019-10-17 21:16:06,242 [grpc-default-executor-4] INFO  impl.RaftServerImpl (RaftServerImpl.java:setRole(184)) - 3909bd6a-278d-4911-9d70-32680c972d02@group-62509A8A5C15: changes role from  FOLLOWER to FOLLOWER at term 295 for recognizeCandidate:d2424f4d-20d2-4104-abcc-02e6288f3ffc
2019-10-17 21:16:06,242 [grpc-default-executor-4] INFO  impl.RoleInfo (RoleInfo.java:shutdownFollowerState(121)) - 3909bd6a-278d-4911-9d70-32680c972d02: shutdown FollowerState
2019-10-17 21:16:06,242 [grpc-default-executor-4] INFO  impl.RoleInfo (RoleInfo.java:updateAndGet(143)) - 3909bd6a-278d-4911-9d70-32680c972d02: start FollowerState
2019-10-17 21:16:06,242 [grpc-default-executor-6] INFO  impl.RaftServerImpl (RaftServerImpl.java:setRole(184)) - 7c510082-4284-44ef-8cd9-bb38fb15579f@group-62509A8A5C15: changes role from  FOLLOWER to FOLLOWER at term 295 for recognizeCandidate:d2424f4d-20d2-4104-abcc-02e6288f3ffc
2019-10-17 21:16:06,243 [grpc-default-executor-6] INFO  impl.RoleInfo (RoleInfo.java:shutdownFollowerState(121)) - 7c510082-4284-44ef-8cd9-bb38fb15579f: shutdown FollowerState
2019-10-17 21:16:06,242 [Thread-2025] INFO  impl.FollowerState (FollowerState.java:run(117)) - 3909bd6a-278d-4911-9d70-32680c972d02@group-62509A8A5C15-FollowerState was interrupted: java.lang.InterruptedException: sleep interrupted
2019-10-17 21:16:06,243 [Thread-2026] INFO  impl.FollowerState (FollowerState.java:run(117)) - 7c510082-4284-44ef-8cd9-bb38fb15579f@group-62509A8A5C15-FollowerState was interrupted: java.lang.InterruptedException: sleep interrupted
2019-10-17 21:16:06,243 [grpc-default-executor-6] INFO  impl.RoleInfo (RoleInfo.java:updateAndGet(143)) - 7c510082-4284-44ef-8cd9-bb38fb15579f: start FollowerState
2019-10-17 21:16:06,269 [d2424f4d-20d2-4104-abcc-02e6288f3ffc@group-62509A8A5C15-LeaderElection271] INFO  impl.LeaderElection (LeaderElection.java:logAndReturn(56)) - d2424f4d-20d2-4104-abcc-02e6288f3ffc@group-62509A8A5C15-LeaderElection271: Election REJECTED; received 2 response(s) [d2424f4d-20d2-4104-abcc-02e6288f3ffc<-3909bd6a-278d-4911-9d70-32680c972d02#0:FAIL-t295, d2424f4d-20d2-4104-abcc-02e6288f3ffc<-7c510082-4284-44ef-8cd9-bb38fb15579f#0:FAIL-t295] and 0 exception(s); d2424f4d-20d2-4104-abcc-02e6288f3ffc@group-62509A8A5C15:t295, leader=null, voted=d2424f4d-20d2-4104-abcc-02e6288f3ffc, raftlog=d2424f4d-20d2-4104-abcc-02e6288f3ffc@group-62509A8A5C15-SegmentedRaftLog:OPENED:c-1,f-1,i0, conf=-1: [3909bd6a-278d-4911-9d70-32680c972d02:192.168.157.223:33343, d2424f4d-20d2-4104-abcc-02e6288f3ffc:192.168.157.223:39352, 7c510082-4284-44ef-8cd9-bb38fb15579f:192.168.157.223:33098], old=null
2019-10-17 21:16:06,269 [d2424f4d-20d2-4104-abcc-02e6288f3ffc@group-62509A8A5C15-LeaderElection271] INFO  impl.RaftServerImpl (RaftServerImpl.java:setRole(184)) - d2424f4d-20d2-4104-abcc-02e6288f3ffc@group-62509A8A5C15: changes role from CANDIDATE to FOLLOWER at term 295 for DISCOVERED_A_NEW_TERM
2019-10-17 21:16:06,269 [d2424f4d-20d2-4104-abcc-02e6288f3ffc@group-62509A8A5C15-LeaderElection271] INFO  impl.RoleInfo (RoleInfo.java:shutdownLeaderElection(134)) - d2424f4d-20d2-4104-abcc-02e6288f3ffc: shutdown LeaderElection
2019-10-17 21:16:06,269 [d2424f4d-20d2-4104-abcc-02e6288f3ffc@group-62509A8A5C15-LeaderElection271] INFO  impl.RoleInfo (RoleInfo.java:updateAndGet(143)) - d2424f4d-20d2-4104-abcc-02e6288f3ffc: start FollowerState
2019-10-17 21:16:06,395 [Thread-2035] INFO  impl.FollowerState (FollowerState.java:run(108)) - d2424f4d-20d2-4104-abcc-02e6288f3ffc@group-62509A8A5C15-FollowerState: change to CANDIDATE, lastRpcTime:125ms, electionTimeout:125ms
2019-10-17 21:16:06,397 [Thread-2035] INFO  impl.RoleInfo (RoleInfo.java:shutdownFollowerState(121)) - d2424f4d-20d2-4104-abcc-02e6288f3ffc: shutdown FollowerState
2019-10-17 21:16:06,398 [Thread-2035] INFO  impl.RaftServerImpl (RaftServerImpl.java:setRole(184)) - d2424f4d-20d2-4104-abcc-02e6288f3ffc@group-62509A8A5C15: changes role from  FOLLOWER to CANDIDATE at term 295 for changeToCandidate
2019-10-17 21:16:06,399 [Thread-2035] INFO  impl.RoleInfo (RoleInfo.java:updateAndGet(143)) - d2424f4d-20d2-4104-abcc-02e6288f3ffc: start LeaderElection
2019-10-17 21:16:06,416 [d2424f4d-20d2-4104-abcc-02e6288f3ffc@group-62509A8A5C15-LeaderElection272] INFO  impl.LeaderElection (LeaderElection.java:askForVotes(178)) - d2424f4d-20d2-4104-abcc-02e6288f3ffc@group-62509A8A5C15-LeaderElection272: begin an election at term 296 for -1: [3909bd6a-278d-4911-9d70-32680c972d02:192.168.157.223:33343, d2424f4d-20d2-4104-abcc-02e6288f3ffc:192.168.157.223:39352, 7c510082-4284-44ef-8cd9-bb38fb15579f:192.168.157.223:33098], old=null
2019-10-17 21:16:06,425 [grpc-default-executor-6] INFO  impl.RaftServerImpl (RaftServerImpl.java:setRole(184)) - 3909bd6a-278d-4911-9d70-32680c972d02@group-62509A8A5C15: changes role from  FOLLOWER to FOLLOWER at term 296 for recognizeCandidate:d2424f4d-20d2-4104-abcc-02e6288f3ffc
2019-10-17 21:16:06,425 [grpc-default-executor-4] INFO  impl.RaftServerImpl (RaftServerImpl.java:setRole(184)) - 7c510082-4284-44ef-8cd9-bb38fb15579f@group-62509A8A5C15: changes role from  FOLLOWER to FOLLOWER at term 296 for recognizeCandidate:d2424f4d-20d2-4104-abcc-02e6288f3ffc
2019-10-17 21:16:06,425 [grpc-default-executor-6] INFO  impl.RoleInfo (RoleInfo.java:shutdownFollowerState(121)) - 3909bd6a-278d-4911-9d70-32680c972d02: shutdown FollowerState
2019-10-17 21:16:06,426 [grpc-default-executor-4] INFO  impl.RoleInfo (RoleInfo.java:shutdownFollowerState(121)) - 7c510082-4284-44ef-8cd9-bb38fb15579f: shutdown FollowerState
2019-10-17 21:16:06,426 [Thread-2033] INFO  impl.FollowerState (FollowerState.java:run(117)) - 3909bd6a-278d-4911-9d70-32680c972d02@group-62509A8A5C15-FollowerState was interrupted: java.lang.InterruptedException: sleep interrupted
2019-10-17 21:16:06,426 [grpc-default-executor-4] INFO  impl.RoleInfo (RoleInfo.java:updateAndGet(143)) - 7c510082-4284-44ef-8cd9-bb38fb15579f: start FollowerState
2019-10-17 21:16:06,426 [grpc-default-executor-6] INFO  impl.RoleInfo (RoleInfo.java:updateAndGet(143)) - 3909bd6a-278d-4911-9d70-32680c972d02: start FollowerState
2019-10-17 21:16:06,426 [Thread-2034] INFO  impl.FollowerState (FollowerState.java:run(117)) - 7c510082-4284-44ef-8cd9-bb38fb15579f@group-62509A8A5C15-FollowerState was interrupted: java.lang.InterruptedException: sleep interrupted
2019-10-17 21:16:06,454 [d2424f4d-20d2-4104-abcc-02e6288f3ffc@group-62509A8A5C15-LeaderElection272] INFO  impl.LeaderElection (LeaderElection.java:logAndReturn(56)) - d2424f4d-20d2-4104-abcc-02e6288f3ffc@group-62509A8A5C15-LeaderElection272: Election REJECTED; received 2 response(s) [d2424f4d-20d2-4104-abcc-02e6288f3ffc<-3909bd6a-278d-4911-9d70-32680c972d02#0:FAIL-t296, d2424f4d-20d2-4104-abcc-02e6288f3ffc<-7c510082-4284-44ef-8cd9-bb38fb15579f#0:FAIL-t296] and 0 exception(s); d2424f4d-20d2-4104-abcc-02e6288f3ffc@group-62509A8A5C15:t296, leader=null, voted=d2424f4d-20d2-4104-abcc-02e6288f3ffc, raftlog=d2424f4d-20d2-4104-abcc-02e6288f3ffc@group-62509A8A5C15-SegmentedRaftLog:OPENED:c-1,f-1,i0, conf=-1: [3909bd6a-278d-4911-9d70-32680c972d02:192.168.157.223:33343, d2424f4d-20d2-4104-abcc-02e6288f3ffc:192.168.157.223:39352, 7c510082-4284-44ef-8cd9-bb38fb15579f:192.168.157.223:33098], old=null
2019-10-17 21:16:06,454 [d2424f4d-20d2-4104-abcc-02e6288f3ffc@group-62509A8A5C15-LeaderElection272] INFO  impl.RaftServerImpl (RaftServerImpl.java:setRole(184)) - d2424f4d-20d2-4104-abcc-02e6288f3ffc@group-62509A8A5C15: changes role from CANDIDATE to FOLLOWER at term 296 for DISCOVERED_A_NEW_TERM
2019-10-17 21:16:06,454 [d2424f4d-20d2-4104-abcc-02e6288f3ffc@group-62509A8A5C15-LeaderElection272] INFO  impl.RoleInfo (RoleInfo.java:shutdownLeaderElection(134)) - d2424f4d-20d2-4104-abcc-02e6288f3ffc: shutdown LeaderElection
2019-10-17 21:16:06,454 [d2424f4d-20d2-4104-abcc-02e6288f3ffc@group-62509A8A5C15-LeaderElection272] INFO  impl.RoleInfo (RoleInfo.java:updateAndGet(143)) - d2424f4d-20d2-4104-abcc-02e6288f3ffc: start FollowerState
2019-10-17 21:16:06,594 [Thread-2041] INFO  impl.FollowerState (FollowerState.java:run(108)) - d2424f4d-20d2-4104-abcc-02e6288f3ffc@group-62509A8A5C15-FollowerState: change to CANDIDATE, lastRpcTime:139ms, electionTimeout:139ms
2019-10-17 21:16:06,594 [Thread-2041] INFO  impl.RoleInfo (RoleInfo.java:shutdownFollowerState(121)) - d2424f4d-20d2-4104-abcc-02e6288f3ffc: shutdown FollowerState
2019-10-17 21:16:06,594 [Thread-2041] INFO  impl.RaftServerImpl (RaftServerImpl.java:setRole(184)) - d2424f4d-20d2-4104-abcc-02e6288f3ffc@group-62509A8A5C15: changes role from  FOLLOWER to CANDIDATE at term 296 for changeToCandidate
2019-10-17 21:16:06,594 [Thread-2041] INFO  impl.RoleInfo (RoleInfo.java:updateAndGet(143)) - d2424f4d-20d2-4104-abcc-02e6288f3ffc: start LeaderElection
2019-10-17 21:16:06,602 [d2424f4d-20d2-4104-abcc-02e6288f3ffc@group-62509A8A5C15-LeaderElection273] INFO  impl.LeaderElection (LeaderElection.java:askForVotes(178)) - d2424f4d-20d2-4104-abcc-02e6288f3ffc@group-62509A8A5C15-LeaderElection273: begin an election at term 297 for -1: [3909bd6a-278d-4911-9d70-32680c972d02:192.168.157.223:33343, d2424f4d-20d2-4104-abcc-02e6288f3ffc:192.168.157.223:39352, 7c510082-4284-44ef-8cd9-bb38fb15579f:192.168.157.223:33098], old=null
2019-10-17 21:16:06,605 [grpc-default-executor-6] INFO  impl.RaftServerImpl (RaftServerImpl.java:setRole(184)) - 7c510082-4284-44ef-8cd9-bb38fb15579f@group-62509A8A5C15: changes role from  FOLLOWER to FOLLOWER at term 297 for recognizeCandidate:d2424f4d-20d2-4104-abcc-02e6288f3ffc
2019-10-17 21:16:06,605 [grpc-default-executor-4] INFO  impl.RaftServerImpl (RaftServerImpl.java:setRole(184)) - 3909bd6a-278d-4911-9d70-32680c972d02@group-62509A8A5C15: changes role from  FOLLOWER to FOLLOWER at term 297 for recognizeCandidate:d2424f4d-20d2-4104-abcc-02e6288f3ffc
2019-10-17 21:16:06,605 [grpc-default-executor-6] INFO  impl.RoleInfo (RoleInfo.java:shutdownFollowerState(121)) - 7c510082-4284-44ef-8cd9-bb38fb15579f: shutdown FollowerState
2019-10-17 21:16:06,605 [grpc-default-executor-4] INFO  impl.RoleInfo (RoleInfo.java:shutdownFollowerState(121)) - 3909bd6a-278d-4911-9d70-32680c972d02: shutdown FollowerState
2019-10-17 21:16:06,605 [Thread-2040] INFO  impl.FollowerState (FollowerState.java:run(117)) - 7c510082-4284-44ef-8cd9-bb38fb15579f@group-62509A8A5C15-FollowerState was interrupted: java.lang.InterruptedException: sleep interrupted
2019-10-17 21:16:06,605 [grpc-default-executor-6] INFO  impl.RoleInfo (RoleInfo.java:updateAndGet(143)) - 7c510082-4284-44ef-8cd9-bb38fb15579f: start FollowerState
2019-10-17 21:16:06,605 [grpc-default-executor-4] INFO  impl.RoleInfo (RoleInfo.java:updateAndGet(143)) - 3909bd6a-278d-4911-9d70-32680c972d02: start FollowerState
2019-10-17 21:16:06,605 [Thread-2039] INFO  impl.FollowerState (FollowerState.java:run(117)) - 3909bd6a-278d-4911-9d70-32680c972d02@group-62509A8A5C15-FollowerState was interrupted: java.lang.InterruptedException: sleep interrupted
2019-10-17 21:16:06,619 [d2424f4d-20d2-4104-abcc-02e6288f3ffc@group-62509A8A5C15-LeaderElection273] INFO  impl.LeaderElection (LeaderElection.java:logAndReturn(56)) - d2424f4d-20d2-4104-abcc-02e6288f3ffc@group-62509A8A5C15-LeaderElection273: Election REJECTED; received 2 response(s) [d2424f4d-20d2-4104-abcc-02e6288f3ffc<-3909bd6a-278d-4911-9d70-32680c972d02#0:FAIL-t297, d2424f4d-20d2-4104-abcc-02e6288f3ffc<-7c510082-4284-44ef-8cd9-bb38fb15579f#0:FAIL-t297] and 0 exception(s); d2424f4d-20d2-4104-abcc-02e6288f3ffc@group-62509A8A5C15:t297, leader=null, voted=d2424f4d-20d2-4104-abcc-02e6288f3ffc, raftlog=d2424f4d-20d2-4104-abcc-02e6288f3ffc@group-62509A8A5C15-SegmentedRaftLog:OPENED:c-1,f-1,i0, conf=-1: [3909bd6a-278d-4911-9d70-32680c972d02:192.168.157.223:33343, d2424f4d-20d2-4104-abcc-02e6288f3ffc:192.168.157.223:39352, 7c510082-4284-44ef-8cd9-bb38fb15579f:192.168.157.223:33098], old=null
2019-10-17 21:16:06,619 [d2424f4d-20d2-4104-abcc-02e6288f3ffc@group-62509A8A5C15-LeaderElection273] INFO  impl.RaftServerImpl (RaftServerImpl.java:setRole(184)) - d2424f4d-20d2-4104-abcc-02e6288f3ffc@group-62509A8A5C15: changes role from CANDIDATE to FOLLOWER at term 297 for DISCOVERED_A_NEW_TERM
2019-10-17 21:16:06,619 [d2424f4d-20d2-4104-abcc-02e6288f3ffc@group-62509A8A5C15-LeaderElection273] INFO  impl.RoleInfo (RoleInfo.java:shutdownLeaderElection(134)) - d2424f4d-20d2-4104-abcc-02e6288f3ffc: shutdown LeaderElection
2019-10-17 21:16:06,619 [d2424f4d-20d2-4104-abcc-02e6288f3ffc@group-62509A8A5C15-LeaderElection273] INFO  impl.RoleInfo (RoleInfo.java:updateAndGet(143)) - d2424f4d-20d2-4104-abcc-02e6288f3ffc: start FollowerState
2019-10-17 21:16:06,781 [Thread-2047] INFO  impl.FollowerState (FollowerState.java:run(108)) - d2424f4d-20d2-4104-abcc-02e6288f3ffc@group-62509A8A5C15-FollowerState: change to CANDIDATE, lastRpcTime:161ms, electionTimeout:161ms
2019-10-17 21:16:06,781 [Thread-2047] INFO  impl.RoleInfo (RoleInfo.java:shutdownFollowerState(121)) - d2424f4d-20d2-4104-abcc-02e6288f3ffc: shutdown FollowerState
2019-10-17 21:16:06,781 [Thread-2047] INFO  impl.RaftServerImpl (RaftServerImpl.java:setRole(184)) - d2424f4d-20d2-4104-abcc-02e6288f3ffc@group-62509A8A5C15: changes role from  FOLLOWER to CANDIDATE at term 297 for changeToCandidate
2019-10-17 21:16:06,782 [Thread-2047] INFO  impl.RoleInfo (RoleInfo.java:updateAndGet(143)) - d2424f4d-20d2-4104-abcc-02e6288f3ffc: start LeaderElection
2019-10-17 21:16:06,807 [d2424f4d-20d2-4104-abcc-02e6288f3ffc@group-62509A8A5C15-LeaderElection274] INFO  impl.LeaderElection (LeaderElection.java:askForVotes(178)) - d2424f4d-20d2-4104-abcc-02e6288f3ffc@group-62509A8A5C15-LeaderElection274: begin an election at term 298 for -1: [3909bd6a-278d-4911-9d70-32680c972d02:192.168.157.223:33343, d2424f4d-20d2-4104-abcc-02e6288f3ffc:192.168.157.223:39352, 7c510082-4284-44ef-8cd9-bb38fb15579f:192.168.157.223:33098], old=null
2019-10-17 21:16:06,809 [grpc-default-executor-6] INFO  impl.RaftServerImpl (RaftServerImpl.java:setRole(184)) - 3909bd6a-278d-4911-9d70-32680c972d02@group-62509A8A5C15: changes role from  FOLLOWER to FOLLOWER at term 298 for recognizeCandidate:d2424f4d-20d2-4104-abcc-02e6288f3ffc
2019-10-17 21:16:06,810 [grpc-default-executor-4] INFO  impl.RaftServerImpl (RaftServerImpl.java:setRole(184)) - 7c510082-4284-44ef-8cd9-bb38fb15579f@group-62509A8A5C15: changes role from  FOLLOWER to FOLLOWER at term 298 for recognizeCandidate:d2424f4d-20d2-4104-abcc-02e6288f3ffc
2019-10-17 21:16:06,810 [grpc-default-executor-6] INFO  impl.RoleInfo (RoleInfo.java:shutdownFollowerState(121)) - 3909bd6a-278d-4911-9d70-32680c972d02: shutdown FollowerState
2019-10-17 21:16:06,810 [grpc-default-executor-4] INFO  impl.RoleInfo (RoleInfo.java:shutdownFollowerState(121)) - 7c510082-4284-44ef-8cd9-bb38fb15579f: shutdown FollowerState
2019-10-17 21:16:06,810 [Thread-2046] INFO  impl.FollowerState (FollowerState.java:run(117)) - 3909bd6a-278d-4911-9d70-32680c972d02@group-62509A8A5C15-FollowerState was interrupted: java.lang.InterruptedException: sleep interrupted
2019-10-17 21:16:06,810 [grpc-default-executor-6] INFO  impl.RoleInfo (RoleInfo.java:updateAndGet(143)) - 3909bd6a-278d-4911-9d70-32680c972d02: start FollowerState
2019-10-17 21:16:06,810 [Thread-2045] INFO  impl.FollowerState (FollowerState.java:run(117)) - 7c510082-4284-44ef-8cd9-bb38fb15579f@group-62509A8A5C15-FollowerState was interrupted: java.lang.InterruptedException: sleep interrupted
2019-10-17 21:16:06,810 [grpc-default-executor-4] INFO  impl.RoleInfo (RoleInfo.java:updateAndGet(143)) - 7c510082-4284-44ef-8cd9-bb38fb15579f: start FollowerState
2019-10-17 21:16:06,837 [d2424f4d-20d2-4104-abcc-02e6288f3ffc@group-62509A8A5C15-LeaderElection274] INFO  impl.LeaderElection (LeaderElection.java:logAndReturn(56)) - d2424f4d-20d2-4104-abcc-02e6288f3ffc@group-62509A8A5C15-LeaderElection274: Election REJECTED; received 2 response(s) [d2424f4d-20d2-4104-abcc-02e6288f3ffc<-3909bd6a-278d-4911-9d70-32680c972d02#0:FAIL-t298, d2424f4d-20d2-4104-abcc-02e6288f3ffc<-7c510082-4284-44ef-8cd9-bb38fb15579f#0:FAIL-t298] and 0 exception(s); d2424f4d-20d2-4104-abcc-02e6288f3ffc@group-62509A8A5C15:t298, leader=null, voted=d2424f4d-20d2-4104-abcc-02e6288f3ffc, raftlog=d2424f4d-20d2-4104-abcc-02e6288f3ffc@group-62509A8A5C15-SegmentedRaftLog:OPENED:c-1,f-1,i0, conf=-1: [3909bd6a-278d-4911-9d70-32680c972d02:192.168.157.223:33343, d2424f4d-20d2-4104-abcc-02e6288f3ffc:192.168.157.223:39352, 7c510082-4284-44ef-8cd9-bb38fb15579f:192.168.157.223:33098], old=null
2019-10-17 21:16:06,838 [d2424f4d-20d2-4104-abcc-02e6288f3ffc@group-62509A8A5C15-LeaderElection274] INFO  impl.RaftServerImpl (RaftServerImpl.java:setRole(184)) - d2424f4d-20d2-4104-abcc-02e6288f3ffc@group-62509A8A5C15: changes role from CANDIDATE to FOLLOWER at term 298 for DISCOVERED_A_NEW_TERM
2019-10-17 21:16:06,838 [d2424f4d-20d2-4104-abcc-02e6288f3ffc@group-62509A8A5C15-LeaderElection274] INFO  impl.RoleInfo (RoleInfo.java:shutdownLeaderElection(134)) - d2424f4d-20d2-4104-abcc-02e6288f3ffc: shutdown LeaderElection
2019-10-17 21:16:06,838 [d2424f4d-20d2-4104-abcc-02e6288f3ffc@group-62509A8A5C15-LeaderElection274] INFO  impl.RoleInfo (RoleInfo.java:updateAndGet(143)) - d2424f4d-20d2-4104-abcc-02e6288f3ffc: start FollowerState
2019-10-17 21:16:06,872 [Thread-2053] INFO  impl.FollowerState (FollowerState.java:run(108)) - d2424f4d-20d2-4104-abcc-02e6288f3ffc@group-62509A8A5C15-FollowerState: change to CANDIDATE, lastRpcTime:34ms, electionTimeout:34ms
2019-10-17 21:16:06,873 [Thread-2053] INFO  impl.RoleInfo (RoleInfo.java:shutdownFollowerState(121)) - d2424f4d-20d2-4104-abcc-02e6288f3ffc: shutdown FollowerState
2019-10-17 21:16:06,873 [Thread-2053] INFO  impl.RaftServerImpl (RaftServerImpl.java:setRole(184)) - d2424f4d-20d2-4104-abcc-02e6288f3ffc@group-62509A8A5C15: changes role from  FOLLOWER to CANDIDATE at term 298 for changeToCandidate
2019-10-17 21:16:06,873 [Thread-2053] INFO  impl.RoleInfo (RoleInfo.java:updateAndGet(143)) - d2424f4d-20d2-4104-abcc-02e6288f3ffc: start LeaderElection
2019-10-17 21:16:06,887 [d2424f4d-20d2-4104-abcc-02e6288f3ffc@group-62509A8A5C15-LeaderElection275] INFO  impl.LeaderElection (LeaderElection.java:askForVotes(178)) - d2424f4d-20d2-4104-abcc-02e6288f3ffc@group-62509A8A5C15-LeaderElection275: begin an election at term 299 for -1: [3909bd6a-278d-4911-9d70-32680c972d02:192.168.157.223:33343, d2424f4d-20d2-4104-abcc-02e6288f3ffc:192.168.157.223:39352, 7c510082-4284-44ef-8cd9-bb38fb15579f:192.168.157.223:33098], old=null
2019-10-17 21:16:06,889 [grpc-default-executor-4] INFO  impl.RaftServerImpl (RaftServerImpl.java:setRole(184)) - 7c510082-4284-44ef-8cd9-bb38fb15579f@group-62509A8A5C15: changes role from  FOLLOWER to FOLLOWER at term 299 for recognizeCandidate:d2424f4d-20d2-4104-abcc-02e6288f3ffc
2019-10-17 21:16:06,889 [grpc-default-executor-4] INFO  impl.RoleInfo (RoleInfo.java:shutdownFollowerState(121)) - 7c510082-4284-44ef-8cd9-bb38fb15579f: shutdown FollowerState
2019-10-17 21:16:06,889 [grpc-default-executor-6] INFO  impl.RaftServerImpl (RaftServerImpl.java:setRole(184)) - 3909bd6a-278d-4911-9d70-32680c972d02@group-62509A8A5C15: changes role from  FOLLOWER to FOLLOWER at term 299 for recognizeCandidate:d2424f4d-20d2-4104-abcc-02e6288f3ffc
2019-10-17 21:16:06,889 [grpc-default-executor-6] INFO  impl.RoleInfo (RoleInfo.java:shutdownFollowerState(121)) - 3909bd6a-278d-4911-9d70-32680c972d02: shutdown FollowerState
2019-10-17 21:16:06,889 [Thread-2052] INFO  impl.FollowerState (FollowerState.java:run(117)) - 7c510082-4284-44ef-8cd9-bb38fb15579f@group-62509A8A5C15-FollowerState was interrupted: java.lang.InterruptedException: sleep interrupted
2019-10-17 21:16:06,889 [grpc-default-executor-4] INFO  impl.RoleInfo (RoleInfo.java:updateAndGet(143)) - 7c510082-4284-44ef-8cd9-bb38fb15579f: start FollowerState
2019-10-17 21:16:06,889 [Thread-2051] INFO  impl.FollowerState (FollowerState.java:run(117)) - 3909bd6a-278d-4911-9d70-32680c972d02@group-62509A8A5C15-FollowerState was interrupted: java.lang.InterruptedException: sleep interrupted
2019-10-17 21:16:06,889 [grpc-default-executor-6] INFO  impl.RoleInfo (RoleInfo.java:updateAndGet(143)) - 3909bd6a-278d-4911-9d70-32680c972d02: start FollowerState
2019-10-17 21:16:06,903 [d2424f4d-20d2-4104-abcc-02e6288f3ffc@group-62509A8A5C15-LeaderElection275] INFO  impl.LeaderElection (LeaderElection.java:logAndReturn(56)) - d2424f4d-20d2-4104-abcc-02e6288f3ffc@group-62509A8A5C15-LeaderElection275: Election REJECTED; received 2 response(s) [d2424f4d-20d2-4104-abcc-02e6288f3ffc<-3909bd6a-278d-4911-9d70-32680c972d02#0:FAIL-t299, d2424f4d-20d2-4104-abcc-02e6288f3ffc<-7c510082-4284-44ef-8cd9-bb38fb15579f#0:FAIL-t299] and 0 exception(s); d2424f4d-20d2-4104-abcc-02e6288f3ffc@group-62509A8A5C15:t299, leader=null, voted=d2424f4d-20d2-4104-abcc-02e6288f3ffc, raftlog=d2424f4d-20d2-4104-abcc-02e6288f3ffc@group-62509A8A5C15-SegmentedRaftLog:OPENED:c-1,f-1,i0, conf=-1: [3909bd6a-278d-4911-9d70-32680c972d02:192.168.157.223:33343, d2424f4d-20d2-4104-abcc-02e6288f3ffc:192.168.157.223:39352, 7c510082-4284-44ef-8cd9-bb38fb15579f:192.168.157.223:33098], old=null
2019-10-17 21:16:06,903 [d2424f4d-20d2-4104-abcc-02e6288f3ffc@group-62509A8A5C15-LeaderElection275] INFO  impl.RaftServerImpl (RaftServerImpl.java:setRole(184)) - d2424f4d-20d2-4104-abcc-02e6288f3ffc@group-62509A8A5C15: changes role from CANDIDATE to FOLLOWER at term 299 for DISCOVERED_A_NEW_TERM
2019-10-17 21:16:06,903 [d2424f4d-20d2-4104-abcc-02e6288f3ffc@group-62509A8A5C15-LeaderElection275] INFO  impl.RoleInfo (RoleInfo.java:shutdownLeaderElection(134)) - d2424f4d-20d2-4104-abcc-02e6288f3ffc: shutdown LeaderElection
2019-10-17 21:16:06,903 [d2424f4d-20d2-4104-abcc-02e6288f3ffc@group-62509A8A5C15-LeaderElection275] INFO  impl.RoleInfo (RoleInfo.java:updateAndGet(143)) - d2424f4d-20d2-4104-abcc-02e6288f3ffc: start FollowerState
2019-10-17 21:16:06,971 [Thread-2059] INFO  impl.FollowerState (FollowerState.java:run(108)) - d2424f4d-20d2-4104-abcc-02e6288f3ffc@group-62509A8A5C15-FollowerState: change to CANDIDATE, lastRpcTime:67ms, electionTimeout:67ms
2019-10-17 21:16:06,971 [Thread-2059] INFO  impl.RoleInfo (RoleInfo.java:shutdownFollowerState(121)) - d2424f4d-20d2-4104-abcc-02e6288f3ffc: shutdown FollowerState
2019-10-17 21:16:06,971 [Thread-2059] INFO  impl.RaftServerImpl (RaftServerImpl.java:setRole(184)) - d2424f4d-20d2-4104-abcc-02e6288f3ffc@group-62509A8A5C15: changes role from  FOLLOWER to CANDIDATE at term 299 for changeToCandidate
2019-10-17 21:16:06,971 [Thread-2059] INFO  impl.RoleInfo (RoleInfo.java:updateAndGet(143)) - d2424f4d-20d2-4104-abcc-02e6288f3ffc: start LeaderElection
2019-10-17 21:16:06,986 [d2424f4d-20d2-4104-abcc-02e6288f3ffc@group-62509A8A5C15-LeaderElection276] INFO  impl.LeaderElection (LeaderElection.java:askForVotes(178)) - d2424f4d-20d2-4104-abcc-02e6288f3ffc@group-62509A8A5C15-LeaderElection276: begin an election at term 300 for -1: [3909bd6a-278d-4911-9d70-32680c972d02:192.168.157.223:33343, d2424f4d-20d2-4104-abcc-02e6288f3ffc:192.168.157.223:39352, 7c510082-4284-44ef-8cd9-bb38fb15579f:192.168.157.223:33098], old=null
2019-10-17 21:16:06,988 [grpc-default-executor-4] INFO  impl.RaftServerImpl (RaftServerImpl.java:setRole(184)) - 3909bd6a-278d-4911-9d70-32680c972d02@group-62509A8A5C15: changes role from  FOLLOWER to FOLLOWER at term 300 for recognizeCandidate:d2424f4d-20d2-4104-abcc-02e6288f3ffc
2019-10-17 21:16:06,988 [grpc-default-executor-6] INFO  impl.RaftServerImpl (RaftServerImpl.java:setRole(184)) - 7c510082-4284-44ef-8cd9-bb38fb15579f@group-62509A8A5C15: changes role from  FOLLOWER to FOLLOWER at term 300 for recognizeCandidate:d2424f4d-20d2-4104-abcc-02e6288f3ffc
2019-10-17 21:16:06,988 [grpc-default-executor-6] INFO  impl.RoleInfo (RoleInfo.java:shutdownFollowerState(121)) - 7c510082-4284-44ef-8cd9-bb38fb15579f: shutdown FollowerState
2019-10-17 21:16:06,988 [grpc-default-executor-4] INFO  impl.RoleInfo (RoleInfo.java:shutdownFollowerState(121)) - 3909bd6a-278d-4911-9d70-32680c972d02: shutdown FollowerState
2019-10-17 21:16:06,988 [Thread-2057] INFO  impl.FollowerState (FollowerState.java:run(117)) - 7c510082-4284-44ef-8cd9-bb38fb15579f@group-62509A8A5C15-FollowerState was interrupted: java.lang.InterruptedException: sleep interrupted
2019-10-17 21:16:06,988 [grpc-default-executor-6] INFO  impl.RoleInfo (RoleInfo.java:updateAndGet(143)) - 7c510082-4284-44ef-8cd9-bb38fb15579f: start FollowerState
2019-10-17 21:16:06,988 [grpc-default-executor-4] INFO  impl.RoleInfo (RoleInfo.java:updateAndGet(143)) - 3909bd6a-278d-4911-9d70-32680c972d02: start FollowerState
2019-10-17 21:16:06,988 [Thread-2058] INFO  impl.FollowerState (FollowerState.java:run(117)) - 3909bd6a-278d-4911-9d70-32680c972d02@group-62509A8A5C15-FollowerState was interrupted: java.lang.InterruptedException: sleep interrupted
2019-10-17 21:16:07,014 [d2424f4d-20d2-4104-abcc-02e6288f3ffc@group-62509A8A5C15-LeaderElection276] INFO  impl.LeaderElection (LeaderElection.java:logAndReturn(56)) - d2424f4d-20d2-4104-abcc-02e6288f3ffc@group-62509A8A5C15-LeaderElection276: Election REJECTED; received 2 response(s) [d2424f4d-20d2-4104-abcc-02e6288f3ffc<-3909bd6a-278d-4911-9d70-32680c972d02#0:FAIL-t300, d2424f4d-20d2-4104-abcc-02e6288f3ffc<-7c510082-4284-44ef-8cd9-bb38fb15579f#0:FAIL-t300] and 0 exception(s); d2424f4d-20d2-4104-abcc-02e6288f3ffc@group-62509A8A5C15:t300, leader=null, voted=d2424f4d-20d2-4104-abcc-02e6288f3ffc, raftlog=d2424f4d-20d2-4104-abcc-02e6288f3ffc@group-62509A8A5C15-SegmentedRaftLog:OPENED:c-1,f-1,i0, conf=-1: [3909bd6a-278d-4911-9d70-32680c972d02:192.168.157.223:33343, d2424f4d-20d2-4104-abcc-02e6288f3ffc:192.168.157.223:39352, 7c510082-4284-44ef-8cd9-bb38fb15579f:192.168.157.223:33098], old=null
2019-10-17 21:16:07,014 [d2424f4d-20d2-4104-abcc-02e6288f3ffc@group-62509A8A5C15-LeaderElection276] INFO  impl.RaftServerImpl (RaftServerImpl.java:setRole(184)) - d2424f4d-20d2-4104-abcc-02e6288f3ffc@group-62509A8A5C15: changes role from CANDIDATE to FOLLOWER at term 300 for DISCOVERED_A_NEW_TERM
2019-10-17 21:16:07,014 [d2424f4d-20d2-4104-abcc-02e6288f3ffc@group-62509A8A5C15-LeaderElection276] INFO  impl.RoleInfo (RoleInfo.java:shutdownLeaderElection(134)) - d2424f4d-20d2-4104-abcc-02e6288f3ffc: shutdown LeaderElection
2019-10-17 21:16:07,014 [d2424f4d-20d2-4104-abcc-02e6288f3ffc@group-62509A8A5C15-LeaderElection276] INFO  impl.RoleInfo (RoleInfo.java:updateAndGet(143)) - d2424f4d-20d2-4104-abcc-02e6288f3ffc: start FollowerState
2019-10-17 21:16:07,169 [Thread-2065] INFO  impl.FollowerState (FollowerState.java:run(108)) - d2424f4d-20d2-4104-abcc-02e6288f3ffc@group-62509A8A5C15-FollowerState: change to CANDIDATE, lastRpcTime:154ms, electionTimeout:154ms
2019-10-17 21:16:07,169 [Thread-2065] INFO  impl.RoleInfo (RoleInfo.java:shutdownFollowerState(121)) - d2424f4d-20d2-4104-abcc-02e6288f3ffc: shutdown FollowerState
2019-10-17 21:16:07,169 [Thread-2065] INFO  impl.RaftServerImpl (RaftServerImpl.java:setRole(184)) - d2424f4d-20d2-4104-abcc-02e6288f3ffc@group-62509A8A5C15: changes role from  FOLLOWER to CANDIDATE at term 300 for changeToCandidate
2019-10-17 21:16:07,169 [Thread-2065] INFO  impl.RoleInfo (RoleInfo.java:updateAndGet(143)) - d2424f4d-20d2-4104-abcc-02e6288f3ffc: start LeaderElection
2019-10-17 21:16:07,179 [d2424f4d-20d2-4104-abcc-02e6288f3ffc@group-62509A8A5C15-LeaderElection277] INFO  impl.LeaderElection (LeaderElection.java:askForVotes(178)) - d2424f4d-20d2-4104-abcc-02e6288f3ffc@group-62509A8A5C15-LeaderElection277: begin an election at term 301 for -1: [3909bd6a-278d-4911-9d70-32680c972d02:192.168.157.223:33343, d2424f4d-20d2-4104-abcc-02e6288f3ffc:192.168.157.223:39352, 7c510082-4284-44ef-8cd9-bb38fb15579f:192.168.157.223:33098], old=null
2019-10-17 21:16:07,181 [grpc-default-executor-4] INFO  impl.RaftServerImpl (RaftServerImpl.java:setRole(184)) - 3909bd6a-278d-4911-9d70-32680c972d02@group-62509A8A5C15: changes role from  FOLLOWER to FOLLOWER at term 301 for recognizeCandidate:d2424f4d-20d2-4104-abcc-02e6288f3ffc
2019-10-17 21:16:07,181 [grpc-default-executor-6] INFO  impl.RaftServerImpl (RaftServerImpl.java:setRole(184)) - 7c510082-4284-44ef-8cd9-bb38fb15579f@group-62509A8A5C15: changes role from  FOLLOWER to FOLLOWER at term 301 for recognizeCandidate:d2424f4d-20d2-4104-abcc-02e6288f3ffc
2019-10-17 21:16:07,182 [grpc-default-executor-4] INFO  impl.RoleInfo (RoleInfo.java:shutdownFollowerState(121)) - 3909bd6a-278d-4911-9d70-32680c972d02: shutdown FollowerState
2019-10-17 21:16:07,182 [grpc-default-executor-6] INFO  impl.RoleInfo (RoleInfo.java:shutdownFollowerState(121)) - 7c510082-4284-44ef-8cd9-bb38fb15579f: shutdown FollowerState
2019-10-17 21:16:07,182 [Thread-2064] INFO  impl.FollowerState (FollowerState.java:run(117)) - 3909bd6a-278d-4911-9d70-32680c972d02@group-62509A8A5C15-FollowerState was interrupted: java.lang.InterruptedException: sleep interrupted
2019-10-17 21:16:07,182 [grpc-default-executor-4] INFO  impl.RoleInfo (RoleInfo.java:updateAndGet(143)) - 3909bd6a-278d-4911-9d70-32680c972d02: start FollowerState
2019-10-17 21:16:07,182 [Thread-2063] INFO  impl.FollowerState (FollowerState.java:run(117)) - 7c510082-4284-44ef-8cd9-bb38fb15579f@group-62509A8A5C15-FollowerState was interrupted: java.lang.InterruptedException: sleep interrupted
2019-10-17 21:16:07,182 [grpc-default-executor-6] INFO  impl.RoleInfo (RoleInfo.java:updateAndGet(143)) - 7c510082-4284-44ef-8cd9-bb38fb15579f: start FollowerState
2019-10-17 21:16:07,197 [d2424f4d-20d2-4104-abcc-02e6288f3ffc@group-62509A8A5C15-LeaderElection277] INFO  impl.LeaderElection (LeaderElection.java:logAndReturn(56)) - d2424f4d-20d2-4104-abcc-02e6288f3ffc@group-62509A8A5C15-LeaderElection277: Election REJECTED; received 2 response(s) [d2424f4d-20d2-4104-abcc-02e6288f3ffc<-3909bd6a-278d-4911-9d70-32680c972d02#0:FAIL-t301, d2424f4d-20d2-4104-abcc-02e6288f3ffc<-7c510082-4284-44ef-8cd9-bb38fb15579f#0:FAIL-t301] and 0 exception(s); d2424f4d-20d2-4104-abcc-02e6288f3ffc@group-62509A8A5C15:t301, leader=null, voted=d2424f4d-20d2-4104-abcc-02e6288f3ffc, raftlog=d2424f4d-20d2-4104-abcc-02e6288f3ffc@group-62509A8A5C15-SegmentedRaftLog:OPENED:c-1,f-1,i0, conf=-1: [3909bd6a-278d-4911-9d70-32680c972d02:192.168.157.223:33343, d2424f4d-20d2-4104-abcc-02e6288f3ffc:192.168.157.223:39352, 7c510082-4284-44ef-8cd9-bb38fb15579f:192.168.157.223:33098], old=null
2019-10-17 21:16:07,197 [d2424f4d-20d2-4104-abcc-02e6288f3ffc@group-62509A8A5C15-LeaderElection277] INFO  impl.RaftServerImpl (RaftServerImpl.java:setRole(184)) - d2424f4d-20d2-4104-abcc-02e6288f3ffc@group-62509A8A5C15: changes role from CANDIDATE to FOLLOWER at term 301 for DISCOVERED_A_NEW_TERM
2019-10-17 21:16:07,197 [d2424f4d-20d2-4104-abcc-02e6288f3ffc@group-62509A8A5C15-LeaderElection277] INFO  impl.RoleInfo (RoleInfo.java:shutdownLeaderElection(134)) - d2424f4d-20d2-4104-abcc-02e6288f3ffc: shutdown LeaderElection
2019-10-17 21:16:07,197 [d2424f4d-20d2-4104-abcc-02e6288f3ffc@group-62509A8A5C15-LeaderElection277] INFO  impl.RoleInfo (RoleInfo.java:updateAndGet(143)) - d2424f4d-20d2-4104-abcc-02e6288f3ffc: start FollowerState
2019-10-17 21:16:07,389 [Thread-2073] INFO  impl.FollowerState (FollowerState.java:run(108)) - d2424f4d-20d2-4104-abcc-02e6288f3ffc@group-62509A8A5C15-FollowerState: change to CANDIDATE, lastRpcTime:192ms, electionTimeout:192ms
2019-10-17 21:16:07,390 [Thread-2073] INFO  impl.RoleInfo (RoleInfo.java:shutdownFollowerState(121)) - d2424f4d-20d2-4104-abcc-02e6288f3ffc: shutdown FollowerState
2019-10-17 21:16:07,390 [Thread-2073] INFO  impl.RaftServerImpl (RaftServerImpl.java:setRole(184)) - d2424f4d-20d2-4104-abcc-02e6288f3ffc@group-62509A8A5C15: changes role from  FOLLOWER to CANDIDATE at term 301 for changeToCandidate
2019-10-17 21:16:07,390 [Thread-2073] INFO  impl.RoleInfo (RoleInfo.java:updateAndGet(143)) - d2424f4d-20d2-4104-abcc-02e6288f3ffc: start LeaderElection
2019-10-17 21:16:07,419 [d2424f4d-20d2-4104-abcc-02e6288f3ffc@group-62509A8A5C15-LeaderElection278] INFO  impl.LeaderElection (LeaderElection.java:askForVotes(178)) - d2424f4d-20d2-4104-abcc-02e6288f3ffc@group-62509A8A5C15-LeaderElection278: begin an election at term 302 for -1: [3909bd6a-278d-4911-9d70-32680c972d02:192.168.157.223:33343, d2424f4d-20d2-4104-abcc-02e6288f3ffc:192.168.157.223:39352, 7c510082-4284-44ef-8cd9-bb38fb15579f:192.168.157.223:33098], old=null
2019-10-17 21:16:07,421 [grpc-default-executor-4] INFO  impl.RaftServerImpl (RaftServerImpl.java:setRole(184)) - 7c510082-4284-44ef-8cd9-bb38fb15579f@group-62509A8A5C15: changes role from  FOLLOWER to FOLLOWER at term 302 for recognizeCandidate:d2424f4d-20d2-4104-abcc-02e6288f3ffc
2019-10-17 21:16:07,421 [grpc-default-executor-6] INFO  impl.RaftServerImpl (RaftServerImpl.java:setRole(184)) - 3909bd6a-278d-4911-9d70-32680c972d02@group-62509A8A5C15: changes role from  FOLLOWER to FOLLOWER at term 302 for recognizeCandidate:d2424f4d-20d2-4104-abcc-02e6288f3ffc
2019-10-17 21:16:07,421 [grpc-default-executor-4] INFO  impl.RoleInfo (RoleInfo.java:shutdownFollowerState(121)) - 7c510082-4284-44ef-8cd9-bb38fb15579f: shutdown FollowerState
2019-10-17 21:16:07,421 [grpc-default-executor-6] INFO  impl.RoleInfo (RoleInfo.java:shutdownFollowerState(121)) - 3909bd6a-278d-4911-9d70-32680c972d02: shutdown FollowerState
2019-10-17 21:16:07,421 [grpc-default-executor-4] INFO  impl.RoleInfo (RoleInfo.java:updateAndGet(143)) - 7c510082-4284-44ef-8cd9-bb38fb15579f: start FollowerState
2019-10-17 21:16:07,421 [Thread-2072] INFO  impl.FollowerState (FollowerState.java:run(117)) - 7c510082-4284-44ef-8cd9-bb38fb15579f@group-62509A8A5C15-FollowerState was interrupted: java.lang.InterruptedException: sleep interrupted
2019-10-17 21:16:07,421 [grpc-default-executor-6] INFO  impl.RoleInfo (RoleInfo.java:updateAndGet(143)) - 3909bd6a-278d-4911-9d70-32680c972d02: start FollowerState
2019-10-17 21:16:07,421 [Thread-2071] INFO  impl.FollowerState (FollowerState.java:run(117)) - 3909bd6a-278d-4911-9d70-32680c972d02@group-62509A8A5C15-FollowerState was interrupted: java.lang.InterruptedException: sleep interrupted
2019-10-17 21:16:07,429 [d2424f4d-20d2-4104-abcc-02e6288f3ffc@group-62509A8A5C15-LeaderElection278] INFO  impl.LeaderElection (LeaderElection.java:logAndReturn(56)) - d2424f4d-20d2-4104-abcc-02e6288f3ffc@group-62509A8A5C15-LeaderElection278: Election TIMEOUT; received 0 response(s) [] and 0 exception(s); d2424f4d-20d2-4104-abcc-02e6288f3ffc@group-62509A8A5C15:t302, leader=null, voted=d2424f4d-20d2-4104-abcc-02e6288f3ffc, raftlog=d2424f4d-20d2-4104-abcc-02e6288f3ffc@group-62509A8A5C15-SegmentedRaftLog:OPENED:c-1,f-1,i0, conf=-1: [3909bd6a-278d-4911-9d70-32680c972d02:192.168.157.223:33343, d2424f4d-20d2-4104-abcc-02e6288f3ffc:192.168.157.223:39352, 7c510082-4284-44ef-8cd9-bb38fb15579f:192.168.157.223:33098], old=null
2019-10-17 21:16:07,433 [d2424f4d-20d2-4104-abcc-02e6288f3ffc@group-62509A8A5C15-LeaderElection278] INFO  impl.LeaderElection (LeaderElection.java:askForVotes(178)) - d2424f4d-20d2-4104-abcc-02e6288f3ffc@group-62509A8A5C15-LeaderElection278: begin an election at term 303 for -1: [3909bd6a-278d-4911-9d70-32680c972d02:192.168.157.223:33343, d2424f4d-20d2-4104-abcc-02e6288f3ffc:192.168.157.223:39352, 7c510082-4284-44ef-8cd9-bb38fb15579f:192.168.157.223:33098], old=null
2019-10-17 21:16:07,435 [grpc-default-executor-4] INFO  impl.RaftServerImpl (RaftServerImpl.java:setRole(184)) - 3909bd6a-278d-4911-9d70-32680c972d02@group-62509A8A5C15: changes role from  FOLLOWER to FOLLOWER at term 303 for recognizeCandidate:d2424f4d-20d2-4104-abcc-02e6288f3ffc
2019-10-17 21:16:07,435 [grpc-default-executor-4] INFO  impl.RoleInfo (RoleInfo.java:shutdownFollowerState(121)) - 3909bd6a-278d-4911-9d70-32680c972d02: shutdown FollowerState
2019-10-17 21:16:07,435 [grpc-default-executor-6] INFO  impl.RaftServerImpl (RaftServerImpl.java:setRole(184)) - 7c510082-4284-44ef-8cd9-bb38fb15579f@group-62509A8A5C15: changes role from  FOLLOWER to FOLLOWER at term 303 for recognizeCandidate:d2424f4d-20d2-4104-abcc-02e6288f3ffc
2019-10-17 21:16:07,435 [grpc-default-executor-4] INFO  impl.RoleInfo (RoleInfo.java:updateAndGet(143)) - 3909bd6a-278d-4911-9d70-32680c972d02: start FollowerState
2019-10-17 21:16:07,435 [Thread-2078] INFO  impl.FollowerState (FollowerState.java:run(117)) - 3909bd6a-278d-4911-9d70-32680c972d02@group-62509A8A5C15-FollowerState was interrupted: java.lang.InterruptedException: sleep interrupted
2019-10-17 21:16:07,435 [grpc-default-executor-6] INFO  impl.RoleInfo (RoleInfo.java:shutdownFollowerState(121)) - 7c510082-4284-44ef-8cd9-bb38fb15579f: shutdown FollowerState
2019-10-17 21:16:07,435 [grpc-default-executor-6] INFO  impl.RoleInfo (RoleInfo.java:updateAndGet(143)) - 7c510082-4284-44ef-8cd9-bb38fb15579f: start FollowerState
2019-10-17 21:16:07,435 [Thread-2077] INFO  impl.FollowerState (FollowerState.java:run(117)) - 7c510082-4284-44ef-8cd9-bb38fb15579f@group-62509A8A5C15-FollowerState was interrupted: java.lang.InterruptedException: sleep interrupted
2019-10-17 21:16:07,442 [d2424f4d-20d2-4104-abcc-02e6288f3ffc@group-62509A8A5C15-LeaderElection278] INFO  impl.LeaderElection (LeaderElection.java:logAndReturn(56)) - d2424f4d-20d2-4104-abcc-02e6288f3ffc@group-62509A8A5C15-LeaderElection278: Election REJECTED; received 2 response(s) [d2424f4d-20d2-4104-abcc-02e6288f3ffc<-3909bd6a-278d-4911-9d70-32680c972d02#0:FAIL-t303, d2424f4d-20d2-4104-abcc-02e6288f3ffc<-7c510082-4284-44ef-8cd9-bb38fb15579f#0:FAIL-t303] and 0 exception(s); d2424f4d-20d2-4104-abcc-02e6288f3ffc@group-62509A8A5C15:t303, leader=null, voted=d2424f4d-20d2-4104-abcc-02e6288f3ffc, raftlog=d2424f4d-20d2-4104-abcc-02e6288f3ffc@group-62509A8A5C15-SegmentedRaftLog:OPENED:c-1,f-1,i0, conf=-1: [3909bd6a-278d-4911-9d70-32680c972d02:192.168.157.223:33343, d2424f4d-20d2-4104-abcc-02e6288f3ffc:192.168.157.223:39352, 7c510082-4284-44ef-8cd9-bb38fb15579f:192.168.157.223:33098], old=null
2019-10-17 21:16:07,442 [d2424f4d-20d2-4104-abcc-02e6288f3ffc@group-62509A8A5C15-LeaderElection278] INFO  impl.RaftServerImpl (RaftServerImpl.java:setRole(184)) - d2424f4d-20d2-4104-abcc-02e6288f3ffc@group-62509A8A5C15: changes role from CANDIDATE to FOLLOWER at term 303 for DISCOVERED_A_NEW_TERM
2019-10-17 21:16:07,442 [d2424f4d-20d2-4104-abcc-02e6288f3ffc@group-62509A8A5C15-LeaderElection278] INFO  impl.RoleInfo (RoleInfo.java:shutdownLeaderElection(134)) - d2424f4d-20d2-4104-abcc-02e6288f3ffc: shutdown LeaderElection
2019-10-17 21:16:07,442 [d2424f4d-20d2-4104-abcc-02e6288f3ffc@group-62509A8A5C15-LeaderElection278] INFO  impl.RoleInfo (RoleInfo.java:updateAndGet(143)) - d2424f4d-20d2-4104-abcc-02e6288f3ffc: start FollowerState
2019-10-17 21:16:07,540 [Thread-2083] INFO  impl.FollowerState (FollowerState.java:run(108)) - d2424f4d-20d2-4104-abcc-02e6288f3ffc@group-62509A8A5C15-FollowerState: change to CANDIDATE, lastRpcTime:98ms, electionTimeout:98ms
2019-10-17 21:16:07,541 [Thread-2083] INFO  impl.RoleInfo (RoleInfo.java:shutdownFollowerState(121)) - d2424f4d-20d2-4104-abcc-02e6288f3ffc: shutdown FollowerState
2019-10-17 21:16:07,541 [Thread-2083] INFO  impl.RaftServerImpl (RaftServerImpl.java:setRole(184)) - d2424f4d-20d2-4104-abcc-02e6288f3ffc@group-62509A8A5C15: changes role from  FOLLOWER to CANDIDATE at term 303 for changeToCandidate
2019-10-17 21:16:07,541 [Thread-2083] INFO  impl.RoleInfo (RoleInfo.java:updateAndGet(143)) - d2424f4d-20d2-4104-abcc-02e6288f3ffc: start LeaderElection
2019-10-17 21:16:07,555 [d2424f4d-20d2-4104-abcc-02e6288f3ffc@group-62509A8A5C15-LeaderElection279] INFO  impl.LeaderElection (LeaderElection.java:askForVotes(178)) - d2424f4d-20d2-4104-abcc-02e6288f3ffc@group-62509A8A5C15-LeaderElection279: begin an election at term 304 for -1: [3909bd6a-278d-4911-9d70-32680c972d02:192.168.157.223:33343, d2424f4d-20d2-4104-abcc-02e6288f3ffc:192.168.157.223:39352, 7c510082-4284-44ef-8cd9-bb38fb15579f:192.168.157.223:33098], old=null
2019-10-17 21:16:07,557 [grpc-default-executor-6] INFO  impl.RaftServerImpl (RaftServerImpl.java:setRole(184)) - 3909bd6a-278d-4911-9d70-32680c972d02@group-62509A8A5C15: changes role from  FOLLOWER to FOLLOWER at term 304 for recognizeCandidate:d2424f4d-20d2-4104-abcc-02e6288f3ffc
2019-10-17 21:16:07,557 [grpc-default-executor-4] INFO  impl.RaftServerImpl (RaftServerImpl.java:setRole(184)) - 7c510082-4284-44ef-8cd9-bb38fb15579f@group-62509A8A5C15: changes role from  FOLLOWER to FOLLOWER at term 304 for recognizeCandidate:d2424f4d-20d2-4104-abcc-02e6288f3ffc
2019-10-17 21:16:07,557 [grpc-default-executor-6] INFO  impl.RoleInfo (RoleInfo.java:shutdownFollowerState(121)) - 3909bd6a-278d-4911-9d70-32680c972d02: shutdown FollowerState
2019-10-17 21:16:07,557 [grpc-default-executor-4] INFO  impl.RoleInfo (RoleInfo.java:shutdownFollowerState(121)) - 7c510082-4284-44ef-8cd9-bb38fb15579f: shutdown FollowerState
2019-10-17 21:16:07,558 [Thread-2081] INFO  impl.FollowerState (FollowerState.java:run(117)) - 3909bd6a-278d-4911-9d70-32680c972d02@group-62509A8A5C15-FollowerState was interrupted: java.lang.InterruptedException: sleep interrupted
2019-10-17 21:16:07,557 [grpc-default-executor-6] INFO  impl.RoleInfo (RoleInfo.java:updateAndGet(143)) - 3909bd6a-278d-4911-9d70-32680c972d02: start FollowerState
2019-10-17 21:16:07,558 [Thread-2082] INFO  impl.FollowerState (FollowerState.java:run(117)) - 7c510082-4284-44ef-8cd9-bb38fb15579f@group-62509A8A5C15-FollowerState was interrupted: java.lang.InterruptedException: sleep interrupted
2019-10-17 21:16:07,558 [grpc-default-executor-4] INFO  impl.RoleInfo (RoleInfo.java:updateAndGet(143)) - 7c510082-4284-44ef-8cd9-bb38fb15579f: start FollowerState
2019-10-17 21:16:07,572 [d2424f4d-20d2-4104-abcc-02e6288f3ffc@group-62509A8A5C15-LeaderElection279] INFO  impl.LeaderElection (LeaderElection.java:logAndReturn(56)) - d2424f4d-20d2-4104-abcc-02e6288f3ffc@group-62509A8A5C15-LeaderElection279: Election REJECTED; received 2 response(s) [d2424f4d-20d2-4104-abcc-02e6288f3ffc<-3909bd6a-278d-4911-9d70-32680c972d02#0:FAIL-t304, d2424f4d-20d2-4104-abcc-02e6288f3ffc<-7c510082-4284-44ef-8cd9-bb38fb15579f#0:FAIL-t304] and 0 exception(s); d2424f4d-20d2-4104-abcc-02e6288f3ffc@group-62509A8A5C15:t304, leader=null, voted=d2424f4d-20d2-4104-abcc-02e6288f3ffc, raftlog=d2424f4d-20d2-4104-abcc-02e6288f3ffc@group-62509A8A5C15-SegmentedRaftLog:OPENED:c-1,f-1,i0, conf=-1: [3909bd6a-278d-4911-9d70-32680c972d02:192.168.157.223:33343, d2424f4d-20d2-4104-abcc-02e6288f3ffc:192.168.157.223:39352, 7c510082-4284-44ef-8cd9-bb38fb15579f:192.168.157.223:33098], old=null
2019-10-17 21:16:07,573 [d2424f4d-20d2-4104-abcc-02e6288f3ffc@group-62509A8A5C15-LeaderElection279] INFO  impl.RaftServerImpl (RaftServerImpl.java:setRole(184)) - d2424f4d-20d2-4104-abcc-02e6288f3ffc@group-62509A8A5C15: changes role from CANDIDATE to FOLLOWER at term 304 for DISCOVERED_A_NEW_TERM
2019-10-17 21:16:07,573 [d2424f4d-20d2-4104-abcc-02e6288f3ffc@group-62509A8A5C15-LeaderElection279] INFO  impl.RoleInfo (RoleInfo.java:shutdownLeaderElection(134)) - d2424f4d-20d2-4104-abcc-02e6288f3ffc: shutdown LeaderElection
2019-10-17 21:16:07,573 [d2424f4d-20d2-4104-abcc-02e6288f3ffc@group-62509A8A5C15-LeaderElection279] INFO  impl.RoleInfo (RoleInfo.java:updateAndGet(143)) - d2424f4d-20d2-4104-abcc-02e6288f3ffc: start FollowerState
2019-10-17 21:16:07,668 [Thread-2089] INFO  impl.FollowerState (FollowerState.java:run(108)) - d2424f4d-20d2-4104-abcc-02e6288f3ffc@group-62509A8A5C15-FollowerState: change to CANDIDATE, lastRpcTime:95ms, electionTimeout:95ms
2019-10-17 21:16:07,668 [Thread-2089] INFO  impl.RoleInfo (RoleInfo.java:shutdownFollowerState(121)) - d2424f4d-20d2-4104-abcc-02e6288f3ffc: shutdown FollowerState
2019-10-17 21:16:07,669 [Thread-2089] INFO  impl.RaftServerImpl (RaftServerImpl.java:setRole(184)) - d2424f4d-20d2-4104-abcc-02e6288f3ffc@group-62509A8A5C15: changes role from  FOLLOWER to CANDIDATE at term 304 for changeToCandidate
2019-10-17 21:16:07,669 [Thread-2089] INFO  impl.RoleInfo (RoleInfo.java:updateAndGet(143)) - d2424f4d-20d2-4104-abcc-02e6288f3ffc: start LeaderElection
2019-10-17 21:16:07,683 [d2424f4d-20d2-4104-abcc-02e6288f3ffc@group-62509A8A5C15-LeaderElection280] INFO  impl.LeaderElection (LeaderElection.java:askForVotes(178)) - d2424f4d-20d2-4104-abcc-02e6288f3ffc@group-62509A8A5C15-LeaderElection280: begin an election at term 305 for -1: [3909bd6a-278d-4911-9d70-32680c972d02:192.168.157.223:33343, d2424f4d-20d2-4104-abcc-02e6288f3ffc:192.168.157.223:39352, 7c510082-4284-44ef-8cd9-bb38fb15579f:192.168.157.223:33098], old=null
2019-10-17 21:16:07,685 [grpc-default-executor-6] INFO  impl.RaftServerImpl (RaftServerImpl.java:setRole(184)) - 3909bd6a-278d-4911-9d70-32680c972d02@group-62509A8A5C15: changes role from  FOLLOWER to FOLLOWER at term 305 for recognizeCandidate:d2424f4d-20d2-4104-abcc-02e6288f3ffc
2019-10-17 21:16:07,685 [grpc-default-executor-6] INFO  impl.RoleInfo (RoleInfo.java:shutdownFollowerState(121)) - 3909bd6a-278d-4911-9d70-32680c972d02: shutdown FollowerState
2019-10-17 21:16:07,685 [grpc-default-executor-6] INFO  impl.RoleInfo (RoleInfo.java:updateAndGet(143)) - 3909bd6a-278d-4911-9d70-32680c972d02: start FollowerState
2019-10-17 21:16:07,686 [grpc-default-executor-4] INFO  impl.RaftServerImpl (RaftServerImpl.java:setRole(184)) - 7c510082-4284-44ef-8cd9-bb38fb15579f@group-62509A8A5C15: changes role from  FOLLOWER to FOLLOWER at term 305 for recognizeCandidate:d2424f4d-20d2-4104-abcc-02e6288f3ffc
2019-10-17 21:16:07,686 [grpc-default-executor-4] INFO  impl.RoleInfo (RoleInfo.java:shutdownFollowerState(121)) - 7c510082-4284-44ef-8cd9-bb38fb15579f: shutdown FollowerState
2019-10-17 21:16:07,685 [Thread-2087] INFO  impl.FollowerState (FollowerState.java:run(117)) - 3909bd6a-278d-4911-9d70-32680c972d02@group-62509A8A5C15-FollowerState was interrupted: java.lang.InterruptedException: sleep interrupted
2019-10-17 21:16:07,686 [Thread-2088] INFO  impl.FollowerState (FollowerState.java:run(117)) - 7c510082-4284-44ef-8cd9-bb38fb15579f@group-62509A8A5C15-FollowerState was interrupted: java.lang.InterruptedException: sleep interrupted
2019-10-17 21:16:07,686 [grpc-default-executor-4] INFO  impl.RoleInfo (RoleInfo.java:updateAndGet(143)) - 7c510082-4284-44ef-8cd9-bb38fb15579f: start FollowerState
2019-10-17 21:16:07,712 [d2424f4d-20d2-4104-abcc-02e6288f3ffc@group-62509A8A5C15-LeaderElection280] INFO  impl.LeaderElection (LeaderElection.java:logAndReturn(56)) - d2424f4d-20d2-4104-abcc-02e6288f3ffc@group-62509A8A5C15-LeaderElection280: Election REJECTED; received 2 response(s) [d2424f4d-20d2-4104-abcc-02e6288f3ffc<-3909bd6a-278d-4911-9d70-32680c972d02#0:FAIL-t305, d2424f4d-20d2-4104-abcc-02e6288f3ffc<-7c510082-4284-44ef-8cd9-bb38fb15579f#0:FAIL-t305] and 0 exception(s); d2424f4d-20d2-4104-abcc-02e6288f3ffc@group-62509A8A5C15:t305, leader=null, voted=d2424f4d-20d2-4104-abcc-02e6288f3ffc, raftlog=d2424f4d-20d2-4104-abcc-02e6288f3ffc@group-62509A8A5C15-SegmentedRaftLog:OPENED:c-1,f-1,i0, conf=-1: [3909bd6a-278d-4911-9d70-32680c972d02:192.168.157.223:33343, d2424f4d-20d2-4104-abcc-02e6288f3ffc:192.168.157.223:39352, 7c510082-4284-44ef-8cd9-bb38fb15579f:192.168.157.223:33098], old=null
2019-10-17 21:16:07,713 [d2424f4d-20d2-4104-abcc-02e6288f3ffc@group-62509A8A5C15-LeaderElection280] INFO  impl.RaftServerImpl (RaftServerImpl.java:setRole(184)) - d2424f4d-20d2-4104-abcc-02e6288f3ffc@group-62509A8A5C15: changes role from CANDIDATE to FOLLOWER at term 305 for DISCOVERED_A_NEW_TERM
2019-10-17 21:16:07,713 [d2424f4d-20d2-4104-abcc-02e6288f3ffc@group-62509A8A5C15-LeaderElection280] INFO  impl.RoleInfo (RoleInfo.java:shutdownLeaderElection(134)) - d2424f4d-20d2-4104-abcc-02e6288f3ffc: shutdown LeaderElection
2019-10-17 21:16:07,713 [d2424f4d-20d2-4104-abcc-02e6288f3ffc@group-62509A8A5C15-LeaderElection280] INFO  impl.RoleInfo (RoleInfo.java:updateAndGet(143)) - d2424f4d-20d2-4104-abcc-02e6288f3ffc: start FollowerState
2019-10-17 21:16:07,750 [Thread-2096] INFO  impl.FollowerState (FollowerState.java:run(108)) - d2424f4d-20d2-4104-abcc-02e6288f3ffc@group-62509A8A5C15-FollowerState: change to CANDIDATE, lastRpcTime:37ms, electionTimeout:37ms
2019-10-17 21:16:07,750 [Thread-2096] INFO  impl.RoleInfo (RoleInfo.java:shutdownFollowerState(121)) - d2424f4d-20d2-4104-abcc-02e6288f3ffc: shutdown FollowerState
2019-10-17 21:16:07,750 [Thread-2096] INFO  impl.RaftServerImpl (RaftServerImpl.java:setRole(184)) - d2424f4d-20d2-4104-abcc-02e6288f3ffc@group-62509A8A5C15: changes role from  FOLLOWER to CANDIDATE at term 305 for changeToCandidate
2019-10-17 21:16:07,751 [Thread-2096] INFO  impl.RoleInfo (RoleInfo.java:updateAndGet(143)) - d2424f4d-20d2-4104-abcc-02e6288f3ffc: start LeaderElection
2019-10-17 21:16:07,776 [d2424f4d-20d2-4104-abcc-02e6288f3ffc@group-62509A8A5C15-LeaderElection281] INFO  impl.LeaderElection (LeaderElection.java:askForVotes(178)) - d2424f4d-20d2-4104-abcc-02e6288f3ffc@group-62509A8A5C15-LeaderElection281: begin an election at term 306 for -1: [3909bd6a-278d-4911-9d70-32680c972d02:192.168.157.223:33343, d2424f4d-20d2-4104-abcc-02e6288f3ffc:192.168.157.223:39352, 7c510082-4284-44ef-8cd9-bb38fb15579f:192.168.157.223:33098], old=null
2019-10-17 21:16:07,778 [grpc-default-executor-4] INFO  impl.RaftServerImpl (RaftServerImpl.java:setRole(184)) - 3909bd6a-278d-4911-9d70-32680c972d02@group-62509A8A5C15: changes role from  FOLLOWER to FOLLOWER at term 306 for recognizeCandidate:d2424f4d-20d2-4104-abcc-02e6288f3ffc
2019-10-17 21:16:07,778 [grpc-default-executor-4] INFO  impl.RoleInfo (RoleInfo.java:shutdownFollowerState(121)) - 3909bd6a-278d-4911-9d70-32680c972d02: shutdown FollowerState
2019-10-17 21:16:07,778 [grpc-default-executor-4] INFO  impl.RoleInfo (RoleInfo.java:updateAndGet(143)) - 3909bd6a-278d-4911-9d70-32680c972d02: start FollowerState
2019-10-17 21:16:07,779 [Thread-2094] INFO  impl.FollowerState (FollowerState.java:run(117)) - 3909bd6a-278d-4911-9d70-32680c972d02@group-62509A8A5C15-FollowerState was interrupted: java.lang.InterruptedException: sleep interrupted
2019-10-17 21:16:07,779 [grpc-default-executor-6] INFO  impl.RaftServerImpl (RaftServerImpl.java:setRole(184)) - 7c510082-4284-44ef-8cd9-bb38fb15579f@group-62509A8A5C15: changes role from  FOLLOWER to FOLLOWER at term 306 for recognizeCandidate:d2424f4d-20d2-4104-abcc-02e6288f3ffc
2019-10-17 21:16:07,779 [grpc-default-executor-6] INFO  impl.RoleInfo (RoleInfo.java:shutdownFollowerState(121)) - 7c510082-4284-44ef-8cd9-bb38fb15579f: shutdown FollowerState
2019-10-17 21:16:07,779 [grpc-default-executor-6] INFO  impl.RoleInfo (RoleInfo.java:updateAndGet(143)) - 7c510082-4284-44ef-8cd9-bb38fb15579f: start FollowerState
2019-10-17 21:16:07,780 [Thread-2095] INFO  impl.FollowerState (FollowerState.java:run(117)) - 7c510082-4284-44ef-8cd9-bb38fb15579f@group-62509A8A5C15-FollowerState was interrupted: java.lang.InterruptedException: sleep interrupted
2019-10-17 21:16:07,795 [d2424f4d-20d2-4104-abcc-02e6288f3ffc@group-62509A8A5C15-LeaderElection281] INFO  impl.LeaderElection (LeaderElection.java:logAndReturn(56)) - d2424f4d-20d2-4104-abcc-02e6288f3ffc@group-62509A8A5C15-LeaderElection281: Election REJECTED; received 2 response(s) [d2424f4d-20d2-4104-abcc-02e6288f3ffc<-3909bd6a-278d-4911-9d70-32680c972d02#0:FAIL-t306, d2424f4d-20d2-4104-abcc-02e6288f3ffc<-7c510082-4284-44ef-8cd9-bb38fb15579f#0:FAIL-t306] and 0 exception(s); d2424f4d-20d2-4104-abcc-02e6288f3ffc@group-62509A8A5C15:t306, leader=null, voted=d2424f4d-20d2-4104-abcc-02e6288f3ffc, raftlog=d2424f4d-20d2-4104-abcc-02e6288f3ffc@group-62509A8A5C15-SegmentedRaftLog:OPENED:c-1,f-1,i0, conf=-1: [3909bd6a-278d-4911-9d70-32680c972d02:192.168.157.223:33343, d2424f4d-20d2-4104-abcc-02e6288f3ffc:192.168.157.223:39352, 7c510082-4284-44ef-8cd9-bb38fb15579f:192.168.157.223:33098], old=null
2019-10-17 21:16:07,795 [d2424f4d-20d2-4104-abcc-02e6288f3ffc@group-62509A8A5C15-LeaderElection281] INFO  impl.RaftServerImpl (RaftServerImpl.java:setRole(184)) - d2424f4d-20d2-4104-abcc-02e6288f3ffc@group-62509A8A5C15: changes role from CANDIDATE to FOLLOWER at term 306 for DISCOVERED_A_NEW_TERM
2019-10-17 21:16:07,795 [d2424f4d-20d2-4104-abcc-02e6288f3ffc@group-62509A8A5C15-LeaderElection281] INFO  impl.RoleInfo (RoleInfo.java:shutdownLeaderElection(134)) - d2424f4d-20d2-4104-abcc-02e6288f3ffc: shutdown LeaderElection
2019-10-17 21:16:07,795 [d2424f4d-20d2-4104-abcc-02e6288f3ffc@group-62509A8A5C15-LeaderElection281] INFO  impl.RoleInfo (RoleInfo.java:updateAndGet(143)) - d2424f4d-20d2-4104-abcc-02e6288f3ffc: start FollowerState
2019-10-17 21:16:07,867 [Thread-2102] INFO  impl.FollowerState (FollowerState.java:run(108)) - d2424f4d-20d2-4104-abcc-02e6288f3ffc@group-62509A8A5C15-FollowerState: change to CANDIDATE, lastRpcTime:71ms, electionTimeout:71ms
2019-10-17 21:16:07,867 [Thread-2102] INFO  impl.RoleInfo (RoleInfo.java:shutdownFollowerState(121)) - d2424f4d-20d2-4104-abcc-02e6288f3ffc: shutdown FollowerState
2019-10-17 21:16:07,867 [Thread-2102] INFO  impl.RaftServerImpl (RaftServerImpl.java:setRole(184)) - d2424f4d-20d2-4104-abcc-02e6288f3ffc@group-62509A8A5C15: changes role from  FOLLOWER to CANDIDATE at term 306 for changeToCandidate
2019-10-17 21:16:07,867 [Thread-2102] INFO  impl.RoleInfo (RoleInfo.java:updateAndGet(143)) - d2424f4d-20d2-4104-abcc-02e6288f3ffc: start LeaderElection
2019-10-17 21:16:07,882 [d2424f4d-20d2-4104-abcc-02e6288f3ffc@group-62509A8A5C15-LeaderElection282] INFO  impl.LeaderElection (LeaderElection.java:askForVotes(178)) - d2424f4d-20d2-4104-abcc-02e6288f3ffc@group-62509A8A5C15-LeaderElection282: begin an election at term 307 for -1: [3909bd6a-278d-4911-9d70-32680c972d02:192.168.157.223:33343, d2424f4d-20d2-4104-abcc-02e6288f3ffc:192.168.157.223:39352, 7c510082-4284-44ef-8cd9-bb38fb15579f:192.168.157.223:33098], old=null
2019-10-17 21:16:07,884 [grpc-default-executor-4] INFO  impl.RaftServerImpl (RaftServerImpl.java:setRole(184)) - 3909bd6a-278d-4911-9d70-32680c972d02@group-62509A8A5C15: changes role from  FOLLOWER to FOLLOWER at term 307 for recognizeCandidate:d2424f4d-20d2-4104-abcc-02e6288f3ffc
2019-10-17 21:16:07,884 [grpc-default-executor-4] INFO  impl.RoleInfo (RoleInfo.java:shutdownFollowerState(121)) - 3909bd6a-278d-4911-9d70-32680c972d02: shutdown FollowerState
2019-10-17 21:16:07,885 [grpc-default-executor-4] INFO  impl.RoleInfo (RoleInfo.java:updateAndGet(143)) - 3909bd6a-278d-4911-9d70-32680c972d02: start FollowerState
2019-10-17 21:16:07,885 [Thread-2100] INFO  impl.FollowerState (FollowerState.java:run(117)) - 3909bd6a-278d-4911-9d70-32680c972d02@group-62509A8A5C15-FollowerState was interrupted: java.lang.InterruptedException: sleep interrupted
2019-10-17 21:16:07,885 [grpc-default-executor-6] INFO  impl.RaftServerImpl (RaftServerImpl.java:setRole(184)) - 7c510082-4284-44ef-8cd9-bb38fb15579f@group-62509A8A5C15: changes role from  FOLLOWER to FOLLOWER at term 307 for recognizeCandidate:d2424f4d-20d2-4104-abcc-02e6288f3ffc
2019-10-17 21:16:07,885 [grpc-default-executor-6] INFO  impl.RoleInfo (RoleInfo.java:shutdownFollowerState(121)) - 7c510082-4284-44ef-8cd9-bb38fb15579f: shutdown FollowerState
2019-10-17 21:16:07,885 [grpc-default-executor-6] INFO  impl.RoleInfo (RoleInfo.java:updateAndGet(143)) - 7c510082-4284-44ef-8cd9-bb38fb15579f: start FollowerState
2019-10-17 21:16:07,885 [Thread-2101] INFO  impl.FollowerState (FollowerState.java:run(117)) - 7c510082-4284-44ef-8cd9-bb38fb15579f@group-62509A8A5C15-FollowerState was interrupted: java.lang.InterruptedException: sleep interrupted
2019-10-17 21:16:07,911 [d2424f4d-20d2-4104-abcc-02e6288f3ffc@group-62509A8A5C15-LeaderElection282] INFO  impl.LeaderElection (LeaderElection.java:logAndReturn(56)) - d2424f4d-20d2-4104-abcc-02e6288f3ffc@group-62509A8A5C15-LeaderElection282: Election REJECTED; received 2 response(s) [d2424f4d-20d2-4104-abcc-02e6288f3ffc<-3909bd6a-278d-4911-9d70-32680c972d02#0:FAIL-t307, d2424f4d-20d2-4104-abcc-02e6288f3ffc<-7c510082-4284-44ef-8cd9-bb38fb15579f#0:FAIL-t307] and 0 exception(s); d2424f4d-20d2-4104-abcc-02e6288f3ffc@group-62509A8A5C15:t307, leader=null, voted=d2424f4d-20d2-4104-abcc-02e6288f3ffc, raftlog=d2424f4d-20d2-4104-abcc-02e6288f3ffc@group-62509A8A5C15-SegmentedRaftLog:OPENED:c-1,f-1,i0, conf=-1: [3909bd6a-278d-4911-9d70-32680c972d02:192.168.157.223:33343, d2424f4d-20d2-4104-abcc-02e6288f3ffc:192.168.157.223:39352, 7c510082-4284-44ef-8cd9-bb38fb15579f:192.168.157.223:33098], old=null
2019-10-17 21:16:07,911 [d2424f4d-20d2-4104-abcc-02e6288f3ffc@group-62509A8A5C15-LeaderElection282] INFO  impl.RaftServerImpl (RaftServerImpl.java:setRole(184)) - d2424f4d-20d2-4104-abcc-02e6288f3ffc@group-62509A8A5C15: changes role from CANDIDATE to FOLLOWER at term 307 for DISCOVERED_A_NEW_TERM
2019-10-17 21:16:07,911 [d2424f4d-20d2-4104-abcc-02e6288f3ffc@group-62509A8A5C15-LeaderElection282] INFO  impl.RoleInfo (RoleInfo.java:shutdownLeaderElection(134)) - d2424f4d-20d2-4104-abcc-02e6288f3ffc: shutdown LeaderElection
2019-10-17 21:16:07,911 [d2424f4d-20d2-4104-abcc-02e6288f3ffc@group-62509A8A5C15-LeaderElection282] INFO  impl.RoleInfo (RoleInfo.java:updateAndGet(143)) - d2424f4d-20d2-4104-abcc-02e6288f3ffc: start FollowerState
2019-10-17 21:16:07,939 [Thread-2108] INFO  impl.FollowerState (FollowerState.java:run(108)) - d2424f4d-20d2-4104-abcc-02e6288f3ffc@group-62509A8A5C15-FollowerState: change to CANDIDATE, lastRpcTime:27ms, electionTimeout:27ms
2019-10-17 21:16:07,939 [Thread-2108] INFO  impl.RoleInfo (RoleInfo.java:shutdownFollowerState(121)) - d2424f4d-20d2-4104-abcc-02e6288f3ffc: shutdown FollowerState
2019-10-17 21:16:07,939 [Thread-2108] INFO  impl.RaftServerImpl (RaftServerImpl.java:setRole(184)) - d2424f4d-20d2-4104-abcc-02e6288f3ffc@group-62509A8A5C15: changes role from  FOLLOWER to CANDIDATE at term 307 for changeToCandidate
2019-10-17 21:16:07,939 [Thread-2108] INFO  impl.RoleInfo (RoleInfo.java:updateAndGet(143)) - d2424f4d-20d2-4104-abcc-02e6288f3ffc: start LeaderElection
2019-10-17 21:16:07,952 [d2424f4d-20d2-4104-abcc-02e6288f3ffc@group-62509A8A5C15-LeaderElection283] INFO  impl.LeaderElection (LeaderElection.java:askForVotes(178)) - d2424f4d-20d2-4104-abcc-02e6288f3ffc@group-62509A8A5C15-LeaderElection283: begin an election at term 308 for -1: [3909bd6a-278d-4911-9d70-32680c972d02:192.168.157.223:33343, d2424f4d-20d2-4104-abcc-02e6288f3ffc:192.168.157.223:39352, 7c510082-4284-44ef-8cd9-bb38fb15579f:192.168.157.223:33098], old=null
2019-10-17 21:16:07,954 [grpc-default-executor-4] INFO  impl.RaftServerImpl (RaftServerImpl.java:setRole(184)) - 3909bd6a-278d-4911-9d70-32680c972d02@group-62509A8A5C15: changes role from  FOLLOWER to FOLLOWER at term 308 for recognizeCandidate:d2424f4d-20d2-4104-abcc-02e6288f3ffc
2019-10-17 21:16:07,954 [grpc-default-executor-4] INFO  impl.RoleInfo (RoleInfo.java:shutdownFollowerState(121)) - 3909bd6a-278d-4911-9d70-32680c972d02: shutdown FollowerState
2019-10-17 21:16:07,955 [grpc-default-executor-4] INFO  impl.RoleInfo (RoleInfo.java:updateAndGet(143)) - 3909bd6a-278d-4911-9d70-32680c972d02: start FollowerState
2019-10-17 21:16:07,955 [Thread-2106] INFO  impl.FollowerState (FollowerState.java:run(117)) - 3909bd6a-278d-4911-9d70-32680c972d02@group-62509A8A5C15-FollowerState was interrupted: java.lang.InterruptedException: sleep interrupted
2019-10-17 21:16:07,955 [grpc-default-executor-6] INFO  impl.RaftServerImpl (RaftServerImpl.java:setRole(184)) - 7c510082-4284-44ef-8cd9-bb38fb15579f@group-62509A8A5C15: changes role from  FOLLOWER to FOLLOWER at term 308 for recognizeCandidate:d2424f4d-20d2-4104-abcc-02e6288f3ffc
2019-10-17 21:16:07,955 [grpc-default-executor-6] INFO  impl.RoleInfo (RoleInfo.java:shutdownFollowerState(121)) - 7c510082-4284-44ef-8cd9-bb38fb15579f: shutdown FollowerState
2019-10-17 21:16:07,955 [grpc-default-executor-6] INFO  impl.RoleInfo (RoleInfo.java:updateAndGet(143)) - 7c510082-4284-44ef-8cd9-bb38fb15579f: start FollowerState
2019-10-17 21:16:07,955 [Thread-2107] INFO  impl.FollowerState (FollowerState.java:run(117)) - 7c510082-4284-44ef-8cd9-bb38fb15579f@group-62509A8A5C15-FollowerState was interrupted: java.lang.InterruptedException: sleep interrupted
2019-10-17 21:16:07,979 [d2424f4d-20d2-4104-abcc-02e6288f3ffc@group-62509A8A5C15-LeaderElection283] INFO  impl.LeaderElection (LeaderElection.java:logAndReturn(56)) - d2424f4d-20d2-4104-abcc-02e6288f3ffc@group-62509A8A5C15-LeaderElection283: Election REJECTED; received 2 response(s) [d2424f4d-20d2-4104-abcc-02e6288f3ffc<-3909bd6a-278d-4911-9d70-32680c972d02#0:FAIL-t308, d2424f4d-20d2-4104-abcc-02e6288f3ffc<-7c510082-4284-44ef-8cd9-bb38fb15579f#0:FAIL-t308] and 0 exception(s); d2424f4d-20d2-4104-abcc-02e6288f3ffc@group-62509A8A5C15:t308, leader=null, voted=d2424f4d-20d2-4104-abcc-02e6288f3ffc, raftlog=d2424f4d-20d2-4104-abcc-02e6288f3ffc@group-62509A8A5C15-SegmentedRaftLog:OPENED:c-1,f-1,i0, conf=-1: [3909bd6a-278d-4911-9d70-32680c972d02:192.168.157.223:33343, d2424f4d-20d2-4104-abcc-02e6288f3ffc:192.168.157.223:39352, 7c510082-4284-44ef-8cd9-bb38fb15579f:192.168.157.223:33098], old=null
2019-10-17 21:16:07,979 [d2424f4d-20d2-4104-abcc-02e6288f3ffc@group-62509A8A5C15-LeaderElection283] INFO  impl.RaftServerImpl (RaftServerImpl.java:setRole(184)) - d2424f4d-20d2-4104-abcc-02e6288f3ffc@group-62509A8A5C15: changes role from CANDIDATE to FOLLOWER at term 308 for DISCOVERED_A_NEW_TERM
2019-10-17 21:16:07,979 [d2424f4d-20d2-4104-abcc-02e6288f3ffc@group-62509A8A5C15-LeaderElection283] INFO  impl.RoleInfo (RoleInfo.java:shutdownLeaderElection(134)) - d2424f4d-20d2-4104-abcc-02e6288f3ffc: shutdown LeaderElection
2019-10-17 21:16:07,980 [d2424f4d-20d2-4104-abcc-02e6288f3ffc@group-62509A8A5C15-LeaderElection283] INFO  impl.RoleInfo (RoleInfo.java:updateAndGet(143)) - d2424f4d-20d2-4104-abcc-02e6288f3ffc: start FollowerState
2019-10-17 21:16:08,119 [Thread-2114] INFO  impl.FollowerState (FollowerState.java:run(108)) - d2424f4d-20d2-4104-abcc-02e6288f3ffc@group-62509A8A5C15-FollowerState: change to CANDIDATE, lastRpcTime:139ms, electionTimeout:139ms
2019-10-17 21:16:08,119 [Thread-2114] INFO  impl.RoleInfo (RoleInfo.java:shutdownFollowerState(121)) - d2424f4d-20d2-4104-abcc-02e6288f3ffc: shutdown FollowerState
2019-10-17 21:16:08,119 [Thread-2114] INFO  impl.RaftServerImpl (RaftServerImpl.java:setRole(184)) - d2424f4d-20d2-4104-abcc-02e6288f3ffc@group-62509A8A5C15: changes role from  FOLLOWER to CANDIDATE at term 308 for changeToCandidate
2019-10-17 21:16:08,120 [Thread-2114] INFO  impl.RoleInfo (RoleInfo.java:updateAndGet(143)) - d2424f4d-20d2-4104-abcc-02e6288f3ffc: start LeaderElection
2019-10-17 21:16:08,133 [d2424f4d-20d2-4104-abcc-02e6288f3ffc@group-62509A8A5C15-LeaderElection284] INFO  impl.LeaderElection (LeaderElection.java:askForVotes(178)) - d2424f4d-20d2-4104-abcc-02e6288f3ffc@group-62509A8A5C15-LeaderElection284: begin an election at term 309 for -1: [3909bd6a-278d-4911-9d70-32680c972d02:192.168.157.223:33343, d2424f4d-20d2-4104-abcc-02e6288f3ffc:192.168.157.223:39352, 7c510082-4284-44ef-8cd9-bb38fb15579f:192.168.157.223:33098], old=null
2019-10-17 21:16:08,135 [grpc-default-executor-6] INFO  impl.RaftServerImpl (RaftServerImpl.java:setRole(184)) - 3909bd6a-278d-4911-9d70-32680c972d02@group-62509A8A5C15: changes role from  FOLLOWER to FOLLOWER at term 309 for recognizeCandidate:d2424f4d-20d2-4104-abcc-02e6288f3ffc
2019-10-17 21:16:08,135 [grpc-default-executor-4] INFO  impl.RaftServerImpl (RaftServerImpl.java:setRole(184)) - 7c510082-4284-44ef-8cd9-bb38fb15579f@group-62509A8A5C15: changes role from  FOLLOWER to FOLLOWER at term 309 for recognizeCandidate:d2424f4d-20d2-4104-abcc-02e6288f3ffc
2019-10-17 21:16:08,135 [grpc-default-executor-6] INFO  impl.RoleInfo (RoleInfo.java:shutdownFollowerState(121)) - 3909bd6a-278d-4911-9d70-32680c972d02: shutdown FollowerState
2019-10-17 21:16:08,135 [grpc-default-executor-4] INFO  impl.RoleInfo (RoleInfo.java:shutdownFollowerState(121)) - 7c510082-4284-44ef-8cd9-bb38fb15579f: shutdown FollowerState
2019-10-17 21:16:08,136 [Thread-2112] INFO  impl.FollowerState (FollowerState.java:run(117)) - 3909bd6a-278d-4911-9d70-32680c972d02@group-62509A8A5C15-FollowerState was interrupted: java.lang.InterruptedException: sleep interrupted
2019-10-17 21:16:08,136 [grpc-default-executor-6] INFO  impl.RoleInfo (RoleInfo.java:updateAndGet(143)) - 3909bd6a-278d-4911-9d70-32680c972d02: start FollowerState
2019-10-17 21:16:08,136 [Thread-2113] INFO  impl.FollowerState (FollowerState.java:run(117)) - 7c510082-4284-44ef-8cd9-bb38fb15579f@group-62509A8A5C15-FollowerState was interrupted: java.lang.InterruptedException: sleep interrupted
2019-10-17 21:16:08,136 [grpc-default-executor-4] INFO  impl.RoleInfo (RoleInfo.java:updateAndGet(143)) - 7c510082-4284-44ef-8cd9-bb38fb15579f: start FollowerState
2019-10-17 21:16:08,156 [d2424f4d-20d2-4104-abcc-02e6288f3ffc@group-62509A8A5C15-LeaderElection284] INFO  impl.LeaderElection (LeaderElection.java:logAndReturn(56)) - d2424f4d-20d2-4104-abcc-02e6288f3ffc@group-62509A8A5C15-LeaderElection284: Election REJECTED; received 2 response(s) [d2424f4d-20d2-4104-abcc-02e6288f3ffc<-3909bd6a-278d-4911-9d70-32680c972d02#0:FAIL-t309, d2424f4d-20d2-4104-abcc-02e6288f3ffc<-7c510082-4284-44ef-8cd9-bb38fb15579f#0:FAIL-t309] and 0 exception(s); d2424f4d-20d2-4104-abcc-02e6288f3ffc@group-62509A8A5C15:t309, leader=null, voted=d2424f4d-20d2-4104-abcc-02e6288f3ffc, raftlog=d2424f4d-20d2-4104-abcc-02e6288f3ffc@group-62509A8A5C15-SegmentedRaftLog:OPENED:c-1,f-1,i0, conf=-1: [3909bd6a-278d-4911-9d70-32680c972d02:192.168.157.223:33343, d2424f4d-20d2-4104-abcc-02e6288f3ffc:192.168.157.223:39352, 7c510082-4284-44ef-8cd9-bb38fb15579f:192.168.157.223:33098], old=null
2019-10-17 21:16:08,156 [d2424f4d-20d2-4104-abcc-02e6288f3ffc@group-62509A8A5C15-LeaderElection284] INFO  impl.RaftServerImpl (RaftServerImpl.java:setRole(184)) - d2424f4d-20d2-4104-abcc-02e6288f3ffc@group-62509A8A5C15: changes role from CANDIDATE to FOLLOWER at term 309 for DISCOVERED_A_NEW_TERM
2019-10-17 21:16:08,156 [d2424f4d-20d2-4104-abcc-02e6288f3ffc@group-62509A8A5C15-LeaderElection284] INFO  impl.RoleInfo (RoleInfo.java:shutdownLeaderElection(134)) - d2424f4d-20d2-4104-abcc-02e6288f3ffc: shutdown LeaderElection
2019-10-17 21:16:08,156 [d2424f4d-20d2-4104-abcc-02e6288f3ffc@group-62509A8A5C15-LeaderElection284] INFO  impl.RoleInfo (RoleInfo.java:updateAndGet(143)) - d2424f4d-20d2-4104-abcc-02e6288f3ffc: start FollowerState
2019-10-17 21:16:08,205 [Thread-2122] INFO  impl.FollowerState (FollowerState.java:run(108)) - d2424f4d-20d2-4104-abcc-02e6288f3ffc@group-62509A8A5C15-FollowerState: change to CANDIDATE, lastRpcTime:48ms, electionTimeout:48ms
2019-10-17 21:16:08,205 [Thread-2122] INFO  impl.RoleInfo (RoleInfo.java:shutdownFollowerState(121)) - d2424f4d-20d2-4104-abcc-02e6288f3ffc: shutdown FollowerState
2019-10-17 21:16:08,205 [Thread-2122] INFO  impl.RaftServerImpl (RaftServerImpl.java:setRole(184)) - d2424f4d-20d2-4104-abcc-02e6288f3ffc@group-62509A8A5C15: changes role from  FOLLOWER to CANDIDATE at term 309 for changeToCandidate
2019-10-17 21:16:08,205 [Thread-2122] INFO  impl.RoleInfo (RoleInfo.java:updateAndGet(143)) - d2424f4d-20d2-4104-abcc-02e6288f3ffc: start LeaderElection
2019-10-17 21:16:08,220 [d2424f4d-20d2-4104-abcc-02e6288f3ffc@group-62509A8A5C15-LeaderElection285] INFO  impl.LeaderElection (LeaderElection.java:askForVotes(178)) - d2424f4d-20d2-4104-abcc-02e6288f3ffc@group-62509A8A5C15-LeaderElection285: begin an election at term 310 for -1: [3909bd6a-278d-4911-9d70-32680c972d02:192.168.157.223:33343, d2424f4d-20d2-4104-abcc-02e6288f3ffc:192.168.157.223:39352, 7c510082-4284-44ef-8cd9-bb38fb15579f:192.168.157.223:33098], old=null
2019-10-17 21:16:08,222 [grpc-default-executor-2] INFO  impl.RaftServerImpl (RaftServerImpl.java:setRole(184)) - 3909bd6a-278d-4911-9d70-32680c972d02@group-62509A8A5C15: changes role from  FOLLOWER to FOLLOWER at term 310 for recognizeCandidate:d2424f4d-20d2-4104-abcc-02e6288f3ffc
2019-10-17 21:16:08,222 [grpc-default-executor-4] INFO  impl.RaftServerImpl (RaftServerImpl.java:setRole(184)) - 7c510082-4284-44ef-8cd9-bb38fb15579f@group-62509A8A5C15: changes role from  FOLLOWER to FOLLOWER at term 310 for recognizeCandidate:d2424f4d-20d2-4104-abcc-02e6288f3ffc
2019-10-17 21:16:08,222 [grpc-default-executor-2] INFO  impl.RoleInfo (RoleInfo.java:shutdownFollowerState(121)) - 3909bd6a-278d-4911-9d70-32680c972d02: shutdown FollowerState
2019-10-17 21:16:08,222 [grpc-default-executor-4] INFO  impl.RoleInfo (RoleInfo.java:shutdownFollowerState(121)) - 7c510082-4284-44ef-8cd9-bb38fb15579f: shutdown FollowerState
2019-10-17 21:16:08,222 [Thread-2119] INFO  impl.FollowerState (FollowerState.java:run(117)) - 3909bd6a-278d-4911-9d70-32680c972d02@group-62509A8A5C15-FollowerState was interrupted: java.lang.InterruptedException: sleep interrupted
2019-10-17 21:16:08,222 [grpc-default-executor-2] INFO  impl.RoleInfo (RoleInfo.java:updateAndGet(143)) - 3909bd6a-278d-4911-9d70-32680c972d02: start FollowerState
2019-10-17 21:16:08,223 [Thread-2120] INFO  impl.FollowerState (FollowerState.java:run(117)) - 7c510082-4284-44ef-8cd9-bb38fb15579f@group-62509A8A5C15-FollowerState was interrupted: java.lang.InterruptedException: sleep interrupted
2019-10-17 21:16:08,222 [grpc-default-executor-4] INFO  impl.RoleInfo (RoleInfo.java:updateAndGet(143)) - 7c510082-4284-44ef-8cd9-bb38fb15579f: start FollowerState
2019-10-17 21:16:08,237 [d2424f4d-20d2-4104-abcc-02e6288f3ffc@group-62509A8A5C15-LeaderElection285] INFO  impl.LeaderElection (LeaderElection.java:logAndReturn(56)) - d2424f4d-20d2-4104-abcc-02e6288f3ffc@group-62509A8A5C15-LeaderElection285: Election REJECTED; received 2 response(s) [d2424f4d-20d2-4104-abcc-02e6288f3ffc<-3909bd6a-278d-4911-9d70-32680c972d02#0:FAIL-t310, d2424f4d-20d2-4104-abcc-02e6288f3ffc<-7c510082-4284-44ef-8cd9-bb38fb15579f#0:FAIL-t310] and 0 exception(s); d2424f4d-20d2-4104-abcc-02e6288f3ffc@group-62509A8A5C15:t310, leader=null, voted=d2424f4d-20d2-4104-abcc-02e6288f3ffc, raftlog=d2424f4d-20d2-4104-abcc-02e6288f3ffc@group-62509A8A5C15-SegmentedRaftLog:OPENED:c-1,f-1,i0, conf=-1: [3909bd6a-278d-4911-9d70-32680c972d02:192.168.157.223:33343, d2424f4d-20d2-4104-abcc-02e6288f3ffc:192.168.157.223:39352, 7c510082-4284-44ef-8cd9-bb38fb15579f:192.168.157.223:33098], old=null
2019-10-17 21:16:08,238 [d2424f4d-20d2-4104-abcc-02e6288f3ffc@group-62509A8A5C15-LeaderElection285] INFO  impl.RaftServerImpl (RaftServerImpl.java:setRole(184)) - d2424f4d-20d2-4104-abcc-02e6288f3ffc@group-62509A8A5C15: changes role from CANDIDATE to FOLLOWER at term 310 for DISCOVERED_A_NEW_TERM
2019-10-17 21:16:08,238 [d2424f4d-20d2-4104-abcc-02e6288f3ffc@group-62509A8A5C15-LeaderElection285] INFO  impl.RoleInfo (RoleInfo.java:shutdownLeaderElection(134)) - d2424f4d-20d2-4104-abcc-02e6288f3ffc: shutdown LeaderElection
2019-10-17 21:16:08,238 [d2424f4d-20d2-4104-abcc-02e6288f3ffc@group-62509A8A5C15-LeaderElection285] INFO  impl.RoleInfo (RoleInfo.java:updateAndGet(143)) - d2424f4d-20d2-4104-abcc-02e6288f3ffc: start FollowerState
2019-10-17 21:16:08,321 [Thread-2128] INFO  impl.FollowerState (FollowerState.java:run(108)) - d2424f4d-20d2-4104-abcc-02e6288f3ffc@group-62509A8A5C15-FollowerState: change to CANDIDATE, lastRpcTime:83ms, electionTimeout:83ms
2019-10-17 21:16:08,321 [Thread-2128] INFO  impl.RoleInfo (RoleInfo.java:shutdownFollowerState(121)) - d2424f4d-20d2-4104-abcc-02e6288f3ffc: shutdown FollowerState
2019-10-17 21:16:08,322 [Thread-2128] INFO  impl.RaftServerImpl (RaftServerImpl.java:setRole(184)) - d2424f4d-20d2-4104-abcc-02e6288f3ffc@group-62509A8A5C15: changes role from  FOLLOWER to CANDIDATE at term 310 for changeToCandidate
2019-10-17 21:16:08,322 [Thread-2128] INFO  impl.RoleInfo (RoleInfo.java:updateAndGet(143)) - d2424f4d-20d2-4104-abcc-02e6288f3ffc: start LeaderElection
2019-10-17 21:16:08,335 [d2424f4d-20d2-4104-abcc-02e6288f3ffc@group-62509A8A5C15-LeaderElection286] INFO  impl.LeaderElection (LeaderElection.java:askForVotes(178)) - d2424f4d-20d2-4104-abcc-02e6288f3ffc@group-62509A8A5C15-LeaderElection286: begin an election at term 311 for -1: [3909bd6a-278d-4911-9d70-32680c972d02:192.168.157.223:33343, d2424f4d-20d2-4104-abcc-02e6288f3ffc:192.168.157.223:39352, 7c510082-4284-44ef-8cd9-bb38fb15579f:192.168.157.223:33098], old=null
2019-10-17 21:16:08,337 [grpc-default-executor-2] INFO  impl.RaftServerImpl (RaftServerImpl.java:setRole(184)) - 3909bd6a-278d-4911-9d70-32680c972d02@group-62509A8A5C15: changes role from  FOLLOWER to FOLLOWER at term 311 for recognizeCandidate:d2424f4d-20d2-4104-abcc-02e6288f3ffc
2019-10-17 21:16:08,337 [grpc-default-executor-2] INFO  impl.RoleInfo (RoleInfo.java:shutdownFollowerState(121)) - 3909bd6a-278d-4911-9d70-32680c972d02: shutdown FollowerState
2019-10-17 21:16:08,337 [grpc-default-executor-4] INFO  impl.RaftServerImpl (RaftServerImpl.java:setRole(184)) - 7c510082-4284-44ef-8cd9-bb38fb15579f@group-62509A8A5C15: changes role from  FOLLOWER to FOLLOWER at term 311 for recognizeCandidate:d2424f4d-20d2-4104-abcc-02e6288f3ffc
2019-10-17 21:16:08,337 [Thread-2126] INFO  impl.FollowerState (FollowerState.java:run(117)) - 3909bd6a-278d-4911-9d70-32680c972d02@group-62509A8A5C15-FollowerState was interrupted: java.lang.InterruptedException: sleep interrupted
2019-10-17 21:16:08,337 [grpc-default-executor-2] INFO  impl.RoleInfo (RoleInfo.java:updateAndGet(143)) - 3909bd6a-278d-4911-9d70-32680c972d02: start FollowerState
2019-10-17 21:16:08,337 [grpc-default-executor-4] INFO  impl.RoleInfo (RoleInfo.java:shutdownFollowerState(121)) - 7c510082-4284-44ef-8cd9-bb38fb15579f: shutdown FollowerState
2019-10-17 21:16:08,338 [grpc-default-executor-4] INFO  impl.RoleInfo (RoleInfo.java:updateAndGet(143)) - 7c510082-4284-44ef-8cd9-bb38fb15579f: start FollowerState
2019-10-17 21:16:08,338 [Thread-2127] INFO  impl.FollowerState (FollowerState.java:run(117)) - 7c510082-4284-44ef-8cd9-bb38fb15579f@group-62509A8A5C15-FollowerState was interrupted: java.lang.InterruptedException: sleep interrupted
2019-10-17 21:16:08,345 [d2424f4d-20d2-4104-abcc-02e6288f3ffc@group-62509A8A5C15-LeaderElection286] INFO  impl.LeaderElection (LeaderElection.java:logAndReturn(56)) - d2424f4d-20d2-4104-abcc-02e6288f3ffc@group-62509A8A5C15-LeaderElection286: Election REJECTED; received 2 response(s) [d2424f4d-20d2-4104-abcc-02e6288f3ffc<-3909bd6a-278d-4911-9d70-32680c972d02#0:FAIL-t311, d2424f4d-20d2-4104-abcc-02e6288f3ffc<-7c510082-4284-44ef-8cd9-bb38fb15579f#0:FAIL-t311] and 0 exception(s); d2424f4d-20d2-4104-abcc-02e6288f3ffc@group-62509A8A5C15:t311, leader=null, voted=d2424f4d-20d2-4104-abcc-02e6288f3ffc, raftlog=d2424f4d-20d2-4104-abcc-02e6288f3ffc@group-62509A8A5C15-SegmentedRaftLog:OPENED:c-1,f-1,i0, conf=-1: [3909bd6a-278d-4911-9d70-32680c972d02:192.168.157.223:33343, d2424f4d-20d2-4104-abcc-02e6288f3ffc:192.168.157.223:39352, 7c510082-4284-44ef-8cd9-bb38fb15579f:192.168.157.223:33098], old=null
2019-10-17 21:16:08,345 [d2424f4d-20d2-4104-abcc-02e6288f3ffc@group-62509A8A5C15-LeaderElection286] INFO  impl.RaftServerImpl (RaftServerImpl.java:setRole(184)) - d2424f4d-20d2-4104-abcc-02e6288f3ffc@group-62509A8A5C15: changes role from CANDIDATE to FOLLOWER at term 311 for DISCOVERED_A_NEW_TERM
2019-10-17 21:16:08,345 [d2424f4d-20d2-4104-abcc-02e6288f3ffc@group-62509A8A5C15-LeaderElection286] INFO  impl.RoleInfo (RoleInfo.java:shutdownLeaderElection(134)) - d2424f4d-20d2-4104-abcc-02e6288f3ffc: shutdown LeaderElection
2019-10-17 21:16:08,346 [d2424f4d-20d2-4104-abcc-02e6288f3ffc@group-62509A8A5C15-LeaderElection286] INFO  impl.RoleInfo (RoleInfo.java:updateAndGet(143)) - d2424f4d-20d2-4104-abcc-02e6288f3ffc: start FollowerState
2019-10-17 21:16:08,364 [Thread-2134] INFO  impl.FollowerState (FollowerState.java:run(108)) - d2424f4d-20d2-4104-abcc-02e6288f3ffc@group-62509A8A5C15-FollowerState: change to CANDIDATE, lastRpcTime:18ms, electionTimeout:18ms
2019-10-17 21:16:08,364 [Thread-2134] INFO  impl.RoleInfo (RoleInfo.java:shutdownFollowerState(121)) - d2424f4d-20d2-4104-abcc-02e6288f3ffc: shutdown FollowerState
2019-10-17 21:16:08,364 [Thread-2134] INFO  impl.RaftServerImpl (RaftServerImpl.java:setRole(184)) - d2424f4d-20d2-4104-abcc-02e6288f3ffc@group-62509A8A5C15: changes role from  FOLLOWER to CANDIDATE at term 311 for changeToCandidate
2019-10-17 21:16:08,364 [Thread-2134] INFO  impl.RoleInfo (RoleInfo.java:updateAndGet(143)) - d2424f4d-20d2-4104-abcc-02e6288f3ffc: start LeaderElection
2019-10-17 21:16:08,369 [d2424f4d-20d2-4104-abcc-02e6288f3ffc@group-62509A8A5C15-LeaderElection287] INFO  impl.LeaderElection (LeaderElection.java:askForVotes(178)) - d2424f4d-20d2-4104-abcc-02e6288f3ffc@group-62509A8A5C15-LeaderElection287: begin an election at term 312 for -1: [3909bd6a-278d-4911-9d70-32680c972d02:192.168.157.223:33343, d2424f4d-20d2-4104-abcc-02e6288f3ffc:192.168.157.223:39352, 7c510082-4284-44ef-8cd9-bb38fb15579f:192.168.157.223:33098], old=null
2019-10-17 21:16:08,370 [grpc-default-executor-4] INFO  impl.RaftServerImpl (RaftServerImpl.java:setRole(184)) - 3909bd6a-278d-4911-9d70-32680c972d02@group-62509A8A5C15: changes role from  FOLLOWER to FOLLOWER at term 312 for recognizeCandidate:d2424f4d-20d2-4104-abcc-02e6288f3ffc
2019-10-17 21:16:08,370 [grpc-default-executor-2] INFO  impl.RaftServerImpl (RaftServerImpl.java:setRole(184)) - 7c510082-4284-44ef-8cd9-bb38fb15579f@group-62509A8A5C15: changes role from  FOLLOWER to FOLLOWER at term 312 for recognizeCandidate:d2424f4d-20d2-4104-abcc-02e6288f3ffc
2019-10-17 21:16:08,371 [grpc-default-executor-2] INFO  impl.RoleInfo (RoleInfo.java:shutdownFollowerState(121)) - 7c510082-4284-44ef-8cd9-bb38fb15579f: shutdown FollowerState
2019-10-17 21:16:08,371 [grpc-default-executor-4] INFO  impl.RoleInfo (RoleInfo.java:shutdownFollowerState(121)) - 3909bd6a-278d-4911-9d70-32680c972d02: shutdown FollowerState
2019-10-17 21:16:08,371 [Thread-2132] INFO  impl.FollowerState (FollowerState.java:run(117)) - 3909bd6a-278d-4911-9d70-32680c972d02@group-62509A8A5C15-FollowerState was interrupted: java.lang.InterruptedException: sleep interrupted
2019-10-17 21:16:08,371 [Thread-2133] INFO  impl.FollowerState (FollowerState.java:run(117)) - 7c510082-4284-44ef-8cd9-bb38fb15579f@group-62509A8A5C15-FollowerState was interrupted: java.lang.InterruptedException: sleep interrupted
2019-10-17 21:16:08,371 [grpc-default-executor-2] INFO  impl.RoleInfo (RoleInfo.java:updateAndGet(143)) - 7c510082-4284-44ef-8cd9-bb38fb15579f: start FollowerState
2019-10-17 21:16:08,371 [grpc-default-executor-4] INFO  impl.RoleInfo (RoleInfo.java:updateAndGet(143)) - 3909bd6a-278d-4911-9d70-32680c972d02: start FollowerState
2019-10-17 21:16:08,378 [d2424f4d-20d2-4104-abcc-02e6288f3ffc@group-62509A8A5C15-LeaderElection287] INFO  impl.LeaderElection (LeaderElection.java:logAndReturn(56)) - d2424f4d-20d2-4104-abcc-02e6288f3ffc@group-62509A8A5C15-LeaderElection287: Election REJECTED; received 2 response(s) [d2424f4d-20d2-4104-abcc-02e6288f3ffc<-3909bd6a-278d-4911-9d70-32680c972d02#0:FAIL-t312, d2424f4d-20d2-4104-abcc-02e6288f3ffc<-7c510082-4284-44ef-8cd9-bb38fb15579f#0:FAIL-t312] and 0 exception(s); d2424f4d-20d2-4104-abcc-02e6288f3ffc@group-62509A8A5C15:t312, leader=null, voted=d2424f4d-20d2-4104-abcc-02e6288f3ffc, raftlog=d2424f4d-20d2-4104-abcc-02e6288f3ffc@group-62509A8A5C15-SegmentedRaftLog:OPENED:c-1,f-1,i0, conf=-1: [3909bd6a-278d-4911-9d70-32680c972d02:192.168.157.223:33343, d2424f4d-20d2-4104-abcc-02e6288f3ffc:192.168.157.223:39352, 7c510082-4284-44ef-8cd9-bb38fb15579f:192.168.157.223:33098], old=null
2019-10-17 21:16:08,378 [d2424f4d-20d2-4104-abcc-02e6288f3ffc@group-62509A8A5C15-LeaderElection287] INFO  impl.RaftServerImpl (RaftServerImpl.java:setRole(184)) - d2424f4d-20d2-4104-abcc-02e6288f3ffc@group-62509A8A5C15: changes role from CANDIDATE to FOLLOWER at term 312 for DISCOVERED_A_NEW_TERM
2019-10-17 21:16:08,378 [d2424f4d-20d2-4104-abcc-02e6288f3ffc@group-62509A8A5C15-LeaderElection287] INFO  impl.RoleInfo (RoleInfo.java:shutdownLeaderElection(134)) - d2424f4d-20d2-4104-abcc-02e6288f3ffc: shutdown LeaderElection
2019-10-17 21:16:08,378 [d2424f4d-20d2-4104-abcc-02e6288f3ffc@group-62509A8A5C15-LeaderElection287] INFO  impl.RoleInfo (RoleInfo.java:updateAndGet(143)) - d2424f4d-20d2-4104-abcc-02e6288f3ffc: start FollowerState
2019-10-17 21:16:08,548 [Thread-2140] INFO  impl.FollowerState (FollowerState.java:run(108)) - d2424f4d-20d2-4104-abcc-02e6288f3ffc@group-62509A8A5C15-FollowerState: change to CANDIDATE, lastRpcTime:170ms, electionTimeout:170ms
2019-10-17 21:16:08,549 [Thread-2140] INFO  impl.RoleInfo (RoleInfo.java:shutdownFollowerState(121)) - d2424f4d-20d2-4104-abcc-02e6288f3ffc: shutdown FollowerState
2019-10-17 21:16:08,549 [Thread-2140] INFO  impl.RaftServerImpl (RaftServerImpl.java:setRole(184)) - d2424f4d-20d2-4104-abcc-02e6288f3ffc@group-62509A8A5C15: changes role from  FOLLOWER to CANDIDATE at term 312 for changeToCandidate
2019-10-17 21:16:08,549 [Thread-2140] INFO  impl.RoleInfo (RoleInfo.java:updateAndGet(143)) - d2424f4d-20d2-4104-abcc-02e6288f3ffc: start LeaderElection
2019-10-17 21:16:08,564 [d2424f4d-20d2-4104-abcc-02e6288f3ffc@group-62509A8A5C15-LeaderElection288] INFO  impl.LeaderElection (LeaderElection.java:askForVotes(178)) - d2424f4d-20d2-4104-abcc-02e6288f3ffc@group-62509A8A5C15-LeaderElection288: begin an election at term 313 for -1: [3909bd6a-278d-4911-9d70-32680c972d02:192.168.157.223:33343, d2424f4d-20d2-4104-abcc-02e6288f3ffc:192.168.157.223:39352, 7c510082-4284-44ef-8cd9-bb38fb15579f:192.168.157.223:33098], old=null
2019-10-17 21:16:08,566 [grpc-default-executor-2] INFO  impl.RaftServerImpl (RaftServerImpl.java:setRole(184)) - 3909bd6a-278d-4911-9d70-32680c972d02@group-62509A8A5C15: changes role from  FOLLOWER to FOLLOWER at term 313 for recognizeCandidate:d2424f4d-20d2-4104-abcc-02e6288f3ffc
2019-10-17 21:16:08,566 [grpc-default-executor-4] INFO  impl.RaftServerImpl (RaftServerImpl.java:setRole(184)) - 7c510082-4284-44ef-8cd9-bb38fb15579f@group-62509A8A5C15: changes role from  FOLLOWER to FOLLOWER at term 313 for recognizeCandidate:d2424f4d-20d2-4104-abcc-02e6288f3ffc
2019-10-17 21:16:08,567 [grpc-default-executor-2] INFO  impl.RoleInfo (RoleInfo.java:shutdownFollowerState(121)) - 3909bd6a-278d-4911-9d70-32680c972d02: shutdown FollowerState
2019-10-17 21:16:08,567 [grpc-default-executor-4] INFO  impl.RoleInfo (RoleInfo.java:shutdownFollowerState(121)) - 7c510082-4284-44ef-8cd9-bb38fb15579f: shutdown FollowerState
2019-10-17 21:16:08,567 [Thread-2139] INFO  impl.FollowerState (FollowerState.java:run(117)) - 3909bd6a-278d-4911-9d70-32680c972d02@group-62509A8A5C15-FollowerState was interrupted: java.lang.InterruptedException: sleep interrupted
2019-10-17 21:16:08,567 [grpc-default-executor-2] INFO  impl.RoleInfo (RoleInfo.java:updateAndGet(143)) - 3909bd6a-278d-4911-9d70-32680c972d02: start FollowerState
2019-10-17 21:16:08,567 [Thread-2138] INFO  impl.FollowerState (FollowerState.java:run(117)) - 7c510082-4284-44ef-8cd9-bb38fb15579f@group-62509A8A5C15-FollowerState was interrupted: java.lang.InterruptedException: sleep interrupted
2019-10-17 21:16:08,567 [grpc-default-executor-4] INFO  impl.RoleInfo (RoleInfo.java:updateAndGet(143)) - 7c510082-4284-44ef-8cd9-bb38fb15579f: start FollowerState
2019-10-17 21:16:08,593 [d2424f4d-20d2-4104-abcc-02e6288f3ffc@group-62509A8A5C15-LeaderElection288] INFO  impl.LeaderElection (LeaderElection.java:logAndReturn(56)) - d2424f4d-20d2-4104-abcc-02e6288f3ffc@group-62509A8A5C15-LeaderElection288: Election REJECTED; received 2 response(s) [d2424f4d-20d2-4104-abcc-02e6288f3ffc<-3909bd6a-278d-4911-9d70-32680c972d02#0:FAIL-t313, d2424f4d-20d2-4104-abcc-02e6288f3ffc<-7c510082-4284-44ef-8cd9-bb38fb15579f#0:FAIL-t313] and 0 exception(s); d2424f4d-20d2-4104-abcc-02e6288f3ffc@group-62509A8A5C15:t313, leader=null, voted=d2424f4d-20d2-4104-abcc-02e6288f3ffc, raftlog=d2424f4d-20d2-4104-abcc-02e6288f3ffc@group-62509A8A5C15-SegmentedRaftLog:OPENED:c-1,f-1,i0, conf=-1: [3909bd6a-278d-4911-9d70-32680c972d02:192.168.157.223:33343, d2424f4d-20d2-4104-abcc-02e6288f3ffc:192.168.157.223:39352, 7c510082-4284-44ef-8cd9-bb38fb15579f:192.168.157.223:33098], old=null
2019-10-17 21:16:08,594 [d2424f4d-20d2-4104-abcc-02e6288f3ffc@group-62509A8A5C15-LeaderElection288] INFO  impl.RaftServerImpl (RaftServerImpl.java:setRole(184)) - d2424f4d-20d2-4104-abcc-02e6288f3ffc@group-62509A8A5C15: changes role from CANDIDATE to FOLLOWER at term 313 for DISCOVERED_A_NEW_TERM
2019-10-17 21:16:08,594 [d2424f4d-20d2-4104-abcc-02e6288f3ffc@group-62509A8A5C15-LeaderElection288] INFO  impl.RoleInfo (RoleInfo.java:shutdownLeaderElection(134)) - d2424f4d-20d2-4104-abcc-02e6288f3ffc: shutdown LeaderElection
2019-10-17 21:16:08,594 [d2424f4d-20d2-4104-abcc-02e6288f3ffc@group-62509A8A5C15-LeaderElection288] INFO  impl.RoleInfo (RoleInfo.java:updateAndGet(143)) - d2424f4d-20d2-4104-abcc-02e6288f3ffc: start FollowerState
2019-10-17 21:16:08,647 [Thread-2146] INFO  impl.FollowerState (FollowerState.java:run(108)) - d2424f4d-20d2-4104-abcc-02e6288f3ffc@group-62509A8A5C15-FollowerState: change to CANDIDATE, lastRpcTime:53ms, electionTimeout:53ms
2019-10-17 21:16:08,647 [Thread-2146] INFO  impl.RoleInfo (RoleInfo.java:shutdownFollowerState(121)) - d2424f4d-20d2-4104-abcc-02e6288f3ffc: shutdown FollowerState
2019-10-17 21:16:08,648 [Thread-2146] INFO  impl.RaftServerImpl (RaftServerImpl.java:setRole(184)) - d2424f4d-20d2-4104-abcc-02e6288f3ffc@group-62509A8A5C15: changes role from  FOLLOWER to CANDIDATE at term 313 for changeToCandidate
2019-10-17 21:16:08,648 [Thread-2146] INFO  impl.RoleInfo (RoleInfo.java:updateAndGet(143)) - d2424f4d-20d2-4104-abcc-02e6288f3ffc: start LeaderElection
2019-10-17 21:16:08,673 [d2424f4d-20d2-4104-abcc-02e6288f3ffc@group-62509A8A5C15-LeaderElection289] INFO  impl.LeaderElection (LeaderElection.java:askForVotes(178)) - d2424f4d-20d2-4104-abcc-02e6288f3ffc@group-62509A8A5C15-LeaderElection289: begin an election at term 314 for -1: [3909bd6a-278d-4911-9d70-32680c972d02:192.168.157.223:33343, d2424f4d-20d2-4104-abcc-02e6288f3ffc:192.168.157.223:39352, 7c510082-4284-44ef-8cd9-bb38fb15579f:192.168.157.223:33098], old=null
2019-10-17 21:16:08,676 [grpc-default-executor-4] INFO  impl.RaftServerImpl (RaftServerImpl.java:setRole(184)) - 7c510082-4284-44ef-8cd9-bb38fb15579f@group-62509A8A5C15: changes role from  FOLLOWER to FOLLOWER at term 314 for recognizeCandidate:d2424f4d-20d2-4104-abcc-02e6288f3ffc
2019-10-17 21:16:08,676 [grpc-default-executor-2] INFO  impl.RaftServerImpl (RaftServerImpl.java:setRole(184)) - 3909bd6a-278d-4911-9d70-32680c972d02@group-62509A8A5C15: changes role from  FOLLOWER to FOLLOWER at term 314 for recognizeCandidate:d2424f4d-20d2-4104-abcc-02e6288f3ffc
2019-10-17 21:16:08,676 [grpc-default-executor-4] INFO  impl.RoleInfo (RoleInfo.java:shutdownFollowerState(121)) - 7c510082-4284-44ef-8cd9-bb38fb15579f: shutdown FollowerState
2019-10-17 21:16:08,676 [grpc-default-executor-2] INFO  impl.RoleInfo (RoleInfo.java:shutdownFollowerState(121)) - 3909bd6a-278d-4911-9d70-32680c972d02: shutdown FollowerState
2019-10-17 21:16:08,677 [Thread-2145] INFO  impl.FollowerState (FollowerState.java:run(117)) - 7c510082-4284-44ef-8cd9-bb38fb15579f@group-62509A8A5C15-FollowerState was interrupted: java.lang.InterruptedException: sleep interrupted
2019-10-17 21:16:08,677 [grpc-default-executor-4] INFO  impl.RoleInfo (RoleInfo.java:updateAndGet(143)) - 7c510082-4284-44ef-8cd9-bb38fb15579f: start FollowerState
2019-10-17 21:16:08,677 [Thread-2144] INFO  impl.FollowerState (FollowerState.java:run(117)) - 3909bd6a-278d-4911-9d70-32680c972d02@group-62509A8A5C15-FollowerState was interrupted: java.lang.InterruptedException: sleep interrupted
2019-10-17 21:16:08,677 [grpc-default-executor-2] INFO  impl.RoleInfo (RoleInfo.java:updateAndGet(143)) - 3909bd6a-278d-4911-9d70-32680c972d02: start FollowerState
2019-10-17 21:16:08,694 [d2424f4d-20d2-4104-abcc-02e6288f3ffc@group-62509A8A5C15-LeaderElection289] INFO  impl.LeaderElection (LeaderElection.java:logAndReturn(56)) - d2424f4d-20d2-4104-abcc-02e6288f3ffc@group-62509A8A5C15-LeaderElection289: Election REJECTED; received 2 response(s) [d2424f4d-20d2-4104-abcc-02e6288f3ffc<-3909bd6a-278d-4911-9d70-32680c972d02#0:FAIL-t314, d2424f4d-20d2-4104-abcc-02e6288f3ffc<-7c510082-4284-44ef-8cd9-bb38fb15579f#0:FAIL-t314] and 0 exception(s); d2424f4d-20d2-4104-abcc-02e6288f3ffc@group-62509A8A5C15:t314, leader=null, voted=d2424f4d-20d2-4104-abcc-02e6288f3ffc, raftlog=d2424f4d-20d2-4104-abcc-02e6288f3ffc@group-62509A8A5C15-SegmentedRaftLog:OPENED:c-1,f-1,i0, conf=-1: [3909bd6a-278d-4911-9d70-32680c972d02:192.168.157.223:33343, d2424f4d-20d2-4104-abcc-02e6288f3ffc:192.168.157.223:39352, 7c510082-4284-44ef-8cd9-bb38fb15579f:192.168.157.223:33098], old=null
2019-10-17 21:16:08,694 [d2424f4d-20d2-4104-abcc-02e6288f3ffc@group-62509A8A5C15-LeaderElection289] INFO  impl.RaftServerImpl (RaftServerImpl.java:setRole(184)) - d2424f4d-20d2-4104-abcc-02e6288f3ffc@group-62509A8A5C15: changes role from CANDIDATE to FOLLOWER at term 314 for DISCOVERED_A_NEW_TERM
2019-10-17 21:16:08,694 [d2424f4d-20d2-4104-abcc-02e6288f3ffc@group-62509A8A5C15-LeaderElection289] INFO  impl.RoleInfo (RoleInfo.java:shutdownLeaderElection(134)) - d2424f4d-20d2-4104-abcc-02e6288f3ffc: shutdown LeaderElection
2019-10-17 21:16:08,694 [d2424f4d-20d2-4104-abcc-02e6288f3ffc@group-62509A8A5C15-LeaderElection289] INFO  impl.RoleInfo (RoleInfo.java:updateAndGet(143)) - d2424f4d-20d2-4104-abcc-02e6288f3ffc: start FollowerState
2019-10-17 21:16:08,878 [Thread-2152] INFO  impl.FollowerState (FollowerState.java:run(108)) - d2424f4d-20d2-4104-abcc-02e6288f3ffc@group-62509A8A5C15-FollowerState: change to CANDIDATE, lastRpcTime:183ms, electionTimeout:183ms
2019-10-17 21:16:08,878 [Thread-2152] INFO  impl.RoleInfo (RoleInfo.java:shutdownFollowerState(121)) - d2424f4d-20d2-4104-abcc-02e6288f3ffc: shutdown FollowerState
2019-10-17 21:16:08,878 [Thread-2152] INFO  impl.RaftServerImpl (RaftServerImpl.java:setRole(184)) - d2424f4d-20d2-4104-abcc-02e6288f3ffc@group-62509A8A5C15: changes role from  FOLLOWER to CANDIDATE at term 314 for changeToCandidate
2019-10-17 21:16:08,878 [Thread-2152] INFO  impl.RoleInfo (RoleInfo.java:updateAndGet(143)) - d2424f4d-20d2-4104-abcc-02e6288f3ffc: start LeaderElection
2019-10-17 21:16:08,891 [d2424f4d-20d2-4104-abcc-02e6288f3ffc@group-62509A8A5C15-LeaderElection290] INFO  impl.LeaderElection (LeaderElection.java:askForVotes(178)) - d2424f4d-20d2-4104-abcc-02e6288f3ffc@group-62509A8A5C15-LeaderElection290: begin an election at term 315 for -1: [3909bd6a-278d-4911-9d70-32680c972d02:192.168.157.223:33343, d2424f4d-20d2-4104-abcc-02e6288f3ffc:192.168.157.223:39352, 7c510082-4284-44ef-8cd9-bb38fb15579f:192.168.157.223:33098], old=null
2019-10-17 21:16:08,893 [grpc-default-executor-4] INFO  impl.RaftServerImpl (RaftServerImpl.java:setRole(184)) - 7c510082-4284-44ef-8cd9-bb38fb15579f@group-62509A8A5C15: changes role from  FOLLOWER to FOLLOWER at term 315 for recognizeCandidate:d2424f4d-20d2-4104-abcc-02e6288f3ffc
2019-10-17 21:16:08,893 [grpc-default-executor-2] INFO  impl.RaftServerImpl (RaftServerImpl.java:setRole(184)) - 3909bd6a-278d-4911-9d70-32680c972d02@group-62509A8A5C15: changes role from  FOLLOWER to FOLLOWER at term 315 for recognizeCandidate:d2424f4d-20d2-4104-abcc-02e6288f3ffc
2019-10-17 21:16:08,894 [grpc-default-executor-4] INFO  impl.RoleInfo (RoleInfo.java:shutdownFollowerState(121)) - 7c510082-4284-44ef-8cd9-bb38fb15579f: shutdown FollowerState
2019-10-17 21:16:08,894 [grpc-default-executor-2] INFO  impl.RoleInfo (RoleInfo.java:shutdownFollowerState(121)) - 3909bd6a-278d-4911-9d70-32680c972d02: shutdown FollowerState
2019-10-17 21:16:08,894 [Thread-2150] INFO  impl.FollowerState (FollowerState.java:run(117)) - 7c510082-4284-44ef-8cd9-bb38fb15579f@group-62509A8A5C15-FollowerState was interrupted: java.lang.InterruptedException: sleep interrupted
2019-10-17 21:16:08,894 [grpc-default-executor-4] INFO  impl.RoleInfo (RoleInfo.java:updateAndGet(143)) - 7c510082-4284-44ef-8cd9-bb38fb15579f: start FollowerState
2019-10-17 21:16:08,894 [Thread-2151] INFO  impl.FollowerState (FollowerState.java:run(117)) - 3909bd6a-278d-4911-9d70-32680c972d02@group-62509A8A5C15-FollowerState was interrupted: java.lang.InterruptedException: sleep interrupted
2019-10-17 21:16:08,894 [grpc-default-executor-2] INFO  impl.RoleInfo (RoleInfo.java:updateAndGet(143)) - 3909bd6a-278d-4911-9d70-32680c972d02: start FollowerState
2019-10-17 21:16:08,921 [d2424f4d-20d2-4104-abcc-02e6288f3ffc@group-62509A8A5C15-LeaderElection290] INFO  impl.LeaderElection (LeaderElection.java:logAndReturn(56)) - d2424f4d-20d2-4104-abcc-02e6288f3ffc@group-62509A8A5C15-LeaderElection290: Election REJECTED; received 2 response(s) [d2424f4d-20d2-4104-abcc-02e6288f3ffc<-3909bd6a-278d-4911-9d70-32680c972d02#0:FAIL-t315, d2424f4d-20d2-4104-abcc-02e6288f3ffc<-7c510082-4284-44ef-8cd9-bb38fb15579f#0:FAIL-t315] and 0 exception(s); d2424f4d-20d2-4104-abcc-02e6288f3ffc@group-62509A8A5C15:t315, leader=null, voted=d2424f4d-20d2-4104-abcc-02e6288f3ffc, raftlog=d2424f4d-20d2-4104-abcc-02e6288f3ffc@group-62509A8A5C15-SegmentedRaftLog:OPENED:c-1,f-1,i0, conf=-1: [3909bd6a-278d-4911-9d70-32680c972d02:192.168.157.223:33343, d2424f4d-20d2-4104-abcc-02e6288f3ffc:192.168.157.223:39352, 7c510082-4284-44ef-8cd9-bb38fb15579f:192.168.157.223:33098], old=null
2019-10-17 21:16:08,921 [d2424f4d-20d2-4104-abcc-02e6288f3ffc@group-62509A8A5C15-LeaderElection290] INFO  impl.RaftServerImpl (RaftServerImpl.java:setRole(184)) - d2424f4d-20d2-4104-abcc-02e6288f3ffc@group-62509A8A5C15: changes role from CANDIDATE to FOLLOWER at term 315 for DISCOVERED_A_NEW_TERM
2019-10-17 21:16:08,922 [d2424f4d-20d2-4104-abcc-02e6288f3ffc@group-62509A8A5C15-LeaderElection290] INFO  impl.RoleInfo (RoleInfo.java:shutdownLeaderElection(134)) - d2424f4d-20d2-4104-abcc-02e6288f3ffc: shutdown LeaderElection
2019-10-17 21:16:08,922 [d2424f4d-20d2-4104-abcc-02e6288f3ffc@group-62509A8A5C15-LeaderElection290] INFO  impl.RoleInfo (RoleInfo.java:updateAndGet(143)) - d2424f4d-20d2-4104-abcc-02e6288f3ffc: start FollowerState
2019-10-17 21:16:09,104 [Thread-2158] INFO  impl.FollowerState (FollowerState.java:run(108)) - d2424f4d-20d2-4104-abcc-02e6288f3ffc@group-62509A8A5C15-FollowerState: change to CANDIDATE, lastRpcTime:182ms, electionTimeout:182ms
2019-10-17 21:16:09,105 [Thread-2158] INFO  impl.RoleInfo (RoleInfo.java:shutdownFollowerState(121)) - d2424f4d-20d2-4104-abcc-02e6288f3ffc: shutdown FollowerState
2019-10-17 21:16:09,105 [Thread-2158] INFO  impl.RaftServerImpl (RaftServerImpl.java:setRole(184)) - d2424f4d-20d2-4104-abcc-02e6288f3ffc@group-62509A8A5C15: changes role from  FOLLOWER to CANDIDATE at term 315 for changeToCandidate
2019-10-17 21:16:09,105 [Thread-2158] INFO  impl.RoleInfo (RoleInfo.java:updateAndGet(143)) - d2424f4d-20d2-4104-abcc-02e6288f3ffc: start LeaderElection
2019-10-17 21:16:09,120 [d2424f4d-20d2-4104-abcc-02e6288f3ffc@group-62509A8A5C15-LeaderElection291] INFO  impl.LeaderElection (LeaderElection.java:askForVotes(178)) - d2424f4d-20d2-4104-abcc-02e6288f3ffc@group-62509A8A5C15-LeaderElection291: begin an election at term 316 for -1: [3909bd6a-278d-4911-9d70-32680c972d02:192.168.157.223:33343, d2424f4d-20d2-4104-abcc-02e6288f3ffc:192.168.157.223:39352, 7c510082-4284-44ef-8cd9-bb38fb15579f:192.168.157.223:33098], old=null
2019-10-17 21:16:09,122 [grpc-default-executor-4] INFO  impl.RaftServerImpl (RaftServerImpl.java:setRole(184)) - 3909bd6a-278d-4911-9d70-32680c972d02@group-62509A8A5C15: changes role from  FOLLOWER to FOLLOWER at term 316 for recognizeCandidate:d2424f4d-20d2-4104-abcc-02e6288f3ffc
2019-10-17 21:16:09,122 [grpc-default-executor-4] INFO  impl.RoleInfo (RoleInfo.java:shutdownFollowerState(121)) - 3909bd6a-278d-4911-9d70-32680c972d02: shutdown FollowerState
2019-10-17 21:16:09,122 [grpc-default-executor-2] INFO  impl.RaftServerImpl (RaftServerImpl.java:setRole(184)) - 7c510082-4284-44ef-8cd9-bb38fb15579f@group-62509A8A5C15: changes role from  FOLLOWER to FOLLOWER at term 316 for recognizeCandidate:d2424f4d-20d2-4104-abcc-02e6288f3ffc
2019-10-17 21:16:09,122 [Thread-2157] INFO  impl.FollowerState (FollowerState.java:run(117)) - 3909bd6a-278d-4911-9d70-32680c972d02@group-62509A8A5C15-FollowerState was interrupted: java.lang.InterruptedException: sleep interrupted
2019-10-17 21:16:09,122 [grpc-default-executor-4] INFO  impl.RoleInfo (RoleInfo.java:updateAndGet(143)) - 3909bd6a-278d-4911-9d70-32680c972d02: start FollowerState
2019-10-17 21:16:09,122 [grpc-default-executor-2] INFO  impl.RoleInfo (RoleInfo.java:shutdownFollowerState(121)) - 7c510082-4284-44ef-8cd9-bb38fb15579f: shutdown FollowerState
2019-10-17 21:16:09,123 [grpc-default-executor-2] INFO  impl.RoleInfo (RoleInfo.java:updateAndGet(143)) - 7c510082-4284-44ef-8cd9-bb38fb15579f: start FollowerState
2019-10-17 21:16:09,123 [Thread-2156] INFO  impl.FollowerState (FollowerState.java:run(117)) - 7c510082-4284-44ef-8cd9-bb38fb15579f@group-62509A8A5C15-FollowerState was interrupted: java.lang.InterruptedException: sleep interrupted
2019-10-17 21:16:09,149 [d2424f4d-20d2-4104-abcc-02e6288f3ffc@group-62509A8A5C15-LeaderElection291] INFO  impl.LeaderElection (LeaderElection.java:logAndReturn(56)) - d2424f4d-20d2-4104-abcc-02e6288f3ffc@group-62509A8A5C15-LeaderElection291: Election REJECTED; received 2 response(s) [d2424f4d-20d2-4104-abcc-02e6288f3ffc<-3909bd6a-278d-4911-9d70-32680c972d02#0:FAIL-t316, d2424f4d-20d2-4104-abcc-02e6288f3ffc<-7c510082-4284-44ef-8cd9-bb38fb15579f#0:FAIL-t316] and 0 exception(s); d2424f4d-20d2-4104-abcc-02e6288f3ffc@group-62509A8A5C15:t316, leader=null, voted=d2424f4d-20d2-4104-abcc-02e6288f3ffc, raftlog=d2424f4d-20d2-4104-abcc-02e6288f3ffc@group-62509A8A5C15-SegmentedRaftLog:OPENED:c-1,f-1,i0, conf=-1: [3909bd6a-278d-4911-9d70-32680c972d02:192.168.157.223:33343, d2424f4d-20d2-4104-abcc-02e6288f3ffc:192.168.157.223:39352, 7c510082-4284-44ef-8cd9-bb38fb15579f:192.168.157.223:33098], old=null
2019-10-17 21:16:09,149 [d2424f4d-20d2-4104-abcc-02e6288f3ffc@group-62509A8A5C15-LeaderElection291] INFO  impl.RaftServerImpl (RaftServerImpl.java:setRole(184)) - d2424f4d-20d2-4104-abcc-02e6288f3ffc@group-62509A8A5C15: changes role from CANDIDATE to FOLLOWER at term 316 for DISCOVERED_A_NEW_TERM
2019-10-17 21:16:09,149 [d2424f4d-20d2-4104-abcc-02e6288f3ffc@group-62509A8A5C15-LeaderElection291] INFO  impl.RoleInfo (RoleInfo.java:shutdownLeaderElection(134)) - d2424f4d-20d2-4104-abcc-02e6288f3ffc: shutdown LeaderElection
2019-10-17 21:16:09,149 [d2424f4d-20d2-4104-abcc-02e6288f3ffc@group-62509A8A5C15-LeaderElection291] INFO  impl.RoleInfo (RoleInfo.java:updateAndGet(143)) - d2424f4d-20d2-4104-abcc-02e6288f3ffc: start FollowerState
2019-10-17 21:16:09,186 [Thread-2164] INFO  impl.FollowerState (FollowerState.java:run(108)) - d2424f4d-20d2-4104-abcc-02e6288f3ffc@group-62509A8A5C15-FollowerState: change to CANDIDATE, lastRpcTime:36ms, electionTimeout:36ms
2019-10-17 21:16:09,186 [Thread-2164] INFO  impl.RoleInfo (RoleInfo.java:shutdownFollowerState(121)) - d2424f4d-20d2-4104-abcc-02e6288f3ffc: shutdown FollowerState
2019-10-17 21:16:09,186 [Thread-2164] INFO  impl.RaftServerImpl (RaftServerImpl.java:setRole(184)) - d2424f4d-20d2-4104-abcc-02e6288f3ffc@group-62509A8A5C15: changes role from  FOLLOWER to CANDIDATE at term 316 for changeToCandidate
2019-10-17 21:16:09,186 [Thread-2164] INFO  impl.RoleInfo (RoleInfo.java:updateAndGet(143)) - d2424f4d-20d2-4104-abcc-02e6288f3ffc: start LeaderElection
2019-10-17 21:16:09,202 [d2424f4d-20d2-4104-abcc-02e6288f3ffc@group-62509A8A5C15-LeaderElection292] INFO  impl.LeaderElection (LeaderElection.java:askForVotes(178)) - d2424f4d-20d2-4104-abcc-02e6288f3ffc@group-62509A8A5C15-LeaderElection292: begin an election at term 317 for -1: [3909bd6a-278d-4911-9d70-32680c972d02:192.168.157.223:33343, d2424f4d-20d2-4104-abcc-02e6288f3ffc:192.168.157.223:39352, 7c510082-4284-44ef-8cd9-bb38fb15579f:192.168.157.223:33098], old=null
2019-10-17 21:16:09,204 [grpc-default-executor-4] INFO  impl.RaftServerImpl (RaftServerImpl.java:setRole(184)) - 3909bd6a-278d-4911-9d70-32680c972d02@group-62509A8A5C15: changes role from  FOLLOWER to FOLLOWER at term 317 for recognizeCandidate:d2424f4d-20d2-4104-abcc-02e6288f3ffc
2019-10-17 21:16:09,204 [grpc-default-executor-2] INFO  impl.RaftServerImpl (RaftServerImpl.java:setRole(184)) - 7c510082-4284-44ef-8cd9-bb38fb15579f@group-62509A8A5C15: changes role from  FOLLOWER to FOLLOWER at term 317 for recognizeCandidate:d2424f4d-20d2-4104-abcc-02e6288f3ffc
2019-10-17 21:16:09,204 [grpc-default-executor-4] INFO  impl.RoleInfo (RoleInfo.java:shutdownFollowerState(121)) - 3909bd6a-278d-4911-9d70-32680c972d02: shutdown FollowerState
2019-10-17 21:16:09,204 [grpc-default-executor-2] INFO  impl.RoleInfo (RoleInfo.java:shutdownFollowerState(121)) - 7c510082-4284-44ef-8cd9-bb38fb15579f: shutdown FollowerState
2019-10-17 21:16:09,204 [Thread-2162] INFO  impl.FollowerState (FollowerState.java:run(117)) - 3909bd6a-278d-4911-9d70-32680c972d02@group-62509A8A5C15-FollowerState was interrupted: java.lang.InterruptedException: sleep interrupted
2019-10-17 21:16:09,204 [grpc-default-executor-4] INFO  impl.RoleInfo (RoleInfo.java:updateAndGet(143)) - 3909bd6a-278d-4911-9d70-32680c972d02: start FollowerState
2019-10-17 21:16:09,204 [Thread-2163] INFO  impl.FollowerState (FollowerState.java:run(117)) - 7c510082-4284-44ef-8cd9-bb38fb15579f@group-62509A8A5C15-FollowerState was interrupted: java.lang.InterruptedException: sleep interrupted
2019-10-17 21:16:09,204 [grpc-default-executor-2] INFO  impl.RoleInfo (RoleInfo.java:updateAndGet(143)) - 7c510082-4284-44ef-8cd9-bb38fb15579f: start FollowerState
2019-10-17 21:16:09,231 [d2424f4d-20d2-4104-abcc-02e6288f3ffc@group-62509A8A5C15-LeaderElection292] INFO  impl.LeaderElection (LeaderElection.java:logAndReturn(56)) - d2424f4d-20d2-4104-abcc-02e6288f3ffc@group-62509A8A5C15-LeaderElection292: Election REJECTED; received 2 response(s) [d2424f4d-20d2-4104-abcc-02e6288f3ffc<-3909bd6a-278d-4911-9d70-32680c972d02#0:FAIL-t317, d2424f4d-20d2-4104-abcc-02e6288f3ffc<-7c510082-4284-44ef-8cd9-bb38fb15579f#0:FAIL-t317] and 0 exception(s); d2424f4d-20d2-4104-abcc-02e6288f3ffc@group-62509A8A5C15:t317, leader=null, voted=d2424f4d-20d2-4104-abcc-02e6288f3ffc, raftlog=d2424f4d-20d2-4104-abcc-02e6288f3ffc@group-62509A8A5C15-SegmentedRaftLog:OPENED:c-1,f-1,i0, conf=-1: [3909bd6a-278d-4911-9d70-32680c972d02:192.168.157.223:33343, d2424f4d-20d2-4104-abcc-02e6288f3ffc:192.168.157.223:39352, 7c510082-4284-44ef-8cd9-bb38fb15579f:192.168.157.223:33098], old=null
2019-10-17 21:16:09,231 [d2424f4d-20d2-4104-abcc-02e6288f3ffc@group-62509A8A5C15-LeaderElection292] INFO  impl.RaftServerImpl (RaftServerImpl.java:setRole(184)) - d2424f4d-20d2-4104-abcc-02e6288f3ffc@group-62509A8A5C15: changes role from CANDIDATE to FOLLOWER at term 317 for DISCOVERED_A_NEW_TERM
2019-10-17 21:16:09,231 [d2424f4d-20d2-4104-abcc-02e6288f3ffc@group-62509A8A5C15-LeaderElection292] INFO  impl.RoleInfo (RoleInfo.java:shutdownLeaderElection(134)) - d2424f4d-20d2-4104-abcc-02e6288f3ffc: shutdown LeaderElection
2019-10-17 21:16:09,231 [d2424f4d-20d2-4104-abcc-02e6288f3ffc@group-62509A8A5C15-LeaderElection292] INFO  impl.RoleInfo (RoleInfo.java:updateAndGet(143)) - d2424f4d-20d2-4104-abcc-02e6288f3ffc: start FollowerState
2019-10-17 21:16:09,274 [Thread-2172] INFO  impl.FollowerState (FollowerState.java:run(108)) - d2424f4d-20d2-4104-abcc-02e6288f3ffc@group-62509A8A5C15-FollowerState: change to CANDIDATE, lastRpcTime:42ms, electionTimeout:42ms
2019-10-17 21:16:09,274 [Thread-2172] INFO  impl.RoleInfo (RoleInfo.java:shutdownFollowerState(121)) - d2424f4d-20d2-4104-abcc-02e6288f3ffc: shutdown FollowerState
2019-10-17 21:16:09,274 [Thread-2172] INFO  impl.RaftServerImpl (RaftServerImpl.java:setRole(184)) - d2424f4d-20d2-4104-abcc-02e6288f3ffc@group-62509A8A5C15: changes role from  FOLLOWER to CANDIDATE at term 317 for changeToCandidate
2019-10-17 21:16:09,274 [Thread-2172] INFO  impl.RoleInfo (RoleInfo.java:updateAndGet(143)) - d2424f4d-20d2-4104-abcc-02e6288f3ffc: start LeaderElection
2019-10-17 21:16:09,287 [d2424f4d-20d2-4104-abcc-02e6288f3ffc@group-62509A8A5C15-LeaderElection293] INFO  impl.LeaderElection (LeaderElection.java:askForVotes(178)) - d2424f4d-20d2-4104-abcc-02e6288f3ffc@group-62509A8A5C15-LeaderElection293: begin an election at term 318 for -1: [3909bd6a-278d-4911-9d70-32680c972d02:192.168.157.223:33343, d2424f4d-20d2-4104-abcc-02e6288f3ffc:192.168.157.223:39352, 7c510082-4284-44ef-8cd9-bb38fb15579f:192.168.157.223:33098], old=null
2019-10-17 21:16:09,289 [grpc-default-executor-4] INFO  impl.RaftServerImpl (RaftServerImpl.java:setRole(184)) - 3909bd6a-278d-4911-9d70-32680c972d02@group-62509A8A5C15: changes role from  FOLLOWER to FOLLOWER at term 318 for recognizeCandidate:d2424f4d-20d2-4104-abcc-02e6288f3ffc
2019-10-17 21:16:09,289 [grpc-default-executor-2] INFO  impl.RaftServerImpl (RaftServerImpl.java:setRole(184)) - 7c510082-4284-44ef-8cd9-bb38fb15579f@group-62509A8A5C15: changes role from  FOLLOWER to FOLLOWER at term 318 for recognizeCandidate:d2424f4d-20d2-4104-abcc-02e6288f3ffc
2019-10-17 21:16:09,289 [grpc-default-executor-4] INFO  impl.RoleInfo (RoleInfo.java:shutdownFollowerState(121)) - 3909bd6a-278d-4911-9d70-32680c972d02: shutdown FollowerState
2019-10-17 21:16:09,289 [grpc-default-executor-2] INFO  impl.RoleInfo (RoleInfo.java:shutdownFollowerState(121)) - 7c510082-4284-44ef-8cd9-bb38fb15579f: shutdown FollowerState
2019-10-17 21:16:09,289 [Thread-2170] INFO  impl.FollowerState (FollowerState.java:run(117)) - 3909bd6a-278d-4911-9d70-32680c972d02@group-62509A8A5C15-FollowerState was interrupted: java.lang.InterruptedException: sleep interrupted
2019-10-17 21:16:09,289 [grpc-default-executor-4] INFO  impl.RoleInfo (RoleInfo.java:updateAndGet(143)) - 3909bd6a-278d-4911-9d70-32680c972d02: start FollowerState
2019-10-17 21:16:09,289 [Thread-2171] INFO  impl.FollowerState (FollowerState.java:run(117)) - 7c510082-4284-44ef-8cd9-bb38fb15579f@group-62509A8A5C15-FollowerState was interrupted: java.lang.InterruptedException: sleep interrupted
2019-10-17 21:16:09,289 [grpc-default-executor-2] INFO  impl.RoleInfo (RoleInfo.java:updateAndGet(143)) - 7c510082-4284-44ef-8cd9-bb38fb15579f: start FollowerState
2019-10-17 21:16:09,297 [d2424f4d-20d2-4104-abcc-02e6288f3ffc@group-62509A8A5C15-LeaderElection293] INFO  impl.LeaderElection (LeaderElection.java:logAndReturn(56)) - d2424f4d-20d2-4104-abcc-02e6288f3ffc@group-62509A8A5C15-LeaderElection293: Election REJECTED; received 2 response(s) [d2424f4d-20d2-4104-abcc-02e6288f3ffc<-3909bd6a-278d-4911-9d70-32680c972d02#0:FAIL-t318, d2424f4d-20d2-4104-abcc-02e6288f3ffc<-7c510082-4284-44ef-8cd9-bb38fb15579f#0:FAIL-t318] and 0 exception(s); d2424f4d-20d2-4104-abcc-02e6288f3ffc@group-62509A8A5C15:t318, leader=null, voted=d2424f4d-20d2-4104-abcc-02e6288f3ffc, raftlog=d2424f4d-20d2-4104-abcc-02e6288f3ffc@group-62509A8A5C15-SegmentedRaftLog:OPENED:c-1,f-1,i0, conf=-1: [3909bd6a-278d-4911-9d70-32680c972d02:192.168.157.223:33343, d2424f4d-20d2-4104-abcc-02e6288f3ffc:192.168.157.223:39352, 7c510082-4284-44ef-8cd9-bb38fb15579f:192.168.157.223:33098], old=null
2019-10-17 21:16:09,297 [d2424f4d-20d2-4104-abcc-02e6288f3ffc@group-62509A8A5C15-LeaderElection293] INFO  impl.RaftServerImpl (RaftServerImpl.java:setRole(184)) - d2424f4d-20d2-4104-abcc-02e6288f3ffc@group-62509A8A5C15: changes role from CANDIDATE to FOLLOWER at term 318 for DISCOVERED_A_NEW_TERM
2019-10-17 21:16:09,297 [d2424f4d-20d2-4104-abcc-02e6288f3ffc@group-62509A8A5C15-LeaderElection293] INFO  impl.RoleInfo (RoleInfo.java:shutdownLeaderElection(134)) - d2424f4d-20d2-4104-abcc-02e6288f3ffc: shutdown LeaderElection
2019-10-17 21:16:09,298 [d2424f4d-20d2-4104-abcc-02e6288f3ffc@group-62509A8A5C15-LeaderElection293] INFO  impl.RoleInfo (RoleInfo.java:updateAndGet(143)) - d2424f4d-20d2-4104-abcc-02e6288f3ffc: start FollowerState
2019-10-17 21:16:09,470 [Thread-2178] INFO  impl.FollowerState (FollowerState.java:run(108)) - d2424f4d-20d2-4104-abcc-02e6288f3ffc@group-62509A8A5C15-FollowerState: change to CANDIDATE, lastRpcTime:172ms, electionTimeout:172ms
2019-10-17 21:16:09,470 [Thread-2178] INFO  impl.RoleInfo (RoleInfo.java:shutdownFollowerState(121)) - d2424f4d-20d2-4104-abcc-02e6288f3ffc: shutdown FollowerState
2019-10-17 21:16:09,470 [Thread-2178] INFO  impl.RaftServerImpl (RaftServerImpl.java:setRole(184)) - d2424f4d-20d2-4104-abcc-02e6288f3ffc@group-62509A8A5C15: changes role from  FOLLOWER to CANDIDATE at term 318 for changeToCandidate
2019-10-17 21:16:09,470 [Thread-2178] INFO  impl.RoleInfo (RoleInfo.java:updateAndGet(143)) - d2424f4d-20d2-4104-abcc-02e6288f3ffc: start LeaderElection
2019-10-17 21:16:09,497 [d2424f4d-20d2-4104-abcc-02e6288f3ffc@group-62509A8A5C15-LeaderElection294] INFO  impl.LeaderElection (LeaderElection.java:askForVotes(178)) - d2424f4d-20d2-4104-abcc-02e6288f3ffc@group-62509A8A5C15-LeaderElection294: begin an election at term 319 for -1: [3909bd6a-278d-4911-9d70-32680c972d02:192.168.157.223:33343, d2424f4d-20d2-4104-abcc-02e6288f3ffc:192.168.157.223:39352, 7c510082-4284-44ef-8cd9-bb38fb15579f:192.168.157.223:33098], old=null
2019-10-17 21:16:09,499 [grpc-default-executor-2] INFO  impl.RaftServerImpl (RaftServerImpl.java:setRole(184)) - 7c510082-4284-44ef-8cd9-bb38fb15579f@group-62509A8A5C15: changes role from  FOLLOWER to FOLLOWER at term 319 for recognizeCandidate:d2424f4d-20d2-4104-abcc-02e6288f3ffc
2019-10-17 21:16:09,499 [grpc-default-executor-4] INFO  impl.RaftServerImpl (RaftServerImpl.java:setRole(184)) - 3909bd6a-278d-4911-9d70-32680c972d02@group-62509A8A5C15: changes role from  FOLLOWER to FOLLOWER at term 319 for recognizeCandidate:d2424f4d-20d2-4104-abcc-02e6288f3ffc
2019-10-17 21:16:09,499 [grpc-default-executor-2] INFO  impl.RoleInfo (RoleInfo.java:shutdownFollowerState(121)) - 7c510082-4284-44ef-8cd9-bb38fb15579f: shutdown FollowerState
2019-10-17 21:16:09,499 [grpc-default-executor-4] INFO  impl.RoleInfo (RoleInfo.java:shutdownFollowerState(121)) - 3909bd6a-278d-4911-9d70-32680c972d02: shutdown FollowerState
2019-10-17 21:16:09,499 [Thread-2177] INFO  impl.FollowerState (FollowerState.java:run(117)) - 7c510082-4284-44ef-8cd9-bb38fb15579f@group-62509A8A5C15-FollowerState was interrupted: java.lang.InterruptedException: sleep interrupted
2019-10-17 21:16:09,499 [grpc-default-executor-2] INFO  impl.RoleInfo (RoleInfo.java:updateAndGet(143)) - 7c510082-4284-44ef-8cd9-bb38fb15579f: start FollowerState
2019-10-17 21:16:09,499 [Thread-2176] INFO  impl.FollowerState (FollowerState.java:run(117)) - 3909bd6a-278d-4911-9d70-32680c972d02@group-62509A8A5C15-FollowerState was interrupted: java.lang.InterruptedException: sleep interrupted
2019-10-17 21:16:09,499 [grpc-default-executor-4] INFO  impl.RoleInfo (RoleInfo.java:updateAndGet(143)) - 3909bd6a-278d-4911-9d70-32680c972d02: start FollowerState
2019-10-17 21:16:09,515 [d2424f4d-20d2-4104-abcc-02e6288f3ffc@group-62509A8A5C15-LeaderElection294] INFO  impl.LeaderElection (LeaderElection.java:logAndReturn(56)) - d2424f4d-20d2-4104-abcc-02e6288f3ffc@group-62509A8A5C15-LeaderElection294: Election REJECTED; received 2 response(s) [d2424f4d-20d2-4104-abcc-02e6288f3ffc<-3909bd6a-278d-4911-9d70-32680c972d02#0:FAIL-t319, d2424f4d-20d2-4104-abcc-02e6288f3ffc<-7c510082-4284-44ef-8cd9-bb38fb15579f#0:FAIL-t319] and 0 exception(s); d2424f4d-20d2-4104-abcc-02e6288f3ffc@group-62509A8A5C15:t319, leader=null, voted=d2424f4d-20d2-4104-abcc-02e6288f3ffc, raftlog=d2424f4d-20d2-4104-abcc-02e6288f3ffc@group-62509A8A5C15-SegmentedRaftLog:OPENED:c-1,f-1,i0, conf=-1: [3909bd6a-278d-4911-9d70-32680c972d02:192.168.157.223:33343, d2424f4d-20d2-4104-abcc-02e6288f3ffc:192.168.157.223:39352, 7c510082-4284-44ef-8cd9-bb38fb15579f:192.168.157.223:33098], old=null
2019-10-17 21:16:09,515 [d2424f4d-20d2-4104-abcc-02e6288f3ffc@group-62509A8A5C15-LeaderElection294] INFO  impl.RaftServerImpl (RaftServerImpl.java:setRole(184)) - d2424f4d-20d2-4104-abcc-02e6288f3ffc@group-62509A8A5C15: changes role from CANDIDATE to FOLLOWER at term 319 for DISCOVERED_A_NEW_TERM
2019-10-17 21:16:09,515 [d2424f4d-20d2-4104-abcc-02e6288f3ffc@group-62509A8A5C15-LeaderElection294] INFO  impl.RoleInfo (RoleInfo.java:shutdownLeaderElection(134)) - d2424f4d-20d2-4104-abcc-02e6288f3ffc: shutdown LeaderElection
2019-10-17 21:16:09,516 [d2424f4d-20d2-4104-abcc-02e6288f3ffc@group-62509A8A5C15-LeaderElection294] INFO  impl.RoleInfo (RoleInfo.java:updateAndGet(143)) - d2424f4d-20d2-4104-abcc-02e6288f3ffc: start FollowerState
2019-10-17 21:16:09,614 [Thread-2184] INFO  impl.FollowerState (FollowerState.java:run(108)) - d2424f4d-20d2-4104-abcc-02e6288f3ffc@group-62509A8A5C15-FollowerState: change to CANDIDATE, lastRpcTime:98ms, electionTimeout:98ms
2019-10-17 21:16:09,615 [Thread-2184] INFO  impl.RoleInfo (RoleInfo.java:shutdownFollowerState(121)) - d2424f4d-20d2-4104-abcc-02e6288f3ffc: shutdown FollowerState
2019-10-17 21:16:09,615 [Thread-2184] INFO  impl.RaftServerImpl (RaftServerImpl.java:setRole(184)) - d2424f4d-20d2-4104-abcc-02e6288f3ffc@group-62509A8A5C15: changes role from  FOLLOWER to CANDIDATE at term 319 for changeToCandidate
2019-10-17 21:16:09,615 [Thread-2184] INFO  impl.RoleInfo (RoleInfo.java:updateAndGet(143)) - d2424f4d-20d2-4104-abcc-02e6288f3ffc: start LeaderElection
2019-10-17 21:16:09,630 [d2424f4d-20d2-4104-abcc-02e6288f3ffc@group-62509A8A5C15-LeaderElection295] INFO  impl.LeaderElection (LeaderElection.java:askForVotes(178)) - d2424f4d-20d2-4104-abcc-02e6288f3ffc@group-62509A8A5C15-LeaderElection295: begin an election at term 320 for -1: [3909bd6a-278d-4911-9d70-32680c972d02:192.168.157.223:33343, d2424f4d-20d2-4104-abcc-02e6288f3ffc:192.168.157.223:39352, 7c510082-4284-44ef-8cd9-bb38fb15579f:192.168.157.223:33098], old=null
2019-10-17 21:16:09,633 [grpc-default-executor-4] INFO  impl.RaftServerImpl (RaftServerImpl.java:setRole(184)) - 7c510082-4284-44ef-8cd9-bb38fb15579f@group-62509A8A5C15: changes role from  FOLLOWER to FOLLOWER at term 320 for recognizeCandidate:d2424f4d-20d2-4104-abcc-02e6288f3ffc
2019-10-17 21:16:09,633 [grpc-default-executor-4] INFO  impl.RoleInfo (RoleInfo.java:shutdownFollowerState(121)) - 7c510082-4284-44ef-8cd9-bb38fb15579f: shutdown FollowerState
2019-10-17 21:16:09,633 [grpc-default-executor-2] INFO  impl.RaftServerImpl (RaftServerImpl.java:setRole(184)) - 3909bd6a-278d-4911-9d70-32680c972d02@group-62509A8A5C15: changes role from  FOLLOWER to FOLLOWER at term 320 for recognizeCandidate:d2424f4d-20d2-4104-abcc-02e6288f3ffc
2019-10-17 21:16:09,633 [grpc-default-executor-2] INFO  impl.RoleInfo (RoleInfo.java:shutdownFollowerState(121)) - 3909bd6a-278d-4911-9d70-32680c972d02: shutdown FollowerState
2019-10-17 21:16:09,633 [Thread-2182] INFO  impl.FollowerState (FollowerState.java:run(117)) - 7c510082-4284-44ef-8cd9-bb38fb15579f@group-62509A8A5C15-FollowerState was interrupted: java.lang.InterruptedException: sleep interrupted
2019-10-17 21:16:09,633 [grpc-default-executor-4] INFO  impl.RoleInfo (RoleInfo.java:updateAndGet(143)) - 7c510082-4284-44ef-8cd9-bb38fb15579f: start FollowerState
2019-10-17 21:16:09,633 [Thread-2183] INFO  impl.FollowerState (FollowerState.java:run(117)) - 3909bd6a-278d-4911-9d70-32680c972d02@group-62509A8A5C15-FollowerState was interrupted: java.lang.InterruptedException: sleep interrupted
2019-10-17 21:16:09,633 [grpc-default-executor-2] INFO  impl.RoleInfo (RoleInfo.java:updateAndGet(143)) - 3909bd6a-278d-4911-9d70-32680c972d02: start FollowerState
2019-10-17 21:16:09,654 [d2424f4d-20d2-4104-abcc-02e6288f3ffc@group-62509A8A5C15-LeaderElection295] INFO  impl.LeaderElection (LeaderElection.java:logAndReturn(56)) - d2424f4d-20d2-4104-abcc-02e6288f3ffc@group-62509A8A5C15-LeaderElection295: Election REJECTED; received 2 response(s) [d2424f4d-20d2-4104-abcc-02e6288f3ffc<-3909bd6a-278d-4911-9d70-32680c972d02#0:FAIL-t320, d2424f4d-20d2-4104-abcc-02e6288f3ffc<-7c510082-4284-44ef-8cd9-bb38fb15579f#0:FAIL-t320] and 0 exception(s); d2424f4d-20d2-4104-abcc-02e6288f3ffc@group-62509A8A5C15:t320, leader=null, voted=d2424f4d-20d2-4104-abcc-02e6288f3ffc, raftlog=d2424f4d-20d2-4104-abcc-02e6288f3ffc@group-62509A8A5C15-SegmentedRaftLog:OPENED:c-1,f-1,i0, conf=-1: [3909bd6a-278d-4911-9d70-32680c972d02:192.168.157.223:33343, d2424f4d-20d2-4104-abcc-02e6288f3ffc:192.168.157.223:39352, 7c510082-4284-44ef-8cd9-bb38fb15579f:192.168.157.223:33098], old=null
2019-10-17 21:16:09,654 [d2424f4d-20d2-4104-abcc-02e6288f3ffc@group-62509A8A5C15-LeaderElection295] INFO  impl.RaftServerImpl (RaftServerImpl.java:setRole(184)) - d2424f4d-20d2-4104-abcc-02e6288f3ffc@group-62509A8A5C15: changes role from CANDIDATE to FOLLOWER at term 320 for DISCOVERED_A_NEW_TERM
2019-10-17 21:16:09,654 [d2424f4d-20d2-4104-abcc-02e6288f3ffc@group-62509A8A5C15-LeaderElection295] INFO  impl.RoleInfo (RoleInfo.java:shutdownLeaderElection(134)) - d2424f4d-20d2-4104-abcc-02e6288f3ffc: shutdown LeaderElection
2019-10-17 21:16:09,655 [d2424f4d-20d2-4104-abcc-02e6288f3ffc@group-62509A8A5C15-LeaderElection295] INFO  impl.RoleInfo (RoleInfo.java:updateAndGet(143)) - d2424f4d-20d2-4104-abcc-02e6288f3ffc: start FollowerState
2019-10-17 21:16:09,820 [Thread-2190] INFO  impl.FollowerState (FollowerState.java:run(108)) - d2424f4d-20d2-4104-abcc-02e6288f3ffc@group-62509A8A5C15-FollowerState: change to CANDIDATE, lastRpcTime:165ms, electionTimeout:165ms
2019-10-17 21:16:09,820 [Thread-2190] INFO  impl.RoleInfo (RoleInfo.java:shutdownFollowerState(121)) - d2424f4d-20d2-4104-abcc-02e6288f3ffc: shutdown FollowerState
2019-10-17 21:16:09,820 [Thread-2190] INFO  impl.RaftServerImpl (RaftServerImpl.java:setRole(184)) - d2424f4d-20d2-4104-abcc-02e6288f3ffc@group-62509A8A5C15: changes role from  FOLLOWER to CANDIDATE at term 320 for changeToCandidate
2019-10-17 21:16:09,820 [Thread-2190] INFO  impl.RoleInfo (RoleInfo.java:updateAndGet(143)) - d2424f4d-20d2-4104-abcc-02e6288f3ffc: start LeaderElection
2019-10-17 21:16:09,835 [d2424f4d-20d2-4104-abcc-02e6288f3ffc@group-62509A8A5C15-LeaderElection296] INFO  impl.LeaderElection (LeaderElection.java:askForVotes(178)) - d2424f4d-20d2-4104-abcc-02e6288f3ffc@group-62509A8A5C15-LeaderElection296: begin an election at term 321 for -1: [3909bd6a-278d-4911-9d70-32680c972d02:192.168.157.223:33343, d2424f4d-20d2-4104-abcc-02e6288f3ffc:192.168.157.223:39352, 7c510082-4284-44ef-8cd9-bb38fb15579f:192.168.157.223:33098], old=null
2019-10-17 21:16:09,837 [grpc-default-executor-2] INFO  impl.RaftServerImpl (RaftServerImpl.java:setRole(184)) - 3909bd6a-278d-4911-9d70-32680c972d02@group-62509A8A5C15: changes role from  FOLLOWER to FOLLOWER at term 321 for recognizeCandidate:d2424f4d-20d2-4104-abcc-02e6288f3ffc
2019-10-17 21:16:09,837 [grpc-default-executor-4] INFO  impl.RaftServerImpl (RaftServerImpl.java:setRole(184)) - 7c510082-4284-44ef-8cd9-bb38fb15579f@group-62509A8A5C15: changes role from  FOLLOWER to FOLLOWER at term 321 for recognizeCandidate:d2424f4d-20d2-4104-abcc-02e6288f3ffc
2019-10-17 21:16:09,838 [d2424f4d-20d2-4104-abcc-02e6288f3ffc@group-62509A8A5C15-LeaderElection296] INFO  impl.LeaderElection (LeaderElection.java:logAndReturn(56)) - d2424f4d-20d2-4104-abcc-02e6288f3ffc@group-62509A8A5C15-LeaderElection296: Election TIMEOUT; received 0 response(s) [] and 0 exception(s); d2424f4d-20d2-4104-abcc-02e6288f3ffc@group-62509A8A5C15:t321, leader=null, voted=d2424f4d-20d2-4104-abcc-02e6288f3ffc, raftlog=d2424f4d-20d2-4104-abcc-02e6288f3ffc@group-62509A8A5C15-SegmentedRaftLog:OPENED:c-1,f-1,i0, conf=-1: [3909bd6a-278d-4911-9d70-32680c972d02:192.168.157.223:33343, d2424f4d-20d2-4104-abcc-02e6288f3ffc:192.168.157.223:39352, 7c510082-4284-44ef-8cd9-bb38fb15579f:192.168.157.223:33098], old=null
2019-10-17 21:16:09,838 [grpc-default-executor-2] INFO  impl.RoleInfo (RoleInfo.java:shutdownFollowerState(121)) - 3909bd6a-278d-4911-9d70-32680c972d02: shutdown FollowerState
2019-10-17 21:16:09,838 [grpc-default-executor-4] INFO  impl.RoleInfo (RoleInfo.java:shutdownFollowerState(121)) - 7c510082-4284-44ef-8cd9-bb38fb15579f: shutdown FollowerState
2019-10-17 21:16:09,838 [Thread-2189] INFO  impl.FollowerState (FollowerState.java:run(117)) - 3909bd6a-278d-4911-9d70-32680c972d02@group-62509A8A5C15-FollowerState was interrupted: java.lang.InterruptedException: sleep interrupted
2019-10-17 21:16:09,838 [grpc-default-executor-2] INFO  impl.RoleInfo (RoleInfo.java:updateAndGet(143)) - 3909bd6a-278d-4911-9d70-32680c972d02: start FollowerState
2019-10-17 21:16:09,838 [Thread-2188] INFO  impl.FollowerState (FollowerState.java:run(117)) - 7c510082-4284-44ef-8cd9-bb38fb15579f@group-62509A8A5C15-FollowerState was interrupted: java.lang.InterruptedException: sleep interrupted
2019-10-17 21:16:09,838 [grpc-default-executor-4] INFO  impl.RoleInfo (RoleInfo.java:updateAndGet(143)) - 7c510082-4284-44ef-8cd9-bb38fb15579f: start FollowerState
2019-10-17 21:16:09,851 [d2424f4d-20d2-4104-abcc-02e6288f3ffc@group-62509A8A5C15-LeaderElection296] INFO  impl.LeaderElection (LeaderElection.java:askForVotes(178)) - d2424f4d-20d2-4104-abcc-02e6288f3ffc@group-62509A8A5C15-LeaderElection296: begin an election at term 322 for -1: [3909bd6a-278d-4911-9d70-32680c972d02:192.168.157.223:33343, d2424f4d-20d2-4104-abcc-02e6288f3ffc:192.168.157.223:39352, 7c510082-4284-44ef-8cd9-bb38fb15579f:192.168.157.223:33098], old=null
2019-10-17 21:16:09,852 [grpc-default-executor-2] INFO  impl.RaftServerImpl (RaftServerImpl.java:setRole(184)) - 3909bd6a-278d-4911-9d70-32680c972d02@group-62509A8A5C15: changes role from  FOLLOWER to FOLLOWER at term 322 for recognizeCandidate:d2424f4d-20d2-4104-abcc-02e6288f3ffc
2019-10-17 21:16:09,852 [grpc-default-executor-2] INFO  impl.RoleInfo (RoleInfo.java:shutdownFollowerState(121)) - 3909bd6a-278d-4911-9d70-32680c972d02: shutdown FollowerState
2019-10-17 21:16:09,853 [grpc-default-executor-4] INFO  impl.RaftServerImpl (RaftServerImpl.java:setRole(184)) - 7c510082-4284-44ef-8cd9-bb38fb15579f@group-62509A8A5C15: changes role from  FOLLOWER to FOLLOWER at term 322 for recognizeCandidate:d2424f4d-20d2-4104-abcc-02e6288f3ffc
2019-10-17 21:16:09,853 [Thread-2194] INFO  impl.FollowerState (FollowerState.java:run(117)) - 3909bd6a-278d-4911-9d70-32680c972d02@group-62509A8A5C15-FollowerState was interrupted: java.lang.InterruptedException: sleep interrupted
2019-10-17 21:16:09,853 [grpc-default-executor-2] INFO  impl.RoleInfo (RoleInfo.java:updateAndGet(143)) - 3909bd6a-278d-4911-9d70-32680c972d02: start FollowerState
2019-10-17 21:16:09,853 [grpc-default-executor-4] INFO  impl.RoleInfo (RoleInfo.java:shutdownFollowerState(121)) - 7c510082-4284-44ef-8cd9-bb38fb15579f: shutdown FollowerState
2019-10-17 21:16:09,853 [Thread-2195] INFO  impl.FollowerState (FollowerState.java:run(117)) - 7c510082-4284-44ef-8cd9-bb38fb15579f@group-62509A8A5C15-FollowerState was interrupted: java.lang.InterruptedException: sleep interrupted
2019-10-17 21:16:09,853 [grpc-default-executor-4] INFO  impl.RoleInfo (RoleInfo.java:updateAndGet(143)) - 7c510082-4284-44ef-8cd9-bb38fb15579f: start FollowerState
2019-10-17 21:16:09,867 [d2424f4d-20d2-4104-abcc-02e6288f3ffc@group-62509A8A5C15-LeaderElection296] INFO  impl.LeaderElection (LeaderElection.java:logAndReturn(56)) - d2424f4d-20d2-4104-abcc-02e6288f3ffc@group-62509A8A5C15-LeaderElection296: Election REJECTED; received 2 response(s) [d2424f4d-20d2-4104-abcc-02e6288f3ffc<-3909bd6a-278d-4911-9d70-32680c972d02#0:FAIL-t322, d2424f4d-20d2-4104-abcc-02e6288f3ffc<-7c510082-4284-44ef-8cd9-bb38fb15579f#0:FAIL-t322] and 0 exception(s); d2424f4d-20d2-4104-abcc-02e6288f3ffc@group-62509A8A5C15:t322, leader=null, voted=d2424f4d-20d2-4104-abcc-02e6288f3ffc, raftlog=d2424f4d-20d2-4104-abcc-02e6288f3ffc@group-62509A8A5C15-SegmentedRaftLog:OPENED:c-1,f-1,i0, conf=-1: [3909bd6a-278d-4911-9d70-32680c972d02:192.168.157.223:33343, d2424f4d-20d2-4104-abcc-02e6288f3ffc:192.168.157.223:39352, 7c510082-4284-44ef-8cd9-bb38fb15579f:192.168.157.223:33098], old=null
2019-10-17 21:16:09,867 [d2424f4d-20d2-4104-abcc-02e6288f3ffc@group-62509A8A5C15-LeaderElection296] INFO  impl.RaftServerImpl (RaftServerImpl.java:setRole(184)) - d2424f4d-20d2-4104-abcc-02e6288f3ffc@group-62509A8A5C15: changes role from CANDIDATE to FOLLOWER at term 322 for DISCOVERED_A_NEW_TERM
2019-10-17 21:16:09,867 [d2424f4d-20d2-4104-abcc-02e6288f3ffc@group-62509A8A5C15-LeaderElection296] INFO  impl.RoleInfo (RoleInfo.java:shutdownLeaderElection(134)) - d2424f4d-20d2-4104-abcc-02e6288f3ffc: shutdown LeaderElection
2019-10-17 21:16:09,867 [d2424f4d-20d2-4104-abcc-02e6288f3ffc@group-62509A8A5C15-LeaderElection296] INFO  impl.RoleInfo (RoleInfo.java:updateAndGet(143)) - d2424f4d-20d2-4104-abcc-02e6288f3ffc: start FollowerState
2019-10-17 21:16:09,910 [Thread-2200] INFO  impl.FollowerState (FollowerState.java:run(108)) - d2424f4d-20d2-4104-abcc-02e6288f3ffc@group-62509A8A5C15-FollowerState: change to CANDIDATE, lastRpcTime:42ms, electionTimeout:42ms
2019-10-17 21:16:09,910 [Thread-2200] INFO  impl.RoleInfo (RoleInfo.java:shutdownFollowerState(121)) - d2424f4d-20d2-4104-abcc-02e6288f3ffc: shutdown FollowerState
2019-10-17 21:16:09,910 [Thread-2200] INFO  impl.RaftServerImpl (RaftServerImpl.java:setRole(184)) - d2424f4d-20d2-4104-abcc-02e6288f3ffc@group-62509A8A5C15: changes role from  FOLLOWER to CANDIDATE at term 322 for changeToCandidate
2019-10-17 21:16:09,910 [Thread-2200] INFO  impl.RoleInfo (RoleInfo.java:updateAndGet(143)) - d2424f4d-20d2-4104-abcc-02e6288f3ffc: start LeaderElection
2019-10-17 21:16:09,924 [d2424f4d-20d2-4104-abcc-02e6288f3ffc@group-62509A8A5C15-LeaderElection297] INFO  impl.LeaderElection (LeaderElection.java:askForVotes(178)) - d2424f4d-20d2-4104-abcc-02e6288f3ffc@group-62509A8A5C15-LeaderElection297: begin an election at term 323 for -1: [3909bd6a-278d-4911-9d70-32680c972d02:192.168.157.223:33343, d2424f4d-20d2-4104-abcc-02e6288f3ffc:192.168.157.223:39352, 7c510082-4284-44ef-8cd9-bb38fb15579f:192.168.157.223:33098], old=null
2019-10-17 21:16:09,925 [grpc-default-executor-2] INFO  impl.RaftServerImpl (RaftServerImpl.java:setRole(184)) - 3909bd6a-278d-4911-9d70-32680c972d02@group-62509A8A5C15: changes role from  FOLLOWER to FOLLOWER at term 323 for recognizeCandidate:d2424f4d-20d2-4104-abcc-02e6288f3ffc
2019-10-17 21:16:09,925 [grpc-default-executor-4] INFO  impl.RaftServerImpl (RaftServerImpl.java:setRole(184)) - 7c510082-4284-44ef-8cd9-bb38fb15579f@group-62509A8A5C15: changes role from  FOLLOWER to FOLLOWER at term 323 for recognizeCandidate:d2424f4d-20d2-4104-abcc-02e6288f3ffc
2019-10-17 21:16:09,925 [grpc-default-executor-2] INFO  impl.RoleInfo (RoleInfo.java:shutdownFollowerState(121)) - 3909bd6a-278d-4911-9d70-32680c972d02: shutdown FollowerState
2019-10-17 21:16:09,925 [grpc-default-executor-4] INFO  impl.RoleInfo (RoleInfo.java:shutdownFollowerState(121)) - 7c510082-4284-44ef-8cd9-bb38fb15579f: shutdown FollowerState
2019-10-17 21:16:09,926 [Thread-2198] INFO  impl.FollowerState (FollowerState.java:run(117)) - 3909bd6a-278d-4911-9d70-32680c972d02@group-62509A8A5C15-FollowerState was interrupted: java.lang.InterruptedException: sleep interrupted
2019-10-17 21:16:09,926 [grpc-default-executor-2] INFO  impl.RoleInfo (RoleInfo.java:updateAndGet(143)) - 3909bd6a-278d-4911-9d70-32680c972d02: start FollowerState
2019-10-17 21:16:09,926 [Thread-2199] INFO  impl.FollowerState (FollowerState.java:run(117)) - 7c510082-4284-44ef-8cd9-bb38fb15579f@group-62509A8A5C15-FollowerState was interrupted: java.lang.InterruptedException: sleep interrupted
2019-10-17 21:16:09,926 [grpc-default-executor-4] INFO  impl.RoleInfo (RoleInfo.java:updateAndGet(143)) - 7c510082-4284-44ef-8cd9-bb38fb15579f: start FollowerState
2019-10-17 21:16:09,953 [d2424f4d-20d2-4104-abcc-02e6288f3ffc@group-62509A8A5C15-LeaderElection297] INFO  impl.LeaderElection (LeaderElection.java:logAndReturn(56)) - d2424f4d-20d2-4104-abcc-02e6288f3ffc@group-62509A8A5C15-LeaderElection297: Election REJECTED; received 2 response(s) [d2424f4d-20d2-4104-abcc-02e6288f3ffc<-3909bd6a-278d-4911-9d70-32680c972d02#0:FAIL-t323, d2424f4d-20d2-4104-abcc-02e6288f3ffc<-7c510082-4284-44ef-8cd9-bb38fb15579f#0:FAIL-t323] and 0 exception(s); d2424f4d-20d2-4104-abcc-02e6288f3ffc@group-62509A8A5C15:t323, leader=null, voted=d2424f4d-20d2-4104-abcc-02e6288f3ffc, raftlog=d2424f4d-20d2-4104-abcc-02e6288f3ffc@group-62509A8A5C15-SegmentedRaftLog:OPENED:c-1,f-1,i0, conf=-1: [3909bd6a-278d-4911-9d70-32680c972d02:192.168.157.223:33343, d2424f4d-20d2-4104-abcc-02e6288f3ffc:192.168.157.223:39352, 7c510082-4284-44ef-8cd9-bb38fb15579f:192.168.157.223:33098], old=null
2019-10-17 21:16:09,953 [d2424f4d-20d2-4104-abcc-02e6288f3ffc@group-62509A8A5C15-LeaderElection297] INFO  impl.RaftServerImpl (RaftServerImpl.java:setRole(184)) - d2424f4d-20d2-4104-abcc-02e6288f3ffc@group-62509A8A5C15: changes role from CANDIDATE to FOLLOWER at term 323 for DISCOVERED_A_NEW_TERM
2019-10-17 21:16:09,953 [d2424f4d-20d2-4104-abcc-02e6288f3ffc@group-62509A8A5C15-LeaderElection297] INFO  impl.RoleInfo (RoleInfo.java:shutdownLeaderElection(134)) - d2424f4d-20d2-4104-abcc-02e6288f3ffc: shutdown LeaderElection
2019-10-17 21:16:09,953 [d2424f4d-20d2-4104-abcc-02e6288f3ffc@group-62509A8A5C15-LeaderElection297] INFO  impl.RoleInfo (RoleInfo.java:updateAndGet(143)) - d2424f4d-20d2-4104-abcc-02e6288f3ffc: start FollowerState
2019-10-17 21:16:10,080 [Thread-2206] INFO  impl.FollowerState (FollowerState.java:run(108)) - d2424f4d-20d2-4104-abcc-02e6288f3ffc@group-62509A8A5C15-FollowerState: change to CANDIDATE, lastRpcTime:126ms, electionTimeout:126ms
2019-10-17 21:16:10,080 [Thread-2206] INFO  impl.RoleInfo (RoleInfo.java:shutdownFollowerState(121)) - d2424f4d-20d2-4104-abcc-02e6288f3ffc: shutdown FollowerState
2019-10-17 21:16:10,081 [Thread-2206] INFO  impl.RaftServerImpl (RaftServerImpl.java:setRole(184)) - d2424f4d-20d2-4104-abcc-02e6288f3ffc@group-62509A8A5C15: changes role from  FOLLOWER to CANDIDATE at term 323 for changeToCandidate
2019-10-17 21:16:10,081 [Thread-2206] INFO  impl.RoleInfo (RoleInfo.java:updateAndGet(143)) - d2424f4d-20d2-4104-abcc-02e6288f3ffc: start LeaderElection
2019-10-17 21:16:10,097 [d2424f4d-20d2-4104-abcc-02e6288f3ffc@group-62509A8A5C15-LeaderElection298] INFO  impl.LeaderElection (LeaderElection.java:askForVotes(178)) - d2424f4d-20d2-4104-abcc-02e6288f3ffc@group-62509A8A5C15-LeaderElection298: begin an election at term 324 for -1: [3909bd6a-278d-4911-9d70-32680c972d02:192.168.157.223:33343, d2424f4d-20d2-4104-abcc-02e6288f3ffc:192.168.157.223:39352, 7c510082-4284-44ef-8cd9-bb38fb15579f:192.168.157.223:33098], old=null
2019-10-17 21:16:10,101 [grpc-default-executor-2] INFO  impl.RaftServerImpl (RaftServerImpl.java:setRole(184)) - 3909bd6a-278d-4911-9d70-32680c972d02@group-62509A8A5C15: changes role from  FOLLOWER to FOLLOWER at term 324 for recognizeCandidate:d2424f4d-20d2-4104-abcc-02e6288f3ffc
2019-10-17 21:16:10,101 [grpc-default-executor-4] INFO  impl.RaftServerImpl (RaftServerImpl.java:setRole(184)) - 7c510082-4284-44ef-8cd9-bb38fb15579f@group-62509A8A5C15: changes role from  FOLLOWER to FOLLOWER at term 324 for recognizeCandidate:d2424f4d-20d2-4104-abcc-02e6288f3ffc
2019-10-17 21:16:10,101 [grpc-default-executor-2] INFO  impl.RoleInfo (RoleInfo.java:shutdownFollowerState(121)) - 3909bd6a-278d-4911-9d70-32680c972d02: shutdown FollowerState
2019-10-17 21:16:10,101 [grpc-default-executor-4] INFO  impl.RoleInfo (RoleInfo.java:shutdownFollowerState(121)) - 7c510082-4284-44ef-8cd9-bb38fb15579f: shutdown FollowerState
2019-10-17 21:16:10,101 [grpc-default-executor-2] INFO  impl.RoleInfo (RoleInfo.java:updateAndGet(143)) - 3909bd6a-278d-4911-9d70-32680c972d02: start FollowerState
2019-10-17 21:16:10,102 [Thread-2205] INFO  impl.FollowerState (FollowerState.java:run(117)) - 7c510082-4284-44ef-8cd9-bb38fb15579f@group-62509A8A5C15-FollowerState was interrupted: java.lang.InterruptedException: sleep interrupted
2019-10-17 21:16:10,101 [Thread-2204] INFO  impl.FollowerState (FollowerState.java:run(117)) - 3909bd6a-278d-4911-9d70-32680c972d02@group-62509A8A5C15-FollowerState was interrupted: java.lang.InterruptedException: sleep interrupted
2019-10-17 21:16:10,102 [grpc-default-executor-4] INFO  impl.RoleInfo (RoleInfo.java:updateAndGet(143)) - 7c510082-4284-44ef-8cd9-bb38fb15579f: start FollowerState
2019-10-17 21:16:10,113 [d2424f4d-20d2-4104-abcc-02e6288f3ffc@group-62509A8A5C15-LeaderElection298] INFO  impl.LeaderElection (LeaderElection.java:logAndReturn(56)) - d2424f4d-20d2-4104-abcc-02e6288f3ffc@group-62509A8A5C15-LeaderElection298: Election TIMEOUT; received 0 response(s) [] and 0 exception(s); d2424f4d-20d2-4104-abcc-02e6288f3ffc@group-62509A8A5C15:t324, leader=null, voted=d2424f4d-20d2-4104-abcc-02e6288f3ffc, raftlog=d2424f4d-20d2-4104-abcc-02e6288f3ffc@group-62509A8A5C15-SegmentedRaftLog:OPENED:c-1,f-1,i0, conf=-1: [3909bd6a-278d-4911-9d70-32680c972d02:192.168.157.223:33343, d2424f4d-20d2-4104-abcc-02e6288f3ffc:192.168.157.223:39352, 7c510082-4284-44ef-8cd9-bb38fb15579f:192.168.157.223:33098], old=null
2019-10-17 21:16:10,129 [d2424f4d-20d2-4104-abcc-02e6288f3ffc@group-62509A8A5C15-LeaderElection298] INFO  impl.LeaderElection (LeaderElection.java:askForVotes(178)) - d2424f4d-20d2-4104-abcc-02e6288f3ffc@group-62509A8A5C15-LeaderElection298: begin an election at term 325 for -1: [3909bd6a-278d-4911-9d70-32680c972d02:192.168.157.223:33343, d2424f4d-20d2-4104-abcc-02e6288f3ffc:192.168.157.223:39352, 7c510082-4284-44ef-8cd9-bb38fb15579f:192.168.157.223:33098], old=null
2019-10-17 21:16:10,131 [grpc-default-executor-2] INFO  impl.RaftServerImpl (RaftServerImpl.java:setRole(184)) - 7c510082-4284-44ef-8cd9-bb38fb15579f@group-62509A8A5C15: changes role from  FOLLOWER to FOLLOWER at term 325 for recognizeCandidate:d2424f4d-20d2-4104-abcc-02e6288f3ffc
2019-10-17 21:16:10,131 [grpc-default-executor-4] INFO  impl.RaftServerImpl (RaftServerImpl.java:setRole(184)) - 3909bd6a-278d-4911-9d70-32680c972d02@group-62509A8A5C15: changes role from  FOLLOWER to FOLLOWER at term 325 for recognizeCandidate:d2424f4d-20d2-4104-abcc-02e6288f3ffc
2019-10-17 21:16:10,131 [grpc-default-executor-2] INFO  impl.RoleInfo (RoleInfo.java:shutdownFollowerState(121)) - 7c510082-4284-44ef-8cd9-bb38fb15579f: shutdown FollowerState
2019-10-17 21:16:10,131 [grpc-default-executor-4] INFO  impl.RoleInfo (RoleInfo.java:shutdownFollowerState(121)) - 3909bd6a-278d-4911-9d70-32680c972d02: shutdown FollowerState
2019-10-17 21:16:10,131 [Thread-2211] INFO  impl.FollowerState (FollowerState.java:run(117)) - 7c510082-4284-44ef-8cd9-bb38fb15579f@group-62509A8A5C15-FollowerState was interrupted: java.lang.InterruptedException: sleep interrupted
2019-10-17 21:16:10,131 [grpc-default-executor-2] INFO  impl.RoleInfo (RoleInfo.java:updateAndGet(143)) - 7c510082-4284-44ef-8cd9-bb38fb15579f: start FollowerState
2019-10-17 21:16:10,131 [grpc-default-executor-4] INFO  impl.RoleInfo (RoleInfo.java:updateAndGet(143)) - 3909bd6a-278d-4911-9d70-32680c972d02: start FollowerState
2019-10-17 21:16:10,131 [Thread-2210] INFO  impl.FollowerState (FollowerState.java:run(117)) - 3909bd6a-278d-4911-9d70-32680c972d02@group-62509A8A5C15-FollowerState was interrupted: java.lang.InterruptedException: sleep interrupted
2019-10-17 21:16:10,149 [d2424f4d-20d2-4104-abcc-02e6288f3ffc@group-62509A8A5C15-LeaderElection298] INFO  impl.LeaderElection (LeaderElection.java:logAndReturn(56)) - d2424f4d-20d2-4104-abcc-02e6288f3ffc@group-62509A8A5C15-LeaderElection298: Election REJECTED; received 2 response(s) [d2424f4d-20d2-4104-abcc-02e6288f3ffc<-3909bd6a-278d-4911-9d70-32680c972d02#0:FAIL-t325, d2424f4d-20d2-4104-abcc-02e6288f3ffc<-7c510082-4284-44ef-8cd9-bb38fb15579f#0:FAIL-t325] and 0 exception(s); d2424f4d-20d2-4104-abcc-02e6288f3ffc@group-62509A8A5C15:t325, leader=null, voted=d2424f4d-20d2-4104-abcc-02e6288f3ffc, raftlog=d2424f4d-20d2-4104-abcc-02e6288f3ffc@group-62509A8A5C15-SegmentedRaftLog:OPENED:c-1,f-1,i0, conf=-1: [3909bd6a-278d-4911-9d70-32680c972d02:192.168.157.223:33343, d2424f4d-20d2-4104-abcc-02e6288f3ffc:192.168.157.223:39352, 7c510082-4284-44ef-8cd9-bb38fb15579f:192.168.157.223:33098], old=null
2019-10-17 21:16:10,149 [d2424f4d-20d2-4104-abcc-02e6288f3ffc@group-62509A8A5C15-LeaderElection298] INFO  impl.RaftServerImpl (RaftServerImpl.java:setRole(184)) - d2424f4d-20d2-4104-abcc-02e6288f3ffc@group-62509A8A5C15: changes role from CANDIDATE to FOLLOWER at term 325 for DISCOVERED_A_NEW_TERM
2019-10-17 21:16:10,149 [d2424f4d-20d2-4104-abcc-02e6288f3ffc@group-62509A8A5C15-LeaderElection298] INFO  impl.RoleInfo (RoleInfo.java:shutdownLeaderElection(134)) - d2424f4d-20d2-4104-abcc-02e6288f3ffc: shutdown LeaderElection
2019-10-17 21:16:10,149 [d2424f4d-20d2-4104-abcc-02e6288f3ffc@group-62509A8A5C15-LeaderElection298] INFO  impl.RoleInfo (RoleInfo.java:updateAndGet(143)) - d2424f4d-20d2-4104-abcc-02e6288f3ffc: start FollowerState
2019-10-17 21:16:10,290 [Thread-2216] INFO  impl.FollowerState (FollowerState.java:run(108)) - d2424f4d-20d2-4104-abcc-02e6288f3ffc@group-62509A8A5C15-FollowerState: change to CANDIDATE, lastRpcTime:140ms, electionTimeout:140ms
2019-10-17 21:16:10,290 [Thread-2216] INFO  impl.RoleInfo (RoleInfo.java:shutdownFollowerState(121)) - d2424f4d-20d2-4104-abcc-02e6288f3ffc: shutdown FollowerState
2019-10-17 21:16:10,290 [Thread-2216] INFO  impl.RaftServerImpl (RaftServerImpl.java:setRole(184)) - d2424f4d-20d2-4104-abcc-02e6288f3ffc@group-62509A8A5C15: changes role from  FOLLOWER to CANDIDATE at term 325 for changeToCandidate
2019-10-17 21:16:10,290 [Thread-2216] INFO  impl.RoleInfo (RoleInfo.java:updateAndGet(143)) - d2424f4d-20d2-4104-abcc-02e6288f3ffc: start LeaderElection
2019-10-17 21:16:10,304 [d2424f4d-20d2-4104-abcc-02e6288f3ffc@group-62509A8A5C15-LeaderElection299] INFO  impl.LeaderElection (LeaderElection.java:askForVotes(178)) - d2424f4d-20d2-4104-abcc-02e6288f3ffc@group-62509A8A5C15-LeaderElection299: begin an election at term 326 for -1: [3909bd6a-278d-4911-9d70-32680c972d02:192.168.157.223:33343, d2424f4d-20d2-4104-abcc-02e6288f3ffc:192.168.157.223:39352, 7c510082-4284-44ef-8cd9-bb38fb15579f:192.168.157.223:33098], old=null
2019-10-17 21:16:10,306 [grpc-default-executor-4] INFO  impl.RaftServerImpl (RaftServerImpl.java:setRole(184)) - 3909bd6a-278d-4911-9d70-32680c972d02@group-62509A8A5C15: changes role from  FOLLOWER to FOLLOWER at term 326 for recognizeCandidate:d2424f4d-20d2-4104-abcc-02e6288f3ffc
2019-10-17 21:16:10,306 [grpc-default-executor-4] INFO  impl.RoleInfo (RoleInfo.java:shutdownFollowerState(121)) - 3909bd6a-278d-4911-9d70-32680c972d02: shutdown FollowerState
2019-10-17 21:16:10,306 [grpc-default-executor-4] INFO  impl.RoleInfo (RoleInfo.java:updateAndGet(143)) - 3909bd6a-278d-4911-9d70-32680c972d02: start FollowerState
2019-10-17 21:16:10,306 [Thread-2215] INFO  impl.FollowerState (FollowerState.java:run(117)) - 3909bd6a-278d-4911-9d70-32680c972d02@group-62509A8A5C15-FollowerState was interrupted: java.lang.InterruptedException: sleep interrupted
2019-10-17 21:16:10,306 [grpc-default-executor-2] INFO  impl.RaftServerImpl (RaftServerImpl.java:setRole(184)) - 7c510082-4284-44ef-8cd9-bb38fb15579f@group-62509A8A5C15: changes role from  FOLLOWER to FOLLOWER at term 326 for recognizeCandidate:d2424f4d-20d2-4104-abcc-02e6288f3ffc
2019-10-17 21:16:10,307 [grpc-default-executor-2] INFO  impl.RoleInfo (RoleInfo.java:shutdownFollowerState(121)) - 7c510082-4284-44ef-8cd9-bb38fb15579f: shutdown FollowerState
2019-10-17 21:16:10,307 [grpc-default-executor-2] INFO  impl.RoleInfo (RoleInfo.java:updateAndGet(143)) - 7c510082-4284-44ef-8cd9-bb38fb15579f: start FollowerState
2019-10-17 21:16:10,307 [Thread-2214] INFO  impl.FollowerState (FollowerState.java:run(117)) - 7c510082-4284-44ef-8cd9-bb38fb15579f@group-62509A8A5C15-FollowerState was interrupted: java.lang.InterruptedException: sleep interrupted
2019-10-17 21:16:10,333 [d2424f4d-20d2-4104-abcc-02e6288f3ffc@group-62509A8A5C15-LeaderElection299] INFO  impl.LeaderElection (LeaderElection.java:logAndReturn(56)) - d2424f4d-20d2-4104-abcc-02e6288f3ffc@group-62509A8A5C15-LeaderElection299: Election REJECTED; received 2 response(s) [d2424f4d-20d2-4104-abcc-02e6288f3ffc<-3909bd6a-278d-4911-9d70-32680c972d02#0:FAIL-t326, d2424f4d-20d2-4104-abcc-02e6288f3ffc<-7c510082-4284-44ef-8cd9-bb38fb15579f#0:FAIL-t326] and 0 exception(s); d2424f4d-20d2-4104-abcc-02e6288f3ffc@group-62509A8A5C15:t326, leader=null, voted=d2424f4d-20d2-4104-abcc-02e6288f3ffc, raftlog=d2424f4d-20d2-4104-abcc-02e6288f3ffc@group-62509A8A5C15-SegmentedRaftLog:OPENED:c-1,f-1,i0, conf=-1: [3909bd6a-278d-4911-9d70-32680c972d02:192.168.157.223:33343, d2424f4d-20d2-4104-abcc-02e6288f3ffc:192.168.157.223:39352, 7c510082-4284-44ef-8cd9-bb38fb15579f:192.168.157.223:33098], old=null
2019-10-17 21:16:10,333 [d2424f4d-20d2-4104-abcc-02e6288f3ffc@group-62509A8A5C15-LeaderElection299] INFO  impl.RaftServerImpl (RaftServerImpl.java:setRole(184)) - d2424f4d-20d2-4104-abcc-02e6288f3ffc@group-62509A8A5C15: changes role from CANDIDATE to FOLLOWER at term 326 for DISCOVERED_A_NEW_TERM
2019-10-17 21:16:10,333 [d2424f4d-20d2-4104-abcc-02e6288f3ffc@group-62509A8A5C15-LeaderElection299] INFO  impl.RoleInfo (RoleInfo.java:shutdownLeaderElection(134)) - d2424f4d-20d2-4104-abcc-02e6288f3ffc: shutdown LeaderElection
2019-10-17 21:16:10,333 [d2424f4d-20d2-4104-abcc-02e6288f3ffc@group-62509A8A5C15-LeaderElection299] INFO  impl.RoleInfo (RoleInfo.java:updateAndGet(143)) - d2424f4d-20d2-4104-abcc-02e6288f3ffc: start FollowerState
2019-10-17 21:16:10,364 [Thread-2224] INFO  impl.FollowerState (FollowerState.java:run(108)) - d2424f4d-20d2-4104-abcc-02e6288f3ffc@group-62509A8A5C15-FollowerState: change to CANDIDATE, lastRpcTime:31ms, electionTimeout:31ms
2019-10-17 21:16:10,365 [Thread-2224] INFO  impl.RoleInfo (RoleInfo.java:shutdownFollowerState(121)) - d2424f4d-20d2-4104-abcc-02e6288f3ffc: shutdown FollowerState
2019-10-17 21:16:10,365 [Thread-2224] INFO  impl.RaftServerImpl (RaftServerImpl.java:setRole(184)) - d2424f4d-20d2-4104-abcc-02e6288f3ffc@group-62509A8A5C15: changes role from  FOLLOWER to CANDIDATE at term 326 for changeToCandidate
2019-10-17 21:16:10,365 [Thread-2224] INFO  impl.RoleInfo (RoleInfo.java:updateAndGet(143)) - d2424f4d-20d2-4104-abcc-02e6288f3ffc: start LeaderElection
2019-10-17 21:16:10,380 [d2424f4d-20d2-4104-abcc-02e6288f3ffc@group-62509A8A5C15-LeaderElection300] INFO  impl.LeaderElection (LeaderElection.java:askForVotes(178)) - d2424f4d-20d2-4104-abcc-02e6288f3ffc@group-62509A8A5C15-LeaderElection300: begin an election at term 327 for -1: [3909bd6a-278d-4911-9d70-32680c972d02:192.168.157.223:33343, d2424f4d-20d2-4104-abcc-02e6288f3ffc:192.168.157.223:39352, 7c510082-4284-44ef-8cd9-bb38fb15579f:192.168.157.223:33098], old=null
2019-10-17 21:16:10,382 [grpc-default-executor-2] INFO  impl.RaftServerImpl (RaftServerImpl.java:setRole(184)) - 3909bd6a-278d-4911-9d70-32680c972d02@group-62509A8A5C15: changes role from  FOLLOWER to FOLLOWER at term 327 for recognizeCandidate:d2424f4d-20d2-4104-abcc-02e6288f3ffc
2019-10-17 21:16:10,382 [grpc-default-executor-4] INFO  impl.RaftServerImpl (RaftServerImpl.java:setRole(184)) - 7c510082-4284-44ef-8cd9-bb38fb15579f@group-62509A8A5C15: changes role from  FOLLOWER to FOLLOWER at term 327 for recognizeCandidate:d2424f4d-20d2-4104-abcc-02e6288f3ffc
2019-10-17 21:16:10,382 [grpc-default-executor-2] INFO  impl.RoleInfo (RoleInfo.java:shutdownFollowerState(121)) - 3909bd6a-278d-4911-9d70-32680c972d02: shutdown FollowerState
2019-10-17 21:16:10,382 [grpc-default-executor-4] INFO  impl.RoleInfo (RoleInfo.java:shutdownFollowerState(121)) - 7c510082-4284-44ef-8cd9-bb38fb15579f: shutdown FollowerState
2019-10-17 21:16:10,383 [grpc-default-executor-2] INFO  impl.RoleInfo (RoleInfo.java:updateAndGet(143)) - 3909bd6a-278d-4911-9d70-32680c972d02: start FollowerState
2019-10-17 21:16:10,383 [Thread-2222] INFO  impl.FollowerState (FollowerState.java:run(117)) - 3909bd6a-278d-4911-9d70-32680c972d02@group-62509A8A5C15-FollowerState was interrupted: java.lang.InterruptedException: sleep interrupted
2019-10-17 21:16:10,383 [Thread-2223] INFO  impl.FollowerState (FollowerState.java:run(117)) - 7c510082-4284-44ef-8cd9-bb38fb15579f@group-62509A8A5C15-FollowerState was interrupted: java.lang.InterruptedException: sleep interrupted
2019-10-17 21:16:10,383 [grpc-default-executor-4] INFO  impl.RoleInfo (RoleInfo.java:updateAndGet(143)) - 7c510082-4284-44ef-8cd9-bb38fb15579f: start FollowerState
2019-10-17 21:16:10,398 [d2424f4d-20d2-4104-abcc-02e6288f3ffc@group-62509A8A5C15-LeaderElection300] INFO  impl.LeaderElection (LeaderElection.java:logAndReturn(56)) - d2424f4d-20d2-4104-abcc-02e6288f3ffc@group-62509A8A5C15-LeaderElection300: Election REJECTED; received 2 response(s) [d2424f4d-20d2-4104-abcc-02e6288f3ffc<-3909bd6a-278d-4911-9d70-32680c972d02#0:FAIL-t327, d2424f4d-20d2-4104-abcc-02e6288f3ffc<-7c510082-4284-44ef-8cd9-bb38fb15579f#0:FAIL-t327] and 0 exception(s); d2424f4d-20d2-4104-abcc-02e6288f3ffc@group-62509A8A5C15:t327, leader=null, voted=d2424f4d-20d2-4104-abcc-02e6288f3ffc, raftlog=d2424f4d-20d2-4104-abcc-02e6288f3ffc@group-62509A8A5C15-SegmentedRaftLog:OPENED:c-1,f-1,i0, conf=-1: [3909bd6a-278d-4911-9d70-32680c972d02:192.168.157.223:33343, d2424f4d-20d2-4104-abcc-02e6288f3ffc:192.168.157.223:39352, 7c510082-4284-44ef-8cd9-bb38fb15579f:192.168.157.223:33098], old=null
2019-10-17 21:16:10,398 [d2424f4d-20d2-4104-abcc-02e6288f3ffc@group-62509A8A5C15-LeaderElection300] INFO  impl.RaftServerImpl (RaftServerImpl.java:setRole(184)) - d2424f4d-20d2-4104-abcc-02e6288f3ffc@group-62509A8A5C15: changes role from CANDIDATE to FOLLOWER at term 327 for DISCOVERED_A_NEW_TERM
2019-10-17 21:16:10,399 [d2424f4d-20d2-4104-abcc-02e6288f3ffc@group-62509A8A5C15-LeaderElection300] INFO  impl.RoleInfo (RoleInfo.java:shutdownLeaderElection(134)) - d2424f4d-20d2-4104-abcc-02e6288f3ffc: shutdown LeaderElection
2019-10-17 21:16:10,399 [d2424f4d-20d2-4104-abcc-02e6288f3ffc@group-62509A8A5C15-LeaderElection300] INFO  impl.RoleInfo (RoleInfo.java:updateAndGet(143)) - d2424f4d-20d2-4104-abcc-02e6288f3ffc: start FollowerState
2019-10-17 21:16:10,454 [Thread-2230] INFO  impl.FollowerState (FollowerState.java:run(108)) - d2424f4d-20d2-4104-abcc-02e6288f3ffc@group-62509A8A5C15-FollowerState: change to CANDIDATE, lastRpcTime:55ms, electionTimeout:55ms
2019-10-17 21:16:10,454 [Thread-2230] INFO  impl.RoleInfo (RoleInfo.java:shutdownFollowerState(121)) - d2424f4d-20d2-4104-abcc-02e6288f3ffc: shutdown FollowerState
2019-10-17 21:16:10,454 [Thread-2230] INFO  impl.RaftServerImpl (RaftServerImpl.java:setRole(184)) - d2424f4d-20d2-4104-abcc-02e6288f3ffc@group-62509A8A5C15: changes role from  FOLLOWER to CANDIDATE at term 327 for changeToCandidate
2019-10-17 21:16:10,454 [Thread-2230] INFO  impl.RoleInfo (RoleInfo.java:updateAndGet(143)) - d2424f4d-20d2-4104-abcc-02e6288f3ffc: start LeaderElection
2019-10-17 21:16:10,469 [d2424f4d-20d2-4104-abcc-02e6288f3ffc@group-62509A8A5C15-LeaderElection301] INFO  impl.LeaderElection (LeaderElection.java:askForVotes(178)) - d2424f4d-20d2-4104-abcc-02e6288f3ffc@group-62509A8A5C15-LeaderElection301: begin an election at term 328 for -1: [3909bd6a-278d-4911-9d70-32680c972d02:192.168.157.223:33343, d2424f4d-20d2-4104-abcc-02e6288f3ffc:192.168.157.223:39352, 7c510082-4284-44ef-8cd9-bb38fb15579f:192.168.157.223:33098], old=null
2019-10-17 21:16:10,470 [grpc-default-executor-4] INFO  impl.RaftServerImpl (RaftServerImpl.java:setRole(184)) - 3909bd6a-278d-4911-9d70-32680c972d02@group-62509A8A5C15: changes role from  FOLLOWER to FOLLOWER at term 328 for recognizeCandidate:d2424f4d-20d2-4104-abcc-02e6288f3ffc
2019-10-17 21:16:10,470 [grpc-default-executor-4] INFO  impl.RoleInfo (RoleInfo.java:shutdownFollowerState(121)) - 3909bd6a-278d-4911-9d70-32680c972d02: shutdown FollowerState
2019-10-17 21:16:10,471 [grpc-default-executor-2] INFO  impl.RaftServerImpl (RaftServerImpl.java:setRole(184)) - 7c510082-4284-44ef-8cd9-bb38fb15579f@group-62509A8A5C15: changes role from  FOLLOWER to FOLLOWER at term 328 for recognizeCandidate:d2424f4d-20d2-4104-abcc-02e6288f3ffc
2019-10-17 21:16:10,471 [grpc-default-executor-2] INFO  impl.RoleInfo (RoleInfo.java:shutdownFollowerState(121)) - 7c510082-4284-44ef-8cd9-bb38fb15579f: shutdown FollowerState
2019-10-17 21:16:10,471 [Thread-2228] INFO  impl.FollowerState (FollowerState.java:run(117)) - 3909bd6a-278d-4911-9d70-32680c972d02@group-62509A8A5C15-FollowerState was interrupted: java.lang.InterruptedException: sleep interrupted
2019-10-17 21:16:10,471 [Thread-2229] INFO  impl.FollowerState (FollowerState.java:run(117)) - 7c510082-4284-44ef-8cd9-bb38fb15579f@group-62509A8A5C15-FollowerState was interrupted: java.lang.InterruptedException: sleep interrupted
2019-10-17 21:16:10,471 [grpc-default-executor-4] INFO  impl.RoleInfo (RoleInfo.java:updateAndGet(143)) - 3909bd6a-278d-4911-9d70-32680c972d02: start FollowerState
2019-10-17 21:16:10,471 [grpc-default-executor-2] INFO  impl.RoleInfo (RoleInfo.java:updateAndGet(143)) - 7c510082-4284-44ef-8cd9-bb38fb15579f: start FollowerState
2019-10-17 21:16:10,487 [d2424f4d-20d2-4104-abcc-02e6288f3ffc@group-62509A8A5C15-LeaderElection301] INFO  impl.LeaderElection (LeaderElection.java:logAndReturn(56)) - d2424f4d-20d2-4104-abcc-02e6288f3ffc@group-62509A8A5C15-LeaderElection301: Election REJECTED; received 2 response(s) [d2424f4d-20d2-4104-abcc-02e6288f3ffc<-3909bd6a-278d-4911-9d70-32680c972d02#0:FAIL-t328, d2424f4d-20d2-4104-abcc-02e6288f3ffc<-7c510082-4284-44ef-8cd9-bb38fb15579f#0:FAIL-t328] and 0 exception(s); d2424f4d-20d2-4104-abcc-02e6288f3ffc@group-62509A8A5C15:t328, leader=null, voted=d2424f4d-20d2-4104-abcc-02e6288f3ffc, raftlog=d2424f4d-20d2-4104-abcc-02e6288f3ffc@group-62509A8A5C15-SegmentedRaftLog:OPENED:c-1,f-1,i0, conf=-1: [3909bd6a-278d-4911-9d70-32680c972d02:192.168.157.223:33343, d2424f4d-20d2-4104-abcc-02e6288f3ffc:192.168.157.223:39352, 7c510082-4284-44ef-8cd9-bb38fb15579f:192.168.157.223:33098], old=null
2019-10-17 21:16:10,487 [d2424f4d-20d2-4104-abcc-02e6288f3ffc@group-62509A8A5C15-LeaderElection301] INFO  impl.RaftServerImpl (RaftServerImpl.java:setRole(184)) - d2424f4d-20d2-4104-abcc-02e6288f3ffc@group-62509A8A5C15: changes role from CANDIDATE to FOLLOWER at term 328 for DISCOVERED_A_NEW_TERM
2019-10-17 21:16:10,488 [d2424f4d-20d2-4104-abcc-02e6288f3ffc@group-62509A8A5C15-LeaderElection301] INFO  impl.RoleInfo (RoleInfo.java:shutdownLeaderElection(134)) - d2424f4d-20d2-4104-abcc-02e6288f3ffc: shutdown LeaderElection
2019-10-17 21:16:10,488 [d2424f4d-20d2-4104-abcc-02e6288f3ffc@group-62509A8A5C15-LeaderElection301] INFO  impl.RoleInfo (RoleInfo.java:updateAndGet(143)) - d2424f4d-20d2-4104-abcc-02e6288f3ffc: start FollowerState
2019-10-17 21:16:10,488 [Thread-2236] INFO  impl.FollowerState (FollowerState.java:run(108)) - d2424f4d-20d2-4104-abcc-02e6288f3ffc@group-62509A8A5C15-FollowerState: change to CANDIDATE, lastRpcTime:0ms, electionTimeout:0ms
2019-10-17 21:16:10,488 [Thread-2236] INFO  impl.RoleInfo (RoleInfo.java:shutdownFollowerState(121)) - d2424f4d-20d2-4104-abcc-02e6288f3ffc: shutdown FollowerState
2019-10-17 21:16:10,488 [Thread-2236] INFO  impl.RaftServerImpl (RaftServerImpl.java:setRole(184)) - d2424f4d-20d2-4104-abcc-02e6288f3ffc@group-62509A8A5C15: changes role from  FOLLOWER to CANDIDATE at term 328 for changeToCandidate
2019-10-17 21:16:10,488 [Thread-2236] INFO  impl.RoleInfo (RoleInfo.java:updateAndGet(143)) - d2424f4d-20d2-4104-abcc-02e6288f3ffc: start LeaderElection
2019-10-17 21:16:10,502 [d2424f4d-20d2-4104-abcc-02e6288f3ffc@group-62509A8A5C15-LeaderElection302] INFO  impl.LeaderElection (LeaderElection.java:askForVotes(178)) - d2424f4d-20d2-4104-abcc-02e6288f3ffc@group-62509A8A5C15-LeaderElection302: begin an election at term 329 for -1: [3909bd6a-278d-4911-9d70-32680c972d02:192.168.157.223:33343, d2424f4d-20d2-4104-abcc-02e6288f3ffc:192.168.157.223:39352, 7c510082-4284-44ef-8cd9-bb38fb15579f:192.168.157.223:33098], old=null
2019-10-17 21:16:10,503 [grpc-default-executor-4] INFO  impl.RaftServerImpl (RaftServerImpl.java:setRole(184)) - 3909bd6a-278d-4911-9d70-32680c972d02@group-62509A8A5C15: changes role from  FOLLOWER to FOLLOWER at term 329 for recognizeCandidate:d2424f4d-20d2-4104-abcc-02e6288f3ffc
2019-10-17 21:16:10,503 [grpc-default-executor-4] INFO  impl.RoleInfo (RoleInfo.java:shutdownFollowerState(121)) - 3909bd6a-278d-4911-9d70-32680c972d02: shutdown FollowerState
2019-10-17 21:16:10,503 [grpc-default-executor-2] INFO  impl.RaftServerImpl (RaftServerImpl.java:setRole(184)) - 7c510082-4284-44ef-8cd9-bb38fb15579f@group-62509A8A5C15: changes role from  FOLLOWER to FOLLOWER at term 329 for recognizeCandidate:d2424f4d-20d2-4104-abcc-02e6288f3ffc
2019-10-17 21:16:10,503 [Thread-2234] INFO  impl.FollowerState (FollowerState.java:run(117)) - 3909bd6a-278d-4911-9d70-32680c972d02@group-62509A8A5C15-FollowerState was interrupted: java.lang.InterruptedException: sleep interrupted
2019-10-17 21:16:10,503 [grpc-default-executor-4] INFO  impl.RoleInfo (RoleInfo.java:updateAndGet(143)) - 3909bd6a-278d-4911-9d70-32680c972d02: start FollowerState
2019-10-17 21:16:10,504 [grpc-default-executor-2] INFO  impl.RoleInfo (RoleInfo.java:shutdownFollowerState(121)) - 7c510082-4284-44ef-8cd9-bb38fb15579f: shutdown FollowerState
2019-10-17 21:16:10,504 [grpc-default-executor-2] INFO  impl.RoleInfo (RoleInfo.java:updateAndGet(143)) - 7c510082-4284-44ef-8cd9-bb38fb15579f: start FollowerState
2019-10-17 21:16:10,504 [Thread-2235] INFO  impl.FollowerState (FollowerState.java:run(117)) - 7c510082-4284-44ef-8cd9-bb38fb15579f@group-62509A8A5C15-FollowerState was interrupted: java.lang.InterruptedException: sleep interrupted
2019-10-17 21:16:10,529 [d2424f4d-20d2-4104-abcc-02e6288f3ffc@group-62509A8A5C15-LeaderElection302] INFO  impl.LeaderElection (LeaderElection.java:logAndReturn(56)) - d2424f4d-20d2-4104-abcc-02e6288f3ffc@group-62509A8A5C15-LeaderElection302: Election REJECTED; received 2 response(s) [d2424f4d-20d2-4104-abcc-02e6288f3ffc<-3909bd6a-278d-4911-9d70-32680c972d02#0:FAIL-t329, d2424f4d-20d2-4104-abcc-02e6288f3ffc<-7c510082-4284-44ef-8cd9-bb38fb15579f#0:FAIL-t329] and 0 exception(s); d2424f4d-20d2-4104-abcc-02e6288f3ffc@group-62509A8A5C15:t329, leader=null, voted=d2424f4d-20d2-4104-abcc-02e6288f3ffc, raftlog=d2424f4d-20d2-4104-abcc-02e6288f3ffc@group-62509A8A5C15-SegmentedRaftLog:OPENED:c-1,f-1,i0, conf=-1: [3909bd6a-278d-4911-9d70-32680c972d02:192.168.157.223:33343, d2424f4d-20d2-4104-abcc-02e6288f3ffc:192.168.157.223:39352, 7c510082-4284-44ef-8cd9-bb38fb15579f:192.168.157.223:33098], old=null
2019-10-17 21:16:10,530 [d2424f4d-20d2-4104-abcc-02e6288f3ffc@group-62509A8A5C15-LeaderElection302] INFO  impl.RaftServerImpl (RaftServerImpl.java:setRole(184)) - d2424f4d-20d2-4104-abcc-02e6288f3ffc@group-62509A8A5C15: changes role from CANDIDATE to FOLLOWER at term 329 for DISCOVERED_A_NEW_TERM
2019-10-17 21:16:10,530 [d2424f4d-20d2-4104-abcc-02e6288f3ffc@group-62509A8A5C15-LeaderElection302] INFO  impl.RoleInfo (RoleInfo.java:shutdownLeaderElection(134)) - d2424f4d-20d2-4104-abcc-02e6288f3ffc: shutdown LeaderElection
2019-10-17 21:16:10,530 [d2424f4d-20d2-4104-abcc-02e6288f3ffc@group-62509A8A5C15-LeaderElection302] INFO  impl.RoleInfo (RoleInfo.java:updateAndGet(143)) - d2424f4d-20d2-4104-abcc-02e6288f3ffc: start FollowerState
2019-10-17 21:16:10,539 [Thread-2242] INFO  impl.FollowerState (FollowerState.java:run(108)) - d2424f4d-20d2-4104-abcc-02e6288f3ffc@group-62509A8A5C15-FollowerState: change to CANDIDATE, lastRpcTime:9ms, electionTimeout:9ms
2019-10-17 21:16:10,539 [Thread-2242] INFO  impl.RoleInfo (RoleInfo.java:shutdownFollowerState(121)) - d2424f4d-20d2-4104-abcc-02e6288f3ffc: shutdown FollowerState
2019-10-17 21:16:10,539 [Thread-2242] INFO  impl.RaftServerImpl (RaftServerImpl.java:setRole(184)) - d2424f4d-20d2-4104-abcc-02e6288f3ffc@group-62509A8A5C15: changes role from  FOLLOWER to CANDIDATE at term 329 for changeToCandidate
2019-10-17 21:16:10,540 [Thread-2242] INFO  impl.RoleInfo (RoleInfo.java:updateAndGet(143)) - d2424f4d-20d2-4104-abcc-02e6288f3ffc: start LeaderElection
2019-10-17 21:16:10,552 [d2424f4d-20d2-4104-abcc-02e6288f3ffc@group-62509A8A5C15-LeaderElection303] INFO  impl.LeaderElection (LeaderElection.java:askForVotes(178)) - d2424f4d-20d2-4104-abcc-02e6288f3ffc@group-62509A8A5C15-LeaderElection303: begin an election at term 330 for -1: [3909bd6a-278d-4911-9d70-32680c972d02:192.168.157.223:33343, d2424f4d-20d2-4104-abcc-02e6288f3ffc:192.168.157.223:39352, 7c510082-4284-44ef-8cd9-bb38fb15579f:192.168.157.223:33098], old=null
2019-10-17 21:16:10,554 [grpc-default-executor-2] INFO  impl.RaftServerImpl (RaftServerImpl.java:setRole(184)) - 3909bd6a-278d-4911-9d70-32680c972d02@group-62509A8A5C15: changes role from  FOLLOWER to FOLLOWER at term 330 for recognizeCandidate:d2424f4d-20d2-4104-abcc-02e6288f3ffc
2019-10-17 21:16:10,554 [grpc-default-executor-2] INFO  impl.RoleInfo (RoleInfo.java:shutdownFollowerState(121)) - 3909bd6a-278d-4911-9d70-32680c972d02: shutdown FollowerState
2019-10-17 21:16:10,554 [grpc-default-executor-2] INFO  impl.RoleInfo (RoleInfo.java:updateAndGet(143)) - 3909bd6a-278d-4911-9d70-32680c972d02: start FollowerState
2019-10-17 21:16:10,554 [Thread-2240] INFO  impl.FollowerState (FollowerState.java:run(117)) - 3909bd6a-278d-4911-9d70-32680c972d02@group-62509A8A5C15-FollowerState was interrupted: java.lang.InterruptedException: sleep interrupted
2019-10-17 21:16:10,554 [grpc-default-executor-4] INFO  impl.RaftServerImpl (RaftServerImpl.java:setRole(184)) - 7c510082-4284-44ef-8cd9-bb38fb15579f@group-62509A8A5C15: changes role from  FOLLOWER to FOLLOWER at term 330 for recognizeCandidate:d2424f4d-20d2-4104-abcc-02e6288f3ffc
2019-10-17 21:16:10,555 [grpc-default-executor-4] INFO  impl.RoleInfo (RoleInfo.java:shutdownFollowerState(121)) - 7c510082-4284-44ef-8cd9-bb38fb15579f: shutdown FollowerState
2019-10-17 21:16:10,555 [grpc-default-executor-4] INFO  impl.RoleInfo (RoleInfo.java:updateAndGet(143)) - 7c510082-4284-44ef-8cd9-bb38fb15579f: start FollowerState
2019-10-17 21:16:10,555 [Thread-2241] INFO  impl.FollowerState (FollowerState.java:run(117)) - 7c510082-4284-44ef-8cd9-bb38fb15579f@group-62509A8A5C15-FollowerState was interrupted: java.lang.InterruptedException: sleep interrupted
2019-10-17 21:16:10,570 [d2424f4d-20d2-4104-abcc-02e6288f3ffc@group-62509A8A5C15-LeaderElection303] INFO  impl.LeaderElection (LeaderElection.java:logAndReturn(56)) - d2424f4d-20d2-4104-abcc-02e6288f3ffc@group-62509A8A5C15-LeaderElection303: Election REJECTED; received 2 response(s) [d2424f4d-20d2-4104-abcc-02e6288f3ffc<-3909bd6a-278d-4911-9d70-32680c972d02#0:FAIL-t330, d2424f4d-20d2-4104-abcc-02e6288f3ffc<-7c510082-4284-44ef-8cd9-bb38fb15579f#0:FAIL-t330] and 0 exception(s); d2424f4d-20d2-4104-abcc-02e6288f3ffc@group-62509A8A5C15:t330, leader=null, voted=d2424f4d-20d2-4104-abcc-02e6288f3ffc, raftlog=d2424f4d-20d2-4104-abcc-02e6288f3ffc@group-62509A8A5C15-SegmentedRaftLog:OPENED:c-1,f-1,i0, conf=-1: [3909bd6a-278d-4911-9d70-32680c972d02:192.168.157.223:33343, d2424f4d-20d2-4104-abcc-02e6288f3ffc:192.168.157.223:39352, 7c510082-4284-44ef-8cd9-bb38fb15579f:192.168.157.223:33098], old=null
2019-10-17 21:16:10,570 [d2424f4d-20d2-4104-abcc-02e6288f3ffc@group-62509A8A5C15-LeaderElection303] INFO  impl.RaftServerImpl (RaftServerImpl.java:setRole(184)) - d2424f4d-20d2-4104-abcc-02e6288f3ffc@group-62509A8A5C15: changes role from CANDIDATE to FOLLOWER at term 330 for DISCOVERED_A_NEW_TERM
2019-10-17 21:16:10,570 [d2424f4d-20d2-4104-abcc-02e6288f3ffc@group-62509A8A5C15-LeaderElection303] INFO  impl.RoleInfo (RoleInfo.java:shutdownLeaderElection(134)) - d2424f4d-20d2-4104-abcc-02e6288f3ffc: shutdown LeaderElection
2019-10-17 21:16:10,571 [d2424f4d-20d2-4104-abcc-02e6288f3ffc@group-62509A8A5C15-LeaderElection303] INFO  impl.RoleInfo (RoleInfo.java:updateAndGet(143)) - d2424f4d-20d2-4104-abcc-02e6288f3ffc: start FollowerState
2019-10-17 21:16:10,716 [Thread-2248] INFO  impl.FollowerState (FollowerState.java:run(108)) - d2424f4d-20d2-4104-abcc-02e6288f3ffc@group-62509A8A5C15-FollowerState: change to CANDIDATE, lastRpcTime:145ms, electionTimeout:145ms
2019-10-17 21:16:10,716 [Thread-2248] INFO  impl.RoleInfo (RoleInfo.java:shutdownFollowerState(121)) - d2424f4d-20d2-4104-abcc-02e6288f3ffc: shutdown FollowerState
2019-10-17 21:16:10,716 [Thread-2248] INFO  impl.RaftServerImpl (RaftServerImpl.java:setRole(184)) - d2424f4d-20d2-4104-abcc-02e6288f3ffc@group-62509A8A5C15: changes role from  FOLLOWER to CANDIDATE at term 330 for changeToCandidate
2019-10-17 21:16:10,717 [Thread-2248] INFO  impl.RoleInfo (RoleInfo.java:updateAndGet(143)) - d2424f4d-20d2-4104-abcc-02e6288f3ffc: start LeaderElection
2019-10-17 21:16:10,731 [d2424f4d-20d2-4104-abcc-02e6288f3ffc@group-62509A8A5C15-LeaderElection304] INFO  impl.LeaderElection (LeaderElection.java:askForVotes(178)) - d2424f4d-20d2-4104-abcc-02e6288f3ffc@group-62509A8A5C15-LeaderElection304: begin an election at term 331 for -1: [3909bd6a-278d-4911-9d70-32680c972d02:192.168.157.223:33343, d2424f4d-20d2-4104-abcc-02e6288f3ffc:192.168.157.223:39352, 7c510082-4284-44ef-8cd9-bb38fb15579f:192.168.157.223:33098], old=null
2019-10-17 21:16:10,732 [grpc-default-executor-4] INFO  impl.RaftServerImpl (RaftServerImpl.java:setRole(184)) - 3909bd6a-278d-4911-9d70-32680c972d02@group-62509A8A5C15: changes role from  FOLLOWER to FOLLOWER at term 331 for recognizeCandidate:d2424f4d-20d2-4104-abcc-02e6288f3ffc
2019-10-17 21:16:10,732 [grpc-default-executor-4] INFO  impl.RoleInfo (RoleInfo.java:shutdownFollowerState(121)) - 3909bd6a-278d-4911-9d70-32680c972d02: shutdown FollowerState
2019-10-17 21:16:10,733 [grpc-default-executor-4] INFO  impl.RoleInfo (RoleInfo.java:updateAndGet(143)) - 3909bd6a-278d-4911-9d70-32680c972d02: start FollowerState
2019-10-17 21:16:10,733 [Thread-2246] INFO  impl.FollowerState (FollowerState.java:run(117)) - 3909bd6a-278d-4911-9d70-32680c972d02@group-62509A8A5C15-FollowerState was interrupted: java.lang.InterruptedException: sleep interrupted
2019-10-17 21:16:10,733 [grpc-default-executor-2] INFO  impl.RaftServerImpl (RaftServerImpl.java:setRole(184)) - 7c510082-4284-44ef-8cd9-bb38fb15579f@group-62509A8A5C15: changes role from  FOLLOWER to FOLLOWER at term 331 for recognizeCandidate:d2424f4d-20d2-4104-abcc-02e6288f3ffc
2019-10-17 21:16:10,733 [grpc-default-executor-2] INFO  impl.RoleInfo (RoleInfo.java:shutdownFollowerState(121)) - 7c510082-4284-44ef-8cd9-bb38fb15579f: shutdown FollowerState
2019-10-17 21:16:10,733 [grpc-default-executor-2] INFO  impl.RoleInfo (RoleInfo.java:updateAndGet(143)) - 7c510082-4284-44ef-8cd9-bb38fb15579f: start FollowerState
2019-10-17 21:16:10,733 [Thread-2247] INFO  impl.FollowerState (FollowerState.java:run(117)) - 7c510082-4284-44ef-8cd9-bb38fb15579f@group-62509A8A5C15-FollowerState was interrupted: java.lang.InterruptedException: sleep interrupted
2019-10-17 21:16:10,747 [d2424f4d-20d2-4104-abcc-02e6288f3ffc@group-62509A8A5C15-LeaderElection304] INFO  impl.LeaderElection (LeaderElection.java:logAndReturn(56)) - d2424f4d-20d2-4104-abcc-02e6288f3ffc@group-62509A8A5C15-LeaderElection304: Election REJECTED; received 2 response(s) [d2424f4d-20d2-4104-abcc-02e6288f3ffc<-3909bd6a-278d-4911-9d70-32680c972d02#0:FAIL-t331, d2424f4d-20d2-4104-abcc-02e6288f3ffc<-7c510082-4284-44ef-8cd9-bb38fb15579f#0:FAIL-t331] and 0 exception(s); d2424f4d-20d2-4104-abcc-02e6288f3ffc@group-62509A8A5C15:t331, leader=null, voted=d2424f4d-20d2-4104-abcc-02e6288f3ffc, raftlog=d2424f4d-20d2-4104-abcc-02e6288f3ffc@group-62509A8A5C15-SegmentedRaftLog:OPENED:c-1,f-1,i0, conf=-1: [3909bd6a-278d-4911-9d70-32680c972d02:192.168.157.223:33343, d2424f4d-20d2-4104-abcc-02e6288f3ffc:192.168.157.223:39352, 7c510082-4284-44ef-8cd9-bb38fb15579f:192.168.157.223:33098], old=null
2019-10-17 21:16:10,747 [d2424f4d-20d2-4104-abcc-02e6288f3ffc@group-62509A8A5C15-LeaderElection304] INFO  impl.RaftServerImpl (RaftServerImpl.java:setRole(184)) - d2424f4d-20d2-4104-abcc-02e6288f3ffc@group-62509A8A5C15: changes role from CANDIDATE to FOLLOWER at term 331 for DISCOVERED_A_NEW_TERM
2019-10-17 21:16:10,747 [d2424f4d-20d2-4104-abcc-02e6288f3ffc@group-62509A8A5C15-LeaderElection304] INFO  impl.RoleInfo (RoleInfo.java:shutdownLeaderElection(134)) - d2424f4d-20d2-4104-abcc-02e6288f3ffc: shutdown LeaderElection
2019-10-17 21:16:10,747 [d2424f4d-20d2-4104-abcc-02e6288f3ffc@group-62509A8A5C15-LeaderElection304] INFO  impl.RoleInfo (RoleInfo.java:updateAndGet(143)) - d2424f4d-20d2-4104-abcc-02e6288f3ffc: start FollowerState
2019-10-17 21:16:10,881 [Thread-2254] INFO  impl.FollowerState (FollowerState.java:run(108)) - d2424f4d-20d2-4104-abcc-02e6288f3ffc@group-62509A8A5C15-FollowerState: change to CANDIDATE, lastRpcTime:133ms, electionTimeout:133ms
2019-10-17 21:16:10,881 [Thread-2254] INFO  impl.RoleInfo (RoleInfo.java:shutdownFollowerState(121)) - d2424f4d-20d2-4104-abcc-02e6288f3ffc: shutdown FollowerState
2019-10-17 21:16:10,882 [Thread-2254] INFO  impl.RaftServerImpl (RaftServerImpl.java:setRole(184)) - d2424f4d-20d2-4104-abcc-02e6288f3ffc@group-62509A8A5C15: changes role from  FOLLOWER to CANDIDATE at term 331 for changeToCandidate
2019-10-17 21:16:10,882 [Thread-2254] INFO  impl.RoleInfo (RoleInfo.java:updateAndGet(143)) - d2424f4d-20d2-4104-abcc-02e6288f3ffc: start LeaderElection
2019-10-17 21:16:10,897 [d2424f4d-20d2-4104-abcc-02e6288f3ffc@group-62509A8A5C15-LeaderElection305] INFO  impl.LeaderElection (LeaderElection.java:askForVotes(178)) - d2424f4d-20d2-4104-abcc-02e6288f3ffc@group-62509A8A5C15-LeaderElection305: begin an election at term 332 for -1: [3909bd6a-278d-4911-9d70-32680c972d02:192.168.157.223:33343, d2424f4d-20d2-4104-abcc-02e6288f3ffc:192.168.157.223:39352, 7c510082-4284-44ef-8cd9-bb38fb15579f:192.168.157.223:33098], old=null
2019-10-17 21:16:11,223 [d2424f4d-20d2-4104-abcc-02e6288f3ffc@group-62509A8A5C15-LeaderElection305] INFO  impl.LeaderElection (LeaderElection.java:logAndReturn(56)) - d2424f4d-20d2-4104-abcc-02e6288f3ffc@group-62509A8A5C15-LeaderElection305: Election TIMEOUT; received 0 response(s) [] and 0 exception(s); d2424f4d-20d2-4104-abcc-02e6288f3ffc@group-62509A8A5C15:t332, leader=null, voted=d2424f4d-20d2-4104-abcc-02e6288f3ffc, raftlog=d2424f4d-20d2-4104-abcc-02e6288f3ffc@group-62509A8A5C15-SegmentedRaftLog:OPENED:c-1,f-1,i0, conf=-1: [3909bd6a-278d-4911-9d70-32680c972d02:192.168.157.223:33343, d2424f4d-20d2-4104-abcc-02e6288f3ffc:192.168.157.223:39352, 7c510082-4284-44ef-8cd9-bb38fb15579f:192.168.157.223:33098], old=null
2019-10-17 21:16:11,224 [grpc-default-executor-4] INFO  impl.RaftServerImpl (RaftServerImpl.java:setRole(184)) - 7c510082-4284-44ef-8cd9-bb38fb15579f@group-62509A8A5C15: changes role from  FOLLOWER to FOLLOWER at term 332 for recognizeCandidate:d2424f4d-20d2-4104-abcc-02e6288f3ffc
2019-10-17 21:16:11,224 [grpc-default-executor-2] INFO  impl.RaftServerImpl (RaftServerImpl.java:setRole(184)) - 3909bd6a-278d-4911-9d70-32680c972d02@group-62509A8A5C15: changes role from  FOLLOWER to FOLLOWER at term 332 for recognizeCandidate:d2424f4d-20d2-4104-abcc-02e6288f3ffc
2019-10-17 21:16:11,225 [grpc-default-executor-4] INFO  impl.RoleInfo (RoleInfo.java:shutdownFollowerState(121)) - 7c510082-4284-44ef-8cd9-bb38fb15579f: shutdown FollowerState
2019-10-17 21:16:11,225 [grpc-default-executor-2] INFO  impl.RoleInfo (RoleInfo.java:shutdownFollowerState(121)) - 3909bd6a-278d-4911-9d70-32680c972d02: shutdown FollowerState
2019-10-17 21:16:11,225 [Thread-2253] INFO  impl.FollowerState (FollowerState.java:run(117)) - 7c510082-4284-44ef-8cd9-bb38fb15579f@group-62509A8A5C15-FollowerState was interrupted: java.lang.InterruptedException: sleep interrupted
2019-10-17 21:16:11,225 [Thread-2252] INFO  impl.FollowerState (FollowerState.java:run(117)) - 3909bd6a-278d-4911-9d70-32680c972d02@group-62509A8A5C15-FollowerState was interrupted: java.lang.InterruptedException: sleep interrupted
2019-10-17 21:16:11,225 [grpc-default-executor-4] INFO  impl.RoleInfo (RoleInfo.java:updateAndGet(143)) - 7c510082-4284-44ef-8cd9-bb38fb15579f: start FollowerState
2019-10-17 21:16:11,225 [grpc-default-executor-2] INFO  impl.RoleInfo (RoleInfo.java:updateAndGet(143)) - 3909bd6a-278d-4911-9d70-32680c972d02: start FollowerState
2019-10-17 21:16:11,238 [d2424f4d-20d2-4104-abcc-02e6288f3ffc@group-62509A8A5C15-LeaderElection305] INFO  impl.LeaderElection (LeaderElection.java:askForVotes(178)) - d2424f4d-20d2-4104-abcc-02e6288f3ffc@group-62509A8A5C15-LeaderElection305: begin an election at term 333 for -1: [3909bd6a-278d-4911-9d70-32680c972d02:192.168.157.223:33343, d2424f4d-20d2-4104-abcc-02e6288f3ffc:192.168.157.223:39352, 7c510082-4284-44ef-8cd9-bb38fb15579f:192.168.157.223:33098], old=null
2019-10-17 21:16:11,239 [grpc-default-executor-4] INFO  impl.RaftServerImpl (RaftServerImpl.java:setRole(184)) - 3909bd6a-278d-4911-9d70-32680c972d02@group-62509A8A5C15: changes role from  FOLLOWER to FOLLOWER at term 333 for recognizeCandidate:d2424f4d-20d2-4104-abcc-02e6288f3ffc
2019-10-17 21:16:11,239 [grpc-default-executor-4] INFO  impl.RoleInfo (RoleInfo.java:shutdownFollowerState(121)) - 3909bd6a-278d-4911-9d70-32680c972d02: shutdown FollowerState
2019-10-17 21:16:11,240 [grpc-default-executor-2] INFO  impl.RaftServerImpl (RaftServerImpl.java:setRole(184)) - 7c510082-4284-44ef-8cd9-bb38fb15579f@group-62509A8A5C15: changes role from  FOLLOWER to FOLLOWER at term 333 for recognizeCandidate:d2424f4d-20d2-4104-abcc-02e6288f3ffc
2019-10-17 21:16:11,240 [Thread-2259] INFO  impl.FollowerState (FollowerState.java:run(117)) - 3909bd6a-278d-4911-9d70-32680c972d02@group-62509A8A5C15-FollowerState was interrupted: java.lang.InterruptedException: sleep interrupted
2019-10-17 21:16:11,240 [grpc-default-executor-4] INFO  impl.RoleInfo (RoleInfo.java:updateAndGet(143)) - 3909bd6a-278d-4911-9d70-32680c972d02: start FollowerState
2019-10-17 21:16:11,240 [grpc-default-executor-2] INFO  impl.RoleInfo (RoleInfo.java:shutdownFollowerState(121)) - 7c510082-4284-44ef-8cd9-bb38fb15579f: shutdown FollowerState
2019-10-17 21:16:11,240 [grpc-default-executor-2] INFO  impl.RoleInfo (RoleInfo.java:updateAndGet(143)) - 7c510082-4284-44ef-8cd9-bb38fb15579f: start FollowerState
2019-10-17 21:16:11,240 [Thread-2258] INFO  impl.FollowerState (FollowerState.java:run(117)) - 7c510082-4284-44ef-8cd9-bb38fb15579f@group-62509A8A5C15-FollowerState was interrupted: java.lang.InterruptedException: sleep interrupted
2019-10-17 21:16:11,252 [d2424f4d-20d2-4104-abcc-02e6288f3ffc@group-62509A8A5C15-LeaderElection305] INFO  impl.LeaderElection (LeaderElection.java:logAndReturn(56)) - d2424f4d-20d2-4104-abcc-02e6288f3ffc@group-62509A8A5C15-LeaderElection305: Election REJECTED; received 2 response(s) [d2424f4d-20d2-4104-abcc-02e6288f3ffc<-3909bd6a-278d-4911-9d70-32680c972d02#0:FAIL-t333, d2424f4d-20d2-4104-abcc-02e6288f3ffc<-7c510082-4284-44ef-8cd9-bb38fb15579f#0:FAIL-t333] and 0 exception(s); d2424f4d-20d2-4104-abcc-02e6288f3ffc@group-62509A8A5C15:t333, leader=null, voted=d2424f4d-20d2-4104-abcc-02e6288f3ffc, raftlog=d2424f4d-20d2-4104-abcc-02e6288f3ffc@group-62509A8A5C15-SegmentedRaftLog:OPENED:c-1,f-1,i0, conf=-1: [3909bd6a-278d-4911-9d70-32680c972d02:192.168.157.223:33343, d2424f4d-20d2-4104-abcc-02e6288f3ffc:192.168.157.223:39352, 7c510082-4284-44ef-8cd9-bb38fb15579f:192.168.157.223:33098], old=null
2019-10-17 21:16:11,253 [d2424f4d-20d2-4104-abcc-02e6288f3ffc@group-62509A8A5C15-LeaderElection305] INFO  impl.RaftServerImpl (RaftServerImpl.java:setRole(184)) - d2424f4d-20d2-4104-abcc-02e6288f3ffc@group-62509A8A5C15: changes role from CANDIDATE to FOLLOWER at term 333 for DISCOVERED_A_NEW_TERM
2019-10-17 21:16:11,253 [d2424f4d-20d2-4104-abcc-02e6288f3ffc@group-62509A8A5C15-LeaderElection305] INFO  impl.RoleInfo (RoleInfo.java:shutdownLeaderElection(134)) - d2424f4d-20d2-4104-abcc-02e6288f3ffc: shutdown LeaderElection
2019-10-17 21:16:11,253 [d2424f4d-20d2-4104-abcc-02e6288f3ffc@group-62509A8A5C15-LeaderElection305] INFO  impl.RoleInfo (RoleInfo.java:updateAndGet(143)) - d2424f4d-20d2-4104-abcc-02e6288f3ffc: start FollowerState
2019-10-17 21:16:11,305 [Thread-2266] INFO  impl.FollowerState (FollowerState.java:run(108)) - d2424f4d-20d2-4104-abcc-02e6288f3ffc@group-62509A8A5C15-FollowerState: change to CANDIDATE, lastRpcTime:52ms, electionTimeout:52ms
2019-10-17 21:16:11,305 [Thread-2266] INFO  impl.RoleInfo (RoleInfo.java:shutdownFollowerState(121)) - d2424f4d-20d2-4104-abcc-02e6288f3ffc: shutdown FollowerState
2019-10-17 21:16:11,306 [Thread-2266] INFO  impl.RaftServerImpl (RaftServerImpl.java:setRole(184)) - d2424f4d-20d2-4104-abcc-02e6288f3ffc@group-62509A8A5C15: changes role from  FOLLOWER to CANDIDATE at term 333 for changeToCandidate
2019-10-17 21:16:11,306 [Thread-2266] INFO  impl.RoleInfo (RoleInfo.java:updateAndGet(143)) - d2424f4d-20d2-4104-abcc-02e6288f3ffc: start LeaderElection
2019-10-17 21:16:11,319 [d2424f4d-20d2-4104-abcc-02e6288f3ffc@group-62509A8A5C15-LeaderElection306] INFO  impl.LeaderElection (LeaderElection.java:askForVotes(178)) - d2424f4d-20d2-4104-abcc-02e6288f3ffc@group-62509A8A5C15-LeaderElection306: begin an election at term 334 for -1: [3909bd6a-278d-4911-9d70-32680c972d02:192.168.157.223:33343, d2424f4d-20d2-4104-abcc-02e6288f3ffc:192.168.157.223:39352, 7c510082-4284-44ef-8cd9-bb38fb15579f:192.168.157.223:33098], old=null
2019-10-17 21:16:11,321 [grpc-default-executor-2] INFO  impl.RaftServerImpl (RaftServerImpl.java:setRole(184)) - 7c510082-4284-44ef-8cd9-bb38fb15579f@group-62509A8A5C15: changes role from  FOLLOWER to FOLLOWER at term 334 for recognizeCandidate:d2424f4d-20d2-4104-abcc-02e6288f3ffc
2019-10-17 21:16:11,321 [grpc-default-executor-2] INFO  impl.RoleInfo (RoleInfo.java:shutdownFollowerState(121)) - 7c510082-4284-44ef-8cd9-bb38fb15579f: shutdown FollowerState
2019-10-17 21:16:11,321 [grpc-default-executor-4] INFO  impl.RaftServerImpl (RaftServerImpl.java:setRole(184)) - 3909bd6a-278d-4911-9d70-32680c972d02@group-62509A8A5C15: changes role from  FOLLOWER to FOLLOWER at term 334 for recognizeCandidate:d2424f4d-20d2-4104-abcc-02e6288f3ffc
2019-10-17 21:16:11,321 [Thread-2265] INFO  impl.FollowerState (FollowerState.java:run(117)) - 7c510082-4284-44ef-8cd9-bb38fb15579f@group-62509A8A5C15-FollowerState was interrupted: java.lang.InterruptedException: sleep interrupted
2019-10-17 21:16:11,321 [grpc-default-executor-2] INFO  impl.RoleInfo (RoleInfo.java:updateAndGet(143)) - 7c510082-4284-44ef-8cd9-bb38fb15579f: start FollowerState
2019-10-17 21:16:11,321 [grpc-default-executor-4] INFO  impl.RoleInfo (RoleInfo.java:shutdownFollowerState(121)) - 3909bd6a-278d-4911-9d70-32680c972d02: shutdown FollowerState
2019-10-17 21:16:11,322 [grpc-default-executor-4] INFO  impl.RoleInfo (RoleInfo.java:updateAndGet(143)) - 3909bd6a-278d-4911-9d70-32680c972d02: start FollowerState
2019-10-17 21:16:11,322 [Thread-2264] INFO  impl.FollowerState (FollowerState.java:run(117)) - 3909bd6a-278d-4911-9d70-32680c972d02@group-62509A8A5C15-FollowerState was interrupted: java.lang.InterruptedException: sleep interrupted
2019-10-17 21:16:11,348 [d2424f4d-20d2-4104-abcc-02e6288f3ffc@group-62509A8A5C15-LeaderElection306] INFO  impl.LeaderElection (LeaderElection.java:logAndReturn(56)) - d2424f4d-20d2-4104-abcc-02e6288f3ffc@group-62509A8A5C15-LeaderElection306: Election REJECTED; received 2 response(s) [d2424f4d-20d2-4104-abcc-02e6288f3ffc<-3909bd6a-278d-4911-9d70-32680c972d02#0:FAIL-t334, d2424f4d-20d2-4104-abcc-02e6288f3ffc<-7c510082-4284-44ef-8cd9-bb38fb15579f#0:FAIL-t334] and 0 exception(s); d2424f4d-20d2-4104-abcc-02e6288f3ffc@group-62509A8A5C15:t334, leader=null, voted=d2424f4d-20d2-4104-abcc-02e6288f3ffc, raftlog=d2424f4d-20d2-4104-abcc-02e6288f3ffc@group-62509A8A5C15-SegmentedRaftLog:OPENED:c-1,f-1,i0, conf=-1: [3909bd6a-278d-4911-9d70-32680c972d02:192.168.157.223:33343, d2424f4d-20d2-4104-abcc-02e6288f3ffc:192.168.157.223:39352, 7c510082-4284-44ef-8cd9-bb38fb15579f:192.168.157.223:33098], old=null
2019-10-17 21:16:11,348 [d2424f4d-20d2-4104-abcc-02e6288f3ffc@group-62509A8A5C15-LeaderElection306] INFO  impl.RaftServerImpl (RaftServerImpl.java:setRole(184)) - d2424f4d-20d2-4104-abcc-02e6288f3ffc@group-62509A8A5C15: changes role from CANDIDATE to FOLLOWER at term 334 for DISCOVERED_A_NEW_TERM
2019-10-17 21:16:11,348 [d2424f4d-20d2-4104-abcc-02e6288f3ffc@group-62509A8A5C15-LeaderElection306] INFO  impl.RoleInfo (RoleInfo.java:shutdownLeaderElection(134)) - d2424f4d-20d2-4104-abcc-02e6288f3ffc: shutdown LeaderElection
2019-10-17 21:16:11,348 [d2424f4d-20d2-4104-abcc-02e6288f3ffc@group-62509A8A5C15-LeaderElection306] INFO  impl.RoleInfo (RoleInfo.java:updateAndGet(143)) - d2424f4d-20d2-4104-abcc-02e6288f3ffc: start FollowerState
2019-10-17 21:16:11,358 [Thread-2272] INFO  impl.FollowerState (FollowerState.java:run(108)) - d2424f4d-20d2-4104-abcc-02e6288f3ffc@group-62509A8A5C15-FollowerState: change to CANDIDATE, lastRpcTime:10ms, electionTimeout:10ms
2019-10-17 21:16:11,359 [Thread-2272] INFO  impl.RoleInfo (RoleInfo.java:shutdownFollowerState(121)) - d2424f4d-20d2-4104-abcc-02e6288f3ffc: shutdown FollowerState
2019-10-17 21:16:11,359 [Thread-2272] INFO  impl.RaftServerImpl (RaftServerImpl.java:setRole(184)) - d2424f4d-20d2-4104-abcc-02e6288f3ffc@group-62509A8A5C15: changes role from  FOLLOWER to CANDIDATE at term 334 for changeToCandidate
2019-10-17 21:16:11,359 [Thread-2272] INFO  impl.RoleInfo (RoleInfo.java:updateAndGet(143)) - d2424f4d-20d2-4104-abcc-02e6288f3ffc: start LeaderElection
2019-10-17 21:16:11,372 [d2424f4d-20d2-4104-abcc-02e6288f3ffc@group-62509A8A5C15-LeaderElection307] INFO  impl.LeaderElection (LeaderElection.java:askForVotes(178)) - d2424f4d-20d2-4104-abcc-02e6288f3ffc@group-62509A8A5C15-LeaderElection307: begin an election at term 335 for -1: [3909bd6a-278d-4911-9d70-32680c972d02:192.168.157.223:33343, d2424f4d-20d2-4104-abcc-02e6288f3ffc:192.168.157.223:39352, 7c510082-4284-44ef-8cd9-bb38fb15579f:192.168.157.223:33098], old=null
2019-10-17 21:16:11,373 [grpc-default-executor-2] INFO  impl.RaftServerImpl (RaftServerImpl.java:setRole(184)) - 7c510082-4284-44ef-8cd9-bb38fb15579f@group-62509A8A5C15: changes role from  FOLLOWER to FOLLOWER at term 335 for recognizeCandidate:d2424f4d-20d2-4104-abcc-02e6288f3ffc
2019-10-17 21:16:11,374 [grpc-default-executor-2] INFO  impl.RoleInfo (RoleInfo.java:shutdownFollowerState(121)) - 7c510082-4284-44ef-8cd9-bb38fb15579f: shutdown FollowerState
2019-10-17 21:16:11,374 [grpc-default-executor-2] INFO  impl.RoleInfo (RoleInfo.java:updateAndGet(143)) - 7c510082-4284-44ef-8cd9-bb38fb15579f: start FollowerState
2019-10-17 21:16:11,374 [Thread-2270] INFO  impl.FollowerState (FollowerState.java:run(117)) - 7c510082-4284-44ef-8cd9-bb38fb15579f@group-62509A8A5C15-FollowerState was interrupted: java.lang.InterruptedException: sleep interrupted
2019-10-17 21:16:11,374 [grpc-default-executor-4] INFO  impl.RaftServerImpl (RaftServerImpl.java:setRole(184)) - 3909bd6a-278d-4911-9d70-32680c972d02@group-62509A8A5C15: changes role from  FOLLOWER to FOLLOWER at term 335 for recognizeCandidate:d2424f4d-20d2-4104-abcc-02e6288f3ffc
2019-10-17 21:16:11,374 [grpc-default-executor-4] INFO  impl.RoleInfo (RoleInfo.java:shutdownFollowerState(121)) - 3909bd6a-278d-4911-9d70-32680c972d02: shutdown FollowerState
2019-10-17 21:16:11,374 [grpc-default-executor-4] INFO  impl.RoleInfo (RoleInfo.java:updateAndGet(143)) - 3909bd6a-278d-4911-9d70-32680c972d02: start FollowerState
2019-10-17 21:16:11,374 [Thread-2271] INFO  impl.FollowerState (FollowerState.java:run(117)) - 3909bd6a-278d-4911-9d70-32680c972d02@group-62509A8A5C15-FollowerState was interrupted: java.lang.InterruptedException: sleep interrupted
2019-10-17 21:16:11,400 [d2424f4d-20d2-4104-abcc-02e6288f3ffc@group-62509A8A5C15-LeaderElection307] INFO  impl.LeaderElection (LeaderElection.java:logAndReturn(56)) - d2424f4d-20d2-4104-abcc-02e6288f3ffc@group-62509A8A5C15-LeaderElection307: Election REJECTED; received 2 response(s) [d2424f4d-20d2-4104-abcc-02e6288f3ffc<-3909bd6a-278d-4911-9d70-32680c972d02#0:FAIL-t335, d2424f4d-20d2-4104-abcc-02e6288f3ffc<-7c510082-4284-44ef-8cd9-bb38fb15579f#0:FAIL-t335] and 0 exception(s); d2424f4d-20d2-4104-abcc-02e6288f3ffc@group-62509A8A5C15:t335, leader=null, voted=d2424f4d-20d2-4104-abcc-02e6288f3ffc, raftlog=d2424f4d-20d2-4104-abcc-02e6288f3ffc@group-62509A8A5C15-SegmentedRaftLog:OPENED:c-1,f-1,i0, conf=-1: [3909bd6a-278d-4911-9d70-32680c972d02:192.168.157.223:33343, d2424f4d-20d2-4104-abcc-02e6288f3ffc:192.168.157.223:39352, 7c510082-4284-44ef-8cd9-bb38fb15579f:192.168.157.223:33098], old=null
2019-10-17 21:16:11,400 [d2424f4d-20d2-4104-abcc-02e6288f3ffc@group-62509A8A5C15-LeaderElection307] INFO  impl.RaftServerImpl (RaftServerImpl.java:setRole(184)) - d2424f4d-20d2-4104-abcc-02e6288f3ffc@group-62509A8A5C15: changes role from CANDIDATE to FOLLOWER at term 335 for DISCOVERED_A_NEW_TERM
2019-10-17 21:16:11,400 [d2424f4d-20d2-4104-abcc-02e6288f3ffc@group-62509A8A5C15-LeaderElection307] INFO  impl.RoleInfo (RoleInfo.java:shutdownLeaderElection(134)) - d2424f4d-20d2-4104-abcc-02e6288f3ffc: shutdown LeaderElection
2019-10-17 21:16:11,400 [d2424f4d-20d2-4104-abcc-02e6288f3ffc@group-62509A8A5C15-LeaderElection307] INFO  impl.RoleInfo (RoleInfo.java:updateAndGet(143)) - d2424f4d-20d2-4104-abcc-02e6288f3ffc: start FollowerState
2019-10-17 21:16:11,556 [Thread-2278] INFO  impl.FollowerState (FollowerState.java:run(108)) - d2424f4d-20d2-4104-abcc-02e6288f3ffc@group-62509A8A5C15-FollowerState: change to CANDIDATE, lastRpcTime:155ms, electionTimeout:155ms
2019-10-17 21:16:11,556 [Thread-2278] INFO  impl.RoleInfo (RoleInfo.java:shutdownFollowerState(121)) - d2424f4d-20d2-4104-abcc-02e6288f3ffc: shutdown FollowerState
2019-10-17 21:16:11,556 [Thread-2278] INFO  impl.RaftServerImpl (RaftServerImpl.java:setRole(184)) - d2424f4d-20d2-4104-abcc-02e6288f3ffc@group-62509A8A5C15: changes role from  FOLLOWER to CANDIDATE at term 335 for changeToCandidate
2019-10-17 21:16:11,556 [Thread-2278] INFO  impl.RoleInfo (RoleInfo.java:updateAndGet(143)) - d2424f4d-20d2-4104-abcc-02e6288f3ffc: start LeaderElection
2019-10-17 21:16:11,583 [d2424f4d-20d2-4104-abcc-02e6288f3ffc@group-62509A8A5C15-LeaderElection308] INFO  impl.LeaderElection (LeaderElection.java:askForVotes(178)) - d2424f4d-20d2-4104-abcc-02e6288f3ffc@group-62509A8A5C15-LeaderElection308: begin an election at term 336 for -1: [3909bd6a-278d-4911-9d70-32680c972d02:192.168.157.223:33343, d2424f4d-20d2-4104-abcc-02e6288f3ffc:192.168.157.223:39352, 7c510082-4284-44ef-8cd9-bb38fb15579f:192.168.157.223:33098], old=null
2019-10-17 21:16:11,584 [grpc-default-executor-4] INFO  impl.RaftServerImpl (RaftServerImpl.java:setRole(184)) - 3909bd6a-278d-4911-9d70-32680c972d02@group-62509A8A5C15: changes role from  FOLLOWER to FOLLOWER at term 336 for recognizeCandidate:d2424f4d-20d2-4104-abcc-02e6288f3ffc
2019-10-17 21:16:11,584 [grpc-default-executor-4] INFO  impl.RoleInfo (RoleInfo.java:shutdownFollowerState(121)) - 3909bd6a-278d-4911-9d70-32680c972d02: shutdown FollowerState
2019-10-17 21:16:11,584 [grpc-default-executor-2] INFO  impl.RaftServerImpl (RaftServerImpl.java:setRole(184)) - 7c510082-4284-44ef-8cd9-bb38fb15579f@group-62509A8A5C15: changes role from  FOLLOWER to FOLLOWER at term 336 for recognizeCandidate:d2424f4d-20d2-4104-abcc-02e6288f3ffc
2019-10-17 21:16:11,585 [grpc-default-executor-2] INFO  impl.RoleInfo (RoleInfo.java:shutdownFollowerState(121)) - 7c510082-4284-44ef-8cd9-bb38fb15579f: shutdown FollowerState
2019-10-17 21:16:11,585 [Thread-2277] INFO  impl.FollowerState (FollowerState.java:run(117)) - 3909bd6a-278d-4911-9d70-32680c972d02@group-62509A8A5C15-FollowerState was interrupted: java.lang.InterruptedException: sleep interrupted
2019-10-17 21:16:11,585 [Thread-2276] INFO  impl.FollowerState (FollowerState.java:run(117)) - 7c510082-4284-44ef-8cd9-bb38fb15579f@group-62509A8A5C15-FollowerState was interrupted: java.lang.InterruptedException: sleep interrupted
2019-10-17 21:16:11,584 [grpc-default-executor-4] INFO  impl.RoleInfo (RoleInfo.java:updateAndGet(143)) - 3909bd6a-278d-4911-9d70-32680c972d02: start FollowerState
2019-10-17 21:16:11,585 [grpc-default-executor-2] INFO  impl.RoleInfo (RoleInfo.java:updateAndGet(143)) - 7c510082-4284-44ef-8cd9-bb38fb15579f: start FollowerState
2019-10-17 21:16:11,586 [d2424f4d-20d2-4104-abcc-02e6288f3ffc@group-62509A8A5C15-LeaderElection308] INFO  impl.LeaderElection (LeaderElection.java:logAndReturn(56)) - d2424f4d-20d2-4104-abcc-02e6288f3ffc@group-62509A8A5C15-LeaderElection308: Election TIMEOUT; received 0 response(s) [] and 0 exception(s); d2424f4d-20d2-4104-abcc-02e6288f3ffc@group-62509A8A5C15:t336, leader=null, voted=d2424f4d-20d2-4104-abcc-02e6288f3ffc, raftlog=d2424f4d-20d2-4104-abcc-02e6288f3ffc@group-62509A8A5C15-SegmentedRaftLog:OPENED:c-1,f-1,i0, conf=-1: [3909bd6a-278d-4911-9d70-32680c972d02:192.168.157.223:33343, d2424f4d-20d2-4104-abcc-02e6288f3ffc:192.168.157.223:39352, 7c510082-4284-44ef-8cd9-bb38fb15579f:192.168.157.223:33098], old=null
2019-10-17 21:16:11,611 [d2424f4d-20d2-4104-abcc-02e6288f3ffc@group-62509A8A5C15-LeaderElection308] INFO  impl.LeaderElection (LeaderElection.java:askForVotes(178)) - d2424f4d-20d2-4104-abcc-02e6288f3ffc@group-62509A8A5C15-LeaderElection308: begin an election at term 337 for -1: [3909bd6a-278d-4911-9d70-32680c972d02:192.168.157.223:33343, d2424f4d-20d2-4104-abcc-02e6288f3ffc:192.168.157.223:39352, 7c510082-4284-44ef-8cd9-bb38fb15579f:192.168.157.223:33098], old=null
2019-10-17 21:16:11,613 [grpc-default-executor-2] INFO  impl.RaftServerImpl (RaftServerImpl.java:setRole(184)) - 3909bd6a-278d-4911-9d70-32680c972d02@group-62509A8A5C15: changes role from  FOLLOWER to FOLLOWER at term 337 for recognizeCandidate:d2424f4d-20d2-4104-abcc-02e6288f3ffc
2019-10-17 21:16:11,613 [grpc-default-executor-2] INFO  impl.RoleInfo (RoleInfo.java:shutdownFollowerState(121)) - 3909bd6a-278d-4911-9d70-32680c972d02: shutdown FollowerState
2019-10-17 21:16:11,613 [grpc-default-executor-4] INFO  impl.RaftServerImpl (RaftServerImpl.java:setRole(184)) - 7c510082-4284-44ef-8cd9-bb38fb15579f@group-62509A8A5C15: changes role from  FOLLOWER to FOLLOWER at term 337 for recognizeCandidate:d2424f4d-20d2-4104-abcc-02e6288f3ffc
2019-10-17 21:16:11,613 [grpc-default-executor-4] INFO  impl.RoleInfo (RoleInfo.java:shutdownFollowerState(121)) - 7c510082-4284-44ef-8cd9-bb38fb15579f: shutdown FollowerState
2019-10-17 21:16:11,613 [Thread-2282] INFO  impl.FollowerState (FollowerState.java:run(117)) - 3909bd6a-278d-4911-9d70-32680c972d02@group-62509A8A5C15-FollowerState was interrupted: java.lang.InterruptedException: sleep interrupted
2019-10-17 21:16:11,613 [grpc-default-executor-2] INFO  impl.RoleInfo (RoleInfo.java:updateAndGet(143)) - 3909bd6a-278d-4911-9d70-32680c972d02: start FollowerState
2019-10-17 21:16:11,613 [Thread-2283] INFO  impl.FollowerState (FollowerState.java:run(117)) - 7c510082-4284-44ef-8cd9-bb38fb15579f@group-62509A8A5C15-FollowerState was interrupted: java.lang.InterruptedException: sleep interrupted
2019-10-17 21:16:11,613 [grpc-default-executor-4] INFO  impl.RoleInfo (RoleInfo.java:updateAndGet(143)) - 7c510082-4284-44ef-8cd9-bb38fb15579f: start FollowerState
2019-10-17 21:16:11,628 [d2424f4d-20d2-4104-abcc-02e6288f3ffc@group-62509A8A5C15-LeaderElection308] INFO  impl.LeaderElection (LeaderElection.java:logAndReturn(56)) - d2424f4d-20d2-4104-abcc-02e6288f3ffc@group-62509A8A5C15-LeaderElection308: Election REJECTED; received 2 response(s) [d2424f4d-20d2-4104-abcc-02e6288f3ffc<-3909bd6a-278d-4911-9d70-32680c972d02#0:FAIL-t337, d2424f4d-20d2-4104-abcc-02e6288f3ffc<-7c510082-4284-44ef-8cd9-bb38fb15579f#0:FAIL-t337] and 0 exception(s); d2424f4d-20d2-4104-abcc-02e6288f3ffc@group-62509A8A5C15:t337, leader=null, voted=d2424f4d-20d2-4104-abcc-02e6288f3ffc, raftlog=d2424f4d-20d2-4104-abcc-02e6288f3ffc@group-62509A8A5C15-SegmentedRaftLog:OPENED:c-1,f-1,i0, conf=-1: [3909bd6a-278d-4911-9d70-32680c972d02:192.168.157.223:33343, d2424f4d-20d2-4104-abcc-02e6288f3ffc:192.168.157.223:39352, 7c510082-4284-44ef-8cd9-bb38fb15579f:192.168.157.223:33098], old=null
2019-10-17 21:16:11,628 [d2424f4d-20d2-4104-abcc-02e6288f3ffc@group-62509A8A5C15-LeaderElection308] INFO  impl.RaftServerImpl (RaftServerImpl.java:setRole(184)) - d2424f4d-20d2-4104-abcc-02e6288f3ffc@group-62509A8A5C15: changes role from CANDIDATE to FOLLOWER at term 337 for DISCOVERED_A_NEW_TERM
2019-10-17 21:16:11,628 [d2424f4d-20d2-4104-abcc-02e6288f3ffc@group-62509A8A5C15-LeaderElection308] INFO  impl.RoleInfo (RoleInfo.java:shutdownLeaderElection(134)) - d2424f4d-20d2-4104-abcc-02e6288f3ffc: shutdown LeaderElection
2019-10-17 21:16:11,628 [d2424f4d-20d2-4104-abcc-02e6288f3ffc@group-62509A8A5C15-LeaderElection308] INFO  impl.RoleInfo (RoleInfo.java:updateAndGet(143)) - d2424f4d-20d2-4104-abcc-02e6288f3ffc: start FollowerState
2019-10-17 21:16:11,750 [Thread-2288] INFO  impl.FollowerState (FollowerState.java:run(108)) - d2424f4d-20d2-4104-abcc-02e6288f3ffc@group-62509A8A5C15-FollowerState: change to CANDIDATE, lastRpcTime:122ms, electionTimeout:122ms
2019-10-17 21:16:11,751 [Thread-2288] INFO  impl.RoleInfo (RoleInfo.java:shutdownFollowerState(121)) - d2424f4d-20d2-4104-abcc-02e6288f3ffc: shutdown FollowerState
2019-10-17 21:16:11,751 [Thread-2288] INFO  impl.RaftServerImpl (RaftServerImpl.java:setRole(184)) - d2424f4d-20d2-4104-abcc-02e6288f3ffc@group-62509A8A5C15: changes role from  FOLLOWER to CANDIDATE at term 337 for changeToCandidate
2019-10-17 21:16:11,751 [Thread-2288] INFO  impl.RoleInfo (RoleInfo.java:updateAndGet(143)) - d2424f4d-20d2-4104-abcc-02e6288f3ffc: start LeaderElection
2019-10-17 21:16:11,764 [d2424f4d-20d2-4104-abcc-02e6288f3ffc@group-62509A8A5C15-LeaderElection309] INFO  impl.LeaderElection (LeaderElection.java:askForVotes(178)) - d2424f4d-20d2-4104-abcc-02e6288f3ffc@group-62509A8A5C15-LeaderElection309: begin an election at term 338 for -1: [3909bd6a-278d-4911-9d70-32680c972d02:192.168.157.223:33343, d2424f4d-20d2-4104-abcc-02e6288f3ffc:192.168.157.223:39352, 7c510082-4284-44ef-8cd9-bb38fb15579f:192.168.157.223:33098], old=null
2019-10-17 21:16:11,765 [grpc-default-executor-4] INFO  impl.RaftServerImpl (RaftServerImpl.java:setRole(184)) - 3909bd6a-278d-4911-9d70-32680c972d02@group-62509A8A5C15: changes role from  FOLLOWER to FOLLOWER at term 338 for recognizeCandidate:d2424f4d-20d2-4104-abcc-02e6288f3ffc
2019-10-17 21:16:11,765 [grpc-default-executor-2] INFO  impl.RaftServerImpl (RaftServerImpl.java:setRole(184)) - 7c510082-4284-44ef-8cd9-bb38fb15579f@group-62509A8A5C15: changes role from  FOLLOWER to FOLLOWER at term 338 for recognizeCandidate:d2424f4d-20d2-4104-abcc-02e6288f3ffc
2019-10-17 21:16:11,766 [grpc-default-executor-2] INFO  impl.RoleInfo (RoleInfo.java:shutdownFollowerState(121)) - 7c510082-4284-44ef-8cd9-bb38fb15579f: shutdown FollowerState
2019-10-17 21:16:11,765 [grpc-default-executor-4] INFO  impl.RoleInfo (RoleInfo.java:shutdownFollowerState(121)) - 3909bd6a-278d-4911-9d70-32680c972d02: shutdown FollowerState
2019-10-17 21:16:11,766 [Thread-2287] INFO  impl.FollowerState (FollowerState.java:run(117)) - 7c510082-4284-44ef-8cd9-bb38fb15579f@group-62509A8A5C15-FollowerState was interrupted: java.lang.InterruptedException: sleep interrupted
2019-10-17 21:16:11,766 [grpc-default-executor-2] INFO  impl.RoleInfo (RoleInfo.java:updateAndGet(143)) - 7c510082-4284-44ef-8cd9-bb38fb15579f: start FollowerState
2019-10-17 21:16:11,766 [Thread-2286] INFO  impl.FollowerState (FollowerState.java:run(117)) - 3909bd6a-278d-4911-9d70-32680c972d02@group-62509A8A5C15-FollowerState was interrupted: java.lang.InterruptedException: sleep interrupted
2019-10-17 21:16:11,766 [grpc-default-executor-4] INFO  impl.RoleInfo (RoleInfo.java:updateAndGet(143)) - 3909bd6a-278d-4911-9d70-32680c972d02: start FollowerState
2019-10-17 21:16:11,786 [d2424f4d-20d2-4104-abcc-02e6288f3ffc@group-62509A8A5C15-LeaderElection309] INFO  impl.LeaderElection (LeaderElection.java:logAndReturn(56)) - d2424f4d-20d2-4104-abcc-02e6288f3ffc@group-62509A8A5C15-LeaderElection309: Election REJECTED; received 2 response(s) [d2424f4d-20d2-4104-abcc-02e6288f3ffc<-3909bd6a-278d-4911-9d70-32680c972d02#0:FAIL-t338, d2424f4d-20d2-4104-abcc-02e6288f3ffc<-7c510082-4284-44ef-8cd9-bb38fb15579f#0:FAIL-t338] and 0 exception(s); d2424f4d-20d2-4104-abcc-02e6288f3ffc@group-62509A8A5C15:t338, leader=null, voted=d2424f4d-20d2-4104-abcc-02e6288f3ffc, raftlog=d2424f4d-20d2-4104-abcc-02e6288f3ffc@group-62509A8A5C15-SegmentedRaftLog:OPENED:c-1,f-1,i0, conf=-1: [3909bd6a-278d-4911-9d70-32680c972d02:192.168.157.223:33343, d2424f4d-20d2-4104-abcc-02e6288f3ffc:192.168.157.223:39352, 7c510082-4284-44ef-8cd9-bb38fb15579f:192.168.157.223:33098], old=null
2019-10-17 21:16:11,786 [d2424f4d-20d2-4104-abcc-02e6288f3ffc@group-62509A8A5C15-LeaderElection309] INFO  impl.RaftServerImpl (RaftServerImpl.java:setRole(184)) - d2424f4d-20d2-4104-abcc-02e6288f3ffc@group-62509A8A5C15: changes role from CANDIDATE to FOLLOWER at term 338 for DISCOVERED_A_NEW_TERM
2019-10-17 21:16:11,786 [d2424f4d-20d2-4104-abcc-02e6288f3ffc@group-62509A8A5C15-LeaderElection309] INFO  impl.RoleInfo (RoleInfo.java:shutdownLeaderElection(134)) - d2424f4d-20d2-4104-abcc-02e6288f3ffc: shutdown LeaderElection
2019-10-17 21:16:11,787 [d2424f4d-20d2-4104-abcc-02e6288f3ffc@group-62509A8A5C15-LeaderElection309] INFO  impl.RoleInfo (RoleInfo.java:updateAndGet(143)) - d2424f4d-20d2-4104-abcc-02e6288f3ffc: start FollowerState
2019-10-17 21:16:11,920 [Thread-2294] INFO  impl.FollowerState (FollowerState.java:run(108)) - d2424f4d-20d2-4104-abcc-02e6288f3ffc@group-62509A8A5C15-FollowerState: change to CANDIDATE, lastRpcTime:133ms, electionTimeout:133ms
2019-10-17 21:16:11,920 [Thread-2294] INFO  impl.RoleInfo (RoleInfo.java:shutdownFollowerState(121)) - d2424f4d-20d2-4104-abcc-02e6288f3ffc: shutdown FollowerState
2019-10-17 21:16:11,920 [Thread-2294] INFO  impl.RaftServerImpl (RaftServerImpl.java:setRole(184)) - d2424f4d-20d2-4104-abcc-02e6288f3ffc@group-62509A8A5C15: changes role from  FOLLOWER to CANDIDATE at term 338 for changeToCandidate
2019-10-17 21:16:11,920 [Thread-2294] INFO  impl.RoleInfo (RoleInfo.java:updateAndGet(143)) - d2424f4d-20d2-4104-abcc-02e6288f3ffc: start LeaderElection
2019-10-17 21:16:11,935 [d2424f4d-20d2-4104-abcc-02e6288f3ffc@group-62509A8A5C15-LeaderElection310] INFO  impl.LeaderElection (LeaderElection.java:askForVotes(178)) - d2424f4d-20d2-4104-abcc-02e6288f3ffc@group-62509A8A5C15-LeaderElection310: begin an election at term 339 for -1: [3909bd6a-278d-4911-9d70-32680c972d02:192.168.157.223:33343, d2424f4d-20d2-4104-abcc-02e6288f3ffc:192.168.157.223:39352, 7c510082-4284-44ef-8cd9-bb38fb15579f:192.168.157.223:33098], old=null
2019-10-17 21:16:11,936 [grpc-default-executor-4] INFO  impl.RaftServerImpl (RaftServerImpl.java:setRole(184)) - 3909bd6a-278d-4911-9d70-32680c972d02@group-62509A8A5C15: changes role from  FOLLOWER to FOLLOWER at term 339 for recognizeCandidate:d2424f4d-20d2-4104-abcc-02e6288f3ffc
2019-10-17 21:16:11,936 [grpc-default-executor-4] INFO  impl.RoleInfo (RoleInfo.java:shutdownFollowerState(121)) - 3909bd6a-278d-4911-9d70-32680c972d02: shutdown FollowerState
2019-10-17 21:16:11,936 [grpc-default-executor-4] INFO  impl.RoleInfo (RoleInfo.java:updateAndGet(143)) - 3909bd6a-278d-4911-9d70-32680c972d02: start FollowerState
2019-10-17 21:16:11,936 [Thread-2293] INFO  impl.FollowerState (FollowerState.java:run(117)) - 3909bd6a-278d-4911-9d70-32680c972d02@group-62509A8A5C15-FollowerState was interrupted: java.lang.InterruptedException: sleep interrupted
2019-10-17 21:16:11,936 [grpc-default-executor-2] INFO  impl.RaftServerImpl (RaftServerImpl.java:setRole(184)) - 7c510082-4284-44ef-8cd9-bb38fb15579f@group-62509A8A5C15: changes role from  FOLLOWER to FOLLOWER at term 339 for recognizeCandidate:d2424f4d-20d2-4104-abcc-02e6288f3ffc
2019-10-17 21:16:11,937 [grpc-default-executor-2] INFO  impl.RoleInfo (RoleInfo.java:shutdownFollowerState(121)) - 7c510082-4284-44ef-8cd9-bb38fb15579f: shutdown FollowerState
2019-10-17 21:16:11,937 [grpc-default-executor-2] INFO  impl.RoleInfo (RoleInfo.java:updateAndGet(143)) - 7c510082-4284-44ef-8cd9-bb38fb15579f: start FollowerState
2019-10-17 21:16:11,937 [Thread-2292] INFO  impl.FollowerState (FollowerState.java:run(117)) - 7c510082-4284-44ef-8cd9-bb38fb15579f@group-62509A8A5C15-FollowerState was interrupted: java.lang.InterruptedException: sleep interrupted
2019-10-17 21:16:11,962 [d2424f4d-20d2-4104-abcc-02e6288f3ffc@group-62509A8A5C15-LeaderElection310] INFO  impl.LeaderElection (LeaderElection.java:logAndReturn(56)) - d2424f4d-20d2-4104-abcc-02e6288f3ffc@group-62509A8A5C15-LeaderElection310: Election REJECTED; received 2 response(s) [d2424f4d-20d2-4104-abcc-02e6288f3ffc<-3909bd6a-278d-4911-9d70-32680c972d02#0:FAIL-t339, d2424f4d-20d2-4104-abcc-02e6288f3ffc<-7c510082-4284-44ef-8cd9-bb38fb15579f#0:FAIL-t339] and 0 exception(s); d2424f4d-20d2-4104-abcc-02e6288f3ffc@group-62509A8A5C15:t339, leader=null, voted=d2424f4d-20d2-4104-abcc-02e6288f3ffc, raftlog=d2424f4d-20d2-4104-abcc-02e6288f3ffc@group-62509A8A5C15-SegmentedRaftLog:OPENED:c-1,f-1,i0, conf=-1: [3909bd6a-278d-4911-9d70-32680c972d02:192.168.157.223:33343, d2424f4d-20d2-4104-abcc-02e6288f3ffc:192.168.157.223:39352, 7c510082-4284-44ef-8cd9-bb38fb15579f:192.168.157.223:33098], old=null
2019-10-17 21:16:11,963 [d2424f4d-20d2-4104-abcc-02e6288f3ffc@group-62509A8A5C15-LeaderElection310] INFO  impl.RaftServerImpl (RaftServerImpl.java:setRole(184)) - d2424f4d-20d2-4104-abcc-02e6288f3ffc@group-62509A8A5C15: changes role from CANDIDATE to FOLLOWER at term 339 for DISCOVERED_A_NEW_TERM
2019-10-17 21:16:11,963 [d2424f4d-20d2-4104-abcc-02e6288f3ffc@group-62509A8A5C15-LeaderElection310] INFO  impl.RoleInfo (RoleInfo.java:shutdownLeaderElection(134)) - d2424f4d-20d2-4104-abcc-02e6288f3ffc: shutdown LeaderElection
2019-10-17 21:16:11,963 [d2424f4d-20d2-4104-abcc-02e6288f3ffc@group-62509A8A5C15-LeaderElection310] INFO  impl.RoleInfo (RoleInfo.java:updateAndGet(143)) - d2424f4d-20d2-4104-abcc-02e6288f3ffc: start FollowerState
2019-10-17 21:16:12,114 [Thread-2300] INFO  impl.FollowerState (FollowerState.java:run(108)) - d2424f4d-20d2-4104-abcc-02e6288f3ffc@group-62509A8A5C15-FollowerState: change to CANDIDATE, lastRpcTime:151ms, electionTimeout:151ms
2019-10-17 21:16:12,115 [Thread-2300] INFO  impl.RoleInfo (RoleInfo.java:shutdownFollowerState(121)) - d2424f4d-20d2-4104-abcc-02e6288f3ffc: shutdown FollowerState
2019-10-17 21:16:12,115 [Thread-2300] INFO  impl.RaftServerImpl (RaftServerImpl.java:setRole(184)) - d2424f4d-20d2-4104-abcc-02e6288f3ffc@group-62509A8A5C15: changes role from  FOLLOWER to CANDIDATE at term 339 for changeToCandidate
2019-10-17 21:16:12,115 [Thread-2300] INFO  impl.RoleInfo (RoleInfo.java:updateAndGet(143)) - d2424f4d-20d2-4104-abcc-02e6288f3ffc: start LeaderElection
2019-10-17 21:16:12,140 [d2424f4d-20d2-4104-abcc-02e6288f3ffc@group-62509A8A5C15-LeaderElection311] INFO  impl.LeaderElection (LeaderElection.java:askForVotes(178)) - d2424f4d-20d2-4104-abcc-02e6288f3ffc@group-62509A8A5C15-LeaderElection311: begin an election at term 340 for -1: [3909bd6a-278d-4911-9d70-32680c972d02:192.168.157.223:33343, d2424f4d-20d2-4104-abcc-02e6288f3ffc:192.168.157.223:39352, 7c510082-4284-44ef-8cd9-bb38fb15579f:192.168.157.223:33098], old=null
2019-10-17 21:16:12,141 [grpc-default-executor-2] INFO  impl.RaftServerImpl (RaftServerImpl.java:setRole(184)) - 3909bd6a-278d-4911-9d70-32680c972d02@group-62509A8A5C15: changes role from  FOLLOWER to FOLLOWER at term 340 for recognizeCandidate:d2424f4d-20d2-4104-abcc-02e6288f3ffc
2019-10-17 21:16:12,141 [grpc-default-executor-2] INFO  impl.RoleInfo (RoleInfo.java:shutdownFollowerState(121)) - 3909bd6a-278d-4911-9d70-32680c972d02: shutdown FollowerState
2019-10-17 21:16:12,141 [grpc-default-executor-4] INFO  impl.RaftServerImpl (RaftServerImpl.java:setRole(184)) - 7c510082-4284-44ef-8cd9-bb38fb15579f@group-62509A8A5C15: changes role from  FOLLOWER to FOLLOWER at term 340 for recognizeCandidate:d2424f4d-20d2-4104-abcc-02e6288f3ffc
2019-10-17 21:16:12,142 [Thread-2298] INFO  impl.FollowerState (FollowerState.java:run(117)) - 3909bd6a-278d-4911-9d70-32680c972d02@group-62509A8A5C15-FollowerState was interrupted: java.lang.InterruptedException: sleep interrupted
2019-10-17 21:16:12,142 [grpc-default-executor-2] INFO  impl.RoleInfo (RoleInfo.java:updateAndGet(143)) - 3909bd6a-278d-4911-9d70-32680c972d02: start FollowerState
2019-10-17 21:16:12,142 [grpc-default-executor-4] INFO  impl.RoleInfo (RoleInfo.java:shutdownFollowerState(121)) - 7c510082-4284-44ef-8cd9-bb38fb15579f: shutdown FollowerState
2019-10-17 21:16:12,142 [grpc-default-executor-4] INFO  impl.RoleInfo (RoleInfo.java:updateAndGet(143)) - 7c510082-4284-44ef-8cd9-bb38fb15579f: start FollowerState
2019-10-17 21:16:12,142 [Thread-2299] INFO  impl.FollowerState (FollowerState.java:run(117)) - 7c510082-4284-44ef-8cd9-bb38fb15579f@group-62509A8A5C15-FollowerState was interrupted: java.lang.InterruptedException: sleep interrupted
2019-10-17 21:16:12,148 [d2424f4d-20d2-4104-abcc-02e6288f3ffc@group-62509A8A5C15-LeaderElection311] INFO  impl.LeaderElection (LeaderElection.java:logAndReturn(56)) - d2424f4d-20d2-4104-abcc-02e6288f3ffc@group-62509A8A5C15-LeaderElection311: Election TIMEOUT; received 0 response(s) [] and 0 exception(s); d2424f4d-20d2-4104-abcc-02e6288f3ffc@group-62509A8A5C15:t340, leader=null, voted=d2424f4d-20d2-4104-abcc-02e6288f3ffc, raftlog=d2424f4d-20d2-4104-abcc-02e6288f3ffc@group-62509A8A5C15-SegmentedRaftLog:OPENED:c-1,f-1,i0, conf=-1: [3909bd6a-278d-4911-9d70-32680c972d02:192.168.157.223:33343, d2424f4d-20d2-4104-abcc-02e6288f3ffc:192.168.157.223:39352, 7c510082-4284-44ef-8cd9-bb38fb15579f:192.168.157.223:33098], old=null
2019-10-17 21:16:12,168 [d2424f4d-20d2-4104-abcc-02e6288f3ffc@group-62509A8A5C15-LeaderElection311] INFO  impl.LeaderElection (LeaderElection.java:askForVotes(178)) - d2424f4d-20d2-4104-abcc-02e6288f3ffc@group-62509A8A5C15-LeaderElection311: begin an election at term 341 for -1: [3909bd6a-278d-4911-9d70-32680c972d02:192.168.157.223:33343, d2424f4d-20d2-4104-abcc-02e6288f3ffc:192.168.157.223:39352, 7c510082-4284-44ef-8cd9-bb38fb15579f:192.168.157.223:33098], old=null
2019-10-17 21:16:12,169 [grpc-default-executor-4] INFO  impl.RaftServerImpl (RaftServerImpl.java:setRole(184)) - 3909bd6a-278d-4911-9d70-32680c972d02@group-62509A8A5C15: changes role from  FOLLOWER to FOLLOWER at term 341 for recognizeCandidate:d2424f4d-20d2-4104-abcc-02e6288f3ffc
2019-10-17 21:16:12,169 [grpc-default-executor-4] INFO  impl.RoleInfo (RoleInfo.java:shutdownFollowerState(121)) - 3909bd6a-278d-4911-9d70-32680c972d02: shutdown FollowerState
2019-10-17 21:16:12,169 [grpc-default-executor-4] INFO  impl.RoleInfo (RoleInfo.java:updateAndGet(143)) - 3909bd6a-278d-4911-9d70-32680c972d02: start FollowerState
2019-10-17 21:16:12,169 [grpc-default-executor-2] INFO  impl.RaftServerImpl (RaftServerImpl.java:setRole(184)) - 7c510082-4284-44ef-8cd9-bb38fb15579f@group-62509A8A5C15: changes role from  FOLLOWER to FOLLOWER at term 341 for recognizeCandidate:d2424f4d-20d2-4104-abcc-02e6288f3ffc
2019-10-17 21:16:12,169 [grpc-default-executor-2] INFO  impl.RoleInfo (RoleInfo.java:shutdownFollowerState(121)) - 7c510082-4284-44ef-8cd9-bb38fb15579f: shutdown FollowerState
2019-10-17 21:16:12,169 [Thread-2304] INFO  impl.FollowerState (FollowerState.java:run(117)) - 3909bd6a-278d-4911-9d70-32680c972d02@group-62509A8A5C15-FollowerState was interrupted: java.lang.InterruptedException: sleep interrupted
2019-10-17 21:16:12,170 [Thread-2305] INFO  impl.FollowerState (FollowerState.java:run(117)) - 7c510082-4284-44ef-8cd9-bb38fb15579f@group-62509A8A5C15-FollowerState was interrupted: java.lang.InterruptedException: sleep interrupted
2019-10-17 21:16:12,170 [grpc-default-executor-2] INFO  impl.RoleInfo (RoleInfo.java:updateAndGet(143)) - 7c510082-4284-44ef-8cd9-bb38fb15579f: start FollowerState
2019-10-17 21:16:12,195 [d2424f4d-20d2-4104-abcc-02e6288f3ffc@group-62509A8A5C15-LeaderElection311] INFO  impl.LeaderElection (LeaderElection.java:logAndReturn(56)) - d2424f4d-20d2-4104-abcc-02e6288f3ffc@group-62509A8A5C15-LeaderElection311: Election REJECTED; received 2 response(s) [d2424f4d-20d2-4104-abcc-02e6288f3ffc<-3909bd6a-278d-4911-9d70-32680c972d02#0:FAIL-t341, d2424f4d-20d2-4104-abcc-02e6288f3ffc<-7c510082-4284-44ef-8cd9-bb38fb15579f#0:FAIL-t341] and 0 exception(s); d2424f4d-20d2-4104-abcc-02e6288f3ffc@group-62509A8A5C15:t341, leader=null, voted=d2424f4d-20d2-4104-abcc-02e6288f3ffc, raftlog=d2424f4d-20d2-4104-abcc-02e6288f3ffc@group-62509A8A5C15-SegmentedRaftLog:OPENED:c-1,f-1,i0, conf=-1: [3909bd6a-278d-4911-9d70-32680c972d02:192.168.157.223:33343, d2424f4d-20d2-4104-abcc-02e6288f3ffc:192.168.157.223:39352, 7c510082-4284-44ef-8cd9-bb38fb15579f:192.168.157.223:33098], old=null
2019-10-17 21:16:12,195 [d2424f4d-20d2-4104-abcc-02e6288f3ffc@group-62509A8A5C15-LeaderElection311] INFO  impl.RaftServerImpl (RaftServerImpl.java:setRole(184)) - d2424f4d-20d2-4104-abcc-02e6288f3ffc@group-62509A8A5C15: changes role from CANDIDATE to FOLLOWER at term 341 for DISCOVERED_A_NEW_TERM
2019-10-17 21:16:12,195 [d2424f4d-20d2-4104-abcc-02e6288f3ffc@group-62509A8A5C15-LeaderElection311] INFO  impl.RoleInfo (RoleInfo.java:shutdownLeaderElection(134)) - d2424f4d-20d2-4104-abcc-02e6288f3ffc: shutdown LeaderElection
2019-10-17 21:16:12,196 [d2424f4d-20d2-4104-abcc-02e6288f3ffc@group-62509A8A5C15-LeaderElection311] INFO  impl.RoleInfo (RoleInfo.java:updateAndGet(143)) - d2424f4d-20d2-4104-abcc-02e6288f3ffc: start FollowerState
2019-10-17 21:16:12,375 [Thread-2310] INFO  impl.FollowerState (FollowerState.java:run(108)) - d2424f4d-20d2-4104-abcc-02e6288f3ffc@group-62509A8A5C15-FollowerState: change to CANDIDATE, lastRpcTime:179ms, electionTimeout:179ms
2019-10-17 21:16:12,375 [Thread-2310] INFO  impl.RoleInfo (RoleInfo.java:shutdownFollowerState(121)) - d2424f4d-20d2-4104-abcc-02e6288f3ffc: shutdown FollowerState
2019-10-17 21:16:12,375 [Thread-2310] INFO  impl.RaftServerImpl (RaftServerImpl.java:setRole(184)) - d2424f4d-20d2-4104-abcc-02e6288f3ffc@group-62509A8A5C15: changes role from  FOLLOWER to CANDIDATE at term 341 for changeToCandidate
2019-10-17 21:16:12,375 [Thread-2310] INFO  impl.RoleInfo (RoleInfo.java:updateAndGet(143)) - d2424f4d-20d2-4104-abcc-02e6288f3ffc: start LeaderElection
2019-10-17 21:16:12,389 [d2424f4d-20d2-4104-abcc-02e6288f3ffc@group-62509A8A5C15-LeaderElection312] INFO  impl.LeaderElection (LeaderElection.java:askForVotes(178)) - d2424f4d-20d2-4104-abcc-02e6288f3ffc@group-62509A8A5C15-LeaderElection312: begin an election at term 342 for -1: [3909bd6a-278d-4911-9d70-32680c972d02:192.168.157.223:33343, d2424f4d-20d2-4104-abcc-02e6288f3ffc:192.168.157.223:39352, 7c510082-4284-44ef-8cd9-bb38fb15579f:192.168.157.223:33098], old=null
2019-10-17 21:16:12,391 [grpc-default-executor-2] INFO  impl.RaftServerImpl (RaftServerImpl.java:setRole(184)) - 3909bd6a-278d-4911-9d70-32680c972d02@group-62509A8A5C15: changes role from  FOLLOWER to FOLLOWER at term 342 for recognizeCandidate:d2424f4d-20d2-4104-abcc-02e6288f3ffc
2019-10-17 21:16:12,391 [grpc-default-executor-4] INFO  impl.RaftServerImpl (RaftServerImpl.java:setRole(184)) - 7c510082-4284-44ef-8cd9-bb38fb15579f@group-62509A8A5C15: changes role from  FOLLOWER to FOLLOWER at term 342 for recognizeCandidate:d2424f4d-20d2-4104-abcc-02e6288f3ffc
2019-10-17 21:16:12,391 [grpc-default-executor-2] INFO  impl.RoleInfo (RoleInfo.java:shutdownFollowerState(121)) - 3909bd6a-278d-4911-9d70-32680c972d02: shutdown FollowerState
2019-10-17 21:16:12,391 [grpc-default-executor-4] INFO  impl.RoleInfo (RoleInfo.java:shutdownFollowerState(121)) - 7c510082-4284-44ef-8cd9-bb38fb15579f: shutdown FollowerState
2019-10-17 21:16:12,391 [Thread-2308] INFO  impl.FollowerState (FollowerState.java:run(117)) - 3909bd6a-278d-4911-9d70-32680c972d02@group-62509A8A5C15-FollowerState was interrupted: java.lang.InterruptedException: sleep interrupted
2019-10-17 21:16:12,391 [grpc-default-executor-2] INFO  impl.RoleInfo (RoleInfo.java:updateAndGet(143)) - 3909bd6a-278d-4911-9d70-32680c972d02: start FollowerState
2019-10-17 21:16:12,391 [Thread-2309] INFO  impl.FollowerState (FollowerState.java:run(117)) - 7c510082-4284-44ef-8cd9-bb38fb15579f@group-62509A8A5C15-FollowerState was interrupted: java.lang.InterruptedException: sleep interrupted
2019-10-17 21:16:12,391 [grpc-default-executor-4] INFO  impl.RoleInfo (RoleInfo.java:updateAndGet(143)) - 7c510082-4284-44ef-8cd9-bb38fb15579f: start FollowerState
2019-10-17 21:16:12,407 [d2424f4d-20d2-4104-abcc-02e6288f3ffc@group-62509A8A5C15-LeaderElection312] INFO  impl.LeaderElection (LeaderElection.java:logAndReturn(56)) - d2424f4d-20d2-4104-abcc-02e6288f3ffc@group-62509A8A5C15-LeaderElection312: Election TIMEOUT; received 0 response(s) [] and 0 exception(s); d2424f4d-20d2-4104-abcc-02e6288f3ffc@group-62509A8A5C15:t342, leader=null, voted=d2424f4d-20d2-4104-abcc-02e6288f3ffc, raftlog=d2424f4d-20d2-4104-abcc-02e6288f3ffc@group-62509A8A5C15-SegmentedRaftLog:OPENED:c-1,f-1,i0, conf=-1: [3909bd6a-278d-4911-9d70-32680c972d02:192.168.157.223:33343, d2424f4d-20d2-4104-abcc-02e6288f3ffc:192.168.157.223:39352, 7c510082-4284-44ef-8cd9-bb38fb15579f:192.168.157.223:33098], old=null
2019-10-17 21:16:12,420 [d2424f4d-20d2-4104-abcc-02e6288f3ffc@group-62509A8A5C15-LeaderElection312] INFO  impl.LeaderElection (LeaderElection.java:askForVotes(178)) - d2424f4d-20d2-4104-abcc-02e6288f3ffc@group-62509A8A5C15-LeaderElection312: begin an election at term 343 for -1: [3909bd6a-278d-4911-9d70-32680c972d02:192.168.157.223:33343, d2424f4d-20d2-4104-abcc-02e6288f3ffc:192.168.157.223:39352, 7c510082-4284-44ef-8cd9-bb38fb15579f:192.168.157.223:33098], old=null
2019-10-17 21:16:12,422 [grpc-default-executor-2] INFO  impl.RaftServerImpl (RaftServerImpl.java:setRole(184)) - 3909bd6a-278d-4911-9d70-32680c972d02@group-62509A8A5C15: changes role from  FOLLOWER to FOLLOWER at term 343 for recognizeCandidate:d2424f4d-20d2-4104-abcc-02e6288f3ffc
2019-10-17 21:16:12,422 [grpc-default-executor-4] INFO  impl.RaftServerImpl (RaftServerImpl.java:setRole(184)) - 7c510082-4284-44ef-8cd9-bb38fb15579f@group-62509A8A5C15: changes role from  FOLLOWER to FOLLOWER at term 343 for recognizeCandidate:d2424f4d-20d2-4104-abcc-02e6288f3ffc
2019-10-17 21:16:12,422 [grpc-default-executor-4] INFO  impl.RoleInfo (RoleInfo.java:shutdownFollowerState(121)) - 7c510082-4284-44ef-8cd9-bb38fb15579f: shutdown FollowerState
2019-10-17 21:16:12,422 [grpc-default-executor-2] INFO  impl.RoleInfo (RoleInfo.java:shutdownFollowerState(121)) - 3909bd6a-278d-4911-9d70-32680c972d02: shutdown FollowerState
2019-10-17 21:16:12,422 [Thread-2316] INFO  impl.FollowerState (FollowerState.java:run(117)) - 3909bd6a-278d-4911-9d70-32680c972d02@group-62509A8A5C15-FollowerState was interrupted: java.lang.InterruptedException: sleep interrupted
2019-10-17 21:16:12,422 [Thread-2317] INFO  impl.FollowerState (FollowerState.java:run(117)) - 7c510082-4284-44ef-8cd9-bb38fb15579f@group-62509A8A5C15-FollowerState was interrupted: java.lang.InterruptedException: sleep interrupted
2019-10-17 21:16:12,422 [grpc-default-executor-4] INFO  impl.RoleInfo (RoleInfo.java:updateAndGet(143)) - 7c510082-4284-44ef-8cd9-bb38fb15579f: start FollowerState
2019-10-17 21:16:12,422 [grpc-default-executor-2] INFO  impl.RoleInfo (RoleInfo.java:updateAndGet(143)) - 3909bd6a-278d-4911-9d70-32680c972d02: start FollowerState
2019-10-17 21:16:12,438 [d2424f4d-20d2-4104-abcc-02e6288f3ffc@group-62509A8A5C15-LeaderElection312] INFO  impl.LeaderElection (LeaderElection.java:logAndReturn(56)) - d2424f4d-20d2-4104-abcc-02e6288f3ffc@group-62509A8A5C15-LeaderElection312: Election REJECTED; received 2 response(s) [d2424f4d-20d2-4104-abcc-02e6288f3ffc<-3909bd6a-278d-4911-9d70-32680c972d02#0:FAIL-t343, d2424f4d-20d2-4104-abcc-02e6288f3ffc<-7c510082-4284-44ef-8cd9-bb38fb15579f#0:FAIL-t343] and 0 exception(s); d2424f4d-20d2-4104-abcc-02e6288f3ffc@group-62509A8A5C15:t343, leader=null, voted=d2424f4d-20d2-4104-abcc-02e6288f3ffc, raftlog=d2424f4d-20d2-4104-abcc-02e6288f3ffc@group-62509A8A5C15-SegmentedRaftLog:OPENED:c-1,f-1,i0, conf=-1: [3909bd6a-278d-4911-9d70-32680c972d02:192.168.157.223:33343, d2424f4d-20d2-4104-abcc-02e6288f3ffc:192.168.157.223:39352, 7c510082-4284-44ef-8cd9-bb38fb15579f:192.168.157.223:33098], old=null
2019-10-17 21:16:12,438 [d2424f4d-20d2-4104-abcc-02e6288f3ffc@group-62509A8A5C15-LeaderElection312] INFO  impl.RaftServerImpl (RaftServerImpl.java:setRole(184)) - d2424f4d-20d2-4104-abcc-02e6288f3ffc@group-62509A8A5C15: changes role from CANDIDATE to FOLLOWER at term 343 for DISCOVERED_A_NEW_TERM
2019-10-17 21:16:12,438 [d2424f4d-20d2-4104-abcc-02e6288f3ffc@group-62509A8A5C15-LeaderElection312] INFO  impl.RoleInfo (RoleInfo.java:shutdownLeaderElection(134)) - d2424f4d-20d2-4104-abcc-02e6288f3ffc: shutdown LeaderElection
2019-10-17 21:16:12,439 [d2424f4d-20d2-4104-abcc-02e6288f3ffc@group-62509A8A5C15-LeaderElection312] INFO  impl.RoleInfo (RoleInfo.java:updateAndGet(143)) - d2424f4d-20d2-4104-abcc-02e6288f3ffc: start FollowerState
2019-10-17 21:16:12,538 [Thread-2322] INFO  impl.FollowerState (FollowerState.java:run(108)) - d2424f4d-20d2-4104-abcc-02e6288f3ffc@group-62509A8A5C15-FollowerState: change to CANDIDATE, lastRpcTime:99ms, electionTimeout:99ms
2019-10-17 21:16:12,538 [Thread-2322] INFO  impl.RoleInfo (RoleInfo.java:shutdownFollowerState(121)) - d2424f4d-20d2-4104-abcc-02e6288f3ffc: shutdown FollowerState
2019-10-17 21:16:12,538 [Thread-2322] INFO  impl.RaftServerImpl (RaftServerImpl.java:setRole(184)) - d2424f4d-20d2-4104-abcc-02e6288f3ffc@group-62509A8A5C15: changes role from  FOLLOWER to CANDIDATE at term 343 for changeToCandidate
2019-10-17 21:16:12,538 [Thread-2322] INFO  impl.RoleInfo (RoleInfo.java:updateAndGet(143)) - d2424f4d-20d2-4104-abcc-02e6288f3ffc: start LeaderElection
2019-10-17 21:16:12,552 [d2424f4d-20d2-4104-abcc-02e6288f3ffc@group-62509A8A5C15-LeaderElection313] INFO  impl.LeaderElection (LeaderElection.java:askForVotes(178)) - d2424f4d-20d2-4104-abcc-02e6288f3ffc@group-62509A8A5C15-LeaderElection313: begin an election at term 344 for -1: [3909bd6a-278d-4911-9d70-32680c972d02:192.168.157.223:33343, d2424f4d-20d2-4104-abcc-02e6288f3ffc:192.168.157.223:39352, 7c510082-4284-44ef-8cd9-bb38fb15579f:192.168.157.223:33098], old=null
2019-10-17 21:16:12,553 [grpc-default-executor-2] INFO  impl.RaftServerImpl (RaftServerImpl.java:setRole(184)) - 3909bd6a-278d-4911-9d70-32680c972d02@group-62509A8A5C15: changes role from  FOLLOWER to FOLLOWER at term 344 for recognizeCandidate:d2424f4d-20d2-4104-abcc-02e6288f3ffc
2019-10-17 21:16:12,554 [grpc-default-executor-4] INFO  impl.RaftServerImpl (RaftServerImpl.java:setRole(184)) - 7c510082-4284-44ef-8cd9-bb38fb15579f@group-62509A8A5C15: changes role from  FOLLOWER to FOLLOWER at term 344 for recognizeCandidate:d2424f4d-20d2-4104-abcc-02e6288f3ffc
2019-10-17 21:16:12,554 [grpc-default-executor-2] INFO  impl.RoleInfo (RoleInfo.java:shutdownFollowerState(121)) - 3909bd6a-278d-4911-9d70-32680c972d02: shutdown FollowerState
2019-10-17 21:16:12,554 [grpc-default-executor-4] INFO  impl.RoleInfo (RoleInfo.java:shutdownFollowerState(121)) - 7c510082-4284-44ef-8cd9-bb38fb15579f: shutdown FollowerState
2019-10-17 21:16:12,554 [Thread-2321] INFO  impl.FollowerState (FollowerState.java:run(117)) - 3909bd6a-278d-4911-9d70-32680c972d02@group-62509A8A5C15-FollowerState was interrupted: java.lang.InterruptedException: sleep interrupted
2019-10-17 21:16:12,554 [grpc-default-executor-2] INFO  impl.RoleInfo (RoleInfo.java:updateAndGet(143)) - 3909bd6a-278d-4911-9d70-32680c972d02: start FollowerState
2019-10-17 21:16:12,554 [Thread-2320] INFO  impl.FollowerState (FollowerState.java:run(117)) - 7c510082-4284-44ef-8cd9-bb38fb15579f@group-62509A8A5C15-FollowerState was interrupted: java.lang.InterruptedException: sleep interrupted
2019-10-17 21:16:12,554 [grpc-default-executor-4] INFO  impl.RoleInfo (RoleInfo.java:updateAndGet(143)) - 7c510082-4284-44ef-8cd9-bb38fb15579f: start FollowerState
2019-10-17 21:16:12,581 [d2424f4d-20d2-4104-abcc-02e6288f3ffc@group-62509A8A5C15-LeaderElection313] INFO  impl.LeaderElection (LeaderElection.java:logAndReturn(56)) - d2424f4d-20d2-4104-abcc-02e6288f3ffc@group-62509A8A5C15-LeaderElection313: Election REJECTED; received 2 response(s) [d2424f4d-20d2-4104-abcc-02e6288f3ffc<-3909bd6a-278d-4911-9d70-32680c972d02#0:FAIL-t344, d2424f4d-20d2-4104-abcc-02e6288f3ffc<-7c510082-4284-44ef-8cd9-bb38fb15579f#0:FAIL-t344] and 0 exception(s); d2424f4d-20d2-4104-abcc-02e6288f3ffc@group-62509A8A5C15:t344, leader=null, voted=d2424f4d-20d2-4104-abcc-02e6288f3ffc, raftlog=d2424f4d-20d2-4104-abcc-02e6288f3ffc@group-62509A8A5C15-SegmentedRaftLog:OPENED:c-1,f-1,i0, conf=-1: [3909bd6a-278d-4911-9d70-32680c972d02:192.168.157.223:33343, d2424f4d-20d2-4104-abcc-02e6288f3ffc:192.168.157.223:39352, 7c510082-4284-44ef-8cd9-bb38fb15579f:192.168.157.223:33098], old=null
2019-10-17 21:16:12,581 [d2424f4d-20d2-4104-abcc-02e6288f3ffc@group-62509A8A5C15-LeaderElection313] INFO  impl.RaftServerImpl (RaftServerImpl.java:setRole(184)) - d2424f4d-20d2-4104-abcc-02e6288f3ffc@group-62509A8A5C15: changes role from CANDIDATE to FOLLOWER at term 344 for DISCOVERED_A_NEW_TERM
2019-10-17 21:16:12,581 [d2424f4d-20d2-4104-abcc-02e6288f3ffc@group-62509A8A5C15-LeaderElection313] INFO  impl.RoleInfo (RoleInfo.java:shutdownLeaderElection(134)) - d2424f4d-20d2-4104-abcc-02e6288f3ffc: shutdown LeaderElection
2019-10-17 21:16:12,581 [d2424f4d-20d2-4104-abcc-02e6288f3ffc@group-62509A8A5C15-LeaderElection313] INFO  impl.RoleInfo (RoleInfo.java:updateAndGet(143)) - d2424f4d-20d2-4104-abcc-02e6288f3ffc: start FollowerState
2019-10-17 21:16:12,708 [Thread-2328] INFO  impl.FollowerState (FollowerState.java:run(108)) - d2424f4d-20d2-4104-abcc-02e6288f3ffc@group-62509A8A5C15-FollowerState: change to CANDIDATE, lastRpcTime:127ms, electionTimeout:127ms
2019-10-17 21:16:12,709 [Thread-2328] INFO  impl.RoleInfo (RoleInfo.java:shutdownFollowerState(121)) - d2424f4d-20d2-4104-abcc-02e6288f3ffc: shutdown FollowerState
2019-10-17 21:16:12,709 [Thread-2328] INFO  impl.RaftServerImpl (RaftServerImpl.java:setRole(184)) - d2424f4d-20d2-4104-abcc-02e6288f3ffc@group-62509A8A5C15: changes role from  FOLLOWER to CANDIDATE at term 344 for changeToCandidate
2019-10-17 21:16:12,709 [Thread-2328] INFO  impl.RoleInfo (RoleInfo.java:updateAndGet(143)) - d2424f4d-20d2-4104-abcc-02e6288f3ffc: start LeaderElection
2019-10-17 21:16:12,735 [d2424f4d-20d2-4104-abcc-02e6288f3ffc@group-62509A8A5C15-LeaderElection314] INFO  impl.LeaderElection (LeaderElection.java:askForVotes(178)) - d2424f4d-20d2-4104-abcc-02e6288f3ffc@group-62509A8A5C15-LeaderElection314: begin an election at term 345 for -1: [3909bd6a-278d-4911-9d70-32680c972d02:192.168.157.223:33343, d2424f4d-20d2-4104-abcc-02e6288f3ffc:192.168.157.223:39352, 7c510082-4284-44ef-8cd9-bb38fb15579f:192.168.157.223:33098], old=null
2019-10-17 21:16:12,736 [grpc-default-executor-4] INFO  impl.RaftServerImpl (RaftServerImpl.java:setRole(184)) - 3909bd6a-278d-4911-9d70-32680c972d02@group-62509A8A5C15: changes role from  FOLLOWER to FOLLOWER at term 345 for recognizeCandidate:d2424f4d-20d2-4104-abcc-02e6288f3ffc
2019-10-17 21:16:12,737 [grpc-default-executor-4] INFO  impl.RoleInfo (RoleInfo.java:shutdownFollowerState(121)) - 3909bd6a-278d-4911-9d70-32680c972d02: shutdown FollowerState
2019-10-17 21:16:12,737 [grpc-default-executor-4] INFO  impl.RoleInfo (RoleInfo.java:updateAndGet(143)) - 3909bd6a-278d-4911-9d70-32680c972d02: start FollowerState
2019-10-17 21:16:12,737 [Thread-2326] INFO  impl.FollowerState (FollowerState.java:run(117)) - 3909bd6a-278d-4911-9d70-32680c972d02@group-62509A8A5C15-FollowerState was interrupted: java.lang.InterruptedException: sleep interrupted
2019-10-17 21:16:12,737 [grpc-default-executor-2] INFO  impl.RaftServerImpl (RaftServerImpl.java:setRole(184)) - 7c510082-4284-44ef-8cd9-bb38fb15579f@group-62509A8A5C15: changes role from  FOLLOWER to FOLLOWER at term 345 for recognizeCandidate:d2424f4d-20d2-4104-abcc-02e6288f3ffc
2019-10-17 21:16:12,737 [grpc-default-executor-2] INFO  impl.RoleInfo (RoleInfo.java:shutdownFollowerState(121)) - 7c510082-4284-44ef-8cd9-bb38fb15579f: shutdown FollowerState
2019-10-17 21:16:12,737 [grpc-default-executor-2] INFO  impl.RoleInfo (RoleInfo.java:updateAndGet(143)) - 7c510082-4284-44ef-8cd9-bb38fb15579f: start FollowerState
2019-10-17 21:16:12,737 [Thread-2327] INFO  impl.FollowerState (FollowerState.java:run(117)) - 7c510082-4284-44ef-8cd9-bb38fb15579f@group-62509A8A5C15-FollowerState was interrupted: java.lang.InterruptedException: sleep interrupted
2019-10-17 21:16:12,764 [d2424f4d-20d2-4104-abcc-02e6288f3ffc@group-62509A8A5C15-LeaderElection314] INFO  impl.LeaderElection (LeaderElection.java:logAndReturn(56)) - d2424f4d-20d2-4104-abcc-02e6288f3ffc@group-62509A8A5C15-LeaderElection314: Election REJECTED; received 2 response(s) [d2424f4d-20d2-4104-abcc-02e6288f3ffc<-3909bd6a-278d-4911-9d70-32680c972d02#0:FAIL-t345, d2424f4d-20d2-4104-abcc-02e6288f3ffc<-7c510082-4284-44ef-8cd9-bb38fb15579f#0:FAIL-t345] and 0 exception(s); d2424f4d-20d2-4104-abcc-02e6288f3ffc@group-62509A8A5C15:t345, leader=null, voted=d2424f4d-20d2-4104-abcc-02e6288f3ffc, raftlog=d2424f4d-20d2-4104-abcc-02e6288f3ffc@group-62509A8A5C15-SegmentedRaftLog:OPENED:c-1,f-1,i0, conf=-1: [3909bd6a-278d-4911-9d70-32680c972d02:192.168.157.223:33343, d2424f4d-20d2-4104-abcc-02e6288f3ffc:192.168.157.223:39352, 7c510082-4284-44ef-8cd9-bb38fb15579f:192.168.157.223:33098], old=null
2019-10-17 21:16:12,765 [d2424f4d-20d2-4104-abcc-02e6288f3ffc@group-62509A8A5C15-LeaderElection314] INFO  impl.RaftServerImpl (RaftServerImpl.java:setRole(184)) - d2424f4d-20d2-4104-abcc-02e6288f3ffc@group-62509A8A5C15: changes role from CANDIDATE to FOLLOWER at term 345 for DISCOVERED_A_NEW_TERM
2019-10-17 21:16:12,765 [d2424f4d-20d2-4104-abcc-02e6288f3ffc@group-62509A8A5C15-LeaderElection314] INFO  impl.RoleInfo (RoleInfo.java:shutdownLeaderElection(134)) - d2424f4d-20d2-4104-abcc-02e6288f3ffc: shutdown LeaderElection
2019-10-17 21:16:12,765 [d2424f4d-20d2-4104-abcc-02e6288f3ffc@group-62509A8A5C15-LeaderElection314] INFO  impl.RoleInfo (RoleInfo.java:updateAndGet(143)) - d2424f4d-20d2-4104-abcc-02e6288f3ffc: start FollowerState
2019-10-17 21:16:12,841 [Thread-2334] INFO  impl.FollowerState (FollowerState.java:run(108)) - d2424f4d-20d2-4104-abcc-02e6288f3ffc@group-62509A8A5C15-FollowerState: change to CANDIDATE, lastRpcTime:75ms, electionTimeout:75ms
2019-10-17 21:16:12,841 [Thread-2334] INFO  impl.RoleInfo (RoleInfo.java:shutdownFollowerState(121)) - d2424f4d-20d2-4104-abcc-02e6288f3ffc: shutdown FollowerState
2019-10-17 21:16:12,841 [Thread-2334] INFO  impl.RaftServerImpl (RaftServerImpl.java:setRole(184)) - d2424f4d-20d2-4104-abcc-02e6288f3ffc@group-62509A8A5C15: changes role from  FOLLOWER to CANDIDATE at term 345 for changeToCandidate
2019-10-17 21:16:12,841 [Thread-2334] INFO  impl.RoleInfo (RoleInfo.java:updateAndGet(143)) - d2424f4d-20d2-4104-abcc-02e6288f3ffc: start LeaderElection
2019-10-17 21:16:12,856 [d2424f4d-20d2-4104-abcc-02e6288f3ffc@group-62509A8A5C15-LeaderElection315] INFO  impl.LeaderElection (LeaderElection.java:askForVotes(178)) - d2424f4d-20d2-4104-abcc-02e6288f3ffc@group-62509A8A5C15-LeaderElection315: begin an election at term 346 for -1: [3909bd6a-278d-4911-9d70-32680c972d02:192.168.157.223:33343, d2424f4d-20d2-4104-abcc-02e6288f3ffc:192.168.157.223:39352, 7c510082-4284-44ef-8cd9-bb38fb15579f:192.168.157.223:33098], old=null
2019-10-17 21:16:12,858 [grpc-default-executor-4] INFO  impl.RaftServerImpl (RaftServerImpl.java:setRole(184)) - 3909bd6a-278d-4911-9d70-32680c972d02@group-62509A8A5C15: changes role from  FOLLOWER to FOLLOWER at term 346 for recognizeCandidate:d2424f4d-20d2-4104-abcc-02e6288f3ffc
2019-10-17 21:16:12,858 [grpc-default-executor-2] INFO  impl.RaftServerImpl (RaftServerImpl.java:setRole(184)) - 7c510082-4284-44ef-8cd9-bb38fb15579f@group-62509A8A5C15: changes role from  FOLLOWER to FOLLOWER at term 346 for recognizeCandidate:d2424f4d-20d2-4104-abcc-02e6288f3ffc
2019-10-17 21:16:12,858 [grpc-default-executor-4] INFO  impl.RoleInfo (RoleInfo.java:shutdownFollowerState(121)) - 3909bd6a-278d-4911-9d70-32680c972d02: shutdown FollowerState
2019-10-17 21:16:12,859 [grpc-default-executor-2] INFO  impl.RoleInfo (RoleInfo.java:shutdownFollowerState(121)) - 7c510082-4284-44ef-8cd9-bb38fb15579f: shutdown FollowerState
2019-10-17 21:16:12,859 [grpc-default-executor-4] INFO  impl.RoleInfo (RoleInfo.java:updateAndGet(143)) - 3909bd6a-278d-4911-9d70-32680c972d02: start FollowerState
2019-10-17 21:16:12,859 [Thread-2332] INFO  impl.FollowerState (FollowerState.java:run(117)) - 3909bd6a-278d-4911-9d70-32680c972d02@group-62509A8A5C15-FollowerState was interrupted: java.lang.InterruptedException: sleep interrupted
2019-10-17 21:16:12,859 [Thread-2333] INFO  impl.FollowerState (FollowerState.java:run(117)) - 7c510082-4284-44ef-8cd9-bb38fb15579f@group-62509A8A5C15-FollowerState was interrupted: java.lang.InterruptedException: sleep interrupted
2019-10-17 21:16:12,859 [grpc-default-executor-2] INFO  impl.RoleInfo (RoleInfo.java:updateAndGet(143)) - 7c510082-4284-44ef-8cd9-bb38fb15579f: start FollowerState
2019-10-17 21:16:12,875 [d2424f4d-20d2-4104-abcc-02e6288f3ffc@group-62509A8A5C15-LeaderElection315] INFO  impl.LeaderElection (LeaderElection.java:logAndReturn(56)) - d2424f4d-20d2-4104-abcc-02e6288f3ffc@group-62509A8A5C15-LeaderElection315: Election REJECTED; received 2 response(s) [d2424f4d-20d2-4104-abcc-02e6288f3ffc<-3909bd6a-278d-4911-9d70-32680c972d02#0:FAIL-t346, d2424f4d-20d2-4104-abcc-02e6288f3ffc<-7c510082-4284-44ef-8cd9-bb38fb15579f#0:FAIL-t346] and 0 exception(s); d2424f4d-20d2-4104-abcc-02e6288f3ffc@group-62509A8A5C15:t346, leader=null, voted=d2424f4d-20d2-4104-abcc-02e6288f3ffc, raftlog=d2424f4d-20d2-4104-abcc-02e6288f3ffc@group-62509A8A5C15-SegmentedRaftLog:OPENED:c-1,f-1,i0, conf=-1: [3909bd6a-278d-4911-9d70-32680c972d02:192.168.157.223:33343, d2424f4d-20d2-4104-abcc-02e6288f3ffc:192.168.157.223:39352, 7c510082-4284-44ef-8cd9-bb38fb15579f:192.168.157.223:33098], old=null
2019-10-17 21:16:12,875 [d2424f4d-20d2-4104-abcc-02e6288f3ffc@group-62509A8A5C15-LeaderElection315] INFO  impl.RaftServerImpl (RaftServerImpl.java:setRole(184)) - d2424f4d-20d2-4104-abcc-02e6288f3ffc@group-62509A8A5C15: changes role from CANDIDATE to FOLLOWER at term 346 for DISCOVERED_A_NEW_TERM
2019-10-17 21:16:12,875 [d2424f4d-20d2-4104-abcc-02e6288f3ffc@group-62509A8A5C15-LeaderElection315] INFO  impl.RoleInfo (RoleInfo.java:shutdownLeaderElection(134)) - d2424f4d-20d2-4104-abcc-02e6288f3ffc: shutdown LeaderElection
2019-10-17 21:16:12,875 [d2424f4d-20d2-4104-abcc-02e6288f3ffc@group-62509A8A5C15-LeaderElection315] INFO  impl.RoleInfo (RoleInfo.java:updateAndGet(143)) - d2424f4d-20d2-4104-abcc-02e6288f3ffc: start FollowerState
2019-10-17 21:16:12,932 [Thread-2340] INFO  impl.FollowerState (FollowerState.java:run(108)) - d2424f4d-20d2-4104-abcc-02e6288f3ffc@group-62509A8A5C15-FollowerState: change to CANDIDATE, lastRpcTime:57ms, electionTimeout:57ms
2019-10-17 21:16:12,933 [Thread-2340] INFO  impl.RoleInfo (RoleInfo.java:shutdownFollowerState(121)) - d2424f4d-20d2-4104-abcc-02e6288f3ffc: shutdown FollowerState
2019-10-17 21:16:12,933 [Thread-2340] INFO  impl.RaftServerImpl (RaftServerImpl.java:setRole(184)) - d2424f4d-20d2-4104-abcc-02e6288f3ffc@group-62509A8A5C15: changes role from  FOLLOWER to CANDIDATE at term 346 for changeToCandidate
2019-10-17 21:16:12,933 [Thread-2340] INFO  impl.RoleInfo (RoleInfo.java:updateAndGet(143)) - d2424f4d-20d2-4104-abcc-02e6288f3ffc: start LeaderElection
2019-10-17 21:16:12,946 [d2424f4d-20d2-4104-abcc-02e6288f3ffc@group-62509A8A5C15-LeaderElection316] INFO  impl.LeaderElection (LeaderElection.java:askForVotes(178)) - d2424f4d-20d2-4104-abcc-02e6288f3ffc@group-62509A8A5C15-LeaderElection316: begin an election at term 347 for -1: [3909bd6a-278d-4911-9d70-32680c972d02:192.168.157.223:33343, d2424f4d-20d2-4104-abcc-02e6288f3ffc:192.168.157.223:39352, 7c510082-4284-44ef-8cd9-bb38fb15579f:192.168.157.223:33098], old=null
2019-10-17 21:16:12,949 [grpc-default-executor-2] INFO  impl.RaftServerImpl (RaftServerImpl.java:setRole(184)) - 3909bd6a-278d-4911-9d70-32680c972d02@group-62509A8A5C15: changes role from  FOLLOWER to FOLLOWER at term 347 for recognizeCandidate:d2424f4d-20d2-4104-abcc-02e6288f3ffc
2019-10-17 21:16:12,949 [grpc-default-executor-2] INFO  impl.RoleInfo (RoleInfo.java:shutdownFollowerState(121)) - 3909bd6a-278d-4911-9d70-32680c972d02: shutdown FollowerState
2019-10-17 21:16:12,949 [grpc-default-executor-4] INFO  impl.RaftServerImpl (RaftServerImpl.java:setRole(184)) - 7c510082-4284-44ef-8cd9-bb38fb15579f@group-62509A8A5C15: changes role from  FOLLOWER to FOLLOWER at term 347 for recognizeCandidate:d2424f4d-20d2-4104-abcc-02e6288f3ffc
2019-10-17 21:16:12,949 [grpc-default-executor-4] INFO  impl.RoleInfo (RoleInfo.java:shutdownFollowerState(121)) - 7c510082-4284-44ef-8cd9-bb38fb15579f: shutdown FollowerState
2019-10-17 21:16:12,949 [Thread-2338] INFO  impl.FollowerState (FollowerState.java:run(117)) - 3909bd6a-278d-4911-9d70-32680c972d02@group-62509A8A5C15-FollowerState was interrupted: java.lang.InterruptedException: sleep interrupted
2019-10-17 21:16:12,949 [grpc-default-executor-2] INFO  impl.RoleInfo (RoleInfo.java:updateAndGet(143)) - 3909bd6a-278d-4911-9d70-32680c972d02: start FollowerState
2019-10-17 21:16:12,949 [Thread-2339] INFO  impl.FollowerState (FollowerState.java:run(117)) - 7c510082-4284-44ef-8cd9-bb38fb15579f@group-62509A8A5C15-FollowerState was interrupted: java.lang.InterruptedException: sleep interrupted
2019-10-17 21:16:12,949 [grpc-default-executor-4] INFO  impl.RoleInfo (RoleInfo.java:updateAndGet(143)) - 7c510082-4284-44ef-8cd9-bb38fb15579f: start FollowerState
2019-10-17 21:16:12,963 [d2424f4d-20d2-4104-abcc-02e6288f3ffc@group-62509A8A5C15-LeaderElection316] INFO  impl.LeaderElection (LeaderElection.java:logAndReturn(56)) - d2424f4d-20d2-4104-abcc-02e6288f3ffc@group-62509A8A5C15-LeaderElection316: Election TIMEOUT; received 0 response(s) [] and 0 exception(s); d2424f4d-20d2-4104-abcc-02e6288f3ffc@group-62509A8A5C15:t347, leader=null, voted=d2424f4d-20d2-4104-abcc-02e6288f3ffc, raftlog=d2424f4d-20d2-4104-abcc-02e6288f3ffc@group-62509A8A5C15-SegmentedRaftLog:OPENED:c-1,f-1,i0, conf=-1: [3909bd6a-278d-4911-9d70-32680c972d02:192.168.157.223:33343, d2424f4d-20d2-4104-abcc-02e6288f3ffc:192.168.157.223:39352, 7c510082-4284-44ef-8cd9-bb38fb15579f:192.168.157.223:33098], old=null
2019-10-17 21:16:12,979 [d2424f4d-20d2-4104-abcc-02e6288f3ffc@group-62509A8A5C15-LeaderElection316] INFO  impl.LeaderElection (LeaderElection.java:askForVotes(178)) - d2424f4d-20d2-4104-abcc-02e6288f3ffc@group-62509A8A5C15-LeaderElection316: begin an election at term 348 for -1: [3909bd6a-278d-4911-9d70-32680c972d02:192.168.157.223:33343, d2424f4d-20d2-4104-abcc-02e6288f3ffc:192.168.157.223:39352, 7c510082-4284-44ef-8cd9-bb38fb15579f:192.168.157.223:33098], old=null
2019-10-17 21:16:12,980 [grpc-default-executor-4] INFO  impl.RaftServerImpl (RaftServerImpl.java:setRole(184)) - 3909bd6a-278d-4911-9d70-32680c972d02@group-62509A8A5C15: changes role from  FOLLOWER to FOLLOWER at term 348 for recognizeCandidate:d2424f4d-20d2-4104-abcc-02e6288f3ffc
2019-10-17 21:16:12,980 [grpc-default-executor-4] INFO  impl.RoleInfo (RoleInfo.java:shutdownFollowerState(121)) - 3909bd6a-278d-4911-9d70-32680c972d02: shutdown FollowerState
2019-10-17 21:16:12,981 [grpc-default-executor-4] INFO  impl.RoleInfo (RoleInfo.java:updateAndGet(143)) - 3909bd6a-278d-4911-9d70-32680c972d02: start FollowerState
2019-10-17 21:16:12,981 [grpc-default-executor-2] INFO  impl.RaftServerImpl (RaftServerImpl.java:setRole(184)) - 7c510082-4284-44ef-8cd9-bb38fb15579f@group-62509A8A5C15: changes role from  FOLLOWER to FOLLOWER at term 348 for recognizeCandidate:d2424f4d-20d2-4104-abcc-02e6288f3ffc
2019-10-17 21:16:12,981 [Thread-2344] INFO  impl.FollowerState (FollowerState.java:run(117)) - 3909bd6a-278d-4911-9d70-32680c972d02@group-62509A8A5C15-FollowerState was interrupted: java.lang.InterruptedException: sleep interrupted
2019-10-17 21:16:12,981 [grpc-default-executor-2] INFO  impl.RoleInfo (RoleInfo.java:shutdownFollowerState(121)) - 7c510082-4284-44ef-8cd9-bb38fb15579f: shutdown FollowerState
2019-10-17 21:16:12,981 [grpc-default-executor-2] INFO  impl.RoleInfo (RoleInfo.java:updateAndGet(143)) - 7c510082-4284-44ef-8cd9-bb38fb15579f: start FollowerState
2019-10-17 21:16:12,981 [Thread-2345] INFO  impl.FollowerState (FollowerState.java:run(117)) - 7c510082-4284-44ef-8cd9-bb38fb15579f@group-62509A8A5C15-FollowerState was interrupted: java.lang.InterruptedException: sleep interrupted
2019-10-17 21:16:12,999 [d2424f4d-20d2-4104-abcc-02e6288f3ffc@group-62509A8A5C15-LeaderElection316] INFO  impl.LeaderElection (LeaderElection.java:logAndReturn(56)) - d2424f4d-20d2-4104-abcc-02e6288f3ffc@group-62509A8A5C15-LeaderElection316: Election TIMEOUT; received 0 response(s) [] and 0 exception(s); d2424f4d-20d2-4104-abcc-02e6288f3ffc@group-62509A8A5C15:t348, leader=null, voted=d2424f4d-20d2-4104-abcc-02e6288f3ffc, raftlog=d2424f4d-20d2-4104-abcc-02e6288f3ffc@group-62509A8A5C15-SegmentedRaftLog:OPENED:c-1,f-1,i0, conf=-1: [3909bd6a-278d-4911-9d70-32680c972d02:192.168.157.223:33343, d2424f4d-20d2-4104-abcc-02e6288f3ffc:192.168.157.223:39352, 7c510082-4284-44ef-8cd9-bb38fb15579f:192.168.157.223:33098], old=null
2019-10-17 21:16:13,008 [d2424f4d-20d2-4104-abcc-02e6288f3ffc@group-62509A8A5C15-LeaderElection316] INFO  impl.LeaderElection (LeaderElection.java:askForVotes(178)) - d2424f4d-20d2-4104-abcc-02e6288f3ffc@group-62509A8A5C15-LeaderElection316: begin an election at term 349 for -1: [3909bd6a-278d-4911-9d70-32680c972d02:192.168.157.223:33343, d2424f4d-20d2-4104-abcc-02e6288f3ffc:192.168.157.223:39352, 7c510082-4284-44ef-8cd9-bb38fb15579f:192.168.157.223:33098], old=null
2019-10-17 21:16:13,009 [grpc-default-executor-4] INFO  impl.RaftServerImpl (RaftServerImpl.java:setRole(184)) - 3909bd6a-278d-4911-9d70-32680c972d02@group-62509A8A5C15: changes role from  FOLLOWER to FOLLOWER at term 349 for recognizeCandidate:d2424f4d-20d2-4104-abcc-02e6288f3ffc
2019-10-17 21:16:13,009 [grpc-default-executor-4] INFO  impl.RoleInfo (RoleInfo.java:shutdownFollowerState(121)) - 3909bd6a-278d-4911-9d70-32680c972d02: shutdown FollowerState
2019-10-17 21:16:13,010 [grpc-default-executor-4] INFO  impl.RoleInfo (RoleInfo.java:updateAndGet(143)) - 3909bd6a-278d-4911-9d70-32680c972d02: start FollowerState
2019-10-17 21:16:13,010 [Thread-2348] INFO  impl.FollowerState (FollowerState.java:run(117)) - 3909bd6a-278d-4911-9d70-32680c972d02@group-62509A8A5C15-FollowerState was interrupted: java.lang.InterruptedException: sleep interrupted
2019-10-17 21:16:13,010 [grpc-default-executor-2] INFO  impl.RaftServerImpl (RaftServerImpl.java:setRole(184)) - 7c510082-4284-44ef-8cd9-bb38fb15579f@group-62509A8A5C15: changes role from  FOLLOWER to FOLLOWER at term 349 for recognizeCandidate:d2424f4d-20d2-4104-abcc-02e6288f3ffc
2019-10-17 21:16:13,010 [grpc-default-executor-2] INFO  impl.RoleInfo (RoleInfo.java:shutdownFollowerState(121)) - 7c510082-4284-44ef-8cd9-bb38fb15579f: shutdown FollowerState
2019-10-17 21:16:13,010 [grpc-default-executor-2] INFO  impl.RoleInfo (RoleInfo.java:updateAndGet(143)) - 7c510082-4284-44ef-8cd9-bb38fb15579f: start FollowerState
2019-10-17 21:16:13,010 [Thread-2349] INFO  impl.FollowerState (FollowerState.java:run(117)) - 7c510082-4284-44ef-8cd9-bb38fb15579f@group-62509A8A5C15-FollowerState was interrupted: java.lang.InterruptedException: sleep interrupted
2019-10-17 21:16:13,036 [d2424f4d-20d2-4104-abcc-02e6288f3ffc@group-62509A8A5C15-LeaderElection316] INFO  impl.LeaderElection (LeaderElection.java:logAndReturn(56)) - d2424f4d-20d2-4104-abcc-02e6288f3ffc@group-62509A8A5C15-LeaderElection316: Election REJECTED; received 2 response(s) [d2424f4d-20d2-4104-abcc-02e6288f3ffc<-3909bd6a-278d-4911-9d70-32680c972d02#0:FAIL-t349, d2424f4d-20d2-4104-abcc-02e6288f3ffc<-7c510082-4284-44ef-8cd9-bb38fb15579f#0:FAIL-t349] and 0 exception(s); d2424f4d-20d2-4104-abcc-02e6288f3ffc@group-62509A8A5C15:t349, leader=null, voted=d2424f4d-20d2-4104-abcc-02e6288f3ffc, raftlog=d2424f4d-20d2-4104-abcc-02e6288f3ffc@group-62509A8A5C15-SegmentedRaftLog:OPENED:c-1,f-1,i0, conf=-1: [3909bd6a-278d-4911-9d70-32680c972d02:192.168.157.223:33343, d2424f4d-20d2-4104-abcc-02e6288f3ffc:192.168.157.223:39352, 7c510082-4284-44ef-8cd9-bb38fb15579f:192.168.157.223:33098], old=null
2019-10-17 21:16:13,036 [d2424f4d-20d2-4104-abcc-02e6288f3ffc@group-62509A8A5C15-LeaderElection316] INFO  impl.RaftServerImpl (RaftServerImpl.java:setRole(184)) - d2424f4d-20d2-4104-abcc-02e6288f3ffc@group-62509A8A5C15: changes role from CANDIDATE to FOLLOWER at term 349 for DISCOVERED_A_NEW_TERM
2019-10-17 21:16:13,036 [d2424f4d-20d2-4104-abcc-02e6288f3ffc@group-62509A8A5C15-LeaderElection316] INFO  impl.RoleInfo (RoleInfo.java:shutdownLeaderElection(134)) - d2424f4d-20d2-4104-abcc-02e6288f3ffc: shutdown LeaderElection
2019-10-17 21:16:13,036 [d2424f4d-20d2-4104-abcc-02e6288f3ffc@group-62509A8A5C15-LeaderElection316] INFO  impl.RoleInfo (RoleInfo.java:updateAndGet(143)) - d2424f4d-20d2-4104-abcc-02e6288f3ffc: start FollowerState
2019-10-17 21:16:13,227 [Thread-2354] INFO  impl.FollowerState (FollowerState.java:run(108)) - d2424f4d-20d2-4104-abcc-02e6288f3ffc@group-62509A8A5C15-FollowerState: change to CANDIDATE, lastRpcTime:191ms, electionTimeout:191ms
2019-10-17 21:16:13,227 [Thread-2354] INFO  impl.RoleInfo (RoleInfo.java:shutdownFollowerState(121)) - d2424f4d-20d2-4104-abcc-02e6288f3ffc: shutdown FollowerState
2019-10-17 21:16:13,228 [Thread-2354] INFO  impl.RaftServerImpl (RaftServerImpl.java:setRole(184)) - d2424f4d-20d2-4104-abcc-02e6288f3ffc@group-62509A8A5C15: changes role from  FOLLOWER to CANDIDATE at term 349 for changeToCandidate
2019-10-17 21:16:13,228 [Thread-2354] INFO  impl.RoleInfo (RoleInfo.java:updateAndGet(143)) - d2424f4d-20d2-4104-abcc-02e6288f3ffc: start LeaderElection
2019-10-17 21:16:13,253 [d2424f4d-20d2-4104-abcc-02e6288f3ffc@group-62509A8A5C15-LeaderElection317] INFO  impl.LeaderElection (LeaderElection.java:askForVotes(178)) - d2424f4d-20d2-4104-abcc-02e6288f3ffc@group-62509A8A5C15-LeaderElection317: begin an election at term 350 for -1: [3909bd6a-278d-4911-9d70-32680c972d02:192.168.157.223:33343, d2424f4d-20d2-4104-abcc-02e6288f3ffc:192.168.157.223:39352, 7c510082-4284-44ef-8cd9-bb38fb15579f:192.168.157.223:33098], old=null
2019-10-17 21:16:13,255 [grpc-default-executor-2] INFO  impl.RaftServerImpl (RaftServerImpl.java:setRole(184)) - 3909bd6a-278d-4911-9d70-32680c972d02@group-62509A8A5C15: changes role from  FOLLOWER to FOLLOWER at term 350 for recognizeCandidate:d2424f4d-20d2-4104-abcc-02e6288f3ffc
2019-10-17 21:16:13,255 [grpc-default-executor-2] INFO  impl.RoleInfo (RoleInfo.java:shutdownFollowerState(121)) - 3909bd6a-278d-4911-9d70-32680c972d02: shutdown FollowerState
2019-10-17 21:16:13,255 [grpc-default-executor-4] INFO  impl.RaftServerImpl (RaftServerImpl.java:setRole(184)) - 7c510082-4284-44ef-8cd9-bb38fb15579f@group-62509A8A5C15: changes role from  FOLLOWER to FOLLOWER at term 350 for recognizeCandidate:d2424f4d-20d2-4104-abcc-02e6288f3ffc
2019-10-17 21:16:13,255 [Thread-2352] INFO  impl.FollowerState (FollowerState.java:run(117)) - 3909bd6a-278d-4911-9d70-32680c972d02@group-62509A8A5C15-FollowerState was interrupted: java.lang.InterruptedException: sleep interrupted
2019-10-17 21:16:13,255 [grpc-default-executor-4] INFO  impl.RoleInfo (RoleInfo.java:shutdownFollowerState(121)) - 7c510082-4284-44ef-8cd9-bb38fb15579f: shutdown FollowerState
2019-10-17 21:16:13,255 [grpc-default-executor-2] INFO  impl.RoleInfo (RoleInfo.java:updateAndGet(143)) - 3909bd6a-278d-4911-9d70-32680c972d02: start FollowerState
2019-10-17 21:16:13,255 [Thread-2353] INFO  impl.FollowerState (FollowerState.java:run(117)) - 7c510082-4284-44ef-8cd9-bb38fb15579f@group-62509A8A5C15-FollowerState was interrupted: java.lang.InterruptedException: sleep interrupted
2019-10-17 21:16:13,255 [grpc-default-executor-4] INFO  impl.RoleInfo (RoleInfo.java:updateAndGet(143)) - 7c510082-4284-44ef-8cd9-bb38fb15579f: start FollowerState
2019-10-17 21:16:13,282 [d2424f4d-20d2-4104-abcc-02e6288f3ffc@group-62509A8A5C15-LeaderElection317] INFO  impl.LeaderElection (LeaderElection.java:logAndReturn(56)) - d2424f4d-20d2-4104-abcc-02e6288f3ffc@group-62509A8A5C15-LeaderElection317: Election REJECTED; received 2 response(s) [d2424f4d-20d2-4104-abcc-02e6288f3ffc<-3909bd6a-278d-4911-9d70-32680c972d02#0:FAIL-t350, d2424f4d-20d2-4104-abcc-02e6288f3ffc<-7c510082-4284-44ef-8cd9-bb38fb15579f#0:FAIL-t350] and 0 exception(s); d2424f4d-20d2-4104-abcc-02e6288f3ffc@group-62509A8A5C15:t350, leader=null, voted=d2424f4d-20d2-4104-abcc-02e6288f3ffc, raftlog=d2424f4d-20d2-4104-abcc-02e6288f3ffc@group-62509A8A5C15-SegmentedRaftLog:OPENED:c-1,f-1,i0, conf=-1: [3909bd6a-278d-4911-9d70-32680c972d02:192.168.157.223:33343, d2424f4d-20d2-4104-abcc-02e6288f3ffc:192.168.157.223:39352, 7c510082-4284-44ef-8cd9-bb38fb15579f:192.168.157.223:33098], old=null
2019-10-17 21:16:13,282 [d2424f4d-20d2-4104-abcc-02e6288f3ffc@group-62509A8A5C15-LeaderElection317] INFO  impl.RaftServerImpl (RaftServerImpl.java:setRole(184)) - d2424f4d-20d2-4104-abcc-02e6288f3ffc@group-62509A8A5C15: changes role from CANDIDATE to FOLLOWER at term 350 for DISCOVERED_A_NEW_TERM
2019-10-17 21:16:13,282 [d2424f4d-20d2-4104-abcc-02e6288f3ffc@group-62509A8A5C15-LeaderElection317] INFO  impl.RoleInfo (RoleInfo.java:shutdownLeaderElection(134)) - d2424f4d-20d2-4104-abcc-02e6288f3ffc: shutdown LeaderElection
2019-10-17 21:16:13,282 [d2424f4d-20d2-4104-abcc-02e6288f3ffc@group-62509A8A5C15-LeaderElection317] INFO  impl.RoleInfo (RoleInfo.java:updateAndGet(143)) - d2424f4d-20d2-4104-abcc-02e6288f3ffc: start FollowerState
2019-10-17 21:16:13,450 [Thread-2362] INFO  impl.FollowerState (FollowerState.java:run(108)) - d2424f4d-20d2-4104-abcc-02e6288f3ffc@group-62509A8A5C15-FollowerState: change to CANDIDATE, lastRpcTime:167ms, electionTimeout:167ms
2019-10-17 21:16:13,450 [Thread-2362] INFO  impl.RoleInfo (RoleInfo.java:shutdownFollowerState(121)) - d2424f4d-20d2-4104-abcc-02e6288f3ffc: shutdown FollowerState
2019-10-17 21:16:13,450 [Thread-2362] INFO  impl.RaftServerImpl (RaftServerImpl.java:setRole(184)) - d2424f4d-20d2-4104-abcc-02e6288f3ffc@group-62509A8A5C15: changes role from  FOLLOWER to CANDIDATE at term 350 for changeToCandidate
2019-10-17 21:16:13,450 [Thread-2362] INFO  impl.RoleInfo (RoleInfo.java:updateAndGet(143)) - d2424f4d-20d2-4104-abcc-02e6288f3ffc: start LeaderElection
2019-10-17 21:16:13,465 [d2424f4d-20d2-4104-abcc-02e6288f3ffc@group-62509A8A5C15-LeaderElection318] INFO  impl.LeaderElection (LeaderElection.java:askForVotes(178)) - d2424f4d-20d2-4104-abcc-02e6288f3ffc@group-62509A8A5C15-LeaderElection318: begin an election at term 351 for -1: [3909bd6a-278d-4911-9d70-32680c972d02:192.168.157.223:33343, d2424f4d-20d2-4104-abcc-02e6288f3ffc:192.168.157.223:39352, 7c510082-4284-44ef-8cd9-bb38fb15579f:192.168.157.223:33098], old=null
2019-10-17 21:16:13,467 [grpc-default-executor-2] INFO  impl.RaftServerImpl (RaftServerImpl.java:setRole(184)) - 7c510082-4284-44ef-8cd9-bb38fb15579f@group-62509A8A5C15: changes role from  FOLLOWER to FOLLOWER at term 351 for recognizeCandidate:d2424f4d-20d2-4104-abcc-02e6288f3ffc
2019-10-17 21:16:13,467 [grpc-default-executor-2] INFO  impl.RoleInfo (RoleInfo.java:shutdownFollowerState(121)) - 7c510082-4284-44ef-8cd9-bb38fb15579f: shutdown FollowerState
2019-10-17 21:16:13,467 [grpc-default-executor-2] INFO  impl.RoleInfo (RoleInfo.java:updateAndGet(143)) - 7c510082-4284-44ef-8cd9-bb38fb15579f: start FollowerState
2019-10-17 21:16:13,467 [Thread-2361] INFO  impl.FollowerState (FollowerState.java:run(117)) - 7c510082-4284-44ef-8cd9-bb38fb15579f@group-62509A8A5C15-FollowerState was interrupted: java.lang.InterruptedException: sleep interrupted
2019-10-17 21:16:13,467 [grpc-default-executor-4] INFO  impl.RaftServerImpl (RaftServerImpl.java:setRole(184)) - 3909bd6a-278d-4911-9d70-32680c972d02@group-62509A8A5C15: changes role from  FOLLOWER to FOLLOWER at term 351 for recognizeCandidate:d2424f4d-20d2-4104-abcc-02e6288f3ffc
2019-10-17 21:16:13,468 [grpc-default-executor-4] INFO  impl.RoleInfo (RoleInfo.java:shutdownFollowerState(121)) - 3909bd6a-278d-4911-9d70-32680c972d02: shutdown FollowerState
2019-10-17 21:16:13,468 [grpc-default-executor-4] INFO  impl.RoleInfo (RoleInfo.java:updateAndGet(143)) - 3909bd6a-278d-4911-9d70-32680c972d02: start FollowerState
2019-10-17 21:16:13,468 [Thread-2360] INFO  impl.FollowerState (FollowerState.java:run(117)) - 3909bd6a-278d-4911-9d70-32680c972d02@group-62509A8A5C15-FollowerState was interrupted: java.lang.InterruptedException: sleep interrupted
2019-10-17 21:16:13,482 [d2424f4d-20d2-4104-abcc-02e6288f3ffc@group-62509A8A5C15-LeaderElection318] INFO  impl.LeaderElection (LeaderElection.java:logAndReturn(56)) - d2424f4d-20d2-4104-abcc-02e6288f3ffc@group-62509A8A5C15-LeaderElection318: Election REJECTED; received 2 response(s) [d2424f4d-20d2-4104-abcc-02e6288f3ffc<-3909bd6a-278d-4911-9d70-32680c972d02#0:FAIL-t351, d2424f4d-20d2-4104-abcc-02e6288f3ffc<-7c510082-4284-44ef-8cd9-bb38fb15579f#0:FAIL-t351] and 0 exception(s); d2424f4d-20d2-4104-abcc-02e6288f3ffc@group-62509A8A5C15:t351, leader=null, voted=d2424f4d-20d2-4104-abcc-02e6288f3ffc, raftlog=d2424f4d-20d2-4104-abcc-02e6288f3ffc@group-62509A8A5C15-SegmentedRaftLog:OPENED:c-1,f-1,i0, conf=-1: [3909bd6a-278d-4911-9d70-32680c972d02:192.168.157.223:33343, d2424f4d-20d2-4104-abcc-02e6288f3ffc:192.168.157.223:39352, 7c510082-4284-44ef-8cd9-bb38fb15579f:192.168.157.223:33098], old=null
2019-10-17 21:16:13,482 [d2424f4d-20d2-4104-abcc-02e6288f3ffc@group-62509A8A5C15-LeaderElection318] INFO  impl.RaftServerImpl (RaftServerImpl.java:setRole(184)) - d2424f4d-20d2-4104-abcc-02e6288f3ffc@group-62509A8A5C15: changes role from CANDIDATE to FOLLOWER at term 351 for DISCOVERED_A_NEW_TERM
2019-10-17 21:16:13,483 [d2424f4d-20d2-4104-abcc-02e6288f3ffc@group-62509A8A5C15-LeaderElection318] INFO  impl.RoleInfo (RoleInfo.java:shutdownLeaderElection(134)) - d2424f4d-20d2-4104-abcc-02e6288f3ffc: shutdown LeaderElection
2019-10-17 21:16:13,483 [d2424f4d-20d2-4104-abcc-02e6288f3ffc@group-62509A8A5C15-LeaderElection318] INFO  impl.RoleInfo (RoleInfo.java:updateAndGet(143)) - d2424f4d-20d2-4104-abcc-02e6288f3ffc: start FollowerState
2019-10-17 21:16:13,564 [Thread-2368] INFO  impl.FollowerState (FollowerState.java:run(108)) - d2424f4d-20d2-4104-abcc-02e6288f3ffc@group-62509A8A5C15-FollowerState: change to CANDIDATE, lastRpcTime:81ms, electionTimeout:81ms
2019-10-17 21:16:13,564 [Thread-2368] INFO  impl.RoleInfo (RoleInfo.java:shutdownFollowerState(121)) - d2424f4d-20d2-4104-abcc-02e6288f3ffc: shutdown FollowerState
2019-10-17 21:16:13,564 [Thread-2368] INFO  impl.RaftServerImpl (RaftServerImpl.java:setRole(184)) - d2424f4d-20d2-4104-abcc-02e6288f3ffc@group-62509A8A5C15: changes role from  FOLLOWER to CANDIDATE at term 351 for changeToCandidate
2019-10-17 21:16:13,564 [Thread-2368] INFO  impl.RoleInfo (RoleInfo.java:updateAndGet(143)) - d2424f4d-20d2-4104-abcc-02e6288f3ffc: start LeaderElection
2019-10-17 21:16:13,579 [d2424f4d-20d2-4104-abcc-02e6288f3ffc@group-62509A8A5C15-LeaderElection319] INFO  impl.LeaderElection (LeaderElection.java:askForVotes(178)) - d2424f4d-20d2-4104-abcc-02e6288f3ffc@group-62509A8A5C15-LeaderElection319: begin an election at term 352 for -1: [3909bd6a-278d-4911-9d70-32680c972d02:192.168.157.223:33343, d2424f4d-20d2-4104-abcc-02e6288f3ffc:192.168.157.223:39352, 7c510082-4284-44ef-8cd9-bb38fb15579f:192.168.157.223:33098], old=null
2019-10-17 21:16:13,581 [grpc-default-executor-4] INFO  impl.RaftServerImpl (RaftServerImpl.java:setRole(184)) - 3909bd6a-278d-4911-9d70-32680c972d02@group-62509A8A5C15: changes role from  FOLLOWER to FOLLOWER at term 352 for recognizeCandidate:d2424f4d-20d2-4104-abcc-02e6288f3ffc
2019-10-17 21:16:13,581 [grpc-default-executor-4] INFO  impl.RoleInfo (RoleInfo.java:shutdownFollowerState(121)) - 3909bd6a-278d-4911-9d70-32680c972d02: shutdown FollowerState
2019-10-17 21:16:13,581 [grpc-default-executor-2] INFO  impl.RaftServerImpl (RaftServerImpl.java:setRole(184)) - 7c510082-4284-44ef-8cd9-bb38fb15579f@group-62509A8A5C15: changes role from  FOLLOWER to FOLLOWER at term 352 for recognizeCandidate:d2424f4d-20d2-4104-abcc-02e6288f3ffc
2019-10-17 21:16:13,582 [grpc-default-executor-2] INFO  impl.RoleInfo (RoleInfo.java:shutdownFollowerState(121)) - 7c510082-4284-44ef-8cd9-bb38fb15579f: shutdown FollowerState
2019-10-17 21:16:13,581 [Thread-2367] INFO  impl.FollowerState (FollowerState.java:run(117)) - 3909bd6a-278d-4911-9d70-32680c972d02@group-62509A8A5C15-FollowerState was interrupted: java.lang.InterruptedException: sleep interrupted
2019-10-17 21:16:13,581 [grpc-default-executor-4] INFO  impl.RoleInfo (RoleInfo.java:updateAndGet(143)) - 3909bd6a-278d-4911-9d70-32680c972d02: start FollowerState
2019-10-17 21:16:13,582 [Thread-2366] INFO  impl.FollowerState (FollowerState.java:run(117)) - 7c510082-4284-44ef-8cd9-bb38fb15579f@group-62509A8A5C15-FollowerState was interrupted: java.lang.InterruptedException: sleep interrupted
2019-10-17 21:16:13,582 [grpc-default-executor-2] INFO  impl.RoleInfo (RoleInfo.java:updateAndGet(143)) - 7c510082-4284-44ef-8cd9-bb38fb15579f: start FollowerState
2019-10-17 21:16:13,598 [d2424f4d-20d2-4104-abcc-02e6288f3ffc@group-62509A8A5C15-LeaderElection319] INFO  impl.LeaderElection (LeaderElection.java:logAndReturn(56)) - d2424f4d-20d2-4104-abcc-02e6288f3ffc@group-62509A8A5C15-LeaderElection319: Election REJECTED; received 2 response(s) [d2424f4d-20d2-4104-abcc-02e6288f3ffc<-3909bd6a-278d-4911-9d70-32680c972d02#0:FAIL-t352, d2424f4d-20d2-4104-abcc-02e6288f3ffc<-7c510082-4284-44ef-8cd9-bb38fb15579f#0:FAIL-t352] and 0 exception(s); d2424f4d-20d2-4104-abcc-02e6288f3ffc@group-62509A8A5C15:t352, leader=null, voted=d2424f4d-20d2-4104-abcc-02e6288f3ffc, raftlog=d2424f4d-20d2-4104-abcc-02e6288f3ffc@group-62509A8A5C15-SegmentedRaftLog:OPENED:c-1,f-1,i0, conf=-1: [3909bd6a-278d-4911-9d70-32680c972d02:192.168.157.223:33343, d2424f4d-20d2-4104-abcc-02e6288f3ffc:192.168.157.223:39352, 7c510082-4284-44ef-8cd9-bb38fb15579f:192.168.157.223:33098], old=null
2019-10-17 21:16:13,598 [d2424f4d-20d2-4104-abcc-02e6288f3ffc@group-62509A8A5C15-LeaderElection319] INFO  impl.RaftServerImpl (RaftServerImpl.java:setRole(184)) - d2424f4d-20d2-4104-abcc-02e6288f3ffc@group-62509A8A5C15: changes role from CANDIDATE to FOLLOWER at term 352 for DISCOVERED_A_NEW_TERM
2019-10-17 21:16:13,598 [d2424f4d-20d2-4104-abcc-02e6288f3ffc@group-62509A8A5C15-LeaderElection319] INFO  impl.RoleInfo (RoleInfo.java:shutdownLeaderElection(134)) - d2424f4d-20d2-4104-abcc-02e6288f3ffc: shutdown LeaderElection
2019-10-17 21:16:13,599 [d2424f4d-20d2-4104-abcc-02e6288f3ffc@group-62509A8A5C15-LeaderElection319] INFO  impl.RoleInfo (RoleInfo.java:updateAndGet(143)) - d2424f4d-20d2-4104-abcc-02e6288f3ffc: start FollowerState
2019-10-17 21:16:13,731 [Thread-2374] INFO  impl.FollowerState (FollowerState.java:run(108)) - d2424f4d-20d2-4104-abcc-02e6288f3ffc@group-62509A8A5C15-FollowerState: change to CANDIDATE, lastRpcTime:132ms, electionTimeout:132ms
2019-10-17 21:16:13,731 [Thread-2374] INFO  impl.RoleInfo (RoleInfo.java:shutdownFollowerState(121)) - d2424f4d-20d2-4104-abcc-02e6288f3ffc: shutdown FollowerState
2019-10-17 21:16:13,731 [Thread-2374] INFO  impl.RaftServerImpl (RaftServerImpl.java:setRole(184)) - d2424f4d-20d2-4104-abcc-02e6288f3ffc@group-62509A8A5C15: changes role from  FOLLOWER to CANDIDATE at term 352 for changeToCandidate
2019-10-17 21:16:13,731 [Thread-2374] INFO  impl.RoleInfo (RoleInfo.java:updateAndGet(143)) - d2424f4d-20d2-4104-abcc-02e6288f3ffc: start LeaderElection
2019-10-17 21:16:13,753 [d2424f4d-20d2-4104-abcc-02e6288f3ffc@group-62509A8A5C15-LeaderElection320] INFO  impl.LeaderElection (LeaderElection.java:askForVotes(178)) - d2424f4d-20d2-4104-abcc-02e6288f3ffc@group-62509A8A5C15-LeaderElection320: begin an election at term 353 for -1: [3909bd6a-278d-4911-9d70-32680c972d02:192.168.157.223:33343, d2424f4d-20d2-4104-abcc-02e6288f3ffc:192.168.157.223:39352, 7c510082-4284-44ef-8cd9-bb38fb15579f:192.168.157.223:33098], old=null
2019-10-17 21:16:13,755 [grpc-default-executor-2] INFO  impl.RaftServerImpl (RaftServerImpl.java:setRole(184)) - 3909bd6a-278d-4911-9d70-32680c972d02@group-62509A8A5C15: changes role from  FOLLOWER to FOLLOWER at term 353 for recognizeCandidate:d2424f4d-20d2-4104-abcc-02e6288f3ffc
2019-10-17 21:16:13,755 [grpc-default-executor-4] INFO  impl.RaftServerImpl (RaftServerImpl.java:setRole(184)) - 7c510082-4284-44ef-8cd9-bb38fb15579f@group-62509A8A5C15: changes role from  FOLLOWER to FOLLOWER at term 353 for recognizeCandidate:d2424f4d-20d2-4104-abcc-02e6288f3ffc
2019-10-17 21:16:13,755 [grpc-default-executor-2] INFO  impl.RoleInfo (RoleInfo.java:shutdownFollowerState(121)) - 3909bd6a-278d-4911-9d70-32680c972d02: shutdown FollowerState
2019-10-17 21:16:13,755 [grpc-default-executor-4] INFO  impl.RoleInfo (RoleInfo.java:shutdownFollowerState(121)) - 7c510082-4284-44ef-8cd9-bb38fb15579f: shutdown FollowerState
2019-10-17 21:16:13,755 [Thread-2372] INFO  impl.FollowerState (FollowerState.java:run(117)) - 3909bd6a-278d-4911-9d70-32680c972d02@group-62509A8A5C15-FollowerState was interrupted: java.lang.InterruptedException: sleep interrupted
2019-10-17 21:16:13,755 [grpc-default-executor-2] INFO  impl.RoleInfo (RoleInfo.java:updateAndGet(143)) - 3909bd6a-278d-4911-9d70-32680c972d02: start FollowerState
2019-10-17 21:16:13,755 [Thread-2373] INFO  impl.FollowerState (FollowerState.java:run(117)) - 7c510082-4284-44ef-8cd9-bb38fb15579f@group-62509A8A5C15-FollowerState was interrupted: java.lang.InterruptedException: sleep interrupted
2019-10-17 21:16:13,755 [grpc-default-executor-4] INFO  impl.RoleInfo (RoleInfo.java:updateAndGet(143)) - 7c510082-4284-44ef-8cd9-bb38fb15579f: start FollowerState
2019-10-17 21:16:13,782 [d2424f4d-20d2-4104-abcc-02e6288f3ffc@group-62509A8A5C15-LeaderElection320] INFO  impl.LeaderElection (LeaderElection.java:logAndReturn(56)) - d2424f4d-20d2-4104-abcc-02e6288f3ffc@group-62509A8A5C15-LeaderElection320: Election REJECTED; received 2 response(s) [d2424f4d-20d2-4104-abcc-02e6288f3ffc<-3909bd6a-278d-4911-9d70-32680c972d02#0:FAIL-t353, d2424f4d-20d2-4104-abcc-02e6288f3ffc<-7c510082-4284-44ef-8cd9-bb38fb15579f#0:FAIL-t353] and 0 exception(s); d2424f4d-20d2-4104-abcc-02e6288f3ffc@group-62509A8A5C15:t353, leader=null, voted=d2424f4d-20d2-4104-abcc-02e6288f3ffc, raftlog=d2424f4d-20d2-4104-abcc-02e6288f3ffc@group-62509A8A5C15-SegmentedRaftLog:OPENED:c-1,f-1,i0, conf=-1: [3909bd6a-278d-4911-9d70-32680c972d02:192.168.157.223:33343, d2424f4d-20d2-4104-abcc-02e6288f3ffc:192.168.157.223:39352, 7c510082-4284-44ef-8cd9-bb38fb15579f:192.168.157.223:33098], old=null
2019-10-17 21:16:13,782 [d2424f4d-20d2-4104-abcc-02e6288f3ffc@group-62509A8A5C15-LeaderElection320] INFO  impl.RaftServerImpl (RaftServerImpl.java:setRole(184)) - d2424f4d-20d2-4104-abcc-02e6288f3ffc@group-62509A8A5C15: changes role from CANDIDATE to FOLLOWER at term 353 for DISCOVERED_A_NEW_TERM
2019-10-17 21:16:13,782 [d2424f4d-20d2-4104-abcc-02e6288f3ffc@group-62509A8A5C15-LeaderElection320] INFO  impl.RoleInfo (RoleInfo.java:shutdownLeaderElection(134)) - d2424f4d-20d2-4104-abcc-02e6288f3ffc: shutdown LeaderElection
2019-10-17 21:16:13,782 [d2424f4d-20d2-4104-abcc-02e6288f3ffc@group-62509A8A5C15-LeaderElection320] INFO  impl.RoleInfo (RoleInfo.java:updateAndGet(143)) - d2424f4d-20d2-4104-abcc-02e6288f3ffc: start FollowerState
2019-10-17 21:16:13,938 [Thread-2380] INFO  impl.FollowerState (FollowerState.java:run(108)) - d2424f4d-20d2-4104-abcc-02e6288f3ffc@group-62509A8A5C15-FollowerState: change to CANDIDATE, lastRpcTime:155ms, electionTimeout:155ms
2019-10-17 21:16:13,938 [Thread-2380] INFO  impl.RoleInfo (RoleInfo.java:shutdownFollowerState(121)) - d2424f4d-20d2-4104-abcc-02e6288f3ffc: shutdown FollowerState
2019-10-17 21:16:13,938 [Thread-2380] INFO  impl.RaftServerImpl (RaftServerImpl.java:setRole(184)) - d2424f4d-20d2-4104-abcc-02e6288f3ffc@group-62509A8A5C15: changes role from  FOLLOWER to CANDIDATE at term 353 for changeToCandidate
2019-10-17 21:16:13,938 [Thread-2380] INFO  impl.RoleInfo (RoleInfo.java:updateAndGet(143)) - d2424f4d-20d2-4104-abcc-02e6288f3ffc: start LeaderElection
2019-10-17 21:16:13,954 [d2424f4d-20d2-4104-abcc-02e6288f3ffc@group-62509A8A5C15-LeaderElection321] INFO  impl.LeaderElection (LeaderElection.java:askForVotes(178)) - d2424f4d-20d2-4104-abcc-02e6288f3ffc@group-62509A8A5C15-LeaderElection321: begin an election at term 354 for -1: [3909bd6a-278d-4911-9d70-32680c972d02:192.168.157.223:33343, d2424f4d-20d2-4104-abcc-02e6288f3ffc:192.168.157.223:39352, 7c510082-4284-44ef-8cd9-bb38fb15579f:192.168.157.223:33098], old=null
2019-10-17 21:16:13,955 [grpc-default-executor-4] INFO  impl.RaftServerImpl (RaftServerImpl.java:setRole(184)) - 3909bd6a-278d-4911-9d70-32680c972d02@group-62509A8A5C15: changes role from  FOLLOWER to FOLLOWER at term 354 for recognizeCandidate:d2424f4d-20d2-4104-abcc-02e6288f3ffc
2019-10-17 21:16:13,956 [grpc-default-executor-4] INFO  impl.RoleInfo (RoleInfo.java:shutdownFollowerState(121)) - 3909bd6a-278d-4911-9d70-32680c972d02: shutdown FollowerState
2019-10-17 21:16:13,955 [grpc-default-executor-2] INFO  impl.RaftServerImpl (RaftServerImpl.java:setRole(184)) - 7c510082-4284-44ef-8cd9-bb38fb15579f@group-62509A8A5C15: changes role from  FOLLOWER to FOLLOWER at term 354 for recognizeCandidate:d2424f4d-20d2-4104-abcc-02e6288f3ffc
2019-10-17 21:16:13,956 [Thread-2378] INFO  impl.FollowerState (FollowerState.java:run(117)) - 3909bd6a-278d-4911-9d70-32680c972d02@group-62509A8A5C15-FollowerState was interrupted: java.lang.InterruptedException: sleep interrupted
2019-10-17 21:16:13,956 [grpc-default-executor-4] INFO  impl.RoleInfo (RoleInfo.java:updateAndGet(143)) - 3909bd6a-278d-4911-9d70-32680c972d02: start FollowerState
2019-10-17 21:16:13,956 [grpc-default-executor-2] INFO  impl.RoleInfo (RoleInfo.java:shutdownFollowerState(121)) - 7c510082-4284-44ef-8cd9-bb38fb15579f: shutdown FollowerState
2019-10-17 21:16:13,956 [grpc-default-executor-2] INFO  impl.RoleInfo (RoleInfo.java:updateAndGet(143)) - 7c510082-4284-44ef-8cd9-bb38fb15579f: start FollowerState
2019-10-17 21:16:13,956 [Thread-2379] INFO  impl.FollowerState (FollowerState.java:run(117)) - 7c510082-4284-44ef-8cd9-bb38fb15579f@group-62509A8A5C15-FollowerState was interrupted: java.lang.InterruptedException: sleep interrupted
2019-10-17 21:16:13,972 [d2424f4d-20d2-4104-abcc-02e6288f3ffc@group-62509A8A5C15-LeaderElection321] INFO  impl.LeaderElection (LeaderElection.java:logAndReturn(56)) - d2424f4d-20d2-4104-abcc-02e6288f3ffc@group-62509A8A5C15-LeaderElection321: Election REJECTED; received 2 response(s) [d2424f4d-20d2-4104-abcc-02e6288f3ffc<-3909bd6a-278d-4911-9d70-32680c972d02#0:FAIL-t354, d2424f4d-20d2-4104-abcc-02e6288f3ffc<-7c510082-4284-44ef-8cd9-bb38fb15579f#0:FAIL-t354] and 0 exception(s); d2424f4d-20d2-4104-abcc-02e6288f3ffc@group-62509A8A5C15:t354, leader=null, voted=d2424f4d-20d2-4104-abcc-02e6288f3ffc, raftlog=d2424f4d-20d2-4104-abcc-02e6288f3ffc@group-62509A8A5C15-SegmentedRaftLog:OPENED:c-1,f-1,i0, conf=-1: [3909bd6a-278d-4911-9d70-32680c972d02:192.168.157.223:33343, d2424f4d-20d2-4104-abcc-02e6288f3ffc:192.168.157.223:39352, 7c510082-4284-44ef-8cd9-bb38fb15579f:192.168.157.223:33098], old=null
2019-10-17 21:16:13,972 [d2424f4d-20d2-4104-abcc-02e6288f3ffc@group-62509A8A5C15-LeaderElection321] INFO  impl.RaftServerImpl (RaftServerImpl.java:setRole(184)) - d2424f4d-20d2-4104-abcc-02e6288f3ffc@group-62509A8A5C15: changes role from CANDIDATE to FOLLOWER at term 354 for DISCOVERED_A_NEW_TERM
2019-10-17 21:16:13,972 [d2424f4d-20d2-4104-abcc-02e6288f3ffc@group-62509A8A5C15-LeaderElection321] INFO  impl.RoleInfo (RoleInfo.java:shutdownLeaderElection(134)) - d2424f4d-20d2-4104-abcc-02e6288f3ffc: shutdown LeaderElection
2019-10-17 21:16:13,972 [d2424f4d-20d2-4104-abcc-02e6288f3ffc@group-62509A8A5C15-LeaderElection321] INFO  impl.RoleInfo (RoleInfo.java:updateAndGet(143)) - d2424f4d-20d2-4104-abcc-02e6288f3ffc: start FollowerState
2019-10-17 21:16:14,074 [Thread-2386] INFO  impl.FollowerState (FollowerState.java:run(108)) - d2424f4d-20d2-4104-abcc-02e6288f3ffc@group-62509A8A5C15-FollowerState: change to CANDIDATE, lastRpcTime:101ms, electionTimeout:101ms
2019-10-17 21:16:14,074 [Thread-2386] INFO  impl.RoleInfo (RoleInfo.java:shutdownFollowerState(121)) - d2424f4d-20d2-4104-abcc-02e6288f3ffc: shutdown FollowerState
2019-10-17 21:16:14,074 [Thread-2386] INFO  impl.RaftServerImpl (RaftServerImpl.java:setRole(184)) - d2424f4d-20d2-4104-abcc-02e6288f3ffc@group-62509A8A5C15: changes role from  FOLLOWER to CANDIDATE at term 354 for changeToCandidate
2019-10-17 21:16:14,075 [Thread-2386] INFO  impl.RoleInfo (RoleInfo.java:updateAndGet(143)) - d2424f4d-20d2-4104-abcc-02e6288f3ffc: start LeaderElection
2019-10-17 21:16:14,089 [d2424f4d-20d2-4104-abcc-02e6288f3ffc@group-62509A8A5C15-LeaderElection322] INFO  impl.LeaderElection (LeaderElection.java:askForVotes(178)) - d2424f4d-20d2-4104-abcc-02e6288f3ffc@group-62509A8A5C15-LeaderElection322: begin an election at term 355 for -1: [3909bd6a-278d-4911-9d70-32680c972d02:192.168.157.223:33343, d2424f4d-20d2-4104-abcc-02e6288f3ffc:192.168.157.223:39352, 7c510082-4284-44ef-8cd9-bb38fb15579f:192.168.157.223:33098], old=null
2019-10-17 21:16:14,091 [grpc-default-executor-2] INFO  impl.RaftServerImpl (RaftServerImpl.java:setRole(184)) - 3909bd6a-278d-4911-9d70-32680c972d02@group-62509A8A5C15: changes role from  FOLLOWER to FOLLOWER at term 355 for recognizeCandidate:d2424f4d-20d2-4104-abcc-02e6288f3ffc
2019-10-17 21:16:14,092 [grpc-default-executor-2] INFO  impl.RoleInfo (RoleInfo.java:shutdownFollowerState(121)) - 3909bd6a-278d-4911-9d70-32680c972d02: shutdown FollowerState
2019-10-17 21:16:14,092 [grpc-default-executor-4] INFO  impl.RaftServerImpl (RaftServerImpl.java:setRole(184)) - 7c510082-4284-44ef-8cd9-bb38fb15579f@group-62509A8A5C15: changes role from  FOLLOWER to FOLLOWER at term 355 for recognizeCandidate:d2424f4d-20d2-4104-abcc-02e6288f3ffc
2019-10-17 21:16:14,092 [grpc-default-executor-4] INFO  impl.RoleInfo (RoleInfo.java:shutdownFollowerState(121)) - 7c510082-4284-44ef-8cd9-bb38fb15579f: shutdown FollowerState
2019-10-17 21:16:14,092 [Thread-2384] INFO  impl.FollowerState (FollowerState.java:run(117)) - 3909bd6a-278d-4911-9d70-32680c972d02@group-62509A8A5C15-FollowerState was interrupted: java.lang.InterruptedException: sleep interrupted
2019-10-17 21:16:14,092 [grpc-default-executor-2] INFO  impl.RoleInfo (RoleInfo.java:updateAndGet(143)) - 3909bd6a-278d-4911-9d70-32680c972d02: start FollowerState
2019-10-17 21:16:14,092 [Thread-2385] INFO  impl.FollowerState (FollowerState.java:run(117)) - 7c510082-4284-44ef-8cd9-bb38fb15579f@group-62509A8A5C15-FollowerState was interrupted: java.lang.InterruptedException: sleep interrupted
2019-10-17 21:16:14,092 [grpc-default-executor-4] INFO  impl.RoleInfo (RoleInfo.java:updateAndGet(143)) - 7c510082-4284-44ef-8cd9-bb38fb15579f: start FollowerState
2019-10-17 21:16:14,119 [d2424f4d-20d2-4104-abcc-02e6288f3ffc@group-62509A8A5C15-LeaderElection322] INFO  impl.LeaderElection (LeaderElection.java:logAndReturn(56)) - d2424f4d-20d2-4104-abcc-02e6288f3ffc@group-62509A8A5C15-LeaderElection322: Election REJECTED; received 2 response(s) [d2424f4d-20d2-4104-abcc-02e6288f3ffc<-3909bd6a-278d-4911-9d70-32680c972d02#0:FAIL-t355, d2424f4d-20d2-4104-abcc-02e6288f3ffc<-7c510082-4284-44ef-8cd9-bb38fb15579f#0:FAIL-t355] and 0 exception(s); d2424f4d-20d2-4104-abcc-02e6288f3ffc@group-62509A8A5C15:t355, leader=null, voted=d2424f4d-20d2-4104-abcc-02e6288f3ffc, raftlog=d2424f4d-20d2-4104-abcc-02e6288f3ffc@group-62509A8A5C15-SegmentedRaftLog:OPENED:c-1,f-1,i0, conf=-1: [3909bd6a-278d-4911-9d70-32680c972d02:192.168.157.223:33343, d2424f4d-20d2-4104-abcc-02e6288f3ffc:192.168.157.223:39352, 7c510082-4284-44ef-8cd9-bb38fb15579f:192.168.157.223:33098], old=null
2019-10-17 21:16:14,119 [d2424f4d-20d2-4104-abcc-02e6288f3ffc@group-62509A8A5C15-LeaderElection322] INFO  impl.RaftServerImpl (RaftServerImpl.java:setRole(184)) - d2424f4d-20d2-4104-abcc-02e6288f3ffc@group-62509A8A5C15: changes role from CANDIDATE to FOLLOWER at term 355 for DISCOVERED_A_NEW_TERM
2019-10-17 21:16:14,119 [d2424f4d-20d2-4104-abcc-02e6288f3ffc@group-62509A8A5C15-LeaderElection322] INFO  impl.RoleInfo (RoleInfo.java:shutdownLeaderElection(134)) - d2424f4d-20d2-4104-abcc-02e6288f3ffc: shutdown LeaderElection
2019-10-17 21:16:14,119 [d2424f4d-20d2-4104-abcc-02e6288f3ffc@group-62509A8A5C15-LeaderElection322] INFO  impl.RoleInfo (RoleInfo.java:updateAndGet(143)) - d2424f4d-20d2-4104-abcc-02e6288f3ffc: start FollowerState
2019-10-17 21:16:14,297 [Thread-2392] INFO  impl.FollowerState (FollowerState.java:run(108)) - d2424f4d-20d2-4104-abcc-02e6288f3ffc@group-62509A8A5C15-FollowerState: change to CANDIDATE, lastRpcTime:177ms, electionTimeout:177ms
2019-10-17 21:16:14,297 [Thread-2392] INFO  impl.RoleInfo (RoleInfo.java:shutdownFollowerState(121)) - d2424f4d-20d2-4104-abcc-02e6288f3ffc: shutdown FollowerState
2019-10-17 21:16:14,297 [Thread-2392] INFO  impl.RaftServerImpl (RaftServerImpl.java:setRole(184)) - d2424f4d-20d2-4104-abcc-02e6288f3ffc@group-62509A8A5C15: changes role from  FOLLOWER to CANDIDATE at term 355 for changeToCandidate
2019-10-17 21:16:14,297 [Thread-2392] INFO  impl.RoleInfo (RoleInfo.java:updateAndGet(143)) - d2424f4d-20d2-4104-abcc-02e6288f3ffc: start LeaderElection
2019-10-17 21:16:14,323 [d2424f4d-20d2-4104-abcc-02e6288f3ffc@group-62509A8A5C15-LeaderElection323] INFO  impl.LeaderElection (LeaderElection.java:askForVotes(178)) - d2424f4d-20d2-4104-abcc-02e6288f3ffc@group-62509A8A5C15-LeaderElection323: begin an election at term 356 for -1: [3909bd6a-278d-4911-9d70-32680c972d02:192.168.157.223:33343, d2424f4d-20d2-4104-abcc-02e6288f3ffc:192.168.157.223:39352, 7c510082-4284-44ef-8cd9-bb38fb15579f:192.168.157.223:33098], old=null
2019-10-17 21:16:14,325 [grpc-default-executor-2] INFO  impl.RaftServerImpl (RaftServerImpl.java:setRole(184)) - 7c510082-4284-44ef-8cd9-bb38fb15579f@group-62509A8A5C15: changes role from  FOLLOWER to FOLLOWER at term 356 for recognizeCandidate:d2424f4d-20d2-4104-abcc-02e6288f3ffc
2019-10-17 21:16:14,326 [grpc-default-executor-2] INFO  impl.RoleInfo (RoleInfo.java:shutdownFollowerState(121)) - 7c510082-4284-44ef-8cd9-bb38fb15579f: shutdown FollowerState
2019-10-17 21:16:14,325 [grpc-default-executor-4] INFO  impl.RaftServerImpl (RaftServerImpl.java:setRole(184)) - 3909bd6a-278d-4911-9d70-32680c972d02@group-62509A8A5C15: changes role from  FOLLOWER to FOLLOWER at term 356 for recognizeCandidate:d2424f4d-20d2-4104-abcc-02e6288f3ffc
2019-10-17 21:16:14,326 [grpc-default-executor-4] INFO  impl.RoleInfo (RoleInfo.java:shutdownFollowerState(121)) - 3909bd6a-278d-4911-9d70-32680c972d02: shutdown FollowerState
2019-10-17 21:16:14,326 [Thread-2391] INFO  impl.FollowerState (FollowerState.java:run(117)) - 7c510082-4284-44ef-8cd9-bb38fb15579f@group-62509A8A5C15-FollowerState was interrupted: java.lang.InterruptedException: sleep interrupted
2019-10-17 21:16:14,326 [grpc-default-executor-2] INFO  impl.RoleInfo (RoleInfo.java:updateAndGet(143)) - 7c510082-4284-44ef-8cd9-bb38fb15579f: start FollowerState
2019-10-17 21:16:14,326 [Thread-2390] INFO  impl.FollowerState (FollowerState.java:run(117)) - 3909bd6a-278d-4911-9d70-32680c972d02@group-62509A8A5C15-FollowerState was interrupted: java.lang.InterruptedException: sleep interrupted
2019-10-17 21:16:14,326 [grpc-default-executor-4] INFO  impl.RoleInfo (RoleInfo.java:updateAndGet(143)) - 3909bd6a-278d-4911-9d70-32680c972d02: start FollowerState
2019-10-17 21:16:14,343 [d2424f4d-20d2-4104-abcc-02e6288f3ffc@group-62509A8A5C15-LeaderElection323] INFO  impl.LeaderElection (LeaderElection.java:logAndReturn(56)) - d2424f4d-20d2-4104-abcc-02e6288f3ffc@group-62509A8A5C15-LeaderElection323: Election REJECTED; received 2 response(s) [d2424f4d-20d2-4104-abcc-02e6288f3ffc<-3909bd6a-278d-4911-9d70-32680c972d02#0:FAIL-t356, d2424f4d-20d2-4104-abcc-02e6288f3ffc<-7c510082-4284-44ef-8cd9-bb38fb15579f#0:FAIL-t356] and 0 exception(s); d2424f4d-20d2-4104-abcc-02e6288f3ffc@group-62509A8A5C15:t356, leader=null, voted=d2424f4d-20d2-4104-abcc-02e6288f3ffc, raftlog=d2424f4d-20d2-4104-abcc-02e6288f3ffc@group-62509A8A5C15-SegmentedRaftLog:OPENED:c-1,f-1,i0, conf=-1: [3909bd6a-278d-4911-9d70-32680c972d02:192.168.157.223:33343, d2424f4d-20d2-4104-abcc-02e6288f3ffc:192.168.157.223:39352, 7c510082-4284-44ef-8cd9-bb38fb15579f:192.168.157.223:33098], old=null
2019-10-17 21:16:14,343 [d2424f4d-20d2-4104-abcc-02e6288f3ffc@group-62509A8A5C15-LeaderElection323] INFO  impl.RaftServerImpl (RaftServerImpl.java:setRole(184)) - d2424f4d-20d2-4104-abcc-02e6288f3ffc@group-62509A8A5C15: changes role from CANDIDATE to FOLLOWER at term 356 for DISCOVERED_A_NEW_TERM
2019-10-17 21:16:14,343 [d2424f4d-20d2-4104-abcc-02e6288f3ffc@group-62509A8A5C15-LeaderElection323] INFO  impl.RoleInfo (RoleInfo.java:shutdownLeaderElection(134)) - d2424f4d-20d2-4104-abcc-02e6288f3ffc: shutdown LeaderElection
2019-10-17 21:16:14,343 [d2424f4d-20d2-4104-abcc-02e6288f3ffc@group-62509A8A5C15-LeaderElection323] INFO  impl.RoleInfo (RoleInfo.java:updateAndGet(143)) - d2424f4d-20d2-4104-abcc-02e6288f3ffc: start FollowerState
2019-10-17 21:16:14,491 [Thread-2400] INFO  impl.FollowerState (FollowerState.java:run(108)) - d2424f4d-20d2-4104-abcc-02e6288f3ffc@group-62509A8A5C15-FollowerState: change to CANDIDATE, lastRpcTime:147ms, electionTimeout:147ms
2019-10-17 21:16:14,491 [Thread-2400] INFO  impl.RoleInfo (RoleInfo.java:shutdownFollowerState(121)) - d2424f4d-20d2-4104-abcc-02e6288f3ffc: shutdown FollowerState
2019-10-17 21:16:14,491 [Thread-2400] INFO  impl.RaftServerImpl (RaftServerImpl.java:setRole(184)) - d2424f4d-20d2-4104-abcc-02e6288f3ffc@group-62509A8A5C15: changes role from  FOLLOWER to CANDIDATE at term 356 for changeToCandidate
2019-10-17 21:16:14,491 [Thread-2400] INFO  impl.RoleInfo (RoleInfo.java:updateAndGet(143)) - d2424f4d-20d2-4104-abcc-02e6288f3ffc: start LeaderElection
2019-10-17 21:16:14,504 [d2424f4d-20d2-4104-abcc-02e6288f3ffc@group-62509A8A5C15-LeaderElection324] INFO  impl.LeaderElection (LeaderElection.java:askForVotes(178)) - d2424f4d-20d2-4104-abcc-02e6288f3ffc@group-62509A8A5C15-LeaderElection324: begin an election at term 357 for -1: [3909bd6a-278d-4911-9d70-32680c972d02:192.168.157.223:33343, d2424f4d-20d2-4104-abcc-02e6288f3ffc:192.168.157.223:39352, 7c510082-4284-44ef-8cd9-bb38fb15579f:192.168.157.223:33098], old=null
2019-10-17 21:16:14,506 [grpc-default-executor-4] INFO  impl.RaftServerImpl (RaftServerImpl.java:setRole(184)) - 3909bd6a-278d-4911-9d70-32680c972d02@group-62509A8A5C15: changes role from  FOLLOWER to FOLLOWER at term 357 for recognizeCandidate:d2424f4d-20d2-4104-abcc-02e6288f3ffc
2019-10-17 21:16:14,506 [grpc-default-executor-2] INFO  impl.RaftServerImpl (RaftServerImpl.java:setRole(184)) - 7c510082-4284-44ef-8cd9-bb38fb15579f@group-62509A8A5C15: changes role from  FOLLOWER to FOLLOWER at term 357 for recognizeCandidate:d2424f4d-20d2-4104-abcc-02e6288f3ffc
2019-10-17 21:16:14,506 [grpc-default-executor-4] INFO  impl.RoleInfo (RoleInfo.java:shutdownFollowerState(121)) - 3909bd6a-278d-4911-9d70-32680c972d02: shutdown FollowerState
2019-10-17 21:16:14,507 [grpc-default-executor-2] INFO  impl.RoleInfo (RoleInfo.java:shutdownFollowerState(121)) - 7c510082-4284-44ef-8cd9-bb38fb15579f: shutdown FollowerState
2019-10-17 21:16:14,507 [Thread-2399] INFO  impl.FollowerState (FollowerState.java:run(117)) - 3909bd6a-278d-4911-9d70-32680c972d02@group-62509A8A5C15-FollowerState was interrupted: java.lang.InterruptedException: sleep interrupted
2019-10-17 21:16:14,507 [grpc-default-executor-4] INFO  impl.RoleInfo (RoleInfo.java:updateAndGet(143)) - 3909bd6a-278d-4911-9d70-32680c972d02: start FollowerState
2019-10-17 21:16:14,507 [Thread-2398] INFO  impl.FollowerState (FollowerState.java:run(117)) - 7c510082-4284-44ef-8cd9-bb38fb15579f@group-62509A8A5C15-FollowerState was interrupted: java.lang.InterruptedException: sleep interrupted
2019-10-17 21:16:14,507 [grpc-default-executor-2] INFO  impl.RoleInfo (RoleInfo.java:updateAndGet(143)) - 7c510082-4284-44ef-8cd9-bb38fb15579f: start FollowerState
2019-10-17 21:16:14,533 [d2424f4d-20d2-4104-abcc-02e6288f3ffc@group-62509A8A5C15-LeaderElection324] INFO  impl.LeaderElection (LeaderElection.java:logAndReturn(56)) - d2424f4d-20d2-4104-abcc-02e6288f3ffc@group-62509A8A5C15-LeaderElection324: Election REJECTED; received 2 response(s) [d2424f4d-20d2-4104-abcc-02e6288f3ffc<-3909bd6a-278d-4911-9d70-32680c972d02#0:FAIL-t357, d2424f4d-20d2-4104-abcc-02e6288f3ffc<-7c510082-4284-44ef-8cd9-bb38fb15579f#0:FAIL-t357] and 0 exception(s); d2424f4d-20d2-4104-abcc-02e6288f3ffc@group-62509A8A5C15:t357, leader=null, voted=d2424f4d-20d2-4104-abcc-02e6288f3ffc, raftlog=d2424f4d-20d2-4104-abcc-02e6288f3ffc@group-62509A8A5C15-SegmentedRaftLog:OPENED:c-1,f-1,i0, conf=-1: [3909bd6a-278d-4911-9d70-32680c972d02:192.168.157.223:33343, d2424f4d-20d2-4104-abcc-02e6288f3ffc:192.168.157.223:39352, 7c510082-4284-44ef-8cd9-bb38fb15579f:192.168.157.223:33098], old=null
2019-10-17 21:16:14,533 [d2424f4d-20d2-4104-abcc-02e6288f3ffc@group-62509A8A5C15-LeaderElection324] INFO  impl.RaftServerImpl (RaftServerImpl.java:setRole(184)) - d2424f4d-20d2-4104-abcc-02e6288f3ffc@group-62509A8A5C15: changes role from CANDIDATE to FOLLOWER at term 357 for DISCOVERED_A_NEW_TERM
2019-10-17 21:16:14,534 [d2424f4d-20d2-4104-abcc-02e6288f3ffc@group-62509A8A5C15-LeaderElection324] INFO  impl.RoleInfo (RoleInfo.java:shutdownLeaderElection(134)) - d2424f4d-20d2-4104-abcc-02e6288f3ffc: shutdown LeaderElection
2019-10-17 21:16:14,534 [d2424f4d-20d2-4104-abcc-02e6288f3ffc@group-62509A8A5C15-LeaderElection324] INFO  impl.RoleInfo (RoleInfo.java:updateAndGet(143)) - d2424f4d-20d2-4104-abcc-02e6288f3ffc: start FollowerState
2019-10-17 21:16:14,621 [Thread-2406] INFO  impl.FollowerState (FollowerState.java:run(108)) - d2424f4d-20d2-4104-abcc-02e6288f3ffc@group-62509A8A5C15-FollowerState: change to CANDIDATE, lastRpcTime:87ms, electionTimeout:87ms
2019-10-17 21:16:14,621 [Thread-2406] INFO  impl.RoleInfo (RoleInfo.java:shutdownFollowerState(121)) - d2424f4d-20d2-4104-abcc-02e6288f3ffc: shutdown FollowerState
2019-10-17 21:16:14,621 [Thread-2406] INFO  impl.RaftServerImpl (RaftServerImpl.java:setRole(184)) - d2424f4d-20d2-4104-abcc-02e6288f3ffc@group-62509A8A5C15: changes role from  FOLLOWER to CANDIDATE at term 357 for changeToCandidate
2019-10-17 21:16:14,621 [Thread-2406] INFO  impl.RoleInfo (RoleInfo.java:updateAndGet(143)) - d2424f4d-20d2-4104-abcc-02e6288f3ffc: start LeaderElection
2019-10-17 21:16:14,635 [d2424f4d-20d2-4104-abcc-02e6288f3ffc@group-62509A8A5C15-LeaderElection325] INFO  impl.LeaderElection (LeaderElection.java:askForVotes(178)) - d2424f4d-20d2-4104-abcc-02e6288f3ffc@group-62509A8A5C15-LeaderElection325: begin an election at term 358 for -1: [3909bd6a-278d-4911-9d70-32680c972d02:192.168.157.223:33343, d2424f4d-20d2-4104-abcc-02e6288f3ffc:192.168.157.223:39352, 7c510082-4284-44ef-8cd9-bb38fb15579f:192.168.157.223:33098], old=null
2019-10-17 21:16:14,637 [grpc-default-executor-2] INFO  impl.RaftServerImpl (RaftServerImpl.java:setRole(184)) - 3909bd6a-278d-4911-9d70-32680c972d02@group-62509A8A5C15: changes role from  FOLLOWER to FOLLOWER at term 358 for recognizeCandidate:d2424f4d-20d2-4104-abcc-02e6288f3ffc
2019-10-17 21:16:14,637 [grpc-default-executor-4] INFO  impl.RaftServerImpl (RaftServerImpl.java:setRole(184)) - 7c510082-4284-44ef-8cd9-bb38fb15579f@group-62509A8A5C15: changes role from  FOLLOWER to FOLLOWER at term 358 for recognizeCandidate:d2424f4d-20d2-4104-abcc-02e6288f3ffc
2019-10-17 21:16:14,637 [grpc-default-executor-2] INFO  impl.RoleInfo (RoleInfo.java:shutdownFollowerState(121)) - 3909bd6a-278d-4911-9d70-32680c972d02: shutdown FollowerState
2019-10-17 21:16:14,637 [grpc-default-executor-4] INFO  impl.RoleInfo (RoleInfo.java:shutdownFollowerState(121)) - 7c510082-4284-44ef-8cd9-bb38fb15579f: shutdown FollowerState
2019-10-17 21:16:14,637 [Thread-2404] INFO  impl.FollowerState (FollowerState.java:run(117)) - 3909bd6a-278d-4911-9d70-32680c972d02@group-62509A8A5C15-FollowerState was interrupted: java.lang.InterruptedException: sleep interrupted
2019-10-17 21:16:14,637 [grpc-default-executor-2] INFO  impl.RoleInfo (RoleInfo.java:updateAndGet(143)) - 3909bd6a-278d-4911-9d70-32680c972d02: start FollowerState
2019-10-17 21:16:14,637 [Thread-2405] INFO  impl.FollowerState (FollowerState.java:run(117)) - 7c510082-4284-44ef-8cd9-bb38fb15579f@group-62509A8A5C15-FollowerState was interrupted: java.lang.InterruptedException: sleep interrupted
2019-10-17 21:16:14,637 [grpc-default-executor-4] INFO  impl.RoleInfo (RoleInfo.java:updateAndGet(143)) - 7c510082-4284-44ef-8cd9-bb38fb15579f: start FollowerState
2019-10-17 21:16:14,663 [d2424f4d-20d2-4104-abcc-02e6288f3ffc@group-62509A8A5C15-LeaderElection325] INFO  impl.LeaderElection (LeaderElection.java:logAndReturn(56)) - d2424f4d-20d2-4104-abcc-02e6288f3ffc@group-62509A8A5C15-LeaderElection325: Election REJECTED; received 2 response(s) [d2424f4d-20d2-4104-abcc-02e6288f3ffc<-3909bd6a-278d-4911-9d70-32680c972d02#0:FAIL-t358, d2424f4d-20d2-4104-abcc-02e6288f3ffc<-7c510082-4284-44ef-8cd9-bb38fb15579f#0:FAIL-t358] and 0 exception(s); d2424f4d-20d2-4104-abcc-02e6288f3ffc@group-62509A8A5C15:t358, leader=null, voted=d2424f4d-20d2-4104-abcc-02e6288f3ffc, raftlog=d2424f4d-20d2-4104-abcc-02e6288f3ffc@group-62509A8A5C15-SegmentedRaftLog:OPENED:c-1,f-1,i0, conf=-1: [3909bd6a-278d-4911-9d70-32680c972d02:192.168.157.223:33343, d2424f4d-20d2-4104-abcc-02e6288f3ffc:192.168.157.223:39352, 7c510082-4284-44ef-8cd9-bb38fb15579f:192.168.157.223:33098], old=null
2019-10-17 21:16:14,664 [d2424f4d-20d2-4104-abcc-02e6288f3ffc@group-62509A8A5C15-LeaderElection325] INFO  impl.RaftServerImpl (RaftServerImpl.java:setRole(184)) - d2424f4d-20d2-4104-abcc-02e6288f3ffc@group-62509A8A5C15: changes role from CANDIDATE to FOLLOWER at term 358 for DISCOVERED_A_NEW_TERM
2019-10-17 21:16:14,664 [d2424f4d-20d2-4104-abcc-02e6288f3ffc@group-62509A8A5C15-LeaderElection325] INFO  impl.RoleInfo (RoleInfo.java:shutdownLeaderElection(134)) - d2424f4d-20d2-4104-abcc-02e6288f3ffc: shutdown LeaderElection
2019-10-17 21:16:14,664 [d2424f4d-20d2-4104-abcc-02e6288f3ffc@group-62509A8A5C15-LeaderElection325] INFO  impl.RoleInfo (RoleInfo.java:updateAndGet(143)) - d2424f4d-20d2-4104-abcc-02e6288f3ffc: start FollowerState
2019-10-17 21:16:14,745 [Thread-2412] INFO  impl.FollowerState (FollowerState.java:run(108)) - d2424f4d-20d2-4104-abcc-02e6288f3ffc@group-62509A8A5C15-FollowerState: change to CANDIDATE, lastRpcTime:81ms, electionTimeout:81ms
2019-10-17 21:16:14,745 [Thread-2412] INFO  impl.RoleInfo (RoleInfo.java:shutdownFollowerState(121)) - d2424f4d-20d2-4104-abcc-02e6288f3ffc: shutdown FollowerState
2019-10-17 21:16:14,745 [Thread-2412] INFO  impl.RaftServerImpl (RaftServerImpl.java:setRole(184)) - d2424f4d-20d2-4104-abcc-02e6288f3ffc@group-62509A8A5C15: changes role from  FOLLOWER to CANDIDATE at term 358 for changeToCandidate
2019-10-17 21:16:14,746 [Thread-2412] INFO  impl.RoleInfo (RoleInfo.java:updateAndGet(143)) - d2424f4d-20d2-4104-abcc-02e6288f3ffc: start LeaderElection
2019-10-17 21:16:14,759 [d2424f4d-20d2-4104-abcc-02e6288f3ffc@group-62509A8A5C15-LeaderElection326] INFO  impl.LeaderElection (LeaderElection.java:askForVotes(178)) - d2424f4d-20d2-4104-abcc-02e6288f3ffc@group-62509A8A5C15-LeaderElection326: begin an election at term 359 for -1: [3909bd6a-278d-4911-9d70-32680c972d02:192.168.157.223:33343, d2424f4d-20d2-4104-abcc-02e6288f3ffc:192.168.157.223:39352, 7c510082-4284-44ef-8cd9-bb38fb15579f:192.168.157.223:33098], old=null
2019-10-17 21:16:14,760 [grpc-default-executor-2] INFO  impl.RaftServerImpl (RaftServerImpl.java:setRole(184)) - 3909bd6a-278d-4911-9d70-32680c972d02@group-62509A8A5C15: changes role from  FOLLOWER to FOLLOWER at term 359 for recognizeCandidate:d2424f4d-20d2-4104-abcc-02e6288f3ffc
2019-10-17 21:16:14,760 [grpc-default-executor-2] INFO  impl.RoleInfo (RoleInfo.java:shutdownFollowerState(121)) - 3909bd6a-278d-4911-9d70-32680c972d02: shutdown FollowerState
2019-10-17 21:16:14,760 [grpc-default-executor-4] INFO  impl.RaftServerImpl (RaftServerImpl.java:setRole(184)) - 7c510082-4284-44ef-8cd9-bb38fb15579f@group-62509A8A5C15: changes role from  FOLLOWER to FOLLOWER at term 359 for recognizeCandidate:d2424f4d-20d2-4104-abcc-02e6288f3ffc
2019-10-17 21:16:14,761 [Thread-2410] INFO  impl.FollowerState (FollowerState.java:run(117)) - 3909bd6a-278d-4911-9d70-32680c972d02@group-62509A8A5C15-FollowerState was interrupted: java.lang.InterruptedException: sleep interrupted
2019-10-17 21:16:14,761 [grpc-default-executor-2] INFO  impl.RoleInfo (RoleInfo.java:updateAndGet(143)) - 3909bd6a-278d-4911-9d70-32680c972d02: start FollowerState
2019-10-17 21:16:14,761 [grpc-default-executor-4] INFO  impl.RoleInfo (RoleInfo.java:shutdownFollowerState(121)) - 7c510082-4284-44ef-8cd9-bb38fb15579f: shutdown FollowerState
2019-10-17 21:16:14,761 [grpc-default-executor-4] INFO  impl.RoleInfo (RoleInfo.java:updateAndGet(143)) - 7c510082-4284-44ef-8cd9-bb38fb15579f: start FollowerState
2019-10-17 21:16:14,761 [Thread-2411] INFO  impl.FollowerState (FollowerState.java:run(117)) - 7c510082-4284-44ef-8cd9-bb38fb15579f@group-62509A8A5C15-FollowerState was interrupted: java.lang.InterruptedException: sleep interrupted
2019-10-17 21:16:14,775 [d2424f4d-20d2-4104-abcc-02e6288f3ffc@group-62509A8A5C15-LeaderElection326] INFO  impl.LeaderElection (LeaderElection.java:logAndReturn(56)) - d2424f4d-20d2-4104-abcc-02e6288f3ffc@group-62509A8A5C15-LeaderElection326: Election REJECTED; received 2 response(s) [d2424f4d-20d2-4104-abcc-02e6288f3ffc<-3909bd6a-278d-4911-9d70-32680c972d02#0:FAIL-t359, d2424f4d-20d2-4104-abcc-02e6288f3ffc<-7c510082-4284-44ef-8cd9-bb38fb15579f#0:FAIL-t359] and 0 exception(s); d2424f4d-20d2-4104-abcc-02e6288f3ffc@group-62509A8A5C15:t359, leader=null, voted=d2424f4d-20d2-4104-abcc-02e6288f3ffc, raftlog=d2424f4d-20d2-4104-abcc-02e6288f3ffc@group-62509A8A5C15-SegmentedRaftLog:OPENED:c-1,f-1,i0, conf=-1: [3909bd6a-278d-4911-9d70-32680c972d02:192.168.157.223:33343, d2424f4d-20d2-4104-abcc-02e6288f3ffc:192.168.157.223:39352, 7c510082-4284-44ef-8cd9-bb38fb15579f:192.168.157.223:33098], old=null
2019-10-17 21:16:14,775 [d2424f4d-20d2-4104-abcc-02e6288f3ffc@group-62509A8A5C15-LeaderElection326] INFO  impl.RaftServerImpl (RaftServerImpl.java:setRole(184)) - d2424f4d-20d2-4104-abcc-02e6288f3ffc@group-62509A8A5C15: changes role from CANDIDATE to FOLLOWER at term 359 for DISCOVERED_A_NEW_TERM
2019-10-17 21:16:14,775 [d2424f4d-20d2-4104-abcc-02e6288f3ffc@group-62509A8A5C15-LeaderElection326] INFO  impl.RoleInfo (RoleInfo.java:shutdownLeaderElection(134)) - d2424f4d-20d2-4104-abcc-02e6288f3ffc: shutdown LeaderElection
2019-10-17 21:16:14,775 [d2424f4d-20d2-4104-abcc-02e6288f3ffc@group-62509A8A5C15-LeaderElection326] INFO  impl.RoleInfo (RoleInfo.java:updateAndGet(143)) - d2424f4d-20d2-4104-abcc-02e6288f3ffc: start FollowerState
2019-10-17 21:16:14,932 [Thread-2418] INFO  impl.FollowerState (FollowerState.java:run(108)) - d2424f4d-20d2-4104-abcc-02e6288f3ffc@group-62509A8A5C15-FollowerState: change to CANDIDATE, lastRpcTime:156ms, electionTimeout:156ms
2019-10-17 21:16:14,932 [Thread-2418] INFO  impl.RoleInfo (RoleInfo.java:shutdownFollowerState(121)) - d2424f4d-20d2-4104-abcc-02e6288f3ffc: shutdown FollowerState
2019-10-17 21:16:14,932 [Thread-2418] INFO  impl.RaftServerImpl (RaftServerImpl.java:setRole(184)) - d2424f4d-20d2-4104-abcc-02e6288f3ffc@group-62509A8A5C15: changes role from  FOLLOWER to CANDIDATE at term 359 for changeToCandidate
2019-10-17 21:16:14,932 [Thread-2418] INFO  impl.RoleInfo (RoleInfo.java:updateAndGet(143)) - d2424f4d-20d2-4104-abcc-02e6288f3ffc: start LeaderElection
2019-10-17 21:16:14,946 [d2424f4d-20d2-4104-abcc-02e6288f3ffc@group-62509A8A5C15-LeaderElection327] INFO  impl.LeaderElection (LeaderElection.java:askForVotes(178)) - d2424f4d-20d2-4104-abcc-02e6288f3ffc@group-62509A8A5C15-LeaderElection327: begin an election at term 360 for -1: [3909bd6a-278d-4911-9d70-32680c972d02:192.168.157.223:33343, d2424f4d-20d2-4104-abcc-02e6288f3ffc:192.168.157.223:39352, 7c510082-4284-44ef-8cd9-bb38fb15579f:192.168.157.223:33098], old=null
2019-10-17 21:16:14,947 [grpc-default-executor-2] INFO  impl.RaftServerImpl (RaftServerImpl.java:setRole(184)) - 3909bd6a-278d-4911-9d70-32680c972d02@group-62509A8A5C15: changes role from  FOLLOWER to FOLLOWER at term 360 for recognizeCandidate:d2424f4d-20d2-4104-abcc-02e6288f3ffc
2019-10-17 21:16:14,948 [grpc-default-executor-2] INFO  impl.RoleInfo (RoleInfo.java:shutdownFollowerState(121)) - 3909bd6a-278d-4911-9d70-32680c972d02: shutdown FollowerState
2019-10-17 21:16:14,948 [grpc-default-executor-4] INFO  impl.RaftServerImpl (RaftServerImpl.java:setRole(184)) - 7c510082-4284-44ef-8cd9-bb38fb15579f@group-62509A8A5C15: changes role from  FOLLOWER to FOLLOWER at term 360 for recognizeCandidate:d2424f4d-20d2-4104-abcc-02e6288f3ffc
2019-10-17 21:16:14,948 [Thread-2416] INFO  impl.FollowerState (FollowerState.java:run(117)) - 3909bd6a-278d-4911-9d70-32680c972d02@group-62509A8A5C15-FollowerState was interrupted: java.lang.InterruptedException: sleep interrupted
2019-10-17 21:16:14,948 [grpc-default-executor-2] INFO  impl.RoleInfo (RoleInfo.java:updateAndGet(143)) - 3909bd6a-278d-4911-9d70-32680c972d02: start FollowerState
2019-10-17 21:16:14,948 [grpc-default-executor-4] INFO  impl.RoleInfo (RoleInfo.java:shutdownFollowerState(121)) - 7c510082-4284-44ef-8cd9-bb38fb15579f: shutdown FollowerState
2019-10-17 21:16:14,948 [grpc-default-executor-4] INFO  impl.RoleInfo (RoleInfo.java:updateAndGet(143)) - 7c510082-4284-44ef-8cd9-bb38fb15579f: start FollowerState
2019-10-17 21:16:14,948 [Thread-2417] INFO  impl.FollowerState (FollowerState.java:run(117)) - 7c510082-4284-44ef-8cd9-bb38fb15579f@group-62509A8A5C15-FollowerState was interrupted: java.lang.InterruptedException: sleep interrupted
2019-10-17 21:16:14,976 [d2424f4d-20d2-4104-abcc-02e6288f3ffc@group-62509A8A5C15-LeaderElection327] INFO  impl.LeaderElection (LeaderElection.java:logAndReturn(56)) - d2424f4d-20d2-4104-abcc-02e6288f3ffc@group-62509A8A5C15-LeaderElection327: Election REJECTED; received 2 response(s) [d2424f4d-20d2-4104-abcc-02e6288f3ffc<-3909bd6a-278d-4911-9d70-32680c972d02#0:FAIL-t360, d2424f4d-20d2-4104-abcc-02e6288f3ffc<-7c510082-4284-44ef-8cd9-bb38fb15579f#0:FAIL-t360] and 0 exception(s); d2424f4d-20d2-4104-abcc-02e6288f3ffc@group-62509A8A5C15:t360, leader=null, voted=d2424f4d-20d2-4104-abcc-02e6288f3ffc, raftlog=d2424f4d-20d2-4104-abcc-02e6288f3ffc@group-62509A8A5C15-SegmentedRaftLog:OPENED:c-1,f-1,i0, conf=-1: [3909bd6a-278d-4911-9d70-32680c972d02:192.168.157.223:33343, d2424f4d-20d2-4104-abcc-02e6288f3ffc:192.168.157.223:39352, 7c510082-4284-44ef-8cd9-bb38fb15579f:192.168.157.223:33098], old=null
2019-10-17 21:16:14,976 [d2424f4d-20d2-4104-abcc-02e6288f3ffc@group-62509A8A5C15-LeaderElection327] INFO  impl.RaftServerImpl (RaftServerImpl.java:setRole(184)) - d2424f4d-20d2-4104-abcc-02e6288f3ffc@group-62509A8A5C15: changes role from CANDIDATE to FOLLOWER at term 360 for DISCOVERED_A_NEW_TERM
2019-10-17 21:16:14,976 [d2424f4d-20d2-4104-abcc-02e6288f3ffc@group-62509A8A5C15-LeaderElection327] INFO  impl.RoleInfo (RoleInfo.java:shutdownLeaderElection(134)) - d2424f4d-20d2-4104-abcc-02e6288f3ffc: shutdown LeaderElection
2019-10-17 21:16:14,976 [d2424f4d-20d2-4104-abcc-02e6288f3ffc@group-62509A8A5C15-LeaderElection327] INFO  impl.RoleInfo (RoleInfo.java:updateAndGet(143)) - d2424f4d-20d2-4104-abcc-02e6288f3ffc: start FollowerState
2019-10-17 21:16:15,115 [Thread-2424] INFO  impl.FollowerState (FollowerState.java:run(108)) - d2424f4d-20d2-4104-abcc-02e6288f3ffc@group-62509A8A5C15-FollowerState: change to CANDIDATE, lastRpcTime:138ms, electionTimeout:138ms
2019-10-17 21:16:15,115 [Thread-2424] INFO  impl.RoleInfo (RoleInfo.java:shutdownFollowerState(121)) - d2424f4d-20d2-4104-abcc-02e6288f3ffc: shutdown FollowerState
2019-10-17 21:16:15,115 [Thread-2424] INFO  impl.RaftServerImpl (RaftServerImpl.java:setRole(184)) - d2424f4d-20d2-4104-abcc-02e6288f3ffc@group-62509A8A5C15: changes role from  FOLLOWER to CANDIDATE at term 360 for changeToCandidate
2019-10-17 21:16:15,116 [Thread-2424] INFO  impl.RoleInfo (RoleInfo.java:updateAndGet(143)) - d2424f4d-20d2-4104-abcc-02e6288f3ffc: start LeaderElection
2019-10-17 21:16:15,129 [d2424f4d-20d2-4104-abcc-02e6288f3ffc@group-62509A8A5C15-LeaderElection328] INFO  impl.LeaderElection (LeaderElection.java:askForVotes(178)) - d2424f4d-20d2-4104-abcc-02e6288f3ffc@group-62509A8A5C15-LeaderElection328: begin an election at term 361 for -1: [3909bd6a-278d-4911-9d70-32680c972d02:192.168.157.223:33343, d2424f4d-20d2-4104-abcc-02e6288f3ffc:192.168.157.223:39352, 7c510082-4284-44ef-8cd9-bb38fb15579f:192.168.157.223:33098], old=null
2019-10-17 21:16:15,132 [grpc-default-executor-4] INFO  impl.RaftServerImpl (RaftServerImpl.java:setRole(184)) - 7c510082-4284-44ef-8cd9-bb38fb15579f@group-62509A8A5C15: changes role from  FOLLOWER to FOLLOWER at term 361 for recognizeCandidate:d2424f4d-20d2-4104-abcc-02e6288f3ffc
2019-10-17 21:16:15,132 [grpc-default-executor-4] INFO  impl.RoleInfo (RoleInfo.java:shutdownFollowerState(121)) - 7c510082-4284-44ef-8cd9-bb38fb15579f: shutdown FollowerState
2019-10-17 21:16:15,132 [grpc-default-executor-2] INFO  impl.RaftServerImpl (RaftServerImpl.java:setRole(184)) - 3909bd6a-278d-4911-9d70-32680c972d02@group-62509A8A5C15: changes role from  FOLLOWER to FOLLOWER at term 361 for recognizeCandidate:d2424f4d-20d2-4104-abcc-02e6288f3ffc
2019-10-17 21:16:15,132 [Thread-2423] INFO  impl.FollowerState (FollowerState.java:run(117)) - 7c510082-4284-44ef-8cd9-bb38fb15579f@group-62509A8A5C15-FollowerState was interrupted: java.lang.InterruptedException: sleep interrupted
2019-10-17 21:16:15,132 [grpc-default-executor-4] INFO  impl.RoleInfo (RoleInfo.java:updateAndGet(143)) - 7c510082-4284-44ef-8cd9-bb38fb15579f: start FollowerState
2019-10-17 21:16:15,132 [grpc-default-executor-2] INFO  impl.RoleInfo (RoleInfo.java:shutdownFollowerState(121)) - 3909bd6a-278d-4911-9d70-32680c972d02: shutdown FollowerState
2019-10-17 21:16:15,133 [grpc-default-executor-2] INFO  impl.RoleInfo (RoleInfo.java:updateAndGet(143)) - 3909bd6a-278d-4911-9d70-32680c972d02: start FollowerState
2019-10-17 21:16:15,133 [Thread-2422] INFO  impl.FollowerState (FollowerState.java:run(117)) - 3909bd6a-278d-4911-9d70-32680c972d02@group-62509A8A5C15-FollowerState was interrupted: java.lang.InterruptedException: sleep interrupted
2019-10-17 21:16:15,159 [d2424f4d-20d2-4104-abcc-02e6288f3ffc@group-62509A8A5C15-LeaderElection328] INFO  impl.LeaderElection (LeaderElection.java:logAndReturn(56)) - d2424f4d-20d2-4104-abcc-02e6288f3ffc@group-62509A8A5C15-LeaderElection328: Election REJECTED; received 2 response(s) [d2424f4d-20d2-4104-abcc-02e6288f3ffc<-3909bd6a-278d-4911-9d70-32680c972d02#0:FAIL-t361, d2424f4d-20d2-4104-abcc-02e6288f3ffc<-7c510082-4284-44ef-8cd9-bb38fb15579f#0:FAIL-t361] and 0 exception(s); d2424f4d-20d2-4104-abcc-02e6288f3ffc@group-62509A8A5C15:t361, leader=null, voted=d2424f4d-20d2-4104-abcc-02e6288f3ffc, raftlog=d2424f4d-20d2-4104-abcc-02e6288f3ffc@group-62509A8A5C15-SegmentedRaftLog:OPENED:c-1,f-1,i0, conf=-1: [3909bd6a-278d-4911-9d70-32680c972d02:192.168.157.223:33343, d2424f4d-20d2-4104-abcc-02e6288f3ffc:192.168.157.223:39352, 7c510082-4284-44ef-8cd9-bb38fb15579f:192.168.157.223:33098], old=null
2019-10-17 21:16:15,160 [d2424f4d-20d2-4104-abcc-02e6288f3ffc@group-62509A8A5C15-LeaderElection328] INFO  impl.RaftServerImpl (RaftServerImpl.java:setRole(184)) - d2424f4d-20d2-4104-abcc-02e6288f3ffc@group-62509A8A5C15: changes role from CANDIDATE to FOLLOWER at term 361 for DISCOVERED_A_NEW_TERM
2019-10-17 21:16:15,160 [d2424f4d-20d2-4104-abcc-02e6288f3ffc@group-62509A8A5C15-LeaderElection328] INFO  impl.RoleInfo (RoleInfo.java:shutdownLeaderElection(134)) - d2424f4d-20d2-4104-abcc-02e6288f3ffc: shutdown LeaderElection
2019-10-17 21:16:15,160 [d2424f4d-20d2-4104-abcc-02e6288f3ffc@group-62509A8A5C15-LeaderElection328] INFO  impl.RoleInfo (RoleInfo.java:updateAndGet(143)) - d2424f4d-20d2-4104-abcc-02e6288f3ffc: start FollowerState
2019-10-17 21:16:15,296 [Thread-2430] INFO  impl.FollowerState (FollowerState.java:run(108)) - d2424f4d-20d2-4104-abcc-02e6288f3ffc@group-62509A8A5C15-FollowerState: change to CANDIDATE, lastRpcTime:136ms, electionTimeout:136ms
2019-10-17 21:16:15,296 [Thread-2430] INFO  impl.RoleInfo (RoleInfo.java:shutdownFollowerState(121)) - d2424f4d-20d2-4104-abcc-02e6288f3ffc: shutdown FollowerState
2019-10-17 21:16:15,297 [Thread-2430] INFO  impl.RaftServerImpl (RaftServerImpl.java:setRole(184)) - d2424f4d-20d2-4104-abcc-02e6288f3ffc@group-62509A8A5C15: changes role from  FOLLOWER to CANDIDATE at term 361 for changeToCandidate
2019-10-17 21:16:15,297 [Thread-2430] INFO  impl.RoleInfo (RoleInfo.java:updateAndGet(143)) - d2424f4d-20d2-4104-abcc-02e6288f3ffc: start LeaderElection
2019-10-17 21:16:15,313 [d2424f4d-20d2-4104-abcc-02e6288f3ffc@group-62509A8A5C15-LeaderElection329] INFO  impl.LeaderElection (LeaderElection.java:askForVotes(178)) - d2424f4d-20d2-4104-abcc-02e6288f3ffc@group-62509A8A5C15-LeaderElection329: begin an election at term 362 for -1: [3909bd6a-278d-4911-9d70-32680c972d02:192.168.157.223:33343, d2424f4d-20d2-4104-abcc-02e6288f3ffc:192.168.157.223:39352, 7c510082-4284-44ef-8cd9-bb38fb15579f:192.168.157.223:33098], old=null
2019-10-17 21:16:15,314 [grpc-default-executor-2] INFO  impl.RaftServerImpl (RaftServerImpl.java:setRole(184)) - 3909bd6a-278d-4911-9d70-32680c972d02@group-62509A8A5C15: changes role from  FOLLOWER to FOLLOWER at term 362 for recognizeCandidate:d2424f4d-20d2-4104-abcc-02e6288f3ffc
2019-10-17 21:16:15,314 [grpc-default-executor-2] INFO  impl.RoleInfo (RoleInfo.java:shutdownFollowerState(121)) - 3909bd6a-278d-4911-9d70-32680c972d02: shutdown FollowerState
2019-10-17 21:16:15,314 [grpc-default-executor-4] INFO  impl.RaftServerImpl (RaftServerImpl.java:setRole(184)) - 7c510082-4284-44ef-8cd9-bb38fb15579f@group-62509A8A5C15: changes role from  FOLLOWER to FOLLOWER at term 362 for recognizeCandidate:d2424f4d-20d2-4104-abcc-02e6288f3ffc
2019-10-17 21:16:15,315 [Thread-2429] INFO  impl.FollowerState (FollowerState.java:run(117)) - 3909bd6a-278d-4911-9d70-32680c972d02@group-62509A8A5C15-FollowerState was interrupted: java.lang.InterruptedException: sleep interrupted
2019-10-17 21:16:15,315 [grpc-default-executor-4] INFO  impl.RoleInfo (RoleInfo.java:shutdownFollowerState(121)) - 7c510082-4284-44ef-8cd9-bb38fb15579f: shutdown FollowerState
2019-10-17 21:16:15,314 [grpc-default-executor-2] INFO  impl.RoleInfo (RoleInfo.java:updateAndGet(143)) - 3909bd6a-278d-4911-9d70-32680c972d02: start FollowerState
2019-10-17 21:16:15,315 [Thread-2428] INFO  impl.FollowerState (FollowerState.java:run(117)) - 7c510082-4284-44ef-8cd9-bb38fb15579f@group-62509A8A5C15-FollowerState was interrupted: java.lang.InterruptedException: sleep interrupted
2019-10-17 21:16:15,315 [grpc-default-executor-4] INFO  impl.RoleInfo (RoleInfo.java:updateAndGet(143)) - 7c510082-4284-44ef-8cd9-bb38fb15579f: start FollowerState
2019-10-17 21:16:15,329 [d2424f4d-20d2-4104-abcc-02e6288f3ffc@group-62509A8A5C15-LeaderElection329] INFO  impl.LeaderElection (LeaderElection.java:logAndReturn(56)) - d2424f4d-20d2-4104-abcc-02e6288f3ffc@group-62509A8A5C15-LeaderElection329: Election REJECTED; received 2 response(s) [d2424f4d-20d2-4104-abcc-02e6288f3ffc<-3909bd6a-278d-4911-9d70-32680c972d02#0:FAIL-t362, d2424f4d-20d2-4104-abcc-02e6288f3ffc<-7c510082-4284-44ef-8cd9-bb38fb15579f#0:FAIL-t362] and 0 exception(s); d2424f4d-20d2-4104-abcc-02e6288f3ffc@group-62509A8A5C15:t362, leader=null, voted=d2424f4d-20d2-4104-abcc-02e6288f3ffc, raftlog=d2424f4d-20d2-4104-abcc-02e6288f3ffc@group-62509A8A5C15-SegmentedRaftLog:OPENED:c-1,f-1,i0, conf=-1: [3909bd6a-278d-4911-9d70-32680c972d02:192.168.157.223:33343, d2424f4d-20d2-4104-abcc-02e6288f3ffc:192.168.157.223:39352, 7c510082-4284-44ef-8cd9-bb38fb15579f:192.168.157.223:33098], old=null
2019-10-17 21:16:15,329 [d2424f4d-20d2-4104-abcc-02e6288f3ffc@group-62509A8A5C15-LeaderElection329] INFO  impl.RaftServerImpl (RaftServerImpl.java:setRole(184)) - d2424f4d-20d2-4104-abcc-02e6288f3ffc@group-62509A8A5C15: changes role from CANDIDATE to FOLLOWER at term 362 for DISCOVERED_A_NEW_TERM
2019-10-17 21:16:15,329 [d2424f4d-20d2-4104-abcc-02e6288f3ffc@group-62509A8A5C15-LeaderElection329] INFO  impl.RoleInfo (RoleInfo.java:shutdownLeaderElection(134)) - d2424f4d-20d2-4104-abcc-02e6288f3ffc: shutdown LeaderElection
2019-10-17 21:16:15,329 [d2424f4d-20d2-4104-abcc-02e6288f3ffc@group-62509A8A5C15-LeaderElection329] INFO  impl.RoleInfo (RoleInfo.java:updateAndGet(143)) - d2424f4d-20d2-4104-abcc-02e6288f3ffc: start FollowerState
2019-10-17 21:16:15,339 [Thread-2438] INFO  impl.FollowerState (FollowerState.java:run(108)) - d2424f4d-20d2-4104-abcc-02e6288f3ffc@group-62509A8A5C15-FollowerState: change to CANDIDATE, lastRpcTime:9ms, electionTimeout:9ms
2019-10-17 21:16:15,339 [Thread-2438] INFO  impl.RoleInfo (RoleInfo.java:shutdownFollowerState(121)) - d2424f4d-20d2-4104-abcc-02e6288f3ffc: shutdown FollowerState
2019-10-17 21:16:15,339 [Thread-2438] INFO  impl.RaftServerImpl (RaftServerImpl.java:setRole(184)) - d2424f4d-20d2-4104-abcc-02e6288f3ffc@group-62509A8A5C15: changes role from  FOLLOWER to CANDIDATE at term 362 for changeToCandidate
2019-10-17 21:16:15,339 [Thread-2438] INFO  impl.RoleInfo (RoleInfo.java:updateAndGet(143)) - d2424f4d-20d2-4104-abcc-02e6288f3ffc: start LeaderElection
2019-10-17 21:16:15,352 [d2424f4d-20d2-4104-abcc-02e6288f3ffc@group-62509A8A5C15-LeaderElection330] INFO  impl.LeaderElection (LeaderElection.java:askForVotes(178)) - d2424f4d-20d2-4104-abcc-02e6288f3ffc@group-62509A8A5C15-LeaderElection330: begin an election at term 363 for -1: [3909bd6a-278d-4911-9d70-32680c972d02:192.168.157.223:33343, d2424f4d-20d2-4104-abcc-02e6288f3ffc:192.168.157.223:39352, 7c510082-4284-44ef-8cd9-bb38fb15579f:192.168.157.223:33098], old=null
2019-10-17 21:16:15,354 [grpc-default-executor-2] INFO  impl.RaftServerImpl (RaftServerImpl.java:setRole(184)) - 3909bd6a-278d-4911-9d70-32680c972d02@group-62509A8A5C15: changes role from  FOLLOWER to FOLLOWER at term 363 for recognizeCandidate:d2424f4d-20d2-4104-abcc-02e6288f3ffc
2019-10-17 21:16:15,354 [grpc-default-executor-2] INFO  impl.RoleInfo (RoleInfo.java:shutdownFollowerState(121)) - 3909bd6a-278d-4911-9d70-32680c972d02: shutdown FollowerState
2019-10-17 21:16:15,354 [grpc-default-executor-2] INFO  impl.RoleInfo (RoleInfo.java:updateAndGet(143)) - 3909bd6a-278d-4911-9d70-32680c972d02: start FollowerState
2019-10-17 21:16:15,354 [grpc-default-executor-4] INFO  impl.RaftServerImpl (RaftServerImpl.java:setRole(184)) - 7c510082-4284-44ef-8cd9-bb38fb15579f@group-62509A8A5C15: changes role from  FOLLOWER to FOLLOWER at term 363 for recognizeCandidate:d2424f4d-20d2-4104-abcc-02e6288f3ffc
2019-10-17 21:16:15,354 [grpc-default-executor-4] INFO  impl.RoleInfo (RoleInfo.java:shutdownFollowerState(121)) - 7c510082-4284-44ef-8cd9-bb38fb15579f: shutdown FollowerState
2019-10-17 21:16:15,354 [Thread-2436] INFO  impl.FollowerState (FollowerState.java:run(117)) - 3909bd6a-278d-4911-9d70-32680c972d02@group-62509A8A5C15-FollowerState was interrupted: java.lang.InterruptedException: sleep interrupted
2019-10-17 21:16:15,355 [Thread-2437] INFO  impl.FollowerState (FollowerState.java:run(117)) - 7c510082-4284-44ef-8cd9-bb38fb15579f@group-62509A8A5C15-FollowerState was interrupted: java.lang.InterruptedException: sleep interrupted
2019-10-17 21:16:15,355 [grpc-default-executor-4] INFO  impl.RoleInfo (RoleInfo.java:updateAndGet(143)) - 7c510082-4284-44ef-8cd9-bb38fb15579f: start FollowerState
2019-10-17 21:16:15,380 [d2424f4d-20d2-4104-abcc-02e6288f3ffc@group-62509A8A5C15-LeaderElection330] INFO  impl.LeaderElection (LeaderElection.java:logAndReturn(56)) - d2424f4d-20d2-4104-abcc-02e6288f3ffc@group-62509A8A5C15-LeaderElection330: Election REJECTED; received 2 response(s) [d2424f4d-20d2-4104-abcc-02e6288f3ffc<-3909bd6a-278d-4911-9d70-32680c972d02#0:FAIL-t363, d2424f4d-20d2-4104-abcc-02e6288f3ffc<-7c510082-4284-44ef-8cd9-bb38fb15579f#0:FAIL-t363] and 0 exception(s); d2424f4d-20d2-4104-abcc-02e6288f3ffc@group-62509A8A5C15:t363, leader=null, voted=d2424f4d-20d2-4104-abcc-02e6288f3ffc, raftlog=d2424f4d-20d2-4104-abcc-02e6288f3ffc@group-62509A8A5C15-SegmentedRaftLog:OPENED:c-1,f-1,i0, conf=-1: [3909bd6a-278d-4911-9d70-32680c972d02:192.168.157.223:33343, d2424f4d-20d2-4104-abcc-02e6288f3ffc:192.168.157.223:39352, 7c510082-4284-44ef-8cd9-bb38fb15579f:192.168.157.223:33098], old=null
2019-10-17 21:16:15,381 [d2424f4d-20d2-4104-abcc-02e6288f3ffc@group-62509A8A5C15-LeaderElection330] INFO  impl.RaftServerImpl (RaftServerImpl.java:setRole(184)) - d2424f4d-20d2-4104-abcc-02e6288f3ffc@group-62509A8A5C15: changes role from CANDIDATE to FOLLOWER at term 363 for DISCOVERED_A_NEW_TERM
2019-10-17 21:16:15,381 [d2424f4d-20d2-4104-abcc-02e6288f3ffc@group-62509A8A5C15-LeaderElection330] INFO  impl.RoleInfo (RoleInfo.java:shutdownLeaderElection(134)) - d2424f4d-20d2-4104-abcc-02e6288f3ffc: shutdown LeaderElection
2019-10-17 21:16:15,381 [d2424f4d-20d2-4104-abcc-02e6288f3ffc@group-62509A8A5C15-LeaderElection330] INFO  impl.RoleInfo (RoleInfo.java:updateAndGet(143)) - d2424f4d-20d2-4104-abcc-02e6288f3ffc: start FollowerState
2019-10-17 21:16:15,484 [Thread-2444] INFO  impl.FollowerState (FollowerState.java:run(108)) - d2424f4d-20d2-4104-abcc-02e6288f3ffc@group-62509A8A5C15-FollowerState: change to CANDIDATE, lastRpcTime:103ms, electionTimeout:103ms
2019-10-17 21:16:15,485 [Thread-2444] INFO  impl.RoleInfo (RoleInfo.java:shutdownFollowerState(121)) - d2424f4d-20d2-4104-abcc-02e6288f3ffc: shutdown FollowerState
2019-10-17 21:16:15,485 [Thread-2444] INFO  impl.RaftServerImpl (RaftServerImpl.java:setRole(184)) - d2424f4d-20d2-4104-abcc-02e6288f3ffc@group-62509A8A5C15: changes role from  FOLLOWER to CANDIDATE at term 363 for changeToCandidate
2019-10-17 21:16:15,485 [Thread-2444] INFO  impl.RoleInfo (RoleInfo.java:updateAndGet(143)) - d2424f4d-20d2-4104-abcc-02e6288f3ffc: start LeaderElection
2019-10-17 21:16:15,498 [d2424f4d-20d2-4104-abcc-02e6288f3ffc@group-62509A8A5C15-LeaderElection331] INFO  impl.LeaderElection (LeaderElection.java:askForVotes(178)) - d2424f4d-20d2-4104-abcc-02e6288f3ffc@group-62509A8A5C15-LeaderElection331: begin an election at term 364 for -1: [3909bd6a-278d-4911-9d70-32680c972d02:192.168.157.223:33343, d2424f4d-20d2-4104-abcc-02e6288f3ffc:192.168.157.223:39352, 7c510082-4284-44ef-8cd9-bb38fb15579f:192.168.157.223:33098], old=null
2019-10-17 21:16:15,500 [grpc-default-executor-4] INFO  impl.RaftServerImpl (RaftServerImpl.java:setRole(184)) - 7c510082-4284-44ef-8cd9-bb38fb15579f@group-62509A8A5C15: changes role from  FOLLOWER to FOLLOWER at term 364 for recognizeCandidate:d2424f4d-20d2-4104-abcc-02e6288f3ffc
2019-10-17 21:16:15,500 [grpc-default-executor-2] INFO  impl.RaftServerImpl (RaftServerImpl.java:setRole(184)) - 3909bd6a-278d-4911-9d70-32680c972d02@group-62509A8A5C15: changes role from  FOLLOWER to FOLLOWER at term 364 for recognizeCandidate:d2424f4d-20d2-4104-abcc-02e6288f3ffc
2019-10-17 21:16:15,500 [grpc-default-executor-4] INFO  impl.RoleInfo (RoleInfo.java:shutdownFollowerState(121)) - 7c510082-4284-44ef-8cd9-bb38fb15579f: shutdown FollowerState
2019-10-17 21:16:15,501 [grpc-default-executor-2] INFO  impl.RoleInfo (RoleInfo.java:shutdownFollowerState(121)) - 3909bd6a-278d-4911-9d70-32680c972d02: shutdown FollowerState
2019-10-17 21:16:15,501 [Thread-2443] INFO  impl.FollowerState (FollowerState.java:run(117)) - 7c510082-4284-44ef-8cd9-bb38fb15579f@group-62509A8A5C15-FollowerState was interrupted: java.lang.InterruptedException: sleep interrupted
2019-10-17 21:16:15,501 [grpc-default-executor-4] INFO  impl.RoleInfo (RoleInfo.java:updateAndGet(143)) - 7c510082-4284-44ef-8cd9-bb38fb15579f: start FollowerState
2019-10-17 21:16:15,501 [Thread-2442] INFO  impl.FollowerState (FollowerState.java:run(117)) - 3909bd6a-278d-4911-9d70-32680c972d02@group-62509A8A5C15-FollowerState was interrupted: java.lang.InterruptedException: sleep interrupted
2019-10-17 21:16:15,501 [grpc-default-executor-2] INFO  impl.RoleInfo (RoleInfo.java:updateAndGet(143)) - 3909bd6a-278d-4911-9d70-32680c972d02: start FollowerState
2019-10-17 21:16:15,527 [d2424f4d-20d2-4104-abcc-02e6288f3ffc@group-62509A8A5C15-LeaderElection331] INFO  impl.LeaderElection (LeaderElection.java:logAndReturn(56)) - d2424f4d-20d2-4104-abcc-02e6288f3ffc@group-62509A8A5C15-LeaderElection331: Election REJECTED; received 2 response(s) [d2424f4d-20d2-4104-abcc-02e6288f3ffc<-3909bd6a-278d-4911-9d70-32680c972d02#0:FAIL-t364, d2424f4d-20d2-4104-abcc-02e6288f3ffc<-7c510082-4284-44ef-8cd9-bb38fb15579f#0:FAIL-t364] and 0 exception(s); d2424f4d-20d2-4104-abcc-02e6288f3ffc@group-62509A8A5C15:t364, leader=null, voted=d2424f4d-20d2-4104-abcc-02e6288f3ffc, raftlog=d2424f4d-20d2-4104-abcc-02e6288f3ffc@group-62509A8A5C15-SegmentedRaftLog:OPENED:c-1,f-1,i0, conf=-1: [3909bd6a-278d-4911-9d70-32680c972d02:192.168.157.223:33343, d2424f4d-20d2-4104-abcc-02e6288f3ffc:192.168.157.223:39352, 7c510082-4284-44ef-8cd9-bb38fb15579f:192.168.157.223:33098], old=null
2019-10-17 21:16:15,527 [d2424f4d-20d2-4104-abcc-02e6288f3ffc@group-62509A8A5C15-LeaderElection331] INFO  impl.RaftServerImpl (RaftServerImpl.java:setRole(184)) - d2424f4d-20d2-4104-abcc-02e6288f3ffc@group-62509A8A5C15: changes role from CANDIDATE to FOLLOWER at term 364 for DISCOVERED_A_NEW_TERM
2019-10-17 21:16:15,527 [d2424f4d-20d2-4104-abcc-02e6288f3ffc@group-62509A8A5C15-LeaderElection331] INFO  impl.RoleInfo (RoleInfo.java:shutdownLeaderElection(134)) - d2424f4d-20d2-4104-abcc-02e6288f3ffc: shutdown LeaderElection
2019-10-17 21:16:15,527 [d2424f4d-20d2-4104-abcc-02e6288f3ffc@group-62509A8A5C15-LeaderElection331] INFO  impl.RoleInfo (RoleInfo.java:updateAndGet(143)) - d2424f4d-20d2-4104-abcc-02e6288f3ffc: start FollowerState
2019-10-17 21:16:15,642 [Thread-2450] INFO  impl.FollowerState (FollowerState.java:run(108)) - d2424f4d-20d2-4104-abcc-02e6288f3ffc@group-62509A8A5C15-FollowerState: change to CANDIDATE, lastRpcTime:114ms, electionTimeout:114ms
2019-10-17 21:16:15,642 [Thread-2450] INFO  impl.RoleInfo (RoleInfo.java:shutdownFollowerState(121)) - d2424f4d-20d2-4104-abcc-02e6288f3ffc: shutdown FollowerState
2019-10-17 21:16:15,642 [Thread-2450] INFO  impl.RaftServerImpl (RaftServerImpl.java:setRole(184)) - d2424f4d-20d2-4104-abcc-02e6288f3ffc@group-62509A8A5C15: changes role from  FOLLOWER to CANDIDATE at term 364 for changeToCandidate
2019-10-17 21:16:15,642 [Thread-2450] INFO  impl.RoleInfo (RoleInfo.java:updateAndGet(143)) - d2424f4d-20d2-4104-abcc-02e6288f3ffc: start LeaderElection
2019-10-17 21:16:15,669 [d2424f4d-20d2-4104-abcc-02e6288f3ffc@group-62509A8A5C15-LeaderElection332] INFO  impl.LeaderElection (LeaderElection.java:askForVotes(178)) - d2424f4d-20d2-4104-abcc-02e6288f3ffc@group-62509A8A5C15-LeaderElection332: begin an election at term 365 for -1: [3909bd6a-278d-4911-9d70-32680c972d02:192.168.157.223:33343, d2424f4d-20d2-4104-abcc-02e6288f3ffc:192.168.157.223:39352, 7c510082-4284-44ef-8cd9-bb38fb15579f:192.168.157.223:33098], old=null
2019-10-17 21:16:15,670 [grpc-default-executor-4] INFO  impl.RaftServerImpl (RaftServerImpl.java:setRole(184)) - 3909bd6a-278d-4911-9d70-32680c972d02@group-62509A8A5C15: changes role from  FOLLOWER to FOLLOWER at term 365 for recognizeCandidate:d2424f4d-20d2-4104-abcc-02e6288f3ffc
2019-10-17 21:16:15,670 [grpc-default-executor-4] INFO  impl.RoleInfo (RoleInfo.java:shutdownFollowerState(121)) - 3909bd6a-278d-4911-9d70-32680c972d02: shutdown FollowerState
2019-10-17 21:16:15,671 [grpc-default-executor-2] INFO  impl.RaftServerImpl (RaftServerImpl.java:setRole(184)) - 7c510082-4284-44ef-8cd9-bb38fb15579f@group-62509A8A5C15: changes role from  FOLLOWER to FOLLOWER at term 365 for recognizeCandidate:d2424f4d-20d2-4104-abcc-02e6288f3ffc
2019-10-17 21:16:15,671 [grpc-default-executor-2] INFO  impl.RoleInfo (RoleInfo.java:shutdownFollowerState(121)) - 7c510082-4284-44ef-8cd9-bb38fb15579f: shutdown FollowerState
2019-10-17 21:16:15,671 [Thread-2449] INFO  impl.FollowerState (FollowerState.java:run(117)) - 3909bd6a-278d-4911-9d70-32680c972d02@group-62509A8A5C15-FollowerState was interrupted: java.lang.InterruptedException: sleep interrupted
2019-10-17 21:16:15,671 [grpc-default-executor-4] INFO  impl.RoleInfo (RoleInfo.java:updateAndGet(143)) - 3909bd6a-278d-4911-9d70-32680c972d02: start FollowerState
2019-10-17 21:16:15,671 [Thread-2448] INFO  impl.FollowerState (FollowerState.java:run(117)) - 7c510082-4284-44ef-8cd9-bb38fb15579f@group-62509A8A5C15-FollowerState was interrupted: java.lang.InterruptedException: sleep interrupted
2019-10-17 21:16:15,671 [grpc-default-executor-2] INFO  impl.RoleInfo (RoleInfo.java:updateAndGet(143)) - 7c510082-4284-44ef-8cd9-bb38fb15579f: start FollowerState
2019-10-17 21:16:15,697 [d2424f4d-20d2-4104-abcc-02e6288f3ffc@group-62509A8A5C15-LeaderElection332] INFO  impl.LeaderElection (LeaderElection.java:logAndReturn(56)) - d2424f4d-20d2-4104-abcc-02e6288f3ffc@group-62509A8A5C15-LeaderElection332: Election REJECTED; received 2 response(s) [d2424f4d-20d2-4104-abcc-02e6288f3ffc<-3909bd6a-278d-4911-9d70-32680c972d02#0:FAIL-t365, d2424f4d-20d2-4104-abcc-02e6288f3ffc<-7c510082-4284-44ef-8cd9-bb38fb15579f#0:FAIL-t365] and 0 exception(s); d2424f4d-20d2-4104-abcc-02e6288f3ffc@group-62509A8A5C15:t365, leader=null, voted=d2424f4d-20d2-4104-abcc-02e6288f3ffc, raftlog=d2424f4d-20d2-4104-abcc-02e6288f3ffc@group-62509A8A5C15-SegmentedRaftLog:OPENED:c-1,f-1,i0, conf=-1: [3909bd6a-278d-4911-9d70-32680c972d02:192.168.157.223:33343, d2424f4d-20d2-4104-abcc-02e6288f3ffc:192.168.157.223:39352, 7c510082-4284-44ef-8cd9-bb38fb15579f:192.168.157.223:33098], old=null
2019-10-17 21:16:15,697 [d2424f4d-20d2-4104-abcc-02e6288f3ffc@group-62509A8A5C15-LeaderElection332] INFO  impl.RaftServerImpl (RaftServerImpl.java:setRole(184)) - d2424f4d-20d2-4104-abcc-02e6288f3ffc@group-62509A8A5C15: changes role from CANDIDATE to FOLLOWER at term 365 for DISCOVERED_A_NEW_TERM
2019-10-17 21:16:15,697 [d2424f4d-20d2-4104-abcc-02e6288f3ffc@group-62509A8A5C15-LeaderElection332] INFO  impl.RoleInfo (RoleInfo.java:shutdownLeaderElection(134)) - d2424f4d-20d2-4104-abcc-02e6288f3ffc: shutdown LeaderElection
2019-10-17 21:16:15,698 [d2424f4d-20d2-4104-abcc-02e6288f3ffc@group-62509A8A5C15-LeaderElection332] INFO  impl.RoleInfo (RoleInfo.java:updateAndGet(143)) - d2424f4d-20d2-4104-abcc-02e6288f3ffc: start FollowerState
2019-10-17 21:16:15,780 [Thread-2456] INFO  impl.FollowerState (FollowerState.java:run(108)) - d2424f4d-20d2-4104-abcc-02e6288f3ffc@group-62509A8A5C15-FollowerState: change to CANDIDATE, lastRpcTime:82ms, electionTimeout:82ms
2019-10-17 21:16:15,780 [Thread-2456] INFO  impl.RoleInfo (RoleInfo.java:shutdownFollowerState(121)) - d2424f4d-20d2-4104-abcc-02e6288f3ffc: shutdown FollowerState
2019-10-17 21:16:15,780 [Thread-2456] INFO  impl.RaftServerImpl (RaftServerImpl.java:setRole(184)) - d2424f4d-20d2-4104-abcc-02e6288f3ffc@group-62509A8A5C15: changes role from  FOLLOWER to CANDIDATE at term 365 for changeToCandidate
2019-10-17 21:16:15,781 [Thread-2456] INFO  impl.RoleInfo (RoleInfo.java:updateAndGet(143)) - d2424f4d-20d2-4104-abcc-02e6288f3ffc: start LeaderElection
2019-10-17 21:16:15,796 [d2424f4d-20d2-4104-abcc-02e6288f3ffc@group-62509A8A5C15-LeaderElection333] INFO  impl.LeaderElection (LeaderElection.java:askForVotes(178)) - d2424f4d-20d2-4104-abcc-02e6288f3ffc@group-62509A8A5C15-LeaderElection333: begin an election at term 366 for -1: [3909bd6a-278d-4911-9d70-32680c972d02:192.168.157.223:33343, d2424f4d-20d2-4104-abcc-02e6288f3ffc:192.168.157.223:39352, 7c510082-4284-44ef-8cd9-bb38fb15579f:192.168.157.223:33098], old=null
2019-10-17 21:16:15,798 [grpc-default-executor-2] INFO  impl.RaftServerImpl (RaftServerImpl.java:setRole(184)) - 3909bd6a-278d-4911-9d70-32680c972d02@group-62509A8A5C15: changes role from  FOLLOWER to FOLLOWER at term 366 for recognizeCandidate:d2424f4d-20d2-4104-abcc-02e6288f3ffc
2019-10-17 21:16:15,798 [grpc-default-executor-4] INFO  impl.RaftServerImpl (RaftServerImpl.java:setRole(184)) - 7c510082-4284-44ef-8cd9-bb38fb15579f@group-62509A8A5C15: changes role from  FOLLOWER to FOLLOWER at term 366 for recognizeCandidate:d2424f4d-20d2-4104-abcc-02e6288f3ffc
2019-10-17 21:16:15,798 [grpc-default-executor-2] INFO  impl.RoleInfo (RoleInfo.java:shutdownFollowerState(121)) - 3909bd6a-278d-4911-9d70-32680c972d02: shutdown FollowerState
2019-10-17 21:16:15,798 [grpc-default-executor-4] INFO  impl.RoleInfo (RoleInfo.java:shutdownFollowerState(121)) - 7c510082-4284-44ef-8cd9-bb38fb15579f: shutdown FollowerState
2019-10-17 21:16:15,798 [grpc-default-executor-2] INFO  impl.RoleInfo (RoleInfo.java:updateAndGet(143)) - 3909bd6a-278d-4911-9d70-32680c972d02: start FollowerState
2019-10-17 21:16:15,799 [Thread-2455] INFO  impl.FollowerState (FollowerState.java:run(117)) - 7c510082-4284-44ef-8cd9-bb38fb15579f@group-62509A8A5C15-FollowerState was interrupted: java.lang.InterruptedException: sleep interrupted
2019-10-17 21:16:15,798 [Thread-2454] INFO  impl.FollowerState (FollowerState.java:run(117)) - 3909bd6a-278d-4911-9d70-32680c972d02@group-62509A8A5C15-FollowerState was interrupted: java.lang.InterruptedException: sleep interrupted
2019-10-17 21:16:15,798 [grpc-default-executor-4] INFO  impl.RoleInfo (RoleInfo.java:updateAndGet(143)) - 7c510082-4284-44ef-8cd9-bb38fb15579f: start FollowerState
2019-10-17 21:16:15,815 [d2424f4d-20d2-4104-abcc-02e6288f3ffc@group-62509A8A5C15-LeaderElection333] INFO  impl.LeaderElection (LeaderElection.java:logAndReturn(56)) - d2424f4d-20d2-4104-abcc-02e6288f3ffc@group-62509A8A5C15-LeaderElection333: Election REJECTED; received 2 response(s) [d2424f4d-20d2-4104-abcc-02e6288f3ffc<-3909bd6a-278d-4911-9d70-32680c972d02#0:FAIL-t366, d2424f4d-20d2-4104-abcc-02e6288f3ffc<-7c510082-4284-44ef-8cd9-bb38fb15579f#0:FAIL-t366] and 0 exception(s); d2424f4d-20d2-4104-abcc-02e6288f3ffc@group-62509A8A5C15:t366, leader=null, voted=d2424f4d-20d2-4104-abcc-02e6288f3ffc, raftlog=d2424f4d-20d2-4104-abcc-02e6288f3ffc@group-62509A8A5C15-SegmentedRaftLog:OPENED:c-1,f-1,i0, conf=-1: [3909bd6a-278d-4911-9d70-32680c972d02:192.168.157.223:33343, d2424f4d-20d2-4104-abcc-02e6288f3ffc:192.168.157.223:39352, 7c510082-4284-44ef-8cd9-bb38fb15579f:192.168.157.223:33098], old=null
2019-10-17 21:16:15,815 [d2424f4d-20d2-4104-abcc-02e6288f3ffc@group-62509A8A5C15-LeaderElection333] INFO  impl.RaftServerImpl (RaftServerImpl.java:setRole(184)) - d2424f4d-20d2-4104-abcc-02e6288f3ffc@group-62509A8A5C15: changes role from CANDIDATE to FOLLOWER at term 366 for DISCOVERED_A_NEW_TERM
2019-10-17 21:16:15,815 [d2424f4d-20d2-4104-abcc-02e6288f3ffc@group-62509A8A5C15-LeaderElection333] INFO  impl.RoleInfo (RoleInfo.java:shutdownLeaderElection(134)) - d2424f4d-20d2-4104-abcc-02e6288f3ffc: shutdown LeaderElection
2019-10-17 21:16:15,816 [d2424f4d-20d2-4104-abcc-02e6288f3ffc@group-62509A8A5C15-LeaderElection333] INFO  impl.RoleInfo (RoleInfo.java:updateAndGet(143)) - d2424f4d-20d2-4104-abcc-02e6288f3ffc: start FollowerState
2019-10-17 21:16:15,923 [Thread-2462] INFO  impl.FollowerState (FollowerState.java:run(108)) - d2424f4d-20d2-4104-abcc-02e6288f3ffc@group-62509A8A5C15-FollowerState: change to CANDIDATE, lastRpcTime:107ms, electionTimeout:107ms
2019-10-17 21:16:15,923 [Thread-2462] INFO  impl.RoleInfo (RoleInfo.java:shutdownFollowerState(121)) - d2424f4d-20d2-4104-abcc-02e6288f3ffc: shutdown FollowerState
2019-10-17 21:16:15,923 [Thread-2462] INFO  impl.RaftServerImpl (RaftServerImpl.java:setRole(184)) - d2424f4d-20d2-4104-abcc-02e6288f3ffc@group-62509A8A5C15: changes role from  FOLLOWER to CANDIDATE at term 366 for changeToCandidate
2019-10-17 21:16:15,923 [Thread-2462] INFO  impl.RoleInfo (RoleInfo.java:updateAndGet(143)) - d2424f4d-20d2-4104-abcc-02e6288f3ffc: start LeaderElection
2019-10-17 21:16:15,937 [d2424f4d-20d2-4104-abcc-02e6288f3ffc@group-62509A8A5C15-LeaderElection334] INFO  impl.LeaderElection (LeaderElection.java:askForVotes(178)) - d2424f4d-20d2-4104-abcc-02e6288f3ffc@group-62509A8A5C15-LeaderElection334: begin an election at term 367 for -1: [3909bd6a-278d-4911-9d70-32680c972d02:192.168.157.223:33343, d2424f4d-20d2-4104-abcc-02e6288f3ffc:192.168.157.223:39352, 7c510082-4284-44ef-8cd9-bb38fb15579f:192.168.157.223:33098], old=null
2019-10-17 21:16:15,939 [grpc-default-executor-4] INFO  impl.RaftServerImpl (RaftServerImpl.java:setRole(184)) - 3909bd6a-278d-4911-9d70-32680c972d02@group-62509A8A5C15: changes role from  FOLLOWER to FOLLOWER at term 367 for recognizeCandidate:d2424f4d-20d2-4104-abcc-02e6288f3ffc
2019-10-17 21:16:15,939 [grpc-default-executor-2] INFO  impl.RaftServerImpl (RaftServerImpl.java:setRole(184)) - 7c510082-4284-44ef-8cd9-bb38fb15579f@group-62509A8A5C15: changes role from  FOLLOWER to FOLLOWER at term 367 for recognizeCandidate:d2424f4d-20d2-4104-abcc-02e6288f3ffc
2019-10-17 21:16:15,939 [grpc-default-executor-4] INFO  impl.RoleInfo (RoleInfo.java:shutdownFollowerState(121)) - 3909bd6a-278d-4911-9d70-32680c972d02: shutdown FollowerState
2019-10-17 21:16:15,939 [grpc-default-executor-2] INFO  impl.RoleInfo (RoleInfo.java:shutdownFollowerState(121)) - 7c510082-4284-44ef-8cd9-bb38fb15579f: shutdown FollowerState
2019-10-17 21:16:15,939 [Thread-2460] INFO  impl.FollowerState (FollowerState.java:run(117)) - 3909bd6a-278d-4911-9d70-32680c972d02@group-62509A8A5C15-FollowerState was interrupted: java.lang.InterruptedException: sleep interrupted
2019-10-17 21:16:15,939 [grpc-default-executor-4] INFO  impl.RoleInfo (RoleInfo.java:updateAndGet(143)) - 3909bd6a-278d-4911-9d70-32680c972d02: start FollowerState
2019-10-17 21:16:15,940 [Thread-2461] INFO  impl.FollowerState (FollowerState.java:run(117)) - 7c510082-4284-44ef-8cd9-bb38fb15579f@group-62509A8A5C15-FollowerState was interrupted: java.lang.InterruptedException: sleep interrupted
2019-10-17 21:16:15,939 [grpc-default-executor-2] INFO  impl.RoleInfo (RoleInfo.java:updateAndGet(143)) - 7c510082-4284-44ef-8cd9-bb38fb15579f: start FollowerState
2019-10-17 21:16:15,944 [d2424f4d-20d2-4104-abcc-02e6288f3ffc@group-62509A8A5C15-LeaderElection334] INFO  impl.LeaderElection (LeaderElection.java:logAndReturn(56)) - d2424f4d-20d2-4104-abcc-02e6288f3ffc@group-62509A8A5C15-LeaderElection334: Election TIMEOUT; received 0 response(s) [] and 0 exception(s); d2424f4d-20d2-4104-abcc-02e6288f3ffc@group-62509A8A5C15:t367, leader=null, voted=d2424f4d-20d2-4104-abcc-02e6288f3ffc, raftlog=d2424f4d-20d2-4104-abcc-02e6288f3ffc@group-62509A8A5C15-SegmentedRaftLog:OPENED:c-1,f-1,i0, conf=-1: [3909bd6a-278d-4911-9d70-32680c972d02:192.168.157.223:33343, d2424f4d-20d2-4104-abcc-02e6288f3ffc:192.168.157.223:39352, 7c510082-4284-44ef-8cd9-bb38fb15579f:192.168.157.223:33098], old=null
2019-10-17 21:16:15,965 [d2424f4d-20d2-4104-abcc-02e6288f3ffc@group-62509A8A5C15-LeaderElection334] INFO  impl.LeaderElection (LeaderElection.java:askForVotes(178)) - d2424f4d-20d2-4104-abcc-02e6288f3ffc@group-62509A8A5C15-LeaderElection334: begin an election at term 368 for -1: [3909bd6a-278d-4911-9d70-32680c972d02:192.168.157.223:33343, d2424f4d-20d2-4104-abcc-02e6288f3ffc:192.168.157.223:39352, 7c510082-4284-44ef-8cd9-bb38fb15579f:192.168.157.223:33098], old=null
2019-10-17 21:16:15,966 [grpc-default-executor-4] INFO  impl.RaftServerImpl (RaftServerImpl.java:setRole(184)) - 3909bd6a-278d-4911-9d70-32680c972d02@group-62509A8A5C15: changes role from  FOLLOWER to FOLLOWER at term 368 for recognizeCandidate:d2424f4d-20d2-4104-abcc-02e6288f3ffc
2019-10-17 21:16:15,966 [grpc-default-executor-4] INFO  impl.RoleInfo (RoleInfo.java:shutdownFollowerState(121)) - 3909bd6a-278d-4911-9d70-32680c972d02: shutdown FollowerState
2019-10-17 21:16:15,967 [grpc-default-executor-4] INFO  impl.RoleInfo (RoleInfo.java:updateAndGet(143)) - 3909bd6a-278d-4911-9d70-32680c972d02: start FollowerState
2019-10-17 21:16:15,967 [Thread-2466] INFO  impl.FollowerState (FollowerState.java:run(117)) - 3909bd6a-278d-4911-9d70-32680c972d02@group-62509A8A5C15-FollowerState was interrupted: java.lang.InterruptedException: sleep interrupted
2019-10-17 21:16:15,967 [grpc-default-executor-2] INFO  impl.RaftServerImpl (RaftServerImpl.java:setRole(184)) - 7c510082-4284-44ef-8cd9-bb38fb15579f@group-62509A8A5C15: changes role from  FOLLOWER to FOLLOWER at term 368 for recognizeCandidate:d2424f4d-20d2-4104-abcc-02e6288f3ffc
2019-10-17 21:16:15,967 [grpc-default-executor-2] INFO  impl.RoleInfo (RoleInfo.java:shutdownFollowerState(121)) - 7c510082-4284-44ef-8cd9-bb38fb15579f: shutdown FollowerState
2019-10-17 21:16:15,967 [grpc-default-executor-2] INFO  impl.RoleInfo (RoleInfo.java:updateAndGet(143)) - 7c510082-4284-44ef-8cd9-bb38fb15579f: start FollowerState
2019-10-17 21:16:15,967 [Thread-2467] INFO  impl.FollowerState (FollowerState.java:run(117)) - 7c510082-4284-44ef-8cd9-bb38fb15579f@group-62509A8A5C15-FollowerState was interrupted: java.lang.InterruptedException: sleep interrupted
2019-10-17 21:16:15,981 [d2424f4d-20d2-4104-abcc-02e6288f3ffc@group-62509A8A5C15-LeaderElection334] INFO  impl.LeaderElection (LeaderElection.java:logAndReturn(56)) - d2424f4d-20d2-4104-abcc-02e6288f3ffc@group-62509A8A5C15-LeaderElection334: Election REJECTED; received 2 response(s) [d2424f4d-20d2-4104-abcc-02e6288f3ffc<-3909bd6a-278d-4911-9d70-32680c972d02#0:FAIL-t368, d2424f4d-20d2-4104-abcc-02e6288f3ffc<-7c510082-4284-44ef-8cd9-bb38fb15579f#0:FAIL-t368] and 0 exception(s); d2424f4d-20d2-4104-abcc-02e6288f3ffc@group-62509A8A5C15:t368, leader=null, voted=d2424f4d-20d2-4104-abcc-02e6288f3ffc, raftlog=d2424f4d-20d2-4104-abcc-02e6288f3ffc@group-62509A8A5C15-SegmentedRaftLog:OPENED:c-1,f-1,i0, conf=-1: [3909bd6a-278d-4911-9d70-32680c972d02:192.168.157.223:33343, d2424f4d-20d2-4104-abcc-02e6288f3ffc:192.168.157.223:39352, 7c510082-4284-44ef-8cd9-bb38fb15579f:192.168.157.223:33098], old=null
2019-10-17 21:16:15,981 [d2424f4d-20d2-4104-abcc-02e6288f3ffc@group-62509A8A5C15-LeaderElection334] INFO  impl.RaftServerImpl (RaftServerImpl.java:setRole(184)) - d2424f4d-20d2-4104-abcc-02e6288f3ffc@group-62509A8A5C15: changes role from CANDIDATE to FOLLOWER at term 368 for DISCOVERED_A_NEW_TERM
2019-10-17 21:16:15,981 [d2424f4d-20d2-4104-abcc-02e6288f3ffc@group-62509A8A5C15-LeaderElection334] INFO  impl.RoleInfo (RoleInfo.java:shutdownLeaderElection(134)) - d2424f4d-20d2-4104-abcc-02e6288f3ffc: shutdown LeaderElection
2019-10-17 21:16:15,981 [d2424f4d-20d2-4104-abcc-02e6288f3ffc@group-62509A8A5C15-LeaderElection334] INFO  impl.RoleInfo (RoleInfo.java:updateAndGet(143)) - d2424f4d-20d2-4104-abcc-02e6288f3ffc: start FollowerState
2019-10-17 21:16:16,034 [Thread-2472] INFO  impl.FollowerState (FollowerState.java:run(108)) - d2424f4d-20d2-4104-abcc-02e6288f3ffc@group-62509A8A5C15-FollowerState: change to CANDIDATE, lastRpcTime:52ms, electionTimeout:52ms
2019-10-17 21:16:16,034 [Thread-2472] INFO  impl.RoleInfo (RoleInfo.java:shutdownFollowerState(121)) - d2424f4d-20d2-4104-abcc-02e6288f3ffc: shutdown FollowerState
2019-10-17 21:16:16,034 [Thread-2472] INFO  impl.RaftServerImpl (RaftServerImpl.java:setRole(184)) - d2424f4d-20d2-4104-abcc-02e6288f3ffc@group-62509A8A5C15: changes role from  FOLLOWER to CANDIDATE at term 368 for changeToCandidate
2019-10-17 21:16:16,034 [Thread-2472] INFO  impl.RoleInfo (RoleInfo.java:updateAndGet(143)) - d2424f4d-20d2-4104-abcc-02e6288f3ffc: start LeaderElection
2019-10-17 21:16:16,049 [d2424f4d-20d2-4104-abcc-02e6288f3ffc@group-62509A8A5C15-LeaderElection335] INFO  impl.LeaderElection (LeaderElection.java:askForVotes(178)) - d2424f4d-20d2-4104-abcc-02e6288f3ffc@group-62509A8A5C15-LeaderElection335: begin an election at term 369 for -1: [3909bd6a-278d-4911-9d70-32680c972d02:192.168.157.223:33343, d2424f4d-20d2-4104-abcc-02e6288f3ffc:192.168.157.223:39352, 7c510082-4284-44ef-8cd9-bb38fb15579f:192.168.157.223:33098], old=null
2019-10-17 21:16:16,051 [grpc-default-executor-4] INFO  impl.RaftServerImpl (RaftServerImpl.java:setRole(184)) - 3909bd6a-278d-4911-9d70-32680c972d02@group-62509A8A5C15: changes role from  FOLLOWER to FOLLOWER at term 369 for recognizeCandidate:d2424f4d-20d2-4104-abcc-02e6288f3ffc
2019-10-17 21:16:16,051 [grpc-default-executor-4] INFO  impl.RoleInfo (RoleInfo.java:shutdownFollowerState(121)) - 3909bd6a-278d-4911-9d70-32680c972d02: shutdown FollowerState
2019-10-17 21:16:16,051 [grpc-default-executor-2] INFO  impl.RaftServerImpl (RaftServerImpl.java:setRole(184)) - 7c510082-4284-44ef-8cd9-bb38fb15579f@group-62509A8A5C15: changes role from  FOLLOWER to FOLLOWER at term 369 for recognizeCandidate:d2424f4d-20d2-4104-abcc-02e6288f3ffc
2019-10-17 21:16:16,051 [grpc-default-executor-2] INFO  impl.RoleInfo (RoleInfo.java:shutdownFollowerState(121)) - 7c510082-4284-44ef-8cd9-bb38fb15579f: shutdown FollowerState
2019-10-17 21:16:16,051 [grpc-default-executor-4] INFO  impl.RoleInfo (RoleInfo.java:updateAndGet(143)) - 3909bd6a-278d-4911-9d70-32680c972d02: start FollowerState
2019-10-17 21:16:16,051 [Thread-2470] INFO  impl.FollowerState (FollowerState.java:run(117)) - 3909bd6a-278d-4911-9d70-32680c972d02@group-62509A8A5C15-FollowerState was interrupted: java.lang.InterruptedException: sleep interrupted
2019-10-17 21:16:16,051 [Thread-2471] INFO  impl.FollowerState (FollowerState.java:run(117)) - 7c510082-4284-44ef-8cd9-bb38fb15579f@group-62509A8A5C15-FollowerState was interrupted: java.lang.InterruptedException: sleep interrupted
2019-10-17 21:16:16,051 [grpc-default-executor-2] INFO  impl.RoleInfo (RoleInfo.java:updateAndGet(143)) - 7c510082-4284-44ef-8cd9-bb38fb15579f: start FollowerState
2019-10-17 21:16:16,077 [d2424f4d-20d2-4104-abcc-02e6288f3ffc@group-62509A8A5C15-LeaderElection335] INFO  impl.LeaderElection (LeaderElection.java:logAndReturn(56)) - d2424f4d-20d2-4104-abcc-02e6288f3ffc@group-62509A8A5C15-LeaderElection335: Election REJECTED; received 2 response(s) [d2424f4d-20d2-4104-abcc-02e6288f3ffc<-3909bd6a-278d-4911-9d70-32680c972d02#0:FAIL-t369, d2424f4d-20d2-4104-abcc-02e6288f3ffc<-7c510082-4284-44ef-8cd9-bb38fb15579f#0:FAIL-t369] and 0 exception(s); d2424f4d-20d2-4104-abcc-02e6288f3ffc@group-62509A8A5C15:t369, leader=null, voted=d2424f4d-20d2-4104-abcc-02e6288f3ffc, raftlog=d2424f4d-20d2-4104-abcc-02e6288f3ffc@group-62509A8A5C15-SegmentedRaftLog:OPENED:c-1,f-1,i0, conf=-1: [3909bd6a-278d-4911-9d70-32680c972d02:192.168.157.223:33343, d2424f4d-20d2-4104-abcc-02e6288f3ffc:192.168.157.223:39352, 7c510082-4284-44ef-8cd9-bb38fb15579f:192.168.157.223:33098], old=null
2019-10-17 21:16:16,077 [d2424f4d-20d2-4104-abcc-02e6288f3ffc@group-62509A8A5C15-LeaderElection335] INFO  impl.RaftServerImpl (RaftServerImpl.java:setRole(184)) - d2424f4d-20d2-4104-abcc-02e6288f3ffc@group-62509A8A5C15: changes role from CANDIDATE to FOLLOWER at term 369 for DISCOVERED_A_NEW_TERM
2019-10-17 21:16:16,078 [d2424f4d-20d2-4104-abcc-02e6288f3ffc@group-62509A8A5C15-LeaderElection335] INFO  impl.RoleInfo (RoleInfo.java:shutdownLeaderElection(134)) - d2424f4d-20d2-4104-abcc-02e6288f3ffc: shutdown LeaderElection
2019-10-17 21:16:16,078 [d2424f4d-20d2-4104-abcc-02e6288f3ffc@group-62509A8A5C15-LeaderElection335] INFO  impl.RoleInfo (RoleInfo.java:updateAndGet(143)) - d2424f4d-20d2-4104-abcc-02e6288f3ffc: start FollowerState
2019-10-17 21:16:16,177 [Thread-2478] INFO  impl.FollowerState (FollowerState.java:run(108)) - d2424f4d-20d2-4104-abcc-02e6288f3ffc@group-62509A8A5C15-FollowerState: change to CANDIDATE, lastRpcTime:99ms, electionTimeout:99ms
2019-10-17 21:16:16,178 [Thread-2478] INFO  impl.RoleInfo (RoleInfo.java:shutdownFollowerState(121)) - d2424f4d-20d2-4104-abcc-02e6288f3ffc: shutdown FollowerState
2019-10-17 21:16:16,178 [Thread-2478] INFO  impl.RaftServerImpl (RaftServerImpl.java:setRole(184)) - d2424f4d-20d2-4104-abcc-02e6288f3ffc@group-62509A8A5C15: changes role from  FOLLOWER to CANDIDATE at term 369 for changeToCandidate
2019-10-17 21:16:16,179 [Thread-2478] INFO  impl.RoleInfo (RoleInfo.java:updateAndGet(143)) - d2424f4d-20d2-4104-abcc-02e6288f3ffc: start LeaderElection
2019-10-17 21:16:16,193 [d2424f4d-20d2-4104-abcc-02e6288f3ffc@group-62509A8A5C15-LeaderElection336] INFO  impl.LeaderElection (LeaderElection.java:askForVotes(178)) - d2424f4d-20d2-4104-abcc-02e6288f3ffc@group-62509A8A5C15-LeaderElection336: begin an election at term 370 for -1: [3909bd6a-278d-4911-9d70-32680c972d02:192.168.157.223:33343, d2424f4d-20d2-4104-abcc-02e6288f3ffc:192.168.157.223:39352, 7c510082-4284-44ef-8cd9-bb38fb15579f:192.168.157.223:33098], old=null
2019-10-17 21:16:16,199 [grpc-default-executor-4] INFO  impl.RaftServerImpl (RaftServerImpl.java:setRole(184)) - 7c510082-4284-44ef-8cd9-bb38fb15579f@group-62509A8A5C15: changes role from  FOLLOWER to FOLLOWER at term 370 for recognizeCandidate:d2424f4d-20d2-4104-abcc-02e6288f3ffc
2019-10-17 21:16:16,199 [grpc-default-executor-2] INFO  impl.RaftServerImpl (RaftServerImpl.java:setRole(184)) - 3909bd6a-278d-4911-9d70-32680c972d02@group-62509A8A5C15: changes role from  FOLLOWER to FOLLOWER at term 370 for recognizeCandidate:d2424f4d-20d2-4104-abcc-02e6288f3ffc
2019-10-17 21:16:16,199 [grpc-default-executor-4] INFO  impl.RoleInfo (RoleInfo.java:shutdownFollowerState(121)) - 7c510082-4284-44ef-8cd9-bb38fb15579f: shutdown FollowerState
2019-10-17 21:16:16,199 [grpc-default-executor-2] INFO  impl.RoleInfo (RoleInfo.java:shutdownFollowerState(121)) - 3909bd6a-278d-4911-9d70-32680c972d02: shutdown FollowerState
2019-10-17 21:16:16,200 [grpc-default-executor-4] INFO  impl.RoleInfo (RoleInfo.java:updateAndGet(143)) - 7c510082-4284-44ef-8cd9-bb38fb15579f: start FollowerState
2019-10-17 21:16:16,200 [Thread-2476] INFO  impl.FollowerState (FollowerState.java:run(117)) - 3909bd6a-278d-4911-9d70-32680c972d02@group-62509A8A5C15-FollowerState was interrupted: java.lang.InterruptedException: sleep interrupted
2019-10-17 21:16:16,200 [grpc-default-executor-2] INFO  impl.RoleInfo (RoleInfo.java:updateAndGet(143)) - 3909bd6a-278d-4911-9d70-32680c972d02: start FollowerState
2019-10-17 21:16:16,200 [Thread-2477] INFO  impl.FollowerState (FollowerState.java:run(117)) - 7c510082-4284-44ef-8cd9-bb38fb15579f@group-62509A8A5C15-FollowerState was interrupted: java.lang.InterruptedException: sleep interrupted
2019-10-17 21:16:16,214 [d2424f4d-20d2-4104-abcc-02e6288f3ffc@group-62509A8A5C15-LeaderElection336] INFO  impl.LeaderElection (LeaderElection.java:logAndReturn(56)) - d2424f4d-20d2-4104-abcc-02e6288f3ffc@group-62509A8A5C15-LeaderElection336: Election REJECTED; received 2 response(s) [d2424f4d-20d2-4104-abcc-02e6288f3ffc<-3909bd6a-278d-4911-9d70-32680c972d02#0:FAIL-t370, d2424f4d-20d2-4104-abcc-02e6288f3ffc<-7c510082-4284-44ef-8cd9-bb38fb15579f#0:FAIL-t370] and 0 exception(s); d2424f4d-20d2-4104-abcc-02e6288f3ffc@group-62509A8A5C15:t370, leader=null, voted=d2424f4d-20d2-4104-abcc-02e6288f3ffc, raftlog=d2424f4d-20d2-4104-abcc-02e6288f3ffc@group-62509A8A5C15-SegmentedRaftLog:OPENED:c-1,f-1,i0, conf=-1: [3909bd6a-278d-4911-9d70-32680c972d02:192.168.157.223:33343, d2424f4d-20d2-4104-abcc-02e6288f3ffc:192.168.157.223:39352, 7c510082-4284-44ef-8cd9-bb38fb15579f:192.168.157.223:33098], old=null
2019-10-17 21:16:16,215 [d2424f4d-20d2-4104-abcc-02e6288f3ffc@group-62509A8A5C15-LeaderElection336] INFO  impl.RaftServerImpl (RaftServerImpl.java:setRole(184)) - d2424f4d-20d2-4104-abcc-02e6288f3ffc@group-62509A8A5C15: changes role from CANDIDATE to FOLLOWER at term 370 for DISCOVERED_A_NEW_TERM
2019-10-17 21:16:16,215 [d2424f4d-20d2-4104-abcc-02e6288f3ffc@group-62509A8A5C15-LeaderElection336] INFO  impl.RoleInfo (RoleInfo.java:shutdownLeaderElection(134)) - d2424f4d-20d2-4104-abcc-02e6288f3ffc: shutdown LeaderElection
2019-10-17 21:16:16,215 [d2424f4d-20d2-4104-abcc-02e6288f3ffc@group-62509A8A5C15-LeaderElection336] INFO  impl.RoleInfo (RoleInfo.java:updateAndGet(143)) - d2424f4d-20d2-4104-abcc-02e6288f3ffc: start FollowerState
2019-10-17 21:16:16,332 [Thread-2484] INFO  impl.FollowerState (FollowerState.java:run(108)) - d2424f4d-20d2-4104-abcc-02e6288f3ffc@group-62509A8A5C15-FollowerState: change to CANDIDATE, lastRpcTime:117ms, electionTimeout:117ms
2019-10-17 21:16:16,332 [Thread-2484] INFO  impl.RoleInfo (RoleInfo.java:shutdownFollowerState(121)) - d2424f4d-20d2-4104-abcc-02e6288f3ffc: shutdown FollowerState
2019-10-17 21:16:16,332 [Thread-2484] INFO  impl.RaftServerImpl (RaftServerImpl.java:setRole(184)) - d2424f4d-20d2-4104-abcc-02e6288f3ffc@group-62509A8A5C15: changes role from  FOLLOWER to CANDIDATE at term 370 for changeToCandidate
2019-10-17 21:16:16,333 [Thread-2484] INFO  impl.RoleInfo (RoleInfo.java:updateAndGet(143)) - d2424f4d-20d2-4104-abcc-02e6288f3ffc: start LeaderElection
2019-10-17 21:16:16,356 [d2424f4d-20d2-4104-abcc-02e6288f3ffc@group-62509A8A5C15-LeaderElection337] INFO  impl.LeaderElection (LeaderElection.java:askForVotes(178)) - d2424f4d-20d2-4104-abcc-02e6288f3ffc@group-62509A8A5C15-LeaderElection337: begin an election at term 371 for -1: [3909bd6a-278d-4911-9d70-32680c972d02:192.168.157.223:33343, d2424f4d-20d2-4104-abcc-02e6288f3ffc:192.168.157.223:39352, 7c510082-4284-44ef-8cd9-bb38fb15579f:192.168.157.223:33098], old=null
2019-10-17 21:16:16,357 [grpc-default-executor-2] INFO  impl.RaftServerImpl (RaftServerImpl.java:setRole(184)) - 3909bd6a-278d-4911-9d70-32680c972d02@group-62509A8A5C15: changes role from  FOLLOWER to FOLLOWER at term 371 for recognizeCandidate:d2424f4d-20d2-4104-abcc-02e6288f3ffc
2019-10-17 21:16:16,357 [grpc-default-executor-4] INFO  impl.RaftServerImpl (RaftServerImpl.java:setRole(184)) - 7c510082-4284-44ef-8cd9-bb38fb15579f@group-62509A8A5C15: changes role from  FOLLOWER to FOLLOWER at term 371 for recognizeCandidate:d2424f4d-20d2-4104-abcc-02e6288f3ffc
2019-10-17 21:16:16,358 [grpc-default-executor-4] INFO  impl.RoleInfo (RoleInfo.java:shutdownFollowerState(121)) - 7c510082-4284-44ef-8cd9-bb38fb15579f: shutdown FollowerState
2019-10-17 21:16:16,357 [grpc-default-executor-2] INFO  impl.RoleInfo (RoleInfo.java:shutdownFollowerState(121)) - 3909bd6a-278d-4911-9d70-32680c972d02: shutdown FollowerState
2019-10-17 21:16:16,358 [Thread-2482] INFO  impl.FollowerState (FollowerState.java:run(117)) - 7c510082-4284-44ef-8cd9-bb38fb15579f@group-62509A8A5C15-FollowerState was interrupted: java.lang.InterruptedException: sleep interrupted
2019-10-17 21:16:16,358 [grpc-default-executor-4] INFO  impl.RoleInfo (RoleInfo.java:updateAndGet(143)) - 7c510082-4284-44ef-8cd9-bb38fb15579f: start FollowerState
2019-10-17 21:16:16,358 [grpc-default-executor-2] INFO  impl.RoleInfo (RoleInfo.java:updateAndGet(143)) - 3909bd6a-278d-4911-9d70-32680c972d02: start FollowerState
2019-10-17 21:16:16,358 [Thread-2483] INFO  impl.FollowerState (FollowerState.java:run(117)) - 3909bd6a-278d-4911-9d70-32680c972d02@group-62509A8A5C15-FollowerState was interrupted: java.lang.InterruptedException: sleep interrupted
2019-10-17 21:16:16,383 [d2424f4d-20d2-4104-abcc-02e6288f3ffc@group-62509A8A5C15-LeaderElection337] INFO  impl.LeaderElection (LeaderElection.java:logAndReturn(56)) - d2424f4d-20d2-4104-abcc-02e6288f3ffc@group-62509A8A5C15-LeaderElection337: Election TIMEOUT; received 0 response(s) [] and 0 exception(s); d2424f4d-20d2-4104-abcc-02e6288f3ffc@group-62509A8A5C15:t371, leader=null, voted=d2424f4d-20d2-4104-abcc-02e6288f3ffc, raftlog=d2424f4d-20d2-4104-abcc-02e6288f3ffc@group-62509A8A5C15-SegmentedRaftLog:OPENED:c-1,f-1,i0, conf=-1: [3909bd6a-278d-4911-9d70-32680c972d02:192.168.157.223:33343, d2424f4d-20d2-4104-abcc-02e6288f3ffc:192.168.157.223:39352, 7c510082-4284-44ef-8cd9-bb38fb15579f:192.168.157.223:33098], old=null
2019-10-17 21:16:16,396 [d2424f4d-20d2-4104-abcc-02e6288f3ffc@group-62509A8A5C15-LeaderElection337] INFO  impl.LeaderElection (LeaderElection.java:askForVotes(178)) - d2424f4d-20d2-4104-abcc-02e6288f3ffc@group-62509A8A5C15-LeaderElection337: begin an election at term 372 for -1: [3909bd6a-278d-4911-9d70-32680c972d02:192.168.157.223:33343, d2424f4d-20d2-4104-abcc-02e6288f3ffc:192.168.157.223:39352, 7c510082-4284-44ef-8cd9-bb38fb15579f:192.168.157.223:33098], old=null
2019-10-17 21:16:16,398 [grpc-default-executor-4] INFO  impl.RaftServerImpl (RaftServerImpl.java:setRole(184)) - 3909bd6a-278d-4911-9d70-32680c972d02@group-62509A8A5C15: changes role from  FOLLOWER to FOLLOWER at term 372 for recognizeCandidate:d2424f4d-20d2-4104-abcc-02e6288f3ffc
2019-10-17 21:16:16,398 [grpc-default-executor-4] INFO  impl.RoleInfo (RoleInfo.java:shutdownFollowerState(121)) - 3909bd6a-278d-4911-9d70-32680c972d02: shutdown FollowerState
2019-10-17 21:16:16,398 [grpc-default-executor-2] INFO  impl.RaftServerImpl (RaftServerImpl.java:setRole(184)) - 7c510082-4284-44ef-8cd9-bb38fb15579f@group-62509A8A5C15: changes role from  FOLLOWER to FOLLOWER at term 372 for recognizeCandidate:d2424f4d-20d2-4104-abcc-02e6288f3ffc
2019-10-17 21:16:16,398 [grpc-default-executor-2] INFO  impl.RoleInfo (RoleInfo.java:shutdownFollowerState(121)) - 7c510082-4284-44ef-8cd9-bb38fb15579f: shutdown FollowerState
2019-10-17 21:16:16,398 [Thread-2491] INFO  impl.FollowerState (FollowerState.java:run(117)) - 3909bd6a-278d-4911-9d70-32680c972d02@group-62509A8A5C15-FollowerState was interrupted: java.lang.InterruptedException: sleep interrupted
2019-10-17 21:16:16,398 [Thread-2490] INFO  impl.FollowerState (FollowerState.java:run(117)) - 7c510082-4284-44ef-8cd9-bb38fb15579f@group-62509A8A5C15-FollowerState was interrupted: java.lang.InterruptedException: sleep interrupted
2019-10-17 21:16:16,398 [grpc-default-executor-4] INFO  impl.RoleInfo (RoleInfo.java:updateAndGet(143)) - 3909bd6a-278d-4911-9d70-32680c972d02: start FollowerState
2019-10-17 21:16:16,398 [grpc-default-executor-2] INFO  impl.RoleInfo (RoleInfo.java:updateAndGet(143)) - 7c510082-4284-44ef-8cd9-bb38fb15579f: start FollowerState
2019-10-17 21:16:16,412 [d2424f4d-20d2-4104-abcc-02e6288f3ffc@group-62509A8A5C15-LeaderElection337] INFO  impl.LeaderElection (LeaderElection.java:logAndReturn(56)) - d2424f4d-20d2-4104-abcc-02e6288f3ffc@group-62509A8A5C15-LeaderElection337: Election REJECTED; received 2 response(s) [d2424f4d-20d2-4104-abcc-02e6288f3ffc<-3909bd6a-278d-4911-9d70-32680c972d02#0:FAIL-t372, d2424f4d-20d2-4104-abcc-02e6288f3ffc<-7c510082-4284-44ef-8cd9-bb38fb15579f#0:FAIL-t372] and 0 exception(s); d2424f4d-20d2-4104-abcc-02e6288f3ffc@group-62509A8A5C15:t372, leader=null, voted=d2424f4d-20d2-4104-abcc-02e6288f3ffc, raftlog=d2424f4d-20d2-4104-abcc-02e6288f3ffc@group-62509A8A5C15-SegmentedRaftLog:OPENED:c-1,f-1,i0, conf=-1: [3909bd6a-278d-4911-9d70-32680c972d02:192.168.157.223:33343, d2424f4d-20d2-4104-abcc-02e6288f3ffc:192.168.157.223:39352, 7c510082-4284-44ef-8cd9-bb38fb15579f:192.168.157.223:33098], old=null
2019-10-17 21:16:16,413 [d2424f4d-20d2-4104-abcc-02e6288f3ffc@group-62509A8A5C15-LeaderElection337] INFO  impl.RaftServerImpl (RaftServerImpl.java:setRole(184)) - d2424f4d-20d2-4104-abcc-02e6288f3ffc@group-62509A8A5C15: changes role from CANDIDATE to FOLLOWER at term 372 for DISCOVERED_A_NEW_TERM
2019-10-17 21:16:16,413 [d2424f4d-20d2-4104-abcc-02e6288f3ffc@group-62509A8A5C15-LeaderElection337] INFO  impl.RoleInfo (RoleInfo.java:shutdownLeaderElection(134)) - d2424f4d-20d2-4104-abcc-02e6288f3ffc: shutdown LeaderElection
2019-10-17 21:16:16,413 [d2424f4d-20d2-4104-abcc-02e6288f3ffc@group-62509A8A5C15-LeaderElection337] INFO  impl.RoleInfo (RoleInfo.java:updateAndGet(143)) - d2424f4d-20d2-4104-abcc-02e6288f3ffc: start FollowerState
2019-10-17 21:16:16,540 [Thread-2496] INFO  impl.FollowerState (FollowerState.java:run(108)) - d2424f4d-20d2-4104-abcc-02e6288f3ffc@group-62509A8A5C15-FollowerState: change to CANDIDATE, lastRpcTime:127ms, electionTimeout:127ms
2019-10-17 21:16:16,540 [Thread-2496] INFO  impl.RoleInfo (RoleInfo.java:shutdownFollowerState(121)) - d2424f4d-20d2-4104-abcc-02e6288f3ffc: shutdown FollowerState
2019-10-17 21:16:16,541 [Thread-2496] INFO  impl.RaftServerImpl (RaftServerImpl.java:setRole(184)) - d2424f4d-20d2-4104-abcc-02e6288f3ffc@group-62509A8A5C15: changes role from  FOLLOWER to CANDIDATE at term 372 for changeToCandidate
2019-10-17 21:16:16,541 [Thread-2496] INFO  impl.RoleInfo (RoleInfo.java:updateAndGet(143)) - d2424f4d-20d2-4104-abcc-02e6288f3ffc: start LeaderElection
2019-10-17 21:16:16,566 [d2424f4d-20d2-4104-abcc-02e6288f3ffc@group-62509A8A5C15-LeaderElection338] INFO  impl.LeaderElection (LeaderElection.java:askForVotes(178)) - d2424f4d-20d2-4104-abcc-02e6288f3ffc@group-62509A8A5C15-LeaderElection338: begin an election at term 373 for -1: [3909bd6a-278d-4911-9d70-32680c972d02:192.168.157.223:33343, d2424f4d-20d2-4104-abcc-02e6288f3ffc:192.168.157.223:39352, 7c510082-4284-44ef-8cd9-bb38fb15579f:192.168.157.223:33098], old=null
2019-10-17 21:16:16,568 [grpc-default-executor-4] INFO  impl.RaftServerImpl (RaftServerImpl.java:setRole(184)) - 3909bd6a-278d-4911-9d70-32680c972d02@group-62509A8A5C15: changes role from  FOLLOWER to FOLLOWER at term 373 for recognizeCandidate:d2424f4d-20d2-4104-abcc-02e6288f3ffc
2019-10-17 21:16:16,568 [grpc-default-executor-2] INFO  impl.RaftServerImpl (RaftServerImpl.java:setRole(184)) - 7c510082-4284-44ef-8cd9-bb38fb15579f@group-62509A8A5C15: changes role from  FOLLOWER to FOLLOWER at term 373 for recognizeCandidate:d2424f4d-20d2-4104-abcc-02e6288f3ffc
2019-10-17 21:16:16,568 [grpc-default-executor-4] INFO  impl.RoleInfo (RoleInfo.java:shutdownFollowerState(121)) - 3909bd6a-278d-4911-9d70-32680c972d02: shutdown FollowerState
2019-10-17 21:16:16,569 [grpc-default-executor-2] INFO  impl.RoleInfo (RoleInfo.java:shutdownFollowerState(121)) - 7c510082-4284-44ef-8cd9-bb38fb15579f: shutdown FollowerState
2019-10-17 21:16:16,569 [Thread-2494] INFO  impl.FollowerState (FollowerState.java:run(117)) - 3909bd6a-278d-4911-9d70-32680c972d02@group-62509A8A5C15-FollowerState was interrupted: java.lang.InterruptedException: sleep interrupted
2019-10-17 21:16:16,569 [grpc-default-executor-4] INFO  impl.RoleInfo (RoleInfo.java:updateAndGet(143)) - 3909bd6a-278d-4911-9d70-32680c972d02: start FollowerState
2019-10-17 21:16:16,569 [Thread-2495] INFO  impl.FollowerState (FollowerState.java:run(117)) - 7c510082-4284-44ef-8cd9-bb38fb15579f@group-62509A8A5C15-FollowerState was interrupted: java.lang.InterruptedException: sleep interrupted
2019-10-17 21:16:16,569 [grpc-default-executor-2] INFO  impl.RoleInfo (RoleInfo.java:updateAndGet(143)) - 7c510082-4284-44ef-8cd9-bb38fb15579f: start FollowerState
2019-10-17 21:16:16,583 [d2424f4d-20d2-4104-abcc-02e6288f3ffc@group-62509A8A5C15-LeaderElection338] INFO  impl.LeaderElection (LeaderElection.java:logAndReturn(56)) - d2424f4d-20d2-4104-abcc-02e6288f3ffc@group-62509A8A5C15-LeaderElection338: Election REJECTED; received 2 response(s) [d2424f4d-20d2-4104-abcc-02e6288f3ffc<-3909bd6a-278d-4911-9d70-32680c972d02#0:FAIL-t373, d2424f4d-20d2-4104-abcc-02e6288f3ffc<-7c510082-4284-44ef-8cd9-bb38fb15579f#0:FAIL-t373] and 0 exception(s); d2424f4d-20d2-4104-abcc-02e6288f3ffc@group-62509A8A5C15:t373, leader=null, voted=d2424f4d-20d2-4104-abcc-02e6288f3ffc, raftlog=d2424f4d-20d2-4104-abcc-02e6288f3ffc@group-62509A8A5C15-SegmentedRaftLog:OPENED:c-1,f-1,i0, conf=-1: [3909bd6a-278d-4911-9d70-32680c972d02:192.168.157.223:33343, d2424f4d-20d2-4104-abcc-02e6288f3ffc:192.168.157.223:39352, 7c510082-4284-44ef-8cd9-bb38fb15579f:192.168.157.223:33098], old=null
2019-10-17 21:16:16,584 [d2424f4d-20d2-4104-abcc-02e6288f3ffc@group-62509A8A5C15-LeaderElection338] INFO  impl.RaftServerImpl (RaftServerImpl.java:setRole(184)) - d2424f4d-20d2-4104-abcc-02e6288f3ffc@group-62509A8A5C15: changes role from CANDIDATE to FOLLOWER at term 373 for DISCOVERED_A_NEW_TERM
2019-10-17 21:16:16,584 [d2424f4d-20d2-4104-abcc-02e6288f3ffc@group-62509A8A5C15-LeaderElection338] INFO  impl.RoleInfo (RoleInfo.java:shutdownLeaderElection(134)) - d2424f4d-20d2-4104-abcc-02e6288f3ffc: shutdown LeaderElection
2019-10-17 21:16:16,584 [d2424f4d-20d2-4104-abcc-02e6288f3ffc@group-62509A8A5C15-LeaderElection338] INFO  impl.RoleInfo (RoleInfo.java:updateAndGet(143)) - d2424f4d-20d2-4104-abcc-02e6288f3ffc: start FollowerState
2019-10-17 21:16:16,714 [Thread-2502] INFO  impl.FollowerState (FollowerState.java:run(108)) - d2424f4d-20d2-4104-abcc-02e6288f3ffc@group-62509A8A5C15-FollowerState: change to CANDIDATE, lastRpcTime:130ms, electionTimeout:130ms
2019-10-17 21:16:16,714 [Thread-2502] INFO  impl.RoleInfo (RoleInfo.java:shutdownFollowerState(121)) - d2424f4d-20d2-4104-abcc-02e6288f3ffc: shutdown FollowerState
2019-10-17 21:16:16,715 [Thread-2502] INFO  impl.RaftServerImpl (RaftServerImpl.java:setRole(184)) - d2424f4d-20d2-4104-abcc-02e6288f3ffc@group-62509A8A5C15: changes role from  FOLLOWER to CANDIDATE at term 373 for changeToCandidate
2019-10-17 21:16:16,715 [Thread-2502] INFO  impl.RoleInfo (RoleInfo.java:updateAndGet(143)) - d2424f4d-20d2-4104-abcc-02e6288f3ffc: start LeaderElection
2019-10-17 21:16:16,728 [d2424f4d-20d2-4104-abcc-02e6288f3ffc@group-62509A8A5C15-LeaderElection339] INFO  impl.LeaderElection (LeaderElection.java:askForVotes(178)) - d2424f4d-20d2-4104-abcc-02e6288f3ffc@group-62509A8A5C15-LeaderElection339: begin an election at term 374 for -1: [3909bd6a-278d-4911-9d70-32680c972d02:192.168.157.223:33343, d2424f4d-20d2-4104-abcc-02e6288f3ffc:192.168.157.223:39352, 7c510082-4284-44ef-8cd9-bb38fb15579f:192.168.157.223:33098], old=null
2019-10-17 21:16:16,729 [grpc-default-executor-4] INFO  impl.RaftServerImpl (RaftServerImpl.java:setRole(184)) - 3909bd6a-278d-4911-9d70-32680c972d02@group-62509A8A5C15: changes role from  FOLLOWER to FOLLOWER at term 374 for recognizeCandidate:d2424f4d-20d2-4104-abcc-02e6288f3ffc
2019-10-17 21:16:16,729 [grpc-default-executor-4] INFO  impl.RoleInfo (RoleInfo.java:shutdownFollowerState(121)) - 3909bd6a-278d-4911-9d70-32680c972d02: shutdown FollowerState
2019-10-17 21:16:16,729 [grpc-default-executor-2] INFO  impl.RaftServerImpl (RaftServerImpl.java:setRole(184)) - 7c510082-4284-44ef-8cd9-bb38fb15579f@group-62509A8A5C15: changes role from  FOLLOWER to FOLLOWER at term 374 for recognizeCandidate:d2424f4d-20d2-4104-abcc-02e6288f3ffc
2019-10-17 21:16:16,730 [grpc-default-executor-2] INFO  impl.RoleInfo (RoleInfo.java:shutdownFollowerState(121)) - 7c510082-4284-44ef-8cd9-bb38fb15579f: shutdown FollowerState
2019-10-17 21:16:16,730 [grpc-default-executor-2] INFO  impl.RoleInfo (RoleInfo.java:updateAndGet(143)) - 7c510082-4284-44ef-8cd9-bb38fb15579f: start FollowerState
2019-10-17 21:16:16,730 [Thread-2500] INFO  impl.FollowerState (FollowerState.java:run(117)) - 3909bd6a-278d-4911-9d70-32680c972d02@group-62509A8A5C15-FollowerState was interrupted: java.lang.InterruptedException: sleep interrupted
2019-10-17 21:16:16,730 [grpc-default-executor-4] INFO  impl.RoleInfo (RoleInfo.java:updateAndGet(143)) - 3909bd6a-278d-4911-9d70-32680c972d02: start FollowerState
2019-10-17 21:16:16,730 [Thread-2501] INFO  impl.FollowerState (FollowerState.java:run(117)) - 7c510082-4284-44ef-8cd9-bb38fb15579f@group-62509A8A5C15-FollowerState was interrupted: java.lang.InterruptedException: sleep interrupted
2019-10-17 21:16:16,747 [d2424f4d-20d2-4104-abcc-02e6288f3ffc@group-62509A8A5C15-LeaderElection339] INFO  impl.LeaderElection (LeaderElection.java:logAndReturn(56)) - d2424f4d-20d2-4104-abcc-02e6288f3ffc@group-62509A8A5C15-LeaderElection339: Election REJECTED; received 2 response(s) [d2424f4d-20d2-4104-abcc-02e6288f3ffc<-3909bd6a-278d-4911-9d70-32680c972d02#0:FAIL-t374, d2424f4d-20d2-4104-abcc-02e6288f3ffc<-7c510082-4284-44ef-8cd9-bb38fb15579f#0:FAIL-t374] and 0 exception(s); d2424f4d-20d2-4104-abcc-02e6288f3ffc@group-62509A8A5C15:t374, leader=null, voted=d2424f4d-20d2-4104-abcc-02e6288f3ffc, raftlog=d2424f4d-20d2-4104-abcc-02e6288f3ffc@group-62509A8A5C15-SegmentedRaftLog:OPENED:c-1,f-1,i0, conf=-1: [3909bd6a-278d-4911-9d70-32680c972d02:192.168.157.223:33343, d2424f4d-20d2-4104-abcc-02e6288f3ffc:192.168.157.223:39352, 7c510082-4284-44ef-8cd9-bb38fb15579f:192.168.157.223:33098], old=null
2019-10-17 21:16:16,747 [d2424f4d-20d2-4104-abcc-02e6288f3ffc@group-62509A8A5C15-LeaderElection339] INFO  impl.RaftServerImpl (RaftServerImpl.java:setRole(184)) - d2424f4d-20d2-4104-abcc-02e6288f3ffc@group-62509A8A5C15: changes role from CANDIDATE to FOLLOWER at term 374 for DISCOVERED_A_NEW_TERM
2019-10-17 21:16:16,747 [d2424f4d-20d2-4104-abcc-02e6288f3ffc@group-62509A8A5C15-LeaderElection339] INFO  impl.RoleInfo (RoleInfo.java:shutdownLeaderElection(134)) - d2424f4d-20d2-4104-abcc-02e6288f3ffc: shutdown LeaderElection
2019-10-17 21:16:16,748 [d2424f4d-20d2-4104-abcc-02e6288f3ffc@group-62509A8A5C15-LeaderElection339] INFO  impl.RoleInfo (RoleInfo.java:updateAndGet(143)) - d2424f4d-20d2-4104-abcc-02e6288f3ffc: start FollowerState
2019-10-17 21:16:16,942 [Thread-2508] INFO  impl.FollowerState (FollowerState.java:run(108)) - d2424f4d-20d2-4104-abcc-02e6288f3ffc@group-62509A8A5C15-FollowerState: change to CANDIDATE, lastRpcTime:194ms, electionTimeout:194ms
2019-10-17 21:16:16,942 [Thread-2508] INFO  impl.RoleInfo (RoleInfo.java:shutdownFollowerState(121)) - d2424f4d-20d2-4104-abcc-02e6288f3ffc: shutdown FollowerState
2019-10-17 21:16:16,942 [Thread-2508] INFO  impl.RaftServerImpl (RaftServerImpl.java:setRole(184)) - d2424f4d-20d2-4104-abcc-02e6288f3ffc@group-62509A8A5C15: changes role from  FOLLOWER to CANDIDATE at term 374 for changeToCandidate
2019-10-17 21:16:16,942 [Thread-2508] INFO  impl.RoleInfo (RoleInfo.java:updateAndGet(143)) - d2424f4d-20d2-4104-abcc-02e6288f3ffc: start LeaderElection
2019-10-17 21:16:16,965 [d2424f4d-20d2-4104-abcc-02e6288f3ffc@group-62509A8A5C15-LeaderElection340] INFO  impl.LeaderElection (LeaderElection.java:askForVotes(178)) - d2424f4d-20d2-4104-abcc-02e6288f3ffc@group-62509A8A5C15-LeaderElection340: begin an election at term 375 for -1: [3909bd6a-278d-4911-9d70-32680c972d02:192.168.157.223:33343, d2424f4d-20d2-4104-abcc-02e6288f3ffc:192.168.157.223:39352, 7c510082-4284-44ef-8cd9-bb38fb15579f:192.168.157.223:33098], old=null
2019-10-17 21:16:16,966 [grpc-default-executor-2] INFO  impl.RaftServerImpl (RaftServerImpl.java:setRole(184)) - 3909bd6a-278d-4911-9d70-32680c972d02@group-62509A8A5C15: changes role from  FOLLOWER to FOLLOWER at term 375 for recognizeCandidate:d2424f4d-20d2-4104-abcc-02e6288f3ffc
2019-10-17 21:16:16,966 [grpc-default-executor-2] INFO  impl.RoleInfo (RoleInfo.java:shutdownFollowerState(121)) - 3909bd6a-278d-4911-9d70-32680c972d02: shutdown FollowerState
2019-10-17 21:16:16,966 [grpc-default-executor-4] INFO  impl.RaftServerImpl (RaftServerImpl.java:setRole(184)) - 7c510082-4284-44ef-8cd9-bb38fb15579f@group-62509A8A5C15: changes role from  FOLLOWER to FOLLOWER at term 375 for recognizeCandidate:d2424f4d-20d2-4104-abcc-02e6288f3ffc
2019-10-17 21:16:16,967 [Thread-2506] INFO  impl.FollowerState (FollowerState.java:run(117)) - 3909bd6a-278d-4911-9d70-32680c972d02@group-62509A8A5C15-FollowerState was interrupted: java.lang.InterruptedException: sleep interrupted
2019-10-17 21:16:16,966 [grpc-default-executor-2] INFO  impl.RoleInfo (RoleInfo.java:updateAndGet(143)) - 3909bd6a-278d-4911-9d70-32680c972d02: start FollowerState
2019-10-17 21:16:16,967 [grpc-default-executor-4] INFO  impl.RoleInfo (RoleInfo.java:shutdownFollowerState(121)) - 7c510082-4284-44ef-8cd9-bb38fb15579f: shutdown FollowerState
2019-10-17 21:16:16,967 [grpc-default-executor-4] INFO  impl.RoleInfo (RoleInfo.java:updateAndGet(143)) - 7c510082-4284-44ef-8cd9-bb38fb15579f: start FollowerState
2019-10-17 21:16:16,967 [Thread-2507] INFO  impl.FollowerState (FollowerState.java:run(117)) - 7c510082-4284-44ef-8cd9-bb38fb15579f@group-62509A8A5C15-FollowerState was interrupted: java.lang.InterruptedException: sleep interrupted
2019-10-17 21:16:16,993 [d2424f4d-20d2-4104-abcc-02e6288f3ffc@group-62509A8A5C15-LeaderElection340] INFO  impl.LeaderElection (LeaderElection.java:logAndReturn(56)) - d2424f4d-20d2-4104-abcc-02e6288f3ffc@group-62509A8A5C15-LeaderElection340: Election REJECTED; received 2 response(s) [d2424f4d-20d2-4104-abcc-02e6288f3ffc<-3909bd6a-278d-4911-9d70-32680c972d02#0:FAIL-t375, d2424f4d-20d2-4104-abcc-02e6288f3ffc<-7c510082-4284-44ef-8cd9-bb38fb15579f#0:FAIL-t375] and 0 exception(s); d2424f4d-20d2-4104-abcc-02e6288f3ffc@group-62509A8A5C15:t375, leader=null, voted=d2424f4d-20d2-4104-abcc-02e6288f3ffc, raftlog=d2424f4d-20d2-4104-abcc-02e6288f3ffc@group-62509A8A5C15-SegmentedRaftLog:OPENED:c-1,f-1,i0, conf=-1: [3909bd6a-278d-4911-9d70-32680c972d02:192.168.157.223:33343, d2424f4d-20d2-4104-abcc-02e6288f3ffc:192.168.157.223:39352, 7c510082-4284-44ef-8cd9-bb38fb15579f:192.168.157.223:33098], old=null
2019-10-17 21:16:16,993 [d2424f4d-20d2-4104-abcc-02e6288f3ffc@group-62509A8A5C15-LeaderElection340] INFO  impl.RaftServerImpl (RaftServerImpl.java:setRole(184)) - d2424f4d-20d2-4104-abcc-02e6288f3ffc@group-62509A8A5C15: changes role from CANDIDATE to FOLLOWER at term 375 for DISCOVERED_A_NEW_TERM
2019-10-17 21:16:16,993 [d2424f4d-20d2-4104-abcc-02e6288f3ffc@group-62509A8A5C15-LeaderElection340] INFO  impl.RoleInfo (RoleInfo.java:shutdownLeaderElection(134)) - d2424f4d-20d2-4104-abcc-02e6288f3ffc: shutdown LeaderElection
2019-10-17 21:16:16,994 [d2424f4d-20d2-4104-abcc-02e6288f3ffc@group-62509A8A5C15-LeaderElection340] INFO  impl.RoleInfo (RoleInfo.java:updateAndGet(143)) - d2424f4d-20d2-4104-abcc-02e6288f3ffc: start FollowerState
2019-10-17 21:16:17,034 [Thread-2514] INFO  impl.FollowerState (FollowerState.java:run(108)) - d2424f4d-20d2-4104-abcc-02e6288f3ffc@group-62509A8A5C15-FollowerState: change to CANDIDATE, lastRpcTime:40ms, electionTimeout:40ms
2019-10-17 21:16:17,035 [Thread-2514] INFO  impl.RoleInfo (RoleInfo.java:shutdownFollowerState(121)) - d2424f4d-20d2-4104-abcc-02e6288f3ffc: shutdown FollowerState
2019-10-17 21:16:17,035 [Thread-2514] INFO  impl.RaftServerImpl (RaftServerImpl.java:setRole(184)) - d2424f4d-20d2-4104-abcc-02e6288f3ffc@group-62509A8A5C15: changes role from  FOLLOWER to CANDIDATE at term 375 for changeToCandidate
2019-10-17 21:16:17,035 [Thread-2514] INFO  impl.RoleInfo (RoleInfo.java:updateAndGet(143)) - d2424f4d-20d2-4104-abcc-02e6288f3ffc: start LeaderElection
2019-10-17 21:16:17,061 [d2424f4d-20d2-4104-abcc-02e6288f3ffc@group-62509A8A5C15-LeaderElection341] INFO  impl.LeaderElection (LeaderElection.java:askForVotes(178)) - d2424f4d-20d2-4104-abcc-02e6288f3ffc@group-62509A8A5C15-LeaderElection341: begin an election at term 376 for -1: [3909bd6a-278d-4911-9d70-32680c972d02:192.168.157.223:33343, d2424f4d-20d2-4104-abcc-02e6288f3ffc:192.168.157.223:39352, 7c510082-4284-44ef-8cd9-bb38fb15579f:192.168.157.223:33098], old=null
2019-10-17 21:16:17,063 [grpc-default-executor-4] INFO  impl.RaftServerImpl (RaftServerImpl.java:setRole(184)) - 3909bd6a-278d-4911-9d70-32680c972d02@group-62509A8A5C15: changes role from  FOLLOWER to FOLLOWER at term 376 for recognizeCandidate:d2424f4d-20d2-4104-abcc-02e6288f3ffc
2019-10-17 21:16:17,063 [grpc-default-executor-2] INFO  impl.RaftServerImpl (RaftServerImpl.java:setRole(184)) - 7c510082-4284-44ef-8cd9-bb38fb15579f@group-62509A8A5C15: changes role from  FOLLOWER to FOLLOWER at term 376 for recognizeCandidate:d2424f4d-20d2-4104-abcc-02e6288f3ffc
2019-10-17 21:16:17,063 [grpc-default-executor-4] INFO  impl.RoleInfo (RoleInfo.java:shutdownFollowerState(121)) - 3909bd6a-278d-4911-9d70-32680c972d02: shutdown FollowerState
2019-10-17 21:16:17,064 [grpc-default-executor-2] INFO  impl.RoleInfo (RoleInfo.java:shutdownFollowerState(121)) - 7c510082-4284-44ef-8cd9-bb38fb15579f: shutdown FollowerState
2019-10-17 21:16:17,064 [Thread-2512] INFO  impl.FollowerState (FollowerState.java:run(117)) - 3909bd6a-278d-4911-9d70-32680c972d02@group-62509A8A5C15-FollowerState was interrupted: java.lang.InterruptedException: sleep interrupted
2019-10-17 21:16:17,064 [grpc-default-executor-4] INFO  impl.RoleInfo (RoleInfo.java:updateAndGet(143)) - 3909bd6a-278d-4911-9d70-32680c972d02: start FollowerState
2019-10-17 21:16:17,064 [Thread-2513] INFO  impl.FollowerState (FollowerState.java:run(117)) - 7c510082-4284-44ef-8cd9-bb38fb15579f@group-62509A8A5C15-FollowerState was interrupted: java.lang.InterruptedException: sleep interrupted
2019-10-17 21:16:17,064 [grpc-default-executor-2] INFO  impl.RoleInfo (RoleInfo.java:updateAndGet(143)) - 7c510082-4284-44ef-8cd9-bb38fb15579f: start FollowerState
2019-10-17 21:16:17,091 [d2424f4d-20d2-4104-abcc-02e6288f3ffc@group-62509A8A5C15-LeaderElection341] INFO  impl.LeaderElection (LeaderElection.java:logAndReturn(56)) - d2424f4d-20d2-4104-abcc-02e6288f3ffc@group-62509A8A5C15-LeaderElection341: Election REJECTED; received 2 response(s) [d2424f4d-20d2-4104-abcc-02e6288f3ffc<-3909bd6a-278d-4911-9d70-32680c972d02#0:FAIL-t376, d2424f4d-20d2-4104-abcc-02e6288f3ffc<-7c510082-4284-44ef-8cd9-bb38fb15579f#0:FAIL-t376] and 0 exception(s); d2424f4d-20d2-4104-abcc-02e6288f3ffc@group-62509A8A5C15:t376, leader=null, voted=d2424f4d-20d2-4104-abcc-02e6288f3ffc, raftlog=d2424f4d-20d2-4104-abcc-02e6288f3ffc@group-62509A8A5C15-SegmentedRaftLog:OPENED:c-1,f-1,i0, conf=-1: [3909bd6a-278d-4911-9d70-32680c972d02:192.168.157.223:33343, d2424f4d-20d2-4104-abcc-02e6288f3ffc:192.168.157.223:39352, 7c510082-4284-44ef-8cd9-bb38fb15579f:192.168.157.223:33098], old=null
2019-10-17 21:16:17,091 [d2424f4d-20d2-4104-abcc-02e6288f3ffc@group-62509A8A5C15-LeaderElection341] INFO  impl.RaftServerImpl (RaftServerImpl.java:setRole(184)) - d2424f4d-20d2-4104-abcc-02e6288f3ffc@group-62509A8A5C15: changes role from CANDIDATE to FOLLOWER at term 376 for DISCOVERED_A_NEW_TERM
2019-10-17 21:16:17,091 [d2424f4d-20d2-4104-abcc-02e6288f3ffc@group-62509A8A5C15-LeaderElection341] INFO  impl.RoleInfo (RoleInfo.java:shutdownLeaderElection(134)) - d2424f4d-20d2-4104-abcc-02e6288f3ffc: shutdown LeaderElection
2019-10-17 21:16:17,092 [d2424f4d-20d2-4104-abcc-02e6288f3ffc@group-62509A8A5C15-LeaderElection341] INFO  impl.RoleInfo (RoleInfo.java:updateAndGet(143)) - d2424f4d-20d2-4104-abcc-02e6288f3ffc: start FollowerState
2019-10-17 21:16:17,166 [Thread-2520] INFO  impl.FollowerState (FollowerState.java:run(108)) - d2424f4d-20d2-4104-abcc-02e6288f3ffc@group-62509A8A5C15-FollowerState: change to CANDIDATE, lastRpcTime:74ms, electionTimeout:74ms
2019-10-17 21:16:17,166 [Thread-2520] INFO  impl.RoleInfo (RoleInfo.java:shutdownFollowerState(121)) - d2424f4d-20d2-4104-abcc-02e6288f3ffc: shutdown FollowerState
2019-10-17 21:16:17,166 [Thread-2520] INFO  impl.RaftServerImpl (RaftServerImpl.java:setRole(184)) - d2424f4d-20d2-4104-abcc-02e6288f3ffc@group-62509A8A5C15: changes role from  FOLLOWER to CANDIDATE at term 376 for changeToCandidate
2019-10-17 21:16:17,167 [Thread-2520] INFO  impl.RoleInfo (RoleInfo.java:updateAndGet(143)) - d2424f4d-20d2-4104-abcc-02e6288f3ffc: start LeaderElection
2019-10-17 21:16:17,182 [d2424f4d-20d2-4104-abcc-02e6288f3ffc@group-62509A8A5C15-LeaderElection342] INFO  impl.LeaderElection (LeaderElection.java:askForVotes(178)) - d2424f4d-20d2-4104-abcc-02e6288f3ffc@group-62509A8A5C15-LeaderElection342: begin an election at term 377 for -1: [3909bd6a-278d-4911-9d70-32680c972d02:192.168.157.223:33343, d2424f4d-20d2-4104-abcc-02e6288f3ffc:192.168.157.223:39352, 7c510082-4284-44ef-8cd9-bb38fb15579f:192.168.157.223:33098], old=null
2019-10-17 21:16:17,184 [grpc-default-executor-2] INFO  impl.RaftServerImpl (RaftServerImpl.java:setRole(184)) - 3909bd6a-278d-4911-9d70-32680c972d02@group-62509A8A5C15: changes role from  FOLLOWER to FOLLOWER at term 377 for recognizeCandidate:d2424f4d-20d2-4104-abcc-02e6288f3ffc
2019-10-17 21:16:17,184 [grpc-default-executor-4] INFO  impl.RaftServerImpl (RaftServerImpl.java:setRole(184)) - 7c510082-4284-44ef-8cd9-bb38fb15579f@group-62509A8A5C15: changes role from  FOLLOWER to FOLLOWER at term 377 for recognizeCandidate:d2424f4d-20d2-4104-abcc-02e6288f3ffc
2019-10-17 21:16:17,184 [grpc-default-executor-2] INFO  impl.RoleInfo (RoleInfo.java:shutdownFollowerState(121)) - 3909bd6a-278d-4911-9d70-32680c972d02: shutdown FollowerState
2019-10-17 21:16:17,184 [grpc-default-executor-4] INFO  impl.RoleInfo (RoleInfo.java:shutdownFollowerState(121)) - 7c510082-4284-44ef-8cd9-bb38fb15579f: shutdown FollowerState
2019-10-17 21:16:17,184 [grpc-default-executor-4] INFO  impl.RoleInfo (RoleInfo.java:updateAndGet(143)) - 7c510082-4284-44ef-8cd9-bb38fb15579f: start FollowerState
2019-10-17 21:16:17,184 [Thread-2518] INFO  impl.FollowerState (FollowerState.java:run(117)) - 3909bd6a-278d-4911-9d70-32680c972d02@group-62509A8A5C15-FollowerState was interrupted: java.lang.InterruptedException: sleep interrupted
2019-10-17 21:16:17,184 [grpc-default-executor-2] INFO  impl.RoleInfo (RoleInfo.java:updateAndGet(143)) - 3909bd6a-278d-4911-9d70-32680c972d02: start FollowerState
2019-10-17 21:16:17,184 [Thread-2519] INFO  impl.FollowerState (FollowerState.java:run(117)) - 7c510082-4284-44ef-8cd9-bb38fb15579f@group-62509A8A5C15-FollowerState was interrupted: java.lang.InterruptedException: sleep interrupted
2019-10-17 21:16:17,211 [d2424f4d-20d2-4104-abcc-02e6288f3ffc@group-62509A8A5C15-LeaderElection342] INFO  impl.LeaderElection (LeaderElection.java:logAndReturn(56)) - d2424f4d-20d2-4104-abcc-02e6288f3ffc@group-62509A8A5C15-LeaderElection342: Election REJECTED; received 2 response(s) [d2424f4d-20d2-4104-abcc-02e6288f3ffc<-3909bd6a-278d-4911-9d70-32680c972d02#0:FAIL-t377, d2424f4d-20d2-4104-abcc-02e6288f3ffc<-7c510082-4284-44ef-8cd9-bb38fb15579f#0:FAIL-t377] and 0 exception(s); d2424f4d-20d2-4104-abcc-02e6288f3ffc@group-62509A8A5C15:t377, leader=null, voted=d2424f4d-20d2-4104-abcc-02e6288f3ffc, raftlog=d2424f4d-20d2-4104-abcc-02e6288f3ffc@group-62509A8A5C15-SegmentedRaftLog:OPENED:c-1,f-1,i0, conf=-1: [3909bd6a-278d-4911-9d70-32680c972d02:192.168.157.223:33343, d2424f4d-20d2-4104-abcc-02e6288f3ffc:192.168.157.223:39352, 7c510082-4284-44ef-8cd9-bb38fb15579f:192.168.157.223:33098], old=null
2019-10-17 21:16:17,211 [d2424f4d-20d2-4104-abcc-02e6288f3ffc@group-62509A8A5C15-LeaderElection342] INFO  impl.RaftServerImpl (RaftServerImpl.java:setRole(184)) - d2424f4d-20d2-4104-abcc-02e6288f3ffc@group-62509A8A5C15: changes role from CANDIDATE to FOLLOWER at term 377 for DISCOVERED_A_NEW_TERM
2019-10-17 21:16:17,211 [d2424f4d-20d2-4104-abcc-02e6288f3ffc@group-62509A8A5C15-LeaderElection342] INFO  impl.RoleInfo (RoleInfo.java:shutdownLeaderElection(134)) - d2424f4d-20d2-4104-abcc-02e6288f3ffc: shutdown LeaderElection
2019-10-17 21:16:17,211 [d2424f4d-20d2-4104-abcc-02e6288f3ffc@group-62509A8A5C15-LeaderElection342] INFO  impl.RoleInfo (RoleInfo.java:updateAndGet(143)) - d2424f4d-20d2-4104-abcc-02e6288f3ffc: start FollowerState
2019-10-17 21:16:17,361 [Thread-2526] INFO  impl.FollowerState (FollowerState.java:run(108)) - d2424f4d-20d2-4104-abcc-02e6288f3ffc@group-62509A8A5C15-FollowerState: change to CANDIDATE, lastRpcTime:149ms, electionTimeout:149ms
2019-10-17 21:16:17,361 [Thread-2526] INFO  impl.RoleInfo (RoleInfo.java:shutdownFollowerState(121)) - d2424f4d-20d2-4104-abcc-02e6288f3ffc: shutdown FollowerState
2019-10-17 21:16:17,361 [Thread-2526] INFO  impl.RaftServerImpl (RaftServerImpl.java:setRole(184)) - d2424f4d-20d2-4104-abcc-02e6288f3ffc@group-62509A8A5C15: changes role from  FOLLOWER to CANDIDATE at term 377 for changeToCandidate
2019-10-17 21:16:17,361 [Thread-2526] INFO  impl.RoleInfo (RoleInfo.java:updateAndGet(143)) - d2424f4d-20d2-4104-abcc-02e6288f3ffc: start LeaderElection
2019-10-17 21:16:17,387 [d2424f4d-20d2-4104-abcc-02e6288f3ffc@group-62509A8A5C15-LeaderElection343] INFO  impl.LeaderElection (LeaderElection.java:askForVotes(178)) - d2424f4d-20d2-4104-abcc-02e6288f3ffc@group-62509A8A5C15-LeaderElection343: begin an election at term 378 for -1: [3909bd6a-278d-4911-9d70-32680c972d02:192.168.157.223:33343, d2424f4d-20d2-4104-abcc-02e6288f3ffc:192.168.157.223:39352, 7c510082-4284-44ef-8cd9-bb38fb15579f:192.168.157.223:33098], old=null
2019-10-17 21:16:17,388 [grpc-default-executor-4] INFO  impl.RaftServerImpl (RaftServerImpl.java:setRole(184)) - 3909bd6a-278d-4911-9d70-32680c972d02@group-62509A8A5C15: changes role from  FOLLOWER to FOLLOWER at term 378 for recognizeCandidate:d2424f4d-20d2-4104-abcc-02e6288f3ffc
2019-10-17 21:16:17,388 [grpc-default-executor-4] INFO  impl.RoleInfo (RoleInfo.java:shutdownFollowerState(121)) - 3909bd6a-278d-4911-9d70-32680c972d02: shutdown FollowerState
2019-10-17 21:16:17,389 [grpc-default-executor-2] INFO  impl.RaftServerImpl (RaftServerImpl.java:setRole(184)) - 7c510082-4284-44ef-8cd9-bb38fb15579f@group-62509A8A5C15: changes role from  FOLLOWER to FOLLOWER at term 378 for recognizeCandidate:d2424f4d-20d2-4104-abcc-02e6288f3ffc
2019-10-17 21:16:17,389 [Thread-2524] INFO  impl.FollowerState (FollowerState.java:run(117)) - 3909bd6a-278d-4911-9d70-32680c972d02@group-62509A8A5C15-FollowerState was interrupted: java.lang.InterruptedException: sleep interrupted
2019-10-17 21:16:17,389 [grpc-default-executor-4] INFO  impl.RoleInfo (RoleInfo.java:updateAndGet(143)) - 3909bd6a-278d-4911-9d70-32680c972d02: start FollowerState
2019-10-17 21:16:17,389 [grpc-default-executor-2] INFO  impl.RoleInfo (RoleInfo.java:shutdownFollowerState(121)) - 7c510082-4284-44ef-8cd9-bb38fb15579f: shutdown FollowerState
2019-10-17 21:16:17,389 [grpc-default-executor-2] INFO  impl.RoleInfo (RoleInfo.java:updateAndGet(143)) - 7c510082-4284-44ef-8cd9-bb38fb15579f: start FollowerState
2019-10-17 21:16:17,389 [Thread-2525] INFO  impl.FollowerState (FollowerState.java:run(117)) - 7c510082-4284-44ef-8cd9-bb38fb15579f@group-62509A8A5C15-FollowerState was interrupted: java.lang.InterruptedException: sleep interrupted
2019-10-17 21:16:17,406 [d2424f4d-20d2-4104-abcc-02e6288f3ffc@group-62509A8A5C15-LeaderElection343] INFO  impl.LeaderElection (LeaderElection.java:logAndReturn(56)) - d2424f4d-20d2-4104-abcc-02e6288f3ffc@group-62509A8A5C15-LeaderElection343: Election TIMEOUT; received 0 response(s) [] and 0 exception(s); d2424f4d-20d2-4104-abcc-02e6288f3ffc@group-62509A8A5C15:t378, leader=null, voted=d2424f4d-20d2-4104-abcc-02e6288f3ffc, raftlog=d2424f4d-20d2-4104-abcc-02e6288f3ffc@group-62509A8A5C15-SegmentedRaftLog:OPENED:c-1,f-1,i0, conf=-1: [3909bd6a-278d-4911-9d70-32680c972d02:192.168.157.223:33343, d2424f4d-20d2-4104-abcc-02e6288f3ffc:192.168.157.223:39352, 7c510082-4284-44ef-8cd9-bb38fb15579f:192.168.157.223:33098], old=null
2019-10-17 21:16:17,416 [d2424f4d-20d2-4104-abcc-02e6288f3ffc@group-62509A8A5C15-LeaderElection343] INFO  impl.LeaderElection (LeaderElection.java:askForVotes(178)) - d2424f4d-20d2-4104-abcc-02e6288f3ffc@group-62509A8A5C15-LeaderElection343: begin an election at term 379 for -1: [3909bd6a-278d-4911-9d70-32680c972d02:192.168.157.223:33343, d2424f4d-20d2-4104-abcc-02e6288f3ffc:192.168.157.223:39352, 7c510082-4284-44ef-8cd9-bb38fb15579f:192.168.157.223:33098], old=null
2019-10-17 21:16:17,418 [grpc-default-executor-4] INFO  impl.RaftServerImpl (RaftServerImpl.java:setRole(184)) - 3909bd6a-278d-4911-9d70-32680c972d02@group-62509A8A5C15: changes role from  FOLLOWER to FOLLOWER at term 379 for recognizeCandidate:d2424f4d-20d2-4104-abcc-02e6288f3ffc
2019-10-17 21:16:17,418 [grpc-default-executor-4] INFO  impl.RoleInfo (RoleInfo.java:shutdownFollowerState(121)) - 3909bd6a-278d-4911-9d70-32680c972d02: shutdown FollowerState
2019-10-17 21:16:17,418 [grpc-default-executor-4] INFO  impl.RoleInfo (RoleInfo.java:updateAndGet(143)) - 3909bd6a-278d-4911-9d70-32680c972d02: start FollowerState
2019-10-17 21:16:17,418 [Thread-2532] INFO  impl.FollowerState (FollowerState.java:run(117)) - 3909bd6a-278d-4911-9d70-32680c972d02@group-62509A8A5C15-FollowerState was interrupted: java.lang.InterruptedException: sleep interrupted
2019-10-17 21:16:17,418 [grpc-default-executor-2] INFO  impl.RaftServerImpl (RaftServerImpl.java:setRole(184)) - 7c510082-4284-44ef-8cd9-bb38fb15579f@group-62509A8A5C15: changes role from  FOLLOWER to FOLLOWER at term 379 for recognizeCandidate:d2424f4d-20d2-4104-abcc-02e6288f3ffc
2019-10-17 21:16:17,419 [grpc-default-executor-2] INFO  impl.RoleInfo (RoleInfo.java:shutdownFollowerState(121)) - 7c510082-4284-44ef-8cd9-bb38fb15579f: shutdown FollowerState
2019-10-17 21:16:17,419 [grpc-default-executor-2] INFO  impl.RoleInfo (RoleInfo.java:updateAndGet(143)) - 7c510082-4284-44ef-8cd9-bb38fb15579f: start FollowerState
2019-10-17 21:16:17,419 [Thread-2533] INFO  impl.FollowerState (FollowerState.java:run(117)) - 7c510082-4284-44ef-8cd9-bb38fb15579f@group-62509A8A5C15-FollowerState was interrupted: java.lang.InterruptedException: sleep interrupted
2019-10-17 21:16:17,444 [d2424f4d-20d2-4104-abcc-02e6288f3ffc@group-62509A8A5C15-LeaderElection343] INFO  impl.LeaderElection (LeaderElection.java:logAndReturn(56)) - d2424f4d-20d2-4104-abcc-02e6288f3ffc@group-62509A8A5C15-LeaderElection343: Election REJECTED; received 2 response(s) [d2424f4d-20d2-4104-abcc-02e6288f3ffc<-3909bd6a-278d-4911-9d70-32680c972d02#0:FAIL-t379, d2424f4d-20d2-4104-abcc-02e6288f3ffc<-7c510082-4284-44ef-8cd9-bb38fb15579f#0:FAIL-t379] and 0 exception(s); d2424f4d-20d2-4104-abcc-02e6288f3ffc@group-62509A8A5C15:t379, leader=null, voted=d2424f4d-20d2-4104-abcc-02e6288f3ffc, raftlog=d2424f4d-20d2-4104-abcc-02e6288f3ffc@group-62509A8A5C15-SegmentedRaftLog:OPENED:c-1,f-1,i0, conf=-1: [3909bd6a-278d-4911-9d70-32680c972d02:192.168.157.223:33343, d2424f4d-20d2-4104-abcc-02e6288f3ffc:192.168.157.223:39352, 7c510082-4284-44ef-8cd9-bb38fb15579f:192.168.157.223:33098], old=null
2019-10-17 21:16:17,444 [d2424f4d-20d2-4104-abcc-02e6288f3ffc@group-62509A8A5C15-LeaderElection343] INFO  impl.RaftServerImpl (RaftServerImpl.java:setRole(184)) - d2424f4d-20d2-4104-abcc-02e6288f3ffc@group-62509A8A5C15: changes role from CANDIDATE to FOLLOWER at term 379 for DISCOVERED_A_NEW_TERM
2019-10-17 21:16:17,444 [d2424f4d-20d2-4104-abcc-02e6288f3ffc@group-62509A8A5C15-LeaderElection343] INFO  impl.RoleInfo (RoleInfo.java:shutdownLeaderElection(134)) - d2424f4d-20d2-4104-abcc-02e6288f3ffc: shutdown LeaderElection
2019-10-17 21:16:17,444 [d2424f4d-20d2-4104-abcc-02e6288f3ffc@group-62509A8A5C15-LeaderElection343] INFO  impl.RoleInfo (RoleInfo.java:updateAndGet(143)) - d2424f4d-20d2-4104-abcc-02e6288f3ffc: start FollowerState
2019-10-17 21:16:17,578 [Thread-2538] INFO  impl.FollowerState (FollowerState.java:run(108)) - d2424f4d-20d2-4104-abcc-02e6288f3ffc@group-62509A8A5C15-FollowerState: change to CANDIDATE, lastRpcTime:133ms, electionTimeout:133ms
2019-10-17 21:16:17,578 [Thread-2538] INFO  impl.RoleInfo (RoleInfo.java:shutdownFollowerState(121)) - d2424f4d-20d2-4104-abcc-02e6288f3ffc: shutdown FollowerState
2019-10-17 21:16:17,578 [Thread-2538] INFO  impl.RaftServerImpl (RaftServerImpl.java:setRole(184)) - d2424f4d-20d2-4104-abcc-02e6288f3ffc@group-62509A8A5C15: changes role from  FOLLOWER to CANDIDATE at term 379 for changeToCandidate
2019-10-17 21:16:17,578 [Thread-2538] INFO  impl.RoleInfo (RoleInfo.java:updateAndGet(143)) - d2424f4d-20d2-4104-abcc-02e6288f3ffc: start LeaderElection
2019-10-17 21:16:17,590 [d2424f4d-20d2-4104-abcc-02e6288f3ffc@group-62509A8A5C15-LeaderElection344] INFO  impl.LeaderElection (LeaderElection.java:askForVotes(178)) - d2424f4d-20d2-4104-abcc-02e6288f3ffc@group-62509A8A5C15-LeaderElection344: begin an election at term 380 for -1: [3909bd6a-278d-4911-9d70-32680c972d02:192.168.157.223:33343, d2424f4d-20d2-4104-abcc-02e6288f3ffc:192.168.157.223:39352, 7c510082-4284-44ef-8cd9-bb38fb15579f:192.168.157.223:33098], old=null
2019-10-17 21:16:17,592 [grpc-default-executor-4] INFO  impl.RaftServerImpl (RaftServerImpl.java:setRole(184)) - 3909bd6a-278d-4911-9d70-32680c972d02@group-62509A8A5C15: changes role from  FOLLOWER to FOLLOWER at term 380 for recognizeCandidate:d2424f4d-20d2-4104-abcc-02e6288f3ffc
2019-10-17 21:16:17,592 [grpc-default-executor-4] INFO  impl.RoleInfo (RoleInfo.java:shutdownFollowerState(121)) - 3909bd6a-278d-4911-9d70-32680c972d02: shutdown FollowerState
2019-10-17 21:16:17,592 [grpc-default-executor-2] INFO  impl.RaftServerImpl (RaftServerImpl.java:setRole(184)) - 7c510082-4284-44ef-8cd9-bb38fb15579f@group-62509A8A5C15: changes role from  FOLLOWER to FOLLOWER at term 380 for recognizeCandidate:d2424f4d-20d2-4104-abcc-02e6288f3ffc
2019-10-17 21:16:17,592 [Thread-2536] INFO  impl.FollowerState (FollowerState.java:run(117)) - 3909bd6a-278d-4911-9d70-32680c972d02@group-62509A8A5C15-FollowerState was interrupted: java.lang.InterruptedException: sleep interrupted
2019-10-17 21:16:17,592 [grpc-default-executor-4] INFO  impl.RoleInfo (RoleInfo.java:updateAndGet(143)) - 3909bd6a-278d-4911-9d70-32680c972d02: start FollowerState
2019-10-17 21:16:17,592 [grpc-default-executor-2] INFO  impl.RoleInfo (RoleInfo.java:shutdownFollowerState(121)) - 7c510082-4284-44ef-8cd9-bb38fb15579f: shutdown FollowerState
2019-10-17 21:16:17,593 [grpc-default-executor-2] INFO  impl.RoleInfo (RoleInfo.java:updateAndGet(143)) - 7c510082-4284-44ef-8cd9-bb38fb15579f: start FollowerState
2019-10-17 21:16:17,593 [Thread-2537] INFO  impl.FollowerState (FollowerState.java:run(117)) - 7c510082-4284-44ef-8cd9-bb38fb15579f@group-62509A8A5C15-FollowerState was interrupted: java.lang.InterruptedException: sleep interrupted
2019-10-17 21:16:17,619 [d2424f4d-20d2-4104-abcc-02e6288f3ffc@group-62509A8A5C15-LeaderElection344] INFO  impl.LeaderElection (LeaderElection.java:logAndReturn(56)) - d2424f4d-20d2-4104-abcc-02e6288f3ffc@group-62509A8A5C15-LeaderElection344: Election REJECTED; received 2 response(s) [d2424f4d-20d2-4104-abcc-02e6288f3ffc<-3909bd6a-278d-4911-9d70-32680c972d02#0:FAIL-t380, d2424f4d-20d2-4104-abcc-02e6288f3ffc<-7c510082-4284-44ef-8cd9-bb38fb15579f#0:FAIL-t380] and 0 exception(s); d2424f4d-20d2-4104-abcc-02e6288f3ffc@group-62509A8A5C15:t380, leader=null, voted=d2424f4d-20d2-4104-abcc-02e6288f3ffc, raftlog=d2424f4d-20d2-4104-abcc-02e6288f3ffc@group-62509A8A5C15-SegmentedRaftLog:OPENED:c-1,f-1,i0, conf=-1: [3909bd6a-278d-4911-9d70-32680c972d02:192.168.157.223:33343, d2424f4d-20d2-4104-abcc-02e6288f3ffc:192.168.157.223:39352, 7c510082-4284-44ef-8cd9-bb38fb15579f:192.168.157.223:33098], old=null
2019-10-17 21:16:17,619 [d2424f4d-20d2-4104-abcc-02e6288f3ffc@group-62509A8A5C15-LeaderElection344] INFO  impl.RaftServerImpl (RaftServerImpl.java:setRole(184)) - d2424f4d-20d2-4104-abcc-02e6288f3ffc@group-62509A8A5C15: changes role from CANDIDATE to FOLLOWER at term 380 for DISCOVERED_A_NEW_TERM
2019-10-17 21:16:17,619 [d2424f4d-20d2-4104-abcc-02e6288f3ffc@group-62509A8A5C15-LeaderElection344] INFO  impl.RoleInfo (RoleInfo.java:shutdownLeaderElection(134)) - d2424f4d-20d2-4104-abcc-02e6288f3ffc: shutdown LeaderElection
2019-10-17 21:16:17,619 [d2424f4d-20d2-4104-abcc-02e6288f3ffc@group-62509A8A5C15-LeaderElection344] INFO  impl.RoleInfo (RoleInfo.java:updateAndGet(143)) - d2424f4d-20d2-4104-abcc-02e6288f3ffc: start FollowerState
2019-10-17 21:16:17,635 [Thread-2544] INFO  impl.FollowerState (FollowerState.java:run(108)) - d2424f4d-20d2-4104-abcc-02e6288f3ffc@group-62509A8A5C15-FollowerState: change to CANDIDATE, lastRpcTime:16ms, electionTimeout:16ms
2019-10-17 21:16:17,636 [Thread-2544] INFO  impl.RoleInfo (RoleInfo.java:shutdownFollowerState(121)) - d2424f4d-20d2-4104-abcc-02e6288f3ffc: shutdown FollowerState
2019-10-17 21:16:17,636 [Thread-2544] INFO  impl.RaftServerImpl (RaftServerImpl.java:setRole(184)) - d2424f4d-20d2-4104-abcc-02e6288f3ffc@group-62509A8A5C15: changes role from  FOLLOWER to CANDIDATE at term 380 for changeToCandidate
2019-10-17 21:16:17,636 [Thread-2544] INFO  impl.RoleInfo (RoleInfo.java:updateAndGet(143)) - d2424f4d-20d2-4104-abcc-02e6288f3ffc: start LeaderElection
2019-10-17 21:16:17,649 [d2424f4d-20d2-4104-abcc-02e6288f3ffc@group-62509A8A5C15-LeaderElection345] INFO  impl.LeaderElection (LeaderElection.java:askForVotes(178)) - d2424f4d-20d2-4104-abcc-02e6288f3ffc@group-62509A8A5C15-LeaderElection345: begin an election at term 381 for -1: [3909bd6a-278d-4911-9d70-32680c972d02:192.168.157.223:33343, d2424f4d-20d2-4104-abcc-02e6288f3ffc:192.168.157.223:39352, 7c510082-4284-44ef-8cd9-bb38fb15579f:192.168.157.223:33098], old=null
2019-10-17 21:16:17,650 [grpc-default-executor-4] INFO  impl.RaftServerImpl (RaftServerImpl.java:setRole(184)) - 3909bd6a-278d-4911-9d70-32680c972d02@group-62509A8A5C15: changes role from  FOLLOWER to FOLLOWER at term 381 for recognizeCandidate:d2424f4d-20d2-4104-abcc-02e6288f3ffc
2019-10-17 21:16:17,651 [grpc-default-executor-4] INFO  impl.RoleInfo (RoleInfo.java:shutdownFollowerState(121)) - 3909bd6a-278d-4911-9d70-32680c972d02: shutdown FollowerState
2019-10-17 21:16:17,651 [grpc-default-executor-2] INFO  impl.RaftServerImpl (RaftServerImpl.java:setRole(184)) - 7c510082-4284-44ef-8cd9-bb38fb15579f@group-62509A8A5C15: changes role from  FOLLOWER to FOLLOWER at term 381 for recognizeCandidate:d2424f4d-20d2-4104-abcc-02e6288f3ffc
2019-10-17 21:16:17,651 [grpc-default-executor-2] INFO  impl.RoleInfo (RoleInfo.java:shutdownFollowerState(121)) - 7c510082-4284-44ef-8cd9-bb38fb15579f: shutdown FollowerState
2019-10-17 21:16:17,651 [Thread-2542] INFO  impl.FollowerState (FollowerState.java:run(117)) - 3909bd6a-278d-4911-9d70-32680c972d02@group-62509A8A5C15-FollowerState was interrupted: java.lang.InterruptedException: sleep interrupted
2019-10-17 21:16:17,651 [grpc-default-executor-4] INFO  impl.RoleInfo (RoleInfo.java:updateAndGet(143)) - 3909bd6a-278d-4911-9d70-32680c972d02: start FollowerState
2019-10-17 21:16:17,651 [Thread-2543] INFO  impl.FollowerState (FollowerState.java:run(117)) - 7c510082-4284-44ef-8cd9-bb38fb15579f@group-62509A8A5C15-FollowerState was interrupted: java.lang.InterruptedException: sleep interrupted
2019-10-17 21:16:17,651 [grpc-default-executor-2] INFO  impl.RoleInfo (RoleInfo.java:updateAndGet(143)) - 7c510082-4284-44ef-8cd9-bb38fb15579f: start FollowerState
2019-10-17 21:16:17,678 [d2424f4d-20d2-4104-abcc-02e6288f3ffc@group-62509A8A5C15-LeaderElection345] INFO  impl.LeaderElection (LeaderElection.java:logAndReturn(56)) - d2424f4d-20d2-4104-abcc-02e6288f3ffc@group-62509A8A5C15-LeaderElection345: Election REJECTED; received 2 response(s) [d2424f4d-20d2-4104-abcc-02e6288f3ffc<-3909bd6a-278d-4911-9d70-32680c972d02#0:FAIL-t381, d2424f4d-20d2-4104-abcc-02e6288f3ffc<-7c510082-4284-44ef-8cd9-bb38fb15579f#0:FAIL-t381] and 0 exception(s); d2424f4d-20d2-4104-abcc-02e6288f3ffc@group-62509A8A5C15:t381, leader=null, voted=d2424f4d-20d2-4104-abcc-02e6288f3ffc, raftlog=d2424f4d-20d2-4104-abcc-02e6288f3ffc@group-62509A8A5C15-SegmentedRaftLog:OPENED:c-1,f-1,i0, conf=-1: [3909bd6a-278d-4911-9d70-32680c972d02:192.168.157.223:33343, d2424f4d-20d2-4104-abcc-02e6288f3ffc:192.168.157.223:39352, 7c510082-4284-44ef-8cd9-bb38fb15579f:192.168.157.223:33098], old=null
2019-10-17 21:16:17,678 [d2424f4d-20d2-4104-abcc-02e6288f3ffc@group-62509A8A5C15-LeaderElection345] INFO  impl.RaftServerImpl (RaftServerImpl.java:setRole(184)) - d2424f4d-20d2-4104-abcc-02e6288f3ffc@group-62509A8A5C15: changes role from CANDIDATE to FOLLOWER at term 381 for DISCOVERED_A_NEW_TERM
2019-10-17 21:16:17,678 [d2424f4d-20d2-4104-abcc-02e6288f3ffc@group-62509A8A5C15-LeaderElection345] INFO  impl.RoleInfo (RoleInfo.java:shutdownLeaderElection(134)) - d2424f4d-20d2-4104-abcc-02e6288f3ffc: shutdown LeaderElection
2019-10-17 21:16:17,678 [d2424f4d-20d2-4104-abcc-02e6288f3ffc@group-62509A8A5C15-LeaderElection345] INFO  impl.RoleInfo (RoleInfo.java:updateAndGet(143)) - d2424f4d-20d2-4104-abcc-02e6288f3ffc: start FollowerState
2019-10-17 21:16:17,719 [Thread-2550] INFO  impl.FollowerState (FollowerState.java:run(108)) - d2424f4d-20d2-4104-abcc-02e6288f3ffc@group-62509A8A5C15-FollowerState: change to CANDIDATE, lastRpcTime:40ms, electionTimeout:40ms
2019-10-17 21:16:17,719 [Thread-2550] INFO  impl.RoleInfo (RoleInfo.java:shutdownFollowerState(121)) - d2424f4d-20d2-4104-abcc-02e6288f3ffc: shutdown FollowerState
2019-10-17 21:16:17,719 [Thread-2550] INFO  impl.RaftServerImpl (RaftServerImpl.java:setRole(184)) - d2424f4d-20d2-4104-abcc-02e6288f3ffc@group-62509A8A5C15: changes role from  FOLLOWER to CANDIDATE at term 381 for changeToCandidate
2019-10-17 21:16:17,719 [Thread-2550] INFO  impl.RoleInfo (RoleInfo.java:updateAndGet(143)) - d2424f4d-20d2-4104-abcc-02e6288f3ffc: start LeaderElection
2019-10-17 21:16:17,734 [d2424f4d-20d2-4104-abcc-02e6288f3ffc@group-62509A8A5C15-LeaderElection346] INFO  impl.LeaderElection (LeaderElection.java:askForVotes(178)) - d2424f4d-20d2-4104-abcc-02e6288f3ffc@group-62509A8A5C15-LeaderElection346: begin an election at term 382 for -1: [3909bd6a-278d-4911-9d70-32680c972d02:192.168.157.223:33343, d2424f4d-20d2-4104-abcc-02e6288f3ffc:192.168.157.223:39352, 7c510082-4284-44ef-8cd9-bb38fb15579f:192.168.157.223:33098], old=null
2019-10-17 21:16:17,736 [grpc-default-executor-2] INFO  impl.RaftServerImpl (RaftServerImpl.java:setRole(184)) - 7c510082-4284-44ef-8cd9-bb38fb15579f@group-62509A8A5C15: changes role from  FOLLOWER to FOLLOWER at term 382 for recognizeCandidate:d2424f4d-20d2-4104-abcc-02e6288f3ffc
2019-10-17 21:16:17,736 [grpc-default-executor-4] INFO  impl.RaftServerImpl (RaftServerImpl.java:setRole(184)) - 3909bd6a-278d-4911-9d70-32680c972d02@group-62509A8A5C15: changes role from  FOLLOWER to FOLLOWER at term 382 for recognizeCandidate:d2424f4d-20d2-4104-abcc-02e6288f3ffc
2019-10-17 21:16:17,736 [grpc-default-executor-2] INFO  impl.RoleInfo (RoleInfo.java:shutdownFollowerState(121)) - 7c510082-4284-44ef-8cd9-bb38fb15579f: shutdown FollowerState
2019-10-17 21:16:17,736 [grpc-default-executor-4] INFO  impl.RoleInfo (RoleInfo.java:shutdownFollowerState(121)) - 3909bd6a-278d-4911-9d70-32680c972d02: shutdown FollowerState
2019-10-17 21:16:17,736 [grpc-default-executor-4] INFO  impl.RoleInfo (RoleInfo.java:updateAndGet(143)) - 3909bd6a-278d-4911-9d70-32680c972d02: start FollowerState
2019-10-17 21:16:17,736 [Thread-2549] INFO  impl.FollowerState (FollowerState.java:run(117)) - 7c510082-4284-44ef-8cd9-bb38fb15579f@group-62509A8A5C15-FollowerState was interrupted: java.lang.InterruptedException: sleep interrupted
2019-10-17 21:16:17,736 [grpc-default-executor-2] INFO  impl.RoleInfo (RoleInfo.java:updateAndGet(143)) - 7c510082-4284-44ef-8cd9-bb38fb15579f: start FollowerState
2019-10-17 21:16:17,736 [Thread-2548] INFO  impl.FollowerState (FollowerState.java:run(117)) - 3909bd6a-278d-4911-9d70-32680c972d02@group-62509A8A5C15-FollowerState was interrupted: java.lang.InterruptedException: sleep interrupted
2019-10-17 21:16:17,750 [d2424f4d-20d2-4104-abcc-02e6288f3ffc@group-62509A8A5C15-LeaderElection346] INFO  impl.LeaderElection (LeaderElection.java:logAndReturn(56)) - d2424f4d-20d2-4104-abcc-02e6288f3ffc@group-62509A8A5C15-LeaderElection346: Election REJECTED; received 2 response(s) [d2424f4d-20d2-4104-abcc-02e6288f3ffc<-3909bd6a-278d-4911-9d70-32680c972d02#0:FAIL-t382, d2424f4d-20d2-4104-abcc-02e6288f3ffc<-7c510082-4284-44ef-8cd9-bb38fb15579f#0:FAIL-t382] and 0 exception(s); d2424f4d-20d2-4104-abcc-02e6288f3ffc@group-62509A8A5C15:t382, leader=null, voted=d2424f4d-20d2-4104-abcc-02e6288f3ffc, raftlog=d2424f4d-20d2-4104-abcc-02e6288f3ffc@group-62509A8A5C15-SegmentedRaftLog:OPENED:c-1,f-1,i0, conf=-1: [3909bd6a-278d-4911-9d70-32680c972d02:192.168.157.223:33343, d2424f4d-20d2-4104-abcc-02e6288f3ffc:192.168.157.223:39352, 7c510082-4284-44ef-8cd9-bb38fb15579f:192.168.157.223:33098], old=null
2019-10-17 21:16:17,751 [d2424f4d-20d2-4104-abcc-02e6288f3ffc@group-62509A8A5C15-LeaderElection346] INFO  impl.RaftServerImpl (RaftServerImpl.java:setRole(184)) - d2424f4d-20d2-4104-abcc-02e6288f3ffc@group-62509A8A5C15: changes role from CANDIDATE to FOLLOWER at term 382 for DISCOVERED_A_NEW_TERM
2019-10-17 21:16:17,751 [d2424f4d-20d2-4104-abcc-02e6288f3ffc@group-62509A8A5C15-LeaderElection346] INFO  impl.RoleInfo (RoleInfo.java:shutdownLeaderElection(134)) - d2424f4d-20d2-4104-abcc-02e6288f3ffc: shutdown LeaderElection
2019-10-17 21:16:17,751 [d2424f4d-20d2-4104-abcc-02e6288f3ffc@group-62509A8A5C15-LeaderElection346] INFO  impl.RoleInfo (RoleInfo.java:updateAndGet(143)) - d2424f4d-20d2-4104-abcc-02e6288f3ffc: start FollowerState
2019-10-17 21:16:17,800 [Thread-2556] INFO  impl.FollowerState (FollowerState.java:run(108)) - d2424f4d-20d2-4104-abcc-02e6288f3ffc@group-62509A8A5C15-FollowerState: change to CANDIDATE, lastRpcTime:48ms, electionTimeout:48ms
2019-10-17 21:16:17,800 [Thread-2556] INFO  impl.RoleInfo (RoleInfo.java:shutdownFollowerState(121)) - d2424f4d-20d2-4104-abcc-02e6288f3ffc: shutdown FollowerState
2019-10-17 21:16:17,800 [Thread-2556] INFO  impl.RaftServerImpl (RaftServerImpl.java:setRole(184)) - d2424f4d-20d2-4104-abcc-02e6288f3ffc@group-62509A8A5C15: changes role from  FOLLOWER to CANDIDATE at term 382 for changeToCandidate
2019-10-17 21:16:17,800 [Thread-2556] INFO  impl.RoleInfo (RoleInfo.java:updateAndGet(143)) - d2424f4d-20d2-4104-abcc-02e6288f3ffc: start LeaderElection
2019-10-17 21:16:17,813 [d2424f4d-20d2-4104-abcc-02e6288f3ffc@group-62509A8A5C15-LeaderElection347] INFO  impl.LeaderElection (LeaderElection.java:askForVotes(178)) - d2424f4d-20d2-4104-abcc-02e6288f3ffc@group-62509A8A5C15-LeaderElection347: begin an election at term 383 for -1: [3909bd6a-278d-4911-9d70-32680c972d02:192.168.157.223:33343, d2424f4d-20d2-4104-abcc-02e6288f3ffc:192.168.157.223:39352, 7c510082-4284-44ef-8cd9-bb38fb15579f:192.168.157.223:33098], old=null
2019-10-17 21:16:17,815 [grpc-default-executor-4] INFO  impl.RaftServerImpl (RaftServerImpl.java:setRole(184)) - 3909bd6a-278d-4911-9d70-32680c972d02@group-62509A8A5C15: changes role from  FOLLOWER to FOLLOWER at term 383 for recognizeCandidate:d2424f4d-20d2-4104-abcc-02e6288f3ffc
2019-10-17 21:16:17,815 [grpc-default-executor-4] INFO  impl.RoleInfo (RoleInfo.java:shutdownFollowerState(121)) - 3909bd6a-278d-4911-9d70-32680c972d02: shutdown FollowerState
2019-10-17 21:16:17,815 [grpc-default-executor-2] INFO  impl.RaftServerImpl (RaftServerImpl.java:setRole(184)) - 7c510082-4284-44ef-8cd9-bb38fb15579f@group-62509A8A5C15: changes role from  FOLLOWER to FOLLOWER at term 383 for recognizeCandidate:d2424f4d-20d2-4104-abcc-02e6288f3ffc
2019-10-17 21:16:17,815 [grpc-default-executor-2] INFO  impl.RoleInfo (RoleInfo.java:shutdownFollowerState(121)) - 7c510082-4284-44ef-8cd9-bb38fb15579f: shutdown FollowerState
2019-10-17 21:16:17,815 [Thread-2555] INFO  impl.FollowerState (FollowerState.java:run(117)) - 3909bd6a-278d-4911-9d70-32680c972d02@group-62509A8A5C15-FollowerState was interrupted: java.lang.InterruptedException: sleep interrupted
2019-10-17 21:16:17,815 [grpc-default-executor-4] INFO  impl.RoleInfo (RoleInfo.java:updateAndGet(143)) - 3909bd6a-278d-4911-9d70-32680c972d02: start FollowerState
2019-10-17 21:16:17,816 [Thread-2554] INFO  impl.FollowerState (FollowerState.java:run(117)) - 7c510082-4284-44ef-8cd9-bb38fb15579f@group-62509A8A5C15-FollowerState was interrupted: java.lang.InterruptedException: sleep interrupted
2019-10-17 21:16:17,816 [grpc-default-executor-2] INFO  impl.RoleInfo (RoleInfo.java:updateAndGet(143)) - 7c510082-4284-44ef-8cd9-bb38fb15579f: start FollowerState
2019-10-17 21:16:17,857 [d2424f4d-20d2-4104-abcc-02e6288f3ffc@group-62509A8A5C15-LeaderElection347] INFO  impl.LeaderElection (LeaderElection.java:logAndReturn(56)) - d2424f4d-20d2-4104-abcc-02e6288f3ffc@group-62509A8A5C15-LeaderElection347: Election REJECTED; received 2 response(s) [d2424f4d-20d2-4104-abcc-02e6288f3ffc<-3909bd6a-278d-4911-9d70-32680c972d02#0:FAIL-t383, d2424f4d-20d2-4104-abcc-02e6288f3ffc<-7c510082-4284-44ef-8cd9-bb38fb15579f#0:FAIL-t383] and 0 exception(s); d2424f4d-20d2-4104-abcc-02e6288f3ffc@group-62509A8A5C15:t383, leader=null, voted=d2424f4d-20d2-4104-abcc-02e6288f3ffc, raftlog=d2424f4d-20d2-4104-abcc-02e6288f3ffc@group-62509A8A5C15-SegmentedRaftLog:OPENED:c-1,f-1,i0, conf=-1: [3909bd6a-278d-4911-9d70-32680c972d02:192.168.157.223:33343, d2424f4d-20d2-4104-abcc-02e6288f3ffc:192.168.157.223:39352, 7c510082-4284-44ef-8cd9-bb38fb15579f:192.168.157.223:33098], old=null
2019-10-17 21:16:17,857 [d2424f4d-20d2-4104-abcc-02e6288f3ffc@group-62509A8A5C15-LeaderElection347] INFO  impl.RaftServerImpl (RaftServerImpl.java:setRole(184)) - d2424f4d-20d2-4104-abcc-02e6288f3ffc@group-62509A8A5C15: changes role from CANDIDATE to FOLLOWER at term 383 for DISCOVERED_A_NEW_TERM
2019-10-17 21:16:17,857 [d2424f4d-20d2-4104-abcc-02e6288f3ffc@group-62509A8A5C15-LeaderElection347] INFO  impl.RoleInfo (RoleInfo.java:shutdownLeaderElection(134)) - d2424f4d-20d2-4104-abcc-02e6288f3ffc: shutdown LeaderElection
2019-10-17 21:16:17,857 [d2424f4d-20d2-4104-abcc-02e6288f3ffc@group-62509A8A5C15-LeaderElection347] INFO  impl.RoleInfo (RoleInfo.java:updateAndGet(143)) - d2424f4d-20d2-4104-abcc-02e6288f3ffc: start FollowerState
2019-10-17 21:16:17,986 [Thread-2562] INFO  impl.FollowerState (FollowerState.java:run(108)) - d2424f4d-20d2-4104-abcc-02e6288f3ffc@group-62509A8A5C15-FollowerState: change to CANDIDATE, lastRpcTime:128ms, electionTimeout:128ms
2019-10-17 21:16:17,986 [Thread-2562] INFO  impl.RoleInfo (RoleInfo.java:shutdownFollowerState(121)) - d2424f4d-20d2-4104-abcc-02e6288f3ffc: shutdown FollowerState
2019-10-17 21:16:17,986 [Thread-2562] INFO  impl.RaftServerImpl (RaftServerImpl.java:setRole(184)) - d2424f4d-20d2-4104-abcc-02e6288f3ffc@group-62509A8A5C15: changes role from  FOLLOWER to CANDIDATE at term 383 for changeToCandidate
2019-10-17 21:16:17,986 [Thread-2562] INFO  impl.RoleInfo (RoleInfo.java:updateAndGet(143)) - d2424f4d-20d2-4104-abcc-02e6288f3ffc: start LeaderElection
2019-10-17 21:16:18,001 [d2424f4d-20d2-4104-abcc-02e6288f3ffc@group-62509A8A5C15-LeaderElection348] INFO  impl.LeaderElection (LeaderElection.java:askForVotes(178)) - d2424f4d-20d2-4104-abcc-02e6288f3ffc@group-62509A8A5C15-LeaderElection348: begin an election at term 384 for -1: [3909bd6a-278d-4911-9d70-32680c972d02:192.168.157.223:33343, d2424f4d-20d2-4104-abcc-02e6288f3ffc:192.168.157.223:39352, 7c510082-4284-44ef-8cd9-bb38fb15579f:192.168.157.223:33098], old=null
2019-10-17 21:16:18,003 [grpc-default-executor-2] INFO  impl.RaftServerImpl (RaftServerImpl.java:setRole(184)) - 3909bd6a-278d-4911-9d70-32680c972d02@group-62509A8A5C15: changes role from  FOLLOWER to FOLLOWER at term 384 for recognizeCandidate:d2424f4d-20d2-4104-abcc-02e6288f3ffc
2019-10-17 21:16:18,003 [grpc-default-executor-4] INFO  impl.RaftServerImpl (RaftServerImpl.java:setRole(184)) - 7c510082-4284-44ef-8cd9-bb38fb15579f@group-62509A8A5C15: changes role from  FOLLOWER to FOLLOWER at term 384 for recognizeCandidate:d2424f4d-20d2-4104-abcc-02e6288f3ffc
2019-10-17 21:16:18,003 [grpc-default-executor-2] INFO  impl.RoleInfo (RoleInfo.java:shutdownFollowerState(121)) - 3909bd6a-278d-4911-9d70-32680c972d02: shutdown FollowerState
2019-10-17 21:16:18,003 [grpc-default-executor-4] INFO  impl.RoleInfo (RoleInfo.java:shutdownFollowerState(121)) - 7c510082-4284-44ef-8cd9-bb38fb15579f: shutdown FollowerState
2019-10-17 21:16:18,004 [Thread-2560] INFO  impl.FollowerState (FollowerState.java:run(117)) - 3909bd6a-278d-4911-9d70-32680c972d02@group-62509A8A5C15-FollowerState was interrupted: java.lang.InterruptedException: sleep interrupted
2019-10-17 21:16:18,004 [grpc-default-executor-2] INFO  impl.RoleInfo (RoleInfo.java:updateAndGet(143)) - 3909bd6a-278d-4911-9d70-32680c972d02: start FollowerState
2019-10-17 21:16:18,004 [Thread-2561] INFO  impl.FollowerState (FollowerState.java:run(117)) - 7c510082-4284-44ef-8cd9-bb38fb15579f@group-62509A8A5C15-FollowerState was interrupted: java.lang.InterruptedException: sleep interrupted
2019-10-17 21:16:18,004 [grpc-default-executor-4] INFO  impl.RoleInfo (RoleInfo.java:updateAndGet(143)) - 7c510082-4284-44ef-8cd9-bb38fb15579f: start FollowerState
2019-10-17 21:16:18,013 [d2424f4d-20d2-4104-abcc-02e6288f3ffc@group-62509A8A5C15-LeaderElection348] INFO  impl.LeaderElection (LeaderElection.java:logAndReturn(56)) - d2424f4d-20d2-4104-abcc-02e6288f3ffc@group-62509A8A5C15-LeaderElection348: Election TIMEOUT; received 0 response(s) [] and 0 exception(s); d2424f4d-20d2-4104-abcc-02e6288f3ffc@group-62509A8A5C15:t384, leader=null, voted=d2424f4d-20d2-4104-abcc-02e6288f3ffc, raftlog=d2424f4d-20d2-4104-abcc-02e6288f3ffc@group-62509A8A5C15-SegmentedRaftLog:OPENED:c-1,f-1,i0, conf=-1: [3909bd6a-278d-4911-9d70-32680c972d02:192.168.157.223:33343, d2424f4d-20d2-4104-abcc-02e6288f3ffc:192.168.157.223:39352, 7c510082-4284-44ef-8cd9-bb38fb15579f:192.168.157.223:33098], old=null
2019-10-17 21:16:18,029 [d2424f4d-20d2-4104-abcc-02e6288f3ffc@group-62509A8A5C15-LeaderElection348] INFO  impl.LeaderElection (LeaderElection.java:askForVotes(178)) - d2424f4d-20d2-4104-abcc-02e6288f3ffc@group-62509A8A5C15-LeaderElection348: begin an election at term 385 for -1: [3909bd6a-278d-4911-9d70-32680c972d02:192.168.157.223:33343, d2424f4d-20d2-4104-abcc-02e6288f3ffc:192.168.157.223:39352, 7c510082-4284-44ef-8cd9-bb38fb15579f:192.168.157.223:33098], old=null
2019-10-17 21:16:18,031 [grpc-default-executor-4] INFO  impl.RaftServerImpl (RaftServerImpl.java:setRole(184)) - 3909bd6a-278d-4911-9d70-32680c972d02@group-62509A8A5C15: changes role from  FOLLOWER to FOLLOWER at term 385 for recognizeCandidate:d2424f4d-20d2-4104-abcc-02e6288f3ffc
2019-10-17 21:16:18,031 [grpc-default-executor-4] INFO  impl.RoleInfo (RoleInfo.java:shutdownFollowerState(121)) - 3909bd6a-278d-4911-9d70-32680c972d02: shutdown FollowerState
2019-10-17 21:16:18,031 [grpc-default-executor-2] INFO  impl.RaftServerImpl (RaftServerImpl.java:setRole(184)) - 7c510082-4284-44ef-8cd9-bb38fb15579f@group-62509A8A5C15: changes role from  FOLLOWER to FOLLOWER at term 385 for recognizeCandidate:d2424f4d-20d2-4104-abcc-02e6288f3ffc
2019-10-17 21:16:18,031 [Thread-2566] INFO  impl.FollowerState (FollowerState.java:run(117)) - 3909bd6a-278d-4911-9d70-32680c972d02@group-62509A8A5C15-FollowerState was interrupted: java.lang.InterruptedException: sleep interrupted
2019-10-17 21:16:18,031 [grpc-default-executor-4] INFO  impl.RoleInfo (RoleInfo.java:updateAndGet(143)) - 3909bd6a-278d-4911-9d70-32680c972d02: start FollowerState
2019-10-17 21:16:18,032 [grpc-default-executor-2] INFO  impl.RoleInfo (RoleInfo.java:shutdownFollowerState(121)) - 7c510082-4284-44ef-8cd9-bb38fb15579f: shutdown FollowerState
2019-10-17 21:16:18,032 [grpc-default-executor-2] INFO  impl.RoleInfo (RoleInfo.java:updateAndGet(143)) - 7c510082-4284-44ef-8cd9-bb38fb15579f: start FollowerState
2019-10-17 21:16:18,032 [Thread-2567] INFO  impl.FollowerState (FollowerState.java:run(117)) - 7c510082-4284-44ef-8cd9-bb38fb15579f@group-62509A8A5C15-FollowerState was interrupted: java.lang.InterruptedException: sleep interrupted
2019-10-17 21:16:18,058 [d2424f4d-20d2-4104-abcc-02e6288f3ffc@group-62509A8A5C15-LeaderElection348] INFO  impl.LeaderElection (LeaderElection.java:logAndReturn(56)) - d2424f4d-20d2-4104-abcc-02e6288f3ffc@group-62509A8A5C15-LeaderElection348: Election REJECTED; received 2 response(s) [d2424f4d-20d2-4104-abcc-02e6288f3ffc<-3909bd6a-278d-4911-9d70-32680c972d02#0:FAIL-t385, d2424f4d-20d2-4104-abcc-02e6288f3ffc<-7c510082-4284-44ef-8cd9-bb38fb15579f#0:FAIL-t385] and 0 exception(s); d2424f4d-20d2-4104-abcc-02e6288f3ffc@group-62509A8A5C15:t385, leader=null, voted=d2424f4d-20d2-4104-abcc-02e6288f3ffc, raftlog=d2424f4d-20d2-4104-abcc-02e6288f3ffc@group-62509A8A5C15-SegmentedRaftLog:OPENED:c-1,f-1,i0, conf=-1: [3909bd6a-278d-4911-9d70-32680c972d02:192.168.157.223:33343, d2424f4d-20d2-4104-abcc-02e6288f3ffc:192.168.157.223:39352, 7c510082-4284-44ef-8cd9-bb38fb15579f:192.168.157.223:33098], old=null
2019-10-17 21:16:18,058 [d2424f4d-20d2-4104-abcc-02e6288f3ffc@group-62509A8A5C15-LeaderElection348] INFO  impl.RaftServerImpl (RaftServerImpl.java:setRole(184)) - d2424f4d-20d2-4104-abcc-02e6288f3ffc@group-62509A8A5C15: changes role from CANDIDATE to FOLLOWER at term 385 for DISCOVERED_A_NEW_TERM
2019-10-17 21:16:18,059 [d2424f4d-20d2-4104-abcc-02e6288f3ffc@group-62509A8A5C15-LeaderElection348] INFO  impl.RoleInfo (RoleInfo.java:shutdownLeaderElection(134)) - d2424f4d-20d2-4104-abcc-02e6288f3ffc: shutdown LeaderElection
2019-10-17 21:16:18,059 [d2424f4d-20d2-4104-abcc-02e6288f3ffc@group-62509A8A5C15-LeaderElection348] INFO  impl.RoleInfo (RoleInfo.java:updateAndGet(143)) - d2424f4d-20d2-4104-abcc-02e6288f3ffc: start FollowerState
2019-10-17 21:16:18,252 [Thread-2572] INFO  impl.FollowerState (FollowerState.java:run(108)) - d2424f4d-20d2-4104-abcc-02e6288f3ffc@group-62509A8A5C15-FollowerState: change to CANDIDATE, lastRpcTime:193ms, electionTimeout:193ms
2019-10-17 21:16:18,252 [Thread-2572] INFO  impl.RoleInfo (RoleInfo.java:shutdownFollowerState(121)) - d2424f4d-20d2-4104-abcc-02e6288f3ffc: shutdown FollowerState
2019-10-17 21:16:18,252 [Thread-2572] INFO  impl.RaftServerImpl (RaftServerImpl.java:setRole(184)) - d2424f4d-20d2-4104-abcc-02e6288f3ffc@group-62509A8A5C15: changes role from  FOLLOWER to CANDIDATE at term 385 for changeToCandidate
2019-10-17 21:16:18,253 [Thread-2572] INFO  impl.RoleInfo (RoleInfo.java:updateAndGet(143)) - d2424f4d-20d2-4104-abcc-02e6288f3ffc: start LeaderElection
2019-10-17 21:16:18,266 [d2424f4d-20d2-4104-abcc-02e6288f3ffc@group-62509A8A5C15-LeaderElection349] INFO  impl.LeaderElection (LeaderElection.java:askForVotes(178)) - d2424f4d-20d2-4104-abcc-02e6288f3ffc@group-62509A8A5C15-LeaderElection349: begin an election at term 386 for -1: [3909bd6a-278d-4911-9d70-32680c972d02:192.168.157.223:33343, d2424f4d-20d2-4104-abcc-02e6288f3ffc:192.168.157.223:39352, 7c510082-4284-44ef-8cd9-bb38fb15579f:192.168.157.223:33098], old=null
2019-10-17 21:16:18,268 [grpc-default-executor-4] INFO  impl.RaftServerImpl (RaftServerImpl.java:setRole(184)) - 3909bd6a-278d-4911-9d70-32680c972d02@group-62509A8A5C15: changes role from  FOLLOWER to FOLLOWER at term 386 for recognizeCandidate:d2424f4d-20d2-4104-abcc-02e6288f3ffc
2019-10-17 21:16:18,268 [grpc-default-executor-4] INFO  impl.RoleInfo (RoleInfo.java:shutdownFollowerState(121)) - 3909bd6a-278d-4911-9d70-32680c972d02: shutdown FollowerState
2019-10-17 21:16:18,268 [grpc-default-executor-2] INFO  impl.RaftServerImpl (RaftServerImpl.java:setRole(184)) - 7c510082-4284-44ef-8cd9-bb38fb15579f@group-62509A8A5C15: changes role from  FOLLOWER to FOLLOWER at term 386 for recognizeCandidate:d2424f4d-20d2-4104-abcc-02e6288f3ffc
2019-10-17 21:16:18,268 [grpc-default-executor-2] INFO  impl.RoleInfo (RoleInfo.java:shutdownFollowerState(121)) - 7c510082-4284-44ef-8cd9-bb38fb15579f: shutdown FollowerState
2019-10-17 21:16:18,268 [Thread-2570] INFO  impl.FollowerState (FollowerState.java:run(117)) - 3909bd6a-278d-4911-9d70-32680c972d02@group-62509A8A5C15-FollowerState was interrupted: java.lang.InterruptedException: sleep interrupted
2019-10-17 21:16:18,268 [grpc-default-executor-4] INFO  impl.RoleInfo (RoleInfo.java:updateAndGet(143)) - 3909bd6a-278d-4911-9d70-32680c972d02: start FollowerState
2019-10-17 21:16:18,269 [Thread-2571] INFO  impl.FollowerState (FollowerState.java:run(117)) - 7c510082-4284-44ef-8cd9-bb38fb15579f@group-62509A8A5C15-FollowerState was interrupted: java.lang.InterruptedException: sleep interrupted
2019-10-17 21:16:18,269 [grpc-default-executor-2] INFO  impl.RoleInfo (RoleInfo.java:updateAndGet(143)) - 7c510082-4284-44ef-8cd9-bb38fb15579f: start FollowerState
2019-10-17 21:16:18,283 [d2424f4d-20d2-4104-abcc-02e6288f3ffc@group-62509A8A5C15-LeaderElection349] INFO  impl.LeaderElection (LeaderElection.java:logAndReturn(56)) - d2424f4d-20d2-4104-abcc-02e6288f3ffc@group-62509A8A5C15-LeaderElection349: Election REJECTED; received 2 response(s) [d2424f4d-20d2-4104-abcc-02e6288f3ffc<-3909bd6a-278d-4911-9d70-32680c972d02#0:FAIL-t386, d2424f4d-20d2-4104-abcc-02e6288f3ffc<-7c510082-4284-44ef-8cd9-bb38fb15579f#0:FAIL-t386] and 0 exception(s); d2424f4d-20d2-4104-abcc-02e6288f3ffc@group-62509A8A5C15:t386, leader=null, voted=d2424f4d-20d2-4104-abcc-02e6288f3ffc, raftlog=d2424f4d-20d2-4104-abcc-02e6288f3ffc@group-62509A8A5C15-SegmentedRaftLog:OPENED:c-1,f-1,i0, conf=-1: [3909bd6a-278d-4911-9d70-32680c972d02:192.168.157.223:33343, d2424f4d-20d2-4104-abcc-02e6288f3ffc:192.168.157.223:39352, 7c510082-4284-44ef-8cd9-bb38fb15579f:192.168.157.223:33098], old=null
2019-10-17 21:16:18,283 [d2424f4d-20d2-4104-abcc-02e6288f3ffc@group-62509A8A5C15-LeaderElection349] INFO  impl.RaftServerImpl (RaftServerImpl.java:setRole(184)) - d2424f4d-20d2-4104-abcc-02e6288f3ffc@group-62509A8A5C15: changes role from CANDIDATE to FOLLOWER at term 386 for DISCOVERED_A_NEW_TERM
2019-10-17 21:16:18,283 [d2424f4d-20d2-4104-abcc-02e6288f3ffc@group-62509A8A5C15-LeaderElection349] INFO  impl.RoleInfo (RoleInfo.java:shutdownLeaderElection(134)) - d2424f4d-20d2-4104-abcc-02e6288f3ffc: shutdown LeaderElection
2019-10-17 21:16:18,283 [d2424f4d-20d2-4104-abcc-02e6288f3ffc@group-62509A8A5C15-LeaderElection349] INFO  impl.RoleInfo (RoleInfo.java:updateAndGet(143)) - d2424f4d-20d2-4104-abcc-02e6288f3ffc: start FollowerState
2019-10-17 21:16:18,336 [Thread-2579] INFO  impl.FollowerState (FollowerState.java:run(108)) - d2424f4d-20d2-4104-abcc-02e6288f3ffc@group-62509A8A5C15-FollowerState: change to CANDIDATE, lastRpcTime:52ms, electionTimeout:52ms
2019-10-17 21:16:18,336 [Thread-2579] INFO  impl.RoleInfo (RoleInfo.java:shutdownFollowerState(121)) - d2424f4d-20d2-4104-abcc-02e6288f3ffc: shutdown FollowerState
2019-10-17 21:16:18,336 [Thread-2579] INFO  impl.RaftServerImpl (RaftServerImpl.java:setRole(184)) - d2424f4d-20d2-4104-abcc-02e6288f3ffc@group-62509A8A5C15: changes role from  FOLLOWER to CANDIDATE at term 386 for changeToCandidate
2019-10-17 21:16:18,336 [Thread-2579] INFO  impl.RoleInfo (RoleInfo.java:updateAndGet(143)) - d2424f4d-20d2-4104-abcc-02e6288f3ffc: start LeaderElection
2019-10-17 21:16:18,352 [d2424f4d-20d2-4104-abcc-02e6288f3ffc@group-62509A8A5C15-LeaderElection350] INFO  impl.LeaderElection (LeaderElection.java:askForVotes(178)) - d2424f4d-20d2-4104-abcc-02e6288f3ffc@group-62509A8A5C15-LeaderElection350: begin an election at term 387 for -1: [3909bd6a-278d-4911-9d70-32680c972d02:192.168.157.223:33343, d2424f4d-20d2-4104-abcc-02e6288f3ffc:192.168.157.223:39352, 7c510082-4284-44ef-8cd9-bb38fb15579f:192.168.157.223:33098], old=null
2019-10-17 21:16:18,353 [grpc-default-executor-6] INFO  impl.RaftServerImpl (RaftServerImpl.java:setRole(184)) - 3909bd6a-278d-4911-9d70-32680c972d02@group-62509A8A5C15: changes role from  FOLLOWER to FOLLOWER at term 387 for recognizeCandidate:d2424f4d-20d2-4104-abcc-02e6288f3ffc
2019-10-17 21:16:18,353 [grpc-default-executor-6] INFO  impl.RoleInfo (RoleInfo.java:shutdownFollowerState(121)) - 3909bd6a-278d-4911-9d70-32680c972d02: shutdown FollowerState
2019-10-17 21:16:18,353 [grpc-default-executor-2] INFO  impl.RaftServerImpl (RaftServerImpl.java:setRole(184)) - 7c510082-4284-44ef-8cd9-bb38fb15579f@group-62509A8A5C15: changes role from  FOLLOWER to FOLLOWER at term 387 for recognizeCandidate:d2424f4d-20d2-4104-abcc-02e6288f3ffc
2019-10-17 21:16:18,354 [grpc-default-executor-2] INFO  impl.RoleInfo (RoleInfo.java:shutdownFollowerState(121)) - 7c510082-4284-44ef-8cd9-bb38fb15579f: shutdown FollowerState
2019-10-17 21:16:18,354 [grpc-default-executor-6] INFO  impl.RoleInfo (RoleInfo.java:updateAndGet(143)) - 3909bd6a-278d-4911-9d70-32680c972d02: start FollowerState
2019-10-17 21:16:18,354 [Thread-2576] INFO  impl.FollowerState (FollowerState.java:run(117)) - 3909bd6a-278d-4911-9d70-32680c972d02@group-62509A8A5C15-FollowerState was interrupted: java.lang.InterruptedException: sleep interrupted
2019-10-17 21:16:18,354 [Thread-2577] INFO  impl.FollowerState (FollowerState.java:run(117)) - 7c510082-4284-44ef-8cd9-bb38fb15579f@group-62509A8A5C15-FollowerState was interrupted: java.lang.InterruptedException: sleep interrupted
2019-10-17 21:16:18,354 [grpc-default-executor-2] INFO  impl.RoleInfo (RoleInfo.java:updateAndGet(143)) - 7c510082-4284-44ef-8cd9-bb38fb15579f: start FollowerState
2019-10-17 21:16:18,381 [d2424f4d-20d2-4104-abcc-02e6288f3ffc@group-62509A8A5C15-LeaderElection350] INFO  impl.LeaderElection (LeaderElection.java:logAndReturn(56)) - d2424f4d-20d2-4104-abcc-02e6288f3ffc@group-62509A8A5C15-LeaderElection350: Election REJECTED; received 2 response(s) [d2424f4d-20d2-4104-abcc-02e6288f3ffc<-3909bd6a-278d-4911-9d70-32680c972d02#0:FAIL-t387, d2424f4d-20d2-4104-abcc-02e6288f3ffc<-7c510082-4284-44ef-8cd9-bb38fb15579f#0:FAIL-t387] and 0 exception(s); d2424f4d-20d2-4104-abcc-02e6288f3ffc@group-62509A8A5C15:t387, leader=null, voted=d2424f4d-20d2-4104-abcc-02e6288f3ffc, raftlog=d2424f4d-20d2-4104-abcc-02e6288f3ffc@group-62509A8A5C15-SegmentedRaftLog:OPENED:c-1,f-1,i0, conf=-1: [3909bd6a-278d-4911-9d70-32680c972d02:192.168.157.223:33343, d2424f4d-20d2-4104-abcc-02e6288f3ffc:192.168.157.223:39352, 7c510082-4284-44ef-8cd9-bb38fb15579f:192.168.157.223:33098], old=null
2019-10-17 21:16:18,381 [d2424f4d-20d2-4104-abcc-02e6288f3ffc@group-62509A8A5C15-LeaderElection350] INFO  impl.RaftServerImpl (RaftServerImpl.java:setRole(184)) - d2424f4d-20d2-4104-abcc-02e6288f3ffc@group-62509A8A5C15: changes role from CANDIDATE to FOLLOWER at term 387 for DISCOVERED_A_NEW_TERM
2019-10-17 21:16:18,381 [d2424f4d-20d2-4104-abcc-02e6288f3ffc@group-62509A8A5C15-LeaderElection350] INFO  impl.RoleInfo (RoleInfo.java:shutdownLeaderElection(134)) - d2424f4d-20d2-4104-abcc-02e6288f3ffc: shutdown LeaderElection
2019-10-17 21:16:18,381 [d2424f4d-20d2-4104-abcc-02e6288f3ffc@group-62509A8A5C15-LeaderElection350] INFO  impl.RoleInfo (RoleInfo.java:updateAndGet(143)) - d2424f4d-20d2-4104-abcc-02e6288f3ffc: start FollowerState
2019-10-17 21:16:18,531 [Thread-2586] INFO  impl.FollowerState (FollowerState.java:run(108)) - d2424f4d-20d2-4104-abcc-02e6288f3ffc@group-62509A8A5C15-FollowerState: change to CANDIDATE, lastRpcTime:150ms, electionTimeout:150ms
2019-10-17 21:16:18,532 [Thread-2586] INFO  impl.RoleInfo (RoleInfo.java:shutdownFollowerState(121)) - d2424f4d-20d2-4104-abcc-02e6288f3ffc: shutdown FollowerState
2019-10-17 21:16:18,532 [Thread-2586] INFO  impl.RaftServerImpl (RaftServerImpl.java:setRole(184)) - d2424f4d-20d2-4104-abcc-02e6288f3ffc@group-62509A8A5C15: changes role from  FOLLOWER to CANDIDATE at term 387 for changeToCandidate
2019-10-17 21:16:18,532 [Thread-2586] INFO  impl.RoleInfo (RoleInfo.java:updateAndGet(143)) - d2424f4d-20d2-4104-abcc-02e6288f3ffc: start LeaderElection
2019-10-17 21:16:18,558 [d2424f4d-20d2-4104-abcc-02e6288f3ffc@group-62509A8A5C15-LeaderElection351] INFO  impl.LeaderElection (LeaderElection.java:askForVotes(178)) - d2424f4d-20d2-4104-abcc-02e6288f3ffc@group-62509A8A5C15-LeaderElection351: begin an election at term 388 for -1: [3909bd6a-278d-4911-9d70-32680c972d02:192.168.157.223:33343, d2424f4d-20d2-4104-abcc-02e6288f3ffc:192.168.157.223:39352, 7c510082-4284-44ef-8cd9-bb38fb15579f:192.168.157.223:33098], old=null
2019-10-17 21:16:18,560 [grpc-default-executor-2] INFO  impl.RaftServerImpl (RaftServerImpl.java:setRole(184)) - 3909bd6a-278d-4911-9d70-32680c972d02@group-62509A8A5C15: changes role from  FOLLOWER to FOLLOWER at term 388 for recognizeCandidate:d2424f4d-20d2-4104-abcc-02e6288f3ffc
2019-10-17 21:16:18,560 [grpc-default-executor-6] INFO  impl.RaftServerImpl (RaftServerImpl.java:setRole(184)) - 7c510082-4284-44ef-8cd9-bb38fb15579f@group-62509A8A5C15: changes role from  FOLLOWER to FOLLOWER at term 388 for recognizeCandidate:d2424f4d-20d2-4104-abcc-02e6288f3ffc
2019-10-17 21:16:18,561 [grpc-default-executor-6] INFO  impl.RoleInfo (RoleInfo.java:shutdownFollowerState(121)) - 7c510082-4284-44ef-8cd9-bb38fb15579f: shutdown FollowerState
2019-10-17 21:16:18,560 [grpc-default-executor-2] INFO  impl.RoleInfo (RoleInfo.java:shutdownFollowerState(121)) - 3909bd6a-278d-4911-9d70-32680c972d02: shutdown FollowerState
2019-10-17 21:16:18,561 [Thread-2585] INFO  impl.FollowerState (FollowerState.java:run(117)) - 7c510082-4284-44ef-8cd9-bb38fb15579f@group-62509A8A5C15-FollowerState was interrupted: java.lang.InterruptedException: sleep interrupted
2019-10-17 21:16:18,561 [Thread-2584] INFO  impl.FollowerState (FollowerState.java:run(117)) - 3909bd6a-278d-4911-9d70-32680c972d02@group-62509A8A5C15-FollowerState was interrupted: java.lang.InterruptedException: sleep interrupted
2019-10-17 21:16:18,561 [grpc-default-executor-6] INFO  impl.RoleInfo (RoleInfo.java:updateAndGet(143)) - 7c510082-4284-44ef-8cd9-bb38fb15579f: start FollowerState
2019-10-17 21:16:18,561 [grpc-default-executor-2] INFO  impl.RoleInfo (RoleInfo.java:updateAndGet(143)) - 3909bd6a-278d-4911-9d70-32680c972d02: start FollowerState
2019-10-17 21:16:18,575 [d2424f4d-20d2-4104-abcc-02e6288f3ffc@group-62509A8A5C15-LeaderElection351] INFO  impl.LeaderElection (LeaderElection.java:logAndReturn(56)) - d2424f4d-20d2-4104-abcc-02e6288f3ffc@group-62509A8A5C15-LeaderElection351: Election REJECTED; received 2 response(s) [d2424f4d-20d2-4104-abcc-02e6288f3ffc<-3909bd6a-278d-4911-9d70-32680c972d02#0:FAIL-t388, d2424f4d-20d2-4104-abcc-02e6288f3ffc<-7c510082-4284-44ef-8cd9-bb38fb15579f#0:FAIL-t388] and 0 exception(s); d2424f4d-20d2-4104-abcc-02e6288f3ffc@group-62509A8A5C15:t388, leader=null, voted=d2424f4d-20d2-4104-abcc-02e6288f3ffc, raftlog=d2424f4d-20d2-4104-abcc-02e6288f3ffc@group-62509A8A5C15-SegmentedRaftLog:OPENED:c-1,f-1,i0, conf=-1: [3909bd6a-278d-4911-9d70-32680c972d02:192.168.157.223:33343, d2424f4d-20d2-4104-abcc-02e6288f3ffc:192.168.157.223:39352, 7c510082-4284-44ef-8cd9-bb38fb15579f:192.168.157.223:33098], old=null
2019-10-17 21:16:18,575 [d2424f4d-20d2-4104-abcc-02e6288f3ffc@group-62509A8A5C15-LeaderElection351] INFO  impl.RaftServerImpl (RaftServerImpl.java:setRole(184)) - d2424f4d-20d2-4104-abcc-02e6288f3ffc@group-62509A8A5C15: changes role from CANDIDATE to FOLLOWER at term 388 for DISCOVERED_A_NEW_TERM
2019-10-17 21:16:18,575 [d2424f4d-20d2-4104-abcc-02e6288f3ffc@group-62509A8A5C15-LeaderElection351] INFO  impl.RoleInfo (RoleInfo.java:shutdownLeaderElection(134)) - d2424f4d-20d2-4104-abcc-02e6288f3ffc: shutdown LeaderElection
2019-10-17 21:16:18,575 [d2424f4d-20d2-4104-abcc-02e6288f3ffc@group-62509A8A5C15-LeaderElection351] INFO  impl.RoleInfo (RoleInfo.java:updateAndGet(143)) - d2424f4d-20d2-4104-abcc-02e6288f3ffc: start FollowerState
2019-10-17 21:16:18,765 [Thread-2592] INFO  impl.FollowerState (FollowerState.java:run(108)) - d2424f4d-20d2-4104-abcc-02e6288f3ffc@group-62509A8A5C15-FollowerState: change to CANDIDATE, lastRpcTime:189ms, electionTimeout:189ms
2019-10-17 21:16:18,765 [Thread-2592] INFO  impl.RoleInfo (RoleInfo.java:shutdownFollowerState(121)) - d2424f4d-20d2-4104-abcc-02e6288f3ffc: shutdown FollowerState
2019-10-17 21:16:18,765 [Thread-2592] INFO  impl.RaftServerImpl (RaftServerImpl.java:setRole(184)) - d2424f4d-20d2-4104-abcc-02e6288f3ffc@group-62509A8A5C15: changes role from  FOLLOWER to CANDIDATE at term 388 for changeToCandidate
2019-10-17 21:16:18,765 [Thread-2592] INFO  impl.RoleInfo (RoleInfo.java:updateAndGet(143)) - d2424f4d-20d2-4104-abcc-02e6288f3ffc: start LeaderElection
2019-10-17 21:16:18,779 [d2424f4d-20d2-4104-abcc-02e6288f3ffc@group-62509A8A5C15-LeaderElection352] INFO  impl.LeaderElection (LeaderElection.java:askForVotes(178)) - d2424f4d-20d2-4104-abcc-02e6288f3ffc@group-62509A8A5C15-LeaderElection352: begin an election at term 389 for -1: [3909bd6a-278d-4911-9d70-32680c972d02:192.168.157.223:33343, d2424f4d-20d2-4104-abcc-02e6288f3ffc:192.168.157.223:39352, 7c510082-4284-44ef-8cd9-bb38fb15579f:192.168.157.223:33098], old=null
2019-10-17 21:16:18,781 [grpc-default-executor-2] INFO  impl.RaftServerImpl (RaftServerImpl.java:setRole(184)) - 3909bd6a-278d-4911-9d70-32680c972d02@group-62509A8A5C15: changes role from  FOLLOWER to FOLLOWER at term 389 for recognizeCandidate:d2424f4d-20d2-4104-abcc-02e6288f3ffc
2019-10-17 21:16:18,781 [grpc-default-executor-6] INFO  impl.RaftServerImpl (RaftServerImpl.java:setRole(184)) - 7c510082-4284-44ef-8cd9-bb38fb15579f@group-62509A8A5C15: changes role from  FOLLOWER to FOLLOWER at term 389 for recognizeCandidate:d2424f4d-20d2-4104-abcc-02e6288f3ffc
2019-10-17 21:16:18,781 [grpc-default-executor-6] INFO  impl.RoleInfo (RoleInfo.java:shutdownFollowerState(121)) - 7c510082-4284-44ef-8cd9-bb38fb15579f: shutdown FollowerState
2019-10-17 21:16:18,781 [grpc-default-executor-2] INFO  impl.RoleInfo (RoleInfo.java:shutdownFollowerState(121)) - 3909bd6a-278d-4911-9d70-32680c972d02: shutdown FollowerState
2019-10-17 21:16:18,781 [Thread-2590] INFO  impl.FollowerState (FollowerState.java:run(117)) - 7c510082-4284-44ef-8cd9-bb38fb15579f@group-62509A8A5C15-FollowerState was interrupted: java.lang.InterruptedException: sleep interrupted
2019-10-17 21:16:18,781 [grpc-default-executor-6] INFO  impl.RoleInfo (RoleInfo.java:updateAndGet(143)) - 7c510082-4284-44ef-8cd9-bb38fb15579f: start FollowerState
2019-10-17 21:16:18,781 [Thread-2591] INFO  impl.FollowerState (FollowerState.java:run(117)) - 3909bd6a-278d-4911-9d70-32680c972d02@group-62509A8A5C15-FollowerState was interrupted: java.lang.InterruptedException: sleep interrupted
2019-10-17 21:16:18,781 [grpc-default-executor-2] INFO  impl.RoleInfo (RoleInfo.java:updateAndGet(143)) - 3909bd6a-278d-4911-9d70-32680c972d02: start FollowerState
2019-10-17 21:16:18,808 [d2424f4d-20d2-4104-abcc-02e6288f3ffc@group-62509A8A5C15-LeaderElection352] INFO  impl.LeaderElection (LeaderElection.java:logAndReturn(56)) - d2424f4d-20d2-4104-abcc-02e6288f3ffc@group-62509A8A5C15-LeaderElection352: Election REJECTED; received 2 response(s) [d2424f4d-20d2-4104-abcc-02e6288f3ffc<-3909bd6a-278d-4911-9d70-32680c972d02#0:FAIL-t389, d2424f4d-20d2-4104-abcc-02e6288f3ffc<-7c510082-4284-44ef-8cd9-bb38fb15579f#0:FAIL-t389] and 0 exception(s); d2424f4d-20d2-4104-abcc-02e6288f3ffc@group-62509A8A5C15:t389, leader=null, voted=d2424f4d-20d2-4104-abcc-02e6288f3ffc, raftlog=d2424f4d-20d2-4104-abcc-02e6288f3ffc@group-62509A8A5C15-SegmentedRaftLog:OPENED:c-1,f-1,i0, conf=-1: [3909bd6a-278d-4911-9d70-32680c972d02:192.168.157.223:33343, d2424f4d-20d2-4104-abcc-02e6288f3ffc:192.168.157.223:39352, 7c510082-4284-44ef-8cd9-bb38fb15579f:192.168.157.223:33098], old=null
2019-10-17 21:16:18,808 [d2424f4d-20d2-4104-abcc-02e6288f3ffc@group-62509A8A5C15-LeaderElection352] INFO  impl.RaftServerImpl (RaftServerImpl.java:setRole(184)) - d2424f4d-20d2-4104-abcc-02e6288f3ffc@group-62509A8A5C15: changes role from CANDIDATE to FOLLOWER at term 389 for DISCOVERED_A_NEW_TERM
2019-10-17 21:16:18,808 [d2424f4d-20d2-4104-abcc-02e6288f3ffc@group-62509A8A5C15-LeaderElection352] INFO  impl.RoleInfo (RoleInfo.java:shutdownLeaderElection(134)) - d2424f4d-20d2-4104-abcc-02e6288f3ffc: shutdown LeaderElection
2019-10-17 21:16:18,808 [d2424f4d-20d2-4104-abcc-02e6288f3ffc@group-62509A8A5C15-LeaderElection352] INFO  impl.RoleInfo (RoleInfo.java:updateAndGet(143)) - d2424f4d-20d2-4104-abcc-02e6288f3ffc: start FollowerState
2019-10-17 21:16:19,000 [Thread-2598] INFO  impl.FollowerState (FollowerState.java:run(108)) - d2424f4d-20d2-4104-abcc-02e6288f3ffc@group-62509A8A5C15-FollowerState: change to CANDIDATE, lastRpcTime:191ms, electionTimeout:191ms
2019-10-17 21:16:19,000 [Thread-2598] INFO  impl.RoleInfo (RoleInfo.java:shutdownFollowerState(121)) - d2424f4d-20d2-4104-abcc-02e6288f3ffc: shutdown FollowerState
2019-10-17 21:16:19,000 [Thread-2598] INFO  impl.RaftServerImpl (RaftServerImpl.java:setRole(184)) - d2424f4d-20d2-4104-abcc-02e6288f3ffc@group-62509A8A5C15: changes role from  FOLLOWER to CANDIDATE at term 389 for changeToCandidate
2019-10-17 21:16:19,000 [Thread-2598] INFO  impl.RoleInfo (RoleInfo.java:updateAndGet(143)) - d2424f4d-20d2-4104-abcc-02e6288f3ffc: start LeaderElection
2019-10-17 21:16:19,022 [d2424f4d-20d2-4104-abcc-02e6288f3ffc@group-62509A8A5C15-LeaderElection353] INFO  impl.LeaderElection (LeaderElection.java:askForVotes(178)) - d2424f4d-20d2-4104-abcc-02e6288f3ffc@group-62509A8A5C15-LeaderElection353: begin an election at term 390 for -1: [3909bd6a-278d-4911-9d70-32680c972d02:192.168.157.223:33343, d2424f4d-20d2-4104-abcc-02e6288f3ffc:192.168.157.223:39352, 7c510082-4284-44ef-8cd9-bb38fb15579f:192.168.157.223:33098], old=null
2019-10-17 21:16:19,024 [grpc-default-executor-6] INFO  impl.RaftServerImpl (RaftServerImpl.java:setRole(184)) - 3909bd6a-278d-4911-9d70-32680c972d02@group-62509A8A5C15: changes role from  FOLLOWER to FOLLOWER at term 390 for recognizeCandidate:d2424f4d-20d2-4104-abcc-02e6288f3ffc
2019-10-17 21:16:19,024 [grpc-default-executor-6] INFO  impl.RoleInfo (RoleInfo.java:shutdownFollowerState(121)) - 3909bd6a-278d-4911-9d70-32680c972d02: shutdown FollowerState
2019-10-17 21:16:19,024 [grpc-default-executor-2] INFO  impl.RaftServerImpl (RaftServerImpl.java:setRole(184)) - 7c510082-4284-44ef-8cd9-bb38fb15579f@group-62509A8A5C15: changes role from  FOLLOWER to FOLLOWER at term 390 for recognizeCandidate:d2424f4d-20d2-4104-abcc-02e6288f3ffc
2019-10-17 21:16:19,025 [Thread-2597] INFO  impl.FollowerState (FollowerState.java:run(117)) - 3909bd6a-278d-4911-9d70-32680c972d02@group-62509A8A5C15-FollowerState was interrupted: java.lang.InterruptedException: sleep interrupted
2019-10-17 21:16:19,025 [grpc-default-executor-6] INFO  impl.RoleInfo (RoleInfo.java:updateAndGet(143)) - 3909bd6a-278d-4911-9d70-32680c972d02: start FollowerState
2019-10-17 21:16:19,025 [grpc-default-executor-2] INFO  impl.RoleInfo (RoleInfo.java:shutdownFollowerState(121)) - 7c510082-4284-44ef-8cd9-bb38fb15579f: shutdown FollowerState
2019-10-17 21:16:19,025 [grpc-default-executor-2] INFO  impl.RoleInfo (RoleInfo.java:updateAndGet(143)) - 7c510082-4284-44ef-8cd9-bb38fb15579f: start FollowerState
2019-10-17 21:16:19,025 [Thread-2596] INFO  impl.FollowerState (FollowerState.java:run(117)) - 7c510082-4284-44ef-8cd9-bb38fb15579f@group-62509A8A5C15-FollowerState was interrupted: java.lang.InterruptedException: sleep interrupted
2019-10-17 21:16:19,055 [d2424f4d-20d2-4104-abcc-02e6288f3ffc@group-62509A8A5C15-LeaderElection353] INFO  impl.LeaderElection (LeaderElection.java:logAndReturn(56)) - d2424f4d-20d2-4104-abcc-02e6288f3ffc@group-62509A8A5C15-LeaderElection353: Election REJECTED; received 2 response(s) [d2424f4d-20d2-4104-abcc-02e6288f3ffc<-3909bd6a-278d-4911-9d70-32680c972d02#0:FAIL-t390, d2424f4d-20d2-4104-abcc-02e6288f3ffc<-7c510082-4284-44ef-8cd9-bb38fb15579f#0:FAIL-t390] and 0 exception(s); d2424f4d-20d2-4104-abcc-02e6288f3ffc@group-62509A8A5C15:t390, leader=null, voted=d2424f4d-20d2-4104-abcc-02e6288f3ffc, raftlog=d2424f4d-20d2-4104-abcc-02e6288f3ffc@group-62509A8A5C15-SegmentedRaftLog:OPENED:c-1,f-1,i0, conf=-1: [3909bd6a-278d-4911-9d70-32680c972d02:192.168.157.223:33343, d2424f4d-20d2-4104-abcc-02e6288f3ffc:192.168.157.223:39352, 7c510082-4284-44ef-8cd9-bb38fb15579f:192.168.157.223:33098], old=null
2019-10-17 21:16:19,056 [d2424f4d-20d2-4104-abcc-02e6288f3ffc@group-62509A8A5C15-LeaderElection353] INFO  impl.RaftServerImpl (RaftServerImpl.java:setRole(184)) - d2424f4d-20d2-4104-abcc-02e6288f3ffc@group-62509A8A5C15: changes role from CANDIDATE to FOLLOWER at term 390 for DISCOVERED_A_NEW_TERM
2019-10-17 21:16:19,056 [d2424f4d-20d2-4104-abcc-02e6288f3ffc@group-62509A8A5C15-LeaderElection353] INFO  impl.RoleInfo (RoleInfo.java:shutdownLeaderElection(134)) - d2424f4d-20d2-4104-abcc-02e6288f3ffc: shutdown LeaderElection
2019-10-17 21:16:19,056 [d2424f4d-20d2-4104-abcc-02e6288f3ffc@group-62509A8A5C15-LeaderElection353] INFO  impl.RoleInfo (RoleInfo.java:updateAndGet(143)) - d2424f4d-20d2-4104-abcc-02e6288f3ffc: start FollowerState
2019-10-17 21:16:19,195 [Thread-2604] INFO  impl.FollowerState (FollowerState.java:run(108)) - d2424f4d-20d2-4104-abcc-02e6288f3ffc@group-62509A8A5C15-FollowerState: change to CANDIDATE, lastRpcTime:139ms, electionTimeout:139ms
2019-10-17 21:16:19,196 [Thread-2604] INFO  impl.RoleInfo (RoleInfo.java:shutdownFollowerState(121)) - d2424f4d-20d2-4104-abcc-02e6288f3ffc: shutdown FollowerState
2019-10-17 21:16:19,196 [Thread-2604] INFO  impl.RaftServerImpl (RaftServerImpl.java:setRole(184)) - d2424f4d-20d2-4104-abcc-02e6288f3ffc@group-62509A8A5C15: changes role from  FOLLOWER to CANDIDATE at term 390 for changeToCandidate
2019-10-17 21:16:19,196 [Thread-2604] INFO  impl.RoleInfo (RoleInfo.java:updateAndGet(143)) - d2424f4d-20d2-4104-abcc-02e6288f3ffc: start LeaderElection
2019-10-17 21:16:19,210 [d2424f4d-20d2-4104-abcc-02e6288f3ffc@group-62509A8A5C15-LeaderElection354] INFO  impl.LeaderElection (LeaderElection.java:askForVotes(178)) - d2424f4d-20d2-4104-abcc-02e6288f3ffc@group-62509A8A5C15-LeaderElection354: begin an election at term 391 for -1: [3909bd6a-278d-4911-9d70-32680c972d02:192.168.157.223:33343, d2424f4d-20d2-4104-abcc-02e6288f3ffc:192.168.157.223:39352, 7c510082-4284-44ef-8cd9-bb38fb15579f:192.168.157.223:33098], old=null
2019-10-17 21:16:19,212 [grpc-default-executor-6] INFO  impl.RaftServerImpl (RaftServerImpl.java:setRole(184)) - 3909bd6a-278d-4911-9d70-32680c972d02@group-62509A8A5C15: changes role from  FOLLOWER to FOLLOWER at term 391 for recognizeCandidate:d2424f4d-20d2-4104-abcc-02e6288f3ffc
2019-10-17 21:16:19,212 [grpc-default-executor-6] INFO  impl.RoleInfo (RoleInfo.java:shutdownFollowerState(121)) - 3909bd6a-278d-4911-9d70-32680c972d02: shutdown FollowerState
2019-10-17 21:16:19,213 [grpc-default-executor-2] INFO  impl.RaftServerImpl (RaftServerImpl.java:setRole(184)) - 7c510082-4284-44ef-8cd9-bb38fb15579f@group-62509A8A5C15: changes role from  FOLLOWER to FOLLOWER at term 391 for recognizeCandidate:d2424f4d-20d2-4104-abcc-02e6288f3ffc
2019-10-17 21:16:19,213 [grpc-default-executor-2] INFO  impl.RoleInfo (RoleInfo.java:shutdownFollowerState(121)) - 7c510082-4284-44ef-8cd9-bb38fb15579f: shutdown FollowerState
2019-10-17 21:16:19,213 [Thread-2602] INFO  impl.FollowerState (FollowerState.java:run(117)) - 3909bd6a-278d-4911-9d70-32680c972d02@group-62509A8A5C15-FollowerState was interrupted: java.lang.InterruptedException: sleep interrupted
2019-10-17 21:16:19,213 [grpc-default-executor-6] INFO  impl.RoleInfo (RoleInfo.java:updateAndGet(143)) - 3909bd6a-278d-4911-9d70-32680c972d02: start FollowerState
2019-10-17 21:16:19,213 [grpc-default-executor-2] INFO  impl.RoleInfo (RoleInfo.java:updateAndGet(143)) - 7c510082-4284-44ef-8cd9-bb38fb15579f: start FollowerState
2019-10-17 21:16:19,213 [Thread-2603] INFO  impl.FollowerState (FollowerState.java:run(117)) - 7c510082-4284-44ef-8cd9-bb38fb15579f@group-62509A8A5C15-FollowerState was interrupted: java.lang.InterruptedException: sleep interrupted
2019-10-17 21:16:19,224 [d2424f4d-20d2-4104-abcc-02e6288f3ffc@group-62509A8A5C15-LeaderElection354] INFO  impl.LeaderElection (LeaderElection.java:logAndReturn(56)) - d2424f4d-20d2-4104-abcc-02e6288f3ffc@group-62509A8A5C15-LeaderElection354: Election TIMEOUT; received 0 response(s) [] and 0 exception(s); d2424f4d-20d2-4104-abcc-02e6288f3ffc@group-62509A8A5C15:t391, leader=null, voted=d2424f4d-20d2-4104-abcc-02e6288f3ffc, raftlog=d2424f4d-20d2-4104-abcc-02e6288f3ffc@group-62509A8A5C15-SegmentedRaftLog:OPENED:c-1,f-1,i0, conf=-1: [3909bd6a-278d-4911-9d70-32680c972d02:192.168.157.223:33343, d2424f4d-20d2-4104-abcc-02e6288f3ffc:192.168.157.223:39352, 7c510082-4284-44ef-8cd9-bb38fb15579f:192.168.157.223:33098], old=null
2019-10-17 21:16:19,232 [d2424f4d-20d2-4104-abcc-02e6288f3ffc@group-62509A8A5C15-LeaderElection354] INFO  impl.LeaderElection (LeaderElection.java:askForVotes(178)) - d2424f4d-20d2-4104-abcc-02e6288f3ffc@group-62509A8A5C15-LeaderElection354: begin an election at term 392 for -1: [3909bd6a-278d-4911-9d70-32680c972d02:192.168.157.223:33343, d2424f4d-20d2-4104-abcc-02e6288f3ffc:192.168.157.223:39352, 7c510082-4284-44ef-8cd9-bb38fb15579f:192.168.157.223:33098], old=null
2019-10-17 21:16:19,234 [grpc-default-executor-6] INFO  impl.RaftServerImpl (RaftServerImpl.java:setRole(184)) - 3909bd6a-278d-4911-9d70-32680c972d02@group-62509A8A5C15: changes role from  FOLLOWER to FOLLOWER at term 392 for recognizeCandidate:d2424f4d-20d2-4104-abcc-02e6288f3ffc
2019-10-17 21:16:19,235 [grpc-default-executor-6] INFO  impl.RoleInfo (RoleInfo.java:shutdownFollowerState(121)) - 3909bd6a-278d-4911-9d70-32680c972d02: shutdown FollowerState
2019-10-17 21:16:19,235 [grpc-default-executor-6] INFO  impl.RoleInfo (RoleInfo.java:updateAndGet(143)) - 3909bd6a-278d-4911-9d70-32680c972d02: start FollowerState
2019-10-17 21:16:19,235 [Thread-2608] INFO  impl.FollowerState (FollowerState.java:run(117)) - 3909bd6a-278d-4911-9d70-32680c972d02@group-62509A8A5C15-FollowerState was interrupted: java.lang.InterruptedException: sleep interrupted
2019-10-17 21:16:19,235 [grpc-default-executor-2] INFO  impl.RaftServerImpl (RaftServerImpl.java:setRole(184)) - 7c510082-4284-44ef-8cd9-bb38fb15579f@group-62509A8A5C15: changes role from  FOLLOWER to FOLLOWER at term 392 for recognizeCandidate:d2424f4d-20d2-4104-abcc-02e6288f3ffc
2019-10-17 21:16:19,235 [grpc-default-executor-2] INFO  impl.RoleInfo (RoleInfo.java:shutdownFollowerState(121)) - 7c510082-4284-44ef-8cd9-bb38fb15579f: shutdown FollowerState
2019-10-17 21:16:19,235 [grpc-default-executor-2] INFO  impl.RoleInfo (RoleInfo.java:updateAndGet(143)) - 7c510082-4284-44ef-8cd9-bb38fb15579f: start FollowerState
2019-10-17 21:16:19,235 [Thread-2609] INFO  impl.FollowerState (FollowerState.java:run(117)) - 7c510082-4284-44ef-8cd9-bb38fb15579f@group-62509A8A5C15-FollowerState was interrupted: java.lang.InterruptedException: sleep interrupted
2019-10-17 21:16:19,246 [d2424f4d-20d2-4104-abcc-02e6288f3ffc@group-62509A8A5C15-LeaderElection354] INFO  impl.LeaderElection (LeaderElection.java:logAndReturn(56)) - d2424f4d-20d2-4104-abcc-02e6288f3ffc@group-62509A8A5C15-LeaderElection354: Election REJECTED; received 2 response(s) [d2424f4d-20d2-4104-abcc-02e6288f3ffc<-3909bd6a-278d-4911-9d70-32680c972d02#0:FAIL-t392, d2424f4d-20d2-4104-abcc-02e6288f3ffc<-7c510082-4284-44ef-8cd9-bb38fb15579f#0:FAIL-t392] and 0 exception(s); d2424f4d-20d2-4104-abcc-02e6288f3ffc@group-62509A8A5C15:t392, leader=null, voted=d2424f4d-20d2-4104-abcc-02e6288f3ffc, raftlog=d2424f4d-20d2-4104-abcc-02e6288f3ffc@group-62509A8A5C15-SegmentedRaftLog:OPENED:c-1,f-1,i0, conf=-1: [3909bd6a-278d-4911-9d70-32680c972d02:192.168.157.223:33343, d2424f4d-20d2-4104-abcc-02e6288f3ffc:192.168.157.223:39352, 7c510082-4284-44ef-8cd9-bb38fb15579f:192.168.157.223:33098], old=null
2019-10-17 21:16:19,246 [d2424f4d-20d2-4104-abcc-02e6288f3ffc@group-62509A8A5C15-LeaderElection354] INFO  impl.RaftServerImpl (RaftServerImpl.java:setRole(184)) - d2424f4d-20d2-4104-abcc-02e6288f3ffc@group-62509A8A5C15: changes role from CANDIDATE to FOLLOWER at term 392 for DISCOVERED_A_NEW_TERM
2019-10-17 21:16:19,247 [d2424f4d-20d2-4104-abcc-02e6288f3ffc@group-62509A8A5C15-LeaderElection354] INFO  impl.RoleInfo (RoleInfo.java:shutdownLeaderElection(134)) - d2424f4d-20d2-4104-abcc-02e6288f3ffc: shutdown LeaderElection
2019-10-17 21:16:19,247 [d2424f4d-20d2-4104-abcc-02e6288f3ffc@group-62509A8A5C15-LeaderElection354] INFO  impl.RoleInfo (RoleInfo.java:updateAndGet(143)) - d2424f4d-20d2-4104-abcc-02e6288f3ffc: start FollowerState
2019-10-17 21:16:19,440 [Thread-2614] INFO  impl.FollowerState (FollowerState.java:run(108)) - d2424f4d-20d2-4104-abcc-02e6288f3ffc@group-62509A8A5C15-FollowerState: change to CANDIDATE, lastRpcTime:193ms, electionTimeout:193ms
2019-10-17 21:16:19,440 [Thread-2614] INFO  impl.RoleInfo (RoleInfo.java:shutdownFollowerState(121)) - d2424f4d-20d2-4104-abcc-02e6288f3ffc: shutdown FollowerState
2019-10-17 21:16:19,441 [Thread-2614] INFO  impl.RaftServerImpl (RaftServerImpl.java:setRole(184)) - d2424f4d-20d2-4104-abcc-02e6288f3ffc@group-62509A8A5C15: changes role from  FOLLOWER to CANDIDATE at term 392 for changeToCandidate
2019-10-17 21:16:19,441 [Thread-2614] INFO  impl.RoleInfo (RoleInfo.java:updateAndGet(143)) - d2424f4d-20d2-4104-abcc-02e6288f3ffc: start LeaderElection
2019-10-17 21:16:19,455 [d2424f4d-20d2-4104-abcc-02e6288f3ffc@group-62509A8A5C15-LeaderElection355] INFO  impl.LeaderElection (LeaderElection.java:askForVotes(178)) - d2424f4d-20d2-4104-abcc-02e6288f3ffc@group-62509A8A5C15-LeaderElection355: begin an election at term 393 for -1: [3909bd6a-278d-4911-9d70-32680c972d02:192.168.157.223:33343, d2424f4d-20d2-4104-abcc-02e6288f3ffc:192.168.157.223:39352, 7c510082-4284-44ef-8cd9-bb38fb15579f:192.168.157.223:33098], old=null
2019-10-17 21:16:19,463 [d2424f4d-20d2-4104-abcc-02e6288f3ffc@group-62509A8A5C15-LeaderElection355] INFO  impl.LeaderElection (LeaderElection.java:logAndReturn(56)) - d2424f4d-20d2-4104-abcc-02e6288f3ffc@group-62509A8A5C15-LeaderElection355: Election TIMEOUT; received 0 response(s) [] and 0 exception(s); d2424f4d-20d2-4104-abcc-02e6288f3ffc@group-62509A8A5C15:t393, leader=null, voted=d2424f4d-20d2-4104-abcc-02e6288f3ffc, raftlog=d2424f4d-20d2-4104-abcc-02e6288f3ffc@group-62509A8A5C15-SegmentedRaftLog:OPENED:c-1,f-1,i0, conf=-1: [3909bd6a-278d-4911-9d70-32680c972d02:192.168.157.223:33343, d2424f4d-20d2-4104-abcc-02e6288f3ffc:192.168.157.223:39352, 7c510082-4284-44ef-8cd9-bb38fb15579f:192.168.157.223:33098], old=null
2019-10-17 21:16:19,463 [grpc-default-executor-2] INFO  impl.RaftServerImpl (RaftServerImpl.java:setRole(184)) - 3909bd6a-278d-4911-9d70-32680c972d02@group-62509A8A5C15: changes role from  FOLLOWER to FOLLOWER at term 393 for recognizeCandidate:d2424f4d-20d2-4104-abcc-02e6288f3ffc
2019-10-17 21:16:19,463 [grpc-default-executor-2] INFO  impl.RoleInfo (RoleInfo.java:shutdownFollowerState(121)) - 3909bd6a-278d-4911-9d70-32680c972d02: shutdown FollowerState
2019-10-17 21:16:19,463 [grpc-default-executor-6] INFO  impl.RaftServerImpl (RaftServerImpl.java:setRole(184)) - 7c510082-4284-44ef-8cd9-bb38fb15579f@group-62509A8A5C15: changes role from  FOLLOWER to FOLLOWER at term 393 for recognizeCandidate:d2424f4d-20d2-4104-abcc-02e6288f3ffc
2019-10-17 21:16:19,463 [grpc-default-executor-6] INFO  impl.RoleInfo (RoleInfo.java:shutdownFollowerState(121)) - 7c510082-4284-44ef-8cd9-bb38fb15579f: shutdown FollowerState
2019-10-17 21:16:19,469 [grpc-default-executor-6] INFO  impl.RoleInfo (RoleInfo.java:updateAndGet(143)) - 7c510082-4284-44ef-8cd9-bb38fb15579f: start FollowerState
2019-10-17 21:16:19,469 [Thread-2612] INFO  impl.FollowerState (FollowerState.java:run(117)) - 3909bd6a-278d-4911-9d70-32680c972d02@group-62509A8A5C15-FollowerState was interrupted: java.lang.InterruptedException: sleep interrupted
2019-10-17 21:16:19,469 [grpc-default-executor-2] INFO  impl.RoleInfo (RoleInfo.java:updateAndGet(143)) - 3909bd6a-278d-4911-9d70-32680c972d02: start FollowerState
2019-10-17 21:16:19,469 [Thread-2613] INFO  impl.FollowerState (FollowerState.java:run(117)) - 7c510082-4284-44ef-8cd9-bb38fb15579f@group-62509A8A5C15-FollowerState was interrupted: java.lang.InterruptedException: sleep interrupted
2019-10-17 21:16:19,488 [d2424f4d-20d2-4104-abcc-02e6288f3ffc@group-62509A8A5C15-LeaderElection355] INFO  impl.LeaderElection (LeaderElection.java:askForVotes(178)) - d2424f4d-20d2-4104-abcc-02e6288f3ffc@group-62509A8A5C15-LeaderElection355: begin an election at term 394 for -1: [3909bd6a-278d-4911-9d70-32680c972d02:192.168.157.223:33343, d2424f4d-20d2-4104-abcc-02e6288f3ffc:192.168.157.223:39352, 7c510082-4284-44ef-8cd9-bb38fb15579f:192.168.157.223:33098], old=null
2019-10-17 21:16:19,490 [grpc-default-executor-6] INFO  impl.RaftServerImpl (RaftServerImpl.java:setRole(184)) - 3909bd6a-278d-4911-9d70-32680c972d02@group-62509A8A5C15: changes role from  FOLLOWER to FOLLOWER at term 394 for recognizeCandidate:d2424f4d-20d2-4104-abcc-02e6288f3ffc
2019-10-17 21:16:19,490 [grpc-default-executor-6] INFO  impl.RoleInfo (RoleInfo.java:shutdownFollowerState(121)) - 3909bd6a-278d-4911-9d70-32680c972d02: shutdown FollowerState
2019-10-17 21:16:19,490 [grpc-default-executor-2] INFO  impl.RaftServerImpl (RaftServerImpl.java:setRole(184)) - 7c510082-4284-44ef-8cd9-bb38fb15579f@group-62509A8A5C15: changes role from  FOLLOWER to FOLLOWER at term 394 for recognizeCandidate:d2424f4d-20d2-4104-abcc-02e6288f3ffc
2019-10-17 21:16:19,490 [grpc-default-executor-2] INFO  impl.RoleInfo (RoleInfo.java:shutdownFollowerState(121)) - 7c510082-4284-44ef-8cd9-bb38fb15579f: shutdown FollowerState
2019-10-17 21:16:19,490 [Thread-2621] INFO  impl.FollowerState (FollowerState.java:run(117)) - 3909bd6a-278d-4911-9d70-32680c972d02@group-62509A8A5C15-FollowerState was interrupted: java.lang.InterruptedException: sleep interrupted
2019-10-17 21:16:19,490 [grpc-default-executor-6] INFO  impl.RoleInfo (RoleInfo.java:updateAndGet(143)) - 3909bd6a-278d-4911-9d70-32680c972d02: start FollowerState
2019-10-17 21:16:19,491 [Thread-2620] INFO  impl.FollowerState (FollowerState.java:run(117)) - 7c510082-4284-44ef-8cd9-bb38fb15579f@group-62509A8A5C15-FollowerState was interrupted: java.lang.InterruptedException: sleep interrupted
2019-10-17 21:16:19,490 [grpc-default-executor-2] INFO  impl.RoleInfo (RoleInfo.java:updateAndGet(143)) - 7c510082-4284-44ef-8cd9-bb38fb15579f: start FollowerState
2019-10-17 21:16:19,511 [d2424f4d-20d2-4104-abcc-02e6288f3ffc@group-62509A8A5C15-LeaderElection355] INFO  impl.LeaderElection (LeaderElection.java:logAndReturn(56)) - d2424f4d-20d2-4104-abcc-02e6288f3ffc@group-62509A8A5C15-LeaderElection355: Election TIMEOUT; received 0 response(s) [] and 0 exception(s); d2424f4d-20d2-4104-abcc-02e6288f3ffc@group-62509A8A5C15:t394, leader=null, voted=d2424f4d-20d2-4104-abcc-02e6288f3ffc, raftlog=d2424f4d-20d2-4104-abcc-02e6288f3ffc@group-62509A8A5C15-SegmentedRaftLog:OPENED:c-1,f-1,i0, conf=-1: [3909bd6a-278d-4911-9d70-32680c972d02:192.168.157.223:33343, d2424f4d-20d2-4104-abcc-02e6288f3ffc:192.168.157.223:39352, 7c510082-4284-44ef-8cd9-bb38fb15579f:192.168.157.223:33098], old=null
2019-10-17 21:16:19,517 [d2424f4d-20d2-4104-abcc-02e6288f3ffc@group-62509A8A5C15-LeaderElection355] INFO  impl.LeaderElection (LeaderElection.java:askForVotes(178)) - d2424f4d-20d2-4104-abcc-02e6288f3ffc@group-62509A8A5C15-LeaderElection355: begin an election at term 395 for -1: [3909bd6a-278d-4911-9d70-32680c972d02:192.168.157.223:33343, d2424f4d-20d2-4104-abcc-02e6288f3ffc:192.168.157.223:39352, 7c510082-4284-44ef-8cd9-bb38fb15579f:192.168.157.223:33098], old=null
2019-10-17 21:16:19,518 [d2424f4d-20d2-4104-abcc-02e6288f3ffc@group-62509A8A5C15-LeaderElection355] INFO  impl.LeaderElection (LeaderElection.java:logAndReturn(56)) - d2424f4d-20d2-4104-abcc-02e6288f3ffc@group-62509A8A5C15-LeaderElection355: Election TIMEOUT; received 0 response(s) [] and 0 exception(s); d2424f4d-20d2-4104-abcc-02e6288f3ffc@group-62509A8A5C15:t395, leader=null, voted=d2424f4d-20d2-4104-abcc-02e6288f3ffc, raftlog=d2424f4d-20d2-4104-abcc-02e6288f3ffc@group-62509A8A5C15-SegmentedRaftLog:OPENED:c-1,f-1,i0, conf=-1: [3909bd6a-278d-4911-9d70-32680c972d02:192.168.157.223:33343, d2424f4d-20d2-4104-abcc-02e6288f3ffc:192.168.157.223:39352, 7c510082-4284-44ef-8cd9-bb38fb15579f:192.168.157.223:33098], old=null
2019-10-17 21:16:19,520 [grpc-default-executor-6] INFO  impl.RaftServerImpl (RaftServerImpl.java:setRole(184)) - 3909bd6a-278d-4911-9d70-32680c972d02@group-62509A8A5C15: changes role from  FOLLOWER to FOLLOWER at term 395 for recognizeCandidate:d2424f4d-20d2-4104-abcc-02e6288f3ffc
2019-10-17 21:16:19,520 [grpc-default-executor-6] INFO  impl.RoleInfo (RoleInfo.java:shutdownFollowerState(121)) - 3909bd6a-278d-4911-9d70-32680c972d02: shutdown FollowerState
2019-10-17 21:16:19,520 [grpc-default-executor-2] INFO  impl.RaftServerImpl (RaftServerImpl.java:setRole(184)) - 7c510082-4284-44ef-8cd9-bb38fb15579f@group-62509A8A5C15: changes role from  FOLLOWER to FOLLOWER at term 395 for recognizeCandidate:d2424f4d-20d2-4104-abcc-02e6288f3ffc
2019-10-17 21:16:19,520 [Thread-2624] INFO  impl.FollowerState (FollowerState.java:run(117)) - 3909bd6a-278d-4911-9d70-32680c972d02@group-62509A8A5C15-FollowerState was interrupted: java.lang.InterruptedException: sleep interrupted
2019-10-17 21:16:19,520 [grpc-default-executor-6] INFO  impl.RoleInfo (RoleInfo.java:updateAndGet(143)) - 3909bd6a-278d-4911-9d70-32680c972d02: start FollowerState
2019-10-17 21:16:19,520 [grpc-default-executor-2] INFO  impl.RoleInfo (RoleInfo.java:shutdownFollowerState(121)) - 7c510082-4284-44ef-8cd9-bb38fb15579f: shutdown FollowerState
2019-10-17 21:16:19,521 [grpc-default-executor-2] INFO  impl.RoleInfo (RoleInfo.java:updateAndGet(143)) - 7c510082-4284-44ef-8cd9-bb38fb15579f: start FollowerState
2019-10-17 21:16:19,521 [Thread-2625] INFO  impl.FollowerState (FollowerState.java:run(117)) - 7c510082-4284-44ef-8cd9-bb38fb15579f@group-62509A8A5C15-FollowerState was interrupted: java.lang.InterruptedException: sleep interrupted
2019-10-17 21:16:19,528 [d2424f4d-20d2-4104-abcc-02e6288f3ffc@group-62509A8A5C15-LeaderElection355] INFO  impl.LeaderElection (LeaderElection.java:askForVotes(178)) - d2424f4d-20d2-4104-abcc-02e6288f3ffc@group-62509A8A5C15-LeaderElection355: begin an election at term 396 for -1: [3909bd6a-278d-4911-9d70-32680c972d02:192.168.157.223:33343, d2424f4d-20d2-4104-abcc-02e6288f3ffc:192.168.157.223:39352, 7c510082-4284-44ef-8cd9-bb38fb15579f:192.168.157.223:33098], old=null
2019-10-17 21:16:19,530 [grpc-default-executor-2] INFO  impl.RaftServerImpl (RaftServerImpl.java:setRole(184)) - 3909bd6a-278d-4911-9d70-32680c972d02@group-62509A8A5C15: changes role from  FOLLOWER to FOLLOWER at term 396 for recognizeCandidate:d2424f4d-20d2-4104-abcc-02e6288f3ffc
2019-10-17 21:16:19,530 [grpc-default-executor-2] INFO  impl.RoleInfo (RoleInfo.java:shutdownFollowerState(121)) - 3909bd6a-278d-4911-9d70-32680c972d02: shutdown FollowerState
2019-10-17 21:16:19,530 [grpc-default-executor-2] INFO  impl.RoleInfo (RoleInfo.java:updateAndGet(143)) - 3909bd6a-278d-4911-9d70-32680c972d02: start FollowerState
2019-10-17 21:16:19,530 [grpc-default-executor-6] INFO  impl.RaftServerImpl (RaftServerImpl.java:setRole(184)) - 7c510082-4284-44ef-8cd9-bb38fb15579f@group-62509A8A5C15: changes role from  FOLLOWER to FOLLOWER at term 396 for recognizeCandidate:d2424f4d-20d2-4104-abcc-02e6288f3ffc
2019-10-17 21:16:19,530 [grpc-default-executor-6] INFO  impl.RoleInfo (RoleInfo.java:shutdownFollowerState(121)) - 7c510082-4284-44ef-8cd9-bb38fb15579f: shutdown FollowerState
2019-10-17 21:16:19,530 [Thread-2628] INFO  impl.FollowerState (FollowerState.java:run(117)) - 3909bd6a-278d-4911-9d70-32680c972d02@group-62509A8A5C15-FollowerState was interrupted: java.lang.InterruptedException: sleep interrupted
2019-10-17 21:16:19,530 [Thread-2629] INFO  impl.FollowerState (FollowerState.java:run(117)) - 7c510082-4284-44ef-8cd9-bb38fb15579f@group-62509A8A5C15-FollowerState was interrupted: java.lang.InterruptedException: sleep interrupted
2019-10-17 21:16:19,530 [grpc-default-executor-6] INFO  impl.RoleInfo (RoleInfo.java:updateAndGet(143)) - 7c510082-4284-44ef-8cd9-bb38fb15579f: start FollowerState
2019-10-17 21:16:19,556 [d2424f4d-20d2-4104-abcc-02e6288f3ffc@group-62509A8A5C15-LeaderElection355] INFO  impl.LeaderElection (LeaderElection.java:logAndReturn(56)) - d2424f4d-20d2-4104-abcc-02e6288f3ffc@group-62509A8A5C15-LeaderElection355: Election REJECTED; received 2 response(s) [d2424f4d-20d2-4104-abcc-02e6288f3ffc<-3909bd6a-278d-4911-9d70-32680c972d02#0:FAIL-t396, d2424f4d-20d2-4104-abcc-02e6288f3ffc<-7c510082-4284-44ef-8cd9-bb38fb15579f#0:FAIL-t396] and 0 exception(s); d2424f4d-20d2-4104-abcc-02e6288f3ffc@group-62509A8A5C15:t396, leader=null, voted=d2424f4d-20d2-4104-abcc-02e6288f3ffc, raftlog=d2424f4d-20d2-4104-abcc-02e6288f3ffc@group-62509A8A5C15-SegmentedRaftLog:OPENED:c-1,f-1,i0, conf=-1: [3909bd6a-278d-4911-9d70-32680c972d02:192.168.157.223:33343, d2424f4d-20d2-4104-abcc-02e6288f3ffc:192.168.157.223:39352, 7c510082-4284-44ef-8cd9-bb38fb15579f:192.168.157.223:33098], old=null
2019-10-17 21:16:19,556 [d2424f4d-20d2-4104-abcc-02e6288f3ffc@group-62509A8A5C15-LeaderElection355] INFO  impl.RaftServerImpl (RaftServerImpl.java:setRole(184)) - d2424f4d-20d2-4104-abcc-02e6288f3ffc@group-62509A8A5C15: changes role from CANDIDATE to FOLLOWER at term 396 for DISCOVERED_A_NEW_TERM
2019-10-17 21:16:19,556 [d2424f4d-20d2-4104-abcc-02e6288f3ffc@group-62509A8A5C15-LeaderElection355] INFO  impl.RoleInfo (RoleInfo.java:shutdownLeaderElection(134)) - d2424f4d-20d2-4104-abcc-02e6288f3ffc: shutdown LeaderElection
2019-10-17 21:16:19,556 [d2424f4d-20d2-4104-abcc-02e6288f3ffc@group-62509A8A5C15-LeaderElection355] INFO  impl.RoleInfo (RoleInfo.java:updateAndGet(143)) - d2424f4d-20d2-4104-abcc-02e6288f3ffc: start FollowerState
2019-10-17 21:16:19,604 [Thread-2634] INFO  impl.FollowerState (FollowerState.java:run(108)) - d2424f4d-20d2-4104-abcc-02e6288f3ffc@group-62509A8A5C15-FollowerState: change to CANDIDATE, lastRpcTime:47ms, electionTimeout:47ms
2019-10-17 21:16:19,604 [Thread-2634] INFO  impl.RoleInfo (RoleInfo.java:shutdownFollowerState(121)) - d2424f4d-20d2-4104-abcc-02e6288f3ffc: shutdown FollowerState
2019-10-17 21:16:19,604 [Thread-2634] INFO  impl.RaftServerImpl (RaftServerImpl.java:setRole(184)) - d2424f4d-20d2-4104-abcc-02e6288f3ffc@group-62509A8A5C15: changes role from  FOLLOWER to CANDIDATE at term 396 for changeToCandidate
2019-10-17 21:16:19,604 [Thread-2634] INFO  impl.RoleInfo (RoleInfo.java:updateAndGet(143)) - d2424f4d-20d2-4104-abcc-02e6288f3ffc: start LeaderElection
2019-10-17 21:16:19,618 [d2424f4d-20d2-4104-abcc-02e6288f3ffc@group-62509A8A5C15-LeaderElection356] INFO  impl.LeaderElection (LeaderElection.java:askForVotes(178)) - d2424f4d-20d2-4104-abcc-02e6288f3ffc@group-62509A8A5C15-LeaderElection356: begin an election at term 397 for -1: [3909bd6a-278d-4911-9d70-32680c972d02:192.168.157.223:33343, d2424f4d-20d2-4104-abcc-02e6288f3ffc:192.168.157.223:39352, 7c510082-4284-44ef-8cd9-bb38fb15579f:192.168.157.223:33098], old=null
2019-10-17 21:16:19,620 [grpc-default-executor-2] INFO  impl.RaftServerImpl (RaftServerImpl.java:setRole(184)) - 3909bd6a-278d-4911-9d70-32680c972d02@group-62509A8A5C15: changes role from  FOLLOWER to FOLLOWER at term 397 for recognizeCandidate:d2424f4d-20d2-4104-abcc-02e6288f3ffc
2019-10-17 21:16:19,620 [grpc-default-executor-2] INFO  impl.RoleInfo (RoleInfo.java:shutdownFollowerState(121)) - 3909bd6a-278d-4911-9d70-32680c972d02: shutdown FollowerState
2019-10-17 21:16:19,621 [grpc-default-executor-2] INFO  impl.RoleInfo (RoleInfo.java:updateAndGet(143)) - 3909bd6a-278d-4911-9d70-32680c972d02: start FollowerState
2019-10-17 21:16:19,621 [grpc-default-executor-6] INFO  impl.RaftServerImpl (RaftServerImpl.java:setRole(184)) - 7c510082-4284-44ef-8cd9-bb38fb15579f@group-62509A8A5C15: changes role from  FOLLOWER to FOLLOWER at term 397 for recognizeCandidate:d2424f4d-20d2-4104-abcc-02e6288f3ffc
2019-10-17 21:16:19,621 [grpc-default-executor-6] INFO  impl.RoleInfo (RoleInfo.java:shutdownFollowerState(121)) - 7c510082-4284-44ef-8cd9-bb38fb15579f: shutdown FollowerState
2019-10-17 21:16:19,621 [Thread-2632] INFO  impl.FollowerState (FollowerState.java:run(117)) - 3909bd6a-278d-4911-9d70-32680c972d02@group-62509A8A5C15-FollowerState was interrupted: java.lang.InterruptedException: sleep interrupted
2019-10-17 21:16:19,621 [Thread-2633] INFO  impl.FollowerState (FollowerState.java:run(117)) - 7c510082-4284-44ef-8cd9-bb38fb15579f@group-62509A8A5C15-FollowerState was interrupted: java.lang.InterruptedException: sleep interrupted
2019-10-17 21:16:19,621 [grpc-default-executor-6] INFO  impl.RoleInfo (RoleInfo.java:updateAndGet(143)) - 7c510082-4284-44ef-8cd9-bb38fb15579f: start FollowerState
2019-10-17 21:16:19,647 [d2424f4d-20d2-4104-abcc-02e6288f3ffc@group-62509A8A5C15-LeaderElection356] INFO  impl.LeaderElection (LeaderElection.java:logAndReturn(56)) - d2424f4d-20d2-4104-abcc-02e6288f3ffc@group-62509A8A5C15-LeaderElection356: Election REJECTED; received 2 response(s) [d2424f4d-20d2-4104-abcc-02e6288f3ffc<-3909bd6a-278d-4911-9d70-32680c972d02#0:FAIL-t397, d2424f4d-20d2-4104-abcc-02e6288f3ffc<-7c510082-4284-44ef-8cd9-bb38fb15579f#0:FAIL-t397] and 0 exception(s); d2424f4d-20d2-4104-abcc-02e6288f3ffc@group-62509A8A5C15:t397, leader=null, voted=d2424f4d-20d2-4104-abcc-02e6288f3ffc, raftlog=d2424f4d-20d2-4104-abcc-02e6288f3ffc@group-62509A8A5C15-SegmentedRaftLog:OPENED:c-1,f-1,i0, conf=-1: [3909bd6a-278d-4911-9d70-32680c972d02:192.168.157.223:33343, d2424f4d-20d2-4104-abcc-02e6288f3ffc:192.168.157.223:39352, 7c510082-4284-44ef-8cd9-bb38fb15579f:192.168.157.223:33098], old=null
2019-10-17 21:16:19,648 [d2424f4d-20d2-4104-abcc-02e6288f3ffc@group-62509A8A5C15-LeaderElection356] INFO  impl.RaftServerImpl (RaftServerImpl.java:setRole(184)) - d2424f4d-20d2-4104-abcc-02e6288f3ffc@group-62509A8A5C15: changes role from CANDIDATE to FOLLOWER at term 397 for DISCOVERED_A_NEW_TERM
2019-10-17 21:16:19,648 [d2424f4d-20d2-4104-abcc-02e6288f3ffc@group-62509A8A5C15-LeaderElection356] INFO  impl.RoleInfo (RoleInfo.java:shutdownLeaderElection(134)) - d2424f4d-20d2-4104-abcc-02e6288f3ffc: shutdown LeaderElection
2019-10-17 21:16:19,648 [d2424f4d-20d2-4104-abcc-02e6288f3ffc@group-62509A8A5C15-LeaderElection356] INFO  impl.RoleInfo (RoleInfo.java:updateAndGet(143)) - d2424f4d-20d2-4104-abcc-02e6288f3ffc: start FollowerState
2019-10-17 21:16:19,692 [Thread-2640] INFO  impl.FollowerState (FollowerState.java:run(108)) - d2424f4d-20d2-4104-abcc-02e6288f3ffc@group-62509A8A5C15-FollowerState: change to CANDIDATE, lastRpcTime:44ms, electionTimeout:44ms
2019-10-17 21:16:19,692 [Thread-2640] INFO  impl.RoleInfo (RoleInfo.java:shutdownFollowerState(121)) - d2424f4d-20d2-4104-abcc-02e6288f3ffc: shutdown FollowerState
2019-10-17 21:16:19,692 [Thread-2640] INFO  impl.RaftServerImpl (RaftServerImpl.java:setRole(184)) - d2424f4d-20d2-4104-abcc-02e6288f3ffc@group-62509A8A5C15: changes role from  FOLLOWER to CANDIDATE at term 397 for changeToCandidate
2019-10-17 21:16:19,693 [Thread-2640] INFO  impl.RoleInfo (RoleInfo.java:updateAndGet(143)) - d2424f4d-20d2-4104-abcc-02e6288f3ffc: start LeaderElection
2019-10-17 21:16:19,706 [d2424f4d-20d2-4104-abcc-02e6288f3ffc@group-62509A8A5C15-LeaderElection357] INFO  impl.LeaderElection (LeaderElection.java:askForVotes(178)) - d2424f4d-20d2-4104-abcc-02e6288f3ffc@group-62509A8A5C15-LeaderElection357: begin an election at term 398 for -1: [3909bd6a-278d-4911-9d70-32680c972d02:192.168.157.223:33343, d2424f4d-20d2-4104-abcc-02e6288f3ffc:192.168.157.223:39352, 7c510082-4284-44ef-8cd9-bb38fb15579f:192.168.157.223:33098], old=null
2019-10-17 21:16:19,708 [grpc-default-executor-6] INFO  impl.RaftServerImpl (RaftServerImpl.java:setRole(184)) - 7c510082-4284-44ef-8cd9-bb38fb15579f@group-62509A8A5C15: changes role from  FOLLOWER to FOLLOWER at term 398 for recognizeCandidate:d2424f4d-20d2-4104-abcc-02e6288f3ffc
2019-10-17 21:16:19,708 [grpc-default-executor-6] INFO  impl.RoleInfo (RoleInfo.java:shutdownFollowerState(121)) - 7c510082-4284-44ef-8cd9-bb38fb15579f: shutdown FollowerState
2019-10-17 21:16:19,708 [grpc-default-executor-6] INFO  impl.RoleInfo (RoleInfo.java:updateAndGet(143)) - 7c510082-4284-44ef-8cd9-bb38fb15579f: start FollowerState
2019-10-17 21:16:19,708 [Thread-2639] INFO  impl.FollowerState (FollowerState.java:run(117)) - 7c510082-4284-44ef-8cd9-bb38fb15579f@group-62509A8A5C15-FollowerState was interrupted: java.lang.InterruptedException: sleep interrupted
2019-10-17 21:16:19,708 [grpc-default-executor-2] INFO  impl.RaftServerImpl (RaftServerImpl.java:setRole(184)) - 3909bd6a-278d-4911-9d70-32680c972d02@group-62509A8A5C15: changes role from  FOLLOWER to FOLLOWER at term 398 for recognizeCandidate:d2424f4d-20d2-4104-abcc-02e6288f3ffc
2019-10-17 21:16:19,709 [grpc-default-executor-2] INFO  impl.RoleInfo (RoleInfo.java:shutdownFollowerState(121)) - 3909bd6a-278d-4911-9d70-32680c972d02: shutdown FollowerState
2019-10-17 21:16:19,709 [grpc-default-executor-2] INFO  impl.RoleInfo (RoleInfo.java:updateAndGet(143)) - 3909bd6a-278d-4911-9d70-32680c972d02: start FollowerState
2019-10-17 21:16:19,709 [Thread-2638] INFO  impl.FollowerState (FollowerState.java:run(117)) - 3909bd6a-278d-4911-9d70-32680c972d02@group-62509A8A5C15-FollowerState was interrupted: java.lang.InterruptedException: sleep interrupted
2019-10-17 21:16:19,734 [d2424f4d-20d2-4104-abcc-02e6288f3ffc@group-62509A8A5C15-LeaderElection357] INFO  impl.LeaderElection (LeaderElection.java:logAndReturn(56)) - d2424f4d-20d2-4104-abcc-02e6288f3ffc@group-62509A8A5C15-LeaderElection357: Election REJECTED; received 2 response(s) [d2424f4d-20d2-4104-abcc-02e6288f3ffc<-3909bd6a-278d-4911-9d70-32680c972d02#0:FAIL-t398, d2424f4d-20d2-4104-abcc-02e6288f3ffc<-7c510082-4284-44ef-8cd9-bb38fb15579f#0:FAIL-t398] and 0 exception(s); d2424f4d-20d2-4104-abcc-02e6288f3ffc@group-62509A8A5C15:t398, leader=null, voted=d2424f4d-20d2-4104-abcc-02e6288f3ffc, raftlog=d2424f4d-20d2-4104-abcc-02e6288f3ffc@group-62509A8A5C15-SegmentedRaftLog:OPENED:c-1,f-1,i0, conf=-1: [3909bd6a-278d-4911-9d70-32680c972d02:192.168.157.223:33343, d2424f4d-20d2-4104-abcc-02e6288f3ffc:192.168.157.223:39352, 7c510082-4284-44ef-8cd9-bb38fb15579f:192.168.157.223:33098], old=null
2019-10-17 21:16:19,735 [d2424f4d-20d2-4104-abcc-02e6288f3ffc@group-62509A8A5C15-LeaderElection357] INFO  impl.RaftServerImpl (RaftServerImpl.java:setRole(184)) - d2424f4d-20d2-4104-abcc-02e6288f3ffc@group-62509A8A5C15: changes role from CANDIDATE to FOLLOWER at term 398 for DISCOVERED_A_NEW_TERM
2019-10-17 21:16:19,735 [d2424f4d-20d2-4104-abcc-02e6288f3ffc@group-62509A8A5C15-LeaderElection357] INFO  impl.RoleInfo (RoleInfo.java:shutdownLeaderElection(134)) - d2424f4d-20d2-4104-abcc-02e6288f3ffc: shutdown LeaderElection
2019-10-17 21:16:19,735 [d2424f4d-20d2-4104-abcc-02e6288f3ffc@group-62509A8A5C15-LeaderElection357] INFO  impl.RoleInfo (RoleInfo.java:updateAndGet(143)) - d2424f4d-20d2-4104-abcc-02e6288f3ffc: start FollowerState
2019-10-17 21:16:19,878 [Thread-2646] INFO  impl.FollowerState (FollowerState.java:run(108)) - d2424f4d-20d2-4104-abcc-02e6288f3ffc@group-62509A8A5C15-FollowerState: change to CANDIDATE, lastRpcTime:143ms, electionTimeout:143ms
2019-10-17 21:16:19,879 [Thread-2646] INFO  impl.RoleInfo (RoleInfo.java:shutdownFollowerState(121)) - d2424f4d-20d2-4104-abcc-02e6288f3ffc: shutdown FollowerState
2019-10-17 21:16:19,879 [Thread-2646] INFO  impl.RaftServerImpl (RaftServerImpl.java:setRole(184)) - d2424f4d-20d2-4104-abcc-02e6288f3ffc@group-62509A8A5C15: changes role from  FOLLOWER to CANDIDATE at term 398 for changeToCandidate
2019-10-17 21:16:19,879 [Thread-2646] INFO  impl.RoleInfo (RoleInfo.java:updateAndGet(143)) - d2424f4d-20d2-4104-abcc-02e6288f3ffc: start LeaderElection
2019-10-17 21:16:19,893 [d2424f4d-20d2-4104-abcc-02e6288f3ffc@group-62509A8A5C15-LeaderElection358] INFO  impl.LeaderElection (LeaderElection.java:askForVotes(178)) - d2424f4d-20d2-4104-abcc-02e6288f3ffc@group-62509A8A5C15-LeaderElection358: begin an election at term 399 for -1: [3909bd6a-278d-4911-9d70-32680c972d02:192.168.157.223:33343, d2424f4d-20d2-4104-abcc-02e6288f3ffc:192.168.157.223:39352, 7c510082-4284-44ef-8cd9-bb38fb15579f:192.168.157.223:33098], old=null
2019-10-17 21:16:19,896 [grpc-default-executor-2] INFO  impl.RaftServerImpl (RaftServerImpl.java:setRole(184)) - 3909bd6a-278d-4911-9d70-32680c972d02@group-62509A8A5C15: changes role from  FOLLOWER to FOLLOWER at term 399 for recognizeCandidate:d2424f4d-20d2-4104-abcc-02e6288f3ffc
2019-10-17 21:16:19,896 [grpc-default-executor-6] INFO  impl.RaftServerImpl (RaftServerImpl.java:setRole(184)) - 7c510082-4284-44ef-8cd9-bb38fb15579f@group-62509A8A5C15: changes role from  FOLLOWER to FOLLOWER at term 399 for recognizeCandidate:d2424f4d-20d2-4104-abcc-02e6288f3ffc
2019-10-17 21:16:19,896 [grpc-default-executor-6] INFO  impl.RoleInfo (RoleInfo.java:shutdownFollowerState(121)) - 7c510082-4284-44ef-8cd9-bb38fb15579f: shutdown FollowerState
2019-10-17 21:16:19,896 [grpc-default-executor-2] INFO  impl.RoleInfo (RoleInfo.java:shutdownFollowerState(121)) - 3909bd6a-278d-4911-9d70-32680c972d02: shutdown FollowerState
2019-10-17 21:16:19,896 [Thread-2644] INFO  impl.FollowerState (FollowerState.java:run(117)) - 7c510082-4284-44ef-8cd9-bb38fb15579f@group-62509A8A5C15-FollowerState was interrupted: java.lang.InterruptedException: sleep interrupted
2019-10-17 21:16:19,896 [grpc-default-executor-6] INFO  impl.RoleInfo (RoleInfo.java:updateAndGet(143)) - 7c510082-4284-44ef-8cd9-bb38fb15579f: start FollowerState
2019-10-17 21:16:19,897 [Thread-2645] INFO  impl.FollowerState (FollowerState.java:run(117)) - 3909bd6a-278d-4911-9d70-32680c972d02@group-62509A8A5C15-FollowerState was interrupted: java.lang.InterruptedException: sleep interrupted
2019-10-17 21:16:19,897 [grpc-default-executor-2] INFO  impl.RoleInfo (RoleInfo.java:updateAndGet(143)) - 3909bd6a-278d-4911-9d70-32680c972d02: start FollowerState
2019-10-17 21:16:19,923 [d2424f4d-20d2-4104-abcc-02e6288f3ffc@group-62509A8A5C15-LeaderElection358] INFO  impl.LeaderElection (LeaderElection.java:logAndReturn(56)) - d2424f4d-20d2-4104-abcc-02e6288f3ffc@group-62509A8A5C15-LeaderElection358: Election REJECTED; received 2 response(s) [d2424f4d-20d2-4104-abcc-02e6288f3ffc<-3909bd6a-278d-4911-9d70-32680c972d02#0:FAIL-t399, d2424f4d-20d2-4104-abcc-02e6288f3ffc<-7c510082-4284-44ef-8cd9-bb38fb15579f#0:FAIL-t399] and 0 exception(s); d2424f4d-20d2-4104-abcc-02e6288f3ffc@group-62509A8A5C15:t399, leader=null, voted=d2424f4d-20d2-4104-abcc-02e6288f3ffc, raftlog=d2424f4d-20d2-4104-abcc-02e6288f3ffc@group-62509A8A5C15-SegmentedRaftLog:OPENED:c-1,f-1,i0, conf=-1: [3909bd6a-278d-4911-9d70-32680c972d02:192.168.157.223:33343, d2424f4d-20d2-4104-abcc-02e6288f3ffc:192.168.157.223:39352, 7c510082-4284-44ef-8cd9-bb38fb15579f:192.168.157.223:33098], old=null
2019-10-17 21:16:19,923 [d2424f4d-20d2-4104-abcc-02e6288f3ffc@group-62509A8A5C15-LeaderElection358] INFO  impl.RaftServerImpl (RaftServerImpl.java:setRole(184)) - d2424f4d-20d2-4104-abcc-02e6288f3ffc@group-62509A8A5C15: changes role from CANDIDATE to FOLLOWER at term 399 for DISCOVERED_A_NEW_TERM
2019-10-17 21:16:19,924 [d2424f4d-20d2-4104-abcc-02e6288f3ffc@group-62509A8A5C15-LeaderElection358] INFO  impl.RoleInfo (RoleInfo.java:shutdownLeaderElection(134)) - d2424f4d-20d2-4104-abcc-02e6288f3ffc: shutdown LeaderElection
2019-10-17 21:16:19,924 [d2424f4d-20d2-4104-abcc-02e6288f3ffc@group-62509A8A5C15-LeaderElection358] INFO  impl.RoleInfo (RoleInfo.java:updateAndGet(143)) - d2424f4d-20d2-4104-abcc-02e6288f3ffc: start FollowerState
2019-10-17 21:16:20,120 [Thread-2652] INFO  impl.FollowerState (FollowerState.java:run(108)) - d2424f4d-20d2-4104-abcc-02e6288f3ffc@group-62509A8A5C15-FollowerState: change to CANDIDATE, lastRpcTime:196ms, electionTimeout:196ms
2019-10-17 21:16:20,120 [Thread-2652] INFO  impl.RoleInfo (RoleInfo.java:shutdownFollowerState(121)) - d2424f4d-20d2-4104-abcc-02e6288f3ffc: shutdown FollowerState
2019-10-17 21:16:20,121 [Thread-2652] INFO  impl.RaftServerImpl (RaftServerImpl.java:setRole(184)) - d2424f4d-20d2-4104-abcc-02e6288f3ffc@group-62509A8A5C15: changes role from  FOLLOWER to CANDIDATE at term 399 for changeToCandidate
2019-10-17 21:16:20,121 [Thread-2652] INFO  impl.RoleInfo (RoleInfo.java:updateAndGet(143)) - d2424f4d-20d2-4104-abcc-02e6288f3ffc: start LeaderElection
2019-10-17 21:16:20,136 [d2424f4d-20d2-4104-abcc-02e6288f3ffc@group-62509A8A5C15-LeaderElection359] INFO  impl.LeaderElection (LeaderElection.java:askForVotes(178)) - d2424f4d-20d2-4104-abcc-02e6288f3ffc@group-62509A8A5C15-LeaderElection359: begin an election at term 400 for -1: [3909bd6a-278d-4911-9d70-32680c972d02:192.168.157.223:33343, d2424f4d-20d2-4104-abcc-02e6288f3ffc:192.168.157.223:39352, 7c510082-4284-44ef-8cd9-bb38fb15579f:192.168.157.223:33098], old=null
2019-10-17 21:16:20,138 [grpc-default-executor-6] INFO  impl.RaftServerImpl (RaftServerImpl.java:setRole(184)) - 3909bd6a-278d-4911-9d70-32680c972d02@group-62509A8A5C15: changes role from  FOLLOWER to FOLLOWER at term 400 for recognizeCandidate:d2424f4d-20d2-4104-abcc-02e6288f3ffc
2019-10-17 21:16:20,138 [grpc-default-executor-6] INFO  impl.RoleInfo (RoleInfo.java:shutdownFollowerState(121)) - 3909bd6a-278d-4911-9d70-32680c972d02: shutdown FollowerState
2019-10-17 21:16:20,138 [grpc-default-executor-6] INFO  impl.RoleInfo (RoleInfo.java:updateAndGet(143)) - 3909bd6a-278d-4911-9d70-32680c972d02: start FollowerState
2019-10-17 21:16:20,139 [Thread-2651] INFO  impl.FollowerState (FollowerState.java:run(117)) - 3909bd6a-278d-4911-9d70-32680c972d02@group-62509A8A5C15-FollowerState was interrupted: java.lang.InterruptedException: sleep interrupted
2019-10-17 21:16:20,139 [grpc-default-executor-2] INFO  impl.RaftServerImpl (RaftServerImpl.java:setRole(184)) - 7c510082-4284-44ef-8cd9-bb38fb15579f@group-62509A8A5C15: changes role from  FOLLOWER to FOLLOWER at term 400 for recognizeCandidate:d2424f4d-20d2-4104-abcc-02e6288f3ffc
2019-10-17 21:16:20,139 [grpc-default-executor-2] INFO  impl.RoleInfo (RoleInfo.java:shutdownFollowerState(121)) - 7c510082-4284-44ef-8cd9-bb38fb15579f: shutdown FollowerState
2019-10-17 21:16:20,139 [grpc-default-executor-2] INFO  impl.RoleInfo (RoleInfo.java:updateAndGet(143)) - 7c510082-4284-44ef-8cd9-bb38fb15579f: start FollowerState
2019-10-17 21:16:20,139 [Thread-2650] INFO  impl.FollowerState (FollowerState.java:run(117)) - 7c510082-4284-44ef-8cd9-bb38fb15579f@group-62509A8A5C15-FollowerState was interrupted: java.lang.InterruptedException: sleep interrupted
2019-10-17 21:16:20,165 [d2424f4d-20d2-4104-abcc-02e6288f3ffc@group-62509A8A5C15-LeaderElection359] INFO  impl.LeaderElection (LeaderElection.java:logAndReturn(56)) - d2424f4d-20d2-4104-abcc-02e6288f3ffc@group-62509A8A5C15-LeaderElection359: Election REJECTED; received 2 response(s) [d2424f4d-20d2-4104-abcc-02e6288f3ffc<-3909bd6a-278d-4911-9d70-32680c972d02#0:FAIL-t400, d2424f4d-20d2-4104-abcc-02e6288f3ffc<-7c510082-4284-44ef-8cd9-bb38fb15579f#0:FAIL-t400] and 0 exception(s); d2424f4d-20d2-4104-abcc-02e6288f3ffc@group-62509A8A5C15:t400, leader=null, voted=d2424f4d-20d2-4104-abcc-02e6288f3ffc, raftlog=d2424f4d-20d2-4104-abcc-02e6288f3ffc@group-62509A8A5C15-SegmentedRaftLog:OPENED:c-1,f-1,i0, conf=-1: [3909bd6a-278d-4911-9d70-32680c972d02:192.168.157.223:33343, d2424f4d-20d2-4104-abcc-02e6288f3ffc:192.168.157.223:39352, 7c510082-4284-44ef-8cd9-bb38fb15579f:192.168.157.223:33098], old=null
2019-10-17 21:16:20,165 [d2424f4d-20d2-4104-abcc-02e6288f3ffc@group-62509A8A5C15-LeaderElection359] INFO  impl.RaftServerImpl (RaftServerImpl.java:setRole(184)) - d2424f4d-20d2-4104-abcc-02e6288f3ffc@group-62509A8A5C15: changes role from CANDIDATE to FOLLOWER at term 400 for DISCOVERED_A_NEW_TERM
2019-10-17 21:16:20,165 [d2424f4d-20d2-4104-abcc-02e6288f3ffc@group-62509A8A5C15-LeaderElection359] INFO  impl.RoleInfo (RoleInfo.java:shutdownLeaderElection(134)) - d2424f4d-20d2-4104-abcc-02e6288f3ffc: shutdown LeaderElection
2019-10-17 21:16:20,165 [d2424f4d-20d2-4104-abcc-02e6288f3ffc@group-62509A8A5C15-LeaderElection359] INFO  impl.RoleInfo (RoleInfo.java:updateAndGet(143)) - d2424f4d-20d2-4104-abcc-02e6288f3ffc: start FollowerState
2019-10-17 21:16:20,317 [Thread-2658] INFO  impl.FollowerState (FollowerState.java:run(108)) - d2424f4d-20d2-4104-abcc-02e6288f3ffc@group-62509A8A5C15-FollowerState: change to CANDIDATE, lastRpcTime:151ms, electionTimeout:151ms
2019-10-17 21:16:20,317 [Thread-2658] INFO  impl.RoleInfo (RoleInfo.java:shutdownFollowerState(121)) - d2424f4d-20d2-4104-abcc-02e6288f3ffc: shutdown FollowerState
2019-10-17 21:16:20,317 [Thread-2658] INFO  impl.RaftServerImpl (RaftServerImpl.java:setRole(184)) - d2424f4d-20d2-4104-abcc-02e6288f3ffc@group-62509A8A5C15: changes role from  FOLLOWER to CANDIDATE at term 400 for changeToCandidate
2019-10-17 21:16:20,317 [Thread-2658] INFO  impl.RoleInfo (RoleInfo.java:updateAndGet(143)) - d2424f4d-20d2-4104-abcc-02e6288f3ffc: start LeaderElection
2019-10-17 21:16:20,329 [d2424f4d-20d2-4104-abcc-02e6288f3ffc@group-62509A8A5C15-LeaderElection360] INFO  impl.LeaderElection (LeaderElection.java:askForVotes(178)) - d2424f4d-20d2-4104-abcc-02e6288f3ffc@group-62509A8A5C15-LeaderElection360: begin an election at term 401 for -1: [3909bd6a-278d-4911-9d70-32680c972d02:192.168.157.223:33343, d2424f4d-20d2-4104-abcc-02e6288f3ffc:192.168.157.223:39352, 7c510082-4284-44ef-8cd9-bb38fb15579f:192.168.157.223:33098], old=null
2019-10-17 21:16:20,332 [grpc-default-executor-2] INFO  impl.RaftServerImpl (RaftServerImpl.java:setRole(184)) - 3909bd6a-278d-4911-9d70-32680c972d02@group-62509A8A5C15: changes role from  FOLLOWER to FOLLOWER at term 401 for recognizeCandidate:d2424f4d-20d2-4104-abcc-02e6288f3ffc
2019-10-17 21:16:20,332 [grpc-default-executor-2] INFO  impl.RoleInfo (RoleInfo.java:shutdownFollowerState(121)) - 3909bd6a-278d-4911-9d70-32680c972d02: shutdown FollowerState
2019-10-17 21:16:20,332 [grpc-default-executor-6] INFO  impl.RaftServerImpl (RaftServerImpl.java:setRole(184)) - 7c510082-4284-44ef-8cd9-bb38fb15579f@group-62509A8A5C15: changes role from  FOLLOWER to FOLLOWER at term 401 for recognizeCandidate:d2424f4d-20d2-4104-abcc-02e6288f3ffc
2019-10-17 21:16:20,332 [grpc-default-executor-6] INFO  impl.RoleInfo (RoleInfo.java:shutdownFollowerState(121)) - 7c510082-4284-44ef-8cd9-bb38fb15579f: shutdown FollowerState
2019-10-17 21:16:20,332 [Thread-2656] INFO  impl.FollowerState (FollowerState.java:run(117)) - 3909bd6a-278d-4911-9d70-32680c972d02@group-62509A8A5C15-FollowerState was interrupted: java.lang.InterruptedException: sleep interrupted
2019-10-17 21:16:20,332 [grpc-default-executor-2] INFO  impl.RoleInfo (RoleInfo.java:updateAndGet(143)) - 3909bd6a-278d-4911-9d70-32680c972d02: start FollowerState
2019-10-17 21:16:20,332 [grpc-default-executor-6] INFO  impl.RoleInfo (RoleInfo.java:updateAndGet(143)) - 7c510082-4284-44ef-8cd9-bb38fb15579f: start FollowerState
2019-10-17 21:16:20,332 [Thread-2657] INFO  impl.FollowerState (FollowerState.java:run(117)) - 7c510082-4284-44ef-8cd9-bb38fb15579f@group-62509A8A5C15-FollowerState was interrupted: java.lang.InterruptedException: sleep interrupted
2019-10-17 21:16:20,347 [d2424f4d-20d2-4104-abcc-02e6288f3ffc@group-62509A8A5C15-LeaderElection360] INFO  impl.LeaderElection (LeaderElection.java:logAndReturn(56)) - d2424f4d-20d2-4104-abcc-02e6288f3ffc@group-62509A8A5C15-LeaderElection360: Election REJECTED; received 2 response(s) [d2424f4d-20d2-4104-abcc-02e6288f3ffc<-3909bd6a-278d-4911-9d70-32680c972d02#0:FAIL-t401, d2424f4d-20d2-4104-abcc-02e6288f3ffc<-7c510082-4284-44ef-8cd9-bb38fb15579f#0:FAIL-t401] and 0 exception(s); d2424f4d-20d2-4104-abcc-02e6288f3ffc@group-62509A8A5C15:t401, leader=null, voted=d2424f4d-20d2-4104-abcc-02e6288f3ffc, raftlog=d2424f4d-20d2-4104-abcc-02e6288f3ffc@group-62509A8A5C15-SegmentedRaftLog:OPENED:c-1,f-1,i0, conf=-1: [3909bd6a-278d-4911-9d70-32680c972d02:192.168.157.223:33343, d2424f4d-20d2-4104-abcc-02e6288f3ffc:192.168.157.223:39352, 7c510082-4284-44ef-8cd9-bb38fb15579f:192.168.157.223:33098], old=null
2019-10-17 21:16:20,347 [d2424f4d-20d2-4104-abcc-02e6288f3ffc@group-62509A8A5C15-LeaderElection360] INFO  impl.RaftServerImpl (RaftServerImpl.java:setRole(184)) - d2424f4d-20d2-4104-abcc-02e6288f3ffc@group-62509A8A5C15: changes role from CANDIDATE to FOLLOWER at term 401 for DISCOVERED_A_NEW_TERM
2019-10-17 21:16:20,347 [d2424f4d-20d2-4104-abcc-02e6288f3ffc@group-62509A8A5C15-LeaderElection360] INFO  impl.RoleInfo (RoleInfo.java:shutdownLeaderElection(134)) - d2424f4d-20d2-4104-abcc-02e6288f3ffc: shutdown LeaderElection
2019-10-17 21:16:20,347 [d2424f4d-20d2-4104-abcc-02e6288f3ffc@group-62509A8A5C15-LeaderElection360] INFO  impl.RoleInfo (RoleInfo.java:updateAndGet(143)) - d2424f4d-20d2-4104-abcc-02e6288f3ffc: start FollowerState
2019-10-17 21:16:20,501 [Thread-2666] INFO  impl.FollowerState (FollowerState.java:run(108)) - d2424f4d-20d2-4104-abcc-02e6288f3ffc@group-62509A8A5C15-FollowerState: change to CANDIDATE, lastRpcTime:153ms, electionTimeout:153ms
2019-10-17 21:16:20,501 [Thread-2666] INFO  impl.RoleInfo (RoleInfo.java:shutdownFollowerState(121)) - d2424f4d-20d2-4104-abcc-02e6288f3ffc: shutdown FollowerState
2019-10-17 21:16:20,501 [Thread-2666] INFO  impl.RaftServerImpl (RaftServerImpl.java:setRole(184)) - d2424f4d-20d2-4104-abcc-02e6288f3ffc@group-62509A8A5C15: changes role from  FOLLOWER to CANDIDATE at term 401 for changeToCandidate
2019-10-17 21:16:20,501 [Thread-2666] INFO  impl.RoleInfo (RoleInfo.java:updateAndGet(143)) - d2424f4d-20d2-4104-abcc-02e6288f3ffc: start LeaderElection
2019-10-17 21:16:20,526 [d2424f4d-20d2-4104-abcc-02e6288f3ffc@group-62509A8A5C15-LeaderElection361] INFO  impl.LeaderElection (LeaderElection.java:askForVotes(178)) - d2424f4d-20d2-4104-abcc-02e6288f3ffc@group-62509A8A5C15-LeaderElection361: begin an election at term 402 for -1: [3909bd6a-278d-4911-9d70-32680c972d02:192.168.157.223:33343, d2424f4d-20d2-4104-abcc-02e6288f3ffc:192.168.157.223:39352, 7c510082-4284-44ef-8cd9-bb38fb15579f:192.168.157.223:33098], old=null
2019-10-17 21:16:20,527 [grpc-default-executor-2] INFO  impl.RaftServerImpl (RaftServerImpl.java:setRole(184)) - 7c510082-4284-44ef-8cd9-bb38fb15579f@group-62509A8A5C15: changes role from  FOLLOWER to FOLLOWER at term 402 for recognizeCandidate:d2424f4d-20d2-4104-abcc-02e6288f3ffc
2019-10-17 21:16:20,528 [grpc-default-executor-2] INFO  impl.RoleInfo (RoleInfo.java:shutdownFollowerState(121)) - 7c510082-4284-44ef-8cd9-bb38fb15579f: shutdown FollowerState
2019-10-17 21:16:20,528 [grpc-default-executor-6] INFO  impl.RaftServerImpl (RaftServerImpl.java:setRole(184)) - 3909bd6a-278d-4911-9d70-32680c972d02@group-62509A8A5C15: changes role from  FOLLOWER to FOLLOWER at term 402 for recognizeCandidate:d2424f4d-20d2-4104-abcc-02e6288f3ffc
2019-10-17 21:16:20,528 [grpc-default-executor-6] INFO  impl.RoleInfo (RoleInfo.java:shutdownFollowerState(121)) - 3909bd6a-278d-4911-9d70-32680c972d02: shutdown FollowerState
2019-10-17 21:16:20,528 [Thread-2665] INFO  impl.FollowerState (FollowerState.java:run(117)) - 7c510082-4284-44ef-8cd9-bb38fb15579f@group-62509A8A5C15-FollowerState was interrupted: java.lang.InterruptedException: sleep interrupted
2019-10-17 21:16:20,528 [grpc-default-executor-2] INFO  impl.RoleInfo (RoleInfo.java:updateAndGet(143)) - 7c510082-4284-44ef-8cd9-bb38fb15579f: start FollowerState
2019-10-17 21:16:20,528 [Thread-2664] INFO  impl.FollowerState (FollowerState.java:run(117)) - 3909bd6a-278d-4911-9d70-32680c972d02@group-62509A8A5C15-FollowerState was interrupted: java.lang.InterruptedException: sleep interrupted
2019-10-17 21:16:20,528 [grpc-default-executor-6] INFO  impl.RoleInfo (RoleInfo.java:updateAndGet(143)) - 3909bd6a-278d-4911-9d70-32680c972d02: start FollowerState
2019-10-17 21:16:20,555 [d2424f4d-20d2-4104-abcc-02e6288f3ffc@group-62509A8A5C15-LeaderElection361] INFO  impl.LeaderElection (LeaderElection.java:logAndReturn(56)) - d2424f4d-20d2-4104-abcc-02e6288f3ffc@group-62509A8A5C15-LeaderElection361: Election REJECTED; received 2 response(s) [d2424f4d-20d2-4104-abcc-02e6288f3ffc<-3909bd6a-278d-4911-9d70-32680c972d02#0:FAIL-t402, d2424f4d-20d2-4104-abcc-02e6288f3ffc<-7c510082-4284-44ef-8cd9-bb38fb15579f#0:FAIL-t402] and 0 exception(s); d2424f4d-20d2-4104-abcc-02e6288f3ffc@group-62509A8A5C15:t402, leader=null, voted=d2424f4d-20d2-4104-abcc-02e6288f3ffc, raftlog=d2424f4d-20d2-4104-abcc-02e6288f3ffc@group-62509A8A5C15-SegmentedRaftLog:OPENED:c-1,f-1,i0, conf=-1: [3909bd6a-278d-4911-9d70-32680c972d02:192.168.157.223:33343, d2424f4d-20d2-4104-abcc-02e6288f3ffc:192.168.157.223:39352, 7c510082-4284-44ef-8cd9-bb38fb15579f:192.168.157.223:33098], old=null
2019-10-17 21:16:20,555 [d2424f4d-20d2-4104-abcc-02e6288f3ffc@group-62509A8A5C15-LeaderElection361] INFO  impl.RaftServerImpl (RaftServerImpl.java:setRole(184)) - d2424f4d-20d2-4104-abcc-02e6288f3ffc@group-62509A8A5C15: changes role from CANDIDATE to FOLLOWER at term 402 for DISCOVERED_A_NEW_TERM
2019-10-17 21:16:20,555 [d2424f4d-20d2-4104-abcc-02e6288f3ffc@group-62509A8A5C15-LeaderElection361] INFO  impl.RoleInfo (RoleInfo.java:shutdownLeaderElection(134)) - d2424f4d-20d2-4104-abcc-02e6288f3ffc: shutdown LeaderElection
2019-10-17 21:16:20,555 [d2424f4d-20d2-4104-abcc-02e6288f3ffc@group-62509A8A5C15-LeaderElection361] INFO  impl.RoleInfo (RoleInfo.java:updateAndGet(143)) - d2424f4d-20d2-4104-abcc-02e6288f3ffc: start FollowerState
2019-10-17 21:16:20,747 [Thread-2672] INFO  impl.FollowerState (FollowerState.java:run(108)) - d2424f4d-20d2-4104-abcc-02e6288f3ffc@group-62509A8A5C15-FollowerState: change to CANDIDATE, lastRpcTime:191ms, electionTimeout:191ms
2019-10-17 21:16:20,747 [Thread-2672] INFO  impl.RoleInfo (RoleInfo.java:shutdownFollowerState(121)) - d2424f4d-20d2-4104-abcc-02e6288f3ffc: shutdown FollowerState
2019-10-17 21:16:20,747 [Thread-2672] INFO  impl.RaftServerImpl (RaftServerImpl.java:setRole(184)) - d2424f4d-20d2-4104-abcc-02e6288f3ffc@group-62509A8A5C15: changes role from  FOLLOWER to CANDIDATE at term 402 for changeToCandidate
2019-10-17 21:16:20,747 [Thread-2672] INFO  impl.RoleInfo (RoleInfo.java:updateAndGet(143)) - d2424f4d-20d2-4104-abcc-02e6288f3ffc: start LeaderElection
2019-10-17 21:16:20,761 [d2424f4d-20d2-4104-abcc-02e6288f3ffc@group-62509A8A5C15-LeaderElection362] INFO  impl.LeaderElection (LeaderElection.java:askForVotes(178)) - d2424f4d-20d2-4104-abcc-02e6288f3ffc@group-62509A8A5C15-LeaderElection362: begin an election at term 403 for -1: [3909bd6a-278d-4911-9d70-32680c972d02:192.168.157.223:33343, d2424f4d-20d2-4104-abcc-02e6288f3ffc:192.168.157.223:39352, 7c510082-4284-44ef-8cd9-bb38fb15579f:192.168.157.223:33098], old=null
2019-10-17 21:16:20,763 [grpc-default-executor-2] INFO  impl.RaftServerImpl (RaftServerImpl.java:setRole(184)) - 3909bd6a-278d-4911-9d70-32680c972d02@group-62509A8A5C15: changes role from  FOLLOWER to FOLLOWER at term 403 for recognizeCandidate:d2424f4d-20d2-4104-abcc-02e6288f3ffc
2019-10-17 21:16:20,763 [grpc-default-executor-2] INFO  impl.RoleInfo (RoleInfo.java:shutdownFollowerState(121)) - 3909bd6a-278d-4911-9d70-32680c972d02: shutdown FollowerState
2019-10-17 21:16:20,763 [grpc-default-executor-2] INFO  impl.RoleInfo (RoleInfo.java:updateAndGet(143)) - 3909bd6a-278d-4911-9d70-32680c972d02: start FollowerState
2019-10-17 21:16:20,763 [Thread-2671] INFO  impl.FollowerState (FollowerState.java:run(117)) - 3909bd6a-278d-4911-9d70-32680c972d02@group-62509A8A5C15-FollowerState was interrupted: java.lang.InterruptedException: sleep interrupted
2019-10-17 21:16:20,764 [grpc-default-executor-6] INFO  impl.RaftServerImpl (RaftServerImpl.java:setRole(184)) - 7c510082-4284-44ef-8cd9-bb38fb15579f@group-62509A8A5C15: changes role from  FOLLOWER to FOLLOWER at term 403 for recognizeCandidate:d2424f4d-20d2-4104-abcc-02e6288f3ffc
2019-10-17 21:16:20,764 [grpc-default-executor-6] INFO  impl.RoleInfo (RoleInfo.java:shutdownFollowerState(121)) - 7c510082-4284-44ef-8cd9-bb38fb15579f: shutdown FollowerState
2019-10-17 21:16:20,764 [grpc-default-executor-6] INFO  impl.RoleInfo (RoleInfo.java:updateAndGet(143)) - 7c510082-4284-44ef-8cd9-bb38fb15579f: start FollowerState
2019-10-17 21:16:20,764 [Thread-2670] INFO  impl.FollowerState (FollowerState.java:run(117)) - 7c510082-4284-44ef-8cd9-bb38fb15579f@group-62509A8A5C15-FollowerState was interrupted: java.lang.InterruptedException: sleep interrupted
2019-10-17 21:16:20,789 [d2424f4d-20d2-4104-abcc-02e6288f3ffc@group-62509A8A5C15-LeaderElection362] INFO  impl.LeaderElection (LeaderElection.java:logAndReturn(56)) - d2424f4d-20d2-4104-abcc-02e6288f3ffc@group-62509A8A5C15-LeaderElection362: Election REJECTED; received 2 response(s) [d2424f4d-20d2-4104-abcc-02e6288f3ffc<-3909bd6a-278d-4911-9d70-32680c972d02#0:FAIL-t403, d2424f4d-20d2-4104-abcc-02e6288f3ffc<-7c510082-4284-44ef-8cd9-bb38fb15579f#0:FAIL-t403] and 0 exception(s); d2424f4d-20d2-4104-abcc-02e6288f3ffc@group-62509A8A5C15:t403, leader=null, voted=d2424f4d-20d2-4104-abcc-02e6288f3ffc, raftlog=d2424f4d-20d2-4104-abcc-02e6288f3ffc@group-62509A8A5C15-SegmentedRaftLog:OPENED:c-1,f-1,i0, conf=-1: [3909bd6a-278d-4911-9d70-32680c972d02:192.168.157.223:33343, d2424f4d-20d2-4104-abcc-02e6288f3ffc:192.168.157.223:39352, 7c510082-4284-44ef-8cd9-bb38fb15579f:192.168.157.223:33098], old=null
2019-10-17 21:16:20,789 [d2424f4d-20d2-4104-abcc-02e6288f3ffc@group-62509A8A5C15-LeaderElection362] INFO  impl.RaftServerImpl (RaftServerImpl.java:setRole(184)) - d2424f4d-20d2-4104-abcc-02e6288f3ffc@group-62509A8A5C15: changes role from CANDIDATE to FOLLOWER at term 403 for DISCOVERED_A_NEW_TERM
2019-10-17 21:16:20,789 [d2424f4d-20d2-4104-abcc-02e6288f3ffc@group-62509A8A5C15-LeaderElection362] INFO  impl.RoleInfo (RoleInfo.java:shutdownLeaderElection(134)) - d2424f4d-20d2-4104-abcc-02e6288f3ffc: shutdown LeaderElection
2019-10-17 21:16:20,790 [d2424f4d-20d2-4104-abcc-02e6288f3ffc@group-62509A8A5C15-LeaderElection362] INFO  impl.RoleInfo (RoleInfo.java:updateAndGet(143)) - d2424f4d-20d2-4104-abcc-02e6288f3ffc: start FollowerState
2019-10-17 21:16:20,846 [Thread-2678] INFO  impl.FollowerState (FollowerState.java:run(108)) - d2424f4d-20d2-4104-abcc-02e6288f3ffc@group-62509A8A5C15-FollowerState: change to CANDIDATE, lastRpcTime:56ms, electionTimeout:56ms
2019-10-17 21:16:20,846 [Thread-2678] INFO  impl.RoleInfo (RoleInfo.java:shutdownFollowerState(121)) - d2424f4d-20d2-4104-abcc-02e6288f3ffc: shutdown FollowerState
2019-10-17 21:16:20,846 [Thread-2678] INFO  impl.RaftServerImpl (RaftServerImpl.java:setRole(184)) - d2424f4d-20d2-4104-abcc-02e6288f3ffc@group-62509A8A5C15: changes role from  FOLLOWER to CANDIDATE at term 403 for changeToCandidate
2019-10-17 21:16:20,846 [Thread-2678] INFO  impl.RoleInfo (RoleInfo.java:updateAndGet(143)) - d2424f4d-20d2-4104-abcc-02e6288f3ffc: start LeaderElection
2019-10-17 21:16:20,860 [d2424f4d-20d2-4104-abcc-02e6288f3ffc@group-62509A8A5C15-LeaderElection363] INFO  impl.LeaderElection (LeaderElection.java:askForVotes(178)) - d2424f4d-20d2-4104-abcc-02e6288f3ffc@group-62509A8A5C15-LeaderElection363: begin an election at term 404 for -1: [3909bd6a-278d-4911-9d70-32680c972d02:192.168.157.223:33343, d2424f4d-20d2-4104-abcc-02e6288f3ffc:192.168.157.223:39352, 7c510082-4284-44ef-8cd9-bb38fb15579f:192.168.157.223:33098], old=null
2019-10-17 21:16:20,862 [grpc-default-executor-6] INFO  impl.RaftServerImpl (RaftServerImpl.java:setRole(184)) - 3909bd6a-278d-4911-9d70-32680c972d02@group-62509A8A5C15: changes role from  FOLLOWER to FOLLOWER at term 404 for recognizeCandidate:d2424f4d-20d2-4104-abcc-02e6288f3ffc
2019-10-17 21:16:20,862 [grpc-default-executor-2] INFO  impl.RaftServerImpl (RaftServerImpl.java:setRole(184)) - 7c510082-4284-44ef-8cd9-bb38fb15579f@group-62509A8A5C15: changes role from  FOLLOWER to FOLLOWER at term 404 for recognizeCandidate:d2424f4d-20d2-4104-abcc-02e6288f3ffc
2019-10-17 21:16:20,862 [grpc-default-executor-2] INFO  impl.RoleInfo (RoleInfo.java:shutdownFollowerState(121)) - 7c510082-4284-44ef-8cd9-bb38fb15579f: shutdown FollowerState
2019-10-17 21:16:20,862 [grpc-default-executor-6] INFO  impl.RoleInfo (RoleInfo.java:shutdownFollowerState(121)) - 3909bd6a-278d-4911-9d70-32680c972d02: shutdown FollowerState
2019-10-17 21:16:20,862 [Thread-2677] INFO  impl.FollowerState (FollowerState.java:run(117)) - 7c510082-4284-44ef-8cd9-bb38fb15579f@group-62509A8A5C15-FollowerState was interrupted: java.lang.InterruptedException: sleep interrupted
2019-10-17 21:16:20,862 [grpc-default-executor-2] INFO  impl.RoleInfo (RoleInfo.java:updateAndGet(143)) - 7c510082-4284-44ef-8cd9-bb38fb15579f: start FollowerState
2019-10-17 21:16:20,862 [Thread-2676] INFO  impl.FollowerState (FollowerState.java:run(117)) - 3909bd6a-278d-4911-9d70-32680c972d02@group-62509A8A5C15-FollowerState was interrupted: java.lang.InterruptedException: sleep interrupted
2019-10-17 21:16:20,862 [grpc-default-executor-6] INFO  impl.RoleInfo (RoleInfo.java:updateAndGet(143)) - 3909bd6a-278d-4911-9d70-32680c972d02: start FollowerState
2019-10-17 21:16:20,881 [d2424f4d-20d2-4104-abcc-02e6288f3ffc@group-62509A8A5C15-LeaderElection363] INFO  impl.LeaderElection (LeaderElection.java:logAndReturn(56)) - d2424f4d-20d2-4104-abcc-02e6288f3ffc@group-62509A8A5C15-LeaderElection363: Election REJECTED; received 2 response(s) [d2424f4d-20d2-4104-abcc-02e6288f3ffc<-3909bd6a-278d-4911-9d70-32680c972d02#0:FAIL-t404, d2424f4d-20d2-4104-abcc-02e6288f3ffc<-7c510082-4284-44ef-8cd9-bb38fb15579f#0:FAIL-t404] and 0 exception(s); d2424f4d-20d2-4104-abcc-02e6288f3ffc@group-62509A8A5C15:t404, leader=null, voted=d2424f4d-20d2-4104-abcc-02e6288f3ffc, raftlog=d2424f4d-20d2-4104-abcc-02e6288f3ffc@group-62509A8A5C15-SegmentedRaftLog:OPENED:c-1,f-1,i0, conf=-1: [3909bd6a-278d-4911-9d70-32680c972d02:192.168.157.223:33343, d2424f4d-20d2-4104-abcc-02e6288f3ffc:192.168.157.223:39352, 7c510082-4284-44ef-8cd9-bb38fb15579f:192.168.157.223:33098], old=null
2019-10-17 21:16:20,881 [d2424f4d-20d2-4104-abcc-02e6288f3ffc@group-62509A8A5C15-LeaderElection363] INFO  impl.RaftServerImpl (RaftServerImpl.java:setRole(184)) - d2424f4d-20d2-4104-abcc-02e6288f3ffc@group-62509A8A5C15: changes role from CANDIDATE to FOLLOWER at term 404 for DISCOVERED_A_NEW_TERM
2019-10-17 21:16:20,881 [d2424f4d-20d2-4104-abcc-02e6288f3ffc@group-62509A8A5C15-LeaderElection363] INFO  impl.RoleInfo (RoleInfo.java:shutdownLeaderElection(134)) - d2424f4d-20d2-4104-abcc-02e6288f3ffc: shutdown LeaderElection
2019-10-17 21:16:20,881 [d2424f4d-20d2-4104-abcc-02e6288f3ffc@group-62509A8A5C15-LeaderElection363] INFO  impl.RoleInfo (RoleInfo.java:updateAndGet(143)) - d2424f4d-20d2-4104-abcc-02e6288f3ffc: start FollowerState
2019-10-17 21:16:21,035 [Thread-2684] INFO  impl.FollowerState (FollowerState.java:run(108)) - d2424f4d-20d2-4104-abcc-02e6288f3ffc@group-62509A8A5C15-FollowerState: change to CANDIDATE, lastRpcTime:153ms, electionTimeout:153ms
2019-10-17 21:16:21,035 [Thread-2684] INFO  impl.RoleInfo (RoleInfo.java:shutdownFollowerState(121)) - d2424f4d-20d2-4104-abcc-02e6288f3ffc: shutdown FollowerState
2019-10-17 21:16:21,035 [Thread-2684] INFO  impl.RaftServerImpl (RaftServerImpl.java:setRole(184)) - d2424f4d-20d2-4104-abcc-02e6288f3ffc@group-62509A8A5C15: changes role from  FOLLOWER to CANDIDATE at term 404 for changeToCandidate
2019-10-17 21:16:21,035 [Thread-2684] INFO  impl.RoleInfo (RoleInfo.java:updateAndGet(143)) - d2424f4d-20d2-4104-abcc-02e6288f3ffc: start LeaderElection
2019-10-17 21:16:21,049 [d2424f4d-20d2-4104-abcc-02e6288f3ffc@group-62509A8A5C15-LeaderElection364] INFO  impl.LeaderElection (LeaderElection.java:askForVotes(178)) - d2424f4d-20d2-4104-abcc-02e6288f3ffc@group-62509A8A5C15-LeaderElection364: begin an election at term 405 for -1: [3909bd6a-278d-4911-9d70-32680c972d02:192.168.157.223:33343, d2424f4d-20d2-4104-abcc-02e6288f3ffc:192.168.157.223:39352, 7c510082-4284-44ef-8cd9-bb38fb15579f:192.168.157.223:33098], old=null
2019-10-17 21:16:21,051 [grpc-default-executor-6] INFO  impl.RaftServerImpl (RaftServerImpl.java:setRole(184)) - 3909bd6a-278d-4911-9d70-32680c972d02@group-62509A8A5C15: changes role from  FOLLOWER to FOLLOWER at term 405 for recognizeCandidate:d2424f4d-20d2-4104-abcc-02e6288f3ffc
2019-10-17 21:16:21,052 [grpc-default-executor-6] INFO  impl.RoleInfo (RoleInfo.java:shutdownFollowerState(121)) - 3909bd6a-278d-4911-9d70-32680c972d02: shutdown FollowerState
2019-10-17 21:16:21,052 [grpc-default-executor-6] INFO  impl.RoleInfo (RoleInfo.java:updateAndGet(143)) - 3909bd6a-278d-4911-9d70-32680c972d02: start FollowerState
2019-10-17 21:16:21,052 [Thread-2683] INFO  impl.FollowerState (FollowerState.java:run(117)) - 3909bd6a-278d-4911-9d70-32680c972d02@group-62509A8A5C15-FollowerState was interrupted: java.lang.InterruptedException: sleep interrupted
2019-10-17 21:16:21,052 [grpc-default-executor-2] INFO  impl.RaftServerImpl (RaftServerImpl.java:setRole(184)) - 7c510082-4284-44ef-8cd9-bb38fb15579f@group-62509A8A5C15: changes role from  FOLLOWER to FOLLOWER at term 405 for recognizeCandidate:d2424f4d-20d2-4104-abcc-02e6288f3ffc
2019-10-17 21:16:21,052 [grpc-default-executor-2] INFO  impl.RoleInfo (RoleInfo.java:shutdownFollowerState(121)) - 7c510082-4284-44ef-8cd9-bb38fb15579f: shutdown FollowerState
2019-10-17 21:16:21,053 [grpc-default-executor-2] INFO  impl.RoleInfo (RoleInfo.java:updateAndGet(143)) - 7c510082-4284-44ef-8cd9-bb38fb15579f: start FollowerState
2019-10-17 21:16:21,053 [Thread-2682] INFO  impl.FollowerState (FollowerState.java:run(117)) - 7c510082-4284-44ef-8cd9-bb38fb15579f@group-62509A8A5C15-FollowerState was interrupted: java.lang.InterruptedException: sleep interrupted
2019-10-17 21:16:21,067 [d2424f4d-20d2-4104-abcc-02e6288f3ffc@group-62509A8A5C15-LeaderElection364] INFO  impl.LeaderElection (LeaderElection.java:logAndReturn(56)) - d2424f4d-20d2-4104-abcc-02e6288f3ffc@group-62509A8A5C15-LeaderElection364: Election REJECTED; received 2 response(s) [d2424f4d-20d2-4104-abcc-02e6288f3ffc<-3909bd6a-278d-4911-9d70-32680c972d02#0:FAIL-t405, d2424f4d-20d2-4104-abcc-02e6288f3ffc<-7c510082-4284-44ef-8cd9-bb38fb15579f#0:FAIL-t405] and 0 exception(s); d2424f4d-20d2-4104-abcc-02e6288f3ffc@group-62509A8A5C15:t405, leader=null, voted=d2424f4d-20d2-4104-abcc-02e6288f3ffc, raftlog=d2424f4d-20d2-4104-abcc-02e6288f3ffc@group-62509A8A5C15-SegmentedRaftLog:OPENED:c-1,f-1,i0, conf=-1: [3909bd6a-278d-4911-9d70-32680c972d02:192.168.157.223:33343, d2424f4d-20d2-4104-abcc-02e6288f3ffc:192.168.157.223:39352, 7c510082-4284-44ef-8cd9-bb38fb15579f:192.168.157.223:33098], old=null
2019-10-17 21:16:21,067 [d2424f4d-20d2-4104-abcc-02e6288f3ffc@group-62509A8A5C15-LeaderElection364] INFO  impl.RaftServerImpl (RaftServerImpl.java:setRole(184)) - d2424f4d-20d2-4104-abcc-02e6288f3ffc@group-62509A8A5C15: changes role from CANDIDATE to FOLLOWER at term 405 for DISCOVERED_A_NEW_TERM
2019-10-17 21:16:21,067 [d2424f4d-20d2-4104-abcc-02e6288f3ffc@group-62509A8A5C15-LeaderElection364] INFO  impl.RoleInfo (RoleInfo.java:shutdownLeaderElection(134)) - d2424f4d-20d2-4104-abcc-02e6288f3ffc: shutdown LeaderElection
2019-10-17 21:16:21,067 [d2424f4d-20d2-4104-abcc-02e6288f3ffc@group-62509A8A5C15-LeaderElection364] INFO  impl.RoleInfo (RoleInfo.java:updateAndGet(143)) - d2424f4d-20d2-4104-abcc-02e6288f3ffc: start FollowerState
2019-10-17 21:16:21,223 [Thread-2690] INFO  impl.FollowerState (FollowerState.java:run(108)) - d2424f4d-20d2-4104-abcc-02e6288f3ffc@group-62509A8A5C15-FollowerState: change to CANDIDATE, lastRpcTime:156ms, electionTimeout:156ms
2019-10-17 21:16:21,224 [Thread-2690] INFO  impl.RoleInfo (RoleInfo.java:shutdownFollowerState(121)) - d2424f4d-20d2-4104-abcc-02e6288f3ffc: shutdown FollowerState
2019-10-17 21:16:21,224 [Thread-2690] INFO  impl.RaftServerImpl (RaftServerImpl.java:setRole(184)) - d2424f4d-20d2-4104-abcc-02e6288f3ffc@group-62509A8A5C15: changes role from  FOLLOWER to CANDIDATE at term 405 for changeToCandidate
2019-10-17 21:16:21,224 [Thread-2690] INFO  impl.RoleInfo (RoleInfo.java:updateAndGet(143)) - d2424f4d-20d2-4104-abcc-02e6288f3ffc: start LeaderElection
2019-10-17 21:16:21,249 [d2424f4d-20d2-4104-abcc-02e6288f3ffc@group-62509A8A5C15-LeaderElection365] INFO  impl.LeaderElection (LeaderElection.java:askForVotes(178)) - d2424f4d-20d2-4104-abcc-02e6288f3ffc@group-62509A8A5C15-LeaderElection365: begin an election at term 406 for -1: [3909bd6a-278d-4911-9d70-32680c972d02:192.168.157.223:33343, d2424f4d-20d2-4104-abcc-02e6288f3ffc:192.168.157.223:39352, 7c510082-4284-44ef-8cd9-bb38fb15579f:192.168.157.223:33098], old=null
2019-10-17 21:16:21,252 [grpc-default-executor-2] INFO  impl.RaftServerImpl (RaftServerImpl.java:setRole(184)) - 3909bd6a-278d-4911-9d70-32680c972d02@group-62509A8A5C15: changes role from  FOLLOWER to FOLLOWER at term 406 for recognizeCandidate:d2424f4d-20d2-4104-abcc-02e6288f3ffc
2019-10-17 21:16:21,252 [grpc-default-executor-2] INFO  impl.RoleInfo (RoleInfo.java:shutdownFollowerState(121)) - 3909bd6a-278d-4911-9d70-32680c972d02: shutdown FollowerState
2019-10-17 21:16:21,252 [grpc-default-executor-2] INFO  impl.RoleInfo (RoleInfo.java:updateAndGet(143)) - 3909bd6a-278d-4911-9d70-32680c972d02: start FollowerState
2019-10-17 21:16:21,252 [Thread-2688] INFO  impl.FollowerState (FollowerState.java:run(117)) - 3909bd6a-278d-4911-9d70-32680c972d02@group-62509A8A5C15-FollowerState was interrupted: java.lang.InterruptedException: sleep interrupted
2019-10-17 21:16:21,252 [grpc-default-executor-6] INFO  impl.RaftServerImpl (RaftServerImpl.java:setRole(184)) - 7c510082-4284-44ef-8cd9-bb38fb15579f@group-62509A8A5C15: changes role from  FOLLOWER to FOLLOWER at term 406 for recognizeCandidate:d2424f4d-20d2-4104-abcc-02e6288f3ffc
2019-10-17 21:16:21,252 [grpc-default-executor-6] INFO  impl.RoleInfo (RoleInfo.java:shutdownFollowerState(121)) - 7c510082-4284-44ef-8cd9-bb38fb15579f: shutdown FollowerState
2019-10-17 21:16:21,252 [grpc-default-executor-6] INFO  impl.RoleInfo (RoleInfo.java:updateAndGet(143)) - 7c510082-4284-44ef-8cd9-bb38fb15579f: start FollowerState
2019-10-17 21:16:21,252 [Thread-2689] INFO  impl.FollowerState (FollowerState.java:run(117)) - 7c510082-4284-44ef-8cd9-bb38fb15579f@group-62509A8A5C15-FollowerState was interrupted: java.lang.InterruptedException: sleep interrupted
2019-10-17 21:16:21,286 [d2424f4d-20d2-4104-abcc-02e6288f3ffc@group-62509A8A5C15-LeaderElection365] INFO  impl.LeaderElection (LeaderElection.java:logAndReturn(56)) - d2424f4d-20d2-4104-abcc-02e6288f3ffc@group-62509A8A5C15-LeaderElection365: Election REJECTED; received 2 response(s) [d2424f4d-20d2-4104-abcc-02e6288f3ffc<-3909bd6a-278d-4911-9d70-32680c972d02#0:FAIL-t406, d2424f4d-20d2-4104-abcc-02e6288f3ffc<-7c510082-4284-44ef-8cd9-bb38fb15579f#0:FAIL-t406] and 0 exception(s); d2424f4d-20d2-4104-abcc-02e6288f3ffc@group-62509A8A5C15:t406, leader=null, voted=d2424f4d-20d2-4104-abcc-02e6288f3ffc, raftlog=d2424f4d-20d2-4104-abcc-02e6288f3ffc@group-62509A8A5C15-SegmentedRaftLog:OPENED:c-1,f-1,i0, conf=-1: [3909bd6a-278d-4911-9d70-32680c972d02:192.168.157.223:33343, d2424f4d-20d2-4104-abcc-02e6288f3ffc:192.168.157.223:39352, 7c510082-4284-44ef-8cd9-bb38fb15579f:192.168.157.223:33098], old=null
2019-10-17 21:16:21,286 [d2424f4d-20d2-4104-abcc-02e6288f3ffc@group-62509A8A5C15-LeaderElection365] INFO  impl.RaftServerImpl (RaftServerImpl.java:setRole(184)) - d2424f4d-20d2-4104-abcc-02e6288f3ffc@group-62509A8A5C15: changes role from CANDIDATE to FOLLOWER at term 406 for DISCOVERED_A_NEW_TERM
2019-10-17 21:16:21,286 [d2424f4d-20d2-4104-abcc-02e6288f3ffc@group-62509A8A5C15-LeaderElection365] INFO  impl.RoleInfo (RoleInfo.java:shutdownLeaderElection(134)) - d2424f4d-20d2-4104-abcc-02e6288f3ffc: shutdown LeaderElection
2019-10-17 21:16:21,287 [d2424f4d-20d2-4104-abcc-02e6288f3ffc@group-62509A8A5C15-LeaderElection365] INFO  impl.RoleInfo (RoleInfo.java:updateAndGet(143)) - d2424f4d-20d2-4104-abcc-02e6288f3ffc: start FollowerState
2019-10-17 21:16:21,473 [Thread-2696] INFO  impl.FollowerState (FollowerState.java:run(108)) - d2424f4d-20d2-4104-abcc-02e6288f3ffc@group-62509A8A5C15-FollowerState: change to CANDIDATE, lastRpcTime:186ms, electionTimeout:186ms
2019-10-17 21:16:21,473 [Thread-2696] INFO  impl.RoleInfo (RoleInfo.java:shutdownFollowerState(121)) - d2424f4d-20d2-4104-abcc-02e6288f3ffc: shutdown FollowerState
2019-10-17 21:16:21,473 [Thread-2696] INFO  impl.RaftServerImpl (RaftServerImpl.java:setRole(184)) - d2424f4d-20d2-4104-abcc-02e6288f3ffc@group-62509A8A5C15: changes role from  FOLLOWER to CANDIDATE at term 406 for changeToCandidate
2019-10-17 21:16:21,474 [Thread-2696] INFO  impl.RoleInfo (RoleInfo.java:updateAndGet(143)) - d2424f4d-20d2-4104-abcc-02e6288f3ffc: start LeaderElection
2019-10-17 21:16:21,488 [d2424f4d-20d2-4104-abcc-02e6288f3ffc@group-62509A8A5C15-LeaderElection366] INFO  impl.LeaderElection (LeaderElection.java:askForVotes(178)) - d2424f4d-20d2-4104-abcc-02e6288f3ffc@group-62509A8A5C15-LeaderElection366: begin an election at term 407 for -1: [3909bd6a-278d-4911-9d70-32680c972d02:192.168.157.223:33343, d2424f4d-20d2-4104-abcc-02e6288f3ffc:192.168.157.223:39352, 7c510082-4284-44ef-8cd9-bb38fb15579f:192.168.157.223:33098], old=null
2019-10-17 21:16:21,490 [grpc-default-executor-6] INFO  impl.RaftServerImpl (RaftServerImpl.java:setRole(184)) - 7c510082-4284-44ef-8cd9-bb38fb15579f@group-62509A8A5C15: changes role from  FOLLOWER to FOLLOWER at term 407 for recognizeCandidate:d2424f4d-20d2-4104-abcc-02e6288f3ffc
2019-10-17 21:16:21,490 [grpc-default-executor-6] INFO  impl.RoleInfo (RoleInfo.java:shutdownFollowerState(121)) - 7c510082-4284-44ef-8cd9-bb38fb15579f: shutdown FollowerState
2019-10-17 21:16:21,490 [grpc-default-executor-2] INFO  impl.RaftServerImpl (RaftServerImpl.java:setRole(184)) - 3909bd6a-278d-4911-9d70-32680c972d02@group-62509A8A5C15: changes role from  FOLLOWER to FOLLOWER at term 407 for recognizeCandidate:d2424f4d-20d2-4104-abcc-02e6288f3ffc
2019-10-17 21:16:21,490 [Thread-2695] INFO  impl.FollowerState (FollowerState.java:run(117)) - 7c510082-4284-44ef-8cd9-bb38fb15579f@group-62509A8A5C15-FollowerState was interrupted: java.lang.InterruptedException: sleep interrupted
2019-10-17 21:16:21,490 [grpc-default-executor-6] INFO  impl.RoleInfo (RoleInfo.java:updateAndGet(143)) - 7c510082-4284-44ef-8cd9-bb38fb15579f: start FollowerState
2019-10-17 21:16:21,490 [grpc-default-executor-2] INFO  impl.RoleInfo (RoleInfo.java:shutdownFollowerState(121)) - 3909bd6a-278d-4911-9d70-32680c972d02: shutdown FollowerState
2019-10-17 21:16:21,491 [grpc-default-executor-2] INFO  impl.RoleInfo (RoleInfo.java:updateAndGet(143)) - 3909bd6a-278d-4911-9d70-32680c972d02: start FollowerState
2019-10-17 21:16:21,491 [Thread-2694] INFO  impl.FollowerState (FollowerState.java:run(117)) - 3909bd6a-278d-4911-9d70-32680c972d02@group-62509A8A5C15-FollowerState was interrupted: java.lang.InterruptedException: sleep interrupted
2019-10-17 21:16:21,517 [d2424f4d-20d2-4104-abcc-02e6288f3ffc@group-62509A8A5C15-LeaderElection366] INFO  impl.LeaderElection (LeaderElection.java:logAndReturn(56)) - d2424f4d-20d2-4104-abcc-02e6288f3ffc@group-62509A8A5C15-LeaderElection366: Election REJECTED; received 2 response(s) [d2424f4d-20d2-4104-abcc-02e6288f3ffc<-3909bd6a-278d-4911-9d70-32680c972d02#0:FAIL-t407, d2424f4d-20d2-4104-abcc-02e6288f3ffc<-7c510082-4284-44ef-8cd9-bb38fb15579f#0:FAIL-t407] and 0 exception(s); d2424f4d-20d2-4104-abcc-02e6288f3ffc@group-62509A8A5C15:t407, leader=null, voted=d2424f4d-20d2-4104-abcc-02e6288f3ffc, raftlog=d2424f4d-20d2-4104-abcc-02e6288f3ffc@group-62509A8A5C15-SegmentedRaftLog:OPENED:c-1,f-1,i0, conf=-1: [3909bd6a-278d-4911-9d70-32680c972d02:192.168.157.223:33343, d2424f4d-20d2-4104-abcc-02e6288f3ffc:192.168.157.223:39352, 7c510082-4284-44ef-8cd9-bb38fb15579f:192.168.157.223:33098], old=null
2019-10-17 21:16:21,517 [d2424f4d-20d2-4104-abcc-02e6288f3ffc@group-62509A8A5C15-LeaderElection366] INFO  impl.RaftServerImpl (RaftServerImpl.java:setRole(184)) - d2424f4d-20d2-4104-abcc-02e6288f3ffc@group-62509A8A5C15: changes role from CANDIDATE to FOLLOWER at term 407 for DISCOVERED_A_NEW_TERM
2019-10-17 21:16:21,517 [d2424f4d-20d2-4104-abcc-02e6288f3ffc@group-62509A8A5C15-LeaderElection366] INFO  impl.RoleInfo (RoleInfo.java:shutdownLeaderElection(134)) - d2424f4d-20d2-4104-abcc-02e6288f3ffc: shutdown LeaderElection
2019-10-17 21:16:21,517 [d2424f4d-20d2-4104-abcc-02e6288f3ffc@group-62509A8A5C15-LeaderElection366] INFO  impl.RoleInfo (RoleInfo.java:updateAndGet(143)) - d2424f4d-20d2-4104-abcc-02e6288f3ffc: start FollowerState
2019-10-17 21:16:21,647 [Thread-2704] INFO  impl.FollowerState (FollowerState.java:run(108)) - d2424f4d-20d2-4104-abcc-02e6288f3ffc@group-62509A8A5C15-FollowerState: change to CANDIDATE, lastRpcTime:130ms, electionTimeout:130ms
2019-10-17 21:16:21,647 [Thread-2704] INFO  impl.RoleInfo (RoleInfo.java:shutdownFollowerState(121)) - d2424f4d-20d2-4104-abcc-02e6288f3ffc: shutdown FollowerState
2019-10-17 21:16:21,648 [Thread-2704] INFO  impl.RaftServerImpl (RaftServerImpl.java:setRole(184)) - d2424f4d-20d2-4104-abcc-02e6288f3ffc@group-62509A8A5C15: changes role from  FOLLOWER to CANDIDATE at term 407 for changeToCandidate
2019-10-17 21:16:21,648 [Thread-2704] INFO  impl.RoleInfo (RoleInfo.java:updateAndGet(143)) - d2424f4d-20d2-4104-abcc-02e6288f3ffc: start LeaderElection
2019-10-17 21:16:21,674 [d2424f4d-20d2-4104-abcc-02e6288f3ffc@group-62509A8A5C15-LeaderElection367] INFO  impl.LeaderElection (LeaderElection.java:askForVotes(178)) - d2424f4d-20d2-4104-abcc-02e6288f3ffc@group-62509A8A5C15-LeaderElection367: begin an election at term 408 for -1: [3909bd6a-278d-4911-9d70-32680c972d02:192.168.157.223:33343, d2424f4d-20d2-4104-abcc-02e6288f3ffc:192.168.157.223:39352, 7c510082-4284-44ef-8cd9-bb38fb15579f:192.168.157.223:33098], old=null
2019-10-17 21:16:21,675 [grpc-default-executor-2] INFO  impl.RaftServerImpl (RaftServerImpl.java:setRole(184)) - 7c510082-4284-44ef-8cd9-bb38fb15579f@group-62509A8A5C15: changes role from  FOLLOWER to FOLLOWER at term 408 for recognizeCandidate:d2424f4d-20d2-4104-abcc-02e6288f3ffc
2019-10-17 21:16:21,676 [grpc-default-executor-2] INFO  impl.RoleInfo (RoleInfo.java:shutdownFollowerState(121)) - 7c510082-4284-44ef-8cd9-bb38fb15579f: shutdown FollowerState
2019-10-17 21:16:21,675 [grpc-default-executor-6] INFO  impl.RaftServerImpl (RaftServerImpl.java:setRole(184)) - 3909bd6a-278d-4911-9d70-32680c972d02@group-62509A8A5C15: changes role from  FOLLOWER to FOLLOWER at term 408 for recognizeCandidate:d2424f4d-20d2-4104-abcc-02e6288f3ffc
2019-10-17 21:16:21,676 [grpc-default-executor-6] INFO  impl.RoleInfo (RoleInfo.java:shutdownFollowerState(121)) - 3909bd6a-278d-4911-9d70-32680c972d02: shutdown FollowerState
2019-10-17 21:16:21,676 [Thread-2702] INFO  impl.FollowerState (FollowerState.java:run(117)) - 7c510082-4284-44ef-8cd9-bb38fb15579f@group-62509A8A5C15-FollowerState was interrupted: java.lang.InterruptedException: sleep interrupted
2019-10-17 21:16:21,676 [grpc-default-executor-2] INFO  impl.RoleInfo (RoleInfo.java:updateAndGet(143)) - 7c510082-4284-44ef-8cd9-bb38fb15579f: start FollowerState
2019-10-17 21:16:21,676 [Thread-2703] INFO  impl.FollowerState (FollowerState.java:run(117)) - 3909bd6a-278d-4911-9d70-32680c972d02@group-62509A8A5C15-FollowerState was interrupted: java.lang.InterruptedException: sleep interrupted
2019-10-17 21:16:21,676 [grpc-default-executor-6] INFO  impl.RoleInfo (RoleInfo.java:updateAndGet(143)) - 3909bd6a-278d-4911-9d70-32680c972d02: start FollowerState
2019-10-17 21:16:21,702 [d2424f4d-20d2-4104-abcc-02e6288f3ffc@group-62509A8A5C15-LeaderElection367] INFO  impl.LeaderElection (LeaderElection.java:logAndReturn(56)) - d2424f4d-20d2-4104-abcc-02e6288f3ffc@group-62509A8A5C15-LeaderElection367: Election REJECTED; received 2 response(s) [d2424f4d-20d2-4104-abcc-02e6288f3ffc<-3909bd6a-278d-4911-9d70-32680c972d02#0:FAIL-t408, d2424f4d-20d2-4104-abcc-02e6288f3ffc<-7c510082-4284-44ef-8cd9-bb38fb15579f#0:FAIL-t408] and 0 exception(s); d2424f4d-20d2-4104-abcc-02e6288f3ffc@group-62509A8A5C15:t408, leader=null, voted=d2424f4d-20d2-4104-abcc-02e6288f3ffc, raftlog=d2424f4d-20d2-4104-abcc-02e6288f3ffc@group-62509A8A5C15-SegmentedRaftLog:OPENED:c-1,f-1,i0, conf=-1: [3909bd6a-278d-4911-9d70-32680c972d02:192.168.157.223:33343, d2424f4d-20d2-4104-abcc-02e6288f3ffc:192.168.157.223:39352, 7c510082-4284-44ef-8cd9-bb38fb15579f:192.168.157.223:33098], old=null
2019-10-17 21:16:21,702 [d2424f4d-20d2-4104-abcc-02e6288f3ffc@group-62509A8A5C15-LeaderElection367] INFO  impl.RaftServerImpl (RaftServerImpl.java:setRole(184)) - d2424f4d-20d2-4104-abcc-02e6288f3ffc@group-62509A8A5C15: changes role from CANDIDATE to FOLLOWER at term 408 for DISCOVERED_A_NEW_TERM
2019-10-17 21:16:21,702 [d2424f4d-20d2-4104-abcc-02e6288f3ffc@group-62509A8A5C15-LeaderElection367] INFO  impl.RoleInfo (RoleInfo.java:shutdownLeaderElection(134)) - d2424f4d-20d2-4104-abcc-02e6288f3ffc: shutdown LeaderElection
2019-10-17 21:16:21,702 [d2424f4d-20d2-4104-abcc-02e6288f3ffc@group-62509A8A5C15-LeaderElection367] INFO  impl.RoleInfo (RoleInfo.java:updateAndGet(143)) - d2424f4d-20d2-4104-abcc-02e6288f3ffc: start FollowerState
2019-10-17 21:16:21,783 [Thread-2710] INFO  impl.FollowerState (FollowerState.java:run(108)) - d2424f4d-20d2-4104-abcc-02e6288f3ffc@group-62509A8A5C15-FollowerState: change to CANDIDATE, lastRpcTime:80ms, electionTimeout:80ms
2019-10-17 21:16:21,783 [Thread-2710] INFO  impl.RoleInfo (RoleInfo.java:shutdownFollowerState(121)) - d2424f4d-20d2-4104-abcc-02e6288f3ffc: shutdown FollowerState
2019-10-17 21:16:21,783 [Thread-2710] INFO  impl.RaftServerImpl (RaftServerImpl.java:setRole(184)) - d2424f4d-20d2-4104-abcc-02e6288f3ffc@group-62509A8A5C15: changes role from  FOLLOWER to CANDIDATE at term 408 for changeToCandidate
2019-10-17 21:16:21,783 [Thread-2710] INFO  impl.RoleInfo (RoleInfo.java:updateAndGet(143)) - d2424f4d-20d2-4104-abcc-02e6288f3ffc: start LeaderElection
2019-10-17 21:16:21,809 [d2424f4d-20d2-4104-abcc-02e6288f3ffc@group-62509A8A5C15-LeaderElection368] INFO  impl.LeaderElection (LeaderElection.java:askForVotes(178)) - d2424f4d-20d2-4104-abcc-02e6288f3ffc@group-62509A8A5C15-LeaderElection368: begin an election at term 409 for -1: [3909bd6a-278d-4911-9d70-32680c972d02:192.168.157.223:33343, d2424f4d-20d2-4104-abcc-02e6288f3ffc:192.168.157.223:39352, 7c510082-4284-44ef-8cd9-bb38fb15579f:192.168.157.223:33098], old=null
2019-10-17 21:16:21,811 [grpc-default-executor-2] INFO  impl.RaftServerImpl (RaftServerImpl.java:setRole(184)) - 3909bd6a-278d-4911-9d70-32680c972d02@group-62509A8A5C15: changes role from  FOLLOWER to FOLLOWER at term 409 for recognizeCandidate:d2424f4d-20d2-4104-abcc-02e6288f3ffc
2019-10-17 21:16:21,811 [grpc-default-executor-2] INFO  impl.RoleInfo (RoleInfo.java:shutdownFollowerState(121)) - 3909bd6a-278d-4911-9d70-32680c972d02: shutdown FollowerState
2019-10-17 21:16:21,811 [grpc-default-executor-4] INFO  impl.RaftServerImpl (RaftServerImpl.java:setRole(184)) - 7c510082-4284-44ef-8cd9-bb38fb15579f@group-62509A8A5C15: changes role from  FOLLOWER to FOLLOWER at term 409 for recognizeCandidate:d2424f4d-20d2-4104-abcc-02e6288f3ffc
2019-10-17 21:16:21,811 [Thread-2709] INFO  impl.FollowerState (FollowerState.java:run(117)) - 3909bd6a-278d-4911-9d70-32680c972d02@group-62509A8A5C15-FollowerState was interrupted: java.lang.InterruptedException: sleep interrupted
2019-10-17 21:16:21,811 [grpc-default-executor-2] INFO  impl.RoleInfo (RoleInfo.java:updateAndGet(143)) - 3909bd6a-278d-4911-9d70-32680c972d02: start FollowerState
2019-10-17 21:16:21,811 [grpc-default-executor-4] INFO  impl.RoleInfo (RoleInfo.java:shutdownFollowerState(121)) - 7c510082-4284-44ef-8cd9-bb38fb15579f: shutdown FollowerState
2019-10-17 21:16:21,811 [grpc-default-executor-4] INFO  impl.RoleInfo (RoleInfo.java:updateAndGet(143)) - 7c510082-4284-44ef-8cd9-bb38fb15579f: start FollowerState
2019-10-17 21:16:21,811 [Thread-2708] INFO  impl.FollowerState (FollowerState.java:run(117)) - 7c510082-4284-44ef-8cd9-bb38fb15579f@group-62509A8A5C15-FollowerState was interrupted: java.lang.InterruptedException: sleep interrupted
2019-10-17 21:16:21,837 [d2424f4d-20d2-4104-abcc-02e6288f3ffc@group-62509A8A5C15-LeaderElection368] INFO  impl.LeaderElection (LeaderElection.java:logAndReturn(56)) - d2424f4d-20d2-4104-abcc-02e6288f3ffc@group-62509A8A5C15-LeaderElection368: Election REJECTED; received 2 response(s) [d2424f4d-20d2-4104-abcc-02e6288f3ffc<-3909bd6a-278d-4911-9d70-32680c972d02#0:FAIL-t409, d2424f4d-20d2-4104-abcc-02e6288f3ffc<-7c510082-4284-44ef-8cd9-bb38fb15579f#0:FAIL-t409] and 0 exception(s); d2424f4d-20d2-4104-abcc-02e6288f3ffc@group-62509A8A5C15:t409, leader=null, voted=d2424f4d-20d2-4104-abcc-02e6288f3ffc, raftlog=d2424f4d-20d2-4104-abcc-02e6288f3ffc@group-62509A8A5C15-SegmentedRaftLog:OPENED:c-1,f-1,i0, conf=-1: [3909bd6a-278d-4911-9d70-32680c972d02:192.168.157.223:33343, d2424f4d-20d2-4104-abcc-02e6288f3ffc:192.168.157.223:39352, 7c510082-4284-44ef-8cd9-bb38fb15579f:192.168.157.223:33098], old=null
2019-10-17 21:16:21,837 [d2424f4d-20d2-4104-abcc-02e6288f3ffc@group-62509A8A5C15-LeaderElection368] INFO  impl.RaftServerImpl (RaftServerImpl.java:setRole(184)) - d2424f4d-20d2-4104-abcc-02e6288f3ffc@group-62509A8A5C15: changes role from CANDIDATE to FOLLOWER at term 409 for DISCOVERED_A_NEW_TERM
2019-10-17 21:16:21,837 [d2424f4d-20d2-4104-abcc-02e6288f3ffc@group-62509A8A5C15-LeaderElection368] INFO  impl.RoleInfo (RoleInfo.java:shutdownLeaderElection(134)) - d2424f4d-20d2-4104-abcc-02e6288f3ffc: shutdown LeaderElection
2019-10-17 21:16:21,838 [d2424f4d-20d2-4104-abcc-02e6288f3ffc@group-62509A8A5C15-LeaderElection368] INFO  impl.RoleInfo (RoleInfo.java:updateAndGet(143)) - d2424f4d-20d2-4104-abcc-02e6288f3ffc: start FollowerState
2019-10-17 21:16:21,998 [Thread-2716] INFO  impl.FollowerState (FollowerState.java:run(108)) - d2424f4d-20d2-4104-abcc-02e6288f3ffc@group-62509A8A5C15-FollowerState: change to CANDIDATE, lastRpcTime:160ms, electionTimeout:160ms
2019-10-17 21:16:21,998 [Thread-2716] INFO  impl.RoleInfo (RoleInfo.java:shutdownFollowerState(121)) - d2424f4d-20d2-4104-abcc-02e6288f3ffc: shutdown FollowerState
2019-10-17 21:16:21,998 [Thread-2716] INFO  impl.RaftServerImpl (RaftServerImpl.java:setRole(184)) - d2424f4d-20d2-4104-abcc-02e6288f3ffc@group-62509A8A5C15: changes role from  FOLLOWER to CANDIDATE at term 409 for changeToCandidate
2019-10-17 21:16:21,998 [Thread-2716] INFO  impl.RoleInfo (RoleInfo.java:updateAndGet(143)) - d2424f4d-20d2-4104-abcc-02e6288f3ffc: start LeaderElection
2019-10-17 21:16:22,011 [d2424f4d-20d2-4104-abcc-02e6288f3ffc@group-62509A8A5C15-LeaderElection369] INFO  impl.LeaderElection (LeaderElection.java:askForVotes(178)) - d2424f4d-20d2-4104-abcc-02e6288f3ffc@group-62509A8A5C15-LeaderElection369: begin an election at term 410 for -1: [3909bd6a-278d-4911-9d70-32680c972d02:192.168.157.223:33343, d2424f4d-20d2-4104-abcc-02e6288f3ffc:192.168.157.223:39352, 7c510082-4284-44ef-8cd9-bb38fb15579f:192.168.157.223:33098], old=null
2019-10-17 21:16:22,013 [grpc-default-executor-4] INFO  impl.RaftServerImpl (RaftServerImpl.java:setRole(184)) - 7c510082-4284-44ef-8cd9-bb38fb15579f@group-62509A8A5C15: changes role from  FOLLOWER to FOLLOWER at term 410 for recognizeCandidate:d2424f4d-20d2-4104-abcc-02e6288f3ffc
2019-10-17 21:16:22,013 [grpc-default-executor-2] INFO  impl.RaftServerImpl (RaftServerImpl.java:setRole(184)) - 3909bd6a-278d-4911-9d70-32680c972d02@group-62509A8A5C15: changes role from  FOLLOWER to FOLLOWER at term 410 for recognizeCandidate:d2424f4d-20d2-4104-abcc-02e6288f3ffc
2019-10-17 21:16:22,014 [grpc-default-executor-2] INFO  impl.RoleInfo (RoleInfo.java:shutdownFollowerState(121)) - 3909bd6a-278d-4911-9d70-32680c972d02: shutdown FollowerState
2019-10-17 21:16:22,014 [grpc-default-executor-4] INFO  impl.RoleInfo (RoleInfo.java:shutdownFollowerState(121)) - 7c510082-4284-44ef-8cd9-bb38fb15579f: shutdown FollowerState
2019-10-17 21:16:22,014 [Thread-2714] INFO  impl.FollowerState (FollowerState.java:run(117)) - 3909bd6a-278d-4911-9d70-32680c972d02@group-62509A8A5C15-FollowerState was interrupted: java.lang.InterruptedException: sleep interrupted
2019-10-17 21:16:22,014 [grpc-default-executor-2] INFO  impl.RoleInfo (RoleInfo.java:updateAndGet(143)) - 3909bd6a-278d-4911-9d70-32680c972d02: start FollowerState
2019-10-17 21:16:22,014 [Thread-2715] INFO  impl.FollowerState (FollowerState.java:run(117)) - 7c510082-4284-44ef-8cd9-bb38fb15579f@group-62509A8A5C15-FollowerState was interrupted: java.lang.InterruptedException: sleep interrupted
2019-10-17 21:16:22,014 [grpc-default-executor-4] INFO  impl.RoleInfo (RoleInfo.java:updateAndGet(143)) - 7c510082-4284-44ef-8cd9-bb38fb15579f: start FollowerState
2019-10-17 21:16:22,057 [d2424f4d-20d2-4104-abcc-02e6288f3ffc@group-62509A8A5C15-LeaderElection369] INFO  impl.LeaderElection (LeaderElection.java:logAndReturn(56)) - d2424f4d-20d2-4104-abcc-02e6288f3ffc@group-62509A8A5C15-LeaderElection369: Election REJECTED; received 2 response(s) [d2424f4d-20d2-4104-abcc-02e6288f3ffc<-3909bd6a-278d-4911-9d70-32680c972d02#0:FAIL-t410, d2424f4d-20d2-4104-abcc-02e6288f3ffc<-7c510082-4284-44ef-8cd9-bb38fb15579f#0:FAIL-t410] and 0 exception(s); d2424f4d-20d2-4104-abcc-02e6288f3ffc@group-62509A8A5C15:t410, leader=null, voted=d2424f4d-20d2-4104-abcc-02e6288f3ffc, raftlog=d2424f4d-20d2-4104-abcc-02e6288f3ffc@group-62509A8A5C15-SegmentedRaftLog:OPENED:c-1,f-1,i0, conf=-1: [3909bd6a-278d-4911-9d70-32680c972d02:192.168.157.223:33343, d2424f4d-20d2-4104-abcc-02e6288f3ffc:192.168.157.223:39352, 7c510082-4284-44ef-8cd9-bb38fb15579f:192.168.157.223:33098], old=null
2019-10-17 21:16:22,057 [d2424f4d-20d2-4104-abcc-02e6288f3ffc@group-62509A8A5C15-LeaderElection369] INFO  impl.RaftServerImpl (RaftServerImpl.java:setRole(184)) - d2424f4d-20d2-4104-abcc-02e6288f3ffc@group-62509A8A5C15: changes role from CANDIDATE to FOLLOWER at term 410 for DISCOVERED_A_NEW_TERM
2019-10-17 21:16:22,057 [d2424f4d-20d2-4104-abcc-02e6288f3ffc@group-62509A8A5C15-LeaderElection369] INFO  impl.RoleInfo (RoleInfo.java:shutdownLeaderElection(134)) - d2424f4d-20d2-4104-abcc-02e6288f3ffc: shutdown LeaderElection
2019-10-17 21:16:22,057 [d2424f4d-20d2-4104-abcc-02e6288f3ffc@group-62509A8A5C15-LeaderElection369] INFO  impl.RoleInfo (RoleInfo.java:updateAndGet(143)) - d2424f4d-20d2-4104-abcc-02e6288f3ffc: start FollowerState
2019-10-17 21:16:22,109 [Thread-2722] INFO  impl.FollowerState (FollowerState.java:run(108)) - d2424f4d-20d2-4104-abcc-02e6288f3ffc@group-62509A8A5C15-FollowerState: change to CANDIDATE, lastRpcTime:52ms, electionTimeout:52ms
2019-10-17 21:16:22,109 [Thread-2722] INFO  impl.RoleInfo (RoleInfo.java:shutdownFollowerState(121)) - d2424f4d-20d2-4104-abcc-02e6288f3ffc: shutdown FollowerState
2019-10-17 21:16:22,110 [Thread-2722] INFO  impl.RaftServerImpl (RaftServerImpl.java:setRole(184)) - d2424f4d-20d2-4104-abcc-02e6288f3ffc@group-62509A8A5C15: changes role from  FOLLOWER to CANDIDATE at term 410 for changeToCandidate
2019-10-17 21:16:22,110 [Thread-2722] INFO  impl.RoleInfo (RoleInfo.java:updateAndGet(143)) - d2424f4d-20d2-4104-abcc-02e6288f3ffc: start LeaderElection
2019-10-17 21:16:22,131 [d2424f4d-20d2-4104-abcc-02e6288f3ffc@group-62509A8A5C15-LeaderElection370] INFO  impl.LeaderElection (LeaderElection.java:askForVotes(178)) - d2424f4d-20d2-4104-abcc-02e6288f3ffc@group-62509A8A5C15-LeaderElection370: begin an election at term 411 for -1: [3909bd6a-278d-4911-9d70-32680c972d02:192.168.157.223:33343, d2424f4d-20d2-4104-abcc-02e6288f3ffc:192.168.157.223:39352, 7c510082-4284-44ef-8cd9-bb38fb15579f:192.168.157.223:33098], old=null
2019-10-17 21:16:22,133 [grpc-default-executor-2] INFO  impl.RaftServerImpl (RaftServerImpl.java:setRole(184)) - 7c510082-4284-44ef-8cd9-bb38fb15579f@group-62509A8A5C15: changes role from  FOLLOWER to FOLLOWER at term 411 for recognizeCandidate:d2424f4d-20d2-4104-abcc-02e6288f3ffc
2019-10-17 21:16:22,133 [grpc-default-executor-4] INFO  impl.RaftServerImpl (RaftServerImpl.java:setRole(184)) - 3909bd6a-278d-4911-9d70-32680c972d02@group-62509A8A5C15: changes role from  FOLLOWER to FOLLOWER at term 411 for recognizeCandidate:d2424f4d-20d2-4104-abcc-02e6288f3ffc
2019-10-17 21:16:22,133 [grpc-default-executor-2] INFO  impl.RoleInfo (RoleInfo.java:shutdownFollowerState(121)) - 7c510082-4284-44ef-8cd9-bb38fb15579f: shutdown FollowerState
2019-10-17 21:16:22,133 [grpc-default-executor-4] INFO  impl.RoleInfo (RoleInfo.java:shutdownFollowerState(121)) - 3909bd6a-278d-4911-9d70-32680c972d02: shutdown FollowerState
2019-10-17 21:16:22,133 [Thread-2721] INFO  impl.FollowerState (FollowerState.java:run(117)) - 7c510082-4284-44ef-8cd9-bb38fb15579f@group-62509A8A5C15-FollowerState was interrupted: java.lang.InterruptedException: sleep interrupted
2019-10-17 21:16:22,133 [grpc-default-executor-2] INFO  impl.RoleInfo (RoleInfo.java:updateAndGet(143)) - 7c510082-4284-44ef-8cd9-bb38fb15579f: start FollowerState
2019-10-17 21:16:22,133 [Thread-2720] INFO  impl.FollowerState (FollowerState.java:run(117)) - 3909bd6a-278d-4911-9d70-32680c972d02@group-62509A8A5C15-FollowerState was interrupted: java.lang.InterruptedException: sleep interrupted
2019-10-17 21:16:22,133 [grpc-default-executor-4] INFO  impl.RoleInfo (RoleInfo.java:updateAndGet(143)) - 3909bd6a-278d-4911-9d70-32680c972d02: start FollowerState
2019-10-17 21:16:22,159 [d2424f4d-20d2-4104-abcc-02e6288f3ffc@group-62509A8A5C15-LeaderElection370] INFO  impl.LeaderElection (LeaderElection.java:logAndReturn(56)) - d2424f4d-20d2-4104-abcc-02e6288f3ffc@group-62509A8A5C15-LeaderElection370: Election REJECTED; received 2 response(s) [d2424f4d-20d2-4104-abcc-02e6288f3ffc<-3909bd6a-278d-4911-9d70-32680c972d02#0:FAIL-t411, d2424f4d-20d2-4104-abcc-02e6288f3ffc<-7c510082-4284-44ef-8cd9-bb38fb15579f#0:FAIL-t411] and 0 exception(s); d2424f4d-20d2-4104-abcc-02e6288f3ffc@group-62509A8A5C15:t411, leader=null, voted=d2424f4d-20d2-4104-abcc-02e6288f3ffc, raftlog=d2424f4d-20d2-4104-abcc-02e6288f3ffc@group-62509A8A5C15-SegmentedRaftLog:OPENED:c-1,f-1,i0, conf=-1: [3909bd6a-278d-4911-9d70-32680c972d02:192.168.157.223:33343, d2424f4d-20d2-4104-abcc-02e6288f3ffc:192.168.157.223:39352, 7c510082-4284-44ef-8cd9-bb38fb15579f:192.168.157.223:33098], old=null
2019-10-17 21:16:22,160 [d2424f4d-20d2-4104-abcc-02e6288f3ffc@group-62509A8A5C15-LeaderElection370] INFO  impl.RaftServerImpl (RaftServerImpl.java:setRole(184)) - d2424f4d-20d2-4104-abcc-02e6288f3ffc@group-62509A8A5C15: changes role from CANDIDATE to FOLLOWER at term 411 for DISCOVERED_A_NEW_TERM
2019-10-17 21:16:22,160 [d2424f4d-20d2-4104-abcc-02e6288f3ffc@group-62509A8A5C15-LeaderElection370] INFO  impl.RoleInfo (RoleInfo.java:shutdownLeaderElection(134)) - d2424f4d-20d2-4104-abcc-02e6288f3ffc: shutdown LeaderElection
2019-10-17 21:16:22,160 [d2424f4d-20d2-4104-abcc-02e6288f3ffc@group-62509A8A5C15-LeaderElection370] INFO  impl.RoleInfo (RoleInfo.java:updateAndGet(143)) - d2424f4d-20d2-4104-abcc-02e6288f3ffc: start FollowerState
2019-10-17 21:16:22,292 [Thread-2728] INFO  impl.FollowerState (FollowerState.java:run(108)) - d2424f4d-20d2-4104-abcc-02e6288f3ffc@group-62509A8A5C15-FollowerState: change to CANDIDATE, lastRpcTime:132ms, electionTimeout:132ms
2019-10-17 21:16:22,292 [Thread-2728] INFO  impl.RoleInfo (RoleInfo.java:shutdownFollowerState(121)) - d2424f4d-20d2-4104-abcc-02e6288f3ffc: shutdown FollowerState
2019-10-17 21:16:22,292 [Thread-2728] INFO  impl.RaftServerImpl (RaftServerImpl.java:setRole(184)) - d2424f4d-20d2-4104-abcc-02e6288f3ffc@group-62509A8A5C15: changes role from  FOLLOWER to CANDIDATE at term 411 for changeToCandidate
2019-10-17 21:16:22,293 [Thread-2728] INFO  impl.RoleInfo (RoleInfo.java:updateAndGet(143)) - d2424f4d-20d2-4104-abcc-02e6288f3ffc: start LeaderElection
2019-10-17 21:16:22,308 [d2424f4d-20d2-4104-abcc-02e6288f3ffc@group-62509A8A5C15-LeaderElection371] INFO  impl.LeaderElection (LeaderElection.java:askForVotes(178)) - d2424f4d-20d2-4104-abcc-02e6288f3ffc@group-62509A8A5C15-LeaderElection371: begin an election at term 412 for -1: [3909bd6a-278d-4911-9d70-32680c972d02:192.168.157.223:33343, d2424f4d-20d2-4104-abcc-02e6288f3ffc:192.168.157.223:39352, 7c510082-4284-44ef-8cd9-bb38fb15579f:192.168.157.223:33098], old=null
2019-10-17 21:16:22,309 [grpc-default-executor-4] INFO  impl.RaftServerImpl (RaftServerImpl.java:setRole(184)) - 3909bd6a-278d-4911-9d70-32680c972d02@group-62509A8A5C15: changes role from  FOLLOWER to FOLLOWER at term 412 for recognizeCandidate:d2424f4d-20d2-4104-abcc-02e6288f3ffc
2019-10-17 21:16:22,309 [grpc-default-executor-2] INFO  impl.RaftServerImpl (RaftServerImpl.java:setRole(184)) - 7c510082-4284-44ef-8cd9-bb38fb15579f@group-62509A8A5C15: changes role from  FOLLOWER to FOLLOWER at term 412 for recognizeCandidate:d2424f4d-20d2-4104-abcc-02e6288f3ffc
2019-10-17 21:16:22,310 [grpc-default-executor-2] INFO  impl.RoleInfo (RoleInfo.java:shutdownFollowerState(121)) - 7c510082-4284-44ef-8cd9-bb38fb15579f: shutdown FollowerState
2019-10-17 21:16:22,309 [grpc-default-executor-4] INFO  impl.RoleInfo (RoleInfo.java:shutdownFollowerState(121)) - 3909bd6a-278d-4911-9d70-32680c972d02: shutdown FollowerState
2019-10-17 21:16:22,310 [Thread-2726] INFO  impl.FollowerState (FollowerState.java:run(117)) - 7c510082-4284-44ef-8cd9-bb38fb15579f@group-62509A8A5C15-FollowerState was interrupted: java.lang.InterruptedException: sleep interrupted
2019-10-17 21:16:22,310 [grpc-default-executor-2] INFO  impl.RoleInfo (RoleInfo.java:updateAndGet(143)) - 7c510082-4284-44ef-8cd9-bb38fb15579f: start FollowerState
2019-10-17 21:16:22,310 [Thread-2727] INFO  impl.FollowerState (FollowerState.java:run(117)) - 3909bd6a-278d-4911-9d70-32680c972d02@group-62509A8A5C15-FollowerState was interrupted: java.lang.InterruptedException: sleep interrupted
2019-10-17 21:16:22,310 [grpc-default-executor-4] INFO  impl.RoleInfo (RoleInfo.java:updateAndGet(143)) - 3909bd6a-278d-4911-9d70-32680c972d02: start FollowerState
2019-10-17 21:16:22,322 [d2424f4d-20d2-4104-abcc-02e6288f3ffc@group-62509A8A5C15-LeaderElection371] INFO  impl.LeaderElection (LeaderElection.java:logAndReturn(56)) - d2424f4d-20d2-4104-abcc-02e6288f3ffc@group-62509A8A5C15-LeaderElection371: Election REJECTED; received 2 response(s) [d2424f4d-20d2-4104-abcc-02e6288f3ffc<-3909bd6a-278d-4911-9d70-32680c972d02#0:FAIL-t412, d2424f4d-20d2-4104-abcc-02e6288f3ffc<-7c510082-4284-44ef-8cd9-bb38fb15579f#0:FAIL-t412] and 0 exception(s); d2424f4d-20d2-4104-abcc-02e6288f3ffc@group-62509A8A5C15:t412, leader=null, voted=d2424f4d-20d2-4104-abcc-02e6288f3ffc, raftlog=d2424f4d-20d2-4104-abcc-02e6288f3ffc@group-62509A8A5C15-SegmentedRaftLog:OPENED:c-1,f-1,i0, conf=-1: [3909bd6a-278d-4911-9d70-32680c972d02:192.168.157.223:33343, d2424f4d-20d2-4104-abcc-02e6288f3ffc:192.168.157.223:39352, 7c510082-4284-44ef-8cd9-bb38fb15579f:192.168.157.223:33098], old=null
2019-10-17 21:16:22,323 [d2424f4d-20d2-4104-abcc-02e6288f3ffc@group-62509A8A5C15-LeaderElection371] INFO  impl.RaftServerImpl (RaftServerImpl.java:setRole(184)) - d2424f4d-20d2-4104-abcc-02e6288f3ffc@group-62509A8A5C15: changes role from CANDIDATE to FOLLOWER at term 412 for DISCOVERED_A_NEW_TERM
2019-10-17 21:16:22,323 [d2424f4d-20d2-4104-abcc-02e6288f3ffc@group-62509A8A5C15-LeaderElection371] INFO  impl.RoleInfo (RoleInfo.java:shutdownLeaderElection(134)) - d2424f4d-20d2-4104-abcc-02e6288f3ffc: shutdown LeaderElection
2019-10-17 21:16:22,323 [d2424f4d-20d2-4104-abcc-02e6288f3ffc@group-62509A8A5C15-LeaderElection371] INFO  impl.RoleInfo (RoleInfo.java:updateAndGet(143)) - d2424f4d-20d2-4104-abcc-02e6288f3ffc: start FollowerState
2019-10-17 21:16:22,423 [Thread-2736] INFO  impl.FollowerState (FollowerState.java:run(108)) - d2424f4d-20d2-4104-abcc-02e6288f3ffc@group-62509A8A5C15-FollowerState: change to CANDIDATE, lastRpcTime:100ms, electionTimeout:100ms
2019-10-17 21:16:22,423 [Thread-2736] INFO  impl.RoleInfo (RoleInfo.java:shutdownFollowerState(121)) - d2424f4d-20d2-4104-abcc-02e6288f3ffc: shutdown FollowerState
2019-10-17 21:16:22,423 [Thread-2736] INFO  impl.RaftServerImpl (RaftServerImpl.java:setRole(184)) - d2424f4d-20d2-4104-abcc-02e6288f3ffc@group-62509A8A5C15: changes role from  FOLLOWER to CANDIDATE at term 412 for changeToCandidate
2019-10-17 21:16:22,424 [Thread-2736] INFO  impl.RoleInfo (RoleInfo.java:updateAndGet(143)) - d2424f4d-20d2-4104-abcc-02e6288f3ffc: start LeaderElection
2019-10-17 21:16:22,436 [d2424f4d-20d2-4104-abcc-02e6288f3ffc@group-62509A8A5C15-LeaderElection372] INFO  impl.LeaderElection (LeaderElection.java:askForVotes(178)) - d2424f4d-20d2-4104-abcc-02e6288f3ffc@group-62509A8A5C15-LeaderElection372: begin an election at term 413 for -1: [3909bd6a-278d-4911-9d70-32680c972d02:192.168.157.223:33343, d2424f4d-20d2-4104-abcc-02e6288f3ffc:192.168.157.223:39352, 7c510082-4284-44ef-8cd9-bb38fb15579f:192.168.157.223:33098], old=null
2019-10-17 21:16:22,437 [grpc-default-executor-4] INFO  impl.RaftServerImpl (RaftServerImpl.java:setRole(184)) - 3909bd6a-278d-4911-9d70-32680c972d02@group-62509A8A5C15: changes role from  FOLLOWER to FOLLOWER at term 413 for recognizeCandidate:d2424f4d-20d2-4104-abcc-02e6288f3ffc
2019-10-17 21:16:22,438 [grpc-default-executor-2] INFO  impl.RaftServerImpl (RaftServerImpl.java:setRole(184)) - 7c510082-4284-44ef-8cd9-bb38fb15579f@group-62509A8A5C15: changes role from  FOLLOWER to FOLLOWER at term 413 for recognizeCandidate:d2424f4d-20d2-4104-abcc-02e6288f3ffc
2019-10-17 21:16:22,438 [grpc-default-executor-2] INFO  impl.RoleInfo (RoleInfo.java:shutdownFollowerState(121)) - 7c510082-4284-44ef-8cd9-bb38fb15579f: shutdown FollowerState
2019-10-17 21:16:22,438 [grpc-default-executor-4] INFO  impl.RoleInfo (RoleInfo.java:shutdownFollowerState(121)) - 3909bd6a-278d-4911-9d70-32680c972d02: shutdown FollowerState
2019-10-17 21:16:22,438 [Thread-2733] INFO  impl.FollowerState (FollowerState.java:run(117)) - 7c510082-4284-44ef-8cd9-bb38fb15579f@group-62509A8A5C15-FollowerState was interrupted: java.lang.InterruptedException: sleep interrupted
2019-10-17 21:16:22,438 [Thread-2734] INFO  impl.FollowerState (FollowerState.java:run(117)) - 3909bd6a-278d-4911-9d70-32680c972d02@group-62509A8A5C15-FollowerState was interrupted: java.lang.InterruptedException: sleep interrupted
2019-10-17 21:16:22,438 [grpc-default-executor-2] INFO  impl.RoleInfo (RoleInfo.java:updateAndGet(143)) - 7c510082-4284-44ef-8cd9-bb38fb15579f: start FollowerState
2019-10-17 21:16:22,438 [grpc-default-executor-4] INFO  impl.RoleInfo (RoleInfo.java:updateAndGet(143)) - 3909bd6a-278d-4911-9d70-32680c972d02: start FollowerState
2019-10-17 21:16:22,452 [d2424f4d-20d2-4104-abcc-02e6288f3ffc@group-62509A8A5C15-LeaderElection372] INFO  impl.LeaderElection (LeaderElection.java:logAndReturn(56)) - d2424f4d-20d2-4104-abcc-02e6288f3ffc@group-62509A8A5C15-LeaderElection372: Election REJECTED; received 2 response(s) [d2424f4d-20d2-4104-abcc-02e6288f3ffc<-3909bd6a-278d-4911-9d70-32680c972d02#0:FAIL-t413, d2424f4d-20d2-4104-abcc-02e6288f3ffc<-7c510082-4284-44ef-8cd9-bb38fb15579f#0:FAIL-t413] and 0 exception(s); d2424f4d-20d2-4104-abcc-02e6288f3ffc@group-62509A8A5C15:t413, leader=null, voted=d2424f4d-20d2-4104-abcc-02e6288f3ffc, raftlog=d2424f4d-20d2-4104-abcc-02e6288f3ffc@group-62509A8A5C15-SegmentedRaftLog:OPENED:c-1,f-1,i0, conf=-1: [3909bd6a-278d-4911-9d70-32680c972d02:192.168.157.223:33343, d2424f4d-20d2-4104-abcc-02e6288f3ffc:192.168.157.223:39352, 7c510082-4284-44ef-8cd9-bb38fb15579f:192.168.157.223:33098], old=null
2019-10-17 21:16:22,452 [d2424f4d-20d2-4104-abcc-02e6288f3ffc@group-62509A8A5C15-LeaderElection372] INFO  impl.RaftServerImpl (RaftServerImpl.java:setRole(184)) - d2424f4d-20d2-4104-abcc-02e6288f3ffc@group-62509A8A5C15: changes role from CANDIDATE to FOLLOWER at term 413 for DISCOVERED_A_NEW_TERM
2019-10-17 21:16:22,452 [d2424f4d-20d2-4104-abcc-02e6288f3ffc@group-62509A8A5C15-LeaderElection372] INFO  impl.RoleInfo (RoleInfo.java:shutdownLeaderElection(134)) - d2424f4d-20d2-4104-abcc-02e6288f3ffc: shutdown LeaderElection
2019-10-17 21:16:22,452 [d2424f4d-20d2-4104-abcc-02e6288f3ffc@group-62509A8A5C15-LeaderElection372] INFO  impl.RoleInfo (RoleInfo.java:updateAndGet(143)) - d2424f4d-20d2-4104-abcc-02e6288f3ffc: start FollowerState
2019-10-17 21:16:22,459 [Thread-2742] INFO  impl.FollowerState (FollowerState.java:run(108)) - d2424f4d-20d2-4104-abcc-02e6288f3ffc@group-62509A8A5C15-FollowerState: change to CANDIDATE, lastRpcTime:7ms, electionTimeout:7ms
2019-10-17 21:16:22,459 [Thread-2742] INFO  impl.RoleInfo (RoleInfo.java:shutdownFollowerState(121)) - d2424f4d-20d2-4104-abcc-02e6288f3ffc: shutdown FollowerState
2019-10-17 21:16:22,459 [Thread-2742] INFO  impl.RaftServerImpl (RaftServerImpl.java:setRole(184)) - d2424f4d-20d2-4104-abcc-02e6288f3ffc@group-62509A8A5C15: changes role from  FOLLOWER to CANDIDATE at term 413 for changeToCandidate
2019-10-17 21:16:22,459 [Thread-2742] INFO  impl.RoleInfo (RoleInfo.java:updateAndGet(143)) - d2424f4d-20d2-4104-abcc-02e6288f3ffc: start LeaderElection
2019-10-17 21:16:22,474 [d2424f4d-20d2-4104-abcc-02e6288f3ffc@group-62509A8A5C15-LeaderElection373] INFO  impl.LeaderElection (LeaderElection.java:askForVotes(178)) - d2424f4d-20d2-4104-abcc-02e6288f3ffc@group-62509A8A5C15-LeaderElection373: begin an election at term 414 for -1: [3909bd6a-278d-4911-9d70-32680c972d02:192.168.157.223:33343, d2424f4d-20d2-4104-abcc-02e6288f3ffc:192.168.157.223:39352, 7c510082-4284-44ef-8cd9-bb38fb15579f:192.168.157.223:33098], old=null
2019-10-17 21:16:22,475 [grpc-default-executor-2] INFO  impl.RaftServerImpl (RaftServerImpl.java:setRole(184)) - 3909bd6a-278d-4911-9d70-32680c972d02@group-62509A8A5C15: changes role from  FOLLOWER to FOLLOWER at term 414 for recognizeCandidate:d2424f4d-20d2-4104-abcc-02e6288f3ffc
2019-10-17 21:16:22,475 [grpc-default-executor-2] INFO  impl.RoleInfo (RoleInfo.java:shutdownFollowerState(121)) - 3909bd6a-278d-4911-9d70-32680c972d02: shutdown FollowerState
2019-10-17 21:16:22,476 [grpc-default-executor-2] INFO  impl.RoleInfo (RoleInfo.java:updateAndGet(143)) - 3909bd6a-278d-4911-9d70-32680c972d02: start FollowerState
2019-10-17 21:16:22,476 [Thread-2741] INFO  impl.FollowerState (FollowerState.java:run(117)) - 3909bd6a-278d-4911-9d70-32680c972d02@group-62509A8A5C15-FollowerState was interrupted: java.lang.InterruptedException: sleep interrupted
2019-10-17 21:16:22,476 [grpc-default-executor-4] INFO  impl.RaftServerImpl (RaftServerImpl.java:setRole(184)) - 7c510082-4284-44ef-8cd9-bb38fb15579f@group-62509A8A5C15: changes role from  FOLLOWER to FOLLOWER at term 414 for recognizeCandidate:d2424f4d-20d2-4104-abcc-02e6288f3ffc
2019-10-17 21:16:22,476 [grpc-default-executor-4] INFO  impl.RoleInfo (RoleInfo.java:shutdownFollowerState(121)) - 7c510082-4284-44ef-8cd9-bb38fb15579f: shutdown FollowerState
2019-10-17 21:16:22,476 [grpc-default-executor-4] INFO  impl.RoleInfo (RoleInfo.java:updateAndGet(143)) - 7c510082-4284-44ef-8cd9-bb38fb15579f: start FollowerState
2019-10-17 21:16:22,476 [Thread-2740] INFO  impl.FollowerState (FollowerState.java:run(117)) - 7c510082-4284-44ef-8cd9-bb38fb15579f@group-62509A8A5C15-FollowerState was interrupted: java.lang.InterruptedException: sleep interrupted
2019-10-17 21:16:22,501 [d2424f4d-20d2-4104-abcc-02e6288f3ffc@group-62509A8A5C15-LeaderElection373] INFO  impl.LeaderElection (LeaderElection.java:logAndReturn(56)) - d2424f4d-20d2-4104-abcc-02e6288f3ffc@group-62509A8A5C15-LeaderElection373: Election REJECTED; received 2 response(s) [d2424f4d-20d2-4104-abcc-02e6288f3ffc<-3909bd6a-278d-4911-9d70-32680c972d02#0:FAIL-t414, d2424f4d-20d2-4104-abcc-02e6288f3ffc<-7c510082-4284-44ef-8cd9-bb38fb15579f#0:FAIL-t414] and 0 exception(s); d2424f4d-20d2-4104-abcc-02e6288f3ffc@group-62509A8A5C15:t414, leader=null, voted=d2424f4d-20d2-4104-abcc-02e6288f3ffc, raftlog=d2424f4d-20d2-4104-abcc-02e6288f3ffc@group-62509A8A5C15-SegmentedRaftLog:OPENED:c-1,f-1,i0, conf=-1: [3909bd6a-278d-4911-9d70-32680c972d02:192.168.157.223:33343, d2424f4d-20d2-4104-abcc-02e6288f3ffc:192.168.157.223:39352, 7c510082-4284-44ef-8cd9-bb38fb15579f:192.168.157.223:33098], old=null
2019-10-17 21:16:22,501 [d2424f4d-20d2-4104-abcc-02e6288f3ffc@group-62509A8A5C15-LeaderElection373] INFO  impl.RaftServerImpl (RaftServerImpl.java:setRole(184)) - d2424f4d-20d2-4104-abcc-02e6288f3ffc@group-62509A8A5C15: changes role from CANDIDATE to FOLLOWER at term 414 for DISCOVERED_A_NEW_TERM
2019-10-17 21:16:22,501 [d2424f4d-20d2-4104-abcc-02e6288f3ffc@group-62509A8A5C15-LeaderElection373] INFO  impl.RoleInfo (RoleInfo.java:shutdownLeaderElection(134)) - d2424f4d-20d2-4104-abcc-02e6288f3ffc: shutdown LeaderElection
2019-10-17 21:16:22,502 [d2424f4d-20d2-4104-abcc-02e6288f3ffc@group-62509A8A5C15-LeaderElection373] INFO  impl.RoleInfo (RoleInfo.java:updateAndGet(143)) - d2424f4d-20d2-4104-abcc-02e6288f3ffc: start FollowerState
2019-10-17 21:16:22,524 [Thread-2748] INFO  impl.FollowerState (FollowerState.java:run(108)) - d2424f4d-20d2-4104-abcc-02e6288f3ffc@group-62509A8A5C15-FollowerState: change to CANDIDATE, lastRpcTime:22ms, electionTimeout:22ms
2019-10-17 21:16:22,524 [Thread-2748] INFO  impl.RoleInfo (RoleInfo.java:shutdownFollowerState(121)) - d2424f4d-20d2-4104-abcc-02e6288f3ffc: shutdown FollowerState
2019-10-17 21:16:22,524 [Thread-2748] INFO  impl.RaftServerImpl (RaftServerImpl.java:setRole(184)) - d2424f4d-20d2-4104-abcc-02e6288f3ffc@group-62509A8A5C15: changes role from  FOLLOWER to CANDIDATE at term 414 for changeToCandidate
2019-10-17 21:16:22,524 [Thread-2748] INFO  impl.RoleInfo (RoleInfo.java:updateAndGet(143)) - d2424f4d-20d2-4104-abcc-02e6288f3ffc: start LeaderElection
2019-10-17 21:16:22,537 [d2424f4d-20d2-4104-abcc-02e6288f3ffc@group-62509A8A5C15-LeaderElection374] INFO  impl.LeaderElection (LeaderElection.java:askForVotes(178)) - d2424f4d-20d2-4104-abcc-02e6288f3ffc@group-62509A8A5C15-LeaderElection374: begin an election at term 415 for -1: [3909bd6a-278d-4911-9d70-32680c972d02:192.168.157.223:33343, d2424f4d-20d2-4104-abcc-02e6288f3ffc:192.168.157.223:39352, 7c510082-4284-44ef-8cd9-bb38fb15579f:192.168.157.223:33098], old=null
2019-10-17 21:16:22,539 [grpc-default-executor-4] INFO  impl.RaftServerImpl (RaftServerImpl.java:setRole(184)) - 3909bd6a-278d-4911-9d70-32680c972d02@group-62509A8A5C15: changes role from  FOLLOWER to FOLLOWER at term 415 for recognizeCandidate:d2424f4d-20d2-4104-abcc-02e6288f3ffc
2019-10-17 21:16:22,539 [grpc-default-executor-2] INFO  impl.RaftServerImpl (RaftServerImpl.java:setRole(184)) - 7c510082-4284-44ef-8cd9-bb38fb15579f@group-62509A8A5C15: changes role from  FOLLOWER to FOLLOWER at term 415 for recognizeCandidate:d2424f4d-20d2-4104-abcc-02e6288f3ffc
2019-10-17 21:16:22,539 [grpc-default-executor-2] INFO  impl.RoleInfo (RoleInfo.java:shutdownFollowerState(121)) - 7c510082-4284-44ef-8cd9-bb38fb15579f: shutdown FollowerState
2019-10-17 21:16:22,539 [grpc-default-executor-4] INFO  impl.RoleInfo (RoleInfo.java:shutdownFollowerState(121)) - 3909bd6a-278d-4911-9d70-32680c972d02: shutdown FollowerState
2019-10-17 21:16:22,539 [Thread-2747] INFO  impl.FollowerState (FollowerState.java:run(117)) - 7c510082-4284-44ef-8cd9-bb38fb15579f@group-62509A8A5C15-FollowerState was interrupted: java.lang.InterruptedException: sleep interrupted
2019-10-17 21:16:22,539 [grpc-default-executor-2] INFO  impl.RoleInfo (RoleInfo.java:updateAndGet(143)) - 7c510082-4284-44ef-8cd9-bb38fb15579f: start FollowerState
2019-10-17 21:16:22,539 [Thread-2746] INFO  impl.FollowerState (FollowerState.java:run(117)) - 3909bd6a-278d-4911-9d70-32680c972d02@group-62509A8A5C15-FollowerState was interrupted: java.lang.InterruptedException: sleep interrupted
2019-10-17 21:16:22,539 [grpc-default-executor-4] INFO  impl.RoleInfo (RoleInfo.java:updateAndGet(143)) - 3909bd6a-278d-4911-9d70-32680c972d02: start FollowerState
2019-10-17 21:16:22,547 [d2424f4d-20d2-4104-abcc-02e6288f3ffc@group-62509A8A5C15-LeaderElection374] INFO  impl.LeaderElection (LeaderElection.java:logAndReturn(56)) - d2424f4d-20d2-4104-abcc-02e6288f3ffc@group-62509A8A5C15-LeaderElection374: Election REJECTED; received 2 response(s) [d2424f4d-20d2-4104-abcc-02e6288f3ffc<-3909bd6a-278d-4911-9d70-32680c972d02#0:FAIL-t415, d2424f4d-20d2-4104-abcc-02e6288f3ffc<-7c510082-4284-44ef-8cd9-bb38fb15579f#0:FAIL-t415] and 0 exception(s); d2424f4d-20d2-4104-abcc-02e6288f3ffc@group-62509A8A5C15:t415, leader=null, voted=d2424f4d-20d2-4104-abcc-02e6288f3ffc, raftlog=d2424f4d-20d2-4104-abcc-02e6288f3ffc@group-62509A8A5C15-SegmentedRaftLog:OPENED:c-1,f-1,i0, conf=-1: [3909bd6a-278d-4911-9d70-32680c972d02:192.168.157.223:33343, d2424f4d-20d2-4104-abcc-02e6288f3ffc:192.168.157.223:39352, 7c510082-4284-44ef-8cd9-bb38fb15579f:192.168.157.223:33098], old=null
2019-10-17 21:16:22,547 [d2424f4d-20d2-4104-abcc-02e6288f3ffc@group-62509A8A5C15-LeaderElection374] INFO  impl.RaftServerImpl (RaftServerImpl.java:setRole(184)) - d2424f4d-20d2-4104-abcc-02e6288f3ffc@group-62509A8A5C15: changes role from CANDIDATE to FOLLOWER at term 415 for DISCOVERED_A_NEW_TERM
2019-10-17 21:16:22,547 [d2424f4d-20d2-4104-abcc-02e6288f3ffc@group-62509A8A5C15-LeaderElection374] INFO  impl.RoleInfo (RoleInfo.java:shutdownLeaderElection(134)) - d2424f4d-20d2-4104-abcc-02e6288f3ffc: shutdown LeaderElection
2019-10-17 21:16:22,547 [d2424f4d-20d2-4104-abcc-02e6288f3ffc@group-62509A8A5C15-LeaderElection374] INFO  impl.RoleInfo (RoleInfo.java:updateAndGet(143)) - d2424f4d-20d2-4104-abcc-02e6288f3ffc: start FollowerState
2019-10-17 21:16:22,648 [Thread-2754] INFO  impl.FollowerState (FollowerState.java:run(108)) - d2424f4d-20d2-4104-abcc-02e6288f3ffc@group-62509A8A5C15-FollowerState: change to CANDIDATE, lastRpcTime:101ms, electionTimeout:101ms
2019-10-17 21:16:22,649 [Thread-2754] INFO  impl.RoleInfo (RoleInfo.java:shutdownFollowerState(121)) - d2424f4d-20d2-4104-abcc-02e6288f3ffc: shutdown FollowerState
2019-10-17 21:16:22,649 [Thread-2754] INFO  impl.RaftServerImpl (RaftServerImpl.java:setRole(184)) - d2424f4d-20d2-4104-abcc-02e6288f3ffc@group-62509A8A5C15: changes role from  FOLLOWER to CANDIDATE at term 415 for changeToCandidate
2019-10-17 21:16:22,649 [Thread-2754] INFO  impl.RoleInfo (RoleInfo.java:updateAndGet(143)) - d2424f4d-20d2-4104-abcc-02e6288f3ffc: start LeaderElection
2019-10-17 21:16:22,675 [d2424f4d-20d2-4104-abcc-02e6288f3ffc@group-62509A8A5C15-LeaderElection375] INFO  impl.LeaderElection (LeaderElection.java:askForVotes(178)) - d2424f4d-20d2-4104-abcc-02e6288f3ffc@group-62509A8A5C15-LeaderElection375: begin an election at term 416 for -1: [3909bd6a-278d-4911-9d70-32680c972d02:192.168.157.223:33343, d2424f4d-20d2-4104-abcc-02e6288f3ffc:192.168.157.223:39352, 7c510082-4284-44ef-8cd9-bb38fb15579f:192.168.157.223:33098], old=null
2019-10-17 21:16:22,676 [grpc-default-executor-2] INFO  impl.RaftServerImpl (RaftServerImpl.java:setRole(184)) - 3909bd6a-278d-4911-9d70-32680c972d02@group-62509A8A5C15: changes role from  FOLLOWER to FOLLOWER at term 416 for recognizeCandidate:d2424f4d-20d2-4104-abcc-02e6288f3ffc
2019-10-17 21:16:22,676 [grpc-default-executor-2] INFO  impl.RoleInfo (RoleInfo.java:shutdownFollowerState(121)) - 3909bd6a-278d-4911-9d70-32680c972d02: shutdown FollowerState
2019-10-17 21:16:22,676 [grpc-default-executor-4] INFO  impl.RaftServerImpl (RaftServerImpl.java:setRole(184)) - 7c510082-4284-44ef-8cd9-bb38fb15579f@group-62509A8A5C15: changes role from  FOLLOWER to FOLLOWER at term 416 for recognizeCandidate:d2424f4d-20d2-4104-abcc-02e6288f3ffc
2019-10-17 21:16:22,677 [grpc-default-executor-4] INFO  impl.RoleInfo (RoleInfo.java:shutdownFollowerState(121)) - 7c510082-4284-44ef-8cd9-bb38fb15579f: shutdown FollowerState
2019-10-17 21:16:22,677 [Thread-2753] INFO  impl.FollowerState (FollowerState.java:run(117)) - 3909bd6a-278d-4911-9d70-32680c972d02@group-62509A8A5C15-FollowerState was interrupted: java.lang.InterruptedException: sleep interrupted
2019-10-17 21:16:22,676 [grpc-default-executor-2] INFO  impl.RoleInfo (RoleInfo.java:updateAndGet(143)) - 3909bd6a-278d-4911-9d70-32680c972d02: start FollowerState
2019-10-17 21:16:22,677 [Thread-2752] INFO  impl.FollowerState (FollowerState.java:run(117)) - 7c510082-4284-44ef-8cd9-bb38fb15579f@group-62509A8A5C15-FollowerState was interrupted: java.lang.InterruptedException: sleep interrupted
2019-10-17 21:16:22,677 [grpc-default-executor-4] INFO  impl.RoleInfo (RoleInfo.java:updateAndGet(143)) - 7c510082-4284-44ef-8cd9-bb38fb15579f: start FollowerState
2019-10-17 21:16:22,692 [d2424f4d-20d2-4104-abcc-02e6288f3ffc@group-62509A8A5C15-LeaderElection375] INFO  impl.LeaderElection (LeaderElection.java:logAndReturn(56)) - d2424f4d-20d2-4104-abcc-02e6288f3ffc@group-62509A8A5C15-LeaderElection375: Election REJECTED; received 2 response(s) [d2424f4d-20d2-4104-abcc-02e6288f3ffc<-3909bd6a-278d-4911-9d70-32680c972d02#0:FAIL-t416, d2424f4d-20d2-4104-abcc-02e6288f3ffc<-7c510082-4284-44ef-8cd9-bb38fb15579f#0:FAIL-t416] and 0 exception(s); d2424f4d-20d2-4104-abcc-02e6288f3ffc@group-62509A8A5C15:t416, leader=null, voted=d2424f4d-20d2-4104-abcc-02e6288f3ffc, raftlog=d2424f4d-20d2-4104-abcc-02e6288f3ffc@group-62509A8A5C15-SegmentedRaftLog:OPENED:c-1,f-1,i0, conf=-1: [3909bd6a-278d-4911-9d70-32680c972d02:192.168.157.223:33343, d2424f4d-20d2-4104-abcc-02e6288f3ffc:192.168.157.223:39352, 7c510082-4284-44ef-8cd9-bb38fb15579f:192.168.157.223:33098], old=null
2019-10-17 21:16:22,692 [d2424f4d-20d2-4104-abcc-02e6288f3ffc@group-62509A8A5C15-LeaderElection375] INFO  impl.RaftServerImpl (RaftServerImpl.java:setRole(184)) - d2424f4d-20d2-4104-abcc-02e6288f3ffc@group-62509A8A5C15: changes role from CANDIDATE to FOLLOWER at term 416 for DISCOVERED_A_NEW_TERM
2019-10-17 21:16:22,693 [d2424f4d-20d2-4104-abcc-02e6288f3ffc@group-62509A8A5C15-LeaderElection375] INFO  impl.RoleInfo (RoleInfo.java:shutdownLeaderElection(134)) - d2424f4d-20d2-4104-abcc-02e6288f3ffc: shutdown LeaderElection
2019-10-17 21:16:22,693 [d2424f4d-20d2-4104-abcc-02e6288f3ffc@group-62509A8A5C15-LeaderElection375] INFO  impl.RoleInfo (RoleInfo.java:updateAndGet(143)) - d2424f4d-20d2-4104-abcc-02e6288f3ffc: start FollowerState
2019-10-17 21:16:22,883 [Thread-2761] INFO  impl.FollowerState (FollowerState.java:run(108)) - d2424f4d-20d2-4104-abcc-02e6288f3ffc@group-62509A8A5C15-FollowerState: change to CANDIDATE, lastRpcTime:190ms, electionTimeout:190ms
2019-10-17 21:16:22,883 [Thread-2761] INFO  impl.RoleInfo (RoleInfo.java:shutdownFollowerState(121)) - d2424f4d-20d2-4104-abcc-02e6288f3ffc: shutdown FollowerState
2019-10-17 21:16:22,884 [Thread-2761] INFO  impl.RaftServerImpl (RaftServerImpl.java:setRole(184)) - d2424f4d-20d2-4104-abcc-02e6288f3ffc@group-62509A8A5C15: changes role from  FOLLOWER to CANDIDATE at term 416 for changeToCandidate
2019-10-17 21:16:22,884 [Thread-2761] INFO  impl.RoleInfo (RoleInfo.java:updateAndGet(143)) - d2424f4d-20d2-4104-abcc-02e6288f3ffc: start LeaderElection
2019-10-17 21:16:22,909 [d2424f4d-20d2-4104-abcc-02e6288f3ffc@group-62509A8A5C15-LeaderElection376] INFO  impl.LeaderElection (LeaderElection.java:askForVotes(178)) - d2424f4d-20d2-4104-abcc-02e6288f3ffc@group-62509A8A5C15-LeaderElection376: begin an election at term 417 for -1: [3909bd6a-278d-4911-9d70-32680c972d02:192.168.157.223:33343, d2424f4d-20d2-4104-abcc-02e6288f3ffc:192.168.157.223:39352, 7c510082-4284-44ef-8cd9-bb38fb15579f:192.168.157.223:33098], old=null
2019-10-17 21:16:22,911 [grpc-default-executor-4] INFO  impl.RaftServerImpl (RaftServerImpl.java:setRole(184)) - 7c510082-4284-44ef-8cd9-bb38fb15579f@group-62509A8A5C15: changes role from  FOLLOWER to FOLLOWER at term 417 for recognizeCandidate:d2424f4d-20d2-4104-abcc-02e6288f3ffc
2019-10-17 21:16:22,911 [grpc-default-executor-2] INFO  impl.RaftServerImpl (RaftServerImpl.java:setRole(184)) - 3909bd6a-278d-4911-9d70-32680c972d02@group-62509A8A5C15: changes role from  FOLLOWER to FOLLOWER at term 417 for recognizeCandidate:d2424f4d-20d2-4104-abcc-02e6288f3ffc
2019-10-17 21:16:22,912 [grpc-default-executor-2] INFO  impl.RoleInfo (RoleInfo.java:shutdownFollowerState(121)) - 3909bd6a-278d-4911-9d70-32680c972d02: shutdown FollowerState
2019-10-17 21:16:22,911 [grpc-default-executor-4] INFO  impl.RoleInfo (RoleInfo.java:shutdownFollowerState(121)) - 7c510082-4284-44ef-8cd9-bb38fb15579f: shutdown FollowerState
2019-10-17 21:16:22,912 [Thread-2759] INFO  impl.FollowerState (FollowerState.java:run(117)) - 3909bd6a-278d-4911-9d70-32680c972d02@group-62509A8A5C15-FollowerState was interrupted: java.lang.InterruptedException: sleep interrupted
2019-10-17 21:16:22,912 [grpc-default-executor-2] INFO  impl.RoleInfo (RoleInfo.java:updateAndGet(143)) - 3909bd6a-278d-4911-9d70-32680c972d02: start FollowerState
2019-10-17 21:16:22,912 [Thread-2760] INFO  impl.FollowerState (FollowerState.java:run(117)) - 7c510082-4284-44ef-8cd9-bb38fb15579f@group-62509A8A5C15-FollowerState was interrupted: java.lang.InterruptedException: sleep interrupted
2019-10-17 21:16:22,912 [grpc-default-executor-4] INFO  impl.RoleInfo (RoleInfo.java:updateAndGet(143)) - 7c510082-4284-44ef-8cd9-bb38fb15579f: start FollowerState
2019-10-17 21:16:22,939 [d2424f4d-20d2-4104-abcc-02e6288f3ffc@group-62509A8A5C15-LeaderElection376] INFO  impl.LeaderElection (LeaderElection.java:logAndReturn(56)) - d2424f4d-20d2-4104-abcc-02e6288f3ffc@group-62509A8A5C15-LeaderElection376: Election REJECTED; received 2 response(s) [d2424f4d-20d2-4104-abcc-02e6288f3ffc<-3909bd6a-278d-4911-9d70-32680c972d02#0:FAIL-t417, d2424f4d-20d2-4104-abcc-02e6288f3ffc<-7c510082-4284-44ef-8cd9-bb38fb15579f#0:FAIL-t417] and 0 exception(s); d2424f4d-20d2-4104-abcc-02e6288f3ffc@group-62509A8A5C15:t417, leader=null, voted=d2424f4d-20d2-4104-abcc-02e6288f3ffc, raftlog=d2424f4d-20d2-4104-abcc-02e6288f3ffc@group-62509A8A5C15-SegmentedRaftLog:OPENED:c-1,f-1,i0, conf=-1: [3909bd6a-278d-4911-9d70-32680c972d02:192.168.157.223:33343, d2424f4d-20d2-4104-abcc-02e6288f3ffc:192.168.157.223:39352, 7c510082-4284-44ef-8cd9-bb38fb15579f:192.168.157.223:33098], old=null
2019-10-17 21:16:22,939 [d2424f4d-20d2-4104-abcc-02e6288f3ffc@group-62509A8A5C15-LeaderElection376] INFO  impl.RaftServerImpl (RaftServerImpl.java:setRole(184)) - d2424f4d-20d2-4104-abcc-02e6288f3ffc@group-62509A8A5C15: changes role from CANDIDATE to FOLLOWER at term 417 for DISCOVERED_A_NEW_TERM
2019-10-17 21:16:22,940 [d2424f4d-20d2-4104-abcc-02e6288f3ffc@group-62509A8A5C15-LeaderElection376] INFO  impl.RoleInfo (RoleInfo.java:shutdownLeaderElection(134)) - d2424f4d-20d2-4104-abcc-02e6288f3ffc: shutdown LeaderElection
2019-10-17 21:16:22,940 [d2424f4d-20d2-4104-abcc-02e6288f3ffc@group-62509A8A5C15-LeaderElection376] INFO  impl.RoleInfo (RoleInfo.java:updateAndGet(143)) - d2424f4d-20d2-4104-abcc-02e6288f3ffc: start FollowerState
2019-10-17 21:16:23,022 [Thread-2768] INFO  impl.FollowerState (FollowerState.java:run(108)) - d2424f4d-20d2-4104-abcc-02e6288f3ffc@group-62509A8A5C15-FollowerState: change to CANDIDATE, lastRpcTime:82ms, electionTimeout:82ms
2019-10-17 21:16:23,023 [Thread-2768] INFO  impl.RoleInfo (RoleInfo.java:shutdownFollowerState(121)) - d2424f4d-20d2-4104-abcc-02e6288f3ffc: shutdown FollowerState
2019-10-17 21:16:23,023 [Thread-2768] INFO  impl.RaftServerImpl (RaftServerImpl.java:setRole(184)) - d2424f4d-20d2-4104-abcc-02e6288f3ffc@group-62509A8A5C15: changes role from  FOLLOWER to CANDIDATE at term 417 for changeToCandidate
2019-10-17 21:16:23,023 [Thread-2768] INFO  impl.RoleInfo (RoleInfo.java:updateAndGet(143)) - d2424f4d-20d2-4104-abcc-02e6288f3ffc: start LeaderElection
2019-10-17 21:16:23,036 [d2424f4d-20d2-4104-abcc-02e6288f3ffc@group-62509A8A5C15-LeaderElection377] INFO  impl.LeaderElection (LeaderElection.java:askForVotes(178)) - d2424f4d-20d2-4104-abcc-02e6288f3ffc@group-62509A8A5C15-LeaderElection377: begin an election at term 418 for -1: [3909bd6a-278d-4911-9d70-32680c972d02:192.168.157.223:33343, d2424f4d-20d2-4104-abcc-02e6288f3ffc:192.168.157.223:39352, 7c510082-4284-44ef-8cd9-bb38fb15579f:192.168.157.223:33098], old=null
2019-10-17 21:16:23,038 [grpc-default-executor-2] INFO  impl.RaftServerImpl (RaftServerImpl.java:setRole(184)) - 3909bd6a-278d-4911-9d70-32680c972d02@group-62509A8A5C15: changes role from  FOLLOWER to FOLLOWER at term 418 for recognizeCandidate:d2424f4d-20d2-4104-abcc-02e6288f3ffc
2019-10-17 21:16:23,038 [grpc-default-executor-4] INFO  impl.RaftServerImpl (RaftServerImpl.java:setRole(184)) - 7c510082-4284-44ef-8cd9-bb38fb15579f@group-62509A8A5C15: changes role from  FOLLOWER to FOLLOWER at term 418 for recognizeCandidate:d2424f4d-20d2-4104-abcc-02e6288f3ffc
2019-10-17 21:16:23,039 [grpc-default-executor-2] INFO  impl.RoleInfo (RoleInfo.java:shutdownFollowerState(121)) - 3909bd6a-278d-4911-9d70-32680c972d02: shutdown FollowerState
2019-10-17 21:16:23,039 [grpc-default-executor-4] INFO  impl.RoleInfo (RoleInfo.java:shutdownFollowerState(121)) - 7c510082-4284-44ef-8cd9-bb38fb15579f: shutdown FollowerState
2019-10-17 21:16:23,039 [Thread-2766] INFO  impl.FollowerState (FollowerState.java:run(117)) - 3909bd6a-278d-4911-9d70-32680c972d02@group-62509A8A5C15-FollowerState was interrupted: java.lang.InterruptedException: sleep interrupted
2019-10-17 21:16:23,039 [Thread-2767] INFO  impl.FollowerState (FollowerState.java:run(117)) - 7c510082-4284-44ef-8cd9-bb38fb15579f@group-62509A8A5C15-FollowerState was interrupted: java.lang.InterruptedException: sleep interrupted
2019-10-17 21:16:23,039 [grpc-default-executor-2] INFO  impl.RoleInfo (RoleInfo.java:updateAndGet(143)) - 3909bd6a-278d-4911-9d70-32680c972d02: start FollowerState
2019-10-17 21:16:23,039 [grpc-default-executor-4] INFO  impl.RoleInfo (RoleInfo.java:updateAndGet(143)) - 7c510082-4284-44ef-8cd9-bb38fb15579f: start FollowerState
2019-10-17 21:16:23,065 [d2424f4d-20d2-4104-abcc-02e6288f3ffc@group-62509A8A5C15-LeaderElection377] INFO  impl.LeaderElection (LeaderElection.java:logAndReturn(56)) - d2424f4d-20d2-4104-abcc-02e6288f3ffc@group-62509A8A5C15-LeaderElection377: Election REJECTED; received 2 response(s) [d2424f4d-20d2-4104-abcc-02e6288f3ffc<-3909bd6a-278d-4911-9d70-32680c972d02#0:FAIL-t418, d2424f4d-20d2-4104-abcc-02e6288f3ffc<-7c510082-4284-44ef-8cd9-bb38fb15579f#0:FAIL-t418] and 0 exception(s); d2424f4d-20d2-4104-abcc-02e6288f3ffc@group-62509A8A5C15:t418, leader=null, voted=d2424f4d-20d2-4104-abcc-02e6288f3ffc, raftlog=d2424f4d-20d2-4104-abcc-02e6288f3ffc@group-62509A8A5C15-SegmentedRaftLog:OPENED:c-1,f-1,i0, conf=-1: [3909bd6a-278d-4911-9d70-32680c972d02:192.168.157.223:33343, d2424f4d-20d2-4104-abcc-02e6288f3ffc:192.168.157.223:39352, 7c510082-4284-44ef-8cd9-bb38fb15579f:192.168.157.223:33098], old=null
2019-10-17 21:16:23,065 [d2424f4d-20d2-4104-abcc-02e6288f3ffc@group-62509A8A5C15-LeaderElection377] INFO  impl.RaftServerImpl (RaftServerImpl.java:setRole(184)) - d2424f4d-20d2-4104-abcc-02e6288f3ffc@group-62509A8A5C15: changes role from CANDIDATE to FOLLOWER at term 418 for DISCOVERED_A_NEW_TERM
2019-10-17 21:16:23,066 [d2424f4d-20d2-4104-abcc-02e6288f3ffc@group-62509A8A5C15-LeaderElection377] INFO  impl.RoleInfo (RoleInfo.java:shutdownLeaderElection(134)) - d2424f4d-20d2-4104-abcc-02e6288f3ffc: shutdown LeaderElection
2019-10-17 21:16:23,066 [d2424f4d-20d2-4104-abcc-02e6288f3ffc@group-62509A8A5C15-LeaderElection377] INFO  impl.RoleInfo (RoleInfo.java:updateAndGet(143)) - d2424f4d-20d2-4104-abcc-02e6288f3ffc: start FollowerState
2019-10-17 21:16:23,205 [Thread-2774] INFO  impl.FollowerState (FollowerState.java:run(108)) - d2424f4d-20d2-4104-abcc-02e6288f3ffc@group-62509A8A5C15-FollowerState: change to CANDIDATE, lastRpcTime:139ms, electionTimeout:139ms
2019-10-17 21:16:23,205 [Thread-2774] INFO  impl.RoleInfo (RoleInfo.java:shutdownFollowerState(121)) - d2424f4d-20d2-4104-abcc-02e6288f3ffc: shutdown FollowerState
2019-10-17 21:16:23,205 [Thread-2774] INFO  impl.RaftServerImpl (RaftServerImpl.java:setRole(184)) - d2424f4d-20d2-4104-abcc-02e6288f3ffc@group-62509A8A5C15: changes role from  FOLLOWER to CANDIDATE at term 418 for changeToCandidate
2019-10-17 21:16:23,206 [Thread-2774] INFO  impl.RoleInfo (RoleInfo.java:updateAndGet(143)) - d2424f4d-20d2-4104-abcc-02e6288f3ffc: start LeaderElection
2019-10-17 21:16:23,219 [d2424f4d-20d2-4104-abcc-02e6288f3ffc@group-62509A8A5C15-LeaderElection378] INFO  impl.LeaderElection (LeaderElection.java:askForVotes(178)) - d2424f4d-20d2-4104-abcc-02e6288f3ffc@group-62509A8A5C15-LeaderElection378: begin an election at term 419 for -1: [3909bd6a-278d-4911-9d70-32680c972d02:192.168.157.223:33343, d2424f4d-20d2-4104-abcc-02e6288f3ffc:192.168.157.223:39352, 7c510082-4284-44ef-8cd9-bb38fb15579f:192.168.157.223:33098], old=null
2019-10-17 21:16:23,221 [grpc-default-executor-2] INFO  impl.RaftServerImpl (RaftServerImpl.java:setRole(184)) - 3909bd6a-278d-4911-9d70-32680c972d02@group-62509A8A5C15: changes role from  FOLLOWER to FOLLOWER at term 419 for recognizeCandidate:d2424f4d-20d2-4104-abcc-02e6288f3ffc
2019-10-17 21:16:23,222 [grpc-default-executor-2] INFO  impl.RoleInfo (RoleInfo.java:shutdownFollowerState(121)) - 3909bd6a-278d-4911-9d70-32680c972d02: shutdown FollowerState
2019-10-17 21:16:23,222 [grpc-default-executor-4] INFO  impl.RaftServerImpl (RaftServerImpl.java:setRole(184)) - 7c510082-4284-44ef-8cd9-bb38fb15579f@group-62509A8A5C15: changes role from  FOLLOWER to FOLLOWER at term 419 for recognizeCandidate:d2424f4d-20d2-4104-abcc-02e6288f3ffc
2019-10-17 21:16:23,222 [grpc-default-executor-4] INFO  impl.RoleInfo (RoleInfo.java:shutdownFollowerState(121)) - 7c510082-4284-44ef-8cd9-bb38fb15579f: shutdown FollowerState
2019-10-17 21:16:23,222 [Thread-2772] INFO  impl.FollowerState (FollowerState.java:run(117)) - 3909bd6a-278d-4911-9d70-32680c972d02@group-62509A8A5C15-FollowerState was interrupted: java.lang.InterruptedException: sleep interrupted
2019-10-17 21:16:23,222 [grpc-default-executor-2] INFO  impl.RoleInfo (RoleInfo.java:updateAndGet(143)) - 3909bd6a-278d-4911-9d70-32680c972d02: start FollowerState
2019-10-17 21:16:23,222 [Thread-2773] INFO  impl.FollowerState (FollowerState.java:run(117)) - 7c510082-4284-44ef-8cd9-bb38fb15579f@group-62509A8A5C15-FollowerState was interrupted: java.lang.InterruptedException: sleep interrupted
2019-10-17 21:16:23,222 [grpc-default-executor-4] INFO  impl.RoleInfo (RoleInfo.java:updateAndGet(143)) - 7c510082-4284-44ef-8cd9-bb38fb15579f: start FollowerState
2019-10-17 21:16:23,248 [d2424f4d-20d2-4104-abcc-02e6288f3ffc@group-62509A8A5C15-LeaderElection378] INFO  impl.LeaderElection (LeaderElection.java:logAndReturn(56)) - d2424f4d-20d2-4104-abcc-02e6288f3ffc@group-62509A8A5C15-LeaderElection378: Election REJECTED; received 2 response(s) [d2424f4d-20d2-4104-abcc-02e6288f3ffc<-3909bd6a-278d-4911-9d70-32680c972d02#0:FAIL-t419, d2424f4d-20d2-4104-abcc-02e6288f3ffc<-7c510082-4284-44ef-8cd9-bb38fb15579f#0:FAIL-t419] and 0 exception(s); d2424f4d-20d2-4104-abcc-02e6288f3ffc@group-62509A8A5C15:t419, leader=null, voted=d2424f4d-20d2-4104-abcc-02e6288f3ffc, raftlog=d2424f4d-20d2-4104-abcc-02e6288f3ffc@group-62509A8A5C15-SegmentedRaftLog:OPENED:c-1,f-1,i0, conf=-1: [3909bd6a-278d-4911-9d70-32680c972d02:192.168.157.223:33343, d2424f4d-20d2-4104-abcc-02e6288f3ffc:192.168.157.223:39352, 7c510082-4284-44ef-8cd9-bb38fb15579f:192.168.157.223:33098], old=null
2019-10-17 21:16:23,249 [d2424f4d-20d2-4104-abcc-02e6288f3ffc@group-62509A8A5C15-LeaderElection378] INFO  impl.RaftServerImpl (RaftServerImpl.java:setRole(184)) - d2424f4d-20d2-4104-abcc-02e6288f3ffc@group-62509A8A5C15: changes role from CANDIDATE to FOLLOWER at term 419 for DISCOVERED_A_NEW_TERM
2019-10-17 21:16:23,249 [d2424f4d-20d2-4104-abcc-02e6288f3ffc@group-62509A8A5C15-LeaderElection378] INFO  impl.RoleInfo (RoleInfo.java:shutdownLeaderElection(134)) - d2424f4d-20d2-4104-abcc-02e6288f3ffc: shutdown LeaderElection
2019-10-17 21:16:23,249 [d2424f4d-20d2-4104-abcc-02e6288f3ffc@group-62509A8A5C15-LeaderElection378] INFO  impl.RoleInfo (RoleInfo.java:updateAndGet(143)) - d2424f4d-20d2-4104-abcc-02e6288f3ffc: start FollowerState
2019-10-17 21:16:23,372 [Thread-2780] INFO  impl.FollowerState (FollowerState.java:run(108)) - d2424f4d-20d2-4104-abcc-02e6288f3ffc@group-62509A8A5C15-FollowerState: change to CANDIDATE, lastRpcTime:123ms, electionTimeout:123ms
2019-10-17 21:16:23,372 [Thread-2780] INFO  impl.RoleInfo (RoleInfo.java:shutdownFollowerState(121)) - d2424f4d-20d2-4104-abcc-02e6288f3ffc: shutdown FollowerState
2019-10-17 21:16:23,373 [Thread-2780] INFO  impl.RaftServerImpl (RaftServerImpl.java:setRole(184)) - d2424f4d-20d2-4104-abcc-02e6288f3ffc@group-62509A8A5C15: changes role from  FOLLOWER to CANDIDATE at term 419 for changeToCandidate
2019-10-17 21:16:23,373 [Thread-2780] INFO  impl.RoleInfo (RoleInfo.java:updateAndGet(143)) - d2424f4d-20d2-4104-abcc-02e6288f3ffc: start LeaderElection
2019-10-17 21:16:23,399 [d2424f4d-20d2-4104-abcc-02e6288f3ffc@group-62509A8A5C15-LeaderElection379] INFO  impl.LeaderElection (LeaderElection.java:askForVotes(178)) - d2424f4d-20d2-4104-abcc-02e6288f3ffc@group-62509A8A5C15-LeaderElection379: begin an election at term 420 for -1: [3909bd6a-278d-4911-9d70-32680c972d02:192.168.157.223:33343, d2424f4d-20d2-4104-abcc-02e6288f3ffc:192.168.157.223:39352, 7c510082-4284-44ef-8cd9-bb38fb15579f:192.168.157.223:33098], old=null
2019-10-17 21:16:23,400 [grpc-default-executor-4] INFO  impl.RaftServerImpl (RaftServerImpl.java:setRole(184)) - 3909bd6a-278d-4911-9d70-32680c972d02@group-62509A8A5C15: changes role from  FOLLOWER to FOLLOWER at term 420 for recognizeCandidate:d2424f4d-20d2-4104-abcc-02e6288f3ffc
2019-10-17 21:16:23,401 [grpc-default-executor-4] INFO  impl.RoleInfo (RoleInfo.java:shutdownFollowerState(121)) - 3909bd6a-278d-4911-9d70-32680c972d02: shutdown FollowerState
2019-10-17 21:16:23,401 [grpc-default-executor-2] INFO  impl.RaftServerImpl (RaftServerImpl.java:setRole(184)) - 7c510082-4284-44ef-8cd9-bb38fb15579f@group-62509A8A5C15: changes role from  FOLLOWER to FOLLOWER at term 420 for recognizeCandidate:d2424f4d-20d2-4104-abcc-02e6288f3ffc
2019-10-17 21:16:23,401 [grpc-default-executor-2] INFO  impl.RoleInfo (RoleInfo.java:shutdownFollowerState(121)) - 7c510082-4284-44ef-8cd9-bb38fb15579f: shutdown FollowerState
2019-10-17 21:16:23,401 [Thread-2778] INFO  impl.FollowerState (FollowerState.java:run(117)) - 3909bd6a-278d-4911-9d70-32680c972d02@group-62509A8A5C15-FollowerState was interrupted: java.lang.InterruptedException: sleep interrupted
2019-10-17 21:16:23,401 [Thread-2779] INFO  impl.FollowerState (FollowerState.java:run(117)) - 7c510082-4284-44ef-8cd9-bb38fb15579f@group-62509A8A5C15-FollowerState was interrupted: java.lang.InterruptedException: sleep interrupted
2019-10-17 21:16:23,401 [grpc-default-executor-4] INFO  impl.RoleInfo (RoleInfo.java:updateAndGet(143)) - 3909bd6a-278d-4911-9d70-32680c972d02: start FollowerState
2019-10-17 21:16:23,401 [grpc-default-executor-2] INFO  impl.RoleInfo (RoleInfo.java:updateAndGet(143)) - 7c510082-4284-44ef-8cd9-bb38fb15579f: start FollowerState
2019-10-17 21:16:23,427 [d2424f4d-20d2-4104-abcc-02e6288f3ffc@group-62509A8A5C15-LeaderElection379] INFO  impl.LeaderElection (LeaderElection.java:logAndReturn(56)) - d2424f4d-20d2-4104-abcc-02e6288f3ffc@group-62509A8A5C15-LeaderElection379: Election REJECTED; received 2 response(s) [d2424f4d-20d2-4104-abcc-02e6288f3ffc<-3909bd6a-278d-4911-9d70-32680c972d02#0:FAIL-t420, d2424f4d-20d2-4104-abcc-02e6288f3ffc<-7c510082-4284-44ef-8cd9-bb38fb15579f#0:FAIL-t420] and 0 exception(s); d2424f4d-20d2-4104-abcc-02e6288f3ffc@group-62509A8A5C15:t420, leader=null, voted=d2424f4d-20d2-4104-abcc-02e6288f3ffc, raftlog=d2424f4d-20d2-4104-abcc-02e6288f3ffc@group-62509A8A5C15-SegmentedRaftLog:OPENED:c-1,f-1,i0, conf=-1: [3909bd6a-278d-4911-9d70-32680c972d02:192.168.157.223:33343, d2424f4d-20d2-4104-abcc-02e6288f3ffc:192.168.157.223:39352, 7c510082-4284-44ef-8cd9-bb38fb15579f:192.168.157.223:33098], old=null
2019-10-17 21:16:23,427 [d2424f4d-20d2-4104-abcc-02e6288f3ffc@group-62509A8A5C15-LeaderElection379] INFO  impl.RaftServerImpl (RaftServerImpl.java:setRole(184)) - d2424f4d-20d2-4104-abcc-02e6288f3ffc@group-62509A8A5C15: changes role from CANDIDATE to FOLLOWER at term 420 for DISCOVERED_A_NEW_TERM
2019-10-17 21:16:23,427 [d2424f4d-20d2-4104-abcc-02e6288f3ffc@group-62509A8A5C15-LeaderElection379] INFO  impl.RoleInfo (RoleInfo.java:shutdownLeaderElection(134)) - d2424f4d-20d2-4104-abcc-02e6288f3ffc: shutdown LeaderElection
2019-10-17 21:16:23,427 [d2424f4d-20d2-4104-abcc-02e6288f3ffc@group-62509A8A5C15-LeaderElection379] INFO  impl.RoleInfo (RoleInfo.java:updateAndGet(143)) - d2424f4d-20d2-4104-abcc-02e6288f3ffc: start FollowerState
2019-10-17 21:16:23,492 [Thread-2788] INFO  impl.FollowerState (FollowerState.java:run(108)) - d2424f4d-20d2-4104-abcc-02e6288f3ffc@group-62509A8A5C15-FollowerState: change to CANDIDATE, lastRpcTime:64ms, electionTimeout:64ms
2019-10-17 21:16:23,492 [Thread-2788] INFO  impl.RoleInfo (RoleInfo.java:shutdownFollowerState(121)) - d2424f4d-20d2-4104-abcc-02e6288f3ffc: shutdown FollowerState
2019-10-17 21:16:23,492 [Thread-2788] INFO  impl.RaftServerImpl (RaftServerImpl.java:setRole(184)) - d2424f4d-20d2-4104-abcc-02e6288f3ffc@group-62509A8A5C15: changes role from  FOLLOWER to CANDIDATE at term 420 for changeToCandidate
2019-10-17 21:16:23,492 [Thread-2788] INFO  impl.RoleInfo (RoleInfo.java:updateAndGet(143)) - d2424f4d-20d2-4104-abcc-02e6288f3ffc: start LeaderElection
2019-10-17 21:16:23,505 [d2424f4d-20d2-4104-abcc-02e6288f3ffc@group-62509A8A5C15-LeaderElection380] INFO  impl.LeaderElection (LeaderElection.java:askForVotes(178)) - d2424f4d-20d2-4104-abcc-02e6288f3ffc@group-62509A8A5C15-LeaderElection380: begin an election at term 421 for -1: [3909bd6a-278d-4911-9d70-32680c972d02:192.168.157.223:33343, d2424f4d-20d2-4104-abcc-02e6288f3ffc:192.168.157.223:39352, 7c510082-4284-44ef-8cd9-bb38fb15579f:192.168.157.223:33098], old=null
2019-10-17 21:16:23,507 [grpc-default-executor-2] INFO  impl.RaftServerImpl (RaftServerImpl.java:setRole(184)) - 3909bd6a-278d-4911-9d70-32680c972d02@group-62509A8A5C15: changes role from  FOLLOWER to FOLLOWER at term 421 for recognizeCandidate:d2424f4d-20d2-4104-abcc-02e6288f3ffc
2019-10-17 21:16:23,507 [grpc-default-executor-2] INFO  impl.RoleInfo (RoleInfo.java:shutdownFollowerState(121)) - 3909bd6a-278d-4911-9d70-32680c972d02: shutdown FollowerState
2019-10-17 21:16:23,507 [grpc-default-executor-2] INFO  impl.RoleInfo (RoleInfo.java:updateAndGet(143)) - 3909bd6a-278d-4911-9d70-32680c972d02: start FollowerState
2019-10-17 21:16:23,507 [grpc-default-executor-4] INFO  impl.RaftServerImpl (RaftServerImpl.java:setRole(184)) - 7c510082-4284-44ef-8cd9-bb38fb15579f@group-62509A8A5C15: changes role from  FOLLOWER to FOLLOWER at term 421 for recognizeCandidate:d2424f4d-20d2-4104-abcc-02e6288f3ffc
2019-10-17 21:16:23,507 [grpc-default-executor-4] INFO  impl.RoleInfo (RoleInfo.java:shutdownFollowerState(121)) - 7c510082-4284-44ef-8cd9-bb38fb15579f: shutdown FollowerState
2019-10-17 21:16:23,507 [Thread-2786] INFO  impl.FollowerState (FollowerState.java:run(117)) - 3909bd6a-278d-4911-9d70-32680c972d02@group-62509A8A5C15-FollowerState was interrupted: java.lang.InterruptedException: sleep interrupted
2019-10-17 21:16:23,508 [Thread-2787] INFO  impl.FollowerState (FollowerState.java:run(117)) - 7c510082-4284-44ef-8cd9-bb38fb15579f@group-62509A8A5C15-FollowerState was interrupted: java.lang.InterruptedException: sleep interrupted
2019-10-17 21:16:23,507 [grpc-default-executor-4] INFO  impl.RoleInfo (RoleInfo.java:updateAndGet(143)) - 7c510082-4284-44ef-8cd9-bb38fb15579f: start FollowerState
2019-10-17 21:16:23,533 [d2424f4d-20d2-4104-abcc-02e6288f3ffc@group-62509A8A5C15-LeaderElection380] INFO  impl.LeaderElection (LeaderElection.java:logAndReturn(56)) - d2424f4d-20d2-4104-abcc-02e6288f3ffc@group-62509A8A5C15-LeaderElection380: Election REJECTED; received 2 response(s) [d2424f4d-20d2-4104-abcc-02e6288f3ffc<-3909bd6a-278d-4911-9d70-32680c972d02#0:FAIL-t421, d2424f4d-20d2-4104-abcc-02e6288f3ffc<-7c510082-4284-44ef-8cd9-bb38fb15579f#0:FAIL-t421] and 0 exception(s); d2424f4d-20d2-4104-abcc-02e6288f3ffc@group-62509A8A5C15:t421, leader=null, voted=d2424f4d-20d2-4104-abcc-02e6288f3ffc, raftlog=d2424f4d-20d2-4104-abcc-02e6288f3ffc@group-62509A8A5C15-SegmentedRaftLog:OPENED:c-1,f-1,i0, conf=-1: [3909bd6a-278d-4911-9d70-32680c972d02:192.168.157.223:33343, d2424f4d-20d2-4104-abcc-02e6288f3ffc:192.168.157.223:39352, 7c510082-4284-44ef-8cd9-bb38fb15579f:192.168.157.223:33098], old=null
2019-10-17 21:16:23,533 [d2424f4d-20d2-4104-abcc-02e6288f3ffc@group-62509A8A5C15-LeaderElection380] INFO  impl.RaftServerImpl (RaftServerImpl.java:setRole(184)) - d2424f4d-20d2-4104-abcc-02e6288f3ffc@group-62509A8A5C15: changes role from CANDIDATE to FOLLOWER at term 421 for DISCOVERED_A_NEW_TERM
2019-10-17 21:16:23,533 [d2424f4d-20d2-4104-abcc-02e6288f3ffc@group-62509A8A5C15-LeaderElection380] INFO  impl.RoleInfo (RoleInfo.java:shutdownLeaderElection(134)) - d2424f4d-20d2-4104-abcc-02e6288f3ffc: shutdown LeaderElection
2019-10-17 21:16:23,533 [d2424f4d-20d2-4104-abcc-02e6288f3ffc@group-62509A8A5C15-LeaderElection380] INFO  impl.RoleInfo (RoleInfo.java:updateAndGet(143)) - d2424f4d-20d2-4104-abcc-02e6288f3ffc: start FollowerState
2019-10-17 21:16:23,585 [Thread-2794] INFO  impl.FollowerState (FollowerState.java:run(108)) - d2424f4d-20d2-4104-abcc-02e6288f3ffc@group-62509A8A5C15-FollowerState: change to CANDIDATE, lastRpcTime:51ms, electionTimeout:51ms
2019-10-17 21:16:23,585 [Thread-2794] INFO  impl.RoleInfo (RoleInfo.java:shutdownFollowerState(121)) - d2424f4d-20d2-4104-abcc-02e6288f3ffc: shutdown FollowerState
2019-10-17 21:16:23,585 [Thread-2794] INFO  impl.RaftServerImpl (RaftServerImpl.java:setRole(184)) - d2424f4d-20d2-4104-abcc-02e6288f3ffc@group-62509A8A5C15: changes role from  FOLLOWER to CANDIDATE at term 421 for changeToCandidate
2019-10-17 21:16:23,585 [Thread-2794] INFO  impl.RoleInfo (RoleInfo.java:updateAndGet(143)) - d2424f4d-20d2-4104-abcc-02e6288f3ffc: start LeaderElection
2019-10-17 21:16:23,597 [d2424f4d-20d2-4104-abcc-02e6288f3ffc@group-62509A8A5C15-LeaderElection381] INFO  impl.LeaderElection (LeaderElection.java:askForVotes(178)) - d2424f4d-20d2-4104-abcc-02e6288f3ffc@group-62509A8A5C15-LeaderElection381: begin an election at term 422 for -1: [3909bd6a-278d-4911-9d70-32680c972d02:192.168.157.223:33343, d2424f4d-20d2-4104-abcc-02e6288f3ffc:192.168.157.223:39352, 7c510082-4284-44ef-8cd9-bb38fb15579f:192.168.157.223:33098], old=null
2019-10-17 21:16:23,599 [grpc-default-executor-2] INFO  impl.RaftServerImpl (RaftServerImpl.java:setRole(184)) - 3909bd6a-278d-4911-9d70-32680c972d02@group-62509A8A5C15: changes role from  FOLLOWER to FOLLOWER at term 422 for recognizeCandidate:d2424f4d-20d2-4104-abcc-02e6288f3ffc
2019-10-17 21:16:23,599 [grpc-default-executor-2] INFO  impl.RoleInfo (RoleInfo.java:shutdownFollowerState(121)) - 3909bd6a-278d-4911-9d70-32680c972d02: shutdown FollowerState
2019-10-17 21:16:23,599 [grpc-default-executor-2] INFO  impl.RoleInfo (RoleInfo.java:updateAndGet(143)) - 3909bd6a-278d-4911-9d70-32680c972d02: start FollowerState
2019-10-17 21:16:23,599 [Thread-2792] INFO  impl.FollowerState (FollowerState.java:run(117)) - 3909bd6a-278d-4911-9d70-32680c972d02@group-62509A8A5C15-FollowerState was interrupted: java.lang.InterruptedException: sleep interrupted
2019-10-17 21:16:23,599 [grpc-default-executor-4] INFO  impl.RaftServerImpl (RaftServerImpl.java:setRole(184)) - 7c510082-4284-44ef-8cd9-bb38fb15579f@group-62509A8A5C15: changes role from  FOLLOWER to FOLLOWER at term 422 for recognizeCandidate:d2424f4d-20d2-4104-abcc-02e6288f3ffc
2019-10-17 21:16:23,600 [grpc-default-executor-4] INFO  impl.RoleInfo (RoleInfo.java:shutdownFollowerState(121)) - 7c510082-4284-44ef-8cd9-bb38fb15579f: shutdown FollowerState
2019-10-17 21:16:23,600 [grpc-default-executor-4] INFO  impl.RoleInfo (RoleInfo.java:updateAndGet(143)) - 7c510082-4284-44ef-8cd9-bb38fb15579f: start FollowerState
2019-10-17 21:16:23,600 [Thread-2793] INFO  impl.FollowerState (FollowerState.java:run(117)) - 7c510082-4284-44ef-8cd9-bb38fb15579f@group-62509A8A5C15-FollowerState was interrupted: java.lang.InterruptedException: sleep interrupted
2019-10-17 21:16:23,607 [d2424f4d-20d2-4104-abcc-02e6288f3ffc@group-62509A8A5C15-LeaderElection381] INFO  impl.LeaderElection (LeaderElection.java:logAndReturn(56)) - d2424f4d-20d2-4104-abcc-02e6288f3ffc@group-62509A8A5C15-LeaderElection381: Election REJECTED; received 2 response(s) [d2424f4d-20d2-4104-abcc-02e6288f3ffc<-3909bd6a-278d-4911-9d70-32680c972d02#0:FAIL-t422, d2424f4d-20d2-4104-abcc-02e6288f3ffc<-7c510082-4284-44ef-8cd9-bb38fb15579f#0:FAIL-t422] and 0 exception(s); d2424f4d-20d2-4104-abcc-02e6288f3ffc@group-62509A8A5C15:t422, leader=null, voted=d2424f4d-20d2-4104-abcc-02e6288f3ffc, raftlog=d2424f4d-20d2-4104-abcc-02e6288f3ffc@group-62509A8A5C15-SegmentedRaftLog:OPENED:c-1,f-1,i0, conf=-1: [3909bd6a-278d-4911-9d70-32680c972d02:192.168.157.223:33343, d2424f4d-20d2-4104-abcc-02e6288f3ffc:192.168.157.223:39352, 7c510082-4284-44ef-8cd9-bb38fb15579f:192.168.157.223:33098], old=null
2019-10-17 21:16:23,607 [d2424f4d-20d2-4104-abcc-02e6288f3ffc@group-62509A8A5C15-LeaderElection381] INFO  impl.RaftServerImpl (RaftServerImpl.java:setRole(184)) - d2424f4d-20d2-4104-abcc-02e6288f3ffc@group-62509A8A5C15: changes role from CANDIDATE to FOLLOWER at term 422 for DISCOVERED_A_NEW_TERM
2019-10-17 21:16:23,607 [d2424f4d-20d2-4104-abcc-02e6288f3ffc@group-62509A8A5C15-LeaderElection381] INFO  impl.RoleInfo (RoleInfo.java:shutdownLeaderElection(134)) - d2424f4d-20d2-4104-abcc-02e6288f3ffc: shutdown LeaderElection
2019-10-17 21:16:23,607 [d2424f4d-20d2-4104-abcc-02e6288f3ffc@group-62509A8A5C15-LeaderElection381] INFO  impl.RoleInfo (RoleInfo.java:updateAndGet(143)) - d2424f4d-20d2-4104-abcc-02e6288f3ffc: start FollowerState
2019-10-17 21:16:23,620 [Thread-2800] INFO  impl.FollowerState (FollowerState.java:run(108)) - d2424f4d-20d2-4104-abcc-02e6288f3ffc@group-62509A8A5C15-FollowerState: change to CANDIDATE, lastRpcTime:12ms, electionTimeout:12ms
2019-10-17 21:16:23,620 [Thread-2800] INFO  impl.RoleInfo (RoleInfo.java:shutdownFollowerState(121)) - d2424f4d-20d2-4104-abcc-02e6288f3ffc: shutdown FollowerState
2019-10-17 21:16:23,620 [Thread-2800] INFO  impl.RaftServerImpl (RaftServerImpl.java:setRole(184)) - d2424f4d-20d2-4104-abcc-02e6288f3ffc@group-62509A8A5C15: changes role from  FOLLOWER to CANDIDATE at term 422 for changeToCandidate
2019-10-17 21:16:23,620 [Thread-2800] INFO  impl.RoleInfo (RoleInfo.java:updateAndGet(143)) - d2424f4d-20d2-4104-abcc-02e6288f3ffc: start LeaderElection
2019-10-17 21:16:23,625 [d2424f4d-20d2-4104-abcc-02e6288f3ffc@group-62509A8A5C15-LeaderElection382] INFO  impl.LeaderElection (LeaderElection.java:askForVotes(178)) - d2424f4d-20d2-4104-abcc-02e6288f3ffc@group-62509A8A5C15-LeaderElection382: begin an election at term 423 for -1: [3909bd6a-278d-4911-9d70-32680c972d02:192.168.157.223:33343, d2424f4d-20d2-4104-abcc-02e6288f3ffc:192.168.157.223:39352, 7c510082-4284-44ef-8cd9-bb38fb15579f:192.168.157.223:33098], old=null
2019-10-17 21:16:23,626 [grpc-default-executor-2] INFO  impl.RaftServerImpl (RaftServerImpl.java:setRole(184)) - 3909bd6a-278d-4911-9d70-32680c972d02@group-62509A8A5C15: changes role from  FOLLOWER to FOLLOWER at term 423 for recognizeCandidate:d2424f4d-20d2-4104-abcc-02e6288f3ffc
2019-10-17 21:16:23,626 [grpc-default-executor-2] INFO  impl.RoleInfo (RoleInfo.java:shutdownFollowerState(121)) - 3909bd6a-278d-4911-9d70-32680c972d02: shutdown FollowerState
2019-10-17 21:16:23,627 [grpc-default-executor-4] INFO  impl.RaftServerImpl (RaftServerImpl.java:setRole(184)) - 7c510082-4284-44ef-8cd9-bb38fb15579f@group-62509A8A5C15: changes role from  FOLLOWER to FOLLOWER at term 423 for recognizeCandidate:d2424f4d-20d2-4104-abcc-02e6288f3ffc
2019-10-17 21:16:23,627 [grpc-default-executor-4] INFO  impl.RoleInfo (RoleInfo.java:shutdownFollowerState(121)) - 7c510082-4284-44ef-8cd9-bb38fb15579f: shutdown FollowerState
2019-10-17 21:16:23,627 [Thread-2798] INFO  impl.FollowerState (FollowerState.java:run(117)) - 3909bd6a-278d-4911-9d70-32680c972d02@group-62509A8A5C15-FollowerState was interrupted: java.lang.InterruptedException: sleep interrupted
2019-10-17 21:16:23,627 [grpc-default-executor-2] INFO  impl.RoleInfo (RoleInfo.java:updateAndGet(143)) - 3909bd6a-278d-4911-9d70-32680c972d02: start FollowerState
2019-10-17 21:16:23,627 [Thread-2799] INFO  impl.FollowerState (FollowerState.java:run(117)) - 7c510082-4284-44ef-8cd9-bb38fb15579f@group-62509A8A5C15-FollowerState was interrupted: java.lang.InterruptedException: sleep interrupted
2019-10-17 21:16:23,627 [grpc-default-executor-4] INFO  impl.RoleInfo (RoleInfo.java:updateAndGet(143)) - 7c510082-4284-44ef-8cd9-bb38fb15579f: start FollowerState
2019-10-17 21:16:23,647 [d2424f4d-20d2-4104-abcc-02e6288f3ffc@group-62509A8A5C15-LeaderElection382] INFO  impl.LeaderElection (LeaderElection.java:logAndReturn(56)) - d2424f4d-20d2-4104-abcc-02e6288f3ffc@group-62509A8A5C15-LeaderElection382: Election REJECTED; received 2 response(s) [d2424f4d-20d2-4104-abcc-02e6288f3ffc<-3909bd6a-278d-4911-9d70-32680c972d02#0:FAIL-t423, d2424f4d-20d2-4104-abcc-02e6288f3ffc<-7c510082-4284-44ef-8cd9-bb38fb15579f#0:FAIL-t423] and 0 exception(s); d2424f4d-20d2-4104-abcc-02e6288f3ffc@group-62509A8A5C15:t423, leader=null, voted=d2424f4d-20d2-4104-abcc-02e6288f3ffc, raftlog=d2424f4d-20d2-4104-abcc-02e6288f3ffc@group-62509A8A5C15-SegmentedRaftLog:OPENED:c-1,f-1,i0, conf=-1: [3909bd6a-278d-4911-9d70-32680c972d02:192.168.157.223:33343, d2424f4d-20d2-4104-abcc-02e6288f3ffc:192.168.157.223:39352, 7c510082-4284-44ef-8cd9-bb38fb15579f:192.168.157.223:33098], old=null
2019-10-17 21:16:23,647 [d2424f4d-20d2-4104-abcc-02e6288f3ffc@group-62509A8A5C15-LeaderElection382] INFO  impl.RaftServerImpl (RaftServerImpl.java:setRole(184)) - d2424f4d-20d2-4104-abcc-02e6288f3ffc@group-62509A8A5C15: changes role from CANDIDATE to FOLLOWER at term 423 for DISCOVERED_A_NEW_TERM
2019-10-17 21:16:23,647 [d2424f4d-20d2-4104-abcc-02e6288f3ffc@group-62509A8A5C15-LeaderElection382] INFO  impl.RoleInfo (RoleInfo.java:shutdownLeaderElection(134)) - d2424f4d-20d2-4104-abcc-02e6288f3ffc: shutdown LeaderElection
2019-10-17 21:16:23,648 [d2424f4d-20d2-4104-abcc-02e6288f3ffc@group-62509A8A5C15-LeaderElection382] INFO  impl.RoleInfo (RoleInfo.java:updateAndGet(143)) - d2424f4d-20d2-4104-abcc-02e6288f3ffc: start FollowerState
2019-10-17 21:16:23,695 [Thread-2806] INFO  impl.FollowerState (FollowerState.java:run(108)) - d2424f4d-20d2-4104-abcc-02e6288f3ffc@group-62509A8A5C15-FollowerState: change to CANDIDATE, lastRpcTime:47ms, electionTimeout:47ms
2019-10-17 21:16:23,695 [Thread-2806] INFO  impl.RoleInfo (RoleInfo.java:shutdownFollowerState(121)) - d2424f4d-20d2-4104-abcc-02e6288f3ffc: shutdown FollowerState
2019-10-17 21:16:23,695 [Thread-2806] INFO  impl.RaftServerImpl (RaftServerImpl.java:setRole(184)) - d2424f4d-20d2-4104-abcc-02e6288f3ffc@group-62509A8A5C15: changes role from  FOLLOWER to CANDIDATE at term 423 for changeToCandidate
2019-10-17 21:16:23,695 [Thread-2806] INFO  impl.RoleInfo (RoleInfo.java:updateAndGet(143)) - d2424f4d-20d2-4104-abcc-02e6288f3ffc: start LeaderElection
2019-10-17 21:16:23,721 [d2424f4d-20d2-4104-abcc-02e6288f3ffc@group-62509A8A5C15-LeaderElection383] INFO  impl.LeaderElection (LeaderElection.java:askForVotes(178)) - d2424f4d-20d2-4104-abcc-02e6288f3ffc@group-62509A8A5C15-LeaderElection383: begin an election at term 424 for -1: [3909bd6a-278d-4911-9d70-32680c972d02:192.168.157.223:33343, d2424f4d-20d2-4104-abcc-02e6288f3ffc:192.168.157.223:39352, 7c510082-4284-44ef-8cd9-bb38fb15579f:192.168.157.223:33098], old=null
2019-10-17 21:16:23,722 [grpc-default-executor-2] INFO  impl.RaftServerImpl (RaftServerImpl.java:setRole(184)) - 3909bd6a-278d-4911-9d70-32680c972d02@group-62509A8A5C15: changes role from  FOLLOWER to FOLLOWER at term 424 for recognizeCandidate:d2424f4d-20d2-4104-abcc-02e6288f3ffc
2019-10-17 21:16:23,722 [grpc-default-executor-2] INFO  impl.RoleInfo (RoleInfo.java:shutdownFollowerState(121)) - 3909bd6a-278d-4911-9d70-32680c972d02: shutdown FollowerState
2019-10-17 21:16:23,723 [grpc-default-executor-2] INFO  impl.RoleInfo (RoleInfo.java:updateAndGet(143)) - 3909bd6a-278d-4911-9d70-32680c972d02: start FollowerState
2019-10-17 21:16:23,723 [grpc-default-executor-4] INFO  impl.RaftServerImpl (RaftServerImpl.java:setRole(184)) - 7c510082-4284-44ef-8cd9-bb38fb15579f@group-62509A8A5C15: changes role from  FOLLOWER to FOLLOWER at term 424 for recognizeCandidate:d2424f4d-20d2-4104-abcc-02e6288f3ffc
2019-10-17 21:16:23,723 [grpc-default-executor-4] INFO  impl.RoleInfo (RoleInfo.java:shutdownFollowerState(121)) - 7c510082-4284-44ef-8cd9-bb38fb15579f: shutdown FollowerState
2019-10-17 21:16:23,723 [Thread-2804] INFO  impl.FollowerState (FollowerState.java:run(117)) - 3909bd6a-278d-4911-9d70-32680c972d02@group-62509A8A5C15-FollowerState was interrupted: java.lang.InterruptedException: sleep interrupted
2019-10-17 21:16:23,723 [Thread-2805] INFO  impl.FollowerState (FollowerState.java:run(117)) - 7c510082-4284-44ef-8cd9-bb38fb15579f@group-62509A8A5C15-FollowerState was interrupted: java.lang.InterruptedException: sleep interrupted
2019-10-17 21:16:23,723 [grpc-default-executor-4] INFO  impl.RoleInfo (RoleInfo.java:updateAndGet(143)) - 7c510082-4284-44ef-8cd9-bb38fb15579f: start FollowerState
2019-10-17 21:16:23,738 [d2424f4d-20d2-4104-abcc-02e6288f3ffc@group-62509A8A5C15-LeaderElection383] INFO  impl.LeaderElection (LeaderElection.java:logAndReturn(56)) - d2424f4d-20d2-4104-abcc-02e6288f3ffc@group-62509A8A5C15-LeaderElection383: Election REJECTED; received 2 response(s) [d2424f4d-20d2-4104-abcc-02e6288f3ffc<-3909bd6a-278d-4911-9d70-32680c972d02#0:FAIL-t424, d2424f4d-20d2-4104-abcc-02e6288f3ffc<-7c510082-4284-44ef-8cd9-bb38fb15579f#0:FAIL-t424] and 0 exception(s); d2424f4d-20d2-4104-abcc-02e6288f3ffc@group-62509A8A5C15:t424, leader=null, voted=d2424f4d-20d2-4104-abcc-02e6288f3ffc, raftlog=d2424f4d-20d2-4104-abcc-02e6288f3ffc@group-62509A8A5C15-SegmentedRaftLog:OPENED:c-1,f-1,i0, conf=-1: [3909bd6a-278d-4911-9d70-32680c972d02:192.168.157.223:33343, d2424f4d-20d2-4104-abcc-02e6288f3ffc:192.168.157.223:39352, 7c510082-4284-44ef-8cd9-bb38fb15579f:192.168.157.223:33098], old=null
2019-10-17 21:16:23,739 [d2424f4d-20d2-4104-abcc-02e6288f3ffc@group-62509A8A5C15-LeaderElection383] INFO  impl.RaftServerImpl (RaftServerImpl.java:setRole(184)) - d2424f4d-20d2-4104-abcc-02e6288f3ffc@group-62509A8A5C15: changes role from CANDIDATE to FOLLOWER at term 424 for DISCOVERED_A_NEW_TERM
2019-10-17 21:16:23,739 [d2424f4d-20d2-4104-abcc-02e6288f3ffc@group-62509A8A5C15-LeaderElection383] INFO  impl.RoleInfo (RoleInfo.java:shutdownLeaderElection(134)) - d2424f4d-20d2-4104-abcc-02e6288f3ffc: shutdown LeaderElection
2019-10-17 21:16:23,739 [d2424f4d-20d2-4104-abcc-02e6288f3ffc@group-62509A8A5C15-LeaderElection383] INFO  impl.RoleInfo (RoleInfo.java:updateAndGet(143)) - d2424f4d-20d2-4104-abcc-02e6288f3ffc: start FollowerState
2019-10-17 21:16:23,915 [Thread-2812] INFO  impl.FollowerState (FollowerState.java:run(108)) - d2424f4d-20d2-4104-abcc-02e6288f3ffc@group-62509A8A5C15-FollowerState: change to CANDIDATE, lastRpcTime:176ms, electionTimeout:176ms
2019-10-17 21:16:23,916 [Thread-2812] INFO  impl.RoleInfo (RoleInfo.java:shutdownFollowerState(121)) - d2424f4d-20d2-4104-abcc-02e6288f3ffc: shutdown FollowerState
2019-10-17 21:16:23,916 [Thread-2812] INFO  impl.RaftServerImpl (RaftServerImpl.java:setRole(184)) - d2424f4d-20d2-4104-abcc-02e6288f3ffc@group-62509A8A5C15: changes role from  FOLLOWER to CANDIDATE at term 424 for changeToCandidate
2019-10-17 21:16:23,916 [Thread-2812] INFO  impl.RoleInfo (RoleInfo.java:updateAndGet(143)) - d2424f4d-20d2-4104-abcc-02e6288f3ffc: start LeaderElection
2019-10-17 21:16:23,945 [d2424f4d-20d2-4104-abcc-02e6288f3ffc@group-62509A8A5C15-LeaderElection384] INFO  impl.LeaderElection (LeaderElection.java:askForVotes(178)) - d2424f4d-20d2-4104-abcc-02e6288f3ffc@group-62509A8A5C15-LeaderElection384: begin an election at term 425 for -1: [3909bd6a-278d-4911-9d70-32680c972d02:192.168.157.223:33343, d2424f4d-20d2-4104-abcc-02e6288f3ffc:192.168.157.223:39352, 7c510082-4284-44ef-8cd9-bb38fb15579f:192.168.157.223:33098], old=null
2019-10-17 21:16:23,947 [grpc-default-executor-2] INFO  impl.RaftServerImpl (RaftServerImpl.java:setRole(184)) - 3909bd6a-278d-4911-9d70-32680c972d02@group-62509A8A5C15: changes role from  FOLLOWER to FOLLOWER at term 425 for recognizeCandidate:d2424f4d-20d2-4104-abcc-02e6288f3ffc
2019-10-17 21:16:23,948 [grpc-default-executor-2] INFO  impl.RoleInfo (RoleInfo.java:shutdownFollowerState(121)) - 3909bd6a-278d-4911-9d70-32680c972d02: shutdown FollowerState
2019-10-17 21:16:23,948 [grpc-default-executor-4] INFO  impl.RaftServerImpl (RaftServerImpl.java:setRole(184)) - 7c510082-4284-44ef-8cd9-bb38fb15579f@group-62509A8A5C15: changes role from  FOLLOWER to FOLLOWER at term 425 for recognizeCandidate:d2424f4d-20d2-4104-abcc-02e6288f3ffc
2019-10-17 21:16:23,948 [Thread-2810] INFO  impl.FollowerState (FollowerState.java:run(117)) - 3909bd6a-278d-4911-9d70-32680c972d02@group-62509A8A5C15-FollowerState was interrupted: java.lang.InterruptedException: sleep interrupted
2019-10-17 21:16:23,948 [grpc-default-executor-4] INFO  impl.RoleInfo (RoleInfo.java:shutdownFollowerState(121)) - 7c510082-4284-44ef-8cd9-bb38fb15579f: shutdown FollowerState
2019-10-17 21:16:23,948 [grpc-default-executor-2] INFO  impl.RoleInfo (RoleInfo.java:updateAndGet(143)) - 3909bd6a-278d-4911-9d70-32680c972d02: start FollowerState
2019-10-17 21:16:23,948 [Thread-2811] INFO  impl.FollowerState (FollowerState.java:run(117)) - 7c510082-4284-44ef-8cd9-bb38fb15579f@group-62509A8A5C15-FollowerState was interrupted: java.lang.InterruptedException: sleep interrupted
2019-10-17 21:16:23,948 [grpc-default-executor-4] INFO  impl.RoleInfo (RoleInfo.java:updateAndGet(143)) - 7c510082-4284-44ef-8cd9-bb38fb15579f: start FollowerState
2019-10-17 21:16:23,975 [d2424f4d-20d2-4104-abcc-02e6288f3ffc@group-62509A8A5C15-LeaderElection384] INFO  impl.LeaderElection (LeaderElection.java:logAndReturn(56)) - d2424f4d-20d2-4104-abcc-02e6288f3ffc@group-62509A8A5C15-LeaderElection384: Election REJECTED; received 2 response(s) [d2424f4d-20d2-4104-abcc-02e6288f3ffc<-3909bd6a-278d-4911-9d70-32680c972d02#0:FAIL-t425, d2424f4d-20d2-4104-abcc-02e6288f3ffc<-7c510082-4284-44ef-8cd9-bb38fb15579f#0:FAIL-t425] and 0 exception(s); d2424f4d-20d2-4104-abcc-02e6288f3ffc@group-62509A8A5C15:t425, leader=null, voted=d2424f4d-20d2-4104-abcc-02e6288f3ffc, raftlog=d2424f4d-20d2-4104-abcc-02e6288f3ffc@group-62509A8A5C15-SegmentedRaftLog:OPENED:c-1,f-1,i0, conf=-1: [3909bd6a-278d-4911-9d70-32680c972d02:192.168.157.223:33343, d2424f4d-20d2-4104-abcc-02e6288f3ffc:192.168.157.223:39352, 7c510082-4284-44ef-8cd9-bb38fb15579f:192.168.157.223:33098], old=null
2019-10-17 21:16:23,975 [d2424f4d-20d2-4104-abcc-02e6288f3ffc@group-62509A8A5C15-LeaderElection384] INFO  impl.RaftServerImpl (RaftServerImpl.java:setRole(184)) - d2424f4d-20d2-4104-abcc-02e6288f3ffc@group-62509A8A5C15: changes role from CANDIDATE to FOLLOWER at term 425 for DISCOVERED_A_NEW_TERM
2019-10-17 21:16:23,975 [d2424f4d-20d2-4104-abcc-02e6288f3ffc@group-62509A8A5C15-LeaderElection384] INFO  impl.RoleInfo (RoleInfo.java:shutdownLeaderElection(134)) - d2424f4d-20d2-4104-abcc-02e6288f3ffc: shutdown LeaderElection
2019-10-17 21:16:23,975 [d2424f4d-20d2-4104-abcc-02e6288f3ffc@group-62509A8A5C15-LeaderElection384] INFO  impl.RoleInfo (RoleInfo.java:updateAndGet(143)) - d2424f4d-20d2-4104-abcc-02e6288f3ffc: start FollowerState
2019-10-17 21:16:24,099 [Thread-2818] INFO  impl.FollowerState (FollowerState.java:run(108)) - d2424f4d-20d2-4104-abcc-02e6288f3ffc@group-62509A8A5C15-FollowerState: change to CANDIDATE, lastRpcTime:124ms, electionTimeout:124ms
2019-10-17 21:16:24,100 [Thread-2818] INFO  impl.RoleInfo (RoleInfo.java:shutdownFollowerState(121)) - d2424f4d-20d2-4104-abcc-02e6288f3ffc: shutdown FollowerState
2019-10-17 21:16:24,100 [Thread-2818] INFO  impl.RaftServerImpl (RaftServerImpl.java:setRole(184)) - d2424f4d-20d2-4104-abcc-02e6288f3ffc@group-62509A8A5C15: changes role from  FOLLOWER to CANDIDATE at term 425 for changeToCandidate
2019-10-17 21:16:24,100 [Thread-2818] INFO  impl.RoleInfo (RoleInfo.java:updateAndGet(143)) - d2424f4d-20d2-4104-abcc-02e6288f3ffc: start LeaderElection
2019-10-17 21:16:24,115 [d2424f4d-20d2-4104-abcc-02e6288f3ffc@group-62509A8A5C15-LeaderElection385] INFO  impl.LeaderElection (LeaderElection.java:askForVotes(178)) - d2424f4d-20d2-4104-abcc-02e6288f3ffc@group-62509A8A5C15-LeaderElection385: begin an election at term 426 for -1: [3909bd6a-278d-4911-9d70-32680c972d02:192.168.157.223:33343, d2424f4d-20d2-4104-abcc-02e6288f3ffc:192.168.157.223:39352, 7c510082-4284-44ef-8cd9-bb38fb15579f:192.168.157.223:33098], old=null
2019-10-17 21:16:24,116 [grpc-default-executor-2] INFO  impl.RaftServerImpl (RaftServerImpl.java:setRole(184)) - 3909bd6a-278d-4911-9d70-32680c972d02@group-62509A8A5C15: changes role from  FOLLOWER to FOLLOWER at term 426 for recognizeCandidate:d2424f4d-20d2-4104-abcc-02e6288f3ffc
2019-10-17 21:16:24,117 [grpc-default-executor-2] INFO  impl.RoleInfo (RoleInfo.java:shutdownFollowerState(121)) - 3909bd6a-278d-4911-9d70-32680c972d02: shutdown FollowerState
2019-10-17 21:16:24,117 [grpc-default-executor-4] INFO  impl.RaftServerImpl (RaftServerImpl.java:setRole(184)) - 7c510082-4284-44ef-8cd9-bb38fb15579f@group-62509A8A5C15: changes role from  FOLLOWER to FOLLOWER at term 426 for recognizeCandidate:d2424f4d-20d2-4104-abcc-02e6288f3ffc
2019-10-17 21:16:24,117 [grpc-default-executor-4] INFO  impl.RoleInfo (RoleInfo.java:shutdownFollowerState(121)) - 7c510082-4284-44ef-8cd9-bb38fb15579f: shutdown FollowerState
2019-10-17 21:16:24,117 [Thread-2816] INFO  impl.FollowerState (FollowerState.java:run(117)) - 3909bd6a-278d-4911-9d70-32680c972d02@group-62509A8A5C15-FollowerState was interrupted: java.lang.InterruptedException: sleep interrupted
2019-10-17 21:16:24,117 [grpc-default-executor-2] INFO  impl.RoleInfo (RoleInfo.java:updateAndGet(143)) - 3909bd6a-278d-4911-9d70-32680c972d02: start FollowerState
2019-10-17 21:16:24,117 [Thread-2817] INFO  impl.FollowerState (FollowerState.java:run(117)) - 7c510082-4284-44ef-8cd9-bb38fb15579f@group-62509A8A5C15-FollowerState was interrupted: java.lang.InterruptedException: sleep interrupted
2019-10-17 21:16:24,117 [grpc-default-executor-4] INFO  impl.RoleInfo (RoleInfo.java:updateAndGet(143)) - 7c510082-4284-44ef-8cd9-bb38fb15579f: start FollowerState
2019-10-17 21:16:24,133 [d2424f4d-20d2-4104-abcc-02e6288f3ffc@group-62509A8A5C15-LeaderElection385] INFO  impl.LeaderElection (LeaderElection.java:logAndReturn(56)) - d2424f4d-20d2-4104-abcc-02e6288f3ffc@group-62509A8A5C15-LeaderElection385: Election REJECTED; received 2 response(s) [d2424f4d-20d2-4104-abcc-02e6288f3ffc<-3909bd6a-278d-4911-9d70-32680c972d02#0:FAIL-t426, d2424f4d-20d2-4104-abcc-02e6288f3ffc<-7c510082-4284-44ef-8cd9-bb38fb15579f#0:FAIL-t426] and 0 exception(s); d2424f4d-20d2-4104-abcc-02e6288f3ffc@group-62509A8A5C15:t426, leader=null, voted=d2424f4d-20d2-4104-abcc-02e6288f3ffc, raftlog=d2424f4d-20d2-4104-abcc-02e6288f3ffc@group-62509A8A5C15-SegmentedRaftLog:OPENED:c-1,f-1,i0, conf=-1: [3909bd6a-278d-4911-9d70-32680c972d02:192.168.157.223:33343, d2424f4d-20d2-4104-abcc-02e6288f3ffc:192.168.157.223:39352, 7c510082-4284-44ef-8cd9-bb38fb15579f:192.168.157.223:33098], old=null
2019-10-17 21:16:24,133 [d2424f4d-20d2-4104-abcc-02e6288f3ffc@group-62509A8A5C15-LeaderElection385] INFO  impl.RaftServerImpl (RaftServerImpl.java:setRole(184)) - d2424f4d-20d2-4104-abcc-02e6288f3ffc@group-62509A8A5C15: changes role from CANDIDATE to FOLLOWER at term 426 for DISCOVERED_A_NEW_TERM
2019-10-17 21:16:24,133 [d2424f4d-20d2-4104-abcc-02e6288f3ffc@group-62509A8A5C15-LeaderElection385] INFO  impl.RoleInfo (RoleInfo.java:shutdownLeaderElection(134)) - d2424f4d-20d2-4104-abcc-02e6288f3ffc: shutdown LeaderElection
2019-10-17 21:16:24,133 [d2424f4d-20d2-4104-abcc-02e6288f3ffc@group-62509A8A5C15-LeaderElection385] INFO  impl.RoleInfo (RoleInfo.java:updateAndGet(143)) - d2424f4d-20d2-4104-abcc-02e6288f3ffc: start FollowerState
2019-10-17 21:16:24,275 [Thread-2824] INFO  impl.FollowerState (FollowerState.java:run(108)) - d2424f4d-20d2-4104-abcc-02e6288f3ffc@group-62509A8A5C15-FollowerState: change to CANDIDATE, lastRpcTime:142ms, electionTimeout:142ms
2019-10-17 21:16:24,276 [Thread-2824] INFO  impl.RoleInfo (RoleInfo.java:shutdownFollowerState(121)) - d2424f4d-20d2-4104-abcc-02e6288f3ffc: shutdown FollowerState
2019-10-17 21:16:24,276 [Thread-2824] INFO  impl.RaftServerImpl (RaftServerImpl.java:setRole(184)) - d2424f4d-20d2-4104-abcc-02e6288f3ffc@group-62509A8A5C15: changes role from  FOLLOWER to CANDIDATE at term 426 for changeToCandidate
2019-10-17 21:16:24,276 [Thread-2824] INFO  impl.RoleInfo (RoleInfo.java:updateAndGet(143)) - d2424f4d-20d2-4104-abcc-02e6288f3ffc: start LeaderElection
2019-10-17 21:16:24,290 [d2424f4d-20d2-4104-abcc-02e6288f3ffc@group-62509A8A5C15-LeaderElection386] INFO  impl.LeaderElection (LeaderElection.java:askForVotes(178)) - d2424f4d-20d2-4104-abcc-02e6288f3ffc@group-62509A8A5C15-LeaderElection386: begin an election at term 427 for -1: [3909bd6a-278d-4911-9d70-32680c972d02:192.168.157.223:33343, d2424f4d-20d2-4104-abcc-02e6288f3ffc:192.168.157.223:39352, 7c510082-4284-44ef-8cd9-bb38fb15579f:192.168.157.223:33098], old=null
2019-10-17 21:16:24,292 [grpc-default-executor-4] INFO  impl.RaftServerImpl (RaftServerImpl.java:setRole(184)) - 7c510082-4284-44ef-8cd9-bb38fb15579f@group-62509A8A5C15: changes role from  FOLLOWER to FOLLOWER at term 427 for recognizeCandidate:d2424f4d-20d2-4104-abcc-02e6288f3ffc
2019-10-17 21:16:24,292 [grpc-default-executor-4] INFO  impl.RoleInfo (RoleInfo.java:shutdownFollowerState(121)) - 7c510082-4284-44ef-8cd9-bb38fb15579f: shutdown FollowerState
2019-10-17 21:16:24,292 [grpc-default-executor-2] INFO  impl.RaftServerImpl (RaftServerImpl.java:setRole(184)) - 3909bd6a-278d-4911-9d70-32680c972d02@group-62509A8A5C15: changes role from  FOLLOWER to FOLLOWER at term 427 for recognizeCandidate:d2424f4d-20d2-4104-abcc-02e6288f3ffc
2019-10-17 21:16:24,293 [Thread-2823] INFO  impl.FollowerState (FollowerState.java:run(117)) - 7c510082-4284-44ef-8cd9-bb38fb15579f@group-62509A8A5C15-FollowerState was interrupted: java.lang.InterruptedException: sleep interrupted
2019-10-17 21:16:24,293 [grpc-default-executor-4] INFO  impl.RoleInfo (RoleInfo.java:updateAndGet(143)) - 7c510082-4284-44ef-8cd9-bb38fb15579f: start FollowerState
2019-10-17 21:16:24,293 [grpc-default-executor-2] INFO  impl.RoleInfo (RoleInfo.java:shutdownFollowerState(121)) - 3909bd6a-278d-4911-9d70-32680c972d02: shutdown FollowerState
2019-10-17 21:16:24,293 [grpc-default-executor-2] INFO  impl.RoleInfo (RoleInfo.java:updateAndGet(143)) - 3909bd6a-278d-4911-9d70-32680c972d02: start FollowerState
2019-10-17 21:16:24,293 [Thread-2822] INFO  impl.FollowerState (FollowerState.java:run(117)) - 3909bd6a-278d-4911-9d70-32680c972d02@group-62509A8A5C15-FollowerState was interrupted: java.lang.InterruptedException: sleep interrupted
2019-10-17 21:16:24,308 [d2424f4d-20d2-4104-abcc-02e6288f3ffc@group-62509A8A5C15-LeaderElection386] INFO  impl.LeaderElection (LeaderElection.java:logAndReturn(56)) - d2424f4d-20d2-4104-abcc-02e6288f3ffc@group-62509A8A5C15-LeaderElection386: Election REJECTED; received 2 response(s) [d2424f4d-20d2-4104-abcc-02e6288f3ffc<-3909bd6a-278d-4911-9d70-32680c972d02#0:FAIL-t427, d2424f4d-20d2-4104-abcc-02e6288f3ffc<-7c510082-4284-44ef-8cd9-bb38fb15579f#0:FAIL-t427] and 0 exception(s); d2424f4d-20d2-4104-abcc-02e6288f3ffc@group-62509A8A5C15:t427, leader=null, voted=d2424f4d-20d2-4104-abcc-02e6288f3ffc, raftlog=d2424f4d-20d2-4104-abcc-02e6288f3ffc@group-62509A8A5C15-SegmentedRaftLog:OPENED:c-1,f-1,i0, conf=-1: [3909bd6a-278d-4911-9d70-32680c972d02:192.168.157.223:33343, d2424f4d-20d2-4104-abcc-02e6288f3ffc:192.168.157.223:39352, 7c510082-4284-44ef-8cd9-bb38fb15579f:192.168.157.223:33098], old=null
2019-10-17 21:16:24,309 [d2424f4d-20d2-4104-abcc-02e6288f3ffc@group-62509A8A5C15-LeaderElection386] INFO  impl.RaftServerImpl (RaftServerImpl.java:setRole(184)) - d2424f4d-20d2-4104-abcc-02e6288f3ffc@group-62509A8A5C15: changes role from CANDIDATE to FOLLOWER at term 427 for DISCOVERED_A_NEW_TERM
2019-10-17 21:16:24,309 [d2424f4d-20d2-4104-abcc-02e6288f3ffc@group-62509A8A5C15-LeaderElection386] INFO  impl.RoleInfo (RoleInfo.java:shutdownLeaderElection(134)) - d2424f4d-20d2-4104-abcc-02e6288f3ffc: shutdown LeaderElection
2019-10-17 21:16:24,309 [d2424f4d-20d2-4104-abcc-02e6288f3ffc@group-62509A8A5C15-LeaderElection386] INFO  impl.RoleInfo (RoleInfo.java:updateAndGet(143)) - d2424f4d-20d2-4104-abcc-02e6288f3ffc: start FollowerState
2019-10-17 21:16:24,393 [Thread-2830] INFO  impl.FollowerState (FollowerState.java:run(108)) - d2424f4d-20d2-4104-abcc-02e6288f3ffc@group-62509A8A5C15-FollowerState: change to CANDIDATE, lastRpcTime:84ms, electionTimeout:84ms
2019-10-17 21:16:24,393 [Thread-2830] INFO  impl.RoleInfo (RoleInfo.java:shutdownFollowerState(121)) - d2424f4d-20d2-4104-abcc-02e6288f3ffc: shutdown FollowerState
2019-10-17 21:16:24,394 [Thread-2830] INFO  impl.RaftServerImpl (RaftServerImpl.java:setRole(184)) - d2424f4d-20d2-4104-abcc-02e6288f3ffc@group-62509A8A5C15: changes role from  FOLLOWER to CANDIDATE at term 427 for changeToCandidate
2019-10-17 21:16:24,394 [Thread-2830] INFO  impl.RoleInfo (RoleInfo.java:updateAndGet(143)) - d2424f4d-20d2-4104-abcc-02e6288f3ffc: start LeaderElection
2019-10-17 21:16:24,407 [d2424f4d-20d2-4104-abcc-02e6288f3ffc@group-62509A8A5C15-LeaderElection387] INFO  impl.LeaderElection (LeaderElection.java:askForVotes(178)) - d2424f4d-20d2-4104-abcc-02e6288f3ffc@group-62509A8A5C15-LeaderElection387: begin an election at term 428 for -1: [3909bd6a-278d-4911-9d70-32680c972d02:192.168.157.223:33343, d2424f4d-20d2-4104-abcc-02e6288f3ffc:192.168.157.223:39352, 7c510082-4284-44ef-8cd9-bb38fb15579f:192.168.157.223:33098], old=null
2019-10-17 21:16:24,409 [grpc-default-executor-4] INFO  impl.RaftServerImpl (RaftServerImpl.java:setRole(184)) - 3909bd6a-278d-4911-9d70-32680c972d02@group-62509A8A5C15: changes role from  FOLLOWER to FOLLOWER at term 428 for recognizeCandidate:d2424f4d-20d2-4104-abcc-02e6288f3ffc
2019-10-17 21:16:24,409 [grpc-default-executor-4] INFO  impl.RoleInfo (RoleInfo.java:shutdownFollowerState(121)) - 3909bd6a-278d-4911-9d70-32680c972d02: shutdown FollowerState
2019-10-17 21:16:24,409 [grpc-default-executor-2] INFO  impl.RaftServerImpl (RaftServerImpl.java:setRole(184)) - 7c510082-4284-44ef-8cd9-bb38fb15579f@group-62509A8A5C15: changes role from  FOLLOWER to FOLLOWER at term 428 for recognizeCandidate:d2424f4d-20d2-4104-abcc-02e6288f3ffc
2019-10-17 21:16:24,409 [grpc-default-executor-2] INFO  impl.RoleInfo (RoleInfo.java:shutdownFollowerState(121)) - 7c510082-4284-44ef-8cd9-bb38fb15579f: shutdown FollowerState
2019-10-17 21:16:24,409 [Thread-2829] INFO  impl.FollowerState (FollowerState.java:run(117)) - 3909bd6a-278d-4911-9d70-32680c972d02@group-62509A8A5C15-FollowerState was interrupted: java.lang.InterruptedException: sleep interrupted
2019-10-17 21:16:24,409 [grpc-default-executor-4] INFO  impl.RoleInfo (RoleInfo.java:updateAndGet(143)) - 3909bd6a-278d-4911-9d70-32680c972d02: start FollowerState
2019-10-17 21:16:24,410 [Thread-2828] INFO  impl.FollowerState (FollowerState.java:run(117)) - 7c510082-4284-44ef-8cd9-bb38fb15579f@group-62509A8A5C15-FollowerState was interrupted: java.lang.InterruptedException: sleep interrupted
2019-10-17 21:16:24,410 [grpc-default-executor-2] INFO  impl.RoleInfo (RoleInfo.java:updateAndGet(143)) - 7c510082-4284-44ef-8cd9-bb38fb15579f: start FollowerState
2019-10-17 21:16:24,426 [d2424f4d-20d2-4104-abcc-02e6288f3ffc@group-62509A8A5C15-LeaderElection387] INFO  impl.LeaderElection (LeaderElection.java:logAndReturn(56)) - d2424f4d-20d2-4104-abcc-02e6288f3ffc@group-62509A8A5C15-LeaderElection387: Election REJECTED; received 2 response(s) [d2424f4d-20d2-4104-abcc-02e6288f3ffc<-3909bd6a-278d-4911-9d70-32680c972d02#0:FAIL-t428, d2424f4d-20d2-4104-abcc-02e6288f3ffc<-7c510082-4284-44ef-8cd9-bb38fb15579f#0:FAIL-t428] and 0 exception(s); d2424f4d-20d2-4104-abcc-02e6288f3ffc@group-62509A8A5C15:t428, leader=null, voted=d2424f4d-20d2-4104-abcc-02e6288f3ffc, raftlog=d2424f4d-20d2-4104-abcc-02e6288f3ffc@group-62509A8A5C15-SegmentedRaftLog:OPENED:c-1,f-1,i0, conf=-1: [3909bd6a-278d-4911-9d70-32680c972d02:192.168.157.223:33343, d2424f4d-20d2-4104-abcc-02e6288f3ffc:192.168.157.223:39352, 7c510082-4284-44ef-8cd9-bb38fb15579f:192.168.157.223:33098], old=null
2019-10-17 21:16:24,426 [d2424f4d-20d2-4104-abcc-02e6288f3ffc@group-62509A8A5C15-LeaderElection387] INFO  impl.RaftServerImpl (RaftServerImpl.java:setRole(184)) - d2424f4d-20d2-4104-abcc-02e6288f3ffc@group-62509A8A5C15: changes role from CANDIDATE to FOLLOWER at term 428 for DISCOVERED_A_NEW_TERM
2019-10-17 21:16:24,426 [d2424f4d-20d2-4104-abcc-02e6288f3ffc@group-62509A8A5C15-LeaderElection387] INFO  impl.RoleInfo (RoleInfo.java:shutdownLeaderElection(134)) - d2424f4d-20d2-4104-abcc-02e6288f3ffc: shutdown LeaderElection
2019-10-17 21:16:24,426 [d2424f4d-20d2-4104-abcc-02e6288f3ffc@group-62509A8A5C15-LeaderElection387] INFO  impl.RoleInfo (RoleInfo.java:updateAndGet(143)) - d2424f4d-20d2-4104-abcc-02e6288f3ffc: start FollowerState
2019-10-17 21:16:24,500 [Thread-2838] INFO  impl.FollowerState (FollowerState.java:run(108)) - d2424f4d-20d2-4104-abcc-02e6288f3ffc@group-62509A8A5C15-FollowerState: change to CANDIDATE, lastRpcTime:74ms, electionTimeout:74ms
2019-10-17 21:16:24,501 [Thread-2838] INFO  impl.RoleInfo (RoleInfo.java:shutdownFollowerState(121)) - d2424f4d-20d2-4104-abcc-02e6288f3ffc: shutdown FollowerState
2019-10-17 21:16:24,501 [Thread-2838] INFO  impl.RaftServerImpl (RaftServerImpl.java:setRole(184)) - d2424f4d-20d2-4104-abcc-02e6288f3ffc@group-62509A8A5C15: changes role from  FOLLOWER to CANDIDATE at term 428 for changeToCandidate
2019-10-17 21:16:24,501 [Thread-2838] INFO  impl.RoleInfo (RoleInfo.java:updateAndGet(143)) - d2424f4d-20d2-4104-abcc-02e6288f3ffc: start LeaderElection
2019-10-17 21:16:24,522 [d2424f4d-20d2-4104-abcc-02e6288f3ffc@group-62509A8A5C15-LeaderElection388] INFO  impl.LeaderElection (LeaderElection.java:askForVotes(178)) - d2424f4d-20d2-4104-abcc-02e6288f3ffc@group-62509A8A5C15-LeaderElection388: begin an election at term 429 for -1: [3909bd6a-278d-4911-9d70-32680c972d02:192.168.157.223:33343, d2424f4d-20d2-4104-abcc-02e6288f3ffc:192.168.157.223:39352, 7c510082-4284-44ef-8cd9-bb38fb15579f:192.168.157.223:33098], old=null
2019-10-17 21:16:24,524 [grpc-default-executor-2] INFO  impl.RaftServerImpl (RaftServerImpl.java:setRole(184)) - 3909bd6a-278d-4911-9d70-32680c972d02@group-62509A8A5C15: changes role from  FOLLOWER to FOLLOWER at term 429 for recognizeCandidate:d2424f4d-20d2-4104-abcc-02e6288f3ffc
2019-10-17 21:16:24,524 [grpc-default-executor-4] INFO  impl.RaftServerImpl (RaftServerImpl.java:setRole(184)) - 7c510082-4284-44ef-8cd9-bb38fb15579f@group-62509A8A5C15: changes role from  FOLLOWER to FOLLOWER at term 429 for recognizeCandidate:d2424f4d-20d2-4104-abcc-02e6288f3ffc
2019-10-17 21:16:24,525 [grpc-default-executor-4] INFO  impl.RoleInfo (RoleInfo.java:shutdownFollowerState(121)) - 7c510082-4284-44ef-8cd9-bb38fb15579f: shutdown FollowerState
2019-10-17 21:16:24,524 [grpc-default-executor-2] INFO  impl.RoleInfo (RoleInfo.java:shutdownFollowerState(121)) - 3909bd6a-278d-4911-9d70-32680c972d02: shutdown FollowerState
2019-10-17 21:16:24,525 [Thread-2837] INFO  impl.FollowerState (FollowerState.java:run(117)) - 7c510082-4284-44ef-8cd9-bb38fb15579f@group-62509A8A5C15-FollowerState was interrupted: java.lang.InterruptedException: sleep interrupted
2019-10-17 21:16:24,525 [Thread-2836] INFO  impl.FollowerState (FollowerState.java:run(117)) - 3909bd6a-278d-4911-9d70-32680c972d02@group-62509A8A5C15-FollowerState was interrupted: java.lang.InterruptedException: sleep interrupted
2019-10-17 21:16:24,525 [grpc-default-executor-4] INFO  impl.RoleInfo (RoleInfo.java:updateAndGet(143)) - 7c510082-4284-44ef-8cd9-bb38fb15579f: start FollowerState
2019-10-17 21:16:24,525 [grpc-default-executor-2] INFO  impl.RoleInfo (RoleInfo.java:updateAndGet(143)) - 3909bd6a-278d-4911-9d70-32680c972d02: start FollowerState
2019-10-17 21:16:24,556 [d2424f4d-20d2-4104-abcc-02e6288f3ffc@group-62509A8A5C15-LeaderElection388] INFO  impl.LeaderElection (LeaderElection.java:logAndReturn(56)) - d2424f4d-20d2-4104-abcc-02e6288f3ffc@group-62509A8A5C15-LeaderElection388: Election REJECTED; received 2 response(s) [d2424f4d-20d2-4104-abcc-02e6288f3ffc<-3909bd6a-278d-4911-9d70-32680c972d02#0:FAIL-t429, d2424f4d-20d2-4104-abcc-02e6288f3ffc<-7c510082-4284-44ef-8cd9-bb38fb15579f#0:FAIL-t429] and 0 exception(s); d2424f4d-20d2-4104-abcc-02e6288f3ffc@group-62509A8A5C15:t429, leader=null, voted=d2424f4d-20d2-4104-abcc-02e6288f3ffc, raftlog=d2424f4d-20d2-4104-abcc-02e6288f3ffc@group-62509A8A5C15-SegmentedRaftLog:OPENED:c-1,f-1,i0, conf=-1: [3909bd6a-278d-4911-9d70-32680c972d02:192.168.157.223:33343, d2424f4d-20d2-4104-abcc-02e6288f3ffc:192.168.157.223:39352, 7c510082-4284-44ef-8cd9-bb38fb15579f:192.168.157.223:33098], old=null
2019-10-17 21:16:24,557 [d2424f4d-20d2-4104-abcc-02e6288f3ffc@group-62509A8A5C15-LeaderElection388] INFO  impl.RaftServerImpl (RaftServerImpl.java:setRole(184)) - d2424f4d-20d2-4104-abcc-02e6288f3ffc@group-62509A8A5C15: changes role from CANDIDATE to FOLLOWER at term 429 for DISCOVERED_A_NEW_TERM
2019-10-17 21:16:24,557 [d2424f4d-20d2-4104-abcc-02e6288f3ffc@group-62509A8A5C15-LeaderElection388] INFO  impl.RoleInfo (RoleInfo.java:shutdownLeaderElection(134)) - d2424f4d-20d2-4104-abcc-02e6288f3ffc: shutdown LeaderElection
2019-10-17 21:16:24,557 [d2424f4d-20d2-4104-abcc-02e6288f3ffc@group-62509A8A5C15-LeaderElection388] INFO  impl.RoleInfo (RoleInfo.java:updateAndGet(143)) - d2424f4d-20d2-4104-abcc-02e6288f3ffc: start FollowerState
2019-10-17 21:16:24,564 [Thread-2844] INFO  impl.FollowerState (FollowerState.java:run(108)) - d2424f4d-20d2-4104-abcc-02e6288f3ffc@group-62509A8A5C15-FollowerState: change to CANDIDATE, lastRpcTime:7ms, electionTimeout:7ms
2019-10-17 21:16:24,564 [Thread-2844] INFO  impl.RoleInfo (RoleInfo.java:shutdownFollowerState(121)) - d2424f4d-20d2-4104-abcc-02e6288f3ffc: shutdown FollowerState
2019-10-17 21:16:24,564 [Thread-2844] INFO  impl.RaftServerImpl (RaftServerImpl.java:setRole(184)) - d2424f4d-20d2-4104-abcc-02e6288f3ffc@group-62509A8A5C15: changes role from  FOLLOWER to CANDIDATE at term 429 for changeToCandidate
2019-10-17 21:16:24,565 [Thread-2844] INFO  impl.RoleInfo (RoleInfo.java:updateAndGet(143)) - d2424f4d-20d2-4104-abcc-02e6288f3ffc: start LeaderElection
2019-10-17 21:16:24,582 [d2424f4d-20d2-4104-abcc-02e6288f3ffc@group-62509A8A5C15-LeaderElection389] INFO  impl.LeaderElection (LeaderElection.java:askForVotes(178)) - d2424f4d-20d2-4104-abcc-02e6288f3ffc@group-62509A8A5C15-LeaderElection389: begin an election at term 430 for -1: [3909bd6a-278d-4911-9d70-32680c972d02:192.168.157.223:33343, d2424f4d-20d2-4104-abcc-02e6288f3ffc:192.168.157.223:39352, 7c510082-4284-44ef-8cd9-bb38fb15579f:192.168.157.223:33098], old=null
2019-10-17 21:16:24,583 [grpc-default-executor-4] INFO  impl.RaftServerImpl (RaftServerImpl.java:setRole(184)) - 3909bd6a-278d-4911-9d70-32680c972d02@group-62509A8A5C15: changes role from  FOLLOWER to FOLLOWER at term 430 for recognizeCandidate:d2424f4d-20d2-4104-abcc-02e6288f3ffc
2019-10-17 21:16:24,583 [grpc-default-executor-4] INFO  impl.RoleInfo (RoleInfo.java:shutdownFollowerState(121)) - 3909bd6a-278d-4911-9d70-32680c972d02: shutdown FollowerState
2019-10-17 21:16:24,583 [grpc-default-executor-2] INFO  impl.RaftServerImpl (RaftServerImpl.java:setRole(184)) - 7c510082-4284-44ef-8cd9-bb38fb15579f@group-62509A8A5C15: changes role from  FOLLOWER to FOLLOWER at term 430 for recognizeCandidate:d2424f4d-20d2-4104-abcc-02e6288f3ffc
2019-10-17 21:16:24,584 [Thread-2843] INFO  impl.FollowerState (FollowerState.java:run(117)) - 3909bd6a-278d-4911-9d70-32680c972d02@group-62509A8A5C15-FollowerState was interrupted: java.lang.InterruptedException: sleep interrupted
2019-10-17 21:16:24,583 [grpc-default-executor-4] INFO  impl.RoleInfo (RoleInfo.java:updateAndGet(143)) - 3909bd6a-278d-4911-9d70-32680c972d02: start FollowerState
2019-10-17 21:16:24,584 [grpc-default-executor-2] INFO  impl.RoleInfo (RoleInfo.java:shutdownFollowerState(121)) - 7c510082-4284-44ef-8cd9-bb38fb15579f: shutdown FollowerState
2019-10-17 21:16:24,584 [grpc-default-executor-2] INFO  impl.RoleInfo (RoleInfo.java:updateAndGet(143)) - 7c510082-4284-44ef-8cd9-bb38fb15579f: start FollowerState
2019-10-17 21:16:24,584 [Thread-2842] INFO  impl.FollowerState (FollowerState.java:run(117)) - 7c510082-4284-44ef-8cd9-bb38fb15579f@group-62509A8A5C15-FollowerState was interrupted: java.lang.InterruptedException: sleep interrupted
2019-10-17 21:16:24,598 [d2424f4d-20d2-4104-abcc-02e6288f3ffc@group-62509A8A5C15-LeaderElection389] INFO  impl.LeaderElection (LeaderElection.java:logAndReturn(56)) - d2424f4d-20d2-4104-abcc-02e6288f3ffc@group-62509A8A5C15-LeaderElection389: Election REJECTED; received 2 response(s) [d2424f4d-20d2-4104-abcc-02e6288f3ffc<-3909bd6a-278d-4911-9d70-32680c972d02#0:FAIL-t430, d2424f4d-20d2-4104-abcc-02e6288f3ffc<-7c510082-4284-44ef-8cd9-bb38fb15579f#0:FAIL-t430] and 0 exception(s); d2424f4d-20d2-4104-abcc-02e6288f3ffc@group-62509A8A5C15:t430, leader=null, voted=d2424f4d-20d2-4104-abcc-02e6288f3ffc, raftlog=d2424f4d-20d2-4104-abcc-02e6288f3ffc@group-62509A8A5C15-SegmentedRaftLog:OPENED:c-1,f-1,i0, conf=-1: [3909bd6a-278d-4911-9d70-32680c972d02:192.168.157.223:33343, d2424f4d-20d2-4104-abcc-02e6288f3ffc:192.168.157.223:39352, 7c510082-4284-44ef-8cd9-bb38fb15579f:192.168.157.223:33098], old=null
2019-10-17 21:16:24,599 [d2424f4d-20d2-4104-abcc-02e6288f3ffc@group-62509A8A5C15-LeaderElection389] INFO  impl.RaftServerImpl (RaftServerImpl.java:setRole(184)) - d2424f4d-20d2-4104-abcc-02e6288f3ffc@group-62509A8A5C15: changes role from CANDIDATE to FOLLOWER at term 430 for DISCOVERED_A_NEW_TERM
2019-10-17 21:16:24,599 [d2424f4d-20d2-4104-abcc-02e6288f3ffc@group-62509A8A5C15-LeaderElection389] INFO  impl.RoleInfo (RoleInfo.java:shutdownLeaderElection(134)) - d2424f4d-20d2-4104-abcc-02e6288f3ffc: shutdown LeaderElection
2019-10-17 21:16:24,599 [d2424f4d-20d2-4104-abcc-02e6288f3ffc@group-62509A8A5C15-LeaderElection389] INFO  impl.RoleInfo (RoleInfo.java:updateAndGet(143)) - d2424f4d-20d2-4104-abcc-02e6288f3ffc: start FollowerState
2019-10-17 21:16:24,609 [Thread-2852] INFO  impl.FollowerState (FollowerState.java:run(108)) - d2424f4d-20d2-4104-abcc-02e6288f3ffc@group-62509A8A5C15-FollowerState: change to CANDIDATE, lastRpcTime:10ms, electionTimeout:10ms
2019-10-17 21:16:24,609 [Thread-2852] INFO  impl.RoleInfo (RoleInfo.java:shutdownFollowerState(121)) - d2424f4d-20d2-4104-abcc-02e6288f3ffc: shutdown FollowerState
2019-10-17 21:16:24,609 [Thread-2852] INFO  impl.RaftServerImpl (RaftServerImpl.java:setRole(184)) - d2424f4d-20d2-4104-abcc-02e6288f3ffc@group-62509A8A5C15: changes role from  FOLLOWER to CANDIDATE at term 430 for changeToCandidate
2019-10-17 21:16:24,610 [Thread-2852] INFO  impl.RoleInfo (RoleInfo.java:updateAndGet(143)) - d2424f4d-20d2-4104-abcc-02e6288f3ffc: start LeaderElection
2019-10-17 21:16:24,625 [d2424f4d-20d2-4104-abcc-02e6288f3ffc@group-62509A8A5C15-LeaderElection390] INFO  impl.LeaderElection (LeaderElection.java:askForVotes(178)) - d2424f4d-20d2-4104-abcc-02e6288f3ffc@group-62509A8A5C15-LeaderElection390: begin an election at term 431 for -1: [3909bd6a-278d-4911-9d70-32680c972d02:192.168.157.223:33343, d2424f4d-20d2-4104-abcc-02e6288f3ffc:192.168.157.223:39352, 7c510082-4284-44ef-8cd9-bb38fb15579f:192.168.157.223:33098], old=null
2019-10-17 21:16:24,627 [grpc-default-executor-2] INFO  impl.RaftServerImpl (RaftServerImpl.java:setRole(184)) - 3909bd6a-278d-4911-9d70-32680c972d02@group-62509A8A5C15: changes role from  FOLLOWER to FOLLOWER at term 431 for recognizeCandidate:d2424f4d-20d2-4104-abcc-02e6288f3ffc
2019-10-17 21:16:24,627 [grpc-default-executor-2] INFO  impl.RoleInfo (RoleInfo.java:shutdownFollowerState(121)) - 3909bd6a-278d-4911-9d70-32680c972d02: shutdown FollowerState
2019-10-17 21:16:24,627 [grpc-default-executor-4] INFO  impl.RaftServerImpl (RaftServerImpl.java:setRole(184)) - 7c510082-4284-44ef-8cd9-bb38fb15579f@group-62509A8A5C15: changes role from  FOLLOWER to FOLLOWER at term 431 for recognizeCandidate:d2424f4d-20d2-4104-abcc-02e6288f3ffc
2019-10-17 21:16:24,627 [grpc-default-executor-4] INFO  impl.RoleInfo (RoleInfo.java:shutdownFollowerState(121)) - 7c510082-4284-44ef-8cd9-bb38fb15579f: shutdown FollowerState
2019-10-17 21:16:24,627 [Thread-2848] INFO  impl.FollowerState (FollowerState.java:run(117)) - 3909bd6a-278d-4911-9d70-32680c972d02@group-62509A8A5C15-FollowerState was interrupted: java.lang.InterruptedException: sleep interrupted
2019-10-17 21:16:24,627 [grpc-default-executor-2] INFO  impl.RoleInfo (RoleInfo.java:updateAndGet(143)) - 3909bd6a-278d-4911-9d70-32680c972d02: start FollowerState
2019-10-17 21:16:24,627 [Thread-2849] INFO  impl.FollowerState (FollowerState.java:run(117)) - 7c510082-4284-44ef-8cd9-bb38fb15579f@group-62509A8A5C15-FollowerState was interrupted: java.lang.InterruptedException: sleep interrupted
2019-10-17 21:16:24,627 [grpc-default-executor-4] INFO  impl.RoleInfo (RoleInfo.java:updateAndGet(143)) - 7c510082-4284-44ef-8cd9-bb38fb15579f: start FollowerState
2019-10-17 21:16:24,653 [d2424f4d-20d2-4104-abcc-02e6288f3ffc@group-62509A8A5C15-LeaderElection390] INFO  impl.LeaderElection (LeaderElection.java:logAndReturn(56)) - d2424f4d-20d2-4104-abcc-02e6288f3ffc@group-62509A8A5C15-LeaderElection390: Election REJECTED; received 2 response(s) [d2424f4d-20d2-4104-abcc-02e6288f3ffc<-3909bd6a-278d-4911-9d70-32680c972d02#0:FAIL-t431, d2424f4d-20d2-4104-abcc-02e6288f3ffc<-7c510082-4284-44ef-8cd9-bb38fb15579f#0:FAIL-t431] and 0 exception(s); d2424f4d-20d2-4104-abcc-02e6288f3ffc@group-62509A8A5C15:t431, leader=null, voted=d2424f4d-20d2-4104-abcc-02e6288f3ffc, raftlog=d2424f4d-20d2-4104-abcc-02e6288f3ffc@group-62509A8A5C15-SegmentedRaftLog:OPENED:c-1,f-1,i0, conf=-1: [3909bd6a-278d-4911-9d70-32680c972d02:192.168.157.223:33343, d2424f4d-20d2-4104-abcc-02e6288f3ffc:192.168.157.223:39352, 7c510082-4284-44ef-8cd9-bb38fb15579f:192.168.157.223:33098], old=null
2019-10-17 21:16:24,654 [d2424f4d-20d2-4104-abcc-02e6288f3ffc@group-62509A8A5C15-LeaderElection390] INFO  impl.RaftServerImpl (RaftServerImpl.java:setRole(184)) - d2424f4d-20d2-4104-abcc-02e6288f3ffc@group-62509A8A5C15: changes role from CANDIDATE to FOLLOWER at term 431 for DISCOVERED_A_NEW_TERM
2019-10-17 21:16:24,654 [d2424f4d-20d2-4104-abcc-02e6288f3ffc@group-62509A8A5C15-LeaderElection390] INFO  impl.RoleInfo (RoleInfo.java:shutdownLeaderElection(134)) - d2424f4d-20d2-4104-abcc-02e6288f3ffc: shutdown LeaderElection
2019-10-17 21:16:24,654 [d2424f4d-20d2-4104-abcc-02e6288f3ffc@group-62509A8A5C15-LeaderElection390] INFO  impl.RoleInfo (RoleInfo.java:updateAndGet(143)) - d2424f4d-20d2-4104-abcc-02e6288f3ffc: start FollowerState
2019-10-17 21:16:24,700 [Thread-2859] INFO  impl.FollowerState (FollowerState.java:run(108)) - d2424f4d-20d2-4104-abcc-02e6288f3ffc@group-62509A8A5C15-FollowerState: change to CANDIDATE, lastRpcTime:46ms, electionTimeout:46ms
2019-10-17 21:16:24,700 [Thread-2859] INFO  impl.RoleInfo (RoleInfo.java:shutdownFollowerState(121)) - d2424f4d-20d2-4104-abcc-02e6288f3ffc: shutdown FollowerState
2019-10-17 21:16:24,700 [Thread-2859] INFO  impl.RaftServerImpl (RaftServerImpl.java:setRole(184)) - d2424f4d-20d2-4104-abcc-02e6288f3ffc@group-62509A8A5C15: changes role from  FOLLOWER to CANDIDATE at term 431 for changeToCandidate
2019-10-17 21:16:24,700 [Thread-2859] INFO  impl.RoleInfo (RoleInfo.java:updateAndGet(143)) - d2424f4d-20d2-4104-abcc-02e6288f3ffc: start LeaderElection
2019-10-17 21:16:24,713 [d2424f4d-20d2-4104-abcc-02e6288f3ffc@group-62509A8A5C15-LeaderElection391] INFO  impl.LeaderElection (LeaderElection.java:askForVotes(178)) - d2424f4d-20d2-4104-abcc-02e6288f3ffc@group-62509A8A5C15-LeaderElection391: begin an election at term 432 for -1: [3909bd6a-278d-4911-9d70-32680c972d02:192.168.157.223:33343, d2424f4d-20d2-4104-abcc-02e6288f3ffc:192.168.157.223:39352, 7c510082-4284-44ef-8cd9-bb38fb15579f:192.168.157.223:33098], old=null
2019-10-17 21:16:24,715 [grpc-default-executor-2] INFO  impl.RaftServerImpl (RaftServerImpl.java:setRole(184)) - 7c510082-4284-44ef-8cd9-bb38fb15579f@group-62509A8A5C15: changes role from  FOLLOWER to FOLLOWER at term 432 for recognizeCandidate:d2424f4d-20d2-4104-abcc-02e6288f3ffc
2019-10-17 21:16:24,715 [grpc-default-executor-2] INFO  impl.RoleInfo (RoleInfo.java:shutdownFollowerState(121)) - 7c510082-4284-44ef-8cd9-bb38fb15579f: shutdown FollowerState
2019-10-17 21:16:24,715 [grpc-default-executor-4] INFO  impl.RaftServerImpl (RaftServerImpl.java:setRole(184)) - 3909bd6a-278d-4911-9d70-32680c972d02@group-62509A8A5C15: changes role from  FOLLOWER to FOLLOWER at term 432 for recognizeCandidate:d2424f4d-20d2-4104-abcc-02e6288f3ffc
2019-10-17 21:16:24,715 [grpc-default-executor-4] INFO  impl.RoleInfo (RoleInfo.java:shutdownFollowerState(121)) - 3909bd6a-278d-4911-9d70-32680c972d02: shutdown FollowerState
2019-10-17 21:16:24,715 [Thread-2858] INFO  impl.FollowerState (FollowerState.java:run(117)) - 7c510082-4284-44ef-8cd9-bb38fb15579f@group-62509A8A5C15-FollowerState was interrupted: java.lang.InterruptedException: sleep interrupted
2019-10-17 21:16:24,715 [Thread-2857] INFO  impl.FollowerState (FollowerState.java:run(117)) - 3909bd6a-278d-4911-9d70-32680c972d02@group-62509A8A5C15-FollowerState was interrupted: java.lang.InterruptedException: sleep interrupted
2019-10-17 21:16:24,715 [grpc-default-executor-2] INFO  impl.RoleInfo (RoleInfo.java:updateAndGet(143)) - 7c510082-4284-44ef-8cd9-bb38fb15579f: start FollowerState
2019-10-17 21:16:24,715 [grpc-default-executor-4] INFO  impl.RoleInfo (RoleInfo.java:updateAndGet(143)) - 3909bd6a-278d-4911-9d70-32680c972d02: start FollowerState
2019-10-17 21:16:24,727 [d2424f4d-20d2-4104-abcc-02e6288f3ffc@group-62509A8A5C15-LeaderElection391] INFO  impl.LeaderElection (LeaderElection.java:logAndReturn(56)) - d2424f4d-20d2-4104-abcc-02e6288f3ffc@group-62509A8A5C15-LeaderElection391: Election TIMEOUT; received 0 response(s) [] and 0 exception(s); d2424f4d-20d2-4104-abcc-02e6288f3ffc@group-62509A8A5C15:t432, leader=null, voted=d2424f4d-20d2-4104-abcc-02e6288f3ffc, raftlog=d2424f4d-20d2-4104-abcc-02e6288f3ffc@group-62509A8A5C15-SegmentedRaftLog:OPENED:c-1,f-1,i0, conf=-1: [3909bd6a-278d-4911-9d70-32680c972d02:192.168.157.223:33343, d2424f4d-20d2-4104-abcc-02e6288f3ffc:192.168.157.223:39352, 7c510082-4284-44ef-8cd9-bb38fb15579f:192.168.157.223:33098], old=null
2019-10-17 21:16:24,743 [d2424f4d-20d2-4104-abcc-02e6288f3ffc@group-62509A8A5C15-LeaderElection391] INFO  impl.LeaderElection (LeaderElection.java:askForVotes(178)) - d2424f4d-20d2-4104-abcc-02e6288f3ffc@group-62509A8A5C15-LeaderElection391: begin an election at term 433 for -1: [3909bd6a-278d-4911-9d70-32680c972d02:192.168.157.223:33343, d2424f4d-20d2-4104-abcc-02e6288f3ffc:192.168.157.223:39352, 7c510082-4284-44ef-8cd9-bb38fb15579f:192.168.157.223:33098], old=null
2019-10-17 21:16:24,744 [grpc-default-executor-4] INFO  impl.RaftServerImpl (RaftServerImpl.java:setRole(184)) - 3909bd6a-278d-4911-9d70-32680c972d02@group-62509A8A5C15: changes role from  FOLLOWER to FOLLOWER at term 433 for recognizeCandidate:d2424f4d-20d2-4104-abcc-02e6288f3ffc
2019-10-17 21:16:24,744 [grpc-default-executor-4] INFO  impl.RoleInfo (RoleInfo.java:shutdownFollowerState(121)) - 3909bd6a-278d-4911-9d70-32680c972d02: shutdown FollowerState
2019-10-17 21:16:24,745 [grpc-default-executor-4] INFO  impl.RoleInfo (RoleInfo.java:updateAndGet(143)) - 3909bd6a-278d-4911-9d70-32680c972d02: start FollowerState
2019-10-17 21:16:24,745 [Thread-2865] INFO  impl.FollowerState (FollowerState.java:run(117)) - 3909bd6a-278d-4911-9d70-32680c972d02@group-62509A8A5C15-FollowerState was interrupted: java.lang.InterruptedException: sleep interrupted
2019-10-17 21:16:24,745 [grpc-default-executor-2] INFO  impl.RaftServerImpl (RaftServerImpl.java:setRole(184)) - 7c510082-4284-44ef-8cd9-bb38fb15579f@group-62509A8A5C15: changes role from  FOLLOWER to FOLLOWER at term 433 for recognizeCandidate:d2424f4d-20d2-4104-abcc-02e6288f3ffc
2019-10-17 21:16:24,745 [grpc-default-executor-2] INFO  impl.RoleInfo (RoleInfo.java:shutdownFollowerState(121)) - 7c510082-4284-44ef-8cd9-bb38fb15579f: shutdown FollowerState
2019-10-17 21:16:24,745 [grpc-default-executor-2] INFO  impl.RoleInfo (RoleInfo.java:updateAndGet(143)) - 7c510082-4284-44ef-8cd9-bb38fb15579f: start FollowerState
2019-10-17 21:16:24,745 [Thread-2864] INFO  impl.FollowerState (FollowerState.java:run(117)) - 7c510082-4284-44ef-8cd9-bb38fb15579f@group-62509A8A5C15-FollowerState was interrupted: java.lang.InterruptedException: sleep interrupted
2019-10-17 21:16:24,752 [d2424f4d-20d2-4104-abcc-02e6288f3ffc@group-62509A8A5C15-LeaderElection391] INFO  impl.LeaderElection (LeaderElection.java:logAndReturn(56)) - d2424f4d-20d2-4104-abcc-02e6288f3ffc@group-62509A8A5C15-LeaderElection391: Election TIMEOUT; received 0 response(s) [] and 0 exception(s); d2424f4d-20d2-4104-abcc-02e6288f3ffc@group-62509A8A5C15:t433, leader=null, voted=d2424f4d-20d2-4104-abcc-02e6288f3ffc, raftlog=d2424f4d-20d2-4104-abcc-02e6288f3ffc@group-62509A8A5C15-SegmentedRaftLog:OPENED:c-1,f-1,i0, conf=-1: [3909bd6a-278d-4911-9d70-32680c972d02:192.168.157.223:33343, d2424f4d-20d2-4104-abcc-02e6288f3ffc:192.168.157.223:39352, 7c510082-4284-44ef-8cd9-bb38fb15579f:192.168.157.223:33098], old=null
2019-10-17 21:16:24,771 [d2424f4d-20d2-4104-abcc-02e6288f3ffc@group-62509A8A5C15-LeaderElection391] INFO  impl.LeaderElection (LeaderElection.java:askForVotes(178)) - d2424f4d-20d2-4104-abcc-02e6288f3ffc@group-62509A8A5C15-LeaderElection391: begin an election at term 434 for -1: [3909bd6a-278d-4911-9d70-32680c972d02:192.168.157.223:33343, d2424f4d-20d2-4104-abcc-02e6288f3ffc:192.168.157.223:39352, 7c510082-4284-44ef-8cd9-bb38fb15579f:192.168.157.223:33098], old=null
2019-10-17 21:16:24,773 [grpc-default-executor-2] INFO  impl.RaftServerImpl (RaftServerImpl.java:setRole(184)) - 3909bd6a-278d-4911-9d70-32680c972d02@group-62509A8A5C15: changes role from  FOLLOWER to FOLLOWER at term 434 for recognizeCandidate:d2424f4d-20d2-4104-abcc-02e6288f3ffc
2019-10-17 21:16:24,773 [grpc-default-executor-2] INFO  impl.RoleInfo (RoleInfo.java:shutdownFollowerState(121)) - 3909bd6a-278d-4911-9d70-32680c972d02: shutdown FollowerState
2019-10-17 21:16:24,773 [grpc-default-executor-4] INFO  impl.RaftServerImpl (RaftServerImpl.java:setRole(184)) - 7c510082-4284-44ef-8cd9-bb38fb15579f@group-62509A8A5C15: changes role from  FOLLOWER to FOLLOWER at term 434 for recognizeCandidate:d2424f4d-20d2-4104-abcc-02e6288f3ffc
2019-10-17 21:16:24,773 [grpc-default-executor-4] INFO  impl.RoleInfo (RoleInfo.java:shutdownFollowerState(121)) - 7c510082-4284-44ef-8cd9-bb38fb15579f: shutdown FollowerState
2019-10-17 21:16:24,773 [Thread-2868] INFO  impl.FollowerState (FollowerState.java:run(117)) - 3909bd6a-278d-4911-9d70-32680c972d02@group-62509A8A5C15-FollowerState was interrupted: java.lang.InterruptedException: sleep interrupted
2019-10-17 21:16:24,773 [grpc-default-executor-2] INFO  impl.RoleInfo (RoleInfo.java:updateAndGet(143)) - 3909bd6a-278d-4911-9d70-32680c972d02: start FollowerState
2019-10-17 21:16:24,773 [Thread-2869] INFO  impl.FollowerState (FollowerState.java:run(117)) - 7c510082-4284-44ef-8cd9-bb38fb15579f@group-62509A8A5C15-FollowerState was interrupted: java.lang.InterruptedException: sleep interrupted
2019-10-17 21:16:24,773 [grpc-default-executor-4] INFO  impl.RoleInfo (RoleInfo.java:updateAndGet(143)) - 7c510082-4284-44ef-8cd9-bb38fb15579f: start FollowerState
2019-10-17 21:16:24,798 [d2424f4d-20d2-4104-abcc-02e6288f3ffc@group-62509A8A5C15-LeaderElection391] INFO  impl.LeaderElection (LeaderElection.java:logAndReturn(56)) - d2424f4d-20d2-4104-abcc-02e6288f3ffc@group-62509A8A5C15-LeaderElection391: Election REJECTED; received 2 response(s) [d2424f4d-20d2-4104-abcc-02e6288f3ffc<-3909bd6a-278d-4911-9d70-32680c972d02#0:FAIL-t434, d2424f4d-20d2-4104-abcc-02e6288f3ffc<-7c510082-4284-44ef-8cd9-bb38fb15579f#0:FAIL-t434] and 0 exception(s); d2424f4d-20d2-4104-abcc-02e6288f3ffc@group-62509A8A5C15:t434, leader=null, voted=d2424f4d-20d2-4104-abcc-02e6288f3ffc, raftlog=d2424f4d-20d2-4104-abcc-02e6288f3ffc@group-62509A8A5C15-SegmentedRaftLog:OPENED:c-1,f-1,i0, conf=-1: [3909bd6a-278d-4911-9d70-32680c972d02:192.168.157.223:33343, d2424f4d-20d2-4104-abcc-02e6288f3ffc:192.168.157.223:39352, 7c510082-4284-44ef-8cd9-bb38fb15579f:192.168.157.223:33098], old=null
2019-10-17 21:16:24,798 [d2424f4d-20d2-4104-abcc-02e6288f3ffc@group-62509A8A5C15-LeaderElection391] INFO  impl.RaftServerImpl (RaftServerImpl.java:setRole(184)) - d2424f4d-20d2-4104-abcc-02e6288f3ffc@group-62509A8A5C15: changes role from CANDIDATE to FOLLOWER at term 434 for DISCOVERED_A_NEW_TERM
2019-10-17 21:16:24,798 [d2424f4d-20d2-4104-abcc-02e6288f3ffc@group-62509A8A5C15-LeaderElection391] INFO  impl.RoleInfo (RoleInfo.java:shutdownLeaderElection(134)) - d2424f4d-20d2-4104-abcc-02e6288f3ffc: shutdown LeaderElection
2019-10-17 21:16:24,798 [d2424f4d-20d2-4104-abcc-02e6288f3ffc@group-62509A8A5C15-LeaderElection391] INFO  impl.RoleInfo (RoleInfo.java:updateAndGet(143)) - d2424f4d-20d2-4104-abcc-02e6288f3ffc: start FollowerState
2019-10-17 21:16:24,882 [Thread-2874] INFO  impl.FollowerState (FollowerState.java:run(108)) - d2424f4d-20d2-4104-abcc-02e6288f3ffc@group-62509A8A5C15-FollowerState: change to CANDIDATE, lastRpcTime:84ms, electionTimeout:84ms
2019-10-17 21:16:24,883 [Thread-2874] INFO  impl.RoleInfo (RoleInfo.java:shutdownFollowerState(121)) - d2424f4d-20d2-4104-abcc-02e6288f3ffc: shutdown FollowerState
2019-10-17 21:16:24,883 [Thread-2874] INFO  impl.RaftServerImpl (RaftServerImpl.java:setRole(184)) - d2424f4d-20d2-4104-abcc-02e6288f3ffc@group-62509A8A5C15: changes role from  FOLLOWER to CANDIDATE at term 434 for changeToCandidate
2019-10-17 21:16:24,883 [Thread-2874] INFO  impl.RoleInfo (RoleInfo.java:updateAndGet(143)) - d2424f4d-20d2-4104-abcc-02e6288f3ffc: start LeaderElection
2019-10-17 21:16:24,908 [d2424f4d-20d2-4104-abcc-02e6288f3ffc@group-62509A8A5C15-LeaderElection392] INFO  impl.LeaderElection (LeaderElection.java:askForVotes(178)) - d2424f4d-20d2-4104-abcc-02e6288f3ffc@group-62509A8A5C15-LeaderElection392: begin an election at term 435 for -1: [3909bd6a-278d-4911-9d70-32680c972d02:192.168.157.223:33343, d2424f4d-20d2-4104-abcc-02e6288f3ffc:192.168.157.223:39352, 7c510082-4284-44ef-8cd9-bb38fb15579f:192.168.157.223:33098], old=null
2019-10-17 21:16:24,910 [grpc-default-executor-2] INFO  impl.RaftServerImpl (RaftServerImpl.java:setRole(184)) - 3909bd6a-278d-4911-9d70-32680c972d02@group-62509A8A5C15: changes role from  FOLLOWER to FOLLOWER at term 435 for recognizeCandidate:d2424f4d-20d2-4104-abcc-02e6288f3ffc
2019-10-17 21:16:24,910 [grpc-default-executor-2] INFO  impl.RoleInfo (RoleInfo.java:shutdownFollowerState(121)) - 3909bd6a-278d-4911-9d70-32680c972d02: shutdown FollowerState
2019-10-17 21:16:24,910 [grpc-default-executor-4] INFO  impl.RaftServerImpl (RaftServerImpl.java:setRole(184)) - 7c510082-4284-44ef-8cd9-bb38fb15579f@group-62509A8A5C15: changes role from  FOLLOWER to FOLLOWER at term 435 for recognizeCandidate:d2424f4d-20d2-4104-abcc-02e6288f3ffc
2019-10-17 21:16:24,910 [grpc-default-executor-4] INFO  impl.RoleInfo (RoleInfo.java:shutdownFollowerState(121)) - 7c510082-4284-44ef-8cd9-bb38fb15579f: shutdown FollowerState
2019-10-17 21:16:24,910 [Thread-2872] INFO  impl.FollowerState (FollowerState.java:run(117)) - 3909bd6a-278d-4911-9d70-32680c972d02@group-62509A8A5C15-FollowerState was interrupted: java.lang.InterruptedException: sleep interrupted
2019-10-17 21:16:24,911 [Thread-2873] INFO  impl.FollowerState (FollowerState.java:run(117)) - 7c510082-4284-44ef-8cd9-bb38fb15579f@group-62509A8A5C15-FollowerState was interrupted: java.lang.InterruptedException: sleep interrupted
2019-10-17 21:16:24,910 [grpc-default-executor-2] INFO  impl.RoleInfo (RoleInfo.java:updateAndGet(143)) - 3909bd6a-278d-4911-9d70-32680c972d02: start FollowerState
2019-10-17 21:16:24,911 [grpc-default-executor-4] INFO  impl.RoleInfo (RoleInfo.java:updateAndGet(143)) - 7c510082-4284-44ef-8cd9-bb38fb15579f: start FollowerState
2019-10-17 21:16:24,936 [d2424f4d-20d2-4104-abcc-02e6288f3ffc@group-62509A8A5C15-LeaderElection392] INFO  impl.LeaderElection (LeaderElection.java:logAndReturn(56)) - d2424f4d-20d2-4104-abcc-02e6288f3ffc@group-62509A8A5C15-LeaderElection392: Election REJECTED; received 2 response(s) [d2424f4d-20d2-4104-abcc-02e6288f3ffc<-3909bd6a-278d-4911-9d70-32680c972d02#0:FAIL-t435, d2424f4d-20d2-4104-abcc-02e6288f3ffc<-7c510082-4284-44ef-8cd9-bb38fb15579f#0:FAIL-t435] and 0 exception(s); d2424f4d-20d2-4104-abcc-02e6288f3ffc@group-62509A8A5C15:t435, leader=null, voted=d2424f4d-20d2-4104-abcc-02e6288f3ffc, raftlog=d2424f4d-20d2-4104-abcc-02e6288f3ffc@group-62509A8A5C15-SegmentedRaftLog:OPENED:c-1,f-1,i0, conf=-1: [3909bd6a-278d-4911-9d70-32680c972d02:192.168.157.223:33343, d2424f4d-20d2-4104-abcc-02e6288f3ffc:192.168.157.223:39352, 7c510082-4284-44ef-8cd9-bb38fb15579f:192.168.157.223:33098], old=null
2019-10-17 21:16:24,936 [d2424f4d-20d2-4104-abcc-02e6288f3ffc@group-62509A8A5C15-LeaderElection392] INFO  impl.RaftServerImpl (RaftServerImpl.java:setRole(184)) - d2424f4d-20d2-4104-abcc-02e6288f3ffc@group-62509A8A5C15: changes role from CANDIDATE to FOLLOWER at term 435 for DISCOVERED_A_NEW_TERM
2019-10-17 21:16:24,936 [d2424f4d-20d2-4104-abcc-02e6288f3ffc@group-62509A8A5C15-LeaderElection392] INFO  impl.RoleInfo (RoleInfo.java:shutdownLeaderElection(134)) - d2424f4d-20d2-4104-abcc-02e6288f3ffc: shutdown LeaderElection
2019-10-17 21:16:24,937 [d2424f4d-20d2-4104-abcc-02e6288f3ffc@group-62509A8A5C15-LeaderElection392] INFO  impl.RoleInfo (RoleInfo.java:updateAndGet(143)) - d2424f4d-20d2-4104-abcc-02e6288f3ffc: start FollowerState
2019-10-17 21:16:25,018 [Thread-2880] INFO  impl.FollowerState (FollowerState.java:run(108)) - d2424f4d-20d2-4104-abcc-02e6288f3ffc@group-62509A8A5C15-FollowerState: change to CANDIDATE, lastRpcTime:81ms, electionTimeout:81ms
2019-10-17 21:16:25,018 [Thread-2880] INFO  impl.RoleInfo (RoleInfo.java:shutdownFollowerState(121)) - d2424f4d-20d2-4104-abcc-02e6288f3ffc: shutdown FollowerState
2019-10-17 21:16:25,018 [Thread-2880] INFO  impl.RaftServerImpl (RaftServerImpl.java:setRole(184)) - d2424f4d-20d2-4104-abcc-02e6288f3ffc@group-62509A8A5C15: changes role from  FOLLOWER to CANDIDATE at term 435 for changeToCandidate
2019-10-17 21:16:25,019 [Thread-2880] INFO  impl.RoleInfo (RoleInfo.java:updateAndGet(143)) - d2424f4d-20d2-4104-abcc-02e6288f3ffc: start LeaderElection
2019-10-17 21:16:25,034 [d2424f4d-20d2-4104-abcc-02e6288f3ffc@group-62509A8A5C15-LeaderElection393] INFO  impl.LeaderElection (LeaderElection.java:askForVotes(178)) - d2424f4d-20d2-4104-abcc-02e6288f3ffc@group-62509A8A5C15-LeaderElection393: begin an election at term 436 for -1: [3909bd6a-278d-4911-9d70-32680c972d02:192.168.157.223:33343, d2424f4d-20d2-4104-abcc-02e6288f3ffc:192.168.157.223:39352, 7c510082-4284-44ef-8cd9-bb38fb15579f:192.168.157.223:33098], old=null
2019-10-17 21:16:25,035 [grpc-default-executor-2] INFO  impl.RaftServerImpl (RaftServerImpl.java:setRole(184)) - 3909bd6a-278d-4911-9d70-32680c972d02@group-62509A8A5C15: changes role from  FOLLOWER to FOLLOWER at term 436 for recognizeCandidate:d2424f4d-20d2-4104-abcc-02e6288f3ffc
2019-10-17 21:16:25,035 [grpc-default-executor-2] INFO  impl.RoleInfo (RoleInfo.java:shutdownFollowerState(121)) - 3909bd6a-278d-4911-9d70-32680c972d02: shutdown FollowerState
2019-10-17 21:16:25,036 [grpc-default-executor-2] INFO  impl.RoleInfo (RoleInfo.java:updateAndGet(143)) - 3909bd6a-278d-4911-9d70-32680c972d02: start FollowerState
2019-10-17 21:16:25,036 [Thread-2878] INFO  impl.FollowerState (FollowerState.java:run(117)) - 3909bd6a-278d-4911-9d70-32680c972d02@group-62509A8A5C15-FollowerState was interrupted: java.lang.InterruptedException: sleep interrupted
2019-10-17 21:16:25,036 [grpc-default-executor-4] INFO  impl.RaftServerImpl (RaftServerImpl.java:setRole(184)) - 7c510082-4284-44ef-8cd9-bb38fb15579f@group-62509A8A5C15: changes role from  FOLLOWER to FOLLOWER at term 436 for recognizeCandidate:d2424f4d-20d2-4104-abcc-02e6288f3ffc
2019-10-17 21:16:25,036 [grpc-default-executor-4] INFO  impl.RoleInfo (RoleInfo.java:shutdownFollowerState(121)) - 7c510082-4284-44ef-8cd9-bb38fb15579f: shutdown FollowerState
2019-10-17 21:16:25,036 [grpc-default-executor-4] INFO  impl.RoleInfo (RoleInfo.java:updateAndGet(143)) - 7c510082-4284-44ef-8cd9-bb38fb15579f: start FollowerState
2019-10-17 21:16:25,036 [Thread-2879] INFO  impl.FollowerState (FollowerState.java:run(117)) - 7c510082-4284-44ef-8cd9-bb38fb15579f@group-62509A8A5C15-FollowerState was interrupted: java.lang.InterruptedException: sleep interrupted
2019-10-17 21:16:25,057 [d2424f4d-20d2-4104-abcc-02e6288f3ffc@group-62509A8A5C15-LeaderElection393] INFO  impl.LeaderElection (LeaderElection.java:logAndReturn(56)) - d2424f4d-20d2-4104-abcc-02e6288f3ffc@group-62509A8A5C15-LeaderElection393: Election REJECTED; received 2 response(s) [d2424f4d-20d2-4104-abcc-02e6288f3ffc<-3909bd6a-278d-4911-9d70-32680c972d02#0:FAIL-t436, d2424f4d-20d2-4104-abcc-02e6288f3ffc<-7c510082-4284-44ef-8cd9-bb38fb15579f#0:FAIL-t436] and 0 exception(s); d2424f4d-20d2-4104-abcc-02e6288f3ffc@group-62509A8A5C15:t436, leader=null, voted=d2424f4d-20d2-4104-abcc-02e6288f3ffc, raftlog=d2424f4d-20d2-4104-abcc-02e6288f3ffc@group-62509A8A5C15-SegmentedRaftLog:OPENED:c-1,f-1,i0, conf=-1: [3909bd6a-278d-4911-9d70-32680c972d02:192.168.157.223:33343, d2424f4d-20d2-4104-abcc-02e6288f3ffc:192.168.157.223:39352, 7c510082-4284-44ef-8cd9-bb38fb15579f:192.168.157.223:33098], old=null
2019-10-17 21:16:25,058 [d2424f4d-20d2-4104-abcc-02e6288f3ffc@group-62509A8A5C15-LeaderElection393] INFO  impl.RaftServerImpl (RaftServerImpl.java:setRole(184)) - d2424f4d-20d2-4104-abcc-02e6288f3ffc@group-62509A8A5C15: changes role from CANDIDATE to FOLLOWER at term 436 for DISCOVERED_A_NEW_TERM
2019-10-17 21:16:25,058 [d2424f4d-20d2-4104-abcc-02e6288f3ffc@group-62509A8A5C15-LeaderElection393] INFO  impl.RoleInfo (RoleInfo.java:shutdownLeaderElection(134)) - d2424f4d-20d2-4104-abcc-02e6288f3ffc: shutdown LeaderElection
2019-10-17 21:16:25,058 [d2424f4d-20d2-4104-abcc-02e6288f3ffc@group-62509A8A5C15-LeaderElection393] INFO  impl.RoleInfo (RoleInfo.java:updateAndGet(143)) - d2424f4d-20d2-4104-abcc-02e6288f3ffc: start FollowerState
2019-10-17 21:16:25,071 [Thread-2886] INFO  impl.FollowerState (FollowerState.java:run(108)) - d2424f4d-20d2-4104-abcc-02e6288f3ffc@group-62509A8A5C15-FollowerState: change to CANDIDATE, lastRpcTime:12ms, electionTimeout:12ms
2019-10-17 21:16:25,071 [Thread-2886] INFO  impl.RoleInfo (RoleInfo.java:shutdownFollowerState(121)) - d2424f4d-20d2-4104-abcc-02e6288f3ffc: shutdown FollowerState
2019-10-17 21:16:25,071 [Thread-2886] INFO  impl.RaftServerImpl (RaftServerImpl.java:setRole(184)) - d2424f4d-20d2-4104-abcc-02e6288f3ffc@group-62509A8A5C15: changes role from  FOLLOWER to CANDIDATE at term 436 for changeToCandidate
2019-10-17 21:16:25,071 [Thread-2886] INFO  impl.RoleInfo (RoleInfo.java:updateAndGet(143)) - d2424f4d-20d2-4104-abcc-02e6288f3ffc: start LeaderElection
2019-10-17 21:16:25,085 [d2424f4d-20d2-4104-abcc-02e6288f3ffc@group-62509A8A5C15-LeaderElection394] INFO  impl.LeaderElection (LeaderElection.java:askForVotes(178)) - d2424f4d-20d2-4104-abcc-02e6288f3ffc@group-62509A8A5C15-LeaderElection394: begin an election at term 437 for -1: [3909bd6a-278d-4911-9d70-32680c972d02:192.168.157.223:33343, d2424f4d-20d2-4104-abcc-02e6288f3ffc:192.168.157.223:39352, 7c510082-4284-44ef-8cd9-bb38fb15579f:192.168.157.223:33098], old=null
2019-10-17 21:16:25,087 [grpc-default-executor-2] INFO  impl.RaftServerImpl (RaftServerImpl.java:setRole(184)) - 3909bd6a-278d-4911-9d70-32680c972d02@group-62509A8A5C15: changes role from  FOLLOWER to FOLLOWER at term 437 for recognizeCandidate:d2424f4d-20d2-4104-abcc-02e6288f3ffc
2019-10-17 21:16:25,087 [grpc-default-executor-2] INFO  impl.RoleInfo (RoleInfo.java:shutdownFollowerState(121)) - 3909bd6a-278d-4911-9d70-32680c972d02: shutdown FollowerState
2019-10-17 21:16:25,087 [grpc-default-executor-4] INFO  impl.RaftServerImpl (RaftServerImpl.java:setRole(184)) - 7c510082-4284-44ef-8cd9-bb38fb15579f@group-62509A8A5C15: changes role from  FOLLOWER to FOLLOWER at term 437 for recognizeCandidate:d2424f4d-20d2-4104-abcc-02e6288f3ffc
2019-10-17 21:16:25,087 [grpc-default-executor-4] INFO  impl.RoleInfo (RoleInfo.java:shutdownFollowerState(121)) - 7c510082-4284-44ef-8cd9-bb38fb15579f: shutdown FollowerState
2019-10-17 21:16:25,087 [grpc-default-executor-4] INFO  impl.RoleInfo (RoleInfo.java:updateAndGet(143)) - 7c510082-4284-44ef-8cd9-bb38fb15579f: start FollowerState
2019-10-17 21:16:25,087 [Thread-2884] INFO  impl.FollowerState (FollowerState.java:run(117)) - 3909bd6a-278d-4911-9d70-32680c972d02@group-62509A8A5C15-FollowerState was interrupted: java.lang.InterruptedException: sleep interrupted
2019-10-17 21:16:25,087 [grpc-default-executor-2] INFO  impl.RoleInfo (RoleInfo.java:updateAndGet(143)) - 3909bd6a-278d-4911-9d70-32680c972d02: start FollowerState
2019-10-17 21:16:25,087 [Thread-2885] INFO  impl.FollowerState (FollowerState.java:run(117)) - 7c510082-4284-44ef-8cd9-bb38fb15579f@group-62509A8A5C15-FollowerState was interrupted: java.lang.InterruptedException: sleep interrupted
2019-10-17 21:16:25,102 [d2424f4d-20d2-4104-abcc-02e6288f3ffc@group-62509A8A5C15-LeaderElection394] INFO  impl.LeaderElection (LeaderElection.java:logAndReturn(56)) - d2424f4d-20d2-4104-abcc-02e6288f3ffc@group-62509A8A5C15-LeaderElection394: Election REJECTED; received 2 response(s) [d2424f4d-20d2-4104-abcc-02e6288f3ffc<-3909bd6a-278d-4911-9d70-32680c972d02#0:FAIL-t437, d2424f4d-20d2-4104-abcc-02e6288f3ffc<-7c510082-4284-44ef-8cd9-bb38fb15579f#0:FAIL-t437] and 0 exception(s); d2424f4d-20d2-4104-abcc-02e6288f3ffc@group-62509A8A5C15:t437, leader=null, voted=d2424f4d-20d2-4104-abcc-02e6288f3ffc, raftlog=d2424f4d-20d2-4104-abcc-02e6288f3ffc@group-62509A8A5C15-SegmentedRaftLog:OPENED:c-1,f-1,i0, conf=-1: [3909bd6a-278d-4911-9d70-32680c972d02:192.168.157.223:33343, d2424f4d-20d2-4104-abcc-02e6288f3ffc:192.168.157.223:39352, 7c510082-4284-44ef-8cd9-bb38fb15579f:192.168.157.223:33098], old=null
2019-10-17 21:16:25,102 [d2424f4d-20d2-4104-abcc-02e6288f3ffc@group-62509A8A5C15-LeaderElection394] INFO  impl.RaftServerImpl (RaftServerImpl.java:setRole(184)) - d2424f4d-20d2-4104-abcc-02e6288f3ffc@group-62509A8A5C15: changes role from CANDIDATE to FOLLOWER at term 437 for DISCOVERED_A_NEW_TERM
2019-10-17 21:16:25,102 [d2424f4d-20d2-4104-abcc-02e6288f3ffc@group-62509A8A5C15-LeaderElection394] INFO  impl.RoleInfo (RoleInfo.java:shutdownLeaderElection(134)) - d2424f4d-20d2-4104-abcc-02e6288f3ffc: shutdown LeaderElection
2019-10-17 21:16:25,102 [d2424f4d-20d2-4104-abcc-02e6288f3ffc@group-62509A8A5C15-LeaderElection394] INFO  impl.RoleInfo (RoleInfo.java:updateAndGet(143)) - d2424f4d-20d2-4104-abcc-02e6288f3ffc: start FollowerState
2019-10-17 21:16:25,155 [Thread-2892] INFO  impl.FollowerState (FollowerState.java:run(108)) - d2424f4d-20d2-4104-abcc-02e6288f3ffc@group-62509A8A5C15-FollowerState: change to CANDIDATE, lastRpcTime:52ms, electionTimeout:52ms
2019-10-17 21:16:25,155 [Thread-2892] INFO  impl.RoleInfo (RoleInfo.java:shutdownFollowerState(121)) - d2424f4d-20d2-4104-abcc-02e6288f3ffc: shutdown FollowerState
2019-10-17 21:16:25,155 [Thread-2892] INFO  impl.RaftServerImpl (RaftServerImpl.java:setRole(184)) - d2424f4d-20d2-4104-abcc-02e6288f3ffc@group-62509A8A5C15: changes role from  FOLLOWER to CANDIDATE at term 437 for changeToCandidate
2019-10-17 21:16:25,155 [Thread-2892] INFO  impl.RoleInfo (RoleInfo.java:updateAndGet(143)) - d2424f4d-20d2-4104-abcc-02e6288f3ffc: start LeaderElection
2019-10-17 21:16:25,180 [d2424f4d-20d2-4104-abcc-02e6288f3ffc@group-62509A8A5C15-LeaderElection395] INFO  impl.LeaderElection (LeaderElection.java:askForVotes(178)) - d2424f4d-20d2-4104-abcc-02e6288f3ffc@group-62509A8A5C15-LeaderElection395: begin an election at term 438 for -1: [3909bd6a-278d-4911-9d70-32680c972d02:192.168.157.223:33343, d2424f4d-20d2-4104-abcc-02e6288f3ffc:192.168.157.223:39352, 7c510082-4284-44ef-8cd9-bb38fb15579f:192.168.157.223:33098], old=null
2019-10-17 21:16:25,182 [grpc-default-executor-4] INFO  impl.RaftServerImpl (RaftServerImpl.java:setRole(184)) - 3909bd6a-278d-4911-9d70-32680c972d02@group-62509A8A5C15: changes role from  FOLLOWER to FOLLOWER at term 438 for recognizeCandidate:d2424f4d-20d2-4104-abcc-02e6288f3ffc
2019-10-17 21:16:25,182 [grpc-default-executor-4] INFO  impl.RoleInfo (RoleInfo.java:shutdownFollowerState(121)) - 3909bd6a-278d-4911-9d70-32680c972d02: shutdown FollowerState
2019-10-17 21:16:25,182 [grpc-default-executor-2] INFO  impl.RaftServerImpl (RaftServerImpl.java:setRole(184)) - 7c510082-4284-44ef-8cd9-bb38fb15579f@group-62509A8A5C15: changes role from  FOLLOWER to FOLLOWER at term 438 for recognizeCandidate:d2424f4d-20d2-4104-abcc-02e6288f3ffc
2019-10-17 21:16:25,182 [grpc-default-executor-2] INFO  impl.RoleInfo (RoleInfo.java:shutdownFollowerState(121)) - 7c510082-4284-44ef-8cd9-bb38fb15579f: shutdown FollowerState
2019-10-17 21:16:25,182 [Thread-2890] INFO  impl.FollowerState (FollowerState.java:run(117)) - 3909bd6a-278d-4911-9d70-32680c972d02@group-62509A8A5C15-FollowerState was interrupted: java.lang.InterruptedException: sleep interrupted
2019-10-17 21:16:25,182 [grpc-default-executor-4] INFO  impl.RoleInfo (RoleInfo.java:updateAndGet(143)) - 3909bd6a-278d-4911-9d70-32680c972d02: start FollowerState
2019-10-17 21:16:25,182 [Thread-2891] INFO  impl.FollowerState (FollowerState.java:run(117)) - 7c510082-4284-44ef-8cd9-bb38fb15579f@group-62509A8A5C15-FollowerState was interrupted: java.lang.InterruptedException: sleep interrupted
2019-10-17 21:16:25,182 [grpc-default-executor-2] INFO  impl.RoleInfo (RoleInfo.java:updateAndGet(143)) - 7c510082-4284-44ef-8cd9-bb38fb15579f: start FollowerState
2019-10-17 21:16:25,208 [d2424f4d-20d2-4104-abcc-02e6288f3ffc@group-62509A8A5C15-LeaderElection395] INFO  impl.LeaderElection (LeaderElection.java:logAndReturn(56)) - d2424f4d-20d2-4104-abcc-02e6288f3ffc@group-62509A8A5C15-LeaderElection395: Election REJECTED; received 2 response(s) [d2424f4d-20d2-4104-abcc-02e6288f3ffc<-3909bd6a-278d-4911-9d70-32680c972d02#0:FAIL-t438, d2424f4d-20d2-4104-abcc-02e6288f3ffc<-7c510082-4284-44ef-8cd9-bb38fb15579f#0:FAIL-t438] and 0 exception(s); d2424f4d-20d2-4104-abcc-02e6288f3ffc@group-62509A8A5C15:t438, leader=null, voted=d2424f4d-20d2-4104-abcc-02e6288f3ffc, raftlog=d2424f4d-20d2-4104-abcc-02e6288f3ffc@group-62509A8A5C15-SegmentedRaftLog:OPENED:c-1,f-1,i0, conf=-1: [3909bd6a-278d-4911-9d70-32680c972d02:192.168.157.223:33343, d2424f4d-20d2-4104-abcc-02e6288f3ffc:192.168.157.223:39352, 7c510082-4284-44ef-8cd9-bb38fb15579f:192.168.157.223:33098], old=null
2019-10-17 21:16:25,208 [d2424f4d-20d2-4104-abcc-02e6288f3ffc@group-62509A8A5C15-LeaderElection395] INFO  impl.RaftServerImpl (RaftServerImpl.java:setRole(184)) - d2424f4d-20d2-4104-abcc-02e6288f3ffc@group-62509A8A5C15: changes role from CANDIDATE to FOLLOWER at term 438 for DISCOVERED_A_NEW_TERM
2019-10-17 21:16:25,209 [d2424f4d-20d2-4104-abcc-02e6288f3ffc@group-62509A8A5C15-LeaderElection395] INFO  impl.RoleInfo (RoleInfo.java:shutdownLeaderElection(134)) - d2424f4d-20d2-4104-abcc-02e6288f3ffc: shutdown LeaderElection
2019-10-17 21:16:25,209 [d2424f4d-20d2-4104-abcc-02e6288f3ffc@group-62509A8A5C15-LeaderElection395] INFO  impl.RoleInfo (RoleInfo.java:updateAndGet(143)) - d2424f4d-20d2-4104-abcc-02e6288f3ffc: start FollowerState
2019-10-17 21:16:25,323 [Thread-2898] INFO  impl.FollowerState (FollowerState.java:run(108)) - d2424f4d-20d2-4104-abcc-02e6288f3ffc@group-62509A8A5C15-FollowerState: change to CANDIDATE, lastRpcTime:114ms, electionTimeout:114ms
2019-10-17 21:16:25,323 [Thread-2898] INFO  impl.RoleInfo (RoleInfo.java:shutdownFollowerState(121)) - d2424f4d-20d2-4104-abcc-02e6288f3ffc: shutdown FollowerState
2019-10-17 21:16:25,323 [Thread-2898] INFO  impl.RaftServerImpl (RaftServerImpl.java:setRole(184)) - d2424f4d-20d2-4104-abcc-02e6288f3ffc@group-62509A8A5C15: changes role from  FOLLOWER to CANDIDATE at term 438 for changeToCandidate
2019-10-17 21:16:25,323 [Thread-2898] INFO  impl.RoleInfo (RoleInfo.java:updateAndGet(143)) - d2424f4d-20d2-4104-abcc-02e6288f3ffc: start LeaderElection
2019-10-17 21:16:25,344 [d2424f4d-20d2-4104-abcc-02e6288f3ffc@group-62509A8A5C15-LeaderElection396] INFO  impl.LeaderElection (LeaderElection.java:askForVotes(178)) - d2424f4d-20d2-4104-abcc-02e6288f3ffc@group-62509A8A5C15-LeaderElection396: begin an election at term 439 for -1: [3909bd6a-278d-4911-9d70-32680c972d02:192.168.157.223:33343, d2424f4d-20d2-4104-abcc-02e6288f3ffc:192.168.157.223:39352, 7c510082-4284-44ef-8cd9-bb38fb15579f:192.168.157.223:33098], old=null
2019-10-17 21:16:25,346 [grpc-default-executor-4] INFO  impl.RaftServerImpl (RaftServerImpl.java:setRole(184)) - 3909bd6a-278d-4911-9d70-32680c972d02@group-62509A8A5C15: changes role from  FOLLOWER to FOLLOWER at term 439 for recognizeCandidate:d2424f4d-20d2-4104-abcc-02e6288f3ffc
2019-10-17 21:16:25,346 [grpc-default-executor-4] INFO  impl.RoleInfo (RoleInfo.java:shutdownFollowerState(121)) - 3909bd6a-278d-4911-9d70-32680c972d02: shutdown FollowerState
2019-10-17 21:16:25,346 [grpc-default-executor-4] INFO  impl.RoleInfo (RoleInfo.java:updateAndGet(143)) - 3909bd6a-278d-4911-9d70-32680c972d02: start FollowerState
2019-10-17 21:16:25,346 [grpc-default-executor-2] INFO  impl.RaftServerImpl (RaftServerImpl.java:setRole(184)) - 7c510082-4284-44ef-8cd9-bb38fb15579f@group-62509A8A5C15: changes role from  FOLLOWER to FOLLOWER at term 439 for recognizeCandidate:d2424f4d-20d2-4104-abcc-02e6288f3ffc
2019-10-17 21:16:25,346 [grpc-default-executor-2] INFO  impl.RoleInfo (RoleInfo.java:shutdownFollowerState(121)) - 7c510082-4284-44ef-8cd9-bb38fb15579f: shutdown FollowerState
2019-10-17 21:16:25,346 [Thread-2896] INFO  impl.FollowerState (FollowerState.java:run(117)) - 3909bd6a-278d-4911-9d70-32680c972d02@group-62509A8A5C15-FollowerState was interrupted: java.lang.InterruptedException: sleep interrupted
2019-10-17 21:16:25,346 [grpc-default-executor-2] INFO  impl.RoleInfo (RoleInfo.java:updateAndGet(143)) - 7c510082-4284-44ef-8cd9-bb38fb15579f: start FollowerState
2019-10-17 21:16:25,346 [Thread-2897] INFO  impl.FollowerState (FollowerState.java:run(117)) - 7c510082-4284-44ef-8cd9-bb38fb15579f@group-62509A8A5C15-FollowerState was interrupted: java.lang.InterruptedException: sleep interrupted
2019-10-17 21:16:25,360 [d2424f4d-20d2-4104-abcc-02e6288f3ffc@group-62509A8A5C15-LeaderElection396] INFO  impl.LeaderElection (LeaderElection.java:logAndReturn(56)) - d2424f4d-20d2-4104-abcc-02e6288f3ffc@group-62509A8A5C15-LeaderElection396: Election REJECTED; received 2 response(s) [d2424f4d-20d2-4104-abcc-02e6288f3ffc<-3909bd6a-278d-4911-9d70-32680c972d02#0:FAIL-t439, d2424f4d-20d2-4104-abcc-02e6288f3ffc<-7c510082-4284-44ef-8cd9-bb38fb15579f#0:FAIL-t439] and 0 exception(s); d2424f4d-20d2-4104-abcc-02e6288f3ffc@group-62509A8A5C15:t439, leader=null, voted=d2424f4d-20d2-4104-abcc-02e6288f3ffc, raftlog=d2424f4d-20d2-4104-abcc-02e6288f3ffc@group-62509A8A5C15-SegmentedRaftLog:OPENED:c-1,f-1,i0, conf=-1: [3909bd6a-278d-4911-9d70-32680c972d02:192.168.157.223:33343, d2424f4d-20d2-4104-abcc-02e6288f3ffc:192.168.157.223:39352, 7c510082-4284-44ef-8cd9-bb38fb15579f:192.168.157.223:33098], old=null
2019-10-17 21:16:25,361 [d2424f4d-20d2-4104-abcc-02e6288f3ffc@group-62509A8A5C15-LeaderElection396] INFO  impl.RaftServerImpl (RaftServerImpl.java:setRole(184)) - d2424f4d-20d2-4104-abcc-02e6288f3ffc@group-62509A8A5C15: changes role from CANDIDATE to FOLLOWER at term 439 for DISCOVERED_A_NEW_TERM
2019-10-17 21:16:25,361 [d2424f4d-20d2-4104-abcc-02e6288f3ffc@group-62509A8A5C15-LeaderElection396] INFO  impl.RoleInfo (RoleInfo.java:shutdownLeaderElection(134)) - d2424f4d-20d2-4104-abcc-02e6288f3ffc: shutdown LeaderElection
2019-10-17 21:16:25,361 [d2424f4d-20d2-4104-abcc-02e6288f3ffc@group-62509A8A5C15-LeaderElection396] INFO  impl.RoleInfo (RoleInfo.java:updateAndGet(143)) - d2424f4d-20d2-4104-abcc-02e6288f3ffc: start FollowerState
2019-10-17 21:16:25,556 [Thread-2906] INFO  impl.FollowerState (FollowerState.java:run(108)) - d2424f4d-20d2-4104-abcc-02e6288f3ffc@group-62509A8A5C15-FollowerState: change to CANDIDATE, lastRpcTime:195ms, electionTimeout:195ms
2019-10-17 21:16:25,556 [Thread-2906] INFO  impl.RoleInfo (RoleInfo.java:shutdownFollowerState(121)) - d2424f4d-20d2-4104-abcc-02e6288f3ffc: shutdown FollowerState
2019-10-17 21:16:25,556 [Thread-2906] INFO  impl.RaftServerImpl (RaftServerImpl.java:setRole(184)) - d2424f4d-20d2-4104-abcc-02e6288f3ffc@group-62509A8A5C15: changes role from  FOLLOWER to CANDIDATE at term 439 for changeToCandidate
2019-10-17 21:16:25,557 [Thread-2906] INFO  impl.RoleInfo (RoleInfo.java:updateAndGet(143)) - d2424f4d-20d2-4104-abcc-02e6288f3ffc: start LeaderElection
2019-10-17 21:16:25,578 [d2424f4d-20d2-4104-abcc-02e6288f3ffc@group-62509A8A5C15-LeaderElection397] INFO  impl.LeaderElection (LeaderElection.java:askForVotes(178)) - d2424f4d-20d2-4104-abcc-02e6288f3ffc@group-62509A8A5C15-LeaderElection397: begin an election at term 440 for -1: [3909bd6a-278d-4911-9d70-32680c972d02:192.168.157.223:33343, d2424f4d-20d2-4104-abcc-02e6288f3ffc:192.168.157.223:39352, 7c510082-4284-44ef-8cd9-bb38fb15579f:192.168.157.223:33098], old=null
2019-10-17 21:16:25,579 [grpc-default-executor-2] INFO  impl.RaftServerImpl (RaftServerImpl.java:setRole(184)) - 3909bd6a-278d-4911-9d70-32680c972d02@group-62509A8A5C15: changes role from  FOLLOWER to FOLLOWER at term 440 for recognizeCandidate:d2424f4d-20d2-4104-abcc-02e6288f3ffc
2019-10-17 21:16:25,579 [grpc-default-executor-2] INFO  impl.RoleInfo (RoleInfo.java:shutdownFollowerState(121)) - 3909bd6a-278d-4911-9d70-32680c972d02: shutdown FollowerState
2019-10-17 21:16:25,579 [grpc-default-executor-4] INFO  impl.RaftServerImpl (RaftServerImpl.java:setRole(184)) - 7c510082-4284-44ef-8cd9-bb38fb15579f@group-62509A8A5C15: changes role from  FOLLOWER to FOLLOWER at term 440 for recognizeCandidate:d2424f4d-20d2-4104-abcc-02e6288f3ffc
2019-10-17 21:16:25,580 [grpc-default-executor-4] INFO  impl.RoleInfo (RoleInfo.java:shutdownFollowerState(121)) - 7c510082-4284-44ef-8cd9-bb38fb15579f: shutdown FollowerState
2019-10-17 21:16:25,580 [Thread-2904] INFO  impl.FollowerState (FollowerState.java:run(117)) - 3909bd6a-278d-4911-9d70-32680c972d02@group-62509A8A5C15-FollowerState was interrupted: java.lang.InterruptedException: sleep interrupted
2019-10-17 21:16:25,580 [grpc-default-executor-2] INFO  impl.RoleInfo (RoleInfo.java:updateAndGet(143)) - 3909bd6a-278d-4911-9d70-32680c972d02: start FollowerState
2019-10-17 21:16:25,580 [Thread-2905] INFO  impl.FollowerState (FollowerState.java:run(117)) - 7c510082-4284-44ef-8cd9-bb38fb15579f@group-62509A8A5C15-FollowerState was interrupted: java.lang.InterruptedException: sleep interrupted
2019-10-17 21:16:25,580 [grpc-default-executor-4] INFO  impl.RoleInfo (RoleInfo.java:updateAndGet(143)) - 7c510082-4284-44ef-8cd9-bb38fb15579f: start FollowerState
2019-10-17 21:16:25,580 [d2424f4d-20d2-4104-abcc-02e6288f3ffc@group-62509A8A5C15-LeaderElection397] INFO  impl.LeaderElection (LeaderElection.java:logAndReturn(56)) - d2424f4d-20d2-4104-abcc-02e6288f3ffc@group-62509A8A5C15-LeaderElection397: Election TIMEOUT; received 0 response(s) [] and 0 exception(s); d2424f4d-20d2-4104-abcc-02e6288f3ffc@group-62509A8A5C15:t440, leader=null, voted=d2424f4d-20d2-4104-abcc-02e6288f3ffc, raftlog=d2424f4d-20d2-4104-abcc-02e6288f3ffc@group-62509A8A5C15-SegmentedRaftLog:OPENED:c-1,f-1,i0, conf=-1: [3909bd6a-278d-4911-9d70-32680c972d02:192.168.157.223:33343, d2424f4d-20d2-4104-abcc-02e6288f3ffc:192.168.157.223:39352, 7c510082-4284-44ef-8cd9-bb38fb15579f:192.168.157.223:33098], old=null
2019-10-17 21:16:25,596 [d2424f4d-20d2-4104-abcc-02e6288f3ffc@group-62509A8A5C15-LeaderElection397] INFO  impl.LeaderElection (LeaderElection.java:askForVotes(178)) - d2424f4d-20d2-4104-abcc-02e6288f3ffc@group-62509A8A5C15-LeaderElection397: begin an election at term 441 for -1: [3909bd6a-278d-4911-9d70-32680c972d02:192.168.157.223:33343, d2424f4d-20d2-4104-abcc-02e6288f3ffc:192.168.157.223:39352, 7c510082-4284-44ef-8cd9-bb38fb15579f:192.168.157.223:33098], old=null
2019-10-17 21:16:25,598 [grpc-default-executor-2] INFO  impl.RaftServerImpl (RaftServerImpl.java:setRole(184)) - 3909bd6a-278d-4911-9d70-32680c972d02@group-62509A8A5C15: changes role from  FOLLOWER to FOLLOWER at term 441 for recognizeCandidate:d2424f4d-20d2-4104-abcc-02e6288f3ffc
2019-10-17 21:16:25,598 [grpc-default-executor-2] INFO  impl.RoleInfo (RoleInfo.java:shutdownFollowerState(121)) - 3909bd6a-278d-4911-9d70-32680c972d02: shutdown FollowerState
2019-10-17 21:16:25,598 [grpc-default-executor-2] INFO  impl.RoleInfo (RoleInfo.java:updateAndGet(143)) - 3909bd6a-278d-4911-9d70-32680c972d02: start FollowerState
2019-10-17 21:16:25,598 [Thread-2910] INFO  impl.FollowerState (FollowerState.java:run(117)) - 3909bd6a-278d-4911-9d70-32680c972d02@group-62509A8A5C15-FollowerState was interrupted: java.lang.InterruptedException: sleep interrupted
2019-10-17 21:16:25,598 [grpc-default-executor-4] INFO  impl.RaftServerImpl (RaftServerImpl.java:setRole(184)) - 7c510082-4284-44ef-8cd9-bb38fb15579f@group-62509A8A5C15: changes role from  FOLLOWER to FOLLOWER at term 441 for recognizeCandidate:d2424f4d-20d2-4104-abcc-02e6288f3ffc
2019-10-17 21:16:25,598 [grpc-default-executor-4] INFO  impl.RoleInfo (RoleInfo.java:shutdownFollowerState(121)) - 7c510082-4284-44ef-8cd9-bb38fb15579f: shutdown FollowerState
2019-10-17 21:16:25,598 [grpc-default-executor-4] INFO  impl.RoleInfo (RoleInfo.java:updateAndGet(143)) - 7c510082-4284-44ef-8cd9-bb38fb15579f: start FollowerState
2019-10-17 21:16:25,598 [Thread-2911] INFO  impl.FollowerState (FollowerState.java:run(117)) - 7c510082-4284-44ef-8cd9-bb38fb15579f@group-62509A8A5C15-FollowerState was interrupted: java.lang.InterruptedException: sleep interrupted
2019-10-17 21:16:25,613 [d2424f4d-20d2-4104-abcc-02e6288f3ffc@group-62509A8A5C15-LeaderElection397] INFO  impl.LeaderElection (LeaderElection.java:logAndReturn(56)) - d2424f4d-20d2-4104-abcc-02e6288f3ffc@group-62509A8A5C15-LeaderElection397: Election REJECTED; received 2 response(s) [d2424f4d-20d2-4104-abcc-02e6288f3ffc<-3909bd6a-278d-4911-9d70-32680c972d02#0:FAIL-t441, d2424f4d-20d2-4104-abcc-02e6288f3ffc<-7c510082-4284-44ef-8cd9-bb38fb15579f#0:FAIL-t441] and 0 exception(s); d2424f4d-20d2-4104-abcc-02e6288f3ffc@group-62509A8A5C15:t441, leader=null, voted=d2424f4d-20d2-4104-abcc-02e6288f3ffc, raftlog=d2424f4d-20d2-4104-abcc-02e6288f3ffc@group-62509A8A5C15-SegmentedRaftLog:OPENED:c-1,f-1,i0, conf=-1: [3909bd6a-278d-4911-9d70-32680c972d02:192.168.157.223:33343, d2424f4d-20d2-4104-abcc-02e6288f3ffc:192.168.157.223:39352, 7c510082-4284-44ef-8cd9-bb38fb15579f:192.168.157.223:33098], old=null
2019-10-17 21:16:25,613 [d2424f4d-20d2-4104-abcc-02e6288f3ffc@group-62509A8A5C15-LeaderElection397] INFO  impl.RaftServerImpl (RaftServerImpl.java:setRole(184)) - d2424f4d-20d2-4104-abcc-02e6288f3ffc@group-62509A8A5C15: changes role from CANDIDATE to FOLLOWER at term 441 for DISCOVERED_A_NEW_TERM
2019-10-17 21:16:25,613 [d2424f4d-20d2-4104-abcc-02e6288f3ffc@group-62509A8A5C15-LeaderElection397] INFO  impl.RoleInfo (RoleInfo.java:shutdownLeaderElection(134)) - d2424f4d-20d2-4104-abcc-02e6288f3ffc: shutdown LeaderElection
2019-10-17 21:16:25,613 [d2424f4d-20d2-4104-abcc-02e6288f3ffc@group-62509A8A5C15-LeaderElection397] INFO  impl.RoleInfo (RoleInfo.java:updateAndGet(143)) - d2424f4d-20d2-4104-abcc-02e6288f3ffc: start FollowerState
2019-10-17 21:16:25,707 [Thread-2916] INFO  impl.FollowerState (FollowerState.java:run(108)) - d2424f4d-20d2-4104-abcc-02e6288f3ffc@group-62509A8A5C15-FollowerState: change to CANDIDATE, lastRpcTime:94ms, electionTimeout:94ms
2019-10-17 21:16:25,708 [Thread-2916] INFO  impl.RoleInfo (RoleInfo.java:shutdownFollowerState(121)) - d2424f4d-20d2-4104-abcc-02e6288f3ffc: shutdown FollowerState
2019-10-17 21:16:25,708 [Thread-2916] INFO  impl.RaftServerImpl (RaftServerImpl.java:setRole(184)) - d2424f4d-20d2-4104-abcc-02e6288f3ffc@group-62509A8A5C15: changes role from  FOLLOWER to CANDIDATE at term 441 for changeToCandidate
2019-10-17 21:16:25,708 [Thread-2916] INFO  impl.RoleInfo (RoleInfo.java:updateAndGet(143)) - d2424f4d-20d2-4104-abcc-02e6288f3ffc: start LeaderElection
2019-10-17 21:16:25,722 [d2424f4d-20d2-4104-abcc-02e6288f3ffc@group-62509A8A5C15-LeaderElection398] INFO  impl.LeaderElection (LeaderElection.java:askForVotes(178)) - d2424f4d-20d2-4104-abcc-02e6288f3ffc@group-62509A8A5C15-LeaderElection398: begin an election at term 442 for -1: [3909bd6a-278d-4911-9d70-32680c972d02:192.168.157.223:33343, d2424f4d-20d2-4104-abcc-02e6288f3ffc:192.168.157.223:39352, 7c510082-4284-44ef-8cd9-bb38fb15579f:192.168.157.223:33098], old=null
2019-10-17 21:16:25,723 [grpc-default-executor-2] INFO  impl.RaftServerImpl (RaftServerImpl.java:setRole(184)) - 7c510082-4284-44ef-8cd9-bb38fb15579f@group-62509A8A5C15: changes role from  FOLLOWER to FOLLOWER at term 442 for recognizeCandidate:d2424f4d-20d2-4104-abcc-02e6288f3ffc
2019-10-17 21:16:25,723 [grpc-default-executor-2] INFO  impl.RoleInfo (RoleInfo.java:shutdownFollowerState(121)) - 7c510082-4284-44ef-8cd9-bb38fb15579f: shutdown FollowerState
2019-10-17 21:16:25,723 [grpc-default-executor-4] INFO  impl.RaftServerImpl (RaftServerImpl.java:setRole(184)) - 3909bd6a-278d-4911-9d70-32680c972d02@group-62509A8A5C15: changes role from  FOLLOWER to FOLLOWER at term 442 for recognizeCandidate:d2424f4d-20d2-4104-abcc-02e6288f3ffc
2019-10-17 21:16:25,724 [Thread-2915] INFO  impl.FollowerState (FollowerState.java:run(117)) - 7c510082-4284-44ef-8cd9-bb38fb15579f@group-62509A8A5C15-FollowerState was interrupted: java.lang.InterruptedException: sleep interrupted
2019-10-17 21:16:25,723 [grpc-default-executor-2] INFO  impl.RoleInfo (RoleInfo.java:updateAndGet(143)) - 7c510082-4284-44ef-8cd9-bb38fb15579f: start FollowerState
2019-10-17 21:16:25,724 [grpc-default-executor-4] INFO  impl.RoleInfo (RoleInfo.java:shutdownFollowerState(121)) - 3909bd6a-278d-4911-9d70-32680c972d02: shutdown FollowerState
2019-10-17 21:16:25,724 [grpc-default-executor-4] INFO  impl.RoleInfo (RoleInfo.java:updateAndGet(143)) - 3909bd6a-278d-4911-9d70-32680c972d02: start FollowerState
2019-10-17 21:16:25,724 [Thread-2914] INFO  impl.FollowerState (FollowerState.java:run(117)) - 3909bd6a-278d-4911-9d70-32680c972d02@group-62509A8A5C15-FollowerState was interrupted: java.lang.InterruptedException: sleep interrupted
2019-10-17 21:16:25,751 [d2424f4d-20d2-4104-abcc-02e6288f3ffc@group-62509A8A5C15-LeaderElection398] INFO  impl.LeaderElection (LeaderElection.java:logAndReturn(56)) - d2424f4d-20d2-4104-abcc-02e6288f3ffc@group-62509A8A5C15-LeaderElection398: Election REJECTED; received 2 response(s) [d2424f4d-20d2-4104-abcc-02e6288f3ffc<-3909bd6a-278d-4911-9d70-32680c972d02#0:FAIL-t442, d2424f4d-20d2-4104-abcc-02e6288f3ffc<-7c510082-4284-44ef-8cd9-bb38fb15579f#0:FAIL-t442] and 0 exception(s); d2424f4d-20d2-4104-abcc-02e6288f3ffc@group-62509A8A5C15:t442, leader=null, voted=d2424f4d-20d2-4104-abcc-02e6288f3ffc, raftlog=d2424f4d-20d2-4104-abcc-02e6288f3ffc@group-62509A8A5C15-SegmentedRaftLog:OPENED:c-1,f-1,i0, conf=-1: [3909bd6a-278d-4911-9d70-32680c972d02:192.168.157.223:33343, d2424f4d-20d2-4104-abcc-02e6288f3ffc:192.168.157.223:39352, 7c510082-4284-44ef-8cd9-bb38fb15579f:192.168.157.223:33098], old=null
2019-10-17 21:16:25,751 [d2424f4d-20d2-4104-abcc-02e6288f3ffc@group-62509A8A5C15-LeaderElection398] INFO  impl.RaftServerImpl (RaftServerImpl.java:setRole(184)) - d2424f4d-20d2-4104-abcc-02e6288f3ffc@group-62509A8A5C15: changes role from CANDIDATE to FOLLOWER at term 442 for DISCOVERED_A_NEW_TERM
2019-10-17 21:16:25,751 [d2424f4d-20d2-4104-abcc-02e6288f3ffc@group-62509A8A5C15-LeaderElection398] INFO  impl.RoleInfo (RoleInfo.java:shutdownLeaderElection(134)) - d2424f4d-20d2-4104-abcc-02e6288f3ffc: shutdown LeaderElection
2019-10-17 21:16:25,751 [d2424f4d-20d2-4104-abcc-02e6288f3ffc@group-62509A8A5C15-LeaderElection398] INFO  impl.RoleInfo (RoleInfo.java:updateAndGet(143)) - d2424f4d-20d2-4104-abcc-02e6288f3ffc: start FollowerState
2019-10-17 21:16:25,934 [Thread-2922] INFO  impl.FollowerState (FollowerState.java:run(108)) - d2424f4d-20d2-4104-abcc-02e6288f3ffc@group-62509A8A5C15-FollowerState: change to CANDIDATE, lastRpcTime:183ms, electionTimeout:183ms
2019-10-17 21:16:25,935 [Thread-2922] INFO  impl.RoleInfo (RoleInfo.java:shutdownFollowerState(121)) - d2424f4d-20d2-4104-abcc-02e6288f3ffc: shutdown FollowerState
2019-10-17 21:16:25,935 [Thread-2922] INFO  impl.RaftServerImpl (RaftServerImpl.java:setRole(184)) - d2424f4d-20d2-4104-abcc-02e6288f3ffc@group-62509A8A5C15: changes role from  FOLLOWER to CANDIDATE at term 442 for changeToCandidate
2019-10-17 21:16:25,935 [Thread-2922] INFO  impl.RoleInfo (RoleInfo.java:updateAndGet(143)) - d2424f4d-20d2-4104-abcc-02e6288f3ffc: start LeaderElection
2019-10-17 21:16:25,949 [d2424f4d-20d2-4104-abcc-02e6288f3ffc@group-62509A8A5C15-LeaderElection399] INFO  impl.LeaderElection (LeaderElection.java:askForVotes(178)) - d2424f4d-20d2-4104-abcc-02e6288f3ffc@group-62509A8A5C15-LeaderElection399: begin an election at term 443 for -1: [3909bd6a-278d-4911-9d70-32680c972d02:192.168.157.223:33343, d2424f4d-20d2-4104-abcc-02e6288f3ffc:192.168.157.223:39352, 7c510082-4284-44ef-8cd9-bb38fb15579f:192.168.157.223:33098], old=null
2019-10-17 21:16:25,951 [grpc-default-executor-4] INFO  impl.RaftServerImpl (RaftServerImpl.java:setRole(184)) - 7c510082-4284-44ef-8cd9-bb38fb15579f@group-62509A8A5C15: changes role from  FOLLOWER to FOLLOWER at term 443 for recognizeCandidate:d2424f4d-20d2-4104-abcc-02e6288f3ffc
2019-10-17 21:16:25,951 [grpc-default-executor-2] INFO  impl.RaftServerImpl (RaftServerImpl.java:setRole(184)) - 3909bd6a-278d-4911-9d70-32680c972d02@group-62509A8A5C15: changes role from  FOLLOWER to FOLLOWER at term 443 for recognizeCandidate:d2424f4d-20d2-4104-abcc-02e6288f3ffc
2019-10-17 21:16:25,952 [grpc-default-executor-2] INFO  impl.RoleInfo (RoleInfo.java:shutdownFollowerState(121)) - 3909bd6a-278d-4911-9d70-32680c972d02: shutdown FollowerState
2019-10-17 21:16:25,952 [grpc-default-executor-4] INFO  impl.RoleInfo (RoleInfo.java:shutdownFollowerState(121)) - 7c510082-4284-44ef-8cd9-bb38fb15579f: shutdown FollowerState
2019-10-17 21:16:25,952 [grpc-default-executor-4] INFO  impl.RoleInfo (RoleInfo.java:updateAndGet(143)) - 7c510082-4284-44ef-8cd9-bb38fb15579f: start FollowerState
2019-10-17 21:16:25,952 [Thread-2921] INFO  impl.FollowerState (FollowerState.java:run(117)) - 3909bd6a-278d-4911-9d70-32680c972d02@group-62509A8A5C15-FollowerState was interrupted: java.lang.InterruptedException: sleep interrupted
2019-10-17 21:16:25,952 [grpc-default-executor-2] INFO  impl.RoleInfo (RoleInfo.java:updateAndGet(143)) - 3909bd6a-278d-4911-9d70-32680c972d02: start FollowerState
2019-10-17 21:16:25,952 [Thread-2920] INFO  impl.FollowerState (FollowerState.java:run(117)) - 7c510082-4284-44ef-8cd9-bb38fb15579f@group-62509A8A5C15-FollowerState was interrupted: java.lang.InterruptedException: sleep interrupted
2019-10-17 21:16:25,968 [d2424f4d-20d2-4104-abcc-02e6288f3ffc@group-62509A8A5C15-LeaderElection399] INFO  impl.LeaderElection (LeaderElection.java:logAndReturn(56)) - d2424f4d-20d2-4104-abcc-02e6288f3ffc@group-62509A8A5C15-LeaderElection399: Election REJECTED; received 2 response(s) [d2424f4d-20d2-4104-abcc-02e6288f3ffc<-3909bd6a-278d-4911-9d70-32680c972d02#0:FAIL-t443, d2424f4d-20d2-4104-abcc-02e6288f3ffc<-7c510082-4284-44ef-8cd9-bb38fb15579f#0:FAIL-t443] and 0 exception(s); d2424f4d-20d2-4104-abcc-02e6288f3ffc@group-62509A8A5C15:t443, leader=null, voted=d2424f4d-20d2-4104-abcc-02e6288f3ffc, raftlog=d2424f4d-20d2-4104-abcc-02e6288f3ffc@group-62509A8A5C15-SegmentedRaftLog:OPENED:c-1,f-1,i0, conf=-1: [3909bd6a-278d-4911-9d70-32680c972d02:192.168.157.223:33343, d2424f4d-20d2-4104-abcc-02e6288f3ffc:192.168.157.223:39352, 7c510082-4284-44ef-8cd9-bb38fb15579f:192.168.157.223:33098], old=null
2019-10-17 21:16:25,968 [d2424f4d-20d2-4104-abcc-02e6288f3ffc@group-62509A8A5C15-LeaderElection399] INFO  impl.RaftServerImpl (RaftServerImpl.java:setRole(184)) - d2424f4d-20d2-4104-abcc-02e6288f3ffc@group-62509A8A5C15: changes role from CANDIDATE to FOLLOWER at term 443 for DISCOVERED_A_NEW_TERM
2019-10-17 21:16:25,968 [d2424f4d-20d2-4104-abcc-02e6288f3ffc@group-62509A8A5C15-LeaderElection399] INFO  impl.RoleInfo (RoleInfo.java:shutdownLeaderElection(134)) - d2424f4d-20d2-4104-abcc-02e6288f3ffc: shutdown LeaderElection
2019-10-17 21:16:25,968 [d2424f4d-20d2-4104-abcc-02e6288f3ffc@group-62509A8A5C15-LeaderElection399] INFO  impl.RoleInfo (RoleInfo.java:updateAndGet(143)) - d2424f4d-20d2-4104-abcc-02e6288f3ffc: start FollowerState
2019-10-17 21:16:26,056 [Thread-2928] INFO  impl.FollowerState (FollowerState.java:run(108)) - d2424f4d-20d2-4104-abcc-02e6288f3ffc@group-62509A8A5C15-FollowerState: change to CANDIDATE, lastRpcTime:87ms, electionTimeout:87ms
2019-10-17 21:16:26,056 [Thread-2928] INFO  impl.RoleInfo (RoleInfo.java:shutdownFollowerState(121)) - d2424f4d-20d2-4104-abcc-02e6288f3ffc: shutdown FollowerState
2019-10-17 21:16:26,056 [Thread-2928] INFO  impl.RaftServerImpl (RaftServerImpl.java:setRole(184)) - d2424f4d-20d2-4104-abcc-02e6288f3ffc@group-62509A8A5C15: changes role from  FOLLOWER to CANDIDATE at term 443 for changeToCandidate
2019-10-17 21:16:26,056 [Thread-2928] INFO  impl.RoleInfo (RoleInfo.java:updateAndGet(143)) - d2424f4d-20d2-4104-abcc-02e6288f3ffc: start LeaderElection
2019-10-17 21:16:26,069 [d2424f4d-20d2-4104-abcc-02e6288f3ffc@group-62509A8A5C15-LeaderElection400] INFO  impl.LeaderElection (LeaderElection.java:askForVotes(178)) - d2424f4d-20d2-4104-abcc-02e6288f3ffc@group-62509A8A5C15-LeaderElection400: begin an election at term 444 for -1: [3909bd6a-278d-4911-9d70-32680c972d02:192.168.157.223:33343, d2424f4d-20d2-4104-abcc-02e6288f3ffc:192.168.157.223:39352, 7c510082-4284-44ef-8cd9-bb38fb15579f:192.168.157.223:33098], old=null
2019-10-17 21:16:26,071 [grpc-default-executor-2] INFO  impl.RaftServerImpl (RaftServerImpl.java:setRole(184)) - 3909bd6a-278d-4911-9d70-32680c972d02@group-62509A8A5C15: changes role from  FOLLOWER to FOLLOWER at term 444 for recognizeCandidate:d2424f4d-20d2-4104-abcc-02e6288f3ffc
2019-10-17 21:16:26,071 [grpc-default-executor-2] INFO  impl.RoleInfo (RoleInfo.java:shutdownFollowerState(121)) - 3909bd6a-278d-4911-9d70-32680c972d02: shutdown FollowerState
2019-10-17 21:16:26,071 [grpc-default-executor-4] INFO  impl.RaftServerImpl (RaftServerImpl.java:setRole(184)) - 7c510082-4284-44ef-8cd9-bb38fb15579f@group-62509A8A5C15: changes role from  FOLLOWER to FOLLOWER at term 444 for recognizeCandidate:d2424f4d-20d2-4104-abcc-02e6288f3ffc
2019-10-17 21:16:26,071 [Thread-2926] INFO  impl.FollowerState (FollowerState.java:run(117)) - 3909bd6a-278d-4911-9d70-32680c972d02@group-62509A8A5C15-FollowerState was interrupted: java.lang.InterruptedException: sleep interrupted
2019-10-17 21:16:26,071 [grpc-default-executor-2] INFO  impl.RoleInfo (RoleInfo.java:updateAndGet(143)) - 3909bd6a-278d-4911-9d70-32680c972d02: start FollowerState
2019-10-17 21:16:26,071 [grpc-default-executor-4] INFO  impl.RoleInfo (RoleInfo.java:shutdownFollowerState(121)) - 7c510082-4284-44ef-8cd9-bb38fb15579f: shutdown FollowerState
2019-10-17 21:16:26,072 [grpc-default-executor-4] INFO  impl.RoleInfo (RoleInfo.java:updateAndGet(143)) - 7c510082-4284-44ef-8cd9-bb38fb15579f: start FollowerState
2019-10-17 21:16:26,072 [Thread-2927] INFO  impl.FollowerState (FollowerState.java:run(117)) - 7c510082-4284-44ef-8cd9-bb38fb15579f@group-62509A8A5C15-FollowerState was interrupted: java.lang.InterruptedException: sleep interrupted
2019-10-17 21:16:26,098 [d2424f4d-20d2-4104-abcc-02e6288f3ffc@group-62509A8A5C15-LeaderElection400] INFO  impl.LeaderElection (LeaderElection.java:logAndReturn(56)) - d2424f4d-20d2-4104-abcc-02e6288f3ffc@group-62509A8A5C15-LeaderElection400: Election REJECTED; received 2 response(s) [d2424f4d-20d2-4104-abcc-02e6288f3ffc<-3909bd6a-278d-4911-9d70-32680c972d02#0:FAIL-t444, d2424f4d-20d2-4104-abcc-02e6288f3ffc<-7c510082-4284-44ef-8cd9-bb38fb15579f#0:FAIL-t444] and 0 exception(s); d2424f4d-20d2-4104-abcc-02e6288f3ffc@group-62509A8A5C15:t444, leader=null, voted=d2424f4d-20d2-4104-abcc-02e6288f3ffc, raftlog=d2424f4d-20d2-4104-abcc-02e6288f3ffc@group-62509A8A5C15-SegmentedRaftLog:OPENED:c-1,f-1,i0, conf=-1: [3909bd6a-278d-4911-9d70-32680c972d02:192.168.157.223:33343, d2424f4d-20d2-4104-abcc-02e6288f3ffc:192.168.157.223:39352, 7c510082-4284-44ef-8cd9-bb38fb15579f:192.168.157.223:33098], old=null
2019-10-17 21:16:26,098 [d2424f4d-20d2-4104-abcc-02e6288f3ffc@group-62509A8A5C15-LeaderElection400] INFO  impl.RaftServerImpl (RaftServerImpl.java:setRole(184)) - d2424f4d-20d2-4104-abcc-02e6288f3ffc@group-62509A8A5C15: changes role from CANDIDATE to FOLLOWER at term 444 for DISCOVERED_A_NEW_TERM
2019-10-17 21:16:26,098 [d2424f4d-20d2-4104-abcc-02e6288f3ffc@group-62509A8A5C15-LeaderElection400] INFO  impl.RoleInfo (RoleInfo.java:shutdownLeaderElection(134)) - d2424f4d-20d2-4104-abcc-02e6288f3ffc: shutdown LeaderElection
2019-10-17 21:16:26,098 [d2424f4d-20d2-4104-abcc-02e6288f3ffc@group-62509A8A5C15-LeaderElection400] INFO  impl.RoleInfo (RoleInfo.java:updateAndGet(143)) - d2424f4d-20d2-4104-abcc-02e6288f3ffc: start FollowerState
2019-10-17 21:16:26,297 [Thread-2934] INFO  impl.FollowerState (FollowerState.java:run(108)) - d2424f4d-20d2-4104-abcc-02e6288f3ffc@group-62509A8A5C15-FollowerState: change to CANDIDATE, lastRpcTime:198ms, electionTimeout:198ms
2019-10-17 21:16:26,297 [Thread-2934] INFO  impl.RoleInfo (RoleInfo.java:shutdownFollowerState(121)) - d2424f4d-20d2-4104-abcc-02e6288f3ffc: shutdown FollowerState
2019-10-17 21:16:26,297 [Thread-2934] INFO  impl.RaftServerImpl (RaftServerImpl.java:setRole(184)) - d2424f4d-20d2-4104-abcc-02e6288f3ffc@group-62509A8A5C15: changes role from  FOLLOWER to CANDIDATE at term 444 for changeToCandidate
2019-10-17 21:16:26,297 [Thread-2934] INFO  impl.RoleInfo (RoleInfo.java:updateAndGet(143)) - d2424f4d-20d2-4104-abcc-02e6288f3ffc: start LeaderElection
2019-10-17 21:16:26,310 [d2424f4d-20d2-4104-abcc-02e6288f3ffc@group-62509A8A5C15-LeaderElection401] INFO  impl.LeaderElection (LeaderElection.java:askForVotes(178)) - d2424f4d-20d2-4104-abcc-02e6288f3ffc@group-62509A8A5C15-LeaderElection401: begin an election at term 445 for -1: [3909bd6a-278d-4911-9d70-32680c972d02:192.168.157.223:33343, d2424f4d-20d2-4104-abcc-02e6288f3ffc:192.168.157.223:39352, 7c510082-4284-44ef-8cd9-bb38fb15579f:192.168.157.223:33098], old=null
2019-10-17 21:16:26,312 [grpc-default-executor-4] INFO  impl.RaftServerImpl (RaftServerImpl.java:setRole(184)) - 3909bd6a-278d-4911-9d70-32680c972d02@group-62509A8A5C15: changes role from  FOLLOWER to FOLLOWER at term 445 for recognizeCandidate:d2424f4d-20d2-4104-abcc-02e6288f3ffc
2019-10-17 21:16:26,312 [grpc-default-executor-4] INFO  impl.RoleInfo (RoleInfo.java:shutdownFollowerState(121)) - 3909bd6a-278d-4911-9d70-32680c972d02: shutdown FollowerState
2019-10-17 21:16:26,312 [grpc-default-executor-2] INFO  impl.RaftServerImpl (RaftServerImpl.java:setRole(184)) - 7c510082-4284-44ef-8cd9-bb38fb15579f@group-62509A8A5C15: changes role from  FOLLOWER to FOLLOWER at term 445 for recognizeCandidate:d2424f4d-20d2-4104-abcc-02e6288f3ffc
2019-10-17 21:16:26,312 [grpc-default-executor-2] INFO  impl.RoleInfo (RoleInfo.java:shutdownFollowerState(121)) - 7c510082-4284-44ef-8cd9-bb38fb15579f: shutdown FollowerState
2019-10-17 21:16:26,312 [Thread-2932] INFO  impl.FollowerState (FollowerState.java:run(117)) - 3909bd6a-278d-4911-9d70-32680c972d02@group-62509A8A5C15-FollowerState was interrupted: java.lang.InterruptedException: sleep interrupted
2019-10-17 21:16:26,313 [Thread-2933] INFO  impl.FollowerState (FollowerState.java:run(117)) - 7c510082-4284-44ef-8cd9-bb38fb15579f@group-62509A8A5C15-FollowerState was interrupted: java.lang.InterruptedException: sleep interrupted
2019-10-17 21:16:26,312 [grpc-default-executor-4] INFO  impl.RoleInfo (RoleInfo.java:updateAndGet(143)) - 3909bd6a-278d-4911-9d70-32680c972d02: start FollowerState
2019-10-17 21:16:26,313 [grpc-default-executor-2] INFO  impl.RoleInfo (RoleInfo.java:updateAndGet(143)) - 7c510082-4284-44ef-8cd9-bb38fb15579f: start FollowerState
2019-10-17 21:16:26,328 [d2424f4d-20d2-4104-abcc-02e6288f3ffc@group-62509A8A5C15-LeaderElection401] INFO  impl.LeaderElection (LeaderElection.java:logAndReturn(56)) - d2424f4d-20d2-4104-abcc-02e6288f3ffc@group-62509A8A5C15-LeaderElection401: Election REJECTED; received 2 response(s) [d2424f4d-20d2-4104-abcc-02e6288f3ffc<-3909bd6a-278d-4911-9d70-32680c972d02#0:FAIL-t445, d2424f4d-20d2-4104-abcc-02e6288f3ffc<-7c510082-4284-44ef-8cd9-bb38fb15579f#0:FAIL-t445] and 0 exception(s); d2424f4d-20d2-4104-abcc-02e6288f3ffc@group-62509A8A5C15:t445, leader=null, voted=d2424f4d-20d2-4104-abcc-02e6288f3ffc, raftlog=d2424f4d-20d2-4104-abcc-02e6288f3ffc@group-62509A8A5C15-SegmentedRaftLog:OPENED:c-1,f-1,i0, conf=-1: [3909bd6a-278d-4911-9d70-32680c972d02:192.168.157.223:33343, d2424f4d-20d2-4104-abcc-02e6288f3ffc:192.168.157.223:39352, 7c510082-4284-44ef-8cd9-bb38fb15579f:192.168.157.223:33098], old=null
2019-10-17 21:16:26,328 [d2424f4d-20d2-4104-abcc-02e6288f3ffc@group-62509A8A5C15-LeaderElection401] INFO  impl.RaftServerImpl (RaftServerImpl.java:setRole(184)) - d2424f4d-20d2-4104-abcc-02e6288f3ffc@group-62509A8A5C15: changes role from CANDIDATE to FOLLOWER at term 445 for DISCOVERED_A_NEW_TERM
2019-10-17 21:16:26,328 [d2424f4d-20d2-4104-abcc-02e6288f3ffc@group-62509A8A5C15-LeaderElection401] INFO  impl.RoleInfo (RoleInfo.java:shutdownLeaderElection(134)) - d2424f4d-20d2-4104-abcc-02e6288f3ffc: shutdown LeaderElection
2019-10-17 21:16:26,328 [d2424f4d-20d2-4104-abcc-02e6288f3ffc@group-62509A8A5C15-LeaderElection401] INFO  impl.RoleInfo (RoleInfo.java:updateAndGet(143)) - d2424f4d-20d2-4104-abcc-02e6288f3ffc: start FollowerState
2019-10-17 21:16:26,336 [Thread-2940] INFO  impl.FollowerState (FollowerState.java:run(108)) - d2424f4d-20d2-4104-abcc-02e6288f3ffc@group-62509A8A5C15-FollowerState: change to CANDIDATE, lastRpcTime:8ms, electionTimeout:8ms
2019-10-17 21:16:26,337 [Thread-2940] INFO  impl.RoleInfo (RoleInfo.java:shutdownFollowerState(121)) - d2424f4d-20d2-4104-abcc-02e6288f3ffc: shutdown FollowerState
2019-10-17 21:16:26,337 [Thread-2940] INFO  impl.RaftServerImpl (RaftServerImpl.java:setRole(184)) - d2424f4d-20d2-4104-abcc-02e6288f3ffc@group-62509A8A5C15: changes role from  FOLLOWER to CANDIDATE at term 445 for changeToCandidate
2019-10-17 21:16:26,337 [Thread-2940] INFO  impl.RoleInfo (RoleInfo.java:updateAndGet(143)) - d2424f4d-20d2-4104-abcc-02e6288f3ffc: start LeaderElection
2019-10-17 21:16:26,362 [d2424f4d-20d2-4104-abcc-02e6288f3ffc@group-62509A8A5C15-LeaderElection402] INFO  impl.LeaderElection (LeaderElection.java:askForVotes(178)) - d2424f4d-20d2-4104-abcc-02e6288f3ffc@group-62509A8A5C15-LeaderElection402: begin an election at term 446 for -1: [3909bd6a-278d-4911-9d70-32680c972d02:192.168.157.223:33343, d2424f4d-20d2-4104-abcc-02e6288f3ffc:192.168.157.223:39352, 7c510082-4284-44ef-8cd9-bb38fb15579f:192.168.157.223:33098], old=null
2019-10-17 21:16:26,363 [grpc-default-executor-4] INFO  impl.RaftServerImpl (RaftServerImpl.java:setRole(184)) - 3909bd6a-278d-4911-9d70-32680c972d02@group-62509A8A5C15: changes role from  FOLLOWER to FOLLOWER at term 446 for recognizeCandidate:d2424f4d-20d2-4104-abcc-02e6288f3ffc
2019-10-17 21:16:26,363 [grpc-default-executor-4] INFO  impl.RoleInfo (RoleInfo.java:shutdownFollowerState(121)) - 3909bd6a-278d-4911-9d70-32680c972d02: shutdown FollowerState
2019-10-17 21:16:26,364 [grpc-default-executor-4] INFO  impl.RoleInfo (RoleInfo.java:updateAndGet(143)) - 3909bd6a-278d-4911-9d70-32680c972d02: start FollowerState
2019-10-17 21:16:26,364 [Thread-2938] INFO  impl.FollowerState (FollowerState.java:run(117)) - 3909bd6a-278d-4911-9d70-32680c972d02@group-62509A8A5C15-FollowerState was interrupted: java.lang.InterruptedException: sleep interrupted
2019-10-17 21:16:26,364 [grpc-default-executor-2] INFO  impl.RaftServerImpl (RaftServerImpl.java:setRole(184)) - 7c510082-4284-44ef-8cd9-bb38fb15579f@group-62509A8A5C15: changes role from  FOLLOWER to FOLLOWER at term 446 for recognizeCandidate:d2424f4d-20d2-4104-abcc-02e6288f3ffc
2019-10-17 21:16:26,364 [grpc-default-executor-2] INFO  impl.RoleInfo (RoleInfo.java:shutdownFollowerState(121)) - 7c510082-4284-44ef-8cd9-bb38fb15579f: shutdown FollowerState
2019-10-17 21:16:26,364 [grpc-default-executor-2] INFO  impl.RoleInfo (RoleInfo.java:updateAndGet(143)) - 7c510082-4284-44ef-8cd9-bb38fb15579f: start FollowerState
2019-10-17 21:16:26,364 [Thread-2939] INFO  impl.FollowerState (FollowerState.java:run(117)) - 7c510082-4284-44ef-8cd9-bb38fb15579f@group-62509A8A5C15-FollowerState was interrupted: java.lang.InterruptedException: sleep interrupted
2019-10-17 21:16:26,390 [d2424f4d-20d2-4104-abcc-02e6288f3ffc@group-62509A8A5C15-LeaderElection402] INFO  impl.LeaderElection (LeaderElection.java:logAndReturn(56)) - d2424f4d-20d2-4104-abcc-02e6288f3ffc@group-62509A8A5C15-LeaderElection402: Election REJECTED; received 2 response(s) [d2424f4d-20d2-4104-abcc-02e6288f3ffc<-3909bd6a-278d-4911-9d70-32680c972d02#0:FAIL-t446, d2424f4d-20d2-4104-abcc-02e6288f3ffc<-7c510082-4284-44ef-8cd9-bb38fb15579f#0:FAIL-t446] and 0 exception(s); d2424f4d-20d2-4104-abcc-02e6288f3ffc@group-62509A8A5C15:t446, leader=null, voted=d2424f4d-20d2-4104-abcc-02e6288f3ffc, raftlog=d2424f4d-20d2-4104-abcc-02e6288f3ffc@group-62509A8A5C15-SegmentedRaftLog:OPENED:c-1,f-1,i0, conf=-1: [3909bd6a-278d-4911-9d70-32680c972d02:192.168.157.223:33343, d2424f4d-20d2-4104-abcc-02e6288f3ffc:192.168.157.223:39352, 7c510082-4284-44ef-8cd9-bb38fb15579f:192.168.157.223:33098], old=null
2019-10-17 21:16:26,390 [d2424f4d-20d2-4104-abcc-02e6288f3ffc@group-62509A8A5C15-LeaderElection402] INFO  impl.RaftServerImpl (RaftServerImpl.java:setRole(184)) - d2424f4d-20d2-4104-abcc-02e6288f3ffc@group-62509A8A5C15: changes role from CANDIDATE to FOLLOWER at term 446 for DISCOVERED_A_NEW_TERM
2019-10-17 21:16:26,390 [d2424f4d-20d2-4104-abcc-02e6288f3ffc@group-62509A8A5C15-LeaderElection402] INFO  impl.RoleInfo (RoleInfo.java:shutdownLeaderElection(134)) - d2424f4d-20d2-4104-abcc-02e6288f3ffc: shutdown LeaderElection
2019-10-17 21:16:26,390 [d2424f4d-20d2-4104-abcc-02e6288f3ffc@group-62509A8A5C15-LeaderElection402] INFO  impl.RoleInfo (RoleInfo.java:updateAndGet(143)) - d2424f4d-20d2-4104-abcc-02e6288f3ffc: start FollowerState
2019-10-17 21:16:26,477 [Thread-2948] INFO  impl.FollowerState (FollowerState.java:run(108)) - d2424f4d-20d2-4104-abcc-02e6288f3ffc@group-62509A8A5C15-FollowerState: change to CANDIDATE, lastRpcTime:86ms, electionTimeout:86ms
2019-10-17 21:16:26,477 [Thread-2948] INFO  impl.RoleInfo (RoleInfo.java:shutdownFollowerState(121)) - d2424f4d-20d2-4104-abcc-02e6288f3ffc: shutdown FollowerState
2019-10-17 21:16:26,477 [Thread-2948] INFO  impl.RaftServerImpl (RaftServerImpl.java:setRole(184)) - d2424f4d-20d2-4104-abcc-02e6288f3ffc@group-62509A8A5C15: changes role from  FOLLOWER to CANDIDATE at term 446 for changeToCandidate
2019-10-17 21:16:26,477 [Thread-2948] INFO  impl.RoleInfo (RoleInfo.java:updateAndGet(143)) - d2424f4d-20d2-4104-abcc-02e6288f3ffc: start LeaderElection
2019-10-17 21:16:26,493 [d2424f4d-20d2-4104-abcc-02e6288f3ffc@group-62509A8A5C15-LeaderElection403] INFO  impl.LeaderElection (LeaderElection.java:askForVotes(178)) - d2424f4d-20d2-4104-abcc-02e6288f3ffc@group-62509A8A5C15-LeaderElection403: begin an election at term 447 for -1: [3909bd6a-278d-4911-9d70-32680c972d02:192.168.157.223:33343, d2424f4d-20d2-4104-abcc-02e6288f3ffc:192.168.157.223:39352, 7c510082-4284-44ef-8cd9-bb38fb15579f:192.168.157.223:33098], old=null
2019-10-17 21:16:26,494 [grpc-default-executor-2] INFO  impl.RaftServerImpl (RaftServerImpl.java:setRole(184)) - 3909bd6a-278d-4911-9d70-32680c972d02@group-62509A8A5C15: changes role from  FOLLOWER to FOLLOWER at term 447 for recognizeCandidate:d2424f4d-20d2-4104-abcc-02e6288f3ffc
2019-10-17 21:16:26,494 [grpc-default-executor-2] INFO  impl.RoleInfo (RoleInfo.java:shutdownFollowerState(121)) - 3909bd6a-278d-4911-9d70-32680c972d02: shutdown FollowerState
2019-10-17 21:16:26,494 [grpc-default-executor-4] INFO  impl.RaftServerImpl (RaftServerImpl.java:setRole(184)) - 7c510082-4284-44ef-8cd9-bb38fb15579f@group-62509A8A5C15: changes role from  FOLLOWER to FOLLOWER at term 447 for recognizeCandidate:d2424f4d-20d2-4104-abcc-02e6288f3ffc
2019-10-17 21:16:26,495 [grpc-default-executor-4] INFO  impl.RoleInfo (RoleInfo.java:shutdownFollowerState(121)) - 7c510082-4284-44ef-8cd9-bb38fb15579f: shutdown FollowerState
2019-10-17 21:16:26,495 [Thread-2946] INFO  impl.FollowerState (FollowerState.java:run(117)) - 3909bd6a-278d-4911-9d70-32680c972d02@group-62509A8A5C15-FollowerState was interrupted: java.lang.InterruptedException: sleep interrupted
2019-10-17 21:16:26,494 [grpc-default-executor-2] INFO  impl.RoleInfo (RoleInfo.java:updateAndGet(143)) - 3909bd6a-278d-4911-9d70-32680c972d02: start FollowerState
2019-10-17 21:16:26,495 [Thread-2947] INFO  impl.FollowerState (FollowerState.java:run(117)) - 7c510082-4284-44ef-8cd9-bb38fb15579f@group-62509A8A5C15-FollowerState was interrupted: java.lang.InterruptedException: sleep interrupted
2019-10-17 21:16:26,495 [grpc-default-executor-4] INFO  impl.RoleInfo (RoleInfo.java:updateAndGet(143)) - 7c510082-4284-44ef-8cd9-bb38fb15579f: start FollowerState
2019-10-17 21:16:26,509 [d2424f4d-20d2-4104-abcc-02e6288f3ffc@group-62509A8A5C15-LeaderElection403] INFO  impl.LeaderElection (LeaderElection.java:logAndReturn(56)) - d2424f4d-20d2-4104-abcc-02e6288f3ffc@group-62509A8A5C15-LeaderElection403: Election REJECTED; received 2 response(s) [d2424f4d-20d2-4104-abcc-02e6288f3ffc<-3909bd6a-278d-4911-9d70-32680c972d02#0:FAIL-t447, d2424f4d-20d2-4104-abcc-02e6288f3ffc<-7c510082-4284-44ef-8cd9-bb38fb15579f#0:FAIL-t447] and 0 exception(s); d2424f4d-20d2-4104-abcc-02e6288f3ffc@group-62509A8A5C15:t447, leader=null, voted=d2424f4d-20d2-4104-abcc-02e6288f3ffc, raftlog=d2424f4d-20d2-4104-abcc-02e6288f3ffc@group-62509A8A5C15-SegmentedRaftLog:OPENED:c-1,f-1,i0, conf=-1: [3909bd6a-278d-4911-9d70-32680c972d02:192.168.157.223:33343, d2424f4d-20d2-4104-abcc-02e6288f3ffc:192.168.157.223:39352, 7c510082-4284-44ef-8cd9-bb38fb15579f:192.168.157.223:33098], old=null
2019-10-17 21:16:26,510 [d2424f4d-20d2-4104-abcc-02e6288f3ffc@group-62509A8A5C15-LeaderElection403] INFO  impl.RaftServerImpl (RaftServerImpl.java:setRole(184)) - d2424f4d-20d2-4104-abcc-02e6288f3ffc@group-62509A8A5C15: changes role from CANDIDATE to FOLLOWER at term 447 for DISCOVERED_A_NEW_TERM
2019-10-17 21:16:26,510 [d2424f4d-20d2-4104-abcc-02e6288f3ffc@group-62509A8A5C15-LeaderElection403] INFO  impl.RoleInfo (RoleInfo.java:shutdownLeaderElection(134)) - d2424f4d-20d2-4104-abcc-02e6288f3ffc: shutdown LeaderElection
2019-10-17 21:16:26,510 [d2424f4d-20d2-4104-abcc-02e6288f3ffc@group-62509A8A5C15-LeaderElection403] INFO  impl.RoleInfo (RoleInfo.java:updateAndGet(143)) - d2424f4d-20d2-4104-abcc-02e6288f3ffc: start FollowerState
2019-10-17 21:16:26,703 [Thread-2954] INFO  impl.FollowerState (FollowerState.java:run(108)) - d2424f4d-20d2-4104-abcc-02e6288f3ffc@group-62509A8A5C15-FollowerState: change to CANDIDATE, lastRpcTime:193ms, electionTimeout:193ms
2019-10-17 21:16:26,703 [Thread-2954] INFO  impl.RoleInfo (RoleInfo.java:shutdownFollowerState(121)) - d2424f4d-20d2-4104-abcc-02e6288f3ffc: shutdown FollowerState
2019-10-17 21:16:26,704 [Thread-2954] INFO  impl.RaftServerImpl (RaftServerImpl.java:setRole(184)) - d2424f4d-20d2-4104-abcc-02e6288f3ffc@group-62509A8A5C15: changes role from  FOLLOWER to CANDIDATE at term 447 for changeToCandidate
2019-10-17 21:16:26,704 [Thread-2954] INFO  impl.RoleInfo (RoleInfo.java:updateAndGet(143)) - d2424f4d-20d2-4104-abcc-02e6288f3ffc: start LeaderElection
2019-10-17 21:16:26,717 [d2424f4d-20d2-4104-abcc-02e6288f3ffc@group-62509A8A5C15-LeaderElection404] INFO  impl.LeaderElection (LeaderElection.java:askForVotes(178)) - d2424f4d-20d2-4104-abcc-02e6288f3ffc@group-62509A8A5C15-LeaderElection404: begin an election at term 448 for -1: [3909bd6a-278d-4911-9d70-32680c972d02:192.168.157.223:33343, d2424f4d-20d2-4104-abcc-02e6288f3ffc:192.168.157.223:39352, 7c510082-4284-44ef-8cd9-bb38fb15579f:192.168.157.223:33098], old=null
2019-10-17 21:16:26,719 [grpc-default-executor-4] INFO  impl.RaftServerImpl (RaftServerImpl.java:setRole(184)) - 3909bd6a-278d-4911-9d70-32680c972d02@group-62509A8A5C15: changes role from  FOLLOWER to FOLLOWER at term 448 for recognizeCandidate:d2424f4d-20d2-4104-abcc-02e6288f3ffc
2019-10-17 21:16:26,719 [grpc-default-executor-4] INFO  impl.RoleInfo (RoleInfo.java:shutdownFollowerState(121)) - 3909bd6a-278d-4911-9d70-32680c972d02: shutdown FollowerState
2019-10-17 21:16:26,719 [grpc-default-executor-2] INFO  impl.RaftServerImpl (RaftServerImpl.java:setRole(184)) - 7c510082-4284-44ef-8cd9-bb38fb15579f@group-62509A8A5C15: changes role from  FOLLOWER to FOLLOWER at term 448 for recognizeCandidate:d2424f4d-20d2-4104-abcc-02e6288f3ffc
2019-10-17 21:16:26,719 [grpc-default-executor-2] INFO  impl.RoleInfo (RoleInfo.java:shutdownFollowerState(121)) - 7c510082-4284-44ef-8cd9-bb38fb15579f: shutdown FollowerState
2019-10-17 21:16:26,719 [Thread-2952] INFO  impl.FollowerState (FollowerState.java:run(117)) - 3909bd6a-278d-4911-9d70-32680c972d02@group-62509A8A5C15-FollowerState was interrupted: java.lang.InterruptedException: sleep interrupted
2019-10-17 21:16:26,719 [Thread-2953] INFO  impl.FollowerState (FollowerState.java:run(117)) - 7c510082-4284-44ef-8cd9-bb38fb15579f@group-62509A8A5C15-FollowerState was interrupted: java.lang.InterruptedException: sleep interrupted
2019-10-17 21:16:26,719 [grpc-default-executor-4] INFO  impl.RoleInfo (RoleInfo.java:updateAndGet(143)) - 3909bd6a-278d-4911-9d70-32680c972d02: start FollowerState
2019-10-17 21:16:26,719 [grpc-default-executor-2] INFO  impl.RoleInfo (RoleInfo.java:updateAndGet(143)) - 7c510082-4284-44ef-8cd9-bb38fb15579f: start FollowerState
2019-10-17 21:16:26,731 [d2424f4d-20d2-4104-abcc-02e6288f3ffc@group-62509A8A5C15-LeaderElection404] INFO  impl.LeaderElection (LeaderElection.java:logAndReturn(56)) - d2424f4d-20d2-4104-abcc-02e6288f3ffc@group-62509A8A5C15-LeaderElection404: Election REJECTED; received 2 response(s) [d2424f4d-20d2-4104-abcc-02e6288f3ffc<-3909bd6a-278d-4911-9d70-32680c972d02#0:FAIL-t448, d2424f4d-20d2-4104-abcc-02e6288f3ffc<-7c510082-4284-44ef-8cd9-bb38fb15579f#0:FAIL-t448] and 0 exception(s); d2424f4d-20d2-4104-abcc-02e6288f3ffc@group-62509A8A5C15:t448, leader=null, voted=d2424f4d-20d2-4104-abcc-02e6288f3ffc, raftlog=d2424f4d-20d2-4104-abcc-02e6288f3ffc@group-62509A8A5C15-SegmentedRaftLog:OPENED:c-1,f-1,i0, conf=-1: [3909bd6a-278d-4911-9d70-32680c972d02:192.168.157.223:33343, d2424f4d-20d2-4104-abcc-02e6288f3ffc:192.168.157.223:39352, 7c510082-4284-44ef-8cd9-bb38fb15579f:192.168.157.223:33098], old=null
2019-10-17 21:16:26,732 [d2424f4d-20d2-4104-abcc-02e6288f3ffc@group-62509A8A5C15-LeaderElection404] INFO  impl.RaftServerImpl (RaftServerImpl.java:setRole(184)) - d2424f4d-20d2-4104-abcc-02e6288f3ffc@group-62509A8A5C15: changes role from CANDIDATE to FOLLOWER at term 448 for DISCOVERED_A_NEW_TERM
2019-10-17 21:16:26,732 [d2424f4d-20d2-4104-abcc-02e6288f3ffc@group-62509A8A5C15-LeaderElection404] INFO  impl.RoleInfo (RoleInfo.java:shutdownLeaderElection(134)) - d2424f4d-20d2-4104-abcc-02e6288f3ffc: shutdown LeaderElection
2019-10-17 21:16:26,732 [d2424f4d-20d2-4104-abcc-02e6288f3ffc@group-62509A8A5C15-LeaderElection404] INFO  impl.RoleInfo (RoleInfo.java:updateAndGet(143)) - d2424f4d-20d2-4104-abcc-02e6288f3ffc: start FollowerState
2019-10-17 21:16:26,882 [Thread-2960] INFO  impl.FollowerState (FollowerState.java:run(108)) - d2424f4d-20d2-4104-abcc-02e6288f3ffc@group-62509A8A5C15-FollowerState: change to CANDIDATE, lastRpcTime:150ms, electionTimeout:150ms
2019-10-17 21:16:26,882 [Thread-2960] INFO  impl.RoleInfo (RoleInfo.java:shutdownFollowerState(121)) - d2424f4d-20d2-4104-abcc-02e6288f3ffc: shutdown FollowerState
2019-10-17 21:16:26,883 [Thread-2960] INFO  impl.RaftServerImpl (RaftServerImpl.java:setRole(184)) - d2424f4d-20d2-4104-abcc-02e6288f3ffc@group-62509A8A5C15: changes role from  FOLLOWER to CANDIDATE at term 448 for changeToCandidate
2019-10-17 21:16:26,883 [Thread-2960] INFO  impl.RoleInfo (RoleInfo.java:updateAndGet(143)) - d2424f4d-20d2-4104-abcc-02e6288f3ffc: start LeaderElection
2019-10-17 21:16:26,906 [d2424f4d-20d2-4104-abcc-02e6288f3ffc@group-62509A8A5C15-LeaderElection405] INFO  impl.LeaderElection (LeaderElection.java:askForVotes(178)) - d2424f4d-20d2-4104-abcc-02e6288f3ffc@group-62509A8A5C15-LeaderElection405: begin an election at term 449 for -1: [3909bd6a-278d-4911-9d70-32680c972d02:192.168.157.223:33343, d2424f4d-20d2-4104-abcc-02e6288f3ffc:192.168.157.223:39352, 7c510082-4284-44ef-8cd9-bb38fb15579f:192.168.157.223:33098], old=null
2019-10-17 21:16:26,907 [grpc-default-executor-2] INFO  impl.RaftServerImpl (RaftServerImpl.java:setRole(184)) - 3909bd6a-278d-4911-9d70-32680c972d02@group-62509A8A5C15: changes role from  FOLLOWER to FOLLOWER at term 449 for recognizeCandidate:d2424f4d-20d2-4104-abcc-02e6288f3ffc
2019-10-17 21:16:26,908 [grpc-default-executor-2] INFO  impl.RoleInfo (RoleInfo.java:shutdownFollowerState(121)) - 3909bd6a-278d-4911-9d70-32680c972d02: shutdown FollowerState
2019-10-17 21:16:26,908 [grpc-default-executor-2] INFO  impl.RoleInfo (RoleInfo.java:updateAndGet(143)) - 3909bd6a-278d-4911-9d70-32680c972d02: start FollowerState
2019-10-17 21:16:26,908 [grpc-default-executor-4] INFO  impl.RaftServerImpl (RaftServerImpl.java:setRole(184)) - 7c510082-4284-44ef-8cd9-bb38fb15579f@group-62509A8A5C15: changes role from  FOLLOWER to FOLLOWER at term 449 for recognizeCandidate:d2424f4d-20d2-4104-abcc-02e6288f3ffc
2019-10-17 21:16:26,908 [Thread-2958] INFO  impl.FollowerState (FollowerState.java:run(117)) - 3909bd6a-278d-4911-9d70-32680c972d02@group-62509A8A5C15-FollowerState was interrupted: java.lang.InterruptedException: sleep interrupted
2019-10-17 21:16:26,908 [grpc-default-executor-4] INFO  impl.RoleInfo (RoleInfo.java:shutdownFollowerState(121)) - 7c510082-4284-44ef-8cd9-bb38fb15579f: shutdown FollowerState
2019-10-17 21:16:26,908 [grpc-default-executor-4] INFO  impl.RoleInfo (RoleInfo.java:updateAndGet(143)) - 7c510082-4284-44ef-8cd9-bb38fb15579f: start FollowerState
2019-10-17 21:16:26,908 [Thread-2959] INFO  impl.FollowerState (FollowerState.java:run(117)) - 7c510082-4284-44ef-8cd9-bb38fb15579f@group-62509A8A5C15-FollowerState was interrupted: java.lang.InterruptedException: sleep interrupted
2019-10-17 21:16:26,922 [d2424f4d-20d2-4104-abcc-02e6288f3ffc@group-62509A8A5C15-LeaderElection405] INFO  impl.LeaderElection (LeaderElection.java:logAndReturn(56)) - d2424f4d-20d2-4104-abcc-02e6288f3ffc@group-62509A8A5C15-LeaderElection405: Election REJECTED; received 2 response(s) [d2424f4d-20d2-4104-abcc-02e6288f3ffc<-3909bd6a-278d-4911-9d70-32680c972d02#0:FAIL-t449, d2424f4d-20d2-4104-abcc-02e6288f3ffc<-7c510082-4284-44ef-8cd9-bb38fb15579f#0:FAIL-t449] and 0 exception(s); d2424f4d-20d2-4104-abcc-02e6288f3ffc@group-62509A8A5C15:t449, leader=null, voted=d2424f4d-20d2-4104-abcc-02e6288f3ffc, raftlog=d2424f4d-20d2-4104-abcc-02e6288f3ffc@group-62509A8A5C15-SegmentedRaftLog:OPENED:c-1,f-1,i0, conf=-1: [3909bd6a-278d-4911-9d70-32680c972d02:192.168.157.223:33343, d2424f4d-20d2-4104-abcc-02e6288f3ffc:192.168.157.223:39352, 7c510082-4284-44ef-8cd9-bb38fb15579f:192.168.157.223:33098], old=null
2019-10-17 21:16:26,922 [d2424f4d-20d2-4104-abcc-02e6288f3ffc@group-62509A8A5C15-LeaderElection405] INFO  impl.RaftServerImpl (RaftServerImpl.java:setRole(184)) - d2424f4d-20d2-4104-abcc-02e6288f3ffc@group-62509A8A5C15: changes role from CANDIDATE to FOLLOWER at term 449 for DISCOVERED_A_NEW_TERM
2019-10-17 21:16:26,923 [d2424f4d-20d2-4104-abcc-02e6288f3ffc@group-62509A8A5C15-LeaderElection405] INFO  impl.RoleInfo (RoleInfo.java:shutdownLeaderElection(134)) - d2424f4d-20d2-4104-abcc-02e6288f3ffc: shutdown LeaderElection
2019-10-17 21:16:26,923 [d2424f4d-20d2-4104-abcc-02e6288f3ffc@group-62509A8A5C15-LeaderElection405] INFO  impl.RoleInfo (RoleInfo.java:updateAndGet(143)) - d2424f4d-20d2-4104-abcc-02e6288f3ffc: start FollowerState
2019-10-17 21:16:27,044 [Thread-2966] INFO  impl.FollowerState (FollowerState.java:run(108)) - d2424f4d-20d2-4104-abcc-02e6288f3ffc@group-62509A8A5C15-FollowerState: change to CANDIDATE, lastRpcTime:121ms, electionTimeout:121ms
2019-10-17 21:16:27,044 [Thread-2966] INFO  impl.RoleInfo (RoleInfo.java:shutdownFollowerState(121)) - d2424f4d-20d2-4104-abcc-02e6288f3ffc: shutdown FollowerState
2019-10-17 21:16:27,045 [Thread-2966] INFO  impl.RaftServerImpl (RaftServerImpl.java:setRole(184)) - d2424f4d-20d2-4104-abcc-02e6288f3ffc@group-62509A8A5C15: changes role from  FOLLOWER to CANDIDATE at term 449 for changeToCandidate
2019-10-17 21:16:27,045 [Thread-2966] INFO  impl.RoleInfo (RoleInfo.java:updateAndGet(143)) - d2424f4d-20d2-4104-abcc-02e6288f3ffc: start LeaderElection
2019-10-17 21:16:27,059 [d2424f4d-20d2-4104-abcc-02e6288f3ffc@group-62509A8A5C15-LeaderElection406] INFO  impl.LeaderElection (LeaderElection.java:askForVotes(178)) - d2424f4d-20d2-4104-abcc-02e6288f3ffc@group-62509A8A5C15-LeaderElection406: begin an election at term 450 for -1: [3909bd6a-278d-4911-9d70-32680c972d02:192.168.157.223:33343, d2424f4d-20d2-4104-abcc-02e6288f3ffc:192.168.157.223:39352, 7c510082-4284-44ef-8cd9-bb38fb15579f:192.168.157.223:33098], old=null
2019-10-17 21:16:27,061 [grpc-default-executor-4] INFO  impl.RaftServerImpl (RaftServerImpl.java:setRole(184)) - 7c510082-4284-44ef-8cd9-bb38fb15579f@group-62509A8A5C15: changes role from  FOLLOWER to FOLLOWER at term 450 for recognizeCandidate:d2424f4d-20d2-4104-abcc-02e6288f3ffc
2019-10-17 21:16:27,061 [grpc-default-executor-2] INFO  impl.RaftServerImpl (RaftServerImpl.java:setRole(184)) - 3909bd6a-278d-4911-9d70-32680c972d02@group-62509A8A5C15: changes role from  FOLLOWER to FOLLOWER at term 450 for recognizeCandidate:d2424f4d-20d2-4104-abcc-02e6288f3ffc
2019-10-17 21:16:27,061 [grpc-default-executor-4] INFO  impl.RoleInfo (RoleInfo.java:shutdownFollowerState(121)) - 7c510082-4284-44ef-8cd9-bb38fb15579f: shutdown FollowerState
2019-10-17 21:16:27,062 [grpc-default-executor-2] INFO  impl.RoleInfo (RoleInfo.java:shutdownFollowerState(121)) - 3909bd6a-278d-4911-9d70-32680c972d02: shutdown FollowerState
2019-10-17 21:16:27,062 [Thread-2965] INFO  impl.FollowerState (FollowerState.java:run(117)) - 7c510082-4284-44ef-8cd9-bb38fb15579f@group-62509A8A5C15-FollowerState was interrupted: java.lang.InterruptedException: sleep interrupted
2019-10-17 21:16:27,062 [grpc-default-executor-4] INFO  impl.RoleInfo (RoleInfo.java:updateAndGet(143)) - 7c510082-4284-44ef-8cd9-bb38fb15579f: start FollowerState
2019-10-17 21:16:27,062 [Thread-2964] INFO  impl.FollowerState (FollowerState.java:run(117)) - 3909bd6a-278d-4911-9d70-32680c972d02@group-62509A8A5C15-FollowerState was interrupted: java.lang.InterruptedException: sleep interrupted
2019-10-17 21:16:27,062 [grpc-default-executor-2] INFO  impl.RoleInfo (RoleInfo.java:updateAndGet(143)) - 3909bd6a-278d-4911-9d70-32680c972d02: start FollowerState
2019-10-17 21:16:27,089 [d2424f4d-20d2-4104-abcc-02e6288f3ffc@group-62509A8A5C15-LeaderElection406] INFO  impl.LeaderElection (LeaderElection.java:logAndReturn(56)) - d2424f4d-20d2-4104-abcc-02e6288f3ffc@group-62509A8A5C15-LeaderElection406: Election REJECTED; received 2 response(s) [d2424f4d-20d2-4104-abcc-02e6288f3ffc<-3909bd6a-278d-4911-9d70-32680c972d02#0:FAIL-t450, d2424f4d-20d2-4104-abcc-02e6288f3ffc<-7c510082-4284-44ef-8cd9-bb38fb15579f#0:FAIL-t450] and 0 exception(s); d2424f4d-20d2-4104-abcc-02e6288f3ffc@group-62509A8A5C15:t450, leader=null, voted=d2424f4d-20d2-4104-abcc-02e6288f3ffc, raftlog=d2424f4d-20d2-4104-abcc-02e6288f3ffc@group-62509A8A5C15-SegmentedRaftLog:OPENED:c-1,f-1,i0, conf=-1: [3909bd6a-278d-4911-9d70-32680c972d02:192.168.157.223:33343, d2424f4d-20d2-4104-abcc-02e6288f3ffc:192.168.157.223:39352, 7c510082-4284-44ef-8cd9-bb38fb15579f:192.168.157.223:33098], old=null
2019-10-17 21:16:27,089 [d2424f4d-20d2-4104-abcc-02e6288f3ffc@group-62509A8A5C15-LeaderElection406] INFO  impl.RaftServerImpl (RaftServerImpl.java:setRole(184)) - d2424f4d-20d2-4104-abcc-02e6288f3ffc@group-62509A8A5C15: changes role from CANDIDATE to FOLLOWER at term 450 for DISCOVERED_A_NEW_TERM
2019-10-17 21:16:27,089 [d2424f4d-20d2-4104-abcc-02e6288f3ffc@group-62509A8A5C15-LeaderElection406] INFO  impl.RoleInfo (RoleInfo.java:shutdownLeaderElection(134)) - d2424f4d-20d2-4104-abcc-02e6288f3ffc: shutdown LeaderElection
2019-10-17 21:16:27,089 [d2424f4d-20d2-4104-abcc-02e6288f3ffc@group-62509A8A5C15-LeaderElection406] INFO  impl.RoleInfo (RoleInfo.java:updateAndGet(143)) - d2424f4d-20d2-4104-abcc-02e6288f3ffc: start FollowerState
2019-10-17 21:16:27,119 [Thread-2972] INFO  impl.FollowerState (FollowerState.java:run(108)) - d2424f4d-20d2-4104-abcc-02e6288f3ffc@group-62509A8A5C15-FollowerState: change to CANDIDATE, lastRpcTime:30ms, electionTimeout:30ms
2019-10-17 21:16:27,120 [Thread-2972] INFO  impl.RoleInfo (RoleInfo.java:shutdownFollowerState(121)) - d2424f4d-20d2-4104-abcc-02e6288f3ffc: shutdown FollowerState
2019-10-17 21:16:27,120 [Thread-2972] INFO  impl.RaftServerImpl (RaftServerImpl.java:setRole(184)) - d2424f4d-20d2-4104-abcc-02e6288f3ffc@group-62509A8A5C15: changes role from  FOLLOWER to CANDIDATE at term 450 for changeToCandidate
2019-10-17 21:16:27,120 [Thread-2972] INFO  impl.RoleInfo (RoleInfo.java:updateAndGet(143)) - d2424f4d-20d2-4104-abcc-02e6288f3ffc: start LeaderElection
2019-10-17 21:16:27,133 [d2424f4d-20d2-4104-abcc-02e6288f3ffc@group-62509A8A5C15-LeaderElection407] INFO  impl.LeaderElection (LeaderElection.java:askForVotes(178)) - d2424f4d-20d2-4104-abcc-02e6288f3ffc@group-62509A8A5C15-LeaderElection407: begin an election at term 451 for -1: [3909bd6a-278d-4911-9d70-32680c972d02:192.168.157.223:33343, d2424f4d-20d2-4104-abcc-02e6288f3ffc:192.168.157.223:39352, 7c510082-4284-44ef-8cd9-bb38fb15579f:192.168.157.223:33098], old=null
2019-10-17 21:16:27,135 [grpc-default-executor-2] INFO  impl.RaftServerImpl (RaftServerImpl.java:setRole(184)) - 3909bd6a-278d-4911-9d70-32680c972d02@group-62509A8A5C15: changes role from  FOLLOWER to FOLLOWER at term 451 for recognizeCandidate:d2424f4d-20d2-4104-abcc-02e6288f3ffc
2019-10-17 21:16:27,135 [grpc-default-executor-2] INFO  impl.RoleInfo (RoleInfo.java:shutdownFollowerState(121)) - 3909bd6a-278d-4911-9d70-32680c972d02: shutdown FollowerState
2019-10-17 21:16:27,135 [grpc-default-executor-4] INFO  impl.RaftServerImpl (RaftServerImpl.java:setRole(184)) - 7c510082-4284-44ef-8cd9-bb38fb15579f@group-62509A8A5C15: changes role from  FOLLOWER to FOLLOWER at term 451 for recognizeCandidate:d2424f4d-20d2-4104-abcc-02e6288f3ffc
2019-10-17 21:16:27,135 [Thread-2971] INFO  impl.FollowerState (FollowerState.java:run(117)) - 3909bd6a-278d-4911-9d70-32680c972d02@group-62509A8A5C15-FollowerState was interrupted: java.lang.InterruptedException: sleep interrupted
2019-10-17 21:16:27,135 [grpc-default-executor-2] INFO  impl.RoleInfo (RoleInfo.java:updateAndGet(143)) - 3909bd6a-278d-4911-9d70-32680c972d02: start FollowerState
2019-10-17 21:16:27,135 [grpc-default-executor-4] INFO  impl.RoleInfo (RoleInfo.java:shutdownFollowerState(121)) - 7c510082-4284-44ef-8cd9-bb38fb15579f: shutdown FollowerState
2019-10-17 21:16:27,136 [Thread-2970] INFO  impl.FollowerState (FollowerState.java:run(117)) - 7c510082-4284-44ef-8cd9-bb38fb15579f@group-62509A8A5C15-FollowerState was interrupted: java.lang.InterruptedException: sleep interrupted
2019-10-17 21:16:27,136 [grpc-default-executor-4] INFO  impl.RoleInfo (RoleInfo.java:updateAndGet(143)) - 7c510082-4284-44ef-8cd9-bb38fb15579f: start FollowerState
2019-10-17 21:16:27,161 [d2424f4d-20d2-4104-abcc-02e6288f3ffc@group-62509A8A5C15-LeaderElection407] INFO  impl.LeaderElection (LeaderElection.java:logAndReturn(56)) - d2424f4d-20d2-4104-abcc-02e6288f3ffc@group-62509A8A5C15-LeaderElection407: Election REJECTED; received 2 response(s) [d2424f4d-20d2-4104-abcc-02e6288f3ffc<-3909bd6a-278d-4911-9d70-32680c972d02#0:FAIL-t451, d2424f4d-20d2-4104-abcc-02e6288f3ffc<-7c510082-4284-44ef-8cd9-bb38fb15579f#0:FAIL-t451] and 0 exception(s); d2424f4d-20d2-4104-abcc-02e6288f3ffc@group-62509A8A5C15:t451, leader=null, voted=d2424f4d-20d2-4104-abcc-02e6288f3ffc, raftlog=d2424f4d-20d2-4104-abcc-02e6288f3ffc@group-62509A8A5C15-SegmentedRaftLog:OPENED:c-1,f-1,i0, conf=-1: [3909bd6a-278d-4911-9d70-32680c972d02:192.168.157.223:33343, d2424f4d-20d2-4104-abcc-02e6288f3ffc:192.168.157.223:39352, 7c510082-4284-44ef-8cd9-bb38fb15579f:192.168.157.223:33098], old=null
2019-10-17 21:16:27,162 [d2424f4d-20d2-4104-abcc-02e6288f3ffc@group-62509A8A5C15-LeaderElection407] INFO  impl.RaftServerImpl (RaftServerImpl.java:setRole(184)) - d2424f4d-20d2-4104-abcc-02e6288f3ffc@group-62509A8A5C15: changes role from CANDIDATE to FOLLOWER at term 451 for DISCOVERED_A_NEW_TERM
2019-10-17 21:16:27,162 [d2424f4d-20d2-4104-abcc-02e6288f3ffc@group-62509A8A5C15-LeaderElection407] INFO  impl.RoleInfo (RoleInfo.java:shutdownLeaderElection(134)) - d2424f4d-20d2-4104-abcc-02e6288f3ffc: shutdown LeaderElection
2019-10-17 21:16:27,162 [d2424f4d-20d2-4104-abcc-02e6288f3ffc@group-62509A8A5C15-LeaderElection407] INFO  impl.RoleInfo (RoleInfo.java:updateAndGet(143)) - d2424f4d-20d2-4104-abcc-02e6288f3ffc: start FollowerState
2019-10-17 21:16:27,344 [Thread-2978] INFO  impl.FollowerState (FollowerState.java:run(108)) - d2424f4d-20d2-4104-abcc-02e6288f3ffc@group-62509A8A5C15-FollowerState: change to CANDIDATE, lastRpcTime:182ms, electionTimeout:182ms
2019-10-17 21:16:27,344 [Thread-2978] INFO  impl.RoleInfo (RoleInfo.java:shutdownFollowerState(121)) - d2424f4d-20d2-4104-abcc-02e6288f3ffc: shutdown FollowerState
2019-10-17 21:16:27,345 [Thread-2978] INFO  impl.RaftServerImpl (RaftServerImpl.java:setRole(184)) - d2424f4d-20d2-4104-abcc-02e6288f3ffc@group-62509A8A5C15: changes role from  FOLLOWER to CANDIDATE at term 451 for changeToCandidate
2019-10-17 21:16:27,345 [Thread-2978] INFO  impl.RoleInfo (RoleInfo.java:updateAndGet(143)) - d2424f4d-20d2-4104-abcc-02e6288f3ffc: start LeaderElection
2019-10-17 21:16:27,358 [d2424f4d-20d2-4104-abcc-02e6288f3ffc@group-62509A8A5C15-LeaderElection408] INFO  impl.LeaderElection (LeaderElection.java:askForVotes(178)) - d2424f4d-20d2-4104-abcc-02e6288f3ffc@group-62509A8A5C15-LeaderElection408: begin an election at term 452 for -1: [3909bd6a-278d-4911-9d70-32680c972d02:192.168.157.223:33343, d2424f4d-20d2-4104-abcc-02e6288f3ffc:192.168.157.223:39352, 7c510082-4284-44ef-8cd9-bb38fb15579f:192.168.157.223:33098], old=null
2019-10-17 21:16:27,360 [grpc-default-executor-4] INFO  impl.RaftServerImpl (RaftServerImpl.java:setRole(184)) - 7c510082-4284-44ef-8cd9-bb38fb15579f@group-62509A8A5C15: changes role from  FOLLOWER to FOLLOWER at term 452 for recognizeCandidate:d2424f4d-20d2-4104-abcc-02e6288f3ffc
2019-10-17 21:16:27,360 [grpc-default-executor-4] INFO  impl.RoleInfo (RoleInfo.java:shutdownFollowerState(121)) - 7c510082-4284-44ef-8cd9-bb38fb15579f: shutdown FollowerState
2019-10-17 21:16:27,360 [grpc-default-executor-4] INFO  impl.RoleInfo (RoleInfo.java:updateAndGet(143)) - 7c510082-4284-44ef-8cd9-bb38fb15579f: start FollowerState
2019-10-17 21:16:27,360 [grpc-default-executor-2] INFO  impl.RaftServerImpl (RaftServerImpl.java:setRole(184)) - 3909bd6a-278d-4911-9d70-32680c972d02@group-62509A8A5C15: changes role from  FOLLOWER to FOLLOWER at term 452 for recognizeCandidate:d2424f4d-20d2-4104-abcc-02e6288f3ffc
2019-10-17 21:16:27,360 [grpc-default-executor-2] INFO  impl.RoleInfo (RoleInfo.java:shutdownFollowerState(121)) - 3909bd6a-278d-4911-9d70-32680c972d02: shutdown FollowerState
2019-10-17 21:16:27,360 [Thread-2977] INFO  impl.FollowerState (FollowerState.java:run(117)) - 7c510082-4284-44ef-8cd9-bb38fb15579f@group-62509A8A5C15-FollowerState was interrupted: java.lang.InterruptedException: sleep interrupted
2019-10-17 21:16:27,361 [Thread-2976] INFO  impl.FollowerState (FollowerState.java:run(117)) - 3909bd6a-278d-4911-9d70-32680c972d02@group-62509A8A5C15-FollowerState was interrupted: java.lang.InterruptedException: sleep interrupted
2019-10-17 21:16:27,361 [grpc-default-executor-2] INFO  impl.RoleInfo (RoleInfo.java:updateAndGet(143)) - 3909bd6a-278d-4911-9d70-32680c972d02: start FollowerState
2019-10-17 21:16:27,375 [d2424f4d-20d2-4104-abcc-02e6288f3ffc@group-62509A8A5C15-LeaderElection408] INFO  impl.LeaderElection (LeaderElection.java:logAndReturn(56)) - d2424f4d-20d2-4104-abcc-02e6288f3ffc@group-62509A8A5C15-LeaderElection408: Election REJECTED; received 2 response(s) [d2424f4d-20d2-4104-abcc-02e6288f3ffc<-3909bd6a-278d-4911-9d70-32680c972d02#0:FAIL-t452, d2424f4d-20d2-4104-abcc-02e6288f3ffc<-7c510082-4284-44ef-8cd9-bb38fb15579f#0:FAIL-t452] and 0 exception(s); d2424f4d-20d2-4104-abcc-02e6288f3ffc@group-62509A8A5C15:t452, leader=null, voted=d2424f4d-20d2-4104-abcc-02e6288f3ffc, raftlog=d2424f4d-20d2-4104-abcc-02e6288f3ffc@group-62509A8A5C15-SegmentedRaftLog:OPENED:c-1,f-1,i0, conf=-1: [3909bd6a-278d-4911-9d70-32680c972d02:192.168.157.223:33343, d2424f4d-20d2-4104-abcc-02e6288f3ffc:192.168.157.223:39352, 7c510082-4284-44ef-8cd9-bb38fb15579f:192.168.157.223:33098], old=null
2019-10-17 21:16:27,375 [d2424f4d-20d2-4104-abcc-02e6288f3ffc@group-62509A8A5C15-LeaderElection408] INFO  impl.RaftServerImpl (RaftServerImpl.java:setRole(184)) - d2424f4d-20d2-4104-abcc-02e6288f3ffc@group-62509A8A5C15: changes role from CANDIDATE to FOLLOWER at term 452 for DISCOVERED_A_NEW_TERM
2019-10-17 21:16:27,375 [d2424f4d-20d2-4104-abcc-02e6288f3ffc@group-62509A8A5C15-LeaderElection408] INFO  impl.RoleInfo (RoleInfo.java:shutdownLeaderElection(134)) - d2424f4d-20d2-4104-abcc-02e6288f3ffc: shutdown LeaderElection
2019-10-17 21:16:27,375 [d2424f4d-20d2-4104-abcc-02e6288f3ffc@group-62509A8A5C15-LeaderElection408] INFO  impl.RoleInfo (RoleInfo.java:updateAndGet(143)) - d2424f4d-20d2-4104-abcc-02e6288f3ffc: start FollowerState
2019-10-17 21:16:27,442 [Thread-2986] INFO  impl.FollowerState (FollowerState.java:run(108)) - d2424f4d-20d2-4104-abcc-02e6288f3ffc@group-62509A8A5C15-FollowerState: change to CANDIDATE, lastRpcTime:66ms, electionTimeout:66ms
2019-10-17 21:16:27,442 [Thread-2986] INFO  impl.RoleInfo (RoleInfo.java:shutdownFollowerState(121)) - d2424f4d-20d2-4104-abcc-02e6288f3ffc: shutdown FollowerState
2019-10-17 21:16:27,442 [Thread-2986] INFO  impl.RaftServerImpl (RaftServerImpl.java:setRole(184)) - d2424f4d-20d2-4104-abcc-02e6288f3ffc@group-62509A8A5C15: changes role from  FOLLOWER to CANDIDATE at term 452 for changeToCandidate
2019-10-17 21:16:27,442 [Thread-2986] INFO  impl.RoleInfo (RoleInfo.java:updateAndGet(143)) - d2424f4d-20d2-4104-abcc-02e6288f3ffc: start LeaderElection
2019-10-17 21:16:27,455 [d2424f4d-20d2-4104-abcc-02e6288f3ffc@group-62509A8A5C15-LeaderElection409] INFO  impl.LeaderElection (LeaderElection.java:askForVotes(178)) - d2424f4d-20d2-4104-abcc-02e6288f3ffc@group-62509A8A5C15-LeaderElection409: begin an election at term 453 for -1: [3909bd6a-278d-4911-9d70-32680c972d02:192.168.157.223:33343, d2424f4d-20d2-4104-abcc-02e6288f3ffc:192.168.157.223:39352, 7c510082-4284-44ef-8cd9-bb38fb15579f:192.168.157.223:33098], old=null
2019-10-17 21:16:27,457 [grpc-default-executor-4] INFO  impl.RaftServerImpl (RaftServerImpl.java:setRole(184)) - 7c510082-4284-44ef-8cd9-bb38fb15579f@group-62509A8A5C15: changes role from  FOLLOWER to FOLLOWER at term 453 for recognizeCandidate:d2424f4d-20d2-4104-abcc-02e6288f3ffc
2019-10-17 21:16:27,457 [grpc-default-executor-4] INFO  impl.RoleInfo (RoleInfo.java:shutdownFollowerState(121)) - 7c510082-4284-44ef-8cd9-bb38fb15579f: shutdown FollowerState
2019-10-17 21:16:27,457 [grpc-default-executor-4] INFO  impl.RoleInfo (RoleInfo.java:updateAndGet(143)) - 7c510082-4284-44ef-8cd9-bb38fb15579f: start FollowerState
2019-10-17 21:16:27,457 [Thread-2984] INFO  impl.FollowerState (FollowerState.java:run(117)) - 7c510082-4284-44ef-8cd9-bb38fb15579f@group-62509A8A5C15-FollowerState was interrupted: java.lang.InterruptedException: sleep interrupted
2019-10-17 21:16:27,457 [grpc-default-executor-2] INFO  impl.RaftServerImpl (RaftServerImpl.java:setRole(184)) - 3909bd6a-278d-4911-9d70-32680c972d02@group-62509A8A5C15: changes role from  FOLLOWER to FOLLOWER at term 453 for recognizeCandidate:d2424f4d-20d2-4104-abcc-02e6288f3ffc
2019-10-17 21:16:27,458 [grpc-default-executor-2] INFO  impl.RoleInfo (RoleInfo.java:shutdownFollowerState(121)) - 3909bd6a-278d-4911-9d70-32680c972d02: shutdown FollowerState
2019-10-17 21:16:27,458 [grpc-default-executor-2] INFO  impl.RoleInfo (RoleInfo.java:updateAndGet(143)) - 3909bd6a-278d-4911-9d70-32680c972d02: start FollowerState
2019-10-17 21:16:27,458 [Thread-2985] INFO  impl.FollowerState (FollowerState.java:run(117)) - 3909bd6a-278d-4911-9d70-32680c972d02@group-62509A8A5C15-FollowerState was interrupted: java.lang.InterruptedException: sleep interrupted
2019-10-17 21:16:27,471 [d2424f4d-20d2-4104-abcc-02e6288f3ffc@group-62509A8A5C15-LeaderElection409] INFO  impl.LeaderElection (LeaderElection.java:logAndReturn(56)) - d2424f4d-20d2-4104-abcc-02e6288f3ffc@group-62509A8A5C15-LeaderElection409: Election REJECTED; received 2 response(s) [d2424f4d-20d2-4104-abcc-02e6288f3ffc<-3909bd6a-278d-4911-9d70-32680c972d02#0:FAIL-t453, d2424f4d-20d2-4104-abcc-02e6288f3ffc<-7c510082-4284-44ef-8cd9-bb38fb15579f#0:FAIL-t453] and 0 exception(s); d2424f4d-20d2-4104-abcc-02e6288f3ffc@group-62509A8A5C15:t453, leader=null, voted=d2424f4d-20d2-4104-abcc-02e6288f3ffc, raftlog=d2424f4d-20d2-4104-abcc-02e6288f3ffc@group-62509A8A5C15-SegmentedRaftLog:OPENED:c-1,f-1,i0, conf=-1: [3909bd6a-278d-4911-9d70-32680c972d02:192.168.157.223:33343, d2424f4d-20d2-4104-abcc-02e6288f3ffc:192.168.157.223:39352, 7c510082-4284-44ef-8cd9-bb38fb15579f:192.168.157.223:33098], old=null
2019-10-17 21:16:27,472 [d2424f4d-20d2-4104-abcc-02e6288f3ffc@group-62509A8A5C15-LeaderElection409] INFO  impl.RaftServerImpl (RaftServerImpl.java:setRole(184)) - d2424f4d-20d2-4104-abcc-02e6288f3ffc@group-62509A8A5C15: changes role from CANDIDATE to FOLLOWER at term 453 for DISCOVERED_A_NEW_TERM
2019-10-17 21:16:27,472 [d2424f4d-20d2-4104-abcc-02e6288f3ffc@group-62509A8A5C15-LeaderElection409] INFO  impl.RoleInfo (RoleInfo.java:shutdownLeaderElection(134)) - d2424f4d-20d2-4104-abcc-02e6288f3ffc: shutdown LeaderElection
2019-10-17 21:16:27,472 [d2424f4d-20d2-4104-abcc-02e6288f3ffc@group-62509A8A5C15-LeaderElection409] INFO  impl.RoleInfo (RoleInfo.java:updateAndGet(143)) - d2424f4d-20d2-4104-abcc-02e6288f3ffc: start FollowerState
2019-10-17 21:16:27,594 [Thread-2992] INFO  impl.FollowerState (FollowerState.java:run(108)) - d2424f4d-20d2-4104-abcc-02e6288f3ffc@group-62509A8A5C15-FollowerState: change to CANDIDATE, lastRpcTime:122ms, electionTimeout:122ms
2019-10-17 21:16:27,594 [Thread-2992] INFO  impl.RoleInfo (RoleInfo.java:shutdownFollowerState(121)) - d2424f4d-20d2-4104-abcc-02e6288f3ffc: shutdown FollowerState
2019-10-17 21:16:27,594 [Thread-2992] INFO  impl.RaftServerImpl (RaftServerImpl.java:setRole(184)) - d2424f4d-20d2-4104-abcc-02e6288f3ffc@group-62509A8A5C15: changes role from  FOLLOWER to CANDIDATE at term 453 for changeToCandidate
2019-10-17 21:16:27,595 [Thread-2992] INFO  impl.RoleInfo (RoleInfo.java:updateAndGet(143)) - d2424f4d-20d2-4104-abcc-02e6288f3ffc: start LeaderElection
2019-10-17 21:16:27,620 [d2424f4d-20d2-4104-abcc-02e6288f3ffc@group-62509A8A5C15-LeaderElection410] INFO  impl.LeaderElection (LeaderElection.java:askForVotes(178)) - d2424f4d-20d2-4104-abcc-02e6288f3ffc@group-62509A8A5C15-LeaderElection410: begin an election at term 454 for -1: [3909bd6a-278d-4911-9d70-32680c972d02:192.168.157.223:33343, d2424f4d-20d2-4104-abcc-02e6288f3ffc:192.168.157.223:39352, 7c510082-4284-44ef-8cd9-bb38fb15579f:192.168.157.223:33098], old=null
2019-10-17 21:16:27,621 [grpc-default-executor-2] INFO  impl.RaftServerImpl (RaftServerImpl.java:setRole(184)) - 3909bd6a-278d-4911-9d70-32680c972d02@group-62509A8A5C15: changes role from  FOLLOWER to FOLLOWER at term 454 for recognizeCandidate:d2424f4d-20d2-4104-abcc-02e6288f3ffc
2019-10-17 21:16:27,622 [grpc-default-executor-2] INFO  impl.RoleInfo (RoleInfo.java:shutdownFollowerState(121)) - 3909bd6a-278d-4911-9d70-32680c972d02: shutdown FollowerState
2019-10-17 21:16:27,622 [grpc-default-executor-4] INFO  impl.RaftServerImpl (RaftServerImpl.java:setRole(184)) - 7c510082-4284-44ef-8cd9-bb38fb15579f@group-62509A8A5C15: changes role from  FOLLOWER to FOLLOWER at term 454 for recognizeCandidate:d2424f4d-20d2-4104-abcc-02e6288f3ffc
2019-10-17 21:16:27,622 [grpc-default-executor-4] INFO  impl.RoleInfo (RoleInfo.java:shutdownFollowerState(121)) - 7c510082-4284-44ef-8cd9-bb38fb15579f: shutdown FollowerState
2019-10-17 21:16:27,622 [Thread-2991] INFO  impl.FollowerState (FollowerState.java:run(117)) - 3909bd6a-278d-4911-9d70-32680c972d02@group-62509A8A5C15-FollowerState was interrupted: java.lang.InterruptedException: sleep interrupted
2019-10-17 21:16:27,622 [grpc-default-executor-2] INFO  impl.RoleInfo (RoleInfo.java:updateAndGet(143)) - 3909bd6a-278d-4911-9d70-32680c972d02: start FollowerState
2019-10-17 21:16:27,622 [Thread-2990] INFO  impl.FollowerState (FollowerState.java:run(117)) - 7c510082-4284-44ef-8cd9-bb38fb15579f@group-62509A8A5C15-FollowerState was interrupted: java.lang.InterruptedException: sleep interrupted
2019-10-17 21:16:27,622 [grpc-default-executor-4] INFO  impl.RoleInfo (RoleInfo.java:updateAndGet(143)) - 7c510082-4284-44ef-8cd9-bb38fb15579f: start FollowerState
2019-10-17 21:16:27,630 [d2424f4d-20d2-4104-abcc-02e6288f3ffc@group-62509A8A5C15-LeaderElection410] INFO  impl.LeaderElection (LeaderElection.java:logAndReturn(56)) - d2424f4d-20d2-4104-abcc-02e6288f3ffc@group-62509A8A5C15-LeaderElection410: Election TIMEOUT; received 0 response(s) [] and 0 exception(s); d2424f4d-20d2-4104-abcc-02e6288f3ffc@group-62509A8A5C15:t454, leader=null, voted=d2424f4d-20d2-4104-abcc-02e6288f3ffc, raftlog=d2424f4d-20d2-4104-abcc-02e6288f3ffc@group-62509A8A5C15-SegmentedRaftLog:OPENED:c-1,f-1,i0, conf=-1: [3909bd6a-278d-4911-9d70-32680c972d02:192.168.157.223:33343, d2424f4d-20d2-4104-abcc-02e6288f3ffc:192.168.157.223:39352, 7c510082-4284-44ef-8cd9-bb38fb15579f:192.168.157.223:33098], old=null
2019-10-17 21:16:27,636 [d2424f4d-20d2-4104-abcc-02e6288f3ffc@group-62509A8A5C15-LeaderElection410] INFO  impl.LeaderElection (LeaderElection.java:askForVotes(178)) - d2424f4d-20d2-4104-abcc-02e6288f3ffc@group-62509A8A5C15-LeaderElection410: begin an election at term 455 for -1: [3909bd6a-278d-4911-9d70-32680c972d02:192.168.157.223:33343, d2424f4d-20d2-4104-abcc-02e6288f3ffc:192.168.157.223:39352, 7c510082-4284-44ef-8cd9-bb38fb15579f:192.168.157.223:33098], old=null
2019-10-17 21:16:27,637 [grpc-default-executor-4] INFO  impl.RaftServerImpl (RaftServerImpl.java:setRole(184)) - 3909bd6a-278d-4911-9d70-32680c972d02@group-62509A8A5C15: changes role from  FOLLOWER to FOLLOWER at term 455 for recognizeCandidate:d2424f4d-20d2-4104-abcc-02e6288f3ffc
2019-10-17 21:16:27,638 [grpc-default-executor-4] INFO  impl.RoleInfo (RoleInfo.java:shutdownFollowerState(121)) - 3909bd6a-278d-4911-9d70-32680c972d02: shutdown FollowerState
2019-10-17 21:16:27,638 [grpc-default-executor-4] INFO  impl.RoleInfo (RoleInfo.java:updateAndGet(143)) - 3909bd6a-278d-4911-9d70-32680c972d02: start FollowerState
2019-10-17 21:16:27,638 [Thread-2996] INFO  impl.FollowerState (FollowerState.java:run(117)) - 3909bd6a-278d-4911-9d70-32680c972d02@group-62509A8A5C15-FollowerState was interrupted: java.lang.InterruptedException: sleep interrupted
2019-10-17 21:16:27,638 [grpc-default-executor-2] INFO  impl.RaftServerImpl (RaftServerImpl.java:setRole(184)) - 7c510082-4284-44ef-8cd9-bb38fb15579f@group-62509A8A5C15: changes role from  FOLLOWER to FOLLOWER at term 455 for recognizeCandidate:d2424f4d-20d2-4104-abcc-02e6288f3ffc
2019-10-17 21:16:27,638 [grpc-default-executor-2] INFO  impl.RoleInfo (RoleInfo.java:shutdownFollowerState(121)) - 7c510082-4284-44ef-8cd9-bb38fb15579f: shutdown FollowerState
2019-10-17 21:16:27,638 [grpc-default-executor-2] INFO  impl.RoleInfo (RoleInfo.java:updateAndGet(143)) - 7c510082-4284-44ef-8cd9-bb38fb15579f: start FollowerState
2019-10-17 21:16:27,638 [Thread-2997] INFO  impl.FollowerState (FollowerState.java:run(117)) - 7c510082-4284-44ef-8cd9-bb38fb15579f@group-62509A8A5C15-FollowerState was interrupted: java.lang.InterruptedException: sleep interrupted
2019-10-17 21:16:27,663 [d2424f4d-20d2-4104-abcc-02e6288f3ffc@group-62509A8A5C15-LeaderElection410] INFO  impl.LeaderElection (LeaderElection.java:logAndReturn(56)) - d2424f4d-20d2-4104-abcc-02e6288f3ffc@group-62509A8A5C15-LeaderElection410: Election REJECTED; received 2 response(s) [d2424f4d-20d2-4104-abcc-02e6288f3ffc<-3909bd6a-278d-4911-9d70-32680c972d02#0:FAIL-t455, d2424f4d-20d2-4104-abcc-02e6288f3ffc<-7c510082-4284-44ef-8cd9-bb38fb15579f#0:FAIL-t455] and 0 exception(s); d2424f4d-20d2-4104-abcc-02e6288f3ffc@group-62509A8A5C15:t455, leader=null, voted=d2424f4d-20d2-4104-abcc-02e6288f3ffc, raftlog=d2424f4d-20d2-4104-abcc-02e6288f3ffc@group-62509A8A5C15-SegmentedRaftLog:OPENED:c-1,f-1,i0, conf=-1: [3909bd6a-278d-4911-9d70-32680c972d02:192.168.157.223:33343, d2424f4d-20d2-4104-abcc-02e6288f3ffc:192.168.157.223:39352, 7c510082-4284-44ef-8cd9-bb38fb15579f:192.168.157.223:33098], old=null
2019-10-17 21:16:27,664 [d2424f4d-20d2-4104-abcc-02e6288f3ffc@group-62509A8A5C15-LeaderElection410] INFO  impl.RaftServerImpl (RaftServerImpl.java:setRole(184)) - d2424f4d-20d2-4104-abcc-02e6288f3ffc@group-62509A8A5C15: changes role from CANDIDATE to FOLLOWER at term 455 for DISCOVERED_A_NEW_TERM
2019-10-17 21:16:27,664 [d2424f4d-20d2-4104-abcc-02e6288f3ffc@group-62509A8A5C15-LeaderElection410] INFO  impl.RoleInfo (RoleInfo.java:shutdownLeaderElection(134)) - d2424f4d-20d2-4104-abcc-02e6288f3ffc: shutdown LeaderElection
2019-10-17 21:16:27,664 [d2424f4d-20d2-4104-abcc-02e6288f3ffc@group-62509A8A5C15-LeaderElection410] INFO  impl.RoleInfo (RoleInfo.java:updateAndGet(143)) - d2424f4d-20d2-4104-abcc-02e6288f3ffc: start FollowerState
2019-10-17 21:16:27,716 [Thread-3002] INFO  impl.FollowerState (FollowerState.java:run(108)) - d2424f4d-20d2-4104-abcc-02e6288f3ffc@group-62509A8A5C15-FollowerState: change to CANDIDATE, lastRpcTime:52ms, electionTimeout:52ms
2019-10-17 21:16:27,716 [Thread-3002] INFO  impl.RoleInfo (RoleInfo.java:shutdownFollowerState(121)) - d2424f4d-20d2-4104-abcc-02e6288f3ffc: shutdown FollowerState
2019-10-17 21:16:27,716 [Thread-3002] INFO  impl.RaftServerImpl (RaftServerImpl.java:setRole(184)) - d2424f4d-20d2-4104-abcc-02e6288f3ffc@group-62509A8A5C15: changes role from  FOLLOWER to CANDIDATE at term 455 for changeToCandidate
2019-10-17 21:16:27,716 [Thread-3002] INFO  impl.RoleInfo (RoleInfo.java:updateAndGet(143)) - d2424f4d-20d2-4104-abcc-02e6288f3ffc: start LeaderElection
2019-10-17 21:16:27,730 [d2424f4d-20d2-4104-abcc-02e6288f3ffc@group-62509A8A5C15-LeaderElection411] INFO  impl.LeaderElection (LeaderElection.java:askForVotes(178)) - d2424f4d-20d2-4104-abcc-02e6288f3ffc@group-62509A8A5C15-LeaderElection411: begin an election at term 456 for -1: [3909bd6a-278d-4911-9d70-32680c972d02:192.168.157.223:33343, d2424f4d-20d2-4104-abcc-02e6288f3ffc:192.168.157.223:39352, 7c510082-4284-44ef-8cd9-bb38fb15579f:192.168.157.223:33098], old=null
2019-10-17 21:16:27,732 [grpc-default-executor-2] INFO  impl.RaftServerImpl (RaftServerImpl.java:setRole(184)) - 3909bd6a-278d-4911-9d70-32680c972d02@group-62509A8A5C15: changes role from  FOLLOWER to FOLLOWER at term 456 for recognizeCandidate:d2424f4d-20d2-4104-abcc-02e6288f3ffc
2019-10-17 21:16:27,732 [grpc-default-executor-2] INFO  impl.RoleInfo (RoleInfo.java:shutdownFollowerState(121)) - 3909bd6a-278d-4911-9d70-32680c972d02: shutdown FollowerState
2019-10-17 21:16:27,732 [grpc-default-executor-2] INFO  impl.RoleInfo (RoleInfo.java:updateAndGet(143)) - 3909bd6a-278d-4911-9d70-32680c972d02: start FollowerState
2019-10-17 21:16:27,732 [Thread-3000] INFO  impl.FollowerState (FollowerState.java:run(117)) - 3909bd6a-278d-4911-9d70-32680c972d02@group-62509A8A5C15-FollowerState was interrupted: java.lang.InterruptedException: sleep interrupted
2019-10-17 21:16:27,732 [grpc-default-executor-4] INFO  impl.RaftServerImpl (RaftServerImpl.java:setRole(184)) - 7c510082-4284-44ef-8cd9-bb38fb15579f@group-62509A8A5C15: changes role from  FOLLOWER to FOLLOWER at term 456 for recognizeCandidate:d2424f4d-20d2-4104-abcc-02e6288f3ffc
2019-10-17 21:16:27,732 [grpc-default-executor-4] INFO  impl.RoleInfo (RoleInfo.java:shutdownFollowerState(121)) - 7c510082-4284-44ef-8cd9-bb38fb15579f: shutdown FollowerState
2019-10-17 21:16:27,733 [grpc-default-executor-4] INFO  impl.RoleInfo (RoleInfo.java:updateAndGet(143)) - 7c510082-4284-44ef-8cd9-bb38fb15579f: start FollowerState
2019-10-17 21:16:27,733 [Thread-3001] INFO  impl.FollowerState (FollowerState.java:run(117)) - 7c510082-4284-44ef-8cd9-bb38fb15579f@group-62509A8A5C15-FollowerState was interrupted: java.lang.InterruptedException: sleep interrupted
2019-10-17 21:16:27,758 [d2424f4d-20d2-4104-abcc-02e6288f3ffc@group-62509A8A5C15-LeaderElection411] INFO  impl.LeaderElection (LeaderElection.java:logAndReturn(56)) - d2424f4d-20d2-4104-abcc-02e6288f3ffc@group-62509A8A5C15-LeaderElection411: Election REJECTED; received 2 response(s) [d2424f4d-20d2-4104-abcc-02e6288f3ffc<-3909bd6a-278d-4911-9d70-32680c972d02#0:FAIL-t456, d2424f4d-20d2-4104-abcc-02e6288f3ffc<-7c510082-4284-44ef-8cd9-bb38fb15579f#0:FAIL-t456] and 0 exception(s); d2424f4d-20d2-4104-abcc-02e6288f3ffc@group-62509A8A5C15:t456, leader=null, voted=d2424f4d-20d2-4104-abcc-02e6288f3ffc, raftlog=d2424f4d-20d2-4104-abcc-02e6288f3ffc@group-62509A8A5C15-SegmentedRaftLog:OPENED:c-1,f-1,i0, conf=-1: [3909bd6a-278d-4911-9d70-32680c972d02:192.168.157.223:33343, d2424f4d-20d2-4104-abcc-02e6288f3ffc:192.168.157.223:39352, 7c510082-4284-44ef-8cd9-bb38fb15579f:192.168.157.223:33098], old=null
2019-10-17 21:16:27,758 [d2424f4d-20d2-4104-abcc-02e6288f3ffc@group-62509A8A5C15-LeaderElection411] INFO  impl.RaftServerImpl (RaftServerImpl.java:setRole(184)) - d2424f4d-20d2-4104-abcc-02e6288f3ffc@group-62509A8A5C15: changes role from CANDIDATE to FOLLOWER at term 456 for DISCOVERED_A_NEW_TERM
2019-10-17 21:16:27,758 [d2424f4d-20d2-4104-abcc-02e6288f3ffc@group-62509A8A5C15-LeaderElection411] INFO  impl.RoleInfo (RoleInfo.java:shutdownLeaderElection(134)) - d2424f4d-20d2-4104-abcc-02e6288f3ffc: shutdown LeaderElection
2019-10-17 21:16:27,758 [d2424f4d-20d2-4104-abcc-02e6288f3ffc@group-62509A8A5C15-LeaderElection411] INFO  impl.RoleInfo (RoleInfo.java:updateAndGet(143)) - d2424f4d-20d2-4104-abcc-02e6288f3ffc: start FollowerState
2019-10-17 21:16:27,847 [Thread-3008] INFO  impl.FollowerState (FollowerState.java:run(108)) - d2424f4d-20d2-4104-abcc-02e6288f3ffc@group-62509A8A5C15-FollowerState: change to CANDIDATE, lastRpcTime:89ms, electionTimeout:89ms
2019-10-17 21:16:27,848 [Thread-3008] INFO  impl.RoleInfo (RoleInfo.java:shutdownFollowerState(121)) - d2424f4d-20d2-4104-abcc-02e6288f3ffc: shutdown FollowerState
2019-10-17 21:16:27,848 [Thread-3008] INFO  impl.RaftServerImpl (RaftServerImpl.java:setRole(184)) - d2424f4d-20d2-4104-abcc-02e6288f3ffc@group-62509A8A5C15: changes role from  FOLLOWER to CANDIDATE at term 456 for changeToCandidate
2019-10-17 21:16:27,848 [Thread-3008] INFO  impl.RoleInfo (RoleInfo.java:updateAndGet(143)) - d2424f4d-20d2-4104-abcc-02e6288f3ffc: start LeaderElection
2019-10-17 21:16:27,861 [d2424f4d-20d2-4104-abcc-02e6288f3ffc@group-62509A8A5C15-LeaderElection412] INFO  impl.LeaderElection (LeaderElection.java:askForVotes(178)) - d2424f4d-20d2-4104-abcc-02e6288f3ffc@group-62509A8A5C15-LeaderElection412: begin an election at term 457 for -1: [3909bd6a-278d-4911-9d70-32680c972d02:192.168.157.223:33343, d2424f4d-20d2-4104-abcc-02e6288f3ffc:192.168.157.223:39352, 7c510082-4284-44ef-8cd9-bb38fb15579f:192.168.157.223:33098], old=null
2019-10-17 21:16:27,864 [grpc-default-executor-4] INFO  impl.RaftServerImpl (RaftServerImpl.java:setRole(184)) - 3909bd6a-278d-4911-9d70-32680c972d02@group-62509A8A5C15: changes role from  FOLLOWER to FOLLOWER at term 457 for recognizeCandidate:d2424f4d-20d2-4104-abcc-02e6288f3ffc
2019-10-17 21:16:27,864 [grpc-default-executor-2] INFO  impl.RaftServerImpl (RaftServerImpl.java:setRole(184)) - 7c510082-4284-44ef-8cd9-bb38fb15579f@group-62509A8A5C15: changes role from  FOLLOWER to FOLLOWER at term 457 for recognizeCandidate:d2424f4d-20d2-4104-abcc-02e6288f3ffc
2019-10-17 21:16:27,864 [grpc-default-executor-4] INFO  impl.RoleInfo (RoleInfo.java:shutdownFollowerState(121)) - 3909bd6a-278d-4911-9d70-32680c972d02: shutdown FollowerState
2019-10-17 21:16:27,865 [grpc-default-executor-4] INFO  impl.RoleInfo (RoleInfo.java:updateAndGet(143)) - 3909bd6a-278d-4911-9d70-32680c972d02: start FollowerState
2019-10-17 21:16:27,865 [Thread-3006] INFO  impl.FollowerState (FollowerState.java:run(117)) - 3909bd6a-278d-4911-9d70-32680c972d02@group-62509A8A5C15-FollowerState was interrupted: java.lang.InterruptedException: sleep interrupted
2019-10-17 21:16:27,865 [grpc-default-executor-2] INFO  impl.RoleInfo (RoleInfo.java:shutdownFollowerState(121)) - 7c510082-4284-44ef-8cd9-bb38fb15579f: shutdown FollowerState
2019-10-17 21:16:27,865 [grpc-default-executor-2] INFO  impl.RoleInfo (RoleInfo.java:updateAndGet(143)) - 7c510082-4284-44ef-8cd9-bb38fb15579f: start FollowerState
2019-10-17 21:16:27,865 [Thread-3007] INFO  impl.FollowerState (FollowerState.java:run(117)) - 7c510082-4284-44ef-8cd9-bb38fb15579f@group-62509A8A5C15-FollowerState was interrupted: java.lang.InterruptedException: sleep interrupted
2019-10-17 21:16:27,881 [d2424f4d-20d2-4104-abcc-02e6288f3ffc@group-62509A8A5C15-LeaderElection412] INFO  impl.LeaderElection (LeaderElection.java:logAndReturn(56)) - d2424f4d-20d2-4104-abcc-02e6288f3ffc@group-62509A8A5C15-LeaderElection412: Election REJECTED; received 2 response(s) [d2424f4d-20d2-4104-abcc-02e6288f3ffc<-3909bd6a-278d-4911-9d70-32680c972d02#0:FAIL-t457, d2424f4d-20d2-4104-abcc-02e6288f3ffc<-7c510082-4284-44ef-8cd9-bb38fb15579f#0:FAIL-t457] and 0 exception(s); d2424f4d-20d2-4104-abcc-02e6288f3ffc@group-62509A8A5C15:t457, leader=null, voted=d2424f4d-20d2-4104-abcc-02e6288f3ffc, raftlog=d2424f4d-20d2-4104-abcc-02e6288f3ffc@group-62509A8A5C15-SegmentedRaftLog:OPENED:c-1,f-1,i0, conf=-1: [3909bd6a-278d-4911-9d70-32680c972d02:192.168.157.223:33343, d2424f4d-20d2-4104-abcc-02e6288f3ffc:192.168.157.223:39352, 7c510082-4284-44ef-8cd9-bb38fb15579f:192.168.157.223:33098], old=null
2019-10-17 21:16:27,881 [d2424f4d-20d2-4104-abcc-02e6288f3ffc@group-62509A8A5C15-LeaderElection412] INFO  impl.RaftServerImpl (RaftServerImpl.java:setRole(184)) - d2424f4d-20d2-4104-abcc-02e6288f3ffc@group-62509A8A5C15: changes role from CANDIDATE to FOLLOWER at term 457 for DISCOVERED_A_NEW_TERM
2019-10-17 21:16:27,882 [d2424f4d-20d2-4104-abcc-02e6288f3ffc@group-62509A8A5C15-LeaderElection412] INFO  impl.RoleInfo (RoleInfo.java:shutdownLeaderElection(134)) - d2424f4d-20d2-4104-abcc-02e6288f3ffc: shutdown LeaderElection
2019-10-17 21:16:27,882 [d2424f4d-20d2-4104-abcc-02e6288f3ffc@group-62509A8A5C15-LeaderElection412] INFO  impl.RoleInfo (RoleInfo.java:updateAndGet(143)) - d2424f4d-20d2-4104-abcc-02e6288f3ffc: start FollowerState
2019-10-17 21:16:27,944 [Thread-3014] INFO  impl.FollowerState (FollowerState.java:run(108)) - d2424f4d-20d2-4104-abcc-02e6288f3ffc@group-62509A8A5C15-FollowerState: change to CANDIDATE, lastRpcTime:62ms, electionTimeout:62ms
2019-10-17 21:16:27,944 [Thread-3014] INFO  impl.RoleInfo (RoleInfo.java:shutdownFollowerState(121)) - d2424f4d-20d2-4104-abcc-02e6288f3ffc: shutdown FollowerState
2019-10-17 21:16:27,944 [Thread-3014] INFO  impl.RaftServerImpl (RaftServerImpl.java:setRole(184)) - d2424f4d-20d2-4104-abcc-02e6288f3ffc@group-62509A8A5C15: changes role from  FOLLOWER to CANDIDATE at term 457 for changeToCandidate
2019-10-17 21:16:27,945 [Thread-3014] INFO  impl.RoleInfo (RoleInfo.java:updateAndGet(143)) - d2424f4d-20d2-4104-abcc-02e6288f3ffc: start LeaderElection
2019-10-17 21:16:27,960 [d2424f4d-20d2-4104-abcc-02e6288f3ffc@group-62509A8A5C15-LeaderElection413] INFO  impl.LeaderElection (LeaderElection.java:askForVotes(178)) - d2424f4d-20d2-4104-abcc-02e6288f3ffc@group-62509A8A5C15-LeaderElection413: begin an election at term 458 for -1: [3909bd6a-278d-4911-9d70-32680c972d02:192.168.157.223:33343, d2424f4d-20d2-4104-abcc-02e6288f3ffc:192.168.157.223:39352, 7c510082-4284-44ef-8cd9-bb38fb15579f:192.168.157.223:33098], old=null
2019-10-17 21:16:27,961 [grpc-default-executor-2] INFO  impl.RaftServerImpl (RaftServerImpl.java:setRole(184)) - 3909bd6a-278d-4911-9d70-32680c972d02@group-62509A8A5C15: changes role from  FOLLOWER to FOLLOWER at term 458 for recognizeCandidate:d2424f4d-20d2-4104-abcc-02e6288f3ffc
2019-10-17 21:16:27,961 [grpc-default-executor-2] INFO  impl.RoleInfo (RoleInfo.java:shutdownFollowerState(121)) - 3909bd6a-278d-4911-9d70-32680c972d02: shutdown FollowerState
2019-10-17 21:16:27,962 [grpc-default-executor-4] INFO  impl.RaftServerImpl (RaftServerImpl.java:setRole(184)) - 7c510082-4284-44ef-8cd9-bb38fb15579f@group-62509A8A5C15: changes role from  FOLLOWER to FOLLOWER at term 458 for recognizeCandidate:d2424f4d-20d2-4104-abcc-02e6288f3ffc
2019-10-17 21:16:27,962 [grpc-default-executor-4] INFO  impl.RoleInfo (RoleInfo.java:shutdownFollowerState(121)) - 7c510082-4284-44ef-8cd9-bb38fb15579f: shutdown FollowerState
2019-10-17 21:16:27,962 [Thread-3012] INFO  impl.FollowerState (FollowerState.java:run(117)) - 3909bd6a-278d-4911-9d70-32680c972d02@group-62509A8A5C15-FollowerState was interrupted: java.lang.InterruptedException: sleep interrupted
2019-10-17 21:16:27,962 [grpc-default-executor-2] INFO  impl.RoleInfo (RoleInfo.java:updateAndGet(143)) - 3909bd6a-278d-4911-9d70-32680c972d02: start FollowerState
2019-10-17 21:16:27,962 [Thread-3013] INFO  impl.FollowerState (FollowerState.java:run(117)) - 7c510082-4284-44ef-8cd9-bb38fb15579f@group-62509A8A5C15-FollowerState was interrupted: java.lang.InterruptedException: sleep interrupted
2019-10-17 21:16:27,962 [grpc-default-executor-4] INFO  impl.RoleInfo (RoleInfo.java:updateAndGet(143)) - 7c510082-4284-44ef-8cd9-bb38fb15579f: start FollowerState
2019-10-17 21:16:27,979 [d2424f4d-20d2-4104-abcc-02e6288f3ffc@group-62509A8A5C15-LeaderElection413] INFO  impl.LeaderElection (LeaderElection.java:logAndReturn(56)) - d2424f4d-20d2-4104-abcc-02e6288f3ffc@group-62509A8A5C15-LeaderElection413: Election TIMEOUT; received 0 response(s) [] and 0 exception(s); d2424f4d-20d2-4104-abcc-02e6288f3ffc@group-62509A8A5C15:t458, leader=null, voted=d2424f4d-20d2-4104-abcc-02e6288f3ffc, raftlog=d2424f4d-20d2-4104-abcc-02e6288f3ffc@group-62509A8A5C15-SegmentedRaftLog:OPENED:c-1,f-1,i0, conf=-1: [3909bd6a-278d-4911-9d70-32680c972d02:192.168.157.223:33343, d2424f4d-20d2-4104-abcc-02e6288f3ffc:192.168.157.223:39352, 7c510082-4284-44ef-8cd9-bb38fb15579f:192.168.157.223:33098], old=null
2019-10-17 21:16:27,999 [d2424f4d-20d2-4104-abcc-02e6288f3ffc@group-62509A8A5C15-LeaderElection413] INFO  impl.LeaderElection (LeaderElection.java:askForVotes(178)) - d2424f4d-20d2-4104-abcc-02e6288f3ffc@group-62509A8A5C15-LeaderElection413: begin an election at term 459 for -1: [3909bd6a-278d-4911-9d70-32680c972d02:192.168.157.223:33343, d2424f4d-20d2-4104-abcc-02e6288f3ffc:192.168.157.223:39352, 7c510082-4284-44ef-8cd9-bb38fb15579f:192.168.157.223:33098], old=null
2019-10-17 21:16:28,000 [grpc-default-executor-4] INFO  impl.RaftServerImpl (RaftServerImpl.java:setRole(184)) - 3909bd6a-278d-4911-9d70-32680c972d02@group-62509A8A5C15: changes role from  FOLLOWER to FOLLOWER at term 459 for recognizeCandidate:d2424f4d-20d2-4104-abcc-02e6288f3ffc
2019-10-17 21:16:28,001 [grpc-default-executor-2] INFO  impl.RaftServerImpl (RaftServerImpl.java:setRole(184)) - 7c510082-4284-44ef-8cd9-bb38fb15579f@group-62509A8A5C15: changes role from  FOLLOWER to FOLLOWER at term 459 for recognizeCandidate:d2424f4d-20d2-4104-abcc-02e6288f3ffc
2019-10-17 21:16:28,001 [grpc-default-executor-2] INFO  impl.RoleInfo (RoleInfo.java:shutdownFollowerState(121)) - 7c510082-4284-44ef-8cd9-bb38fb15579f: shutdown FollowerState
2019-10-17 21:16:28,001 [grpc-default-executor-4] INFO  impl.RoleInfo (RoleInfo.java:shutdownFollowerState(121)) - 3909bd6a-278d-4911-9d70-32680c972d02: shutdown FollowerState
2019-10-17 21:16:28,001 [Thread-3019] INFO  impl.FollowerState (FollowerState.java:run(117)) - 7c510082-4284-44ef-8cd9-bb38fb15579f@group-62509A8A5C15-FollowerState was interrupted: java.lang.InterruptedException: sleep interrupted
2019-10-17 21:16:28,001 [grpc-default-executor-2] INFO  impl.RoleInfo (RoleInfo.java:updateAndGet(143)) - 7c510082-4284-44ef-8cd9-bb38fb15579f: start FollowerState
2019-10-17 21:16:28,001 [Thread-3018] INFO  impl.FollowerState (FollowerState.java:run(117)) - 3909bd6a-278d-4911-9d70-32680c972d02@group-62509A8A5C15-FollowerState was interrupted: java.lang.InterruptedException: sleep interrupted
2019-10-17 21:16:28,001 [grpc-default-executor-4] INFO  impl.RoleInfo (RoleInfo.java:updateAndGet(143)) - 3909bd6a-278d-4911-9d70-32680c972d02: start FollowerState
2019-10-17 21:16:28,028 [d2424f4d-20d2-4104-abcc-02e6288f3ffc@group-62509A8A5C15-LeaderElection413] INFO  impl.LeaderElection (LeaderElection.java:logAndReturn(56)) - d2424f4d-20d2-4104-abcc-02e6288f3ffc@group-62509A8A5C15-LeaderElection413: Election REJECTED; received 2 response(s) [d2424f4d-20d2-4104-abcc-02e6288f3ffc<-3909bd6a-278d-4911-9d70-32680c972d02#0:FAIL-t459, d2424f4d-20d2-4104-abcc-02e6288f3ffc<-7c510082-4284-44ef-8cd9-bb38fb15579f#0:FAIL-t459] and 0 exception(s); d2424f4d-20d2-4104-abcc-02e6288f3ffc@group-62509A8A5C15:t459, leader=null, voted=d2424f4d-20d2-4104-abcc-02e6288f3ffc, raftlog=d2424f4d-20d2-4104-abcc-02e6288f3ffc@group-62509A8A5C15-SegmentedRaftLog:OPENED:c-1,f-1,i0, conf=-1: [3909bd6a-278d-4911-9d70-32680c972d02:192.168.157.223:33343, d2424f4d-20d2-4104-abcc-02e6288f3ffc:192.168.157.223:39352, 7c510082-4284-44ef-8cd9-bb38fb15579f:192.168.157.223:33098], old=null
2019-10-17 21:16:28,028 [d2424f4d-20d2-4104-abcc-02e6288f3ffc@group-62509A8A5C15-LeaderElection413] INFO  impl.RaftServerImpl (RaftServerImpl.java:setRole(184)) - d2424f4d-20d2-4104-abcc-02e6288f3ffc@group-62509A8A5C15: changes role from CANDIDATE to FOLLOWER at term 459 for DISCOVERED_A_NEW_TERM
2019-10-17 21:16:28,028 [d2424f4d-20d2-4104-abcc-02e6288f3ffc@group-62509A8A5C15-LeaderElection413] INFO  impl.RoleInfo (RoleInfo.java:shutdownLeaderElection(134)) - d2424f4d-20d2-4104-abcc-02e6288f3ffc: shutdown LeaderElection
2019-10-17 21:16:28,028 [d2424f4d-20d2-4104-abcc-02e6288f3ffc@group-62509A8A5C15-LeaderElection413] INFO  impl.RoleInfo (RoleInfo.java:updateAndGet(143)) - d2424f4d-20d2-4104-abcc-02e6288f3ffc: start FollowerState
2019-10-17 21:16:28,150 [Thread-3024] INFO  impl.FollowerState (FollowerState.java:run(108)) - d2424f4d-20d2-4104-abcc-02e6288f3ffc@group-62509A8A5C15-FollowerState: change to CANDIDATE, lastRpcTime:121ms, electionTimeout:121ms
2019-10-17 21:16:28,150 [Thread-3024] INFO  impl.RoleInfo (RoleInfo.java:shutdownFollowerState(121)) - d2424f4d-20d2-4104-abcc-02e6288f3ffc: shutdown FollowerState
2019-10-17 21:16:28,150 [Thread-3024] INFO  impl.RaftServerImpl (RaftServerImpl.java:setRole(184)) - d2424f4d-20d2-4104-abcc-02e6288f3ffc@group-62509A8A5C15: changes role from  FOLLOWER to CANDIDATE at term 459 for changeToCandidate
2019-10-17 21:16:28,150 [Thread-3024] INFO  impl.RoleInfo (RoleInfo.java:updateAndGet(143)) - d2424f4d-20d2-4104-abcc-02e6288f3ffc: start LeaderElection
2019-10-17 21:16:28,176 [d2424f4d-20d2-4104-abcc-02e6288f3ffc@group-62509A8A5C15-LeaderElection414] INFO  impl.LeaderElection (LeaderElection.java:askForVotes(178)) - d2424f4d-20d2-4104-abcc-02e6288f3ffc@group-62509A8A5C15-LeaderElection414: begin an election at term 460 for -1: [3909bd6a-278d-4911-9d70-32680c972d02:192.168.157.223:33343, d2424f4d-20d2-4104-abcc-02e6288f3ffc:192.168.157.223:39352, 7c510082-4284-44ef-8cd9-bb38fb15579f:192.168.157.223:33098], old=null
2019-10-17 21:16:28,178 [grpc-default-executor-4] INFO  impl.RaftServerImpl (RaftServerImpl.java:setRole(184)) - 3909bd6a-278d-4911-9d70-32680c972d02@group-62509A8A5C15: changes role from  FOLLOWER to FOLLOWER at term 460 for recognizeCandidate:d2424f4d-20d2-4104-abcc-02e6288f3ffc
2019-10-17 21:16:28,178 [grpc-default-executor-4] INFO  impl.RoleInfo (RoleInfo.java:shutdownFollowerState(121)) - 3909bd6a-278d-4911-9d70-32680c972d02: shutdown FollowerState
2019-10-17 21:16:28,178 [grpc-default-executor-2] INFO  impl.RaftServerImpl (RaftServerImpl.java:setRole(184)) - 7c510082-4284-44ef-8cd9-bb38fb15579f@group-62509A8A5C15: changes role from  FOLLOWER to FOLLOWER at term 460 for recognizeCandidate:d2424f4d-20d2-4104-abcc-02e6288f3ffc
2019-10-17 21:16:28,178 [grpc-default-executor-2] INFO  impl.RoleInfo (RoleInfo.java:shutdownFollowerState(121)) - 7c510082-4284-44ef-8cd9-bb38fb15579f: shutdown FollowerState
2019-10-17 21:16:28,178 [Thread-3023] INFO  impl.FollowerState (FollowerState.java:run(117)) - 3909bd6a-278d-4911-9d70-32680c972d02@group-62509A8A5C15-FollowerState was interrupted: java.lang.InterruptedException: sleep interrupted
2019-10-17 21:16:28,178 [Thread-3022] INFO  impl.FollowerState (FollowerState.java:run(117)) - 7c510082-4284-44ef-8cd9-bb38fb15579f@group-62509A8A5C15-FollowerState was interrupted: java.lang.InterruptedException: sleep interrupted
2019-10-17 21:16:28,178 [grpc-default-executor-4] INFO  impl.RoleInfo (RoleInfo.java:updateAndGet(143)) - 3909bd6a-278d-4911-9d70-32680c972d02: start FollowerState
2019-10-17 21:16:28,178 [grpc-default-executor-2] INFO  impl.RoleInfo (RoleInfo.java:updateAndGet(143)) - 7c510082-4284-44ef-8cd9-bb38fb15579f: start FollowerState
2019-10-17 21:16:28,205 [d2424f4d-20d2-4104-abcc-02e6288f3ffc@group-62509A8A5C15-LeaderElection414] INFO  impl.LeaderElection (LeaderElection.java:logAndReturn(56)) - d2424f4d-20d2-4104-abcc-02e6288f3ffc@group-62509A8A5C15-LeaderElection414: Election REJECTED; received 2 response(s) [d2424f4d-20d2-4104-abcc-02e6288f3ffc<-3909bd6a-278d-4911-9d70-32680c972d02#0:FAIL-t460, d2424f4d-20d2-4104-abcc-02e6288f3ffc<-7c510082-4284-44ef-8cd9-bb38fb15579f#0:FAIL-t460] and 0 exception(s); d2424f4d-20d2-4104-abcc-02e6288f3ffc@group-62509A8A5C15:t460, leader=null, voted=d2424f4d-20d2-4104-abcc-02e6288f3ffc, raftlog=d2424f4d-20d2-4104-abcc-02e6288f3ffc@group-62509A8A5C15-SegmentedRaftLog:OPENED:c-1,f-1,i0, conf=-1: [3909bd6a-278d-4911-9d70-32680c972d02:192.168.157.223:33343, d2424f4d-20d2-4104-abcc-02e6288f3ffc:192.168.157.223:39352, 7c510082-4284-44ef-8cd9-bb38fb15579f:192.168.157.223:33098], old=null
2019-10-17 21:16:28,206 [d2424f4d-20d2-4104-abcc-02e6288f3ffc@group-62509A8A5C15-LeaderElection414] INFO  impl.RaftServerImpl (RaftServerImpl.java:setRole(184)) - d2424f4d-20d2-4104-abcc-02e6288f3ffc@group-62509A8A5C15: changes role from CANDIDATE to FOLLOWER at term 460 for DISCOVERED_A_NEW_TERM
2019-10-17 21:16:28,206 [d2424f4d-20d2-4104-abcc-02e6288f3ffc@group-62509A8A5C15-LeaderElection414] INFO  impl.RoleInfo (RoleInfo.java:shutdownLeaderElection(134)) - d2424f4d-20d2-4104-abcc-02e6288f3ffc: shutdown LeaderElection
2019-10-17 21:16:28,206 [d2424f4d-20d2-4104-abcc-02e6288f3ffc@group-62509A8A5C15-LeaderElection414] INFO  impl.RoleInfo (RoleInfo.java:updateAndGet(143)) - d2424f4d-20d2-4104-abcc-02e6288f3ffc: start FollowerState
2019-10-17 21:16:28,387 [Thread-3030] INFO  impl.FollowerState (FollowerState.java:run(108)) - d2424f4d-20d2-4104-abcc-02e6288f3ffc@group-62509A8A5C15-FollowerState: change to CANDIDATE, lastRpcTime:181ms, electionTimeout:181ms
2019-10-17 21:16:28,387 [Thread-3030] INFO  impl.RoleInfo (RoleInfo.java:shutdownFollowerState(121)) - d2424f4d-20d2-4104-abcc-02e6288f3ffc: shutdown FollowerState
2019-10-17 21:16:28,387 [Thread-3030] INFO  impl.RaftServerImpl (RaftServerImpl.java:setRole(184)) - d2424f4d-20d2-4104-abcc-02e6288f3ffc@group-62509A8A5C15: changes role from  FOLLOWER to CANDIDATE at term 460 for changeToCandidate
2019-10-17 21:16:28,388 [Thread-3030] INFO  impl.RoleInfo (RoleInfo.java:updateAndGet(143)) - d2424f4d-20d2-4104-abcc-02e6288f3ffc: start LeaderElection
2019-10-17 21:16:28,402 [d2424f4d-20d2-4104-abcc-02e6288f3ffc@group-62509A8A5C15-LeaderElection415] INFO  impl.LeaderElection (LeaderElection.java:askForVotes(178)) - d2424f4d-20d2-4104-abcc-02e6288f3ffc@group-62509A8A5C15-LeaderElection415: begin an election at term 461 for -1: [3909bd6a-278d-4911-9d70-32680c972d02:192.168.157.223:33343, d2424f4d-20d2-4104-abcc-02e6288f3ffc:192.168.157.223:39352, 7c510082-4284-44ef-8cd9-bb38fb15579f:192.168.157.223:33098], old=null
2019-10-17 21:16:28,404 [grpc-default-executor-2] INFO  impl.RaftServerImpl (RaftServerImpl.java:setRole(184)) - 3909bd6a-278d-4911-9d70-32680c972d02@group-62509A8A5C15: changes role from  FOLLOWER to FOLLOWER at term 461 for recognizeCandidate:d2424f4d-20d2-4104-abcc-02e6288f3ffc
2019-10-17 21:16:28,404 [grpc-default-executor-2] INFO  impl.RoleInfo (RoleInfo.java:shutdownFollowerState(121)) - 3909bd6a-278d-4911-9d70-32680c972d02: shutdown FollowerState
2019-10-17 21:16:28,404 [grpc-default-executor-4] INFO  impl.RaftServerImpl (RaftServerImpl.java:setRole(184)) - 7c510082-4284-44ef-8cd9-bb38fb15579f@group-62509A8A5C15: changes role from  FOLLOWER to FOLLOWER at term 461 for recognizeCandidate:d2424f4d-20d2-4104-abcc-02e6288f3ffc
2019-10-17 21:16:28,405 [grpc-default-executor-4] INFO  impl.RoleInfo (RoleInfo.java:shutdownFollowerState(121)) - 7c510082-4284-44ef-8cd9-bb38fb15579f: shutdown FollowerState
2019-10-17 21:16:28,404 [Thread-3028] INFO  impl.FollowerState (FollowerState.java:run(117)) - 3909bd6a-278d-4911-9d70-32680c972d02@group-62509A8A5C15-FollowerState was interrupted: java.lang.InterruptedException: sleep interrupted
2019-10-17 21:16:28,405 [Thread-3029] INFO  impl.FollowerState (FollowerState.java:run(117)) - 7c510082-4284-44ef-8cd9-bb38fb15579f@group-62509A8A5C15-FollowerState was interrupted: java.lang.InterruptedException: sleep interrupted
2019-10-17 21:16:28,404 [grpc-default-executor-2] INFO  impl.RoleInfo (RoleInfo.java:updateAndGet(143)) - 3909bd6a-278d-4911-9d70-32680c972d02: start FollowerState
2019-10-17 21:16:28,405 [grpc-default-executor-4] INFO  impl.RoleInfo (RoleInfo.java:updateAndGet(143)) - 7c510082-4284-44ef-8cd9-bb38fb15579f: start FollowerState
2019-10-17 21:16:28,421 [d2424f4d-20d2-4104-abcc-02e6288f3ffc@group-62509A8A5C15-LeaderElection415] INFO  impl.LeaderElection (LeaderElection.java:logAndReturn(56)) - d2424f4d-20d2-4104-abcc-02e6288f3ffc@group-62509A8A5C15-LeaderElection415: Election REJECTED; received 2 response(s) [d2424f4d-20d2-4104-abcc-02e6288f3ffc<-3909bd6a-278d-4911-9d70-32680c972d02#0:FAIL-t461, d2424f4d-20d2-4104-abcc-02e6288f3ffc<-7c510082-4284-44ef-8cd9-bb38fb15579f#0:FAIL-t461] and 0 exception(s); d2424f4d-20d2-4104-abcc-02e6288f3ffc@group-62509A8A5C15:t461, leader=null, voted=d2424f4d-20d2-4104-abcc-02e6288f3ffc, raftlog=d2424f4d-20d2-4104-abcc-02e6288f3ffc@group-62509A8A5C15-SegmentedRaftLog:OPENED:c-1,f-1,i0, conf=-1: [3909bd6a-278d-4911-9d70-32680c972d02:192.168.157.223:33343, d2424f4d-20d2-4104-abcc-02e6288f3ffc:192.168.157.223:39352, 7c510082-4284-44ef-8cd9-bb38fb15579f:192.168.157.223:33098], old=null
2019-10-17 21:16:28,421 [d2424f4d-20d2-4104-abcc-02e6288f3ffc@group-62509A8A5C15-LeaderElection415] INFO  impl.RaftServerImpl (RaftServerImpl.java:setRole(184)) - d2424f4d-20d2-4104-abcc-02e6288f3ffc@group-62509A8A5C15: changes role from CANDIDATE to FOLLOWER at term 461 for DISCOVERED_A_NEW_TERM
2019-10-17 21:16:28,421 [d2424f4d-20d2-4104-abcc-02e6288f3ffc@group-62509A8A5C15-LeaderElection415] INFO  impl.RoleInfo (RoleInfo.java:shutdownLeaderElection(134)) - d2424f4d-20d2-4104-abcc-02e6288f3ffc: shutdown LeaderElection
2019-10-17 21:16:28,421 [d2424f4d-20d2-4104-abcc-02e6288f3ffc@group-62509A8A5C15-LeaderElection415] INFO  impl.RoleInfo (RoleInfo.java:updateAndGet(143)) - d2424f4d-20d2-4104-abcc-02e6288f3ffc: start FollowerState
2019-10-17 21:16:28,527 [Thread-3038] INFO  impl.FollowerState (FollowerState.java:run(108)) - d2424f4d-20d2-4104-abcc-02e6288f3ffc@group-62509A8A5C15-FollowerState: change to CANDIDATE, lastRpcTime:106ms, electionTimeout:106ms
2019-10-17 21:16:28,528 [Thread-3038] INFO  impl.RoleInfo (RoleInfo.java:shutdownFollowerState(121)) - d2424f4d-20d2-4104-abcc-02e6288f3ffc: shutdown FollowerState
2019-10-17 21:16:28,528 [Thread-3038] INFO  impl.RaftServerImpl (RaftServerImpl.java:setRole(184)) - d2424f4d-20d2-4104-abcc-02e6288f3ffc@group-62509A8A5C15: changes role from  FOLLOWER to CANDIDATE at term 461 for changeToCandidate
2019-10-17 21:16:28,528 [Thread-3038] INFO  impl.RoleInfo (RoleInfo.java:updateAndGet(143)) - d2424f4d-20d2-4104-abcc-02e6288f3ffc: start LeaderElection
2019-10-17 21:16:28,541 [d2424f4d-20d2-4104-abcc-02e6288f3ffc@group-62509A8A5C15-LeaderElection416] INFO  impl.LeaderElection (LeaderElection.java:askForVotes(178)) - d2424f4d-20d2-4104-abcc-02e6288f3ffc@group-62509A8A5C15-LeaderElection416: begin an election at term 462 for -1: [3909bd6a-278d-4911-9d70-32680c972d02:192.168.157.223:33343, d2424f4d-20d2-4104-abcc-02e6288f3ffc:192.168.157.223:39352, 7c510082-4284-44ef-8cd9-bb38fb15579f:192.168.157.223:33098], old=null
2019-10-17 21:16:28,543 [grpc-default-executor-4] INFO  impl.RaftServerImpl (RaftServerImpl.java:setRole(184)) - 3909bd6a-278d-4911-9d70-32680c972d02@group-62509A8A5C15: changes role from  FOLLOWER to FOLLOWER at term 462 for recognizeCandidate:d2424f4d-20d2-4104-abcc-02e6288f3ffc
2019-10-17 21:16:28,543 [grpc-default-executor-4] INFO  impl.RoleInfo (RoleInfo.java:shutdownFollowerState(121)) - 3909bd6a-278d-4911-9d70-32680c972d02: shutdown FollowerState
2019-10-17 21:16:28,543 [grpc-default-executor-2] INFO  impl.RaftServerImpl (RaftServerImpl.java:setRole(184)) - 7c510082-4284-44ef-8cd9-bb38fb15579f@group-62509A8A5C15: changes role from  FOLLOWER to FOLLOWER at term 462 for recognizeCandidate:d2424f4d-20d2-4104-abcc-02e6288f3ffc
2019-10-17 21:16:28,544 [grpc-default-executor-2] INFO  impl.RoleInfo (RoleInfo.java:shutdownFollowerState(121)) - 7c510082-4284-44ef-8cd9-bb38fb15579f: shutdown FollowerState
2019-10-17 21:16:28,544 [Thread-3036] INFO  impl.FollowerState (FollowerState.java:run(117)) - 3909bd6a-278d-4911-9d70-32680c972d02@group-62509A8A5C15-FollowerState was interrupted: java.lang.InterruptedException: sleep interrupted
2019-10-17 21:16:28,544 [grpc-default-executor-4] INFO  impl.RoleInfo (RoleInfo.java:updateAndGet(143)) - 3909bd6a-278d-4911-9d70-32680c972d02: start FollowerState
2019-10-17 21:16:28,544 [Thread-3037] INFO  impl.FollowerState (FollowerState.java:run(117)) - 7c510082-4284-44ef-8cd9-bb38fb15579f@group-62509A8A5C15-FollowerState was interrupted: java.lang.InterruptedException: sleep interrupted
2019-10-17 21:16:28,544 [grpc-default-executor-2] INFO  impl.RoleInfo (RoleInfo.java:updateAndGet(143)) - 7c510082-4284-44ef-8cd9-bb38fb15579f: start FollowerState
2019-10-17 21:16:28,571 [d2424f4d-20d2-4104-abcc-02e6288f3ffc@group-62509A8A5C15-LeaderElection416] INFO  impl.LeaderElection (LeaderElection.java:logAndReturn(56)) - d2424f4d-20d2-4104-abcc-02e6288f3ffc@group-62509A8A5C15-LeaderElection416: Election REJECTED; received 2 response(s) [d2424f4d-20d2-4104-abcc-02e6288f3ffc<-3909bd6a-278d-4911-9d70-32680c972d02#0:FAIL-t462, d2424f4d-20d2-4104-abcc-02e6288f3ffc<-7c510082-4284-44ef-8cd9-bb38fb15579f#0:FAIL-t462] and 0 exception(s); d2424f4d-20d2-4104-abcc-02e6288f3ffc@group-62509A8A5C15:t462, leader=null, voted=d2424f4d-20d2-4104-abcc-02e6288f3ffc, raftlog=d2424f4d-20d2-4104-abcc-02e6288f3ffc@group-62509A8A5C15-SegmentedRaftLog:OPENED:c-1,f-1,i0, conf=-1: [3909bd6a-278d-4911-9d70-32680c972d02:192.168.157.223:33343, d2424f4d-20d2-4104-abcc-02e6288f3ffc:192.168.157.223:39352, 7c510082-4284-44ef-8cd9-bb38fb15579f:192.168.157.223:33098], old=null
2019-10-17 21:16:28,571 [d2424f4d-20d2-4104-abcc-02e6288f3ffc@group-62509A8A5C15-LeaderElection416] INFO  impl.RaftServerImpl (RaftServerImpl.java:setRole(184)) - d2424f4d-20d2-4104-abcc-02e6288f3ffc@group-62509A8A5C15: changes role from CANDIDATE to FOLLOWER at term 462 for DISCOVERED_A_NEW_TERM
2019-10-17 21:16:28,571 [d2424f4d-20d2-4104-abcc-02e6288f3ffc@group-62509A8A5C15-LeaderElection416] INFO  impl.RoleInfo (RoleInfo.java:shutdownLeaderElection(134)) - d2424f4d-20d2-4104-abcc-02e6288f3ffc: shutdown LeaderElection
2019-10-17 21:16:28,571 [d2424f4d-20d2-4104-abcc-02e6288f3ffc@group-62509A8A5C15-LeaderElection416] INFO  impl.RoleInfo (RoleInfo.java:updateAndGet(143)) - d2424f4d-20d2-4104-abcc-02e6288f3ffc: start FollowerState
2019-10-17 21:16:28,641 [Thread-3044] INFO  impl.FollowerState (FollowerState.java:run(108)) - d2424f4d-20d2-4104-abcc-02e6288f3ffc@group-62509A8A5C15-FollowerState: change to CANDIDATE, lastRpcTime:70ms, electionTimeout:70ms
2019-10-17 21:16:28,642 [Thread-3044] INFO  impl.RoleInfo (RoleInfo.java:shutdownFollowerState(121)) - d2424f4d-20d2-4104-abcc-02e6288f3ffc: shutdown FollowerState
2019-10-17 21:16:28,642 [Thread-3044] INFO  impl.RaftServerImpl (RaftServerImpl.java:setRole(184)) - d2424f4d-20d2-4104-abcc-02e6288f3ffc@group-62509A8A5C15: changes role from  FOLLOWER to CANDIDATE at term 462 for changeToCandidate
2019-10-17 21:16:28,642 [Thread-3044] INFO  impl.RoleInfo (RoleInfo.java:updateAndGet(143)) - d2424f4d-20d2-4104-abcc-02e6288f3ffc: start LeaderElection
2019-10-17 21:16:28,657 [d2424f4d-20d2-4104-abcc-02e6288f3ffc@group-62509A8A5C15-LeaderElection417] INFO  impl.LeaderElection (LeaderElection.java:askForVotes(178)) - d2424f4d-20d2-4104-abcc-02e6288f3ffc@group-62509A8A5C15-LeaderElection417: begin an election at term 463 for -1: [3909bd6a-278d-4911-9d70-32680c972d02:192.168.157.223:33343, d2424f4d-20d2-4104-abcc-02e6288f3ffc:192.168.157.223:39352, 7c510082-4284-44ef-8cd9-bb38fb15579f:192.168.157.223:33098], old=null
2019-10-17 21:16:28,659 [grpc-default-executor-2] INFO  impl.RaftServerImpl (RaftServerImpl.java:setRole(184)) - 3909bd6a-278d-4911-9d70-32680c972d02@group-62509A8A5C15: changes role from  FOLLOWER to FOLLOWER at term 463 for recognizeCandidate:d2424f4d-20d2-4104-abcc-02e6288f3ffc
2019-10-17 21:16:28,660 [grpc-default-executor-2] INFO  impl.RoleInfo (RoleInfo.java:shutdownFollowerState(121)) - 3909bd6a-278d-4911-9d70-32680c972d02: shutdown FollowerState
2019-10-17 21:16:28,660 [grpc-default-executor-2] INFO  impl.RoleInfo (RoleInfo.java:updateAndGet(143)) - 3909bd6a-278d-4911-9d70-32680c972d02: start FollowerState
2019-10-17 21:16:28,660 [Thread-3042] INFO  impl.FollowerState (FollowerState.java:run(117)) - 3909bd6a-278d-4911-9d70-32680c972d02@group-62509A8A5C15-FollowerState was interrupted: java.lang.InterruptedException: sleep interrupted
2019-10-17 21:16:28,660 [grpc-default-executor-4] INFO  impl.RaftServerImpl (RaftServerImpl.java:setRole(184)) - 7c510082-4284-44ef-8cd9-bb38fb15579f@group-62509A8A5C15: changes role from  FOLLOWER to FOLLOWER at term 463 for recognizeCandidate:d2424f4d-20d2-4104-abcc-02e6288f3ffc
2019-10-17 21:16:28,660 [grpc-default-executor-4] INFO  impl.RoleInfo (RoleInfo.java:shutdownFollowerState(121)) - 7c510082-4284-44ef-8cd9-bb38fb15579f: shutdown FollowerState
2019-10-17 21:16:28,660 [grpc-default-executor-4] INFO  impl.RoleInfo (RoleInfo.java:updateAndGet(143)) - 7c510082-4284-44ef-8cd9-bb38fb15579f: start FollowerState
2019-10-17 21:16:28,660 [Thread-3043] INFO  impl.FollowerState (FollowerState.java:run(117)) - 7c510082-4284-44ef-8cd9-bb38fb15579f@group-62509A8A5C15-FollowerState was interrupted: java.lang.InterruptedException: sleep interrupted
2019-10-17 21:16:28,681 [d2424f4d-20d2-4104-abcc-02e6288f3ffc@group-62509A8A5C15-LeaderElection417] INFO  impl.LeaderElection (LeaderElection.java:logAndReturn(56)) - d2424f4d-20d2-4104-abcc-02e6288f3ffc@group-62509A8A5C15-LeaderElection417: Election REJECTED; received 2 response(s) [d2424f4d-20d2-4104-abcc-02e6288f3ffc<-3909bd6a-278d-4911-9d70-32680c972d02#0:FAIL-t463, d2424f4d-20d2-4104-abcc-02e6288f3ffc<-7c510082-4284-44ef-8cd9-bb38fb15579f#0:FAIL-t463] and 0 exception(s); d2424f4d-20d2-4104-abcc-02e6288f3ffc@group-62509A8A5C15:t463, leader=null, voted=d2424f4d-20d2-4104-abcc-02e6288f3ffc, raftlog=d2424f4d-20d2-4104-abcc-02e6288f3ffc@group-62509A8A5C15-SegmentedRaftLog:OPENED:c-1,f-1,i0, conf=-1: [3909bd6a-278d-4911-9d70-32680c972d02:192.168.157.223:33343, d2424f4d-20d2-4104-abcc-02e6288f3ffc:192.168.157.223:39352, 7c510082-4284-44ef-8cd9-bb38fb15579f:192.168.157.223:33098], old=null
2019-10-17 21:16:28,681 [d2424f4d-20d2-4104-abcc-02e6288f3ffc@group-62509A8A5C15-LeaderElection417] INFO  impl.RaftServerImpl (RaftServerImpl.java:setRole(184)) - d2424f4d-20d2-4104-abcc-02e6288f3ffc@group-62509A8A5C15: changes role from CANDIDATE to FOLLOWER at term 463 for DISCOVERED_A_NEW_TERM
2019-10-17 21:16:28,681 [d2424f4d-20d2-4104-abcc-02e6288f3ffc@group-62509A8A5C15-LeaderElection417] INFO  impl.RoleInfo (RoleInfo.java:shutdownLeaderElection(134)) - d2424f4d-20d2-4104-abcc-02e6288f3ffc: shutdown LeaderElection
2019-10-17 21:16:28,681 [d2424f4d-20d2-4104-abcc-02e6288f3ffc@group-62509A8A5C15-LeaderElection417] INFO  impl.RoleInfo (RoleInfo.java:updateAndGet(143)) - d2424f4d-20d2-4104-abcc-02e6288f3ffc: start FollowerState
2019-10-17 21:16:28,851 [Thread-3050] INFO  impl.FollowerState (FollowerState.java:run(108)) - d2424f4d-20d2-4104-abcc-02e6288f3ffc@group-62509A8A5C15-FollowerState: change to CANDIDATE, lastRpcTime:169ms, electionTimeout:169ms
2019-10-17 21:16:28,851 [Thread-3050] INFO  impl.RoleInfo (RoleInfo.java:shutdownFollowerState(121)) - d2424f4d-20d2-4104-abcc-02e6288f3ffc: shutdown FollowerState
2019-10-17 21:16:28,851 [Thread-3050] INFO  impl.RaftServerImpl (RaftServerImpl.java:setRole(184)) - d2424f4d-20d2-4104-abcc-02e6288f3ffc@group-62509A8A5C15: changes role from  FOLLOWER to CANDIDATE at term 463 for changeToCandidate
2019-10-17 21:16:28,851 [Thread-3050] INFO  impl.RoleInfo (RoleInfo.java:updateAndGet(143)) - d2424f4d-20d2-4104-abcc-02e6288f3ffc: start LeaderElection
2019-10-17 21:16:28,877 [d2424f4d-20d2-4104-abcc-02e6288f3ffc@group-62509A8A5C15-LeaderElection418] INFO  impl.LeaderElection (LeaderElection.java:askForVotes(178)) - d2424f4d-20d2-4104-abcc-02e6288f3ffc@group-62509A8A5C15-LeaderElection418: begin an election at term 464 for -1: [3909bd6a-278d-4911-9d70-32680c972d02:192.168.157.223:33343, d2424f4d-20d2-4104-abcc-02e6288f3ffc:192.168.157.223:39352, 7c510082-4284-44ef-8cd9-bb38fb15579f:192.168.157.223:33098], old=null
2019-10-17 21:16:28,878 [grpc-default-executor-4] INFO  impl.RaftServerImpl (RaftServerImpl.java:setRole(184)) - 3909bd6a-278d-4911-9d70-32680c972d02@group-62509A8A5C15: changes role from  FOLLOWER to FOLLOWER at term 464 for recognizeCandidate:d2424f4d-20d2-4104-abcc-02e6288f3ffc
2019-10-17 21:16:28,879 [grpc-default-executor-4] INFO  impl.RoleInfo (RoleInfo.java:shutdownFollowerState(121)) - 3909bd6a-278d-4911-9d70-32680c972d02: shutdown FollowerState
2019-10-17 21:16:28,879 [grpc-default-executor-2] INFO  impl.RaftServerImpl (RaftServerImpl.java:setRole(184)) - 7c510082-4284-44ef-8cd9-bb38fb15579f@group-62509A8A5C15: changes role from  FOLLOWER to FOLLOWER at term 464 for recognizeCandidate:d2424f4d-20d2-4104-abcc-02e6288f3ffc
2019-10-17 21:16:28,879 [grpc-default-executor-2] INFO  impl.RoleInfo (RoleInfo.java:shutdownFollowerState(121)) - 7c510082-4284-44ef-8cd9-bb38fb15579f: shutdown FollowerState
2019-10-17 21:16:28,879 [Thread-3048] INFO  impl.FollowerState (FollowerState.java:run(117)) - 3909bd6a-278d-4911-9d70-32680c972d02@group-62509A8A5C15-FollowerState was interrupted: java.lang.InterruptedException: sleep interrupted
2019-10-17 21:16:28,879 [Thread-3049] INFO  impl.FollowerState (FollowerState.java:run(117)) - 7c510082-4284-44ef-8cd9-bb38fb15579f@group-62509A8A5C15-FollowerState was interrupted: java.lang.InterruptedException: sleep interrupted
2019-10-17 21:16:28,879 [grpc-default-executor-4] INFO  impl.RoleInfo (RoleInfo.java:updateAndGet(143)) - 3909bd6a-278d-4911-9d70-32680c972d02: start FollowerState
2019-10-17 21:16:28,879 [grpc-default-executor-2] INFO  impl.RoleInfo (RoleInfo.java:updateAndGet(143)) - 7c510082-4284-44ef-8cd9-bb38fb15579f: start FollowerState
2019-10-17 21:16:28,895 [d2424f4d-20d2-4104-abcc-02e6288f3ffc@group-62509A8A5C15-LeaderElection418] INFO  impl.LeaderElection (LeaderElection.java:logAndReturn(56)) - d2424f4d-20d2-4104-abcc-02e6288f3ffc@group-62509A8A5C15-LeaderElection418: Election REJECTED; received 2 response(s) [d2424f4d-20d2-4104-abcc-02e6288f3ffc<-3909bd6a-278d-4911-9d70-32680c972d02#0:FAIL-t464, d2424f4d-20d2-4104-abcc-02e6288f3ffc<-7c510082-4284-44ef-8cd9-bb38fb15579f#0:FAIL-t464] and 0 exception(s); d2424f4d-20d2-4104-abcc-02e6288f3ffc@group-62509A8A5C15:t464, leader=null, voted=d2424f4d-20d2-4104-abcc-02e6288f3ffc, raftlog=d2424f4d-20d2-4104-abcc-02e6288f3ffc@group-62509A8A5C15-SegmentedRaftLog:OPENED:c-1,f-1,i0, conf=-1: [3909bd6a-278d-4911-9d70-32680c972d02:192.168.157.223:33343, d2424f4d-20d2-4104-abcc-02e6288f3ffc:192.168.157.223:39352, 7c510082-4284-44ef-8cd9-bb38fb15579f:192.168.157.223:33098], old=null
2019-10-17 21:16:28,895 [d2424f4d-20d2-4104-abcc-02e6288f3ffc@group-62509A8A5C15-LeaderElection418] INFO  impl.RaftServerImpl (RaftServerImpl.java:setRole(184)) - d2424f4d-20d2-4104-abcc-02e6288f3ffc@group-62509A8A5C15: changes role from CANDIDATE to FOLLOWER at term 464 for DISCOVERED_A_NEW_TERM
2019-10-17 21:16:28,895 [d2424f4d-20d2-4104-abcc-02e6288f3ffc@group-62509A8A5C15-LeaderElection418] INFO  impl.RoleInfo (RoleInfo.java:shutdownLeaderElection(134)) - d2424f4d-20d2-4104-abcc-02e6288f3ffc: shutdown LeaderElection
2019-10-17 21:16:28,895 [d2424f4d-20d2-4104-abcc-02e6288f3ffc@group-62509A8A5C15-LeaderElection418] INFO  impl.RoleInfo (RoleInfo.java:updateAndGet(143)) - d2424f4d-20d2-4104-abcc-02e6288f3ffc: start FollowerState
2019-10-17 21:16:28,967 [main] INFO  ozone.MiniOzoneClusterImpl (MiniOzoneClusterImpl.java:shutdown(314)) - Shutting down the Mini Ozone Cluster
2019-10-17 21:16:28,967 [main] INFO  ozone.MiniOzoneClusterImpl (MiniOzoneClusterImpl.java:stop(330)) - Stopping the Mini Ozone Cluster
2019-10-17 21:16:28,968 [main] INFO  ozone.MiniOzoneClusterImpl (MiniOzoneClusterImpl.java:stopOM(400)) - Stopping the OzoneManager
2019-10-17 21:16:28,968 [main] INFO  ipc.Server (Server.java:stop(3082)) - Stopping server on 45422
2019-10-17 21:16:28,975 [IPC Server listener on 45422] INFO  ipc.Server (Server.java:run(1185)) - Stopping IPC Server listener on 45422
2019-10-17 21:16:28,981 [IPC Server Responder] INFO  ipc.Server (Server.java:run(1319)) - Stopping IPC Server Responder
2019-10-17 21:16:28,983 [main] INFO  impl.RaftServerProxy (RaftServerProxy.java:lambda$close$4(314)) - 269b3a8f-c976-4744-bd50-57f338f48d60: close
2019-10-17 21:16:29,008 [main] INFO  impl.RaftServerImpl (RaftServerImpl.java:lambda$shutdown$3(261)) - 269b3a8f-c976-4744-bd50-57f338f48d60@group-C5BA1605619E: shutdown
2019-10-17 21:16:29,009 [main] INFO  util.JmxRegister (JmxRegister.java:unregister(73)) - Successfully un-registered JMX Bean with object name Ratis:service=RaftServer,group=group-C5BA1605619E,id=269b3a8f-c976-4744-bd50-57f338f48d60
2019-10-17 21:16:29,010 [main] INFO  impl.RoleInfo (RoleInfo.java:shutdownLeaderState(104)) - 269b3a8f-c976-4744-bd50-57f338f48d60: shutdown LeaderState
2019-10-17 21:16:29,010 [main] INFO  impl.PendingRequests (PendingRequests.java:sendNotLeaderResponses(202)) - 269b3a8f-c976-4744-bd50-57f338f48d60@group-C5BA1605619E-PendingRequests: sendNotLeaderResponses
2019-10-17 21:16:29,015 [main] INFO  impl.StateMachineUpdater (StateMachineUpdater.java:stopAndJoin(136)) - 269b3a8f-c976-4744-bd50-57f338f48d60@group-C5BA1605619E-StateMachineUpdater: set stopIndex = 6
2019-10-17 21:16:29,015 [269b3a8f-c976-4744-bd50-57f338f48d60@group-C5BA1605619E-StateMachineUpdater] INFO  ratis.OzoneManagerStateMachine (OzoneManagerStateMachine.java:takeSnapshot(254)) - Saving Ratis snapshot on the OM.
2019-10-17 21:16:29,024 [269b3a8f-c976-4744-bd50-57f338f48d60@group-C5BA1605619E-StateMachineUpdater] INFO  ratis.OMRatisSnapshotInfo (OMRatisSnapshotInfo.java:saveRatisSnapshotToDisk(107)) - Saved Ratis Snapshot on the OM with snapshotIndex 5
2019-10-17 21:16:29,027 [Thread-3056] INFO  impl.FollowerState (FollowerState.java:run(108)) - d2424f4d-20d2-4104-abcc-02e6288f3ffc@group-62509A8A5C15-FollowerState: change to CANDIDATE, lastRpcTime:131ms, electionTimeout:130ms
2019-10-17 21:16:29,027 [269b3a8f-c976-4744-bd50-57f338f48d60@group-C5BA1605619E-StateMachineUpdater] INFO  impl.StateMachineUpdater (StateMachineUpdater.java:takeSnapshot(269)) - 269b3a8f-c976-4744-bd50-57f338f48d60@group-C5BA1605619E-StateMachineUpdater: Took a snapshot at index 5
2019-10-17 21:16:29,028 [Thread-3056] INFO  impl.RoleInfo (RoleInfo.java:shutdownFollowerState(121)) - d2424f4d-20d2-4104-abcc-02e6288f3ffc: shutdown FollowerState
2019-10-17 21:16:29,028 [269b3a8f-c976-4744-bd50-57f338f48d60@group-C5BA1605619E-StateMachineUpdater] INFO  impl.StateMachineUpdater (StateMachineUpdater.java:lambda$new$0(84)) - 269b3a8f-c976-4744-bd50-57f338f48d60@group-C5BA1605619E-StateMachineUpdater: snapshotIndex: updateIncreasingly -1 -> 5
2019-10-17 21:16:29,028 [Thread-3056] INFO  impl.RaftServerImpl (RaftServerImpl.java:setRole(184)) - d2424f4d-20d2-4104-abcc-02e6288f3ffc@group-62509A8A5C15: changes role from  FOLLOWER to CANDIDATE at term 464 for changeToCandidate
2019-10-17 21:16:29,028 [Thread-3056] INFO  impl.RoleInfo (RoleInfo.java:updateAndGet(143)) - d2424f4d-20d2-4104-abcc-02e6288f3ffc: start LeaderElection
2019-10-17 21:16:29,032 [269b3a8f-c976-4744-bd50-57f338f48d60@group-C5BA1605619E-StateMachineUpdater] INFO  ratis.OzoneManagerStateMachine (OzoneManagerStateMachine.java:takeSnapshot(254)) - Saving Ratis snapshot on the OM.
2019-10-17 21:16:29,033 [269b3a8f-c976-4744-bd50-57f338f48d60@group-C5BA1605619E-StateMachineUpdater] INFO  ratis.OMRatisSnapshotInfo (OMRatisSnapshotInfo.java:saveRatisSnapshotToDisk(107)) - Saved Ratis Snapshot on the OM with snapshotIndex 5
2019-10-17 21:16:29,033 [269b3a8f-c976-4744-bd50-57f338f48d60@group-C5BA1605619E-StateMachineUpdater] INFO  impl.StateMachineUpdater (StateMachineUpdater.java:takeSnapshot(269)) - 269b3a8f-c976-4744-bd50-57f338f48d60@group-C5BA1605619E-StateMachineUpdater: Took a snapshot at index 5
2019-10-17 21:16:29,033 [269b3a8f-c976-4744-bd50-57f338f48d60@group-C5BA1605619E-StateMachineUpdater] INFO  impl.StateMachineUpdater (StateMachineUpdater.java:lambda$new$0(84)) - 269b3a8f-c976-4744-bd50-57f338f48d60@group-C5BA1605619E-StateMachineUpdater: snapshotIndex: updateIncreasingly 5 -> 5
2019-10-17 21:16:29,033 [main] INFO  impl.RaftServerImpl (ServerState.java:close(388)) - 269b3a8f-c976-4744-bd50-57f338f48d60@group-C5BA1605619E: closes. applyIndex: 6
2019-10-17 21:16:29,035 [269b3a8f-c976-4744-bd50-57f338f48d60@group-C5BA1605619E-SegmentedRaftLogWorker] INFO  segmented.SegmentedRaftLogWorker (SegmentedRaftLogWorker.java:run(316)) - 269b3a8f-c976-4744-bd50-57f338f48d60@group-C5BA1605619E-SegmentedRaftLogWorker was interrupted, exiting. There are 0 tasks remaining in the queue.
2019-10-17 21:16:29,037 [main] INFO  segmented.SegmentedRaftLogWorker (SegmentedRaftLogWorker.java:close(224)) - 269b3a8f-c976-4744-bd50-57f338f48d60@group-C5BA1605619E-SegmentedRaftLogWorker close()
2019-10-17 21:16:29,040 [main] INFO  server.GrpcService (GrpcService.java:closeImpl(164)) - 269b3a8f-c976-4744-bd50-57f338f48d60: shutdown server with port 9872 now
2019-10-17 21:16:29,042 [main] INFO  server.GrpcService (GrpcService.java:closeImpl(172)) - 269b3a8f-c976-4744-bd50-57f338f48d60: shutdown server with port 9872 successfully
2019-10-17 21:16:29,042 [main] INFO  ratis.OzoneManagerDoubleBuffer (OzoneManagerDoubleBuffer.java:stop(250)) - Stopping OMDoubleBuffer flush thread
2019-10-17 21:16:29,042 [OMDoubleBufferFlushThread] INFO  ratis.OzoneManagerDoubleBuffer (OzoneManagerDoubleBuffer.java:flushTransactions(193)) - OMDoubleBuffer flush thread OMDoubleBufferFlushThread is interrupted and will exit. OMDoubleBufferFlushThread
2019-10-17 21:16:29,045 [main] INFO  utils.BackgroundService (BackgroundService.java:shutdown(151)) - Shutting down service KeyDeletingService
2019-10-17 21:16:29,050 [main] INFO  handler.ContextHandler (ContextHandler.java:doStop(910)) - Stopped o.e.j.w.WebAppContext@5633dafd{/,null,UNAVAILABLE}{/ozoneManager}
2019-10-17 21:16:29,054 [d2424f4d-20d2-4104-abcc-02e6288f3ffc@group-62509A8A5C15-LeaderElection419] INFO  impl.LeaderElection (LeaderElection.java:askForVotes(178)) - d2424f4d-20d2-4104-abcc-02e6288f3ffc@group-62509A8A5C15-LeaderElection419: begin an election at term 465 for -1: [3909bd6a-278d-4911-9d70-32680c972d02:192.168.157.223:33343, d2424f4d-20d2-4104-abcc-02e6288f3ffc:192.168.157.223:39352, 7c510082-4284-44ef-8cd9-bb38fb15579f:192.168.157.223:33098], old=null
2019-10-17 21:16:29,057 [grpc-default-executor-2] INFO  impl.RaftServerImpl (RaftServerImpl.java:setRole(184)) - 3909bd6a-278d-4911-9d70-32680c972d02@group-62509A8A5C15: changes role from  FOLLOWER to FOLLOWER at term 465 for recognizeCandidate:d2424f4d-20d2-4104-abcc-02e6288f3ffc
2019-10-17 21:16:29,057 [grpc-default-executor-4] INFO  impl.RaftServerImpl (RaftServerImpl.java:setRole(184)) - 7c510082-4284-44ef-8cd9-bb38fb15579f@group-62509A8A5C15: changes role from  FOLLOWER to FOLLOWER at term 465 for recognizeCandidate:d2424f4d-20d2-4104-abcc-02e6288f3ffc
2019-10-17 21:16:29,057 [grpc-default-executor-2] INFO  impl.RoleInfo (RoleInfo.java:shutdownFollowerState(121)) - 3909bd6a-278d-4911-9d70-32680c972d02: shutdown FollowerState
2019-10-17 21:16:29,057 [main] INFO  server.AbstractConnector (AbstractConnector.java:doStop(318)) - Stopped ServerConnector@5d5160e6{HTTP/1.1,[http/1.1]}{0.0.0.0:0}
2019-10-17 21:16:29,057 [grpc-default-executor-4] INFO  impl.RoleInfo (RoleInfo.java:shutdownFollowerState(121)) - 7c510082-4284-44ef-8cd9-bb38fb15579f: shutdown FollowerState
2019-10-17 21:16:29,057 [Thread-3054] INFO  impl.FollowerState (FollowerState.java:run(117)) - 3909bd6a-278d-4911-9d70-32680c972d02@group-62509A8A5C15-FollowerState was interrupted: java.lang.InterruptedException: sleep interrupted
2019-10-17 21:16:29,057 [grpc-default-executor-2] INFO  impl.RoleInfo (RoleInfo.java:updateAndGet(143)) - 3909bd6a-278d-4911-9d70-32680c972d02: start FollowerState
2019-10-17 21:16:29,058 [main] INFO  handler.ContextHandler (ContextHandler.java:doStop(910)) - Stopped o.e.j.s.ServletContextHandler@2caa5d7c{/static,file:///workdir/hadoop-ozone/integration-test/target/test-classes/webapps/static,UNAVAILABLE}
2019-10-17 21:16:29,057 [grpc-default-executor-4] INFO  impl.RoleInfo (RoleInfo.java:updateAndGet(143)) - 7c510082-4284-44ef-8cd9-bb38fb15579f: start FollowerState
2019-10-17 21:16:29,057 [Thread-3055] INFO  impl.FollowerState (FollowerState.java:run(117)) - 7c510082-4284-44ef-8cd9-bb38fb15579f@group-62509A8A5C15-FollowerState was interrupted: java.lang.InterruptedException: sleep interrupted
2019-10-17 21:16:29,058 [main] INFO  handler.ContextHandler (ContextHandler.java:doStop(910)) - Stopped o.e.j.s.ServletContextHandler@5fe7f967{/logs,file:///workdir/hadoop-ozone/integration-test/target/log,UNAVAILABLE}
2019-10-17 21:16:29,063 [main] INFO  ozone.MiniOzoneClusterImpl (MiniOzoneClusterImpl.java:stopDatanodes(377)) - Stopping the HddsDatanodes
2019-10-17 21:16:29,072 [d2424f4d-20d2-4104-abcc-02e6288f3ffc@group-62509A8A5C15-LeaderElection419] INFO  impl.LeaderElection (LeaderElection.java:logAndReturn(56)) - d2424f4d-20d2-4104-abcc-02e6288f3ffc@group-62509A8A5C15-LeaderElection419: Election TIMEOUT; received 0 response(s) [] and 0 exception(s); d2424f4d-20d2-4104-abcc-02e6288f3ffc@group-62509A8A5C15:t465, leader=null, voted=d2424f4d-20d2-4104-abcc-02e6288f3ffc, raftlog=d2424f4d-20d2-4104-abcc-02e6288f3ffc@group-62509A8A5C15-SegmentedRaftLog:OPENED:c-1,f-1,i0, conf=-1: [3909bd6a-278d-4911-9d70-32680c972d02:192.168.157.223:33343, d2424f4d-20d2-4104-abcc-02e6288f3ffc:192.168.157.223:39352, 7c510082-4284-44ef-8cd9-bb38fb15579f:192.168.157.223:33098], old=null
2019-10-17 21:16:29,087 [d2424f4d-20d2-4104-abcc-02e6288f3ffc@group-62509A8A5C15-LeaderElection419] INFO  impl.LeaderElection (LeaderElection.java:askForVotes(178)) - d2424f4d-20d2-4104-abcc-02e6288f3ffc@group-62509A8A5C15-LeaderElection419: begin an election at term 466 for -1: [3909bd6a-278d-4911-9d70-32680c972d02:192.168.157.223:33343, d2424f4d-20d2-4104-abcc-02e6288f3ffc:192.168.157.223:39352, 7c510082-4284-44ef-8cd9-bb38fb15579f:192.168.157.223:33098], old=null
2019-10-17 21:16:29,089 [grpc-default-executor-4] INFO  impl.RaftServerImpl (RaftServerImpl.java:setRole(184)) - 3909bd6a-278d-4911-9d70-32680c972d02@group-62509A8A5C15: changes role from  FOLLOWER to FOLLOWER at term 466 for recognizeCandidate:d2424f4d-20d2-4104-abcc-02e6288f3ffc
2019-10-17 21:16:29,089 [grpc-default-executor-4] INFO  impl.RoleInfo (RoleInfo.java:shutdownFollowerState(121)) - 3909bd6a-278d-4911-9d70-32680c972d02: shutdown FollowerState
2019-10-17 21:16:29,089 [grpc-default-executor-4] INFO  impl.RoleInfo (RoleInfo.java:updateAndGet(143)) - 3909bd6a-278d-4911-9d70-32680c972d02: start FollowerState
2019-10-17 21:16:29,090 [grpc-default-executor-2] INFO  impl.RaftServerImpl (RaftServerImpl.java:setRole(184)) - 7c510082-4284-44ef-8cd9-bb38fb15579f@group-62509A8A5C15: changes role from  FOLLOWER to FOLLOWER at term 466 for recognizeCandidate:d2424f4d-20d2-4104-abcc-02e6288f3ffc
2019-10-17 21:16:29,090 [grpc-default-executor-2] INFO  impl.RoleInfo (RoleInfo.java:shutdownFollowerState(121)) - 7c510082-4284-44ef-8cd9-bb38fb15579f: shutdown FollowerState
2019-10-17 21:16:29,089 [Thread-3061] INFO  impl.FollowerState (FollowerState.java:run(117)) - 3909bd6a-278d-4911-9d70-32680c972d02@group-62509A8A5C15-FollowerState was interrupted: java.lang.InterruptedException: sleep interrupted
2019-10-17 21:16:29,090 [Thread-3062] INFO  impl.FollowerState (FollowerState.java:run(117)) - 7c510082-4284-44ef-8cd9-bb38fb15579f@group-62509A8A5C15-FollowerState was interrupted: java.lang.InterruptedException: sleep interrupted
2019-10-17 21:16:29,090 [grpc-default-executor-2] INFO  impl.RoleInfo (RoleInfo.java:updateAndGet(143)) - 7c510082-4284-44ef-8cd9-bb38fb15579f: start FollowerState
2019-10-17 21:16:29,104 [d2424f4d-20d2-4104-abcc-02e6288f3ffc@group-62509A8A5C15-LeaderElection419] INFO  impl.LeaderElection (LeaderElection.java:logAndReturn(56)) - d2424f4d-20d2-4104-abcc-02e6288f3ffc@group-62509A8A5C15-LeaderElection419: Election REJECTED; received 2 response(s) [d2424f4d-20d2-4104-abcc-02e6288f3ffc<-3909bd6a-278d-4911-9d70-32680c972d02#0:FAIL-t466, d2424f4d-20d2-4104-abcc-02e6288f3ffc<-7c510082-4284-44ef-8cd9-bb38fb15579f#0:FAIL-t466] and 0 exception(s); d2424f4d-20d2-4104-abcc-02e6288f3ffc@group-62509A8A5C15:t466, leader=null, voted=d2424f4d-20d2-4104-abcc-02e6288f3ffc, raftlog=d2424f4d-20d2-4104-abcc-02e6288f3ffc@group-62509A8A5C15-SegmentedRaftLog:OPENED:c-1,f-1,i0, conf=-1: [3909bd6a-278d-4911-9d70-32680c972d02:192.168.157.223:33343, d2424f4d-20d2-4104-abcc-02e6288f3ffc:192.168.157.223:39352, 7c510082-4284-44ef-8cd9-bb38fb15579f:192.168.157.223:33098], old=null
2019-10-17 21:16:29,104 [d2424f4d-20d2-4104-abcc-02e6288f3ffc@group-62509A8A5C15-LeaderElection419] INFO  impl.RaftServerImpl (RaftServerImpl.java:setRole(184)) - d2424f4d-20d2-4104-abcc-02e6288f3ffc@group-62509A8A5C15: changes role from CANDIDATE to FOLLOWER at term 466 for DISCOVERED_A_NEW_TERM
2019-10-17 21:16:29,104 [d2424f4d-20d2-4104-abcc-02e6288f3ffc@group-62509A8A5C15-LeaderElection419] INFO  impl.RoleInfo (RoleInfo.java:shutdownLeaderElection(134)) - d2424f4d-20d2-4104-abcc-02e6288f3ffc: shutdown LeaderElection
2019-10-17 21:16:29,104 [d2424f4d-20d2-4104-abcc-02e6288f3ffc@group-62509A8A5C15-LeaderElection419] INFO  impl.RoleInfo (RoleInfo.java:updateAndGet(143)) - d2424f4d-20d2-4104-abcc-02e6288f3ffc: start FollowerState
2019-10-17 21:16:29,267 [Thread-3067] INFO  impl.FollowerState (FollowerState.java:run(108)) - d2424f4d-20d2-4104-abcc-02e6288f3ffc@group-62509A8A5C15-FollowerState: change to CANDIDATE, lastRpcTime:163ms, electionTimeout:163ms
2019-10-17 21:16:29,267 [Thread-3067] INFO  impl.RoleInfo (RoleInfo.java:shutdownFollowerState(121)) - d2424f4d-20d2-4104-abcc-02e6288f3ffc: shutdown FollowerState
2019-10-17 21:16:29,268 [Thread-3067] INFO  impl.RaftServerImpl (RaftServerImpl.java:setRole(184)) - d2424f4d-20d2-4104-abcc-02e6288f3ffc@group-62509A8A5C15: changes role from  FOLLOWER to CANDIDATE at term 466 for changeToCandidate
2019-10-17 21:16:29,268 [Thread-3067] INFO  impl.RoleInfo (RoleInfo.java:updateAndGet(143)) - d2424f4d-20d2-4104-abcc-02e6288f3ffc: start LeaderElection
2019-10-17 21:16:29,282 [d2424f4d-20d2-4104-abcc-02e6288f3ffc@group-62509A8A5C15-LeaderElection420] INFO  impl.LeaderElection (LeaderElection.java:askForVotes(178)) - d2424f4d-20d2-4104-abcc-02e6288f3ffc@group-62509A8A5C15-LeaderElection420: begin an election at term 467 for -1: [3909bd6a-278d-4911-9d70-32680c972d02:192.168.157.223:33343, d2424f4d-20d2-4104-abcc-02e6288f3ffc:192.168.157.223:39352, 7c510082-4284-44ef-8cd9-bb38fb15579f:192.168.157.223:33098], old=null
2019-10-17 21:16:29,283 [grpc-default-executor-2] INFO  impl.RaftServerImpl (RaftServerImpl.java:setRole(184)) - 3909bd6a-278d-4911-9d70-32680c972d02@group-62509A8A5C15: changes role from  FOLLOWER to FOLLOWER at term 467 for recognizeCandidate:d2424f4d-20d2-4104-abcc-02e6288f3ffc
2019-10-17 21:16:29,284 [grpc-default-executor-5] INFO  impl.RaftServerImpl (RaftServerImpl.java:setRole(184)) - 7c510082-4284-44ef-8cd9-bb38fb15579f@group-62509A8A5C15: changes role from  FOLLOWER to FOLLOWER at term 467 for recognizeCandidate:d2424f4d-20d2-4104-abcc-02e6288f3ffc
2019-10-17 21:16:29,284 [grpc-default-executor-5] INFO  impl.RoleInfo (RoleInfo.java:shutdownFollowerState(121)) - 7c510082-4284-44ef-8cd9-bb38fb15579f: shutdown FollowerState
2019-10-17 21:16:29,284 [grpc-default-executor-2] INFO  impl.RoleInfo (RoleInfo.java:shutdownFollowerState(121)) - 3909bd6a-278d-4911-9d70-32680c972d02: shutdown FollowerState
2019-10-17 21:16:29,284 [grpc-default-executor-2] INFO  impl.RoleInfo (RoleInfo.java:updateAndGet(143)) - 3909bd6a-278d-4911-9d70-32680c972d02: start FollowerState
2019-10-17 21:16:29,284 [Thread-3066] INFO  impl.FollowerState (FollowerState.java:run(117)) - 7c510082-4284-44ef-8cd9-bb38fb15579f@group-62509A8A5C15-FollowerState was interrupted: java.lang.InterruptedException: sleep interrupted
2019-10-17 21:16:29,284 [grpc-default-executor-5] INFO  impl.RoleInfo (RoleInfo.java:updateAndGet(143)) - 7c510082-4284-44ef-8cd9-bb38fb15579f: start FollowerState
2019-10-17 21:16:29,284 [Thread-3065] INFO  impl.FollowerState (FollowerState.java:run(117)) - 3909bd6a-278d-4911-9d70-32680c972d02@group-62509A8A5C15-FollowerState was interrupted: java.lang.InterruptedException: sleep interrupted
2019-10-17 21:16:29,300 [d2424f4d-20d2-4104-abcc-02e6288f3ffc@group-62509A8A5C15-LeaderElection420] INFO  impl.LeaderElection (LeaderElection.java:logAndReturn(56)) - d2424f4d-20d2-4104-abcc-02e6288f3ffc@group-62509A8A5C15-LeaderElection420: Election REJECTED; received 2 response(s) [d2424f4d-20d2-4104-abcc-02e6288f3ffc<-3909bd6a-278d-4911-9d70-32680c972d02#0:FAIL-t467, d2424f4d-20d2-4104-abcc-02e6288f3ffc<-7c510082-4284-44ef-8cd9-bb38fb15579f#0:FAIL-t467] and 0 exception(s); d2424f4d-20d2-4104-abcc-02e6288f3ffc@group-62509A8A5C15:t467, leader=null, voted=d2424f4d-20d2-4104-abcc-02e6288f3ffc, raftlog=d2424f4d-20d2-4104-abcc-02e6288f3ffc@group-62509A8A5C15-SegmentedRaftLog:OPENED:c-1,f-1,i0, conf=-1: [3909bd6a-278d-4911-9d70-32680c972d02:192.168.157.223:33343, d2424f4d-20d2-4104-abcc-02e6288f3ffc:192.168.157.223:39352, 7c510082-4284-44ef-8cd9-bb38fb15579f:192.168.157.223:33098], old=null
2019-10-17 21:16:29,300 [d2424f4d-20d2-4104-abcc-02e6288f3ffc@group-62509A8A5C15-LeaderElection420] INFO  impl.RaftServerImpl (RaftServerImpl.java:setRole(184)) - d2424f4d-20d2-4104-abcc-02e6288f3ffc@group-62509A8A5C15: changes role from CANDIDATE to FOLLOWER at term 467 for DISCOVERED_A_NEW_TERM
2019-10-17 21:16:29,300 [d2424f4d-20d2-4104-abcc-02e6288f3ffc@group-62509A8A5C15-LeaderElection420] INFO  impl.RoleInfo (RoleInfo.java:shutdownLeaderElection(134)) - d2424f4d-20d2-4104-abcc-02e6288f3ffc: shutdown LeaderElection
2019-10-17 21:16:29,300 [d2424f4d-20d2-4104-abcc-02e6288f3ffc@group-62509A8A5C15-LeaderElection420] INFO  impl.RoleInfo (RoleInfo.java:updateAndGet(143)) - d2424f4d-20d2-4104-abcc-02e6288f3ffc: start FollowerState
2019-10-17 21:16:29,457 [Thread-3073] INFO  impl.FollowerState (FollowerState.java:run(108)) - d2424f4d-20d2-4104-abcc-02e6288f3ffc@group-62509A8A5C15-FollowerState: change to CANDIDATE, lastRpcTime:157ms, electionTimeout:157ms
2019-10-17 21:16:29,457 [Thread-3073] INFO  impl.RoleInfo (RoleInfo.java:shutdownFollowerState(121)) - d2424f4d-20d2-4104-abcc-02e6288f3ffc: shutdown FollowerState
2019-10-17 21:16:29,458 [Thread-3073] INFO  impl.RaftServerImpl (RaftServerImpl.java:setRole(184)) - d2424f4d-20d2-4104-abcc-02e6288f3ffc@group-62509A8A5C15: changes role from  FOLLOWER to CANDIDATE at term 467 for changeToCandidate
2019-10-17 21:16:29,459 [Thread-3073] INFO  impl.RoleInfo (RoleInfo.java:updateAndGet(143)) - d2424f4d-20d2-4104-abcc-02e6288f3ffc: start LeaderElection
2019-10-17 21:16:29,488 [d2424f4d-20d2-4104-abcc-02e6288f3ffc@group-62509A8A5C15-LeaderElection421] INFO  impl.LeaderElection (LeaderElection.java:askForVotes(178)) - d2424f4d-20d2-4104-abcc-02e6288f3ffc@group-62509A8A5C15-LeaderElection421: begin an election at term 468 for -1: [3909bd6a-278d-4911-9d70-32680c972d02:192.168.157.223:33343, d2424f4d-20d2-4104-abcc-02e6288f3ffc:192.168.157.223:39352, 7c510082-4284-44ef-8cd9-bb38fb15579f:192.168.157.223:33098], old=null
2019-10-17 21:16:29,490 [grpc-default-executor-2] INFO  impl.RaftServerImpl (RaftServerImpl.java:setRole(184)) - 3909bd6a-278d-4911-9d70-32680c972d02@group-62509A8A5C15: changes role from  FOLLOWER to FOLLOWER at term 468 for recognizeCandidate:d2424f4d-20d2-4104-abcc-02e6288f3ffc
2019-10-17 21:16:29,490 [grpc-default-executor-5] INFO  impl.RaftServerImpl (RaftServerImpl.java:setRole(184)) - 7c510082-4284-44ef-8cd9-bb38fb15579f@group-62509A8A5C15: changes role from  FOLLOWER to FOLLOWER at term 468 for recognizeCandidate:d2424f4d-20d2-4104-abcc-02e6288f3ffc
2019-10-17 21:16:29,490 [grpc-default-executor-5] INFO  impl.RoleInfo (RoleInfo.java:shutdownFollowerState(121)) - 7c510082-4284-44ef-8cd9-bb38fb15579f: shutdown FollowerState
2019-10-17 21:16:29,490 [grpc-default-executor-2] INFO  impl.RoleInfo (RoleInfo.java:shutdownFollowerState(121)) - 3909bd6a-278d-4911-9d70-32680c972d02: shutdown FollowerState
2019-10-17 21:16:29,491 [Thread-3071] INFO  impl.FollowerState (FollowerState.java:run(117)) - 7c510082-4284-44ef-8cd9-bb38fb15579f@group-62509A8A5C15-FollowerState was interrupted: java.lang.InterruptedException: sleep interrupted
2019-10-17 21:16:29,491 [grpc-default-executor-5] INFO  impl.RoleInfo (RoleInfo.java:updateAndGet(143)) - 7c510082-4284-44ef-8cd9-bb38fb15579f: start FollowerState
2019-10-17 21:16:29,491 [Thread-3072] INFO  impl.FollowerState (FollowerState.java:run(117)) - 3909bd6a-278d-4911-9d70-32680c972d02@group-62509A8A5C15-FollowerState was interrupted: java.lang.InterruptedException: sleep interrupted
2019-10-17 21:16:29,491 [grpc-default-executor-2] INFO  impl.RoleInfo (RoleInfo.java:updateAndGet(143)) - 3909bd6a-278d-4911-9d70-32680c972d02: start FollowerState
2019-10-17 21:16:29,518 [d2424f4d-20d2-4104-abcc-02e6288f3ffc@group-62509A8A5C15-LeaderElection421] INFO  impl.LeaderElection (LeaderElection.java:logAndReturn(56)) - d2424f4d-20d2-4104-abcc-02e6288f3ffc@group-62509A8A5C15-LeaderElection421: Election REJECTED; received 2 response(s) [d2424f4d-20d2-4104-abcc-02e6288f3ffc<-3909bd6a-278d-4911-9d70-32680c972d02#0:FAIL-t468, d2424f4d-20d2-4104-abcc-02e6288f3ffc<-7c510082-4284-44ef-8cd9-bb38fb15579f#0:FAIL-t468] and 0 exception(s); d2424f4d-20d2-4104-abcc-02e6288f3ffc@group-62509A8A5C15:t468, leader=null, voted=d2424f4d-20d2-4104-abcc-02e6288f3ffc, raftlog=d2424f4d-20d2-4104-abcc-02e6288f3ffc@group-62509A8A5C15-SegmentedRaftLog:OPENED:c-1,f-1,i0, conf=-1: [3909bd6a-278d-4911-9d70-32680c972d02:192.168.157.223:33343, d2424f4d-20d2-4104-abcc-02e6288f3ffc:192.168.157.223:39352, 7c510082-4284-44ef-8cd9-bb38fb15579f:192.168.157.223:33098], old=null
2019-10-17 21:16:29,518 [d2424f4d-20d2-4104-abcc-02e6288f3ffc@group-62509A8A5C15-LeaderElection421] INFO  impl.RaftServerImpl (RaftServerImpl.java:setRole(184)) - d2424f4d-20d2-4104-abcc-02e6288f3ffc@group-62509A8A5C15: changes role from CANDIDATE to FOLLOWER at term 468 for DISCOVERED_A_NEW_TERM
2019-10-17 21:16:29,518 [d2424f4d-20d2-4104-abcc-02e6288f3ffc@group-62509A8A5C15-LeaderElection421] INFO  impl.RoleInfo (RoleInfo.java:shutdownLeaderElection(134)) - d2424f4d-20d2-4104-abcc-02e6288f3ffc: shutdown LeaderElection
2019-10-17 21:16:29,518 [d2424f4d-20d2-4104-abcc-02e6288f3ffc@group-62509A8A5C15-LeaderElection421] INFO  impl.RoleInfo (RoleInfo.java:updateAndGet(143)) - d2424f4d-20d2-4104-abcc-02e6288f3ffc: start FollowerState
2019-10-17 21:16:29,614 [Thread-3081] INFO  impl.FollowerState (FollowerState.java:run(108)) - d2424f4d-20d2-4104-abcc-02e6288f3ffc@group-62509A8A5C15-FollowerState: change to CANDIDATE, lastRpcTime:95ms, electionTimeout:95ms
2019-10-17 21:16:29,614 [Thread-3081] INFO  impl.RoleInfo (RoleInfo.java:shutdownFollowerState(121)) - d2424f4d-20d2-4104-abcc-02e6288f3ffc: shutdown FollowerState
2019-10-17 21:16:29,614 [Thread-3081] INFO  impl.RaftServerImpl (RaftServerImpl.java:setRole(184)) - d2424f4d-20d2-4104-abcc-02e6288f3ffc@group-62509A8A5C15: changes role from  FOLLOWER to CANDIDATE at term 468 for changeToCandidate
2019-10-17 21:16:29,614 [Thread-3081] INFO  impl.RoleInfo (RoleInfo.java:updateAndGet(143)) - d2424f4d-20d2-4104-abcc-02e6288f3ffc: start LeaderElection
2019-10-17 21:16:29,628 [d2424f4d-20d2-4104-abcc-02e6288f3ffc@group-62509A8A5C15-LeaderElection422] INFO  impl.LeaderElection (LeaderElection.java:askForVotes(178)) - d2424f4d-20d2-4104-abcc-02e6288f3ffc@group-62509A8A5C15-LeaderElection422: begin an election at term 469 for -1: [3909bd6a-278d-4911-9d70-32680c972d02:192.168.157.223:33343, d2424f4d-20d2-4104-abcc-02e6288f3ffc:192.168.157.223:39352, 7c510082-4284-44ef-8cd9-bb38fb15579f:192.168.157.223:33098], old=null
2019-10-17 21:16:29,630 [grpc-default-executor-2] INFO  impl.RaftServerImpl (RaftServerImpl.java:setRole(184)) - 3909bd6a-278d-4911-9d70-32680c972d02@group-62509A8A5C15: changes role from  FOLLOWER to FOLLOWER at term 469 for recognizeCandidate:d2424f4d-20d2-4104-abcc-02e6288f3ffc
2019-10-17 21:16:29,630 [grpc-default-executor-5] INFO  impl.RaftServerImpl (RaftServerImpl.java:setRole(184)) - 7c510082-4284-44ef-8cd9-bb38fb15579f@group-62509A8A5C15: changes role from  FOLLOWER to FOLLOWER at term 469 for recognizeCandidate:d2424f4d-20d2-4104-abcc-02e6288f3ffc
2019-10-17 21:16:29,630 [grpc-default-executor-5] INFO  impl.RoleInfo (RoleInfo.java:shutdownFollowerState(121)) - 7c510082-4284-44ef-8cd9-bb38fb15579f: shutdown FollowerState
2019-10-17 21:16:29,630 [grpc-default-executor-2] INFO  impl.RoleInfo (RoleInfo.java:shutdownFollowerState(121)) - 3909bd6a-278d-4911-9d70-32680c972d02: shutdown FollowerState
2019-10-17 21:16:29,630 [Thread-3079] INFO  impl.FollowerState (FollowerState.java:run(117)) - 7c510082-4284-44ef-8cd9-bb38fb15579f@group-62509A8A5C15-FollowerState was interrupted: java.lang.InterruptedException: sleep interrupted
2019-10-17 21:16:29,630 [grpc-default-executor-5] INFO  impl.RoleInfo (RoleInfo.java:updateAndGet(143)) - 7c510082-4284-44ef-8cd9-bb38fb15579f: start FollowerState
2019-10-17 21:16:29,630 [Thread-3080] INFO  impl.FollowerState (FollowerState.java:run(117)) - 3909bd6a-278d-4911-9d70-32680c972d02@group-62509A8A5C15-FollowerState was interrupted: java.lang.InterruptedException: sleep interrupted
2019-10-17 21:16:29,630 [grpc-default-executor-2] INFO  impl.RoleInfo (RoleInfo.java:updateAndGet(143)) - 3909bd6a-278d-4911-9d70-32680c972d02: start FollowerState
2019-10-17 21:16:29,656 [d2424f4d-20d2-4104-abcc-02e6288f3ffc@group-62509A8A5C15-LeaderElection422] INFO  impl.LeaderElection (LeaderElection.java:logAndReturn(56)) - d2424f4d-20d2-4104-abcc-02e6288f3ffc@group-62509A8A5C15-LeaderElection422: Election REJECTED; received 2 response(s) [d2424f4d-20d2-4104-abcc-02e6288f3ffc<-3909bd6a-278d-4911-9d70-32680c972d02#0:FAIL-t469, d2424f4d-20d2-4104-abcc-02e6288f3ffc<-7c510082-4284-44ef-8cd9-bb38fb15579f#0:FAIL-t469] and 0 exception(s); d2424f4d-20d2-4104-abcc-02e6288f3ffc@group-62509A8A5C15:t469, leader=null, voted=d2424f4d-20d2-4104-abcc-02e6288f3ffc, raftlog=d2424f4d-20d2-4104-abcc-02e6288f3ffc@group-62509A8A5C15-SegmentedRaftLog:OPENED:c-1,f-1,i0, conf=-1: [3909bd6a-278d-4911-9d70-32680c972d02:192.168.157.223:33343, d2424f4d-20d2-4104-abcc-02e6288f3ffc:192.168.157.223:39352, 7c510082-4284-44ef-8cd9-bb38fb15579f:192.168.157.223:33098], old=null
2019-10-17 21:16:29,656 [d2424f4d-20d2-4104-abcc-02e6288f3ffc@group-62509A8A5C15-LeaderElection422] INFO  impl.RaftServerImpl (RaftServerImpl.java:setRole(184)) - d2424f4d-20d2-4104-abcc-02e6288f3ffc@group-62509A8A5C15: changes role from CANDIDATE to FOLLOWER at term 469 for DISCOVERED_A_NEW_TERM
2019-10-17 21:16:29,656 [d2424f4d-20d2-4104-abcc-02e6288f3ffc@group-62509A8A5C15-LeaderElection422] INFO  impl.RoleInfo (RoleInfo.java:shutdownLeaderElection(134)) - d2424f4d-20d2-4104-abcc-02e6288f3ffc: shutdown LeaderElection
2019-10-17 21:16:29,656 [d2424f4d-20d2-4104-abcc-02e6288f3ffc@group-62509A8A5C15-LeaderElection422] INFO  impl.RoleInfo (RoleInfo.java:updateAndGet(143)) - d2424f4d-20d2-4104-abcc-02e6288f3ffc: start FollowerState
2019-10-17 21:16:29,722 [Datanode State Machine Thread - 0] INFO  statemachine.DatanodeStateMachine (DatanodeStateMachine.java:lambda$startDaemon$0(350)) - Ozone container server started.
2019-10-17 21:16:29,728 [Datanode State Machine Thread - 0] INFO  statemachine.DatanodeStateMachine (DatanodeStateMachine.java:lambda$startDaemon$0(350)) - Ozone container server started.
2019-10-17 21:16:29,792 [Thread-3087] INFO  impl.FollowerState (FollowerState.java:run(108)) - d2424f4d-20d2-4104-abcc-02e6288f3ffc@group-62509A8A5C15-FollowerState: change to CANDIDATE, lastRpcTime:136ms, electionTimeout:136ms
2019-10-17 21:16:29,793 [Thread-3087] INFO  impl.RoleInfo (RoleInfo.java:shutdownFollowerState(121)) - d2424f4d-20d2-4104-abcc-02e6288f3ffc: shutdown FollowerState
2019-10-17 21:16:29,793 [Thread-3087] INFO  impl.RaftServerImpl (RaftServerImpl.java:setRole(184)) - d2424f4d-20d2-4104-abcc-02e6288f3ffc@group-62509A8A5C15: changes role from  FOLLOWER to CANDIDATE at term 469 for changeToCandidate
2019-10-17 21:16:29,793 [Thread-3087] INFO  impl.RoleInfo (RoleInfo.java:updateAndGet(143)) - d2424f4d-20d2-4104-abcc-02e6288f3ffc: start LeaderElection
2019-10-17 21:16:29,818 [d2424f4d-20d2-4104-abcc-02e6288f3ffc@group-62509A8A5C15-LeaderElection423] INFO  impl.LeaderElection (LeaderElection.java:askForVotes(178)) - d2424f4d-20d2-4104-abcc-02e6288f3ffc@group-62509A8A5C15-LeaderElection423: begin an election at term 470 for -1: [3909bd6a-278d-4911-9d70-32680c972d02:192.168.157.223:33343, d2424f4d-20d2-4104-abcc-02e6288f3ffc:192.168.157.223:39352, 7c510082-4284-44ef-8cd9-bb38fb15579f:192.168.157.223:33098], old=null
2019-10-17 21:16:29,820 [grpc-default-executor-5] INFO  impl.RaftServerImpl (RaftServerImpl.java:setRole(184)) - 7c510082-4284-44ef-8cd9-bb38fb15579f@group-62509A8A5C15: changes role from  FOLLOWER to FOLLOWER at term 470 for recognizeCandidate:d2424f4d-20d2-4104-abcc-02e6288f3ffc
2019-10-17 21:16:29,820 [grpc-default-executor-5] INFO  impl.RoleInfo (RoleInfo.java:shutdownFollowerState(121)) - 7c510082-4284-44ef-8cd9-bb38fb15579f: shutdown FollowerState
2019-10-17 21:16:29,820 [grpc-default-executor-2] INFO  impl.RaftServerImpl (RaftServerImpl.java:setRole(184)) - 3909bd6a-278d-4911-9d70-32680c972d02@group-62509A8A5C15: changes role from  FOLLOWER to FOLLOWER at term 470 for recognizeCandidate:d2424f4d-20d2-4104-abcc-02e6288f3ffc
2019-10-17 21:16:29,821 [Thread-3085] INFO  impl.FollowerState (FollowerState.java:run(117)) - 7c510082-4284-44ef-8cd9-bb38fb15579f@group-62509A8A5C15-FollowerState was interrupted: java.lang.InterruptedException: sleep interrupted
2019-10-17 21:16:29,821 [grpc-default-executor-5] INFO  impl.RoleInfo (RoleInfo.java:updateAndGet(143)) - 7c510082-4284-44ef-8cd9-bb38fb15579f: start FollowerState
2019-10-17 21:16:29,821 [grpc-default-executor-2] INFO  impl.RoleInfo (RoleInfo.java:shutdownFollowerState(121)) - 3909bd6a-278d-4911-9d70-32680c972d02: shutdown FollowerState
2019-10-17 21:16:29,821 [Thread-3086] INFO  impl.FollowerState (FollowerState.java:run(117)) - 3909bd6a-278d-4911-9d70-32680c972d02@group-62509A8A5C15-FollowerState was interrupted: java.lang.InterruptedException: sleep interrupted
2019-10-17 21:16:29,821 [grpc-default-executor-2] INFO  impl.RoleInfo (RoleInfo.java:updateAndGet(143)) - 3909bd6a-278d-4911-9d70-32680c972d02: start FollowerState
2019-10-17 21:16:29,847 [d2424f4d-20d2-4104-abcc-02e6288f3ffc@group-62509A8A5C15-LeaderElection423] INFO  impl.LeaderElection (LeaderElection.java:logAndReturn(56)) - d2424f4d-20d2-4104-abcc-02e6288f3ffc@group-62509A8A5C15-LeaderElection423: Election REJECTED; received 2 response(s) [d2424f4d-20d2-4104-abcc-02e6288f3ffc<-3909bd6a-278d-4911-9d70-32680c972d02#0:FAIL-t470, d2424f4d-20d2-4104-abcc-02e6288f3ffc<-7c510082-4284-44ef-8cd9-bb38fb15579f#0:FAIL-t470] and 0 exception(s); d2424f4d-20d2-4104-abcc-02e6288f3ffc@group-62509A8A5C15:t470, leader=null, voted=d2424f4d-20d2-4104-abcc-02e6288f3ffc, raftlog=d2424f4d-20d2-4104-abcc-02e6288f3ffc@group-62509A8A5C15-SegmentedRaftLog:OPENED:c-1,f-1,i0, conf=-1: [3909bd6a-278d-4911-9d70-32680c972d02:192.168.157.223:33343, d2424f4d-20d2-4104-abcc-02e6288f3ffc:192.168.157.223:39352, 7c510082-4284-44ef-8cd9-bb38fb15579f:192.168.157.223:33098], old=null
2019-10-17 21:16:29,847 [d2424f4d-20d2-4104-abcc-02e6288f3ffc@group-62509A8A5C15-LeaderElection423] INFO  impl.RaftServerImpl (RaftServerImpl.java:setRole(184)) - d2424f4d-20d2-4104-abcc-02e6288f3ffc@group-62509A8A5C15: changes role from CANDIDATE to FOLLOWER at term 470 for DISCOVERED_A_NEW_TERM
2019-10-17 21:16:29,847 [d2424f4d-20d2-4104-abcc-02e6288f3ffc@group-62509A8A5C15-LeaderElection423] INFO  impl.RoleInfo (RoleInfo.java:shutdownLeaderElection(134)) - d2424f4d-20d2-4104-abcc-02e6288f3ffc: shutdown LeaderElection
2019-10-17 21:16:29,847 [d2424f4d-20d2-4104-abcc-02e6288f3ffc@group-62509A8A5C15-LeaderElection423] INFO  impl.RoleInfo (RoleInfo.java:updateAndGet(143)) - d2424f4d-20d2-4104-abcc-02e6288f3ffc: start FollowerState
2019-10-17 21:16:30,043 [Thread-3093] INFO  impl.FollowerState (FollowerState.java:run(108)) - d2424f4d-20d2-4104-abcc-02e6288f3ffc@group-62509A8A5C15-FollowerState: change to CANDIDATE, lastRpcTime:196ms, electionTimeout:196ms
2019-10-17 21:16:30,044 [Thread-3093] INFO  impl.RoleInfo (RoleInfo.java:shutdownFollowerState(121)) - d2424f4d-20d2-4104-abcc-02e6288f3ffc: shutdown FollowerState
2019-10-17 21:16:30,044 [Thread-3093] INFO  impl.RaftServerImpl (RaftServerImpl.java:setRole(184)) - d2424f4d-20d2-4104-abcc-02e6288f3ffc@group-62509A8A5C15: changes role from  FOLLOWER to CANDIDATE at term 470 for changeToCandidate
2019-10-17 21:16:30,044 [Thread-3093] INFO  impl.RoleInfo (RoleInfo.java:updateAndGet(143)) - d2424f4d-20d2-4104-abcc-02e6288f3ffc: start LeaderElection
2019-10-17 21:16:30,057 [d2424f4d-20d2-4104-abcc-02e6288f3ffc@group-62509A8A5C15-LeaderElection424] INFO  impl.LeaderElection (LeaderElection.java:askForVotes(178)) - d2424f4d-20d2-4104-abcc-02e6288f3ffc@group-62509A8A5C15-LeaderElection424: begin an election at term 471 for -1: [3909bd6a-278d-4911-9d70-32680c972d02:192.168.157.223:33343, d2424f4d-20d2-4104-abcc-02e6288f3ffc:192.168.157.223:39352, 7c510082-4284-44ef-8cd9-bb38fb15579f:192.168.157.223:33098], old=null
2019-10-17 21:16:30,059 [grpc-default-executor-5] INFO  impl.RaftServerImpl (RaftServerImpl.java:setRole(184)) - 3909bd6a-278d-4911-9d70-32680c972d02@group-62509A8A5C15: changes role from  FOLLOWER to FOLLOWER at term 471 for recognizeCandidate:d2424f4d-20d2-4104-abcc-02e6288f3ffc
2019-10-17 21:16:30,059 [grpc-default-executor-5] INFO  impl.RoleInfo (RoleInfo.java:shutdownFollowerState(121)) - 3909bd6a-278d-4911-9d70-32680c972d02: shutdown FollowerState
2019-10-17 21:16:30,059 [grpc-default-executor-2] INFO  impl.RaftServerImpl (RaftServerImpl.java:setRole(184)) - 7c510082-4284-44ef-8cd9-bb38fb15579f@group-62509A8A5C15: changes role from  FOLLOWER to FOLLOWER at term 471 for recognizeCandidate:d2424f4d-20d2-4104-abcc-02e6288f3ffc
2019-10-17 21:16:30,059 [grpc-default-executor-2] INFO  impl.RoleInfo (RoleInfo.java:shutdownFollowerState(121)) - 7c510082-4284-44ef-8cd9-bb38fb15579f: shutdown FollowerState
2019-10-17 21:16:30,059 [Thread-3092] INFO  impl.FollowerState (FollowerState.java:run(117)) - 3909bd6a-278d-4911-9d70-32680c972d02@group-62509A8A5C15-FollowerState was interrupted: java.lang.InterruptedException: sleep interrupted
2019-10-17 21:16:30,059 [grpc-default-executor-5] INFO  impl.RoleInfo (RoleInfo.java:updateAndGet(143)) - 3909bd6a-278d-4911-9d70-32680c972d02: start FollowerState
2019-10-17 21:16:30,059 [grpc-default-executor-2] INFO  impl.RoleInfo (RoleInfo.java:updateAndGet(143)) - 7c510082-4284-44ef-8cd9-bb38fb15579f: start FollowerState
2019-10-17 21:16:30,059 [Thread-3091] INFO  impl.FollowerState (FollowerState.java:run(117)) - 7c510082-4284-44ef-8cd9-bb38fb15579f@group-62509A8A5C15-FollowerState was interrupted: java.lang.InterruptedException: sleep interrupted
2019-10-17 21:16:30,073 [d2424f4d-20d2-4104-abcc-02e6288f3ffc@group-62509A8A5C15-LeaderElection424] INFO  impl.LeaderElection (LeaderElection.java:logAndReturn(56)) - d2424f4d-20d2-4104-abcc-02e6288f3ffc@group-62509A8A5C15-LeaderElection424: Election REJECTED; received 2 response(s) [d2424f4d-20d2-4104-abcc-02e6288f3ffc<-3909bd6a-278d-4911-9d70-32680c972d02#0:FAIL-t471, d2424f4d-20d2-4104-abcc-02e6288f3ffc<-7c510082-4284-44ef-8cd9-bb38fb15579f#0:FAIL-t471] and 0 exception(s); d2424f4d-20d2-4104-abcc-02e6288f3ffc@group-62509A8A5C15:t471, leader=null, voted=d2424f4d-20d2-4104-abcc-02e6288f3ffc, raftlog=d2424f4d-20d2-4104-abcc-02e6288f3ffc@group-62509A8A5C15-SegmentedRaftLog:OPENED:c-1,f-1,i0, conf=-1: [3909bd6a-278d-4911-9d70-32680c972d02:192.168.157.223:33343, d2424f4d-20d2-4104-abcc-02e6288f3ffc:192.168.157.223:39352, 7c510082-4284-44ef-8cd9-bb38fb15579f:192.168.157.223:33098], old=null
2019-10-17 21:16:30,073 [d2424f4d-20d2-4104-abcc-02e6288f3ffc@group-62509A8A5C15-LeaderElection424] INFO  impl.RaftServerImpl (RaftServerImpl.java:setRole(184)) - d2424f4d-20d2-4104-abcc-02e6288f3ffc@group-62509A8A5C15: changes role from CANDIDATE to FOLLOWER at term 471 for DISCOVERED_A_NEW_TERM
2019-10-17 21:16:30,074 [d2424f4d-20d2-4104-abcc-02e6288f3ffc@group-62509A8A5C15-LeaderElection424] INFO  impl.RoleInfo (RoleInfo.java:shutdownLeaderElection(134)) - d2424f4d-20d2-4104-abcc-02e6288f3ffc: shutdown LeaderElection
2019-10-17 21:16:30,074 [d2424f4d-20d2-4104-abcc-02e6288f3ffc@group-62509A8A5C15-LeaderElection424] INFO  impl.RoleInfo (RoleInfo.java:updateAndGet(143)) - d2424f4d-20d2-4104-abcc-02e6288f3ffc: start FollowerState
2019-10-17 21:16:30,133 [Thread-3099] INFO  impl.FollowerState (FollowerState.java:run(108)) - d2424f4d-20d2-4104-abcc-02e6288f3ffc@group-62509A8A5C15-FollowerState: change to CANDIDATE, lastRpcTime:59ms, electionTimeout:59ms
2019-10-17 21:16:30,133 [Thread-3099] INFO  impl.RoleInfo (RoleInfo.java:shutdownFollowerState(121)) - d2424f4d-20d2-4104-abcc-02e6288f3ffc: shutdown FollowerState
2019-10-17 21:16:30,133 [Thread-3099] INFO  impl.RaftServerImpl (RaftServerImpl.java:setRole(184)) - d2424f4d-20d2-4104-abcc-02e6288f3ffc@group-62509A8A5C15: changes role from  FOLLOWER to CANDIDATE at term 471 for changeToCandidate
2019-10-17 21:16:30,133 [Thread-3099] INFO  impl.RoleInfo (RoleInfo.java:updateAndGet(143)) - d2424f4d-20d2-4104-abcc-02e6288f3ffc: start LeaderElection
2019-10-17 21:16:30,147 [d2424f4d-20d2-4104-abcc-02e6288f3ffc@group-62509A8A5C15-LeaderElection425] INFO  impl.LeaderElection (LeaderElection.java:askForVotes(178)) - d2424f4d-20d2-4104-abcc-02e6288f3ffc@group-62509A8A5C15-LeaderElection425: begin an election at term 472 for -1: [3909bd6a-278d-4911-9d70-32680c972d02:192.168.157.223:33343, d2424f4d-20d2-4104-abcc-02e6288f3ffc:192.168.157.223:39352, 7c510082-4284-44ef-8cd9-bb38fb15579f:192.168.157.223:33098], old=null
2019-10-17 21:16:30,148 [grpc-default-executor-2] INFO  impl.RaftServerImpl (RaftServerImpl.java:setRole(184)) - 3909bd6a-278d-4911-9d70-32680c972d02@group-62509A8A5C15: changes role from  FOLLOWER to FOLLOWER at term 472 for recognizeCandidate:d2424f4d-20d2-4104-abcc-02e6288f3ffc
2019-10-17 21:16:30,148 [grpc-default-executor-2] INFO  impl.RoleInfo (RoleInfo.java:shutdownFollowerState(121)) - 3909bd6a-278d-4911-9d70-32680c972d02: shutdown FollowerState
2019-10-17 21:16:30,148 [grpc-default-executor-5] INFO  impl.RaftServerImpl (RaftServerImpl.java:setRole(184)) - 7c510082-4284-44ef-8cd9-bb38fb15579f@group-62509A8A5C15: changes role from  FOLLOWER to FOLLOWER at term 472 for recognizeCandidate:d2424f4d-20d2-4104-abcc-02e6288f3ffc
2019-10-17 21:16:30,149 [grpc-default-executor-5] INFO  impl.RoleInfo (RoleInfo.java:shutdownFollowerState(121)) - 7c510082-4284-44ef-8cd9-bb38fb15579f: shutdown FollowerState
2019-10-17 21:16:30,149 [grpc-default-executor-2] INFO  impl.RoleInfo (RoleInfo.java:updateAndGet(143)) - 3909bd6a-278d-4911-9d70-32680c972d02: start FollowerState
2019-10-17 21:16:30,149 [Thread-3098] INFO  impl.FollowerState (FollowerState.java:run(117)) - 7c510082-4284-44ef-8cd9-bb38fb15579f@group-62509A8A5C15-FollowerState was interrupted: java.lang.InterruptedException: sleep interrupted
2019-10-17 21:16:30,149 [grpc-default-executor-5] INFO  impl.RoleInfo (RoleInfo.java:updateAndGet(143)) - 7c510082-4284-44ef-8cd9-bb38fb15579f: start FollowerState
2019-10-17 21:16:30,149 [Thread-3097] INFO  impl.FollowerState (FollowerState.java:run(117)) - 3909bd6a-278d-4911-9d70-32680c972d02@group-62509A8A5C15-FollowerState was interrupted: java.lang.InterruptedException: sleep interrupted
2019-10-17 21:16:30,164 [d2424f4d-20d2-4104-abcc-02e6288f3ffc@group-62509A8A5C15-LeaderElection425] INFO  impl.LeaderElection (LeaderElection.java:logAndReturn(56)) - d2424f4d-20d2-4104-abcc-02e6288f3ffc@group-62509A8A5C15-LeaderElection425: Election REJECTED; received 2 response(s) [d2424f4d-20d2-4104-abcc-02e6288f3ffc<-3909bd6a-278d-4911-9d70-32680c972d02#0:FAIL-t472, d2424f4d-20d2-4104-abcc-02e6288f3ffc<-7c510082-4284-44ef-8cd9-bb38fb15579f#0:FAIL-t472] and 0 exception(s); d2424f4d-20d2-4104-abcc-02e6288f3ffc@group-62509A8A5C15:t472, leader=null, voted=d2424f4d-20d2-4104-abcc-02e6288f3ffc, raftlog=d2424f4d-20d2-4104-abcc-02e6288f3ffc@group-62509A8A5C15-SegmentedRaftLog:OPENED:c-1,f-1,i0, conf=-1: [3909bd6a-278d-4911-9d70-32680c972d02:192.168.157.223:33343, d2424f4d-20d2-4104-abcc-02e6288f3ffc:192.168.157.223:39352, 7c510082-4284-44ef-8cd9-bb38fb15579f:192.168.157.223:33098], old=null
2019-10-17 21:16:30,164 [d2424f4d-20d2-4104-abcc-02e6288f3ffc@group-62509A8A5C15-LeaderElection425] INFO  impl.RaftServerImpl (RaftServerImpl.java:setRole(184)) - d2424f4d-20d2-4104-abcc-02e6288f3ffc@group-62509A8A5C15: changes role from CANDIDATE to FOLLOWER at term 472 for DISCOVERED_A_NEW_TERM
2019-10-17 21:16:30,164 [d2424f4d-20d2-4104-abcc-02e6288f3ffc@group-62509A8A5C15-LeaderElection425] INFO  impl.RoleInfo (RoleInfo.java:shutdownLeaderElection(134)) - d2424f4d-20d2-4104-abcc-02e6288f3ffc: shutdown LeaderElection
2019-10-17 21:16:30,164 [d2424f4d-20d2-4104-abcc-02e6288f3ffc@group-62509A8A5C15-LeaderElection425] INFO  impl.RoleInfo (RoleInfo.java:updateAndGet(143)) - d2424f4d-20d2-4104-abcc-02e6288f3ffc: start FollowerState
2019-10-17 21:16:30,335 [Thread-3105] INFO  impl.FollowerState (FollowerState.java:run(108)) - d2424f4d-20d2-4104-abcc-02e6288f3ffc@group-62509A8A5C15-FollowerState: change to CANDIDATE, lastRpcTime:170ms, electionTimeout:170ms
2019-10-17 21:16:30,335 [Thread-3105] INFO  impl.RoleInfo (RoleInfo.java:shutdownFollowerState(121)) - d2424f4d-20d2-4104-abcc-02e6288f3ffc: shutdown FollowerState
2019-10-17 21:16:30,335 [Thread-3105] INFO  impl.RaftServerImpl (RaftServerImpl.java:setRole(184)) - d2424f4d-20d2-4104-abcc-02e6288f3ffc@group-62509A8A5C15: changes role from  FOLLOWER to CANDIDATE at term 472 for changeToCandidate
2019-10-17 21:16:30,335 [Thread-3105] INFO  impl.RoleInfo (RoleInfo.java:updateAndGet(143)) - d2424f4d-20d2-4104-abcc-02e6288f3ffc: start LeaderElection
2019-10-17 21:16:30,349 [d2424f4d-20d2-4104-abcc-02e6288f3ffc@group-62509A8A5C15-LeaderElection426] INFO  impl.LeaderElection (LeaderElection.java:askForVotes(178)) - d2424f4d-20d2-4104-abcc-02e6288f3ffc@group-62509A8A5C15-LeaderElection426: begin an election at term 473 for -1: [3909bd6a-278d-4911-9d70-32680c972d02:192.168.157.223:33343, d2424f4d-20d2-4104-abcc-02e6288f3ffc:192.168.157.223:39352, 7c510082-4284-44ef-8cd9-bb38fb15579f:192.168.157.223:33098], old=null
2019-10-17 21:16:30,351 [grpc-default-executor-2] INFO  impl.RaftServerImpl (RaftServerImpl.java:setRole(184)) - 3909bd6a-278d-4911-9d70-32680c972d02@group-62509A8A5C15: changes role from  FOLLOWER to FOLLOWER at term 473 for recognizeCandidate:d2424f4d-20d2-4104-abcc-02e6288f3ffc
2019-10-17 21:16:30,351 [grpc-default-executor-5] INFO  impl.RaftServerImpl (RaftServerImpl.java:setRole(184)) - 7c510082-4284-44ef-8cd9-bb38fb15579f@group-62509A8A5C15: changes role from  FOLLOWER to FOLLOWER at term 473 for recognizeCandidate:d2424f4d-20d2-4104-abcc-02e6288f3ffc
2019-10-17 21:16:30,351 [grpc-default-executor-5] INFO  impl.RoleInfo (RoleInfo.java:shutdownFollowerState(121)) - 7c510082-4284-44ef-8cd9-bb38fb15579f: shutdown FollowerState
2019-10-17 21:16:30,351 [grpc-default-executor-2] INFO  impl.RoleInfo (RoleInfo.java:shutdownFollowerState(121)) - 3909bd6a-278d-4911-9d70-32680c972d02: shutdown FollowerState
2019-10-17 21:16:30,351 [Thread-3104] INFO  impl.FollowerState (FollowerState.java:run(117)) - 7c510082-4284-44ef-8cd9-bb38fb15579f@group-62509A8A5C15-FollowerState was interrupted: java.lang.InterruptedException: sleep interrupted
2019-10-17 21:16:30,351 [grpc-default-executor-5] INFO  impl.RoleInfo (RoleInfo.java:updateAndGet(143)) - 7c510082-4284-44ef-8cd9-bb38fb15579f: start FollowerState
2019-10-17 21:16:30,351 [Thread-3103] INFO  impl.FollowerState (FollowerState.java:run(117)) - 3909bd6a-278d-4911-9d70-32680c972d02@group-62509A8A5C15-FollowerState was interrupted: java.lang.InterruptedException: sleep interrupted
2019-10-17 21:16:30,351 [grpc-default-executor-2] INFO  impl.RoleInfo (RoleInfo.java:updateAndGet(143)) - 3909bd6a-278d-4911-9d70-32680c972d02: start FollowerState
2019-10-17 21:16:30,365 [d2424f4d-20d2-4104-abcc-02e6288f3ffc@group-62509A8A5C15-LeaderElection426] INFO  impl.LeaderElection (LeaderElection.java:logAndReturn(56)) - d2424f4d-20d2-4104-abcc-02e6288f3ffc@group-62509A8A5C15-LeaderElection426: Election REJECTED; received 2 response(s) [d2424f4d-20d2-4104-abcc-02e6288f3ffc<-3909bd6a-278d-4911-9d70-32680c972d02#0:FAIL-t473, d2424f4d-20d2-4104-abcc-02e6288f3ffc<-7c510082-4284-44ef-8cd9-bb38fb15579f#0:FAIL-t473] and 0 exception(s); d2424f4d-20d2-4104-abcc-02e6288f3ffc@group-62509A8A5C15:t473, leader=null, voted=d2424f4d-20d2-4104-abcc-02e6288f3ffc, raftlog=d2424f4d-20d2-4104-abcc-02e6288f3ffc@group-62509A8A5C15-SegmentedRaftLog:OPENED:c-1,f-1,i0, conf=-1: [3909bd6a-278d-4911-9d70-32680c972d02:192.168.157.223:33343, d2424f4d-20d2-4104-abcc-02e6288f3ffc:192.168.157.223:39352, 7c510082-4284-44ef-8cd9-bb38fb15579f:192.168.157.223:33098], old=null
2019-10-17 21:16:30,366 [d2424f4d-20d2-4104-abcc-02e6288f3ffc@group-62509A8A5C15-LeaderElection426] INFO  impl.RaftServerImpl (RaftServerImpl.java:setRole(184)) - d2424f4d-20d2-4104-abcc-02e6288f3ffc@group-62509A8A5C15: changes role from CANDIDATE to FOLLOWER at term 473 for DISCOVERED_A_NEW_TERM
2019-10-17 21:16:30,366 [d2424f4d-20d2-4104-abcc-02e6288f3ffc@group-62509A8A5C15-LeaderElection426] INFO  impl.RoleInfo (RoleInfo.java:shutdownLeaderElection(134)) - d2424f4d-20d2-4104-abcc-02e6288f3ffc: shutdown LeaderElection
2019-10-17 21:16:30,366 [d2424f4d-20d2-4104-abcc-02e6288f3ffc@group-62509A8A5C15-LeaderElection426] INFO  impl.RoleInfo (RoleInfo.java:updateAndGet(143)) - d2424f4d-20d2-4104-abcc-02e6288f3ffc: start FollowerState
2019-10-17 21:16:30,522 [Thread-3113] INFO  impl.FollowerState (FollowerState.java:run(108)) - d2424f4d-20d2-4104-abcc-02e6288f3ffc@group-62509A8A5C15-FollowerState: change to CANDIDATE, lastRpcTime:156ms, electionTimeout:156ms
2019-10-17 21:16:30,522 [Thread-3113] INFO  impl.RoleInfo (RoleInfo.java:shutdownFollowerState(121)) - d2424f4d-20d2-4104-abcc-02e6288f3ffc: shutdown FollowerState
2019-10-17 21:16:30,522 [Thread-3113] INFO  impl.RaftServerImpl (RaftServerImpl.java:setRole(184)) - d2424f4d-20d2-4104-abcc-02e6288f3ffc@group-62509A8A5C15: changes role from  FOLLOWER to CANDIDATE at term 473 for changeToCandidate
2019-10-17 21:16:30,523 [Thread-3113] INFO  impl.RoleInfo (RoleInfo.java:updateAndGet(143)) - d2424f4d-20d2-4104-abcc-02e6288f3ffc: start LeaderElection
2019-10-17 21:16:30,538 [d2424f4d-20d2-4104-abcc-02e6288f3ffc@group-62509A8A5C15-LeaderElection427] INFO  impl.LeaderElection (LeaderElection.java:askForVotes(178)) - d2424f4d-20d2-4104-abcc-02e6288f3ffc@group-62509A8A5C15-LeaderElection427: begin an election at term 474 for -1: [3909bd6a-278d-4911-9d70-32680c972d02:192.168.157.223:33343, d2424f4d-20d2-4104-abcc-02e6288f3ffc:192.168.157.223:39352, 7c510082-4284-44ef-8cd9-bb38fb15579f:192.168.157.223:33098], old=null
2019-10-17 21:16:30,540 [grpc-default-executor-4] INFO  impl.RaftServerImpl (RaftServerImpl.java:setRole(184)) - 3909bd6a-278d-4911-9d70-32680c972d02@group-62509A8A5C15: changes role from  FOLLOWER to FOLLOWER at term 474 for recognizeCandidate:d2424f4d-20d2-4104-abcc-02e6288f3ffc
2019-10-17 21:16:30,540 [grpc-default-executor-4] INFO  impl.RoleInfo (RoleInfo.java:shutdownFollowerState(121)) - 3909bd6a-278d-4911-9d70-32680c972d02: shutdown FollowerState
2019-10-17 21:16:30,540 [grpc-default-executor-4] INFO  impl.RoleInfo (RoleInfo.java:updateAndGet(143)) - 3909bd6a-278d-4911-9d70-32680c972d02: start FollowerState
2019-10-17 21:16:30,540 [Thread-3110] INFO  impl.FollowerState (FollowerState.java:run(117)) - 3909bd6a-278d-4911-9d70-32680c972d02@group-62509A8A5C15-FollowerState was interrupted: java.lang.InterruptedException: sleep interrupted
2019-10-17 21:16:30,540 [grpc-default-executor-2] INFO  impl.RaftServerImpl (RaftServerImpl.java:setRole(184)) - 7c510082-4284-44ef-8cd9-bb38fb15579f@group-62509A8A5C15: changes role from  FOLLOWER to FOLLOWER at term 474 for recognizeCandidate:d2424f4d-20d2-4104-abcc-02e6288f3ffc
2019-10-17 21:16:30,540 [grpc-default-executor-2] INFO  impl.RoleInfo (RoleInfo.java:shutdownFollowerState(121)) - 7c510082-4284-44ef-8cd9-bb38fb15579f: shutdown FollowerState
2019-10-17 21:16:30,541 [grpc-default-executor-2] INFO  impl.RoleInfo (RoleInfo.java:updateAndGet(143)) - 7c510082-4284-44ef-8cd9-bb38fb15579f: start FollowerState
2019-10-17 21:16:30,541 [Thread-3109] INFO  impl.FollowerState (FollowerState.java:run(117)) - 7c510082-4284-44ef-8cd9-bb38fb15579f@group-62509A8A5C15-FollowerState was interrupted: java.lang.InterruptedException: sleep interrupted
2019-10-17 21:16:30,554 [d2424f4d-20d2-4104-abcc-02e6288f3ffc@group-62509A8A5C15-LeaderElection427] INFO  impl.LeaderElection (LeaderElection.java:logAndReturn(56)) - d2424f4d-20d2-4104-abcc-02e6288f3ffc@group-62509A8A5C15-LeaderElection427: Election REJECTED; received 2 response(s) [d2424f4d-20d2-4104-abcc-02e6288f3ffc<-3909bd6a-278d-4911-9d70-32680c972d02#0:FAIL-t474, d2424f4d-20d2-4104-abcc-02e6288f3ffc<-7c510082-4284-44ef-8cd9-bb38fb15579f#0:FAIL-t474] and 0 exception(s); d2424f4d-20d2-4104-abcc-02e6288f3ffc@group-62509A8A5C15:t474, leader=null, voted=d2424f4d-20d2-4104-abcc-02e6288f3ffc, raftlog=d2424f4d-20d2-4104-abcc-02e6288f3ffc@group-62509A8A5C15-SegmentedRaftLog:OPENED:c-1,f-1,i0, conf=-1: [3909bd6a-278d-4911-9d70-32680c972d02:192.168.157.223:33343, d2424f4d-20d2-4104-abcc-02e6288f3ffc:192.168.157.223:39352, 7c510082-4284-44ef-8cd9-bb38fb15579f:192.168.157.223:33098], old=null
2019-10-17 21:16:30,554 [d2424f4d-20d2-4104-abcc-02e6288f3ffc@group-62509A8A5C15-LeaderElection427] INFO  impl.RaftServerImpl (RaftServerImpl.java:setRole(184)) - d2424f4d-20d2-4104-abcc-02e6288f3ffc@group-62509A8A5C15: changes role from CANDIDATE to FOLLOWER at term 474 for DISCOVERED_A_NEW_TERM
2019-10-17 21:16:30,554 [d2424f4d-20d2-4104-abcc-02e6288f3ffc@group-62509A8A5C15-LeaderElection427] INFO  impl.RoleInfo (RoleInfo.java:shutdownLeaderElection(134)) - d2424f4d-20d2-4104-abcc-02e6288f3ffc: shutdown LeaderElection
2019-10-17 21:16:30,555 [d2424f4d-20d2-4104-abcc-02e6288f3ffc@group-62509A8A5C15-LeaderElection427] INFO  impl.RoleInfo (RoleInfo.java:updateAndGet(143)) - d2424f4d-20d2-4104-abcc-02e6288f3ffc: start FollowerState
2019-10-17 21:16:30,742 [Thread-3119] INFO  impl.FollowerState (FollowerState.java:run(108)) - d2424f4d-20d2-4104-abcc-02e6288f3ffc@group-62509A8A5C15-FollowerState: change to CANDIDATE, lastRpcTime:187ms, electionTimeout:187ms
2019-10-17 21:16:30,742 [Thread-3119] INFO  impl.RoleInfo (RoleInfo.java:shutdownFollowerState(121)) - d2424f4d-20d2-4104-abcc-02e6288f3ffc: shutdown FollowerState
2019-10-17 21:16:30,742 [Thread-3119] INFO  impl.RaftServerImpl (RaftServerImpl.java:setRole(184)) - d2424f4d-20d2-4104-abcc-02e6288f3ffc@group-62509A8A5C15: changes role from  FOLLOWER to CANDIDATE at term 474 for changeToCandidate
2019-10-17 21:16:30,742 [Thread-3119] INFO  impl.RoleInfo (RoleInfo.java:updateAndGet(143)) - d2424f4d-20d2-4104-abcc-02e6288f3ffc: start LeaderElection
2019-10-17 21:16:30,757 [d2424f4d-20d2-4104-abcc-02e6288f3ffc@group-62509A8A5C15-LeaderElection428] INFO  impl.LeaderElection (LeaderElection.java:askForVotes(178)) - d2424f4d-20d2-4104-abcc-02e6288f3ffc@group-62509A8A5C15-LeaderElection428: begin an election at term 475 for -1: [3909bd6a-278d-4911-9d70-32680c972d02:192.168.157.223:33343, d2424f4d-20d2-4104-abcc-02e6288f3ffc:192.168.157.223:39352, 7c510082-4284-44ef-8cd9-bb38fb15579f:192.168.157.223:33098], old=null
2019-10-17 21:16:30,758 [grpc-default-executor-4] INFO  impl.RaftServerImpl (RaftServerImpl.java:setRole(184)) - 3909bd6a-278d-4911-9d70-32680c972d02@group-62509A8A5C15: changes role from  FOLLOWER to FOLLOWER at term 475 for recognizeCandidate:d2424f4d-20d2-4104-abcc-02e6288f3ffc
2019-10-17 21:16:30,758 [grpc-default-executor-4] INFO  impl.RoleInfo (RoleInfo.java:shutdownFollowerState(121)) - 3909bd6a-278d-4911-9d70-32680c972d02: shutdown FollowerState
2019-10-17 21:16:30,758 [grpc-default-executor-2] INFO  impl.RaftServerImpl (RaftServerImpl.java:setRole(184)) - 7c510082-4284-44ef-8cd9-bb38fb15579f@group-62509A8A5C15: changes role from  FOLLOWER to FOLLOWER at term 475 for recognizeCandidate:d2424f4d-20d2-4104-abcc-02e6288f3ffc
2019-10-17 21:16:30,758 [Thread-3117] INFO  impl.FollowerState (FollowerState.java:run(117)) - 3909bd6a-278d-4911-9d70-32680c972d02@group-62509A8A5C15-FollowerState was interrupted: java.lang.InterruptedException: sleep interrupted
2019-10-17 21:16:30,758 [grpc-default-executor-2] INFO  impl.RoleInfo (RoleInfo.java:shutdownFollowerState(121)) - 7c510082-4284-44ef-8cd9-bb38fb15579f: shutdown FollowerState
2019-10-17 21:16:30,758 [grpc-default-executor-4] INFO  impl.RoleInfo (RoleInfo.java:updateAndGet(143)) - 3909bd6a-278d-4911-9d70-32680c972d02: start FollowerState
2019-10-17 21:16:30,759 [Thread-3118] INFO  impl.FollowerState (FollowerState.java:run(117)) - 7c510082-4284-44ef-8cd9-bb38fb15579f@group-62509A8A5C15-FollowerState was interrupted: java.lang.InterruptedException: sleep interrupted
2019-10-17 21:16:30,759 [grpc-default-executor-2] INFO  impl.RoleInfo (RoleInfo.java:updateAndGet(143)) - 7c510082-4284-44ef-8cd9-bb38fb15579f: start FollowerState
2019-10-17 21:16:30,773 [d2424f4d-20d2-4104-abcc-02e6288f3ffc@group-62509A8A5C15-LeaderElection428] INFO  impl.LeaderElection (LeaderElection.java:logAndReturn(56)) - d2424f4d-20d2-4104-abcc-02e6288f3ffc@group-62509A8A5C15-LeaderElection428: Election REJECTED; received 2 response(s) [d2424f4d-20d2-4104-abcc-02e6288f3ffc<-3909bd6a-278d-4911-9d70-32680c972d02#0:FAIL-t475, d2424f4d-20d2-4104-abcc-02e6288f3ffc<-7c510082-4284-44ef-8cd9-bb38fb15579f#0:FAIL-t475] and 0 exception(s); d2424f4d-20d2-4104-abcc-02e6288f3ffc@group-62509A8A5C15:t475, leader=null, voted=d2424f4d-20d2-4104-abcc-02e6288f3ffc, raftlog=d2424f4d-20d2-4104-abcc-02e6288f3ffc@group-62509A8A5C15-SegmentedRaftLog:OPENED:c-1,f-1,i0, conf=-1: [3909bd6a-278d-4911-9d70-32680c972d02:192.168.157.223:33343, d2424f4d-20d2-4104-abcc-02e6288f3ffc:192.168.157.223:39352, 7c510082-4284-44ef-8cd9-bb38fb15579f:192.168.157.223:33098], old=null
2019-10-17 21:16:30,773 [d2424f4d-20d2-4104-abcc-02e6288f3ffc@group-62509A8A5C15-LeaderElection428] INFO  impl.RaftServerImpl (RaftServerImpl.java:setRole(184)) - d2424f4d-20d2-4104-abcc-02e6288f3ffc@group-62509A8A5C15: changes role from CANDIDATE to FOLLOWER at term 475 for DISCOVERED_A_NEW_TERM
2019-10-17 21:16:30,773 [d2424f4d-20d2-4104-abcc-02e6288f3ffc@group-62509A8A5C15-LeaderElection428] INFO  impl.RoleInfo (RoleInfo.java:shutdownLeaderElection(134)) - d2424f4d-20d2-4104-abcc-02e6288f3ffc: shutdown LeaderElection
2019-10-17 21:16:30,774 [d2424f4d-20d2-4104-abcc-02e6288f3ffc@group-62509A8A5C15-LeaderElection428] INFO  impl.RoleInfo (RoleInfo.java:updateAndGet(143)) - d2424f4d-20d2-4104-abcc-02e6288f3ffc: start FollowerState
2019-10-17 21:16:30,832 [Thread-3125] INFO  impl.FollowerState (FollowerState.java:run(108)) - d2424f4d-20d2-4104-abcc-02e6288f3ffc@group-62509A8A5C15-FollowerState: change to CANDIDATE, lastRpcTime:58ms, electionTimeout:58ms
2019-10-17 21:16:30,832 [Thread-3125] INFO  impl.RoleInfo (RoleInfo.java:shutdownFollowerState(121)) - d2424f4d-20d2-4104-abcc-02e6288f3ffc: shutdown FollowerState
2019-10-17 21:16:30,832 [Thread-3125] INFO  impl.RaftServerImpl (RaftServerImpl.java:setRole(184)) - d2424f4d-20d2-4104-abcc-02e6288f3ffc@group-62509A8A5C15: changes role from  FOLLOWER to CANDIDATE at term 475 for changeToCandidate
2019-10-17 21:16:30,832 [Thread-3125] INFO  impl.RoleInfo (RoleInfo.java:updateAndGet(143)) - d2424f4d-20d2-4104-abcc-02e6288f3ffc: start LeaderElection
2019-10-17 21:16:30,846 [d2424f4d-20d2-4104-abcc-02e6288f3ffc@group-62509A8A5C15-LeaderElection429] INFO  impl.LeaderElection (LeaderElection.java:askForVotes(178)) - d2424f4d-20d2-4104-abcc-02e6288f3ffc@group-62509A8A5C15-LeaderElection429: begin an election at term 476 for -1: [3909bd6a-278d-4911-9d70-32680c972d02:192.168.157.223:33343, d2424f4d-20d2-4104-abcc-02e6288f3ffc:192.168.157.223:39352, 7c510082-4284-44ef-8cd9-bb38fb15579f:192.168.157.223:33098], old=null
2019-10-17 21:16:30,847 [grpc-default-executor-2] INFO  impl.RaftServerImpl (RaftServerImpl.java:setRole(184)) - 3909bd6a-278d-4911-9d70-32680c972d02@group-62509A8A5C15: changes role from  FOLLOWER to FOLLOWER at term 476 for recognizeCandidate:d2424f4d-20d2-4104-abcc-02e6288f3ffc
2019-10-17 21:16:30,847 [grpc-default-executor-2] INFO  impl.RoleInfo (RoleInfo.java:shutdownFollowerState(121)) - 3909bd6a-278d-4911-9d70-32680c972d02: shutdown FollowerState
2019-10-17 21:16:30,847 [grpc-default-executor-4] INFO  impl.RaftServerImpl (RaftServerImpl.java:setRole(184)) - 7c510082-4284-44ef-8cd9-bb38fb15579f@group-62509A8A5C15: changes role from  FOLLOWER to FOLLOWER at term 476 for recognizeCandidate:d2424f4d-20d2-4104-abcc-02e6288f3ffc
2019-10-17 21:16:30,848 [grpc-default-executor-4] INFO  impl.RoleInfo (RoleInfo.java:shutdownFollowerState(121)) - 7c510082-4284-44ef-8cd9-bb38fb15579f: shutdown FollowerState
2019-10-17 21:16:30,847 [grpc-default-executor-2] INFO  impl.RoleInfo (RoleInfo.java:updateAndGet(143)) - 3909bd6a-278d-4911-9d70-32680c972d02: start FollowerState
2019-10-17 21:16:30,847 [Thread-3123] INFO  impl.FollowerState (FollowerState.java:run(117)) - 3909bd6a-278d-4911-9d70-32680c972d02@group-62509A8A5C15-FollowerState was interrupted: java.lang.InterruptedException: sleep interrupted
2019-10-17 21:16:30,848 [Thread-3124] INFO  impl.FollowerState (FollowerState.java:run(117)) - 7c510082-4284-44ef-8cd9-bb38fb15579f@group-62509A8A5C15-FollowerState was interrupted: java.lang.InterruptedException: sleep interrupted
2019-10-17 21:16:30,848 [grpc-default-executor-4] INFO  impl.RoleInfo (RoleInfo.java:updateAndGet(143)) - 7c510082-4284-44ef-8cd9-bb38fb15579f: start FollowerState
2019-10-17 21:16:30,874 [d2424f4d-20d2-4104-abcc-02e6288f3ffc@group-62509A8A5C15-LeaderElection429] INFO  impl.LeaderElection (LeaderElection.java:logAndReturn(56)) - d2424f4d-20d2-4104-abcc-02e6288f3ffc@group-62509A8A5C15-LeaderElection429: Election REJECTED; received 2 response(s) [d2424f4d-20d2-4104-abcc-02e6288f3ffc<-3909bd6a-278d-4911-9d70-32680c972d02#0:FAIL-t476, d2424f4d-20d2-4104-abcc-02e6288f3ffc<-7c510082-4284-44ef-8cd9-bb38fb15579f#0:FAIL-t476] and 0 exception(s); d2424f4d-20d2-4104-abcc-02e6288f3ffc@group-62509A8A5C15:t476, leader=null, voted=d2424f4d-20d2-4104-abcc-02e6288f3ffc, raftlog=d2424f4d-20d2-4104-abcc-02e6288f3ffc@group-62509A8A5C15-SegmentedRaftLog:OPENED:c-1,f-1,i0, conf=-1: [3909bd6a-278d-4911-9d70-32680c972d02:192.168.157.223:33343, d2424f4d-20d2-4104-abcc-02e6288f3ffc:192.168.157.223:39352, 7c510082-4284-44ef-8cd9-bb38fb15579f:192.168.157.223:33098], old=null
2019-10-17 21:16:30,874 [d2424f4d-20d2-4104-abcc-02e6288f3ffc@group-62509A8A5C15-LeaderElection429] INFO  impl.RaftServerImpl (RaftServerImpl.java:setRole(184)) - d2424f4d-20d2-4104-abcc-02e6288f3ffc@group-62509A8A5C15: changes role from CANDIDATE to FOLLOWER at term 476 for DISCOVERED_A_NEW_TERM
2019-10-17 21:16:30,874 [d2424f4d-20d2-4104-abcc-02e6288f3ffc@group-62509A8A5C15-LeaderElection429] INFO  impl.RoleInfo (RoleInfo.java:shutdownLeaderElection(134)) - d2424f4d-20d2-4104-abcc-02e6288f3ffc: shutdown LeaderElection
2019-10-17 21:16:30,874 [d2424f4d-20d2-4104-abcc-02e6288f3ffc@group-62509A8A5C15-LeaderElection429] INFO  impl.RoleInfo (RoleInfo.java:updateAndGet(143)) - d2424f4d-20d2-4104-abcc-02e6288f3ffc: start FollowerState
2019-10-17 21:16:30,990 [Thread-3131] INFO  impl.FollowerState (FollowerState.java:run(108)) - d2424f4d-20d2-4104-abcc-02e6288f3ffc@group-62509A8A5C15-FollowerState: change to CANDIDATE, lastRpcTime:115ms, electionTimeout:115ms
2019-10-17 21:16:30,990 [Thread-3131] INFO  impl.RoleInfo (RoleInfo.java:shutdownFollowerState(121)) - d2424f4d-20d2-4104-abcc-02e6288f3ffc: shutdown FollowerState
2019-10-17 21:16:30,990 [Thread-3131] INFO  impl.RaftServerImpl (RaftServerImpl.java:setRole(184)) - d2424f4d-20d2-4104-abcc-02e6288f3ffc@group-62509A8A5C15: changes role from  FOLLOWER to CANDIDATE at term 476 for changeToCandidate
2019-10-17 21:16:30,990 [Thread-3131] INFO  impl.RoleInfo (RoleInfo.java:updateAndGet(143)) - d2424f4d-20d2-4104-abcc-02e6288f3ffc: start LeaderElection
2019-10-17 21:16:31,004 [d2424f4d-20d2-4104-abcc-02e6288f3ffc@group-62509A8A5C15-LeaderElection430] INFO  impl.LeaderElection (LeaderElection.java:askForVotes(178)) - d2424f4d-20d2-4104-abcc-02e6288f3ffc@group-62509A8A5C15-LeaderElection430: begin an election at term 477 for -1: [3909bd6a-278d-4911-9d70-32680c972d02:192.168.157.223:33343, d2424f4d-20d2-4104-abcc-02e6288f3ffc:192.168.157.223:39352, 7c510082-4284-44ef-8cd9-bb38fb15579f:192.168.157.223:33098], old=null
2019-10-17 21:16:31,006 [grpc-default-executor-4] INFO  impl.RaftServerImpl (RaftServerImpl.java:setRole(184)) - 3909bd6a-278d-4911-9d70-32680c972d02@group-62509A8A5C15: changes role from  FOLLOWER to FOLLOWER at term 477 for recognizeCandidate:d2424f4d-20d2-4104-abcc-02e6288f3ffc
2019-10-17 21:16:31,006 [grpc-default-executor-4] INFO  impl.RoleInfo (RoleInfo.java:shutdownFollowerState(121)) - 3909bd6a-278d-4911-9d70-32680c972d02: shutdown FollowerState
2019-10-17 21:16:31,006 [grpc-default-executor-2] INFO  impl.RaftServerImpl (RaftServerImpl.java:setRole(184)) - 7c510082-4284-44ef-8cd9-bb38fb15579f@group-62509A8A5C15: changes role from  FOLLOWER to FOLLOWER at term 477 for recognizeCandidate:d2424f4d-20d2-4104-abcc-02e6288f3ffc
2019-10-17 21:16:31,006 [grpc-default-executor-2] INFO  impl.RoleInfo (RoleInfo.java:shutdownFollowerState(121)) - 7c510082-4284-44ef-8cd9-bb38fb15579f: shutdown FollowerState
2019-10-17 21:16:31,006 [Thread-3129] INFO  impl.FollowerState (FollowerState.java:run(117)) - 3909bd6a-278d-4911-9d70-32680c972d02@group-62509A8A5C15-FollowerState was interrupted: java.lang.InterruptedException: sleep interrupted
2019-10-17 21:16:31,006 [Thread-3130] INFO  impl.FollowerState (FollowerState.java:run(117)) - 7c510082-4284-44ef-8cd9-bb38fb15579f@group-62509A8A5C15-FollowerState was interrupted: java.lang.InterruptedException: sleep interrupted
2019-10-17 21:16:31,006 [grpc-default-executor-4] INFO  impl.RoleInfo (RoleInfo.java:updateAndGet(143)) - 3909bd6a-278d-4911-9d70-32680c972d02: start FollowerState
2019-10-17 21:16:31,006 [grpc-default-executor-2] INFO  impl.RoleInfo (RoleInfo.java:updateAndGet(143)) - 7c510082-4284-44ef-8cd9-bb38fb15579f: start FollowerState
2019-10-17 21:16:31,022 [d2424f4d-20d2-4104-abcc-02e6288f3ffc@group-62509A8A5C15-LeaderElection430] INFO  impl.LeaderElection (LeaderElection.java:logAndReturn(56)) - d2424f4d-20d2-4104-abcc-02e6288f3ffc@group-62509A8A5C15-LeaderElection430: Election REJECTED; received 2 response(s) [d2424f4d-20d2-4104-abcc-02e6288f3ffc<-3909bd6a-278d-4911-9d70-32680c972d02#0:FAIL-t477, d2424f4d-20d2-4104-abcc-02e6288f3ffc<-7c510082-4284-44ef-8cd9-bb38fb15579f#0:FAIL-t477] and 0 exception(s); d2424f4d-20d2-4104-abcc-02e6288f3ffc@group-62509A8A5C15:t477, leader=null, voted=d2424f4d-20d2-4104-abcc-02e6288f3ffc, raftlog=d2424f4d-20d2-4104-abcc-02e6288f3ffc@group-62509A8A5C15-SegmentedRaftLog:OPENED:c-1,f-1,i0, conf=-1: [3909bd6a-278d-4911-9d70-32680c972d02:192.168.157.223:33343, d2424f4d-20d2-4104-abcc-02e6288f3ffc:192.168.157.223:39352, 7c510082-4284-44ef-8cd9-bb38fb15579f:192.168.157.223:33098], old=null
2019-10-17 21:16:31,022 [d2424f4d-20d2-4104-abcc-02e6288f3ffc@group-62509A8A5C15-LeaderElection430] INFO  impl.RaftServerImpl (RaftServerImpl.java:setRole(184)) - d2424f4d-20d2-4104-abcc-02e6288f3ffc@group-62509A8A5C15: changes role from CANDIDATE to FOLLOWER at term 477 for DISCOVERED_A_NEW_TERM
2019-10-17 21:16:31,022 [d2424f4d-20d2-4104-abcc-02e6288f3ffc@group-62509A8A5C15-LeaderElection430] INFO  impl.RoleInfo (RoleInfo.java:shutdownLeaderElection(134)) - d2424f4d-20d2-4104-abcc-02e6288f3ffc: shutdown LeaderElection
2019-10-17 21:16:31,022 [d2424f4d-20d2-4104-abcc-02e6288f3ffc@group-62509A8A5C15-LeaderElection430] INFO  impl.RoleInfo (RoleInfo.java:updateAndGet(143)) - d2424f4d-20d2-4104-abcc-02e6288f3ffc: start FollowerState
2019-10-17 21:16:31,037 [Thread-3137] INFO  impl.FollowerState (FollowerState.java:run(108)) - d2424f4d-20d2-4104-abcc-02e6288f3ffc@group-62509A8A5C15-FollowerState: change to CANDIDATE, lastRpcTime:15ms, electionTimeout:15ms
2019-10-17 21:16:31,038 [Thread-3137] INFO  impl.RoleInfo (RoleInfo.java:shutdownFollowerState(121)) - d2424f4d-20d2-4104-abcc-02e6288f3ffc: shutdown FollowerState
2019-10-17 21:16:31,038 [Thread-3137] INFO  impl.RaftServerImpl (RaftServerImpl.java:setRole(184)) - d2424f4d-20d2-4104-abcc-02e6288f3ffc@group-62509A8A5C15: changes role from  FOLLOWER to CANDIDATE at term 477 for changeToCandidate
2019-10-17 21:16:31,038 [Thread-3137] INFO  impl.RoleInfo (RoleInfo.java:updateAndGet(143)) - d2424f4d-20d2-4104-abcc-02e6288f3ffc: start LeaderElection
2019-10-17 21:16:31,052 [d2424f4d-20d2-4104-abcc-02e6288f3ffc@group-62509A8A5C15-LeaderElection431] INFO  impl.LeaderElection (LeaderElection.java:askForVotes(178)) - d2424f4d-20d2-4104-abcc-02e6288f3ffc@group-62509A8A5C15-LeaderElection431: begin an election at term 478 for -1: [3909bd6a-278d-4911-9d70-32680c972d02:192.168.157.223:33343, d2424f4d-20d2-4104-abcc-02e6288f3ffc:192.168.157.223:39352, 7c510082-4284-44ef-8cd9-bb38fb15579f:192.168.157.223:33098], old=null
2019-10-17 21:16:31,054 [grpc-default-executor-4] INFO  impl.RaftServerImpl (RaftServerImpl.java:setRole(184)) - 3909bd6a-278d-4911-9d70-32680c972d02@group-62509A8A5C15: changes role from  FOLLOWER to FOLLOWER at term 478 for recognizeCandidate:d2424f4d-20d2-4104-abcc-02e6288f3ffc
2019-10-17 21:16:31,054 [grpc-default-executor-4] INFO  impl.RoleInfo (RoleInfo.java:shutdownFollowerState(121)) - 3909bd6a-278d-4911-9d70-32680c972d02: shutdown FollowerState
2019-10-17 21:16:31,054 [grpc-default-executor-2] INFO  impl.RaftServerImpl (RaftServerImpl.java:setRole(184)) - 7c510082-4284-44ef-8cd9-bb38fb15579f@group-62509A8A5C15: changes role from  FOLLOWER to FOLLOWER at term 478 for recognizeCandidate:d2424f4d-20d2-4104-abcc-02e6288f3ffc
2019-10-17 21:16:31,055 [grpc-default-executor-2] INFO  impl.RoleInfo (RoleInfo.java:shutdownFollowerState(121)) - 7c510082-4284-44ef-8cd9-bb38fb15579f: shutdown FollowerState
2019-10-17 21:16:31,054 [grpc-default-executor-4] INFO  impl.RoleInfo (RoleInfo.java:updateAndGet(143)) - 3909bd6a-278d-4911-9d70-32680c972d02: start FollowerState
2019-10-17 21:16:31,055 [Thread-3136] INFO  impl.FollowerState (FollowerState.java:run(117)) - 7c510082-4284-44ef-8cd9-bb38fb15579f@group-62509A8A5C15-FollowerState was interrupted: java.lang.InterruptedException: sleep interrupted
2019-10-17 21:16:31,055 [Thread-3135] INFO  impl.FollowerState (FollowerState.java:run(117)) - 3909bd6a-278d-4911-9d70-32680c972d02@group-62509A8A5C15-FollowerState was interrupted: java.lang.InterruptedException: sleep interrupted
2019-10-17 21:16:31,055 [grpc-default-executor-2] INFO  impl.RoleInfo (RoleInfo.java:updateAndGet(143)) - 7c510082-4284-44ef-8cd9-bb38fb15579f: start FollowerState
2019-10-17 21:16:31,081 [d2424f4d-20d2-4104-abcc-02e6288f3ffc@group-62509A8A5C15-LeaderElection431] INFO  impl.LeaderElection (LeaderElection.java:logAndReturn(56)) - d2424f4d-20d2-4104-abcc-02e6288f3ffc@group-62509A8A5C15-LeaderElection431: Election REJECTED; received 2 response(s) [d2424f4d-20d2-4104-abcc-02e6288f3ffc<-3909bd6a-278d-4911-9d70-32680c972d02#0:FAIL-t478, d2424f4d-20d2-4104-abcc-02e6288f3ffc<-7c510082-4284-44ef-8cd9-bb38fb15579f#0:FAIL-t478] and 0 exception(s); d2424f4d-20d2-4104-abcc-02e6288f3ffc@group-62509A8A5C15:t478, leader=null, voted=d2424f4d-20d2-4104-abcc-02e6288f3ffc, raftlog=d2424f4d-20d2-4104-abcc-02e6288f3ffc@group-62509A8A5C15-SegmentedRaftLog:OPENED:c-1,f-1,i0, conf=-1: [3909bd6a-278d-4911-9d70-32680c972d02:192.168.157.223:33343, d2424f4d-20d2-4104-abcc-02e6288f3ffc:192.168.157.223:39352, 7c510082-4284-44ef-8cd9-bb38fb15579f:192.168.157.223:33098], old=null
2019-10-17 21:16:31,082 [d2424f4d-20d2-4104-abcc-02e6288f3ffc@group-62509A8A5C15-LeaderElection431] INFO  impl.RaftServerImpl (RaftServerImpl.java:setRole(184)) - d2424f4d-20d2-4104-abcc-02e6288f3ffc@group-62509A8A5C15: changes role from CANDIDATE to FOLLOWER at term 478 for DISCOVERED_A_NEW_TERM
2019-10-17 21:16:31,082 [d2424f4d-20d2-4104-abcc-02e6288f3ffc@group-62509A8A5C15-LeaderElection431] INFO  impl.RoleInfo (RoleInfo.java:shutdownLeaderElection(134)) - d2424f4d-20d2-4104-abcc-02e6288f3ffc: shutdown LeaderElection
2019-10-17 21:16:31,082 [d2424f4d-20d2-4104-abcc-02e6288f3ffc@group-62509A8A5C15-LeaderElection431] INFO  impl.RoleInfo (RoleInfo.java:updateAndGet(143)) - d2424f4d-20d2-4104-abcc-02e6288f3ffc: start FollowerState
2019-10-17 21:16:31,237 [Thread-3143] INFO  impl.FollowerState (FollowerState.java:run(108)) - d2424f4d-20d2-4104-abcc-02e6288f3ffc@group-62509A8A5C15-FollowerState: change to CANDIDATE, lastRpcTime:155ms, electionTimeout:155ms
2019-10-17 21:16:31,238 [Thread-3143] INFO  impl.RoleInfo (RoleInfo.java:shutdownFollowerState(121)) - d2424f4d-20d2-4104-abcc-02e6288f3ffc: shutdown FollowerState
2019-10-17 21:16:31,238 [Thread-3143] INFO  impl.RaftServerImpl (RaftServerImpl.java:setRole(184)) - d2424f4d-20d2-4104-abcc-02e6288f3ffc@group-62509A8A5C15: changes role from  FOLLOWER to CANDIDATE at term 478 for changeToCandidate
2019-10-17 21:16:31,238 [Thread-3143] INFO  impl.RoleInfo (RoleInfo.java:updateAndGet(143)) - d2424f4d-20d2-4104-abcc-02e6288f3ffc: start LeaderElection
2019-10-17 21:16:31,264 [d2424f4d-20d2-4104-abcc-02e6288f3ffc@group-62509A8A5C15-LeaderElection432] INFO  impl.LeaderElection (LeaderElection.java:askForVotes(178)) - d2424f4d-20d2-4104-abcc-02e6288f3ffc@group-62509A8A5C15-LeaderElection432: begin an election at term 479 for -1: [3909bd6a-278d-4911-9d70-32680c972d02:192.168.157.223:33343, d2424f4d-20d2-4104-abcc-02e6288f3ffc:192.168.157.223:39352, 7c510082-4284-44ef-8cd9-bb38fb15579f:192.168.157.223:33098], old=null
2019-10-17 21:16:31,266 [grpc-default-executor-2] INFO  impl.RaftServerImpl (RaftServerImpl.java:setRole(184)) - 3909bd6a-278d-4911-9d70-32680c972d02@group-62509A8A5C15: changes role from  FOLLOWER to FOLLOWER at term 479 for recognizeCandidate:d2424f4d-20d2-4104-abcc-02e6288f3ffc
2019-10-17 21:16:31,266 [grpc-default-executor-4] INFO  impl.RaftServerImpl (RaftServerImpl.java:setRole(184)) - 7c510082-4284-44ef-8cd9-bb38fb15579f@group-62509A8A5C15: changes role from  FOLLOWER to FOLLOWER at term 479 for recognizeCandidate:d2424f4d-20d2-4104-abcc-02e6288f3ffc
2019-10-17 21:16:31,266 [grpc-default-executor-2] INFO  impl.RoleInfo (RoleInfo.java:shutdownFollowerState(121)) - 3909bd6a-278d-4911-9d70-32680c972d02: shutdown FollowerState
2019-10-17 21:16:31,266 [grpc-default-executor-4] INFO  impl.RoleInfo (RoleInfo.java:shutdownFollowerState(121)) - 7c510082-4284-44ef-8cd9-bb38fb15579f: shutdown FollowerState
2019-10-17 21:16:31,267 [Thread-3141] INFO  impl.FollowerState (FollowerState.java:run(117)) - 3909bd6a-278d-4911-9d70-32680c972d02@group-62509A8A5C15-FollowerState was interrupted: java.lang.InterruptedException: sleep interrupted
2019-10-17 21:16:31,267 [Thread-3142] INFO  impl.FollowerState (FollowerState.java:run(117)) - 7c510082-4284-44ef-8cd9-bb38fb15579f@group-62509A8A5C15-FollowerState was interrupted: java.lang.InterruptedException: sleep interrupted
2019-10-17 21:16:31,266 [grpc-default-executor-2] INFO  impl.RoleInfo (RoleInfo.java:updateAndGet(143)) - 3909bd6a-278d-4911-9d70-32680c972d02: start FollowerState
2019-10-17 21:16:31,267 [grpc-default-executor-4] INFO  impl.RoleInfo (RoleInfo.java:updateAndGet(143)) - 7c510082-4284-44ef-8cd9-bb38fb15579f: start FollowerState
2019-10-17 21:16:31,301 [d2424f4d-20d2-4104-abcc-02e6288f3ffc@group-62509A8A5C15-LeaderElection432] INFO  impl.LeaderElection (LeaderElection.java:logAndReturn(56)) - d2424f4d-20d2-4104-abcc-02e6288f3ffc@group-62509A8A5C15-LeaderElection432: Election REJECTED; received 2 response(s) [d2424f4d-20d2-4104-abcc-02e6288f3ffc<-3909bd6a-278d-4911-9d70-32680c972d02#0:FAIL-t479, d2424f4d-20d2-4104-abcc-02e6288f3ffc<-7c510082-4284-44ef-8cd9-bb38fb15579f#0:FAIL-t479] and 0 exception(s); d2424f4d-20d2-4104-abcc-02e6288f3ffc@group-62509A8A5C15:t479, leader=null, voted=d2424f4d-20d2-4104-abcc-02e6288f3ffc, raftlog=d2424f4d-20d2-4104-abcc-02e6288f3ffc@group-62509A8A5C15-SegmentedRaftLog:OPENED:c-1,f-1,i0, conf=-1: [3909bd6a-278d-4911-9d70-32680c972d02:192.168.157.223:33343, d2424f4d-20d2-4104-abcc-02e6288f3ffc:192.168.157.223:39352, 7c510082-4284-44ef-8cd9-bb38fb15579f:192.168.157.223:33098], old=null
2019-10-17 21:16:31,301 [d2424f4d-20d2-4104-abcc-02e6288f3ffc@group-62509A8A5C15-LeaderElection432] INFO  impl.RaftServerImpl (RaftServerImpl.java:setRole(184)) - d2424f4d-20d2-4104-abcc-02e6288f3ffc@group-62509A8A5C15: changes role from CANDIDATE to FOLLOWER at term 479 for DISCOVERED_A_NEW_TERM
2019-10-17 21:16:31,301 [d2424f4d-20d2-4104-abcc-02e6288f3ffc@group-62509A8A5C15-LeaderElection432] INFO  impl.RoleInfo (RoleInfo.java:shutdownLeaderElection(134)) - d2424f4d-20d2-4104-abcc-02e6288f3ffc: shutdown LeaderElection
2019-10-17 21:16:31,301 [d2424f4d-20d2-4104-abcc-02e6288f3ffc@group-62509A8A5C15-LeaderElection432] INFO  impl.RoleInfo (RoleInfo.java:updateAndGet(143)) - d2424f4d-20d2-4104-abcc-02e6288f3ffc: start FollowerState
2019-10-17 21:16:31,318 [Thread-3149] INFO  impl.FollowerState (FollowerState.java:run(108)) - d2424f4d-20d2-4104-abcc-02e6288f3ffc@group-62509A8A5C15-FollowerState: change to CANDIDATE, lastRpcTime:16ms, electionTimeout:16ms
2019-10-17 21:16:31,318 [Thread-3149] INFO  impl.RoleInfo (RoleInfo.java:shutdownFollowerState(121)) - d2424f4d-20d2-4104-abcc-02e6288f3ffc: shutdown FollowerState
2019-10-17 21:16:31,318 [Thread-3149] INFO  impl.RaftServerImpl (RaftServerImpl.java:setRole(184)) - d2424f4d-20d2-4104-abcc-02e6288f3ffc@group-62509A8A5C15: changes role from  FOLLOWER to CANDIDATE at term 479 for changeToCandidate
2019-10-17 21:16:31,318 [Thread-3149] INFO  impl.RoleInfo (RoleInfo.java:updateAndGet(143)) - d2424f4d-20d2-4104-abcc-02e6288f3ffc: start LeaderElection
2019-10-17 21:16:31,322 [d2424f4d-20d2-4104-abcc-02e6288f3ffc@group-62509A8A5C15-LeaderElection433] INFO  impl.LeaderElection (LeaderElection.java:askForVotes(178)) - d2424f4d-20d2-4104-abcc-02e6288f3ffc@group-62509A8A5C15-LeaderElection433: begin an election at term 480 for -1: [3909bd6a-278d-4911-9d70-32680c972d02:192.168.157.223:33343, d2424f4d-20d2-4104-abcc-02e6288f3ffc:192.168.157.223:39352, 7c510082-4284-44ef-8cd9-bb38fb15579f:192.168.157.223:33098], old=null
2019-10-17 21:16:31,323 [grpc-default-executor-2] INFO  impl.RaftServerImpl (RaftServerImpl.java:setRole(184)) - 3909bd6a-278d-4911-9d70-32680c972d02@group-62509A8A5C15: changes role from  FOLLOWER to FOLLOWER at term 480 for recognizeCandidate:d2424f4d-20d2-4104-abcc-02e6288f3ffc
2019-10-17 21:16:31,324 [grpc-default-executor-2] INFO  impl.RoleInfo (RoleInfo.java:shutdownFollowerState(121)) - 3909bd6a-278d-4911-9d70-32680c972d02: shutdown FollowerState
2019-10-17 21:16:31,324 [grpc-default-executor-4] INFO  impl.RaftServerImpl (RaftServerImpl.java:setRole(184)) - 7c510082-4284-44ef-8cd9-bb38fb15579f@group-62509A8A5C15: changes role from  FOLLOWER to FOLLOWER at term 480 for recognizeCandidate:d2424f4d-20d2-4104-abcc-02e6288f3ffc
2019-10-17 21:16:31,324 [Thread-3147] INFO  impl.FollowerState (FollowerState.java:run(117)) - 3909bd6a-278d-4911-9d70-32680c972d02@group-62509A8A5C15-FollowerState was interrupted: java.lang.InterruptedException: sleep interrupted
2019-10-17 21:16:31,324 [grpc-default-executor-2] INFO  impl.RoleInfo (RoleInfo.java:updateAndGet(143)) - 3909bd6a-278d-4911-9d70-32680c972d02: start FollowerState
2019-10-17 21:16:31,324 [grpc-default-executor-4] INFO  impl.RoleInfo (RoleInfo.java:shutdownFollowerState(121)) - 7c510082-4284-44ef-8cd9-bb38fb15579f: shutdown FollowerState
2019-10-17 21:16:31,324 [grpc-default-executor-4] INFO  impl.RoleInfo (RoleInfo.java:updateAndGet(143)) - 7c510082-4284-44ef-8cd9-bb38fb15579f: start FollowerState
2019-10-17 21:16:31,324 [Thread-3148] INFO  impl.FollowerState (FollowerState.java:run(117)) - 7c510082-4284-44ef-8cd9-bb38fb15579f@group-62509A8A5C15-FollowerState was interrupted: java.lang.InterruptedException: sleep interrupted
2019-10-17 21:16:31,332 [d2424f4d-20d2-4104-abcc-02e6288f3ffc@group-62509A8A5C15-LeaderElection433] INFO  impl.LeaderElection (LeaderElection.java:logAndReturn(56)) - d2424f4d-20d2-4104-abcc-02e6288f3ffc@group-62509A8A5C15-LeaderElection433: Election REJECTED; received 2 response(s) [d2424f4d-20d2-4104-abcc-02e6288f3ffc<-3909bd6a-278d-4911-9d70-32680c972d02#0:FAIL-t480, d2424f4d-20d2-4104-abcc-02e6288f3ffc<-7c510082-4284-44ef-8cd9-bb38fb15579f#0:FAIL-t480] and 0 exception(s); d2424f4d-20d2-4104-abcc-02e6288f3ffc@group-62509A8A5C15:t480, leader=null, voted=d2424f4d-20d2-4104-abcc-02e6288f3ffc, raftlog=d2424f4d-20d2-4104-abcc-02e6288f3ffc@group-62509A8A5C15-SegmentedRaftLog:OPENED:c-1,f-1,i0, conf=-1: [3909bd6a-278d-4911-9d70-32680c972d02:192.168.157.223:33343, d2424f4d-20d2-4104-abcc-02e6288f3ffc:192.168.157.223:39352, 7c510082-4284-44ef-8cd9-bb38fb15579f:192.168.157.223:33098], old=null
2019-10-17 21:16:31,332 [d2424f4d-20d2-4104-abcc-02e6288f3ffc@group-62509A8A5C15-LeaderElection433] INFO  impl.RaftServerImpl (RaftServerImpl.java:setRole(184)) - d2424f4d-20d2-4104-abcc-02e6288f3ffc@group-62509A8A5C15: changes role from CANDIDATE to FOLLOWER at term 480 for DISCOVERED_A_NEW_TERM
2019-10-17 21:16:31,332 [d2424f4d-20d2-4104-abcc-02e6288f3ffc@group-62509A8A5C15-LeaderElection433] INFO  impl.RoleInfo (RoleInfo.java:shutdownLeaderElection(134)) - d2424f4d-20d2-4104-abcc-02e6288f3ffc: shutdown LeaderElection
2019-10-17 21:16:31,332 [d2424f4d-20d2-4104-abcc-02e6288f3ffc@group-62509A8A5C15-LeaderElection433] INFO  impl.RoleInfo (RoleInfo.java:updateAndGet(143)) - d2424f4d-20d2-4104-abcc-02e6288f3ffc: start FollowerState
2019-10-17 21:16:31,429 [Thread-3155] INFO  impl.FollowerState (FollowerState.java:run(108)) - d2424f4d-20d2-4104-abcc-02e6288f3ffc@group-62509A8A5C15-FollowerState: change to CANDIDATE, lastRpcTime:97ms, electionTimeout:97ms
2019-10-17 21:16:31,430 [Thread-3155] INFO  impl.RoleInfo (RoleInfo.java:shutdownFollowerState(121)) - d2424f4d-20d2-4104-abcc-02e6288f3ffc: shutdown FollowerState
2019-10-17 21:16:31,430 [Thread-3155] INFO  impl.RaftServerImpl (RaftServerImpl.java:setRole(184)) - d2424f4d-20d2-4104-abcc-02e6288f3ffc@group-62509A8A5C15: changes role from  FOLLOWER to CANDIDATE at term 480 for changeToCandidate
2019-10-17 21:16:31,430 [Thread-3155] INFO  impl.RoleInfo (RoleInfo.java:updateAndGet(143)) - d2424f4d-20d2-4104-abcc-02e6288f3ffc: start LeaderElection
2019-10-17 21:16:31,442 [d2424f4d-20d2-4104-abcc-02e6288f3ffc@group-62509A8A5C15-LeaderElection434] INFO  impl.LeaderElection (LeaderElection.java:askForVotes(178)) - d2424f4d-20d2-4104-abcc-02e6288f3ffc@group-62509A8A5C15-LeaderElection434: begin an election at term 481 for -1: [3909bd6a-278d-4911-9d70-32680c972d02:192.168.157.223:33343, d2424f4d-20d2-4104-abcc-02e6288f3ffc:192.168.157.223:39352, 7c510082-4284-44ef-8cd9-bb38fb15579f:192.168.157.223:33098], old=null
2019-10-17 21:16:31,444 [grpc-default-executor-2] INFO  impl.RaftServerImpl (RaftServerImpl.java:setRole(184)) - 3909bd6a-278d-4911-9d70-32680c972d02@group-62509A8A5C15: changes role from  FOLLOWER to FOLLOWER at term 481 for recognizeCandidate:d2424f4d-20d2-4104-abcc-02e6288f3ffc
2019-10-17 21:16:31,444 [grpc-default-executor-2] INFO  impl.RoleInfo (RoleInfo.java:shutdownFollowerState(121)) - 3909bd6a-278d-4911-9d70-32680c972d02: shutdown FollowerState
2019-10-17 21:16:31,444 [grpc-default-executor-4] INFO  impl.RaftServerImpl (RaftServerImpl.java:setRole(184)) - 7c510082-4284-44ef-8cd9-bb38fb15579f@group-62509A8A5C15: changes role from  FOLLOWER to FOLLOWER at term 481 for recognizeCandidate:d2424f4d-20d2-4104-abcc-02e6288f3ffc
2019-10-17 21:16:31,444 [grpc-default-executor-4] INFO  impl.RoleInfo (RoleInfo.java:shutdownFollowerState(121)) - 7c510082-4284-44ef-8cd9-bb38fb15579f: shutdown FollowerState
2019-10-17 21:16:31,444 [Thread-3153] INFO  impl.FollowerState (FollowerState.java:run(117)) - 3909bd6a-278d-4911-9d70-32680c972d02@group-62509A8A5C15-FollowerState was interrupted: java.lang.InterruptedException: sleep interrupted
2019-10-17 21:16:31,444 [grpc-default-executor-2] INFO  impl.RoleInfo (RoleInfo.java:updateAndGet(143)) - 3909bd6a-278d-4911-9d70-32680c972d02: start FollowerState
2019-10-17 21:16:31,444 [Thread-3154] INFO  impl.FollowerState (FollowerState.java:run(117)) - 7c510082-4284-44ef-8cd9-bb38fb15579f@group-62509A8A5C15-FollowerState was interrupted: java.lang.InterruptedException: sleep interrupted
2019-10-17 21:16:31,444 [grpc-default-executor-4] INFO  impl.RoleInfo (RoleInfo.java:updateAndGet(143)) - 7c510082-4284-44ef-8cd9-bb38fb15579f: start FollowerState
2019-10-17 21:16:31,463 [d2424f4d-20d2-4104-abcc-02e6288f3ffc@group-62509A8A5C15-LeaderElection434] INFO  impl.LeaderElection (LeaderElection.java:logAndReturn(56)) - d2424f4d-20d2-4104-abcc-02e6288f3ffc@group-62509A8A5C15-LeaderElection434: Election REJECTED; received 2 response(s) [d2424f4d-20d2-4104-abcc-02e6288f3ffc<-3909bd6a-278d-4911-9d70-32680c972d02#0:FAIL-t481, d2424f4d-20d2-4104-abcc-02e6288f3ffc<-7c510082-4284-44ef-8cd9-bb38fb15579f#0:FAIL-t481] and 0 exception(s); d2424f4d-20d2-4104-abcc-02e6288f3ffc@group-62509A8A5C15:t481, leader=null, voted=d2424f4d-20d2-4104-abcc-02e6288f3ffc, raftlog=d2424f4d-20d2-4104-abcc-02e6288f3ffc@group-62509A8A5C15-SegmentedRaftLog:OPENED:c-1,f-1,i0, conf=-1: [3909bd6a-278d-4911-9d70-32680c972d02:192.168.157.223:33343, d2424f4d-20d2-4104-abcc-02e6288f3ffc:192.168.157.223:39352, 7c510082-4284-44ef-8cd9-bb38fb15579f:192.168.157.223:33098], old=null
2019-10-17 21:16:31,463 [d2424f4d-20d2-4104-abcc-02e6288f3ffc@group-62509A8A5C15-LeaderElection434] INFO  impl.RaftServerImpl (RaftServerImpl.java:setRole(184)) - d2424f4d-20d2-4104-abcc-02e6288f3ffc@group-62509A8A5C15: changes role from CANDIDATE to FOLLOWER at term 481 for DISCOVERED_A_NEW_TERM
2019-10-17 21:16:31,463 [d2424f4d-20d2-4104-abcc-02e6288f3ffc@group-62509A8A5C15-LeaderElection434] INFO  impl.RoleInfo (RoleInfo.java:shutdownLeaderElection(134)) - d2424f4d-20d2-4104-abcc-02e6288f3ffc: shutdown LeaderElection
2019-10-17 21:16:31,463 [d2424f4d-20d2-4104-abcc-02e6288f3ffc@group-62509A8A5C15-LeaderElection434] INFO  impl.RoleInfo (RoleInfo.java:updateAndGet(143)) - d2424f4d-20d2-4104-abcc-02e6288f3ffc: start FollowerState
2019-10-17 21:16:31,547 [Thread-3163] INFO  impl.FollowerState (FollowerState.java:run(108)) - d2424f4d-20d2-4104-abcc-02e6288f3ffc@group-62509A8A5C15-FollowerState: change to CANDIDATE, lastRpcTime:83ms, electionTimeout:83ms
2019-10-17 21:16:31,547 [Thread-3163] INFO  impl.RoleInfo (RoleInfo.java:shutdownFollowerState(121)) - d2424f4d-20d2-4104-abcc-02e6288f3ffc: shutdown FollowerState
2019-10-17 21:16:31,547 [Thread-3163] INFO  impl.RaftServerImpl (RaftServerImpl.java:setRole(184)) - d2424f4d-20d2-4104-abcc-02e6288f3ffc@group-62509A8A5C15: changes role from  FOLLOWER to CANDIDATE at term 481 for changeToCandidate
2019-10-17 21:16:31,547 [Thread-3163] INFO  impl.RoleInfo (RoleInfo.java:updateAndGet(143)) - d2424f4d-20d2-4104-abcc-02e6288f3ffc: start LeaderElection
2019-10-17 21:16:31,573 [d2424f4d-20d2-4104-abcc-02e6288f3ffc@group-62509A8A5C15-LeaderElection435] INFO  impl.LeaderElection (LeaderElection.java:askForVotes(178)) - d2424f4d-20d2-4104-abcc-02e6288f3ffc@group-62509A8A5C15-LeaderElection435: begin an election at term 482 for -1: [3909bd6a-278d-4911-9d70-32680c972d02:192.168.157.223:33343, d2424f4d-20d2-4104-abcc-02e6288f3ffc:192.168.157.223:39352, 7c510082-4284-44ef-8cd9-bb38fb15579f:192.168.157.223:33098], old=null
2019-10-17 21:16:31,575 [grpc-default-executor-4] INFO  impl.RaftServerImpl (RaftServerImpl.java:setRole(184)) - 3909bd6a-278d-4911-9d70-32680c972d02@group-62509A8A5C15: changes role from  FOLLOWER to FOLLOWER at term 482 for recognizeCandidate:d2424f4d-20d2-4104-abcc-02e6288f3ffc
2019-10-17 21:16:31,575 [grpc-default-executor-4] INFO  impl.RoleInfo (RoleInfo.java:shutdownFollowerState(121)) - 3909bd6a-278d-4911-9d70-32680c972d02: shutdown FollowerState
2019-10-17 21:16:31,575 [grpc-default-executor-2] INFO  impl.RaftServerImpl (RaftServerImpl.java:setRole(184)) - 7c510082-4284-44ef-8cd9-bb38fb15579f@group-62509A8A5C15: changes role from  FOLLOWER to FOLLOWER at term 482 for recognizeCandidate:d2424f4d-20d2-4104-abcc-02e6288f3ffc
2019-10-17 21:16:31,575 [grpc-default-executor-2] INFO  impl.RoleInfo (RoleInfo.java:shutdownFollowerState(121)) - 7c510082-4284-44ef-8cd9-bb38fb15579f: shutdown FollowerState
2019-10-17 21:16:31,575 [Thread-3161] INFO  impl.FollowerState (FollowerState.java:run(117)) - 3909bd6a-278d-4911-9d70-32680c972d02@group-62509A8A5C15-FollowerState was interrupted: java.lang.InterruptedException: sleep interrupted
2019-10-17 21:16:31,575 [grpc-default-executor-4] INFO  impl.RoleInfo (RoleInfo.java:updateAndGet(143)) - 3909bd6a-278d-4911-9d70-32680c972d02: start FollowerState
2019-10-17 21:16:31,576 [Thread-3162] INFO  impl.FollowerState (FollowerState.java:run(117)) - 7c510082-4284-44ef-8cd9-bb38fb15579f@group-62509A8A5C15-FollowerState was interrupted: java.lang.InterruptedException: sleep interrupted
2019-10-17 21:16:31,576 [grpc-default-executor-2] INFO  impl.RoleInfo (RoleInfo.java:updateAndGet(143)) - 7c510082-4284-44ef-8cd9-bb38fb15579f: start FollowerState
2019-10-17 21:16:31,590 [d2424f4d-20d2-4104-abcc-02e6288f3ffc@group-62509A8A5C15-LeaderElection435] INFO  impl.LeaderElection (LeaderElection.java:logAndReturn(56)) - d2424f4d-20d2-4104-abcc-02e6288f3ffc@group-62509A8A5C15-LeaderElection435: Election REJECTED; received 2 response(s) [d2424f4d-20d2-4104-abcc-02e6288f3ffc<-3909bd6a-278d-4911-9d70-32680c972d02#0:FAIL-t482, d2424f4d-20d2-4104-abcc-02e6288f3ffc<-7c510082-4284-44ef-8cd9-bb38fb15579f#0:FAIL-t482] and 0 exception(s); d2424f4d-20d2-4104-abcc-02e6288f3ffc@group-62509A8A5C15:t482, leader=null, voted=d2424f4d-20d2-4104-abcc-02e6288f3ffc, raftlog=d2424f4d-20d2-4104-abcc-02e6288f3ffc@group-62509A8A5C15-SegmentedRaftLog:OPENED:c-1,f-1,i0, conf=-1: [3909bd6a-278d-4911-9d70-32680c972d02:192.168.157.223:33343, d2424f4d-20d2-4104-abcc-02e6288f3ffc:192.168.157.223:39352, 7c510082-4284-44ef-8cd9-bb38fb15579f:192.168.157.223:33098], old=null
2019-10-17 21:16:31,591 [d2424f4d-20d2-4104-abcc-02e6288f3ffc@group-62509A8A5C15-LeaderElection435] INFO  impl.RaftServerImpl (RaftServerImpl.java:setRole(184)) - d2424f4d-20d2-4104-abcc-02e6288f3ffc@group-62509A8A5C15: changes role from CANDIDATE to FOLLOWER at term 482 for DISCOVERED_A_NEW_TERM
2019-10-17 21:16:31,591 [d2424f4d-20d2-4104-abcc-02e6288f3ffc@group-62509A8A5C15-LeaderElection435] INFO  impl.RoleInfo (RoleInfo.java:shutdownLeaderElection(134)) - d2424f4d-20d2-4104-abcc-02e6288f3ffc: shutdown LeaderElection
2019-10-17 21:16:31,591 [d2424f4d-20d2-4104-abcc-02e6288f3ffc@group-62509A8A5C15-LeaderElection435] INFO  impl.RoleInfo (RoleInfo.java:updateAndGet(143)) - d2424f4d-20d2-4104-abcc-02e6288f3ffc: start FollowerState
2019-10-17 21:16:31,597 [Thread-3169] INFO  impl.FollowerState (FollowerState.java:run(108)) - d2424f4d-20d2-4104-abcc-02e6288f3ffc@group-62509A8A5C15-FollowerState: change to CANDIDATE, lastRpcTime:6ms, electionTimeout:6ms
2019-10-17 21:16:31,597 [Thread-3169] INFO  impl.RoleInfo (RoleInfo.java:shutdownFollowerState(121)) - d2424f4d-20d2-4104-abcc-02e6288f3ffc: shutdown FollowerState
2019-10-17 21:16:31,597 [Thread-3169] INFO  impl.RaftServerImpl (RaftServerImpl.java:setRole(184)) - d2424f4d-20d2-4104-abcc-02e6288f3ffc@group-62509A8A5C15: changes role from  FOLLOWER to CANDIDATE at term 482 for changeToCandidate
2019-10-17 21:16:31,597 [Thread-3169] INFO  impl.RoleInfo (RoleInfo.java:updateAndGet(143)) - d2424f4d-20d2-4104-abcc-02e6288f3ffc: start LeaderElection
2019-10-17 21:16:31,611 [d2424f4d-20d2-4104-abcc-02e6288f3ffc@group-62509A8A5C15-LeaderElection436] INFO  impl.LeaderElection (LeaderElection.java:askForVotes(178)) - d2424f4d-20d2-4104-abcc-02e6288f3ffc@group-62509A8A5C15-LeaderElection436: begin an election at term 483 for -1: [3909bd6a-278d-4911-9d70-32680c972d02:192.168.157.223:33343, d2424f4d-20d2-4104-abcc-02e6288f3ffc:192.168.157.223:39352, 7c510082-4284-44ef-8cd9-bb38fb15579f:192.168.157.223:33098], old=null
2019-10-17 21:16:31,612 [grpc-default-executor-4] INFO  impl.RaftServerImpl (RaftServerImpl.java:setRole(184)) - 3909bd6a-278d-4911-9d70-32680c972d02@group-62509A8A5C15: changes role from  FOLLOWER to FOLLOWER at term 483 for recognizeCandidate:d2424f4d-20d2-4104-abcc-02e6288f3ffc
2019-10-17 21:16:31,612 [grpc-default-executor-4] INFO  impl.RoleInfo (RoleInfo.java:shutdownFollowerState(121)) - 3909bd6a-278d-4911-9d70-32680c972d02: shutdown FollowerState
2019-10-17 21:16:31,613 [grpc-default-executor-4] INFO  impl.RoleInfo (RoleInfo.java:updateAndGet(143)) - 3909bd6a-278d-4911-9d70-32680c972d02: start FollowerState
2019-10-17 21:16:31,613 [grpc-default-executor-2] INFO  impl.RaftServerImpl (RaftServerImpl.java:setRole(184)) - 7c510082-4284-44ef-8cd9-bb38fb15579f@group-62509A8A5C15: changes role from  FOLLOWER to FOLLOWER at term 483 for recognizeCandidate:d2424f4d-20d2-4104-abcc-02e6288f3ffc
2019-10-17 21:16:31,613 [Thread-3167] INFO  impl.FollowerState (FollowerState.java:run(117)) - 3909bd6a-278d-4911-9d70-32680c972d02@group-62509A8A5C15-FollowerState was interrupted: java.lang.InterruptedException: sleep interrupted
2019-10-17 21:16:31,613 [grpc-default-executor-2] INFO  impl.RoleInfo (RoleInfo.java:shutdownFollowerState(121)) - 7c510082-4284-44ef-8cd9-bb38fb15579f: shutdown FollowerState
2019-10-17 21:16:31,613 [grpc-default-executor-2] INFO  impl.RoleInfo (RoleInfo.java:updateAndGet(143)) - 7c510082-4284-44ef-8cd9-bb38fb15579f: start FollowerState
2019-10-17 21:16:31,613 [Thread-3168] INFO  impl.FollowerState (FollowerState.java:run(117)) - 7c510082-4284-44ef-8cd9-bb38fb15579f@group-62509A8A5C15-FollowerState was interrupted: java.lang.InterruptedException: sleep interrupted
2019-10-17 21:16:31,639 [d2424f4d-20d2-4104-abcc-02e6288f3ffc@group-62509A8A5C15-LeaderElection436] INFO  impl.LeaderElection (LeaderElection.java:logAndReturn(56)) - d2424f4d-20d2-4104-abcc-02e6288f3ffc@group-62509A8A5C15-LeaderElection436: Election REJECTED; received 2 response(s) [d2424f4d-20d2-4104-abcc-02e6288f3ffc<-3909bd6a-278d-4911-9d70-32680c972d02#0:FAIL-t483, d2424f4d-20d2-4104-abcc-02e6288f3ffc<-7c510082-4284-44ef-8cd9-bb38fb15579f#0:FAIL-t483] and 0 exception(s); d2424f4d-20d2-4104-abcc-02e6288f3ffc@group-62509A8A5C15:t483, leader=null, voted=d2424f4d-20d2-4104-abcc-02e6288f3ffc, raftlog=d2424f4d-20d2-4104-abcc-02e6288f3ffc@group-62509A8A5C15-SegmentedRaftLog:OPENED:c-1,f-1,i0, conf=-1: [3909bd6a-278d-4911-9d70-32680c972d02:192.168.157.223:33343, d2424f4d-20d2-4104-abcc-02e6288f3ffc:192.168.157.223:39352, 7c510082-4284-44ef-8cd9-bb38fb15579f:192.168.157.223:33098], old=null
2019-10-17 21:16:31,639 [d2424f4d-20d2-4104-abcc-02e6288f3ffc@group-62509A8A5C15-LeaderElection436] INFO  impl.RaftServerImpl (RaftServerImpl.java:setRole(184)) - d2424f4d-20d2-4104-abcc-02e6288f3ffc@group-62509A8A5C15: changes role from CANDIDATE to FOLLOWER at term 483 for DISCOVERED_A_NEW_TERM
2019-10-17 21:16:31,639 [d2424f4d-20d2-4104-abcc-02e6288f3ffc@group-62509A8A5C15-LeaderElection436] INFO  impl.RoleInfo (RoleInfo.java:shutdownLeaderElection(134)) - d2424f4d-20d2-4104-abcc-02e6288f3ffc: shutdown LeaderElection
2019-10-17 21:16:31,640 [d2424f4d-20d2-4104-abcc-02e6288f3ffc@group-62509A8A5C15-LeaderElection436] INFO  impl.RoleInfo (RoleInfo.java:updateAndGet(143)) - d2424f4d-20d2-4104-abcc-02e6288f3ffc: start FollowerState
2019-10-17 21:16:31,808 [Thread-3175] INFO  impl.FollowerState (FollowerState.java:run(108)) - d2424f4d-20d2-4104-abcc-02e6288f3ffc@group-62509A8A5C15-FollowerState: change to CANDIDATE, lastRpcTime:168ms, electionTimeout:168ms
2019-10-17 21:16:31,808 [Thread-3175] INFO  impl.RoleInfo (RoleInfo.java:shutdownFollowerState(121)) - d2424f4d-20d2-4104-abcc-02e6288f3ffc: shutdown FollowerState
2019-10-17 21:16:31,808 [Thread-3175] INFO  impl.RaftServerImpl (RaftServerImpl.java:setRole(184)) - d2424f4d-20d2-4104-abcc-02e6288f3ffc@group-62509A8A5C15: changes role from  FOLLOWER to CANDIDATE at term 483 for changeToCandidate
2019-10-17 21:16:31,808 [Thread-3175] INFO  impl.RoleInfo (RoleInfo.java:updateAndGet(143)) - d2424f4d-20d2-4104-abcc-02e6288f3ffc: start LeaderElection
2019-10-17 21:16:31,822 [d2424f4d-20d2-4104-abcc-02e6288f3ffc@group-62509A8A5C15-LeaderElection437] INFO  impl.LeaderElection (LeaderElection.java:askForVotes(178)) - d2424f4d-20d2-4104-abcc-02e6288f3ffc@group-62509A8A5C15-LeaderElection437: begin an election at term 484 for -1: [3909bd6a-278d-4911-9d70-32680c972d02:192.168.157.223:33343, d2424f4d-20d2-4104-abcc-02e6288f3ffc:192.168.157.223:39352, 7c510082-4284-44ef-8cd9-bb38fb15579f:192.168.157.223:33098], old=null
2019-10-17 21:16:31,823 [grpc-default-executor-2] INFO  impl.RaftServerImpl (RaftServerImpl.java:setRole(184)) - 3909bd6a-278d-4911-9d70-32680c972d02@group-62509A8A5C15: changes role from  FOLLOWER to FOLLOWER at term 484 for recognizeCandidate:d2424f4d-20d2-4104-abcc-02e6288f3ffc
2019-10-17 21:16:31,823 [grpc-default-executor-2] INFO  impl.RoleInfo (RoleInfo.java:shutdownFollowerState(121)) - 3909bd6a-278d-4911-9d70-32680c972d02: shutdown FollowerState
2019-10-17 21:16:31,824 [grpc-default-executor-2] INFO  impl.RoleInfo (RoleInfo.java:updateAndGet(143)) - 3909bd6a-278d-4911-9d70-32680c972d02: start FollowerState
2019-10-17 21:16:31,824 [Thread-3173] INFO  impl.FollowerState (FollowerState.java:run(117)) - 3909bd6a-278d-4911-9d70-32680c972d02@group-62509A8A5C15-FollowerState was interrupted: java.lang.InterruptedException: sleep interrupted
2019-10-17 21:16:31,824 [grpc-default-executor-4] INFO  impl.RaftServerImpl (RaftServerImpl.java:setRole(184)) - 7c510082-4284-44ef-8cd9-bb38fb15579f@group-62509A8A5C15: changes role from  FOLLOWER to FOLLOWER at term 484 for recognizeCandidate:d2424f4d-20d2-4104-abcc-02e6288f3ffc
2019-10-17 21:16:31,824 [grpc-default-executor-4] INFO  impl.RoleInfo (RoleInfo.java:shutdownFollowerState(121)) - 7c510082-4284-44ef-8cd9-bb38fb15579f: shutdown FollowerState
2019-10-17 21:16:31,824 [grpc-default-executor-4] INFO  impl.RoleInfo (RoleInfo.java:updateAndGet(143)) - 7c510082-4284-44ef-8cd9-bb38fb15579f: start FollowerState
2019-10-17 21:16:31,824 [Thread-3174] INFO  impl.FollowerState (FollowerState.java:run(117)) - 7c510082-4284-44ef-8cd9-bb38fb15579f@group-62509A8A5C15-FollowerState was interrupted: java.lang.InterruptedException: sleep interrupted
2019-10-17 21:16:31,850 [d2424f4d-20d2-4104-abcc-02e6288f3ffc@group-62509A8A5C15-LeaderElection437] INFO  impl.LeaderElection (LeaderElection.java:logAndReturn(56)) - d2424f4d-20d2-4104-abcc-02e6288f3ffc@group-62509A8A5C15-LeaderElection437: Election REJECTED; received 2 response(s) [d2424f4d-20d2-4104-abcc-02e6288f3ffc<-3909bd6a-278d-4911-9d70-32680c972d02#0:FAIL-t484, d2424f4d-20d2-4104-abcc-02e6288f3ffc<-7c510082-4284-44ef-8cd9-bb38fb15579f#0:FAIL-t484] and 0 exception(s); d2424f4d-20d2-4104-abcc-02e6288f3ffc@group-62509A8A5C15:t484, leader=null, voted=d2424f4d-20d2-4104-abcc-02e6288f3ffc, raftlog=d2424f4d-20d2-4104-abcc-02e6288f3ffc@group-62509A8A5C15-SegmentedRaftLog:OPENED:c-1,f-1,i0, conf=-1: [3909bd6a-278d-4911-9d70-32680c972d02:192.168.157.223:33343, d2424f4d-20d2-4104-abcc-02e6288f3ffc:192.168.157.223:39352, 7c510082-4284-44ef-8cd9-bb38fb15579f:192.168.157.223:33098], old=null
2019-10-17 21:16:31,850 [d2424f4d-20d2-4104-abcc-02e6288f3ffc@group-62509A8A5C15-LeaderElection437] INFO  impl.RaftServerImpl (RaftServerImpl.java:setRole(184)) - d2424f4d-20d2-4104-abcc-02e6288f3ffc@group-62509A8A5C15: changes role from CANDIDATE to FOLLOWER at term 484 for DISCOVERED_A_NEW_TERM
2019-10-17 21:16:31,850 [d2424f4d-20d2-4104-abcc-02e6288f3ffc@group-62509A8A5C15-LeaderElection437] INFO  impl.RoleInfo (RoleInfo.java:shutdownLeaderElection(134)) - d2424f4d-20d2-4104-abcc-02e6288f3ffc: shutdown LeaderElection
2019-10-17 21:16:31,850 [d2424f4d-20d2-4104-abcc-02e6288f3ffc@group-62509A8A5C15-LeaderElection437] INFO  impl.RoleInfo (RoleInfo.java:updateAndGet(143)) - d2424f4d-20d2-4104-abcc-02e6288f3ffc: start FollowerState
2019-10-17 21:16:31,973 [Thread-3181] INFO  impl.FollowerState (FollowerState.java:run(108)) - d2424f4d-20d2-4104-abcc-02e6288f3ffc@group-62509A8A5C15-FollowerState: change to CANDIDATE, lastRpcTime:122ms, electionTimeout:122ms
2019-10-17 21:16:31,973 [Thread-3181] INFO  impl.RoleInfo (RoleInfo.java:shutdownFollowerState(121)) - d2424f4d-20d2-4104-abcc-02e6288f3ffc: shutdown FollowerState
2019-10-17 21:16:31,973 [Thread-3181] INFO  impl.RaftServerImpl (RaftServerImpl.java:setRole(184)) - d2424f4d-20d2-4104-abcc-02e6288f3ffc@group-62509A8A5C15: changes role from  FOLLOWER to CANDIDATE at term 484 for changeToCandidate
2019-10-17 21:16:31,973 [Thread-3181] INFO  impl.RoleInfo (RoleInfo.java:updateAndGet(143)) - d2424f4d-20d2-4104-abcc-02e6288f3ffc: start LeaderElection
2019-10-17 21:16:31,987 [d2424f4d-20d2-4104-abcc-02e6288f3ffc@group-62509A8A5C15-LeaderElection438] INFO  impl.LeaderElection (LeaderElection.java:askForVotes(178)) - d2424f4d-20d2-4104-abcc-02e6288f3ffc@group-62509A8A5C15-LeaderElection438: begin an election at term 485 for -1: [3909bd6a-278d-4911-9d70-32680c972d02:192.168.157.223:33343, d2424f4d-20d2-4104-abcc-02e6288f3ffc:192.168.157.223:39352, 7c510082-4284-44ef-8cd9-bb38fb15579f:192.168.157.223:33098], old=null
2019-10-17 21:16:31,988 [grpc-default-executor-4] INFO  impl.RaftServerImpl (RaftServerImpl.java:setRole(184)) - 3909bd6a-278d-4911-9d70-32680c972d02@group-62509A8A5C15: changes role from  FOLLOWER to FOLLOWER at term 485 for recognizeCandidate:d2424f4d-20d2-4104-abcc-02e6288f3ffc
2019-10-17 21:16:31,988 [grpc-default-executor-4] INFO  impl.RoleInfo (RoleInfo.java:shutdownFollowerState(121)) - 3909bd6a-278d-4911-9d70-32680c972d02: shutdown FollowerState
2019-10-17 21:16:31,988 [grpc-default-executor-4] INFO  impl.RoleInfo (RoleInfo.java:updateAndGet(143)) - 3909bd6a-278d-4911-9d70-32680c972d02: start FollowerState
2019-10-17 21:16:31,988 [grpc-default-executor-2] INFO  impl.RaftServerImpl (RaftServerImpl.java:setRole(184)) - 7c510082-4284-44ef-8cd9-bb38fb15579f@group-62509A8A5C15: changes role from  FOLLOWER to FOLLOWER at term 485 for recognizeCandidate:d2424f4d-20d2-4104-abcc-02e6288f3ffc
2019-10-17 21:16:31,989 [grpc-default-executor-2] INFO  impl.RoleInfo (RoleInfo.java:shutdownFollowerState(121)) - 7c510082-4284-44ef-8cd9-bb38fb15579f: shutdown FollowerState
2019-10-17 21:16:31,988 [Thread-3179] INFO  impl.FollowerState (FollowerState.java:run(117)) - 3909bd6a-278d-4911-9d70-32680c972d02@group-62509A8A5C15-FollowerState was interrupted: java.lang.InterruptedException: sleep interrupted
2019-10-17 21:16:31,989 [Thread-3180] INFO  impl.FollowerState (FollowerState.java:run(117)) - 7c510082-4284-44ef-8cd9-bb38fb15579f@group-62509A8A5C15-FollowerState was interrupted: java.lang.InterruptedException: sleep interrupted
2019-10-17 21:16:31,989 [grpc-default-executor-2] INFO  impl.RoleInfo (RoleInfo.java:updateAndGet(143)) - 7c510082-4284-44ef-8cd9-bb38fb15579f: start FollowerState
2019-10-17 21:16:32,005 [d2424f4d-20d2-4104-abcc-02e6288f3ffc@group-62509A8A5C15-LeaderElection438] INFO  impl.LeaderElection (LeaderElection.java:logAndReturn(56)) - d2424f4d-20d2-4104-abcc-02e6288f3ffc@group-62509A8A5C15-LeaderElection438: Election REJECTED; received 2 response(s) [d2424f4d-20d2-4104-abcc-02e6288f3ffc<-3909bd6a-278d-4911-9d70-32680c972d02#0:FAIL-t485, d2424f4d-20d2-4104-abcc-02e6288f3ffc<-7c510082-4284-44ef-8cd9-bb38fb15579f#0:FAIL-t485] and 0 exception(s); d2424f4d-20d2-4104-abcc-02e6288f3ffc@group-62509A8A5C15:t485, leader=null, voted=d2424f4d-20d2-4104-abcc-02e6288f3ffc, raftlog=d2424f4d-20d2-4104-abcc-02e6288f3ffc@group-62509A8A5C15-SegmentedRaftLog:OPENED:c-1,f-1,i0, conf=-1: [3909bd6a-278d-4911-9d70-32680c972d02:192.168.157.223:33343, d2424f4d-20d2-4104-abcc-02e6288f3ffc:192.168.157.223:39352, 7c510082-4284-44ef-8cd9-bb38fb15579f:192.168.157.223:33098], old=null
2019-10-17 21:16:32,006 [d2424f4d-20d2-4104-abcc-02e6288f3ffc@group-62509A8A5C15-LeaderElection438] INFO  impl.RaftServerImpl (RaftServerImpl.java:setRole(184)) - d2424f4d-20d2-4104-abcc-02e6288f3ffc@group-62509A8A5C15: changes role from CANDIDATE to FOLLOWER at term 485 for DISCOVERED_A_NEW_TERM
2019-10-17 21:16:32,006 [d2424f4d-20d2-4104-abcc-02e6288f3ffc@group-62509A8A5C15-LeaderElection438] INFO  impl.RoleInfo (RoleInfo.java:shutdownLeaderElection(134)) - d2424f4d-20d2-4104-abcc-02e6288f3ffc: shutdown LeaderElection
2019-10-17 21:16:32,006 [d2424f4d-20d2-4104-abcc-02e6288f3ffc@group-62509A8A5C15-LeaderElection438] INFO  impl.RoleInfo (RoleInfo.java:updateAndGet(143)) - d2424f4d-20d2-4104-abcc-02e6288f3ffc: start FollowerState
2019-10-17 21:16:32,133 [Thread-3187] INFO  impl.FollowerState (FollowerState.java:run(108)) - d2424f4d-20d2-4104-abcc-02e6288f3ffc@group-62509A8A5C15-FollowerState: change to CANDIDATE, lastRpcTime:127ms, electionTimeout:127ms
2019-10-17 21:16:32,134 [Thread-3187] INFO  impl.RoleInfo (RoleInfo.java:shutdownFollowerState(121)) - d2424f4d-20d2-4104-abcc-02e6288f3ffc: shutdown FollowerState
2019-10-17 21:16:32,134 [Thread-3187] INFO  impl.RaftServerImpl (RaftServerImpl.java:setRole(184)) - d2424f4d-20d2-4104-abcc-02e6288f3ffc@group-62509A8A5C15: changes role from  FOLLOWER to CANDIDATE at term 485 for changeToCandidate
2019-10-17 21:16:32,134 [Thread-3187] INFO  impl.RoleInfo (RoleInfo.java:updateAndGet(143)) - d2424f4d-20d2-4104-abcc-02e6288f3ffc: start LeaderElection
2019-10-17 21:16:32,147 [d2424f4d-20d2-4104-abcc-02e6288f3ffc@group-62509A8A5C15-LeaderElection439] INFO  impl.LeaderElection (LeaderElection.java:askForVotes(178)) - d2424f4d-20d2-4104-abcc-02e6288f3ffc@group-62509A8A5C15-LeaderElection439: begin an election at term 486 for -1: [3909bd6a-278d-4911-9d70-32680c972d02:192.168.157.223:33343, d2424f4d-20d2-4104-abcc-02e6288f3ffc:192.168.157.223:39352, 7c510082-4284-44ef-8cd9-bb38fb15579f:192.168.157.223:33098], old=null
2019-10-17 21:16:32,149 [grpc-default-executor-2] INFO  impl.RaftServerImpl (RaftServerImpl.java:setRole(184)) - 3909bd6a-278d-4911-9d70-32680c972d02@group-62509A8A5C15: changes role from  FOLLOWER to FOLLOWER at term 486 for recognizeCandidate:d2424f4d-20d2-4104-abcc-02e6288f3ffc
2019-10-17 21:16:32,149 [grpc-default-executor-2] INFO  impl.RoleInfo (RoleInfo.java:shutdownFollowerState(121)) - 3909bd6a-278d-4911-9d70-32680c972d02: shutdown FollowerState
2019-10-17 21:16:32,149 [grpc-default-executor-4] INFO  impl.RaftServerImpl (RaftServerImpl.java:setRole(184)) - 7c510082-4284-44ef-8cd9-bb38fb15579f@group-62509A8A5C15: changes role from  FOLLOWER to FOLLOWER at term 486 for recognizeCandidate:d2424f4d-20d2-4104-abcc-02e6288f3ffc
2019-10-17 21:16:32,149 [Thread-3185] INFO  impl.FollowerState (FollowerState.java:run(117)) - 3909bd6a-278d-4911-9d70-32680c972d02@group-62509A8A5C15-FollowerState was interrupted: java.lang.InterruptedException: sleep interrupted
2019-10-17 21:16:32,149 [grpc-default-executor-2] INFO  impl.RoleInfo (RoleInfo.java:updateAndGet(143)) - 3909bd6a-278d-4911-9d70-32680c972d02: start FollowerState
2019-10-17 21:16:32,149 [grpc-default-executor-4] INFO  impl.RoleInfo (RoleInfo.java:shutdownFollowerState(121)) - 7c510082-4284-44ef-8cd9-bb38fb15579f: shutdown FollowerState
2019-10-17 21:16:32,150 [grpc-default-executor-4] INFO  impl.RoleInfo (RoleInfo.java:updateAndGet(143)) - 7c510082-4284-44ef-8cd9-bb38fb15579f: start FollowerState
2019-10-17 21:16:32,150 [Thread-3186] INFO  impl.FollowerState (FollowerState.java:run(117)) - 7c510082-4284-44ef-8cd9-bb38fb15579f@group-62509A8A5C15-FollowerState was interrupted: java.lang.InterruptedException: sleep interrupted
2019-10-17 21:16:32,176 [d2424f4d-20d2-4104-abcc-02e6288f3ffc@group-62509A8A5C15-LeaderElection439] INFO  impl.LeaderElection (LeaderElection.java:logAndReturn(56)) - d2424f4d-20d2-4104-abcc-02e6288f3ffc@group-62509A8A5C15-LeaderElection439: Election REJECTED; received 2 response(s) [d2424f4d-20d2-4104-abcc-02e6288f3ffc<-3909bd6a-278d-4911-9d70-32680c972d02#0:FAIL-t486, d2424f4d-20d2-4104-abcc-02e6288f3ffc<-7c510082-4284-44ef-8cd9-bb38fb15579f#0:FAIL-t486] and 0 exception(s); d2424f4d-20d2-4104-abcc-02e6288f3ffc@group-62509A8A5C15:t486, leader=null, voted=d2424f4d-20d2-4104-abcc-02e6288f3ffc, raftlog=d2424f4d-20d2-4104-abcc-02e6288f3ffc@group-62509A8A5C15-SegmentedRaftLog:OPENED:c-1,f-1,i0, conf=-1: [3909bd6a-278d-4911-9d70-32680c972d02:192.168.157.223:33343, d2424f4d-20d2-4104-abcc-02e6288f3ffc:192.168.157.223:39352, 7c510082-4284-44ef-8cd9-bb38fb15579f:192.168.157.223:33098], old=null
2019-10-17 21:16:32,176 [d2424f4d-20d2-4104-abcc-02e6288f3ffc@group-62509A8A5C15-LeaderElection439] INFO  impl.RaftServerImpl (RaftServerImpl.java:setRole(184)) - d2424f4d-20d2-4104-abcc-02e6288f3ffc@group-62509A8A5C15: changes role from CANDIDATE to FOLLOWER at term 486 for DISCOVERED_A_NEW_TERM
2019-10-17 21:16:32,176 [d2424f4d-20d2-4104-abcc-02e6288f3ffc@group-62509A8A5C15-LeaderElection439] INFO  impl.RoleInfo (RoleInfo.java:shutdownLeaderElection(134)) - d2424f4d-20d2-4104-abcc-02e6288f3ffc: shutdown LeaderElection
2019-10-17 21:16:32,176 [d2424f4d-20d2-4104-abcc-02e6288f3ffc@group-62509A8A5C15-LeaderElection439] INFO  impl.RoleInfo (RoleInfo.java:updateAndGet(143)) - d2424f4d-20d2-4104-abcc-02e6288f3ffc: start FollowerState
2019-10-17 21:16:32,197 [Thread-3193] INFO  impl.FollowerState (FollowerState.java:run(108)) - d2424f4d-20d2-4104-abcc-02e6288f3ffc@group-62509A8A5C15-FollowerState: change to CANDIDATE, lastRpcTime:20ms, electionTimeout:20ms
2019-10-17 21:16:32,197 [Thread-3193] INFO  impl.RoleInfo (RoleInfo.java:shutdownFollowerState(121)) - d2424f4d-20d2-4104-abcc-02e6288f3ffc: shutdown FollowerState
2019-10-17 21:16:32,197 [Thread-3193] INFO  impl.RaftServerImpl (RaftServerImpl.java:setRole(184)) - d2424f4d-20d2-4104-abcc-02e6288f3ffc@group-62509A8A5C15: changes role from  FOLLOWER to CANDIDATE at term 486 for changeToCandidate
2019-10-17 21:16:32,197 [Thread-3193] INFO  impl.RoleInfo (RoleInfo.java:updateAndGet(143)) - d2424f4d-20d2-4104-abcc-02e6288f3ffc: start LeaderElection
2019-10-17 21:16:32,210 [d2424f4d-20d2-4104-abcc-02e6288f3ffc@group-62509A8A5C15-LeaderElection440] INFO  impl.LeaderElection (LeaderElection.java:askForVotes(178)) - d2424f4d-20d2-4104-abcc-02e6288f3ffc@group-62509A8A5C15-LeaderElection440: begin an election at term 487 for -1: [3909bd6a-278d-4911-9d70-32680c972d02:192.168.157.223:33343, d2424f4d-20d2-4104-abcc-02e6288f3ffc:192.168.157.223:39352, 7c510082-4284-44ef-8cd9-bb38fb15579f:192.168.157.223:33098], old=null
2019-10-17 21:16:32,212 [grpc-default-executor-4] INFO  impl.RaftServerImpl (RaftServerImpl.java:setRole(184)) - 3909bd6a-278d-4911-9d70-32680c972d02@group-62509A8A5C15: changes role from  FOLLOWER to FOLLOWER at term 487 for recognizeCandidate:d2424f4d-20d2-4104-abcc-02e6288f3ffc
2019-10-17 21:16:32,212 [grpc-default-executor-4] INFO  impl.RoleInfo (RoleInfo.java:shutdownFollowerState(121)) - 3909bd6a-278d-4911-9d70-32680c972d02: shutdown FollowerState
2019-10-17 21:16:32,212 [grpc-default-executor-4] INFO  impl.RoleInfo (RoleInfo.java:updateAndGet(143)) - 3909bd6a-278d-4911-9d70-32680c972d02: start FollowerState
2019-10-17 21:16:32,212 [grpc-default-executor-2] INFO  impl.RaftServerImpl (RaftServerImpl.java:setRole(184)) - 7c510082-4284-44ef-8cd9-bb38fb15579f@group-62509A8A5C15: changes role from  FOLLOWER to FOLLOWER at term 487 for recognizeCandidate:d2424f4d-20d2-4104-abcc-02e6288f3ffc
2019-10-17 21:16:32,212 [grpc-default-executor-2] INFO  impl.RoleInfo (RoleInfo.java:shutdownFollowerState(121)) - 7c510082-4284-44ef-8cd9-bb38fb15579f: shutdown FollowerState
2019-10-17 21:16:32,212 [Thread-3191] INFO  impl.FollowerState (FollowerState.java:run(117)) - 3909bd6a-278d-4911-9d70-32680c972d02@group-62509A8A5C15-FollowerState was interrupted: java.lang.InterruptedException: sleep interrupted
2019-10-17 21:16:32,212 [Thread-3192] INFO  impl.FollowerState (FollowerState.java:run(117)) - 7c510082-4284-44ef-8cd9-bb38fb15579f@group-62509A8A5C15-FollowerState was interrupted: java.lang.InterruptedException: sleep interrupted
2019-10-17 21:16:32,212 [grpc-default-executor-2] INFO  impl.RoleInfo (RoleInfo.java:updateAndGet(143)) - 7c510082-4284-44ef-8cd9-bb38fb15579f: start FollowerState
2019-10-17 21:16:32,238 [d2424f4d-20d2-4104-abcc-02e6288f3ffc@group-62509A8A5C15-LeaderElection440] INFO  impl.LeaderElection (LeaderElection.java:logAndReturn(56)) - d2424f4d-20d2-4104-abcc-02e6288f3ffc@group-62509A8A5C15-LeaderElection440: Election REJECTED; received 2 response(s) [d2424f4d-20d2-4104-abcc-02e6288f3ffc<-3909bd6a-278d-4911-9d70-32680c972d02#0:FAIL-t487, d2424f4d-20d2-4104-abcc-02e6288f3ffc<-7c510082-4284-44ef-8cd9-bb38fb15579f#0:FAIL-t487] and 0 exception(s); d2424f4d-20d2-4104-abcc-02e6288f3ffc@group-62509A8A5C15:t487, leader=null, voted=d2424f4d-20d2-4104-abcc-02e6288f3ffc, raftlog=d2424f4d-20d2-4104-abcc-02e6288f3ffc@group-62509A8A5C15-SegmentedRaftLog:OPENED:c-1,f-1,i0, conf=-1: [3909bd6a-278d-4911-9d70-32680c972d02:192.168.157.223:33343, d2424f4d-20d2-4104-abcc-02e6288f3ffc:192.168.157.223:39352, 7c510082-4284-44ef-8cd9-bb38fb15579f:192.168.157.223:33098], old=null
2019-10-17 21:16:32,238 [d2424f4d-20d2-4104-abcc-02e6288f3ffc@group-62509A8A5C15-LeaderElection440] INFO  impl.RaftServerImpl (RaftServerImpl.java:setRole(184)) - d2424f4d-20d2-4104-abcc-02e6288f3ffc@group-62509A8A5C15: changes role from CANDIDATE to FOLLOWER at term 487 for DISCOVERED_A_NEW_TERM
2019-10-17 21:16:32,238 [d2424f4d-20d2-4104-abcc-02e6288f3ffc@group-62509A8A5C15-LeaderElection440] INFO  impl.RoleInfo (RoleInfo.java:shutdownLeaderElection(134)) - d2424f4d-20d2-4104-abcc-02e6288f3ffc: shutdown LeaderElection
2019-10-17 21:16:32,238 [d2424f4d-20d2-4104-abcc-02e6288f3ffc@group-62509A8A5C15-LeaderElection440] INFO  impl.RoleInfo (RoleInfo.java:updateAndGet(143)) - d2424f4d-20d2-4104-abcc-02e6288f3ffc: start FollowerState
2019-10-17 21:16:32,409 [Thread-3199] INFO  impl.FollowerState (FollowerState.java:run(108)) - d2424f4d-20d2-4104-abcc-02e6288f3ffc@group-62509A8A5C15-FollowerState: change to CANDIDATE, lastRpcTime:170ms, electionTimeout:170ms
2019-10-17 21:16:32,409 [Thread-3199] INFO  impl.RoleInfo (RoleInfo.java:shutdownFollowerState(121)) - d2424f4d-20d2-4104-abcc-02e6288f3ffc: shutdown FollowerState
2019-10-17 21:16:32,409 [Thread-3199] INFO  impl.RaftServerImpl (RaftServerImpl.java:setRole(184)) - d2424f4d-20d2-4104-abcc-02e6288f3ffc@group-62509A8A5C15: changes role from  FOLLOWER to CANDIDATE at term 487 for changeToCandidate
2019-10-17 21:16:32,409 [Thread-3199] INFO  impl.RoleInfo (RoleInfo.java:updateAndGet(143)) - d2424f4d-20d2-4104-abcc-02e6288f3ffc: start LeaderElection
2019-10-17 21:16:32,435 [d2424f4d-20d2-4104-abcc-02e6288f3ffc@group-62509A8A5C15-LeaderElection441] INFO  impl.LeaderElection (LeaderElection.java:askForVotes(178)) - d2424f4d-20d2-4104-abcc-02e6288f3ffc@group-62509A8A5C15-LeaderElection441: begin an election at term 488 for -1: [3909bd6a-278d-4911-9d70-32680c972d02:192.168.157.223:33343, d2424f4d-20d2-4104-abcc-02e6288f3ffc:192.168.157.223:39352, 7c510082-4284-44ef-8cd9-bb38fb15579f:192.168.157.223:33098], old=null
2019-10-17 21:16:32,436 [grpc-default-executor-2] INFO  impl.RaftServerImpl (RaftServerImpl.java:setRole(184)) - 3909bd6a-278d-4911-9d70-32680c972d02@group-62509A8A5C15: changes role from  FOLLOWER to FOLLOWER at term 488 for recognizeCandidate:d2424f4d-20d2-4104-abcc-02e6288f3ffc
2019-10-17 21:16:32,436 [grpc-default-executor-2] INFO  impl.RoleInfo (RoleInfo.java:shutdownFollowerState(121)) - 3909bd6a-278d-4911-9d70-32680c972d02: shutdown FollowerState
2019-10-17 21:16:32,437 [grpc-default-executor-2] INFO  impl.RoleInfo (RoleInfo.java:updateAndGet(143)) - 3909bd6a-278d-4911-9d70-32680c972d02: start FollowerState
2019-10-17 21:16:32,437 [Thread-3197] INFO  impl.FollowerState (FollowerState.java:run(117)) - 3909bd6a-278d-4911-9d70-32680c972d02@group-62509A8A5C15-FollowerState was interrupted: java.lang.InterruptedException: sleep interrupted
2019-10-17 21:16:32,437 [grpc-default-executor-4] INFO  impl.RaftServerImpl (RaftServerImpl.java:setRole(184)) - 7c510082-4284-44ef-8cd9-bb38fb15579f@group-62509A8A5C15: changes role from  FOLLOWER to FOLLOWER at term 488 for recognizeCandidate:d2424f4d-20d2-4104-abcc-02e6288f3ffc
2019-10-17 21:16:32,437 [grpc-default-executor-4] INFO  impl.RoleInfo (RoleInfo.java:shutdownFollowerState(121)) - 7c510082-4284-44ef-8cd9-bb38fb15579f: shutdown FollowerState
2019-10-17 21:16:32,437 [grpc-default-executor-4] INFO  impl.RoleInfo (RoleInfo.java:updateAndGet(143)) - 7c510082-4284-44ef-8cd9-bb38fb15579f: start FollowerState
2019-10-17 21:16:32,437 [Thread-3198] INFO  impl.FollowerState (FollowerState.java:run(117)) - 7c510082-4284-44ef-8cd9-bb38fb15579f@group-62509A8A5C15-FollowerState was interrupted: java.lang.InterruptedException: sleep interrupted
2019-10-17 21:16:32,453 [d2424f4d-20d2-4104-abcc-02e6288f3ffc@group-62509A8A5C15-LeaderElection441] INFO  impl.LeaderElection (LeaderElection.java:logAndReturn(56)) - d2424f4d-20d2-4104-abcc-02e6288f3ffc@group-62509A8A5C15-LeaderElection441: Election REJECTED; received 2 response(s) [d2424f4d-20d2-4104-abcc-02e6288f3ffc<-3909bd6a-278d-4911-9d70-32680c972d02#0:FAIL-t488, d2424f4d-20d2-4104-abcc-02e6288f3ffc<-7c510082-4284-44ef-8cd9-bb38fb15579f#0:FAIL-t488] and 0 exception(s); d2424f4d-20d2-4104-abcc-02e6288f3ffc@group-62509A8A5C15:t488, leader=null, voted=d2424f4d-20d2-4104-abcc-02e6288f3ffc, raftlog=d2424f4d-20d2-4104-abcc-02e6288f3ffc@group-62509A8A5C15-SegmentedRaftLog:OPENED:c-1,f-1,i0, conf=-1: [3909bd6a-278d-4911-9d70-32680c972d02:192.168.157.223:33343, d2424f4d-20d2-4104-abcc-02e6288f3ffc:192.168.157.223:39352, 7c510082-4284-44ef-8cd9-bb38fb15579f:192.168.157.223:33098], old=null
2019-10-17 21:16:32,453 [d2424f4d-20d2-4104-abcc-02e6288f3ffc@group-62509A8A5C15-LeaderElection441] INFO  impl.RaftServerImpl (RaftServerImpl.java:setRole(184)) - d2424f4d-20d2-4104-abcc-02e6288f3ffc@group-62509A8A5C15: changes role from CANDIDATE to FOLLOWER at term 488 for DISCOVERED_A_NEW_TERM
2019-10-17 21:16:32,453 [d2424f4d-20d2-4104-abcc-02e6288f3ffc@group-62509A8A5C15-LeaderElection441] INFO  impl.RoleInfo (RoleInfo.java:shutdownLeaderElection(134)) - d2424f4d-20d2-4104-abcc-02e6288f3ffc: shutdown LeaderElection
2019-10-17 21:16:32,453 [d2424f4d-20d2-4104-abcc-02e6288f3ffc@group-62509A8A5C15-LeaderElection441] INFO  impl.RoleInfo (RoleInfo.java:updateAndGet(143)) - d2424f4d-20d2-4104-abcc-02e6288f3ffc: start FollowerState
2019-10-17 21:16:32,508 [Thread-3207] INFO  impl.FollowerState (FollowerState.java:run(108)) - d2424f4d-20d2-4104-abcc-02e6288f3ffc@group-62509A8A5C15-FollowerState: change to CANDIDATE, lastRpcTime:54ms, electionTimeout:54ms
2019-10-17 21:16:32,508 [Thread-3207] INFO  impl.RoleInfo (RoleInfo.java:shutdownFollowerState(121)) - d2424f4d-20d2-4104-abcc-02e6288f3ffc: shutdown FollowerState
2019-10-17 21:16:32,508 [Thread-3207] INFO  impl.RaftServerImpl (RaftServerImpl.java:setRole(184)) - d2424f4d-20d2-4104-abcc-02e6288f3ffc@group-62509A8A5C15: changes role from  FOLLOWER to CANDIDATE at term 488 for changeToCandidate
2019-10-17 21:16:32,508 [Thread-3207] INFO  impl.RoleInfo (RoleInfo.java:updateAndGet(143)) - d2424f4d-20d2-4104-abcc-02e6288f3ffc: start LeaderElection
2019-10-17 21:16:32,543 [d2424f4d-20d2-4104-abcc-02e6288f3ffc@group-62509A8A5C15-LeaderElection442] INFO  impl.LeaderElection (LeaderElection.java:askForVotes(178)) - d2424f4d-20d2-4104-abcc-02e6288f3ffc@group-62509A8A5C15-LeaderElection442: begin an election at term 489 for -1: [3909bd6a-278d-4911-9d70-32680c972d02:192.168.157.223:33343, d2424f4d-20d2-4104-abcc-02e6288f3ffc:192.168.157.223:39352, 7c510082-4284-44ef-8cd9-bb38fb15579f:192.168.157.223:33098], old=null
2019-10-17 21:16:32,545 [grpc-default-executor-2] INFO  impl.RaftServerImpl (RaftServerImpl.java:setRole(184)) - 3909bd6a-278d-4911-9d70-32680c972d02@group-62509A8A5C15: changes role from  FOLLOWER to FOLLOWER at term 489 for recognizeCandidate:d2424f4d-20d2-4104-abcc-02e6288f3ffc
2019-10-17 21:16:32,545 [grpc-default-executor-2] INFO  impl.RoleInfo (RoleInfo.java:shutdownFollowerState(121)) - 3909bd6a-278d-4911-9d70-32680c972d02: shutdown FollowerState
2019-10-17 21:16:32,545 [grpc-default-executor-2] INFO  impl.RoleInfo (RoleInfo.java:updateAndGet(143)) - 3909bd6a-278d-4911-9d70-32680c972d02: start FollowerState
2019-10-17 21:16:32,545 [Thread-3205] INFO  impl.FollowerState (FollowerState.java:run(117)) - 3909bd6a-278d-4911-9d70-32680c972d02@group-62509A8A5C15-FollowerState was interrupted: java.lang.InterruptedException: sleep interrupted
2019-10-17 21:16:32,546 [grpc-default-executor-4] INFO  impl.RaftServerImpl (RaftServerImpl.java:setRole(184)) - 7c510082-4284-44ef-8cd9-bb38fb15579f@group-62509A8A5C15: changes role from  FOLLOWER to FOLLOWER at term 489 for recognizeCandidate:d2424f4d-20d2-4104-abcc-02e6288f3ffc
2019-10-17 21:16:32,546 [grpc-default-executor-4] INFO  impl.RoleInfo (RoleInfo.java:shutdownFollowerState(121)) - 7c510082-4284-44ef-8cd9-bb38fb15579f: shutdown FollowerState
2019-10-17 21:16:32,546 [grpc-default-executor-4] INFO  impl.RoleInfo (RoleInfo.java:updateAndGet(143)) - 7c510082-4284-44ef-8cd9-bb38fb15579f: start FollowerState
2019-10-17 21:16:32,546 [Thread-3206] INFO  impl.FollowerState (FollowerState.java:run(117)) - 7c510082-4284-44ef-8cd9-bb38fb15579f@group-62509A8A5C15-FollowerState was interrupted: java.lang.InterruptedException: sleep interrupted
2019-10-17 21:16:32,556 [d2424f4d-20d2-4104-abcc-02e6288f3ffc@group-62509A8A5C15-LeaderElection442] INFO  impl.LeaderElection (LeaderElection.java:logAndReturn(56)) - d2424f4d-20d2-4104-abcc-02e6288f3ffc@group-62509A8A5C15-LeaderElection442: Election REJECTED; received 2 response(s) [d2424f4d-20d2-4104-abcc-02e6288f3ffc<-3909bd6a-278d-4911-9d70-32680c972d02#0:FAIL-t489, d2424f4d-20d2-4104-abcc-02e6288f3ffc<-7c510082-4284-44ef-8cd9-bb38fb15579f#0:FAIL-t489] and 0 exception(s); d2424f4d-20d2-4104-abcc-02e6288f3ffc@group-62509A8A5C15:t489, leader=null, voted=d2424f4d-20d2-4104-abcc-02e6288f3ffc, raftlog=d2424f4d-20d2-4104-abcc-02e6288f3ffc@group-62509A8A5C15-SegmentedRaftLog:OPENED:c-1,f-1,i0, conf=-1: [3909bd6a-278d-4911-9d70-32680c972d02:192.168.157.223:33343, d2424f4d-20d2-4104-abcc-02e6288f3ffc:192.168.157.223:39352, 7c510082-4284-44ef-8cd9-bb38fb15579f:192.168.157.223:33098], old=null
2019-10-17 21:16:32,557 [d2424f4d-20d2-4104-abcc-02e6288f3ffc@group-62509A8A5C15-LeaderElection442] INFO  impl.RaftServerImpl (RaftServerImpl.java:setRole(184)) - d2424f4d-20d2-4104-abcc-02e6288f3ffc@group-62509A8A5C15: changes role from CANDIDATE to FOLLOWER at term 489 for DISCOVERED_A_NEW_TERM
2019-10-17 21:16:32,557 [d2424f4d-20d2-4104-abcc-02e6288f3ffc@group-62509A8A5C15-LeaderElection442] INFO  impl.RoleInfo (RoleInfo.java:shutdownLeaderElection(134)) - d2424f4d-20d2-4104-abcc-02e6288f3ffc: shutdown LeaderElection
2019-10-17 21:16:32,557 [d2424f4d-20d2-4104-abcc-02e6288f3ffc@group-62509A8A5C15-LeaderElection442] INFO  impl.RoleInfo (RoleInfo.java:updateAndGet(143)) - d2424f4d-20d2-4104-abcc-02e6288f3ffc: start FollowerState
2019-10-17 21:16:32,700 [Thread-3213] INFO  impl.FollowerState (FollowerState.java:run(108)) - d2424f4d-20d2-4104-abcc-02e6288f3ffc@group-62509A8A5C15-FollowerState: change to CANDIDATE, lastRpcTime:143ms, electionTimeout:143ms
2019-10-17 21:16:32,700 [Thread-3213] INFO  impl.RoleInfo (RoleInfo.java:shutdownFollowerState(121)) - d2424f4d-20d2-4104-abcc-02e6288f3ffc: shutdown FollowerState
2019-10-17 21:16:32,700 [Thread-3213] INFO  impl.RaftServerImpl (RaftServerImpl.java:setRole(184)) - d2424f4d-20d2-4104-abcc-02e6288f3ffc@group-62509A8A5C15: changes role from  FOLLOWER to CANDIDATE at term 489 for changeToCandidate
2019-10-17 21:16:32,701 [Thread-3213] INFO  impl.RoleInfo (RoleInfo.java:updateAndGet(143)) - d2424f4d-20d2-4104-abcc-02e6288f3ffc: start LeaderElection
2019-10-17 21:16:32,727 [d2424f4d-20d2-4104-abcc-02e6288f3ffc@group-62509A8A5C15-LeaderElection443] INFO  impl.LeaderElection (LeaderElection.java:askForVotes(178)) - d2424f4d-20d2-4104-abcc-02e6288f3ffc@group-62509A8A5C15-LeaderElection443: begin an election at term 490 for -1: [3909bd6a-278d-4911-9d70-32680c972d02:192.168.157.223:33343, d2424f4d-20d2-4104-abcc-02e6288f3ffc:192.168.157.223:39352, 7c510082-4284-44ef-8cd9-bb38fb15579f:192.168.157.223:33098], old=null
2019-10-17 21:16:32,728 [grpc-default-executor-2] INFO  impl.RaftServerImpl (RaftServerImpl.java:setRole(184)) - 3909bd6a-278d-4911-9d70-32680c972d02@group-62509A8A5C15: changes role from  FOLLOWER to FOLLOWER at term 490 for recognizeCandidate:d2424f4d-20d2-4104-abcc-02e6288f3ffc
2019-10-17 21:16:32,728 [grpc-default-executor-2] INFO  impl.RoleInfo (RoleInfo.java:shutdownFollowerState(121)) - 3909bd6a-278d-4911-9d70-32680c972d02: shutdown FollowerState
2019-10-17 21:16:32,729 [grpc-default-executor-2] INFO  impl.RoleInfo (RoleInfo.java:updateAndGet(143)) - 3909bd6a-278d-4911-9d70-32680c972d02: start FollowerState
2019-10-17 21:16:32,729 [Thread-3211] INFO  impl.FollowerState (FollowerState.java:run(117)) - 3909bd6a-278d-4911-9d70-32680c972d02@group-62509A8A5C15-FollowerState was interrupted: java.lang.InterruptedException: sleep interrupted
2019-10-17 21:16:32,729 [grpc-default-executor-4] INFO  impl.RaftServerImpl (RaftServerImpl.java:setRole(184)) - 7c510082-4284-44ef-8cd9-bb38fb15579f@group-62509A8A5C15: changes role from  FOLLOWER to FOLLOWER at term 490 for recognizeCandidate:d2424f4d-20d2-4104-abcc-02e6288f3ffc
2019-10-17 21:16:32,729 [grpc-default-executor-4] INFO  impl.RoleInfo (RoleInfo.java:shutdownFollowerState(121)) - 7c510082-4284-44ef-8cd9-bb38fb15579f: shutdown FollowerState
2019-10-17 21:16:32,729 [grpc-default-executor-4] INFO  impl.RoleInfo (RoleInfo.java:updateAndGet(143)) - 7c510082-4284-44ef-8cd9-bb38fb15579f: start FollowerState
2019-10-17 21:16:32,729 [Thread-3212] INFO  impl.FollowerState (FollowerState.java:run(117)) - 7c510082-4284-44ef-8cd9-bb38fb15579f@group-62509A8A5C15-FollowerState was interrupted: java.lang.InterruptedException: sleep interrupted
2019-10-17 21:16:32,745 [d2424f4d-20d2-4104-abcc-02e6288f3ffc@group-62509A8A5C15-LeaderElection443] INFO  impl.LeaderElection (LeaderElection.java:logAndReturn(56)) - d2424f4d-20d2-4104-abcc-02e6288f3ffc@group-62509A8A5C15-LeaderElection443: Election REJECTED; received 2 response(s) [d2424f4d-20d2-4104-abcc-02e6288f3ffc<-3909bd6a-278d-4911-9d70-32680c972d02#0:FAIL-t490, d2424f4d-20d2-4104-abcc-02e6288f3ffc<-7c510082-4284-44ef-8cd9-bb38fb15579f#0:FAIL-t490] and 0 exception(s); d2424f4d-20d2-4104-abcc-02e6288f3ffc@group-62509A8A5C15:t490, leader=null, voted=d2424f4d-20d2-4104-abcc-02e6288f3ffc, raftlog=d2424f4d-20d2-4104-abcc-02e6288f3ffc@group-62509A8A5C15-SegmentedRaftLog:OPENED:c-1,f-1,i0, conf=-1: [3909bd6a-278d-4911-9d70-32680c972d02:192.168.157.223:33343, d2424f4d-20d2-4104-abcc-02e6288f3ffc:192.168.157.223:39352, 7c510082-4284-44ef-8cd9-bb38fb15579f:192.168.157.223:33098], old=null
2019-10-17 21:16:32,745 [d2424f4d-20d2-4104-abcc-02e6288f3ffc@group-62509A8A5C15-LeaderElection443] INFO  impl.RaftServerImpl (RaftServerImpl.java:setRole(184)) - d2424f4d-20d2-4104-abcc-02e6288f3ffc@group-62509A8A5C15: changes role from CANDIDATE to FOLLOWER at term 490 for DISCOVERED_A_NEW_TERM
2019-10-17 21:16:32,745 [d2424f4d-20d2-4104-abcc-02e6288f3ffc@group-62509A8A5C15-LeaderElection443] INFO  impl.RoleInfo (RoleInfo.java:shutdownLeaderElection(134)) - d2424f4d-20d2-4104-abcc-02e6288f3ffc: shutdown LeaderElection
2019-10-17 21:16:32,745 [d2424f4d-20d2-4104-abcc-02e6288f3ffc@group-62509A8A5C15-LeaderElection443] INFO  impl.RoleInfo (RoleInfo.java:updateAndGet(143)) - d2424f4d-20d2-4104-abcc-02e6288f3ffc: start FollowerState
2019-10-17 21:16:32,748 [Thread-3219] INFO  impl.FollowerState (FollowerState.java:run(108)) - d2424f4d-20d2-4104-abcc-02e6288f3ffc@group-62509A8A5C15-FollowerState: change to CANDIDATE, lastRpcTime:3ms, electionTimeout:3ms
2019-10-17 21:16:32,749 [Thread-3219] INFO  impl.RoleInfo (RoleInfo.java:shutdownFollowerState(121)) - d2424f4d-20d2-4104-abcc-02e6288f3ffc: shutdown FollowerState
2019-10-17 21:16:32,749 [Thread-3219] INFO  impl.RaftServerImpl (RaftServerImpl.java:setRole(184)) - d2424f4d-20d2-4104-abcc-02e6288f3ffc@group-62509A8A5C15: changes role from  FOLLOWER to CANDIDATE at term 490 for changeToCandidate
2019-10-17 21:16:32,749 [Thread-3219] INFO  impl.RoleInfo (RoleInfo.java:updateAndGet(143)) - d2424f4d-20d2-4104-abcc-02e6288f3ffc: start LeaderElection
2019-10-17 21:16:32,762 [d2424f4d-20d2-4104-abcc-02e6288f3ffc@group-62509A8A5C15-LeaderElection444] INFO  impl.LeaderElection (LeaderElection.java:askForVotes(178)) - d2424f4d-20d2-4104-abcc-02e6288f3ffc@group-62509A8A5C15-LeaderElection444: begin an election at term 491 for -1: [3909bd6a-278d-4911-9d70-32680c972d02:192.168.157.223:33343, d2424f4d-20d2-4104-abcc-02e6288f3ffc:192.168.157.223:39352, 7c510082-4284-44ef-8cd9-bb38fb15579f:192.168.157.223:33098], old=null
2019-10-17 21:16:32,763 [grpc-default-executor-4] INFO  impl.RaftServerImpl (RaftServerImpl.java:setRole(184)) - 3909bd6a-278d-4911-9d70-32680c972d02@group-62509A8A5C15: changes role from  FOLLOWER to FOLLOWER at term 491 for recognizeCandidate:d2424f4d-20d2-4104-abcc-02e6288f3ffc
2019-10-17 21:16:32,764 [grpc-default-executor-4] INFO  impl.RoleInfo (RoleInfo.java:shutdownFollowerState(121)) - 3909bd6a-278d-4911-9d70-32680c972d02: shutdown FollowerState
2019-10-17 21:16:32,764 [grpc-default-executor-2] INFO  impl.RaftServerImpl (RaftServerImpl.java:setRole(184)) - 7c510082-4284-44ef-8cd9-bb38fb15579f@group-62509A8A5C15: changes role from  FOLLOWER to FOLLOWER at term 491 for recognizeCandidate:d2424f4d-20d2-4104-abcc-02e6288f3ffc
2019-10-17 21:16:32,764 [Thread-3217] INFO  impl.FollowerState (FollowerState.java:run(117)) - 3909bd6a-278d-4911-9d70-32680c972d02@group-62509A8A5C15-FollowerState was interrupted: java.lang.InterruptedException: sleep interrupted
2019-10-17 21:16:32,764 [grpc-default-executor-2] INFO  impl.RoleInfo (RoleInfo.java:shutdownFollowerState(121)) - 7c510082-4284-44ef-8cd9-bb38fb15579f: shutdown FollowerState
2019-10-17 21:16:32,764 [grpc-default-executor-4] INFO  impl.RoleInfo (RoleInfo.java:updateAndGet(143)) - 3909bd6a-278d-4911-9d70-32680c972d02: start FollowerState
2019-10-17 21:16:32,764 [Thread-3218] INFO  impl.FollowerState (FollowerState.java:run(117)) - 7c510082-4284-44ef-8cd9-bb38fb15579f@group-62509A8A5C15-FollowerState was interrupted: java.lang.InterruptedException: sleep interrupted
2019-10-17 21:16:32,764 [grpc-default-executor-2] INFO  impl.RoleInfo (RoleInfo.java:updateAndGet(143)) - 7c510082-4284-44ef-8cd9-bb38fb15579f: start FollowerState
2019-10-17 21:16:32,784 [d2424f4d-20d2-4104-abcc-02e6288f3ffc@group-62509A8A5C15-LeaderElection444] INFO  impl.LeaderElection (LeaderElection.java:logAndReturn(56)) - d2424f4d-20d2-4104-abcc-02e6288f3ffc@group-62509A8A5C15-LeaderElection444: Election REJECTED; received 2 response(s) [d2424f4d-20d2-4104-abcc-02e6288f3ffc<-3909bd6a-278d-4911-9d70-32680c972d02#0:FAIL-t491, d2424f4d-20d2-4104-abcc-02e6288f3ffc<-7c510082-4284-44ef-8cd9-bb38fb15579f#0:FAIL-t491] and 0 exception(s); d2424f4d-20d2-4104-abcc-02e6288f3ffc@group-62509A8A5C15:t491, leader=null, voted=d2424f4d-20d2-4104-abcc-02e6288f3ffc, raftlog=d2424f4d-20d2-4104-abcc-02e6288f3ffc@group-62509A8A5C15-SegmentedRaftLog:OPENED:c-1,f-1,i0, conf=-1: [3909bd6a-278d-4911-9d70-32680c972d02:192.168.157.223:33343, d2424f4d-20d2-4104-abcc-02e6288f3ffc:192.168.157.223:39352, 7c510082-4284-44ef-8cd9-bb38fb15579f:192.168.157.223:33098], old=null
2019-10-17 21:16:32,784 [d2424f4d-20d2-4104-abcc-02e6288f3ffc@group-62509A8A5C15-LeaderElection444] INFO  impl.RaftServerImpl (RaftServerImpl.java:setRole(184)) - d2424f4d-20d2-4104-abcc-02e6288f3ffc@group-62509A8A5C15: changes role from CANDIDATE to FOLLOWER at term 491 for DISCOVERED_A_NEW_TERM
2019-10-17 21:16:32,784 [d2424f4d-20d2-4104-abcc-02e6288f3ffc@group-62509A8A5C15-LeaderElection444] INFO  impl.RoleInfo (RoleInfo.java:shutdownLeaderElection(134)) - d2424f4d-20d2-4104-abcc-02e6288f3ffc: shutdown LeaderElection
2019-10-17 21:16:32,784 [d2424f4d-20d2-4104-abcc-02e6288f3ffc@group-62509A8A5C15-LeaderElection444] INFO  impl.RoleInfo (RoleInfo.java:updateAndGet(143)) - d2424f4d-20d2-4104-abcc-02e6288f3ffc: start FollowerState
2019-10-17 21:16:32,808 [Thread-3225] INFO  impl.FollowerState (FollowerState.java:run(108)) - d2424f4d-20d2-4104-abcc-02e6288f3ffc@group-62509A8A5C15-FollowerState: change to CANDIDATE, lastRpcTime:23ms, electionTimeout:23ms
2019-10-17 21:16:32,808 [Thread-3225] INFO  impl.RoleInfo (RoleInfo.java:shutdownFollowerState(121)) - d2424f4d-20d2-4104-abcc-02e6288f3ffc: shutdown FollowerState
2019-10-17 21:16:32,808 [Thread-3225] INFO  impl.RaftServerImpl (RaftServerImpl.java:setRole(184)) - d2424f4d-20d2-4104-abcc-02e6288f3ffc@group-62509A8A5C15: changes role from  FOLLOWER to CANDIDATE at term 491 for changeToCandidate
2019-10-17 21:16:32,808 [Thread-3225] INFO  impl.RoleInfo (RoleInfo.java:updateAndGet(143)) - d2424f4d-20d2-4104-abcc-02e6288f3ffc: start LeaderElection
2019-10-17 21:16:32,821 [d2424f4d-20d2-4104-abcc-02e6288f3ffc@group-62509A8A5C15-LeaderElection445] INFO  impl.LeaderElection (LeaderElection.java:askForVotes(178)) - d2424f4d-20d2-4104-abcc-02e6288f3ffc@group-62509A8A5C15-LeaderElection445: begin an election at term 492 for -1: [3909bd6a-278d-4911-9d70-32680c972d02:192.168.157.223:33343, d2424f4d-20d2-4104-abcc-02e6288f3ffc:192.168.157.223:39352, 7c510082-4284-44ef-8cd9-bb38fb15579f:192.168.157.223:33098], old=null
2019-10-17 21:16:32,822 [d2424f4d-20d2-4104-abcc-02e6288f3ffc@group-62509A8A5C15-LeaderElection445] INFO  impl.LeaderElection (LeaderElection.java:logAndReturn(56)) - d2424f4d-20d2-4104-abcc-02e6288f3ffc@group-62509A8A5C15-LeaderElection445: Election TIMEOUT; received 0 response(s) [] and 0 exception(s); d2424f4d-20d2-4104-abcc-02e6288f3ffc@group-62509A8A5C15:t492, leader=null, voted=d2424f4d-20d2-4104-abcc-02e6288f3ffc, raftlog=d2424f4d-20d2-4104-abcc-02e6288f3ffc@group-62509A8A5C15-SegmentedRaftLog:OPENED:c-1,f-1,i0, conf=-1: [3909bd6a-278d-4911-9d70-32680c972d02:192.168.157.223:33343, d2424f4d-20d2-4104-abcc-02e6288f3ffc:192.168.157.223:39352, 7c510082-4284-44ef-8cd9-bb38fb15579f:192.168.157.223:33098], old=null
2019-10-17 21:16:32,823 [grpc-default-executor-4] INFO  impl.RaftServerImpl (RaftServerImpl.java:setRole(184)) - 3909bd6a-278d-4911-9d70-32680c972d02@group-62509A8A5C15: changes role from  FOLLOWER to FOLLOWER at term 492 for recognizeCandidate:d2424f4d-20d2-4104-abcc-02e6288f3ffc
2019-10-17 21:16:32,823 [grpc-default-executor-4] INFO  impl.RoleInfo (RoleInfo.java:shutdownFollowerState(121)) - 3909bd6a-278d-4911-9d70-32680c972d02: shutdown FollowerState
2019-10-17 21:16:32,823 [grpc-default-executor-2] INFO  impl.RaftServerImpl (RaftServerImpl.java:setRole(184)) - 7c510082-4284-44ef-8cd9-bb38fb15579f@group-62509A8A5C15: changes role from  FOLLOWER to FOLLOWER at term 492 for recognizeCandidate:d2424f4d-20d2-4104-abcc-02e6288f3ffc
2019-10-17 21:16:32,823 [grpc-default-executor-2] INFO  impl.RoleInfo (RoleInfo.java:shutdownFollowerState(121)) - 7c510082-4284-44ef-8cd9-bb38fb15579f: shutdown FollowerState
2019-10-17 21:16:32,823 [Thread-3223] INFO  impl.FollowerState (FollowerState.java:run(117)) - 3909bd6a-278d-4911-9d70-32680c972d02@group-62509A8A5C15-FollowerState was interrupted: java.lang.InterruptedException: sleep interrupted
2019-10-17 21:16:32,823 [grpc-default-executor-4] INFO  impl.RoleInfo (RoleInfo.java:updateAndGet(143)) - 3909bd6a-278d-4911-9d70-32680c972d02: start FollowerState
2019-10-17 21:16:32,823 [Thread-3224] INFO  impl.FollowerState (FollowerState.java:run(117)) - 7c510082-4284-44ef-8cd9-bb38fb15579f@group-62509A8A5C15-FollowerState was interrupted: java.lang.InterruptedException: sleep interrupted
2019-10-17 21:16:32,823 [grpc-default-executor-2] INFO  impl.RoleInfo (RoleInfo.java:updateAndGet(143)) - 7c510082-4284-44ef-8cd9-bb38fb15579f: start FollowerState
2019-10-17 21:16:32,847 [d2424f4d-20d2-4104-abcc-02e6288f3ffc@group-62509A8A5C15-LeaderElection445] INFO  impl.LeaderElection (LeaderElection.java:askForVotes(178)) - d2424f4d-20d2-4104-abcc-02e6288f3ffc@group-62509A8A5C15-LeaderElection445: begin an election at term 493 for -1: [3909bd6a-278d-4911-9d70-32680c972d02:192.168.157.223:33343, d2424f4d-20d2-4104-abcc-02e6288f3ffc:192.168.157.223:39352, 7c510082-4284-44ef-8cd9-bb38fb15579f:192.168.157.223:33098], old=null
2019-10-17 21:16:32,848 [grpc-default-executor-2] INFO  impl.RaftServerImpl (RaftServerImpl.java:setRole(184)) - 3909bd6a-278d-4911-9d70-32680c972d02@group-62509A8A5C15: changes role from  FOLLOWER to FOLLOWER at term 493 for recognizeCandidate:d2424f4d-20d2-4104-abcc-02e6288f3ffc
2019-10-17 21:16:32,848 [grpc-default-executor-2] INFO  impl.RoleInfo (RoleInfo.java:shutdownFollowerState(121)) - 3909bd6a-278d-4911-9d70-32680c972d02: shutdown FollowerState
2019-10-17 21:16:32,849 [grpc-default-executor-2] INFO  impl.RoleInfo (RoleInfo.java:updateAndGet(143)) - 3909bd6a-278d-4911-9d70-32680c972d02: start FollowerState
2019-10-17 21:16:32,849 [grpc-default-executor-4] INFO  impl.RaftServerImpl (RaftServerImpl.java:setRole(184)) - 7c510082-4284-44ef-8cd9-bb38fb15579f@group-62509A8A5C15: changes role from  FOLLOWER to FOLLOWER at term 493 for recognizeCandidate:d2424f4d-20d2-4104-abcc-02e6288f3ffc
2019-10-17 21:16:32,849 [Thread-3229] INFO  impl.FollowerState (FollowerState.java:run(117)) - 3909bd6a-278d-4911-9d70-32680c972d02@group-62509A8A5C15-FollowerState was interrupted: java.lang.InterruptedException: sleep interrupted
2019-10-17 21:16:32,849 [grpc-default-executor-4] INFO  impl.RoleInfo (RoleInfo.java:shutdownFollowerState(121)) - 7c510082-4284-44ef-8cd9-bb38fb15579f: shutdown FollowerState
2019-10-17 21:16:32,849 [grpc-default-executor-4] INFO  impl.RoleInfo (RoleInfo.java:updateAndGet(143)) - 7c510082-4284-44ef-8cd9-bb38fb15579f: start FollowerState
2019-10-17 21:16:32,849 [Thread-3230] INFO  impl.FollowerState (FollowerState.java:run(117)) - 7c510082-4284-44ef-8cd9-bb38fb15579f@group-62509A8A5C15-FollowerState was interrupted: java.lang.InterruptedException: sleep interrupted
2019-10-17 21:16:32,852 [d2424f4d-20d2-4104-abcc-02e6288f3ffc@group-62509A8A5C15-LeaderElection445] INFO  impl.LeaderElection (LeaderElection.java:logAndReturn(56)) - d2424f4d-20d2-4104-abcc-02e6288f3ffc@group-62509A8A5C15-LeaderElection445: Election TIMEOUT; received 0 response(s) [] and 0 exception(s); d2424f4d-20d2-4104-abcc-02e6288f3ffc@group-62509A8A5C15:t493, leader=null, voted=d2424f4d-20d2-4104-abcc-02e6288f3ffc, raftlog=d2424f4d-20d2-4104-abcc-02e6288f3ffc@group-62509A8A5C15-SegmentedRaftLog:OPENED:c-1,f-1,i0, conf=-1: [3909bd6a-278d-4911-9d70-32680c972d02:192.168.157.223:33343, d2424f4d-20d2-4104-abcc-02e6288f3ffc:192.168.157.223:39352, 7c510082-4284-44ef-8cd9-bb38fb15579f:192.168.157.223:33098], old=null
2019-10-17 21:16:32,874 [d2424f4d-20d2-4104-abcc-02e6288f3ffc@group-62509A8A5C15-LeaderElection445] INFO  impl.LeaderElection (LeaderElection.java:askForVotes(178)) - d2424f4d-20d2-4104-abcc-02e6288f3ffc@group-62509A8A5C15-LeaderElection445: begin an election at term 494 for -1: [3909bd6a-278d-4911-9d70-32680c972d02:192.168.157.223:33343, d2424f4d-20d2-4104-abcc-02e6288f3ffc:192.168.157.223:39352, 7c510082-4284-44ef-8cd9-bb38fb15579f:192.168.157.223:33098], old=null
2019-10-17 21:16:32,875 [grpc-default-executor-4] INFO  impl.RaftServerImpl (RaftServerImpl.java:setRole(184)) - 3909bd6a-278d-4911-9d70-32680c972d02@group-62509A8A5C15: changes role from  FOLLOWER to FOLLOWER at term 494 for recognizeCandidate:d2424f4d-20d2-4104-abcc-02e6288f3ffc
2019-10-17 21:16:32,876 [grpc-default-executor-4] INFO  impl.RoleInfo (RoleInfo.java:shutdownFollowerState(121)) - 3909bd6a-278d-4911-9d70-32680c972d02: shutdown FollowerState
2019-10-17 21:16:32,876 [grpc-default-executor-4] INFO  impl.RoleInfo (RoleInfo.java:updateAndGet(143)) - 3909bd6a-278d-4911-9d70-32680c972d02: start FollowerState
2019-10-17 21:16:32,876 [grpc-default-executor-2] INFO  impl.RaftServerImpl (RaftServerImpl.java:setRole(184)) - 7c510082-4284-44ef-8cd9-bb38fb15579f@group-62509A8A5C15: changes role from  FOLLOWER to FOLLOWER at term 494 for recognizeCandidate:d2424f4d-20d2-4104-abcc-02e6288f3ffc
2019-10-17 21:16:32,876 [grpc-default-executor-2] INFO  impl.RoleInfo (RoleInfo.java:shutdownFollowerState(121)) - 7c510082-4284-44ef-8cd9-bb38fb15579f: shutdown FollowerState
2019-10-17 21:16:32,876 [Thread-3233] INFO  impl.FollowerState (FollowerState.java:run(117)) - 3909bd6a-278d-4911-9d70-32680c972d02@group-62509A8A5C15-FollowerState was interrupted: java.lang.InterruptedException: sleep interrupted
2019-10-17 21:16:32,876 [Thread-3234] INFO  impl.FollowerState (FollowerState.java:run(117)) - 7c510082-4284-44ef-8cd9-bb38fb15579f@group-62509A8A5C15-FollowerState was interrupted: java.lang.InterruptedException: sleep interrupted
2019-10-17 21:16:32,876 [grpc-default-executor-2] INFO  impl.RoleInfo (RoleInfo.java:updateAndGet(143)) - 7c510082-4284-44ef-8cd9-bb38fb15579f: start FollowerState
2019-10-17 21:16:32,889 [d2424f4d-20d2-4104-abcc-02e6288f3ffc@group-62509A8A5C15-LeaderElection445] INFO  impl.LeaderElection (LeaderElection.java:logAndReturn(56)) - d2424f4d-20d2-4104-abcc-02e6288f3ffc@group-62509A8A5C15-LeaderElection445: Election REJECTED; received 2 response(s) [d2424f4d-20d2-4104-abcc-02e6288f3ffc<-3909bd6a-278d-4911-9d70-32680c972d02#0:FAIL-t494, d2424f4d-20d2-4104-abcc-02e6288f3ffc<-7c510082-4284-44ef-8cd9-bb38fb15579f#0:FAIL-t494] and 0 exception(s); d2424f4d-20d2-4104-abcc-02e6288f3ffc@group-62509A8A5C15:t494, leader=null, voted=d2424f4d-20d2-4104-abcc-02e6288f3ffc, raftlog=d2424f4d-20d2-4104-abcc-02e6288f3ffc@group-62509A8A5C15-SegmentedRaftLog:OPENED:c-1,f-1,i0, conf=-1: [3909bd6a-278d-4911-9d70-32680c972d02:192.168.157.223:33343, d2424f4d-20d2-4104-abcc-02e6288f3ffc:192.168.157.223:39352, 7c510082-4284-44ef-8cd9-bb38fb15579f:192.168.157.223:33098], old=null
2019-10-17 21:16:32,890 [d2424f4d-20d2-4104-abcc-02e6288f3ffc@group-62509A8A5C15-LeaderElection445] INFO  impl.RaftServerImpl (RaftServerImpl.java:setRole(184)) - d2424f4d-20d2-4104-abcc-02e6288f3ffc@group-62509A8A5C15: changes role from CANDIDATE to FOLLOWER at term 494 for DISCOVERED_A_NEW_TERM
2019-10-17 21:16:32,890 [d2424f4d-20d2-4104-abcc-02e6288f3ffc@group-62509A8A5C15-LeaderElection445] INFO  impl.RoleInfo (RoleInfo.java:shutdownLeaderElection(134)) - d2424f4d-20d2-4104-abcc-02e6288f3ffc: shutdown LeaderElection
2019-10-17 21:16:32,890 [d2424f4d-20d2-4104-abcc-02e6288f3ffc@group-62509A8A5C15-LeaderElection445] INFO  impl.RoleInfo (RoleInfo.java:updateAndGet(143)) - d2424f4d-20d2-4104-abcc-02e6288f3ffc: start FollowerState
2019-10-17 21:16:32,958 [Thread-3239] INFO  impl.FollowerState (FollowerState.java:run(108)) - d2424f4d-20d2-4104-abcc-02e6288f3ffc@group-62509A8A5C15-FollowerState: change to CANDIDATE, lastRpcTime:68ms, electionTimeout:68ms
2019-10-17 21:16:32,958 [Thread-3239] INFO  impl.RoleInfo (RoleInfo.java:shutdownFollowerState(121)) - d2424f4d-20d2-4104-abcc-02e6288f3ffc: shutdown FollowerState
2019-10-17 21:16:32,959 [Thread-3239] INFO  impl.RaftServerImpl (RaftServerImpl.java:setRole(184)) - d2424f4d-20d2-4104-abcc-02e6288f3ffc@group-62509A8A5C15: changes role from  FOLLOWER to CANDIDATE at term 494 for changeToCandidate
2019-10-17 21:16:32,959 [Thread-3239] INFO  impl.RoleInfo (RoleInfo.java:updateAndGet(143)) - d2424f4d-20d2-4104-abcc-02e6288f3ffc: start LeaderElection
2019-10-17 21:16:32,972 [d2424f4d-20d2-4104-abcc-02e6288f3ffc@group-62509A8A5C15-LeaderElection446] INFO  impl.LeaderElection (LeaderElection.java:askForVotes(178)) - d2424f4d-20d2-4104-abcc-02e6288f3ffc@group-62509A8A5C15-LeaderElection446: begin an election at term 495 for -1: [3909bd6a-278d-4911-9d70-32680c972d02:192.168.157.223:33343, d2424f4d-20d2-4104-abcc-02e6288f3ffc:192.168.157.223:39352, 7c510082-4284-44ef-8cd9-bb38fb15579f:192.168.157.223:33098], old=null
2019-10-17 21:16:32,973 [grpc-default-executor-2] INFO  impl.RaftServerImpl (RaftServerImpl.java:setRole(184)) - 3909bd6a-278d-4911-9d70-32680c972d02@group-62509A8A5C15: changes role from  FOLLOWER to FOLLOWER at term 495 for recognizeCandidate:d2424f4d-20d2-4104-abcc-02e6288f3ffc
2019-10-17 21:16:32,973 [grpc-default-executor-2] INFO  impl.RoleInfo (RoleInfo.java:shutdownFollowerState(121)) - 3909bd6a-278d-4911-9d70-32680c972d02: shutdown FollowerState
2019-10-17 21:16:32,973 [grpc-default-executor-2] INFO  impl.RoleInfo (RoleInfo.java:updateAndGet(143)) - 3909bd6a-278d-4911-9d70-32680c972d02: start FollowerState
2019-10-17 21:16:32,973 [Thread-3237] INFO  impl.FollowerState (FollowerState.java:run(117)) - 3909bd6a-278d-4911-9d70-32680c972d02@group-62509A8A5C15-FollowerState was interrupted: java.lang.InterruptedException: sleep interrupted
2019-10-17 21:16:32,973 [grpc-default-executor-4] INFO  impl.RaftServerImpl (RaftServerImpl.java:setRole(184)) - 7c510082-4284-44ef-8cd9-bb38fb15579f@group-62509A8A5C15: changes role from  FOLLOWER to FOLLOWER at term 495 for recognizeCandidate:d2424f4d-20d2-4104-abcc-02e6288f3ffc
2019-10-17 21:16:32,974 [grpc-default-executor-4] INFO  impl.RoleInfo (RoleInfo.java:shutdownFollowerState(121)) - 7c510082-4284-44ef-8cd9-bb38fb15579f: shutdown FollowerState
2019-10-17 21:16:32,974 [grpc-default-executor-4] INFO  impl.RoleInfo (RoleInfo.java:updateAndGet(143)) - 7c510082-4284-44ef-8cd9-bb38fb15579f: start FollowerState
2019-10-17 21:16:32,974 [Thread-3238] INFO  impl.FollowerState (FollowerState.java:run(117)) - 7c510082-4284-44ef-8cd9-bb38fb15579f@group-62509A8A5C15-FollowerState was interrupted: java.lang.InterruptedException: sleep interrupted
2019-10-17 21:16:32,989 [d2424f4d-20d2-4104-abcc-02e6288f3ffc@group-62509A8A5C15-LeaderElection446] INFO  impl.LeaderElection (LeaderElection.java:logAndReturn(56)) - d2424f4d-20d2-4104-abcc-02e6288f3ffc@group-62509A8A5C15-LeaderElection446: Election TIMEOUT; received 0 response(s) [] and 0 exception(s); d2424f4d-20d2-4104-abcc-02e6288f3ffc@group-62509A8A5C15:t495, leader=null, voted=d2424f4d-20d2-4104-abcc-02e6288f3ffc, raftlog=d2424f4d-20d2-4104-abcc-02e6288f3ffc@group-62509A8A5C15-SegmentedRaftLog:OPENED:c-1,f-1,i0, conf=-1: [3909bd6a-278d-4911-9d70-32680c972d02:192.168.157.223:33343, d2424f4d-20d2-4104-abcc-02e6288f3ffc:192.168.157.223:39352, 7c510082-4284-44ef-8cd9-bb38fb15579f:192.168.157.223:33098], old=null
2019-10-17 21:16:33,001 [d2424f4d-20d2-4104-abcc-02e6288f3ffc@group-62509A8A5C15-LeaderElection446] INFO  impl.LeaderElection (LeaderElection.java:askForVotes(178)) - d2424f4d-20d2-4104-abcc-02e6288f3ffc@group-62509A8A5C15-LeaderElection446: begin an election at term 496 for -1: [3909bd6a-278d-4911-9d70-32680c972d02:192.168.157.223:33343, d2424f4d-20d2-4104-abcc-02e6288f3ffc:192.168.157.223:39352, 7c510082-4284-44ef-8cd9-bb38fb15579f:192.168.157.223:33098], old=null
2019-10-17 21:16:33,004 [grpc-default-executor-2] INFO  impl.RaftServerImpl (RaftServerImpl.java:setRole(184)) - 3909bd6a-278d-4911-9d70-32680c972d02@group-62509A8A5C15: changes role from  FOLLOWER to FOLLOWER at term 496 for recognizeCandidate:d2424f4d-20d2-4104-abcc-02e6288f3ffc
2019-10-17 21:16:33,004 [grpc-default-executor-4] INFO  impl.RaftServerImpl (RaftServerImpl.java:setRole(184)) - 7c510082-4284-44ef-8cd9-bb38fb15579f@group-62509A8A5C15: changes role from  FOLLOWER to FOLLOWER at term 496 for recognizeCandidate:d2424f4d-20d2-4104-abcc-02e6288f3ffc
2019-10-17 21:16:33,004 [grpc-default-executor-2] INFO  impl.RoleInfo (RoleInfo.java:shutdownFollowerState(121)) - 3909bd6a-278d-4911-9d70-32680c972d02: shutdown FollowerState
2019-10-17 21:16:33,004 [grpc-default-executor-4] INFO  impl.RoleInfo (RoleInfo.java:shutdownFollowerState(121)) - 7c510082-4284-44ef-8cd9-bb38fb15579f: shutdown FollowerState
2019-10-17 21:16:33,004 [grpc-default-executor-2] INFO  impl.RoleInfo (RoleInfo.java:updateAndGet(143)) - 3909bd6a-278d-4911-9d70-32680c972d02: start FollowerState
2019-10-17 21:16:33,005 [Thread-3244] INFO  impl.FollowerState (FollowerState.java:run(117)) - 7c510082-4284-44ef-8cd9-bb38fb15579f@group-62509A8A5C15-FollowerState was interrupted: java.lang.InterruptedException: sleep interrupted
2019-10-17 21:16:33,004 [Thread-3243] INFO  impl.FollowerState (FollowerState.java:run(117)) - 3909bd6a-278d-4911-9d70-32680c972d02@group-62509A8A5C15-FollowerState was interrupted: java.lang.InterruptedException: sleep interrupted
2019-10-17 21:16:33,004 [grpc-default-executor-4] INFO  impl.RoleInfo (RoleInfo.java:updateAndGet(143)) - 7c510082-4284-44ef-8cd9-bb38fb15579f: start FollowerState
2019-10-17 21:16:33,021 [d2424f4d-20d2-4104-abcc-02e6288f3ffc@group-62509A8A5C15-LeaderElection446] INFO  impl.LeaderElection (LeaderElection.java:logAndReturn(56)) - d2424f4d-20d2-4104-abcc-02e6288f3ffc@group-62509A8A5C15-LeaderElection446: Election REJECTED; received 2 response(s) [d2424f4d-20d2-4104-abcc-02e6288f3ffc<-3909bd6a-278d-4911-9d70-32680c972d02#0:FAIL-t496, d2424f4d-20d2-4104-abcc-02e6288f3ffc<-7c510082-4284-44ef-8cd9-bb38fb15579f#0:FAIL-t496] and 0 exception(s); d2424f4d-20d2-4104-abcc-02e6288f3ffc@group-62509A8A5C15:t496, leader=null, voted=d2424f4d-20d2-4104-abcc-02e6288f3ffc, raftlog=d2424f4d-20d2-4104-abcc-02e6288f3ffc@group-62509A8A5C15-SegmentedRaftLog:OPENED:c-1,f-1,i0, conf=-1: [3909bd6a-278d-4911-9d70-32680c972d02:192.168.157.223:33343, d2424f4d-20d2-4104-abcc-02e6288f3ffc:192.168.157.223:39352, 7c510082-4284-44ef-8cd9-bb38fb15579f:192.168.157.223:33098], old=null
2019-10-17 21:16:33,021 [d2424f4d-20d2-4104-abcc-02e6288f3ffc@group-62509A8A5C15-LeaderElection446] INFO  impl.RaftServerImpl (RaftServerImpl.java:setRole(184)) - d2424f4d-20d2-4104-abcc-02e6288f3ffc@group-62509A8A5C15: changes role from CANDIDATE to FOLLOWER at term 496 for DISCOVERED_A_NEW_TERM
2019-10-17 21:16:33,021 [d2424f4d-20d2-4104-abcc-02e6288f3ffc@group-62509A8A5C15-LeaderElection446] INFO  impl.RoleInfo (RoleInfo.java:shutdownLeaderElection(134)) - d2424f4d-20d2-4104-abcc-02e6288f3ffc: shutdown LeaderElection
2019-10-17 21:16:33,022 [d2424f4d-20d2-4104-abcc-02e6288f3ffc@group-62509A8A5C15-LeaderElection446] INFO  impl.RoleInfo (RoleInfo.java:updateAndGet(143)) - d2424f4d-20d2-4104-abcc-02e6288f3ffc: start FollowerState
2019-10-17 21:16:33,130 [Thread-3249] INFO  impl.FollowerState (FollowerState.java:run(108)) - d2424f4d-20d2-4104-abcc-02e6288f3ffc@group-62509A8A5C15-FollowerState: change to CANDIDATE, lastRpcTime:108ms, electionTimeout:108ms
2019-10-17 21:16:33,130 [Thread-3249] INFO  impl.RoleInfo (RoleInfo.java:shutdownFollowerState(121)) - d2424f4d-20d2-4104-abcc-02e6288f3ffc: shutdown FollowerState
2019-10-17 21:16:33,130 [Thread-3249] INFO  impl.RaftServerImpl (RaftServerImpl.java:setRole(184)) - d2424f4d-20d2-4104-abcc-02e6288f3ffc@group-62509A8A5C15: changes role from  FOLLOWER to CANDIDATE at term 496 for changeToCandidate
2019-10-17 21:16:33,130 [Thread-3249] INFO  impl.RoleInfo (RoleInfo.java:updateAndGet(143)) - d2424f4d-20d2-4104-abcc-02e6288f3ffc: start LeaderElection
2019-10-17 21:16:33,144 [d2424f4d-20d2-4104-abcc-02e6288f3ffc@group-62509A8A5C15-LeaderElection447] INFO  impl.LeaderElection (LeaderElection.java:askForVotes(178)) - d2424f4d-20d2-4104-abcc-02e6288f3ffc@group-62509A8A5C15-LeaderElection447: begin an election at term 497 for -1: [3909bd6a-278d-4911-9d70-32680c972d02:192.168.157.223:33343, d2424f4d-20d2-4104-abcc-02e6288f3ffc:192.168.157.223:39352, 7c510082-4284-44ef-8cd9-bb38fb15579f:192.168.157.223:33098], old=null
2019-10-17 21:16:33,146 [grpc-default-executor-4] INFO  impl.RaftServerImpl (RaftServerImpl.java:setRole(184)) - 3909bd6a-278d-4911-9d70-32680c972d02@group-62509A8A5C15: changes role from  FOLLOWER to FOLLOWER at term 497 for recognizeCandidate:d2424f4d-20d2-4104-abcc-02e6288f3ffc
2019-10-17 21:16:33,146 [grpc-default-executor-2] INFO  impl.RaftServerImpl (RaftServerImpl.java:setRole(184)) - 7c510082-4284-44ef-8cd9-bb38fb15579f@group-62509A8A5C15: changes role from  FOLLOWER to FOLLOWER at term 497 for recognizeCandidate:d2424f4d-20d2-4104-abcc-02e6288f3ffc
2019-10-17 21:16:33,146 [grpc-default-executor-4] INFO  impl.RoleInfo (RoleInfo.java:shutdownFollowerState(121)) - 3909bd6a-278d-4911-9d70-32680c972d02: shutdown FollowerState
2019-10-17 21:16:33,146 [grpc-default-executor-2] INFO  impl.RoleInfo (RoleInfo.java:shutdownFollowerState(121)) - 7c510082-4284-44ef-8cd9-bb38fb15579f: shutdown FollowerState
2019-10-17 21:16:33,146 [Thread-3247] INFO  impl.FollowerState (FollowerState.java:run(117)) - 3909bd6a-278d-4911-9d70-32680c972d02@group-62509A8A5C15-FollowerState was interrupted: java.lang.InterruptedException: sleep interrupted
2019-10-17 21:16:33,146 [grpc-default-executor-4] INFO  impl.RoleInfo (RoleInfo.java:updateAndGet(143)) - 3909bd6a-278d-4911-9d70-32680c972d02: start FollowerState
2019-10-17 21:16:33,147 [Thread-3248] INFO  impl.FollowerState (FollowerState.java:run(117)) - 7c510082-4284-44ef-8cd9-bb38fb15579f@group-62509A8A5C15-FollowerState was interrupted: java.lang.InterruptedException: sleep interrupted
2019-10-17 21:16:33,146 [grpc-default-executor-2] INFO  impl.RoleInfo (RoleInfo.java:updateAndGet(143)) - 7c510082-4284-44ef-8cd9-bb38fb15579f: start FollowerState
2019-10-17 21:16:33,150 [d2424f4d-20d2-4104-abcc-02e6288f3ffc@group-62509A8A5C15-LeaderElection447] INFO  impl.LeaderElection (LeaderElection.java:logAndReturn(56)) - d2424f4d-20d2-4104-abcc-02e6288f3ffc@group-62509A8A5C15-LeaderElection447: Election TIMEOUT; received 0 response(s) [] and 0 exception(s); d2424f4d-20d2-4104-abcc-02e6288f3ffc@group-62509A8A5C15:t497, leader=null, voted=d2424f4d-20d2-4104-abcc-02e6288f3ffc, raftlog=d2424f4d-20d2-4104-abcc-02e6288f3ffc@group-62509A8A5C15-SegmentedRaftLog:OPENED:c-1,f-1,i0, conf=-1: [3909bd6a-278d-4911-9d70-32680c972d02:192.168.157.223:33343, d2424f4d-20d2-4104-abcc-02e6288f3ffc:192.168.157.223:39352, 7c510082-4284-44ef-8cd9-bb38fb15579f:192.168.157.223:33098], old=null
2019-10-17 21:16:33,168 [d2424f4d-20d2-4104-abcc-02e6288f3ffc@group-62509A8A5C15-LeaderElection447] INFO  impl.LeaderElection (LeaderElection.java:askForVotes(178)) - d2424f4d-20d2-4104-abcc-02e6288f3ffc@group-62509A8A5C15-LeaderElection447: begin an election at term 498 for -1: [3909bd6a-278d-4911-9d70-32680c972d02:192.168.157.223:33343, d2424f4d-20d2-4104-abcc-02e6288f3ffc:192.168.157.223:39352, 7c510082-4284-44ef-8cd9-bb38fb15579f:192.168.157.223:33098], old=null
2019-10-17 21:16:33,170 [grpc-default-executor-2] INFO  impl.RaftServerImpl (RaftServerImpl.java:setRole(184)) - 3909bd6a-278d-4911-9d70-32680c972d02@group-62509A8A5C15: changes role from  FOLLOWER to FOLLOWER at term 498 for recognizeCandidate:d2424f4d-20d2-4104-abcc-02e6288f3ffc
2019-10-17 21:16:33,170 [grpc-default-executor-2] INFO  impl.RoleInfo (RoleInfo.java:shutdownFollowerState(121)) - 3909bd6a-278d-4911-9d70-32680c972d02: shutdown FollowerState
2019-10-17 21:16:33,170 [grpc-default-executor-4] INFO  impl.RaftServerImpl (RaftServerImpl.java:setRole(184)) - 7c510082-4284-44ef-8cd9-bb38fb15579f@group-62509A8A5C15: changes role from  FOLLOWER to FOLLOWER at term 498 for recognizeCandidate:d2424f4d-20d2-4104-abcc-02e6288f3ffc
2019-10-17 21:16:33,170 [grpc-default-executor-4] INFO  impl.RoleInfo (RoleInfo.java:shutdownFollowerState(121)) - 7c510082-4284-44ef-8cd9-bb38fb15579f: shutdown FollowerState
2019-10-17 21:16:33,170 [Thread-3253] INFO  impl.FollowerState (FollowerState.java:run(117)) - 3909bd6a-278d-4911-9d70-32680c972d02@group-62509A8A5C15-FollowerState was interrupted: java.lang.InterruptedException: sleep interrupted
2019-10-17 21:16:33,170 [grpc-default-executor-2] INFO  impl.RoleInfo (RoleInfo.java:updateAndGet(143)) - 3909bd6a-278d-4911-9d70-32680c972d02: start FollowerState
2019-10-17 21:16:33,171 [Thread-3254] INFO  impl.FollowerState (FollowerState.java:run(117)) - 7c510082-4284-44ef-8cd9-bb38fb15579f@group-62509A8A5C15-FollowerState was interrupted: java.lang.InterruptedException: sleep interrupted
2019-10-17 21:16:33,171 [grpc-default-executor-4] INFO  impl.RoleInfo (RoleInfo.java:updateAndGet(143)) - 7c510082-4284-44ef-8cd9-bb38fb15579f: start FollowerState
2019-10-17 21:16:33,186 [d2424f4d-20d2-4104-abcc-02e6288f3ffc@group-62509A8A5C15-LeaderElection447] INFO  impl.LeaderElection (LeaderElection.java:logAndReturn(56)) - d2424f4d-20d2-4104-abcc-02e6288f3ffc@group-62509A8A5C15-LeaderElection447: Election REJECTED; received 2 response(s) [d2424f4d-20d2-4104-abcc-02e6288f3ffc<-3909bd6a-278d-4911-9d70-32680c972d02#0:FAIL-t498, d2424f4d-20d2-4104-abcc-02e6288f3ffc<-7c510082-4284-44ef-8cd9-bb38fb15579f#0:FAIL-t498] and 0 exception(s); d2424f4d-20d2-4104-abcc-02e6288f3ffc@group-62509A8A5C15:t498, leader=null, voted=d2424f4d-20d2-4104-abcc-02e6288f3ffc, raftlog=d2424f4d-20d2-4104-abcc-02e6288f3ffc@group-62509A8A5C15-SegmentedRaftLog:OPENED:c-1,f-1,i0, conf=-1: [3909bd6a-278d-4911-9d70-32680c972d02:192.168.157.223:33343, d2424f4d-20d2-4104-abcc-02e6288f3ffc:192.168.157.223:39352, 7c510082-4284-44ef-8cd9-bb38fb15579f:192.168.157.223:33098], old=null
2019-10-17 21:16:33,186 [d2424f4d-20d2-4104-abcc-02e6288f3ffc@group-62509A8A5C15-LeaderElection447] INFO  impl.RaftServerImpl (RaftServerImpl.java:setRole(184)) - d2424f4d-20d2-4104-abcc-02e6288f3ffc@group-62509A8A5C15: changes role from CANDIDATE to FOLLOWER at term 498 for DISCOVERED_A_NEW_TERM
2019-10-17 21:16:33,186 [d2424f4d-20d2-4104-abcc-02e6288f3ffc@group-62509A8A5C15-LeaderElection447] INFO  impl.RoleInfo (RoleInfo.java:shutdownLeaderElection(134)) - d2424f4d-20d2-4104-abcc-02e6288f3ffc: shutdown LeaderElection
2019-10-17 21:16:33,186 [d2424f4d-20d2-4104-abcc-02e6288f3ffc@group-62509A8A5C15-LeaderElection447] INFO  impl.RoleInfo (RoleInfo.java:updateAndGet(143)) - d2424f4d-20d2-4104-abcc-02e6288f3ffc: start FollowerState
2019-10-17 21:16:33,246 [Thread-3259] INFO  impl.FollowerState (FollowerState.java:run(108)) - d2424f4d-20d2-4104-abcc-02e6288f3ffc@group-62509A8A5C15-FollowerState: change to CANDIDATE, lastRpcTime:59ms, electionTimeout:59ms
2019-10-17 21:16:33,246 [Thread-3259] INFO  impl.RoleInfo (RoleInfo.java:shutdownFollowerState(121)) - d2424f4d-20d2-4104-abcc-02e6288f3ffc: shutdown FollowerState
2019-10-17 21:16:33,246 [Thread-3259] INFO  impl.RaftServerImpl (RaftServerImpl.java:setRole(184)) - d2424f4d-20d2-4104-abcc-02e6288f3ffc@group-62509A8A5C15: changes role from  FOLLOWER to CANDIDATE at term 498 for changeToCandidate
2019-10-17 21:16:33,246 [Thread-3259] INFO  impl.RoleInfo (RoleInfo.java:updateAndGet(143)) - d2424f4d-20d2-4104-abcc-02e6288f3ffc: start LeaderElection
2019-10-17 21:16:33,259 [d2424f4d-20d2-4104-abcc-02e6288f3ffc@group-62509A8A5C15-LeaderElection448] INFO  impl.LeaderElection (LeaderElection.java:askForVotes(178)) - d2424f4d-20d2-4104-abcc-02e6288f3ffc@group-62509A8A5C15-LeaderElection448: begin an election at term 499 for -1: [3909bd6a-278d-4911-9d70-32680c972d02:192.168.157.223:33343, d2424f4d-20d2-4104-abcc-02e6288f3ffc:192.168.157.223:39352, 7c510082-4284-44ef-8cd9-bb38fb15579f:192.168.157.223:33098], old=null
2019-10-17 21:16:33,260 [grpc-default-executor-2] INFO  impl.RaftServerImpl (RaftServerImpl.java:setRole(184)) - 3909bd6a-278d-4911-9d70-32680c972d02@group-62509A8A5C15: changes role from  FOLLOWER to FOLLOWER at term 499 for recognizeCandidate:d2424f4d-20d2-4104-abcc-02e6288f3ffc
2019-10-17 21:16:33,261 [grpc-default-executor-2] INFO  impl.RoleInfo (RoleInfo.java:shutdownFollowerState(121)) - 3909bd6a-278d-4911-9d70-32680c972d02: shutdown FollowerState
2019-10-17 21:16:33,261 [grpc-default-executor-4] INFO  impl.RaftServerImpl (RaftServerImpl.java:setRole(184)) - 7c510082-4284-44ef-8cd9-bb38fb15579f@group-62509A8A5C15: changes role from  FOLLOWER to FOLLOWER at term 499 for recognizeCandidate:d2424f4d-20d2-4104-abcc-02e6288f3ffc
2019-10-17 21:16:33,261 [grpc-default-executor-4] INFO  impl.RoleInfo (RoleInfo.java:shutdownFollowerState(121)) - 7c510082-4284-44ef-8cd9-bb38fb15579f: shutdown FollowerState
2019-10-17 21:16:33,261 [Thread-3257] INFO  impl.FollowerState (FollowerState.java:run(117)) - 3909bd6a-278d-4911-9d70-32680c972d02@group-62509A8A5C15-FollowerState was interrupted: java.lang.InterruptedException: sleep interrupted
2019-10-17 21:16:33,261 [grpc-default-executor-2] INFO  impl.RoleInfo (RoleInfo.java:updateAndGet(143)) - 3909bd6a-278d-4911-9d70-32680c972d02: start FollowerState
2019-10-17 21:16:33,261 [Thread-3258] INFO  impl.FollowerState (FollowerState.java:run(117)) - 7c510082-4284-44ef-8cd9-bb38fb15579f@group-62509A8A5C15-FollowerState was interrupted: java.lang.InterruptedException: sleep interrupted
2019-10-17 21:16:33,261 [grpc-default-executor-4] INFO  impl.RoleInfo (RoleInfo.java:updateAndGet(143)) - 7c510082-4284-44ef-8cd9-bb38fb15579f: start FollowerState
2019-10-17 21:16:33,288 [d2424f4d-20d2-4104-abcc-02e6288f3ffc@group-62509A8A5C15-LeaderElection448] INFO  impl.LeaderElection (LeaderElection.java:logAndReturn(56)) - d2424f4d-20d2-4104-abcc-02e6288f3ffc@group-62509A8A5C15-LeaderElection448: Election REJECTED; received 2 response(s) [d2424f4d-20d2-4104-abcc-02e6288f3ffc<-3909bd6a-278d-4911-9d70-32680c972d02#0:FAIL-t499, d2424f4d-20d2-4104-abcc-02e6288f3ffc<-7c510082-4284-44ef-8cd9-bb38fb15579f#0:FAIL-t499] and 0 exception(s); d2424f4d-20d2-4104-abcc-02e6288f3ffc@group-62509A8A5C15:t499, leader=null, voted=d2424f4d-20d2-4104-abcc-02e6288f3ffc, raftlog=d2424f4d-20d2-4104-abcc-02e6288f3ffc@group-62509A8A5C15-SegmentedRaftLog:OPENED:c-1,f-1,i0, conf=-1: [3909bd6a-278d-4911-9d70-32680c972d02:192.168.157.223:33343, d2424f4d-20d2-4104-abcc-02e6288f3ffc:192.168.157.223:39352, 7c510082-4284-44ef-8cd9-bb38fb15579f:192.168.157.223:33098], old=null
2019-10-17 21:16:33,288 [d2424f4d-20d2-4104-abcc-02e6288f3ffc@group-62509A8A5C15-LeaderElection448] INFO  impl.RaftServerImpl (RaftServerImpl.java:setRole(184)) - d2424f4d-20d2-4104-abcc-02e6288f3ffc@group-62509A8A5C15: changes role from CANDIDATE to FOLLOWER at term 499 for DISCOVERED_A_NEW_TERM
2019-10-17 21:16:33,289 [d2424f4d-20d2-4104-abcc-02e6288f3ffc@group-62509A8A5C15-LeaderElection448] INFO  impl.RoleInfo (RoleInfo.java:shutdownLeaderElection(134)) - d2424f4d-20d2-4104-abcc-02e6288f3ffc: shutdown LeaderElection
2019-10-17 21:16:33,289 [d2424f4d-20d2-4104-abcc-02e6288f3ffc@group-62509A8A5C15-LeaderElection448] INFO  impl.RoleInfo (RoleInfo.java:updateAndGet(143)) - d2424f4d-20d2-4104-abcc-02e6288f3ffc: start FollowerState
2019-10-17 21:16:33,379 [Thread-3265] INFO  impl.FollowerState (FollowerState.java:run(108)) - d2424f4d-20d2-4104-abcc-02e6288f3ffc@group-62509A8A5C15-FollowerState: change to CANDIDATE, lastRpcTime:90ms, electionTimeout:90ms
2019-10-17 21:16:33,380 [Thread-3265] INFO  impl.RoleInfo (RoleInfo.java:shutdownFollowerState(121)) - d2424f4d-20d2-4104-abcc-02e6288f3ffc: shutdown FollowerState
2019-10-17 21:16:33,380 [Thread-3265] INFO  impl.RaftServerImpl (RaftServerImpl.java:setRole(184)) - d2424f4d-20d2-4104-abcc-02e6288f3ffc@group-62509A8A5C15: changes role from  FOLLOWER to CANDIDATE at term 499 for changeToCandidate
2019-10-17 21:16:33,380 [Thread-3265] INFO  impl.RoleInfo (RoleInfo.java:updateAndGet(143)) - d2424f4d-20d2-4104-abcc-02e6288f3ffc: start LeaderElection
2019-10-17 21:16:33,407 [d2424f4d-20d2-4104-abcc-02e6288f3ffc@group-62509A8A5C15-LeaderElection449] INFO  impl.LeaderElection (LeaderElection.java:askForVotes(178)) - d2424f4d-20d2-4104-abcc-02e6288f3ffc@group-62509A8A5C15-LeaderElection449: begin an election at term 500 for -1: [3909bd6a-278d-4911-9d70-32680c972d02:192.168.157.223:33343, d2424f4d-20d2-4104-abcc-02e6288f3ffc:192.168.157.223:39352, 7c510082-4284-44ef-8cd9-bb38fb15579f:192.168.157.223:33098], old=null
2019-10-17 21:16:33,408 [grpc-default-executor-4] INFO  impl.RaftServerImpl (RaftServerImpl.java:setRole(184)) - 3909bd6a-278d-4911-9d70-32680c972d02@group-62509A8A5C15: changes role from  FOLLOWER to FOLLOWER at term 500 for recognizeCandidate:d2424f4d-20d2-4104-abcc-02e6288f3ffc
2019-10-17 21:16:33,409 [grpc-default-executor-4] INFO  impl.RoleInfo (RoleInfo.java:shutdownFollowerState(121)) - 3909bd6a-278d-4911-9d70-32680c972d02: shutdown FollowerState
2019-10-17 21:16:33,408 [grpc-default-executor-2] INFO  impl.RaftServerImpl (RaftServerImpl.java:setRole(184)) - 7c510082-4284-44ef-8cd9-bb38fb15579f@group-62509A8A5C15: changes role from  FOLLOWER to FOLLOWER at term 500 for recognizeCandidate:d2424f4d-20d2-4104-abcc-02e6288f3ffc
2019-10-17 21:16:33,409 [Thread-3263] INFO  impl.FollowerState (FollowerState.java:run(117)) - 3909bd6a-278d-4911-9d70-32680c972d02@group-62509A8A5C15-FollowerState was interrupted: java.lang.InterruptedException: sleep interrupted
2019-10-17 21:16:33,409 [grpc-default-executor-4] INFO  impl.RoleInfo (RoleInfo.java:updateAndGet(143)) - 3909bd6a-278d-4911-9d70-32680c972d02: start FollowerState
2019-10-17 21:16:33,409 [grpc-default-executor-2] INFO  impl.RoleInfo (RoleInfo.java:shutdownFollowerState(121)) - 7c510082-4284-44ef-8cd9-bb38fb15579f: shutdown FollowerState
2019-10-17 21:16:33,410 [grpc-default-executor-2] INFO  impl.RoleInfo (RoleInfo.java:updateAndGet(143)) - 7c510082-4284-44ef-8cd9-bb38fb15579f: start FollowerState
2019-10-17 21:16:33,410 [Thread-3264] INFO  impl.FollowerState (FollowerState.java:run(117)) - 7c510082-4284-44ef-8cd9-bb38fb15579f@group-62509A8A5C15-FollowerState was interrupted: java.lang.InterruptedException: sleep interrupted
2019-10-17 21:16:33,435 [d2424f4d-20d2-4104-abcc-02e6288f3ffc@group-62509A8A5C15-LeaderElection449] INFO  impl.LeaderElection (LeaderElection.java:logAndReturn(56)) - d2424f4d-20d2-4104-abcc-02e6288f3ffc@group-62509A8A5C15-LeaderElection449: Election REJECTED; received 2 response(s) [d2424f4d-20d2-4104-abcc-02e6288f3ffc<-3909bd6a-278d-4911-9d70-32680c972d02#0:FAIL-t500, d2424f4d-20d2-4104-abcc-02e6288f3ffc<-7c510082-4284-44ef-8cd9-bb38fb15579f#0:FAIL-t500] and 0 exception(s); d2424f4d-20d2-4104-abcc-02e6288f3ffc@group-62509A8A5C15:t500, leader=null, voted=d2424f4d-20d2-4104-abcc-02e6288f3ffc, raftlog=d2424f4d-20d2-4104-abcc-02e6288f3ffc@group-62509A8A5C15-SegmentedRaftLog:OPENED:c-1,f-1,i0, conf=-1: [3909bd6a-278d-4911-9d70-32680c972d02:192.168.157.223:33343, d2424f4d-20d2-4104-abcc-02e6288f3ffc:192.168.157.223:39352, 7c510082-4284-44ef-8cd9-bb38fb15579f:192.168.157.223:33098], old=null
2019-10-17 21:16:33,436 [d2424f4d-20d2-4104-abcc-02e6288f3ffc@group-62509A8A5C15-LeaderElection449] INFO  impl.RaftServerImpl (RaftServerImpl.java:setRole(184)) - d2424f4d-20d2-4104-abcc-02e6288f3ffc@group-62509A8A5C15: changes role from CANDIDATE to FOLLOWER at term 500 for DISCOVERED_A_NEW_TERM
2019-10-17 21:16:33,436 [d2424f4d-20d2-4104-abcc-02e6288f3ffc@group-62509A8A5C15-LeaderElection449] INFO  impl.RoleInfo (RoleInfo.java:shutdownLeaderElection(134)) - d2424f4d-20d2-4104-abcc-02e6288f3ffc: shutdown LeaderElection
2019-10-17 21:16:33,436 [d2424f4d-20d2-4104-abcc-02e6288f3ffc@group-62509A8A5C15-LeaderElection449] INFO  impl.RoleInfo (RoleInfo.java:updateAndGet(143)) - d2424f4d-20d2-4104-abcc-02e6288f3ffc: start FollowerState
2019-10-17 21:16:33,467 [Thread-3273] INFO  impl.FollowerState (FollowerState.java:run(108)) - d2424f4d-20d2-4104-abcc-02e6288f3ffc@group-62509A8A5C15-FollowerState: change to CANDIDATE, lastRpcTime:31ms, electionTimeout:31ms
2019-10-17 21:16:33,467 [Thread-3273] INFO  impl.RoleInfo (RoleInfo.java:shutdownFollowerState(121)) - d2424f4d-20d2-4104-abcc-02e6288f3ffc: shutdown FollowerState
2019-10-17 21:16:33,468 [Thread-3273] INFO  impl.RaftServerImpl (RaftServerImpl.java:setRole(184)) - d2424f4d-20d2-4104-abcc-02e6288f3ffc@group-62509A8A5C15: changes role from  FOLLOWER to CANDIDATE at term 500 for changeToCandidate
2019-10-17 21:16:33,468 [Thread-3273] INFO  impl.RoleInfo (RoleInfo.java:updateAndGet(143)) - d2424f4d-20d2-4104-abcc-02e6288f3ffc: start LeaderElection
2019-10-17 21:16:33,482 [d2424f4d-20d2-4104-abcc-02e6288f3ffc@group-62509A8A5C15-LeaderElection450] INFO  impl.LeaderElection (LeaderElection.java:askForVotes(178)) - d2424f4d-20d2-4104-abcc-02e6288f3ffc@group-62509A8A5C15-LeaderElection450: begin an election at term 501 for -1: [3909bd6a-278d-4911-9d70-32680c972d02:192.168.157.223:33343, d2424f4d-20d2-4104-abcc-02e6288f3ffc:192.168.157.223:39352, 7c510082-4284-44ef-8cd9-bb38fb15579f:192.168.157.223:33098], old=null
2019-10-17 21:16:33,483 [grpc-default-executor-4] INFO  impl.RaftServerImpl (RaftServerImpl.java:setRole(184)) - 3909bd6a-278d-4911-9d70-32680c972d02@group-62509A8A5C15: changes role from  FOLLOWER to FOLLOWER at term 501 for recognizeCandidate:d2424f4d-20d2-4104-abcc-02e6288f3ffc
2019-10-17 21:16:33,483 [grpc-default-executor-4] INFO  impl.RoleInfo (RoleInfo.java:shutdownFollowerState(121)) - 3909bd6a-278d-4911-9d70-32680c972d02: shutdown FollowerState
2019-10-17 21:16:33,483 [grpc-default-executor-4] INFO  impl.RoleInfo (RoleInfo.java:updateAndGet(143)) - 3909bd6a-278d-4911-9d70-32680c972d02: start FollowerState
2019-10-17 21:16:33,483 [grpc-default-executor-2] INFO  impl.RaftServerImpl (RaftServerImpl.java:setRole(184)) - 7c510082-4284-44ef-8cd9-bb38fb15579f@group-62509A8A5C15: changes role from  FOLLOWER to FOLLOWER at term 501 for recognizeCandidate:d2424f4d-20d2-4104-abcc-02e6288f3ffc
2019-10-17 21:16:33,484 [grpc-default-executor-2] INFO  impl.RoleInfo (RoleInfo.java:shutdownFollowerState(121)) - 7c510082-4284-44ef-8cd9-bb38fb15579f: shutdown FollowerState
2019-10-17 21:16:33,483 [Thread-3271] INFO  impl.FollowerState (FollowerState.java:run(117)) - 3909bd6a-278d-4911-9d70-32680c972d02@group-62509A8A5C15-FollowerState was interrupted: java.lang.InterruptedException: sleep interrupted
2019-10-17 21:16:33,484 [Thread-3272] INFO  impl.FollowerState (FollowerState.java:run(117)) - 7c510082-4284-44ef-8cd9-bb38fb15579f@group-62509A8A5C15-FollowerState was interrupted: java.lang.InterruptedException: sleep interrupted
2019-10-17 21:16:33,484 [grpc-default-executor-2] INFO  impl.RoleInfo (RoleInfo.java:updateAndGet(143)) - 7c510082-4284-44ef-8cd9-bb38fb15579f: start FollowerState
2019-10-17 21:16:33,498 [d2424f4d-20d2-4104-abcc-02e6288f3ffc@group-62509A8A5C15-LeaderElection450] INFO  impl.LeaderElection (LeaderElection.java:logAndReturn(56)) - d2424f4d-20d2-4104-abcc-02e6288f3ffc@group-62509A8A5C15-LeaderElection450: Election REJECTED; received 2 response(s) [d2424f4d-20d2-4104-abcc-02e6288f3ffc<-3909bd6a-278d-4911-9d70-32680c972d02#0:FAIL-t501, d2424f4d-20d2-4104-abcc-02e6288f3ffc<-7c510082-4284-44ef-8cd9-bb38fb15579f#0:FAIL-t501] and 0 exception(s); d2424f4d-20d2-4104-abcc-02e6288f3ffc@group-62509A8A5C15:t501, leader=null, voted=d2424f4d-20d2-4104-abcc-02e6288f3ffc, raftlog=d2424f4d-20d2-4104-abcc-02e6288f3ffc@group-62509A8A5C15-SegmentedRaftLog:OPENED:c-1,f-1,i0, conf=-1: [3909bd6a-278d-4911-9d70-32680c972d02:192.168.157.223:33343, d2424f4d-20d2-4104-abcc-02e6288f3ffc:192.168.157.223:39352, 7c510082-4284-44ef-8cd9-bb38fb15579f:192.168.157.223:33098], old=null
2019-10-17 21:16:33,498 [d2424f4d-20d2-4104-abcc-02e6288f3ffc@group-62509A8A5C15-LeaderElection450] INFO  impl.RaftServerImpl (RaftServerImpl.java:setRole(184)) - d2424f4d-20d2-4104-abcc-02e6288f3ffc@group-62509A8A5C15: changes role from CANDIDATE to FOLLOWER at term 501 for DISCOVERED_A_NEW_TERM
2019-10-17 21:16:33,498 [d2424f4d-20d2-4104-abcc-02e6288f3ffc@group-62509A8A5C15-LeaderElection450] INFO  impl.RoleInfo (RoleInfo.java:shutdownLeaderElection(134)) - d2424f4d-20d2-4104-abcc-02e6288f3ffc: shutdown LeaderElection
2019-10-17 21:16:33,498 [d2424f4d-20d2-4104-abcc-02e6288f3ffc@group-62509A8A5C15-LeaderElection450] INFO  impl.RoleInfo (RoleInfo.java:updateAndGet(143)) - d2424f4d-20d2-4104-abcc-02e6288f3ffc: start FollowerState
2019-10-17 21:16:33,634 [Thread-3279] INFO  impl.FollowerState (FollowerState.java:run(108)) - d2424f4d-20d2-4104-abcc-02e6288f3ffc@group-62509A8A5C15-FollowerState: change to CANDIDATE, lastRpcTime:135ms, electionTimeout:135ms
2019-10-17 21:16:33,634 [Thread-3279] INFO  impl.RoleInfo (RoleInfo.java:shutdownFollowerState(121)) - d2424f4d-20d2-4104-abcc-02e6288f3ffc: shutdown FollowerState
2019-10-17 21:16:33,634 [Thread-3279] INFO  impl.RaftServerImpl (RaftServerImpl.java:setRole(184)) - d2424f4d-20d2-4104-abcc-02e6288f3ffc@group-62509A8A5C15: changes role from  FOLLOWER to CANDIDATE at term 501 for changeToCandidate
2019-10-17 21:16:33,634 [Thread-3279] INFO  impl.RoleInfo (RoleInfo.java:updateAndGet(143)) - d2424f4d-20d2-4104-abcc-02e6288f3ffc: start LeaderElection
2019-10-17 21:16:33,648 [d2424f4d-20d2-4104-abcc-02e6288f3ffc@group-62509A8A5C15-LeaderElection451] INFO  impl.LeaderElection (LeaderElection.java:askForVotes(178)) - d2424f4d-20d2-4104-abcc-02e6288f3ffc@group-62509A8A5C15-LeaderElection451: begin an election at term 502 for -1: [3909bd6a-278d-4911-9d70-32680c972d02:192.168.157.223:33343, d2424f4d-20d2-4104-abcc-02e6288f3ffc:192.168.157.223:39352, 7c510082-4284-44ef-8cd9-bb38fb15579f:192.168.157.223:33098], old=null
2019-10-17 21:16:33,649 [grpc-default-executor-4] INFO  impl.RaftServerImpl (RaftServerImpl.java:setRole(184)) - 3909bd6a-278d-4911-9d70-32680c972d02@group-62509A8A5C15: changes role from  FOLLOWER to FOLLOWER at term 502 for recognizeCandidate:d2424f4d-20d2-4104-abcc-02e6288f3ffc
2019-10-17 21:16:33,649 [grpc-default-executor-4] INFO  impl.RoleInfo (RoleInfo.java:shutdownFollowerState(121)) - 3909bd6a-278d-4911-9d70-32680c972d02: shutdown FollowerState
2019-10-17 21:16:33,650 [grpc-default-executor-2] INFO  impl.RaftServerImpl (RaftServerImpl.java:setRole(184)) - 7c510082-4284-44ef-8cd9-bb38fb15579f@group-62509A8A5C15: changes role from  FOLLOWER to FOLLOWER at term 502 for recognizeCandidate:d2424f4d-20d2-4104-abcc-02e6288f3ffc
2019-10-17 21:16:33,650 [grpc-default-executor-2] INFO  impl.RoleInfo (RoleInfo.java:shutdownFollowerState(121)) - 7c510082-4284-44ef-8cd9-bb38fb15579f: shutdown FollowerState
2019-10-17 21:16:33,650 [Thread-3277] INFO  impl.FollowerState (FollowerState.java:run(117)) - 3909bd6a-278d-4911-9d70-32680c972d02@group-62509A8A5C15-FollowerState was interrupted: java.lang.InterruptedException: sleep interrupted
2019-10-17 21:16:33,650 [grpc-default-executor-4] INFO  impl.RoleInfo (RoleInfo.java:updateAndGet(143)) - 3909bd6a-278d-4911-9d70-32680c972d02: start FollowerState
2019-10-17 21:16:33,650 [Thread-3278] INFO  impl.FollowerState (FollowerState.java:run(117)) - 7c510082-4284-44ef-8cd9-bb38fb15579f@group-62509A8A5C15-FollowerState was interrupted: java.lang.InterruptedException: sleep interrupted
2019-10-17 21:16:33,650 [grpc-default-executor-2] INFO  impl.RoleInfo (RoleInfo.java:updateAndGet(143)) - 7c510082-4284-44ef-8cd9-bb38fb15579f: start FollowerState
2019-10-17 21:16:33,676 [d2424f4d-20d2-4104-abcc-02e6288f3ffc@group-62509A8A5C15-LeaderElection451] INFO  impl.LeaderElection (LeaderElection.java:logAndReturn(56)) - d2424f4d-20d2-4104-abcc-02e6288f3ffc@group-62509A8A5C15-LeaderElection451: Election REJECTED; received 2 response(s) [d2424f4d-20d2-4104-abcc-02e6288f3ffc<-3909bd6a-278d-4911-9d70-32680c972d02#0:FAIL-t502, d2424f4d-20d2-4104-abcc-02e6288f3ffc<-7c510082-4284-44ef-8cd9-bb38fb15579f#0:FAIL-t502] and 0 exception(s); d2424f4d-20d2-4104-abcc-02e6288f3ffc@group-62509A8A5C15:t502, leader=null, voted=d2424f4d-20d2-4104-abcc-02e6288f3ffc, raftlog=d2424f4d-20d2-4104-abcc-02e6288f3ffc@group-62509A8A5C15-SegmentedRaftLog:OPENED:c-1,f-1,i0, conf=-1: [3909bd6a-278d-4911-9d70-32680c972d02:192.168.157.223:33343, d2424f4d-20d2-4104-abcc-02e6288f3ffc:192.168.157.223:39352, 7c510082-4284-44ef-8cd9-bb38fb15579f:192.168.157.223:33098], old=null
2019-10-17 21:16:33,677 [d2424f4d-20d2-4104-abcc-02e6288f3ffc@group-62509A8A5C15-LeaderElection451] INFO  impl.RaftServerImpl (RaftServerImpl.java:setRole(184)) - d2424f4d-20d2-4104-abcc-02e6288f3ffc@group-62509A8A5C15: changes role from CANDIDATE to FOLLOWER at term 502 for DISCOVERED_A_NEW_TERM
2019-10-17 21:16:33,677 [d2424f4d-20d2-4104-abcc-02e6288f3ffc@group-62509A8A5C15-LeaderElection451] INFO  impl.RoleInfo (RoleInfo.java:shutdownLeaderElection(134)) - d2424f4d-20d2-4104-abcc-02e6288f3ffc: shutdown LeaderElection
2019-10-17 21:16:33,677 [d2424f4d-20d2-4104-abcc-02e6288f3ffc@group-62509A8A5C15-LeaderElection451] INFO  impl.RoleInfo (RoleInfo.java:updateAndGet(143)) - d2424f4d-20d2-4104-abcc-02e6288f3ffc: start FollowerState
2019-10-17 21:16:33,758 [Thread-3285] INFO  impl.FollowerState (FollowerState.java:run(108)) - d2424f4d-20d2-4104-abcc-02e6288f3ffc@group-62509A8A5C15-FollowerState: change to CANDIDATE, lastRpcTime:81ms, electionTimeout:81ms
2019-10-17 21:16:33,758 [Thread-3285] INFO  impl.RoleInfo (RoleInfo.java:shutdownFollowerState(121)) - d2424f4d-20d2-4104-abcc-02e6288f3ffc: shutdown FollowerState
2019-10-17 21:16:33,758 [Thread-3285] INFO  impl.RaftServerImpl (RaftServerImpl.java:setRole(184)) - d2424f4d-20d2-4104-abcc-02e6288f3ffc@group-62509A8A5C15: changes role from  FOLLOWER to CANDIDATE at term 502 for changeToCandidate
2019-10-17 21:16:33,759 [Thread-3285] INFO  impl.RoleInfo (RoleInfo.java:updateAndGet(143)) - d2424f4d-20d2-4104-abcc-02e6288f3ffc: start LeaderElection
2019-10-17 21:16:33,772 [d2424f4d-20d2-4104-abcc-02e6288f3ffc@group-62509A8A5C15-LeaderElection452] INFO  impl.LeaderElection (LeaderElection.java:askForVotes(178)) - d2424f4d-20d2-4104-abcc-02e6288f3ffc@group-62509A8A5C15-LeaderElection452: begin an election at term 503 for -1: [3909bd6a-278d-4911-9d70-32680c972d02:192.168.157.223:33343, d2424f4d-20d2-4104-abcc-02e6288f3ffc:192.168.157.223:39352, 7c510082-4284-44ef-8cd9-bb38fb15579f:192.168.157.223:33098], old=null
2019-10-17 21:16:33,774 [grpc-default-executor-4] INFO  impl.RaftServerImpl (RaftServerImpl.java:setRole(184)) - 3909bd6a-278d-4911-9d70-32680c972d02@group-62509A8A5C15: changes role from  FOLLOWER to FOLLOWER at term 503 for recognizeCandidate:d2424f4d-20d2-4104-abcc-02e6288f3ffc
2019-10-17 21:16:33,774 [grpc-default-executor-4] INFO  impl.RoleInfo (RoleInfo.java:shutdownFollowerState(121)) - 3909bd6a-278d-4911-9d70-32680c972d02: shutdown FollowerState
2019-10-17 21:16:33,774 [grpc-default-executor-2] INFO  impl.RaftServerImpl (RaftServerImpl.java:setRole(184)) - 7c510082-4284-44ef-8cd9-bb38fb15579f@group-62509A8A5C15: changes role from  FOLLOWER to FOLLOWER at term 503 for recognizeCandidate:d2424f4d-20d2-4104-abcc-02e6288f3ffc
2019-10-17 21:16:33,774 [grpc-default-executor-2] INFO  impl.RoleInfo (RoleInfo.java:shutdownFollowerState(121)) - 7c510082-4284-44ef-8cd9-bb38fb15579f: shutdown FollowerState
2019-10-17 21:16:33,775 [grpc-default-executor-2] INFO  impl.RoleInfo (RoleInfo.java:updateAndGet(143)) - 7c510082-4284-44ef-8cd9-bb38fb15579f: start FollowerState
2019-10-17 21:16:33,774 [Thread-3283] INFO  impl.FollowerState (FollowerState.java:run(117)) - 3909bd6a-278d-4911-9d70-32680c972d02@group-62509A8A5C15-FollowerState was interrupted: java.lang.InterruptedException: sleep interrupted
2019-10-17 21:16:33,774 [grpc-default-executor-4] INFO  impl.RoleInfo (RoleInfo.java:updateAndGet(143)) - 3909bd6a-278d-4911-9d70-32680c972d02: start FollowerState
2019-10-17 21:16:33,775 [Thread-3284] INFO  impl.FollowerState (FollowerState.java:run(117)) - 7c510082-4284-44ef-8cd9-bb38fb15579f@group-62509A8A5C15-FollowerState was interrupted: java.lang.InterruptedException: sleep interrupted
2019-10-17 21:16:33,800 [d2424f4d-20d2-4104-abcc-02e6288f3ffc@group-62509A8A5C15-LeaderElection452] INFO  impl.LeaderElection (LeaderElection.java:logAndReturn(56)) - d2424f4d-20d2-4104-abcc-02e6288f3ffc@group-62509A8A5C15-LeaderElection452: Election REJECTED; received 2 response(s) [d2424f4d-20d2-4104-abcc-02e6288f3ffc<-3909bd6a-278d-4911-9d70-32680c972d02#0:FAIL-t503, d2424f4d-20d2-4104-abcc-02e6288f3ffc<-7c510082-4284-44ef-8cd9-bb38fb15579f#0:FAIL-t503] and 0 exception(s); d2424f4d-20d2-4104-abcc-02e6288f3ffc@group-62509A8A5C15:t503, leader=null, voted=d2424f4d-20d2-4104-abcc-02e6288f3ffc, raftlog=d2424f4d-20d2-4104-abcc-02e6288f3ffc@group-62509A8A5C15-SegmentedRaftLog:OPENED:c-1,f-1,i0, conf=-1: [3909bd6a-278d-4911-9d70-32680c972d02:192.168.157.223:33343, d2424f4d-20d2-4104-abcc-02e6288f3ffc:192.168.157.223:39352, 7c510082-4284-44ef-8cd9-bb38fb15579f:192.168.157.223:33098], old=null
2019-10-17 21:16:33,800 [d2424f4d-20d2-4104-abcc-02e6288f3ffc@group-62509A8A5C15-LeaderElection452] INFO  impl.RaftServerImpl (RaftServerImpl.java:setRole(184)) - d2424f4d-20d2-4104-abcc-02e6288f3ffc@group-62509A8A5C15: changes role from CANDIDATE to FOLLOWER at term 503 for DISCOVERED_A_NEW_TERM
2019-10-17 21:16:33,801 [d2424f4d-20d2-4104-abcc-02e6288f3ffc@group-62509A8A5C15-LeaderElection452] INFO  impl.RoleInfo (RoleInfo.java:shutdownLeaderElection(134)) - d2424f4d-20d2-4104-abcc-02e6288f3ffc: shutdown LeaderElection
2019-10-17 21:16:33,801 [d2424f4d-20d2-4104-abcc-02e6288f3ffc@group-62509A8A5C15-LeaderElection452] INFO  impl.RoleInfo (RoleInfo.java:updateAndGet(143)) - d2424f4d-20d2-4104-abcc-02e6288f3ffc: start FollowerState
2019-10-17 21:16:33,885 [Thread-3291] INFO  impl.FollowerState (FollowerState.java:run(108)) - d2424f4d-20d2-4104-abcc-02e6288f3ffc@group-62509A8A5C15-FollowerState: change to CANDIDATE, lastRpcTime:84ms, electionTimeout:84ms
2019-10-17 21:16:33,885 [Thread-3291] INFO  impl.RoleInfo (RoleInfo.java:shutdownFollowerState(121)) - d2424f4d-20d2-4104-abcc-02e6288f3ffc: shutdown FollowerState
2019-10-17 21:16:33,885 [Thread-3291] INFO  impl.RaftServerImpl (RaftServerImpl.java:setRole(184)) - d2424f4d-20d2-4104-abcc-02e6288f3ffc@group-62509A8A5C15: changes role from  FOLLOWER to CANDIDATE at term 503 for changeToCandidate
2019-10-17 21:16:33,885 [Thread-3291] INFO  impl.RoleInfo (RoleInfo.java:updateAndGet(143)) - d2424f4d-20d2-4104-abcc-02e6288f3ffc: start LeaderElection
2019-10-17 21:16:33,914 [d2424f4d-20d2-4104-abcc-02e6288f3ffc@group-62509A8A5C15-LeaderElection453] INFO  impl.LeaderElection (LeaderElection.java:askForVotes(178)) - d2424f4d-20d2-4104-abcc-02e6288f3ffc@group-62509A8A5C15-LeaderElection453: begin an election at term 504 for -1: [3909bd6a-278d-4911-9d70-32680c972d02:192.168.157.223:33343, d2424f4d-20d2-4104-abcc-02e6288f3ffc:192.168.157.223:39352, 7c510082-4284-44ef-8cd9-bb38fb15579f:192.168.157.223:33098], old=null
2019-10-17 21:16:33,916 [grpc-default-executor-4] INFO  impl.RaftServerImpl (RaftServerImpl.java:setRole(184)) - 3909bd6a-278d-4911-9d70-32680c972d02@group-62509A8A5C15: changes role from  FOLLOWER to FOLLOWER at term 504 for recognizeCandidate:d2424f4d-20d2-4104-abcc-02e6288f3ffc
2019-10-17 21:16:33,916 [grpc-default-executor-4] INFO  impl.RoleInfo (RoleInfo.java:shutdownFollowerState(121)) - 3909bd6a-278d-4911-9d70-32680c972d02: shutdown FollowerState
2019-10-17 21:16:33,916 [grpc-default-executor-4] INFO  impl.RoleInfo (RoleInfo.java:updateAndGet(143)) - 3909bd6a-278d-4911-9d70-32680c972d02: start FollowerState
2019-10-17 21:16:33,917 [grpc-default-executor-2] INFO  impl.RaftServerImpl (RaftServerImpl.java:setRole(184)) - 7c510082-4284-44ef-8cd9-bb38fb15579f@group-62509A8A5C15: changes role from  FOLLOWER to FOLLOWER at term 504 for recognizeCandidate:d2424f4d-20d2-4104-abcc-02e6288f3ffc
2019-10-17 21:16:33,916 [Thread-3289] INFO  impl.FollowerState (FollowerState.java:run(117)) - 3909bd6a-278d-4911-9d70-32680c972d02@group-62509A8A5C15-FollowerState was interrupted: java.lang.InterruptedException: sleep interrupted
2019-10-17 21:16:33,917 [grpc-default-executor-2] INFO  impl.RoleInfo (RoleInfo.java:shutdownFollowerState(121)) - 7c510082-4284-44ef-8cd9-bb38fb15579f: shutdown FollowerState
2019-10-17 21:16:33,917 [grpc-default-executor-2] INFO  impl.RoleInfo (RoleInfo.java:updateAndGet(143)) - 7c510082-4284-44ef-8cd9-bb38fb15579f: start FollowerState
2019-10-17 21:16:33,917 [Thread-3290] INFO  impl.FollowerState (FollowerState.java:run(117)) - 7c510082-4284-44ef-8cd9-bb38fb15579f@group-62509A8A5C15-FollowerState was interrupted: java.lang.InterruptedException: sleep interrupted
2019-10-17 21:16:33,943 [d2424f4d-20d2-4104-abcc-02e6288f3ffc@group-62509A8A5C15-LeaderElection453] INFO  impl.LeaderElection (LeaderElection.java:logAndReturn(56)) - d2424f4d-20d2-4104-abcc-02e6288f3ffc@group-62509A8A5C15-LeaderElection453: Election REJECTED; received 2 response(s) [d2424f4d-20d2-4104-abcc-02e6288f3ffc<-3909bd6a-278d-4911-9d70-32680c972d02#0:FAIL-t504, d2424f4d-20d2-4104-abcc-02e6288f3ffc<-7c510082-4284-44ef-8cd9-bb38fb15579f#0:FAIL-t504] and 0 exception(s); d2424f4d-20d2-4104-abcc-02e6288f3ffc@group-62509A8A5C15:t504, leader=null, voted=d2424f4d-20d2-4104-abcc-02e6288f3ffc, raftlog=d2424f4d-20d2-4104-abcc-02e6288f3ffc@group-62509A8A5C15-SegmentedRaftLog:OPENED:c-1,f-1,i0, conf=-1: [3909bd6a-278d-4911-9d70-32680c972d02:192.168.157.223:33343, d2424f4d-20d2-4104-abcc-02e6288f3ffc:192.168.157.223:39352, 7c510082-4284-44ef-8cd9-bb38fb15579f:192.168.157.223:33098], old=null
2019-10-17 21:16:33,943 [d2424f4d-20d2-4104-abcc-02e6288f3ffc@group-62509A8A5C15-LeaderElection453] INFO  impl.RaftServerImpl (RaftServerImpl.java:setRole(184)) - d2424f4d-20d2-4104-abcc-02e6288f3ffc@group-62509A8A5C15: changes role from CANDIDATE to FOLLOWER at term 504 for DISCOVERED_A_NEW_TERM
2019-10-17 21:16:33,943 [d2424f4d-20d2-4104-abcc-02e6288f3ffc@group-62509A8A5C15-LeaderElection453] INFO  impl.RoleInfo (RoleInfo.java:shutdownLeaderElection(134)) - d2424f4d-20d2-4104-abcc-02e6288f3ffc: shutdown LeaderElection
2019-10-17 21:16:33,943 [d2424f4d-20d2-4104-abcc-02e6288f3ffc@group-62509A8A5C15-LeaderElection453] INFO  impl.RoleInfo (RoleInfo.java:updateAndGet(143)) - d2424f4d-20d2-4104-abcc-02e6288f3ffc: start FollowerState
2019-10-17 21:16:33,968 [Thread-3297] INFO  impl.FollowerState (FollowerState.java:run(108)) - d2424f4d-20d2-4104-abcc-02e6288f3ffc@group-62509A8A5C15-FollowerState: change to CANDIDATE, lastRpcTime:25ms, electionTimeout:25ms
2019-10-17 21:16:33,969 [Thread-3297] INFO  impl.RoleInfo (RoleInfo.java:shutdownFollowerState(121)) - d2424f4d-20d2-4104-abcc-02e6288f3ffc: shutdown FollowerState
2019-10-17 21:16:33,969 [Thread-3297] INFO  impl.RaftServerImpl (RaftServerImpl.java:setRole(184)) - d2424f4d-20d2-4104-abcc-02e6288f3ffc@group-62509A8A5C15: changes role from  FOLLOWER to CANDIDATE at term 504 for changeToCandidate
2019-10-17 21:16:33,969 [Thread-3297] INFO  impl.RoleInfo (RoleInfo.java:updateAndGet(143)) - d2424f4d-20d2-4104-abcc-02e6288f3ffc: start LeaderElection
2019-10-17 21:16:33,982 [d2424f4d-20d2-4104-abcc-02e6288f3ffc@group-62509A8A5C15-LeaderElection454] INFO  impl.LeaderElection (LeaderElection.java:askForVotes(178)) - d2424f4d-20d2-4104-abcc-02e6288f3ffc@group-62509A8A5C15-LeaderElection454: begin an election at term 505 for -1: [3909bd6a-278d-4911-9d70-32680c972d02:192.168.157.223:33343, d2424f4d-20d2-4104-abcc-02e6288f3ffc:192.168.157.223:39352, 7c510082-4284-44ef-8cd9-bb38fb15579f:192.168.157.223:33098], old=null
2019-10-17 21:16:33,983 [grpc-default-executor-2] INFO  impl.RaftServerImpl (RaftServerImpl.java:setRole(184)) - 3909bd6a-278d-4911-9d70-32680c972d02@group-62509A8A5C15: changes role from  FOLLOWER to FOLLOWER at term 505 for recognizeCandidate:d2424f4d-20d2-4104-abcc-02e6288f3ffc
2019-10-17 21:16:33,984 [grpc-default-executor-2] INFO  impl.RoleInfo (RoleInfo.java:shutdownFollowerState(121)) - 3909bd6a-278d-4911-9d70-32680c972d02: shutdown FollowerState
2019-10-17 21:16:33,984 [grpc-default-executor-4] INFO  impl.RaftServerImpl (RaftServerImpl.java:setRole(184)) - 7c510082-4284-44ef-8cd9-bb38fb15579f@group-62509A8A5C15: changes role from  FOLLOWER to FOLLOWER at term 505 for recognizeCandidate:d2424f4d-20d2-4104-abcc-02e6288f3ffc
2019-10-17 21:16:33,984 [Thread-3295] INFO  impl.FollowerState (FollowerState.java:run(117)) - 3909bd6a-278d-4911-9d70-32680c972d02@group-62509A8A5C15-FollowerState was interrupted: java.lang.InterruptedException: sleep interrupted
2019-10-17 21:16:33,984 [grpc-default-executor-2] INFO  impl.RoleInfo (RoleInfo.java:updateAndGet(143)) - 3909bd6a-278d-4911-9d70-32680c972d02: start FollowerState
2019-10-17 21:16:33,984 [grpc-default-executor-4] INFO  impl.RoleInfo (RoleInfo.java:shutdownFollowerState(121)) - 7c510082-4284-44ef-8cd9-bb38fb15579f: shutdown FollowerState
2019-10-17 21:16:33,984 [grpc-default-executor-4] INFO  impl.RoleInfo (RoleInfo.java:updateAndGet(143)) - 7c510082-4284-44ef-8cd9-bb38fb15579f: start FollowerState
2019-10-17 21:16:33,984 [Thread-3296] INFO  impl.FollowerState (FollowerState.java:run(117)) - 7c510082-4284-44ef-8cd9-bb38fb15579f@group-62509A8A5C15-FollowerState was interrupted: java.lang.InterruptedException: sleep interrupted
2019-10-17 21:16:34,010 [d2424f4d-20d2-4104-abcc-02e6288f3ffc@group-62509A8A5C15-LeaderElection454] INFO  impl.LeaderElection (LeaderElection.java:logAndReturn(56)) - d2424f4d-20d2-4104-abcc-02e6288f3ffc@group-62509A8A5C15-LeaderElection454: Election REJECTED; received 2 response(s) [d2424f4d-20d2-4104-abcc-02e6288f3ffc<-3909bd6a-278d-4911-9d70-32680c972d02#0:FAIL-t505, d2424f4d-20d2-4104-abcc-02e6288f3ffc<-7c510082-4284-44ef-8cd9-bb38fb15579f#0:FAIL-t505] and 0 exception(s); d2424f4d-20d2-4104-abcc-02e6288f3ffc@group-62509A8A5C15:t505, leader=null, voted=d2424f4d-20d2-4104-abcc-02e6288f3ffc, raftlog=d2424f4d-20d2-4104-abcc-02e6288f3ffc@group-62509A8A5C15-SegmentedRaftLog:OPENED:c-1,f-1,i0, conf=-1: [3909bd6a-278d-4911-9d70-32680c972d02:192.168.157.223:33343, d2424f4d-20d2-4104-abcc-02e6288f3ffc:192.168.157.223:39352, 7c510082-4284-44ef-8cd9-bb38fb15579f:192.168.157.223:33098], old=null
2019-10-17 21:16:34,010 [d2424f4d-20d2-4104-abcc-02e6288f3ffc@group-62509A8A5C15-LeaderElection454] INFO  impl.RaftServerImpl (RaftServerImpl.java:setRole(184)) - d2424f4d-20d2-4104-abcc-02e6288f3ffc@group-62509A8A5C15: changes role from CANDIDATE to FOLLOWER at term 505 for DISCOVERED_A_NEW_TERM
2019-10-17 21:16:34,010 [d2424f4d-20d2-4104-abcc-02e6288f3ffc@group-62509A8A5C15-LeaderElection454] INFO  impl.RoleInfo (RoleInfo.java:shutdownLeaderElection(134)) - d2424f4d-20d2-4104-abcc-02e6288f3ffc: shutdown LeaderElection
2019-10-17 21:16:34,010 [d2424f4d-20d2-4104-abcc-02e6288f3ffc@group-62509A8A5C15-LeaderElection454] INFO  impl.RoleInfo (RoleInfo.java:updateAndGet(143)) - d2424f4d-20d2-4104-abcc-02e6288f3ffc: start FollowerState
2019-10-17 21:16:34,067 [main] INFO  ozoneimpl.OzoneContainer (OzoneContainer.java:stop(227)) - Attempting to stop container services.
2019-10-17 21:16:34,067 [ForkJoinPool.commonPool-worker-0] INFO  ozoneimpl.OzoneContainer (OzoneContainer.java:stop(227)) - Attempting to stop container services.
2019-10-17 21:16:34,068 [main] INFO  impl.RaftServerProxy (RaftServerProxy.java:lambda$close$4(314)) - d2424f4d-20d2-4104-abcc-02e6288f3ffc: close
2019-10-17 21:16:34,068 [ForkJoinPool.commonPool-worker-0] INFO  impl.RaftServerProxy (RaftServerProxy.java:lambda$close$4(314)) - 7c510082-4284-44ef-8cd9-bb38fb15579f: close
2019-10-17 21:16:34,068 [main] INFO  impl.RaftServerImpl (RaftServerImpl.java:lambda$shutdown$3(261)) - d2424f4d-20d2-4104-abcc-02e6288f3ffc@group-62509A8A5C15: shutdown
2019-10-17 21:16:34,068 [ForkJoinPool.commonPool-worker-0] INFO  impl.RaftServerImpl (RaftServerImpl.java:lambda$shutdown$3(261)) - 7c510082-4284-44ef-8cd9-bb38fb15579f@group-62509A8A5C15: shutdown
2019-10-17 21:16:34,068 [main] INFO  util.JmxRegister (JmxRegister.java:unregister(73)) - Successfully un-registered JMX Bean with object name Ratis:service=RaftServer,group=group-62509A8A5C15,id=d2424f4d-20d2-4104-abcc-02e6288f3ffc
2019-10-17 21:16:34,069 [ForkJoinPool.commonPool-worker-0] INFO  util.JmxRegister (JmxRegister.java:unregister(73)) - Successfully un-registered JMX Bean with object name Ratis:service=RaftServer,group=group-62509A8A5C15,id=7c510082-4284-44ef-8cd9-bb38fb15579f
2019-10-17 21:16:34,069 [ForkJoinPool.commonPool-worker-0] INFO  impl.RoleInfo (RoleInfo.java:shutdownFollowerState(121)) - 7c510082-4284-44ef-8cd9-bb38fb15579f: shutdown FollowerState
2019-10-17 21:16:34,069 [main] INFO  impl.RoleInfo (RoleInfo.java:shutdownFollowerState(121)) - d2424f4d-20d2-4104-abcc-02e6288f3ffc: shutdown FollowerState
2019-10-17 21:16:34,069 [Thread-3302] INFO  impl.FollowerState (FollowerState.java:run(117)) - 7c510082-4284-44ef-8cd9-bb38fb15579f@group-62509A8A5C15-FollowerState was interrupted: java.lang.InterruptedException: sleep interrupted
2019-10-17 21:16:34,070 [Thread-3303] INFO  impl.FollowerState (FollowerState.java:run(117)) - d2424f4d-20d2-4104-abcc-02e6288f3ffc@group-62509A8A5C15-FollowerState was interrupted: java.lang.InterruptedException: sleep interrupted
2019-10-17 21:16:34,069 [ForkJoinPool.commonPool-worker-0] INFO  impl.StateMachineUpdater (StateMachineUpdater.java:stopAndJoin(136)) - 7c510082-4284-44ef-8cd9-bb38fb15579f@group-62509A8A5C15-StateMachineUpdater: set stopIndex = -1
2019-10-17 21:16:34,070 [main] INFO  impl.StateMachineUpdater (StateMachineUpdater.java:stopAndJoin(136)) - d2424f4d-20d2-4104-abcc-02e6288f3ffc@group-62509A8A5C15-StateMachineUpdater: set stopIndex = -1
2019-10-17 21:16:34,070 [ForkJoinPool.commonPool-worker-0] INFO  impl.RaftServerImpl (ServerState.java:close(388)) - 7c510082-4284-44ef-8cd9-bb38fb15579f@group-62509A8A5C15: closes. applyIndex: -1
2019-10-17 21:16:34,070 [main] INFO  impl.RaftServerImpl (ServerState.java:close(388)) - d2424f4d-20d2-4104-abcc-02e6288f3ffc@group-62509A8A5C15: closes. applyIndex: -1
2019-10-17 21:16:34,071 [7c510082-4284-44ef-8cd9-bb38fb15579f@group-62509A8A5C15-SegmentedRaftLogWorker] INFO  segmented.SegmentedRaftLogWorker (SegmentedRaftLogWorker.java:run(316)) - 7c510082-4284-44ef-8cd9-bb38fb15579f@group-62509A8A5C15-SegmentedRaftLogWorker was interrupted, exiting. There are 0 tasks remaining in the queue.
2019-10-17 21:16:34,071 [d2424f4d-20d2-4104-abcc-02e6288f3ffc@group-62509A8A5C15-SegmentedRaftLogWorker] INFO  segmented.SegmentedRaftLogWorker (SegmentedRaftLogWorker.java:run(316)) - d2424f4d-20d2-4104-abcc-02e6288f3ffc@group-62509A8A5C15-SegmentedRaftLogWorker was interrupted, exiting. There are 0 tasks remaining in the queue.
2019-10-17 21:16:34,073 [ForkJoinPool.commonPool-worker-0] INFO  segmented.SegmentedRaftLogWorker (SegmentedRaftLogWorker.java:close(224)) - 7c510082-4284-44ef-8cd9-bb38fb15579f@group-62509A8A5C15-SegmentedRaftLogWorker close()
2019-10-17 21:16:34,073 [main] INFO  segmented.SegmentedRaftLogWorker (SegmentedRaftLogWorker.java:close(224)) - d2424f4d-20d2-4104-abcc-02e6288f3ffc@group-62509A8A5C15-SegmentedRaftLogWorker close()
2019-10-17 21:16:34,075 [ForkJoinPool.commonPool-worker-0] INFO  impl.RaftServerImpl (RaftServerImpl.java:lambda$shutdown$3(261)) - 7c510082-4284-44ef-8cd9-bb38fb15579f@group-86322AC6EADB: shutdown
2019-10-17 21:16:34,077 [main] INFO  impl.RaftServerImpl (RaftServerImpl.java:lambda$shutdown$3(261)) - d2424f4d-20d2-4104-abcc-02e6288f3ffc@group-187250EBB6DA: shutdown
2019-10-17 21:16:34,077 [ForkJoinPool.commonPool-worker-0] INFO  util.JmxRegister (JmxRegister.java:unregister(73)) - Successfully un-registered JMX Bean with object name Ratis:service=RaftServer,group=group-86322AC6EADB,id=7c510082-4284-44ef-8cd9-bb38fb15579f
2019-10-17 21:16:34,077 [main] INFO  util.JmxRegister (JmxRegister.java:unregister(73)) - Successfully un-registered JMX Bean with object name Ratis:service=RaftServer,group=group-187250EBB6DA,id=d2424f4d-20d2-4104-abcc-02e6288f3ffc
2019-10-17 21:16:34,077 [ForkJoinPool.commonPool-worker-0] INFO  impl.RoleInfo (RoleInfo.java:shutdownLeaderState(104)) - 7c510082-4284-44ef-8cd9-bb38fb15579f: shutdown LeaderState
2019-10-17 21:16:34,078 [main] INFO  impl.RoleInfo (RoleInfo.java:shutdownLeaderState(104)) - d2424f4d-20d2-4104-abcc-02e6288f3ffc: shutdown LeaderState
2019-10-17 21:16:34,078 [ForkJoinPool.commonPool-worker-0] INFO  impl.PendingRequests (PendingRequests.java:sendNotLeaderResponses(202)) - 7c510082-4284-44ef-8cd9-bb38fb15579f@group-86322AC6EADB-PendingRequests: sendNotLeaderResponses
2019-10-17 21:16:34,078 [main] INFO  impl.PendingRequests (PendingRequests.java:sendNotLeaderResponses(202)) - d2424f4d-20d2-4104-abcc-02e6288f3ffc@group-187250EBB6DA-PendingRequests: sendNotLeaderResponses
2019-10-17 21:16:34,079 [ForkJoinPool.commonPool-worker-0] INFO  impl.StateMachineUpdater (StateMachineUpdater.java:stopAndJoin(136)) - 7c510082-4284-44ef-8cd9-bb38fb15579f@group-86322AC6EADB-StateMachineUpdater: set stopIndex = 0
2019-10-17 21:16:34,079 [main] INFO  impl.StateMachineUpdater (StateMachineUpdater.java:stopAndJoin(136)) - d2424f4d-20d2-4104-abcc-02e6288f3ffc@group-187250EBB6DA-StateMachineUpdater: set stopIndex = 0
2019-10-17 21:16:34,079 [ForkJoinPool.commonPool-worker-0] INFO  impl.RaftServerImpl (ServerState.java:close(388)) - 7c510082-4284-44ef-8cd9-bb38fb15579f@group-86322AC6EADB: closes. applyIndex: 0
2019-10-17 21:16:34,079 [main] INFO  impl.RaftServerImpl (ServerState.java:close(388)) - d2424f4d-20d2-4104-abcc-02e6288f3ffc@group-187250EBB6DA: closes. applyIndex: 0
2019-10-17 21:16:34,080 [7c510082-4284-44ef-8cd9-bb38fb15579f@group-86322AC6EADB-SegmentedRaftLogWorker] INFO  segmented.SegmentedRaftLogWorker (SegmentedRaftLogWorker.java:run(316)) - 7c510082-4284-44ef-8cd9-bb38fb15579f@group-86322AC6EADB-SegmentedRaftLogWorker was interrupted, exiting. There are 0 tasks remaining in the queue.
2019-10-17 21:16:34,081 [d2424f4d-20d2-4104-abcc-02e6288f3ffc@group-187250EBB6DA-SegmentedRaftLogWorker] INFO  segmented.SegmentedRaftLogWorker (SegmentedRaftLogWorker.java:run(316)) - d2424f4d-20d2-4104-abcc-02e6288f3ffc@group-187250EBB6DA-SegmentedRaftLogWorker was interrupted, exiting. There are 0 tasks remaining in the queue.
2019-10-17 21:16:34,081 [ForkJoinPool.commonPool-worker-0] INFO  segmented.SegmentedRaftLogWorker (SegmentedRaftLogWorker.java:close(224)) - 7c510082-4284-44ef-8cd9-bb38fb15579f@group-86322AC6EADB-SegmentedRaftLogWorker close()
2019-10-17 21:16:34,083 [main] INFO  segmented.SegmentedRaftLogWorker (SegmentedRaftLogWorker.java:close(224)) - d2424f4d-20d2-4104-abcc-02e6288f3ffc@group-187250EBB6DA-SegmentedRaftLogWorker close()
2019-10-17 21:16:34,084 [ForkJoinPool.commonPool-worker-0] INFO  server.GrpcService (GrpcService.java:closeImpl(164)) - 7c510082-4284-44ef-8cd9-bb38fb15579f: shutdown server with port 33098 now
2019-10-17 21:16:34,086 [main] INFO  server.GrpcService (GrpcService.java:closeImpl(164)) - d2424f4d-20d2-4104-abcc-02e6288f3ffc: shutdown server with port 39352 now
2019-10-17 21:16:34,087 [main] INFO  server.GrpcService (GrpcService.java:closeImpl(172)) - d2424f4d-20d2-4104-abcc-02e6288f3ffc: shutdown server with port 39352 successfully
2019-10-17 21:16:34,088 [ForkJoinPool.commonPool-worker-0] INFO  server.GrpcService (GrpcService.java:closeImpl(172)) - 7c510082-4284-44ef-8cd9-bb38fb15579f: shutdown server with port 33098 successfully
2019-10-17 21:16:34,102 [refreshUsed-/workdir/hadoop-ozone/integration-test/target/test-dir/MiniOzoneClusterImpl-b9b5409c-d29d-4233-95df-efa4b45819dc/datanode-2/data/containers] WARN  fs.CachingGetSpaceUsed (CachingGetSpaceUsed.java:run(183)) - Thread Interrupted waiting to refresh disk information: sleep interrupted
2019-10-17 21:16:34,102 [refreshUsed-/workdir/hadoop-ozone/integration-test/target/test-dir/MiniOzoneClusterImpl-b9b5409c-d29d-4233-95df-efa4b45819dc/datanode-1/data/containers] WARN  fs.CachingGetSpaceUsed (CachingGetSpaceUsed.java:run(183)) - Thread Interrupted waiting to refresh disk information: sleep interrupted
2019-10-17 21:16:34,125 [ForkJoinPool.commonPool-worker-0] INFO  utils.BackgroundService (BackgroundService.java:shutdown(151)) - Shutting down service BlockDeletingService
2019-10-17 21:16:34,129 [ForkJoinPool.commonPool-worker-0] INFO  statemachine.DatanodeStateMachine (DatanodeStateMachine.java:stopDaemon(395)) - Ozone container server stopped.
2019-10-17 21:16:34,131 [main] INFO  utils.BackgroundService (BackgroundService.java:shutdown(151)) - Shutting down service BlockDeletingService
2019-10-17 21:16:34,132 [ForkJoinPool.commonPool-worker-0] INFO  handler.ContextHandler (ContextHandler.java:doStop(910)) - Stopped o.e.j.w.WebAppContext@57f9b467{/,null,UNAVAILABLE}{/hddsDatanode}
2019-10-17 21:16:34,134 [main] INFO  statemachine.DatanodeStateMachine (DatanodeStateMachine.java:stopDaemon(395)) - Ozone container server stopped.
2019-10-17 21:16:34,135 [ForkJoinPool.commonPool-worker-0] INFO  server.AbstractConnector (AbstractConnector.java:doStop(318)) - Stopped ServerConnector@6d5c2745{HTTP/1.1,[http/1.1]}{0.0.0.0:0}
2019-10-17 21:16:34,136 [ForkJoinPool.commonPool-worker-0] INFO  handler.ContextHandler (ContextHandler.java:doStop(910)) - Stopped o.e.j.s.ServletContextHandler@7fb66650{/static,jar:file:/home/user/.m2/repository/org/apache/hadoop/hadoop-hdds-container-service/0.5.0-SNAPSHOT/hadoop-hdds-container-service-0.5.0-SNAPSHOT.jar!/webapps/static,UNAVAILABLE}
2019-10-17 21:16:34,136 [main] INFO  handler.ContextHandler (ContextHandler.java:doStop(910)) - Stopped o.e.j.w.WebAppContext@4cbc2e3b{/,null,UNAVAILABLE}{/hddsDatanode}
2019-10-17 21:16:34,137 [ForkJoinPool.commonPool-worker-0] INFO  handler.ContextHandler (ContextHandler.java:doStop(910)) - Stopped o.e.j.s.ServletContextHandler@2da3b078{/logs,file:///workdir/hadoop-ozone/integration-test/target/log,UNAVAILABLE}
2019-10-17 21:16:34,137 [main] INFO  server.AbstractConnector (AbstractConnector.java:doStop(318)) - Stopped ServerConnector@2975a9e{HTTP/1.1,[http/1.1]}{0.0.0.0:0}
2019-10-17 21:16:34,138 [main] INFO  handler.ContextHandler (ContextHandler.java:doStop(910)) - Stopped o.e.j.s.ServletContextHandler@1f53481b{/static,jar:file:/home/user/.m2/repository/org/apache/hadoop/hadoop-hdds-container-service/0.5.0-SNAPSHOT/hadoop-hdds-container-service-0.5.0-SNAPSHOT.jar!/webapps/static,UNAVAILABLE}
2019-10-17 21:16:34,138 [main] INFO  handler.ContextHandler (ContextHandler.java:doStop(910)) - Stopped o.e.j.s.ServletContextHandler@714f3da4{/logs,file:///workdir/hadoop-ozone/integration-test/target/log,UNAVAILABLE}
2019-10-17 21:16:34,721 [Datanode State Machine Thread - 0] INFO  statemachine.DatanodeStateMachine (DatanodeStateMachine.java:lambda$startDaemon$0(350)) - Ozone container server started.
2019-10-17 21:16:34,729 [Datanode State Machine Thread - 0] INFO  statemachine.DatanodeStateMachine (DatanodeStateMachine.java:lambda$startDaemon$0(350)) - Ozone container server started.
2019-10-17 21:16:39,109 [Thread-3301] INFO  impl.FollowerState (FollowerState.java:run(108)) - 3909bd6a-278d-4911-9d70-32680c972d02@group-62509A8A5C15-FollowerState: change to CANDIDATE, lastRpcTime:5125ms, electionTimeout:5125ms
2019-10-17 21:16:39,110 [Thread-3301] INFO  impl.RoleInfo (RoleInfo.java:shutdownFollowerState(121)) - 3909bd6a-278d-4911-9d70-32680c972d02: shutdown FollowerState
2019-10-17 21:16:39,110 [Thread-3301] INFO  impl.RaftServerImpl (RaftServerImpl.java:setRole(184)) - 3909bd6a-278d-4911-9d70-32680c972d02@group-62509A8A5C15: changes role from  FOLLOWER to CANDIDATE at term 505 for changeToCandidate
2019-10-17 21:16:39,110 [Thread-3301] INFO  impl.RoleInfo (RoleInfo.java:updateAndGet(143)) - 3909bd6a-278d-4911-9d70-32680c972d02: start LeaderElection
2019-10-17 21:16:39,125 [3909bd6a-278d-4911-9d70-32680c972d02@group-62509A8A5C15-LeaderElection455] INFO  impl.LeaderElection (LeaderElection.java:askForVotes(178)) - 3909bd6a-278d-4911-9d70-32680c972d02@group-62509A8A5C15-LeaderElection455: begin an election at term 506 for 0: [3909bd6a-278d-4911-9d70-32680c972d02:192.168.157.223:33343, d2424f4d-20d2-4104-abcc-02e6288f3ffc:192.168.157.223:39352, 7c510082-4284-44ef-8cd9-bb38fb15579f:192.168.157.223:33098], old=null
2019-10-17 21:16:39,139 [3909bd6a-278d-4911-9d70-32680c972d02@group-62509A8A5C15-LeaderElection455] INFO  impl.LeaderElection (LogUtils.java:infoOrTrace(149)) - 3909bd6a-278d-4911-9d70-32680c972d02@group-62509A8A5C15-LeaderElection455 got exception when requesting votes: {}
java.util.concurrent.ExecutionException: org.apache.ratis.thirdparty.io.grpc.StatusRuntimeException: UNAVAILABLE: io exception
	at java.util.concurrent.FutureTask.report(FutureTask.java:122)
	at java.util.concurrent.FutureTask.get(FutureTask.java:192)
	at org.apache.ratis.server.impl.LeaderElection.waitForResults(LeaderElection.java:259)
	at org.apache.ratis.server.impl.LeaderElection.askForVotes(LeaderElection.java:197)
	at org.apache.ratis.server.impl.LeaderElection.run(LeaderElection.java:133)
	at java.lang.Thread.run(Thread.java:748)
Caused by: org.apache.ratis.thirdparty.io.grpc.StatusRuntimeException: UNAVAILABLE: io exception
	at org.apache.ratis.thirdparty.io.grpc.stub.ClientCalls.toStatusRuntimeException(ClientCalls.java:233)
	at org.apache.ratis.thirdparty.io.grpc.stub.ClientCalls.getUnchecked(ClientCalls.java:214)
	at org.apache.ratis.thirdparty.io.grpc.stub.ClientCalls.blockingUnaryCall(ClientCalls.java:139)
	at org.apache.ratis.proto.grpc.RaftServerProtocolServiceGrpc$RaftServerProtocolServiceBlockingStub.requestVote(RaftServerProtocolServiceGrpc.java:265)
	at org.apache.ratis.grpc.server.GrpcServerProtocolClient.requestVote(GrpcServerProtocolClient.java:99)
	at org.apache.ratis.grpc.server.GrpcService.requestVote(GrpcService.java:204)
	at org.apache.ratis.server.impl.LeaderElection.lambda$submitRequests$1(LeaderElection.java:234)
	at java.util.concurrent.FutureTask.run(FutureTask.java:266)
	at java.util.concurrent.Executors$RunnableAdapter.call(Executors.java:511)
	at java.util.concurrent.FutureTask.run(FutureTask.java:266)
	at java.util.concurrent.ThreadPoolExecutor.runWorker(ThreadPoolExecutor.java:1149)
	at java.util.concurrent.ThreadPoolExecutor$Worker.run(ThreadPoolExecutor.java:624)
	... 1 more
Caused by: org.apache.ratis.thirdparty.io.netty.channel.AbstractChannel$AnnotatedConnectException: Connection refused: /192.168.157.223:33098
	at sun.nio.ch.SocketChannelImpl.checkConnect(Native Method)
	at sun.nio.ch.SocketChannelImpl.finishConnect(SocketChannelImpl.java:717)
	at org.apache.ratis.thirdparty.io.netty.channel.socket.nio.NioSocketChannel.doFinishConnect(NioSocketChannel.java:327)
	at org.apache.ratis.thirdparty.io.netty.channel.nio.AbstractNioChannel$AbstractNioUnsafe.finishConnect(AbstractNioChannel.java:340)
	at org.apache.ratis.thirdparty.io.netty.channel.nio.NioEventLoop.processSelectedKey(NioEventLoop.java:632)
	at org.apache.ratis.thirdparty.io.netty.channel.nio.NioEventLoop.processSelectedKeysOptimized(NioEventLoop.java:579)
	at org.apache.ratis.thirdparty.io.netty.channel.nio.NioEventLoop.processSelectedKeys(NioEventLoop.java:496)
	at org.apache.ratis.thirdparty.io.netty.channel.nio.NioEventLoop.run(NioEventLoop.java:458)
	at org.apache.ratis.thirdparty.io.netty.util.concurrent.SingleThreadEventExecutor$5.run(SingleThreadEventExecutor.java:897)
	at org.apache.ratis.thirdparty.io.netty.util.concurrent.FastThreadLocalRunnable.run(FastThreadLocalRunnable.java:30)
	... 1 more
Caused by: java.net.ConnectException: Connection refused
	... 11 more
2019-10-17 21:16:39,140 [main] INFO  ozoneimpl.OzoneContainer (OzoneContainer.java:stop(227)) - Attempting to stop container services.
2019-10-17 21:16:39,139 [ForkJoinPool.commonPool-worker-0] INFO  ozoneimpl.OzoneContainer (OzoneContainer.java:stop(227)) - Attempting to stop container services.
2019-10-17 21:16:39,144 [main] INFO  impl.RaftServerProxy (RaftServerProxy.java:lambda$close$4(314)) - 2813c479-5627-4e56-a839-b6377bb34e33: close
2019-10-17 21:16:39,143 [3909bd6a-278d-4911-9d70-32680c972d02@group-62509A8A5C15-LeaderElection455] INFO  impl.LeaderElection (LogUtils.java:infoOrTrace(149)) - 3909bd6a-278d-4911-9d70-32680c972d02@group-62509A8A5C15-LeaderElection455 got exception when requesting votes: {}
java.util.concurrent.ExecutionException: org.apache.ratis.thirdparty.io.grpc.StatusRuntimeException: UNAVAILABLE: io exception
	at java.util.concurrent.FutureTask.report(FutureTask.java:122)
	at java.util.concurrent.FutureTask.get(FutureTask.java:192)
	at org.apache.ratis.server.impl.LeaderElection.waitForResults(LeaderElection.java:259)
	at org.apache.ratis.server.impl.LeaderElection.askForVotes(LeaderElection.java:197)
	at org.apache.ratis.server.impl.LeaderElection.run(LeaderElection.java:133)
	at java.lang.Thread.run(Thread.java:748)
Caused by: org.apache.ratis.thirdparty.io.grpc.StatusRuntimeException: UNAVAILABLE: io exception
	at org.apache.ratis.thirdparty.io.grpc.stub.ClientCalls.toStatusRuntimeException(ClientCalls.java:233)
	at org.apache.ratis.thirdparty.io.grpc.stub.ClientCalls.getUnchecked(ClientCalls.java:214)
	at org.apache.ratis.thirdparty.io.grpc.stub.ClientCalls.blockingUnaryCall(ClientCalls.java:139)
	at org.apache.ratis.proto.grpc.RaftServerProtocolServiceGrpc$RaftServerProtocolServiceBlockingStub.requestVote(RaftServerProtocolServiceGrpc.java:265)
	at org.apache.ratis.grpc.server.GrpcServerProtocolClient.requestVote(GrpcServerProtocolClient.java:99)
	at org.apache.ratis.grpc.server.GrpcService.requestVote(GrpcService.java:204)
	at org.apache.ratis.server.impl.LeaderElection.lambda$submitRequests$1(LeaderElection.java:234)
	at java.util.concurrent.FutureTask.run(FutureTask.java:266)
	at java.util.concurrent.Executors$RunnableAdapter.call(Executors.java:511)
	at java.util.concurrent.FutureTask.run(FutureTask.java:266)
	at java.util.concurrent.ThreadPoolExecutor.runWorker(ThreadPoolExecutor.java:1149)
	at java.util.concurrent.ThreadPoolExecutor$Worker.run(ThreadPoolExecutor.java:624)
	... 1 more
Caused by: org.apache.ratis.thirdparty.io.netty.channel.AbstractChannel$AnnotatedConnectException: Connection refused: /192.168.157.223:39352
	at sun.nio.ch.SocketChannelImpl.checkConnect(Native Method)
	at sun.nio.ch.SocketChannelImpl.finishConnect(SocketChannelImpl.java:717)
	at org.apache.ratis.thirdparty.io.netty.channel.socket.nio.NioSocketChannel.doFinishConnect(NioSocketChannel.java:327)
	at org.apache.ratis.thirdparty.io.netty.channel.nio.AbstractNioChannel$AbstractNioUnsafe.finishConnect(AbstractNioChannel.java:340)
	at org.apache.ratis.thirdparty.io.netty.channel.nio.NioEventLoop.processSelectedKey(NioEventLoop.java:632)
	at org.apache.ratis.thirdparty.io.netty.channel.nio.NioEventLoop.processSelectedKeysOptimized(NioEventLoop.java:579)
	at org.apache.ratis.thirdparty.io.netty.channel.nio.NioEventLoop.processSelectedKeys(NioEventLoop.java:496)
	at org.apache.ratis.thirdparty.io.netty.channel.nio.NioEventLoop.run(NioEventLoop.java:458)
	at org.apache.ratis.thirdparty.io.netty.util.concurrent.SingleThreadEventExecutor$5.run(SingleThreadEventExecutor.java:897)
	at org.apache.ratis.thirdparty.io.netty.util.concurrent.FastThreadLocalRunnable.run(FastThreadLocalRunnable.java:30)
	... 1 more
Caused by: java.net.ConnectException: Connection refused
	... 11 more
2019-10-17 21:16:39,144 [main] INFO  impl.RaftServerImpl (RaftServerImpl.java:lambda$shutdown$3(261)) - 2813c479-5627-4e56-a839-b6377bb34e33@group-A4F4000A90EE: shutdown
2019-10-17 21:16:39,144 [ForkJoinPool.commonPool-worker-0] INFO  impl.RaftServerProxy (RaftServerProxy.java:lambda$close$4(314)) - 3909bd6a-278d-4911-9d70-32680c972d02: close
2019-10-17 21:16:39,146 [main] INFO  util.JmxRegister (JmxRegister.java:unregister(73)) - Successfully un-registered JMX Bean with object name Ratis:service=RaftServer,group=group-A4F4000A90EE,id=2813c479-5627-4e56-a839-b6377bb34e33
2019-10-17 21:16:39,145 [3909bd6a-278d-4911-9d70-32680c972d02@group-62509A8A5C15-LeaderElection455] INFO  impl.LeaderElection (LeaderElection.java:logAndReturn(56)) - 3909bd6a-278d-4911-9d70-32680c972d02@group-62509A8A5C15-LeaderElection455: Election REJECTED; received 0 response(s) [] and 2 exception(s); 3909bd6a-278d-4911-9d70-32680c972d02@group-62509A8A5C15:t506, leader=null, voted=3909bd6a-278d-4911-9d70-32680c972d02, raftlog=3909bd6a-278d-4911-9d70-32680c972d02@group-62509A8A5C15-SegmentedRaftLog:OPENED:c-1,f0,i0, conf=0: [3909bd6a-278d-4911-9d70-32680c972d02:192.168.157.223:33343, d2424f4d-20d2-4104-abcc-02e6288f3ffc:192.168.157.223:39352, 7c510082-4284-44ef-8cd9-bb38fb15579f:192.168.157.223:33098], old=null
2019-10-17 21:16:39,146 [main] INFO  impl.RoleInfo (RoleInfo.java:shutdownLeaderState(104)) - 2813c479-5627-4e56-a839-b6377bb34e33: shutdown LeaderState
2019-10-17 21:16:39,146 [ForkJoinPool.commonPool-worker-0] INFO  impl.RaftServerImpl (RaftServerImpl.java:lambda$shutdown$3(261)) - 3909bd6a-278d-4911-9d70-32680c972d02@group-62509A8A5C15: shutdown
2019-10-17 21:16:39,147 [main] INFO  impl.PendingRequests (PendingRequests.java:sendNotLeaderResponses(202)) - 2813c479-5627-4e56-a839-b6377bb34e33@group-A4F4000A90EE-PendingRequests: sendNotLeaderResponses
2019-10-17 21:16:39,147 [3909bd6a-278d-4911-9d70-32680c972d02@group-62509A8A5C15-LeaderElection455] INFO  impl.LeaderElection (LogUtils.java:infoOrTrace(149)) -   Exception 0: {}
java.util.concurrent.ExecutionException: org.apache.ratis.thirdparty.io.grpc.StatusRuntimeException: UNAVAILABLE: io exception
	at java.util.concurrent.FutureTask.report(FutureTask.java:122)
	at java.util.concurrent.FutureTask.get(FutureTask.java:192)
	at org.apache.ratis.server.impl.LeaderElection.waitForResults(LeaderElection.java:259)
	at org.apache.ratis.server.impl.LeaderElection.askForVotes(LeaderElection.java:197)
	at org.apache.ratis.server.impl.LeaderElection.run(LeaderElection.java:133)
	at java.lang.Thread.run(Thread.java:748)
Caused by: org.apache.ratis.thirdparty.io.grpc.StatusRuntimeException: UNAVAILABLE: io exception
	at org.apache.ratis.thirdparty.io.grpc.stub.ClientCalls.toStatusRuntimeException(ClientCalls.java:233)
	at org.apache.ratis.thirdparty.io.grpc.stub.ClientCalls.getUnchecked(ClientCalls.java:214)
	at org.apache.ratis.thirdparty.io.grpc.stub.ClientCalls.blockingUnaryCall(ClientCalls.java:139)
	at org.apache.ratis.proto.grpc.RaftServerProtocolServiceGrpc$RaftServerProtocolServiceBlockingStub.requestVote(RaftServerProtocolServiceGrpc.java:265)
	at org.apache.ratis.grpc.server.GrpcServerProtocolClient.requestVote(GrpcServerProtocolClient.java:99)
	at org.apache.ratis.grpc.server.GrpcService.requestVote(GrpcService.java:204)
	at org.apache.ratis.server.impl.LeaderElection.lambda$submitRequests$1(LeaderElection.java:234)
	at java.util.concurrent.FutureTask.run(FutureTask.java:266)
	at java.util.concurrent.Executors$RunnableAdapter.call(Executors.java:511)
	at java.util.concurrent.FutureTask.run(FutureTask.java:266)
	at java.util.concurrent.ThreadPoolExecutor.runWorker(ThreadPoolExecutor.java:1149)
	at java.util.concurrent.ThreadPoolExecutor$Worker.run(ThreadPoolExecutor.java:624)
	... 1 more
Caused by: org.apache.ratis.thirdparty.io.netty.channel.AbstractChannel$AnnotatedConnectException: Connection refused: /192.168.157.223:33098
	at sun.nio.ch.SocketChannelImpl.checkConnect(Native Method)
	at sun.nio.ch.SocketChannelImpl.finishConnect(SocketChannelImpl.java:717)
	at org.apache.ratis.thirdparty.io.netty.channel.socket.nio.NioSocketChannel.doFinishConnect(NioSocketChannel.java:327)
	at org.apache.ratis.thirdparty.io.netty.channel.nio.AbstractNioChannel$AbstractNioUnsafe.finishConnect(AbstractNioChannel.java:340)
	at org.apache.ratis.thirdparty.io.netty.channel.nio.NioEventLoop.processSelectedKey(NioEventLoop.java:632)
	at org.apache.ratis.thirdparty.io.netty.channel.nio.NioEventLoop.processSelectedKeysOptimized(NioEventLoop.java:579)
	at org.apache.ratis.thirdparty.io.netty.channel.nio.NioEventLoop.processSelectedKeys(NioEventLoop.java:496)
	at org.apache.ratis.thirdparty.io.netty.channel.nio.NioEventLoop.run(NioEventLoop.java:458)
	at org.apache.ratis.thirdparty.io.netty.util.concurrent.SingleThreadEventExecutor$5.run(SingleThreadEventExecutor.java:897)
	at org.apache.ratis.thirdparty.io.netty.util.concurrent.FastThreadLocalRunnable.run(FastThreadLocalRunnable.java:30)
	... 1 more
Caused by: java.net.ConnectException: Connection refused
	... 11 more
2019-10-17 21:16:39,148 [main] INFO  impl.StateMachineUpdater (StateMachineUpdater.java:stopAndJoin(136)) - 2813c479-5627-4e56-a839-b6377bb34e33@group-A4F4000A90EE-StateMachineUpdater: set stopIndex = 0
2019-10-17 21:16:39,147 [ForkJoinPool.commonPool-worker-0] INFO  util.JmxRegister (JmxRegister.java:unregister(73)) - Successfully un-registered JMX Bean with object name Ratis:service=RaftServer,group=group-62509A8A5C15,id=3909bd6a-278d-4911-9d70-32680c972d02
2019-10-17 21:16:39,148 [main] INFO  impl.RaftServerImpl (ServerState.java:close(388)) - 2813c479-5627-4e56-a839-b6377bb34e33@group-A4F4000A90EE: closes. applyIndex: 0
2019-10-17 21:16:39,148 [3909bd6a-278d-4911-9d70-32680c972d02@group-62509A8A5C15-LeaderElection455] INFO  impl.LeaderElection (LogUtils.java:infoOrTrace(149)) -   Exception 1: {}
java.util.concurrent.ExecutionException: org.apache.ratis.thirdparty.io.grpc.StatusRuntimeException: UNAVAILABLE: io exception
	at java.util.concurrent.FutureTask.report(FutureTask.java:122)
	at java.util.concurrent.FutureTask.get(FutureTask.java:192)
	at org.apache.ratis.server.impl.LeaderElection.waitForResults(LeaderElection.java:259)
	at org.apache.ratis.server.impl.LeaderElection.askForVotes(LeaderElection.java:197)
	at org.apache.ratis.server.impl.LeaderElection.run(LeaderElection.java:133)
	at java.lang.Thread.run(Thread.java:748)
Caused by: org.apache.ratis.thirdparty.io.grpc.StatusRuntimeException: UNAVAILABLE: io exception
	at org.apache.ratis.thirdparty.io.grpc.stub.ClientCalls.toStatusRuntimeException(ClientCalls.java:233)
	at org.apache.ratis.thirdparty.io.grpc.stub.ClientCalls.getUnchecked(ClientCalls.java:214)
	at org.apache.ratis.thirdparty.io.grpc.stub.ClientCalls.blockingUnaryCall(ClientCalls.java:139)
	at org.apache.ratis.proto.grpc.RaftServerProtocolServiceGrpc$RaftServerProtocolServiceBlockingStub.requestVote(RaftServerProtocolServiceGrpc.java:265)
	at org.apache.ratis.grpc.server.GrpcServerProtocolClient.requestVote(GrpcServerProtocolClient.java:99)
	at org.apache.ratis.grpc.server.GrpcService.requestVote(GrpcService.java:204)
	at org.apache.ratis.server.impl.LeaderElection.lambda$submitRequests$1(LeaderElection.java:234)
	at java.util.concurrent.FutureTask.run(FutureTask.java:266)
	at java.util.concurrent.Executors$RunnableAdapter.call(Executors.java:511)
	at java.util.concurrent.FutureTask.run(FutureTask.java:266)
	at java.util.concurrent.ThreadPoolExecutor.runWorker(ThreadPoolExecutor.java:1149)
	at java.util.concurrent.ThreadPoolExecutor$Worker.run(ThreadPoolExecutor.java:624)
	... 1 more
Caused by: org.apache.ratis.thirdparty.io.netty.channel.AbstractChannel$AnnotatedConnectException: Connection refused: /192.168.157.223:39352
	at sun.nio.ch.SocketChannelImpl.checkConnect(Native Method)
	at sun.nio.ch.SocketChannelImpl.finishConnect(SocketChannelImpl.java:717)
	at org.apache.ratis.thirdparty.io.netty.channel.socket.nio.NioSocketChannel.doFinishConnect(NioSocketChannel.java:327)
	at org.apache.ratis.thirdparty.io.netty.channel.nio.AbstractNioChannel$AbstractNioUnsafe.finishConnect(AbstractNioChannel.java:340)
	at org.apache.ratis.thirdparty.io.netty.channel.nio.NioEventLoop.processSelectedKey(NioEventLoop.java:632)
	at org.apache.ratis.thirdparty.io.netty.channel.nio.NioEventLoop.processSelectedKeysOptimized(NioEventLoop.java:579)
	at org.apache.ratis.thirdparty.io.netty.channel.nio.NioEventLoop.processSelectedKeys(NioEventLoop.java:496)
	at org.apache.ratis.thirdparty.io.netty.channel.nio.NioEventLoop.run(NioEventLoop.java:458)
	at org.apache.ratis.thirdparty.io.netty.util.concurrent.SingleThreadEventExecutor$5.run(SingleThreadEventExecutor.java:897)
	at org.apache.ratis.thirdparty.io.netty.util.concurrent.FastThreadLocalRunnable.run(FastThreadLocalRunnable.java:30)
	... 1 more
Caused by: java.net.ConnectException: Connection refused
	... 11 more
2019-10-17 21:16:39,150 [2813c479-5627-4e56-a839-b6377bb34e33@group-A4F4000A90EE-SegmentedRaftLogWorker] INFO  segmented.SegmentedRaftLogWorker (SegmentedRaftLogWorker.java:run(316)) - 2813c479-5627-4e56-a839-b6377bb34e33@group-A4F4000A90EE-SegmentedRaftLogWorker was interrupted, exiting. There are 0 tasks remaining in the queue.
2019-10-17 21:16:39,148 [ForkJoinPool.commonPool-worker-0] INFO  impl.RoleInfo (RoleInfo.java:shutdownLeaderElection(134)) - 3909bd6a-278d-4911-9d70-32680c972d02: shutdown LeaderElection
2019-10-17 21:16:39,152 [main] INFO  segmented.SegmentedRaftLogWorker (SegmentedRaftLogWorker.java:close(224)) - 2813c479-5627-4e56-a839-b6377bb34e33@group-A4F4000A90EE-SegmentedRaftLogWorker close()
2019-10-17 21:16:39,152 [ForkJoinPool.commonPool-worker-0] INFO  impl.StateMachineUpdater (StateMachineUpdater.java:stopAndJoin(136)) - 3909bd6a-278d-4911-9d70-32680c972d02@group-62509A8A5C15-StateMachineUpdater: set stopIndex = -1
2019-10-17 21:16:39,154 [main] INFO  server.GrpcService (GrpcService.java:closeImpl(164)) - 2813c479-5627-4e56-a839-b6377bb34e33: shutdown server with port 41976 now
2019-10-17 21:16:39,154 [ForkJoinPool.commonPool-worker-0] INFO  impl.RaftServerImpl (ServerState.java:close(388)) - 3909bd6a-278d-4911-9d70-32680c972d02@group-62509A8A5C15: closes. applyIndex: -1
2019-10-17 21:16:39,155 [main] INFO  server.GrpcService (GrpcService.java:closeImpl(172)) - 2813c479-5627-4e56-a839-b6377bb34e33: shutdown server with port 41976 successfully
2019-10-17 21:16:39,155 [3909bd6a-278d-4911-9d70-32680c972d02@group-62509A8A5C15-SegmentedRaftLogWorker] INFO  segmented.SegmentedRaftLogWorker (SegmentedRaftLogWorker.java:run(316)) - 3909bd6a-278d-4911-9d70-32680c972d02@group-62509A8A5C15-SegmentedRaftLogWorker was interrupted, exiting. There are 0 tasks remaining in the queue.
2019-10-17 21:16:39,157 [ForkJoinPool.commonPool-worker-0] INFO  segmented.SegmentedRaftLogWorker (SegmentedRaftLogWorker.java:close(224)) - 3909bd6a-278d-4911-9d70-32680c972d02@group-62509A8A5C15-SegmentedRaftLogWorker close()
2019-10-17 21:16:39,159 [ForkJoinPool.commonPool-worker-0] INFO  impl.RaftServerImpl (RaftServerImpl.java:lambda$shutdown$3(261)) - 3909bd6a-278d-4911-9d70-32680c972d02@group-FD62546677EA: shutdown
2019-10-17 21:16:39,159 [ForkJoinPool.commonPool-worker-0] INFO  util.JmxRegister (JmxRegister.java:unregister(73)) - Successfully un-registered JMX Bean with object name Ratis:service=RaftServer,group=group-FD62546677EA,id=3909bd6a-278d-4911-9d70-32680c972d02
2019-10-17 21:16:39,160 [ForkJoinPool.commonPool-worker-0] INFO  impl.RoleInfo (RoleInfo.java:shutdownLeaderState(104)) - 3909bd6a-278d-4911-9d70-32680c972d02: shutdown LeaderState
2019-10-17 21:16:39,160 [ForkJoinPool.commonPool-worker-0] INFO  impl.PendingRequests (PendingRequests.java:sendNotLeaderResponses(202)) - 3909bd6a-278d-4911-9d70-32680c972d02@group-FD62546677EA-PendingRequests: sendNotLeaderResponses
2019-10-17 21:16:39,160 [refreshUsed-/workdir/hadoop-ozone/integration-test/target/test-dir/MiniOzoneClusterImpl-b9b5409c-d29d-4233-95df-efa4b45819dc/datanode-3/data/containers] WARN  fs.CachingGetSpaceUsed (CachingGetSpaceUsed.java:run(183)) - Thread Interrupted waiting to refresh disk information: sleep interrupted
2019-10-17 21:16:39,161 [ForkJoinPool.commonPool-worker-0] INFO  impl.StateMachineUpdater (StateMachineUpdater.java:stopAndJoin(136)) - 3909bd6a-278d-4911-9d70-32680c972d02@group-FD62546677EA-StateMachineUpdater: set stopIndex = 0
2019-10-17 21:16:39,161 [ForkJoinPool.commonPool-worker-0] INFO  impl.RaftServerImpl (ServerState.java:close(388)) - 3909bd6a-278d-4911-9d70-32680c972d02@group-FD62546677EA: closes. applyIndex: 0
2019-10-17 21:16:39,161 [3909bd6a-278d-4911-9d70-32680c972d02@group-FD62546677EA-SegmentedRaftLogWorker] INFO  segmented.SegmentedRaftLogWorker (SegmentedRaftLogWorker.java:run(316)) - 3909bd6a-278d-4911-9d70-32680c972d02@group-FD62546677EA-SegmentedRaftLogWorker was interrupted, exiting. There are 0 tasks remaining in the queue.
2019-10-17 21:16:39,162 [ForkJoinPool.commonPool-worker-0] INFO  segmented.SegmentedRaftLogWorker (SegmentedRaftLogWorker.java:close(224)) - 3909bd6a-278d-4911-9d70-32680c972d02@group-FD62546677EA-SegmentedRaftLogWorker close()
2019-10-17 21:16:39,164 [ForkJoinPool.commonPool-worker-0] INFO  server.GrpcService (GrpcService.java:closeImpl(164)) - 3909bd6a-278d-4911-9d70-32680c972d02: shutdown server with port 33343 now
2019-10-17 21:16:39,164 [ForkJoinPool.commonPool-worker-0] INFO  server.GrpcService (GrpcService.java:closeImpl(172)) - 3909bd6a-278d-4911-9d70-32680c972d02: shutdown server with port 33343 successfully
2019-10-17 21:16:39,174 [refreshUsed-/workdir/hadoop-ozone/integration-test/target/test-dir/MiniOzoneClusterImpl-b9b5409c-d29d-4233-95df-efa4b45819dc/datanode-0/data/containers] WARN  fs.CachingGetSpaceUsed (CachingGetSpaceUsed.java:run(183)) - Thread Interrupted waiting to refresh disk information: sleep interrupted
2019-10-17 21:16:39,184 [main] INFO  utils.BackgroundService (BackgroundService.java:shutdown(151)) - Shutting down service BlockDeletingService
2019-10-17 21:16:39,186 [main] INFO  statemachine.DatanodeStateMachine (DatanodeStateMachine.java:stopDaemon(395)) - Ozone container server stopped.
2019-10-17 21:16:39,187 [ForkJoinPool.commonPool-worker-0] INFO  utils.BackgroundService (BackgroundService.java:shutdown(151)) - Shutting down service BlockDeletingService
2019-10-17 21:16:39,187 [main] INFO  handler.ContextHandler (ContextHandler.java:doStop(910)) - Stopped o.e.j.w.WebAppContext@640ab13c{/,null,UNAVAILABLE}{/hddsDatanode}
2019-10-17 21:16:39,189 [ForkJoinPool.commonPool-worker-0] INFO  statemachine.DatanodeStateMachine (DatanodeStateMachine.java:stopDaemon(395)) - Ozone container server stopped.
2019-10-17 21:16:39,190 [main] INFO  server.AbstractConnector (AbstractConnector.java:doStop(318)) - Stopped ServerConnector@1e0a864d{HTTP/1.1,[http/1.1]}{0.0.0.0:0}
2019-10-17 21:16:39,191 [ForkJoinPool.commonPool-worker-0] INFO  handler.ContextHandler (ContextHandler.java:doStop(910)) - Stopped o.e.j.w.WebAppContext@59696551{/,null,UNAVAILABLE}{/hddsDatanode}
2019-10-17 21:16:39,191 [main] INFO  handler.ContextHandler (ContextHandler.java:doStop(910)) - Stopped o.e.j.s.ServletContextHandler@59bbe88a{/static,jar:file:/home/user/.m2/repository/org/apache/hadoop/hadoop-hdds-container-service/0.5.0-SNAPSHOT/hadoop-hdds-container-service-0.5.0-SNAPSHOT.jar!/webapps/static,UNAVAILABLE}
2019-10-17 21:16:39,192 [main] INFO  handler.ContextHandler (ContextHandler.java:doStop(910)) - Stopped o.e.j.s.ServletContextHandler@77049094{/logs,file:///workdir/hadoop-ozone/integration-test/target/log,UNAVAILABLE}
2019-10-17 21:16:39,192 [ForkJoinPool.commonPool-worker-0] INFO  server.AbstractConnector (AbstractConnector.java:doStop(318)) - Stopped ServerConnector@648d0e6d{HTTP/1.1,[http/1.1]}{0.0.0.0:0}
2019-10-17 21:16:39,193 [ForkJoinPool.commonPool-worker-0] INFO  handler.ContextHandler (ContextHandler.java:doStop(910)) - Stopped o.e.j.s.ServletContextHandler@79a04e5f{/static,jar:file:/home/user/.m2/repository/org/apache/hadoop/hadoop-hdds-container-service/0.5.0-SNAPSHOT/hadoop-hdds-container-service-0.5.0-SNAPSHOT.jar!/webapps/static,UNAVAILABLE}
2019-10-17 21:16:39,194 [ForkJoinPool.commonPool-worker-0] INFO  handler.ContextHandler (ContextHandler.java:doStop(910)) - Stopped o.e.j.s.ServletContextHandler@1ab5f08a{/logs,file:///workdir/hadoop-ozone/integration-test/target/log,UNAVAILABLE}
2019-10-17 21:16:39,195 [main] INFO  ozone.MiniOzoneClusterImpl (MiniOzoneClusterImpl.java:stopSCM(392)) - Stopping the StorageContainerManager
2019-10-17 21:16:39,195 [main] INFO  server.StorageContainerManager (StorageContainerManager.java:stop(810)) - Stopping Replication Manager Service.
2019-10-17 21:16:39,195 [main] INFO  container.ReplicationManager (ReplicationManager.java:stop(203)) - Stopping Replication Monitor Thread.
2019-10-17 21:16:39,195 [main] INFO  server.StorageContainerManager (StorageContainerManager.java:stop(817)) - Stopping Lease Manager of the command watchers
2019-10-17 21:16:39,196 [main] INFO  server.StorageContainerManager (StorageContainerManager.java:stop(824)) - Stopping datanode service RPC server
2019-10-17 21:16:39,196 [main] INFO  server.SCMDatanodeProtocolServer (SCMDatanodeProtocolServer.java:stop(346)) - Stopping the RPC server for DataNodes
2019-10-17 21:16:39,196 [main] INFO  ipc.Server (Server.java:stop(3082)) - Stopping server on 37821
2019-10-17 21:16:39,197 [IPC Server listener on 37821] INFO  ipc.Server (Server.java:run(1185)) - Stopping IPC Server listener on 37821
2019-10-17 21:16:39,197 [IPC Server Responder] INFO  ipc.Server (Server.java:run(1319)) - Stopping IPC Server Responder
2019-10-17 21:16:39,266 [SCM Heartbeat Processing Thread - 0] WARN  node.NodeStateManager (NodeStateManager.java:scheduleNextHealthCheck(646)) - Current Thread is interrupted, shutting down HB processing thread for Node Manager.
2019-10-17 21:16:39,267 [main] INFO  server.StorageContainerManager (StorageContainerManager.java:stop(832)) - Stopping block service RPC server
2019-10-17 21:16:39,267 [main] INFO  server.SCMBlockProtocolServer (SCMBlockProtocolServer.java:stop(155)) - Stopping the RPC server for Block Protocol
2019-10-17 21:16:39,267 [main] INFO  ipc.Server (Server.java:stop(3082)) - Stopping server on 34201
2019-10-17 21:16:39,268 [IPC Server listener on 34201] INFO  ipc.Server (Server.java:run(1185)) - Stopping IPC Server listener on 34201
2019-10-17 21:16:39,269 [main] INFO  server.StorageContainerManager (StorageContainerManager.java:stop(839)) - Stopping the StorageContainerLocationProtocol RPC server
2019-10-17 21:16:39,269 [IPC Server Responder] INFO  ipc.Server (Server.java:run(1319)) - Stopping IPC Server Responder
2019-10-17 21:16:39,270 [main] INFO  server.SCMClientProtocolServer (SCMClientProtocolServer.java:stop(168)) - Stopping the RPC server for Client Protocol
2019-10-17 21:16:39,270 [main] INFO  ipc.Server (Server.java:stop(3082)) - Stopping server on 35268
2019-10-17 21:16:39,272 [IPC Server listener on 35268] INFO  ipc.Server (Server.java:run(1185)) - Stopping IPC Server listener on 35268
2019-10-17 21:16:39,272 [main] INFO  server.StorageContainerManager (StorageContainerManager.java:stop(846)) - Stopping Storage Container Manager HTTP server.
2019-10-17 21:16:39,273 [IPC Server Responder] INFO  ipc.Server (Server.java:run(1319)) - Stopping IPC Server Responder
2019-10-17 21:16:39,274 [main] INFO  handler.ContextHandler (ContextHandler.java:doStop(910)) - Stopped o.e.j.w.WebAppContext@7fb9f71f{/,null,UNAVAILABLE}{/scm}
2019-10-17 21:16:39,275 [main] INFO  server.AbstractConnector (AbstractConnector.java:doStop(318)) - Stopped ServerConnector@407cf41{HTTP/1.1,[http/1.1]}{0.0.0.0:0}
2019-10-17 21:16:39,275 [main] INFO  handler.ContextHandler (ContextHandler.java:doStop(910)) - Stopped o.e.j.s.ServletContextHandler@424ebba3{/static,file:///workdir/hadoop-ozone/integration-test/target/test-classes/webapps/static,UNAVAILABLE}
2019-10-17 21:16:39,276 [main] INFO  handler.ContextHandler (ContextHandler.java:doStop(910)) - Stopped o.e.j.s.ServletContextHandler@a43ce46{/logs,file:///workdir/hadoop-ozone/integration-test/target/log,UNAVAILABLE}
2019-10-17 21:16:39,277 [main] INFO  server.StorageContainerManager (StorageContainerManager.java:stop(857)) - Stopping Block Manager Service.
2019-10-17 21:16:39,277 [main] INFO  utils.BackgroundService (BackgroundService.java:shutdown(151)) - Shutting down service SCMBlockDeletingService
2019-10-17 21:16:39,278 [main] INFO  utils.BackgroundService (BackgroundService.java:shutdown(151)) - Shutting down service SCMBlockDeletingService
2019-10-17 21:16:39,278 [main] INFO  server.StorageContainerManager (StorageContainerManager.java:stop(879)) - Stopping SCM Event Queue.
2019-10-17 21:16:39,286 [main] INFO  impl.MetricsSystemImpl (MetricsSystemImpl.java:stop(210)) - Stopping XceiverClientMetrics metrics system...
2019-10-17 21:16:39,295 [prometheus] INFO  impl.MetricsSinkAdapter (MetricsSinkAdapter.java:publishMetricsFromQueue(141)) - prometheus thread interrupted.
2019-10-17 21:16:39,295 [main] INFO  impl.MetricsSystemImpl (MetricsSystemImpl.java:stop(216)) - XceiverClientMetrics metrics system stopped.
]]></system-out>
    <system-err><![CDATA[ERROR StatusLogger No Log4j 2 configuration file found. Using default configuration (logging only errors to the console), or user programmatically provided configurations. Set system property 'log4j2.debug' to show Log4j 2 internal initialization logging. See https://logging.apache.org/log4j/2.x/manual/configuration.html for instructions on how to configure Log4j 2
Exception in thread "3909bd6a-278d-4911-9d70-32680c972d02@group-62509A8A5C15-LeaderElection455" java.lang.IllegalStateException: ILLEGAL TRANSITION: In 3909bd6a-278d-4911-9d70-32680c972d02@group-62509A8A5C15-LeaderElection455, RUNNING -> CLOSED
	at org.apache.ratis.util.Preconditions.assertTrue(Preconditions.java:63)
	at org.apache.ratis.util.LifeCycle$State.validate(LifeCycle.java:123)
	at org.apache.ratis.util.LifeCycle.transition(LifeCycle.java:143)
	at org.apache.ratis.server.impl.LeaderElection.run(LeaderElection.java:151)
	at java.lang.Thread.run(Thread.java:748)
]]></system-err>
  </testcase>
</testsuite>